{"(1, '0')": {"explain_plan": {"Plan": {"Node Type": "Sort", "Startup Cost": 3388066.29, "Total Cost": 3388066.29, "Plan Rows": 1, "Plan Width": 27, "Sort Key": ["lineitem.l_shipmode"], "Plans": [{"Node Type": "Aggregate", "Strategy": "Hashed", "Parent Relationship": "Outer", "Startup Cost": 3388066.27, "Total Cost": 3388066.28, "Plan Rows": 1, "Plan Width": 27, "Group By Key": ["lineitem.l_shipmode"], "Plans": [{"Node Type": "Hash Join", "Parent Relationship": "Outer", "Join Type": "Inner", "Startup Cost": 613940.4, "Total Cost": 3382911.05, "Plan Rows": 294584, "Plan Width": 27, "Inner Unique": true, "Hash Cond": "(lineitem.l_orderkey = orders.o_orderkey), (LLVM Optimized)", "Plans": [{"Node Type": "Seq Scan", "Parent Relationship": "Outer", "Relation Name": "lineitem", "Alias": "lineitem", "Startup Cost": 33.12, "Total Cost": 2764953.24, "Plan Rows": 294584, "Plan Width": 19, "Filter": "((l_shipmode = ANY ('{RAIL,FOB}'::bpchar[])) AND (l_commitdate < l_receiptdate) AND (l_shipdate < l_commitdate) AND (l_receiptdate >= '1997-01-01 00:00:00'::timestamp(0) without time zone) AND (l_receiptdate < '1998-01-01 00:00:00'::timestamp without time zone)), (LLVM Optimized)"}, {"Node Type": "Hash", "Parent Relationship": "Inner", "Startup Cost": 426413.79, "Total Cost": 426413.79, "Plan Rows": 14999479, "Plan Width": 24, "Plans": [{"Node Type": "Seq Scan", "Parent Relationship": "Outer", "Relation Name": "orders", "Alias": "orders", "Startup Cost": 0.0, "Total Cost": 426413.79, "Plan Rows": 14999479, "Plan Width": 24}]}]}]}]}, "Unique SQL Id": 2036526415, "Planner Runtime": 1}, "explain_analyze_plan": {"Plan": {"Node Type": "Sort", "Startup Cost": 3388066.29, "Total Cost": 3388066.29, "Plan Rows": 1, "Plan Width": 27, "Actual Startup Time": 36475.758, "Actual Total Time": 36475.758, "Actual Rows": 2, "Actual Loops": 1, "Sort Key": ["lineitem.l_shipmode"], "Sort Method": "quicksort", "Sort Space Used": 25, "Sort Space Type": "Memory", "Plans": [{"Node Type": "Aggregate", "Strategy": "Hashed", "Parent Relationship": "Outer", "Startup Cost": 3388066.27, "Total Cost": 3388066.28, "Plan Rows": 1, "Plan Width": 27, "Actual Startup Time": 36475.716, "Actual Total Time": 36475.717, "Actual Rows": 2, "Actual Loops": 1, "Group By Key": ["lineitem.l_shipmode"], "Plans": [{"Node Type": "Hash Join", "Parent Relationship": "Outer", "Join Type": "Inner", "Startup Cost": 613940.4, "Total Cost": 3382911.05, "Plan Rows": 294584, "Plan Width": 27, "Actual Startup Time": 11018.489, "Actual Total Time": 36156.406, "Actual Rows": 311248, "Actual Loops": 1, "Inner Unique": true, "Hash Cond": "(lineitem.l_orderkey = orders.o_orderkey), (LLVM Optimized, Jit Execute)", "Plans": [{"Node Type": "Seq Scan", "Parent Relationship": "Outer", "Relation Name": "lineitem", "Alias": "lineitem", "Startup Cost": 33.12, "Total Cost": 2764953.24, "Plan Rows": 294584, "Plan Width": 19, "Actual Startup Time": 0.356, "Actual Total Time": 24778.892, "Actual Rows": 311248, "Actual Loops": 1, "Filter": "((l_shipmode = ANY ('{RAIL,FOB}'::bpchar[])) AND (l_commitdate < l_receiptdate) AND (l_shipdate < l_commitdate) AND (l_receiptdate >= '1997-01-01 00:00:00'::timestamp(0) without time zone) AND (l_receiptdate < '1998-01-01 00:00:00'::timestamp without time zone)), (LLVM Optimized, Jit Execute)", "Rows Removed by Filter": 59674804}, {"Node Type": "Hash", "Parent Relationship": "Inner", "Startup Cost": 426413.79, "Total Cost": 426413.79, "Plan Rows": 14999479, "Plan Width": 24, "Actual Startup Time": 11008.206, "Actual Total Time": 11008.206, "Actual Rows": 15000000, "Actual Loops": 1, "Hash Buckets": 16777216, "Hash Batches": 1, "Original Hash Batches": 1, "Peak Memory Usage": 820313, "Plans": [{"Node Type": "Seq Scan", "Parent Relationship": "Outer", "Relation Name": "orders", "Alias": "orders", "Startup Cost": 0.0, "Total Cost": 426413.79, "Plan Rows": 14999479, "Plan Width": 24, "Actual Startup Time": 0.019, "Actual Total Time": 5315.86, "Actual Rows": 15000000, "Actual Loops": 1}]}]}]}]}, "Triggers": [], "Planner Runtime": 0.622, "Total Runtime": 36486.839, "Unique SQL Id": 2036526415}}, "(1, '1')": {"explain_plan": {"Plan": {"Node Type": "Sort", "Startup Cost": 4767238.6, "Total Cost": 4767238.6, "Plan Rows": 1, "Plan Width": 27, "Sort Key": ["lineitem.l_shipmode"], "Plans": [{"Node Type": "Aggregate", "Strategy": "Hashed", "Parent Relationship": "Outer", "Startup Cost": 4767238.58, "Total Cost": 4767238.59, "Plan Rows": 1, "Plan Width": 27, "Group By Key": ["lineitem.l_shipmode"], "Plans": [{"Node Type": "Merge Join", "Parent Relationship": "Outer", "Join Type": "Inner", "Startup Cost": 28.23, "Total Cost": 4762083.36, "Plan Rows": 294584, "Plan Width": 27, "Inner Unique": false, "Merge Cond": "(orders.o_orderkey = lineitem.l_orderkey)", "Plans": [{"Node Type": "Index Scan", "Parent Relationship": "Outer", "Scan Direction": "Forward", "Index Name": "orders_pkey", "Relation Name": "orders", "Alias": "orders", "Startup Cost": 0.0, "Total Cost": 730978.44, "Plan Rows": 14999479, "Plan Width": 24}, {"Node Type": "Index Scan", "Parent Relationship": "Inner", "Scan Direction": "Forward", "Index Name": "idx_lineitem_orderkey", "Relation Name": "lineitem", "Alias": "lineitem", "Startup Cost": 0.0, "Total Cost": 3989991.66, "Plan Rows": 294584, "Plan Width": 19, "Filter": "((l_shipmode = ANY ('{RAIL,FOB}'::bpchar[])) AND (l_commitdate < l_receiptdate) AND (l_shipdate < l_commitdate) AND (l_receiptdate >= '1997-01-01 00:00:00'::timestamp(0) without time zone) AND (l_receiptdate < '1998-01-01 00:00:00'::timestamp without time zone)), (LLVM Optimized)"}]}]}]}, "Unique SQL Id": 2036526415, "Planner Runtime": 0}, "explain_analyze_plan": {"Plan": {"Node Type": "Sort", "Startup Cost": 4767238.6, "Total Cost": 4767238.6, "Plan Rows": 1, "Plan Width": 27, "Actual Startup Time": 55913.772, "Actual Total Time": 55913.772, "Actual Rows": 2, "Actual Loops": 1, "Sort Key": ["lineitem.l_shipmode"], "Sort Method": "quicksort", "Sort Space Used": 25, "Sort Space Type": "Memory", "Plans": [{"Node Type": "Aggregate", "Strategy": "Hashed", "Parent Relationship": "Outer", "Startup Cost": 4767238.58, "Total Cost": 4767238.59, "Plan Rows": 1, "Plan Width": 27, "Actual Startup Time": 55913.71, "Actual Total Time": 55913.711, "Actual Rows": 2, "Actual Loops": 1, "Group By Key": ["lineitem.l_shipmode"], "Plans": [{"Node Type": "Merge Join", "Parent Relationship": "Outer", "Join Type": "Inner", "Startup Cost": 28.23, "Total Cost": 4762083.36, "Plan Rows": 294584, "Plan Width": 27, "Actual Startup Time": 0.58, "Actual Total Time": 55584.795, "Actual Rows": 311248, "Actual Loops": 1, "Inner Unique": false, "Merge Cond": "(orders.o_orderkey = lineitem.l_orderkey)", "Plans": [{"Node Type": "Index Scan", "Parent Relationship": "Outer", "Scan Direction": "Forward", "Index Name": "orders_pkey", "Relation Name": "orders", "Alias": "orders", "Startup Cost": 0.0, "Total Cost": 730978.44, "Plan Rows": 14999479, "Plan Width": 24, "Actual Startup Time": 0.03, "Actual Total Time": 8483.727, "Actual Rows": 14999914, "Actual Loops": 1}, {"Node Type": "Index Scan", "Parent Relationship": "Inner", "Scan Direction": "Forward", "Index Name": "idx_lineitem_orderkey", "Relation Name": "lineitem", "Alias": "lineitem", "Startup Cost": 0.0, "Total Cost": 3989991.66, "Plan Rows": 294584, "Plan Width": 19, "Actual Startup Time": 0.465, "Actual Total Time": 44676.557, "Actual Rows": 311248, "Actual Loops": 1, "Filter": "((l_shipmode = ANY ('{RAIL,FOB}'::bpchar[])) AND (l_commitdate < l_receiptdate) AND (l_shipdate < l_commitdate) AND (l_receiptdate >= '1997-01-01 00:00:00'::timestamp(0) without time zone) AND (l_receiptdate < '1998-01-01 00:00:00'::timestamp without time zone)), (LLVM Optimized, Jit Execute)", "Rows Removed by Filter": 59674804}]}]}]}, "Triggers": [], "Planner Runtime": 0.615, "Total Runtime": 55924.816, "Unique SQL Id": 2036526415}}, "(1, '2')": {"explain_plan": {"Plan": {"Node Type": "Sort", "Startup Cost": 3388066.29, "Total Cost": 3388066.29, "Plan Rows": 1, "Plan Width": 27, "Sort Key": ["lineitem.l_shipmode"], "Plans": [{"Node Type": "Aggregate", "Strategy": "Hashed", "Parent Relationship": "Outer", "Startup Cost": 3388066.27, "Total Cost": 3388066.28, "Plan Rows": 1, "Plan Width": 27, "Group By Key": ["lineitem.l_shipmode"], "Plans": [{"Node Type": "Hash Join", "Parent Relationship": "Outer", "Join Type": "Inner", "Startup Cost": 613940.4, "Total Cost": 3382911.05, "Plan Rows": 294584, "Plan Width": 27, "Inner Unique": true, "Hash Cond": "(lineitem.l_orderkey = orders.o_orderkey), (LLVM Optimized)", "Plans": [{"Node Type": "Seq Scan", "Parent Relationship": "Outer", "Relation Name": "lineitem", "Alias": "lineitem", "Startup Cost": 33.12, "Total Cost": 2764953.24, "Plan Rows": 294584, "Plan Width": 19, "Filter": "((l_shipmode = ANY ('{RAIL,FOB}'::bpchar[])) AND (l_commitdate < l_receiptdate) AND (l_shipdate < l_commitdate) AND (l_receiptdate >= '1997-01-01 00:00:00'::timestamp(0) without time zone) AND (l_receiptdate < '1998-01-01 00:00:00'::timestamp without time zone)), (LLVM Optimized)"}, {"Node Type": "Hash", "Parent Relationship": "Inner", "Startup Cost": 426413.79, "Total Cost": 426413.79, "Plan Rows": 14999479, "Plan Width": 24, "Plans": [{"Node Type": "Seq Scan", "Parent Relationship": "Outer", "Relation Name": "orders", "Alias": "orders", "Startup Cost": 0.0, "Total Cost": 426413.79, "Plan Rows": 14999479, "Plan Width": 24}]}]}]}]}, "Unique SQL Id": 2036526415, "Planner Runtime": 0}, "explain_analyze_plan": {"Plan": {"Node Type": "Sort", "Startup Cost": 3388066.29, "Total Cost": 3388066.29, "Plan Rows": 1, "Plan Width": 27, "Actual Startup Time": 36475.758, "Actual Total Time": 36475.758, "Actual Rows": 2, "Actual Loops": 1, "Sort Key": ["lineitem.l_shipmode"], "Sort Method": "quicksort", "Sort Space Used": 25, "Sort Space Type": "Memory", "Plans": [{"Node Type": "Aggregate", "Strategy": "Hashed", "Parent Relationship": "Outer", "Startup Cost": 3388066.27, "Total Cost": 3388066.28, "Plan Rows": 1, "Plan Width": 27, "Actual Startup Time": 36475.716, "Actual Total Time": 36475.717, "Actual Rows": 2, "Actual Loops": 1, "Group By Key": ["lineitem.l_shipmode"], "Plans": [{"Node Type": "Hash Join", "Parent Relationship": "Outer", "Join Type": "Inner", "Startup Cost": 613940.4, "Total Cost": 3382911.05, "Plan Rows": 294584, "Plan Width": 27, "Actual Startup Time": 11018.489, "Actual Total Time": 36156.406, "Actual Rows": 311248, "Actual Loops": 1, "Inner Unique": true, "Hash Cond": "(lineitem.l_orderkey = orders.o_orderkey), (LLVM Optimized, Jit Execute)", "Plans": [{"Node Type": "Seq Scan", "Parent Relationship": "Outer", "Relation Name": "lineitem", "Alias": "lineitem", "Startup Cost": 33.12, "Total Cost": 2764953.24, "Plan Rows": 294584, "Plan Width": 19, "Actual Startup Time": 0.356, "Actual Total Time": 24778.892, "Actual Rows": 311248, "Actual Loops": 1, "Filter": "((l_shipmode = ANY ('{RAIL,FOB}'::bpchar[])) AND (l_commitdate < l_receiptdate) AND (l_shipdate < l_commitdate) AND (l_receiptdate >= '1997-01-01 00:00:00'::timestamp(0) without time zone) AND (l_receiptdate < '1998-01-01 00:00:00'::timestamp without time zone)), (LLVM Optimized, Jit Execute)", "Rows Removed by Filter": 59674804}, {"Node Type": "Hash", "Parent Relationship": "Inner", "Startup Cost": 426413.79, "Total Cost": 426413.79, "Plan Rows": 14999479, "Plan Width": 24, "Actual Startup Time": 11008.206, "Actual Total Time": 11008.206, "Actual Rows": 15000000, "Actual Loops": 1, "Hash Buckets": 16777216, "Hash Batches": 1, "Original Hash Batches": 1, "Peak Memory Usage": 820313, "Plans": [{"Node Type": "Seq Scan", "Parent Relationship": "Outer", "Relation Name": "orders", "Alias": "orders", "Startup Cost": 0.0, "Total Cost": 426413.79, "Plan Rows": 14999479, "Plan Width": 24, "Actual Startup Time": 0.019, "Actual Total Time": 5315.86, "Actual Rows": 15000000, "Actual Loops": 1}]}]}]}]}, "Triggers": [], "Planner Runtime": 0.622, "Total Runtime": 36486.839, "Unique SQL Id": 2036526415}}, "(1, '3')": {"explain_plan": {"Plan": {"Node Type": "Sort", "Startup Cost": 1000142316976.76, "Total Cost": 1000142316976.76, "Plan Rows": 1, "Plan Width": 27, "Sort Key": ["lineitem.l_shipmode"], "Plans": [{"Node Type": "Aggregate", "Strategy": "Hashed", "Parent Relationship": "Outer", "Startup Cost": 1000142316976.74, "Total Cost": 1000142316976.75, "Plan Rows": 1, "Plan Width": 27, "Group By Key": ["lineitem.l_shipmode"], "Plans": [{"Node Type": "Nested Loop", "Parent Relationship": "Outer", "Join Type": "Inner", "Startup Cost": 10000000000.38, "Total Cost": 1000142311821.52, "Plan Rows": 294584, "Plan Width": 27, "Inner Unique": false, "Plans": [{"Node Type": "Index Scan", "Parent Relationship": "Outer", "Scan Direction": "Forward", "Index Name": "orders_pkey", "Relation Name": "orders", "Alias": "orders", "Startup Cost": 10000000000.0, "Total Cost": 1000073097843.5, "Plan Rows": 14999479, "Plan Width": 24}, {"Node Type": "Bitmap Heap Scan", "Parent Relationship": "Inner", "Relation Name": "lineitem", "Alias": "lineitem", "Startup Cost": 0.38, "Total Cost": 4.6, "Plan Rows": 1, "Plan Width": 19, "Recheck Cond": "(l_orderkey = orders.o_orderkey)", "Filter": "((l_shipmode = ANY ('{RAIL,FOB}'::bpchar[])) AND (l_commitdate < l_receiptdate) AND (l_shipdate < l_commitdate) AND (l_receiptdate >= '1997-01-01 00:00:00'::timestamp(0) without time zone) AND (l_receiptdate < '1998-01-01 00:00:00'::timestamp without time zone))", "Plans": [{"Node Type": "Bitmap Index Scan", "Parent Relationship": "Outer", "Index Name": "idx_lineitem_orderkey", "Startup Cost": 0.0, "Total Cost": 0.38, "Plan Rows": 9, "Plan Width": 0, "Index Cond": "(l_orderkey = orders.o_orderkey)"}]}]}]}]}, "Unique SQL Id": 2036526415, "Planner Runtime": 0}, "explain_analyze_plan": null}, "(1, '4')": {"explain_plan": {"Plan": {"Node Type": "Sort", "Startup Cost": 3388066.29, "Total Cost": 3388066.29, "Plan Rows": 1, "Plan Width": 27, "Sort Key": ["lineitem.l_shipmode"], "Plans": [{"Node Type": "Aggregate", "Strategy": "Hashed", "Parent Relationship": "Outer", "Startup Cost": 3388066.27, "Total Cost": 3388066.28, "Plan Rows": 1, "Plan Width": 27, "Group By Key": ["lineitem.l_shipmode"], "Plans": [{"Node Type": "Hash Join", "Parent Relationship": "Outer", "Join Type": "Inner", "Startup Cost": 613940.4, "Total Cost": 3382911.05, "Plan Rows": 294584, "Plan Width": 27, "Inner Unique": true, "Hash Cond": "(lineitem.l_orderkey = orders.o_orderkey), (LLVM Optimized)", "Plans": [{"Node Type": "Seq Scan", "Parent Relationship": "Outer", "Relation Name": "lineitem", "Alias": "lineitem", "Startup Cost": 33.12, "Total Cost": 2764953.24, "Plan Rows": 294584, "Plan Width": 19, "Filter": "((l_shipmode = ANY ('{RAIL,FOB}'::bpchar[])) AND (l_commitdate < l_receiptdate) AND (l_shipdate < l_commitdate) AND (l_receiptdate >= '1997-01-01 00:00:00'::timestamp(0) without time zone) AND (l_receiptdate < '1998-01-01 00:00:00'::timestamp without time zone)), (LLVM Optimized)"}, {"Node Type": "Hash", "Parent Relationship": "Inner", "Startup Cost": 426413.79, "Total Cost": 426413.79, "Plan Rows": 14999479, "Plan Width": 24, "Plans": [{"Node Type": "Seq Scan", "Parent Relationship": "Outer", "Relation Name": "orders", "Alias": "orders", "Startup Cost": 0.0, "Total Cost": 426413.79, "Plan Rows": 14999479, "Plan Width": 24}]}]}]}]}, "Unique SQL Id": 2036526415, "Planner Runtime": 1}, "explain_analyze_plan": {"Plan": {"Node Type": "Sort", "Startup Cost": 3388066.29, "Total Cost": 3388066.29, "Plan Rows": 1, "Plan Width": 27, "Actual Startup Time": 36475.758, "Actual Total Time": 36475.758, "Actual Rows": 2, "Actual Loops": 1, "Sort Key": ["lineitem.l_shipmode"], "Sort Method": "quicksort", "Sort Space Used": 25, "Sort Space Type": "Memory", "Plans": [{"Node Type": "Aggregate", "Strategy": "Hashed", "Parent Relationship": "Outer", "Startup Cost": 3388066.27, "Total Cost": 3388066.28, "Plan Rows": 1, "Plan Width": 27, "Actual Startup Time": 36475.716, "Actual Total Time": 36475.717, "Actual Rows": 2, "Actual Loops": 1, "Group By Key": ["lineitem.l_shipmode"], "Plans": [{"Node Type": "Hash Join", "Parent Relationship": "Outer", "Join Type": "Inner", "Startup Cost": 613940.4, "Total Cost": 3382911.05, "Plan Rows": 294584, "Plan Width": 27, "Actual Startup Time": 11018.489, "Actual Total Time": 36156.406, "Actual Rows": 311248, "Actual Loops": 1, "Inner Unique": true, "Hash Cond": "(lineitem.l_orderkey = orders.o_orderkey), (LLVM Optimized, Jit Execute)", "Plans": [{"Node Type": "Seq Scan", "Parent Relationship": "Outer", "Relation Name": "lineitem", "Alias": "lineitem", "Startup Cost": 33.12, "Total Cost": 2764953.24, "Plan Rows": 294584, "Plan Width": 19, "Actual Startup Time": 0.356, "Actual Total Time": 24778.892, "Actual Rows": 311248, "Actual Loops": 1, "Filter": "((l_shipmode = ANY ('{RAIL,FOB}'::bpchar[])) AND (l_commitdate < l_receiptdate) AND (l_shipdate < l_commitdate) AND (l_receiptdate >= '1997-01-01 00:00:00'::timestamp(0) without time zone) AND (l_receiptdate < '1998-01-01 00:00:00'::timestamp without time zone)), (LLVM Optimized, Jit Execute)", "Rows Removed by Filter": 59674804}, {"Node Type": "Hash", "Parent Relationship": "Inner", "Startup Cost": 426413.79, "Total Cost": 426413.79, "Plan Rows": 14999479, "Plan Width": 24, "Actual Startup Time": 11008.206, "Actual Total Time": 11008.206, "Actual Rows": 15000000, "Actual Loops": 1, "Hash Buckets": 16777216, "Hash Batches": 1, "Original Hash Batches": 1, "Peak Memory Usage": 820313, "Plans": [{"Node Type": "Seq Scan", "Parent Relationship": "Outer", "Relation Name": "orders", "Alias": "orders", "Startup Cost": 0.0, "Total Cost": 426413.79, "Plan Rows": 14999479, "Plan Width": 24, "Actual Startup Time": 0.019, "Actual Total Time": 5315.86, "Actual Rows": 15000000, "Actual Loops": 1}]}]}]}]}, "Triggers": [], "Planner Runtime": 0.622, "Total Runtime": 36486.839, "Unique SQL Id": 2036526415}}, "(1, '5')": {"explain_plan": {"Plan": {"Node Type": "Sort", "Startup Cost": 4767238.6, "Total Cost": 4767238.6, "Plan Rows": 1, "Plan Width": 27, "Sort Key": ["lineitem.l_shipmode"], "Plans": [{"Node Type": "Aggregate", "Strategy": "Hashed", "Parent Relationship": "Outer", "Startup Cost": 4767238.58, "Total Cost": 4767238.59, "Plan Rows": 1, "Plan Width": 27, "Group By Key": ["lineitem.l_shipmode"], "Plans": [{"Node Type": "Merge Join", "Parent Relationship": "Outer", "Join Type": "Inner", "Startup Cost": 28.23, "Total Cost": 4762083.36, "Plan Rows": 294584, "Plan Width": 27, "Inner Unique": false, "Merge Cond": "(orders.o_orderkey = lineitem.l_orderkey)", "Plans": [{"Node Type": "Index Scan", "Parent Relationship": "Outer", "Scan Direction": "Forward", "Index Name": "orders_pkey", "Relation Name": "orders", "Alias": "orders", "Startup Cost": 0.0, "Total Cost": 730978.44, "Plan Rows": 14999479, "Plan Width": 24}, {"Node Type": "Index Scan", "Parent Relationship": "Inner", "Scan Direction": "Forward", "Index Name": "idx_lineitem_orderkey", "Relation Name": "lineitem", "Alias": "lineitem", "Startup Cost": 0.0, "Total Cost": 3989991.66, "Plan Rows": 294584, "Plan Width": 19, "Filter": "((l_shipmode = ANY ('{RAIL,FOB}'::bpchar[])) AND (l_commitdate < l_receiptdate) AND (l_shipdate < l_commitdate) AND (l_receiptdate >= '1997-01-01 00:00:00'::timestamp(0) without time zone) AND (l_receiptdate < '1998-01-01 00:00:00'::timestamp without time zone)), (LLVM Optimized)"}]}]}]}, "Unique SQL Id": 2036526415, "Planner Runtime": 0}, "explain_analyze_plan": {"Plan": {"Node Type": "Sort", "Startup Cost": 4767238.6, "Total Cost": 4767238.6, "Plan Rows": 1, "Plan Width": 27, "Actual Startup Time": 55913.772, "Actual Total Time": 55913.772, "Actual Rows": 2, "Actual Loops": 1, "Sort Key": ["lineitem.l_shipmode"], "Sort Method": "quicksort", "Sort Space Used": 25, "Sort Space Type": "Memory", "Plans": [{"Node Type": "Aggregate", "Strategy": "Hashed", "Parent Relationship": "Outer", "Startup Cost": 4767238.58, "Total Cost": 4767238.59, "Plan Rows": 1, "Plan Width": 27, "Actual Startup Time": 55913.71, "Actual Total Time": 55913.711, "Actual Rows": 2, "Actual Loops": 1, "Group By Key": ["lineitem.l_shipmode"], "Plans": [{"Node Type": "Merge Join", "Parent Relationship": "Outer", "Join Type": "Inner", "Startup Cost": 28.23, "Total Cost": 4762083.36, "Plan Rows": 294584, "Plan Width": 27, "Actual Startup Time": 0.58, "Actual Total Time": 55584.795, "Actual Rows": 311248, "Actual Loops": 1, "Inner Unique": false, "Merge Cond": "(orders.o_orderkey = lineitem.l_orderkey)", "Plans": [{"Node Type": "Index Scan", "Parent Relationship": "Outer", "Scan Direction": "Forward", "Index Name": "orders_pkey", "Relation Name": "orders", "Alias": "orders", "Startup Cost": 0.0, "Total Cost": 730978.44, "Plan Rows": 14999479, "Plan Width": 24, "Actual Startup Time": 0.03, "Actual Total Time": 8483.727, "Actual Rows": 14999914, "Actual Loops": 1}, {"Node Type": "Index Scan", "Parent Relationship": "Inner", "Scan Direction": "Forward", "Index Name": "idx_lineitem_orderkey", "Relation Name": "lineitem", "Alias": "lineitem", "Startup Cost": 0.0, "Total Cost": 3989991.66, "Plan Rows": 294584, "Plan Width": 19, "Actual Startup Time": 0.465, "Actual Total Time": 44676.557, "Actual Rows": 311248, "Actual Loops": 1, "Filter": "((l_shipmode = ANY ('{RAIL,FOB}'::bpchar[])) AND (l_commitdate < l_receiptdate) AND (l_shipdate < l_commitdate) AND (l_receiptdate >= '1997-01-01 00:00:00'::timestamp(0) without time zone) AND (l_receiptdate < '1998-01-01 00:00:00'::timestamp without time zone)), (LLVM Optimized, Jit Execute)", "Rows Removed by Filter": 59674804}]}]}]}, "Triggers": [], "Planner Runtime": 0.615, "Total Runtime": 55924.816, "Unique SQL Id": 2036526415}}, "(1, '6')": {"explain_plan": {"Plan": {"Node Type": "Sort", "Startup Cost": 3388066.29, "Total Cost": 3388066.29, "Plan Rows": 1, "Plan Width": 27, "Sort Key": ["lineitem.l_shipmode"], "Plans": [{"Node Type": "Aggregate", "Strategy": "Hashed", "Parent Relationship": "Outer", "Startup Cost": 3388066.27, "Total Cost": 3388066.28, "Plan Rows": 1, "Plan Width": 27, "Group By Key": ["lineitem.l_shipmode"], "Plans": [{"Node Type": "Hash Join", "Parent Relationship": "Outer", "Join Type": "Inner", "Startup Cost": 613940.4, "Total Cost": 3382911.05, "Plan Rows": 294584, "Plan Width": 27, "Inner Unique": true, "Hash Cond": "(lineitem.l_orderkey = orders.o_orderkey), (LLVM Optimized)", "Plans": [{"Node Type": "Seq Scan", "Parent Relationship": "Outer", "Relation Name": "lineitem", "Alias": "lineitem", "Startup Cost": 33.12, "Total Cost": 2764953.24, "Plan Rows": 294584, "Plan Width": 19, "Filter": "((l_shipmode = ANY ('{RAIL,FOB}'::bpchar[])) AND (l_commitdate < l_receiptdate) AND (l_shipdate < l_commitdate) AND (l_receiptdate >= '1997-01-01 00:00:00'::timestamp(0) without time zone) AND (l_receiptdate < '1998-01-01 00:00:00'::timestamp without time zone)), (LLVM Optimized)"}, {"Node Type": "Hash", "Parent Relationship": "Inner", "Startup Cost": 426413.79, "Total Cost": 426413.79, "Plan Rows": 14999479, "Plan Width": 24, "Plans": [{"Node Type": "Seq Scan", "Parent Relationship": "Outer", "Relation Name": "orders", "Alias": "orders", "Startup Cost": 0.0, "Total Cost": 426413.79, "Plan Rows": 14999479, "Plan Width": 24}]}]}]}]}, "Unique SQL Id": 2036526415, "Planner Runtime": 0}, "explain_analyze_plan": {"Plan": {"Node Type": "Sort", "Startup Cost": 3388066.29, "Total Cost": 3388066.29, "Plan Rows": 1, "Plan Width": 27, "Actual Startup Time": 36475.758, "Actual Total Time": 36475.758, "Actual Rows": 2, "Actual Loops": 1, "Sort Key": ["lineitem.l_shipmode"], "Sort Method": "quicksort", "Sort Space Used": 25, "Sort Space Type": "Memory", "Plans": [{"Node Type": "Aggregate", "Strategy": "Hashed", "Parent Relationship": "Outer", "Startup Cost": 3388066.27, "Total Cost": 3388066.28, "Plan Rows": 1, "Plan Width": 27, "Actual Startup Time": 36475.716, "Actual Total Time": 36475.717, "Actual Rows": 2, "Actual Loops": 1, "Group By Key": ["lineitem.l_shipmode"], "Plans": [{"Node Type": "Hash Join", "Parent Relationship": "Outer", "Join Type": "Inner", "Startup Cost": 613940.4, "Total Cost": 3382911.05, "Plan Rows": 294584, "Plan Width": 27, "Actual Startup Time": 11018.489, "Actual Total Time": 36156.406, "Actual Rows": 311248, "Actual Loops": 1, "Inner Unique": true, "Hash Cond": "(lineitem.l_orderkey = orders.o_orderkey), (LLVM Optimized, Jit Execute)", "Plans": [{"Node Type": "Seq Scan", "Parent Relationship": "Outer", "Relation Name": "lineitem", "Alias": "lineitem", "Startup Cost": 33.12, "Total Cost": 2764953.24, "Plan Rows": 294584, "Plan Width": 19, "Actual Startup Time": 0.356, "Actual Total Time": 24778.892, "Actual Rows": 311248, "Actual Loops": 1, "Filter": "((l_shipmode = ANY ('{RAIL,FOB}'::bpchar[])) AND (l_commitdate < l_receiptdate) AND (l_shipdate < l_commitdate) AND (l_receiptdate >= '1997-01-01 00:00:00'::timestamp(0) without time zone) AND (l_receiptdate < '1998-01-01 00:00:00'::timestamp without time zone)), (LLVM Optimized, Jit Execute)", "Rows Removed by Filter": 59674804}, {"Node Type": "Hash", "Parent Relationship": "Inner", "Startup Cost": 426413.79, "Total Cost": 426413.79, "Plan Rows": 14999479, "Plan Width": 24, "Actual Startup Time": 11008.206, "Actual Total Time": 11008.206, "Actual Rows": 15000000, "Actual Loops": 1, "Hash Buckets": 16777216, "Hash Batches": 1, "Original Hash Batches": 1, "Peak Memory Usage": 820313, "Plans": [{"Node Type": "Seq Scan", "Parent Relationship": "Outer", "Relation Name": "orders", "Alias": "orders", "Startup Cost": 0.0, "Total Cost": 426413.79, "Plan Rows": 14999479, "Plan Width": 24, "Actual Startup Time": 0.019, "Actual Total Time": 5315.86, "Actual Rows": 15000000, "Actual Loops": 1}]}]}]}]}, "Triggers": [], "Planner Runtime": 0.622, "Total Runtime": 36486.839, "Unique SQL Id": 2036526415}}, "(1, '7')": {"explain_plan": {"Plan": {"Node Type": "Sort", "Startup Cost": 1000142316976.76, "Total Cost": 1000142316976.76, "Plan Rows": 1, "Plan Width": 27, "Sort Key": ["lineitem.l_shipmode"], "Plans": [{"Node Type": "Aggregate", "Strategy": "Hashed", "Parent Relationship": "Outer", "Startup Cost": 1000142316976.74, "Total Cost": 1000142316976.75, "Plan Rows": 1, "Plan Width": 27, "Group By Key": ["lineitem.l_shipmode"], "Plans": [{"Node Type": "Nested Loop", "Parent Relationship": "Outer", "Join Type": "Inner", "Startup Cost": 10000000000.38, "Total Cost": 1000142311821.52, "Plan Rows": 294584, "Plan Width": 27, "Inner Unique": false, "Plans": [{"Node Type": "Index Scan", "Parent Relationship": "Outer", "Scan Direction": "Forward", "Index Name": "orders_pkey", "Relation Name": "orders", "Alias": "orders", "Startup Cost": 10000000000.0, "Total Cost": 1000073097843.5, "Plan Rows": 14999479, "Plan Width": 24}, {"Node Type": "Bitmap Heap Scan", "Parent Relationship": "Inner", "Relation Name": "lineitem", "Alias": "lineitem", "Startup Cost": 0.38, "Total Cost": 4.6, "Plan Rows": 1, "Plan Width": 19, "Recheck Cond": "(l_orderkey = orders.o_orderkey)", "Filter": "((l_shipmode = ANY ('{RAIL,FOB}'::bpchar[])) AND (l_commitdate < l_receiptdate) AND (l_shipdate < l_commitdate) AND (l_receiptdate >= '1997-01-01 00:00:00'::timestamp(0) without time zone) AND (l_receiptdate < '1998-01-01 00:00:00'::timestamp without time zone))", "Plans": [{"Node Type": "Bitmap Index Scan", "Parent Relationship": "Outer", "Index Name": "idx_lineitem_orderkey", "Startup Cost": 0.0, "Total Cost": 0.38, "Plan Rows": 9, "Plan Width": 0, "Index Cond": "(l_orderkey = orders.o_orderkey)"}]}]}]}]}, "Unique SQL Id": 2036526415, "Planner Runtime": 0}, "explain_analyze_plan": null}, "(1, '8')": {"explain_plan": {"Plan": {"Node Type": "Sort", "Startup Cost": 3388066.29, "Total Cost": 3388066.29, "Plan Rows": 1, "Plan Width": 27, "Sort Key": ["lineitem.l_shipmode"], "Plans": [{"Node Type": "Aggregate", "Strategy": "Hashed", "Parent Relationship": "Outer", "Startup Cost": 3388066.27, "Total Cost": 3388066.28, "Plan Rows": 1, "Plan Width": 27, "Group By Key": ["lineitem.l_shipmode"], "Plans": [{"Node Type": "Hash Join", "Parent Relationship": "Outer", "Join Type": "Inner", "Startup Cost": 613940.4, "Total Cost": 3382911.05, "Plan Rows": 294584, "Plan Width": 27, "Inner Unique": true, "Hash Cond": "(lineitem.l_orderkey = orders.o_orderkey), (LLVM Optimized)", "Plans": [{"Node Type": "Seq Scan", "Parent Relationship": "Outer", "Relation Name": "lineitem", "Alias": "lineitem", "Startup Cost": 33.12, "Total Cost": 2764953.24, "Plan Rows": 294584, "Plan Width": 19, "Filter": "((l_shipmode = ANY ('{RAIL,FOB}'::bpchar[])) AND (l_commitdate < l_receiptdate) AND (l_shipdate < l_commitdate) AND (l_receiptdate >= '1997-01-01 00:00:00'::timestamp(0) without time zone) AND (l_receiptdate < '1998-01-01 00:00:00'::timestamp without time zone)), (LLVM Optimized)"}, {"Node Type": "Hash", "Parent Relationship": "Inner", "Startup Cost": 426413.79, "Total Cost": 426413.79, "Plan Rows": 14999479, "Plan Width": 24, "Plans": [{"Node Type": "Seq Scan", "Parent Relationship": "Outer", "Relation Name": "orders", "Alias": "orders", "Startup Cost": 0.0, "Total Cost": 426413.79, "Plan Rows": 14999479, "Plan Width": 24}]}]}]}]}, "Unique SQL Id": 2036526415, "Planner Runtime": 0}, "explain_analyze_plan": {"Plan": {"Node Type": "Sort", "Startup Cost": 3388066.29, "Total Cost": 3388066.29, "Plan Rows": 1, "Plan Width": 27, "Actual Startup Time": 36475.758, "Actual Total Time": 36475.758, "Actual Rows": 2, "Actual Loops": 1, "Sort Key": ["lineitem.l_shipmode"], "Sort Method": "quicksort", "Sort Space Used": 25, "Sort Space Type": "Memory", "Plans": [{"Node Type": "Aggregate", "Strategy": "Hashed", "Parent Relationship": "Outer", "Startup Cost": 3388066.27, "Total Cost": 3388066.28, "Plan Rows": 1, "Plan Width": 27, "Actual Startup Time": 36475.716, "Actual Total Time": 36475.717, "Actual Rows": 2, "Actual Loops": 1, "Group By Key": ["lineitem.l_shipmode"], "Plans": [{"Node Type": "Hash Join", "Parent Relationship": "Outer", "Join Type": "Inner", "Startup Cost": 613940.4, "Total Cost": 3382911.05, "Plan Rows": 294584, "Plan Width": 27, "Actual Startup Time": 11018.489, "Actual Total Time": 36156.406, "Actual Rows": 311248, "Actual Loops": 1, "Inner Unique": true, "Hash Cond": "(lineitem.l_orderkey = orders.o_orderkey), (LLVM Optimized, Jit Execute)", "Plans": [{"Node Type": "Seq Scan", "Parent Relationship": "Outer", "Relation Name": "lineitem", "Alias": "lineitem", "Startup Cost": 33.12, "Total Cost": 2764953.24, "Plan Rows": 294584, "Plan Width": 19, "Actual Startup Time": 0.356, "Actual Total Time": 24778.892, "Actual Rows": 311248, "Actual Loops": 1, "Filter": "((l_shipmode = ANY ('{RAIL,FOB}'::bpchar[])) AND (l_commitdate < l_receiptdate) AND (l_shipdate < l_commitdate) AND (l_receiptdate >= '1997-01-01 00:00:00'::timestamp(0) without time zone) AND (l_receiptdate < '1998-01-01 00:00:00'::timestamp without time zone)), (LLVM Optimized, Jit Execute)", "Rows Removed by Filter": 59674804}, {"Node Type": "Hash", "Parent Relationship": "Inner", "Startup Cost": 426413.79, "Total Cost": 426413.79, "Plan Rows": 14999479, "Plan Width": 24, "Actual Startup Time": 11008.206, "Actual Total Time": 11008.206, "Actual Rows": 15000000, "Actual Loops": 1, "Hash Buckets": 16777216, "Hash Batches": 1, "Original Hash Batches": 1, "Peak Memory Usage": 820313, "Plans": [{"Node Type": "Seq Scan", "Parent Relationship": "Outer", "Relation Name": "orders", "Alias": "orders", "Startup Cost": 0.0, "Total Cost": 426413.79, "Plan Rows": 14999479, "Plan Width": 24, "Actual Startup Time": 0.019, "Actual Total Time": 5315.86, "Actual Rows": 15000000, "Actual Loops": 1}]}]}]}]}, "Triggers": [], "Planner Runtime": 0.622, "Total Runtime": 36486.839, "Unique SQL Id": 2036526415}}, "(1, '9')": {"explain_plan": {"Plan": {"Node Type": "Sort", "Startup Cost": 4767238.6, "Total Cost": 4767238.6, "Plan Rows": 1, "Plan Width": 27, "Sort Key": ["lineitem.l_shipmode"], "Plans": [{"Node Type": "Aggregate", "Strategy": "Hashed", "Parent Relationship": "Outer", "Startup Cost": 4767238.58, "Total Cost": 4767238.59, "Plan Rows": 1, "Plan Width": 27, "Group By Key": ["lineitem.l_shipmode"], "Plans": [{"Node Type": "Merge Join", "Parent Relationship": "Outer", "Join Type": "Inner", "Startup Cost": 28.23, "Total Cost": 4762083.36, "Plan Rows": 294584, "Plan Width": 27, "Inner Unique": false, "Merge Cond": "(orders.o_orderkey = lineitem.l_orderkey)", "Plans": [{"Node Type": "Index Scan", "Parent Relationship": "Outer", "Scan Direction": "Forward", "Index Name": "orders_pkey", "Relation Name": "orders", "Alias": "orders", "Startup Cost": 0.0, "Total Cost": 730978.44, "Plan Rows": 14999479, "Plan Width": 24}, {"Node Type": "Index Scan", "Parent Relationship": "Inner", "Scan Direction": "Forward", "Index Name": "idx_lineitem_orderkey", "Relation Name": "lineitem", "Alias": "lineitem", "Startup Cost": 0.0, "Total Cost": 3989991.66, "Plan Rows": 294584, "Plan Width": 19, "Filter": "((l_shipmode = ANY ('{RAIL,FOB}'::bpchar[])) AND (l_commitdate < l_receiptdate) AND (l_shipdate < l_commitdate) AND (l_receiptdate >= '1997-01-01 00:00:00'::timestamp(0) without time zone) AND (l_receiptdate < '1998-01-01 00:00:00'::timestamp without time zone)), (LLVM Optimized)"}]}]}]}, "Unique SQL Id": 2036526415, "Planner Runtime": 0}, "explain_analyze_plan": {"Plan": {"Node Type": "Sort", "Startup Cost": 4767238.6, "Total Cost": 4767238.6, "Plan Rows": 1, "Plan Width": 27, "Actual Startup Time": 55913.772, "Actual Total Time": 55913.772, "Actual Rows": 2, "Actual Loops": 1, "Sort Key": ["lineitem.l_shipmode"], "Sort Method": "quicksort", "Sort Space Used": 25, "Sort Space Type": "Memory", "Plans": [{"Node Type": "Aggregate", "Strategy": "Hashed", "Parent Relationship": "Outer", "Startup Cost": 4767238.58, "Total Cost": 4767238.59, "Plan Rows": 1, "Plan Width": 27, "Actual Startup Time": 55913.71, "Actual Total Time": 55913.711, "Actual Rows": 2, "Actual Loops": 1, "Group By Key": ["lineitem.l_shipmode"], "Plans": [{"Node Type": "Merge Join", "Parent Relationship": "Outer", "Join Type": "Inner", "Startup Cost": 28.23, "Total Cost": 4762083.36, "Plan Rows": 294584, "Plan Width": 27, "Actual Startup Time": 0.58, "Actual Total Time": 55584.795, "Actual Rows": 311248, "Actual Loops": 1, "Inner Unique": false, "Merge Cond": "(orders.o_orderkey = lineitem.l_orderkey)", "Plans": [{"Node Type": "Index Scan", "Parent Relationship": "Outer", "Scan Direction": "Forward", "Index Name": "orders_pkey", "Relation Name": "orders", "Alias": "orders", "Startup Cost": 0.0, "Total Cost": 730978.44, "Plan Rows": 14999479, "Plan Width": 24, "Actual Startup Time": 0.03, "Actual Total Time": 8483.727, "Actual Rows": 14999914, "Actual Loops": 1}, {"Node Type": "Index Scan", "Parent Relationship": "Inner", "Scan Direction": "Forward", "Index Name": "idx_lineitem_orderkey", "Relation Name": "lineitem", "Alias": "lineitem", "Startup Cost": 0.0, "Total Cost": 3989991.66, "Plan Rows": 294584, "Plan Width": 19, "Actual Startup Time": 0.465, "Actual Total Time": 44676.557, "Actual Rows": 311248, "Actual Loops": 1, "Filter": "((l_shipmode = ANY ('{RAIL,FOB}'::bpchar[])) AND (l_commitdate < l_receiptdate) AND (l_shipdate < l_commitdate) AND (l_receiptdate >= '1997-01-01 00:00:00'::timestamp(0) without time zone) AND (l_receiptdate < '1998-01-01 00:00:00'::timestamp without time zone)), (LLVM Optimized, Jit Execute)", "Rows Removed by Filter": 59674804}]}]}]}, "Triggers": [], "Planner Runtime": 0.615, "Total Runtime": 55924.816, "Unique SQL Id": 2036526415}}, "(1, '10')": {"explain_plan": {"Plan": {"Node Type": "Sort", "Startup Cost": 3388066.29, "Total Cost": 3388066.29, "Plan Rows": 1, "Plan Width": 27, "Sort Key": ["lineitem.l_shipmode"], "Plans": [{"Node Type": "Aggregate", "Strategy": "Hashed", "Parent Relationship": "Outer", "Startup Cost": 3388066.27, "Total Cost": 3388066.28, "Plan Rows": 1, "Plan Width": 27, "Group By Key": ["lineitem.l_shipmode"], "Plans": [{"Node Type": "Hash Join", "Parent Relationship": "Outer", "Join Type": "Inner", "Startup Cost": 613940.4, "Total Cost": 3382911.05, "Plan Rows": 294584, "Plan Width": 27, "Inner Unique": true, "Hash Cond": "(lineitem.l_orderkey = orders.o_orderkey), (LLVM Optimized)", "Plans": [{"Node Type": "Seq Scan", "Parent Relationship": "Outer", "Relation Name": "lineitem", "Alias": "lineitem", "Startup Cost": 33.12, "Total Cost": 2764953.24, "Plan Rows": 294584, "Plan Width": 19, "Filter": "((l_shipmode = ANY ('{RAIL,FOB}'::bpchar[])) AND (l_commitdate < l_receiptdate) AND (l_shipdate < l_commitdate) AND (l_receiptdate >= '1997-01-01 00:00:00'::timestamp(0) without time zone) AND (l_receiptdate < '1998-01-01 00:00:00'::timestamp without time zone)), (LLVM Optimized)"}, {"Node Type": "Hash", "Parent Relationship": "Inner", "Startup Cost": 426413.79, "Total Cost": 426413.79, "Plan Rows": 14999479, "Plan Width": 24, "Plans": [{"Node Type": "Seq Scan", "Parent Relationship": "Outer", "Relation Name": "orders", "Alias": "orders", "Startup Cost": 0.0, "Total Cost": 426413.79, "Plan Rows": 14999479, "Plan Width": 24}]}]}]}]}, "Unique SQL Id": 2036526415, "Planner Runtime": 0}, "explain_analyze_plan": {"Plan": {"Node Type": "Sort", "Startup Cost": 3388066.29, "Total Cost": 3388066.29, "Plan Rows": 1, "Plan Width": 27, "Actual Startup Time": 36475.758, "Actual Total Time": 36475.758, "Actual Rows": 2, "Actual Loops": 1, "Sort Key": ["lineitem.l_shipmode"], "Sort Method": "quicksort", "Sort Space Used": 25, "Sort Space Type": "Memory", "Plans": [{"Node Type": "Aggregate", "Strategy": "Hashed", "Parent Relationship": "Outer", "Startup Cost": 3388066.27, "Total Cost": 3388066.28, "Plan Rows": 1, "Plan Width": 27, "Actual Startup Time": 36475.716, "Actual Total Time": 36475.717, "Actual Rows": 2, "Actual Loops": 1, "Group By Key": ["lineitem.l_shipmode"], "Plans": [{"Node Type": "Hash Join", "Parent Relationship": "Outer", "Join Type": "Inner", "Startup Cost": 613940.4, "Total Cost": 3382911.05, "Plan Rows": 294584, "Plan Width": 27, "Actual Startup Time": 11018.489, "Actual Total Time": 36156.406, "Actual Rows": 311248, "Actual Loops": 1, "Inner Unique": true, "Hash Cond": "(lineitem.l_orderkey = orders.o_orderkey), (LLVM Optimized, Jit Execute)", "Plans": [{"Node Type": "Seq Scan", "Parent Relationship": "Outer", "Relation Name": "lineitem", "Alias": "lineitem", "Startup Cost": 33.12, "Total Cost": 2764953.24, "Plan Rows": 294584, "Plan Width": 19, "Actual Startup Time": 0.356, "Actual Total Time": 24778.892, "Actual Rows": 311248, "Actual Loops": 1, "Filter": "((l_shipmode = ANY ('{RAIL,FOB}'::bpchar[])) AND (l_commitdate < l_receiptdate) AND (l_shipdate < l_commitdate) AND (l_receiptdate >= '1997-01-01 00:00:00'::timestamp(0) without time zone) AND (l_receiptdate < '1998-01-01 00:00:00'::timestamp without time zone)), (LLVM Optimized, Jit Execute)", "Rows Removed by Filter": 59674804}, {"Node Type": "Hash", "Parent Relationship": "Inner", "Startup Cost": 426413.79, "Total Cost": 426413.79, "Plan Rows": 14999479, "Plan Width": 24, "Actual Startup Time": 11008.206, "Actual Total Time": 11008.206, "Actual Rows": 15000000, "Actual Loops": 1, "Hash Buckets": 16777216, "Hash Batches": 1, "Original Hash Batches": 1, "Peak Memory Usage": 820313, "Plans": [{"Node Type": "Seq Scan", "Parent Relationship": "Outer", "Relation Name": "orders", "Alias": "orders", "Startup Cost": 0.0, "Total Cost": 426413.79, "Plan Rows": 14999479, "Plan Width": 24, "Actual Startup Time": 0.019, "Actual Total Time": 5315.86, "Actual Rows": 15000000, "Actual Loops": 1}]}]}]}]}, "Triggers": [], "Planner Runtime": 0.622, "Total Runtime": 36486.839, "Unique SQL Id": 2036526415}}, "(1, '11')": {"explain_plan": {"Plan": {"Node Type": "Sort", "Startup Cost": 2000455333216.63, "Total Cost": 2000455333216.63, "Plan Rows": 1, "Plan Width": 27, "Sort Key": ["lineitem.l_shipmode"], "Plans": [{"Node Type": "Aggregate", "Strategy": "Hashed", "Parent Relationship": "Outer", "Startup Cost": 2000455333216.61, "Total Cost": 2000455333216.62, "Plan Rows": 1, "Plan Width": 27, "Group By Key": ["lineitem.l_shipmode"], "Plans": [{"Node Type": "Merge Join", "Parent Relationship": "Outer", "Join Type": "Inner", "Startup Cost": 20036369949.75, "Total Cost": 2000455328061.39, "Plan Rows": 294584, "Plan Width": 27, "Inner Unique": false, "Merge Cond": "(orders.o_orderkey = lineitem.l_orderkey)", "Plans": [{"Node Type": "Index Scan", "Parent Relationship": "Outer", "Scan Direction": "Forward", "Index Name": "orders_pkey", "Relation Name": "orders", "Alias": "orders", "Startup Cost": 10000000000.0, "Total Cost": 1000073097843.5, "Plan Rows": 14999479, "Plan Width": 24}, {"Node Type": "Index Scan", "Parent Relationship": "Inner", "Scan Direction": "Forward", "Index Name": "idx_lineitem_orderkey", "Relation Name": "lineitem", "Alias": "lineitem", "Startup Cost": 10000000000.0, "Total Cost": 1000398999165.75, "Plan Rows": 294584, "Plan Width": 19, "Filter": "((l_shipmode = ANY ('{RAIL,FOB}'::bpchar[])) AND (l_commitdate < l_receiptdate) AND (l_shipdate < l_commitdate) AND (l_receiptdate >= '1997-01-01 00:00:00'::timestamp(0) without time zone) AND (l_receiptdate < '1998-01-01 00:00:00'::timestamp without time zone)), (LLVM Optimized)"}]}]}]}, "Unique SQL Id": 2036526415, "Planner Runtime": 0}, "explain_analyze_plan": {"Plan": {"Node Type": "Sort", "Startup Cost": 2000455333216.63, "Total Cost": 2000455333216.63, "Plan Rows": 1, "Plan Width": 27, "Actual Startup Time": 54791.142, "Actual Total Time": 54791.143, "Actual Rows": 2, "Actual Loops": 1, "Sort Key": ["lineitem.l_shipmode"], "Sort Method": "quicksort", "Sort Space Used": 25, "Sort Space Type": "Memory", "Plans": [{"Node Type": "Aggregate", "Strategy": "Hashed", "Parent Relationship": "Outer", "Startup Cost": 2000455333216.61, "Total Cost": 2000455333216.62, "Plan Rows": 1, "Plan Width": 27, "Actual Startup Time": 54791.091, "Actual Total Time": 54791.092, "Actual Rows": 2, "Actual Loops": 1, "Group By Key": ["lineitem.l_shipmode"], "Plans": [{"Node Type": "Merge Join", "Parent Relationship": "Outer", "Join Type": "Inner", "Startup Cost": 20036369949.75, "Total Cost": 2000455328061.39, "Plan Rows": 294584, "Plan Width": 27, "Actual Startup Time": 0.583, "Actual Total Time": 54466.802, "Actual Rows": 311248, "Actual Loops": 1, "Inner Unique": false, "Merge Cond": "(orders.o_orderkey = lineitem.l_orderkey)", "Plans": [{"Node Type": "Index Scan", "Parent Relationship": "Outer", "Scan Direction": "Forward", "Index Name": "orders_pkey", "Relation Name": "orders", "Alias": "orders", "Startup Cost": 10000000000.0, "Total Cost": 1000073097843.5, "Plan Rows": 14999479, "Plan Width": 24, "Actual Startup Time": 0.03, "Actual Total Time": 8290.944, "Actual Rows": 14999914, "Actual Loops": 1}, {"Node Type": "Index Scan", "Parent Relationship": "Inner", "Scan Direction": "Forward", "Index Name": "idx_lineitem_orderkey", "Relation Name": "lineitem", "Alias": "lineitem", "Startup Cost": 10000000000.0, "Total Cost": 1000398999165.75, "Plan Rows": 294584, "Plan Width": 19, "Actual Startup Time": 0.463, "Actual Total Time": 43750.26, "Actual Rows": 311248, "Actual Loops": 1, "Filter": "((l_shipmode = ANY ('{RAIL,FOB}'::bpchar[])) AND (l_commitdate < l_receiptdate) AND (l_shipdate < l_commitdate) AND (l_receiptdate >= '1997-01-01 00:00:00'::timestamp(0) without time zone) AND (l_receiptdate < '1998-01-01 00:00:00'::timestamp without time zone)), (LLVM Optimized, Jit Execute)", "Rows Removed by Filter": 59674804}]}]}]}, "Triggers": [], "Planner Runtime": 0.597, "Total Runtime": 54801.949, "Unique SQL Id": 2036526415}}, "(1, '12')": {"explain_plan": {"Plan": {"Node Type": "Sort", "Startup Cost": 3388066.29, "Total Cost": 3388066.29, "Plan Rows": 1, "Plan Width": 27, "Sort Key": ["lineitem.l_shipmode"], "Plans": [{"Node Type": "Aggregate", "Strategy": "Hashed", "Parent Relationship": "Outer", "Startup Cost": 3388066.27, "Total Cost": 3388066.28, "Plan Rows": 1, "Plan Width": 27, "Group By Key": ["lineitem.l_shipmode"], "Plans": [{"Node Type": "Hash Join", "Parent Relationship": "Outer", "Join Type": "Inner", "Startup Cost": 613940.4, "Total Cost": 3382911.05, "Plan Rows": 294584, "Plan Width": 27, "Inner Unique": true, "Hash Cond": "(lineitem.l_orderkey = orders.o_orderkey), (LLVM Optimized)", "Plans": [{"Node Type": "Seq Scan", "Parent Relationship": "Outer", "Relation Name": "lineitem", "Alias": "lineitem", "Startup Cost": 33.12, "Total Cost": 2764953.24, "Plan Rows": 294584, "Plan Width": 19, "Filter": "((l_shipmode = ANY ('{RAIL,FOB}'::bpchar[])) AND (l_commitdate < l_receiptdate) AND (l_shipdate < l_commitdate) AND (l_receiptdate >= '1997-01-01 00:00:00'::timestamp(0) without time zone) AND (l_receiptdate < '1998-01-01 00:00:00'::timestamp without time zone)), (LLVM Optimized)"}, {"Node Type": "Hash", "Parent Relationship": "Inner", "Startup Cost": 426413.79, "Total Cost": 426413.79, "Plan Rows": 14999479, "Plan Width": 24, "Plans": [{"Node Type": "Seq Scan", "Parent Relationship": "Outer", "Relation Name": "orders", "Alias": "orders", "Startup Cost": 0.0, "Total Cost": 426413.79, "Plan Rows": 14999479, "Plan Width": 24}]}]}]}]}, "Unique SQL Id": 2036526415, "Planner Runtime": 1}, "explain_analyze_plan": {"Plan": {"Node Type": "Sort", "Startup Cost": 3388066.29, "Total Cost": 3388066.29, "Plan Rows": 1, "Plan Width": 27, "Actual Startup Time": 36475.758, "Actual Total Time": 36475.758, "Actual Rows": 2, "Actual Loops": 1, "Sort Key": ["lineitem.l_shipmode"], "Sort Method": "quicksort", "Sort Space Used": 25, "Sort Space Type": "Memory", "Plans": [{"Node Type": "Aggregate", "Strategy": "Hashed", "Parent Relationship": "Outer", "Startup Cost": 3388066.27, "Total Cost": 3388066.28, "Plan Rows": 1, "Plan Width": 27, "Actual Startup Time": 36475.716, "Actual Total Time": 36475.717, "Actual Rows": 2, "Actual Loops": 1, "Group By Key": ["lineitem.l_shipmode"], "Plans": [{"Node Type": "Hash Join", "Parent Relationship": "Outer", "Join Type": "Inner", "Startup Cost": 613940.4, "Total Cost": 3382911.05, "Plan Rows": 294584, "Plan Width": 27, "Actual Startup Time": 11018.489, "Actual Total Time": 36156.406, "Actual Rows": 311248, "Actual Loops": 1, "Inner Unique": true, "Hash Cond": "(lineitem.l_orderkey = orders.o_orderkey), (LLVM Optimized, Jit Execute)", "Plans": [{"Node Type": "Seq Scan", "Parent Relationship": "Outer", "Relation Name": "lineitem", "Alias": "lineitem", "Startup Cost": 33.12, "Total Cost": 2764953.24, "Plan Rows": 294584, "Plan Width": 19, "Actual Startup Time": 0.356, "Actual Total Time": 24778.892, "Actual Rows": 311248, "Actual Loops": 1, "Filter": "((l_shipmode = ANY ('{RAIL,FOB}'::bpchar[])) AND (l_commitdate < l_receiptdate) AND (l_shipdate < l_commitdate) AND (l_receiptdate >= '1997-01-01 00:00:00'::timestamp(0) without time zone) AND (l_receiptdate < '1998-01-01 00:00:00'::timestamp without time zone)), (LLVM Optimized, Jit Execute)", "Rows Removed by Filter": 59674804}, {"Node Type": "Hash", "Parent Relationship": "Inner", "Startup Cost": 426413.79, "Total Cost": 426413.79, "Plan Rows": 14999479, "Plan Width": 24, "Actual Startup Time": 11008.206, "Actual Total Time": 11008.206, "Actual Rows": 15000000, "Actual Loops": 1, "Hash Buckets": 16777216, "Hash Batches": 1, "Original Hash Batches": 1, "Peak Memory Usage": 820313, "Plans": [{"Node Type": "Seq Scan", "Parent Relationship": "Outer", "Relation Name": "orders", "Alias": "orders", "Startup Cost": 0.0, "Total Cost": 426413.79, "Plan Rows": 14999479, "Plan Width": 24, "Actual Startup Time": 0.019, "Actual Total Time": 5315.86, "Actual Rows": 15000000, "Actual Loops": 1}]}]}]}]}, "Triggers": [], "Planner Runtime": 0.622, "Total Runtime": 36486.839, "Unique SQL Id": 2036526415}}, "(1, '13')": {"explain_plan": {"Plan": {"Node Type": "Sort", "Startup Cost": 4767238.6, "Total Cost": 4767238.6, "Plan Rows": 1, "Plan Width": 27, "Sort Key": ["lineitem.l_shipmode"], "Plans": [{"Node Type": "Aggregate", "Strategy": "Hashed", "Parent Relationship": "Outer", "Startup Cost": 4767238.58, "Total Cost": 4767238.59, "Plan Rows": 1, "Plan Width": 27, "Group By Key": ["lineitem.l_shipmode"], "Plans": [{"Node Type": "Merge Join", "Parent Relationship": "Outer", "Join Type": "Inner", "Startup Cost": 28.23, "Total Cost": 4762083.36, "Plan Rows": 294584, "Plan Width": 27, "Inner Unique": false, "Merge Cond": "(orders.o_orderkey = lineitem.l_orderkey)", "Plans": [{"Node Type": "Index Scan", "Parent Relationship": "Outer", "Scan Direction": "Forward", "Index Name": "orders_pkey", "Relation Name": "orders", "Alias": "orders", "Startup Cost": 0.0, "Total Cost": 730978.44, "Plan Rows": 14999479, "Plan Width": 24}, {"Node Type": "Index Scan", "Parent Relationship": "Inner", "Scan Direction": "Forward", "Index Name": "idx_lineitem_orderkey", "Relation Name": "lineitem", "Alias": "lineitem", "Startup Cost": 0.0, "Total Cost": 3989991.66, "Plan Rows": 294584, "Plan Width": 19, "Filter": "((l_shipmode = ANY ('{RAIL,FOB}'::bpchar[])) AND (l_commitdate < l_receiptdate) AND (l_shipdate < l_commitdate) AND (l_receiptdate >= '1997-01-01 00:00:00'::timestamp(0) without time zone) AND (l_receiptdate < '1998-01-01 00:00:00'::timestamp without time zone)), (LLVM Optimized)"}]}]}]}, "Unique SQL Id": 2036526415, "Planner Runtime": 0}, "explain_analyze_plan": {"Plan": {"Node Type": "Sort", "Startup Cost": 4767238.6, "Total Cost": 4767238.6, "Plan Rows": 1, "Plan Width": 27, "Actual Startup Time": 55913.772, "Actual Total Time": 55913.772, "Actual Rows": 2, "Actual Loops": 1, "Sort Key": ["lineitem.l_shipmode"], "Sort Method": "quicksort", "Sort Space Used": 25, "Sort Space Type": "Memory", "Plans": [{"Node Type": "Aggregate", "Strategy": "Hashed", "Parent Relationship": "Outer", "Startup Cost": 4767238.58, "Total Cost": 4767238.59, "Plan Rows": 1, "Plan Width": 27, "Actual Startup Time": 55913.71, "Actual Total Time": 55913.711, "Actual Rows": 2, "Actual Loops": 1, "Group By Key": ["lineitem.l_shipmode"], "Plans": [{"Node Type": "Merge Join", "Parent Relationship": "Outer", "Join Type": "Inner", "Startup Cost": 28.23, "Total Cost": 4762083.36, "Plan Rows": 294584, "Plan Width": 27, "Actual Startup Time": 0.58, "Actual Total Time": 55584.795, "Actual Rows": 311248, "Actual Loops": 1, "Inner Unique": false, "Merge Cond": "(orders.o_orderkey = lineitem.l_orderkey)", "Plans": [{"Node Type": "Index Scan", "Parent Relationship": "Outer", "Scan Direction": "Forward", "Index Name": "orders_pkey", "Relation Name": "orders", "Alias": "orders", "Startup Cost": 0.0, "Total Cost": 730978.44, "Plan Rows": 14999479, "Plan Width": 24, "Actual Startup Time": 0.03, "Actual Total Time": 8483.727, "Actual Rows": 14999914, "Actual Loops": 1}, {"Node Type": "Index Scan", "Parent Relationship": "Inner", "Scan Direction": "Forward", "Index Name": "idx_lineitem_orderkey", "Relation Name": "lineitem", "Alias": "lineitem", "Startup Cost": 0.0, "Total Cost": 3989991.66, "Plan Rows": 294584, "Plan Width": 19, "Actual Startup Time": 0.465, "Actual Total Time": 44676.557, "Actual Rows": 311248, "Actual Loops": 1, "Filter": "((l_shipmode = ANY ('{RAIL,FOB}'::bpchar[])) AND (l_commitdate < l_receiptdate) AND (l_shipdate < l_commitdate) AND (l_receiptdate >= '1997-01-01 00:00:00'::timestamp(0) without time zone) AND (l_receiptdate < '1998-01-01 00:00:00'::timestamp without time zone)), (LLVM Optimized, Jit Execute)", "Rows Removed by Filter": 59674804}]}]}]}, "Triggers": [], "Planner Runtime": 0.615, "Total Runtime": 55924.816, "Unique SQL Id": 2036526415}}, "(1, '14')": {"explain_plan": {"Plan": {"Node Type": "Sort", "Startup Cost": 3388066.29, "Total Cost": 3388066.29, "Plan Rows": 1, "Plan Width": 27, "Sort Key": ["lineitem.l_shipmode"], "Plans": [{"Node Type": "Aggregate", "Strategy": "Hashed", "Parent Relationship": "Outer", "Startup Cost": 3388066.27, "Total Cost": 3388066.28, "Plan Rows": 1, "Plan Width": 27, "Group By Key": ["lineitem.l_shipmode"], "Plans": [{"Node Type": "Hash Join", "Parent Relationship": "Outer", "Join Type": "Inner", "Startup Cost": 613940.4, "Total Cost": 3382911.05, "Plan Rows": 294584, "Plan Width": 27, "Inner Unique": true, "Hash Cond": "(lineitem.l_orderkey = orders.o_orderkey), (LLVM Optimized)", "Plans": [{"Node Type": "Seq Scan", "Parent Relationship": "Outer", "Relation Name": "lineitem", "Alias": "lineitem", "Startup Cost": 33.12, "Total Cost": 2764953.24, "Plan Rows": 294584, "Plan Width": 19, "Filter": "((l_shipmode = ANY ('{RAIL,FOB}'::bpchar[])) AND (l_commitdate < l_receiptdate) AND (l_shipdate < l_commitdate) AND (l_receiptdate >= '1997-01-01 00:00:00'::timestamp(0) without time zone) AND (l_receiptdate < '1998-01-01 00:00:00'::timestamp without time zone)), (LLVM Optimized)"}, {"Node Type": "Hash", "Parent Relationship": "Inner", "Startup Cost": 426413.79, "Total Cost": 426413.79, "Plan Rows": 14999479, "Plan Width": 24, "Plans": [{"Node Type": "Seq Scan", "Parent Relationship": "Outer", "Relation Name": "orders", "Alias": "orders", "Startup Cost": 0.0, "Total Cost": 426413.79, "Plan Rows": 14999479, "Plan Width": 24}]}]}]}]}, "Unique SQL Id": 2036526415, "Planner Runtime": 0}, "explain_analyze_plan": {"Plan": {"Node Type": "Sort", "Startup Cost": 3388066.29, "Total Cost": 3388066.29, "Plan Rows": 1, "Plan Width": 27, "Actual Startup Time": 36475.758, "Actual Total Time": 36475.758, "Actual Rows": 2, "Actual Loops": 1, "Sort Key": ["lineitem.l_shipmode"], "Sort Method": "quicksort", "Sort Space Used": 25, "Sort Space Type": "Memory", "Plans": [{"Node Type": "Aggregate", "Strategy": "Hashed", "Parent Relationship": "Outer", "Startup Cost": 3388066.27, "Total Cost": 3388066.28, "Plan Rows": 1, "Plan Width": 27, "Actual Startup Time": 36475.716, "Actual Total Time": 36475.717, "Actual Rows": 2, "Actual Loops": 1, "Group By Key": ["lineitem.l_shipmode"], "Plans": [{"Node Type": "Hash Join", "Parent Relationship": "Outer", "Join Type": "Inner", "Startup Cost": 613940.4, "Total Cost": 3382911.05, "Plan Rows": 294584, "Plan Width": 27, "Actual Startup Time": 11018.489, "Actual Total Time": 36156.406, "Actual Rows": 311248, "Actual Loops": 1, "Inner Unique": true, "Hash Cond": "(lineitem.l_orderkey = orders.o_orderkey), (LLVM Optimized, Jit Execute)", "Plans": [{"Node Type": "Seq Scan", "Parent Relationship": "Outer", "Relation Name": "lineitem", "Alias": "lineitem", "Startup Cost": 33.12, "Total Cost": 2764953.24, "Plan Rows": 294584, "Plan Width": 19, "Actual Startup Time": 0.356, "Actual Total Time": 24778.892, "Actual Rows": 311248, "Actual Loops": 1, "Filter": "((l_shipmode = ANY ('{RAIL,FOB}'::bpchar[])) AND (l_commitdate < l_receiptdate) AND (l_shipdate < l_commitdate) AND (l_receiptdate >= '1997-01-01 00:00:00'::timestamp(0) without time zone) AND (l_receiptdate < '1998-01-01 00:00:00'::timestamp without time zone)), (LLVM Optimized, Jit Execute)", "Rows Removed by Filter": 59674804}, {"Node Type": "Hash", "Parent Relationship": "Inner", "Startup Cost": 426413.79, "Total Cost": 426413.79, "Plan Rows": 14999479, "Plan Width": 24, "Actual Startup Time": 11008.206, "Actual Total Time": 11008.206, "Actual Rows": 15000000, "Actual Loops": 1, "Hash Buckets": 16777216, "Hash Batches": 1, "Original Hash Batches": 1, "Peak Memory Usage": 820313, "Plans": [{"Node Type": "Seq Scan", "Parent Relationship": "Outer", "Relation Name": "orders", "Alias": "orders", "Startup Cost": 0.0, "Total Cost": 426413.79, "Plan Rows": 14999479, "Plan Width": 24, "Actual Startup Time": 0.019, "Actual Total Time": 5315.86, "Actual Rows": 15000000, "Actual Loops": 1}]}]}]}]}, "Triggers": [], "Planner Runtime": 0.622, "Total Runtime": 36486.839, "Unique SQL Id": 2036526415}}, "(1, '15')": {"explain_plan": {"Plan": {"Node Type": "Sort", "Startup Cost": 2000455333216.63, "Total Cost": 2000455333216.63, "Plan Rows": 1, "Plan Width": 27, "Sort Key": ["lineitem.l_shipmode"], "Plans": [{"Node Type": "Aggregate", "Strategy": "Hashed", "Parent Relationship": "Outer", "Startup Cost": 2000455333216.61, "Total Cost": 2000455333216.62, "Plan Rows": 1, "Plan Width": 27, "Group By Key": ["lineitem.l_shipmode"], "Plans": [{"Node Type": "Merge Join", "Parent Relationship": "Outer", "Join Type": "Inner", "Startup Cost": 20036369949.75, "Total Cost": 2000455328061.39, "Plan Rows": 294584, "Plan Width": 27, "Inner Unique": false, "Merge Cond": "(orders.o_orderkey = lineitem.l_orderkey)", "Plans": [{"Node Type": "Index Scan", "Parent Relationship": "Outer", "Scan Direction": "Forward", "Index Name": "orders_pkey", "Relation Name": "orders", "Alias": "orders", "Startup Cost": 10000000000.0, "Total Cost": 1000073097843.5, "Plan Rows": 14999479, "Plan Width": 24}, {"Node Type": "Index Scan", "Parent Relationship": "Inner", "Scan Direction": "Forward", "Index Name": "idx_lineitem_orderkey", "Relation Name": "lineitem", "Alias": "lineitem", "Startup Cost": 10000000000.0, "Total Cost": 1000398999165.75, "Plan Rows": 294584, "Plan Width": 19, "Filter": "((l_shipmode = ANY ('{RAIL,FOB}'::bpchar[])) AND (l_commitdate < l_receiptdate) AND (l_shipdate < l_commitdate) AND (l_receiptdate >= '1997-01-01 00:00:00'::timestamp(0) without time zone) AND (l_receiptdate < '1998-01-01 00:00:00'::timestamp without time zone)), (LLVM Optimized)"}]}]}]}, "Unique SQL Id": 2036526415, "Planner Runtime": 0}, "explain_analyze_plan": {"Plan": {"Node Type": "Sort", "Startup Cost": 2000455333216.63, "Total Cost": 2000455333216.63, "Plan Rows": 1, "Plan Width": 27, "Actual Startup Time": 54791.142, "Actual Total Time": 54791.143, "Actual Rows": 2, "Actual Loops": 1, "Sort Key": ["lineitem.l_shipmode"], "Sort Method": "quicksort", "Sort Space Used": 25, "Sort Space Type": "Memory", "Plans": [{"Node Type": "Aggregate", "Strategy": "Hashed", "Parent Relationship": "Outer", "Startup Cost": 2000455333216.61, "Total Cost": 2000455333216.62, "Plan Rows": 1, "Plan Width": 27, "Actual Startup Time": 54791.091, "Actual Total Time": 54791.092, "Actual Rows": 2, "Actual Loops": 1, "Group By Key": ["lineitem.l_shipmode"], "Plans": [{"Node Type": "Merge Join", "Parent Relationship": "Outer", "Join Type": "Inner", "Startup Cost": 20036369949.75, "Total Cost": 2000455328061.39, "Plan Rows": 294584, "Plan Width": 27, "Actual Startup Time": 0.583, "Actual Total Time": 54466.802, "Actual Rows": 311248, "Actual Loops": 1, "Inner Unique": false, "Merge Cond": "(orders.o_orderkey = lineitem.l_orderkey)", "Plans": [{"Node Type": "Index Scan", "Parent Relationship": "Outer", "Scan Direction": "Forward", "Index Name": "orders_pkey", "Relation Name": "orders", "Alias": "orders", "Startup Cost": 10000000000.0, "Total Cost": 1000073097843.5, "Plan Rows": 14999479, "Plan Width": 24, "Actual Startup Time": 0.03, "Actual Total Time": 8290.944, "Actual Rows": 14999914, "Actual Loops": 1}, {"Node Type": "Index Scan", "Parent Relationship": "Inner", "Scan Direction": "Forward", "Index Name": "idx_lineitem_orderkey", "Relation Name": "lineitem", "Alias": "lineitem", "Startup Cost": 10000000000.0, "Total Cost": 1000398999165.75, "Plan Rows": 294584, "Plan Width": 19, "Actual Startup Time": 0.463, "Actual Total Time": 43750.26, "Actual Rows": 311248, "Actual Loops": 1, "Filter": "((l_shipmode = ANY ('{RAIL,FOB}'::bpchar[])) AND (l_commitdate < l_receiptdate) AND (l_shipdate < l_commitdate) AND (l_receiptdate >= '1997-01-01 00:00:00'::timestamp(0) without time zone) AND (l_receiptdate < '1998-01-01 00:00:00'::timestamp without time zone)), (LLVM Optimized, Jit Execute)", "Rows Removed by Filter": 59674804}]}]}]}, "Triggers": [], "Planner Runtime": 0.597, "Total Runtime": 54801.949, "Unique SQL Id": 2036526415}}, "(1, '16')": {"explain_plan": {"Plan": {"Node Type": "Sort", "Startup Cost": 3569764.83, "Total Cost": 3569764.84, "Plan Rows": 1, "Plan Width": 27, "Sort Key": ["lineitem.l_shipmode"], "Plans": [{"Node Type": "Aggregate", "Strategy": "Hashed", "Parent Relationship": "Outer", "Startup Cost": 3569764.81, "Total Cost": 3569764.82, "Plan Rows": 1, "Plan Width": 27, "Group By Key": ["lineitem.l_shipmode"], "Plans": [{"Node Type": "Merge Join", "Parent Relationship": "Outer", "Join Type": "Inner", "Startup Cost": 2791741.95, "Total Cost": 3564609.59, "Plan Rows": 294584, "Plan Width": 27, "Inner Unique": false, "Merge Cond": "(orders.o_orderkey = lineitem.l_orderkey)", "Plans": [{"Node Type": "Index Scan", "Parent Relationship": "Outer", "Scan Direction": "Forward", "Index Name": "orders_pkey", "Relation Name": "orders", "Alias": "orders", "Startup Cost": 0.0, "Total Cost": 730978.44, "Plan Rows": 14999479, "Plan Width": 24}, {"Node Type": "Sort", "Parent Relationship": "Inner", "Startup Cost": 2791713.72, "Total Cost": 2792450.18, "Plan Rows": 294584, "Plan Width": 19, "Sort Key": ["lineitem.l_orderkey"], "Plans": [{"Node Type": "Seq Scan", "Parent Relationship": "Outer", "Relation Name": "lineitem", "Alias": "lineitem", "Startup Cost": 33.12, "Total Cost": 2764953.24, "Plan Rows": 294584, "Plan Width": 19, "Filter": "((l_shipmode = ANY ('{RAIL,FOB}'::bpchar[])) AND (l_commitdate < l_receiptdate) AND (l_shipdate < l_commitdate) AND (l_receiptdate >= '1997-01-01 00:00:00'::timestamp(0) without time zone) AND (l_receiptdate < '1998-01-01 00:00:00'::timestamp without time zone)), (LLVM Optimized)"}]}]}]}]}, "Unique SQL Id": 2036526415, "Planner Runtime": 0}, "explain_analyze_plan": {"Plan": {"Node Type": "Sort", "Startup Cost": 3569764.83, "Total Cost": 3569764.84, "Plan Rows": 1, "Plan Width": 27, "Actual Startup Time": 34716.198, "Actual Total Time": 34716.198, "Actual Rows": 2, "Actual Loops": 1, "Sort Key": ["lineitem.l_shipmode"], "Sort Method": "quicksort", "Sort Space Used": 25, "Sort Space Type": "Memory", "Plans": [{"Node Type": "Aggregate", "Strategy": "Hashed", "Parent Relationship": "Outer", "Startup Cost": 3569764.81, "Total Cost": 3569764.82, "Plan Rows": 1, "Plan Width": 27, "Actual Startup Time": 34716.158, "Actual Total Time": 34716.159, "Actual Rows": 2, "Actual Loops": 1, "Group By Key": ["lineitem.l_shipmode"], "Plans": [{"Node Type": "Merge Join", "Parent Relationship": "Outer", "Join Type": "Inner", "Startup Cost": 2791741.95, "Total Cost": 3564609.59, "Plan Rows": 294584, "Plan Width": 27, "Actual Startup Time": 24786.783, "Actual Total Time": 34430.91, "Actual Rows": 311248, "Actual Loops": 1, "Inner Unique": false, "Merge Cond": "(orders.o_orderkey = lineitem.l_orderkey)", "Plans": [{"Node Type": "Index Scan", "Parent Relationship": "Outer", "Scan Direction": "Forward", "Index Name": "orders_pkey", "Relation Name": "orders", "Alias": "orders", "Startup Cost": 0.0, "Total Cost": 730978.44, "Plan Rows": 14999479, "Plan Width": 24, "Actual Startup Time": 0.028, "Actual Total Time": 7342.554, "Actual Rows": 14999914, "Actual Loops": 1}, {"Node Type": "Sort", "Parent Relationship": "Inner", "Startup Cost": 2791713.72, "Total Cost": 2792450.18, "Plan Rows": 294584, "Plan Width": 19, "Actual Startup Time": 24786.617, "Actual Total Time": 24820.411, "Actual Rows": 311248, "Actual Loops": 1, "Sort Key": ["lineitem.l_orderkey"], "Sort Method": "quicksort", "Sort Space Used": 41468, "Sort Space Type": "Memory", "Plans": [{"Node Type": "Seq Scan", "Parent Relationship": "Outer", "Relation Name": "lineitem", "Alias": "lineitem", "Startup Cost": 33.12, "Total Cost": 2764953.24, "Plan Rows": 294584, "Plan Width": 19, "Actual Startup Time": 0.357, "Actual Total Time": 24659.708, "Actual Rows": 311248, "Actual Loops": 1, "Filter": "((l_shipmode = ANY ('{RAIL,FOB}'::bpchar[])) AND (l_commitdate < l_receiptdate) AND (l_shipdate < l_commitdate) AND (l_receiptdate >= '1997-01-01 00:00:00'::timestamp(0) without time zone) AND (l_receiptdate < '1998-01-01 00:00:00'::timestamp without time zone)), (LLVM Optimized, Jit Execute)", "Rows Removed by Filter": 59674804}]}]}]}]}, "Triggers": [], "Planner Runtime": 0.591, "Total Runtime": 34726.939, "Unique SQL Id": 2036526415}}, "(1, '17')": {"explain_plan": {"Plan": {"Node Type": "Sort", "Startup Cost": 4767238.6, "Total Cost": 4767238.6, "Plan Rows": 1, "Plan Width": 27, "Sort Key": ["lineitem.l_shipmode"], "Plans": [{"Node Type": "Aggregate", "Strategy": "Hashed", "Parent Relationship": "Outer", "Startup Cost": 4767238.58, "Total Cost": 4767238.59, "Plan Rows": 1, "Plan Width": 27, "Group By Key": ["lineitem.l_shipmode"], "Plans": [{"Node Type": "Merge Join", "Parent Relationship": "Outer", "Join Type": "Inner", "Startup Cost": 28.23, "Total Cost": 4762083.36, "Plan Rows": 294584, "Plan Width": 27, "Inner Unique": false, "Merge Cond": "(orders.o_orderkey = lineitem.l_orderkey)", "Plans": [{"Node Type": "Index Scan", "Parent Relationship": "Outer", "Scan Direction": "Forward", "Index Name": "orders_pkey", "Relation Name": "orders", "Alias": "orders", "Startup Cost": 0.0, "Total Cost": 730978.44, "Plan Rows": 14999479, "Plan Width": 24}, {"Node Type": "Index Scan", "Parent Relationship": "Inner", "Scan Direction": "Forward", "Index Name": "idx_lineitem_orderkey", "Relation Name": "lineitem", "Alias": "lineitem", "Startup Cost": 0.0, "Total Cost": 3989991.66, "Plan Rows": 294584, "Plan Width": 19, "Filter": "((l_shipmode = ANY ('{RAIL,FOB}'::bpchar[])) AND (l_commitdate < l_receiptdate) AND (l_shipdate < l_commitdate) AND (l_receiptdate >= '1997-01-01 00:00:00'::timestamp(0) without time zone) AND (l_receiptdate < '1998-01-01 00:00:00'::timestamp without time zone)), (LLVM Optimized)"}]}]}]}, "Unique SQL Id": 2036526415, "Planner Runtime": 0}, "explain_analyze_plan": {"Plan": {"Node Type": "Sort", "Startup Cost": 4767238.6, "Total Cost": 4767238.6, "Plan Rows": 1, "Plan Width": 27, "Actual Startup Time": 55913.772, "Actual Total Time": 55913.772, "Actual Rows": 2, "Actual Loops": 1, "Sort Key": ["lineitem.l_shipmode"], "Sort Method": "quicksort", "Sort Space Used": 25, "Sort Space Type": "Memory", "Plans": [{"Node Type": "Aggregate", "Strategy": "Hashed", "Parent Relationship": "Outer", "Startup Cost": 4767238.58, "Total Cost": 4767238.59, "Plan Rows": 1, "Plan Width": 27, "Actual Startup Time": 55913.71, "Actual Total Time": 55913.711, "Actual Rows": 2, "Actual Loops": 1, "Group By Key": ["lineitem.l_shipmode"], "Plans": [{"Node Type": "Merge Join", "Parent Relationship": "Outer", "Join Type": "Inner", "Startup Cost": 28.23, "Total Cost": 4762083.36, "Plan Rows": 294584, "Plan Width": 27, "Actual Startup Time": 0.58, "Actual Total Time": 55584.795, "Actual Rows": 311248, "Actual Loops": 1, "Inner Unique": false, "Merge Cond": "(orders.o_orderkey = lineitem.l_orderkey)", "Plans": [{"Node Type": "Index Scan", "Parent Relationship": "Outer", "Scan Direction": "Forward", "Index Name": "orders_pkey", "Relation Name": "orders", "Alias": "orders", "Startup Cost": 0.0, "Total Cost": 730978.44, "Plan Rows": 14999479, "Plan Width": 24, "Actual Startup Time": 0.03, "Actual Total Time": 8483.727, "Actual Rows": 14999914, "Actual Loops": 1}, {"Node Type": "Index Scan", "Parent Relationship": "Inner", "Scan Direction": "Forward", "Index Name": "idx_lineitem_orderkey", "Relation Name": "lineitem", "Alias": "lineitem", "Startup Cost": 0.0, "Total Cost": 3989991.66, "Plan Rows": 294584, "Plan Width": 19, "Actual Startup Time": 0.465, "Actual Total Time": 44676.557, "Actual Rows": 311248, "Actual Loops": 1, "Filter": "((l_shipmode = ANY ('{RAIL,FOB}'::bpchar[])) AND (l_commitdate < l_receiptdate) AND (l_shipdate < l_commitdate) AND (l_receiptdate >= '1997-01-01 00:00:00'::timestamp(0) without time zone) AND (l_receiptdate < '1998-01-01 00:00:00'::timestamp without time zone)), (LLVM Optimized, Jit Execute)", "Rows Removed by Filter": 59674804}]}]}]}, "Triggers": [], "Planner Runtime": 0.615, "Total Runtime": 55924.816, "Unique SQL Id": 2036526415}}, "(1, '18')": {"explain_plan": {"Plan": {"Node Type": "Sort", "Startup Cost": 4260565.65, "Total Cost": 4260565.65, "Plan Rows": 1, "Plan Width": 27, "Sort Key": ["lineitem.l_shipmode"], "Plans": [{"Node Type": "Aggregate", "Strategy": "Hashed", "Parent Relationship": "Outer", "Startup Cost": 4260565.63, "Total Cost": 4260565.64, "Plan Rows": 1, "Plan Width": 27, "Group By Key": ["lineitem.l_shipmode"], "Plans": [{"Node Type": "Nested Loop", "Parent Relationship": "Outer", "Join Type": "Inner", "Startup Cost": 34.16, "Total Cost": 4255410.41, "Plan Rows": 294584, "Plan Width": 27, "Inner Unique": true, "Plans": [{"Node Type": "Seq Scan", "Parent Relationship": "Outer", "Relation Name": "lineitem", "Alias": "lineitem", "Startup Cost": 33.12, "Total Cost": 2764953.24, "Plan Rows": 294584, "Plan Width": 19, "Filter": "((l_shipmode = ANY ('{RAIL,FOB}'::bpchar[])) AND (l_commitdate < l_receiptdate) AND (l_shipdate < l_commitdate) AND (l_receiptdate >= '1997-01-01 00:00:00'::timestamp(0) without time zone) AND (l_receiptdate < '1998-01-01 00:00:00'::timestamp without time zone)), (LLVM Optimized)"}, {"Node Type": "Bitmap Heap Scan", "Parent Relationship": "Inner", "Relation Name": "orders", "Alias": "orders", "Startup Cost": 1.04, "Total Cost": 5.05, "Plan Rows": 1, "Plan Width": 24, "Recheck Cond": "(o_orderkey = lineitem.l_orderkey)", "Plans": [{"Node Type": "Bitmap Index Scan", "Parent Relationship": "Outer", "Index Name": "orders_pkey", "Startup Cost": 0.0, "Total Cost": 1.04, "Plan Rows": 1, "Plan Width": 0, "Index Cond": "(o_orderkey = lineitem.l_orderkey)"}]}]}]}]}, "Unique SQL Id": 2036526415, "Planner Runtime": 0}, "explain_analyze_plan": {"Plan": {"Node Type": "Sort", "Startup Cost": 4260565.65, "Total Cost": 4260565.65, "Plan Rows": 1, "Plan Width": 27, "Actual Startup Time": 27725.738, "Actual Total Time": 27725.739, "Actual Rows": 2, "Actual Loops": 1, "Sort Key": ["lineitem.l_shipmode"], "Sort Method": "quicksort", "Sort Space Used": 25, "Sort Space Type": "Memory", "Plans": [{"Node Type": "Aggregate", "Strategy": "Hashed", "Parent Relationship": "Outer", "Startup Cost": 4260565.63, "Total Cost": 4260565.64, "Plan Rows": 1, "Plan Width": 27, "Actual Startup Time": 27725.683, "Actual Total Time": 27725.684, "Actual Rows": 2, "Actual Loops": 1, "Group By Key": ["lineitem.l_shipmode"], "Plans": [{"Node Type": "Nested Loop", "Parent Relationship": "Outer", "Join Type": "Inner", "Startup Cost": 34.16, "Total Cost": 4255410.41, "Plan Rows": 294584, "Plan Width": 27, "Actual Startup Time": 0.393, "Actual Total Time": 27347.865, "Actual Rows": 311248, "Actual Loops": 1, "Inner Unique": true, "Plans": [{"Node Type": "Seq Scan", "Parent Relationship": "Outer", "Relation Name": "lineitem", "Alias": "lineitem", "Startup Cost": 33.12, "Total Cost": 2764953.24, "Plan Rows": 294584, "Plan Width": 19, "Actual Startup Time": 0.36, "Actual Total Time": 25010.261, "Actual Rows": 311248, "Actual Loops": 1, "Filter": "((l_shipmode = ANY ('{RAIL,FOB}'::bpchar[])) AND (l_commitdate < l_receiptdate) AND (l_shipdate < l_commitdate) AND (l_receiptdate >= '1997-01-01 00:00:00'::timestamp(0) without time zone) AND (l_receiptdate < '1998-01-01 00:00:00'::timestamp without time zone)), (LLVM Optimized, Jit Execute)", "Rows Removed by Filter": 59674804}, {"Node Type": "Bitmap Heap Scan", "Parent Relationship": "Inner", "Relation Name": "orders", "Alias": "orders", "Startup Cost": 1.04, "Total Cost": 5.05, "Plan Rows": 1, "Plan Width": 24, "Actual Startup Time": 1839.188, "Actual Total Time": 1839.188, "Actual Rows": 311248, "Actual Loops": 311248, "Recheck Cond": "(o_orderkey = lineitem.l_orderkey)", "Rows Removed by Index Recheck": 0, "Exact Heap Blocks": 311248, "Lossy Heap Blocks": 311248, "Plans": [{"Node Type": "Bitmap Index Scan", "Parent Relationship": "Outer", "Index Name": "orders_pkey", "Startup Cost": 0.0, "Total Cost": 1.04, "Plan Rows": 1, "Plan Width": 0, "Actual Startup Time": 1056.013, "Actual Total Time": 1056.013, "Actual Rows": 311248, "Actual Loops": 311248, "Index Cond": "(o_orderkey = lineitem.l_orderkey)"}]}]}]}]}, "Triggers": [], "Planner Runtime": 0.632, "Total Runtime": 27736.577, "Unique SQL Id": 2036526415}}, "(1, '19')": {"explain_plan": {"Plan": {"Node Type": "Sort", "Startup Cost": 1000142316976.76, "Total Cost": 1000142316976.76, "Plan Rows": 1, "Plan Width": 27, "Sort Key": ["lineitem.l_shipmode"], "Plans": [{"Node Type": "Aggregate", "Strategy": "Hashed", "Parent Relationship": "Outer", "Startup Cost": 1000142316976.74, "Total Cost": 1000142316976.75, "Plan Rows": 1, "Plan Width": 27, "Group By Key": ["lineitem.l_shipmode"], "Plans": [{"Node Type": "Nested Loop", "Parent Relationship": "Outer", "Join Type": "Inner", "Startup Cost": 10000000000.38, "Total Cost": 1000142311821.52, "Plan Rows": 294584, "Plan Width": 27, "Inner Unique": false, "Plans": [{"Node Type": "Index Scan", "Parent Relationship": "Outer", "Scan Direction": "Forward", "Index Name": "orders_pkey", "Relation Name": "orders", "Alias": "orders", "Startup Cost": 10000000000.0, "Total Cost": 1000073097843.5, "Plan Rows": 14999479, "Plan Width": 24}, {"Node Type": "Bitmap Heap Scan", "Parent Relationship": "Inner", "Relation Name": "lineitem", "Alias": "lineitem", "Startup Cost": 0.38, "Total Cost": 4.6, "Plan Rows": 1, "Plan Width": 19, "Recheck Cond": "(l_orderkey = orders.o_orderkey)", "Filter": "((l_shipmode = ANY ('{RAIL,FOB}'::bpchar[])) AND (l_commitdate < l_receiptdate) AND (l_shipdate < l_commitdate) AND (l_receiptdate >= '1997-01-01 00:00:00'::timestamp(0) without time zone) AND (l_receiptdate < '1998-01-01 00:00:00'::timestamp without time zone))", "Plans": [{"Node Type": "Bitmap Index Scan", "Parent Relationship": "Outer", "Index Name": "idx_lineitem_orderkey", "Startup Cost": 0.0, "Total Cost": 0.38, "Plan Rows": 9, "Plan Width": 0, "Index Cond": "(l_orderkey = orders.o_orderkey)"}]}]}]}]}, "Unique SQL Id": 2036526415, "Planner Runtime": 0}, "explain_analyze_plan": null}, "(1, '20')": {"explain_plan": {"Plan": {"Node Type": "Sort", "Startup Cost": 3569764.83, "Total Cost": 3569764.84, "Plan Rows": 1, "Plan Width": 27, "Sort Key": ["lineitem.l_shipmode"], "Plans": [{"Node Type": "Aggregate", "Strategy": "Hashed", "Parent Relationship": "Outer", "Startup Cost": 3569764.81, "Total Cost": 3569764.82, "Plan Rows": 1, "Plan Width": 27, "Group By Key": ["lineitem.l_shipmode"], "Plans": [{"Node Type": "Merge Join", "Parent Relationship": "Outer", "Join Type": "Inner", "Startup Cost": 2791741.95, "Total Cost": 3564609.59, "Plan Rows": 294584, "Plan Width": 27, "Inner Unique": false, "Merge Cond": "(orders.o_orderkey = lineitem.l_orderkey)", "Plans": [{"Node Type": "Index Scan", "Parent Relationship": "Outer", "Scan Direction": "Forward", "Index Name": "orders_pkey", "Relation Name": "orders", "Alias": "orders", "Startup Cost": 0.0, "Total Cost": 730978.44, "Plan Rows": 14999479, "Plan Width": 24}, {"Node Type": "Sort", "Parent Relationship": "Inner", "Startup Cost": 2791713.72, "Total Cost": 2792450.18, "Plan Rows": 294584, "Plan Width": 19, "Sort Key": ["lineitem.l_orderkey"], "Plans": [{"Node Type": "Seq Scan", "Parent Relationship": "Outer", "Relation Name": "lineitem", "Alias": "lineitem", "Startup Cost": 33.12, "Total Cost": 2764953.24, "Plan Rows": 294584, "Plan Width": 19, "Filter": "((l_shipmode = ANY ('{RAIL,FOB}'::bpchar[])) AND (l_commitdate < l_receiptdate) AND (l_shipdate < l_commitdate) AND (l_receiptdate >= '1997-01-01 00:00:00'::timestamp(0) without time zone) AND (l_receiptdate < '1998-01-01 00:00:00'::timestamp without time zone)), (LLVM Optimized)"}]}]}]}]}, "Unique SQL Id": 2036526415, "Planner Runtime": 0}, "explain_analyze_plan": {"Plan": {"Node Type": "Sort", "Startup Cost": 3569764.83, "Total Cost": 3569764.84, "Plan Rows": 1, "Plan Width": 27, "Actual Startup Time": 34716.198, "Actual Total Time": 34716.198, "Actual Rows": 2, "Actual Loops": 1, "Sort Key": ["lineitem.l_shipmode"], "Sort Method": "quicksort", "Sort Space Used": 25, "Sort Space Type": "Memory", "Plans": [{"Node Type": "Aggregate", "Strategy": "Hashed", "Parent Relationship": "Outer", "Startup Cost": 3569764.81, "Total Cost": 3569764.82, "Plan Rows": 1, "Plan Width": 27, "Actual Startup Time": 34716.158, "Actual Total Time": 34716.159, "Actual Rows": 2, "Actual Loops": 1, "Group By Key": ["lineitem.l_shipmode"], "Plans": [{"Node Type": "Merge Join", "Parent Relationship": "Outer", "Join Type": "Inner", "Startup Cost": 2791741.95, "Total Cost": 3564609.59, "Plan Rows": 294584, "Plan Width": 27, "Actual Startup Time": 24786.783, "Actual Total Time": 34430.91, "Actual Rows": 311248, "Actual Loops": 1, "Inner Unique": false, "Merge Cond": "(orders.o_orderkey = lineitem.l_orderkey)", "Plans": [{"Node Type": "Index Scan", "Parent Relationship": "Outer", "Scan Direction": "Forward", "Index Name": "orders_pkey", "Relation Name": "orders", "Alias": "orders", "Startup Cost": 0.0, "Total Cost": 730978.44, "Plan Rows": 14999479, "Plan Width": 24, "Actual Startup Time": 0.028, "Actual Total Time": 7342.554, "Actual Rows": 14999914, "Actual Loops": 1}, {"Node Type": "Sort", "Parent Relationship": "Inner", "Startup Cost": 2791713.72, "Total Cost": 2792450.18, "Plan Rows": 294584, "Plan Width": 19, "Actual Startup Time": 24786.617, "Actual Total Time": 24820.411, "Actual Rows": 311248, "Actual Loops": 1, "Sort Key": ["lineitem.l_orderkey"], "Sort Method": "quicksort", "Sort Space Used": 41468, "Sort Space Type": "Memory", "Plans": [{"Node Type": "Seq Scan", "Parent Relationship": "Outer", "Relation Name": "lineitem", "Alias": "lineitem", "Startup Cost": 33.12, "Total Cost": 2764953.24, "Plan Rows": 294584, "Plan Width": 19, "Actual Startup Time": 0.357, "Actual Total Time": 24659.708, "Actual Rows": 311248, "Actual Loops": 1, "Filter": "((l_shipmode = ANY ('{RAIL,FOB}'::bpchar[])) AND (l_commitdate < l_receiptdate) AND (l_shipdate < l_commitdate) AND (l_receiptdate >= '1997-01-01 00:00:00'::timestamp(0) without time zone) AND (l_receiptdate < '1998-01-01 00:00:00'::timestamp without time zone)), (LLVM Optimized, Jit Execute)", "Rows Removed by Filter": 59674804}]}]}]}]}, "Triggers": [], "Planner Runtime": 0.591, "Total Runtime": 34726.939, "Unique SQL Id": 2036526415}}, "(1, '21')": {"explain_plan": {"Plan": {"Node Type": "Sort", "Startup Cost": 4767238.6, "Total Cost": 4767238.6, "Plan Rows": 1, "Plan Width": 27, "Sort Key": ["lineitem.l_shipmode"], "Plans": [{"Node Type": "Aggregate", "Strategy": "Hashed", "Parent Relationship": "Outer", "Startup Cost": 4767238.58, "Total Cost": 4767238.59, "Plan Rows": 1, "Plan Width": 27, "Group By Key": ["lineitem.l_shipmode"], "Plans": [{"Node Type": "Merge Join", "Parent Relationship": "Outer", "Join Type": "Inner", "Startup Cost": 28.23, "Total Cost": 4762083.36, "Plan Rows": 294584, "Plan Width": 27, "Inner Unique": false, "Merge Cond": "(orders.o_orderkey = lineitem.l_orderkey)", "Plans": [{"Node Type": "Index Scan", "Parent Relationship": "Outer", "Scan Direction": "Forward", "Index Name": "orders_pkey", "Relation Name": "orders", "Alias": "orders", "Startup Cost": 0.0, "Total Cost": 730978.44, "Plan Rows": 14999479, "Plan Width": 24}, {"Node Type": "Index Scan", "Parent Relationship": "Inner", "Scan Direction": "Forward", "Index Name": "idx_lineitem_orderkey", "Relation Name": "lineitem", "Alias": "lineitem", "Startup Cost": 0.0, "Total Cost": 3989991.66, "Plan Rows": 294584, "Plan Width": 19, "Filter": "((l_shipmode = ANY ('{RAIL,FOB}'::bpchar[])) AND (l_commitdate < l_receiptdate) AND (l_shipdate < l_commitdate) AND (l_receiptdate >= '1997-01-01 00:00:00'::timestamp(0) without time zone) AND (l_receiptdate < '1998-01-01 00:00:00'::timestamp without time zone)), (LLVM Optimized)"}]}]}]}, "Unique SQL Id": 2036526415, "Planner Runtime": 0}, "explain_analyze_plan": {"Plan": {"Node Type": "Sort", "Startup Cost": 4767238.6, "Total Cost": 4767238.6, "Plan Rows": 1, "Plan Width": 27, "Actual Startup Time": 55913.772, "Actual Total Time": 55913.772, "Actual Rows": 2, "Actual Loops": 1, "Sort Key": ["lineitem.l_shipmode"], "Sort Method": "quicksort", "Sort Space Used": 25, "Sort Space Type": "Memory", "Plans": [{"Node Type": "Aggregate", "Strategy": "Hashed", "Parent Relationship": "Outer", "Startup Cost": 4767238.58, "Total Cost": 4767238.59, "Plan Rows": 1, "Plan Width": 27, "Actual Startup Time": 55913.71, "Actual Total Time": 55913.711, "Actual Rows": 2, "Actual Loops": 1, "Group By Key": ["lineitem.l_shipmode"], "Plans": [{"Node Type": "Merge Join", "Parent Relationship": "Outer", "Join Type": "Inner", "Startup Cost": 28.23, "Total Cost": 4762083.36, "Plan Rows": 294584, "Plan Width": 27, "Actual Startup Time": 0.58, "Actual Total Time": 55584.795, "Actual Rows": 311248, "Actual Loops": 1, "Inner Unique": false, "Merge Cond": "(orders.o_orderkey = lineitem.l_orderkey)", "Plans": [{"Node Type": "Index Scan", "Parent Relationship": "Outer", "Scan Direction": "Forward", "Index Name": "orders_pkey", "Relation Name": "orders", "Alias": "orders", "Startup Cost": 0.0, "Total Cost": 730978.44, "Plan Rows": 14999479, "Plan Width": 24, "Actual Startup Time": 0.03, "Actual Total Time": 8483.727, "Actual Rows": 14999914, "Actual Loops": 1}, {"Node Type": "Index Scan", "Parent Relationship": "Inner", "Scan Direction": "Forward", "Index Name": "idx_lineitem_orderkey", "Relation Name": "lineitem", "Alias": "lineitem", "Startup Cost": 0.0, "Total Cost": 3989991.66, "Plan Rows": 294584, "Plan Width": 19, "Actual Startup Time": 0.465, "Actual Total Time": 44676.557, "Actual Rows": 311248, "Actual Loops": 1, "Filter": "((l_shipmode = ANY ('{RAIL,FOB}'::bpchar[])) AND (l_commitdate < l_receiptdate) AND (l_shipdate < l_commitdate) AND (l_receiptdate >= '1997-01-01 00:00:00'::timestamp(0) without time zone) AND (l_receiptdate < '1998-01-01 00:00:00'::timestamp without time zone)), (LLVM Optimized, Jit Execute)", "Rows Removed by Filter": 59674804}]}]}]}, "Triggers": [], "Planner Runtime": 0.615, "Total Runtime": 55924.816, "Unique SQL Id": 2036526415}}, "(1, '22')": {"explain_plan": {"Plan": {"Node Type": "Sort", "Startup Cost": 4260565.65, "Total Cost": 4260565.65, "Plan Rows": 1, "Plan Width": 27, "Sort Key": ["lineitem.l_shipmode"], "Plans": [{"Node Type": "Aggregate", "Strategy": "Hashed", "Parent Relationship": "Outer", "Startup Cost": 4260565.63, "Total Cost": 4260565.64, "Plan Rows": 1, "Plan Width": 27, "Group By Key": ["lineitem.l_shipmode"], "Plans": [{"Node Type": "Nested Loop", "Parent Relationship": "Outer", "Join Type": "Inner", "Startup Cost": 34.16, "Total Cost": 4255410.41, "Plan Rows": 294584, "Plan Width": 27, "Inner Unique": true, "Plans": [{"Node Type": "Seq Scan", "Parent Relationship": "Outer", "Relation Name": "lineitem", "Alias": "lineitem", "Startup Cost": 33.12, "Total Cost": 2764953.24, "Plan Rows": 294584, "Plan Width": 19, "Filter": "((l_shipmode = ANY ('{RAIL,FOB}'::bpchar[])) AND (l_commitdate < l_receiptdate) AND (l_shipdate < l_commitdate) AND (l_receiptdate >= '1997-01-01 00:00:00'::timestamp(0) without time zone) AND (l_receiptdate < '1998-01-01 00:00:00'::timestamp without time zone)), (LLVM Optimized)"}, {"Node Type": "Bitmap Heap Scan", "Parent Relationship": "Inner", "Relation Name": "orders", "Alias": "orders", "Startup Cost": 1.04, "Total Cost": 5.05, "Plan Rows": 1, "Plan Width": 24, "Recheck Cond": "(o_orderkey = lineitem.l_orderkey)", "Plans": [{"Node Type": "Bitmap Index Scan", "Parent Relationship": "Outer", "Index Name": "orders_pkey", "Startup Cost": 0.0, "Total Cost": 1.04, "Plan Rows": 1, "Plan Width": 0, "Index Cond": "(o_orderkey = lineitem.l_orderkey)"}]}]}]}]}, "Unique SQL Id": 2036526415, "Planner Runtime": 0}, "explain_analyze_plan": {"Plan": {"Node Type": "Sort", "Startup Cost": 4260565.65, "Total Cost": 4260565.65, "Plan Rows": 1, "Plan Width": 27, "Actual Startup Time": 27725.738, "Actual Total Time": 27725.739, "Actual Rows": 2, "Actual Loops": 1, "Sort Key": ["lineitem.l_shipmode"], "Sort Method": "quicksort", "Sort Space Used": 25, "Sort Space Type": "Memory", "Plans": [{"Node Type": "Aggregate", "Strategy": "Hashed", "Parent Relationship": "Outer", "Startup Cost": 4260565.63, "Total Cost": 4260565.64, "Plan Rows": 1, "Plan Width": 27, "Actual Startup Time": 27725.683, "Actual Total Time": 27725.684, "Actual Rows": 2, "Actual Loops": 1, "Group By Key": ["lineitem.l_shipmode"], "Plans": [{"Node Type": "Nested Loop", "Parent Relationship": "Outer", "Join Type": "Inner", "Startup Cost": 34.16, "Total Cost": 4255410.41, "Plan Rows": 294584, "Plan Width": 27, "Actual Startup Time": 0.393, "Actual Total Time": 27347.865, "Actual Rows": 311248, "Actual Loops": 1, "Inner Unique": true, "Plans": [{"Node Type": "Seq Scan", "Parent Relationship": "Outer", "Relation Name": "lineitem", "Alias": "lineitem", "Startup Cost": 33.12, "Total Cost": 2764953.24, "Plan Rows": 294584, "Plan Width": 19, "Actual Startup Time": 0.36, "Actual Total Time": 25010.261, "Actual Rows": 311248, "Actual Loops": 1, "Filter": "((l_shipmode = ANY ('{RAIL,FOB}'::bpchar[])) AND (l_commitdate < l_receiptdate) AND (l_shipdate < l_commitdate) AND (l_receiptdate >= '1997-01-01 00:00:00'::timestamp(0) without time zone) AND (l_receiptdate < '1998-01-01 00:00:00'::timestamp without time zone)), (LLVM Optimized, Jit Execute)", "Rows Removed by Filter": 59674804}, {"Node Type": "Bitmap Heap Scan", "Parent Relationship": "Inner", "Relation Name": "orders", "Alias": "orders", "Startup Cost": 1.04, "Total Cost": 5.05, "Plan Rows": 1, "Plan Width": 24, "Actual Startup Time": 1839.188, "Actual Total Time": 1839.188, "Actual Rows": 311248, "Actual Loops": 311248, "Recheck Cond": "(o_orderkey = lineitem.l_orderkey)", "Rows Removed by Index Recheck": 0, "Exact Heap Blocks": 311248, "Lossy Heap Blocks": 311248, "Plans": [{"Node Type": "Bitmap Index Scan", "Parent Relationship": "Outer", "Index Name": "orders_pkey", "Startup Cost": 0.0, "Total Cost": 1.04, "Plan Rows": 1, "Plan Width": 0, "Actual Startup Time": 1056.013, "Actual Total Time": 1056.013, "Actual Rows": 311248, "Actual Loops": 311248, "Index Cond": "(o_orderkey = lineitem.l_orderkey)"}]}]}]}]}, "Triggers": [], "Planner Runtime": 0.632, "Total Runtime": 27736.577, "Unique SQL Id": 2036526415}}, "(1, '23')": {"explain_plan": {"Plan": {"Node Type": "Sort", "Startup Cost": 1000142316976.76, "Total Cost": 1000142316976.76, "Plan Rows": 1, "Plan Width": 27, "Sort Key": ["lineitem.l_shipmode"], "Plans": [{"Node Type": "Aggregate", "Strategy": "Hashed", "Parent Relationship": "Outer", "Startup Cost": 1000142316976.74, "Total Cost": 1000142316976.75, "Plan Rows": 1, "Plan Width": 27, "Group By Key": ["lineitem.l_shipmode"], "Plans": [{"Node Type": "Nested Loop", "Parent Relationship": "Outer", "Join Type": "Inner", "Startup Cost": 10000000000.38, "Total Cost": 1000142311821.52, "Plan Rows": 294584, "Plan Width": 27, "Inner Unique": false, "Plans": [{"Node Type": "Index Scan", "Parent Relationship": "Outer", "Scan Direction": "Forward", "Index Name": "orders_pkey", "Relation Name": "orders", "Alias": "orders", "Startup Cost": 10000000000.0, "Total Cost": 1000073097843.5, "Plan Rows": 14999479, "Plan Width": 24}, {"Node Type": "Bitmap Heap Scan", "Parent Relationship": "Inner", "Relation Name": "lineitem", "Alias": "lineitem", "Startup Cost": 0.38, "Total Cost": 4.6, "Plan Rows": 1, "Plan Width": 19, "Recheck Cond": "(l_orderkey = orders.o_orderkey)", "Filter": "((l_shipmode = ANY ('{RAIL,FOB}'::bpchar[])) AND (l_commitdate < l_receiptdate) AND (l_shipdate < l_commitdate) AND (l_receiptdate >= '1997-01-01 00:00:00'::timestamp(0) without time zone) AND (l_receiptdate < '1998-01-01 00:00:00'::timestamp without time zone))", "Plans": [{"Node Type": "Bitmap Index Scan", "Parent Relationship": "Outer", "Index Name": "idx_lineitem_orderkey", "Startup Cost": 0.0, "Total Cost": 0.38, "Plan Rows": 9, "Plan Width": 0, "Index Cond": "(l_orderkey = orders.o_orderkey)"}]}]}]}]}, "Unique SQL Id": 2036526415, "Planner Runtime": 0}, "explain_analyze_plan": null}, "(1, '24')": {"explain_plan": {"Plan": {"Node Type": "Sort", "Startup Cost": 3569764.83, "Total Cost": 3569764.84, "Plan Rows": 1, "Plan Width": 27, "Sort Key": ["lineitem.l_shipmode"], "Plans": [{"Node Type": "Aggregate", "Strategy": "Hashed", "Parent Relationship": "Outer", "Startup Cost": 3569764.81, "Total Cost": 3569764.82, "Plan Rows": 1, "Plan Width": 27, "Group By Key": ["lineitem.l_shipmode"], "Plans": [{"Node Type": "Merge Join", "Parent Relationship": "Outer", "Join Type": "Inner", "Startup Cost": 2791741.95, "Total Cost": 3564609.59, "Plan Rows": 294584, "Plan Width": 27, "Inner Unique": false, "Merge Cond": "(orders.o_orderkey = lineitem.l_orderkey)", "Plans": [{"Node Type": "Index Scan", "Parent Relationship": "Outer", "Scan Direction": "Forward", "Index Name": "orders_pkey", "Relation Name": "orders", "Alias": "orders", "Startup Cost": 0.0, "Total Cost": 730978.44, "Plan Rows": 14999479, "Plan Width": 24}, {"Node Type": "Sort", "Parent Relationship": "Inner", "Startup Cost": 2791713.72, "Total Cost": 2792450.18, "Plan Rows": 294584, "Plan Width": 19, "Sort Key": ["lineitem.l_orderkey"], "Plans": [{"Node Type": "Seq Scan", "Parent Relationship": "Outer", "Relation Name": "lineitem", "Alias": "lineitem", "Startup Cost": 33.12, "Total Cost": 2764953.24, "Plan Rows": 294584, "Plan Width": 19, "Filter": "((l_shipmode = ANY ('{RAIL,FOB}'::bpchar[])) AND (l_commitdate < l_receiptdate) AND (l_shipdate < l_commitdate) AND (l_receiptdate >= '1997-01-01 00:00:00'::timestamp(0) without time zone) AND (l_receiptdate < '1998-01-01 00:00:00'::timestamp without time zone)), (LLVM Optimized)"}]}]}]}]}, "Unique SQL Id": 2036526415, "Planner Runtime": 0}, "explain_analyze_plan": {"Plan": {"Node Type": "Sort", "Startup Cost": 3569764.83, "Total Cost": 3569764.84, "Plan Rows": 1, "Plan Width": 27, "Actual Startup Time": 34716.198, "Actual Total Time": 34716.198, "Actual Rows": 2, "Actual Loops": 1, "Sort Key": ["lineitem.l_shipmode"], "Sort Method": "quicksort", "Sort Space Used": 25, "Sort Space Type": "Memory", "Plans": [{"Node Type": "Aggregate", "Strategy": "Hashed", "Parent Relationship": "Outer", "Startup Cost": 3569764.81, "Total Cost": 3569764.82, "Plan Rows": 1, "Plan Width": 27, "Actual Startup Time": 34716.158, "Actual Total Time": 34716.159, "Actual Rows": 2, "Actual Loops": 1, "Group By Key": ["lineitem.l_shipmode"], "Plans": [{"Node Type": "Merge Join", "Parent Relationship": "Outer", "Join Type": "Inner", "Startup Cost": 2791741.95, "Total Cost": 3564609.59, "Plan Rows": 294584, "Plan Width": 27, "Actual Startup Time": 24786.783, "Actual Total Time": 34430.91, "Actual Rows": 311248, "Actual Loops": 1, "Inner Unique": false, "Merge Cond": "(orders.o_orderkey = lineitem.l_orderkey)", "Plans": [{"Node Type": "Index Scan", "Parent Relationship": "Outer", "Scan Direction": "Forward", "Index Name": "orders_pkey", "Relation Name": "orders", "Alias": "orders", "Startup Cost": 0.0, "Total Cost": 730978.44, "Plan Rows": 14999479, "Plan Width": 24, "Actual Startup Time": 0.028, "Actual Total Time": 7342.554, "Actual Rows": 14999914, "Actual Loops": 1}, {"Node Type": "Sort", "Parent Relationship": "Inner", "Startup Cost": 2791713.72, "Total Cost": 2792450.18, "Plan Rows": 294584, "Plan Width": 19, "Actual Startup Time": 24786.617, "Actual Total Time": 24820.411, "Actual Rows": 311248, "Actual Loops": 1, "Sort Key": ["lineitem.l_orderkey"], "Sort Method": "quicksort", "Sort Space Used": 41468, "Sort Space Type": "Memory", "Plans": [{"Node Type": "Seq Scan", "Parent Relationship": "Outer", "Relation Name": "lineitem", "Alias": "lineitem", "Startup Cost": 33.12, "Total Cost": 2764953.24, "Plan Rows": 294584, "Plan Width": 19, "Actual Startup Time": 0.357, "Actual Total Time": 24659.708, "Actual Rows": 311248, "Actual Loops": 1, "Filter": "((l_shipmode = ANY ('{RAIL,FOB}'::bpchar[])) AND (l_commitdate < l_receiptdate) AND (l_shipdate < l_commitdate) AND (l_receiptdate >= '1997-01-01 00:00:00'::timestamp(0) without time zone) AND (l_receiptdate < '1998-01-01 00:00:00'::timestamp without time zone)), (LLVM Optimized, Jit Execute)", "Rows Removed by Filter": 59674804}]}]}]}]}, "Triggers": [], "Planner Runtime": 0.591, "Total Runtime": 34726.939, "Unique SQL Id": 2036526415}}, "(1, '25')": {"explain_plan": {"Plan": {"Node Type": "Sort", "Startup Cost": 4767238.6, "Total Cost": 4767238.6, "Plan Rows": 1, "Plan Width": 27, "Sort Key": ["lineitem.l_shipmode"], "Plans": [{"Node Type": "Aggregate", "Strategy": "Hashed", "Parent Relationship": "Outer", "Startup Cost": 4767238.58, "Total Cost": 4767238.59, "Plan Rows": 1, "Plan Width": 27, "Group By Key": ["lineitem.l_shipmode"], "Plans": [{"Node Type": "Merge Join", "Parent Relationship": "Outer", "Join Type": "Inner", "Startup Cost": 28.23, "Total Cost": 4762083.36, "Plan Rows": 294584, "Plan Width": 27, "Inner Unique": false, "Merge Cond": "(orders.o_orderkey = lineitem.l_orderkey)", "Plans": [{"Node Type": "Index Scan", "Parent Relationship": "Outer", "Scan Direction": "Forward", "Index Name": "orders_pkey", "Relation Name": "orders", "Alias": "orders", "Startup Cost": 0.0, "Total Cost": 730978.44, "Plan Rows": 14999479, "Plan Width": 24}, {"Node Type": "Index Scan", "Parent Relationship": "Inner", "Scan Direction": "Forward", "Index Name": "idx_lineitem_orderkey", "Relation Name": "lineitem", "Alias": "lineitem", "Startup Cost": 0.0, "Total Cost": 3989991.66, "Plan Rows": 294584, "Plan Width": 19, "Filter": "((l_shipmode = ANY ('{RAIL,FOB}'::bpchar[])) AND (l_commitdate < l_receiptdate) AND (l_shipdate < l_commitdate) AND (l_receiptdate >= '1997-01-01 00:00:00'::timestamp(0) without time zone) AND (l_receiptdate < '1998-01-01 00:00:00'::timestamp without time zone)), (LLVM Optimized)"}]}]}]}, "Unique SQL Id": 2036526415, "Planner Runtime": 0}, "explain_analyze_plan": {"Plan": {"Node Type": "Sort", "Startup Cost": 4767238.6, "Total Cost": 4767238.6, "Plan Rows": 1, "Plan Width": 27, "Actual Startup Time": 55913.772, "Actual Total Time": 55913.772, "Actual Rows": 2, "Actual Loops": 1, "Sort Key": ["lineitem.l_shipmode"], "Sort Method": "quicksort", "Sort Space Used": 25, "Sort Space Type": "Memory", "Plans": [{"Node Type": "Aggregate", "Strategy": "Hashed", "Parent Relationship": "Outer", "Startup Cost": 4767238.58, "Total Cost": 4767238.59, "Plan Rows": 1, "Plan Width": 27, "Actual Startup Time": 55913.71, "Actual Total Time": 55913.711, "Actual Rows": 2, "Actual Loops": 1, "Group By Key": ["lineitem.l_shipmode"], "Plans": [{"Node Type": "Merge Join", "Parent Relationship": "Outer", "Join Type": "Inner", "Startup Cost": 28.23, "Total Cost": 4762083.36, "Plan Rows": 294584, "Plan Width": 27, "Actual Startup Time": 0.58, "Actual Total Time": 55584.795, "Actual Rows": 311248, "Actual Loops": 1, "Inner Unique": false, "Merge Cond": "(orders.o_orderkey = lineitem.l_orderkey)", "Plans": [{"Node Type": "Index Scan", "Parent Relationship": "Outer", "Scan Direction": "Forward", "Index Name": "orders_pkey", "Relation Name": "orders", "Alias": "orders", "Startup Cost": 0.0, "Total Cost": 730978.44, "Plan Rows": 14999479, "Plan Width": 24, "Actual Startup Time": 0.03, "Actual Total Time": 8483.727, "Actual Rows": 14999914, "Actual Loops": 1}, {"Node Type": "Index Scan", "Parent Relationship": "Inner", "Scan Direction": "Forward", "Index Name": "idx_lineitem_orderkey", "Relation Name": "lineitem", "Alias": "lineitem", "Startup Cost": 0.0, "Total Cost": 3989991.66, "Plan Rows": 294584, "Plan Width": 19, "Actual Startup Time": 0.465, "Actual Total Time": 44676.557, "Actual Rows": 311248, "Actual Loops": 1, "Filter": "((l_shipmode = ANY ('{RAIL,FOB}'::bpchar[])) AND (l_commitdate < l_receiptdate) AND (l_shipdate < l_commitdate) AND (l_receiptdate >= '1997-01-01 00:00:00'::timestamp(0) without time zone) AND (l_receiptdate < '1998-01-01 00:00:00'::timestamp without time zone)), (LLVM Optimized, Jit Execute)", "Rows Removed by Filter": 59674804}]}]}]}, "Triggers": [], "Planner Runtime": 0.615, "Total Runtime": 55924.816, "Unique SQL Id": 2036526415}}, "(1, '26')": {"explain_plan": {"Plan": {"Node Type": "Sort", "Startup Cost": 5090517.46, "Total Cost": 5090517.47, "Plan Rows": 1, "Plan Width": 27, "Sort Key": ["lineitem.l_shipmode"], "Plans": [{"Node Type": "Aggregate", "Strategy": "Hashed", "Parent Relationship": "Outer", "Startup Cost": 5090517.44, "Total Cost": 5090517.45, "Plan Rows": 1, "Plan Width": 27, "Group By Key": ["lineitem.l_shipmode"], "Plans": [{"Node Type": "Merge Join", "Parent Relationship": "Outer", "Join Type": "Inner", "Startup Cost": 5005948.85, "Total Cost": 5085362.22, "Plan Rows": 294584, "Plan Width": 27, "Inner Unique": false, "Merge Cond": "(orders.o_orderkey = lineitem.l_orderkey)", "Plans": [{"Node Type": "Sort", "Parent Relationship": "Outer", "Startup Cost": 2214232.37, "Total Cost": 2251731.07, "Plan Rows": 14999479, "Plan Width": 24, "Sort Key": ["orders.o_orderkey"], "Plans": [{"Node Type": "Seq Scan", "Parent Relationship": "Outer", "Relation Name": "orders", "Alias": "orders", "Startup Cost": 0.0, "Total Cost": 426413.79, "Plan Rows": 14999479, "Plan Width": 24}]}, {"Node Type": "Sort", "Parent Relationship": "Inner", "Startup Cost": 2791713.72, "Total Cost": 2792450.18, "Plan Rows": 294584, "Plan Width": 19, "Sort Key": ["lineitem.l_orderkey"], "Plans": [{"Node Type": "Seq Scan", "Parent Relationship": "Outer", "Relation Name": "lineitem", "Alias": "lineitem", "Startup Cost": 33.12, "Total Cost": 2764953.24, "Plan Rows": 294584, "Plan Width": 19, "Filter": "((l_shipmode = ANY ('{RAIL,FOB}'::bpchar[])) AND (l_commitdate < l_receiptdate) AND (l_shipdate < l_commitdate) AND (l_receiptdate >= '1997-01-01 00:00:00'::timestamp(0) without time zone) AND (l_receiptdate < '1998-01-01 00:00:00'::timestamp without time zone)), (LLVM Optimized)"}]}]}]}]}, "Unique SQL Id": 2036526415, "Planner Runtime": 0}, "explain_analyze_plan": {"Plan": {"Node Type": "Sort", "Startup Cost": 5090517.46, "Total Cost": 5090517.47, "Plan Rows": 1, "Plan Width": 27, "Actual Startup Time": 39636.976, "Actual Total Time": 39636.976, "Actual Rows": 2, "Actual Loops": 1, "Sort Key": ["lineitem.l_shipmode"], "Sort Method": "quicksort", "Sort Space Used": 25, "Sort Space Type": "Memory", "Plans": [{"Node Type": "Aggregate", "Strategy": "Hashed", "Parent Relationship": "Outer", "Startup Cost": 5090517.44, "Total Cost": 5090517.45, "Plan Rows": 1, "Plan Width": 27, "Actual Startup Time": 39636.936, "Actual Total Time": 39636.937, "Actual Rows": 2, "Actual Loops": 1, "Group By Key": ["lineitem.l_shipmode"], "Plans": [{"Node Type": "Merge Join", "Parent Relationship": "Outer", "Join Type": "Inner", "Startup Cost": 5005948.85, "Total Cost": 5085362.22, "Plan Rows": 294584, "Plan Width": 27, "Actual Startup Time": 35591.521, "Actual Total Time": 39397.496, "Actual Rows": 311248, "Actual Loops": 1, "Inner Unique": false, "Merge Cond": "(orders.o_orderkey = lineitem.l_orderkey)", "Plans": [{"Node Type": "Sort", "Parent Relationship": "Outer", "Startup Cost": 2214232.37, "Total Cost": 2251731.07, "Plan Rows": 14999479, "Plan Width": 24, "Actual Startup Time": 10769.978, "Actual Total Time": 12150.607, "Actual Rows": 14999914, "Actual Loops": 1, "Sort Key": ["orders.o_orderkey"], "Sort Method": "quicksort", "Sort Space Used": 1799467, "Sort Space Type": "Memory", "Plans": [{"Node Type": "Seq Scan", "Parent Relationship": "Outer", "Relation Name": "orders", "Alias": "orders", "Startup Cost": 0.0, "Total Cost": 426413.79, "Plan Rows": 14999479, "Plan Width": 24, "Actual Startup Time": 0.02, "Actual Total Time": 4928.11, "Actual Rows": 15000000, "Actual Loops": 1}]}, {"Node Type": "Sort", "Parent Relationship": "Inner", "Startup Cost": 2791713.72, "Total Cost": 2792450.18, "Plan Rows": 294584, "Plan Width": 19, "Actual Startup Time": 24821.491, "Actual Total Time": 24848.908, "Actual Rows": 311248, "Actual Loops": 1, "Sort Key": ["lineitem.l_orderkey"], "Sort Method": "quicksort", "Sort Space Used": 41468, "Sort Space Type": "Memory", "Plans": [{"Node Type": "Seq Scan", "Parent Relationship": "Outer", "Relation Name": "lineitem", "Alias": "lineitem", "Startup Cost": 33.12, "Total Cost": 2764953.24, "Plan Rows": 294584, "Plan Width": 19, "Actual Startup Time": 0.268, "Actual Total Time": 24621.894, "Actual Rows": 311248, "Actual Loops": 1, "Filter": "((l_shipmode = ANY ('{RAIL,FOB}'::bpchar[])) AND (l_commitdate < l_receiptdate) AND (l_shipdate < l_commitdate) AND (l_receiptdate >= '1997-01-01 00:00:00'::timestamp(0) without time zone) AND (l_receiptdate < '1998-01-01 00:00:00'::timestamp without time zone)), (LLVM Optimized, Jit Execute)", "Rows Removed by Filter": 59674804}]}]}]}]}, "Triggers": [], "Planner Runtime": 0.578, "Total Runtime": 39647.929, "Unique SQL Id": 2036526415}}, "(1, '27')": {"explain_plan": {"Plan": {"Node Type": "Sort", "Startup Cost": 2000455333216.63, "Total Cost": 2000455333216.63, "Plan Rows": 1, "Plan Width": 27, "Sort Key": ["lineitem.l_shipmode"], "Plans": [{"Node Type": "Aggregate", "Strategy": "Hashed", "Parent Relationship": "Outer", "Startup Cost": 2000455333216.61, "Total Cost": 2000455333216.62, "Plan Rows": 1, "Plan Width": 27, "Group By Key": ["lineitem.l_shipmode"], "Plans": [{"Node Type": "Merge Join", "Parent Relationship": "Outer", "Join Type": "Inner", "Startup Cost": 20036369949.75, "Total Cost": 2000455328061.39, "Plan Rows": 294584, "Plan Width": 27, "Inner Unique": false, "Merge Cond": "(orders.o_orderkey = lineitem.l_orderkey)", "Plans": [{"Node Type": "Index Scan", "Parent Relationship": "Outer", "Scan Direction": "Forward", "Index Name": "orders_pkey", "Relation Name": "orders", "Alias": "orders", "Startup Cost": 10000000000.0, "Total Cost": 1000073097843.5, "Plan Rows": 14999479, "Plan Width": 24}, {"Node Type": "Index Scan", "Parent Relationship": "Inner", "Scan Direction": "Forward", "Index Name": "idx_lineitem_orderkey", "Relation Name": "lineitem", "Alias": "lineitem", "Startup Cost": 10000000000.0, "Total Cost": 1000398999165.75, "Plan Rows": 294584, "Plan Width": 19, "Filter": "((l_shipmode = ANY ('{RAIL,FOB}'::bpchar[])) AND (l_commitdate < l_receiptdate) AND (l_shipdate < l_commitdate) AND (l_receiptdate >= '1997-01-01 00:00:00'::timestamp(0) without time zone) AND (l_receiptdate < '1998-01-01 00:00:00'::timestamp without time zone)), (LLVM Optimized)"}]}]}]}, "Unique SQL Id": 2036526415, "Planner Runtime": 0}, "explain_analyze_plan": {"Plan": {"Node Type": "Sort", "Startup Cost": 2000455333216.63, "Total Cost": 2000455333216.63, "Plan Rows": 1, "Plan Width": 27, "Actual Startup Time": 54791.142, "Actual Total Time": 54791.143, "Actual Rows": 2, "Actual Loops": 1, "Sort Key": ["lineitem.l_shipmode"], "Sort Method": "quicksort", "Sort Space Used": 25, "Sort Space Type": "Memory", "Plans": [{"Node Type": "Aggregate", "Strategy": "Hashed", "Parent Relationship": "Outer", "Startup Cost": 2000455333216.61, "Total Cost": 2000455333216.62, "Plan Rows": 1, "Plan Width": 27, "Actual Startup Time": 54791.091, "Actual Total Time": 54791.092, "Actual Rows": 2, "Actual Loops": 1, "Group By Key": ["lineitem.l_shipmode"], "Plans": [{"Node Type": "Merge Join", "Parent Relationship": "Outer", "Join Type": "Inner", "Startup Cost": 20036369949.75, "Total Cost": 2000455328061.39, "Plan Rows": 294584, "Plan Width": 27, "Actual Startup Time": 0.583, "Actual Total Time": 54466.802, "Actual Rows": 311248, "Actual Loops": 1, "Inner Unique": false, "Merge Cond": "(orders.o_orderkey = lineitem.l_orderkey)", "Plans": [{"Node Type": "Index Scan", "Parent Relationship": "Outer", "Scan Direction": "Forward", "Index Name": "orders_pkey", "Relation Name": "orders", "Alias": "orders", "Startup Cost": 10000000000.0, "Total Cost": 1000073097843.5, "Plan Rows": 14999479, "Plan Width": 24, "Actual Startup Time": 0.03, "Actual Total Time": 8290.944, "Actual Rows": 14999914, "Actual Loops": 1}, {"Node Type": "Index Scan", "Parent Relationship": "Inner", "Scan Direction": "Forward", "Index Name": "idx_lineitem_orderkey", "Relation Name": "lineitem", "Alias": "lineitem", "Startup Cost": 10000000000.0, "Total Cost": 1000398999165.75, "Plan Rows": 294584, "Plan Width": 19, "Actual Startup Time": 0.463, "Actual Total Time": 43750.26, "Actual Rows": 311248, "Actual Loops": 1, "Filter": "((l_shipmode = ANY ('{RAIL,FOB}'::bpchar[])) AND (l_commitdate < l_receiptdate) AND (l_shipdate < l_commitdate) AND (l_receiptdate >= '1997-01-01 00:00:00'::timestamp(0) without time zone) AND (l_receiptdate < '1998-01-01 00:00:00'::timestamp without time zone)), (LLVM Optimized, Jit Execute)", "Rows Removed by Filter": 59674804}]}]}]}, "Triggers": [], "Planner Runtime": 0.597, "Total Runtime": 54801.949, "Unique SQL Id": 2036526415}}, "(1, '28')": {"explain_plan": {"Plan": {"Node Type": "Sort", "Startup Cost": 3569764.83, "Total Cost": 3569764.84, "Plan Rows": 1, "Plan Width": 27, "Sort Key": ["lineitem.l_shipmode"], "Plans": [{"Node Type": "Aggregate", "Strategy": "Hashed", "Parent Relationship": "Outer", "Startup Cost": 3569764.81, "Total Cost": 3569764.82, "Plan Rows": 1, "Plan Width": 27, "Group By Key": ["lineitem.l_shipmode"], "Plans": [{"Node Type": "Merge Join", "Parent Relationship": "Outer", "Join Type": "Inner", "Startup Cost": 2791741.95, "Total Cost": 3564609.59, "Plan Rows": 294584, "Plan Width": 27, "Inner Unique": false, "Merge Cond": "(orders.o_orderkey = lineitem.l_orderkey)", "Plans": [{"Node Type": "Index Scan", "Parent Relationship": "Outer", "Scan Direction": "Forward", "Index Name": "orders_pkey", "Relation Name": "orders", "Alias": "orders", "Startup Cost": 0.0, "Total Cost": 730978.44, "Plan Rows": 14999479, "Plan Width": 24}, {"Node Type": "Sort", "Parent Relationship": "Inner", "Startup Cost": 2791713.72, "Total Cost": 2792450.18, "Plan Rows": 294584, "Plan Width": 19, "Sort Key": ["lineitem.l_orderkey"], "Plans": [{"Node Type": "Seq Scan", "Parent Relationship": "Outer", "Relation Name": "lineitem", "Alias": "lineitem", "Startup Cost": 33.12, "Total Cost": 2764953.24, "Plan Rows": 294584, "Plan Width": 19, "Filter": "((l_shipmode = ANY ('{RAIL,FOB}'::bpchar[])) AND (l_commitdate < l_receiptdate) AND (l_shipdate < l_commitdate) AND (l_receiptdate >= '1997-01-01 00:00:00'::timestamp(0) without time zone) AND (l_receiptdate < '1998-01-01 00:00:00'::timestamp without time zone)), (LLVM Optimized)"}]}]}]}]}, "Unique SQL Id": 2036526415, "Planner Runtime": 0}, "explain_analyze_plan": {"Plan": {"Node Type": "Sort", "Startup Cost": 3569764.83, "Total Cost": 3569764.84, "Plan Rows": 1, "Plan Width": 27, "Actual Startup Time": 34716.198, "Actual Total Time": 34716.198, "Actual Rows": 2, "Actual Loops": 1, "Sort Key": ["lineitem.l_shipmode"], "Sort Method": "quicksort", "Sort Space Used": 25, "Sort Space Type": "Memory", "Plans": [{"Node Type": "Aggregate", "Strategy": "Hashed", "Parent Relationship": "Outer", "Startup Cost": 3569764.81, "Total Cost": 3569764.82, "Plan Rows": 1, "Plan Width": 27, "Actual Startup Time": 34716.158, "Actual Total Time": 34716.159, "Actual Rows": 2, "Actual Loops": 1, "Group By Key": ["lineitem.l_shipmode"], "Plans": [{"Node Type": "Merge Join", "Parent Relationship": "Outer", "Join Type": "Inner", "Startup Cost": 2791741.95, "Total Cost": 3564609.59, "Plan Rows": 294584, "Plan Width": 27, "Actual Startup Time": 24786.783, "Actual Total Time": 34430.91, "Actual Rows": 311248, "Actual Loops": 1, "Inner Unique": false, "Merge Cond": "(orders.o_orderkey = lineitem.l_orderkey)", "Plans": [{"Node Type": "Index Scan", "Parent Relationship": "Outer", "Scan Direction": "Forward", "Index Name": "orders_pkey", "Relation Name": "orders", "Alias": "orders", "Startup Cost": 0.0, "Total Cost": 730978.44, "Plan Rows": 14999479, "Plan Width": 24, "Actual Startup Time": 0.028, "Actual Total Time": 7342.554, "Actual Rows": 14999914, "Actual Loops": 1}, {"Node Type": "Sort", "Parent Relationship": "Inner", "Startup Cost": 2791713.72, "Total Cost": 2792450.18, "Plan Rows": 294584, "Plan Width": 19, "Actual Startup Time": 24786.617, "Actual Total Time": 24820.411, "Actual Rows": 311248, "Actual Loops": 1, "Sort Key": ["lineitem.l_orderkey"], "Sort Method": "quicksort", "Sort Space Used": 41468, "Sort Space Type": "Memory", "Plans": [{"Node Type": "Seq Scan", "Parent Relationship": "Outer", "Relation Name": "lineitem", "Alias": "lineitem", "Startup Cost": 33.12, "Total Cost": 2764953.24, "Plan Rows": 294584, "Plan Width": 19, "Actual Startup Time": 0.357, "Actual Total Time": 24659.708, "Actual Rows": 311248, "Actual Loops": 1, "Filter": "((l_shipmode = ANY ('{RAIL,FOB}'::bpchar[])) AND (l_commitdate < l_receiptdate) AND (l_shipdate < l_commitdate) AND (l_receiptdate >= '1997-01-01 00:00:00'::timestamp(0) without time zone) AND (l_receiptdate < '1998-01-01 00:00:00'::timestamp without time zone)), (LLVM Optimized, Jit Execute)", "Rows Removed by Filter": 59674804}]}]}]}]}, "Triggers": [], "Planner Runtime": 0.591, "Total Runtime": 34726.939, "Unique SQL Id": 2036526415}}, "(1, '29')": {"explain_plan": {"Plan": {"Node Type": "Sort", "Startup Cost": 4767238.6, "Total Cost": 4767238.6, "Plan Rows": 1, "Plan Width": 27, "Sort Key": ["lineitem.l_shipmode"], "Plans": [{"Node Type": "Aggregate", "Strategy": "Hashed", "Parent Relationship": "Outer", "Startup Cost": 4767238.58, "Total Cost": 4767238.59, "Plan Rows": 1, "Plan Width": 27, "Group By Key": ["lineitem.l_shipmode"], "Plans": [{"Node Type": "Merge Join", "Parent Relationship": "Outer", "Join Type": "Inner", "Startup Cost": 28.23, "Total Cost": 4762083.36, "Plan Rows": 294584, "Plan Width": 27, "Inner Unique": false, "Merge Cond": "(orders.o_orderkey = lineitem.l_orderkey)", "Plans": [{"Node Type": "Index Scan", "Parent Relationship": "Outer", "Scan Direction": "Forward", "Index Name": "orders_pkey", "Relation Name": "orders", "Alias": "orders", "Startup Cost": 0.0, "Total Cost": 730978.44, "Plan Rows": 14999479, "Plan Width": 24}, {"Node Type": "Index Scan", "Parent Relationship": "Inner", "Scan Direction": "Forward", "Index Name": "idx_lineitem_orderkey", "Relation Name": "lineitem", "Alias": "lineitem", "Startup Cost": 0.0, "Total Cost": 3989991.66, "Plan Rows": 294584, "Plan Width": 19, "Filter": "((l_shipmode = ANY ('{RAIL,FOB}'::bpchar[])) AND (l_commitdate < l_receiptdate) AND (l_shipdate < l_commitdate) AND (l_receiptdate >= '1997-01-01 00:00:00'::timestamp(0) without time zone) AND (l_receiptdate < '1998-01-01 00:00:00'::timestamp without time zone)), (LLVM Optimized)"}]}]}]}, "Unique SQL Id": 2036526415, "Planner Runtime": 0}, "explain_analyze_plan": {"Plan": {"Node Type": "Sort", "Startup Cost": 4767238.6, "Total Cost": 4767238.6, "Plan Rows": 1, "Plan Width": 27, "Actual Startup Time": 55913.772, "Actual Total Time": 55913.772, "Actual Rows": 2, "Actual Loops": 1, "Sort Key": ["lineitem.l_shipmode"], "Sort Method": "quicksort", "Sort Space Used": 25, "Sort Space Type": "Memory", "Plans": [{"Node Type": "Aggregate", "Strategy": "Hashed", "Parent Relationship": "Outer", "Startup Cost": 4767238.58, "Total Cost": 4767238.59, "Plan Rows": 1, "Plan Width": 27, "Actual Startup Time": 55913.71, "Actual Total Time": 55913.711, "Actual Rows": 2, "Actual Loops": 1, "Group By Key": ["lineitem.l_shipmode"], "Plans": [{"Node Type": "Merge Join", "Parent Relationship": "Outer", "Join Type": "Inner", "Startup Cost": 28.23, "Total Cost": 4762083.36, "Plan Rows": 294584, "Plan Width": 27, "Actual Startup Time": 0.58, "Actual Total Time": 55584.795, "Actual Rows": 311248, "Actual Loops": 1, "Inner Unique": false, "Merge Cond": "(orders.o_orderkey = lineitem.l_orderkey)", "Plans": [{"Node Type": "Index Scan", "Parent Relationship": "Outer", "Scan Direction": "Forward", "Index Name": "orders_pkey", "Relation Name": "orders", "Alias": "orders", "Startup Cost": 0.0, "Total Cost": 730978.44, "Plan Rows": 14999479, "Plan Width": 24, "Actual Startup Time": 0.03, "Actual Total Time": 8483.727, "Actual Rows": 14999914, "Actual Loops": 1}, {"Node Type": "Index Scan", "Parent Relationship": "Inner", "Scan Direction": "Forward", "Index Name": "idx_lineitem_orderkey", "Relation Name": "lineitem", "Alias": "lineitem", "Startup Cost": 0.0, "Total Cost": 3989991.66, "Plan Rows": 294584, "Plan Width": 19, "Actual Startup Time": 0.465, "Actual Total Time": 44676.557, "Actual Rows": 311248, "Actual Loops": 1, "Filter": "((l_shipmode = ANY ('{RAIL,FOB}'::bpchar[])) AND (l_commitdate < l_receiptdate) AND (l_shipdate < l_commitdate) AND (l_receiptdate >= '1997-01-01 00:00:00'::timestamp(0) without time zone) AND (l_receiptdate < '1998-01-01 00:00:00'::timestamp without time zone)), (LLVM Optimized, Jit Execute)", "Rows Removed by Filter": 59674804}]}]}]}, "Triggers": [], "Planner Runtime": 0.615, "Total Runtime": 55924.816, "Unique SQL Id": 2036526415}}, "(1, '30')": {"explain_plan": {"Plan": {"Node Type": "Sort", "Startup Cost": 5090517.46, "Total Cost": 5090517.47, "Plan Rows": 1, "Plan Width": 27, "Sort Key": ["lineitem.l_shipmode"], "Plans": [{"Node Type": "Aggregate", "Strategy": "Hashed", "Parent Relationship": "Outer", "Startup Cost": 5090517.44, "Total Cost": 5090517.45, "Plan Rows": 1, "Plan Width": 27, "Group By Key": ["lineitem.l_shipmode"], "Plans": [{"Node Type": "Merge Join", "Parent Relationship": "Outer", "Join Type": "Inner", "Startup Cost": 5005948.85, "Total Cost": 5085362.22, "Plan Rows": 294584, "Plan Width": 27, "Inner Unique": false, "Merge Cond": "(orders.o_orderkey = lineitem.l_orderkey)", "Plans": [{"Node Type": "Sort", "Parent Relationship": "Outer", "Startup Cost": 2214232.37, "Total Cost": 2251731.07, "Plan Rows": 14999479, "Plan Width": 24, "Sort Key": ["orders.o_orderkey"], "Plans": [{"Node Type": "Seq Scan", "Parent Relationship": "Outer", "Relation Name": "orders", "Alias": "orders", "Startup Cost": 0.0, "Total Cost": 426413.79, "Plan Rows": 14999479, "Plan Width": 24}]}, {"Node Type": "Sort", "Parent Relationship": "Inner", "Startup Cost": 2791713.72, "Total Cost": 2792450.18, "Plan Rows": 294584, "Plan Width": 19, "Sort Key": ["lineitem.l_orderkey"], "Plans": [{"Node Type": "Seq Scan", "Parent Relationship": "Outer", "Relation Name": "lineitem", "Alias": "lineitem", "Startup Cost": 33.12, "Total Cost": 2764953.24, "Plan Rows": 294584, "Plan Width": 19, "Filter": "((l_shipmode = ANY ('{RAIL,FOB}'::bpchar[])) AND (l_commitdate < l_receiptdate) AND (l_shipdate < l_commitdate) AND (l_receiptdate >= '1997-01-01 00:00:00'::timestamp(0) without time zone) AND (l_receiptdate < '1998-01-01 00:00:00'::timestamp without time zone)), (LLVM Optimized)"}]}]}]}]}, "Unique SQL Id": 2036526415, "Planner Runtime": 0}, "explain_analyze_plan": {"Plan": {"Node Type": "Sort", "Startup Cost": 5090517.46, "Total Cost": 5090517.47, "Plan Rows": 1, "Plan Width": 27, "Actual Startup Time": 39636.976, "Actual Total Time": 39636.976, "Actual Rows": 2, "Actual Loops": 1, "Sort Key": ["lineitem.l_shipmode"], "Sort Method": "quicksort", "Sort Space Used": 25, "Sort Space Type": "Memory", "Plans": [{"Node Type": "Aggregate", "Strategy": "Hashed", "Parent Relationship": "Outer", "Startup Cost": 5090517.44, "Total Cost": 5090517.45, "Plan Rows": 1, "Plan Width": 27, "Actual Startup Time": 39636.936, "Actual Total Time": 39636.937, "Actual Rows": 2, "Actual Loops": 1, "Group By Key": ["lineitem.l_shipmode"], "Plans": [{"Node Type": "Merge Join", "Parent Relationship": "Outer", "Join Type": "Inner", "Startup Cost": 5005948.85, "Total Cost": 5085362.22, "Plan Rows": 294584, "Plan Width": 27, "Actual Startup Time": 35591.521, "Actual Total Time": 39397.496, "Actual Rows": 311248, "Actual Loops": 1, "Inner Unique": false, "Merge Cond": "(orders.o_orderkey = lineitem.l_orderkey)", "Plans": [{"Node Type": "Sort", "Parent Relationship": "Outer", "Startup Cost": 2214232.37, "Total Cost": 2251731.07, "Plan Rows": 14999479, "Plan Width": 24, "Actual Startup Time": 10769.978, "Actual Total Time": 12150.607, "Actual Rows": 14999914, "Actual Loops": 1, "Sort Key": ["orders.o_orderkey"], "Sort Method": "quicksort", "Sort Space Used": 1799467, "Sort Space Type": "Memory", "Plans": [{"Node Type": "Seq Scan", "Parent Relationship": "Outer", "Relation Name": "orders", "Alias": "orders", "Startup Cost": 0.0, "Total Cost": 426413.79, "Plan Rows": 14999479, "Plan Width": 24, "Actual Startup Time": 0.02, "Actual Total Time": 4928.11, "Actual Rows": 15000000, "Actual Loops": 1}]}, {"Node Type": "Sort", "Parent Relationship": "Inner", "Startup Cost": 2791713.72, "Total Cost": 2792450.18, "Plan Rows": 294584, "Plan Width": 19, "Actual Startup Time": 24821.491, "Actual Total Time": 24848.908, "Actual Rows": 311248, "Actual Loops": 1, "Sort Key": ["lineitem.l_orderkey"], "Sort Method": "quicksort", "Sort Space Used": 41468, "Sort Space Type": "Memory", "Plans": [{"Node Type": "Seq Scan", "Parent Relationship": "Outer", "Relation Name": "lineitem", "Alias": "lineitem", "Startup Cost": 33.12, "Total Cost": 2764953.24, "Plan Rows": 294584, "Plan Width": 19, "Actual Startup Time": 0.268, "Actual Total Time": 24621.894, "Actual Rows": 311248, "Actual Loops": 1, "Filter": "((l_shipmode = ANY ('{RAIL,FOB}'::bpchar[])) AND (l_commitdate < l_receiptdate) AND (l_shipdate < l_commitdate) AND (l_receiptdate >= '1997-01-01 00:00:00'::timestamp(0) without time zone) AND (l_receiptdate < '1998-01-01 00:00:00'::timestamp without time zone)), (LLVM Optimized, Jit Execute)", "Rows Removed by Filter": 59674804}]}]}]}]}, "Triggers": [], "Planner Runtime": 0.578, "Total Runtime": 39647.929, "Unique SQL Id": 2036526415}}, "(1, '31')": {"explain_plan": {"Plan": {"Node Type": "Sort", "Startup Cost": 2000455333216.63, "Total Cost": 2000455333216.63, "Plan Rows": 1, "Plan Width": 27, "Sort Key": ["lineitem.l_shipmode"], "Plans": [{"Node Type": "Aggregate", "Strategy": "Hashed", "Parent Relationship": "Outer", "Startup Cost": 2000455333216.61, "Total Cost": 2000455333216.62, "Plan Rows": 1, "Plan Width": 27, "Group By Key": ["lineitem.l_shipmode"], "Plans": [{"Node Type": "Merge Join", "Parent Relationship": "Outer", "Join Type": "Inner", "Startup Cost": 20036369949.75, "Total Cost": 2000455328061.39, "Plan Rows": 294584, "Plan Width": 27, "Inner Unique": false, "Merge Cond": "(orders.o_orderkey = lineitem.l_orderkey)", "Plans": [{"Node Type": "Index Scan", "Parent Relationship": "Outer", "Scan Direction": "Forward", "Index Name": "orders_pkey", "Relation Name": "orders", "Alias": "orders", "Startup Cost": 10000000000.0, "Total Cost": 1000073097843.5, "Plan Rows": 14999479, "Plan Width": 24}, {"Node Type": "Index Scan", "Parent Relationship": "Inner", "Scan Direction": "Forward", "Index Name": "idx_lineitem_orderkey", "Relation Name": "lineitem", "Alias": "lineitem", "Startup Cost": 10000000000.0, "Total Cost": 1000398999165.75, "Plan Rows": 294584, "Plan Width": 19, "Filter": "((l_shipmode = ANY ('{RAIL,FOB}'::bpchar[])) AND (l_commitdate < l_receiptdate) AND (l_shipdate < l_commitdate) AND (l_receiptdate >= '1997-01-01 00:00:00'::timestamp(0) without time zone) AND (l_receiptdate < '1998-01-01 00:00:00'::timestamp without time zone)), (LLVM Optimized)"}]}]}]}, "Unique SQL Id": 2036526415, "Planner Runtime": 0}, "explain_analyze_plan": {"Plan": {"Node Type": "Sort", "Startup Cost": 2000455333216.63, "Total Cost": 2000455333216.63, "Plan Rows": 1, "Plan Width": 27, "Actual Startup Time": 54791.142, "Actual Total Time": 54791.143, "Actual Rows": 2, "Actual Loops": 1, "Sort Key": ["lineitem.l_shipmode"], "Sort Method": "quicksort", "Sort Space Used": 25, "Sort Space Type": "Memory", "Plans": [{"Node Type": "Aggregate", "Strategy": "Hashed", "Parent Relationship": "Outer", "Startup Cost": 2000455333216.61, "Total Cost": 2000455333216.62, "Plan Rows": 1, "Plan Width": 27, "Actual Startup Time": 54791.091, "Actual Total Time": 54791.092, "Actual Rows": 2, "Actual Loops": 1, "Group By Key": ["lineitem.l_shipmode"], "Plans": [{"Node Type": "Merge Join", "Parent Relationship": "Outer", "Join Type": "Inner", "Startup Cost": 20036369949.75, "Total Cost": 2000455328061.39, "Plan Rows": 294584, "Plan Width": 27, "Actual Startup Time": 0.583, "Actual Total Time": 54466.802, "Actual Rows": 311248, "Actual Loops": 1, "Inner Unique": false, "Merge Cond": "(orders.o_orderkey = lineitem.l_orderkey)", "Plans": [{"Node Type": "Index Scan", "Parent Relationship": "Outer", "Scan Direction": "Forward", "Index Name": "orders_pkey", "Relation Name": "orders", "Alias": "orders", "Startup Cost": 10000000000.0, "Total Cost": 1000073097843.5, "Plan Rows": 14999479, "Plan Width": 24, "Actual Startup Time": 0.03, "Actual Total Time": 8290.944, "Actual Rows": 14999914, "Actual Loops": 1}, {"Node Type": "Index Scan", "Parent Relationship": "Inner", "Scan Direction": "Forward", "Index Name": "idx_lineitem_orderkey", "Relation Name": "lineitem", "Alias": "lineitem", "Startup Cost": 10000000000.0, "Total Cost": 1000398999165.75, "Plan Rows": 294584, "Plan Width": 19, "Actual Startup Time": 0.463, "Actual Total Time": 43750.26, "Actual Rows": 311248, "Actual Loops": 1, "Filter": "((l_shipmode = ANY ('{RAIL,FOB}'::bpchar[])) AND (l_commitdate < l_receiptdate) AND (l_shipdate < l_commitdate) AND (l_receiptdate >= '1997-01-01 00:00:00'::timestamp(0) without time zone) AND (l_receiptdate < '1998-01-01 00:00:00'::timestamp without time zone)), (LLVM Optimized, Jit Execute)", "Rows Removed by Filter": 59674804}]}]}]}, "Triggers": [], "Planner Runtime": 0.597, "Total Runtime": 54801.949, "Unique SQL Id": 2036526415}}, "(1, '32')": {"explain_plan": {"Plan": {"Node Type": "Sort", "Startup Cost": 3388066.29, "Total Cost": 3388066.29, "Plan Rows": 1, "Plan Width": 27, "Sort Key": ["lineitem.l_shipmode"], "Plans": [{"Node Type": "Aggregate", "Strategy": "Hashed", "Parent Relationship": "Outer", "Startup Cost": 3388066.27, "Total Cost": 3388066.28, "Plan Rows": 1, "Plan Width": 27, "Group By Key": ["lineitem.l_shipmode"], "Plans": [{"Node Type": "Hash Join", "Parent Relationship": "Outer", "Join Type": "Inner", "Startup Cost": 613940.4, "Total Cost": 3382911.05, "Plan Rows": 294584, "Plan Width": 27, "Inner Unique": true, "Hash Cond": "(lineitem.l_orderkey = orders.o_orderkey), (LLVM Optimized)", "Plans": [{"Node Type": "Seq Scan", "Parent Relationship": "Outer", "Relation Name": "lineitem", "Alias": "lineitem", "Startup Cost": 33.12, "Total Cost": 2764953.24, "Plan Rows": 294584, "Plan Width": 19, "Filter": "((l_shipmode = ANY ('{RAIL,FOB}'::bpchar[])) AND (l_commitdate < l_receiptdate) AND (l_shipdate < l_commitdate) AND (l_receiptdate >= '1997-01-01 00:00:00'::timestamp(0) without time zone) AND (l_receiptdate < '1998-01-01 00:00:00'::timestamp without time zone)), (LLVM Optimized)"}, {"Node Type": "Hash", "Parent Relationship": "Inner", "Startup Cost": 426413.79, "Total Cost": 426413.79, "Plan Rows": 14999479, "Plan Width": 24, "Plans": [{"Node Type": "Seq Scan", "Parent Relationship": "Outer", "Relation Name": "orders", "Alias": "orders", "Startup Cost": 0.0, "Total Cost": 426413.79, "Plan Rows": 14999479, "Plan Width": 24}]}]}]}]}, "Unique SQL Id": 2036526415, "Planner Runtime": 0}, "explain_analyze_plan": {"Plan": {"Node Type": "Sort", "Startup Cost": 3388066.29, "Total Cost": 3388066.29, "Plan Rows": 1, "Plan Width": 27, "Actual Startup Time": 36475.758, "Actual Total Time": 36475.758, "Actual Rows": 2, "Actual Loops": 1, "Sort Key": ["lineitem.l_shipmode"], "Sort Method": "quicksort", "Sort Space Used": 25, "Sort Space Type": "Memory", "Plans": [{"Node Type": "Aggregate", "Strategy": "Hashed", "Parent Relationship": "Outer", "Startup Cost": 3388066.27, "Total Cost": 3388066.28, "Plan Rows": 1, "Plan Width": 27, "Actual Startup Time": 36475.716, "Actual Total Time": 36475.717, "Actual Rows": 2, "Actual Loops": 1, "Group By Key": ["lineitem.l_shipmode"], "Plans": [{"Node Type": "Hash Join", "Parent Relationship": "Outer", "Join Type": "Inner", "Startup Cost": 613940.4, "Total Cost": 3382911.05, "Plan Rows": 294584, "Plan Width": 27, "Actual Startup Time": 11018.489, "Actual Total Time": 36156.406, "Actual Rows": 311248, "Actual Loops": 1, "Inner Unique": true, "Hash Cond": "(lineitem.l_orderkey = orders.o_orderkey), (LLVM Optimized, Jit Execute)", "Plans": [{"Node Type": "Seq Scan", "Parent Relationship": "Outer", "Relation Name": "lineitem", "Alias": "lineitem", "Startup Cost": 33.12, "Total Cost": 2764953.24, "Plan Rows": 294584, "Plan Width": 19, "Actual Startup Time": 0.356, "Actual Total Time": 24778.892, "Actual Rows": 311248, "Actual Loops": 1, "Filter": "((l_shipmode = ANY ('{RAIL,FOB}'::bpchar[])) AND (l_commitdate < l_receiptdate) AND (l_shipdate < l_commitdate) AND (l_receiptdate >= '1997-01-01 00:00:00'::timestamp(0) without time zone) AND (l_receiptdate < '1998-01-01 00:00:00'::timestamp without time zone)), (LLVM Optimized, Jit Execute)", "Rows Removed by Filter": 59674804}, {"Node Type": "Hash", "Parent Relationship": "Inner", "Startup Cost": 426413.79, "Total Cost": 426413.79, "Plan Rows": 14999479, "Plan Width": 24, "Actual Startup Time": 11008.206, "Actual Total Time": 11008.206, "Actual Rows": 15000000, "Actual Loops": 1, "Hash Buckets": 16777216, "Hash Batches": 1, "Original Hash Batches": 1, "Peak Memory Usage": 820313, "Plans": [{"Node Type": "Seq Scan", "Parent Relationship": "Outer", "Relation Name": "orders", "Alias": "orders", "Startup Cost": 0.0, "Total Cost": 426413.79, "Plan Rows": 14999479, "Plan Width": 24, "Actual Startup Time": 0.019, "Actual Total Time": 5315.86, "Actual Rows": 15000000, "Actual Loops": 1}]}]}]}]}, "Triggers": [], "Planner Runtime": 0.622, "Total Runtime": 36486.839, "Unique SQL Id": 2036526415}}, "(1, '33')": {"explain_plan": {"Plan": {"Node Type": "Sort", "Startup Cost": 4917669.35, "Total Cost": 4917669.35, "Plan Rows": 1, "Plan Width": 27, "Sort Key": ["lineitem.l_shipmode"], "Plans": [{"Node Type": "Aggregate", "Strategy": "Hashed", "Parent Relationship": "Outer", "Startup Cost": 4917669.33, "Total Cost": 4917669.34, "Plan Rows": 1, "Plan Width": 27, "Group By Key": ["lineitem.l_shipmode"], "Plans": [{"Node Type": "Hash Join", "Parent Relationship": "Outer", "Join Type": "Inner", "Startup Cost": 918471.92, "Total Cost": 4912514.11, "Plan Rows": 294584, "Plan Width": 27, "Inner Unique": true, "Hash Cond": "(lineitem.l_orderkey = orders.o_orderkey), (LLVM Optimized)", "Plans": [{"Node Type": "Index Scan", "Parent Relationship": "Outer", "Scan Direction": "Forward", "Index Name": "idx_lineitem_orderkey", "Relation Name": "lineitem", "Alias": "lineitem", "Startup Cost": 0.0, "Total Cost": 3989991.66, "Plan Rows": 294584, "Plan Width": 19, "Filter": "((l_shipmode = ANY ('{RAIL,FOB}'::bpchar[])) AND (l_commitdate < l_receiptdate) AND (l_shipdate < l_commitdate) AND (l_receiptdate >= '1997-01-01 00:00:00'::timestamp(0) without time zone) AND (l_receiptdate < '1998-01-01 00:00:00'::timestamp without time zone)), (LLVM Optimized)"}, {"Node Type": "Hash", "Parent Relationship": "Inner", "Startup Cost": 730978.44, "Total Cost": 730978.44, "Plan Rows": 14999479, "Plan Width": 24, "Plans": [{"Node Type": "Index Scan", "Parent Relationship": "Outer", "Scan Direction": "Forward", "Index Name": "orders_pkey", "Relation Name": "orders", "Alias": "orders", "Startup Cost": 0.0, "Total Cost": 730978.44, "Plan Rows": 14999479, "Plan Width": 24}]}]}]}]}, "Unique SQL Id": 2036526415, "Planner Runtime": 0}, "explain_analyze_plan": {"Plan": {"Node Type": "Sort", "Startup Cost": 4917669.35, "Total Cost": 4917669.35, "Plan Rows": 1, "Plan Width": 27, "Actual Startup Time": 65318.402, "Actual Total Time": 65318.402, "Actual Rows": 2, "Actual Loops": 1, "Sort Key": ["lineitem.l_shipmode"], "Sort Method": "quicksort", "Sort Space Used": 25, "Sort Space Type": "Memory", "Plans": [{"Node Type": "Aggregate", "Strategy": "Hashed", "Parent Relationship": "Outer", "Startup Cost": 4917669.33, "Total Cost": 4917669.34, "Plan Rows": 1, "Plan Width": 27, "Actual Startup Time": 65318.359, "Actual Total Time": 65318.361, "Actual Rows": 2, "Actual Loops": 1, "Group By Key": ["lineitem.l_shipmode"], "Plans": [{"Node Type": "Hash Join", "Parent Relationship": "Outer", "Join Type": "Inner", "Startup Cost": 918471.92, "Total Cost": 4912514.11, "Plan Rows": 294584, "Plan Width": 27, "Actual Startup Time": 15420.376, "Actual Total Time": 64981.395, "Actual Rows": 311248, "Actual Loops": 1, "Inner Unique": true, "Hash Cond": "(lineitem.l_orderkey = orders.o_orderkey), (LLVM Optimized, Jit Execute)", "Plans": [{"Node Type": "Index Scan", "Parent Relationship": "Outer", "Scan Direction": "Forward", "Index Name": "idx_lineitem_orderkey", "Relation Name": "lineitem", "Alias": "lineitem", "Startup Cost": 0.0, "Total Cost": 3989991.66, "Plan Rows": 294584, "Plan Width": 19, "Actual Startup Time": 0.497, "Actual Total Time": 49155.507, "Actual Rows": 311248, "Actual Loops": 1, "Filter": "((l_shipmode = ANY ('{RAIL,FOB}'::bpchar[])) AND (l_commitdate < l_receiptdate) AND (l_shipdate < l_commitdate) AND (l_receiptdate >= '1997-01-01 00:00:00'::timestamp(0) without time zone) AND (l_receiptdate < '1998-01-01 00:00:00'::timestamp without time zone)), (LLVM Optimized, Jit Execute)", "Rows Removed by Filter": 59674804}, {"Node Type": "Hash", "Parent Relationship": "Inner", "Startup Cost": 730978.44, "Total Cost": 730978.44, "Plan Rows": 14999479, "Plan Width": 24, "Actual Startup Time": 15410.04, "Actual Total Time": 15410.04, "Actual Rows": 15000000, "Actual Loops": 1, "Hash Buckets": 16777216, "Hash Batches": 1, "Original Hash Batches": 1, "Peak Memory Usage": 820313, "Plans": [{"Node Type": "Index Scan", "Parent Relationship": "Outer", "Scan Direction": "Forward", "Index Name": "orders_pkey", "Relation Name": "orders", "Alias": "orders", "Startup Cost": 0.0, "Total Cost": 730978.44, "Plan Rows": 14999479, "Plan Width": 24, "Actual Startup Time": 0.042, "Actual Total Time": 9253.642, "Actual Rows": 15000000, "Actual Loops": 1}]}]}]}]}, "Triggers": [], "Planner Runtime": 0.416, "Total Runtime": 65329.466, "Unique SQL Id": 2036526415}}, "(1, '34')": {"explain_plan": {"Plan": {"Node Type": "Sort", "Startup Cost": 3388066.29, "Total Cost": 3388066.29, "Plan Rows": 1, "Plan Width": 27, "Sort Key": ["lineitem.l_shipmode"], "Plans": [{"Node Type": "Aggregate", "Strategy": "Hashed", "Parent Relationship": "Outer", "Startup Cost": 3388066.27, "Total Cost": 3388066.28, "Plan Rows": 1, "Plan Width": 27, "Group By Key": ["lineitem.l_shipmode"], "Plans": [{"Node Type": "Hash Join", "Parent Relationship": "Outer", "Join Type": "Inner", "Startup Cost": 613940.4, "Total Cost": 3382911.05, "Plan Rows": 294584, "Plan Width": 27, "Inner Unique": true, "Hash Cond": "(lineitem.l_orderkey = orders.o_orderkey), (LLVM Optimized)", "Plans": [{"Node Type": "Seq Scan", "Parent Relationship": "Outer", "Relation Name": "lineitem", "Alias": "lineitem", "Startup Cost": 33.12, "Total Cost": 2764953.24, "Plan Rows": 294584, "Plan Width": 19, "Filter": "((l_shipmode = ANY ('{RAIL,FOB}'::bpchar[])) AND (l_commitdate < l_receiptdate) AND (l_shipdate < l_commitdate) AND (l_receiptdate >= '1997-01-01 00:00:00'::timestamp(0) without time zone) AND (l_receiptdate < '1998-01-01 00:00:00'::timestamp without time zone)), (LLVM Optimized)"}, {"Node Type": "Hash", "Parent Relationship": "Inner", "Startup Cost": 426413.79, "Total Cost": 426413.79, "Plan Rows": 14999479, "Plan Width": 24, "Plans": [{"Node Type": "Seq Scan", "Parent Relationship": "Outer", "Relation Name": "orders", "Alias": "orders", "Startup Cost": 0.0, "Total Cost": 426413.79, "Plan Rows": 14999479, "Plan Width": 24}]}]}]}]}, "Unique SQL Id": 2036526415, "Planner Runtime": 0}, "explain_analyze_plan": {"Plan": {"Node Type": "Sort", "Startup Cost": 3388066.29, "Total Cost": 3388066.29, "Plan Rows": 1, "Plan Width": 27, "Actual Startup Time": 36475.758, "Actual Total Time": 36475.758, "Actual Rows": 2, "Actual Loops": 1, "Sort Key": ["lineitem.l_shipmode"], "Sort Method": "quicksort", "Sort Space Used": 25, "Sort Space Type": "Memory", "Plans": [{"Node Type": "Aggregate", "Strategy": "Hashed", "Parent Relationship": "Outer", "Startup Cost": 3388066.27, "Total Cost": 3388066.28, "Plan Rows": 1, "Plan Width": 27, "Actual Startup Time": 36475.716, "Actual Total Time": 36475.717, "Actual Rows": 2, "Actual Loops": 1, "Group By Key": ["lineitem.l_shipmode"], "Plans": [{"Node Type": "Hash Join", "Parent Relationship": "Outer", "Join Type": "Inner", "Startup Cost": 613940.4, "Total Cost": 3382911.05, "Plan Rows": 294584, "Plan Width": 27, "Actual Startup Time": 11018.489, "Actual Total Time": 36156.406, "Actual Rows": 311248, "Actual Loops": 1, "Inner Unique": true, "Hash Cond": "(lineitem.l_orderkey = orders.o_orderkey), (LLVM Optimized, Jit Execute)", "Plans": [{"Node Type": "Seq Scan", "Parent Relationship": "Outer", "Relation Name": "lineitem", "Alias": "lineitem", "Startup Cost": 33.12, "Total Cost": 2764953.24, "Plan Rows": 294584, "Plan Width": 19, "Actual Startup Time": 0.356, "Actual Total Time": 24778.892, "Actual Rows": 311248, "Actual Loops": 1, "Filter": "((l_shipmode = ANY ('{RAIL,FOB}'::bpchar[])) AND (l_commitdate < l_receiptdate) AND (l_shipdate < l_commitdate) AND (l_receiptdate >= '1997-01-01 00:00:00'::timestamp(0) without time zone) AND (l_receiptdate < '1998-01-01 00:00:00'::timestamp without time zone)), (LLVM Optimized, Jit Execute)", "Rows Removed by Filter": 59674804}, {"Node Type": "Hash", "Parent Relationship": "Inner", "Startup Cost": 426413.79, "Total Cost": 426413.79, "Plan Rows": 14999479, "Plan Width": 24, "Actual Startup Time": 11008.206, "Actual Total Time": 11008.206, "Actual Rows": 15000000, "Actual Loops": 1, "Hash Buckets": 16777216, "Hash Batches": 1, "Original Hash Batches": 1, "Peak Memory Usage": 820313, "Plans": [{"Node Type": "Seq Scan", "Parent Relationship": "Outer", "Relation Name": "orders", "Alias": "orders", "Startup Cost": 0.0, "Total Cost": 426413.79, "Plan Rows": 14999479, "Plan Width": 24, "Actual Startup Time": 0.019, "Actual Total Time": 5315.86, "Actual Rows": 15000000, "Actual Loops": 1}]}]}]}]}, "Triggers": [], "Planner Runtime": 0.622, "Total Runtime": 36486.839, "Unique SQL Id": 2036526415}}, "(1, '35')": {"explain_plan": {"Plan": {"Node Type": "Sort", "Startup Cost": 1000142316976.76, "Total Cost": 1000142316976.76, "Plan Rows": 1, "Plan Width": 27, "Sort Key": ["lineitem.l_shipmode"], "Plans": [{"Node Type": "Aggregate", "Strategy": "Hashed", "Parent Relationship": "Outer", "Startup Cost": 1000142316976.74, "Total Cost": 1000142316976.75, "Plan Rows": 1, "Plan Width": 27, "Group By Key": ["lineitem.l_shipmode"], "Plans": [{"Node Type": "Nested Loop", "Parent Relationship": "Outer", "Join Type": "Inner", "Startup Cost": 10000000000.38, "Total Cost": 1000142311821.52, "Plan Rows": 294584, "Plan Width": 27, "Inner Unique": false, "Plans": [{"Node Type": "Index Scan", "Parent Relationship": "Outer", "Scan Direction": "Forward", "Index Name": "orders_pkey", "Relation Name": "orders", "Alias": "orders", "Startup Cost": 10000000000.0, "Total Cost": 1000073097843.5, "Plan Rows": 14999479, "Plan Width": 24}, {"Node Type": "Bitmap Heap Scan", "Parent Relationship": "Inner", "Relation Name": "lineitem", "Alias": "lineitem", "Startup Cost": 0.38, "Total Cost": 4.6, "Plan Rows": 1, "Plan Width": 19, "Recheck Cond": "(l_orderkey = orders.o_orderkey)", "Filter": "((l_shipmode = ANY ('{RAIL,FOB}'::bpchar[])) AND (l_commitdate < l_receiptdate) AND (l_shipdate < l_commitdate) AND (l_receiptdate >= '1997-01-01 00:00:00'::timestamp(0) without time zone) AND (l_receiptdate < '1998-01-01 00:00:00'::timestamp without time zone))", "Plans": [{"Node Type": "Bitmap Index Scan", "Parent Relationship": "Outer", "Index Name": "idx_lineitem_orderkey", "Startup Cost": 0.0, "Total Cost": 0.38, "Plan Rows": 9, "Plan Width": 0, "Index Cond": "(l_orderkey = orders.o_orderkey)"}]}]}]}]}, "Unique SQL Id": 2036526415, "Planner Runtime": 0}, "explain_analyze_plan": null}, "(1, '36')": {"explain_plan": {"Plan": {"Node Type": "Sort", "Startup Cost": 3388066.29, "Total Cost": 3388066.29, "Plan Rows": 1, "Plan Width": 27, "Sort Key": ["lineitem.l_shipmode"], "Plans": [{"Node Type": "Aggregate", "Strategy": "Hashed", "Parent Relationship": "Outer", "Startup Cost": 3388066.27, "Total Cost": 3388066.28, "Plan Rows": 1, "Plan Width": 27, "Group By Key": ["lineitem.l_shipmode"], "Plans": [{"Node Type": "Hash Join", "Parent Relationship": "Outer", "Join Type": "Inner", "Startup Cost": 613940.4, "Total Cost": 3382911.05, "Plan Rows": 294584, "Plan Width": 27, "Inner Unique": true, "Hash Cond": "(lineitem.l_orderkey = orders.o_orderkey), (LLVM Optimized)", "Plans": [{"Node Type": "Seq Scan", "Parent Relationship": "Outer", "Relation Name": "lineitem", "Alias": "lineitem", "Startup Cost": 33.12, "Total Cost": 2764953.24, "Plan Rows": 294584, "Plan Width": 19, "Filter": "((l_shipmode = ANY ('{RAIL,FOB}'::bpchar[])) AND (l_commitdate < l_receiptdate) AND (l_shipdate < l_commitdate) AND (l_receiptdate >= '1997-01-01 00:00:00'::timestamp(0) without time zone) AND (l_receiptdate < '1998-01-01 00:00:00'::timestamp without time zone)), (LLVM Optimized)"}, {"Node Type": "Hash", "Parent Relationship": "Inner", "Startup Cost": 426413.79, "Total Cost": 426413.79, "Plan Rows": 14999479, "Plan Width": 24, "Plans": [{"Node Type": "Seq Scan", "Parent Relationship": "Outer", "Relation Name": "orders", "Alias": "orders", "Startup Cost": 0.0, "Total Cost": 426413.79, "Plan Rows": 14999479, "Plan Width": 24}]}]}]}]}, "Unique SQL Id": 2036526415, "Planner Runtime": 0}, "explain_analyze_plan": {"Plan": {"Node Type": "Sort", "Startup Cost": 3388066.29, "Total Cost": 3388066.29, "Plan Rows": 1, "Plan Width": 27, "Actual Startup Time": 36475.758, "Actual Total Time": 36475.758, "Actual Rows": 2, "Actual Loops": 1, "Sort Key": ["lineitem.l_shipmode"], "Sort Method": "quicksort", "Sort Space Used": 25, "Sort Space Type": "Memory", "Plans": [{"Node Type": "Aggregate", "Strategy": "Hashed", "Parent Relationship": "Outer", "Startup Cost": 3388066.27, "Total Cost": 3388066.28, "Plan Rows": 1, "Plan Width": 27, "Actual Startup Time": 36475.716, "Actual Total Time": 36475.717, "Actual Rows": 2, "Actual Loops": 1, "Group By Key": ["lineitem.l_shipmode"], "Plans": [{"Node Type": "Hash Join", "Parent Relationship": "Outer", "Join Type": "Inner", "Startup Cost": 613940.4, "Total Cost": 3382911.05, "Plan Rows": 294584, "Plan Width": 27, "Actual Startup Time": 11018.489, "Actual Total Time": 36156.406, "Actual Rows": 311248, "Actual Loops": 1, "Inner Unique": true, "Hash Cond": "(lineitem.l_orderkey = orders.o_orderkey), (LLVM Optimized, Jit Execute)", "Plans": [{"Node Type": "Seq Scan", "Parent Relationship": "Outer", "Relation Name": "lineitem", "Alias": "lineitem", "Startup Cost": 33.12, "Total Cost": 2764953.24, "Plan Rows": 294584, "Plan Width": 19, "Actual Startup Time": 0.356, "Actual Total Time": 24778.892, "Actual Rows": 311248, "Actual Loops": 1, "Filter": "((l_shipmode = ANY ('{RAIL,FOB}'::bpchar[])) AND (l_commitdate < l_receiptdate) AND (l_shipdate < l_commitdate) AND (l_receiptdate >= '1997-01-01 00:00:00'::timestamp(0) without time zone) AND (l_receiptdate < '1998-01-01 00:00:00'::timestamp without time zone)), (LLVM Optimized, Jit Execute)", "Rows Removed by Filter": 59674804}, {"Node Type": "Hash", "Parent Relationship": "Inner", "Startup Cost": 426413.79, "Total Cost": 426413.79, "Plan Rows": 14999479, "Plan Width": 24, "Actual Startup Time": 11008.206, "Actual Total Time": 11008.206, "Actual Rows": 15000000, "Actual Loops": 1, "Hash Buckets": 16777216, "Hash Batches": 1, "Original Hash Batches": 1, "Peak Memory Usage": 820313, "Plans": [{"Node Type": "Seq Scan", "Parent Relationship": "Outer", "Relation Name": "orders", "Alias": "orders", "Startup Cost": 0.0, "Total Cost": 426413.79, "Plan Rows": 14999479, "Plan Width": 24, "Actual Startup Time": 0.019, "Actual Total Time": 5315.86, "Actual Rows": 15000000, "Actual Loops": 1}]}]}]}]}, "Triggers": [], "Planner Runtime": 0.622, "Total Runtime": 36486.839, "Unique SQL Id": 2036526415}}, "(1, '37')": {"explain_plan": {"Plan": {"Node Type": "Sort", "Startup Cost": 4917669.35, "Total Cost": 4917669.35, "Plan Rows": 1, "Plan Width": 27, "Sort Key": ["lineitem.l_shipmode"], "Plans": [{"Node Type": "Aggregate", "Strategy": "Hashed", "Parent Relationship": "Outer", "Startup Cost": 4917669.33, "Total Cost": 4917669.34, "Plan Rows": 1, "Plan Width": 27, "Group By Key": ["lineitem.l_shipmode"], "Plans": [{"Node Type": "Hash Join", "Parent Relationship": "Outer", "Join Type": "Inner", "Startup Cost": 918471.92, "Total Cost": 4912514.11, "Plan Rows": 294584, "Plan Width": 27, "Inner Unique": true, "Hash Cond": "(lineitem.l_orderkey = orders.o_orderkey), (LLVM Optimized)", "Plans": [{"Node Type": "Index Scan", "Parent Relationship": "Outer", "Scan Direction": "Forward", "Index Name": "idx_lineitem_orderkey", "Relation Name": "lineitem", "Alias": "lineitem", "Startup Cost": 0.0, "Total Cost": 3989991.66, "Plan Rows": 294584, "Plan Width": 19, "Filter": "((l_shipmode = ANY ('{RAIL,FOB}'::bpchar[])) AND (l_commitdate < l_receiptdate) AND (l_shipdate < l_commitdate) AND (l_receiptdate >= '1997-01-01 00:00:00'::timestamp(0) without time zone) AND (l_receiptdate < '1998-01-01 00:00:00'::timestamp without time zone)), (LLVM Optimized)"}, {"Node Type": "Hash", "Parent Relationship": "Inner", "Startup Cost": 730978.44, "Total Cost": 730978.44, "Plan Rows": 14999479, "Plan Width": 24, "Plans": [{"Node Type": "Index Scan", "Parent Relationship": "Outer", "Scan Direction": "Forward", "Index Name": "orders_pkey", "Relation Name": "orders", "Alias": "orders", "Startup Cost": 0.0, "Total Cost": 730978.44, "Plan Rows": 14999479, "Plan Width": 24}]}]}]}]}, "Unique SQL Id": 2036526415, "Planner Runtime": 0}, "explain_analyze_plan": {"Plan": {"Node Type": "Sort", "Startup Cost": 4917669.35, "Total Cost": 4917669.35, "Plan Rows": 1, "Plan Width": 27, "Actual Startup Time": 65318.402, "Actual Total Time": 65318.402, "Actual Rows": 2, "Actual Loops": 1, "Sort Key": ["lineitem.l_shipmode"], "Sort Method": "quicksort", "Sort Space Used": 25, "Sort Space Type": "Memory", "Plans": [{"Node Type": "Aggregate", "Strategy": "Hashed", "Parent Relationship": "Outer", "Startup Cost": 4917669.33, "Total Cost": 4917669.34, "Plan Rows": 1, "Plan Width": 27, "Actual Startup Time": 65318.359, "Actual Total Time": 65318.361, "Actual Rows": 2, "Actual Loops": 1, "Group By Key": ["lineitem.l_shipmode"], "Plans": [{"Node Type": "Hash Join", "Parent Relationship": "Outer", "Join Type": "Inner", "Startup Cost": 918471.92, "Total Cost": 4912514.11, "Plan Rows": 294584, "Plan Width": 27, "Actual Startup Time": 15420.376, "Actual Total Time": 64981.395, "Actual Rows": 311248, "Actual Loops": 1, "Inner Unique": true, "Hash Cond": "(lineitem.l_orderkey = orders.o_orderkey), (LLVM Optimized, Jit Execute)", "Plans": [{"Node Type": "Index Scan", "Parent Relationship": "Outer", "Scan Direction": "Forward", "Index Name": "idx_lineitem_orderkey", "Relation Name": "lineitem", "Alias": "lineitem", "Startup Cost": 0.0, "Total Cost": 3989991.66, "Plan Rows": 294584, "Plan Width": 19, "Actual Startup Time": 0.497, "Actual Total Time": 49155.507, "Actual Rows": 311248, "Actual Loops": 1, "Filter": "((l_shipmode = ANY ('{RAIL,FOB}'::bpchar[])) AND (l_commitdate < l_receiptdate) AND (l_shipdate < l_commitdate) AND (l_receiptdate >= '1997-01-01 00:00:00'::timestamp(0) without time zone) AND (l_receiptdate < '1998-01-01 00:00:00'::timestamp without time zone)), (LLVM Optimized, Jit Execute)", "Rows Removed by Filter": 59674804}, {"Node Type": "Hash", "Parent Relationship": "Inner", "Startup Cost": 730978.44, "Total Cost": 730978.44, "Plan Rows": 14999479, "Plan Width": 24, "Actual Startup Time": 15410.04, "Actual Total Time": 15410.04, "Actual Rows": 15000000, "Actual Loops": 1, "Hash Buckets": 16777216, "Hash Batches": 1, "Original Hash Batches": 1, "Peak Memory Usage": 820313, "Plans": [{"Node Type": "Index Scan", "Parent Relationship": "Outer", "Scan Direction": "Forward", "Index Name": "orders_pkey", "Relation Name": "orders", "Alias": "orders", "Startup Cost": 0.0, "Total Cost": 730978.44, "Plan Rows": 14999479, "Plan Width": 24, "Actual Startup Time": 0.042, "Actual Total Time": 9253.642, "Actual Rows": 15000000, "Actual Loops": 1}]}]}]}]}, "Triggers": [], "Planner Runtime": 0.416, "Total Runtime": 65329.466, "Unique SQL Id": 2036526415}}, "(1, '38')": {"explain_plan": {"Plan": {"Node Type": "Sort", "Startup Cost": 3388066.29, "Total Cost": 3388066.29, "Plan Rows": 1, "Plan Width": 27, "Sort Key": ["lineitem.l_shipmode"], "Plans": [{"Node Type": "Aggregate", "Strategy": "Hashed", "Parent Relationship": "Outer", "Startup Cost": 3388066.27, "Total Cost": 3388066.28, "Plan Rows": 1, "Plan Width": 27, "Group By Key": ["lineitem.l_shipmode"], "Plans": [{"Node Type": "Hash Join", "Parent Relationship": "Outer", "Join Type": "Inner", "Startup Cost": 613940.4, "Total Cost": 3382911.05, "Plan Rows": 294584, "Plan Width": 27, "Inner Unique": true, "Hash Cond": "(lineitem.l_orderkey = orders.o_orderkey), (LLVM Optimized)", "Plans": [{"Node Type": "Seq Scan", "Parent Relationship": "Outer", "Relation Name": "lineitem", "Alias": "lineitem", "Startup Cost": 33.12, "Total Cost": 2764953.24, "Plan Rows": 294584, "Plan Width": 19, "Filter": "((l_shipmode = ANY ('{RAIL,FOB}'::bpchar[])) AND (l_commitdate < l_receiptdate) AND (l_shipdate < l_commitdate) AND (l_receiptdate >= '1997-01-01 00:00:00'::timestamp(0) without time zone) AND (l_receiptdate < '1998-01-01 00:00:00'::timestamp without time zone)), (LLVM Optimized)"}, {"Node Type": "Hash", "Parent Relationship": "Inner", "Startup Cost": 426413.79, "Total Cost": 426413.79, "Plan Rows": 14999479, "Plan Width": 24, "Plans": [{"Node Type": "Seq Scan", "Parent Relationship": "Outer", "Relation Name": "orders", "Alias": "orders", "Startup Cost": 0.0, "Total Cost": 426413.79, "Plan Rows": 14999479, "Plan Width": 24}]}]}]}]}, "Unique SQL Id": 2036526415, "Planner Runtime": 0}, "explain_analyze_plan": {"Plan": {"Node Type": "Sort", "Startup Cost": 3388066.29, "Total Cost": 3388066.29, "Plan Rows": 1, "Plan Width": 27, "Actual Startup Time": 36475.758, "Actual Total Time": 36475.758, "Actual Rows": 2, "Actual Loops": 1, "Sort Key": ["lineitem.l_shipmode"], "Sort Method": "quicksort", "Sort Space Used": 25, "Sort Space Type": "Memory", "Plans": [{"Node Type": "Aggregate", "Strategy": "Hashed", "Parent Relationship": "Outer", "Startup Cost": 3388066.27, "Total Cost": 3388066.28, "Plan Rows": 1, "Plan Width": 27, "Actual Startup Time": 36475.716, "Actual Total Time": 36475.717, "Actual Rows": 2, "Actual Loops": 1, "Group By Key": ["lineitem.l_shipmode"], "Plans": [{"Node Type": "Hash Join", "Parent Relationship": "Outer", "Join Type": "Inner", "Startup Cost": 613940.4, "Total Cost": 3382911.05, "Plan Rows": 294584, "Plan Width": 27, "Actual Startup Time": 11018.489, "Actual Total Time": 36156.406, "Actual Rows": 311248, "Actual Loops": 1, "Inner Unique": true, "Hash Cond": "(lineitem.l_orderkey = orders.o_orderkey), (LLVM Optimized, Jit Execute)", "Plans": [{"Node Type": "Seq Scan", "Parent Relationship": "Outer", "Relation Name": "lineitem", "Alias": "lineitem", "Startup Cost": 33.12, "Total Cost": 2764953.24, "Plan Rows": 294584, "Plan Width": 19, "Actual Startup Time": 0.356, "Actual Total Time": 24778.892, "Actual Rows": 311248, "Actual Loops": 1, "Filter": "((l_shipmode = ANY ('{RAIL,FOB}'::bpchar[])) AND (l_commitdate < l_receiptdate) AND (l_shipdate < l_commitdate) AND (l_receiptdate >= '1997-01-01 00:00:00'::timestamp(0) without time zone) AND (l_receiptdate < '1998-01-01 00:00:00'::timestamp without time zone)), (LLVM Optimized, Jit Execute)", "Rows Removed by Filter": 59674804}, {"Node Type": "Hash", "Parent Relationship": "Inner", "Startup Cost": 426413.79, "Total Cost": 426413.79, "Plan Rows": 14999479, "Plan Width": 24, "Actual Startup Time": 11008.206, "Actual Total Time": 11008.206, "Actual Rows": 15000000, "Actual Loops": 1, "Hash Buckets": 16777216, "Hash Batches": 1, "Original Hash Batches": 1, "Peak Memory Usage": 820313, "Plans": [{"Node Type": "Seq Scan", "Parent Relationship": "Outer", "Relation Name": "orders", "Alias": "orders", "Startup Cost": 0.0, "Total Cost": 426413.79, "Plan Rows": 14999479, "Plan Width": 24, "Actual Startup Time": 0.019, "Actual Total Time": 5315.86, "Actual Rows": 15000000, "Actual Loops": 1}]}]}]}]}, "Triggers": [], "Planner Runtime": 0.622, "Total Runtime": 36486.839, "Unique SQL Id": 2036526415}}, "(1, '39')": {"explain_plan": {"Plan": {"Node Type": "Sort", "Startup Cost": 1000142316976.76, "Total Cost": 1000142316976.76, "Plan Rows": 1, "Plan Width": 27, "Sort Key": ["lineitem.l_shipmode"], "Plans": [{"Node Type": "Aggregate", "Strategy": "Hashed", "Parent Relationship": "Outer", "Startup Cost": 1000142316976.74, "Total Cost": 1000142316976.75, "Plan Rows": 1, "Plan Width": 27, "Group By Key": ["lineitem.l_shipmode"], "Plans": [{"Node Type": "Nested Loop", "Parent Relationship": "Outer", "Join Type": "Inner", "Startup Cost": 10000000000.38, "Total Cost": 1000142311821.52, "Plan Rows": 294584, "Plan Width": 27, "Inner Unique": false, "Plans": [{"Node Type": "Index Scan", "Parent Relationship": "Outer", "Scan Direction": "Forward", "Index Name": "orders_pkey", "Relation Name": "orders", "Alias": "orders", "Startup Cost": 10000000000.0, "Total Cost": 1000073097843.5, "Plan Rows": 14999479, "Plan Width": 24}, {"Node Type": "Bitmap Heap Scan", "Parent Relationship": "Inner", "Relation Name": "lineitem", "Alias": "lineitem", "Startup Cost": 0.38, "Total Cost": 4.6, "Plan Rows": 1, "Plan Width": 19, "Recheck Cond": "(l_orderkey = orders.o_orderkey)", "Filter": "((l_shipmode = ANY ('{RAIL,FOB}'::bpchar[])) AND (l_commitdate < l_receiptdate) AND (l_shipdate < l_commitdate) AND (l_receiptdate >= '1997-01-01 00:00:00'::timestamp(0) without time zone) AND (l_receiptdate < '1998-01-01 00:00:00'::timestamp without time zone))", "Plans": [{"Node Type": "Bitmap Index Scan", "Parent Relationship": "Outer", "Index Name": "idx_lineitem_orderkey", "Startup Cost": 0.0, "Total Cost": 0.38, "Plan Rows": 9, "Plan Width": 0, "Index Cond": "(l_orderkey = orders.o_orderkey)"}]}]}]}]}, "Unique SQL Id": 2036526415, "Planner Runtime": 0}, "explain_analyze_plan": null}, "(1, '40')": {"explain_plan": {"Plan": {"Node Type": "Sort", "Startup Cost": 3388066.29, "Total Cost": 3388066.29, "Plan Rows": 1, "Plan Width": 27, "Sort Key": ["lineitem.l_shipmode"], "Plans": [{"Node Type": "Aggregate", "Strategy": "Hashed", "Parent Relationship": "Outer", "Startup Cost": 3388066.27, "Total Cost": 3388066.28, "Plan Rows": 1, "Plan Width": 27, "Group By Key": ["lineitem.l_shipmode"], "Plans": [{"Node Type": "Hash Join", "Parent Relationship": "Outer", "Join Type": "Inner", "Startup Cost": 613940.4, "Total Cost": 3382911.05, "Plan Rows": 294584, "Plan Width": 27, "Inner Unique": true, "Hash Cond": "(lineitem.l_orderkey = orders.o_orderkey), (LLVM Optimized)", "Plans": [{"Node Type": "Seq Scan", "Parent Relationship": "Outer", "Relation Name": "lineitem", "Alias": "lineitem", "Startup Cost": 33.12, "Total Cost": 2764953.24, "Plan Rows": 294584, "Plan Width": 19, "Filter": "((l_shipmode = ANY ('{RAIL,FOB}'::bpchar[])) AND (l_commitdate < l_receiptdate) AND (l_shipdate < l_commitdate) AND (l_receiptdate >= '1997-01-01 00:00:00'::timestamp(0) without time zone) AND (l_receiptdate < '1998-01-01 00:00:00'::timestamp without time zone)), (LLVM Optimized)"}, {"Node Type": "Hash", "Parent Relationship": "Inner", "Startup Cost": 426413.79, "Total Cost": 426413.79, "Plan Rows": 14999479, "Plan Width": 24, "Plans": [{"Node Type": "Seq Scan", "Parent Relationship": "Outer", "Relation Name": "orders", "Alias": "orders", "Startup Cost": 0.0, "Total Cost": 426413.79, "Plan Rows": 14999479, "Plan Width": 24}]}]}]}]}, "Unique SQL Id": 2036526415, "Planner Runtime": 0}, "explain_analyze_plan": {"Plan": {"Node Type": "Sort", "Startup Cost": 3388066.29, "Total Cost": 3388066.29, "Plan Rows": 1, "Plan Width": 27, "Actual Startup Time": 36475.758, "Actual Total Time": 36475.758, "Actual Rows": 2, "Actual Loops": 1, "Sort Key": ["lineitem.l_shipmode"], "Sort Method": "quicksort", "Sort Space Used": 25, "Sort Space Type": "Memory", "Plans": [{"Node Type": "Aggregate", "Strategy": "Hashed", "Parent Relationship": "Outer", "Startup Cost": 3388066.27, "Total Cost": 3388066.28, "Plan Rows": 1, "Plan Width": 27, "Actual Startup Time": 36475.716, "Actual Total Time": 36475.717, "Actual Rows": 2, "Actual Loops": 1, "Group By Key": ["lineitem.l_shipmode"], "Plans": [{"Node Type": "Hash Join", "Parent Relationship": "Outer", "Join Type": "Inner", "Startup Cost": 613940.4, "Total Cost": 3382911.05, "Plan Rows": 294584, "Plan Width": 27, "Actual Startup Time": 11018.489, "Actual Total Time": 36156.406, "Actual Rows": 311248, "Actual Loops": 1, "Inner Unique": true, "Hash Cond": "(lineitem.l_orderkey = orders.o_orderkey), (LLVM Optimized, Jit Execute)", "Plans": [{"Node Type": "Seq Scan", "Parent Relationship": "Outer", "Relation Name": "lineitem", "Alias": "lineitem", "Startup Cost": 33.12, "Total Cost": 2764953.24, "Plan Rows": 294584, "Plan Width": 19, "Actual Startup Time": 0.356, "Actual Total Time": 24778.892, "Actual Rows": 311248, "Actual Loops": 1, "Filter": "((l_shipmode = ANY ('{RAIL,FOB}'::bpchar[])) AND (l_commitdate < l_receiptdate) AND (l_shipdate < l_commitdate) AND (l_receiptdate >= '1997-01-01 00:00:00'::timestamp(0) without time zone) AND (l_receiptdate < '1998-01-01 00:00:00'::timestamp without time zone)), (LLVM Optimized, Jit Execute)", "Rows Removed by Filter": 59674804}, {"Node Type": "Hash", "Parent Relationship": "Inner", "Startup Cost": 426413.79, "Total Cost": 426413.79, "Plan Rows": 14999479, "Plan Width": 24, "Actual Startup Time": 11008.206, "Actual Total Time": 11008.206, "Actual Rows": 15000000, "Actual Loops": 1, "Hash Buckets": 16777216, "Hash Batches": 1, "Original Hash Batches": 1, "Peak Memory Usage": 820313, "Plans": [{"Node Type": "Seq Scan", "Parent Relationship": "Outer", "Relation Name": "orders", "Alias": "orders", "Startup Cost": 0.0, "Total Cost": 426413.79, "Plan Rows": 14999479, "Plan Width": 24, "Actual Startup Time": 0.019, "Actual Total Time": 5315.86, "Actual Rows": 15000000, "Actual Loops": 1}]}]}]}]}, "Triggers": [], "Planner Runtime": 0.622, "Total Runtime": 36486.839, "Unique SQL Id": 2036526415}}, "(1, '41')": {"explain_plan": {"Plan": {"Node Type": "Sort", "Startup Cost": 4917669.35, "Total Cost": 4917669.35, "Plan Rows": 1, "Plan Width": 27, "Sort Key": ["lineitem.l_shipmode"], "Plans": [{"Node Type": "Aggregate", "Strategy": "Hashed", "Parent Relationship": "Outer", "Startup Cost": 4917669.33, "Total Cost": 4917669.34, "Plan Rows": 1, "Plan Width": 27, "Group By Key": ["lineitem.l_shipmode"], "Plans": [{"Node Type": "Hash Join", "Parent Relationship": "Outer", "Join Type": "Inner", "Startup Cost": 918471.92, "Total Cost": 4912514.11, "Plan Rows": 294584, "Plan Width": 27, "Inner Unique": true, "Hash Cond": "(lineitem.l_orderkey = orders.o_orderkey), (LLVM Optimized)", "Plans": [{"Node Type": "Index Scan", "Parent Relationship": "Outer", "Scan Direction": "Forward", "Index Name": "idx_lineitem_orderkey", "Relation Name": "lineitem", "Alias": "lineitem", "Startup Cost": 0.0, "Total Cost": 3989991.66, "Plan Rows": 294584, "Plan Width": 19, "Filter": "((l_shipmode = ANY ('{RAIL,FOB}'::bpchar[])) AND (l_commitdate < l_receiptdate) AND (l_shipdate < l_commitdate) AND (l_receiptdate >= '1997-01-01 00:00:00'::timestamp(0) without time zone) AND (l_receiptdate < '1998-01-01 00:00:00'::timestamp without time zone)), (LLVM Optimized)"}, {"Node Type": "Hash", "Parent Relationship": "Inner", "Startup Cost": 730978.44, "Total Cost": 730978.44, "Plan Rows": 14999479, "Plan Width": 24, "Plans": [{"Node Type": "Index Scan", "Parent Relationship": "Outer", "Scan Direction": "Forward", "Index Name": "orders_pkey", "Relation Name": "orders", "Alias": "orders", "Startup Cost": 0.0, "Total Cost": 730978.44, "Plan Rows": 14999479, "Plan Width": 24}]}]}]}]}, "Unique SQL Id": 2036526415, "Planner Runtime": 0}, "explain_analyze_plan": {"Plan": {"Node Type": "Sort", "Startup Cost": 4917669.35, "Total Cost": 4917669.35, "Plan Rows": 1, "Plan Width": 27, "Actual Startup Time": 65318.402, "Actual Total Time": 65318.402, "Actual Rows": 2, "Actual Loops": 1, "Sort Key": ["lineitem.l_shipmode"], "Sort Method": "quicksort", "Sort Space Used": 25, "Sort Space Type": "Memory", "Plans": [{"Node Type": "Aggregate", "Strategy": "Hashed", "Parent Relationship": "Outer", "Startup Cost": 4917669.33, "Total Cost": 4917669.34, "Plan Rows": 1, "Plan Width": 27, "Actual Startup Time": 65318.359, "Actual Total Time": 65318.361, "Actual Rows": 2, "Actual Loops": 1, "Group By Key": ["lineitem.l_shipmode"], "Plans": [{"Node Type": "Hash Join", "Parent Relationship": "Outer", "Join Type": "Inner", "Startup Cost": 918471.92, "Total Cost": 4912514.11, "Plan Rows": 294584, "Plan Width": 27, "Actual Startup Time": 15420.376, "Actual Total Time": 64981.395, "Actual Rows": 311248, "Actual Loops": 1, "Inner Unique": true, "Hash Cond": "(lineitem.l_orderkey = orders.o_orderkey), (LLVM Optimized, Jit Execute)", "Plans": [{"Node Type": "Index Scan", "Parent Relationship": "Outer", "Scan Direction": "Forward", "Index Name": "idx_lineitem_orderkey", "Relation Name": "lineitem", "Alias": "lineitem", "Startup Cost": 0.0, "Total Cost": 3989991.66, "Plan Rows": 294584, "Plan Width": 19, "Actual Startup Time": 0.497, "Actual Total Time": 49155.507, "Actual Rows": 311248, "Actual Loops": 1, "Filter": "((l_shipmode = ANY ('{RAIL,FOB}'::bpchar[])) AND (l_commitdate < l_receiptdate) AND (l_shipdate < l_commitdate) AND (l_receiptdate >= '1997-01-01 00:00:00'::timestamp(0) without time zone) AND (l_receiptdate < '1998-01-01 00:00:00'::timestamp without time zone)), (LLVM Optimized, Jit Execute)", "Rows Removed by Filter": 59674804}, {"Node Type": "Hash", "Parent Relationship": "Inner", "Startup Cost": 730978.44, "Total Cost": 730978.44, "Plan Rows": 14999479, "Plan Width": 24, "Actual Startup Time": 15410.04, "Actual Total Time": 15410.04, "Actual Rows": 15000000, "Actual Loops": 1, "Hash Buckets": 16777216, "Hash Batches": 1, "Original Hash Batches": 1, "Peak Memory Usage": 820313, "Plans": [{"Node Type": "Index Scan", "Parent Relationship": "Outer", "Scan Direction": "Forward", "Index Name": "orders_pkey", "Relation Name": "orders", "Alias": "orders", "Startup Cost": 0.0, "Total Cost": 730978.44, "Plan Rows": 14999479, "Plan Width": 24, "Actual Startup Time": 0.042, "Actual Total Time": 9253.642, "Actual Rows": 15000000, "Actual Loops": 1}]}]}]}]}, "Triggers": [], "Planner Runtime": 0.416, "Total Runtime": 65329.466, "Unique SQL Id": 2036526415}}, "(1, '42')": {"explain_plan": {"Plan": {"Node Type": "Sort", "Startup Cost": 3388066.29, "Total Cost": 3388066.29, "Plan Rows": 1, "Plan Width": 27, "Sort Key": ["lineitem.l_shipmode"], "Plans": [{"Node Type": "Aggregate", "Strategy": "Hashed", "Parent Relationship": "Outer", "Startup Cost": 3388066.27, "Total Cost": 3388066.28, "Plan Rows": 1, "Plan Width": 27, "Group By Key": ["lineitem.l_shipmode"], "Plans": [{"Node Type": "Hash Join", "Parent Relationship": "Outer", "Join Type": "Inner", "Startup Cost": 613940.4, "Total Cost": 3382911.05, "Plan Rows": 294584, "Plan Width": 27, "Inner Unique": true, "Hash Cond": "(lineitem.l_orderkey = orders.o_orderkey), (LLVM Optimized)", "Plans": [{"Node Type": "Seq Scan", "Parent Relationship": "Outer", "Relation Name": "lineitem", "Alias": "lineitem", "Startup Cost": 33.12, "Total Cost": 2764953.24, "Plan Rows": 294584, "Plan Width": 19, "Filter": "((l_shipmode = ANY ('{RAIL,FOB}'::bpchar[])) AND (l_commitdate < l_receiptdate) AND (l_shipdate < l_commitdate) AND (l_receiptdate >= '1997-01-01 00:00:00'::timestamp(0) without time zone) AND (l_receiptdate < '1998-01-01 00:00:00'::timestamp without time zone)), (LLVM Optimized)"}, {"Node Type": "Hash", "Parent Relationship": "Inner", "Startup Cost": 426413.79, "Total Cost": 426413.79, "Plan Rows": 14999479, "Plan Width": 24, "Plans": [{"Node Type": "Seq Scan", "Parent Relationship": "Outer", "Relation Name": "orders", "Alias": "orders", "Startup Cost": 0.0, "Total Cost": 426413.79, "Plan Rows": 14999479, "Plan Width": 24}]}]}]}]}, "Unique SQL Id": 2036526415, "Planner Runtime": 0}, "explain_analyze_plan": {"Plan": {"Node Type": "Sort", "Startup Cost": 3388066.29, "Total Cost": 3388066.29, "Plan Rows": 1, "Plan Width": 27, "Actual Startup Time": 36475.758, "Actual Total Time": 36475.758, "Actual Rows": 2, "Actual Loops": 1, "Sort Key": ["lineitem.l_shipmode"], "Sort Method": "quicksort", "Sort Space Used": 25, "Sort Space Type": "Memory", "Plans": [{"Node Type": "Aggregate", "Strategy": "Hashed", "Parent Relationship": "Outer", "Startup Cost": 3388066.27, "Total Cost": 3388066.28, "Plan Rows": 1, "Plan Width": 27, "Actual Startup Time": 36475.716, "Actual Total Time": 36475.717, "Actual Rows": 2, "Actual Loops": 1, "Group By Key": ["lineitem.l_shipmode"], "Plans": [{"Node Type": "Hash Join", "Parent Relationship": "Outer", "Join Type": "Inner", "Startup Cost": 613940.4, "Total Cost": 3382911.05, "Plan Rows": 294584, "Plan Width": 27, "Actual Startup Time": 11018.489, "Actual Total Time": 36156.406, "Actual Rows": 311248, "Actual Loops": 1, "Inner Unique": true, "Hash Cond": "(lineitem.l_orderkey = orders.o_orderkey), (LLVM Optimized, Jit Execute)", "Plans": [{"Node Type": "Seq Scan", "Parent Relationship": "Outer", "Relation Name": "lineitem", "Alias": "lineitem", "Startup Cost": 33.12, "Total Cost": 2764953.24, "Plan Rows": 294584, "Plan Width": 19, "Actual Startup Time": 0.356, "Actual Total Time": 24778.892, "Actual Rows": 311248, "Actual Loops": 1, "Filter": "((l_shipmode = ANY ('{RAIL,FOB}'::bpchar[])) AND (l_commitdate < l_receiptdate) AND (l_shipdate < l_commitdate) AND (l_receiptdate >= '1997-01-01 00:00:00'::timestamp(0) without time zone) AND (l_receiptdate < '1998-01-01 00:00:00'::timestamp without time zone)), (LLVM Optimized, Jit Execute)", "Rows Removed by Filter": 59674804}, {"Node Type": "Hash", "Parent Relationship": "Inner", "Startup Cost": 426413.79, "Total Cost": 426413.79, "Plan Rows": 14999479, "Plan Width": 24, "Actual Startup Time": 11008.206, "Actual Total Time": 11008.206, "Actual Rows": 15000000, "Actual Loops": 1, "Hash Buckets": 16777216, "Hash Batches": 1, "Original Hash Batches": 1, "Peak Memory Usage": 820313, "Plans": [{"Node Type": "Seq Scan", "Parent Relationship": "Outer", "Relation Name": "orders", "Alias": "orders", "Startup Cost": 0.0, "Total Cost": 426413.79, "Plan Rows": 14999479, "Plan Width": 24, "Actual Startup Time": 0.019, "Actual Total Time": 5315.86, "Actual Rows": 15000000, "Actual Loops": 1}]}]}]}]}, "Triggers": [], "Planner Runtime": 0.622, "Total Runtime": 36486.839, "Unique SQL Id": 2036526415}}, "(1, '43')": {"explain_plan": {"Plan": {"Node Type": "Sort", "Startup Cost": 2000472293708.51, "Total Cost": 2000472293708.51, "Plan Rows": 1, "Plan Width": 27, "Sort Key": ["lineitem.l_shipmode"], "Plans": [{"Node Type": "Aggregate", "Strategy": "Hashed", "Parent Relationship": "Outer", "Startup Cost": 2000472293708.49, "Total Cost": 2000472293708.5, "Plan Rows": 1, "Plan Width": 27, "Group By Key": ["lineitem.l_shipmode"], "Plans": [{"Node Type": "Hash Join", "Parent Relationship": "Outer", "Join Type": "Inner", "Startup Cost": 1010073285336.99, "Total Cost": 2000472288553.27, "Plan Rows": 294584, "Plan Width": 27, "Inner Unique": true, "Hash Cond": "(lineitem.l_orderkey = orders.o_orderkey), (LLVM Optimized)", "Plans": [{"Node Type": "Index Scan", "Parent Relationship": "Outer", "Scan Direction": "Forward", "Index Name": "idx_lineitem_orderkey", "Relation Name": "lineitem", "Alias": "lineitem", "Startup Cost": 10000000000.0, "Total Cost": 1000398999165.75, "Plan Rows": 294584, "Plan Width": 19, "Filter": "((l_shipmode = ANY ('{RAIL,FOB}'::bpchar[])) AND (l_commitdate < l_receiptdate) AND (l_shipdate < l_commitdate) AND (l_receiptdate >= '1997-01-01 00:00:00'::timestamp(0) without time zone) AND (l_receiptdate < '1998-01-01 00:00:00'::timestamp without time zone)), (LLVM Optimized)"}, {"Node Type": "Hash", "Parent Relationship": "Inner", "Startup Cost": 1000073097843.5, "Total Cost": 1000073097843.5, "Plan Rows": 14999479, "Plan Width": 24, "Plans": [{"Node Type": "Index Scan", "Parent Relationship": "Outer", "Scan Direction": "Forward", "Index Name": "orders_pkey", "Relation Name": "orders", "Alias": "orders", "Startup Cost": 10000000000.0, "Total Cost": 1000073097843.5, "Plan Rows": 14999479, "Plan Width": 24}]}]}]}]}, "Unique SQL Id": 2036526415, "Planner Runtime": 0}, "explain_analyze_plan": {"Plan": {"Node Type": "Sort", "Startup Cost": 2000472293708.51, "Total Cost": 2000472293708.51, "Plan Rows": 1, "Plan Width": 27, "Actual Startup Time": 64116.748, "Actual Total Time": 64116.749, "Actual Rows": 2, "Actual Loops": 1, "Sort Key": ["lineitem.l_shipmode"], "Sort Method": "quicksort", "Sort Space Used": 25, "Sort Space Type": "Memory", "Plans": [{"Node Type": "Aggregate", "Strategy": "Hashed", "Parent Relationship": "Outer", "Startup Cost": 2000472293708.49, "Total Cost": 2000472293708.5, "Plan Rows": 1, "Plan Width": 27, "Actual Startup Time": 64116.716, "Actual Total Time": 64116.717, "Actual Rows": 2, "Actual Loops": 1, "Group By Key": ["lineitem.l_shipmode"], "Plans": [{"Node Type": "Hash Join", "Parent Relationship": "Outer", "Join Type": "Inner", "Startup Cost": 1010073285336.99, "Total Cost": 2000472288553.27, "Plan Rows": 294584, "Plan Width": 27, "Actual Startup Time": 16398.191, "Actual Total Time": 63770.241, "Actual Rows": 311248, "Actual Loops": 1, "Inner Unique": true, "Hash Cond": "(lineitem.l_orderkey = orders.o_orderkey), (LLVM Optimized, Jit Execute)", "Plans": [{"Node Type": "Index Scan", "Parent Relationship": "Outer", "Scan Direction": "Forward", "Index Name": "idx_lineitem_orderkey", "Relation Name": "lineitem", "Alias": "lineitem", "Startup Cost": 10000000000.0, "Total Cost": 1000398999165.75, "Plan Rows": 294584, "Plan Width": 19, "Actual Startup Time": 0.519, "Actual Total Time": 46939.177, "Actual Rows": 311248, "Actual Loops": 1, "Filter": "((l_shipmode = ANY ('{RAIL,FOB}'::bpchar[])) AND (l_commitdate < l_receiptdate) AND (l_shipdate < l_commitdate) AND (l_receiptdate >= '1997-01-01 00:00:00'::timestamp(0) without time zone) AND (l_receiptdate < '1998-01-01 00:00:00'::timestamp without time zone)), (LLVM Optimized, Jit Execute)", "Rows Removed by Filter": 59674804}, {"Node Type": "Hash", "Parent Relationship": "Inner", "Startup Cost": 1000073097843.5, "Total Cost": 1000073097843.5, "Plan Rows": 14999479, "Plan Width": 24, "Actual Startup Time": 16387.736, "Actual Total Time": 16387.736, "Actual Rows": 15000000, "Actual Loops": 1, "Hash Buckets": 16777216, "Hash Batches": 1, "Original Hash Batches": 1, "Peak Memory Usage": 820313, "Plans": [{"Node Type": "Index Scan", "Parent Relationship": "Outer", "Scan Direction": "Forward", "Index Name": "orders_pkey", "Relation Name": "orders", "Alias": "orders", "Startup Cost": 10000000000.0, "Total Cost": 1000073097843.5, "Plan Rows": 14999479, "Plan Width": 24, "Actual Startup Time": 0.04, "Actual Total Time": 9770.973, "Actual Rows": 15000000, "Actual Loops": 1}]}]}]}]}, "Triggers": [], "Planner Runtime": 0.417, "Total Runtime": 64127.838, "Unique SQL Id": 2036526415}}, "(1, '44')": {"explain_plan": {"Plan": {"Node Type": "Sort", "Startup Cost": 3388066.29, "Total Cost": 3388066.29, "Plan Rows": 1, "Plan Width": 27, "Sort Key": ["lineitem.l_shipmode"], "Plans": [{"Node Type": "Aggregate", "Strategy": "Hashed", "Parent Relationship": "Outer", "Startup Cost": 3388066.27, "Total Cost": 3388066.28, "Plan Rows": 1, "Plan Width": 27, "Group By Key": ["lineitem.l_shipmode"], "Plans": [{"Node Type": "Hash Join", "Parent Relationship": "Outer", "Join Type": "Inner", "Startup Cost": 613940.4, "Total Cost": 3382911.05, "Plan Rows": 294584, "Plan Width": 27, "Inner Unique": true, "Hash Cond": "(lineitem.l_orderkey = orders.o_orderkey), (LLVM Optimized)", "Plans": [{"Node Type": "Seq Scan", "Parent Relationship": "Outer", "Relation Name": "lineitem", "Alias": "lineitem", "Startup Cost": 33.12, "Total Cost": 2764953.24, "Plan Rows": 294584, "Plan Width": 19, "Filter": "((l_shipmode = ANY ('{RAIL,FOB}'::bpchar[])) AND (l_commitdate < l_receiptdate) AND (l_shipdate < l_commitdate) AND (l_receiptdate >= '1997-01-01 00:00:00'::timestamp(0) without time zone) AND (l_receiptdate < '1998-01-01 00:00:00'::timestamp without time zone)), (LLVM Optimized)"}, {"Node Type": "Hash", "Parent Relationship": "Inner", "Startup Cost": 426413.79, "Total Cost": 426413.79, "Plan Rows": 14999479, "Plan Width": 24, "Plans": [{"Node Type": "Seq Scan", "Parent Relationship": "Outer", "Relation Name": "orders", "Alias": "orders", "Startup Cost": 0.0, "Total Cost": 426413.79, "Plan Rows": 14999479, "Plan Width": 24}]}]}]}]}, "Unique SQL Id": 2036526415, "Planner Runtime": 0}, "explain_analyze_plan": {"Plan": {"Node Type": "Sort", "Startup Cost": 3388066.29, "Total Cost": 3388066.29, "Plan Rows": 1, "Plan Width": 27, "Actual Startup Time": 36475.758, "Actual Total Time": 36475.758, "Actual Rows": 2, "Actual Loops": 1, "Sort Key": ["lineitem.l_shipmode"], "Sort Method": "quicksort", "Sort Space Used": 25, "Sort Space Type": "Memory", "Plans": [{"Node Type": "Aggregate", "Strategy": "Hashed", "Parent Relationship": "Outer", "Startup Cost": 3388066.27, "Total Cost": 3388066.28, "Plan Rows": 1, "Plan Width": 27, "Actual Startup Time": 36475.716, "Actual Total Time": 36475.717, "Actual Rows": 2, "Actual Loops": 1, "Group By Key": ["lineitem.l_shipmode"], "Plans": [{"Node Type": "Hash Join", "Parent Relationship": "Outer", "Join Type": "Inner", "Startup Cost": 613940.4, "Total Cost": 3382911.05, "Plan Rows": 294584, "Plan Width": 27, "Actual Startup Time": 11018.489, "Actual Total Time": 36156.406, "Actual Rows": 311248, "Actual Loops": 1, "Inner Unique": true, "Hash Cond": "(lineitem.l_orderkey = orders.o_orderkey), (LLVM Optimized, Jit Execute)", "Plans": [{"Node Type": "Seq Scan", "Parent Relationship": "Outer", "Relation Name": "lineitem", "Alias": "lineitem", "Startup Cost": 33.12, "Total Cost": 2764953.24, "Plan Rows": 294584, "Plan Width": 19, "Actual Startup Time": 0.356, "Actual Total Time": 24778.892, "Actual Rows": 311248, "Actual Loops": 1, "Filter": "((l_shipmode = ANY ('{RAIL,FOB}'::bpchar[])) AND (l_commitdate < l_receiptdate) AND (l_shipdate < l_commitdate) AND (l_receiptdate >= '1997-01-01 00:00:00'::timestamp(0) without time zone) AND (l_receiptdate < '1998-01-01 00:00:00'::timestamp without time zone)), (LLVM Optimized, Jit Execute)", "Rows Removed by Filter": 59674804}, {"Node Type": "Hash", "Parent Relationship": "Inner", "Startup Cost": 426413.79, "Total Cost": 426413.79, "Plan Rows": 14999479, "Plan Width": 24, "Actual Startup Time": 11008.206, "Actual Total Time": 11008.206, "Actual Rows": 15000000, "Actual Loops": 1, "Hash Buckets": 16777216, "Hash Batches": 1, "Original Hash Batches": 1, "Peak Memory Usage": 820313, "Plans": [{"Node Type": "Seq Scan", "Parent Relationship": "Outer", "Relation Name": "orders", "Alias": "orders", "Startup Cost": 0.0, "Total Cost": 426413.79, "Plan Rows": 14999479, "Plan Width": 24, "Actual Startup Time": 0.019, "Actual Total Time": 5315.86, "Actual Rows": 15000000, "Actual Loops": 1}]}]}]}]}, "Triggers": [], "Planner Runtime": 0.622, "Total Runtime": 36486.839, "Unique SQL Id": 2036526415}}, "(1, '45')": {"explain_plan": {"Plan": {"Node Type": "Sort", "Startup Cost": 4917669.35, "Total Cost": 4917669.35, "Plan Rows": 1, "Plan Width": 27, "Sort Key": ["lineitem.l_shipmode"], "Plans": [{"Node Type": "Aggregate", "Strategy": "Hashed", "Parent Relationship": "Outer", "Startup Cost": 4917669.33, "Total Cost": 4917669.34, "Plan Rows": 1, "Plan Width": 27, "Group By Key": ["lineitem.l_shipmode"], "Plans": [{"Node Type": "Hash Join", "Parent Relationship": "Outer", "Join Type": "Inner", "Startup Cost": 918471.92, "Total Cost": 4912514.11, "Plan Rows": 294584, "Plan Width": 27, "Inner Unique": true, "Hash Cond": "(lineitem.l_orderkey = orders.o_orderkey), (LLVM Optimized)", "Plans": [{"Node Type": "Index Scan", "Parent Relationship": "Outer", "Scan Direction": "Forward", "Index Name": "idx_lineitem_orderkey", "Relation Name": "lineitem", "Alias": "lineitem", "Startup Cost": 0.0, "Total Cost": 3989991.66, "Plan Rows": 294584, "Plan Width": 19, "Filter": "((l_shipmode = ANY ('{RAIL,FOB}'::bpchar[])) AND (l_commitdate < l_receiptdate) AND (l_shipdate < l_commitdate) AND (l_receiptdate >= '1997-01-01 00:00:00'::timestamp(0) without time zone) AND (l_receiptdate < '1998-01-01 00:00:00'::timestamp without time zone)), (LLVM Optimized)"}, {"Node Type": "Hash", "Parent Relationship": "Inner", "Startup Cost": 730978.44, "Total Cost": 730978.44, "Plan Rows": 14999479, "Plan Width": 24, "Plans": [{"Node Type": "Index Scan", "Parent Relationship": "Outer", "Scan Direction": "Forward", "Index Name": "orders_pkey", "Relation Name": "orders", "Alias": "orders", "Startup Cost": 0.0, "Total Cost": 730978.44, "Plan Rows": 14999479, "Plan Width": 24}]}]}]}]}, "Unique SQL Id": 2036526415, "Planner Runtime": 0}, "explain_analyze_plan": {"Plan": {"Node Type": "Sort", "Startup Cost": 4917669.35, "Total Cost": 4917669.35, "Plan Rows": 1, "Plan Width": 27, "Actual Startup Time": 65318.402, "Actual Total Time": 65318.402, "Actual Rows": 2, "Actual Loops": 1, "Sort Key": ["lineitem.l_shipmode"], "Sort Method": "quicksort", "Sort Space Used": 25, "Sort Space Type": "Memory", "Plans": [{"Node Type": "Aggregate", "Strategy": "Hashed", "Parent Relationship": "Outer", "Startup Cost": 4917669.33, "Total Cost": 4917669.34, "Plan Rows": 1, "Plan Width": 27, "Actual Startup Time": 65318.359, "Actual Total Time": 65318.361, "Actual Rows": 2, "Actual Loops": 1, "Group By Key": ["lineitem.l_shipmode"], "Plans": [{"Node Type": "Hash Join", "Parent Relationship": "Outer", "Join Type": "Inner", "Startup Cost": 918471.92, "Total Cost": 4912514.11, "Plan Rows": 294584, "Plan Width": 27, "Actual Startup Time": 15420.376, "Actual Total Time": 64981.395, "Actual Rows": 311248, "Actual Loops": 1, "Inner Unique": true, "Hash Cond": "(lineitem.l_orderkey = orders.o_orderkey), (LLVM Optimized, Jit Execute)", "Plans": [{"Node Type": "Index Scan", "Parent Relationship": "Outer", "Scan Direction": "Forward", "Index Name": "idx_lineitem_orderkey", "Relation Name": "lineitem", "Alias": "lineitem", "Startup Cost": 0.0, "Total Cost": 3989991.66, "Plan Rows": 294584, "Plan Width": 19, "Actual Startup Time": 0.497, "Actual Total Time": 49155.507, "Actual Rows": 311248, "Actual Loops": 1, "Filter": "((l_shipmode = ANY ('{RAIL,FOB}'::bpchar[])) AND (l_commitdate < l_receiptdate) AND (l_shipdate < l_commitdate) AND (l_receiptdate >= '1997-01-01 00:00:00'::timestamp(0) without time zone) AND (l_receiptdate < '1998-01-01 00:00:00'::timestamp without time zone)), (LLVM Optimized, Jit Execute)", "Rows Removed by Filter": 59674804}, {"Node Type": "Hash", "Parent Relationship": "Inner", "Startup Cost": 730978.44, "Total Cost": 730978.44, "Plan Rows": 14999479, "Plan Width": 24, "Actual Startup Time": 15410.04, "Actual Total Time": 15410.04, "Actual Rows": 15000000, "Actual Loops": 1, "Hash Buckets": 16777216, "Hash Batches": 1, "Original Hash Batches": 1, "Peak Memory Usage": 820313, "Plans": [{"Node Type": "Index Scan", "Parent Relationship": "Outer", "Scan Direction": "Forward", "Index Name": "orders_pkey", "Relation Name": "orders", "Alias": "orders", "Startup Cost": 0.0, "Total Cost": 730978.44, "Plan Rows": 14999479, "Plan Width": 24, "Actual Startup Time": 0.042, "Actual Total Time": 9253.642, "Actual Rows": 15000000, "Actual Loops": 1}]}]}]}]}, "Triggers": [], "Planner Runtime": 0.416, "Total Runtime": 65329.466, "Unique SQL Id": 2036526415}}, "(1, '46')": {"explain_plan": {"Plan": {"Node Type": "Sort", "Startup Cost": 3388066.29, "Total Cost": 3388066.29, "Plan Rows": 1, "Plan Width": 27, "Sort Key": ["lineitem.l_shipmode"], "Plans": [{"Node Type": "Aggregate", "Strategy": "Hashed", "Parent Relationship": "Outer", "Startup Cost": 3388066.27, "Total Cost": 3388066.28, "Plan Rows": 1, "Plan Width": 27, "Group By Key": ["lineitem.l_shipmode"], "Plans": [{"Node Type": "Hash Join", "Parent Relationship": "Outer", "Join Type": "Inner", "Startup Cost": 613940.4, "Total Cost": 3382911.05, "Plan Rows": 294584, "Plan Width": 27, "Inner Unique": true, "Hash Cond": "(lineitem.l_orderkey = orders.o_orderkey), (LLVM Optimized)", "Plans": [{"Node Type": "Seq Scan", "Parent Relationship": "Outer", "Relation Name": "lineitem", "Alias": "lineitem", "Startup Cost": 33.12, "Total Cost": 2764953.24, "Plan Rows": 294584, "Plan Width": 19, "Filter": "((l_shipmode = ANY ('{RAIL,FOB}'::bpchar[])) AND (l_commitdate < l_receiptdate) AND (l_shipdate < l_commitdate) AND (l_receiptdate >= '1997-01-01 00:00:00'::timestamp(0) without time zone) AND (l_receiptdate < '1998-01-01 00:00:00'::timestamp without time zone)), (LLVM Optimized)"}, {"Node Type": "Hash", "Parent Relationship": "Inner", "Startup Cost": 426413.79, "Total Cost": 426413.79, "Plan Rows": 14999479, "Plan Width": 24, "Plans": [{"Node Type": "Seq Scan", "Parent Relationship": "Outer", "Relation Name": "orders", "Alias": "orders", "Startup Cost": 0.0, "Total Cost": 426413.79, "Plan Rows": 14999479, "Plan Width": 24}]}]}]}]}, "Unique SQL Id": 2036526415, "Planner Runtime": 0}, "explain_analyze_plan": {"Plan": {"Node Type": "Sort", "Startup Cost": 3388066.29, "Total Cost": 3388066.29, "Plan Rows": 1, "Plan Width": 27, "Actual Startup Time": 36475.758, "Actual Total Time": 36475.758, "Actual Rows": 2, "Actual Loops": 1, "Sort Key": ["lineitem.l_shipmode"], "Sort Method": "quicksort", "Sort Space Used": 25, "Sort Space Type": "Memory", "Plans": [{"Node Type": "Aggregate", "Strategy": "Hashed", "Parent Relationship": "Outer", "Startup Cost": 3388066.27, "Total Cost": 3388066.28, "Plan Rows": 1, "Plan Width": 27, "Actual Startup Time": 36475.716, "Actual Total Time": 36475.717, "Actual Rows": 2, "Actual Loops": 1, "Group By Key": ["lineitem.l_shipmode"], "Plans": [{"Node Type": "Hash Join", "Parent Relationship": "Outer", "Join Type": "Inner", "Startup Cost": 613940.4, "Total Cost": 3382911.05, "Plan Rows": 294584, "Plan Width": 27, "Actual Startup Time": 11018.489, "Actual Total Time": 36156.406, "Actual Rows": 311248, "Actual Loops": 1, "Inner Unique": true, "Hash Cond": "(lineitem.l_orderkey = orders.o_orderkey), (LLVM Optimized, Jit Execute)", "Plans": [{"Node Type": "Seq Scan", "Parent Relationship": "Outer", "Relation Name": "lineitem", "Alias": "lineitem", "Startup Cost": 33.12, "Total Cost": 2764953.24, "Plan Rows": 294584, "Plan Width": 19, "Actual Startup Time": 0.356, "Actual Total Time": 24778.892, "Actual Rows": 311248, "Actual Loops": 1, "Filter": "((l_shipmode = ANY ('{RAIL,FOB}'::bpchar[])) AND (l_commitdate < l_receiptdate) AND (l_shipdate < l_commitdate) AND (l_receiptdate >= '1997-01-01 00:00:00'::timestamp(0) without time zone) AND (l_receiptdate < '1998-01-01 00:00:00'::timestamp without time zone)), (LLVM Optimized, Jit Execute)", "Rows Removed by Filter": 59674804}, {"Node Type": "Hash", "Parent Relationship": "Inner", "Startup Cost": 426413.79, "Total Cost": 426413.79, "Plan Rows": 14999479, "Plan Width": 24, "Actual Startup Time": 11008.206, "Actual Total Time": 11008.206, "Actual Rows": 15000000, "Actual Loops": 1, "Hash Buckets": 16777216, "Hash Batches": 1, "Original Hash Batches": 1, "Peak Memory Usage": 820313, "Plans": [{"Node Type": "Seq Scan", "Parent Relationship": "Outer", "Relation Name": "orders", "Alias": "orders", "Startup Cost": 0.0, "Total Cost": 426413.79, "Plan Rows": 14999479, "Plan Width": 24, "Actual Startup Time": 0.019, "Actual Total Time": 5315.86, "Actual Rows": 15000000, "Actual Loops": 1}]}]}]}]}, "Triggers": [], "Planner Runtime": 0.622, "Total Runtime": 36486.839, "Unique SQL Id": 2036526415}}, "(1, '47')": {"explain_plan": {"Plan": {"Node Type": "Sort", "Startup Cost": 2000472293708.51, "Total Cost": 2000472293708.51, "Plan Rows": 1, "Plan Width": 27, "Sort Key": ["lineitem.l_shipmode"], "Plans": [{"Node Type": "Aggregate", "Strategy": "Hashed", "Parent Relationship": "Outer", "Startup Cost": 2000472293708.49, "Total Cost": 2000472293708.5, "Plan Rows": 1, "Plan Width": 27, "Group By Key": ["lineitem.l_shipmode"], "Plans": [{"Node Type": "Hash Join", "Parent Relationship": "Outer", "Join Type": "Inner", "Startup Cost": 1010073285336.99, "Total Cost": 2000472288553.27, "Plan Rows": 294584, "Plan Width": 27, "Inner Unique": true, "Hash Cond": "(lineitem.l_orderkey = orders.o_orderkey), (LLVM Optimized)", "Plans": [{"Node Type": "Index Scan", "Parent Relationship": "Outer", "Scan Direction": "Forward", "Index Name": "idx_lineitem_orderkey", "Relation Name": "lineitem", "Alias": "lineitem", "Startup Cost": 10000000000.0, "Total Cost": 1000398999165.75, "Plan Rows": 294584, "Plan Width": 19, "Filter": "((l_shipmode = ANY ('{RAIL,FOB}'::bpchar[])) AND (l_commitdate < l_receiptdate) AND (l_shipdate < l_commitdate) AND (l_receiptdate >= '1997-01-01 00:00:00'::timestamp(0) without time zone) AND (l_receiptdate < '1998-01-01 00:00:00'::timestamp without time zone)), (LLVM Optimized)"}, {"Node Type": "Hash", "Parent Relationship": "Inner", "Startup Cost": 1000073097843.5, "Total Cost": 1000073097843.5, "Plan Rows": 14999479, "Plan Width": 24, "Plans": [{"Node Type": "Index Scan", "Parent Relationship": "Outer", "Scan Direction": "Forward", "Index Name": "orders_pkey", "Relation Name": "orders", "Alias": "orders", "Startup Cost": 10000000000.0, "Total Cost": 1000073097843.5, "Plan Rows": 14999479, "Plan Width": 24}]}]}]}]}, "Unique SQL Id": 2036526415, "Planner Runtime": 0}, "explain_analyze_plan": {"Plan": {"Node Type": "Sort", "Startup Cost": 2000472293708.51, "Total Cost": 2000472293708.51, "Plan Rows": 1, "Plan Width": 27, "Actual Startup Time": 64116.748, "Actual Total Time": 64116.749, "Actual Rows": 2, "Actual Loops": 1, "Sort Key": ["lineitem.l_shipmode"], "Sort Method": "quicksort", "Sort Space Used": 25, "Sort Space Type": "Memory", "Plans": [{"Node Type": "Aggregate", "Strategy": "Hashed", "Parent Relationship": "Outer", "Startup Cost": 2000472293708.49, "Total Cost": 2000472293708.5, "Plan Rows": 1, "Plan Width": 27, "Actual Startup Time": 64116.716, "Actual Total Time": 64116.717, "Actual Rows": 2, "Actual Loops": 1, "Group By Key": ["lineitem.l_shipmode"], "Plans": [{"Node Type": "Hash Join", "Parent Relationship": "Outer", "Join Type": "Inner", "Startup Cost": 1010073285336.99, "Total Cost": 2000472288553.27, "Plan Rows": 294584, "Plan Width": 27, "Actual Startup Time": 16398.191, "Actual Total Time": 63770.241, "Actual Rows": 311248, "Actual Loops": 1, "Inner Unique": true, "Hash Cond": "(lineitem.l_orderkey = orders.o_orderkey), (LLVM Optimized, Jit Execute)", "Plans": [{"Node Type": "Index Scan", "Parent Relationship": "Outer", "Scan Direction": "Forward", "Index Name": "idx_lineitem_orderkey", "Relation Name": "lineitem", "Alias": "lineitem", "Startup Cost": 10000000000.0, "Total Cost": 1000398999165.75, "Plan Rows": 294584, "Plan Width": 19, "Actual Startup Time": 0.519, "Actual Total Time": 46939.177, "Actual Rows": 311248, "Actual Loops": 1, "Filter": "((l_shipmode = ANY ('{RAIL,FOB}'::bpchar[])) AND (l_commitdate < l_receiptdate) AND (l_shipdate < l_commitdate) AND (l_receiptdate >= '1997-01-01 00:00:00'::timestamp(0) without time zone) AND (l_receiptdate < '1998-01-01 00:00:00'::timestamp without time zone)), (LLVM Optimized, Jit Execute)", "Rows Removed by Filter": 59674804}, {"Node Type": "Hash", "Parent Relationship": "Inner", "Startup Cost": 1000073097843.5, "Total Cost": 1000073097843.5, "Plan Rows": 14999479, "Plan Width": 24, "Actual Startup Time": 16387.736, "Actual Total Time": 16387.736, "Actual Rows": 15000000, "Actual Loops": 1, "Hash Buckets": 16777216, "Hash Batches": 1, "Original Hash Batches": 1, "Peak Memory Usage": 820313, "Plans": [{"Node Type": "Index Scan", "Parent Relationship": "Outer", "Scan Direction": "Forward", "Index Name": "orders_pkey", "Relation Name": "orders", "Alias": "orders", "Startup Cost": 10000000000.0, "Total Cost": 1000073097843.5, "Plan Rows": 14999479, "Plan Width": 24, "Actual Startup Time": 0.04, "Actual Total Time": 9770.973, "Actual Rows": 15000000, "Actual Loops": 1}]}]}]}]}, "Triggers": [], "Planner Runtime": 0.417, "Total Runtime": 64127.838, "Unique SQL Id": 2036526415}}, "(1, '48')": {"explain_plan": {"Plan": {"Node Type": "Sort", "Startup Cost": 3850876.0, "Total Cost": 3850876.01, "Plan Rows": 1, "Plan Width": 27, "Sort Key": ["lineitem.l_shipmode"], "Plans": [{"Node Type": "Aggregate", "Strategy": "Hashed", "Parent Relationship": "Outer", "Startup Cost": 3850875.98, "Total Cost": 3850875.99, "Plan Rows": 1, "Plan Width": 27, "Group By Key": ["lineitem.l_shipmode"], "Plans": [{"Node Type": "Nested Loop", "Parent Relationship": "Outer", "Join Type": "Inner", "Startup Cost": 33.12, "Total Cost": 3845720.76, "Plan Rows": 294584, "Plan Width": 27, "Inner Unique": true, "Plans": [{"Node Type": "Seq Scan", "Parent Relationship": "Outer", "Relation Name": "lineitem", "Alias": "lineitem", "Startup Cost": 33.12, "Total Cost": 2764953.24, "Plan Rows": 294584, "Plan Width": 19, "Filter": "((l_shipmode = ANY ('{RAIL,FOB}'::bpchar[])) AND (l_commitdate < l_receiptdate) AND (l_shipdate < l_commitdate) AND (l_receiptdate >= '1997-01-01 00:00:00'::timestamp(0) without time zone) AND (l_receiptdate < '1998-01-01 00:00:00'::timestamp without time zone)), (LLVM Optimized)"}, {"Node Type": "Index Scan", "Parent Relationship": "Inner", "Scan Direction": "Forward", "Index Name": "orders_pkey", "Relation Name": "orders", "Alias": "orders", "Startup Cost": 0.0, "Total Cost": 3.66, "Plan Rows": 1, "Plan Width": 24, "Index Cond": "(o_orderkey = lineitem.l_orderkey)"}]}]}]}, "Unique SQL Id": 2036526415, "Planner Runtime": 0}, "explain_analyze_plan": {"Plan": {"Node Type": "Sort", "Startup Cost": 3850876.0, "Total Cost": 3850876.01, "Plan Rows": 1, "Plan Width": 27, "Actual Startup Time": 26566.022, "Actual Total Time": 26566.023, "Actual Rows": 2, "Actual Loops": 1, "Sort Key": ["lineitem.l_shipmode"], "Sort Method": "quicksort", "Sort Space Used": 25, "Sort Space Type": "Memory", "Plans": [{"Node Type": "Aggregate", "Strategy": "Hashed", "Parent Relationship": "Outer", "Startup Cost": 3850875.98, "Total Cost": 3850875.99, "Plan Rows": 1, "Plan Width": 27, "Actual Startup Time": 26565.969, "Actual Total Time": 26565.971, "Actual Rows": 2, "Actual Loops": 1, "Group By Key": ["lineitem.l_shipmode"], "Plans": [{"Node Type": "Nested Loop", "Parent Relationship": "Outer", "Join Type": "Inner", "Startup Cost": 33.12, "Total Cost": 3845720.76, "Plan Rows": 294584, "Plan Width": 27, "Actual Startup Time": 0.412, "Actual Total Time": 26232.809, "Actual Rows": 311248, "Actual Loops": 1, "Inner Unique": true, "Plans": [{"Node Type": "Seq Scan", "Parent Relationship": "Outer", "Relation Name": "lineitem", "Alias": "lineitem", "Startup Cost": 33.12, "Total Cost": 2764953.24, "Plan Rows": 294584, "Plan Width": 19, "Actual Startup Time": 0.381, "Actual Total Time": 24556.669, "Actual Rows": 311248, "Actual Loops": 1, "Filter": "((l_shipmode = ANY ('{RAIL,FOB}'::bpchar[])) AND (l_commitdate < l_receiptdate) AND (l_shipdate < l_commitdate) AND (l_receiptdate >= '1997-01-01 00:00:00'::timestamp(0) without time zone) AND (l_receiptdate < '1998-01-01 00:00:00'::timestamp without time zone)), (LLVM Optimized, Jit Execute)", "Rows Removed by Filter": 59674804}, {"Node Type": "Index Scan", "Parent Relationship": "Inner", "Scan Direction": "Forward", "Index Name": "orders_pkey", "Relation Name": "orders", "Alias": "orders", "Startup Cost": 0.0, "Total Cost": 3.66, "Plan Rows": 1, "Plan Width": 24, "Actual Startup Time": 1375.452, "Actual Total Time": 1375.452, "Actual Rows": 311248, "Actual Loops": 311248, "Index Cond": "(o_orderkey = lineitem.l_orderkey)", "Rows Removed by Index Recheck": 0}]}]}]}, "Triggers": [], "Planner Runtime": 0.4, "Total Runtime": 26576.884, "Unique SQL Id": 2036526415}}, "(1, '49')": {"explain_plan": {"Plan": {"Node Type": "Sort", "Startup Cost": 5075914.42, "Total Cost": 5075914.42, "Plan Rows": 1, "Plan Width": 27, "Sort Key": ["lineitem.l_shipmode"], "Plans": [{"Node Type": "Aggregate", "Strategy": "Hashed", "Parent Relationship": "Outer", "Startup Cost": 5075914.4, "Total Cost": 5075914.41, "Plan Rows": 1, "Plan Width": 27, "Group By Key": ["lineitem.l_shipmode"], "Plans": [{"Node Type": "Nested Loop", "Parent Relationship": "Outer", "Join Type": "Inner", "Startup Cost": 0.0, "Total Cost": 5070759.18, "Plan Rows": 294584, "Plan Width": 27, "Inner Unique": true, "Plans": [{"Node Type": "Index Scan", "Parent Relationship": "Outer", "Scan Direction": "Forward", "Index Name": "idx_lineitem_orderkey", "Relation Name": "lineitem", "Alias": "lineitem", "Startup Cost": 0.0, "Total Cost": 3989991.66, "Plan Rows": 294584, "Plan Width": 19, "Filter": "((l_shipmode = ANY ('{RAIL,FOB}'::bpchar[])) AND (l_commitdate < l_receiptdate) AND (l_shipdate < l_commitdate) AND (l_receiptdate >= '1997-01-01 00:00:00'::timestamp(0) without time zone) AND (l_receiptdate < '1998-01-01 00:00:00'::timestamp without time zone)), (LLVM Optimized)"}, {"Node Type": "Index Scan", "Parent Relationship": "Inner", "Scan Direction": "Forward", "Index Name": "orders_pkey", "Relation Name": "orders", "Alias": "orders", "Startup Cost": 0.0, "Total Cost": 3.66, "Plan Rows": 1, "Plan Width": 24, "Index Cond": "(o_orderkey = lineitem.l_orderkey)"}]}]}]}, "Unique SQL Id": 2036526415, "Planner Runtime": 0}, "explain_analyze_plan": {"Plan": {"Node Type": "Sort", "Startup Cost": 5075914.42, "Total Cost": 5075914.42, "Plan Rows": 1, "Plan Width": 27, "Actual Startup Time": 47133.29, "Actual Total Time": 47133.29, "Actual Rows": 2, "Actual Loops": 1, "Sort Key": ["lineitem.l_shipmode"], "Sort Method": "quicksort", "Sort Space Used": 25, "Sort Space Type": "Memory", "Plans": [{"Node Type": "Aggregate", "Strategy": "Hashed", "Parent Relationship": "Outer", "Startup Cost": 5075914.4, "Total Cost": 5075914.41, "Plan Rows": 1, "Plan Width": 27, "Actual Startup Time": 47133.234, "Actual Total Time": 47133.236, "Actual Rows": 2, "Actual Loops": 1, "Group By Key": ["lineitem.l_shipmode"], "Plans": [{"Node Type": "Nested Loop", "Parent Relationship": "Outer", "Join Type": "Inner", "Startup Cost": 0.0, "Total Cost": 5070759.18, "Plan Rows": 294584, "Plan Width": 27, "Actual Startup Time": 0.521, "Actual Total Time": 46792.523, "Actual Rows": 311248, "Actual Loops": 1, "Inner Unique": true, "Plans": [{"Node Type": "Index Scan", "Parent Relationship": "Outer", "Scan Direction": "Forward", "Index Name": "idx_lineitem_orderkey", "Relation Name": "lineitem", "Alias": "lineitem", "Startup Cost": 0.0, "Total Cost": 3989991.66, "Plan Rows": 294584, "Plan Width": 19, "Actual Startup Time": 0.503, "Actual Total Time": 45114.149, "Actual Rows": 311248, "Actual Loops": 1, "Filter": "((l_shipmode = ANY ('{RAIL,FOB}'::bpchar[])) AND (l_commitdate < l_receiptdate) AND (l_shipdate < l_commitdate) AND (l_receiptdate >= '1997-01-01 00:00:00'::timestamp(0) without time zone) AND (l_receiptdate < '1998-01-01 00:00:00'::timestamp without time zone)), (LLVM Optimized, Jit Execute)", "Rows Removed by Filter": 59674804}, {"Node Type": "Index Scan", "Parent Relationship": "Inner", "Scan Direction": "Forward", "Index Name": "orders_pkey", "Relation Name": "orders", "Alias": "orders", "Startup Cost": 0.0, "Total Cost": 3.66, "Plan Rows": 1, "Plan Width": 24, "Actual Startup Time": 1376.166, "Actual Total Time": 1376.166, "Actual Rows": 311248, "Actual Loops": 311248, "Index Cond": "(o_orderkey = lineitem.l_orderkey)", "Rows Removed by Index Recheck": 0}]}]}]}, "Triggers": [], "Planner Runtime": 0.425, "Total Runtime": 47144.321, "Unique SQL Id": 2036526415}}, "(1, '50')": {"explain_plan": {"Plan": {"Node Type": "Sort", "Startup Cost": 4260565.65, "Total Cost": 4260565.65, "Plan Rows": 1, "Plan Width": 27, "Sort Key": ["lineitem.l_shipmode"], "Plans": [{"Node Type": "Aggregate", "Strategy": "Hashed", "Parent Relationship": "Outer", "Startup Cost": 4260565.63, "Total Cost": 4260565.64, "Plan Rows": 1, "Plan Width": 27, "Group By Key": ["lineitem.l_shipmode"], "Plans": [{"Node Type": "Nested Loop", "Parent Relationship": "Outer", "Join Type": "Inner", "Startup Cost": 34.16, "Total Cost": 4255410.41, "Plan Rows": 294584, "Plan Width": 27, "Inner Unique": true, "Plans": [{"Node Type": "Seq Scan", "Parent Relationship": "Outer", "Relation Name": "lineitem", "Alias": "lineitem", "Startup Cost": 33.12, "Total Cost": 2764953.24, "Plan Rows": 294584, "Plan Width": 19, "Filter": "((l_shipmode = ANY ('{RAIL,FOB}'::bpchar[])) AND (l_commitdate < l_receiptdate) AND (l_shipdate < l_commitdate) AND (l_receiptdate >= '1997-01-01 00:00:00'::timestamp(0) without time zone) AND (l_receiptdate < '1998-01-01 00:00:00'::timestamp without time zone)), (LLVM Optimized)"}, {"Node Type": "Bitmap Heap Scan", "Parent Relationship": "Inner", "Relation Name": "orders", "Alias": "orders", "Startup Cost": 1.04, "Total Cost": 5.05, "Plan Rows": 1, "Plan Width": 24, "Recheck Cond": "(o_orderkey = lineitem.l_orderkey)", "Plans": [{"Node Type": "Bitmap Index Scan", "Parent Relationship": "Outer", "Index Name": "orders_pkey", "Startup Cost": 0.0, "Total Cost": 1.04, "Plan Rows": 1, "Plan Width": 0, "Index Cond": "(o_orderkey = lineitem.l_orderkey)"}]}]}]}]}, "Unique SQL Id": 2036526415, "Planner Runtime": 0}, "explain_analyze_plan": {"Plan": {"Node Type": "Sort", "Startup Cost": 4260565.65, "Total Cost": 4260565.65, "Plan Rows": 1, "Plan Width": 27, "Actual Startup Time": 27725.738, "Actual Total Time": 27725.739, "Actual Rows": 2, "Actual Loops": 1, "Sort Key": ["lineitem.l_shipmode"], "Sort Method": "quicksort", "Sort Space Used": 25, "Sort Space Type": "Memory", "Plans": [{"Node Type": "Aggregate", "Strategy": "Hashed", "Parent Relationship": "Outer", "Startup Cost": 4260565.63, "Total Cost": 4260565.64, "Plan Rows": 1, "Plan Width": 27, "Actual Startup Time": 27725.683, "Actual Total Time": 27725.684, "Actual Rows": 2, "Actual Loops": 1, "Group By Key": ["lineitem.l_shipmode"], "Plans": [{"Node Type": "Nested Loop", "Parent Relationship": "Outer", "Join Type": "Inner", "Startup Cost": 34.16, "Total Cost": 4255410.41, "Plan Rows": 294584, "Plan Width": 27, "Actual Startup Time": 0.393, "Actual Total Time": 27347.865, "Actual Rows": 311248, "Actual Loops": 1, "Inner Unique": true, "Plans": [{"Node Type": "Seq Scan", "Parent Relationship": "Outer", "Relation Name": "lineitem", "Alias": "lineitem", "Startup Cost": 33.12, "Total Cost": 2764953.24, "Plan Rows": 294584, "Plan Width": 19, "Actual Startup Time": 0.36, "Actual Total Time": 25010.261, "Actual Rows": 311248, "Actual Loops": 1, "Filter": "((l_shipmode = ANY ('{RAIL,FOB}'::bpchar[])) AND (l_commitdate < l_receiptdate) AND (l_shipdate < l_commitdate) AND (l_receiptdate >= '1997-01-01 00:00:00'::timestamp(0) without time zone) AND (l_receiptdate < '1998-01-01 00:00:00'::timestamp without time zone)), (LLVM Optimized, Jit Execute)", "Rows Removed by Filter": 59674804}, {"Node Type": "Bitmap Heap Scan", "Parent Relationship": "Inner", "Relation Name": "orders", "Alias": "orders", "Startup Cost": 1.04, "Total Cost": 5.05, "Plan Rows": 1, "Plan Width": 24, "Actual Startup Time": 1839.188, "Actual Total Time": 1839.188, "Actual Rows": 311248, "Actual Loops": 311248, "Recheck Cond": "(o_orderkey = lineitem.l_orderkey)", "Rows Removed by Index Recheck": 0, "Exact Heap Blocks": 311248, "Lossy Heap Blocks": 311248, "Plans": [{"Node Type": "Bitmap Index Scan", "Parent Relationship": "Outer", "Index Name": "orders_pkey", "Startup Cost": 0.0, "Total Cost": 1.04, "Plan Rows": 1, "Plan Width": 0, "Actual Startup Time": 1056.013, "Actual Total Time": 1056.013, "Actual Rows": 311248, "Actual Loops": 311248, "Index Cond": "(o_orderkey = lineitem.l_orderkey)"}]}]}]}]}, "Triggers": [], "Planner Runtime": 0.632, "Total Runtime": 27736.577, "Unique SQL Id": 2036526415}}, "(1, '51')": {"explain_plan": {"Plan": {"Node Type": "Sort", "Startup Cost": 1000142316976.76, "Total Cost": 1000142316976.76, "Plan Rows": 1, "Plan Width": 27, "Sort Key": ["lineitem.l_shipmode"], "Plans": [{"Node Type": "Aggregate", "Strategy": "Hashed", "Parent Relationship": "Outer", "Startup Cost": 1000142316976.74, "Total Cost": 1000142316976.75, "Plan Rows": 1, "Plan Width": 27, "Group By Key": ["lineitem.l_shipmode"], "Plans": [{"Node Type": "Nested Loop", "Parent Relationship": "Outer", "Join Type": "Inner", "Startup Cost": 10000000000.38, "Total Cost": 1000142311821.52, "Plan Rows": 294584, "Plan Width": 27, "Inner Unique": false, "Plans": [{"Node Type": "Index Scan", "Parent Relationship": "Outer", "Scan Direction": "Forward", "Index Name": "orders_pkey", "Relation Name": "orders", "Alias": "orders", "Startup Cost": 10000000000.0, "Total Cost": 1000073097843.5, "Plan Rows": 14999479, "Plan Width": 24}, {"Node Type": "Bitmap Heap Scan", "Parent Relationship": "Inner", "Relation Name": "lineitem", "Alias": "lineitem", "Startup Cost": 0.38, "Total Cost": 4.6, "Plan Rows": 1, "Plan Width": 19, "Recheck Cond": "(l_orderkey = orders.o_orderkey)", "Filter": "((l_shipmode = ANY ('{RAIL,FOB}'::bpchar[])) AND (l_commitdate < l_receiptdate) AND (l_shipdate < l_commitdate) AND (l_receiptdate >= '1997-01-01 00:00:00'::timestamp(0) without time zone) AND (l_receiptdate < '1998-01-01 00:00:00'::timestamp without time zone))", "Plans": [{"Node Type": "Bitmap Index Scan", "Parent Relationship": "Outer", "Index Name": "idx_lineitem_orderkey", "Startup Cost": 0.0, "Total Cost": 0.38, "Plan Rows": 9, "Plan Width": 0, "Index Cond": "(l_orderkey = orders.o_orderkey)"}]}]}]}]}, "Unique SQL Id": 2036526415, "Planner Runtime": 0}, "explain_analyze_plan": null}, "(1, '52')": {"explain_plan": {"Plan": {"Node Type": "Sort", "Startup Cost": 3850876.0, "Total Cost": 3850876.01, "Plan Rows": 1, "Plan Width": 27, "Sort Key": ["lineitem.l_shipmode"], "Plans": [{"Node Type": "Aggregate", "Strategy": "Hashed", "Parent Relationship": "Outer", "Startup Cost": 3850875.98, "Total Cost": 3850875.99, "Plan Rows": 1, "Plan Width": 27, "Group By Key": ["lineitem.l_shipmode"], "Plans": [{"Node Type": "Nested Loop", "Parent Relationship": "Outer", "Join Type": "Inner", "Startup Cost": 33.12, "Total Cost": 3845720.76, "Plan Rows": 294584, "Plan Width": 27, "Inner Unique": true, "Plans": [{"Node Type": "Seq Scan", "Parent Relationship": "Outer", "Relation Name": "lineitem", "Alias": "lineitem", "Startup Cost": 33.12, "Total Cost": 2764953.24, "Plan Rows": 294584, "Plan Width": 19, "Filter": "((l_shipmode = ANY ('{RAIL,FOB}'::bpchar[])) AND (l_commitdate < l_receiptdate) AND (l_shipdate < l_commitdate) AND (l_receiptdate >= '1997-01-01 00:00:00'::timestamp(0) without time zone) AND (l_receiptdate < '1998-01-01 00:00:00'::timestamp without time zone)), (LLVM Optimized)"}, {"Node Type": "Index Scan", "Parent Relationship": "Inner", "Scan Direction": "Forward", "Index Name": "orders_pkey", "Relation Name": "orders", "Alias": "orders", "Startup Cost": 0.0, "Total Cost": 3.66, "Plan Rows": 1, "Plan Width": 24, "Index Cond": "(o_orderkey = lineitem.l_orderkey)"}]}]}]}, "Unique SQL Id": 2036526415, "Planner Runtime": 0}, "explain_analyze_plan": {"Plan": {"Node Type": "Sort", "Startup Cost": 3850876.0, "Total Cost": 3850876.01, "Plan Rows": 1, "Plan Width": 27, "Actual Startup Time": 26566.022, "Actual Total Time": 26566.023, "Actual Rows": 2, "Actual Loops": 1, "Sort Key": ["lineitem.l_shipmode"], "Sort Method": "quicksort", "Sort Space Used": 25, "Sort Space Type": "Memory", "Plans": [{"Node Type": "Aggregate", "Strategy": "Hashed", "Parent Relationship": "Outer", "Startup Cost": 3850875.98, "Total Cost": 3850875.99, "Plan Rows": 1, "Plan Width": 27, "Actual Startup Time": 26565.969, "Actual Total Time": 26565.971, "Actual Rows": 2, "Actual Loops": 1, "Group By Key": ["lineitem.l_shipmode"], "Plans": [{"Node Type": "Nested Loop", "Parent Relationship": "Outer", "Join Type": "Inner", "Startup Cost": 33.12, "Total Cost": 3845720.76, "Plan Rows": 294584, "Plan Width": 27, "Actual Startup Time": 0.412, "Actual Total Time": 26232.809, "Actual Rows": 311248, "Actual Loops": 1, "Inner Unique": true, "Plans": [{"Node Type": "Seq Scan", "Parent Relationship": "Outer", "Relation Name": "lineitem", "Alias": "lineitem", "Startup Cost": 33.12, "Total Cost": 2764953.24, "Plan Rows": 294584, "Plan Width": 19, "Actual Startup Time": 0.381, "Actual Total Time": 24556.669, "Actual Rows": 311248, "Actual Loops": 1, "Filter": "((l_shipmode = ANY ('{RAIL,FOB}'::bpchar[])) AND (l_commitdate < l_receiptdate) AND (l_shipdate < l_commitdate) AND (l_receiptdate >= '1997-01-01 00:00:00'::timestamp(0) without time zone) AND (l_receiptdate < '1998-01-01 00:00:00'::timestamp without time zone)), (LLVM Optimized, Jit Execute)", "Rows Removed by Filter": 59674804}, {"Node Type": "Index Scan", "Parent Relationship": "Inner", "Scan Direction": "Forward", "Index Name": "orders_pkey", "Relation Name": "orders", "Alias": "orders", "Startup Cost": 0.0, "Total Cost": 3.66, "Plan Rows": 1, "Plan Width": 24, "Actual Startup Time": 1375.452, "Actual Total Time": 1375.452, "Actual Rows": 311248, "Actual Loops": 311248, "Index Cond": "(o_orderkey = lineitem.l_orderkey)", "Rows Removed by Index Recheck": 0}]}]}]}, "Triggers": [], "Planner Runtime": 0.4, "Total Runtime": 26576.884, "Unique SQL Id": 2036526415}}, "(1, '53')": {"explain_plan": {"Plan": {"Node Type": "Sort", "Startup Cost": 5075914.42, "Total Cost": 5075914.42, "Plan Rows": 1, "Plan Width": 27, "Sort Key": ["lineitem.l_shipmode"], "Plans": [{"Node Type": "Aggregate", "Strategy": "Hashed", "Parent Relationship": "Outer", "Startup Cost": 5075914.4, "Total Cost": 5075914.41, "Plan Rows": 1, "Plan Width": 27, "Group By Key": ["lineitem.l_shipmode"], "Plans": [{"Node Type": "Nested Loop", "Parent Relationship": "Outer", "Join Type": "Inner", "Startup Cost": 0.0, "Total Cost": 5070759.18, "Plan Rows": 294584, "Plan Width": 27, "Inner Unique": true, "Plans": [{"Node Type": "Index Scan", "Parent Relationship": "Outer", "Scan Direction": "Forward", "Index Name": "idx_lineitem_orderkey", "Relation Name": "lineitem", "Alias": "lineitem", "Startup Cost": 0.0, "Total Cost": 3989991.66, "Plan Rows": 294584, "Plan Width": 19, "Filter": "((l_shipmode = ANY ('{RAIL,FOB}'::bpchar[])) AND (l_commitdate < l_receiptdate) AND (l_shipdate < l_commitdate) AND (l_receiptdate >= '1997-01-01 00:00:00'::timestamp(0) without time zone) AND (l_receiptdate < '1998-01-01 00:00:00'::timestamp without time zone)), (LLVM Optimized)"}, {"Node Type": "Index Scan", "Parent Relationship": "Inner", "Scan Direction": "Forward", "Index Name": "orders_pkey", "Relation Name": "orders", "Alias": "orders", "Startup Cost": 0.0, "Total Cost": 3.66, "Plan Rows": 1, "Plan Width": 24, "Index Cond": "(o_orderkey = lineitem.l_orderkey)"}]}]}]}, "Unique SQL Id": 2036526415, "Planner Runtime": 0}, "explain_analyze_plan": {"Plan": {"Node Type": "Sort", "Startup Cost": 5075914.42, "Total Cost": 5075914.42, "Plan Rows": 1, "Plan Width": 27, "Actual Startup Time": 47133.29, "Actual Total Time": 47133.29, "Actual Rows": 2, "Actual Loops": 1, "Sort Key": ["lineitem.l_shipmode"], "Sort Method": "quicksort", "Sort Space Used": 25, "Sort Space Type": "Memory", "Plans": [{"Node Type": "Aggregate", "Strategy": "Hashed", "Parent Relationship": "Outer", "Startup Cost": 5075914.4, "Total Cost": 5075914.41, "Plan Rows": 1, "Plan Width": 27, "Actual Startup Time": 47133.234, "Actual Total Time": 47133.236, "Actual Rows": 2, "Actual Loops": 1, "Group By Key": ["lineitem.l_shipmode"], "Plans": [{"Node Type": "Nested Loop", "Parent Relationship": "Outer", "Join Type": "Inner", "Startup Cost": 0.0, "Total Cost": 5070759.18, "Plan Rows": 294584, "Plan Width": 27, "Actual Startup Time": 0.521, "Actual Total Time": 46792.523, "Actual Rows": 311248, "Actual Loops": 1, "Inner Unique": true, "Plans": [{"Node Type": "Index Scan", "Parent Relationship": "Outer", "Scan Direction": "Forward", "Index Name": "idx_lineitem_orderkey", "Relation Name": "lineitem", "Alias": "lineitem", "Startup Cost": 0.0, "Total Cost": 3989991.66, "Plan Rows": 294584, "Plan Width": 19, "Actual Startup Time": 0.503, "Actual Total Time": 45114.149, "Actual Rows": 311248, "Actual Loops": 1, "Filter": "((l_shipmode = ANY ('{RAIL,FOB}'::bpchar[])) AND (l_commitdate < l_receiptdate) AND (l_shipdate < l_commitdate) AND (l_receiptdate >= '1997-01-01 00:00:00'::timestamp(0) without time zone) AND (l_receiptdate < '1998-01-01 00:00:00'::timestamp without time zone)), (LLVM Optimized, Jit Execute)", "Rows Removed by Filter": 59674804}, {"Node Type": "Index Scan", "Parent Relationship": "Inner", "Scan Direction": "Forward", "Index Name": "orders_pkey", "Relation Name": "orders", "Alias": "orders", "Startup Cost": 0.0, "Total Cost": 3.66, "Plan Rows": 1, "Plan Width": 24, "Actual Startup Time": 1376.166, "Actual Total Time": 1376.166, "Actual Rows": 311248, "Actual Loops": 311248, "Index Cond": "(o_orderkey = lineitem.l_orderkey)", "Rows Removed by Index Recheck": 0}]}]}]}, "Triggers": [], "Planner Runtime": 0.425, "Total Runtime": 47144.321, "Unique SQL Id": 2036526415}}, "(1, '54')": {"explain_plan": {"Plan": {"Node Type": "Sort", "Startup Cost": 4260565.65, "Total Cost": 4260565.65, "Plan Rows": 1, "Plan Width": 27, "Sort Key": ["lineitem.l_shipmode"], "Plans": [{"Node Type": "Aggregate", "Strategy": "Hashed", "Parent Relationship": "Outer", "Startup Cost": 4260565.63, "Total Cost": 4260565.64, "Plan Rows": 1, "Plan Width": 27, "Group By Key": ["lineitem.l_shipmode"], "Plans": [{"Node Type": "Nested Loop", "Parent Relationship": "Outer", "Join Type": "Inner", "Startup Cost": 34.16, "Total Cost": 4255410.41, "Plan Rows": 294584, "Plan Width": 27, "Inner Unique": true, "Plans": [{"Node Type": "Seq Scan", "Parent Relationship": "Outer", "Relation Name": "lineitem", "Alias": "lineitem", "Startup Cost": 33.12, "Total Cost": 2764953.24, "Plan Rows": 294584, "Plan Width": 19, "Filter": "((l_shipmode = ANY ('{RAIL,FOB}'::bpchar[])) AND (l_commitdate < l_receiptdate) AND (l_shipdate < l_commitdate) AND (l_receiptdate >= '1997-01-01 00:00:00'::timestamp(0) without time zone) AND (l_receiptdate < '1998-01-01 00:00:00'::timestamp without time zone)), (LLVM Optimized)"}, {"Node Type": "Bitmap Heap Scan", "Parent Relationship": "Inner", "Relation Name": "orders", "Alias": "orders", "Startup Cost": 1.04, "Total Cost": 5.05, "Plan Rows": 1, "Plan Width": 24, "Recheck Cond": "(o_orderkey = lineitem.l_orderkey)", "Plans": [{"Node Type": "Bitmap Index Scan", "Parent Relationship": "Outer", "Index Name": "orders_pkey", "Startup Cost": 0.0, "Total Cost": 1.04, "Plan Rows": 1, "Plan Width": 0, "Index Cond": "(o_orderkey = lineitem.l_orderkey)"}]}]}]}]}, "Unique SQL Id": 2036526415, "Planner Runtime": 0}, "explain_analyze_plan": {"Plan": {"Node Type": "Sort", "Startup Cost": 4260565.65, "Total Cost": 4260565.65, "Plan Rows": 1, "Plan Width": 27, "Actual Startup Time": 27725.738, "Actual Total Time": 27725.739, "Actual Rows": 2, "Actual Loops": 1, "Sort Key": ["lineitem.l_shipmode"], "Sort Method": "quicksort", "Sort Space Used": 25, "Sort Space Type": "Memory", "Plans": [{"Node Type": "Aggregate", "Strategy": "Hashed", "Parent Relationship": "Outer", "Startup Cost": 4260565.63, "Total Cost": 4260565.64, "Plan Rows": 1, "Plan Width": 27, "Actual Startup Time": 27725.683, "Actual Total Time": 27725.684, "Actual Rows": 2, "Actual Loops": 1, "Group By Key": ["lineitem.l_shipmode"], "Plans": [{"Node Type": "Nested Loop", "Parent Relationship": "Outer", "Join Type": "Inner", "Startup Cost": 34.16, "Total Cost": 4255410.41, "Plan Rows": 294584, "Plan Width": 27, "Actual Startup Time": 0.393, "Actual Total Time": 27347.865, "Actual Rows": 311248, "Actual Loops": 1, "Inner Unique": true, "Plans": [{"Node Type": "Seq Scan", "Parent Relationship": "Outer", "Relation Name": "lineitem", "Alias": "lineitem", "Startup Cost": 33.12, "Total Cost": 2764953.24, "Plan Rows": 294584, "Plan Width": 19, "Actual Startup Time": 0.36, "Actual Total Time": 25010.261, "Actual Rows": 311248, "Actual Loops": 1, "Filter": "((l_shipmode = ANY ('{RAIL,FOB}'::bpchar[])) AND (l_commitdate < l_receiptdate) AND (l_shipdate < l_commitdate) AND (l_receiptdate >= '1997-01-01 00:00:00'::timestamp(0) without time zone) AND (l_receiptdate < '1998-01-01 00:00:00'::timestamp without time zone)), (LLVM Optimized, Jit Execute)", "Rows Removed by Filter": 59674804}, {"Node Type": "Bitmap Heap Scan", "Parent Relationship": "Inner", "Relation Name": "orders", "Alias": "orders", "Startup Cost": 1.04, "Total Cost": 5.05, "Plan Rows": 1, "Plan Width": 24, "Actual Startup Time": 1839.188, "Actual Total Time": 1839.188, "Actual Rows": 311248, "Actual Loops": 311248, "Recheck Cond": "(o_orderkey = lineitem.l_orderkey)", "Rows Removed by Index Recheck": 0, "Exact Heap Blocks": 311248, "Lossy Heap Blocks": 311248, "Plans": [{"Node Type": "Bitmap Index Scan", "Parent Relationship": "Outer", "Index Name": "orders_pkey", "Startup Cost": 0.0, "Total Cost": 1.04, "Plan Rows": 1, "Plan Width": 0, "Actual Startup Time": 1056.013, "Actual Total Time": 1056.013, "Actual Rows": 311248, "Actual Loops": 311248, "Index Cond": "(o_orderkey = lineitem.l_orderkey)"}]}]}]}]}, "Triggers": [], "Planner Runtime": 0.632, "Total Runtime": 27736.577, "Unique SQL Id": 2036526415}}, "(1, '55')": {"explain_plan": {"Plan": {"Node Type": "Sort", "Startup Cost": 1000142316976.76, "Total Cost": 1000142316976.76, "Plan Rows": 1, "Plan Width": 27, "Sort Key": ["lineitem.l_shipmode"], "Plans": [{"Node Type": "Aggregate", "Strategy": "Hashed", "Parent Relationship": "Outer", "Startup Cost": 1000142316976.74, "Total Cost": 1000142316976.75, "Plan Rows": 1, "Plan Width": 27, "Group By Key": ["lineitem.l_shipmode"], "Plans": [{"Node Type": "Nested Loop", "Parent Relationship": "Outer", "Join Type": "Inner", "Startup Cost": 10000000000.38, "Total Cost": 1000142311821.52, "Plan Rows": 294584, "Plan Width": 27, "Inner Unique": false, "Plans": [{"Node Type": "Index Scan", "Parent Relationship": "Outer", "Scan Direction": "Forward", "Index Name": "orders_pkey", "Relation Name": "orders", "Alias": "orders", "Startup Cost": 10000000000.0, "Total Cost": 1000073097843.5, "Plan Rows": 14999479, "Plan Width": 24}, {"Node Type": "Bitmap Heap Scan", "Parent Relationship": "Inner", "Relation Name": "lineitem", "Alias": "lineitem", "Startup Cost": 0.38, "Total Cost": 4.6, "Plan Rows": 1, "Plan Width": 19, "Recheck Cond": "(l_orderkey = orders.o_orderkey)", "Filter": "((l_shipmode = ANY ('{RAIL,FOB}'::bpchar[])) AND (l_commitdate < l_receiptdate) AND (l_shipdate < l_commitdate) AND (l_receiptdate >= '1997-01-01 00:00:00'::timestamp(0) without time zone) AND (l_receiptdate < '1998-01-01 00:00:00'::timestamp without time zone))", "Plans": [{"Node Type": "Bitmap Index Scan", "Parent Relationship": "Outer", "Index Name": "idx_lineitem_orderkey", "Startup Cost": 0.0, "Total Cost": 0.38, "Plan Rows": 9, "Plan Width": 0, "Index Cond": "(l_orderkey = orders.o_orderkey)"}]}]}]}]}, "Unique SQL Id": 2036526415, "Planner Runtime": 0}, "explain_analyze_plan": null}, "(1, '56')": {"explain_plan": {"Plan": {"Node Type": "Sort", "Startup Cost": 3850876.0, "Total Cost": 3850876.01, "Plan Rows": 1, "Plan Width": 27, "Sort Key": ["lineitem.l_shipmode"], "Plans": [{"Node Type": "Aggregate", "Strategy": "Hashed", "Parent Relationship": "Outer", "Startup Cost": 3850875.98, "Total Cost": 3850875.99, "Plan Rows": 1, "Plan Width": 27, "Group By Key": ["lineitem.l_shipmode"], "Plans": [{"Node Type": "Nested Loop", "Parent Relationship": "Outer", "Join Type": "Inner", "Startup Cost": 33.12, "Total Cost": 3845720.76, "Plan Rows": 294584, "Plan Width": 27, "Inner Unique": true, "Plans": [{"Node Type": "Seq Scan", "Parent Relationship": "Outer", "Relation Name": "lineitem", "Alias": "lineitem", "Startup Cost": 33.12, "Total Cost": 2764953.24, "Plan Rows": 294584, "Plan Width": 19, "Filter": "((l_shipmode = ANY ('{RAIL,FOB}'::bpchar[])) AND (l_commitdate < l_receiptdate) AND (l_shipdate < l_commitdate) AND (l_receiptdate >= '1997-01-01 00:00:00'::timestamp(0) without time zone) AND (l_receiptdate < '1998-01-01 00:00:00'::timestamp without time zone)), (LLVM Optimized)"}, {"Node Type": "Index Scan", "Parent Relationship": "Inner", "Scan Direction": "Forward", "Index Name": "orders_pkey", "Relation Name": "orders", "Alias": "orders", "Startup Cost": 0.0, "Total Cost": 3.66, "Plan Rows": 1, "Plan Width": 24, "Index Cond": "(o_orderkey = lineitem.l_orderkey)"}]}]}]}, "Unique SQL Id": 2036526415, "Planner Runtime": 0}, "explain_analyze_plan": {"Plan": {"Node Type": "Sort", "Startup Cost": 3850876.0, "Total Cost": 3850876.01, "Plan Rows": 1, "Plan Width": 27, "Actual Startup Time": 26566.022, "Actual Total Time": 26566.023, "Actual Rows": 2, "Actual Loops": 1, "Sort Key": ["lineitem.l_shipmode"], "Sort Method": "quicksort", "Sort Space Used": 25, "Sort Space Type": "Memory", "Plans": [{"Node Type": "Aggregate", "Strategy": "Hashed", "Parent Relationship": "Outer", "Startup Cost": 3850875.98, "Total Cost": 3850875.99, "Plan Rows": 1, "Plan Width": 27, "Actual Startup Time": 26565.969, "Actual Total Time": 26565.971, "Actual Rows": 2, "Actual Loops": 1, "Group By Key": ["lineitem.l_shipmode"], "Plans": [{"Node Type": "Nested Loop", "Parent Relationship": "Outer", "Join Type": "Inner", "Startup Cost": 33.12, "Total Cost": 3845720.76, "Plan Rows": 294584, "Plan Width": 27, "Actual Startup Time": 0.412, "Actual Total Time": 26232.809, "Actual Rows": 311248, "Actual Loops": 1, "Inner Unique": true, "Plans": [{"Node Type": "Seq Scan", "Parent Relationship": "Outer", "Relation Name": "lineitem", "Alias": "lineitem", "Startup Cost": 33.12, "Total Cost": 2764953.24, "Plan Rows": 294584, "Plan Width": 19, "Actual Startup Time": 0.381, "Actual Total Time": 24556.669, "Actual Rows": 311248, "Actual Loops": 1, "Filter": "((l_shipmode = ANY ('{RAIL,FOB}'::bpchar[])) AND (l_commitdate < l_receiptdate) AND (l_shipdate < l_commitdate) AND (l_receiptdate >= '1997-01-01 00:00:00'::timestamp(0) without time zone) AND (l_receiptdate < '1998-01-01 00:00:00'::timestamp without time zone)), (LLVM Optimized, Jit Execute)", "Rows Removed by Filter": 59674804}, {"Node Type": "Index Scan", "Parent Relationship": "Inner", "Scan Direction": "Forward", "Index Name": "orders_pkey", "Relation Name": "orders", "Alias": "orders", "Startup Cost": 0.0, "Total Cost": 3.66, "Plan Rows": 1, "Plan Width": 24, "Actual Startup Time": 1375.452, "Actual Total Time": 1375.452, "Actual Rows": 311248, "Actual Loops": 311248, "Index Cond": "(o_orderkey = lineitem.l_orderkey)", "Rows Removed by Index Recheck": 0}]}]}]}, "Triggers": [], "Planner Runtime": 0.4, "Total Runtime": 26576.884, "Unique SQL Id": 2036526415}}, "(1, '57')": {"explain_plan": {"Plan": {"Node Type": "Sort", "Startup Cost": 5075914.42, "Total Cost": 5075914.42, "Plan Rows": 1, "Plan Width": 27, "Sort Key": ["lineitem.l_shipmode"], "Plans": [{"Node Type": "Aggregate", "Strategy": "Hashed", "Parent Relationship": "Outer", "Startup Cost": 5075914.4, "Total Cost": 5075914.41, "Plan Rows": 1, "Plan Width": 27, "Group By Key": ["lineitem.l_shipmode"], "Plans": [{"Node Type": "Nested Loop", "Parent Relationship": "Outer", "Join Type": "Inner", "Startup Cost": 0.0, "Total Cost": 5070759.18, "Plan Rows": 294584, "Plan Width": 27, "Inner Unique": true, "Plans": [{"Node Type": "Index Scan", "Parent Relationship": "Outer", "Scan Direction": "Forward", "Index Name": "idx_lineitem_orderkey", "Relation Name": "lineitem", "Alias": "lineitem", "Startup Cost": 0.0, "Total Cost": 3989991.66, "Plan Rows": 294584, "Plan Width": 19, "Filter": "((l_shipmode = ANY ('{RAIL,FOB}'::bpchar[])) AND (l_commitdate < l_receiptdate) AND (l_shipdate < l_commitdate) AND (l_receiptdate >= '1997-01-01 00:00:00'::timestamp(0) without time zone) AND (l_receiptdate < '1998-01-01 00:00:00'::timestamp without time zone)), (LLVM Optimized)"}, {"Node Type": "Index Scan", "Parent Relationship": "Inner", "Scan Direction": "Forward", "Index Name": "orders_pkey", "Relation Name": "orders", "Alias": "orders", "Startup Cost": 0.0, "Total Cost": 3.66, "Plan Rows": 1, "Plan Width": 24, "Index Cond": "(o_orderkey = lineitem.l_orderkey)"}]}]}]}, "Unique SQL Id": 2036526415, "Planner Runtime": 0}, "explain_analyze_plan": {"Plan": {"Node Type": "Sort", "Startup Cost": 5075914.42, "Total Cost": 5075914.42, "Plan Rows": 1, "Plan Width": 27, "Actual Startup Time": 47133.29, "Actual Total Time": 47133.29, "Actual Rows": 2, "Actual Loops": 1, "Sort Key": ["lineitem.l_shipmode"], "Sort Method": "quicksort", "Sort Space Used": 25, "Sort Space Type": "Memory", "Plans": [{"Node Type": "Aggregate", "Strategy": "Hashed", "Parent Relationship": "Outer", "Startup Cost": 5075914.4, "Total Cost": 5075914.41, "Plan Rows": 1, "Plan Width": 27, "Actual Startup Time": 47133.234, "Actual Total Time": 47133.236, "Actual Rows": 2, "Actual Loops": 1, "Group By Key": ["lineitem.l_shipmode"], "Plans": [{"Node Type": "Nested Loop", "Parent Relationship": "Outer", "Join Type": "Inner", "Startup Cost": 0.0, "Total Cost": 5070759.18, "Plan Rows": 294584, "Plan Width": 27, "Actual Startup Time": 0.521, "Actual Total Time": 46792.523, "Actual Rows": 311248, "Actual Loops": 1, "Inner Unique": true, "Plans": [{"Node Type": "Index Scan", "Parent Relationship": "Outer", "Scan Direction": "Forward", "Index Name": "idx_lineitem_orderkey", "Relation Name": "lineitem", "Alias": "lineitem", "Startup Cost": 0.0, "Total Cost": 3989991.66, "Plan Rows": 294584, "Plan Width": 19, "Actual Startup Time": 0.503, "Actual Total Time": 45114.149, "Actual Rows": 311248, "Actual Loops": 1, "Filter": "((l_shipmode = ANY ('{RAIL,FOB}'::bpchar[])) AND (l_commitdate < l_receiptdate) AND (l_shipdate < l_commitdate) AND (l_receiptdate >= '1997-01-01 00:00:00'::timestamp(0) without time zone) AND (l_receiptdate < '1998-01-01 00:00:00'::timestamp without time zone)), (LLVM Optimized, Jit Execute)", "Rows Removed by Filter": 59674804}, {"Node Type": "Index Scan", "Parent Relationship": "Inner", "Scan Direction": "Forward", "Index Name": "orders_pkey", "Relation Name": "orders", "Alias": "orders", "Startup Cost": 0.0, "Total Cost": 3.66, "Plan Rows": 1, "Plan Width": 24, "Actual Startup Time": 1376.166, "Actual Total Time": 1376.166, "Actual Rows": 311248, "Actual Loops": 311248, "Index Cond": "(o_orderkey = lineitem.l_orderkey)", "Rows Removed by Index Recheck": 0}]}]}]}, "Triggers": [], "Planner Runtime": 0.425, "Total Runtime": 47144.321, "Unique SQL Id": 2036526415}}, "(1, '58')": {"explain_plan": {"Plan": {"Node Type": "Sort", "Startup Cost": 66282295084.77, "Total Cost": 66282295084.78, "Plan Rows": 1, "Plan Width": 27, "Sort Key": ["lineitem.l_shipmode"], "Plans": [{"Node Type": "Aggregate", "Strategy": "Hashed", "Parent Relationship": "Outer", "Startup Cost": 66282295084.75, "Total Cost": 66282295084.76, "Plan Rows": 1, "Plan Width": 27, "Group By Key": ["lineitem.l_shipmode"], "Plans": [{"Node Type": "Nested Loop", "Parent Relationship": "Outer", "Join Type": "Inner", "Startup Cost": 33.12, "Total Cost": 66282289929.53, "Plan Rows": 294584, "Plan Width": 27, "Inner Unique": false, "Join Filter": "(orders.o_orderkey = lineitem.l_orderkey), (LLVM Optimized)", "Plans": [{"Node Type": "Seq Scan", "Parent Relationship": "Outer", "Relation Name": "orders", "Alias": "orders", "Startup Cost": 0.0, "Total Cost": 426413.79, "Plan Rows": 14999479, "Plan Width": 24}, {"Node Type": "Materialize", "Parent Relationship": "Inner", "Startup Cost": 33.12, "Total Cost": 2766426.16, "Plan Rows": 294584, "Plan Width": 19, "Plans": [{"Node Type": "Seq Scan", "Parent Relationship": "Outer", "Relation Name": "lineitem", "Alias": "lineitem", "Startup Cost": 33.12, "Total Cost": 2764953.24, "Plan Rows": 294584, "Plan Width": 19, "Filter": "((l_shipmode = ANY ('{RAIL,FOB}'::bpchar[])) AND (l_commitdate < l_receiptdate) AND (l_shipdate < l_commitdate) AND (l_receiptdate >= '1997-01-01 00:00:00'::timestamp(0) without time zone) AND (l_receiptdate < '1998-01-01 00:00:00'::timestamp without time zone)), (LLVM Optimized)"}]}]}]}]}, "Unique SQL Id": 2036526415, "Planner Runtime": 0}, "explain_analyze_plan": null}, "(1, '59')": {"explain_plan": {"Plan": {"Node Type": "Sort", "Startup Cost": 2066751200726.99, "Total Cost": 2066751200726.99, "Plan Rows": 1, "Plan Width": 27, "Sort Key": ["lineitem.l_shipmode"], "Plans": [{"Node Type": "Aggregate", "Strategy": "Hashed", "Parent Relationship": "Outer", "Startup Cost": 2066751200726.97, "Total Cost": 2066751200726.98, "Plan Rows": 1, "Plan Width": 27, "Group By Key": ["lineitem.l_shipmode"], "Plans": [{"Node Type": "Nested Loop", "Parent Relationship": "Outer", "Join Type": "Inner", "Startup Cost": 20000000000.0, "Total Cost": 2066751195571.75, "Plan Rows": 294584, "Plan Width": 27, "Inner Unique": false, "Join Filter": "(orders.o_orderkey = lineitem.l_orderkey), (LLVM Optimized)", "Plans": [{"Node Type": "Index Scan", "Parent Relationship": "Outer", "Scan Direction": "Forward", "Index Name": "orders_pkey", "Relation Name": "orders", "Alias": "orders", "Startup Cost": 10000000000.0, "Total Cost": 1000073097843.5, "Plan Rows": 14999479, "Plan Width": 24}, {"Node Type": "Materialize", "Parent Relationship": "Inner", "Startup Cost": 10000000000.0, "Total Cost": 1000399000638.67, "Plan Rows": 294584, "Plan Width": 19, "Plans": [{"Node Type": "Index Scan", "Parent Relationship": "Outer", "Scan Direction": "Forward", "Index Name": "idx_lineitem_orderkey", "Relation Name": "lineitem", "Alias": "lineitem", "Startup Cost": 10000000000.0, "Total Cost": 1000398999165.75, "Plan Rows": 294584, "Plan Width": 19, "Filter": "((l_shipmode = ANY ('{RAIL,FOB}'::bpchar[])) AND (l_commitdate < l_receiptdate) AND (l_shipdate < l_commitdate) AND (l_receiptdate >= '1997-01-01 00:00:00'::timestamp(0) without time zone) AND (l_receiptdate < '1998-01-01 00:00:00'::timestamp without time zone)), (LLVM Optimized)"}]}]}]}]}, "Unique SQL Id": 2036526415, "Planner Runtime": 0}, "explain_analyze_plan": null}, "(1, '60')": {"explain_plan": {"Plan": {"Node Type": "Sort", "Startup Cost": 3850876.0, "Total Cost": 3850876.01, "Plan Rows": 1, "Plan Width": 27, "Sort Key": ["lineitem.l_shipmode"], "Plans": [{"Node Type": "Aggregate", "Strategy": "Hashed", "Parent Relationship": "Outer", "Startup Cost": 3850875.98, "Total Cost": 3850875.99, "Plan Rows": 1, "Plan Width": 27, "Group By Key": ["lineitem.l_shipmode"], "Plans": [{"Node Type": "Nested Loop", "Parent Relationship": "Outer", "Join Type": "Inner", "Startup Cost": 33.12, "Total Cost": 3845720.76, "Plan Rows": 294584, "Plan Width": 27, "Inner Unique": true, "Plans": [{"Node Type": "Seq Scan", "Parent Relationship": "Outer", "Relation Name": "lineitem", "Alias": "lineitem", "Startup Cost": 33.12, "Total Cost": 2764953.24, "Plan Rows": 294584, "Plan Width": 19, "Filter": "((l_shipmode = ANY ('{RAIL,FOB}'::bpchar[])) AND (l_commitdate < l_receiptdate) AND (l_shipdate < l_commitdate) AND (l_receiptdate >= '1997-01-01 00:00:00'::timestamp(0) without time zone) AND (l_receiptdate < '1998-01-01 00:00:00'::timestamp without time zone)), (LLVM Optimized)"}, {"Node Type": "Index Scan", "Parent Relationship": "Inner", "Scan Direction": "Forward", "Index Name": "orders_pkey", "Relation Name": "orders", "Alias": "orders", "Startup Cost": 0.0, "Total Cost": 3.66, "Plan Rows": 1, "Plan Width": 24, "Index Cond": "(o_orderkey = lineitem.l_orderkey)"}]}]}]}, "Unique SQL Id": 2036526415, "Planner Runtime": 0}, "explain_analyze_plan": {"Plan": {"Node Type": "Sort", "Startup Cost": 3850876.0, "Total Cost": 3850876.01, "Plan Rows": 1, "Plan Width": 27, "Actual Startup Time": 26566.022, "Actual Total Time": 26566.023, "Actual Rows": 2, "Actual Loops": 1, "Sort Key": ["lineitem.l_shipmode"], "Sort Method": "quicksort", "Sort Space Used": 25, "Sort Space Type": "Memory", "Plans": [{"Node Type": "Aggregate", "Strategy": "Hashed", "Parent Relationship": "Outer", "Startup Cost": 3850875.98, "Total Cost": 3850875.99, "Plan Rows": 1, "Plan Width": 27, "Actual Startup Time": 26565.969, "Actual Total Time": 26565.971, "Actual Rows": 2, "Actual Loops": 1, "Group By Key": ["lineitem.l_shipmode"], "Plans": [{"Node Type": "Nested Loop", "Parent Relationship": "Outer", "Join Type": "Inner", "Startup Cost": 33.12, "Total Cost": 3845720.76, "Plan Rows": 294584, "Plan Width": 27, "Actual Startup Time": 0.412, "Actual Total Time": 26232.809, "Actual Rows": 311248, "Actual Loops": 1, "Inner Unique": true, "Plans": [{"Node Type": "Seq Scan", "Parent Relationship": "Outer", "Relation Name": "lineitem", "Alias": "lineitem", "Startup Cost": 33.12, "Total Cost": 2764953.24, "Plan Rows": 294584, "Plan Width": 19, "Actual Startup Time": 0.381, "Actual Total Time": 24556.669, "Actual Rows": 311248, "Actual Loops": 1, "Filter": "((l_shipmode = ANY ('{RAIL,FOB}'::bpchar[])) AND (l_commitdate < l_receiptdate) AND (l_shipdate < l_commitdate) AND (l_receiptdate >= '1997-01-01 00:00:00'::timestamp(0) without time zone) AND (l_receiptdate < '1998-01-01 00:00:00'::timestamp without time zone)), (LLVM Optimized, Jit Execute)", "Rows Removed by Filter": 59674804}, {"Node Type": "Index Scan", "Parent Relationship": "Inner", "Scan Direction": "Forward", "Index Name": "orders_pkey", "Relation Name": "orders", "Alias": "orders", "Startup Cost": 0.0, "Total Cost": 3.66, "Plan Rows": 1, "Plan Width": 24, "Actual Startup Time": 1375.452, "Actual Total Time": 1375.452, "Actual Rows": 311248, "Actual Loops": 311248, "Index Cond": "(o_orderkey = lineitem.l_orderkey)", "Rows Removed by Index Recheck": 0}]}]}]}, "Triggers": [], "Planner Runtime": 0.4, "Total Runtime": 26576.884, "Unique SQL Id": 2036526415}}, "(1, '61')": {"explain_plan": {"Plan": {"Node Type": "Sort", "Startup Cost": 5075914.42, "Total Cost": 5075914.42, "Plan Rows": 1, "Plan Width": 27, "Sort Key": ["lineitem.l_shipmode"], "Plans": [{"Node Type": "Aggregate", "Strategy": "Hashed", "Parent Relationship": "Outer", "Startup Cost": 5075914.4, "Total Cost": 5075914.41, "Plan Rows": 1, "Plan Width": 27, "Group By Key": ["lineitem.l_shipmode"], "Plans": [{"Node Type": "Nested Loop", "Parent Relationship": "Outer", "Join Type": "Inner", "Startup Cost": 0.0, "Total Cost": 5070759.18, "Plan Rows": 294584, "Plan Width": 27, "Inner Unique": true, "Plans": [{"Node Type": "Index Scan", "Parent Relationship": "Outer", "Scan Direction": "Forward", "Index Name": "idx_lineitem_orderkey", "Relation Name": "lineitem", "Alias": "lineitem", "Startup Cost": 0.0, "Total Cost": 3989991.66, "Plan Rows": 294584, "Plan Width": 19, "Filter": "((l_shipmode = ANY ('{RAIL,FOB}'::bpchar[])) AND (l_commitdate < l_receiptdate) AND (l_shipdate < l_commitdate) AND (l_receiptdate >= '1997-01-01 00:00:00'::timestamp(0) without time zone) AND (l_receiptdate < '1998-01-01 00:00:00'::timestamp without time zone)), (LLVM Optimized)"}, {"Node Type": "Index Scan", "Parent Relationship": "Inner", "Scan Direction": "Forward", "Index Name": "orders_pkey", "Relation Name": "orders", "Alias": "orders", "Startup Cost": 0.0, "Total Cost": 3.66, "Plan Rows": 1, "Plan Width": 24, "Index Cond": "(o_orderkey = lineitem.l_orderkey)"}]}]}]}, "Unique SQL Id": 2036526415, "Planner Runtime": 0}, "explain_analyze_plan": {"Plan": {"Node Type": "Sort", "Startup Cost": 5075914.42, "Total Cost": 5075914.42, "Plan Rows": 1, "Plan Width": 27, "Actual Startup Time": 47133.29, "Actual Total Time": 47133.29, "Actual Rows": 2, "Actual Loops": 1, "Sort Key": ["lineitem.l_shipmode"], "Sort Method": "quicksort", "Sort Space Used": 25, "Sort Space Type": "Memory", "Plans": [{"Node Type": "Aggregate", "Strategy": "Hashed", "Parent Relationship": "Outer", "Startup Cost": 5075914.4, "Total Cost": 5075914.41, "Plan Rows": 1, "Plan Width": 27, "Actual Startup Time": 47133.234, "Actual Total Time": 47133.236, "Actual Rows": 2, "Actual Loops": 1, "Group By Key": ["lineitem.l_shipmode"], "Plans": [{"Node Type": "Nested Loop", "Parent Relationship": "Outer", "Join Type": "Inner", "Startup Cost": 0.0, "Total Cost": 5070759.18, "Plan Rows": 294584, "Plan Width": 27, "Actual Startup Time": 0.521, "Actual Total Time": 46792.523, "Actual Rows": 311248, "Actual Loops": 1, "Inner Unique": true, "Plans": [{"Node Type": "Index Scan", "Parent Relationship": "Outer", "Scan Direction": "Forward", "Index Name": "idx_lineitem_orderkey", "Relation Name": "lineitem", "Alias": "lineitem", "Startup Cost": 0.0, "Total Cost": 3989991.66, "Plan Rows": 294584, "Plan Width": 19, "Actual Startup Time": 0.503, "Actual Total Time": 45114.149, "Actual Rows": 311248, "Actual Loops": 1, "Filter": "((l_shipmode = ANY ('{RAIL,FOB}'::bpchar[])) AND (l_commitdate < l_receiptdate) AND (l_shipdate < l_commitdate) AND (l_receiptdate >= '1997-01-01 00:00:00'::timestamp(0) without time zone) AND (l_receiptdate < '1998-01-01 00:00:00'::timestamp without time zone)), (LLVM Optimized, Jit Execute)", "Rows Removed by Filter": 59674804}, {"Node Type": "Index Scan", "Parent Relationship": "Inner", "Scan Direction": "Forward", "Index Name": "orders_pkey", "Relation Name": "orders", "Alias": "orders", "Startup Cost": 0.0, "Total Cost": 3.66, "Plan Rows": 1, "Plan Width": 24, "Actual Startup Time": 1376.166, "Actual Total Time": 1376.166, "Actual Rows": 311248, "Actual Loops": 311248, "Index Cond": "(o_orderkey = lineitem.l_orderkey)", "Rows Removed by Index Recheck": 0}]}]}]}, "Triggers": [], "Planner Runtime": 0.425, "Total Runtime": 47144.321, "Unique SQL Id": 2036526415}}, "(1, '62')": {"explain_plan": {"Plan": {"Node Type": "Sort", "Startup Cost": 66282295084.77, "Total Cost": 66282295084.78, "Plan Rows": 1, "Plan Width": 27, "Sort Key": ["lineitem.l_shipmode"], "Plans": [{"Node Type": "Aggregate", "Strategy": "Hashed", "Parent Relationship": "Outer", "Startup Cost": 66282295084.75, "Total Cost": 66282295084.76, "Plan Rows": 1, "Plan Width": 27, "Group By Key": ["lineitem.l_shipmode"], "Plans": [{"Node Type": "Nested Loop", "Parent Relationship": "Outer", "Join Type": "Inner", "Startup Cost": 33.12, "Total Cost": 66282289929.53, "Plan Rows": 294584, "Plan Width": 27, "Inner Unique": false, "Join Filter": "(orders.o_orderkey = lineitem.l_orderkey), (LLVM Optimized)", "Plans": [{"Node Type": "Seq Scan", "Parent Relationship": "Outer", "Relation Name": "orders", "Alias": "orders", "Startup Cost": 0.0, "Total Cost": 426413.79, "Plan Rows": 14999479, "Plan Width": 24}, {"Node Type": "Materialize", "Parent Relationship": "Inner", "Startup Cost": 33.12, "Total Cost": 2766426.16, "Plan Rows": 294584, "Plan Width": 19, "Plans": [{"Node Type": "Seq Scan", "Parent Relationship": "Outer", "Relation Name": "lineitem", "Alias": "lineitem", "Startup Cost": 33.12, "Total Cost": 2764953.24, "Plan Rows": 294584, "Plan Width": 19, "Filter": "((l_shipmode = ANY ('{RAIL,FOB}'::bpchar[])) AND (l_commitdate < l_receiptdate) AND (l_shipdate < l_commitdate) AND (l_receiptdate >= '1997-01-01 00:00:00'::timestamp(0) without time zone) AND (l_receiptdate < '1998-01-01 00:00:00'::timestamp without time zone)), (LLVM Optimized)"}]}]}]}]}, "Unique SQL Id": 2036526415, "Planner Runtime": 0}, "explain_analyze_plan": null}, "(1, '63')": {"explain_plan": {"Plan": {"Node Type": "Sort", "Startup Cost": 2066751200726.99, "Total Cost": 2066751200726.99, "Plan Rows": 1, "Plan Width": 27, "Sort Key": ["lineitem.l_shipmode"], "Plans": [{"Node Type": "Aggregate", "Strategy": "Hashed", "Parent Relationship": "Outer", "Startup Cost": 2066751200726.97, "Total Cost": 2066751200726.98, "Plan Rows": 1, "Plan Width": 27, "Group By Key": ["lineitem.l_shipmode"], "Plans": [{"Node Type": "Nested Loop", "Parent Relationship": "Outer", "Join Type": "Inner", "Startup Cost": 20000000000.0, "Total Cost": 2066751195571.75, "Plan Rows": 294584, "Plan Width": 27, "Inner Unique": false, "Join Filter": "(orders.o_orderkey = lineitem.l_orderkey), (LLVM Optimized)", "Plans": [{"Node Type": "Index Scan", "Parent Relationship": "Outer", "Scan Direction": "Forward", "Index Name": "orders_pkey", "Relation Name": "orders", "Alias": "orders", "Startup Cost": 10000000000.0, "Total Cost": 1000073097843.5, "Plan Rows": 14999479, "Plan Width": 24}, {"Node Type": "Materialize", "Parent Relationship": "Inner", "Startup Cost": 10000000000.0, "Total Cost": 1000399000638.67, "Plan Rows": 294584, "Plan Width": 19, "Plans": [{"Node Type": "Index Scan", "Parent Relationship": "Outer", "Scan Direction": "Forward", "Index Name": "idx_lineitem_orderkey", "Relation Name": "lineitem", "Alias": "lineitem", "Startup Cost": 10000000000.0, "Total Cost": 1000398999165.75, "Plan Rows": 294584, "Plan Width": 19, "Filter": "((l_shipmode = ANY ('{RAIL,FOB}'::bpchar[])) AND (l_commitdate < l_receiptdate) AND (l_shipdate < l_commitdate) AND (l_receiptdate >= '1997-01-01 00:00:00'::timestamp(0) without time zone) AND (l_receiptdate < '1998-01-01 00:00:00'::timestamp without time zone)), (LLVM Optimized)"}]}]}]}]}, "Unique SQL Id": 2036526415, "Planner Runtime": 0}, "explain_analyze_plan": null}, "(1, '64')": {"explain_plan": {"Plan": {"Node Type": "Sort", "Startup Cost": 3388066.29, "Total Cost": 3388066.29, "Plan Rows": 1, "Plan Width": 27, "Sort Key": ["lineitem.l_shipmode"], "Plans": [{"Node Type": "Aggregate", "Strategy": "Hashed", "Parent Relationship": "Outer", "Startup Cost": 3388066.27, "Total Cost": 3388066.28, "Plan Rows": 1, "Plan Width": 27, "Group By Key": ["lineitem.l_shipmode"], "Plans": [{"Node Type": "Hash Join", "Parent Relationship": "Outer", "Join Type": "Inner", "Startup Cost": 613940.4, "Total Cost": 3382911.05, "Plan Rows": 294584, "Plan Width": 27, "Inner Unique": true, "Hash Cond": "(lineitem.l_orderkey = orders.o_orderkey), (LLVM Optimized)", "Plans": [{"Node Type": "Seq Scan", "Parent Relationship": "Outer", "Relation Name": "lineitem", "Alias": "lineitem", "Startup Cost": 33.12, "Total Cost": 2764953.24, "Plan Rows": 294584, "Plan Width": 19, "Filter": "((l_shipmode = ANY ('{RAIL,FOB}'::bpchar[])) AND (l_commitdate < l_receiptdate) AND (l_shipdate < l_commitdate) AND (l_receiptdate >= '1997-01-01 00:00:00'::timestamp(0) without time zone) AND (l_receiptdate < '1998-01-01 00:00:00'::timestamp without time zone)), (LLVM Optimized)"}, {"Node Type": "Hash", "Parent Relationship": "Inner", "Startup Cost": 426413.79, "Total Cost": 426413.79, "Plan Rows": 14999479, "Plan Width": 24, "Plans": [{"Node Type": "Seq Scan", "Parent Relationship": "Outer", "Relation Name": "orders", "Alias": "orders", "Startup Cost": 0.0, "Total Cost": 426413.79, "Plan Rows": 14999479, "Plan Width": 24}]}]}]}]}, "Unique SQL Id": 2036526415, "Planner Runtime": 0}, "explain_analyze_plan": {"Plan": {"Node Type": "Sort", "Startup Cost": 3388066.29, "Total Cost": 3388066.29, "Plan Rows": 1, "Plan Width": 27, "Actual Startup Time": 36475.758, "Actual Total Time": 36475.758, "Actual Rows": 2, "Actual Loops": 1, "Sort Key": ["lineitem.l_shipmode"], "Sort Method": "quicksort", "Sort Space Used": 25, "Sort Space Type": "Memory", "Plans": [{"Node Type": "Aggregate", "Strategy": "Hashed", "Parent Relationship": "Outer", "Startup Cost": 3388066.27, "Total Cost": 3388066.28, "Plan Rows": 1, "Plan Width": 27, "Actual Startup Time": 36475.716, "Actual Total Time": 36475.717, "Actual Rows": 2, "Actual Loops": 1, "Group By Key": ["lineitem.l_shipmode"], "Plans": [{"Node Type": "Hash Join", "Parent Relationship": "Outer", "Join Type": "Inner", "Startup Cost": 613940.4, "Total Cost": 3382911.05, "Plan Rows": 294584, "Plan Width": 27, "Actual Startup Time": 11018.489, "Actual Total Time": 36156.406, "Actual Rows": 311248, "Actual Loops": 1, "Inner Unique": true, "Hash Cond": "(lineitem.l_orderkey = orders.o_orderkey), (LLVM Optimized, Jit Execute)", "Plans": [{"Node Type": "Seq Scan", "Parent Relationship": "Outer", "Relation Name": "lineitem", "Alias": "lineitem", "Startup Cost": 33.12, "Total Cost": 2764953.24, "Plan Rows": 294584, "Plan Width": 19, "Actual Startup Time": 0.356, "Actual Total Time": 24778.892, "Actual Rows": 311248, "Actual Loops": 1, "Filter": "((l_shipmode = ANY ('{RAIL,FOB}'::bpchar[])) AND (l_commitdate < l_receiptdate) AND (l_shipdate < l_commitdate) AND (l_receiptdate >= '1997-01-01 00:00:00'::timestamp(0) without time zone) AND (l_receiptdate < '1998-01-01 00:00:00'::timestamp without time zone)), (LLVM Optimized, Jit Execute)", "Rows Removed by Filter": 59674804}, {"Node Type": "Hash", "Parent Relationship": "Inner", "Startup Cost": 426413.79, "Total Cost": 426413.79, "Plan Rows": 14999479, "Plan Width": 24, "Actual Startup Time": 11008.206, "Actual Total Time": 11008.206, "Actual Rows": 15000000, "Actual Loops": 1, "Hash Buckets": 16777216, "Hash Batches": 1, "Original Hash Batches": 1, "Peak Memory Usage": 820313, "Plans": [{"Node Type": "Seq Scan", "Parent Relationship": "Outer", "Relation Name": "orders", "Alias": "orders", "Startup Cost": 0.0, "Total Cost": 426413.79, "Plan Rows": 14999479, "Plan Width": 24, "Actual Startup Time": 0.019, "Actual Total Time": 5315.86, "Actual Rows": 15000000, "Actual Loops": 1}]}]}]}]}, "Triggers": [], "Planner Runtime": 0.622, "Total Runtime": 36486.839, "Unique SQL Id": 2036526415}}, "(1, '65')": {"explain_plan": {"Plan": {"Node Type": "Sort", "Startup Cost": 4767238.6, "Total Cost": 4767238.6, "Plan Rows": 1, "Plan Width": 27, "Sort Key": ["lineitem.l_shipmode"], "Plans": [{"Node Type": "Aggregate", "Strategy": "Hashed", "Parent Relationship": "Outer", "Startup Cost": 4767238.58, "Total Cost": 4767238.59, "Plan Rows": 1, "Plan Width": 27, "Group By Key": ["lineitem.l_shipmode"], "Plans": [{"Node Type": "Merge Join", "Parent Relationship": "Outer", "Join Type": "Inner", "Startup Cost": 28.23, "Total Cost": 4762083.36, "Plan Rows": 294584, "Plan Width": 27, "Inner Unique": false, "Merge Cond": "(orders.o_orderkey = lineitem.l_orderkey)", "Plans": [{"Node Type": "Index Scan", "Parent Relationship": "Outer", "Scan Direction": "Forward", "Index Name": "orders_pkey", "Relation Name": "orders", "Alias": "orders", "Startup Cost": 0.0, "Total Cost": 730978.44, "Plan Rows": 14999479, "Plan Width": 24}, {"Node Type": "Index Scan", "Parent Relationship": "Inner", "Scan Direction": "Forward", "Index Name": "idx_lineitem_orderkey", "Relation Name": "lineitem", "Alias": "lineitem", "Startup Cost": 0.0, "Total Cost": 3989991.66, "Plan Rows": 294584, "Plan Width": 19, "Filter": "((l_shipmode = ANY ('{RAIL,FOB}'::bpchar[])) AND (l_commitdate < l_receiptdate) AND (l_shipdate < l_commitdate) AND (l_receiptdate >= '1997-01-01 00:00:00'::timestamp(0) without time zone) AND (l_receiptdate < '1998-01-01 00:00:00'::timestamp without time zone)), (LLVM Optimized)"}]}]}]}, "Unique SQL Id": 2036526415, "Planner Runtime": 0}, "explain_analyze_plan": {"Plan": {"Node Type": "Sort", "Startup Cost": 4767238.6, "Total Cost": 4767238.6, "Plan Rows": 1, "Plan Width": 27, "Actual Startup Time": 55913.772, "Actual Total Time": 55913.772, "Actual Rows": 2, "Actual Loops": 1, "Sort Key": ["lineitem.l_shipmode"], "Sort Method": "quicksort", "Sort Space Used": 25, "Sort Space Type": "Memory", "Plans": [{"Node Type": "Aggregate", "Strategy": "Hashed", "Parent Relationship": "Outer", "Startup Cost": 4767238.58, "Total Cost": 4767238.59, "Plan Rows": 1, "Plan Width": 27, "Actual Startup Time": 55913.71, "Actual Total Time": 55913.711, "Actual Rows": 2, "Actual Loops": 1, "Group By Key": ["lineitem.l_shipmode"], "Plans": [{"Node Type": "Merge Join", "Parent Relationship": "Outer", "Join Type": "Inner", "Startup Cost": 28.23, "Total Cost": 4762083.36, "Plan Rows": 294584, "Plan Width": 27, "Actual Startup Time": 0.58, "Actual Total Time": 55584.795, "Actual Rows": 311248, "Actual Loops": 1, "Inner Unique": false, "Merge Cond": "(orders.o_orderkey = lineitem.l_orderkey)", "Plans": [{"Node Type": "Index Scan", "Parent Relationship": "Outer", "Scan Direction": "Forward", "Index Name": "orders_pkey", "Relation Name": "orders", "Alias": "orders", "Startup Cost": 0.0, "Total Cost": 730978.44, "Plan Rows": 14999479, "Plan Width": 24, "Actual Startup Time": 0.03, "Actual Total Time": 8483.727, "Actual Rows": 14999914, "Actual Loops": 1}, {"Node Type": "Index Scan", "Parent Relationship": "Inner", "Scan Direction": "Forward", "Index Name": "idx_lineitem_orderkey", "Relation Name": "lineitem", "Alias": "lineitem", "Startup Cost": 0.0, "Total Cost": 3989991.66, "Plan Rows": 294584, "Plan Width": 19, "Actual Startup Time": 0.465, "Actual Total Time": 44676.557, "Actual Rows": 311248, "Actual Loops": 1, "Filter": "((l_shipmode = ANY ('{RAIL,FOB}'::bpchar[])) AND (l_commitdate < l_receiptdate) AND (l_shipdate < l_commitdate) AND (l_receiptdate >= '1997-01-01 00:00:00'::timestamp(0) without time zone) AND (l_receiptdate < '1998-01-01 00:00:00'::timestamp without time zone)), (LLVM Optimized, Jit Execute)", "Rows Removed by Filter": 59674804}]}]}]}, "Triggers": [], "Planner Runtime": 0.615, "Total Runtime": 55924.816, "Unique SQL Id": 2036526415}}, "(1, '66')": {"explain_plan": {"Plan": {"Node Type": "Sort", "Startup Cost": 3388066.29, "Total Cost": 3388066.29, "Plan Rows": 1, "Plan Width": 27, "Sort Key": ["lineitem.l_shipmode"], "Plans": [{"Node Type": "Aggregate", "Strategy": "Hashed", "Parent Relationship": "Outer", "Startup Cost": 3388066.27, "Total Cost": 3388066.28, "Plan Rows": 1, "Plan Width": 27, "Group By Key": ["lineitem.l_shipmode"], "Plans": [{"Node Type": "Hash Join", "Parent Relationship": "Outer", "Join Type": "Inner", "Startup Cost": 613940.4, "Total Cost": 3382911.05, "Plan Rows": 294584, "Plan Width": 27, "Inner Unique": true, "Hash Cond": "(lineitem.l_orderkey = orders.o_orderkey), (LLVM Optimized)", "Plans": [{"Node Type": "Seq Scan", "Parent Relationship": "Outer", "Relation Name": "lineitem", "Alias": "lineitem", "Startup Cost": 33.12, "Total Cost": 2764953.24, "Plan Rows": 294584, "Plan Width": 19, "Filter": "((l_shipmode = ANY ('{RAIL,FOB}'::bpchar[])) AND (l_commitdate < l_receiptdate) AND (l_shipdate < l_commitdate) AND (l_receiptdate >= '1997-01-01 00:00:00'::timestamp(0) without time zone) AND (l_receiptdate < '1998-01-01 00:00:00'::timestamp without time zone)), (LLVM Optimized)"}, {"Node Type": "Hash", "Parent Relationship": "Inner", "Startup Cost": 426413.79, "Total Cost": 426413.79, "Plan Rows": 14999479, "Plan Width": 24, "Plans": [{"Node Type": "Seq Scan", "Parent Relationship": "Outer", "Relation Name": "orders", "Alias": "orders", "Startup Cost": 0.0, "Total Cost": 426413.79, "Plan Rows": 14999479, "Plan Width": 24}]}]}]}]}, "Unique SQL Id": 2036526415, "Planner Runtime": 0}, "explain_analyze_plan": {"Plan": {"Node Type": "Sort", "Startup Cost": 3388066.29, "Total Cost": 3388066.29, "Plan Rows": 1, "Plan Width": 27, "Actual Startup Time": 36475.758, "Actual Total Time": 36475.758, "Actual Rows": 2, "Actual Loops": 1, "Sort Key": ["lineitem.l_shipmode"], "Sort Method": "quicksort", "Sort Space Used": 25, "Sort Space Type": "Memory", "Plans": [{"Node Type": "Aggregate", "Strategy": "Hashed", "Parent Relationship": "Outer", "Startup Cost": 3388066.27, "Total Cost": 3388066.28, "Plan Rows": 1, "Plan Width": 27, "Actual Startup Time": 36475.716, "Actual Total Time": 36475.717, "Actual Rows": 2, "Actual Loops": 1, "Group By Key": ["lineitem.l_shipmode"], "Plans": [{"Node Type": "Hash Join", "Parent Relationship": "Outer", "Join Type": "Inner", "Startup Cost": 613940.4, "Total Cost": 3382911.05, "Plan Rows": 294584, "Plan Width": 27, "Actual Startup Time": 11018.489, "Actual Total Time": 36156.406, "Actual Rows": 311248, "Actual Loops": 1, "Inner Unique": true, "Hash Cond": "(lineitem.l_orderkey = orders.o_orderkey), (LLVM Optimized, Jit Execute)", "Plans": [{"Node Type": "Seq Scan", "Parent Relationship": "Outer", "Relation Name": "lineitem", "Alias": "lineitem", "Startup Cost": 33.12, "Total Cost": 2764953.24, "Plan Rows": 294584, "Plan Width": 19, "Actual Startup Time": 0.356, "Actual Total Time": 24778.892, "Actual Rows": 311248, "Actual Loops": 1, "Filter": "((l_shipmode = ANY ('{RAIL,FOB}'::bpchar[])) AND (l_commitdate < l_receiptdate) AND (l_shipdate < l_commitdate) AND (l_receiptdate >= '1997-01-01 00:00:00'::timestamp(0) without time zone) AND (l_receiptdate < '1998-01-01 00:00:00'::timestamp without time zone)), (LLVM Optimized, Jit Execute)", "Rows Removed by Filter": 59674804}, {"Node Type": "Hash", "Parent Relationship": "Inner", "Startup Cost": 426413.79, "Total Cost": 426413.79, "Plan Rows": 14999479, "Plan Width": 24, "Actual Startup Time": 11008.206, "Actual Total Time": 11008.206, "Actual Rows": 15000000, "Actual Loops": 1, "Hash Buckets": 16777216, "Hash Batches": 1, "Original Hash Batches": 1, "Peak Memory Usage": 820313, "Plans": [{"Node Type": "Seq Scan", "Parent Relationship": "Outer", "Relation Name": "orders", "Alias": "orders", "Startup Cost": 0.0, "Total Cost": 426413.79, "Plan Rows": 14999479, "Plan Width": 24, "Actual Startup Time": 0.019, "Actual Total Time": 5315.86, "Actual Rows": 15000000, "Actual Loops": 1}]}]}]}]}, "Triggers": [], "Planner Runtime": 0.622, "Total Runtime": 36486.839, "Unique SQL Id": 2036526415}}, "(1, '67')": {"explain_plan": {"Plan": {"Node Type": "Sort", "Startup Cost": 1000142316976.76, "Total Cost": 1000142316976.76, "Plan Rows": 1, "Plan Width": 27, "Sort Key": ["lineitem.l_shipmode"], "Plans": [{"Node Type": "Aggregate", "Strategy": "Hashed", "Parent Relationship": "Outer", "Startup Cost": 1000142316976.74, "Total Cost": 1000142316976.75, "Plan Rows": 1, "Plan Width": 27, "Group By Key": ["lineitem.l_shipmode"], "Plans": [{"Node Type": "Nested Loop", "Parent Relationship": "Outer", "Join Type": "Inner", "Startup Cost": 10000000000.38, "Total Cost": 1000142311821.52, "Plan Rows": 294584, "Plan Width": 27, "Inner Unique": false, "Plans": [{"Node Type": "Index Scan", "Parent Relationship": "Outer", "Scan Direction": "Forward", "Index Name": "orders_pkey", "Relation Name": "orders", "Alias": "orders", "Startup Cost": 10000000000.0, "Total Cost": 1000073097843.5, "Plan Rows": 14999479, "Plan Width": 24}, {"Node Type": "Bitmap Heap Scan", "Parent Relationship": "Inner", "Relation Name": "lineitem", "Alias": "lineitem", "Startup Cost": 0.38, "Total Cost": 4.6, "Plan Rows": 1, "Plan Width": 19, "Recheck Cond": "(l_orderkey = orders.o_orderkey)", "Filter": "((l_shipmode = ANY ('{RAIL,FOB}'::bpchar[])) AND (l_commitdate < l_receiptdate) AND (l_shipdate < l_commitdate) AND (l_receiptdate >= '1997-01-01 00:00:00'::timestamp(0) without time zone) AND (l_receiptdate < '1998-01-01 00:00:00'::timestamp without time zone))", "Plans": [{"Node Type": "Bitmap Index Scan", "Parent Relationship": "Outer", "Index Name": "idx_lineitem_orderkey", "Startup Cost": 0.0, "Total Cost": 0.38, "Plan Rows": 9, "Plan Width": 0, "Index Cond": "(l_orderkey = orders.o_orderkey)"}]}]}]}]}, "Unique SQL Id": 2036526415, "Planner Runtime": 0}, "explain_analyze_plan": null}, "(1, '68')": {"explain_plan": {"Plan": {"Node Type": "Sort", "Startup Cost": 3388066.29, "Total Cost": 3388066.29, "Plan Rows": 1, "Plan Width": 27, "Sort Key": ["lineitem.l_shipmode"], "Plans": [{"Node Type": "Aggregate", "Strategy": "Hashed", "Parent Relationship": "Outer", "Startup Cost": 3388066.27, "Total Cost": 3388066.28, "Plan Rows": 1, "Plan Width": 27, "Group By Key": ["lineitem.l_shipmode"], "Plans": [{"Node Type": "Hash Join", "Parent Relationship": "Outer", "Join Type": "Inner", "Startup Cost": 613940.4, "Total Cost": 3382911.05, "Plan Rows": 294584, "Plan Width": 27, "Inner Unique": true, "Hash Cond": "(lineitem.l_orderkey = orders.o_orderkey), (LLVM Optimized)", "Plans": [{"Node Type": "Seq Scan", "Parent Relationship": "Outer", "Relation Name": "lineitem", "Alias": "lineitem", "Startup Cost": 33.12, "Total Cost": 2764953.24, "Plan Rows": 294584, "Plan Width": 19, "Filter": "((l_shipmode = ANY ('{RAIL,FOB}'::bpchar[])) AND (l_commitdate < l_receiptdate) AND (l_shipdate < l_commitdate) AND (l_receiptdate >= '1997-01-01 00:00:00'::timestamp(0) without time zone) AND (l_receiptdate < '1998-01-01 00:00:00'::timestamp without time zone)), (LLVM Optimized)"}, {"Node Type": "Hash", "Parent Relationship": "Inner", "Startup Cost": 426413.79, "Total Cost": 426413.79, "Plan Rows": 14999479, "Plan Width": 24, "Plans": [{"Node Type": "Seq Scan", "Parent Relationship": "Outer", "Relation Name": "orders", "Alias": "orders", "Startup Cost": 0.0, "Total Cost": 426413.79, "Plan Rows": 14999479, "Plan Width": 24}]}]}]}]}, "Unique SQL Id": 2036526415, "Planner Runtime": 0}, "explain_analyze_plan": {"Plan": {"Node Type": "Sort", "Startup Cost": 3388066.29, "Total Cost": 3388066.29, "Plan Rows": 1, "Plan Width": 27, "Actual Startup Time": 36475.758, "Actual Total Time": 36475.758, "Actual Rows": 2, "Actual Loops": 1, "Sort Key": ["lineitem.l_shipmode"], "Sort Method": "quicksort", "Sort Space Used": 25, "Sort Space Type": "Memory", "Plans": [{"Node Type": "Aggregate", "Strategy": "Hashed", "Parent Relationship": "Outer", "Startup Cost": 3388066.27, "Total Cost": 3388066.28, "Plan Rows": 1, "Plan Width": 27, "Actual Startup Time": 36475.716, "Actual Total Time": 36475.717, "Actual Rows": 2, "Actual Loops": 1, "Group By Key": ["lineitem.l_shipmode"], "Plans": [{"Node Type": "Hash Join", "Parent Relationship": "Outer", "Join Type": "Inner", "Startup Cost": 613940.4, "Total Cost": 3382911.05, "Plan Rows": 294584, "Plan Width": 27, "Actual Startup Time": 11018.489, "Actual Total Time": 36156.406, "Actual Rows": 311248, "Actual Loops": 1, "Inner Unique": true, "Hash Cond": "(lineitem.l_orderkey = orders.o_orderkey), (LLVM Optimized, Jit Execute)", "Plans": [{"Node Type": "Seq Scan", "Parent Relationship": "Outer", "Relation Name": "lineitem", "Alias": "lineitem", "Startup Cost": 33.12, "Total Cost": 2764953.24, "Plan Rows": 294584, "Plan Width": 19, "Actual Startup Time": 0.356, "Actual Total Time": 24778.892, "Actual Rows": 311248, "Actual Loops": 1, "Filter": "((l_shipmode = ANY ('{RAIL,FOB}'::bpchar[])) AND (l_commitdate < l_receiptdate) AND (l_shipdate < l_commitdate) AND (l_receiptdate >= '1997-01-01 00:00:00'::timestamp(0) without time zone) AND (l_receiptdate < '1998-01-01 00:00:00'::timestamp without time zone)), (LLVM Optimized, Jit Execute)", "Rows Removed by Filter": 59674804}, {"Node Type": "Hash", "Parent Relationship": "Inner", "Startup Cost": 426413.79, "Total Cost": 426413.79, "Plan Rows": 14999479, "Plan Width": 24, "Actual Startup Time": 11008.206, "Actual Total Time": 11008.206, "Actual Rows": 15000000, "Actual Loops": 1, "Hash Buckets": 16777216, "Hash Batches": 1, "Original Hash Batches": 1, "Peak Memory Usage": 820313, "Plans": [{"Node Type": "Seq Scan", "Parent Relationship": "Outer", "Relation Name": "orders", "Alias": "orders", "Startup Cost": 0.0, "Total Cost": 426413.79, "Plan Rows": 14999479, "Plan Width": 24, "Actual Startup Time": 0.019, "Actual Total Time": 5315.86, "Actual Rows": 15000000, "Actual Loops": 1}]}]}]}]}, "Triggers": [], "Planner Runtime": 0.622, "Total Runtime": 36486.839, "Unique SQL Id": 2036526415}}, "(1, '69')": {"explain_plan": {"Plan": {"Node Type": "Sort", "Startup Cost": 4767238.6, "Total Cost": 4767238.6, "Plan Rows": 1, "Plan Width": 27, "Sort Key": ["lineitem.l_shipmode"], "Plans": [{"Node Type": "Aggregate", "Strategy": "Hashed", "Parent Relationship": "Outer", "Startup Cost": 4767238.58, "Total Cost": 4767238.59, "Plan Rows": 1, "Plan Width": 27, "Group By Key": ["lineitem.l_shipmode"], "Plans": [{"Node Type": "Merge Join", "Parent Relationship": "Outer", "Join Type": "Inner", "Startup Cost": 28.23, "Total Cost": 4762083.36, "Plan Rows": 294584, "Plan Width": 27, "Inner Unique": false, "Merge Cond": "(orders.o_orderkey = lineitem.l_orderkey)", "Plans": [{"Node Type": "Index Scan", "Parent Relationship": "Outer", "Scan Direction": "Forward", "Index Name": "orders_pkey", "Relation Name": "orders", "Alias": "orders", "Startup Cost": 0.0, "Total Cost": 730978.44, "Plan Rows": 14999479, "Plan Width": 24}, {"Node Type": "Index Scan", "Parent Relationship": "Inner", "Scan Direction": "Forward", "Index Name": "idx_lineitem_orderkey", "Relation Name": "lineitem", "Alias": "lineitem", "Startup Cost": 0.0, "Total Cost": 3989991.66, "Plan Rows": 294584, "Plan Width": 19, "Filter": "((l_shipmode = ANY ('{RAIL,FOB}'::bpchar[])) AND (l_commitdate < l_receiptdate) AND (l_shipdate < l_commitdate) AND (l_receiptdate >= '1997-01-01 00:00:00'::timestamp(0) without time zone) AND (l_receiptdate < '1998-01-01 00:00:00'::timestamp without time zone)), (LLVM Optimized)"}]}]}]}, "Unique SQL Id": 2036526415, "Planner Runtime": 0}, "explain_analyze_plan": {"Plan": {"Node Type": "Sort", "Startup Cost": 4767238.6, "Total Cost": 4767238.6, "Plan Rows": 1, "Plan Width": 27, "Actual Startup Time": 55913.772, "Actual Total Time": 55913.772, "Actual Rows": 2, "Actual Loops": 1, "Sort Key": ["lineitem.l_shipmode"], "Sort Method": "quicksort", "Sort Space Used": 25, "Sort Space Type": "Memory", "Plans": [{"Node Type": "Aggregate", "Strategy": "Hashed", "Parent Relationship": "Outer", "Startup Cost": 4767238.58, "Total Cost": 4767238.59, "Plan Rows": 1, "Plan Width": 27, "Actual Startup Time": 55913.71, "Actual Total Time": 55913.711, "Actual Rows": 2, "Actual Loops": 1, "Group By Key": ["lineitem.l_shipmode"], "Plans": [{"Node Type": "Merge Join", "Parent Relationship": "Outer", "Join Type": "Inner", "Startup Cost": 28.23, "Total Cost": 4762083.36, "Plan Rows": 294584, "Plan Width": 27, "Actual Startup Time": 0.58, "Actual Total Time": 55584.795, "Actual Rows": 311248, "Actual Loops": 1, "Inner Unique": false, "Merge Cond": "(orders.o_orderkey = lineitem.l_orderkey)", "Plans": [{"Node Type": "Index Scan", "Parent Relationship": "Outer", "Scan Direction": "Forward", "Index Name": "orders_pkey", "Relation Name": "orders", "Alias": "orders", "Startup Cost": 0.0, "Total Cost": 730978.44, "Plan Rows": 14999479, "Plan Width": 24, "Actual Startup Time": 0.03, "Actual Total Time": 8483.727, "Actual Rows": 14999914, "Actual Loops": 1}, {"Node Type": "Index Scan", "Parent Relationship": "Inner", "Scan Direction": "Forward", "Index Name": "idx_lineitem_orderkey", "Relation Name": "lineitem", "Alias": "lineitem", "Startup Cost": 0.0, "Total Cost": 3989991.66, "Plan Rows": 294584, "Plan Width": 19, "Actual Startup Time": 0.465, "Actual Total Time": 44676.557, "Actual Rows": 311248, "Actual Loops": 1, "Filter": "((l_shipmode = ANY ('{RAIL,FOB}'::bpchar[])) AND (l_commitdate < l_receiptdate) AND (l_shipdate < l_commitdate) AND (l_receiptdate >= '1997-01-01 00:00:00'::timestamp(0) without time zone) AND (l_receiptdate < '1998-01-01 00:00:00'::timestamp without time zone)), (LLVM Optimized, Jit Execute)", "Rows Removed by Filter": 59674804}]}]}]}, "Triggers": [], "Planner Runtime": 0.615, "Total Runtime": 55924.816, "Unique SQL Id": 2036526415}}, "(1, '70')": {"explain_plan": {"Plan": {"Node Type": "Sort", "Startup Cost": 3388066.29, "Total Cost": 3388066.29, "Plan Rows": 1, "Plan Width": 27, "Sort Key": ["lineitem.l_shipmode"], "Plans": [{"Node Type": "Aggregate", "Strategy": "Hashed", "Parent Relationship": "Outer", "Startup Cost": 3388066.27, "Total Cost": 3388066.28, "Plan Rows": 1, "Plan Width": 27, "Group By Key": ["lineitem.l_shipmode"], "Plans": [{"Node Type": "Hash Join", "Parent Relationship": "Outer", "Join Type": "Inner", "Startup Cost": 613940.4, "Total Cost": 3382911.05, "Plan Rows": 294584, "Plan Width": 27, "Inner Unique": true, "Hash Cond": "(lineitem.l_orderkey = orders.o_orderkey), (LLVM Optimized)", "Plans": [{"Node Type": "Seq Scan", "Parent Relationship": "Outer", "Relation Name": "lineitem", "Alias": "lineitem", "Startup Cost": 33.12, "Total Cost": 2764953.24, "Plan Rows": 294584, "Plan Width": 19, "Filter": "((l_shipmode = ANY ('{RAIL,FOB}'::bpchar[])) AND (l_commitdate < l_receiptdate) AND (l_shipdate < l_commitdate) AND (l_receiptdate >= '1997-01-01 00:00:00'::timestamp(0) without time zone) AND (l_receiptdate < '1998-01-01 00:00:00'::timestamp without time zone)), (LLVM Optimized)"}, {"Node Type": "Hash", "Parent Relationship": "Inner", "Startup Cost": 426413.79, "Total Cost": 426413.79, "Plan Rows": 14999479, "Plan Width": 24, "Plans": [{"Node Type": "Seq Scan", "Parent Relationship": "Outer", "Relation Name": "orders", "Alias": "orders", "Startup Cost": 0.0, "Total Cost": 426413.79, "Plan Rows": 14999479, "Plan Width": 24}]}]}]}]}, "Unique SQL Id": 2036526415, "Planner Runtime": 0}, "explain_analyze_plan": {"Plan": {"Node Type": "Sort", "Startup Cost": 3388066.29, "Total Cost": 3388066.29, "Plan Rows": 1, "Plan Width": 27, "Actual Startup Time": 36475.758, "Actual Total Time": 36475.758, "Actual Rows": 2, "Actual Loops": 1, "Sort Key": ["lineitem.l_shipmode"], "Sort Method": "quicksort", "Sort Space Used": 25, "Sort Space Type": "Memory", "Plans": [{"Node Type": "Aggregate", "Strategy": "Hashed", "Parent Relationship": "Outer", "Startup Cost": 3388066.27, "Total Cost": 3388066.28, "Plan Rows": 1, "Plan Width": 27, "Actual Startup Time": 36475.716, "Actual Total Time": 36475.717, "Actual Rows": 2, "Actual Loops": 1, "Group By Key": ["lineitem.l_shipmode"], "Plans": [{"Node Type": "Hash Join", "Parent Relationship": "Outer", "Join Type": "Inner", "Startup Cost": 613940.4, "Total Cost": 3382911.05, "Plan Rows": 294584, "Plan Width": 27, "Actual Startup Time": 11018.489, "Actual Total Time": 36156.406, "Actual Rows": 311248, "Actual Loops": 1, "Inner Unique": true, "Hash Cond": "(lineitem.l_orderkey = orders.o_orderkey), (LLVM Optimized, Jit Execute)", "Plans": [{"Node Type": "Seq Scan", "Parent Relationship": "Outer", "Relation Name": "lineitem", "Alias": "lineitem", "Startup Cost": 33.12, "Total Cost": 2764953.24, "Plan Rows": 294584, "Plan Width": 19, "Actual Startup Time": 0.356, "Actual Total Time": 24778.892, "Actual Rows": 311248, "Actual Loops": 1, "Filter": "((l_shipmode = ANY ('{RAIL,FOB}'::bpchar[])) AND (l_commitdate < l_receiptdate) AND (l_shipdate < l_commitdate) AND (l_receiptdate >= '1997-01-01 00:00:00'::timestamp(0) without time zone) AND (l_receiptdate < '1998-01-01 00:00:00'::timestamp without time zone)), (LLVM Optimized, Jit Execute)", "Rows Removed by Filter": 59674804}, {"Node Type": "Hash", "Parent Relationship": "Inner", "Startup Cost": 426413.79, "Total Cost": 426413.79, "Plan Rows": 14999479, "Plan Width": 24, "Actual Startup Time": 11008.206, "Actual Total Time": 11008.206, "Actual Rows": 15000000, "Actual Loops": 1, "Hash Buckets": 16777216, "Hash Batches": 1, "Original Hash Batches": 1, "Peak Memory Usage": 820313, "Plans": [{"Node Type": "Seq Scan", "Parent Relationship": "Outer", "Relation Name": "orders", "Alias": "orders", "Startup Cost": 0.0, "Total Cost": 426413.79, "Plan Rows": 14999479, "Plan Width": 24, "Actual Startup Time": 0.019, "Actual Total Time": 5315.86, "Actual Rows": 15000000, "Actual Loops": 1}]}]}]}]}, "Triggers": [], "Planner Runtime": 0.622, "Total Runtime": 36486.839, "Unique SQL Id": 2036526415}}, "(1, '71')": {"explain_plan": {"Plan": {"Node Type": "Sort", "Startup Cost": 1000142316976.76, "Total Cost": 1000142316976.76, "Plan Rows": 1, "Plan Width": 27, "Sort Key": ["lineitem.l_shipmode"], "Plans": [{"Node Type": "Aggregate", "Strategy": "Hashed", "Parent Relationship": "Outer", "Startup Cost": 1000142316976.74, "Total Cost": 1000142316976.75, "Plan Rows": 1, "Plan Width": 27, "Group By Key": ["lineitem.l_shipmode"], "Plans": [{"Node Type": "Nested Loop", "Parent Relationship": "Outer", "Join Type": "Inner", "Startup Cost": 10000000000.38, "Total Cost": 1000142311821.52, "Plan Rows": 294584, "Plan Width": 27, "Inner Unique": false, "Plans": [{"Node Type": "Index Scan", "Parent Relationship": "Outer", "Scan Direction": "Forward", "Index Name": "orders_pkey", "Relation Name": "orders", "Alias": "orders", "Startup Cost": 10000000000.0, "Total Cost": 1000073097843.5, "Plan Rows": 14999479, "Plan Width": 24}, {"Node Type": "Bitmap Heap Scan", "Parent Relationship": "Inner", "Relation Name": "lineitem", "Alias": "lineitem", "Startup Cost": 0.38, "Total Cost": 4.6, "Plan Rows": 1, "Plan Width": 19, "Recheck Cond": "(l_orderkey = orders.o_orderkey)", "Filter": "((l_shipmode = ANY ('{RAIL,FOB}'::bpchar[])) AND (l_commitdate < l_receiptdate) AND (l_shipdate < l_commitdate) AND (l_receiptdate >= '1997-01-01 00:00:00'::timestamp(0) without time zone) AND (l_receiptdate < '1998-01-01 00:00:00'::timestamp without time zone))", "Plans": [{"Node Type": "Bitmap Index Scan", "Parent Relationship": "Outer", "Index Name": "idx_lineitem_orderkey", "Startup Cost": 0.0, "Total Cost": 0.38, "Plan Rows": 9, "Plan Width": 0, "Index Cond": "(l_orderkey = orders.o_orderkey)"}]}]}]}]}, "Unique SQL Id": 2036526415, "Planner Runtime": 0}, "explain_analyze_plan": null}, "(1, '72')": {"explain_plan": {"Plan": {"Node Type": "Sort", "Startup Cost": 3388066.29, "Total Cost": 3388066.29, "Plan Rows": 1, "Plan Width": 27, "Sort Key": ["lineitem.l_shipmode"], "Plans": [{"Node Type": "Aggregate", "Strategy": "Hashed", "Parent Relationship": "Outer", "Startup Cost": 3388066.27, "Total Cost": 3388066.28, "Plan Rows": 1, "Plan Width": 27, "Group By Key": ["lineitem.l_shipmode"], "Plans": [{"Node Type": "Hash Join", "Parent Relationship": "Outer", "Join Type": "Inner", "Startup Cost": 613940.4, "Total Cost": 3382911.05, "Plan Rows": 294584, "Plan Width": 27, "Inner Unique": true, "Hash Cond": "(lineitem.l_orderkey = orders.o_orderkey), (LLVM Optimized)", "Plans": [{"Node Type": "Seq Scan", "Parent Relationship": "Outer", "Relation Name": "lineitem", "Alias": "lineitem", "Startup Cost": 33.12, "Total Cost": 2764953.24, "Plan Rows": 294584, "Plan Width": 19, "Filter": "((l_shipmode = ANY ('{RAIL,FOB}'::bpchar[])) AND (l_commitdate < l_receiptdate) AND (l_shipdate < l_commitdate) AND (l_receiptdate >= '1997-01-01 00:00:00'::timestamp(0) without time zone) AND (l_receiptdate < '1998-01-01 00:00:00'::timestamp without time zone)), (LLVM Optimized)"}, {"Node Type": "Hash", "Parent Relationship": "Inner", "Startup Cost": 426413.79, "Total Cost": 426413.79, "Plan Rows": 14999479, "Plan Width": 24, "Plans": [{"Node Type": "Seq Scan", "Parent Relationship": "Outer", "Relation Name": "orders", "Alias": "orders", "Startup Cost": 0.0, "Total Cost": 426413.79, "Plan Rows": 14999479, "Plan Width": 24}]}]}]}]}, "Unique SQL Id": 2036526415, "Planner Runtime": 0}, "explain_analyze_plan": {"Plan": {"Node Type": "Sort", "Startup Cost": 3388066.29, "Total Cost": 3388066.29, "Plan Rows": 1, "Plan Width": 27, "Actual Startup Time": 36475.758, "Actual Total Time": 36475.758, "Actual Rows": 2, "Actual Loops": 1, "Sort Key": ["lineitem.l_shipmode"], "Sort Method": "quicksort", "Sort Space Used": 25, "Sort Space Type": "Memory", "Plans": [{"Node Type": "Aggregate", "Strategy": "Hashed", "Parent Relationship": "Outer", "Startup Cost": 3388066.27, "Total Cost": 3388066.28, "Plan Rows": 1, "Plan Width": 27, "Actual Startup Time": 36475.716, "Actual Total Time": 36475.717, "Actual Rows": 2, "Actual Loops": 1, "Group By Key": ["lineitem.l_shipmode"], "Plans": [{"Node Type": "Hash Join", "Parent Relationship": "Outer", "Join Type": "Inner", "Startup Cost": 613940.4, "Total Cost": 3382911.05, "Plan Rows": 294584, "Plan Width": 27, "Actual Startup Time": 11018.489, "Actual Total Time": 36156.406, "Actual Rows": 311248, "Actual Loops": 1, "Inner Unique": true, "Hash Cond": "(lineitem.l_orderkey = orders.o_orderkey), (LLVM Optimized, Jit Execute)", "Plans": [{"Node Type": "Seq Scan", "Parent Relationship": "Outer", "Relation Name": "lineitem", "Alias": "lineitem", "Startup Cost": 33.12, "Total Cost": 2764953.24, "Plan Rows": 294584, "Plan Width": 19, "Actual Startup Time": 0.356, "Actual Total Time": 24778.892, "Actual Rows": 311248, "Actual Loops": 1, "Filter": "((l_shipmode = ANY ('{RAIL,FOB}'::bpchar[])) AND (l_commitdate < l_receiptdate) AND (l_shipdate < l_commitdate) AND (l_receiptdate >= '1997-01-01 00:00:00'::timestamp(0) without time zone) AND (l_receiptdate < '1998-01-01 00:00:00'::timestamp without time zone)), (LLVM Optimized, Jit Execute)", "Rows Removed by Filter": 59674804}, {"Node Type": "Hash", "Parent Relationship": "Inner", "Startup Cost": 426413.79, "Total Cost": 426413.79, "Plan Rows": 14999479, "Plan Width": 24, "Actual Startup Time": 11008.206, "Actual Total Time": 11008.206, "Actual Rows": 15000000, "Actual Loops": 1, "Hash Buckets": 16777216, "Hash Batches": 1, "Original Hash Batches": 1, "Peak Memory Usage": 820313, "Plans": [{"Node Type": "Seq Scan", "Parent Relationship": "Outer", "Relation Name": "orders", "Alias": "orders", "Startup Cost": 0.0, "Total Cost": 426413.79, "Plan Rows": 14999479, "Plan Width": 24, "Actual Startup Time": 0.019, "Actual Total Time": 5315.86, "Actual Rows": 15000000, "Actual Loops": 1}]}]}]}]}, "Triggers": [], "Planner Runtime": 0.622, "Total Runtime": 36486.839, "Unique SQL Id": 2036526415}}, "(1, '73')": {"explain_plan": {"Plan": {"Node Type": "Sort", "Startup Cost": 4767238.6, "Total Cost": 4767238.6, "Plan Rows": 1, "Plan Width": 27, "Sort Key": ["lineitem.l_shipmode"], "Plans": [{"Node Type": "Aggregate", "Strategy": "Hashed", "Parent Relationship": "Outer", "Startup Cost": 4767238.58, "Total Cost": 4767238.59, "Plan Rows": 1, "Plan Width": 27, "Group By Key": ["lineitem.l_shipmode"], "Plans": [{"Node Type": "Merge Join", "Parent Relationship": "Outer", "Join Type": "Inner", "Startup Cost": 28.23, "Total Cost": 4762083.36, "Plan Rows": 294584, "Plan Width": 27, "Inner Unique": false, "Merge Cond": "(orders.o_orderkey = lineitem.l_orderkey)", "Plans": [{"Node Type": "Index Scan", "Parent Relationship": "Outer", "Scan Direction": "Forward", "Index Name": "orders_pkey", "Relation Name": "orders", "Alias": "orders", "Startup Cost": 0.0, "Total Cost": 730978.44, "Plan Rows": 14999479, "Plan Width": 24}, {"Node Type": "Index Scan", "Parent Relationship": "Inner", "Scan Direction": "Forward", "Index Name": "idx_lineitem_orderkey", "Relation Name": "lineitem", "Alias": "lineitem", "Startup Cost": 0.0, "Total Cost": 3989991.66, "Plan Rows": 294584, "Plan Width": 19, "Filter": "((l_shipmode = ANY ('{RAIL,FOB}'::bpchar[])) AND (l_commitdate < l_receiptdate) AND (l_shipdate < l_commitdate) AND (l_receiptdate >= '1997-01-01 00:00:00'::timestamp(0) without time zone) AND (l_receiptdate < '1998-01-01 00:00:00'::timestamp without time zone)), (LLVM Optimized)"}]}]}]}, "Unique SQL Id": 2036526415, "Planner Runtime": 0}, "explain_analyze_plan": {"Plan": {"Node Type": "Sort", "Startup Cost": 4767238.6, "Total Cost": 4767238.6, "Plan Rows": 1, "Plan Width": 27, "Actual Startup Time": 55913.772, "Actual Total Time": 55913.772, "Actual Rows": 2, "Actual Loops": 1, "Sort Key": ["lineitem.l_shipmode"], "Sort Method": "quicksort", "Sort Space Used": 25, "Sort Space Type": "Memory", "Plans": [{"Node Type": "Aggregate", "Strategy": "Hashed", "Parent Relationship": "Outer", "Startup Cost": 4767238.58, "Total Cost": 4767238.59, "Plan Rows": 1, "Plan Width": 27, "Actual Startup Time": 55913.71, "Actual Total Time": 55913.711, "Actual Rows": 2, "Actual Loops": 1, "Group By Key": ["lineitem.l_shipmode"], "Plans": [{"Node Type": "Merge Join", "Parent Relationship": "Outer", "Join Type": "Inner", "Startup Cost": 28.23, "Total Cost": 4762083.36, "Plan Rows": 294584, "Plan Width": 27, "Actual Startup Time": 0.58, "Actual Total Time": 55584.795, "Actual Rows": 311248, "Actual Loops": 1, "Inner Unique": false, "Merge Cond": "(orders.o_orderkey = lineitem.l_orderkey)", "Plans": [{"Node Type": "Index Scan", "Parent Relationship": "Outer", "Scan Direction": "Forward", "Index Name": "orders_pkey", "Relation Name": "orders", "Alias": "orders", "Startup Cost": 0.0, "Total Cost": 730978.44, "Plan Rows": 14999479, "Plan Width": 24, "Actual Startup Time": 0.03, "Actual Total Time": 8483.727, "Actual Rows": 14999914, "Actual Loops": 1}, {"Node Type": "Index Scan", "Parent Relationship": "Inner", "Scan Direction": "Forward", "Index Name": "idx_lineitem_orderkey", "Relation Name": "lineitem", "Alias": "lineitem", "Startup Cost": 0.0, "Total Cost": 3989991.66, "Plan Rows": 294584, "Plan Width": 19, "Actual Startup Time": 0.465, "Actual Total Time": 44676.557, "Actual Rows": 311248, "Actual Loops": 1, "Filter": "((l_shipmode = ANY ('{RAIL,FOB}'::bpchar[])) AND (l_commitdate < l_receiptdate) AND (l_shipdate < l_commitdate) AND (l_receiptdate >= '1997-01-01 00:00:00'::timestamp(0) without time zone) AND (l_receiptdate < '1998-01-01 00:00:00'::timestamp without time zone)), (LLVM Optimized, Jit Execute)", "Rows Removed by Filter": 59674804}]}]}]}, "Triggers": [], "Planner Runtime": 0.615, "Total Runtime": 55924.816, "Unique SQL Id": 2036526415}}, "(1, '74')": {"explain_plan": {"Plan": {"Node Type": "Sort", "Startup Cost": 3388066.29, "Total Cost": 3388066.29, "Plan Rows": 1, "Plan Width": 27, "Sort Key": ["lineitem.l_shipmode"], "Plans": [{"Node Type": "Aggregate", "Strategy": "Hashed", "Parent Relationship": "Outer", "Startup Cost": 3388066.27, "Total Cost": 3388066.28, "Plan Rows": 1, "Plan Width": 27, "Group By Key": ["lineitem.l_shipmode"], "Plans": [{"Node Type": "Hash Join", "Parent Relationship": "Outer", "Join Type": "Inner", "Startup Cost": 613940.4, "Total Cost": 3382911.05, "Plan Rows": 294584, "Plan Width": 27, "Inner Unique": true, "Hash Cond": "(lineitem.l_orderkey = orders.o_orderkey), (LLVM Optimized)", "Plans": [{"Node Type": "Seq Scan", "Parent Relationship": "Outer", "Relation Name": "lineitem", "Alias": "lineitem", "Startup Cost": 33.12, "Total Cost": 2764953.24, "Plan Rows": 294584, "Plan Width": 19, "Filter": "((l_shipmode = ANY ('{RAIL,FOB}'::bpchar[])) AND (l_commitdate < l_receiptdate) AND (l_shipdate < l_commitdate) AND (l_receiptdate >= '1997-01-01 00:00:00'::timestamp(0) without time zone) AND (l_receiptdate < '1998-01-01 00:00:00'::timestamp without time zone)), (LLVM Optimized)"}, {"Node Type": "Hash", "Parent Relationship": "Inner", "Startup Cost": 426413.79, "Total Cost": 426413.79, "Plan Rows": 14999479, "Plan Width": 24, "Plans": [{"Node Type": "Seq Scan", "Parent Relationship": "Outer", "Relation Name": "orders", "Alias": "orders", "Startup Cost": 0.0, "Total Cost": 426413.79, "Plan Rows": 14999479, "Plan Width": 24}]}]}]}]}, "Unique SQL Id": 2036526415, "Planner Runtime": 0}, "explain_analyze_plan": {"Plan": {"Node Type": "Sort", "Startup Cost": 3388066.29, "Total Cost": 3388066.29, "Plan Rows": 1, "Plan Width": 27, "Actual Startup Time": 36475.758, "Actual Total Time": 36475.758, "Actual Rows": 2, "Actual Loops": 1, "Sort Key": ["lineitem.l_shipmode"], "Sort Method": "quicksort", "Sort Space Used": 25, "Sort Space Type": "Memory", "Plans": [{"Node Type": "Aggregate", "Strategy": "Hashed", "Parent Relationship": "Outer", "Startup Cost": 3388066.27, "Total Cost": 3388066.28, "Plan Rows": 1, "Plan Width": 27, "Actual Startup Time": 36475.716, "Actual Total Time": 36475.717, "Actual Rows": 2, "Actual Loops": 1, "Group By Key": ["lineitem.l_shipmode"], "Plans": [{"Node Type": "Hash Join", "Parent Relationship": "Outer", "Join Type": "Inner", "Startup Cost": 613940.4, "Total Cost": 3382911.05, "Plan Rows": 294584, "Plan Width": 27, "Actual Startup Time": 11018.489, "Actual Total Time": 36156.406, "Actual Rows": 311248, "Actual Loops": 1, "Inner Unique": true, "Hash Cond": "(lineitem.l_orderkey = orders.o_orderkey), (LLVM Optimized, Jit Execute)", "Plans": [{"Node Type": "Seq Scan", "Parent Relationship": "Outer", "Relation Name": "lineitem", "Alias": "lineitem", "Startup Cost": 33.12, "Total Cost": 2764953.24, "Plan Rows": 294584, "Plan Width": 19, "Actual Startup Time": 0.356, "Actual Total Time": 24778.892, "Actual Rows": 311248, "Actual Loops": 1, "Filter": "((l_shipmode = ANY ('{RAIL,FOB}'::bpchar[])) AND (l_commitdate < l_receiptdate) AND (l_shipdate < l_commitdate) AND (l_receiptdate >= '1997-01-01 00:00:00'::timestamp(0) without time zone) AND (l_receiptdate < '1998-01-01 00:00:00'::timestamp without time zone)), (LLVM Optimized, Jit Execute)", "Rows Removed by Filter": 59674804}, {"Node Type": "Hash", "Parent Relationship": "Inner", "Startup Cost": 426413.79, "Total Cost": 426413.79, "Plan Rows": 14999479, "Plan Width": 24, "Actual Startup Time": 11008.206, "Actual Total Time": 11008.206, "Actual Rows": 15000000, "Actual Loops": 1, "Hash Buckets": 16777216, "Hash Batches": 1, "Original Hash Batches": 1, "Peak Memory Usage": 820313, "Plans": [{"Node Type": "Seq Scan", "Parent Relationship": "Outer", "Relation Name": "orders", "Alias": "orders", "Startup Cost": 0.0, "Total Cost": 426413.79, "Plan Rows": 14999479, "Plan Width": 24, "Actual Startup Time": 0.019, "Actual Total Time": 5315.86, "Actual Rows": 15000000, "Actual Loops": 1}]}]}]}]}, "Triggers": [], "Planner Runtime": 0.622, "Total Runtime": 36486.839, "Unique SQL Id": 2036526415}}, "(1, '75')": {"explain_plan": {"Plan": {"Node Type": "Sort", "Startup Cost": 2000455333216.63, "Total Cost": 2000455333216.63, "Plan Rows": 1, "Plan Width": 27, "Sort Key": ["lineitem.l_shipmode"], "Plans": [{"Node Type": "Aggregate", "Strategy": "Hashed", "Parent Relationship": "Outer", "Startup Cost": 2000455333216.61, "Total Cost": 2000455333216.62, "Plan Rows": 1, "Plan Width": 27, "Group By Key": ["lineitem.l_shipmode"], "Plans": [{"Node Type": "Merge Join", "Parent Relationship": "Outer", "Join Type": "Inner", "Startup Cost": 20036369949.75, "Total Cost": 2000455328061.39, "Plan Rows": 294584, "Plan Width": 27, "Inner Unique": false, "Merge Cond": "(orders.o_orderkey = lineitem.l_orderkey)", "Plans": [{"Node Type": "Index Scan", "Parent Relationship": "Outer", "Scan Direction": "Forward", "Index Name": "orders_pkey", "Relation Name": "orders", "Alias": "orders", "Startup Cost": 10000000000.0, "Total Cost": 1000073097843.5, "Plan Rows": 14999479, "Plan Width": 24}, {"Node Type": "Index Scan", "Parent Relationship": "Inner", "Scan Direction": "Forward", "Index Name": "idx_lineitem_orderkey", "Relation Name": "lineitem", "Alias": "lineitem", "Startup Cost": 10000000000.0, "Total Cost": 1000398999165.75, "Plan Rows": 294584, "Plan Width": 19, "Filter": "((l_shipmode = ANY ('{RAIL,FOB}'::bpchar[])) AND (l_commitdate < l_receiptdate) AND (l_shipdate < l_commitdate) AND (l_receiptdate >= '1997-01-01 00:00:00'::timestamp(0) without time zone) AND (l_receiptdate < '1998-01-01 00:00:00'::timestamp without time zone)), (LLVM Optimized)"}]}]}]}, "Unique SQL Id": 2036526415, "Planner Runtime": 0}, "explain_analyze_plan": {"Plan": {"Node Type": "Sort", "Startup Cost": 2000455333216.63, "Total Cost": 2000455333216.63, "Plan Rows": 1, "Plan Width": 27, "Actual Startup Time": 54791.142, "Actual Total Time": 54791.143, "Actual Rows": 2, "Actual Loops": 1, "Sort Key": ["lineitem.l_shipmode"], "Sort Method": "quicksort", "Sort Space Used": 25, "Sort Space Type": "Memory", "Plans": [{"Node Type": "Aggregate", "Strategy": "Hashed", "Parent Relationship": "Outer", "Startup Cost": 2000455333216.61, "Total Cost": 2000455333216.62, "Plan Rows": 1, "Plan Width": 27, "Actual Startup Time": 54791.091, "Actual Total Time": 54791.092, "Actual Rows": 2, "Actual Loops": 1, "Group By Key": ["lineitem.l_shipmode"], "Plans": [{"Node Type": "Merge Join", "Parent Relationship": "Outer", "Join Type": "Inner", "Startup Cost": 20036369949.75, "Total Cost": 2000455328061.39, "Plan Rows": 294584, "Plan Width": 27, "Actual Startup Time": 0.583, "Actual Total Time": 54466.802, "Actual Rows": 311248, "Actual Loops": 1, "Inner Unique": false, "Merge Cond": "(orders.o_orderkey = lineitem.l_orderkey)", "Plans": [{"Node Type": "Index Scan", "Parent Relationship": "Outer", "Scan Direction": "Forward", "Index Name": "orders_pkey", "Relation Name": "orders", "Alias": "orders", "Startup Cost": 10000000000.0, "Total Cost": 1000073097843.5, "Plan Rows": 14999479, "Plan Width": 24, "Actual Startup Time": 0.03, "Actual Total Time": 8290.944, "Actual Rows": 14999914, "Actual Loops": 1}, {"Node Type": "Index Scan", "Parent Relationship": "Inner", "Scan Direction": "Forward", "Index Name": "idx_lineitem_orderkey", "Relation Name": "lineitem", "Alias": "lineitem", "Startup Cost": 10000000000.0, "Total Cost": 1000398999165.75, "Plan Rows": 294584, "Plan Width": 19, "Actual Startup Time": 0.463, "Actual Total Time": 43750.26, "Actual Rows": 311248, "Actual Loops": 1, "Filter": "((l_shipmode = ANY ('{RAIL,FOB}'::bpchar[])) AND (l_commitdate < l_receiptdate) AND (l_shipdate < l_commitdate) AND (l_receiptdate >= '1997-01-01 00:00:00'::timestamp(0) without time zone) AND (l_receiptdate < '1998-01-01 00:00:00'::timestamp without time zone)), (LLVM Optimized, Jit Execute)", "Rows Removed by Filter": 59674804}]}]}]}, "Triggers": [], "Planner Runtime": 0.597, "Total Runtime": 54801.949, "Unique SQL Id": 2036526415}}, "(1, '76')": {"explain_plan": {"Plan": {"Node Type": "Sort", "Startup Cost": 3388066.29, "Total Cost": 3388066.29, "Plan Rows": 1, "Plan Width": 27, "Sort Key": ["lineitem.l_shipmode"], "Plans": [{"Node Type": "Aggregate", "Strategy": "Hashed", "Parent Relationship": "Outer", "Startup Cost": 3388066.27, "Total Cost": 3388066.28, "Plan Rows": 1, "Plan Width": 27, "Group By Key": ["lineitem.l_shipmode"], "Plans": [{"Node Type": "Hash Join", "Parent Relationship": "Outer", "Join Type": "Inner", "Startup Cost": 613940.4, "Total Cost": 3382911.05, "Plan Rows": 294584, "Plan Width": 27, "Inner Unique": true, "Hash Cond": "(lineitem.l_orderkey = orders.o_orderkey), (LLVM Optimized)", "Plans": [{"Node Type": "Seq Scan", "Parent Relationship": "Outer", "Relation Name": "lineitem", "Alias": "lineitem", "Startup Cost": 33.12, "Total Cost": 2764953.24, "Plan Rows": 294584, "Plan Width": 19, "Filter": "((l_shipmode = ANY ('{RAIL,FOB}'::bpchar[])) AND (l_commitdate < l_receiptdate) AND (l_shipdate < l_commitdate) AND (l_receiptdate >= '1997-01-01 00:00:00'::timestamp(0) without time zone) AND (l_receiptdate < '1998-01-01 00:00:00'::timestamp without time zone)), (LLVM Optimized)"}, {"Node Type": "Hash", "Parent Relationship": "Inner", "Startup Cost": 426413.79, "Total Cost": 426413.79, "Plan Rows": 14999479, "Plan Width": 24, "Plans": [{"Node Type": "Seq Scan", "Parent Relationship": "Outer", "Relation Name": "orders", "Alias": "orders", "Startup Cost": 0.0, "Total Cost": 426413.79, "Plan Rows": 14999479, "Plan Width": 24}]}]}]}]}, "Unique SQL Id": 2036526415, "Planner Runtime": 0}, "explain_analyze_plan": {"Plan": {"Node Type": "Sort", "Startup Cost": 3388066.29, "Total Cost": 3388066.29, "Plan Rows": 1, "Plan Width": 27, "Actual Startup Time": 36475.758, "Actual Total Time": 36475.758, "Actual Rows": 2, "Actual Loops": 1, "Sort Key": ["lineitem.l_shipmode"], "Sort Method": "quicksort", "Sort Space Used": 25, "Sort Space Type": "Memory", "Plans": [{"Node Type": "Aggregate", "Strategy": "Hashed", "Parent Relationship": "Outer", "Startup Cost": 3388066.27, "Total Cost": 3388066.28, "Plan Rows": 1, "Plan Width": 27, "Actual Startup Time": 36475.716, "Actual Total Time": 36475.717, "Actual Rows": 2, "Actual Loops": 1, "Group By Key": ["lineitem.l_shipmode"], "Plans": [{"Node Type": "Hash Join", "Parent Relationship": "Outer", "Join Type": "Inner", "Startup Cost": 613940.4, "Total Cost": 3382911.05, "Plan Rows": 294584, "Plan Width": 27, "Actual Startup Time": 11018.489, "Actual Total Time": 36156.406, "Actual Rows": 311248, "Actual Loops": 1, "Inner Unique": true, "Hash Cond": "(lineitem.l_orderkey = orders.o_orderkey), (LLVM Optimized, Jit Execute)", "Plans": [{"Node Type": "Seq Scan", "Parent Relationship": "Outer", "Relation Name": "lineitem", "Alias": "lineitem", "Startup Cost": 33.12, "Total Cost": 2764953.24, "Plan Rows": 294584, "Plan Width": 19, "Actual Startup Time": 0.356, "Actual Total Time": 24778.892, "Actual Rows": 311248, "Actual Loops": 1, "Filter": "((l_shipmode = ANY ('{RAIL,FOB}'::bpchar[])) AND (l_commitdate < l_receiptdate) AND (l_shipdate < l_commitdate) AND (l_receiptdate >= '1997-01-01 00:00:00'::timestamp(0) without time zone) AND (l_receiptdate < '1998-01-01 00:00:00'::timestamp without time zone)), (LLVM Optimized, Jit Execute)", "Rows Removed by Filter": 59674804}, {"Node Type": "Hash", "Parent Relationship": "Inner", "Startup Cost": 426413.79, "Total Cost": 426413.79, "Plan Rows": 14999479, "Plan Width": 24, "Actual Startup Time": 11008.206, "Actual Total Time": 11008.206, "Actual Rows": 15000000, "Actual Loops": 1, "Hash Buckets": 16777216, "Hash Batches": 1, "Original Hash Batches": 1, "Peak Memory Usage": 820313, "Plans": [{"Node Type": "Seq Scan", "Parent Relationship": "Outer", "Relation Name": "orders", "Alias": "orders", "Startup Cost": 0.0, "Total Cost": 426413.79, "Plan Rows": 14999479, "Plan Width": 24, "Actual Startup Time": 0.019, "Actual Total Time": 5315.86, "Actual Rows": 15000000, "Actual Loops": 1}]}]}]}]}, "Triggers": [], "Planner Runtime": 0.622, "Total Runtime": 36486.839, "Unique SQL Id": 2036526415}}, "(1, '77')": {"explain_plan": {"Plan": {"Node Type": "Sort", "Startup Cost": 4767238.6, "Total Cost": 4767238.6, "Plan Rows": 1, "Plan Width": 27, "Sort Key": ["lineitem.l_shipmode"], "Plans": [{"Node Type": "Aggregate", "Strategy": "Hashed", "Parent Relationship": "Outer", "Startup Cost": 4767238.58, "Total Cost": 4767238.59, "Plan Rows": 1, "Plan Width": 27, "Group By Key": ["lineitem.l_shipmode"], "Plans": [{"Node Type": "Merge Join", "Parent Relationship": "Outer", "Join Type": "Inner", "Startup Cost": 28.23, "Total Cost": 4762083.36, "Plan Rows": 294584, "Plan Width": 27, "Inner Unique": false, "Merge Cond": "(orders.o_orderkey = lineitem.l_orderkey)", "Plans": [{"Node Type": "Index Scan", "Parent Relationship": "Outer", "Scan Direction": "Forward", "Index Name": "orders_pkey", "Relation Name": "orders", "Alias": "orders", "Startup Cost": 0.0, "Total Cost": 730978.44, "Plan Rows": 14999479, "Plan Width": 24}, {"Node Type": "Index Scan", "Parent Relationship": "Inner", "Scan Direction": "Forward", "Index Name": "idx_lineitem_orderkey", "Relation Name": "lineitem", "Alias": "lineitem", "Startup Cost": 0.0, "Total Cost": 3989991.66, "Plan Rows": 294584, "Plan Width": 19, "Filter": "((l_shipmode = ANY ('{RAIL,FOB}'::bpchar[])) AND (l_commitdate < l_receiptdate) AND (l_shipdate < l_commitdate) AND (l_receiptdate >= '1997-01-01 00:00:00'::timestamp(0) without time zone) AND (l_receiptdate < '1998-01-01 00:00:00'::timestamp without time zone)), (LLVM Optimized)"}]}]}]}, "Unique SQL Id": 2036526415, "Planner Runtime": 0}, "explain_analyze_plan": {"Plan": {"Node Type": "Sort", "Startup Cost": 4767238.6, "Total Cost": 4767238.6, "Plan Rows": 1, "Plan Width": 27, "Actual Startup Time": 55913.772, "Actual Total Time": 55913.772, "Actual Rows": 2, "Actual Loops": 1, "Sort Key": ["lineitem.l_shipmode"], "Sort Method": "quicksort", "Sort Space Used": 25, "Sort Space Type": "Memory", "Plans": [{"Node Type": "Aggregate", "Strategy": "Hashed", "Parent Relationship": "Outer", "Startup Cost": 4767238.58, "Total Cost": 4767238.59, "Plan Rows": 1, "Plan Width": 27, "Actual Startup Time": 55913.71, "Actual Total Time": 55913.711, "Actual Rows": 2, "Actual Loops": 1, "Group By Key": ["lineitem.l_shipmode"], "Plans": [{"Node Type": "Merge Join", "Parent Relationship": "Outer", "Join Type": "Inner", "Startup Cost": 28.23, "Total Cost": 4762083.36, "Plan Rows": 294584, "Plan Width": 27, "Actual Startup Time": 0.58, "Actual Total Time": 55584.795, "Actual Rows": 311248, "Actual Loops": 1, "Inner Unique": false, "Merge Cond": "(orders.o_orderkey = lineitem.l_orderkey)", "Plans": [{"Node Type": "Index Scan", "Parent Relationship": "Outer", "Scan Direction": "Forward", "Index Name": "orders_pkey", "Relation Name": "orders", "Alias": "orders", "Startup Cost": 0.0, "Total Cost": 730978.44, "Plan Rows": 14999479, "Plan Width": 24, "Actual Startup Time": 0.03, "Actual Total Time": 8483.727, "Actual Rows": 14999914, "Actual Loops": 1}, {"Node Type": "Index Scan", "Parent Relationship": "Inner", "Scan Direction": "Forward", "Index Name": "idx_lineitem_orderkey", "Relation Name": "lineitem", "Alias": "lineitem", "Startup Cost": 0.0, "Total Cost": 3989991.66, "Plan Rows": 294584, "Plan Width": 19, "Actual Startup Time": 0.465, "Actual Total Time": 44676.557, "Actual Rows": 311248, "Actual Loops": 1, "Filter": "((l_shipmode = ANY ('{RAIL,FOB}'::bpchar[])) AND (l_commitdate < l_receiptdate) AND (l_shipdate < l_commitdate) AND (l_receiptdate >= '1997-01-01 00:00:00'::timestamp(0) without time zone) AND (l_receiptdate < '1998-01-01 00:00:00'::timestamp without time zone)), (LLVM Optimized, Jit Execute)", "Rows Removed by Filter": 59674804}]}]}]}, "Triggers": [], "Planner Runtime": 0.615, "Total Runtime": 55924.816, "Unique SQL Id": 2036526415}}, "(1, '78')": {"explain_plan": {"Plan": {"Node Type": "Sort", "Startup Cost": 3388066.29, "Total Cost": 3388066.29, "Plan Rows": 1, "Plan Width": 27, "Sort Key": ["lineitem.l_shipmode"], "Plans": [{"Node Type": "Aggregate", "Strategy": "Hashed", "Parent Relationship": "Outer", "Startup Cost": 3388066.27, "Total Cost": 3388066.28, "Plan Rows": 1, "Plan Width": 27, "Group By Key": ["lineitem.l_shipmode"], "Plans": [{"Node Type": "Hash Join", "Parent Relationship": "Outer", "Join Type": "Inner", "Startup Cost": 613940.4, "Total Cost": 3382911.05, "Plan Rows": 294584, "Plan Width": 27, "Inner Unique": true, "Hash Cond": "(lineitem.l_orderkey = orders.o_orderkey), (LLVM Optimized)", "Plans": [{"Node Type": "Seq Scan", "Parent Relationship": "Outer", "Relation Name": "lineitem", "Alias": "lineitem", "Startup Cost": 33.12, "Total Cost": 2764953.24, "Plan Rows": 294584, "Plan Width": 19, "Filter": "((l_shipmode = ANY ('{RAIL,FOB}'::bpchar[])) AND (l_commitdate < l_receiptdate) AND (l_shipdate < l_commitdate) AND (l_receiptdate >= '1997-01-01 00:00:00'::timestamp(0) without time zone) AND (l_receiptdate < '1998-01-01 00:00:00'::timestamp without time zone)), (LLVM Optimized)"}, {"Node Type": "Hash", "Parent Relationship": "Inner", "Startup Cost": 426413.79, "Total Cost": 426413.79, "Plan Rows": 14999479, "Plan Width": 24, "Plans": [{"Node Type": "Seq Scan", "Parent Relationship": "Outer", "Relation Name": "orders", "Alias": "orders", "Startup Cost": 0.0, "Total Cost": 426413.79, "Plan Rows": 14999479, "Plan Width": 24}]}]}]}]}, "Unique SQL Id": 2036526415, "Planner Runtime": 0}, "explain_analyze_plan": {"Plan": {"Node Type": "Sort", "Startup Cost": 3388066.29, "Total Cost": 3388066.29, "Plan Rows": 1, "Plan Width": 27, "Actual Startup Time": 36475.758, "Actual Total Time": 36475.758, "Actual Rows": 2, "Actual Loops": 1, "Sort Key": ["lineitem.l_shipmode"], "Sort Method": "quicksort", "Sort Space Used": 25, "Sort Space Type": "Memory", "Plans": [{"Node Type": "Aggregate", "Strategy": "Hashed", "Parent Relationship": "Outer", "Startup Cost": 3388066.27, "Total Cost": 3388066.28, "Plan Rows": 1, "Plan Width": 27, "Actual Startup Time": 36475.716, "Actual Total Time": 36475.717, "Actual Rows": 2, "Actual Loops": 1, "Group By Key": ["lineitem.l_shipmode"], "Plans": [{"Node Type": "Hash Join", "Parent Relationship": "Outer", "Join Type": "Inner", "Startup Cost": 613940.4, "Total Cost": 3382911.05, "Plan Rows": 294584, "Plan Width": 27, "Actual Startup Time": 11018.489, "Actual Total Time": 36156.406, "Actual Rows": 311248, "Actual Loops": 1, "Inner Unique": true, "Hash Cond": "(lineitem.l_orderkey = orders.o_orderkey), (LLVM Optimized, Jit Execute)", "Plans": [{"Node Type": "Seq Scan", "Parent Relationship": "Outer", "Relation Name": "lineitem", "Alias": "lineitem", "Startup Cost": 33.12, "Total Cost": 2764953.24, "Plan Rows": 294584, "Plan Width": 19, "Actual Startup Time": 0.356, "Actual Total Time": 24778.892, "Actual Rows": 311248, "Actual Loops": 1, "Filter": "((l_shipmode = ANY ('{RAIL,FOB}'::bpchar[])) AND (l_commitdate < l_receiptdate) AND (l_shipdate < l_commitdate) AND (l_receiptdate >= '1997-01-01 00:00:00'::timestamp(0) without time zone) AND (l_receiptdate < '1998-01-01 00:00:00'::timestamp without time zone)), (LLVM Optimized, Jit Execute)", "Rows Removed by Filter": 59674804}, {"Node Type": "Hash", "Parent Relationship": "Inner", "Startup Cost": 426413.79, "Total Cost": 426413.79, "Plan Rows": 14999479, "Plan Width": 24, "Actual Startup Time": 11008.206, "Actual Total Time": 11008.206, "Actual Rows": 15000000, "Actual Loops": 1, "Hash Buckets": 16777216, "Hash Batches": 1, "Original Hash Batches": 1, "Peak Memory Usage": 820313, "Plans": [{"Node Type": "Seq Scan", "Parent Relationship": "Outer", "Relation Name": "orders", "Alias": "orders", "Startup Cost": 0.0, "Total Cost": 426413.79, "Plan Rows": 14999479, "Plan Width": 24, "Actual Startup Time": 0.019, "Actual Total Time": 5315.86, "Actual Rows": 15000000, "Actual Loops": 1}]}]}]}]}, "Triggers": [], "Planner Runtime": 0.622, "Total Runtime": 36486.839, "Unique SQL Id": 2036526415}}, "(1, '79')": {"explain_plan": {"Plan": {"Node Type": "Sort", "Startup Cost": 2000455333216.63, "Total Cost": 2000455333216.63, "Plan Rows": 1, "Plan Width": 27, "Sort Key": ["lineitem.l_shipmode"], "Plans": [{"Node Type": "Aggregate", "Strategy": "Hashed", "Parent Relationship": "Outer", "Startup Cost": 2000455333216.61, "Total Cost": 2000455333216.62, "Plan Rows": 1, "Plan Width": 27, "Group By Key": ["lineitem.l_shipmode"], "Plans": [{"Node Type": "Merge Join", "Parent Relationship": "Outer", "Join Type": "Inner", "Startup Cost": 20036369949.75, "Total Cost": 2000455328061.39, "Plan Rows": 294584, "Plan Width": 27, "Inner Unique": false, "Merge Cond": "(orders.o_orderkey = lineitem.l_orderkey)", "Plans": [{"Node Type": "Index Scan", "Parent Relationship": "Outer", "Scan Direction": "Forward", "Index Name": "orders_pkey", "Relation Name": "orders", "Alias": "orders", "Startup Cost": 10000000000.0, "Total Cost": 1000073097843.5, "Plan Rows": 14999479, "Plan Width": 24}, {"Node Type": "Index Scan", "Parent Relationship": "Inner", "Scan Direction": "Forward", "Index Name": "idx_lineitem_orderkey", "Relation Name": "lineitem", "Alias": "lineitem", "Startup Cost": 10000000000.0, "Total Cost": 1000398999165.75, "Plan Rows": 294584, "Plan Width": 19, "Filter": "((l_shipmode = ANY ('{RAIL,FOB}'::bpchar[])) AND (l_commitdate < l_receiptdate) AND (l_shipdate < l_commitdate) AND (l_receiptdate >= '1997-01-01 00:00:00'::timestamp(0) without time zone) AND (l_receiptdate < '1998-01-01 00:00:00'::timestamp without time zone)), (LLVM Optimized)"}]}]}]}, "Unique SQL Id": 2036526415, "Planner Runtime": 0}, "explain_analyze_plan": {"Plan": {"Node Type": "Sort", "Startup Cost": 2000455333216.63, "Total Cost": 2000455333216.63, "Plan Rows": 1, "Plan Width": 27, "Actual Startup Time": 54791.142, "Actual Total Time": 54791.143, "Actual Rows": 2, "Actual Loops": 1, "Sort Key": ["lineitem.l_shipmode"], "Sort Method": "quicksort", "Sort Space Used": 25, "Sort Space Type": "Memory", "Plans": [{"Node Type": "Aggregate", "Strategy": "Hashed", "Parent Relationship": "Outer", "Startup Cost": 2000455333216.61, "Total Cost": 2000455333216.62, "Plan Rows": 1, "Plan Width": 27, "Actual Startup Time": 54791.091, "Actual Total Time": 54791.092, "Actual Rows": 2, "Actual Loops": 1, "Group By Key": ["lineitem.l_shipmode"], "Plans": [{"Node Type": "Merge Join", "Parent Relationship": "Outer", "Join Type": "Inner", "Startup Cost": 20036369949.75, "Total Cost": 2000455328061.39, "Plan Rows": 294584, "Plan Width": 27, "Actual Startup Time": 0.583, "Actual Total Time": 54466.802, "Actual Rows": 311248, "Actual Loops": 1, "Inner Unique": false, "Merge Cond": "(orders.o_orderkey = lineitem.l_orderkey)", "Plans": [{"Node Type": "Index Scan", "Parent Relationship": "Outer", "Scan Direction": "Forward", "Index Name": "orders_pkey", "Relation Name": "orders", "Alias": "orders", "Startup Cost": 10000000000.0, "Total Cost": 1000073097843.5, "Plan Rows": 14999479, "Plan Width": 24, "Actual Startup Time": 0.03, "Actual Total Time": 8290.944, "Actual Rows": 14999914, "Actual Loops": 1}, {"Node Type": "Index Scan", "Parent Relationship": "Inner", "Scan Direction": "Forward", "Index Name": "idx_lineitem_orderkey", "Relation Name": "lineitem", "Alias": "lineitem", "Startup Cost": 10000000000.0, "Total Cost": 1000398999165.75, "Plan Rows": 294584, "Plan Width": 19, "Actual Startup Time": 0.463, "Actual Total Time": 43750.26, "Actual Rows": 311248, "Actual Loops": 1, "Filter": "((l_shipmode = ANY ('{RAIL,FOB}'::bpchar[])) AND (l_commitdate < l_receiptdate) AND (l_shipdate < l_commitdate) AND (l_receiptdate >= '1997-01-01 00:00:00'::timestamp(0) without time zone) AND (l_receiptdate < '1998-01-01 00:00:00'::timestamp without time zone)), (LLVM Optimized, Jit Execute)", "Rows Removed by Filter": 59674804}]}]}]}, "Triggers": [], "Planner Runtime": 0.597, "Total Runtime": 54801.949, "Unique SQL Id": 2036526415}}, "(1, '80')": {"explain_plan": {"Plan": {"Node Type": "Sort", "Startup Cost": 3569764.83, "Total Cost": 3569764.84, "Plan Rows": 1, "Plan Width": 27, "Sort Key": ["lineitem.l_shipmode"], "Plans": [{"Node Type": "Aggregate", "Strategy": "Hashed", "Parent Relationship": "Outer", "Startup Cost": 3569764.81, "Total Cost": 3569764.82, "Plan Rows": 1, "Plan Width": 27, "Group By Key": ["lineitem.l_shipmode"], "Plans": [{"Node Type": "Merge Join", "Parent Relationship": "Outer", "Join Type": "Inner", "Startup Cost": 2791741.95, "Total Cost": 3564609.59, "Plan Rows": 294584, "Plan Width": 27, "Inner Unique": false, "Merge Cond": "(orders.o_orderkey = lineitem.l_orderkey)", "Plans": [{"Node Type": "Index Scan", "Parent Relationship": "Outer", "Scan Direction": "Forward", "Index Name": "orders_pkey", "Relation Name": "orders", "Alias": "orders", "Startup Cost": 0.0, "Total Cost": 730978.44, "Plan Rows": 14999479, "Plan Width": 24}, {"Node Type": "Sort", "Parent Relationship": "Inner", "Startup Cost": 2791713.72, "Total Cost": 2792450.18, "Plan Rows": 294584, "Plan Width": 19, "Sort Key": ["lineitem.l_orderkey"], "Plans": [{"Node Type": "Seq Scan", "Parent Relationship": "Outer", "Relation Name": "lineitem", "Alias": "lineitem", "Startup Cost": 33.12, "Total Cost": 2764953.24, "Plan Rows": 294584, "Plan Width": 19, "Filter": "((l_shipmode = ANY ('{RAIL,FOB}'::bpchar[])) AND (l_commitdate < l_receiptdate) AND (l_shipdate < l_commitdate) AND (l_receiptdate >= '1997-01-01 00:00:00'::timestamp(0) without time zone) AND (l_receiptdate < '1998-01-01 00:00:00'::timestamp without time zone)), (LLVM Optimized)"}]}]}]}]}, "Unique SQL Id": 2036526415, "Planner Runtime": 0}, "explain_analyze_plan": {"Plan": {"Node Type": "Sort", "Startup Cost": 3569764.83, "Total Cost": 3569764.84, "Plan Rows": 1, "Plan Width": 27, "Actual Startup Time": 34716.198, "Actual Total Time": 34716.198, "Actual Rows": 2, "Actual Loops": 1, "Sort Key": ["lineitem.l_shipmode"], "Sort Method": "quicksort", "Sort Space Used": 25, "Sort Space Type": "Memory", "Plans": [{"Node Type": "Aggregate", "Strategy": "Hashed", "Parent Relationship": "Outer", "Startup Cost": 3569764.81, "Total Cost": 3569764.82, "Plan Rows": 1, "Plan Width": 27, "Actual Startup Time": 34716.158, "Actual Total Time": 34716.159, "Actual Rows": 2, "Actual Loops": 1, "Group By Key": ["lineitem.l_shipmode"], "Plans": [{"Node Type": "Merge Join", "Parent Relationship": "Outer", "Join Type": "Inner", "Startup Cost": 2791741.95, "Total Cost": 3564609.59, "Plan Rows": 294584, "Plan Width": 27, "Actual Startup Time": 24786.783, "Actual Total Time": 34430.91, "Actual Rows": 311248, "Actual Loops": 1, "Inner Unique": false, "Merge Cond": "(orders.o_orderkey = lineitem.l_orderkey)", "Plans": [{"Node Type": "Index Scan", "Parent Relationship": "Outer", "Scan Direction": "Forward", "Index Name": "orders_pkey", "Relation Name": "orders", "Alias": "orders", "Startup Cost": 0.0, "Total Cost": 730978.44, "Plan Rows": 14999479, "Plan Width": 24, "Actual Startup Time": 0.028, "Actual Total Time": 7342.554, "Actual Rows": 14999914, "Actual Loops": 1}, {"Node Type": "Sort", "Parent Relationship": "Inner", "Startup Cost": 2791713.72, "Total Cost": 2792450.18, "Plan Rows": 294584, "Plan Width": 19, "Actual Startup Time": 24786.617, "Actual Total Time": 24820.411, "Actual Rows": 311248, "Actual Loops": 1, "Sort Key": ["lineitem.l_orderkey"], "Sort Method": "quicksort", "Sort Space Used": 41468, "Sort Space Type": "Memory", "Plans": [{"Node Type": "Seq Scan", "Parent Relationship": "Outer", "Relation Name": "lineitem", "Alias": "lineitem", "Startup Cost": 33.12, "Total Cost": 2764953.24, "Plan Rows": 294584, "Plan Width": 19, "Actual Startup Time": 0.357, "Actual Total Time": 24659.708, "Actual Rows": 311248, "Actual Loops": 1, "Filter": "((l_shipmode = ANY ('{RAIL,FOB}'::bpchar[])) AND (l_commitdate < l_receiptdate) AND (l_shipdate < l_commitdate) AND (l_receiptdate >= '1997-01-01 00:00:00'::timestamp(0) without time zone) AND (l_receiptdate < '1998-01-01 00:00:00'::timestamp without time zone)), (LLVM Optimized, Jit Execute)", "Rows Removed by Filter": 59674804}]}]}]}]}, "Triggers": [], "Planner Runtime": 0.591, "Total Runtime": 34726.939, "Unique SQL Id": 2036526415}}, "(1, '81')": {"explain_plan": {"Plan": {"Node Type": "Sort", "Startup Cost": 4767238.6, "Total Cost": 4767238.6, "Plan Rows": 1, "Plan Width": 27, "Sort Key": ["lineitem.l_shipmode"], "Plans": [{"Node Type": "Aggregate", "Strategy": "Hashed", "Parent Relationship": "Outer", "Startup Cost": 4767238.58, "Total Cost": 4767238.59, "Plan Rows": 1, "Plan Width": 27, "Group By Key": ["lineitem.l_shipmode"], "Plans": [{"Node Type": "Merge Join", "Parent Relationship": "Outer", "Join Type": "Inner", "Startup Cost": 28.23, "Total Cost": 4762083.36, "Plan Rows": 294584, "Plan Width": 27, "Inner Unique": false, "Merge Cond": "(orders.o_orderkey = lineitem.l_orderkey)", "Plans": [{"Node Type": "Index Scan", "Parent Relationship": "Outer", "Scan Direction": "Forward", "Index Name": "orders_pkey", "Relation Name": "orders", "Alias": "orders", "Startup Cost": 0.0, "Total Cost": 730978.44, "Plan Rows": 14999479, "Plan Width": 24}, {"Node Type": "Index Scan", "Parent Relationship": "Inner", "Scan Direction": "Forward", "Index Name": "idx_lineitem_orderkey", "Relation Name": "lineitem", "Alias": "lineitem", "Startup Cost": 0.0, "Total Cost": 3989991.66, "Plan Rows": 294584, "Plan Width": 19, "Filter": "((l_shipmode = ANY ('{RAIL,FOB}'::bpchar[])) AND (l_commitdate < l_receiptdate) AND (l_shipdate < l_commitdate) AND (l_receiptdate >= '1997-01-01 00:00:00'::timestamp(0) without time zone) AND (l_receiptdate < '1998-01-01 00:00:00'::timestamp without time zone)), (LLVM Optimized)"}]}]}]}, "Unique SQL Id": 2036526415, "Planner Runtime": 0}, "explain_analyze_plan": {"Plan": {"Node Type": "Sort", "Startup Cost": 4767238.6, "Total Cost": 4767238.6, "Plan Rows": 1, "Plan Width": 27, "Actual Startup Time": 55913.772, "Actual Total Time": 55913.772, "Actual Rows": 2, "Actual Loops": 1, "Sort Key": ["lineitem.l_shipmode"], "Sort Method": "quicksort", "Sort Space Used": 25, "Sort Space Type": "Memory", "Plans": [{"Node Type": "Aggregate", "Strategy": "Hashed", "Parent Relationship": "Outer", "Startup Cost": 4767238.58, "Total Cost": 4767238.59, "Plan Rows": 1, "Plan Width": 27, "Actual Startup Time": 55913.71, "Actual Total Time": 55913.711, "Actual Rows": 2, "Actual Loops": 1, "Group By Key": ["lineitem.l_shipmode"], "Plans": [{"Node Type": "Merge Join", "Parent Relationship": "Outer", "Join Type": "Inner", "Startup Cost": 28.23, "Total Cost": 4762083.36, "Plan Rows": 294584, "Plan Width": 27, "Actual Startup Time": 0.58, "Actual Total Time": 55584.795, "Actual Rows": 311248, "Actual Loops": 1, "Inner Unique": false, "Merge Cond": "(orders.o_orderkey = lineitem.l_orderkey)", "Plans": [{"Node Type": "Index Scan", "Parent Relationship": "Outer", "Scan Direction": "Forward", "Index Name": "orders_pkey", "Relation Name": "orders", "Alias": "orders", "Startup Cost": 0.0, "Total Cost": 730978.44, "Plan Rows": 14999479, "Plan Width": 24, "Actual Startup Time": 0.03, "Actual Total Time": 8483.727, "Actual Rows": 14999914, "Actual Loops": 1}, {"Node Type": "Index Scan", "Parent Relationship": "Inner", "Scan Direction": "Forward", "Index Name": "idx_lineitem_orderkey", "Relation Name": "lineitem", "Alias": "lineitem", "Startup Cost": 0.0, "Total Cost": 3989991.66, "Plan Rows": 294584, "Plan Width": 19, "Actual Startup Time": 0.465, "Actual Total Time": 44676.557, "Actual Rows": 311248, "Actual Loops": 1, "Filter": "((l_shipmode = ANY ('{RAIL,FOB}'::bpchar[])) AND (l_commitdate < l_receiptdate) AND (l_shipdate < l_commitdate) AND (l_receiptdate >= '1997-01-01 00:00:00'::timestamp(0) without time zone) AND (l_receiptdate < '1998-01-01 00:00:00'::timestamp without time zone)), (LLVM Optimized, Jit Execute)", "Rows Removed by Filter": 59674804}]}]}]}, "Triggers": [], "Planner Runtime": 0.615, "Total Runtime": 55924.816, "Unique SQL Id": 2036526415}}, "(1, '82')": {"explain_plan": {"Plan": {"Node Type": "Sort", "Startup Cost": 4260565.65, "Total Cost": 4260565.65, "Plan Rows": 1, "Plan Width": 27, "Sort Key": ["lineitem.l_shipmode"], "Plans": [{"Node Type": "Aggregate", "Strategy": "Hashed", "Parent Relationship": "Outer", "Startup Cost": 4260565.63, "Total Cost": 4260565.64, "Plan Rows": 1, "Plan Width": 27, "Group By Key": ["lineitem.l_shipmode"], "Plans": [{"Node Type": "Nested Loop", "Parent Relationship": "Outer", "Join Type": "Inner", "Startup Cost": 34.16, "Total Cost": 4255410.41, "Plan Rows": 294584, "Plan Width": 27, "Inner Unique": true, "Plans": [{"Node Type": "Seq Scan", "Parent Relationship": "Outer", "Relation Name": "lineitem", "Alias": "lineitem", "Startup Cost": 33.12, "Total Cost": 2764953.24, "Plan Rows": 294584, "Plan Width": 19, "Filter": "((l_shipmode = ANY ('{RAIL,FOB}'::bpchar[])) AND (l_commitdate < l_receiptdate) AND (l_shipdate < l_commitdate) AND (l_receiptdate >= '1997-01-01 00:00:00'::timestamp(0) without time zone) AND (l_receiptdate < '1998-01-01 00:00:00'::timestamp without time zone)), (LLVM Optimized)"}, {"Node Type": "Bitmap Heap Scan", "Parent Relationship": "Inner", "Relation Name": "orders", "Alias": "orders", "Startup Cost": 1.04, "Total Cost": 5.05, "Plan Rows": 1, "Plan Width": 24, "Recheck Cond": "(o_orderkey = lineitem.l_orderkey)", "Plans": [{"Node Type": "Bitmap Index Scan", "Parent Relationship": "Outer", "Index Name": "orders_pkey", "Startup Cost": 0.0, "Total Cost": 1.04, "Plan Rows": 1, "Plan Width": 0, "Index Cond": "(o_orderkey = lineitem.l_orderkey)"}]}]}]}]}, "Unique SQL Id": 2036526415, "Planner Runtime": 0}, "explain_analyze_plan": {"Plan": {"Node Type": "Sort", "Startup Cost": 4260565.65, "Total Cost": 4260565.65, "Plan Rows": 1, "Plan Width": 27, "Actual Startup Time": 27725.738, "Actual Total Time": 27725.739, "Actual Rows": 2, "Actual Loops": 1, "Sort Key": ["lineitem.l_shipmode"], "Sort Method": "quicksort", "Sort Space Used": 25, "Sort Space Type": "Memory", "Plans": [{"Node Type": "Aggregate", "Strategy": "Hashed", "Parent Relationship": "Outer", "Startup Cost": 4260565.63, "Total Cost": 4260565.64, "Plan Rows": 1, "Plan Width": 27, "Actual Startup Time": 27725.683, "Actual Total Time": 27725.684, "Actual Rows": 2, "Actual Loops": 1, "Group By Key": ["lineitem.l_shipmode"], "Plans": [{"Node Type": "Nested Loop", "Parent Relationship": "Outer", "Join Type": "Inner", "Startup Cost": 34.16, "Total Cost": 4255410.41, "Plan Rows": 294584, "Plan Width": 27, "Actual Startup Time": 0.393, "Actual Total Time": 27347.865, "Actual Rows": 311248, "Actual Loops": 1, "Inner Unique": true, "Plans": [{"Node Type": "Seq Scan", "Parent Relationship": "Outer", "Relation Name": "lineitem", "Alias": "lineitem", "Startup Cost": 33.12, "Total Cost": 2764953.24, "Plan Rows": 294584, "Plan Width": 19, "Actual Startup Time": 0.36, "Actual Total Time": 25010.261, "Actual Rows": 311248, "Actual Loops": 1, "Filter": "((l_shipmode = ANY ('{RAIL,FOB}'::bpchar[])) AND (l_commitdate < l_receiptdate) AND (l_shipdate < l_commitdate) AND (l_receiptdate >= '1997-01-01 00:00:00'::timestamp(0) without time zone) AND (l_receiptdate < '1998-01-01 00:00:00'::timestamp without time zone)), (LLVM Optimized, Jit Execute)", "Rows Removed by Filter": 59674804}, {"Node Type": "Bitmap Heap Scan", "Parent Relationship": "Inner", "Relation Name": "orders", "Alias": "orders", "Startup Cost": 1.04, "Total Cost": 5.05, "Plan Rows": 1, "Plan Width": 24, "Actual Startup Time": 1839.188, "Actual Total Time": 1839.188, "Actual Rows": 311248, "Actual Loops": 311248, "Recheck Cond": "(o_orderkey = lineitem.l_orderkey)", "Rows Removed by Index Recheck": 0, "Exact Heap Blocks": 311248, "Lossy Heap Blocks": 311248, "Plans": [{"Node Type": "Bitmap Index Scan", "Parent Relationship": "Outer", "Index Name": "orders_pkey", "Startup Cost": 0.0, "Total Cost": 1.04, "Plan Rows": 1, "Plan Width": 0, "Actual Startup Time": 1056.013, "Actual Total Time": 1056.013, "Actual Rows": 311248, "Actual Loops": 311248, "Index Cond": "(o_orderkey = lineitem.l_orderkey)"}]}]}]}]}, "Triggers": [], "Planner Runtime": 0.632, "Total Runtime": 27736.577, "Unique SQL Id": 2036526415}}, "(1, '83')": {"explain_plan": {"Plan": {"Node Type": "Sort", "Startup Cost": 1000142316976.76, "Total Cost": 1000142316976.76, "Plan Rows": 1, "Plan Width": 27, "Sort Key": ["lineitem.l_shipmode"], "Plans": [{"Node Type": "Aggregate", "Strategy": "Hashed", "Parent Relationship": "Outer", "Startup Cost": 1000142316976.74, "Total Cost": 1000142316976.75, "Plan Rows": 1, "Plan Width": 27, "Group By Key": ["lineitem.l_shipmode"], "Plans": [{"Node Type": "Nested Loop", "Parent Relationship": "Outer", "Join Type": "Inner", "Startup Cost": 10000000000.38, "Total Cost": 1000142311821.52, "Plan Rows": 294584, "Plan Width": 27, "Inner Unique": false, "Plans": [{"Node Type": "Index Scan", "Parent Relationship": "Outer", "Scan Direction": "Forward", "Index Name": "orders_pkey", "Relation Name": "orders", "Alias": "orders", "Startup Cost": 10000000000.0, "Total Cost": 1000073097843.5, "Plan Rows": 14999479, "Plan Width": 24}, {"Node Type": "Bitmap Heap Scan", "Parent Relationship": "Inner", "Relation Name": "lineitem", "Alias": "lineitem", "Startup Cost": 0.38, "Total Cost": 4.6, "Plan Rows": 1, "Plan Width": 19, "Recheck Cond": "(l_orderkey = orders.o_orderkey)", "Filter": "((l_shipmode = ANY ('{RAIL,FOB}'::bpchar[])) AND (l_commitdate < l_receiptdate) AND (l_shipdate < l_commitdate) AND (l_receiptdate >= '1997-01-01 00:00:00'::timestamp(0) without time zone) AND (l_receiptdate < '1998-01-01 00:00:00'::timestamp without time zone))", "Plans": [{"Node Type": "Bitmap Index Scan", "Parent Relationship": "Outer", "Index Name": "idx_lineitem_orderkey", "Startup Cost": 0.0, "Total Cost": 0.38, "Plan Rows": 9, "Plan Width": 0, "Index Cond": "(l_orderkey = orders.o_orderkey)"}]}]}]}]}, "Unique SQL Id": 2036526415, "Planner Runtime": 0}, "explain_analyze_plan": null}, "(1, '84')": {"explain_plan": {"Plan": {"Node Type": "Sort", "Startup Cost": 3569764.83, "Total Cost": 3569764.84, "Plan Rows": 1, "Plan Width": 27, "Sort Key": ["lineitem.l_shipmode"], "Plans": [{"Node Type": "Aggregate", "Strategy": "Hashed", "Parent Relationship": "Outer", "Startup Cost": 3569764.81, "Total Cost": 3569764.82, "Plan Rows": 1, "Plan Width": 27, "Group By Key": ["lineitem.l_shipmode"], "Plans": [{"Node Type": "Merge Join", "Parent Relationship": "Outer", "Join Type": "Inner", "Startup Cost": 2791741.95, "Total Cost": 3564609.59, "Plan Rows": 294584, "Plan Width": 27, "Inner Unique": false, "Merge Cond": "(orders.o_orderkey = lineitem.l_orderkey)", "Plans": [{"Node Type": "Index Scan", "Parent Relationship": "Outer", "Scan Direction": "Forward", "Index Name": "orders_pkey", "Relation Name": "orders", "Alias": "orders", "Startup Cost": 0.0, "Total Cost": 730978.44, "Plan Rows": 14999479, "Plan Width": 24}, {"Node Type": "Sort", "Parent Relationship": "Inner", "Startup Cost": 2791713.72, "Total Cost": 2792450.18, "Plan Rows": 294584, "Plan Width": 19, "Sort Key": ["lineitem.l_orderkey"], "Plans": [{"Node Type": "Seq Scan", "Parent Relationship": "Outer", "Relation Name": "lineitem", "Alias": "lineitem", "Startup Cost": 33.12, "Total Cost": 2764953.24, "Plan Rows": 294584, "Plan Width": 19, "Filter": "((l_shipmode = ANY ('{RAIL,FOB}'::bpchar[])) AND (l_commitdate < l_receiptdate) AND (l_shipdate < l_commitdate) AND (l_receiptdate >= '1997-01-01 00:00:00'::timestamp(0) without time zone) AND (l_receiptdate < '1998-01-01 00:00:00'::timestamp without time zone)), (LLVM Optimized)"}]}]}]}]}, "Unique SQL Id": 2036526415, "Planner Runtime": 0}, "explain_analyze_plan": {"Plan": {"Node Type": "Sort", "Startup Cost": 3569764.83, "Total Cost": 3569764.84, "Plan Rows": 1, "Plan Width": 27, "Actual Startup Time": 34716.198, "Actual Total Time": 34716.198, "Actual Rows": 2, "Actual Loops": 1, "Sort Key": ["lineitem.l_shipmode"], "Sort Method": "quicksort", "Sort Space Used": 25, "Sort Space Type": "Memory", "Plans": [{"Node Type": "Aggregate", "Strategy": "Hashed", "Parent Relationship": "Outer", "Startup Cost": 3569764.81, "Total Cost": 3569764.82, "Plan Rows": 1, "Plan Width": 27, "Actual Startup Time": 34716.158, "Actual Total Time": 34716.159, "Actual Rows": 2, "Actual Loops": 1, "Group By Key": ["lineitem.l_shipmode"], "Plans": [{"Node Type": "Merge Join", "Parent Relationship": "Outer", "Join Type": "Inner", "Startup Cost": 2791741.95, "Total Cost": 3564609.59, "Plan Rows": 294584, "Plan Width": 27, "Actual Startup Time": 24786.783, "Actual Total Time": 34430.91, "Actual Rows": 311248, "Actual Loops": 1, "Inner Unique": false, "Merge Cond": "(orders.o_orderkey = lineitem.l_orderkey)", "Plans": [{"Node Type": "Index Scan", "Parent Relationship": "Outer", "Scan Direction": "Forward", "Index Name": "orders_pkey", "Relation Name": "orders", "Alias": "orders", "Startup Cost": 0.0, "Total Cost": 730978.44, "Plan Rows": 14999479, "Plan Width": 24, "Actual Startup Time": 0.028, "Actual Total Time": 7342.554, "Actual Rows": 14999914, "Actual Loops": 1}, {"Node Type": "Sort", "Parent Relationship": "Inner", "Startup Cost": 2791713.72, "Total Cost": 2792450.18, "Plan Rows": 294584, "Plan Width": 19, "Actual Startup Time": 24786.617, "Actual Total Time": 24820.411, "Actual Rows": 311248, "Actual Loops": 1, "Sort Key": ["lineitem.l_orderkey"], "Sort Method": "quicksort", "Sort Space Used": 41468, "Sort Space Type": "Memory", "Plans": [{"Node Type": "Seq Scan", "Parent Relationship": "Outer", "Relation Name": "lineitem", "Alias": "lineitem", "Startup Cost": 33.12, "Total Cost": 2764953.24, "Plan Rows": 294584, "Plan Width": 19, "Actual Startup Time": 0.357, "Actual Total Time": 24659.708, "Actual Rows": 311248, "Actual Loops": 1, "Filter": "((l_shipmode = ANY ('{RAIL,FOB}'::bpchar[])) AND (l_commitdate < l_receiptdate) AND (l_shipdate < l_commitdate) AND (l_receiptdate >= '1997-01-01 00:00:00'::timestamp(0) without time zone) AND (l_receiptdate < '1998-01-01 00:00:00'::timestamp without time zone)), (LLVM Optimized, Jit Execute)", "Rows Removed by Filter": 59674804}]}]}]}]}, "Triggers": [], "Planner Runtime": 0.591, "Total Runtime": 34726.939, "Unique SQL Id": 2036526415}}, "(1, '85')": {"explain_plan": {"Plan": {"Node Type": "Sort", "Startup Cost": 4767238.6, "Total Cost": 4767238.6, "Plan Rows": 1, "Plan Width": 27, "Sort Key": ["lineitem.l_shipmode"], "Plans": [{"Node Type": "Aggregate", "Strategy": "Hashed", "Parent Relationship": "Outer", "Startup Cost": 4767238.58, "Total Cost": 4767238.59, "Plan Rows": 1, "Plan Width": 27, "Group By Key": ["lineitem.l_shipmode"], "Plans": [{"Node Type": "Merge Join", "Parent Relationship": "Outer", "Join Type": "Inner", "Startup Cost": 28.23, "Total Cost": 4762083.36, "Plan Rows": 294584, "Plan Width": 27, "Inner Unique": false, "Merge Cond": "(orders.o_orderkey = lineitem.l_orderkey)", "Plans": [{"Node Type": "Index Scan", "Parent Relationship": "Outer", "Scan Direction": "Forward", "Index Name": "orders_pkey", "Relation Name": "orders", "Alias": "orders", "Startup Cost": 0.0, "Total Cost": 730978.44, "Plan Rows": 14999479, "Plan Width": 24}, {"Node Type": "Index Scan", "Parent Relationship": "Inner", "Scan Direction": "Forward", "Index Name": "idx_lineitem_orderkey", "Relation Name": "lineitem", "Alias": "lineitem", "Startup Cost": 0.0, "Total Cost": 3989991.66, "Plan Rows": 294584, "Plan Width": 19, "Filter": "((l_shipmode = ANY ('{RAIL,FOB}'::bpchar[])) AND (l_commitdate < l_receiptdate) AND (l_shipdate < l_commitdate) AND (l_receiptdate >= '1997-01-01 00:00:00'::timestamp(0) without time zone) AND (l_receiptdate < '1998-01-01 00:00:00'::timestamp without time zone)), (LLVM Optimized)"}]}]}]}, "Unique SQL Id": 2036526415, "Planner Runtime": 0}, "explain_analyze_plan": {"Plan": {"Node Type": "Sort", "Startup Cost": 4767238.6, "Total Cost": 4767238.6, "Plan Rows": 1, "Plan Width": 27, "Actual Startup Time": 55913.772, "Actual Total Time": 55913.772, "Actual Rows": 2, "Actual Loops": 1, "Sort Key": ["lineitem.l_shipmode"], "Sort Method": "quicksort", "Sort Space Used": 25, "Sort Space Type": "Memory", "Plans": [{"Node Type": "Aggregate", "Strategy": "Hashed", "Parent Relationship": "Outer", "Startup Cost": 4767238.58, "Total Cost": 4767238.59, "Plan Rows": 1, "Plan Width": 27, "Actual Startup Time": 55913.71, "Actual Total Time": 55913.711, "Actual Rows": 2, "Actual Loops": 1, "Group By Key": ["lineitem.l_shipmode"], "Plans": [{"Node Type": "Merge Join", "Parent Relationship": "Outer", "Join Type": "Inner", "Startup Cost": 28.23, "Total Cost": 4762083.36, "Plan Rows": 294584, "Plan Width": 27, "Actual Startup Time": 0.58, "Actual Total Time": 55584.795, "Actual Rows": 311248, "Actual Loops": 1, "Inner Unique": false, "Merge Cond": "(orders.o_orderkey = lineitem.l_orderkey)", "Plans": [{"Node Type": "Index Scan", "Parent Relationship": "Outer", "Scan Direction": "Forward", "Index Name": "orders_pkey", "Relation Name": "orders", "Alias": "orders", "Startup Cost": 0.0, "Total Cost": 730978.44, "Plan Rows": 14999479, "Plan Width": 24, "Actual Startup Time": 0.03, "Actual Total Time": 8483.727, "Actual Rows": 14999914, "Actual Loops": 1}, {"Node Type": "Index Scan", "Parent Relationship": "Inner", "Scan Direction": "Forward", "Index Name": "idx_lineitem_orderkey", "Relation Name": "lineitem", "Alias": "lineitem", "Startup Cost": 0.0, "Total Cost": 3989991.66, "Plan Rows": 294584, "Plan Width": 19, "Actual Startup Time": 0.465, "Actual Total Time": 44676.557, "Actual Rows": 311248, "Actual Loops": 1, "Filter": "((l_shipmode = ANY ('{RAIL,FOB}'::bpchar[])) AND (l_commitdate < l_receiptdate) AND (l_shipdate < l_commitdate) AND (l_receiptdate >= '1997-01-01 00:00:00'::timestamp(0) without time zone) AND (l_receiptdate < '1998-01-01 00:00:00'::timestamp without time zone)), (LLVM Optimized, Jit Execute)", "Rows Removed by Filter": 59674804}]}]}]}, "Triggers": [], "Planner Runtime": 0.615, "Total Runtime": 55924.816, "Unique SQL Id": 2036526415}}, "(1, '86')": {"explain_plan": {"Plan": {"Node Type": "Sort", "Startup Cost": 4260565.65, "Total Cost": 4260565.65, "Plan Rows": 1, "Plan Width": 27, "Sort Key": ["lineitem.l_shipmode"], "Plans": [{"Node Type": "Aggregate", "Strategy": "Hashed", "Parent Relationship": "Outer", "Startup Cost": 4260565.63, "Total Cost": 4260565.64, "Plan Rows": 1, "Plan Width": 27, "Group By Key": ["lineitem.l_shipmode"], "Plans": [{"Node Type": "Nested Loop", "Parent Relationship": "Outer", "Join Type": "Inner", "Startup Cost": 34.16, "Total Cost": 4255410.41, "Plan Rows": 294584, "Plan Width": 27, "Inner Unique": true, "Plans": [{"Node Type": "Seq Scan", "Parent Relationship": "Outer", "Relation Name": "lineitem", "Alias": "lineitem", "Startup Cost": 33.12, "Total Cost": 2764953.24, "Plan Rows": 294584, "Plan Width": 19, "Filter": "((l_shipmode = ANY ('{RAIL,FOB}'::bpchar[])) AND (l_commitdate < l_receiptdate) AND (l_shipdate < l_commitdate) AND (l_receiptdate >= '1997-01-01 00:00:00'::timestamp(0) without time zone) AND (l_receiptdate < '1998-01-01 00:00:00'::timestamp without time zone)), (LLVM Optimized)"}, {"Node Type": "Bitmap Heap Scan", "Parent Relationship": "Inner", "Relation Name": "orders", "Alias": "orders", "Startup Cost": 1.04, "Total Cost": 5.05, "Plan Rows": 1, "Plan Width": 24, "Recheck Cond": "(o_orderkey = lineitem.l_orderkey)", "Plans": [{"Node Type": "Bitmap Index Scan", "Parent Relationship": "Outer", "Index Name": "orders_pkey", "Startup Cost": 0.0, "Total Cost": 1.04, "Plan Rows": 1, "Plan Width": 0, "Index Cond": "(o_orderkey = lineitem.l_orderkey)"}]}]}]}]}, "Unique SQL Id": 2036526415, "Planner Runtime": 0}, "explain_analyze_plan": {"Plan": {"Node Type": "Sort", "Startup Cost": 4260565.65, "Total Cost": 4260565.65, "Plan Rows": 1, "Plan Width": 27, "Actual Startup Time": 27725.738, "Actual Total Time": 27725.739, "Actual Rows": 2, "Actual Loops": 1, "Sort Key": ["lineitem.l_shipmode"], "Sort Method": "quicksort", "Sort Space Used": 25, "Sort Space Type": "Memory", "Plans": [{"Node Type": "Aggregate", "Strategy": "Hashed", "Parent Relationship": "Outer", "Startup Cost": 4260565.63, "Total Cost": 4260565.64, "Plan Rows": 1, "Plan Width": 27, "Actual Startup Time": 27725.683, "Actual Total Time": 27725.684, "Actual Rows": 2, "Actual Loops": 1, "Group By Key": ["lineitem.l_shipmode"], "Plans": [{"Node Type": "Nested Loop", "Parent Relationship": "Outer", "Join Type": "Inner", "Startup Cost": 34.16, "Total Cost": 4255410.41, "Plan Rows": 294584, "Plan Width": 27, "Actual Startup Time": 0.393, "Actual Total Time": 27347.865, "Actual Rows": 311248, "Actual Loops": 1, "Inner Unique": true, "Plans": [{"Node Type": "Seq Scan", "Parent Relationship": "Outer", "Relation Name": "lineitem", "Alias": "lineitem", "Startup Cost": 33.12, "Total Cost": 2764953.24, "Plan Rows": 294584, "Plan Width": 19, "Actual Startup Time": 0.36, "Actual Total Time": 25010.261, "Actual Rows": 311248, "Actual Loops": 1, "Filter": "((l_shipmode = ANY ('{RAIL,FOB}'::bpchar[])) AND (l_commitdate < l_receiptdate) AND (l_shipdate < l_commitdate) AND (l_receiptdate >= '1997-01-01 00:00:00'::timestamp(0) without time zone) AND (l_receiptdate < '1998-01-01 00:00:00'::timestamp without time zone)), (LLVM Optimized, Jit Execute)", "Rows Removed by Filter": 59674804}, {"Node Type": "Bitmap Heap Scan", "Parent Relationship": "Inner", "Relation Name": "orders", "Alias": "orders", "Startup Cost": 1.04, "Total Cost": 5.05, "Plan Rows": 1, "Plan Width": 24, "Actual Startup Time": 1839.188, "Actual Total Time": 1839.188, "Actual Rows": 311248, "Actual Loops": 311248, "Recheck Cond": "(o_orderkey = lineitem.l_orderkey)", "Rows Removed by Index Recheck": 0, "Exact Heap Blocks": 311248, "Lossy Heap Blocks": 311248, "Plans": [{"Node Type": "Bitmap Index Scan", "Parent Relationship": "Outer", "Index Name": "orders_pkey", "Startup Cost": 0.0, "Total Cost": 1.04, "Plan Rows": 1, "Plan Width": 0, "Actual Startup Time": 1056.013, "Actual Total Time": 1056.013, "Actual Rows": 311248, "Actual Loops": 311248, "Index Cond": "(o_orderkey = lineitem.l_orderkey)"}]}]}]}]}, "Triggers": [], "Planner Runtime": 0.632, "Total Runtime": 27736.577, "Unique SQL Id": 2036526415}}, "(1, '87')": {"explain_plan": {"Plan": {"Node Type": "Sort", "Startup Cost": 1000142316976.76, "Total Cost": 1000142316976.76, "Plan Rows": 1, "Plan Width": 27, "Sort Key": ["lineitem.l_shipmode"], "Plans": [{"Node Type": "Aggregate", "Strategy": "Hashed", "Parent Relationship": "Outer", "Startup Cost": 1000142316976.74, "Total Cost": 1000142316976.75, "Plan Rows": 1, "Plan Width": 27, "Group By Key": ["lineitem.l_shipmode"], "Plans": [{"Node Type": "Nested Loop", "Parent Relationship": "Outer", "Join Type": "Inner", "Startup Cost": 10000000000.38, "Total Cost": 1000142311821.52, "Plan Rows": 294584, "Plan Width": 27, "Inner Unique": false, "Plans": [{"Node Type": "Index Scan", "Parent Relationship": "Outer", "Scan Direction": "Forward", "Index Name": "orders_pkey", "Relation Name": "orders", "Alias": "orders", "Startup Cost": 10000000000.0, "Total Cost": 1000073097843.5, "Plan Rows": 14999479, "Plan Width": 24}, {"Node Type": "Bitmap Heap Scan", "Parent Relationship": "Inner", "Relation Name": "lineitem", "Alias": "lineitem", "Startup Cost": 0.38, "Total Cost": 4.6, "Plan Rows": 1, "Plan Width": 19, "Recheck Cond": "(l_orderkey = orders.o_orderkey)", "Filter": "((l_shipmode = ANY ('{RAIL,FOB}'::bpchar[])) AND (l_commitdate < l_receiptdate) AND (l_shipdate < l_commitdate) AND (l_receiptdate >= '1997-01-01 00:00:00'::timestamp(0) without time zone) AND (l_receiptdate < '1998-01-01 00:00:00'::timestamp without time zone))", "Plans": [{"Node Type": "Bitmap Index Scan", "Parent Relationship": "Outer", "Index Name": "idx_lineitem_orderkey", "Startup Cost": 0.0, "Total Cost": 0.38, "Plan Rows": 9, "Plan Width": 0, "Index Cond": "(l_orderkey = orders.o_orderkey)"}]}]}]}]}, "Unique SQL Id": 2036526415, "Planner Runtime": 0}, "explain_analyze_plan": null}, "(1, '88')": {"explain_plan": {"Plan": {"Node Type": "Sort", "Startup Cost": 3569764.83, "Total Cost": 3569764.84, "Plan Rows": 1, "Plan Width": 27, "Sort Key": ["lineitem.l_shipmode"], "Plans": [{"Node Type": "Aggregate", "Strategy": "Hashed", "Parent Relationship": "Outer", "Startup Cost": 3569764.81, "Total Cost": 3569764.82, "Plan Rows": 1, "Plan Width": 27, "Group By Key": ["lineitem.l_shipmode"], "Plans": [{"Node Type": "Merge Join", "Parent Relationship": "Outer", "Join Type": "Inner", "Startup Cost": 2791741.95, "Total Cost": 3564609.59, "Plan Rows": 294584, "Plan Width": 27, "Inner Unique": false, "Merge Cond": "(orders.o_orderkey = lineitem.l_orderkey)", "Plans": [{"Node Type": "Index Scan", "Parent Relationship": "Outer", "Scan Direction": "Forward", "Index Name": "orders_pkey", "Relation Name": "orders", "Alias": "orders", "Startup Cost": 0.0, "Total Cost": 730978.44, "Plan Rows": 14999479, "Plan Width": 24}, {"Node Type": "Sort", "Parent Relationship": "Inner", "Startup Cost": 2791713.72, "Total Cost": 2792450.18, "Plan Rows": 294584, "Plan Width": 19, "Sort Key": ["lineitem.l_orderkey"], "Plans": [{"Node Type": "Seq Scan", "Parent Relationship": "Outer", "Relation Name": "lineitem", "Alias": "lineitem", "Startup Cost": 33.12, "Total Cost": 2764953.24, "Plan Rows": 294584, "Plan Width": 19, "Filter": "((l_shipmode = ANY ('{RAIL,FOB}'::bpchar[])) AND (l_commitdate < l_receiptdate) AND (l_shipdate < l_commitdate) AND (l_receiptdate >= '1997-01-01 00:00:00'::timestamp(0) without time zone) AND (l_receiptdate < '1998-01-01 00:00:00'::timestamp without time zone)), (LLVM Optimized)"}]}]}]}]}, "Unique SQL Id": 2036526415, "Planner Runtime": 0}, "explain_analyze_plan": {"Plan": {"Node Type": "Sort", "Startup Cost": 3569764.83, "Total Cost": 3569764.84, "Plan Rows": 1, "Plan Width": 27, "Actual Startup Time": 34716.198, "Actual Total Time": 34716.198, "Actual Rows": 2, "Actual Loops": 1, "Sort Key": ["lineitem.l_shipmode"], "Sort Method": "quicksort", "Sort Space Used": 25, "Sort Space Type": "Memory", "Plans": [{"Node Type": "Aggregate", "Strategy": "Hashed", "Parent Relationship": "Outer", "Startup Cost": 3569764.81, "Total Cost": 3569764.82, "Plan Rows": 1, "Plan Width": 27, "Actual Startup Time": 34716.158, "Actual Total Time": 34716.159, "Actual Rows": 2, "Actual Loops": 1, "Group By Key": ["lineitem.l_shipmode"], "Plans": [{"Node Type": "Merge Join", "Parent Relationship": "Outer", "Join Type": "Inner", "Startup Cost": 2791741.95, "Total Cost": 3564609.59, "Plan Rows": 294584, "Plan Width": 27, "Actual Startup Time": 24786.783, "Actual Total Time": 34430.91, "Actual Rows": 311248, "Actual Loops": 1, "Inner Unique": false, "Merge Cond": "(orders.o_orderkey = lineitem.l_orderkey)", "Plans": [{"Node Type": "Index Scan", "Parent Relationship": "Outer", "Scan Direction": "Forward", "Index Name": "orders_pkey", "Relation Name": "orders", "Alias": "orders", "Startup Cost": 0.0, "Total Cost": 730978.44, "Plan Rows": 14999479, "Plan Width": 24, "Actual Startup Time": 0.028, "Actual Total Time": 7342.554, "Actual Rows": 14999914, "Actual Loops": 1}, {"Node Type": "Sort", "Parent Relationship": "Inner", "Startup Cost": 2791713.72, "Total Cost": 2792450.18, "Plan Rows": 294584, "Plan Width": 19, "Actual Startup Time": 24786.617, "Actual Total Time": 24820.411, "Actual Rows": 311248, "Actual Loops": 1, "Sort Key": ["lineitem.l_orderkey"], "Sort Method": "quicksort", "Sort Space Used": 41468, "Sort Space Type": "Memory", "Plans": [{"Node Type": "Seq Scan", "Parent Relationship": "Outer", "Relation Name": "lineitem", "Alias": "lineitem", "Startup Cost": 33.12, "Total Cost": 2764953.24, "Plan Rows": 294584, "Plan Width": 19, "Actual Startup Time": 0.357, "Actual Total Time": 24659.708, "Actual Rows": 311248, "Actual Loops": 1, "Filter": "((l_shipmode = ANY ('{RAIL,FOB}'::bpchar[])) AND (l_commitdate < l_receiptdate) AND (l_shipdate < l_commitdate) AND (l_receiptdate >= '1997-01-01 00:00:00'::timestamp(0) without time zone) AND (l_receiptdate < '1998-01-01 00:00:00'::timestamp without time zone)), (LLVM Optimized, Jit Execute)", "Rows Removed by Filter": 59674804}]}]}]}]}, "Triggers": [], "Planner Runtime": 0.591, "Total Runtime": 34726.939, "Unique SQL Id": 2036526415}}, "(1, '89')": {"explain_plan": {"Plan": {"Node Type": "Sort", "Startup Cost": 4767238.6, "Total Cost": 4767238.6, "Plan Rows": 1, "Plan Width": 27, "Sort Key": ["lineitem.l_shipmode"], "Plans": [{"Node Type": "Aggregate", "Strategy": "Hashed", "Parent Relationship": "Outer", "Startup Cost": 4767238.58, "Total Cost": 4767238.59, "Plan Rows": 1, "Plan Width": 27, "Group By Key": ["lineitem.l_shipmode"], "Plans": [{"Node Type": "Merge Join", "Parent Relationship": "Outer", "Join Type": "Inner", "Startup Cost": 28.23, "Total Cost": 4762083.36, "Plan Rows": 294584, "Plan Width": 27, "Inner Unique": false, "Merge Cond": "(orders.o_orderkey = lineitem.l_orderkey)", "Plans": [{"Node Type": "Index Scan", "Parent Relationship": "Outer", "Scan Direction": "Forward", "Index Name": "orders_pkey", "Relation Name": "orders", "Alias": "orders", "Startup Cost": 0.0, "Total Cost": 730978.44, "Plan Rows": 14999479, "Plan Width": 24}, {"Node Type": "Index Scan", "Parent Relationship": "Inner", "Scan Direction": "Forward", "Index Name": "idx_lineitem_orderkey", "Relation Name": "lineitem", "Alias": "lineitem", "Startup Cost": 0.0, "Total Cost": 3989991.66, "Plan Rows": 294584, "Plan Width": 19, "Filter": "((l_shipmode = ANY ('{RAIL,FOB}'::bpchar[])) AND (l_commitdate < l_receiptdate) AND (l_shipdate < l_commitdate) AND (l_receiptdate >= '1997-01-01 00:00:00'::timestamp(0) without time zone) AND (l_receiptdate < '1998-01-01 00:00:00'::timestamp without time zone)), (LLVM Optimized)"}]}]}]}, "Unique SQL Id": 2036526415, "Planner Runtime": 0}, "explain_analyze_plan": {"Plan": {"Node Type": "Sort", "Startup Cost": 4767238.6, "Total Cost": 4767238.6, "Plan Rows": 1, "Plan Width": 27, "Actual Startup Time": 55913.772, "Actual Total Time": 55913.772, "Actual Rows": 2, "Actual Loops": 1, "Sort Key": ["lineitem.l_shipmode"], "Sort Method": "quicksort", "Sort Space Used": 25, "Sort Space Type": "Memory", "Plans": [{"Node Type": "Aggregate", "Strategy": "Hashed", "Parent Relationship": "Outer", "Startup Cost": 4767238.58, "Total Cost": 4767238.59, "Plan Rows": 1, "Plan Width": 27, "Actual Startup Time": 55913.71, "Actual Total Time": 55913.711, "Actual Rows": 2, "Actual Loops": 1, "Group By Key": ["lineitem.l_shipmode"], "Plans": [{"Node Type": "Merge Join", "Parent Relationship": "Outer", "Join Type": "Inner", "Startup Cost": 28.23, "Total Cost": 4762083.36, "Plan Rows": 294584, "Plan Width": 27, "Actual Startup Time": 0.58, "Actual Total Time": 55584.795, "Actual Rows": 311248, "Actual Loops": 1, "Inner Unique": false, "Merge Cond": "(orders.o_orderkey = lineitem.l_orderkey)", "Plans": [{"Node Type": "Index Scan", "Parent Relationship": "Outer", "Scan Direction": "Forward", "Index Name": "orders_pkey", "Relation Name": "orders", "Alias": "orders", "Startup Cost": 0.0, "Total Cost": 730978.44, "Plan Rows": 14999479, "Plan Width": 24, "Actual Startup Time": 0.03, "Actual Total Time": 8483.727, "Actual Rows": 14999914, "Actual Loops": 1}, {"Node Type": "Index Scan", "Parent Relationship": "Inner", "Scan Direction": "Forward", "Index Name": "idx_lineitem_orderkey", "Relation Name": "lineitem", "Alias": "lineitem", "Startup Cost": 0.0, "Total Cost": 3989991.66, "Plan Rows": 294584, "Plan Width": 19, "Actual Startup Time": 0.465, "Actual Total Time": 44676.557, "Actual Rows": 311248, "Actual Loops": 1, "Filter": "((l_shipmode = ANY ('{RAIL,FOB}'::bpchar[])) AND (l_commitdate < l_receiptdate) AND (l_shipdate < l_commitdate) AND (l_receiptdate >= '1997-01-01 00:00:00'::timestamp(0) without time zone) AND (l_receiptdate < '1998-01-01 00:00:00'::timestamp without time zone)), (LLVM Optimized, Jit Execute)", "Rows Removed by Filter": 59674804}]}]}]}, "Triggers": [], "Planner Runtime": 0.615, "Total Runtime": 55924.816, "Unique SQL Id": 2036526415}}, "(1, '90')": {"explain_plan": {"Plan": {"Node Type": "Sort", "Startup Cost": 5090517.46, "Total Cost": 5090517.47, "Plan Rows": 1, "Plan Width": 27, "Sort Key": ["lineitem.l_shipmode"], "Plans": [{"Node Type": "Aggregate", "Strategy": "Hashed", "Parent Relationship": "Outer", "Startup Cost": 5090517.44, "Total Cost": 5090517.45, "Plan Rows": 1, "Plan Width": 27, "Group By Key": ["lineitem.l_shipmode"], "Plans": [{"Node Type": "Merge Join", "Parent Relationship": "Outer", "Join Type": "Inner", "Startup Cost": 5005948.85, "Total Cost": 5085362.22, "Plan Rows": 294584, "Plan Width": 27, "Inner Unique": false, "Merge Cond": "(orders.o_orderkey = lineitem.l_orderkey)", "Plans": [{"Node Type": "Sort", "Parent Relationship": "Outer", "Startup Cost": 2214232.37, "Total Cost": 2251731.07, "Plan Rows": 14999479, "Plan Width": 24, "Sort Key": ["orders.o_orderkey"], "Plans": [{"Node Type": "Seq Scan", "Parent Relationship": "Outer", "Relation Name": "orders", "Alias": "orders", "Startup Cost": 0.0, "Total Cost": 426413.79, "Plan Rows": 14999479, "Plan Width": 24}]}, {"Node Type": "Sort", "Parent Relationship": "Inner", "Startup Cost": 2791713.72, "Total Cost": 2792450.18, "Plan Rows": 294584, "Plan Width": 19, "Sort Key": ["lineitem.l_orderkey"], "Plans": [{"Node Type": "Seq Scan", "Parent Relationship": "Outer", "Relation Name": "lineitem", "Alias": "lineitem", "Startup Cost": 33.12, "Total Cost": 2764953.24, "Plan Rows": 294584, "Plan Width": 19, "Filter": "((l_shipmode = ANY ('{RAIL,FOB}'::bpchar[])) AND (l_commitdate < l_receiptdate) AND (l_shipdate < l_commitdate) AND (l_receiptdate >= '1997-01-01 00:00:00'::timestamp(0) without time zone) AND (l_receiptdate < '1998-01-01 00:00:00'::timestamp without time zone)), (LLVM Optimized)"}]}]}]}]}, "Unique SQL Id": 2036526415, "Planner Runtime": 0}, "explain_analyze_plan": {"Plan": {"Node Type": "Sort", "Startup Cost": 5090517.46, "Total Cost": 5090517.47, "Plan Rows": 1, "Plan Width": 27, "Actual Startup Time": 39636.976, "Actual Total Time": 39636.976, "Actual Rows": 2, "Actual Loops": 1, "Sort Key": ["lineitem.l_shipmode"], "Sort Method": "quicksort", "Sort Space Used": 25, "Sort Space Type": "Memory", "Plans": [{"Node Type": "Aggregate", "Strategy": "Hashed", "Parent Relationship": "Outer", "Startup Cost": 5090517.44, "Total Cost": 5090517.45, "Plan Rows": 1, "Plan Width": 27, "Actual Startup Time": 39636.936, "Actual Total Time": 39636.937, "Actual Rows": 2, "Actual Loops": 1, "Group By Key": ["lineitem.l_shipmode"], "Plans": [{"Node Type": "Merge Join", "Parent Relationship": "Outer", "Join Type": "Inner", "Startup Cost": 5005948.85, "Total Cost": 5085362.22, "Plan Rows": 294584, "Plan Width": 27, "Actual Startup Time": 35591.521, "Actual Total Time": 39397.496, "Actual Rows": 311248, "Actual Loops": 1, "Inner Unique": false, "Merge Cond": "(orders.o_orderkey = lineitem.l_orderkey)", "Plans": [{"Node Type": "Sort", "Parent Relationship": "Outer", "Startup Cost": 2214232.37, "Total Cost": 2251731.07, "Plan Rows": 14999479, "Plan Width": 24, "Actual Startup Time": 10769.978, "Actual Total Time": 12150.607, "Actual Rows": 14999914, "Actual Loops": 1, "Sort Key": ["orders.o_orderkey"], "Sort Method": "quicksort", "Sort Space Used": 1799467, "Sort Space Type": "Memory", "Plans": [{"Node Type": "Seq Scan", "Parent Relationship": "Outer", "Relation Name": "orders", "Alias": "orders", "Startup Cost": 0.0, "Total Cost": 426413.79, "Plan Rows": 14999479, "Plan Width": 24, "Actual Startup Time": 0.02, "Actual Total Time": 4928.11, "Actual Rows": 15000000, "Actual Loops": 1}]}, {"Node Type": "Sort", "Parent Relationship": "Inner", "Startup Cost": 2791713.72, "Total Cost": 2792450.18, "Plan Rows": 294584, "Plan Width": 19, "Actual Startup Time": 24821.491, "Actual Total Time": 24848.908, "Actual Rows": 311248, "Actual Loops": 1, "Sort Key": ["lineitem.l_orderkey"], "Sort Method": "quicksort", "Sort Space Used": 41468, "Sort Space Type": "Memory", "Plans": [{"Node Type": "Seq Scan", "Parent Relationship": "Outer", "Relation Name": "lineitem", "Alias": "lineitem", "Startup Cost": 33.12, "Total Cost": 2764953.24, "Plan Rows": 294584, "Plan Width": 19, "Actual Startup Time": 0.268, "Actual Total Time": 24621.894, "Actual Rows": 311248, "Actual Loops": 1, "Filter": "((l_shipmode = ANY ('{RAIL,FOB}'::bpchar[])) AND (l_commitdate < l_receiptdate) AND (l_shipdate < l_commitdate) AND (l_receiptdate >= '1997-01-01 00:00:00'::timestamp(0) without time zone) AND (l_receiptdate < '1998-01-01 00:00:00'::timestamp without time zone)), (LLVM Optimized, Jit Execute)", "Rows Removed by Filter": 59674804}]}]}]}]}, "Triggers": [], "Planner Runtime": 0.578, "Total Runtime": 39647.929, "Unique SQL Id": 2036526415}}, "(1, '91')": {"explain_plan": {"Plan": {"Node Type": "Sort", "Startup Cost": 2000455333216.63, "Total Cost": 2000455333216.63, "Plan Rows": 1, "Plan Width": 27, "Sort Key": ["lineitem.l_shipmode"], "Plans": [{"Node Type": "Aggregate", "Strategy": "Hashed", "Parent Relationship": "Outer", "Startup Cost": 2000455333216.61, "Total Cost": 2000455333216.62, "Plan Rows": 1, "Plan Width": 27, "Group By Key": ["lineitem.l_shipmode"], "Plans": [{"Node Type": "Merge Join", "Parent Relationship": "Outer", "Join Type": "Inner", "Startup Cost": 20036369949.75, "Total Cost": 2000455328061.39, "Plan Rows": 294584, "Plan Width": 27, "Inner Unique": false, "Merge Cond": "(orders.o_orderkey = lineitem.l_orderkey)", "Plans": [{"Node Type": "Index Scan", "Parent Relationship": "Outer", "Scan Direction": "Forward", "Index Name": "orders_pkey", "Relation Name": "orders", "Alias": "orders", "Startup Cost": 10000000000.0, "Total Cost": 1000073097843.5, "Plan Rows": 14999479, "Plan Width": 24}, {"Node Type": "Index Scan", "Parent Relationship": "Inner", "Scan Direction": "Forward", "Index Name": "idx_lineitem_orderkey", "Relation Name": "lineitem", "Alias": "lineitem", "Startup Cost": 10000000000.0, "Total Cost": 1000398999165.75, "Plan Rows": 294584, "Plan Width": 19, "Filter": "((l_shipmode = ANY ('{RAIL,FOB}'::bpchar[])) AND (l_commitdate < l_receiptdate) AND (l_shipdate < l_commitdate) AND (l_receiptdate >= '1997-01-01 00:00:00'::timestamp(0) without time zone) AND (l_receiptdate < '1998-01-01 00:00:00'::timestamp without time zone)), (LLVM Optimized)"}]}]}]}, "Unique SQL Id": 2036526415, "Planner Runtime": 0}, "explain_analyze_plan": {"Plan": {"Node Type": "Sort", "Startup Cost": 2000455333216.63, "Total Cost": 2000455333216.63, "Plan Rows": 1, "Plan Width": 27, "Actual Startup Time": 54791.142, "Actual Total Time": 54791.143, "Actual Rows": 2, "Actual Loops": 1, "Sort Key": ["lineitem.l_shipmode"], "Sort Method": "quicksort", "Sort Space Used": 25, "Sort Space Type": "Memory", "Plans": [{"Node Type": "Aggregate", "Strategy": "Hashed", "Parent Relationship": "Outer", "Startup Cost": 2000455333216.61, "Total Cost": 2000455333216.62, "Plan Rows": 1, "Plan Width": 27, "Actual Startup Time": 54791.091, "Actual Total Time": 54791.092, "Actual Rows": 2, "Actual Loops": 1, "Group By Key": ["lineitem.l_shipmode"], "Plans": [{"Node Type": "Merge Join", "Parent Relationship": "Outer", "Join Type": "Inner", "Startup Cost": 20036369949.75, "Total Cost": 2000455328061.39, "Plan Rows": 294584, "Plan Width": 27, "Actual Startup Time": 0.583, "Actual Total Time": 54466.802, "Actual Rows": 311248, "Actual Loops": 1, "Inner Unique": false, "Merge Cond": "(orders.o_orderkey = lineitem.l_orderkey)", "Plans": [{"Node Type": "Index Scan", "Parent Relationship": "Outer", "Scan Direction": "Forward", "Index Name": "orders_pkey", "Relation Name": "orders", "Alias": "orders", "Startup Cost": 10000000000.0, "Total Cost": 1000073097843.5, "Plan Rows": 14999479, "Plan Width": 24, "Actual Startup Time": 0.03, "Actual Total Time": 8290.944, "Actual Rows": 14999914, "Actual Loops": 1}, {"Node Type": "Index Scan", "Parent Relationship": "Inner", "Scan Direction": "Forward", "Index Name": "idx_lineitem_orderkey", "Relation Name": "lineitem", "Alias": "lineitem", "Startup Cost": 10000000000.0, "Total Cost": 1000398999165.75, "Plan Rows": 294584, "Plan Width": 19, "Actual Startup Time": 0.463, "Actual Total Time": 43750.26, "Actual Rows": 311248, "Actual Loops": 1, "Filter": "((l_shipmode = ANY ('{RAIL,FOB}'::bpchar[])) AND (l_commitdate < l_receiptdate) AND (l_shipdate < l_commitdate) AND (l_receiptdate >= '1997-01-01 00:00:00'::timestamp(0) without time zone) AND (l_receiptdate < '1998-01-01 00:00:00'::timestamp without time zone)), (LLVM Optimized, Jit Execute)", "Rows Removed by Filter": 59674804}]}]}]}, "Triggers": [], "Planner Runtime": 0.597, "Total Runtime": 54801.949, "Unique SQL Id": 2036526415}}, "(1, '92')": {"explain_plan": {"Plan": {"Node Type": "Sort", "Startup Cost": 3569764.83, "Total Cost": 3569764.84, "Plan Rows": 1, "Plan Width": 27, "Sort Key": ["lineitem.l_shipmode"], "Plans": [{"Node Type": "Aggregate", "Strategy": "Hashed", "Parent Relationship": "Outer", "Startup Cost": 3569764.81, "Total Cost": 3569764.82, "Plan Rows": 1, "Plan Width": 27, "Group By Key": ["lineitem.l_shipmode"], "Plans": [{"Node Type": "Merge Join", "Parent Relationship": "Outer", "Join Type": "Inner", "Startup Cost": 2791741.95, "Total Cost": 3564609.59, "Plan Rows": 294584, "Plan Width": 27, "Inner Unique": false, "Merge Cond": "(orders.o_orderkey = lineitem.l_orderkey)", "Plans": [{"Node Type": "Index Scan", "Parent Relationship": "Outer", "Scan Direction": "Forward", "Index Name": "orders_pkey", "Relation Name": "orders", "Alias": "orders", "Startup Cost": 0.0, "Total Cost": 730978.44, "Plan Rows": 14999479, "Plan Width": 24}, {"Node Type": "Sort", "Parent Relationship": "Inner", "Startup Cost": 2791713.72, "Total Cost": 2792450.18, "Plan Rows": 294584, "Plan Width": 19, "Sort Key": ["lineitem.l_orderkey"], "Plans": [{"Node Type": "Seq Scan", "Parent Relationship": "Outer", "Relation Name": "lineitem", "Alias": "lineitem", "Startup Cost": 33.12, "Total Cost": 2764953.24, "Plan Rows": 294584, "Plan Width": 19, "Filter": "((l_shipmode = ANY ('{RAIL,FOB}'::bpchar[])) AND (l_commitdate < l_receiptdate) AND (l_shipdate < l_commitdate) AND (l_receiptdate >= '1997-01-01 00:00:00'::timestamp(0) without time zone) AND (l_receiptdate < '1998-01-01 00:00:00'::timestamp without time zone)), (LLVM Optimized)"}]}]}]}]}, "Unique SQL Id": 2036526415, "Planner Runtime": 0}, "explain_analyze_plan": {"Plan": {"Node Type": "Sort", "Startup Cost": 3569764.83, "Total Cost": 3569764.84, "Plan Rows": 1, "Plan Width": 27, "Actual Startup Time": 34716.198, "Actual Total Time": 34716.198, "Actual Rows": 2, "Actual Loops": 1, "Sort Key": ["lineitem.l_shipmode"], "Sort Method": "quicksort", "Sort Space Used": 25, "Sort Space Type": "Memory", "Plans": [{"Node Type": "Aggregate", "Strategy": "Hashed", "Parent Relationship": "Outer", "Startup Cost": 3569764.81, "Total Cost": 3569764.82, "Plan Rows": 1, "Plan Width": 27, "Actual Startup Time": 34716.158, "Actual Total Time": 34716.159, "Actual Rows": 2, "Actual Loops": 1, "Group By Key": ["lineitem.l_shipmode"], "Plans": [{"Node Type": "Merge Join", "Parent Relationship": "Outer", "Join Type": "Inner", "Startup Cost": 2791741.95, "Total Cost": 3564609.59, "Plan Rows": 294584, "Plan Width": 27, "Actual Startup Time": 24786.783, "Actual Total Time": 34430.91, "Actual Rows": 311248, "Actual Loops": 1, "Inner Unique": false, "Merge Cond": "(orders.o_orderkey = lineitem.l_orderkey)", "Plans": [{"Node Type": "Index Scan", "Parent Relationship": "Outer", "Scan Direction": "Forward", "Index Name": "orders_pkey", "Relation Name": "orders", "Alias": "orders", "Startup Cost": 0.0, "Total Cost": 730978.44, "Plan Rows": 14999479, "Plan Width": 24, "Actual Startup Time": 0.028, "Actual Total Time": 7342.554, "Actual Rows": 14999914, "Actual Loops": 1}, {"Node Type": "Sort", "Parent Relationship": "Inner", "Startup Cost": 2791713.72, "Total Cost": 2792450.18, "Plan Rows": 294584, "Plan Width": 19, "Actual Startup Time": 24786.617, "Actual Total Time": 24820.411, "Actual Rows": 311248, "Actual Loops": 1, "Sort Key": ["lineitem.l_orderkey"], "Sort Method": "quicksort", "Sort Space Used": 41468, "Sort Space Type": "Memory", "Plans": [{"Node Type": "Seq Scan", "Parent Relationship": "Outer", "Relation Name": "lineitem", "Alias": "lineitem", "Startup Cost": 33.12, "Total Cost": 2764953.24, "Plan Rows": 294584, "Plan Width": 19, "Actual Startup Time": 0.357, "Actual Total Time": 24659.708, "Actual Rows": 311248, "Actual Loops": 1, "Filter": "((l_shipmode = ANY ('{RAIL,FOB}'::bpchar[])) AND (l_commitdate < l_receiptdate) AND (l_shipdate < l_commitdate) AND (l_receiptdate >= '1997-01-01 00:00:00'::timestamp(0) without time zone) AND (l_receiptdate < '1998-01-01 00:00:00'::timestamp without time zone)), (LLVM Optimized, Jit Execute)", "Rows Removed by Filter": 59674804}]}]}]}]}, "Triggers": [], "Planner Runtime": 0.591, "Total Runtime": 34726.939, "Unique SQL Id": 2036526415}}, "(1, '93')": {"explain_plan": {"Plan": {"Node Type": "Sort", "Startup Cost": 4767238.6, "Total Cost": 4767238.6, "Plan Rows": 1, "Plan Width": 27, "Sort Key": ["lineitem.l_shipmode"], "Plans": [{"Node Type": "Aggregate", "Strategy": "Hashed", "Parent Relationship": "Outer", "Startup Cost": 4767238.58, "Total Cost": 4767238.59, "Plan Rows": 1, "Plan Width": 27, "Group By Key": ["lineitem.l_shipmode"], "Plans": [{"Node Type": "Merge Join", "Parent Relationship": "Outer", "Join Type": "Inner", "Startup Cost": 28.23, "Total Cost": 4762083.36, "Plan Rows": 294584, "Plan Width": 27, "Inner Unique": false, "Merge Cond": "(orders.o_orderkey = lineitem.l_orderkey)", "Plans": [{"Node Type": "Index Scan", "Parent Relationship": "Outer", "Scan Direction": "Forward", "Index Name": "orders_pkey", "Relation Name": "orders", "Alias": "orders", "Startup Cost": 0.0, "Total Cost": 730978.44, "Plan Rows": 14999479, "Plan Width": 24}, {"Node Type": "Index Scan", "Parent Relationship": "Inner", "Scan Direction": "Forward", "Index Name": "idx_lineitem_orderkey", "Relation Name": "lineitem", "Alias": "lineitem", "Startup Cost": 0.0, "Total Cost": 3989991.66, "Plan Rows": 294584, "Plan Width": 19, "Filter": "((l_shipmode = ANY ('{RAIL,FOB}'::bpchar[])) AND (l_commitdate < l_receiptdate) AND (l_shipdate < l_commitdate) AND (l_receiptdate >= '1997-01-01 00:00:00'::timestamp(0) without time zone) AND (l_receiptdate < '1998-01-01 00:00:00'::timestamp without time zone)), (LLVM Optimized)"}]}]}]}, "Unique SQL Id": 2036526415, "Planner Runtime": 0}, "explain_analyze_plan": {"Plan": {"Node Type": "Sort", "Startup Cost": 4767238.6, "Total Cost": 4767238.6, "Plan Rows": 1, "Plan Width": 27, "Actual Startup Time": 55913.772, "Actual Total Time": 55913.772, "Actual Rows": 2, "Actual Loops": 1, "Sort Key": ["lineitem.l_shipmode"], "Sort Method": "quicksort", "Sort Space Used": 25, "Sort Space Type": "Memory", "Plans": [{"Node Type": "Aggregate", "Strategy": "Hashed", "Parent Relationship": "Outer", "Startup Cost": 4767238.58, "Total Cost": 4767238.59, "Plan Rows": 1, "Plan Width": 27, "Actual Startup Time": 55913.71, "Actual Total Time": 55913.711, "Actual Rows": 2, "Actual Loops": 1, "Group By Key": ["lineitem.l_shipmode"], "Plans": [{"Node Type": "Merge Join", "Parent Relationship": "Outer", "Join Type": "Inner", "Startup Cost": 28.23, "Total Cost": 4762083.36, "Plan Rows": 294584, "Plan Width": 27, "Actual Startup Time": 0.58, "Actual Total Time": 55584.795, "Actual Rows": 311248, "Actual Loops": 1, "Inner Unique": false, "Merge Cond": "(orders.o_orderkey = lineitem.l_orderkey)", "Plans": [{"Node Type": "Index Scan", "Parent Relationship": "Outer", "Scan Direction": "Forward", "Index Name": "orders_pkey", "Relation Name": "orders", "Alias": "orders", "Startup Cost": 0.0, "Total Cost": 730978.44, "Plan Rows": 14999479, "Plan Width": 24, "Actual Startup Time": 0.03, "Actual Total Time": 8483.727, "Actual Rows": 14999914, "Actual Loops": 1}, {"Node Type": "Index Scan", "Parent Relationship": "Inner", "Scan Direction": "Forward", "Index Name": "idx_lineitem_orderkey", "Relation Name": "lineitem", "Alias": "lineitem", "Startup Cost": 0.0, "Total Cost": 3989991.66, "Plan Rows": 294584, "Plan Width": 19, "Actual Startup Time": 0.465, "Actual Total Time": 44676.557, "Actual Rows": 311248, "Actual Loops": 1, "Filter": "((l_shipmode = ANY ('{RAIL,FOB}'::bpchar[])) AND (l_commitdate < l_receiptdate) AND (l_shipdate < l_commitdate) AND (l_receiptdate >= '1997-01-01 00:00:00'::timestamp(0) without time zone) AND (l_receiptdate < '1998-01-01 00:00:00'::timestamp without time zone)), (LLVM Optimized, Jit Execute)", "Rows Removed by Filter": 59674804}]}]}]}, "Triggers": [], "Planner Runtime": 0.615, "Total Runtime": 55924.816, "Unique SQL Id": 2036526415}}, "(1, '94')": {"explain_plan": {"Plan": {"Node Type": "Sort", "Startup Cost": 5090517.46, "Total Cost": 5090517.47, "Plan Rows": 1, "Plan Width": 27, "Sort Key": ["lineitem.l_shipmode"], "Plans": [{"Node Type": "Aggregate", "Strategy": "Hashed", "Parent Relationship": "Outer", "Startup Cost": 5090517.44, "Total Cost": 5090517.45, "Plan Rows": 1, "Plan Width": 27, "Group By Key": ["lineitem.l_shipmode"], "Plans": [{"Node Type": "Merge Join", "Parent Relationship": "Outer", "Join Type": "Inner", "Startup Cost": 5005948.85, "Total Cost": 5085362.22, "Plan Rows": 294584, "Plan Width": 27, "Inner Unique": false, "Merge Cond": "(orders.o_orderkey = lineitem.l_orderkey)", "Plans": [{"Node Type": "Sort", "Parent Relationship": "Outer", "Startup Cost": 2214232.37, "Total Cost": 2251731.07, "Plan Rows": 14999479, "Plan Width": 24, "Sort Key": ["orders.o_orderkey"], "Plans": [{"Node Type": "Seq Scan", "Parent Relationship": "Outer", "Relation Name": "orders", "Alias": "orders", "Startup Cost": 0.0, "Total Cost": 426413.79, "Plan Rows": 14999479, "Plan Width": 24}]}, {"Node Type": "Sort", "Parent Relationship": "Inner", "Startup Cost": 2791713.72, "Total Cost": 2792450.18, "Plan Rows": 294584, "Plan Width": 19, "Sort Key": ["lineitem.l_orderkey"], "Plans": [{"Node Type": "Seq Scan", "Parent Relationship": "Outer", "Relation Name": "lineitem", "Alias": "lineitem", "Startup Cost": 33.12, "Total Cost": 2764953.24, "Plan Rows": 294584, "Plan Width": 19, "Filter": "((l_shipmode = ANY ('{RAIL,FOB}'::bpchar[])) AND (l_commitdate < l_receiptdate) AND (l_shipdate < l_commitdate) AND (l_receiptdate >= '1997-01-01 00:00:00'::timestamp(0) without time zone) AND (l_receiptdate < '1998-01-01 00:00:00'::timestamp without time zone)), (LLVM Optimized)"}]}]}]}]}, "Unique SQL Id": 2036526415, "Planner Runtime": 0}, "explain_analyze_plan": {"Plan": {"Node Type": "Sort", "Startup Cost": 5090517.46, "Total Cost": 5090517.47, "Plan Rows": 1, "Plan Width": 27, "Actual Startup Time": 39636.976, "Actual Total Time": 39636.976, "Actual Rows": 2, "Actual Loops": 1, "Sort Key": ["lineitem.l_shipmode"], "Sort Method": "quicksort", "Sort Space Used": 25, "Sort Space Type": "Memory", "Plans": [{"Node Type": "Aggregate", "Strategy": "Hashed", "Parent Relationship": "Outer", "Startup Cost": 5090517.44, "Total Cost": 5090517.45, "Plan Rows": 1, "Plan Width": 27, "Actual Startup Time": 39636.936, "Actual Total Time": 39636.937, "Actual Rows": 2, "Actual Loops": 1, "Group By Key": ["lineitem.l_shipmode"], "Plans": [{"Node Type": "Merge Join", "Parent Relationship": "Outer", "Join Type": "Inner", "Startup Cost": 5005948.85, "Total Cost": 5085362.22, "Plan Rows": 294584, "Plan Width": 27, "Actual Startup Time": 35591.521, "Actual Total Time": 39397.496, "Actual Rows": 311248, "Actual Loops": 1, "Inner Unique": false, "Merge Cond": "(orders.o_orderkey = lineitem.l_orderkey)", "Plans": [{"Node Type": "Sort", "Parent Relationship": "Outer", "Startup Cost": 2214232.37, "Total Cost": 2251731.07, "Plan Rows": 14999479, "Plan Width": 24, "Actual Startup Time": 10769.978, "Actual Total Time": 12150.607, "Actual Rows": 14999914, "Actual Loops": 1, "Sort Key": ["orders.o_orderkey"], "Sort Method": "quicksort", "Sort Space Used": 1799467, "Sort Space Type": "Memory", "Plans": [{"Node Type": "Seq Scan", "Parent Relationship": "Outer", "Relation Name": "orders", "Alias": "orders", "Startup Cost": 0.0, "Total Cost": 426413.79, "Plan Rows": 14999479, "Plan Width": 24, "Actual Startup Time": 0.02, "Actual Total Time": 4928.11, "Actual Rows": 15000000, "Actual Loops": 1}]}, {"Node Type": "Sort", "Parent Relationship": "Inner", "Startup Cost": 2791713.72, "Total Cost": 2792450.18, "Plan Rows": 294584, "Plan Width": 19, "Actual Startup Time": 24821.491, "Actual Total Time": 24848.908, "Actual Rows": 311248, "Actual Loops": 1, "Sort Key": ["lineitem.l_orderkey"], "Sort Method": "quicksort", "Sort Space Used": 41468, "Sort Space Type": "Memory", "Plans": [{"Node Type": "Seq Scan", "Parent Relationship": "Outer", "Relation Name": "lineitem", "Alias": "lineitem", "Startup Cost": 33.12, "Total Cost": 2764953.24, "Plan Rows": 294584, "Plan Width": 19, "Actual Startup Time": 0.268, "Actual Total Time": 24621.894, "Actual Rows": 311248, "Actual Loops": 1, "Filter": "((l_shipmode = ANY ('{RAIL,FOB}'::bpchar[])) AND (l_commitdate < l_receiptdate) AND (l_shipdate < l_commitdate) AND (l_receiptdate >= '1997-01-01 00:00:00'::timestamp(0) without time zone) AND (l_receiptdate < '1998-01-01 00:00:00'::timestamp without time zone)), (LLVM Optimized, Jit Execute)", "Rows Removed by Filter": 59674804}]}]}]}]}, "Triggers": [], "Planner Runtime": 0.578, "Total Runtime": 39647.929, "Unique SQL Id": 2036526415}}, "(1, '95')": {"explain_plan": {"Plan": {"Node Type": "Sort", "Startup Cost": 2000455333216.63, "Total Cost": 2000455333216.63, "Plan Rows": 1, "Plan Width": 27, "Sort Key": ["lineitem.l_shipmode"], "Plans": [{"Node Type": "Aggregate", "Strategy": "Hashed", "Parent Relationship": "Outer", "Startup Cost": 2000455333216.61, "Total Cost": 2000455333216.62, "Plan Rows": 1, "Plan Width": 27, "Group By Key": ["lineitem.l_shipmode"], "Plans": [{"Node Type": "Merge Join", "Parent Relationship": "Outer", "Join Type": "Inner", "Startup Cost": 20036369949.75, "Total Cost": 2000455328061.39, "Plan Rows": 294584, "Plan Width": 27, "Inner Unique": false, "Merge Cond": "(orders.o_orderkey = lineitem.l_orderkey)", "Plans": [{"Node Type": "Index Scan", "Parent Relationship": "Outer", "Scan Direction": "Forward", "Index Name": "orders_pkey", "Relation Name": "orders", "Alias": "orders", "Startup Cost": 10000000000.0, "Total Cost": 1000073097843.5, "Plan Rows": 14999479, "Plan Width": 24}, {"Node Type": "Index Scan", "Parent Relationship": "Inner", "Scan Direction": "Forward", "Index Name": "idx_lineitem_orderkey", "Relation Name": "lineitem", "Alias": "lineitem", "Startup Cost": 10000000000.0, "Total Cost": 1000398999165.75, "Plan Rows": 294584, "Plan Width": 19, "Filter": "((l_shipmode = ANY ('{RAIL,FOB}'::bpchar[])) AND (l_commitdate < l_receiptdate) AND (l_shipdate < l_commitdate) AND (l_receiptdate >= '1997-01-01 00:00:00'::timestamp(0) without time zone) AND (l_receiptdate < '1998-01-01 00:00:00'::timestamp without time zone)), (LLVM Optimized)"}]}]}]}, "Unique SQL Id": 2036526415, "Planner Runtime": 0}, "explain_analyze_plan": {"Plan": {"Node Type": "Sort", "Startup Cost": 2000455333216.63, "Total Cost": 2000455333216.63, "Plan Rows": 1, "Plan Width": 27, "Actual Startup Time": 54791.142, "Actual Total Time": 54791.143, "Actual Rows": 2, "Actual Loops": 1, "Sort Key": ["lineitem.l_shipmode"], "Sort Method": "quicksort", "Sort Space Used": 25, "Sort Space Type": "Memory", "Plans": [{"Node Type": "Aggregate", "Strategy": "Hashed", "Parent Relationship": "Outer", "Startup Cost": 2000455333216.61, "Total Cost": 2000455333216.62, "Plan Rows": 1, "Plan Width": 27, "Actual Startup Time": 54791.091, "Actual Total Time": 54791.092, "Actual Rows": 2, "Actual Loops": 1, "Group By Key": ["lineitem.l_shipmode"], "Plans": [{"Node Type": "Merge Join", "Parent Relationship": "Outer", "Join Type": "Inner", "Startup Cost": 20036369949.75, "Total Cost": 2000455328061.39, "Plan Rows": 294584, "Plan Width": 27, "Actual Startup Time": 0.583, "Actual Total Time": 54466.802, "Actual Rows": 311248, "Actual Loops": 1, "Inner Unique": false, "Merge Cond": "(orders.o_orderkey = lineitem.l_orderkey)", "Plans": [{"Node Type": "Index Scan", "Parent Relationship": "Outer", "Scan Direction": "Forward", "Index Name": "orders_pkey", "Relation Name": "orders", "Alias": "orders", "Startup Cost": 10000000000.0, "Total Cost": 1000073097843.5, "Plan Rows": 14999479, "Plan Width": 24, "Actual Startup Time": 0.03, "Actual Total Time": 8290.944, "Actual Rows": 14999914, "Actual Loops": 1}, {"Node Type": "Index Scan", "Parent Relationship": "Inner", "Scan Direction": "Forward", "Index Name": "idx_lineitem_orderkey", "Relation Name": "lineitem", "Alias": "lineitem", "Startup Cost": 10000000000.0, "Total Cost": 1000398999165.75, "Plan Rows": 294584, "Plan Width": 19, "Actual Startup Time": 0.463, "Actual Total Time": 43750.26, "Actual Rows": 311248, "Actual Loops": 1, "Filter": "((l_shipmode = ANY ('{RAIL,FOB}'::bpchar[])) AND (l_commitdate < l_receiptdate) AND (l_shipdate < l_commitdate) AND (l_receiptdate >= '1997-01-01 00:00:00'::timestamp(0) without time zone) AND (l_receiptdate < '1998-01-01 00:00:00'::timestamp without time zone)), (LLVM Optimized, Jit Execute)", "Rows Removed by Filter": 59674804}]}]}]}, "Triggers": [], "Planner Runtime": 0.597, "Total Runtime": 54801.949, "Unique SQL Id": 2036526415}}, "(1, '96')": {"explain_plan": {"Plan": {"Node Type": "Sort", "Startup Cost": 3388066.29, "Total Cost": 3388066.29, "Plan Rows": 1, "Plan Width": 27, "Sort Key": ["lineitem.l_shipmode"], "Plans": [{"Node Type": "Aggregate", "Strategy": "Hashed", "Parent Relationship": "Outer", "Startup Cost": 3388066.27, "Total Cost": 3388066.28, "Plan Rows": 1, "Plan Width": 27, "Group By Key": ["lineitem.l_shipmode"], "Plans": [{"Node Type": "Hash Join", "Parent Relationship": "Outer", "Join Type": "Inner", "Startup Cost": 613940.4, "Total Cost": 3382911.05, "Plan Rows": 294584, "Plan Width": 27, "Inner Unique": true, "Hash Cond": "(lineitem.l_orderkey = orders.o_orderkey), (LLVM Optimized)", "Plans": [{"Node Type": "Seq Scan", "Parent Relationship": "Outer", "Relation Name": "lineitem", "Alias": "lineitem", "Startup Cost": 33.12, "Total Cost": 2764953.24, "Plan Rows": 294584, "Plan Width": 19, "Filter": "((l_shipmode = ANY ('{RAIL,FOB}'::bpchar[])) AND (l_commitdate < l_receiptdate) AND (l_shipdate < l_commitdate) AND (l_receiptdate >= '1997-01-01 00:00:00'::timestamp(0) without time zone) AND (l_receiptdate < '1998-01-01 00:00:00'::timestamp without time zone)), (LLVM Optimized)"}, {"Node Type": "Hash", "Parent Relationship": "Inner", "Startup Cost": 426413.79, "Total Cost": 426413.79, "Plan Rows": 14999479, "Plan Width": 24, "Plans": [{"Node Type": "Seq Scan", "Parent Relationship": "Outer", "Relation Name": "orders", "Alias": "orders", "Startup Cost": 0.0, "Total Cost": 426413.79, "Plan Rows": 14999479, "Plan Width": 24}]}]}]}]}, "Unique SQL Id": 2036526415, "Planner Runtime": 0}, "explain_analyze_plan": {"Plan": {"Node Type": "Sort", "Startup Cost": 3388066.29, "Total Cost": 3388066.29, "Plan Rows": 1, "Plan Width": 27, "Actual Startup Time": 36475.758, "Actual Total Time": 36475.758, "Actual Rows": 2, "Actual Loops": 1, "Sort Key": ["lineitem.l_shipmode"], "Sort Method": "quicksort", "Sort Space Used": 25, "Sort Space Type": "Memory", "Plans": [{"Node Type": "Aggregate", "Strategy": "Hashed", "Parent Relationship": "Outer", "Startup Cost": 3388066.27, "Total Cost": 3388066.28, "Plan Rows": 1, "Plan Width": 27, "Actual Startup Time": 36475.716, "Actual Total Time": 36475.717, "Actual Rows": 2, "Actual Loops": 1, "Group By Key": ["lineitem.l_shipmode"], "Plans": [{"Node Type": "Hash Join", "Parent Relationship": "Outer", "Join Type": "Inner", "Startup Cost": 613940.4, "Total Cost": 3382911.05, "Plan Rows": 294584, "Plan Width": 27, "Actual Startup Time": 11018.489, "Actual Total Time": 36156.406, "Actual Rows": 311248, "Actual Loops": 1, "Inner Unique": true, "Hash Cond": "(lineitem.l_orderkey = orders.o_orderkey), (LLVM Optimized, Jit Execute)", "Plans": [{"Node Type": "Seq Scan", "Parent Relationship": "Outer", "Relation Name": "lineitem", "Alias": "lineitem", "Startup Cost": 33.12, "Total Cost": 2764953.24, "Plan Rows": 294584, "Plan Width": 19, "Actual Startup Time": 0.356, "Actual Total Time": 24778.892, "Actual Rows": 311248, "Actual Loops": 1, "Filter": "((l_shipmode = ANY ('{RAIL,FOB}'::bpchar[])) AND (l_commitdate < l_receiptdate) AND (l_shipdate < l_commitdate) AND (l_receiptdate >= '1997-01-01 00:00:00'::timestamp(0) without time zone) AND (l_receiptdate < '1998-01-01 00:00:00'::timestamp without time zone)), (LLVM Optimized, Jit Execute)", "Rows Removed by Filter": 59674804}, {"Node Type": "Hash", "Parent Relationship": "Inner", "Startup Cost": 426413.79, "Total Cost": 426413.79, "Plan Rows": 14999479, "Plan Width": 24, "Actual Startup Time": 11008.206, "Actual Total Time": 11008.206, "Actual Rows": 15000000, "Actual Loops": 1, "Hash Buckets": 16777216, "Hash Batches": 1, "Original Hash Batches": 1, "Peak Memory Usage": 820313, "Plans": [{"Node Type": "Seq Scan", "Parent Relationship": "Outer", "Relation Name": "orders", "Alias": "orders", "Startup Cost": 0.0, "Total Cost": 426413.79, "Plan Rows": 14999479, "Plan Width": 24, "Actual Startup Time": 0.019, "Actual Total Time": 5315.86, "Actual Rows": 15000000, "Actual Loops": 1}]}]}]}]}, "Triggers": [], "Planner Runtime": 0.622, "Total Runtime": 36486.839, "Unique SQL Id": 2036526415}}, "(1, '97')": {"explain_plan": {"Plan": {"Node Type": "Sort", "Startup Cost": 4917669.35, "Total Cost": 4917669.35, "Plan Rows": 1, "Plan Width": 27, "Sort Key": ["lineitem.l_shipmode"], "Plans": [{"Node Type": "Aggregate", "Strategy": "Hashed", "Parent Relationship": "Outer", "Startup Cost": 4917669.33, "Total Cost": 4917669.34, "Plan Rows": 1, "Plan Width": 27, "Group By Key": ["lineitem.l_shipmode"], "Plans": [{"Node Type": "Hash Join", "Parent Relationship": "Outer", "Join Type": "Inner", "Startup Cost": 918471.92, "Total Cost": 4912514.11, "Plan Rows": 294584, "Plan Width": 27, "Inner Unique": true, "Hash Cond": "(lineitem.l_orderkey = orders.o_orderkey), (LLVM Optimized)", "Plans": [{"Node Type": "Index Scan", "Parent Relationship": "Outer", "Scan Direction": "Forward", "Index Name": "idx_lineitem_orderkey", "Relation Name": "lineitem", "Alias": "lineitem", "Startup Cost": 0.0, "Total Cost": 3989991.66, "Plan Rows": 294584, "Plan Width": 19, "Filter": "((l_shipmode = ANY ('{RAIL,FOB}'::bpchar[])) AND (l_commitdate < l_receiptdate) AND (l_shipdate < l_commitdate) AND (l_receiptdate >= '1997-01-01 00:00:00'::timestamp(0) without time zone) AND (l_receiptdate < '1998-01-01 00:00:00'::timestamp without time zone)), (LLVM Optimized)"}, {"Node Type": "Hash", "Parent Relationship": "Inner", "Startup Cost": 730978.44, "Total Cost": 730978.44, "Plan Rows": 14999479, "Plan Width": 24, "Plans": [{"Node Type": "Index Scan", "Parent Relationship": "Outer", "Scan Direction": "Forward", "Index Name": "orders_pkey", "Relation Name": "orders", "Alias": "orders", "Startup Cost": 0.0, "Total Cost": 730978.44, "Plan Rows": 14999479, "Plan Width": 24}]}]}]}]}, "Unique SQL Id": 2036526415, "Planner Runtime": 0}, "explain_analyze_plan": {"Plan": {"Node Type": "Sort", "Startup Cost": 4917669.35, "Total Cost": 4917669.35, "Plan Rows": 1, "Plan Width": 27, "Actual Startup Time": 65318.402, "Actual Total Time": 65318.402, "Actual Rows": 2, "Actual Loops": 1, "Sort Key": ["lineitem.l_shipmode"], "Sort Method": "quicksort", "Sort Space Used": 25, "Sort Space Type": "Memory", "Plans": [{"Node Type": "Aggregate", "Strategy": "Hashed", "Parent Relationship": "Outer", "Startup Cost": 4917669.33, "Total Cost": 4917669.34, "Plan Rows": 1, "Plan Width": 27, "Actual Startup Time": 65318.359, "Actual Total Time": 65318.361, "Actual Rows": 2, "Actual Loops": 1, "Group By Key": ["lineitem.l_shipmode"], "Plans": [{"Node Type": "Hash Join", "Parent Relationship": "Outer", "Join Type": "Inner", "Startup Cost": 918471.92, "Total Cost": 4912514.11, "Plan Rows": 294584, "Plan Width": 27, "Actual Startup Time": 15420.376, "Actual Total Time": 64981.395, "Actual Rows": 311248, "Actual Loops": 1, "Inner Unique": true, "Hash Cond": "(lineitem.l_orderkey = orders.o_orderkey), (LLVM Optimized, Jit Execute)", "Plans": [{"Node Type": "Index Scan", "Parent Relationship": "Outer", "Scan Direction": "Forward", "Index Name": "idx_lineitem_orderkey", "Relation Name": "lineitem", "Alias": "lineitem", "Startup Cost": 0.0, "Total Cost": 3989991.66, "Plan Rows": 294584, "Plan Width": 19, "Actual Startup Time": 0.497, "Actual Total Time": 49155.507, "Actual Rows": 311248, "Actual Loops": 1, "Filter": "((l_shipmode = ANY ('{RAIL,FOB}'::bpchar[])) AND (l_commitdate < l_receiptdate) AND (l_shipdate < l_commitdate) AND (l_receiptdate >= '1997-01-01 00:00:00'::timestamp(0) without time zone) AND (l_receiptdate < '1998-01-01 00:00:00'::timestamp without time zone)), (LLVM Optimized, Jit Execute)", "Rows Removed by Filter": 59674804}, {"Node Type": "Hash", "Parent Relationship": "Inner", "Startup Cost": 730978.44, "Total Cost": 730978.44, "Plan Rows": 14999479, "Plan Width": 24, "Actual Startup Time": 15410.04, "Actual Total Time": 15410.04, "Actual Rows": 15000000, "Actual Loops": 1, "Hash Buckets": 16777216, "Hash Batches": 1, "Original Hash Batches": 1, "Peak Memory Usage": 820313, "Plans": [{"Node Type": "Index Scan", "Parent Relationship": "Outer", "Scan Direction": "Forward", "Index Name": "orders_pkey", "Relation Name": "orders", "Alias": "orders", "Startup Cost": 0.0, "Total Cost": 730978.44, "Plan Rows": 14999479, "Plan Width": 24, "Actual Startup Time": 0.042, "Actual Total Time": 9253.642, "Actual Rows": 15000000, "Actual Loops": 1}]}]}]}]}, "Triggers": [], "Planner Runtime": 0.416, "Total Runtime": 65329.466, "Unique SQL Id": 2036526415}}, "(1, '98')": {"explain_plan": {"Plan": {"Node Type": "Sort", "Startup Cost": 3388066.29, "Total Cost": 3388066.29, "Plan Rows": 1, "Plan Width": 27, "Sort Key": ["lineitem.l_shipmode"], "Plans": [{"Node Type": "Aggregate", "Strategy": "Hashed", "Parent Relationship": "Outer", "Startup Cost": 3388066.27, "Total Cost": 3388066.28, "Plan Rows": 1, "Plan Width": 27, "Group By Key": ["lineitem.l_shipmode"], "Plans": [{"Node Type": "Hash Join", "Parent Relationship": "Outer", "Join Type": "Inner", "Startup Cost": 613940.4, "Total Cost": 3382911.05, "Plan Rows": 294584, "Plan Width": 27, "Inner Unique": true, "Hash Cond": "(lineitem.l_orderkey = orders.o_orderkey), (LLVM Optimized)", "Plans": [{"Node Type": "Seq Scan", "Parent Relationship": "Outer", "Relation Name": "lineitem", "Alias": "lineitem", "Startup Cost": 33.12, "Total Cost": 2764953.24, "Plan Rows": 294584, "Plan Width": 19, "Filter": "((l_shipmode = ANY ('{RAIL,FOB}'::bpchar[])) AND (l_commitdate < l_receiptdate) AND (l_shipdate < l_commitdate) AND (l_receiptdate >= '1997-01-01 00:00:00'::timestamp(0) without time zone) AND (l_receiptdate < '1998-01-01 00:00:00'::timestamp without time zone)), (LLVM Optimized)"}, {"Node Type": "Hash", "Parent Relationship": "Inner", "Startup Cost": 426413.79, "Total Cost": 426413.79, "Plan Rows": 14999479, "Plan Width": 24, "Plans": [{"Node Type": "Seq Scan", "Parent Relationship": "Outer", "Relation Name": "orders", "Alias": "orders", "Startup Cost": 0.0, "Total Cost": 426413.79, "Plan Rows": 14999479, "Plan Width": 24}]}]}]}]}, "Unique SQL Id": 2036526415, "Planner Runtime": 0}, "explain_analyze_plan": {"Plan": {"Node Type": "Sort", "Startup Cost": 3388066.29, "Total Cost": 3388066.29, "Plan Rows": 1, "Plan Width": 27, "Actual Startup Time": 36475.758, "Actual Total Time": 36475.758, "Actual Rows": 2, "Actual Loops": 1, "Sort Key": ["lineitem.l_shipmode"], "Sort Method": "quicksort", "Sort Space Used": 25, "Sort Space Type": "Memory", "Plans": [{"Node Type": "Aggregate", "Strategy": "Hashed", "Parent Relationship": "Outer", "Startup Cost": 3388066.27, "Total Cost": 3388066.28, "Plan Rows": 1, "Plan Width": 27, "Actual Startup Time": 36475.716, "Actual Total Time": 36475.717, "Actual Rows": 2, "Actual Loops": 1, "Group By Key": ["lineitem.l_shipmode"], "Plans": [{"Node Type": "Hash Join", "Parent Relationship": "Outer", "Join Type": "Inner", "Startup Cost": 613940.4, "Total Cost": 3382911.05, "Plan Rows": 294584, "Plan Width": 27, "Actual Startup Time": 11018.489, "Actual Total Time": 36156.406, "Actual Rows": 311248, "Actual Loops": 1, "Inner Unique": true, "Hash Cond": "(lineitem.l_orderkey = orders.o_orderkey), (LLVM Optimized, Jit Execute)", "Plans": [{"Node Type": "Seq Scan", "Parent Relationship": "Outer", "Relation Name": "lineitem", "Alias": "lineitem", "Startup Cost": 33.12, "Total Cost": 2764953.24, "Plan Rows": 294584, "Plan Width": 19, "Actual Startup Time": 0.356, "Actual Total Time": 24778.892, "Actual Rows": 311248, "Actual Loops": 1, "Filter": "((l_shipmode = ANY ('{RAIL,FOB}'::bpchar[])) AND (l_commitdate < l_receiptdate) AND (l_shipdate < l_commitdate) AND (l_receiptdate >= '1997-01-01 00:00:00'::timestamp(0) without time zone) AND (l_receiptdate < '1998-01-01 00:00:00'::timestamp without time zone)), (LLVM Optimized, Jit Execute)", "Rows Removed by Filter": 59674804}, {"Node Type": "Hash", "Parent Relationship": "Inner", "Startup Cost": 426413.79, "Total Cost": 426413.79, "Plan Rows": 14999479, "Plan Width": 24, "Actual Startup Time": 11008.206, "Actual Total Time": 11008.206, "Actual Rows": 15000000, "Actual Loops": 1, "Hash Buckets": 16777216, "Hash Batches": 1, "Original Hash Batches": 1, "Peak Memory Usage": 820313, "Plans": [{"Node Type": "Seq Scan", "Parent Relationship": "Outer", "Relation Name": "orders", "Alias": "orders", "Startup Cost": 0.0, "Total Cost": 426413.79, "Plan Rows": 14999479, "Plan Width": 24, "Actual Startup Time": 0.019, "Actual Total Time": 5315.86, "Actual Rows": 15000000, "Actual Loops": 1}]}]}]}]}, "Triggers": [], "Planner Runtime": 0.622, "Total Runtime": 36486.839, "Unique SQL Id": 2036526415}}, "(1, '99')": {"explain_plan": {"Plan": {"Node Type": "Sort", "Startup Cost": 1000142316976.76, "Total Cost": 1000142316976.76, "Plan Rows": 1, "Plan Width": 27, "Sort Key": ["lineitem.l_shipmode"], "Plans": [{"Node Type": "Aggregate", "Strategy": "Hashed", "Parent Relationship": "Outer", "Startup Cost": 1000142316976.74, "Total Cost": 1000142316976.75, "Plan Rows": 1, "Plan Width": 27, "Group By Key": ["lineitem.l_shipmode"], "Plans": [{"Node Type": "Nested Loop", "Parent Relationship": "Outer", "Join Type": "Inner", "Startup Cost": 10000000000.38, "Total Cost": 1000142311821.52, "Plan Rows": 294584, "Plan Width": 27, "Inner Unique": false, "Plans": [{"Node Type": "Index Scan", "Parent Relationship": "Outer", "Scan Direction": "Forward", "Index Name": "orders_pkey", "Relation Name": "orders", "Alias": "orders", "Startup Cost": 10000000000.0, "Total Cost": 1000073097843.5, "Plan Rows": 14999479, "Plan Width": 24}, {"Node Type": "Bitmap Heap Scan", "Parent Relationship": "Inner", "Relation Name": "lineitem", "Alias": "lineitem", "Startup Cost": 0.38, "Total Cost": 4.6, "Plan Rows": 1, "Plan Width": 19, "Recheck Cond": "(l_orderkey = orders.o_orderkey)", "Filter": "((l_shipmode = ANY ('{RAIL,FOB}'::bpchar[])) AND (l_commitdate < l_receiptdate) AND (l_shipdate < l_commitdate) AND (l_receiptdate >= '1997-01-01 00:00:00'::timestamp(0) without time zone) AND (l_receiptdate < '1998-01-01 00:00:00'::timestamp without time zone))", "Plans": [{"Node Type": "Bitmap Index Scan", "Parent Relationship": "Outer", "Index Name": "idx_lineitem_orderkey", "Startup Cost": 0.0, "Total Cost": 0.38, "Plan Rows": 9, "Plan Width": 0, "Index Cond": "(l_orderkey = orders.o_orderkey)"}]}]}]}]}, "Unique SQL Id": 2036526415, "Planner Runtime": 0}, "explain_analyze_plan": null}, "(1, '100')": {"explain_plan": {"Plan": {"Node Type": "Sort", "Startup Cost": 3388066.29, "Total Cost": 3388066.29, "Plan Rows": 1, "Plan Width": 27, "Sort Key": ["lineitem.l_shipmode"], "Plans": [{"Node Type": "Aggregate", "Strategy": "Hashed", "Parent Relationship": "Outer", "Startup Cost": 3388066.27, "Total Cost": 3388066.28, "Plan Rows": 1, "Plan Width": 27, "Group By Key": ["lineitem.l_shipmode"], "Plans": [{"Node Type": "Hash Join", "Parent Relationship": "Outer", "Join Type": "Inner", "Startup Cost": 613940.4, "Total Cost": 3382911.05, "Plan Rows": 294584, "Plan Width": 27, "Inner Unique": true, "Hash Cond": "(lineitem.l_orderkey = orders.o_orderkey), (LLVM Optimized)", "Plans": [{"Node Type": "Seq Scan", "Parent Relationship": "Outer", "Relation Name": "lineitem", "Alias": "lineitem", "Startup Cost": 33.12, "Total Cost": 2764953.24, "Plan Rows": 294584, "Plan Width": 19, "Filter": "((l_shipmode = ANY ('{RAIL,FOB}'::bpchar[])) AND (l_commitdate < l_receiptdate) AND (l_shipdate < l_commitdate) AND (l_receiptdate >= '1997-01-01 00:00:00'::timestamp(0) without time zone) AND (l_receiptdate < '1998-01-01 00:00:00'::timestamp without time zone)), (LLVM Optimized)"}, {"Node Type": "Hash", "Parent Relationship": "Inner", "Startup Cost": 426413.79, "Total Cost": 426413.79, "Plan Rows": 14999479, "Plan Width": 24, "Plans": [{"Node Type": "Seq Scan", "Parent Relationship": "Outer", "Relation Name": "orders", "Alias": "orders", "Startup Cost": 0.0, "Total Cost": 426413.79, "Plan Rows": 14999479, "Plan Width": 24}]}]}]}]}, "Unique SQL Id": 2036526415, "Planner Runtime": 0}, "explain_analyze_plan": {"Plan": {"Node Type": "Sort", "Startup Cost": 3388066.29, "Total Cost": 3388066.29, "Plan Rows": 1, "Plan Width": 27, "Actual Startup Time": 36475.758, "Actual Total Time": 36475.758, "Actual Rows": 2, "Actual Loops": 1, "Sort Key": ["lineitem.l_shipmode"], "Sort Method": "quicksort", "Sort Space Used": 25, "Sort Space Type": "Memory", "Plans": [{"Node Type": "Aggregate", "Strategy": "Hashed", "Parent Relationship": "Outer", "Startup Cost": 3388066.27, "Total Cost": 3388066.28, "Plan Rows": 1, "Plan Width": 27, "Actual Startup Time": 36475.716, "Actual Total Time": 36475.717, "Actual Rows": 2, "Actual Loops": 1, "Group By Key": ["lineitem.l_shipmode"], "Plans": [{"Node Type": "Hash Join", "Parent Relationship": "Outer", "Join Type": "Inner", "Startup Cost": 613940.4, "Total Cost": 3382911.05, "Plan Rows": 294584, "Plan Width": 27, "Actual Startup Time": 11018.489, "Actual Total Time": 36156.406, "Actual Rows": 311248, "Actual Loops": 1, "Inner Unique": true, "Hash Cond": "(lineitem.l_orderkey = orders.o_orderkey), (LLVM Optimized, Jit Execute)", "Plans": [{"Node Type": "Seq Scan", "Parent Relationship": "Outer", "Relation Name": "lineitem", "Alias": "lineitem", "Startup Cost": 33.12, "Total Cost": 2764953.24, "Plan Rows": 294584, "Plan Width": 19, "Actual Startup Time": 0.356, "Actual Total Time": 24778.892, "Actual Rows": 311248, "Actual Loops": 1, "Filter": "((l_shipmode = ANY ('{RAIL,FOB}'::bpchar[])) AND (l_commitdate < l_receiptdate) AND (l_shipdate < l_commitdate) AND (l_receiptdate >= '1997-01-01 00:00:00'::timestamp(0) without time zone) AND (l_receiptdate < '1998-01-01 00:00:00'::timestamp without time zone)), (LLVM Optimized, Jit Execute)", "Rows Removed by Filter": 59674804}, {"Node Type": "Hash", "Parent Relationship": "Inner", "Startup Cost": 426413.79, "Total Cost": 426413.79, "Plan Rows": 14999479, "Plan Width": 24, "Actual Startup Time": 11008.206, "Actual Total Time": 11008.206, "Actual Rows": 15000000, "Actual Loops": 1, "Hash Buckets": 16777216, "Hash Batches": 1, "Original Hash Batches": 1, "Peak Memory Usage": 820313, "Plans": [{"Node Type": "Seq Scan", "Parent Relationship": "Outer", "Relation Name": "orders", "Alias": "orders", "Startup Cost": 0.0, "Total Cost": 426413.79, "Plan Rows": 14999479, "Plan Width": 24, "Actual Startup Time": 0.019, "Actual Total Time": 5315.86, "Actual Rows": 15000000, "Actual Loops": 1}]}]}]}]}, "Triggers": [], "Planner Runtime": 0.622, "Total Runtime": 36486.839, "Unique SQL Id": 2036526415}}, "(1, '101')": {"explain_plan": {"Plan": {"Node Type": "Sort", "Startup Cost": 4917669.35, "Total Cost": 4917669.35, "Plan Rows": 1, "Plan Width": 27, "Sort Key": ["lineitem.l_shipmode"], "Plans": [{"Node Type": "Aggregate", "Strategy": "Hashed", "Parent Relationship": "Outer", "Startup Cost": 4917669.33, "Total Cost": 4917669.34, "Plan Rows": 1, "Plan Width": 27, "Group By Key": ["lineitem.l_shipmode"], "Plans": [{"Node Type": "Hash Join", "Parent Relationship": "Outer", "Join Type": "Inner", "Startup Cost": 918471.92, "Total Cost": 4912514.11, "Plan Rows": 294584, "Plan Width": 27, "Inner Unique": true, "Hash Cond": "(lineitem.l_orderkey = orders.o_orderkey), (LLVM Optimized)", "Plans": [{"Node Type": "Index Scan", "Parent Relationship": "Outer", "Scan Direction": "Forward", "Index Name": "idx_lineitem_orderkey", "Relation Name": "lineitem", "Alias": "lineitem", "Startup Cost": 0.0, "Total Cost": 3989991.66, "Plan Rows": 294584, "Plan Width": 19, "Filter": "((l_shipmode = ANY ('{RAIL,FOB}'::bpchar[])) AND (l_commitdate < l_receiptdate) AND (l_shipdate < l_commitdate) AND (l_receiptdate >= '1997-01-01 00:00:00'::timestamp(0) without time zone) AND (l_receiptdate < '1998-01-01 00:00:00'::timestamp without time zone)), (LLVM Optimized)"}, {"Node Type": "Hash", "Parent Relationship": "Inner", "Startup Cost": 730978.44, "Total Cost": 730978.44, "Plan Rows": 14999479, "Plan Width": 24, "Plans": [{"Node Type": "Index Scan", "Parent Relationship": "Outer", "Scan Direction": "Forward", "Index Name": "orders_pkey", "Relation Name": "orders", "Alias": "orders", "Startup Cost": 0.0, "Total Cost": 730978.44, "Plan Rows": 14999479, "Plan Width": 24}]}]}]}]}, "Unique SQL Id": 2036526415, "Planner Runtime": 0}, "explain_analyze_plan": {"Plan": {"Node Type": "Sort", "Startup Cost": 4917669.35, "Total Cost": 4917669.35, "Plan Rows": 1, "Plan Width": 27, "Actual Startup Time": 65318.402, "Actual Total Time": 65318.402, "Actual Rows": 2, "Actual Loops": 1, "Sort Key": ["lineitem.l_shipmode"], "Sort Method": "quicksort", "Sort Space Used": 25, "Sort Space Type": "Memory", "Plans": [{"Node Type": "Aggregate", "Strategy": "Hashed", "Parent Relationship": "Outer", "Startup Cost": 4917669.33, "Total Cost": 4917669.34, "Plan Rows": 1, "Plan Width": 27, "Actual Startup Time": 65318.359, "Actual Total Time": 65318.361, "Actual Rows": 2, "Actual Loops": 1, "Group By Key": ["lineitem.l_shipmode"], "Plans": [{"Node Type": "Hash Join", "Parent Relationship": "Outer", "Join Type": "Inner", "Startup Cost": 918471.92, "Total Cost": 4912514.11, "Plan Rows": 294584, "Plan Width": 27, "Actual Startup Time": 15420.376, "Actual Total Time": 64981.395, "Actual Rows": 311248, "Actual Loops": 1, "Inner Unique": true, "Hash Cond": "(lineitem.l_orderkey = orders.o_orderkey), (LLVM Optimized, Jit Execute)", "Plans": [{"Node Type": "Index Scan", "Parent Relationship": "Outer", "Scan Direction": "Forward", "Index Name": "idx_lineitem_orderkey", "Relation Name": "lineitem", "Alias": "lineitem", "Startup Cost": 0.0, "Total Cost": 3989991.66, "Plan Rows": 294584, "Plan Width": 19, "Actual Startup Time": 0.497, "Actual Total Time": 49155.507, "Actual Rows": 311248, "Actual Loops": 1, "Filter": "((l_shipmode = ANY ('{RAIL,FOB}'::bpchar[])) AND (l_commitdate < l_receiptdate) AND (l_shipdate < l_commitdate) AND (l_receiptdate >= '1997-01-01 00:00:00'::timestamp(0) without time zone) AND (l_receiptdate < '1998-01-01 00:00:00'::timestamp without time zone)), (LLVM Optimized, Jit Execute)", "Rows Removed by Filter": 59674804}, {"Node Type": "Hash", "Parent Relationship": "Inner", "Startup Cost": 730978.44, "Total Cost": 730978.44, "Plan Rows": 14999479, "Plan Width": 24, "Actual Startup Time": 15410.04, "Actual Total Time": 15410.04, "Actual Rows": 15000000, "Actual Loops": 1, "Hash Buckets": 16777216, "Hash Batches": 1, "Original Hash Batches": 1, "Peak Memory Usage": 820313, "Plans": [{"Node Type": "Index Scan", "Parent Relationship": "Outer", "Scan Direction": "Forward", "Index Name": "orders_pkey", "Relation Name": "orders", "Alias": "orders", "Startup Cost": 0.0, "Total Cost": 730978.44, "Plan Rows": 14999479, "Plan Width": 24, "Actual Startup Time": 0.042, "Actual Total Time": 9253.642, "Actual Rows": 15000000, "Actual Loops": 1}]}]}]}]}, "Triggers": [], "Planner Runtime": 0.416, "Total Runtime": 65329.466, "Unique SQL Id": 2036526415}}, "(1, '102')": {"explain_plan": {"Plan": {"Node Type": "Sort", "Startup Cost": 3388066.29, "Total Cost": 3388066.29, "Plan Rows": 1, "Plan Width": 27, "Sort Key": ["lineitem.l_shipmode"], "Plans": [{"Node Type": "Aggregate", "Strategy": "Hashed", "Parent Relationship": "Outer", "Startup Cost": 3388066.27, "Total Cost": 3388066.28, "Plan Rows": 1, "Plan Width": 27, "Group By Key": ["lineitem.l_shipmode"], "Plans": [{"Node Type": "Hash Join", "Parent Relationship": "Outer", "Join Type": "Inner", "Startup Cost": 613940.4, "Total Cost": 3382911.05, "Plan Rows": 294584, "Plan Width": 27, "Inner Unique": true, "Hash Cond": "(lineitem.l_orderkey = orders.o_orderkey), (LLVM Optimized)", "Plans": [{"Node Type": "Seq Scan", "Parent Relationship": "Outer", "Relation Name": "lineitem", "Alias": "lineitem", "Startup Cost": 33.12, "Total Cost": 2764953.24, "Plan Rows": 294584, "Plan Width": 19, "Filter": "((l_shipmode = ANY ('{RAIL,FOB}'::bpchar[])) AND (l_commitdate < l_receiptdate) AND (l_shipdate < l_commitdate) AND (l_receiptdate >= '1997-01-01 00:00:00'::timestamp(0) without time zone) AND (l_receiptdate < '1998-01-01 00:00:00'::timestamp without time zone)), (LLVM Optimized)"}, {"Node Type": "Hash", "Parent Relationship": "Inner", "Startup Cost": 426413.79, "Total Cost": 426413.79, "Plan Rows": 14999479, "Plan Width": 24, "Plans": [{"Node Type": "Seq Scan", "Parent Relationship": "Outer", "Relation Name": "orders", "Alias": "orders", "Startup Cost": 0.0, "Total Cost": 426413.79, "Plan Rows": 14999479, "Plan Width": 24}]}]}]}]}, "Unique SQL Id": 2036526415, "Planner Runtime": 0}, "explain_analyze_plan": {"Plan": {"Node Type": "Sort", "Startup Cost": 3388066.29, "Total Cost": 3388066.29, "Plan Rows": 1, "Plan Width": 27, "Actual Startup Time": 36475.758, "Actual Total Time": 36475.758, "Actual Rows": 2, "Actual Loops": 1, "Sort Key": ["lineitem.l_shipmode"], "Sort Method": "quicksort", "Sort Space Used": 25, "Sort Space Type": "Memory", "Plans": [{"Node Type": "Aggregate", "Strategy": "Hashed", "Parent Relationship": "Outer", "Startup Cost": 3388066.27, "Total Cost": 3388066.28, "Plan Rows": 1, "Plan Width": 27, "Actual Startup Time": 36475.716, "Actual Total Time": 36475.717, "Actual Rows": 2, "Actual Loops": 1, "Group By Key": ["lineitem.l_shipmode"], "Plans": [{"Node Type": "Hash Join", "Parent Relationship": "Outer", "Join Type": "Inner", "Startup Cost": 613940.4, "Total Cost": 3382911.05, "Plan Rows": 294584, "Plan Width": 27, "Actual Startup Time": 11018.489, "Actual Total Time": 36156.406, "Actual Rows": 311248, "Actual Loops": 1, "Inner Unique": true, "Hash Cond": "(lineitem.l_orderkey = orders.o_orderkey), (LLVM Optimized, Jit Execute)", "Plans": [{"Node Type": "Seq Scan", "Parent Relationship": "Outer", "Relation Name": "lineitem", "Alias": "lineitem", "Startup Cost": 33.12, "Total Cost": 2764953.24, "Plan Rows": 294584, "Plan Width": 19, "Actual Startup Time": 0.356, "Actual Total Time": 24778.892, "Actual Rows": 311248, "Actual Loops": 1, "Filter": "((l_shipmode = ANY ('{RAIL,FOB}'::bpchar[])) AND (l_commitdate < l_receiptdate) AND (l_shipdate < l_commitdate) AND (l_receiptdate >= '1997-01-01 00:00:00'::timestamp(0) without time zone) AND (l_receiptdate < '1998-01-01 00:00:00'::timestamp without time zone)), (LLVM Optimized, Jit Execute)", "Rows Removed by Filter": 59674804}, {"Node Type": "Hash", "Parent Relationship": "Inner", "Startup Cost": 426413.79, "Total Cost": 426413.79, "Plan Rows": 14999479, "Plan Width": 24, "Actual Startup Time": 11008.206, "Actual Total Time": 11008.206, "Actual Rows": 15000000, "Actual Loops": 1, "Hash Buckets": 16777216, "Hash Batches": 1, "Original Hash Batches": 1, "Peak Memory Usage": 820313, "Plans": [{"Node Type": "Seq Scan", "Parent Relationship": "Outer", "Relation Name": "orders", "Alias": "orders", "Startup Cost": 0.0, "Total Cost": 426413.79, "Plan Rows": 14999479, "Plan Width": 24, "Actual Startup Time": 0.019, "Actual Total Time": 5315.86, "Actual Rows": 15000000, "Actual Loops": 1}]}]}]}]}, "Triggers": [], "Planner Runtime": 0.622, "Total Runtime": 36486.839, "Unique SQL Id": 2036526415}}, "(1, '103')": {"explain_plan": {"Plan": {"Node Type": "Sort", "Startup Cost": 1000142316976.76, "Total Cost": 1000142316976.76, "Plan Rows": 1, "Plan Width": 27, "Sort Key": ["lineitem.l_shipmode"], "Plans": [{"Node Type": "Aggregate", "Strategy": "Hashed", "Parent Relationship": "Outer", "Startup Cost": 1000142316976.74, "Total Cost": 1000142316976.75, "Plan Rows": 1, "Plan Width": 27, "Group By Key": ["lineitem.l_shipmode"], "Plans": [{"Node Type": "Nested Loop", "Parent Relationship": "Outer", "Join Type": "Inner", "Startup Cost": 10000000000.38, "Total Cost": 1000142311821.52, "Plan Rows": 294584, "Plan Width": 27, "Inner Unique": false, "Plans": [{"Node Type": "Index Scan", "Parent Relationship": "Outer", "Scan Direction": "Forward", "Index Name": "orders_pkey", "Relation Name": "orders", "Alias": "orders", "Startup Cost": 10000000000.0, "Total Cost": 1000073097843.5, "Plan Rows": 14999479, "Plan Width": 24}, {"Node Type": "Bitmap Heap Scan", "Parent Relationship": "Inner", "Relation Name": "lineitem", "Alias": "lineitem", "Startup Cost": 0.38, "Total Cost": 4.6, "Plan Rows": 1, "Plan Width": 19, "Recheck Cond": "(l_orderkey = orders.o_orderkey)", "Filter": "((l_shipmode = ANY ('{RAIL,FOB}'::bpchar[])) AND (l_commitdate < l_receiptdate) AND (l_shipdate < l_commitdate) AND (l_receiptdate >= '1997-01-01 00:00:00'::timestamp(0) without time zone) AND (l_receiptdate < '1998-01-01 00:00:00'::timestamp without time zone))", "Plans": [{"Node Type": "Bitmap Index Scan", "Parent Relationship": "Outer", "Index Name": "idx_lineitem_orderkey", "Startup Cost": 0.0, "Total Cost": 0.38, "Plan Rows": 9, "Plan Width": 0, "Index Cond": "(l_orderkey = orders.o_orderkey)"}]}]}]}]}, "Unique SQL Id": 2036526415, "Planner Runtime": 0}, "explain_analyze_plan": null}, "(1, '104')": {"explain_plan": {"Plan": {"Node Type": "Sort", "Startup Cost": 3388066.29, "Total Cost": 3388066.29, "Plan Rows": 1, "Plan Width": 27, "Sort Key": ["lineitem.l_shipmode"], "Plans": [{"Node Type": "Aggregate", "Strategy": "Hashed", "Parent Relationship": "Outer", "Startup Cost": 3388066.27, "Total Cost": 3388066.28, "Plan Rows": 1, "Plan Width": 27, "Group By Key": ["lineitem.l_shipmode"], "Plans": [{"Node Type": "Hash Join", "Parent Relationship": "Outer", "Join Type": "Inner", "Startup Cost": 613940.4, "Total Cost": 3382911.05, "Plan Rows": 294584, "Plan Width": 27, "Inner Unique": true, "Hash Cond": "(lineitem.l_orderkey = orders.o_orderkey), (LLVM Optimized)", "Plans": [{"Node Type": "Seq Scan", "Parent Relationship": "Outer", "Relation Name": "lineitem", "Alias": "lineitem", "Startup Cost": 33.12, "Total Cost": 2764953.24, "Plan Rows": 294584, "Plan Width": 19, "Filter": "((l_shipmode = ANY ('{RAIL,FOB}'::bpchar[])) AND (l_commitdate < l_receiptdate) AND (l_shipdate < l_commitdate) AND (l_receiptdate >= '1997-01-01 00:00:00'::timestamp(0) without time zone) AND (l_receiptdate < '1998-01-01 00:00:00'::timestamp without time zone)), (LLVM Optimized)"}, {"Node Type": "Hash", "Parent Relationship": "Inner", "Startup Cost": 426413.79, "Total Cost": 426413.79, "Plan Rows": 14999479, "Plan Width": 24, "Plans": [{"Node Type": "Seq Scan", "Parent Relationship": "Outer", "Relation Name": "orders", "Alias": "orders", "Startup Cost": 0.0, "Total Cost": 426413.79, "Plan Rows": 14999479, "Plan Width": 24}]}]}]}]}, "Unique SQL Id": 2036526415, "Planner Runtime": 0}, "explain_analyze_plan": {"Plan": {"Node Type": "Sort", "Startup Cost": 3388066.29, "Total Cost": 3388066.29, "Plan Rows": 1, "Plan Width": 27, "Actual Startup Time": 36475.758, "Actual Total Time": 36475.758, "Actual Rows": 2, "Actual Loops": 1, "Sort Key": ["lineitem.l_shipmode"], "Sort Method": "quicksort", "Sort Space Used": 25, "Sort Space Type": "Memory", "Plans": [{"Node Type": "Aggregate", "Strategy": "Hashed", "Parent Relationship": "Outer", "Startup Cost": 3388066.27, "Total Cost": 3388066.28, "Plan Rows": 1, "Plan Width": 27, "Actual Startup Time": 36475.716, "Actual Total Time": 36475.717, "Actual Rows": 2, "Actual Loops": 1, "Group By Key": ["lineitem.l_shipmode"], "Plans": [{"Node Type": "Hash Join", "Parent Relationship": "Outer", "Join Type": "Inner", "Startup Cost": 613940.4, "Total Cost": 3382911.05, "Plan Rows": 294584, "Plan Width": 27, "Actual Startup Time": 11018.489, "Actual Total Time": 36156.406, "Actual Rows": 311248, "Actual Loops": 1, "Inner Unique": true, "Hash Cond": "(lineitem.l_orderkey = orders.o_orderkey), (LLVM Optimized, Jit Execute)", "Plans": [{"Node Type": "Seq Scan", "Parent Relationship": "Outer", "Relation Name": "lineitem", "Alias": "lineitem", "Startup Cost": 33.12, "Total Cost": 2764953.24, "Plan Rows": 294584, "Plan Width": 19, "Actual Startup Time": 0.356, "Actual Total Time": 24778.892, "Actual Rows": 311248, "Actual Loops": 1, "Filter": "((l_shipmode = ANY ('{RAIL,FOB}'::bpchar[])) AND (l_commitdate < l_receiptdate) AND (l_shipdate < l_commitdate) AND (l_receiptdate >= '1997-01-01 00:00:00'::timestamp(0) without time zone) AND (l_receiptdate < '1998-01-01 00:00:00'::timestamp without time zone)), (LLVM Optimized, Jit Execute)", "Rows Removed by Filter": 59674804}, {"Node Type": "Hash", "Parent Relationship": "Inner", "Startup Cost": 426413.79, "Total Cost": 426413.79, "Plan Rows": 14999479, "Plan Width": 24, "Actual Startup Time": 11008.206, "Actual Total Time": 11008.206, "Actual Rows": 15000000, "Actual Loops": 1, "Hash Buckets": 16777216, "Hash Batches": 1, "Original Hash Batches": 1, "Peak Memory Usage": 820313, "Plans": [{"Node Type": "Seq Scan", "Parent Relationship": "Outer", "Relation Name": "orders", "Alias": "orders", "Startup Cost": 0.0, "Total Cost": 426413.79, "Plan Rows": 14999479, "Plan Width": 24, "Actual Startup Time": 0.019, "Actual Total Time": 5315.86, "Actual Rows": 15000000, "Actual Loops": 1}]}]}]}]}, "Triggers": [], "Planner Runtime": 0.622, "Total Runtime": 36486.839, "Unique SQL Id": 2036526415}}, "(1, '105')": {"explain_plan": {"Plan": {"Node Type": "Sort", "Startup Cost": 4917669.35, "Total Cost": 4917669.35, "Plan Rows": 1, "Plan Width": 27, "Sort Key": ["lineitem.l_shipmode"], "Plans": [{"Node Type": "Aggregate", "Strategy": "Hashed", "Parent Relationship": "Outer", "Startup Cost": 4917669.33, "Total Cost": 4917669.34, "Plan Rows": 1, "Plan Width": 27, "Group By Key": ["lineitem.l_shipmode"], "Plans": [{"Node Type": "Hash Join", "Parent Relationship": "Outer", "Join Type": "Inner", "Startup Cost": 918471.92, "Total Cost": 4912514.11, "Plan Rows": 294584, "Plan Width": 27, "Inner Unique": true, "Hash Cond": "(lineitem.l_orderkey = orders.o_orderkey), (LLVM Optimized)", "Plans": [{"Node Type": "Index Scan", "Parent Relationship": "Outer", "Scan Direction": "Forward", "Index Name": "idx_lineitem_orderkey", "Relation Name": "lineitem", "Alias": "lineitem", "Startup Cost": 0.0, "Total Cost": 3989991.66, "Plan Rows": 294584, "Plan Width": 19, "Filter": "((l_shipmode = ANY ('{RAIL,FOB}'::bpchar[])) AND (l_commitdate < l_receiptdate) AND (l_shipdate < l_commitdate) AND (l_receiptdate >= '1997-01-01 00:00:00'::timestamp(0) without time zone) AND (l_receiptdate < '1998-01-01 00:00:00'::timestamp without time zone)), (LLVM Optimized)"}, {"Node Type": "Hash", "Parent Relationship": "Inner", "Startup Cost": 730978.44, "Total Cost": 730978.44, "Plan Rows": 14999479, "Plan Width": 24, "Plans": [{"Node Type": "Index Scan", "Parent Relationship": "Outer", "Scan Direction": "Forward", "Index Name": "orders_pkey", "Relation Name": "orders", "Alias": "orders", "Startup Cost": 0.0, "Total Cost": 730978.44, "Plan Rows": 14999479, "Plan Width": 24}]}]}]}]}, "Unique SQL Id": 2036526415, "Planner Runtime": 0}, "explain_analyze_plan": {"Plan": {"Node Type": "Sort", "Startup Cost": 4917669.35, "Total Cost": 4917669.35, "Plan Rows": 1, "Plan Width": 27, "Actual Startup Time": 65318.402, "Actual Total Time": 65318.402, "Actual Rows": 2, "Actual Loops": 1, "Sort Key": ["lineitem.l_shipmode"], "Sort Method": "quicksort", "Sort Space Used": 25, "Sort Space Type": "Memory", "Plans": [{"Node Type": "Aggregate", "Strategy": "Hashed", "Parent Relationship": "Outer", "Startup Cost": 4917669.33, "Total Cost": 4917669.34, "Plan Rows": 1, "Plan Width": 27, "Actual Startup Time": 65318.359, "Actual Total Time": 65318.361, "Actual Rows": 2, "Actual Loops": 1, "Group By Key": ["lineitem.l_shipmode"], "Plans": [{"Node Type": "Hash Join", "Parent Relationship": "Outer", "Join Type": "Inner", "Startup Cost": 918471.92, "Total Cost": 4912514.11, "Plan Rows": 294584, "Plan Width": 27, "Actual Startup Time": 15420.376, "Actual Total Time": 64981.395, "Actual Rows": 311248, "Actual Loops": 1, "Inner Unique": true, "Hash Cond": "(lineitem.l_orderkey = orders.o_orderkey), (LLVM Optimized, Jit Execute)", "Plans": [{"Node Type": "Index Scan", "Parent Relationship": "Outer", "Scan Direction": "Forward", "Index Name": "idx_lineitem_orderkey", "Relation Name": "lineitem", "Alias": "lineitem", "Startup Cost": 0.0, "Total Cost": 3989991.66, "Plan Rows": 294584, "Plan Width": 19, "Actual Startup Time": 0.497, "Actual Total Time": 49155.507, "Actual Rows": 311248, "Actual Loops": 1, "Filter": "((l_shipmode = ANY ('{RAIL,FOB}'::bpchar[])) AND (l_commitdate < l_receiptdate) AND (l_shipdate < l_commitdate) AND (l_receiptdate >= '1997-01-01 00:00:00'::timestamp(0) without time zone) AND (l_receiptdate < '1998-01-01 00:00:00'::timestamp without time zone)), (LLVM Optimized, Jit Execute)", "Rows Removed by Filter": 59674804}, {"Node Type": "Hash", "Parent Relationship": "Inner", "Startup Cost": 730978.44, "Total Cost": 730978.44, "Plan Rows": 14999479, "Plan Width": 24, "Actual Startup Time": 15410.04, "Actual Total Time": 15410.04, "Actual Rows": 15000000, "Actual Loops": 1, "Hash Buckets": 16777216, "Hash Batches": 1, "Original Hash Batches": 1, "Peak Memory Usage": 820313, "Plans": [{"Node Type": "Index Scan", "Parent Relationship": "Outer", "Scan Direction": "Forward", "Index Name": "orders_pkey", "Relation Name": "orders", "Alias": "orders", "Startup Cost": 0.0, "Total Cost": 730978.44, "Plan Rows": 14999479, "Plan Width": 24, "Actual Startup Time": 0.042, "Actual Total Time": 9253.642, "Actual Rows": 15000000, "Actual Loops": 1}]}]}]}]}, "Triggers": [], "Planner Runtime": 0.416, "Total Runtime": 65329.466, "Unique SQL Id": 2036526415}}, "(1, '106')": {"explain_plan": {"Plan": {"Node Type": "Sort", "Startup Cost": 3388066.29, "Total Cost": 3388066.29, "Plan Rows": 1, "Plan Width": 27, "Sort Key": ["lineitem.l_shipmode"], "Plans": [{"Node Type": "Aggregate", "Strategy": "Hashed", "Parent Relationship": "Outer", "Startup Cost": 3388066.27, "Total Cost": 3388066.28, "Plan Rows": 1, "Plan Width": 27, "Group By Key": ["lineitem.l_shipmode"], "Plans": [{"Node Type": "Hash Join", "Parent Relationship": "Outer", "Join Type": "Inner", "Startup Cost": 613940.4, "Total Cost": 3382911.05, "Plan Rows": 294584, "Plan Width": 27, "Inner Unique": true, "Hash Cond": "(lineitem.l_orderkey = orders.o_orderkey), (LLVM Optimized)", "Plans": [{"Node Type": "Seq Scan", "Parent Relationship": "Outer", "Relation Name": "lineitem", "Alias": "lineitem", "Startup Cost": 33.12, "Total Cost": 2764953.24, "Plan Rows": 294584, "Plan Width": 19, "Filter": "((l_shipmode = ANY ('{RAIL,FOB}'::bpchar[])) AND (l_commitdate < l_receiptdate) AND (l_shipdate < l_commitdate) AND (l_receiptdate >= '1997-01-01 00:00:00'::timestamp(0) without time zone) AND (l_receiptdate < '1998-01-01 00:00:00'::timestamp without time zone)), (LLVM Optimized)"}, {"Node Type": "Hash", "Parent Relationship": "Inner", "Startup Cost": 426413.79, "Total Cost": 426413.79, "Plan Rows": 14999479, "Plan Width": 24, "Plans": [{"Node Type": "Seq Scan", "Parent Relationship": "Outer", "Relation Name": "orders", "Alias": "orders", "Startup Cost": 0.0, "Total Cost": 426413.79, "Plan Rows": 14999479, "Plan Width": 24}]}]}]}]}, "Unique SQL Id": 2036526415, "Planner Runtime": 0}, "explain_analyze_plan": {"Plan": {"Node Type": "Sort", "Startup Cost": 3388066.29, "Total Cost": 3388066.29, "Plan Rows": 1, "Plan Width": 27, "Actual Startup Time": 36475.758, "Actual Total Time": 36475.758, "Actual Rows": 2, "Actual Loops": 1, "Sort Key": ["lineitem.l_shipmode"], "Sort Method": "quicksort", "Sort Space Used": 25, "Sort Space Type": "Memory", "Plans": [{"Node Type": "Aggregate", "Strategy": "Hashed", "Parent Relationship": "Outer", "Startup Cost": 3388066.27, "Total Cost": 3388066.28, "Plan Rows": 1, "Plan Width": 27, "Actual Startup Time": 36475.716, "Actual Total Time": 36475.717, "Actual Rows": 2, "Actual Loops": 1, "Group By Key": ["lineitem.l_shipmode"], "Plans": [{"Node Type": "Hash Join", "Parent Relationship": "Outer", "Join Type": "Inner", "Startup Cost": 613940.4, "Total Cost": 3382911.05, "Plan Rows": 294584, "Plan Width": 27, "Actual Startup Time": 11018.489, "Actual Total Time": 36156.406, "Actual Rows": 311248, "Actual Loops": 1, "Inner Unique": true, "Hash Cond": "(lineitem.l_orderkey = orders.o_orderkey), (LLVM Optimized, Jit Execute)", "Plans": [{"Node Type": "Seq Scan", "Parent Relationship": "Outer", "Relation Name": "lineitem", "Alias": "lineitem", "Startup Cost": 33.12, "Total Cost": 2764953.24, "Plan Rows": 294584, "Plan Width": 19, "Actual Startup Time": 0.356, "Actual Total Time": 24778.892, "Actual Rows": 311248, "Actual Loops": 1, "Filter": "((l_shipmode = ANY ('{RAIL,FOB}'::bpchar[])) AND (l_commitdate < l_receiptdate) AND (l_shipdate < l_commitdate) AND (l_receiptdate >= '1997-01-01 00:00:00'::timestamp(0) without time zone) AND (l_receiptdate < '1998-01-01 00:00:00'::timestamp without time zone)), (LLVM Optimized, Jit Execute)", "Rows Removed by Filter": 59674804}, {"Node Type": "Hash", "Parent Relationship": "Inner", "Startup Cost": 426413.79, "Total Cost": 426413.79, "Plan Rows": 14999479, "Plan Width": 24, "Actual Startup Time": 11008.206, "Actual Total Time": 11008.206, "Actual Rows": 15000000, "Actual Loops": 1, "Hash Buckets": 16777216, "Hash Batches": 1, "Original Hash Batches": 1, "Peak Memory Usage": 820313, "Plans": [{"Node Type": "Seq Scan", "Parent Relationship": "Outer", "Relation Name": "orders", "Alias": "orders", "Startup Cost": 0.0, "Total Cost": 426413.79, "Plan Rows": 14999479, "Plan Width": 24, "Actual Startup Time": 0.019, "Actual Total Time": 5315.86, "Actual Rows": 15000000, "Actual Loops": 1}]}]}]}]}, "Triggers": [], "Planner Runtime": 0.622, "Total Runtime": 36486.839, "Unique SQL Id": 2036526415}}, "(1, '107')": {"explain_plan": {"Plan": {"Node Type": "Sort", "Startup Cost": 2000472293708.51, "Total Cost": 2000472293708.51, "Plan Rows": 1, "Plan Width": 27, "Sort Key": ["lineitem.l_shipmode"], "Plans": [{"Node Type": "Aggregate", "Strategy": "Hashed", "Parent Relationship": "Outer", "Startup Cost": 2000472293708.49, "Total Cost": 2000472293708.5, "Plan Rows": 1, "Plan Width": 27, "Group By Key": ["lineitem.l_shipmode"], "Plans": [{"Node Type": "Hash Join", "Parent Relationship": "Outer", "Join Type": "Inner", "Startup Cost": 1010073285336.99, "Total Cost": 2000472288553.27, "Plan Rows": 294584, "Plan Width": 27, "Inner Unique": true, "Hash Cond": "(lineitem.l_orderkey = orders.o_orderkey), (LLVM Optimized)", "Plans": [{"Node Type": "Index Scan", "Parent Relationship": "Outer", "Scan Direction": "Forward", "Index Name": "idx_lineitem_orderkey", "Relation Name": "lineitem", "Alias": "lineitem", "Startup Cost": 10000000000.0, "Total Cost": 1000398999165.75, "Plan Rows": 294584, "Plan Width": 19, "Filter": "((l_shipmode = ANY ('{RAIL,FOB}'::bpchar[])) AND (l_commitdate < l_receiptdate) AND (l_shipdate < l_commitdate) AND (l_receiptdate >= '1997-01-01 00:00:00'::timestamp(0) without time zone) AND (l_receiptdate < '1998-01-01 00:00:00'::timestamp without time zone)), (LLVM Optimized)"}, {"Node Type": "Hash", "Parent Relationship": "Inner", "Startup Cost": 1000073097843.5, "Total Cost": 1000073097843.5, "Plan Rows": 14999479, "Plan Width": 24, "Plans": [{"Node Type": "Index Scan", "Parent Relationship": "Outer", "Scan Direction": "Forward", "Index Name": "orders_pkey", "Relation Name": "orders", "Alias": "orders", "Startup Cost": 10000000000.0, "Total Cost": 1000073097843.5, "Plan Rows": 14999479, "Plan Width": 24}]}]}]}]}, "Unique SQL Id": 2036526415, "Planner Runtime": 0}, "explain_analyze_plan": {"Plan": {"Node Type": "Sort", "Startup Cost": 2000472293708.51, "Total Cost": 2000472293708.51, "Plan Rows": 1, "Plan Width": 27, "Actual Startup Time": 64116.748, "Actual Total Time": 64116.749, "Actual Rows": 2, "Actual Loops": 1, "Sort Key": ["lineitem.l_shipmode"], "Sort Method": "quicksort", "Sort Space Used": 25, "Sort Space Type": "Memory", "Plans": [{"Node Type": "Aggregate", "Strategy": "Hashed", "Parent Relationship": "Outer", "Startup Cost": 2000472293708.49, "Total Cost": 2000472293708.5, "Plan Rows": 1, "Plan Width": 27, "Actual Startup Time": 64116.716, "Actual Total Time": 64116.717, "Actual Rows": 2, "Actual Loops": 1, "Group By Key": ["lineitem.l_shipmode"], "Plans": [{"Node Type": "Hash Join", "Parent Relationship": "Outer", "Join Type": "Inner", "Startup Cost": 1010073285336.99, "Total Cost": 2000472288553.27, "Plan Rows": 294584, "Plan Width": 27, "Actual Startup Time": 16398.191, "Actual Total Time": 63770.241, "Actual Rows": 311248, "Actual Loops": 1, "Inner Unique": true, "Hash Cond": "(lineitem.l_orderkey = orders.o_orderkey), (LLVM Optimized, Jit Execute)", "Plans": [{"Node Type": "Index Scan", "Parent Relationship": "Outer", "Scan Direction": "Forward", "Index Name": "idx_lineitem_orderkey", "Relation Name": "lineitem", "Alias": "lineitem", "Startup Cost": 10000000000.0, "Total Cost": 1000398999165.75, "Plan Rows": 294584, "Plan Width": 19, "Actual Startup Time": 0.519, "Actual Total Time": 46939.177, "Actual Rows": 311248, "Actual Loops": 1, "Filter": "((l_shipmode = ANY ('{RAIL,FOB}'::bpchar[])) AND (l_commitdate < l_receiptdate) AND (l_shipdate < l_commitdate) AND (l_receiptdate >= '1997-01-01 00:00:00'::timestamp(0) without time zone) AND (l_receiptdate < '1998-01-01 00:00:00'::timestamp without time zone)), (LLVM Optimized, Jit Execute)", "Rows Removed by Filter": 59674804}, {"Node Type": "Hash", "Parent Relationship": "Inner", "Startup Cost": 1000073097843.5, "Total Cost": 1000073097843.5, "Plan Rows": 14999479, "Plan Width": 24, "Actual Startup Time": 16387.736, "Actual Total Time": 16387.736, "Actual Rows": 15000000, "Actual Loops": 1, "Hash Buckets": 16777216, "Hash Batches": 1, "Original Hash Batches": 1, "Peak Memory Usage": 820313, "Plans": [{"Node Type": "Index Scan", "Parent Relationship": "Outer", "Scan Direction": "Forward", "Index Name": "orders_pkey", "Relation Name": "orders", "Alias": "orders", "Startup Cost": 10000000000.0, "Total Cost": 1000073097843.5, "Plan Rows": 14999479, "Plan Width": 24, "Actual Startup Time": 0.04, "Actual Total Time": 9770.973, "Actual Rows": 15000000, "Actual Loops": 1}]}]}]}]}, "Triggers": [], "Planner Runtime": 0.417, "Total Runtime": 64127.838, "Unique SQL Id": 2036526415}}, "(1, '108')": {"explain_plan": {"Plan": {"Node Type": "Sort", "Startup Cost": 3388066.29, "Total Cost": 3388066.29, "Plan Rows": 1, "Plan Width": 27, "Sort Key": ["lineitem.l_shipmode"], "Plans": [{"Node Type": "Aggregate", "Strategy": "Hashed", "Parent Relationship": "Outer", "Startup Cost": 3388066.27, "Total Cost": 3388066.28, "Plan Rows": 1, "Plan Width": 27, "Group By Key": ["lineitem.l_shipmode"], "Plans": [{"Node Type": "Hash Join", "Parent Relationship": "Outer", "Join Type": "Inner", "Startup Cost": 613940.4, "Total Cost": 3382911.05, "Plan Rows": 294584, "Plan Width": 27, "Inner Unique": true, "Hash Cond": "(lineitem.l_orderkey = orders.o_orderkey), (LLVM Optimized)", "Plans": [{"Node Type": "Seq Scan", "Parent Relationship": "Outer", "Relation Name": "lineitem", "Alias": "lineitem", "Startup Cost": 33.12, "Total Cost": 2764953.24, "Plan Rows": 294584, "Plan Width": 19, "Filter": "((l_shipmode = ANY ('{RAIL,FOB}'::bpchar[])) AND (l_commitdate < l_receiptdate) AND (l_shipdate < l_commitdate) AND (l_receiptdate >= '1997-01-01 00:00:00'::timestamp(0) without time zone) AND (l_receiptdate < '1998-01-01 00:00:00'::timestamp without time zone)), (LLVM Optimized)"}, {"Node Type": "Hash", "Parent Relationship": "Inner", "Startup Cost": 426413.79, "Total Cost": 426413.79, "Plan Rows": 14999479, "Plan Width": 24, "Plans": [{"Node Type": "Seq Scan", "Parent Relationship": "Outer", "Relation Name": "orders", "Alias": "orders", "Startup Cost": 0.0, "Total Cost": 426413.79, "Plan Rows": 14999479, "Plan Width": 24}]}]}]}]}, "Unique SQL Id": 2036526415, "Planner Runtime": 0}, "explain_analyze_plan": {"Plan": {"Node Type": "Sort", "Startup Cost": 3388066.29, "Total Cost": 3388066.29, "Plan Rows": 1, "Plan Width": 27, "Actual Startup Time": 36475.758, "Actual Total Time": 36475.758, "Actual Rows": 2, "Actual Loops": 1, "Sort Key": ["lineitem.l_shipmode"], "Sort Method": "quicksort", "Sort Space Used": 25, "Sort Space Type": "Memory", "Plans": [{"Node Type": "Aggregate", "Strategy": "Hashed", "Parent Relationship": "Outer", "Startup Cost": 3388066.27, "Total Cost": 3388066.28, "Plan Rows": 1, "Plan Width": 27, "Actual Startup Time": 36475.716, "Actual Total Time": 36475.717, "Actual Rows": 2, "Actual Loops": 1, "Group By Key": ["lineitem.l_shipmode"], "Plans": [{"Node Type": "Hash Join", "Parent Relationship": "Outer", "Join Type": "Inner", "Startup Cost": 613940.4, "Total Cost": 3382911.05, "Plan Rows": 294584, "Plan Width": 27, "Actual Startup Time": 11018.489, "Actual Total Time": 36156.406, "Actual Rows": 311248, "Actual Loops": 1, "Inner Unique": true, "Hash Cond": "(lineitem.l_orderkey = orders.o_orderkey), (LLVM Optimized, Jit Execute)", "Plans": [{"Node Type": "Seq Scan", "Parent Relationship": "Outer", "Relation Name": "lineitem", "Alias": "lineitem", "Startup Cost": 33.12, "Total Cost": 2764953.24, "Plan Rows": 294584, "Plan Width": 19, "Actual Startup Time": 0.356, "Actual Total Time": 24778.892, "Actual Rows": 311248, "Actual Loops": 1, "Filter": "((l_shipmode = ANY ('{RAIL,FOB}'::bpchar[])) AND (l_commitdate < l_receiptdate) AND (l_shipdate < l_commitdate) AND (l_receiptdate >= '1997-01-01 00:00:00'::timestamp(0) without time zone) AND (l_receiptdate < '1998-01-01 00:00:00'::timestamp without time zone)), (LLVM Optimized, Jit Execute)", "Rows Removed by Filter": 59674804}, {"Node Type": "Hash", "Parent Relationship": "Inner", "Startup Cost": 426413.79, "Total Cost": 426413.79, "Plan Rows": 14999479, "Plan Width": 24, "Actual Startup Time": 11008.206, "Actual Total Time": 11008.206, "Actual Rows": 15000000, "Actual Loops": 1, "Hash Buckets": 16777216, "Hash Batches": 1, "Original Hash Batches": 1, "Peak Memory Usage": 820313, "Plans": [{"Node Type": "Seq Scan", "Parent Relationship": "Outer", "Relation Name": "orders", "Alias": "orders", "Startup Cost": 0.0, "Total Cost": 426413.79, "Plan Rows": 14999479, "Plan Width": 24, "Actual Startup Time": 0.019, "Actual Total Time": 5315.86, "Actual Rows": 15000000, "Actual Loops": 1}]}]}]}]}, "Triggers": [], "Planner Runtime": 0.622, "Total Runtime": 36486.839, "Unique SQL Id": 2036526415}}, "(1, '109')": {"explain_plan": {"Plan": {"Node Type": "Sort", "Startup Cost": 4917669.35, "Total Cost": 4917669.35, "Plan Rows": 1, "Plan Width": 27, "Sort Key": ["lineitem.l_shipmode"], "Plans": [{"Node Type": "Aggregate", "Strategy": "Hashed", "Parent Relationship": "Outer", "Startup Cost": 4917669.33, "Total Cost": 4917669.34, "Plan Rows": 1, "Plan Width": 27, "Group By Key": ["lineitem.l_shipmode"], "Plans": [{"Node Type": "Hash Join", "Parent Relationship": "Outer", "Join Type": "Inner", "Startup Cost": 918471.92, "Total Cost": 4912514.11, "Plan Rows": 294584, "Plan Width": 27, "Inner Unique": true, "Hash Cond": "(lineitem.l_orderkey = orders.o_orderkey), (LLVM Optimized)", "Plans": [{"Node Type": "Index Scan", "Parent Relationship": "Outer", "Scan Direction": "Forward", "Index Name": "idx_lineitem_orderkey", "Relation Name": "lineitem", "Alias": "lineitem", "Startup Cost": 0.0, "Total Cost": 3989991.66, "Plan Rows": 294584, "Plan Width": 19, "Filter": "((l_shipmode = ANY ('{RAIL,FOB}'::bpchar[])) AND (l_commitdate < l_receiptdate) AND (l_shipdate < l_commitdate) AND (l_receiptdate >= '1997-01-01 00:00:00'::timestamp(0) without time zone) AND (l_receiptdate < '1998-01-01 00:00:00'::timestamp without time zone)), (LLVM Optimized)"}, {"Node Type": "Hash", "Parent Relationship": "Inner", "Startup Cost": 730978.44, "Total Cost": 730978.44, "Plan Rows": 14999479, "Plan Width": 24, "Plans": [{"Node Type": "Index Scan", "Parent Relationship": "Outer", "Scan Direction": "Forward", "Index Name": "orders_pkey", "Relation Name": "orders", "Alias": "orders", "Startup Cost": 0.0, "Total Cost": 730978.44, "Plan Rows": 14999479, "Plan Width": 24}]}]}]}]}, "Unique SQL Id": 2036526415, "Planner Runtime": 0}, "explain_analyze_plan": {"Plan": {"Node Type": "Sort", "Startup Cost": 4917669.35, "Total Cost": 4917669.35, "Plan Rows": 1, "Plan Width": 27, "Actual Startup Time": 65318.402, "Actual Total Time": 65318.402, "Actual Rows": 2, "Actual Loops": 1, "Sort Key": ["lineitem.l_shipmode"], "Sort Method": "quicksort", "Sort Space Used": 25, "Sort Space Type": "Memory", "Plans": [{"Node Type": "Aggregate", "Strategy": "Hashed", "Parent Relationship": "Outer", "Startup Cost": 4917669.33, "Total Cost": 4917669.34, "Plan Rows": 1, "Plan Width": 27, "Actual Startup Time": 65318.359, "Actual Total Time": 65318.361, "Actual Rows": 2, "Actual Loops": 1, "Group By Key": ["lineitem.l_shipmode"], "Plans": [{"Node Type": "Hash Join", "Parent Relationship": "Outer", "Join Type": "Inner", "Startup Cost": 918471.92, "Total Cost": 4912514.11, "Plan Rows": 294584, "Plan Width": 27, "Actual Startup Time": 15420.376, "Actual Total Time": 64981.395, "Actual Rows": 311248, "Actual Loops": 1, "Inner Unique": true, "Hash Cond": "(lineitem.l_orderkey = orders.o_orderkey), (LLVM Optimized, Jit Execute)", "Plans": [{"Node Type": "Index Scan", "Parent Relationship": "Outer", "Scan Direction": "Forward", "Index Name": "idx_lineitem_orderkey", "Relation Name": "lineitem", "Alias": "lineitem", "Startup Cost": 0.0, "Total Cost": 3989991.66, "Plan Rows": 294584, "Plan Width": 19, "Actual Startup Time": 0.497, "Actual Total Time": 49155.507, "Actual Rows": 311248, "Actual Loops": 1, "Filter": "((l_shipmode = ANY ('{RAIL,FOB}'::bpchar[])) AND (l_commitdate < l_receiptdate) AND (l_shipdate < l_commitdate) AND (l_receiptdate >= '1997-01-01 00:00:00'::timestamp(0) without time zone) AND (l_receiptdate < '1998-01-01 00:00:00'::timestamp without time zone)), (LLVM Optimized, Jit Execute)", "Rows Removed by Filter": 59674804}, {"Node Type": "Hash", "Parent Relationship": "Inner", "Startup Cost": 730978.44, "Total Cost": 730978.44, "Plan Rows": 14999479, "Plan Width": 24, "Actual Startup Time": 15410.04, "Actual Total Time": 15410.04, "Actual Rows": 15000000, "Actual Loops": 1, "Hash Buckets": 16777216, "Hash Batches": 1, "Original Hash Batches": 1, "Peak Memory Usage": 820313, "Plans": [{"Node Type": "Index Scan", "Parent Relationship": "Outer", "Scan Direction": "Forward", "Index Name": "orders_pkey", "Relation Name": "orders", "Alias": "orders", "Startup Cost": 0.0, "Total Cost": 730978.44, "Plan Rows": 14999479, "Plan Width": 24, "Actual Startup Time": 0.042, "Actual Total Time": 9253.642, "Actual Rows": 15000000, "Actual Loops": 1}]}]}]}]}, "Triggers": [], "Planner Runtime": 0.416, "Total Runtime": 65329.466, "Unique SQL Id": 2036526415}}, "(1, '110')": {"explain_plan": {"Plan": {"Node Type": "Sort", "Startup Cost": 3388066.29, "Total Cost": 3388066.29, "Plan Rows": 1, "Plan Width": 27, "Sort Key": ["lineitem.l_shipmode"], "Plans": [{"Node Type": "Aggregate", "Strategy": "Hashed", "Parent Relationship": "Outer", "Startup Cost": 3388066.27, "Total Cost": 3388066.28, "Plan Rows": 1, "Plan Width": 27, "Group By Key": ["lineitem.l_shipmode"], "Plans": [{"Node Type": "Hash Join", "Parent Relationship": "Outer", "Join Type": "Inner", "Startup Cost": 613940.4, "Total Cost": 3382911.05, "Plan Rows": 294584, "Plan Width": 27, "Inner Unique": true, "Hash Cond": "(lineitem.l_orderkey = orders.o_orderkey), (LLVM Optimized)", "Plans": [{"Node Type": "Seq Scan", "Parent Relationship": "Outer", "Relation Name": "lineitem", "Alias": "lineitem", "Startup Cost": 33.12, "Total Cost": 2764953.24, "Plan Rows": 294584, "Plan Width": 19, "Filter": "((l_shipmode = ANY ('{RAIL,FOB}'::bpchar[])) AND (l_commitdate < l_receiptdate) AND (l_shipdate < l_commitdate) AND (l_receiptdate >= '1997-01-01 00:00:00'::timestamp(0) without time zone) AND (l_receiptdate < '1998-01-01 00:00:00'::timestamp without time zone)), (LLVM Optimized)"}, {"Node Type": "Hash", "Parent Relationship": "Inner", "Startup Cost": 426413.79, "Total Cost": 426413.79, "Plan Rows": 14999479, "Plan Width": 24, "Plans": [{"Node Type": "Seq Scan", "Parent Relationship": "Outer", "Relation Name": "orders", "Alias": "orders", "Startup Cost": 0.0, "Total Cost": 426413.79, "Plan Rows": 14999479, "Plan Width": 24}]}]}]}]}, "Unique SQL Id": 2036526415, "Planner Runtime": 0}, "explain_analyze_plan": {"Plan": {"Node Type": "Sort", "Startup Cost": 3388066.29, "Total Cost": 3388066.29, "Plan Rows": 1, "Plan Width": 27, "Actual Startup Time": 36475.758, "Actual Total Time": 36475.758, "Actual Rows": 2, "Actual Loops": 1, "Sort Key": ["lineitem.l_shipmode"], "Sort Method": "quicksort", "Sort Space Used": 25, "Sort Space Type": "Memory", "Plans": [{"Node Type": "Aggregate", "Strategy": "Hashed", "Parent Relationship": "Outer", "Startup Cost": 3388066.27, "Total Cost": 3388066.28, "Plan Rows": 1, "Plan Width": 27, "Actual Startup Time": 36475.716, "Actual Total Time": 36475.717, "Actual Rows": 2, "Actual Loops": 1, "Group By Key": ["lineitem.l_shipmode"], "Plans": [{"Node Type": "Hash Join", "Parent Relationship": "Outer", "Join Type": "Inner", "Startup Cost": 613940.4, "Total Cost": 3382911.05, "Plan Rows": 294584, "Plan Width": 27, "Actual Startup Time": 11018.489, "Actual Total Time": 36156.406, "Actual Rows": 311248, "Actual Loops": 1, "Inner Unique": true, "Hash Cond": "(lineitem.l_orderkey = orders.o_orderkey), (LLVM Optimized, Jit Execute)", "Plans": [{"Node Type": "Seq Scan", "Parent Relationship": "Outer", "Relation Name": "lineitem", "Alias": "lineitem", "Startup Cost": 33.12, "Total Cost": 2764953.24, "Plan Rows": 294584, "Plan Width": 19, "Actual Startup Time": 0.356, "Actual Total Time": 24778.892, "Actual Rows": 311248, "Actual Loops": 1, "Filter": "((l_shipmode = ANY ('{RAIL,FOB}'::bpchar[])) AND (l_commitdate < l_receiptdate) AND (l_shipdate < l_commitdate) AND (l_receiptdate >= '1997-01-01 00:00:00'::timestamp(0) without time zone) AND (l_receiptdate < '1998-01-01 00:00:00'::timestamp without time zone)), (LLVM Optimized, Jit Execute)", "Rows Removed by Filter": 59674804}, {"Node Type": "Hash", "Parent Relationship": "Inner", "Startup Cost": 426413.79, "Total Cost": 426413.79, "Plan Rows": 14999479, "Plan Width": 24, "Actual Startup Time": 11008.206, "Actual Total Time": 11008.206, "Actual Rows": 15000000, "Actual Loops": 1, "Hash Buckets": 16777216, "Hash Batches": 1, "Original Hash Batches": 1, "Peak Memory Usage": 820313, "Plans": [{"Node Type": "Seq Scan", "Parent Relationship": "Outer", "Relation Name": "orders", "Alias": "orders", "Startup Cost": 0.0, "Total Cost": 426413.79, "Plan Rows": 14999479, "Plan Width": 24, "Actual Startup Time": 0.019, "Actual Total Time": 5315.86, "Actual Rows": 15000000, "Actual Loops": 1}]}]}]}]}, "Triggers": [], "Planner Runtime": 0.622, "Total Runtime": 36486.839, "Unique SQL Id": 2036526415}}, "(1, '111')": {"explain_plan": {"Plan": {"Node Type": "Sort", "Startup Cost": 2000472293708.51, "Total Cost": 2000472293708.51, "Plan Rows": 1, "Plan Width": 27, "Sort Key": ["lineitem.l_shipmode"], "Plans": [{"Node Type": "Aggregate", "Strategy": "Hashed", "Parent Relationship": "Outer", "Startup Cost": 2000472293708.49, "Total Cost": 2000472293708.5, "Plan Rows": 1, "Plan Width": 27, "Group By Key": ["lineitem.l_shipmode"], "Plans": [{"Node Type": "Hash Join", "Parent Relationship": "Outer", "Join Type": "Inner", "Startup Cost": 1010073285336.99, "Total Cost": 2000472288553.27, "Plan Rows": 294584, "Plan Width": 27, "Inner Unique": true, "Hash Cond": "(lineitem.l_orderkey = orders.o_orderkey), (LLVM Optimized)", "Plans": [{"Node Type": "Index Scan", "Parent Relationship": "Outer", "Scan Direction": "Forward", "Index Name": "idx_lineitem_orderkey", "Relation Name": "lineitem", "Alias": "lineitem", "Startup Cost": 10000000000.0, "Total Cost": 1000398999165.75, "Plan Rows": 294584, "Plan Width": 19, "Filter": "((l_shipmode = ANY ('{RAIL,FOB}'::bpchar[])) AND (l_commitdate < l_receiptdate) AND (l_shipdate < l_commitdate) AND (l_receiptdate >= '1997-01-01 00:00:00'::timestamp(0) without time zone) AND (l_receiptdate < '1998-01-01 00:00:00'::timestamp without time zone)), (LLVM Optimized)"}, {"Node Type": "Hash", "Parent Relationship": "Inner", "Startup Cost": 1000073097843.5, "Total Cost": 1000073097843.5, "Plan Rows": 14999479, "Plan Width": 24, "Plans": [{"Node Type": "Index Scan", "Parent Relationship": "Outer", "Scan Direction": "Forward", "Index Name": "orders_pkey", "Relation Name": "orders", "Alias": "orders", "Startup Cost": 10000000000.0, "Total Cost": 1000073097843.5, "Plan Rows": 14999479, "Plan Width": 24}]}]}]}]}, "Unique SQL Id": 2036526415, "Planner Runtime": 0}, "explain_analyze_plan": {"Plan": {"Node Type": "Sort", "Startup Cost": 2000472293708.51, "Total Cost": 2000472293708.51, "Plan Rows": 1, "Plan Width": 27, "Actual Startup Time": 64116.748, "Actual Total Time": 64116.749, "Actual Rows": 2, "Actual Loops": 1, "Sort Key": ["lineitem.l_shipmode"], "Sort Method": "quicksort", "Sort Space Used": 25, "Sort Space Type": "Memory", "Plans": [{"Node Type": "Aggregate", "Strategy": "Hashed", "Parent Relationship": "Outer", "Startup Cost": 2000472293708.49, "Total Cost": 2000472293708.5, "Plan Rows": 1, "Plan Width": 27, "Actual Startup Time": 64116.716, "Actual Total Time": 64116.717, "Actual Rows": 2, "Actual Loops": 1, "Group By Key": ["lineitem.l_shipmode"], "Plans": [{"Node Type": "Hash Join", "Parent Relationship": "Outer", "Join Type": "Inner", "Startup Cost": 1010073285336.99, "Total Cost": 2000472288553.27, "Plan Rows": 294584, "Plan Width": 27, "Actual Startup Time": 16398.191, "Actual Total Time": 63770.241, "Actual Rows": 311248, "Actual Loops": 1, "Inner Unique": true, "Hash Cond": "(lineitem.l_orderkey = orders.o_orderkey), (LLVM Optimized, Jit Execute)", "Plans": [{"Node Type": "Index Scan", "Parent Relationship": "Outer", "Scan Direction": "Forward", "Index Name": "idx_lineitem_orderkey", "Relation Name": "lineitem", "Alias": "lineitem", "Startup Cost": 10000000000.0, "Total Cost": 1000398999165.75, "Plan Rows": 294584, "Plan Width": 19, "Actual Startup Time": 0.519, "Actual Total Time": 46939.177, "Actual Rows": 311248, "Actual Loops": 1, "Filter": "((l_shipmode = ANY ('{RAIL,FOB}'::bpchar[])) AND (l_commitdate < l_receiptdate) AND (l_shipdate < l_commitdate) AND (l_receiptdate >= '1997-01-01 00:00:00'::timestamp(0) without time zone) AND (l_receiptdate < '1998-01-01 00:00:00'::timestamp without time zone)), (LLVM Optimized, Jit Execute)", "Rows Removed by Filter": 59674804}, {"Node Type": "Hash", "Parent Relationship": "Inner", "Startup Cost": 1000073097843.5, "Total Cost": 1000073097843.5, "Plan Rows": 14999479, "Plan Width": 24, "Actual Startup Time": 16387.736, "Actual Total Time": 16387.736, "Actual Rows": 15000000, "Actual Loops": 1, "Hash Buckets": 16777216, "Hash Batches": 1, "Original Hash Batches": 1, "Peak Memory Usage": 820313, "Plans": [{"Node Type": "Index Scan", "Parent Relationship": "Outer", "Scan Direction": "Forward", "Index Name": "orders_pkey", "Relation Name": "orders", "Alias": "orders", "Startup Cost": 10000000000.0, "Total Cost": 1000073097843.5, "Plan Rows": 14999479, "Plan Width": 24, "Actual Startup Time": 0.04, "Actual Total Time": 9770.973, "Actual Rows": 15000000, "Actual Loops": 1}]}]}]}]}, "Triggers": [], "Planner Runtime": 0.417, "Total Runtime": 64127.838, "Unique SQL Id": 2036526415}}, "(1, '112')": {"explain_plan": {"Plan": {"Node Type": "Sort", "Startup Cost": 3850876.0, "Total Cost": 3850876.01, "Plan Rows": 1, "Plan Width": 27, "Sort Key": ["lineitem.l_shipmode"], "Plans": [{"Node Type": "Aggregate", "Strategy": "Hashed", "Parent Relationship": "Outer", "Startup Cost": 3850875.98, "Total Cost": 3850875.99, "Plan Rows": 1, "Plan Width": 27, "Group By Key": ["lineitem.l_shipmode"], "Plans": [{"Node Type": "Nested Loop", "Parent Relationship": "Outer", "Join Type": "Inner", "Startup Cost": 33.12, "Total Cost": 3845720.76, "Plan Rows": 294584, "Plan Width": 27, "Inner Unique": true, "Plans": [{"Node Type": "Seq Scan", "Parent Relationship": "Outer", "Relation Name": "lineitem", "Alias": "lineitem", "Startup Cost": 33.12, "Total Cost": 2764953.24, "Plan Rows": 294584, "Plan Width": 19, "Filter": "((l_shipmode = ANY ('{RAIL,FOB}'::bpchar[])) AND (l_commitdate < l_receiptdate) AND (l_shipdate < l_commitdate) AND (l_receiptdate >= '1997-01-01 00:00:00'::timestamp(0) without time zone) AND (l_receiptdate < '1998-01-01 00:00:00'::timestamp without time zone)), (LLVM Optimized)"}, {"Node Type": "Index Scan", "Parent Relationship": "Inner", "Scan Direction": "Forward", "Index Name": "orders_pkey", "Relation Name": "orders", "Alias": "orders", "Startup Cost": 0.0, "Total Cost": 3.66, "Plan Rows": 1, "Plan Width": 24, "Index Cond": "(o_orderkey = lineitem.l_orderkey)"}]}]}]}, "Unique SQL Id": 2036526415, "Planner Runtime": 0}, "explain_analyze_plan": {"Plan": {"Node Type": "Sort", "Startup Cost": 3850876.0, "Total Cost": 3850876.01, "Plan Rows": 1, "Plan Width": 27, "Actual Startup Time": 26566.022, "Actual Total Time": 26566.023, "Actual Rows": 2, "Actual Loops": 1, "Sort Key": ["lineitem.l_shipmode"], "Sort Method": "quicksort", "Sort Space Used": 25, "Sort Space Type": "Memory", "Plans": [{"Node Type": "Aggregate", "Strategy": "Hashed", "Parent Relationship": "Outer", "Startup Cost": 3850875.98, "Total Cost": 3850875.99, "Plan Rows": 1, "Plan Width": 27, "Actual Startup Time": 26565.969, "Actual Total Time": 26565.971, "Actual Rows": 2, "Actual Loops": 1, "Group By Key": ["lineitem.l_shipmode"], "Plans": [{"Node Type": "Nested Loop", "Parent Relationship": "Outer", "Join Type": "Inner", "Startup Cost": 33.12, "Total Cost": 3845720.76, "Plan Rows": 294584, "Plan Width": 27, "Actual Startup Time": 0.412, "Actual Total Time": 26232.809, "Actual Rows": 311248, "Actual Loops": 1, "Inner Unique": true, "Plans": [{"Node Type": "Seq Scan", "Parent Relationship": "Outer", "Relation Name": "lineitem", "Alias": "lineitem", "Startup Cost": 33.12, "Total Cost": 2764953.24, "Plan Rows": 294584, "Plan Width": 19, "Actual Startup Time": 0.381, "Actual Total Time": 24556.669, "Actual Rows": 311248, "Actual Loops": 1, "Filter": "((l_shipmode = ANY ('{RAIL,FOB}'::bpchar[])) AND (l_commitdate < l_receiptdate) AND (l_shipdate < l_commitdate) AND (l_receiptdate >= '1997-01-01 00:00:00'::timestamp(0) without time zone) AND (l_receiptdate < '1998-01-01 00:00:00'::timestamp without time zone)), (LLVM Optimized, Jit Execute)", "Rows Removed by Filter": 59674804}, {"Node Type": "Index Scan", "Parent Relationship": "Inner", "Scan Direction": "Forward", "Index Name": "orders_pkey", "Relation Name": "orders", "Alias": "orders", "Startup Cost": 0.0, "Total Cost": 3.66, "Plan Rows": 1, "Plan Width": 24, "Actual Startup Time": 1375.452, "Actual Total Time": 1375.452, "Actual Rows": 311248, "Actual Loops": 311248, "Index Cond": "(o_orderkey = lineitem.l_orderkey)", "Rows Removed by Index Recheck": 0}]}]}]}, "Triggers": [], "Planner Runtime": 0.4, "Total Runtime": 26576.884, "Unique SQL Id": 2036526415}}, "(1, '113')": {"explain_plan": {"Plan": {"Node Type": "Sort", "Startup Cost": 5075914.42, "Total Cost": 5075914.42, "Plan Rows": 1, "Plan Width": 27, "Sort Key": ["lineitem.l_shipmode"], "Plans": [{"Node Type": "Aggregate", "Strategy": "Hashed", "Parent Relationship": "Outer", "Startup Cost": 5075914.4, "Total Cost": 5075914.41, "Plan Rows": 1, "Plan Width": 27, "Group By Key": ["lineitem.l_shipmode"], "Plans": [{"Node Type": "Nested Loop", "Parent Relationship": "Outer", "Join Type": "Inner", "Startup Cost": 0.0, "Total Cost": 5070759.18, "Plan Rows": 294584, "Plan Width": 27, "Inner Unique": true, "Plans": [{"Node Type": "Index Scan", "Parent Relationship": "Outer", "Scan Direction": "Forward", "Index Name": "idx_lineitem_orderkey", "Relation Name": "lineitem", "Alias": "lineitem", "Startup Cost": 0.0, "Total Cost": 3989991.66, "Plan Rows": 294584, "Plan Width": 19, "Filter": "((l_shipmode = ANY ('{RAIL,FOB}'::bpchar[])) AND (l_commitdate < l_receiptdate) AND (l_shipdate < l_commitdate) AND (l_receiptdate >= '1997-01-01 00:00:00'::timestamp(0) without time zone) AND (l_receiptdate < '1998-01-01 00:00:00'::timestamp without time zone)), (LLVM Optimized)"}, {"Node Type": "Index Scan", "Parent Relationship": "Inner", "Scan Direction": "Forward", "Index Name": "orders_pkey", "Relation Name": "orders", "Alias": "orders", "Startup Cost": 0.0, "Total Cost": 3.66, "Plan Rows": 1, "Plan Width": 24, "Index Cond": "(o_orderkey = lineitem.l_orderkey)"}]}]}]}, "Unique SQL Id": 2036526415, "Planner Runtime": 0}, "explain_analyze_plan": {"Plan": {"Node Type": "Sort", "Startup Cost": 5075914.42, "Total Cost": 5075914.42, "Plan Rows": 1, "Plan Width": 27, "Actual Startup Time": 47133.29, "Actual Total Time": 47133.29, "Actual Rows": 2, "Actual Loops": 1, "Sort Key": ["lineitem.l_shipmode"], "Sort Method": "quicksort", "Sort Space Used": 25, "Sort Space Type": "Memory", "Plans": [{"Node Type": "Aggregate", "Strategy": "Hashed", "Parent Relationship": "Outer", "Startup Cost": 5075914.4, "Total Cost": 5075914.41, "Plan Rows": 1, "Plan Width": 27, "Actual Startup Time": 47133.234, "Actual Total Time": 47133.236, "Actual Rows": 2, "Actual Loops": 1, "Group By Key": ["lineitem.l_shipmode"], "Plans": [{"Node Type": "Nested Loop", "Parent Relationship": "Outer", "Join Type": "Inner", "Startup Cost": 0.0, "Total Cost": 5070759.18, "Plan Rows": 294584, "Plan Width": 27, "Actual Startup Time": 0.521, "Actual Total Time": 46792.523, "Actual Rows": 311248, "Actual Loops": 1, "Inner Unique": true, "Plans": [{"Node Type": "Index Scan", "Parent Relationship": "Outer", "Scan Direction": "Forward", "Index Name": "idx_lineitem_orderkey", "Relation Name": "lineitem", "Alias": "lineitem", "Startup Cost": 0.0, "Total Cost": 3989991.66, "Plan Rows": 294584, "Plan Width": 19, "Actual Startup Time": 0.503, "Actual Total Time": 45114.149, "Actual Rows": 311248, "Actual Loops": 1, "Filter": "((l_shipmode = ANY ('{RAIL,FOB}'::bpchar[])) AND (l_commitdate < l_receiptdate) AND (l_shipdate < l_commitdate) AND (l_receiptdate >= '1997-01-01 00:00:00'::timestamp(0) without time zone) AND (l_receiptdate < '1998-01-01 00:00:00'::timestamp without time zone)), (LLVM Optimized, Jit Execute)", "Rows Removed by Filter": 59674804}, {"Node Type": "Index Scan", "Parent Relationship": "Inner", "Scan Direction": "Forward", "Index Name": "orders_pkey", "Relation Name": "orders", "Alias": "orders", "Startup Cost": 0.0, "Total Cost": 3.66, "Plan Rows": 1, "Plan Width": 24, "Actual Startup Time": 1376.166, "Actual Total Time": 1376.166, "Actual Rows": 311248, "Actual Loops": 311248, "Index Cond": "(o_orderkey = lineitem.l_orderkey)", "Rows Removed by Index Recheck": 0}]}]}]}, "Triggers": [], "Planner Runtime": 0.425, "Total Runtime": 47144.321, "Unique SQL Id": 2036526415}}, "(1, '114')": {"explain_plan": {"Plan": {"Node Type": "Sort", "Startup Cost": 4260565.65, "Total Cost": 4260565.65, "Plan Rows": 1, "Plan Width": 27, "Sort Key": ["lineitem.l_shipmode"], "Plans": [{"Node Type": "Aggregate", "Strategy": "Hashed", "Parent Relationship": "Outer", "Startup Cost": 4260565.63, "Total Cost": 4260565.64, "Plan Rows": 1, "Plan Width": 27, "Group By Key": ["lineitem.l_shipmode"], "Plans": [{"Node Type": "Nested Loop", "Parent Relationship": "Outer", "Join Type": "Inner", "Startup Cost": 34.16, "Total Cost": 4255410.41, "Plan Rows": 294584, "Plan Width": 27, "Inner Unique": true, "Plans": [{"Node Type": "Seq Scan", "Parent Relationship": "Outer", "Relation Name": "lineitem", "Alias": "lineitem", "Startup Cost": 33.12, "Total Cost": 2764953.24, "Plan Rows": 294584, "Plan Width": 19, "Filter": "((l_shipmode = ANY ('{RAIL,FOB}'::bpchar[])) AND (l_commitdate < l_receiptdate) AND (l_shipdate < l_commitdate) AND (l_receiptdate >= '1997-01-01 00:00:00'::timestamp(0) without time zone) AND (l_receiptdate < '1998-01-01 00:00:00'::timestamp without time zone)), (LLVM Optimized)"}, {"Node Type": "Bitmap Heap Scan", "Parent Relationship": "Inner", "Relation Name": "orders", "Alias": "orders", "Startup Cost": 1.04, "Total Cost": 5.05, "Plan Rows": 1, "Plan Width": 24, "Recheck Cond": "(o_orderkey = lineitem.l_orderkey)", "Plans": [{"Node Type": "Bitmap Index Scan", "Parent Relationship": "Outer", "Index Name": "orders_pkey", "Startup Cost": 0.0, "Total Cost": 1.04, "Plan Rows": 1, "Plan Width": 0, "Index Cond": "(o_orderkey = lineitem.l_orderkey)"}]}]}]}]}, "Unique SQL Id": 2036526415, "Planner Runtime": 0}, "explain_analyze_plan": {"Plan": {"Node Type": "Sort", "Startup Cost": 4260565.65, "Total Cost": 4260565.65, "Plan Rows": 1, "Plan Width": 27, "Actual Startup Time": 27725.738, "Actual Total Time": 27725.739, "Actual Rows": 2, "Actual Loops": 1, "Sort Key": ["lineitem.l_shipmode"], "Sort Method": "quicksort", "Sort Space Used": 25, "Sort Space Type": "Memory", "Plans": [{"Node Type": "Aggregate", "Strategy": "Hashed", "Parent Relationship": "Outer", "Startup Cost": 4260565.63, "Total Cost": 4260565.64, "Plan Rows": 1, "Plan Width": 27, "Actual Startup Time": 27725.683, "Actual Total Time": 27725.684, "Actual Rows": 2, "Actual Loops": 1, "Group By Key": ["lineitem.l_shipmode"], "Plans": [{"Node Type": "Nested Loop", "Parent Relationship": "Outer", "Join Type": "Inner", "Startup Cost": 34.16, "Total Cost": 4255410.41, "Plan Rows": 294584, "Plan Width": 27, "Actual Startup Time": 0.393, "Actual Total Time": 27347.865, "Actual Rows": 311248, "Actual Loops": 1, "Inner Unique": true, "Plans": [{"Node Type": "Seq Scan", "Parent Relationship": "Outer", "Relation Name": "lineitem", "Alias": "lineitem", "Startup Cost": 33.12, "Total Cost": 2764953.24, "Plan Rows": 294584, "Plan Width": 19, "Actual Startup Time": 0.36, "Actual Total Time": 25010.261, "Actual Rows": 311248, "Actual Loops": 1, "Filter": "((l_shipmode = ANY ('{RAIL,FOB}'::bpchar[])) AND (l_commitdate < l_receiptdate) AND (l_shipdate < l_commitdate) AND (l_receiptdate >= '1997-01-01 00:00:00'::timestamp(0) without time zone) AND (l_receiptdate < '1998-01-01 00:00:00'::timestamp without time zone)), (LLVM Optimized, Jit Execute)", "Rows Removed by Filter": 59674804}, {"Node Type": "Bitmap Heap Scan", "Parent Relationship": "Inner", "Relation Name": "orders", "Alias": "orders", "Startup Cost": 1.04, "Total Cost": 5.05, "Plan Rows": 1, "Plan Width": 24, "Actual Startup Time": 1839.188, "Actual Total Time": 1839.188, "Actual Rows": 311248, "Actual Loops": 311248, "Recheck Cond": "(o_orderkey = lineitem.l_orderkey)", "Rows Removed by Index Recheck": 0, "Exact Heap Blocks": 311248, "Lossy Heap Blocks": 311248, "Plans": [{"Node Type": "Bitmap Index Scan", "Parent Relationship": "Outer", "Index Name": "orders_pkey", "Startup Cost": 0.0, "Total Cost": 1.04, "Plan Rows": 1, "Plan Width": 0, "Actual Startup Time": 1056.013, "Actual Total Time": 1056.013, "Actual Rows": 311248, "Actual Loops": 311248, "Index Cond": "(o_orderkey = lineitem.l_orderkey)"}]}]}]}]}, "Triggers": [], "Planner Runtime": 0.632, "Total Runtime": 27736.577, "Unique SQL Id": 2036526415}}, "(1, '115')": {"explain_plan": {"Plan": {"Node Type": "Sort", "Startup Cost": 1000142316976.76, "Total Cost": 1000142316976.76, "Plan Rows": 1, "Plan Width": 27, "Sort Key": ["lineitem.l_shipmode"], "Plans": [{"Node Type": "Aggregate", "Strategy": "Hashed", "Parent Relationship": "Outer", "Startup Cost": 1000142316976.74, "Total Cost": 1000142316976.75, "Plan Rows": 1, "Plan Width": 27, "Group By Key": ["lineitem.l_shipmode"], "Plans": [{"Node Type": "Nested Loop", "Parent Relationship": "Outer", "Join Type": "Inner", "Startup Cost": 10000000000.38, "Total Cost": 1000142311821.52, "Plan Rows": 294584, "Plan Width": 27, "Inner Unique": false, "Plans": [{"Node Type": "Index Scan", "Parent Relationship": "Outer", "Scan Direction": "Forward", "Index Name": "orders_pkey", "Relation Name": "orders", "Alias": "orders", "Startup Cost": 10000000000.0, "Total Cost": 1000073097843.5, "Plan Rows": 14999479, "Plan Width": 24}, {"Node Type": "Bitmap Heap Scan", "Parent Relationship": "Inner", "Relation Name": "lineitem", "Alias": "lineitem", "Startup Cost": 0.38, "Total Cost": 4.6, "Plan Rows": 1, "Plan Width": 19, "Recheck Cond": "(l_orderkey = orders.o_orderkey)", "Filter": "((l_shipmode = ANY ('{RAIL,FOB}'::bpchar[])) AND (l_commitdate < l_receiptdate) AND (l_shipdate < l_commitdate) AND (l_receiptdate >= '1997-01-01 00:00:00'::timestamp(0) without time zone) AND (l_receiptdate < '1998-01-01 00:00:00'::timestamp without time zone))", "Plans": [{"Node Type": "Bitmap Index Scan", "Parent Relationship": "Outer", "Index Name": "idx_lineitem_orderkey", "Startup Cost": 0.0, "Total Cost": 0.38, "Plan Rows": 9, "Plan Width": 0, "Index Cond": "(l_orderkey = orders.o_orderkey)"}]}]}]}]}, "Unique SQL Id": 2036526415, "Planner Runtime": 0}, "explain_analyze_plan": null}, "(1, '116')": {"explain_plan": {"Plan": {"Node Type": "Sort", "Startup Cost": 3850876.0, "Total Cost": 3850876.01, "Plan Rows": 1, "Plan Width": 27, "Sort Key": ["lineitem.l_shipmode"], "Plans": [{"Node Type": "Aggregate", "Strategy": "Hashed", "Parent Relationship": "Outer", "Startup Cost": 3850875.98, "Total Cost": 3850875.99, "Plan Rows": 1, "Plan Width": 27, "Group By Key": ["lineitem.l_shipmode"], "Plans": [{"Node Type": "Nested Loop", "Parent Relationship": "Outer", "Join Type": "Inner", "Startup Cost": 33.12, "Total Cost": 3845720.76, "Plan Rows": 294584, "Plan Width": 27, "Inner Unique": true, "Plans": [{"Node Type": "Seq Scan", "Parent Relationship": "Outer", "Relation Name": "lineitem", "Alias": "lineitem", "Startup Cost": 33.12, "Total Cost": 2764953.24, "Plan Rows": 294584, "Plan Width": 19, "Filter": "((l_shipmode = ANY ('{RAIL,FOB}'::bpchar[])) AND (l_commitdate < l_receiptdate) AND (l_shipdate < l_commitdate) AND (l_receiptdate >= '1997-01-01 00:00:00'::timestamp(0) without time zone) AND (l_receiptdate < '1998-01-01 00:00:00'::timestamp without time zone)), (LLVM Optimized)"}, {"Node Type": "Index Scan", "Parent Relationship": "Inner", "Scan Direction": "Forward", "Index Name": "orders_pkey", "Relation Name": "orders", "Alias": "orders", "Startup Cost": 0.0, "Total Cost": 3.66, "Plan Rows": 1, "Plan Width": 24, "Index Cond": "(o_orderkey = lineitem.l_orderkey)"}]}]}]}, "Unique SQL Id": 2036526415, "Planner Runtime": 0}, "explain_analyze_plan": {"Plan": {"Node Type": "Sort", "Startup Cost": 3850876.0, "Total Cost": 3850876.01, "Plan Rows": 1, "Plan Width": 27, "Actual Startup Time": 26566.022, "Actual Total Time": 26566.023, "Actual Rows": 2, "Actual Loops": 1, "Sort Key": ["lineitem.l_shipmode"], "Sort Method": "quicksort", "Sort Space Used": 25, "Sort Space Type": "Memory", "Plans": [{"Node Type": "Aggregate", "Strategy": "Hashed", "Parent Relationship": "Outer", "Startup Cost": 3850875.98, "Total Cost": 3850875.99, "Plan Rows": 1, "Plan Width": 27, "Actual Startup Time": 26565.969, "Actual Total Time": 26565.971, "Actual Rows": 2, "Actual Loops": 1, "Group By Key": ["lineitem.l_shipmode"], "Plans": [{"Node Type": "Nested Loop", "Parent Relationship": "Outer", "Join Type": "Inner", "Startup Cost": 33.12, "Total Cost": 3845720.76, "Plan Rows": 294584, "Plan Width": 27, "Actual Startup Time": 0.412, "Actual Total Time": 26232.809, "Actual Rows": 311248, "Actual Loops": 1, "Inner Unique": true, "Plans": [{"Node Type": "Seq Scan", "Parent Relationship": "Outer", "Relation Name": "lineitem", "Alias": "lineitem", "Startup Cost": 33.12, "Total Cost": 2764953.24, "Plan Rows": 294584, "Plan Width": 19, "Actual Startup Time": 0.381, "Actual Total Time": 24556.669, "Actual Rows": 311248, "Actual Loops": 1, "Filter": "((l_shipmode = ANY ('{RAIL,FOB}'::bpchar[])) AND (l_commitdate < l_receiptdate) AND (l_shipdate < l_commitdate) AND (l_receiptdate >= '1997-01-01 00:00:00'::timestamp(0) without time zone) AND (l_receiptdate < '1998-01-01 00:00:00'::timestamp without time zone)), (LLVM Optimized, Jit Execute)", "Rows Removed by Filter": 59674804}, {"Node Type": "Index Scan", "Parent Relationship": "Inner", "Scan Direction": "Forward", "Index Name": "orders_pkey", "Relation Name": "orders", "Alias": "orders", "Startup Cost": 0.0, "Total Cost": 3.66, "Plan Rows": 1, "Plan Width": 24, "Actual Startup Time": 1375.452, "Actual Total Time": 1375.452, "Actual Rows": 311248, "Actual Loops": 311248, "Index Cond": "(o_orderkey = lineitem.l_orderkey)", "Rows Removed by Index Recheck": 0}]}]}]}, "Triggers": [], "Planner Runtime": 0.4, "Total Runtime": 26576.884, "Unique SQL Id": 2036526415}}, "(1, '117')": {"explain_plan": {"Plan": {"Node Type": "Sort", "Startup Cost": 5075914.42, "Total Cost": 5075914.42, "Plan Rows": 1, "Plan Width": 27, "Sort Key": ["lineitem.l_shipmode"], "Plans": [{"Node Type": "Aggregate", "Strategy": "Hashed", "Parent Relationship": "Outer", "Startup Cost": 5075914.4, "Total Cost": 5075914.41, "Plan Rows": 1, "Plan Width": 27, "Group By Key": ["lineitem.l_shipmode"], "Plans": [{"Node Type": "Nested Loop", "Parent Relationship": "Outer", "Join Type": "Inner", "Startup Cost": 0.0, "Total Cost": 5070759.18, "Plan Rows": 294584, "Plan Width": 27, "Inner Unique": true, "Plans": [{"Node Type": "Index Scan", "Parent Relationship": "Outer", "Scan Direction": "Forward", "Index Name": "idx_lineitem_orderkey", "Relation Name": "lineitem", "Alias": "lineitem", "Startup Cost": 0.0, "Total Cost": 3989991.66, "Plan Rows": 294584, "Plan Width": 19, "Filter": "((l_shipmode = ANY ('{RAIL,FOB}'::bpchar[])) AND (l_commitdate < l_receiptdate) AND (l_shipdate < l_commitdate) AND (l_receiptdate >= '1997-01-01 00:00:00'::timestamp(0) without time zone) AND (l_receiptdate < '1998-01-01 00:00:00'::timestamp without time zone)), (LLVM Optimized)"}, {"Node Type": "Index Scan", "Parent Relationship": "Inner", "Scan Direction": "Forward", "Index Name": "orders_pkey", "Relation Name": "orders", "Alias": "orders", "Startup Cost": 0.0, "Total Cost": 3.66, "Plan Rows": 1, "Plan Width": 24, "Index Cond": "(o_orderkey = lineitem.l_orderkey)"}]}]}]}, "Unique SQL Id": 2036526415, "Planner Runtime": 0}, "explain_analyze_plan": {"Plan": {"Node Type": "Sort", "Startup Cost": 5075914.42, "Total Cost": 5075914.42, "Plan Rows": 1, "Plan Width": 27, "Actual Startup Time": 47133.29, "Actual Total Time": 47133.29, "Actual Rows": 2, "Actual Loops": 1, "Sort Key": ["lineitem.l_shipmode"], "Sort Method": "quicksort", "Sort Space Used": 25, "Sort Space Type": "Memory", "Plans": [{"Node Type": "Aggregate", "Strategy": "Hashed", "Parent Relationship": "Outer", "Startup Cost": 5075914.4, "Total Cost": 5075914.41, "Plan Rows": 1, "Plan Width": 27, "Actual Startup Time": 47133.234, "Actual Total Time": 47133.236, "Actual Rows": 2, "Actual Loops": 1, "Group By Key": ["lineitem.l_shipmode"], "Plans": [{"Node Type": "Nested Loop", "Parent Relationship": "Outer", "Join Type": "Inner", "Startup Cost": 0.0, "Total Cost": 5070759.18, "Plan Rows": 294584, "Plan Width": 27, "Actual Startup Time": 0.521, "Actual Total Time": 46792.523, "Actual Rows": 311248, "Actual Loops": 1, "Inner Unique": true, "Plans": [{"Node Type": "Index Scan", "Parent Relationship": "Outer", "Scan Direction": "Forward", "Index Name": "idx_lineitem_orderkey", "Relation Name": "lineitem", "Alias": "lineitem", "Startup Cost": 0.0, "Total Cost": 3989991.66, "Plan Rows": 294584, "Plan Width": 19, "Actual Startup Time": 0.503, "Actual Total Time": 45114.149, "Actual Rows": 311248, "Actual Loops": 1, "Filter": "((l_shipmode = ANY ('{RAIL,FOB}'::bpchar[])) AND (l_commitdate < l_receiptdate) AND (l_shipdate < l_commitdate) AND (l_receiptdate >= '1997-01-01 00:00:00'::timestamp(0) without time zone) AND (l_receiptdate < '1998-01-01 00:00:00'::timestamp without time zone)), (LLVM Optimized, Jit Execute)", "Rows Removed by Filter": 59674804}, {"Node Type": "Index Scan", "Parent Relationship": "Inner", "Scan Direction": "Forward", "Index Name": "orders_pkey", "Relation Name": "orders", "Alias": "orders", "Startup Cost": 0.0, "Total Cost": 3.66, "Plan Rows": 1, "Plan Width": 24, "Actual Startup Time": 1376.166, "Actual Total Time": 1376.166, "Actual Rows": 311248, "Actual Loops": 311248, "Index Cond": "(o_orderkey = lineitem.l_orderkey)", "Rows Removed by Index Recheck": 0}]}]}]}, "Triggers": [], "Planner Runtime": 0.425, "Total Runtime": 47144.321, "Unique SQL Id": 2036526415}}, "(1, '118')": {"explain_plan": {"Plan": {"Node Type": "Sort", "Startup Cost": 4260565.65, "Total Cost": 4260565.65, "Plan Rows": 1, "Plan Width": 27, "Sort Key": ["lineitem.l_shipmode"], "Plans": [{"Node Type": "Aggregate", "Strategy": "Hashed", "Parent Relationship": "Outer", "Startup Cost": 4260565.63, "Total Cost": 4260565.64, "Plan Rows": 1, "Plan Width": 27, "Group By Key": ["lineitem.l_shipmode"], "Plans": [{"Node Type": "Nested Loop", "Parent Relationship": "Outer", "Join Type": "Inner", "Startup Cost": 34.16, "Total Cost": 4255410.41, "Plan Rows": 294584, "Plan Width": 27, "Inner Unique": true, "Plans": [{"Node Type": "Seq Scan", "Parent Relationship": "Outer", "Relation Name": "lineitem", "Alias": "lineitem", "Startup Cost": 33.12, "Total Cost": 2764953.24, "Plan Rows": 294584, "Plan Width": 19, "Filter": "((l_shipmode = ANY ('{RAIL,FOB}'::bpchar[])) AND (l_commitdate < l_receiptdate) AND (l_shipdate < l_commitdate) AND (l_receiptdate >= '1997-01-01 00:00:00'::timestamp(0) without time zone) AND (l_receiptdate < '1998-01-01 00:00:00'::timestamp without time zone)), (LLVM Optimized)"}, {"Node Type": "Bitmap Heap Scan", "Parent Relationship": "Inner", "Relation Name": "orders", "Alias": "orders", "Startup Cost": 1.04, "Total Cost": 5.05, "Plan Rows": 1, "Plan Width": 24, "Recheck Cond": "(o_orderkey = lineitem.l_orderkey)", "Plans": [{"Node Type": "Bitmap Index Scan", "Parent Relationship": "Outer", "Index Name": "orders_pkey", "Startup Cost": 0.0, "Total Cost": 1.04, "Plan Rows": 1, "Plan Width": 0, "Index Cond": "(o_orderkey = lineitem.l_orderkey)"}]}]}]}]}, "Unique SQL Id": 2036526415, "Planner Runtime": 0}, "explain_analyze_plan": {"Plan": {"Node Type": "Sort", "Startup Cost": 4260565.65, "Total Cost": 4260565.65, "Plan Rows": 1, "Plan Width": 27, "Actual Startup Time": 27725.738, "Actual Total Time": 27725.739, "Actual Rows": 2, "Actual Loops": 1, "Sort Key": ["lineitem.l_shipmode"], "Sort Method": "quicksort", "Sort Space Used": 25, "Sort Space Type": "Memory", "Plans": [{"Node Type": "Aggregate", "Strategy": "Hashed", "Parent Relationship": "Outer", "Startup Cost": 4260565.63, "Total Cost": 4260565.64, "Plan Rows": 1, "Plan Width": 27, "Actual Startup Time": 27725.683, "Actual Total Time": 27725.684, "Actual Rows": 2, "Actual Loops": 1, "Group By Key": ["lineitem.l_shipmode"], "Plans": [{"Node Type": "Nested Loop", "Parent Relationship": "Outer", "Join Type": "Inner", "Startup Cost": 34.16, "Total Cost": 4255410.41, "Plan Rows": 294584, "Plan Width": 27, "Actual Startup Time": 0.393, "Actual Total Time": 27347.865, "Actual Rows": 311248, "Actual Loops": 1, "Inner Unique": true, "Plans": [{"Node Type": "Seq Scan", "Parent Relationship": "Outer", "Relation Name": "lineitem", "Alias": "lineitem", "Startup Cost": 33.12, "Total Cost": 2764953.24, "Plan Rows": 294584, "Plan Width": 19, "Actual Startup Time": 0.36, "Actual Total Time": 25010.261, "Actual Rows": 311248, "Actual Loops": 1, "Filter": "((l_shipmode = ANY ('{RAIL,FOB}'::bpchar[])) AND (l_commitdate < l_receiptdate) AND (l_shipdate < l_commitdate) AND (l_receiptdate >= '1997-01-01 00:00:00'::timestamp(0) without time zone) AND (l_receiptdate < '1998-01-01 00:00:00'::timestamp without time zone)), (LLVM Optimized, Jit Execute)", "Rows Removed by Filter": 59674804}, {"Node Type": "Bitmap Heap Scan", "Parent Relationship": "Inner", "Relation Name": "orders", "Alias": "orders", "Startup Cost": 1.04, "Total Cost": 5.05, "Plan Rows": 1, "Plan Width": 24, "Actual Startup Time": 1839.188, "Actual Total Time": 1839.188, "Actual Rows": 311248, "Actual Loops": 311248, "Recheck Cond": "(o_orderkey = lineitem.l_orderkey)", "Rows Removed by Index Recheck": 0, "Exact Heap Blocks": 311248, "Lossy Heap Blocks": 311248, "Plans": [{"Node Type": "Bitmap Index Scan", "Parent Relationship": "Outer", "Index Name": "orders_pkey", "Startup Cost": 0.0, "Total Cost": 1.04, "Plan Rows": 1, "Plan Width": 0, "Actual Startup Time": 1056.013, "Actual Total Time": 1056.013, "Actual Rows": 311248, "Actual Loops": 311248, "Index Cond": "(o_orderkey = lineitem.l_orderkey)"}]}]}]}]}, "Triggers": [], "Planner Runtime": 0.632, "Total Runtime": 27736.577, "Unique SQL Id": 2036526415}}, "(1, '119')": {"explain_plan": {"Plan": {"Node Type": "Sort", "Startup Cost": 1000142316976.76, "Total Cost": 1000142316976.76, "Plan Rows": 1, "Plan Width": 27, "Sort Key": ["lineitem.l_shipmode"], "Plans": [{"Node Type": "Aggregate", "Strategy": "Hashed", "Parent Relationship": "Outer", "Startup Cost": 1000142316976.74, "Total Cost": 1000142316976.75, "Plan Rows": 1, "Plan Width": 27, "Group By Key": ["lineitem.l_shipmode"], "Plans": [{"Node Type": "Nested Loop", "Parent Relationship": "Outer", "Join Type": "Inner", "Startup Cost": 10000000000.38, "Total Cost": 1000142311821.52, "Plan Rows": 294584, "Plan Width": 27, "Inner Unique": false, "Plans": [{"Node Type": "Index Scan", "Parent Relationship": "Outer", "Scan Direction": "Forward", "Index Name": "orders_pkey", "Relation Name": "orders", "Alias": "orders", "Startup Cost": 10000000000.0, "Total Cost": 1000073097843.5, "Plan Rows": 14999479, "Plan Width": 24}, {"Node Type": "Bitmap Heap Scan", "Parent Relationship": "Inner", "Relation Name": "lineitem", "Alias": "lineitem", "Startup Cost": 0.38, "Total Cost": 4.6, "Plan Rows": 1, "Plan Width": 19, "Recheck Cond": "(l_orderkey = orders.o_orderkey)", "Filter": "((l_shipmode = ANY ('{RAIL,FOB}'::bpchar[])) AND (l_commitdate < l_receiptdate) AND (l_shipdate < l_commitdate) AND (l_receiptdate >= '1997-01-01 00:00:00'::timestamp(0) without time zone) AND (l_receiptdate < '1998-01-01 00:00:00'::timestamp without time zone))", "Plans": [{"Node Type": "Bitmap Index Scan", "Parent Relationship": "Outer", "Index Name": "idx_lineitem_orderkey", "Startup Cost": 0.0, "Total Cost": 0.38, "Plan Rows": 9, "Plan Width": 0, "Index Cond": "(l_orderkey = orders.o_orderkey)"}]}]}]}]}, "Unique SQL Id": 2036526415, "Planner Runtime": 0}, "explain_analyze_plan": null}, "(1, '120')": {"explain_plan": {"Plan": {"Node Type": "Sort", "Startup Cost": 3850876.0, "Total Cost": 3850876.01, "Plan Rows": 1, "Plan Width": 27, "Sort Key": ["lineitem.l_shipmode"], "Plans": [{"Node Type": "Aggregate", "Strategy": "Hashed", "Parent Relationship": "Outer", "Startup Cost": 3850875.98, "Total Cost": 3850875.99, "Plan Rows": 1, "Plan Width": 27, "Group By Key": ["lineitem.l_shipmode"], "Plans": [{"Node Type": "Nested Loop", "Parent Relationship": "Outer", "Join Type": "Inner", "Startup Cost": 33.12, "Total Cost": 3845720.76, "Plan Rows": 294584, "Plan Width": 27, "Inner Unique": true, "Plans": [{"Node Type": "Seq Scan", "Parent Relationship": "Outer", "Relation Name": "lineitem", "Alias": "lineitem", "Startup Cost": 33.12, "Total Cost": 2764953.24, "Plan Rows": 294584, "Plan Width": 19, "Filter": "((l_shipmode = ANY ('{RAIL,FOB}'::bpchar[])) AND (l_commitdate < l_receiptdate) AND (l_shipdate < l_commitdate) AND (l_receiptdate >= '1997-01-01 00:00:00'::timestamp(0) without time zone) AND (l_receiptdate < '1998-01-01 00:00:00'::timestamp without time zone)), (LLVM Optimized)"}, {"Node Type": "Index Scan", "Parent Relationship": "Inner", "Scan Direction": "Forward", "Index Name": "orders_pkey", "Relation Name": "orders", "Alias": "orders", "Startup Cost": 0.0, "Total Cost": 3.66, "Plan Rows": 1, "Plan Width": 24, "Index Cond": "(o_orderkey = lineitem.l_orderkey)"}]}]}]}, "Unique SQL Id": 2036526415, "Planner Runtime": 0}, "explain_analyze_plan": {"Plan": {"Node Type": "Sort", "Startup Cost": 3850876.0, "Total Cost": 3850876.01, "Plan Rows": 1, "Plan Width": 27, "Actual Startup Time": 26566.022, "Actual Total Time": 26566.023, "Actual Rows": 2, "Actual Loops": 1, "Sort Key": ["lineitem.l_shipmode"], "Sort Method": "quicksort", "Sort Space Used": 25, "Sort Space Type": "Memory", "Plans": [{"Node Type": "Aggregate", "Strategy": "Hashed", "Parent Relationship": "Outer", "Startup Cost": 3850875.98, "Total Cost": 3850875.99, "Plan Rows": 1, "Plan Width": 27, "Actual Startup Time": 26565.969, "Actual Total Time": 26565.971, "Actual Rows": 2, "Actual Loops": 1, "Group By Key": ["lineitem.l_shipmode"], "Plans": [{"Node Type": "Nested Loop", "Parent Relationship": "Outer", "Join Type": "Inner", "Startup Cost": 33.12, "Total Cost": 3845720.76, "Plan Rows": 294584, "Plan Width": 27, "Actual Startup Time": 0.412, "Actual Total Time": 26232.809, "Actual Rows": 311248, "Actual Loops": 1, "Inner Unique": true, "Plans": [{"Node Type": "Seq Scan", "Parent Relationship": "Outer", "Relation Name": "lineitem", "Alias": "lineitem", "Startup Cost": 33.12, "Total Cost": 2764953.24, "Plan Rows": 294584, "Plan Width": 19, "Actual Startup Time": 0.381, "Actual Total Time": 24556.669, "Actual Rows": 311248, "Actual Loops": 1, "Filter": "((l_shipmode = ANY ('{RAIL,FOB}'::bpchar[])) AND (l_commitdate < l_receiptdate) AND (l_shipdate < l_commitdate) AND (l_receiptdate >= '1997-01-01 00:00:00'::timestamp(0) without time zone) AND (l_receiptdate < '1998-01-01 00:00:00'::timestamp without time zone)), (LLVM Optimized, Jit Execute)", "Rows Removed by Filter": 59674804}, {"Node Type": "Index Scan", "Parent Relationship": "Inner", "Scan Direction": "Forward", "Index Name": "orders_pkey", "Relation Name": "orders", "Alias": "orders", "Startup Cost": 0.0, "Total Cost": 3.66, "Plan Rows": 1, "Plan Width": 24, "Actual Startup Time": 1375.452, "Actual Total Time": 1375.452, "Actual Rows": 311248, "Actual Loops": 311248, "Index Cond": "(o_orderkey = lineitem.l_orderkey)", "Rows Removed by Index Recheck": 0}]}]}]}, "Triggers": [], "Planner Runtime": 0.4, "Total Runtime": 26576.884, "Unique SQL Id": 2036526415}}, "(1, '121')": {"explain_plan": {"Plan": {"Node Type": "Sort", "Startup Cost": 5075914.42, "Total Cost": 5075914.42, "Plan Rows": 1, "Plan Width": 27, "Sort Key": ["lineitem.l_shipmode"], "Plans": [{"Node Type": "Aggregate", "Strategy": "Hashed", "Parent Relationship": "Outer", "Startup Cost": 5075914.4, "Total Cost": 5075914.41, "Plan Rows": 1, "Plan Width": 27, "Group By Key": ["lineitem.l_shipmode"], "Plans": [{"Node Type": "Nested Loop", "Parent Relationship": "Outer", "Join Type": "Inner", "Startup Cost": 0.0, "Total Cost": 5070759.18, "Plan Rows": 294584, "Plan Width": 27, "Inner Unique": true, "Plans": [{"Node Type": "Index Scan", "Parent Relationship": "Outer", "Scan Direction": "Forward", "Index Name": "idx_lineitem_orderkey", "Relation Name": "lineitem", "Alias": "lineitem", "Startup Cost": 0.0, "Total Cost": 3989991.66, "Plan Rows": 294584, "Plan Width": 19, "Filter": "((l_shipmode = ANY ('{RAIL,FOB}'::bpchar[])) AND (l_commitdate < l_receiptdate) AND (l_shipdate < l_commitdate) AND (l_receiptdate >= '1997-01-01 00:00:00'::timestamp(0) without time zone) AND (l_receiptdate < '1998-01-01 00:00:00'::timestamp without time zone)), (LLVM Optimized)"}, {"Node Type": "Index Scan", "Parent Relationship": "Inner", "Scan Direction": "Forward", "Index Name": "orders_pkey", "Relation Name": "orders", "Alias": "orders", "Startup Cost": 0.0, "Total Cost": 3.66, "Plan Rows": 1, "Plan Width": 24, "Index Cond": "(o_orderkey = lineitem.l_orderkey)"}]}]}]}, "Unique SQL Id": 2036526415, "Planner Runtime": 0}, "explain_analyze_plan": {"Plan": {"Node Type": "Sort", "Startup Cost": 5075914.42, "Total Cost": 5075914.42, "Plan Rows": 1, "Plan Width": 27, "Actual Startup Time": 47133.29, "Actual Total Time": 47133.29, "Actual Rows": 2, "Actual Loops": 1, "Sort Key": ["lineitem.l_shipmode"], "Sort Method": "quicksort", "Sort Space Used": 25, "Sort Space Type": "Memory", "Plans": [{"Node Type": "Aggregate", "Strategy": "Hashed", "Parent Relationship": "Outer", "Startup Cost": 5075914.4, "Total Cost": 5075914.41, "Plan Rows": 1, "Plan Width": 27, "Actual Startup Time": 47133.234, "Actual Total Time": 47133.236, "Actual Rows": 2, "Actual Loops": 1, "Group By Key": ["lineitem.l_shipmode"], "Plans": [{"Node Type": "Nested Loop", "Parent Relationship": "Outer", "Join Type": "Inner", "Startup Cost": 0.0, "Total Cost": 5070759.18, "Plan Rows": 294584, "Plan Width": 27, "Actual Startup Time": 0.521, "Actual Total Time": 46792.523, "Actual Rows": 311248, "Actual Loops": 1, "Inner Unique": true, "Plans": [{"Node Type": "Index Scan", "Parent Relationship": "Outer", "Scan Direction": "Forward", "Index Name": "idx_lineitem_orderkey", "Relation Name": "lineitem", "Alias": "lineitem", "Startup Cost": 0.0, "Total Cost": 3989991.66, "Plan Rows": 294584, "Plan Width": 19, "Actual Startup Time": 0.503, "Actual Total Time": 45114.149, "Actual Rows": 311248, "Actual Loops": 1, "Filter": "((l_shipmode = ANY ('{RAIL,FOB}'::bpchar[])) AND (l_commitdate < l_receiptdate) AND (l_shipdate < l_commitdate) AND (l_receiptdate >= '1997-01-01 00:00:00'::timestamp(0) without time zone) AND (l_receiptdate < '1998-01-01 00:00:00'::timestamp without time zone)), (LLVM Optimized, Jit Execute)", "Rows Removed by Filter": 59674804}, {"Node Type": "Index Scan", "Parent Relationship": "Inner", "Scan Direction": "Forward", "Index Name": "orders_pkey", "Relation Name": "orders", "Alias": "orders", "Startup Cost": 0.0, "Total Cost": 3.66, "Plan Rows": 1, "Plan Width": 24, "Actual Startup Time": 1376.166, "Actual Total Time": 1376.166, "Actual Rows": 311248, "Actual Loops": 311248, "Index Cond": "(o_orderkey = lineitem.l_orderkey)", "Rows Removed by Index Recheck": 0}]}]}]}, "Triggers": [], "Planner Runtime": 0.425, "Total Runtime": 47144.321, "Unique SQL Id": 2036526415}}, "(1, '122')": {"explain_plan": {"Plan": {"Node Type": "Sort", "Startup Cost": 66282295084.77, "Total Cost": 66282295084.78, "Plan Rows": 1, "Plan Width": 27, "Sort Key": ["lineitem.l_shipmode"], "Plans": [{"Node Type": "Aggregate", "Strategy": "Hashed", "Parent Relationship": "Outer", "Startup Cost": 66282295084.75, "Total Cost": 66282295084.76, "Plan Rows": 1, "Plan Width": 27, "Group By Key": ["lineitem.l_shipmode"], "Plans": [{"Node Type": "Nested Loop", "Parent Relationship": "Outer", "Join Type": "Inner", "Startup Cost": 33.12, "Total Cost": 66282289929.53, "Plan Rows": 294584, "Plan Width": 27, "Inner Unique": false, "Join Filter": "(orders.o_orderkey = lineitem.l_orderkey), (LLVM Optimized)", "Plans": [{"Node Type": "Seq Scan", "Parent Relationship": "Outer", "Relation Name": "orders", "Alias": "orders", "Startup Cost": 0.0, "Total Cost": 426413.79, "Plan Rows": 14999479, "Plan Width": 24}, {"Node Type": "Materialize", "Parent Relationship": "Inner", "Startup Cost": 33.12, "Total Cost": 2766426.16, "Plan Rows": 294584, "Plan Width": 19, "Plans": [{"Node Type": "Seq Scan", "Parent Relationship": "Outer", "Relation Name": "lineitem", "Alias": "lineitem", "Startup Cost": 33.12, "Total Cost": 2764953.24, "Plan Rows": 294584, "Plan Width": 19, "Filter": "((l_shipmode = ANY ('{RAIL,FOB}'::bpchar[])) AND (l_commitdate < l_receiptdate) AND (l_shipdate < l_commitdate) AND (l_receiptdate >= '1997-01-01 00:00:00'::timestamp(0) without time zone) AND (l_receiptdate < '1998-01-01 00:00:00'::timestamp without time zone)), (LLVM Optimized)"}]}]}]}]}, "Unique SQL Id": 2036526415, "Planner Runtime": 0}, "explain_analyze_plan": null}, "(1, '123')": {"explain_plan": {"Plan": {"Node Type": "Sort", "Startup Cost": 2066751200726.99, "Total Cost": 2066751200726.99, "Plan Rows": 1, "Plan Width": 27, "Sort Key": ["lineitem.l_shipmode"], "Plans": [{"Node Type": "Aggregate", "Strategy": "Hashed", "Parent Relationship": "Outer", "Startup Cost": 2066751200726.97, "Total Cost": 2066751200726.98, "Plan Rows": 1, "Plan Width": 27, "Group By Key": ["lineitem.l_shipmode"], "Plans": [{"Node Type": "Nested Loop", "Parent Relationship": "Outer", "Join Type": "Inner", "Startup Cost": 20000000000.0, "Total Cost": 2066751195571.75, "Plan Rows": 294584, "Plan Width": 27, "Inner Unique": false, "Join Filter": "(orders.o_orderkey = lineitem.l_orderkey), (LLVM Optimized)", "Plans": [{"Node Type": "Index Scan", "Parent Relationship": "Outer", "Scan Direction": "Forward", "Index Name": "orders_pkey", "Relation Name": "orders", "Alias": "orders", "Startup Cost": 10000000000.0, "Total Cost": 1000073097843.5, "Plan Rows": 14999479, "Plan Width": 24}, {"Node Type": "Materialize", "Parent Relationship": "Inner", "Startup Cost": 10000000000.0, "Total Cost": 1000399000638.67, "Plan Rows": 294584, "Plan Width": 19, "Plans": [{"Node Type": "Index Scan", "Parent Relationship": "Outer", "Scan Direction": "Forward", "Index Name": "idx_lineitem_orderkey", "Relation Name": "lineitem", "Alias": "lineitem", "Startup Cost": 10000000000.0, "Total Cost": 1000398999165.75, "Plan Rows": 294584, "Plan Width": 19, "Filter": "((l_shipmode = ANY ('{RAIL,FOB}'::bpchar[])) AND (l_commitdate < l_receiptdate) AND (l_shipdate < l_commitdate) AND (l_receiptdate >= '1997-01-01 00:00:00'::timestamp(0) without time zone) AND (l_receiptdate < '1998-01-01 00:00:00'::timestamp without time zone)), (LLVM Optimized)"}]}]}]}]}, "Unique SQL Id": 2036526415, "Planner Runtime": 0}, "explain_analyze_plan": null}, "(1, '124')": {"explain_plan": {"Plan": {"Node Type": "Sort", "Startup Cost": 3850876.0, "Total Cost": 3850876.01, "Plan Rows": 1, "Plan Width": 27, "Sort Key": ["lineitem.l_shipmode"], "Plans": [{"Node Type": "Aggregate", "Strategy": "Hashed", "Parent Relationship": "Outer", "Startup Cost": 3850875.98, "Total Cost": 3850875.99, "Plan Rows": 1, "Plan Width": 27, "Group By Key": ["lineitem.l_shipmode"], "Plans": [{"Node Type": "Nested Loop", "Parent Relationship": "Outer", "Join Type": "Inner", "Startup Cost": 33.12, "Total Cost": 3845720.76, "Plan Rows": 294584, "Plan Width": 27, "Inner Unique": true, "Plans": [{"Node Type": "Seq Scan", "Parent Relationship": "Outer", "Relation Name": "lineitem", "Alias": "lineitem", "Startup Cost": 33.12, "Total Cost": 2764953.24, "Plan Rows": 294584, "Plan Width": 19, "Filter": "((l_shipmode = ANY ('{RAIL,FOB}'::bpchar[])) AND (l_commitdate < l_receiptdate) AND (l_shipdate < l_commitdate) AND (l_receiptdate >= '1997-01-01 00:00:00'::timestamp(0) without time zone) AND (l_receiptdate < '1998-01-01 00:00:00'::timestamp without time zone)), (LLVM Optimized)"}, {"Node Type": "Index Scan", "Parent Relationship": "Inner", "Scan Direction": "Forward", "Index Name": "orders_pkey", "Relation Name": "orders", "Alias": "orders", "Startup Cost": 0.0, "Total Cost": 3.66, "Plan Rows": 1, "Plan Width": 24, "Index Cond": "(o_orderkey = lineitem.l_orderkey)"}]}]}]}, "Unique SQL Id": 2036526415, "Planner Runtime": 0}, "explain_analyze_plan": {"Plan": {"Node Type": "Sort", "Startup Cost": 3850876.0, "Total Cost": 3850876.01, "Plan Rows": 1, "Plan Width": 27, "Actual Startup Time": 26566.022, "Actual Total Time": 26566.023, "Actual Rows": 2, "Actual Loops": 1, "Sort Key": ["lineitem.l_shipmode"], "Sort Method": "quicksort", "Sort Space Used": 25, "Sort Space Type": "Memory", "Plans": [{"Node Type": "Aggregate", "Strategy": "Hashed", "Parent Relationship": "Outer", "Startup Cost": 3850875.98, "Total Cost": 3850875.99, "Plan Rows": 1, "Plan Width": 27, "Actual Startup Time": 26565.969, "Actual Total Time": 26565.971, "Actual Rows": 2, "Actual Loops": 1, "Group By Key": ["lineitem.l_shipmode"], "Plans": [{"Node Type": "Nested Loop", "Parent Relationship": "Outer", "Join Type": "Inner", "Startup Cost": 33.12, "Total Cost": 3845720.76, "Plan Rows": 294584, "Plan Width": 27, "Actual Startup Time": 0.412, "Actual Total Time": 26232.809, "Actual Rows": 311248, "Actual Loops": 1, "Inner Unique": true, "Plans": [{"Node Type": "Seq Scan", "Parent Relationship": "Outer", "Relation Name": "lineitem", "Alias": "lineitem", "Startup Cost": 33.12, "Total Cost": 2764953.24, "Plan Rows": 294584, "Plan Width": 19, "Actual Startup Time": 0.381, "Actual Total Time": 24556.669, "Actual Rows": 311248, "Actual Loops": 1, "Filter": "((l_shipmode = ANY ('{RAIL,FOB}'::bpchar[])) AND (l_commitdate < l_receiptdate) AND (l_shipdate < l_commitdate) AND (l_receiptdate >= '1997-01-01 00:00:00'::timestamp(0) without time zone) AND (l_receiptdate < '1998-01-01 00:00:00'::timestamp without time zone)), (LLVM Optimized, Jit Execute)", "Rows Removed by Filter": 59674804}, {"Node Type": "Index Scan", "Parent Relationship": "Inner", "Scan Direction": "Forward", "Index Name": "orders_pkey", "Relation Name": "orders", "Alias": "orders", "Startup Cost": 0.0, "Total Cost": 3.66, "Plan Rows": 1, "Plan Width": 24, "Actual Startup Time": 1375.452, "Actual Total Time": 1375.452, "Actual Rows": 311248, "Actual Loops": 311248, "Index Cond": "(o_orderkey = lineitem.l_orderkey)", "Rows Removed by Index Recheck": 0}]}]}]}, "Triggers": [], "Planner Runtime": 0.4, "Total Runtime": 26576.884, "Unique SQL Id": 2036526415}}, "(1, '125')": {"explain_plan": {"Plan": {"Node Type": "Sort", "Startup Cost": 5075914.42, "Total Cost": 5075914.42, "Plan Rows": 1, "Plan Width": 27, "Sort Key": ["lineitem.l_shipmode"], "Plans": [{"Node Type": "Aggregate", "Strategy": "Hashed", "Parent Relationship": "Outer", "Startup Cost": 5075914.4, "Total Cost": 5075914.41, "Plan Rows": 1, "Plan Width": 27, "Group By Key": ["lineitem.l_shipmode"], "Plans": [{"Node Type": "Nested Loop", "Parent Relationship": "Outer", "Join Type": "Inner", "Startup Cost": 0.0, "Total Cost": 5070759.18, "Plan Rows": 294584, "Plan Width": 27, "Inner Unique": true, "Plans": [{"Node Type": "Index Scan", "Parent Relationship": "Outer", "Scan Direction": "Forward", "Index Name": "idx_lineitem_orderkey", "Relation Name": "lineitem", "Alias": "lineitem", "Startup Cost": 0.0, "Total Cost": 3989991.66, "Plan Rows": 294584, "Plan Width": 19, "Filter": "((l_shipmode = ANY ('{RAIL,FOB}'::bpchar[])) AND (l_commitdate < l_receiptdate) AND (l_shipdate < l_commitdate) AND (l_receiptdate >= '1997-01-01 00:00:00'::timestamp(0) without time zone) AND (l_receiptdate < '1998-01-01 00:00:00'::timestamp without time zone)), (LLVM Optimized)"}, {"Node Type": "Index Scan", "Parent Relationship": "Inner", "Scan Direction": "Forward", "Index Name": "orders_pkey", "Relation Name": "orders", "Alias": "orders", "Startup Cost": 0.0, "Total Cost": 3.66, "Plan Rows": 1, "Plan Width": 24, "Index Cond": "(o_orderkey = lineitem.l_orderkey)"}]}]}]}, "Unique SQL Id": 2036526415, "Planner Runtime": 0}, "explain_analyze_plan": {"Plan": {"Node Type": "Sort", "Startup Cost": 5075914.42, "Total Cost": 5075914.42, "Plan Rows": 1, "Plan Width": 27, "Actual Startup Time": 47133.29, "Actual Total Time": 47133.29, "Actual Rows": 2, "Actual Loops": 1, "Sort Key": ["lineitem.l_shipmode"], "Sort Method": "quicksort", "Sort Space Used": 25, "Sort Space Type": "Memory", "Plans": [{"Node Type": "Aggregate", "Strategy": "Hashed", "Parent Relationship": "Outer", "Startup Cost": 5075914.4, "Total Cost": 5075914.41, "Plan Rows": 1, "Plan Width": 27, "Actual Startup Time": 47133.234, "Actual Total Time": 47133.236, "Actual Rows": 2, "Actual Loops": 1, "Group By Key": ["lineitem.l_shipmode"], "Plans": [{"Node Type": "Nested Loop", "Parent Relationship": "Outer", "Join Type": "Inner", "Startup Cost": 0.0, "Total Cost": 5070759.18, "Plan Rows": 294584, "Plan Width": 27, "Actual Startup Time": 0.521, "Actual Total Time": 46792.523, "Actual Rows": 311248, "Actual Loops": 1, "Inner Unique": true, "Plans": [{"Node Type": "Index Scan", "Parent Relationship": "Outer", "Scan Direction": "Forward", "Index Name": "idx_lineitem_orderkey", "Relation Name": "lineitem", "Alias": "lineitem", "Startup Cost": 0.0, "Total Cost": 3989991.66, "Plan Rows": 294584, "Plan Width": 19, "Actual Startup Time": 0.503, "Actual Total Time": 45114.149, "Actual Rows": 311248, "Actual Loops": 1, "Filter": "((l_shipmode = ANY ('{RAIL,FOB}'::bpchar[])) AND (l_commitdate < l_receiptdate) AND (l_shipdate < l_commitdate) AND (l_receiptdate >= '1997-01-01 00:00:00'::timestamp(0) without time zone) AND (l_receiptdate < '1998-01-01 00:00:00'::timestamp without time zone)), (LLVM Optimized, Jit Execute)", "Rows Removed by Filter": 59674804}, {"Node Type": "Index Scan", "Parent Relationship": "Inner", "Scan Direction": "Forward", "Index Name": "orders_pkey", "Relation Name": "orders", "Alias": "orders", "Startup Cost": 0.0, "Total Cost": 3.66, "Plan Rows": 1, "Plan Width": 24, "Actual Startup Time": 1376.166, "Actual Total Time": 1376.166, "Actual Rows": 311248, "Actual Loops": 311248, "Index Cond": "(o_orderkey = lineitem.l_orderkey)", "Rows Removed by Index Recheck": 0}]}]}]}, "Triggers": [], "Planner Runtime": 0.425, "Total Runtime": 47144.321, "Unique SQL Id": 2036526415}}, "(1, '126')": {"explain_plan": {"Plan": {"Node Type": "Sort", "Startup Cost": 66282295084.77, "Total Cost": 66282295084.78, "Plan Rows": 1, "Plan Width": 27, "Sort Key": ["lineitem.l_shipmode"], "Plans": [{"Node Type": "Aggregate", "Strategy": "Hashed", "Parent Relationship": "Outer", "Startup Cost": 66282295084.75, "Total Cost": 66282295084.76, "Plan Rows": 1, "Plan Width": 27, "Group By Key": ["lineitem.l_shipmode"], "Plans": [{"Node Type": "Nested Loop", "Parent Relationship": "Outer", "Join Type": "Inner", "Startup Cost": 33.12, "Total Cost": 66282289929.53, "Plan Rows": 294584, "Plan Width": 27, "Inner Unique": false, "Join Filter": "(orders.o_orderkey = lineitem.l_orderkey), (LLVM Optimized)", "Plans": [{"Node Type": "Seq Scan", "Parent Relationship": "Outer", "Relation Name": "orders", "Alias": "orders", "Startup Cost": 0.0, "Total Cost": 426413.79, "Plan Rows": 14999479, "Plan Width": 24}, {"Node Type": "Materialize", "Parent Relationship": "Inner", "Startup Cost": 33.12, "Total Cost": 2766426.16, "Plan Rows": 294584, "Plan Width": 19, "Plans": [{"Node Type": "Seq Scan", "Parent Relationship": "Outer", "Relation Name": "lineitem", "Alias": "lineitem", "Startup Cost": 33.12, "Total Cost": 2764953.24, "Plan Rows": 294584, "Plan Width": 19, "Filter": "((l_shipmode = ANY ('{RAIL,FOB}'::bpchar[])) AND (l_commitdate < l_receiptdate) AND (l_shipdate < l_commitdate) AND (l_receiptdate >= '1997-01-01 00:00:00'::timestamp(0) without time zone) AND (l_receiptdate < '1998-01-01 00:00:00'::timestamp without time zone)), (LLVM Optimized)"}]}]}]}]}, "Unique SQL Id": 2036526415, "Planner Runtime": 0}, "explain_analyze_plan": null}, "(1, '127')": {"explain_plan": {"Plan": {"Node Type": "Sort", "Startup Cost": 2066751200726.99, "Total Cost": 2066751200726.99, "Plan Rows": 1, "Plan Width": 27, "Sort Key": ["lineitem.l_shipmode"], "Plans": [{"Node Type": "Aggregate", "Strategy": "Hashed", "Parent Relationship": "Outer", "Startup Cost": 2066751200726.97, "Total Cost": 2066751200726.98, "Plan Rows": 1, "Plan Width": 27, "Group By Key": ["lineitem.l_shipmode"], "Plans": [{"Node Type": "Nested Loop", "Parent Relationship": "Outer", "Join Type": "Inner", "Startup Cost": 20000000000.0, "Total Cost": 2066751195571.75, "Plan Rows": 294584, "Plan Width": 27, "Inner Unique": false, "Join Filter": "(orders.o_orderkey = lineitem.l_orderkey), (LLVM Optimized)", "Plans": [{"Node Type": "Index Scan", "Parent Relationship": "Outer", "Scan Direction": "Forward", "Index Name": "orders_pkey", "Relation Name": "orders", "Alias": "orders", "Startup Cost": 10000000000.0, "Total Cost": 1000073097843.5, "Plan Rows": 14999479, "Plan Width": 24}, {"Node Type": "Materialize", "Parent Relationship": "Inner", "Startup Cost": 10000000000.0, "Total Cost": 1000399000638.67, "Plan Rows": 294584, "Plan Width": 19, "Plans": [{"Node Type": "Index Scan", "Parent Relationship": "Outer", "Scan Direction": "Forward", "Index Name": "idx_lineitem_orderkey", "Relation Name": "lineitem", "Alias": "lineitem", "Startup Cost": 10000000000.0, "Total Cost": 1000398999165.75, "Plan Rows": 294584, "Plan Width": 19, "Filter": "((l_shipmode = ANY ('{RAIL,FOB}'::bpchar[])) AND (l_commitdate < l_receiptdate) AND (l_shipdate < l_commitdate) AND (l_receiptdate >= '1997-01-01 00:00:00'::timestamp(0) without time zone) AND (l_receiptdate < '1998-01-01 00:00:00'::timestamp without time zone)), (LLVM Optimized)"}]}]}]}]}, "Unique SQL Id": 2036526415, "Planner Runtime": 0}, "explain_analyze_plan": null}, "(16, '0')": {"explain_plan": {"Plan": {"Node Type": "Sort", "Startup Cost": 269757.31, "Total Cost": 269757.31, "Plan Rows": 1, "Plan Width": 43, "Sort Key": ["lineitem.l_shipmode"], "Plans": [{"Node Type": "Streaming(type: LOCAL GATHER dop: 1/16)", "Parent Relationship": "Outer", "Startup Cost": 269757.29, "Total Cost": 269757.3, "Plan Rows": 1, "Plan Width": 43, "Plans": [{"Node Type": "Aggregate", "Strategy": "Hashed", "Parent Relationship": "Outer", "Startup Cost": 269757.29, "Total Cost": 269757.29, "Plan Rows": 1, "Plan Width": 43, "Group By Key": ["lineitem.l_shipmode"], "Plans": [{"Node Type": "Streaming(type: LOCAL REDISTRIBUTE dop: 16/16)", "Parent Relationship": "Outer", "Startup Cost": 269757.27, "Total Cost": 269757.29, "Plan Rows": 1, "Plan Width": 43, "Plans": [{"Node Type": "Aggregate", "Strategy": "Hashed", "Parent Relationship": "Outer", "Startup Cost": 269757.27, "Total Cost": 269757.27, "Plan Rows": 1, "Plan Width": 43, "Group By Key": ["lineitem.l_shipmode"], "Plans": [{"Node Type": "Hash Join", "Parent Relationship": "Outer", "Join Type": "Inner", "Startup Cost": 53371.45, "Total Cost": 269435.07, "Plan Rows": 294584, "Plan Width": 27, "Inner Unique": true, "Hash Cond": "(lineitem.l_orderkey = orders.o_orderkey), (LLVM Optimized)", "Plans": [{"Node Type": "Streaming(type: BROADCAST dop: 16/16)", "Parent Relationship": "Outer", "Startup Cost": 2.24, "Total Cost": 214777.05, "Plan Rows": 4713344, "Plan Width": 19, "Plans": [{"Node Type": "Seq Scan", "Parent Relationship": "Outer", "Relation Name": "lineitem", "Alias": "lineitem", "Startup Cost": 2.24, "Total Cost": 187809.58, "Plan Rows": 294584, "Plan Width": 19, "Filter": "((l_shipmode = ANY ('{RAIL,FOB}'::bpchar[])) AND (l_commitdate < l_receiptdate) AND (l_shipdate < l_commitdate) AND (l_receiptdate >= '1997-01-01 00:00:00'::timestamp(0) without time zone) AND (l_receiptdate < '1998-01-01 00:00:00'::timestamp without time zone)), (LLVM Optimized)"}]}, {"Node Type": "Hash", "Parent Relationship": "Inner", "Startup Cost": 41650.86, "Total Cost": 41650.86, "Plan Rows": 14999479, "Plan Width": 24, "Plans": [{"Node Type": "Seq Scan", "Parent Relationship": "Outer", "Relation Name": "orders", "Alias": "orders", "Startup Cost": 0.0, "Total Cost": 41650.86, "Plan Rows": 14999479, "Plan Width": 24}]}]}]}]}]}]}]}, "Unique SQL Id": 2036526415, "Planner Runtime": 1}, "explain_analyze_plan": {"Plan": {"Node Type": "Sort", "Startup Cost": 269757.31, "Total Cost": 269757.31, "Plan Rows": 1, "Plan Width": 43, "Actual Min Startup Time": 3400.937, "Actual Max Startup Time": 3400.937, "Actual Min Total Time": 3400.938, "Actual Max Total Time": 3400.938, "Sort Key": ["lineitem.l_shipmode"], "Sort Method": "quicksort", "Sort Space Min Used": 25, "Sort Space Max Used": 25, "Sort Space Type": "Memory", "Plans": [{"Node Type": "Streaming(type: LOCAL GATHER dop: 1/16)", "Parent Relationship": "Outer", "Startup Cost": 269757.29, "Total Cost": 269757.3, "Plan Rows": 1, "Plan Width": 43, "Actual Min Startup Time": 3400.842, "Actual Max Startup Time": 3400.842, "Actual Min Total Time": 3400.891, "Actual Max Total Time": 3400.891, "Plans": [{"Node Type": "Aggregate", "Strategy": "Hashed", "Parent Relationship": "Outer", "Startup Cost": 269757.29, "Total Cost": 269757.29, "Plan Rows": 1, "Plan Width": 43, "Actual Min Startup Time": 3337.8, "Actual Max Startup Time": 3345.421, "Actual Min Total Time": 3337.8, "Actual Max Total Time": 3345.421, "Group By Key": ["lineitem.l_shipmode"], "Plans": [{"Node Type": "Streaming(type: LOCAL REDISTRIBUTE dop: 16/16)", "Parent Relationship": "Outer", "Startup Cost": 269757.27, "Total Cost": 269757.29, "Plan Rows": 1, "Plan Width": 43, "Actual Min Startup Time": 3335.863, "Actual Max Startup Time": 3345.414, "Actual Min Total Time": 3337.795, "Actual Max Total Time": 3345.414, "Plans": [{"Node Type": "Aggregate", "Strategy": "Hashed", "Parent Relationship": "Outer", "Startup Cost": 269757.27, "Total Cost": 269757.27, "Plan Rows": 1, "Plan Width": 43, "Actual Min Startup Time": 3284.075, "Actual Max Startup Time": 3343.851, "Actual Min Total Time": 3284.076, "Actual Max Total Time": 3343.852, "Group By Key": ["lineitem.l_shipmode"], "Plans": [{"Node Type": "Hash Join", "Parent Relationship": "Outer", "Join Type": "Inner", "Startup Cost": 53371.45, "Total Cost": 269435.07, "Plan Rows": 294584, "Plan Width": 27, "Actual Min Startup Time": 646.97, "Actual Max Startup Time": 684.999, "Actual Min Total Time": 3258.294, "Actual Max Total Time": 3323.129, "Inner Unique": true, "Hash Cond": "(lineitem.l_orderkey = orders.o_orderkey), (LLVM Optimized, Jit Execute)", "Plans": [{"Node Type": "Streaming(type: BROADCAST dop: 16/16)", "Parent Relationship": "Outer", "Startup Cost": 2.24, "Total Cost": 214777.05, "Plan Rows": 4713344, "Plan Width": 19, "Actual Min Startup Time": 0.063, "Actual Max Startup Time": 0.129, "Actual Min Total Time": 2404.235, "Actual Max Total Time": 2547.525, "Plans": [{"Node Type": "Seq Scan", "Parent Relationship": "Outer", "Relation Name": "lineitem", "Alias": "lineitem", "Startup Cost": 2.24, "Total Cost": 187809.58, "Plan Rows": 294584, "Plan Width": 19, "Actual Min Startup Time": 0.035, "Actual Max Startup Time": 0.361, "Actual Min Total Time": 1573.952, "Actual Max Total Time": 2392.415, "Filter": "((l_shipmode = ANY ('{RAIL,FOB}'::bpchar[])) AND (l_commitdate < l_receiptdate) AND (l_shipdate < l_commitdate) AND (l_receiptdate >= '1997-01-01 00:00:00'::timestamp(0) without time zone) AND (l_receiptdate < '1998-01-01 00:00:00'::timestamp without time zone)), (LLVM Optimized, Jit Execute)", "Rows Removed by Filter": 59674804, "Actual Rows": 311248}], "Actual Rows": 4979968}, {"Node Type": "Hash", "Parent Relationship": "Inner", "Startup Cost": 41650.86, "Total Cost": 41650.86, "Plan Rows": 14999479, "Plan Width": 24, "Actual Min Startup Time": 645.416, "Actual Max Startup Time": 683.761, "Actual Min Total Time": 645.416, "Actual Max Total Time": 683.761, "Max Hash Buckets": 1048576, "Min Hash Buckets": 1048576, "Max Hash Batches": 1, "Min Hash Batches": 1, "Max Original Hash Batches": 1, "Min Original Hash Batches": 1, "Max Peak Memory Usage": 51347, "min Peak Memory Usage": 51347, "Plans": [{"Node Type": "Seq Scan", "Parent Relationship": "Outer", "Relation Name": "orders", "Alias": "orders", "Startup Cost": 0.0, "Total Cost": 41650.86, "Plan Rows": 14999479, "Plan Width": 24, "Actual Min Startup Time": 0.021, "Actual Max Startup Time": 0.036, "Actual Min Total Time": 332.744, "Actual Max Total Time": 356.106, "Actual Rows": 15000000}], "Actual Rows": 15000000}], "Actual Rows": 311248}], "Actual Rows": 32}], "Actual Rows": 32}], "Actual Rows": 2}], "Actual Rows": 2}], "Actual Rows": 2}, "Triggers": [], "Planner Runtime": 1.004, "Total Runtime": 3420.644, "Unique SQL Id": 2036526415}}, "(16, '1')": {"explain_plan": {"Plan": {"Node Type": "Sort", "Startup Cost": 3385295.37, "Total Cost": 3385295.37, "Plan Rows": 1, "Plan Width": 43, "Sort Key": ["lineitem.l_shipmode"], "Plans": [{"Node Type": "Streaming(type: LOCAL GATHER dop: 1/16)", "Parent Relationship": "Outer", "Startup Cost": 3385295.35, "Total Cost": 3385295.36, "Plan Rows": 1, "Plan Width": 43, "Plans": [{"Node Type": "Aggregate", "Strategy": "Hashed", "Parent Relationship": "Outer", "Startup Cost": 3385295.35, "Total Cost": 3385295.35, "Plan Rows": 1, "Plan Width": 43, "Group By Key": ["lineitem.l_shipmode"], "Plans": [{"Node Type": "Streaming(type: LOCAL REDISTRIBUTE dop: 16/16)", "Parent Relationship": "Outer", "Startup Cost": 3385295.33, "Total Cost": 3385295.35, "Plan Rows": 1, "Plan Width": 43, "Plans": [{"Node Type": "Aggregate", "Strategy": "Hashed", "Parent Relationship": "Outer", "Startup Cost": 3385295.33, "Total Cost": 3385295.33, "Plan Rows": 1, "Plan Width": 43, "Group By Key": ["lineitem.l_shipmode"], "Plans": [{"Node Type": "Hash Join", "Parent Relationship": "Outer", "Join Type": "Inner", "Startup Cost": 617076.66, "Total Cost": 3384973.13, "Plan Rows": 294584, "Plan Width": 27, "Inner Unique": true, "Hash Cond": "(lineitem.l_orderkey = orders.o_orderkey), (LLVM Optimized)", "Plans": [{"Node Type": "Streaming(type: BROADCAST dop: 16/16)", "Parent Relationship": "Outer", "Startup Cost": 0.0, "Total Cost": 2766607.66, "Plan Rows": 4713344, "Plan Width": 19, "Plans": [{"Node Type": "Index Scan", "Parent Relationship": "Outer", "Scan Direction": "Forward", "Index Name": "idx_lineitem_orderkey", "Relation Name": "lineitem", "Alias": "lineitem", "Startup Cost": 0.0, "Total Cost": 2739640.18, "Plan Rows": 294584, "Plan Width": 19, "Filter": "((l_shipmode = ANY ('{RAIL,FOB}'::bpchar[])) AND (l_commitdate < l_receiptdate) AND (l_shipdate < l_commitdate) AND (l_receiptdate >= '1997-01-01 00:00:00'::timestamp(0) without time zone) AND (l_receiptdate < '1998-01-01 00:00:00'::timestamp without time zone)), (LLVM Optimized)"}]}, {"Node Type": "Hash", "Parent Relationship": "Inner", "Startup Cost": 605358.32, "Total Cost": 605358.32, "Plan Rows": 14999479, "Plan Width": 24, "Plans": [{"Node Type": "Index Scan", "Parent Relationship": "Outer", "Scan Direction": "Forward", "Index Name": "orders_pkey", "Relation Name": "orders", "Alias": "orders", "Startup Cost": 0.0, "Total Cost": 605358.32, "Plan Rows": 14999479, "Plan Width": 24}]}]}]}]}]}]}]}, "Unique SQL Id": 2036526415, "Planner Runtime": 1}, "explain_analyze_plan": {"Plan": {"Node Type": "Sort", "Startup Cost": 3385295.37, "Total Cost": 3385295.37, "Plan Rows": 1, "Plan Width": 43, "Actual Min Startup Time": 5075.032, "Actual Max Startup Time": 5075.032, "Actual Min Total Time": 5075.033, "Actual Max Total Time": 5075.033, "Sort Key": ["lineitem.l_shipmode"], "Sort Method": "quicksort", "Sort Space Min Used": 25, "Sort Space Max Used": 25, "Sort Space Type": "Memory", "Plans": [{"Node Type": "Streaming(type: LOCAL GATHER dop: 1/16)", "Parent Relationship": "Outer", "Startup Cost": 3385295.35, "Total Cost": 3385295.36, "Plan Rows": 1, "Plan Width": 43, "Actual Min Startup Time": 5074.885, "Actual Max Startup Time": 5074.885, "Actual Min Total Time": 5074.987, "Actual Max Total Time": 5074.987, "Plans": [{"Node Type": "Aggregate", "Strategy": "Hashed", "Parent Relationship": "Outer", "Startup Cost": 3385295.35, "Total Cost": 3385295.35, "Plan Rows": 1, "Plan Width": 43, "Actual Min Startup Time": 5015.588, "Actual Max Startup Time": 5024.638, "Actual Min Total Time": 5015.588, "Actual Max Total Time": 5024.638, "Group By Key": ["lineitem.l_shipmode"], "Plans": [{"Node Type": "Streaming(type: LOCAL REDISTRIBUTE dop: 16/16)", "Parent Relationship": "Outer", "Startup Cost": 3385295.33, "Total Cost": 3385295.35, "Plan Rows": 1, "Plan Width": 43, "Actual Min Startup Time": 5012.32, "Actual Max Startup Time": 5024.63, "Actual Min Total Time": 5015.583, "Actual Max Total Time": 5024.63, "Plans": [{"Node Type": "Aggregate", "Strategy": "Hashed", "Parent Relationship": "Outer", "Startup Cost": 3385295.33, "Total Cost": 3385295.33, "Plan Rows": 1, "Plan Width": 43, "Actual Min Startup Time": 4974.395, "Actual Max Startup Time": 5022.138, "Actual Min Total Time": 4974.397, "Actual Max Total Time": 5022.139, "Group By Key": ["lineitem.l_shipmode"], "Plans": [{"Node Type": "Hash Join", "Parent Relationship": "Outer", "Join Type": "Inner", "Startup Cost": 617076.66, "Total Cost": 3384973.13, "Plan Rows": 294584, "Plan Width": 27, "Actual Min Startup Time": 1064.978, "Actual Max Startup Time": 1217.017, "Actual Min Total Time": 4947.451, "Actual Max Total Time": 5001.164, "Inner Unique": true, "Hash Cond": "(lineitem.l_orderkey = orders.o_orderkey), (LLVM Optimized, Jit Execute)", "Plans": [{"Node Type": "Streaming(type: BROADCAST dop: 16/16)", "Parent Relationship": "Outer", "Startup Cost": 0.0, "Total Cost": 2766607.66, "Plan Rows": 4713344, "Plan Width": 19, "Actual Min Startup Time": 0.061, "Actual Max Startup Time": 0.124, "Actual Min Total Time": 3631.718, "Actual Max Total Time": 3764.15, "Plans": [{"Node Type": "Index Scan", "Parent Relationship": "Outer", "Scan Direction": "Forward", "Index Name": "idx_lineitem_orderkey", "Relation Name": "lineitem", "Alias": "lineitem", "Startup Cost": 0.0, "Total Cost": 2739640.18, "Plan Rows": 294584, "Plan Width": 19, "Actual Min Startup Time": 543.73, "Actual Max Startup Time": 581.962, "Actual Min Total Time": 3404.899, "Actual Max Total Time": 4158.411, "Filter": "((l_shipmode = ANY ('{RAIL,FOB}'::bpchar[])) AND (l_commitdate < l_receiptdate) AND (l_shipdate < l_commitdate) AND (l_receiptdate >= '1997-01-01 00:00:00'::timestamp(0) without time zone) AND (l_receiptdate < '1998-01-01 00:00:00'::timestamp without time zone)), (LLVM Optimized, Jit Execute)", "Rows Removed by Filter": 59674804, "Actual Rows": 311248}], "Actual Rows": 4979968}, {"Node Type": "Hash", "Parent Relationship": "Inner", "Startup Cost": 605358.32, "Total Cost": 605358.32, "Plan Rows": 14999479, "Plan Width": 24, "Actual Min Startup Time": 1063.349, "Actual Max Startup Time": 1215.506, "Actual Min Total Time": 1063.349, "Actual Max Total Time": 1215.506, "Max Hash Buckets": 1048576, "Min Hash Buckets": 1048576, "Max Hash Batches": 1, "Min Hash Batches": 1, "Max Original Hash Batches": 1, "Min Original Hash Batches": 1, "Max Peak Memory Usage": 51275, "min Peak Memory Usage": 51275, "Plans": [{"Node Type": "Index Scan", "Parent Relationship": "Outer", "Scan Direction": "Forward", "Index Name": "orders_pkey", "Relation Name": "orders", "Alias": "orders", "Startup Cost": 0.0, "Total Cost": 605358.32, "Plan Rows": 14999479, "Plan Width": 24, "Actual Min Startup Time": 138.453, "Actual Max Startup Time": 185.894, "Actual Min Total Time": 740.2, "Actual Max Total Time": 900.065, "Actual Rows": 15000000}], "Actual Rows": 15000000}], "Actual Rows": 311248}], "Actual Rows": 32}], "Actual Rows": 32}], "Actual Rows": 2}], "Actual Rows": 2}], "Actual Rows": 2}, "Triggers": [], "Planner Runtime": 0.935, "Total Runtime": 5095.078, "Unique SQL Id": 2036526415}}, "(16, '2')": {"explain_plan": {"Plan": {"Node Type": "Sort", "Startup Cost": 269757.31, "Total Cost": 269757.31, "Plan Rows": 1, "Plan Width": 43, "Sort Key": ["lineitem.l_shipmode"], "Plans": [{"Node Type": "Streaming(type: LOCAL GATHER dop: 1/16)", "Parent Relationship": "Outer", "Startup Cost": 269757.29, "Total Cost": 269757.3, "Plan Rows": 1, "Plan Width": 43, "Plans": [{"Node Type": "Aggregate", "Strategy": "Hashed", "Parent Relationship": "Outer", "Startup Cost": 269757.29, "Total Cost": 269757.29, "Plan Rows": 1, "Plan Width": 43, "Group By Key": ["lineitem.l_shipmode"], "Plans": [{"Node Type": "Streaming(type: LOCAL REDISTRIBUTE dop: 16/16)", "Parent Relationship": "Outer", "Startup Cost": 269757.27, "Total Cost": 269757.29, "Plan Rows": 1, "Plan Width": 43, "Plans": [{"Node Type": "Aggregate", "Strategy": "Hashed", "Parent Relationship": "Outer", "Startup Cost": 269757.27, "Total Cost": 269757.27, "Plan Rows": 1, "Plan Width": 43, "Group By Key": ["lineitem.l_shipmode"], "Plans": [{"Node Type": "Hash Join", "Parent Relationship": "Outer", "Join Type": "Inner", "Startup Cost": 53371.45, "Total Cost": 269435.07, "Plan Rows": 294584, "Plan Width": 27, "Inner Unique": true, "Hash Cond": "(lineitem.l_orderkey = orders.o_orderkey), (LLVM Optimized)", "Plans": [{"Node Type": "Streaming(type: BROADCAST dop: 16/16)", "Parent Relationship": "Outer", "Startup Cost": 2.24, "Total Cost": 214777.05, "Plan Rows": 4713344, "Plan Width": 19, "Plans": [{"Node Type": "Seq Scan", "Parent Relationship": "Outer", "Relation Name": "lineitem", "Alias": "lineitem", "Startup Cost": 2.24, "Total Cost": 187809.58, "Plan Rows": 294584, "Plan Width": 19, "Filter": "((l_shipmode = ANY ('{RAIL,FOB}'::bpchar[])) AND (l_commitdate < l_receiptdate) AND (l_shipdate < l_commitdate) AND (l_receiptdate >= '1997-01-01 00:00:00'::timestamp(0) without time zone) AND (l_receiptdate < '1998-01-01 00:00:00'::timestamp without time zone)), (LLVM Optimized)"}]}, {"Node Type": "Hash", "Parent Relationship": "Inner", "Startup Cost": 41650.86, "Total Cost": 41650.86, "Plan Rows": 14999479, "Plan Width": 24, "Plans": [{"Node Type": "Seq Scan", "Parent Relationship": "Outer", "Relation Name": "orders", "Alias": "orders", "Startup Cost": 0.0, "Total Cost": 41650.86, "Plan Rows": 14999479, "Plan Width": 24}]}]}]}]}]}]}]}, "Unique SQL Id": 2036526415, "Planner Runtime": 1}, "explain_analyze_plan": {"Plan": {"Node Type": "Sort", "Startup Cost": 269757.31, "Total Cost": 269757.31, "Plan Rows": 1, "Plan Width": 43, "Actual Min Startup Time": 3400.937, "Actual Max Startup Time": 3400.937, "Actual Min Total Time": 3400.938, "Actual Max Total Time": 3400.938, "Sort Key": ["lineitem.l_shipmode"], "Sort Method": "quicksort", "Sort Space Min Used": 25, "Sort Space Max Used": 25, "Sort Space Type": "Memory", "Plans": [{"Node Type": "Streaming(type: LOCAL GATHER dop: 1/16)", "Parent Relationship": "Outer", "Startup Cost": 269757.29, "Total Cost": 269757.3, "Plan Rows": 1, "Plan Width": 43, "Actual Min Startup Time": 3400.842, "Actual Max Startup Time": 3400.842, "Actual Min Total Time": 3400.891, "Actual Max Total Time": 3400.891, "Plans": [{"Node Type": "Aggregate", "Strategy": "Hashed", "Parent Relationship": "Outer", "Startup Cost": 269757.29, "Total Cost": 269757.29, "Plan Rows": 1, "Plan Width": 43, "Actual Min Startup Time": 3337.8, "Actual Max Startup Time": 3345.421, "Actual Min Total Time": 3337.8, "Actual Max Total Time": 3345.421, "Group By Key": ["lineitem.l_shipmode"], "Plans": [{"Node Type": "Streaming(type: LOCAL REDISTRIBUTE dop: 16/16)", "Parent Relationship": "Outer", "Startup Cost": 269757.27, "Total Cost": 269757.29, "Plan Rows": 1, "Plan Width": 43, "Actual Min Startup Time": 3335.863, "Actual Max Startup Time": 3345.414, "Actual Min Total Time": 3337.795, "Actual Max Total Time": 3345.414, "Plans": [{"Node Type": "Aggregate", "Strategy": "Hashed", "Parent Relationship": "Outer", "Startup Cost": 269757.27, "Total Cost": 269757.27, "Plan Rows": 1, "Plan Width": 43, "Actual Min Startup Time": 3284.075, "Actual Max Startup Time": 3343.851, "Actual Min Total Time": 3284.076, "Actual Max Total Time": 3343.852, "Group By Key": ["lineitem.l_shipmode"], "Plans": [{"Node Type": "Hash Join", "Parent Relationship": "Outer", "Join Type": "Inner", "Startup Cost": 53371.45, "Total Cost": 269435.07, "Plan Rows": 294584, "Plan Width": 27, "Actual Min Startup Time": 646.97, "Actual Max Startup Time": 684.999, "Actual Min Total Time": 3258.294, "Actual Max Total Time": 3323.129, "Inner Unique": true, "Hash Cond": "(lineitem.l_orderkey = orders.o_orderkey), (LLVM Optimized, Jit Execute)", "Plans": [{"Node Type": "Streaming(type: BROADCAST dop: 16/16)", "Parent Relationship": "Outer", "Startup Cost": 2.24, "Total Cost": 214777.05, "Plan Rows": 4713344, "Plan Width": 19, "Actual Min Startup Time": 0.063, "Actual Max Startup Time": 0.129, "Actual Min Total Time": 2404.235, "Actual Max Total Time": 2547.525, "Plans": [{"Node Type": "Seq Scan", "Parent Relationship": "Outer", "Relation Name": "lineitem", "Alias": "lineitem", "Startup Cost": 2.24, "Total Cost": 187809.58, "Plan Rows": 294584, "Plan Width": 19, "Actual Min Startup Time": 0.035, "Actual Max Startup Time": 0.361, "Actual Min Total Time": 1573.952, "Actual Max Total Time": 2392.415, "Filter": "((l_shipmode = ANY ('{RAIL,FOB}'::bpchar[])) AND (l_commitdate < l_receiptdate) AND (l_shipdate < l_commitdate) AND (l_receiptdate >= '1997-01-01 00:00:00'::timestamp(0) without time zone) AND (l_receiptdate < '1998-01-01 00:00:00'::timestamp without time zone)), (LLVM Optimized, Jit Execute)", "Rows Removed by Filter": 59674804, "Actual Rows": 311248}], "Actual Rows": 4979968}, {"Node Type": "Hash", "Parent Relationship": "Inner", "Startup Cost": 41650.86, "Total Cost": 41650.86, "Plan Rows": 14999479, "Plan Width": 24, "Actual Min Startup Time": 645.416, "Actual Max Startup Time": 683.761, "Actual Min Total Time": 645.416, "Actual Max Total Time": 683.761, "Max Hash Buckets": 1048576, "Min Hash Buckets": 1048576, "Max Hash Batches": 1, "Min Hash Batches": 1, "Max Original Hash Batches": 1, "Min Original Hash Batches": 1, "Max Peak Memory Usage": 51347, "min Peak Memory Usage": 51347, "Plans": [{"Node Type": "Seq Scan", "Parent Relationship": "Outer", "Relation Name": "orders", "Alias": "orders", "Startup Cost": 0.0, "Total Cost": 41650.86, "Plan Rows": 14999479, "Plan Width": 24, "Actual Min Startup Time": 0.021, "Actual Max Startup Time": 0.036, "Actual Min Total Time": 332.744, "Actual Max Total Time": 356.106, "Actual Rows": 15000000}], "Actual Rows": 15000000}], "Actual Rows": 311248}], "Actual Rows": 32}], "Actual Rows": 32}], "Actual Rows": 2}], "Actual Rows": 2}], "Actual Rows": 2}, "Triggers": [], "Planner Runtime": 1.004, "Total Runtime": 3420.644, "Unique SQL Id": 2036526415}}, "(16, '3')": {"explain_plan": {"Plan": {"Node Type": "Sort", "Startup Cost": 4921486.87, "Total Cost": 4921486.87, "Plan Rows": 1, "Plan Width": 43, "Sort Key": ["lineitem.l_shipmode"], "Plans": [{"Node Type": "Aggregate", "Strategy": "Hashed", "Parent Relationship": "Outer", "Startup Cost": 4921486.85, "Total Cost": 4921486.86, "Plan Rows": 1, "Plan Width": 43, "Group By Key": ["lineitem.l_shipmode"], "Plans": [{"Node Type": "Hash Join", "Parent Relationship": "Outer", "Join Type": "Inner", "Startup Cost": 2147327.85, "Total Cost": 4916331.63, "Plan Rows": 294584, "Plan Width": 27, "Inner Unique": true, "Hash Cond": "(lineitem.l_orderkey = orders.o_orderkey), (LLVM Optimized)", "Plans": [{"Node Type": "Bitmap Heap Scan", "Parent Relationship": "Outer", "Relation Name": "lineitem", "Alias": "lineitem", "Startup Cost": 1225109.06, "Total Cost": 3990062.3, "Plan Rows": 294584, "Plan Width": 19, "Filter": "((l_shipmode = ANY ('{RAIL,FOB}'::bpchar[])) AND (l_commitdate < l_receiptdate) AND (l_shipdate < l_commitdate) AND (l_receiptdate >= '1997-01-01 00:00:00'::timestamp(0) without time zone) AND (l_receiptdate < '1998-01-01 00:00:00'::timestamp without time zone)), (LLVM Optimized)", "Plans": [{"Node Type": "Bitmap Index Scan", "Parent Relationship": "Outer", "Index Name": "idx_lineitem_orderkey", "Startup Cost": 0.0, "Total Cost": 1225035.42, "Plan Rows": 59987033, "Plan Width": 0}]}, {"Node Type": "Hash", "Parent Relationship": "Inner", "Startup Cost": 734725.3, "Total Cost": 734725.3, "Plan Rows": 14999479, "Plan Width": 24, "Plans": [{"Node Type": "Bitmap Heap Scan", "Parent Relationship": "Outer", "Relation Name": "orders", "Alias": "orders", "Startup Cost": 308311.51, "Total Cost": 734725.3, "Plan Rows": 14999479, "Plan Width": 24, "Plans": [{"Node Type": "Bitmap Index Scan", "Parent Relationship": "Outer", "Index Name": "orders_pkey", "Startup Cost": 0.0, "Total Cost": 304561.65, "Plan Rows": 14999479, "Plan Width": 0}]}]}]}]}]}, "Unique SQL Id": 2036526415, "Planner Runtime": 0}, "explain_analyze_plan": null}, "(16, '4')": {"explain_plan": {"Plan": {"Node Type": "Sort", "Startup Cost": 269757.31, "Total Cost": 269757.31, "Plan Rows": 1, "Plan Width": 43, "Sort Key": ["lineitem.l_shipmode"], "Plans": [{"Node Type": "Streaming(type: LOCAL GATHER dop: 1/16)", "Parent Relationship": "Outer", "Startup Cost": 269757.29, "Total Cost": 269757.3, "Plan Rows": 1, "Plan Width": 43, "Plans": [{"Node Type": "Aggregate", "Strategy": "Hashed", "Parent Relationship": "Outer", "Startup Cost": 269757.29, "Total Cost": 269757.29, "Plan Rows": 1, "Plan Width": 43, "Group By Key": ["lineitem.l_shipmode"], "Plans": [{"Node Type": "Streaming(type: LOCAL REDISTRIBUTE dop: 16/16)", "Parent Relationship": "Outer", "Startup Cost": 269757.27, "Total Cost": 269757.29, "Plan Rows": 1, "Plan Width": 43, "Plans": [{"Node Type": "Aggregate", "Strategy": "Hashed", "Parent Relationship": "Outer", "Startup Cost": 269757.27, "Total Cost": 269757.27, "Plan Rows": 1, "Plan Width": 43, "Group By Key": ["lineitem.l_shipmode"], "Plans": [{"Node Type": "Hash Join", "Parent Relationship": "Outer", "Join Type": "Inner", "Startup Cost": 53371.45, "Total Cost": 269435.07, "Plan Rows": 294584, "Plan Width": 27, "Inner Unique": true, "Hash Cond": "(lineitem.l_orderkey = orders.o_orderkey), (LLVM Optimized)", "Plans": [{"Node Type": "Streaming(type: BROADCAST dop: 16/16)", "Parent Relationship": "Outer", "Startup Cost": 2.24, "Total Cost": 214777.05, "Plan Rows": 4713344, "Plan Width": 19, "Plans": [{"Node Type": "Seq Scan", "Parent Relationship": "Outer", "Relation Name": "lineitem", "Alias": "lineitem", "Startup Cost": 2.24, "Total Cost": 187809.58, "Plan Rows": 294584, "Plan Width": 19, "Filter": "((l_shipmode = ANY ('{RAIL,FOB}'::bpchar[])) AND (l_commitdate < l_receiptdate) AND (l_shipdate < l_commitdate) AND (l_receiptdate >= '1997-01-01 00:00:00'::timestamp(0) without time zone) AND (l_receiptdate < '1998-01-01 00:00:00'::timestamp without time zone)), (LLVM Optimized)"}]}, {"Node Type": "Hash", "Parent Relationship": "Inner", "Startup Cost": 41650.86, "Total Cost": 41650.86, "Plan Rows": 14999479, "Plan Width": 24, "Plans": [{"Node Type": "Seq Scan", "Parent Relationship": "Outer", "Relation Name": "orders", "Alias": "orders", "Startup Cost": 0.0, "Total Cost": 41650.86, "Plan Rows": 14999479, "Plan Width": 24}]}]}]}]}]}]}]}, "Unique SQL Id": 2036526415, "Planner Runtime": 1}, "explain_analyze_plan": {"Plan": {"Node Type": "Sort", "Startup Cost": 269757.31, "Total Cost": 269757.31, "Plan Rows": 1, "Plan Width": 43, "Actual Min Startup Time": 3400.937, "Actual Max Startup Time": 3400.937, "Actual Min Total Time": 3400.938, "Actual Max Total Time": 3400.938, "Sort Key": ["lineitem.l_shipmode"], "Sort Method": "quicksort", "Sort Space Min Used": 25, "Sort Space Max Used": 25, "Sort Space Type": "Memory", "Plans": [{"Node Type": "Streaming(type: LOCAL GATHER dop: 1/16)", "Parent Relationship": "Outer", "Startup Cost": 269757.29, "Total Cost": 269757.3, "Plan Rows": 1, "Plan Width": 43, "Actual Min Startup Time": 3400.842, "Actual Max Startup Time": 3400.842, "Actual Min Total Time": 3400.891, "Actual Max Total Time": 3400.891, "Plans": [{"Node Type": "Aggregate", "Strategy": "Hashed", "Parent Relationship": "Outer", "Startup Cost": 269757.29, "Total Cost": 269757.29, "Plan Rows": 1, "Plan Width": 43, "Actual Min Startup Time": 3337.8, "Actual Max Startup Time": 3345.421, "Actual Min Total Time": 3337.8, "Actual Max Total Time": 3345.421, "Group By Key": ["lineitem.l_shipmode"], "Plans": [{"Node Type": "Streaming(type: LOCAL REDISTRIBUTE dop: 16/16)", "Parent Relationship": "Outer", "Startup Cost": 269757.27, "Total Cost": 269757.29, "Plan Rows": 1, "Plan Width": 43, "Actual Min Startup Time": 3335.863, "Actual Max Startup Time": 3345.414, "Actual Min Total Time": 3337.795, "Actual Max Total Time": 3345.414, "Plans": [{"Node Type": "Aggregate", "Strategy": "Hashed", "Parent Relationship": "Outer", "Startup Cost": 269757.27, "Total Cost": 269757.27, "Plan Rows": 1, "Plan Width": 43, "Actual Min Startup Time": 3284.075, "Actual Max Startup Time": 3343.851, "Actual Min Total Time": 3284.076, "Actual Max Total Time": 3343.852, "Group By Key": ["lineitem.l_shipmode"], "Plans": [{"Node Type": "Hash Join", "Parent Relationship": "Outer", "Join Type": "Inner", "Startup Cost": 53371.45, "Total Cost": 269435.07, "Plan Rows": 294584, "Plan Width": 27, "Actual Min Startup Time": 646.97, "Actual Max Startup Time": 684.999, "Actual Min Total Time": 3258.294, "Actual Max Total Time": 3323.129, "Inner Unique": true, "Hash Cond": "(lineitem.l_orderkey = orders.o_orderkey), (LLVM Optimized, Jit Execute)", "Plans": [{"Node Type": "Streaming(type: BROADCAST dop: 16/16)", "Parent Relationship": "Outer", "Startup Cost": 2.24, "Total Cost": 214777.05, "Plan Rows": 4713344, "Plan Width": 19, "Actual Min Startup Time": 0.063, "Actual Max Startup Time": 0.129, "Actual Min Total Time": 2404.235, "Actual Max Total Time": 2547.525, "Plans": [{"Node Type": "Seq Scan", "Parent Relationship": "Outer", "Relation Name": "lineitem", "Alias": "lineitem", "Startup Cost": 2.24, "Total Cost": 187809.58, "Plan Rows": 294584, "Plan Width": 19, "Actual Min Startup Time": 0.035, "Actual Max Startup Time": 0.361, "Actual Min Total Time": 1573.952, "Actual Max Total Time": 2392.415, "Filter": "((l_shipmode = ANY ('{RAIL,FOB}'::bpchar[])) AND (l_commitdate < l_receiptdate) AND (l_shipdate < l_commitdate) AND (l_receiptdate >= '1997-01-01 00:00:00'::timestamp(0) without time zone) AND (l_receiptdate < '1998-01-01 00:00:00'::timestamp without time zone)), (LLVM Optimized, Jit Execute)", "Rows Removed by Filter": 59674804, "Actual Rows": 311248}], "Actual Rows": 4979968}, {"Node Type": "Hash", "Parent Relationship": "Inner", "Startup Cost": 41650.86, "Total Cost": 41650.86, "Plan Rows": 14999479, "Plan Width": 24, "Actual Min Startup Time": 645.416, "Actual Max Startup Time": 683.761, "Actual Min Total Time": 645.416, "Actual Max Total Time": 683.761, "Max Hash Buckets": 1048576, "Min Hash Buckets": 1048576, "Max Hash Batches": 1, "Min Hash Batches": 1, "Max Original Hash Batches": 1, "Min Original Hash Batches": 1, "Max Peak Memory Usage": 51347, "min Peak Memory Usage": 51347, "Plans": [{"Node Type": "Seq Scan", "Parent Relationship": "Outer", "Relation Name": "orders", "Alias": "orders", "Startup Cost": 0.0, "Total Cost": 41650.86, "Plan Rows": 14999479, "Plan Width": 24, "Actual Min Startup Time": 0.021, "Actual Max Startup Time": 0.036, "Actual Min Total Time": 332.744, "Actual Max Total Time": 356.106, "Actual Rows": 15000000}], "Actual Rows": 15000000}], "Actual Rows": 311248}], "Actual Rows": 32}], "Actual Rows": 32}], "Actual Rows": 2}], "Actual Rows": 2}], "Actual Rows": 2}, "Triggers": [], "Planner Runtime": 1.004, "Total Runtime": 3420.644, "Unique SQL Id": 2036526415}}, "(16, '5')": {"explain_plan": {"Plan": {"Node Type": "Sort", "Startup Cost": 3385295.37, "Total Cost": 3385295.37, "Plan Rows": 1, "Plan Width": 43, "Sort Key": ["lineitem.l_shipmode"], "Plans": [{"Node Type": "Streaming(type: LOCAL GATHER dop: 1/16)", "Parent Relationship": "Outer", "Startup Cost": 3385295.35, "Total Cost": 3385295.36, "Plan Rows": 1, "Plan Width": 43, "Plans": [{"Node Type": "Aggregate", "Strategy": "Hashed", "Parent Relationship": "Outer", "Startup Cost": 3385295.35, "Total Cost": 3385295.35, "Plan Rows": 1, "Plan Width": 43, "Group By Key": ["lineitem.l_shipmode"], "Plans": [{"Node Type": "Streaming(type: LOCAL REDISTRIBUTE dop: 16/16)", "Parent Relationship": "Outer", "Startup Cost": 3385295.33, "Total Cost": 3385295.35, "Plan Rows": 1, "Plan Width": 43, "Plans": [{"Node Type": "Aggregate", "Strategy": "Hashed", "Parent Relationship": "Outer", "Startup Cost": 3385295.33, "Total Cost": 3385295.33, "Plan Rows": 1, "Plan Width": 43, "Group By Key": ["lineitem.l_shipmode"], "Plans": [{"Node Type": "Hash Join", "Parent Relationship": "Outer", "Join Type": "Inner", "Startup Cost": 617076.66, "Total Cost": 3384973.13, "Plan Rows": 294584, "Plan Width": 27, "Inner Unique": true, "Hash Cond": "(lineitem.l_orderkey = orders.o_orderkey), (LLVM Optimized)", "Plans": [{"Node Type": "Streaming(type: BROADCAST dop: 16/16)", "Parent Relationship": "Outer", "Startup Cost": 0.0, "Total Cost": 2766607.66, "Plan Rows": 4713344, "Plan Width": 19, "Plans": [{"Node Type": "Index Scan", "Parent Relationship": "Outer", "Scan Direction": "Forward", "Index Name": "idx_lineitem_orderkey", "Relation Name": "lineitem", "Alias": "lineitem", "Startup Cost": 0.0, "Total Cost": 2739640.18, "Plan Rows": 294584, "Plan Width": 19, "Filter": "((l_shipmode = ANY ('{RAIL,FOB}'::bpchar[])) AND (l_commitdate < l_receiptdate) AND (l_shipdate < l_commitdate) AND (l_receiptdate >= '1997-01-01 00:00:00'::timestamp(0) without time zone) AND (l_receiptdate < '1998-01-01 00:00:00'::timestamp without time zone)), (LLVM Optimized)"}]}, {"Node Type": "Hash", "Parent Relationship": "Inner", "Startup Cost": 605358.32, "Total Cost": 605358.32, "Plan Rows": 14999479, "Plan Width": 24, "Plans": [{"Node Type": "Index Scan", "Parent Relationship": "Outer", "Scan Direction": "Forward", "Index Name": "orders_pkey", "Relation Name": "orders", "Alias": "orders", "Startup Cost": 0.0, "Total Cost": 605358.32, "Plan Rows": 14999479, "Plan Width": 24}]}]}]}]}]}]}]}, "Unique SQL Id": 2036526415, "Planner Runtime": 1}, "explain_analyze_plan": {"Plan": {"Node Type": "Sort", "Startup Cost": 3385295.37, "Total Cost": 3385295.37, "Plan Rows": 1, "Plan Width": 43, "Actual Min Startup Time": 5075.032, "Actual Max Startup Time": 5075.032, "Actual Min Total Time": 5075.033, "Actual Max Total Time": 5075.033, "Sort Key": ["lineitem.l_shipmode"], "Sort Method": "quicksort", "Sort Space Min Used": 25, "Sort Space Max Used": 25, "Sort Space Type": "Memory", "Plans": [{"Node Type": "Streaming(type: LOCAL GATHER dop: 1/16)", "Parent Relationship": "Outer", "Startup Cost": 3385295.35, "Total Cost": 3385295.36, "Plan Rows": 1, "Plan Width": 43, "Actual Min Startup Time": 5074.885, "Actual Max Startup Time": 5074.885, "Actual Min Total Time": 5074.987, "Actual Max Total Time": 5074.987, "Plans": [{"Node Type": "Aggregate", "Strategy": "Hashed", "Parent Relationship": "Outer", "Startup Cost": 3385295.35, "Total Cost": 3385295.35, "Plan Rows": 1, "Plan Width": 43, "Actual Min Startup Time": 5015.588, "Actual Max Startup Time": 5024.638, "Actual Min Total Time": 5015.588, "Actual Max Total Time": 5024.638, "Group By Key": ["lineitem.l_shipmode"], "Plans": [{"Node Type": "Streaming(type: LOCAL REDISTRIBUTE dop: 16/16)", "Parent Relationship": "Outer", "Startup Cost": 3385295.33, "Total Cost": 3385295.35, "Plan Rows": 1, "Plan Width": 43, "Actual Min Startup Time": 5012.32, "Actual Max Startup Time": 5024.63, "Actual Min Total Time": 5015.583, "Actual Max Total Time": 5024.63, "Plans": [{"Node Type": "Aggregate", "Strategy": "Hashed", "Parent Relationship": "Outer", "Startup Cost": 3385295.33, "Total Cost": 3385295.33, "Plan Rows": 1, "Plan Width": 43, "Actual Min Startup Time": 4974.395, "Actual Max Startup Time": 5022.138, "Actual Min Total Time": 4974.397, "Actual Max Total Time": 5022.139, "Group By Key": ["lineitem.l_shipmode"], "Plans": [{"Node Type": "Hash Join", "Parent Relationship": "Outer", "Join Type": "Inner", "Startup Cost": 617076.66, "Total Cost": 3384973.13, "Plan Rows": 294584, "Plan Width": 27, "Actual Min Startup Time": 1064.978, "Actual Max Startup Time": 1217.017, "Actual Min Total Time": 4947.451, "Actual Max Total Time": 5001.164, "Inner Unique": true, "Hash Cond": "(lineitem.l_orderkey = orders.o_orderkey), (LLVM Optimized, Jit Execute)", "Plans": [{"Node Type": "Streaming(type: BROADCAST dop: 16/16)", "Parent Relationship": "Outer", "Startup Cost": 0.0, "Total Cost": 2766607.66, "Plan Rows": 4713344, "Plan Width": 19, "Actual Min Startup Time": 0.061, "Actual Max Startup Time": 0.124, "Actual Min Total Time": 3631.718, "Actual Max Total Time": 3764.15, "Plans": [{"Node Type": "Index Scan", "Parent Relationship": "Outer", "Scan Direction": "Forward", "Index Name": "idx_lineitem_orderkey", "Relation Name": "lineitem", "Alias": "lineitem", "Startup Cost": 0.0, "Total Cost": 2739640.18, "Plan Rows": 294584, "Plan Width": 19, "Actual Min Startup Time": 543.73, "Actual Max Startup Time": 581.962, "Actual Min Total Time": 3404.899, "Actual Max Total Time": 4158.411, "Filter": "((l_shipmode = ANY ('{RAIL,FOB}'::bpchar[])) AND (l_commitdate < l_receiptdate) AND (l_shipdate < l_commitdate) AND (l_receiptdate >= '1997-01-01 00:00:00'::timestamp(0) without time zone) AND (l_receiptdate < '1998-01-01 00:00:00'::timestamp without time zone)), (LLVM Optimized, Jit Execute)", "Rows Removed by Filter": 59674804, "Actual Rows": 311248}], "Actual Rows": 4979968}, {"Node Type": "Hash", "Parent Relationship": "Inner", "Startup Cost": 605358.32, "Total Cost": 605358.32, "Plan Rows": 14999479, "Plan Width": 24, "Actual Min Startup Time": 1063.349, "Actual Max Startup Time": 1215.506, "Actual Min Total Time": 1063.349, "Actual Max Total Time": 1215.506, "Max Hash Buckets": 1048576, "Min Hash Buckets": 1048576, "Max Hash Batches": 1, "Min Hash Batches": 1, "Max Original Hash Batches": 1, "Min Original Hash Batches": 1, "Max Peak Memory Usage": 51275, "min Peak Memory Usage": 51275, "Plans": [{"Node Type": "Index Scan", "Parent Relationship": "Outer", "Scan Direction": "Forward", "Index Name": "orders_pkey", "Relation Name": "orders", "Alias": "orders", "Startup Cost": 0.0, "Total Cost": 605358.32, "Plan Rows": 14999479, "Plan Width": 24, "Actual Min Startup Time": 138.453, "Actual Max Startup Time": 185.894, "Actual Min Total Time": 740.2, "Actual Max Total Time": 900.065, "Actual Rows": 15000000}], "Actual Rows": 15000000}], "Actual Rows": 311248}], "Actual Rows": 32}], "Actual Rows": 32}], "Actual Rows": 2}], "Actual Rows": 2}], "Actual Rows": 2}, "Triggers": [], "Planner Runtime": 0.935, "Total Runtime": 5095.078, "Unique SQL Id": 2036526415}}, "(16, '6')": {"explain_plan": {"Plan": {"Node Type": "Sort", "Startup Cost": 269757.31, "Total Cost": 269757.31, "Plan Rows": 1, "Plan Width": 43, "Sort Key": ["lineitem.l_shipmode"], "Plans": [{"Node Type": "Streaming(type: LOCAL GATHER dop: 1/16)", "Parent Relationship": "Outer", "Startup Cost": 269757.29, "Total Cost": 269757.3, "Plan Rows": 1, "Plan Width": 43, "Plans": [{"Node Type": "Aggregate", "Strategy": "Hashed", "Parent Relationship": "Outer", "Startup Cost": 269757.29, "Total Cost": 269757.29, "Plan Rows": 1, "Plan Width": 43, "Group By Key": ["lineitem.l_shipmode"], "Plans": [{"Node Type": "Streaming(type: LOCAL REDISTRIBUTE dop: 16/16)", "Parent Relationship": "Outer", "Startup Cost": 269757.27, "Total Cost": 269757.29, "Plan Rows": 1, "Plan Width": 43, "Plans": [{"Node Type": "Aggregate", "Strategy": "Hashed", "Parent Relationship": "Outer", "Startup Cost": 269757.27, "Total Cost": 269757.27, "Plan Rows": 1, "Plan Width": 43, "Group By Key": ["lineitem.l_shipmode"], "Plans": [{"Node Type": "Hash Join", "Parent Relationship": "Outer", "Join Type": "Inner", "Startup Cost": 53371.45, "Total Cost": 269435.07, "Plan Rows": 294584, "Plan Width": 27, "Inner Unique": true, "Hash Cond": "(lineitem.l_orderkey = orders.o_orderkey), (LLVM Optimized)", "Plans": [{"Node Type": "Streaming(type: BROADCAST dop: 16/16)", "Parent Relationship": "Outer", "Startup Cost": 2.24, "Total Cost": 214777.05, "Plan Rows": 4713344, "Plan Width": 19, "Plans": [{"Node Type": "Seq Scan", "Parent Relationship": "Outer", "Relation Name": "lineitem", "Alias": "lineitem", "Startup Cost": 2.24, "Total Cost": 187809.58, "Plan Rows": 294584, "Plan Width": 19, "Filter": "((l_shipmode = ANY ('{RAIL,FOB}'::bpchar[])) AND (l_commitdate < l_receiptdate) AND (l_shipdate < l_commitdate) AND (l_receiptdate >= '1997-01-01 00:00:00'::timestamp(0) without time zone) AND (l_receiptdate < '1998-01-01 00:00:00'::timestamp without time zone)), (LLVM Optimized)"}]}, {"Node Type": "Hash", "Parent Relationship": "Inner", "Startup Cost": 41650.86, "Total Cost": 41650.86, "Plan Rows": 14999479, "Plan Width": 24, "Plans": [{"Node Type": "Seq Scan", "Parent Relationship": "Outer", "Relation Name": "orders", "Alias": "orders", "Startup Cost": 0.0, "Total Cost": 41650.86, "Plan Rows": 14999479, "Plan Width": 24}]}]}]}]}]}]}]}, "Unique SQL Id": 2036526415, "Planner Runtime": 0}, "explain_analyze_plan": {"Plan": {"Node Type": "Sort", "Startup Cost": 269757.31, "Total Cost": 269757.31, "Plan Rows": 1, "Plan Width": 43, "Actual Min Startup Time": 3400.937, "Actual Max Startup Time": 3400.937, "Actual Min Total Time": 3400.938, "Actual Max Total Time": 3400.938, "Sort Key": ["lineitem.l_shipmode"], "Sort Method": "quicksort", "Sort Space Min Used": 25, "Sort Space Max Used": 25, "Sort Space Type": "Memory", "Plans": [{"Node Type": "Streaming(type: LOCAL GATHER dop: 1/16)", "Parent Relationship": "Outer", "Startup Cost": 269757.29, "Total Cost": 269757.3, "Plan Rows": 1, "Plan Width": 43, "Actual Min Startup Time": 3400.842, "Actual Max Startup Time": 3400.842, "Actual Min Total Time": 3400.891, "Actual Max Total Time": 3400.891, "Plans": [{"Node Type": "Aggregate", "Strategy": "Hashed", "Parent Relationship": "Outer", "Startup Cost": 269757.29, "Total Cost": 269757.29, "Plan Rows": 1, "Plan Width": 43, "Actual Min Startup Time": 3337.8, "Actual Max Startup Time": 3345.421, "Actual Min Total Time": 3337.8, "Actual Max Total Time": 3345.421, "Group By Key": ["lineitem.l_shipmode"], "Plans": [{"Node Type": "Streaming(type: LOCAL REDISTRIBUTE dop: 16/16)", "Parent Relationship": "Outer", "Startup Cost": 269757.27, "Total Cost": 269757.29, "Plan Rows": 1, "Plan Width": 43, "Actual Min Startup Time": 3335.863, "Actual Max Startup Time": 3345.414, "Actual Min Total Time": 3337.795, "Actual Max Total Time": 3345.414, "Plans": [{"Node Type": "Aggregate", "Strategy": "Hashed", "Parent Relationship": "Outer", "Startup Cost": 269757.27, "Total Cost": 269757.27, "Plan Rows": 1, "Plan Width": 43, "Actual Min Startup Time": 3284.075, "Actual Max Startup Time": 3343.851, "Actual Min Total Time": 3284.076, "Actual Max Total Time": 3343.852, "Group By Key": ["lineitem.l_shipmode"], "Plans": [{"Node Type": "Hash Join", "Parent Relationship": "Outer", "Join Type": "Inner", "Startup Cost": 53371.45, "Total Cost": 269435.07, "Plan Rows": 294584, "Plan Width": 27, "Actual Min Startup Time": 646.97, "Actual Max Startup Time": 684.999, "Actual Min Total Time": 3258.294, "Actual Max Total Time": 3323.129, "Inner Unique": true, "Hash Cond": "(lineitem.l_orderkey = orders.o_orderkey), (LLVM Optimized, Jit Execute)", "Plans": [{"Node Type": "Streaming(type: BROADCAST dop: 16/16)", "Parent Relationship": "Outer", "Startup Cost": 2.24, "Total Cost": 214777.05, "Plan Rows": 4713344, "Plan Width": 19, "Actual Min Startup Time": 0.063, "Actual Max Startup Time": 0.129, "Actual Min Total Time": 2404.235, "Actual Max Total Time": 2547.525, "Plans": [{"Node Type": "Seq Scan", "Parent Relationship": "Outer", "Relation Name": "lineitem", "Alias": "lineitem", "Startup Cost": 2.24, "Total Cost": 187809.58, "Plan Rows": 294584, "Plan Width": 19, "Actual Min Startup Time": 0.035, "Actual Max Startup Time": 0.361, "Actual Min Total Time": 1573.952, "Actual Max Total Time": 2392.415, "Filter": "((l_shipmode = ANY ('{RAIL,FOB}'::bpchar[])) AND (l_commitdate < l_receiptdate) AND (l_shipdate < l_commitdate) AND (l_receiptdate >= '1997-01-01 00:00:00'::timestamp(0) without time zone) AND (l_receiptdate < '1998-01-01 00:00:00'::timestamp without time zone)), (LLVM Optimized, Jit Execute)", "Rows Removed by Filter": 59674804, "Actual Rows": 311248}], "Actual Rows": 4979968}, {"Node Type": "Hash", "Parent Relationship": "Inner", "Startup Cost": 41650.86, "Total Cost": 41650.86, "Plan Rows": 14999479, "Plan Width": 24, "Actual Min Startup Time": 645.416, "Actual Max Startup Time": 683.761, "Actual Min Total Time": 645.416, "Actual Max Total Time": 683.761, "Max Hash Buckets": 1048576, "Min Hash Buckets": 1048576, "Max Hash Batches": 1, "Min Hash Batches": 1, "Max Original Hash Batches": 1, "Min Original Hash Batches": 1, "Max Peak Memory Usage": 51347, "min Peak Memory Usage": 51347, "Plans": [{"Node Type": "Seq Scan", "Parent Relationship": "Outer", "Relation Name": "orders", "Alias": "orders", "Startup Cost": 0.0, "Total Cost": 41650.86, "Plan Rows": 14999479, "Plan Width": 24, "Actual Min Startup Time": 0.021, "Actual Max Startup Time": 0.036, "Actual Min Total Time": 332.744, "Actual Max Total Time": 356.106, "Actual Rows": 15000000}], "Actual Rows": 15000000}], "Actual Rows": 311248}], "Actual Rows": 32}], "Actual Rows": 32}], "Actual Rows": 2}], "Actual Rows": 2}], "Actual Rows": 2}, "Triggers": [], "Planner Runtime": 1.004, "Total Runtime": 3420.644, "Unique SQL Id": 2036526415}}, "(16, '7')": {"explain_plan": {"Plan": {"Node Type": "Sort", "Startup Cost": 4921486.87, "Total Cost": 4921486.87, "Plan Rows": 1, "Plan Width": 43, "Sort Key": ["lineitem.l_shipmode"], "Plans": [{"Node Type": "Aggregate", "Strategy": "Hashed", "Parent Relationship": "Outer", "Startup Cost": 4921486.85, "Total Cost": 4921486.86, "Plan Rows": 1, "Plan Width": 43, "Group By Key": ["lineitem.l_shipmode"], "Plans": [{"Node Type": "Hash Join", "Parent Relationship": "Outer", "Join Type": "Inner", "Startup Cost": 2147327.85, "Total Cost": 4916331.63, "Plan Rows": 294584, "Plan Width": 27, "Inner Unique": true, "Hash Cond": "(lineitem.l_orderkey = orders.o_orderkey), (LLVM Optimized)", "Plans": [{"Node Type": "Bitmap Heap Scan", "Parent Relationship": "Outer", "Relation Name": "lineitem", "Alias": "lineitem", "Startup Cost": 1225109.06, "Total Cost": 3990062.3, "Plan Rows": 294584, "Plan Width": 19, "Filter": "((l_shipmode = ANY ('{RAIL,FOB}'::bpchar[])) AND (l_commitdate < l_receiptdate) AND (l_shipdate < l_commitdate) AND (l_receiptdate >= '1997-01-01 00:00:00'::timestamp(0) without time zone) AND (l_receiptdate < '1998-01-01 00:00:00'::timestamp without time zone)), (LLVM Optimized)", "Plans": [{"Node Type": "Bitmap Index Scan", "Parent Relationship": "Outer", "Index Name": "idx_lineitem_orderkey", "Startup Cost": 0.0, "Total Cost": 1225035.42, "Plan Rows": 59987033, "Plan Width": 0}]}, {"Node Type": "Hash", "Parent Relationship": "Inner", "Startup Cost": 734725.3, "Total Cost": 734725.3, "Plan Rows": 14999479, "Plan Width": 24, "Plans": [{"Node Type": "Bitmap Heap Scan", "Parent Relationship": "Outer", "Relation Name": "orders", "Alias": "orders", "Startup Cost": 308311.51, "Total Cost": 734725.3, "Plan Rows": 14999479, "Plan Width": 24, "Plans": [{"Node Type": "Bitmap Index Scan", "Parent Relationship": "Outer", "Index Name": "orders_pkey", "Startup Cost": 0.0, "Total Cost": 304561.65, "Plan Rows": 14999479, "Plan Width": 0}]}]}]}]}]}, "Unique SQL Id": 2036526415, "Planner Runtime": 0}, "explain_analyze_plan": null}, "(16, '8')": {"explain_plan": {"Plan": {"Node Type": "Sort", "Startup Cost": 269757.31, "Total Cost": 269757.31, "Plan Rows": 1, "Plan Width": 43, "Sort Key": ["lineitem.l_shipmode"], "Plans": [{"Node Type": "Streaming(type: LOCAL GATHER dop: 1/16)", "Parent Relationship": "Outer", "Startup Cost": 269757.29, "Total Cost": 269757.3, "Plan Rows": 1, "Plan Width": 43, "Plans": [{"Node Type": "Aggregate", "Strategy": "Hashed", "Parent Relationship": "Outer", "Startup Cost": 269757.29, "Total Cost": 269757.29, "Plan Rows": 1, "Plan Width": 43, "Group By Key": ["lineitem.l_shipmode"], "Plans": [{"Node Type": "Streaming(type: LOCAL REDISTRIBUTE dop: 16/16)", "Parent Relationship": "Outer", "Startup Cost": 269757.27, "Total Cost": 269757.29, "Plan Rows": 1, "Plan Width": 43, "Plans": [{"Node Type": "Aggregate", "Strategy": "Hashed", "Parent Relationship": "Outer", "Startup Cost": 269757.27, "Total Cost": 269757.27, "Plan Rows": 1, "Plan Width": 43, "Group By Key": ["lineitem.l_shipmode"], "Plans": [{"Node Type": "Hash Join", "Parent Relationship": "Outer", "Join Type": "Inner", "Startup Cost": 53371.45, "Total Cost": 269435.07, "Plan Rows": 294584, "Plan Width": 27, "Inner Unique": true, "Hash Cond": "(lineitem.l_orderkey = orders.o_orderkey), (LLVM Optimized)", "Plans": [{"Node Type": "Streaming(type: BROADCAST dop: 16/16)", "Parent Relationship": "Outer", "Startup Cost": 2.24, "Total Cost": 214777.05, "Plan Rows": 4713344, "Plan Width": 19, "Plans": [{"Node Type": "Seq Scan", "Parent Relationship": "Outer", "Relation Name": "lineitem", "Alias": "lineitem", "Startup Cost": 2.24, "Total Cost": 187809.58, "Plan Rows": 294584, "Plan Width": 19, "Filter": "((l_shipmode = ANY ('{RAIL,FOB}'::bpchar[])) AND (l_commitdate < l_receiptdate) AND (l_shipdate < l_commitdate) AND (l_receiptdate >= '1997-01-01 00:00:00'::timestamp(0) without time zone) AND (l_receiptdate < '1998-01-01 00:00:00'::timestamp without time zone)), (LLVM Optimized)"}]}, {"Node Type": "Hash", "Parent Relationship": "Inner", "Startup Cost": 41650.86, "Total Cost": 41650.86, "Plan Rows": 14999479, "Plan Width": 24, "Plans": [{"Node Type": "Seq Scan", "Parent Relationship": "Outer", "Relation Name": "orders", "Alias": "orders", "Startup Cost": 0.0, "Total Cost": 41650.86, "Plan Rows": 14999479, "Plan Width": 24}]}]}]}]}]}]}]}, "Unique SQL Id": 2036526415, "Planner Runtime": 0}, "explain_analyze_plan": {"Plan": {"Node Type": "Sort", "Startup Cost": 269757.31, "Total Cost": 269757.31, "Plan Rows": 1, "Plan Width": 43, "Actual Min Startup Time": 3400.937, "Actual Max Startup Time": 3400.937, "Actual Min Total Time": 3400.938, "Actual Max Total Time": 3400.938, "Sort Key": ["lineitem.l_shipmode"], "Sort Method": "quicksort", "Sort Space Min Used": 25, "Sort Space Max Used": 25, "Sort Space Type": "Memory", "Plans": [{"Node Type": "Streaming(type: LOCAL GATHER dop: 1/16)", "Parent Relationship": "Outer", "Startup Cost": 269757.29, "Total Cost": 269757.3, "Plan Rows": 1, "Plan Width": 43, "Actual Min Startup Time": 3400.842, "Actual Max Startup Time": 3400.842, "Actual Min Total Time": 3400.891, "Actual Max Total Time": 3400.891, "Plans": [{"Node Type": "Aggregate", "Strategy": "Hashed", "Parent Relationship": "Outer", "Startup Cost": 269757.29, "Total Cost": 269757.29, "Plan Rows": 1, "Plan Width": 43, "Actual Min Startup Time": 3337.8, "Actual Max Startup Time": 3345.421, "Actual Min Total Time": 3337.8, "Actual Max Total Time": 3345.421, "Group By Key": ["lineitem.l_shipmode"], "Plans": [{"Node Type": "Streaming(type: LOCAL REDISTRIBUTE dop: 16/16)", "Parent Relationship": "Outer", "Startup Cost": 269757.27, "Total Cost": 269757.29, "Plan Rows": 1, "Plan Width": 43, "Actual Min Startup Time": 3335.863, "Actual Max Startup Time": 3345.414, "Actual Min Total Time": 3337.795, "Actual Max Total Time": 3345.414, "Plans": [{"Node Type": "Aggregate", "Strategy": "Hashed", "Parent Relationship": "Outer", "Startup Cost": 269757.27, "Total Cost": 269757.27, "Plan Rows": 1, "Plan Width": 43, "Actual Min Startup Time": 3284.075, "Actual Max Startup Time": 3343.851, "Actual Min Total Time": 3284.076, "Actual Max Total Time": 3343.852, "Group By Key": ["lineitem.l_shipmode"], "Plans": [{"Node Type": "Hash Join", "Parent Relationship": "Outer", "Join Type": "Inner", "Startup Cost": 53371.45, "Total Cost": 269435.07, "Plan Rows": 294584, "Plan Width": 27, "Actual Min Startup Time": 646.97, "Actual Max Startup Time": 684.999, "Actual Min Total Time": 3258.294, "Actual Max Total Time": 3323.129, "Inner Unique": true, "Hash Cond": "(lineitem.l_orderkey = orders.o_orderkey), (LLVM Optimized, Jit Execute)", "Plans": [{"Node Type": "Streaming(type: BROADCAST dop: 16/16)", "Parent Relationship": "Outer", "Startup Cost": 2.24, "Total Cost": 214777.05, "Plan Rows": 4713344, "Plan Width": 19, "Actual Min Startup Time": 0.063, "Actual Max Startup Time": 0.129, "Actual Min Total Time": 2404.235, "Actual Max Total Time": 2547.525, "Plans": [{"Node Type": "Seq Scan", "Parent Relationship": "Outer", "Relation Name": "lineitem", "Alias": "lineitem", "Startup Cost": 2.24, "Total Cost": 187809.58, "Plan Rows": 294584, "Plan Width": 19, "Actual Min Startup Time": 0.035, "Actual Max Startup Time": 0.361, "Actual Min Total Time": 1573.952, "Actual Max Total Time": 2392.415, "Filter": "((l_shipmode = ANY ('{RAIL,FOB}'::bpchar[])) AND (l_commitdate < l_receiptdate) AND (l_shipdate < l_commitdate) AND (l_receiptdate >= '1997-01-01 00:00:00'::timestamp(0) without time zone) AND (l_receiptdate < '1998-01-01 00:00:00'::timestamp without time zone)), (LLVM Optimized, Jit Execute)", "Rows Removed by Filter": 59674804, "Actual Rows": 311248}], "Actual Rows": 4979968}, {"Node Type": "Hash", "Parent Relationship": "Inner", "Startup Cost": 41650.86, "Total Cost": 41650.86, "Plan Rows": 14999479, "Plan Width": 24, "Actual Min Startup Time": 645.416, "Actual Max Startup Time": 683.761, "Actual Min Total Time": 645.416, "Actual Max Total Time": 683.761, "Max Hash Buckets": 1048576, "Min Hash Buckets": 1048576, "Max Hash Batches": 1, "Min Hash Batches": 1, "Max Original Hash Batches": 1, "Min Original Hash Batches": 1, "Max Peak Memory Usage": 51347, "min Peak Memory Usage": 51347, "Plans": [{"Node Type": "Seq Scan", "Parent Relationship": "Outer", "Relation Name": "orders", "Alias": "orders", "Startup Cost": 0.0, "Total Cost": 41650.86, "Plan Rows": 14999479, "Plan Width": 24, "Actual Min Startup Time": 0.021, "Actual Max Startup Time": 0.036, "Actual Min Total Time": 332.744, "Actual Max Total Time": 356.106, "Actual Rows": 15000000}], "Actual Rows": 15000000}], "Actual Rows": 311248}], "Actual Rows": 32}], "Actual Rows": 32}], "Actual Rows": 2}], "Actual Rows": 2}], "Actual Rows": 2}, "Triggers": [], "Planner Runtime": 1.004, "Total Runtime": 3420.644, "Unique SQL Id": 2036526415}}, "(16, '9')": {"explain_plan": {"Plan": {"Node Type": "Sort", "Startup Cost": 3385295.37, "Total Cost": 3385295.37, "Plan Rows": 1, "Plan Width": 43, "Sort Key": ["lineitem.l_shipmode"], "Plans": [{"Node Type": "Streaming(type: LOCAL GATHER dop: 1/16)", "Parent Relationship": "Outer", "Startup Cost": 3385295.35, "Total Cost": 3385295.36, "Plan Rows": 1, "Plan Width": 43, "Plans": [{"Node Type": "Aggregate", "Strategy": "Hashed", "Parent Relationship": "Outer", "Startup Cost": 3385295.35, "Total Cost": 3385295.35, "Plan Rows": 1, "Plan Width": 43, "Group By Key": ["lineitem.l_shipmode"], "Plans": [{"Node Type": "Streaming(type: LOCAL REDISTRIBUTE dop: 16/16)", "Parent Relationship": "Outer", "Startup Cost": 3385295.33, "Total Cost": 3385295.35, "Plan Rows": 1, "Plan Width": 43, "Plans": [{"Node Type": "Aggregate", "Strategy": "Hashed", "Parent Relationship": "Outer", "Startup Cost": 3385295.33, "Total Cost": 3385295.33, "Plan Rows": 1, "Plan Width": 43, "Group By Key": ["lineitem.l_shipmode"], "Plans": [{"Node Type": "Hash Join", "Parent Relationship": "Outer", "Join Type": "Inner", "Startup Cost": 617076.66, "Total Cost": 3384973.13, "Plan Rows": 294584, "Plan Width": 27, "Inner Unique": true, "Hash Cond": "(lineitem.l_orderkey = orders.o_orderkey), (LLVM Optimized)", "Plans": [{"Node Type": "Streaming(type: BROADCAST dop: 16/16)", "Parent Relationship": "Outer", "Startup Cost": 0.0, "Total Cost": 2766607.66, "Plan Rows": 4713344, "Plan Width": 19, "Plans": [{"Node Type": "Index Scan", "Parent Relationship": "Outer", "Scan Direction": "Forward", "Index Name": "idx_lineitem_orderkey", "Relation Name": "lineitem", "Alias": "lineitem", "Startup Cost": 0.0, "Total Cost": 2739640.18, "Plan Rows": 294584, "Plan Width": 19, "Filter": "((l_shipmode = ANY ('{RAIL,FOB}'::bpchar[])) AND (l_commitdate < l_receiptdate) AND (l_shipdate < l_commitdate) AND (l_receiptdate >= '1997-01-01 00:00:00'::timestamp(0) without time zone) AND (l_receiptdate < '1998-01-01 00:00:00'::timestamp without time zone)), (LLVM Optimized)"}]}, {"Node Type": "Hash", "Parent Relationship": "Inner", "Startup Cost": 605358.32, "Total Cost": 605358.32, "Plan Rows": 14999479, "Plan Width": 24, "Plans": [{"Node Type": "Index Scan", "Parent Relationship": "Outer", "Scan Direction": "Forward", "Index Name": "orders_pkey", "Relation Name": "orders", "Alias": "orders", "Startup Cost": 0.0, "Total Cost": 605358.32, "Plan Rows": 14999479, "Plan Width": 24}]}]}]}]}]}]}]}, "Unique SQL Id": 2036526415, "Planner Runtime": 0}, "explain_analyze_plan": {"Plan": {"Node Type": "Sort", "Startup Cost": 3385295.37, "Total Cost": 3385295.37, "Plan Rows": 1, "Plan Width": 43, "Actual Min Startup Time": 5075.032, "Actual Max Startup Time": 5075.032, "Actual Min Total Time": 5075.033, "Actual Max Total Time": 5075.033, "Sort Key": ["lineitem.l_shipmode"], "Sort Method": "quicksort", "Sort Space Min Used": 25, "Sort Space Max Used": 25, "Sort Space Type": "Memory", "Plans": [{"Node Type": "Streaming(type: LOCAL GATHER dop: 1/16)", "Parent Relationship": "Outer", "Startup Cost": 3385295.35, "Total Cost": 3385295.36, "Plan Rows": 1, "Plan Width": 43, "Actual Min Startup Time": 5074.885, "Actual Max Startup Time": 5074.885, "Actual Min Total Time": 5074.987, "Actual Max Total Time": 5074.987, "Plans": [{"Node Type": "Aggregate", "Strategy": "Hashed", "Parent Relationship": "Outer", "Startup Cost": 3385295.35, "Total Cost": 3385295.35, "Plan Rows": 1, "Plan Width": 43, "Actual Min Startup Time": 5015.588, "Actual Max Startup Time": 5024.638, "Actual Min Total Time": 5015.588, "Actual Max Total Time": 5024.638, "Group By Key": ["lineitem.l_shipmode"], "Plans": [{"Node Type": "Streaming(type: LOCAL REDISTRIBUTE dop: 16/16)", "Parent Relationship": "Outer", "Startup Cost": 3385295.33, "Total Cost": 3385295.35, "Plan Rows": 1, "Plan Width": 43, "Actual Min Startup Time": 5012.32, "Actual Max Startup Time": 5024.63, "Actual Min Total Time": 5015.583, "Actual Max Total Time": 5024.63, "Plans": [{"Node Type": "Aggregate", "Strategy": "Hashed", "Parent Relationship": "Outer", "Startup Cost": 3385295.33, "Total Cost": 3385295.33, "Plan Rows": 1, "Plan Width": 43, "Actual Min Startup Time": 4974.395, "Actual Max Startup Time": 5022.138, "Actual Min Total Time": 4974.397, "Actual Max Total Time": 5022.139, "Group By Key": ["lineitem.l_shipmode"], "Plans": [{"Node Type": "Hash Join", "Parent Relationship": "Outer", "Join Type": "Inner", "Startup Cost": 617076.66, "Total Cost": 3384973.13, "Plan Rows": 294584, "Plan Width": 27, "Actual Min Startup Time": 1064.978, "Actual Max Startup Time": 1217.017, "Actual Min Total Time": 4947.451, "Actual Max Total Time": 5001.164, "Inner Unique": true, "Hash Cond": "(lineitem.l_orderkey = orders.o_orderkey), (LLVM Optimized, Jit Execute)", "Plans": [{"Node Type": "Streaming(type: BROADCAST dop: 16/16)", "Parent Relationship": "Outer", "Startup Cost": 0.0, "Total Cost": 2766607.66, "Plan Rows": 4713344, "Plan Width": 19, "Actual Min Startup Time": 0.061, "Actual Max Startup Time": 0.124, "Actual Min Total Time": 3631.718, "Actual Max Total Time": 3764.15, "Plans": [{"Node Type": "Index Scan", "Parent Relationship": "Outer", "Scan Direction": "Forward", "Index Name": "idx_lineitem_orderkey", "Relation Name": "lineitem", "Alias": "lineitem", "Startup Cost": 0.0, "Total Cost": 2739640.18, "Plan Rows": 294584, "Plan Width": 19, "Actual Min Startup Time": 543.73, "Actual Max Startup Time": 581.962, "Actual Min Total Time": 3404.899, "Actual Max Total Time": 4158.411, "Filter": "((l_shipmode = ANY ('{RAIL,FOB}'::bpchar[])) AND (l_commitdate < l_receiptdate) AND (l_shipdate < l_commitdate) AND (l_receiptdate >= '1997-01-01 00:00:00'::timestamp(0) without time zone) AND (l_receiptdate < '1998-01-01 00:00:00'::timestamp without time zone)), (LLVM Optimized, Jit Execute)", "Rows Removed by Filter": 59674804, "Actual Rows": 311248}], "Actual Rows": 4979968}, {"Node Type": "Hash", "Parent Relationship": "Inner", "Startup Cost": 605358.32, "Total Cost": 605358.32, "Plan Rows": 14999479, "Plan Width": 24, "Actual Min Startup Time": 1063.349, "Actual Max Startup Time": 1215.506, "Actual Min Total Time": 1063.349, "Actual Max Total Time": 1215.506, "Max Hash Buckets": 1048576, "Min Hash Buckets": 1048576, "Max Hash Batches": 1, "Min Hash Batches": 1, "Max Original Hash Batches": 1, "Min Original Hash Batches": 1, "Max Peak Memory Usage": 51275, "min Peak Memory Usage": 51275, "Plans": [{"Node Type": "Index Scan", "Parent Relationship": "Outer", "Scan Direction": "Forward", "Index Name": "orders_pkey", "Relation Name": "orders", "Alias": "orders", "Startup Cost": 0.0, "Total Cost": 605358.32, "Plan Rows": 14999479, "Plan Width": 24, "Actual Min Startup Time": 138.453, "Actual Max Startup Time": 185.894, "Actual Min Total Time": 740.2, "Actual Max Total Time": 900.065, "Actual Rows": 15000000}], "Actual Rows": 15000000}], "Actual Rows": 311248}], "Actual Rows": 32}], "Actual Rows": 32}], "Actual Rows": 2}], "Actual Rows": 2}], "Actual Rows": 2}, "Triggers": [], "Planner Runtime": 0.935, "Total Runtime": 5095.078, "Unique SQL Id": 2036526415}}, "(16, '10')": {"explain_plan": {"Plan": {"Node Type": "Sort", "Startup Cost": 269757.31, "Total Cost": 269757.31, "Plan Rows": 1, "Plan Width": 43, "Sort Key": ["lineitem.l_shipmode"], "Plans": [{"Node Type": "Streaming(type: LOCAL GATHER dop: 1/16)", "Parent Relationship": "Outer", "Startup Cost": 269757.29, "Total Cost": 269757.3, "Plan Rows": 1, "Plan Width": 43, "Plans": [{"Node Type": "Aggregate", "Strategy": "Hashed", "Parent Relationship": "Outer", "Startup Cost": 269757.29, "Total Cost": 269757.29, "Plan Rows": 1, "Plan Width": 43, "Group By Key": ["lineitem.l_shipmode"], "Plans": [{"Node Type": "Streaming(type: LOCAL REDISTRIBUTE dop: 16/16)", "Parent Relationship": "Outer", "Startup Cost": 269757.27, "Total Cost": 269757.29, "Plan Rows": 1, "Plan Width": 43, "Plans": [{"Node Type": "Aggregate", "Strategy": "Hashed", "Parent Relationship": "Outer", "Startup Cost": 269757.27, "Total Cost": 269757.27, "Plan Rows": 1, "Plan Width": 43, "Group By Key": ["lineitem.l_shipmode"], "Plans": [{"Node Type": "Hash Join", "Parent Relationship": "Outer", "Join Type": "Inner", "Startup Cost": 53371.45, "Total Cost": 269435.07, "Plan Rows": 294584, "Plan Width": 27, "Inner Unique": true, "Hash Cond": "(lineitem.l_orderkey = orders.o_orderkey), (LLVM Optimized)", "Plans": [{"Node Type": "Streaming(type: BROADCAST dop: 16/16)", "Parent Relationship": "Outer", "Startup Cost": 2.24, "Total Cost": 214777.05, "Plan Rows": 4713344, "Plan Width": 19, "Plans": [{"Node Type": "Seq Scan", "Parent Relationship": "Outer", "Relation Name": "lineitem", "Alias": "lineitem", "Startup Cost": 2.24, "Total Cost": 187809.58, "Plan Rows": 294584, "Plan Width": 19, "Filter": "((l_shipmode = ANY ('{RAIL,FOB}'::bpchar[])) AND (l_commitdate < l_receiptdate) AND (l_shipdate < l_commitdate) AND (l_receiptdate >= '1997-01-01 00:00:00'::timestamp(0) without time zone) AND (l_receiptdate < '1998-01-01 00:00:00'::timestamp without time zone)), (LLVM Optimized)"}]}, {"Node Type": "Hash", "Parent Relationship": "Inner", "Startup Cost": 41650.86, "Total Cost": 41650.86, "Plan Rows": 14999479, "Plan Width": 24, "Plans": [{"Node Type": "Seq Scan", "Parent Relationship": "Outer", "Relation Name": "orders", "Alias": "orders", "Startup Cost": 0.0, "Total Cost": 41650.86, "Plan Rows": 14999479, "Plan Width": 24}]}]}]}]}]}]}]}, "Unique SQL Id": 2036526415, "Planner Runtime": 0}, "explain_analyze_plan": {"Plan": {"Node Type": "Sort", "Startup Cost": 269757.31, "Total Cost": 269757.31, "Plan Rows": 1, "Plan Width": 43, "Actual Min Startup Time": 3400.937, "Actual Max Startup Time": 3400.937, "Actual Min Total Time": 3400.938, "Actual Max Total Time": 3400.938, "Sort Key": ["lineitem.l_shipmode"], "Sort Method": "quicksort", "Sort Space Min Used": 25, "Sort Space Max Used": 25, "Sort Space Type": "Memory", "Plans": [{"Node Type": "Streaming(type: LOCAL GATHER dop: 1/16)", "Parent Relationship": "Outer", "Startup Cost": 269757.29, "Total Cost": 269757.3, "Plan Rows": 1, "Plan Width": 43, "Actual Min Startup Time": 3400.842, "Actual Max Startup Time": 3400.842, "Actual Min Total Time": 3400.891, "Actual Max Total Time": 3400.891, "Plans": [{"Node Type": "Aggregate", "Strategy": "Hashed", "Parent Relationship": "Outer", "Startup Cost": 269757.29, "Total Cost": 269757.29, "Plan Rows": 1, "Plan Width": 43, "Actual Min Startup Time": 3337.8, "Actual Max Startup Time": 3345.421, "Actual Min Total Time": 3337.8, "Actual Max Total Time": 3345.421, "Group By Key": ["lineitem.l_shipmode"], "Plans": [{"Node Type": "Streaming(type: LOCAL REDISTRIBUTE dop: 16/16)", "Parent Relationship": "Outer", "Startup Cost": 269757.27, "Total Cost": 269757.29, "Plan Rows": 1, "Plan Width": 43, "Actual Min Startup Time": 3335.863, "Actual Max Startup Time": 3345.414, "Actual Min Total Time": 3337.795, "Actual Max Total Time": 3345.414, "Plans": [{"Node Type": "Aggregate", "Strategy": "Hashed", "Parent Relationship": "Outer", "Startup Cost": 269757.27, "Total Cost": 269757.27, "Plan Rows": 1, "Plan Width": 43, "Actual Min Startup Time": 3284.075, "Actual Max Startup Time": 3343.851, "Actual Min Total Time": 3284.076, "Actual Max Total Time": 3343.852, "Group By Key": ["lineitem.l_shipmode"], "Plans": [{"Node Type": "Hash Join", "Parent Relationship": "Outer", "Join Type": "Inner", "Startup Cost": 53371.45, "Total Cost": 269435.07, "Plan Rows": 294584, "Plan Width": 27, "Actual Min Startup Time": 646.97, "Actual Max Startup Time": 684.999, "Actual Min Total Time": 3258.294, "Actual Max Total Time": 3323.129, "Inner Unique": true, "Hash Cond": "(lineitem.l_orderkey = orders.o_orderkey), (LLVM Optimized, Jit Execute)", "Plans": [{"Node Type": "Streaming(type: BROADCAST dop: 16/16)", "Parent Relationship": "Outer", "Startup Cost": 2.24, "Total Cost": 214777.05, "Plan Rows": 4713344, "Plan Width": 19, "Actual Min Startup Time": 0.063, "Actual Max Startup Time": 0.129, "Actual Min Total Time": 2404.235, "Actual Max Total Time": 2547.525, "Plans": [{"Node Type": "Seq Scan", "Parent Relationship": "Outer", "Relation Name": "lineitem", "Alias": "lineitem", "Startup Cost": 2.24, "Total Cost": 187809.58, "Plan Rows": 294584, "Plan Width": 19, "Actual Min Startup Time": 0.035, "Actual Max Startup Time": 0.361, "Actual Min Total Time": 1573.952, "Actual Max Total Time": 2392.415, "Filter": "((l_shipmode = ANY ('{RAIL,FOB}'::bpchar[])) AND (l_commitdate < l_receiptdate) AND (l_shipdate < l_commitdate) AND (l_receiptdate >= '1997-01-01 00:00:00'::timestamp(0) without time zone) AND (l_receiptdate < '1998-01-01 00:00:00'::timestamp without time zone)), (LLVM Optimized, Jit Execute)", "Rows Removed by Filter": 59674804, "Actual Rows": 311248}], "Actual Rows": 4979968}, {"Node Type": "Hash", "Parent Relationship": "Inner", "Startup Cost": 41650.86, "Total Cost": 41650.86, "Plan Rows": 14999479, "Plan Width": 24, "Actual Min Startup Time": 645.416, "Actual Max Startup Time": 683.761, "Actual Min Total Time": 645.416, "Actual Max Total Time": 683.761, "Max Hash Buckets": 1048576, "Min Hash Buckets": 1048576, "Max Hash Batches": 1, "Min Hash Batches": 1, "Max Original Hash Batches": 1, "Min Original Hash Batches": 1, "Max Peak Memory Usage": 51347, "min Peak Memory Usage": 51347, "Plans": [{"Node Type": "Seq Scan", "Parent Relationship": "Outer", "Relation Name": "orders", "Alias": "orders", "Startup Cost": 0.0, "Total Cost": 41650.86, "Plan Rows": 14999479, "Plan Width": 24, "Actual Min Startup Time": 0.021, "Actual Max Startup Time": 0.036, "Actual Min Total Time": 332.744, "Actual Max Total Time": 356.106, "Actual Rows": 15000000}], "Actual Rows": 15000000}], "Actual Rows": 311248}], "Actual Rows": 32}], "Actual Rows": 32}], "Actual Rows": 2}], "Actual Rows": 2}], "Actual Rows": 2}, "Triggers": [], "Planner Runtime": 1.004, "Total Runtime": 3420.644, "Unique SQL Id": 2036526415}}, "(16, '11')": {"explain_plan": {"Plan": {"Node Type": "Sort", "Startup Cost": 2000455333216.63, "Total Cost": 2000455333216.63, "Plan Rows": 1, "Plan Width": 43, "Sort Key": ["lineitem.l_shipmode"], "Plans": [{"Node Type": "Aggregate", "Strategy": "Hashed", "Parent Relationship": "Outer", "Startup Cost": 2000455333216.61, "Total Cost": 2000455333216.62, "Plan Rows": 1, "Plan Width": 43, "Group By Key": ["lineitem.l_shipmode"], "Plans": [{"Node Type": "Merge Join", "Parent Relationship": "Outer", "Join Type": "Inner", "Startup Cost": 20036369949.75, "Total Cost": 2000455328061.39, "Plan Rows": 294584, "Plan Width": 27, "Inner Unique": false, "Merge Cond": "(orders.o_orderkey = lineitem.l_orderkey)", "Plans": [{"Node Type": "Index Scan", "Parent Relationship": "Outer", "Scan Direction": "Forward", "Index Name": "orders_pkey", "Relation Name": "orders", "Alias": "orders", "Startup Cost": 10000000000.0, "Total Cost": 1000073097843.5, "Plan Rows": 14999479, "Plan Width": 24}, {"Node Type": "Index Scan", "Parent Relationship": "Inner", "Scan Direction": "Forward", "Index Name": "idx_lineitem_orderkey", "Relation Name": "lineitem", "Alias": "lineitem", "Startup Cost": 10000000000.0, "Total Cost": 1000398999165.75, "Plan Rows": 294584, "Plan Width": 19, "Filter": "((l_shipmode = ANY ('{RAIL,FOB}'::bpchar[])) AND (l_commitdate < l_receiptdate) AND (l_shipdate < l_commitdate) AND (l_receiptdate >= '1997-01-01 00:00:00'::timestamp(0) without time zone) AND (l_receiptdate < '1998-01-01 00:00:00'::timestamp without time zone)), (LLVM Optimized)"}]}]}]}, "Unique SQL Id": 2036526415, "Planner Runtime": 0}, "explain_analyze_plan": null}, "(16, '12')": {"explain_plan": {"Plan": {"Node Type": "Sort", "Startup Cost": 269757.31, "Total Cost": 269757.31, "Plan Rows": 1, "Plan Width": 43, "Sort Key": ["lineitem.l_shipmode"], "Plans": [{"Node Type": "Streaming(type: LOCAL GATHER dop: 1/16)", "Parent Relationship": "Outer", "Startup Cost": 269757.29, "Total Cost": 269757.3, "Plan Rows": 1, "Plan Width": 43, "Plans": [{"Node Type": "Aggregate", "Strategy": "Hashed", "Parent Relationship": "Outer", "Startup Cost": 269757.29, "Total Cost": 269757.29, "Plan Rows": 1, "Plan Width": 43, "Group By Key": ["lineitem.l_shipmode"], "Plans": [{"Node Type": "Streaming(type: LOCAL REDISTRIBUTE dop: 16/16)", "Parent Relationship": "Outer", "Startup Cost": 269757.27, "Total Cost": 269757.29, "Plan Rows": 1, "Plan Width": 43, "Plans": [{"Node Type": "Aggregate", "Strategy": "Hashed", "Parent Relationship": "Outer", "Startup Cost": 269757.27, "Total Cost": 269757.27, "Plan Rows": 1, "Plan Width": 43, "Group By Key": ["lineitem.l_shipmode"], "Plans": [{"Node Type": "Hash Join", "Parent Relationship": "Outer", "Join Type": "Inner", "Startup Cost": 53371.45, "Total Cost": 269435.07, "Plan Rows": 294584, "Plan Width": 27, "Inner Unique": true, "Hash Cond": "(lineitem.l_orderkey = orders.o_orderkey), (LLVM Optimized)", "Plans": [{"Node Type": "Streaming(type: BROADCAST dop: 16/16)", "Parent Relationship": "Outer", "Startup Cost": 2.24, "Total Cost": 214777.05, "Plan Rows": 4713344, "Plan Width": 19, "Plans": [{"Node Type": "Seq Scan", "Parent Relationship": "Outer", "Relation Name": "lineitem", "Alias": "lineitem", "Startup Cost": 2.24, "Total Cost": 187809.58, "Plan Rows": 294584, "Plan Width": 19, "Filter": "((l_shipmode = ANY ('{RAIL,FOB}'::bpchar[])) AND (l_commitdate < l_receiptdate) AND (l_shipdate < l_commitdate) AND (l_receiptdate >= '1997-01-01 00:00:00'::timestamp(0) without time zone) AND (l_receiptdate < '1998-01-01 00:00:00'::timestamp without time zone)), (LLVM Optimized)"}]}, {"Node Type": "Hash", "Parent Relationship": "Inner", "Startup Cost": 41650.86, "Total Cost": 41650.86, "Plan Rows": 14999479, "Plan Width": 24, "Plans": [{"Node Type": "Seq Scan", "Parent Relationship": "Outer", "Relation Name": "orders", "Alias": "orders", "Startup Cost": 0.0, "Total Cost": 41650.86, "Plan Rows": 14999479, "Plan Width": 24}]}]}]}]}]}]}]}, "Unique SQL Id": 2036526415, "Planner Runtime": 1}, "explain_analyze_plan": {"Plan": {"Node Type": "Sort", "Startup Cost": 269757.31, "Total Cost": 269757.31, "Plan Rows": 1, "Plan Width": 43, "Actual Min Startup Time": 3400.937, "Actual Max Startup Time": 3400.937, "Actual Min Total Time": 3400.938, "Actual Max Total Time": 3400.938, "Sort Key": ["lineitem.l_shipmode"], "Sort Method": "quicksort", "Sort Space Min Used": 25, "Sort Space Max Used": 25, "Sort Space Type": "Memory", "Plans": [{"Node Type": "Streaming(type: LOCAL GATHER dop: 1/16)", "Parent Relationship": "Outer", "Startup Cost": 269757.29, "Total Cost": 269757.3, "Plan Rows": 1, "Plan Width": 43, "Actual Min Startup Time": 3400.842, "Actual Max Startup Time": 3400.842, "Actual Min Total Time": 3400.891, "Actual Max Total Time": 3400.891, "Plans": [{"Node Type": "Aggregate", "Strategy": "Hashed", "Parent Relationship": "Outer", "Startup Cost": 269757.29, "Total Cost": 269757.29, "Plan Rows": 1, "Plan Width": 43, "Actual Min Startup Time": 3337.8, "Actual Max Startup Time": 3345.421, "Actual Min Total Time": 3337.8, "Actual Max Total Time": 3345.421, "Group By Key": ["lineitem.l_shipmode"], "Plans": [{"Node Type": "Streaming(type: LOCAL REDISTRIBUTE dop: 16/16)", "Parent Relationship": "Outer", "Startup Cost": 269757.27, "Total Cost": 269757.29, "Plan Rows": 1, "Plan Width": 43, "Actual Min Startup Time": 3335.863, "Actual Max Startup Time": 3345.414, "Actual Min Total Time": 3337.795, "Actual Max Total Time": 3345.414, "Plans": [{"Node Type": "Aggregate", "Strategy": "Hashed", "Parent Relationship": "Outer", "Startup Cost": 269757.27, "Total Cost": 269757.27, "Plan Rows": 1, "Plan Width": 43, "Actual Min Startup Time": 3284.075, "Actual Max Startup Time": 3343.851, "Actual Min Total Time": 3284.076, "Actual Max Total Time": 3343.852, "Group By Key": ["lineitem.l_shipmode"], "Plans": [{"Node Type": "Hash Join", "Parent Relationship": "Outer", "Join Type": "Inner", "Startup Cost": 53371.45, "Total Cost": 269435.07, "Plan Rows": 294584, "Plan Width": 27, "Actual Min Startup Time": 646.97, "Actual Max Startup Time": 684.999, "Actual Min Total Time": 3258.294, "Actual Max Total Time": 3323.129, "Inner Unique": true, "Hash Cond": "(lineitem.l_orderkey = orders.o_orderkey), (LLVM Optimized, Jit Execute)", "Plans": [{"Node Type": "Streaming(type: BROADCAST dop: 16/16)", "Parent Relationship": "Outer", "Startup Cost": 2.24, "Total Cost": 214777.05, "Plan Rows": 4713344, "Plan Width": 19, "Actual Min Startup Time": 0.063, "Actual Max Startup Time": 0.129, "Actual Min Total Time": 2404.235, "Actual Max Total Time": 2547.525, "Plans": [{"Node Type": "Seq Scan", "Parent Relationship": "Outer", "Relation Name": "lineitem", "Alias": "lineitem", "Startup Cost": 2.24, "Total Cost": 187809.58, "Plan Rows": 294584, "Plan Width": 19, "Actual Min Startup Time": 0.035, "Actual Max Startup Time": 0.361, "Actual Min Total Time": 1573.952, "Actual Max Total Time": 2392.415, "Filter": "((l_shipmode = ANY ('{RAIL,FOB}'::bpchar[])) AND (l_commitdate < l_receiptdate) AND (l_shipdate < l_commitdate) AND (l_receiptdate >= '1997-01-01 00:00:00'::timestamp(0) without time zone) AND (l_receiptdate < '1998-01-01 00:00:00'::timestamp without time zone)), (LLVM Optimized, Jit Execute)", "Rows Removed by Filter": 59674804, "Actual Rows": 311248}], "Actual Rows": 4979968}, {"Node Type": "Hash", "Parent Relationship": "Inner", "Startup Cost": 41650.86, "Total Cost": 41650.86, "Plan Rows": 14999479, "Plan Width": 24, "Actual Min Startup Time": 645.416, "Actual Max Startup Time": 683.761, "Actual Min Total Time": 645.416, "Actual Max Total Time": 683.761, "Max Hash Buckets": 1048576, "Min Hash Buckets": 1048576, "Max Hash Batches": 1, "Min Hash Batches": 1, "Max Original Hash Batches": 1, "Min Original Hash Batches": 1, "Max Peak Memory Usage": 51347, "min Peak Memory Usage": 51347, "Plans": [{"Node Type": "Seq Scan", "Parent Relationship": "Outer", "Relation Name": "orders", "Alias": "orders", "Startup Cost": 0.0, "Total Cost": 41650.86, "Plan Rows": 14999479, "Plan Width": 24, "Actual Min Startup Time": 0.021, "Actual Max Startup Time": 0.036, "Actual Min Total Time": 332.744, "Actual Max Total Time": 356.106, "Actual Rows": 15000000}], "Actual Rows": 15000000}], "Actual Rows": 311248}], "Actual Rows": 32}], "Actual Rows": 32}], "Actual Rows": 2}], "Actual Rows": 2}], "Actual Rows": 2}, "Triggers": [], "Planner Runtime": 1.004, "Total Runtime": 3420.644, "Unique SQL Id": 2036526415}}, "(16, '13')": {"explain_plan": {"Plan": {"Node Type": "Sort", "Startup Cost": 3385295.37, "Total Cost": 3385295.37, "Plan Rows": 1, "Plan Width": 43, "Sort Key": ["lineitem.l_shipmode"], "Plans": [{"Node Type": "Streaming(type: LOCAL GATHER dop: 1/16)", "Parent Relationship": "Outer", "Startup Cost": 3385295.35, "Total Cost": 3385295.36, "Plan Rows": 1, "Plan Width": 43, "Plans": [{"Node Type": "Aggregate", "Strategy": "Hashed", "Parent Relationship": "Outer", "Startup Cost": 3385295.35, "Total Cost": 3385295.35, "Plan Rows": 1, "Plan Width": 43, "Group By Key": ["lineitem.l_shipmode"], "Plans": [{"Node Type": "Streaming(type: LOCAL REDISTRIBUTE dop: 16/16)", "Parent Relationship": "Outer", "Startup Cost": 3385295.33, "Total Cost": 3385295.35, "Plan Rows": 1, "Plan Width": 43, "Plans": [{"Node Type": "Aggregate", "Strategy": "Hashed", "Parent Relationship": "Outer", "Startup Cost": 3385295.33, "Total Cost": 3385295.33, "Plan Rows": 1, "Plan Width": 43, "Group By Key": ["lineitem.l_shipmode"], "Plans": [{"Node Type": "Hash Join", "Parent Relationship": "Outer", "Join Type": "Inner", "Startup Cost": 617076.66, "Total Cost": 3384973.13, "Plan Rows": 294584, "Plan Width": 27, "Inner Unique": true, "Hash Cond": "(lineitem.l_orderkey = orders.o_orderkey), (LLVM Optimized)", "Plans": [{"Node Type": "Streaming(type: BROADCAST dop: 16/16)", "Parent Relationship": "Outer", "Startup Cost": 0.0, "Total Cost": 2766607.66, "Plan Rows": 4713344, "Plan Width": 19, "Plans": [{"Node Type": "Index Scan", "Parent Relationship": "Outer", "Scan Direction": "Forward", "Index Name": "idx_lineitem_orderkey", "Relation Name": "lineitem", "Alias": "lineitem", "Startup Cost": 0.0, "Total Cost": 2739640.18, "Plan Rows": 294584, "Plan Width": 19, "Filter": "((l_shipmode = ANY ('{RAIL,FOB}'::bpchar[])) AND (l_commitdate < l_receiptdate) AND (l_shipdate < l_commitdate) AND (l_receiptdate >= '1997-01-01 00:00:00'::timestamp(0) without time zone) AND (l_receiptdate < '1998-01-01 00:00:00'::timestamp without time zone)), (LLVM Optimized)"}]}, {"Node Type": "Hash", "Parent Relationship": "Inner", "Startup Cost": 605358.32, "Total Cost": 605358.32, "Plan Rows": 14999479, "Plan Width": 24, "Plans": [{"Node Type": "Index Scan", "Parent Relationship": "Outer", "Scan Direction": "Forward", "Index Name": "orders_pkey", "Relation Name": "orders", "Alias": "orders", "Startup Cost": 0.0, "Total Cost": 605358.32, "Plan Rows": 14999479, "Plan Width": 24}]}]}]}]}]}]}]}, "Unique SQL Id": 2036526415, "Planner Runtime": 0}, "explain_analyze_plan": {"Plan": {"Node Type": "Sort", "Startup Cost": 3385295.37, "Total Cost": 3385295.37, "Plan Rows": 1, "Plan Width": 43, "Actual Min Startup Time": 5075.032, "Actual Max Startup Time": 5075.032, "Actual Min Total Time": 5075.033, "Actual Max Total Time": 5075.033, "Sort Key": ["lineitem.l_shipmode"], "Sort Method": "quicksort", "Sort Space Min Used": 25, "Sort Space Max Used": 25, "Sort Space Type": "Memory", "Plans": [{"Node Type": "Streaming(type: LOCAL GATHER dop: 1/16)", "Parent Relationship": "Outer", "Startup Cost": 3385295.35, "Total Cost": 3385295.36, "Plan Rows": 1, "Plan Width": 43, "Actual Min Startup Time": 5074.885, "Actual Max Startup Time": 5074.885, "Actual Min Total Time": 5074.987, "Actual Max Total Time": 5074.987, "Plans": [{"Node Type": "Aggregate", "Strategy": "Hashed", "Parent Relationship": "Outer", "Startup Cost": 3385295.35, "Total Cost": 3385295.35, "Plan Rows": 1, "Plan Width": 43, "Actual Min Startup Time": 5015.588, "Actual Max Startup Time": 5024.638, "Actual Min Total Time": 5015.588, "Actual Max Total Time": 5024.638, "Group By Key": ["lineitem.l_shipmode"], "Plans": [{"Node Type": "Streaming(type: LOCAL REDISTRIBUTE dop: 16/16)", "Parent Relationship": "Outer", "Startup Cost": 3385295.33, "Total Cost": 3385295.35, "Plan Rows": 1, "Plan Width": 43, "Actual Min Startup Time": 5012.32, "Actual Max Startup Time": 5024.63, "Actual Min Total Time": 5015.583, "Actual Max Total Time": 5024.63, "Plans": [{"Node Type": "Aggregate", "Strategy": "Hashed", "Parent Relationship": "Outer", "Startup Cost": 3385295.33, "Total Cost": 3385295.33, "Plan Rows": 1, "Plan Width": 43, "Actual Min Startup Time": 4974.395, "Actual Max Startup Time": 5022.138, "Actual Min Total Time": 4974.397, "Actual Max Total Time": 5022.139, "Group By Key": ["lineitem.l_shipmode"], "Plans": [{"Node Type": "Hash Join", "Parent Relationship": "Outer", "Join Type": "Inner", "Startup Cost": 617076.66, "Total Cost": 3384973.13, "Plan Rows": 294584, "Plan Width": 27, "Actual Min Startup Time": 1064.978, "Actual Max Startup Time": 1217.017, "Actual Min Total Time": 4947.451, "Actual Max Total Time": 5001.164, "Inner Unique": true, "Hash Cond": "(lineitem.l_orderkey = orders.o_orderkey), (LLVM Optimized, Jit Execute)", "Plans": [{"Node Type": "Streaming(type: BROADCAST dop: 16/16)", "Parent Relationship": "Outer", "Startup Cost": 0.0, "Total Cost": 2766607.66, "Plan Rows": 4713344, "Plan Width": 19, "Actual Min Startup Time": 0.061, "Actual Max Startup Time": 0.124, "Actual Min Total Time": 3631.718, "Actual Max Total Time": 3764.15, "Plans": [{"Node Type": "Index Scan", "Parent Relationship": "Outer", "Scan Direction": "Forward", "Index Name": "idx_lineitem_orderkey", "Relation Name": "lineitem", "Alias": "lineitem", "Startup Cost": 0.0, "Total Cost": 2739640.18, "Plan Rows": 294584, "Plan Width": 19, "Actual Min Startup Time": 543.73, "Actual Max Startup Time": 581.962, "Actual Min Total Time": 3404.899, "Actual Max Total Time": 4158.411, "Filter": "((l_shipmode = ANY ('{RAIL,FOB}'::bpchar[])) AND (l_commitdate < l_receiptdate) AND (l_shipdate < l_commitdate) AND (l_receiptdate >= '1997-01-01 00:00:00'::timestamp(0) without time zone) AND (l_receiptdate < '1998-01-01 00:00:00'::timestamp without time zone)), (LLVM Optimized, Jit Execute)", "Rows Removed by Filter": 59674804, "Actual Rows": 311248}], "Actual Rows": 4979968}, {"Node Type": "Hash", "Parent Relationship": "Inner", "Startup Cost": 605358.32, "Total Cost": 605358.32, "Plan Rows": 14999479, "Plan Width": 24, "Actual Min Startup Time": 1063.349, "Actual Max Startup Time": 1215.506, "Actual Min Total Time": 1063.349, "Actual Max Total Time": 1215.506, "Max Hash Buckets": 1048576, "Min Hash Buckets": 1048576, "Max Hash Batches": 1, "Min Hash Batches": 1, "Max Original Hash Batches": 1, "Min Original Hash Batches": 1, "Max Peak Memory Usage": 51275, "min Peak Memory Usage": 51275, "Plans": [{"Node Type": "Index Scan", "Parent Relationship": "Outer", "Scan Direction": "Forward", "Index Name": "orders_pkey", "Relation Name": "orders", "Alias": "orders", "Startup Cost": 0.0, "Total Cost": 605358.32, "Plan Rows": 14999479, "Plan Width": 24, "Actual Min Startup Time": 138.453, "Actual Max Startup Time": 185.894, "Actual Min Total Time": 740.2, "Actual Max Total Time": 900.065, "Actual Rows": 15000000}], "Actual Rows": 15000000}], "Actual Rows": 311248}], "Actual Rows": 32}], "Actual Rows": 32}], "Actual Rows": 2}], "Actual Rows": 2}], "Actual Rows": 2}, "Triggers": [], "Planner Runtime": 0.935, "Total Runtime": 5095.078, "Unique SQL Id": 2036526415}}, "(16, '14')": {"explain_plan": {"Plan": {"Node Type": "Sort", "Startup Cost": 269757.31, "Total Cost": 269757.31, "Plan Rows": 1, "Plan Width": 43, "Sort Key": ["lineitem.l_shipmode"], "Plans": [{"Node Type": "Streaming(type: LOCAL GATHER dop: 1/16)", "Parent Relationship": "Outer", "Startup Cost": 269757.29, "Total Cost": 269757.3, "Plan Rows": 1, "Plan Width": 43, "Plans": [{"Node Type": "Aggregate", "Strategy": "Hashed", "Parent Relationship": "Outer", "Startup Cost": 269757.29, "Total Cost": 269757.29, "Plan Rows": 1, "Plan Width": 43, "Group By Key": ["lineitem.l_shipmode"], "Plans": [{"Node Type": "Streaming(type: LOCAL REDISTRIBUTE dop: 16/16)", "Parent Relationship": "Outer", "Startup Cost": 269757.27, "Total Cost": 269757.29, "Plan Rows": 1, "Plan Width": 43, "Plans": [{"Node Type": "Aggregate", "Strategy": "Hashed", "Parent Relationship": "Outer", "Startup Cost": 269757.27, "Total Cost": 269757.27, "Plan Rows": 1, "Plan Width": 43, "Group By Key": ["lineitem.l_shipmode"], "Plans": [{"Node Type": "Hash Join", "Parent Relationship": "Outer", "Join Type": "Inner", "Startup Cost": 53371.45, "Total Cost": 269435.07, "Plan Rows": 294584, "Plan Width": 27, "Inner Unique": true, "Hash Cond": "(lineitem.l_orderkey = orders.o_orderkey), (LLVM Optimized)", "Plans": [{"Node Type": "Streaming(type: BROADCAST dop: 16/16)", "Parent Relationship": "Outer", "Startup Cost": 2.24, "Total Cost": 214777.05, "Plan Rows": 4713344, "Plan Width": 19, "Plans": [{"Node Type": "Seq Scan", "Parent Relationship": "Outer", "Relation Name": "lineitem", "Alias": "lineitem", "Startup Cost": 2.24, "Total Cost": 187809.58, "Plan Rows": 294584, "Plan Width": 19, "Filter": "((l_shipmode = ANY ('{RAIL,FOB}'::bpchar[])) AND (l_commitdate < l_receiptdate) AND (l_shipdate < l_commitdate) AND (l_receiptdate >= '1997-01-01 00:00:00'::timestamp(0) without time zone) AND (l_receiptdate < '1998-01-01 00:00:00'::timestamp without time zone)), (LLVM Optimized)"}]}, {"Node Type": "Hash", "Parent Relationship": "Inner", "Startup Cost": 41650.86, "Total Cost": 41650.86, "Plan Rows": 14999479, "Plan Width": 24, "Plans": [{"Node Type": "Seq Scan", "Parent Relationship": "Outer", "Relation Name": "orders", "Alias": "orders", "Startup Cost": 0.0, "Total Cost": 41650.86, "Plan Rows": 14999479, "Plan Width": 24}]}]}]}]}]}]}]}, "Unique SQL Id": 2036526415, "Planner Runtime": 0}, "explain_analyze_plan": {"Plan": {"Node Type": "Sort", "Startup Cost": 269757.31, "Total Cost": 269757.31, "Plan Rows": 1, "Plan Width": 43, "Actual Min Startup Time": 3400.937, "Actual Max Startup Time": 3400.937, "Actual Min Total Time": 3400.938, "Actual Max Total Time": 3400.938, "Sort Key": ["lineitem.l_shipmode"], "Sort Method": "quicksort", "Sort Space Min Used": 25, "Sort Space Max Used": 25, "Sort Space Type": "Memory", "Plans": [{"Node Type": "Streaming(type: LOCAL GATHER dop: 1/16)", "Parent Relationship": "Outer", "Startup Cost": 269757.29, "Total Cost": 269757.3, "Plan Rows": 1, "Plan Width": 43, "Actual Min Startup Time": 3400.842, "Actual Max Startup Time": 3400.842, "Actual Min Total Time": 3400.891, "Actual Max Total Time": 3400.891, "Plans": [{"Node Type": "Aggregate", "Strategy": "Hashed", "Parent Relationship": "Outer", "Startup Cost": 269757.29, "Total Cost": 269757.29, "Plan Rows": 1, "Plan Width": 43, "Actual Min Startup Time": 3337.8, "Actual Max Startup Time": 3345.421, "Actual Min Total Time": 3337.8, "Actual Max Total Time": 3345.421, "Group By Key": ["lineitem.l_shipmode"], "Plans": [{"Node Type": "Streaming(type: LOCAL REDISTRIBUTE dop: 16/16)", "Parent Relationship": "Outer", "Startup Cost": 269757.27, "Total Cost": 269757.29, "Plan Rows": 1, "Plan Width": 43, "Actual Min Startup Time": 3335.863, "Actual Max Startup Time": 3345.414, "Actual Min Total Time": 3337.795, "Actual Max Total Time": 3345.414, "Plans": [{"Node Type": "Aggregate", "Strategy": "Hashed", "Parent Relationship": "Outer", "Startup Cost": 269757.27, "Total Cost": 269757.27, "Plan Rows": 1, "Plan Width": 43, "Actual Min Startup Time": 3284.075, "Actual Max Startup Time": 3343.851, "Actual Min Total Time": 3284.076, "Actual Max Total Time": 3343.852, "Group By Key": ["lineitem.l_shipmode"], "Plans": [{"Node Type": "Hash Join", "Parent Relationship": "Outer", "Join Type": "Inner", "Startup Cost": 53371.45, "Total Cost": 269435.07, "Plan Rows": 294584, "Plan Width": 27, "Actual Min Startup Time": 646.97, "Actual Max Startup Time": 684.999, "Actual Min Total Time": 3258.294, "Actual Max Total Time": 3323.129, "Inner Unique": true, "Hash Cond": "(lineitem.l_orderkey = orders.o_orderkey), (LLVM Optimized, Jit Execute)", "Plans": [{"Node Type": "Streaming(type: BROADCAST dop: 16/16)", "Parent Relationship": "Outer", "Startup Cost": 2.24, "Total Cost": 214777.05, "Plan Rows": 4713344, "Plan Width": 19, "Actual Min Startup Time": 0.063, "Actual Max Startup Time": 0.129, "Actual Min Total Time": 2404.235, "Actual Max Total Time": 2547.525, "Plans": [{"Node Type": "Seq Scan", "Parent Relationship": "Outer", "Relation Name": "lineitem", "Alias": "lineitem", "Startup Cost": 2.24, "Total Cost": 187809.58, "Plan Rows": 294584, "Plan Width": 19, "Actual Min Startup Time": 0.035, "Actual Max Startup Time": 0.361, "Actual Min Total Time": 1573.952, "Actual Max Total Time": 2392.415, "Filter": "((l_shipmode = ANY ('{RAIL,FOB}'::bpchar[])) AND (l_commitdate < l_receiptdate) AND (l_shipdate < l_commitdate) AND (l_receiptdate >= '1997-01-01 00:00:00'::timestamp(0) without time zone) AND (l_receiptdate < '1998-01-01 00:00:00'::timestamp without time zone)), (LLVM Optimized, Jit Execute)", "Rows Removed by Filter": 59674804, "Actual Rows": 311248}], "Actual Rows": 4979968}, {"Node Type": "Hash", "Parent Relationship": "Inner", "Startup Cost": 41650.86, "Total Cost": 41650.86, "Plan Rows": 14999479, "Plan Width": 24, "Actual Min Startup Time": 645.416, "Actual Max Startup Time": 683.761, "Actual Min Total Time": 645.416, "Actual Max Total Time": 683.761, "Max Hash Buckets": 1048576, "Min Hash Buckets": 1048576, "Max Hash Batches": 1, "Min Hash Batches": 1, "Max Original Hash Batches": 1, "Min Original Hash Batches": 1, "Max Peak Memory Usage": 51347, "min Peak Memory Usage": 51347, "Plans": [{"Node Type": "Seq Scan", "Parent Relationship": "Outer", "Relation Name": "orders", "Alias": "orders", "Startup Cost": 0.0, "Total Cost": 41650.86, "Plan Rows": 14999479, "Plan Width": 24, "Actual Min Startup Time": 0.021, "Actual Max Startup Time": 0.036, "Actual Min Total Time": 332.744, "Actual Max Total Time": 356.106, "Actual Rows": 15000000}], "Actual Rows": 15000000}], "Actual Rows": 311248}], "Actual Rows": 32}], "Actual Rows": 32}], "Actual Rows": 2}], "Actual Rows": 2}], "Actual Rows": 2}, "Triggers": [], "Planner Runtime": 1.004, "Total Runtime": 3420.644, "Unique SQL Id": 2036526415}}, "(16, '15')": {"explain_plan": {"Plan": {"Node Type": "Sort", "Startup Cost": 2000455333216.63, "Total Cost": 2000455333216.63, "Plan Rows": 1, "Plan Width": 43, "Sort Key": ["lineitem.l_shipmode"], "Plans": [{"Node Type": "Aggregate", "Strategy": "Hashed", "Parent Relationship": "Outer", "Startup Cost": 2000455333216.61, "Total Cost": 2000455333216.62, "Plan Rows": 1, "Plan Width": 43, "Group By Key": ["lineitem.l_shipmode"], "Plans": [{"Node Type": "Merge Join", "Parent Relationship": "Outer", "Join Type": "Inner", "Startup Cost": 20036369949.75, "Total Cost": 2000455328061.39, "Plan Rows": 294584, "Plan Width": 27, "Inner Unique": false, "Merge Cond": "(orders.o_orderkey = lineitem.l_orderkey)", "Plans": [{"Node Type": "Index Scan", "Parent Relationship": "Outer", "Scan Direction": "Forward", "Index Name": "orders_pkey", "Relation Name": "orders", "Alias": "orders", "Startup Cost": 10000000000.0, "Total Cost": 1000073097843.5, "Plan Rows": 14999479, "Plan Width": 24}, {"Node Type": "Index Scan", "Parent Relationship": "Inner", "Scan Direction": "Forward", "Index Name": "idx_lineitem_orderkey", "Relation Name": "lineitem", "Alias": "lineitem", "Startup Cost": 10000000000.0, "Total Cost": 1000398999165.75, "Plan Rows": 294584, "Plan Width": 19, "Filter": "((l_shipmode = ANY ('{RAIL,FOB}'::bpchar[])) AND (l_commitdate < l_receiptdate) AND (l_shipdate < l_commitdate) AND (l_receiptdate >= '1997-01-01 00:00:00'::timestamp(0) without time zone) AND (l_receiptdate < '1998-01-01 00:00:00'::timestamp without time zone)), (LLVM Optimized)"}]}]}]}, "Unique SQL Id": 2036526415, "Planner Runtime": 0}, "explain_analyze_plan": null}, "(16, '16')": {"explain_plan": {"Plan": {"Node Type": "Sort", "Startup Cost": 1280090.06, "Total Cost": 1280090.06, "Plan Rows": 1, "Plan Width": 43, "Sort Key": ["lineitem.l_shipmode"], "Plans": [{"Node Type": "Aggregate", "Strategy": "Hashed", "Parent Relationship": "Outer", "Startup Cost": 1280090.04, "Total Cost": 1280090.05, "Plan Rows": 1, "Plan Width": 43, "Group By Key": ["lineitem.l_shipmode"], "Plans": [{"Node Type": "Nested Loop", "Parent Relationship": "Outer", "Join Type": "Inner", "Startup Cost": 2.24, "Total Cost": 1274934.82, "Plan Rows": 294584, "Plan Width": 27, "Inner Unique": true, "Plans": [{"Node Type": "Streaming(type: LOCAL GATHER dop: 1/16)", "Parent Relationship": "Outer", "Startup Cost": 2.24, "Total Cost": 194167.3, "Plan Rows": 294584, "Plan Width": 19, "Plans": [{"Node Type": "Seq Scan", "Parent Relationship": "Outer", "Relation Name": "lineitem", "Alias": "lineitem", "Startup Cost": 2.24, "Total Cost": 187809.58, "Plan Rows": 294584, "Plan Width": 19, "Filter": "((l_shipmode = ANY ('{RAIL,FOB}'::bpchar[])) AND (l_commitdate < l_receiptdate) AND (l_shipdate < l_commitdate) AND (l_receiptdate >= '1997-01-01 00:00:00'::timestamp(0) without time zone) AND (l_receiptdate < '1998-01-01 00:00:00'::timestamp without time zone)), (LLVM Optimized)"}]}, {"Node Type": "Index Scan", "Parent Relationship": "Inner", "Scan Direction": "Forward", "Index Name": "orders_pkey", "Relation Name": "orders", "Alias": "orders", "Startup Cost": 0.0, "Total Cost": 3.66, "Plan Rows": 1, "Plan Width": 24, "Index Cond": "(o_orderkey = lineitem.l_orderkey)"}]}]}]}, "Unique SQL Id": 2036526415, "Planner Runtime": 0}, "explain_analyze_plan": {"Plan": {"Node Type": "Sort", "Startup Cost": 1280090.06, "Total Cost": 1280090.06, "Plan Rows": 1, "Plan Width": 43, "Actual Min Startup Time": 2576.474, "Actual Max Startup Time": 2576.474, "Actual Min Total Time": 2576.474, "Actual Max Total Time": 2576.474, "Sort Key": ["lineitem.l_shipmode"], "Sort Method": "quicksort", "Sort Space Min Used": 25, "Sort Space Max Used": 25, "Sort Space Type": "Memory", "Plans": [{"Node Type": "Aggregate", "Strategy": "Hashed", "Parent Relationship": "Outer", "Startup Cost": 1280090.04, "Total Cost": 1280090.05, "Plan Rows": 1, "Plan Width": 43, "Actual Min Startup Time": 2576.42, "Actual Max Startup Time": 2576.42, "Actual Min Total Time": 2576.421, "Actual Max Total Time": 2576.421, "Group By Key": ["lineitem.l_shipmode"], "Plans": [{"Node Type": "Nested Loop", "Parent Relationship": "Outer", "Join Type": "Inner", "Startup Cost": 2.24, "Total Cost": 1274934.82, "Plan Rows": 294584, "Plan Width": 27, "Actual Min Startup Time": 47.965, "Actual Max Startup Time": 47.965, "Actual Min Total Time": 2240.029, "Actual Max Total Time": 2240.029, "Inner Unique": true, "Plans": [{"Node Type": "Streaming(type: LOCAL GATHER dop: 1/16)", "Parent Relationship": "Outer", "Startup Cost": 2.24, "Total Cost": 194167.3, "Plan Rows": 294584, "Plan Width": 19, "Actual Min Startup Time": 47.905, "Actual Max Startup Time": 47.905, "Actual Min Total Time": 584.734, "Actual Max Total Time": 584.734, "Plans": [{"Node Type": "Seq Scan", "Parent Relationship": "Outer", "Relation Name": "lineitem", "Alias": "lineitem", "Startup Cost": 2.24, "Total Cost": 187809.58, "Plan Rows": 294584, "Plan Width": 19, "Actual Min Startup Time": 0.039, "Actual Max Startup Time": 0.362, "Actual Min Total Time": 1960.645, "Actual Max Total Time": 2395.535, "Filter": "((l_shipmode = ANY ('{RAIL,FOB}'::bpchar[])) AND (l_commitdate < l_receiptdate) AND (l_shipdate < l_commitdate) AND (l_receiptdate >= '1997-01-01 00:00:00'::timestamp(0) without time zone) AND (l_receiptdate < '1998-01-01 00:00:00'::timestamp without time zone)), (LLVM Optimized, Jit Execute)", "Rows Removed by Filter": 59674804, "Actual Rows": 311248}], "Actual Rows": 311248}, {"Node Type": "Index Scan", "Parent Relationship": "Inner", "Scan Direction": "Forward", "Index Name": "orders_pkey", "Relation Name": "orders", "Alias": "orders", "Startup Cost": 0.0, "Total Cost": 3.66, "Plan Rows": 1, "Plan Width": 24, "Actual Min Startup Time": 1397.352, "Actual Max Startup Time": 1397.352, "Actual Min Total Time": 1397.352, "Actual Max Total Time": 1397.352, "Index Cond": "(o_orderkey = lineitem.l_orderkey)", "Rows Removed by Index Recheck": 0, "Actual Rows": 311248}], "Actual Rows": 311248}], "Actual Rows": 2}], "Actual Rows": 2}, "Triggers": [], "Planner Runtime": 0.724, "Total Runtime": 2589.726, "Unique SQL Id": 2036526415}}, "(16, '17')": {"explain_plan": {"Plan": {"Node Type": "Sort", "Startup Cost": 3831920.66, "Total Cost": 3831920.67, "Plan Rows": 1, "Plan Width": 43, "Sort Key": ["lineitem.l_shipmode"], "Plans": [{"Node Type": "Aggregate", "Strategy": "Hashed", "Parent Relationship": "Outer", "Startup Cost": 3831920.64, "Total Cost": 3831920.65, "Plan Rows": 1, "Plan Width": 43, "Group By Key": ["lineitem.l_shipmode"], "Plans": [{"Node Type": "Nested Loop", "Parent Relationship": "Outer", "Join Type": "Inner", "Startup Cost": 0.0, "Total Cost": 3826765.42, "Plan Rows": 294584, "Plan Width": 27, "Inner Unique": true, "Plans": [{"Node Type": "Streaming(type: LOCAL GATHER dop: 1/16)", "Parent Relationship": "Outer", "Startup Cost": 0.0, "Total Cost": 2745997.9, "Plan Rows": 294584, "Plan Width": 19, "Plans": [{"Node Type": "Index Scan", "Parent Relationship": "Outer", "Scan Direction": "Forward", "Index Name": "idx_lineitem_orderkey", "Relation Name": "lineitem", "Alias": "lineitem", "Startup Cost": 0.0, "Total Cost": 2739640.18, "Plan Rows": 294584, "Plan Width": 19, "Filter": "((l_shipmode = ANY ('{RAIL,FOB}'::bpchar[])) AND (l_commitdate < l_receiptdate) AND (l_shipdate < l_commitdate) AND (l_receiptdate >= '1997-01-01 00:00:00'::timestamp(0) without time zone) AND (l_receiptdate < '1998-01-01 00:00:00'::timestamp without time zone)), (LLVM Optimized)"}]}, {"Node Type": "Index Scan", "Parent Relationship": "Inner", "Scan Direction": "Forward", "Index Name": "orders_pkey", "Relation Name": "orders", "Alias": "orders", "Startup Cost": 0.0, "Total Cost": 3.66, "Plan Rows": 1, "Plan Width": 24, "Index Cond": "(o_orderkey = lineitem.l_orderkey)"}]}]}]}, "Unique SQL Id": 2036526415, "Planner Runtime": 1}, "explain_analyze_plan": {"Plan": {"Node Type": "Sort", "Startup Cost": 3831920.66, "Total Cost": 3831920.67, "Plan Rows": 1, "Plan Width": 43, "Actual Min Startup Time": 3633.352, "Actual Max Startup Time": 3633.352, "Actual Min Total Time": 3633.352, "Actual Max Total Time": 3633.352, "Sort Key": ["lineitem.l_shipmode"], "Sort Method": "quicksort", "Sort Space Min Used": 25, "Sort Space Max Used": 25, "Sort Space Type": "Memory", "Plans": [{"Node Type": "Aggregate", "Strategy": "Hashed", "Parent Relationship": "Outer", "Startup Cost": 3831920.64, "Total Cost": 3831920.65, "Plan Rows": 1, "Plan Width": 43, "Actual Min Startup Time": 3633.314, "Actual Max Startup Time": 3633.314, "Actual Min Total Time": 3633.316, "Actual Max Total Time": 3633.316, "Group By Key": ["lineitem.l_shipmode"], "Plans": [{"Node Type": "Nested Loop", "Parent Relationship": "Outer", "Join Type": "Inner", "Startup Cost": 0.0, "Total Cost": 3826765.42, "Plan Rows": 294584, "Plan Width": 27, "Actual Min Startup Time": 553.866, "Actual Max Startup Time": 553.866, "Actual Min Total Time": 3328.179, "Actual Max Total Time": 3328.179, "Inner Unique": true, "Plans": [{"Node Type": "Streaming(type: LOCAL GATHER dop: 1/16)", "Parent Relationship": "Outer", "Startup Cost": 0.0, "Total Cost": 2745997.9, "Plan Rows": 294584, "Plan Width": 19, "Actual Min Startup Time": 553.813, "Actual Max Startup Time": 553.813, "Actual Min Total Time": 1689.732, "Actual Max Total Time": 1689.732, "Plans": [{"Node Type": "Index Scan", "Parent Relationship": "Outer", "Scan Direction": "Forward", "Index Name": "idx_lineitem_orderkey", "Relation Name": "lineitem", "Alias": "lineitem", "Startup Cost": 0.0, "Total Cost": 2739640.18, "Plan Rows": 294584, "Plan Width": 19, "Actual Min Startup Time": 498.14, "Actual Max Startup Time": 504.771, "Actual Min Total Time": 3113.984, "Actual Max Total Time": 3499.608, "Filter": "((l_shipmode = ANY ('{RAIL,FOB}'::bpchar[])) AND (l_commitdate < l_receiptdate) AND (l_shipdate < l_commitdate) AND (l_receiptdate >= '1997-01-01 00:00:00'::timestamp(0) without time zone) AND (l_receiptdate < '1998-01-01 00:00:00'::timestamp without time zone)), (LLVM Optimized, Jit Execute)", "Rows Removed by Filter": 59674804, "Actual Rows": 311248}], "Actual Rows": 311248}, {"Node Type": "Index Scan", "Parent Relationship": "Inner", "Scan Direction": "Forward", "Index Name": "orders_pkey", "Relation Name": "orders", "Alias": "orders", "Startup Cost": 0.0, "Total Cost": 3.66, "Plan Rows": 1, "Plan Width": 24, "Actual Min Startup Time": 1371.744, "Actual Max Startup Time": 1371.744, "Actual Min Total Time": 1371.744, "Actual Max Total Time": 1371.744, "Index Cond": "(o_orderkey = lineitem.l_orderkey)", "Rows Removed by Index Recheck": 0, "Actual Rows": 311248}], "Actual Rows": 311248}], "Actual Rows": 2}], "Actual Rows": 2}, "Triggers": [], "Planner Runtime": 0.867, "Total Runtime": 3646.641, "Unique SQL Id": 2036526415}}, "(16, '18')": {"explain_plan": {"Plan": {"Node Type": "Sort", "Startup Cost": 1689779.7, "Total Cost": 1689779.71, "Plan Rows": 1, "Plan Width": 43, "Sort Key": ["lineitem.l_shipmode"], "Plans": [{"Node Type": "Aggregate", "Strategy": "Hashed", "Parent Relationship": "Outer", "Startup Cost": 1689779.68, "Total Cost": 1689779.69, "Plan Rows": 1, "Plan Width": 43, "Group By Key": ["lineitem.l_shipmode"], "Plans": [{"Node Type": "Nested Loop", "Parent Relationship": "Outer", "Join Type": "Inner", "Startup Cost": 3.28, "Total Cost": 1684624.46, "Plan Rows": 294584, "Plan Width": 27, "Inner Unique": true, "Plans": [{"Node Type": "Streaming(type: LOCAL GATHER dop: 1/16)", "Parent Relationship": "Outer", "Startup Cost": 2.24, "Total Cost": 194167.3, "Plan Rows": 294584, "Plan Width": 19, "Plans": [{"Node Type": "Seq Scan", "Parent Relationship": "Outer", "Relation Name": "lineitem", "Alias": "lineitem", "Startup Cost": 2.24, "Total Cost": 187809.58, "Plan Rows": 294584, "Plan Width": 19, "Filter": "((l_shipmode = ANY ('{RAIL,FOB}'::bpchar[])) AND (l_commitdate < l_receiptdate) AND (l_shipdate < l_commitdate) AND (l_receiptdate >= '1997-01-01 00:00:00'::timestamp(0) without time zone) AND (l_receiptdate < '1998-01-01 00:00:00'::timestamp without time zone)), (LLVM Optimized)"}]}, {"Node Type": "Bitmap Heap Scan", "Parent Relationship": "Inner", "Relation Name": "orders", "Alias": "orders", "Startup Cost": 1.04, "Total Cost": 5.05, "Plan Rows": 1, "Plan Width": 24, "Recheck Cond": "(o_orderkey = lineitem.l_orderkey)", "Plans": [{"Node Type": "Bitmap Index Scan", "Parent Relationship": "Outer", "Index Name": "orders_pkey", "Startup Cost": 0.0, "Total Cost": 1.04, "Plan Rows": 1, "Plan Width": 0, "Index Cond": "(o_orderkey = lineitem.l_orderkey)"}]}]}]}]}, "Unique SQL Id": 2036526415, "Planner Runtime": 1}, "explain_analyze_plan": {"Plan": {"Node Type": "Sort", "Startup Cost": 1689779.7, "Total Cost": 1689779.71, "Plan Rows": 1, "Plan Width": 43, "Actual Min Startup Time": 2751.581, "Actual Max Startup Time": 2751.581, "Actual Min Total Time": 2751.581, "Actual Max Total Time": 2751.581, "Sort Key": ["lineitem.l_shipmode"], "Sort Method": "quicksort", "Sort Space Min Used": 25, "Sort Space Max Used": 25, "Sort Space Type": "Memory", "Plans": [{"Node Type": "Aggregate", "Strategy": "Hashed", "Parent Relationship": "Outer", "Startup Cost": 1689779.68, "Total Cost": 1689779.69, "Plan Rows": 1, "Plan Width": 43, "Actual Min Startup Time": 2751.545, "Actual Max Startup Time": 2751.545, "Actual Min Total Time": 2751.546, "Actual Max Total Time": 2751.546, "Group By Key": ["lineitem.l_shipmode"], "Plans": [{"Node Type": "Nested Loop", "Parent Relationship": "Outer", "Join Type": "Inner", "Startup Cost": 3.28, "Total Cost": 1684624.46, "Plan Rows": 294584, "Plan Width": 27, "Actual Min Startup Time": 50.031, "Actual Max Startup Time": 50.031, "Actual Min Total Time": 2414.554, "Actual Max Total Time": 2414.554, "Inner Unique": true, "Plans": [{"Node Type": "Streaming(type: LOCAL GATHER dop: 1/16)", "Parent Relationship": "Outer", "Startup Cost": 2.24, "Total Cost": 194167.3, "Plan Rows": 294584, "Plan Width": 19, "Actual Min Startup Time": 49.954, "Actual Max Startup Time": 49.954, "Actual Min Total Time": 243.553, "Actual Max Total Time": 243.553, "Plans": [{"Node Type": "Seq Scan", "Parent Relationship": "Outer", "Relation Name": "lineitem", "Alias": "lineitem", "Startup Cost": 2.24, "Total Cost": 187809.58, "Plan Rows": 294584, "Plan Width": 19, "Actual Min Startup Time": 0.049, "Actual Max Startup Time": 0.356, "Actual Min Total Time": 1765.676, "Actual Max Total Time": 2150.384, "Filter": "((l_shipmode = ANY ('{RAIL,FOB}'::bpchar[])) AND (l_commitdate < l_receiptdate) AND (l_shipdate < l_commitdate) AND (l_receiptdate >= '1997-01-01 00:00:00'::timestamp(0) without time zone) AND (l_receiptdate < '1998-01-01 00:00:00'::timestamp without time zone)), (LLVM Optimized, Jit Execute)", "Rows Removed by Filter": 59674804, "Actual Rows": 311248}], "Actual Rows": 311248}, {"Node Type": "Bitmap Heap Scan", "Parent Relationship": "Inner", "Relation Name": "orders", "Alias": "orders", "Startup Cost": 1.04, "Total Cost": 5.05, "Plan Rows": 1, "Plan Width": 24, "Actual Min Startup Time": 1740.603, "Actual Max Startup Time": 1740.603, "Actual Min Total Time": 1740.603, "Actual Max Total Time": 1740.603, "Recheck Cond": "(o_orderkey = lineitem.l_orderkey)", "Rows Removed by Index Recheck": 0, "Exact Heap Blocks": 311248, "Lossy Heap Blocks": 311248, "Plans": [{"Node Type": "Bitmap Index Scan", "Parent Relationship": "Outer", "Index Name": "orders_pkey", "Startup Cost": 0.0, "Total Cost": 1.04, "Plan Rows": 1, "Plan Width": 0, "Actual Min Startup Time": 1011.837, "Actual Max Startup Time": 1011.837, "Actual Min Total Time": 1011.837, "Actual Max Total Time": 1011.837, "Index Cond": "(o_orderkey = lineitem.l_orderkey)", "Actual Rows": 311248}], "Actual Rows": 311248}], "Actual Rows": 311248}], "Actual Rows": 2}], "Actual Rows": 2}, "Triggers": [], "Planner Runtime": 0.916, "Total Runtime": 2765.036, "Unique SQL Id": 2036526415}}, "(16, '19')": {"explain_plan": {"Plan": {"Node Type": "Sort", "Startup Cost": 5485674.71, "Total Cost": 5485674.71, "Plan Rows": 1, "Plan Width": 43, "Sort Key": ["lineitem.l_shipmode"], "Plans": [{"Node Type": "Aggregate", "Strategy": "Hashed", "Parent Relationship": "Outer", "Startup Cost": 5485674.69, "Total Cost": 5485674.7, "Plan Rows": 1, "Plan Width": 43, "Group By Key": ["lineitem.l_shipmode"], "Plans": [{"Node Type": "Nested Loop", "Parent Relationship": "Outer", "Join Type": "Inner", "Startup Cost": 1225110.1, "Total Cost": 5480519.47, "Plan Rows": 294584, "Plan Width": 27, "Inner Unique": true, "Plans": [{"Node Type": "Bitmap Heap Scan", "Parent Relationship": "Outer", "Relation Name": "lineitem", "Alias": "lineitem", "Startup Cost": 1225109.06, "Total Cost": 3990062.3, "Plan Rows": 294584, "Plan Width": 19, "Filter": "((l_shipmode = ANY ('{RAIL,FOB}'::bpchar[])) AND (l_commitdate < l_receiptdate) AND (l_shipdate < l_commitdate) AND (l_receiptdate >= '1997-01-01 00:00:00'::timestamp(0) without time zone) AND (l_receiptdate < '1998-01-01 00:00:00'::timestamp without time zone)), (LLVM Optimized)", "Plans": [{"Node Type": "Bitmap Index Scan", "Parent Relationship": "Outer", "Index Name": "idx_lineitem_orderkey", "Startup Cost": 0.0, "Total Cost": 1225035.42, "Plan Rows": 59987033, "Plan Width": 0}]}, {"Node Type": "Bitmap Heap Scan", "Parent Relationship": "Inner", "Relation Name": "orders", "Alias": "orders", "Startup Cost": 1.04, "Total Cost": 5.05, "Plan Rows": 1, "Plan Width": 24, "Recheck Cond": "(o_orderkey = lineitem.l_orderkey)", "Plans": [{"Node Type": "Bitmap Index Scan", "Parent Relationship": "Outer", "Index Name": "orders_pkey", "Startup Cost": 0.0, "Total Cost": 1.04, "Plan Rows": 1, "Plan Width": 0, "Index Cond": "(o_orderkey = lineitem.l_orderkey)"}]}]}]}]}, "Unique SQL Id": 2036526415, "Planner Runtime": 1}, "explain_analyze_plan": null}, "(16, '20')": {"explain_plan": {"Plan": {"Node Type": "Sort", "Startup Cost": 1280090.06, "Total Cost": 1280090.06, "Plan Rows": 1, "Plan Width": 43, "Sort Key": ["lineitem.l_shipmode"], "Plans": [{"Node Type": "Aggregate", "Strategy": "Hashed", "Parent Relationship": "Outer", "Startup Cost": 1280090.04, "Total Cost": 1280090.05, "Plan Rows": 1, "Plan Width": 43, "Group By Key": ["lineitem.l_shipmode"], "Plans": [{"Node Type": "Nested Loop", "Parent Relationship": "Outer", "Join Type": "Inner", "Startup Cost": 2.24, "Total Cost": 1274934.82, "Plan Rows": 294584, "Plan Width": 27, "Inner Unique": true, "Plans": [{"Node Type": "Streaming(type: LOCAL GATHER dop: 1/16)", "Parent Relationship": "Outer", "Startup Cost": 2.24, "Total Cost": 194167.3, "Plan Rows": 294584, "Plan Width": 19, "Plans": [{"Node Type": "Seq Scan", "Parent Relationship": "Outer", "Relation Name": "lineitem", "Alias": "lineitem", "Startup Cost": 2.24, "Total Cost": 187809.58, "Plan Rows": 294584, "Plan Width": 19, "Filter": "((l_shipmode = ANY ('{RAIL,FOB}'::bpchar[])) AND (l_commitdate < l_receiptdate) AND (l_shipdate < l_commitdate) AND (l_receiptdate >= '1997-01-01 00:00:00'::timestamp(0) without time zone) AND (l_receiptdate < '1998-01-01 00:00:00'::timestamp without time zone)), (LLVM Optimized)"}]}, {"Node Type": "Index Scan", "Parent Relationship": "Inner", "Scan Direction": "Forward", "Index Name": "orders_pkey", "Relation Name": "orders", "Alias": "orders", "Startup Cost": 0.0, "Total Cost": 3.66, "Plan Rows": 1, "Plan Width": 24, "Index Cond": "(o_orderkey = lineitem.l_orderkey)"}]}]}]}, "Unique SQL Id": 2036526415, "Planner Runtime": 1}, "explain_analyze_plan": {"Plan": {"Node Type": "Sort", "Startup Cost": 1280090.06, "Total Cost": 1280090.06, "Plan Rows": 1, "Plan Width": 43, "Actual Min Startup Time": 2576.474, "Actual Max Startup Time": 2576.474, "Actual Min Total Time": 2576.474, "Actual Max Total Time": 2576.474, "Sort Key": ["lineitem.l_shipmode"], "Sort Method": "quicksort", "Sort Space Min Used": 25, "Sort Space Max Used": 25, "Sort Space Type": "Memory", "Plans": [{"Node Type": "Aggregate", "Strategy": "Hashed", "Parent Relationship": "Outer", "Startup Cost": 1280090.04, "Total Cost": 1280090.05, "Plan Rows": 1, "Plan Width": 43, "Actual Min Startup Time": 2576.42, "Actual Max Startup Time": 2576.42, "Actual Min Total Time": 2576.421, "Actual Max Total Time": 2576.421, "Group By Key": ["lineitem.l_shipmode"], "Plans": [{"Node Type": "Nested Loop", "Parent Relationship": "Outer", "Join Type": "Inner", "Startup Cost": 2.24, "Total Cost": 1274934.82, "Plan Rows": 294584, "Plan Width": 27, "Actual Min Startup Time": 47.965, "Actual Max Startup Time": 47.965, "Actual Min Total Time": 2240.029, "Actual Max Total Time": 2240.029, "Inner Unique": true, "Plans": [{"Node Type": "Streaming(type: LOCAL GATHER dop: 1/16)", "Parent Relationship": "Outer", "Startup Cost": 2.24, "Total Cost": 194167.3, "Plan Rows": 294584, "Plan Width": 19, "Actual Min Startup Time": 47.905, "Actual Max Startup Time": 47.905, "Actual Min Total Time": 584.734, "Actual Max Total Time": 584.734, "Plans": [{"Node Type": "Seq Scan", "Parent Relationship": "Outer", "Relation Name": "lineitem", "Alias": "lineitem", "Startup Cost": 2.24, "Total Cost": 187809.58, "Plan Rows": 294584, "Plan Width": 19, "Actual Min Startup Time": 0.039, "Actual Max Startup Time": 0.362, "Actual Min Total Time": 1960.645, "Actual Max Total Time": 2395.535, "Filter": "((l_shipmode = ANY ('{RAIL,FOB}'::bpchar[])) AND (l_commitdate < l_receiptdate) AND (l_shipdate < l_commitdate) AND (l_receiptdate >= '1997-01-01 00:00:00'::timestamp(0) without time zone) AND (l_receiptdate < '1998-01-01 00:00:00'::timestamp without time zone)), (LLVM Optimized, Jit Execute)", "Rows Removed by Filter": 59674804, "Actual Rows": 311248}], "Actual Rows": 311248}, {"Node Type": "Index Scan", "Parent Relationship": "Inner", "Scan Direction": "Forward", "Index Name": "orders_pkey", "Relation Name": "orders", "Alias": "orders", "Startup Cost": 0.0, "Total Cost": 3.66, "Plan Rows": 1, "Plan Width": 24, "Actual Min Startup Time": 1397.352, "Actual Max Startup Time": 1397.352, "Actual Min Total Time": 1397.352, "Actual Max Total Time": 1397.352, "Index Cond": "(o_orderkey = lineitem.l_orderkey)", "Rows Removed by Index Recheck": 0, "Actual Rows": 311248}], "Actual Rows": 311248}], "Actual Rows": 2}], "Actual Rows": 2}, "Triggers": [], "Planner Runtime": 0.724, "Total Runtime": 2589.726, "Unique SQL Id": 2036526415}}, "(16, '21')": {"explain_plan": {"Plan": {"Node Type": "Sort", "Startup Cost": 3831920.66, "Total Cost": 3831920.67, "Plan Rows": 1, "Plan Width": 43, "Sort Key": ["lineitem.l_shipmode"], "Plans": [{"Node Type": "Aggregate", "Strategy": "Hashed", "Parent Relationship": "Outer", "Startup Cost": 3831920.64, "Total Cost": 3831920.65, "Plan Rows": 1, "Plan Width": 43, "Group By Key": ["lineitem.l_shipmode"], "Plans": [{"Node Type": "Nested Loop", "Parent Relationship": "Outer", "Join Type": "Inner", "Startup Cost": 0.0, "Total Cost": 3826765.42, "Plan Rows": 294584, "Plan Width": 27, "Inner Unique": true, "Plans": [{"Node Type": "Streaming(type: LOCAL GATHER dop: 1/16)", "Parent Relationship": "Outer", "Startup Cost": 0.0, "Total Cost": 2745997.9, "Plan Rows": 294584, "Plan Width": 19, "Plans": [{"Node Type": "Index Scan", "Parent Relationship": "Outer", "Scan Direction": "Forward", "Index Name": "idx_lineitem_orderkey", "Relation Name": "lineitem", "Alias": "lineitem", "Startup Cost": 0.0, "Total Cost": 2739640.18, "Plan Rows": 294584, "Plan Width": 19, "Filter": "((l_shipmode = ANY ('{RAIL,FOB}'::bpchar[])) AND (l_commitdate < l_receiptdate) AND (l_shipdate < l_commitdate) AND (l_receiptdate >= '1997-01-01 00:00:00'::timestamp(0) without time zone) AND (l_receiptdate < '1998-01-01 00:00:00'::timestamp without time zone)), (LLVM Optimized)"}]}, {"Node Type": "Index Scan", "Parent Relationship": "Inner", "Scan Direction": "Forward", "Index Name": "orders_pkey", "Relation Name": "orders", "Alias": "orders", "Startup Cost": 0.0, "Total Cost": 3.66, "Plan Rows": 1, "Plan Width": 24, "Index Cond": "(o_orderkey = lineitem.l_orderkey)"}]}]}]}, "Unique SQL Id": 2036526415, "Planner Runtime": 0}, "explain_analyze_plan": {"Plan": {"Node Type": "Sort", "Startup Cost": 3831920.66, "Total Cost": 3831920.67, "Plan Rows": 1, "Plan Width": 43, "Actual Min Startup Time": 3633.352, "Actual Max Startup Time": 3633.352, "Actual Min Total Time": 3633.352, "Actual Max Total Time": 3633.352, "Sort Key": ["lineitem.l_shipmode"], "Sort Method": "quicksort", "Sort Space Min Used": 25, "Sort Space Max Used": 25, "Sort Space Type": "Memory", "Plans": [{"Node Type": "Aggregate", "Strategy": "Hashed", "Parent Relationship": "Outer", "Startup Cost": 3831920.64, "Total Cost": 3831920.65, "Plan Rows": 1, "Plan Width": 43, "Actual Min Startup Time": 3633.314, "Actual Max Startup Time": 3633.314, "Actual Min Total Time": 3633.316, "Actual Max Total Time": 3633.316, "Group By Key": ["lineitem.l_shipmode"], "Plans": [{"Node Type": "Nested Loop", "Parent Relationship": "Outer", "Join Type": "Inner", "Startup Cost": 0.0, "Total Cost": 3826765.42, "Plan Rows": 294584, "Plan Width": 27, "Actual Min Startup Time": 553.866, "Actual Max Startup Time": 553.866, "Actual Min Total Time": 3328.179, "Actual Max Total Time": 3328.179, "Inner Unique": true, "Plans": [{"Node Type": "Streaming(type: LOCAL GATHER dop: 1/16)", "Parent Relationship": "Outer", "Startup Cost": 0.0, "Total Cost": 2745997.9, "Plan Rows": 294584, "Plan Width": 19, "Actual Min Startup Time": 553.813, "Actual Max Startup Time": 553.813, "Actual Min Total Time": 1689.732, "Actual Max Total Time": 1689.732, "Plans": [{"Node Type": "Index Scan", "Parent Relationship": "Outer", "Scan Direction": "Forward", "Index Name": "idx_lineitem_orderkey", "Relation Name": "lineitem", "Alias": "lineitem", "Startup Cost": 0.0, "Total Cost": 2739640.18, "Plan Rows": 294584, "Plan Width": 19, "Actual Min Startup Time": 498.14, "Actual Max Startup Time": 504.771, "Actual Min Total Time": 3113.984, "Actual Max Total Time": 3499.608, "Filter": "((l_shipmode = ANY ('{RAIL,FOB}'::bpchar[])) AND (l_commitdate < l_receiptdate) AND (l_shipdate < l_commitdate) AND (l_receiptdate >= '1997-01-01 00:00:00'::timestamp(0) without time zone) AND (l_receiptdate < '1998-01-01 00:00:00'::timestamp without time zone)), (LLVM Optimized, Jit Execute)", "Rows Removed by Filter": 59674804, "Actual Rows": 311248}], "Actual Rows": 311248}, {"Node Type": "Index Scan", "Parent Relationship": "Inner", "Scan Direction": "Forward", "Index Name": "orders_pkey", "Relation Name": "orders", "Alias": "orders", "Startup Cost": 0.0, "Total Cost": 3.66, "Plan Rows": 1, "Plan Width": 24, "Actual Min Startup Time": 1371.744, "Actual Max Startup Time": 1371.744, "Actual Min Total Time": 1371.744, "Actual Max Total Time": 1371.744, "Index Cond": "(o_orderkey = lineitem.l_orderkey)", "Rows Removed by Index Recheck": 0, "Actual Rows": 311248}], "Actual Rows": 311248}], "Actual Rows": 2}], "Actual Rows": 2}, "Triggers": [], "Planner Runtime": 0.867, "Total Runtime": 3646.641, "Unique SQL Id": 2036526415}}, "(16, '22')": {"explain_plan": {"Plan": {"Node Type": "Sort", "Startup Cost": 1689779.7, "Total Cost": 1689779.71, "Plan Rows": 1, "Plan Width": 43, "Sort Key": ["lineitem.l_shipmode"], "Plans": [{"Node Type": "Aggregate", "Strategy": "Hashed", "Parent Relationship": "Outer", "Startup Cost": 1689779.68, "Total Cost": 1689779.69, "Plan Rows": 1, "Plan Width": 43, "Group By Key": ["lineitem.l_shipmode"], "Plans": [{"Node Type": "Nested Loop", "Parent Relationship": "Outer", "Join Type": "Inner", "Startup Cost": 3.28, "Total Cost": 1684624.46, "Plan Rows": 294584, "Plan Width": 27, "Inner Unique": true, "Plans": [{"Node Type": "Streaming(type: LOCAL GATHER dop: 1/16)", "Parent Relationship": "Outer", "Startup Cost": 2.24, "Total Cost": 194167.3, "Plan Rows": 294584, "Plan Width": 19, "Plans": [{"Node Type": "Seq Scan", "Parent Relationship": "Outer", "Relation Name": "lineitem", "Alias": "lineitem", "Startup Cost": 2.24, "Total Cost": 187809.58, "Plan Rows": 294584, "Plan Width": 19, "Filter": "((l_shipmode = ANY ('{RAIL,FOB}'::bpchar[])) AND (l_commitdate < l_receiptdate) AND (l_shipdate < l_commitdate) AND (l_receiptdate >= '1997-01-01 00:00:00'::timestamp(0) without time zone) AND (l_receiptdate < '1998-01-01 00:00:00'::timestamp without time zone)), (LLVM Optimized)"}]}, {"Node Type": "Bitmap Heap Scan", "Parent Relationship": "Inner", "Relation Name": "orders", "Alias": "orders", "Startup Cost": 1.04, "Total Cost": 5.05, "Plan Rows": 1, "Plan Width": 24, "Recheck Cond": "(o_orderkey = lineitem.l_orderkey)", "Plans": [{"Node Type": "Bitmap Index Scan", "Parent Relationship": "Outer", "Index Name": "orders_pkey", "Startup Cost": 0.0, "Total Cost": 1.04, "Plan Rows": 1, "Plan Width": 0, "Index Cond": "(o_orderkey = lineitem.l_orderkey)"}]}]}]}]}, "Unique SQL Id": 2036526415, "Planner Runtime": 0}, "explain_analyze_plan": {"Plan": {"Node Type": "Sort", "Startup Cost": 1689779.7, "Total Cost": 1689779.71, "Plan Rows": 1, "Plan Width": 43, "Actual Min Startup Time": 2751.581, "Actual Max Startup Time": 2751.581, "Actual Min Total Time": 2751.581, "Actual Max Total Time": 2751.581, "Sort Key": ["lineitem.l_shipmode"], "Sort Method": "quicksort", "Sort Space Min Used": 25, "Sort Space Max Used": 25, "Sort Space Type": "Memory", "Plans": [{"Node Type": "Aggregate", "Strategy": "Hashed", "Parent Relationship": "Outer", "Startup Cost": 1689779.68, "Total Cost": 1689779.69, "Plan Rows": 1, "Plan Width": 43, "Actual Min Startup Time": 2751.545, "Actual Max Startup Time": 2751.545, "Actual Min Total Time": 2751.546, "Actual Max Total Time": 2751.546, "Group By Key": ["lineitem.l_shipmode"], "Plans": [{"Node Type": "Nested Loop", "Parent Relationship": "Outer", "Join Type": "Inner", "Startup Cost": 3.28, "Total Cost": 1684624.46, "Plan Rows": 294584, "Plan Width": 27, "Actual Min Startup Time": 50.031, "Actual Max Startup Time": 50.031, "Actual Min Total Time": 2414.554, "Actual Max Total Time": 2414.554, "Inner Unique": true, "Plans": [{"Node Type": "Streaming(type: LOCAL GATHER dop: 1/16)", "Parent Relationship": "Outer", "Startup Cost": 2.24, "Total Cost": 194167.3, "Plan Rows": 294584, "Plan Width": 19, "Actual Min Startup Time": 49.954, "Actual Max Startup Time": 49.954, "Actual Min Total Time": 243.553, "Actual Max Total Time": 243.553, "Plans": [{"Node Type": "Seq Scan", "Parent Relationship": "Outer", "Relation Name": "lineitem", "Alias": "lineitem", "Startup Cost": 2.24, "Total Cost": 187809.58, "Plan Rows": 294584, "Plan Width": 19, "Actual Min Startup Time": 0.049, "Actual Max Startup Time": 0.356, "Actual Min Total Time": 1765.676, "Actual Max Total Time": 2150.384, "Filter": "((l_shipmode = ANY ('{RAIL,FOB}'::bpchar[])) AND (l_commitdate < l_receiptdate) AND (l_shipdate < l_commitdate) AND (l_receiptdate >= '1997-01-01 00:00:00'::timestamp(0) without time zone) AND (l_receiptdate < '1998-01-01 00:00:00'::timestamp without time zone)), (LLVM Optimized, Jit Execute)", "Rows Removed by Filter": 59674804, "Actual Rows": 311248}], "Actual Rows": 311248}, {"Node Type": "Bitmap Heap Scan", "Parent Relationship": "Inner", "Relation Name": "orders", "Alias": "orders", "Startup Cost": 1.04, "Total Cost": 5.05, "Plan Rows": 1, "Plan Width": 24, "Actual Min Startup Time": 1740.603, "Actual Max Startup Time": 1740.603, "Actual Min Total Time": 1740.603, "Actual Max Total Time": 1740.603, "Recheck Cond": "(o_orderkey = lineitem.l_orderkey)", "Rows Removed by Index Recheck": 0, "Exact Heap Blocks": 311248, "Lossy Heap Blocks": 311248, "Plans": [{"Node Type": "Bitmap Index Scan", "Parent Relationship": "Outer", "Index Name": "orders_pkey", "Startup Cost": 0.0, "Total Cost": 1.04, "Plan Rows": 1, "Plan Width": 0, "Actual Min Startup Time": 1011.837, "Actual Max Startup Time": 1011.837, "Actual Min Total Time": 1011.837, "Actual Max Total Time": 1011.837, "Index Cond": "(o_orderkey = lineitem.l_orderkey)", "Actual Rows": 311248}], "Actual Rows": 311248}], "Actual Rows": 311248}], "Actual Rows": 2}], "Actual Rows": 2}, "Triggers": [], "Planner Runtime": 0.916, "Total Runtime": 2765.036, "Unique SQL Id": 2036526415}}, "(16, '23')": {"explain_plan": {"Plan": {"Node Type": "Sort", "Startup Cost": 5485674.71, "Total Cost": 5485674.71, "Plan Rows": 1, "Plan Width": 43, "Sort Key": ["lineitem.l_shipmode"], "Plans": [{"Node Type": "Aggregate", "Strategy": "Hashed", "Parent Relationship": "Outer", "Startup Cost": 5485674.69, "Total Cost": 5485674.7, "Plan Rows": 1, "Plan Width": 43, "Group By Key": ["lineitem.l_shipmode"], "Plans": [{"Node Type": "Nested Loop", "Parent Relationship": "Outer", "Join Type": "Inner", "Startup Cost": 1225110.1, "Total Cost": 5480519.47, "Plan Rows": 294584, "Plan Width": 27, "Inner Unique": true, "Plans": [{"Node Type": "Bitmap Heap Scan", "Parent Relationship": "Outer", "Relation Name": "lineitem", "Alias": "lineitem", "Startup Cost": 1225109.06, "Total Cost": 3990062.3, "Plan Rows": 294584, "Plan Width": 19, "Filter": "((l_shipmode = ANY ('{RAIL,FOB}'::bpchar[])) AND (l_commitdate < l_receiptdate) AND (l_shipdate < l_commitdate) AND (l_receiptdate >= '1997-01-01 00:00:00'::timestamp(0) without time zone) AND (l_receiptdate < '1998-01-01 00:00:00'::timestamp without time zone)), (LLVM Optimized)", "Plans": [{"Node Type": "Bitmap Index Scan", "Parent Relationship": "Outer", "Index Name": "idx_lineitem_orderkey", "Startup Cost": 0.0, "Total Cost": 1225035.42, "Plan Rows": 59987033, "Plan Width": 0}]}, {"Node Type": "Bitmap Heap Scan", "Parent Relationship": "Inner", "Relation Name": "orders", "Alias": "orders", "Startup Cost": 1.04, "Total Cost": 5.05, "Plan Rows": 1, "Plan Width": 24, "Recheck Cond": "(o_orderkey = lineitem.l_orderkey)", "Plans": [{"Node Type": "Bitmap Index Scan", "Parent Relationship": "Outer", "Index Name": "orders_pkey", "Startup Cost": 0.0, "Total Cost": 1.04, "Plan Rows": 1, "Plan Width": 0, "Index Cond": "(o_orderkey = lineitem.l_orderkey)"}]}]}]}]}, "Unique SQL Id": 2036526415, "Planner Runtime": 0}, "explain_analyze_plan": null}, "(16, '24')": {"explain_plan": {"Plan": {"Node Type": "Sort", "Startup Cost": 1280090.06, "Total Cost": 1280090.06, "Plan Rows": 1, "Plan Width": 43, "Sort Key": ["lineitem.l_shipmode"], "Plans": [{"Node Type": "Aggregate", "Strategy": "Hashed", "Parent Relationship": "Outer", "Startup Cost": 1280090.04, "Total Cost": 1280090.05, "Plan Rows": 1, "Plan Width": 43, "Group By Key": ["lineitem.l_shipmode"], "Plans": [{"Node Type": "Nested Loop", "Parent Relationship": "Outer", "Join Type": "Inner", "Startup Cost": 2.24, "Total Cost": 1274934.82, "Plan Rows": 294584, "Plan Width": 27, "Inner Unique": true, "Plans": [{"Node Type": "Streaming(type: LOCAL GATHER dop: 1/16)", "Parent Relationship": "Outer", "Startup Cost": 2.24, "Total Cost": 194167.3, "Plan Rows": 294584, "Plan Width": 19, "Plans": [{"Node Type": "Seq Scan", "Parent Relationship": "Outer", "Relation Name": "lineitem", "Alias": "lineitem", "Startup Cost": 2.24, "Total Cost": 187809.58, "Plan Rows": 294584, "Plan Width": 19, "Filter": "((l_shipmode = ANY ('{RAIL,FOB}'::bpchar[])) AND (l_commitdate < l_receiptdate) AND (l_shipdate < l_commitdate) AND (l_receiptdate >= '1997-01-01 00:00:00'::timestamp(0) without time zone) AND (l_receiptdate < '1998-01-01 00:00:00'::timestamp without time zone)), (LLVM Optimized)"}]}, {"Node Type": "Index Scan", "Parent Relationship": "Inner", "Scan Direction": "Forward", "Index Name": "orders_pkey", "Relation Name": "orders", "Alias": "orders", "Startup Cost": 0.0, "Total Cost": 3.66, "Plan Rows": 1, "Plan Width": 24, "Index Cond": "(o_orderkey = lineitem.l_orderkey)"}]}]}]}, "Unique SQL Id": 2036526415, "Planner Runtime": 0}, "explain_analyze_plan": {"Plan": {"Node Type": "Sort", "Startup Cost": 1280090.06, "Total Cost": 1280090.06, "Plan Rows": 1, "Plan Width": 43, "Actual Min Startup Time": 2576.474, "Actual Max Startup Time": 2576.474, "Actual Min Total Time": 2576.474, "Actual Max Total Time": 2576.474, "Sort Key": ["lineitem.l_shipmode"], "Sort Method": "quicksort", "Sort Space Min Used": 25, "Sort Space Max Used": 25, "Sort Space Type": "Memory", "Plans": [{"Node Type": "Aggregate", "Strategy": "Hashed", "Parent Relationship": "Outer", "Startup Cost": 1280090.04, "Total Cost": 1280090.05, "Plan Rows": 1, "Plan Width": 43, "Actual Min Startup Time": 2576.42, "Actual Max Startup Time": 2576.42, "Actual Min Total Time": 2576.421, "Actual Max Total Time": 2576.421, "Group By Key": ["lineitem.l_shipmode"], "Plans": [{"Node Type": "Nested Loop", "Parent Relationship": "Outer", "Join Type": "Inner", "Startup Cost": 2.24, "Total Cost": 1274934.82, "Plan Rows": 294584, "Plan Width": 27, "Actual Min Startup Time": 47.965, "Actual Max Startup Time": 47.965, "Actual Min Total Time": 2240.029, "Actual Max Total Time": 2240.029, "Inner Unique": true, "Plans": [{"Node Type": "Streaming(type: LOCAL GATHER dop: 1/16)", "Parent Relationship": "Outer", "Startup Cost": 2.24, "Total Cost": 194167.3, "Plan Rows": 294584, "Plan Width": 19, "Actual Min Startup Time": 47.905, "Actual Max Startup Time": 47.905, "Actual Min Total Time": 584.734, "Actual Max Total Time": 584.734, "Plans": [{"Node Type": "Seq Scan", "Parent Relationship": "Outer", "Relation Name": "lineitem", "Alias": "lineitem", "Startup Cost": 2.24, "Total Cost": 187809.58, "Plan Rows": 294584, "Plan Width": 19, "Actual Min Startup Time": 0.039, "Actual Max Startup Time": 0.362, "Actual Min Total Time": 1960.645, "Actual Max Total Time": 2395.535, "Filter": "((l_shipmode = ANY ('{RAIL,FOB}'::bpchar[])) AND (l_commitdate < l_receiptdate) AND (l_shipdate < l_commitdate) AND (l_receiptdate >= '1997-01-01 00:00:00'::timestamp(0) without time zone) AND (l_receiptdate < '1998-01-01 00:00:00'::timestamp without time zone)), (LLVM Optimized, Jit Execute)", "Rows Removed by Filter": 59674804, "Actual Rows": 311248}], "Actual Rows": 311248}, {"Node Type": "Index Scan", "Parent Relationship": "Inner", "Scan Direction": "Forward", "Index Name": "orders_pkey", "Relation Name": "orders", "Alias": "orders", "Startup Cost": 0.0, "Total Cost": 3.66, "Plan Rows": 1, "Plan Width": 24, "Actual Min Startup Time": 1397.352, "Actual Max Startup Time": 1397.352, "Actual Min Total Time": 1397.352, "Actual Max Total Time": 1397.352, "Index Cond": "(o_orderkey = lineitem.l_orderkey)", "Rows Removed by Index Recheck": 0, "Actual Rows": 311248}], "Actual Rows": 311248}], "Actual Rows": 2}], "Actual Rows": 2}, "Triggers": [], "Planner Runtime": 0.724, "Total Runtime": 2589.726, "Unique SQL Id": 2036526415}}, "(16, '25')": {"explain_plan": {"Plan": {"Node Type": "Sort", "Startup Cost": 3831920.66, "Total Cost": 3831920.67, "Plan Rows": 1, "Plan Width": 43, "Sort Key": ["lineitem.l_shipmode"], "Plans": [{"Node Type": "Aggregate", "Strategy": "Hashed", "Parent Relationship": "Outer", "Startup Cost": 3831920.64, "Total Cost": 3831920.65, "Plan Rows": 1, "Plan Width": 43, "Group By Key": ["lineitem.l_shipmode"], "Plans": [{"Node Type": "Nested Loop", "Parent Relationship": "Outer", "Join Type": "Inner", "Startup Cost": 0.0, "Total Cost": 3826765.42, "Plan Rows": 294584, "Plan Width": 27, "Inner Unique": true, "Plans": [{"Node Type": "Streaming(type: LOCAL GATHER dop: 1/16)", "Parent Relationship": "Outer", "Startup Cost": 0.0, "Total Cost": 2745997.9, "Plan Rows": 294584, "Plan Width": 19, "Plans": [{"Node Type": "Index Scan", "Parent Relationship": "Outer", "Scan Direction": "Forward", "Index Name": "idx_lineitem_orderkey", "Relation Name": "lineitem", "Alias": "lineitem", "Startup Cost": 0.0, "Total Cost": 2739640.18, "Plan Rows": 294584, "Plan Width": 19, "Filter": "((l_shipmode = ANY ('{RAIL,FOB}'::bpchar[])) AND (l_commitdate < l_receiptdate) AND (l_shipdate < l_commitdate) AND (l_receiptdate >= '1997-01-01 00:00:00'::timestamp(0) without time zone) AND (l_receiptdate < '1998-01-01 00:00:00'::timestamp without time zone)), (LLVM Optimized)"}]}, {"Node Type": "Index Scan", "Parent Relationship": "Inner", "Scan Direction": "Forward", "Index Name": "orders_pkey", "Relation Name": "orders", "Alias": "orders", "Startup Cost": 0.0, "Total Cost": 3.66, "Plan Rows": 1, "Plan Width": 24, "Index Cond": "(o_orderkey = lineitem.l_orderkey)"}]}]}]}, "Unique SQL Id": 2036526415, "Planner Runtime": 0}, "explain_analyze_plan": {"Plan": {"Node Type": "Sort", "Startup Cost": 3831920.66, "Total Cost": 3831920.67, "Plan Rows": 1, "Plan Width": 43, "Actual Min Startup Time": 3633.352, "Actual Max Startup Time": 3633.352, "Actual Min Total Time": 3633.352, "Actual Max Total Time": 3633.352, "Sort Key": ["lineitem.l_shipmode"], "Sort Method": "quicksort", "Sort Space Min Used": 25, "Sort Space Max Used": 25, "Sort Space Type": "Memory", "Plans": [{"Node Type": "Aggregate", "Strategy": "Hashed", "Parent Relationship": "Outer", "Startup Cost": 3831920.64, "Total Cost": 3831920.65, "Plan Rows": 1, "Plan Width": 43, "Actual Min Startup Time": 3633.314, "Actual Max Startup Time": 3633.314, "Actual Min Total Time": 3633.316, "Actual Max Total Time": 3633.316, "Group By Key": ["lineitem.l_shipmode"], "Plans": [{"Node Type": "Nested Loop", "Parent Relationship": "Outer", "Join Type": "Inner", "Startup Cost": 0.0, "Total Cost": 3826765.42, "Plan Rows": 294584, "Plan Width": 27, "Actual Min Startup Time": 553.866, "Actual Max Startup Time": 553.866, "Actual Min Total Time": 3328.179, "Actual Max Total Time": 3328.179, "Inner Unique": true, "Plans": [{"Node Type": "Streaming(type: LOCAL GATHER dop: 1/16)", "Parent Relationship": "Outer", "Startup Cost": 0.0, "Total Cost": 2745997.9, "Plan Rows": 294584, "Plan Width": 19, "Actual Min Startup Time": 553.813, "Actual Max Startup Time": 553.813, "Actual Min Total Time": 1689.732, "Actual Max Total Time": 1689.732, "Plans": [{"Node Type": "Index Scan", "Parent Relationship": "Outer", "Scan Direction": "Forward", "Index Name": "idx_lineitem_orderkey", "Relation Name": "lineitem", "Alias": "lineitem", "Startup Cost": 0.0, "Total Cost": 2739640.18, "Plan Rows": 294584, "Plan Width": 19, "Actual Min Startup Time": 498.14, "Actual Max Startup Time": 504.771, "Actual Min Total Time": 3113.984, "Actual Max Total Time": 3499.608, "Filter": "((l_shipmode = ANY ('{RAIL,FOB}'::bpchar[])) AND (l_commitdate < l_receiptdate) AND (l_shipdate < l_commitdate) AND (l_receiptdate >= '1997-01-01 00:00:00'::timestamp(0) without time zone) AND (l_receiptdate < '1998-01-01 00:00:00'::timestamp without time zone)), (LLVM Optimized, Jit Execute)", "Rows Removed by Filter": 59674804, "Actual Rows": 311248}], "Actual Rows": 311248}, {"Node Type": "Index Scan", "Parent Relationship": "Inner", "Scan Direction": "Forward", "Index Name": "orders_pkey", "Relation Name": "orders", "Alias": "orders", "Startup Cost": 0.0, "Total Cost": 3.66, "Plan Rows": 1, "Plan Width": 24, "Actual Min Startup Time": 1371.744, "Actual Max Startup Time": 1371.744, "Actual Min Total Time": 1371.744, "Actual Max Total Time": 1371.744, "Index Cond": "(o_orderkey = lineitem.l_orderkey)", "Rows Removed by Index Recheck": 0, "Actual Rows": 311248}], "Actual Rows": 311248}], "Actual Rows": 2}], "Actual Rows": 2}, "Triggers": [], "Planner Runtime": 0.867, "Total Runtime": 3646.641, "Unique SQL Id": 2036526415}}, "(16, '26')": {"explain_plan": {"Plan": {"Node Type": "Sort", "Startup Cost": 259220504.77, "Total Cost": 259220504.78, "Plan Rows": 1, "Plan Width": 43, "Sort Key": ["lineitem.l_shipmode"], "Plans": [{"Node Type": "Streaming(type: LOCAL GATHER dop: 1/16)", "Parent Relationship": "Outer", "Startup Cost": 259220504.76, "Total Cost": 259220504.76, "Plan Rows": 1, "Plan Width": 43, "Plans": [{"Node Type": "Aggregate", "Strategy": "Hashed", "Parent Relationship": "Outer", "Startup Cost": 259220504.76, "Total Cost": 259220504.76, "Plan Rows": 1, "Plan Width": 43, "Group By Key": ["lineitem.l_shipmode"], "Plans": [{"Node Type": "Streaming(type: LOCAL REDISTRIBUTE dop: 16/16)", "Parent Relationship": "Outer", "Startup Cost": 259220504.71, "Total Cost": 259220504.75, "Plan Rows": 1, "Plan Width": 43, "Plans": [{"Node Type": "Aggregate", "Strategy": "Hashed", "Parent Relationship": "Outer", "Startup Cost": 259220504.71, "Total Cost": 259220504.71, "Plan Rows": 1, "Plan Width": 43, "Group By Key": ["lineitem.l_shipmode"], "Plans": [{"Node Type": "Nested Loop", "Parent Relationship": "Outer", "Join Type": "Inner", "Startup Cost": 2.24, "Total Cost": 259220182.51, "Plan Rows": 294584, "Plan Width": 27, "Inner Unique": false, "Join Filter": "(orders.o_orderkey = lineitem.l_orderkey), (LLVM Optimized)", "Plans": [{"Node Type": "Streaming(type: LOCAL REDISTRIBUTE dop: 16/16)", "Parent Relationship": "Outer", "Startup Cost": 0.0, "Total Cost": 113484.83, "Plan Rows": 14999479, "Plan Width": 24, "Plans": [{"Node Type": "Seq Scan", "Parent Relationship": "Outer", "Relation Name": "orders", "Alias": "orders", "Startup Cost": 0.0, "Total Cost": 41650.86, "Plan Rows": 14999479, "Plan Width": 24}]}, {"Node Type": "Materialize", "Parent Relationship": "Inner", "Startup Cost": 2.24, "Total Cost": 204017.83, "Plan Rows": 294584, "Plan Width": 19, "Plans": [{"Node Type": "Streaming(type: LOCAL REDISTRIBUTE dop: 16/16)", "Parent Relationship": "Outer", "Startup Cost": 2.24, "Total Cost": 203925.77, "Plan Rows": 294584, "Plan Width": 19, "Plans": [{"Node Type": "Seq Scan", "Parent Relationship": "Outer", "Relation Name": "lineitem", "Alias": "lineitem", "Startup Cost": 2.24, "Total Cost": 187809.58, "Plan Rows": 294584, "Plan Width": 19, "Filter": "((l_shipmode = ANY ('{RAIL,FOB}'::bpchar[])) AND (l_commitdate < l_receiptdate) AND (l_shipdate < l_commitdate) AND (l_receiptdate >= '1997-01-01 00:00:00'::timestamp(0) without time zone) AND (l_receiptdate < '1998-01-01 00:00:00'::timestamp without time zone)), (LLVM Optimized)"}]}]}]}]}]}]}]}]}, "Unique SQL Id": 2036526415, "Planner Runtime": 0}, "explain_analyze_plan": null}, "(16, '27')": {"explain_plan": {"Plan": {"Node Type": "Sort", "Startup Cost": 2000455333216.63, "Total Cost": 2000455333216.63, "Plan Rows": 1, "Plan Width": 43, "Sort Key": ["lineitem.l_shipmode"], "Plans": [{"Node Type": "Aggregate", "Strategy": "Hashed", "Parent Relationship": "Outer", "Startup Cost": 2000455333216.61, "Total Cost": 2000455333216.62, "Plan Rows": 1, "Plan Width": 43, "Group By Key": ["lineitem.l_shipmode"], "Plans": [{"Node Type": "Merge Join", "Parent Relationship": "Outer", "Join Type": "Inner", "Startup Cost": 20036369949.75, "Total Cost": 2000455328061.39, "Plan Rows": 294584, "Plan Width": 27, "Inner Unique": false, "Merge Cond": "(orders.o_orderkey = lineitem.l_orderkey)", "Plans": [{"Node Type": "Index Scan", "Parent Relationship": "Outer", "Scan Direction": "Forward", "Index Name": "orders_pkey", "Relation Name": "orders", "Alias": "orders", "Startup Cost": 10000000000.0, "Total Cost": 1000073097843.5, "Plan Rows": 14999479, "Plan Width": 24}, {"Node Type": "Index Scan", "Parent Relationship": "Inner", "Scan Direction": "Forward", "Index Name": "idx_lineitem_orderkey", "Relation Name": "lineitem", "Alias": "lineitem", "Startup Cost": 10000000000.0, "Total Cost": 1000398999165.75, "Plan Rows": 294584, "Plan Width": 19, "Filter": "((l_shipmode = ANY ('{RAIL,FOB}'::bpchar[])) AND (l_commitdate < l_receiptdate) AND (l_shipdate < l_commitdate) AND (l_receiptdate >= '1997-01-01 00:00:00'::timestamp(0) without time zone) AND (l_receiptdate < '1998-01-01 00:00:00'::timestamp without time zone)), (LLVM Optimized)"}]}]}]}, "Unique SQL Id": 2036526415, "Planner Runtime": 1}, "explain_analyze_plan": null}, "(16, '28')": {"explain_plan": {"Plan": {"Node Type": "Sort", "Startup Cost": 1280090.06, "Total Cost": 1280090.06, "Plan Rows": 1, "Plan Width": 43, "Sort Key": ["lineitem.l_shipmode"], "Plans": [{"Node Type": "Aggregate", "Strategy": "Hashed", "Parent Relationship": "Outer", "Startup Cost": 1280090.04, "Total Cost": 1280090.05, "Plan Rows": 1, "Plan Width": 43, "Group By Key": ["lineitem.l_shipmode"], "Plans": [{"Node Type": "Nested Loop", "Parent Relationship": "Outer", "Join Type": "Inner", "Startup Cost": 2.24, "Total Cost": 1274934.82, "Plan Rows": 294584, "Plan Width": 27, "Inner Unique": true, "Plans": [{"Node Type": "Streaming(type: LOCAL GATHER dop: 1/16)", "Parent Relationship": "Outer", "Startup Cost": 2.24, "Total Cost": 194167.3, "Plan Rows": 294584, "Plan Width": 19, "Plans": [{"Node Type": "Seq Scan", "Parent Relationship": "Outer", "Relation Name": "lineitem", "Alias": "lineitem", "Startup Cost": 2.24, "Total Cost": 187809.58, "Plan Rows": 294584, "Plan Width": 19, "Filter": "((l_shipmode = ANY ('{RAIL,FOB}'::bpchar[])) AND (l_commitdate < l_receiptdate) AND (l_shipdate < l_commitdate) AND (l_receiptdate >= '1997-01-01 00:00:00'::timestamp(0) without time zone) AND (l_receiptdate < '1998-01-01 00:00:00'::timestamp without time zone)), (LLVM Optimized)"}]}, {"Node Type": "Index Scan", "Parent Relationship": "Inner", "Scan Direction": "Forward", "Index Name": "orders_pkey", "Relation Name": "orders", "Alias": "orders", "Startup Cost": 0.0, "Total Cost": 3.66, "Plan Rows": 1, "Plan Width": 24, "Index Cond": "(o_orderkey = lineitem.l_orderkey)"}]}]}]}, "Unique SQL Id": 2036526415, "Planner Runtime": 0}, "explain_analyze_plan": {"Plan": {"Node Type": "Sort", "Startup Cost": 1280090.06, "Total Cost": 1280090.06, "Plan Rows": 1, "Plan Width": 43, "Actual Min Startup Time": 2576.474, "Actual Max Startup Time": 2576.474, "Actual Min Total Time": 2576.474, "Actual Max Total Time": 2576.474, "Sort Key": ["lineitem.l_shipmode"], "Sort Method": "quicksort", "Sort Space Min Used": 25, "Sort Space Max Used": 25, "Sort Space Type": "Memory", "Plans": [{"Node Type": "Aggregate", "Strategy": "Hashed", "Parent Relationship": "Outer", "Startup Cost": 1280090.04, "Total Cost": 1280090.05, "Plan Rows": 1, "Plan Width": 43, "Actual Min Startup Time": 2576.42, "Actual Max Startup Time": 2576.42, "Actual Min Total Time": 2576.421, "Actual Max Total Time": 2576.421, "Group By Key": ["lineitem.l_shipmode"], "Plans": [{"Node Type": "Nested Loop", "Parent Relationship": "Outer", "Join Type": "Inner", "Startup Cost": 2.24, "Total Cost": 1274934.82, "Plan Rows": 294584, "Plan Width": 27, "Actual Min Startup Time": 47.965, "Actual Max Startup Time": 47.965, "Actual Min Total Time": 2240.029, "Actual Max Total Time": 2240.029, "Inner Unique": true, "Plans": [{"Node Type": "Streaming(type: LOCAL GATHER dop: 1/16)", "Parent Relationship": "Outer", "Startup Cost": 2.24, "Total Cost": 194167.3, "Plan Rows": 294584, "Plan Width": 19, "Actual Min Startup Time": 47.905, "Actual Max Startup Time": 47.905, "Actual Min Total Time": 584.734, "Actual Max Total Time": 584.734, "Plans": [{"Node Type": "Seq Scan", "Parent Relationship": "Outer", "Relation Name": "lineitem", "Alias": "lineitem", "Startup Cost": 2.24, "Total Cost": 187809.58, "Plan Rows": 294584, "Plan Width": 19, "Actual Min Startup Time": 0.039, "Actual Max Startup Time": 0.362, "Actual Min Total Time": 1960.645, "Actual Max Total Time": 2395.535, "Filter": "((l_shipmode = ANY ('{RAIL,FOB}'::bpchar[])) AND (l_commitdate < l_receiptdate) AND (l_shipdate < l_commitdate) AND (l_receiptdate >= '1997-01-01 00:00:00'::timestamp(0) without time zone) AND (l_receiptdate < '1998-01-01 00:00:00'::timestamp without time zone)), (LLVM Optimized, Jit Execute)", "Rows Removed by Filter": 59674804, "Actual Rows": 311248}], "Actual Rows": 311248}, {"Node Type": "Index Scan", "Parent Relationship": "Inner", "Scan Direction": "Forward", "Index Name": "orders_pkey", "Relation Name": "orders", "Alias": "orders", "Startup Cost": 0.0, "Total Cost": 3.66, "Plan Rows": 1, "Plan Width": 24, "Actual Min Startup Time": 1397.352, "Actual Max Startup Time": 1397.352, "Actual Min Total Time": 1397.352, "Actual Max Total Time": 1397.352, "Index Cond": "(o_orderkey = lineitem.l_orderkey)", "Rows Removed by Index Recheck": 0, "Actual Rows": 311248}], "Actual Rows": 311248}], "Actual Rows": 2}], "Actual Rows": 2}, "Triggers": [], "Planner Runtime": 0.724, "Total Runtime": 2589.726, "Unique SQL Id": 2036526415}}, "(16, '29')": {"explain_plan": {"Plan": {"Node Type": "Sort", "Startup Cost": 3831920.66, "Total Cost": 3831920.67, "Plan Rows": 1, "Plan Width": 43, "Sort Key": ["lineitem.l_shipmode"], "Plans": [{"Node Type": "Aggregate", "Strategy": "Hashed", "Parent Relationship": "Outer", "Startup Cost": 3831920.64, "Total Cost": 3831920.65, "Plan Rows": 1, "Plan Width": 43, "Group By Key": ["lineitem.l_shipmode"], "Plans": [{"Node Type": "Nested Loop", "Parent Relationship": "Outer", "Join Type": "Inner", "Startup Cost": 0.0, "Total Cost": 3826765.42, "Plan Rows": 294584, "Plan Width": 27, "Inner Unique": true, "Plans": [{"Node Type": "Streaming(type: LOCAL GATHER dop: 1/16)", "Parent Relationship": "Outer", "Startup Cost": 0.0, "Total Cost": 2745997.9, "Plan Rows": 294584, "Plan Width": 19, "Plans": [{"Node Type": "Index Scan", "Parent Relationship": "Outer", "Scan Direction": "Forward", "Index Name": "idx_lineitem_orderkey", "Relation Name": "lineitem", "Alias": "lineitem", "Startup Cost": 0.0, "Total Cost": 2739640.18, "Plan Rows": 294584, "Plan Width": 19, "Filter": "((l_shipmode = ANY ('{RAIL,FOB}'::bpchar[])) AND (l_commitdate < l_receiptdate) AND (l_shipdate < l_commitdate) AND (l_receiptdate >= '1997-01-01 00:00:00'::timestamp(0) without time zone) AND (l_receiptdate < '1998-01-01 00:00:00'::timestamp without time zone)), (LLVM Optimized)"}]}, {"Node Type": "Index Scan", "Parent Relationship": "Inner", "Scan Direction": "Forward", "Index Name": "orders_pkey", "Relation Name": "orders", "Alias": "orders", "Startup Cost": 0.0, "Total Cost": 3.66, "Plan Rows": 1, "Plan Width": 24, "Index Cond": "(o_orderkey = lineitem.l_orderkey)"}]}]}]}, "Unique SQL Id": 2036526415, "Planner Runtime": 0}, "explain_analyze_plan": {"Plan": {"Node Type": "Sort", "Startup Cost": 3831920.66, "Total Cost": 3831920.67, "Plan Rows": 1, "Plan Width": 43, "Actual Min Startup Time": 3633.352, "Actual Max Startup Time": 3633.352, "Actual Min Total Time": 3633.352, "Actual Max Total Time": 3633.352, "Sort Key": ["lineitem.l_shipmode"], "Sort Method": "quicksort", "Sort Space Min Used": 25, "Sort Space Max Used": 25, "Sort Space Type": "Memory", "Plans": [{"Node Type": "Aggregate", "Strategy": "Hashed", "Parent Relationship": "Outer", "Startup Cost": 3831920.64, "Total Cost": 3831920.65, "Plan Rows": 1, "Plan Width": 43, "Actual Min Startup Time": 3633.314, "Actual Max Startup Time": 3633.314, "Actual Min Total Time": 3633.316, "Actual Max Total Time": 3633.316, "Group By Key": ["lineitem.l_shipmode"], "Plans": [{"Node Type": "Nested Loop", "Parent Relationship": "Outer", "Join Type": "Inner", "Startup Cost": 0.0, "Total Cost": 3826765.42, "Plan Rows": 294584, "Plan Width": 27, "Actual Min Startup Time": 553.866, "Actual Max Startup Time": 553.866, "Actual Min Total Time": 3328.179, "Actual Max Total Time": 3328.179, "Inner Unique": true, "Plans": [{"Node Type": "Streaming(type: LOCAL GATHER dop: 1/16)", "Parent Relationship": "Outer", "Startup Cost": 0.0, "Total Cost": 2745997.9, "Plan Rows": 294584, "Plan Width": 19, "Actual Min Startup Time": 553.813, "Actual Max Startup Time": 553.813, "Actual Min Total Time": 1689.732, "Actual Max Total Time": 1689.732, "Plans": [{"Node Type": "Index Scan", "Parent Relationship": "Outer", "Scan Direction": "Forward", "Index Name": "idx_lineitem_orderkey", "Relation Name": "lineitem", "Alias": "lineitem", "Startup Cost": 0.0, "Total Cost": 2739640.18, "Plan Rows": 294584, "Plan Width": 19, "Actual Min Startup Time": 498.14, "Actual Max Startup Time": 504.771, "Actual Min Total Time": 3113.984, "Actual Max Total Time": 3499.608, "Filter": "((l_shipmode = ANY ('{RAIL,FOB}'::bpchar[])) AND (l_commitdate < l_receiptdate) AND (l_shipdate < l_commitdate) AND (l_receiptdate >= '1997-01-01 00:00:00'::timestamp(0) without time zone) AND (l_receiptdate < '1998-01-01 00:00:00'::timestamp without time zone)), (LLVM Optimized, Jit Execute)", "Rows Removed by Filter": 59674804, "Actual Rows": 311248}], "Actual Rows": 311248}, {"Node Type": "Index Scan", "Parent Relationship": "Inner", "Scan Direction": "Forward", "Index Name": "orders_pkey", "Relation Name": "orders", "Alias": "orders", "Startup Cost": 0.0, "Total Cost": 3.66, "Plan Rows": 1, "Plan Width": 24, "Actual Min Startup Time": 1371.744, "Actual Max Startup Time": 1371.744, "Actual Min Total Time": 1371.744, "Actual Max Total Time": 1371.744, "Index Cond": "(o_orderkey = lineitem.l_orderkey)", "Rows Removed by Index Recheck": 0, "Actual Rows": 311248}], "Actual Rows": 311248}], "Actual Rows": 2}], "Actual Rows": 2}, "Triggers": [], "Planner Runtime": 0.867, "Total Runtime": 3646.641, "Unique SQL Id": 2036526415}}, "(16, '30')": {"explain_plan": {"Plan": {"Node Type": "Sort", "Startup Cost": 259220504.77, "Total Cost": 259220504.78, "Plan Rows": 1, "Plan Width": 43, "Sort Key": ["lineitem.l_shipmode"], "Plans": [{"Node Type": "Streaming(type: LOCAL GATHER dop: 1/16)", "Parent Relationship": "Outer", "Startup Cost": 259220504.76, "Total Cost": 259220504.76, "Plan Rows": 1, "Plan Width": 43, "Plans": [{"Node Type": "Aggregate", "Strategy": "Hashed", "Parent Relationship": "Outer", "Startup Cost": 259220504.76, "Total Cost": 259220504.76, "Plan Rows": 1, "Plan Width": 43, "Group By Key": ["lineitem.l_shipmode"], "Plans": [{"Node Type": "Streaming(type: LOCAL REDISTRIBUTE dop: 16/16)", "Parent Relationship": "Outer", "Startup Cost": 259220504.71, "Total Cost": 259220504.75, "Plan Rows": 1, "Plan Width": 43, "Plans": [{"Node Type": "Aggregate", "Strategy": "Hashed", "Parent Relationship": "Outer", "Startup Cost": 259220504.71, "Total Cost": 259220504.71, "Plan Rows": 1, "Plan Width": 43, "Group By Key": ["lineitem.l_shipmode"], "Plans": [{"Node Type": "Nested Loop", "Parent Relationship": "Outer", "Join Type": "Inner", "Startup Cost": 2.24, "Total Cost": 259220182.51, "Plan Rows": 294584, "Plan Width": 27, "Inner Unique": false, "Join Filter": "(orders.o_orderkey = lineitem.l_orderkey), (LLVM Optimized)", "Plans": [{"Node Type": "Streaming(type: LOCAL REDISTRIBUTE dop: 16/16)", "Parent Relationship": "Outer", "Startup Cost": 0.0, "Total Cost": 113484.83, "Plan Rows": 14999479, "Plan Width": 24, "Plans": [{"Node Type": "Seq Scan", "Parent Relationship": "Outer", "Relation Name": "orders", "Alias": "orders", "Startup Cost": 0.0, "Total Cost": 41650.86, "Plan Rows": 14999479, "Plan Width": 24}]}, {"Node Type": "Materialize", "Parent Relationship": "Inner", "Startup Cost": 2.24, "Total Cost": 204017.83, "Plan Rows": 294584, "Plan Width": 19, "Plans": [{"Node Type": "Streaming(type: LOCAL REDISTRIBUTE dop: 16/16)", "Parent Relationship": "Outer", "Startup Cost": 2.24, "Total Cost": 203925.77, "Plan Rows": 294584, "Plan Width": 19, "Plans": [{"Node Type": "Seq Scan", "Parent Relationship": "Outer", "Relation Name": "lineitem", "Alias": "lineitem", "Startup Cost": 2.24, "Total Cost": 187809.58, "Plan Rows": 294584, "Plan Width": 19, "Filter": "((l_shipmode = ANY ('{RAIL,FOB}'::bpchar[])) AND (l_commitdate < l_receiptdate) AND (l_shipdate < l_commitdate) AND (l_receiptdate >= '1997-01-01 00:00:00'::timestamp(0) without time zone) AND (l_receiptdate < '1998-01-01 00:00:00'::timestamp without time zone)), (LLVM Optimized)"}]}]}]}]}]}]}]}]}, "Unique SQL Id": 2036526415, "Planner Runtime": 0}, "explain_analyze_plan": null}, "(16, '31')": {"explain_plan": {"Plan": {"Node Type": "Sort", "Startup Cost": 2000455333216.63, "Total Cost": 2000455333216.63, "Plan Rows": 1, "Plan Width": 43, "Sort Key": ["lineitem.l_shipmode"], "Plans": [{"Node Type": "Aggregate", "Strategy": "Hashed", "Parent Relationship": "Outer", "Startup Cost": 2000455333216.61, "Total Cost": 2000455333216.62, "Plan Rows": 1, "Plan Width": 43, "Group By Key": ["lineitem.l_shipmode"], "Plans": [{"Node Type": "Merge Join", "Parent Relationship": "Outer", "Join Type": "Inner", "Startup Cost": 20036369949.75, "Total Cost": 2000455328061.39, "Plan Rows": 294584, "Plan Width": 27, "Inner Unique": false, "Merge Cond": "(orders.o_orderkey = lineitem.l_orderkey)", "Plans": [{"Node Type": "Index Scan", "Parent Relationship": "Outer", "Scan Direction": "Forward", "Index Name": "orders_pkey", "Relation Name": "orders", "Alias": "orders", "Startup Cost": 10000000000.0, "Total Cost": 1000073097843.5, "Plan Rows": 14999479, "Plan Width": 24}, {"Node Type": "Index Scan", "Parent Relationship": "Inner", "Scan Direction": "Forward", "Index Name": "idx_lineitem_orderkey", "Relation Name": "lineitem", "Alias": "lineitem", "Startup Cost": 10000000000.0, "Total Cost": 1000398999165.75, "Plan Rows": 294584, "Plan Width": 19, "Filter": "((l_shipmode = ANY ('{RAIL,FOB}'::bpchar[])) AND (l_commitdate < l_receiptdate) AND (l_shipdate < l_commitdate) AND (l_receiptdate >= '1997-01-01 00:00:00'::timestamp(0) without time zone) AND (l_receiptdate < '1998-01-01 00:00:00'::timestamp without time zone)), (LLVM Optimized)"}]}]}]}, "Unique SQL Id": 2036526415, "Planner Runtime": 0}, "explain_analyze_plan": null}, "(16, '32')": {"explain_plan": {"Plan": {"Node Type": "Sort", "Startup Cost": 269757.31, "Total Cost": 269757.31, "Plan Rows": 1, "Plan Width": 43, "Sort Key": ["lineitem.l_shipmode"], "Plans": [{"Node Type": "Streaming(type: LOCAL GATHER dop: 1/16)", "Parent Relationship": "Outer", "Startup Cost": 269757.29, "Total Cost": 269757.3, "Plan Rows": 1, "Plan Width": 43, "Plans": [{"Node Type": "Aggregate", "Strategy": "Hashed", "Parent Relationship": "Outer", "Startup Cost": 269757.29, "Total Cost": 269757.29, "Plan Rows": 1, "Plan Width": 43, "Group By Key": ["lineitem.l_shipmode"], "Plans": [{"Node Type": "Streaming(type: LOCAL REDISTRIBUTE dop: 16/16)", "Parent Relationship": "Outer", "Startup Cost": 269757.27, "Total Cost": 269757.29, "Plan Rows": 1, "Plan Width": 43, "Plans": [{"Node Type": "Aggregate", "Strategy": "Hashed", "Parent Relationship": "Outer", "Startup Cost": 269757.27, "Total Cost": 269757.27, "Plan Rows": 1, "Plan Width": 43, "Group By Key": ["lineitem.l_shipmode"], "Plans": [{"Node Type": "Hash Join", "Parent Relationship": "Outer", "Join Type": "Inner", "Startup Cost": 53371.45, "Total Cost": 269435.07, "Plan Rows": 294584, "Plan Width": 27, "Inner Unique": true, "Hash Cond": "(lineitem.l_orderkey = orders.o_orderkey), (LLVM Optimized)", "Plans": [{"Node Type": "Streaming(type: BROADCAST dop: 16/16)", "Parent Relationship": "Outer", "Startup Cost": 2.24, "Total Cost": 214777.05, "Plan Rows": 4713344, "Plan Width": 19, "Plans": [{"Node Type": "Seq Scan", "Parent Relationship": "Outer", "Relation Name": "lineitem", "Alias": "lineitem", "Startup Cost": 2.24, "Total Cost": 187809.58, "Plan Rows": 294584, "Plan Width": 19, "Filter": "((l_shipmode = ANY ('{RAIL,FOB}'::bpchar[])) AND (l_commitdate < l_receiptdate) AND (l_shipdate < l_commitdate) AND (l_receiptdate >= '1997-01-01 00:00:00'::timestamp(0) without time zone) AND (l_receiptdate < '1998-01-01 00:00:00'::timestamp without time zone)), (LLVM Optimized)"}]}, {"Node Type": "Hash", "Parent Relationship": "Inner", "Startup Cost": 41650.86, "Total Cost": 41650.86, "Plan Rows": 14999479, "Plan Width": 24, "Plans": [{"Node Type": "Seq Scan", "Parent Relationship": "Outer", "Relation Name": "orders", "Alias": "orders", "Startup Cost": 0.0, "Total Cost": 41650.86, "Plan Rows": 14999479, "Plan Width": 24}]}]}]}]}]}]}]}, "Unique SQL Id": 2036526415, "Planner Runtime": 0}, "explain_analyze_plan": {"Plan": {"Node Type": "Sort", "Startup Cost": 269757.31, "Total Cost": 269757.31, "Plan Rows": 1, "Plan Width": 43, "Actual Min Startup Time": 3400.937, "Actual Max Startup Time": 3400.937, "Actual Min Total Time": 3400.938, "Actual Max Total Time": 3400.938, "Sort Key": ["lineitem.l_shipmode"], "Sort Method": "quicksort", "Sort Space Min Used": 25, "Sort Space Max Used": 25, "Sort Space Type": "Memory", "Plans": [{"Node Type": "Streaming(type: LOCAL GATHER dop: 1/16)", "Parent Relationship": "Outer", "Startup Cost": 269757.29, "Total Cost": 269757.3, "Plan Rows": 1, "Plan Width": 43, "Actual Min Startup Time": 3400.842, "Actual Max Startup Time": 3400.842, "Actual Min Total Time": 3400.891, "Actual Max Total Time": 3400.891, "Plans": [{"Node Type": "Aggregate", "Strategy": "Hashed", "Parent Relationship": "Outer", "Startup Cost": 269757.29, "Total Cost": 269757.29, "Plan Rows": 1, "Plan Width": 43, "Actual Min Startup Time": 3337.8, "Actual Max Startup Time": 3345.421, "Actual Min Total Time": 3337.8, "Actual Max Total Time": 3345.421, "Group By Key": ["lineitem.l_shipmode"], "Plans": [{"Node Type": "Streaming(type: LOCAL REDISTRIBUTE dop: 16/16)", "Parent Relationship": "Outer", "Startup Cost": 269757.27, "Total Cost": 269757.29, "Plan Rows": 1, "Plan Width": 43, "Actual Min Startup Time": 3335.863, "Actual Max Startup Time": 3345.414, "Actual Min Total Time": 3337.795, "Actual Max Total Time": 3345.414, "Plans": [{"Node Type": "Aggregate", "Strategy": "Hashed", "Parent Relationship": "Outer", "Startup Cost": 269757.27, "Total Cost": 269757.27, "Plan Rows": 1, "Plan Width": 43, "Actual Min Startup Time": 3284.075, "Actual Max Startup Time": 3343.851, "Actual Min Total Time": 3284.076, "Actual Max Total Time": 3343.852, "Group By Key": ["lineitem.l_shipmode"], "Plans": [{"Node Type": "Hash Join", "Parent Relationship": "Outer", "Join Type": "Inner", "Startup Cost": 53371.45, "Total Cost": 269435.07, "Plan Rows": 294584, "Plan Width": 27, "Actual Min Startup Time": 646.97, "Actual Max Startup Time": 684.999, "Actual Min Total Time": 3258.294, "Actual Max Total Time": 3323.129, "Inner Unique": true, "Hash Cond": "(lineitem.l_orderkey = orders.o_orderkey), (LLVM Optimized, Jit Execute)", "Plans": [{"Node Type": "Streaming(type: BROADCAST dop: 16/16)", "Parent Relationship": "Outer", "Startup Cost": 2.24, "Total Cost": 214777.05, "Plan Rows": 4713344, "Plan Width": 19, "Actual Min Startup Time": 0.063, "Actual Max Startup Time": 0.129, "Actual Min Total Time": 2404.235, "Actual Max Total Time": 2547.525, "Plans": [{"Node Type": "Seq Scan", "Parent Relationship": "Outer", "Relation Name": "lineitem", "Alias": "lineitem", "Startup Cost": 2.24, "Total Cost": 187809.58, "Plan Rows": 294584, "Plan Width": 19, "Actual Min Startup Time": 0.035, "Actual Max Startup Time": 0.361, "Actual Min Total Time": 1573.952, "Actual Max Total Time": 2392.415, "Filter": "((l_shipmode = ANY ('{RAIL,FOB}'::bpchar[])) AND (l_commitdate < l_receiptdate) AND (l_shipdate < l_commitdate) AND (l_receiptdate >= '1997-01-01 00:00:00'::timestamp(0) without time zone) AND (l_receiptdate < '1998-01-01 00:00:00'::timestamp without time zone)), (LLVM Optimized, Jit Execute)", "Rows Removed by Filter": 59674804, "Actual Rows": 311248}], "Actual Rows": 4979968}, {"Node Type": "Hash", "Parent Relationship": "Inner", "Startup Cost": 41650.86, "Total Cost": 41650.86, "Plan Rows": 14999479, "Plan Width": 24, "Actual Min Startup Time": 645.416, "Actual Max Startup Time": 683.761, "Actual Min Total Time": 645.416, "Actual Max Total Time": 683.761, "Max Hash Buckets": 1048576, "Min Hash Buckets": 1048576, "Max Hash Batches": 1, "Min Hash Batches": 1, "Max Original Hash Batches": 1, "Min Original Hash Batches": 1, "Max Peak Memory Usage": 51347, "min Peak Memory Usage": 51347, "Plans": [{"Node Type": "Seq Scan", "Parent Relationship": "Outer", "Relation Name": "orders", "Alias": "orders", "Startup Cost": 0.0, "Total Cost": 41650.86, "Plan Rows": 14999479, "Plan Width": 24, "Actual Min Startup Time": 0.021, "Actual Max Startup Time": 0.036, "Actual Min Total Time": 332.744, "Actual Max Total Time": 356.106, "Actual Rows": 15000000}], "Actual Rows": 15000000}], "Actual Rows": 311248}], "Actual Rows": 32}], "Actual Rows": 32}], "Actual Rows": 2}], "Actual Rows": 2}], "Actual Rows": 2}, "Triggers": [], "Planner Runtime": 1.004, "Total Runtime": 3420.644, "Unique SQL Id": 2036526415}}, "(16, '33')": {"explain_plan": {"Plan": {"Node Type": "Sort", "Startup Cost": 3385295.37, "Total Cost": 3385295.37, "Plan Rows": 1, "Plan Width": 43, "Sort Key": ["lineitem.l_shipmode"], "Plans": [{"Node Type": "Streaming(type: LOCAL GATHER dop: 1/16)", "Parent Relationship": "Outer", "Startup Cost": 3385295.35, "Total Cost": 3385295.36, "Plan Rows": 1, "Plan Width": 43, "Plans": [{"Node Type": "Aggregate", "Strategy": "Hashed", "Parent Relationship": "Outer", "Startup Cost": 3385295.35, "Total Cost": 3385295.35, "Plan Rows": 1, "Plan Width": 43, "Group By Key": ["lineitem.l_shipmode"], "Plans": [{"Node Type": "Streaming(type: LOCAL REDISTRIBUTE dop: 16/16)", "Parent Relationship": "Outer", "Startup Cost": 3385295.33, "Total Cost": 3385295.35, "Plan Rows": 1, "Plan Width": 43, "Plans": [{"Node Type": "Aggregate", "Strategy": "Hashed", "Parent Relationship": "Outer", "Startup Cost": 3385295.33, "Total Cost": 3385295.33, "Plan Rows": 1, "Plan Width": 43, "Group By Key": ["lineitem.l_shipmode"], "Plans": [{"Node Type": "Hash Join", "Parent Relationship": "Outer", "Join Type": "Inner", "Startup Cost": 617076.66, "Total Cost": 3384973.13, "Plan Rows": 294584, "Plan Width": 27, "Inner Unique": true, "Hash Cond": "(lineitem.l_orderkey = orders.o_orderkey), (LLVM Optimized)", "Plans": [{"Node Type": "Streaming(type: BROADCAST dop: 16/16)", "Parent Relationship": "Outer", "Startup Cost": 0.0, "Total Cost": 2766607.66, "Plan Rows": 4713344, "Plan Width": 19, "Plans": [{"Node Type": "Index Scan", "Parent Relationship": "Outer", "Scan Direction": "Forward", "Index Name": "idx_lineitem_orderkey", "Relation Name": "lineitem", "Alias": "lineitem", "Startup Cost": 0.0, "Total Cost": 2739640.18, "Plan Rows": 294584, "Plan Width": 19, "Filter": "((l_shipmode = ANY ('{RAIL,FOB}'::bpchar[])) AND (l_commitdate < l_receiptdate) AND (l_shipdate < l_commitdate) AND (l_receiptdate >= '1997-01-01 00:00:00'::timestamp(0) without time zone) AND (l_receiptdate < '1998-01-01 00:00:00'::timestamp without time zone)), (LLVM Optimized)"}]}, {"Node Type": "Hash", "Parent Relationship": "Inner", "Startup Cost": 605358.32, "Total Cost": 605358.32, "Plan Rows": 14999479, "Plan Width": 24, "Plans": [{"Node Type": "Index Scan", "Parent Relationship": "Outer", "Scan Direction": "Forward", "Index Name": "orders_pkey", "Relation Name": "orders", "Alias": "orders", "Startup Cost": 0.0, "Total Cost": 605358.32, "Plan Rows": 14999479, "Plan Width": 24}]}]}]}]}]}]}]}, "Unique SQL Id": 2036526415, "Planner Runtime": 0}, "explain_analyze_plan": {"Plan": {"Node Type": "Sort", "Startup Cost": 3385295.37, "Total Cost": 3385295.37, "Plan Rows": 1, "Plan Width": 43, "Actual Min Startup Time": 5075.032, "Actual Max Startup Time": 5075.032, "Actual Min Total Time": 5075.033, "Actual Max Total Time": 5075.033, "Sort Key": ["lineitem.l_shipmode"], "Sort Method": "quicksort", "Sort Space Min Used": 25, "Sort Space Max Used": 25, "Sort Space Type": "Memory", "Plans": [{"Node Type": "Streaming(type: LOCAL GATHER dop: 1/16)", "Parent Relationship": "Outer", "Startup Cost": 3385295.35, "Total Cost": 3385295.36, "Plan Rows": 1, "Plan Width": 43, "Actual Min Startup Time": 5074.885, "Actual Max Startup Time": 5074.885, "Actual Min Total Time": 5074.987, "Actual Max Total Time": 5074.987, "Plans": [{"Node Type": "Aggregate", "Strategy": "Hashed", "Parent Relationship": "Outer", "Startup Cost": 3385295.35, "Total Cost": 3385295.35, "Plan Rows": 1, "Plan Width": 43, "Actual Min Startup Time": 5015.588, "Actual Max Startup Time": 5024.638, "Actual Min Total Time": 5015.588, "Actual Max Total Time": 5024.638, "Group By Key": ["lineitem.l_shipmode"], "Plans": [{"Node Type": "Streaming(type: LOCAL REDISTRIBUTE dop: 16/16)", "Parent Relationship": "Outer", "Startup Cost": 3385295.33, "Total Cost": 3385295.35, "Plan Rows": 1, "Plan Width": 43, "Actual Min Startup Time": 5012.32, "Actual Max Startup Time": 5024.63, "Actual Min Total Time": 5015.583, "Actual Max Total Time": 5024.63, "Plans": [{"Node Type": "Aggregate", "Strategy": "Hashed", "Parent Relationship": "Outer", "Startup Cost": 3385295.33, "Total Cost": 3385295.33, "Plan Rows": 1, "Plan Width": 43, "Actual Min Startup Time": 4974.395, "Actual Max Startup Time": 5022.138, "Actual Min Total Time": 4974.397, "Actual Max Total Time": 5022.139, "Group By Key": ["lineitem.l_shipmode"], "Plans": [{"Node Type": "Hash Join", "Parent Relationship": "Outer", "Join Type": "Inner", "Startup Cost": 617076.66, "Total Cost": 3384973.13, "Plan Rows": 294584, "Plan Width": 27, "Actual Min Startup Time": 1064.978, "Actual Max Startup Time": 1217.017, "Actual Min Total Time": 4947.451, "Actual Max Total Time": 5001.164, "Inner Unique": true, "Hash Cond": "(lineitem.l_orderkey = orders.o_orderkey), (LLVM Optimized, Jit Execute)", "Plans": [{"Node Type": "Streaming(type: BROADCAST dop: 16/16)", "Parent Relationship": "Outer", "Startup Cost": 0.0, "Total Cost": 2766607.66, "Plan Rows": 4713344, "Plan Width": 19, "Actual Min Startup Time": 0.061, "Actual Max Startup Time": 0.124, "Actual Min Total Time": 3631.718, "Actual Max Total Time": 3764.15, "Plans": [{"Node Type": "Index Scan", "Parent Relationship": "Outer", "Scan Direction": "Forward", "Index Name": "idx_lineitem_orderkey", "Relation Name": "lineitem", "Alias": "lineitem", "Startup Cost": 0.0, "Total Cost": 2739640.18, "Plan Rows": 294584, "Plan Width": 19, "Actual Min Startup Time": 543.73, "Actual Max Startup Time": 581.962, "Actual Min Total Time": 3404.899, "Actual Max Total Time": 4158.411, "Filter": "((l_shipmode = ANY ('{RAIL,FOB}'::bpchar[])) AND (l_commitdate < l_receiptdate) AND (l_shipdate < l_commitdate) AND (l_receiptdate >= '1997-01-01 00:00:00'::timestamp(0) without time zone) AND (l_receiptdate < '1998-01-01 00:00:00'::timestamp without time zone)), (LLVM Optimized, Jit Execute)", "Rows Removed by Filter": 59674804, "Actual Rows": 311248}], "Actual Rows": 4979968}, {"Node Type": "Hash", "Parent Relationship": "Inner", "Startup Cost": 605358.32, "Total Cost": 605358.32, "Plan Rows": 14999479, "Plan Width": 24, "Actual Min Startup Time": 1063.349, "Actual Max Startup Time": 1215.506, "Actual Min Total Time": 1063.349, "Actual Max Total Time": 1215.506, "Max Hash Buckets": 1048576, "Min Hash Buckets": 1048576, "Max Hash Batches": 1, "Min Hash Batches": 1, "Max Original Hash Batches": 1, "Min Original Hash Batches": 1, "Max Peak Memory Usage": 51275, "min Peak Memory Usage": 51275, "Plans": [{"Node Type": "Index Scan", "Parent Relationship": "Outer", "Scan Direction": "Forward", "Index Name": "orders_pkey", "Relation Name": "orders", "Alias": "orders", "Startup Cost": 0.0, "Total Cost": 605358.32, "Plan Rows": 14999479, "Plan Width": 24, "Actual Min Startup Time": 138.453, "Actual Max Startup Time": 185.894, "Actual Min Total Time": 740.2, "Actual Max Total Time": 900.065, "Actual Rows": 15000000}], "Actual Rows": 15000000}], "Actual Rows": 311248}], "Actual Rows": 32}], "Actual Rows": 32}], "Actual Rows": 2}], "Actual Rows": 2}], "Actual Rows": 2}, "Triggers": [], "Planner Runtime": 0.935, "Total Runtime": 5095.078, "Unique SQL Id": 2036526415}}, "(16, '34')": {"explain_plan": {"Plan": {"Node Type": "Sort", "Startup Cost": 269757.31, "Total Cost": 269757.31, "Plan Rows": 1, "Plan Width": 43, "Sort Key": ["lineitem.l_shipmode"], "Plans": [{"Node Type": "Streaming(type: LOCAL GATHER dop: 1/16)", "Parent Relationship": "Outer", "Startup Cost": 269757.29, "Total Cost": 269757.3, "Plan Rows": 1, "Plan Width": 43, "Plans": [{"Node Type": "Aggregate", "Strategy": "Hashed", "Parent Relationship": "Outer", "Startup Cost": 269757.29, "Total Cost": 269757.29, "Plan Rows": 1, "Plan Width": 43, "Group By Key": ["lineitem.l_shipmode"], "Plans": [{"Node Type": "Streaming(type: LOCAL REDISTRIBUTE dop: 16/16)", "Parent Relationship": "Outer", "Startup Cost": 269757.27, "Total Cost": 269757.29, "Plan Rows": 1, "Plan Width": 43, "Plans": [{"Node Type": "Aggregate", "Strategy": "Hashed", "Parent Relationship": "Outer", "Startup Cost": 269757.27, "Total Cost": 269757.27, "Plan Rows": 1, "Plan Width": 43, "Group By Key": ["lineitem.l_shipmode"], "Plans": [{"Node Type": "Hash Join", "Parent Relationship": "Outer", "Join Type": "Inner", "Startup Cost": 53371.45, "Total Cost": 269435.07, "Plan Rows": 294584, "Plan Width": 27, "Inner Unique": true, "Hash Cond": "(lineitem.l_orderkey = orders.o_orderkey), (LLVM Optimized)", "Plans": [{"Node Type": "Streaming(type: BROADCAST dop: 16/16)", "Parent Relationship": "Outer", "Startup Cost": 2.24, "Total Cost": 214777.05, "Plan Rows": 4713344, "Plan Width": 19, "Plans": [{"Node Type": "Seq Scan", "Parent Relationship": "Outer", "Relation Name": "lineitem", "Alias": "lineitem", "Startup Cost": 2.24, "Total Cost": 187809.58, "Plan Rows": 294584, "Plan Width": 19, "Filter": "((l_shipmode = ANY ('{RAIL,FOB}'::bpchar[])) AND (l_commitdate < l_receiptdate) AND (l_shipdate < l_commitdate) AND (l_receiptdate >= '1997-01-01 00:00:00'::timestamp(0) without time zone) AND (l_receiptdate < '1998-01-01 00:00:00'::timestamp without time zone)), (LLVM Optimized)"}]}, {"Node Type": "Hash", "Parent Relationship": "Inner", "Startup Cost": 41650.86, "Total Cost": 41650.86, "Plan Rows": 14999479, "Plan Width": 24, "Plans": [{"Node Type": "Seq Scan", "Parent Relationship": "Outer", "Relation Name": "orders", "Alias": "orders", "Startup Cost": 0.0, "Total Cost": 41650.86, "Plan Rows": 14999479, "Plan Width": 24}]}]}]}]}]}]}]}, "Unique SQL Id": 2036526415, "Planner Runtime": 0}, "explain_analyze_plan": {"Plan": {"Node Type": "Sort", "Startup Cost": 269757.31, "Total Cost": 269757.31, "Plan Rows": 1, "Plan Width": 43, "Actual Min Startup Time": 3400.937, "Actual Max Startup Time": 3400.937, "Actual Min Total Time": 3400.938, "Actual Max Total Time": 3400.938, "Sort Key": ["lineitem.l_shipmode"], "Sort Method": "quicksort", "Sort Space Min Used": 25, "Sort Space Max Used": 25, "Sort Space Type": "Memory", "Plans": [{"Node Type": "Streaming(type: LOCAL GATHER dop: 1/16)", "Parent Relationship": "Outer", "Startup Cost": 269757.29, "Total Cost": 269757.3, "Plan Rows": 1, "Plan Width": 43, "Actual Min Startup Time": 3400.842, "Actual Max Startup Time": 3400.842, "Actual Min Total Time": 3400.891, "Actual Max Total Time": 3400.891, "Plans": [{"Node Type": "Aggregate", "Strategy": "Hashed", "Parent Relationship": "Outer", "Startup Cost": 269757.29, "Total Cost": 269757.29, "Plan Rows": 1, "Plan Width": 43, "Actual Min Startup Time": 3337.8, "Actual Max Startup Time": 3345.421, "Actual Min Total Time": 3337.8, "Actual Max Total Time": 3345.421, "Group By Key": ["lineitem.l_shipmode"], "Plans": [{"Node Type": "Streaming(type: LOCAL REDISTRIBUTE dop: 16/16)", "Parent Relationship": "Outer", "Startup Cost": 269757.27, "Total Cost": 269757.29, "Plan Rows": 1, "Plan Width": 43, "Actual Min Startup Time": 3335.863, "Actual Max Startup Time": 3345.414, "Actual Min Total Time": 3337.795, "Actual Max Total Time": 3345.414, "Plans": [{"Node Type": "Aggregate", "Strategy": "Hashed", "Parent Relationship": "Outer", "Startup Cost": 269757.27, "Total Cost": 269757.27, "Plan Rows": 1, "Plan Width": 43, "Actual Min Startup Time": 3284.075, "Actual Max Startup Time": 3343.851, "Actual Min Total Time": 3284.076, "Actual Max Total Time": 3343.852, "Group By Key": ["lineitem.l_shipmode"], "Plans": [{"Node Type": "Hash Join", "Parent Relationship": "Outer", "Join Type": "Inner", "Startup Cost": 53371.45, "Total Cost": 269435.07, "Plan Rows": 294584, "Plan Width": 27, "Actual Min Startup Time": 646.97, "Actual Max Startup Time": 684.999, "Actual Min Total Time": 3258.294, "Actual Max Total Time": 3323.129, "Inner Unique": true, "Hash Cond": "(lineitem.l_orderkey = orders.o_orderkey), (LLVM Optimized, Jit Execute)", "Plans": [{"Node Type": "Streaming(type: BROADCAST dop: 16/16)", "Parent Relationship": "Outer", "Startup Cost": 2.24, "Total Cost": 214777.05, "Plan Rows": 4713344, "Plan Width": 19, "Actual Min Startup Time": 0.063, "Actual Max Startup Time": 0.129, "Actual Min Total Time": 2404.235, "Actual Max Total Time": 2547.525, "Plans": [{"Node Type": "Seq Scan", "Parent Relationship": "Outer", "Relation Name": "lineitem", "Alias": "lineitem", "Startup Cost": 2.24, "Total Cost": 187809.58, "Plan Rows": 294584, "Plan Width": 19, "Actual Min Startup Time": 0.035, "Actual Max Startup Time": 0.361, "Actual Min Total Time": 1573.952, "Actual Max Total Time": 2392.415, "Filter": "((l_shipmode = ANY ('{RAIL,FOB}'::bpchar[])) AND (l_commitdate < l_receiptdate) AND (l_shipdate < l_commitdate) AND (l_receiptdate >= '1997-01-01 00:00:00'::timestamp(0) without time zone) AND (l_receiptdate < '1998-01-01 00:00:00'::timestamp without time zone)), (LLVM Optimized, Jit Execute)", "Rows Removed by Filter": 59674804, "Actual Rows": 311248}], "Actual Rows": 4979968}, {"Node Type": "Hash", "Parent Relationship": "Inner", "Startup Cost": 41650.86, "Total Cost": 41650.86, "Plan Rows": 14999479, "Plan Width": 24, "Actual Min Startup Time": 645.416, "Actual Max Startup Time": 683.761, "Actual Min Total Time": 645.416, "Actual Max Total Time": 683.761, "Max Hash Buckets": 1048576, "Min Hash Buckets": 1048576, "Max Hash Batches": 1, "Min Hash Batches": 1, "Max Original Hash Batches": 1, "Min Original Hash Batches": 1, "Max Peak Memory Usage": 51347, "min Peak Memory Usage": 51347, "Plans": [{"Node Type": "Seq Scan", "Parent Relationship": "Outer", "Relation Name": "orders", "Alias": "orders", "Startup Cost": 0.0, "Total Cost": 41650.86, "Plan Rows": 14999479, "Plan Width": 24, "Actual Min Startup Time": 0.021, "Actual Max Startup Time": 0.036, "Actual Min Total Time": 332.744, "Actual Max Total Time": 356.106, "Actual Rows": 15000000}], "Actual Rows": 15000000}], "Actual Rows": 311248}], "Actual Rows": 32}], "Actual Rows": 32}], "Actual Rows": 2}], "Actual Rows": 2}], "Actual Rows": 2}, "Triggers": [], "Planner Runtime": 1.004, "Total Runtime": 3420.644, "Unique SQL Id": 2036526415}}, "(16, '35')": {"explain_plan": {"Plan": {"Node Type": "Sort", "Startup Cost": 4921486.87, "Total Cost": 4921486.87, "Plan Rows": 1, "Plan Width": 43, "Sort Key": ["lineitem.l_shipmode"], "Plans": [{"Node Type": "Aggregate", "Strategy": "Hashed", "Parent Relationship": "Outer", "Startup Cost": 4921486.85, "Total Cost": 4921486.86, "Plan Rows": 1, "Plan Width": 43, "Group By Key": ["lineitem.l_shipmode"], "Plans": [{"Node Type": "Hash Join", "Parent Relationship": "Outer", "Join Type": "Inner", "Startup Cost": 2147327.85, "Total Cost": 4916331.63, "Plan Rows": 294584, "Plan Width": 27, "Inner Unique": true, "Hash Cond": "(lineitem.l_orderkey = orders.o_orderkey), (LLVM Optimized)", "Plans": [{"Node Type": "Bitmap Heap Scan", "Parent Relationship": "Outer", "Relation Name": "lineitem", "Alias": "lineitem", "Startup Cost": 1225109.06, "Total Cost": 3990062.3, "Plan Rows": 294584, "Plan Width": 19, "Filter": "((l_shipmode = ANY ('{RAIL,FOB}'::bpchar[])) AND (l_commitdate < l_receiptdate) AND (l_shipdate < l_commitdate) AND (l_receiptdate >= '1997-01-01 00:00:00'::timestamp(0) without time zone) AND (l_receiptdate < '1998-01-01 00:00:00'::timestamp without time zone)), (LLVM Optimized)", "Plans": [{"Node Type": "Bitmap Index Scan", "Parent Relationship": "Outer", "Index Name": "idx_lineitem_orderkey", "Startup Cost": 0.0, "Total Cost": 1225035.42, "Plan Rows": 59987033, "Plan Width": 0}]}, {"Node Type": "Hash", "Parent Relationship": "Inner", "Startup Cost": 734725.3, "Total Cost": 734725.3, "Plan Rows": 14999479, "Plan Width": 24, "Plans": [{"Node Type": "Bitmap Heap Scan", "Parent Relationship": "Outer", "Relation Name": "orders", "Alias": "orders", "Startup Cost": 308311.51, "Total Cost": 734725.3, "Plan Rows": 14999479, "Plan Width": 24, "Plans": [{"Node Type": "Bitmap Index Scan", "Parent Relationship": "Outer", "Index Name": "orders_pkey", "Startup Cost": 0.0, "Total Cost": 304561.65, "Plan Rows": 14999479, "Plan Width": 0}]}]}]}]}]}, "Unique SQL Id": 2036526415, "Planner Runtime": 0}, "explain_analyze_plan": null}, "(16, '36')": {"explain_plan": {"Plan": {"Node Type": "Sort", "Startup Cost": 269757.31, "Total Cost": 269757.31, "Plan Rows": 1, "Plan Width": 43, "Sort Key": ["lineitem.l_shipmode"], "Plans": [{"Node Type": "Streaming(type: LOCAL GATHER dop: 1/16)", "Parent Relationship": "Outer", "Startup Cost": 269757.29, "Total Cost": 269757.3, "Plan Rows": 1, "Plan Width": 43, "Plans": [{"Node Type": "Aggregate", "Strategy": "Hashed", "Parent Relationship": "Outer", "Startup Cost": 269757.29, "Total Cost": 269757.29, "Plan Rows": 1, "Plan Width": 43, "Group By Key": ["lineitem.l_shipmode"], "Plans": [{"Node Type": "Streaming(type: LOCAL REDISTRIBUTE dop: 16/16)", "Parent Relationship": "Outer", "Startup Cost": 269757.27, "Total Cost": 269757.29, "Plan Rows": 1, "Plan Width": 43, "Plans": [{"Node Type": "Aggregate", "Strategy": "Hashed", "Parent Relationship": "Outer", "Startup Cost": 269757.27, "Total Cost": 269757.27, "Plan Rows": 1, "Plan Width": 43, "Group By Key": ["lineitem.l_shipmode"], "Plans": [{"Node Type": "Hash Join", "Parent Relationship": "Outer", "Join Type": "Inner", "Startup Cost": 53371.45, "Total Cost": 269435.07, "Plan Rows": 294584, "Plan Width": 27, "Inner Unique": true, "Hash Cond": "(lineitem.l_orderkey = orders.o_orderkey), (LLVM Optimized)", "Plans": [{"Node Type": "Streaming(type: BROADCAST dop: 16/16)", "Parent Relationship": "Outer", "Startup Cost": 2.24, "Total Cost": 214777.05, "Plan Rows": 4713344, "Plan Width": 19, "Plans": [{"Node Type": "Seq Scan", "Parent Relationship": "Outer", "Relation Name": "lineitem", "Alias": "lineitem", "Startup Cost": 2.24, "Total Cost": 187809.58, "Plan Rows": 294584, "Plan Width": 19, "Filter": "((l_shipmode = ANY ('{RAIL,FOB}'::bpchar[])) AND (l_commitdate < l_receiptdate) AND (l_shipdate < l_commitdate) AND (l_receiptdate >= '1997-01-01 00:00:00'::timestamp(0) without time zone) AND (l_receiptdate < '1998-01-01 00:00:00'::timestamp without time zone)), (LLVM Optimized)"}]}, {"Node Type": "Hash", "Parent Relationship": "Inner", "Startup Cost": 41650.86, "Total Cost": 41650.86, "Plan Rows": 14999479, "Plan Width": 24, "Plans": [{"Node Type": "Seq Scan", "Parent Relationship": "Outer", "Relation Name": "orders", "Alias": "orders", "Startup Cost": 0.0, "Total Cost": 41650.86, "Plan Rows": 14999479, "Plan Width": 24}]}]}]}]}]}]}]}, "Unique SQL Id": 2036526415, "Planner Runtime": 0}, "explain_analyze_plan": {"Plan": {"Node Type": "Sort", "Startup Cost": 269757.31, "Total Cost": 269757.31, "Plan Rows": 1, "Plan Width": 43, "Actual Min Startup Time": 3400.937, "Actual Max Startup Time": 3400.937, "Actual Min Total Time": 3400.938, "Actual Max Total Time": 3400.938, "Sort Key": ["lineitem.l_shipmode"], "Sort Method": "quicksort", "Sort Space Min Used": 25, "Sort Space Max Used": 25, "Sort Space Type": "Memory", "Plans": [{"Node Type": "Streaming(type: LOCAL GATHER dop: 1/16)", "Parent Relationship": "Outer", "Startup Cost": 269757.29, "Total Cost": 269757.3, "Plan Rows": 1, "Plan Width": 43, "Actual Min Startup Time": 3400.842, "Actual Max Startup Time": 3400.842, "Actual Min Total Time": 3400.891, "Actual Max Total Time": 3400.891, "Plans": [{"Node Type": "Aggregate", "Strategy": "Hashed", "Parent Relationship": "Outer", "Startup Cost": 269757.29, "Total Cost": 269757.29, "Plan Rows": 1, "Plan Width": 43, "Actual Min Startup Time": 3337.8, "Actual Max Startup Time": 3345.421, "Actual Min Total Time": 3337.8, "Actual Max Total Time": 3345.421, "Group By Key": ["lineitem.l_shipmode"], "Plans": [{"Node Type": "Streaming(type: LOCAL REDISTRIBUTE dop: 16/16)", "Parent Relationship": "Outer", "Startup Cost": 269757.27, "Total Cost": 269757.29, "Plan Rows": 1, "Plan Width": 43, "Actual Min Startup Time": 3335.863, "Actual Max Startup Time": 3345.414, "Actual Min Total Time": 3337.795, "Actual Max Total Time": 3345.414, "Plans": [{"Node Type": "Aggregate", "Strategy": "Hashed", "Parent Relationship": "Outer", "Startup Cost": 269757.27, "Total Cost": 269757.27, "Plan Rows": 1, "Plan Width": 43, "Actual Min Startup Time": 3284.075, "Actual Max Startup Time": 3343.851, "Actual Min Total Time": 3284.076, "Actual Max Total Time": 3343.852, "Group By Key": ["lineitem.l_shipmode"], "Plans": [{"Node Type": "Hash Join", "Parent Relationship": "Outer", "Join Type": "Inner", "Startup Cost": 53371.45, "Total Cost": 269435.07, "Plan Rows": 294584, "Plan Width": 27, "Actual Min Startup Time": 646.97, "Actual Max Startup Time": 684.999, "Actual Min Total Time": 3258.294, "Actual Max Total Time": 3323.129, "Inner Unique": true, "Hash Cond": "(lineitem.l_orderkey = orders.o_orderkey), (LLVM Optimized, Jit Execute)", "Plans": [{"Node Type": "Streaming(type: BROADCAST dop: 16/16)", "Parent Relationship": "Outer", "Startup Cost": 2.24, "Total Cost": 214777.05, "Plan Rows": 4713344, "Plan Width": 19, "Actual Min Startup Time": 0.063, "Actual Max Startup Time": 0.129, "Actual Min Total Time": 2404.235, "Actual Max Total Time": 2547.525, "Plans": [{"Node Type": "Seq Scan", "Parent Relationship": "Outer", "Relation Name": "lineitem", "Alias": "lineitem", "Startup Cost": 2.24, "Total Cost": 187809.58, "Plan Rows": 294584, "Plan Width": 19, "Actual Min Startup Time": 0.035, "Actual Max Startup Time": 0.361, "Actual Min Total Time": 1573.952, "Actual Max Total Time": 2392.415, "Filter": "((l_shipmode = ANY ('{RAIL,FOB}'::bpchar[])) AND (l_commitdate < l_receiptdate) AND (l_shipdate < l_commitdate) AND (l_receiptdate >= '1997-01-01 00:00:00'::timestamp(0) without time zone) AND (l_receiptdate < '1998-01-01 00:00:00'::timestamp without time zone)), (LLVM Optimized, Jit Execute)", "Rows Removed by Filter": 59674804, "Actual Rows": 311248}], "Actual Rows": 4979968}, {"Node Type": "Hash", "Parent Relationship": "Inner", "Startup Cost": 41650.86, "Total Cost": 41650.86, "Plan Rows": 14999479, "Plan Width": 24, "Actual Min Startup Time": 645.416, "Actual Max Startup Time": 683.761, "Actual Min Total Time": 645.416, "Actual Max Total Time": 683.761, "Max Hash Buckets": 1048576, "Min Hash Buckets": 1048576, "Max Hash Batches": 1, "Min Hash Batches": 1, "Max Original Hash Batches": 1, "Min Original Hash Batches": 1, "Max Peak Memory Usage": 51347, "min Peak Memory Usage": 51347, "Plans": [{"Node Type": "Seq Scan", "Parent Relationship": "Outer", "Relation Name": "orders", "Alias": "orders", "Startup Cost": 0.0, "Total Cost": 41650.86, "Plan Rows": 14999479, "Plan Width": 24, "Actual Min Startup Time": 0.021, "Actual Max Startup Time": 0.036, "Actual Min Total Time": 332.744, "Actual Max Total Time": 356.106, "Actual Rows": 15000000}], "Actual Rows": 15000000}], "Actual Rows": 311248}], "Actual Rows": 32}], "Actual Rows": 32}], "Actual Rows": 2}], "Actual Rows": 2}], "Actual Rows": 2}, "Triggers": [], "Planner Runtime": 1.004, "Total Runtime": 3420.644, "Unique SQL Id": 2036526415}}, "(16, '37')": {"explain_plan": {"Plan": {"Node Type": "Sort", "Startup Cost": 3385295.37, "Total Cost": 3385295.37, "Plan Rows": 1, "Plan Width": 43, "Sort Key": ["lineitem.l_shipmode"], "Plans": [{"Node Type": "Streaming(type: LOCAL GATHER dop: 1/16)", "Parent Relationship": "Outer", "Startup Cost": 3385295.35, "Total Cost": 3385295.36, "Plan Rows": 1, "Plan Width": 43, "Plans": [{"Node Type": "Aggregate", "Strategy": "Hashed", "Parent Relationship": "Outer", "Startup Cost": 3385295.35, "Total Cost": 3385295.35, "Plan Rows": 1, "Plan Width": 43, "Group By Key": ["lineitem.l_shipmode"], "Plans": [{"Node Type": "Streaming(type: LOCAL REDISTRIBUTE dop: 16/16)", "Parent Relationship": "Outer", "Startup Cost": 3385295.33, "Total Cost": 3385295.35, "Plan Rows": 1, "Plan Width": 43, "Plans": [{"Node Type": "Aggregate", "Strategy": "Hashed", "Parent Relationship": "Outer", "Startup Cost": 3385295.33, "Total Cost": 3385295.33, "Plan Rows": 1, "Plan Width": 43, "Group By Key": ["lineitem.l_shipmode"], "Plans": [{"Node Type": "Hash Join", "Parent Relationship": "Outer", "Join Type": "Inner", "Startup Cost": 617076.66, "Total Cost": 3384973.13, "Plan Rows": 294584, "Plan Width": 27, "Inner Unique": true, "Hash Cond": "(lineitem.l_orderkey = orders.o_orderkey), (LLVM Optimized)", "Plans": [{"Node Type": "Streaming(type: BROADCAST dop: 16/16)", "Parent Relationship": "Outer", "Startup Cost": 0.0, "Total Cost": 2766607.66, "Plan Rows": 4713344, "Plan Width": 19, "Plans": [{"Node Type": "Index Scan", "Parent Relationship": "Outer", "Scan Direction": "Forward", "Index Name": "idx_lineitem_orderkey", "Relation Name": "lineitem", "Alias": "lineitem", "Startup Cost": 0.0, "Total Cost": 2739640.18, "Plan Rows": 294584, "Plan Width": 19, "Filter": "((l_shipmode = ANY ('{RAIL,FOB}'::bpchar[])) AND (l_commitdate < l_receiptdate) AND (l_shipdate < l_commitdate) AND (l_receiptdate >= '1997-01-01 00:00:00'::timestamp(0) without time zone) AND (l_receiptdate < '1998-01-01 00:00:00'::timestamp without time zone)), (LLVM Optimized)"}]}, {"Node Type": "Hash", "Parent Relationship": "Inner", "Startup Cost": 605358.32, "Total Cost": 605358.32, "Plan Rows": 14999479, "Plan Width": 24, "Plans": [{"Node Type": "Index Scan", "Parent Relationship": "Outer", "Scan Direction": "Forward", "Index Name": "orders_pkey", "Relation Name": "orders", "Alias": "orders", "Startup Cost": 0.0, "Total Cost": 605358.32, "Plan Rows": 14999479, "Plan Width": 24}]}]}]}]}]}]}]}, "Unique SQL Id": 2036526415, "Planner Runtime": 0}, "explain_analyze_plan": {"Plan": {"Node Type": "Sort", "Startup Cost": 3385295.37, "Total Cost": 3385295.37, "Plan Rows": 1, "Plan Width": 43, "Actual Min Startup Time": 5075.032, "Actual Max Startup Time": 5075.032, "Actual Min Total Time": 5075.033, "Actual Max Total Time": 5075.033, "Sort Key": ["lineitem.l_shipmode"], "Sort Method": "quicksort", "Sort Space Min Used": 25, "Sort Space Max Used": 25, "Sort Space Type": "Memory", "Plans": [{"Node Type": "Streaming(type: LOCAL GATHER dop: 1/16)", "Parent Relationship": "Outer", "Startup Cost": 3385295.35, "Total Cost": 3385295.36, "Plan Rows": 1, "Plan Width": 43, "Actual Min Startup Time": 5074.885, "Actual Max Startup Time": 5074.885, "Actual Min Total Time": 5074.987, "Actual Max Total Time": 5074.987, "Plans": [{"Node Type": "Aggregate", "Strategy": "Hashed", "Parent Relationship": "Outer", "Startup Cost": 3385295.35, "Total Cost": 3385295.35, "Plan Rows": 1, "Plan Width": 43, "Actual Min Startup Time": 5015.588, "Actual Max Startup Time": 5024.638, "Actual Min Total Time": 5015.588, "Actual Max Total Time": 5024.638, "Group By Key": ["lineitem.l_shipmode"], "Plans": [{"Node Type": "Streaming(type: LOCAL REDISTRIBUTE dop: 16/16)", "Parent Relationship": "Outer", "Startup Cost": 3385295.33, "Total Cost": 3385295.35, "Plan Rows": 1, "Plan Width": 43, "Actual Min Startup Time": 5012.32, "Actual Max Startup Time": 5024.63, "Actual Min Total Time": 5015.583, "Actual Max Total Time": 5024.63, "Plans": [{"Node Type": "Aggregate", "Strategy": "Hashed", "Parent Relationship": "Outer", "Startup Cost": 3385295.33, "Total Cost": 3385295.33, "Plan Rows": 1, "Plan Width": 43, "Actual Min Startup Time": 4974.395, "Actual Max Startup Time": 5022.138, "Actual Min Total Time": 4974.397, "Actual Max Total Time": 5022.139, "Group By Key": ["lineitem.l_shipmode"], "Plans": [{"Node Type": "Hash Join", "Parent Relationship": "Outer", "Join Type": "Inner", "Startup Cost": 617076.66, "Total Cost": 3384973.13, "Plan Rows": 294584, "Plan Width": 27, "Actual Min Startup Time": 1064.978, "Actual Max Startup Time": 1217.017, "Actual Min Total Time": 4947.451, "Actual Max Total Time": 5001.164, "Inner Unique": true, "Hash Cond": "(lineitem.l_orderkey = orders.o_orderkey), (LLVM Optimized, Jit Execute)", "Plans": [{"Node Type": "Streaming(type: BROADCAST dop: 16/16)", "Parent Relationship": "Outer", "Startup Cost": 0.0, "Total Cost": 2766607.66, "Plan Rows": 4713344, "Plan Width": 19, "Actual Min Startup Time": 0.061, "Actual Max Startup Time": 0.124, "Actual Min Total Time": 3631.718, "Actual Max Total Time": 3764.15, "Plans": [{"Node Type": "Index Scan", "Parent Relationship": "Outer", "Scan Direction": "Forward", "Index Name": "idx_lineitem_orderkey", "Relation Name": "lineitem", "Alias": "lineitem", "Startup Cost": 0.0, "Total Cost": 2739640.18, "Plan Rows": 294584, "Plan Width": 19, "Actual Min Startup Time": 543.73, "Actual Max Startup Time": 581.962, "Actual Min Total Time": 3404.899, "Actual Max Total Time": 4158.411, "Filter": "((l_shipmode = ANY ('{RAIL,FOB}'::bpchar[])) AND (l_commitdate < l_receiptdate) AND (l_shipdate < l_commitdate) AND (l_receiptdate >= '1997-01-01 00:00:00'::timestamp(0) without time zone) AND (l_receiptdate < '1998-01-01 00:00:00'::timestamp without time zone)), (LLVM Optimized, Jit Execute)", "Rows Removed by Filter": 59674804, "Actual Rows": 311248}], "Actual Rows": 4979968}, {"Node Type": "Hash", "Parent Relationship": "Inner", "Startup Cost": 605358.32, "Total Cost": 605358.32, "Plan Rows": 14999479, "Plan Width": 24, "Actual Min Startup Time": 1063.349, "Actual Max Startup Time": 1215.506, "Actual Min Total Time": 1063.349, "Actual Max Total Time": 1215.506, "Max Hash Buckets": 1048576, "Min Hash Buckets": 1048576, "Max Hash Batches": 1, "Min Hash Batches": 1, "Max Original Hash Batches": 1, "Min Original Hash Batches": 1, "Max Peak Memory Usage": 51275, "min Peak Memory Usage": 51275, "Plans": [{"Node Type": "Index Scan", "Parent Relationship": "Outer", "Scan Direction": "Forward", "Index Name": "orders_pkey", "Relation Name": "orders", "Alias": "orders", "Startup Cost": 0.0, "Total Cost": 605358.32, "Plan Rows": 14999479, "Plan Width": 24, "Actual Min Startup Time": 138.453, "Actual Max Startup Time": 185.894, "Actual Min Total Time": 740.2, "Actual Max Total Time": 900.065, "Actual Rows": 15000000}], "Actual Rows": 15000000}], "Actual Rows": 311248}], "Actual Rows": 32}], "Actual Rows": 32}], "Actual Rows": 2}], "Actual Rows": 2}], "Actual Rows": 2}, "Triggers": [], "Planner Runtime": 0.935, "Total Runtime": 5095.078, "Unique SQL Id": 2036526415}}, "(16, '38')": {"explain_plan": {"Plan": {"Node Type": "Sort", "Startup Cost": 269757.31, "Total Cost": 269757.31, "Plan Rows": 1, "Plan Width": 43, "Sort Key": ["lineitem.l_shipmode"], "Plans": [{"Node Type": "Streaming(type: LOCAL GATHER dop: 1/16)", "Parent Relationship": "Outer", "Startup Cost": 269757.29, "Total Cost": 269757.3, "Plan Rows": 1, "Plan Width": 43, "Plans": [{"Node Type": "Aggregate", "Strategy": "Hashed", "Parent Relationship": "Outer", "Startup Cost": 269757.29, "Total Cost": 269757.29, "Plan Rows": 1, "Plan Width": 43, "Group By Key": ["lineitem.l_shipmode"], "Plans": [{"Node Type": "Streaming(type: LOCAL REDISTRIBUTE dop: 16/16)", "Parent Relationship": "Outer", "Startup Cost": 269757.27, "Total Cost": 269757.29, "Plan Rows": 1, "Plan Width": 43, "Plans": [{"Node Type": "Aggregate", "Strategy": "Hashed", "Parent Relationship": "Outer", "Startup Cost": 269757.27, "Total Cost": 269757.27, "Plan Rows": 1, "Plan Width": 43, "Group By Key": ["lineitem.l_shipmode"], "Plans": [{"Node Type": "Hash Join", "Parent Relationship": "Outer", "Join Type": "Inner", "Startup Cost": 53371.45, "Total Cost": 269435.07, "Plan Rows": 294584, "Plan Width": 27, "Inner Unique": true, "Hash Cond": "(lineitem.l_orderkey = orders.o_orderkey), (LLVM Optimized)", "Plans": [{"Node Type": "Streaming(type: BROADCAST dop: 16/16)", "Parent Relationship": "Outer", "Startup Cost": 2.24, "Total Cost": 214777.05, "Plan Rows": 4713344, "Plan Width": 19, "Plans": [{"Node Type": "Seq Scan", "Parent Relationship": "Outer", "Relation Name": "lineitem", "Alias": "lineitem", "Startup Cost": 2.24, "Total Cost": 187809.58, "Plan Rows": 294584, "Plan Width": 19, "Filter": "((l_shipmode = ANY ('{RAIL,FOB}'::bpchar[])) AND (l_commitdate < l_receiptdate) AND (l_shipdate < l_commitdate) AND (l_receiptdate >= '1997-01-01 00:00:00'::timestamp(0) without time zone) AND (l_receiptdate < '1998-01-01 00:00:00'::timestamp without time zone)), (LLVM Optimized)"}]}, {"Node Type": "Hash", "Parent Relationship": "Inner", "Startup Cost": 41650.86, "Total Cost": 41650.86, "Plan Rows": 14999479, "Plan Width": 24, "Plans": [{"Node Type": "Seq Scan", "Parent Relationship": "Outer", "Relation Name": "orders", "Alias": "orders", "Startup Cost": 0.0, "Total Cost": 41650.86, "Plan Rows": 14999479, "Plan Width": 24}]}]}]}]}]}]}]}, "Unique SQL Id": 2036526415, "Planner Runtime": 0}, "explain_analyze_plan": {"Plan": {"Node Type": "Sort", "Startup Cost": 269757.31, "Total Cost": 269757.31, "Plan Rows": 1, "Plan Width": 43, "Actual Min Startup Time": 3400.937, "Actual Max Startup Time": 3400.937, "Actual Min Total Time": 3400.938, "Actual Max Total Time": 3400.938, "Sort Key": ["lineitem.l_shipmode"], "Sort Method": "quicksort", "Sort Space Min Used": 25, "Sort Space Max Used": 25, "Sort Space Type": "Memory", "Plans": [{"Node Type": "Streaming(type: LOCAL GATHER dop: 1/16)", "Parent Relationship": "Outer", "Startup Cost": 269757.29, "Total Cost": 269757.3, "Plan Rows": 1, "Plan Width": 43, "Actual Min Startup Time": 3400.842, "Actual Max Startup Time": 3400.842, "Actual Min Total Time": 3400.891, "Actual Max Total Time": 3400.891, "Plans": [{"Node Type": "Aggregate", "Strategy": "Hashed", "Parent Relationship": "Outer", "Startup Cost": 269757.29, "Total Cost": 269757.29, "Plan Rows": 1, "Plan Width": 43, "Actual Min Startup Time": 3337.8, "Actual Max Startup Time": 3345.421, "Actual Min Total Time": 3337.8, "Actual Max Total Time": 3345.421, "Group By Key": ["lineitem.l_shipmode"], "Plans": [{"Node Type": "Streaming(type: LOCAL REDISTRIBUTE dop: 16/16)", "Parent Relationship": "Outer", "Startup Cost": 269757.27, "Total Cost": 269757.29, "Plan Rows": 1, "Plan Width": 43, "Actual Min Startup Time": 3335.863, "Actual Max Startup Time": 3345.414, "Actual Min Total Time": 3337.795, "Actual Max Total Time": 3345.414, "Plans": [{"Node Type": "Aggregate", "Strategy": "Hashed", "Parent Relationship": "Outer", "Startup Cost": 269757.27, "Total Cost": 269757.27, "Plan Rows": 1, "Plan Width": 43, "Actual Min Startup Time": 3284.075, "Actual Max Startup Time": 3343.851, "Actual Min Total Time": 3284.076, "Actual Max Total Time": 3343.852, "Group By Key": ["lineitem.l_shipmode"], "Plans": [{"Node Type": "Hash Join", "Parent Relationship": "Outer", "Join Type": "Inner", "Startup Cost": 53371.45, "Total Cost": 269435.07, "Plan Rows": 294584, "Plan Width": 27, "Actual Min Startup Time": 646.97, "Actual Max Startup Time": 684.999, "Actual Min Total Time": 3258.294, "Actual Max Total Time": 3323.129, "Inner Unique": true, "Hash Cond": "(lineitem.l_orderkey = orders.o_orderkey), (LLVM Optimized, Jit Execute)", "Plans": [{"Node Type": "Streaming(type: BROADCAST dop: 16/16)", "Parent Relationship": "Outer", "Startup Cost": 2.24, "Total Cost": 214777.05, "Plan Rows": 4713344, "Plan Width": 19, "Actual Min Startup Time": 0.063, "Actual Max Startup Time": 0.129, "Actual Min Total Time": 2404.235, "Actual Max Total Time": 2547.525, "Plans": [{"Node Type": "Seq Scan", "Parent Relationship": "Outer", "Relation Name": "lineitem", "Alias": "lineitem", "Startup Cost": 2.24, "Total Cost": 187809.58, "Plan Rows": 294584, "Plan Width": 19, "Actual Min Startup Time": 0.035, "Actual Max Startup Time": 0.361, "Actual Min Total Time": 1573.952, "Actual Max Total Time": 2392.415, "Filter": "((l_shipmode = ANY ('{RAIL,FOB}'::bpchar[])) AND (l_commitdate < l_receiptdate) AND (l_shipdate < l_commitdate) AND (l_receiptdate >= '1997-01-01 00:00:00'::timestamp(0) without time zone) AND (l_receiptdate < '1998-01-01 00:00:00'::timestamp without time zone)), (LLVM Optimized, Jit Execute)", "Rows Removed by Filter": 59674804, "Actual Rows": 311248}], "Actual Rows": 4979968}, {"Node Type": "Hash", "Parent Relationship": "Inner", "Startup Cost": 41650.86, "Total Cost": 41650.86, "Plan Rows": 14999479, "Plan Width": 24, "Actual Min Startup Time": 645.416, "Actual Max Startup Time": 683.761, "Actual Min Total Time": 645.416, "Actual Max Total Time": 683.761, "Max Hash Buckets": 1048576, "Min Hash Buckets": 1048576, "Max Hash Batches": 1, "Min Hash Batches": 1, "Max Original Hash Batches": 1, "Min Original Hash Batches": 1, "Max Peak Memory Usage": 51347, "min Peak Memory Usage": 51347, "Plans": [{"Node Type": "Seq Scan", "Parent Relationship": "Outer", "Relation Name": "orders", "Alias": "orders", "Startup Cost": 0.0, "Total Cost": 41650.86, "Plan Rows": 14999479, "Plan Width": 24, "Actual Min Startup Time": 0.021, "Actual Max Startup Time": 0.036, "Actual Min Total Time": 332.744, "Actual Max Total Time": 356.106, "Actual Rows": 15000000}], "Actual Rows": 15000000}], "Actual Rows": 311248}], "Actual Rows": 32}], "Actual Rows": 32}], "Actual Rows": 2}], "Actual Rows": 2}], "Actual Rows": 2}, "Triggers": [], "Planner Runtime": 1.004, "Total Runtime": 3420.644, "Unique SQL Id": 2036526415}}, "(16, '39')": {"explain_plan": {"Plan": {"Node Type": "Sort", "Startup Cost": 4921486.87, "Total Cost": 4921486.87, "Plan Rows": 1, "Plan Width": 43, "Sort Key": ["lineitem.l_shipmode"], "Plans": [{"Node Type": "Aggregate", "Strategy": "Hashed", "Parent Relationship": "Outer", "Startup Cost": 4921486.85, "Total Cost": 4921486.86, "Plan Rows": 1, "Plan Width": 43, "Group By Key": ["lineitem.l_shipmode"], "Plans": [{"Node Type": "Hash Join", "Parent Relationship": "Outer", "Join Type": "Inner", "Startup Cost": 2147327.85, "Total Cost": 4916331.63, "Plan Rows": 294584, "Plan Width": 27, "Inner Unique": true, "Hash Cond": "(lineitem.l_orderkey = orders.o_orderkey), (LLVM Optimized)", "Plans": [{"Node Type": "Bitmap Heap Scan", "Parent Relationship": "Outer", "Relation Name": "lineitem", "Alias": "lineitem", "Startup Cost": 1225109.06, "Total Cost": 3990062.3, "Plan Rows": 294584, "Plan Width": 19, "Filter": "((l_shipmode = ANY ('{RAIL,FOB}'::bpchar[])) AND (l_commitdate < l_receiptdate) AND (l_shipdate < l_commitdate) AND (l_receiptdate >= '1997-01-01 00:00:00'::timestamp(0) without time zone) AND (l_receiptdate < '1998-01-01 00:00:00'::timestamp without time zone)), (LLVM Optimized)", "Plans": [{"Node Type": "Bitmap Index Scan", "Parent Relationship": "Outer", "Index Name": "idx_lineitem_orderkey", "Startup Cost": 0.0, "Total Cost": 1225035.42, "Plan Rows": 59987033, "Plan Width": 0}]}, {"Node Type": "Hash", "Parent Relationship": "Inner", "Startup Cost": 734725.3, "Total Cost": 734725.3, "Plan Rows": 14999479, "Plan Width": 24, "Plans": [{"Node Type": "Bitmap Heap Scan", "Parent Relationship": "Outer", "Relation Name": "orders", "Alias": "orders", "Startup Cost": 308311.51, "Total Cost": 734725.3, "Plan Rows": 14999479, "Plan Width": 24, "Plans": [{"Node Type": "Bitmap Index Scan", "Parent Relationship": "Outer", "Index Name": "orders_pkey", "Startup Cost": 0.0, "Total Cost": 304561.65, "Plan Rows": 14999479, "Plan Width": 0}]}]}]}]}]}, "Unique SQL Id": 2036526415, "Planner Runtime": 0}, "explain_analyze_plan": null}, "(16, '40')": {"explain_plan": {"Plan": {"Node Type": "Sort", "Startup Cost": 269757.31, "Total Cost": 269757.31, "Plan Rows": 1, "Plan Width": 43, "Sort Key": ["lineitem.l_shipmode"], "Plans": [{"Node Type": "Streaming(type: LOCAL GATHER dop: 1/16)", "Parent Relationship": "Outer", "Startup Cost": 269757.29, "Total Cost": 269757.3, "Plan Rows": 1, "Plan Width": 43, "Plans": [{"Node Type": "Aggregate", "Strategy": "Hashed", "Parent Relationship": "Outer", "Startup Cost": 269757.29, "Total Cost": 269757.29, "Plan Rows": 1, "Plan Width": 43, "Group By Key": ["lineitem.l_shipmode"], "Plans": [{"Node Type": "Streaming(type: LOCAL REDISTRIBUTE dop: 16/16)", "Parent Relationship": "Outer", "Startup Cost": 269757.27, "Total Cost": 269757.29, "Plan Rows": 1, "Plan Width": 43, "Plans": [{"Node Type": "Aggregate", "Strategy": "Hashed", "Parent Relationship": "Outer", "Startup Cost": 269757.27, "Total Cost": 269757.27, "Plan Rows": 1, "Plan Width": 43, "Group By Key": ["lineitem.l_shipmode"], "Plans": [{"Node Type": "Hash Join", "Parent Relationship": "Outer", "Join Type": "Inner", "Startup Cost": 53371.45, "Total Cost": 269435.07, "Plan Rows": 294584, "Plan Width": 27, "Inner Unique": true, "Hash Cond": "(lineitem.l_orderkey = orders.o_orderkey), (LLVM Optimized)", "Plans": [{"Node Type": "Streaming(type: BROADCAST dop: 16/16)", "Parent Relationship": "Outer", "Startup Cost": 2.24, "Total Cost": 214777.05, "Plan Rows": 4713344, "Plan Width": 19, "Plans": [{"Node Type": "Seq Scan", "Parent Relationship": "Outer", "Relation Name": "lineitem", "Alias": "lineitem", "Startup Cost": 2.24, "Total Cost": 187809.58, "Plan Rows": 294584, "Plan Width": 19, "Filter": "((l_shipmode = ANY ('{RAIL,FOB}'::bpchar[])) AND (l_commitdate < l_receiptdate) AND (l_shipdate < l_commitdate) AND (l_receiptdate >= '1997-01-01 00:00:00'::timestamp(0) without time zone) AND (l_receiptdate < '1998-01-01 00:00:00'::timestamp without time zone)), (LLVM Optimized)"}]}, {"Node Type": "Hash", "Parent Relationship": "Inner", "Startup Cost": 41650.86, "Total Cost": 41650.86, "Plan Rows": 14999479, "Plan Width": 24, "Plans": [{"Node Type": "Seq Scan", "Parent Relationship": "Outer", "Relation Name": "orders", "Alias": "orders", "Startup Cost": 0.0, "Total Cost": 41650.86, "Plan Rows": 14999479, "Plan Width": 24}]}]}]}]}]}]}]}, "Unique SQL Id": 2036526415, "Planner Runtime": 0}, "explain_analyze_plan": {"Plan": {"Node Type": "Sort", "Startup Cost": 269757.31, "Total Cost": 269757.31, "Plan Rows": 1, "Plan Width": 43, "Actual Min Startup Time": 3400.937, "Actual Max Startup Time": 3400.937, "Actual Min Total Time": 3400.938, "Actual Max Total Time": 3400.938, "Sort Key": ["lineitem.l_shipmode"], "Sort Method": "quicksort", "Sort Space Min Used": 25, "Sort Space Max Used": 25, "Sort Space Type": "Memory", "Plans": [{"Node Type": "Streaming(type: LOCAL GATHER dop: 1/16)", "Parent Relationship": "Outer", "Startup Cost": 269757.29, "Total Cost": 269757.3, "Plan Rows": 1, "Plan Width": 43, "Actual Min Startup Time": 3400.842, "Actual Max Startup Time": 3400.842, "Actual Min Total Time": 3400.891, "Actual Max Total Time": 3400.891, "Plans": [{"Node Type": "Aggregate", "Strategy": "Hashed", "Parent Relationship": "Outer", "Startup Cost": 269757.29, "Total Cost": 269757.29, "Plan Rows": 1, "Plan Width": 43, "Actual Min Startup Time": 3337.8, "Actual Max Startup Time": 3345.421, "Actual Min Total Time": 3337.8, "Actual Max Total Time": 3345.421, "Group By Key": ["lineitem.l_shipmode"], "Plans": [{"Node Type": "Streaming(type: LOCAL REDISTRIBUTE dop: 16/16)", "Parent Relationship": "Outer", "Startup Cost": 269757.27, "Total Cost": 269757.29, "Plan Rows": 1, "Plan Width": 43, "Actual Min Startup Time": 3335.863, "Actual Max Startup Time": 3345.414, "Actual Min Total Time": 3337.795, "Actual Max Total Time": 3345.414, "Plans": [{"Node Type": "Aggregate", "Strategy": "Hashed", "Parent Relationship": "Outer", "Startup Cost": 269757.27, "Total Cost": 269757.27, "Plan Rows": 1, "Plan Width": 43, "Actual Min Startup Time": 3284.075, "Actual Max Startup Time": 3343.851, "Actual Min Total Time": 3284.076, "Actual Max Total Time": 3343.852, "Group By Key": ["lineitem.l_shipmode"], "Plans": [{"Node Type": "Hash Join", "Parent Relationship": "Outer", "Join Type": "Inner", "Startup Cost": 53371.45, "Total Cost": 269435.07, "Plan Rows": 294584, "Plan Width": 27, "Actual Min Startup Time": 646.97, "Actual Max Startup Time": 684.999, "Actual Min Total Time": 3258.294, "Actual Max Total Time": 3323.129, "Inner Unique": true, "Hash Cond": "(lineitem.l_orderkey = orders.o_orderkey), (LLVM Optimized, Jit Execute)", "Plans": [{"Node Type": "Streaming(type: BROADCAST dop: 16/16)", "Parent Relationship": "Outer", "Startup Cost": 2.24, "Total Cost": 214777.05, "Plan Rows": 4713344, "Plan Width": 19, "Actual Min Startup Time": 0.063, "Actual Max Startup Time": 0.129, "Actual Min Total Time": 2404.235, "Actual Max Total Time": 2547.525, "Plans": [{"Node Type": "Seq Scan", "Parent Relationship": "Outer", "Relation Name": "lineitem", "Alias": "lineitem", "Startup Cost": 2.24, "Total Cost": 187809.58, "Plan Rows": 294584, "Plan Width": 19, "Actual Min Startup Time": 0.035, "Actual Max Startup Time": 0.361, "Actual Min Total Time": 1573.952, "Actual Max Total Time": 2392.415, "Filter": "((l_shipmode = ANY ('{RAIL,FOB}'::bpchar[])) AND (l_commitdate < l_receiptdate) AND (l_shipdate < l_commitdate) AND (l_receiptdate >= '1997-01-01 00:00:00'::timestamp(0) without time zone) AND (l_receiptdate < '1998-01-01 00:00:00'::timestamp without time zone)), (LLVM Optimized, Jit Execute)", "Rows Removed by Filter": 59674804, "Actual Rows": 311248}], "Actual Rows": 4979968}, {"Node Type": "Hash", "Parent Relationship": "Inner", "Startup Cost": 41650.86, "Total Cost": 41650.86, "Plan Rows": 14999479, "Plan Width": 24, "Actual Min Startup Time": 645.416, "Actual Max Startup Time": 683.761, "Actual Min Total Time": 645.416, "Actual Max Total Time": 683.761, "Max Hash Buckets": 1048576, "Min Hash Buckets": 1048576, "Max Hash Batches": 1, "Min Hash Batches": 1, "Max Original Hash Batches": 1, "Min Original Hash Batches": 1, "Max Peak Memory Usage": 51347, "min Peak Memory Usage": 51347, "Plans": [{"Node Type": "Seq Scan", "Parent Relationship": "Outer", "Relation Name": "orders", "Alias": "orders", "Startup Cost": 0.0, "Total Cost": 41650.86, "Plan Rows": 14999479, "Plan Width": 24, "Actual Min Startup Time": 0.021, "Actual Max Startup Time": 0.036, "Actual Min Total Time": 332.744, "Actual Max Total Time": 356.106, "Actual Rows": 15000000}], "Actual Rows": 15000000}], "Actual Rows": 311248}], "Actual Rows": 32}], "Actual Rows": 32}], "Actual Rows": 2}], "Actual Rows": 2}], "Actual Rows": 2}, "Triggers": [], "Planner Runtime": 1.004, "Total Runtime": 3420.644, "Unique SQL Id": 2036526415}}, "(16, '41')": {"explain_plan": {"Plan": {"Node Type": "Sort", "Startup Cost": 3385295.37, "Total Cost": 3385295.37, "Plan Rows": 1, "Plan Width": 43, "Sort Key": ["lineitem.l_shipmode"], "Plans": [{"Node Type": "Streaming(type: LOCAL GATHER dop: 1/16)", "Parent Relationship": "Outer", "Startup Cost": 3385295.35, "Total Cost": 3385295.36, "Plan Rows": 1, "Plan Width": 43, "Plans": [{"Node Type": "Aggregate", "Strategy": "Hashed", "Parent Relationship": "Outer", "Startup Cost": 3385295.35, "Total Cost": 3385295.35, "Plan Rows": 1, "Plan Width": 43, "Group By Key": ["lineitem.l_shipmode"], "Plans": [{"Node Type": "Streaming(type: LOCAL REDISTRIBUTE dop: 16/16)", "Parent Relationship": "Outer", "Startup Cost": 3385295.33, "Total Cost": 3385295.35, "Plan Rows": 1, "Plan Width": 43, "Plans": [{"Node Type": "Aggregate", "Strategy": "Hashed", "Parent Relationship": "Outer", "Startup Cost": 3385295.33, "Total Cost": 3385295.33, "Plan Rows": 1, "Plan Width": 43, "Group By Key": ["lineitem.l_shipmode"], "Plans": [{"Node Type": "Hash Join", "Parent Relationship": "Outer", "Join Type": "Inner", "Startup Cost": 617076.66, "Total Cost": 3384973.13, "Plan Rows": 294584, "Plan Width": 27, "Inner Unique": true, "Hash Cond": "(lineitem.l_orderkey = orders.o_orderkey), (LLVM Optimized)", "Plans": [{"Node Type": "Streaming(type: BROADCAST dop: 16/16)", "Parent Relationship": "Outer", "Startup Cost": 0.0, "Total Cost": 2766607.66, "Plan Rows": 4713344, "Plan Width": 19, "Plans": [{"Node Type": "Index Scan", "Parent Relationship": "Outer", "Scan Direction": "Forward", "Index Name": "idx_lineitem_orderkey", "Relation Name": "lineitem", "Alias": "lineitem", "Startup Cost": 0.0, "Total Cost": 2739640.18, "Plan Rows": 294584, "Plan Width": 19, "Filter": "((l_shipmode = ANY ('{RAIL,FOB}'::bpchar[])) AND (l_commitdate < l_receiptdate) AND (l_shipdate < l_commitdate) AND (l_receiptdate >= '1997-01-01 00:00:00'::timestamp(0) without time zone) AND (l_receiptdate < '1998-01-01 00:00:00'::timestamp without time zone)), (LLVM Optimized)"}]}, {"Node Type": "Hash", "Parent Relationship": "Inner", "Startup Cost": 605358.32, "Total Cost": 605358.32, "Plan Rows": 14999479, "Plan Width": 24, "Plans": [{"Node Type": "Index Scan", "Parent Relationship": "Outer", "Scan Direction": "Forward", "Index Name": "orders_pkey", "Relation Name": "orders", "Alias": "orders", "Startup Cost": 0.0, "Total Cost": 605358.32, "Plan Rows": 14999479, "Plan Width": 24}]}]}]}]}]}]}]}, "Unique SQL Id": 2036526415, "Planner Runtime": 0}, "explain_analyze_plan": {"Plan": {"Node Type": "Sort", "Startup Cost": 3385295.37, "Total Cost": 3385295.37, "Plan Rows": 1, "Plan Width": 43, "Actual Min Startup Time": 5075.032, "Actual Max Startup Time": 5075.032, "Actual Min Total Time": 5075.033, "Actual Max Total Time": 5075.033, "Sort Key": ["lineitem.l_shipmode"], "Sort Method": "quicksort", "Sort Space Min Used": 25, "Sort Space Max Used": 25, "Sort Space Type": "Memory", "Plans": [{"Node Type": "Streaming(type: LOCAL GATHER dop: 1/16)", "Parent Relationship": "Outer", "Startup Cost": 3385295.35, "Total Cost": 3385295.36, "Plan Rows": 1, "Plan Width": 43, "Actual Min Startup Time": 5074.885, "Actual Max Startup Time": 5074.885, "Actual Min Total Time": 5074.987, "Actual Max Total Time": 5074.987, "Plans": [{"Node Type": "Aggregate", "Strategy": "Hashed", "Parent Relationship": "Outer", "Startup Cost": 3385295.35, "Total Cost": 3385295.35, "Plan Rows": 1, "Plan Width": 43, "Actual Min Startup Time": 5015.588, "Actual Max Startup Time": 5024.638, "Actual Min Total Time": 5015.588, "Actual Max Total Time": 5024.638, "Group By Key": ["lineitem.l_shipmode"], "Plans": [{"Node Type": "Streaming(type: LOCAL REDISTRIBUTE dop: 16/16)", "Parent Relationship": "Outer", "Startup Cost": 3385295.33, "Total Cost": 3385295.35, "Plan Rows": 1, "Plan Width": 43, "Actual Min Startup Time": 5012.32, "Actual Max Startup Time": 5024.63, "Actual Min Total Time": 5015.583, "Actual Max Total Time": 5024.63, "Plans": [{"Node Type": "Aggregate", "Strategy": "Hashed", "Parent Relationship": "Outer", "Startup Cost": 3385295.33, "Total Cost": 3385295.33, "Plan Rows": 1, "Plan Width": 43, "Actual Min Startup Time": 4974.395, "Actual Max Startup Time": 5022.138, "Actual Min Total Time": 4974.397, "Actual Max Total Time": 5022.139, "Group By Key": ["lineitem.l_shipmode"], "Plans": [{"Node Type": "Hash Join", "Parent Relationship": "Outer", "Join Type": "Inner", "Startup Cost": 617076.66, "Total Cost": 3384973.13, "Plan Rows": 294584, "Plan Width": 27, "Actual Min Startup Time": 1064.978, "Actual Max Startup Time": 1217.017, "Actual Min Total Time": 4947.451, "Actual Max Total Time": 5001.164, "Inner Unique": true, "Hash Cond": "(lineitem.l_orderkey = orders.o_orderkey), (LLVM Optimized, Jit Execute)", "Plans": [{"Node Type": "Streaming(type: BROADCAST dop: 16/16)", "Parent Relationship": "Outer", "Startup Cost": 0.0, "Total Cost": 2766607.66, "Plan Rows": 4713344, "Plan Width": 19, "Actual Min Startup Time": 0.061, "Actual Max Startup Time": 0.124, "Actual Min Total Time": 3631.718, "Actual Max Total Time": 3764.15, "Plans": [{"Node Type": "Index Scan", "Parent Relationship": "Outer", "Scan Direction": "Forward", "Index Name": "idx_lineitem_orderkey", "Relation Name": "lineitem", "Alias": "lineitem", "Startup Cost": 0.0, "Total Cost": 2739640.18, "Plan Rows": 294584, "Plan Width": 19, "Actual Min Startup Time": 543.73, "Actual Max Startup Time": 581.962, "Actual Min Total Time": 3404.899, "Actual Max Total Time": 4158.411, "Filter": "((l_shipmode = ANY ('{RAIL,FOB}'::bpchar[])) AND (l_commitdate < l_receiptdate) AND (l_shipdate < l_commitdate) AND (l_receiptdate >= '1997-01-01 00:00:00'::timestamp(0) without time zone) AND (l_receiptdate < '1998-01-01 00:00:00'::timestamp without time zone)), (LLVM Optimized, Jit Execute)", "Rows Removed by Filter": 59674804, "Actual Rows": 311248}], "Actual Rows": 4979968}, {"Node Type": "Hash", "Parent Relationship": "Inner", "Startup Cost": 605358.32, "Total Cost": 605358.32, "Plan Rows": 14999479, "Plan Width": 24, "Actual Min Startup Time": 1063.349, "Actual Max Startup Time": 1215.506, "Actual Min Total Time": 1063.349, "Actual Max Total Time": 1215.506, "Max Hash Buckets": 1048576, "Min Hash Buckets": 1048576, "Max Hash Batches": 1, "Min Hash Batches": 1, "Max Original Hash Batches": 1, "Min Original Hash Batches": 1, "Max Peak Memory Usage": 51275, "min Peak Memory Usage": 51275, "Plans": [{"Node Type": "Index Scan", "Parent Relationship": "Outer", "Scan Direction": "Forward", "Index Name": "orders_pkey", "Relation Name": "orders", "Alias": "orders", "Startup Cost": 0.0, "Total Cost": 605358.32, "Plan Rows": 14999479, "Plan Width": 24, "Actual Min Startup Time": 138.453, "Actual Max Startup Time": 185.894, "Actual Min Total Time": 740.2, "Actual Max Total Time": 900.065, "Actual Rows": 15000000}], "Actual Rows": 15000000}], "Actual Rows": 311248}], "Actual Rows": 32}], "Actual Rows": 32}], "Actual Rows": 2}], "Actual Rows": 2}], "Actual Rows": 2}, "Triggers": [], "Planner Runtime": 0.935, "Total Runtime": 5095.078, "Unique SQL Id": 2036526415}}, "(16, '42')": {"explain_plan": {"Plan": {"Node Type": "Sort", "Startup Cost": 269757.31, "Total Cost": 269757.31, "Plan Rows": 1, "Plan Width": 43, "Sort Key": ["lineitem.l_shipmode"], "Plans": [{"Node Type": "Streaming(type: LOCAL GATHER dop: 1/16)", "Parent Relationship": "Outer", "Startup Cost": 269757.29, "Total Cost": 269757.3, "Plan Rows": 1, "Plan Width": 43, "Plans": [{"Node Type": "Aggregate", "Strategy": "Hashed", "Parent Relationship": "Outer", "Startup Cost": 269757.29, "Total Cost": 269757.29, "Plan Rows": 1, "Plan Width": 43, "Group By Key": ["lineitem.l_shipmode"], "Plans": [{"Node Type": "Streaming(type: LOCAL REDISTRIBUTE dop: 16/16)", "Parent Relationship": "Outer", "Startup Cost": 269757.27, "Total Cost": 269757.29, "Plan Rows": 1, "Plan Width": 43, "Plans": [{"Node Type": "Aggregate", "Strategy": "Hashed", "Parent Relationship": "Outer", "Startup Cost": 269757.27, "Total Cost": 269757.27, "Plan Rows": 1, "Plan Width": 43, "Group By Key": ["lineitem.l_shipmode"], "Plans": [{"Node Type": "Hash Join", "Parent Relationship": "Outer", "Join Type": "Inner", "Startup Cost": 53371.45, "Total Cost": 269435.07, "Plan Rows": 294584, "Plan Width": 27, "Inner Unique": true, "Hash Cond": "(lineitem.l_orderkey = orders.o_orderkey), (LLVM Optimized)", "Plans": [{"Node Type": "Streaming(type: BROADCAST dop: 16/16)", "Parent Relationship": "Outer", "Startup Cost": 2.24, "Total Cost": 214777.05, "Plan Rows": 4713344, "Plan Width": 19, "Plans": [{"Node Type": "Seq Scan", "Parent Relationship": "Outer", "Relation Name": "lineitem", "Alias": "lineitem", "Startup Cost": 2.24, "Total Cost": 187809.58, "Plan Rows": 294584, "Plan Width": 19, "Filter": "((l_shipmode = ANY ('{RAIL,FOB}'::bpchar[])) AND (l_commitdate < l_receiptdate) AND (l_shipdate < l_commitdate) AND (l_receiptdate >= '1997-01-01 00:00:00'::timestamp(0) without time zone) AND (l_receiptdate < '1998-01-01 00:00:00'::timestamp without time zone)), (LLVM Optimized)"}]}, {"Node Type": "Hash", "Parent Relationship": "Inner", "Startup Cost": 41650.86, "Total Cost": 41650.86, "Plan Rows": 14999479, "Plan Width": 24, "Plans": [{"Node Type": "Seq Scan", "Parent Relationship": "Outer", "Relation Name": "orders", "Alias": "orders", "Startup Cost": 0.0, "Total Cost": 41650.86, "Plan Rows": 14999479, "Plan Width": 24}]}]}]}]}]}]}]}, "Unique SQL Id": 2036526415, "Planner Runtime": 0}, "explain_analyze_plan": {"Plan": {"Node Type": "Sort", "Startup Cost": 269757.31, "Total Cost": 269757.31, "Plan Rows": 1, "Plan Width": 43, "Actual Min Startup Time": 3400.937, "Actual Max Startup Time": 3400.937, "Actual Min Total Time": 3400.938, "Actual Max Total Time": 3400.938, "Sort Key": ["lineitem.l_shipmode"], "Sort Method": "quicksort", "Sort Space Min Used": 25, "Sort Space Max Used": 25, "Sort Space Type": "Memory", "Plans": [{"Node Type": "Streaming(type: LOCAL GATHER dop: 1/16)", "Parent Relationship": "Outer", "Startup Cost": 269757.29, "Total Cost": 269757.3, "Plan Rows": 1, "Plan Width": 43, "Actual Min Startup Time": 3400.842, "Actual Max Startup Time": 3400.842, "Actual Min Total Time": 3400.891, "Actual Max Total Time": 3400.891, "Plans": [{"Node Type": "Aggregate", "Strategy": "Hashed", "Parent Relationship": "Outer", "Startup Cost": 269757.29, "Total Cost": 269757.29, "Plan Rows": 1, "Plan Width": 43, "Actual Min Startup Time": 3337.8, "Actual Max Startup Time": 3345.421, "Actual Min Total Time": 3337.8, "Actual Max Total Time": 3345.421, "Group By Key": ["lineitem.l_shipmode"], "Plans": [{"Node Type": "Streaming(type: LOCAL REDISTRIBUTE dop: 16/16)", "Parent Relationship": "Outer", "Startup Cost": 269757.27, "Total Cost": 269757.29, "Plan Rows": 1, "Plan Width": 43, "Actual Min Startup Time": 3335.863, "Actual Max Startup Time": 3345.414, "Actual Min Total Time": 3337.795, "Actual Max Total Time": 3345.414, "Plans": [{"Node Type": "Aggregate", "Strategy": "Hashed", "Parent Relationship": "Outer", "Startup Cost": 269757.27, "Total Cost": 269757.27, "Plan Rows": 1, "Plan Width": 43, "Actual Min Startup Time": 3284.075, "Actual Max Startup Time": 3343.851, "Actual Min Total Time": 3284.076, "Actual Max Total Time": 3343.852, "Group By Key": ["lineitem.l_shipmode"], "Plans": [{"Node Type": "Hash Join", "Parent Relationship": "Outer", "Join Type": "Inner", "Startup Cost": 53371.45, "Total Cost": 269435.07, "Plan Rows": 294584, "Plan Width": 27, "Actual Min Startup Time": 646.97, "Actual Max Startup Time": 684.999, "Actual Min Total Time": 3258.294, "Actual Max Total Time": 3323.129, "Inner Unique": true, "Hash Cond": "(lineitem.l_orderkey = orders.o_orderkey), (LLVM Optimized, Jit Execute)", "Plans": [{"Node Type": "Streaming(type: BROADCAST dop: 16/16)", "Parent Relationship": "Outer", "Startup Cost": 2.24, "Total Cost": 214777.05, "Plan Rows": 4713344, "Plan Width": 19, "Actual Min Startup Time": 0.063, "Actual Max Startup Time": 0.129, "Actual Min Total Time": 2404.235, "Actual Max Total Time": 2547.525, "Plans": [{"Node Type": "Seq Scan", "Parent Relationship": "Outer", "Relation Name": "lineitem", "Alias": "lineitem", "Startup Cost": 2.24, "Total Cost": 187809.58, "Plan Rows": 294584, "Plan Width": 19, "Actual Min Startup Time": 0.035, "Actual Max Startup Time": 0.361, "Actual Min Total Time": 1573.952, "Actual Max Total Time": 2392.415, "Filter": "((l_shipmode = ANY ('{RAIL,FOB}'::bpchar[])) AND (l_commitdate < l_receiptdate) AND (l_shipdate < l_commitdate) AND (l_receiptdate >= '1997-01-01 00:00:00'::timestamp(0) without time zone) AND (l_receiptdate < '1998-01-01 00:00:00'::timestamp without time zone)), (LLVM Optimized, Jit Execute)", "Rows Removed by Filter": 59674804, "Actual Rows": 311248}], "Actual Rows": 4979968}, {"Node Type": "Hash", "Parent Relationship": "Inner", "Startup Cost": 41650.86, "Total Cost": 41650.86, "Plan Rows": 14999479, "Plan Width": 24, "Actual Min Startup Time": 645.416, "Actual Max Startup Time": 683.761, "Actual Min Total Time": 645.416, "Actual Max Total Time": 683.761, "Max Hash Buckets": 1048576, "Min Hash Buckets": 1048576, "Max Hash Batches": 1, "Min Hash Batches": 1, "Max Original Hash Batches": 1, "Min Original Hash Batches": 1, "Max Peak Memory Usage": 51347, "min Peak Memory Usage": 51347, "Plans": [{"Node Type": "Seq Scan", "Parent Relationship": "Outer", "Relation Name": "orders", "Alias": "orders", "Startup Cost": 0.0, "Total Cost": 41650.86, "Plan Rows": 14999479, "Plan Width": 24, "Actual Min Startup Time": 0.021, "Actual Max Startup Time": 0.036, "Actual Min Total Time": 332.744, "Actual Max Total Time": 356.106, "Actual Rows": 15000000}], "Actual Rows": 15000000}], "Actual Rows": 311248}], "Actual Rows": 32}], "Actual Rows": 32}], "Actual Rows": 2}], "Actual Rows": 2}], "Actual Rows": 2}, "Triggers": [], "Planner Runtime": 1.004, "Total Runtime": 3420.644, "Unique SQL Id": 2036526415}}, "(16, '43')": {"explain_plan": {"Plan": {"Node Type": "Sort", "Startup Cost": 2000472293708.51, "Total Cost": 2000472293708.51, "Plan Rows": 1, "Plan Width": 43, "Sort Key": ["lineitem.l_shipmode"], "Plans": [{"Node Type": "Aggregate", "Strategy": "Hashed", "Parent Relationship": "Outer", "Startup Cost": 2000472293708.49, "Total Cost": 2000472293708.5, "Plan Rows": 1, "Plan Width": 43, "Group By Key": ["lineitem.l_shipmode"], "Plans": [{"Node Type": "Hash Join", "Parent Relationship": "Outer", "Join Type": "Inner", "Startup Cost": 1010073285336.99, "Total Cost": 2000472288553.27, "Plan Rows": 294584, "Plan Width": 27, "Inner Unique": true, "Hash Cond": "(lineitem.l_orderkey = orders.o_orderkey), (LLVM Optimized)", "Plans": [{"Node Type": "Index Scan", "Parent Relationship": "Outer", "Scan Direction": "Forward", "Index Name": "idx_lineitem_orderkey", "Relation Name": "lineitem", "Alias": "lineitem", "Startup Cost": 10000000000.0, "Total Cost": 1000398999165.75, "Plan Rows": 294584, "Plan Width": 19, "Filter": "((l_shipmode = ANY ('{RAIL,FOB}'::bpchar[])) AND (l_commitdate < l_receiptdate) AND (l_shipdate < l_commitdate) AND (l_receiptdate >= '1997-01-01 00:00:00'::timestamp(0) without time zone) AND (l_receiptdate < '1998-01-01 00:00:00'::timestamp without time zone)), (LLVM Optimized)"}, {"Node Type": "Hash", "Parent Relationship": "Inner", "Startup Cost": 1000073097843.5, "Total Cost": 1000073097843.5, "Plan Rows": 14999479, "Plan Width": 24, "Plans": [{"Node Type": "Index Scan", "Parent Relationship": "Outer", "Scan Direction": "Forward", "Index Name": "orders_pkey", "Relation Name": "orders", "Alias": "orders", "Startup Cost": 10000000000.0, "Total Cost": 1000073097843.5, "Plan Rows": 14999479, "Plan Width": 24}]}]}]}]}, "Unique SQL Id": 2036526415, "Planner Runtime": 0}, "explain_analyze_plan": null}, "(16, '44')": {"explain_plan": {"Plan": {"Node Type": "Sort", "Startup Cost": 269757.31, "Total Cost": 269757.31, "Plan Rows": 1, "Plan Width": 43, "Sort Key": ["lineitem.l_shipmode"], "Plans": [{"Node Type": "Streaming(type: LOCAL GATHER dop: 1/16)", "Parent Relationship": "Outer", "Startup Cost": 269757.29, "Total Cost": 269757.3, "Plan Rows": 1, "Plan Width": 43, "Plans": [{"Node Type": "Aggregate", "Strategy": "Hashed", "Parent Relationship": "Outer", "Startup Cost": 269757.29, "Total Cost": 269757.29, "Plan Rows": 1, "Plan Width": 43, "Group By Key": ["lineitem.l_shipmode"], "Plans": [{"Node Type": "Streaming(type: LOCAL REDISTRIBUTE dop: 16/16)", "Parent Relationship": "Outer", "Startup Cost": 269757.27, "Total Cost": 269757.29, "Plan Rows": 1, "Plan Width": 43, "Plans": [{"Node Type": "Aggregate", "Strategy": "Hashed", "Parent Relationship": "Outer", "Startup Cost": 269757.27, "Total Cost": 269757.27, "Plan Rows": 1, "Plan Width": 43, "Group By Key": ["lineitem.l_shipmode"], "Plans": [{"Node Type": "Hash Join", "Parent Relationship": "Outer", "Join Type": "Inner", "Startup Cost": 53371.45, "Total Cost": 269435.07, "Plan Rows": 294584, "Plan Width": 27, "Inner Unique": true, "Hash Cond": "(lineitem.l_orderkey = orders.o_orderkey), (LLVM Optimized)", "Plans": [{"Node Type": "Streaming(type: BROADCAST dop: 16/16)", "Parent Relationship": "Outer", "Startup Cost": 2.24, "Total Cost": 214777.05, "Plan Rows": 4713344, "Plan Width": 19, "Plans": [{"Node Type": "Seq Scan", "Parent Relationship": "Outer", "Relation Name": "lineitem", "Alias": "lineitem", "Startup Cost": 2.24, "Total Cost": 187809.58, "Plan Rows": 294584, "Plan Width": 19, "Filter": "((l_shipmode = ANY ('{RAIL,FOB}'::bpchar[])) AND (l_commitdate < l_receiptdate) AND (l_shipdate < l_commitdate) AND (l_receiptdate >= '1997-01-01 00:00:00'::timestamp(0) without time zone) AND (l_receiptdate < '1998-01-01 00:00:00'::timestamp without time zone)), (LLVM Optimized)"}]}, {"Node Type": "Hash", "Parent Relationship": "Inner", "Startup Cost": 41650.86, "Total Cost": 41650.86, "Plan Rows": 14999479, "Plan Width": 24, "Plans": [{"Node Type": "Seq Scan", "Parent Relationship": "Outer", "Relation Name": "orders", "Alias": "orders", "Startup Cost": 0.0, "Total Cost": 41650.86, "Plan Rows": 14999479, "Plan Width": 24}]}]}]}]}]}]}]}, "Unique SQL Id": 2036526415, "Planner Runtime": 1}, "explain_analyze_plan": {"Plan": {"Node Type": "Sort", "Startup Cost": 269757.31, "Total Cost": 269757.31, "Plan Rows": 1, "Plan Width": 43, "Actual Min Startup Time": 3400.937, "Actual Max Startup Time": 3400.937, "Actual Min Total Time": 3400.938, "Actual Max Total Time": 3400.938, "Sort Key": ["lineitem.l_shipmode"], "Sort Method": "quicksort", "Sort Space Min Used": 25, "Sort Space Max Used": 25, "Sort Space Type": "Memory", "Plans": [{"Node Type": "Streaming(type: LOCAL GATHER dop: 1/16)", "Parent Relationship": "Outer", "Startup Cost": 269757.29, "Total Cost": 269757.3, "Plan Rows": 1, "Plan Width": 43, "Actual Min Startup Time": 3400.842, "Actual Max Startup Time": 3400.842, "Actual Min Total Time": 3400.891, "Actual Max Total Time": 3400.891, "Plans": [{"Node Type": "Aggregate", "Strategy": "Hashed", "Parent Relationship": "Outer", "Startup Cost": 269757.29, "Total Cost": 269757.29, "Plan Rows": 1, "Plan Width": 43, "Actual Min Startup Time": 3337.8, "Actual Max Startup Time": 3345.421, "Actual Min Total Time": 3337.8, "Actual Max Total Time": 3345.421, "Group By Key": ["lineitem.l_shipmode"], "Plans": [{"Node Type": "Streaming(type: LOCAL REDISTRIBUTE dop: 16/16)", "Parent Relationship": "Outer", "Startup Cost": 269757.27, "Total Cost": 269757.29, "Plan Rows": 1, "Plan Width": 43, "Actual Min Startup Time": 3335.863, "Actual Max Startup Time": 3345.414, "Actual Min Total Time": 3337.795, "Actual Max Total Time": 3345.414, "Plans": [{"Node Type": "Aggregate", "Strategy": "Hashed", "Parent Relationship": "Outer", "Startup Cost": 269757.27, "Total Cost": 269757.27, "Plan Rows": 1, "Plan Width": 43, "Actual Min Startup Time": 3284.075, "Actual Max Startup Time": 3343.851, "Actual Min Total Time": 3284.076, "Actual Max Total Time": 3343.852, "Group By Key": ["lineitem.l_shipmode"], "Plans": [{"Node Type": "Hash Join", "Parent Relationship": "Outer", "Join Type": "Inner", "Startup Cost": 53371.45, "Total Cost": 269435.07, "Plan Rows": 294584, "Plan Width": 27, "Actual Min Startup Time": 646.97, "Actual Max Startup Time": 684.999, "Actual Min Total Time": 3258.294, "Actual Max Total Time": 3323.129, "Inner Unique": true, "Hash Cond": "(lineitem.l_orderkey = orders.o_orderkey), (LLVM Optimized, Jit Execute)", "Plans": [{"Node Type": "Streaming(type: BROADCAST dop: 16/16)", "Parent Relationship": "Outer", "Startup Cost": 2.24, "Total Cost": 214777.05, "Plan Rows": 4713344, "Plan Width": 19, "Actual Min Startup Time": 0.063, "Actual Max Startup Time": 0.129, "Actual Min Total Time": 2404.235, "Actual Max Total Time": 2547.525, "Plans": [{"Node Type": "Seq Scan", "Parent Relationship": "Outer", "Relation Name": "lineitem", "Alias": "lineitem", "Startup Cost": 2.24, "Total Cost": 187809.58, "Plan Rows": 294584, "Plan Width": 19, "Actual Min Startup Time": 0.035, "Actual Max Startup Time": 0.361, "Actual Min Total Time": 1573.952, "Actual Max Total Time": 2392.415, "Filter": "((l_shipmode = ANY ('{RAIL,FOB}'::bpchar[])) AND (l_commitdate < l_receiptdate) AND (l_shipdate < l_commitdate) AND (l_receiptdate >= '1997-01-01 00:00:00'::timestamp(0) without time zone) AND (l_receiptdate < '1998-01-01 00:00:00'::timestamp without time zone)), (LLVM Optimized, Jit Execute)", "Rows Removed by Filter": 59674804, "Actual Rows": 311248}], "Actual Rows": 4979968}, {"Node Type": "Hash", "Parent Relationship": "Inner", "Startup Cost": 41650.86, "Total Cost": 41650.86, "Plan Rows": 14999479, "Plan Width": 24, "Actual Min Startup Time": 645.416, "Actual Max Startup Time": 683.761, "Actual Min Total Time": 645.416, "Actual Max Total Time": 683.761, "Max Hash Buckets": 1048576, "Min Hash Buckets": 1048576, "Max Hash Batches": 1, "Min Hash Batches": 1, "Max Original Hash Batches": 1, "Min Original Hash Batches": 1, "Max Peak Memory Usage": 51347, "min Peak Memory Usage": 51347, "Plans": [{"Node Type": "Seq Scan", "Parent Relationship": "Outer", "Relation Name": "orders", "Alias": "orders", "Startup Cost": 0.0, "Total Cost": 41650.86, "Plan Rows": 14999479, "Plan Width": 24, "Actual Min Startup Time": 0.021, "Actual Max Startup Time": 0.036, "Actual Min Total Time": 332.744, "Actual Max Total Time": 356.106, "Actual Rows": 15000000}], "Actual Rows": 15000000}], "Actual Rows": 311248}], "Actual Rows": 32}], "Actual Rows": 32}], "Actual Rows": 2}], "Actual Rows": 2}], "Actual Rows": 2}, "Triggers": [], "Planner Runtime": 1.004, "Total Runtime": 3420.644, "Unique SQL Id": 2036526415}}, "(16, '45')": {"explain_plan": {"Plan": {"Node Type": "Sort", "Startup Cost": 3385295.37, "Total Cost": 3385295.37, "Plan Rows": 1, "Plan Width": 43, "Sort Key": ["lineitem.l_shipmode"], "Plans": [{"Node Type": "Streaming(type: LOCAL GATHER dop: 1/16)", "Parent Relationship": "Outer", "Startup Cost": 3385295.35, "Total Cost": 3385295.36, "Plan Rows": 1, "Plan Width": 43, "Plans": [{"Node Type": "Aggregate", "Strategy": "Hashed", "Parent Relationship": "Outer", "Startup Cost": 3385295.35, "Total Cost": 3385295.35, "Plan Rows": 1, "Plan Width": 43, "Group By Key": ["lineitem.l_shipmode"], "Plans": [{"Node Type": "Streaming(type: LOCAL REDISTRIBUTE dop: 16/16)", "Parent Relationship": "Outer", "Startup Cost": 3385295.33, "Total Cost": 3385295.35, "Plan Rows": 1, "Plan Width": 43, "Plans": [{"Node Type": "Aggregate", "Strategy": "Hashed", "Parent Relationship": "Outer", "Startup Cost": 3385295.33, "Total Cost": 3385295.33, "Plan Rows": 1, "Plan Width": 43, "Group By Key": ["lineitem.l_shipmode"], "Plans": [{"Node Type": "Hash Join", "Parent Relationship": "Outer", "Join Type": "Inner", "Startup Cost": 617076.66, "Total Cost": 3384973.13, "Plan Rows": 294584, "Plan Width": 27, "Inner Unique": true, "Hash Cond": "(lineitem.l_orderkey = orders.o_orderkey), (LLVM Optimized)", "Plans": [{"Node Type": "Streaming(type: BROADCAST dop: 16/16)", "Parent Relationship": "Outer", "Startup Cost": 0.0, "Total Cost": 2766607.66, "Plan Rows": 4713344, "Plan Width": 19, "Plans": [{"Node Type": "Index Scan", "Parent Relationship": "Outer", "Scan Direction": "Forward", "Index Name": "idx_lineitem_orderkey", "Relation Name": "lineitem", "Alias": "lineitem", "Startup Cost": 0.0, "Total Cost": 2739640.18, "Plan Rows": 294584, "Plan Width": 19, "Filter": "((l_shipmode = ANY ('{RAIL,FOB}'::bpchar[])) AND (l_commitdate < l_receiptdate) AND (l_shipdate < l_commitdate) AND (l_receiptdate >= '1997-01-01 00:00:00'::timestamp(0) without time zone) AND (l_receiptdate < '1998-01-01 00:00:00'::timestamp without time zone)), (LLVM Optimized)"}]}, {"Node Type": "Hash", "Parent Relationship": "Inner", "Startup Cost": 605358.32, "Total Cost": 605358.32, "Plan Rows": 14999479, "Plan Width": 24, "Plans": [{"Node Type": "Index Scan", "Parent Relationship": "Outer", "Scan Direction": "Forward", "Index Name": "orders_pkey", "Relation Name": "orders", "Alias": "orders", "Startup Cost": 0.0, "Total Cost": 605358.32, "Plan Rows": 14999479, "Plan Width": 24}]}]}]}]}]}]}]}, "Unique SQL Id": 2036526415, "Planner Runtime": 0}, "explain_analyze_plan": {"Plan": {"Node Type": "Sort", "Startup Cost": 3385295.37, "Total Cost": 3385295.37, "Plan Rows": 1, "Plan Width": 43, "Actual Min Startup Time": 5075.032, "Actual Max Startup Time": 5075.032, "Actual Min Total Time": 5075.033, "Actual Max Total Time": 5075.033, "Sort Key": ["lineitem.l_shipmode"], "Sort Method": "quicksort", "Sort Space Min Used": 25, "Sort Space Max Used": 25, "Sort Space Type": "Memory", "Plans": [{"Node Type": "Streaming(type: LOCAL GATHER dop: 1/16)", "Parent Relationship": "Outer", "Startup Cost": 3385295.35, "Total Cost": 3385295.36, "Plan Rows": 1, "Plan Width": 43, "Actual Min Startup Time": 5074.885, "Actual Max Startup Time": 5074.885, "Actual Min Total Time": 5074.987, "Actual Max Total Time": 5074.987, "Plans": [{"Node Type": "Aggregate", "Strategy": "Hashed", "Parent Relationship": "Outer", "Startup Cost": 3385295.35, "Total Cost": 3385295.35, "Plan Rows": 1, "Plan Width": 43, "Actual Min Startup Time": 5015.588, "Actual Max Startup Time": 5024.638, "Actual Min Total Time": 5015.588, "Actual Max Total Time": 5024.638, "Group By Key": ["lineitem.l_shipmode"], "Plans": [{"Node Type": "Streaming(type: LOCAL REDISTRIBUTE dop: 16/16)", "Parent Relationship": "Outer", "Startup Cost": 3385295.33, "Total Cost": 3385295.35, "Plan Rows": 1, "Plan Width": 43, "Actual Min Startup Time": 5012.32, "Actual Max Startup Time": 5024.63, "Actual Min Total Time": 5015.583, "Actual Max Total Time": 5024.63, "Plans": [{"Node Type": "Aggregate", "Strategy": "Hashed", "Parent Relationship": "Outer", "Startup Cost": 3385295.33, "Total Cost": 3385295.33, "Plan Rows": 1, "Plan Width": 43, "Actual Min Startup Time": 4974.395, "Actual Max Startup Time": 5022.138, "Actual Min Total Time": 4974.397, "Actual Max Total Time": 5022.139, "Group By Key": ["lineitem.l_shipmode"], "Plans": [{"Node Type": "Hash Join", "Parent Relationship": "Outer", "Join Type": "Inner", "Startup Cost": 617076.66, "Total Cost": 3384973.13, "Plan Rows": 294584, "Plan Width": 27, "Actual Min Startup Time": 1064.978, "Actual Max Startup Time": 1217.017, "Actual Min Total Time": 4947.451, "Actual Max Total Time": 5001.164, "Inner Unique": true, "Hash Cond": "(lineitem.l_orderkey = orders.o_orderkey), (LLVM Optimized, Jit Execute)", "Plans": [{"Node Type": "Streaming(type: BROADCAST dop: 16/16)", "Parent Relationship": "Outer", "Startup Cost": 0.0, "Total Cost": 2766607.66, "Plan Rows": 4713344, "Plan Width": 19, "Actual Min Startup Time": 0.061, "Actual Max Startup Time": 0.124, "Actual Min Total Time": 3631.718, "Actual Max Total Time": 3764.15, "Plans": [{"Node Type": "Index Scan", "Parent Relationship": "Outer", "Scan Direction": "Forward", "Index Name": "idx_lineitem_orderkey", "Relation Name": "lineitem", "Alias": "lineitem", "Startup Cost": 0.0, "Total Cost": 2739640.18, "Plan Rows": 294584, "Plan Width": 19, "Actual Min Startup Time": 543.73, "Actual Max Startup Time": 581.962, "Actual Min Total Time": 3404.899, "Actual Max Total Time": 4158.411, "Filter": "((l_shipmode = ANY ('{RAIL,FOB}'::bpchar[])) AND (l_commitdate < l_receiptdate) AND (l_shipdate < l_commitdate) AND (l_receiptdate >= '1997-01-01 00:00:00'::timestamp(0) without time zone) AND (l_receiptdate < '1998-01-01 00:00:00'::timestamp without time zone)), (LLVM Optimized, Jit Execute)", "Rows Removed by Filter": 59674804, "Actual Rows": 311248}], "Actual Rows": 4979968}, {"Node Type": "Hash", "Parent Relationship": "Inner", "Startup Cost": 605358.32, "Total Cost": 605358.32, "Plan Rows": 14999479, "Plan Width": 24, "Actual Min Startup Time": 1063.349, "Actual Max Startup Time": 1215.506, "Actual Min Total Time": 1063.349, "Actual Max Total Time": 1215.506, "Max Hash Buckets": 1048576, "Min Hash Buckets": 1048576, "Max Hash Batches": 1, "Min Hash Batches": 1, "Max Original Hash Batches": 1, "Min Original Hash Batches": 1, "Max Peak Memory Usage": 51275, "min Peak Memory Usage": 51275, "Plans": [{"Node Type": "Index Scan", "Parent Relationship": "Outer", "Scan Direction": "Forward", "Index Name": "orders_pkey", "Relation Name": "orders", "Alias": "orders", "Startup Cost": 0.0, "Total Cost": 605358.32, "Plan Rows": 14999479, "Plan Width": 24, "Actual Min Startup Time": 138.453, "Actual Max Startup Time": 185.894, "Actual Min Total Time": 740.2, "Actual Max Total Time": 900.065, "Actual Rows": 15000000}], "Actual Rows": 15000000}], "Actual Rows": 311248}], "Actual Rows": 32}], "Actual Rows": 32}], "Actual Rows": 2}], "Actual Rows": 2}], "Actual Rows": 2}, "Triggers": [], "Planner Runtime": 0.935, "Total Runtime": 5095.078, "Unique SQL Id": 2036526415}}, "(16, '46')": {"explain_plan": {"Plan": {"Node Type": "Sort", "Startup Cost": 269757.31, "Total Cost": 269757.31, "Plan Rows": 1, "Plan Width": 43, "Sort Key": ["lineitem.l_shipmode"], "Plans": [{"Node Type": "Streaming(type: LOCAL GATHER dop: 1/16)", "Parent Relationship": "Outer", "Startup Cost": 269757.29, "Total Cost": 269757.3, "Plan Rows": 1, "Plan Width": 43, "Plans": [{"Node Type": "Aggregate", "Strategy": "Hashed", "Parent Relationship": "Outer", "Startup Cost": 269757.29, "Total Cost": 269757.29, "Plan Rows": 1, "Plan Width": 43, "Group By Key": ["lineitem.l_shipmode"], "Plans": [{"Node Type": "Streaming(type: LOCAL REDISTRIBUTE dop: 16/16)", "Parent Relationship": "Outer", "Startup Cost": 269757.27, "Total Cost": 269757.29, "Plan Rows": 1, "Plan Width": 43, "Plans": [{"Node Type": "Aggregate", "Strategy": "Hashed", "Parent Relationship": "Outer", "Startup Cost": 269757.27, "Total Cost": 269757.27, "Plan Rows": 1, "Plan Width": 43, "Group By Key": ["lineitem.l_shipmode"], "Plans": [{"Node Type": "Hash Join", "Parent Relationship": "Outer", "Join Type": "Inner", "Startup Cost": 53371.45, "Total Cost": 269435.07, "Plan Rows": 294584, "Plan Width": 27, "Inner Unique": true, "Hash Cond": "(lineitem.l_orderkey = orders.o_orderkey), (LLVM Optimized)", "Plans": [{"Node Type": "Streaming(type: BROADCAST dop: 16/16)", "Parent Relationship": "Outer", "Startup Cost": 2.24, "Total Cost": 214777.05, "Plan Rows": 4713344, "Plan Width": 19, "Plans": [{"Node Type": "Seq Scan", "Parent Relationship": "Outer", "Relation Name": "lineitem", "Alias": "lineitem", "Startup Cost": 2.24, "Total Cost": 187809.58, "Plan Rows": 294584, "Plan Width": 19, "Filter": "((l_shipmode = ANY ('{RAIL,FOB}'::bpchar[])) AND (l_commitdate < l_receiptdate) AND (l_shipdate < l_commitdate) AND (l_receiptdate >= '1997-01-01 00:00:00'::timestamp(0) without time zone) AND (l_receiptdate < '1998-01-01 00:00:00'::timestamp without time zone)), (LLVM Optimized)"}]}, {"Node Type": "Hash", "Parent Relationship": "Inner", "Startup Cost": 41650.86, "Total Cost": 41650.86, "Plan Rows": 14999479, "Plan Width": 24, "Plans": [{"Node Type": "Seq Scan", "Parent Relationship": "Outer", "Relation Name": "orders", "Alias": "orders", "Startup Cost": 0.0, "Total Cost": 41650.86, "Plan Rows": 14999479, "Plan Width": 24}]}]}]}]}]}]}]}, "Unique SQL Id": 2036526415, "Planner Runtime": 0}, "explain_analyze_plan": {"Plan": {"Node Type": "Sort", "Startup Cost": 269757.31, "Total Cost": 269757.31, "Plan Rows": 1, "Plan Width": 43, "Actual Min Startup Time": 3400.937, "Actual Max Startup Time": 3400.937, "Actual Min Total Time": 3400.938, "Actual Max Total Time": 3400.938, "Sort Key": ["lineitem.l_shipmode"], "Sort Method": "quicksort", "Sort Space Min Used": 25, "Sort Space Max Used": 25, "Sort Space Type": "Memory", "Plans": [{"Node Type": "Streaming(type: LOCAL GATHER dop: 1/16)", "Parent Relationship": "Outer", "Startup Cost": 269757.29, "Total Cost": 269757.3, "Plan Rows": 1, "Plan Width": 43, "Actual Min Startup Time": 3400.842, "Actual Max Startup Time": 3400.842, "Actual Min Total Time": 3400.891, "Actual Max Total Time": 3400.891, "Plans": [{"Node Type": "Aggregate", "Strategy": "Hashed", "Parent Relationship": "Outer", "Startup Cost": 269757.29, "Total Cost": 269757.29, "Plan Rows": 1, "Plan Width": 43, "Actual Min Startup Time": 3337.8, "Actual Max Startup Time": 3345.421, "Actual Min Total Time": 3337.8, "Actual Max Total Time": 3345.421, "Group By Key": ["lineitem.l_shipmode"], "Plans": [{"Node Type": "Streaming(type: LOCAL REDISTRIBUTE dop: 16/16)", "Parent Relationship": "Outer", "Startup Cost": 269757.27, "Total Cost": 269757.29, "Plan Rows": 1, "Plan Width": 43, "Actual Min Startup Time": 3335.863, "Actual Max Startup Time": 3345.414, "Actual Min Total Time": 3337.795, "Actual Max Total Time": 3345.414, "Plans": [{"Node Type": "Aggregate", "Strategy": "Hashed", "Parent Relationship": "Outer", "Startup Cost": 269757.27, "Total Cost": 269757.27, "Plan Rows": 1, "Plan Width": 43, "Actual Min Startup Time": 3284.075, "Actual Max Startup Time": 3343.851, "Actual Min Total Time": 3284.076, "Actual Max Total Time": 3343.852, "Group By Key": ["lineitem.l_shipmode"], "Plans": [{"Node Type": "Hash Join", "Parent Relationship": "Outer", "Join Type": "Inner", "Startup Cost": 53371.45, "Total Cost": 269435.07, "Plan Rows": 294584, "Plan Width": 27, "Actual Min Startup Time": 646.97, "Actual Max Startup Time": 684.999, "Actual Min Total Time": 3258.294, "Actual Max Total Time": 3323.129, "Inner Unique": true, "Hash Cond": "(lineitem.l_orderkey = orders.o_orderkey), (LLVM Optimized, Jit Execute)", "Plans": [{"Node Type": "Streaming(type: BROADCAST dop: 16/16)", "Parent Relationship": "Outer", "Startup Cost": 2.24, "Total Cost": 214777.05, "Plan Rows": 4713344, "Plan Width": 19, "Actual Min Startup Time": 0.063, "Actual Max Startup Time": 0.129, "Actual Min Total Time": 2404.235, "Actual Max Total Time": 2547.525, "Plans": [{"Node Type": "Seq Scan", "Parent Relationship": "Outer", "Relation Name": "lineitem", "Alias": "lineitem", "Startup Cost": 2.24, "Total Cost": 187809.58, "Plan Rows": 294584, "Plan Width": 19, "Actual Min Startup Time": 0.035, "Actual Max Startup Time": 0.361, "Actual Min Total Time": 1573.952, "Actual Max Total Time": 2392.415, "Filter": "((l_shipmode = ANY ('{RAIL,FOB}'::bpchar[])) AND (l_commitdate < l_receiptdate) AND (l_shipdate < l_commitdate) AND (l_receiptdate >= '1997-01-01 00:00:00'::timestamp(0) without time zone) AND (l_receiptdate < '1998-01-01 00:00:00'::timestamp without time zone)), (LLVM Optimized, Jit Execute)", "Rows Removed by Filter": 59674804, "Actual Rows": 311248}], "Actual Rows": 4979968}, {"Node Type": "Hash", "Parent Relationship": "Inner", "Startup Cost": 41650.86, "Total Cost": 41650.86, "Plan Rows": 14999479, "Plan Width": 24, "Actual Min Startup Time": 645.416, "Actual Max Startup Time": 683.761, "Actual Min Total Time": 645.416, "Actual Max Total Time": 683.761, "Max Hash Buckets": 1048576, "Min Hash Buckets": 1048576, "Max Hash Batches": 1, "Min Hash Batches": 1, "Max Original Hash Batches": 1, "Min Original Hash Batches": 1, "Max Peak Memory Usage": 51347, "min Peak Memory Usage": 51347, "Plans": [{"Node Type": "Seq Scan", "Parent Relationship": "Outer", "Relation Name": "orders", "Alias": "orders", "Startup Cost": 0.0, "Total Cost": 41650.86, "Plan Rows": 14999479, "Plan Width": 24, "Actual Min Startup Time": 0.021, "Actual Max Startup Time": 0.036, "Actual Min Total Time": 332.744, "Actual Max Total Time": 356.106, "Actual Rows": 15000000}], "Actual Rows": 15000000}], "Actual Rows": 311248}], "Actual Rows": 32}], "Actual Rows": 32}], "Actual Rows": 2}], "Actual Rows": 2}], "Actual Rows": 2}, "Triggers": [], "Planner Runtime": 1.004, "Total Runtime": 3420.644, "Unique SQL Id": 2036526415}}, "(16, '47')": {"explain_plan": {"Plan": {"Node Type": "Sort", "Startup Cost": 2000472293708.51, "Total Cost": 2000472293708.51, "Plan Rows": 1, "Plan Width": 43, "Sort Key": ["lineitem.l_shipmode"], "Plans": [{"Node Type": "Aggregate", "Strategy": "Hashed", "Parent Relationship": "Outer", "Startup Cost": 2000472293708.49, "Total Cost": 2000472293708.5, "Plan Rows": 1, "Plan Width": 43, "Group By Key": ["lineitem.l_shipmode"], "Plans": [{"Node Type": "Hash Join", "Parent Relationship": "Outer", "Join Type": "Inner", "Startup Cost": 1010073285336.99, "Total Cost": 2000472288553.27, "Plan Rows": 294584, "Plan Width": 27, "Inner Unique": true, "Hash Cond": "(lineitem.l_orderkey = orders.o_orderkey), (LLVM Optimized)", "Plans": [{"Node Type": "Index Scan", "Parent Relationship": "Outer", "Scan Direction": "Forward", "Index Name": "idx_lineitem_orderkey", "Relation Name": "lineitem", "Alias": "lineitem", "Startup Cost": 10000000000.0, "Total Cost": 1000398999165.75, "Plan Rows": 294584, "Plan Width": 19, "Filter": "((l_shipmode = ANY ('{RAIL,FOB}'::bpchar[])) AND (l_commitdate < l_receiptdate) AND (l_shipdate < l_commitdate) AND (l_receiptdate >= '1997-01-01 00:00:00'::timestamp(0) without time zone) AND (l_receiptdate < '1998-01-01 00:00:00'::timestamp without time zone)), (LLVM Optimized)"}, {"Node Type": "Hash", "Parent Relationship": "Inner", "Startup Cost": 1000073097843.5, "Total Cost": 1000073097843.5, "Plan Rows": 14999479, "Plan Width": 24, "Plans": [{"Node Type": "Index Scan", "Parent Relationship": "Outer", "Scan Direction": "Forward", "Index Name": "orders_pkey", "Relation Name": "orders", "Alias": "orders", "Startup Cost": 10000000000.0, "Total Cost": 1000073097843.5, "Plan Rows": 14999479, "Plan Width": 24}]}]}]}]}, "Unique SQL Id": 2036526415, "Planner Runtime": 0}, "explain_analyze_plan": null}, "(16, '48')": {"explain_plan": {"Plan": {"Node Type": "Sort", "Startup Cost": 1280090.06, "Total Cost": 1280090.06, "Plan Rows": 1, "Plan Width": 43, "Sort Key": ["lineitem.l_shipmode"], "Plans": [{"Node Type": "Aggregate", "Strategy": "Hashed", "Parent Relationship": "Outer", "Startup Cost": 1280090.04, "Total Cost": 1280090.05, "Plan Rows": 1, "Plan Width": 43, "Group By Key": ["lineitem.l_shipmode"], "Plans": [{"Node Type": "Nested Loop", "Parent Relationship": "Outer", "Join Type": "Inner", "Startup Cost": 2.24, "Total Cost": 1274934.82, "Plan Rows": 294584, "Plan Width": 27, "Inner Unique": true, "Plans": [{"Node Type": "Streaming(type: LOCAL GATHER dop: 1/16)", "Parent Relationship": "Outer", "Startup Cost": 2.24, "Total Cost": 194167.3, "Plan Rows": 294584, "Plan Width": 19, "Plans": [{"Node Type": "Seq Scan", "Parent Relationship": "Outer", "Relation Name": "lineitem", "Alias": "lineitem", "Startup Cost": 2.24, "Total Cost": 187809.58, "Plan Rows": 294584, "Plan Width": 19, "Filter": "((l_shipmode = ANY ('{RAIL,FOB}'::bpchar[])) AND (l_commitdate < l_receiptdate) AND (l_shipdate < l_commitdate) AND (l_receiptdate >= '1997-01-01 00:00:00'::timestamp(0) without time zone) AND (l_receiptdate < '1998-01-01 00:00:00'::timestamp without time zone)), (LLVM Optimized)"}]}, {"Node Type": "Index Scan", "Parent Relationship": "Inner", "Scan Direction": "Forward", "Index Name": "orders_pkey", "Relation Name": "orders", "Alias": "orders", "Startup Cost": 0.0, "Total Cost": 3.66, "Plan Rows": 1, "Plan Width": 24, "Index Cond": "(o_orderkey = lineitem.l_orderkey)"}]}]}]}, "Unique SQL Id": 2036526415, "Planner Runtime": 0}, "explain_analyze_plan": {"Plan": {"Node Type": "Sort", "Startup Cost": 1280090.06, "Total Cost": 1280090.06, "Plan Rows": 1, "Plan Width": 43, "Actual Min Startup Time": 2576.474, "Actual Max Startup Time": 2576.474, "Actual Min Total Time": 2576.474, "Actual Max Total Time": 2576.474, "Sort Key": ["lineitem.l_shipmode"], "Sort Method": "quicksort", "Sort Space Min Used": 25, "Sort Space Max Used": 25, "Sort Space Type": "Memory", "Plans": [{"Node Type": "Aggregate", "Strategy": "Hashed", "Parent Relationship": "Outer", "Startup Cost": 1280090.04, "Total Cost": 1280090.05, "Plan Rows": 1, "Plan Width": 43, "Actual Min Startup Time": 2576.42, "Actual Max Startup Time": 2576.42, "Actual Min Total Time": 2576.421, "Actual Max Total Time": 2576.421, "Group By Key": ["lineitem.l_shipmode"], "Plans": [{"Node Type": "Nested Loop", "Parent Relationship": "Outer", "Join Type": "Inner", "Startup Cost": 2.24, "Total Cost": 1274934.82, "Plan Rows": 294584, "Plan Width": 27, "Actual Min Startup Time": 47.965, "Actual Max Startup Time": 47.965, "Actual Min Total Time": 2240.029, "Actual Max Total Time": 2240.029, "Inner Unique": true, "Plans": [{"Node Type": "Streaming(type: LOCAL GATHER dop: 1/16)", "Parent Relationship": "Outer", "Startup Cost": 2.24, "Total Cost": 194167.3, "Plan Rows": 294584, "Plan Width": 19, "Actual Min Startup Time": 47.905, "Actual Max Startup Time": 47.905, "Actual Min Total Time": 584.734, "Actual Max Total Time": 584.734, "Plans": [{"Node Type": "Seq Scan", "Parent Relationship": "Outer", "Relation Name": "lineitem", "Alias": "lineitem", "Startup Cost": 2.24, "Total Cost": 187809.58, "Plan Rows": 294584, "Plan Width": 19, "Actual Min Startup Time": 0.039, "Actual Max Startup Time": 0.362, "Actual Min Total Time": 1960.645, "Actual Max Total Time": 2395.535, "Filter": "((l_shipmode = ANY ('{RAIL,FOB}'::bpchar[])) AND (l_commitdate < l_receiptdate) AND (l_shipdate < l_commitdate) AND (l_receiptdate >= '1997-01-01 00:00:00'::timestamp(0) without time zone) AND (l_receiptdate < '1998-01-01 00:00:00'::timestamp without time zone)), (LLVM Optimized, Jit Execute)", "Rows Removed by Filter": 59674804, "Actual Rows": 311248}], "Actual Rows": 311248}, {"Node Type": "Index Scan", "Parent Relationship": "Inner", "Scan Direction": "Forward", "Index Name": "orders_pkey", "Relation Name": "orders", "Alias": "orders", "Startup Cost": 0.0, "Total Cost": 3.66, "Plan Rows": 1, "Plan Width": 24, "Actual Min Startup Time": 1397.352, "Actual Max Startup Time": 1397.352, "Actual Min Total Time": 1397.352, "Actual Max Total Time": 1397.352, "Index Cond": "(o_orderkey = lineitem.l_orderkey)", "Rows Removed by Index Recheck": 0, "Actual Rows": 311248}], "Actual Rows": 311248}], "Actual Rows": 2}], "Actual Rows": 2}, "Triggers": [], "Planner Runtime": 0.724, "Total Runtime": 2589.726, "Unique SQL Id": 2036526415}}, "(16, '49')": {"explain_plan": {"Plan": {"Node Type": "Sort", "Startup Cost": 3831920.66, "Total Cost": 3831920.67, "Plan Rows": 1, "Plan Width": 43, "Sort Key": ["lineitem.l_shipmode"], "Plans": [{"Node Type": "Aggregate", "Strategy": "Hashed", "Parent Relationship": "Outer", "Startup Cost": 3831920.64, "Total Cost": 3831920.65, "Plan Rows": 1, "Plan Width": 43, "Group By Key": ["lineitem.l_shipmode"], "Plans": [{"Node Type": "Nested Loop", "Parent Relationship": "Outer", "Join Type": "Inner", "Startup Cost": 0.0, "Total Cost": 3826765.42, "Plan Rows": 294584, "Plan Width": 27, "Inner Unique": true, "Plans": [{"Node Type": "Streaming(type: LOCAL GATHER dop: 1/16)", "Parent Relationship": "Outer", "Startup Cost": 0.0, "Total Cost": 2745997.9, "Plan Rows": 294584, "Plan Width": 19, "Plans": [{"Node Type": "Index Scan", "Parent Relationship": "Outer", "Scan Direction": "Forward", "Index Name": "idx_lineitem_orderkey", "Relation Name": "lineitem", "Alias": "lineitem", "Startup Cost": 0.0, "Total Cost": 2739640.18, "Plan Rows": 294584, "Plan Width": 19, "Filter": "((l_shipmode = ANY ('{RAIL,FOB}'::bpchar[])) AND (l_commitdate < l_receiptdate) AND (l_shipdate < l_commitdate) AND (l_receiptdate >= '1997-01-01 00:00:00'::timestamp(0) without time zone) AND (l_receiptdate < '1998-01-01 00:00:00'::timestamp without time zone)), (LLVM Optimized)"}]}, {"Node Type": "Index Scan", "Parent Relationship": "Inner", "Scan Direction": "Forward", "Index Name": "orders_pkey", "Relation Name": "orders", "Alias": "orders", "Startup Cost": 0.0, "Total Cost": 3.66, "Plan Rows": 1, "Plan Width": 24, "Index Cond": "(o_orderkey = lineitem.l_orderkey)"}]}]}]}, "Unique SQL Id": 2036526415, "Planner Runtime": 0}, "explain_analyze_plan": {"Plan": {"Node Type": "Sort", "Startup Cost": 3831920.66, "Total Cost": 3831920.67, "Plan Rows": 1, "Plan Width": 43, "Actual Min Startup Time": 3633.352, "Actual Max Startup Time": 3633.352, "Actual Min Total Time": 3633.352, "Actual Max Total Time": 3633.352, "Sort Key": ["lineitem.l_shipmode"], "Sort Method": "quicksort", "Sort Space Min Used": 25, "Sort Space Max Used": 25, "Sort Space Type": "Memory", "Plans": [{"Node Type": "Aggregate", "Strategy": "Hashed", "Parent Relationship": "Outer", "Startup Cost": 3831920.64, "Total Cost": 3831920.65, "Plan Rows": 1, "Plan Width": 43, "Actual Min Startup Time": 3633.314, "Actual Max Startup Time": 3633.314, "Actual Min Total Time": 3633.316, "Actual Max Total Time": 3633.316, "Group By Key": ["lineitem.l_shipmode"], "Plans": [{"Node Type": "Nested Loop", "Parent Relationship": "Outer", "Join Type": "Inner", "Startup Cost": 0.0, "Total Cost": 3826765.42, "Plan Rows": 294584, "Plan Width": 27, "Actual Min Startup Time": 553.866, "Actual Max Startup Time": 553.866, "Actual Min Total Time": 3328.179, "Actual Max Total Time": 3328.179, "Inner Unique": true, "Plans": [{"Node Type": "Streaming(type: LOCAL GATHER dop: 1/16)", "Parent Relationship": "Outer", "Startup Cost": 0.0, "Total Cost": 2745997.9, "Plan Rows": 294584, "Plan Width": 19, "Actual Min Startup Time": 553.813, "Actual Max Startup Time": 553.813, "Actual Min Total Time": 1689.732, "Actual Max Total Time": 1689.732, "Plans": [{"Node Type": "Index Scan", "Parent Relationship": "Outer", "Scan Direction": "Forward", "Index Name": "idx_lineitem_orderkey", "Relation Name": "lineitem", "Alias": "lineitem", "Startup Cost": 0.0, "Total Cost": 2739640.18, "Plan Rows": 294584, "Plan Width": 19, "Actual Min Startup Time": 498.14, "Actual Max Startup Time": 504.771, "Actual Min Total Time": 3113.984, "Actual Max Total Time": 3499.608, "Filter": "((l_shipmode = ANY ('{RAIL,FOB}'::bpchar[])) AND (l_commitdate < l_receiptdate) AND (l_shipdate < l_commitdate) AND (l_receiptdate >= '1997-01-01 00:00:00'::timestamp(0) without time zone) AND (l_receiptdate < '1998-01-01 00:00:00'::timestamp without time zone)), (LLVM Optimized, Jit Execute)", "Rows Removed by Filter": 59674804, "Actual Rows": 311248}], "Actual Rows": 311248}, {"Node Type": "Index Scan", "Parent Relationship": "Inner", "Scan Direction": "Forward", "Index Name": "orders_pkey", "Relation Name": "orders", "Alias": "orders", "Startup Cost": 0.0, "Total Cost": 3.66, "Plan Rows": 1, "Plan Width": 24, "Actual Min Startup Time": 1371.744, "Actual Max Startup Time": 1371.744, "Actual Min Total Time": 1371.744, "Actual Max Total Time": 1371.744, "Index Cond": "(o_orderkey = lineitem.l_orderkey)", "Rows Removed by Index Recheck": 0, "Actual Rows": 311248}], "Actual Rows": 311248}], "Actual Rows": 2}], "Actual Rows": 2}, "Triggers": [], "Planner Runtime": 0.867, "Total Runtime": 3646.641, "Unique SQL Id": 2036526415}}, "(16, '50')": {"explain_plan": {"Plan": {"Node Type": "Sort", "Startup Cost": 1689779.7, "Total Cost": 1689779.71, "Plan Rows": 1, "Plan Width": 43, "Sort Key": ["lineitem.l_shipmode"], "Plans": [{"Node Type": "Aggregate", "Strategy": "Hashed", "Parent Relationship": "Outer", "Startup Cost": 1689779.68, "Total Cost": 1689779.69, "Plan Rows": 1, "Plan Width": 43, "Group By Key": ["lineitem.l_shipmode"], "Plans": [{"Node Type": "Nested Loop", "Parent Relationship": "Outer", "Join Type": "Inner", "Startup Cost": 3.28, "Total Cost": 1684624.46, "Plan Rows": 294584, "Plan Width": 27, "Inner Unique": true, "Plans": [{"Node Type": "Streaming(type: LOCAL GATHER dop: 1/16)", "Parent Relationship": "Outer", "Startup Cost": 2.24, "Total Cost": 194167.3, "Plan Rows": 294584, "Plan Width": 19, "Plans": [{"Node Type": "Seq Scan", "Parent Relationship": "Outer", "Relation Name": "lineitem", "Alias": "lineitem", "Startup Cost": 2.24, "Total Cost": 187809.58, "Plan Rows": 294584, "Plan Width": 19, "Filter": "((l_shipmode = ANY ('{RAIL,FOB}'::bpchar[])) AND (l_commitdate < l_receiptdate) AND (l_shipdate < l_commitdate) AND (l_receiptdate >= '1997-01-01 00:00:00'::timestamp(0) without time zone) AND (l_receiptdate < '1998-01-01 00:00:00'::timestamp without time zone)), (LLVM Optimized)"}]}, {"Node Type": "Bitmap Heap Scan", "Parent Relationship": "Inner", "Relation Name": "orders", "Alias": "orders", "Startup Cost": 1.04, "Total Cost": 5.05, "Plan Rows": 1, "Plan Width": 24, "Recheck Cond": "(o_orderkey = lineitem.l_orderkey)", "Plans": [{"Node Type": "Bitmap Index Scan", "Parent Relationship": "Outer", "Index Name": "orders_pkey", "Startup Cost": 0.0, "Total Cost": 1.04, "Plan Rows": 1, "Plan Width": 0, "Index Cond": "(o_orderkey = lineitem.l_orderkey)"}]}]}]}]}, "Unique SQL Id": 2036526415, "Planner Runtime": 0}, "explain_analyze_plan": {"Plan": {"Node Type": "Sort", "Startup Cost": 1689779.7, "Total Cost": 1689779.71, "Plan Rows": 1, "Plan Width": 43, "Actual Min Startup Time": 2751.581, "Actual Max Startup Time": 2751.581, "Actual Min Total Time": 2751.581, "Actual Max Total Time": 2751.581, "Sort Key": ["lineitem.l_shipmode"], "Sort Method": "quicksort", "Sort Space Min Used": 25, "Sort Space Max Used": 25, "Sort Space Type": "Memory", "Plans": [{"Node Type": "Aggregate", "Strategy": "Hashed", "Parent Relationship": "Outer", "Startup Cost": 1689779.68, "Total Cost": 1689779.69, "Plan Rows": 1, "Plan Width": 43, "Actual Min Startup Time": 2751.545, "Actual Max Startup Time": 2751.545, "Actual Min Total Time": 2751.546, "Actual Max Total Time": 2751.546, "Group By Key": ["lineitem.l_shipmode"], "Plans": [{"Node Type": "Nested Loop", "Parent Relationship": "Outer", "Join Type": "Inner", "Startup Cost": 3.28, "Total Cost": 1684624.46, "Plan Rows": 294584, "Plan Width": 27, "Actual Min Startup Time": 50.031, "Actual Max Startup Time": 50.031, "Actual Min Total Time": 2414.554, "Actual Max Total Time": 2414.554, "Inner Unique": true, "Plans": [{"Node Type": "Streaming(type: LOCAL GATHER dop: 1/16)", "Parent Relationship": "Outer", "Startup Cost": 2.24, "Total Cost": 194167.3, "Plan Rows": 294584, "Plan Width": 19, "Actual Min Startup Time": 49.954, "Actual Max Startup Time": 49.954, "Actual Min Total Time": 243.553, "Actual Max Total Time": 243.553, "Plans": [{"Node Type": "Seq Scan", "Parent Relationship": "Outer", "Relation Name": "lineitem", "Alias": "lineitem", "Startup Cost": 2.24, "Total Cost": 187809.58, "Plan Rows": 294584, "Plan Width": 19, "Actual Min Startup Time": 0.049, "Actual Max Startup Time": 0.356, "Actual Min Total Time": 1765.676, "Actual Max Total Time": 2150.384, "Filter": "((l_shipmode = ANY ('{RAIL,FOB}'::bpchar[])) AND (l_commitdate < l_receiptdate) AND (l_shipdate < l_commitdate) AND (l_receiptdate >= '1997-01-01 00:00:00'::timestamp(0) without time zone) AND (l_receiptdate < '1998-01-01 00:00:00'::timestamp without time zone)), (LLVM Optimized, Jit Execute)", "Rows Removed by Filter": 59674804, "Actual Rows": 311248}], "Actual Rows": 311248}, {"Node Type": "Bitmap Heap Scan", "Parent Relationship": "Inner", "Relation Name": "orders", "Alias": "orders", "Startup Cost": 1.04, "Total Cost": 5.05, "Plan Rows": 1, "Plan Width": 24, "Actual Min Startup Time": 1740.603, "Actual Max Startup Time": 1740.603, "Actual Min Total Time": 1740.603, "Actual Max Total Time": 1740.603, "Recheck Cond": "(o_orderkey = lineitem.l_orderkey)", "Rows Removed by Index Recheck": 0, "Exact Heap Blocks": 311248, "Lossy Heap Blocks": 311248, "Plans": [{"Node Type": "Bitmap Index Scan", "Parent Relationship": "Outer", "Index Name": "orders_pkey", "Startup Cost": 0.0, "Total Cost": 1.04, "Plan Rows": 1, "Plan Width": 0, "Actual Min Startup Time": 1011.837, "Actual Max Startup Time": 1011.837, "Actual Min Total Time": 1011.837, "Actual Max Total Time": 1011.837, "Index Cond": "(o_orderkey = lineitem.l_orderkey)", "Actual Rows": 311248}], "Actual Rows": 311248}], "Actual Rows": 311248}], "Actual Rows": 2}], "Actual Rows": 2}, "Triggers": [], "Planner Runtime": 0.916, "Total Runtime": 2765.036, "Unique SQL Id": 2036526415}}, "(16, '51')": {"explain_plan": {"Plan": {"Node Type": "Sort", "Startup Cost": 5485674.71, "Total Cost": 5485674.71, "Plan Rows": 1, "Plan Width": 43, "Sort Key": ["lineitem.l_shipmode"], "Plans": [{"Node Type": "Aggregate", "Strategy": "Hashed", "Parent Relationship": "Outer", "Startup Cost": 5485674.69, "Total Cost": 5485674.7, "Plan Rows": 1, "Plan Width": 43, "Group By Key": ["lineitem.l_shipmode"], "Plans": [{"Node Type": "Nested Loop", "Parent Relationship": "Outer", "Join Type": "Inner", "Startup Cost": 1225110.1, "Total Cost": 5480519.47, "Plan Rows": 294584, "Plan Width": 27, "Inner Unique": true, "Plans": [{"Node Type": "Bitmap Heap Scan", "Parent Relationship": "Outer", "Relation Name": "lineitem", "Alias": "lineitem", "Startup Cost": 1225109.06, "Total Cost": 3990062.3, "Plan Rows": 294584, "Plan Width": 19, "Filter": "((l_shipmode = ANY ('{RAIL,FOB}'::bpchar[])) AND (l_commitdate < l_receiptdate) AND (l_shipdate < l_commitdate) AND (l_receiptdate >= '1997-01-01 00:00:00'::timestamp(0) without time zone) AND (l_receiptdate < '1998-01-01 00:00:00'::timestamp without time zone)), (LLVM Optimized)", "Plans": [{"Node Type": "Bitmap Index Scan", "Parent Relationship": "Outer", "Index Name": "idx_lineitem_orderkey", "Startup Cost": 0.0, "Total Cost": 1225035.42, "Plan Rows": 59987033, "Plan Width": 0}]}, {"Node Type": "Bitmap Heap Scan", "Parent Relationship": "Inner", "Relation Name": "orders", "Alias": "orders", "Startup Cost": 1.04, "Total Cost": 5.05, "Plan Rows": 1, "Plan Width": 24, "Recheck Cond": "(o_orderkey = lineitem.l_orderkey)", "Plans": [{"Node Type": "Bitmap Index Scan", "Parent Relationship": "Outer", "Index Name": "orders_pkey", "Startup Cost": 0.0, "Total Cost": 1.04, "Plan Rows": 1, "Plan Width": 0, "Index Cond": "(o_orderkey = lineitem.l_orderkey)"}]}]}]}]}, "Unique SQL Id": 2036526415, "Planner Runtime": 0}, "explain_analyze_plan": null}, "(16, '52')": {"explain_plan": {"Plan": {"Node Type": "Sort", "Startup Cost": 1280090.06, "Total Cost": 1280090.06, "Plan Rows": 1, "Plan Width": 43, "Sort Key": ["lineitem.l_shipmode"], "Plans": [{"Node Type": "Aggregate", "Strategy": "Hashed", "Parent Relationship": "Outer", "Startup Cost": 1280090.04, "Total Cost": 1280090.05, "Plan Rows": 1, "Plan Width": 43, "Group By Key": ["lineitem.l_shipmode"], "Plans": [{"Node Type": "Nested Loop", "Parent Relationship": "Outer", "Join Type": "Inner", "Startup Cost": 2.24, "Total Cost": 1274934.82, "Plan Rows": 294584, "Plan Width": 27, "Inner Unique": true, "Plans": [{"Node Type": "Streaming(type: LOCAL GATHER dop: 1/16)", "Parent Relationship": "Outer", "Startup Cost": 2.24, "Total Cost": 194167.3, "Plan Rows": 294584, "Plan Width": 19, "Plans": [{"Node Type": "Seq Scan", "Parent Relationship": "Outer", "Relation Name": "lineitem", "Alias": "lineitem", "Startup Cost": 2.24, "Total Cost": 187809.58, "Plan Rows": 294584, "Plan Width": 19, "Filter": "((l_shipmode = ANY ('{RAIL,FOB}'::bpchar[])) AND (l_commitdate < l_receiptdate) AND (l_shipdate < l_commitdate) AND (l_receiptdate >= '1997-01-01 00:00:00'::timestamp(0) without time zone) AND (l_receiptdate < '1998-01-01 00:00:00'::timestamp without time zone)), (LLVM Optimized)"}]}, {"Node Type": "Index Scan", "Parent Relationship": "Inner", "Scan Direction": "Forward", "Index Name": "orders_pkey", "Relation Name": "orders", "Alias": "orders", "Startup Cost": 0.0, "Total Cost": 3.66, "Plan Rows": 1, "Plan Width": 24, "Index Cond": "(o_orderkey = lineitem.l_orderkey)"}]}]}]}, "Unique SQL Id": 2036526415, "Planner Runtime": 0}, "explain_analyze_plan": {"Plan": {"Node Type": "Sort", "Startup Cost": 1280090.06, "Total Cost": 1280090.06, "Plan Rows": 1, "Plan Width": 43, "Actual Min Startup Time": 2576.474, "Actual Max Startup Time": 2576.474, "Actual Min Total Time": 2576.474, "Actual Max Total Time": 2576.474, "Sort Key": ["lineitem.l_shipmode"], "Sort Method": "quicksort", "Sort Space Min Used": 25, "Sort Space Max Used": 25, "Sort Space Type": "Memory", "Plans": [{"Node Type": "Aggregate", "Strategy": "Hashed", "Parent Relationship": "Outer", "Startup Cost": 1280090.04, "Total Cost": 1280090.05, "Plan Rows": 1, "Plan Width": 43, "Actual Min Startup Time": 2576.42, "Actual Max Startup Time": 2576.42, "Actual Min Total Time": 2576.421, "Actual Max Total Time": 2576.421, "Group By Key": ["lineitem.l_shipmode"], "Plans": [{"Node Type": "Nested Loop", "Parent Relationship": "Outer", "Join Type": "Inner", "Startup Cost": 2.24, "Total Cost": 1274934.82, "Plan Rows": 294584, "Plan Width": 27, "Actual Min Startup Time": 47.965, "Actual Max Startup Time": 47.965, "Actual Min Total Time": 2240.029, "Actual Max Total Time": 2240.029, "Inner Unique": true, "Plans": [{"Node Type": "Streaming(type: LOCAL GATHER dop: 1/16)", "Parent Relationship": "Outer", "Startup Cost": 2.24, "Total Cost": 194167.3, "Plan Rows": 294584, "Plan Width": 19, "Actual Min Startup Time": 47.905, "Actual Max Startup Time": 47.905, "Actual Min Total Time": 584.734, "Actual Max Total Time": 584.734, "Plans": [{"Node Type": "Seq Scan", "Parent Relationship": "Outer", "Relation Name": "lineitem", "Alias": "lineitem", "Startup Cost": 2.24, "Total Cost": 187809.58, "Plan Rows": 294584, "Plan Width": 19, "Actual Min Startup Time": 0.039, "Actual Max Startup Time": 0.362, "Actual Min Total Time": 1960.645, "Actual Max Total Time": 2395.535, "Filter": "((l_shipmode = ANY ('{RAIL,FOB}'::bpchar[])) AND (l_commitdate < l_receiptdate) AND (l_shipdate < l_commitdate) AND (l_receiptdate >= '1997-01-01 00:00:00'::timestamp(0) without time zone) AND (l_receiptdate < '1998-01-01 00:00:00'::timestamp without time zone)), (LLVM Optimized, Jit Execute)", "Rows Removed by Filter": 59674804, "Actual Rows": 311248}], "Actual Rows": 311248}, {"Node Type": "Index Scan", "Parent Relationship": "Inner", "Scan Direction": "Forward", "Index Name": "orders_pkey", "Relation Name": "orders", "Alias": "orders", "Startup Cost": 0.0, "Total Cost": 3.66, "Plan Rows": 1, "Plan Width": 24, "Actual Min Startup Time": 1397.352, "Actual Max Startup Time": 1397.352, "Actual Min Total Time": 1397.352, "Actual Max Total Time": 1397.352, "Index Cond": "(o_orderkey = lineitem.l_orderkey)", "Rows Removed by Index Recheck": 0, "Actual Rows": 311248}], "Actual Rows": 311248}], "Actual Rows": 2}], "Actual Rows": 2}, "Triggers": [], "Planner Runtime": 0.724, "Total Runtime": 2589.726, "Unique SQL Id": 2036526415}}, "(16, '53')": {"explain_plan": {"Plan": {"Node Type": "Sort", "Startup Cost": 3831920.66, "Total Cost": 3831920.67, "Plan Rows": 1, "Plan Width": 43, "Sort Key": ["lineitem.l_shipmode"], "Plans": [{"Node Type": "Aggregate", "Strategy": "Hashed", "Parent Relationship": "Outer", "Startup Cost": 3831920.64, "Total Cost": 3831920.65, "Plan Rows": 1, "Plan Width": 43, "Group By Key": ["lineitem.l_shipmode"], "Plans": [{"Node Type": "Nested Loop", "Parent Relationship": "Outer", "Join Type": "Inner", "Startup Cost": 0.0, "Total Cost": 3826765.42, "Plan Rows": 294584, "Plan Width": 27, "Inner Unique": true, "Plans": [{"Node Type": "Streaming(type: LOCAL GATHER dop: 1/16)", "Parent Relationship": "Outer", "Startup Cost": 0.0, "Total Cost": 2745997.9, "Plan Rows": 294584, "Plan Width": 19, "Plans": [{"Node Type": "Index Scan", "Parent Relationship": "Outer", "Scan Direction": "Forward", "Index Name": "idx_lineitem_orderkey", "Relation Name": "lineitem", "Alias": "lineitem", "Startup Cost": 0.0, "Total Cost": 2739640.18, "Plan Rows": 294584, "Plan Width": 19, "Filter": "((l_shipmode = ANY ('{RAIL,FOB}'::bpchar[])) AND (l_commitdate < l_receiptdate) AND (l_shipdate < l_commitdate) AND (l_receiptdate >= '1997-01-01 00:00:00'::timestamp(0) without time zone) AND (l_receiptdate < '1998-01-01 00:00:00'::timestamp without time zone)), (LLVM Optimized)"}]}, {"Node Type": "Index Scan", "Parent Relationship": "Inner", "Scan Direction": "Forward", "Index Name": "orders_pkey", "Relation Name": "orders", "Alias": "orders", "Startup Cost": 0.0, "Total Cost": 3.66, "Plan Rows": 1, "Plan Width": 24, "Index Cond": "(o_orderkey = lineitem.l_orderkey)"}]}]}]}, "Unique SQL Id": 2036526415, "Planner Runtime": 0}, "explain_analyze_plan": {"Plan": {"Node Type": "Sort", "Startup Cost": 3831920.66, "Total Cost": 3831920.67, "Plan Rows": 1, "Plan Width": 43, "Actual Min Startup Time": 3633.352, "Actual Max Startup Time": 3633.352, "Actual Min Total Time": 3633.352, "Actual Max Total Time": 3633.352, "Sort Key": ["lineitem.l_shipmode"], "Sort Method": "quicksort", "Sort Space Min Used": 25, "Sort Space Max Used": 25, "Sort Space Type": "Memory", "Plans": [{"Node Type": "Aggregate", "Strategy": "Hashed", "Parent Relationship": "Outer", "Startup Cost": 3831920.64, "Total Cost": 3831920.65, "Plan Rows": 1, "Plan Width": 43, "Actual Min Startup Time": 3633.314, "Actual Max Startup Time": 3633.314, "Actual Min Total Time": 3633.316, "Actual Max Total Time": 3633.316, "Group By Key": ["lineitem.l_shipmode"], "Plans": [{"Node Type": "Nested Loop", "Parent Relationship": "Outer", "Join Type": "Inner", "Startup Cost": 0.0, "Total Cost": 3826765.42, "Plan Rows": 294584, "Plan Width": 27, "Actual Min Startup Time": 553.866, "Actual Max Startup Time": 553.866, "Actual Min Total Time": 3328.179, "Actual Max Total Time": 3328.179, "Inner Unique": true, "Plans": [{"Node Type": "Streaming(type: LOCAL GATHER dop: 1/16)", "Parent Relationship": "Outer", "Startup Cost": 0.0, "Total Cost": 2745997.9, "Plan Rows": 294584, "Plan Width": 19, "Actual Min Startup Time": 553.813, "Actual Max Startup Time": 553.813, "Actual Min Total Time": 1689.732, "Actual Max Total Time": 1689.732, "Plans": [{"Node Type": "Index Scan", "Parent Relationship": "Outer", "Scan Direction": "Forward", "Index Name": "idx_lineitem_orderkey", "Relation Name": "lineitem", "Alias": "lineitem", "Startup Cost": 0.0, "Total Cost": 2739640.18, "Plan Rows": 294584, "Plan Width": 19, "Actual Min Startup Time": 498.14, "Actual Max Startup Time": 504.771, "Actual Min Total Time": 3113.984, "Actual Max Total Time": 3499.608, "Filter": "((l_shipmode = ANY ('{RAIL,FOB}'::bpchar[])) AND (l_commitdate < l_receiptdate) AND (l_shipdate < l_commitdate) AND (l_receiptdate >= '1997-01-01 00:00:00'::timestamp(0) without time zone) AND (l_receiptdate < '1998-01-01 00:00:00'::timestamp without time zone)), (LLVM Optimized, Jit Execute)", "Rows Removed by Filter": 59674804, "Actual Rows": 311248}], "Actual Rows": 311248}, {"Node Type": "Index Scan", "Parent Relationship": "Inner", "Scan Direction": "Forward", "Index Name": "orders_pkey", "Relation Name": "orders", "Alias": "orders", "Startup Cost": 0.0, "Total Cost": 3.66, "Plan Rows": 1, "Plan Width": 24, "Actual Min Startup Time": 1371.744, "Actual Max Startup Time": 1371.744, "Actual Min Total Time": 1371.744, "Actual Max Total Time": 1371.744, "Index Cond": "(o_orderkey = lineitem.l_orderkey)", "Rows Removed by Index Recheck": 0, "Actual Rows": 311248}], "Actual Rows": 311248}], "Actual Rows": 2}], "Actual Rows": 2}, "Triggers": [], "Planner Runtime": 0.867, "Total Runtime": 3646.641, "Unique SQL Id": 2036526415}}, "(16, '54')": {"explain_plan": {"Plan": {"Node Type": "Sort", "Startup Cost": 1689779.7, "Total Cost": 1689779.71, "Plan Rows": 1, "Plan Width": 43, "Sort Key": ["lineitem.l_shipmode"], "Plans": [{"Node Type": "Aggregate", "Strategy": "Hashed", "Parent Relationship": "Outer", "Startup Cost": 1689779.68, "Total Cost": 1689779.69, "Plan Rows": 1, "Plan Width": 43, "Group By Key": ["lineitem.l_shipmode"], "Plans": [{"Node Type": "Nested Loop", "Parent Relationship": "Outer", "Join Type": "Inner", "Startup Cost": 3.28, "Total Cost": 1684624.46, "Plan Rows": 294584, "Plan Width": 27, "Inner Unique": true, "Plans": [{"Node Type": "Streaming(type: LOCAL GATHER dop: 1/16)", "Parent Relationship": "Outer", "Startup Cost": 2.24, "Total Cost": 194167.3, "Plan Rows": 294584, "Plan Width": 19, "Plans": [{"Node Type": "Seq Scan", "Parent Relationship": "Outer", "Relation Name": "lineitem", "Alias": "lineitem", "Startup Cost": 2.24, "Total Cost": 187809.58, "Plan Rows": 294584, "Plan Width": 19, "Filter": "((l_shipmode = ANY ('{RAIL,FOB}'::bpchar[])) AND (l_commitdate < l_receiptdate) AND (l_shipdate < l_commitdate) AND (l_receiptdate >= '1997-01-01 00:00:00'::timestamp(0) without time zone) AND (l_receiptdate < '1998-01-01 00:00:00'::timestamp without time zone)), (LLVM Optimized)"}]}, {"Node Type": "Bitmap Heap Scan", "Parent Relationship": "Inner", "Relation Name": "orders", "Alias": "orders", "Startup Cost": 1.04, "Total Cost": 5.05, "Plan Rows": 1, "Plan Width": 24, "Recheck Cond": "(o_orderkey = lineitem.l_orderkey)", "Plans": [{"Node Type": "Bitmap Index Scan", "Parent Relationship": "Outer", "Index Name": "orders_pkey", "Startup Cost": 0.0, "Total Cost": 1.04, "Plan Rows": 1, "Plan Width": 0, "Index Cond": "(o_orderkey = lineitem.l_orderkey)"}]}]}]}]}, "Unique SQL Id": 2036526415, "Planner Runtime": 0}, "explain_analyze_plan": {"Plan": {"Node Type": "Sort", "Startup Cost": 1689779.7, "Total Cost": 1689779.71, "Plan Rows": 1, "Plan Width": 43, "Actual Min Startup Time": 2751.581, "Actual Max Startup Time": 2751.581, "Actual Min Total Time": 2751.581, "Actual Max Total Time": 2751.581, "Sort Key": ["lineitem.l_shipmode"], "Sort Method": "quicksort", "Sort Space Min Used": 25, "Sort Space Max Used": 25, "Sort Space Type": "Memory", "Plans": [{"Node Type": "Aggregate", "Strategy": "Hashed", "Parent Relationship": "Outer", "Startup Cost": 1689779.68, "Total Cost": 1689779.69, "Plan Rows": 1, "Plan Width": 43, "Actual Min Startup Time": 2751.545, "Actual Max Startup Time": 2751.545, "Actual Min Total Time": 2751.546, "Actual Max Total Time": 2751.546, "Group By Key": ["lineitem.l_shipmode"], "Plans": [{"Node Type": "Nested Loop", "Parent Relationship": "Outer", "Join Type": "Inner", "Startup Cost": 3.28, "Total Cost": 1684624.46, "Plan Rows": 294584, "Plan Width": 27, "Actual Min Startup Time": 50.031, "Actual Max Startup Time": 50.031, "Actual Min Total Time": 2414.554, "Actual Max Total Time": 2414.554, "Inner Unique": true, "Plans": [{"Node Type": "Streaming(type: LOCAL GATHER dop: 1/16)", "Parent Relationship": "Outer", "Startup Cost": 2.24, "Total Cost": 194167.3, "Plan Rows": 294584, "Plan Width": 19, "Actual Min Startup Time": 49.954, "Actual Max Startup Time": 49.954, "Actual Min Total Time": 243.553, "Actual Max Total Time": 243.553, "Plans": [{"Node Type": "Seq Scan", "Parent Relationship": "Outer", "Relation Name": "lineitem", "Alias": "lineitem", "Startup Cost": 2.24, "Total Cost": 187809.58, "Plan Rows": 294584, "Plan Width": 19, "Actual Min Startup Time": 0.049, "Actual Max Startup Time": 0.356, "Actual Min Total Time": 1765.676, "Actual Max Total Time": 2150.384, "Filter": "((l_shipmode = ANY ('{RAIL,FOB}'::bpchar[])) AND (l_commitdate < l_receiptdate) AND (l_shipdate < l_commitdate) AND (l_receiptdate >= '1997-01-01 00:00:00'::timestamp(0) without time zone) AND (l_receiptdate < '1998-01-01 00:00:00'::timestamp without time zone)), (LLVM Optimized, Jit Execute)", "Rows Removed by Filter": 59674804, "Actual Rows": 311248}], "Actual Rows": 311248}, {"Node Type": "Bitmap Heap Scan", "Parent Relationship": "Inner", "Relation Name": "orders", "Alias": "orders", "Startup Cost": 1.04, "Total Cost": 5.05, "Plan Rows": 1, "Plan Width": 24, "Actual Min Startup Time": 1740.603, "Actual Max Startup Time": 1740.603, "Actual Min Total Time": 1740.603, "Actual Max Total Time": 1740.603, "Recheck Cond": "(o_orderkey = lineitem.l_orderkey)", "Rows Removed by Index Recheck": 0, "Exact Heap Blocks": 311248, "Lossy Heap Blocks": 311248, "Plans": [{"Node Type": "Bitmap Index Scan", "Parent Relationship": "Outer", "Index Name": "orders_pkey", "Startup Cost": 0.0, "Total Cost": 1.04, "Plan Rows": 1, "Plan Width": 0, "Actual Min Startup Time": 1011.837, "Actual Max Startup Time": 1011.837, "Actual Min Total Time": 1011.837, "Actual Max Total Time": 1011.837, "Index Cond": "(o_orderkey = lineitem.l_orderkey)", "Actual Rows": 311248}], "Actual Rows": 311248}], "Actual Rows": 311248}], "Actual Rows": 2}], "Actual Rows": 2}, "Triggers": [], "Planner Runtime": 0.916, "Total Runtime": 2765.036, "Unique SQL Id": 2036526415}}, "(16, '55')": {"explain_plan": {"Plan": {"Node Type": "Sort", "Startup Cost": 5485674.71, "Total Cost": 5485674.71, "Plan Rows": 1, "Plan Width": 43, "Sort Key": ["lineitem.l_shipmode"], "Plans": [{"Node Type": "Aggregate", "Strategy": "Hashed", "Parent Relationship": "Outer", "Startup Cost": 5485674.69, "Total Cost": 5485674.7, "Plan Rows": 1, "Plan Width": 43, "Group By Key": ["lineitem.l_shipmode"], "Plans": [{"Node Type": "Nested Loop", "Parent Relationship": "Outer", "Join Type": "Inner", "Startup Cost": 1225110.1, "Total Cost": 5480519.47, "Plan Rows": 294584, "Plan Width": 27, "Inner Unique": true, "Plans": [{"Node Type": "Bitmap Heap Scan", "Parent Relationship": "Outer", "Relation Name": "lineitem", "Alias": "lineitem", "Startup Cost": 1225109.06, "Total Cost": 3990062.3, "Plan Rows": 294584, "Plan Width": 19, "Filter": "((l_shipmode = ANY ('{RAIL,FOB}'::bpchar[])) AND (l_commitdate < l_receiptdate) AND (l_shipdate < l_commitdate) AND (l_receiptdate >= '1997-01-01 00:00:00'::timestamp(0) without time zone) AND (l_receiptdate < '1998-01-01 00:00:00'::timestamp without time zone)), (LLVM Optimized)", "Plans": [{"Node Type": "Bitmap Index Scan", "Parent Relationship": "Outer", "Index Name": "idx_lineitem_orderkey", "Startup Cost": 0.0, "Total Cost": 1225035.42, "Plan Rows": 59987033, "Plan Width": 0}]}, {"Node Type": "Bitmap Heap Scan", "Parent Relationship": "Inner", "Relation Name": "orders", "Alias": "orders", "Startup Cost": 1.04, "Total Cost": 5.05, "Plan Rows": 1, "Plan Width": 24, "Recheck Cond": "(o_orderkey = lineitem.l_orderkey)", "Plans": [{"Node Type": "Bitmap Index Scan", "Parent Relationship": "Outer", "Index Name": "orders_pkey", "Startup Cost": 0.0, "Total Cost": 1.04, "Plan Rows": 1, "Plan Width": 0, "Index Cond": "(o_orderkey = lineitem.l_orderkey)"}]}]}]}]}, "Unique SQL Id": 2036526415, "Planner Runtime": 0}, "explain_analyze_plan": null}, "(16, '56')": {"explain_plan": {"Plan": {"Node Type": "Sort", "Startup Cost": 1280090.06, "Total Cost": 1280090.06, "Plan Rows": 1, "Plan Width": 43, "Sort Key": ["lineitem.l_shipmode"], "Plans": [{"Node Type": "Aggregate", "Strategy": "Hashed", "Parent Relationship": "Outer", "Startup Cost": 1280090.04, "Total Cost": 1280090.05, "Plan Rows": 1, "Plan Width": 43, "Group By Key": ["lineitem.l_shipmode"], "Plans": [{"Node Type": "Nested Loop", "Parent Relationship": "Outer", "Join Type": "Inner", "Startup Cost": 2.24, "Total Cost": 1274934.82, "Plan Rows": 294584, "Plan Width": 27, "Inner Unique": true, "Plans": [{"Node Type": "Streaming(type: LOCAL GATHER dop: 1/16)", "Parent Relationship": "Outer", "Startup Cost": 2.24, "Total Cost": 194167.3, "Plan Rows": 294584, "Plan Width": 19, "Plans": [{"Node Type": "Seq Scan", "Parent Relationship": "Outer", "Relation Name": "lineitem", "Alias": "lineitem", "Startup Cost": 2.24, "Total Cost": 187809.58, "Plan Rows": 294584, "Plan Width": 19, "Filter": "((l_shipmode = ANY ('{RAIL,FOB}'::bpchar[])) AND (l_commitdate < l_receiptdate) AND (l_shipdate < l_commitdate) AND (l_receiptdate >= '1997-01-01 00:00:00'::timestamp(0) without time zone) AND (l_receiptdate < '1998-01-01 00:00:00'::timestamp without time zone)), (LLVM Optimized)"}]}, {"Node Type": "Index Scan", "Parent Relationship": "Inner", "Scan Direction": "Forward", "Index Name": "orders_pkey", "Relation Name": "orders", "Alias": "orders", "Startup Cost": 0.0, "Total Cost": 3.66, "Plan Rows": 1, "Plan Width": 24, "Index Cond": "(o_orderkey = lineitem.l_orderkey)"}]}]}]}, "Unique SQL Id": 2036526415, "Planner Runtime": 0}, "explain_analyze_plan": {"Plan": {"Node Type": "Sort", "Startup Cost": 1280090.06, "Total Cost": 1280090.06, "Plan Rows": 1, "Plan Width": 43, "Actual Min Startup Time": 2576.474, "Actual Max Startup Time": 2576.474, "Actual Min Total Time": 2576.474, "Actual Max Total Time": 2576.474, "Sort Key": ["lineitem.l_shipmode"], "Sort Method": "quicksort", "Sort Space Min Used": 25, "Sort Space Max Used": 25, "Sort Space Type": "Memory", "Plans": [{"Node Type": "Aggregate", "Strategy": "Hashed", "Parent Relationship": "Outer", "Startup Cost": 1280090.04, "Total Cost": 1280090.05, "Plan Rows": 1, "Plan Width": 43, "Actual Min Startup Time": 2576.42, "Actual Max Startup Time": 2576.42, "Actual Min Total Time": 2576.421, "Actual Max Total Time": 2576.421, "Group By Key": ["lineitem.l_shipmode"], "Plans": [{"Node Type": "Nested Loop", "Parent Relationship": "Outer", "Join Type": "Inner", "Startup Cost": 2.24, "Total Cost": 1274934.82, "Plan Rows": 294584, "Plan Width": 27, "Actual Min Startup Time": 47.965, "Actual Max Startup Time": 47.965, "Actual Min Total Time": 2240.029, "Actual Max Total Time": 2240.029, "Inner Unique": true, "Plans": [{"Node Type": "Streaming(type: LOCAL GATHER dop: 1/16)", "Parent Relationship": "Outer", "Startup Cost": 2.24, "Total Cost": 194167.3, "Plan Rows": 294584, "Plan Width": 19, "Actual Min Startup Time": 47.905, "Actual Max Startup Time": 47.905, "Actual Min Total Time": 584.734, "Actual Max Total Time": 584.734, "Plans": [{"Node Type": "Seq Scan", "Parent Relationship": "Outer", "Relation Name": "lineitem", "Alias": "lineitem", "Startup Cost": 2.24, "Total Cost": 187809.58, "Plan Rows": 294584, "Plan Width": 19, "Actual Min Startup Time": 0.039, "Actual Max Startup Time": 0.362, "Actual Min Total Time": 1960.645, "Actual Max Total Time": 2395.535, "Filter": "((l_shipmode = ANY ('{RAIL,FOB}'::bpchar[])) AND (l_commitdate < l_receiptdate) AND (l_shipdate < l_commitdate) AND (l_receiptdate >= '1997-01-01 00:00:00'::timestamp(0) without time zone) AND (l_receiptdate < '1998-01-01 00:00:00'::timestamp without time zone)), (LLVM Optimized, Jit Execute)", "Rows Removed by Filter": 59674804, "Actual Rows": 311248}], "Actual Rows": 311248}, {"Node Type": "Index Scan", "Parent Relationship": "Inner", "Scan Direction": "Forward", "Index Name": "orders_pkey", "Relation Name": "orders", "Alias": "orders", "Startup Cost": 0.0, "Total Cost": 3.66, "Plan Rows": 1, "Plan Width": 24, "Actual Min Startup Time": 1397.352, "Actual Max Startup Time": 1397.352, "Actual Min Total Time": 1397.352, "Actual Max Total Time": 1397.352, "Index Cond": "(o_orderkey = lineitem.l_orderkey)", "Rows Removed by Index Recheck": 0, "Actual Rows": 311248}], "Actual Rows": 311248}], "Actual Rows": 2}], "Actual Rows": 2}, "Triggers": [], "Planner Runtime": 0.724, "Total Runtime": 2589.726, "Unique SQL Id": 2036526415}}, "(16, '57')": {"explain_plan": {"Plan": {"Node Type": "Sort", "Startup Cost": 3831920.66, "Total Cost": 3831920.67, "Plan Rows": 1, "Plan Width": 43, "Sort Key": ["lineitem.l_shipmode"], "Plans": [{"Node Type": "Aggregate", "Strategy": "Hashed", "Parent Relationship": "Outer", "Startup Cost": 3831920.64, "Total Cost": 3831920.65, "Plan Rows": 1, "Plan Width": 43, "Group By Key": ["lineitem.l_shipmode"], "Plans": [{"Node Type": "Nested Loop", "Parent Relationship": "Outer", "Join Type": "Inner", "Startup Cost": 0.0, "Total Cost": 3826765.42, "Plan Rows": 294584, "Plan Width": 27, "Inner Unique": true, "Plans": [{"Node Type": "Streaming(type: LOCAL GATHER dop: 1/16)", "Parent Relationship": "Outer", "Startup Cost": 0.0, "Total Cost": 2745997.9, "Plan Rows": 294584, "Plan Width": 19, "Plans": [{"Node Type": "Index Scan", "Parent Relationship": "Outer", "Scan Direction": "Forward", "Index Name": "idx_lineitem_orderkey", "Relation Name": "lineitem", "Alias": "lineitem", "Startup Cost": 0.0, "Total Cost": 2739640.18, "Plan Rows": 294584, "Plan Width": 19, "Filter": "((l_shipmode = ANY ('{RAIL,FOB}'::bpchar[])) AND (l_commitdate < l_receiptdate) AND (l_shipdate < l_commitdate) AND (l_receiptdate >= '1997-01-01 00:00:00'::timestamp(0) without time zone) AND (l_receiptdate < '1998-01-01 00:00:00'::timestamp without time zone)), (LLVM Optimized)"}]}, {"Node Type": "Index Scan", "Parent Relationship": "Inner", "Scan Direction": "Forward", "Index Name": "orders_pkey", "Relation Name": "orders", "Alias": "orders", "Startup Cost": 0.0, "Total Cost": 3.66, "Plan Rows": 1, "Plan Width": 24, "Index Cond": "(o_orderkey = lineitem.l_orderkey)"}]}]}]}, "Unique SQL Id": 2036526415, "Planner Runtime": 0}, "explain_analyze_plan": {"Plan": {"Node Type": "Sort", "Startup Cost": 3831920.66, "Total Cost": 3831920.67, "Plan Rows": 1, "Plan Width": 43, "Actual Min Startup Time": 3633.352, "Actual Max Startup Time": 3633.352, "Actual Min Total Time": 3633.352, "Actual Max Total Time": 3633.352, "Sort Key": ["lineitem.l_shipmode"], "Sort Method": "quicksort", "Sort Space Min Used": 25, "Sort Space Max Used": 25, "Sort Space Type": "Memory", "Plans": [{"Node Type": "Aggregate", "Strategy": "Hashed", "Parent Relationship": "Outer", "Startup Cost": 3831920.64, "Total Cost": 3831920.65, "Plan Rows": 1, "Plan Width": 43, "Actual Min Startup Time": 3633.314, "Actual Max Startup Time": 3633.314, "Actual Min Total Time": 3633.316, "Actual Max Total Time": 3633.316, "Group By Key": ["lineitem.l_shipmode"], "Plans": [{"Node Type": "Nested Loop", "Parent Relationship": "Outer", "Join Type": "Inner", "Startup Cost": 0.0, "Total Cost": 3826765.42, "Plan Rows": 294584, "Plan Width": 27, "Actual Min Startup Time": 553.866, "Actual Max Startup Time": 553.866, "Actual Min Total Time": 3328.179, "Actual Max Total Time": 3328.179, "Inner Unique": true, "Plans": [{"Node Type": "Streaming(type: LOCAL GATHER dop: 1/16)", "Parent Relationship": "Outer", "Startup Cost": 0.0, "Total Cost": 2745997.9, "Plan Rows": 294584, "Plan Width": 19, "Actual Min Startup Time": 553.813, "Actual Max Startup Time": 553.813, "Actual Min Total Time": 1689.732, "Actual Max Total Time": 1689.732, "Plans": [{"Node Type": "Index Scan", "Parent Relationship": "Outer", "Scan Direction": "Forward", "Index Name": "idx_lineitem_orderkey", "Relation Name": "lineitem", "Alias": "lineitem", "Startup Cost": 0.0, "Total Cost": 2739640.18, "Plan Rows": 294584, "Plan Width": 19, "Actual Min Startup Time": 498.14, "Actual Max Startup Time": 504.771, "Actual Min Total Time": 3113.984, "Actual Max Total Time": 3499.608, "Filter": "((l_shipmode = ANY ('{RAIL,FOB}'::bpchar[])) AND (l_commitdate < l_receiptdate) AND (l_shipdate < l_commitdate) AND (l_receiptdate >= '1997-01-01 00:00:00'::timestamp(0) without time zone) AND (l_receiptdate < '1998-01-01 00:00:00'::timestamp without time zone)), (LLVM Optimized, Jit Execute)", "Rows Removed by Filter": 59674804, "Actual Rows": 311248}], "Actual Rows": 311248}, {"Node Type": "Index Scan", "Parent Relationship": "Inner", "Scan Direction": "Forward", "Index Name": "orders_pkey", "Relation Name": "orders", "Alias": "orders", "Startup Cost": 0.0, "Total Cost": 3.66, "Plan Rows": 1, "Plan Width": 24, "Actual Min Startup Time": 1371.744, "Actual Max Startup Time": 1371.744, "Actual Min Total Time": 1371.744, "Actual Max Total Time": 1371.744, "Index Cond": "(o_orderkey = lineitem.l_orderkey)", "Rows Removed by Index Recheck": 0, "Actual Rows": 311248}], "Actual Rows": 311248}], "Actual Rows": 2}], "Actual Rows": 2}, "Triggers": [], "Planner Runtime": 0.867, "Total Runtime": 3646.641, "Unique SQL Id": 2036526415}}, "(16, '58')": {"explain_plan": {"Plan": {"Node Type": "Sort", "Startup Cost": 259220504.77, "Total Cost": 259220504.78, "Plan Rows": 1, "Plan Width": 43, "Sort Key": ["lineitem.l_shipmode"], "Plans": [{"Node Type": "Streaming(type: LOCAL GATHER dop: 1/16)", "Parent Relationship": "Outer", "Startup Cost": 259220504.76, "Total Cost": 259220504.76, "Plan Rows": 1, "Plan Width": 43, "Plans": [{"Node Type": "Aggregate", "Strategy": "Hashed", "Parent Relationship": "Outer", "Startup Cost": 259220504.76, "Total Cost": 259220504.76, "Plan Rows": 1, "Plan Width": 43, "Group By Key": ["lineitem.l_shipmode"], "Plans": [{"Node Type": "Streaming(type: LOCAL REDISTRIBUTE dop: 16/16)", "Parent Relationship": "Outer", "Startup Cost": 259220504.71, "Total Cost": 259220504.75, "Plan Rows": 1, "Plan Width": 43, "Plans": [{"Node Type": "Aggregate", "Strategy": "Hashed", "Parent Relationship": "Outer", "Startup Cost": 259220504.71, "Total Cost": 259220504.71, "Plan Rows": 1, "Plan Width": 43, "Group By Key": ["lineitem.l_shipmode"], "Plans": [{"Node Type": "Nested Loop", "Parent Relationship": "Outer", "Join Type": "Inner", "Startup Cost": 2.24, "Total Cost": 259220182.51, "Plan Rows": 294584, "Plan Width": 27, "Inner Unique": false, "Join Filter": "(orders.o_orderkey = lineitem.l_orderkey), (LLVM Optimized)", "Plans": [{"Node Type": "Streaming(type: LOCAL REDISTRIBUTE dop: 16/16)", "Parent Relationship": "Outer", "Startup Cost": 0.0, "Total Cost": 113484.83, "Plan Rows": 14999479, "Plan Width": 24, "Plans": [{"Node Type": "Seq Scan", "Parent Relationship": "Outer", "Relation Name": "orders", "Alias": "orders", "Startup Cost": 0.0, "Total Cost": 41650.86, "Plan Rows": 14999479, "Plan Width": 24}]}, {"Node Type": "Materialize", "Parent Relationship": "Inner", "Startup Cost": 2.24, "Total Cost": 204017.83, "Plan Rows": 294584, "Plan Width": 19, "Plans": [{"Node Type": "Streaming(type: LOCAL REDISTRIBUTE dop: 16/16)", "Parent Relationship": "Outer", "Startup Cost": 2.24, "Total Cost": 203925.77, "Plan Rows": 294584, "Plan Width": 19, "Plans": [{"Node Type": "Seq Scan", "Parent Relationship": "Outer", "Relation Name": "lineitem", "Alias": "lineitem", "Startup Cost": 2.24, "Total Cost": 187809.58, "Plan Rows": 294584, "Plan Width": 19, "Filter": "((l_shipmode = ANY ('{RAIL,FOB}'::bpchar[])) AND (l_commitdate < l_receiptdate) AND (l_shipdate < l_commitdate) AND (l_receiptdate >= '1997-01-01 00:00:00'::timestamp(0) without time zone) AND (l_receiptdate < '1998-01-01 00:00:00'::timestamp without time zone)), (LLVM Optimized)"}]}]}]}]}]}]}]}]}, "Unique SQL Id": 2036526415, "Planner Runtime": 0}, "explain_analyze_plan": null}, "(16, '59')": {"explain_plan": {"Plan": {"Node Type": "Sort", "Startup Cost": 2066751200726.99, "Total Cost": 2066751200726.99, "Plan Rows": 1, "Plan Width": 43, "Sort Key": ["lineitem.l_shipmode"], "Plans": [{"Node Type": "Aggregate", "Strategy": "Hashed", "Parent Relationship": "Outer", "Startup Cost": 2066751200726.97, "Total Cost": 2066751200726.98, "Plan Rows": 1, "Plan Width": 43, "Group By Key": ["lineitem.l_shipmode"], "Plans": [{"Node Type": "Nested Loop", "Parent Relationship": "Outer", "Join Type": "Inner", "Startup Cost": 20000000000.0, "Total Cost": 2066751195571.75, "Plan Rows": 294584, "Plan Width": 27, "Inner Unique": false, "Join Filter": "(orders.o_orderkey = lineitem.l_orderkey), (LLVM Optimized)", "Plans": [{"Node Type": "Index Scan", "Parent Relationship": "Outer", "Scan Direction": "Forward", "Index Name": "orders_pkey", "Relation Name": "orders", "Alias": "orders", "Startup Cost": 10000000000.0, "Total Cost": 1000073097843.5, "Plan Rows": 14999479, "Plan Width": 24}, {"Node Type": "Materialize", "Parent Relationship": "Inner", "Startup Cost": 10000000000.0, "Total Cost": 1000399000638.67, "Plan Rows": 294584, "Plan Width": 19, "Plans": [{"Node Type": "Index Scan", "Parent Relationship": "Outer", "Scan Direction": "Forward", "Index Name": "idx_lineitem_orderkey", "Relation Name": "lineitem", "Alias": "lineitem", "Startup Cost": 10000000000.0, "Total Cost": 1000398999165.75, "Plan Rows": 294584, "Plan Width": 19, "Filter": "((l_shipmode = ANY ('{RAIL,FOB}'::bpchar[])) AND (l_commitdate < l_receiptdate) AND (l_shipdate < l_commitdate) AND (l_receiptdate >= '1997-01-01 00:00:00'::timestamp(0) without time zone) AND (l_receiptdate < '1998-01-01 00:00:00'::timestamp without time zone)), (LLVM Optimized)"}]}]}]}]}, "Unique SQL Id": 2036526415, "Planner Runtime": 0}, "explain_analyze_plan": null}, "(16, '60')": {"explain_plan": {"Plan": {"Node Type": "Sort", "Startup Cost": 1280090.06, "Total Cost": 1280090.06, "Plan Rows": 1, "Plan Width": 43, "Sort Key": ["lineitem.l_shipmode"], "Plans": [{"Node Type": "Aggregate", "Strategy": "Hashed", "Parent Relationship": "Outer", "Startup Cost": 1280090.04, "Total Cost": 1280090.05, "Plan Rows": 1, "Plan Width": 43, "Group By Key": ["lineitem.l_shipmode"], "Plans": [{"Node Type": "Nested Loop", "Parent Relationship": "Outer", "Join Type": "Inner", "Startup Cost": 2.24, "Total Cost": 1274934.82, "Plan Rows": 294584, "Plan Width": 27, "Inner Unique": true, "Plans": [{"Node Type": "Streaming(type: LOCAL GATHER dop: 1/16)", "Parent Relationship": "Outer", "Startup Cost": 2.24, "Total Cost": 194167.3, "Plan Rows": 294584, "Plan Width": 19, "Plans": [{"Node Type": "Seq Scan", "Parent Relationship": "Outer", "Relation Name": "lineitem", "Alias": "lineitem", "Startup Cost": 2.24, "Total Cost": 187809.58, "Plan Rows": 294584, "Plan Width": 19, "Filter": "((l_shipmode = ANY ('{RAIL,FOB}'::bpchar[])) AND (l_commitdate < l_receiptdate) AND (l_shipdate < l_commitdate) AND (l_receiptdate >= '1997-01-01 00:00:00'::timestamp(0) without time zone) AND (l_receiptdate < '1998-01-01 00:00:00'::timestamp without time zone)), (LLVM Optimized)"}]}, {"Node Type": "Index Scan", "Parent Relationship": "Inner", "Scan Direction": "Forward", "Index Name": "orders_pkey", "Relation Name": "orders", "Alias": "orders", "Startup Cost": 0.0, "Total Cost": 3.66, "Plan Rows": 1, "Plan Width": 24, "Index Cond": "(o_orderkey = lineitem.l_orderkey)"}]}]}]}, "Unique SQL Id": 2036526415, "Planner Runtime": 0}, "explain_analyze_plan": {"Plan": {"Node Type": "Sort", "Startup Cost": 1280090.06, "Total Cost": 1280090.06, "Plan Rows": 1, "Plan Width": 43, "Actual Min Startup Time": 2576.474, "Actual Max Startup Time": 2576.474, "Actual Min Total Time": 2576.474, "Actual Max Total Time": 2576.474, "Sort Key": ["lineitem.l_shipmode"], "Sort Method": "quicksort", "Sort Space Min Used": 25, "Sort Space Max Used": 25, "Sort Space Type": "Memory", "Plans": [{"Node Type": "Aggregate", "Strategy": "Hashed", "Parent Relationship": "Outer", "Startup Cost": 1280090.04, "Total Cost": 1280090.05, "Plan Rows": 1, "Plan Width": 43, "Actual Min Startup Time": 2576.42, "Actual Max Startup Time": 2576.42, "Actual Min Total Time": 2576.421, "Actual Max Total Time": 2576.421, "Group By Key": ["lineitem.l_shipmode"], "Plans": [{"Node Type": "Nested Loop", "Parent Relationship": "Outer", "Join Type": "Inner", "Startup Cost": 2.24, "Total Cost": 1274934.82, "Plan Rows": 294584, "Plan Width": 27, "Actual Min Startup Time": 47.965, "Actual Max Startup Time": 47.965, "Actual Min Total Time": 2240.029, "Actual Max Total Time": 2240.029, "Inner Unique": true, "Plans": [{"Node Type": "Streaming(type: LOCAL GATHER dop: 1/16)", "Parent Relationship": "Outer", "Startup Cost": 2.24, "Total Cost": 194167.3, "Plan Rows": 294584, "Plan Width": 19, "Actual Min Startup Time": 47.905, "Actual Max Startup Time": 47.905, "Actual Min Total Time": 584.734, "Actual Max Total Time": 584.734, "Plans": [{"Node Type": "Seq Scan", "Parent Relationship": "Outer", "Relation Name": "lineitem", "Alias": "lineitem", "Startup Cost": 2.24, "Total Cost": 187809.58, "Plan Rows": 294584, "Plan Width": 19, "Actual Min Startup Time": 0.039, "Actual Max Startup Time": 0.362, "Actual Min Total Time": 1960.645, "Actual Max Total Time": 2395.535, "Filter": "((l_shipmode = ANY ('{RAIL,FOB}'::bpchar[])) AND (l_commitdate < l_receiptdate) AND (l_shipdate < l_commitdate) AND (l_receiptdate >= '1997-01-01 00:00:00'::timestamp(0) without time zone) AND (l_receiptdate < '1998-01-01 00:00:00'::timestamp without time zone)), (LLVM Optimized, Jit Execute)", "Rows Removed by Filter": 59674804, "Actual Rows": 311248}], "Actual Rows": 311248}, {"Node Type": "Index Scan", "Parent Relationship": "Inner", "Scan Direction": "Forward", "Index Name": "orders_pkey", "Relation Name": "orders", "Alias": "orders", "Startup Cost": 0.0, "Total Cost": 3.66, "Plan Rows": 1, "Plan Width": 24, "Actual Min Startup Time": 1397.352, "Actual Max Startup Time": 1397.352, "Actual Min Total Time": 1397.352, "Actual Max Total Time": 1397.352, "Index Cond": "(o_orderkey = lineitem.l_orderkey)", "Rows Removed by Index Recheck": 0, "Actual Rows": 311248}], "Actual Rows": 311248}], "Actual Rows": 2}], "Actual Rows": 2}, "Triggers": [], "Planner Runtime": 0.724, "Total Runtime": 2589.726, "Unique SQL Id": 2036526415}}, "(16, '61')": {"explain_plan": {"Plan": {"Node Type": "Sort", "Startup Cost": 3831920.66, "Total Cost": 3831920.67, "Plan Rows": 1, "Plan Width": 43, "Sort Key": ["lineitem.l_shipmode"], "Plans": [{"Node Type": "Aggregate", "Strategy": "Hashed", "Parent Relationship": "Outer", "Startup Cost": 3831920.64, "Total Cost": 3831920.65, "Plan Rows": 1, "Plan Width": 43, "Group By Key": ["lineitem.l_shipmode"], "Plans": [{"Node Type": "Nested Loop", "Parent Relationship": "Outer", "Join Type": "Inner", "Startup Cost": 0.0, "Total Cost": 3826765.42, "Plan Rows": 294584, "Plan Width": 27, "Inner Unique": true, "Plans": [{"Node Type": "Streaming(type: LOCAL GATHER dop: 1/16)", "Parent Relationship": "Outer", "Startup Cost": 0.0, "Total Cost": 2745997.9, "Plan Rows": 294584, "Plan Width": 19, "Plans": [{"Node Type": "Index Scan", "Parent Relationship": "Outer", "Scan Direction": "Forward", "Index Name": "idx_lineitem_orderkey", "Relation Name": "lineitem", "Alias": "lineitem", "Startup Cost": 0.0, "Total Cost": 2739640.18, "Plan Rows": 294584, "Plan Width": 19, "Filter": "((l_shipmode = ANY ('{RAIL,FOB}'::bpchar[])) AND (l_commitdate < l_receiptdate) AND (l_shipdate < l_commitdate) AND (l_receiptdate >= '1997-01-01 00:00:00'::timestamp(0) without time zone) AND (l_receiptdate < '1998-01-01 00:00:00'::timestamp without time zone)), (LLVM Optimized)"}]}, {"Node Type": "Index Scan", "Parent Relationship": "Inner", "Scan Direction": "Forward", "Index Name": "orders_pkey", "Relation Name": "orders", "Alias": "orders", "Startup Cost": 0.0, "Total Cost": 3.66, "Plan Rows": 1, "Plan Width": 24, "Index Cond": "(o_orderkey = lineitem.l_orderkey)"}]}]}]}, "Unique SQL Id": 2036526415, "Planner Runtime": 0}, "explain_analyze_plan": {"Plan": {"Node Type": "Sort", "Startup Cost": 3831920.66, "Total Cost": 3831920.67, "Plan Rows": 1, "Plan Width": 43, "Actual Min Startup Time": 3633.352, "Actual Max Startup Time": 3633.352, "Actual Min Total Time": 3633.352, "Actual Max Total Time": 3633.352, "Sort Key": ["lineitem.l_shipmode"], "Sort Method": "quicksort", "Sort Space Min Used": 25, "Sort Space Max Used": 25, "Sort Space Type": "Memory", "Plans": [{"Node Type": "Aggregate", "Strategy": "Hashed", "Parent Relationship": "Outer", "Startup Cost": 3831920.64, "Total Cost": 3831920.65, "Plan Rows": 1, "Plan Width": 43, "Actual Min Startup Time": 3633.314, "Actual Max Startup Time": 3633.314, "Actual Min Total Time": 3633.316, "Actual Max Total Time": 3633.316, "Group By Key": ["lineitem.l_shipmode"], "Plans": [{"Node Type": "Nested Loop", "Parent Relationship": "Outer", "Join Type": "Inner", "Startup Cost": 0.0, "Total Cost": 3826765.42, "Plan Rows": 294584, "Plan Width": 27, "Actual Min Startup Time": 553.866, "Actual Max Startup Time": 553.866, "Actual Min Total Time": 3328.179, "Actual Max Total Time": 3328.179, "Inner Unique": true, "Plans": [{"Node Type": "Streaming(type: LOCAL GATHER dop: 1/16)", "Parent Relationship": "Outer", "Startup Cost": 0.0, "Total Cost": 2745997.9, "Plan Rows": 294584, "Plan Width": 19, "Actual Min Startup Time": 553.813, "Actual Max Startup Time": 553.813, "Actual Min Total Time": 1689.732, "Actual Max Total Time": 1689.732, "Plans": [{"Node Type": "Index Scan", "Parent Relationship": "Outer", "Scan Direction": "Forward", "Index Name": "idx_lineitem_orderkey", "Relation Name": "lineitem", "Alias": "lineitem", "Startup Cost": 0.0, "Total Cost": 2739640.18, "Plan Rows": 294584, "Plan Width": 19, "Actual Min Startup Time": 498.14, "Actual Max Startup Time": 504.771, "Actual Min Total Time": 3113.984, "Actual Max Total Time": 3499.608, "Filter": "((l_shipmode = ANY ('{RAIL,FOB}'::bpchar[])) AND (l_commitdate < l_receiptdate) AND (l_shipdate < l_commitdate) AND (l_receiptdate >= '1997-01-01 00:00:00'::timestamp(0) without time zone) AND (l_receiptdate < '1998-01-01 00:00:00'::timestamp without time zone)), (LLVM Optimized, Jit Execute)", "Rows Removed by Filter": 59674804, "Actual Rows": 311248}], "Actual Rows": 311248}, {"Node Type": "Index Scan", "Parent Relationship": "Inner", "Scan Direction": "Forward", "Index Name": "orders_pkey", "Relation Name": "orders", "Alias": "orders", "Startup Cost": 0.0, "Total Cost": 3.66, "Plan Rows": 1, "Plan Width": 24, "Actual Min Startup Time": 1371.744, "Actual Max Startup Time": 1371.744, "Actual Min Total Time": 1371.744, "Actual Max Total Time": 1371.744, "Index Cond": "(o_orderkey = lineitem.l_orderkey)", "Rows Removed by Index Recheck": 0, "Actual Rows": 311248}], "Actual Rows": 311248}], "Actual Rows": 2}], "Actual Rows": 2}, "Triggers": [], "Planner Runtime": 0.867, "Total Runtime": 3646.641, "Unique SQL Id": 2036526415}}, "(16, '62')": {"explain_plan": {"Plan": {"Node Type": "Sort", "Startup Cost": 259220504.77, "Total Cost": 259220504.78, "Plan Rows": 1, "Plan Width": 43, "Sort Key": ["lineitem.l_shipmode"], "Plans": [{"Node Type": "Streaming(type: LOCAL GATHER dop: 1/16)", "Parent Relationship": "Outer", "Startup Cost": 259220504.76, "Total Cost": 259220504.76, "Plan Rows": 1, "Plan Width": 43, "Plans": [{"Node Type": "Aggregate", "Strategy": "Hashed", "Parent Relationship": "Outer", "Startup Cost": 259220504.76, "Total Cost": 259220504.76, "Plan Rows": 1, "Plan Width": 43, "Group By Key": ["lineitem.l_shipmode"], "Plans": [{"Node Type": "Streaming(type: LOCAL REDISTRIBUTE dop: 16/16)", "Parent Relationship": "Outer", "Startup Cost": 259220504.71, "Total Cost": 259220504.75, "Plan Rows": 1, "Plan Width": 43, "Plans": [{"Node Type": "Aggregate", "Strategy": "Hashed", "Parent Relationship": "Outer", "Startup Cost": 259220504.71, "Total Cost": 259220504.71, "Plan Rows": 1, "Plan Width": 43, "Group By Key": ["lineitem.l_shipmode"], "Plans": [{"Node Type": "Nested Loop", "Parent Relationship": "Outer", "Join Type": "Inner", "Startup Cost": 2.24, "Total Cost": 259220182.51, "Plan Rows": 294584, "Plan Width": 27, "Inner Unique": false, "Join Filter": "(orders.o_orderkey = lineitem.l_orderkey), (LLVM Optimized)", "Plans": [{"Node Type": "Streaming(type: LOCAL REDISTRIBUTE dop: 16/16)", "Parent Relationship": "Outer", "Startup Cost": 0.0, "Total Cost": 113484.83, "Plan Rows": 14999479, "Plan Width": 24, "Plans": [{"Node Type": "Seq Scan", "Parent Relationship": "Outer", "Relation Name": "orders", "Alias": "orders", "Startup Cost": 0.0, "Total Cost": 41650.86, "Plan Rows": 14999479, "Plan Width": 24}]}, {"Node Type": "Materialize", "Parent Relationship": "Inner", "Startup Cost": 2.24, "Total Cost": 204017.83, "Plan Rows": 294584, "Plan Width": 19, "Plans": [{"Node Type": "Streaming(type: LOCAL REDISTRIBUTE dop: 16/16)", "Parent Relationship": "Outer", "Startup Cost": 2.24, "Total Cost": 203925.77, "Plan Rows": 294584, "Plan Width": 19, "Plans": [{"Node Type": "Seq Scan", "Parent Relationship": "Outer", "Relation Name": "lineitem", "Alias": "lineitem", "Startup Cost": 2.24, "Total Cost": 187809.58, "Plan Rows": 294584, "Plan Width": 19, "Filter": "((l_shipmode = ANY ('{RAIL,FOB}'::bpchar[])) AND (l_commitdate < l_receiptdate) AND (l_shipdate < l_commitdate) AND (l_receiptdate >= '1997-01-01 00:00:00'::timestamp(0) without time zone) AND (l_receiptdate < '1998-01-01 00:00:00'::timestamp without time zone)), (LLVM Optimized)"}]}]}]}]}]}]}]}]}, "Unique SQL Id": 2036526415, "Planner Runtime": 0}, "explain_analyze_plan": null}, "(16, '63')": {"explain_plan": {"Plan": {"Node Type": "Sort", "Startup Cost": 2066751200726.99, "Total Cost": 2066751200726.99, "Plan Rows": 1, "Plan Width": 43, "Sort Key": ["lineitem.l_shipmode"], "Plans": [{"Node Type": "Aggregate", "Strategy": "Hashed", "Parent Relationship": "Outer", "Startup Cost": 2066751200726.97, "Total Cost": 2066751200726.98, "Plan Rows": 1, "Plan Width": 43, "Group By Key": ["lineitem.l_shipmode"], "Plans": [{"Node Type": "Nested Loop", "Parent Relationship": "Outer", "Join Type": "Inner", "Startup Cost": 20000000000.0, "Total Cost": 2066751195571.75, "Plan Rows": 294584, "Plan Width": 27, "Inner Unique": false, "Join Filter": "(orders.o_orderkey = lineitem.l_orderkey), (LLVM Optimized)", "Plans": [{"Node Type": "Index Scan", "Parent Relationship": "Outer", "Scan Direction": "Forward", "Index Name": "orders_pkey", "Relation Name": "orders", "Alias": "orders", "Startup Cost": 10000000000.0, "Total Cost": 1000073097843.5, "Plan Rows": 14999479, "Plan Width": 24}, {"Node Type": "Materialize", "Parent Relationship": "Inner", "Startup Cost": 10000000000.0, "Total Cost": 1000399000638.67, "Plan Rows": 294584, "Plan Width": 19, "Plans": [{"Node Type": "Index Scan", "Parent Relationship": "Outer", "Scan Direction": "Forward", "Index Name": "idx_lineitem_orderkey", "Relation Name": "lineitem", "Alias": "lineitem", "Startup Cost": 10000000000.0, "Total Cost": 1000398999165.75, "Plan Rows": 294584, "Plan Width": 19, "Filter": "((l_shipmode = ANY ('{RAIL,FOB}'::bpchar[])) AND (l_commitdate < l_receiptdate) AND (l_shipdate < l_commitdate) AND (l_receiptdate >= '1997-01-01 00:00:00'::timestamp(0) without time zone) AND (l_receiptdate < '1998-01-01 00:00:00'::timestamp without time zone)), (LLVM Optimized)"}]}]}]}]}, "Unique SQL Id": 2036526415, "Planner Runtime": 0}, "explain_analyze_plan": null}, "(16, '64')": {"explain_plan": {"Plan": {"Node Type": "Sort", "Startup Cost": 269757.31, "Total Cost": 269757.31, "Plan Rows": 1, "Plan Width": 43, "Sort Key": ["lineitem.l_shipmode"], "Plans": [{"Node Type": "Streaming(type: LOCAL GATHER dop: 1/16)", "Parent Relationship": "Outer", "Startup Cost": 269757.29, "Total Cost": 269757.3, "Plan Rows": 1, "Plan Width": 43, "Plans": [{"Node Type": "Aggregate", "Strategy": "Hashed", "Parent Relationship": "Outer", "Startup Cost": 269757.29, "Total Cost": 269757.29, "Plan Rows": 1, "Plan Width": 43, "Group By Key": ["lineitem.l_shipmode"], "Plans": [{"Node Type": "Streaming(type: LOCAL REDISTRIBUTE dop: 16/16)", "Parent Relationship": "Outer", "Startup Cost": 269757.27, "Total Cost": 269757.29, "Plan Rows": 1, "Plan Width": 43, "Plans": [{"Node Type": "Aggregate", "Strategy": "Hashed", "Parent Relationship": "Outer", "Startup Cost": 269757.27, "Total Cost": 269757.27, "Plan Rows": 1, "Plan Width": 43, "Group By Key": ["lineitem.l_shipmode"], "Plans": [{"Node Type": "Hash Join", "Parent Relationship": "Outer", "Join Type": "Inner", "Startup Cost": 53371.45, "Total Cost": 269435.07, "Plan Rows": 294584, "Plan Width": 27, "Inner Unique": true, "Hash Cond": "(lineitem.l_orderkey = orders.o_orderkey), (LLVM Optimized)", "Plans": [{"Node Type": "Streaming(type: BROADCAST dop: 16/16)", "Parent Relationship": "Outer", "Startup Cost": 2.24, "Total Cost": 214777.05, "Plan Rows": 4713344, "Plan Width": 19, "Plans": [{"Node Type": "Seq Scan", "Parent Relationship": "Outer", "Relation Name": "lineitem", "Alias": "lineitem", "Startup Cost": 2.24, "Total Cost": 187809.58, "Plan Rows": 294584, "Plan Width": 19, "Filter": "((l_shipmode = ANY ('{RAIL,FOB}'::bpchar[])) AND (l_commitdate < l_receiptdate) AND (l_shipdate < l_commitdate) AND (l_receiptdate >= '1997-01-01 00:00:00'::timestamp(0) without time zone) AND (l_receiptdate < '1998-01-01 00:00:00'::timestamp without time zone)), (LLVM Optimized)"}]}, {"Node Type": "Hash", "Parent Relationship": "Inner", "Startup Cost": 41650.86, "Total Cost": 41650.86, "Plan Rows": 14999479, "Plan Width": 24, "Plans": [{"Node Type": "Seq Scan", "Parent Relationship": "Outer", "Relation Name": "orders", "Alias": "orders", "Startup Cost": 0.0, "Total Cost": 41650.86, "Plan Rows": 14999479, "Plan Width": 24}]}]}]}]}]}]}]}, "Unique SQL Id": 2036526415, "Planner Runtime": 0}, "explain_analyze_plan": {"Plan": {"Node Type": "Sort", "Startup Cost": 269757.31, "Total Cost": 269757.31, "Plan Rows": 1, "Plan Width": 43, "Actual Min Startup Time": 3400.937, "Actual Max Startup Time": 3400.937, "Actual Min Total Time": 3400.938, "Actual Max Total Time": 3400.938, "Sort Key": ["lineitem.l_shipmode"], "Sort Method": "quicksort", "Sort Space Min Used": 25, "Sort Space Max Used": 25, "Sort Space Type": "Memory", "Plans": [{"Node Type": "Streaming(type: LOCAL GATHER dop: 1/16)", "Parent Relationship": "Outer", "Startup Cost": 269757.29, "Total Cost": 269757.3, "Plan Rows": 1, "Plan Width": 43, "Actual Min Startup Time": 3400.842, "Actual Max Startup Time": 3400.842, "Actual Min Total Time": 3400.891, "Actual Max Total Time": 3400.891, "Plans": [{"Node Type": "Aggregate", "Strategy": "Hashed", "Parent Relationship": "Outer", "Startup Cost": 269757.29, "Total Cost": 269757.29, "Plan Rows": 1, "Plan Width": 43, "Actual Min Startup Time": 3337.8, "Actual Max Startup Time": 3345.421, "Actual Min Total Time": 3337.8, "Actual Max Total Time": 3345.421, "Group By Key": ["lineitem.l_shipmode"], "Plans": [{"Node Type": "Streaming(type: LOCAL REDISTRIBUTE dop: 16/16)", "Parent Relationship": "Outer", "Startup Cost": 269757.27, "Total Cost": 269757.29, "Plan Rows": 1, "Plan Width": 43, "Actual Min Startup Time": 3335.863, "Actual Max Startup Time": 3345.414, "Actual Min Total Time": 3337.795, "Actual Max Total Time": 3345.414, "Plans": [{"Node Type": "Aggregate", "Strategy": "Hashed", "Parent Relationship": "Outer", "Startup Cost": 269757.27, "Total Cost": 269757.27, "Plan Rows": 1, "Plan Width": 43, "Actual Min Startup Time": 3284.075, "Actual Max Startup Time": 3343.851, "Actual Min Total Time": 3284.076, "Actual Max Total Time": 3343.852, "Group By Key": ["lineitem.l_shipmode"], "Plans": [{"Node Type": "Hash Join", "Parent Relationship": "Outer", "Join Type": "Inner", "Startup Cost": 53371.45, "Total Cost": 269435.07, "Plan Rows": 294584, "Plan Width": 27, "Actual Min Startup Time": 646.97, "Actual Max Startup Time": 684.999, "Actual Min Total Time": 3258.294, "Actual Max Total Time": 3323.129, "Inner Unique": true, "Hash Cond": "(lineitem.l_orderkey = orders.o_orderkey), (LLVM Optimized, Jit Execute)", "Plans": [{"Node Type": "Streaming(type: BROADCAST dop: 16/16)", "Parent Relationship": "Outer", "Startup Cost": 2.24, "Total Cost": 214777.05, "Plan Rows": 4713344, "Plan Width": 19, "Actual Min Startup Time": 0.063, "Actual Max Startup Time": 0.129, "Actual Min Total Time": 2404.235, "Actual Max Total Time": 2547.525, "Plans": [{"Node Type": "Seq Scan", "Parent Relationship": "Outer", "Relation Name": "lineitem", "Alias": "lineitem", "Startup Cost": 2.24, "Total Cost": 187809.58, "Plan Rows": 294584, "Plan Width": 19, "Actual Min Startup Time": 0.035, "Actual Max Startup Time": 0.361, "Actual Min Total Time": 1573.952, "Actual Max Total Time": 2392.415, "Filter": "((l_shipmode = ANY ('{RAIL,FOB}'::bpchar[])) AND (l_commitdate < l_receiptdate) AND (l_shipdate < l_commitdate) AND (l_receiptdate >= '1997-01-01 00:00:00'::timestamp(0) without time zone) AND (l_receiptdate < '1998-01-01 00:00:00'::timestamp without time zone)), (LLVM Optimized, Jit Execute)", "Rows Removed by Filter": 59674804, "Actual Rows": 311248}], "Actual Rows": 4979968}, {"Node Type": "Hash", "Parent Relationship": "Inner", "Startup Cost": 41650.86, "Total Cost": 41650.86, "Plan Rows": 14999479, "Plan Width": 24, "Actual Min Startup Time": 645.416, "Actual Max Startup Time": 683.761, "Actual Min Total Time": 645.416, "Actual Max Total Time": 683.761, "Max Hash Buckets": 1048576, "Min Hash Buckets": 1048576, "Max Hash Batches": 1, "Min Hash Batches": 1, "Max Original Hash Batches": 1, "Min Original Hash Batches": 1, "Max Peak Memory Usage": 51347, "min Peak Memory Usage": 51347, "Plans": [{"Node Type": "Seq Scan", "Parent Relationship": "Outer", "Relation Name": "orders", "Alias": "orders", "Startup Cost": 0.0, "Total Cost": 41650.86, "Plan Rows": 14999479, "Plan Width": 24, "Actual Min Startup Time": 0.021, "Actual Max Startup Time": 0.036, "Actual Min Total Time": 332.744, "Actual Max Total Time": 356.106, "Actual Rows": 15000000}], "Actual Rows": 15000000}], "Actual Rows": 311248}], "Actual Rows": 32}], "Actual Rows": 32}], "Actual Rows": 2}], "Actual Rows": 2}], "Actual Rows": 2}, "Triggers": [], "Planner Runtime": 1.004, "Total Runtime": 3420.644, "Unique SQL Id": 2036526415}}, "(16, '65')": {"explain_plan": {"Plan": {"Node Type": "Sort", "Startup Cost": 3385295.37, "Total Cost": 3385295.37, "Plan Rows": 1, "Plan Width": 43, "Sort Key": ["lineitem.l_shipmode"], "Plans": [{"Node Type": "Streaming(type: LOCAL GATHER dop: 1/16)", "Parent Relationship": "Outer", "Startup Cost": 3385295.35, "Total Cost": 3385295.36, "Plan Rows": 1, "Plan Width": 43, "Plans": [{"Node Type": "Aggregate", "Strategy": "Hashed", "Parent Relationship": "Outer", "Startup Cost": 3385295.35, "Total Cost": 3385295.35, "Plan Rows": 1, "Plan Width": 43, "Group By Key": ["lineitem.l_shipmode"], "Plans": [{"Node Type": "Streaming(type: LOCAL REDISTRIBUTE dop: 16/16)", "Parent Relationship": "Outer", "Startup Cost": 3385295.33, "Total Cost": 3385295.35, "Plan Rows": 1, "Plan Width": 43, "Plans": [{"Node Type": "Aggregate", "Strategy": "Hashed", "Parent Relationship": "Outer", "Startup Cost": 3385295.33, "Total Cost": 3385295.33, "Plan Rows": 1, "Plan Width": 43, "Group By Key": ["lineitem.l_shipmode"], "Plans": [{"Node Type": "Hash Join", "Parent Relationship": "Outer", "Join Type": "Inner", "Startup Cost": 617076.66, "Total Cost": 3384973.13, "Plan Rows": 294584, "Plan Width": 27, "Inner Unique": true, "Hash Cond": "(lineitem.l_orderkey = orders.o_orderkey), (LLVM Optimized)", "Plans": [{"Node Type": "Streaming(type: BROADCAST dop: 16/16)", "Parent Relationship": "Outer", "Startup Cost": 0.0, "Total Cost": 2766607.66, "Plan Rows": 4713344, "Plan Width": 19, "Plans": [{"Node Type": "Index Scan", "Parent Relationship": "Outer", "Scan Direction": "Forward", "Index Name": "idx_lineitem_orderkey", "Relation Name": "lineitem", "Alias": "lineitem", "Startup Cost": 0.0, "Total Cost": 2739640.18, "Plan Rows": 294584, "Plan Width": 19, "Filter": "((l_shipmode = ANY ('{RAIL,FOB}'::bpchar[])) AND (l_commitdate < l_receiptdate) AND (l_shipdate < l_commitdate) AND (l_receiptdate >= '1997-01-01 00:00:00'::timestamp(0) without time zone) AND (l_receiptdate < '1998-01-01 00:00:00'::timestamp without time zone)), (LLVM Optimized)"}]}, {"Node Type": "Hash", "Parent Relationship": "Inner", "Startup Cost": 605358.32, "Total Cost": 605358.32, "Plan Rows": 14999479, "Plan Width": 24, "Plans": [{"Node Type": "Index Scan", "Parent Relationship": "Outer", "Scan Direction": "Forward", "Index Name": "orders_pkey", "Relation Name": "orders", "Alias": "orders", "Startup Cost": 0.0, "Total Cost": 605358.32, "Plan Rows": 14999479, "Plan Width": 24}]}]}]}]}]}]}]}, "Unique SQL Id": 2036526415, "Planner Runtime": 0}, "explain_analyze_plan": {"Plan": {"Node Type": "Sort", "Startup Cost": 3385295.37, "Total Cost": 3385295.37, "Plan Rows": 1, "Plan Width": 43, "Actual Min Startup Time": 5075.032, "Actual Max Startup Time": 5075.032, "Actual Min Total Time": 5075.033, "Actual Max Total Time": 5075.033, "Sort Key": ["lineitem.l_shipmode"], "Sort Method": "quicksort", "Sort Space Min Used": 25, "Sort Space Max Used": 25, "Sort Space Type": "Memory", "Plans": [{"Node Type": "Streaming(type: LOCAL GATHER dop: 1/16)", "Parent Relationship": "Outer", "Startup Cost": 3385295.35, "Total Cost": 3385295.36, "Plan Rows": 1, "Plan Width": 43, "Actual Min Startup Time": 5074.885, "Actual Max Startup Time": 5074.885, "Actual Min Total Time": 5074.987, "Actual Max Total Time": 5074.987, "Plans": [{"Node Type": "Aggregate", "Strategy": "Hashed", "Parent Relationship": "Outer", "Startup Cost": 3385295.35, "Total Cost": 3385295.35, "Plan Rows": 1, "Plan Width": 43, "Actual Min Startup Time": 5015.588, "Actual Max Startup Time": 5024.638, "Actual Min Total Time": 5015.588, "Actual Max Total Time": 5024.638, "Group By Key": ["lineitem.l_shipmode"], "Plans": [{"Node Type": "Streaming(type: LOCAL REDISTRIBUTE dop: 16/16)", "Parent Relationship": "Outer", "Startup Cost": 3385295.33, "Total Cost": 3385295.35, "Plan Rows": 1, "Plan Width": 43, "Actual Min Startup Time": 5012.32, "Actual Max Startup Time": 5024.63, "Actual Min Total Time": 5015.583, "Actual Max Total Time": 5024.63, "Plans": [{"Node Type": "Aggregate", "Strategy": "Hashed", "Parent Relationship": "Outer", "Startup Cost": 3385295.33, "Total Cost": 3385295.33, "Plan Rows": 1, "Plan Width": 43, "Actual Min Startup Time": 4974.395, "Actual Max Startup Time": 5022.138, "Actual Min Total Time": 4974.397, "Actual Max Total Time": 5022.139, "Group By Key": ["lineitem.l_shipmode"], "Plans": [{"Node Type": "Hash Join", "Parent Relationship": "Outer", "Join Type": "Inner", "Startup Cost": 617076.66, "Total Cost": 3384973.13, "Plan Rows": 294584, "Plan Width": 27, "Actual Min Startup Time": 1064.978, "Actual Max Startup Time": 1217.017, "Actual Min Total Time": 4947.451, "Actual Max Total Time": 5001.164, "Inner Unique": true, "Hash Cond": "(lineitem.l_orderkey = orders.o_orderkey), (LLVM Optimized, Jit Execute)", "Plans": [{"Node Type": "Streaming(type: BROADCAST dop: 16/16)", "Parent Relationship": "Outer", "Startup Cost": 0.0, "Total Cost": 2766607.66, "Plan Rows": 4713344, "Plan Width": 19, "Actual Min Startup Time": 0.061, "Actual Max Startup Time": 0.124, "Actual Min Total Time": 3631.718, "Actual Max Total Time": 3764.15, "Plans": [{"Node Type": "Index Scan", "Parent Relationship": "Outer", "Scan Direction": "Forward", "Index Name": "idx_lineitem_orderkey", "Relation Name": "lineitem", "Alias": "lineitem", "Startup Cost": 0.0, "Total Cost": 2739640.18, "Plan Rows": 294584, "Plan Width": 19, "Actual Min Startup Time": 543.73, "Actual Max Startup Time": 581.962, "Actual Min Total Time": 3404.899, "Actual Max Total Time": 4158.411, "Filter": "((l_shipmode = ANY ('{RAIL,FOB}'::bpchar[])) AND (l_commitdate < l_receiptdate) AND (l_shipdate < l_commitdate) AND (l_receiptdate >= '1997-01-01 00:00:00'::timestamp(0) without time zone) AND (l_receiptdate < '1998-01-01 00:00:00'::timestamp without time zone)), (LLVM Optimized, Jit Execute)", "Rows Removed by Filter": 59674804, "Actual Rows": 311248}], "Actual Rows": 4979968}, {"Node Type": "Hash", "Parent Relationship": "Inner", "Startup Cost": 605358.32, "Total Cost": 605358.32, "Plan Rows": 14999479, "Plan Width": 24, "Actual Min Startup Time": 1063.349, "Actual Max Startup Time": 1215.506, "Actual Min Total Time": 1063.349, "Actual Max Total Time": 1215.506, "Max Hash Buckets": 1048576, "Min Hash Buckets": 1048576, "Max Hash Batches": 1, "Min Hash Batches": 1, "Max Original Hash Batches": 1, "Min Original Hash Batches": 1, "Max Peak Memory Usage": 51275, "min Peak Memory Usage": 51275, "Plans": [{"Node Type": "Index Scan", "Parent Relationship": "Outer", "Scan Direction": "Forward", "Index Name": "orders_pkey", "Relation Name": "orders", "Alias": "orders", "Startup Cost": 0.0, "Total Cost": 605358.32, "Plan Rows": 14999479, "Plan Width": 24, "Actual Min Startup Time": 138.453, "Actual Max Startup Time": 185.894, "Actual Min Total Time": 740.2, "Actual Max Total Time": 900.065, "Actual Rows": 15000000}], "Actual Rows": 15000000}], "Actual Rows": 311248}], "Actual Rows": 32}], "Actual Rows": 32}], "Actual Rows": 2}], "Actual Rows": 2}], "Actual Rows": 2}, "Triggers": [], "Planner Runtime": 0.935, "Total Runtime": 5095.078, "Unique SQL Id": 2036526415}}, "(16, '66')": {"explain_plan": {"Plan": {"Node Type": "Sort", "Startup Cost": 269757.31, "Total Cost": 269757.31, "Plan Rows": 1, "Plan Width": 43, "Sort Key": ["lineitem.l_shipmode"], "Plans": [{"Node Type": "Streaming(type: LOCAL GATHER dop: 1/16)", "Parent Relationship": "Outer", "Startup Cost": 269757.29, "Total Cost": 269757.3, "Plan Rows": 1, "Plan Width": 43, "Plans": [{"Node Type": "Aggregate", "Strategy": "Hashed", "Parent Relationship": "Outer", "Startup Cost": 269757.29, "Total Cost": 269757.29, "Plan Rows": 1, "Plan Width": 43, "Group By Key": ["lineitem.l_shipmode"], "Plans": [{"Node Type": "Streaming(type: LOCAL REDISTRIBUTE dop: 16/16)", "Parent Relationship": "Outer", "Startup Cost": 269757.27, "Total Cost": 269757.29, "Plan Rows": 1, "Plan Width": 43, "Plans": [{"Node Type": "Aggregate", "Strategy": "Hashed", "Parent Relationship": "Outer", "Startup Cost": 269757.27, "Total Cost": 269757.27, "Plan Rows": 1, "Plan Width": 43, "Group By Key": ["lineitem.l_shipmode"], "Plans": [{"Node Type": "Hash Join", "Parent Relationship": "Outer", "Join Type": "Inner", "Startup Cost": 53371.45, "Total Cost": 269435.07, "Plan Rows": 294584, "Plan Width": 27, "Inner Unique": true, "Hash Cond": "(lineitem.l_orderkey = orders.o_orderkey), (LLVM Optimized)", "Plans": [{"Node Type": "Streaming(type: BROADCAST dop: 16/16)", "Parent Relationship": "Outer", "Startup Cost": 2.24, "Total Cost": 214777.05, "Plan Rows": 4713344, "Plan Width": 19, "Plans": [{"Node Type": "Seq Scan", "Parent Relationship": "Outer", "Relation Name": "lineitem", "Alias": "lineitem", "Startup Cost": 2.24, "Total Cost": 187809.58, "Plan Rows": 294584, "Plan Width": 19, "Filter": "((l_shipmode = ANY ('{RAIL,FOB}'::bpchar[])) AND (l_commitdate < l_receiptdate) AND (l_shipdate < l_commitdate) AND (l_receiptdate >= '1997-01-01 00:00:00'::timestamp(0) without time zone) AND (l_receiptdate < '1998-01-01 00:00:00'::timestamp without time zone)), (LLVM Optimized)"}]}, {"Node Type": "Hash", "Parent Relationship": "Inner", "Startup Cost": 41650.86, "Total Cost": 41650.86, "Plan Rows": 14999479, "Plan Width": 24, "Plans": [{"Node Type": "Seq Scan", "Parent Relationship": "Outer", "Relation Name": "orders", "Alias": "orders", "Startup Cost": 0.0, "Total Cost": 41650.86, "Plan Rows": 14999479, "Plan Width": 24}]}]}]}]}]}]}]}, "Unique SQL Id": 2036526415, "Planner Runtime": 0}, "explain_analyze_plan": {"Plan": {"Node Type": "Sort", "Startup Cost": 269757.31, "Total Cost": 269757.31, "Plan Rows": 1, "Plan Width": 43, "Actual Min Startup Time": 3400.937, "Actual Max Startup Time": 3400.937, "Actual Min Total Time": 3400.938, "Actual Max Total Time": 3400.938, "Sort Key": ["lineitem.l_shipmode"], "Sort Method": "quicksort", "Sort Space Min Used": 25, "Sort Space Max Used": 25, "Sort Space Type": "Memory", "Plans": [{"Node Type": "Streaming(type: LOCAL GATHER dop: 1/16)", "Parent Relationship": "Outer", "Startup Cost": 269757.29, "Total Cost": 269757.3, "Plan Rows": 1, "Plan Width": 43, "Actual Min Startup Time": 3400.842, "Actual Max Startup Time": 3400.842, "Actual Min Total Time": 3400.891, "Actual Max Total Time": 3400.891, "Plans": [{"Node Type": "Aggregate", "Strategy": "Hashed", "Parent Relationship": "Outer", "Startup Cost": 269757.29, "Total Cost": 269757.29, "Plan Rows": 1, "Plan Width": 43, "Actual Min Startup Time": 3337.8, "Actual Max Startup Time": 3345.421, "Actual Min Total Time": 3337.8, "Actual Max Total Time": 3345.421, "Group By Key": ["lineitem.l_shipmode"], "Plans": [{"Node Type": "Streaming(type: LOCAL REDISTRIBUTE dop: 16/16)", "Parent Relationship": "Outer", "Startup Cost": 269757.27, "Total Cost": 269757.29, "Plan Rows": 1, "Plan Width": 43, "Actual Min Startup Time": 3335.863, "Actual Max Startup Time": 3345.414, "Actual Min Total Time": 3337.795, "Actual Max Total Time": 3345.414, "Plans": [{"Node Type": "Aggregate", "Strategy": "Hashed", "Parent Relationship": "Outer", "Startup Cost": 269757.27, "Total Cost": 269757.27, "Plan Rows": 1, "Plan Width": 43, "Actual Min Startup Time": 3284.075, "Actual Max Startup Time": 3343.851, "Actual Min Total Time": 3284.076, "Actual Max Total Time": 3343.852, "Group By Key": ["lineitem.l_shipmode"], "Plans": [{"Node Type": "Hash Join", "Parent Relationship": "Outer", "Join Type": "Inner", "Startup Cost": 53371.45, "Total Cost": 269435.07, "Plan Rows": 294584, "Plan Width": 27, "Actual Min Startup Time": 646.97, "Actual Max Startup Time": 684.999, "Actual Min Total Time": 3258.294, "Actual Max Total Time": 3323.129, "Inner Unique": true, "Hash Cond": "(lineitem.l_orderkey = orders.o_orderkey), (LLVM Optimized, Jit Execute)", "Plans": [{"Node Type": "Streaming(type: BROADCAST dop: 16/16)", "Parent Relationship": "Outer", "Startup Cost": 2.24, "Total Cost": 214777.05, "Plan Rows": 4713344, "Plan Width": 19, "Actual Min Startup Time": 0.063, "Actual Max Startup Time": 0.129, "Actual Min Total Time": 2404.235, "Actual Max Total Time": 2547.525, "Plans": [{"Node Type": "Seq Scan", "Parent Relationship": "Outer", "Relation Name": "lineitem", "Alias": "lineitem", "Startup Cost": 2.24, "Total Cost": 187809.58, "Plan Rows": 294584, "Plan Width": 19, "Actual Min Startup Time": 0.035, "Actual Max Startup Time": 0.361, "Actual Min Total Time": 1573.952, "Actual Max Total Time": 2392.415, "Filter": "((l_shipmode = ANY ('{RAIL,FOB}'::bpchar[])) AND (l_commitdate < l_receiptdate) AND (l_shipdate < l_commitdate) AND (l_receiptdate >= '1997-01-01 00:00:00'::timestamp(0) without time zone) AND (l_receiptdate < '1998-01-01 00:00:00'::timestamp without time zone)), (LLVM Optimized, Jit Execute)", "Rows Removed by Filter": 59674804, "Actual Rows": 311248}], "Actual Rows": 4979968}, {"Node Type": "Hash", "Parent Relationship": "Inner", "Startup Cost": 41650.86, "Total Cost": 41650.86, "Plan Rows": 14999479, "Plan Width": 24, "Actual Min Startup Time": 645.416, "Actual Max Startup Time": 683.761, "Actual Min Total Time": 645.416, "Actual Max Total Time": 683.761, "Max Hash Buckets": 1048576, "Min Hash Buckets": 1048576, "Max Hash Batches": 1, "Min Hash Batches": 1, "Max Original Hash Batches": 1, "Min Original Hash Batches": 1, "Max Peak Memory Usage": 51347, "min Peak Memory Usage": 51347, "Plans": [{"Node Type": "Seq Scan", "Parent Relationship": "Outer", "Relation Name": "orders", "Alias": "orders", "Startup Cost": 0.0, "Total Cost": 41650.86, "Plan Rows": 14999479, "Plan Width": 24, "Actual Min Startup Time": 0.021, "Actual Max Startup Time": 0.036, "Actual Min Total Time": 332.744, "Actual Max Total Time": 356.106, "Actual Rows": 15000000}], "Actual Rows": 15000000}], "Actual Rows": 311248}], "Actual Rows": 32}], "Actual Rows": 32}], "Actual Rows": 2}], "Actual Rows": 2}], "Actual Rows": 2}, "Triggers": [], "Planner Runtime": 1.004, "Total Runtime": 3420.644, "Unique SQL Id": 2036526415}}, "(16, '67')": {"explain_plan": {"Plan": {"Node Type": "Sort", "Startup Cost": 4921486.87, "Total Cost": 4921486.87, "Plan Rows": 1, "Plan Width": 43, "Sort Key": ["lineitem.l_shipmode"], "Plans": [{"Node Type": "Aggregate", "Strategy": "Hashed", "Parent Relationship": "Outer", "Startup Cost": 4921486.85, "Total Cost": 4921486.86, "Plan Rows": 1, "Plan Width": 43, "Group By Key": ["lineitem.l_shipmode"], "Plans": [{"Node Type": "Hash Join", "Parent Relationship": "Outer", "Join Type": "Inner", "Startup Cost": 2147327.85, "Total Cost": 4916331.63, "Plan Rows": 294584, "Plan Width": 27, "Inner Unique": true, "Hash Cond": "(lineitem.l_orderkey = orders.o_orderkey), (LLVM Optimized)", "Plans": [{"Node Type": "Bitmap Heap Scan", "Parent Relationship": "Outer", "Relation Name": "lineitem", "Alias": "lineitem", "Startup Cost": 1225109.06, "Total Cost": 3990062.3, "Plan Rows": 294584, "Plan Width": 19, "Filter": "((l_shipmode = ANY ('{RAIL,FOB}'::bpchar[])) AND (l_commitdate < l_receiptdate) AND (l_shipdate < l_commitdate) AND (l_receiptdate >= '1997-01-01 00:00:00'::timestamp(0) without time zone) AND (l_receiptdate < '1998-01-01 00:00:00'::timestamp without time zone)), (LLVM Optimized)", "Plans": [{"Node Type": "Bitmap Index Scan", "Parent Relationship": "Outer", "Index Name": "idx_lineitem_orderkey", "Startup Cost": 0.0, "Total Cost": 1225035.42, "Plan Rows": 59987033, "Plan Width": 0}]}, {"Node Type": "Hash", "Parent Relationship": "Inner", "Startup Cost": 734725.3, "Total Cost": 734725.3, "Plan Rows": 14999479, "Plan Width": 24, "Plans": [{"Node Type": "Bitmap Heap Scan", "Parent Relationship": "Outer", "Relation Name": "orders", "Alias": "orders", "Startup Cost": 308311.51, "Total Cost": 734725.3, "Plan Rows": 14999479, "Plan Width": 24, "Plans": [{"Node Type": "Bitmap Index Scan", "Parent Relationship": "Outer", "Index Name": "orders_pkey", "Startup Cost": 0.0, "Total Cost": 304561.65, "Plan Rows": 14999479, "Plan Width": 0}]}]}]}]}]}, "Unique SQL Id": 2036526415, "Planner Runtime": 0}, "explain_analyze_plan": null}, "(16, '68')": {"explain_plan": {"Plan": {"Node Type": "Sort", "Startup Cost": 269757.31, "Total Cost": 269757.31, "Plan Rows": 1, "Plan Width": 43, "Sort Key": ["lineitem.l_shipmode"], "Plans": [{"Node Type": "Streaming(type: LOCAL GATHER dop: 1/16)", "Parent Relationship": "Outer", "Startup Cost": 269757.29, "Total Cost": 269757.3, "Plan Rows": 1, "Plan Width": 43, "Plans": [{"Node Type": "Aggregate", "Strategy": "Hashed", "Parent Relationship": "Outer", "Startup Cost": 269757.29, "Total Cost": 269757.29, "Plan Rows": 1, "Plan Width": 43, "Group By Key": ["lineitem.l_shipmode"], "Plans": [{"Node Type": "Streaming(type: LOCAL REDISTRIBUTE dop: 16/16)", "Parent Relationship": "Outer", "Startup Cost": 269757.27, "Total Cost": 269757.29, "Plan Rows": 1, "Plan Width": 43, "Plans": [{"Node Type": "Aggregate", "Strategy": "Hashed", "Parent Relationship": "Outer", "Startup Cost": 269757.27, "Total Cost": 269757.27, "Plan Rows": 1, "Plan Width": 43, "Group By Key": ["lineitem.l_shipmode"], "Plans": [{"Node Type": "Hash Join", "Parent Relationship": "Outer", "Join Type": "Inner", "Startup Cost": 53371.45, "Total Cost": 269435.07, "Plan Rows": 294584, "Plan Width": 27, "Inner Unique": true, "Hash Cond": "(lineitem.l_orderkey = orders.o_orderkey), (LLVM Optimized)", "Plans": [{"Node Type": "Streaming(type: BROADCAST dop: 16/16)", "Parent Relationship": "Outer", "Startup Cost": 2.24, "Total Cost": 214777.05, "Plan Rows": 4713344, "Plan Width": 19, "Plans": [{"Node Type": "Seq Scan", "Parent Relationship": "Outer", "Relation Name": "lineitem", "Alias": "lineitem", "Startup Cost": 2.24, "Total Cost": 187809.58, "Plan Rows": 294584, "Plan Width": 19, "Filter": "((l_shipmode = ANY ('{RAIL,FOB}'::bpchar[])) AND (l_commitdate < l_receiptdate) AND (l_shipdate < l_commitdate) AND (l_receiptdate >= '1997-01-01 00:00:00'::timestamp(0) without time zone) AND (l_receiptdate < '1998-01-01 00:00:00'::timestamp without time zone)), (LLVM Optimized)"}]}, {"Node Type": "Hash", "Parent Relationship": "Inner", "Startup Cost": 41650.86, "Total Cost": 41650.86, "Plan Rows": 14999479, "Plan Width": 24, "Plans": [{"Node Type": "Seq Scan", "Parent Relationship": "Outer", "Relation Name": "orders", "Alias": "orders", "Startup Cost": 0.0, "Total Cost": 41650.86, "Plan Rows": 14999479, "Plan Width": 24}]}]}]}]}]}]}]}, "Unique SQL Id": 2036526415, "Planner Runtime": 0}, "explain_analyze_plan": {"Plan": {"Node Type": "Sort", "Startup Cost": 269757.31, "Total Cost": 269757.31, "Plan Rows": 1, "Plan Width": 43, "Actual Min Startup Time": 3400.937, "Actual Max Startup Time": 3400.937, "Actual Min Total Time": 3400.938, "Actual Max Total Time": 3400.938, "Sort Key": ["lineitem.l_shipmode"], "Sort Method": "quicksort", "Sort Space Min Used": 25, "Sort Space Max Used": 25, "Sort Space Type": "Memory", "Plans": [{"Node Type": "Streaming(type: LOCAL GATHER dop: 1/16)", "Parent Relationship": "Outer", "Startup Cost": 269757.29, "Total Cost": 269757.3, "Plan Rows": 1, "Plan Width": 43, "Actual Min Startup Time": 3400.842, "Actual Max Startup Time": 3400.842, "Actual Min Total Time": 3400.891, "Actual Max Total Time": 3400.891, "Plans": [{"Node Type": "Aggregate", "Strategy": "Hashed", "Parent Relationship": "Outer", "Startup Cost": 269757.29, "Total Cost": 269757.29, "Plan Rows": 1, "Plan Width": 43, "Actual Min Startup Time": 3337.8, "Actual Max Startup Time": 3345.421, "Actual Min Total Time": 3337.8, "Actual Max Total Time": 3345.421, "Group By Key": ["lineitem.l_shipmode"], "Plans": [{"Node Type": "Streaming(type: LOCAL REDISTRIBUTE dop: 16/16)", "Parent Relationship": "Outer", "Startup Cost": 269757.27, "Total Cost": 269757.29, "Plan Rows": 1, "Plan Width": 43, "Actual Min Startup Time": 3335.863, "Actual Max Startup Time": 3345.414, "Actual Min Total Time": 3337.795, "Actual Max Total Time": 3345.414, "Plans": [{"Node Type": "Aggregate", "Strategy": "Hashed", "Parent Relationship": "Outer", "Startup Cost": 269757.27, "Total Cost": 269757.27, "Plan Rows": 1, "Plan Width": 43, "Actual Min Startup Time": 3284.075, "Actual Max Startup Time": 3343.851, "Actual Min Total Time": 3284.076, "Actual Max Total Time": 3343.852, "Group By Key": ["lineitem.l_shipmode"], "Plans": [{"Node Type": "Hash Join", "Parent Relationship": "Outer", "Join Type": "Inner", "Startup Cost": 53371.45, "Total Cost": 269435.07, "Plan Rows": 294584, "Plan Width": 27, "Actual Min Startup Time": 646.97, "Actual Max Startup Time": 684.999, "Actual Min Total Time": 3258.294, "Actual Max Total Time": 3323.129, "Inner Unique": true, "Hash Cond": "(lineitem.l_orderkey = orders.o_orderkey), (LLVM Optimized, Jit Execute)", "Plans": [{"Node Type": "Streaming(type: BROADCAST dop: 16/16)", "Parent Relationship": "Outer", "Startup Cost": 2.24, "Total Cost": 214777.05, "Plan Rows": 4713344, "Plan Width": 19, "Actual Min Startup Time": 0.063, "Actual Max Startup Time": 0.129, "Actual Min Total Time": 2404.235, "Actual Max Total Time": 2547.525, "Plans": [{"Node Type": "Seq Scan", "Parent Relationship": "Outer", "Relation Name": "lineitem", "Alias": "lineitem", "Startup Cost": 2.24, "Total Cost": 187809.58, "Plan Rows": 294584, "Plan Width": 19, "Actual Min Startup Time": 0.035, "Actual Max Startup Time": 0.361, "Actual Min Total Time": 1573.952, "Actual Max Total Time": 2392.415, "Filter": "((l_shipmode = ANY ('{RAIL,FOB}'::bpchar[])) AND (l_commitdate < l_receiptdate) AND (l_shipdate < l_commitdate) AND (l_receiptdate >= '1997-01-01 00:00:00'::timestamp(0) without time zone) AND (l_receiptdate < '1998-01-01 00:00:00'::timestamp without time zone)), (LLVM Optimized, Jit Execute)", "Rows Removed by Filter": 59674804, "Actual Rows": 311248}], "Actual Rows": 4979968}, {"Node Type": "Hash", "Parent Relationship": "Inner", "Startup Cost": 41650.86, "Total Cost": 41650.86, "Plan Rows": 14999479, "Plan Width": 24, "Actual Min Startup Time": 645.416, "Actual Max Startup Time": 683.761, "Actual Min Total Time": 645.416, "Actual Max Total Time": 683.761, "Max Hash Buckets": 1048576, "Min Hash Buckets": 1048576, "Max Hash Batches": 1, "Min Hash Batches": 1, "Max Original Hash Batches": 1, "Min Original Hash Batches": 1, "Max Peak Memory Usage": 51347, "min Peak Memory Usage": 51347, "Plans": [{"Node Type": "Seq Scan", "Parent Relationship": "Outer", "Relation Name": "orders", "Alias": "orders", "Startup Cost": 0.0, "Total Cost": 41650.86, "Plan Rows": 14999479, "Plan Width": 24, "Actual Min Startup Time": 0.021, "Actual Max Startup Time": 0.036, "Actual Min Total Time": 332.744, "Actual Max Total Time": 356.106, "Actual Rows": 15000000}], "Actual Rows": 15000000}], "Actual Rows": 311248}], "Actual Rows": 32}], "Actual Rows": 32}], "Actual Rows": 2}], "Actual Rows": 2}], "Actual Rows": 2}, "Triggers": [], "Planner Runtime": 1.004, "Total Runtime": 3420.644, "Unique SQL Id": 2036526415}}, "(16, '69')": {"explain_plan": {"Plan": {"Node Type": "Sort", "Startup Cost": 3385295.37, "Total Cost": 3385295.37, "Plan Rows": 1, "Plan Width": 43, "Sort Key": ["lineitem.l_shipmode"], "Plans": [{"Node Type": "Streaming(type: LOCAL GATHER dop: 1/16)", "Parent Relationship": "Outer", "Startup Cost": 3385295.35, "Total Cost": 3385295.36, "Plan Rows": 1, "Plan Width": 43, "Plans": [{"Node Type": "Aggregate", "Strategy": "Hashed", "Parent Relationship": "Outer", "Startup Cost": 3385295.35, "Total Cost": 3385295.35, "Plan Rows": 1, "Plan Width": 43, "Group By Key": ["lineitem.l_shipmode"], "Plans": [{"Node Type": "Streaming(type: LOCAL REDISTRIBUTE dop: 16/16)", "Parent Relationship": "Outer", "Startup Cost": 3385295.33, "Total Cost": 3385295.35, "Plan Rows": 1, "Plan Width": 43, "Plans": [{"Node Type": "Aggregate", "Strategy": "Hashed", "Parent Relationship": "Outer", "Startup Cost": 3385295.33, "Total Cost": 3385295.33, "Plan Rows": 1, "Plan Width": 43, "Group By Key": ["lineitem.l_shipmode"], "Plans": [{"Node Type": "Hash Join", "Parent Relationship": "Outer", "Join Type": "Inner", "Startup Cost": 617076.66, "Total Cost": 3384973.13, "Plan Rows": 294584, "Plan Width": 27, "Inner Unique": true, "Hash Cond": "(lineitem.l_orderkey = orders.o_orderkey), (LLVM Optimized)", "Plans": [{"Node Type": "Streaming(type: BROADCAST dop: 16/16)", "Parent Relationship": "Outer", "Startup Cost": 0.0, "Total Cost": 2766607.66, "Plan Rows": 4713344, "Plan Width": 19, "Plans": [{"Node Type": "Index Scan", "Parent Relationship": "Outer", "Scan Direction": "Forward", "Index Name": "idx_lineitem_orderkey", "Relation Name": "lineitem", "Alias": "lineitem", "Startup Cost": 0.0, "Total Cost": 2739640.18, "Plan Rows": 294584, "Plan Width": 19, "Filter": "((l_shipmode = ANY ('{RAIL,FOB}'::bpchar[])) AND (l_commitdate < l_receiptdate) AND (l_shipdate < l_commitdate) AND (l_receiptdate >= '1997-01-01 00:00:00'::timestamp(0) without time zone) AND (l_receiptdate < '1998-01-01 00:00:00'::timestamp without time zone)), (LLVM Optimized)"}]}, {"Node Type": "Hash", "Parent Relationship": "Inner", "Startup Cost": 605358.32, "Total Cost": 605358.32, "Plan Rows": 14999479, "Plan Width": 24, "Plans": [{"Node Type": "Index Scan", "Parent Relationship": "Outer", "Scan Direction": "Forward", "Index Name": "orders_pkey", "Relation Name": "orders", "Alias": "orders", "Startup Cost": 0.0, "Total Cost": 605358.32, "Plan Rows": 14999479, "Plan Width": 24}]}]}]}]}]}]}]}, "Unique SQL Id": 2036526415, "Planner Runtime": 0}, "explain_analyze_plan": {"Plan": {"Node Type": "Sort", "Startup Cost": 3385295.37, "Total Cost": 3385295.37, "Plan Rows": 1, "Plan Width": 43, "Actual Min Startup Time": 5075.032, "Actual Max Startup Time": 5075.032, "Actual Min Total Time": 5075.033, "Actual Max Total Time": 5075.033, "Sort Key": ["lineitem.l_shipmode"], "Sort Method": "quicksort", "Sort Space Min Used": 25, "Sort Space Max Used": 25, "Sort Space Type": "Memory", "Plans": [{"Node Type": "Streaming(type: LOCAL GATHER dop: 1/16)", "Parent Relationship": "Outer", "Startup Cost": 3385295.35, "Total Cost": 3385295.36, "Plan Rows": 1, "Plan Width": 43, "Actual Min Startup Time": 5074.885, "Actual Max Startup Time": 5074.885, "Actual Min Total Time": 5074.987, "Actual Max Total Time": 5074.987, "Plans": [{"Node Type": "Aggregate", "Strategy": "Hashed", "Parent Relationship": "Outer", "Startup Cost": 3385295.35, "Total Cost": 3385295.35, "Plan Rows": 1, "Plan Width": 43, "Actual Min Startup Time": 5015.588, "Actual Max Startup Time": 5024.638, "Actual Min Total Time": 5015.588, "Actual Max Total Time": 5024.638, "Group By Key": ["lineitem.l_shipmode"], "Plans": [{"Node Type": "Streaming(type: LOCAL REDISTRIBUTE dop: 16/16)", "Parent Relationship": "Outer", "Startup Cost": 3385295.33, "Total Cost": 3385295.35, "Plan Rows": 1, "Plan Width": 43, "Actual Min Startup Time": 5012.32, "Actual Max Startup Time": 5024.63, "Actual Min Total Time": 5015.583, "Actual Max Total Time": 5024.63, "Plans": [{"Node Type": "Aggregate", "Strategy": "Hashed", "Parent Relationship": "Outer", "Startup Cost": 3385295.33, "Total Cost": 3385295.33, "Plan Rows": 1, "Plan Width": 43, "Actual Min Startup Time": 4974.395, "Actual Max Startup Time": 5022.138, "Actual Min Total Time": 4974.397, "Actual Max Total Time": 5022.139, "Group By Key": ["lineitem.l_shipmode"], "Plans": [{"Node Type": "Hash Join", "Parent Relationship": "Outer", "Join Type": "Inner", "Startup Cost": 617076.66, "Total Cost": 3384973.13, "Plan Rows": 294584, "Plan Width": 27, "Actual Min Startup Time": 1064.978, "Actual Max Startup Time": 1217.017, "Actual Min Total Time": 4947.451, "Actual Max Total Time": 5001.164, "Inner Unique": true, "Hash Cond": "(lineitem.l_orderkey = orders.o_orderkey), (LLVM Optimized, Jit Execute)", "Plans": [{"Node Type": "Streaming(type: BROADCAST dop: 16/16)", "Parent Relationship": "Outer", "Startup Cost": 0.0, "Total Cost": 2766607.66, "Plan Rows": 4713344, "Plan Width": 19, "Actual Min Startup Time": 0.061, "Actual Max Startup Time": 0.124, "Actual Min Total Time": 3631.718, "Actual Max Total Time": 3764.15, "Plans": [{"Node Type": "Index Scan", "Parent Relationship": "Outer", "Scan Direction": "Forward", "Index Name": "idx_lineitem_orderkey", "Relation Name": "lineitem", "Alias": "lineitem", "Startup Cost": 0.0, "Total Cost": 2739640.18, "Plan Rows": 294584, "Plan Width": 19, "Actual Min Startup Time": 543.73, "Actual Max Startup Time": 581.962, "Actual Min Total Time": 3404.899, "Actual Max Total Time": 4158.411, "Filter": "((l_shipmode = ANY ('{RAIL,FOB}'::bpchar[])) AND (l_commitdate < l_receiptdate) AND (l_shipdate < l_commitdate) AND (l_receiptdate >= '1997-01-01 00:00:00'::timestamp(0) without time zone) AND (l_receiptdate < '1998-01-01 00:00:00'::timestamp without time zone)), (LLVM Optimized, Jit Execute)", "Rows Removed by Filter": 59674804, "Actual Rows": 311248}], "Actual Rows": 4979968}, {"Node Type": "Hash", "Parent Relationship": "Inner", "Startup Cost": 605358.32, "Total Cost": 605358.32, "Plan Rows": 14999479, "Plan Width": 24, "Actual Min Startup Time": 1063.349, "Actual Max Startup Time": 1215.506, "Actual Min Total Time": 1063.349, "Actual Max Total Time": 1215.506, "Max Hash Buckets": 1048576, "Min Hash Buckets": 1048576, "Max Hash Batches": 1, "Min Hash Batches": 1, "Max Original Hash Batches": 1, "Min Original Hash Batches": 1, "Max Peak Memory Usage": 51275, "min Peak Memory Usage": 51275, "Plans": [{"Node Type": "Index Scan", "Parent Relationship": "Outer", "Scan Direction": "Forward", "Index Name": "orders_pkey", "Relation Name": "orders", "Alias": "orders", "Startup Cost": 0.0, "Total Cost": 605358.32, "Plan Rows": 14999479, "Plan Width": 24, "Actual Min Startup Time": 138.453, "Actual Max Startup Time": 185.894, "Actual Min Total Time": 740.2, "Actual Max Total Time": 900.065, "Actual Rows": 15000000}], "Actual Rows": 15000000}], "Actual Rows": 311248}], "Actual Rows": 32}], "Actual Rows": 32}], "Actual Rows": 2}], "Actual Rows": 2}], "Actual Rows": 2}, "Triggers": [], "Planner Runtime": 0.935, "Total Runtime": 5095.078, "Unique SQL Id": 2036526415}}, "(16, '70')": {"explain_plan": {"Plan": {"Node Type": "Sort", "Startup Cost": 269757.31, "Total Cost": 269757.31, "Plan Rows": 1, "Plan Width": 43, "Sort Key": ["lineitem.l_shipmode"], "Plans": [{"Node Type": "Streaming(type: LOCAL GATHER dop: 1/16)", "Parent Relationship": "Outer", "Startup Cost": 269757.29, "Total Cost": 269757.3, "Plan Rows": 1, "Plan Width": 43, "Plans": [{"Node Type": "Aggregate", "Strategy": "Hashed", "Parent Relationship": "Outer", "Startup Cost": 269757.29, "Total Cost": 269757.29, "Plan Rows": 1, "Plan Width": 43, "Group By Key": ["lineitem.l_shipmode"], "Plans": [{"Node Type": "Streaming(type: LOCAL REDISTRIBUTE dop: 16/16)", "Parent Relationship": "Outer", "Startup Cost": 269757.27, "Total Cost": 269757.29, "Plan Rows": 1, "Plan Width": 43, "Plans": [{"Node Type": "Aggregate", "Strategy": "Hashed", "Parent Relationship": "Outer", "Startup Cost": 269757.27, "Total Cost": 269757.27, "Plan Rows": 1, "Plan Width": 43, "Group By Key": ["lineitem.l_shipmode"], "Plans": [{"Node Type": "Hash Join", "Parent Relationship": "Outer", "Join Type": "Inner", "Startup Cost": 53371.45, "Total Cost": 269435.07, "Plan Rows": 294584, "Plan Width": 27, "Inner Unique": true, "Hash Cond": "(lineitem.l_orderkey = orders.o_orderkey), (LLVM Optimized)", "Plans": [{"Node Type": "Streaming(type: BROADCAST dop: 16/16)", "Parent Relationship": "Outer", "Startup Cost": 2.24, "Total Cost": 214777.05, "Plan Rows": 4713344, "Plan Width": 19, "Plans": [{"Node Type": "Seq Scan", "Parent Relationship": "Outer", "Relation Name": "lineitem", "Alias": "lineitem", "Startup Cost": 2.24, "Total Cost": 187809.58, "Plan Rows": 294584, "Plan Width": 19, "Filter": "((l_shipmode = ANY ('{RAIL,FOB}'::bpchar[])) AND (l_commitdate < l_receiptdate) AND (l_shipdate < l_commitdate) AND (l_receiptdate >= '1997-01-01 00:00:00'::timestamp(0) without time zone) AND (l_receiptdate < '1998-01-01 00:00:00'::timestamp without time zone)), (LLVM Optimized)"}]}, {"Node Type": "Hash", "Parent Relationship": "Inner", "Startup Cost": 41650.86, "Total Cost": 41650.86, "Plan Rows": 14999479, "Plan Width": 24, "Plans": [{"Node Type": "Seq Scan", "Parent Relationship": "Outer", "Relation Name": "orders", "Alias": "orders", "Startup Cost": 0.0, "Total Cost": 41650.86, "Plan Rows": 14999479, "Plan Width": 24}]}]}]}]}]}]}]}, "Unique SQL Id": 2036526415, "Planner Runtime": 0}, "explain_analyze_plan": {"Plan": {"Node Type": "Sort", "Startup Cost": 269757.31, "Total Cost": 269757.31, "Plan Rows": 1, "Plan Width": 43, "Actual Min Startup Time": 3400.937, "Actual Max Startup Time": 3400.937, "Actual Min Total Time": 3400.938, "Actual Max Total Time": 3400.938, "Sort Key": ["lineitem.l_shipmode"], "Sort Method": "quicksort", "Sort Space Min Used": 25, "Sort Space Max Used": 25, "Sort Space Type": "Memory", "Plans": [{"Node Type": "Streaming(type: LOCAL GATHER dop: 1/16)", "Parent Relationship": "Outer", "Startup Cost": 269757.29, "Total Cost": 269757.3, "Plan Rows": 1, "Plan Width": 43, "Actual Min Startup Time": 3400.842, "Actual Max Startup Time": 3400.842, "Actual Min Total Time": 3400.891, "Actual Max Total Time": 3400.891, "Plans": [{"Node Type": "Aggregate", "Strategy": "Hashed", "Parent Relationship": "Outer", "Startup Cost": 269757.29, "Total Cost": 269757.29, "Plan Rows": 1, "Plan Width": 43, "Actual Min Startup Time": 3337.8, "Actual Max Startup Time": 3345.421, "Actual Min Total Time": 3337.8, "Actual Max Total Time": 3345.421, "Group By Key": ["lineitem.l_shipmode"], "Plans": [{"Node Type": "Streaming(type: LOCAL REDISTRIBUTE dop: 16/16)", "Parent Relationship": "Outer", "Startup Cost": 269757.27, "Total Cost": 269757.29, "Plan Rows": 1, "Plan Width": 43, "Actual Min Startup Time": 3335.863, "Actual Max Startup Time": 3345.414, "Actual Min Total Time": 3337.795, "Actual Max Total Time": 3345.414, "Plans": [{"Node Type": "Aggregate", "Strategy": "Hashed", "Parent Relationship": "Outer", "Startup Cost": 269757.27, "Total Cost": 269757.27, "Plan Rows": 1, "Plan Width": 43, "Actual Min Startup Time": 3284.075, "Actual Max Startup Time": 3343.851, "Actual Min Total Time": 3284.076, "Actual Max Total Time": 3343.852, "Group By Key": ["lineitem.l_shipmode"], "Plans": [{"Node Type": "Hash Join", "Parent Relationship": "Outer", "Join Type": "Inner", "Startup Cost": 53371.45, "Total Cost": 269435.07, "Plan Rows": 294584, "Plan Width": 27, "Actual Min Startup Time": 646.97, "Actual Max Startup Time": 684.999, "Actual Min Total Time": 3258.294, "Actual Max Total Time": 3323.129, "Inner Unique": true, "Hash Cond": "(lineitem.l_orderkey = orders.o_orderkey), (LLVM Optimized, Jit Execute)", "Plans": [{"Node Type": "Streaming(type: BROADCAST dop: 16/16)", "Parent Relationship": "Outer", "Startup Cost": 2.24, "Total Cost": 214777.05, "Plan Rows": 4713344, "Plan Width": 19, "Actual Min Startup Time": 0.063, "Actual Max Startup Time": 0.129, "Actual Min Total Time": 2404.235, "Actual Max Total Time": 2547.525, "Plans": [{"Node Type": "Seq Scan", "Parent Relationship": "Outer", "Relation Name": "lineitem", "Alias": "lineitem", "Startup Cost": 2.24, "Total Cost": 187809.58, "Plan Rows": 294584, "Plan Width": 19, "Actual Min Startup Time": 0.035, "Actual Max Startup Time": 0.361, "Actual Min Total Time": 1573.952, "Actual Max Total Time": 2392.415, "Filter": "((l_shipmode = ANY ('{RAIL,FOB}'::bpchar[])) AND (l_commitdate < l_receiptdate) AND (l_shipdate < l_commitdate) AND (l_receiptdate >= '1997-01-01 00:00:00'::timestamp(0) without time zone) AND (l_receiptdate < '1998-01-01 00:00:00'::timestamp without time zone)), (LLVM Optimized, Jit Execute)", "Rows Removed by Filter": 59674804, "Actual Rows": 311248}], "Actual Rows": 4979968}, {"Node Type": "Hash", "Parent Relationship": "Inner", "Startup Cost": 41650.86, "Total Cost": 41650.86, "Plan Rows": 14999479, "Plan Width": 24, "Actual Min Startup Time": 645.416, "Actual Max Startup Time": 683.761, "Actual Min Total Time": 645.416, "Actual Max Total Time": 683.761, "Max Hash Buckets": 1048576, "Min Hash Buckets": 1048576, "Max Hash Batches": 1, "Min Hash Batches": 1, "Max Original Hash Batches": 1, "Min Original Hash Batches": 1, "Max Peak Memory Usage": 51347, "min Peak Memory Usage": 51347, "Plans": [{"Node Type": "Seq Scan", "Parent Relationship": "Outer", "Relation Name": "orders", "Alias": "orders", "Startup Cost": 0.0, "Total Cost": 41650.86, "Plan Rows": 14999479, "Plan Width": 24, "Actual Min Startup Time": 0.021, "Actual Max Startup Time": 0.036, "Actual Min Total Time": 332.744, "Actual Max Total Time": 356.106, "Actual Rows": 15000000}], "Actual Rows": 15000000}], "Actual Rows": 311248}], "Actual Rows": 32}], "Actual Rows": 32}], "Actual Rows": 2}], "Actual Rows": 2}], "Actual Rows": 2}, "Triggers": [], "Planner Runtime": 1.004, "Total Runtime": 3420.644, "Unique SQL Id": 2036526415}}, "(16, '71')": {"explain_plan": {"Plan": {"Node Type": "Sort", "Startup Cost": 4921486.87, "Total Cost": 4921486.87, "Plan Rows": 1, "Plan Width": 43, "Sort Key": ["lineitem.l_shipmode"], "Plans": [{"Node Type": "Aggregate", "Strategy": "Hashed", "Parent Relationship": "Outer", "Startup Cost": 4921486.85, "Total Cost": 4921486.86, "Plan Rows": 1, "Plan Width": 43, "Group By Key": ["lineitem.l_shipmode"], "Plans": [{"Node Type": "Hash Join", "Parent Relationship": "Outer", "Join Type": "Inner", "Startup Cost": 2147327.85, "Total Cost": 4916331.63, "Plan Rows": 294584, "Plan Width": 27, "Inner Unique": true, "Hash Cond": "(lineitem.l_orderkey = orders.o_orderkey), (LLVM Optimized)", "Plans": [{"Node Type": "Bitmap Heap Scan", "Parent Relationship": "Outer", "Relation Name": "lineitem", "Alias": "lineitem", "Startup Cost": 1225109.06, "Total Cost": 3990062.3, "Plan Rows": 294584, "Plan Width": 19, "Filter": "((l_shipmode = ANY ('{RAIL,FOB}'::bpchar[])) AND (l_commitdate < l_receiptdate) AND (l_shipdate < l_commitdate) AND (l_receiptdate >= '1997-01-01 00:00:00'::timestamp(0) without time zone) AND (l_receiptdate < '1998-01-01 00:00:00'::timestamp without time zone)), (LLVM Optimized)", "Plans": [{"Node Type": "Bitmap Index Scan", "Parent Relationship": "Outer", "Index Name": "idx_lineitem_orderkey", "Startup Cost": 0.0, "Total Cost": 1225035.42, "Plan Rows": 59987033, "Plan Width": 0}]}, {"Node Type": "Hash", "Parent Relationship": "Inner", "Startup Cost": 734725.3, "Total Cost": 734725.3, "Plan Rows": 14999479, "Plan Width": 24, "Plans": [{"Node Type": "Bitmap Heap Scan", "Parent Relationship": "Outer", "Relation Name": "orders", "Alias": "orders", "Startup Cost": 308311.51, "Total Cost": 734725.3, "Plan Rows": 14999479, "Plan Width": 24, "Plans": [{"Node Type": "Bitmap Index Scan", "Parent Relationship": "Outer", "Index Name": "orders_pkey", "Startup Cost": 0.0, "Total Cost": 304561.65, "Plan Rows": 14999479, "Plan Width": 0}]}]}]}]}]}, "Unique SQL Id": 2036526415, "Planner Runtime": 1}, "explain_analyze_plan": null}, "(16, '72')": {"explain_plan": {"Plan": {"Node Type": "Sort", "Startup Cost": 269757.31, "Total Cost": 269757.31, "Plan Rows": 1, "Plan Width": 43, "Sort Key": ["lineitem.l_shipmode"], "Plans": [{"Node Type": "Streaming(type: LOCAL GATHER dop: 1/16)", "Parent Relationship": "Outer", "Startup Cost": 269757.29, "Total Cost": 269757.3, "Plan Rows": 1, "Plan Width": 43, "Plans": [{"Node Type": "Aggregate", "Strategy": "Hashed", "Parent Relationship": "Outer", "Startup Cost": 269757.29, "Total Cost": 269757.29, "Plan Rows": 1, "Plan Width": 43, "Group By Key": ["lineitem.l_shipmode"], "Plans": [{"Node Type": "Streaming(type: LOCAL REDISTRIBUTE dop: 16/16)", "Parent Relationship": "Outer", "Startup Cost": 269757.27, "Total Cost": 269757.29, "Plan Rows": 1, "Plan Width": 43, "Plans": [{"Node Type": "Aggregate", "Strategy": "Hashed", "Parent Relationship": "Outer", "Startup Cost": 269757.27, "Total Cost": 269757.27, "Plan Rows": 1, "Plan Width": 43, "Group By Key": ["lineitem.l_shipmode"], "Plans": [{"Node Type": "Hash Join", "Parent Relationship": "Outer", "Join Type": "Inner", "Startup Cost": 53371.45, "Total Cost": 269435.07, "Plan Rows": 294584, "Plan Width": 27, "Inner Unique": true, "Hash Cond": "(lineitem.l_orderkey = orders.o_orderkey), (LLVM Optimized)", "Plans": [{"Node Type": "Streaming(type: BROADCAST dop: 16/16)", "Parent Relationship": "Outer", "Startup Cost": 2.24, "Total Cost": 214777.05, "Plan Rows": 4713344, "Plan Width": 19, "Plans": [{"Node Type": "Seq Scan", "Parent Relationship": "Outer", "Relation Name": "lineitem", "Alias": "lineitem", "Startup Cost": 2.24, "Total Cost": 187809.58, "Plan Rows": 294584, "Plan Width": 19, "Filter": "((l_shipmode = ANY ('{RAIL,FOB}'::bpchar[])) AND (l_commitdate < l_receiptdate) AND (l_shipdate < l_commitdate) AND (l_receiptdate >= '1997-01-01 00:00:00'::timestamp(0) without time zone) AND (l_receiptdate < '1998-01-01 00:00:00'::timestamp without time zone)), (LLVM Optimized)"}]}, {"Node Type": "Hash", "Parent Relationship": "Inner", "Startup Cost": 41650.86, "Total Cost": 41650.86, "Plan Rows": 14999479, "Plan Width": 24, "Plans": [{"Node Type": "Seq Scan", "Parent Relationship": "Outer", "Relation Name": "orders", "Alias": "orders", "Startup Cost": 0.0, "Total Cost": 41650.86, "Plan Rows": 14999479, "Plan Width": 24}]}]}]}]}]}]}]}, "Unique SQL Id": 2036526415, "Planner Runtime": 1}, "explain_analyze_plan": {"Plan": {"Node Type": "Sort", "Startup Cost": 269757.31, "Total Cost": 269757.31, "Plan Rows": 1, "Plan Width": 43, "Actual Min Startup Time": 3400.937, "Actual Max Startup Time": 3400.937, "Actual Min Total Time": 3400.938, "Actual Max Total Time": 3400.938, "Sort Key": ["lineitem.l_shipmode"], "Sort Method": "quicksort", "Sort Space Min Used": 25, "Sort Space Max Used": 25, "Sort Space Type": "Memory", "Plans": [{"Node Type": "Streaming(type: LOCAL GATHER dop: 1/16)", "Parent Relationship": "Outer", "Startup Cost": 269757.29, "Total Cost": 269757.3, "Plan Rows": 1, "Plan Width": 43, "Actual Min Startup Time": 3400.842, "Actual Max Startup Time": 3400.842, "Actual Min Total Time": 3400.891, "Actual Max Total Time": 3400.891, "Plans": [{"Node Type": "Aggregate", "Strategy": "Hashed", "Parent Relationship": "Outer", "Startup Cost": 269757.29, "Total Cost": 269757.29, "Plan Rows": 1, "Plan Width": 43, "Actual Min Startup Time": 3337.8, "Actual Max Startup Time": 3345.421, "Actual Min Total Time": 3337.8, "Actual Max Total Time": 3345.421, "Group By Key": ["lineitem.l_shipmode"], "Plans": [{"Node Type": "Streaming(type: LOCAL REDISTRIBUTE dop: 16/16)", "Parent Relationship": "Outer", "Startup Cost": 269757.27, "Total Cost": 269757.29, "Plan Rows": 1, "Plan Width": 43, "Actual Min Startup Time": 3335.863, "Actual Max Startup Time": 3345.414, "Actual Min Total Time": 3337.795, "Actual Max Total Time": 3345.414, "Plans": [{"Node Type": "Aggregate", "Strategy": "Hashed", "Parent Relationship": "Outer", "Startup Cost": 269757.27, "Total Cost": 269757.27, "Plan Rows": 1, "Plan Width": 43, "Actual Min Startup Time": 3284.075, "Actual Max Startup Time": 3343.851, "Actual Min Total Time": 3284.076, "Actual Max Total Time": 3343.852, "Group By Key": ["lineitem.l_shipmode"], "Plans": [{"Node Type": "Hash Join", "Parent Relationship": "Outer", "Join Type": "Inner", "Startup Cost": 53371.45, "Total Cost": 269435.07, "Plan Rows": 294584, "Plan Width": 27, "Actual Min Startup Time": 646.97, "Actual Max Startup Time": 684.999, "Actual Min Total Time": 3258.294, "Actual Max Total Time": 3323.129, "Inner Unique": true, "Hash Cond": "(lineitem.l_orderkey = orders.o_orderkey), (LLVM Optimized, Jit Execute)", "Plans": [{"Node Type": "Streaming(type: BROADCAST dop: 16/16)", "Parent Relationship": "Outer", "Startup Cost": 2.24, "Total Cost": 214777.05, "Plan Rows": 4713344, "Plan Width": 19, "Actual Min Startup Time": 0.063, "Actual Max Startup Time": 0.129, "Actual Min Total Time": 2404.235, "Actual Max Total Time": 2547.525, "Plans": [{"Node Type": "Seq Scan", "Parent Relationship": "Outer", "Relation Name": "lineitem", "Alias": "lineitem", "Startup Cost": 2.24, "Total Cost": 187809.58, "Plan Rows": 294584, "Plan Width": 19, "Actual Min Startup Time": 0.035, "Actual Max Startup Time": 0.361, "Actual Min Total Time": 1573.952, "Actual Max Total Time": 2392.415, "Filter": "((l_shipmode = ANY ('{RAIL,FOB}'::bpchar[])) AND (l_commitdate < l_receiptdate) AND (l_shipdate < l_commitdate) AND (l_receiptdate >= '1997-01-01 00:00:00'::timestamp(0) without time zone) AND (l_receiptdate < '1998-01-01 00:00:00'::timestamp without time zone)), (LLVM Optimized, Jit Execute)", "Rows Removed by Filter": 59674804, "Actual Rows": 311248}], "Actual Rows": 4979968}, {"Node Type": "Hash", "Parent Relationship": "Inner", "Startup Cost": 41650.86, "Total Cost": 41650.86, "Plan Rows": 14999479, "Plan Width": 24, "Actual Min Startup Time": 645.416, "Actual Max Startup Time": 683.761, "Actual Min Total Time": 645.416, "Actual Max Total Time": 683.761, "Max Hash Buckets": 1048576, "Min Hash Buckets": 1048576, "Max Hash Batches": 1, "Min Hash Batches": 1, "Max Original Hash Batches": 1, "Min Original Hash Batches": 1, "Max Peak Memory Usage": 51347, "min Peak Memory Usage": 51347, "Plans": [{"Node Type": "Seq Scan", "Parent Relationship": "Outer", "Relation Name": "orders", "Alias": "orders", "Startup Cost": 0.0, "Total Cost": 41650.86, "Plan Rows": 14999479, "Plan Width": 24, "Actual Min Startup Time": 0.021, "Actual Max Startup Time": 0.036, "Actual Min Total Time": 332.744, "Actual Max Total Time": 356.106, "Actual Rows": 15000000}], "Actual Rows": 15000000}], "Actual Rows": 311248}], "Actual Rows": 32}], "Actual Rows": 32}], "Actual Rows": 2}], "Actual Rows": 2}], "Actual Rows": 2}, "Triggers": [], "Planner Runtime": 1.004, "Total Runtime": 3420.644, "Unique SQL Id": 2036526415}}, "(16, '73')": {"explain_plan": {"Plan": {"Node Type": "Sort", "Startup Cost": 3385295.37, "Total Cost": 3385295.37, "Plan Rows": 1, "Plan Width": 43, "Sort Key": ["lineitem.l_shipmode"], "Plans": [{"Node Type": "Streaming(type: LOCAL GATHER dop: 1/16)", "Parent Relationship": "Outer", "Startup Cost": 3385295.35, "Total Cost": 3385295.36, "Plan Rows": 1, "Plan Width": 43, "Plans": [{"Node Type": "Aggregate", "Strategy": "Hashed", "Parent Relationship": "Outer", "Startup Cost": 3385295.35, "Total Cost": 3385295.35, "Plan Rows": 1, "Plan Width": 43, "Group By Key": ["lineitem.l_shipmode"], "Plans": [{"Node Type": "Streaming(type: LOCAL REDISTRIBUTE dop: 16/16)", "Parent Relationship": "Outer", "Startup Cost": 3385295.33, "Total Cost": 3385295.35, "Plan Rows": 1, "Plan Width": 43, "Plans": [{"Node Type": "Aggregate", "Strategy": "Hashed", "Parent Relationship": "Outer", "Startup Cost": 3385295.33, "Total Cost": 3385295.33, "Plan Rows": 1, "Plan Width": 43, "Group By Key": ["lineitem.l_shipmode"], "Plans": [{"Node Type": "Hash Join", "Parent Relationship": "Outer", "Join Type": "Inner", "Startup Cost": 617076.66, "Total Cost": 3384973.13, "Plan Rows": 294584, "Plan Width": 27, "Inner Unique": true, "Hash Cond": "(lineitem.l_orderkey = orders.o_orderkey), (LLVM Optimized)", "Plans": [{"Node Type": "Streaming(type: BROADCAST dop: 16/16)", "Parent Relationship": "Outer", "Startup Cost": 0.0, "Total Cost": 2766607.66, "Plan Rows": 4713344, "Plan Width": 19, "Plans": [{"Node Type": "Index Scan", "Parent Relationship": "Outer", "Scan Direction": "Forward", "Index Name": "idx_lineitem_orderkey", "Relation Name": "lineitem", "Alias": "lineitem", "Startup Cost": 0.0, "Total Cost": 2739640.18, "Plan Rows": 294584, "Plan Width": 19, "Filter": "((l_shipmode = ANY ('{RAIL,FOB}'::bpchar[])) AND (l_commitdate < l_receiptdate) AND (l_shipdate < l_commitdate) AND (l_receiptdate >= '1997-01-01 00:00:00'::timestamp(0) without time zone) AND (l_receiptdate < '1998-01-01 00:00:00'::timestamp without time zone)), (LLVM Optimized)"}]}, {"Node Type": "Hash", "Parent Relationship": "Inner", "Startup Cost": 605358.32, "Total Cost": 605358.32, "Plan Rows": 14999479, "Plan Width": 24, "Plans": [{"Node Type": "Index Scan", "Parent Relationship": "Outer", "Scan Direction": "Forward", "Index Name": "orders_pkey", "Relation Name": "orders", "Alias": "orders", "Startup Cost": 0.0, "Total Cost": 605358.32, "Plan Rows": 14999479, "Plan Width": 24}]}]}]}]}]}]}]}, "Unique SQL Id": 2036526415, "Planner Runtime": 1}, "explain_analyze_plan": {"Plan": {"Node Type": "Sort", "Startup Cost": 3385295.37, "Total Cost": 3385295.37, "Plan Rows": 1, "Plan Width": 43, "Actual Min Startup Time": 5075.032, "Actual Max Startup Time": 5075.032, "Actual Min Total Time": 5075.033, "Actual Max Total Time": 5075.033, "Sort Key": ["lineitem.l_shipmode"], "Sort Method": "quicksort", "Sort Space Min Used": 25, "Sort Space Max Used": 25, "Sort Space Type": "Memory", "Plans": [{"Node Type": "Streaming(type: LOCAL GATHER dop: 1/16)", "Parent Relationship": "Outer", "Startup Cost": 3385295.35, "Total Cost": 3385295.36, "Plan Rows": 1, "Plan Width": 43, "Actual Min Startup Time": 5074.885, "Actual Max Startup Time": 5074.885, "Actual Min Total Time": 5074.987, "Actual Max Total Time": 5074.987, "Plans": [{"Node Type": "Aggregate", "Strategy": "Hashed", "Parent Relationship": "Outer", "Startup Cost": 3385295.35, "Total Cost": 3385295.35, "Plan Rows": 1, "Plan Width": 43, "Actual Min Startup Time": 5015.588, "Actual Max Startup Time": 5024.638, "Actual Min Total Time": 5015.588, "Actual Max Total Time": 5024.638, "Group By Key": ["lineitem.l_shipmode"], "Plans": [{"Node Type": "Streaming(type: LOCAL REDISTRIBUTE dop: 16/16)", "Parent Relationship": "Outer", "Startup Cost": 3385295.33, "Total Cost": 3385295.35, "Plan Rows": 1, "Plan Width": 43, "Actual Min Startup Time": 5012.32, "Actual Max Startup Time": 5024.63, "Actual Min Total Time": 5015.583, "Actual Max Total Time": 5024.63, "Plans": [{"Node Type": "Aggregate", "Strategy": "Hashed", "Parent Relationship": "Outer", "Startup Cost": 3385295.33, "Total Cost": 3385295.33, "Plan Rows": 1, "Plan Width": 43, "Actual Min Startup Time": 4974.395, "Actual Max Startup Time": 5022.138, "Actual Min Total Time": 4974.397, "Actual Max Total Time": 5022.139, "Group By Key": ["lineitem.l_shipmode"], "Plans": [{"Node Type": "Hash Join", "Parent Relationship": "Outer", "Join Type": "Inner", "Startup Cost": 617076.66, "Total Cost": 3384973.13, "Plan Rows": 294584, "Plan Width": 27, "Actual Min Startup Time": 1064.978, "Actual Max Startup Time": 1217.017, "Actual Min Total Time": 4947.451, "Actual Max Total Time": 5001.164, "Inner Unique": true, "Hash Cond": "(lineitem.l_orderkey = orders.o_orderkey), (LLVM Optimized, Jit Execute)", "Plans": [{"Node Type": "Streaming(type: BROADCAST dop: 16/16)", "Parent Relationship": "Outer", "Startup Cost": 0.0, "Total Cost": 2766607.66, "Plan Rows": 4713344, "Plan Width": 19, "Actual Min Startup Time": 0.061, "Actual Max Startup Time": 0.124, "Actual Min Total Time": 3631.718, "Actual Max Total Time": 3764.15, "Plans": [{"Node Type": "Index Scan", "Parent Relationship": "Outer", "Scan Direction": "Forward", "Index Name": "idx_lineitem_orderkey", "Relation Name": "lineitem", "Alias": "lineitem", "Startup Cost": 0.0, "Total Cost": 2739640.18, "Plan Rows": 294584, "Plan Width": 19, "Actual Min Startup Time": 543.73, "Actual Max Startup Time": 581.962, "Actual Min Total Time": 3404.899, "Actual Max Total Time": 4158.411, "Filter": "((l_shipmode = ANY ('{RAIL,FOB}'::bpchar[])) AND (l_commitdate < l_receiptdate) AND (l_shipdate < l_commitdate) AND (l_receiptdate >= '1997-01-01 00:00:00'::timestamp(0) without time zone) AND (l_receiptdate < '1998-01-01 00:00:00'::timestamp without time zone)), (LLVM Optimized, Jit Execute)", "Rows Removed by Filter": 59674804, "Actual Rows": 311248}], "Actual Rows": 4979968}, {"Node Type": "Hash", "Parent Relationship": "Inner", "Startup Cost": 605358.32, "Total Cost": 605358.32, "Plan Rows": 14999479, "Plan Width": 24, "Actual Min Startup Time": 1063.349, "Actual Max Startup Time": 1215.506, "Actual Min Total Time": 1063.349, "Actual Max Total Time": 1215.506, "Max Hash Buckets": 1048576, "Min Hash Buckets": 1048576, "Max Hash Batches": 1, "Min Hash Batches": 1, "Max Original Hash Batches": 1, "Min Original Hash Batches": 1, "Max Peak Memory Usage": 51275, "min Peak Memory Usage": 51275, "Plans": [{"Node Type": "Index Scan", "Parent Relationship": "Outer", "Scan Direction": "Forward", "Index Name": "orders_pkey", "Relation Name": "orders", "Alias": "orders", "Startup Cost": 0.0, "Total Cost": 605358.32, "Plan Rows": 14999479, "Plan Width": 24, "Actual Min Startup Time": 138.453, "Actual Max Startup Time": 185.894, "Actual Min Total Time": 740.2, "Actual Max Total Time": 900.065, "Actual Rows": 15000000}], "Actual Rows": 15000000}], "Actual Rows": 311248}], "Actual Rows": 32}], "Actual Rows": 32}], "Actual Rows": 2}], "Actual Rows": 2}], "Actual Rows": 2}, "Triggers": [], "Planner Runtime": 0.935, "Total Runtime": 5095.078, "Unique SQL Id": 2036526415}}, "(16, '74')": {"explain_plan": {"Plan": {"Node Type": "Sort", "Startup Cost": 269757.31, "Total Cost": 269757.31, "Plan Rows": 1, "Plan Width": 43, "Sort Key": ["lineitem.l_shipmode"], "Plans": [{"Node Type": "Streaming(type: LOCAL GATHER dop: 1/16)", "Parent Relationship": "Outer", "Startup Cost": 269757.29, "Total Cost": 269757.3, "Plan Rows": 1, "Plan Width": 43, "Plans": [{"Node Type": "Aggregate", "Strategy": "Hashed", "Parent Relationship": "Outer", "Startup Cost": 269757.29, "Total Cost": 269757.29, "Plan Rows": 1, "Plan Width": 43, "Group By Key": ["lineitem.l_shipmode"], "Plans": [{"Node Type": "Streaming(type: LOCAL REDISTRIBUTE dop: 16/16)", "Parent Relationship": "Outer", "Startup Cost": 269757.27, "Total Cost": 269757.29, "Plan Rows": 1, "Plan Width": 43, "Plans": [{"Node Type": "Aggregate", "Strategy": "Hashed", "Parent Relationship": "Outer", "Startup Cost": 269757.27, "Total Cost": 269757.27, "Plan Rows": 1, "Plan Width": 43, "Group By Key": ["lineitem.l_shipmode"], "Plans": [{"Node Type": "Hash Join", "Parent Relationship": "Outer", "Join Type": "Inner", "Startup Cost": 53371.45, "Total Cost": 269435.07, "Plan Rows": 294584, "Plan Width": 27, "Inner Unique": true, "Hash Cond": "(lineitem.l_orderkey = orders.o_orderkey), (LLVM Optimized)", "Plans": [{"Node Type": "Streaming(type: BROADCAST dop: 16/16)", "Parent Relationship": "Outer", "Startup Cost": 2.24, "Total Cost": 214777.05, "Plan Rows": 4713344, "Plan Width": 19, "Plans": [{"Node Type": "Seq Scan", "Parent Relationship": "Outer", "Relation Name": "lineitem", "Alias": "lineitem", "Startup Cost": 2.24, "Total Cost": 187809.58, "Plan Rows": 294584, "Plan Width": 19, "Filter": "((l_shipmode = ANY ('{RAIL,FOB}'::bpchar[])) AND (l_commitdate < l_receiptdate) AND (l_shipdate < l_commitdate) AND (l_receiptdate >= '1997-01-01 00:00:00'::timestamp(0) without time zone) AND (l_receiptdate < '1998-01-01 00:00:00'::timestamp without time zone)), (LLVM Optimized)"}]}, {"Node Type": "Hash", "Parent Relationship": "Inner", "Startup Cost": 41650.86, "Total Cost": 41650.86, "Plan Rows": 14999479, "Plan Width": 24, "Plans": [{"Node Type": "Seq Scan", "Parent Relationship": "Outer", "Relation Name": "orders", "Alias": "orders", "Startup Cost": 0.0, "Total Cost": 41650.86, "Plan Rows": 14999479, "Plan Width": 24}]}]}]}]}]}]}]}, "Unique SQL Id": 2036526415, "Planner Runtime": 0}, "explain_analyze_plan": {"Plan": {"Node Type": "Sort", "Startup Cost": 269757.31, "Total Cost": 269757.31, "Plan Rows": 1, "Plan Width": 43, "Actual Min Startup Time": 3400.937, "Actual Max Startup Time": 3400.937, "Actual Min Total Time": 3400.938, "Actual Max Total Time": 3400.938, "Sort Key": ["lineitem.l_shipmode"], "Sort Method": "quicksort", "Sort Space Min Used": 25, "Sort Space Max Used": 25, "Sort Space Type": "Memory", "Plans": [{"Node Type": "Streaming(type: LOCAL GATHER dop: 1/16)", "Parent Relationship": "Outer", "Startup Cost": 269757.29, "Total Cost": 269757.3, "Plan Rows": 1, "Plan Width": 43, "Actual Min Startup Time": 3400.842, "Actual Max Startup Time": 3400.842, "Actual Min Total Time": 3400.891, "Actual Max Total Time": 3400.891, "Plans": [{"Node Type": "Aggregate", "Strategy": "Hashed", "Parent Relationship": "Outer", "Startup Cost": 269757.29, "Total Cost": 269757.29, "Plan Rows": 1, "Plan Width": 43, "Actual Min Startup Time": 3337.8, "Actual Max Startup Time": 3345.421, "Actual Min Total Time": 3337.8, "Actual Max Total Time": 3345.421, "Group By Key": ["lineitem.l_shipmode"], "Plans": [{"Node Type": "Streaming(type: LOCAL REDISTRIBUTE dop: 16/16)", "Parent Relationship": "Outer", "Startup Cost": 269757.27, "Total Cost": 269757.29, "Plan Rows": 1, "Plan Width": 43, "Actual Min Startup Time": 3335.863, "Actual Max Startup Time": 3345.414, "Actual Min Total Time": 3337.795, "Actual Max Total Time": 3345.414, "Plans": [{"Node Type": "Aggregate", "Strategy": "Hashed", "Parent Relationship": "Outer", "Startup Cost": 269757.27, "Total Cost": 269757.27, "Plan Rows": 1, "Plan Width": 43, "Actual Min Startup Time": 3284.075, "Actual Max Startup Time": 3343.851, "Actual Min Total Time": 3284.076, "Actual Max Total Time": 3343.852, "Group By Key": ["lineitem.l_shipmode"], "Plans": [{"Node Type": "Hash Join", "Parent Relationship": "Outer", "Join Type": "Inner", "Startup Cost": 53371.45, "Total Cost": 269435.07, "Plan Rows": 294584, "Plan Width": 27, "Actual Min Startup Time": 646.97, "Actual Max Startup Time": 684.999, "Actual Min Total Time": 3258.294, "Actual Max Total Time": 3323.129, "Inner Unique": true, "Hash Cond": "(lineitem.l_orderkey = orders.o_orderkey), (LLVM Optimized, Jit Execute)", "Plans": [{"Node Type": "Streaming(type: BROADCAST dop: 16/16)", "Parent Relationship": "Outer", "Startup Cost": 2.24, "Total Cost": 214777.05, "Plan Rows": 4713344, "Plan Width": 19, "Actual Min Startup Time": 0.063, "Actual Max Startup Time": 0.129, "Actual Min Total Time": 2404.235, "Actual Max Total Time": 2547.525, "Plans": [{"Node Type": "Seq Scan", "Parent Relationship": "Outer", "Relation Name": "lineitem", "Alias": "lineitem", "Startup Cost": 2.24, "Total Cost": 187809.58, "Plan Rows": 294584, "Plan Width": 19, "Actual Min Startup Time": 0.035, "Actual Max Startup Time": 0.361, "Actual Min Total Time": 1573.952, "Actual Max Total Time": 2392.415, "Filter": "((l_shipmode = ANY ('{RAIL,FOB}'::bpchar[])) AND (l_commitdate < l_receiptdate) AND (l_shipdate < l_commitdate) AND (l_receiptdate >= '1997-01-01 00:00:00'::timestamp(0) without time zone) AND (l_receiptdate < '1998-01-01 00:00:00'::timestamp without time zone)), (LLVM Optimized, Jit Execute)", "Rows Removed by Filter": 59674804, "Actual Rows": 311248}], "Actual Rows": 4979968}, {"Node Type": "Hash", "Parent Relationship": "Inner", "Startup Cost": 41650.86, "Total Cost": 41650.86, "Plan Rows": 14999479, "Plan Width": 24, "Actual Min Startup Time": 645.416, "Actual Max Startup Time": 683.761, "Actual Min Total Time": 645.416, "Actual Max Total Time": 683.761, "Max Hash Buckets": 1048576, "Min Hash Buckets": 1048576, "Max Hash Batches": 1, "Min Hash Batches": 1, "Max Original Hash Batches": 1, "Min Original Hash Batches": 1, "Max Peak Memory Usage": 51347, "min Peak Memory Usage": 51347, "Plans": [{"Node Type": "Seq Scan", "Parent Relationship": "Outer", "Relation Name": "orders", "Alias": "orders", "Startup Cost": 0.0, "Total Cost": 41650.86, "Plan Rows": 14999479, "Plan Width": 24, "Actual Min Startup Time": 0.021, "Actual Max Startup Time": 0.036, "Actual Min Total Time": 332.744, "Actual Max Total Time": 356.106, "Actual Rows": 15000000}], "Actual Rows": 15000000}], "Actual Rows": 311248}], "Actual Rows": 32}], "Actual Rows": 32}], "Actual Rows": 2}], "Actual Rows": 2}], "Actual Rows": 2}, "Triggers": [], "Planner Runtime": 1.004, "Total Runtime": 3420.644, "Unique SQL Id": 2036526415}}, "(16, '75')": {"explain_plan": {"Plan": {"Node Type": "Sort", "Startup Cost": 2000455333216.63, "Total Cost": 2000455333216.63, "Plan Rows": 1, "Plan Width": 43, "Sort Key": ["lineitem.l_shipmode"], "Plans": [{"Node Type": "Aggregate", "Strategy": "Hashed", "Parent Relationship": "Outer", "Startup Cost": 2000455333216.61, "Total Cost": 2000455333216.62, "Plan Rows": 1, "Plan Width": 43, "Group By Key": ["lineitem.l_shipmode"], "Plans": [{"Node Type": "Merge Join", "Parent Relationship": "Outer", "Join Type": "Inner", "Startup Cost": 20036369949.75, "Total Cost": 2000455328061.39, "Plan Rows": 294584, "Plan Width": 27, "Inner Unique": false, "Merge Cond": "(orders.o_orderkey = lineitem.l_orderkey)", "Plans": [{"Node Type": "Index Scan", "Parent Relationship": "Outer", "Scan Direction": "Forward", "Index Name": "orders_pkey", "Relation Name": "orders", "Alias": "orders", "Startup Cost": 10000000000.0, "Total Cost": 1000073097843.5, "Plan Rows": 14999479, "Plan Width": 24}, {"Node Type": "Index Scan", "Parent Relationship": "Inner", "Scan Direction": "Forward", "Index Name": "idx_lineitem_orderkey", "Relation Name": "lineitem", "Alias": "lineitem", "Startup Cost": 10000000000.0, "Total Cost": 1000398999165.75, "Plan Rows": 294584, "Plan Width": 19, "Filter": "((l_shipmode = ANY ('{RAIL,FOB}'::bpchar[])) AND (l_commitdate < l_receiptdate) AND (l_shipdate < l_commitdate) AND (l_receiptdate >= '1997-01-01 00:00:00'::timestamp(0) without time zone) AND (l_receiptdate < '1998-01-01 00:00:00'::timestamp without time zone)), (LLVM Optimized)"}]}]}]}, "Unique SQL Id": 2036526415, "Planner Runtime": 0}, "explain_analyze_plan": null}, "(16, '76')": {"explain_plan": {"Plan": {"Node Type": "Sort", "Startup Cost": 269757.31, "Total Cost": 269757.31, "Plan Rows": 1, "Plan Width": 43, "Sort Key": ["lineitem.l_shipmode"], "Plans": [{"Node Type": "Streaming(type: LOCAL GATHER dop: 1/16)", "Parent Relationship": "Outer", "Startup Cost": 269757.29, "Total Cost": 269757.3, "Plan Rows": 1, "Plan Width": 43, "Plans": [{"Node Type": "Aggregate", "Strategy": "Hashed", "Parent Relationship": "Outer", "Startup Cost": 269757.29, "Total Cost": 269757.29, "Plan Rows": 1, "Plan Width": 43, "Group By Key": ["lineitem.l_shipmode"], "Plans": [{"Node Type": "Streaming(type: LOCAL REDISTRIBUTE dop: 16/16)", "Parent Relationship": "Outer", "Startup Cost": 269757.27, "Total Cost": 269757.29, "Plan Rows": 1, "Plan Width": 43, "Plans": [{"Node Type": "Aggregate", "Strategy": "Hashed", "Parent Relationship": "Outer", "Startup Cost": 269757.27, "Total Cost": 269757.27, "Plan Rows": 1, "Plan Width": 43, "Group By Key": ["lineitem.l_shipmode"], "Plans": [{"Node Type": "Hash Join", "Parent Relationship": "Outer", "Join Type": "Inner", "Startup Cost": 53371.45, "Total Cost": 269435.07, "Plan Rows": 294584, "Plan Width": 27, "Inner Unique": true, "Hash Cond": "(lineitem.l_orderkey = orders.o_orderkey), (LLVM Optimized)", "Plans": [{"Node Type": "Streaming(type: BROADCAST dop: 16/16)", "Parent Relationship": "Outer", "Startup Cost": 2.24, "Total Cost": 214777.05, "Plan Rows": 4713344, "Plan Width": 19, "Plans": [{"Node Type": "Seq Scan", "Parent Relationship": "Outer", "Relation Name": "lineitem", "Alias": "lineitem", "Startup Cost": 2.24, "Total Cost": 187809.58, "Plan Rows": 294584, "Plan Width": 19, "Filter": "((l_shipmode = ANY ('{RAIL,FOB}'::bpchar[])) AND (l_commitdate < l_receiptdate) AND (l_shipdate < l_commitdate) AND (l_receiptdate >= '1997-01-01 00:00:00'::timestamp(0) without time zone) AND (l_receiptdate < '1998-01-01 00:00:00'::timestamp without time zone)), (LLVM Optimized)"}]}, {"Node Type": "Hash", "Parent Relationship": "Inner", "Startup Cost": 41650.86, "Total Cost": 41650.86, "Plan Rows": 14999479, "Plan Width": 24, "Plans": [{"Node Type": "Seq Scan", "Parent Relationship": "Outer", "Relation Name": "orders", "Alias": "orders", "Startup Cost": 0.0, "Total Cost": 41650.86, "Plan Rows": 14999479, "Plan Width": 24}]}]}]}]}]}]}]}, "Unique SQL Id": 2036526415, "Planner Runtime": 0}, "explain_analyze_plan": {"Plan": {"Node Type": "Sort", "Startup Cost": 269757.31, "Total Cost": 269757.31, "Plan Rows": 1, "Plan Width": 43, "Actual Min Startup Time": 3400.937, "Actual Max Startup Time": 3400.937, "Actual Min Total Time": 3400.938, "Actual Max Total Time": 3400.938, "Sort Key": ["lineitem.l_shipmode"], "Sort Method": "quicksort", "Sort Space Min Used": 25, "Sort Space Max Used": 25, "Sort Space Type": "Memory", "Plans": [{"Node Type": "Streaming(type: LOCAL GATHER dop: 1/16)", "Parent Relationship": "Outer", "Startup Cost": 269757.29, "Total Cost": 269757.3, "Plan Rows": 1, "Plan Width": 43, "Actual Min Startup Time": 3400.842, "Actual Max Startup Time": 3400.842, "Actual Min Total Time": 3400.891, "Actual Max Total Time": 3400.891, "Plans": [{"Node Type": "Aggregate", "Strategy": "Hashed", "Parent Relationship": "Outer", "Startup Cost": 269757.29, "Total Cost": 269757.29, "Plan Rows": 1, "Plan Width": 43, "Actual Min Startup Time": 3337.8, "Actual Max Startup Time": 3345.421, "Actual Min Total Time": 3337.8, "Actual Max Total Time": 3345.421, "Group By Key": ["lineitem.l_shipmode"], "Plans": [{"Node Type": "Streaming(type: LOCAL REDISTRIBUTE dop: 16/16)", "Parent Relationship": "Outer", "Startup Cost": 269757.27, "Total Cost": 269757.29, "Plan Rows": 1, "Plan Width": 43, "Actual Min Startup Time": 3335.863, "Actual Max Startup Time": 3345.414, "Actual Min Total Time": 3337.795, "Actual Max Total Time": 3345.414, "Plans": [{"Node Type": "Aggregate", "Strategy": "Hashed", "Parent Relationship": "Outer", "Startup Cost": 269757.27, "Total Cost": 269757.27, "Plan Rows": 1, "Plan Width": 43, "Actual Min Startup Time": 3284.075, "Actual Max Startup Time": 3343.851, "Actual Min Total Time": 3284.076, "Actual Max Total Time": 3343.852, "Group By Key": ["lineitem.l_shipmode"], "Plans": [{"Node Type": "Hash Join", "Parent Relationship": "Outer", "Join Type": "Inner", "Startup Cost": 53371.45, "Total Cost": 269435.07, "Plan Rows": 294584, "Plan Width": 27, "Actual Min Startup Time": 646.97, "Actual Max Startup Time": 684.999, "Actual Min Total Time": 3258.294, "Actual Max Total Time": 3323.129, "Inner Unique": true, "Hash Cond": "(lineitem.l_orderkey = orders.o_orderkey), (LLVM Optimized, Jit Execute)", "Plans": [{"Node Type": "Streaming(type: BROADCAST dop: 16/16)", "Parent Relationship": "Outer", "Startup Cost": 2.24, "Total Cost": 214777.05, "Plan Rows": 4713344, "Plan Width": 19, "Actual Min Startup Time": 0.063, "Actual Max Startup Time": 0.129, "Actual Min Total Time": 2404.235, "Actual Max Total Time": 2547.525, "Plans": [{"Node Type": "Seq Scan", "Parent Relationship": "Outer", "Relation Name": "lineitem", "Alias": "lineitem", "Startup Cost": 2.24, "Total Cost": 187809.58, "Plan Rows": 294584, "Plan Width": 19, "Actual Min Startup Time": 0.035, "Actual Max Startup Time": 0.361, "Actual Min Total Time": 1573.952, "Actual Max Total Time": 2392.415, "Filter": "((l_shipmode = ANY ('{RAIL,FOB}'::bpchar[])) AND (l_commitdate < l_receiptdate) AND (l_shipdate < l_commitdate) AND (l_receiptdate >= '1997-01-01 00:00:00'::timestamp(0) without time zone) AND (l_receiptdate < '1998-01-01 00:00:00'::timestamp without time zone)), (LLVM Optimized, Jit Execute)", "Rows Removed by Filter": 59674804, "Actual Rows": 311248}], "Actual Rows": 4979968}, {"Node Type": "Hash", "Parent Relationship": "Inner", "Startup Cost": 41650.86, "Total Cost": 41650.86, "Plan Rows": 14999479, "Plan Width": 24, "Actual Min Startup Time": 645.416, "Actual Max Startup Time": 683.761, "Actual Min Total Time": 645.416, "Actual Max Total Time": 683.761, "Max Hash Buckets": 1048576, "Min Hash Buckets": 1048576, "Max Hash Batches": 1, "Min Hash Batches": 1, "Max Original Hash Batches": 1, "Min Original Hash Batches": 1, "Max Peak Memory Usage": 51347, "min Peak Memory Usage": 51347, "Plans": [{"Node Type": "Seq Scan", "Parent Relationship": "Outer", "Relation Name": "orders", "Alias": "orders", "Startup Cost": 0.0, "Total Cost": 41650.86, "Plan Rows": 14999479, "Plan Width": 24, "Actual Min Startup Time": 0.021, "Actual Max Startup Time": 0.036, "Actual Min Total Time": 332.744, "Actual Max Total Time": 356.106, "Actual Rows": 15000000}], "Actual Rows": 15000000}], "Actual Rows": 311248}], "Actual Rows": 32}], "Actual Rows": 32}], "Actual Rows": 2}], "Actual Rows": 2}], "Actual Rows": 2}, "Triggers": [], "Planner Runtime": 1.004, "Total Runtime": 3420.644, "Unique SQL Id": 2036526415}}, "(16, '77')": {"explain_plan": {"Plan": {"Node Type": "Sort", "Startup Cost": 3385295.37, "Total Cost": 3385295.37, "Plan Rows": 1, "Plan Width": 43, "Sort Key": ["lineitem.l_shipmode"], "Plans": [{"Node Type": "Streaming(type: LOCAL GATHER dop: 1/16)", "Parent Relationship": "Outer", "Startup Cost": 3385295.35, "Total Cost": 3385295.36, "Plan Rows": 1, "Plan Width": 43, "Plans": [{"Node Type": "Aggregate", "Strategy": "Hashed", "Parent Relationship": "Outer", "Startup Cost": 3385295.35, "Total Cost": 3385295.35, "Plan Rows": 1, "Plan Width": 43, "Group By Key": ["lineitem.l_shipmode"], "Plans": [{"Node Type": "Streaming(type: LOCAL REDISTRIBUTE dop: 16/16)", "Parent Relationship": "Outer", "Startup Cost": 3385295.33, "Total Cost": 3385295.35, "Plan Rows": 1, "Plan Width": 43, "Plans": [{"Node Type": "Aggregate", "Strategy": "Hashed", "Parent Relationship": "Outer", "Startup Cost": 3385295.33, "Total Cost": 3385295.33, "Plan Rows": 1, "Plan Width": 43, "Group By Key": ["lineitem.l_shipmode"], "Plans": [{"Node Type": "Hash Join", "Parent Relationship": "Outer", "Join Type": "Inner", "Startup Cost": 617076.66, "Total Cost": 3384973.13, "Plan Rows": 294584, "Plan Width": 27, "Inner Unique": true, "Hash Cond": "(lineitem.l_orderkey = orders.o_orderkey), (LLVM Optimized)", "Plans": [{"Node Type": "Streaming(type: BROADCAST dop: 16/16)", "Parent Relationship": "Outer", "Startup Cost": 0.0, "Total Cost": 2766607.66, "Plan Rows": 4713344, "Plan Width": 19, "Plans": [{"Node Type": "Index Scan", "Parent Relationship": "Outer", "Scan Direction": "Forward", "Index Name": "idx_lineitem_orderkey", "Relation Name": "lineitem", "Alias": "lineitem", "Startup Cost": 0.0, "Total Cost": 2739640.18, "Plan Rows": 294584, "Plan Width": 19, "Filter": "((l_shipmode = ANY ('{RAIL,FOB}'::bpchar[])) AND (l_commitdate < l_receiptdate) AND (l_shipdate < l_commitdate) AND (l_receiptdate >= '1997-01-01 00:00:00'::timestamp(0) without time zone) AND (l_receiptdate < '1998-01-01 00:00:00'::timestamp without time zone)), (LLVM Optimized)"}]}, {"Node Type": "Hash", "Parent Relationship": "Inner", "Startup Cost": 605358.32, "Total Cost": 605358.32, "Plan Rows": 14999479, "Plan Width": 24, "Plans": [{"Node Type": "Index Scan", "Parent Relationship": "Outer", "Scan Direction": "Forward", "Index Name": "orders_pkey", "Relation Name": "orders", "Alias": "orders", "Startup Cost": 0.0, "Total Cost": 605358.32, "Plan Rows": 14999479, "Plan Width": 24}]}]}]}]}]}]}]}, "Unique SQL Id": 2036526415, "Planner Runtime": 0}, "explain_analyze_plan": {"Plan": {"Node Type": "Sort", "Startup Cost": 3385295.37, "Total Cost": 3385295.37, "Plan Rows": 1, "Plan Width": 43, "Actual Min Startup Time": 5075.032, "Actual Max Startup Time": 5075.032, "Actual Min Total Time": 5075.033, "Actual Max Total Time": 5075.033, "Sort Key": ["lineitem.l_shipmode"], "Sort Method": "quicksort", "Sort Space Min Used": 25, "Sort Space Max Used": 25, "Sort Space Type": "Memory", "Plans": [{"Node Type": "Streaming(type: LOCAL GATHER dop: 1/16)", "Parent Relationship": "Outer", "Startup Cost": 3385295.35, "Total Cost": 3385295.36, "Plan Rows": 1, "Plan Width": 43, "Actual Min Startup Time": 5074.885, "Actual Max Startup Time": 5074.885, "Actual Min Total Time": 5074.987, "Actual Max Total Time": 5074.987, "Plans": [{"Node Type": "Aggregate", "Strategy": "Hashed", "Parent Relationship": "Outer", "Startup Cost": 3385295.35, "Total Cost": 3385295.35, "Plan Rows": 1, "Plan Width": 43, "Actual Min Startup Time": 5015.588, "Actual Max Startup Time": 5024.638, "Actual Min Total Time": 5015.588, "Actual Max Total Time": 5024.638, "Group By Key": ["lineitem.l_shipmode"], "Plans": [{"Node Type": "Streaming(type: LOCAL REDISTRIBUTE dop: 16/16)", "Parent Relationship": "Outer", "Startup Cost": 3385295.33, "Total Cost": 3385295.35, "Plan Rows": 1, "Plan Width": 43, "Actual Min Startup Time": 5012.32, "Actual Max Startup Time": 5024.63, "Actual Min Total Time": 5015.583, "Actual Max Total Time": 5024.63, "Plans": [{"Node Type": "Aggregate", "Strategy": "Hashed", "Parent Relationship": "Outer", "Startup Cost": 3385295.33, "Total Cost": 3385295.33, "Plan Rows": 1, "Plan Width": 43, "Actual Min Startup Time": 4974.395, "Actual Max Startup Time": 5022.138, "Actual Min Total Time": 4974.397, "Actual Max Total Time": 5022.139, "Group By Key": ["lineitem.l_shipmode"], "Plans": [{"Node Type": "Hash Join", "Parent Relationship": "Outer", "Join Type": "Inner", "Startup Cost": 617076.66, "Total Cost": 3384973.13, "Plan Rows": 294584, "Plan Width": 27, "Actual Min Startup Time": 1064.978, "Actual Max Startup Time": 1217.017, "Actual Min Total Time": 4947.451, "Actual Max Total Time": 5001.164, "Inner Unique": true, "Hash Cond": "(lineitem.l_orderkey = orders.o_orderkey), (LLVM Optimized, Jit Execute)", "Plans": [{"Node Type": "Streaming(type: BROADCAST dop: 16/16)", "Parent Relationship": "Outer", "Startup Cost": 0.0, "Total Cost": 2766607.66, "Plan Rows": 4713344, "Plan Width": 19, "Actual Min Startup Time": 0.061, "Actual Max Startup Time": 0.124, "Actual Min Total Time": 3631.718, "Actual Max Total Time": 3764.15, "Plans": [{"Node Type": "Index Scan", "Parent Relationship": "Outer", "Scan Direction": "Forward", "Index Name": "idx_lineitem_orderkey", "Relation Name": "lineitem", "Alias": "lineitem", "Startup Cost": 0.0, "Total Cost": 2739640.18, "Plan Rows": 294584, "Plan Width": 19, "Actual Min Startup Time": 543.73, "Actual Max Startup Time": 581.962, "Actual Min Total Time": 3404.899, "Actual Max Total Time": 4158.411, "Filter": "((l_shipmode = ANY ('{RAIL,FOB}'::bpchar[])) AND (l_commitdate < l_receiptdate) AND (l_shipdate < l_commitdate) AND (l_receiptdate >= '1997-01-01 00:00:00'::timestamp(0) without time zone) AND (l_receiptdate < '1998-01-01 00:00:00'::timestamp without time zone)), (LLVM Optimized, Jit Execute)", "Rows Removed by Filter": 59674804, "Actual Rows": 311248}], "Actual Rows": 4979968}, {"Node Type": "Hash", "Parent Relationship": "Inner", "Startup Cost": 605358.32, "Total Cost": 605358.32, "Plan Rows": 14999479, "Plan Width": 24, "Actual Min Startup Time": 1063.349, "Actual Max Startup Time": 1215.506, "Actual Min Total Time": 1063.349, "Actual Max Total Time": 1215.506, "Max Hash Buckets": 1048576, "Min Hash Buckets": 1048576, "Max Hash Batches": 1, "Min Hash Batches": 1, "Max Original Hash Batches": 1, "Min Original Hash Batches": 1, "Max Peak Memory Usage": 51275, "min Peak Memory Usage": 51275, "Plans": [{"Node Type": "Index Scan", "Parent Relationship": "Outer", "Scan Direction": "Forward", "Index Name": "orders_pkey", "Relation Name": "orders", "Alias": "orders", "Startup Cost": 0.0, "Total Cost": 605358.32, "Plan Rows": 14999479, "Plan Width": 24, "Actual Min Startup Time": 138.453, "Actual Max Startup Time": 185.894, "Actual Min Total Time": 740.2, "Actual Max Total Time": 900.065, "Actual Rows": 15000000}], "Actual Rows": 15000000}], "Actual Rows": 311248}], "Actual Rows": 32}], "Actual Rows": 32}], "Actual Rows": 2}], "Actual Rows": 2}], "Actual Rows": 2}, "Triggers": [], "Planner Runtime": 0.935, "Total Runtime": 5095.078, "Unique SQL Id": 2036526415}}, "(16, '78')": {"explain_plan": {"Plan": {"Node Type": "Sort", "Startup Cost": 269757.31, "Total Cost": 269757.31, "Plan Rows": 1, "Plan Width": 43, "Sort Key": ["lineitem.l_shipmode"], "Plans": [{"Node Type": "Streaming(type: LOCAL GATHER dop: 1/16)", "Parent Relationship": "Outer", "Startup Cost": 269757.29, "Total Cost": 269757.3, "Plan Rows": 1, "Plan Width": 43, "Plans": [{"Node Type": "Aggregate", "Strategy": "Hashed", "Parent Relationship": "Outer", "Startup Cost": 269757.29, "Total Cost": 269757.29, "Plan Rows": 1, "Plan Width": 43, "Group By Key": ["lineitem.l_shipmode"], "Plans": [{"Node Type": "Streaming(type: LOCAL REDISTRIBUTE dop: 16/16)", "Parent Relationship": "Outer", "Startup Cost": 269757.27, "Total Cost": 269757.29, "Plan Rows": 1, "Plan Width": 43, "Plans": [{"Node Type": "Aggregate", "Strategy": "Hashed", "Parent Relationship": "Outer", "Startup Cost": 269757.27, "Total Cost": 269757.27, "Plan Rows": 1, "Plan Width": 43, "Group By Key": ["lineitem.l_shipmode"], "Plans": [{"Node Type": "Hash Join", "Parent Relationship": "Outer", "Join Type": "Inner", "Startup Cost": 53371.45, "Total Cost": 269435.07, "Plan Rows": 294584, "Plan Width": 27, "Inner Unique": true, "Hash Cond": "(lineitem.l_orderkey = orders.o_orderkey), (LLVM Optimized)", "Plans": [{"Node Type": "Streaming(type: BROADCAST dop: 16/16)", "Parent Relationship": "Outer", "Startup Cost": 2.24, "Total Cost": 214777.05, "Plan Rows": 4713344, "Plan Width": 19, "Plans": [{"Node Type": "Seq Scan", "Parent Relationship": "Outer", "Relation Name": "lineitem", "Alias": "lineitem", "Startup Cost": 2.24, "Total Cost": 187809.58, "Plan Rows": 294584, "Plan Width": 19, "Filter": "((l_shipmode = ANY ('{RAIL,FOB}'::bpchar[])) AND (l_commitdate < l_receiptdate) AND (l_shipdate < l_commitdate) AND (l_receiptdate >= '1997-01-01 00:00:00'::timestamp(0) without time zone) AND (l_receiptdate < '1998-01-01 00:00:00'::timestamp without time zone)), (LLVM Optimized)"}]}, {"Node Type": "Hash", "Parent Relationship": "Inner", "Startup Cost": 41650.86, "Total Cost": 41650.86, "Plan Rows": 14999479, "Plan Width": 24, "Plans": [{"Node Type": "Seq Scan", "Parent Relationship": "Outer", "Relation Name": "orders", "Alias": "orders", "Startup Cost": 0.0, "Total Cost": 41650.86, "Plan Rows": 14999479, "Plan Width": 24}]}]}]}]}]}]}]}, "Unique SQL Id": 2036526415, "Planner Runtime": 0}, "explain_analyze_plan": {"Plan": {"Node Type": "Sort", "Startup Cost": 269757.31, "Total Cost": 269757.31, "Plan Rows": 1, "Plan Width": 43, "Actual Min Startup Time": 3400.937, "Actual Max Startup Time": 3400.937, "Actual Min Total Time": 3400.938, "Actual Max Total Time": 3400.938, "Sort Key": ["lineitem.l_shipmode"], "Sort Method": "quicksort", "Sort Space Min Used": 25, "Sort Space Max Used": 25, "Sort Space Type": "Memory", "Plans": [{"Node Type": "Streaming(type: LOCAL GATHER dop: 1/16)", "Parent Relationship": "Outer", "Startup Cost": 269757.29, "Total Cost": 269757.3, "Plan Rows": 1, "Plan Width": 43, "Actual Min Startup Time": 3400.842, "Actual Max Startup Time": 3400.842, "Actual Min Total Time": 3400.891, "Actual Max Total Time": 3400.891, "Plans": [{"Node Type": "Aggregate", "Strategy": "Hashed", "Parent Relationship": "Outer", "Startup Cost": 269757.29, "Total Cost": 269757.29, "Plan Rows": 1, "Plan Width": 43, "Actual Min Startup Time": 3337.8, "Actual Max Startup Time": 3345.421, "Actual Min Total Time": 3337.8, "Actual Max Total Time": 3345.421, "Group By Key": ["lineitem.l_shipmode"], "Plans": [{"Node Type": "Streaming(type: LOCAL REDISTRIBUTE dop: 16/16)", "Parent Relationship": "Outer", "Startup Cost": 269757.27, "Total Cost": 269757.29, "Plan Rows": 1, "Plan Width": 43, "Actual Min Startup Time": 3335.863, "Actual Max Startup Time": 3345.414, "Actual Min Total Time": 3337.795, "Actual Max Total Time": 3345.414, "Plans": [{"Node Type": "Aggregate", "Strategy": "Hashed", "Parent Relationship": "Outer", "Startup Cost": 269757.27, "Total Cost": 269757.27, "Plan Rows": 1, "Plan Width": 43, "Actual Min Startup Time": 3284.075, "Actual Max Startup Time": 3343.851, "Actual Min Total Time": 3284.076, "Actual Max Total Time": 3343.852, "Group By Key": ["lineitem.l_shipmode"], "Plans": [{"Node Type": "Hash Join", "Parent Relationship": "Outer", "Join Type": "Inner", "Startup Cost": 53371.45, "Total Cost": 269435.07, "Plan Rows": 294584, "Plan Width": 27, "Actual Min Startup Time": 646.97, "Actual Max Startup Time": 684.999, "Actual Min Total Time": 3258.294, "Actual Max Total Time": 3323.129, "Inner Unique": true, "Hash Cond": "(lineitem.l_orderkey = orders.o_orderkey), (LLVM Optimized, Jit Execute)", "Plans": [{"Node Type": "Streaming(type: BROADCAST dop: 16/16)", "Parent Relationship": "Outer", "Startup Cost": 2.24, "Total Cost": 214777.05, "Plan Rows": 4713344, "Plan Width": 19, "Actual Min Startup Time": 0.063, "Actual Max Startup Time": 0.129, "Actual Min Total Time": 2404.235, "Actual Max Total Time": 2547.525, "Plans": [{"Node Type": "Seq Scan", "Parent Relationship": "Outer", "Relation Name": "lineitem", "Alias": "lineitem", "Startup Cost": 2.24, "Total Cost": 187809.58, "Plan Rows": 294584, "Plan Width": 19, "Actual Min Startup Time": 0.035, "Actual Max Startup Time": 0.361, "Actual Min Total Time": 1573.952, "Actual Max Total Time": 2392.415, "Filter": "((l_shipmode = ANY ('{RAIL,FOB}'::bpchar[])) AND (l_commitdate < l_receiptdate) AND (l_shipdate < l_commitdate) AND (l_receiptdate >= '1997-01-01 00:00:00'::timestamp(0) without time zone) AND (l_receiptdate < '1998-01-01 00:00:00'::timestamp without time zone)), (LLVM Optimized, Jit Execute)", "Rows Removed by Filter": 59674804, "Actual Rows": 311248}], "Actual Rows": 4979968}, {"Node Type": "Hash", "Parent Relationship": "Inner", "Startup Cost": 41650.86, "Total Cost": 41650.86, "Plan Rows": 14999479, "Plan Width": 24, "Actual Min Startup Time": 645.416, "Actual Max Startup Time": 683.761, "Actual Min Total Time": 645.416, "Actual Max Total Time": 683.761, "Max Hash Buckets": 1048576, "Min Hash Buckets": 1048576, "Max Hash Batches": 1, "Min Hash Batches": 1, "Max Original Hash Batches": 1, "Min Original Hash Batches": 1, "Max Peak Memory Usage": 51347, "min Peak Memory Usage": 51347, "Plans": [{"Node Type": "Seq Scan", "Parent Relationship": "Outer", "Relation Name": "orders", "Alias": "orders", "Startup Cost": 0.0, "Total Cost": 41650.86, "Plan Rows": 14999479, "Plan Width": 24, "Actual Min Startup Time": 0.021, "Actual Max Startup Time": 0.036, "Actual Min Total Time": 332.744, "Actual Max Total Time": 356.106, "Actual Rows": 15000000}], "Actual Rows": 15000000}], "Actual Rows": 311248}], "Actual Rows": 32}], "Actual Rows": 32}], "Actual Rows": 2}], "Actual Rows": 2}], "Actual Rows": 2}, "Triggers": [], "Planner Runtime": 1.004, "Total Runtime": 3420.644, "Unique SQL Id": 2036526415}}, "(16, '79')": {"explain_plan": {"Plan": {"Node Type": "Sort", "Startup Cost": 2000455333216.63, "Total Cost": 2000455333216.63, "Plan Rows": 1, "Plan Width": 43, "Sort Key": ["lineitem.l_shipmode"], "Plans": [{"Node Type": "Aggregate", "Strategy": "Hashed", "Parent Relationship": "Outer", "Startup Cost": 2000455333216.61, "Total Cost": 2000455333216.62, "Plan Rows": 1, "Plan Width": 43, "Group By Key": ["lineitem.l_shipmode"], "Plans": [{"Node Type": "Merge Join", "Parent Relationship": "Outer", "Join Type": "Inner", "Startup Cost": 20036369949.75, "Total Cost": 2000455328061.39, "Plan Rows": 294584, "Plan Width": 27, "Inner Unique": false, "Merge Cond": "(orders.o_orderkey = lineitem.l_orderkey)", "Plans": [{"Node Type": "Index Scan", "Parent Relationship": "Outer", "Scan Direction": "Forward", "Index Name": "orders_pkey", "Relation Name": "orders", "Alias": "orders", "Startup Cost": 10000000000.0, "Total Cost": 1000073097843.5, "Plan Rows": 14999479, "Plan Width": 24}, {"Node Type": "Index Scan", "Parent Relationship": "Inner", "Scan Direction": "Forward", "Index Name": "idx_lineitem_orderkey", "Relation Name": "lineitem", "Alias": "lineitem", "Startup Cost": 10000000000.0, "Total Cost": 1000398999165.75, "Plan Rows": 294584, "Plan Width": 19, "Filter": "((l_shipmode = ANY ('{RAIL,FOB}'::bpchar[])) AND (l_commitdate < l_receiptdate) AND (l_shipdate < l_commitdate) AND (l_receiptdate >= '1997-01-01 00:00:00'::timestamp(0) without time zone) AND (l_receiptdate < '1998-01-01 00:00:00'::timestamp without time zone)), (LLVM Optimized)"}]}]}]}, "Unique SQL Id": 2036526415, "Planner Runtime": 0}, "explain_analyze_plan": null}, "(16, '80')": {"explain_plan": {"Plan": {"Node Type": "Sort", "Startup Cost": 1280090.06, "Total Cost": 1280090.06, "Plan Rows": 1, "Plan Width": 43, "Sort Key": ["lineitem.l_shipmode"], "Plans": [{"Node Type": "Aggregate", "Strategy": "Hashed", "Parent Relationship": "Outer", "Startup Cost": 1280090.04, "Total Cost": 1280090.05, "Plan Rows": 1, "Plan Width": 43, "Group By Key": ["lineitem.l_shipmode"], "Plans": [{"Node Type": "Nested Loop", "Parent Relationship": "Outer", "Join Type": "Inner", "Startup Cost": 2.24, "Total Cost": 1274934.82, "Plan Rows": 294584, "Plan Width": 27, "Inner Unique": true, "Plans": [{"Node Type": "Streaming(type: LOCAL GATHER dop: 1/16)", "Parent Relationship": "Outer", "Startup Cost": 2.24, "Total Cost": 194167.3, "Plan Rows": 294584, "Plan Width": 19, "Plans": [{"Node Type": "Seq Scan", "Parent Relationship": "Outer", "Relation Name": "lineitem", "Alias": "lineitem", "Startup Cost": 2.24, "Total Cost": 187809.58, "Plan Rows": 294584, "Plan Width": 19, "Filter": "((l_shipmode = ANY ('{RAIL,FOB}'::bpchar[])) AND (l_commitdate < l_receiptdate) AND (l_shipdate < l_commitdate) AND (l_receiptdate >= '1997-01-01 00:00:00'::timestamp(0) without time zone) AND (l_receiptdate < '1998-01-01 00:00:00'::timestamp without time zone)), (LLVM Optimized)"}]}, {"Node Type": "Index Scan", "Parent Relationship": "Inner", "Scan Direction": "Forward", "Index Name": "orders_pkey", "Relation Name": "orders", "Alias": "orders", "Startup Cost": 0.0, "Total Cost": 3.66, "Plan Rows": 1, "Plan Width": 24, "Index Cond": "(o_orderkey = lineitem.l_orderkey)"}]}]}]}, "Unique SQL Id": 2036526415, "Planner Runtime": 0}, "explain_analyze_plan": {"Plan": {"Node Type": "Sort", "Startup Cost": 1280090.06, "Total Cost": 1280090.06, "Plan Rows": 1, "Plan Width": 43, "Actual Min Startup Time": 2576.474, "Actual Max Startup Time": 2576.474, "Actual Min Total Time": 2576.474, "Actual Max Total Time": 2576.474, "Sort Key": ["lineitem.l_shipmode"], "Sort Method": "quicksort", "Sort Space Min Used": 25, "Sort Space Max Used": 25, "Sort Space Type": "Memory", "Plans": [{"Node Type": "Aggregate", "Strategy": "Hashed", "Parent Relationship": "Outer", "Startup Cost": 1280090.04, "Total Cost": 1280090.05, "Plan Rows": 1, "Plan Width": 43, "Actual Min Startup Time": 2576.42, "Actual Max Startup Time": 2576.42, "Actual Min Total Time": 2576.421, "Actual Max Total Time": 2576.421, "Group By Key": ["lineitem.l_shipmode"], "Plans": [{"Node Type": "Nested Loop", "Parent Relationship": "Outer", "Join Type": "Inner", "Startup Cost": 2.24, "Total Cost": 1274934.82, "Plan Rows": 294584, "Plan Width": 27, "Actual Min Startup Time": 47.965, "Actual Max Startup Time": 47.965, "Actual Min Total Time": 2240.029, "Actual Max Total Time": 2240.029, "Inner Unique": true, "Plans": [{"Node Type": "Streaming(type: LOCAL GATHER dop: 1/16)", "Parent Relationship": "Outer", "Startup Cost": 2.24, "Total Cost": 194167.3, "Plan Rows": 294584, "Plan Width": 19, "Actual Min Startup Time": 47.905, "Actual Max Startup Time": 47.905, "Actual Min Total Time": 584.734, "Actual Max Total Time": 584.734, "Plans": [{"Node Type": "Seq Scan", "Parent Relationship": "Outer", "Relation Name": "lineitem", "Alias": "lineitem", "Startup Cost": 2.24, "Total Cost": 187809.58, "Plan Rows": 294584, "Plan Width": 19, "Actual Min Startup Time": 0.039, "Actual Max Startup Time": 0.362, "Actual Min Total Time": 1960.645, "Actual Max Total Time": 2395.535, "Filter": "((l_shipmode = ANY ('{RAIL,FOB}'::bpchar[])) AND (l_commitdate < l_receiptdate) AND (l_shipdate < l_commitdate) AND (l_receiptdate >= '1997-01-01 00:00:00'::timestamp(0) without time zone) AND (l_receiptdate < '1998-01-01 00:00:00'::timestamp without time zone)), (LLVM Optimized, Jit Execute)", "Rows Removed by Filter": 59674804, "Actual Rows": 311248}], "Actual Rows": 311248}, {"Node Type": "Index Scan", "Parent Relationship": "Inner", "Scan Direction": "Forward", "Index Name": "orders_pkey", "Relation Name": "orders", "Alias": "orders", "Startup Cost": 0.0, "Total Cost": 3.66, "Plan Rows": 1, "Plan Width": 24, "Actual Min Startup Time": 1397.352, "Actual Max Startup Time": 1397.352, "Actual Min Total Time": 1397.352, "Actual Max Total Time": 1397.352, "Index Cond": "(o_orderkey = lineitem.l_orderkey)", "Rows Removed by Index Recheck": 0, "Actual Rows": 311248}], "Actual Rows": 311248}], "Actual Rows": 2}], "Actual Rows": 2}, "Triggers": [], "Planner Runtime": 0.724, "Total Runtime": 2589.726, "Unique SQL Id": 2036526415}}, "(16, '81')": {"explain_plan": {"Plan": {"Node Type": "Sort", "Startup Cost": 3831920.66, "Total Cost": 3831920.67, "Plan Rows": 1, "Plan Width": 43, "Sort Key": ["lineitem.l_shipmode"], "Plans": [{"Node Type": "Aggregate", "Strategy": "Hashed", "Parent Relationship": "Outer", "Startup Cost": 3831920.64, "Total Cost": 3831920.65, "Plan Rows": 1, "Plan Width": 43, "Group By Key": ["lineitem.l_shipmode"], "Plans": [{"Node Type": "Nested Loop", "Parent Relationship": "Outer", "Join Type": "Inner", "Startup Cost": 0.0, "Total Cost": 3826765.42, "Plan Rows": 294584, "Plan Width": 27, "Inner Unique": true, "Plans": [{"Node Type": "Streaming(type: LOCAL GATHER dop: 1/16)", "Parent Relationship": "Outer", "Startup Cost": 0.0, "Total Cost": 2745997.9, "Plan Rows": 294584, "Plan Width": 19, "Plans": [{"Node Type": "Index Scan", "Parent Relationship": "Outer", "Scan Direction": "Forward", "Index Name": "idx_lineitem_orderkey", "Relation Name": "lineitem", "Alias": "lineitem", "Startup Cost": 0.0, "Total Cost": 2739640.18, "Plan Rows": 294584, "Plan Width": 19, "Filter": "((l_shipmode = ANY ('{RAIL,FOB}'::bpchar[])) AND (l_commitdate < l_receiptdate) AND (l_shipdate < l_commitdate) AND (l_receiptdate >= '1997-01-01 00:00:00'::timestamp(0) without time zone) AND (l_receiptdate < '1998-01-01 00:00:00'::timestamp without time zone)), (LLVM Optimized)"}]}, {"Node Type": "Index Scan", "Parent Relationship": "Inner", "Scan Direction": "Forward", "Index Name": "orders_pkey", "Relation Name": "orders", "Alias": "orders", "Startup Cost": 0.0, "Total Cost": 3.66, "Plan Rows": 1, "Plan Width": 24, "Index Cond": "(o_orderkey = lineitem.l_orderkey)"}]}]}]}, "Unique SQL Id": 2036526415, "Planner Runtime": 0}, "explain_analyze_plan": {"Plan": {"Node Type": "Sort", "Startup Cost": 3831920.66, "Total Cost": 3831920.67, "Plan Rows": 1, "Plan Width": 43, "Actual Min Startup Time": 3633.352, "Actual Max Startup Time": 3633.352, "Actual Min Total Time": 3633.352, "Actual Max Total Time": 3633.352, "Sort Key": ["lineitem.l_shipmode"], "Sort Method": "quicksort", "Sort Space Min Used": 25, "Sort Space Max Used": 25, "Sort Space Type": "Memory", "Plans": [{"Node Type": "Aggregate", "Strategy": "Hashed", "Parent Relationship": "Outer", "Startup Cost": 3831920.64, "Total Cost": 3831920.65, "Plan Rows": 1, "Plan Width": 43, "Actual Min Startup Time": 3633.314, "Actual Max Startup Time": 3633.314, "Actual Min Total Time": 3633.316, "Actual Max Total Time": 3633.316, "Group By Key": ["lineitem.l_shipmode"], "Plans": [{"Node Type": "Nested Loop", "Parent Relationship": "Outer", "Join Type": "Inner", "Startup Cost": 0.0, "Total Cost": 3826765.42, "Plan Rows": 294584, "Plan Width": 27, "Actual Min Startup Time": 553.866, "Actual Max Startup Time": 553.866, "Actual Min Total Time": 3328.179, "Actual Max Total Time": 3328.179, "Inner Unique": true, "Plans": [{"Node Type": "Streaming(type: LOCAL GATHER dop: 1/16)", "Parent Relationship": "Outer", "Startup Cost": 0.0, "Total Cost": 2745997.9, "Plan Rows": 294584, "Plan Width": 19, "Actual Min Startup Time": 553.813, "Actual Max Startup Time": 553.813, "Actual Min Total Time": 1689.732, "Actual Max Total Time": 1689.732, "Plans": [{"Node Type": "Index Scan", "Parent Relationship": "Outer", "Scan Direction": "Forward", "Index Name": "idx_lineitem_orderkey", "Relation Name": "lineitem", "Alias": "lineitem", "Startup Cost": 0.0, "Total Cost": 2739640.18, "Plan Rows": 294584, "Plan Width": 19, "Actual Min Startup Time": 498.14, "Actual Max Startup Time": 504.771, "Actual Min Total Time": 3113.984, "Actual Max Total Time": 3499.608, "Filter": "((l_shipmode = ANY ('{RAIL,FOB}'::bpchar[])) AND (l_commitdate < l_receiptdate) AND (l_shipdate < l_commitdate) AND (l_receiptdate >= '1997-01-01 00:00:00'::timestamp(0) without time zone) AND (l_receiptdate < '1998-01-01 00:00:00'::timestamp without time zone)), (LLVM Optimized, Jit Execute)", "Rows Removed by Filter": 59674804, "Actual Rows": 311248}], "Actual Rows": 311248}, {"Node Type": "Index Scan", "Parent Relationship": "Inner", "Scan Direction": "Forward", "Index Name": "orders_pkey", "Relation Name": "orders", "Alias": "orders", "Startup Cost": 0.0, "Total Cost": 3.66, "Plan Rows": 1, "Plan Width": 24, "Actual Min Startup Time": 1371.744, "Actual Max Startup Time": 1371.744, "Actual Min Total Time": 1371.744, "Actual Max Total Time": 1371.744, "Index Cond": "(o_orderkey = lineitem.l_orderkey)", "Rows Removed by Index Recheck": 0, "Actual Rows": 311248}], "Actual Rows": 311248}], "Actual Rows": 2}], "Actual Rows": 2}, "Triggers": [], "Planner Runtime": 0.867, "Total Runtime": 3646.641, "Unique SQL Id": 2036526415}}, "(16, '82')": {"explain_plan": {"Plan": {"Node Type": "Sort", "Startup Cost": 1689779.7, "Total Cost": 1689779.71, "Plan Rows": 1, "Plan Width": 43, "Sort Key": ["lineitem.l_shipmode"], "Plans": [{"Node Type": "Aggregate", "Strategy": "Hashed", "Parent Relationship": "Outer", "Startup Cost": 1689779.68, "Total Cost": 1689779.69, "Plan Rows": 1, "Plan Width": 43, "Group By Key": ["lineitem.l_shipmode"], "Plans": [{"Node Type": "Nested Loop", "Parent Relationship": "Outer", "Join Type": "Inner", "Startup Cost": 3.28, "Total Cost": 1684624.46, "Plan Rows": 294584, "Plan Width": 27, "Inner Unique": true, "Plans": [{"Node Type": "Streaming(type: LOCAL GATHER dop: 1/16)", "Parent Relationship": "Outer", "Startup Cost": 2.24, "Total Cost": 194167.3, "Plan Rows": 294584, "Plan Width": 19, "Plans": [{"Node Type": "Seq Scan", "Parent Relationship": "Outer", "Relation Name": "lineitem", "Alias": "lineitem", "Startup Cost": 2.24, "Total Cost": 187809.58, "Plan Rows": 294584, "Plan Width": 19, "Filter": "((l_shipmode = ANY ('{RAIL,FOB}'::bpchar[])) AND (l_commitdate < l_receiptdate) AND (l_shipdate < l_commitdate) AND (l_receiptdate >= '1997-01-01 00:00:00'::timestamp(0) without time zone) AND (l_receiptdate < '1998-01-01 00:00:00'::timestamp without time zone)), (LLVM Optimized)"}]}, {"Node Type": "Bitmap Heap Scan", "Parent Relationship": "Inner", "Relation Name": "orders", "Alias": "orders", "Startup Cost": 1.04, "Total Cost": 5.05, "Plan Rows": 1, "Plan Width": 24, "Recheck Cond": "(o_orderkey = lineitem.l_orderkey)", "Plans": [{"Node Type": "Bitmap Index Scan", "Parent Relationship": "Outer", "Index Name": "orders_pkey", "Startup Cost": 0.0, "Total Cost": 1.04, "Plan Rows": 1, "Plan Width": 0, "Index Cond": "(o_orderkey = lineitem.l_orderkey)"}]}]}]}]}, "Unique SQL Id": 2036526415, "Planner Runtime": 0}, "explain_analyze_plan": {"Plan": {"Node Type": "Sort", "Startup Cost": 1689779.7, "Total Cost": 1689779.71, "Plan Rows": 1, "Plan Width": 43, "Actual Min Startup Time": 2751.581, "Actual Max Startup Time": 2751.581, "Actual Min Total Time": 2751.581, "Actual Max Total Time": 2751.581, "Sort Key": ["lineitem.l_shipmode"], "Sort Method": "quicksort", "Sort Space Min Used": 25, "Sort Space Max Used": 25, "Sort Space Type": "Memory", "Plans": [{"Node Type": "Aggregate", "Strategy": "Hashed", "Parent Relationship": "Outer", "Startup Cost": 1689779.68, "Total Cost": 1689779.69, "Plan Rows": 1, "Plan Width": 43, "Actual Min Startup Time": 2751.545, "Actual Max Startup Time": 2751.545, "Actual Min Total Time": 2751.546, "Actual Max Total Time": 2751.546, "Group By Key": ["lineitem.l_shipmode"], "Plans": [{"Node Type": "Nested Loop", "Parent Relationship": "Outer", "Join Type": "Inner", "Startup Cost": 3.28, "Total Cost": 1684624.46, "Plan Rows": 294584, "Plan Width": 27, "Actual Min Startup Time": 50.031, "Actual Max Startup Time": 50.031, "Actual Min Total Time": 2414.554, "Actual Max Total Time": 2414.554, "Inner Unique": true, "Plans": [{"Node Type": "Streaming(type: LOCAL GATHER dop: 1/16)", "Parent Relationship": "Outer", "Startup Cost": 2.24, "Total Cost": 194167.3, "Plan Rows": 294584, "Plan Width": 19, "Actual Min Startup Time": 49.954, "Actual Max Startup Time": 49.954, "Actual Min Total Time": 243.553, "Actual Max Total Time": 243.553, "Plans": [{"Node Type": "Seq Scan", "Parent Relationship": "Outer", "Relation Name": "lineitem", "Alias": "lineitem", "Startup Cost": 2.24, "Total Cost": 187809.58, "Plan Rows": 294584, "Plan Width": 19, "Actual Min Startup Time": 0.049, "Actual Max Startup Time": 0.356, "Actual Min Total Time": 1765.676, "Actual Max Total Time": 2150.384, "Filter": "((l_shipmode = ANY ('{RAIL,FOB}'::bpchar[])) AND (l_commitdate < l_receiptdate) AND (l_shipdate < l_commitdate) AND (l_receiptdate >= '1997-01-01 00:00:00'::timestamp(0) without time zone) AND (l_receiptdate < '1998-01-01 00:00:00'::timestamp without time zone)), (LLVM Optimized, Jit Execute)", "Rows Removed by Filter": 59674804, "Actual Rows": 311248}], "Actual Rows": 311248}, {"Node Type": "Bitmap Heap Scan", "Parent Relationship": "Inner", "Relation Name": "orders", "Alias": "orders", "Startup Cost": 1.04, "Total Cost": 5.05, "Plan Rows": 1, "Plan Width": 24, "Actual Min Startup Time": 1740.603, "Actual Max Startup Time": 1740.603, "Actual Min Total Time": 1740.603, "Actual Max Total Time": 1740.603, "Recheck Cond": "(o_orderkey = lineitem.l_orderkey)", "Rows Removed by Index Recheck": 0, "Exact Heap Blocks": 311248, "Lossy Heap Blocks": 311248, "Plans": [{"Node Type": "Bitmap Index Scan", "Parent Relationship": "Outer", "Index Name": "orders_pkey", "Startup Cost": 0.0, "Total Cost": 1.04, "Plan Rows": 1, "Plan Width": 0, "Actual Min Startup Time": 1011.837, "Actual Max Startup Time": 1011.837, "Actual Min Total Time": 1011.837, "Actual Max Total Time": 1011.837, "Index Cond": "(o_orderkey = lineitem.l_orderkey)", "Actual Rows": 311248}], "Actual Rows": 311248}], "Actual Rows": 311248}], "Actual Rows": 2}], "Actual Rows": 2}, "Triggers": [], "Planner Runtime": 0.916, "Total Runtime": 2765.036, "Unique SQL Id": 2036526415}}, "(16, '83')": {"explain_plan": {"Plan": {"Node Type": "Sort", "Startup Cost": 5485674.71, "Total Cost": 5485674.71, "Plan Rows": 1, "Plan Width": 43, "Sort Key": ["lineitem.l_shipmode"], "Plans": [{"Node Type": "Aggregate", "Strategy": "Hashed", "Parent Relationship": "Outer", "Startup Cost": 5485674.69, "Total Cost": 5485674.7, "Plan Rows": 1, "Plan Width": 43, "Group By Key": ["lineitem.l_shipmode"], "Plans": [{"Node Type": "Nested Loop", "Parent Relationship": "Outer", "Join Type": "Inner", "Startup Cost": 1225110.1, "Total Cost": 5480519.47, "Plan Rows": 294584, "Plan Width": 27, "Inner Unique": true, "Plans": [{"Node Type": "Bitmap Heap Scan", "Parent Relationship": "Outer", "Relation Name": "lineitem", "Alias": "lineitem", "Startup Cost": 1225109.06, "Total Cost": 3990062.3, "Plan Rows": 294584, "Plan Width": 19, "Filter": "((l_shipmode = ANY ('{RAIL,FOB}'::bpchar[])) AND (l_commitdate < l_receiptdate) AND (l_shipdate < l_commitdate) AND (l_receiptdate >= '1997-01-01 00:00:00'::timestamp(0) without time zone) AND (l_receiptdate < '1998-01-01 00:00:00'::timestamp without time zone)), (LLVM Optimized)", "Plans": [{"Node Type": "Bitmap Index Scan", "Parent Relationship": "Outer", "Index Name": "idx_lineitem_orderkey", "Startup Cost": 0.0, "Total Cost": 1225035.42, "Plan Rows": 59987033, "Plan Width": 0}]}, {"Node Type": "Bitmap Heap Scan", "Parent Relationship": "Inner", "Relation Name": "orders", "Alias": "orders", "Startup Cost": 1.04, "Total Cost": 5.05, "Plan Rows": 1, "Plan Width": 24, "Recheck Cond": "(o_orderkey = lineitem.l_orderkey)", "Plans": [{"Node Type": "Bitmap Index Scan", "Parent Relationship": "Outer", "Index Name": "orders_pkey", "Startup Cost": 0.0, "Total Cost": 1.04, "Plan Rows": 1, "Plan Width": 0, "Index Cond": "(o_orderkey = lineitem.l_orderkey)"}]}]}]}]}, "Unique SQL Id": 2036526415, "Planner Runtime": 0}, "explain_analyze_plan": null}, "(16, '84')": {"explain_plan": {"Plan": {"Node Type": "Sort", "Startup Cost": 1280090.06, "Total Cost": 1280090.06, "Plan Rows": 1, "Plan Width": 43, "Sort Key": ["lineitem.l_shipmode"], "Plans": [{"Node Type": "Aggregate", "Strategy": "Hashed", "Parent Relationship": "Outer", "Startup Cost": 1280090.04, "Total Cost": 1280090.05, "Plan Rows": 1, "Plan Width": 43, "Group By Key": ["lineitem.l_shipmode"], "Plans": [{"Node Type": "Nested Loop", "Parent Relationship": "Outer", "Join Type": "Inner", "Startup Cost": 2.24, "Total Cost": 1274934.82, "Plan Rows": 294584, "Plan Width": 27, "Inner Unique": true, "Plans": [{"Node Type": "Streaming(type: LOCAL GATHER dop: 1/16)", "Parent Relationship": "Outer", "Startup Cost": 2.24, "Total Cost": 194167.3, "Plan Rows": 294584, "Plan Width": 19, "Plans": [{"Node Type": "Seq Scan", "Parent Relationship": "Outer", "Relation Name": "lineitem", "Alias": "lineitem", "Startup Cost": 2.24, "Total Cost": 187809.58, "Plan Rows": 294584, "Plan Width": 19, "Filter": "((l_shipmode = ANY ('{RAIL,FOB}'::bpchar[])) AND (l_commitdate < l_receiptdate) AND (l_shipdate < l_commitdate) AND (l_receiptdate >= '1997-01-01 00:00:00'::timestamp(0) without time zone) AND (l_receiptdate < '1998-01-01 00:00:00'::timestamp without time zone)), (LLVM Optimized)"}]}, {"Node Type": "Index Scan", "Parent Relationship": "Inner", "Scan Direction": "Forward", "Index Name": "orders_pkey", "Relation Name": "orders", "Alias": "orders", "Startup Cost": 0.0, "Total Cost": 3.66, "Plan Rows": 1, "Plan Width": 24, "Index Cond": "(o_orderkey = lineitem.l_orderkey)"}]}]}]}, "Unique SQL Id": 2036526415, "Planner Runtime": 0}, "explain_analyze_plan": {"Plan": {"Node Type": "Sort", "Startup Cost": 1280090.06, "Total Cost": 1280090.06, "Plan Rows": 1, "Plan Width": 43, "Actual Min Startup Time": 2576.474, "Actual Max Startup Time": 2576.474, "Actual Min Total Time": 2576.474, "Actual Max Total Time": 2576.474, "Sort Key": ["lineitem.l_shipmode"], "Sort Method": "quicksort", "Sort Space Min Used": 25, "Sort Space Max Used": 25, "Sort Space Type": "Memory", "Plans": [{"Node Type": "Aggregate", "Strategy": "Hashed", "Parent Relationship": "Outer", "Startup Cost": 1280090.04, "Total Cost": 1280090.05, "Plan Rows": 1, "Plan Width": 43, "Actual Min Startup Time": 2576.42, "Actual Max Startup Time": 2576.42, "Actual Min Total Time": 2576.421, "Actual Max Total Time": 2576.421, "Group By Key": ["lineitem.l_shipmode"], "Plans": [{"Node Type": "Nested Loop", "Parent Relationship": "Outer", "Join Type": "Inner", "Startup Cost": 2.24, "Total Cost": 1274934.82, "Plan Rows": 294584, "Plan Width": 27, "Actual Min Startup Time": 47.965, "Actual Max Startup Time": 47.965, "Actual Min Total Time": 2240.029, "Actual Max Total Time": 2240.029, "Inner Unique": true, "Plans": [{"Node Type": "Streaming(type: LOCAL GATHER dop: 1/16)", "Parent Relationship": "Outer", "Startup Cost": 2.24, "Total Cost": 194167.3, "Plan Rows": 294584, "Plan Width": 19, "Actual Min Startup Time": 47.905, "Actual Max Startup Time": 47.905, "Actual Min Total Time": 584.734, "Actual Max Total Time": 584.734, "Plans": [{"Node Type": "Seq Scan", "Parent Relationship": "Outer", "Relation Name": "lineitem", "Alias": "lineitem", "Startup Cost": 2.24, "Total Cost": 187809.58, "Plan Rows": 294584, "Plan Width": 19, "Actual Min Startup Time": 0.039, "Actual Max Startup Time": 0.362, "Actual Min Total Time": 1960.645, "Actual Max Total Time": 2395.535, "Filter": "((l_shipmode = ANY ('{RAIL,FOB}'::bpchar[])) AND (l_commitdate < l_receiptdate) AND (l_shipdate < l_commitdate) AND (l_receiptdate >= '1997-01-01 00:00:00'::timestamp(0) without time zone) AND (l_receiptdate < '1998-01-01 00:00:00'::timestamp without time zone)), (LLVM Optimized, Jit Execute)", "Rows Removed by Filter": 59674804, "Actual Rows": 311248}], "Actual Rows": 311248}, {"Node Type": "Index Scan", "Parent Relationship": "Inner", "Scan Direction": "Forward", "Index Name": "orders_pkey", "Relation Name": "orders", "Alias": "orders", "Startup Cost": 0.0, "Total Cost": 3.66, "Plan Rows": 1, "Plan Width": 24, "Actual Min Startup Time": 1397.352, "Actual Max Startup Time": 1397.352, "Actual Min Total Time": 1397.352, "Actual Max Total Time": 1397.352, "Index Cond": "(o_orderkey = lineitem.l_orderkey)", "Rows Removed by Index Recheck": 0, "Actual Rows": 311248}], "Actual Rows": 311248}], "Actual Rows": 2}], "Actual Rows": 2}, "Triggers": [], "Planner Runtime": 0.724, "Total Runtime": 2589.726, "Unique SQL Id": 2036526415}}, "(16, '85')": {"explain_plan": {"Plan": {"Node Type": "Sort", "Startup Cost": 3831920.66, "Total Cost": 3831920.67, "Plan Rows": 1, "Plan Width": 43, "Sort Key": ["lineitem.l_shipmode"], "Plans": [{"Node Type": "Aggregate", "Strategy": "Hashed", "Parent Relationship": "Outer", "Startup Cost": 3831920.64, "Total Cost": 3831920.65, "Plan Rows": 1, "Plan Width": 43, "Group By Key": ["lineitem.l_shipmode"], "Plans": [{"Node Type": "Nested Loop", "Parent Relationship": "Outer", "Join Type": "Inner", "Startup Cost": 0.0, "Total Cost": 3826765.42, "Plan Rows": 294584, "Plan Width": 27, "Inner Unique": true, "Plans": [{"Node Type": "Streaming(type: LOCAL GATHER dop: 1/16)", "Parent Relationship": "Outer", "Startup Cost": 0.0, "Total Cost": 2745997.9, "Plan Rows": 294584, "Plan Width": 19, "Plans": [{"Node Type": "Index Scan", "Parent Relationship": "Outer", "Scan Direction": "Forward", "Index Name": "idx_lineitem_orderkey", "Relation Name": "lineitem", "Alias": "lineitem", "Startup Cost": 0.0, "Total Cost": 2739640.18, "Plan Rows": 294584, "Plan Width": 19, "Filter": "((l_shipmode = ANY ('{RAIL,FOB}'::bpchar[])) AND (l_commitdate < l_receiptdate) AND (l_shipdate < l_commitdate) AND (l_receiptdate >= '1997-01-01 00:00:00'::timestamp(0) without time zone) AND (l_receiptdate < '1998-01-01 00:00:00'::timestamp without time zone)), (LLVM Optimized)"}]}, {"Node Type": "Index Scan", "Parent Relationship": "Inner", "Scan Direction": "Forward", "Index Name": "orders_pkey", "Relation Name": "orders", "Alias": "orders", "Startup Cost": 0.0, "Total Cost": 3.66, "Plan Rows": 1, "Plan Width": 24, "Index Cond": "(o_orderkey = lineitem.l_orderkey)"}]}]}]}, "Unique SQL Id": 2036526415, "Planner Runtime": 0}, "explain_analyze_plan": {"Plan": {"Node Type": "Sort", "Startup Cost": 3831920.66, "Total Cost": 3831920.67, "Plan Rows": 1, "Plan Width": 43, "Actual Min Startup Time": 3633.352, "Actual Max Startup Time": 3633.352, "Actual Min Total Time": 3633.352, "Actual Max Total Time": 3633.352, "Sort Key": ["lineitem.l_shipmode"], "Sort Method": "quicksort", "Sort Space Min Used": 25, "Sort Space Max Used": 25, "Sort Space Type": "Memory", "Plans": [{"Node Type": "Aggregate", "Strategy": "Hashed", "Parent Relationship": "Outer", "Startup Cost": 3831920.64, "Total Cost": 3831920.65, "Plan Rows": 1, "Plan Width": 43, "Actual Min Startup Time": 3633.314, "Actual Max Startup Time": 3633.314, "Actual Min Total Time": 3633.316, "Actual Max Total Time": 3633.316, "Group By Key": ["lineitem.l_shipmode"], "Plans": [{"Node Type": "Nested Loop", "Parent Relationship": "Outer", "Join Type": "Inner", "Startup Cost": 0.0, "Total Cost": 3826765.42, "Plan Rows": 294584, "Plan Width": 27, "Actual Min Startup Time": 553.866, "Actual Max Startup Time": 553.866, "Actual Min Total Time": 3328.179, "Actual Max Total Time": 3328.179, "Inner Unique": true, "Plans": [{"Node Type": "Streaming(type: LOCAL GATHER dop: 1/16)", "Parent Relationship": "Outer", "Startup Cost": 0.0, "Total Cost": 2745997.9, "Plan Rows": 294584, "Plan Width": 19, "Actual Min Startup Time": 553.813, "Actual Max Startup Time": 553.813, "Actual Min Total Time": 1689.732, "Actual Max Total Time": 1689.732, "Plans": [{"Node Type": "Index Scan", "Parent Relationship": "Outer", "Scan Direction": "Forward", "Index Name": "idx_lineitem_orderkey", "Relation Name": "lineitem", "Alias": "lineitem", "Startup Cost": 0.0, "Total Cost": 2739640.18, "Plan Rows": 294584, "Plan Width": 19, "Actual Min Startup Time": 498.14, "Actual Max Startup Time": 504.771, "Actual Min Total Time": 3113.984, "Actual Max Total Time": 3499.608, "Filter": "((l_shipmode = ANY ('{RAIL,FOB}'::bpchar[])) AND (l_commitdate < l_receiptdate) AND (l_shipdate < l_commitdate) AND (l_receiptdate >= '1997-01-01 00:00:00'::timestamp(0) without time zone) AND (l_receiptdate < '1998-01-01 00:00:00'::timestamp without time zone)), (LLVM Optimized, Jit Execute)", "Rows Removed by Filter": 59674804, "Actual Rows": 311248}], "Actual Rows": 311248}, {"Node Type": "Index Scan", "Parent Relationship": "Inner", "Scan Direction": "Forward", "Index Name": "orders_pkey", "Relation Name": "orders", "Alias": "orders", "Startup Cost": 0.0, "Total Cost": 3.66, "Plan Rows": 1, "Plan Width": 24, "Actual Min Startup Time": 1371.744, "Actual Max Startup Time": 1371.744, "Actual Min Total Time": 1371.744, "Actual Max Total Time": 1371.744, "Index Cond": "(o_orderkey = lineitem.l_orderkey)", "Rows Removed by Index Recheck": 0, "Actual Rows": 311248}], "Actual Rows": 311248}], "Actual Rows": 2}], "Actual Rows": 2}, "Triggers": [], "Planner Runtime": 0.867, "Total Runtime": 3646.641, "Unique SQL Id": 2036526415}}, "(16, '86')": {"explain_plan": {"Plan": {"Node Type": "Sort", "Startup Cost": 1689779.7, "Total Cost": 1689779.71, "Plan Rows": 1, "Plan Width": 43, "Sort Key": ["lineitem.l_shipmode"], "Plans": [{"Node Type": "Aggregate", "Strategy": "Hashed", "Parent Relationship": "Outer", "Startup Cost": 1689779.68, "Total Cost": 1689779.69, "Plan Rows": 1, "Plan Width": 43, "Group By Key": ["lineitem.l_shipmode"], "Plans": [{"Node Type": "Nested Loop", "Parent Relationship": "Outer", "Join Type": "Inner", "Startup Cost": 3.28, "Total Cost": 1684624.46, "Plan Rows": 294584, "Plan Width": 27, "Inner Unique": true, "Plans": [{"Node Type": "Streaming(type: LOCAL GATHER dop: 1/16)", "Parent Relationship": "Outer", "Startup Cost": 2.24, "Total Cost": 194167.3, "Plan Rows": 294584, "Plan Width": 19, "Plans": [{"Node Type": "Seq Scan", "Parent Relationship": "Outer", "Relation Name": "lineitem", "Alias": "lineitem", "Startup Cost": 2.24, "Total Cost": 187809.58, "Plan Rows": 294584, "Plan Width": 19, "Filter": "((l_shipmode = ANY ('{RAIL,FOB}'::bpchar[])) AND (l_commitdate < l_receiptdate) AND (l_shipdate < l_commitdate) AND (l_receiptdate >= '1997-01-01 00:00:00'::timestamp(0) without time zone) AND (l_receiptdate < '1998-01-01 00:00:00'::timestamp without time zone)), (LLVM Optimized)"}]}, {"Node Type": "Bitmap Heap Scan", "Parent Relationship": "Inner", "Relation Name": "orders", "Alias": "orders", "Startup Cost": 1.04, "Total Cost": 5.05, "Plan Rows": 1, "Plan Width": 24, "Recheck Cond": "(o_orderkey = lineitem.l_orderkey)", "Plans": [{"Node Type": "Bitmap Index Scan", "Parent Relationship": "Outer", "Index Name": "orders_pkey", "Startup Cost": 0.0, "Total Cost": 1.04, "Plan Rows": 1, "Plan Width": 0, "Index Cond": "(o_orderkey = lineitem.l_orderkey)"}]}]}]}]}, "Unique SQL Id": 2036526415, "Planner Runtime": 0}, "explain_analyze_plan": {"Plan": {"Node Type": "Sort", "Startup Cost": 1689779.7, "Total Cost": 1689779.71, "Plan Rows": 1, "Plan Width": 43, "Actual Min Startup Time": 2751.581, "Actual Max Startup Time": 2751.581, "Actual Min Total Time": 2751.581, "Actual Max Total Time": 2751.581, "Sort Key": ["lineitem.l_shipmode"], "Sort Method": "quicksort", "Sort Space Min Used": 25, "Sort Space Max Used": 25, "Sort Space Type": "Memory", "Plans": [{"Node Type": "Aggregate", "Strategy": "Hashed", "Parent Relationship": "Outer", "Startup Cost": 1689779.68, "Total Cost": 1689779.69, "Plan Rows": 1, "Plan Width": 43, "Actual Min Startup Time": 2751.545, "Actual Max Startup Time": 2751.545, "Actual Min Total Time": 2751.546, "Actual Max Total Time": 2751.546, "Group By Key": ["lineitem.l_shipmode"], "Plans": [{"Node Type": "Nested Loop", "Parent Relationship": "Outer", "Join Type": "Inner", "Startup Cost": 3.28, "Total Cost": 1684624.46, "Plan Rows": 294584, "Plan Width": 27, "Actual Min Startup Time": 50.031, "Actual Max Startup Time": 50.031, "Actual Min Total Time": 2414.554, "Actual Max Total Time": 2414.554, "Inner Unique": true, "Plans": [{"Node Type": "Streaming(type: LOCAL GATHER dop: 1/16)", "Parent Relationship": "Outer", "Startup Cost": 2.24, "Total Cost": 194167.3, "Plan Rows": 294584, "Plan Width": 19, "Actual Min Startup Time": 49.954, "Actual Max Startup Time": 49.954, "Actual Min Total Time": 243.553, "Actual Max Total Time": 243.553, "Plans": [{"Node Type": "Seq Scan", "Parent Relationship": "Outer", "Relation Name": "lineitem", "Alias": "lineitem", "Startup Cost": 2.24, "Total Cost": 187809.58, "Plan Rows": 294584, "Plan Width": 19, "Actual Min Startup Time": 0.049, "Actual Max Startup Time": 0.356, "Actual Min Total Time": 1765.676, "Actual Max Total Time": 2150.384, "Filter": "((l_shipmode = ANY ('{RAIL,FOB}'::bpchar[])) AND (l_commitdate < l_receiptdate) AND (l_shipdate < l_commitdate) AND (l_receiptdate >= '1997-01-01 00:00:00'::timestamp(0) without time zone) AND (l_receiptdate < '1998-01-01 00:00:00'::timestamp without time zone)), (LLVM Optimized, Jit Execute)", "Rows Removed by Filter": 59674804, "Actual Rows": 311248}], "Actual Rows": 311248}, {"Node Type": "Bitmap Heap Scan", "Parent Relationship": "Inner", "Relation Name": "orders", "Alias": "orders", "Startup Cost": 1.04, "Total Cost": 5.05, "Plan Rows": 1, "Plan Width": 24, "Actual Min Startup Time": 1740.603, "Actual Max Startup Time": 1740.603, "Actual Min Total Time": 1740.603, "Actual Max Total Time": 1740.603, "Recheck Cond": "(o_orderkey = lineitem.l_orderkey)", "Rows Removed by Index Recheck": 0, "Exact Heap Blocks": 311248, "Lossy Heap Blocks": 311248, "Plans": [{"Node Type": "Bitmap Index Scan", "Parent Relationship": "Outer", "Index Name": "orders_pkey", "Startup Cost": 0.0, "Total Cost": 1.04, "Plan Rows": 1, "Plan Width": 0, "Actual Min Startup Time": 1011.837, "Actual Max Startup Time": 1011.837, "Actual Min Total Time": 1011.837, "Actual Max Total Time": 1011.837, "Index Cond": "(o_orderkey = lineitem.l_orderkey)", "Actual Rows": 311248}], "Actual Rows": 311248}], "Actual Rows": 311248}], "Actual Rows": 2}], "Actual Rows": 2}, "Triggers": [], "Planner Runtime": 0.916, "Total Runtime": 2765.036, "Unique SQL Id": 2036526415}}, "(16, '87')": {"explain_plan": {"Plan": {"Node Type": "Sort", "Startup Cost": 5485674.71, "Total Cost": 5485674.71, "Plan Rows": 1, "Plan Width": 43, "Sort Key": ["lineitem.l_shipmode"], "Plans": [{"Node Type": "Aggregate", "Strategy": "Hashed", "Parent Relationship": "Outer", "Startup Cost": 5485674.69, "Total Cost": 5485674.7, "Plan Rows": 1, "Plan Width": 43, "Group By Key": ["lineitem.l_shipmode"], "Plans": [{"Node Type": "Nested Loop", "Parent Relationship": "Outer", "Join Type": "Inner", "Startup Cost": 1225110.1, "Total Cost": 5480519.47, "Plan Rows": 294584, "Plan Width": 27, "Inner Unique": true, "Plans": [{"Node Type": "Bitmap Heap Scan", "Parent Relationship": "Outer", "Relation Name": "lineitem", "Alias": "lineitem", "Startup Cost": 1225109.06, "Total Cost": 3990062.3, "Plan Rows": 294584, "Plan Width": 19, "Filter": "((l_shipmode = ANY ('{RAIL,FOB}'::bpchar[])) AND (l_commitdate < l_receiptdate) AND (l_shipdate < l_commitdate) AND (l_receiptdate >= '1997-01-01 00:00:00'::timestamp(0) without time zone) AND (l_receiptdate < '1998-01-01 00:00:00'::timestamp without time zone)), (LLVM Optimized)", "Plans": [{"Node Type": "Bitmap Index Scan", "Parent Relationship": "Outer", "Index Name": "idx_lineitem_orderkey", "Startup Cost": 0.0, "Total Cost": 1225035.42, "Plan Rows": 59987033, "Plan Width": 0}]}, {"Node Type": "Bitmap Heap Scan", "Parent Relationship": "Inner", "Relation Name": "orders", "Alias": "orders", "Startup Cost": 1.04, "Total Cost": 5.05, "Plan Rows": 1, "Plan Width": 24, "Recheck Cond": "(o_orderkey = lineitem.l_orderkey)", "Plans": [{"Node Type": "Bitmap Index Scan", "Parent Relationship": "Outer", "Index Name": "orders_pkey", "Startup Cost": 0.0, "Total Cost": 1.04, "Plan Rows": 1, "Plan Width": 0, "Index Cond": "(o_orderkey = lineitem.l_orderkey)"}]}]}]}]}, "Unique SQL Id": 2036526415, "Planner Runtime": 0}, "explain_analyze_plan": null}, "(16, '88')": {"explain_plan": {"Plan": {"Node Type": "Sort", "Startup Cost": 1280090.06, "Total Cost": 1280090.06, "Plan Rows": 1, "Plan Width": 43, "Sort Key": ["lineitem.l_shipmode"], "Plans": [{"Node Type": "Aggregate", "Strategy": "Hashed", "Parent Relationship": "Outer", "Startup Cost": 1280090.04, "Total Cost": 1280090.05, "Plan Rows": 1, "Plan Width": 43, "Group By Key": ["lineitem.l_shipmode"], "Plans": [{"Node Type": "Nested Loop", "Parent Relationship": "Outer", "Join Type": "Inner", "Startup Cost": 2.24, "Total Cost": 1274934.82, "Plan Rows": 294584, "Plan Width": 27, "Inner Unique": true, "Plans": [{"Node Type": "Streaming(type: LOCAL GATHER dop: 1/16)", "Parent Relationship": "Outer", "Startup Cost": 2.24, "Total Cost": 194167.3, "Plan Rows": 294584, "Plan Width": 19, "Plans": [{"Node Type": "Seq Scan", "Parent Relationship": "Outer", "Relation Name": "lineitem", "Alias": "lineitem", "Startup Cost": 2.24, "Total Cost": 187809.58, "Plan Rows": 294584, "Plan Width": 19, "Filter": "((l_shipmode = ANY ('{RAIL,FOB}'::bpchar[])) AND (l_commitdate < l_receiptdate) AND (l_shipdate < l_commitdate) AND (l_receiptdate >= '1997-01-01 00:00:00'::timestamp(0) without time zone) AND (l_receiptdate < '1998-01-01 00:00:00'::timestamp without time zone)), (LLVM Optimized)"}]}, {"Node Type": "Index Scan", "Parent Relationship": "Inner", "Scan Direction": "Forward", "Index Name": "orders_pkey", "Relation Name": "orders", "Alias": "orders", "Startup Cost": 0.0, "Total Cost": 3.66, "Plan Rows": 1, "Plan Width": 24, "Index Cond": "(o_orderkey = lineitem.l_orderkey)"}]}]}]}, "Unique SQL Id": 2036526415, "Planner Runtime": 0}, "explain_analyze_plan": {"Plan": {"Node Type": "Sort", "Startup Cost": 1280090.06, "Total Cost": 1280090.06, "Plan Rows": 1, "Plan Width": 43, "Actual Min Startup Time": 2576.474, "Actual Max Startup Time": 2576.474, "Actual Min Total Time": 2576.474, "Actual Max Total Time": 2576.474, "Sort Key": ["lineitem.l_shipmode"], "Sort Method": "quicksort", "Sort Space Min Used": 25, "Sort Space Max Used": 25, "Sort Space Type": "Memory", "Plans": [{"Node Type": "Aggregate", "Strategy": "Hashed", "Parent Relationship": "Outer", "Startup Cost": 1280090.04, "Total Cost": 1280090.05, "Plan Rows": 1, "Plan Width": 43, "Actual Min Startup Time": 2576.42, "Actual Max Startup Time": 2576.42, "Actual Min Total Time": 2576.421, "Actual Max Total Time": 2576.421, "Group By Key": ["lineitem.l_shipmode"], "Plans": [{"Node Type": "Nested Loop", "Parent Relationship": "Outer", "Join Type": "Inner", "Startup Cost": 2.24, "Total Cost": 1274934.82, "Plan Rows": 294584, "Plan Width": 27, "Actual Min Startup Time": 47.965, "Actual Max Startup Time": 47.965, "Actual Min Total Time": 2240.029, "Actual Max Total Time": 2240.029, "Inner Unique": true, "Plans": [{"Node Type": "Streaming(type: LOCAL GATHER dop: 1/16)", "Parent Relationship": "Outer", "Startup Cost": 2.24, "Total Cost": 194167.3, "Plan Rows": 294584, "Plan Width": 19, "Actual Min Startup Time": 47.905, "Actual Max Startup Time": 47.905, "Actual Min Total Time": 584.734, "Actual Max Total Time": 584.734, "Plans": [{"Node Type": "Seq Scan", "Parent Relationship": "Outer", "Relation Name": "lineitem", "Alias": "lineitem", "Startup Cost": 2.24, "Total Cost": 187809.58, "Plan Rows": 294584, "Plan Width": 19, "Actual Min Startup Time": 0.039, "Actual Max Startup Time": 0.362, "Actual Min Total Time": 1960.645, "Actual Max Total Time": 2395.535, "Filter": "((l_shipmode = ANY ('{RAIL,FOB}'::bpchar[])) AND (l_commitdate < l_receiptdate) AND (l_shipdate < l_commitdate) AND (l_receiptdate >= '1997-01-01 00:00:00'::timestamp(0) without time zone) AND (l_receiptdate < '1998-01-01 00:00:00'::timestamp without time zone)), (LLVM Optimized, Jit Execute)", "Rows Removed by Filter": 59674804, "Actual Rows": 311248}], "Actual Rows": 311248}, {"Node Type": "Index Scan", "Parent Relationship": "Inner", "Scan Direction": "Forward", "Index Name": "orders_pkey", "Relation Name": "orders", "Alias": "orders", "Startup Cost": 0.0, "Total Cost": 3.66, "Plan Rows": 1, "Plan Width": 24, "Actual Min Startup Time": 1397.352, "Actual Max Startup Time": 1397.352, "Actual Min Total Time": 1397.352, "Actual Max Total Time": 1397.352, "Index Cond": "(o_orderkey = lineitem.l_orderkey)", "Rows Removed by Index Recheck": 0, "Actual Rows": 311248}], "Actual Rows": 311248}], "Actual Rows": 2}], "Actual Rows": 2}, "Triggers": [], "Planner Runtime": 0.724, "Total Runtime": 2589.726, "Unique SQL Id": 2036526415}}, "(16, '89')": {"explain_plan": {"Plan": {"Node Type": "Sort", "Startup Cost": 3831920.66, "Total Cost": 3831920.67, "Plan Rows": 1, "Plan Width": 43, "Sort Key": ["lineitem.l_shipmode"], "Plans": [{"Node Type": "Aggregate", "Strategy": "Hashed", "Parent Relationship": "Outer", "Startup Cost": 3831920.64, "Total Cost": 3831920.65, "Plan Rows": 1, "Plan Width": 43, "Group By Key": ["lineitem.l_shipmode"], "Plans": [{"Node Type": "Nested Loop", "Parent Relationship": "Outer", "Join Type": "Inner", "Startup Cost": 0.0, "Total Cost": 3826765.42, "Plan Rows": 294584, "Plan Width": 27, "Inner Unique": true, "Plans": [{"Node Type": "Streaming(type: LOCAL GATHER dop: 1/16)", "Parent Relationship": "Outer", "Startup Cost": 0.0, "Total Cost": 2745997.9, "Plan Rows": 294584, "Plan Width": 19, "Plans": [{"Node Type": "Index Scan", "Parent Relationship": "Outer", "Scan Direction": "Forward", "Index Name": "idx_lineitem_orderkey", "Relation Name": "lineitem", "Alias": "lineitem", "Startup Cost": 0.0, "Total Cost": 2739640.18, "Plan Rows": 294584, "Plan Width": 19, "Filter": "((l_shipmode = ANY ('{RAIL,FOB}'::bpchar[])) AND (l_commitdate < l_receiptdate) AND (l_shipdate < l_commitdate) AND (l_receiptdate >= '1997-01-01 00:00:00'::timestamp(0) without time zone) AND (l_receiptdate < '1998-01-01 00:00:00'::timestamp without time zone)), (LLVM Optimized)"}]}, {"Node Type": "Index Scan", "Parent Relationship": "Inner", "Scan Direction": "Forward", "Index Name": "orders_pkey", "Relation Name": "orders", "Alias": "orders", "Startup Cost": 0.0, "Total Cost": 3.66, "Plan Rows": 1, "Plan Width": 24, "Index Cond": "(o_orderkey = lineitem.l_orderkey)"}]}]}]}, "Unique SQL Id": 2036526415, "Planner Runtime": 0}, "explain_analyze_plan": {"Plan": {"Node Type": "Sort", "Startup Cost": 3831920.66, "Total Cost": 3831920.67, "Plan Rows": 1, "Plan Width": 43, "Actual Min Startup Time": 3633.352, "Actual Max Startup Time": 3633.352, "Actual Min Total Time": 3633.352, "Actual Max Total Time": 3633.352, "Sort Key": ["lineitem.l_shipmode"], "Sort Method": "quicksort", "Sort Space Min Used": 25, "Sort Space Max Used": 25, "Sort Space Type": "Memory", "Plans": [{"Node Type": "Aggregate", "Strategy": "Hashed", "Parent Relationship": "Outer", "Startup Cost": 3831920.64, "Total Cost": 3831920.65, "Plan Rows": 1, "Plan Width": 43, "Actual Min Startup Time": 3633.314, "Actual Max Startup Time": 3633.314, "Actual Min Total Time": 3633.316, "Actual Max Total Time": 3633.316, "Group By Key": ["lineitem.l_shipmode"], "Plans": [{"Node Type": "Nested Loop", "Parent Relationship": "Outer", "Join Type": "Inner", "Startup Cost": 0.0, "Total Cost": 3826765.42, "Plan Rows": 294584, "Plan Width": 27, "Actual Min Startup Time": 553.866, "Actual Max Startup Time": 553.866, "Actual Min Total Time": 3328.179, "Actual Max Total Time": 3328.179, "Inner Unique": true, "Plans": [{"Node Type": "Streaming(type: LOCAL GATHER dop: 1/16)", "Parent Relationship": "Outer", "Startup Cost": 0.0, "Total Cost": 2745997.9, "Plan Rows": 294584, "Plan Width": 19, "Actual Min Startup Time": 553.813, "Actual Max Startup Time": 553.813, "Actual Min Total Time": 1689.732, "Actual Max Total Time": 1689.732, "Plans": [{"Node Type": "Index Scan", "Parent Relationship": "Outer", "Scan Direction": "Forward", "Index Name": "idx_lineitem_orderkey", "Relation Name": "lineitem", "Alias": "lineitem", "Startup Cost": 0.0, "Total Cost": 2739640.18, "Plan Rows": 294584, "Plan Width": 19, "Actual Min Startup Time": 498.14, "Actual Max Startup Time": 504.771, "Actual Min Total Time": 3113.984, "Actual Max Total Time": 3499.608, "Filter": "((l_shipmode = ANY ('{RAIL,FOB}'::bpchar[])) AND (l_commitdate < l_receiptdate) AND (l_shipdate < l_commitdate) AND (l_receiptdate >= '1997-01-01 00:00:00'::timestamp(0) without time zone) AND (l_receiptdate < '1998-01-01 00:00:00'::timestamp without time zone)), (LLVM Optimized, Jit Execute)", "Rows Removed by Filter": 59674804, "Actual Rows": 311248}], "Actual Rows": 311248}, {"Node Type": "Index Scan", "Parent Relationship": "Inner", "Scan Direction": "Forward", "Index Name": "orders_pkey", "Relation Name": "orders", "Alias": "orders", "Startup Cost": 0.0, "Total Cost": 3.66, "Plan Rows": 1, "Plan Width": 24, "Actual Min Startup Time": 1371.744, "Actual Max Startup Time": 1371.744, "Actual Min Total Time": 1371.744, "Actual Max Total Time": 1371.744, "Index Cond": "(o_orderkey = lineitem.l_orderkey)", "Rows Removed by Index Recheck": 0, "Actual Rows": 311248}], "Actual Rows": 311248}], "Actual Rows": 2}], "Actual Rows": 2}, "Triggers": [], "Planner Runtime": 0.867, "Total Runtime": 3646.641, "Unique SQL Id": 2036526415}}, "(16, '90')": {"explain_plan": {"Plan": {"Node Type": "Sort", "Startup Cost": 102592202147.38, "Total Cost": 102592202147.39, "Plan Rows": 1, "Plan Width": 43, "Sort Key": ["lineitem.l_shipmode"], "Plans": [{"Node Type": "Streaming(type: LOCAL GATHER dop: 1/16)", "Parent Relationship": "Outer", "Startup Cost": 102592202147.36, "Total Cost": 102592202147.37, "Plan Rows": 1, "Plan Width": 43, "Plans": [{"Node Type": "Aggregate", "Strategy": "Hashed", "Parent Relationship": "Outer", "Startup Cost": 102592202147.36, "Total Cost": 102592202147.36, "Plan Rows": 1, "Plan Width": 43, "Group By Key": ["lineitem.l_shipmode"], "Plans": [{"Node Type": "Streaming(type: LOCAL REDISTRIBUTE dop: 16/16)", "Parent Relationship": "Outer", "Startup Cost": 102592202147.32, "Total Cost": 102592202147.36, "Plan Rows": 1, "Plan Width": 43, "Plans": [{"Node Type": "Aggregate", "Strategy": "Hashed", "Parent Relationship": "Outer", "Startup Cost": 102592202147.32, "Total Cost": 102592202147.32, "Plan Rows": 1, "Plan Width": 43, "Group By Key": ["lineitem.l_shipmode"], "Plans": [{"Node Type": "Nested Loop", "Parent Relationship": "Outer", "Join Type": "Inner", "Startup Cost": 10000000002.24, "Total Cost": 102592201825.12, "Plan Rows": 294584, "Plan Width": 27, "Inner Unique": false, "Join Filter": "(orders.o_orderkey = lineitem.l_orderkey), (LLVM Optimized)", "Plans": [{"Node Type": "Streaming(type: LOCAL REDISTRIBUTE dop: 16/16)", "Parent Relationship": "Outer", "Startup Cost": 0.0, "Total Cost": 113484.83, "Plan Rows": 14999479, "Plan Width": 24, "Plans": [{"Node Type": "Seq Scan", "Parent Relationship": "Outer", "Relation Name": "orders", "Alias": "orders", "Startup Cost": 0.0, "Total Cost": 41650.86, "Plan Rows": 14999479, "Plan Width": 24}]}, {"Node Type": "Materialize", "Parent Relationship": "Inner", "Startup Cost": 2.24, "Total Cost": 204017.83, "Plan Rows": 294584, "Plan Width": 19, "Plans": [{"Node Type": "Streaming(type: LOCAL REDISTRIBUTE dop: 16/16)", "Parent Relationship": "Outer", "Startup Cost": 2.24, "Total Cost": 203925.77, "Plan Rows": 294584, "Plan Width": 19, "Plans": [{"Node Type": "Seq Scan", "Parent Relationship": "Outer", "Relation Name": "lineitem", "Alias": "lineitem", "Startup Cost": 2.24, "Total Cost": 187809.58, "Plan Rows": 294584, "Plan Width": 19, "Filter": "((l_shipmode = ANY ('{RAIL,FOB}'::bpchar[])) AND (l_commitdate < l_receiptdate) AND (l_shipdate < l_commitdate) AND (l_receiptdate >= '1997-01-01 00:00:00'::timestamp(0) without time zone) AND (l_receiptdate < '1998-01-01 00:00:00'::timestamp without time zone)), (LLVM Optimized)"}]}]}]}]}]}]}]}]}, "Unique SQL Id": 2036526415, "Planner Runtime": 0}, "explain_analyze_plan": null}, "(16, '91')": {"explain_plan": {"Plan": {"Node Type": "Sort", "Startup Cost": 2000455333216.63, "Total Cost": 2000455333216.63, "Plan Rows": 1, "Plan Width": 43, "Sort Key": ["lineitem.l_shipmode"], "Plans": [{"Node Type": "Aggregate", "Strategy": "Hashed", "Parent Relationship": "Outer", "Startup Cost": 2000455333216.61, "Total Cost": 2000455333216.62, "Plan Rows": 1, "Plan Width": 43, "Group By Key": ["lineitem.l_shipmode"], "Plans": [{"Node Type": "Merge Join", "Parent Relationship": "Outer", "Join Type": "Inner", "Startup Cost": 20036369949.75, "Total Cost": 2000455328061.39, "Plan Rows": 294584, "Plan Width": 27, "Inner Unique": false, "Merge Cond": "(orders.o_orderkey = lineitem.l_orderkey)", "Plans": [{"Node Type": "Index Scan", "Parent Relationship": "Outer", "Scan Direction": "Forward", "Index Name": "orders_pkey", "Relation Name": "orders", "Alias": "orders", "Startup Cost": 10000000000.0, "Total Cost": 1000073097843.5, "Plan Rows": 14999479, "Plan Width": 24}, {"Node Type": "Index Scan", "Parent Relationship": "Inner", "Scan Direction": "Forward", "Index Name": "idx_lineitem_orderkey", "Relation Name": "lineitem", "Alias": "lineitem", "Startup Cost": 10000000000.0, "Total Cost": 1000398999165.75, "Plan Rows": 294584, "Plan Width": 19, "Filter": "((l_shipmode = ANY ('{RAIL,FOB}'::bpchar[])) AND (l_commitdate < l_receiptdate) AND (l_shipdate < l_commitdate) AND (l_receiptdate >= '1997-01-01 00:00:00'::timestamp(0) without time zone) AND (l_receiptdate < '1998-01-01 00:00:00'::timestamp without time zone)), (LLVM Optimized)"}]}]}]}, "Unique SQL Id": 2036526415, "Planner Runtime": 1}, "explain_analyze_plan": null}, "(16, '92')": {"explain_plan": {"Plan": {"Node Type": "Sort", "Startup Cost": 1280090.06, "Total Cost": 1280090.06, "Plan Rows": 1, "Plan Width": 43, "Sort Key": ["lineitem.l_shipmode"], "Plans": [{"Node Type": "Aggregate", "Strategy": "Hashed", "Parent Relationship": "Outer", "Startup Cost": 1280090.04, "Total Cost": 1280090.05, "Plan Rows": 1, "Plan Width": 43, "Group By Key": ["lineitem.l_shipmode"], "Plans": [{"Node Type": "Nested Loop", "Parent Relationship": "Outer", "Join Type": "Inner", "Startup Cost": 2.24, "Total Cost": 1274934.82, "Plan Rows": 294584, "Plan Width": 27, "Inner Unique": true, "Plans": [{"Node Type": "Streaming(type: LOCAL GATHER dop: 1/16)", "Parent Relationship": "Outer", "Startup Cost": 2.24, "Total Cost": 194167.3, "Plan Rows": 294584, "Plan Width": 19, "Plans": [{"Node Type": "Seq Scan", "Parent Relationship": "Outer", "Relation Name": "lineitem", "Alias": "lineitem", "Startup Cost": 2.24, "Total Cost": 187809.58, "Plan Rows": 294584, "Plan Width": 19, "Filter": "((l_shipmode = ANY ('{RAIL,FOB}'::bpchar[])) AND (l_commitdate < l_receiptdate) AND (l_shipdate < l_commitdate) AND (l_receiptdate >= '1997-01-01 00:00:00'::timestamp(0) without time zone) AND (l_receiptdate < '1998-01-01 00:00:00'::timestamp without time zone)), (LLVM Optimized)"}]}, {"Node Type": "Index Scan", "Parent Relationship": "Inner", "Scan Direction": "Forward", "Index Name": "orders_pkey", "Relation Name": "orders", "Alias": "orders", "Startup Cost": 0.0, "Total Cost": 3.66, "Plan Rows": 1, "Plan Width": 24, "Index Cond": "(o_orderkey = lineitem.l_orderkey)"}]}]}]}, "Unique SQL Id": 2036526415, "Planner Runtime": 0}, "explain_analyze_plan": {"Plan": {"Node Type": "Sort", "Startup Cost": 1280090.06, "Total Cost": 1280090.06, "Plan Rows": 1, "Plan Width": 43, "Actual Min Startup Time": 2576.474, "Actual Max Startup Time": 2576.474, "Actual Min Total Time": 2576.474, "Actual Max Total Time": 2576.474, "Sort Key": ["lineitem.l_shipmode"], "Sort Method": "quicksort", "Sort Space Min Used": 25, "Sort Space Max Used": 25, "Sort Space Type": "Memory", "Plans": [{"Node Type": "Aggregate", "Strategy": "Hashed", "Parent Relationship": "Outer", "Startup Cost": 1280090.04, "Total Cost": 1280090.05, "Plan Rows": 1, "Plan Width": 43, "Actual Min Startup Time": 2576.42, "Actual Max Startup Time": 2576.42, "Actual Min Total Time": 2576.421, "Actual Max Total Time": 2576.421, "Group By Key": ["lineitem.l_shipmode"], "Plans": [{"Node Type": "Nested Loop", "Parent Relationship": "Outer", "Join Type": "Inner", "Startup Cost": 2.24, "Total Cost": 1274934.82, "Plan Rows": 294584, "Plan Width": 27, "Actual Min Startup Time": 47.965, "Actual Max Startup Time": 47.965, "Actual Min Total Time": 2240.029, "Actual Max Total Time": 2240.029, "Inner Unique": true, "Plans": [{"Node Type": "Streaming(type: LOCAL GATHER dop: 1/16)", "Parent Relationship": "Outer", "Startup Cost": 2.24, "Total Cost": 194167.3, "Plan Rows": 294584, "Plan Width": 19, "Actual Min Startup Time": 47.905, "Actual Max Startup Time": 47.905, "Actual Min Total Time": 584.734, "Actual Max Total Time": 584.734, "Plans": [{"Node Type": "Seq Scan", "Parent Relationship": "Outer", "Relation Name": "lineitem", "Alias": "lineitem", "Startup Cost": 2.24, "Total Cost": 187809.58, "Plan Rows": 294584, "Plan Width": 19, "Actual Min Startup Time": 0.039, "Actual Max Startup Time": 0.362, "Actual Min Total Time": 1960.645, "Actual Max Total Time": 2395.535, "Filter": "((l_shipmode = ANY ('{RAIL,FOB}'::bpchar[])) AND (l_commitdate < l_receiptdate) AND (l_shipdate < l_commitdate) AND (l_receiptdate >= '1997-01-01 00:00:00'::timestamp(0) without time zone) AND (l_receiptdate < '1998-01-01 00:00:00'::timestamp without time zone)), (LLVM Optimized, Jit Execute)", "Rows Removed by Filter": 59674804, "Actual Rows": 311248}], "Actual Rows": 311248}, {"Node Type": "Index Scan", "Parent Relationship": "Inner", "Scan Direction": "Forward", "Index Name": "orders_pkey", "Relation Name": "orders", "Alias": "orders", "Startup Cost": 0.0, "Total Cost": 3.66, "Plan Rows": 1, "Plan Width": 24, "Actual Min Startup Time": 1397.352, "Actual Max Startup Time": 1397.352, "Actual Min Total Time": 1397.352, "Actual Max Total Time": 1397.352, "Index Cond": "(o_orderkey = lineitem.l_orderkey)", "Rows Removed by Index Recheck": 0, "Actual Rows": 311248}], "Actual Rows": 311248}], "Actual Rows": 2}], "Actual Rows": 2}, "Triggers": [], "Planner Runtime": 0.724, "Total Runtime": 2589.726, "Unique SQL Id": 2036526415}}, "(16, '93')": {"explain_plan": {"Plan": {"Node Type": "Sort", "Startup Cost": 3831920.66, "Total Cost": 3831920.67, "Plan Rows": 1, "Plan Width": 43, "Sort Key": ["lineitem.l_shipmode"], "Plans": [{"Node Type": "Aggregate", "Strategy": "Hashed", "Parent Relationship": "Outer", "Startup Cost": 3831920.64, "Total Cost": 3831920.65, "Plan Rows": 1, "Plan Width": 43, "Group By Key": ["lineitem.l_shipmode"], "Plans": [{"Node Type": "Nested Loop", "Parent Relationship": "Outer", "Join Type": "Inner", "Startup Cost": 0.0, "Total Cost": 3826765.42, "Plan Rows": 294584, "Plan Width": 27, "Inner Unique": true, "Plans": [{"Node Type": "Streaming(type: LOCAL GATHER dop: 1/16)", "Parent Relationship": "Outer", "Startup Cost": 0.0, "Total Cost": 2745997.9, "Plan Rows": 294584, "Plan Width": 19, "Plans": [{"Node Type": "Index Scan", "Parent Relationship": "Outer", "Scan Direction": "Forward", "Index Name": "idx_lineitem_orderkey", "Relation Name": "lineitem", "Alias": "lineitem", "Startup Cost": 0.0, "Total Cost": 2739640.18, "Plan Rows": 294584, "Plan Width": 19, "Filter": "((l_shipmode = ANY ('{RAIL,FOB}'::bpchar[])) AND (l_commitdate < l_receiptdate) AND (l_shipdate < l_commitdate) AND (l_receiptdate >= '1997-01-01 00:00:00'::timestamp(0) without time zone) AND (l_receiptdate < '1998-01-01 00:00:00'::timestamp without time zone)), (LLVM Optimized)"}]}, {"Node Type": "Index Scan", "Parent Relationship": "Inner", "Scan Direction": "Forward", "Index Name": "orders_pkey", "Relation Name": "orders", "Alias": "orders", "Startup Cost": 0.0, "Total Cost": 3.66, "Plan Rows": 1, "Plan Width": 24, "Index Cond": "(o_orderkey = lineitem.l_orderkey)"}]}]}]}, "Unique SQL Id": 2036526415, "Planner Runtime": 0}, "explain_analyze_plan": {"Plan": {"Node Type": "Sort", "Startup Cost": 3831920.66, "Total Cost": 3831920.67, "Plan Rows": 1, "Plan Width": 43, "Actual Min Startup Time": 3633.352, "Actual Max Startup Time": 3633.352, "Actual Min Total Time": 3633.352, "Actual Max Total Time": 3633.352, "Sort Key": ["lineitem.l_shipmode"], "Sort Method": "quicksort", "Sort Space Min Used": 25, "Sort Space Max Used": 25, "Sort Space Type": "Memory", "Plans": [{"Node Type": "Aggregate", "Strategy": "Hashed", "Parent Relationship": "Outer", "Startup Cost": 3831920.64, "Total Cost": 3831920.65, "Plan Rows": 1, "Plan Width": 43, "Actual Min Startup Time": 3633.314, "Actual Max Startup Time": 3633.314, "Actual Min Total Time": 3633.316, "Actual Max Total Time": 3633.316, "Group By Key": ["lineitem.l_shipmode"], "Plans": [{"Node Type": "Nested Loop", "Parent Relationship": "Outer", "Join Type": "Inner", "Startup Cost": 0.0, "Total Cost": 3826765.42, "Plan Rows": 294584, "Plan Width": 27, "Actual Min Startup Time": 553.866, "Actual Max Startup Time": 553.866, "Actual Min Total Time": 3328.179, "Actual Max Total Time": 3328.179, "Inner Unique": true, "Plans": [{"Node Type": "Streaming(type: LOCAL GATHER dop: 1/16)", "Parent Relationship": "Outer", "Startup Cost": 0.0, "Total Cost": 2745997.9, "Plan Rows": 294584, "Plan Width": 19, "Actual Min Startup Time": 553.813, "Actual Max Startup Time": 553.813, "Actual Min Total Time": 1689.732, "Actual Max Total Time": 1689.732, "Plans": [{"Node Type": "Index Scan", "Parent Relationship": "Outer", "Scan Direction": "Forward", "Index Name": "idx_lineitem_orderkey", "Relation Name": "lineitem", "Alias": "lineitem", "Startup Cost": 0.0, "Total Cost": 2739640.18, "Plan Rows": 294584, "Plan Width": 19, "Actual Min Startup Time": 498.14, "Actual Max Startup Time": 504.771, "Actual Min Total Time": 3113.984, "Actual Max Total Time": 3499.608, "Filter": "((l_shipmode = ANY ('{RAIL,FOB}'::bpchar[])) AND (l_commitdate < l_receiptdate) AND (l_shipdate < l_commitdate) AND (l_receiptdate >= '1997-01-01 00:00:00'::timestamp(0) without time zone) AND (l_receiptdate < '1998-01-01 00:00:00'::timestamp without time zone)), (LLVM Optimized, Jit Execute)", "Rows Removed by Filter": 59674804, "Actual Rows": 311248}], "Actual Rows": 311248}, {"Node Type": "Index Scan", "Parent Relationship": "Inner", "Scan Direction": "Forward", "Index Name": "orders_pkey", "Relation Name": "orders", "Alias": "orders", "Startup Cost": 0.0, "Total Cost": 3.66, "Plan Rows": 1, "Plan Width": 24, "Actual Min Startup Time": 1371.744, "Actual Max Startup Time": 1371.744, "Actual Min Total Time": 1371.744, "Actual Max Total Time": 1371.744, "Index Cond": "(o_orderkey = lineitem.l_orderkey)", "Rows Removed by Index Recheck": 0, "Actual Rows": 311248}], "Actual Rows": 311248}], "Actual Rows": 2}], "Actual Rows": 2}, "Triggers": [], "Planner Runtime": 0.867, "Total Runtime": 3646.641, "Unique SQL Id": 2036526415}}, "(16, '94')": {"explain_plan": {"Plan": {"Node Type": "Sort", "Startup Cost": 102592202147.38, "Total Cost": 102592202147.39, "Plan Rows": 1, "Plan Width": 43, "Sort Key": ["lineitem.l_shipmode"], "Plans": [{"Node Type": "Streaming(type: LOCAL GATHER dop: 1/16)", "Parent Relationship": "Outer", "Startup Cost": 102592202147.36, "Total Cost": 102592202147.37, "Plan Rows": 1, "Plan Width": 43, "Plans": [{"Node Type": "Aggregate", "Strategy": "Hashed", "Parent Relationship": "Outer", "Startup Cost": 102592202147.36, "Total Cost": 102592202147.36, "Plan Rows": 1, "Plan Width": 43, "Group By Key": ["lineitem.l_shipmode"], "Plans": [{"Node Type": "Streaming(type: LOCAL REDISTRIBUTE dop: 16/16)", "Parent Relationship": "Outer", "Startup Cost": 102592202147.32, "Total Cost": 102592202147.36, "Plan Rows": 1, "Plan Width": 43, "Plans": [{"Node Type": "Aggregate", "Strategy": "Hashed", "Parent Relationship": "Outer", "Startup Cost": 102592202147.32, "Total Cost": 102592202147.32, "Plan Rows": 1, "Plan Width": 43, "Group By Key": ["lineitem.l_shipmode"], "Plans": [{"Node Type": "Nested Loop", "Parent Relationship": "Outer", "Join Type": "Inner", "Startup Cost": 10000000002.24, "Total Cost": 102592201825.12, "Plan Rows": 294584, "Plan Width": 27, "Inner Unique": false, "Join Filter": "(orders.o_orderkey = lineitem.l_orderkey), (LLVM Optimized)", "Plans": [{"Node Type": "Streaming(type: LOCAL REDISTRIBUTE dop: 16/16)", "Parent Relationship": "Outer", "Startup Cost": 0.0, "Total Cost": 113484.83, "Plan Rows": 14999479, "Plan Width": 24, "Plans": [{"Node Type": "Seq Scan", "Parent Relationship": "Outer", "Relation Name": "orders", "Alias": "orders", "Startup Cost": 0.0, "Total Cost": 41650.86, "Plan Rows": 14999479, "Plan Width": 24}]}, {"Node Type": "Materialize", "Parent Relationship": "Inner", "Startup Cost": 2.24, "Total Cost": 204017.83, "Plan Rows": 294584, "Plan Width": 19, "Plans": [{"Node Type": "Streaming(type: LOCAL REDISTRIBUTE dop: 16/16)", "Parent Relationship": "Outer", "Startup Cost": 2.24, "Total Cost": 203925.77, "Plan Rows": 294584, "Plan Width": 19, "Plans": [{"Node Type": "Seq Scan", "Parent Relationship": "Outer", "Relation Name": "lineitem", "Alias": "lineitem", "Startup Cost": 2.24, "Total Cost": 187809.58, "Plan Rows": 294584, "Plan Width": 19, "Filter": "((l_shipmode = ANY ('{RAIL,FOB}'::bpchar[])) AND (l_commitdate < l_receiptdate) AND (l_shipdate < l_commitdate) AND (l_receiptdate >= '1997-01-01 00:00:00'::timestamp(0) without time zone) AND (l_receiptdate < '1998-01-01 00:00:00'::timestamp without time zone)), (LLVM Optimized)"}]}]}]}]}]}]}]}]}, "Unique SQL Id": 2036526415, "Planner Runtime": 0}, "explain_analyze_plan": null}, "(16, '95')": {"explain_plan": {"Plan": {"Node Type": "Sort", "Startup Cost": 2000455333216.63, "Total Cost": 2000455333216.63, "Plan Rows": 1, "Plan Width": 43, "Sort Key": ["lineitem.l_shipmode"], "Plans": [{"Node Type": "Aggregate", "Strategy": "Hashed", "Parent Relationship": "Outer", "Startup Cost": 2000455333216.61, "Total Cost": 2000455333216.62, "Plan Rows": 1, "Plan Width": 43, "Group By Key": ["lineitem.l_shipmode"], "Plans": [{"Node Type": "Merge Join", "Parent Relationship": "Outer", "Join Type": "Inner", "Startup Cost": 20036369949.75, "Total Cost": 2000455328061.39, "Plan Rows": 294584, "Plan Width": 27, "Inner Unique": false, "Merge Cond": "(orders.o_orderkey = lineitem.l_orderkey)", "Plans": [{"Node Type": "Index Scan", "Parent Relationship": "Outer", "Scan Direction": "Forward", "Index Name": "orders_pkey", "Relation Name": "orders", "Alias": "orders", "Startup Cost": 10000000000.0, "Total Cost": 1000073097843.5, "Plan Rows": 14999479, "Plan Width": 24}, {"Node Type": "Index Scan", "Parent Relationship": "Inner", "Scan Direction": "Forward", "Index Name": "idx_lineitem_orderkey", "Relation Name": "lineitem", "Alias": "lineitem", "Startup Cost": 10000000000.0, "Total Cost": 1000398999165.75, "Plan Rows": 294584, "Plan Width": 19, "Filter": "((l_shipmode = ANY ('{RAIL,FOB}'::bpchar[])) AND (l_commitdate < l_receiptdate) AND (l_shipdate < l_commitdate) AND (l_receiptdate >= '1997-01-01 00:00:00'::timestamp(0) without time zone) AND (l_receiptdate < '1998-01-01 00:00:00'::timestamp without time zone)), (LLVM Optimized)"}]}]}]}, "Unique SQL Id": 2036526415, "Planner Runtime": 0}, "explain_analyze_plan": null}, "(16, '96')": {"explain_plan": {"Plan": {"Node Type": "Sort", "Startup Cost": 269757.31, "Total Cost": 269757.31, "Plan Rows": 1, "Plan Width": 43, "Sort Key": ["lineitem.l_shipmode"], "Plans": [{"Node Type": "Streaming(type: LOCAL GATHER dop: 1/16)", "Parent Relationship": "Outer", "Startup Cost": 269757.29, "Total Cost": 269757.3, "Plan Rows": 1, "Plan Width": 43, "Plans": [{"Node Type": "Aggregate", "Strategy": "Hashed", "Parent Relationship": "Outer", "Startup Cost": 269757.29, "Total Cost": 269757.29, "Plan Rows": 1, "Plan Width": 43, "Group By Key": ["lineitem.l_shipmode"], "Plans": [{"Node Type": "Streaming(type: LOCAL REDISTRIBUTE dop: 16/16)", "Parent Relationship": "Outer", "Startup Cost": 269757.27, "Total Cost": 269757.29, "Plan Rows": 1, "Plan Width": 43, "Plans": [{"Node Type": "Aggregate", "Strategy": "Hashed", "Parent Relationship": "Outer", "Startup Cost": 269757.27, "Total Cost": 269757.27, "Plan Rows": 1, "Plan Width": 43, "Group By Key": ["lineitem.l_shipmode"], "Plans": [{"Node Type": "Hash Join", "Parent Relationship": "Outer", "Join Type": "Inner", "Startup Cost": 53371.45, "Total Cost": 269435.07, "Plan Rows": 294584, "Plan Width": 27, "Inner Unique": true, "Hash Cond": "(lineitem.l_orderkey = orders.o_orderkey), (LLVM Optimized)", "Plans": [{"Node Type": "Streaming(type: BROADCAST dop: 16/16)", "Parent Relationship": "Outer", "Startup Cost": 2.24, "Total Cost": 214777.05, "Plan Rows": 4713344, "Plan Width": 19, "Plans": [{"Node Type": "Seq Scan", "Parent Relationship": "Outer", "Relation Name": "lineitem", "Alias": "lineitem", "Startup Cost": 2.24, "Total Cost": 187809.58, "Plan Rows": 294584, "Plan Width": 19, "Filter": "((l_shipmode = ANY ('{RAIL,FOB}'::bpchar[])) AND (l_commitdate < l_receiptdate) AND (l_shipdate < l_commitdate) AND (l_receiptdate >= '1997-01-01 00:00:00'::timestamp(0) without time zone) AND (l_receiptdate < '1998-01-01 00:00:00'::timestamp without time zone)), (LLVM Optimized)"}]}, {"Node Type": "Hash", "Parent Relationship": "Inner", "Startup Cost": 41650.86, "Total Cost": 41650.86, "Plan Rows": 14999479, "Plan Width": 24, "Plans": [{"Node Type": "Seq Scan", "Parent Relationship": "Outer", "Relation Name": "orders", "Alias": "orders", "Startup Cost": 0.0, "Total Cost": 41650.86, "Plan Rows": 14999479, "Plan Width": 24}]}]}]}]}]}]}]}, "Unique SQL Id": 2036526415, "Planner Runtime": 0}, "explain_analyze_plan": {"Plan": {"Node Type": "Sort", "Startup Cost": 269757.31, "Total Cost": 269757.31, "Plan Rows": 1, "Plan Width": 43, "Actual Min Startup Time": 3400.937, "Actual Max Startup Time": 3400.937, "Actual Min Total Time": 3400.938, "Actual Max Total Time": 3400.938, "Sort Key": ["lineitem.l_shipmode"], "Sort Method": "quicksort", "Sort Space Min Used": 25, "Sort Space Max Used": 25, "Sort Space Type": "Memory", "Plans": [{"Node Type": "Streaming(type: LOCAL GATHER dop: 1/16)", "Parent Relationship": "Outer", "Startup Cost": 269757.29, "Total Cost": 269757.3, "Plan Rows": 1, "Plan Width": 43, "Actual Min Startup Time": 3400.842, "Actual Max Startup Time": 3400.842, "Actual Min Total Time": 3400.891, "Actual Max Total Time": 3400.891, "Plans": [{"Node Type": "Aggregate", "Strategy": "Hashed", "Parent Relationship": "Outer", "Startup Cost": 269757.29, "Total Cost": 269757.29, "Plan Rows": 1, "Plan Width": 43, "Actual Min Startup Time": 3337.8, "Actual Max Startup Time": 3345.421, "Actual Min Total Time": 3337.8, "Actual Max Total Time": 3345.421, "Group By Key": ["lineitem.l_shipmode"], "Plans": [{"Node Type": "Streaming(type: LOCAL REDISTRIBUTE dop: 16/16)", "Parent Relationship": "Outer", "Startup Cost": 269757.27, "Total Cost": 269757.29, "Plan Rows": 1, "Plan Width": 43, "Actual Min Startup Time": 3335.863, "Actual Max Startup Time": 3345.414, "Actual Min Total Time": 3337.795, "Actual Max Total Time": 3345.414, "Plans": [{"Node Type": "Aggregate", "Strategy": "Hashed", "Parent Relationship": "Outer", "Startup Cost": 269757.27, "Total Cost": 269757.27, "Plan Rows": 1, "Plan Width": 43, "Actual Min Startup Time": 3284.075, "Actual Max Startup Time": 3343.851, "Actual Min Total Time": 3284.076, "Actual Max Total Time": 3343.852, "Group By Key": ["lineitem.l_shipmode"], "Plans": [{"Node Type": "Hash Join", "Parent Relationship": "Outer", "Join Type": "Inner", "Startup Cost": 53371.45, "Total Cost": 269435.07, "Plan Rows": 294584, "Plan Width": 27, "Actual Min Startup Time": 646.97, "Actual Max Startup Time": 684.999, "Actual Min Total Time": 3258.294, "Actual Max Total Time": 3323.129, "Inner Unique": true, "Hash Cond": "(lineitem.l_orderkey = orders.o_orderkey), (LLVM Optimized, Jit Execute)", "Plans": [{"Node Type": "Streaming(type: BROADCAST dop: 16/16)", "Parent Relationship": "Outer", "Startup Cost": 2.24, "Total Cost": 214777.05, "Plan Rows": 4713344, "Plan Width": 19, "Actual Min Startup Time": 0.063, "Actual Max Startup Time": 0.129, "Actual Min Total Time": 2404.235, "Actual Max Total Time": 2547.525, "Plans": [{"Node Type": "Seq Scan", "Parent Relationship": "Outer", "Relation Name": "lineitem", "Alias": "lineitem", "Startup Cost": 2.24, "Total Cost": 187809.58, "Plan Rows": 294584, "Plan Width": 19, "Actual Min Startup Time": 0.035, "Actual Max Startup Time": 0.361, "Actual Min Total Time": 1573.952, "Actual Max Total Time": 2392.415, "Filter": "((l_shipmode = ANY ('{RAIL,FOB}'::bpchar[])) AND (l_commitdate < l_receiptdate) AND (l_shipdate < l_commitdate) AND (l_receiptdate >= '1997-01-01 00:00:00'::timestamp(0) without time zone) AND (l_receiptdate < '1998-01-01 00:00:00'::timestamp without time zone)), (LLVM Optimized, Jit Execute)", "Rows Removed by Filter": 59674804, "Actual Rows": 311248}], "Actual Rows": 4979968}, {"Node Type": "Hash", "Parent Relationship": "Inner", "Startup Cost": 41650.86, "Total Cost": 41650.86, "Plan Rows": 14999479, "Plan Width": 24, "Actual Min Startup Time": 645.416, "Actual Max Startup Time": 683.761, "Actual Min Total Time": 645.416, "Actual Max Total Time": 683.761, "Max Hash Buckets": 1048576, "Min Hash Buckets": 1048576, "Max Hash Batches": 1, "Min Hash Batches": 1, "Max Original Hash Batches": 1, "Min Original Hash Batches": 1, "Max Peak Memory Usage": 51347, "min Peak Memory Usage": 51347, "Plans": [{"Node Type": "Seq Scan", "Parent Relationship": "Outer", "Relation Name": "orders", "Alias": "orders", "Startup Cost": 0.0, "Total Cost": 41650.86, "Plan Rows": 14999479, "Plan Width": 24, "Actual Min Startup Time": 0.021, "Actual Max Startup Time": 0.036, "Actual Min Total Time": 332.744, "Actual Max Total Time": 356.106, "Actual Rows": 15000000}], "Actual Rows": 15000000}], "Actual Rows": 311248}], "Actual Rows": 32}], "Actual Rows": 32}], "Actual Rows": 2}], "Actual Rows": 2}], "Actual Rows": 2}, "Triggers": [], "Planner Runtime": 1.004, "Total Runtime": 3420.644, "Unique SQL Id": 2036526415}}, "(16, '97')": {"explain_plan": {"Plan": {"Node Type": "Sort", "Startup Cost": 3385295.37, "Total Cost": 3385295.37, "Plan Rows": 1, "Plan Width": 43, "Sort Key": ["lineitem.l_shipmode"], "Plans": [{"Node Type": "Streaming(type: LOCAL GATHER dop: 1/16)", "Parent Relationship": "Outer", "Startup Cost": 3385295.35, "Total Cost": 3385295.36, "Plan Rows": 1, "Plan Width": 43, "Plans": [{"Node Type": "Aggregate", "Strategy": "Hashed", "Parent Relationship": "Outer", "Startup Cost": 3385295.35, "Total Cost": 3385295.35, "Plan Rows": 1, "Plan Width": 43, "Group By Key": ["lineitem.l_shipmode"], "Plans": [{"Node Type": "Streaming(type: LOCAL REDISTRIBUTE dop: 16/16)", "Parent Relationship": "Outer", "Startup Cost": 3385295.33, "Total Cost": 3385295.35, "Plan Rows": 1, "Plan Width": 43, "Plans": [{"Node Type": "Aggregate", "Strategy": "Hashed", "Parent Relationship": "Outer", "Startup Cost": 3385295.33, "Total Cost": 3385295.33, "Plan Rows": 1, "Plan Width": 43, "Group By Key": ["lineitem.l_shipmode"], "Plans": [{"Node Type": "Hash Join", "Parent Relationship": "Outer", "Join Type": "Inner", "Startup Cost": 617076.66, "Total Cost": 3384973.13, "Plan Rows": 294584, "Plan Width": 27, "Inner Unique": true, "Hash Cond": "(lineitem.l_orderkey = orders.o_orderkey), (LLVM Optimized)", "Plans": [{"Node Type": "Streaming(type: BROADCAST dop: 16/16)", "Parent Relationship": "Outer", "Startup Cost": 0.0, "Total Cost": 2766607.66, "Plan Rows": 4713344, "Plan Width": 19, "Plans": [{"Node Type": "Index Scan", "Parent Relationship": "Outer", "Scan Direction": "Forward", "Index Name": "idx_lineitem_orderkey", "Relation Name": "lineitem", "Alias": "lineitem", "Startup Cost": 0.0, "Total Cost": 2739640.18, "Plan Rows": 294584, "Plan Width": 19, "Filter": "((l_shipmode = ANY ('{RAIL,FOB}'::bpchar[])) AND (l_commitdate < l_receiptdate) AND (l_shipdate < l_commitdate) AND (l_receiptdate >= '1997-01-01 00:00:00'::timestamp(0) without time zone) AND (l_receiptdate < '1998-01-01 00:00:00'::timestamp without time zone)), (LLVM Optimized)"}]}, {"Node Type": "Hash", "Parent Relationship": "Inner", "Startup Cost": 605358.32, "Total Cost": 605358.32, "Plan Rows": 14999479, "Plan Width": 24, "Plans": [{"Node Type": "Index Scan", "Parent Relationship": "Outer", "Scan Direction": "Forward", "Index Name": "orders_pkey", "Relation Name": "orders", "Alias": "orders", "Startup Cost": 0.0, "Total Cost": 605358.32, "Plan Rows": 14999479, "Plan Width": 24}]}]}]}]}]}]}]}, "Unique SQL Id": 2036526415, "Planner Runtime": 0}, "explain_analyze_plan": {"Plan": {"Node Type": "Sort", "Startup Cost": 3385295.37, "Total Cost": 3385295.37, "Plan Rows": 1, "Plan Width": 43, "Actual Min Startup Time": 5075.032, "Actual Max Startup Time": 5075.032, "Actual Min Total Time": 5075.033, "Actual Max Total Time": 5075.033, "Sort Key": ["lineitem.l_shipmode"], "Sort Method": "quicksort", "Sort Space Min Used": 25, "Sort Space Max Used": 25, "Sort Space Type": "Memory", "Plans": [{"Node Type": "Streaming(type: LOCAL GATHER dop: 1/16)", "Parent Relationship": "Outer", "Startup Cost": 3385295.35, "Total Cost": 3385295.36, "Plan Rows": 1, "Plan Width": 43, "Actual Min Startup Time": 5074.885, "Actual Max Startup Time": 5074.885, "Actual Min Total Time": 5074.987, "Actual Max Total Time": 5074.987, "Plans": [{"Node Type": "Aggregate", "Strategy": "Hashed", "Parent Relationship": "Outer", "Startup Cost": 3385295.35, "Total Cost": 3385295.35, "Plan Rows": 1, "Plan Width": 43, "Actual Min Startup Time": 5015.588, "Actual Max Startup Time": 5024.638, "Actual Min Total Time": 5015.588, "Actual Max Total Time": 5024.638, "Group By Key": ["lineitem.l_shipmode"], "Plans": [{"Node Type": "Streaming(type: LOCAL REDISTRIBUTE dop: 16/16)", "Parent Relationship": "Outer", "Startup Cost": 3385295.33, "Total Cost": 3385295.35, "Plan Rows": 1, "Plan Width": 43, "Actual Min Startup Time": 5012.32, "Actual Max Startup Time": 5024.63, "Actual Min Total Time": 5015.583, "Actual Max Total Time": 5024.63, "Plans": [{"Node Type": "Aggregate", "Strategy": "Hashed", "Parent Relationship": "Outer", "Startup Cost": 3385295.33, "Total Cost": 3385295.33, "Plan Rows": 1, "Plan Width": 43, "Actual Min Startup Time": 4974.395, "Actual Max Startup Time": 5022.138, "Actual Min Total Time": 4974.397, "Actual Max Total Time": 5022.139, "Group By Key": ["lineitem.l_shipmode"], "Plans": [{"Node Type": "Hash Join", "Parent Relationship": "Outer", "Join Type": "Inner", "Startup Cost": 617076.66, "Total Cost": 3384973.13, "Plan Rows": 294584, "Plan Width": 27, "Actual Min Startup Time": 1064.978, "Actual Max Startup Time": 1217.017, "Actual Min Total Time": 4947.451, "Actual Max Total Time": 5001.164, "Inner Unique": true, "Hash Cond": "(lineitem.l_orderkey = orders.o_orderkey), (LLVM Optimized, Jit Execute)", "Plans": [{"Node Type": "Streaming(type: BROADCAST dop: 16/16)", "Parent Relationship": "Outer", "Startup Cost": 0.0, "Total Cost": 2766607.66, "Plan Rows": 4713344, "Plan Width": 19, "Actual Min Startup Time": 0.061, "Actual Max Startup Time": 0.124, "Actual Min Total Time": 3631.718, "Actual Max Total Time": 3764.15, "Plans": [{"Node Type": "Index Scan", "Parent Relationship": "Outer", "Scan Direction": "Forward", "Index Name": "idx_lineitem_orderkey", "Relation Name": "lineitem", "Alias": "lineitem", "Startup Cost": 0.0, "Total Cost": 2739640.18, "Plan Rows": 294584, "Plan Width": 19, "Actual Min Startup Time": 543.73, "Actual Max Startup Time": 581.962, "Actual Min Total Time": 3404.899, "Actual Max Total Time": 4158.411, "Filter": "((l_shipmode = ANY ('{RAIL,FOB}'::bpchar[])) AND (l_commitdate < l_receiptdate) AND (l_shipdate < l_commitdate) AND (l_receiptdate >= '1997-01-01 00:00:00'::timestamp(0) without time zone) AND (l_receiptdate < '1998-01-01 00:00:00'::timestamp without time zone)), (LLVM Optimized, Jit Execute)", "Rows Removed by Filter": 59674804, "Actual Rows": 311248}], "Actual Rows": 4979968}, {"Node Type": "Hash", "Parent Relationship": "Inner", "Startup Cost": 605358.32, "Total Cost": 605358.32, "Plan Rows": 14999479, "Plan Width": 24, "Actual Min Startup Time": 1063.349, "Actual Max Startup Time": 1215.506, "Actual Min Total Time": 1063.349, "Actual Max Total Time": 1215.506, "Max Hash Buckets": 1048576, "Min Hash Buckets": 1048576, "Max Hash Batches": 1, "Min Hash Batches": 1, "Max Original Hash Batches": 1, "Min Original Hash Batches": 1, "Max Peak Memory Usage": 51275, "min Peak Memory Usage": 51275, "Plans": [{"Node Type": "Index Scan", "Parent Relationship": "Outer", "Scan Direction": "Forward", "Index Name": "orders_pkey", "Relation Name": "orders", "Alias": "orders", "Startup Cost": 0.0, "Total Cost": 605358.32, "Plan Rows": 14999479, "Plan Width": 24, "Actual Min Startup Time": 138.453, "Actual Max Startup Time": 185.894, "Actual Min Total Time": 740.2, "Actual Max Total Time": 900.065, "Actual Rows": 15000000}], "Actual Rows": 15000000}], "Actual Rows": 311248}], "Actual Rows": 32}], "Actual Rows": 32}], "Actual Rows": 2}], "Actual Rows": 2}], "Actual Rows": 2}, "Triggers": [], "Planner Runtime": 0.935, "Total Runtime": 5095.078, "Unique SQL Id": 2036526415}}, "(16, '98')": {"explain_plan": {"Plan": {"Node Type": "Sort", "Startup Cost": 269757.31, "Total Cost": 269757.31, "Plan Rows": 1, "Plan Width": 43, "Sort Key": ["lineitem.l_shipmode"], "Plans": [{"Node Type": "Streaming(type: LOCAL GATHER dop: 1/16)", "Parent Relationship": "Outer", "Startup Cost": 269757.29, "Total Cost": 269757.3, "Plan Rows": 1, "Plan Width": 43, "Plans": [{"Node Type": "Aggregate", "Strategy": "Hashed", "Parent Relationship": "Outer", "Startup Cost": 269757.29, "Total Cost": 269757.29, "Plan Rows": 1, "Plan Width": 43, "Group By Key": ["lineitem.l_shipmode"], "Plans": [{"Node Type": "Streaming(type: LOCAL REDISTRIBUTE dop: 16/16)", "Parent Relationship": "Outer", "Startup Cost": 269757.27, "Total Cost": 269757.29, "Plan Rows": 1, "Plan Width": 43, "Plans": [{"Node Type": "Aggregate", "Strategy": "Hashed", "Parent Relationship": "Outer", "Startup Cost": 269757.27, "Total Cost": 269757.27, "Plan Rows": 1, "Plan Width": 43, "Group By Key": ["lineitem.l_shipmode"], "Plans": [{"Node Type": "Hash Join", "Parent Relationship": "Outer", "Join Type": "Inner", "Startup Cost": 53371.45, "Total Cost": 269435.07, "Plan Rows": 294584, "Plan Width": 27, "Inner Unique": true, "Hash Cond": "(lineitem.l_orderkey = orders.o_orderkey), (LLVM Optimized)", "Plans": [{"Node Type": "Streaming(type: BROADCAST dop: 16/16)", "Parent Relationship": "Outer", "Startup Cost": 2.24, "Total Cost": 214777.05, "Plan Rows": 4713344, "Plan Width": 19, "Plans": [{"Node Type": "Seq Scan", "Parent Relationship": "Outer", "Relation Name": "lineitem", "Alias": "lineitem", "Startup Cost": 2.24, "Total Cost": 187809.58, "Plan Rows": 294584, "Plan Width": 19, "Filter": "((l_shipmode = ANY ('{RAIL,FOB}'::bpchar[])) AND (l_commitdate < l_receiptdate) AND (l_shipdate < l_commitdate) AND (l_receiptdate >= '1997-01-01 00:00:00'::timestamp(0) without time zone) AND (l_receiptdate < '1998-01-01 00:00:00'::timestamp without time zone)), (LLVM Optimized)"}]}, {"Node Type": "Hash", "Parent Relationship": "Inner", "Startup Cost": 41650.86, "Total Cost": 41650.86, "Plan Rows": 14999479, "Plan Width": 24, "Plans": [{"Node Type": "Seq Scan", "Parent Relationship": "Outer", "Relation Name": "orders", "Alias": "orders", "Startup Cost": 0.0, "Total Cost": 41650.86, "Plan Rows": 14999479, "Plan Width": 24}]}]}]}]}]}]}]}, "Unique SQL Id": 2036526415, "Planner Runtime": 0}, "explain_analyze_plan": {"Plan": {"Node Type": "Sort", "Startup Cost": 269757.31, "Total Cost": 269757.31, "Plan Rows": 1, "Plan Width": 43, "Actual Min Startup Time": 3400.937, "Actual Max Startup Time": 3400.937, "Actual Min Total Time": 3400.938, "Actual Max Total Time": 3400.938, "Sort Key": ["lineitem.l_shipmode"], "Sort Method": "quicksort", "Sort Space Min Used": 25, "Sort Space Max Used": 25, "Sort Space Type": "Memory", "Plans": [{"Node Type": "Streaming(type: LOCAL GATHER dop: 1/16)", "Parent Relationship": "Outer", "Startup Cost": 269757.29, "Total Cost": 269757.3, "Plan Rows": 1, "Plan Width": 43, "Actual Min Startup Time": 3400.842, "Actual Max Startup Time": 3400.842, "Actual Min Total Time": 3400.891, "Actual Max Total Time": 3400.891, "Plans": [{"Node Type": "Aggregate", "Strategy": "Hashed", "Parent Relationship": "Outer", "Startup Cost": 269757.29, "Total Cost": 269757.29, "Plan Rows": 1, "Plan Width": 43, "Actual Min Startup Time": 3337.8, "Actual Max Startup Time": 3345.421, "Actual Min Total Time": 3337.8, "Actual Max Total Time": 3345.421, "Group By Key": ["lineitem.l_shipmode"], "Plans": [{"Node Type": "Streaming(type: LOCAL REDISTRIBUTE dop: 16/16)", "Parent Relationship": "Outer", "Startup Cost": 269757.27, "Total Cost": 269757.29, "Plan Rows": 1, "Plan Width": 43, "Actual Min Startup Time": 3335.863, "Actual Max Startup Time": 3345.414, "Actual Min Total Time": 3337.795, "Actual Max Total Time": 3345.414, "Plans": [{"Node Type": "Aggregate", "Strategy": "Hashed", "Parent Relationship": "Outer", "Startup Cost": 269757.27, "Total Cost": 269757.27, "Plan Rows": 1, "Plan Width": 43, "Actual Min Startup Time": 3284.075, "Actual Max Startup Time": 3343.851, "Actual Min Total Time": 3284.076, "Actual Max Total Time": 3343.852, "Group By Key": ["lineitem.l_shipmode"], "Plans": [{"Node Type": "Hash Join", "Parent Relationship": "Outer", "Join Type": "Inner", "Startup Cost": 53371.45, "Total Cost": 269435.07, "Plan Rows": 294584, "Plan Width": 27, "Actual Min Startup Time": 646.97, "Actual Max Startup Time": 684.999, "Actual Min Total Time": 3258.294, "Actual Max Total Time": 3323.129, "Inner Unique": true, "Hash Cond": "(lineitem.l_orderkey = orders.o_orderkey), (LLVM Optimized, Jit Execute)", "Plans": [{"Node Type": "Streaming(type: BROADCAST dop: 16/16)", "Parent Relationship": "Outer", "Startup Cost": 2.24, "Total Cost": 214777.05, "Plan Rows": 4713344, "Plan Width": 19, "Actual Min Startup Time": 0.063, "Actual Max Startup Time": 0.129, "Actual Min Total Time": 2404.235, "Actual Max Total Time": 2547.525, "Plans": [{"Node Type": "Seq Scan", "Parent Relationship": "Outer", "Relation Name": "lineitem", "Alias": "lineitem", "Startup Cost": 2.24, "Total Cost": 187809.58, "Plan Rows": 294584, "Plan Width": 19, "Actual Min Startup Time": 0.035, "Actual Max Startup Time": 0.361, "Actual Min Total Time": 1573.952, "Actual Max Total Time": 2392.415, "Filter": "((l_shipmode = ANY ('{RAIL,FOB}'::bpchar[])) AND (l_commitdate < l_receiptdate) AND (l_shipdate < l_commitdate) AND (l_receiptdate >= '1997-01-01 00:00:00'::timestamp(0) without time zone) AND (l_receiptdate < '1998-01-01 00:00:00'::timestamp without time zone)), (LLVM Optimized, Jit Execute)", "Rows Removed by Filter": 59674804, "Actual Rows": 311248}], "Actual Rows": 4979968}, {"Node Type": "Hash", "Parent Relationship": "Inner", "Startup Cost": 41650.86, "Total Cost": 41650.86, "Plan Rows": 14999479, "Plan Width": 24, "Actual Min Startup Time": 645.416, "Actual Max Startup Time": 683.761, "Actual Min Total Time": 645.416, "Actual Max Total Time": 683.761, "Max Hash Buckets": 1048576, "Min Hash Buckets": 1048576, "Max Hash Batches": 1, "Min Hash Batches": 1, "Max Original Hash Batches": 1, "Min Original Hash Batches": 1, "Max Peak Memory Usage": 51347, "min Peak Memory Usage": 51347, "Plans": [{"Node Type": "Seq Scan", "Parent Relationship": "Outer", "Relation Name": "orders", "Alias": "orders", "Startup Cost": 0.0, "Total Cost": 41650.86, "Plan Rows": 14999479, "Plan Width": 24, "Actual Min Startup Time": 0.021, "Actual Max Startup Time": 0.036, "Actual Min Total Time": 332.744, "Actual Max Total Time": 356.106, "Actual Rows": 15000000}], "Actual Rows": 15000000}], "Actual Rows": 311248}], "Actual Rows": 32}], "Actual Rows": 32}], "Actual Rows": 2}], "Actual Rows": 2}], "Actual Rows": 2}, "Triggers": [], "Planner Runtime": 1.004, "Total Runtime": 3420.644, "Unique SQL Id": 2036526415}}, "(16, '99')": {"explain_plan": {"Plan": {"Node Type": "Sort", "Startup Cost": 4921486.87, "Total Cost": 4921486.87, "Plan Rows": 1, "Plan Width": 43, "Sort Key": ["lineitem.l_shipmode"], "Plans": [{"Node Type": "Aggregate", "Strategy": "Hashed", "Parent Relationship": "Outer", "Startup Cost": 4921486.85, "Total Cost": 4921486.86, "Plan Rows": 1, "Plan Width": 43, "Group By Key": ["lineitem.l_shipmode"], "Plans": [{"Node Type": "Hash Join", "Parent Relationship": "Outer", "Join Type": "Inner", "Startup Cost": 2147327.85, "Total Cost": 4916331.63, "Plan Rows": 294584, "Plan Width": 27, "Inner Unique": true, "Hash Cond": "(lineitem.l_orderkey = orders.o_orderkey), (LLVM Optimized)", "Plans": [{"Node Type": "Bitmap Heap Scan", "Parent Relationship": "Outer", "Relation Name": "lineitem", "Alias": "lineitem", "Startup Cost": 1225109.06, "Total Cost": 3990062.3, "Plan Rows": 294584, "Plan Width": 19, "Filter": "((l_shipmode = ANY ('{RAIL,FOB}'::bpchar[])) AND (l_commitdate < l_receiptdate) AND (l_shipdate < l_commitdate) AND (l_receiptdate >= '1997-01-01 00:00:00'::timestamp(0) without time zone) AND (l_receiptdate < '1998-01-01 00:00:00'::timestamp without time zone)), (LLVM Optimized)", "Plans": [{"Node Type": "Bitmap Index Scan", "Parent Relationship": "Outer", "Index Name": "idx_lineitem_orderkey", "Startup Cost": 0.0, "Total Cost": 1225035.42, "Plan Rows": 59987033, "Plan Width": 0}]}, {"Node Type": "Hash", "Parent Relationship": "Inner", "Startup Cost": 734725.3, "Total Cost": 734725.3, "Plan Rows": 14999479, "Plan Width": 24, "Plans": [{"Node Type": "Bitmap Heap Scan", "Parent Relationship": "Outer", "Relation Name": "orders", "Alias": "orders", "Startup Cost": 308311.51, "Total Cost": 734725.3, "Plan Rows": 14999479, "Plan Width": 24, "Plans": [{"Node Type": "Bitmap Index Scan", "Parent Relationship": "Outer", "Index Name": "orders_pkey", "Startup Cost": 0.0, "Total Cost": 304561.65, "Plan Rows": 14999479, "Plan Width": 0}]}]}]}]}]}, "Unique SQL Id": 2036526415, "Planner Runtime": 0}, "explain_analyze_plan": null}, "(16, '100')": {"explain_plan": {"Plan": {"Node Type": "Sort", "Startup Cost": 269757.31, "Total Cost": 269757.31, "Plan Rows": 1, "Plan Width": 43, "Sort Key": ["lineitem.l_shipmode"], "Plans": [{"Node Type": "Streaming(type: LOCAL GATHER dop: 1/16)", "Parent Relationship": "Outer", "Startup Cost": 269757.29, "Total Cost": 269757.3, "Plan Rows": 1, "Plan Width": 43, "Plans": [{"Node Type": "Aggregate", "Strategy": "Hashed", "Parent Relationship": "Outer", "Startup Cost": 269757.29, "Total Cost": 269757.29, "Plan Rows": 1, "Plan Width": 43, "Group By Key": ["lineitem.l_shipmode"], "Plans": [{"Node Type": "Streaming(type: LOCAL REDISTRIBUTE dop: 16/16)", "Parent Relationship": "Outer", "Startup Cost": 269757.27, "Total Cost": 269757.29, "Plan Rows": 1, "Plan Width": 43, "Plans": [{"Node Type": "Aggregate", "Strategy": "Hashed", "Parent Relationship": "Outer", "Startup Cost": 269757.27, "Total Cost": 269757.27, "Plan Rows": 1, "Plan Width": 43, "Group By Key": ["lineitem.l_shipmode"], "Plans": [{"Node Type": "Hash Join", "Parent Relationship": "Outer", "Join Type": "Inner", "Startup Cost": 53371.45, "Total Cost": 269435.07, "Plan Rows": 294584, "Plan Width": 27, "Inner Unique": true, "Hash Cond": "(lineitem.l_orderkey = orders.o_orderkey), (LLVM Optimized)", "Plans": [{"Node Type": "Streaming(type: BROADCAST dop: 16/16)", "Parent Relationship": "Outer", "Startup Cost": 2.24, "Total Cost": 214777.05, "Plan Rows": 4713344, "Plan Width": 19, "Plans": [{"Node Type": "Seq Scan", "Parent Relationship": "Outer", "Relation Name": "lineitem", "Alias": "lineitem", "Startup Cost": 2.24, "Total Cost": 187809.58, "Plan Rows": 294584, "Plan Width": 19, "Filter": "((l_shipmode = ANY ('{RAIL,FOB}'::bpchar[])) AND (l_commitdate < l_receiptdate) AND (l_shipdate < l_commitdate) AND (l_receiptdate >= '1997-01-01 00:00:00'::timestamp(0) without time zone) AND (l_receiptdate < '1998-01-01 00:00:00'::timestamp without time zone)), (LLVM Optimized)"}]}, {"Node Type": "Hash", "Parent Relationship": "Inner", "Startup Cost": 41650.86, "Total Cost": 41650.86, "Plan Rows": 14999479, "Plan Width": 24, "Plans": [{"Node Type": "Seq Scan", "Parent Relationship": "Outer", "Relation Name": "orders", "Alias": "orders", "Startup Cost": 0.0, "Total Cost": 41650.86, "Plan Rows": 14999479, "Plan Width": 24}]}]}]}]}]}]}]}, "Unique SQL Id": 2036526415, "Planner Runtime": 0}, "explain_analyze_plan": {"Plan": {"Node Type": "Sort", "Startup Cost": 269757.31, "Total Cost": 269757.31, "Plan Rows": 1, "Plan Width": 43, "Actual Min Startup Time": 3400.937, "Actual Max Startup Time": 3400.937, "Actual Min Total Time": 3400.938, "Actual Max Total Time": 3400.938, "Sort Key": ["lineitem.l_shipmode"], "Sort Method": "quicksort", "Sort Space Min Used": 25, "Sort Space Max Used": 25, "Sort Space Type": "Memory", "Plans": [{"Node Type": "Streaming(type: LOCAL GATHER dop: 1/16)", "Parent Relationship": "Outer", "Startup Cost": 269757.29, "Total Cost": 269757.3, "Plan Rows": 1, "Plan Width": 43, "Actual Min Startup Time": 3400.842, "Actual Max Startup Time": 3400.842, "Actual Min Total Time": 3400.891, "Actual Max Total Time": 3400.891, "Plans": [{"Node Type": "Aggregate", "Strategy": "Hashed", "Parent Relationship": "Outer", "Startup Cost": 269757.29, "Total Cost": 269757.29, "Plan Rows": 1, "Plan Width": 43, "Actual Min Startup Time": 3337.8, "Actual Max Startup Time": 3345.421, "Actual Min Total Time": 3337.8, "Actual Max Total Time": 3345.421, "Group By Key": ["lineitem.l_shipmode"], "Plans": [{"Node Type": "Streaming(type: LOCAL REDISTRIBUTE dop: 16/16)", "Parent Relationship": "Outer", "Startup Cost": 269757.27, "Total Cost": 269757.29, "Plan Rows": 1, "Plan Width": 43, "Actual Min Startup Time": 3335.863, "Actual Max Startup Time": 3345.414, "Actual Min Total Time": 3337.795, "Actual Max Total Time": 3345.414, "Plans": [{"Node Type": "Aggregate", "Strategy": "Hashed", "Parent Relationship": "Outer", "Startup Cost": 269757.27, "Total Cost": 269757.27, "Plan Rows": 1, "Plan Width": 43, "Actual Min Startup Time": 3284.075, "Actual Max Startup Time": 3343.851, "Actual Min Total Time": 3284.076, "Actual Max Total Time": 3343.852, "Group By Key": ["lineitem.l_shipmode"], "Plans": [{"Node Type": "Hash Join", "Parent Relationship": "Outer", "Join Type": "Inner", "Startup Cost": 53371.45, "Total Cost": 269435.07, "Plan Rows": 294584, "Plan Width": 27, "Actual Min Startup Time": 646.97, "Actual Max Startup Time": 684.999, "Actual Min Total Time": 3258.294, "Actual Max Total Time": 3323.129, "Inner Unique": true, "Hash Cond": "(lineitem.l_orderkey = orders.o_orderkey), (LLVM Optimized, Jit Execute)", "Plans": [{"Node Type": "Streaming(type: BROADCAST dop: 16/16)", "Parent Relationship": "Outer", "Startup Cost": 2.24, "Total Cost": 214777.05, "Plan Rows": 4713344, "Plan Width": 19, "Actual Min Startup Time": 0.063, "Actual Max Startup Time": 0.129, "Actual Min Total Time": 2404.235, "Actual Max Total Time": 2547.525, "Plans": [{"Node Type": "Seq Scan", "Parent Relationship": "Outer", "Relation Name": "lineitem", "Alias": "lineitem", "Startup Cost": 2.24, "Total Cost": 187809.58, "Plan Rows": 294584, "Plan Width": 19, "Actual Min Startup Time": 0.035, "Actual Max Startup Time": 0.361, "Actual Min Total Time": 1573.952, "Actual Max Total Time": 2392.415, "Filter": "((l_shipmode = ANY ('{RAIL,FOB}'::bpchar[])) AND (l_commitdate < l_receiptdate) AND (l_shipdate < l_commitdate) AND (l_receiptdate >= '1997-01-01 00:00:00'::timestamp(0) without time zone) AND (l_receiptdate < '1998-01-01 00:00:00'::timestamp without time zone)), (LLVM Optimized, Jit Execute)", "Rows Removed by Filter": 59674804, "Actual Rows": 311248}], "Actual Rows": 4979968}, {"Node Type": "Hash", "Parent Relationship": "Inner", "Startup Cost": 41650.86, "Total Cost": 41650.86, "Plan Rows": 14999479, "Plan Width": 24, "Actual Min Startup Time": 645.416, "Actual Max Startup Time": 683.761, "Actual Min Total Time": 645.416, "Actual Max Total Time": 683.761, "Max Hash Buckets": 1048576, "Min Hash Buckets": 1048576, "Max Hash Batches": 1, "Min Hash Batches": 1, "Max Original Hash Batches": 1, "Min Original Hash Batches": 1, "Max Peak Memory Usage": 51347, "min Peak Memory Usage": 51347, "Plans": [{"Node Type": "Seq Scan", "Parent Relationship": "Outer", "Relation Name": "orders", "Alias": "orders", "Startup Cost": 0.0, "Total Cost": 41650.86, "Plan Rows": 14999479, "Plan Width": 24, "Actual Min Startup Time": 0.021, "Actual Max Startup Time": 0.036, "Actual Min Total Time": 332.744, "Actual Max Total Time": 356.106, "Actual Rows": 15000000}], "Actual Rows": 15000000}], "Actual Rows": 311248}], "Actual Rows": 32}], "Actual Rows": 32}], "Actual Rows": 2}], "Actual Rows": 2}], "Actual Rows": 2}, "Triggers": [], "Planner Runtime": 1.004, "Total Runtime": 3420.644, "Unique SQL Id": 2036526415}}, "(16, '101')": {"explain_plan": {"Plan": {"Node Type": "Sort", "Startup Cost": 3385295.37, "Total Cost": 3385295.37, "Plan Rows": 1, "Plan Width": 43, "Sort Key": ["lineitem.l_shipmode"], "Plans": [{"Node Type": "Streaming(type: LOCAL GATHER dop: 1/16)", "Parent Relationship": "Outer", "Startup Cost": 3385295.35, "Total Cost": 3385295.36, "Plan Rows": 1, "Plan Width": 43, "Plans": [{"Node Type": "Aggregate", "Strategy": "Hashed", "Parent Relationship": "Outer", "Startup Cost": 3385295.35, "Total Cost": 3385295.35, "Plan Rows": 1, "Plan Width": 43, "Group By Key": ["lineitem.l_shipmode"], "Plans": [{"Node Type": "Streaming(type: LOCAL REDISTRIBUTE dop: 16/16)", "Parent Relationship": "Outer", "Startup Cost": 3385295.33, "Total Cost": 3385295.35, "Plan Rows": 1, "Plan Width": 43, "Plans": [{"Node Type": "Aggregate", "Strategy": "Hashed", "Parent Relationship": "Outer", "Startup Cost": 3385295.33, "Total Cost": 3385295.33, "Plan Rows": 1, "Plan Width": 43, "Group By Key": ["lineitem.l_shipmode"], "Plans": [{"Node Type": "Hash Join", "Parent Relationship": "Outer", "Join Type": "Inner", "Startup Cost": 617076.66, "Total Cost": 3384973.13, "Plan Rows": 294584, "Plan Width": 27, "Inner Unique": true, "Hash Cond": "(lineitem.l_orderkey = orders.o_orderkey), (LLVM Optimized)", "Plans": [{"Node Type": "Streaming(type: BROADCAST dop: 16/16)", "Parent Relationship": "Outer", "Startup Cost": 0.0, "Total Cost": 2766607.66, "Plan Rows": 4713344, "Plan Width": 19, "Plans": [{"Node Type": "Index Scan", "Parent Relationship": "Outer", "Scan Direction": "Forward", "Index Name": "idx_lineitem_orderkey", "Relation Name": "lineitem", "Alias": "lineitem", "Startup Cost": 0.0, "Total Cost": 2739640.18, "Plan Rows": 294584, "Plan Width": 19, "Filter": "((l_shipmode = ANY ('{RAIL,FOB}'::bpchar[])) AND (l_commitdate < l_receiptdate) AND (l_shipdate < l_commitdate) AND (l_receiptdate >= '1997-01-01 00:00:00'::timestamp(0) without time zone) AND (l_receiptdate < '1998-01-01 00:00:00'::timestamp without time zone)), (LLVM Optimized)"}]}, {"Node Type": "Hash", "Parent Relationship": "Inner", "Startup Cost": 605358.32, "Total Cost": 605358.32, "Plan Rows": 14999479, "Plan Width": 24, "Plans": [{"Node Type": "Index Scan", "Parent Relationship": "Outer", "Scan Direction": "Forward", "Index Name": "orders_pkey", "Relation Name": "orders", "Alias": "orders", "Startup Cost": 0.0, "Total Cost": 605358.32, "Plan Rows": 14999479, "Plan Width": 24}]}]}]}]}]}]}]}, "Unique SQL Id": 2036526415, "Planner Runtime": 0}, "explain_analyze_plan": {"Plan": {"Node Type": "Sort", "Startup Cost": 3385295.37, "Total Cost": 3385295.37, "Plan Rows": 1, "Plan Width": 43, "Actual Min Startup Time": 5075.032, "Actual Max Startup Time": 5075.032, "Actual Min Total Time": 5075.033, "Actual Max Total Time": 5075.033, "Sort Key": ["lineitem.l_shipmode"], "Sort Method": "quicksort", "Sort Space Min Used": 25, "Sort Space Max Used": 25, "Sort Space Type": "Memory", "Plans": [{"Node Type": "Streaming(type: LOCAL GATHER dop: 1/16)", "Parent Relationship": "Outer", "Startup Cost": 3385295.35, "Total Cost": 3385295.36, "Plan Rows": 1, "Plan Width": 43, "Actual Min Startup Time": 5074.885, "Actual Max Startup Time": 5074.885, "Actual Min Total Time": 5074.987, "Actual Max Total Time": 5074.987, "Plans": [{"Node Type": "Aggregate", "Strategy": "Hashed", "Parent Relationship": "Outer", "Startup Cost": 3385295.35, "Total Cost": 3385295.35, "Plan Rows": 1, "Plan Width": 43, "Actual Min Startup Time": 5015.588, "Actual Max Startup Time": 5024.638, "Actual Min Total Time": 5015.588, "Actual Max Total Time": 5024.638, "Group By Key": ["lineitem.l_shipmode"], "Plans": [{"Node Type": "Streaming(type: LOCAL REDISTRIBUTE dop: 16/16)", "Parent Relationship": "Outer", "Startup Cost": 3385295.33, "Total Cost": 3385295.35, "Plan Rows": 1, "Plan Width": 43, "Actual Min Startup Time": 5012.32, "Actual Max Startup Time": 5024.63, "Actual Min Total Time": 5015.583, "Actual Max Total Time": 5024.63, "Plans": [{"Node Type": "Aggregate", "Strategy": "Hashed", "Parent Relationship": "Outer", "Startup Cost": 3385295.33, "Total Cost": 3385295.33, "Plan Rows": 1, "Plan Width": 43, "Actual Min Startup Time": 4974.395, "Actual Max Startup Time": 5022.138, "Actual Min Total Time": 4974.397, "Actual Max Total Time": 5022.139, "Group By Key": ["lineitem.l_shipmode"], "Plans": [{"Node Type": "Hash Join", "Parent Relationship": "Outer", "Join Type": "Inner", "Startup Cost": 617076.66, "Total Cost": 3384973.13, "Plan Rows": 294584, "Plan Width": 27, "Actual Min Startup Time": 1064.978, "Actual Max Startup Time": 1217.017, "Actual Min Total Time": 4947.451, "Actual Max Total Time": 5001.164, "Inner Unique": true, "Hash Cond": "(lineitem.l_orderkey = orders.o_orderkey), (LLVM Optimized, Jit Execute)", "Plans": [{"Node Type": "Streaming(type: BROADCAST dop: 16/16)", "Parent Relationship": "Outer", "Startup Cost": 0.0, "Total Cost": 2766607.66, "Plan Rows": 4713344, "Plan Width": 19, "Actual Min Startup Time": 0.061, "Actual Max Startup Time": 0.124, "Actual Min Total Time": 3631.718, "Actual Max Total Time": 3764.15, "Plans": [{"Node Type": "Index Scan", "Parent Relationship": "Outer", "Scan Direction": "Forward", "Index Name": "idx_lineitem_orderkey", "Relation Name": "lineitem", "Alias": "lineitem", "Startup Cost": 0.0, "Total Cost": 2739640.18, "Plan Rows": 294584, "Plan Width": 19, "Actual Min Startup Time": 543.73, "Actual Max Startup Time": 581.962, "Actual Min Total Time": 3404.899, "Actual Max Total Time": 4158.411, "Filter": "((l_shipmode = ANY ('{RAIL,FOB}'::bpchar[])) AND (l_commitdate < l_receiptdate) AND (l_shipdate < l_commitdate) AND (l_receiptdate >= '1997-01-01 00:00:00'::timestamp(0) without time zone) AND (l_receiptdate < '1998-01-01 00:00:00'::timestamp without time zone)), (LLVM Optimized, Jit Execute)", "Rows Removed by Filter": 59674804, "Actual Rows": 311248}], "Actual Rows": 4979968}, {"Node Type": "Hash", "Parent Relationship": "Inner", "Startup Cost": 605358.32, "Total Cost": 605358.32, "Plan Rows": 14999479, "Plan Width": 24, "Actual Min Startup Time": 1063.349, "Actual Max Startup Time": 1215.506, "Actual Min Total Time": 1063.349, "Actual Max Total Time": 1215.506, "Max Hash Buckets": 1048576, "Min Hash Buckets": 1048576, "Max Hash Batches": 1, "Min Hash Batches": 1, "Max Original Hash Batches": 1, "Min Original Hash Batches": 1, "Max Peak Memory Usage": 51275, "min Peak Memory Usage": 51275, "Plans": [{"Node Type": "Index Scan", "Parent Relationship": "Outer", "Scan Direction": "Forward", "Index Name": "orders_pkey", "Relation Name": "orders", "Alias": "orders", "Startup Cost": 0.0, "Total Cost": 605358.32, "Plan Rows": 14999479, "Plan Width": 24, "Actual Min Startup Time": 138.453, "Actual Max Startup Time": 185.894, "Actual Min Total Time": 740.2, "Actual Max Total Time": 900.065, "Actual Rows": 15000000}], "Actual Rows": 15000000}], "Actual Rows": 311248}], "Actual Rows": 32}], "Actual Rows": 32}], "Actual Rows": 2}], "Actual Rows": 2}], "Actual Rows": 2}, "Triggers": [], "Planner Runtime": 0.935, "Total Runtime": 5095.078, "Unique SQL Id": 2036526415}}, "(16, '102')": {"explain_plan": {"Plan": {"Node Type": "Sort", "Startup Cost": 269757.31, "Total Cost": 269757.31, "Plan Rows": 1, "Plan Width": 43, "Sort Key": ["lineitem.l_shipmode"], "Plans": [{"Node Type": "Streaming(type: LOCAL GATHER dop: 1/16)", "Parent Relationship": "Outer", "Startup Cost": 269757.29, "Total Cost": 269757.3, "Plan Rows": 1, "Plan Width": 43, "Plans": [{"Node Type": "Aggregate", "Strategy": "Hashed", "Parent Relationship": "Outer", "Startup Cost": 269757.29, "Total Cost": 269757.29, "Plan Rows": 1, "Plan Width": 43, "Group By Key": ["lineitem.l_shipmode"], "Plans": [{"Node Type": "Streaming(type: LOCAL REDISTRIBUTE dop: 16/16)", "Parent Relationship": "Outer", "Startup Cost": 269757.27, "Total Cost": 269757.29, "Plan Rows": 1, "Plan Width": 43, "Plans": [{"Node Type": "Aggregate", "Strategy": "Hashed", "Parent Relationship": "Outer", "Startup Cost": 269757.27, "Total Cost": 269757.27, "Plan Rows": 1, "Plan Width": 43, "Group By Key": ["lineitem.l_shipmode"], "Plans": [{"Node Type": "Hash Join", "Parent Relationship": "Outer", "Join Type": "Inner", "Startup Cost": 53371.45, "Total Cost": 269435.07, "Plan Rows": 294584, "Plan Width": 27, "Inner Unique": true, "Hash Cond": "(lineitem.l_orderkey = orders.o_orderkey), (LLVM Optimized)", "Plans": [{"Node Type": "Streaming(type: BROADCAST dop: 16/16)", "Parent Relationship": "Outer", "Startup Cost": 2.24, "Total Cost": 214777.05, "Plan Rows": 4713344, "Plan Width": 19, "Plans": [{"Node Type": "Seq Scan", "Parent Relationship": "Outer", "Relation Name": "lineitem", "Alias": "lineitem", "Startup Cost": 2.24, "Total Cost": 187809.58, "Plan Rows": 294584, "Plan Width": 19, "Filter": "((l_shipmode = ANY ('{RAIL,FOB}'::bpchar[])) AND (l_commitdate < l_receiptdate) AND (l_shipdate < l_commitdate) AND (l_receiptdate >= '1997-01-01 00:00:00'::timestamp(0) without time zone) AND (l_receiptdate < '1998-01-01 00:00:00'::timestamp without time zone)), (LLVM Optimized)"}]}, {"Node Type": "Hash", "Parent Relationship": "Inner", "Startup Cost": 41650.86, "Total Cost": 41650.86, "Plan Rows": 14999479, "Plan Width": 24, "Plans": [{"Node Type": "Seq Scan", "Parent Relationship": "Outer", "Relation Name": "orders", "Alias": "orders", "Startup Cost": 0.0, "Total Cost": 41650.86, "Plan Rows": 14999479, "Plan Width": 24}]}]}]}]}]}]}]}, "Unique SQL Id": 2036526415, "Planner Runtime": 0}, "explain_analyze_plan": {"Plan": {"Node Type": "Sort", "Startup Cost": 269757.31, "Total Cost": 269757.31, "Plan Rows": 1, "Plan Width": 43, "Actual Min Startup Time": 3400.937, "Actual Max Startup Time": 3400.937, "Actual Min Total Time": 3400.938, "Actual Max Total Time": 3400.938, "Sort Key": ["lineitem.l_shipmode"], "Sort Method": "quicksort", "Sort Space Min Used": 25, "Sort Space Max Used": 25, "Sort Space Type": "Memory", "Plans": [{"Node Type": "Streaming(type: LOCAL GATHER dop: 1/16)", "Parent Relationship": "Outer", "Startup Cost": 269757.29, "Total Cost": 269757.3, "Plan Rows": 1, "Plan Width": 43, "Actual Min Startup Time": 3400.842, "Actual Max Startup Time": 3400.842, "Actual Min Total Time": 3400.891, "Actual Max Total Time": 3400.891, "Plans": [{"Node Type": "Aggregate", "Strategy": "Hashed", "Parent Relationship": "Outer", "Startup Cost": 269757.29, "Total Cost": 269757.29, "Plan Rows": 1, "Plan Width": 43, "Actual Min Startup Time": 3337.8, "Actual Max Startup Time": 3345.421, "Actual Min Total Time": 3337.8, "Actual Max Total Time": 3345.421, "Group By Key": ["lineitem.l_shipmode"], "Plans": [{"Node Type": "Streaming(type: LOCAL REDISTRIBUTE dop: 16/16)", "Parent Relationship": "Outer", "Startup Cost": 269757.27, "Total Cost": 269757.29, "Plan Rows": 1, "Plan Width": 43, "Actual Min Startup Time": 3335.863, "Actual Max Startup Time": 3345.414, "Actual Min Total Time": 3337.795, "Actual Max Total Time": 3345.414, "Plans": [{"Node Type": "Aggregate", "Strategy": "Hashed", "Parent Relationship": "Outer", "Startup Cost": 269757.27, "Total Cost": 269757.27, "Plan Rows": 1, "Plan Width": 43, "Actual Min Startup Time": 3284.075, "Actual Max Startup Time": 3343.851, "Actual Min Total Time": 3284.076, "Actual Max Total Time": 3343.852, "Group By Key": ["lineitem.l_shipmode"], "Plans": [{"Node Type": "Hash Join", "Parent Relationship": "Outer", "Join Type": "Inner", "Startup Cost": 53371.45, "Total Cost": 269435.07, "Plan Rows": 294584, "Plan Width": 27, "Actual Min Startup Time": 646.97, "Actual Max Startup Time": 684.999, "Actual Min Total Time": 3258.294, "Actual Max Total Time": 3323.129, "Inner Unique": true, "Hash Cond": "(lineitem.l_orderkey = orders.o_orderkey), (LLVM Optimized, Jit Execute)", "Plans": [{"Node Type": "Streaming(type: BROADCAST dop: 16/16)", "Parent Relationship": "Outer", "Startup Cost": 2.24, "Total Cost": 214777.05, "Plan Rows": 4713344, "Plan Width": 19, "Actual Min Startup Time": 0.063, "Actual Max Startup Time": 0.129, "Actual Min Total Time": 2404.235, "Actual Max Total Time": 2547.525, "Plans": [{"Node Type": "Seq Scan", "Parent Relationship": "Outer", "Relation Name": "lineitem", "Alias": "lineitem", "Startup Cost": 2.24, "Total Cost": 187809.58, "Plan Rows": 294584, "Plan Width": 19, "Actual Min Startup Time": 0.035, "Actual Max Startup Time": 0.361, "Actual Min Total Time": 1573.952, "Actual Max Total Time": 2392.415, "Filter": "((l_shipmode = ANY ('{RAIL,FOB}'::bpchar[])) AND (l_commitdate < l_receiptdate) AND (l_shipdate < l_commitdate) AND (l_receiptdate >= '1997-01-01 00:00:00'::timestamp(0) without time zone) AND (l_receiptdate < '1998-01-01 00:00:00'::timestamp without time zone)), (LLVM Optimized, Jit Execute)", "Rows Removed by Filter": 59674804, "Actual Rows": 311248}], "Actual Rows": 4979968}, {"Node Type": "Hash", "Parent Relationship": "Inner", "Startup Cost": 41650.86, "Total Cost": 41650.86, "Plan Rows": 14999479, "Plan Width": 24, "Actual Min Startup Time": 645.416, "Actual Max Startup Time": 683.761, "Actual Min Total Time": 645.416, "Actual Max Total Time": 683.761, "Max Hash Buckets": 1048576, "Min Hash Buckets": 1048576, "Max Hash Batches": 1, "Min Hash Batches": 1, "Max Original Hash Batches": 1, "Min Original Hash Batches": 1, "Max Peak Memory Usage": 51347, "min Peak Memory Usage": 51347, "Plans": [{"Node Type": "Seq Scan", "Parent Relationship": "Outer", "Relation Name": "orders", "Alias": "orders", "Startup Cost": 0.0, "Total Cost": 41650.86, "Plan Rows": 14999479, "Plan Width": 24, "Actual Min Startup Time": 0.021, "Actual Max Startup Time": 0.036, "Actual Min Total Time": 332.744, "Actual Max Total Time": 356.106, "Actual Rows": 15000000}], "Actual Rows": 15000000}], "Actual Rows": 311248}], "Actual Rows": 32}], "Actual Rows": 32}], "Actual Rows": 2}], "Actual Rows": 2}], "Actual Rows": 2}, "Triggers": [], "Planner Runtime": 1.004, "Total Runtime": 3420.644, "Unique SQL Id": 2036526415}}, "(16, '103')": {"explain_plan": {"Plan": {"Node Type": "Sort", "Startup Cost": 4921486.87, "Total Cost": 4921486.87, "Plan Rows": 1, "Plan Width": 43, "Sort Key": ["lineitem.l_shipmode"], "Plans": [{"Node Type": "Aggregate", "Strategy": "Hashed", "Parent Relationship": "Outer", "Startup Cost": 4921486.85, "Total Cost": 4921486.86, "Plan Rows": 1, "Plan Width": 43, "Group By Key": ["lineitem.l_shipmode"], "Plans": [{"Node Type": "Hash Join", "Parent Relationship": "Outer", "Join Type": "Inner", "Startup Cost": 2147327.85, "Total Cost": 4916331.63, "Plan Rows": 294584, "Plan Width": 27, "Inner Unique": true, "Hash Cond": "(lineitem.l_orderkey = orders.o_orderkey), (LLVM Optimized)", "Plans": [{"Node Type": "Bitmap Heap Scan", "Parent Relationship": "Outer", "Relation Name": "lineitem", "Alias": "lineitem", "Startup Cost": 1225109.06, "Total Cost": 3990062.3, "Plan Rows": 294584, "Plan Width": 19, "Filter": "((l_shipmode = ANY ('{RAIL,FOB}'::bpchar[])) AND (l_commitdate < l_receiptdate) AND (l_shipdate < l_commitdate) AND (l_receiptdate >= '1997-01-01 00:00:00'::timestamp(0) without time zone) AND (l_receiptdate < '1998-01-01 00:00:00'::timestamp without time zone)), (LLVM Optimized)", "Plans": [{"Node Type": "Bitmap Index Scan", "Parent Relationship": "Outer", "Index Name": "idx_lineitem_orderkey", "Startup Cost": 0.0, "Total Cost": 1225035.42, "Plan Rows": 59987033, "Plan Width": 0}]}, {"Node Type": "Hash", "Parent Relationship": "Inner", "Startup Cost": 734725.3, "Total Cost": 734725.3, "Plan Rows": 14999479, "Plan Width": 24, "Plans": [{"Node Type": "Bitmap Heap Scan", "Parent Relationship": "Outer", "Relation Name": "orders", "Alias": "orders", "Startup Cost": 308311.51, "Total Cost": 734725.3, "Plan Rows": 14999479, "Plan Width": 24, "Plans": [{"Node Type": "Bitmap Index Scan", "Parent Relationship": "Outer", "Index Name": "orders_pkey", "Startup Cost": 0.0, "Total Cost": 304561.65, "Plan Rows": 14999479, "Plan Width": 0}]}]}]}]}]}, "Unique SQL Id": 2036526415, "Planner Runtime": 0}, "explain_analyze_plan": null}, "(16, '104')": {"explain_plan": {"Plan": {"Node Type": "Sort", "Startup Cost": 269757.31, "Total Cost": 269757.31, "Plan Rows": 1, "Plan Width": 43, "Sort Key": ["lineitem.l_shipmode"], "Plans": [{"Node Type": "Streaming(type: LOCAL GATHER dop: 1/16)", "Parent Relationship": "Outer", "Startup Cost": 269757.29, "Total Cost": 269757.3, "Plan Rows": 1, "Plan Width": 43, "Plans": [{"Node Type": "Aggregate", "Strategy": "Hashed", "Parent Relationship": "Outer", "Startup Cost": 269757.29, "Total Cost": 269757.29, "Plan Rows": 1, "Plan Width": 43, "Group By Key": ["lineitem.l_shipmode"], "Plans": [{"Node Type": "Streaming(type: LOCAL REDISTRIBUTE dop: 16/16)", "Parent Relationship": "Outer", "Startup Cost": 269757.27, "Total Cost": 269757.29, "Plan Rows": 1, "Plan Width": 43, "Plans": [{"Node Type": "Aggregate", "Strategy": "Hashed", "Parent Relationship": "Outer", "Startup Cost": 269757.27, "Total Cost": 269757.27, "Plan Rows": 1, "Plan Width": 43, "Group By Key": ["lineitem.l_shipmode"], "Plans": [{"Node Type": "Hash Join", "Parent Relationship": "Outer", "Join Type": "Inner", "Startup Cost": 53371.45, "Total Cost": 269435.07, "Plan Rows": 294584, "Plan Width": 27, "Inner Unique": true, "Hash Cond": "(lineitem.l_orderkey = orders.o_orderkey), (LLVM Optimized)", "Plans": [{"Node Type": "Streaming(type: BROADCAST dop: 16/16)", "Parent Relationship": "Outer", "Startup Cost": 2.24, "Total Cost": 214777.05, "Plan Rows": 4713344, "Plan Width": 19, "Plans": [{"Node Type": "Seq Scan", "Parent Relationship": "Outer", "Relation Name": "lineitem", "Alias": "lineitem", "Startup Cost": 2.24, "Total Cost": 187809.58, "Plan Rows": 294584, "Plan Width": 19, "Filter": "((l_shipmode = ANY ('{RAIL,FOB}'::bpchar[])) AND (l_commitdate < l_receiptdate) AND (l_shipdate < l_commitdate) AND (l_receiptdate >= '1997-01-01 00:00:00'::timestamp(0) without time zone) AND (l_receiptdate < '1998-01-01 00:00:00'::timestamp without time zone)), (LLVM Optimized)"}]}, {"Node Type": "Hash", "Parent Relationship": "Inner", "Startup Cost": 41650.86, "Total Cost": 41650.86, "Plan Rows": 14999479, "Plan Width": 24, "Plans": [{"Node Type": "Seq Scan", "Parent Relationship": "Outer", "Relation Name": "orders", "Alias": "orders", "Startup Cost": 0.0, "Total Cost": 41650.86, "Plan Rows": 14999479, "Plan Width": 24}]}]}]}]}]}]}]}, "Unique SQL Id": 2036526415, "Planner Runtime": 0}, "explain_analyze_plan": {"Plan": {"Node Type": "Sort", "Startup Cost": 269757.31, "Total Cost": 269757.31, "Plan Rows": 1, "Plan Width": 43, "Actual Min Startup Time": 3400.937, "Actual Max Startup Time": 3400.937, "Actual Min Total Time": 3400.938, "Actual Max Total Time": 3400.938, "Sort Key": ["lineitem.l_shipmode"], "Sort Method": "quicksort", "Sort Space Min Used": 25, "Sort Space Max Used": 25, "Sort Space Type": "Memory", "Plans": [{"Node Type": "Streaming(type: LOCAL GATHER dop: 1/16)", "Parent Relationship": "Outer", "Startup Cost": 269757.29, "Total Cost": 269757.3, "Plan Rows": 1, "Plan Width": 43, "Actual Min Startup Time": 3400.842, "Actual Max Startup Time": 3400.842, "Actual Min Total Time": 3400.891, "Actual Max Total Time": 3400.891, "Plans": [{"Node Type": "Aggregate", "Strategy": "Hashed", "Parent Relationship": "Outer", "Startup Cost": 269757.29, "Total Cost": 269757.29, "Plan Rows": 1, "Plan Width": 43, "Actual Min Startup Time": 3337.8, "Actual Max Startup Time": 3345.421, "Actual Min Total Time": 3337.8, "Actual Max Total Time": 3345.421, "Group By Key": ["lineitem.l_shipmode"], "Plans": [{"Node Type": "Streaming(type: LOCAL REDISTRIBUTE dop: 16/16)", "Parent Relationship": "Outer", "Startup Cost": 269757.27, "Total Cost": 269757.29, "Plan Rows": 1, "Plan Width": 43, "Actual Min Startup Time": 3335.863, "Actual Max Startup Time": 3345.414, "Actual Min Total Time": 3337.795, "Actual Max Total Time": 3345.414, "Plans": [{"Node Type": "Aggregate", "Strategy": "Hashed", "Parent Relationship": "Outer", "Startup Cost": 269757.27, "Total Cost": 269757.27, "Plan Rows": 1, "Plan Width": 43, "Actual Min Startup Time": 3284.075, "Actual Max Startup Time": 3343.851, "Actual Min Total Time": 3284.076, "Actual Max Total Time": 3343.852, "Group By Key": ["lineitem.l_shipmode"], "Plans": [{"Node Type": "Hash Join", "Parent Relationship": "Outer", "Join Type": "Inner", "Startup Cost": 53371.45, "Total Cost": 269435.07, "Plan Rows": 294584, "Plan Width": 27, "Actual Min Startup Time": 646.97, "Actual Max Startup Time": 684.999, "Actual Min Total Time": 3258.294, "Actual Max Total Time": 3323.129, "Inner Unique": true, "Hash Cond": "(lineitem.l_orderkey = orders.o_orderkey), (LLVM Optimized, Jit Execute)", "Plans": [{"Node Type": "Streaming(type: BROADCAST dop: 16/16)", "Parent Relationship": "Outer", "Startup Cost": 2.24, "Total Cost": 214777.05, "Plan Rows": 4713344, "Plan Width": 19, "Actual Min Startup Time": 0.063, "Actual Max Startup Time": 0.129, "Actual Min Total Time": 2404.235, "Actual Max Total Time": 2547.525, "Plans": [{"Node Type": "Seq Scan", "Parent Relationship": "Outer", "Relation Name": "lineitem", "Alias": "lineitem", "Startup Cost": 2.24, "Total Cost": 187809.58, "Plan Rows": 294584, "Plan Width": 19, "Actual Min Startup Time": 0.035, "Actual Max Startup Time": 0.361, "Actual Min Total Time": 1573.952, "Actual Max Total Time": 2392.415, "Filter": "((l_shipmode = ANY ('{RAIL,FOB}'::bpchar[])) AND (l_commitdate < l_receiptdate) AND (l_shipdate < l_commitdate) AND (l_receiptdate >= '1997-01-01 00:00:00'::timestamp(0) without time zone) AND (l_receiptdate < '1998-01-01 00:00:00'::timestamp without time zone)), (LLVM Optimized, Jit Execute)", "Rows Removed by Filter": 59674804, "Actual Rows": 311248}], "Actual Rows": 4979968}, {"Node Type": "Hash", "Parent Relationship": "Inner", "Startup Cost": 41650.86, "Total Cost": 41650.86, "Plan Rows": 14999479, "Plan Width": 24, "Actual Min Startup Time": 645.416, "Actual Max Startup Time": 683.761, "Actual Min Total Time": 645.416, "Actual Max Total Time": 683.761, "Max Hash Buckets": 1048576, "Min Hash Buckets": 1048576, "Max Hash Batches": 1, "Min Hash Batches": 1, "Max Original Hash Batches": 1, "Min Original Hash Batches": 1, "Max Peak Memory Usage": 51347, "min Peak Memory Usage": 51347, "Plans": [{"Node Type": "Seq Scan", "Parent Relationship": "Outer", "Relation Name": "orders", "Alias": "orders", "Startup Cost": 0.0, "Total Cost": 41650.86, "Plan Rows": 14999479, "Plan Width": 24, "Actual Min Startup Time": 0.021, "Actual Max Startup Time": 0.036, "Actual Min Total Time": 332.744, "Actual Max Total Time": 356.106, "Actual Rows": 15000000}], "Actual Rows": 15000000}], "Actual Rows": 311248}], "Actual Rows": 32}], "Actual Rows": 32}], "Actual Rows": 2}], "Actual Rows": 2}], "Actual Rows": 2}, "Triggers": [], "Planner Runtime": 1.004, "Total Runtime": 3420.644, "Unique SQL Id": 2036526415}}, "(16, '105')": {"explain_plan": {"Plan": {"Node Type": "Sort", "Startup Cost": 3385295.37, "Total Cost": 3385295.37, "Plan Rows": 1, "Plan Width": 43, "Sort Key": ["lineitem.l_shipmode"], "Plans": [{"Node Type": "Streaming(type: LOCAL GATHER dop: 1/16)", "Parent Relationship": "Outer", "Startup Cost": 3385295.35, "Total Cost": 3385295.36, "Plan Rows": 1, "Plan Width": 43, "Plans": [{"Node Type": "Aggregate", "Strategy": "Hashed", "Parent Relationship": "Outer", "Startup Cost": 3385295.35, "Total Cost": 3385295.35, "Plan Rows": 1, "Plan Width": 43, "Group By Key": ["lineitem.l_shipmode"], "Plans": [{"Node Type": "Streaming(type: LOCAL REDISTRIBUTE dop: 16/16)", "Parent Relationship": "Outer", "Startup Cost": 3385295.33, "Total Cost": 3385295.35, "Plan Rows": 1, "Plan Width": 43, "Plans": [{"Node Type": "Aggregate", "Strategy": "Hashed", "Parent Relationship": "Outer", "Startup Cost": 3385295.33, "Total Cost": 3385295.33, "Plan Rows": 1, "Plan Width": 43, "Group By Key": ["lineitem.l_shipmode"], "Plans": [{"Node Type": "Hash Join", "Parent Relationship": "Outer", "Join Type": "Inner", "Startup Cost": 617076.66, "Total Cost": 3384973.13, "Plan Rows": 294584, "Plan Width": 27, "Inner Unique": true, "Hash Cond": "(lineitem.l_orderkey = orders.o_orderkey), (LLVM Optimized)", "Plans": [{"Node Type": "Streaming(type: BROADCAST dop: 16/16)", "Parent Relationship": "Outer", "Startup Cost": 0.0, "Total Cost": 2766607.66, "Plan Rows": 4713344, "Plan Width": 19, "Plans": [{"Node Type": "Index Scan", "Parent Relationship": "Outer", "Scan Direction": "Forward", "Index Name": "idx_lineitem_orderkey", "Relation Name": "lineitem", "Alias": "lineitem", "Startup Cost": 0.0, "Total Cost": 2739640.18, "Plan Rows": 294584, "Plan Width": 19, "Filter": "((l_shipmode = ANY ('{RAIL,FOB}'::bpchar[])) AND (l_commitdate < l_receiptdate) AND (l_shipdate < l_commitdate) AND (l_receiptdate >= '1997-01-01 00:00:00'::timestamp(0) without time zone) AND (l_receiptdate < '1998-01-01 00:00:00'::timestamp without time zone)), (LLVM Optimized)"}]}, {"Node Type": "Hash", "Parent Relationship": "Inner", "Startup Cost": 605358.32, "Total Cost": 605358.32, "Plan Rows": 14999479, "Plan Width": 24, "Plans": [{"Node Type": "Index Scan", "Parent Relationship": "Outer", "Scan Direction": "Forward", "Index Name": "orders_pkey", "Relation Name": "orders", "Alias": "orders", "Startup Cost": 0.0, "Total Cost": 605358.32, "Plan Rows": 14999479, "Plan Width": 24}]}]}]}]}]}]}]}, "Unique SQL Id": 2036526415, "Planner Runtime": 0}, "explain_analyze_plan": {"Plan": {"Node Type": "Sort", "Startup Cost": 3385295.37, "Total Cost": 3385295.37, "Plan Rows": 1, "Plan Width": 43, "Actual Min Startup Time": 5075.032, "Actual Max Startup Time": 5075.032, "Actual Min Total Time": 5075.033, "Actual Max Total Time": 5075.033, "Sort Key": ["lineitem.l_shipmode"], "Sort Method": "quicksort", "Sort Space Min Used": 25, "Sort Space Max Used": 25, "Sort Space Type": "Memory", "Plans": [{"Node Type": "Streaming(type: LOCAL GATHER dop: 1/16)", "Parent Relationship": "Outer", "Startup Cost": 3385295.35, "Total Cost": 3385295.36, "Plan Rows": 1, "Plan Width": 43, "Actual Min Startup Time": 5074.885, "Actual Max Startup Time": 5074.885, "Actual Min Total Time": 5074.987, "Actual Max Total Time": 5074.987, "Plans": [{"Node Type": "Aggregate", "Strategy": "Hashed", "Parent Relationship": "Outer", "Startup Cost": 3385295.35, "Total Cost": 3385295.35, "Plan Rows": 1, "Plan Width": 43, "Actual Min Startup Time": 5015.588, "Actual Max Startup Time": 5024.638, "Actual Min Total Time": 5015.588, "Actual Max Total Time": 5024.638, "Group By Key": ["lineitem.l_shipmode"], "Plans": [{"Node Type": "Streaming(type: LOCAL REDISTRIBUTE dop: 16/16)", "Parent Relationship": "Outer", "Startup Cost": 3385295.33, "Total Cost": 3385295.35, "Plan Rows": 1, "Plan Width": 43, "Actual Min Startup Time": 5012.32, "Actual Max Startup Time": 5024.63, "Actual Min Total Time": 5015.583, "Actual Max Total Time": 5024.63, "Plans": [{"Node Type": "Aggregate", "Strategy": "Hashed", "Parent Relationship": "Outer", "Startup Cost": 3385295.33, "Total Cost": 3385295.33, "Plan Rows": 1, "Plan Width": 43, "Actual Min Startup Time": 4974.395, "Actual Max Startup Time": 5022.138, "Actual Min Total Time": 4974.397, "Actual Max Total Time": 5022.139, "Group By Key": ["lineitem.l_shipmode"], "Plans": [{"Node Type": "Hash Join", "Parent Relationship": "Outer", "Join Type": "Inner", "Startup Cost": 617076.66, "Total Cost": 3384973.13, "Plan Rows": 294584, "Plan Width": 27, "Actual Min Startup Time": 1064.978, "Actual Max Startup Time": 1217.017, "Actual Min Total Time": 4947.451, "Actual Max Total Time": 5001.164, "Inner Unique": true, "Hash Cond": "(lineitem.l_orderkey = orders.o_orderkey), (LLVM Optimized, Jit Execute)", "Plans": [{"Node Type": "Streaming(type: BROADCAST dop: 16/16)", "Parent Relationship": "Outer", "Startup Cost": 0.0, "Total Cost": 2766607.66, "Plan Rows": 4713344, "Plan Width": 19, "Actual Min Startup Time": 0.061, "Actual Max Startup Time": 0.124, "Actual Min Total Time": 3631.718, "Actual Max Total Time": 3764.15, "Plans": [{"Node Type": "Index Scan", "Parent Relationship": "Outer", "Scan Direction": "Forward", "Index Name": "idx_lineitem_orderkey", "Relation Name": "lineitem", "Alias": "lineitem", "Startup Cost": 0.0, "Total Cost": 2739640.18, "Plan Rows": 294584, "Plan Width": 19, "Actual Min Startup Time": 543.73, "Actual Max Startup Time": 581.962, "Actual Min Total Time": 3404.899, "Actual Max Total Time": 4158.411, "Filter": "((l_shipmode = ANY ('{RAIL,FOB}'::bpchar[])) AND (l_commitdate < l_receiptdate) AND (l_shipdate < l_commitdate) AND (l_receiptdate >= '1997-01-01 00:00:00'::timestamp(0) without time zone) AND (l_receiptdate < '1998-01-01 00:00:00'::timestamp without time zone)), (LLVM Optimized, Jit Execute)", "Rows Removed by Filter": 59674804, "Actual Rows": 311248}], "Actual Rows": 4979968}, {"Node Type": "Hash", "Parent Relationship": "Inner", "Startup Cost": 605358.32, "Total Cost": 605358.32, "Plan Rows": 14999479, "Plan Width": 24, "Actual Min Startup Time": 1063.349, "Actual Max Startup Time": 1215.506, "Actual Min Total Time": 1063.349, "Actual Max Total Time": 1215.506, "Max Hash Buckets": 1048576, "Min Hash Buckets": 1048576, "Max Hash Batches": 1, "Min Hash Batches": 1, "Max Original Hash Batches": 1, "Min Original Hash Batches": 1, "Max Peak Memory Usage": 51275, "min Peak Memory Usage": 51275, "Plans": [{"Node Type": "Index Scan", "Parent Relationship": "Outer", "Scan Direction": "Forward", "Index Name": "orders_pkey", "Relation Name": "orders", "Alias": "orders", "Startup Cost": 0.0, "Total Cost": 605358.32, "Plan Rows": 14999479, "Plan Width": 24, "Actual Min Startup Time": 138.453, "Actual Max Startup Time": 185.894, "Actual Min Total Time": 740.2, "Actual Max Total Time": 900.065, "Actual Rows": 15000000}], "Actual Rows": 15000000}], "Actual Rows": 311248}], "Actual Rows": 32}], "Actual Rows": 32}], "Actual Rows": 2}], "Actual Rows": 2}], "Actual Rows": 2}, "Triggers": [], "Planner Runtime": 0.935, "Total Runtime": 5095.078, "Unique SQL Id": 2036526415}}, "(16, '106')": {"explain_plan": {"Plan": {"Node Type": "Sort", "Startup Cost": 269757.31, "Total Cost": 269757.31, "Plan Rows": 1, "Plan Width": 43, "Sort Key": ["lineitem.l_shipmode"], "Plans": [{"Node Type": "Streaming(type: LOCAL GATHER dop: 1/16)", "Parent Relationship": "Outer", "Startup Cost": 269757.29, "Total Cost": 269757.3, "Plan Rows": 1, "Plan Width": 43, "Plans": [{"Node Type": "Aggregate", "Strategy": "Hashed", "Parent Relationship": "Outer", "Startup Cost": 269757.29, "Total Cost": 269757.29, "Plan Rows": 1, "Plan Width": 43, "Group By Key": ["lineitem.l_shipmode"], "Plans": [{"Node Type": "Streaming(type: LOCAL REDISTRIBUTE dop: 16/16)", "Parent Relationship": "Outer", "Startup Cost": 269757.27, "Total Cost": 269757.29, "Plan Rows": 1, "Plan Width": 43, "Plans": [{"Node Type": "Aggregate", "Strategy": "Hashed", "Parent Relationship": "Outer", "Startup Cost": 269757.27, "Total Cost": 269757.27, "Plan Rows": 1, "Plan Width": 43, "Group By Key": ["lineitem.l_shipmode"], "Plans": [{"Node Type": "Hash Join", "Parent Relationship": "Outer", "Join Type": "Inner", "Startup Cost": 53371.45, "Total Cost": 269435.07, "Plan Rows": 294584, "Plan Width": 27, "Inner Unique": true, "Hash Cond": "(lineitem.l_orderkey = orders.o_orderkey), (LLVM Optimized)", "Plans": [{"Node Type": "Streaming(type: BROADCAST dop: 16/16)", "Parent Relationship": "Outer", "Startup Cost": 2.24, "Total Cost": 214777.05, "Plan Rows": 4713344, "Plan Width": 19, "Plans": [{"Node Type": "Seq Scan", "Parent Relationship": "Outer", "Relation Name": "lineitem", "Alias": "lineitem", "Startup Cost": 2.24, "Total Cost": 187809.58, "Plan Rows": 294584, "Plan Width": 19, "Filter": "((l_shipmode = ANY ('{RAIL,FOB}'::bpchar[])) AND (l_commitdate < l_receiptdate) AND (l_shipdate < l_commitdate) AND (l_receiptdate >= '1997-01-01 00:00:00'::timestamp(0) without time zone) AND (l_receiptdate < '1998-01-01 00:00:00'::timestamp without time zone)), (LLVM Optimized)"}]}, {"Node Type": "Hash", "Parent Relationship": "Inner", "Startup Cost": 41650.86, "Total Cost": 41650.86, "Plan Rows": 14999479, "Plan Width": 24, "Plans": [{"Node Type": "Seq Scan", "Parent Relationship": "Outer", "Relation Name": "orders", "Alias": "orders", "Startup Cost": 0.0, "Total Cost": 41650.86, "Plan Rows": 14999479, "Plan Width": 24}]}]}]}]}]}]}]}, "Unique SQL Id": 2036526415, "Planner Runtime": 0}, "explain_analyze_plan": {"Plan": {"Node Type": "Sort", "Startup Cost": 269757.31, "Total Cost": 269757.31, "Plan Rows": 1, "Plan Width": 43, "Actual Min Startup Time": 3400.937, "Actual Max Startup Time": 3400.937, "Actual Min Total Time": 3400.938, "Actual Max Total Time": 3400.938, "Sort Key": ["lineitem.l_shipmode"], "Sort Method": "quicksort", "Sort Space Min Used": 25, "Sort Space Max Used": 25, "Sort Space Type": "Memory", "Plans": [{"Node Type": "Streaming(type: LOCAL GATHER dop: 1/16)", "Parent Relationship": "Outer", "Startup Cost": 269757.29, "Total Cost": 269757.3, "Plan Rows": 1, "Plan Width": 43, "Actual Min Startup Time": 3400.842, "Actual Max Startup Time": 3400.842, "Actual Min Total Time": 3400.891, "Actual Max Total Time": 3400.891, "Plans": [{"Node Type": "Aggregate", "Strategy": "Hashed", "Parent Relationship": "Outer", "Startup Cost": 269757.29, "Total Cost": 269757.29, "Plan Rows": 1, "Plan Width": 43, "Actual Min Startup Time": 3337.8, "Actual Max Startup Time": 3345.421, "Actual Min Total Time": 3337.8, "Actual Max Total Time": 3345.421, "Group By Key": ["lineitem.l_shipmode"], "Plans": [{"Node Type": "Streaming(type: LOCAL REDISTRIBUTE dop: 16/16)", "Parent Relationship": "Outer", "Startup Cost": 269757.27, "Total Cost": 269757.29, "Plan Rows": 1, "Plan Width": 43, "Actual Min Startup Time": 3335.863, "Actual Max Startup Time": 3345.414, "Actual Min Total Time": 3337.795, "Actual Max Total Time": 3345.414, "Plans": [{"Node Type": "Aggregate", "Strategy": "Hashed", "Parent Relationship": "Outer", "Startup Cost": 269757.27, "Total Cost": 269757.27, "Plan Rows": 1, "Plan Width": 43, "Actual Min Startup Time": 3284.075, "Actual Max Startup Time": 3343.851, "Actual Min Total Time": 3284.076, "Actual Max Total Time": 3343.852, "Group By Key": ["lineitem.l_shipmode"], "Plans": [{"Node Type": "Hash Join", "Parent Relationship": "Outer", "Join Type": "Inner", "Startup Cost": 53371.45, "Total Cost": 269435.07, "Plan Rows": 294584, "Plan Width": 27, "Actual Min Startup Time": 646.97, "Actual Max Startup Time": 684.999, "Actual Min Total Time": 3258.294, "Actual Max Total Time": 3323.129, "Inner Unique": true, "Hash Cond": "(lineitem.l_orderkey = orders.o_orderkey), (LLVM Optimized, Jit Execute)", "Plans": [{"Node Type": "Streaming(type: BROADCAST dop: 16/16)", "Parent Relationship": "Outer", "Startup Cost": 2.24, "Total Cost": 214777.05, "Plan Rows": 4713344, "Plan Width": 19, "Actual Min Startup Time": 0.063, "Actual Max Startup Time": 0.129, "Actual Min Total Time": 2404.235, "Actual Max Total Time": 2547.525, "Plans": [{"Node Type": "Seq Scan", "Parent Relationship": "Outer", "Relation Name": "lineitem", "Alias": "lineitem", "Startup Cost": 2.24, "Total Cost": 187809.58, "Plan Rows": 294584, "Plan Width": 19, "Actual Min Startup Time": 0.035, "Actual Max Startup Time": 0.361, "Actual Min Total Time": 1573.952, "Actual Max Total Time": 2392.415, "Filter": "((l_shipmode = ANY ('{RAIL,FOB}'::bpchar[])) AND (l_commitdate < l_receiptdate) AND (l_shipdate < l_commitdate) AND (l_receiptdate >= '1997-01-01 00:00:00'::timestamp(0) without time zone) AND (l_receiptdate < '1998-01-01 00:00:00'::timestamp without time zone)), (LLVM Optimized, Jit Execute)", "Rows Removed by Filter": 59674804, "Actual Rows": 311248}], "Actual Rows": 4979968}, {"Node Type": "Hash", "Parent Relationship": "Inner", "Startup Cost": 41650.86, "Total Cost": 41650.86, "Plan Rows": 14999479, "Plan Width": 24, "Actual Min Startup Time": 645.416, "Actual Max Startup Time": 683.761, "Actual Min Total Time": 645.416, "Actual Max Total Time": 683.761, "Max Hash Buckets": 1048576, "Min Hash Buckets": 1048576, "Max Hash Batches": 1, "Min Hash Batches": 1, "Max Original Hash Batches": 1, "Min Original Hash Batches": 1, "Max Peak Memory Usage": 51347, "min Peak Memory Usage": 51347, "Plans": [{"Node Type": "Seq Scan", "Parent Relationship": "Outer", "Relation Name": "orders", "Alias": "orders", "Startup Cost": 0.0, "Total Cost": 41650.86, "Plan Rows": 14999479, "Plan Width": 24, "Actual Min Startup Time": 0.021, "Actual Max Startup Time": 0.036, "Actual Min Total Time": 332.744, "Actual Max Total Time": 356.106, "Actual Rows": 15000000}], "Actual Rows": 15000000}], "Actual Rows": 311248}], "Actual Rows": 32}], "Actual Rows": 32}], "Actual Rows": 2}], "Actual Rows": 2}], "Actual Rows": 2}, "Triggers": [], "Planner Runtime": 1.004, "Total Runtime": 3420.644, "Unique SQL Id": 2036526415}}, "(16, '107')": {"explain_plan": {"Plan": {"Node Type": "Sort", "Startup Cost": 2000472293708.51, "Total Cost": 2000472293708.51, "Plan Rows": 1, "Plan Width": 43, "Sort Key": ["lineitem.l_shipmode"], "Plans": [{"Node Type": "Aggregate", "Strategy": "Hashed", "Parent Relationship": "Outer", "Startup Cost": 2000472293708.49, "Total Cost": 2000472293708.5, "Plan Rows": 1, "Plan Width": 43, "Group By Key": ["lineitem.l_shipmode"], "Plans": [{"Node Type": "Hash Join", "Parent Relationship": "Outer", "Join Type": "Inner", "Startup Cost": 1010073285336.99, "Total Cost": 2000472288553.27, "Plan Rows": 294584, "Plan Width": 27, "Inner Unique": true, "Hash Cond": "(lineitem.l_orderkey = orders.o_orderkey), (LLVM Optimized)", "Plans": [{"Node Type": "Index Scan", "Parent Relationship": "Outer", "Scan Direction": "Forward", "Index Name": "idx_lineitem_orderkey", "Relation Name": "lineitem", "Alias": "lineitem", "Startup Cost": 10000000000.0, "Total Cost": 1000398999165.75, "Plan Rows": 294584, "Plan Width": 19, "Filter": "((l_shipmode = ANY ('{RAIL,FOB}'::bpchar[])) AND (l_commitdate < l_receiptdate) AND (l_shipdate < l_commitdate) AND (l_receiptdate >= '1997-01-01 00:00:00'::timestamp(0) without time zone) AND (l_receiptdate < '1998-01-01 00:00:00'::timestamp without time zone)), (LLVM Optimized)"}, {"Node Type": "Hash", "Parent Relationship": "Inner", "Startup Cost": 1000073097843.5, "Total Cost": 1000073097843.5, "Plan Rows": 14999479, "Plan Width": 24, "Plans": [{"Node Type": "Index Scan", "Parent Relationship": "Outer", "Scan Direction": "Forward", "Index Name": "orders_pkey", "Relation Name": "orders", "Alias": "orders", "Startup Cost": 10000000000.0, "Total Cost": 1000073097843.5, "Plan Rows": 14999479, "Plan Width": 24}]}]}]}]}, "Unique SQL Id": 2036526415, "Planner Runtime": 0}, "explain_analyze_plan": null}, "(16, '108')": {"explain_plan": {"Plan": {"Node Type": "Sort", "Startup Cost": 269757.31, "Total Cost": 269757.31, "Plan Rows": 1, "Plan Width": 43, "Sort Key": ["lineitem.l_shipmode"], "Plans": [{"Node Type": "Streaming(type: LOCAL GATHER dop: 1/16)", "Parent Relationship": "Outer", "Startup Cost": 269757.29, "Total Cost": 269757.3, "Plan Rows": 1, "Plan Width": 43, "Plans": [{"Node Type": "Aggregate", "Strategy": "Hashed", "Parent Relationship": "Outer", "Startup Cost": 269757.29, "Total Cost": 269757.29, "Plan Rows": 1, "Plan Width": 43, "Group By Key": ["lineitem.l_shipmode"], "Plans": [{"Node Type": "Streaming(type: LOCAL REDISTRIBUTE dop: 16/16)", "Parent Relationship": "Outer", "Startup Cost": 269757.27, "Total Cost": 269757.29, "Plan Rows": 1, "Plan Width": 43, "Plans": [{"Node Type": "Aggregate", "Strategy": "Hashed", "Parent Relationship": "Outer", "Startup Cost": 269757.27, "Total Cost": 269757.27, "Plan Rows": 1, "Plan Width": 43, "Group By Key": ["lineitem.l_shipmode"], "Plans": [{"Node Type": "Hash Join", "Parent Relationship": "Outer", "Join Type": "Inner", "Startup Cost": 53371.45, "Total Cost": 269435.07, "Plan Rows": 294584, "Plan Width": 27, "Inner Unique": true, "Hash Cond": "(lineitem.l_orderkey = orders.o_orderkey), (LLVM Optimized)", "Plans": [{"Node Type": "Streaming(type: BROADCAST dop: 16/16)", "Parent Relationship": "Outer", "Startup Cost": 2.24, "Total Cost": 214777.05, "Plan Rows": 4713344, "Plan Width": 19, "Plans": [{"Node Type": "Seq Scan", "Parent Relationship": "Outer", "Relation Name": "lineitem", "Alias": "lineitem", "Startup Cost": 2.24, "Total Cost": 187809.58, "Plan Rows": 294584, "Plan Width": 19, "Filter": "((l_shipmode = ANY ('{RAIL,FOB}'::bpchar[])) AND (l_commitdate < l_receiptdate) AND (l_shipdate < l_commitdate) AND (l_receiptdate >= '1997-01-01 00:00:00'::timestamp(0) without time zone) AND (l_receiptdate < '1998-01-01 00:00:00'::timestamp without time zone)), (LLVM Optimized)"}]}, {"Node Type": "Hash", "Parent Relationship": "Inner", "Startup Cost": 41650.86, "Total Cost": 41650.86, "Plan Rows": 14999479, "Plan Width": 24, "Plans": [{"Node Type": "Seq Scan", "Parent Relationship": "Outer", "Relation Name": "orders", "Alias": "orders", "Startup Cost": 0.0, "Total Cost": 41650.86, "Plan Rows": 14999479, "Plan Width": 24}]}]}]}]}]}]}]}, "Unique SQL Id": 2036526415, "Planner Runtime": 0}, "explain_analyze_plan": {"Plan": {"Node Type": "Sort", "Startup Cost": 269757.31, "Total Cost": 269757.31, "Plan Rows": 1, "Plan Width": 43, "Actual Min Startup Time": 3400.937, "Actual Max Startup Time": 3400.937, "Actual Min Total Time": 3400.938, "Actual Max Total Time": 3400.938, "Sort Key": ["lineitem.l_shipmode"], "Sort Method": "quicksort", "Sort Space Min Used": 25, "Sort Space Max Used": 25, "Sort Space Type": "Memory", "Plans": [{"Node Type": "Streaming(type: LOCAL GATHER dop: 1/16)", "Parent Relationship": "Outer", "Startup Cost": 269757.29, "Total Cost": 269757.3, "Plan Rows": 1, "Plan Width": 43, "Actual Min Startup Time": 3400.842, "Actual Max Startup Time": 3400.842, "Actual Min Total Time": 3400.891, "Actual Max Total Time": 3400.891, "Plans": [{"Node Type": "Aggregate", "Strategy": "Hashed", "Parent Relationship": "Outer", "Startup Cost": 269757.29, "Total Cost": 269757.29, "Plan Rows": 1, "Plan Width": 43, "Actual Min Startup Time": 3337.8, "Actual Max Startup Time": 3345.421, "Actual Min Total Time": 3337.8, "Actual Max Total Time": 3345.421, "Group By Key": ["lineitem.l_shipmode"], "Plans": [{"Node Type": "Streaming(type: LOCAL REDISTRIBUTE dop: 16/16)", "Parent Relationship": "Outer", "Startup Cost": 269757.27, "Total Cost": 269757.29, "Plan Rows": 1, "Plan Width": 43, "Actual Min Startup Time": 3335.863, "Actual Max Startup Time": 3345.414, "Actual Min Total Time": 3337.795, "Actual Max Total Time": 3345.414, "Plans": [{"Node Type": "Aggregate", "Strategy": "Hashed", "Parent Relationship": "Outer", "Startup Cost": 269757.27, "Total Cost": 269757.27, "Plan Rows": 1, "Plan Width": 43, "Actual Min Startup Time": 3284.075, "Actual Max Startup Time": 3343.851, "Actual Min Total Time": 3284.076, "Actual Max Total Time": 3343.852, "Group By Key": ["lineitem.l_shipmode"], "Plans": [{"Node Type": "Hash Join", "Parent Relationship": "Outer", "Join Type": "Inner", "Startup Cost": 53371.45, "Total Cost": 269435.07, "Plan Rows": 294584, "Plan Width": 27, "Actual Min Startup Time": 646.97, "Actual Max Startup Time": 684.999, "Actual Min Total Time": 3258.294, "Actual Max Total Time": 3323.129, "Inner Unique": true, "Hash Cond": "(lineitem.l_orderkey = orders.o_orderkey), (LLVM Optimized, Jit Execute)", "Plans": [{"Node Type": "Streaming(type: BROADCAST dop: 16/16)", "Parent Relationship": "Outer", "Startup Cost": 2.24, "Total Cost": 214777.05, "Plan Rows": 4713344, "Plan Width": 19, "Actual Min Startup Time": 0.063, "Actual Max Startup Time": 0.129, "Actual Min Total Time": 2404.235, "Actual Max Total Time": 2547.525, "Plans": [{"Node Type": "Seq Scan", "Parent Relationship": "Outer", "Relation Name": "lineitem", "Alias": "lineitem", "Startup Cost": 2.24, "Total Cost": 187809.58, "Plan Rows": 294584, "Plan Width": 19, "Actual Min Startup Time": 0.035, "Actual Max Startup Time": 0.361, "Actual Min Total Time": 1573.952, "Actual Max Total Time": 2392.415, "Filter": "((l_shipmode = ANY ('{RAIL,FOB}'::bpchar[])) AND (l_commitdate < l_receiptdate) AND (l_shipdate < l_commitdate) AND (l_receiptdate >= '1997-01-01 00:00:00'::timestamp(0) without time zone) AND (l_receiptdate < '1998-01-01 00:00:00'::timestamp without time zone)), (LLVM Optimized, Jit Execute)", "Rows Removed by Filter": 59674804, "Actual Rows": 311248}], "Actual Rows": 4979968}, {"Node Type": "Hash", "Parent Relationship": "Inner", "Startup Cost": 41650.86, "Total Cost": 41650.86, "Plan Rows": 14999479, "Plan Width": 24, "Actual Min Startup Time": 645.416, "Actual Max Startup Time": 683.761, "Actual Min Total Time": 645.416, "Actual Max Total Time": 683.761, "Max Hash Buckets": 1048576, "Min Hash Buckets": 1048576, "Max Hash Batches": 1, "Min Hash Batches": 1, "Max Original Hash Batches": 1, "Min Original Hash Batches": 1, "Max Peak Memory Usage": 51347, "min Peak Memory Usage": 51347, "Plans": [{"Node Type": "Seq Scan", "Parent Relationship": "Outer", "Relation Name": "orders", "Alias": "orders", "Startup Cost": 0.0, "Total Cost": 41650.86, "Plan Rows": 14999479, "Plan Width": 24, "Actual Min Startup Time": 0.021, "Actual Max Startup Time": 0.036, "Actual Min Total Time": 332.744, "Actual Max Total Time": 356.106, "Actual Rows": 15000000}], "Actual Rows": 15000000}], "Actual Rows": 311248}], "Actual Rows": 32}], "Actual Rows": 32}], "Actual Rows": 2}], "Actual Rows": 2}], "Actual Rows": 2}, "Triggers": [], "Planner Runtime": 1.004, "Total Runtime": 3420.644, "Unique SQL Id": 2036526415}}, "(16, '109')": {"explain_plan": {"Plan": {"Node Type": "Sort", "Startup Cost": 3385295.37, "Total Cost": 3385295.37, "Plan Rows": 1, "Plan Width": 43, "Sort Key": ["lineitem.l_shipmode"], "Plans": [{"Node Type": "Streaming(type: LOCAL GATHER dop: 1/16)", "Parent Relationship": "Outer", "Startup Cost": 3385295.35, "Total Cost": 3385295.36, "Plan Rows": 1, "Plan Width": 43, "Plans": [{"Node Type": "Aggregate", "Strategy": "Hashed", "Parent Relationship": "Outer", "Startup Cost": 3385295.35, "Total Cost": 3385295.35, "Plan Rows": 1, "Plan Width": 43, "Group By Key": ["lineitem.l_shipmode"], "Plans": [{"Node Type": "Streaming(type: LOCAL REDISTRIBUTE dop: 16/16)", "Parent Relationship": "Outer", "Startup Cost": 3385295.33, "Total Cost": 3385295.35, "Plan Rows": 1, "Plan Width": 43, "Plans": [{"Node Type": "Aggregate", "Strategy": "Hashed", "Parent Relationship": "Outer", "Startup Cost": 3385295.33, "Total Cost": 3385295.33, "Plan Rows": 1, "Plan Width": 43, "Group By Key": ["lineitem.l_shipmode"], "Plans": [{"Node Type": "Hash Join", "Parent Relationship": "Outer", "Join Type": "Inner", "Startup Cost": 617076.66, "Total Cost": 3384973.13, "Plan Rows": 294584, "Plan Width": 27, "Inner Unique": true, "Hash Cond": "(lineitem.l_orderkey = orders.o_orderkey), (LLVM Optimized)", "Plans": [{"Node Type": "Streaming(type: BROADCAST dop: 16/16)", "Parent Relationship": "Outer", "Startup Cost": 0.0, "Total Cost": 2766607.66, "Plan Rows": 4713344, "Plan Width": 19, "Plans": [{"Node Type": "Index Scan", "Parent Relationship": "Outer", "Scan Direction": "Forward", "Index Name": "idx_lineitem_orderkey", "Relation Name": "lineitem", "Alias": "lineitem", "Startup Cost": 0.0, "Total Cost": 2739640.18, "Plan Rows": 294584, "Plan Width": 19, "Filter": "((l_shipmode = ANY ('{RAIL,FOB}'::bpchar[])) AND (l_commitdate < l_receiptdate) AND (l_shipdate < l_commitdate) AND (l_receiptdate >= '1997-01-01 00:00:00'::timestamp(0) without time zone) AND (l_receiptdate < '1998-01-01 00:00:00'::timestamp without time zone)), (LLVM Optimized)"}]}, {"Node Type": "Hash", "Parent Relationship": "Inner", "Startup Cost": 605358.32, "Total Cost": 605358.32, "Plan Rows": 14999479, "Plan Width": 24, "Plans": [{"Node Type": "Index Scan", "Parent Relationship": "Outer", "Scan Direction": "Forward", "Index Name": "orders_pkey", "Relation Name": "orders", "Alias": "orders", "Startup Cost": 0.0, "Total Cost": 605358.32, "Plan Rows": 14999479, "Plan Width": 24}]}]}]}]}]}]}]}, "Unique SQL Id": 2036526415, "Planner Runtime": 0}, "explain_analyze_plan": {"Plan": {"Node Type": "Sort", "Startup Cost": 3385295.37, "Total Cost": 3385295.37, "Plan Rows": 1, "Plan Width": 43, "Actual Min Startup Time": 5075.032, "Actual Max Startup Time": 5075.032, "Actual Min Total Time": 5075.033, "Actual Max Total Time": 5075.033, "Sort Key": ["lineitem.l_shipmode"], "Sort Method": "quicksort", "Sort Space Min Used": 25, "Sort Space Max Used": 25, "Sort Space Type": "Memory", "Plans": [{"Node Type": "Streaming(type: LOCAL GATHER dop: 1/16)", "Parent Relationship": "Outer", "Startup Cost": 3385295.35, "Total Cost": 3385295.36, "Plan Rows": 1, "Plan Width": 43, "Actual Min Startup Time": 5074.885, "Actual Max Startup Time": 5074.885, "Actual Min Total Time": 5074.987, "Actual Max Total Time": 5074.987, "Plans": [{"Node Type": "Aggregate", "Strategy": "Hashed", "Parent Relationship": "Outer", "Startup Cost": 3385295.35, "Total Cost": 3385295.35, "Plan Rows": 1, "Plan Width": 43, "Actual Min Startup Time": 5015.588, "Actual Max Startup Time": 5024.638, "Actual Min Total Time": 5015.588, "Actual Max Total Time": 5024.638, "Group By Key": ["lineitem.l_shipmode"], "Plans": [{"Node Type": "Streaming(type: LOCAL REDISTRIBUTE dop: 16/16)", "Parent Relationship": "Outer", "Startup Cost": 3385295.33, "Total Cost": 3385295.35, "Plan Rows": 1, "Plan Width": 43, "Actual Min Startup Time": 5012.32, "Actual Max Startup Time": 5024.63, "Actual Min Total Time": 5015.583, "Actual Max Total Time": 5024.63, "Plans": [{"Node Type": "Aggregate", "Strategy": "Hashed", "Parent Relationship": "Outer", "Startup Cost": 3385295.33, "Total Cost": 3385295.33, "Plan Rows": 1, "Plan Width": 43, "Actual Min Startup Time": 4974.395, "Actual Max Startup Time": 5022.138, "Actual Min Total Time": 4974.397, "Actual Max Total Time": 5022.139, "Group By Key": ["lineitem.l_shipmode"], "Plans": [{"Node Type": "Hash Join", "Parent Relationship": "Outer", "Join Type": "Inner", "Startup Cost": 617076.66, "Total Cost": 3384973.13, "Plan Rows": 294584, "Plan Width": 27, "Actual Min Startup Time": 1064.978, "Actual Max Startup Time": 1217.017, "Actual Min Total Time": 4947.451, "Actual Max Total Time": 5001.164, "Inner Unique": true, "Hash Cond": "(lineitem.l_orderkey = orders.o_orderkey), (LLVM Optimized, Jit Execute)", "Plans": [{"Node Type": "Streaming(type: BROADCAST dop: 16/16)", "Parent Relationship": "Outer", "Startup Cost": 0.0, "Total Cost": 2766607.66, "Plan Rows": 4713344, "Plan Width": 19, "Actual Min Startup Time": 0.061, "Actual Max Startup Time": 0.124, "Actual Min Total Time": 3631.718, "Actual Max Total Time": 3764.15, "Plans": [{"Node Type": "Index Scan", "Parent Relationship": "Outer", "Scan Direction": "Forward", "Index Name": "idx_lineitem_orderkey", "Relation Name": "lineitem", "Alias": "lineitem", "Startup Cost": 0.0, "Total Cost": 2739640.18, "Plan Rows": 294584, "Plan Width": 19, "Actual Min Startup Time": 543.73, "Actual Max Startup Time": 581.962, "Actual Min Total Time": 3404.899, "Actual Max Total Time": 4158.411, "Filter": "((l_shipmode = ANY ('{RAIL,FOB}'::bpchar[])) AND (l_commitdate < l_receiptdate) AND (l_shipdate < l_commitdate) AND (l_receiptdate >= '1997-01-01 00:00:00'::timestamp(0) without time zone) AND (l_receiptdate < '1998-01-01 00:00:00'::timestamp without time zone)), (LLVM Optimized, Jit Execute)", "Rows Removed by Filter": 59674804, "Actual Rows": 311248}], "Actual Rows": 4979968}, {"Node Type": "Hash", "Parent Relationship": "Inner", "Startup Cost": 605358.32, "Total Cost": 605358.32, "Plan Rows": 14999479, "Plan Width": 24, "Actual Min Startup Time": 1063.349, "Actual Max Startup Time": 1215.506, "Actual Min Total Time": 1063.349, "Actual Max Total Time": 1215.506, "Max Hash Buckets": 1048576, "Min Hash Buckets": 1048576, "Max Hash Batches": 1, "Min Hash Batches": 1, "Max Original Hash Batches": 1, "Min Original Hash Batches": 1, "Max Peak Memory Usage": 51275, "min Peak Memory Usage": 51275, "Plans": [{"Node Type": "Index Scan", "Parent Relationship": "Outer", "Scan Direction": "Forward", "Index Name": "orders_pkey", "Relation Name": "orders", "Alias": "orders", "Startup Cost": 0.0, "Total Cost": 605358.32, "Plan Rows": 14999479, "Plan Width": 24, "Actual Min Startup Time": 138.453, "Actual Max Startup Time": 185.894, "Actual Min Total Time": 740.2, "Actual Max Total Time": 900.065, "Actual Rows": 15000000}], "Actual Rows": 15000000}], "Actual Rows": 311248}], "Actual Rows": 32}], "Actual Rows": 32}], "Actual Rows": 2}], "Actual Rows": 2}], "Actual Rows": 2}, "Triggers": [], "Planner Runtime": 0.935, "Total Runtime": 5095.078, "Unique SQL Id": 2036526415}}, "(16, '110')": {"explain_plan": {"Plan": {"Node Type": "Sort", "Startup Cost": 269757.31, "Total Cost": 269757.31, "Plan Rows": 1, "Plan Width": 43, "Sort Key": ["lineitem.l_shipmode"], "Plans": [{"Node Type": "Streaming(type: LOCAL GATHER dop: 1/16)", "Parent Relationship": "Outer", "Startup Cost": 269757.29, "Total Cost": 269757.3, "Plan Rows": 1, "Plan Width": 43, "Plans": [{"Node Type": "Aggregate", "Strategy": "Hashed", "Parent Relationship": "Outer", "Startup Cost": 269757.29, "Total Cost": 269757.29, "Plan Rows": 1, "Plan Width": 43, "Group By Key": ["lineitem.l_shipmode"], "Plans": [{"Node Type": "Streaming(type: LOCAL REDISTRIBUTE dop: 16/16)", "Parent Relationship": "Outer", "Startup Cost": 269757.27, "Total Cost": 269757.29, "Plan Rows": 1, "Plan Width": 43, "Plans": [{"Node Type": "Aggregate", "Strategy": "Hashed", "Parent Relationship": "Outer", "Startup Cost": 269757.27, "Total Cost": 269757.27, "Plan Rows": 1, "Plan Width": 43, "Group By Key": ["lineitem.l_shipmode"], "Plans": [{"Node Type": "Hash Join", "Parent Relationship": "Outer", "Join Type": "Inner", "Startup Cost": 53371.45, "Total Cost": 269435.07, "Plan Rows": 294584, "Plan Width": 27, "Inner Unique": true, "Hash Cond": "(lineitem.l_orderkey = orders.o_orderkey), (LLVM Optimized)", "Plans": [{"Node Type": "Streaming(type: BROADCAST dop: 16/16)", "Parent Relationship": "Outer", "Startup Cost": 2.24, "Total Cost": 214777.05, "Plan Rows": 4713344, "Plan Width": 19, "Plans": [{"Node Type": "Seq Scan", "Parent Relationship": "Outer", "Relation Name": "lineitem", "Alias": "lineitem", "Startup Cost": 2.24, "Total Cost": 187809.58, "Plan Rows": 294584, "Plan Width": 19, "Filter": "((l_shipmode = ANY ('{RAIL,FOB}'::bpchar[])) AND (l_commitdate < l_receiptdate) AND (l_shipdate < l_commitdate) AND (l_receiptdate >= '1997-01-01 00:00:00'::timestamp(0) without time zone) AND (l_receiptdate < '1998-01-01 00:00:00'::timestamp without time zone)), (LLVM Optimized)"}]}, {"Node Type": "Hash", "Parent Relationship": "Inner", "Startup Cost": 41650.86, "Total Cost": 41650.86, "Plan Rows": 14999479, "Plan Width": 24, "Plans": [{"Node Type": "Seq Scan", "Parent Relationship": "Outer", "Relation Name": "orders", "Alias": "orders", "Startup Cost": 0.0, "Total Cost": 41650.86, "Plan Rows": 14999479, "Plan Width": 24}]}]}]}]}]}]}]}, "Unique SQL Id": 2036526415, "Planner Runtime": 0}, "explain_analyze_plan": {"Plan": {"Node Type": "Sort", "Startup Cost": 269757.31, "Total Cost": 269757.31, "Plan Rows": 1, "Plan Width": 43, "Actual Min Startup Time": 3400.937, "Actual Max Startup Time": 3400.937, "Actual Min Total Time": 3400.938, "Actual Max Total Time": 3400.938, "Sort Key": ["lineitem.l_shipmode"], "Sort Method": "quicksort", "Sort Space Min Used": 25, "Sort Space Max Used": 25, "Sort Space Type": "Memory", "Plans": [{"Node Type": "Streaming(type: LOCAL GATHER dop: 1/16)", "Parent Relationship": "Outer", "Startup Cost": 269757.29, "Total Cost": 269757.3, "Plan Rows": 1, "Plan Width": 43, "Actual Min Startup Time": 3400.842, "Actual Max Startup Time": 3400.842, "Actual Min Total Time": 3400.891, "Actual Max Total Time": 3400.891, "Plans": [{"Node Type": "Aggregate", "Strategy": "Hashed", "Parent Relationship": "Outer", "Startup Cost": 269757.29, "Total Cost": 269757.29, "Plan Rows": 1, "Plan Width": 43, "Actual Min Startup Time": 3337.8, "Actual Max Startup Time": 3345.421, "Actual Min Total Time": 3337.8, "Actual Max Total Time": 3345.421, "Group By Key": ["lineitem.l_shipmode"], "Plans": [{"Node Type": "Streaming(type: LOCAL REDISTRIBUTE dop: 16/16)", "Parent Relationship": "Outer", "Startup Cost": 269757.27, "Total Cost": 269757.29, "Plan Rows": 1, "Plan Width": 43, "Actual Min Startup Time": 3335.863, "Actual Max Startup Time": 3345.414, "Actual Min Total Time": 3337.795, "Actual Max Total Time": 3345.414, "Plans": [{"Node Type": "Aggregate", "Strategy": "Hashed", "Parent Relationship": "Outer", "Startup Cost": 269757.27, "Total Cost": 269757.27, "Plan Rows": 1, "Plan Width": 43, "Actual Min Startup Time": 3284.075, "Actual Max Startup Time": 3343.851, "Actual Min Total Time": 3284.076, "Actual Max Total Time": 3343.852, "Group By Key": ["lineitem.l_shipmode"], "Plans": [{"Node Type": "Hash Join", "Parent Relationship": "Outer", "Join Type": "Inner", "Startup Cost": 53371.45, "Total Cost": 269435.07, "Plan Rows": 294584, "Plan Width": 27, "Actual Min Startup Time": 646.97, "Actual Max Startup Time": 684.999, "Actual Min Total Time": 3258.294, "Actual Max Total Time": 3323.129, "Inner Unique": true, "Hash Cond": "(lineitem.l_orderkey = orders.o_orderkey), (LLVM Optimized, Jit Execute)", "Plans": [{"Node Type": "Streaming(type: BROADCAST dop: 16/16)", "Parent Relationship": "Outer", "Startup Cost": 2.24, "Total Cost": 214777.05, "Plan Rows": 4713344, "Plan Width": 19, "Actual Min Startup Time": 0.063, "Actual Max Startup Time": 0.129, "Actual Min Total Time": 2404.235, "Actual Max Total Time": 2547.525, "Plans": [{"Node Type": "Seq Scan", "Parent Relationship": "Outer", "Relation Name": "lineitem", "Alias": "lineitem", "Startup Cost": 2.24, "Total Cost": 187809.58, "Plan Rows": 294584, "Plan Width": 19, "Actual Min Startup Time": 0.035, "Actual Max Startup Time": 0.361, "Actual Min Total Time": 1573.952, "Actual Max Total Time": 2392.415, "Filter": "((l_shipmode = ANY ('{RAIL,FOB}'::bpchar[])) AND (l_commitdate < l_receiptdate) AND (l_shipdate < l_commitdate) AND (l_receiptdate >= '1997-01-01 00:00:00'::timestamp(0) without time zone) AND (l_receiptdate < '1998-01-01 00:00:00'::timestamp without time zone)), (LLVM Optimized, Jit Execute)", "Rows Removed by Filter": 59674804, "Actual Rows": 311248}], "Actual Rows": 4979968}, {"Node Type": "Hash", "Parent Relationship": "Inner", "Startup Cost": 41650.86, "Total Cost": 41650.86, "Plan Rows": 14999479, "Plan Width": 24, "Actual Min Startup Time": 645.416, "Actual Max Startup Time": 683.761, "Actual Min Total Time": 645.416, "Actual Max Total Time": 683.761, "Max Hash Buckets": 1048576, "Min Hash Buckets": 1048576, "Max Hash Batches": 1, "Min Hash Batches": 1, "Max Original Hash Batches": 1, "Min Original Hash Batches": 1, "Max Peak Memory Usage": 51347, "min Peak Memory Usage": 51347, "Plans": [{"Node Type": "Seq Scan", "Parent Relationship": "Outer", "Relation Name": "orders", "Alias": "orders", "Startup Cost": 0.0, "Total Cost": 41650.86, "Plan Rows": 14999479, "Plan Width": 24, "Actual Min Startup Time": 0.021, "Actual Max Startup Time": 0.036, "Actual Min Total Time": 332.744, "Actual Max Total Time": 356.106, "Actual Rows": 15000000}], "Actual Rows": 15000000}], "Actual Rows": 311248}], "Actual Rows": 32}], "Actual Rows": 32}], "Actual Rows": 2}], "Actual Rows": 2}], "Actual Rows": 2}, "Triggers": [], "Planner Runtime": 1.004, "Total Runtime": 3420.644, "Unique SQL Id": 2036526415}}, "(16, '111')": {"explain_plan": {"Plan": {"Node Type": "Sort", "Startup Cost": 2000472293708.51, "Total Cost": 2000472293708.51, "Plan Rows": 1, "Plan Width": 43, "Sort Key": ["lineitem.l_shipmode"], "Plans": [{"Node Type": "Aggregate", "Strategy": "Hashed", "Parent Relationship": "Outer", "Startup Cost": 2000472293708.49, "Total Cost": 2000472293708.5, "Plan Rows": 1, "Plan Width": 43, "Group By Key": ["lineitem.l_shipmode"], "Plans": [{"Node Type": "Hash Join", "Parent Relationship": "Outer", "Join Type": "Inner", "Startup Cost": 1010073285336.99, "Total Cost": 2000472288553.27, "Plan Rows": 294584, "Plan Width": 27, "Inner Unique": true, "Hash Cond": "(lineitem.l_orderkey = orders.o_orderkey), (LLVM Optimized)", "Plans": [{"Node Type": "Index Scan", "Parent Relationship": "Outer", "Scan Direction": "Forward", "Index Name": "idx_lineitem_orderkey", "Relation Name": "lineitem", "Alias": "lineitem", "Startup Cost": 10000000000.0, "Total Cost": 1000398999165.75, "Plan Rows": 294584, "Plan Width": 19, "Filter": "((l_shipmode = ANY ('{RAIL,FOB}'::bpchar[])) AND (l_commitdate < l_receiptdate) AND (l_shipdate < l_commitdate) AND (l_receiptdate >= '1997-01-01 00:00:00'::timestamp(0) without time zone) AND (l_receiptdate < '1998-01-01 00:00:00'::timestamp without time zone)), (LLVM Optimized)"}, {"Node Type": "Hash", "Parent Relationship": "Inner", "Startup Cost": 1000073097843.5, "Total Cost": 1000073097843.5, "Plan Rows": 14999479, "Plan Width": 24, "Plans": [{"Node Type": "Index Scan", "Parent Relationship": "Outer", "Scan Direction": "Forward", "Index Name": "orders_pkey", "Relation Name": "orders", "Alias": "orders", "Startup Cost": 10000000000.0, "Total Cost": 1000073097843.5, "Plan Rows": 14999479, "Plan Width": 24}]}]}]}]}, "Unique SQL Id": 2036526415, "Planner Runtime": 0}, "explain_analyze_plan": null}, "(16, '112')": {"explain_plan": {"Plan": {"Node Type": "Sort", "Startup Cost": 1280090.06, "Total Cost": 1280090.06, "Plan Rows": 1, "Plan Width": 43, "Sort Key": ["lineitem.l_shipmode"], "Plans": [{"Node Type": "Aggregate", "Strategy": "Hashed", "Parent Relationship": "Outer", "Startup Cost": 1280090.04, "Total Cost": 1280090.05, "Plan Rows": 1, "Plan Width": 43, "Group By Key": ["lineitem.l_shipmode"], "Plans": [{"Node Type": "Nested Loop", "Parent Relationship": "Outer", "Join Type": "Inner", "Startup Cost": 2.24, "Total Cost": 1274934.82, "Plan Rows": 294584, "Plan Width": 27, "Inner Unique": true, "Plans": [{"Node Type": "Streaming(type: LOCAL GATHER dop: 1/16)", "Parent Relationship": "Outer", "Startup Cost": 2.24, "Total Cost": 194167.3, "Plan Rows": 294584, "Plan Width": 19, "Plans": [{"Node Type": "Seq Scan", "Parent Relationship": "Outer", "Relation Name": "lineitem", "Alias": "lineitem", "Startup Cost": 2.24, "Total Cost": 187809.58, "Plan Rows": 294584, "Plan Width": 19, "Filter": "((l_shipmode = ANY ('{RAIL,FOB}'::bpchar[])) AND (l_commitdate < l_receiptdate) AND (l_shipdate < l_commitdate) AND (l_receiptdate >= '1997-01-01 00:00:00'::timestamp(0) without time zone) AND (l_receiptdate < '1998-01-01 00:00:00'::timestamp without time zone)), (LLVM Optimized)"}]}, {"Node Type": "Index Scan", "Parent Relationship": "Inner", "Scan Direction": "Forward", "Index Name": "orders_pkey", "Relation Name": "orders", "Alias": "orders", "Startup Cost": 0.0, "Total Cost": 3.66, "Plan Rows": 1, "Plan Width": 24, "Index Cond": "(o_orderkey = lineitem.l_orderkey)"}]}]}]}, "Unique SQL Id": 2036526415, "Planner Runtime": 0}, "explain_analyze_plan": {"Plan": {"Node Type": "Sort", "Startup Cost": 1280090.06, "Total Cost": 1280090.06, "Plan Rows": 1, "Plan Width": 43, "Actual Min Startup Time": 2576.474, "Actual Max Startup Time": 2576.474, "Actual Min Total Time": 2576.474, "Actual Max Total Time": 2576.474, "Sort Key": ["lineitem.l_shipmode"], "Sort Method": "quicksort", "Sort Space Min Used": 25, "Sort Space Max Used": 25, "Sort Space Type": "Memory", "Plans": [{"Node Type": "Aggregate", "Strategy": "Hashed", "Parent Relationship": "Outer", "Startup Cost": 1280090.04, "Total Cost": 1280090.05, "Plan Rows": 1, "Plan Width": 43, "Actual Min Startup Time": 2576.42, "Actual Max Startup Time": 2576.42, "Actual Min Total Time": 2576.421, "Actual Max Total Time": 2576.421, "Group By Key": ["lineitem.l_shipmode"], "Plans": [{"Node Type": "Nested Loop", "Parent Relationship": "Outer", "Join Type": "Inner", "Startup Cost": 2.24, "Total Cost": 1274934.82, "Plan Rows": 294584, "Plan Width": 27, "Actual Min Startup Time": 47.965, "Actual Max Startup Time": 47.965, "Actual Min Total Time": 2240.029, "Actual Max Total Time": 2240.029, "Inner Unique": true, "Plans": [{"Node Type": "Streaming(type: LOCAL GATHER dop: 1/16)", "Parent Relationship": "Outer", "Startup Cost": 2.24, "Total Cost": 194167.3, "Plan Rows": 294584, "Plan Width": 19, "Actual Min Startup Time": 47.905, "Actual Max Startup Time": 47.905, "Actual Min Total Time": 584.734, "Actual Max Total Time": 584.734, "Plans": [{"Node Type": "Seq Scan", "Parent Relationship": "Outer", "Relation Name": "lineitem", "Alias": "lineitem", "Startup Cost": 2.24, "Total Cost": 187809.58, "Plan Rows": 294584, "Plan Width": 19, "Actual Min Startup Time": 0.039, "Actual Max Startup Time": 0.362, "Actual Min Total Time": 1960.645, "Actual Max Total Time": 2395.535, "Filter": "((l_shipmode = ANY ('{RAIL,FOB}'::bpchar[])) AND (l_commitdate < l_receiptdate) AND (l_shipdate < l_commitdate) AND (l_receiptdate >= '1997-01-01 00:00:00'::timestamp(0) without time zone) AND (l_receiptdate < '1998-01-01 00:00:00'::timestamp without time zone)), (LLVM Optimized, Jit Execute)", "Rows Removed by Filter": 59674804, "Actual Rows": 311248}], "Actual Rows": 311248}, {"Node Type": "Index Scan", "Parent Relationship": "Inner", "Scan Direction": "Forward", "Index Name": "orders_pkey", "Relation Name": "orders", "Alias": "orders", "Startup Cost": 0.0, "Total Cost": 3.66, "Plan Rows": 1, "Plan Width": 24, "Actual Min Startup Time": 1397.352, "Actual Max Startup Time": 1397.352, "Actual Min Total Time": 1397.352, "Actual Max Total Time": 1397.352, "Index Cond": "(o_orderkey = lineitem.l_orderkey)", "Rows Removed by Index Recheck": 0, "Actual Rows": 311248}], "Actual Rows": 311248}], "Actual Rows": 2}], "Actual Rows": 2}, "Triggers": [], "Planner Runtime": 0.724, "Total Runtime": 2589.726, "Unique SQL Id": 2036526415}}, "(16, '113')": {"explain_plan": {"Plan": {"Node Type": "Sort", "Startup Cost": 3831920.66, "Total Cost": 3831920.67, "Plan Rows": 1, "Plan Width": 43, "Sort Key": ["lineitem.l_shipmode"], "Plans": [{"Node Type": "Aggregate", "Strategy": "Hashed", "Parent Relationship": "Outer", "Startup Cost": 3831920.64, "Total Cost": 3831920.65, "Plan Rows": 1, "Plan Width": 43, "Group By Key": ["lineitem.l_shipmode"], "Plans": [{"Node Type": "Nested Loop", "Parent Relationship": "Outer", "Join Type": "Inner", "Startup Cost": 0.0, "Total Cost": 3826765.42, "Plan Rows": 294584, "Plan Width": 27, "Inner Unique": true, "Plans": [{"Node Type": "Streaming(type: LOCAL GATHER dop: 1/16)", "Parent Relationship": "Outer", "Startup Cost": 0.0, "Total Cost": 2745997.9, "Plan Rows": 294584, "Plan Width": 19, "Plans": [{"Node Type": "Index Scan", "Parent Relationship": "Outer", "Scan Direction": "Forward", "Index Name": "idx_lineitem_orderkey", "Relation Name": "lineitem", "Alias": "lineitem", "Startup Cost": 0.0, "Total Cost": 2739640.18, "Plan Rows": 294584, "Plan Width": 19, "Filter": "((l_shipmode = ANY ('{RAIL,FOB}'::bpchar[])) AND (l_commitdate < l_receiptdate) AND (l_shipdate < l_commitdate) AND (l_receiptdate >= '1997-01-01 00:00:00'::timestamp(0) without time zone) AND (l_receiptdate < '1998-01-01 00:00:00'::timestamp without time zone)), (LLVM Optimized)"}]}, {"Node Type": "Index Scan", "Parent Relationship": "Inner", "Scan Direction": "Forward", "Index Name": "orders_pkey", "Relation Name": "orders", "Alias": "orders", "Startup Cost": 0.0, "Total Cost": 3.66, "Plan Rows": 1, "Plan Width": 24, "Index Cond": "(o_orderkey = lineitem.l_orderkey)"}]}]}]}, "Unique SQL Id": 2036526415, "Planner Runtime": 0}, "explain_analyze_plan": {"Plan": {"Node Type": "Sort", "Startup Cost": 3831920.66, "Total Cost": 3831920.67, "Plan Rows": 1, "Plan Width": 43, "Actual Min Startup Time": 3633.352, "Actual Max Startup Time": 3633.352, "Actual Min Total Time": 3633.352, "Actual Max Total Time": 3633.352, "Sort Key": ["lineitem.l_shipmode"], "Sort Method": "quicksort", "Sort Space Min Used": 25, "Sort Space Max Used": 25, "Sort Space Type": "Memory", "Plans": [{"Node Type": "Aggregate", "Strategy": "Hashed", "Parent Relationship": "Outer", "Startup Cost": 3831920.64, "Total Cost": 3831920.65, "Plan Rows": 1, "Plan Width": 43, "Actual Min Startup Time": 3633.314, "Actual Max Startup Time": 3633.314, "Actual Min Total Time": 3633.316, "Actual Max Total Time": 3633.316, "Group By Key": ["lineitem.l_shipmode"], "Plans": [{"Node Type": "Nested Loop", "Parent Relationship": "Outer", "Join Type": "Inner", "Startup Cost": 0.0, "Total Cost": 3826765.42, "Plan Rows": 294584, "Plan Width": 27, "Actual Min Startup Time": 553.866, "Actual Max Startup Time": 553.866, "Actual Min Total Time": 3328.179, "Actual Max Total Time": 3328.179, "Inner Unique": true, "Plans": [{"Node Type": "Streaming(type: LOCAL GATHER dop: 1/16)", "Parent Relationship": "Outer", "Startup Cost": 0.0, "Total Cost": 2745997.9, "Plan Rows": 294584, "Plan Width": 19, "Actual Min Startup Time": 553.813, "Actual Max Startup Time": 553.813, "Actual Min Total Time": 1689.732, "Actual Max Total Time": 1689.732, "Plans": [{"Node Type": "Index Scan", "Parent Relationship": "Outer", "Scan Direction": "Forward", "Index Name": "idx_lineitem_orderkey", "Relation Name": "lineitem", "Alias": "lineitem", "Startup Cost": 0.0, "Total Cost": 2739640.18, "Plan Rows": 294584, "Plan Width": 19, "Actual Min Startup Time": 498.14, "Actual Max Startup Time": 504.771, "Actual Min Total Time": 3113.984, "Actual Max Total Time": 3499.608, "Filter": "((l_shipmode = ANY ('{RAIL,FOB}'::bpchar[])) AND (l_commitdate < l_receiptdate) AND (l_shipdate < l_commitdate) AND (l_receiptdate >= '1997-01-01 00:00:00'::timestamp(0) without time zone) AND (l_receiptdate < '1998-01-01 00:00:00'::timestamp without time zone)), (LLVM Optimized, Jit Execute)", "Rows Removed by Filter": 59674804, "Actual Rows": 311248}], "Actual Rows": 311248}, {"Node Type": "Index Scan", "Parent Relationship": "Inner", "Scan Direction": "Forward", "Index Name": "orders_pkey", "Relation Name": "orders", "Alias": "orders", "Startup Cost": 0.0, "Total Cost": 3.66, "Plan Rows": 1, "Plan Width": 24, "Actual Min Startup Time": 1371.744, "Actual Max Startup Time": 1371.744, "Actual Min Total Time": 1371.744, "Actual Max Total Time": 1371.744, "Index Cond": "(o_orderkey = lineitem.l_orderkey)", "Rows Removed by Index Recheck": 0, "Actual Rows": 311248}], "Actual Rows": 311248}], "Actual Rows": 2}], "Actual Rows": 2}, "Triggers": [], "Planner Runtime": 0.867, "Total Runtime": 3646.641, "Unique SQL Id": 2036526415}}, "(16, '114')": {"explain_plan": {"Plan": {"Node Type": "Sort", "Startup Cost": 1689779.7, "Total Cost": 1689779.71, "Plan Rows": 1, "Plan Width": 43, "Sort Key": ["lineitem.l_shipmode"], "Plans": [{"Node Type": "Aggregate", "Strategy": "Hashed", "Parent Relationship": "Outer", "Startup Cost": 1689779.68, "Total Cost": 1689779.69, "Plan Rows": 1, "Plan Width": 43, "Group By Key": ["lineitem.l_shipmode"], "Plans": [{"Node Type": "Nested Loop", "Parent Relationship": "Outer", "Join Type": "Inner", "Startup Cost": 3.28, "Total Cost": 1684624.46, "Plan Rows": 294584, "Plan Width": 27, "Inner Unique": true, "Plans": [{"Node Type": "Streaming(type: LOCAL GATHER dop: 1/16)", "Parent Relationship": "Outer", "Startup Cost": 2.24, "Total Cost": 194167.3, "Plan Rows": 294584, "Plan Width": 19, "Plans": [{"Node Type": "Seq Scan", "Parent Relationship": "Outer", "Relation Name": "lineitem", "Alias": "lineitem", "Startup Cost": 2.24, "Total Cost": 187809.58, "Plan Rows": 294584, "Plan Width": 19, "Filter": "((l_shipmode = ANY ('{RAIL,FOB}'::bpchar[])) AND (l_commitdate < l_receiptdate) AND (l_shipdate < l_commitdate) AND (l_receiptdate >= '1997-01-01 00:00:00'::timestamp(0) without time zone) AND (l_receiptdate < '1998-01-01 00:00:00'::timestamp without time zone)), (LLVM Optimized)"}]}, {"Node Type": "Bitmap Heap Scan", "Parent Relationship": "Inner", "Relation Name": "orders", "Alias": "orders", "Startup Cost": 1.04, "Total Cost": 5.05, "Plan Rows": 1, "Plan Width": 24, "Recheck Cond": "(o_orderkey = lineitem.l_orderkey)", "Plans": [{"Node Type": "Bitmap Index Scan", "Parent Relationship": "Outer", "Index Name": "orders_pkey", "Startup Cost": 0.0, "Total Cost": 1.04, "Plan Rows": 1, "Plan Width": 0, "Index Cond": "(o_orderkey = lineitem.l_orderkey)"}]}]}]}]}, "Unique SQL Id": 2036526415, "Planner Runtime": 0}, "explain_analyze_plan": {"Plan": {"Node Type": "Sort", "Startup Cost": 1689779.7, "Total Cost": 1689779.71, "Plan Rows": 1, "Plan Width": 43, "Actual Min Startup Time": 2751.581, "Actual Max Startup Time": 2751.581, "Actual Min Total Time": 2751.581, "Actual Max Total Time": 2751.581, "Sort Key": ["lineitem.l_shipmode"], "Sort Method": "quicksort", "Sort Space Min Used": 25, "Sort Space Max Used": 25, "Sort Space Type": "Memory", "Plans": [{"Node Type": "Aggregate", "Strategy": "Hashed", "Parent Relationship": "Outer", "Startup Cost": 1689779.68, "Total Cost": 1689779.69, "Plan Rows": 1, "Plan Width": 43, "Actual Min Startup Time": 2751.545, "Actual Max Startup Time": 2751.545, "Actual Min Total Time": 2751.546, "Actual Max Total Time": 2751.546, "Group By Key": ["lineitem.l_shipmode"], "Plans": [{"Node Type": "Nested Loop", "Parent Relationship": "Outer", "Join Type": "Inner", "Startup Cost": 3.28, "Total Cost": 1684624.46, "Plan Rows": 294584, "Plan Width": 27, "Actual Min Startup Time": 50.031, "Actual Max Startup Time": 50.031, "Actual Min Total Time": 2414.554, "Actual Max Total Time": 2414.554, "Inner Unique": true, "Plans": [{"Node Type": "Streaming(type: LOCAL GATHER dop: 1/16)", "Parent Relationship": "Outer", "Startup Cost": 2.24, "Total Cost": 194167.3, "Plan Rows": 294584, "Plan Width": 19, "Actual Min Startup Time": 49.954, "Actual Max Startup Time": 49.954, "Actual Min Total Time": 243.553, "Actual Max Total Time": 243.553, "Plans": [{"Node Type": "Seq Scan", "Parent Relationship": "Outer", "Relation Name": "lineitem", "Alias": "lineitem", "Startup Cost": 2.24, "Total Cost": 187809.58, "Plan Rows": 294584, "Plan Width": 19, "Actual Min Startup Time": 0.049, "Actual Max Startup Time": 0.356, "Actual Min Total Time": 1765.676, "Actual Max Total Time": 2150.384, "Filter": "((l_shipmode = ANY ('{RAIL,FOB}'::bpchar[])) AND (l_commitdate < l_receiptdate) AND (l_shipdate < l_commitdate) AND (l_receiptdate >= '1997-01-01 00:00:00'::timestamp(0) without time zone) AND (l_receiptdate < '1998-01-01 00:00:00'::timestamp without time zone)), (LLVM Optimized, Jit Execute)", "Rows Removed by Filter": 59674804, "Actual Rows": 311248}], "Actual Rows": 311248}, {"Node Type": "Bitmap Heap Scan", "Parent Relationship": "Inner", "Relation Name": "orders", "Alias": "orders", "Startup Cost": 1.04, "Total Cost": 5.05, "Plan Rows": 1, "Plan Width": 24, "Actual Min Startup Time": 1740.603, "Actual Max Startup Time": 1740.603, "Actual Min Total Time": 1740.603, "Actual Max Total Time": 1740.603, "Recheck Cond": "(o_orderkey = lineitem.l_orderkey)", "Rows Removed by Index Recheck": 0, "Exact Heap Blocks": 311248, "Lossy Heap Blocks": 311248, "Plans": [{"Node Type": "Bitmap Index Scan", "Parent Relationship": "Outer", "Index Name": "orders_pkey", "Startup Cost": 0.0, "Total Cost": 1.04, "Plan Rows": 1, "Plan Width": 0, "Actual Min Startup Time": 1011.837, "Actual Max Startup Time": 1011.837, "Actual Min Total Time": 1011.837, "Actual Max Total Time": 1011.837, "Index Cond": "(o_orderkey = lineitem.l_orderkey)", "Actual Rows": 311248}], "Actual Rows": 311248}], "Actual Rows": 311248}], "Actual Rows": 2}], "Actual Rows": 2}, "Triggers": [], "Planner Runtime": 0.916, "Total Runtime": 2765.036, "Unique SQL Id": 2036526415}}, "(16, '115')": {"explain_plan": {"Plan": {"Node Type": "Sort", "Startup Cost": 5485674.71, "Total Cost": 5485674.71, "Plan Rows": 1, "Plan Width": 43, "Sort Key": ["lineitem.l_shipmode"], "Plans": [{"Node Type": "Aggregate", "Strategy": "Hashed", "Parent Relationship": "Outer", "Startup Cost": 5485674.69, "Total Cost": 5485674.7, "Plan Rows": 1, "Plan Width": 43, "Group By Key": ["lineitem.l_shipmode"], "Plans": [{"Node Type": "Nested Loop", "Parent Relationship": "Outer", "Join Type": "Inner", "Startup Cost": 1225110.1, "Total Cost": 5480519.47, "Plan Rows": 294584, "Plan Width": 27, "Inner Unique": true, "Plans": [{"Node Type": "Bitmap Heap Scan", "Parent Relationship": "Outer", "Relation Name": "lineitem", "Alias": "lineitem", "Startup Cost": 1225109.06, "Total Cost": 3990062.3, "Plan Rows": 294584, "Plan Width": 19, "Filter": "((l_shipmode = ANY ('{RAIL,FOB}'::bpchar[])) AND (l_commitdate < l_receiptdate) AND (l_shipdate < l_commitdate) AND (l_receiptdate >= '1997-01-01 00:00:00'::timestamp(0) without time zone) AND (l_receiptdate < '1998-01-01 00:00:00'::timestamp without time zone)), (LLVM Optimized)", "Plans": [{"Node Type": "Bitmap Index Scan", "Parent Relationship": "Outer", "Index Name": "idx_lineitem_orderkey", "Startup Cost": 0.0, "Total Cost": 1225035.42, "Plan Rows": 59987033, "Plan Width": 0}]}, {"Node Type": "Bitmap Heap Scan", "Parent Relationship": "Inner", "Relation Name": "orders", "Alias": "orders", "Startup Cost": 1.04, "Total Cost": 5.05, "Plan Rows": 1, "Plan Width": 24, "Recheck Cond": "(o_orderkey = lineitem.l_orderkey)", "Plans": [{"Node Type": "Bitmap Index Scan", "Parent Relationship": "Outer", "Index Name": "orders_pkey", "Startup Cost": 0.0, "Total Cost": 1.04, "Plan Rows": 1, "Plan Width": 0, "Index Cond": "(o_orderkey = lineitem.l_orderkey)"}]}]}]}]}, "Unique SQL Id": 2036526415, "Planner Runtime": 0}, "explain_analyze_plan": null}, "(16, '116')": {"explain_plan": {"Plan": {"Node Type": "Sort", "Startup Cost": 1280090.06, "Total Cost": 1280090.06, "Plan Rows": 1, "Plan Width": 43, "Sort Key": ["lineitem.l_shipmode"], "Plans": [{"Node Type": "Aggregate", "Strategy": "Hashed", "Parent Relationship": "Outer", "Startup Cost": 1280090.04, "Total Cost": 1280090.05, "Plan Rows": 1, "Plan Width": 43, "Group By Key": ["lineitem.l_shipmode"], "Plans": [{"Node Type": "Nested Loop", "Parent Relationship": "Outer", "Join Type": "Inner", "Startup Cost": 2.24, "Total Cost": 1274934.82, "Plan Rows": 294584, "Plan Width": 27, "Inner Unique": true, "Plans": [{"Node Type": "Streaming(type: LOCAL GATHER dop: 1/16)", "Parent Relationship": "Outer", "Startup Cost": 2.24, "Total Cost": 194167.3, "Plan Rows": 294584, "Plan Width": 19, "Plans": [{"Node Type": "Seq Scan", "Parent Relationship": "Outer", "Relation Name": "lineitem", "Alias": "lineitem", "Startup Cost": 2.24, "Total Cost": 187809.58, "Plan Rows": 294584, "Plan Width": 19, "Filter": "((l_shipmode = ANY ('{RAIL,FOB}'::bpchar[])) AND (l_commitdate < l_receiptdate) AND (l_shipdate < l_commitdate) AND (l_receiptdate >= '1997-01-01 00:00:00'::timestamp(0) without time zone) AND (l_receiptdate < '1998-01-01 00:00:00'::timestamp without time zone)), (LLVM Optimized)"}]}, {"Node Type": "Index Scan", "Parent Relationship": "Inner", "Scan Direction": "Forward", "Index Name": "orders_pkey", "Relation Name": "orders", "Alias": "orders", "Startup Cost": 0.0, "Total Cost": 3.66, "Plan Rows": 1, "Plan Width": 24, "Index Cond": "(o_orderkey = lineitem.l_orderkey)"}]}]}]}, "Unique SQL Id": 2036526415, "Planner Runtime": 0}, "explain_analyze_plan": {"Plan": {"Node Type": "Sort", "Startup Cost": 1280090.06, "Total Cost": 1280090.06, "Plan Rows": 1, "Plan Width": 43, "Actual Min Startup Time": 2576.474, "Actual Max Startup Time": 2576.474, "Actual Min Total Time": 2576.474, "Actual Max Total Time": 2576.474, "Sort Key": ["lineitem.l_shipmode"], "Sort Method": "quicksort", "Sort Space Min Used": 25, "Sort Space Max Used": 25, "Sort Space Type": "Memory", "Plans": [{"Node Type": "Aggregate", "Strategy": "Hashed", "Parent Relationship": "Outer", "Startup Cost": 1280090.04, "Total Cost": 1280090.05, "Plan Rows": 1, "Plan Width": 43, "Actual Min Startup Time": 2576.42, "Actual Max Startup Time": 2576.42, "Actual Min Total Time": 2576.421, "Actual Max Total Time": 2576.421, "Group By Key": ["lineitem.l_shipmode"], "Plans": [{"Node Type": "Nested Loop", "Parent Relationship": "Outer", "Join Type": "Inner", "Startup Cost": 2.24, "Total Cost": 1274934.82, "Plan Rows": 294584, "Plan Width": 27, "Actual Min Startup Time": 47.965, "Actual Max Startup Time": 47.965, "Actual Min Total Time": 2240.029, "Actual Max Total Time": 2240.029, "Inner Unique": true, "Plans": [{"Node Type": "Streaming(type: LOCAL GATHER dop: 1/16)", "Parent Relationship": "Outer", "Startup Cost": 2.24, "Total Cost": 194167.3, "Plan Rows": 294584, "Plan Width": 19, "Actual Min Startup Time": 47.905, "Actual Max Startup Time": 47.905, "Actual Min Total Time": 584.734, "Actual Max Total Time": 584.734, "Plans": [{"Node Type": "Seq Scan", "Parent Relationship": "Outer", "Relation Name": "lineitem", "Alias": "lineitem", "Startup Cost": 2.24, "Total Cost": 187809.58, "Plan Rows": 294584, "Plan Width": 19, "Actual Min Startup Time": 0.039, "Actual Max Startup Time": 0.362, "Actual Min Total Time": 1960.645, "Actual Max Total Time": 2395.535, "Filter": "((l_shipmode = ANY ('{RAIL,FOB}'::bpchar[])) AND (l_commitdate < l_receiptdate) AND (l_shipdate < l_commitdate) AND (l_receiptdate >= '1997-01-01 00:00:00'::timestamp(0) without time zone) AND (l_receiptdate < '1998-01-01 00:00:00'::timestamp without time zone)), (LLVM Optimized, Jit Execute)", "Rows Removed by Filter": 59674804, "Actual Rows": 311248}], "Actual Rows": 311248}, {"Node Type": "Index Scan", "Parent Relationship": "Inner", "Scan Direction": "Forward", "Index Name": "orders_pkey", "Relation Name": "orders", "Alias": "orders", "Startup Cost": 0.0, "Total Cost": 3.66, "Plan Rows": 1, "Plan Width": 24, "Actual Min Startup Time": 1397.352, "Actual Max Startup Time": 1397.352, "Actual Min Total Time": 1397.352, "Actual Max Total Time": 1397.352, "Index Cond": "(o_orderkey = lineitem.l_orderkey)", "Rows Removed by Index Recheck": 0, "Actual Rows": 311248}], "Actual Rows": 311248}], "Actual Rows": 2}], "Actual Rows": 2}, "Triggers": [], "Planner Runtime": 0.724, "Total Runtime": 2589.726, "Unique SQL Id": 2036526415}}, "(16, '117')": {"explain_plan": {"Plan": {"Node Type": "Sort", "Startup Cost": 3831920.66, "Total Cost": 3831920.67, "Plan Rows": 1, "Plan Width": 43, "Sort Key": ["lineitem.l_shipmode"], "Plans": [{"Node Type": "Aggregate", "Strategy": "Hashed", "Parent Relationship": "Outer", "Startup Cost": 3831920.64, "Total Cost": 3831920.65, "Plan Rows": 1, "Plan Width": 43, "Group By Key": ["lineitem.l_shipmode"], "Plans": [{"Node Type": "Nested Loop", "Parent Relationship": "Outer", "Join Type": "Inner", "Startup Cost": 0.0, "Total Cost": 3826765.42, "Plan Rows": 294584, "Plan Width": 27, "Inner Unique": true, "Plans": [{"Node Type": "Streaming(type: LOCAL GATHER dop: 1/16)", "Parent Relationship": "Outer", "Startup Cost": 0.0, "Total Cost": 2745997.9, "Plan Rows": 294584, "Plan Width": 19, "Plans": [{"Node Type": "Index Scan", "Parent Relationship": "Outer", "Scan Direction": "Forward", "Index Name": "idx_lineitem_orderkey", "Relation Name": "lineitem", "Alias": "lineitem", "Startup Cost": 0.0, "Total Cost": 2739640.18, "Plan Rows": 294584, "Plan Width": 19, "Filter": "((l_shipmode = ANY ('{RAIL,FOB}'::bpchar[])) AND (l_commitdate < l_receiptdate) AND (l_shipdate < l_commitdate) AND (l_receiptdate >= '1997-01-01 00:00:00'::timestamp(0) without time zone) AND (l_receiptdate < '1998-01-01 00:00:00'::timestamp without time zone)), (LLVM Optimized)"}]}, {"Node Type": "Index Scan", "Parent Relationship": "Inner", "Scan Direction": "Forward", "Index Name": "orders_pkey", "Relation Name": "orders", "Alias": "orders", "Startup Cost": 0.0, "Total Cost": 3.66, "Plan Rows": 1, "Plan Width": 24, "Index Cond": "(o_orderkey = lineitem.l_orderkey)"}]}]}]}, "Unique SQL Id": 2036526415, "Planner Runtime": 0}, "explain_analyze_plan": {"Plan": {"Node Type": "Sort", "Startup Cost": 3831920.66, "Total Cost": 3831920.67, "Plan Rows": 1, "Plan Width": 43, "Actual Min Startup Time": 3633.352, "Actual Max Startup Time": 3633.352, "Actual Min Total Time": 3633.352, "Actual Max Total Time": 3633.352, "Sort Key": ["lineitem.l_shipmode"], "Sort Method": "quicksort", "Sort Space Min Used": 25, "Sort Space Max Used": 25, "Sort Space Type": "Memory", "Plans": [{"Node Type": "Aggregate", "Strategy": "Hashed", "Parent Relationship": "Outer", "Startup Cost": 3831920.64, "Total Cost": 3831920.65, "Plan Rows": 1, "Plan Width": 43, "Actual Min Startup Time": 3633.314, "Actual Max Startup Time": 3633.314, "Actual Min Total Time": 3633.316, "Actual Max Total Time": 3633.316, "Group By Key": ["lineitem.l_shipmode"], "Plans": [{"Node Type": "Nested Loop", "Parent Relationship": "Outer", "Join Type": "Inner", "Startup Cost": 0.0, "Total Cost": 3826765.42, "Plan Rows": 294584, "Plan Width": 27, "Actual Min Startup Time": 553.866, "Actual Max Startup Time": 553.866, "Actual Min Total Time": 3328.179, "Actual Max Total Time": 3328.179, "Inner Unique": true, "Plans": [{"Node Type": "Streaming(type: LOCAL GATHER dop: 1/16)", "Parent Relationship": "Outer", "Startup Cost": 0.0, "Total Cost": 2745997.9, "Plan Rows": 294584, "Plan Width": 19, "Actual Min Startup Time": 553.813, "Actual Max Startup Time": 553.813, "Actual Min Total Time": 1689.732, "Actual Max Total Time": 1689.732, "Plans": [{"Node Type": "Index Scan", "Parent Relationship": "Outer", "Scan Direction": "Forward", "Index Name": "idx_lineitem_orderkey", "Relation Name": "lineitem", "Alias": "lineitem", "Startup Cost": 0.0, "Total Cost": 2739640.18, "Plan Rows": 294584, "Plan Width": 19, "Actual Min Startup Time": 498.14, "Actual Max Startup Time": 504.771, "Actual Min Total Time": 3113.984, "Actual Max Total Time": 3499.608, "Filter": "((l_shipmode = ANY ('{RAIL,FOB}'::bpchar[])) AND (l_commitdate < l_receiptdate) AND (l_shipdate < l_commitdate) AND (l_receiptdate >= '1997-01-01 00:00:00'::timestamp(0) without time zone) AND (l_receiptdate < '1998-01-01 00:00:00'::timestamp without time zone)), (LLVM Optimized, Jit Execute)", "Rows Removed by Filter": 59674804, "Actual Rows": 311248}], "Actual Rows": 311248}, {"Node Type": "Index Scan", "Parent Relationship": "Inner", "Scan Direction": "Forward", "Index Name": "orders_pkey", "Relation Name": "orders", "Alias": "orders", "Startup Cost": 0.0, "Total Cost": 3.66, "Plan Rows": 1, "Plan Width": 24, "Actual Min Startup Time": 1371.744, "Actual Max Startup Time": 1371.744, "Actual Min Total Time": 1371.744, "Actual Max Total Time": 1371.744, "Index Cond": "(o_orderkey = lineitem.l_orderkey)", "Rows Removed by Index Recheck": 0, "Actual Rows": 311248}], "Actual Rows": 311248}], "Actual Rows": 2}], "Actual Rows": 2}, "Triggers": [], "Planner Runtime": 0.867, "Total Runtime": 3646.641, "Unique SQL Id": 2036526415}}, "(16, '118')": {"explain_plan": {"Plan": {"Node Type": "Sort", "Startup Cost": 1689779.7, "Total Cost": 1689779.71, "Plan Rows": 1, "Plan Width": 43, "Sort Key": ["lineitem.l_shipmode"], "Plans": [{"Node Type": "Aggregate", "Strategy": "Hashed", "Parent Relationship": "Outer", "Startup Cost": 1689779.68, "Total Cost": 1689779.69, "Plan Rows": 1, "Plan Width": 43, "Group By Key": ["lineitem.l_shipmode"], "Plans": [{"Node Type": "Nested Loop", "Parent Relationship": "Outer", "Join Type": "Inner", "Startup Cost": 3.28, "Total Cost": 1684624.46, "Plan Rows": 294584, "Plan Width": 27, "Inner Unique": true, "Plans": [{"Node Type": "Streaming(type: LOCAL GATHER dop: 1/16)", "Parent Relationship": "Outer", "Startup Cost": 2.24, "Total Cost": 194167.3, "Plan Rows": 294584, "Plan Width": 19, "Plans": [{"Node Type": "Seq Scan", "Parent Relationship": "Outer", "Relation Name": "lineitem", "Alias": "lineitem", "Startup Cost": 2.24, "Total Cost": 187809.58, "Plan Rows": 294584, "Plan Width": 19, "Filter": "((l_shipmode = ANY ('{RAIL,FOB}'::bpchar[])) AND (l_commitdate < l_receiptdate) AND (l_shipdate < l_commitdate) AND (l_receiptdate >= '1997-01-01 00:00:00'::timestamp(0) without time zone) AND (l_receiptdate < '1998-01-01 00:00:00'::timestamp without time zone)), (LLVM Optimized)"}]}, {"Node Type": "Bitmap Heap Scan", "Parent Relationship": "Inner", "Relation Name": "orders", "Alias": "orders", "Startup Cost": 1.04, "Total Cost": 5.05, "Plan Rows": 1, "Plan Width": 24, "Recheck Cond": "(o_orderkey = lineitem.l_orderkey)", "Plans": [{"Node Type": "Bitmap Index Scan", "Parent Relationship": "Outer", "Index Name": "orders_pkey", "Startup Cost": 0.0, "Total Cost": 1.04, "Plan Rows": 1, "Plan Width": 0, "Index Cond": "(o_orderkey = lineitem.l_orderkey)"}]}]}]}]}, "Unique SQL Id": 2036526415, "Planner Runtime": 0}, "explain_analyze_plan": {"Plan": {"Node Type": "Sort", "Startup Cost": 1689779.7, "Total Cost": 1689779.71, "Plan Rows": 1, "Plan Width": 43, "Actual Min Startup Time": 2751.581, "Actual Max Startup Time": 2751.581, "Actual Min Total Time": 2751.581, "Actual Max Total Time": 2751.581, "Sort Key": ["lineitem.l_shipmode"], "Sort Method": "quicksort", "Sort Space Min Used": 25, "Sort Space Max Used": 25, "Sort Space Type": "Memory", "Plans": [{"Node Type": "Aggregate", "Strategy": "Hashed", "Parent Relationship": "Outer", "Startup Cost": 1689779.68, "Total Cost": 1689779.69, "Plan Rows": 1, "Plan Width": 43, "Actual Min Startup Time": 2751.545, "Actual Max Startup Time": 2751.545, "Actual Min Total Time": 2751.546, "Actual Max Total Time": 2751.546, "Group By Key": ["lineitem.l_shipmode"], "Plans": [{"Node Type": "Nested Loop", "Parent Relationship": "Outer", "Join Type": "Inner", "Startup Cost": 3.28, "Total Cost": 1684624.46, "Plan Rows": 294584, "Plan Width": 27, "Actual Min Startup Time": 50.031, "Actual Max Startup Time": 50.031, "Actual Min Total Time": 2414.554, "Actual Max Total Time": 2414.554, "Inner Unique": true, "Plans": [{"Node Type": "Streaming(type: LOCAL GATHER dop: 1/16)", "Parent Relationship": "Outer", "Startup Cost": 2.24, "Total Cost": 194167.3, "Plan Rows": 294584, "Plan Width": 19, "Actual Min Startup Time": 49.954, "Actual Max Startup Time": 49.954, "Actual Min Total Time": 243.553, "Actual Max Total Time": 243.553, "Plans": [{"Node Type": "Seq Scan", "Parent Relationship": "Outer", "Relation Name": "lineitem", "Alias": "lineitem", "Startup Cost": 2.24, "Total Cost": 187809.58, "Plan Rows": 294584, "Plan Width": 19, "Actual Min Startup Time": 0.049, "Actual Max Startup Time": 0.356, "Actual Min Total Time": 1765.676, "Actual Max Total Time": 2150.384, "Filter": "((l_shipmode = ANY ('{RAIL,FOB}'::bpchar[])) AND (l_commitdate < l_receiptdate) AND (l_shipdate < l_commitdate) AND (l_receiptdate >= '1997-01-01 00:00:00'::timestamp(0) without time zone) AND (l_receiptdate < '1998-01-01 00:00:00'::timestamp without time zone)), (LLVM Optimized, Jit Execute)", "Rows Removed by Filter": 59674804, "Actual Rows": 311248}], "Actual Rows": 311248}, {"Node Type": "Bitmap Heap Scan", "Parent Relationship": "Inner", "Relation Name": "orders", "Alias": "orders", "Startup Cost": 1.04, "Total Cost": 5.05, "Plan Rows": 1, "Plan Width": 24, "Actual Min Startup Time": 1740.603, "Actual Max Startup Time": 1740.603, "Actual Min Total Time": 1740.603, "Actual Max Total Time": 1740.603, "Recheck Cond": "(o_orderkey = lineitem.l_orderkey)", "Rows Removed by Index Recheck": 0, "Exact Heap Blocks": 311248, "Lossy Heap Blocks": 311248, "Plans": [{"Node Type": "Bitmap Index Scan", "Parent Relationship": "Outer", "Index Name": "orders_pkey", "Startup Cost": 0.0, "Total Cost": 1.04, "Plan Rows": 1, "Plan Width": 0, "Actual Min Startup Time": 1011.837, "Actual Max Startup Time": 1011.837, "Actual Min Total Time": 1011.837, "Actual Max Total Time": 1011.837, "Index Cond": "(o_orderkey = lineitem.l_orderkey)", "Actual Rows": 311248}], "Actual Rows": 311248}], "Actual Rows": 311248}], "Actual Rows": 2}], "Actual Rows": 2}, "Triggers": [], "Planner Runtime": 0.916, "Total Runtime": 2765.036, "Unique SQL Id": 2036526415}}, "(16, '119')": {"explain_plan": {"Plan": {"Node Type": "Sort", "Startup Cost": 5485674.71, "Total Cost": 5485674.71, "Plan Rows": 1, "Plan Width": 43, "Sort Key": ["lineitem.l_shipmode"], "Plans": [{"Node Type": "Aggregate", "Strategy": "Hashed", "Parent Relationship": "Outer", "Startup Cost": 5485674.69, "Total Cost": 5485674.7, "Plan Rows": 1, "Plan Width": 43, "Group By Key": ["lineitem.l_shipmode"], "Plans": [{"Node Type": "Nested Loop", "Parent Relationship": "Outer", "Join Type": "Inner", "Startup Cost": 1225110.1, "Total Cost": 5480519.47, "Plan Rows": 294584, "Plan Width": 27, "Inner Unique": true, "Plans": [{"Node Type": "Bitmap Heap Scan", "Parent Relationship": "Outer", "Relation Name": "lineitem", "Alias": "lineitem", "Startup Cost": 1225109.06, "Total Cost": 3990062.3, "Plan Rows": 294584, "Plan Width": 19, "Filter": "((l_shipmode = ANY ('{RAIL,FOB}'::bpchar[])) AND (l_commitdate < l_receiptdate) AND (l_shipdate < l_commitdate) AND (l_receiptdate >= '1997-01-01 00:00:00'::timestamp(0) without time zone) AND (l_receiptdate < '1998-01-01 00:00:00'::timestamp without time zone)), (LLVM Optimized)", "Plans": [{"Node Type": "Bitmap Index Scan", "Parent Relationship": "Outer", "Index Name": "idx_lineitem_orderkey", "Startup Cost": 0.0, "Total Cost": 1225035.42, "Plan Rows": 59987033, "Plan Width": 0}]}, {"Node Type": "Bitmap Heap Scan", "Parent Relationship": "Inner", "Relation Name": "orders", "Alias": "orders", "Startup Cost": 1.04, "Total Cost": 5.05, "Plan Rows": 1, "Plan Width": 24, "Recheck Cond": "(o_orderkey = lineitem.l_orderkey)", "Plans": [{"Node Type": "Bitmap Index Scan", "Parent Relationship": "Outer", "Index Name": "orders_pkey", "Startup Cost": 0.0, "Total Cost": 1.04, "Plan Rows": 1, "Plan Width": 0, "Index Cond": "(o_orderkey = lineitem.l_orderkey)"}]}]}]}]}, "Unique SQL Id": 2036526415, "Planner Runtime": 0}, "explain_analyze_plan": null}, "(16, '120')": {"explain_plan": {"Plan": {"Node Type": "Sort", "Startup Cost": 1280090.06, "Total Cost": 1280090.06, "Plan Rows": 1, "Plan Width": 43, "Sort Key": ["lineitem.l_shipmode"], "Plans": [{"Node Type": "Aggregate", "Strategy": "Hashed", "Parent Relationship": "Outer", "Startup Cost": 1280090.04, "Total Cost": 1280090.05, "Plan Rows": 1, "Plan Width": 43, "Group By Key": ["lineitem.l_shipmode"], "Plans": [{"Node Type": "Nested Loop", "Parent Relationship": "Outer", "Join Type": "Inner", "Startup Cost": 2.24, "Total Cost": 1274934.82, "Plan Rows": 294584, "Plan Width": 27, "Inner Unique": true, "Plans": [{"Node Type": "Streaming(type: LOCAL GATHER dop: 1/16)", "Parent Relationship": "Outer", "Startup Cost": 2.24, "Total Cost": 194167.3, "Plan Rows": 294584, "Plan Width": 19, "Plans": [{"Node Type": "Seq Scan", "Parent Relationship": "Outer", "Relation Name": "lineitem", "Alias": "lineitem", "Startup Cost": 2.24, "Total Cost": 187809.58, "Plan Rows": 294584, "Plan Width": 19, "Filter": "((l_shipmode = ANY ('{RAIL,FOB}'::bpchar[])) AND (l_commitdate < l_receiptdate) AND (l_shipdate < l_commitdate) AND (l_receiptdate >= '1997-01-01 00:00:00'::timestamp(0) without time zone) AND (l_receiptdate < '1998-01-01 00:00:00'::timestamp without time zone)), (LLVM Optimized)"}]}, {"Node Type": "Index Scan", "Parent Relationship": "Inner", "Scan Direction": "Forward", "Index Name": "orders_pkey", "Relation Name": "orders", "Alias": "orders", "Startup Cost": 0.0, "Total Cost": 3.66, "Plan Rows": 1, "Plan Width": 24, "Index Cond": "(o_orderkey = lineitem.l_orderkey)"}]}]}]}, "Unique SQL Id": 2036526415, "Planner Runtime": 0}, "explain_analyze_plan": {"Plan": {"Node Type": "Sort", "Startup Cost": 1280090.06, "Total Cost": 1280090.06, "Plan Rows": 1, "Plan Width": 43, "Actual Min Startup Time": 2576.474, "Actual Max Startup Time": 2576.474, "Actual Min Total Time": 2576.474, "Actual Max Total Time": 2576.474, "Sort Key": ["lineitem.l_shipmode"], "Sort Method": "quicksort", "Sort Space Min Used": 25, "Sort Space Max Used": 25, "Sort Space Type": "Memory", "Plans": [{"Node Type": "Aggregate", "Strategy": "Hashed", "Parent Relationship": "Outer", "Startup Cost": 1280090.04, "Total Cost": 1280090.05, "Plan Rows": 1, "Plan Width": 43, "Actual Min Startup Time": 2576.42, "Actual Max Startup Time": 2576.42, "Actual Min Total Time": 2576.421, "Actual Max Total Time": 2576.421, "Group By Key": ["lineitem.l_shipmode"], "Plans": [{"Node Type": "Nested Loop", "Parent Relationship": "Outer", "Join Type": "Inner", "Startup Cost": 2.24, "Total Cost": 1274934.82, "Plan Rows": 294584, "Plan Width": 27, "Actual Min Startup Time": 47.965, "Actual Max Startup Time": 47.965, "Actual Min Total Time": 2240.029, "Actual Max Total Time": 2240.029, "Inner Unique": true, "Plans": [{"Node Type": "Streaming(type: LOCAL GATHER dop: 1/16)", "Parent Relationship": "Outer", "Startup Cost": 2.24, "Total Cost": 194167.3, "Plan Rows": 294584, "Plan Width": 19, "Actual Min Startup Time": 47.905, "Actual Max Startup Time": 47.905, "Actual Min Total Time": 584.734, "Actual Max Total Time": 584.734, "Plans": [{"Node Type": "Seq Scan", "Parent Relationship": "Outer", "Relation Name": "lineitem", "Alias": "lineitem", "Startup Cost": 2.24, "Total Cost": 187809.58, "Plan Rows": 294584, "Plan Width": 19, "Actual Min Startup Time": 0.039, "Actual Max Startup Time": 0.362, "Actual Min Total Time": 1960.645, "Actual Max Total Time": 2395.535, "Filter": "((l_shipmode = ANY ('{RAIL,FOB}'::bpchar[])) AND (l_commitdate < l_receiptdate) AND (l_shipdate < l_commitdate) AND (l_receiptdate >= '1997-01-01 00:00:00'::timestamp(0) without time zone) AND (l_receiptdate < '1998-01-01 00:00:00'::timestamp without time zone)), (LLVM Optimized, Jit Execute)", "Rows Removed by Filter": 59674804, "Actual Rows": 311248}], "Actual Rows": 311248}, {"Node Type": "Index Scan", "Parent Relationship": "Inner", "Scan Direction": "Forward", "Index Name": "orders_pkey", "Relation Name": "orders", "Alias": "orders", "Startup Cost": 0.0, "Total Cost": 3.66, "Plan Rows": 1, "Plan Width": 24, "Actual Min Startup Time": 1397.352, "Actual Max Startup Time": 1397.352, "Actual Min Total Time": 1397.352, "Actual Max Total Time": 1397.352, "Index Cond": "(o_orderkey = lineitem.l_orderkey)", "Rows Removed by Index Recheck": 0, "Actual Rows": 311248}], "Actual Rows": 311248}], "Actual Rows": 2}], "Actual Rows": 2}, "Triggers": [], "Planner Runtime": 0.724, "Total Runtime": 2589.726, "Unique SQL Id": 2036526415}}, "(16, '121')": {"explain_plan": {"Plan": {"Node Type": "Sort", "Startup Cost": 3831920.66, "Total Cost": 3831920.67, "Plan Rows": 1, "Plan Width": 43, "Sort Key": ["lineitem.l_shipmode"], "Plans": [{"Node Type": "Aggregate", "Strategy": "Hashed", "Parent Relationship": "Outer", "Startup Cost": 3831920.64, "Total Cost": 3831920.65, "Plan Rows": 1, "Plan Width": 43, "Group By Key": ["lineitem.l_shipmode"], "Plans": [{"Node Type": "Nested Loop", "Parent Relationship": "Outer", "Join Type": "Inner", "Startup Cost": 0.0, "Total Cost": 3826765.42, "Plan Rows": 294584, "Plan Width": 27, "Inner Unique": true, "Plans": [{"Node Type": "Streaming(type: LOCAL GATHER dop: 1/16)", "Parent Relationship": "Outer", "Startup Cost": 0.0, "Total Cost": 2745997.9, "Plan Rows": 294584, "Plan Width": 19, "Plans": [{"Node Type": "Index Scan", "Parent Relationship": "Outer", "Scan Direction": "Forward", "Index Name": "idx_lineitem_orderkey", "Relation Name": "lineitem", "Alias": "lineitem", "Startup Cost": 0.0, "Total Cost": 2739640.18, "Plan Rows": 294584, "Plan Width": 19, "Filter": "((l_shipmode = ANY ('{RAIL,FOB}'::bpchar[])) AND (l_commitdate < l_receiptdate) AND (l_shipdate < l_commitdate) AND (l_receiptdate >= '1997-01-01 00:00:00'::timestamp(0) without time zone) AND (l_receiptdate < '1998-01-01 00:00:00'::timestamp without time zone)), (LLVM Optimized)"}]}, {"Node Type": "Index Scan", "Parent Relationship": "Inner", "Scan Direction": "Forward", "Index Name": "orders_pkey", "Relation Name": "orders", "Alias": "orders", "Startup Cost": 0.0, "Total Cost": 3.66, "Plan Rows": 1, "Plan Width": 24, "Index Cond": "(o_orderkey = lineitem.l_orderkey)"}]}]}]}, "Unique SQL Id": 2036526415, "Planner Runtime": 0}, "explain_analyze_plan": {"Plan": {"Node Type": "Sort", "Startup Cost": 3831920.66, "Total Cost": 3831920.67, "Plan Rows": 1, "Plan Width": 43, "Actual Min Startup Time": 3633.352, "Actual Max Startup Time": 3633.352, "Actual Min Total Time": 3633.352, "Actual Max Total Time": 3633.352, "Sort Key": ["lineitem.l_shipmode"], "Sort Method": "quicksort", "Sort Space Min Used": 25, "Sort Space Max Used": 25, "Sort Space Type": "Memory", "Plans": [{"Node Type": "Aggregate", "Strategy": "Hashed", "Parent Relationship": "Outer", "Startup Cost": 3831920.64, "Total Cost": 3831920.65, "Plan Rows": 1, "Plan Width": 43, "Actual Min Startup Time": 3633.314, "Actual Max Startup Time": 3633.314, "Actual Min Total Time": 3633.316, "Actual Max Total Time": 3633.316, "Group By Key": ["lineitem.l_shipmode"], "Plans": [{"Node Type": "Nested Loop", "Parent Relationship": "Outer", "Join Type": "Inner", "Startup Cost": 0.0, "Total Cost": 3826765.42, "Plan Rows": 294584, "Plan Width": 27, "Actual Min Startup Time": 553.866, "Actual Max Startup Time": 553.866, "Actual Min Total Time": 3328.179, "Actual Max Total Time": 3328.179, "Inner Unique": true, "Plans": [{"Node Type": "Streaming(type: LOCAL GATHER dop: 1/16)", "Parent Relationship": "Outer", "Startup Cost": 0.0, "Total Cost": 2745997.9, "Plan Rows": 294584, "Plan Width": 19, "Actual Min Startup Time": 553.813, "Actual Max Startup Time": 553.813, "Actual Min Total Time": 1689.732, "Actual Max Total Time": 1689.732, "Plans": [{"Node Type": "Index Scan", "Parent Relationship": "Outer", "Scan Direction": "Forward", "Index Name": "idx_lineitem_orderkey", "Relation Name": "lineitem", "Alias": "lineitem", "Startup Cost": 0.0, "Total Cost": 2739640.18, "Plan Rows": 294584, "Plan Width": 19, "Actual Min Startup Time": 498.14, "Actual Max Startup Time": 504.771, "Actual Min Total Time": 3113.984, "Actual Max Total Time": 3499.608, "Filter": "((l_shipmode = ANY ('{RAIL,FOB}'::bpchar[])) AND (l_commitdate < l_receiptdate) AND (l_shipdate < l_commitdate) AND (l_receiptdate >= '1997-01-01 00:00:00'::timestamp(0) without time zone) AND (l_receiptdate < '1998-01-01 00:00:00'::timestamp without time zone)), (LLVM Optimized, Jit Execute)", "Rows Removed by Filter": 59674804, "Actual Rows": 311248}], "Actual Rows": 311248}, {"Node Type": "Index Scan", "Parent Relationship": "Inner", "Scan Direction": "Forward", "Index Name": "orders_pkey", "Relation Name": "orders", "Alias": "orders", "Startup Cost": 0.0, "Total Cost": 3.66, "Plan Rows": 1, "Plan Width": 24, "Actual Min Startup Time": 1371.744, "Actual Max Startup Time": 1371.744, "Actual Min Total Time": 1371.744, "Actual Max Total Time": 1371.744, "Index Cond": "(o_orderkey = lineitem.l_orderkey)", "Rows Removed by Index Recheck": 0, "Actual Rows": 311248}], "Actual Rows": 311248}], "Actual Rows": 2}], "Actual Rows": 2}, "Triggers": [], "Planner Runtime": 0.867, "Total Runtime": 3646.641, "Unique SQL Id": 2036526415}}, "(16, '122')": {"explain_plan": {"Plan": {"Node Type": "Sort", "Startup Cost": 259220504.77, "Total Cost": 259220504.78, "Plan Rows": 1, "Plan Width": 43, "Sort Key": ["lineitem.l_shipmode"], "Plans": [{"Node Type": "Streaming(type: LOCAL GATHER dop: 1/16)", "Parent Relationship": "Outer", "Startup Cost": 259220504.76, "Total Cost": 259220504.76, "Plan Rows": 1, "Plan Width": 43, "Plans": [{"Node Type": "Aggregate", "Strategy": "Hashed", "Parent Relationship": "Outer", "Startup Cost": 259220504.76, "Total Cost": 259220504.76, "Plan Rows": 1, "Plan Width": 43, "Group By Key": ["lineitem.l_shipmode"], "Plans": [{"Node Type": "Streaming(type: LOCAL REDISTRIBUTE dop: 16/16)", "Parent Relationship": "Outer", "Startup Cost": 259220504.71, "Total Cost": 259220504.75, "Plan Rows": 1, "Plan Width": 43, "Plans": [{"Node Type": "Aggregate", "Strategy": "Hashed", "Parent Relationship": "Outer", "Startup Cost": 259220504.71, "Total Cost": 259220504.71, "Plan Rows": 1, "Plan Width": 43, "Group By Key": ["lineitem.l_shipmode"], "Plans": [{"Node Type": "Nested Loop", "Parent Relationship": "Outer", "Join Type": "Inner", "Startup Cost": 2.24, "Total Cost": 259220182.51, "Plan Rows": 294584, "Plan Width": 27, "Inner Unique": false, "Join Filter": "(orders.o_orderkey = lineitem.l_orderkey), (LLVM Optimized)", "Plans": [{"Node Type": "Streaming(type: LOCAL REDISTRIBUTE dop: 16/16)", "Parent Relationship": "Outer", "Startup Cost": 0.0, "Total Cost": 113484.83, "Plan Rows": 14999479, "Plan Width": 24, "Plans": [{"Node Type": "Seq Scan", "Parent Relationship": "Outer", "Relation Name": "orders", "Alias": "orders", "Startup Cost": 0.0, "Total Cost": 41650.86, "Plan Rows": 14999479, "Plan Width": 24}]}, {"Node Type": "Materialize", "Parent Relationship": "Inner", "Startup Cost": 2.24, "Total Cost": 204017.83, "Plan Rows": 294584, "Plan Width": 19, "Plans": [{"Node Type": "Streaming(type: LOCAL REDISTRIBUTE dop: 16/16)", "Parent Relationship": "Outer", "Startup Cost": 2.24, "Total Cost": 203925.77, "Plan Rows": 294584, "Plan Width": 19, "Plans": [{"Node Type": "Seq Scan", "Parent Relationship": "Outer", "Relation Name": "lineitem", "Alias": "lineitem", "Startup Cost": 2.24, "Total Cost": 187809.58, "Plan Rows": 294584, "Plan Width": 19, "Filter": "((l_shipmode = ANY ('{RAIL,FOB}'::bpchar[])) AND (l_commitdate < l_receiptdate) AND (l_shipdate < l_commitdate) AND (l_receiptdate >= '1997-01-01 00:00:00'::timestamp(0) without time zone) AND (l_receiptdate < '1998-01-01 00:00:00'::timestamp without time zone)), (LLVM Optimized)"}]}]}]}]}]}]}]}]}, "Unique SQL Id": 2036526415, "Planner Runtime": 0}, "explain_analyze_plan": null}, "(16, '123')": {"explain_plan": {"Plan": {"Node Type": "Sort", "Startup Cost": 2066751200726.99, "Total Cost": 2066751200726.99, "Plan Rows": 1, "Plan Width": 43, "Sort Key": ["lineitem.l_shipmode"], "Plans": [{"Node Type": "Aggregate", "Strategy": "Hashed", "Parent Relationship": "Outer", "Startup Cost": 2066751200726.97, "Total Cost": 2066751200726.98, "Plan Rows": 1, "Plan Width": 43, "Group By Key": ["lineitem.l_shipmode"], "Plans": [{"Node Type": "Nested Loop", "Parent Relationship": "Outer", "Join Type": "Inner", "Startup Cost": 20000000000.0, "Total Cost": 2066751195571.75, "Plan Rows": 294584, "Plan Width": 27, "Inner Unique": false, "Join Filter": "(orders.o_orderkey = lineitem.l_orderkey), (LLVM Optimized)", "Plans": [{"Node Type": "Index Scan", "Parent Relationship": "Outer", "Scan Direction": "Forward", "Index Name": "orders_pkey", "Relation Name": "orders", "Alias": "orders", "Startup Cost": 10000000000.0, "Total Cost": 1000073097843.5, "Plan Rows": 14999479, "Plan Width": 24}, {"Node Type": "Materialize", "Parent Relationship": "Inner", "Startup Cost": 10000000000.0, "Total Cost": 1000399000638.67, "Plan Rows": 294584, "Plan Width": 19, "Plans": [{"Node Type": "Index Scan", "Parent Relationship": "Outer", "Scan Direction": "Forward", "Index Name": "idx_lineitem_orderkey", "Relation Name": "lineitem", "Alias": "lineitem", "Startup Cost": 10000000000.0, "Total Cost": 1000398999165.75, "Plan Rows": 294584, "Plan Width": 19, "Filter": "((l_shipmode = ANY ('{RAIL,FOB}'::bpchar[])) AND (l_commitdate < l_receiptdate) AND (l_shipdate < l_commitdate) AND (l_receiptdate >= '1997-01-01 00:00:00'::timestamp(0) without time zone) AND (l_receiptdate < '1998-01-01 00:00:00'::timestamp without time zone)), (LLVM Optimized)"}]}]}]}]}, "Unique SQL Id": 2036526415, "Planner Runtime": 0}, "explain_analyze_plan": null}, "(16, '124')": {"explain_plan": {"Plan": {"Node Type": "Sort", "Startup Cost": 1280090.06, "Total Cost": 1280090.06, "Plan Rows": 1, "Plan Width": 43, "Sort Key": ["lineitem.l_shipmode"], "Plans": [{"Node Type": "Aggregate", "Strategy": "Hashed", "Parent Relationship": "Outer", "Startup Cost": 1280090.04, "Total Cost": 1280090.05, "Plan Rows": 1, "Plan Width": 43, "Group By Key": ["lineitem.l_shipmode"], "Plans": [{"Node Type": "Nested Loop", "Parent Relationship": "Outer", "Join Type": "Inner", "Startup Cost": 2.24, "Total Cost": 1274934.82, "Plan Rows": 294584, "Plan Width": 27, "Inner Unique": true, "Plans": [{"Node Type": "Streaming(type: LOCAL GATHER dop: 1/16)", "Parent Relationship": "Outer", "Startup Cost": 2.24, "Total Cost": 194167.3, "Plan Rows": 294584, "Plan Width": 19, "Plans": [{"Node Type": "Seq Scan", "Parent Relationship": "Outer", "Relation Name": "lineitem", "Alias": "lineitem", "Startup Cost": 2.24, "Total Cost": 187809.58, "Plan Rows": 294584, "Plan Width": 19, "Filter": "((l_shipmode = ANY ('{RAIL,FOB}'::bpchar[])) AND (l_commitdate < l_receiptdate) AND (l_shipdate < l_commitdate) AND (l_receiptdate >= '1997-01-01 00:00:00'::timestamp(0) without time zone) AND (l_receiptdate < '1998-01-01 00:00:00'::timestamp without time zone)), (LLVM Optimized)"}]}, {"Node Type": "Index Scan", "Parent Relationship": "Inner", "Scan Direction": "Forward", "Index Name": "orders_pkey", "Relation Name": "orders", "Alias": "orders", "Startup Cost": 0.0, "Total Cost": 3.66, "Plan Rows": 1, "Plan Width": 24, "Index Cond": "(o_orderkey = lineitem.l_orderkey)"}]}]}]}, "Unique SQL Id": 2036526415, "Planner Runtime": 0}, "explain_analyze_plan": {"Plan": {"Node Type": "Sort", "Startup Cost": 1280090.06, "Total Cost": 1280090.06, "Plan Rows": 1, "Plan Width": 43, "Actual Min Startup Time": 2576.474, "Actual Max Startup Time": 2576.474, "Actual Min Total Time": 2576.474, "Actual Max Total Time": 2576.474, "Sort Key": ["lineitem.l_shipmode"], "Sort Method": "quicksort", "Sort Space Min Used": 25, "Sort Space Max Used": 25, "Sort Space Type": "Memory", "Plans": [{"Node Type": "Aggregate", "Strategy": "Hashed", "Parent Relationship": "Outer", "Startup Cost": 1280090.04, "Total Cost": 1280090.05, "Plan Rows": 1, "Plan Width": 43, "Actual Min Startup Time": 2576.42, "Actual Max Startup Time": 2576.42, "Actual Min Total Time": 2576.421, "Actual Max Total Time": 2576.421, "Group By Key": ["lineitem.l_shipmode"], "Plans": [{"Node Type": "Nested Loop", "Parent Relationship": "Outer", "Join Type": "Inner", "Startup Cost": 2.24, "Total Cost": 1274934.82, "Plan Rows": 294584, "Plan Width": 27, "Actual Min Startup Time": 47.965, "Actual Max Startup Time": 47.965, "Actual Min Total Time": 2240.029, "Actual Max Total Time": 2240.029, "Inner Unique": true, "Plans": [{"Node Type": "Streaming(type: LOCAL GATHER dop: 1/16)", "Parent Relationship": "Outer", "Startup Cost": 2.24, "Total Cost": 194167.3, "Plan Rows": 294584, "Plan Width": 19, "Actual Min Startup Time": 47.905, "Actual Max Startup Time": 47.905, "Actual Min Total Time": 584.734, "Actual Max Total Time": 584.734, "Plans": [{"Node Type": "Seq Scan", "Parent Relationship": "Outer", "Relation Name": "lineitem", "Alias": "lineitem", "Startup Cost": 2.24, "Total Cost": 187809.58, "Plan Rows": 294584, "Plan Width": 19, "Actual Min Startup Time": 0.039, "Actual Max Startup Time": 0.362, "Actual Min Total Time": 1960.645, "Actual Max Total Time": 2395.535, "Filter": "((l_shipmode = ANY ('{RAIL,FOB}'::bpchar[])) AND (l_commitdate < l_receiptdate) AND (l_shipdate < l_commitdate) AND (l_receiptdate >= '1997-01-01 00:00:00'::timestamp(0) without time zone) AND (l_receiptdate < '1998-01-01 00:00:00'::timestamp without time zone)), (LLVM Optimized, Jit Execute)", "Rows Removed by Filter": 59674804, "Actual Rows": 311248}], "Actual Rows": 311248}, {"Node Type": "Index Scan", "Parent Relationship": "Inner", "Scan Direction": "Forward", "Index Name": "orders_pkey", "Relation Name": "orders", "Alias": "orders", "Startup Cost": 0.0, "Total Cost": 3.66, "Plan Rows": 1, "Plan Width": 24, "Actual Min Startup Time": 1397.352, "Actual Max Startup Time": 1397.352, "Actual Min Total Time": 1397.352, "Actual Max Total Time": 1397.352, "Index Cond": "(o_orderkey = lineitem.l_orderkey)", "Rows Removed by Index Recheck": 0, "Actual Rows": 311248}], "Actual Rows": 311248}], "Actual Rows": 2}], "Actual Rows": 2}, "Triggers": [], "Planner Runtime": 0.724, "Total Runtime": 2589.726, "Unique SQL Id": 2036526415}}, "(16, '125')": {"explain_plan": {"Plan": {"Node Type": "Sort", "Startup Cost": 3831920.66, "Total Cost": 3831920.67, "Plan Rows": 1, "Plan Width": 43, "Sort Key": ["lineitem.l_shipmode"], "Plans": [{"Node Type": "Aggregate", "Strategy": "Hashed", "Parent Relationship": "Outer", "Startup Cost": 3831920.64, "Total Cost": 3831920.65, "Plan Rows": 1, "Plan Width": 43, "Group By Key": ["lineitem.l_shipmode"], "Plans": [{"Node Type": "Nested Loop", "Parent Relationship": "Outer", "Join Type": "Inner", "Startup Cost": 0.0, "Total Cost": 3826765.42, "Plan Rows": 294584, "Plan Width": 27, "Inner Unique": true, "Plans": [{"Node Type": "Streaming(type: LOCAL GATHER dop: 1/16)", "Parent Relationship": "Outer", "Startup Cost": 0.0, "Total Cost": 2745997.9, "Plan Rows": 294584, "Plan Width": 19, "Plans": [{"Node Type": "Index Scan", "Parent Relationship": "Outer", "Scan Direction": "Forward", "Index Name": "idx_lineitem_orderkey", "Relation Name": "lineitem", "Alias": "lineitem", "Startup Cost": 0.0, "Total Cost": 2739640.18, "Plan Rows": 294584, "Plan Width": 19, "Filter": "((l_shipmode = ANY ('{RAIL,FOB}'::bpchar[])) AND (l_commitdate < l_receiptdate) AND (l_shipdate < l_commitdate) AND (l_receiptdate >= '1997-01-01 00:00:00'::timestamp(0) without time zone) AND (l_receiptdate < '1998-01-01 00:00:00'::timestamp without time zone)), (LLVM Optimized)"}]}, {"Node Type": "Index Scan", "Parent Relationship": "Inner", "Scan Direction": "Forward", "Index Name": "orders_pkey", "Relation Name": "orders", "Alias": "orders", "Startup Cost": 0.0, "Total Cost": 3.66, "Plan Rows": 1, "Plan Width": 24, "Index Cond": "(o_orderkey = lineitem.l_orderkey)"}]}]}]}, "Unique SQL Id": 2036526415, "Planner Runtime": 0}, "explain_analyze_plan": {"Plan": {"Node Type": "Sort", "Startup Cost": 3831920.66, "Total Cost": 3831920.67, "Plan Rows": 1, "Plan Width": 43, "Actual Min Startup Time": 3633.352, "Actual Max Startup Time": 3633.352, "Actual Min Total Time": 3633.352, "Actual Max Total Time": 3633.352, "Sort Key": ["lineitem.l_shipmode"], "Sort Method": "quicksort", "Sort Space Min Used": 25, "Sort Space Max Used": 25, "Sort Space Type": "Memory", "Plans": [{"Node Type": "Aggregate", "Strategy": "Hashed", "Parent Relationship": "Outer", "Startup Cost": 3831920.64, "Total Cost": 3831920.65, "Plan Rows": 1, "Plan Width": 43, "Actual Min Startup Time": 3633.314, "Actual Max Startup Time": 3633.314, "Actual Min Total Time": 3633.316, "Actual Max Total Time": 3633.316, "Group By Key": ["lineitem.l_shipmode"], "Plans": [{"Node Type": "Nested Loop", "Parent Relationship": "Outer", "Join Type": "Inner", "Startup Cost": 0.0, "Total Cost": 3826765.42, "Plan Rows": 294584, "Plan Width": 27, "Actual Min Startup Time": 553.866, "Actual Max Startup Time": 553.866, "Actual Min Total Time": 3328.179, "Actual Max Total Time": 3328.179, "Inner Unique": true, "Plans": [{"Node Type": "Streaming(type: LOCAL GATHER dop: 1/16)", "Parent Relationship": "Outer", "Startup Cost": 0.0, "Total Cost": 2745997.9, "Plan Rows": 294584, "Plan Width": 19, "Actual Min Startup Time": 553.813, "Actual Max Startup Time": 553.813, "Actual Min Total Time": 1689.732, "Actual Max Total Time": 1689.732, "Plans": [{"Node Type": "Index Scan", "Parent Relationship": "Outer", "Scan Direction": "Forward", "Index Name": "idx_lineitem_orderkey", "Relation Name": "lineitem", "Alias": "lineitem", "Startup Cost": 0.0, "Total Cost": 2739640.18, "Plan Rows": 294584, "Plan Width": 19, "Actual Min Startup Time": 498.14, "Actual Max Startup Time": 504.771, "Actual Min Total Time": 3113.984, "Actual Max Total Time": 3499.608, "Filter": "((l_shipmode = ANY ('{RAIL,FOB}'::bpchar[])) AND (l_commitdate < l_receiptdate) AND (l_shipdate < l_commitdate) AND (l_receiptdate >= '1997-01-01 00:00:00'::timestamp(0) without time zone) AND (l_receiptdate < '1998-01-01 00:00:00'::timestamp without time zone)), (LLVM Optimized, Jit Execute)", "Rows Removed by Filter": 59674804, "Actual Rows": 311248}], "Actual Rows": 311248}, {"Node Type": "Index Scan", "Parent Relationship": "Inner", "Scan Direction": "Forward", "Index Name": "orders_pkey", "Relation Name": "orders", "Alias": "orders", "Startup Cost": 0.0, "Total Cost": 3.66, "Plan Rows": 1, "Plan Width": 24, "Actual Min Startup Time": 1371.744, "Actual Max Startup Time": 1371.744, "Actual Min Total Time": 1371.744, "Actual Max Total Time": 1371.744, "Index Cond": "(o_orderkey = lineitem.l_orderkey)", "Rows Removed by Index Recheck": 0, "Actual Rows": 311248}], "Actual Rows": 311248}], "Actual Rows": 2}], "Actual Rows": 2}, "Triggers": [], "Planner Runtime": 0.867, "Total Runtime": 3646.641, "Unique SQL Id": 2036526415}}, "(16, '126')": {"explain_plan": {"Plan": {"Node Type": "Sort", "Startup Cost": 259220504.77, "Total Cost": 259220504.78, "Plan Rows": 1, "Plan Width": 43, "Sort Key": ["lineitem.l_shipmode"], "Plans": [{"Node Type": "Streaming(type: LOCAL GATHER dop: 1/16)", "Parent Relationship": "Outer", "Startup Cost": 259220504.76, "Total Cost": 259220504.76, "Plan Rows": 1, "Plan Width": 43, "Plans": [{"Node Type": "Aggregate", "Strategy": "Hashed", "Parent Relationship": "Outer", "Startup Cost": 259220504.76, "Total Cost": 259220504.76, "Plan Rows": 1, "Plan Width": 43, "Group By Key": ["lineitem.l_shipmode"], "Plans": [{"Node Type": "Streaming(type: LOCAL REDISTRIBUTE dop: 16/16)", "Parent Relationship": "Outer", "Startup Cost": 259220504.71, "Total Cost": 259220504.75, "Plan Rows": 1, "Plan Width": 43, "Plans": [{"Node Type": "Aggregate", "Strategy": "Hashed", "Parent Relationship": "Outer", "Startup Cost": 259220504.71, "Total Cost": 259220504.71, "Plan Rows": 1, "Plan Width": 43, "Group By Key": ["lineitem.l_shipmode"], "Plans": [{"Node Type": "Nested Loop", "Parent Relationship": "Outer", "Join Type": "Inner", "Startup Cost": 2.24, "Total Cost": 259220182.51, "Plan Rows": 294584, "Plan Width": 27, "Inner Unique": false, "Join Filter": "(orders.o_orderkey = lineitem.l_orderkey), (LLVM Optimized)", "Plans": [{"Node Type": "Streaming(type: LOCAL REDISTRIBUTE dop: 16/16)", "Parent Relationship": "Outer", "Startup Cost": 0.0, "Total Cost": 113484.83, "Plan Rows": 14999479, "Plan Width": 24, "Plans": [{"Node Type": "Seq Scan", "Parent Relationship": "Outer", "Relation Name": "orders", "Alias": "orders", "Startup Cost": 0.0, "Total Cost": 41650.86, "Plan Rows": 14999479, "Plan Width": 24}]}, {"Node Type": "Materialize", "Parent Relationship": "Inner", "Startup Cost": 2.24, "Total Cost": 204017.83, "Plan Rows": 294584, "Plan Width": 19, "Plans": [{"Node Type": "Streaming(type: LOCAL REDISTRIBUTE dop: 16/16)", "Parent Relationship": "Outer", "Startup Cost": 2.24, "Total Cost": 203925.77, "Plan Rows": 294584, "Plan Width": 19, "Plans": [{"Node Type": "Seq Scan", "Parent Relationship": "Outer", "Relation Name": "lineitem", "Alias": "lineitem", "Startup Cost": 2.24, "Total Cost": 187809.58, "Plan Rows": 294584, "Plan Width": 19, "Filter": "((l_shipmode = ANY ('{RAIL,FOB}'::bpchar[])) AND (l_commitdate < l_receiptdate) AND (l_shipdate < l_commitdate) AND (l_receiptdate >= '1997-01-01 00:00:00'::timestamp(0) without time zone) AND (l_receiptdate < '1998-01-01 00:00:00'::timestamp without time zone)), (LLVM Optimized)"}]}]}]}]}]}]}]}]}, "Unique SQL Id": 2036526415, "Planner Runtime": 0}, "explain_analyze_plan": null}, "(16, '127')": {"explain_plan": {"Plan": {"Node Type": "Sort", "Startup Cost": 2066751200726.99, "Total Cost": 2066751200726.99, "Plan Rows": 1, "Plan Width": 43, "Sort Key": ["lineitem.l_shipmode"], "Plans": [{"Node Type": "Aggregate", "Strategy": "Hashed", "Parent Relationship": "Outer", "Startup Cost": 2066751200726.97, "Total Cost": 2066751200726.98, "Plan Rows": 1, "Plan Width": 43, "Group By Key": ["lineitem.l_shipmode"], "Plans": [{"Node Type": "Nested Loop", "Parent Relationship": "Outer", "Join Type": "Inner", "Startup Cost": 20000000000.0, "Total Cost": 2066751195571.75, "Plan Rows": 294584, "Plan Width": 27, "Inner Unique": false, "Join Filter": "(orders.o_orderkey = lineitem.l_orderkey), (LLVM Optimized)", "Plans": [{"Node Type": "Index Scan", "Parent Relationship": "Outer", "Scan Direction": "Forward", "Index Name": "orders_pkey", "Relation Name": "orders", "Alias": "orders", "Startup Cost": 10000000000.0, "Total Cost": 1000073097843.5, "Plan Rows": 14999479, "Plan Width": 24}, {"Node Type": "Materialize", "Parent Relationship": "Inner", "Startup Cost": 10000000000.0, "Total Cost": 1000399000638.67, "Plan Rows": 294584, "Plan Width": 19, "Plans": [{"Node Type": "Index Scan", "Parent Relationship": "Outer", "Scan Direction": "Forward", "Index Name": "idx_lineitem_orderkey", "Relation Name": "lineitem", "Alias": "lineitem", "Startup Cost": 10000000000.0, "Total Cost": 1000398999165.75, "Plan Rows": 294584, "Plan Width": 19, "Filter": "((l_shipmode = ANY ('{RAIL,FOB}'::bpchar[])) AND (l_commitdate < l_receiptdate) AND (l_shipdate < l_commitdate) AND (l_receiptdate >= '1997-01-01 00:00:00'::timestamp(0) without time zone) AND (l_receiptdate < '1998-01-01 00:00:00'::timestamp without time zone)), (LLVM Optimized)"}]}]}]}]}, "Unique SQL Id": 2036526415, "Planner Runtime": 0}, "explain_analyze_plan": null}, "(64, '0')": {"explain_plan": {"Plan": {"Node Type": "Sort", "Startup Cost": 254993.48, "Total Cost": 254993.48, "Plan Rows": 1, "Plan Width": 43, "Sort Key": ["lineitem.l_shipmode"], "Plans": [{"Node Type": "Streaming(type: LOCAL GATHER dop: 1/64)", "Parent Relationship": "Outer", "Startup Cost": 254993.46, "Total Cost": 254993.47, "Plan Rows": 1, "Plan Width": 43, "Plans": [{"Node Type": "Aggregate", "Strategy": "Hashed", "Parent Relationship": "Outer", "Startup Cost": 254993.46, "Total Cost": 254993.46, "Plan Rows": 1, "Plan Width": 43, "Group By Key": ["lineitem.l_shipmode"], "Plans": [{"Node Type": "Streaming(type: LOCAL REDISTRIBUTE dop: 64/64)", "Parent Relationship": "Outer", "Startup Cost": 254993.44, "Total Cost": 254993.46, "Plan Rows": 1, "Plan Width": 43, "Plans": [{"Node Type": "Aggregate", "Strategy": "Hashed", "Parent Relationship": "Outer", "Startup Cost": 254993.44, "Total Cost": 254993.44, "Plan Rows": 1, "Plan Width": 43, "Group By Key": ["lineitem.l_shipmode"], "Plans": [{"Node Type": "Hash Join", "Parent Relationship": "Outer", "Join Type": "Inner", "Startup Cost": 72593.55, "Total Cost": 254912.89, "Plan Rows": 294584, "Plan Width": 27, "Inner Unique": true, "Hash Cond": "(lineitem.l_orderkey = orders.o_orderkey), (LLVM Optimized)", "Plans": [{"Node Type": "Streaming(type: BROADCAST dop: 64/64)", "Parent Relationship": "Outer", "Startup Cost": 1.25, "Total Cost": 181169.87, "Plan Rows": 18853376, "Plan Width": 19, "Plans": [{"Node Type": "Seq Scan", "Parent Relationship": "Outer", "Relation Name": "lineitem", "Alias": "lineitem", "Startup Cost": 1.25, "Total Cost": 106202.39, "Plan Rows": 294584, "Plan Width": 19, "Filter": "((l_shipmode = ANY ('{RAIL,FOB}'::bpchar[])) AND (l_commitdate < l_receiptdate) AND (l_shipdate < l_commitdate) AND (l_receiptdate >= '1997-01-01 00:00:00'::timestamp(0) without time zone) AND (l_receiptdate < '1998-01-01 00:00:00'::timestamp without time zone)), (LLVM Optimized)"}]}, {"Node Type": "Hash", "Parent Relationship": "Inner", "Startup Cost": 69662.72, "Total Cost": 69662.72, "Plan Rows": 14999479, "Plan Width": 24, "Plans": [{"Node Type": "Seq Scan", "Parent Relationship": "Outer", "Relation Name": "orders", "Alias": "orders", "Startup Cost": 0.0, "Total Cost": 69662.72, "Plan Rows": 14999479, "Plan Width": 24}]}]}]}]}]}]}]}, "Unique SQL Id": 2036526415, "Planner Runtime": 1}, "explain_analyze_plan": {"Plan": {"Node Type": "Sort", "Startup Cost": 254993.48, "Total Cost": 254993.48, "Plan Rows": 1, "Plan Width": 43, "Actual Min Startup Time": 1935.075, "Actual Max Startup Time": 1935.075, "Actual Min Total Time": 1935.075, "Actual Max Total Time": 1935.075, "Sort Key": ["lineitem.l_shipmode"], "Sort Method": "quicksort", "Sort Space Min Used": 25, "Sort Space Max Used": 25, "Sort Space Type": "Memory", "Plans": [{"Node Type": "Streaming(type: LOCAL GATHER dop: 1/64)", "Parent Relationship": "Outer", "Startup Cost": 254993.46, "Total Cost": 254993.47, "Plan Rows": 1, "Plan Width": 43, "Actual Min Startup Time": 1934.423, "Actual Max Startup Time": 1934.423, "Actual Min Total Time": 1935.017, "Actual Max Total Time": 1935.017, "Plans": [{"Node Type": "Aggregate", "Strategy": "Hashed", "Parent Relationship": "Outer", "Startup Cost": 254993.46, "Total Cost": 254993.46, "Plan Rows": 1, "Plan Width": 43, "Actual Min Startup Time": 1418.405, "Actual Max Startup Time": 1631.823, "Actual Min Total Time": 1418.405, "Actual Max Total Time": 1631.823, "Group By Key": ["lineitem.l_shipmode"], "Plans": [{"Node Type": "Streaming(type: LOCAL REDISTRIBUTE dop: 64/64)", "Parent Relationship": "Outer", "Startup Cost": 254993.44, "Total Cost": 254993.46, "Plan Rows": 1, "Plan Width": 43, "Actual Min Startup Time": 1418.4, "Actual Max Startup Time": 1631.817, "Actual Min Total Time": 1418.4, "Actual Max Total Time": 1631.817, "Plans": [{"Node Type": "Aggregate", "Strategy": "Hashed", "Parent Relationship": "Outer", "Startup Cost": 254993.44, "Total Cost": 254993.44, "Plan Rows": 1, "Plan Width": 43, "Actual Min Startup Time": 1257.951, "Actual Max Startup Time": 1629.84, "Actual Min Total Time": 1257.953, "Actual Max Total Time": 1629.841, "Group By Key": ["lineitem.l_shipmode"], "Plans": [{"Node Type": "Hash Join", "Parent Relationship": "Outer", "Join Type": "Inner", "Startup Cost": 72593.55, "Total Cost": 254912.89, "Plan Rows": 294584, "Plan Width": 27, "Actual Min Startup Time": 159.028, "Actual Max Startup Time": 220.727, "Actual Min Total Time": 1247.646, "Actual Max Total Time": 1619.563, "Inner Unique": true, "Hash Cond": "(lineitem.l_orderkey = orders.o_orderkey), (LLVM Optimized, Jit Execute)", "Plans": [{"Node Type": "Streaming(type: BROADCAST dop: 64/64)", "Parent Relationship": "Outer", "Startup Cost": 1.25, "Total Cost": 181169.87, "Plan Rows": 18853376, "Plan Width": 19, "Actual Min Startup Time": 0.125, "Actual Max Startup Time": 5.992, "Actual Min Total Time": 890.773, "Actual Max Total Time": 1326.018, "Plans": [{"Node Type": "Seq Scan", "Parent Relationship": "Outer", "Relation Name": "lineitem", "Alias": "lineitem", "Startup Cost": 1.25, "Total Cost": 106202.39, "Plan Rows": 294584, "Plan Width": 19, "Actual Min Startup Time": 0.038, "Actual Max Startup Time": 0.562, "Actual Min Total Time": 416.333, "Actual Max Total Time": 639.464, "Filter": "((l_shipmode = ANY ('{RAIL,FOB}'::bpchar[])) AND (l_commitdate < l_receiptdate) AND (l_shipdate < l_commitdate) AND (l_receiptdate >= '1997-01-01 00:00:00'::timestamp(0) without time zone) AND (l_receiptdate < '1998-01-01 00:00:00'::timestamp without time zone)), (LLVM Optimized, Jit Execute)", "Rows Removed by Filter": 59674804, "Actual Rows": 311248}], "Actual Rows": 19919872}, {"Node Type": "Hash", "Parent Relationship": "Inner", "Startup Cost": 69662.72, "Total Cost": 69662.72, "Plan Rows": 14999479, "Plan Width": 24, "Actual Min Startup Time": 157.218, "Actual Max Startup Time": 215.078, "Actual Min Total Time": 157.218, "Actual Max Total Time": 215.078, "Max Hash Buckets": 262144, "Min Hash Buckets": 262144, "Max Hash Batches": 1, "Min Hash Batches": 1, "Max Original Hash Batches": 1, "Min Original Hash Batches": 1, "Max Peak Memory Usage": 13059, "min Peak Memory Usage": 13059, "Plans": [{"Node Type": "Seq Scan", "Parent Relationship": "Outer", "Relation Name": "orders", "Alias": "orders", "Startup Cost": 0.0, "Total Cost": 69662.72, "Plan Rows": 14999479, "Plan Width": 24, "Actual Min Startup Time": 0.019, "Actual Max Startup Time": 0.73, "Actual Min Total Time": 85.457, "Actual Max Total Time": 91.485, "Actual Rows": 15000000}], "Actual Rows": 15000000}], "Actual Rows": 311248}], "Actual Rows": 128}], "Actual Rows": 128}], "Actual Rows": 2}], "Actual Rows": 2}], "Actual Rows": 2}, "Triggers": [], "Planner Runtime": 1.224, "Total Runtime": 1987.985, "Unique SQL Id": 2036526415}}, "(64, '1')": {"explain_plan": {"Plan": {"Node Type": "Sort", "Startup Cost": 3449828.29, "Total Cost": 3449828.29, "Plan Rows": 1, "Plan Width": 43, "Sort Key": ["lineitem.l_shipmode"], "Plans": [{"Node Type": "Streaming(type: LOCAL GATHER dop: 1/64)", "Parent Relationship": "Outer", "Startup Cost": 3449828.27, "Total Cost": 3449828.28, "Plan Rows": 1, "Plan Width": 43, "Plans": [{"Node Type": "Aggregate", "Strategy": "Hashed", "Parent Relationship": "Outer", "Startup Cost": 3449828.27, "Total Cost": 3449828.27, "Plan Rows": 1, "Plan Width": 43, "Group By Key": ["lineitem.l_shipmode"], "Plans": [{"Node Type": "Streaming(type: LOCAL REDISTRIBUTE dop: 64/64)", "Parent Relationship": "Outer", "Startup Cost": 3449828.25, "Total Cost": 3449828.27, "Plan Rows": 1, "Plan Width": 43, "Plans": [{"Node Type": "Aggregate", "Strategy": "Hashed", "Parent Relationship": "Outer", "Startup Cost": 3449828.25, "Total Cost": 3449828.25, "Plan Rows": 1, "Plan Width": 43, "Group By Key": ["lineitem.l_shipmode"], "Plans": [{"Node Type": "Hash Join", "Parent Relationship": "Outer", "Join Type": "Inner", "Startup Cost": 649256.9, "Total Cost": 3449747.7, "Plan Rows": 294584, "Plan Width": 27, "Inner Unique": true, "Hash Cond": "(lineitem.l_orderkey = orders.o_orderkey), (LLVM Optimized)", "Plans": [{"Node Type": "Streaming(type: BROADCAST dop: 64/64)", "Parent Relationship": "Outer", "Startup Cost": 0.0, "Total Cost": 2799340.08, "Plan Rows": 18853376, "Plan Width": 19, "Plans": [{"Node Type": "Index Scan", "Parent Relationship": "Outer", "Scan Direction": "Forward", "Index Name": "idx_lineitem_orderkey", "Relation Name": "lineitem", "Alias": "lineitem", "Startup Cost": 0.0, "Total Cost": 2724372.61, "Plan Rows": 294584, "Plan Width": 19, "Filter": "((l_shipmode = ANY ('{RAIL,FOB}'::bpchar[])) AND (l_commitdate < l_receiptdate) AND (l_shipdate < l_commitdate) AND (l_receiptdate >= '1997-01-01 00:00:00'::timestamp(0) without time zone) AND (l_receiptdate < '1998-01-01 00:00:00'::timestamp without time zone)), (LLVM Optimized)"}]}, {"Node Type": "Hash", "Parent Relationship": "Inner", "Startup Cost": 646327.31, "Total Cost": 646327.31, "Plan Rows": 14999479, "Plan Width": 24, "Plans": [{"Node Type": "Index Scan", "Parent Relationship": "Outer", "Scan Direction": "Forward", "Index Name": "orders_pkey", "Relation Name": "orders", "Alias": "orders", "Startup Cost": 0.0, "Total Cost": 646327.31, "Plan Rows": 14999479, "Plan Width": 24}]}]}]}]}]}]}]}, "Unique SQL Id": 2036526415, "Planner Runtime": 1}, "explain_analyze_plan": {"Plan": {"Node Type": "Sort", "Startup Cost": 3449828.29, "Total Cost": 3449828.29, "Plan Rows": 1, "Plan Width": 43, "Actual Min Startup Time": 4746.649, "Actual Max Startup Time": 4746.649, "Actual Min Total Time": 4746.649, "Actual Max Total Time": 4746.649, "Sort Key": ["lineitem.l_shipmode"], "Sort Method": "quicksort", "Sort Space Min Used": 25, "Sort Space Max Used": 25, "Sort Space Type": "Memory", "Plans": [{"Node Type": "Streaming(type: LOCAL GATHER dop: 1/64)", "Parent Relationship": "Outer", "Startup Cost": 3449828.27, "Total Cost": 3449828.28, "Plan Rows": 1, "Plan Width": 43, "Actual Min Startup Time": 4744.896, "Actual Max Startup Time": 4744.896, "Actual Min Total Time": 4746.577, "Actual Max Total Time": 4746.577, "Plans": [{"Node Type": "Aggregate", "Strategy": "Hashed", "Parent Relationship": "Outer", "Startup Cost": 3449828.27, "Total Cost": 3449828.27, "Plan Rows": 1, "Plan Width": 43, "Actual Min Startup Time": 4274.293, "Actual Max Startup Time": 4398.228, "Actual Min Total Time": 4274.293, "Actual Max Total Time": 4398.228, "Group By Key": ["lineitem.l_shipmode"], "Plans": [{"Node Type": "Streaming(type: LOCAL REDISTRIBUTE dop: 64/64)", "Parent Relationship": "Outer", "Startup Cost": 3449828.25, "Total Cost": 3449828.27, "Plan Rows": 1, "Plan Width": 43, "Actual Min Startup Time": 4274.284, "Actual Max Startup Time": 4398.22, "Actual Min Total Time": 4274.284, "Actual Max Total Time": 4398.22, "Plans": [{"Node Type": "Aggregate", "Strategy": "Hashed", "Parent Relationship": "Outer", "Startup Cost": 3449828.25, "Total Cost": 3449828.25, "Plan Rows": 1, "Plan Width": 43, "Actual Min Startup Time": 4092.61, "Actual Max Startup Time": 4483.277, "Actual Min Total Time": 4092.611, "Actual Max Total Time": 4483.278, "Group By Key": ["lineitem.l_shipmode"], "Plans": [{"Node Type": "Hash Join", "Parent Relationship": "Outer", "Join Type": "Inner", "Startup Cost": 649256.9, "Total Cost": 3449747.7, "Plan Rows": 294584, "Plan Width": 27, "Actual Min Startup Time": 2670.617, "Actual Max Startup Time": 3066.906, "Actual Min Total Time": 4081.58, "Actual Max Total Time": 4475.509, "Inner Unique": true, "Hash Cond": "(lineitem.l_orderkey = orders.o_orderkey), (LLVM Optimized, Jit Execute)", "Plans": [{"Node Type": "Streaming(type: BROADCAST dop: 64/64)", "Parent Relationship": "Outer", "Startup Cost": 0.0, "Total Cost": 2799340.08, "Plan Rows": 18853376, "Plan Width": 19, "Actual Min Startup Time": 1575.849, "Actual Max Startup Time": 1619.999, "Actual Min Total Time": 2810.256, "Actual Max Total Time": 2910.921, "Plans": [{"Node Type": "Index Scan", "Parent Relationship": "Outer", "Scan Direction": "Forward", "Index Name": "idx_lineitem_orderkey", "Relation Name": "lineitem", "Alias": "lineitem", "Startup Cost": 0.0, "Total Cost": 2724372.61, "Plan Rows": 294584, "Plan Width": 19, "Actual Min Startup Time": 2652.522, "Actual Max Startup Time": 3055.949, "Actual Min Total Time": 3622.531, "Actual Max Total Time": 3851.498, "Filter": "((l_shipmode = ANY ('{RAIL,FOB}'::bpchar[])) AND (l_commitdate < l_receiptdate) AND (l_shipdate < l_commitdate) AND (l_receiptdate >= '1997-01-01 00:00:00'::timestamp(0) without time zone) AND (l_receiptdate < '1998-01-01 00:00:00'::timestamp without time zone)), (LLVM Optimized, Jit Execute)", "Rows Removed by Filter": 59674804, "Actual Rows": 311248}], "Actual Rows": 19919872}, {"Node Type": "Hash", "Parent Relationship": "Inner", "Startup Cost": 646327.31, "Total Cost": 646327.31, "Plan Rows": 14999479, "Plan Width": 24, "Actual Min Startup Time": 1054.367, "Actual Max Startup Time": 1451.859, "Actual Min Total Time": 1054.367, "Actual Max Total Time": 1451.859, "Max Hash Buckets": 262144, "Min Hash Buckets": 262144, "Max Hash Batches": 1, "Min Hash Batches": 1, "Max Original Hash Batches": 1, "Min Original Hash Batches": 1, "Max Peak Memory Usage": 12827, "min Peak Memory Usage": 12827, "Plans": [{"Node Type": "Index Scan", "Parent Relationship": "Outer", "Scan Direction": "Forward", "Index Name": "orders_pkey", "Relation Name": "orders", "Alias": "orders", "Startup Cost": 0.0, "Total Cost": 646327.31, "Plan Rows": 14999479, "Plan Width": 24, "Actual Min Startup Time": 790.395, "Actual Max Startup Time": 1182.717, "Actual Min Total Time": 972.997, "Actual Max Total Time": 1366.525, "Actual Rows": 15000000}], "Actual Rows": 15000000}], "Actual Rows": 311248}], "Actual Rows": 128}], "Actual Rows": 128}], "Actual Rows": 2}], "Actual Rows": 2}], "Actual Rows": 2}, "Triggers": [], "Planner Runtime": 1.363, "Total Runtime": 4801.516, "Unique SQL Id": 2036526415}}, "(64, '2')": {"explain_plan": {"Plan": {"Node Type": "Sort", "Startup Cost": 254993.48, "Total Cost": 254993.48, "Plan Rows": 1, "Plan Width": 43, "Sort Key": ["lineitem.l_shipmode"], "Plans": [{"Node Type": "Streaming(type: LOCAL GATHER dop: 1/64)", "Parent Relationship": "Outer", "Startup Cost": 254993.46, "Total Cost": 254993.47, "Plan Rows": 1, "Plan Width": 43, "Plans": [{"Node Type": "Aggregate", "Strategy": "Hashed", "Parent Relationship": "Outer", "Startup Cost": 254993.46, "Total Cost": 254993.46, "Plan Rows": 1, "Plan Width": 43, "Group By Key": ["lineitem.l_shipmode"], "Plans": [{"Node Type": "Streaming(type: LOCAL REDISTRIBUTE dop: 64/64)", "Parent Relationship": "Outer", "Startup Cost": 254993.44, "Total Cost": 254993.46, "Plan Rows": 1, "Plan Width": 43, "Plans": [{"Node Type": "Aggregate", "Strategy": "Hashed", "Parent Relationship": "Outer", "Startup Cost": 254993.44, "Total Cost": 254993.44, "Plan Rows": 1, "Plan Width": 43, "Group By Key": ["lineitem.l_shipmode"], "Plans": [{"Node Type": "Hash Join", "Parent Relationship": "Outer", "Join Type": "Inner", "Startup Cost": 72593.55, "Total Cost": 254912.89, "Plan Rows": 294584, "Plan Width": 27, "Inner Unique": true, "Hash Cond": "(lineitem.l_orderkey = orders.o_orderkey), (LLVM Optimized)", "Plans": [{"Node Type": "Streaming(type: BROADCAST dop: 64/64)", "Parent Relationship": "Outer", "Startup Cost": 1.25, "Total Cost": 181169.87, "Plan Rows": 18853376, "Plan Width": 19, "Plans": [{"Node Type": "Seq Scan", "Parent Relationship": "Outer", "Relation Name": "lineitem", "Alias": "lineitem", "Startup Cost": 1.25, "Total Cost": 106202.39, "Plan Rows": 294584, "Plan Width": 19, "Filter": "((l_shipmode = ANY ('{RAIL,FOB}'::bpchar[])) AND (l_commitdate < l_receiptdate) AND (l_shipdate < l_commitdate) AND (l_receiptdate >= '1997-01-01 00:00:00'::timestamp(0) without time zone) AND (l_receiptdate < '1998-01-01 00:00:00'::timestamp without time zone)), (LLVM Optimized)"}]}, {"Node Type": "Hash", "Parent Relationship": "Inner", "Startup Cost": 69662.72, "Total Cost": 69662.72, "Plan Rows": 14999479, "Plan Width": 24, "Plans": [{"Node Type": "Seq Scan", "Parent Relationship": "Outer", "Relation Name": "orders", "Alias": "orders", "Startup Cost": 0.0, "Total Cost": 69662.72, "Plan Rows": 14999479, "Plan Width": 24}]}]}]}]}]}]}]}, "Unique SQL Id": 2036526415, "Planner Runtime": 1}, "explain_analyze_plan": {"Plan": {"Node Type": "Sort", "Startup Cost": 254993.48, "Total Cost": 254993.48, "Plan Rows": 1, "Plan Width": 43, "Actual Min Startup Time": 1935.075, "Actual Max Startup Time": 1935.075, "Actual Min Total Time": 1935.075, "Actual Max Total Time": 1935.075, "Sort Key": ["lineitem.l_shipmode"], "Sort Method": "quicksort", "Sort Space Min Used": 25, "Sort Space Max Used": 25, "Sort Space Type": "Memory", "Plans": [{"Node Type": "Streaming(type: LOCAL GATHER dop: 1/64)", "Parent Relationship": "Outer", "Startup Cost": 254993.46, "Total Cost": 254993.47, "Plan Rows": 1, "Plan Width": 43, "Actual Min Startup Time": 1934.423, "Actual Max Startup Time": 1934.423, "Actual Min Total Time": 1935.017, "Actual Max Total Time": 1935.017, "Plans": [{"Node Type": "Aggregate", "Strategy": "Hashed", "Parent Relationship": "Outer", "Startup Cost": 254993.46, "Total Cost": 254993.46, "Plan Rows": 1, "Plan Width": 43, "Actual Min Startup Time": 1418.405, "Actual Max Startup Time": 1631.823, "Actual Min Total Time": 1418.405, "Actual Max Total Time": 1631.823, "Group By Key": ["lineitem.l_shipmode"], "Plans": [{"Node Type": "Streaming(type: LOCAL REDISTRIBUTE dop: 64/64)", "Parent Relationship": "Outer", "Startup Cost": 254993.44, "Total Cost": 254993.46, "Plan Rows": 1, "Plan Width": 43, "Actual Min Startup Time": 1418.4, "Actual Max Startup Time": 1631.817, "Actual Min Total Time": 1418.4, "Actual Max Total Time": 1631.817, "Plans": [{"Node Type": "Aggregate", "Strategy": "Hashed", "Parent Relationship": "Outer", "Startup Cost": 254993.44, "Total Cost": 254993.44, "Plan Rows": 1, "Plan Width": 43, "Actual Min Startup Time": 1257.951, "Actual Max Startup Time": 1629.84, "Actual Min Total Time": 1257.953, "Actual Max Total Time": 1629.841, "Group By Key": ["lineitem.l_shipmode"], "Plans": [{"Node Type": "Hash Join", "Parent Relationship": "Outer", "Join Type": "Inner", "Startup Cost": 72593.55, "Total Cost": 254912.89, "Plan Rows": 294584, "Plan Width": 27, "Actual Min Startup Time": 159.028, "Actual Max Startup Time": 220.727, "Actual Min Total Time": 1247.646, "Actual Max Total Time": 1619.563, "Inner Unique": true, "Hash Cond": "(lineitem.l_orderkey = orders.o_orderkey), (LLVM Optimized, Jit Execute)", "Plans": [{"Node Type": "Streaming(type: BROADCAST dop: 64/64)", "Parent Relationship": "Outer", "Startup Cost": 1.25, "Total Cost": 181169.87, "Plan Rows": 18853376, "Plan Width": 19, "Actual Min Startup Time": 0.125, "Actual Max Startup Time": 5.992, "Actual Min Total Time": 890.773, "Actual Max Total Time": 1326.018, "Plans": [{"Node Type": "Seq Scan", "Parent Relationship": "Outer", "Relation Name": "lineitem", "Alias": "lineitem", "Startup Cost": 1.25, "Total Cost": 106202.39, "Plan Rows": 294584, "Plan Width": 19, "Actual Min Startup Time": 0.038, "Actual Max Startup Time": 0.562, "Actual Min Total Time": 416.333, "Actual Max Total Time": 639.464, "Filter": "((l_shipmode = ANY ('{RAIL,FOB}'::bpchar[])) AND (l_commitdate < l_receiptdate) AND (l_shipdate < l_commitdate) AND (l_receiptdate >= '1997-01-01 00:00:00'::timestamp(0) without time zone) AND (l_receiptdate < '1998-01-01 00:00:00'::timestamp without time zone)), (LLVM Optimized, Jit Execute)", "Rows Removed by Filter": 59674804, "Actual Rows": 311248}], "Actual Rows": 19919872}, {"Node Type": "Hash", "Parent Relationship": "Inner", "Startup Cost": 69662.72, "Total Cost": 69662.72, "Plan Rows": 14999479, "Plan Width": 24, "Actual Min Startup Time": 157.218, "Actual Max Startup Time": 215.078, "Actual Min Total Time": 157.218, "Actual Max Total Time": 215.078, "Max Hash Buckets": 262144, "Min Hash Buckets": 262144, "Max Hash Batches": 1, "Min Hash Batches": 1, "Max Original Hash Batches": 1, "Min Original Hash Batches": 1, "Max Peak Memory Usage": 13059, "min Peak Memory Usage": 13059, "Plans": [{"Node Type": "Seq Scan", "Parent Relationship": "Outer", "Relation Name": "orders", "Alias": "orders", "Startup Cost": 0.0, "Total Cost": 69662.72, "Plan Rows": 14999479, "Plan Width": 24, "Actual Min Startup Time": 0.019, "Actual Max Startup Time": 0.73, "Actual Min Total Time": 85.457, "Actual Max Total Time": 91.485, "Actual Rows": 15000000}], "Actual Rows": 15000000}], "Actual Rows": 311248}], "Actual Rows": 128}], "Actual Rows": 128}], "Actual Rows": 2}], "Actual Rows": 2}], "Actual Rows": 2}, "Triggers": [], "Planner Runtime": 1.224, "Total Runtime": 1987.985, "Unique SQL Id": 2036526415}}, "(64, '3')": {"explain_plan": {"Plan": {"Node Type": "Sort", "Startup Cost": 4921486.87, "Total Cost": 4921486.87, "Plan Rows": 1, "Plan Width": 43, "Sort Key": ["lineitem.l_shipmode"], "Plans": [{"Node Type": "Aggregate", "Strategy": "Hashed", "Parent Relationship": "Outer", "Startup Cost": 4921486.85, "Total Cost": 4921486.86, "Plan Rows": 1, "Plan Width": 43, "Group By Key": ["lineitem.l_shipmode"], "Plans": [{"Node Type": "Hash Join", "Parent Relationship": "Outer", "Join Type": "Inner", "Startup Cost": 2147327.85, "Total Cost": 4916331.63, "Plan Rows": 294584, "Plan Width": 27, "Inner Unique": true, "Hash Cond": "(lineitem.l_orderkey = orders.o_orderkey), (LLVM Optimized)", "Plans": [{"Node Type": "Bitmap Heap Scan", "Parent Relationship": "Outer", "Relation Name": "lineitem", "Alias": "lineitem", "Startup Cost": 1225109.06, "Total Cost": 3990062.3, "Plan Rows": 294584, "Plan Width": 19, "Filter": "((l_shipmode = ANY ('{RAIL,FOB}'::bpchar[])) AND (l_commitdate < l_receiptdate) AND (l_shipdate < l_commitdate) AND (l_receiptdate >= '1997-01-01 00:00:00'::timestamp(0) without time zone) AND (l_receiptdate < '1998-01-01 00:00:00'::timestamp without time zone)), (LLVM Optimized)", "Plans": [{"Node Type": "Bitmap Index Scan", "Parent Relationship": "Outer", "Index Name": "idx_lineitem_orderkey", "Startup Cost": 0.0, "Total Cost": 1225035.42, "Plan Rows": 59987033, "Plan Width": 0}]}, {"Node Type": "Hash", "Parent Relationship": "Inner", "Startup Cost": 734725.3, "Total Cost": 734725.3, "Plan Rows": 14999479, "Plan Width": 24, "Plans": [{"Node Type": "Bitmap Heap Scan", "Parent Relationship": "Outer", "Relation Name": "orders", "Alias": "orders", "Startup Cost": 308311.51, "Total Cost": 734725.3, "Plan Rows": 14999479, "Plan Width": 24, "Plans": [{"Node Type": "Bitmap Index Scan", "Parent Relationship": "Outer", "Index Name": "orders_pkey", "Startup Cost": 0.0, "Total Cost": 304561.65, "Plan Rows": 14999479, "Plan Width": 0}]}]}]}]}]}, "Unique SQL Id": 2036526415, "Planner Runtime": 0}, "explain_analyze_plan": null}, "(64, '4')": {"explain_plan": {"Plan": {"Node Type": "Sort", "Startup Cost": 254993.48, "Total Cost": 254993.48, "Plan Rows": 1, "Plan Width": 43, "Sort Key": ["lineitem.l_shipmode"], "Plans": [{"Node Type": "Streaming(type: LOCAL GATHER dop: 1/64)", "Parent Relationship": "Outer", "Startup Cost": 254993.46, "Total Cost": 254993.47, "Plan Rows": 1, "Plan Width": 43, "Plans": [{"Node Type": "Aggregate", "Strategy": "Hashed", "Parent Relationship": "Outer", "Startup Cost": 254993.46, "Total Cost": 254993.46, "Plan Rows": 1, "Plan Width": 43, "Group By Key": ["lineitem.l_shipmode"], "Plans": [{"Node Type": "Streaming(type: LOCAL REDISTRIBUTE dop: 64/64)", "Parent Relationship": "Outer", "Startup Cost": 254993.44, "Total Cost": 254993.46, "Plan Rows": 1, "Plan Width": 43, "Plans": [{"Node Type": "Aggregate", "Strategy": "Hashed", "Parent Relationship": "Outer", "Startup Cost": 254993.44, "Total Cost": 254993.44, "Plan Rows": 1, "Plan Width": 43, "Group By Key": ["lineitem.l_shipmode"], "Plans": [{"Node Type": "Hash Join", "Parent Relationship": "Outer", "Join Type": "Inner", "Startup Cost": 72593.55, "Total Cost": 254912.89, "Plan Rows": 294584, "Plan Width": 27, "Inner Unique": true, "Hash Cond": "(lineitem.l_orderkey = orders.o_orderkey), (LLVM Optimized)", "Plans": [{"Node Type": "Streaming(type: BROADCAST dop: 64/64)", "Parent Relationship": "Outer", "Startup Cost": 1.25, "Total Cost": 181169.87, "Plan Rows": 18853376, "Plan Width": 19, "Plans": [{"Node Type": "Seq Scan", "Parent Relationship": "Outer", "Relation Name": "lineitem", "Alias": "lineitem", "Startup Cost": 1.25, "Total Cost": 106202.39, "Plan Rows": 294584, "Plan Width": 19, "Filter": "((l_shipmode = ANY ('{RAIL,FOB}'::bpchar[])) AND (l_commitdate < l_receiptdate) AND (l_shipdate < l_commitdate) AND (l_receiptdate >= '1997-01-01 00:00:00'::timestamp(0) without time zone) AND (l_receiptdate < '1998-01-01 00:00:00'::timestamp without time zone)), (LLVM Optimized)"}]}, {"Node Type": "Hash", "Parent Relationship": "Inner", "Startup Cost": 69662.72, "Total Cost": 69662.72, "Plan Rows": 14999479, "Plan Width": 24, "Plans": [{"Node Type": "Seq Scan", "Parent Relationship": "Outer", "Relation Name": "orders", "Alias": "orders", "Startup Cost": 0.0, "Total Cost": 69662.72, "Plan Rows": 14999479, "Plan Width": 24}]}]}]}]}]}]}]}, "Unique SQL Id": 2036526415, "Planner Runtime": 1}, "explain_analyze_plan": {"Plan": {"Node Type": "Sort", "Startup Cost": 254993.48, "Total Cost": 254993.48, "Plan Rows": 1, "Plan Width": 43, "Actual Min Startup Time": 1935.075, "Actual Max Startup Time": 1935.075, "Actual Min Total Time": 1935.075, "Actual Max Total Time": 1935.075, "Sort Key": ["lineitem.l_shipmode"], "Sort Method": "quicksort", "Sort Space Min Used": 25, "Sort Space Max Used": 25, "Sort Space Type": "Memory", "Plans": [{"Node Type": "Streaming(type: LOCAL GATHER dop: 1/64)", "Parent Relationship": "Outer", "Startup Cost": 254993.46, "Total Cost": 254993.47, "Plan Rows": 1, "Plan Width": 43, "Actual Min Startup Time": 1934.423, "Actual Max Startup Time": 1934.423, "Actual Min Total Time": 1935.017, "Actual Max Total Time": 1935.017, "Plans": [{"Node Type": "Aggregate", "Strategy": "Hashed", "Parent Relationship": "Outer", "Startup Cost": 254993.46, "Total Cost": 254993.46, "Plan Rows": 1, "Plan Width": 43, "Actual Min Startup Time": 1418.405, "Actual Max Startup Time": 1631.823, "Actual Min Total Time": 1418.405, "Actual Max Total Time": 1631.823, "Group By Key": ["lineitem.l_shipmode"], "Plans": [{"Node Type": "Streaming(type: LOCAL REDISTRIBUTE dop: 64/64)", "Parent Relationship": "Outer", "Startup Cost": 254993.44, "Total Cost": 254993.46, "Plan Rows": 1, "Plan Width": 43, "Actual Min Startup Time": 1418.4, "Actual Max Startup Time": 1631.817, "Actual Min Total Time": 1418.4, "Actual Max Total Time": 1631.817, "Plans": [{"Node Type": "Aggregate", "Strategy": "Hashed", "Parent Relationship": "Outer", "Startup Cost": 254993.44, "Total Cost": 254993.44, "Plan Rows": 1, "Plan Width": 43, "Actual Min Startup Time": 1257.951, "Actual Max Startup Time": 1629.84, "Actual Min Total Time": 1257.953, "Actual Max Total Time": 1629.841, "Group By Key": ["lineitem.l_shipmode"], "Plans": [{"Node Type": "Hash Join", "Parent Relationship": "Outer", "Join Type": "Inner", "Startup Cost": 72593.55, "Total Cost": 254912.89, "Plan Rows": 294584, "Plan Width": 27, "Actual Min Startup Time": 159.028, "Actual Max Startup Time": 220.727, "Actual Min Total Time": 1247.646, "Actual Max Total Time": 1619.563, "Inner Unique": true, "Hash Cond": "(lineitem.l_orderkey = orders.o_orderkey), (LLVM Optimized, Jit Execute)", "Plans": [{"Node Type": "Streaming(type: BROADCAST dop: 64/64)", "Parent Relationship": "Outer", "Startup Cost": 1.25, "Total Cost": 181169.87, "Plan Rows": 18853376, "Plan Width": 19, "Actual Min Startup Time": 0.125, "Actual Max Startup Time": 5.992, "Actual Min Total Time": 890.773, "Actual Max Total Time": 1326.018, "Plans": [{"Node Type": "Seq Scan", "Parent Relationship": "Outer", "Relation Name": "lineitem", "Alias": "lineitem", "Startup Cost": 1.25, "Total Cost": 106202.39, "Plan Rows": 294584, "Plan Width": 19, "Actual Min Startup Time": 0.038, "Actual Max Startup Time": 0.562, "Actual Min Total Time": 416.333, "Actual Max Total Time": 639.464, "Filter": "((l_shipmode = ANY ('{RAIL,FOB}'::bpchar[])) AND (l_commitdate < l_receiptdate) AND (l_shipdate < l_commitdate) AND (l_receiptdate >= '1997-01-01 00:00:00'::timestamp(0) without time zone) AND (l_receiptdate < '1998-01-01 00:00:00'::timestamp without time zone)), (LLVM Optimized, Jit Execute)", "Rows Removed by Filter": 59674804, "Actual Rows": 311248}], "Actual Rows": 19919872}, {"Node Type": "Hash", "Parent Relationship": "Inner", "Startup Cost": 69662.72, "Total Cost": 69662.72, "Plan Rows": 14999479, "Plan Width": 24, "Actual Min Startup Time": 157.218, "Actual Max Startup Time": 215.078, "Actual Min Total Time": 157.218, "Actual Max Total Time": 215.078, "Max Hash Buckets": 262144, "Min Hash Buckets": 262144, "Max Hash Batches": 1, "Min Hash Batches": 1, "Max Original Hash Batches": 1, "Min Original Hash Batches": 1, "Max Peak Memory Usage": 13059, "min Peak Memory Usage": 13059, "Plans": [{"Node Type": "Seq Scan", "Parent Relationship": "Outer", "Relation Name": "orders", "Alias": "orders", "Startup Cost": 0.0, "Total Cost": 69662.72, "Plan Rows": 14999479, "Plan Width": 24, "Actual Min Startup Time": 0.019, "Actual Max Startup Time": 0.73, "Actual Min Total Time": 85.457, "Actual Max Total Time": 91.485, "Actual Rows": 15000000}], "Actual Rows": 15000000}], "Actual Rows": 311248}], "Actual Rows": 128}], "Actual Rows": 128}], "Actual Rows": 2}], "Actual Rows": 2}], "Actual Rows": 2}, "Triggers": [], "Planner Runtime": 1.224, "Total Runtime": 1987.985, "Unique SQL Id": 2036526415}}, "(64, '5')": {"explain_plan": {"Plan": {"Node Type": "Sort", "Startup Cost": 3449828.29, "Total Cost": 3449828.29, "Plan Rows": 1, "Plan Width": 43, "Sort Key": ["lineitem.l_shipmode"], "Plans": [{"Node Type": "Streaming(type: LOCAL GATHER dop: 1/64)", "Parent Relationship": "Outer", "Startup Cost": 3449828.27, "Total Cost": 3449828.28, "Plan Rows": 1, "Plan Width": 43, "Plans": [{"Node Type": "Aggregate", "Strategy": "Hashed", "Parent Relationship": "Outer", "Startup Cost": 3449828.27, "Total Cost": 3449828.27, "Plan Rows": 1, "Plan Width": 43, "Group By Key": ["lineitem.l_shipmode"], "Plans": [{"Node Type": "Streaming(type: LOCAL REDISTRIBUTE dop: 64/64)", "Parent Relationship": "Outer", "Startup Cost": 3449828.25, "Total Cost": 3449828.27, "Plan Rows": 1, "Plan Width": 43, "Plans": [{"Node Type": "Aggregate", "Strategy": "Hashed", "Parent Relationship": "Outer", "Startup Cost": 3449828.25, "Total Cost": 3449828.25, "Plan Rows": 1, "Plan Width": 43, "Group By Key": ["lineitem.l_shipmode"], "Plans": [{"Node Type": "Hash Join", "Parent Relationship": "Outer", "Join Type": "Inner", "Startup Cost": 649256.9, "Total Cost": 3449747.7, "Plan Rows": 294584, "Plan Width": 27, "Inner Unique": true, "Hash Cond": "(lineitem.l_orderkey = orders.o_orderkey), (LLVM Optimized)", "Plans": [{"Node Type": "Streaming(type: BROADCAST dop: 64/64)", "Parent Relationship": "Outer", "Startup Cost": 0.0, "Total Cost": 2799340.08, "Plan Rows": 18853376, "Plan Width": 19, "Plans": [{"Node Type": "Index Scan", "Parent Relationship": "Outer", "Scan Direction": "Forward", "Index Name": "idx_lineitem_orderkey", "Relation Name": "lineitem", "Alias": "lineitem", "Startup Cost": 0.0, "Total Cost": 2724372.61, "Plan Rows": 294584, "Plan Width": 19, "Filter": "((l_shipmode = ANY ('{RAIL,FOB}'::bpchar[])) AND (l_commitdate < l_receiptdate) AND (l_shipdate < l_commitdate) AND (l_receiptdate >= '1997-01-01 00:00:00'::timestamp(0) without time zone) AND (l_receiptdate < '1998-01-01 00:00:00'::timestamp without time zone)), (LLVM Optimized)"}]}, {"Node Type": "Hash", "Parent Relationship": "Inner", "Startup Cost": 646327.31, "Total Cost": 646327.31, "Plan Rows": 14999479, "Plan Width": 24, "Plans": [{"Node Type": "Index Scan", "Parent Relationship": "Outer", "Scan Direction": "Forward", "Index Name": "orders_pkey", "Relation Name": "orders", "Alias": "orders", "Startup Cost": 0.0, "Total Cost": 646327.31, "Plan Rows": 14999479, "Plan Width": 24}]}]}]}]}]}]}]}, "Unique SQL Id": 2036526415, "Planner Runtime": 1}, "explain_analyze_plan": {"Plan": {"Node Type": "Sort", "Startup Cost": 3449828.29, "Total Cost": 3449828.29, "Plan Rows": 1, "Plan Width": 43, "Actual Min Startup Time": 4746.649, "Actual Max Startup Time": 4746.649, "Actual Min Total Time": 4746.649, "Actual Max Total Time": 4746.649, "Sort Key": ["lineitem.l_shipmode"], "Sort Method": "quicksort", "Sort Space Min Used": 25, "Sort Space Max Used": 25, "Sort Space Type": "Memory", "Plans": [{"Node Type": "Streaming(type: LOCAL GATHER dop: 1/64)", "Parent Relationship": "Outer", "Startup Cost": 3449828.27, "Total Cost": 3449828.28, "Plan Rows": 1, "Plan Width": 43, "Actual Min Startup Time": 4744.896, "Actual Max Startup Time": 4744.896, "Actual Min Total Time": 4746.577, "Actual Max Total Time": 4746.577, "Plans": [{"Node Type": "Aggregate", "Strategy": "Hashed", "Parent Relationship": "Outer", "Startup Cost": 3449828.27, "Total Cost": 3449828.27, "Plan Rows": 1, "Plan Width": 43, "Actual Min Startup Time": 4274.293, "Actual Max Startup Time": 4398.228, "Actual Min Total Time": 4274.293, "Actual Max Total Time": 4398.228, "Group By Key": ["lineitem.l_shipmode"], "Plans": [{"Node Type": "Streaming(type: LOCAL REDISTRIBUTE dop: 64/64)", "Parent Relationship": "Outer", "Startup Cost": 3449828.25, "Total Cost": 3449828.27, "Plan Rows": 1, "Plan Width": 43, "Actual Min Startup Time": 4274.284, "Actual Max Startup Time": 4398.22, "Actual Min Total Time": 4274.284, "Actual Max Total Time": 4398.22, "Plans": [{"Node Type": "Aggregate", "Strategy": "Hashed", "Parent Relationship": "Outer", "Startup Cost": 3449828.25, "Total Cost": 3449828.25, "Plan Rows": 1, "Plan Width": 43, "Actual Min Startup Time": 4092.61, "Actual Max Startup Time": 4483.277, "Actual Min Total Time": 4092.611, "Actual Max Total Time": 4483.278, "Group By Key": ["lineitem.l_shipmode"], "Plans": [{"Node Type": "Hash Join", "Parent Relationship": "Outer", "Join Type": "Inner", "Startup Cost": 649256.9, "Total Cost": 3449747.7, "Plan Rows": 294584, "Plan Width": 27, "Actual Min Startup Time": 2670.617, "Actual Max Startup Time": 3066.906, "Actual Min Total Time": 4081.58, "Actual Max Total Time": 4475.509, "Inner Unique": true, "Hash Cond": "(lineitem.l_orderkey = orders.o_orderkey), (LLVM Optimized, Jit Execute)", "Plans": [{"Node Type": "Streaming(type: BROADCAST dop: 64/64)", "Parent Relationship": "Outer", "Startup Cost": 0.0, "Total Cost": 2799340.08, "Plan Rows": 18853376, "Plan Width": 19, "Actual Min Startup Time": 1575.849, "Actual Max Startup Time": 1619.999, "Actual Min Total Time": 2810.256, "Actual Max Total Time": 2910.921, "Plans": [{"Node Type": "Index Scan", "Parent Relationship": "Outer", "Scan Direction": "Forward", "Index Name": "idx_lineitem_orderkey", "Relation Name": "lineitem", "Alias": "lineitem", "Startup Cost": 0.0, "Total Cost": 2724372.61, "Plan Rows": 294584, "Plan Width": 19, "Actual Min Startup Time": 2652.522, "Actual Max Startup Time": 3055.949, "Actual Min Total Time": 3622.531, "Actual Max Total Time": 3851.498, "Filter": "((l_shipmode = ANY ('{RAIL,FOB}'::bpchar[])) AND (l_commitdate < l_receiptdate) AND (l_shipdate < l_commitdate) AND (l_receiptdate >= '1997-01-01 00:00:00'::timestamp(0) without time zone) AND (l_receiptdate < '1998-01-01 00:00:00'::timestamp without time zone)), (LLVM Optimized, Jit Execute)", "Rows Removed by Filter": 59674804, "Actual Rows": 311248}], "Actual Rows": 19919872}, {"Node Type": "Hash", "Parent Relationship": "Inner", "Startup Cost": 646327.31, "Total Cost": 646327.31, "Plan Rows": 14999479, "Plan Width": 24, "Actual Min Startup Time": 1054.367, "Actual Max Startup Time": 1451.859, "Actual Min Total Time": 1054.367, "Actual Max Total Time": 1451.859, "Max Hash Buckets": 262144, "Min Hash Buckets": 262144, "Max Hash Batches": 1, "Min Hash Batches": 1, "Max Original Hash Batches": 1, "Min Original Hash Batches": 1, "Max Peak Memory Usage": 12827, "min Peak Memory Usage": 12827, "Plans": [{"Node Type": "Index Scan", "Parent Relationship": "Outer", "Scan Direction": "Forward", "Index Name": "orders_pkey", "Relation Name": "orders", "Alias": "orders", "Startup Cost": 0.0, "Total Cost": 646327.31, "Plan Rows": 14999479, "Plan Width": 24, "Actual Min Startup Time": 790.395, "Actual Max Startup Time": 1182.717, "Actual Min Total Time": 972.997, "Actual Max Total Time": 1366.525, "Actual Rows": 15000000}], "Actual Rows": 15000000}], "Actual Rows": 311248}], "Actual Rows": 128}], "Actual Rows": 128}], "Actual Rows": 2}], "Actual Rows": 2}], "Actual Rows": 2}, "Triggers": [], "Planner Runtime": 1.363, "Total Runtime": 4801.516, "Unique SQL Id": 2036526415}}, "(64, '6')": {"explain_plan": {"Plan": {"Node Type": "Sort", "Startup Cost": 254993.48, "Total Cost": 254993.48, "Plan Rows": 1, "Plan Width": 43, "Sort Key": ["lineitem.l_shipmode"], "Plans": [{"Node Type": "Streaming(type: LOCAL GATHER dop: 1/64)", "Parent Relationship": "Outer", "Startup Cost": 254993.46, "Total Cost": 254993.47, "Plan Rows": 1, "Plan Width": 43, "Plans": [{"Node Type": "Aggregate", "Strategy": "Hashed", "Parent Relationship": "Outer", "Startup Cost": 254993.46, "Total Cost": 254993.46, "Plan Rows": 1, "Plan Width": 43, "Group By Key": ["lineitem.l_shipmode"], "Plans": [{"Node Type": "Streaming(type: LOCAL REDISTRIBUTE dop: 64/64)", "Parent Relationship": "Outer", "Startup Cost": 254993.44, "Total Cost": 254993.46, "Plan Rows": 1, "Plan Width": 43, "Plans": [{"Node Type": "Aggregate", "Strategy": "Hashed", "Parent Relationship": "Outer", "Startup Cost": 254993.44, "Total Cost": 254993.44, "Plan Rows": 1, "Plan Width": 43, "Group By Key": ["lineitem.l_shipmode"], "Plans": [{"Node Type": "Hash Join", "Parent Relationship": "Outer", "Join Type": "Inner", "Startup Cost": 72593.55, "Total Cost": 254912.89, "Plan Rows": 294584, "Plan Width": 27, "Inner Unique": true, "Hash Cond": "(lineitem.l_orderkey = orders.o_orderkey), (LLVM Optimized)", "Plans": [{"Node Type": "Streaming(type: BROADCAST dop: 64/64)", "Parent Relationship": "Outer", "Startup Cost": 1.25, "Total Cost": 181169.87, "Plan Rows": 18853376, "Plan Width": 19, "Plans": [{"Node Type": "Seq Scan", "Parent Relationship": "Outer", "Relation Name": "lineitem", "Alias": "lineitem", "Startup Cost": 1.25, "Total Cost": 106202.39, "Plan Rows": 294584, "Plan Width": 19, "Filter": "((l_shipmode = ANY ('{RAIL,FOB}'::bpchar[])) AND (l_commitdate < l_receiptdate) AND (l_shipdate < l_commitdate) AND (l_receiptdate >= '1997-01-01 00:00:00'::timestamp(0) without time zone) AND (l_receiptdate < '1998-01-01 00:00:00'::timestamp without time zone)), (LLVM Optimized)"}]}, {"Node Type": "Hash", "Parent Relationship": "Inner", "Startup Cost": 69662.72, "Total Cost": 69662.72, "Plan Rows": 14999479, "Plan Width": 24, "Plans": [{"Node Type": "Seq Scan", "Parent Relationship": "Outer", "Relation Name": "orders", "Alias": "orders", "Startup Cost": 0.0, "Total Cost": 69662.72, "Plan Rows": 14999479, "Plan Width": 24}]}]}]}]}]}]}]}, "Unique SQL Id": 2036526415, "Planner Runtime": 1}, "explain_analyze_plan": {"Plan": {"Node Type": "Sort", "Startup Cost": 254993.48, "Total Cost": 254993.48, "Plan Rows": 1, "Plan Width": 43, "Actual Min Startup Time": 1935.075, "Actual Max Startup Time": 1935.075, "Actual Min Total Time": 1935.075, "Actual Max Total Time": 1935.075, "Sort Key": ["lineitem.l_shipmode"], "Sort Method": "quicksort", "Sort Space Min Used": 25, "Sort Space Max Used": 25, "Sort Space Type": "Memory", "Plans": [{"Node Type": "Streaming(type: LOCAL GATHER dop: 1/64)", "Parent Relationship": "Outer", "Startup Cost": 254993.46, "Total Cost": 254993.47, "Plan Rows": 1, "Plan Width": 43, "Actual Min Startup Time": 1934.423, "Actual Max Startup Time": 1934.423, "Actual Min Total Time": 1935.017, "Actual Max Total Time": 1935.017, "Plans": [{"Node Type": "Aggregate", "Strategy": "Hashed", "Parent Relationship": "Outer", "Startup Cost": 254993.46, "Total Cost": 254993.46, "Plan Rows": 1, "Plan Width": 43, "Actual Min Startup Time": 1418.405, "Actual Max Startup Time": 1631.823, "Actual Min Total Time": 1418.405, "Actual Max Total Time": 1631.823, "Group By Key": ["lineitem.l_shipmode"], "Plans": [{"Node Type": "Streaming(type: LOCAL REDISTRIBUTE dop: 64/64)", "Parent Relationship": "Outer", "Startup Cost": 254993.44, "Total Cost": 254993.46, "Plan Rows": 1, "Plan Width": 43, "Actual Min Startup Time": 1418.4, "Actual Max Startup Time": 1631.817, "Actual Min Total Time": 1418.4, "Actual Max Total Time": 1631.817, "Plans": [{"Node Type": "Aggregate", "Strategy": "Hashed", "Parent Relationship": "Outer", "Startup Cost": 254993.44, "Total Cost": 254993.44, "Plan Rows": 1, "Plan Width": 43, "Actual Min Startup Time": 1257.951, "Actual Max Startup Time": 1629.84, "Actual Min Total Time": 1257.953, "Actual Max Total Time": 1629.841, "Group By Key": ["lineitem.l_shipmode"], "Plans": [{"Node Type": "Hash Join", "Parent Relationship": "Outer", "Join Type": "Inner", "Startup Cost": 72593.55, "Total Cost": 254912.89, "Plan Rows": 294584, "Plan Width": 27, "Actual Min Startup Time": 159.028, "Actual Max Startup Time": 220.727, "Actual Min Total Time": 1247.646, "Actual Max Total Time": 1619.563, "Inner Unique": true, "Hash Cond": "(lineitem.l_orderkey = orders.o_orderkey), (LLVM Optimized, Jit Execute)", "Plans": [{"Node Type": "Streaming(type: BROADCAST dop: 64/64)", "Parent Relationship": "Outer", "Startup Cost": 1.25, "Total Cost": 181169.87, "Plan Rows": 18853376, "Plan Width": 19, "Actual Min Startup Time": 0.125, "Actual Max Startup Time": 5.992, "Actual Min Total Time": 890.773, "Actual Max Total Time": 1326.018, "Plans": [{"Node Type": "Seq Scan", "Parent Relationship": "Outer", "Relation Name": "lineitem", "Alias": "lineitem", "Startup Cost": 1.25, "Total Cost": 106202.39, "Plan Rows": 294584, "Plan Width": 19, "Actual Min Startup Time": 0.038, "Actual Max Startup Time": 0.562, "Actual Min Total Time": 416.333, "Actual Max Total Time": 639.464, "Filter": "((l_shipmode = ANY ('{RAIL,FOB}'::bpchar[])) AND (l_commitdate < l_receiptdate) AND (l_shipdate < l_commitdate) AND (l_receiptdate >= '1997-01-01 00:00:00'::timestamp(0) without time zone) AND (l_receiptdate < '1998-01-01 00:00:00'::timestamp without time zone)), (LLVM Optimized, Jit Execute)", "Rows Removed by Filter": 59674804, "Actual Rows": 311248}], "Actual Rows": 19919872}, {"Node Type": "Hash", "Parent Relationship": "Inner", "Startup Cost": 69662.72, "Total Cost": 69662.72, "Plan Rows": 14999479, "Plan Width": 24, "Actual Min Startup Time": 157.218, "Actual Max Startup Time": 215.078, "Actual Min Total Time": 157.218, "Actual Max Total Time": 215.078, "Max Hash Buckets": 262144, "Min Hash Buckets": 262144, "Max Hash Batches": 1, "Min Hash Batches": 1, "Max Original Hash Batches": 1, "Min Original Hash Batches": 1, "Max Peak Memory Usage": 13059, "min Peak Memory Usage": 13059, "Plans": [{"Node Type": "Seq Scan", "Parent Relationship": "Outer", "Relation Name": "orders", "Alias": "orders", "Startup Cost": 0.0, "Total Cost": 69662.72, "Plan Rows": 14999479, "Plan Width": 24, "Actual Min Startup Time": 0.019, "Actual Max Startup Time": 0.73, "Actual Min Total Time": 85.457, "Actual Max Total Time": 91.485, "Actual Rows": 15000000}], "Actual Rows": 15000000}], "Actual Rows": 311248}], "Actual Rows": 128}], "Actual Rows": 128}], "Actual Rows": 2}], "Actual Rows": 2}], "Actual Rows": 2}, "Triggers": [], "Planner Runtime": 1.224, "Total Runtime": 1987.985, "Unique SQL Id": 2036526415}}, "(64, '7')": {"explain_plan": {"Plan": {"Node Type": "Sort", "Startup Cost": 4921486.87, "Total Cost": 4921486.87, "Plan Rows": 1, "Plan Width": 43, "Sort Key": ["lineitem.l_shipmode"], "Plans": [{"Node Type": "Aggregate", "Strategy": "Hashed", "Parent Relationship": "Outer", "Startup Cost": 4921486.85, "Total Cost": 4921486.86, "Plan Rows": 1, "Plan Width": 43, "Group By Key": ["lineitem.l_shipmode"], "Plans": [{"Node Type": "Hash Join", "Parent Relationship": "Outer", "Join Type": "Inner", "Startup Cost": 2147327.85, "Total Cost": 4916331.63, "Plan Rows": 294584, "Plan Width": 27, "Inner Unique": true, "Hash Cond": "(lineitem.l_orderkey = orders.o_orderkey), (LLVM Optimized)", "Plans": [{"Node Type": "Bitmap Heap Scan", "Parent Relationship": "Outer", "Relation Name": "lineitem", "Alias": "lineitem", "Startup Cost": 1225109.06, "Total Cost": 3990062.3, "Plan Rows": 294584, "Plan Width": 19, "Filter": "((l_shipmode = ANY ('{RAIL,FOB}'::bpchar[])) AND (l_commitdate < l_receiptdate) AND (l_shipdate < l_commitdate) AND (l_receiptdate >= '1997-01-01 00:00:00'::timestamp(0) without time zone) AND (l_receiptdate < '1998-01-01 00:00:00'::timestamp without time zone)), (LLVM Optimized)", "Plans": [{"Node Type": "Bitmap Index Scan", "Parent Relationship": "Outer", "Index Name": "idx_lineitem_orderkey", "Startup Cost": 0.0, "Total Cost": 1225035.42, "Plan Rows": 59987033, "Plan Width": 0}]}, {"Node Type": "Hash", "Parent Relationship": "Inner", "Startup Cost": 734725.3, "Total Cost": 734725.3, "Plan Rows": 14999479, "Plan Width": 24, "Plans": [{"Node Type": "Bitmap Heap Scan", "Parent Relationship": "Outer", "Relation Name": "orders", "Alias": "orders", "Startup Cost": 308311.51, "Total Cost": 734725.3, "Plan Rows": 14999479, "Plan Width": 24, "Plans": [{"Node Type": "Bitmap Index Scan", "Parent Relationship": "Outer", "Index Name": "orders_pkey", "Startup Cost": 0.0, "Total Cost": 304561.65, "Plan Rows": 14999479, "Plan Width": 0}]}]}]}]}]}, "Unique SQL Id": 2036526415, "Planner Runtime": 0}, "explain_analyze_plan": null}, "(64, '8')": {"explain_plan": {"Plan": {"Node Type": "Sort", "Startup Cost": 254993.48, "Total Cost": 254993.48, "Plan Rows": 1, "Plan Width": 43, "Sort Key": ["lineitem.l_shipmode"], "Plans": [{"Node Type": "Streaming(type: LOCAL GATHER dop: 1/64)", "Parent Relationship": "Outer", "Startup Cost": 254993.46, "Total Cost": 254993.47, "Plan Rows": 1, "Plan Width": 43, "Plans": [{"Node Type": "Aggregate", "Strategy": "Hashed", "Parent Relationship": "Outer", "Startup Cost": 254993.46, "Total Cost": 254993.46, "Plan Rows": 1, "Plan Width": 43, "Group By Key": ["lineitem.l_shipmode"], "Plans": [{"Node Type": "Streaming(type: LOCAL REDISTRIBUTE dop: 64/64)", "Parent Relationship": "Outer", "Startup Cost": 254993.44, "Total Cost": 254993.46, "Plan Rows": 1, "Plan Width": 43, "Plans": [{"Node Type": "Aggregate", "Strategy": "Hashed", "Parent Relationship": "Outer", "Startup Cost": 254993.44, "Total Cost": 254993.44, "Plan Rows": 1, "Plan Width": 43, "Group By Key": ["lineitem.l_shipmode"], "Plans": [{"Node Type": "Hash Join", "Parent Relationship": "Outer", "Join Type": "Inner", "Startup Cost": 72593.55, "Total Cost": 254912.89, "Plan Rows": 294584, "Plan Width": 27, "Inner Unique": true, "Hash Cond": "(lineitem.l_orderkey = orders.o_orderkey), (LLVM Optimized)", "Plans": [{"Node Type": "Streaming(type: BROADCAST dop: 64/64)", "Parent Relationship": "Outer", "Startup Cost": 1.25, "Total Cost": 181169.87, "Plan Rows": 18853376, "Plan Width": 19, "Plans": [{"Node Type": "Seq Scan", "Parent Relationship": "Outer", "Relation Name": "lineitem", "Alias": "lineitem", "Startup Cost": 1.25, "Total Cost": 106202.39, "Plan Rows": 294584, "Plan Width": 19, "Filter": "((l_shipmode = ANY ('{RAIL,FOB}'::bpchar[])) AND (l_commitdate < l_receiptdate) AND (l_shipdate < l_commitdate) AND (l_receiptdate >= '1997-01-01 00:00:00'::timestamp(0) without time zone) AND (l_receiptdate < '1998-01-01 00:00:00'::timestamp without time zone)), (LLVM Optimized)"}]}, {"Node Type": "Hash", "Parent Relationship": "Inner", "Startup Cost": 69662.72, "Total Cost": 69662.72, "Plan Rows": 14999479, "Plan Width": 24, "Plans": [{"Node Type": "Seq Scan", "Parent Relationship": "Outer", "Relation Name": "orders", "Alias": "orders", "Startup Cost": 0.0, "Total Cost": 69662.72, "Plan Rows": 14999479, "Plan Width": 24}]}]}]}]}]}]}]}, "Unique SQL Id": 2036526415, "Planner Runtime": 0}, "explain_analyze_plan": {"Plan": {"Node Type": "Sort", "Startup Cost": 254993.48, "Total Cost": 254993.48, "Plan Rows": 1, "Plan Width": 43, "Actual Min Startup Time": 1935.075, "Actual Max Startup Time": 1935.075, "Actual Min Total Time": 1935.075, "Actual Max Total Time": 1935.075, "Sort Key": ["lineitem.l_shipmode"], "Sort Method": "quicksort", "Sort Space Min Used": 25, "Sort Space Max Used": 25, "Sort Space Type": "Memory", "Plans": [{"Node Type": "Streaming(type: LOCAL GATHER dop: 1/64)", "Parent Relationship": "Outer", "Startup Cost": 254993.46, "Total Cost": 254993.47, "Plan Rows": 1, "Plan Width": 43, "Actual Min Startup Time": 1934.423, "Actual Max Startup Time": 1934.423, "Actual Min Total Time": 1935.017, "Actual Max Total Time": 1935.017, "Plans": [{"Node Type": "Aggregate", "Strategy": "Hashed", "Parent Relationship": "Outer", "Startup Cost": 254993.46, "Total Cost": 254993.46, "Plan Rows": 1, "Plan Width": 43, "Actual Min Startup Time": 1418.405, "Actual Max Startup Time": 1631.823, "Actual Min Total Time": 1418.405, "Actual Max Total Time": 1631.823, "Group By Key": ["lineitem.l_shipmode"], "Plans": [{"Node Type": "Streaming(type: LOCAL REDISTRIBUTE dop: 64/64)", "Parent Relationship": "Outer", "Startup Cost": 254993.44, "Total Cost": 254993.46, "Plan Rows": 1, "Plan Width": 43, "Actual Min Startup Time": 1418.4, "Actual Max Startup Time": 1631.817, "Actual Min Total Time": 1418.4, "Actual Max Total Time": 1631.817, "Plans": [{"Node Type": "Aggregate", "Strategy": "Hashed", "Parent Relationship": "Outer", "Startup Cost": 254993.44, "Total Cost": 254993.44, "Plan Rows": 1, "Plan Width": 43, "Actual Min Startup Time": 1257.951, "Actual Max Startup Time": 1629.84, "Actual Min Total Time": 1257.953, "Actual Max Total Time": 1629.841, "Group By Key": ["lineitem.l_shipmode"], "Plans": [{"Node Type": "Hash Join", "Parent Relationship": "Outer", "Join Type": "Inner", "Startup Cost": 72593.55, "Total Cost": 254912.89, "Plan Rows": 294584, "Plan Width": 27, "Actual Min Startup Time": 159.028, "Actual Max Startup Time": 220.727, "Actual Min Total Time": 1247.646, "Actual Max Total Time": 1619.563, "Inner Unique": true, "Hash Cond": "(lineitem.l_orderkey = orders.o_orderkey), (LLVM Optimized, Jit Execute)", "Plans": [{"Node Type": "Streaming(type: BROADCAST dop: 64/64)", "Parent Relationship": "Outer", "Startup Cost": 1.25, "Total Cost": 181169.87, "Plan Rows": 18853376, "Plan Width": 19, "Actual Min Startup Time": 0.125, "Actual Max Startup Time": 5.992, "Actual Min Total Time": 890.773, "Actual Max Total Time": 1326.018, "Plans": [{"Node Type": "Seq Scan", "Parent Relationship": "Outer", "Relation Name": "lineitem", "Alias": "lineitem", "Startup Cost": 1.25, "Total Cost": 106202.39, "Plan Rows": 294584, "Plan Width": 19, "Actual Min Startup Time": 0.038, "Actual Max Startup Time": 0.562, "Actual Min Total Time": 416.333, "Actual Max Total Time": 639.464, "Filter": "((l_shipmode = ANY ('{RAIL,FOB}'::bpchar[])) AND (l_commitdate < l_receiptdate) AND (l_shipdate < l_commitdate) AND (l_receiptdate >= '1997-01-01 00:00:00'::timestamp(0) without time zone) AND (l_receiptdate < '1998-01-01 00:00:00'::timestamp without time zone)), (LLVM Optimized, Jit Execute)", "Rows Removed by Filter": 59674804, "Actual Rows": 311248}], "Actual Rows": 19919872}, {"Node Type": "Hash", "Parent Relationship": "Inner", "Startup Cost": 69662.72, "Total Cost": 69662.72, "Plan Rows": 14999479, "Plan Width": 24, "Actual Min Startup Time": 157.218, "Actual Max Startup Time": 215.078, "Actual Min Total Time": 157.218, "Actual Max Total Time": 215.078, "Max Hash Buckets": 262144, "Min Hash Buckets": 262144, "Max Hash Batches": 1, "Min Hash Batches": 1, "Max Original Hash Batches": 1, "Min Original Hash Batches": 1, "Max Peak Memory Usage": 13059, "min Peak Memory Usage": 13059, "Plans": [{"Node Type": "Seq Scan", "Parent Relationship": "Outer", "Relation Name": "orders", "Alias": "orders", "Startup Cost": 0.0, "Total Cost": 69662.72, "Plan Rows": 14999479, "Plan Width": 24, "Actual Min Startup Time": 0.019, "Actual Max Startup Time": 0.73, "Actual Min Total Time": 85.457, "Actual Max Total Time": 91.485, "Actual Rows": 15000000}], "Actual Rows": 15000000}], "Actual Rows": 311248}], "Actual Rows": 128}], "Actual Rows": 128}], "Actual Rows": 2}], "Actual Rows": 2}], "Actual Rows": 2}, "Triggers": [], "Planner Runtime": 1.224, "Total Runtime": 1987.985, "Unique SQL Id": 2036526415}}, "(64, '9')": {"explain_plan": {"Plan": {"Node Type": "Sort", "Startup Cost": 3449828.29, "Total Cost": 3449828.29, "Plan Rows": 1, "Plan Width": 43, "Sort Key": ["lineitem.l_shipmode"], "Plans": [{"Node Type": "Streaming(type: LOCAL GATHER dop: 1/64)", "Parent Relationship": "Outer", "Startup Cost": 3449828.27, "Total Cost": 3449828.28, "Plan Rows": 1, "Plan Width": 43, "Plans": [{"Node Type": "Aggregate", "Strategy": "Hashed", "Parent Relationship": "Outer", "Startup Cost": 3449828.27, "Total Cost": 3449828.27, "Plan Rows": 1, "Plan Width": 43, "Group By Key": ["lineitem.l_shipmode"], "Plans": [{"Node Type": "Streaming(type: LOCAL REDISTRIBUTE dop: 64/64)", "Parent Relationship": "Outer", "Startup Cost": 3449828.25, "Total Cost": 3449828.27, "Plan Rows": 1, "Plan Width": 43, "Plans": [{"Node Type": "Aggregate", "Strategy": "Hashed", "Parent Relationship": "Outer", "Startup Cost": 3449828.25, "Total Cost": 3449828.25, "Plan Rows": 1, "Plan Width": 43, "Group By Key": ["lineitem.l_shipmode"], "Plans": [{"Node Type": "Hash Join", "Parent Relationship": "Outer", "Join Type": "Inner", "Startup Cost": 649256.9, "Total Cost": 3449747.7, "Plan Rows": 294584, "Plan Width": 27, "Inner Unique": true, "Hash Cond": "(lineitem.l_orderkey = orders.o_orderkey), (LLVM Optimized)", "Plans": [{"Node Type": "Streaming(type: BROADCAST dop: 64/64)", "Parent Relationship": "Outer", "Startup Cost": 0.0, "Total Cost": 2799340.08, "Plan Rows": 18853376, "Plan Width": 19, "Plans": [{"Node Type": "Index Scan", "Parent Relationship": "Outer", "Scan Direction": "Forward", "Index Name": "idx_lineitem_orderkey", "Relation Name": "lineitem", "Alias": "lineitem", "Startup Cost": 0.0, "Total Cost": 2724372.61, "Plan Rows": 294584, "Plan Width": 19, "Filter": "((l_shipmode = ANY ('{RAIL,FOB}'::bpchar[])) AND (l_commitdate < l_receiptdate) AND (l_shipdate < l_commitdate) AND (l_receiptdate >= '1997-01-01 00:00:00'::timestamp(0) without time zone) AND (l_receiptdate < '1998-01-01 00:00:00'::timestamp without time zone)), (LLVM Optimized)"}]}, {"Node Type": "Hash", "Parent Relationship": "Inner", "Startup Cost": 646327.31, "Total Cost": 646327.31, "Plan Rows": 14999479, "Plan Width": 24, "Plans": [{"Node Type": "Index Scan", "Parent Relationship": "Outer", "Scan Direction": "Forward", "Index Name": "orders_pkey", "Relation Name": "orders", "Alias": "orders", "Startup Cost": 0.0, "Total Cost": 646327.31, "Plan Rows": 14999479, "Plan Width": 24}]}]}]}]}]}]}]}, "Unique SQL Id": 2036526415, "Planner Runtime": 0}, "explain_analyze_plan": {"Plan": {"Node Type": "Sort", "Startup Cost": 3449828.29, "Total Cost": 3449828.29, "Plan Rows": 1, "Plan Width": 43, "Actual Min Startup Time": 4746.649, "Actual Max Startup Time": 4746.649, "Actual Min Total Time": 4746.649, "Actual Max Total Time": 4746.649, "Sort Key": ["lineitem.l_shipmode"], "Sort Method": "quicksort", "Sort Space Min Used": 25, "Sort Space Max Used": 25, "Sort Space Type": "Memory", "Plans": [{"Node Type": "Streaming(type: LOCAL GATHER dop: 1/64)", "Parent Relationship": "Outer", "Startup Cost": 3449828.27, "Total Cost": 3449828.28, "Plan Rows": 1, "Plan Width": 43, "Actual Min Startup Time": 4744.896, "Actual Max Startup Time": 4744.896, "Actual Min Total Time": 4746.577, "Actual Max Total Time": 4746.577, "Plans": [{"Node Type": "Aggregate", "Strategy": "Hashed", "Parent Relationship": "Outer", "Startup Cost": 3449828.27, "Total Cost": 3449828.27, "Plan Rows": 1, "Plan Width": 43, "Actual Min Startup Time": 4274.293, "Actual Max Startup Time": 4398.228, "Actual Min Total Time": 4274.293, "Actual Max Total Time": 4398.228, "Group By Key": ["lineitem.l_shipmode"], "Plans": [{"Node Type": "Streaming(type: LOCAL REDISTRIBUTE dop: 64/64)", "Parent Relationship": "Outer", "Startup Cost": 3449828.25, "Total Cost": 3449828.27, "Plan Rows": 1, "Plan Width": 43, "Actual Min Startup Time": 4274.284, "Actual Max Startup Time": 4398.22, "Actual Min Total Time": 4274.284, "Actual Max Total Time": 4398.22, "Plans": [{"Node Type": "Aggregate", "Strategy": "Hashed", "Parent Relationship": "Outer", "Startup Cost": 3449828.25, "Total Cost": 3449828.25, "Plan Rows": 1, "Plan Width": 43, "Actual Min Startup Time": 4092.61, "Actual Max Startup Time": 4483.277, "Actual Min Total Time": 4092.611, "Actual Max Total Time": 4483.278, "Group By Key": ["lineitem.l_shipmode"], "Plans": [{"Node Type": "Hash Join", "Parent Relationship": "Outer", "Join Type": "Inner", "Startup Cost": 649256.9, "Total Cost": 3449747.7, "Plan Rows": 294584, "Plan Width": 27, "Actual Min Startup Time": 2670.617, "Actual Max Startup Time": 3066.906, "Actual Min Total Time": 4081.58, "Actual Max Total Time": 4475.509, "Inner Unique": true, "Hash Cond": "(lineitem.l_orderkey = orders.o_orderkey), (LLVM Optimized, Jit Execute)", "Plans": [{"Node Type": "Streaming(type: BROADCAST dop: 64/64)", "Parent Relationship": "Outer", "Startup Cost": 0.0, "Total Cost": 2799340.08, "Plan Rows": 18853376, "Plan Width": 19, "Actual Min Startup Time": 1575.849, "Actual Max Startup Time": 1619.999, "Actual Min Total Time": 2810.256, "Actual Max Total Time": 2910.921, "Plans": [{"Node Type": "Index Scan", "Parent Relationship": "Outer", "Scan Direction": "Forward", "Index Name": "idx_lineitem_orderkey", "Relation Name": "lineitem", "Alias": "lineitem", "Startup Cost": 0.0, "Total Cost": 2724372.61, "Plan Rows": 294584, "Plan Width": 19, "Actual Min Startup Time": 2652.522, "Actual Max Startup Time": 3055.949, "Actual Min Total Time": 3622.531, "Actual Max Total Time": 3851.498, "Filter": "((l_shipmode = ANY ('{RAIL,FOB}'::bpchar[])) AND (l_commitdate < l_receiptdate) AND (l_shipdate < l_commitdate) AND (l_receiptdate >= '1997-01-01 00:00:00'::timestamp(0) without time zone) AND (l_receiptdate < '1998-01-01 00:00:00'::timestamp without time zone)), (LLVM Optimized, Jit Execute)", "Rows Removed by Filter": 59674804, "Actual Rows": 311248}], "Actual Rows": 19919872}, {"Node Type": "Hash", "Parent Relationship": "Inner", "Startup Cost": 646327.31, "Total Cost": 646327.31, "Plan Rows": 14999479, "Plan Width": 24, "Actual Min Startup Time": 1054.367, "Actual Max Startup Time": 1451.859, "Actual Min Total Time": 1054.367, "Actual Max Total Time": 1451.859, "Max Hash Buckets": 262144, "Min Hash Buckets": 262144, "Max Hash Batches": 1, "Min Hash Batches": 1, "Max Original Hash Batches": 1, "Min Original Hash Batches": 1, "Max Peak Memory Usage": 12827, "min Peak Memory Usage": 12827, "Plans": [{"Node Type": "Index Scan", "Parent Relationship": "Outer", "Scan Direction": "Forward", "Index Name": "orders_pkey", "Relation Name": "orders", "Alias": "orders", "Startup Cost": 0.0, "Total Cost": 646327.31, "Plan Rows": 14999479, "Plan Width": 24, "Actual Min Startup Time": 790.395, "Actual Max Startup Time": 1182.717, "Actual Min Total Time": 972.997, "Actual Max Total Time": 1366.525, "Actual Rows": 15000000}], "Actual Rows": 15000000}], "Actual Rows": 311248}], "Actual Rows": 128}], "Actual Rows": 128}], "Actual Rows": 2}], "Actual Rows": 2}], "Actual Rows": 2}, "Triggers": [], "Planner Runtime": 1.363, "Total Runtime": 4801.516, "Unique SQL Id": 2036526415}}, "(64, '10')": {"explain_plan": {"Plan": {"Node Type": "Sort", "Startup Cost": 254993.48, "Total Cost": 254993.48, "Plan Rows": 1, "Plan Width": 43, "Sort Key": ["lineitem.l_shipmode"], "Plans": [{"Node Type": "Streaming(type: LOCAL GATHER dop: 1/64)", "Parent Relationship": "Outer", "Startup Cost": 254993.46, "Total Cost": 254993.47, "Plan Rows": 1, "Plan Width": 43, "Plans": [{"Node Type": "Aggregate", "Strategy": "Hashed", "Parent Relationship": "Outer", "Startup Cost": 254993.46, "Total Cost": 254993.46, "Plan Rows": 1, "Plan Width": 43, "Group By Key": ["lineitem.l_shipmode"], "Plans": [{"Node Type": "Streaming(type: LOCAL REDISTRIBUTE dop: 64/64)", "Parent Relationship": "Outer", "Startup Cost": 254993.44, "Total Cost": 254993.46, "Plan Rows": 1, "Plan Width": 43, "Plans": [{"Node Type": "Aggregate", "Strategy": "Hashed", "Parent Relationship": "Outer", "Startup Cost": 254993.44, "Total Cost": 254993.44, "Plan Rows": 1, "Plan Width": 43, "Group By Key": ["lineitem.l_shipmode"], "Plans": [{"Node Type": "Hash Join", "Parent Relationship": "Outer", "Join Type": "Inner", "Startup Cost": 72593.55, "Total Cost": 254912.89, "Plan Rows": 294584, "Plan Width": 27, "Inner Unique": true, "Hash Cond": "(lineitem.l_orderkey = orders.o_orderkey), (LLVM Optimized)", "Plans": [{"Node Type": "Streaming(type: BROADCAST dop: 64/64)", "Parent Relationship": "Outer", "Startup Cost": 1.25, "Total Cost": 181169.87, "Plan Rows": 18853376, "Plan Width": 19, "Plans": [{"Node Type": "Seq Scan", "Parent Relationship": "Outer", "Relation Name": "lineitem", "Alias": "lineitem", "Startup Cost": 1.25, "Total Cost": 106202.39, "Plan Rows": 294584, "Plan Width": 19, "Filter": "((l_shipmode = ANY ('{RAIL,FOB}'::bpchar[])) AND (l_commitdate < l_receiptdate) AND (l_shipdate < l_commitdate) AND (l_receiptdate >= '1997-01-01 00:00:00'::timestamp(0) without time zone) AND (l_receiptdate < '1998-01-01 00:00:00'::timestamp without time zone)), (LLVM Optimized)"}]}, {"Node Type": "Hash", "Parent Relationship": "Inner", "Startup Cost": 69662.72, "Total Cost": 69662.72, "Plan Rows": 14999479, "Plan Width": 24, "Plans": [{"Node Type": "Seq Scan", "Parent Relationship": "Outer", "Relation Name": "orders", "Alias": "orders", "Startup Cost": 0.0, "Total Cost": 69662.72, "Plan Rows": 14999479, "Plan Width": 24}]}]}]}]}]}]}]}, "Unique SQL Id": 2036526415, "Planner Runtime": 1}, "explain_analyze_plan": {"Plan": {"Node Type": "Sort", "Startup Cost": 254993.48, "Total Cost": 254993.48, "Plan Rows": 1, "Plan Width": 43, "Actual Min Startup Time": 1935.075, "Actual Max Startup Time": 1935.075, "Actual Min Total Time": 1935.075, "Actual Max Total Time": 1935.075, "Sort Key": ["lineitem.l_shipmode"], "Sort Method": "quicksort", "Sort Space Min Used": 25, "Sort Space Max Used": 25, "Sort Space Type": "Memory", "Plans": [{"Node Type": "Streaming(type: LOCAL GATHER dop: 1/64)", "Parent Relationship": "Outer", "Startup Cost": 254993.46, "Total Cost": 254993.47, "Plan Rows": 1, "Plan Width": 43, "Actual Min Startup Time": 1934.423, "Actual Max Startup Time": 1934.423, "Actual Min Total Time": 1935.017, "Actual Max Total Time": 1935.017, "Plans": [{"Node Type": "Aggregate", "Strategy": "Hashed", "Parent Relationship": "Outer", "Startup Cost": 254993.46, "Total Cost": 254993.46, "Plan Rows": 1, "Plan Width": 43, "Actual Min Startup Time": 1418.405, "Actual Max Startup Time": 1631.823, "Actual Min Total Time": 1418.405, "Actual Max Total Time": 1631.823, "Group By Key": ["lineitem.l_shipmode"], "Plans": [{"Node Type": "Streaming(type: LOCAL REDISTRIBUTE dop: 64/64)", "Parent Relationship": "Outer", "Startup Cost": 254993.44, "Total Cost": 254993.46, "Plan Rows": 1, "Plan Width": 43, "Actual Min Startup Time": 1418.4, "Actual Max Startup Time": 1631.817, "Actual Min Total Time": 1418.4, "Actual Max Total Time": 1631.817, "Plans": [{"Node Type": "Aggregate", "Strategy": "Hashed", "Parent Relationship": "Outer", "Startup Cost": 254993.44, "Total Cost": 254993.44, "Plan Rows": 1, "Plan Width": 43, "Actual Min Startup Time": 1257.951, "Actual Max Startup Time": 1629.84, "Actual Min Total Time": 1257.953, "Actual Max Total Time": 1629.841, "Group By Key": ["lineitem.l_shipmode"], "Plans": [{"Node Type": "Hash Join", "Parent Relationship": "Outer", "Join Type": "Inner", "Startup Cost": 72593.55, "Total Cost": 254912.89, "Plan Rows": 294584, "Plan Width": 27, "Actual Min Startup Time": 159.028, "Actual Max Startup Time": 220.727, "Actual Min Total Time": 1247.646, "Actual Max Total Time": 1619.563, "Inner Unique": true, "Hash Cond": "(lineitem.l_orderkey = orders.o_orderkey), (LLVM Optimized, Jit Execute)", "Plans": [{"Node Type": "Streaming(type: BROADCAST dop: 64/64)", "Parent Relationship": "Outer", "Startup Cost": 1.25, "Total Cost": 181169.87, "Plan Rows": 18853376, "Plan Width": 19, "Actual Min Startup Time": 0.125, "Actual Max Startup Time": 5.992, "Actual Min Total Time": 890.773, "Actual Max Total Time": 1326.018, "Plans": [{"Node Type": "Seq Scan", "Parent Relationship": "Outer", "Relation Name": "lineitem", "Alias": "lineitem", "Startup Cost": 1.25, "Total Cost": 106202.39, "Plan Rows": 294584, "Plan Width": 19, "Actual Min Startup Time": 0.038, "Actual Max Startup Time": 0.562, "Actual Min Total Time": 416.333, "Actual Max Total Time": 639.464, "Filter": "((l_shipmode = ANY ('{RAIL,FOB}'::bpchar[])) AND (l_commitdate < l_receiptdate) AND (l_shipdate < l_commitdate) AND (l_receiptdate >= '1997-01-01 00:00:00'::timestamp(0) without time zone) AND (l_receiptdate < '1998-01-01 00:00:00'::timestamp without time zone)), (LLVM Optimized, Jit Execute)", "Rows Removed by Filter": 59674804, "Actual Rows": 311248}], "Actual Rows": 19919872}, {"Node Type": "Hash", "Parent Relationship": "Inner", "Startup Cost": 69662.72, "Total Cost": 69662.72, "Plan Rows": 14999479, "Plan Width": 24, "Actual Min Startup Time": 157.218, "Actual Max Startup Time": 215.078, "Actual Min Total Time": 157.218, "Actual Max Total Time": 215.078, "Max Hash Buckets": 262144, "Min Hash Buckets": 262144, "Max Hash Batches": 1, "Min Hash Batches": 1, "Max Original Hash Batches": 1, "Min Original Hash Batches": 1, "Max Peak Memory Usage": 13059, "min Peak Memory Usage": 13059, "Plans": [{"Node Type": "Seq Scan", "Parent Relationship": "Outer", "Relation Name": "orders", "Alias": "orders", "Startup Cost": 0.0, "Total Cost": 69662.72, "Plan Rows": 14999479, "Plan Width": 24, "Actual Min Startup Time": 0.019, "Actual Max Startup Time": 0.73, "Actual Min Total Time": 85.457, "Actual Max Total Time": 91.485, "Actual Rows": 15000000}], "Actual Rows": 15000000}], "Actual Rows": 311248}], "Actual Rows": 128}], "Actual Rows": 128}], "Actual Rows": 2}], "Actual Rows": 2}], "Actual Rows": 2}, "Triggers": [], "Planner Runtime": 1.224, "Total Runtime": 1987.985, "Unique SQL Id": 2036526415}}, "(64, '11')": {"explain_plan": {"Plan": {"Node Type": "Sort", "Startup Cost": 2000455333216.63, "Total Cost": 2000455333216.63, "Plan Rows": 1, "Plan Width": 43, "Sort Key": ["lineitem.l_shipmode"], "Plans": [{"Node Type": "Aggregate", "Strategy": "Hashed", "Parent Relationship": "Outer", "Startup Cost": 2000455333216.61, "Total Cost": 2000455333216.62, "Plan Rows": 1, "Plan Width": 43, "Group By Key": ["lineitem.l_shipmode"], "Plans": [{"Node Type": "Merge Join", "Parent Relationship": "Outer", "Join Type": "Inner", "Startup Cost": 20036369949.75, "Total Cost": 2000455328061.39, "Plan Rows": 294584, "Plan Width": 27, "Inner Unique": false, "Merge Cond": "(orders.o_orderkey = lineitem.l_orderkey)", "Plans": [{"Node Type": "Index Scan", "Parent Relationship": "Outer", "Scan Direction": "Forward", "Index Name": "orders_pkey", "Relation Name": "orders", "Alias": "orders", "Startup Cost": 10000000000.0, "Total Cost": 1000073097843.5, "Plan Rows": 14999479, "Plan Width": 24}, {"Node Type": "Index Scan", "Parent Relationship": "Inner", "Scan Direction": "Forward", "Index Name": "idx_lineitem_orderkey", "Relation Name": "lineitem", "Alias": "lineitem", "Startup Cost": 10000000000.0, "Total Cost": 1000398999165.75, "Plan Rows": 294584, "Plan Width": 19, "Filter": "((l_shipmode = ANY ('{RAIL,FOB}'::bpchar[])) AND (l_commitdate < l_receiptdate) AND (l_shipdate < l_commitdate) AND (l_receiptdate >= '1997-01-01 00:00:00'::timestamp(0) without time zone) AND (l_receiptdate < '1998-01-01 00:00:00'::timestamp without time zone)), (LLVM Optimized)"}]}]}]}, "Unique SQL Id": 2036526415, "Planner Runtime": 0}, "explain_analyze_plan": null}, "(64, '12')": {"explain_plan": {"Plan": {"Node Type": "Sort", "Startup Cost": 254993.48, "Total Cost": 254993.48, "Plan Rows": 1, "Plan Width": 43, "Sort Key": ["lineitem.l_shipmode"], "Plans": [{"Node Type": "Streaming(type: LOCAL GATHER dop: 1/64)", "Parent Relationship": "Outer", "Startup Cost": 254993.46, "Total Cost": 254993.47, "Plan Rows": 1, "Plan Width": 43, "Plans": [{"Node Type": "Aggregate", "Strategy": "Hashed", "Parent Relationship": "Outer", "Startup Cost": 254993.46, "Total Cost": 254993.46, "Plan Rows": 1, "Plan Width": 43, "Group By Key": ["lineitem.l_shipmode"], "Plans": [{"Node Type": "Streaming(type: LOCAL REDISTRIBUTE dop: 64/64)", "Parent Relationship": "Outer", "Startup Cost": 254993.44, "Total Cost": 254993.46, "Plan Rows": 1, "Plan Width": 43, "Plans": [{"Node Type": "Aggregate", "Strategy": "Hashed", "Parent Relationship": "Outer", "Startup Cost": 254993.44, "Total Cost": 254993.44, "Plan Rows": 1, "Plan Width": 43, "Group By Key": ["lineitem.l_shipmode"], "Plans": [{"Node Type": "Hash Join", "Parent Relationship": "Outer", "Join Type": "Inner", "Startup Cost": 72593.55, "Total Cost": 254912.89, "Plan Rows": 294584, "Plan Width": 27, "Inner Unique": true, "Hash Cond": "(lineitem.l_orderkey = orders.o_orderkey), (LLVM Optimized)", "Plans": [{"Node Type": "Streaming(type: BROADCAST dop: 64/64)", "Parent Relationship": "Outer", "Startup Cost": 1.25, "Total Cost": 181169.87, "Plan Rows": 18853376, "Plan Width": 19, "Plans": [{"Node Type": "Seq Scan", "Parent Relationship": "Outer", "Relation Name": "lineitem", "Alias": "lineitem", "Startup Cost": 1.25, "Total Cost": 106202.39, "Plan Rows": 294584, "Plan Width": 19, "Filter": "((l_shipmode = ANY ('{RAIL,FOB}'::bpchar[])) AND (l_commitdate < l_receiptdate) AND (l_shipdate < l_commitdate) AND (l_receiptdate >= '1997-01-01 00:00:00'::timestamp(0) without time zone) AND (l_receiptdate < '1998-01-01 00:00:00'::timestamp without time zone)), (LLVM Optimized)"}]}, {"Node Type": "Hash", "Parent Relationship": "Inner", "Startup Cost": 69662.72, "Total Cost": 69662.72, "Plan Rows": 14999479, "Plan Width": 24, "Plans": [{"Node Type": "Seq Scan", "Parent Relationship": "Outer", "Relation Name": "orders", "Alias": "orders", "Startup Cost": 0.0, "Total Cost": 69662.72, "Plan Rows": 14999479, "Plan Width": 24}]}]}]}]}]}]}]}, "Unique SQL Id": 2036526415, "Planner Runtime": 1}, "explain_analyze_plan": {"Plan": {"Node Type": "Sort", "Startup Cost": 254993.48, "Total Cost": 254993.48, "Plan Rows": 1, "Plan Width": 43, "Actual Min Startup Time": 1935.075, "Actual Max Startup Time": 1935.075, "Actual Min Total Time": 1935.075, "Actual Max Total Time": 1935.075, "Sort Key": ["lineitem.l_shipmode"], "Sort Method": "quicksort", "Sort Space Min Used": 25, "Sort Space Max Used": 25, "Sort Space Type": "Memory", "Plans": [{"Node Type": "Streaming(type: LOCAL GATHER dop: 1/64)", "Parent Relationship": "Outer", "Startup Cost": 254993.46, "Total Cost": 254993.47, "Plan Rows": 1, "Plan Width": 43, "Actual Min Startup Time": 1934.423, "Actual Max Startup Time": 1934.423, "Actual Min Total Time": 1935.017, "Actual Max Total Time": 1935.017, "Plans": [{"Node Type": "Aggregate", "Strategy": "Hashed", "Parent Relationship": "Outer", "Startup Cost": 254993.46, "Total Cost": 254993.46, "Plan Rows": 1, "Plan Width": 43, "Actual Min Startup Time": 1418.405, "Actual Max Startup Time": 1631.823, "Actual Min Total Time": 1418.405, "Actual Max Total Time": 1631.823, "Group By Key": ["lineitem.l_shipmode"], "Plans": [{"Node Type": "Streaming(type: LOCAL REDISTRIBUTE dop: 64/64)", "Parent Relationship": "Outer", "Startup Cost": 254993.44, "Total Cost": 254993.46, "Plan Rows": 1, "Plan Width": 43, "Actual Min Startup Time": 1418.4, "Actual Max Startup Time": 1631.817, "Actual Min Total Time": 1418.4, "Actual Max Total Time": 1631.817, "Plans": [{"Node Type": "Aggregate", "Strategy": "Hashed", "Parent Relationship": "Outer", "Startup Cost": 254993.44, "Total Cost": 254993.44, "Plan Rows": 1, "Plan Width": 43, "Actual Min Startup Time": 1257.951, "Actual Max Startup Time": 1629.84, "Actual Min Total Time": 1257.953, "Actual Max Total Time": 1629.841, "Group By Key": ["lineitem.l_shipmode"], "Plans": [{"Node Type": "Hash Join", "Parent Relationship": "Outer", "Join Type": "Inner", "Startup Cost": 72593.55, "Total Cost": 254912.89, "Plan Rows": 294584, "Plan Width": 27, "Actual Min Startup Time": 159.028, "Actual Max Startup Time": 220.727, "Actual Min Total Time": 1247.646, "Actual Max Total Time": 1619.563, "Inner Unique": true, "Hash Cond": "(lineitem.l_orderkey = orders.o_orderkey), (LLVM Optimized, Jit Execute)", "Plans": [{"Node Type": "Streaming(type: BROADCAST dop: 64/64)", "Parent Relationship": "Outer", "Startup Cost": 1.25, "Total Cost": 181169.87, "Plan Rows": 18853376, "Plan Width": 19, "Actual Min Startup Time": 0.125, "Actual Max Startup Time": 5.992, "Actual Min Total Time": 890.773, "Actual Max Total Time": 1326.018, "Plans": [{"Node Type": "Seq Scan", "Parent Relationship": "Outer", "Relation Name": "lineitem", "Alias": "lineitem", "Startup Cost": 1.25, "Total Cost": 106202.39, "Plan Rows": 294584, "Plan Width": 19, "Actual Min Startup Time": 0.038, "Actual Max Startup Time": 0.562, "Actual Min Total Time": 416.333, "Actual Max Total Time": 639.464, "Filter": "((l_shipmode = ANY ('{RAIL,FOB}'::bpchar[])) AND (l_commitdate < l_receiptdate) AND (l_shipdate < l_commitdate) AND (l_receiptdate >= '1997-01-01 00:00:00'::timestamp(0) without time zone) AND (l_receiptdate < '1998-01-01 00:00:00'::timestamp without time zone)), (LLVM Optimized, Jit Execute)", "Rows Removed by Filter": 59674804, "Actual Rows": 311248}], "Actual Rows": 19919872}, {"Node Type": "Hash", "Parent Relationship": "Inner", "Startup Cost": 69662.72, "Total Cost": 69662.72, "Plan Rows": 14999479, "Plan Width": 24, "Actual Min Startup Time": 157.218, "Actual Max Startup Time": 215.078, "Actual Min Total Time": 157.218, "Actual Max Total Time": 215.078, "Max Hash Buckets": 262144, "Min Hash Buckets": 262144, "Max Hash Batches": 1, "Min Hash Batches": 1, "Max Original Hash Batches": 1, "Min Original Hash Batches": 1, "Max Peak Memory Usage": 13059, "min Peak Memory Usage": 13059, "Plans": [{"Node Type": "Seq Scan", "Parent Relationship": "Outer", "Relation Name": "orders", "Alias": "orders", "Startup Cost": 0.0, "Total Cost": 69662.72, "Plan Rows": 14999479, "Plan Width": 24, "Actual Min Startup Time": 0.019, "Actual Max Startup Time": 0.73, "Actual Min Total Time": 85.457, "Actual Max Total Time": 91.485, "Actual Rows": 15000000}], "Actual Rows": 15000000}], "Actual Rows": 311248}], "Actual Rows": 128}], "Actual Rows": 128}], "Actual Rows": 2}], "Actual Rows": 2}], "Actual Rows": 2}, "Triggers": [], "Planner Runtime": 1.224, "Total Runtime": 1987.985, "Unique SQL Id": 2036526415}}, "(64, '13')": {"explain_plan": {"Plan": {"Node Type": "Sort", "Startup Cost": 3449828.29, "Total Cost": 3449828.29, "Plan Rows": 1, "Plan Width": 43, "Sort Key": ["lineitem.l_shipmode"], "Plans": [{"Node Type": "Streaming(type: LOCAL GATHER dop: 1/64)", "Parent Relationship": "Outer", "Startup Cost": 3449828.27, "Total Cost": 3449828.28, "Plan Rows": 1, "Plan Width": 43, "Plans": [{"Node Type": "Aggregate", "Strategy": "Hashed", "Parent Relationship": "Outer", "Startup Cost": 3449828.27, "Total Cost": 3449828.27, "Plan Rows": 1, "Plan Width": 43, "Group By Key": ["lineitem.l_shipmode"], "Plans": [{"Node Type": "Streaming(type: LOCAL REDISTRIBUTE dop: 64/64)", "Parent Relationship": "Outer", "Startup Cost": 3449828.25, "Total Cost": 3449828.27, "Plan Rows": 1, "Plan Width": 43, "Plans": [{"Node Type": "Aggregate", "Strategy": "Hashed", "Parent Relationship": "Outer", "Startup Cost": 3449828.25, "Total Cost": 3449828.25, "Plan Rows": 1, "Plan Width": 43, "Group By Key": ["lineitem.l_shipmode"], "Plans": [{"Node Type": "Hash Join", "Parent Relationship": "Outer", "Join Type": "Inner", "Startup Cost": 649256.9, "Total Cost": 3449747.7, "Plan Rows": 294584, "Plan Width": 27, "Inner Unique": true, "Hash Cond": "(lineitem.l_orderkey = orders.o_orderkey), (LLVM Optimized)", "Plans": [{"Node Type": "Streaming(type: BROADCAST dop: 64/64)", "Parent Relationship": "Outer", "Startup Cost": 0.0, "Total Cost": 2799340.08, "Plan Rows": 18853376, "Plan Width": 19, "Plans": [{"Node Type": "Index Scan", "Parent Relationship": "Outer", "Scan Direction": "Forward", "Index Name": "idx_lineitem_orderkey", "Relation Name": "lineitem", "Alias": "lineitem", "Startup Cost": 0.0, "Total Cost": 2724372.61, "Plan Rows": 294584, "Plan Width": 19, "Filter": "((l_shipmode = ANY ('{RAIL,FOB}'::bpchar[])) AND (l_commitdate < l_receiptdate) AND (l_shipdate < l_commitdate) AND (l_receiptdate >= '1997-01-01 00:00:00'::timestamp(0) without time zone) AND (l_receiptdate < '1998-01-01 00:00:00'::timestamp without time zone)), (LLVM Optimized)"}]}, {"Node Type": "Hash", "Parent Relationship": "Inner", "Startup Cost": 646327.31, "Total Cost": 646327.31, "Plan Rows": 14999479, "Plan Width": 24, "Plans": [{"Node Type": "Index Scan", "Parent Relationship": "Outer", "Scan Direction": "Forward", "Index Name": "orders_pkey", "Relation Name": "orders", "Alias": "orders", "Startup Cost": 0.0, "Total Cost": 646327.31, "Plan Rows": 14999479, "Plan Width": 24}]}]}]}]}]}]}]}, "Unique SQL Id": 2036526415, "Planner Runtime": 1}, "explain_analyze_plan": {"Plan": {"Node Type": "Sort", "Startup Cost": 3449828.29, "Total Cost": 3449828.29, "Plan Rows": 1, "Plan Width": 43, "Actual Min Startup Time": 4746.649, "Actual Max Startup Time": 4746.649, "Actual Min Total Time": 4746.649, "Actual Max Total Time": 4746.649, "Sort Key": ["lineitem.l_shipmode"], "Sort Method": "quicksort", "Sort Space Min Used": 25, "Sort Space Max Used": 25, "Sort Space Type": "Memory", "Plans": [{"Node Type": "Streaming(type: LOCAL GATHER dop: 1/64)", "Parent Relationship": "Outer", "Startup Cost": 3449828.27, "Total Cost": 3449828.28, "Plan Rows": 1, "Plan Width": 43, "Actual Min Startup Time": 4744.896, "Actual Max Startup Time": 4744.896, "Actual Min Total Time": 4746.577, "Actual Max Total Time": 4746.577, "Plans": [{"Node Type": "Aggregate", "Strategy": "Hashed", "Parent Relationship": "Outer", "Startup Cost": 3449828.27, "Total Cost": 3449828.27, "Plan Rows": 1, "Plan Width": 43, "Actual Min Startup Time": 4274.293, "Actual Max Startup Time": 4398.228, "Actual Min Total Time": 4274.293, "Actual Max Total Time": 4398.228, "Group By Key": ["lineitem.l_shipmode"], "Plans": [{"Node Type": "Streaming(type: LOCAL REDISTRIBUTE dop: 64/64)", "Parent Relationship": "Outer", "Startup Cost": 3449828.25, "Total Cost": 3449828.27, "Plan Rows": 1, "Plan Width": 43, "Actual Min Startup Time": 4274.284, "Actual Max Startup Time": 4398.22, "Actual Min Total Time": 4274.284, "Actual Max Total Time": 4398.22, "Plans": [{"Node Type": "Aggregate", "Strategy": "Hashed", "Parent Relationship": "Outer", "Startup Cost": 3449828.25, "Total Cost": 3449828.25, "Plan Rows": 1, "Plan Width": 43, "Actual Min Startup Time": 4092.61, "Actual Max Startup Time": 4483.277, "Actual Min Total Time": 4092.611, "Actual Max Total Time": 4483.278, "Group By Key": ["lineitem.l_shipmode"], "Plans": [{"Node Type": "Hash Join", "Parent Relationship": "Outer", "Join Type": "Inner", "Startup Cost": 649256.9, "Total Cost": 3449747.7, "Plan Rows": 294584, "Plan Width": 27, "Actual Min Startup Time": 2670.617, "Actual Max Startup Time": 3066.906, "Actual Min Total Time": 4081.58, "Actual Max Total Time": 4475.509, "Inner Unique": true, "Hash Cond": "(lineitem.l_orderkey = orders.o_orderkey), (LLVM Optimized, Jit Execute)", "Plans": [{"Node Type": "Streaming(type: BROADCAST dop: 64/64)", "Parent Relationship": "Outer", "Startup Cost": 0.0, "Total Cost": 2799340.08, "Plan Rows": 18853376, "Plan Width": 19, "Actual Min Startup Time": 1575.849, "Actual Max Startup Time": 1619.999, "Actual Min Total Time": 2810.256, "Actual Max Total Time": 2910.921, "Plans": [{"Node Type": "Index Scan", "Parent Relationship": "Outer", "Scan Direction": "Forward", "Index Name": "idx_lineitem_orderkey", "Relation Name": "lineitem", "Alias": "lineitem", "Startup Cost": 0.0, "Total Cost": 2724372.61, "Plan Rows": 294584, "Plan Width": 19, "Actual Min Startup Time": 2652.522, "Actual Max Startup Time": 3055.949, "Actual Min Total Time": 3622.531, "Actual Max Total Time": 3851.498, "Filter": "((l_shipmode = ANY ('{RAIL,FOB}'::bpchar[])) AND (l_commitdate < l_receiptdate) AND (l_shipdate < l_commitdate) AND (l_receiptdate >= '1997-01-01 00:00:00'::timestamp(0) without time zone) AND (l_receiptdate < '1998-01-01 00:00:00'::timestamp without time zone)), (LLVM Optimized, Jit Execute)", "Rows Removed by Filter": 59674804, "Actual Rows": 311248}], "Actual Rows": 19919872}, {"Node Type": "Hash", "Parent Relationship": "Inner", "Startup Cost": 646327.31, "Total Cost": 646327.31, "Plan Rows": 14999479, "Plan Width": 24, "Actual Min Startup Time": 1054.367, "Actual Max Startup Time": 1451.859, "Actual Min Total Time": 1054.367, "Actual Max Total Time": 1451.859, "Max Hash Buckets": 262144, "Min Hash Buckets": 262144, "Max Hash Batches": 1, "Min Hash Batches": 1, "Max Original Hash Batches": 1, "Min Original Hash Batches": 1, "Max Peak Memory Usage": 12827, "min Peak Memory Usage": 12827, "Plans": [{"Node Type": "Index Scan", "Parent Relationship": "Outer", "Scan Direction": "Forward", "Index Name": "orders_pkey", "Relation Name": "orders", "Alias": "orders", "Startup Cost": 0.0, "Total Cost": 646327.31, "Plan Rows": 14999479, "Plan Width": 24, "Actual Min Startup Time": 790.395, "Actual Max Startup Time": 1182.717, "Actual Min Total Time": 972.997, "Actual Max Total Time": 1366.525, "Actual Rows": 15000000}], "Actual Rows": 15000000}], "Actual Rows": 311248}], "Actual Rows": 128}], "Actual Rows": 128}], "Actual Rows": 2}], "Actual Rows": 2}], "Actual Rows": 2}, "Triggers": [], "Planner Runtime": 1.363, "Total Runtime": 4801.516, "Unique SQL Id": 2036526415}}, "(64, '14')": {"explain_plan": {"Plan": {"Node Type": "Sort", "Startup Cost": 254993.48, "Total Cost": 254993.48, "Plan Rows": 1, "Plan Width": 43, "Sort Key": ["lineitem.l_shipmode"], "Plans": [{"Node Type": "Streaming(type: LOCAL GATHER dop: 1/64)", "Parent Relationship": "Outer", "Startup Cost": 254993.46, "Total Cost": 254993.47, "Plan Rows": 1, "Plan Width": 43, "Plans": [{"Node Type": "Aggregate", "Strategy": "Hashed", "Parent Relationship": "Outer", "Startup Cost": 254993.46, "Total Cost": 254993.46, "Plan Rows": 1, "Plan Width": 43, "Group By Key": ["lineitem.l_shipmode"], "Plans": [{"Node Type": "Streaming(type: LOCAL REDISTRIBUTE dop: 64/64)", "Parent Relationship": "Outer", "Startup Cost": 254993.44, "Total Cost": 254993.46, "Plan Rows": 1, "Plan Width": 43, "Plans": [{"Node Type": "Aggregate", "Strategy": "Hashed", "Parent Relationship": "Outer", "Startup Cost": 254993.44, "Total Cost": 254993.44, "Plan Rows": 1, "Plan Width": 43, "Group By Key": ["lineitem.l_shipmode"], "Plans": [{"Node Type": "Hash Join", "Parent Relationship": "Outer", "Join Type": "Inner", "Startup Cost": 72593.55, "Total Cost": 254912.89, "Plan Rows": 294584, "Plan Width": 27, "Inner Unique": true, "Hash Cond": "(lineitem.l_orderkey = orders.o_orderkey), (LLVM Optimized)", "Plans": [{"Node Type": "Streaming(type: BROADCAST dop: 64/64)", "Parent Relationship": "Outer", "Startup Cost": 1.25, "Total Cost": 181169.87, "Plan Rows": 18853376, "Plan Width": 19, "Plans": [{"Node Type": "Seq Scan", "Parent Relationship": "Outer", "Relation Name": "lineitem", "Alias": "lineitem", "Startup Cost": 1.25, "Total Cost": 106202.39, "Plan Rows": 294584, "Plan Width": 19, "Filter": "((l_shipmode = ANY ('{RAIL,FOB}'::bpchar[])) AND (l_commitdate < l_receiptdate) AND (l_shipdate < l_commitdate) AND (l_receiptdate >= '1997-01-01 00:00:00'::timestamp(0) without time zone) AND (l_receiptdate < '1998-01-01 00:00:00'::timestamp without time zone)), (LLVM Optimized)"}]}, {"Node Type": "Hash", "Parent Relationship": "Inner", "Startup Cost": 69662.72, "Total Cost": 69662.72, "Plan Rows": 14999479, "Plan Width": 24, "Plans": [{"Node Type": "Seq Scan", "Parent Relationship": "Outer", "Relation Name": "orders", "Alias": "orders", "Startup Cost": 0.0, "Total Cost": 69662.72, "Plan Rows": 14999479, "Plan Width": 24}]}]}]}]}]}]}]}, "Unique SQL Id": 2036526415, "Planner Runtime": 0}, "explain_analyze_plan": {"Plan": {"Node Type": "Sort", "Startup Cost": 254993.48, "Total Cost": 254993.48, "Plan Rows": 1, "Plan Width": 43, "Actual Min Startup Time": 1935.075, "Actual Max Startup Time": 1935.075, "Actual Min Total Time": 1935.075, "Actual Max Total Time": 1935.075, "Sort Key": ["lineitem.l_shipmode"], "Sort Method": "quicksort", "Sort Space Min Used": 25, "Sort Space Max Used": 25, "Sort Space Type": "Memory", "Plans": [{"Node Type": "Streaming(type: LOCAL GATHER dop: 1/64)", "Parent Relationship": "Outer", "Startup Cost": 254993.46, "Total Cost": 254993.47, "Plan Rows": 1, "Plan Width": 43, "Actual Min Startup Time": 1934.423, "Actual Max Startup Time": 1934.423, "Actual Min Total Time": 1935.017, "Actual Max Total Time": 1935.017, "Plans": [{"Node Type": "Aggregate", "Strategy": "Hashed", "Parent Relationship": "Outer", "Startup Cost": 254993.46, "Total Cost": 254993.46, "Plan Rows": 1, "Plan Width": 43, "Actual Min Startup Time": 1418.405, "Actual Max Startup Time": 1631.823, "Actual Min Total Time": 1418.405, "Actual Max Total Time": 1631.823, "Group By Key": ["lineitem.l_shipmode"], "Plans": [{"Node Type": "Streaming(type: LOCAL REDISTRIBUTE dop: 64/64)", "Parent Relationship": "Outer", "Startup Cost": 254993.44, "Total Cost": 254993.46, "Plan Rows": 1, "Plan Width": 43, "Actual Min Startup Time": 1418.4, "Actual Max Startup Time": 1631.817, "Actual Min Total Time": 1418.4, "Actual Max Total Time": 1631.817, "Plans": [{"Node Type": "Aggregate", "Strategy": "Hashed", "Parent Relationship": "Outer", "Startup Cost": 254993.44, "Total Cost": 254993.44, "Plan Rows": 1, "Plan Width": 43, "Actual Min Startup Time": 1257.951, "Actual Max Startup Time": 1629.84, "Actual Min Total Time": 1257.953, "Actual Max Total Time": 1629.841, "Group By Key": ["lineitem.l_shipmode"], "Plans": [{"Node Type": "Hash Join", "Parent Relationship": "Outer", "Join Type": "Inner", "Startup Cost": 72593.55, "Total Cost": 254912.89, "Plan Rows": 294584, "Plan Width": 27, "Actual Min Startup Time": 159.028, "Actual Max Startup Time": 220.727, "Actual Min Total Time": 1247.646, "Actual Max Total Time": 1619.563, "Inner Unique": true, "Hash Cond": "(lineitem.l_orderkey = orders.o_orderkey), (LLVM Optimized, Jit Execute)", "Plans": [{"Node Type": "Streaming(type: BROADCAST dop: 64/64)", "Parent Relationship": "Outer", "Startup Cost": 1.25, "Total Cost": 181169.87, "Plan Rows": 18853376, "Plan Width": 19, "Actual Min Startup Time": 0.125, "Actual Max Startup Time": 5.992, "Actual Min Total Time": 890.773, "Actual Max Total Time": 1326.018, "Plans": [{"Node Type": "Seq Scan", "Parent Relationship": "Outer", "Relation Name": "lineitem", "Alias": "lineitem", "Startup Cost": 1.25, "Total Cost": 106202.39, "Plan Rows": 294584, "Plan Width": 19, "Actual Min Startup Time": 0.038, "Actual Max Startup Time": 0.562, "Actual Min Total Time": 416.333, "Actual Max Total Time": 639.464, "Filter": "((l_shipmode = ANY ('{RAIL,FOB}'::bpchar[])) AND (l_commitdate < l_receiptdate) AND (l_shipdate < l_commitdate) AND (l_receiptdate >= '1997-01-01 00:00:00'::timestamp(0) without time zone) AND (l_receiptdate < '1998-01-01 00:00:00'::timestamp without time zone)), (LLVM Optimized, Jit Execute)", "Rows Removed by Filter": 59674804, "Actual Rows": 311248}], "Actual Rows": 19919872}, {"Node Type": "Hash", "Parent Relationship": "Inner", "Startup Cost": 69662.72, "Total Cost": 69662.72, "Plan Rows": 14999479, "Plan Width": 24, "Actual Min Startup Time": 157.218, "Actual Max Startup Time": 215.078, "Actual Min Total Time": 157.218, "Actual Max Total Time": 215.078, "Max Hash Buckets": 262144, "Min Hash Buckets": 262144, "Max Hash Batches": 1, "Min Hash Batches": 1, "Max Original Hash Batches": 1, "Min Original Hash Batches": 1, "Max Peak Memory Usage": 13059, "min Peak Memory Usage": 13059, "Plans": [{"Node Type": "Seq Scan", "Parent Relationship": "Outer", "Relation Name": "orders", "Alias": "orders", "Startup Cost": 0.0, "Total Cost": 69662.72, "Plan Rows": 14999479, "Plan Width": 24, "Actual Min Startup Time": 0.019, "Actual Max Startup Time": 0.73, "Actual Min Total Time": 85.457, "Actual Max Total Time": 91.485, "Actual Rows": 15000000}], "Actual Rows": 15000000}], "Actual Rows": 311248}], "Actual Rows": 128}], "Actual Rows": 128}], "Actual Rows": 2}], "Actual Rows": 2}], "Actual Rows": 2}, "Triggers": [], "Planner Runtime": 1.224, "Total Runtime": 1987.985, "Unique SQL Id": 2036526415}}, "(64, '15')": {"explain_plan": {"Plan": {"Node Type": "Sort", "Startup Cost": 2000455333216.63, "Total Cost": 2000455333216.63, "Plan Rows": 1, "Plan Width": 43, "Sort Key": ["lineitem.l_shipmode"], "Plans": [{"Node Type": "Aggregate", "Strategy": "Hashed", "Parent Relationship": "Outer", "Startup Cost": 2000455333216.61, "Total Cost": 2000455333216.62, "Plan Rows": 1, "Plan Width": 43, "Group By Key": ["lineitem.l_shipmode"], "Plans": [{"Node Type": "Merge Join", "Parent Relationship": "Outer", "Join Type": "Inner", "Startup Cost": 20036369949.75, "Total Cost": 2000455328061.39, "Plan Rows": 294584, "Plan Width": 27, "Inner Unique": false, "Merge Cond": "(orders.o_orderkey = lineitem.l_orderkey)", "Plans": [{"Node Type": "Index Scan", "Parent Relationship": "Outer", "Scan Direction": "Forward", "Index Name": "orders_pkey", "Relation Name": "orders", "Alias": "orders", "Startup Cost": 10000000000.0, "Total Cost": 1000073097843.5, "Plan Rows": 14999479, "Plan Width": 24}, {"Node Type": "Index Scan", "Parent Relationship": "Inner", "Scan Direction": "Forward", "Index Name": "idx_lineitem_orderkey", "Relation Name": "lineitem", "Alias": "lineitem", "Startup Cost": 10000000000.0, "Total Cost": 1000398999165.75, "Plan Rows": 294584, "Plan Width": 19, "Filter": "((l_shipmode = ANY ('{RAIL,FOB}'::bpchar[])) AND (l_commitdate < l_receiptdate) AND (l_shipdate < l_commitdate) AND (l_receiptdate >= '1997-01-01 00:00:00'::timestamp(0) without time zone) AND (l_receiptdate < '1998-01-01 00:00:00'::timestamp without time zone)), (LLVM Optimized)"}]}]}]}, "Unique SQL Id": 2036526415, "Planner Runtime": 0}, "explain_analyze_plan": null}, "(64, '16')": {"explain_plan": {"Plan": {"Node Type": "Sort", "Startup Cost": 1198202.39, "Total Cost": 1198202.39, "Plan Rows": 1, "Plan Width": 43, "Sort Key": ["lineitem.l_shipmode"], "Plans": [{"Node Type": "Aggregate", "Strategy": "Hashed", "Parent Relationship": "Outer", "Startup Cost": 1198202.37, "Total Cost": 1198202.38, "Plan Rows": 1, "Plan Width": 43, "Group By Key": ["lineitem.l_shipmode"], "Plans": [{"Node Type": "Nested Loop", "Parent Relationship": "Outer", "Join Type": "Inner", "Startup Cost": 1.25, "Total Cost": 1193047.15, "Plan Rows": 294584, "Plan Width": 27, "Inner Unique": true, "Plans": [{"Node Type": "Streaming(type: LOCAL GATHER dop: 1/64)", "Parent Relationship": "Outer", "Startup Cost": 1.25, "Total Cost": 112279.63, "Plan Rows": 294584, "Plan Width": 19, "Plans": [{"Node Type": "Seq Scan", "Parent Relationship": "Outer", "Relation Name": "lineitem", "Alias": "lineitem", "Startup Cost": 1.25, "Total Cost": 106202.39, "Plan Rows": 294584, "Plan Width": 19, "Filter": "((l_shipmode = ANY ('{RAIL,FOB}'::bpchar[])) AND (l_commitdate < l_receiptdate) AND (l_shipdate < l_commitdate) AND (l_receiptdate >= '1997-01-01 00:00:00'::timestamp(0) without time zone) AND (l_receiptdate < '1998-01-01 00:00:00'::timestamp without time zone)), (LLVM Optimized)"}]}, {"Node Type": "Index Scan", "Parent Relationship": "Inner", "Scan Direction": "Forward", "Index Name": "orders_pkey", "Relation Name": "orders", "Alias": "orders", "Startup Cost": 0.0, "Total Cost": 3.66, "Plan Rows": 1, "Plan Width": 24, "Index Cond": "(o_orderkey = lineitem.l_orderkey)"}]}]}]}, "Unique SQL Id": 2036526415, "Planner Runtime": 0}, "explain_analyze_plan": {"Plan": {"Node Type": "Sort", "Startup Cost": 1198202.39, "Total Cost": 1198202.39, "Plan Rows": 1, "Plan Width": 43, "Actual Min Startup Time": 2413.164, "Actual Max Startup Time": 2413.164, "Actual Min Total Time": 2413.165, "Actual Max Total Time": 2413.165, "Sort Key": ["lineitem.l_shipmode"], "Sort Method": "quicksort", "Sort Space Min Used": 25, "Sort Space Max Used": 25, "Sort Space Type": "Memory", "Plans": [{"Node Type": "Aggregate", "Strategy": "Hashed", "Parent Relationship": "Outer", "Startup Cost": 1198202.37, "Total Cost": 1198202.38, "Plan Rows": 1, "Plan Width": 43, "Actual Min Startup Time": 2413.109, "Actual Max Startup Time": 2413.109, "Actual Min Total Time": 2413.11, "Actual Max Total Time": 2413.11, "Group By Key": ["lineitem.l_shipmode"], "Plans": [{"Node Type": "Nested Loop", "Parent Relationship": "Outer", "Join Type": "Inner", "Startup Cost": 1.25, "Total Cost": 1193047.15, "Plan Rows": 294584, "Plan Width": 27, "Actual Min Startup Time": 124.405, "Actual Max Startup Time": 124.405, "Actual Min Total Time": 2097.461, "Actual Max Total Time": 2097.461, "Inner Unique": true, "Plans": [{"Node Type": "Streaming(type: LOCAL GATHER dop: 1/64)", "Parent Relationship": "Outer", "Startup Cost": 1.25, "Total Cost": 112279.63, "Plan Rows": 294584, "Plan Width": 19, "Actual Min Startup Time": 124.329, "Actual Max Startup Time": 124.329, "Actual Min Total Time": 282.816, "Actual Max Total Time": 282.816, "Plans": [{"Node Type": "Seq Scan", "Parent Relationship": "Outer", "Relation Name": "lineitem", "Alias": "lineitem", "Startup Cost": 1.25, "Total Cost": 106202.39, "Plan Rows": 294584, "Plan Width": 19, "Actual Min Startup Time": 0.036, "Actual Max Startup Time": 0.553, "Actual Min Total Time": 480.488, "Actual Max Total Time": 624.177, "Filter": "((l_shipmode = ANY ('{RAIL,FOB}'::bpchar[])) AND (l_commitdate < l_receiptdate) AND (l_shipdate < l_commitdate) AND (l_receiptdate >= '1997-01-01 00:00:00'::timestamp(0) without time zone) AND (l_receiptdate < '1998-01-01 00:00:00'::timestamp without time zone)), (LLVM Optimized, Jit Execute)", "Rows Removed by Filter": 59674804, "Actual Rows": 311248}], "Actual Rows": 311248}, {"Node Type": "Index Scan", "Parent Relationship": "Inner", "Scan Direction": "Forward", "Index Name": "orders_pkey", "Relation Name": "orders", "Alias": "orders", "Startup Cost": 0.0, "Total Cost": 3.66, "Plan Rows": 1, "Plan Width": 24, "Actual Min Startup Time": 1556.899, "Actual Max Startup Time": 1556.899, "Actual Min Total Time": 1556.899, "Actual Max Total Time": 1556.899, "Index Cond": "(o_orderkey = lineitem.l_orderkey)", "Rows Removed by Index Recheck": 0, "Actual Rows": 311248}], "Actual Rows": 311248}], "Actual Rows": 2}], "Actual Rows": 2}, "Triggers": [], "Planner Runtime": 0.74, "Total Runtime": 2436.087, "Unique SQL Id": 2036526415}}, "(64, '17')": {"explain_plan": {"Plan": {"Node Type": "Sort", "Startup Cost": 3816372.6, "Total Cost": 3816372.6, "Plan Rows": 1, "Plan Width": 43, "Sort Key": ["lineitem.l_shipmode"], "Plans": [{"Node Type": "Aggregate", "Strategy": "Hashed", "Parent Relationship": "Outer", "Startup Cost": 3816372.58, "Total Cost": 3816372.59, "Plan Rows": 1, "Plan Width": 43, "Group By Key": ["lineitem.l_shipmode"], "Plans": [{"Node Type": "Nested Loop", "Parent Relationship": "Outer", "Join Type": "Inner", "Startup Cost": 0.0, "Total Cost": 3811217.36, "Plan Rows": 294584, "Plan Width": 27, "Inner Unique": true, "Plans": [{"Node Type": "Streaming(type: LOCAL GATHER dop: 1/64)", "Parent Relationship": "Outer", "Startup Cost": 0.0, "Total Cost": 2730449.84, "Plan Rows": 294584, "Plan Width": 19, "Plans": [{"Node Type": "Index Scan", "Parent Relationship": "Outer", "Scan Direction": "Forward", "Index Name": "idx_lineitem_orderkey", "Relation Name": "lineitem", "Alias": "lineitem", "Startup Cost": 0.0, "Total Cost": 2724372.61, "Plan Rows": 294584, "Plan Width": 19, "Filter": "((l_shipmode = ANY ('{RAIL,FOB}'::bpchar[])) AND (l_commitdate < l_receiptdate) AND (l_shipdate < l_commitdate) AND (l_receiptdate >= '1997-01-01 00:00:00'::timestamp(0) without time zone) AND (l_receiptdate < '1998-01-01 00:00:00'::timestamp without time zone)), (LLVM Optimized)"}]}, {"Node Type": "Index Scan", "Parent Relationship": "Inner", "Scan Direction": "Forward", "Index Name": "orders_pkey", "Relation Name": "orders", "Alias": "orders", "Startup Cost": 0.0, "Total Cost": 3.66, "Plan Rows": 1, "Plan Width": 24, "Index Cond": "(o_orderkey = lineitem.l_orderkey)"}]}]}]}, "Unique SQL Id": 2036526415, "Planner Runtime": 1}, "explain_analyze_plan": {"Plan": {"Node Type": "Sort", "Startup Cost": 3816372.6, "Total Cost": 3816372.6, "Plan Rows": 1, "Plan Width": 43, "Actual Min Startup Time": 3195.074, "Actual Max Startup Time": 3195.074, "Actual Min Total Time": 3195.074, "Actual Max Total Time": 3195.074, "Sort Key": ["lineitem.l_shipmode"], "Sort Method": "quicksort", "Sort Space Min Used": 25, "Sort Space Max Used": 25, "Sort Space Type": "Memory", "Plans": [{"Node Type": "Aggregate", "Strategy": "Hashed", "Parent Relationship": "Outer", "Startup Cost": 3816372.58, "Total Cost": 3816372.59, "Plan Rows": 1, "Plan Width": 43, "Actual Min Startup Time": 3195.011, "Actual Max Startup Time": 3195.011, "Actual Min Total Time": 3195.013, "Actual Max Total Time": 3195.013, "Group By Key": ["lineitem.l_shipmode"], "Plans": [{"Node Type": "Nested Loop", "Parent Relationship": "Outer", "Join Type": "Inner", "Startup Cost": 0.0, "Total Cost": 3811217.36, "Plan Rows": 294584, "Plan Width": 27, "Actual Min Startup Time": 968.954, "Actual Max Startup Time": 968.954, "Actual Min Total Time": 2904.337, "Actual Max Total Time": 2904.337, "Inner Unique": true, "Plans": [{"Node Type": "Streaming(type: LOCAL GATHER dop: 1/64)", "Parent Relationship": "Outer", "Startup Cost": 0.0, "Total Cost": 2730449.84, "Plan Rows": 294584, "Plan Width": 19, "Actual Min Startup Time": 968.908, "Actual Max Startup Time": 968.908, "Actual Min Total Time": 1117.392, "Actual Max Total Time": 1117.392, "Plans": [{"Node Type": "Index Scan", "Parent Relationship": "Outer", "Scan Direction": "Forward", "Index Name": "idx_lineitem_orderkey", "Relation Name": "lineitem", "Alias": "lineitem", "Startup Cost": 0.0, "Total Cost": 2724372.61, "Plan Rows": 294584, "Plan Width": 19, "Actual Min Startup Time": 675.389, "Actual Max Startup Time": 845.225, "Actual Min Total Time": 1508.922, "Actual Max Total Time": 1713.81, "Filter": "((l_shipmode = ANY ('{RAIL,FOB}'::bpchar[])) AND (l_commitdate < l_receiptdate) AND (l_shipdate < l_commitdate) AND (l_receiptdate >= '1997-01-01 00:00:00'::timestamp(0) without time zone) AND (l_receiptdate < '1998-01-01 00:00:00'::timestamp without time zone)), (LLVM Optimized, Jit Execute)", "Rows Removed by Filter": 59674804, "Actual Rows": 311248}], "Actual Rows": 311248}, {"Node Type": "Index Scan", "Parent Relationship": "Inner", "Scan Direction": "Forward", "Index Name": "orders_pkey", "Relation Name": "orders", "Alias": "orders", "Startup Cost": 0.0, "Total Cost": 3.66, "Plan Rows": 1, "Plan Width": 24, "Actual Min Startup Time": 1530.963, "Actual Max Startup Time": 1530.963, "Actual Min Total Time": 1530.963, "Actual Max Total Time": 1530.963, "Index Cond": "(o_orderkey = lineitem.l_orderkey)", "Rows Removed by Index Recheck": 0, "Actual Rows": 311248}], "Actual Rows": 311248}], "Actual Rows": 2}], "Actual Rows": 2}, "Triggers": [], "Planner Runtime": 0.814, "Total Runtime": 3218.328, "Unique SQL Id": 2036526415}}, "(64, '18')": {"explain_plan": {"Plan": {"Node Type": "Sort", "Startup Cost": 1607892.03, "Total Cost": 1607892.04, "Plan Rows": 1, "Plan Width": 43, "Sort Key": ["lineitem.l_shipmode"], "Plans": [{"Node Type": "Aggregate", "Strategy": "Hashed", "Parent Relationship": "Outer", "Startup Cost": 1607892.01, "Total Cost": 1607892.02, "Plan Rows": 1, "Plan Width": 43, "Group By Key": ["lineitem.l_shipmode"], "Plans": [{"Node Type": "Nested Loop", "Parent Relationship": "Outer", "Join Type": "Inner", "Startup Cost": 2.29, "Total Cost": 1602736.79, "Plan Rows": 294584, "Plan Width": 27, "Inner Unique": true, "Plans": [{"Node Type": "Streaming(type: LOCAL GATHER dop: 1/64)", "Parent Relationship": "Outer", "Startup Cost": 1.25, "Total Cost": 112279.63, "Plan Rows": 294584, "Plan Width": 19, "Plans": [{"Node Type": "Seq Scan", "Parent Relationship": "Outer", "Relation Name": "lineitem", "Alias": "lineitem", "Startup Cost": 1.25, "Total Cost": 106202.39, "Plan Rows": 294584, "Plan Width": 19, "Filter": "((l_shipmode = ANY ('{RAIL,FOB}'::bpchar[])) AND (l_commitdate < l_receiptdate) AND (l_shipdate < l_commitdate) AND (l_receiptdate >= '1997-01-01 00:00:00'::timestamp(0) without time zone) AND (l_receiptdate < '1998-01-01 00:00:00'::timestamp without time zone)), (LLVM Optimized)"}]}, {"Node Type": "Bitmap Heap Scan", "Parent Relationship": "Inner", "Relation Name": "orders", "Alias": "orders", "Startup Cost": 1.04, "Total Cost": 5.05, "Plan Rows": 1, "Plan Width": 24, "Recheck Cond": "(o_orderkey = lineitem.l_orderkey)", "Plans": [{"Node Type": "Bitmap Index Scan", "Parent Relationship": "Outer", "Index Name": "orders_pkey", "Startup Cost": 0.0, "Total Cost": 1.04, "Plan Rows": 1, "Plan Width": 0, "Index Cond": "(o_orderkey = lineitem.l_orderkey)"}]}]}]}]}, "Unique SQL Id": 2036526415, "Planner Runtime": 1}, "explain_analyze_plan": {"Plan": {"Node Type": "Sort", "Startup Cost": 1607892.03, "Total Cost": 1607892.04, "Plan Rows": 1, "Plan Width": 43, "Actual Min Startup Time": 2927.841, "Actual Max Startup Time": 2927.841, "Actual Min Total Time": 2927.841, "Actual Max Total Time": 2927.841, "Sort Key": ["lineitem.l_shipmode"], "Sort Method": "quicksort", "Sort Space Min Used": 25, "Sort Space Max Used": 25, "Sort Space Type": "Memory", "Plans": [{"Node Type": "Aggregate", "Strategy": "Hashed", "Parent Relationship": "Outer", "Startup Cost": 1607892.01, "Total Cost": 1607892.02, "Plan Rows": 1, "Plan Width": 43, "Actual Min Startup Time": 2927.791, "Actual Max Startup Time": 2927.791, "Actual Min Total Time": 2927.792, "Actual Max Total Time": 2927.792, "Group By Key": ["lineitem.l_shipmode"], "Plans": [{"Node Type": "Nested Loop", "Parent Relationship": "Outer", "Join Type": "Inner", "Startup Cost": 2.29, "Total Cost": 1602736.79, "Plan Rows": 294584, "Plan Width": 27, "Actual Min Startup Time": 111.685, "Actual Max Startup Time": 111.685, "Actual Min Total Time": 2603.313, "Actual Max Total Time": 2603.313, "Inner Unique": true, "Plans": [{"Node Type": "Streaming(type: LOCAL GATHER dop: 1/64)", "Parent Relationship": "Outer", "Startup Cost": 1.25, "Total Cost": 112279.63, "Plan Rows": 294584, "Plan Width": 19, "Actual Min Startup Time": 111.61, "Actual Max Startup Time": 111.61, "Actual Min Total Time": 290.699, "Actual Max Total Time": 290.699, "Plans": [{"Node Type": "Seq Scan", "Parent Relationship": "Outer", "Relation Name": "lineitem", "Alias": "lineitem", "Startup Cost": 1.25, "Total Cost": 106202.39, "Plan Rows": 294584, "Plan Width": 19, "Actual Min Startup Time": 0.037, "Actual Max Startup Time": 0.556, "Actual Min Total Time": 454.047, "Actual Max Total Time": 622.055, "Filter": "((l_shipmode = ANY ('{RAIL,FOB}'::bpchar[])) AND (l_commitdate < l_receiptdate) AND (l_shipdate < l_commitdate) AND (l_receiptdate >= '1997-01-01 00:00:00'::timestamp(0) without time zone) AND (l_receiptdate < '1998-01-01 00:00:00'::timestamp without time zone)), (LLVM Optimized, Jit Execute)", "Rows Removed by Filter": 59674804, "Actual Rows": 311248}], "Actual Rows": 311248}, {"Node Type": "Bitmap Heap Scan", "Parent Relationship": "Inner", "Relation Name": "orders", "Alias": "orders", "Startup Cost": 1.04, "Total Cost": 5.05, "Plan Rows": 1, "Plan Width": 24, "Actual Min Startup Time": 1879.975, "Actual Max Startup Time": 1879.975, "Actual Min Total Time": 1879.975, "Actual Max Total Time": 1879.975, "Recheck Cond": "(o_orderkey = lineitem.l_orderkey)", "Rows Removed by Index Recheck": 0, "Exact Heap Blocks": 311248, "Lossy Heap Blocks": 311248, "Plans": [{"Node Type": "Bitmap Index Scan", "Parent Relationship": "Outer", "Index Name": "orders_pkey", "Startup Cost": 0.0, "Total Cost": 1.04, "Plan Rows": 1, "Plan Width": 0, "Actual Min Startup Time": 1049.498, "Actual Max Startup Time": 1049.498, "Actual Min Total Time": 1049.498, "Actual Max Total Time": 1049.498, "Index Cond": "(o_orderkey = lineitem.l_orderkey)", "Actual Rows": 311248}], "Actual Rows": 311248}], "Actual Rows": 311248}], "Actual Rows": 2}], "Actual Rows": 2}, "Triggers": [], "Planner Runtime": 0.805, "Total Runtime": 2951.673, "Unique SQL Id": 2036526415}}, "(64, '19')": {"explain_plan": {"Plan": {"Node Type": "Sort", "Startup Cost": 5485674.71, "Total Cost": 5485674.71, "Plan Rows": 1, "Plan Width": 43, "Sort Key": ["lineitem.l_shipmode"], "Plans": [{"Node Type": "Aggregate", "Strategy": "Hashed", "Parent Relationship": "Outer", "Startup Cost": 5485674.69, "Total Cost": 5485674.7, "Plan Rows": 1, "Plan Width": 43, "Group By Key": ["lineitem.l_shipmode"], "Plans": [{"Node Type": "Nested Loop", "Parent Relationship": "Outer", "Join Type": "Inner", "Startup Cost": 1225110.1, "Total Cost": 5480519.47, "Plan Rows": 294584, "Plan Width": 27, "Inner Unique": true, "Plans": [{"Node Type": "Bitmap Heap Scan", "Parent Relationship": "Outer", "Relation Name": "lineitem", "Alias": "lineitem", "Startup Cost": 1225109.06, "Total Cost": 3990062.3, "Plan Rows": 294584, "Plan Width": 19, "Filter": "((l_shipmode = ANY ('{RAIL,FOB}'::bpchar[])) AND (l_commitdate < l_receiptdate) AND (l_shipdate < l_commitdate) AND (l_receiptdate >= '1997-01-01 00:00:00'::timestamp(0) without time zone) AND (l_receiptdate < '1998-01-01 00:00:00'::timestamp without time zone)), (LLVM Optimized)", "Plans": [{"Node Type": "Bitmap Index Scan", "Parent Relationship": "Outer", "Index Name": "idx_lineitem_orderkey", "Startup Cost": 0.0, "Total Cost": 1225035.42, "Plan Rows": 59987033, "Plan Width": 0}]}, {"Node Type": "Bitmap Heap Scan", "Parent Relationship": "Inner", "Relation Name": "orders", "Alias": "orders", "Startup Cost": 1.04, "Total Cost": 5.05, "Plan Rows": 1, "Plan Width": 24, "Recheck Cond": "(o_orderkey = lineitem.l_orderkey)", "Plans": [{"Node Type": "Bitmap Index Scan", "Parent Relationship": "Outer", "Index Name": "orders_pkey", "Startup Cost": 0.0, "Total Cost": 1.04, "Plan Rows": 1, "Plan Width": 0, "Index Cond": "(o_orderkey = lineitem.l_orderkey)"}]}]}]}]}, "Unique SQL Id": 2036526415, "Planner Runtime": 1}, "explain_analyze_plan": null}, "(64, '20')": {"explain_plan": {"Plan": {"Node Type": "Sort", "Startup Cost": 1198202.39, "Total Cost": 1198202.39, "Plan Rows": 1, "Plan Width": 43, "Sort Key": ["lineitem.l_shipmode"], "Plans": [{"Node Type": "Aggregate", "Strategy": "Hashed", "Parent Relationship": "Outer", "Startup Cost": 1198202.37, "Total Cost": 1198202.38, "Plan Rows": 1, "Plan Width": 43, "Group By Key": ["lineitem.l_shipmode"], "Plans": [{"Node Type": "Nested Loop", "Parent Relationship": "Outer", "Join Type": "Inner", "Startup Cost": 1.25, "Total Cost": 1193047.15, "Plan Rows": 294584, "Plan Width": 27, "Inner Unique": true, "Plans": [{"Node Type": "Streaming(type: LOCAL GATHER dop: 1/64)", "Parent Relationship": "Outer", "Startup Cost": 1.25, "Total Cost": 112279.63, "Plan Rows": 294584, "Plan Width": 19, "Plans": [{"Node Type": "Seq Scan", "Parent Relationship": "Outer", "Relation Name": "lineitem", "Alias": "lineitem", "Startup Cost": 1.25, "Total Cost": 106202.39, "Plan Rows": 294584, "Plan Width": 19, "Filter": "((l_shipmode = ANY ('{RAIL,FOB}'::bpchar[])) AND (l_commitdate < l_receiptdate) AND (l_shipdate < l_commitdate) AND (l_receiptdate >= '1997-01-01 00:00:00'::timestamp(0) without time zone) AND (l_receiptdate < '1998-01-01 00:00:00'::timestamp without time zone)), (LLVM Optimized)"}]}, {"Node Type": "Index Scan", "Parent Relationship": "Inner", "Scan Direction": "Forward", "Index Name": "orders_pkey", "Relation Name": "orders", "Alias": "orders", "Startup Cost": 0.0, "Total Cost": 3.66, "Plan Rows": 1, "Plan Width": 24, "Index Cond": "(o_orderkey = lineitem.l_orderkey)"}]}]}]}, "Unique SQL Id": 2036526415, "Planner Runtime": 1}, "explain_analyze_plan": {"Plan": {"Node Type": "Sort", "Startup Cost": 1198202.39, "Total Cost": 1198202.39, "Plan Rows": 1, "Plan Width": 43, "Actual Min Startup Time": 2413.164, "Actual Max Startup Time": 2413.164, "Actual Min Total Time": 2413.165, "Actual Max Total Time": 2413.165, "Sort Key": ["lineitem.l_shipmode"], "Sort Method": "quicksort", "Sort Space Min Used": 25, "Sort Space Max Used": 25, "Sort Space Type": "Memory", "Plans": [{"Node Type": "Aggregate", "Strategy": "Hashed", "Parent Relationship": "Outer", "Startup Cost": 1198202.37, "Total Cost": 1198202.38, "Plan Rows": 1, "Plan Width": 43, "Actual Min Startup Time": 2413.109, "Actual Max Startup Time": 2413.109, "Actual Min Total Time": 2413.11, "Actual Max Total Time": 2413.11, "Group By Key": ["lineitem.l_shipmode"], "Plans": [{"Node Type": "Nested Loop", "Parent Relationship": "Outer", "Join Type": "Inner", "Startup Cost": 1.25, "Total Cost": 1193047.15, "Plan Rows": 294584, "Plan Width": 27, "Actual Min Startup Time": 124.405, "Actual Max Startup Time": 124.405, "Actual Min Total Time": 2097.461, "Actual Max Total Time": 2097.461, "Inner Unique": true, "Plans": [{"Node Type": "Streaming(type: LOCAL GATHER dop: 1/64)", "Parent Relationship": "Outer", "Startup Cost": 1.25, "Total Cost": 112279.63, "Plan Rows": 294584, "Plan Width": 19, "Actual Min Startup Time": 124.329, "Actual Max Startup Time": 124.329, "Actual Min Total Time": 282.816, "Actual Max Total Time": 282.816, "Plans": [{"Node Type": "Seq Scan", "Parent Relationship": "Outer", "Relation Name": "lineitem", "Alias": "lineitem", "Startup Cost": 1.25, "Total Cost": 106202.39, "Plan Rows": 294584, "Plan Width": 19, "Actual Min Startup Time": 0.036, "Actual Max Startup Time": 0.553, "Actual Min Total Time": 480.488, "Actual Max Total Time": 624.177, "Filter": "((l_shipmode = ANY ('{RAIL,FOB}'::bpchar[])) AND (l_commitdate < l_receiptdate) AND (l_shipdate < l_commitdate) AND (l_receiptdate >= '1997-01-01 00:00:00'::timestamp(0) without time zone) AND (l_receiptdate < '1998-01-01 00:00:00'::timestamp without time zone)), (LLVM Optimized, Jit Execute)", "Rows Removed by Filter": 59674804, "Actual Rows": 311248}], "Actual Rows": 311248}, {"Node Type": "Index Scan", "Parent Relationship": "Inner", "Scan Direction": "Forward", "Index Name": "orders_pkey", "Relation Name": "orders", "Alias": "orders", "Startup Cost": 0.0, "Total Cost": 3.66, "Plan Rows": 1, "Plan Width": 24, "Actual Min Startup Time": 1556.899, "Actual Max Startup Time": 1556.899, "Actual Min Total Time": 1556.899, "Actual Max Total Time": 1556.899, "Index Cond": "(o_orderkey = lineitem.l_orderkey)", "Rows Removed by Index Recheck": 0, "Actual Rows": 311248}], "Actual Rows": 311248}], "Actual Rows": 2}], "Actual Rows": 2}, "Triggers": [], "Planner Runtime": 0.74, "Total Runtime": 2436.087, "Unique SQL Id": 2036526415}}, "(64, '21')": {"explain_plan": {"Plan": {"Node Type": "Sort", "Startup Cost": 3816372.6, "Total Cost": 3816372.6, "Plan Rows": 1, "Plan Width": 43, "Sort Key": ["lineitem.l_shipmode"], "Plans": [{"Node Type": "Aggregate", "Strategy": "Hashed", "Parent Relationship": "Outer", "Startup Cost": 3816372.58, "Total Cost": 3816372.59, "Plan Rows": 1, "Plan Width": 43, "Group By Key": ["lineitem.l_shipmode"], "Plans": [{"Node Type": "Nested Loop", "Parent Relationship": "Outer", "Join Type": "Inner", "Startup Cost": 0.0, "Total Cost": 3811217.36, "Plan Rows": 294584, "Plan Width": 27, "Inner Unique": true, "Plans": [{"Node Type": "Streaming(type: LOCAL GATHER dop: 1/64)", "Parent Relationship": "Outer", "Startup Cost": 0.0, "Total Cost": 2730449.84, "Plan Rows": 294584, "Plan Width": 19, "Plans": [{"Node Type": "Index Scan", "Parent Relationship": "Outer", "Scan Direction": "Forward", "Index Name": "idx_lineitem_orderkey", "Relation Name": "lineitem", "Alias": "lineitem", "Startup Cost": 0.0, "Total Cost": 2724372.61, "Plan Rows": 294584, "Plan Width": 19, "Filter": "((l_shipmode = ANY ('{RAIL,FOB}'::bpchar[])) AND (l_commitdate < l_receiptdate) AND (l_shipdate < l_commitdate) AND (l_receiptdate >= '1997-01-01 00:00:00'::timestamp(0) without time zone) AND (l_receiptdate < '1998-01-01 00:00:00'::timestamp without time zone)), (LLVM Optimized)"}]}, {"Node Type": "Index Scan", "Parent Relationship": "Inner", "Scan Direction": "Forward", "Index Name": "orders_pkey", "Relation Name": "orders", "Alias": "orders", "Startup Cost": 0.0, "Total Cost": 3.66, "Plan Rows": 1, "Plan Width": 24, "Index Cond": "(o_orderkey = lineitem.l_orderkey)"}]}]}]}, "Unique SQL Id": 2036526415, "Planner Runtime": 0}, "explain_analyze_plan": {"Plan": {"Node Type": "Sort", "Startup Cost": 3816372.6, "Total Cost": 3816372.6, "Plan Rows": 1, "Plan Width": 43, "Actual Min Startup Time": 3195.074, "Actual Max Startup Time": 3195.074, "Actual Min Total Time": 3195.074, "Actual Max Total Time": 3195.074, "Sort Key": ["lineitem.l_shipmode"], "Sort Method": "quicksort", "Sort Space Min Used": 25, "Sort Space Max Used": 25, "Sort Space Type": "Memory", "Plans": [{"Node Type": "Aggregate", "Strategy": "Hashed", "Parent Relationship": "Outer", "Startup Cost": 3816372.58, "Total Cost": 3816372.59, "Plan Rows": 1, "Plan Width": 43, "Actual Min Startup Time": 3195.011, "Actual Max Startup Time": 3195.011, "Actual Min Total Time": 3195.013, "Actual Max Total Time": 3195.013, "Group By Key": ["lineitem.l_shipmode"], "Plans": [{"Node Type": "Nested Loop", "Parent Relationship": "Outer", "Join Type": "Inner", "Startup Cost": 0.0, "Total Cost": 3811217.36, "Plan Rows": 294584, "Plan Width": 27, "Actual Min Startup Time": 968.954, "Actual Max Startup Time": 968.954, "Actual Min Total Time": 2904.337, "Actual Max Total Time": 2904.337, "Inner Unique": true, "Plans": [{"Node Type": "Streaming(type: LOCAL GATHER dop: 1/64)", "Parent Relationship": "Outer", "Startup Cost": 0.0, "Total Cost": 2730449.84, "Plan Rows": 294584, "Plan Width": 19, "Actual Min Startup Time": 968.908, "Actual Max Startup Time": 968.908, "Actual Min Total Time": 1117.392, "Actual Max Total Time": 1117.392, "Plans": [{"Node Type": "Index Scan", "Parent Relationship": "Outer", "Scan Direction": "Forward", "Index Name": "idx_lineitem_orderkey", "Relation Name": "lineitem", "Alias": "lineitem", "Startup Cost": 0.0, "Total Cost": 2724372.61, "Plan Rows": 294584, "Plan Width": 19, "Actual Min Startup Time": 675.389, "Actual Max Startup Time": 845.225, "Actual Min Total Time": 1508.922, "Actual Max Total Time": 1713.81, "Filter": "((l_shipmode = ANY ('{RAIL,FOB}'::bpchar[])) AND (l_commitdate < l_receiptdate) AND (l_shipdate < l_commitdate) AND (l_receiptdate >= '1997-01-01 00:00:00'::timestamp(0) without time zone) AND (l_receiptdate < '1998-01-01 00:00:00'::timestamp without time zone)), (LLVM Optimized, Jit Execute)", "Rows Removed by Filter": 59674804, "Actual Rows": 311248}], "Actual Rows": 311248}, {"Node Type": "Index Scan", "Parent Relationship": "Inner", "Scan Direction": "Forward", "Index Name": "orders_pkey", "Relation Name": "orders", "Alias": "orders", "Startup Cost": 0.0, "Total Cost": 3.66, "Plan Rows": 1, "Plan Width": 24, "Actual Min Startup Time": 1530.963, "Actual Max Startup Time": 1530.963, "Actual Min Total Time": 1530.963, "Actual Max Total Time": 1530.963, "Index Cond": "(o_orderkey = lineitem.l_orderkey)", "Rows Removed by Index Recheck": 0, "Actual Rows": 311248}], "Actual Rows": 311248}], "Actual Rows": 2}], "Actual Rows": 2}, "Triggers": [], "Planner Runtime": 0.814, "Total Runtime": 3218.328, "Unique SQL Id": 2036526415}}, "(64, '22')": {"explain_plan": {"Plan": {"Node Type": "Sort", "Startup Cost": 1607892.03, "Total Cost": 1607892.04, "Plan Rows": 1, "Plan Width": 43, "Sort Key": ["lineitem.l_shipmode"], "Plans": [{"Node Type": "Aggregate", "Strategy": "Hashed", "Parent Relationship": "Outer", "Startup Cost": 1607892.01, "Total Cost": 1607892.02, "Plan Rows": 1, "Plan Width": 43, "Group By Key": ["lineitem.l_shipmode"], "Plans": [{"Node Type": "Nested Loop", "Parent Relationship": "Outer", "Join Type": "Inner", "Startup Cost": 2.29, "Total Cost": 1602736.79, "Plan Rows": 294584, "Plan Width": 27, "Inner Unique": true, "Plans": [{"Node Type": "Streaming(type: LOCAL GATHER dop: 1/64)", "Parent Relationship": "Outer", "Startup Cost": 1.25, "Total Cost": 112279.63, "Plan Rows": 294584, "Plan Width": 19, "Plans": [{"Node Type": "Seq Scan", "Parent Relationship": "Outer", "Relation Name": "lineitem", "Alias": "lineitem", "Startup Cost": 1.25, "Total Cost": 106202.39, "Plan Rows": 294584, "Plan Width": 19, "Filter": "((l_shipmode = ANY ('{RAIL,FOB}'::bpchar[])) AND (l_commitdate < l_receiptdate) AND (l_shipdate < l_commitdate) AND (l_receiptdate >= '1997-01-01 00:00:00'::timestamp(0) without time zone) AND (l_receiptdate < '1998-01-01 00:00:00'::timestamp without time zone)), (LLVM Optimized)"}]}, {"Node Type": "Bitmap Heap Scan", "Parent Relationship": "Inner", "Relation Name": "orders", "Alias": "orders", "Startup Cost": 1.04, "Total Cost": 5.05, "Plan Rows": 1, "Plan Width": 24, "Recheck Cond": "(o_orderkey = lineitem.l_orderkey)", "Plans": [{"Node Type": "Bitmap Index Scan", "Parent Relationship": "Outer", "Index Name": "orders_pkey", "Startup Cost": 0.0, "Total Cost": 1.04, "Plan Rows": 1, "Plan Width": 0, "Index Cond": "(o_orderkey = lineitem.l_orderkey)"}]}]}]}]}, "Unique SQL Id": 2036526415, "Planner Runtime": 0}, "explain_analyze_plan": {"Plan": {"Node Type": "Sort", "Startup Cost": 1607892.03, "Total Cost": 1607892.04, "Plan Rows": 1, "Plan Width": 43, "Actual Min Startup Time": 2927.841, "Actual Max Startup Time": 2927.841, "Actual Min Total Time": 2927.841, "Actual Max Total Time": 2927.841, "Sort Key": ["lineitem.l_shipmode"], "Sort Method": "quicksort", "Sort Space Min Used": 25, "Sort Space Max Used": 25, "Sort Space Type": "Memory", "Plans": [{"Node Type": "Aggregate", "Strategy": "Hashed", "Parent Relationship": "Outer", "Startup Cost": 1607892.01, "Total Cost": 1607892.02, "Plan Rows": 1, "Plan Width": 43, "Actual Min Startup Time": 2927.791, "Actual Max Startup Time": 2927.791, "Actual Min Total Time": 2927.792, "Actual Max Total Time": 2927.792, "Group By Key": ["lineitem.l_shipmode"], "Plans": [{"Node Type": "Nested Loop", "Parent Relationship": "Outer", "Join Type": "Inner", "Startup Cost": 2.29, "Total Cost": 1602736.79, "Plan Rows": 294584, "Plan Width": 27, "Actual Min Startup Time": 111.685, "Actual Max Startup Time": 111.685, "Actual Min Total Time": 2603.313, "Actual Max Total Time": 2603.313, "Inner Unique": true, "Plans": [{"Node Type": "Streaming(type: LOCAL GATHER dop: 1/64)", "Parent Relationship": "Outer", "Startup Cost": 1.25, "Total Cost": 112279.63, "Plan Rows": 294584, "Plan Width": 19, "Actual Min Startup Time": 111.61, "Actual Max Startup Time": 111.61, "Actual Min Total Time": 290.699, "Actual Max Total Time": 290.699, "Plans": [{"Node Type": "Seq Scan", "Parent Relationship": "Outer", "Relation Name": "lineitem", "Alias": "lineitem", "Startup Cost": 1.25, "Total Cost": 106202.39, "Plan Rows": 294584, "Plan Width": 19, "Actual Min Startup Time": 0.037, "Actual Max Startup Time": 0.556, "Actual Min Total Time": 454.047, "Actual Max Total Time": 622.055, "Filter": "((l_shipmode = ANY ('{RAIL,FOB}'::bpchar[])) AND (l_commitdate < l_receiptdate) AND (l_shipdate < l_commitdate) AND (l_receiptdate >= '1997-01-01 00:00:00'::timestamp(0) without time zone) AND (l_receiptdate < '1998-01-01 00:00:00'::timestamp without time zone)), (LLVM Optimized, Jit Execute)", "Rows Removed by Filter": 59674804, "Actual Rows": 311248}], "Actual Rows": 311248}, {"Node Type": "Bitmap Heap Scan", "Parent Relationship": "Inner", "Relation Name": "orders", "Alias": "orders", "Startup Cost": 1.04, "Total Cost": 5.05, "Plan Rows": 1, "Plan Width": 24, "Actual Min Startup Time": 1879.975, "Actual Max Startup Time": 1879.975, "Actual Min Total Time": 1879.975, "Actual Max Total Time": 1879.975, "Recheck Cond": "(o_orderkey = lineitem.l_orderkey)", "Rows Removed by Index Recheck": 0, "Exact Heap Blocks": 311248, "Lossy Heap Blocks": 311248, "Plans": [{"Node Type": "Bitmap Index Scan", "Parent Relationship": "Outer", "Index Name": "orders_pkey", "Startup Cost": 0.0, "Total Cost": 1.04, "Plan Rows": 1, "Plan Width": 0, "Actual Min Startup Time": 1049.498, "Actual Max Startup Time": 1049.498, "Actual Min Total Time": 1049.498, "Actual Max Total Time": 1049.498, "Index Cond": "(o_orderkey = lineitem.l_orderkey)", "Actual Rows": 311248}], "Actual Rows": 311248}], "Actual Rows": 311248}], "Actual Rows": 2}], "Actual Rows": 2}, "Triggers": [], "Planner Runtime": 0.805, "Total Runtime": 2951.673, "Unique SQL Id": 2036526415}}, "(64, '23')": {"explain_plan": {"Plan": {"Node Type": "Sort", "Startup Cost": 5485674.71, "Total Cost": 5485674.71, "Plan Rows": 1, "Plan Width": 43, "Sort Key": ["lineitem.l_shipmode"], "Plans": [{"Node Type": "Aggregate", "Strategy": "Hashed", "Parent Relationship": "Outer", "Startup Cost": 5485674.69, "Total Cost": 5485674.7, "Plan Rows": 1, "Plan Width": 43, "Group By Key": ["lineitem.l_shipmode"], "Plans": [{"Node Type": "Nested Loop", "Parent Relationship": "Outer", "Join Type": "Inner", "Startup Cost": 1225110.1, "Total Cost": 5480519.47, "Plan Rows": 294584, "Plan Width": 27, "Inner Unique": true, "Plans": [{"Node Type": "Bitmap Heap Scan", "Parent Relationship": "Outer", "Relation Name": "lineitem", "Alias": "lineitem", "Startup Cost": 1225109.06, "Total Cost": 3990062.3, "Plan Rows": 294584, "Plan Width": 19, "Filter": "((l_shipmode = ANY ('{RAIL,FOB}'::bpchar[])) AND (l_commitdate < l_receiptdate) AND (l_shipdate < l_commitdate) AND (l_receiptdate >= '1997-01-01 00:00:00'::timestamp(0) without time zone) AND (l_receiptdate < '1998-01-01 00:00:00'::timestamp without time zone)), (LLVM Optimized)", "Plans": [{"Node Type": "Bitmap Index Scan", "Parent Relationship": "Outer", "Index Name": "idx_lineitem_orderkey", "Startup Cost": 0.0, "Total Cost": 1225035.42, "Plan Rows": 59987033, "Plan Width": 0}]}, {"Node Type": "Bitmap Heap Scan", "Parent Relationship": "Inner", "Relation Name": "orders", "Alias": "orders", "Startup Cost": 1.04, "Total Cost": 5.05, "Plan Rows": 1, "Plan Width": 24, "Recheck Cond": "(o_orderkey = lineitem.l_orderkey)", "Plans": [{"Node Type": "Bitmap Index Scan", "Parent Relationship": "Outer", "Index Name": "orders_pkey", "Startup Cost": 0.0, "Total Cost": 1.04, "Plan Rows": 1, "Plan Width": 0, "Index Cond": "(o_orderkey = lineitem.l_orderkey)"}]}]}]}]}, "Unique SQL Id": 2036526415, "Planner Runtime": 0}, "explain_analyze_plan": null}, "(64, '24')": {"explain_plan": {"Plan": {"Node Type": "Sort", "Startup Cost": 1198202.39, "Total Cost": 1198202.39, "Plan Rows": 1, "Plan Width": 43, "Sort Key": ["lineitem.l_shipmode"], "Plans": [{"Node Type": "Aggregate", "Strategy": "Hashed", "Parent Relationship": "Outer", "Startup Cost": 1198202.37, "Total Cost": 1198202.38, "Plan Rows": 1, "Plan Width": 43, "Group By Key": ["lineitem.l_shipmode"], "Plans": [{"Node Type": "Nested Loop", "Parent Relationship": "Outer", "Join Type": "Inner", "Startup Cost": 1.25, "Total Cost": 1193047.15, "Plan Rows": 294584, "Plan Width": 27, "Inner Unique": true, "Plans": [{"Node Type": "Streaming(type: LOCAL GATHER dop: 1/64)", "Parent Relationship": "Outer", "Startup Cost": 1.25, "Total Cost": 112279.63, "Plan Rows": 294584, "Plan Width": 19, "Plans": [{"Node Type": "Seq Scan", "Parent Relationship": "Outer", "Relation Name": "lineitem", "Alias": "lineitem", "Startup Cost": 1.25, "Total Cost": 106202.39, "Plan Rows": 294584, "Plan Width": 19, "Filter": "((l_shipmode = ANY ('{RAIL,FOB}'::bpchar[])) AND (l_commitdate < l_receiptdate) AND (l_shipdate < l_commitdate) AND (l_receiptdate >= '1997-01-01 00:00:00'::timestamp(0) without time zone) AND (l_receiptdate < '1998-01-01 00:00:00'::timestamp without time zone)), (LLVM Optimized)"}]}, {"Node Type": "Index Scan", "Parent Relationship": "Inner", "Scan Direction": "Forward", "Index Name": "orders_pkey", "Relation Name": "orders", "Alias": "orders", "Startup Cost": 0.0, "Total Cost": 3.66, "Plan Rows": 1, "Plan Width": 24, "Index Cond": "(o_orderkey = lineitem.l_orderkey)"}]}]}]}, "Unique SQL Id": 2036526415, "Planner Runtime": 0}, "explain_analyze_plan": {"Plan": {"Node Type": "Sort", "Startup Cost": 1198202.39, "Total Cost": 1198202.39, "Plan Rows": 1, "Plan Width": 43, "Actual Min Startup Time": 2413.164, "Actual Max Startup Time": 2413.164, "Actual Min Total Time": 2413.165, "Actual Max Total Time": 2413.165, "Sort Key": ["lineitem.l_shipmode"], "Sort Method": "quicksort", "Sort Space Min Used": 25, "Sort Space Max Used": 25, "Sort Space Type": "Memory", "Plans": [{"Node Type": "Aggregate", "Strategy": "Hashed", "Parent Relationship": "Outer", "Startup Cost": 1198202.37, "Total Cost": 1198202.38, "Plan Rows": 1, "Plan Width": 43, "Actual Min Startup Time": 2413.109, "Actual Max Startup Time": 2413.109, "Actual Min Total Time": 2413.11, "Actual Max Total Time": 2413.11, "Group By Key": ["lineitem.l_shipmode"], "Plans": [{"Node Type": "Nested Loop", "Parent Relationship": "Outer", "Join Type": "Inner", "Startup Cost": 1.25, "Total Cost": 1193047.15, "Plan Rows": 294584, "Plan Width": 27, "Actual Min Startup Time": 124.405, "Actual Max Startup Time": 124.405, "Actual Min Total Time": 2097.461, "Actual Max Total Time": 2097.461, "Inner Unique": true, "Plans": [{"Node Type": "Streaming(type: LOCAL GATHER dop: 1/64)", "Parent Relationship": "Outer", "Startup Cost": 1.25, "Total Cost": 112279.63, "Plan Rows": 294584, "Plan Width": 19, "Actual Min Startup Time": 124.329, "Actual Max Startup Time": 124.329, "Actual Min Total Time": 282.816, "Actual Max Total Time": 282.816, "Plans": [{"Node Type": "Seq Scan", "Parent Relationship": "Outer", "Relation Name": "lineitem", "Alias": "lineitem", "Startup Cost": 1.25, "Total Cost": 106202.39, "Plan Rows": 294584, "Plan Width": 19, "Actual Min Startup Time": 0.036, "Actual Max Startup Time": 0.553, "Actual Min Total Time": 480.488, "Actual Max Total Time": 624.177, "Filter": "((l_shipmode = ANY ('{RAIL,FOB}'::bpchar[])) AND (l_commitdate < l_receiptdate) AND (l_shipdate < l_commitdate) AND (l_receiptdate >= '1997-01-01 00:00:00'::timestamp(0) without time zone) AND (l_receiptdate < '1998-01-01 00:00:00'::timestamp without time zone)), (LLVM Optimized, Jit Execute)", "Rows Removed by Filter": 59674804, "Actual Rows": 311248}], "Actual Rows": 311248}, {"Node Type": "Index Scan", "Parent Relationship": "Inner", "Scan Direction": "Forward", "Index Name": "orders_pkey", "Relation Name": "orders", "Alias": "orders", "Startup Cost": 0.0, "Total Cost": 3.66, "Plan Rows": 1, "Plan Width": 24, "Actual Min Startup Time": 1556.899, "Actual Max Startup Time": 1556.899, "Actual Min Total Time": 1556.899, "Actual Max Total Time": 1556.899, "Index Cond": "(o_orderkey = lineitem.l_orderkey)", "Rows Removed by Index Recheck": 0, "Actual Rows": 311248}], "Actual Rows": 311248}], "Actual Rows": 2}], "Actual Rows": 2}, "Triggers": [], "Planner Runtime": 0.74, "Total Runtime": 2436.087, "Unique SQL Id": 2036526415}}, "(64, '25')": {"explain_plan": {"Plan": {"Node Type": "Sort", "Startup Cost": 3816372.6, "Total Cost": 3816372.6, "Plan Rows": 1, "Plan Width": 43, "Sort Key": ["lineitem.l_shipmode"], "Plans": [{"Node Type": "Aggregate", "Strategy": "Hashed", "Parent Relationship": "Outer", "Startup Cost": 3816372.58, "Total Cost": 3816372.59, "Plan Rows": 1, "Plan Width": 43, "Group By Key": ["lineitem.l_shipmode"], "Plans": [{"Node Type": "Nested Loop", "Parent Relationship": "Outer", "Join Type": "Inner", "Startup Cost": 0.0, "Total Cost": 3811217.36, "Plan Rows": 294584, "Plan Width": 27, "Inner Unique": true, "Plans": [{"Node Type": "Streaming(type: LOCAL GATHER dop: 1/64)", "Parent Relationship": "Outer", "Startup Cost": 0.0, "Total Cost": 2730449.84, "Plan Rows": 294584, "Plan Width": 19, "Plans": [{"Node Type": "Index Scan", "Parent Relationship": "Outer", "Scan Direction": "Forward", "Index Name": "idx_lineitem_orderkey", "Relation Name": "lineitem", "Alias": "lineitem", "Startup Cost": 0.0, "Total Cost": 2724372.61, "Plan Rows": 294584, "Plan Width": 19, "Filter": "((l_shipmode = ANY ('{RAIL,FOB}'::bpchar[])) AND (l_commitdate < l_receiptdate) AND (l_shipdate < l_commitdate) AND (l_receiptdate >= '1997-01-01 00:00:00'::timestamp(0) without time zone) AND (l_receiptdate < '1998-01-01 00:00:00'::timestamp without time zone)), (LLVM Optimized)"}]}, {"Node Type": "Index Scan", "Parent Relationship": "Inner", "Scan Direction": "Forward", "Index Name": "orders_pkey", "Relation Name": "orders", "Alias": "orders", "Startup Cost": 0.0, "Total Cost": 3.66, "Plan Rows": 1, "Plan Width": 24, "Index Cond": "(o_orderkey = lineitem.l_orderkey)"}]}]}]}, "Unique SQL Id": 2036526415, "Planner Runtime": 0}, "explain_analyze_plan": {"Plan": {"Node Type": "Sort", "Startup Cost": 3816372.6, "Total Cost": 3816372.6, "Plan Rows": 1, "Plan Width": 43, "Actual Min Startup Time": 3195.074, "Actual Max Startup Time": 3195.074, "Actual Min Total Time": 3195.074, "Actual Max Total Time": 3195.074, "Sort Key": ["lineitem.l_shipmode"], "Sort Method": "quicksort", "Sort Space Min Used": 25, "Sort Space Max Used": 25, "Sort Space Type": "Memory", "Plans": [{"Node Type": "Aggregate", "Strategy": "Hashed", "Parent Relationship": "Outer", "Startup Cost": 3816372.58, "Total Cost": 3816372.59, "Plan Rows": 1, "Plan Width": 43, "Actual Min Startup Time": 3195.011, "Actual Max Startup Time": 3195.011, "Actual Min Total Time": 3195.013, "Actual Max Total Time": 3195.013, "Group By Key": ["lineitem.l_shipmode"], "Plans": [{"Node Type": "Nested Loop", "Parent Relationship": "Outer", "Join Type": "Inner", "Startup Cost": 0.0, "Total Cost": 3811217.36, "Plan Rows": 294584, "Plan Width": 27, "Actual Min Startup Time": 968.954, "Actual Max Startup Time": 968.954, "Actual Min Total Time": 2904.337, "Actual Max Total Time": 2904.337, "Inner Unique": true, "Plans": [{"Node Type": "Streaming(type: LOCAL GATHER dop: 1/64)", "Parent Relationship": "Outer", "Startup Cost": 0.0, "Total Cost": 2730449.84, "Plan Rows": 294584, "Plan Width": 19, "Actual Min Startup Time": 968.908, "Actual Max Startup Time": 968.908, "Actual Min Total Time": 1117.392, "Actual Max Total Time": 1117.392, "Plans": [{"Node Type": "Index Scan", "Parent Relationship": "Outer", "Scan Direction": "Forward", "Index Name": "idx_lineitem_orderkey", "Relation Name": "lineitem", "Alias": "lineitem", "Startup Cost": 0.0, "Total Cost": 2724372.61, "Plan Rows": 294584, "Plan Width": 19, "Actual Min Startup Time": 675.389, "Actual Max Startup Time": 845.225, "Actual Min Total Time": 1508.922, "Actual Max Total Time": 1713.81, "Filter": "((l_shipmode = ANY ('{RAIL,FOB}'::bpchar[])) AND (l_commitdate < l_receiptdate) AND (l_shipdate < l_commitdate) AND (l_receiptdate >= '1997-01-01 00:00:00'::timestamp(0) without time zone) AND (l_receiptdate < '1998-01-01 00:00:00'::timestamp without time zone)), (LLVM Optimized, Jit Execute)", "Rows Removed by Filter": 59674804, "Actual Rows": 311248}], "Actual Rows": 311248}, {"Node Type": "Index Scan", "Parent Relationship": "Inner", "Scan Direction": "Forward", "Index Name": "orders_pkey", "Relation Name": "orders", "Alias": "orders", "Startup Cost": 0.0, "Total Cost": 3.66, "Plan Rows": 1, "Plan Width": 24, "Actual Min Startup Time": 1530.963, "Actual Max Startup Time": 1530.963, "Actual Min Total Time": 1530.963, "Actual Max Total Time": 1530.963, "Index Cond": "(o_orderkey = lineitem.l_orderkey)", "Rows Removed by Index Recheck": 0, "Actual Rows": 311248}], "Actual Rows": 311248}], "Actual Rows": 2}], "Actual Rows": 2}, "Triggers": [], "Planner Runtime": 0.814, "Total Runtime": 3218.328, "Unique SQL Id": 2036526415}}, "(64, '26')": {"explain_plan": {"Plan": {"Node Type": "Sort", "Startup Cost": 16497865.13, "Total Cost": 16497865.14, "Plan Rows": 1, "Plan Width": 43, "Sort Key": ["lineitem.l_shipmode"], "Plans": [{"Node Type": "Streaming(type: LOCAL GATHER dop: 1/64)", "Parent Relationship": "Outer", "Startup Cost": 16497865.12, "Total Cost": 16497865.12, "Plan Rows": 1, "Plan Width": 43, "Plans": [{"Node Type": "Aggregate", "Strategy": "Hashed", "Parent Relationship": "Outer", "Startup Cost": 16497865.12, "Total Cost": 16497865.12, "Plan Rows": 1, "Plan Width": 43, "Group By Key": ["lineitem.l_shipmode"], "Plans": [{"Node Type": "Streaming(type: LOCAL REDISTRIBUTE dop: 64/64)", "Parent Relationship": "Outer", "Startup Cost": 16497865.08, "Total Cost": 16497865.12, "Plan Rows": 1, "Plan Width": 43, "Plans": [{"Node Type": "Aggregate", "Strategy": "Hashed", "Parent Relationship": "Outer", "Startup Cost": 16497865.08, "Total Cost": 16497865.08, "Plan Rows": 1, "Plan Width": 43, "Group By Key": ["lineitem.l_shipmode"], "Plans": [{"Node Type": "Nested Loop", "Parent Relationship": "Outer", "Join Type": "Inner", "Startup Cost": 1.25, "Total Cost": 16497784.52, "Plan Rows": 294584, "Plan Width": 27, "Inner Unique": false, "Join Filter": "(orders.o_orderkey = lineitem.l_orderkey), (LLVM Optimized)", "Plans": [{"Node Type": "Streaming(type: LOCAL REDISTRIBUTE dop: 64/64)", "Parent Relationship": "Outer", "Startup Cost": 0.0, "Total Cost": 146871.21, "Plan Rows": 14999479, "Plan Width": 24, "Plans": [{"Node Type": "Seq Scan", "Parent Relationship": "Outer", "Relation Name": "orders", "Alias": "orders", "Startup Cost": 0.0, "Total Cost": 69662.72, "Plan Rows": 14999479, "Plan Width": 24}]}, {"Node Type": "Materialize", "Parent Relationship": "Inner", "Startup Cost": 1.25, "Total Cost": 169504.46, "Plan Rows": 294584, "Plan Width": 19, "Plans": [{"Node Type": "Streaming(type: LOCAL REDISTRIBUTE dop: 64/64)", "Parent Relationship": "Outer", "Startup Cost": 1.25, "Total Cost": 169481.44, "Plan Rows": 294584, "Plan Width": 19, "Plans": [{"Node Type": "Seq Scan", "Parent Relationship": "Outer", "Relation Name": "lineitem", "Alias": "lineitem", "Startup Cost": 1.25, "Total Cost": 106202.39, "Plan Rows": 294584, "Plan Width": 19, "Filter": "((l_shipmode = ANY ('{RAIL,FOB}'::bpchar[])) AND (l_commitdate < l_receiptdate) AND (l_shipdate < l_commitdate) AND (l_receiptdate >= '1997-01-01 00:00:00'::timestamp(0) without time zone) AND (l_receiptdate < '1998-01-01 00:00:00'::timestamp without time zone)), (LLVM Optimized)"}]}]}]}]}]}]}]}]}, "Unique SQL Id": 2036526415, "Planner Runtime": 0}, "explain_analyze_plan": null}, "(64, '27')": {"explain_plan": {"Plan": {"Node Type": "Sort", "Startup Cost": 2000455333216.63, "Total Cost": 2000455333216.63, "Plan Rows": 1, "Plan Width": 43, "Sort Key": ["lineitem.l_shipmode"], "Plans": [{"Node Type": "Aggregate", "Strategy": "Hashed", "Parent Relationship": "Outer", "Startup Cost": 2000455333216.61, "Total Cost": 2000455333216.62, "Plan Rows": 1, "Plan Width": 43, "Group By Key": ["lineitem.l_shipmode"], "Plans": [{"Node Type": "Merge Join", "Parent Relationship": "Outer", "Join Type": "Inner", "Startup Cost": 20036369949.75, "Total Cost": 2000455328061.39, "Plan Rows": 294584, "Plan Width": 27, "Inner Unique": false, "Merge Cond": "(orders.o_orderkey = lineitem.l_orderkey)", "Plans": [{"Node Type": "Index Scan", "Parent Relationship": "Outer", "Scan Direction": "Forward", "Index Name": "orders_pkey", "Relation Name": "orders", "Alias": "orders", "Startup Cost": 10000000000.0, "Total Cost": 1000073097843.5, "Plan Rows": 14999479, "Plan Width": 24}, {"Node Type": "Index Scan", "Parent Relationship": "Inner", "Scan Direction": "Forward", "Index Name": "idx_lineitem_orderkey", "Relation Name": "lineitem", "Alias": "lineitem", "Startup Cost": 10000000000.0, "Total Cost": 1000398999165.75, "Plan Rows": 294584, "Plan Width": 19, "Filter": "((l_shipmode = ANY ('{RAIL,FOB}'::bpchar[])) AND (l_commitdate < l_receiptdate) AND (l_shipdate < l_commitdate) AND (l_receiptdate >= '1997-01-01 00:00:00'::timestamp(0) without time zone) AND (l_receiptdate < '1998-01-01 00:00:00'::timestamp without time zone)), (LLVM Optimized)"}]}]}]}, "Unique SQL Id": 2036526415, "Planner Runtime": 1}, "explain_analyze_plan": null}, "(64, '28')": {"explain_plan": {"Plan": {"Node Type": "Sort", "Startup Cost": 1198202.39, "Total Cost": 1198202.39, "Plan Rows": 1, "Plan Width": 43, "Sort Key": ["lineitem.l_shipmode"], "Plans": [{"Node Type": "Aggregate", "Strategy": "Hashed", "Parent Relationship": "Outer", "Startup Cost": 1198202.37, "Total Cost": 1198202.38, "Plan Rows": 1, "Plan Width": 43, "Group By Key": ["lineitem.l_shipmode"], "Plans": [{"Node Type": "Nested Loop", "Parent Relationship": "Outer", "Join Type": "Inner", "Startup Cost": 1.25, "Total Cost": 1193047.15, "Plan Rows": 294584, "Plan Width": 27, "Inner Unique": true, "Plans": [{"Node Type": "Streaming(type: LOCAL GATHER dop: 1/64)", "Parent Relationship": "Outer", "Startup Cost": 1.25, "Total Cost": 112279.63, "Plan Rows": 294584, "Plan Width": 19, "Plans": [{"Node Type": "Seq Scan", "Parent Relationship": "Outer", "Relation Name": "lineitem", "Alias": "lineitem", "Startup Cost": 1.25, "Total Cost": 106202.39, "Plan Rows": 294584, "Plan Width": 19, "Filter": "((l_shipmode = ANY ('{RAIL,FOB}'::bpchar[])) AND (l_commitdate < l_receiptdate) AND (l_shipdate < l_commitdate) AND (l_receiptdate >= '1997-01-01 00:00:00'::timestamp(0) without time zone) AND (l_receiptdate < '1998-01-01 00:00:00'::timestamp without time zone)), (LLVM Optimized)"}]}, {"Node Type": "Index Scan", "Parent Relationship": "Inner", "Scan Direction": "Forward", "Index Name": "orders_pkey", "Relation Name": "orders", "Alias": "orders", "Startup Cost": 0.0, "Total Cost": 3.66, "Plan Rows": 1, "Plan Width": 24, "Index Cond": "(o_orderkey = lineitem.l_orderkey)"}]}]}]}, "Unique SQL Id": 2036526415, "Planner Runtime": 1}, "explain_analyze_plan": {"Plan": {"Node Type": "Sort", "Startup Cost": 1198202.39, "Total Cost": 1198202.39, "Plan Rows": 1, "Plan Width": 43, "Actual Min Startup Time": 2413.164, "Actual Max Startup Time": 2413.164, "Actual Min Total Time": 2413.165, "Actual Max Total Time": 2413.165, "Sort Key": ["lineitem.l_shipmode"], "Sort Method": "quicksort", "Sort Space Min Used": 25, "Sort Space Max Used": 25, "Sort Space Type": "Memory", "Plans": [{"Node Type": "Aggregate", "Strategy": "Hashed", "Parent Relationship": "Outer", "Startup Cost": 1198202.37, "Total Cost": 1198202.38, "Plan Rows": 1, "Plan Width": 43, "Actual Min Startup Time": 2413.109, "Actual Max Startup Time": 2413.109, "Actual Min Total Time": 2413.11, "Actual Max Total Time": 2413.11, "Group By Key": ["lineitem.l_shipmode"], "Plans": [{"Node Type": "Nested Loop", "Parent Relationship": "Outer", "Join Type": "Inner", "Startup Cost": 1.25, "Total Cost": 1193047.15, "Plan Rows": 294584, "Plan Width": 27, "Actual Min Startup Time": 124.405, "Actual Max Startup Time": 124.405, "Actual Min Total Time": 2097.461, "Actual Max Total Time": 2097.461, "Inner Unique": true, "Plans": [{"Node Type": "Streaming(type: LOCAL GATHER dop: 1/64)", "Parent Relationship": "Outer", "Startup Cost": 1.25, "Total Cost": 112279.63, "Plan Rows": 294584, "Plan Width": 19, "Actual Min Startup Time": 124.329, "Actual Max Startup Time": 124.329, "Actual Min Total Time": 282.816, "Actual Max Total Time": 282.816, "Plans": [{"Node Type": "Seq Scan", "Parent Relationship": "Outer", "Relation Name": "lineitem", "Alias": "lineitem", "Startup Cost": 1.25, "Total Cost": 106202.39, "Plan Rows": 294584, "Plan Width": 19, "Actual Min Startup Time": 0.036, "Actual Max Startup Time": 0.553, "Actual Min Total Time": 480.488, "Actual Max Total Time": 624.177, "Filter": "((l_shipmode = ANY ('{RAIL,FOB}'::bpchar[])) AND (l_commitdate < l_receiptdate) AND (l_shipdate < l_commitdate) AND (l_receiptdate >= '1997-01-01 00:00:00'::timestamp(0) without time zone) AND (l_receiptdate < '1998-01-01 00:00:00'::timestamp without time zone)), (LLVM Optimized, Jit Execute)", "Rows Removed by Filter": 59674804, "Actual Rows": 311248}], "Actual Rows": 311248}, {"Node Type": "Index Scan", "Parent Relationship": "Inner", "Scan Direction": "Forward", "Index Name": "orders_pkey", "Relation Name": "orders", "Alias": "orders", "Startup Cost": 0.0, "Total Cost": 3.66, "Plan Rows": 1, "Plan Width": 24, "Actual Min Startup Time": 1556.899, "Actual Max Startup Time": 1556.899, "Actual Min Total Time": 1556.899, "Actual Max Total Time": 1556.899, "Index Cond": "(o_orderkey = lineitem.l_orderkey)", "Rows Removed by Index Recheck": 0, "Actual Rows": 311248}], "Actual Rows": 311248}], "Actual Rows": 2}], "Actual Rows": 2}, "Triggers": [], "Planner Runtime": 0.74, "Total Runtime": 2436.087, "Unique SQL Id": 2036526415}}, "(64, '29')": {"explain_plan": {"Plan": {"Node Type": "Sort", "Startup Cost": 3816372.6, "Total Cost": 3816372.6, "Plan Rows": 1, "Plan Width": 43, "Sort Key": ["lineitem.l_shipmode"], "Plans": [{"Node Type": "Aggregate", "Strategy": "Hashed", "Parent Relationship": "Outer", "Startup Cost": 3816372.58, "Total Cost": 3816372.59, "Plan Rows": 1, "Plan Width": 43, "Group By Key": ["lineitem.l_shipmode"], "Plans": [{"Node Type": "Nested Loop", "Parent Relationship": "Outer", "Join Type": "Inner", "Startup Cost": 0.0, "Total Cost": 3811217.36, "Plan Rows": 294584, "Plan Width": 27, "Inner Unique": true, "Plans": [{"Node Type": "Streaming(type: LOCAL GATHER dop: 1/64)", "Parent Relationship": "Outer", "Startup Cost": 0.0, "Total Cost": 2730449.84, "Plan Rows": 294584, "Plan Width": 19, "Plans": [{"Node Type": "Index Scan", "Parent Relationship": "Outer", "Scan Direction": "Forward", "Index Name": "idx_lineitem_orderkey", "Relation Name": "lineitem", "Alias": "lineitem", "Startup Cost": 0.0, "Total Cost": 2724372.61, "Plan Rows": 294584, "Plan Width": 19, "Filter": "((l_shipmode = ANY ('{RAIL,FOB}'::bpchar[])) AND (l_commitdate < l_receiptdate) AND (l_shipdate < l_commitdate) AND (l_receiptdate >= '1997-01-01 00:00:00'::timestamp(0) without time zone) AND (l_receiptdate < '1998-01-01 00:00:00'::timestamp without time zone)), (LLVM Optimized)"}]}, {"Node Type": "Index Scan", "Parent Relationship": "Inner", "Scan Direction": "Forward", "Index Name": "orders_pkey", "Relation Name": "orders", "Alias": "orders", "Startup Cost": 0.0, "Total Cost": 3.66, "Plan Rows": 1, "Plan Width": 24, "Index Cond": "(o_orderkey = lineitem.l_orderkey)"}]}]}]}, "Unique SQL Id": 2036526415, "Planner Runtime": 0}, "explain_analyze_plan": {"Plan": {"Node Type": "Sort", "Startup Cost": 3816372.6, "Total Cost": 3816372.6, "Plan Rows": 1, "Plan Width": 43, "Actual Min Startup Time": 3195.074, "Actual Max Startup Time": 3195.074, "Actual Min Total Time": 3195.074, "Actual Max Total Time": 3195.074, "Sort Key": ["lineitem.l_shipmode"], "Sort Method": "quicksort", "Sort Space Min Used": 25, "Sort Space Max Used": 25, "Sort Space Type": "Memory", "Plans": [{"Node Type": "Aggregate", "Strategy": "Hashed", "Parent Relationship": "Outer", "Startup Cost": 3816372.58, "Total Cost": 3816372.59, "Plan Rows": 1, "Plan Width": 43, "Actual Min Startup Time": 3195.011, "Actual Max Startup Time": 3195.011, "Actual Min Total Time": 3195.013, "Actual Max Total Time": 3195.013, "Group By Key": ["lineitem.l_shipmode"], "Plans": [{"Node Type": "Nested Loop", "Parent Relationship": "Outer", "Join Type": "Inner", "Startup Cost": 0.0, "Total Cost": 3811217.36, "Plan Rows": 294584, "Plan Width": 27, "Actual Min Startup Time": 968.954, "Actual Max Startup Time": 968.954, "Actual Min Total Time": 2904.337, "Actual Max Total Time": 2904.337, "Inner Unique": true, "Plans": [{"Node Type": "Streaming(type: LOCAL GATHER dop: 1/64)", "Parent Relationship": "Outer", "Startup Cost": 0.0, "Total Cost": 2730449.84, "Plan Rows": 294584, "Plan Width": 19, "Actual Min Startup Time": 968.908, "Actual Max Startup Time": 968.908, "Actual Min Total Time": 1117.392, "Actual Max Total Time": 1117.392, "Plans": [{"Node Type": "Index Scan", "Parent Relationship": "Outer", "Scan Direction": "Forward", "Index Name": "idx_lineitem_orderkey", "Relation Name": "lineitem", "Alias": "lineitem", "Startup Cost": 0.0, "Total Cost": 2724372.61, "Plan Rows": 294584, "Plan Width": 19, "Actual Min Startup Time": 675.389, "Actual Max Startup Time": 845.225, "Actual Min Total Time": 1508.922, "Actual Max Total Time": 1713.81, "Filter": "((l_shipmode = ANY ('{RAIL,FOB}'::bpchar[])) AND (l_commitdate < l_receiptdate) AND (l_shipdate < l_commitdate) AND (l_receiptdate >= '1997-01-01 00:00:00'::timestamp(0) without time zone) AND (l_receiptdate < '1998-01-01 00:00:00'::timestamp without time zone)), (LLVM Optimized, Jit Execute)", "Rows Removed by Filter": 59674804, "Actual Rows": 311248}], "Actual Rows": 311248}, {"Node Type": "Index Scan", "Parent Relationship": "Inner", "Scan Direction": "Forward", "Index Name": "orders_pkey", "Relation Name": "orders", "Alias": "orders", "Startup Cost": 0.0, "Total Cost": 3.66, "Plan Rows": 1, "Plan Width": 24, "Actual Min Startup Time": 1530.963, "Actual Max Startup Time": 1530.963, "Actual Min Total Time": 1530.963, "Actual Max Total Time": 1530.963, "Index Cond": "(o_orderkey = lineitem.l_orderkey)", "Rows Removed by Index Recheck": 0, "Actual Rows": 311248}], "Actual Rows": 311248}], "Actual Rows": 2}], "Actual Rows": 2}, "Triggers": [], "Planner Runtime": 0.814, "Total Runtime": 3218.328, "Unique SQL Id": 2036526415}}, "(64, '30')": {"explain_plan": {"Plan": {"Node Type": "Sort", "Startup Cost": 16497865.13, "Total Cost": 16497865.14, "Plan Rows": 1, "Plan Width": 43, "Sort Key": ["lineitem.l_shipmode"], "Plans": [{"Node Type": "Streaming(type: LOCAL GATHER dop: 1/64)", "Parent Relationship": "Outer", "Startup Cost": 16497865.12, "Total Cost": 16497865.12, "Plan Rows": 1, "Plan Width": 43, "Plans": [{"Node Type": "Aggregate", "Strategy": "Hashed", "Parent Relationship": "Outer", "Startup Cost": 16497865.12, "Total Cost": 16497865.12, "Plan Rows": 1, "Plan Width": 43, "Group By Key": ["lineitem.l_shipmode"], "Plans": [{"Node Type": "Streaming(type: LOCAL REDISTRIBUTE dop: 64/64)", "Parent Relationship": "Outer", "Startup Cost": 16497865.08, "Total Cost": 16497865.12, "Plan Rows": 1, "Plan Width": 43, "Plans": [{"Node Type": "Aggregate", "Strategy": "Hashed", "Parent Relationship": "Outer", "Startup Cost": 16497865.08, "Total Cost": 16497865.08, "Plan Rows": 1, "Plan Width": 43, "Group By Key": ["lineitem.l_shipmode"], "Plans": [{"Node Type": "Nested Loop", "Parent Relationship": "Outer", "Join Type": "Inner", "Startup Cost": 1.25, "Total Cost": 16497784.52, "Plan Rows": 294584, "Plan Width": 27, "Inner Unique": false, "Join Filter": "(orders.o_orderkey = lineitem.l_orderkey), (LLVM Optimized)", "Plans": [{"Node Type": "Streaming(type: LOCAL REDISTRIBUTE dop: 64/64)", "Parent Relationship": "Outer", "Startup Cost": 0.0, "Total Cost": 146871.21, "Plan Rows": 14999479, "Plan Width": 24, "Plans": [{"Node Type": "Seq Scan", "Parent Relationship": "Outer", "Relation Name": "orders", "Alias": "orders", "Startup Cost": 0.0, "Total Cost": 69662.72, "Plan Rows": 14999479, "Plan Width": 24}]}, {"Node Type": "Materialize", "Parent Relationship": "Inner", "Startup Cost": 1.25, "Total Cost": 169504.46, "Plan Rows": 294584, "Plan Width": 19, "Plans": [{"Node Type": "Streaming(type: LOCAL REDISTRIBUTE dop: 64/64)", "Parent Relationship": "Outer", "Startup Cost": 1.25, "Total Cost": 169481.44, "Plan Rows": 294584, "Plan Width": 19, "Plans": [{"Node Type": "Seq Scan", "Parent Relationship": "Outer", "Relation Name": "lineitem", "Alias": "lineitem", "Startup Cost": 1.25, "Total Cost": 106202.39, "Plan Rows": 294584, "Plan Width": 19, "Filter": "((l_shipmode = ANY ('{RAIL,FOB}'::bpchar[])) AND (l_commitdate < l_receiptdate) AND (l_shipdate < l_commitdate) AND (l_receiptdate >= '1997-01-01 00:00:00'::timestamp(0) without time zone) AND (l_receiptdate < '1998-01-01 00:00:00'::timestamp without time zone)), (LLVM Optimized)"}]}]}]}]}]}]}]}]}, "Unique SQL Id": 2036526415, "Planner Runtime": 0}, "explain_analyze_plan": null}, "(64, '31')": {"explain_plan": {"Plan": {"Node Type": "Sort", "Startup Cost": 2000455333216.63, "Total Cost": 2000455333216.63, "Plan Rows": 1, "Plan Width": 43, "Sort Key": ["lineitem.l_shipmode"], "Plans": [{"Node Type": "Aggregate", "Strategy": "Hashed", "Parent Relationship": "Outer", "Startup Cost": 2000455333216.61, "Total Cost": 2000455333216.62, "Plan Rows": 1, "Plan Width": 43, "Group By Key": ["lineitem.l_shipmode"], "Plans": [{"Node Type": "Merge Join", "Parent Relationship": "Outer", "Join Type": "Inner", "Startup Cost": 20036369949.75, "Total Cost": 2000455328061.39, "Plan Rows": 294584, "Plan Width": 27, "Inner Unique": false, "Merge Cond": "(orders.o_orderkey = lineitem.l_orderkey)", "Plans": [{"Node Type": "Index Scan", "Parent Relationship": "Outer", "Scan Direction": "Forward", "Index Name": "orders_pkey", "Relation Name": "orders", "Alias": "orders", "Startup Cost": 10000000000.0, "Total Cost": 1000073097843.5, "Plan Rows": 14999479, "Plan Width": 24}, {"Node Type": "Index Scan", "Parent Relationship": "Inner", "Scan Direction": "Forward", "Index Name": "idx_lineitem_orderkey", "Relation Name": "lineitem", "Alias": "lineitem", "Startup Cost": 10000000000.0, "Total Cost": 1000398999165.75, "Plan Rows": 294584, "Plan Width": 19, "Filter": "((l_shipmode = ANY ('{RAIL,FOB}'::bpchar[])) AND (l_commitdate < l_receiptdate) AND (l_shipdate < l_commitdate) AND (l_receiptdate >= '1997-01-01 00:00:00'::timestamp(0) without time zone) AND (l_receiptdate < '1998-01-01 00:00:00'::timestamp without time zone)), (LLVM Optimized)"}]}]}]}, "Unique SQL Id": 2036526415, "Planner Runtime": 0}, "explain_analyze_plan": null}, "(64, '32')": {"explain_plan": {"Plan": {"Node Type": "Sort", "Startup Cost": 254993.48, "Total Cost": 254993.48, "Plan Rows": 1, "Plan Width": 43, "Sort Key": ["lineitem.l_shipmode"], "Plans": [{"Node Type": "Streaming(type: LOCAL GATHER dop: 1/64)", "Parent Relationship": "Outer", "Startup Cost": 254993.46, "Total Cost": 254993.47, "Plan Rows": 1, "Plan Width": 43, "Plans": [{"Node Type": "Aggregate", "Strategy": "Hashed", "Parent Relationship": "Outer", "Startup Cost": 254993.46, "Total Cost": 254993.46, "Plan Rows": 1, "Plan Width": 43, "Group By Key": ["lineitem.l_shipmode"], "Plans": [{"Node Type": "Streaming(type: LOCAL REDISTRIBUTE dop: 64/64)", "Parent Relationship": "Outer", "Startup Cost": 254993.44, "Total Cost": 254993.46, "Plan Rows": 1, "Plan Width": 43, "Plans": [{"Node Type": "Aggregate", "Strategy": "Hashed", "Parent Relationship": "Outer", "Startup Cost": 254993.44, "Total Cost": 254993.44, "Plan Rows": 1, "Plan Width": 43, "Group By Key": ["lineitem.l_shipmode"], "Plans": [{"Node Type": "Hash Join", "Parent Relationship": "Outer", "Join Type": "Inner", "Startup Cost": 72593.55, "Total Cost": 254912.89, "Plan Rows": 294584, "Plan Width": 27, "Inner Unique": true, "Hash Cond": "(lineitem.l_orderkey = orders.o_orderkey), (LLVM Optimized)", "Plans": [{"Node Type": "Streaming(type: BROADCAST dop: 64/64)", "Parent Relationship": "Outer", "Startup Cost": 1.25, "Total Cost": 181169.87, "Plan Rows": 18853376, "Plan Width": 19, "Plans": [{"Node Type": "Seq Scan", "Parent Relationship": "Outer", "Relation Name": "lineitem", "Alias": "lineitem", "Startup Cost": 1.25, "Total Cost": 106202.39, "Plan Rows": 294584, "Plan Width": 19, "Filter": "((l_shipmode = ANY ('{RAIL,FOB}'::bpchar[])) AND (l_commitdate < l_receiptdate) AND (l_shipdate < l_commitdate) AND (l_receiptdate >= '1997-01-01 00:00:00'::timestamp(0) without time zone) AND (l_receiptdate < '1998-01-01 00:00:00'::timestamp without time zone)), (LLVM Optimized)"}]}, {"Node Type": "Hash", "Parent Relationship": "Inner", "Startup Cost": 69662.72, "Total Cost": 69662.72, "Plan Rows": 14999479, "Plan Width": 24, "Plans": [{"Node Type": "Seq Scan", "Parent Relationship": "Outer", "Relation Name": "orders", "Alias": "orders", "Startup Cost": 0.0, "Total Cost": 69662.72, "Plan Rows": 14999479, "Plan Width": 24}]}]}]}]}]}]}]}, "Unique SQL Id": 2036526415, "Planner Runtime": 0}, "explain_analyze_plan": {"Plan": {"Node Type": "Sort", "Startup Cost": 254993.48, "Total Cost": 254993.48, "Plan Rows": 1, "Plan Width": 43, "Actual Min Startup Time": 1935.075, "Actual Max Startup Time": 1935.075, "Actual Min Total Time": 1935.075, "Actual Max Total Time": 1935.075, "Sort Key": ["lineitem.l_shipmode"], "Sort Method": "quicksort", "Sort Space Min Used": 25, "Sort Space Max Used": 25, "Sort Space Type": "Memory", "Plans": [{"Node Type": "Streaming(type: LOCAL GATHER dop: 1/64)", "Parent Relationship": "Outer", "Startup Cost": 254993.46, "Total Cost": 254993.47, "Plan Rows": 1, "Plan Width": 43, "Actual Min Startup Time": 1934.423, "Actual Max Startup Time": 1934.423, "Actual Min Total Time": 1935.017, "Actual Max Total Time": 1935.017, "Plans": [{"Node Type": "Aggregate", "Strategy": "Hashed", "Parent Relationship": "Outer", "Startup Cost": 254993.46, "Total Cost": 254993.46, "Plan Rows": 1, "Plan Width": 43, "Actual Min Startup Time": 1418.405, "Actual Max Startup Time": 1631.823, "Actual Min Total Time": 1418.405, "Actual Max Total Time": 1631.823, "Group By Key": ["lineitem.l_shipmode"], "Plans": [{"Node Type": "Streaming(type: LOCAL REDISTRIBUTE dop: 64/64)", "Parent Relationship": "Outer", "Startup Cost": 254993.44, "Total Cost": 254993.46, "Plan Rows": 1, "Plan Width": 43, "Actual Min Startup Time": 1418.4, "Actual Max Startup Time": 1631.817, "Actual Min Total Time": 1418.4, "Actual Max Total Time": 1631.817, "Plans": [{"Node Type": "Aggregate", "Strategy": "Hashed", "Parent Relationship": "Outer", "Startup Cost": 254993.44, "Total Cost": 254993.44, "Plan Rows": 1, "Plan Width": 43, "Actual Min Startup Time": 1257.951, "Actual Max Startup Time": 1629.84, "Actual Min Total Time": 1257.953, "Actual Max Total Time": 1629.841, "Group By Key": ["lineitem.l_shipmode"], "Plans": [{"Node Type": "Hash Join", "Parent Relationship": "Outer", "Join Type": "Inner", "Startup Cost": 72593.55, "Total Cost": 254912.89, "Plan Rows": 294584, "Plan Width": 27, "Actual Min Startup Time": 159.028, "Actual Max Startup Time": 220.727, "Actual Min Total Time": 1247.646, "Actual Max Total Time": 1619.563, "Inner Unique": true, "Hash Cond": "(lineitem.l_orderkey = orders.o_orderkey), (LLVM Optimized, Jit Execute)", "Plans": [{"Node Type": "Streaming(type: BROADCAST dop: 64/64)", "Parent Relationship": "Outer", "Startup Cost": 1.25, "Total Cost": 181169.87, "Plan Rows": 18853376, "Plan Width": 19, "Actual Min Startup Time": 0.125, "Actual Max Startup Time": 5.992, "Actual Min Total Time": 890.773, "Actual Max Total Time": 1326.018, "Plans": [{"Node Type": "Seq Scan", "Parent Relationship": "Outer", "Relation Name": "lineitem", "Alias": "lineitem", "Startup Cost": 1.25, "Total Cost": 106202.39, "Plan Rows": 294584, "Plan Width": 19, "Actual Min Startup Time": 0.038, "Actual Max Startup Time": 0.562, "Actual Min Total Time": 416.333, "Actual Max Total Time": 639.464, "Filter": "((l_shipmode = ANY ('{RAIL,FOB}'::bpchar[])) AND (l_commitdate < l_receiptdate) AND (l_shipdate < l_commitdate) AND (l_receiptdate >= '1997-01-01 00:00:00'::timestamp(0) without time zone) AND (l_receiptdate < '1998-01-01 00:00:00'::timestamp without time zone)), (LLVM Optimized, Jit Execute)", "Rows Removed by Filter": 59674804, "Actual Rows": 311248}], "Actual Rows": 19919872}, {"Node Type": "Hash", "Parent Relationship": "Inner", "Startup Cost": 69662.72, "Total Cost": 69662.72, "Plan Rows": 14999479, "Plan Width": 24, "Actual Min Startup Time": 157.218, "Actual Max Startup Time": 215.078, "Actual Min Total Time": 157.218, "Actual Max Total Time": 215.078, "Max Hash Buckets": 262144, "Min Hash Buckets": 262144, "Max Hash Batches": 1, "Min Hash Batches": 1, "Max Original Hash Batches": 1, "Min Original Hash Batches": 1, "Max Peak Memory Usage": 13059, "min Peak Memory Usage": 13059, "Plans": [{"Node Type": "Seq Scan", "Parent Relationship": "Outer", "Relation Name": "orders", "Alias": "orders", "Startup Cost": 0.0, "Total Cost": 69662.72, "Plan Rows": 14999479, "Plan Width": 24, "Actual Min Startup Time": 0.019, "Actual Max Startup Time": 0.73, "Actual Min Total Time": 85.457, "Actual Max Total Time": 91.485, "Actual Rows": 15000000}], "Actual Rows": 15000000}], "Actual Rows": 311248}], "Actual Rows": 128}], "Actual Rows": 128}], "Actual Rows": 2}], "Actual Rows": 2}], "Actual Rows": 2}, "Triggers": [], "Planner Runtime": 1.224, "Total Runtime": 1987.985, "Unique SQL Id": 2036526415}}, "(64, '33')": {"explain_plan": {"Plan": {"Node Type": "Sort", "Startup Cost": 3449828.29, "Total Cost": 3449828.29, "Plan Rows": 1, "Plan Width": 43, "Sort Key": ["lineitem.l_shipmode"], "Plans": [{"Node Type": "Streaming(type: LOCAL GATHER dop: 1/64)", "Parent Relationship": "Outer", "Startup Cost": 3449828.27, "Total Cost": 3449828.28, "Plan Rows": 1, "Plan Width": 43, "Plans": [{"Node Type": "Aggregate", "Strategy": "Hashed", "Parent Relationship": "Outer", "Startup Cost": 3449828.27, "Total Cost": 3449828.27, "Plan Rows": 1, "Plan Width": 43, "Group By Key": ["lineitem.l_shipmode"], "Plans": [{"Node Type": "Streaming(type: LOCAL REDISTRIBUTE dop: 64/64)", "Parent Relationship": "Outer", "Startup Cost": 3449828.25, "Total Cost": 3449828.27, "Plan Rows": 1, "Plan Width": 43, "Plans": [{"Node Type": "Aggregate", "Strategy": "Hashed", "Parent Relationship": "Outer", "Startup Cost": 3449828.25, "Total Cost": 3449828.25, "Plan Rows": 1, "Plan Width": 43, "Group By Key": ["lineitem.l_shipmode"], "Plans": [{"Node Type": "Hash Join", "Parent Relationship": "Outer", "Join Type": "Inner", "Startup Cost": 649256.9, "Total Cost": 3449747.7, "Plan Rows": 294584, "Plan Width": 27, "Inner Unique": true, "Hash Cond": "(lineitem.l_orderkey = orders.o_orderkey), (LLVM Optimized)", "Plans": [{"Node Type": "Streaming(type: BROADCAST dop: 64/64)", "Parent Relationship": "Outer", "Startup Cost": 0.0, "Total Cost": 2799340.08, "Plan Rows": 18853376, "Plan Width": 19, "Plans": [{"Node Type": "Index Scan", "Parent Relationship": "Outer", "Scan Direction": "Forward", "Index Name": "idx_lineitem_orderkey", "Relation Name": "lineitem", "Alias": "lineitem", "Startup Cost": 0.0, "Total Cost": 2724372.61, "Plan Rows": 294584, "Plan Width": 19, "Filter": "((l_shipmode = ANY ('{RAIL,FOB}'::bpchar[])) AND (l_commitdate < l_receiptdate) AND (l_shipdate < l_commitdate) AND (l_receiptdate >= '1997-01-01 00:00:00'::timestamp(0) without time zone) AND (l_receiptdate < '1998-01-01 00:00:00'::timestamp without time zone)), (LLVM Optimized)"}]}, {"Node Type": "Hash", "Parent Relationship": "Inner", "Startup Cost": 646327.31, "Total Cost": 646327.31, "Plan Rows": 14999479, "Plan Width": 24, "Plans": [{"Node Type": "Index Scan", "Parent Relationship": "Outer", "Scan Direction": "Forward", "Index Name": "orders_pkey", "Relation Name": "orders", "Alias": "orders", "Startup Cost": 0.0, "Total Cost": 646327.31, "Plan Rows": 14999479, "Plan Width": 24}]}]}]}]}]}]}]}, "Unique SQL Id": 2036526415, "Planner Runtime": 1}, "explain_analyze_plan": {"Plan": {"Node Type": "Sort", "Startup Cost": 3449828.29, "Total Cost": 3449828.29, "Plan Rows": 1, "Plan Width": 43, "Actual Min Startup Time": 4746.649, "Actual Max Startup Time": 4746.649, "Actual Min Total Time": 4746.649, "Actual Max Total Time": 4746.649, "Sort Key": ["lineitem.l_shipmode"], "Sort Method": "quicksort", "Sort Space Min Used": 25, "Sort Space Max Used": 25, "Sort Space Type": "Memory", "Plans": [{"Node Type": "Streaming(type: LOCAL GATHER dop: 1/64)", "Parent Relationship": "Outer", "Startup Cost": 3449828.27, "Total Cost": 3449828.28, "Plan Rows": 1, "Plan Width": 43, "Actual Min Startup Time": 4744.896, "Actual Max Startup Time": 4744.896, "Actual Min Total Time": 4746.577, "Actual Max Total Time": 4746.577, "Plans": [{"Node Type": "Aggregate", "Strategy": "Hashed", "Parent Relationship": "Outer", "Startup Cost": 3449828.27, "Total Cost": 3449828.27, "Plan Rows": 1, "Plan Width": 43, "Actual Min Startup Time": 4274.293, "Actual Max Startup Time": 4398.228, "Actual Min Total Time": 4274.293, "Actual Max Total Time": 4398.228, "Group By Key": ["lineitem.l_shipmode"], "Plans": [{"Node Type": "Streaming(type: LOCAL REDISTRIBUTE dop: 64/64)", "Parent Relationship": "Outer", "Startup Cost": 3449828.25, "Total Cost": 3449828.27, "Plan Rows": 1, "Plan Width": 43, "Actual Min Startup Time": 4274.284, "Actual Max Startup Time": 4398.22, "Actual Min Total Time": 4274.284, "Actual Max Total Time": 4398.22, "Plans": [{"Node Type": "Aggregate", "Strategy": "Hashed", "Parent Relationship": "Outer", "Startup Cost": 3449828.25, "Total Cost": 3449828.25, "Plan Rows": 1, "Plan Width": 43, "Actual Min Startup Time": 4092.61, "Actual Max Startup Time": 4483.277, "Actual Min Total Time": 4092.611, "Actual Max Total Time": 4483.278, "Group By Key": ["lineitem.l_shipmode"], "Plans": [{"Node Type": "Hash Join", "Parent Relationship": "Outer", "Join Type": "Inner", "Startup Cost": 649256.9, "Total Cost": 3449747.7, "Plan Rows": 294584, "Plan Width": 27, "Actual Min Startup Time": 2670.617, "Actual Max Startup Time": 3066.906, "Actual Min Total Time": 4081.58, "Actual Max Total Time": 4475.509, "Inner Unique": true, "Hash Cond": "(lineitem.l_orderkey = orders.o_orderkey), (LLVM Optimized, Jit Execute)", "Plans": [{"Node Type": "Streaming(type: BROADCAST dop: 64/64)", "Parent Relationship": "Outer", "Startup Cost": 0.0, "Total Cost": 2799340.08, "Plan Rows": 18853376, "Plan Width": 19, "Actual Min Startup Time": 1575.849, "Actual Max Startup Time": 1619.999, "Actual Min Total Time": 2810.256, "Actual Max Total Time": 2910.921, "Plans": [{"Node Type": "Index Scan", "Parent Relationship": "Outer", "Scan Direction": "Forward", "Index Name": "idx_lineitem_orderkey", "Relation Name": "lineitem", "Alias": "lineitem", "Startup Cost": 0.0, "Total Cost": 2724372.61, "Plan Rows": 294584, "Plan Width": 19, "Actual Min Startup Time": 2652.522, "Actual Max Startup Time": 3055.949, "Actual Min Total Time": 3622.531, "Actual Max Total Time": 3851.498, "Filter": "((l_shipmode = ANY ('{RAIL,FOB}'::bpchar[])) AND (l_commitdate < l_receiptdate) AND (l_shipdate < l_commitdate) AND (l_receiptdate >= '1997-01-01 00:00:00'::timestamp(0) without time zone) AND (l_receiptdate < '1998-01-01 00:00:00'::timestamp without time zone)), (LLVM Optimized, Jit Execute)", "Rows Removed by Filter": 59674804, "Actual Rows": 311248}], "Actual Rows": 19919872}, {"Node Type": "Hash", "Parent Relationship": "Inner", "Startup Cost": 646327.31, "Total Cost": 646327.31, "Plan Rows": 14999479, "Plan Width": 24, "Actual Min Startup Time": 1054.367, "Actual Max Startup Time": 1451.859, "Actual Min Total Time": 1054.367, "Actual Max Total Time": 1451.859, "Max Hash Buckets": 262144, "Min Hash Buckets": 262144, "Max Hash Batches": 1, "Min Hash Batches": 1, "Max Original Hash Batches": 1, "Min Original Hash Batches": 1, "Max Peak Memory Usage": 12827, "min Peak Memory Usage": 12827, "Plans": [{"Node Type": "Index Scan", "Parent Relationship": "Outer", "Scan Direction": "Forward", "Index Name": "orders_pkey", "Relation Name": "orders", "Alias": "orders", "Startup Cost": 0.0, "Total Cost": 646327.31, "Plan Rows": 14999479, "Plan Width": 24, "Actual Min Startup Time": 790.395, "Actual Max Startup Time": 1182.717, "Actual Min Total Time": 972.997, "Actual Max Total Time": 1366.525, "Actual Rows": 15000000}], "Actual Rows": 15000000}], "Actual Rows": 311248}], "Actual Rows": 128}], "Actual Rows": 128}], "Actual Rows": 2}], "Actual Rows": 2}], "Actual Rows": 2}, "Triggers": [], "Planner Runtime": 1.363, "Total Runtime": 4801.516, "Unique SQL Id": 2036526415}}, "(64, '34')": {"explain_plan": {"Plan": {"Node Type": "Sort", "Startup Cost": 254993.48, "Total Cost": 254993.48, "Plan Rows": 1, "Plan Width": 43, "Sort Key": ["lineitem.l_shipmode"], "Plans": [{"Node Type": "Streaming(type: LOCAL GATHER dop: 1/64)", "Parent Relationship": "Outer", "Startup Cost": 254993.46, "Total Cost": 254993.47, "Plan Rows": 1, "Plan Width": 43, "Plans": [{"Node Type": "Aggregate", "Strategy": "Hashed", "Parent Relationship": "Outer", "Startup Cost": 254993.46, "Total Cost": 254993.46, "Plan Rows": 1, "Plan Width": 43, "Group By Key": ["lineitem.l_shipmode"], "Plans": [{"Node Type": "Streaming(type: LOCAL REDISTRIBUTE dop: 64/64)", "Parent Relationship": "Outer", "Startup Cost": 254993.44, "Total Cost": 254993.46, "Plan Rows": 1, "Plan Width": 43, "Plans": [{"Node Type": "Aggregate", "Strategy": "Hashed", "Parent Relationship": "Outer", "Startup Cost": 254993.44, "Total Cost": 254993.44, "Plan Rows": 1, "Plan Width": 43, "Group By Key": ["lineitem.l_shipmode"], "Plans": [{"Node Type": "Hash Join", "Parent Relationship": "Outer", "Join Type": "Inner", "Startup Cost": 72593.55, "Total Cost": 254912.89, "Plan Rows": 294584, "Plan Width": 27, "Inner Unique": true, "Hash Cond": "(lineitem.l_orderkey = orders.o_orderkey), (LLVM Optimized)", "Plans": [{"Node Type": "Streaming(type: BROADCAST dop: 64/64)", "Parent Relationship": "Outer", "Startup Cost": 1.25, "Total Cost": 181169.87, "Plan Rows": 18853376, "Plan Width": 19, "Plans": [{"Node Type": "Seq Scan", "Parent Relationship": "Outer", "Relation Name": "lineitem", "Alias": "lineitem", "Startup Cost": 1.25, "Total Cost": 106202.39, "Plan Rows": 294584, "Plan Width": 19, "Filter": "((l_shipmode = ANY ('{RAIL,FOB}'::bpchar[])) AND (l_commitdate < l_receiptdate) AND (l_shipdate < l_commitdate) AND (l_receiptdate >= '1997-01-01 00:00:00'::timestamp(0) without time zone) AND (l_receiptdate < '1998-01-01 00:00:00'::timestamp without time zone)), (LLVM Optimized)"}]}, {"Node Type": "Hash", "Parent Relationship": "Inner", "Startup Cost": 69662.72, "Total Cost": 69662.72, "Plan Rows": 14999479, "Plan Width": 24, "Plans": [{"Node Type": "Seq Scan", "Parent Relationship": "Outer", "Relation Name": "orders", "Alias": "orders", "Startup Cost": 0.0, "Total Cost": 69662.72, "Plan Rows": 14999479, "Plan Width": 24}]}]}]}]}]}]}]}, "Unique SQL Id": 2036526415, "Planner Runtime": 0}, "explain_analyze_plan": {"Plan": {"Node Type": "Sort", "Startup Cost": 254993.48, "Total Cost": 254993.48, "Plan Rows": 1, "Plan Width": 43, "Actual Min Startup Time": 1935.075, "Actual Max Startup Time": 1935.075, "Actual Min Total Time": 1935.075, "Actual Max Total Time": 1935.075, "Sort Key": ["lineitem.l_shipmode"], "Sort Method": "quicksort", "Sort Space Min Used": 25, "Sort Space Max Used": 25, "Sort Space Type": "Memory", "Plans": [{"Node Type": "Streaming(type: LOCAL GATHER dop: 1/64)", "Parent Relationship": "Outer", "Startup Cost": 254993.46, "Total Cost": 254993.47, "Plan Rows": 1, "Plan Width": 43, "Actual Min Startup Time": 1934.423, "Actual Max Startup Time": 1934.423, "Actual Min Total Time": 1935.017, "Actual Max Total Time": 1935.017, "Plans": [{"Node Type": "Aggregate", "Strategy": "Hashed", "Parent Relationship": "Outer", "Startup Cost": 254993.46, "Total Cost": 254993.46, "Plan Rows": 1, "Plan Width": 43, "Actual Min Startup Time": 1418.405, "Actual Max Startup Time": 1631.823, "Actual Min Total Time": 1418.405, "Actual Max Total Time": 1631.823, "Group By Key": ["lineitem.l_shipmode"], "Plans": [{"Node Type": "Streaming(type: LOCAL REDISTRIBUTE dop: 64/64)", "Parent Relationship": "Outer", "Startup Cost": 254993.44, "Total Cost": 254993.46, "Plan Rows": 1, "Plan Width": 43, "Actual Min Startup Time": 1418.4, "Actual Max Startup Time": 1631.817, "Actual Min Total Time": 1418.4, "Actual Max Total Time": 1631.817, "Plans": [{"Node Type": "Aggregate", "Strategy": "Hashed", "Parent Relationship": "Outer", "Startup Cost": 254993.44, "Total Cost": 254993.44, "Plan Rows": 1, "Plan Width": 43, "Actual Min Startup Time": 1257.951, "Actual Max Startup Time": 1629.84, "Actual Min Total Time": 1257.953, "Actual Max Total Time": 1629.841, "Group By Key": ["lineitem.l_shipmode"], "Plans": [{"Node Type": "Hash Join", "Parent Relationship": "Outer", "Join Type": "Inner", "Startup Cost": 72593.55, "Total Cost": 254912.89, "Plan Rows": 294584, "Plan Width": 27, "Actual Min Startup Time": 159.028, "Actual Max Startup Time": 220.727, "Actual Min Total Time": 1247.646, "Actual Max Total Time": 1619.563, "Inner Unique": true, "Hash Cond": "(lineitem.l_orderkey = orders.o_orderkey), (LLVM Optimized, Jit Execute)", "Plans": [{"Node Type": "Streaming(type: BROADCAST dop: 64/64)", "Parent Relationship": "Outer", "Startup Cost": 1.25, "Total Cost": 181169.87, "Plan Rows": 18853376, "Plan Width": 19, "Actual Min Startup Time": 0.125, "Actual Max Startup Time": 5.992, "Actual Min Total Time": 890.773, "Actual Max Total Time": 1326.018, "Plans": [{"Node Type": "Seq Scan", "Parent Relationship": "Outer", "Relation Name": "lineitem", "Alias": "lineitem", "Startup Cost": 1.25, "Total Cost": 106202.39, "Plan Rows": 294584, "Plan Width": 19, "Actual Min Startup Time": 0.038, "Actual Max Startup Time": 0.562, "Actual Min Total Time": 416.333, "Actual Max Total Time": 639.464, "Filter": "((l_shipmode = ANY ('{RAIL,FOB}'::bpchar[])) AND (l_commitdate < l_receiptdate) AND (l_shipdate < l_commitdate) AND (l_receiptdate >= '1997-01-01 00:00:00'::timestamp(0) without time zone) AND (l_receiptdate < '1998-01-01 00:00:00'::timestamp without time zone)), (LLVM Optimized, Jit Execute)", "Rows Removed by Filter": 59674804, "Actual Rows": 311248}], "Actual Rows": 19919872}, {"Node Type": "Hash", "Parent Relationship": "Inner", "Startup Cost": 69662.72, "Total Cost": 69662.72, "Plan Rows": 14999479, "Plan Width": 24, "Actual Min Startup Time": 157.218, "Actual Max Startup Time": 215.078, "Actual Min Total Time": 157.218, "Actual Max Total Time": 215.078, "Max Hash Buckets": 262144, "Min Hash Buckets": 262144, "Max Hash Batches": 1, "Min Hash Batches": 1, "Max Original Hash Batches": 1, "Min Original Hash Batches": 1, "Max Peak Memory Usage": 13059, "min Peak Memory Usage": 13059, "Plans": [{"Node Type": "Seq Scan", "Parent Relationship": "Outer", "Relation Name": "orders", "Alias": "orders", "Startup Cost": 0.0, "Total Cost": 69662.72, "Plan Rows": 14999479, "Plan Width": 24, "Actual Min Startup Time": 0.019, "Actual Max Startup Time": 0.73, "Actual Min Total Time": 85.457, "Actual Max Total Time": 91.485, "Actual Rows": 15000000}], "Actual Rows": 15000000}], "Actual Rows": 311248}], "Actual Rows": 128}], "Actual Rows": 128}], "Actual Rows": 2}], "Actual Rows": 2}], "Actual Rows": 2}, "Triggers": [], "Planner Runtime": 1.224, "Total Runtime": 1987.985, "Unique SQL Id": 2036526415}}, "(64, '35')": {"explain_plan": {"Plan": {"Node Type": "Sort", "Startup Cost": 4921486.87, "Total Cost": 4921486.87, "Plan Rows": 1, "Plan Width": 43, "Sort Key": ["lineitem.l_shipmode"], "Plans": [{"Node Type": "Aggregate", "Strategy": "Hashed", "Parent Relationship": "Outer", "Startup Cost": 4921486.85, "Total Cost": 4921486.86, "Plan Rows": 1, "Plan Width": 43, "Group By Key": ["lineitem.l_shipmode"], "Plans": [{"Node Type": "Hash Join", "Parent Relationship": "Outer", "Join Type": "Inner", "Startup Cost": 2147327.85, "Total Cost": 4916331.63, "Plan Rows": 294584, "Plan Width": 27, "Inner Unique": true, "Hash Cond": "(lineitem.l_orderkey = orders.o_orderkey), (LLVM Optimized)", "Plans": [{"Node Type": "Bitmap Heap Scan", "Parent Relationship": "Outer", "Relation Name": "lineitem", "Alias": "lineitem", "Startup Cost": 1225109.06, "Total Cost": 3990062.3, "Plan Rows": 294584, "Plan Width": 19, "Filter": "((l_shipmode = ANY ('{RAIL,FOB}'::bpchar[])) AND (l_commitdate < l_receiptdate) AND (l_shipdate < l_commitdate) AND (l_receiptdate >= '1997-01-01 00:00:00'::timestamp(0) without time zone) AND (l_receiptdate < '1998-01-01 00:00:00'::timestamp without time zone)), (LLVM Optimized)", "Plans": [{"Node Type": "Bitmap Index Scan", "Parent Relationship": "Outer", "Index Name": "idx_lineitem_orderkey", "Startup Cost": 0.0, "Total Cost": 1225035.42, "Plan Rows": 59987033, "Plan Width": 0}]}, {"Node Type": "Hash", "Parent Relationship": "Inner", "Startup Cost": 734725.3, "Total Cost": 734725.3, "Plan Rows": 14999479, "Plan Width": 24, "Plans": [{"Node Type": "Bitmap Heap Scan", "Parent Relationship": "Outer", "Relation Name": "orders", "Alias": "orders", "Startup Cost": 308311.51, "Total Cost": 734725.3, "Plan Rows": 14999479, "Plan Width": 24, "Plans": [{"Node Type": "Bitmap Index Scan", "Parent Relationship": "Outer", "Index Name": "orders_pkey", "Startup Cost": 0.0, "Total Cost": 304561.65, "Plan Rows": 14999479, "Plan Width": 0}]}]}]}]}]}, "Unique SQL Id": 2036526415, "Planner Runtime": 0}, "explain_analyze_plan": null}, "(64, '36')": {"explain_plan": {"Plan": {"Node Type": "Sort", "Startup Cost": 254993.48, "Total Cost": 254993.48, "Plan Rows": 1, "Plan Width": 43, "Sort Key": ["lineitem.l_shipmode"], "Plans": [{"Node Type": "Streaming(type: LOCAL GATHER dop: 1/64)", "Parent Relationship": "Outer", "Startup Cost": 254993.46, "Total Cost": 254993.47, "Plan Rows": 1, "Plan Width": 43, "Plans": [{"Node Type": "Aggregate", "Strategy": "Hashed", "Parent Relationship": "Outer", "Startup Cost": 254993.46, "Total Cost": 254993.46, "Plan Rows": 1, "Plan Width": 43, "Group By Key": ["lineitem.l_shipmode"], "Plans": [{"Node Type": "Streaming(type: LOCAL REDISTRIBUTE dop: 64/64)", "Parent Relationship": "Outer", "Startup Cost": 254993.44, "Total Cost": 254993.46, "Plan Rows": 1, "Plan Width": 43, "Plans": [{"Node Type": "Aggregate", "Strategy": "Hashed", "Parent Relationship": "Outer", "Startup Cost": 254993.44, "Total Cost": 254993.44, "Plan Rows": 1, "Plan Width": 43, "Group By Key": ["lineitem.l_shipmode"], "Plans": [{"Node Type": "Hash Join", "Parent Relationship": "Outer", "Join Type": "Inner", "Startup Cost": 72593.55, "Total Cost": 254912.89, "Plan Rows": 294584, "Plan Width": 27, "Inner Unique": true, "Hash Cond": "(lineitem.l_orderkey = orders.o_orderkey), (LLVM Optimized)", "Plans": [{"Node Type": "Streaming(type: BROADCAST dop: 64/64)", "Parent Relationship": "Outer", "Startup Cost": 1.25, "Total Cost": 181169.87, "Plan Rows": 18853376, "Plan Width": 19, "Plans": [{"Node Type": "Seq Scan", "Parent Relationship": "Outer", "Relation Name": "lineitem", "Alias": "lineitem", "Startup Cost": 1.25, "Total Cost": 106202.39, "Plan Rows": 294584, "Plan Width": 19, "Filter": "((l_shipmode = ANY ('{RAIL,FOB}'::bpchar[])) AND (l_commitdate < l_receiptdate) AND (l_shipdate < l_commitdate) AND (l_receiptdate >= '1997-01-01 00:00:00'::timestamp(0) without time zone) AND (l_receiptdate < '1998-01-01 00:00:00'::timestamp without time zone)), (LLVM Optimized)"}]}, {"Node Type": "Hash", "Parent Relationship": "Inner", "Startup Cost": 69662.72, "Total Cost": 69662.72, "Plan Rows": 14999479, "Plan Width": 24, "Plans": [{"Node Type": "Seq Scan", "Parent Relationship": "Outer", "Relation Name": "orders", "Alias": "orders", "Startup Cost": 0.0, "Total Cost": 69662.72, "Plan Rows": 14999479, "Plan Width": 24}]}]}]}]}]}]}]}, "Unique SQL Id": 2036526415, "Planner Runtime": 0}, "explain_analyze_plan": {"Plan": {"Node Type": "Sort", "Startup Cost": 254993.48, "Total Cost": 254993.48, "Plan Rows": 1, "Plan Width": 43, "Actual Min Startup Time": 1935.075, "Actual Max Startup Time": 1935.075, "Actual Min Total Time": 1935.075, "Actual Max Total Time": 1935.075, "Sort Key": ["lineitem.l_shipmode"], "Sort Method": "quicksort", "Sort Space Min Used": 25, "Sort Space Max Used": 25, "Sort Space Type": "Memory", "Plans": [{"Node Type": "Streaming(type: LOCAL GATHER dop: 1/64)", "Parent Relationship": "Outer", "Startup Cost": 254993.46, "Total Cost": 254993.47, "Plan Rows": 1, "Plan Width": 43, "Actual Min Startup Time": 1934.423, "Actual Max Startup Time": 1934.423, "Actual Min Total Time": 1935.017, "Actual Max Total Time": 1935.017, "Plans": [{"Node Type": "Aggregate", "Strategy": "Hashed", "Parent Relationship": "Outer", "Startup Cost": 254993.46, "Total Cost": 254993.46, "Plan Rows": 1, "Plan Width": 43, "Actual Min Startup Time": 1418.405, "Actual Max Startup Time": 1631.823, "Actual Min Total Time": 1418.405, "Actual Max Total Time": 1631.823, "Group By Key": ["lineitem.l_shipmode"], "Plans": [{"Node Type": "Streaming(type: LOCAL REDISTRIBUTE dop: 64/64)", "Parent Relationship": "Outer", "Startup Cost": 254993.44, "Total Cost": 254993.46, "Plan Rows": 1, "Plan Width": 43, "Actual Min Startup Time": 1418.4, "Actual Max Startup Time": 1631.817, "Actual Min Total Time": 1418.4, "Actual Max Total Time": 1631.817, "Plans": [{"Node Type": "Aggregate", "Strategy": "Hashed", "Parent Relationship": "Outer", "Startup Cost": 254993.44, "Total Cost": 254993.44, "Plan Rows": 1, "Plan Width": 43, "Actual Min Startup Time": 1257.951, "Actual Max Startup Time": 1629.84, "Actual Min Total Time": 1257.953, "Actual Max Total Time": 1629.841, "Group By Key": ["lineitem.l_shipmode"], "Plans": [{"Node Type": "Hash Join", "Parent Relationship": "Outer", "Join Type": "Inner", "Startup Cost": 72593.55, "Total Cost": 254912.89, "Plan Rows": 294584, "Plan Width": 27, "Actual Min Startup Time": 159.028, "Actual Max Startup Time": 220.727, "Actual Min Total Time": 1247.646, "Actual Max Total Time": 1619.563, "Inner Unique": true, "Hash Cond": "(lineitem.l_orderkey = orders.o_orderkey), (LLVM Optimized, Jit Execute)", "Plans": [{"Node Type": "Streaming(type: BROADCAST dop: 64/64)", "Parent Relationship": "Outer", "Startup Cost": 1.25, "Total Cost": 181169.87, "Plan Rows": 18853376, "Plan Width": 19, "Actual Min Startup Time": 0.125, "Actual Max Startup Time": 5.992, "Actual Min Total Time": 890.773, "Actual Max Total Time": 1326.018, "Plans": [{"Node Type": "Seq Scan", "Parent Relationship": "Outer", "Relation Name": "lineitem", "Alias": "lineitem", "Startup Cost": 1.25, "Total Cost": 106202.39, "Plan Rows": 294584, "Plan Width": 19, "Actual Min Startup Time": 0.038, "Actual Max Startup Time": 0.562, "Actual Min Total Time": 416.333, "Actual Max Total Time": 639.464, "Filter": "((l_shipmode = ANY ('{RAIL,FOB}'::bpchar[])) AND (l_commitdate < l_receiptdate) AND (l_shipdate < l_commitdate) AND (l_receiptdate >= '1997-01-01 00:00:00'::timestamp(0) without time zone) AND (l_receiptdate < '1998-01-01 00:00:00'::timestamp without time zone)), (LLVM Optimized, Jit Execute)", "Rows Removed by Filter": 59674804, "Actual Rows": 311248}], "Actual Rows": 19919872}, {"Node Type": "Hash", "Parent Relationship": "Inner", "Startup Cost": 69662.72, "Total Cost": 69662.72, "Plan Rows": 14999479, "Plan Width": 24, "Actual Min Startup Time": 157.218, "Actual Max Startup Time": 215.078, "Actual Min Total Time": 157.218, "Actual Max Total Time": 215.078, "Max Hash Buckets": 262144, "Min Hash Buckets": 262144, "Max Hash Batches": 1, "Min Hash Batches": 1, "Max Original Hash Batches": 1, "Min Original Hash Batches": 1, "Max Peak Memory Usage": 13059, "min Peak Memory Usage": 13059, "Plans": [{"Node Type": "Seq Scan", "Parent Relationship": "Outer", "Relation Name": "orders", "Alias": "orders", "Startup Cost": 0.0, "Total Cost": 69662.72, "Plan Rows": 14999479, "Plan Width": 24, "Actual Min Startup Time": 0.019, "Actual Max Startup Time": 0.73, "Actual Min Total Time": 85.457, "Actual Max Total Time": 91.485, "Actual Rows": 15000000}], "Actual Rows": 15000000}], "Actual Rows": 311248}], "Actual Rows": 128}], "Actual Rows": 128}], "Actual Rows": 2}], "Actual Rows": 2}], "Actual Rows": 2}, "Triggers": [], "Planner Runtime": 1.224, "Total Runtime": 1987.985, "Unique SQL Id": 2036526415}}, "(64, '37')": {"explain_plan": {"Plan": {"Node Type": "Sort", "Startup Cost": 3449828.29, "Total Cost": 3449828.29, "Plan Rows": 1, "Plan Width": 43, "Sort Key": ["lineitem.l_shipmode"], "Plans": [{"Node Type": "Streaming(type: LOCAL GATHER dop: 1/64)", "Parent Relationship": "Outer", "Startup Cost": 3449828.27, "Total Cost": 3449828.28, "Plan Rows": 1, "Plan Width": 43, "Plans": [{"Node Type": "Aggregate", "Strategy": "Hashed", "Parent Relationship": "Outer", "Startup Cost": 3449828.27, "Total Cost": 3449828.27, "Plan Rows": 1, "Plan Width": 43, "Group By Key": ["lineitem.l_shipmode"], "Plans": [{"Node Type": "Streaming(type: LOCAL REDISTRIBUTE dop: 64/64)", "Parent Relationship": "Outer", "Startup Cost": 3449828.25, "Total Cost": 3449828.27, "Plan Rows": 1, "Plan Width": 43, "Plans": [{"Node Type": "Aggregate", "Strategy": "Hashed", "Parent Relationship": "Outer", "Startup Cost": 3449828.25, "Total Cost": 3449828.25, "Plan Rows": 1, "Plan Width": 43, "Group By Key": ["lineitem.l_shipmode"], "Plans": [{"Node Type": "Hash Join", "Parent Relationship": "Outer", "Join Type": "Inner", "Startup Cost": 649256.9, "Total Cost": 3449747.7, "Plan Rows": 294584, "Plan Width": 27, "Inner Unique": true, "Hash Cond": "(lineitem.l_orderkey = orders.o_orderkey), (LLVM Optimized)", "Plans": [{"Node Type": "Streaming(type: BROADCAST dop: 64/64)", "Parent Relationship": "Outer", "Startup Cost": 0.0, "Total Cost": 2799340.08, "Plan Rows": 18853376, "Plan Width": 19, "Plans": [{"Node Type": "Index Scan", "Parent Relationship": "Outer", "Scan Direction": "Forward", "Index Name": "idx_lineitem_orderkey", "Relation Name": "lineitem", "Alias": "lineitem", "Startup Cost": 0.0, "Total Cost": 2724372.61, "Plan Rows": 294584, "Plan Width": 19, "Filter": "((l_shipmode = ANY ('{RAIL,FOB}'::bpchar[])) AND (l_commitdate < l_receiptdate) AND (l_shipdate < l_commitdate) AND (l_receiptdate >= '1997-01-01 00:00:00'::timestamp(0) without time zone) AND (l_receiptdate < '1998-01-01 00:00:00'::timestamp without time zone)), (LLVM Optimized)"}]}, {"Node Type": "Hash", "Parent Relationship": "Inner", "Startup Cost": 646327.31, "Total Cost": 646327.31, "Plan Rows": 14999479, "Plan Width": 24, "Plans": [{"Node Type": "Index Scan", "Parent Relationship": "Outer", "Scan Direction": "Forward", "Index Name": "orders_pkey", "Relation Name": "orders", "Alias": "orders", "Startup Cost": 0.0, "Total Cost": 646327.31, "Plan Rows": 14999479, "Plan Width": 24}]}]}]}]}]}]}]}, "Unique SQL Id": 2036526415, "Planner Runtime": 0}, "explain_analyze_plan": {"Plan": {"Node Type": "Sort", "Startup Cost": 3449828.29, "Total Cost": 3449828.29, "Plan Rows": 1, "Plan Width": 43, "Actual Min Startup Time": 4746.649, "Actual Max Startup Time": 4746.649, "Actual Min Total Time": 4746.649, "Actual Max Total Time": 4746.649, "Sort Key": ["lineitem.l_shipmode"], "Sort Method": "quicksort", "Sort Space Min Used": 25, "Sort Space Max Used": 25, "Sort Space Type": "Memory", "Plans": [{"Node Type": "Streaming(type: LOCAL GATHER dop: 1/64)", "Parent Relationship": "Outer", "Startup Cost": 3449828.27, "Total Cost": 3449828.28, "Plan Rows": 1, "Plan Width": 43, "Actual Min Startup Time": 4744.896, "Actual Max Startup Time": 4744.896, "Actual Min Total Time": 4746.577, "Actual Max Total Time": 4746.577, "Plans": [{"Node Type": "Aggregate", "Strategy": "Hashed", "Parent Relationship": "Outer", "Startup Cost": 3449828.27, "Total Cost": 3449828.27, "Plan Rows": 1, "Plan Width": 43, "Actual Min Startup Time": 4274.293, "Actual Max Startup Time": 4398.228, "Actual Min Total Time": 4274.293, "Actual Max Total Time": 4398.228, "Group By Key": ["lineitem.l_shipmode"], "Plans": [{"Node Type": "Streaming(type: LOCAL REDISTRIBUTE dop: 64/64)", "Parent Relationship": "Outer", "Startup Cost": 3449828.25, "Total Cost": 3449828.27, "Plan Rows": 1, "Plan Width": 43, "Actual Min Startup Time": 4274.284, "Actual Max Startup Time": 4398.22, "Actual Min Total Time": 4274.284, "Actual Max Total Time": 4398.22, "Plans": [{"Node Type": "Aggregate", "Strategy": "Hashed", "Parent Relationship": "Outer", "Startup Cost": 3449828.25, "Total Cost": 3449828.25, "Plan Rows": 1, "Plan Width": 43, "Actual Min Startup Time": 4092.61, "Actual Max Startup Time": 4483.277, "Actual Min Total Time": 4092.611, "Actual Max Total Time": 4483.278, "Group By Key": ["lineitem.l_shipmode"], "Plans": [{"Node Type": "Hash Join", "Parent Relationship": "Outer", "Join Type": "Inner", "Startup Cost": 649256.9, "Total Cost": 3449747.7, "Plan Rows": 294584, "Plan Width": 27, "Actual Min Startup Time": 2670.617, "Actual Max Startup Time": 3066.906, "Actual Min Total Time": 4081.58, "Actual Max Total Time": 4475.509, "Inner Unique": true, "Hash Cond": "(lineitem.l_orderkey = orders.o_orderkey), (LLVM Optimized, Jit Execute)", "Plans": [{"Node Type": "Streaming(type: BROADCAST dop: 64/64)", "Parent Relationship": "Outer", "Startup Cost": 0.0, "Total Cost": 2799340.08, "Plan Rows": 18853376, "Plan Width": 19, "Actual Min Startup Time": 1575.849, "Actual Max Startup Time": 1619.999, "Actual Min Total Time": 2810.256, "Actual Max Total Time": 2910.921, "Plans": [{"Node Type": "Index Scan", "Parent Relationship": "Outer", "Scan Direction": "Forward", "Index Name": "idx_lineitem_orderkey", "Relation Name": "lineitem", "Alias": "lineitem", "Startup Cost": 0.0, "Total Cost": 2724372.61, "Plan Rows": 294584, "Plan Width": 19, "Actual Min Startup Time": 2652.522, "Actual Max Startup Time": 3055.949, "Actual Min Total Time": 3622.531, "Actual Max Total Time": 3851.498, "Filter": "((l_shipmode = ANY ('{RAIL,FOB}'::bpchar[])) AND (l_commitdate < l_receiptdate) AND (l_shipdate < l_commitdate) AND (l_receiptdate >= '1997-01-01 00:00:00'::timestamp(0) without time zone) AND (l_receiptdate < '1998-01-01 00:00:00'::timestamp without time zone)), (LLVM Optimized, Jit Execute)", "Rows Removed by Filter": 59674804, "Actual Rows": 311248}], "Actual Rows": 19919872}, {"Node Type": "Hash", "Parent Relationship": "Inner", "Startup Cost": 646327.31, "Total Cost": 646327.31, "Plan Rows": 14999479, "Plan Width": 24, "Actual Min Startup Time": 1054.367, "Actual Max Startup Time": 1451.859, "Actual Min Total Time": 1054.367, "Actual Max Total Time": 1451.859, "Max Hash Buckets": 262144, "Min Hash Buckets": 262144, "Max Hash Batches": 1, "Min Hash Batches": 1, "Max Original Hash Batches": 1, "Min Original Hash Batches": 1, "Max Peak Memory Usage": 12827, "min Peak Memory Usage": 12827, "Plans": [{"Node Type": "Index Scan", "Parent Relationship": "Outer", "Scan Direction": "Forward", "Index Name": "orders_pkey", "Relation Name": "orders", "Alias": "orders", "Startup Cost": 0.0, "Total Cost": 646327.31, "Plan Rows": 14999479, "Plan Width": 24, "Actual Min Startup Time": 790.395, "Actual Max Startup Time": 1182.717, "Actual Min Total Time": 972.997, "Actual Max Total Time": 1366.525, "Actual Rows": 15000000}], "Actual Rows": 15000000}], "Actual Rows": 311248}], "Actual Rows": 128}], "Actual Rows": 128}], "Actual Rows": 2}], "Actual Rows": 2}], "Actual Rows": 2}, "Triggers": [], "Planner Runtime": 1.363, "Total Runtime": 4801.516, "Unique SQL Id": 2036526415}}, "(64, '38')": {"explain_plan": {"Plan": {"Node Type": "Sort", "Startup Cost": 254993.48, "Total Cost": 254993.48, "Plan Rows": 1, "Plan Width": 43, "Sort Key": ["lineitem.l_shipmode"], "Plans": [{"Node Type": "Streaming(type: LOCAL GATHER dop: 1/64)", "Parent Relationship": "Outer", "Startup Cost": 254993.46, "Total Cost": 254993.47, "Plan Rows": 1, "Plan Width": 43, "Plans": [{"Node Type": "Aggregate", "Strategy": "Hashed", "Parent Relationship": "Outer", "Startup Cost": 254993.46, "Total Cost": 254993.46, "Plan Rows": 1, "Plan Width": 43, "Group By Key": ["lineitem.l_shipmode"], "Plans": [{"Node Type": "Streaming(type: LOCAL REDISTRIBUTE dop: 64/64)", "Parent Relationship": "Outer", "Startup Cost": 254993.44, "Total Cost": 254993.46, "Plan Rows": 1, "Plan Width": 43, "Plans": [{"Node Type": "Aggregate", "Strategy": "Hashed", "Parent Relationship": "Outer", "Startup Cost": 254993.44, "Total Cost": 254993.44, "Plan Rows": 1, "Plan Width": 43, "Group By Key": ["lineitem.l_shipmode"], "Plans": [{"Node Type": "Hash Join", "Parent Relationship": "Outer", "Join Type": "Inner", "Startup Cost": 72593.55, "Total Cost": 254912.89, "Plan Rows": 294584, "Plan Width": 27, "Inner Unique": true, "Hash Cond": "(lineitem.l_orderkey = orders.o_orderkey), (LLVM Optimized)", "Plans": [{"Node Type": "Streaming(type: BROADCAST dop: 64/64)", "Parent Relationship": "Outer", "Startup Cost": 1.25, "Total Cost": 181169.87, "Plan Rows": 18853376, "Plan Width": 19, "Plans": [{"Node Type": "Seq Scan", "Parent Relationship": "Outer", "Relation Name": "lineitem", "Alias": "lineitem", "Startup Cost": 1.25, "Total Cost": 106202.39, "Plan Rows": 294584, "Plan Width": 19, "Filter": "((l_shipmode = ANY ('{RAIL,FOB}'::bpchar[])) AND (l_commitdate < l_receiptdate) AND (l_shipdate < l_commitdate) AND (l_receiptdate >= '1997-01-01 00:00:00'::timestamp(0) without time zone) AND (l_receiptdate < '1998-01-01 00:00:00'::timestamp without time zone)), (LLVM Optimized)"}]}, {"Node Type": "Hash", "Parent Relationship": "Inner", "Startup Cost": 69662.72, "Total Cost": 69662.72, "Plan Rows": 14999479, "Plan Width": 24, "Plans": [{"Node Type": "Seq Scan", "Parent Relationship": "Outer", "Relation Name": "orders", "Alias": "orders", "Startup Cost": 0.0, "Total Cost": 69662.72, "Plan Rows": 14999479, "Plan Width": 24}]}]}]}]}]}]}]}, "Unique SQL Id": 2036526415, "Planner Runtime": 0}, "explain_analyze_plan": {"Plan": {"Node Type": "Sort", "Startup Cost": 254993.48, "Total Cost": 254993.48, "Plan Rows": 1, "Plan Width": 43, "Actual Min Startup Time": 1935.075, "Actual Max Startup Time": 1935.075, "Actual Min Total Time": 1935.075, "Actual Max Total Time": 1935.075, "Sort Key": ["lineitem.l_shipmode"], "Sort Method": "quicksort", "Sort Space Min Used": 25, "Sort Space Max Used": 25, "Sort Space Type": "Memory", "Plans": [{"Node Type": "Streaming(type: LOCAL GATHER dop: 1/64)", "Parent Relationship": "Outer", "Startup Cost": 254993.46, "Total Cost": 254993.47, "Plan Rows": 1, "Plan Width": 43, "Actual Min Startup Time": 1934.423, "Actual Max Startup Time": 1934.423, "Actual Min Total Time": 1935.017, "Actual Max Total Time": 1935.017, "Plans": [{"Node Type": "Aggregate", "Strategy": "Hashed", "Parent Relationship": "Outer", "Startup Cost": 254993.46, "Total Cost": 254993.46, "Plan Rows": 1, "Plan Width": 43, "Actual Min Startup Time": 1418.405, "Actual Max Startup Time": 1631.823, "Actual Min Total Time": 1418.405, "Actual Max Total Time": 1631.823, "Group By Key": ["lineitem.l_shipmode"], "Plans": [{"Node Type": "Streaming(type: LOCAL REDISTRIBUTE dop: 64/64)", "Parent Relationship": "Outer", "Startup Cost": 254993.44, "Total Cost": 254993.46, "Plan Rows": 1, "Plan Width": 43, "Actual Min Startup Time": 1418.4, "Actual Max Startup Time": 1631.817, "Actual Min Total Time": 1418.4, "Actual Max Total Time": 1631.817, "Plans": [{"Node Type": "Aggregate", "Strategy": "Hashed", "Parent Relationship": "Outer", "Startup Cost": 254993.44, "Total Cost": 254993.44, "Plan Rows": 1, "Plan Width": 43, "Actual Min Startup Time": 1257.951, "Actual Max Startup Time": 1629.84, "Actual Min Total Time": 1257.953, "Actual Max Total Time": 1629.841, "Group By Key": ["lineitem.l_shipmode"], "Plans": [{"Node Type": "Hash Join", "Parent Relationship": "Outer", "Join Type": "Inner", "Startup Cost": 72593.55, "Total Cost": 254912.89, "Plan Rows": 294584, "Plan Width": 27, "Actual Min Startup Time": 159.028, "Actual Max Startup Time": 220.727, "Actual Min Total Time": 1247.646, "Actual Max Total Time": 1619.563, "Inner Unique": true, "Hash Cond": "(lineitem.l_orderkey = orders.o_orderkey), (LLVM Optimized, Jit Execute)", "Plans": [{"Node Type": "Streaming(type: BROADCAST dop: 64/64)", "Parent Relationship": "Outer", "Startup Cost": 1.25, "Total Cost": 181169.87, "Plan Rows": 18853376, "Plan Width": 19, "Actual Min Startup Time": 0.125, "Actual Max Startup Time": 5.992, "Actual Min Total Time": 890.773, "Actual Max Total Time": 1326.018, "Plans": [{"Node Type": "Seq Scan", "Parent Relationship": "Outer", "Relation Name": "lineitem", "Alias": "lineitem", "Startup Cost": 1.25, "Total Cost": 106202.39, "Plan Rows": 294584, "Plan Width": 19, "Actual Min Startup Time": 0.038, "Actual Max Startup Time": 0.562, "Actual Min Total Time": 416.333, "Actual Max Total Time": 639.464, "Filter": "((l_shipmode = ANY ('{RAIL,FOB}'::bpchar[])) AND (l_commitdate < l_receiptdate) AND (l_shipdate < l_commitdate) AND (l_receiptdate >= '1997-01-01 00:00:00'::timestamp(0) without time zone) AND (l_receiptdate < '1998-01-01 00:00:00'::timestamp without time zone)), (LLVM Optimized, Jit Execute)", "Rows Removed by Filter": 59674804, "Actual Rows": 311248}], "Actual Rows": 19919872}, {"Node Type": "Hash", "Parent Relationship": "Inner", "Startup Cost": 69662.72, "Total Cost": 69662.72, "Plan Rows": 14999479, "Plan Width": 24, "Actual Min Startup Time": 157.218, "Actual Max Startup Time": 215.078, "Actual Min Total Time": 157.218, "Actual Max Total Time": 215.078, "Max Hash Buckets": 262144, "Min Hash Buckets": 262144, "Max Hash Batches": 1, "Min Hash Batches": 1, "Max Original Hash Batches": 1, "Min Original Hash Batches": 1, "Max Peak Memory Usage": 13059, "min Peak Memory Usage": 13059, "Plans": [{"Node Type": "Seq Scan", "Parent Relationship": "Outer", "Relation Name": "orders", "Alias": "orders", "Startup Cost": 0.0, "Total Cost": 69662.72, "Plan Rows": 14999479, "Plan Width": 24, "Actual Min Startup Time": 0.019, "Actual Max Startup Time": 0.73, "Actual Min Total Time": 85.457, "Actual Max Total Time": 91.485, "Actual Rows": 15000000}], "Actual Rows": 15000000}], "Actual Rows": 311248}], "Actual Rows": 128}], "Actual Rows": 128}], "Actual Rows": 2}], "Actual Rows": 2}], "Actual Rows": 2}, "Triggers": [], "Planner Runtime": 1.224, "Total Runtime": 1987.985, "Unique SQL Id": 2036526415}}, "(64, '39')": {"explain_plan": {"Plan": {"Node Type": "Sort", "Startup Cost": 4921486.87, "Total Cost": 4921486.87, "Plan Rows": 1, "Plan Width": 43, "Sort Key": ["lineitem.l_shipmode"], "Plans": [{"Node Type": "Aggregate", "Strategy": "Hashed", "Parent Relationship": "Outer", "Startup Cost": 4921486.85, "Total Cost": 4921486.86, "Plan Rows": 1, "Plan Width": 43, "Group By Key": ["lineitem.l_shipmode"], "Plans": [{"Node Type": "Hash Join", "Parent Relationship": "Outer", "Join Type": "Inner", "Startup Cost": 2147327.85, "Total Cost": 4916331.63, "Plan Rows": 294584, "Plan Width": 27, "Inner Unique": true, "Hash Cond": "(lineitem.l_orderkey = orders.o_orderkey), (LLVM Optimized)", "Plans": [{"Node Type": "Bitmap Heap Scan", "Parent Relationship": "Outer", "Relation Name": "lineitem", "Alias": "lineitem", "Startup Cost": 1225109.06, "Total Cost": 3990062.3, "Plan Rows": 294584, "Plan Width": 19, "Filter": "((l_shipmode = ANY ('{RAIL,FOB}'::bpchar[])) AND (l_commitdate < l_receiptdate) AND (l_shipdate < l_commitdate) AND (l_receiptdate >= '1997-01-01 00:00:00'::timestamp(0) without time zone) AND (l_receiptdate < '1998-01-01 00:00:00'::timestamp without time zone)), (LLVM Optimized)", "Plans": [{"Node Type": "Bitmap Index Scan", "Parent Relationship": "Outer", "Index Name": "idx_lineitem_orderkey", "Startup Cost": 0.0, "Total Cost": 1225035.42, "Plan Rows": 59987033, "Plan Width": 0}]}, {"Node Type": "Hash", "Parent Relationship": "Inner", "Startup Cost": 734725.3, "Total Cost": 734725.3, "Plan Rows": 14999479, "Plan Width": 24, "Plans": [{"Node Type": "Bitmap Heap Scan", "Parent Relationship": "Outer", "Relation Name": "orders", "Alias": "orders", "Startup Cost": 308311.51, "Total Cost": 734725.3, "Plan Rows": 14999479, "Plan Width": 24, "Plans": [{"Node Type": "Bitmap Index Scan", "Parent Relationship": "Outer", "Index Name": "orders_pkey", "Startup Cost": 0.0, "Total Cost": 304561.65, "Plan Rows": 14999479, "Plan Width": 0}]}]}]}]}]}, "Unique SQL Id": 2036526415, "Planner Runtime": 0}, "explain_analyze_plan": null}, "(64, '40')": {"explain_plan": {"Plan": {"Node Type": "Sort", "Startup Cost": 254993.48, "Total Cost": 254993.48, "Plan Rows": 1, "Plan Width": 43, "Sort Key": ["lineitem.l_shipmode"], "Plans": [{"Node Type": "Streaming(type: LOCAL GATHER dop: 1/64)", "Parent Relationship": "Outer", "Startup Cost": 254993.46, "Total Cost": 254993.47, "Plan Rows": 1, "Plan Width": 43, "Plans": [{"Node Type": "Aggregate", "Strategy": "Hashed", "Parent Relationship": "Outer", "Startup Cost": 254993.46, "Total Cost": 254993.46, "Plan Rows": 1, "Plan Width": 43, "Group By Key": ["lineitem.l_shipmode"], "Plans": [{"Node Type": "Streaming(type: LOCAL REDISTRIBUTE dop: 64/64)", "Parent Relationship": "Outer", "Startup Cost": 254993.44, "Total Cost": 254993.46, "Plan Rows": 1, "Plan Width": 43, "Plans": [{"Node Type": "Aggregate", "Strategy": "Hashed", "Parent Relationship": "Outer", "Startup Cost": 254993.44, "Total Cost": 254993.44, "Plan Rows": 1, "Plan Width": 43, "Group By Key": ["lineitem.l_shipmode"], "Plans": [{"Node Type": "Hash Join", "Parent Relationship": "Outer", "Join Type": "Inner", "Startup Cost": 72593.55, "Total Cost": 254912.89, "Plan Rows": 294584, "Plan Width": 27, "Inner Unique": true, "Hash Cond": "(lineitem.l_orderkey = orders.o_orderkey), (LLVM Optimized)", "Plans": [{"Node Type": "Streaming(type: BROADCAST dop: 64/64)", "Parent Relationship": "Outer", "Startup Cost": 1.25, "Total Cost": 181169.87, "Plan Rows": 18853376, "Plan Width": 19, "Plans": [{"Node Type": "Seq Scan", "Parent Relationship": "Outer", "Relation Name": "lineitem", "Alias": "lineitem", "Startup Cost": 1.25, "Total Cost": 106202.39, "Plan Rows": 294584, "Plan Width": 19, "Filter": "((l_shipmode = ANY ('{RAIL,FOB}'::bpchar[])) AND (l_commitdate < l_receiptdate) AND (l_shipdate < l_commitdate) AND (l_receiptdate >= '1997-01-01 00:00:00'::timestamp(0) without time zone) AND (l_receiptdate < '1998-01-01 00:00:00'::timestamp without time zone)), (LLVM Optimized)"}]}, {"Node Type": "Hash", "Parent Relationship": "Inner", "Startup Cost": 69662.72, "Total Cost": 69662.72, "Plan Rows": 14999479, "Plan Width": 24, "Plans": [{"Node Type": "Seq Scan", "Parent Relationship": "Outer", "Relation Name": "orders", "Alias": "orders", "Startup Cost": 0.0, "Total Cost": 69662.72, "Plan Rows": 14999479, "Plan Width": 24}]}]}]}]}]}]}]}, "Unique SQL Id": 2036526415, "Planner Runtime": 0}, "explain_analyze_plan": {"Plan": {"Node Type": "Sort", "Startup Cost": 254993.48, "Total Cost": 254993.48, "Plan Rows": 1, "Plan Width": 43, "Actual Min Startup Time": 1935.075, "Actual Max Startup Time": 1935.075, "Actual Min Total Time": 1935.075, "Actual Max Total Time": 1935.075, "Sort Key": ["lineitem.l_shipmode"], "Sort Method": "quicksort", "Sort Space Min Used": 25, "Sort Space Max Used": 25, "Sort Space Type": "Memory", "Plans": [{"Node Type": "Streaming(type: LOCAL GATHER dop: 1/64)", "Parent Relationship": "Outer", "Startup Cost": 254993.46, "Total Cost": 254993.47, "Plan Rows": 1, "Plan Width": 43, "Actual Min Startup Time": 1934.423, "Actual Max Startup Time": 1934.423, "Actual Min Total Time": 1935.017, "Actual Max Total Time": 1935.017, "Plans": [{"Node Type": "Aggregate", "Strategy": "Hashed", "Parent Relationship": "Outer", "Startup Cost": 254993.46, "Total Cost": 254993.46, "Plan Rows": 1, "Plan Width": 43, "Actual Min Startup Time": 1418.405, "Actual Max Startup Time": 1631.823, "Actual Min Total Time": 1418.405, "Actual Max Total Time": 1631.823, "Group By Key": ["lineitem.l_shipmode"], "Plans": [{"Node Type": "Streaming(type: LOCAL REDISTRIBUTE dop: 64/64)", "Parent Relationship": "Outer", "Startup Cost": 254993.44, "Total Cost": 254993.46, "Plan Rows": 1, "Plan Width": 43, "Actual Min Startup Time": 1418.4, "Actual Max Startup Time": 1631.817, "Actual Min Total Time": 1418.4, "Actual Max Total Time": 1631.817, "Plans": [{"Node Type": "Aggregate", "Strategy": "Hashed", "Parent Relationship": "Outer", "Startup Cost": 254993.44, "Total Cost": 254993.44, "Plan Rows": 1, "Plan Width": 43, "Actual Min Startup Time": 1257.951, "Actual Max Startup Time": 1629.84, "Actual Min Total Time": 1257.953, "Actual Max Total Time": 1629.841, "Group By Key": ["lineitem.l_shipmode"], "Plans": [{"Node Type": "Hash Join", "Parent Relationship": "Outer", "Join Type": "Inner", "Startup Cost": 72593.55, "Total Cost": 254912.89, "Plan Rows": 294584, "Plan Width": 27, "Actual Min Startup Time": 159.028, "Actual Max Startup Time": 220.727, "Actual Min Total Time": 1247.646, "Actual Max Total Time": 1619.563, "Inner Unique": true, "Hash Cond": "(lineitem.l_orderkey = orders.o_orderkey), (LLVM Optimized, Jit Execute)", "Plans": [{"Node Type": "Streaming(type: BROADCAST dop: 64/64)", "Parent Relationship": "Outer", "Startup Cost": 1.25, "Total Cost": 181169.87, "Plan Rows": 18853376, "Plan Width": 19, "Actual Min Startup Time": 0.125, "Actual Max Startup Time": 5.992, "Actual Min Total Time": 890.773, "Actual Max Total Time": 1326.018, "Plans": [{"Node Type": "Seq Scan", "Parent Relationship": "Outer", "Relation Name": "lineitem", "Alias": "lineitem", "Startup Cost": 1.25, "Total Cost": 106202.39, "Plan Rows": 294584, "Plan Width": 19, "Actual Min Startup Time": 0.038, "Actual Max Startup Time": 0.562, "Actual Min Total Time": 416.333, "Actual Max Total Time": 639.464, "Filter": "((l_shipmode = ANY ('{RAIL,FOB}'::bpchar[])) AND (l_commitdate < l_receiptdate) AND (l_shipdate < l_commitdate) AND (l_receiptdate >= '1997-01-01 00:00:00'::timestamp(0) without time zone) AND (l_receiptdate < '1998-01-01 00:00:00'::timestamp without time zone)), (LLVM Optimized, Jit Execute)", "Rows Removed by Filter": 59674804, "Actual Rows": 311248}], "Actual Rows": 19919872}, {"Node Type": "Hash", "Parent Relationship": "Inner", "Startup Cost": 69662.72, "Total Cost": 69662.72, "Plan Rows": 14999479, "Plan Width": 24, "Actual Min Startup Time": 157.218, "Actual Max Startup Time": 215.078, "Actual Min Total Time": 157.218, "Actual Max Total Time": 215.078, "Max Hash Buckets": 262144, "Min Hash Buckets": 262144, "Max Hash Batches": 1, "Min Hash Batches": 1, "Max Original Hash Batches": 1, "Min Original Hash Batches": 1, "Max Peak Memory Usage": 13059, "min Peak Memory Usage": 13059, "Plans": [{"Node Type": "Seq Scan", "Parent Relationship": "Outer", "Relation Name": "orders", "Alias": "orders", "Startup Cost": 0.0, "Total Cost": 69662.72, "Plan Rows": 14999479, "Plan Width": 24, "Actual Min Startup Time": 0.019, "Actual Max Startup Time": 0.73, "Actual Min Total Time": 85.457, "Actual Max Total Time": 91.485, "Actual Rows": 15000000}], "Actual Rows": 15000000}], "Actual Rows": 311248}], "Actual Rows": 128}], "Actual Rows": 128}], "Actual Rows": 2}], "Actual Rows": 2}], "Actual Rows": 2}, "Triggers": [], "Planner Runtime": 1.224, "Total Runtime": 1987.985, "Unique SQL Id": 2036526415}}, "(64, '41')": {"explain_plan": {"Plan": {"Node Type": "Sort", "Startup Cost": 3449828.29, "Total Cost": 3449828.29, "Plan Rows": 1, "Plan Width": 43, "Sort Key": ["lineitem.l_shipmode"], "Plans": [{"Node Type": "Streaming(type: LOCAL GATHER dop: 1/64)", "Parent Relationship": "Outer", "Startup Cost": 3449828.27, "Total Cost": 3449828.28, "Plan Rows": 1, "Plan Width": 43, "Plans": [{"Node Type": "Aggregate", "Strategy": "Hashed", "Parent Relationship": "Outer", "Startup Cost": 3449828.27, "Total Cost": 3449828.27, "Plan Rows": 1, "Plan Width": 43, "Group By Key": ["lineitem.l_shipmode"], "Plans": [{"Node Type": "Streaming(type: LOCAL REDISTRIBUTE dop: 64/64)", "Parent Relationship": "Outer", "Startup Cost": 3449828.25, "Total Cost": 3449828.27, "Plan Rows": 1, "Plan Width": 43, "Plans": [{"Node Type": "Aggregate", "Strategy": "Hashed", "Parent Relationship": "Outer", "Startup Cost": 3449828.25, "Total Cost": 3449828.25, "Plan Rows": 1, "Plan Width": 43, "Group By Key": ["lineitem.l_shipmode"], "Plans": [{"Node Type": "Hash Join", "Parent Relationship": "Outer", "Join Type": "Inner", "Startup Cost": 649256.9, "Total Cost": 3449747.7, "Plan Rows": 294584, "Plan Width": 27, "Inner Unique": true, "Hash Cond": "(lineitem.l_orderkey = orders.o_orderkey), (LLVM Optimized)", "Plans": [{"Node Type": "Streaming(type: BROADCAST dop: 64/64)", "Parent Relationship": "Outer", "Startup Cost": 0.0, "Total Cost": 2799340.08, "Plan Rows": 18853376, "Plan Width": 19, "Plans": [{"Node Type": "Index Scan", "Parent Relationship": "Outer", "Scan Direction": "Forward", "Index Name": "idx_lineitem_orderkey", "Relation Name": "lineitem", "Alias": "lineitem", "Startup Cost": 0.0, "Total Cost": 2724372.61, "Plan Rows": 294584, "Plan Width": 19, "Filter": "((l_shipmode = ANY ('{RAIL,FOB}'::bpchar[])) AND (l_commitdate < l_receiptdate) AND (l_shipdate < l_commitdate) AND (l_receiptdate >= '1997-01-01 00:00:00'::timestamp(0) without time zone) AND (l_receiptdate < '1998-01-01 00:00:00'::timestamp without time zone)), (LLVM Optimized)"}]}, {"Node Type": "Hash", "Parent Relationship": "Inner", "Startup Cost": 646327.31, "Total Cost": 646327.31, "Plan Rows": 14999479, "Plan Width": 24, "Plans": [{"Node Type": "Index Scan", "Parent Relationship": "Outer", "Scan Direction": "Forward", "Index Name": "orders_pkey", "Relation Name": "orders", "Alias": "orders", "Startup Cost": 0.0, "Total Cost": 646327.31, "Plan Rows": 14999479, "Plan Width": 24}]}]}]}]}]}]}]}, "Unique SQL Id": 2036526415, "Planner Runtime": 0}, "explain_analyze_plan": {"Plan": {"Node Type": "Sort", "Startup Cost": 3449828.29, "Total Cost": 3449828.29, "Plan Rows": 1, "Plan Width": 43, "Actual Min Startup Time": 4746.649, "Actual Max Startup Time": 4746.649, "Actual Min Total Time": 4746.649, "Actual Max Total Time": 4746.649, "Sort Key": ["lineitem.l_shipmode"], "Sort Method": "quicksort", "Sort Space Min Used": 25, "Sort Space Max Used": 25, "Sort Space Type": "Memory", "Plans": [{"Node Type": "Streaming(type: LOCAL GATHER dop: 1/64)", "Parent Relationship": "Outer", "Startup Cost": 3449828.27, "Total Cost": 3449828.28, "Plan Rows": 1, "Plan Width": 43, "Actual Min Startup Time": 4744.896, "Actual Max Startup Time": 4744.896, "Actual Min Total Time": 4746.577, "Actual Max Total Time": 4746.577, "Plans": [{"Node Type": "Aggregate", "Strategy": "Hashed", "Parent Relationship": "Outer", "Startup Cost": 3449828.27, "Total Cost": 3449828.27, "Plan Rows": 1, "Plan Width": 43, "Actual Min Startup Time": 4274.293, "Actual Max Startup Time": 4398.228, "Actual Min Total Time": 4274.293, "Actual Max Total Time": 4398.228, "Group By Key": ["lineitem.l_shipmode"], "Plans": [{"Node Type": "Streaming(type: LOCAL REDISTRIBUTE dop: 64/64)", "Parent Relationship": "Outer", "Startup Cost": 3449828.25, "Total Cost": 3449828.27, "Plan Rows": 1, "Plan Width": 43, "Actual Min Startup Time": 4274.284, "Actual Max Startup Time": 4398.22, "Actual Min Total Time": 4274.284, "Actual Max Total Time": 4398.22, "Plans": [{"Node Type": "Aggregate", "Strategy": "Hashed", "Parent Relationship": "Outer", "Startup Cost": 3449828.25, "Total Cost": 3449828.25, "Plan Rows": 1, "Plan Width": 43, "Actual Min Startup Time": 4092.61, "Actual Max Startup Time": 4483.277, "Actual Min Total Time": 4092.611, "Actual Max Total Time": 4483.278, "Group By Key": ["lineitem.l_shipmode"], "Plans": [{"Node Type": "Hash Join", "Parent Relationship": "Outer", "Join Type": "Inner", "Startup Cost": 649256.9, "Total Cost": 3449747.7, "Plan Rows": 294584, "Plan Width": 27, "Actual Min Startup Time": 2670.617, "Actual Max Startup Time": 3066.906, "Actual Min Total Time": 4081.58, "Actual Max Total Time": 4475.509, "Inner Unique": true, "Hash Cond": "(lineitem.l_orderkey = orders.o_orderkey), (LLVM Optimized, Jit Execute)", "Plans": [{"Node Type": "Streaming(type: BROADCAST dop: 64/64)", "Parent Relationship": "Outer", "Startup Cost": 0.0, "Total Cost": 2799340.08, "Plan Rows": 18853376, "Plan Width": 19, "Actual Min Startup Time": 1575.849, "Actual Max Startup Time": 1619.999, "Actual Min Total Time": 2810.256, "Actual Max Total Time": 2910.921, "Plans": [{"Node Type": "Index Scan", "Parent Relationship": "Outer", "Scan Direction": "Forward", "Index Name": "idx_lineitem_orderkey", "Relation Name": "lineitem", "Alias": "lineitem", "Startup Cost": 0.0, "Total Cost": 2724372.61, "Plan Rows": 294584, "Plan Width": 19, "Actual Min Startup Time": 2652.522, "Actual Max Startup Time": 3055.949, "Actual Min Total Time": 3622.531, "Actual Max Total Time": 3851.498, "Filter": "((l_shipmode = ANY ('{RAIL,FOB}'::bpchar[])) AND (l_commitdate < l_receiptdate) AND (l_shipdate < l_commitdate) AND (l_receiptdate >= '1997-01-01 00:00:00'::timestamp(0) without time zone) AND (l_receiptdate < '1998-01-01 00:00:00'::timestamp without time zone)), (LLVM Optimized, Jit Execute)", "Rows Removed by Filter": 59674804, "Actual Rows": 311248}], "Actual Rows": 19919872}, {"Node Type": "Hash", "Parent Relationship": "Inner", "Startup Cost": 646327.31, "Total Cost": 646327.31, "Plan Rows": 14999479, "Plan Width": 24, "Actual Min Startup Time": 1054.367, "Actual Max Startup Time": 1451.859, "Actual Min Total Time": 1054.367, "Actual Max Total Time": 1451.859, "Max Hash Buckets": 262144, "Min Hash Buckets": 262144, "Max Hash Batches": 1, "Min Hash Batches": 1, "Max Original Hash Batches": 1, "Min Original Hash Batches": 1, "Max Peak Memory Usage": 12827, "min Peak Memory Usage": 12827, "Plans": [{"Node Type": "Index Scan", "Parent Relationship": "Outer", "Scan Direction": "Forward", "Index Name": "orders_pkey", "Relation Name": "orders", "Alias": "orders", "Startup Cost": 0.0, "Total Cost": 646327.31, "Plan Rows": 14999479, "Plan Width": 24, "Actual Min Startup Time": 790.395, "Actual Max Startup Time": 1182.717, "Actual Min Total Time": 972.997, "Actual Max Total Time": 1366.525, "Actual Rows": 15000000}], "Actual Rows": 15000000}], "Actual Rows": 311248}], "Actual Rows": 128}], "Actual Rows": 128}], "Actual Rows": 2}], "Actual Rows": 2}], "Actual Rows": 2}, "Triggers": [], "Planner Runtime": 1.363, "Total Runtime": 4801.516, "Unique SQL Id": 2036526415}}, "(64, '42')": {"explain_plan": {"Plan": {"Node Type": "Sort", "Startup Cost": 254993.48, "Total Cost": 254993.48, "Plan Rows": 1, "Plan Width": 43, "Sort Key": ["lineitem.l_shipmode"], "Plans": [{"Node Type": "Streaming(type: LOCAL GATHER dop: 1/64)", "Parent Relationship": "Outer", "Startup Cost": 254993.46, "Total Cost": 254993.47, "Plan Rows": 1, "Plan Width": 43, "Plans": [{"Node Type": "Aggregate", "Strategy": "Hashed", "Parent Relationship": "Outer", "Startup Cost": 254993.46, "Total Cost": 254993.46, "Plan Rows": 1, "Plan Width": 43, "Group By Key": ["lineitem.l_shipmode"], "Plans": [{"Node Type": "Streaming(type: LOCAL REDISTRIBUTE dop: 64/64)", "Parent Relationship": "Outer", "Startup Cost": 254993.44, "Total Cost": 254993.46, "Plan Rows": 1, "Plan Width": 43, "Plans": [{"Node Type": "Aggregate", "Strategy": "Hashed", "Parent Relationship": "Outer", "Startup Cost": 254993.44, "Total Cost": 254993.44, "Plan Rows": 1, "Plan Width": 43, "Group By Key": ["lineitem.l_shipmode"], "Plans": [{"Node Type": "Hash Join", "Parent Relationship": "Outer", "Join Type": "Inner", "Startup Cost": 72593.55, "Total Cost": 254912.89, "Plan Rows": 294584, "Plan Width": 27, "Inner Unique": true, "Hash Cond": "(lineitem.l_orderkey = orders.o_orderkey), (LLVM Optimized)", "Plans": [{"Node Type": "Streaming(type: BROADCAST dop: 64/64)", "Parent Relationship": "Outer", "Startup Cost": 1.25, "Total Cost": 181169.87, "Plan Rows": 18853376, "Plan Width": 19, "Plans": [{"Node Type": "Seq Scan", "Parent Relationship": "Outer", "Relation Name": "lineitem", "Alias": "lineitem", "Startup Cost": 1.25, "Total Cost": 106202.39, "Plan Rows": 294584, "Plan Width": 19, "Filter": "((l_shipmode = ANY ('{RAIL,FOB}'::bpchar[])) AND (l_commitdate < l_receiptdate) AND (l_shipdate < l_commitdate) AND (l_receiptdate >= '1997-01-01 00:00:00'::timestamp(0) without time zone) AND (l_receiptdate < '1998-01-01 00:00:00'::timestamp without time zone)), (LLVM Optimized)"}]}, {"Node Type": "Hash", "Parent Relationship": "Inner", "Startup Cost": 69662.72, "Total Cost": 69662.72, "Plan Rows": 14999479, "Plan Width": 24, "Plans": [{"Node Type": "Seq Scan", "Parent Relationship": "Outer", "Relation Name": "orders", "Alias": "orders", "Startup Cost": 0.0, "Total Cost": 69662.72, "Plan Rows": 14999479, "Plan Width": 24}]}]}]}]}]}]}]}, "Unique SQL Id": 2036526415, "Planner Runtime": 1}, "explain_analyze_plan": {"Plan": {"Node Type": "Sort", "Startup Cost": 254993.48, "Total Cost": 254993.48, "Plan Rows": 1, "Plan Width": 43, "Actual Min Startup Time": 1935.075, "Actual Max Startup Time": 1935.075, "Actual Min Total Time": 1935.075, "Actual Max Total Time": 1935.075, "Sort Key": ["lineitem.l_shipmode"], "Sort Method": "quicksort", "Sort Space Min Used": 25, "Sort Space Max Used": 25, "Sort Space Type": "Memory", "Plans": [{"Node Type": "Streaming(type: LOCAL GATHER dop: 1/64)", "Parent Relationship": "Outer", "Startup Cost": 254993.46, "Total Cost": 254993.47, "Plan Rows": 1, "Plan Width": 43, "Actual Min Startup Time": 1934.423, "Actual Max Startup Time": 1934.423, "Actual Min Total Time": 1935.017, "Actual Max Total Time": 1935.017, "Plans": [{"Node Type": "Aggregate", "Strategy": "Hashed", "Parent Relationship": "Outer", "Startup Cost": 254993.46, "Total Cost": 254993.46, "Plan Rows": 1, "Plan Width": 43, "Actual Min Startup Time": 1418.405, "Actual Max Startup Time": 1631.823, "Actual Min Total Time": 1418.405, "Actual Max Total Time": 1631.823, "Group By Key": ["lineitem.l_shipmode"], "Plans": [{"Node Type": "Streaming(type: LOCAL REDISTRIBUTE dop: 64/64)", "Parent Relationship": "Outer", "Startup Cost": 254993.44, "Total Cost": 254993.46, "Plan Rows": 1, "Plan Width": 43, "Actual Min Startup Time": 1418.4, "Actual Max Startup Time": 1631.817, "Actual Min Total Time": 1418.4, "Actual Max Total Time": 1631.817, "Plans": [{"Node Type": "Aggregate", "Strategy": "Hashed", "Parent Relationship": "Outer", "Startup Cost": 254993.44, "Total Cost": 254993.44, "Plan Rows": 1, "Plan Width": 43, "Actual Min Startup Time": 1257.951, "Actual Max Startup Time": 1629.84, "Actual Min Total Time": 1257.953, "Actual Max Total Time": 1629.841, "Group By Key": ["lineitem.l_shipmode"], "Plans": [{"Node Type": "Hash Join", "Parent Relationship": "Outer", "Join Type": "Inner", "Startup Cost": 72593.55, "Total Cost": 254912.89, "Plan Rows": 294584, "Plan Width": 27, "Actual Min Startup Time": 159.028, "Actual Max Startup Time": 220.727, "Actual Min Total Time": 1247.646, "Actual Max Total Time": 1619.563, "Inner Unique": true, "Hash Cond": "(lineitem.l_orderkey = orders.o_orderkey), (LLVM Optimized, Jit Execute)", "Plans": [{"Node Type": "Streaming(type: BROADCAST dop: 64/64)", "Parent Relationship": "Outer", "Startup Cost": 1.25, "Total Cost": 181169.87, "Plan Rows": 18853376, "Plan Width": 19, "Actual Min Startup Time": 0.125, "Actual Max Startup Time": 5.992, "Actual Min Total Time": 890.773, "Actual Max Total Time": 1326.018, "Plans": [{"Node Type": "Seq Scan", "Parent Relationship": "Outer", "Relation Name": "lineitem", "Alias": "lineitem", "Startup Cost": 1.25, "Total Cost": 106202.39, "Plan Rows": 294584, "Plan Width": 19, "Actual Min Startup Time": 0.038, "Actual Max Startup Time": 0.562, "Actual Min Total Time": 416.333, "Actual Max Total Time": 639.464, "Filter": "((l_shipmode = ANY ('{RAIL,FOB}'::bpchar[])) AND (l_commitdate < l_receiptdate) AND (l_shipdate < l_commitdate) AND (l_receiptdate >= '1997-01-01 00:00:00'::timestamp(0) without time zone) AND (l_receiptdate < '1998-01-01 00:00:00'::timestamp without time zone)), (LLVM Optimized, Jit Execute)", "Rows Removed by Filter": 59674804, "Actual Rows": 311248}], "Actual Rows": 19919872}, {"Node Type": "Hash", "Parent Relationship": "Inner", "Startup Cost": 69662.72, "Total Cost": 69662.72, "Plan Rows": 14999479, "Plan Width": 24, "Actual Min Startup Time": 157.218, "Actual Max Startup Time": 215.078, "Actual Min Total Time": 157.218, "Actual Max Total Time": 215.078, "Max Hash Buckets": 262144, "Min Hash Buckets": 262144, "Max Hash Batches": 1, "Min Hash Batches": 1, "Max Original Hash Batches": 1, "Min Original Hash Batches": 1, "Max Peak Memory Usage": 13059, "min Peak Memory Usage": 13059, "Plans": [{"Node Type": "Seq Scan", "Parent Relationship": "Outer", "Relation Name": "orders", "Alias": "orders", "Startup Cost": 0.0, "Total Cost": 69662.72, "Plan Rows": 14999479, "Plan Width": 24, "Actual Min Startup Time": 0.019, "Actual Max Startup Time": 0.73, "Actual Min Total Time": 85.457, "Actual Max Total Time": 91.485, "Actual Rows": 15000000}], "Actual Rows": 15000000}], "Actual Rows": 311248}], "Actual Rows": 128}], "Actual Rows": 128}], "Actual Rows": 2}], "Actual Rows": 2}], "Actual Rows": 2}, "Triggers": [], "Planner Runtime": 1.224, "Total Runtime": 1987.985, "Unique SQL Id": 2036526415}}, "(64, '43')": {"explain_plan": {"Plan": {"Node Type": "Sort", "Startup Cost": 2000472293708.51, "Total Cost": 2000472293708.51, "Plan Rows": 1, "Plan Width": 43, "Sort Key": ["lineitem.l_shipmode"], "Plans": [{"Node Type": "Aggregate", "Strategy": "Hashed", "Parent Relationship": "Outer", "Startup Cost": 2000472293708.49, "Total Cost": 2000472293708.5, "Plan Rows": 1, "Plan Width": 43, "Group By Key": ["lineitem.l_shipmode"], "Plans": [{"Node Type": "Hash Join", "Parent Relationship": "Outer", "Join Type": "Inner", "Startup Cost": 1010073285336.99, "Total Cost": 2000472288553.27, "Plan Rows": 294584, "Plan Width": 27, "Inner Unique": true, "Hash Cond": "(lineitem.l_orderkey = orders.o_orderkey), (LLVM Optimized)", "Plans": [{"Node Type": "Index Scan", "Parent Relationship": "Outer", "Scan Direction": "Forward", "Index Name": "idx_lineitem_orderkey", "Relation Name": "lineitem", "Alias": "lineitem", "Startup Cost": 10000000000.0, "Total Cost": 1000398999165.75, "Plan Rows": 294584, "Plan Width": 19, "Filter": "((l_shipmode = ANY ('{RAIL,FOB}'::bpchar[])) AND (l_commitdate < l_receiptdate) AND (l_shipdate < l_commitdate) AND (l_receiptdate >= '1997-01-01 00:00:00'::timestamp(0) without time zone) AND (l_receiptdate < '1998-01-01 00:00:00'::timestamp without time zone)), (LLVM Optimized)"}, {"Node Type": "Hash", "Parent Relationship": "Inner", "Startup Cost": 1000073097843.5, "Total Cost": 1000073097843.5, "Plan Rows": 14999479, "Plan Width": 24, "Plans": [{"Node Type": "Index Scan", "Parent Relationship": "Outer", "Scan Direction": "Forward", "Index Name": "orders_pkey", "Relation Name": "orders", "Alias": "orders", "Startup Cost": 10000000000.0, "Total Cost": 1000073097843.5, "Plan Rows": 14999479, "Plan Width": 24}]}]}]}]}, "Unique SQL Id": 2036526415, "Planner Runtime": 0}, "explain_analyze_plan": null}, "(64, '44')": {"explain_plan": {"Plan": {"Node Type": "Sort", "Startup Cost": 254993.48, "Total Cost": 254993.48, "Plan Rows": 1, "Plan Width": 43, "Sort Key": ["lineitem.l_shipmode"], "Plans": [{"Node Type": "Streaming(type: LOCAL GATHER dop: 1/64)", "Parent Relationship": "Outer", "Startup Cost": 254993.46, "Total Cost": 254993.47, "Plan Rows": 1, "Plan Width": 43, "Plans": [{"Node Type": "Aggregate", "Strategy": "Hashed", "Parent Relationship": "Outer", "Startup Cost": 254993.46, "Total Cost": 254993.46, "Plan Rows": 1, "Plan Width": 43, "Group By Key": ["lineitem.l_shipmode"], "Plans": [{"Node Type": "Streaming(type: LOCAL REDISTRIBUTE dop: 64/64)", "Parent Relationship": "Outer", "Startup Cost": 254993.44, "Total Cost": 254993.46, "Plan Rows": 1, "Plan Width": 43, "Plans": [{"Node Type": "Aggregate", "Strategy": "Hashed", "Parent Relationship": "Outer", "Startup Cost": 254993.44, "Total Cost": 254993.44, "Plan Rows": 1, "Plan Width": 43, "Group By Key": ["lineitem.l_shipmode"], "Plans": [{"Node Type": "Hash Join", "Parent Relationship": "Outer", "Join Type": "Inner", "Startup Cost": 72593.55, "Total Cost": 254912.89, "Plan Rows": 294584, "Plan Width": 27, "Inner Unique": true, "Hash Cond": "(lineitem.l_orderkey = orders.o_orderkey), (LLVM Optimized)", "Plans": [{"Node Type": "Streaming(type: BROADCAST dop: 64/64)", "Parent Relationship": "Outer", "Startup Cost": 1.25, "Total Cost": 181169.87, "Plan Rows": 18853376, "Plan Width": 19, "Plans": [{"Node Type": "Seq Scan", "Parent Relationship": "Outer", "Relation Name": "lineitem", "Alias": "lineitem", "Startup Cost": 1.25, "Total Cost": 106202.39, "Plan Rows": 294584, "Plan Width": 19, "Filter": "((l_shipmode = ANY ('{RAIL,FOB}'::bpchar[])) AND (l_commitdate < l_receiptdate) AND (l_shipdate < l_commitdate) AND (l_receiptdate >= '1997-01-01 00:00:00'::timestamp(0) without time zone) AND (l_receiptdate < '1998-01-01 00:00:00'::timestamp without time zone)), (LLVM Optimized)"}]}, {"Node Type": "Hash", "Parent Relationship": "Inner", "Startup Cost": 69662.72, "Total Cost": 69662.72, "Plan Rows": 14999479, "Plan Width": 24, "Plans": [{"Node Type": "Seq Scan", "Parent Relationship": "Outer", "Relation Name": "orders", "Alias": "orders", "Startup Cost": 0.0, "Total Cost": 69662.72, "Plan Rows": 14999479, "Plan Width": 24}]}]}]}]}]}]}]}, "Unique SQL Id": 2036526415, "Planner Runtime": 1}, "explain_analyze_plan": {"Plan": {"Node Type": "Sort", "Startup Cost": 254993.48, "Total Cost": 254993.48, "Plan Rows": 1, "Plan Width": 43, "Actual Min Startup Time": 1935.075, "Actual Max Startup Time": 1935.075, "Actual Min Total Time": 1935.075, "Actual Max Total Time": 1935.075, "Sort Key": ["lineitem.l_shipmode"], "Sort Method": "quicksort", "Sort Space Min Used": 25, "Sort Space Max Used": 25, "Sort Space Type": "Memory", "Plans": [{"Node Type": "Streaming(type: LOCAL GATHER dop: 1/64)", "Parent Relationship": "Outer", "Startup Cost": 254993.46, "Total Cost": 254993.47, "Plan Rows": 1, "Plan Width": 43, "Actual Min Startup Time": 1934.423, "Actual Max Startup Time": 1934.423, "Actual Min Total Time": 1935.017, "Actual Max Total Time": 1935.017, "Plans": [{"Node Type": "Aggregate", "Strategy": "Hashed", "Parent Relationship": "Outer", "Startup Cost": 254993.46, "Total Cost": 254993.46, "Plan Rows": 1, "Plan Width": 43, "Actual Min Startup Time": 1418.405, "Actual Max Startup Time": 1631.823, "Actual Min Total Time": 1418.405, "Actual Max Total Time": 1631.823, "Group By Key": ["lineitem.l_shipmode"], "Plans": [{"Node Type": "Streaming(type: LOCAL REDISTRIBUTE dop: 64/64)", "Parent Relationship": "Outer", "Startup Cost": 254993.44, "Total Cost": 254993.46, "Plan Rows": 1, "Plan Width": 43, "Actual Min Startup Time": 1418.4, "Actual Max Startup Time": 1631.817, "Actual Min Total Time": 1418.4, "Actual Max Total Time": 1631.817, "Plans": [{"Node Type": "Aggregate", "Strategy": "Hashed", "Parent Relationship": "Outer", "Startup Cost": 254993.44, "Total Cost": 254993.44, "Plan Rows": 1, "Plan Width": 43, "Actual Min Startup Time": 1257.951, "Actual Max Startup Time": 1629.84, "Actual Min Total Time": 1257.953, "Actual Max Total Time": 1629.841, "Group By Key": ["lineitem.l_shipmode"], "Plans": [{"Node Type": "Hash Join", "Parent Relationship": "Outer", "Join Type": "Inner", "Startup Cost": 72593.55, "Total Cost": 254912.89, "Plan Rows": 294584, "Plan Width": 27, "Actual Min Startup Time": 159.028, "Actual Max Startup Time": 220.727, "Actual Min Total Time": 1247.646, "Actual Max Total Time": 1619.563, "Inner Unique": true, "Hash Cond": "(lineitem.l_orderkey = orders.o_orderkey), (LLVM Optimized, Jit Execute)", "Plans": [{"Node Type": "Streaming(type: BROADCAST dop: 64/64)", "Parent Relationship": "Outer", "Startup Cost": 1.25, "Total Cost": 181169.87, "Plan Rows": 18853376, "Plan Width": 19, "Actual Min Startup Time": 0.125, "Actual Max Startup Time": 5.992, "Actual Min Total Time": 890.773, "Actual Max Total Time": 1326.018, "Plans": [{"Node Type": "Seq Scan", "Parent Relationship": "Outer", "Relation Name": "lineitem", "Alias": "lineitem", "Startup Cost": 1.25, "Total Cost": 106202.39, "Plan Rows": 294584, "Plan Width": 19, "Actual Min Startup Time": 0.038, "Actual Max Startup Time": 0.562, "Actual Min Total Time": 416.333, "Actual Max Total Time": 639.464, "Filter": "((l_shipmode = ANY ('{RAIL,FOB}'::bpchar[])) AND (l_commitdate < l_receiptdate) AND (l_shipdate < l_commitdate) AND (l_receiptdate >= '1997-01-01 00:00:00'::timestamp(0) without time zone) AND (l_receiptdate < '1998-01-01 00:00:00'::timestamp without time zone)), (LLVM Optimized, Jit Execute)", "Rows Removed by Filter": 59674804, "Actual Rows": 311248}], "Actual Rows": 19919872}, {"Node Type": "Hash", "Parent Relationship": "Inner", "Startup Cost": 69662.72, "Total Cost": 69662.72, "Plan Rows": 14999479, "Plan Width": 24, "Actual Min Startup Time": 157.218, "Actual Max Startup Time": 215.078, "Actual Min Total Time": 157.218, "Actual Max Total Time": 215.078, "Max Hash Buckets": 262144, "Min Hash Buckets": 262144, "Max Hash Batches": 1, "Min Hash Batches": 1, "Max Original Hash Batches": 1, "Min Original Hash Batches": 1, "Max Peak Memory Usage": 13059, "min Peak Memory Usage": 13059, "Plans": [{"Node Type": "Seq Scan", "Parent Relationship": "Outer", "Relation Name": "orders", "Alias": "orders", "Startup Cost": 0.0, "Total Cost": 69662.72, "Plan Rows": 14999479, "Plan Width": 24, "Actual Min Startup Time": 0.019, "Actual Max Startup Time": 0.73, "Actual Min Total Time": 85.457, "Actual Max Total Time": 91.485, "Actual Rows": 15000000}], "Actual Rows": 15000000}], "Actual Rows": 311248}], "Actual Rows": 128}], "Actual Rows": 128}], "Actual Rows": 2}], "Actual Rows": 2}], "Actual Rows": 2}, "Triggers": [], "Planner Runtime": 1.224, "Total Runtime": 1987.985, "Unique SQL Id": 2036526415}}, "(64, '45')": {"explain_plan": {"Plan": {"Node Type": "Sort", "Startup Cost": 3449828.29, "Total Cost": 3449828.29, "Plan Rows": 1, "Plan Width": 43, "Sort Key": ["lineitem.l_shipmode"], "Plans": [{"Node Type": "Streaming(type: LOCAL GATHER dop: 1/64)", "Parent Relationship": "Outer", "Startup Cost": 3449828.27, "Total Cost": 3449828.28, "Plan Rows": 1, "Plan Width": 43, "Plans": [{"Node Type": "Aggregate", "Strategy": "Hashed", "Parent Relationship": "Outer", "Startup Cost": 3449828.27, "Total Cost": 3449828.27, "Plan Rows": 1, "Plan Width": 43, "Group By Key": ["lineitem.l_shipmode"], "Plans": [{"Node Type": "Streaming(type: LOCAL REDISTRIBUTE dop: 64/64)", "Parent Relationship": "Outer", "Startup Cost": 3449828.25, "Total Cost": 3449828.27, "Plan Rows": 1, "Plan Width": 43, "Plans": [{"Node Type": "Aggregate", "Strategy": "Hashed", "Parent Relationship": "Outer", "Startup Cost": 3449828.25, "Total Cost": 3449828.25, "Plan Rows": 1, "Plan Width": 43, "Group By Key": ["lineitem.l_shipmode"], "Plans": [{"Node Type": "Hash Join", "Parent Relationship": "Outer", "Join Type": "Inner", "Startup Cost": 649256.9, "Total Cost": 3449747.7, "Plan Rows": 294584, "Plan Width": 27, "Inner Unique": true, "Hash Cond": "(lineitem.l_orderkey = orders.o_orderkey), (LLVM Optimized)", "Plans": [{"Node Type": "Streaming(type: BROADCAST dop: 64/64)", "Parent Relationship": "Outer", "Startup Cost": 0.0, "Total Cost": 2799340.08, "Plan Rows": 18853376, "Plan Width": 19, "Plans": [{"Node Type": "Index Scan", "Parent Relationship": "Outer", "Scan Direction": "Forward", "Index Name": "idx_lineitem_orderkey", "Relation Name": "lineitem", "Alias": "lineitem", "Startup Cost": 0.0, "Total Cost": 2724372.61, "Plan Rows": 294584, "Plan Width": 19, "Filter": "((l_shipmode = ANY ('{RAIL,FOB}'::bpchar[])) AND (l_commitdate < l_receiptdate) AND (l_shipdate < l_commitdate) AND (l_receiptdate >= '1997-01-01 00:00:00'::timestamp(0) without time zone) AND (l_receiptdate < '1998-01-01 00:00:00'::timestamp without time zone)), (LLVM Optimized)"}]}, {"Node Type": "Hash", "Parent Relationship": "Inner", "Startup Cost": 646327.31, "Total Cost": 646327.31, "Plan Rows": 14999479, "Plan Width": 24, "Plans": [{"Node Type": "Index Scan", "Parent Relationship": "Outer", "Scan Direction": "Forward", "Index Name": "orders_pkey", "Relation Name": "orders", "Alias": "orders", "Startup Cost": 0.0, "Total Cost": 646327.31, "Plan Rows": 14999479, "Plan Width": 24}]}]}]}]}]}]}]}, "Unique SQL Id": 2036526415, "Planner Runtime": 0}, "explain_analyze_plan": {"Plan": {"Node Type": "Sort", "Startup Cost": 3449828.29, "Total Cost": 3449828.29, "Plan Rows": 1, "Plan Width": 43, "Actual Min Startup Time": 4746.649, "Actual Max Startup Time": 4746.649, "Actual Min Total Time": 4746.649, "Actual Max Total Time": 4746.649, "Sort Key": ["lineitem.l_shipmode"], "Sort Method": "quicksort", "Sort Space Min Used": 25, "Sort Space Max Used": 25, "Sort Space Type": "Memory", "Plans": [{"Node Type": "Streaming(type: LOCAL GATHER dop: 1/64)", "Parent Relationship": "Outer", "Startup Cost": 3449828.27, "Total Cost": 3449828.28, "Plan Rows": 1, "Plan Width": 43, "Actual Min Startup Time": 4744.896, "Actual Max Startup Time": 4744.896, "Actual Min Total Time": 4746.577, "Actual Max Total Time": 4746.577, "Plans": [{"Node Type": "Aggregate", "Strategy": "Hashed", "Parent Relationship": "Outer", "Startup Cost": 3449828.27, "Total Cost": 3449828.27, "Plan Rows": 1, "Plan Width": 43, "Actual Min Startup Time": 4274.293, "Actual Max Startup Time": 4398.228, "Actual Min Total Time": 4274.293, "Actual Max Total Time": 4398.228, "Group By Key": ["lineitem.l_shipmode"], "Plans": [{"Node Type": "Streaming(type: LOCAL REDISTRIBUTE dop: 64/64)", "Parent Relationship": "Outer", "Startup Cost": 3449828.25, "Total Cost": 3449828.27, "Plan Rows": 1, "Plan Width": 43, "Actual Min Startup Time": 4274.284, "Actual Max Startup Time": 4398.22, "Actual Min Total Time": 4274.284, "Actual Max Total Time": 4398.22, "Plans": [{"Node Type": "Aggregate", "Strategy": "Hashed", "Parent Relationship": "Outer", "Startup Cost": 3449828.25, "Total Cost": 3449828.25, "Plan Rows": 1, "Plan Width": 43, "Actual Min Startup Time": 4092.61, "Actual Max Startup Time": 4483.277, "Actual Min Total Time": 4092.611, "Actual Max Total Time": 4483.278, "Group By Key": ["lineitem.l_shipmode"], "Plans": [{"Node Type": "Hash Join", "Parent Relationship": "Outer", "Join Type": "Inner", "Startup Cost": 649256.9, "Total Cost": 3449747.7, "Plan Rows": 294584, "Plan Width": 27, "Actual Min Startup Time": 2670.617, "Actual Max Startup Time": 3066.906, "Actual Min Total Time": 4081.58, "Actual Max Total Time": 4475.509, "Inner Unique": true, "Hash Cond": "(lineitem.l_orderkey = orders.o_orderkey), (LLVM Optimized, Jit Execute)", "Plans": [{"Node Type": "Streaming(type: BROADCAST dop: 64/64)", "Parent Relationship": "Outer", "Startup Cost": 0.0, "Total Cost": 2799340.08, "Plan Rows": 18853376, "Plan Width": 19, "Actual Min Startup Time": 1575.849, "Actual Max Startup Time": 1619.999, "Actual Min Total Time": 2810.256, "Actual Max Total Time": 2910.921, "Plans": [{"Node Type": "Index Scan", "Parent Relationship": "Outer", "Scan Direction": "Forward", "Index Name": "idx_lineitem_orderkey", "Relation Name": "lineitem", "Alias": "lineitem", "Startup Cost": 0.0, "Total Cost": 2724372.61, "Plan Rows": 294584, "Plan Width": 19, "Actual Min Startup Time": 2652.522, "Actual Max Startup Time": 3055.949, "Actual Min Total Time": 3622.531, "Actual Max Total Time": 3851.498, "Filter": "((l_shipmode = ANY ('{RAIL,FOB}'::bpchar[])) AND (l_commitdate < l_receiptdate) AND (l_shipdate < l_commitdate) AND (l_receiptdate >= '1997-01-01 00:00:00'::timestamp(0) without time zone) AND (l_receiptdate < '1998-01-01 00:00:00'::timestamp without time zone)), (LLVM Optimized, Jit Execute)", "Rows Removed by Filter": 59674804, "Actual Rows": 311248}], "Actual Rows": 19919872}, {"Node Type": "Hash", "Parent Relationship": "Inner", "Startup Cost": 646327.31, "Total Cost": 646327.31, "Plan Rows": 14999479, "Plan Width": 24, "Actual Min Startup Time": 1054.367, "Actual Max Startup Time": 1451.859, "Actual Min Total Time": 1054.367, "Actual Max Total Time": 1451.859, "Max Hash Buckets": 262144, "Min Hash Buckets": 262144, "Max Hash Batches": 1, "Min Hash Batches": 1, "Max Original Hash Batches": 1, "Min Original Hash Batches": 1, "Max Peak Memory Usage": 12827, "min Peak Memory Usage": 12827, "Plans": [{"Node Type": "Index Scan", "Parent Relationship": "Outer", "Scan Direction": "Forward", "Index Name": "orders_pkey", "Relation Name": "orders", "Alias": "orders", "Startup Cost": 0.0, "Total Cost": 646327.31, "Plan Rows": 14999479, "Plan Width": 24, "Actual Min Startup Time": 790.395, "Actual Max Startup Time": 1182.717, "Actual Min Total Time": 972.997, "Actual Max Total Time": 1366.525, "Actual Rows": 15000000}], "Actual Rows": 15000000}], "Actual Rows": 311248}], "Actual Rows": 128}], "Actual Rows": 128}], "Actual Rows": 2}], "Actual Rows": 2}], "Actual Rows": 2}, "Triggers": [], "Planner Runtime": 1.363, "Total Runtime": 4801.516, "Unique SQL Id": 2036526415}}, "(64, '46')": {"explain_plan": {"Plan": {"Node Type": "Sort", "Startup Cost": 254993.48, "Total Cost": 254993.48, "Plan Rows": 1, "Plan Width": 43, "Sort Key": ["lineitem.l_shipmode"], "Plans": [{"Node Type": "Streaming(type: LOCAL GATHER dop: 1/64)", "Parent Relationship": "Outer", "Startup Cost": 254993.46, "Total Cost": 254993.47, "Plan Rows": 1, "Plan Width": 43, "Plans": [{"Node Type": "Aggregate", "Strategy": "Hashed", "Parent Relationship": "Outer", "Startup Cost": 254993.46, "Total Cost": 254993.46, "Plan Rows": 1, "Plan Width": 43, "Group By Key": ["lineitem.l_shipmode"], "Plans": [{"Node Type": "Streaming(type: LOCAL REDISTRIBUTE dop: 64/64)", "Parent Relationship": "Outer", "Startup Cost": 254993.44, "Total Cost": 254993.46, "Plan Rows": 1, "Plan Width": 43, "Plans": [{"Node Type": "Aggregate", "Strategy": "Hashed", "Parent Relationship": "Outer", "Startup Cost": 254993.44, "Total Cost": 254993.44, "Plan Rows": 1, "Plan Width": 43, "Group By Key": ["lineitem.l_shipmode"], "Plans": [{"Node Type": "Hash Join", "Parent Relationship": "Outer", "Join Type": "Inner", "Startup Cost": 72593.55, "Total Cost": 254912.89, "Plan Rows": 294584, "Plan Width": 27, "Inner Unique": true, "Hash Cond": "(lineitem.l_orderkey = orders.o_orderkey), (LLVM Optimized)", "Plans": [{"Node Type": "Streaming(type: BROADCAST dop: 64/64)", "Parent Relationship": "Outer", "Startup Cost": 1.25, "Total Cost": 181169.87, "Plan Rows": 18853376, "Plan Width": 19, "Plans": [{"Node Type": "Seq Scan", "Parent Relationship": "Outer", "Relation Name": "lineitem", "Alias": "lineitem", "Startup Cost": 1.25, "Total Cost": 106202.39, "Plan Rows": 294584, "Plan Width": 19, "Filter": "((l_shipmode = ANY ('{RAIL,FOB}'::bpchar[])) AND (l_commitdate < l_receiptdate) AND (l_shipdate < l_commitdate) AND (l_receiptdate >= '1997-01-01 00:00:00'::timestamp(0) without time zone) AND (l_receiptdate < '1998-01-01 00:00:00'::timestamp without time zone)), (LLVM Optimized)"}]}, {"Node Type": "Hash", "Parent Relationship": "Inner", "Startup Cost": 69662.72, "Total Cost": 69662.72, "Plan Rows": 14999479, "Plan Width": 24, "Plans": [{"Node Type": "Seq Scan", "Parent Relationship": "Outer", "Relation Name": "orders", "Alias": "orders", "Startup Cost": 0.0, "Total Cost": 69662.72, "Plan Rows": 14999479, "Plan Width": 24}]}]}]}]}]}]}]}, "Unique SQL Id": 2036526415, "Planner Runtime": 0}, "explain_analyze_plan": {"Plan": {"Node Type": "Sort", "Startup Cost": 254993.48, "Total Cost": 254993.48, "Plan Rows": 1, "Plan Width": 43, "Actual Min Startup Time": 1935.075, "Actual Max Startup Time": 1935.075, "Actual Min Total Time": 1935.075, "Actual Max Total Time": 1935.075, "Sort Key": ["lineitem.l_shipmode"], "Sort Method": "quicksort", "Sort Space Min Used": 25, "Sort Space Max Used": 25, "Sort Space Type": "Memory", "Plans": [{"Node Type": "Streaming(type: LOCAL GATHER dop: 1/64)", "Parent Relationship": "Outer", "Startup Cost": 254993.46, "Total Cost": 254993.47, "Plan Rows": 1, "Plan Width": 43, "Actual Min Startup Time": 1934.423, "Actual Max Startup Time": 1934.423, "Actual Min Total Time": 1935.017, "Actual Max Total Time": 1935.017, "Plans": [{"Node Type": "Aggregate", "Strategy": "Hashed", "Parent Relationship": "Outer", "Startup Cost": 254993.46, "Total Cost": 254993.46, "Plan Rows": 1, "Plan Width": 43, "Actual Min Startup Time": 1418.405, "Actual Max Startup Time": 1631.823, "Actual Min Total Time": 1418.405, "Actual Max Total Time": 1631.823, "Group By Key": ["lineitem.l_shipmode"], "Plans": [{"Node Type": "Streaming(type: LOCAL REDISTRIBUTE dop: 64/64)", "Parent Relationship": "Outer", "Startup Cost": 254993.44, "Total Cost": 254993.46, "Plan Rows": 1, "Plan Width": 43, "Actual Min Startup Time": 1418.4, "Actual Max Startup Time": 1631.817, "Actual Min Total Time": 1418.4, "Actual Max Total Time": 1631.817, "Plans": [{"Node Type": "Aggregate", "Strategy": "Hashed", "Parent Relationship": "Outer", "Startup Cost": 254993.44, "Total Cost": 254993.44, "Plan Rows": 1, "Plan Width": 43, "Actual Min Startup Time": 1257.951, "Actual Max Startup Time": 1629.84, "Actual Min Total Time": 1257.953, "Actual Max Total Time": 1629.841, "Group By Key": ["lineitem.l_shipmode"], "Plans": [{"Node Type": "Hash Join", "Parent Relationship": "Outer", "Join Type": "Inner", "Startup Cost": 72593.55, "Total Cost": 254912.89, "Plan Rows": 294584, "Plan Width": 27, "Actual Min Startup Time": 159.028, "Actual Max Startup Time": 220.727, "Actual Min Total Time": 1247.646, "Actual Max Total Time": 1619.563, "Inner Unique": true, "Hash Cond": "(lineitem.l_orderkey = orders.o_orderkey), (LLVM Optimized, Jit Execute)", "Plans": [{"Node Type": "Streaming(type: BROADCAST dop: 64/64)", "Parent Relationship": "Outer", "Startup Cost": 1.25, "Total Cost": 181169.87, "Plan Rows": 18853376, "Plan Width": 19, "Actual Min Startup Time": 0.125, "Actual Max Startup Time": 5.992, "Actual Min Total Time": 890.773, "Actual Max Total Time": 1326.018, "Plans": [{"Node Type": "Seq Scan", "Parent Relationship": "Outer", "Relation Name": "lineitem", "Alias": "lineitem", "Startup Cost": 1.25, "Total Cost": 106202.39, "Plan Rows": 294584, "Plan Width": 19, "Actual Min Startup Time": 0.038, "Actual Max Startup Time": 0.562, "Actual Min Total Time": 416.333, "Actual Max Total Time": 639.464, "Filter": "((l_shipmode = ANY ('{RAIL,FOB}'::bpchar[])) AND (l_commitdate < l_receiptdate) AND (l_shipdate < l_commitdate) AND (l_receiptdate >= '1997-01-01 00:00:00'::timestamp(0) without time zone) AND (l_receiptdate < '1998-01-01 00:00:00'::timestamp without time zone)), (LLVM Optimized, Jit Execute)", "Rows Removed by Filter": 59674804, "Actual Rows": 311248}], "Actual Rows": 19919872}, {"Node Type": "Hash", "Parent Relationship": "Inner", "Startup Cost": 69662.72, "Total Cost": 69662.72, "Plan Rows": 14999479, "Plan Width": 24, "Actual Min Startup Time": 157.218, "Actual Max Startup Time": 215.078, "Actual Min Total Time": 157.218, "Actual Max Total Time": 215.078, "Max Hash Buckets": 262144, "Min Hash Buckets": 262144, "Max Hash Batches": 1, "Min Hash Batches": 1, "Max Original Hash Batches": 1, "Min Original Hash Batches": 1, "Max Peak Memory Usage": 13059, "min Peak Memory Usage": 13059, "Plans": [{"Node Type": "Seq Scan", "Parent Relationship": "Outer", "Relation Name": "orders", "Alias": "orders", "Startup Cost": 0.0, "Total Cost": 69662.72, "Plan Rows": 14999479, "Plan Width": 24, "Actual Min Startup Time": 0.019, "Actual Max Startup Time": 0.73, "Actual Min Total Time": 85.457, "Actual Max Total Time": 91.485, "Actual Rows": 15000000}], "Actual Rows": 15000000}], "Actual Rows": 311248}], "Actual Rows": 128}], "Actual Rows": 128}], "Actual Rows": 2}], "Actual Rows": 2}], "Actual Rows": 2}, "Triggers": [], "Planner Runtime": 1.224, "Total Runtime": 1987.985, "Unique SQL Id": 2036526415}}, "(64, '47')": {"explain_plan": {"Plan": {"Node Type": "Sort", "Startup Cost": 2000472293708.51, "Total Cost": 2000472293708.51, "Plan Rows": 1, "Plan Width": 43, "Sort Key": ["lineitem.l_shipmode"], "Plans": [{"Node Type": "Aggregate", "Strategy": "Hashed", "Parent Relationship": "Outer", "Startup Cost": 2000472293708.49, "Total Cost": 2000472293708.5, "Plan Rows": 1, "Plan Width": 43, "Group By Key": ["lineitem.l_shipmode"], "Plans": [{"Node Type": "Hash Join", "Parent Relationship": "Outer", "Join Type": "Inner", "Startup Cost": 1010073285336.99, "Total Cost": 2000472288553.27, "Plan Rows": 294584, "Plan Width": 27, "Inner Unique": true, "Hash Cond": "(lineitem.l_orderkey = orders.o_orderkey), (LLVM Optimized)", "Plans": [{"Node Type": "Index Scan", "Parent Relationship": "Outer", "Scan Direction": "Forward", "Index Name": "idx_lineitem_orderkey", "Relation Name": "lineitem", "Alias": "lineitem", "Startup Cost": 10000000000.0, "Total Cost": 1000398999165.75, "Plan Rows": 294584, "Plan Width": 19, "Filter": "((l_shipmode = ANY ('{RAIL,FOB}'::bpchar[])) AND (l_commitdate < l_receiptdate) AND (l_shipdate < l_commitdate) AND (l_receiptdate >= '1997-01-01 00:00:00'::timestamp(0) without time zone) AND (l_receiptdate < '1998-01-01 00:00:00'::timestamp without time zone)), (LLVM Optimized)"}, {"Node Type": "Hash", "Parent Relationship": "Inner", "Startup Cost": 1000073097843.5, "Total Cost": 1000073097843.5, "Plan Rows": 14999479, "Plan Width": 24, "Plans": [{"Node Type": "Index Scan", "Parent Relationship": "Outer", "Scan Direction": "Forward", "Index Name": "orders_pkey", "Relation Name": "orders", "Alias": "orders", "Startup Cost": 10000000000.0, "Total Cost": 1000073097843.5, "Plan Rows": 14999479, "Plan Width": 24}]}]}]}]}, "Unique SQL Id": 2036526415, "Planner Runtime": 0}, "explain_analyze_plan": null}, "(64, '48')": {"explain_plan": {"Plan": {"Node Type": "Sort", "Startup Cost": 1198202.39, "Total Cost": 1198202.39, "Plan Rows": 1, "Plan Width": 43, "Sort Key": ["lineitem.l_shipmode"], "Plans": [{"Node Type": "Aggregate", "Strategy": "Hashed", "Parent Relationship": "Outer", "Startup Cost": 1198202.37, "Total Cost": 1198202.38, "Plan Rows": 1, "Plan Width": 43, "Group By Key": ["lineitem.l_shipmode"], "Plans": [{"Node Type": "Nested Loop", "Parent Relationship": "Outer", "Join Type": "Inner", "Startup Cost": 1.25, "Total Cost": 1193047.15, "Plan Rows": 294584, "Plan Width": 27, "Inner Unique": true, "Plans": [{"Node Type": "Streaming(type: LOCAL GATHER dop: 1/64)", "Parent Relationship": "Outer", "Startup Cost": 1.25, "Total Cost": 112279.63, "Plan Rows": 294584, "Plan Width": 19, "Plans": [{"Node Type": "Seq Scan", "Parent Relationship": "Outer", "Relation Name": "lineitem", "Alias": "lineitem", "Startup Cost": 1.25, "Total Cost": 106202.39, "Plan Rows": 294584, "Plan Width": 19, "Filter": "((l_shipmode = ANY ('{RAIL,FOB}'::bpchar[])) AND (l_commitdate < l_receiptdate) AND (l_shipdate < l_commitdate) AND (l_receiptdate >= '1997-01-01 00:00:00'::timestamp(0) without time zone) AND (l_receiptdate < '1998-01-01 00:00:00'::timestamp without time zone)), (LLVM Optimized)"}]}, {"Node Type": "Index Scan", "Parent Relationship": "Inner", "Scan Direction": "Forward", "Index Name": "orders_pkey", "Relation Name": "orders", "Alias": "orders", "Startup Cost": 0.0, "Total Cost": 3.66, "Plan Rows": 1, "Plan Width": 24, "Index Cond": "(o_orderkey = lineitem.l_orderkey)"}]}]}]}, "Unique SQL Id": 2036526415, "Planner Runtime": 0}, "explain_analyze_plan": {"Plan": {"Node Type": "Sort", "Startup Cost": 1198202.39, "Total Cost": 1198202.39, "Plan Rows": 1, "Plan Width": 43, "Actual Min Startup Time": 2413.164, "Actual Max Startup Time": 2413.164, "Actual Min Total Time": 2413.165, "Actual Max Total Time": 2413.165, "Sort Key": ["lineitem.l_shipmode"], "Sort Method": "quicksort", "Sort Space Min Used": 25, "Sort Space Max Used": 25, "Sort Space Type": "Memory", "Plans": [{"Node Type": "Aggregate", "Strategy": "Hashed", "Parent Relationship": "Outer", "Startup Cost": 1198202.37, "Total Cost": 1198202.38, "Plan Rows": 1, "Plan Width": 43, "Actual Min Startup Time": 2413.109, "Actual Max Startup Time": 2413.109, "Actual Min Total Time": 2413.11, "Actual Max Total Time": 2413.11, "Group By Key": ["lineitem.l_shipmode"], "Plans": [{"Node Type": "Nested Loop", "Parent Relationship": "Outer", "Join Type": "Inner", "Startup Cost": 1.25, "Total Cost": 1193047.15, "Plan Rows": 294584, "Plan Width": 27, "Actual Min Startup Time": 124.405, "Actual Max Startup Time": 124.405, "Actual Min Total Time": 2097.461, "Actual Max Total Time": 2097.461, "Inner Unique": true, "Plans": [{"Node Type": "Streaming(type: LOCAL GATHER dop: 1/64)", "Parent Relationship": "Outer", "Startup Cost": 1.25, "Total Cost": 112279.63, "Plan Rows": 294584, "Plan Width": 19, "Actual Min Startup Time": 124.329, "Actual Max Startup Time": 124.329, "Actual Min Total Time": 282.816, "Actual Max Total Time": 282.816, "Plans": [{"Node Type": "Seq Scan", "Parent Relationship": "Outer", "Relation Name": "lineitem", "Alias": "lineitem", "Startup Cost": 1.25, "Total Cost": 106202.39, "Plan Rows": 294584, "Plan Width": 19, "Actual Min Startup Time": 0.036, "Actual Max Startup Time": 0.553, "Actual Min Total Time": 480.488, "Actual Max Total Time": 624.177, "Filter": "((l_shipmode = ANY ('{RAIL,FOB}'::bpchar[])) AND (l_commitdate < l_receiptdate) AND (l_shipdate < l_commitdate) AND (l_receiptdate >= '1997-01-01 00:00:00'::timestamp(0) without time zone) AND (l_receiptdate < '1998-01-01 00:00:00'::timestamp without time zone)), (LLVM Optimized, Jit Execute)", "Rows Removed by Filter": 59674804, "Actual Rows": 311248}], "Actual Rows": 311248}, {"Node Type": "Index Scan", "Parent Relationship": "Inner", "Scan Direction": "Forward", "Index Name": "orders_pkey", "Relation Name": "orders", "Alias": "orders", "Startup Cost": 0.0, "Total Cost": 3.66, "Plan Rows": 1, "Plan Width": 24, "Actual Min Startup Time": 1556.899, "Actual Max Startup Time": 1556.899, "Actual Min Total Time": 1556.899, "Actual Max Total Time": 1556.899, "Index Cond": "(o_orderkey = lineitem.l_orderkey)", "Rows Removed by Index Recheck": 0, "Actual Rows": 311248}], "Actual Rows": 311248}], "Actual Rows": 2}], "Actual Rows": 2}, "Triggers": [], "Planner Runtime": 0.74, "Total Runtime": 2436.087, "Unique SQL Id": 2036526415}}, "(64, '49')": {"explain_plan": {"Plan": {"Node Type": "Sort", "Startup Cost": 3816372.6, "Total Cost": 3816372.6, "Plan Rows": 1, "Plan Width": 43, "Sort Key": ["lineitem.l_shipmode"], "Plans": [{"Node Type": "Aggregate", "Strategy": "Hashed", "Parent Relationship": "Outer", "Startup Cost": 3816372.58, "Total Cost": 3816372.59, "Plan Rows": 1, "Plan Width": 43, "Group By Key": ["lineitem.l_shipmode"], "Plans": [{"Node Type": "Nested Loop", "Parent Relationship": "Outer", "Join Type": "Inner", "Startup Cost": 0.0, "Total Cost": 3811217.36, "Plan Rows": 294584, "Plan Width": 27, "Inner Unique": true, "Plans": [{"Node Type": "Streaming(type: LOCAL GATHER dop: 1/64)", "Parent Relationship": "Outer", "Startup Cost": 0.0, "Total Cost": 2730449.84, "Plan Rows": 294584, "Plan Width": 19, "Plans": [{"Node Type": "Index Scan", "Parent Relationship": "Outer", "Scan Direction": "Forward", "Index Name": "idx_lineitem_orderkey", "Relation Name": "lineitem", "Alias": "lineitem", "Startup Cost": 0.0, "Total Cost": 2724372.61, "Plan Rows": 294584, "Plan Width": 19, "Filter": "((l_shipmode = ANY ('{RAIL,FOB}'::bpchar[])) AND (l_commitdate < l_receiptdate) AND (l_shipdate < l_commitdate) AND (l_receiptdate >= '1997-01-01 00:00:00'::timestamp(0) without time zone) AND (l_receiptdate < '1998-01-01 00:00:00'::timestamp without time zone)), (LLVM Optimized)"}]}, {"Node Type": "Index Scan", "Parent Relationship": "Inner", "Scan Direction": "Forward", "Index Name": "orders_pkey", "Relation Name": "orders", "Alias": "orders", "Startup Cost": 0.0, "Total Cost": 3.66, "Plan Rows": 1, "Plan Width": 24, "Index Cond": "(o_orderkey = lineitem.l_orderkey)"}]}]}]}, "Unique SQL Id": 2036526415, "Planner Runtime": 0}, "explain_analyze_plan": {"Plan": {"Node Type": "Sort", "Startup Cost": 3816372.6, "Total Cost": 3816372.6, "Plan Rows": 1, "Plan Width": 43, "Actual Min Startup Time": 3195.074, "Actual Max Startup Time": 3195.074, "Actual Min Total Time": 3195.074, "Actual Max Total Time": 3195.074, "Sort Key": ["lineitem.l_shipmode"], "Sort Method": "quicksort", "Sort Space Min Used": 25, "Sort Space Max Used": 25, "Sort Space Type": "Memory", "Plans": [{"Node Type": "Aggregate", "Strategy": "Hashed", "Parent Relationship": "Outer", "Startup Cost": 3816372.58, "Total Cost": 3816372.59, "Plan Rows": 1, "Plan Width": 43, "Actual Min Startup Time": 3195.011, "Actual Max Startup Time": 3195.011, "Actual Min Total Time": 3195.013, "Actual Max Total Time": 3195.013, "Group By Key": ["lineitem.l_shipmode"], "Plans": [{"Node Type": "Nested Loop", "Parent Relationship": "Outer", "Join Type": "Inner", "Startup Cost": 0.0, "Total Cost": 3811217.36, "Plan Rows": 294584, "Plan Width": 27, "Actual Min Startup Time": 968.954, "Actual Max Startup Time": 968.954, "Actual Min Total Time": 2904.337, "Actual Max Total Time": 2904.337, "Inner Unique": true, "Plans": [{"Node Type": "Streaming(type: LOCAL GATHER dop: 1/64)", "Parent Relationship": "Outer", "Startup Cost": 0.0, "Total Cost": 2730449.84, "Plan Rows": 294584, "Plan Width": 19, "Actual Min Startup Time": 968.908, "Actual Max Startup Time": 968.908, "Actual Min Total Time": 1117.392, "Actual Max Total Time": 1117.392, "Plans": [{"Node Type": "Index Scan", "Parent Relationship": "Outer", "Scan Direction": "Forward", "Index Name": "idx_lineitem_orderkey", "Relation Name": "lineitem", "Alias": "lineitem", "Startup Cost": 0.0, "Total Cost": 2724372.61, "Plan Rows": 294584, "Plan Width": 19, "Actual Min Startup Time": 675.389, "Actual Max Startup Time": 845.225, "Actual Min Total Time": 1508.922, "Actual Max Total Time": 1713.81, "Filter": "((l_shipmode = ANY ('{RAIL,FOB}'::bpchar[])) AND (l_commitdate < l_receiptdate) AND (l_shipdate < l_commitdate) AND (l_receiptdate >= '1997-01-01 00:00:00'::timestamp(0) without time zone) AND (l_receiptdate < '1998-01-01 00:00:00'::timestamp without time zone)), (LLVM Optimized, Jit Execute)", "Rows Removed by Filter": 59674804, "Actual Rows": 311248}], "Actual Rows": 311248}, {"Node Type": "Index Scan", "Parent Relationship": "Inner", "Scan Direction": "Forward", "Index Name": "orders_pkey", "Relation Name": "orders", "Alias": "orders", "Startup Cost": 0.0, "Total Cost": 3.66, "Plan Rows": 1, "Plan Width": 24, "Actual Min Startup Time": 1530.963, "Actual Max Startup Time": 1530.963, "Actual Min Total Time": 1530.963, "Actual Max Total Time": 1530.963, "Index Cond": "(o_orderkey = lineitem.l_orderkey)", "Rows Removed by Index Recheck": 0, "Actual Rows": 311248}], "Actual Rows": 311248}], "Actual Rows": 2}], "Actual Rows": 2}, "Triggers": [], "Planner Runtime": 0.814, "Total Runtime": 3218.328, "Unique SQL Id": 2036526415}}, "(64, '50')": {"explain_plan": {"Plan": {"Node Type": "Sort", "Startup Cost": 1607892.03, "Total Cost": 1607892.04, "Plan Rows": 1, "Plan Width": 43, "Sort Key": ["lineitem.l_shipmode"], "Plans": [{"Node Type": "Aggregate", "Strategy": "Hashed", "Parent Relationship": "Outer", "Startup Cost": 1607892.01, "Total Cost": 1607892.02, "Plan Rows": 1, "Plan Width": 43, "Group By Key": ["lineitem.l_shipmode"], "Plans": [{"Node Type": "Nested Loop", "Parent Relationship": "Outer", "Join Type": "Inner", "Startup Cost": 2.29, "Total Cost": 1602736.79, "Plan Rows": 294584, "Plan Width": 27, "Inner Unique": true, "Plans": [{"Node Type": "Streaming(type: LOCAL GATHER dop: 1/64)", "Parent Relationship": "Outer", "Startup Cost": 1.25, "Total Cost": 112279.63, "Plan Rows": 294584, "Plan Width": 19, "Plans": [{"Node Type": "Seq Scan", "Parent Relationship": "Outer", "Relation Name": "lineitem", "Alias": "lineitem", "Startup Cost": 1.25, "Total Cost": 106202.39, "Plan Rows": 294584, "Plan Width": 19, "Filter": "((l_shipmode = ANY ('{RAIL,FOB}'::bpchar[])) AND (l_commitdate < l_receiptdate) AND (l_shipdate < l_commitdate) AND (l_receiptdate >= '1997-01-01 00:00:00'::timestamp(0) without time zone) AND (l_receiptdate < '1998-01-01 00:00:00'::timestamp without time zone)), (LLVM Optimized)"}]}, {"Node Type": "Bitmap Heap Scan", "Parent Relationship": "Inner", "Relation Name": "orders", "Alias": "orders", "Startup Cost": 1.04, "Total Cost": 5.05, "Plan Rows": 1, "Plan Width": 24, "Recheck Cond": "(o_orderkey = lineitem.l_orderkey)", "Plans": [{"Node Type": "Bitmap Index Scan", "Parent Relationship": "Outer", "Index Name": "orders_pkey", "Startup Cost": 0.0, "Total Cost": 1.04, "Plan Rows": 1, "Plan Width": 0, "Index Cond": "(o_orderkey = lineitem.l_orderkey)"}]}]}]}]}, "Unique SQL Id": 2036526415, "Planner Runtime": 0}, "explain_analyze_plan": {"Plan": {"Node Type": "Sort", "Startup Cost": 1607892.03, "Total Cost": 1607892.04, "Plan Rows": 1, "Plan Width": 43, "Actual Min Startup Time": 2927.841, "Actual Max Startup Time": 2927.841, "Actual Min Total Time": 2927.841, "Actual Max Total Time": 2927.841, "Sort Key": ["lineitem.l_shipmode"], "Sort Method": "quicksort", "Sort Space Min Used": 25, "Sort Space Max Used": 25, "Sort Space Type": "Memory", "Plans": [{"Node Type": "Aggregate", "Strategy": "Hashed", "Parent Relationship": "Outer", "Startup Cost": 1607892.01, "Total Cost": 1607892.02, "Plan Rows": 1, "Plan Width": 43, "Actual Min Startup Time": 2927.791, "Actual Max Startup Time": 2927.791, "Actual Min Total Time": 2927.792, "Actual Max Total Time": 2927.792, "Group By Key": ["lineitem.l_shipmode"], "Plans": [{"Node Type": "Nested Loop", "Parent Relationship": "Outer", "Join Type": "Inner", "Startup Cost": 2.29, "Total Cost": 1602736.79, "Plan Rows": 294584, "Plan Width": 27, "Actual Min Startup Time": 111.685, "Actual Max Startup Time": 111.685, "Actual Min Total Time": 2603.313, "Actual Max Total Time": 2603.313, "Inner Unique": true, "Plans": [{"Node Type": "Streaming(type: LOCAL GATHER dop: 1/64)", "Parent Relationship": "Outer", "Startup Cost": 1.25, "Total Cost": 112279.63, "Plan Rows": 294584, "Plan Width": 19, "Actual Min Startup Time": 111.61, "Actual Max Startup Time": 111.61, "Actual Min Total Time": 290.699, "Actual Max Total Time": 290.699, "Plans": [{"Node Type": "Seq Scan", "Parent Relationship": "Outer", "Relation Name": "lineitem", "Alias": "lineitem", "Startup Cost": 1.25, "Total Cost": 106202.39, "Plan Rows": 294584, "Plan Width": 19, "Actual Min Startup Time": 0.037, "Actual Max Startup Time": 0.556, "Actual Min Total Time": 454.047, "Actual Max Total Time": 622.055, "Filter": "((l_shipmode = ANY ('{RAIL,FOB}'::bpchar[])) AND (l_commitdate < l_receiptdate) AND (l_shipdate < l_commitdate) AND (l_receiptdate >= '1997-01-01 00:00:00'::timestamp(0) without time zone) AND (l_receiptdate < '1998-01-01 00:00:00'::timestamp without time zone)), (LLVM Optimized, Jit Execute)", "Rows Removed by Filter": 59674804, "Actual Rows": 311248}], "Actual Rows": 311248}, {"Node Type": "Bitmap Heap Scan", "Parent Relationship": "Inner", "Relation Name": "orders", "Alias": "orders", "Startup Cost": 1.04, "Total Cost": 5.05, "Plan Rows": 1, "Plan Width": 24, "Actual Min Startup Time": 1879.975, "Actual Max Startup Time": 1879.975, "Actual Min Total Time": 1879.975, "Actual Max Total Time": 1879.975, "Recheck Cond": "(o_orderkey = lineitem.l_orderkey)", "Rows Removed by Index Recheck": 0, "Exact Heap Blocks": 311248, "Lossy Heap Blocks": 311248, "Plans": [{"Node Type": "Bitmap Index Scan", "Parent Relationship": "Outer", "Index Name": "orders_pkey", "Startup Cost": 0.0, "Total Cost": 1.04, "Plan Rows": 1, "Plan Width": 0, "Actual Min Startup Time": 1049.498, "Actual Max Startup Time": 1049.498, "Actual Min Total Time": 1049.498, "Actual Max Total Time": 1049.498, "Index Cond": "(o_orderkey = lineitem.l_orderkey)", "Actual Rows": 311248}], "Actual Rows": 311248}], "Actual Rows": 311248}], "Actual Rows": 2}], "Actual Rows": 2}, "Triggers": [], "Planner Runtime": 0.805, "Total Runtime": 2951.673, "Unique SQL Id": 2036526415}}, "(64, '51')": {"explain_plan": {"Plan": {"Node Type": "Sort", "Startup Cost": 5485674.71, "Total Cost": 5485674.71, "Plan Rows": 1, "Plan Width": 43, "Sort Key": ["lineitem.l_shipmode"], "Plans": [{"Node Type": "Aggregate", "Strategy": "Hashed", "Parent Relationship": "Outer", "Startup Cost": 5485674.69, "Total Cost": 5485674.7, "Plan Rows": 1, "Plan Width": 43, "Group By Key": ["lineitem.l_shipmode"], "Plans": [{"Node Type": "Nested Loop", "Parent Relationship": "Outer", "Join Type": "Inner", "Startup Cost": 1225110.1, "Total Cost": 5480519.47, "Plan Rows": 294584, "Plan Width": 27, "Inner Unique": true, "Plans": [{"Node Type": "Bitmap Heap Scan", "Parent Relationship": "Outer", "Relation Name": "lineitem", "Alias": "lineitem", "Startup Cost": 1225109.06, "Total Cost": 3990062.3, "Plan Rows": 294584, "Plan Width": 19, "Filter": "((l_shipmode = ANY ('{RAIL,FOB}'::bpchar[])) AND (l_commitdate < l_receiptdate) AND (l_shipdate < l_commitdate) AND (l_receiptdate >= '1997-01-01 00:00:00'::timestamp(0) without time zone) AND (l_receiptdate < '1998-01-01 00:00:00'::timestamp without time zone)), (LLVM Optimized)", "Plans": [{"Node Type": "Bitmap Index Scan", "Parent Relationship": "Outer", "Index Name": "idx_lineitem_orderkey", "Startup Cost": 0.0, "Total Cost": 1225035.42, "Plan Rows": 59987033, "Plan Width": 0}]}, {"Node Type": "Bitmap Heap Scan", "Parent Relationship": "Inner", "Relation Name": "orders", "Alias": "orders", "Startup Cost": 1.04, "Total Cost": 5.05, "Plan Rows": 1, "Plan Width": 24, "Recheck Cond": "(o_orderkey = lineitem.l_orderkey)", "Plans": [{"Node Type": "Bitmap Index Scan", "Parent Relationship": "Outer", "Index Name": "orders_pkey", "Startup Cost": 0.0, "Total Cost": 1.04, "Plan Rows": 1, "Plan Width": 0, "Index Cond": "(o_orderkey = lineitem.l_orderkey)"}]}]}]}]}, "Unique SQL Id": 2036526415, "Planner Runtime": 0}, "explain_analyze_plan": null}, "(64, '52')": {"explain_plan": {"Plan": {"Node Type": "Sort", "Startup Cost": 1198202.39, "Total Cost": 1198202.39, "Plan Rows": 1, "Plan Width": 43, "Sort Key": ["lineitem.l_shipmode"], "Plans": [{"Node Type": "Aggregate", "Strategy": "Hashed", "Parent Relationship": "Outer", "Startup Cost": 1198202.37, "Total Cost": 1198202.38, "Plan Rows": 1, "Plan Width": 43, "Group By Key": ["lineitem.l_shipmode"], "Plans": [{"Node Type": "Nested Loop", "Parent Relationship": "Outer", "Join Type": "Inner", "Startup Cost": 1.25, "Total Cost": 1193047.15, "Plan Rows": 294584, "Plan Width": 27, "Inner Unique": true, "Plans": [{"Node Type": "Streaming(type: LOCAL GATHER dop: 1/64)", "Parent Relationship": "Outer", "Startup Cost": 1.25, "Total Cost": 112279.63, "Plan Rows": 294584, "Plan Width": 19, "Plans": [{"Node Type": "Seq Scan", "Parent Relationship": "Outer", "Relation Name": "lineitem", "Alias": "lineitem", "Startup Cost": 1.25, "Total Cost": 106202.39, "Plan Rows": 294584, "Plan Width": 19, "Filter": "((l_shipmode = ANY ('{RAIL,FOB}'::bpchar[])) AND (l_commitdate < l_receiptdate) AND (l_shipdate < l_commitdate) AND (l_receiptdate >= '1997-01-01 00:00:00'::timestamp(0) without time zone) AND (l_receiptdate < '1998-01-01 00:00:00'::timestamp without time zone)), (LLVM Optimized)"}]}, {"Node Type": "Index Scan", "Parent Relationship": "Inner", "Scan Direction": "Forward", "Index Name": "orders_pkey", "Relation Name": "orders", "Alias": "orders", "Startup Cost": 0.0, "Total Cost": 3.66, "Plan Rows": 1, "Plan Width": 24, "Index Cond": "(o_orderkey = lineitem.l_orderkey)"}]}]}]}, "Unique SQL Id": 2036526415, "Planner Runtime": 0}, "explain_analyze_plan": {"Plan": {"Node Type": "Sort", "Startup Cost": 1198202.39, "Total Cost": 1198202.39, "Plan Rows": 1, "Plan Width": 43, "Actual Min Startup Time": 2413.164, "Actual Max Startup Time": 2413.164, "Actual Min Total Time": 2413.165, "Actual Max Total Time": 2413.165, "Sort Key": ["lineitem.l_shipmode"], "Sort Method": "quicksort", "Sort Space Min Used": 25, "Sort Space Max Used": 25, "Sort Space Type": "Memory", "Plans": [{"Node Type": "Aggregate", "Strategy": "Hashed", "Parent Relationship": "Outer", "Startup Cost": 1198202.37, "Total Cost": 1198202.38, "Plan Rows": 1, "Plan Width": 43, "Actual Min Startup Time": 2413.109, "Actual Max Startup Time": 2413.109, "Actual Min Total Time": 2413.11, "Actual Max Total Time": 2413.11, "Group By Key": ["lineitem.l_shipmode"], "Plans": [{"Node Type": "Nested Loop", "Parent Relationship": "Outer", "Join Type": "Inner", "Startup Cost": 1.25, "Total Cost": 1193047.15, "Plan Rows": 294584, "Plan Width": 27, "Actual Min Startup Time": 124.405, "Actual Max Startup Time": 124.405, "Actual Min Total Time": 2097.461, "Actual Max Total Time": 2097.461, "Inner Unique": true, "Plans": [{"Node Type": "Streaming(type: LOCAL GATHER dop: 1/64)", "Parent Relationship": "Outer", "Startup Cost": 1.25, "Total Cost": 112279.63, "Plan Rows": 294584, "Plan Width": 19, "Actual Min Startup Time": 124.329, "Actual Max Startup Time": 124.329, "Actual Min Total Time": 282.816, "Actual Max Total Time": 282.816, "Plans": [{"Node Type": "Seq Scan", "Parent Relationship": "Outer", "Relation Name": "lineitem", "Alias": "lineitem", "Startup Cost": 1.25, "Total Cost": 106202.39, "Plan Rows": 294584, "Plan Width": 19, "Actual Min Startup Time": 0.036, "Actual Max Startup Time": 0.553, "Actual Min Total Time": 480.488, "Actual Max Total Time": 624.177, "Filter": "((l_shipmode = ANY ('{RAIL,FOB}'::bpchar[])) AND (l_commitdate < l_receiptdate) AND (l_shipdate < l_commitdate) AND (l_receiptdate >= '1997-01-01 00:00:00'::timestamp(0) without time zone) AND (l_receiptdate < '1998-01-01 00:00:00'::timestamp without time zone)), (LLVM Optimized, Jit Execute)", "Rows Removed by Filter": 59674804, "Actual Rows": 311248}], "Actual Rows": 311248}, {"Node Type": "Index Scan", "Parent Relationship": "Inner", "Scan Direction": "Forward", "Index Name": "orders_pkey", "Relation Name": "orders", "Alias": "orders", "Startup Cost": 0.0, "Total Cost": 3.66, "Plan Rows": 1, "Plan Width": 24, "Actual Min Startup Time": 1556.899, "Actual Max Startup Time": 1556.899, "Actual Min Total Time": 1556.899, "Actual Max Total Time": 1556.899, "Index Cond": "(o_orderkey = lineitem.l_orderkey)", "Rows Removed by Index Recheck": 0, "Actual Rows": 311248}], "Actual Rows": 311248}], "Actual Rows": 2}], "Actual Rows": 2}, "Triggers": [], "Planner Runtime": 0.74, "Total Runtime": 2436.087, "Unique SQL Id": 2036526415}}, "(64, '53')": {"explain_plan": {"Plan": {"Node Type": "Sort", "Startup Cost": 3816372.6, "Total Cost": 3816372.6, "Plan Rows": 1, "Plan Width": 43, "Sort Key": ["lineitem.l_shipmode"], "Plans": [{"Node Type": "Aggregate", "Strategy": "Hashed", "Parent Relationship": "Outer", "Startup Cost": 3816372.58, "Total Cost": 3816372.59, "Plan Rows": 1, "Plan Width": 43, "Group By Key": ["lineitem.l_shipmode"], "Plans": [{"Node Type": "Nested Loop", "Parent Relationship": "Outer", "Join Type": "Inner", "Startup Cost": 0.0, "Total Cost": 3811217.36, "Plan Rows": 294584, "Plan Width": 27, "Inner Unique": true, "Plans": [{"Node Type": "Streaming(type: LOCAL GATHER dop: 1/64)", "Parent Relationship": "Outer", "Startup Cost": 0.0, "Total Cost": 2730449.84, "Plan Rows": 294584, "Plan Width": 19, "Plans": [{"Node Type": "Index Scan", "Parent Relationship": "Outer", "Scan Direction": "Forward", "Index Name": "idx_lineitem_orderkey", "Relation Name": "lineitem", "Alias": "lineitem", "Startup Cost": 0.0, "Total Cost": 2724372.61, "Plan Rows": 294584, "Plan Width": 19, "Filter": "((l_shipmode = ANY ('{RAIL,FOB}'::bpchar[])) AND (l_commitdate < l_receiptdate) AND (l_shipdate < l_commitdate) AND (l_receiptdate >= '1997-01-01 00:00:00'::timestamp(0) without time zone) AND (l_receiptdate < '1998-01-01 00:00:00'::timestamp without time zone)), (LLVM Optimized)"}]}, {"Node Type": "Index Scan", "Parent Relationship": "Inner", "Scan Direction": "Forward", "Index Name": "orders_pkey", "Relation Name": "orders", "Alias": "orders", "Startup Cost": 0.0, "Total Cost": 3.66, "Plan Rows": 1, "Plan Width": 24, "Index Cond": "(o_orderkey = lineitem.l_orderkey)"}]}]}]}, "Unique SQL Id": 2036526415, "Planner Runtime": 0}, "explain_analyze_plan": {"Plan": {"Node Type": "Sort", "Startup Cost": 3816372.6, "Total Cost": 3816372.6, "Plan Rows": 1, "Plan Width": 43, "Actual Min Startup Time": 3195.074, "Actual Max Startup Time": 3195.074, "Actual Min Total Time": 3195.074, "Actual Max Total Time": 3195.074, "Sort Key": ["lineitem.l_shipmode"], "Sort Method": "quicksort", "Sort Space Min Used": 25, "Sort Space Max Used": 25, "Sort Space Type": "Memory", "Plans": [{"Node Type": "Aggregate", "Strategy": "Hashed", "Parent Relationship": "Outer", "Startup Cost": 3816372.58, "Total Cost": 3816372.59, "Plan Rows": 1, "Plan Width": 43, "Actual Min Startup Time": 3195.011, "Actual Max Startup Time": 3195.011, "Actual Min Total Time": 3195.013, "Actual Max Total Time": 3195.013, "Group By Key": ["lineitem.l_shipmode"], "Plans": [{"Node Type": "Nested Loop", "Parent Relationship": "Outer", "Join Type": "Inner", "Startup Cost": 0.0, "Total Cost": 3811217.36, "Plan Rows": 294584, "Plan Width": 27, "Actual Min Startup Time": 968.954, "Actual Max Startup Time": 968.954, "Actual Min Total Time": 2904.337, "Actual Max Total Time": 2904.337, "Inner Unique": true, "Plans": [{"Node Type": "Streaming(type: LOCAL GATHER dop: 1/64)", "Parent Relationship": "Outer", "Startup Cost": 0.0, "Total Cost": 2730449.84, "Plan Rows": 294584, "Plan Width": 19, "Actual Min Startup Time": 968.908, "Actual Max Startup Time": 968.908, "Actual Min Total Time": 1117.392, "Actual Max Total Time": 1117.392, "Plans": [{"Node Type": "Index Scan", "Parent Relationship": "Outer", "Scan Direction": "Forward", "Index Name": "idx_lineitem_orderkey", "Relation Name": "lineitem", "Alias": "lineitem", "Startup Cost": 0.0, "Total Cost": 2724372.61, "Plan Rows": 294584, "Plan Width": 19, "Actual Min Startup Time": 675.389, "Actual Max Startup Time": 845.225, "Actual Min Total Time": 1508.922, "Actual Max Total Time": 1713.81, "Filter": "((l_shipmode = ANY ('{RAIL,FOB}'::bpchar[])) AND (l_commitdate < l_receiptdate) AND (l_shipdate < l_commitdate) AND (l_receiptdate >= '1997-01-01 00:00:00'::timestamp(0) without time zone) AND (l_receiptdate < '1998-01-01 00:00:00'::timestamp without time zone)), (LLVM Optimized, Jit Execute)", "Rows Removed by Filter": 59674804, "Actual Rows": 311248}], "Actual Rows": 311248}, {"Node Type": "Index Scan", "Parent Relationship": "Inner", "Scan Direction": "Forward", "Index Name": "orders_pkey", "Relation Name": "orders", "Alias": "orders", "Startup Cost": 0.0, "Total Cost": 3.66, "Plan Rows": 1, "Plan Width": 24, "Actual Min Startup Time": 1530.963, "Actual Max Startup Time": 1530.963, "Actual Min Total Time": 1530.963, "Actual Max Total Time": 1530.963, "Index Cond": "(o_orderkey = lineitem.l_orderkey)", "Rows Removed by Index Recheck": 0, "Actual Rows": 311248}], "Actual Rows": 311248}], "Actual Rows": 2}], "Actual Rows": 2}, "Triggers": [], "Planner Runtime": 0.814, "Total Runtime": 3218.328, "Unique SQL Id": 2036526415}}, "(64, '54')": {"explain_plan": {"Plan": {"Node Type": "Sort", "Startup Cost": 1607892.03, "Total Cost": 1607892.04, "Plan Rows": 1, "Plan Width": 43, "Sort Key": ["lineitem.l_shipmode"], "Plans": [{"Node Type": "Aggregate", "Strategy": "Hashed", "Parent Relationship": "Outer", "Startup Cost": 1607892.01, "Total Cost": 1607892.02, "Plan Rows": 1, "Plan Width": 43, "Group By Key": ["lineitem.l_shipmode"], "Plans": [{"Node Type": "Nested Loop", "Parent Relationship": "Outer", "Join Type": "Inner", "Startup Cost": 2.29, "Total Cost": 1602736.79, "Plan Rows": 294584, "Plan Width": 27, "Inner Unique": true, "Plans": [{"Node Type": "Streaming(type: LOCAL GATHER dop: 1/64)", "Parent Relationship": "Outer", "Startup Cost": 1.25, "Total Cost": 112279.63, "Plan Rows": 294584, "Plan Width": 19, "Plans": [{"Node Type": "Seq Scan", "Parent Relationship": "Outer", "Relation Name": "lineitem", "Alias": "lineitem", "Startup Cost": 1.25, "Total Cost": 106202.39, "Plan Rows": 294584, "Plan Width": 19, "Filter": "((l_shipmode = ANY ('{RAIL,FOB}'::bpchar[])) AND (l_commitdate < l_receiptdate) AND (l_shipdate < l_commitdate) AND (l_receiptdate >= '1997-01-01 00:00:00'::timestamp(0) without time zone) AND (l_receiptdate < '1998-01-01 00:00:00'::timestamp without time zone)), (LLVM Optimized)"}]}, {"Node Type": "Bitmap Heap Scan", "Parent Relationship": "Inner", "Relation Name": "orders", "Alias": "orders", "Startup Cost": 1.04, "Total Cost": 5.05, "Plan Rows": 1, "Plan Width": 24, "Recheck Cond": "(o_orderkey = lineitem.l_orderkey)", "Plans": [{"Node Type": "Bitmap Index Scan", "Parent Relationship": "Outer", "Index Name": "orders_pkey", "Startup Cost": 0.0, "Total Cost": 1.04, "Plan Rows": 1, "Plan Width": 0, "Index Cond": "(o_orderkey = lineitem.l_orderkey)"}]}]}]}]}, "Unique SQL Id": 2036526415, "Planner Runtime": 0}, "explain_analyze_plan": {"Plan": {"Node Type": "Sort", "Startup Cost": 1607892.03, "Total Cost": 1607892.04, "Plan Rows": 1, "Plan Width": 43, "Actual Min Startup Time": 2927.841, "Actual Max Startup Time": 2927.841, "Actual Min Total Time": 2927.841, "Actual Max Total Time": 2927.841, "Sort Key": ["lineitem.l_shipmode"], "Sort Method": "quicksort", "Sort Space Min Used": 25, "Sort Space Max Used": 25, "Sort Space Type": "Memory", "Plans": [{"Node Type": "Aggregate", "Strategy": "Hashed", "Parent Relationship": "Outer", "Startup Cost": 1607892.01, "Total Cost": 1607892.02, "Plan Rows": 1, "Plan Width": 43, "Actual Min Startup Time": 2927.791, "Actual Max Startup Time": 2927.791, "Actual Min Total Time": 2927.792, "Actual Max Total Time": 2927.792, "Group By Key": ["lineitem.l_shipmode"], "Plans": [{"Node Type": "Nested Loop", "Parent Relationship": "Outer", "Join Type": "Inner", "Startup Cost": 2.29, "Total Cost": 1602736.79, "Plan Rows": 294584, "Plan Width": 27, "Actual Min Startup Time": 111.685, "Actual Max Startup Time": 111.685, "Actual Min Total Time": 2603.313, "Actual Max Total Time": 2603.313, "Inner Unique": true, "Plans": [{"Node Type": "Streaming(type: LOCAL GATHER dop: 1/64)", "Parent Relationship": "Outer", "Startup Cost": 1.25, "Total Cost": 112279.63, "Plan Rows": 294584, "Plan Width": 19, "Actual Min Startup Time": 111.61, "Actual Max Startup Time": 111.61, "Actual Min Total Time": 290.699, "Actual Max Total Time": 290.699, "Plans": [{"Node Type": "Seq Scan", "Parent Relationship": "Outer", "Relation Name": "lineitem", "Alias": "lineitem", "Startup Cost": 1.25, "Total Cost": 106202.39, "Plan Rows": 294584, "Plan Width": 19, "Actual Min Startup Time": 0.037, "Actual Max Startup Time": 0.556, "Actual Min Total Time": 454.047, "Actual Max Total Time": 622.055, "Filter": "((l_shipmode = ANY ('{RAIL,FOB}'::bpchar[])) AND (l_commitdate < l_receiptdate) AND (l_shipdate < l_commitdate) AND (l_receiptdate >= '1997-01-01 00:00:00'::timestamp(0) without time zone) AND (l_receiptdate < '1998-01-01 00:00:00'::timestamp without time zone)), (LLVM Optimized, Jit Execute)", "Rows Removed by Filter": 59674804, "Actual Rows": 311248}], "Actual Rows": 311248}, {"Node Type": "Bitmap Heap Scan", "Parent Relationship": "Inner", "Relation Name": "orders", "Alias": "orders", "Startup Cost": 1.04, "Total Cost": 5.05, "Plan Rows": 1, "Plan Width": 24, "Actual Min Startup Time": 1879.975, "Actual Max Startup Time": 1879.975, "Actual Min Total Time": 1879.975, "Actual Max Total Time": 1879.975, "Recheck Cond": "(o_orderkey = lineitem.l_orderkey)", "Rows Removed by Index Recheck": 0, "Exact Heap Blocks": 311248, "Lossy Heap Blocks": 311248, "Plans": [{"Node Type": "Bitmap Index Scan", "Parent Relationship": "Outer", "Index Name": "orders_pkey", "Startup Cost": 0.0, "Total Cost": 1.04, "Plan Rows": 1, "Plan Width": 0, "Actual Min Startup Time": 1049.498, "Actual Max Startup Time": 1049.498, "Actual Min Total Time": 1049.498, "Actual Max Total Time": 1049.498, "Index Cond": "(o_orderkey = lineitem.l_orderkey)", "Actual Rows": 311248}], "Actual Rows": 311248}], "Actual Rows": 311248}], "Actual Rows": 2}], "Actual Rows": 2}, "Triggers": [], "Planner Runtime": 0.805, "Total Runtime": 2951.673, "Unique SQL Id": 2036526415}}, "(64, '55')": {"explain_plan": {"Plan": {"Node Type": "Sort", "Startup Cost": 5485674.71, "Total Cost": 5485674.71, "Plan Rows": 1, "Plan Width": 43, "Sort Key": ["lineitem.l_shipmode"], "Plans": [{"Node Type": "Aggregate", "Strategy": "Hashed", "Parent Relationship": "Outer", "Startup Cost": 5485674.69, "Total Cost": 5485674.7, "Plan Rows": 1, "Plan Width": 43, "Group By Key": ["lineitem.l_shipmode"], "Plans": [{"Node Type": "Nested Loop", "Parent Relationship": "Outer", "Join Type": "Inner", "Startup Cost": 1225110.1, "Total Cost": 5480519.47, "Plan Rows": 294584, "Plan Width": 27, "Inner Unique": true, "Plans": [{"Node Type": "Bitmap Heap Scan", "Parent Relationship": "Outer", "Relation Name": "lineitem", "Alias": "lineitem", "Startup Cost": 1225109.06, "Total Cost": 3990062.3, "Plan Rows": 294584, "Plan Width": 19, "Filter": "((l_shipmode = ANY ('{RAIL,FOB}'::bpchar[])) AND (l_commitdate < l_receiptdate) AND (l_shipdate < l_commitdate) AND (l_receiptdate >= '1997-01-01 00:00:00'::timestamp(0) without time zone) AND (l_receiptdate < '1998-01-01 00:00:00'::timestamp without time zone)), (LLVM Optimized)", "Plans": [{"Node Type": "Bitmap Index Scan", "Parent Relationship": "Outer", "Index Name": "idx_lineitem_orderkey", "Startup Cost": 0.0, "Total Cost": 1225035.42, "Plan Rows": 59987033, "Plan Width": 0}]}, {"Node Type": "Bitmap Heap Scan", "Parent Relationship": "Inner", "Relation Name": "orders", "Alias": "orders", "Startup Cost": 1.04, "Total Cost": 5.05, "Plan Rows": 1, "Plan Width": 24, "Recheck Cond": "(o_orderkey = lineitem.l_orderkey)", "Plans": [{"Node Type": "Bitmap Index Scan", "Parent Relationship": "Outer", "Index Name": "orders_pkey", "Startup Cost": 0.0, "Total Cost": 1.04, "Plan Rows": 1, "Plan Width": 0, "Index Cond": "(o_orderkey = lineitem.l_orderkey)"}]}]}]}]}, "Unique SQL Id": 2036526415, "Planner Runtime": 0}, "explain_analyze_plan": null}, "(64, '56')": {"explain_plan": {"Plan": {"Node Type": "Sort", "Startup Cost": 1198202.39, "Total Cost": 1198202.39, "Plan Rows": 1, "Plan Width": 43, "Sort Key": ["lineitem.l_shipmode"], "Plans": [{"Node Type": "Aggregate", "Strategy": "Hashed", "Parent Relationship": "Outer", "Startup Cost": 1198202.37, "Total Cost": 1198202.38, "Plan Rows": 1, "Plan Width": 43, "Group By Key": ["lineitem.l_shipmode"], "Plans": [{"Node Type": "Nested Loop", "Parent Relationship": "Outer", "Join Type": "Inner", "Startup Cost": 1.25, "Total Cost": 1193047.15, "Plan Rows": 294584, "Plan Width": 27, "Inner Unique": true, "Plans": [{"Node Type": "Streaming(type: LOCAL GATHER dop: 1/64)", "Parent Relationship": "Outer", "Startup Cost": 1.25, "Total Cost": 112279.63, "Plan Rows": 294584, "Plan Width": 19, "Plans": [{"Node Type": "Seq Scan", "Parent Relationship": "Outer", "Relation Name": "lineitem", "Alias": "lineitem", "Startup Cost": 1.25, "Total Cost": 106202.39, "Plan Rows": 294584, "Plan Width": 19, "Filter": "((l_shipmode = ANY ('{RAIL,FOB}'::bpchar[])) AND (l_commitdate < l_receiptdate) AND (l_shipdate < l_commitdate) AND (l_receiptdate >= '1997-01-01 00:00:00'::timestamp(0) without time zone) AND (l_receiptdate < '1998-01-01 00:00:00'::timestamp without time zone)), (LLVM Optimized)"}]}, {"Node Type": "Index Scan", "Parent Relationship": "Inner", "Scan Direction": "Forward", "Index Name": "orders_pkey", "Relation Name": "orders", "Alias": "orders", "Startup Cost": 0.0, "Total Cost": 3.66, "Plan Rows": 1, "Plan Width": 24, "Index Cond": "(o_orderkey = lineitem.l_orderkey)"}]}]}]}, "Unique SQL Id": 2036526415, "Planner Runtime": 0}, "explain_analyze_plan": {"Plan": {"Node Type": "Sort", "Startup Cost": 1198202.39, "Total Cost": 1198202.39, "Plan Rows": 1, "Plan Width": 43, "Actual Min Startup Time": 2413.164, "Actual Max Startup Time": 2413.164, "Actual Min Total Time": 2413.165, "Actual Max Total Time": 2413.165, "Sort Key": ["lineitem.l_shipmode"], "Sort Method": "quicksort", "Sort Space Min Used": 25, "Sort Space Max Used": 25, "Sort Space Type": "Memory", "Plans": [{"Node Type": "Aggregate", "Strategy": "Hashed", "Parent Relationship": "Outer", "Startup Cost": 1198202.37, "Total Cost": 1198202.38, "Plan Rows": 1, "Plan Width": 43, "Actual Min Startup Time": 2413.109, "Actual Max Startup Time": 2413.109, "Actual Min Total Time": 2413.11, "Actual Max Total Time": 2413.11, "Group By Key": ["lineitem.l_shipmode"], "Plans": [{"Node Type": "Nested Loop", "Parent Relationship": "Outer", "Join Type": "Inner", "Startup Cost": 1.25, "Total Cost": 1193047.15, "Plan Rows": 294584, "Plan Width": 27, "Actual Min Startup Time": 124.405, "Actual Max Startup Time": 124.405, "Actual Min Total Time": 2097.461, "Actual Max Total Time": 2097.461, "Inner Unique": true, "Plans": [{"Node Type": "Streaming(type: LOCAL GATHER dop: 1/64)", "Parent Relationship": "Outer", "Startup Cost": 1.25, "Total Cost": 112279.63, "Plan Rows": 294584, "Plan Width": 19, "Actual Min Startup Time": 124.329, "Actual Max Startup Time": 124.329, "Actual Min Total Time": 282.816, "Actual Max Total Time": 282.816, "Plans": [{"Node Type": "Seq Scan", "Parent Relationship": "Outer", "Relation Name": "lineitem", "Alias": "lineitem", "Startup Cost": 1.25, "Total Cost": 106202.39, "Plan Rows": 294584, "Plan Width": 19, "Actual Min Startup Time": 0.036, "Actual Max Startup Time": 0.553, "Actual Min Total Time": 480.488, "Actual Max Total Time": 624.177, "Filter": "((l_shipmode = ANY ('{RAIL,FOB}'::bpchar[])) AND (l_commitdate < l_receiptdate) AND (l_shipdate < l_commitdate) AND (l_receiptdate >= '1997-01-01 00:00:00'::timestamp(0) without time zone) AND (l_receiptdate < '1998-01-01 00:00:00'::timestamp without time zone)), (LLVM Optimized, Jit Execute)", "Rows Removed by Filter": 59674804, "Actual Rows": 311248}], "Actual Rows": 311248}, {"Node Type": "Index Scan", "Parent Relationship": "Inner", "Scan Direction": "Forward", "Index Name": "orders_pkey", "Relation Name": "orders", "Alias": "orders", "Startup Cost": 0.0, "Total Cost": 3.66, "Plan Rows": 1, "Plan Width": 24, "Actual Min Startup Time": 1556.899, "Actual Max Startup Time": 1556.899, "Actual Min Total Time": 1556.899, "Actual Max Total Time": 1556.899, "Index Cond": "(o_orderkey = lineitem.l_orderkey)", "Rows Removed by Index Recheck": 0, "Actual Rows": 311248}], "Actual Rows": 311248}], "Actual Rows": 2}], "Actual Rows": 2}, "Triggers": [], "Planner Runtime": 0.74, "Total Runtime": 2436.087, "Unique SQL Id": 2036526415}}, "(64, '57')": {"explain_plan": {"Plan": {"Node Type": "Sort", "Startup Cost": 3816372.6, "Total Cost": 3816372.6, "Plan Rows": 1, "Plan Width": 43, "Sort Key": ["lineitem.l_shipmode"], "Plans": [{"Node Type": "Aggregate", "Strategy": "Hashed", "Parent Relationship": "Outer", "Startup Cost": 3816372.58, "Total Cost": 3816372.59, "Plan Rows": 1, "Plan Width": 43, "Group By Key": ["lineitem.l_shipmode"], "Plans": [{"Node Type": "Nested Loop", "Parent Relationship": "Outer", "Join Type": "Inner", "Startup Cost": 0.0, "Total Cost": 3811217.36, "Plan Rows": 294584, "Plan Width": 27, "Inner Unique": true, "Plans": [{"Node Type": "Streaming(type: LOCAL GATHER dop: 1/64)", "Parent Relationship": "Outer", "Startup Cost": 0.0, "Total Cost": 2730449.84, "Plan Rows": 294584, "Plan Width": 19, "Plans": [{"Node Type": "Index Scan", "Parent Relationship": "Outer", "Scan Direction": "Forward", "Index Name": "idx_lineitem_orderkey", "Relation Name": "lineitem", "Alias": "lineitem", "Startup Cost": 0.0, "Total Cost": 2724372.61, "Plan Rows": 294584, "Plan Width": 19, "Filter": "((l_shipmode = ANY ('{RAIL,FOB}'::bpchar[])) AND (l_commitdate < l_receiptdate) AND (l_shipdate < l_commitdate) AND (l_receiptdate >= '1997-01-01 00:00:00'::timestamp(0) without time zone) AND (l_receiptdate < '1998-01-01 00:00:00'::timestamp without time zone)), (LLVM Optimized)"}]}, {"Node Type": "Index Scan", "Parent Relationship": "Inner", "Scan Direction": "Forward", "Index Name": "orders_pkey", "Relation Name": "orders", "Alias": "orders", "Startup Cost": 0.0, "Total Cost": 3.66, "Plan Rows": 1, "Plan Width": 24, "Index Cond": "(o_orderkey = lineitem.l_orderkey)"}]}]}]}, "Unique SQL Id": 2036526415, "Planner Runtime": 0}, "explain_analyze_plan": {"Plan": {"Node Type": "Sort", "Startup Cost": 3816372.6, "Total Cost": 3816372.6, "Plan Rows": 1, "Plan Width": 43, "Actual Min Startup Time": 3195.074, "Actual Max Startup Time": 3195.074, "Actual Min Total Time": 3195.074, "Actual Max Total Time": 3195.074, "Sort Key": ["lineitem.l_shipmode"], "Sort Method": "quicksort", "Sort Space Min Used": 25, "Sort Space Max Used": 25, "Sort Space Type": "Memory", "Plans": [{"Node Type": "Aggregate", "Strategy": "Hashed", "Parent Relationship": "Outer", "Startup Cost": 3816372.58, "Total Cost": 3816372.59, "Plan Rows": 1, "Plan Width": 43, "Actual Min Startup Time": 3195.011, "Actual Max Startup Time": 3195.011, "Actual Min Total Time": 3195.013, "Actual Max Total Time": 3195.013, "Group By Key": ["lineitem.l_shipmode"], "Plans": [{"Node Type": "Nested Loop", "Parent Relationship": "Outer", "Join Type": "Inner", "Startup Cost": 0.0, "Total Cost": 3811217.36, "Plan Rows": 294584, "Plan Width": 27, "Actual Min Startup Time": 968.954, "Actual Max Startup Time": 968.954, "Actual Min Total Time": 2904.337, "Actual Max Total Time": 2904.337, "Inner Unique": true, "Plans": [{"Node Type": "Streaming(type: LOCAL GATHER dop: 1/64)", "Parent Relationship": "Outer", "Startup Cost": 0.0, "Total Cost": 2730449.84, "Plan Rows": 294584, "Plan Width": 19, "Actual Min Startup Time": 968.908, "Actual Max Startup Time": 968.908, "Actual Min Total Time": 1117.392, "Actual Max Total Time": 1117.392, "Plans": [{"Node Type": "Index Scan", "Parent Relationship": "Outer", "Scan Direction": "Forward", "Index Name": "idx_lineitem_orderkey", "Relation Name": "lineitem", "Alias": "lineitem", "Startup Cost": 0.0, "Total Cost": 2724372.61, "Plan Rows": 294584, "Plan Width": 19, "Actual Min Startup Time": 675.389, "Actual Max Startup Time": 845.225, "Actual Min Total Time": 1508.922, "Actual Max Total Time": 1713.81, "Filter": "((l_shipmode = ANY ('{RAIL,FOB}'::bpchar[])) AND (l_commitdate < l_receiptdate) AND (l_shipdate < l_commitdate) AND (l_receiptdate >= '1997-01-01 00:00:00'::timestamp(0) without time zone) AND (l_receiptdate < '1998-01-01 00:00:00'::timestamp without time zone)), (LLVM Optimized, Jit Execute)", "Rows Removed by Filter": 59674804, "Actual Rows": 311248}], "Actual Rows": 311248}, {"Node Type": "Index Scan", "Parent Relationship": "Inner", "Scan Direction": "Forward", "Index Name": "orders_pkey", "Relation Name": "orders", "Alias": "orders", "Startup Cost": 0.0, "Total Cost": 3.66, "Plan Rows": 1, "Plan Width": 24, "Actual Min Startup Time": 1530.963, "Actual Max Startup Time": 1530.963, "Actual Min Total Time": 1530.963, "Actual Max Total Time": 1530.963, "Index Cond": "(o_orderkey = lineitem.l_orderkey)", "Rows Removed by Index Recheck": 0, "Actual Rows": 311248}], "Actual Rows": 311248}], "Actual Rows": 2}], "Actual Rows": 2}, "Triggers": [], "Planner Runtime": 0.814, "Total Runtime": 3218.328, "Unique SQL Id": 2036526415}}, "(64, '58')": {"explain_plan": {"Plan": {"Node Type": "Sort", "Startup Cost": 16497865.13, "Total Cost": 16497865.14, "Plan Rows": 1, "Plan Width": 43, "Sort Key": ["lineitem.l_shipmode"], "Plans": [{"Node Type": "Streaming(type: LOCAL GATHER dop: 1/64)", "Parent Relationship": "Outer", "Startup Cost": 16497865.12, "Total Cost": 16497865.12, "Plan Rows": 1, "Plan Width": 43, "Plans": [{"Node Type": "Aggregate", "Strategy": "Hashed", "Parent Relationship": "Outer", "Startup Cost": 16497865.12, "Total Cost": 16497865.12, "Plan Rows": 1, "Plan Width": 43, "Group By Key": ["lineitem.l_shipmode"], "Plans": [{"Node Type": "Streaming(type: LOCAL REDISTRIBUTE dop: 64/64)", "Parent Relationship": "Outer", "Startup Cost": 16497865.08, "Total Cost": 16497865.12, "Plan Rows": 1, "Plan Width": 43, "Plans": [{"Node Type": "Aggregate", "Strategy": "Hashed", "Parent Relationship": "Outer", "Startup Cost": 16497865.08, "Total Cost": 16497865.08, "Plan Rows": 1, "Plan Width": 43, "Group By Key": ["lineitem.l_shipmode"], "Plans": [{"Node Type": "Nested Loop", "Parent Relationship": "Outer", "Join Type": "Inner", "Startup Cost": 1.25, "Total Cost": 16497784.52, "Plan Rows": 294584, "Plan Width": 27, "Inner Unique": false, "Join Filter": "(orders.o_orderkey = lineitem.l_orderkey), (LLVM Optimized)", "Plans": [{"Node Type": "Streaming(type: LOCAL REDISTRIBUTE dop: 64/64)", "Parent Relationship": "Outer", "Startup Cost": 0.0, "Total Cost": 146871.21, "Plan Rows": 14999479, "Plan Width": 24, "Plans": [{"Node Type": "Seq Scan", "Parent Relationship": "Outer", "Relation Name": "orders", "Alias": "orders", "Startup Cost": 0.0, "Total Cost": 69662.72, "Plan Rows": 14999479, "Plan Width": 24}]}, {"Node Type": "Materialize", "Parent Relationship": "Inner", "Startup Cost": 1.25, "Total Cost": 169504.46, "Plan Rows": 294584, "Plan Width": 19, "Plans": [{"Node Type": "Streaming(type: LOCAL REDISTRIBUTE dop: 64/64)", "Parent Relationship": "Outer", "Startup Cost": 1.25, "Total Cost": 169481.44, "Plan Rows": 294584, "Plan Width": 19, "Plans": [{"Node Type": "Seq Scan", "Parent Relationship": "Outer", "Relation Name": "lineitem", "Alias": "lineitem", "Startup Cost": 1.25, "Total Cost": 106202.39, "Plan Rows": 294584, "Plan Width": 19, "Filter": "((l_shipmode = ANY ('{RAIL,FOB}'::bpchar[])) AND (l_commitdate < l_receiptdate) AND (l_shipdate < l_commitdate) AND (l_receiptdate >= '1997-01-01 00:00:00'::timestamp(0) without time zone) AND (l_receiptdate < '1998-01-01 00:00:00'::timestamp without time zone)), (LLVM Optimized)"}]}]}]}]}]}]}]}]}, "Unique SQL Id": 2036526415, "Planner Runtime": 0}, "explain_analyze_plan": null}, "(64, '59')": {"explain_plan": {"Plan": {"Node Type": "Sort", "Startup Cost": 2066751200726.99, "Total Cost": 2066751200726.99, "Plan Rows": 1, "Plan Width": 43, "Sort Key": ["lineitem.l_shipmode"], "Plans": [{"Node Type": "Aggregate", "Strategy": "Hashed", "Parent Relationship": "Outer", "Startup Cost": 2066751200726.97, "Total Cost": 2066751200726.98, "Plan Rows": 1, "Plan Width": 43, "Group By Key": ["lineitem.l_shipmode"], "Plans": [{"Node Type": "Nested Loop", "Parent Relationship": "Outer", "Join Type": "Inner", "Startup Cost": 20000000000.0, "Total Cost": 2066751195571.75, "Plan Rows": 294584, "Plan Width": 27, "Inner Unique": false, "Join Filter": "(orders.o_orderkey = lineitem.l_orderkey), (LLVM Optimized)", "Plans": [{"Node Type": "Index Scan", "Parent Relationship": "Outer", "Scan Direction": "Forward", "Index Name": "orders_pkey", "Relation Name": "orders", "Alias": "orders", "Startup Cost": 10000000000.0, "Total Cost": 1000073097843.5, "Plan Rows": 14999479, "Plan Width": 24}, {"Node Type": "Materialize", "Parent Relationship": "Inner", "Startup Cost": 10000000000.0, "Total Cost": 1000399000638.67, "Plan Rows": 294584, "Plan Width": 19, "Plans": [{"Node Type": "Index Scan", "Parent Relationship": "Outer", "Scan Direction": "Forward", "Index Name": "idx_lineitem_orderkey", "Relation Name": "lineitem", "Alias": "lineitem", "Startup Cost": 10000000000.0, "Total Cost": 1000398999165.75, "Plan Rows": 294584, "Plan Width": 19, "Filter": "((l_shipmode = ANY ('{RAIL,FOB}'::bpchar[])) AND (l_commitdate < l_receiptdate) AND (l_shipdate < l_commitdate) AND (l_receiptdate >= '1997-01-01 00:00:00'::timestamp(0) without time zone) AND (l_receiptdate < '1998-01-01 00:00:00'::timestamp without time zone)), (LLVM Optimized)"}]}]}]}]}, "Unique SQL Id": 2036526415, "Planner Runtime": 0}, "explain_analyze_plan": null}, "(64, '60')": {"explain_plan": {"Plan": {"Node Type": "Sort", "Startup Cost": 1198202.39, "Total Cost": 1198202.39, "Plan Rows": 1, "Plan Width": 43, "Sort Key": ["lineitem.l_shipmode"], "Plans": [{"Node Type": "Aggregate", "Strategy": "Hashed", "Parent Relationship": "Outer", "Startup Cost": 1198202.37, "Total Cost": 1198202.38, "Plan Rows": 1, "Plan Width": 43, "Group By Key": ["lineitem.l_shipmode"], "Plans": [{"Node Type": "Nested Loop", "Parent Relationship": "Outer", "Join Type": "Inner", "Startup Cost": 1.25, "Total Cost": 1193047.15, "Plan Rows": 294584, "Plan Width": 27, "Inner Unique": true, "Plans": [{"Node Type": "Streaming(type: LOCAL GATHER dop: 1/64)", "Parent Relationship": "Outer", "Startup Cost": 1.25, "Total Cost": 112279.63, "Plan Rows": 294584, "Plan Width": 19, "Plans": [{"Node Type": "Seq Scan", "Parent Relationship": "Outer", "Relation Name": "lineitem", "Alias": "lineitem", "Startup Cost": 1.25, "Total Cost": 106202.39, "Plan Rows": 294584, "Plan Width": 19, "Filter": "((l_shipmode = ANY ('{RAIL,FOB}'::bpchar[])) AND (l_commitdate < l_receiptdate) AND (l_shipdate < l_commitdate) AND (l_receiptdate >= '1997-01-01 00:00:00'::timestamp(0) without time zone) AND (l_receiptdate < '1998-01-01 00:00:00'::timestamp without time zone)), (LLVM Optimized)"}]}, {"Node Type": "Index Scan", "Parent Relationship": "Inner", "Scan Direction": "Forward", "Index Name": "orders_pkey", "Relation Name": "orders", "Alias": "orders", "Startup Cost": 0.0, "Total Cost": 3.66, "Plan Rows": 1, "Plan Width": 24, "Index Cond": "(o_orderkey = lineitem.l_orderkey)"}]}]}]}, "Unique SQL Id": 2036526415, "Planner Runtime": 0}, "explain_analyze_plan": {"Plan": {"Node Type": "Sort", "Startup Cost": 1198202.39, "Total Cost": 1198202.39, "Plan Rows": 1, "Plan Width": 43, "Actual Min Startup Time": 2413.164, "Actual Max Startup Time": 2413.164, "Actual Min Total Time": 2413.165, "Actual Max Total Time": 2413.165, "Sort Key": ["lineitem.l_shipmode"], "Sort Method": "quicksort", "Sort Space Min Used": 25, "Sort Space Max Used": 25, "Sort Space Type": "Memory", "Plans": [{"Node Type": "Aggregate", "Strategy": "Hashed", "Parent Relationship": "Outer", "Startup Cost": 1198202.37, "Total Cost": 1198202.38, "Plan Rows": 1, "Plan Width": 43, "Actual Min Startup Time": 2413.109, "Actual Max Startup Time": 2413.109, "Actual Min Total Time": 2413.11, "Actual Max Total Time": 2413.11, "Group By Key": ["lineitem.l_shipmode"], "Plans": [{"Node Type": "Nested Loop", "Parent Relationship": "Outer", "Join Type": "Inner", "Startup Cost": 1.25, "Total Cost": 1193047.15, "Plan Rows": 294584, "Plan Width": 27, "Actual Min Startup Time": 124.405, "Actual Max Startup Time": 124.405, "Actual Min Total Time": 2097.461, "Actual Max Total Time": 2097.461, "Inner Unique": true, "Plans": [{"Node Type": "Streaming(type: LOCAL GATHER dop: 1/64)", "Parent Relationship": "Outer", "Startup Cost": 1.25, "Total Cost": 112279.63, "Plan Rows": 294584, "Plan Width": 19, "Actual Min Startup Time": 124.329, "Actual Max Startup Time": 124.329, "Actual Min Total Time": 282.816, "Actual Max Total Time": 282.816, "Plans": [{"Node Type": "Seq Scan", "Parent Relationship": "Outer", "Relation Name": "lineitem", "Alias": "lineitem", "Startup Cost": 1.25, "Total Cost": 106202.39, "Plan Rows": 294584, "Plan Width": 19, "Actual Min Startup Time": 0.036, "Actual Max Startup Time": 0.553, "Actual Min Total Time": 480.488, "Actual Max Total Time": 624.177, "Filter": "((l_shipmode = ANY ('{RAIL,FOB}'::bpchar[])) AND (l_commitdate < l_receiptdate) AND (l_shipdate < l_commitdate) AND (l_receiptdate >= '1997-01-01 00:00:00'::timestamp(0) without time zone) AND (l_receiptdate < '1998-01-01 00:00:00'::timestamp without time zone)), (LLVM Optimized, Jit Execute)", "Rows Removed by Filter": 59674804, "Actual Rows": 311248}], "Actual Rows": 311248}, {"Node Type": "Index Scan", "Parent Relationship": "Inner", "Scan Direction": "Forward", "Index Name": "orders_pkey", "Relation Name": "orders", "Alias": "orders", "Startup Cost": 0.0, "Total Cost": 3.66, "Plan Rows": 1, "Plan Width": 24, "Actual Min Startup Time": 1556.899, "Actual Max Startup Time": 1556.899, "Actual Min Total Time": 1556.899, "Actual Max Total Time": 1556.899, "Index Cond": "(o_orderkey = lineitem.l_orderkey)", "Rows Removed by Index Recheck": 0, "Actual Rows": 311248}], "Actual Rows": 311248}], "Actual Rows": 2}], "Actual Rows": 2}, "Triggers": [], "Planner Runtime": 0.74, "Total Runtime": 2436.087, "Unique SQL Id": 2036526415}}, "(64, '61')": {"explain_plan": {"Plan": {"Node Type": "Sort", "Startup Cost": 3816372.6, "Total Cost": 3816372.6, "Plan Rows": 1, "Plan Width": 43, "Sort Key": ["lineitem.l_shipmode"], "Plans": [{"Node Type": "Aggregate", "Strategy": "Hashed", "Parent Relationship": "Outer", "Startup Cost": 3816372.58, "Total Cost": 3816372.59, "Plan Rows": 1, "Plan Width": 43, "Group By Key": ["lineitem.l_shipmode"], "Plans": [{"Node Type": "Nested Loop", "Parent Relationship": "Outer", "Join Type": "Inner", "Startup Cost": 0.0, "Total Cost": 3811217.36, "Plan Rows": 294584, "Plan Width": 27, "Inner Unique": true, "Plans": [{"Node Type": "Streaming(type: LOCAL GATHER dop: 1/64)", "Parent Relationship": "Outer", "Startup Cost": 0.0, "Total Cost": 2730449.84, "Plan Rows": 294584, "Plan Width": 19, "Plans": [{"Node Type": "Index Scan", "Parent Relationship": "Outer", "Scan Direction": "Forward", "Index Name": "idx_lineitem_orderkey", "Relation Name": "lineitem", "Alias": "lineitem", "Startup Cost": 0.0, "Total Cost": 2724372.61, "Plan Rows": 294584, "Plan Width": 19, "Filter": "((l_shipmode = ANY ('{RAIL,FOB}'::bpchar[])) AND (l_commitdate < l_receiptdate) AND (l_shipdate < l_commitdate) AND (l_receiptdate >= '1997-01-01 00:00:00'::timestamp(0) without time zone) AND (l_receiptdate < '1998-01-01 00:00:00'::timestamp without time zone)), (LLVM Optimized)"}]}, {"Node Type": "Index Scan", "Parent Relationship": "Inner", "Scan Direction": "Forward", "Index Name": "orders_pkey", "Relation Name": "orders", "Alias": "orders", "Startup Cost": 0.0, "Total Cost": 3.66, "Plan Rows": 1, "Plan Width": 24, "Index Cond": "(o_orderkey = lineitem.l_orderkey)"}]}]}]}, "Unique SQL Id": 2036526415, "Planner Runtime": 0}, "explain_analyze_plan": {"Plan": {"Node Type": "Sort", "Startup Cost": 3816372.6, "Total Cost": 3816372.6, "Plan Rows": 1, "Plan Width": 43, "Actual Min Startup Time": 3195.074, "Actual Max Startup Time": 3195.074, "Actual Min Total Time": 3195.074, "Actual Max Total Time": 3195.074, "Sort Key": ["lineitem.l_shipmode"], "Sort Method": "quicksort", "Sort Space Min Used": 25, "Sort Space Max Used": 25, "Sort Space Type": "Memory", "Plans": [{"Node Type": "Aggregate", "Strategy": "Hashed", "Parent Relationship": "Outer", "Startup Cost": 3816372.58, "Total Cost": 3816372.59, "Plan Rows": 1, "Plan Width": 43, "Actual Min Startup Time": 3195.011, "Actual Max Startup Time": 3195.011, "Actual Min Total Time": 3195.013, "Actual Max Total Time": 3195.013, "Group By Key": ["lineitem.l_shipmode"], "Plans": [{"Node Type": "Nested Loop", "Parent Relationship": "Outer", "Join Type": "Inner", "Startup Cost": 0.0, "Total Cost": 3811217.36, "Plan Rows": 294584, "Plan Width": 27, "Actual Min Startup Time": 968.954, "Actual Max Startup Time": 968.954, "Actual Min Total Time": 2904.337, "Actual Max Total Time": 2904.337, "Inner Unique": true, "Plans": [{"Node Type": "Streaming(type: LOCAL GATHER dop: 1/64)", "Parent Relationship": "Outer", "Startup Cost": 0.0, "Total Cost": 2730449.84, "Plan Rows": 294584, "Plan Width": 19, "Actual Min Startup Time": 968.908, "Actual Max Startup Time": 968.908, "Actual Min Total Time": 1117.392, "Actual Max Total Time": 1117.392, "Plans": [{"Node Type": "Index Scan", "Parent Relationship": "Outer", "Scan Direction": "Forward", "Index Name": "idx_lineitem_orderkey", "Relation Name": "lineitem", "Alias": "lineitem", "Startup Cost": 0.0, "Total Cost": 2724372.61, "Plan Rows": 294584, "Plan Width": 19, "Actual Min Startup Time": 675.389, "Actual Max Startup Time": 845.225, "Actual Min Total Time": 1508.922, "Actual Max Total Time": 1713.81, "Filter": "((l_shipmode = ANY ('{RAIL,FOB}'::bpchar[])) AND (l_commitdate < l_receiptdate) AND (l_shipdate < l_commitdate) AND (l_receiptdate >= '1997-01-01 00:00:00'::timestamp(0) without time zone) AND (l_receiptdate < '1998-01-01 00:00:00'::timestamp without time zone)), (LLVM Optimized, Jit Execute)", "Rows Removed by Filter": 59674804, "Actual Rows": 311248}], "Actual Rows": 311248}, {"Node Type": "Index Scan", "Parent Relationship": "Inner", "Scan Direction": "Forward", "Index Name": "orders_pkey", "Relation Name": "orders", "Alias": "orders", "Startup Cost": 0.0, "Total Cost": 3.66, "Plan Rows": 1, "Plan Width": 24, "Actual Min Startup Time": 1530.963, "Actual Max Startup Time": 1530.963, "Actual Min Total Time": 1530.963, "Actual Max Total Time": 1530.963, "Index Cond": "(o_orderkey = lineitem.l_orderkey)", "Rows Removed by Index Recheck": 0, "Actual Rows": 311248}], "Actual Rows": 311248}], "Actual Rows": 2}], "Actual Rows": 2}, "Triggers": [], "Planner Runtime": 0.814, "Total Runtime": 3218.328, "Unique SQL Id": 2036526415}}, "(64, '62')": {"explain_plan": {"Plan": {"Node Type": "Sort", "Startup Cost": 16497865.13, "Total Cost": 16497865.14, "Plan Rows": 1, "Plan Width": 43, "Sort Key": ["lineitem.l_shipmode"], "Plans": [{"Node Type": "Streaming(type: LOCAL GATHER dop: 1/64)", "Parent Relationship": "Outer", "Startup Cost": 16497865.12, "Total Cost": 16497865.12, "Plan Rows": 1, "Plan Width": 43, "Plans": [{"Node Type": "Aggregate", "Strategy": "Hashed", "Parent Relationship": "Outer", "Startup Cost": 16497865.12, "Total Cost": 16497865.12, "Plan Rows": 1, "Plan Width": 43, "Group By Key": ["lineitem.l_shipmode"], "Plans": [{"Node Type": "Streaming(type: LOCAL REDISTRIBUTE dop: 64/64)", "Parent Relationship": "Outer", "Startup Cost": 16497865.08, "Total Cost": 16497865.12, "Plan Rows": 1, "Plan Width": 43, "Plans": [{"Node Type": "Aggregate", "Strategy": "Hashed", "Parent Relationship": "Outer", "Startup Cost": 16497865.08, "Total Cost": 16497865.08, "Plan Rows": 1, "Plan Width": 43, "Group By Key": ["lineitem.l_shipmode"], "Plans": [{"Node Type": "Nested Loop", "Parent Relationship": "Outer", "Join Type": "Inner", "Startup Cost": 1.25, "Total Cost": 16497784.52, "Plan Rows": 294584, "Plan Width": 27, "Inner Unique": false, "Join Filter": "(orders.o_orderkey = lineitem.l_orderkey), (LLVM Optimized)", "Plans": [{"Node Type": "Streaming(type: LOCAL REDISTRIBUTE dop: 64/64)", "Parent Relationship": "Outer", "Startup Cost": 0.0, "Total Cost": 146871.21, "Plan Rows": 14999479, "Plan Width": 24, "Plans": [{"Node Type": "Seq Scan", "Parent Relationship": "Outer", "Relation Name": "orders", "Alias": "orders", "Startup Cost": 0.0, "Total Cost": 69662.72, "Plan Rows": 14999479, "Plan Width": 24}]}, {"Node Type": "Materialize", "Parent Relationship": "Inner", "Startup Cost": 1.25, "Total Cost": 169504.46, "Plan Rows": 294584, "Plan Width": 19, "Plans": [{"Node Type": "Streaming(type: LOCAL REDISTRIBUTE dop: 64/64)", "Parent Relationship": "Outer", "Startup Cost": 1.25, "Total Cost": 169481.44, "Plan Rows": 294584, "Plan Width": 19, "Plans": [{"Node Type": "Seq Scan", "Parent Relationship": "Outer", "Relation Name": "lineitem", "Alias": "lineitem", "Startup Cost": 1.25, "Total Cost": 106202.39, "Plan Rows": 294584, "Plan Width": 19, "Filter": "((l_shipmode = ANY ('{RAIL,FOB}'::bpchar[])) AND (l_commitdate < l_receiptdate) AND (l_shipdate < l_commitdate) AND (l_receiptdate >= '1997-01-01 00:00:00'::timestamp(0) without time zone) AND (l_receiptdate < '1998-01-01 00:00:00'::timestamp without time zone)), (LLVM Optimized)"}]}]}]}]}]}]}]}]}, "Unique SQL Id": 2036526415, "Planner Runtime": 0}, "explain_analyze_plan": null}, "(64, '63')": {"explain_plan": {"Plan": {"Node Type": "Sort", "Startup Cost": 2066751200726.99, "Total Cost": 2066751200726.99, "Plan Rows": 1, "Plan Width": 43, "Sort Key": ["lineitem.l_shipmode"], "Plans": [{"Node Type": "Aggregate", "Strategy": "Hashed", "Parent Relationship": "Outer", "Startup Cost": 2066751200726.97, "Total Cost": 2066751200726.98, "Plan Rows": 1, "Plan Width": 43, "Group By Key": ["lineitem.l_shipmode"], "Plans": [{"Node Type": "Nested Loop", "Parent Relationship": "Outer", "Join Type": "Inner", "Startup Cost": 20000000000.0, "Total Cost": 2066751195571.75, "Plan Rows": 294584, "Plan Width": 27, "Inner Unique": false, "Join Filter": "(orders.o_orderkey = lineitem.l_orderkey), (LLVM Optimized)", "Plans": [{"Node Type": "Index Scan", "Parent Relationship": "Outer", "Scan Direction": "Forward", "Index Name": "orders_pkey", "Relation Name": "orders", "Alias": "orders", "Startup Cost": 10000000000.0, "Total Cost": 1000073097843.5, "Plan Rows": 14999479, "Plan Width": 24}, {"Node Type": "Materialize", "Parent Relationship": "Inner", "Startup Cost": 10000000000.0, "Total Cost": 1000399000638.67, "Plan Rows": 294584, "Plan Width": 19, "Plans": [{"Node Type": "Index Scan", "Parent Relationship": "Outer", "Scan Direction": "Forward", "Index Name": "idx_lineitem_orderkey", "Relation Name": "lineitem", "Alias": "lineitem", "Startup Cost": 10000000000.0, "Total Cost": 1000398999165.75, "Plan Rows": 294584, "Plan Width": 19, "Filter": "((l_shipmode = ANY ('{RAIL,FOB}'::bpchar[])) AND (l_commitdate < l_receiptdate) AND (l_shipdate < l_commitdate) AND (l_receiptdate >= '1997-01-01 00:00:00'::timestamp(0) without time zone) AND (l_receiptdate < '1998-01-01 00:00:00'::timestamp without time zone)), (LLVM Optimized)"}]}]}]}]}, "Unique SQL Id": 2036526415, "Planner Runtime": 0}, "explain_analyze_plan": null}, "(64, '64')": {"explain_plan": {"Plan": {"Node Type": "Sort", "Startup Cost": 254993.48, "Total Cost": 254993.48, "Plan Rows": 1, "Plan Width": 43, "Sort Key": ["lineitem.l_shipmode"], "Plans": [{"Node Type": "Streaming(type: LOCAL GATHER dop: 1/64)", "Parent Relationship": "Outer", "Startup Cost": 254993.46, "Total Cost": 254993.47, "Plan Rows": 1, "Plan Width": 43, "Plans": [{"Node Type": "Aggregate", "Strategy": "Hashed", "Parent Relationship": "Outer", "Startup Cost": 254993.46, "Total Cost": 254993.46, "Plan Rows": 1, "Plan Width": 43, "Group By Key": ["lineitem.l_shipmode"], "Plans": [{"Node Type": "Streaming(type: LOCAL REDISTRIBUTE dop: 64/64)", "Parent Relationship": "Outer", "Startup Cost": 254993.44, "Total Cost": 254993.46, "Plan Rows": 1, "Plan Width": 43, "Plans": [{"Node Type": "Aggregate", "Strategy": "Hashed", "Parent Relationship": "Outer", "Startup Cost": 254993.44, "Total Cost": 254993.44, "Plan Rows": 1, "Plan Width": 43, "Group By Key": ["lineitem.l_shipmode"], "Plans": [{"Node Type": "Hash Join", "Parent Relationship": "Outer", "Join Type": "Inner", "Startup Cost": 72593.55, "Total Cost": 254912.89, "Plan Rows": 294584, "Plan Width": 27, "Inner Unique": true, "Hash Cond": "(lineitem.l_orderkey = orders.o_orderkey), (LLVM Optimized)", "Plans": [{"Node Type": "Streaming(type: BROADCAST dop: 64/64)", "Parent Relationship": "Outer", "Startup Cost": 1.25, "Total Cost": 181169.87, "Plan Rows": 18853376, "Plan Width": 19, "Plans": [{"Node Type": "Seq Scan", "Parent Relationship": "Outer", "Relation Name": "lineitem", "Alias": "lineitem", "Startup Cost": 1.25, "Total Cost": 106202.39, "Plan Rows": 294584, "Plan Width": 19, "Filter": "((l_shipmode = ANY ('{RAIL,FOB}'::bpchar[])) AND (l_commitdate < l_receiptdate) AND (l_shipdate < l_commitdate) AND (l_receiptdate >= '1997-01-01 00:00:00'::timestamp(0) without time zone) AND (l_receiptdate < '1998-01-01 00:00:00'::timestamp without time zone)), (LLVM Optimized)"}]}, {"Node Type": "Hash", "Parent Relationship": "Inner", "Startup Cost": 69662.72, "Total Cost": 69662.72, "Plan Rows": 14999479, "Plan Width": 24, "Plans": [{"Node Type": "Seq Scan", "Parent Relationship": "Outer", "Relation Name": "orders", "Alias": "orders", "Startup Cost": 0.0, "Total Cost": 69662.72, "Plan Rows": 14999479, "Plan Width": 24}]}]}]}]}]}]}]}, "Unique SQL Id": 2036526415, "Planner Runtime": 0}, "explain_analyze_plan": {"Plan": {"Node Type": "Sort", "Startup Cost": 254993.48, "Total Cost": 254993.48, "Plan Rows": 1, "Plan Width": 43, "Actual Min Startup Time": 1935.075, "Actual Max Startup Time": 1935.075, "Actual Min Total Time": 1935.075, "Actual Max Total Time": 1935.075, "Sort Key": ["lineitem.l_shipmode"], "Sort Method": "quicksort", "Sort Space Min Used": 25, "Sort Space Max Used": 25, "Sort Space Type": "Memory", "Plans": [{"Node Type": "Streaming(type: LOCAL GATHER dop: 1/64)", "Parent Relationship": "Outer", "Startup Cost": 254993.46, "Total Cost": 254993.47, "Plan Rows": 1, "Plan Width": 43, "Actual Min Startup Time": 1934.423, "Actual Max Startup Time": 1934.423, "Actual Min Total Time": 1935.017, "Actual Max Total Time": 1935.017, "Plans": [{"Node Type": "Aggregate", "Strategy": "Hashed", "Parent Relationship": "Outer", "Startup Cost": 254993.46, "Total Cost": 254993.46, "Plan Rows": 1, "Plan Width": 43, "Actual Min Startup Time": 1418.405, "Actual Max Startup Time": 1631.823, "Actual Min Total Time": 1418.405, "Actual Max Total Time": 1631.823, "Group By Key": ["lineitem.l_shipmode"], "Plans": [{"Node Type": "Streaming(type: LOCAL REDISTRIBUTE dop: 64/64)", "Parent Relationship": "Outer", "Startup Cost": 254993.44, "Total Cost": 254993.46, "Plan Rows": 1, "Plan Width": 43, "Actual Min Startup Time": 1418.4, "Actual Max Startup Time": 1631.817, "Actual Min Total Time": 1418.4, "Actual Max Total Time": 1631.817, "Plans": [{"Node Type": "Aggregate", "Strategy": "Hashed", "Parent Relationship": "Outer", "Startup Cost": 254993.44, "Total Cost": 254993.44, "Plan Rows": 1, "Plan Width": 43, "Actual Min Startup Time": 1257.951, "Actual Max Startup Time": 1629.84, "Actual Min Total Time": 1257.953, "Actual Max Total Time": 1629.841, "Group By Key": ["lineitem.l_shipmode"], "Plans": [{"Node Type": "Hash Join", "Parent Relationship": "Outer", "Join Type": "Inner", "Startup Cost": 72593.55, "Total Cost": 254912.89, "Plan Rows": 294584, "Plan Width": 27, "Actual Min Startup Time": 159.028, "Actual Max Startup Time": 220.727, "Actual Min Total Time": 1247.646, "Actual Max Total Time": 1619.563, "Inner Unique": true, "Hash Cond": "(lineitem.l_orderkey = orders.o_orderkey), (LLVM Optimized, Jit Execute)", "Plans": [{"Node Type": "Streaming(type: BROADCAST dop: 64/64)", "Parent Relationship": "Outer", "Startup Cost": 1.25, "Total Cost": 181169.87, "Plan Rows": 18853376, "Plan Width": 19, "Actual Min Startup Time": 0.125, "Actual Max Startup Time": 5.992, "Actual Min Total Time": 890.773, "Actual Max Total Time": 1326.018, "Plans": [{"Node Type": "Seq Scan", "Parent Relationship": "Outer", "Relation Name": "lineitem", "Alias": "lineitem", "Startup Cost": 1.25, "Total Cost": 106202.39, "Plan Rows": 294584, "Plan Width": 19, "Actual Min Startup Time": 0.038, "Actual Max Startup Time": 0.562, "Actual Min Total Time": 416.333, "Actual Max Total Time": 639.464, "Filter": "((l_shipmode = ANY ('{RAIL,FOB}'::bpchar[])) AND (l_commitdate < l_receiptdate) AND (l_shipdate < l_commitdate) AND (l_receiptdate >= '1997-01-01 00:00:00'::timestamp(0) without time zone) AND (l_receiptdate < '1998-01-01 00:00:00'::timestamp without time zone)), (LLVM Optimized, Jit Execute)", "Rows Removed by Filter": 59674804, "Actual Rows": 311248}], "Actual Rows": 19919872}, {"Node Type": "Hash", "Parent Relationship": "Inner", "Startup Cost": 69662.72, "Total Cost": 69662.72, "Plan Rows": 14999479, "Plan Width": 24, "Actual Min Startup Time": 157.218, "Actual Max Startup Time": 215.078, "Actual Min Total Time": 157.218, "Actual Max Total Time": 215.078, "Max Hash Buckets": 262144, "Min Hash Buckets": 262144, "Max Hash Batches": 1, "Min Hash Batches": 1, "Max Original Hash Batches": 1, "Min Original Hash Batches": 1, "Max Peak Memory Usage": 13059, "min Peak Memory Usage": 13059, "Plans": [{"Node Type": "Seq Scan", "Parent Relationship": "Outer", "Relation Name": "orders", "Alias": "orders", "Startup Cost": 0.0, "Total Cost": 69662.72, "Plan Rows": 14999479, "Plan Width": 24, "Actual Min Startup Time": 0.019, "Actual Max Startup Time": 0.73, "Actual Min Total Time": 85.457, "Actual Max Total Time": 91.485, "Actual Rows": 15000000}], "Actual Rows": 15000000}], "Actual Rows": 311248}], "Actual Rows": 128}], "Actual Rows": 128}], "Actual Rows": 2}], "Actual Rows": 2}], "Actual Rows": 2}, "Triggers": [], "Planner Runtime": 1.224, "Total Runtime": 1987.985, "Unique SQL Id": 2036526415}}, "(64, '65')": {"explain_plan": {"Plan": {"Node Type": "Sort", "Startup Cost": 3449828.29, "Total Cost": 3449828.29, "Plan Rows": 1, "Plan Width": 43, "Sort Key": ["lineitem.l_shipmode"], "Plans": [{"Node Type": "Streaming(type: LOCAL GATHER dop: 1/64)", "Parent Relationship": "Outer", "Startup Cost": 3449828.27, "Total Cost": 3449828.28, "Plan Rows": 1, "Plan Width": 43, "Plans": [{"Node Type": "Aggregate", "Strategy": "Hashed", "Parent Relationship": "Outer", "Startup Cost": 3449828.27, "Total Cost": 3449828.27, "Plan Rows": 1, "Plan Width": 43, "Group By Key": ["lineitem.l_shipmode"], "Plans": [{"Node Type": "Streaming(type: LOCAL REDISTRIBUTE dop: 64/64)", "Parent Relationship": "Outer", "Startup Cost": 3449828.25, "Total Cost": 3449828.27, "Plan Rows": 1, "Plan Width": 43, "Plans": [{"Node Type": "Aggregate", "Strategy": "Hashed", "Parent Relationship": "Outer", "Startup Cost": 3449828.25, "Total Cost": 3449828.25, "Plan Rows": 1, "Plan Width": 43, "Group By Key": ["lineitem.l_shipmode"], "Plans": [{"Node Type": "Hash Join", "Parent Relationship": "Outer", "Join Type": "Inner", "Startup Cost": 649256.9, "Total Cost": 3449747.7, "Plan Rows": 294584, "Plan Width": 27, "Inner Unique": true, "Hash Cond": "(lineitem.l_orderkey = orders.o_orderkey), (LLVM Optimized)", "Plans": [{"Node Type": "Streaming(type: BROADCAST dop: 64/64)", "Parent Relationship": "Outer", "Startup Cost": 0.0, "Total Cost": 2799340.08, "Plan Rows": 18853376, "Plan Width": 19, "Plans": [{"Node Type": "Index Scan", "Parent Relationship": "Outer", "Scan Direction": "Forward", "Index Name": "idx_lineitem_orderkey", "Relation Name": "lineitem", "Alias": "lineitem", "Startup Cost": 0.0, "Total Cost": 2724372.61, "Plan Rows": 294584, "Plan Width": 19, "Filter": "((l_shipmode = ANY ('{RAIL,FOB}'::bpchar[])) AND (l_commitdate < l_receiptdate) AND (l_shipdate < l_commitdate) AND (l_receiptdate >= '1997-01-01 00:00:00'::timestamp(0) without time zone) AND (l_receiptdate < '1998-01-01 00:00:00'::timestamp without time zone)), (LLVM Optimized)"}]}, {"Node Type": "Hash", "Parent Relationship": "Inner", "Startup Cost": 646327.31, "Total Cost": 646327.31, "Plan Rows": 14999479, "Plan Width": 24, "Plans": [{"Node Type": "Index Scan", "Parent Relationship": "Outer", "Scan Direction": "Forward", "Index Name": "orders_pkey", "Relation Name": "orders", "Alias": "orders", "Startup Cost": 0.0, "Total Cost": 646327.31, "Plan Rows": 14999479, "Plan Width": 24}]}]}]}]}]}]}]}, "Unique SQL Id": 2036526415, "Planner Runtime": 1}, "explain_analyze_plan": {"Plan": {"Node Type": "Sort", "Startup Cost": 3449828.29, "Total Cost": 3449828.29, "Plan Rows": 1, "Plan Width": 43, "Actual Min Startup Time": 4746.649, "Actual Max Startup Time": 4746.649, "Actual Min Total Time": 4746.649, "Actual Max Total Time": 4746.649, "Sort Key": ["lineitem.l_shipmode"], "Sort Method": "quicksort", "Sort Space Min Used": 25, "Sort Space Max Used": 25, "Sort Space Type": "Memory", "Plans": [{"Node Type": "Streaming(type: LOCAL GATHER dop: 1/64)", "Parent Relationship": "Outer", "Startup Cost": 3449828.27, "Total Cost": 3449828.28, "Plan Rows": 1, "Plan Width": 43, "Actual Min Startup Time": 4744.896, "Actual Max Startup Time": 4744.896, "Actual Min Total Time": 4746.577, "Actual Max Total Time": 4746.577, "Plans": [{"Node Type": "Aggregate", "Strategy": "Hashed", "Parent Relationship": "Outer", "Startup Cost": 3449828.27, "Total Cost": 3449828.27, "Plan Rows": 1, "Plan Width": 43, "Actual Min Startup Time": 4274.293, "Actual Max Startup Time": 4398.228, "Actual Min Total Time": 4274.293, "Actual Max Total Time": 4398.228, "Group By Key": ["lineitem.l_shipmode"], "Plans": [{"Node Type": "Streaming(type: LOCAL REDISTRIBUTE dop: 64/64)", "Parent Relationship": "Outer", "Startup Cost": 3449828.25, "Total Cost": 3449828.27, "Plan Rows": 1, "Plan Width": 43, "Actual Min Startup Time": 4274.284, "Actual Max Startup Time": 4398.22, "Actual Min Total Time": 4274.284, "Actual Max Total Time": 4398.22, "Plans": [{"Node Type": "Aggregate", "Strategy": "Hashed", "Parent Relationship": "Outer", "Startup Cost": 3449828.25, "Total Cost": 3449828.25, "Plan Rows": 1, "Plan Width": 43, "Actual Min Startup Time": 4092.61, "Actual Max Startup Time": 4483.277, "Actual Min Total Time": 4092.611, "Actual Max Total Time": 4483.278, "Group By Key": ["lineitem.l_shipmode"], "Plans": [{"Node Type": "Hash Join", "Parent Relationship": "Outer", "Join Type": "Inner", "Startup Cost": 649256.9, "Total Cost": 3449747.7, "Plan Rows": 294584, "Plan Width": 27, "Actual Min Startup Time": 2670.617, "Actual Max Startup Time": 3066.906, "Actual Min Total Time": 4081.58, "Actual Max Total Time": 4475.509, "Inner Unique": true, "Hash Cond": "(lineitem.l_orderkey = orders.o_orderkey), (LLVM Optimized, Jit Execute)", "Plans": [{"Node Type": "Streaming(type: BROADCAST dop: 64/64)", "Parent Relationship": "Outer", "Startup Cost": 0.0, "Total Cost": 2799340.08, "Plan Rows": 18853376, "Plan Width": 19, "Actual Min Startup Time": 1575.849, "Actual Max Startup Time": 1619.999, "Actual Min Total Time": 2810.256, "Actual Max Total Time": 2910.921, "Plans": [{"Node Type": "Index Scan", "Parent Relationship": "Outer", "Scan Direction": "Forward", "Index Name": "idx_lineitem_orderkey", "Relation Name": "lineitem", "Alias": "lineitem", "Startup Cost": 0.0, "Total Cost": 2724372.61, "Plan Rows": 294584, "Plan Width": 19, "Actual Min Startup Time": 2652.522, "Actual Max Startup Time": 3055.949, "Actual Min Total Time": 3622.531, "Actual Max Total Time": 3851.498, "Filter": "((l_shipmode = ANY ('{RAIL,FOB}'::bpchar[])) AND (l_commitdate < l_receiptdate) AND (l_shipdate < l_commitdate) AND (l_receiptdate >= '1997-01-01 00:00:00'::timestamp(0) without time zone) AND (l_receiptdate < '1998-01-01 00:00:00'::timestamp without time zone)), (LLVM Optimized, Jit Execute)", "Rows Removed by Filter": 59674804, "Actual Rows": 311248}], "Actual Rows": 19919872}, {"Node Type": "Hash", "Parent Relationship": "Inner", "Startup Cost": 646327.31, "Total Cost": 646327.31, "Plan Rows": 14999479, "Plan Width": 24, "Actual Min Startup Time": 1054.367, "Actual Max Startup Time": 1451.859, "Actual Min Total Time": 1054.367, "Actual Max Total Time": 1451.859, "Max Hash Buckets": 262144, "Min Hash Buckets": 262144, "Max Hash Batches": 1, "Min Hash Batches": 1, "Max Original Hash Batches": 1, "Min Original Hash Batches": 1, "Max Peak Memory Usage": 12827, "min Peak Memory Usage": 12827, "Plans": [{"Node Type": "Index Scan", "Parent Relationship": "Outer", "Scan Direction": "Forward", "Index Name": "orders_pkey", "Relation Name": "orders", "Alias": "orders", "Startup Cost": 0.0, "Total Cost": 646327.31, "Plan Rows": 14999479, "Plan Width": 24, "Actual Min Startup Time": 790.395, "Actual Max Startup Time": 1182.717, "Actual Min Total Time": 972.997, "Actual Max Total Time": 1366.525, "Actual Rows": 15000000}], "Actual Rows": 15000000}], "Actual Rows": 311248}], "Actual Rows": 128}], "Actual Rows": 128}], "Actual Rows": 2}], "Actual Rows": 2}], "Actual Rows": 2}, "Triggers": [], "Planner Runtime": 1.363, "Total Runtime": 4801.516, "Unique SQL Id": 2036526415}}, "(64, '66')": {"explain_plan": {"Plan": {"Node Type": "Sort", "Startup Cost": 254993.48, "Total Cost": 254993.48, "Plan Rows": 1, "Plan Width": 43, "Sort Key": ["lineitem.l_shipmode"], "Plans": [{"Node Type": "Streaming(type: LOCAL GATHER dop: 1/64)", "Parent Relationship": "Outer", "Startup Cost": 254993.46, "Total Cost": 254993.47, "Plan Rows": 1, "Plan Width": 43, "Plans": [{"Node Type": "Aggregate", "Strategy": "Hashed", "Parent Relationship": "Outer", "Startup Cost": 254993.46, "Total Cost": 254993.46, "Plan Rows": 1, "Plan Width": 43, "Group By Key": ["lineitem.l_shipmode"], "Plans": [{"Node Type": "Streaming(type: LOCAL REDISTRIBUTE dop: 64/64)", "Parent Relationship": "Outer", "Startup Cost": 254993.44, "Total Cost": 254993.46, "Plan Rows": 1, "Plan Width": 43, "Plans": [{"Node Type": "Aggregate", "Strategy": "Hashed", "Parent Relationship": "Outer", "Startup Cost": 254993.44, "Total Cost": 254993.44, "Plan Rows": 1, "Plan Width": 43, "Group By Key": ["lineitem.l_shipmode"], "Plans": [{"Node Type": "Hash Join", "Parent Relationship": "Outer", "Join Type": "Inner", "Startup Cost": 72593.55, "Total Cost": 254912.89, "Plan Rows": 294584, "Plan Width": 27, "Inner Unique": true, "Hash Cond": "(lineitem.l_orderkey = orders.o_orderkey), (LLVM Optimized)", "Plans": [{"Node Type": "Streaming(type: BROADCAST dop: 64/64)", "Parent Relationship": "Outer", "Startup Cost": 1.25, "Total Cost": 181169.87, "Plan Rows": 18853376, "Plan Width": 19, "Plans": [{"Node Type": "Seq Scan", "Parent Relationship": "Outer", "Relation Name": "lineitem", "Alias": "lineitem", "Startup Cost": 1.25, "Total Cost": 106202.39, "Plan Rows": 294584, "Plan Width": 19, "Filter": "((l_shipmode = ANY ('{RAIL,FOB}'::bpchar[])) AND (l_commitdate < l_receiptdate) AND (l_shipdate < l_commitdate) AND (l_receiptdate >= '1997-01-01 00:00:00'::timestamp(0) without time zone) AND (l_receiptdate < '1998-01-01 00:00:00'::timestamp without time zone)), (LLVM Optimized)"}]}, {"Node Type": "Hash", "Parent Relationship": "Inner", "Startup Cost": 69662.72, "Total Cost": 69662.72, "Plan Rows": 14999479, "Plan Width": 24, "Plans": [{"Node Type": "Seq Scan", "Parent Relationship": "Outer", "Relation Name": "orders", "Alias": "orders", "Startup Cost": 0.0, "Total Cost": 69662.72, "Plan Rows": 14999479, "Plan Width": 24}]}]}]}]}]}]}]}, "Unique SQL Id": 2036526415, "Planner Runtime": 1}, "explain_analyze_plan": {"Plan": {"Node Type": "Sort", "Startup Cost": 254993.48, "Total Cost": 254993.48, "Plan Rows": 1, "Plan Width": 43, "Actual Min Startup Time": 1935.075, "Actual Max Startup Time": 1935.075, "Actual Min Total Time": 1935.075, "Actual Max Total Time": 1935.075, "Sort Key": ["lineitem.l_shipmode"], "Sort Method": "quicksort", "Sort Space Min Used": 25, "Sort Space Max Used": 25, "Sort Space Type": "Memory", "Plans": [{"Node Type": "Streaming(type: LOCAL GATHER dop: 1/64)", "Parent Relationship": "Outer", "Startup Cost": 254993.46, "Total Cost": 254993.47, "Plan Rows": 1, "Plan Width": 43, "Actual Min Startup Time": 1934.423, "Actual Max Startup Time": 1934.423, "Actual Min Total Time": 1935.017, "Actual Max Total Time": 1935.017, "Plans": [{"Node Type": "Aggregate", "Strategy": "Hashed", "Parent Relationship": "Outer", "Startup Cost": 254993.46, "Total Cost": 254993.46, "Plan Rows": 1, "Plan Width": 43, "Actual Min Startup Time": 1418.405, "Actual Max Startup Time": 1631.823, "Actual Min Total Time": 1418.405, "Actual Max Total Time": 1631.823, "Group By Key": ["lineitem.l_shipmode"], "Plans": [{"Node Type": "Streaming(type: LOCAL REDISTRIBUTE dop: 64/64)", "Parent Relationship": "Outer", "Startup Cost": 254993.44, "Total Cost": 254993.46, "Plan Rows": 1, "Plan Width": 43, "Actual Min Startup Time": 1418.4, "Actual Max Startup Time": 1631.817, "Actual Min Total Time": 1418.4, "Actual Max Total Time": 1631.817, "Plans": [{"Node Type": "Aggregate", "Strategy": "Hashed", "Parent Relationship": "Outer", "Startup Cost": 254993.44, "Total Cost": 254993.44, "Plan Rows": 1, "Plan Width": 43, "Actual Min Startup Time": 1257.951, "Actual Max Startup Time": 1629.84, "Actual Min Total Time": 1257.953, "Actual Max Total Time": 1629.841, "Group By Key": ["lineitem.l_shipmode"], "Plans": [{"Node Type": "Hash Join", "Parent Relationship": "Outer", "Join Type": "Inner", "Startup Cost": 72593.55, "Total Cost": 254912.89, "Plan Rows": 294584, "Plan Width": 27, "Actual Min Startup Time": 159.028, "Actual Max Startup Time": 220.727, "Actual Min Total Time": 1247.646, "Actual Max Total Time": 1619.563, "Inner Unique": true, "Hash Cond": "(lineitem.l_orderkey = orders.o_orderkey), (LLVM Optimized, Jit Execute)", "Plans": [{"Node Type": "Streaming(type: BROADCAST dop: 64/64)", "Parent Relationship": "Outer", "Startup Cost": 1.25, "Total Cost": 181169.87, "Plan Rows": 18853376, "Plan Width": 19, "Actual Min Startup Time": 0.125, "Actual Max Startup Time": 5.992, "Actual Min Total Time": 890.773, "Actual Max Total Time": 1326.018, "Plans": [{"Node Type": "Seq Scan", "Parent Relationship": "Outer", "Relation Name": "lineitem", "Alias": "lineitem", "Startup Cost": 1.25, "Total Cost": 106202.39, "Plan Rows": 294584, "Plan Width": 19, "Actual Min Startup Time": 0.038, "Actual Max Startup Time": 0.562, "Actual Min Total Time": 416.333, "Actual Max Total Time": 639.464, "Filter": "((l_shipmode = ANY ('{RAIL,FOB}'::bpchar[])) AND (l_commitdate < l_receiptdate) AND (l_shipdate < l_commitdate) AND (l_receiptdate >= '1997-01-01 00:00:00'::timestamp(0) without time zone) AND (l_receiptdate < '1998-01-01 00:00:00'::timestamp without time zone)), (LLVM Optimized, Jit Execute)", "Rows Removed by Filter": 59674804, "Actual Rows": 311248}], "Actual Rows": 19919872}, {"Node Type": "Hash", "Parent Relationship": "Inner", "Startup Cost": 69662.72, "Total Cost": 69662.72, "Plan Rows": 14999479, "Plan Width": 24, "Actual Min Startup Time": 157.218, "Actual Max Startup Time": 215.078, "Actual Min Total Time": 157.218, "Actual Max Total Time": 215.078, "Max Hash Buckets": 262144, "Min Hash Buckets": 262144, "Max Hash Batches": 1, "Min Hash Batches": 1, "Max Original Hash Batches": 1, "Min Original Hash Batches": 1, "Max Peak Memory Usage": 13059, "min Peak Memory Usage": 13059, "Plans": [{"Node Type": "Seq Scan", "Parent Relationship": "Outer", "Relation Name": "orders", "Alias": "orders", "Startup Cost": 0.0, "Total Cost": 69662.72, "Plan Rows": 14999479, "Plan Width": 24, "Actual Min Startup Time": 0.019, "Actual Max Startup Time": 0.73, "Actual Min Total Time": 85.457, "Actual Max Total Time": 91.485, "Actual Rows": 15000000}], "Actual Rows": 15000000}], "Actual Rows": 311248}], "Actual Rows": 128}], "Actual Rows": 128}], "Actual Rows": 2}], "Actual Rows": 2}], "Actual Rows": 2}, "Triggers": [], "Planner Runtime": 1.224, "Total Runtime": 1987.985, "Unique SQL Id": 2036526415}}, "(64, '67')": {"explain_plan": {"Plan": {"Node Type": "Sort", "Startup Cost": 4921486.87, "Total Cost": 4921486.87, "Plan Rows": 1, "Plan Width": 43, "Sort Key": ["lineitem.l_shipmode"], "Plans": [{"Node Type": "Aggregate", "Strategy": "Hashed", "Parent Relationship": "Outer", "Startup Cost": 4921486.85, "Total Cost": 4921486.86, "Plan Rows": 1, "Plan Width": 43, "Group By Key": ["lineitem.l_shipmode"], "Plans": [{"Node Type": "Hash Join", "Parent Relationship": "Outer", "Join Type": "Inner", "Startup Cost": 2147327.85, "Total Cost": 4916331.63, "Plan Rows": 294584, "Plan Width": 27, "Inner Unique": true, "Hash Cond": "(lineitem.l_orderkey = orders.o_orderkey), (LLVM Optimized)", "Plans": [{"Node Type": "Bitmap Heap Scan", "Parent Relationship": "Outer", "Relation Name": "lineitem", "Alias": "lineitem", "Startup Cost": 1225109.06, "Total Cost": 3990062.3, "Plan Rows": 294584, "Plan Width": 19, "Filter": "((l_shipmode = ANY ('{RAIL,FOB}'::bpchar[])) AND (l_commitdate < l_receiptdate) AND (l_shipdate < l_commitdate) AND (l_receiptdate >= '1997-01-01 00:00:00'::timestamp(0) without time zone) AND (l_receiptdate < '1998-01-01 00:00:00'::timestamp without time zone)), (LLVM Optimized)", "Plans": [{"Node Type": "Bitmap Index Scan", "Parent Relationship": "Outer", "Index Name": "idx_lineitem_orderkey", "Startup Cost": 0.0, "Total Cost": 1225035.42, "Plan Rows": 59987033, "Plan Width": 0}]}, {"Node Type": "Hash", "Parent Relationship": "Inner", "Startup Cost": 734725.3, "Total Cost": 734725.3, "Plan Rows": 14999479, "Plan Width": 24, "Plans": [{"Node Type": "Bitmap Heap Scan", "Parent Relationship": "Outer", "Relation Name": "orders", "Alias": "orders", "Startup Cost": 308311.51, "Total Cost": 734725.3, "Plan Rows": 14999479, "Plan Width": 24, "Plans": [{"Node Type": "Bitmap Index Scan", "Parent Relationship": "Outer", "Index Name": "orders_pkey", "Startup Cost": 0.0, "Total Cost": 304561.65, "Plan Rows": 14999479, "Plan Width": 0}]}]}]}]}]}, "Unique SQL Id": 2036526415, "Planner Runtime": 0}, "explain_analyze_plan": null}, "(64, '68')": {"explain_plan": {"Plan": {"Node Type": "Sort", "Startup Cost": 254993.48, "Total Cost": 254993.48, "Plan Rows": 1, "Plan Width": 43, "Sort Key": ["lineitem.l_shipmode"], "Plans": [{"Node Type": "Streaming(type: LOCAL GATHER dop: 1/64)", "Parent Relationship": "Outer", "Startup Cost": 254993.46, "Total Cost": 254993.47, "Plan Rows": 1, "Plan Width": 43, "Plans": [{"Node Type": "Aggregate", "Strategy": "Hashed", "Parent Relationship": "Outer", "Startup Cost": 254993.46, "Total Cost": 254993.46, "Plan Rows": 1, "Plan Width": 43, "Group By Key": ["lineitem.l_shipmode"], "Plans": [{"Node Type": "Streaming(type: LOCAL REDISTRIBUTE dop: 64/64)", "Parent Relationship": "Outer", "Startup Cost": 254993.44, "Total Cost": 254993.46, "Plan Rows": 1, "Plan Width": 43, "Plans": [{"Node Type": "Aggregate", "Strategy": "Hashed", "Parent Relationship": "Outer", "Startup Cost": 254993.44, "Total Cost": 254993.44, "Plan Rows": 1, "Plan Width": 43, "Group By Key": ["lineitem.l_shipmode"], "Plans": [{"Node Type": "Hash Join", "Parent Relationship": "Outer", "Join Type": "Inner", "Startup Cost": 72593.55, "Total Cost": 254912.89, "Plan Rows": 294584, "Plan Width": 27, "Inner Unique": true, "Hash Cond": "(lineitem.l_orderkey = orders.o_orderkey), (LLVM Optimized)", "Plans": [{"Node Type": "Streaming(type: BROADCAST dop: 64/64)", "Parent Relationship": "Outer", "Startup Cost": 1.25, "Total Cost": 181169.87, "Plan Rows": 18853376, "Plan Width": 19, "Plans": [{"Node Type": "Seq Scan", "Parent Relationship": "Outer", "Relation Name": "lineitem", "Alias": "lineitem", "Startup Cost": 1.25, "Total Cost": 106202.39, "Plan Rows": 294584, "Plan Width": 19, "Filter": "((l_shipmode = ANY ('{RAIL,FOB}'::bpchar[])) AND (l_commitdate < l_receiptdate) AND (l_shipdate < l_commitdate) AND (l_receiptdate >= '1997-01-01 00:00:00'::timestamp(0) without time zone) AND (l_receiptdate < '1998-01-01 00:00:00'::timestamp without time zone)), (LLVM Optimized)"}]}, {"Node Type": "Hash", "Parent Relationship": "Inner", "Startup Cost": 69662.72, "Total Cost": 69662.72, "Plan Rows": 14999479, "Plan Width": 24, "Plans": [{"Node Type": "Seq Scan", "Parent Relationship": "Outer", "Relation Name": "orders", "Alias": "orders", "Startup Cost": 0.0, "Total Cost": 69662.72, "Plan Rows": 14999479, "Plan Width": 24}]}]}]}]}]}]}]}, "Unique SQL Id": 2036526415, "Planner Runtime": 0}, "explain_analyze_plan": {"Plan": {"Node Type": "Sort", "Startup Cost": 254993.48, "Total Cost": 254993.48, "Plan Rows": 1, "Plan Width": 43, "Actual Min Startup Time": 1935.075, "Actual Max Startup Time": 1935.075, "Actual Min Total Time": 1935.075, "Actual Max Total Time": 1935.075, "Sort Key": ["lineitem.l_shipmode"], "Sort Method": "quicksort", "Sort Space Min Used": 25, "Sort Space Max Used": 25, "Sort Space Type": "Memory", "Plans": [{"Node Type": "Streaming(type: LOCAL GATHER dop: 1/64)", "Parent Relationship": "Outer", "Startup Cost": 254993.46, "Total Cost": 254993.47, "Plan Rows": 1, "Plan Width": 43, "Actual Min Startup Time": 1934.423, "Actual Max Startup Time": 1934.423, "Actual Min Total Time": 1935.017, "Actual Max Total Time": 1935.017, "Plans": [{"Node Type": "Aggregate", "Strategy": "Hashed", "Parent Relationship": "Outer", "Startup Cost": 254993.46, "Total Cost": 254993.46, "Plan Rows": 1, "Plan Width": 43, "Actual Min Startup Time": 1418.405, "Actual Max Startup Time": 1631.823, "Actual Min Total Time": 1418.405, "Actual Max Total Time": 1631.823, "Group By Key": ["lineitem.l_shipmode"], "Plans": [{"Node Type": "Streaming(type: LOCAL REDISTRIBUTE dop: 64/64)", "Parent Relationship": "Outer", "Startup Cost": 254993.44, "Total Cost": 254993.46, "Plan Rows": 1, "Plan Width": 43, "Actual Min Startup Time": 1418.4, "Actual Max Startup Time": 1631.817, "Actual Min Total Time": 1418.4, "Actual Max Total Time": 1631.817, "Plans": [{"Node Type": "Aggregate", "Strategy": "Hashed", "Parent Relationship": "Outer", "Startup Cost": 254993.44, "Total Cost": 254993.44, "Plan Rows": 1, "Plan Width": 43, "Actual Min Startup Time": 1257.951, "Actual Max Startup Time": 1629.84, "Actual Min Total Time": 1257.953, "Actual Max Total Time": 1629.841, "Group By Key": ["lineitem.l_shipmode"], "Plans": [{"Node Type": "Hash Join", "Parent Relationship": "Outer", "Join Type": "Inner", "Startup Cost": 72593.55, "Total Cost": 254912.89, "Plan Rows": 294584, "Plan Width": 27, "Actual Min Startup Time": 159.028, "Actual Max Startup Time": 220.727, "Actual Min Total Time": 1247.646, "Actual Max Total Time": 1619.563, "Inner Unique": true, "Hash Cond": "(lineitem.l_orderkey = orders.o_orderkey), (LLVM Optimized, Jit Execute)", "Plans": [{"Node Type": "Streaming(type: BROADCAST dop: 64/64)", "Parent Relationship": "Outer", "Startup Cost": 1.25, "Total Cost": 181169.87, "Plan Rows": 18853376, "Plan Width": 19, "Actual Min Startup Time": 0.125, "Actual Max Startup Time": 5.992, "Actual Min Total Time": 890.773, "Actual Max Total Time": 1326.018, "Plans": [{"Node Type": "Seq Scan", "Parent Relationship": "Outer", "Relation Name": "lineitem", "Alias": "lineitem", "Startup Cost": 1.25, "Total Cost": 106202.39, "Plan Rows": 294584, "Plan Width": 19, "Actual Min Startup Time": 0.038, "Actual Max Startup Time": 0.562, "Actual Min Total Time": 416.333, "Actual Max Total Time": 639.464, "Filter": "((l_shipmode = ANY ('{RAIL,FOB}'::bpchar[])) AND (l_commitdate < l_receiptdate) AND (l_shipdate < l_commitdate) AND (l_receiptdate >= '1997-01-01 00:00:00'::timestamp(0) without time zone) AND (l_receiptdate < '1998-01-01 00:00:00'::timestamp without time zone)), (LLVM Optimized, Jit Execute)", "Rows Removed by Filter": 59674804, "Actual Rows": 311248}], "Actual Rows": 19919872}, {"Node Type": "Hash", "Parent Relationship": "Inner", "Startup Cost": 69662.72, "Total Cost": 69662.72, "Plan Rows": 14999479, "Plan Width": 24, "Actual Min Startup Time": 157.218, "Actual Max Startup Time": 215.078, "Actual Min Total Time": 157.218, "Actual Max Total Time": 215.078, "Max Hash Buckets": 262144, "Min Hash Buckets": 262144, "Max Hash Batches": 1, "Min Hash Batches": 1, "Max Original Hash Batches": 1, "Min Original Hash Batches": 1, "Max Peak Memory Usage": 13059, "min Peak Memory Usage": 13059, "Plans": [{"Node Type": "Seq Scan", "Parent Relationship": "Outer", "Relation Name": "orders", "Alias": "orders", "Startup Cost": 0.0, "Total Cost": 69662.72, "Plan Rows": 14999479, "Plan Width": 24, "Actual Min Startup Time": 0.019, "Actual Max Startup Time": 0.73, "Actual Min Total Time": 85.457, "Actual Max Total Time": 91.485, "Actual Rows": 15000000}], "Actual Rows": 15000000}], "Actual Rows": 311248}], "Actual Rows": 128}], "Actual Rows": 128}], "Actual Rows": 2}], "Actual Rows": 2}], "Actual Rows": 2}, "Triggers": [], "Planner Runtime": 1.224, "Total Runtime": 1987.985, "Unique SQL Id": 2036526415}}, "(64, '69')": {"explain_plan": {"Plan": {"Node Type": "Sort", "Startup Cost": 3449828.29, "Total Cost": 3449828.29, "Plan Rows": 1, "Plan Width": 43, "Sort Key": ["lineitem.l_shipmode"], "Plans": [{"Node Type": "Streaming(type: LOCAL GATHER dop: 1/64)", "Parent Relationship": "Outer", "Startup Cost": 3449828.27, "Total Cost": 3449828.28, "Plan Rows": 1, "Plan Width": 43, "Plans": [{"Node Type": "Aggregate", "Strategy": "Hashed", "Parent Relationship": "Outer", "Startup Cost": 3449828.27, "Total Cost": 3449828.27, "Plan Rows": 1, "Plan Width": 43, "Group By Key": ["lineitem.l_shipmode"], "Plans": [{"Node Type": "Streaming(type: LOCAL REDISTRIBUTE dop: 64/64)", "Parent Relationship": "Outer", "Startup Cost": 3449828.25, "Total Cost": 3449828.27, "Plan Rows": 1, "Plan Width": 43, "Plans": [{"Node Type": "Aggregate", "Strategy": "Hashed", "Parent Relationship": "Outer", "Startup Cost": 3449828.25, "Total Cost": 3449828.25, "Plan Rows": 1, "Plan Width": 43, "Group By Key": ["lineitem.l_shipmode"], "Plans": [{"Node Type": "Hash Join", "Parent Relationship": "Outer", "Join Type": "Inner", "Startup Cost": 649256.9, "Total Cost": 3449747.7, "Plan Rows": 294584, "Plan Width": 27, "Inner Unique": true, "Hash Cond": "(lineitem.l_orderkey = orders.o_orderkey), (LLVM Optimized)", "Plans": [{"Node Type": "Streaming(type: BROADCAST dop: 64/64)", "Parent Relationship": "Outer", "Startup Cost": 0.0, "Total Cost": 2799340.08, "Plan Rows": 18853376, "Plan Width": 19, "Plans": [{"Node Type": "Index Scan", "Parent Relationship": "Outer", "Scan Direction": "Forward", "Index Name": "idx_lineitem_orderkey", "Relation Name": "lineitem", "Alias": "lineitem", "Startup Cost": 0.0, "Total Cost": 2724372.61, "Plan Rows": 294584, "Plan Width": 19, "Filter": "((l_shipmode = ANY ('{RAIL,FOB}'::bpchar[])) AND (l_commitdate < l_receiptdate) AND (l_shipdate < l_commitdate) AND (l_receiptdate >= '1997-01-01 00:00:00'::timestamp(0) without time zone) AND (l_receiptdate < '1998-01-01 00:00:00'::timestamp without time zone)), (LLVM Optimized)"}]}, {"Node Type": "Hash", "Parent Relationship": "Inner", "Startup Cost": 646327.31, "Total Cost": 646327.31, "Plan Rows": 14999479, "Plan Width": 24, "Plans": [{"Node Type": "Index Scan", "Parent Relationship": "Outer", "Scan Direction": "Forward", "Index Name": "orders_pkey", "Relation Name": "orders", "Alias": "orders", "Startup Cost": 0.0, "Total Cost": 646327.31, "Plan Rows": 14999479, "Plan Width": 24}]}]}]}]}]}]}]}, "Unique SQL Id": 2036526415, "Planner Runtime": 1}, "explain_analyze_plan": {"Plan": {"Node Type": "Sort", "Startup Cost": 3449828.29, "Total Cost": 3449828.29, "Plan Rows": 1, "Plan Width": 43, "Actual Min Startup Time": 4746.649, "Actual Max Startup Time": 4746.649, "Actual Min Total Time": 4746.649, "Actual Max Total Time": 4746.649, "Sort Key": ["lineitem.l_shipmode"], "Sort Method": "quicksort", "Sort Space Min Used": 25, "Sort Space Max Used": 25, "Sort Space Type": "Memory", "Plans": [{"Node Type": "Streaming(type: LOCAL GATHER dop: 1/64)", "Parent Relationship": "Outer", "Startup Cost": 3449828.27, "Total Cost": 3449828.28, "Plan Rows": 1, "Plan Width": 43, "Actual Min Startup Time": 4744.896, "Actual Max Startup Time": 4744.896, "Actual Min Total Time": 4746.577, "Actual Max Total Time": 4746.577, "Plans": [{"Node Type": "Aggregate", "Strategy": "Hashed", "Parent Relationship": "Outer", "Startup Cost": 3449828.27, "Total Cost": 3449828.27, "Plan Rows": 1, "Plan Width": 43, "Actual Min Startup Time": 4274.293, "Actual Max Startup Time": 4398.228, "Actual Min Total Time": 4274.293, "Actual Max Total Time": 4398.228, "Group By Key": ["lineitem.l_shipmode"], "Plans": [{"Node Type": "Streaming(type: LOCAL REDISTRIBUTE dop: 64/64)", "Parent Relationship": "Outer", "Startup Cost": 3449828.25, "Total Cost": 3449828.27, "Plan Rows": 1, "Plan Width": 43, "Actual Min Startup Time": 4274.284, "Actual Max Startup Time": 4398.22, "Actual Min Total Time": 4274.284, "Actual Max Total Time": 4398.22, "Plans": [{"Node Type": "Aggregate", "Strategy": "Hashed", "Parent Relationship": "Outer", "Startup Cost": 3449828.25, "Total Cost": 3449828.25, "Plan Rows": 1, "Plan Width": 43, "Actual Min Startup Time": 4092.61, "Actual Max Startup Time": 4483.277, "Actual Min Total Time": 4092.611, "Actual Max Total Time": 4483.278, "Group By Key": ["lineitem.l_shipmode"], "Plans": [{"Node Type": "Hash Join", "Parent Relationship": "Outer", "Join Type": "Inner", "Startup Cost": 649256.9, "Total Cost": 3449747.7, "Plan Rows": 294584, "Plan Width": 27, "Actual Min Startup Time": 2670.617, "Actual Max Startup Time": 3066.906, "Actual Min Total Time": 4081.58, "Actual Max Total Time": 4475.509, "Inner Unique": true, "Hash Cond": "(lineitem.l_orderkey = orders.o_orderkey), (LLVM Optimized, Jit Execute)", "Plans": [{"Node Type": "Streaming(type: BROADCAST dop: 64/64)", "Parent Relationship": "Outer", "Startup Cost": 0.0, "Total Cost": 2799340.08, "Plan Rows": 18853376, "Plan Width": 19, "Actual Min Startup Time": 1575.849, "Actual Max Startup Time": 1619.999, "Actual Min Total Time": 2810.256, "Actual Max Total Time": 2910.921, "Plans": [{"Node Type": "Index Scan", "Parent Relationship": "Outer", "Scan Direction": "Forward", "Index Name": "idx_lineitem_orderkey", "Relation Name": "lineitem", "Alias": "lineitem", "Startup Cost": 0.0, "Total Cost": 2724372.61, "Plan Rows": 294584, "Plan Width": 19, "Actual Min Startup Time": 2652.522, "Actual Max Startup Time": 3055.949, "Actual Min Total Time": 3622.531, "Actual Max Total Time": 3851.498, "Filter": "((l_shipmode = ANY ('{RAIL,FOB}'::bpchar[])) AND (l_commitdate < l_receiptdate) AND (l_shipdate < l_commitdate) AND (l_receiptdate >= '1997-01-01 00:00:00'::timestamp(0) without time zone) AND (l_receiptdate < '1998-01-01 00:00:00'::timestamp without time zone)), (LLVM Optimized, Jit Execute)", "Rows Removed by Filter": 59674804, "Actual Rows": 311248}], "Actual Rows": 19919872}, {"Node Type": "Hash", "Parent Relationship": "Inner", "Startup Cost": 646327.31, "Total Cost": 646327.31, "Plan Rows": 14999479, "Plan Width": 24, "Actual Min Startup Time": 1054.367, "Actual Max Startup Time": 1451.859, "Actual Min Total Time": 1054.367, "Actual Max Total Time": 1451.859, "Max Hash Buckets": 262144, "Min Hash Buckets": 262144, "Max Hash Batches": 1, "Min Hash Batches": 1, "Max Original Hash Batches": 1, "Min Original Hash Batches": 1, "Max Peak Memory Usage": 12827, "min Peak Memory Usage": 12827, "Plans": [{"Node Type": "Index Scan", "Parent Relationship": "Outer", "Scan Direction": "Forward", "Index Name": "orders_pkey", "Relation Name": "orders", "Alias": "orders", "Startup Cost": 0.0, "Total Cost": 646327.31, "Plan Rows": 14999479, "Plan Width": 24, "Actual Min Startup Time": 790.395, "Actual Max Startup Time": 1182.717, "Actual Min Total Time": 972.997, "Actual Max Total Time": 1366.525, "Actual Rows": 15000000}], "Actual Rows": 15000000}], "Actual Rows": 311248}], "Actual Rows": 128}], "Actual Rows": 128}], "Actual Rows": 2}], "Actual Rows": 2}], "Actual Rows": 2}, "Triggers": [], "Planner Runtime": 1.363, "Total Runtime": 4801.516, "Unique SQL Id": 2036526415}}, "(64, '70')": {"explain_plan": {"Plan": {"Node Type": "Sort", "Startup Cost": 254993.48, "Total Cost": 254993.48, "Plan Rows": 1, "Plan Width": 43, "Sort Key": ["lineitem.l_shipmode"], "Plans": [{"Node Type": "Streaming(type: LOCAL GATHER dop: 1/64)", "Parent Relationship": "Outer", "Startup Cost": 254993.46, "Total Cost": 254993.47, "Plan Rows": 1, "Plan Width": 43, "Plans": [{"Node Type": "Aggregate", "Strategy": "Hashed", "Parent Relationship": "Outer", "Startup Cost": 254993.46, "Total Cost": 254993.46, "Plan Rows": 1, "Plan Width": 43, "Group By Key": ["lineitem.l_shipmode"], "Plans": [{"Node Type": "Streaming(type: LOCAL REDISTRIBUTE dop: 64/64)", "Parent Relationship": "Outer", "Startup Cost": 254993.44, "Total Cost": 254993.46, "Plan Rows": 1, "Plan Width": 43, "Plans": [{"Node Type": "Aggregate", "Strategy": "Hashed", "Parent Relationship": "Outer", "Startup Cost": 254993.44, "Total Cost": 254993.44, "Plan Rows": 1, "Plan Width": 43, "Group By Key": ["lineitem.l_shipmode"], "Plans": [{"Node Type": "Hash Join", "Parent Relationship": "Outer", "Join Type": "Inner", "Startup Cost": 72593.55, "Total Cost": 254912.89, "Plan Rows": 294584, "Plan Width": 27, "Inner Unique": true, "Hash Cond": "(lineitem.l_orderkey = orders.o_orderkey), (LLVM Optimized)", "Plans": [{"Node Type": "Streaming(type: BROADCAST dop: 64/64)", "Parent Relationship": "Outer", "Startup Cost": 1.25, "Total Cost": 181169.87, "Plan Rows": 18853376, "Plan Width": 19, "Plans": [{"Node Type": "Seq Scan", "Parent Relationship": "Outer", "Relation Name": "lineitem", "Alias": "lineitem", "Startup Cost": 1.25, "Total Cost": 106202.39, "Plan Rows": 294584, "Plan Width": 19, "Filter": "((l_shipmode = ANY ('{RAIL,FOB}'::bpchar[])) AND (l_commitdate < l_receiptdate) AND (l_shipdate < l_commitdate) AND (l_receiptdate >= '1997-01-01 00:00:00'::timestamp(0) without time zone) AND (l_receiptdate < '1998-01-01 00:00:00'::timestamp without time zone)), (LLVM Optimized)"}]}, {"Node Type": "Hash", "Parent Relationship": "Inner", "Startup Cost": 69662.72, "Total Cost": 69662.72, "Plan Rows": 14999479, "Plan Width": 24, "Plans": [{"Node Type": "Seq Scan", "Parent Relationship": "Outer", "Relation Name": "orders", "Alias": "orders", "Startup Cost": 0.0, "Total Cost": 69662.72, "Plan Rows": 14999479, "Plan Width": 24}]}]}]}]}]}]}]}, "Unique SQL Id": 2036526415, "Planner Runtime": 1}, "explain_analyze_plan": {"Plan": {"Node Type": "Sort", "Startup Cost": 254993.48, "Total Cost": 254993.48, "Plan Rows": 1, "Plan Width": 43, "Actual Min Startup Time": 1935.075, "Actual Max Startup Time": 1935.075, "Actual Min Total Time": 1935.075, "Actual Max Total Time": 1935.075, "Sort Key": ["lineitem.l_shipmode"], "Sort Method": "quicksort", "Sort Space Min Used": 25, "Sort Space Max Used": 25, "Sort Space Type": "Memory", "Plans": [{"Node Type": "Streaming(type: LOCAL GATHER dop: 1/64)", "Parent Relationship": "Outer", "Startup Cost": 254993.46, "Total Cost": 254993.47, "Plan Rows": 1, "Plan Width": 43, "Actual Min Startup Time": 1934.423, "Actual Max Startup Time": 1934.423, "Actual Min Total Time": 1935.017, "Actual Max Total Time": 1935.017, "Plans": [{"Node Type": "Aggregate", "Strategy": "Hashed", "Parent Relationship": "Outer", "Startup Cost": 254993.46, "Total Cost": 254993.46, "Plan Rows": 1, "Plan Width": 43, "Actual Min Startup Time": 1418.405, "Actual Max Startup Time": 1631.823, "Actual Min Total Time": 1418.405, "Actual Max Total Time": 1631.823, "Group By Key": ["lineitem.l_shipmode"], "Plans": [{"Node Type": "Streaming(type: LOCAL REDISTRIBUTE dop: 64/64)", "Parent Relationship": "Outer", "Startup Cost": 254993.44, "Total Cost": 254993.46, "Plan Rows": 1, "Plan Width": 43, "Actual Min Startup Time": 1418.4, "Actual Max Startup Time": 1631.817, "Actual Min Total Time": 1418.4, "Actual Max Total Time": 1631.817, "Plans": [{"Node Type": "Aggregate", "Strategy": "Hashed", "Parent Relationship": "Outer", "Startup Cost": 254993.44, "Total Cost": 254993.44, "Plan Rows": 1, "Plan Width": 43, "Actual Min Startup Time": 1257.951, "Actual Max Startup Time": 1629.84, "Actual Min Total Time": 1257.953, "Actual Max Total Time": 1629.841, "Group By Key": ["lineitem.l_shipmode"], "Plans": [{"Node Type": "Hash Join", "Parent Relationship": "Outer", "Join Type": "Inner", "Startup Cost": 72593.55, "Total Cost": 254912.89, "Plan Rows": 294584, "Plan Width": 27, "Actual Min Startup Time": 159.028, "Actual Max Startup Time": 220.727, "Actual Min Total Time": 1247.646, "Actual Max Total Time": 1619.563, "Inner Unique": true, "Hash Cond": "(lineitem.l_orderkey = orders.o_orderkey), (LLVM Optimized, Jit Execute)", "Plans": [{"Node Type": "Streaming(type: BROADCAST dop: 64/64)", "Parent Relationship": "Outer", "Startup Cost": 1.25, "Total Cost": 181169.87, "Plan Rows": 18853376, "Plan Width": 19, "Actual Min Startup Time": 0.125, "Actual Max Startup Time": 5.992, "Actual Min Total Time": 890.773, "Actual Max Total Time": 1326.018, "Plans": [{"Node Type": "Seq Scan", "Parent Relationship": "Outer", "Relation Name": "lineitem", "Alias": "lineitem", "Startup Cost": 1.25, "Total Cost": 106202.39, "Plan Rows": 294584, "Plan Width": 19, "Actual Min Startup Time": 0.038, "Actual Max Startup Time": 0.562, "Actual Min Total Time": 416.333, "Actual Max Total Time": 639.464, "Filter": "((l_shipmode = ANY ('{RAIL,FOB}'::bpchar[])) AND (l_commitdate < l_receiptdate) AND (l_shipdate < l_commitdate) AND (l_receiptdate >= '1997-01-01 00:00:00'::timestamp(0) without time zone) AND (l_receiptdate < '1998-01-01 00:00:00'::timestamp without time zone)), (LLVM Optimized, Jit Execute)", "Rows Removed by Filter": 59674804, "Actual Rows": 311248}], "Actual Rows": 19919872}, {"Node Type": "Hash", "Parent Relationship": "Inner", "Startup Cost": 69662.72, "Total Cost": 69662.72, "Plan Rows": 14999479, "Plan Width": 24, "Actual Min Startup Time": 157.218, "Actual Max Startup Time": 215.078, "Actual Min Total Time": 157.218, "Actual Max Total Time": 215.078, "Max Hash Buckets": 262144, "Min Hash Buckets": 262144, "Max Hash Batches": 1, "Min Hash Batches": 1, "Max Original Hash Batches": 1, "Min Original Hash Batches": 1, "Max Peak Memory Usage": 13059, "min Peak Memory Usage": 13059, "Plans": [{"Node Type": "Seq Scan", "Parent Relationship": "Outer", "Relation Name": "orders", "Alias": "orders", "Startup Cost": 0.0, "Total Cost": 69662.72, "Plan Rows": 14999479, "Plan Width": 24, "Actual Min Startup Time": 0.019, "Actual Max Startup Time": 0.73, "Actual Min Total Time": 85.457, "Actual Max Total Time": 91.485, "Actual Rows": 15000000}], "Actual Rows": 15000000}], "Actual Rows": 311248}], "Actual Rows": 128}], "Actual Rows": 128}], "Actual Rows": 2}], "Actual Rows": 2}], "Actual Rows": 2}, "Triggers": [], "Planner Runtime": 1.224, "Total Runtime": 1987.985, "Unique SQL Id": 2036526415}}, "(64, '71')": {"explain_plan": {"Plan": {"Node Type": "Sort", "Startup Cost": 4921486.87, "Total Cost": 4921486.87, "Plan Rows": 1, "Plan Width": 43, "Sort Key": ["lineitem.l_shipmode"], "Plans": [{"Node Type": "Aggregate", "Strategy": "Hashed", "Parent Relationship": "Outer", "Startup Cost": 4921486.85, "Total Cost": 4921486.86, "Plan Rows": 1, "Plan Width": 43, "Group By Key": ["lineitem.l_shipmode"], "Plans": [{"Node Type": "Hash Join", "Parent Relationship": "Outer", "Join Type": "Inner", "Startup Cost": 2147327.85, "Total Cost": 4916331.63, "Plan Rows": 294584, "Plan Width": 27, "Inner Unique": true, "Hash Cond": "(lineitem.l_orderkey = orders.o_orderkey), (LLVM Optimized)", "Plans": [{"Node Type": "Bitmap Heap Scan", "Parent Relationship": "Outer", "Relation Name": "lineitem", "Alias": "lineitem", "Startup Cost": 1225109.06, "Total Cost": 3990062.3, "Plan Rows": 294584, "Plan Width": 19, "Filter": "((l_shipmode = ANY ('{RAIL,FOB}'::bpchar[])) AND (l_commitdate < l_receiptdate) AND (l_shipdate < l_commitdate) AND (l_receiptdate >= '1997-01-01 00:00:00'::timestamp(0) without time zone) AND (l_receiptdate < '1998-01-01 00:00:00'::timestamp without time zone)), (LLVM Optimized)", "Plans": [{"Node Type": "Bitmap Index Scan", "Parent Relationship": "Outer", "Index Name": "idx_lineitem_orderkey", "Startup Cost": 0.0, "Total Cost": 1225035.42, "Plan Rows": 59987033, "Plan Width": 0}]}, {"Node Type": "Hash", "Parent Relationship": "Inner", "Startup Cost": 734725.3, "Total Cost": 734725.3, "Plan Rows": 14999479, "Plan Width": 24, "Plans": [{"Node Type": "Bitmap Heap Scan", "Parent Relationship": "Outer", "Relation Name": "orders", "Alias": "orders", "Startup Cost": 308311.51, "Total Cost": 734725.3, "Plan Rows": 14999479, "Plan Width": 24, "Plans": [{"Node Type": "Bitmap Index Scan", "Parent Relationship": "Outer", "Index Name": "orders_pkey", "Startup Cost": 0.0, "Total Cost": 304561.65, "Plan Rows": 14999479, "Plan Width": 0}]}]}]}]}]}, "Unique SQL Id": 2036526415, "Planner Runtime": 0}, "explain_analyze_plan": null}, "(64, '72')": {"explain_plan": {"Plan": {"Node Type": "Sort", "Startup Cost": 254993.48, "Total Cost": 254993.48, "Plan Rows": 1, "Plan Width": 43, "Sort Key": ["lineitem.l_shipmode"], "Plans": [{"Node Type": "Streaming(type: LOCAL GATHER dop: 1/64)", "Parent Relationship": "Outer", "Startup Cost": 254993.46, "Total Cost": 254993.47, "Plan Rows": 1, "Plan Width": 43, "Plans": [{"Node Type": "Aggregate", "Strategy": "Hashed", "Parent Relationship": "Outer", "Startup Cost": 254993.46, "Total Cost": 254993.46, "Plan Rows": 1, "Plan Width": 43, "Group By Key": ["lineitem.l_shipmode"], "Plans": [{"Node Type": "Streaming(type: LOCAL REDISTRIBUTE dop: 64/64)", "Parent Relationship": "Outer", "Startup Cost": 254993.44, "Total Cost": 254993.46, "Plan Rows": 1, "Plan Width": 43, "Plans": [{"Node Type": "Aggregate", "Strategy": "Hashed", "Parent Relationship": "Outer", "Startup Cost": 254993.44, "Total Cost": 254993.44, "Plan Rows": 1, "Plan Width": 43, "Group By Key": ["lineitem.l_shipmode"], "Plans": [{"Node Type": "Hash Join", "Parent Relationship": "Outer", "Join Type": "Inner", "Startup Cost": 72593.55, "Total Cost": 254912.89, "Plan Rows": 294584, "Plan Width": 27, "Inner Unique": true, "Hash Cond": "(lineitem.l_orderkey = orders.o_orderkey), (LLVM Optimized)", "Plans": [{"Node Type": "Streaming(type: BROADCAST dop: 64/64)", "Parent Relationship": "Outer", "Startup Cost": 1.25, "Total Cost": 181169.87, "Plan Rows": 18853376, "Plan Width": 19, "Plans": [{"Node Type": "Seq Scan", "Parent Relationship": "Outer", "Relation Name": "lineitem", "Alias": "lineitem", "Startup Cost": 1.25, "Total Cost": 106202.39, "Plan Rows": 294584, "Plan Width": 19, "Filter": "((l_shipmode = ANY ('{RAIL,FOB}'::bpchar[])) AND (l_commitdate < l_receiptdate) AND (l_shipdate < l_commitdate) AND (l_receiptdate >= '1997-01-01 00:00:00'::timestamp(0) without time zone) AND (l_receiptdate < '1998-01-01 00:00:00'::timestamp without time zone)), (LLVM Optimized)"}]}, {"Node Type": "Hash", "Parent Relationship": "Inner", "Startup Cost": 69662.72, "Total Cost": 69662.72, "Plan Rows": 14999479, "Plan Width": 24, "Plans": [{"Node Type": "Seq Scan", "Parent Relationship": "Outer", "Relation Name": "orders", "Alias": "orders", "Startup Cost": 0.0, "Total Cost": 69662.72, "Plan Rows": 14999479, "Plan Width": 24}]}]}]}]}]}]}]}, "Unique SQL Id": 2036526415, "Planner Runtime": 0}, "explain_analyze_plan": {"Plan": {"Node Type": "Sort", "Startup Cost": 254993.48, "Total Cost": 254993.48, "Plan Rows": 1, "Plan Width": 43, "Actual Min Startup Time": 1935.075, "Actual Max Startup Time": 1935.075, "Actual Min Total Time": 1935.075, "Actual Max Total Time": 1935.075, "Sort Key": ["lineitem.l_shipmode"], "Sort Method": "quicksort", "Sort Space Min Used": 25, "Sort Space Max Used": 25, "Sort Space Type": "Memory", "Plans": [{"Node Type": "Streaming(type: LOCAL GATHER dop: 1/64)", "Parent Relationship": "Outer", "Startup Cost": 254993.46, "Total Cost": 254993.47, "Plan Rows": 1, "Plan Width": 43, "Actual Min Startup Time": 1934.423, "Actual Max Startup Time": 1934.423, "Actual Min Total Time": 1935.017, "Actual Max Total Time": 1935.017, "Plans": [{"Node Type": "Aggregate", "Strategy": "Hashed", "Parent Relationship": "Outer", "Startup Cost": 254993.46, "Total Cost": 254993.46, "Plan Rows": 1, "Plan Width": 43, "Actual Min Startup Time": 1418.405, "Actual Max Startup Time": 1631.823, "Actual Min Total Time": 1418.405, "Actual Max Total Time": 1631.823, "Group By Key": ["lineitem.l_shipmode"], "Plans": [{"Node Type": "Streaming(type: LOCAL REDISTRIBUTE dop: 64/64)", "Parent Relationship": "Outer", "Startup Cost": 254993.44, "Total Cost": 254993.46, "Plan Rows": 1, "Plan Width": 43, "Actual Min Startup Time": 1418.4, "Actual Max Startup Time": 1631.817, "Actual Min Total Time": 1418.4, "Actual Max Total Time": 1631.817, "Plans": [{"Node Type": "Aggregate", "Strategy": "Hashed", "Parent Relationship": "Outer", "Startup Cost": 254993.44, "Total Cost": 254993.44, "Plan Rows": 1, "Plan Width": 43, "Actual Min Startup Time": 1257.951, "Actual Max Startup Time": 1629.84, "Actual Min Total Time": 1257.953, "Actual Max Total Time": 1629.841, "Group By Key": ["lineitem.l_shipmode"], "Plans": [{"Node Type": "Hash Join", "Parent Relationship": "Outer", "Join Type": "Inner", "Startup Cost": 72593.55, "Total Cost": 254912.89, "Plan Rows": 294584, "Plan Width": 27, "Actual Min Startup Time": 159.028, "Actual Max Startup Time": 220.727, "Actual Min Total Time": 1247.646, "Actual Max Total Time": 1619.563, "Inner Unique": true, "Hash Cond": "(lineitem.l_orderkey = orders.o_orderkey), (LLVM Optimized, Jit Execute)", "Plans": [{"Node Type": "Streaming(type: BROADCAST dop: 64/64)", "Parent Relationship": "Outer", "Startup Cost": 1.25, "Total Cost": 181169.87, "Plan Rows": 18853376, "Plan Width": 19, "Actual Min Startup Time": 0.125, "Actual Max Startup Time": 5.992, "Actual Min Total Time": 890.773, "Actual Max Total Time": 1326.018, "Plans": [{"Node Type": "Seq Scan", "Parent Relationship": "Outer", "Relation Name": "lineitem", "Alias": "lineitem", "Startup Cost": 1.25, "Total Cost": 106202.39, "Plan Rows": 294584, "Plan Width": 19, "Actual Min Startup Time": 0.038, "Actual Max Startup Time": 0.562, "Actual Min Total Time": 416.333, "Actual Max Total Time": 639.464, "Filter": "((l_shipmode = ANY ('{RAIL,FOB}'::bpchar[])) AND (l_commitdate < l_receiptdate) AND (l_shipdate < l_commitdate) AND (l_receiptdate >= '1997-01-01 00:00:00'::timestamp(0) without time zone) AND (l_receiptdate < '1998-01-01 00:00:00'::timestamp without time zone)), (LLVM Optimized, Jit Execute)", "Rows Removed by Filter": 59674804, "Actual Rows": 311248}], "Actual Rows": 19919872}, {"Node Type": "Hash", "Parent Relationship": "Inner", "Startup Cost": 69662.72, "Total Cost": 69662.72, "Plan Rows": 14999479, "Plan Width": 24, "Actual Min Startup Time": 157.218, "Actual Max Startup Time": 215.078, "Actual Min Total Time": 157.218, "Actual Max Total Time": 215.078, "Max Hash Buckets": 262144, "Min Hash Buckets": 262144, "Max Hash Batches": 1, "Min Hash Batches": 1, "Max Original Hash Batches": 1, "Min Original Hash Batches": 1, "Max Peak Memory Usage": 13059, "min Peak Memory Usage": 13059, "Plans": [{"Node Type": "Seq Scan", "Parent Relationship": "Outer", "Relation Name": "orders", "Alias": "orders", "Startup Cost": 0.0, "Total Cost": 69662.72, "Plan Rows": 14999479, "Plan Width": 24, "Actual Min Startup Time": 0.019, "Actual Max Startup Time": 0.73, "Actual Min Total Time": 85.457, "Actual Max Total Time": 91.485, "Actual Rows": 15000000}], "Actual Rows": 15000000}], "Actual Rows": 311248}], "Actual Rows": 128}], "Actual Rows": 128}], "Actual Rows": 2}], "Actual Rows": 2}], "Actual Rows": 2}, "Triggers": [], "Planner Runtime": 1.224, "Total Runtime": 1987.985, "Unique SQL Id": 2036526415}}, "(64, '73')": {"explain_plan": {"Plan": {"Node Type": "Sort", "Startup Cost": 3449828.29, "Total Cost": 3449828.29, "Plan Rows": 1, "Plan Width": 43, "Sort Key": ["lineitem.l_shipmode"], "Plans": [{"Node Type": "Streaming(type: LOCAL GATHER dop: 1/64)", "Parent Relationship": "Outer", "Startup Cost": 3449828.27, "Total Cost": 3449828.28, "Plan Rows": 1, "Plan Width": 43, "Plans": [{"Node Type": "Aggregate", "Strategy": "Hashed", "Parent Relationship": "Outer", "Startup Cost": 3449828.27, "Total Cost": 3449828.27, "Plan Rows": 1, "Plan Width": 43, "Group By Key": ["lineitem.l_shipmode"], "Plans": [{"Node Type": "Streaming(type: LOCAL REDISTRIBUTE dop: 64/64)", "Parent Relationship": "Outer", "Startup Cost": 3449828.25, "Total Cost": 3449828.27, "Plan Rows": 1, "Plan Width": 43, "Plans": [{"Node Type": "Aggregate", "Strategy": "Hashed", "Parent Relationship": "Outer", "Startup Cost": 3449828.25, "Total Cost": 3449828.25, "Plan Rows": 1, "Plan Width": 43, "Group By Key": ["lineitem.l_shipmode"], "Plans": [{"Node Type": "Hash Join", "Parent Relationship": "Outer", "Join Type": "Inner", "Startup Cost": 649256.9, "Total Cost": 3449747.7, "Plan Rows": 294584, "Plan Width": 27, "Inner Unique": true, "Hash Cond": "(lineitem.l_orderkey = orders.o_orderkey), (LLVM Optimized)", "Plans": [{"Node Type": "Streaming(type: BROADCAST dop: 64/64)", "Parent Relationship": "Outer", "Startup Cost": 0.0, "Total Cost": 2799340.08, "Plan Rows": 18853376, "Plan Width": 19, "Plans": [{"Node Type": "Index Scan", "Parent Relationship": "Outer", "Scan Direction": "Forward", "Index Name": "idx_lineitem_orderkey", "Relation Name": "lineitem", "Alias": "lineitem", "Startup Cost": 0.0, "Total Cost": 2724372.61, "Plan Rows": 294584, "Plan Width": 19, "Filter": "((l_shipmode = ANY ('{RAIL,FOB}'::bpchar[])) AND (l_commitdate < l_receiptdate) AND (l_shipdate < l_commitdate) AND (l_receiptdate >= '1997-01-01 00:00:00'::timestamp(0) without time zone) AND (l_receiptdate < '1998-01-01 00:00:00'::timestamp without time zone)), (LLVM Optimized)"}]}, {"Node Type": "Hash", "Parent Relationship": "Inner", "Startup Cost": 646327.31, "Total Cost": 646327.31, "Plan Rows": 14999479, "Plan Width": 24, "Plans": [{"Node Type": "Index Scan", "Parent Relationship": "Outer", "Scan Direction": "Forward", "Index Name": "orders_pkey", "Relation Name": "orders", "Alias": "orders", "Startup Cost": 0.0, "Total Cost": 646327.31, "Plan Rows": 14999479, "Plan Width": 24}]}]}]}]}]}]}]}, "Unique SQL Id": 2036526415, "Planner Runtime": 1}, "explain_analyze_plan": {"Plan": {"Node Type": "Sort", "Startup Cost": 3449828.29, "Total Cost": 3449828.29, "Plan Rows": 1, "Plan Width": 43, "Actual Min Startup Time": 4746.649, "Actual Max Startup Time": 4746.649, "Actual Min Total Time": 4746.649, "Actual Max Total Time": 4746.649, "Sort Key": ["lineitem.l_shipmode"], "Sort Method": "quicksort", "Sort Space Min Used": 25, "Sort Space Max Used": 25, "Sort Space Type": "Memory", "Plans": [{"Node Type": "Streaming(type: LOCAL GATHER dop: 1/64)", "Parent Relationship": "Outer", "Startup Cost": 3449828.27, "Total Cost": 3449828.28, "Plan Rows": 1, "Plan Width": 43, "Actual Min Startup Time": 4744.896, "Actual Max Startup Time": 4744.896, "Actual Min Total Time": 4746.577, "Actual Max Total Time": 4746.577, "Plans": [{"Node Type": "Aggregate", "Strategy": "Hashed", "Parent Relationship": "Outer", "Startup Cost": 3449828.27, "Total Cost": 3449828.27, "Plan Rows": 1, "Plan Width": 43, "Actual Min Startup Time": 4274.293, "Actual Max Startup Time": 4398.228, "Actual Min Total Time": 4274.293, "Actual Max Total Time": 4398.228, "Group By Key": ["lineitem.l_shipmode"], "Plans": [{"Node Type": "Streaming(type: LOCAL REDISTRIBUTE dop: 64/64)", "Parent Relationship": "Outer", "Startup Cost": 3449828.25, "Total Cost": 3449828.27, "Plan Rows": 1, "Plan Width": 43, "Actual Min Startup Time": 4274.284, "Actual Max Startup Time": 4398.22, "Actual Min Total Time": 4274.284, "Actual Max Total Time": 4398.22, "Plans": [{"Node Type": "Aggregate", "Strategy": "Hashed", "Parent Relationship": "Outer", "Startup Cost": 3449828.25, "Total Cost": 3449828.25, "Plan Rows": 1, "Plan Width": 43, "Actual Min Startup Time": 4092.61, "Actual Max Startup Time": 4483.277, "Actual Min Total Time": 4092.611, "Actual Max Total Time": 4483.278, "Group By Key": ["lineitem.l_shipmode"], "Plans": [{"Node Type": "Hash Join", "Parent Relationship": "Outer", "Join Type": "Inner", "Startup Cost": 649256.9, "Total Cost": 3449747.7, "Plan Rows": 294584, "Plan Width": 27, "Actual Min Startup Time": 2670.617, "Actual Max Startup Time": 3066.906, "Actual Min Total Time": 4081.58, "Actual Max Total Time": 4475.509, "Inner Unique": true, "Hash Cond": "(lineitem.l_orderkey = orders.o_orderkey), (LLVM Optimized, Jit Execute)", "Plans": [{"Node Type": "Streaming(type: BROADCAST dop: 64/64)", "Parent Relationship": "Outer", "Startup Cost": 0.0, "Total Cost": 2799340.08, "Plan Rows": 18853376, "Plan Width": 19, "Actual Min Startup Time": 1575.849, "Actual Max Startup Time": 1619.999, "Actual Min Total Time": 2810.256, "Actual Max Total Time": 2910.921, "Plans": [{"Node Type": "Index Scan", "Parent Relationship": "Outer", "Scan Direction": "Forward", "Index Name": "idx_lineitem_orderkey", "Relation Name": "lineitem", "Alias": "lineitem", "Startup Cost": 0.0, "Total Cost": 2724372.61, "Plan Rows": 294584, "Plan Width": 19, "Actual Min Startup Time": 2652.522, "Actual Max Startup Time": 3055.949, "Actual Min Total Time": 3622.531, "Actual Max Total Time": 3851.498, "Filter": "((l_shipmode = ANY ('{RAIL,FOB}'::bpchar[])) AND (l_commitdate < l_receiptdate) AND (l_shipdate < l_commitdate) AND (l_receiptdate >= '1997-01-01 00:00:00'::timestamp(0) without time zone) AND (l_receiptdate < '1998-01-01 00:00:00'::timestamp without time zone)), (LLVM Optimized, Jit Execute)", "Rows Removed by Filter": 59674804, "Actual Rows": 311248}], "Actual Rows": 19919872}, {"Node Type": "Hash", "Parent Relationship": "Inner", "Startup Cost": 646327.31, "Total Cost": 646327.31, "Plan Rows": 14999479, "Plan Width": 24, "Actual Min Startup Time": 1054.367, "Actual Max Startup Time": 1451.859, "Actual Min Total Time": 1054.367, "Actual Max Total Time": 1451.859, "Max Hash Buckets": 262144, "Min Hash Buckets": 262144, "Max Hash Batches": 1, "Min Hash Batches": 1, "Max Original Hash Batches": 1, "Min Original Hash Batches": 1, "Max Peak Memory Usage": 12827, "min Peak Memory Usage": 12827, "Plans": [{"Node Type": "Index Scan", "Parent Relationship": "Outer", "Scan Direction": "Forward", "Index Name": "orders_pkey", "Relation Name": "orders", "Alias": "orders", "Startup Cost": 0.0, "Total Cost": 646327.31, "Plan Rows": 14999479, "Plan Width": 24, "Actual Min Startup Time": 790.395, "Actual Max Startup Time": 1182.717, "Actual Min Total Time": 972.997, "Actual Max Total Time": 1366.525, "Actual Rows": 15000000}], "Actual Rows": 15000000}], "Actual Rows": 311248}], "Actual Rows": 128}], "Actual Rows": 128}], "Actual Rows": 2}], "Actual Rows": 2}], "Actual Rows": 2}, "Triggers": [], "Planner Runtime": 1.363, "Total Runtime": 4801.516, "Unique SQL Id": 2036526415}}, "(64, '74')": {"explain_plan": {"Plan": {"Node Type": "Sort", "Startup Cost": 254993.48, "Total Cost": 254993.48, "Plan Rows": 1, "Plan Width": 43, "Sort Key": ["lineitem.l_shipmode"], "Plans": [{"Node Type": "Streaming(type: LOCAL GATHER dop: 1/64)", "Parent Relationship": "Outer", "Startup Cost": 254993.46, "Total Cost": 254993.47, "Plan Rows": 1, "Plan Width": 43, "Plans": [{"Node Type": "Aggregate", "Strategy": "Hashed", "Parent Relationship": "Outer", "Startup Cost": 254993.46, "Total Cost": 254993.46, "Plan Rows": 1, "Plan Width": 43, "Group By Key": ["lineitem.l_shipmode"], "Plans": [{"Node Type": "Streaming(type: LOCAL REDISTRIBUTE dop: 64/64)", "Parent Relationship": "Outer", "Startup Cost": 254993.44, "Total Cost": 254993.46, "Plan Rows": 1, "Plan Width": 43, "Plans": [{"Node Type": "Aggregate", "Strategy": "Hashed", "Parent Relationship": "Outer", "Startup Cost": 254993.44, "Total Cost": 254993.44, "Plan Rows": 1, "Plan Width": 43, "Group By Key": ["lineitem.l_shipmode"], "Plans": [{"Node Type": "Hash Join", "Parent Relationship": "Outer", "Join Type": "Inner", "Startup Cost": 72593.55, "Total Cost": 254912.89, "Plan Rows": 294584, "Plan Width": 27, "Inner Unique": true, "Hash Cond": "(lineitem.l_orderkey = orders.o_orderkey), (LLVM Optimized)", "Plans": [{"Node Type": "Streaming(type: BROADCAST dop: 64/64)", "Parent Relationship": "Outer", "Startup Cost": 1.25, "Total Cost": 181169.87, "Plan Rows": 18853376, "Plan Width": 19, "Plans": [{"Node Type": "Seq Scan", "Parent Relationship": "Outer", "Relation Name": "lineitem", "Alias": "lineitem", "Startup Cost": 1.25, "Total Cost": 106202.39, "Plan Rows": 294584, "Plan Width": 19, "Filter": "((l_shipmode = ANY ('{RAIL,FOB}'::bpchar[])) AND (l_commitdate < l_receiptdate) AND (l_shipdate < l_commitdate) AND (l_receiptdate >= '1997-01-01 00:00:00'::timestamp(0) without time zone) AND (l_receiptdate < '1998-01-01 00:00:00'::timestamp without time zone)), (LLVM Optimized)"}]}, {"Node Type": "Hash", "Parent Relationship": "Inner", "Startup Cost": 69662.72, "Total Cost": 69662.72, "Plan Rows": 14999479, "Plan Width": 24, "Plans": [{"Node Type": "Seq Scan", "Parent Relationship": "Outer", "Relation Name": "orders", "Alias": "orders", "Startup Cost": 0.0, "Total Cost": 69662.72, "Plan Rows": 14999479, "Plan Width": 24}]}]}]}]}]}]}]}, "Unique SQL Id": 2036526415, "Planner Runtime": 1}, "explain_analyze_plan": {"Plan": {"Node Type": "Sort", "Startup Cost": 254993.48, "Total Cost": 254993.48, "Plan Rows": 1, "Plan Width": 43, "Actual Min Startup Time": 1935.075, "Actual Max Startup Time": 1935.075, "Actual Min Total Time": 1935.075, "Actual Max Total Time": 1935.075, "Sort Key": ["lineitem.l_shipmode"], "Sort Method": "quicksort", "Sort Space Min Used": 25, "Sort Space Max Used": 25, "Sort Space Type": "Memory", "Plans": [{"Node Type": "Streaming(type: LOCAL GATHER dop: 1/64)", "Parent Relationship": "Outer", "Startup Cost": 254993.46, "Total Cost": 254993.47, "Plan Rows": 1, "Plan Width": 43, "Actual Min Startup Time": 1934.423, "Actual Max Startup Time": 1934.423, "Actual Min Total Time": 1935.017, "Actual Max Total Time": 1935.017, "Plans": [{"Node Type": "Aggregate", "Strategy": "Hashed", "Parent Relationship": "Outer", "Startup Cost": 254993.46, "Total Cost": 254993.46, "Plan Rows": 1, "Plan Width": 43, "Actual Min Startup Time": 1418.405, "Actual Max Startup Time": 1631.823, "Actual Min Total Time": 1418.405, "Actual Max Total Time": 1631.823, "Group By Key": ["lineitem.l_shipmode"], "Plans": [{"Node Type": "Streaming(type: LOCAL REDISTRIBUTE dop: 64/64)", "Parent Relationship": "Outer", "Startup Cost": 254993.44, "Total Cost": 254993.46, "Plan Rows": 1, "Plan Width": 43, "Actual Min Startup Time": 1418.4, "Actual Max Startup Time": 1631.817, "Actual Min Total Time": 1418.4, "Actual Max Total Time": 1631.817, "Plans": [{"Node Type": "Aggregate", "Strategy": "Hashed", "Parent Relationship": "Outer", "Startup Cost": 254993.44, "Total Cost": 254993.44, "Plan Rows": 1, "Plan Width": 43, "Actual Min Startup Time": 1257.951, "Actual Max Startup Time": 1629.84, "Actual Min Total Time": 1257.953, "Actual Max Total Time": 1629.841, "Group By Key": ["lineitem.l_shipmode"], "Plans": [{"Node Type": "Hash Join", "Parent Relationship": "Outer", "Join Type": "Inner", "Startup Cost": 72593.55, "Total Cost": 254912.89, "Plan Rows": 294584, "Plan Width": 27, "Actual Min Startup Time": 159.028, "Actual Max Startup Time": 220.727, "Actual Min Total Time": 1247.646, "Actual Max Total Time": 1619.563, "Inner Unique": true, "Hash Cond": "(lineitem.l_orderkey = orders.o_orderkey), (LLVM Optimized, Jit Execute)", "Plans": [{"Node Type": "Streaming(type: BROADCAST dop: 64/64)", "Parent Relationship": "Outer", "Startup Cost": 1.25, "Total Cost": 181169.87, "Plan Rows": 18853376, "Plan Width": 19, "Actual Min Startup Time": 0.125, "Actual Max Startup Time": 5.992, "Actual Min Total Time": 890.773, "Actual Max Total Time": 1326.018, "Plans": [{"Node Type": "Seq Scan", "Parent Relationship": "Outer", "Relation Name": "lineitem", "Alias": "lineitem", "Startup Cost": 1.25, "Total Cost": 106202.39, "Plan Rows": 294584, "Plan Width": 19, "Actual Min Startup Time": 0.038, "Actual Max Startup Time": 0.562, "Actual Min Total Time": 416.333, "Actual Max Total Time": 639.464, "Filter": "((l_shipmode = ANY ('{RAIL,FOB}'::bpchar[])) AND (l_commitdate < l_receiptdate) AND (l_shipdate < l_commitdate) AND (l_receiptdate >= '1997-01-01 00:00:00'::timestamp(0) without time zone) AND (l_receiptdate < '1998-01-01 00:00:00'::timestamp without time zone)), (LLVM Optimized, Jit Execute)", "Rows Removed by Filter": 59674804, "Actual Rows": 311248}], "Actual Rows": 19919872}, {"Node Type": "Hash", "Parent Relationship": "Inner", "Startup Cost": 69662.72, "Total Cost": 69662.72, "Plan Rows": 14999479, "Plan Width": 24, "Actual Min Startup Time": 157.218, "Actual Max Startup Time": 215.078, "Actual Min Total Time": 157.218, "Actual Max Total Time": 215.078, "Max Hash Buckets": 262144, "Min Hash Buckets": 262144, "Max Hash Batches": 1, "Min Hash Batches": 1, "Max Original Hash Batches": 1, "Min Original Hash Batches": 1, "Max Peak Memory Usage": 13059, "min Peak Memory Usage": 13059, "Plans": [{"Node Type": "Seq Scan", "Parent Relationship": "Outer", "Relation Name": "orders", "Alias": "orders", "Startup Cost": 0.0, "Total Cost": 69662.72, "Plan Rows": 14999479, "Plan Width": 24, "Actual Min Startup Time": 0.019, "Actual Max Startup Time": 0.73, "Actual Min Total Time": 85.457, "Actual Max Total Time": 91.485, "Actual Rows": 15000000}], "Actual Rows": 15000000}], "Actual Rows": 311248}], "Actual Rows": 128}], "Actual Rows": 128}], "Actual Rows": 2}], "Actual Rows": 2}], "Actual Rows": 2}, "Triggers": [], "Planner Runtime": 1.224, "Total Runtime": 1987.985, "Unique SQL Id": 2036526415}}, "(64, '75')": {"explain_plan": {"Plan": {"Node Type": "Sort", "Startup Cost": 2000455333216.63, "Total Cost": 2000455333216.63, "Plan Rows": 1, "Plan Width": 43, "Sort Key": ["lineitem.l_shipmode"], "Plans": [{"Node Type": "Aggregate", "Strategy": "Hashed", "Parent Relationship": "Outer", "Startup Cost": 2000455333216.61, "Total Cost": 2000455333216.62, "Plan Rows": 1, "Plan Width": 43, "Group By Key": ["lineitem.l_shipmode"], "Plans": [{"Node Type": "Merge Join", "Parent Relationship": "Outer", "Join Type": "Inner", "Startup Cost": 20036369949.75, "Total Cost": 2000455328061.39, "Plan Rows": 294584, "Plan Width": 27, "Inner Unique": false, "Merge Cond": "(orders.o_orderkey = lineitem.l_orderkey)", "Plans": [{"Node Type": "Index Scan", "Parent Relationship": "Outer", "Scan Direction": "Forward", "Index Name": "orders_pkey", "Relation Name": "orders", "Alias": "orders", "Startup Cost": 10000000000.0, "Total Cost": 1000073097843.5, "Plan Rows": 14999479, "Plan Width": 24}, {"Node Type": "Index Scan", "Parent Relationship": "Inner", "Scan Direction": "Forward", "Index Name": "idx_lineitem_orderkey", "Relation Name": "lineitem", "Alias": "lineitem", "Startup Cost": 10000000000.0, "Total Cost": 1000398999165.75, "Plan Rows": 294584, "Plan Width": 19, "Filter": "((l_shipmode = ANY ('{RAIL,FOB}'::bpchar[])) AND (l_commitdate < l_receiptdate) AND (l_shipdate < l_commitdate) AND (l_receiptdate >= '1997-01-01 00:00:00'::timestamp(0) without time zone) AND (l_receiptdate < '1998-01-01 00:00:00'::timestamp without time zone)), (LLVM Optimized)"}]}]}]}, "Unique SQL Id": 2036526415, "Planner Runtime": 0}, "explain_analyze_plan": null}, "(64, '76')": {"explain_plan": {"Plan": {"Node Type": "Sort", "Startup Cost": 254993.48, "Total Cost": 254993.48, "Plan Rows": 1, "Plan Width": 43, "Sort Key": ["lineitem.l_shipmode"], "Plans": [{"Node Type": "Streaming(type: LOCAL GATHER dop: 1/64)", "Parent Relationship": "Outer", "Startup Cost": 254993.46, "Total Cost": 254993.47, "Plan Rows": 1, "Plan Width": 43, "Plans": [{"Node Type": "Aggregate", "Strategy": "Hashed", "Parent Relationship": "Outer", "Startup Cost": 254993.46, "Total Cost": 254993.46, "Plan Rows": 1, "Plan Width": 43, "Group By Key": ["lineitem.l_shipmode"], "Plans": [{"Node Type": "Streaming(type: LOCAL REDISTRIBUTE dop: 64/64)", "Parent Relationship": "Outer", "Startup Cost": 254993.44, "Total Cost": 254993.46, "Plan Rows": 1, "Plan Width": 43, "Plans": [{"Node Type": "Aggregate", "Strategy": "Hashed", "Parent Relationship": "Outer", "Startup Cost": 254993.44, "Total Cost": 254993.44, "Plan Rows": 1, "Plan Width": 43, "Group By Key": ["lineitem.l_shipmode"], "Plans": [{"Node Type": "Hash Join", "Parent Relationship": "Outer", "Join Type": "Inner", "Startup Cost": 72593.55, "Total Cost": 254912.89, "Plan Rows": 294584, "Plan Width": 27, "Inner Unique": true, "Hash Cond": "(lineitem.l_orderkey = orders.o_orderkey), (LLVM Optimized)", "Plans": [{"Node Type": "Streaming(type: BROADCAST dop: 64/64)", "Parent Relationship": "Outer", "Startup Cost": 1.25, "Total Cost": 181169.87, "Plan Rows": 18853376, "Plan Width": 19, "Plans": [{"Node Type": "Seq Scan", "Parent Relationship": "Outer", "Relation Name": "lineitem", "Alias": "lineitem", "Startup Cost": 1.25, "Total Cost": 106202.39, "Plan Rows": 294584, "Plan Width": 19, "Filter": "((l_shipmode = ANY ('{RAIL,FOB}'::bpchar[])) AND (l_commitdate < l_receiptdate) AND (l_shipdate < l_commitdate) AND (l_receiptdate >= '1997-01-01 00:00:00'::timestamp(0) without time zone) AND (l_receiptdate < '1998-01-01 00:00:00'::timestamp without time zone)), (LLVM Optimized)"}]}, {"Node Type": "Hash", "Parent Relationship": "Inner", "Startup Cost": 69662.72, "Total Cost": 69662.72, "Plan Rows": 14999479, "Plan Width": 24, "Plans": [{"Node Type": "Seq Scan", "Parent Relationship": "Outer", "Relation Name": "orders", "Alias": "orders", "Startup Cost": 0.0, "Total Cost": 69662.72, "Plan Rows": 14999479, "Plan Width": 24}]}]}]}]}]}]}]}, "Unique SQL Id": 2036526415, "Planner Runtime": 0}, "explain_analyze_plan": {"Plan": {"Node Type": "Sort", "Startup Cost": 254993.48, "Total Cost": 254993.48, "Plan Rows": 1, "Plan Width": 43, "Actual Min Startup Time": 1935.075, "Actual Max Startup Time": 1935.075, "Actual Min Total Time": 1935.075, "Actual Max Total Time": 1935.075, "Sort Key": ["lineitem.l_shipmode"], "Sort Method": "quicksort", "Sort Space Min Used": 25, "Sort Space Max Used": 25, "Sort Space Type": "Memory", "Plans": [{"Node Type": "Streaming(type: LOCAL GATHER dop: 1/64)", "Parent Relationship": "Outer", "Startup Cost": 254993.46, "Total Cost": 254993.47, "Plan Rows": 1, "Plan Width": 43, "Actual Min Startup Time": 1934.423, "Actual Max Startup Time": 1934.423, "Actual Min Total Time": 1935.017, "Actual Max Total Time": 1935.017, "Plans": [{"Node Type": "Aggregate", "Strategy": "Hashed", "Parent Relationship": "Outer", "Startup Cost": 254993.46, "Total Cost": 254993.46, "Plan Rows": 1, "Plan Width": 43, "Actual Min Startup Time": 1418.405, "Actual Max Startup Time": 1631.823, "Actual Min Total Time": 1418.405, "Actual Max Total Time": 1631.823, "Group By Key": ["lineitem.l_shipmode"], "Plans": [{"Node Type": "Streaming(type: LOCAL REDISTRIBUTE dop: 64/64)", "Parent Relationship": "Outer", "Startup Cost": 254993.44, "Total Cost": 254993.46, "Plan Rows": 1, "Plan Width": 43, "Actual Min Startup Time": 1418.4, "Actual Max Startup Time": 1631.817, "Actual Min Total Time": 1418.4, "Actual Max Total Time": 1631.817, "Plans": [{"Node Type": "Aggregate", "Strategy": "Hashed", "Parent Relationship": "Outer", "Startup Cost": 254993.44, "Total Cost": 254993.44, "Plan Rows": 1, "Plan Width": 43, "Actual Min Startup Time": 1257.951, "Actual Max Startup Time": 1629.84, "Actual Min Total Time": 1257.953, "Actual Max Total Time": 1629.841, "Group By Key": ["lineitem.l_shipmode"], "Plans": [{"Node Type": "Hash Join", "Parent Relationship": "Outer", "Join Type": "Inner", "Startup Cost": 72593.55, "Total Cost": 254912.89, "Plan Rows": 294584, "Plan Width": 27, "Actual Min Startup Time": 159.028, "Actual Max Startup Time": 220.727, "Actual Min Total Time": 1247.646, "Actual Max Total Time": 1619.563, "Inner Unique": true, "Hash Cond": "(lineitem.l_orderkey = orders.o_orderkey), (LLVM Optimized, Jit Execute)", "Plans": [{"Node Type": "Streaming(type: BROADCAST dop: 64/64)", "Parent Relationship": "Outer", "Startup Cost": 1.25, "Total Cost": 181169.87, "Plan Rows": 18853376, "Plan Width": 19, "Actual Min Startup Time": 0.125, "Actual Max Startup Time": 5.992, "Actual Min Total Time": 890.773, "Actual Max Total Time": 1326.018, "Plans": [{"Node Type": "Seq Scan", "Parent Relationship": "Outer", "Relation Name": "lineitem", "Alias": "lineitem", "Startup Cost": 1.25, "Total Cost": 106202.39, "Plan Rows": 294584, "Plan Width": 19, "Actual Min Startup Time": 0.038, "Actual Max Startup Time": 0.562, "Actual Min Total Time": 416.333, "Actual Max Total Time": 639.464, "Filter": "((l_shipmode = ANY ('{RAIL,FOB}'::bpchar[])) AND (l_commitdate < l_receiptdate) AND (l_shipdate < l_commitdate) AND (l_receiptdate >= '1997-01-01 00:00:00'::timestamp(0) without time zone) AND (l_receiptdate < '1998-01-01 00:00:00'::timestamp without time zone)), (LLVM Optimized, Jit Execute)", "Rows Removed by Filter": 59674804, "Actual Rows": 311248}], "Actual Rows": 19919872}, {"Node Type": "Hash", "Parent Relationship": "Inner", "Startup Cost": 69662.72, "Total Cost": 69662.72, "Plan Rows": 14999479, "Plan Width": 24, "Actual Min Startup Time": 157.218, "Actual Max Startup Time": 215.078, "Actual Min Total Time": 157.218, "Actual Max Total Time": 215.078, "Max Hash Buckets": 262144, "Min Hash Buckets": 262144, "Max Hash Batches": 1, "Min Hash Batches": 1, "Max Original Hash Batches": 1, "Min Original Hash Batches": 1, "Max Peak Memory Usage": 13059, "min Peak Memory Usage": 13059, "Plans": [{"Node Type": "Seq Scan", "Parent Relationship": "Outer", "Relation Name": "orders", "Alias": "orders", "Startup Cost": 0.0, "Total Cost": 69662.72, "Plan Rows": 14999479, "Plan Width": 24, "Actual Min Startup Time": 0.019, "Actual Max Startup Time": 0.73, "Actual Min Total Time": 85.457, "Actual Max Total Time": 91.485, "Actual Rows": 15000000}], "Actual Rows": 15000000}], "Actual Rows": 311248}], "Actual Rows": 128}], "Actual Rows": 128}], "Actual Rows": 2}], "Actual Rows": 2}], "Actual Rows": 2}, "Triggers": [], "Planner Runtime": 1.224, "Total Runtime": 1987.985, "Unique SQL Id": 2036526415}}, "(64, '77')": {"explain_plan": {"Plan": {"Node Type": "Sort", "Startup Cost": 3449828.29, "Total Cost": 3449828.29, "Plan Rows": 1, "Plan Width": 43, "Sort Key": ["lineitem.l_shipmode"], "Plans": [{"Node Type": "Streaming(type: LOCAL GATHER dop: 1/64)", "Parent Relationship": "Outer", "Startup Cost": 3449828.27, "Total Cost": 3449828.28, "Plan Rows": 1, "Plan Width": 43, "Plans": [{"Node Type": "Aggregate", "Strategy": "Hashed", "Parent Relationship": "Outer", "Startup Cost": 3449828.27, "Total Cost": 3449828.27, "Plan Rows": 1, "Plan Width": 43, "Group By Key": ["lineitem.l_shipmode"], "Plans": [{"Node Type": "Streaming(type: LOCAL REDISTRIBUTE dop: 64/64)", "Parent Relationship": "Outer", "Startup Cost": 3449828.25, "Total Cost": 3449828.27, "Plan Rows": 1, "Plan Width": 43, "Plans": [{"Node Type": "Aggregate", "Strategy": "Hashed", "Parent Relationship": "Outer", "Startup Cost": 3449828.25, "Total Cost": 3449828.25, "Plan Rows": 1, "Plan Width": 43, "Group By Key": ["lineitem.l_shipmode"], "Plans": [{"Node Type": "Hash Join", "Parent Relationship": "Outer", "Join Type": "Inner", "Startup Cost": 649256.9, "Total Cost": 3449747.7, "Plan Rows": 294584, "Plan Width": 27, "Inner Unique": true, "Hash Cond": "(lineitem.l_orderkey = orders.o_orderkey), (LLVM Optimized)", "Plans": [{"Node Type": "Streaming(type: BROADCAST dop: 64/64)", "Parent Relationship": "Outer", "Startup Cost": 0.0, "Total Cost": 2799340.08, "Plan Rows": 18853376, "Plan Width": 19, "Plans": [{"Node Type": "Index Scan", "Parent Relationship": "Outer", "Scan Direction": "Forward", "Index Name": "idx_lineitem_orderkey", "Relation Name": "lineitem", "Alias": "lineitem", "Startup Cost": 0.0, "Total Cost": 2724372.61, "Plan Rows": 294584, "Plan Width": 19, "Filter": "((l_shipmode = ANY ('{RAIL,FOB}'::bpchar[])) AND (l_commitdate < l_receiptdate) AND (l_shipdate < l_commitdate) AND (l_receiptdate >= '1997-01-01 00:00:00'::timestamp(0) without time zone) AND (l_receiptdate < '1998-01-01 00:00:00'::timestamp without time zone)), (LLVM Optimized)"}]}, {"Node Type": "Hash", "Parent Relationship": "Inner", "Startup Cost": 646327.31, "Total Cost": 646327.31, "Plan Rows": 14999479, "Plan Width": 24, "Plans": [{"Node Type": "Index Scan", "Parent Relationship": "Outer", "Scan Direction": "Forward", "Index Name": "orders_pkey", "Relation Name": "orders", "Alias": "orders", "Startup Cost": 0.0, "Total Cost": 646327.31, "Plan Rows": 14999479, "Plan Width": 24}]}]}]}]}]}]}]}, "Unique SQL Id": 2036526415, "Planner Runtime": 1}, "explain_analyze_plan": {"Plan": {"Node Type": "Sort", "Startup Cost": 3449828.29, "Total Cost": 3449828.29, "Plan Rows": 1, "Plan Width": 43, "Actual Min Startup Time": 4746.649, "Actual Max Startup Time": 4746.649, "Actual Min Total Time": 4746.649, "Actual Max Total Time": 4746.649, "Sort Key": ["lineitem.l_shipmode"], "Sort Method": "quicksort", "Sort Space Min Used": 25, "Sort Space Max Used": 25, "Sort Space Type": "Memory", "Plans": [{"Node Type": "Streaming(type: LOCAL GATHER dop: 1/64)", "Parent Relationship": "Outer", "Startup Cost": 3449828.27, "Total Cost": 3449828.28, "Plan Rows": 1, "Plan Width": 43, "Actual Min Startup Time": 4744.896, "Actual Max Startup Time": 4744.896, "Actual Min Total Time": 4746.577, "Actual Max Total Time": 4746.577, "Plans": [{"Node Type": "Aggregate", "Strategy": "Hashed", "Parent Relationship": "Outer", "Startup Cost": 3449828.27, "Total Cost": 3449828.27, "Plan Rows": 1, "Plan Width": 43, "Actual Min Startup Time": 4274.293, "Actual Max Startup Time": 4398.228, "Actual Min Total Time": 4274.293, "Actual Max Total Time": 4398.228, "Group By Key": ["lineitem.l_shipmode"], "Plans": [{"Node Type": "Streaming(type: LOCAL REDISTRIBUTE dop: 64/64)", "Parent Relationship": "Outer", "Startup Cost": 3449828.25, "Total Cost": 3449828.27, "Plan Rows": 1, "Plan Width": 43, "Actual Min Startup Time": 4274.284, "Actual Max Startup Time": 4398.22, "Actual Min Total Time": 4274.284, "Actual Max Total Time": 4398.22, "Plans": [{"Node Type": "Aggregate", "Strategy": "Hashed", "Parent Relationship": "Outer", "Startup Cost": 3449828.25, "Total Cost": 3449828.25, "Plan Rows": 1, "Plan Width": 43, "Actual Min Startup Time": 4092.61, "Actual Max Startup Time": 4483.277, "Actual Min Total Time": 4092.611, "Actual Max Total Time": 4483.278, "Group By Key": ["lineitem.l_shipmode"], "Plans": [{"Node Type": "Hash Join", "Parent Relationship": "Outer", "Join Type": "Inner", "Startup Cost": 649256.9, "Total Cost": 3449747.7, "Plan Rows": 294584, "Plan Width": 27, "Actual Min Startup Time": 2670.617, "Actual Max Startup Time": 3066.906, "Actual Min Total Time": 4081.58, "Actual Max Total Time": 4475.509, "Inner Unique": true, "Hash Cond": "(lineitem.l_orderkey = orders.o_orderkey), (LLVM Optimized, Jit Execute)", "Plans": [{"Node Type": "Streaming(type: BROADCAST dop: 64/64)", "Parent Relationship": "Outer", "Startup Cost": 0.0, "Total Cost": 2799340.08, "Plan Rows": 18853376, "Plan Width": 19, "Actual Min Startup Time": 1575.849, "Actual Max Startup Time": 1619.999, "Actual Min Total Time": 2810.256, "Actual Max Total Time": 2910.921, "Plans": [{"Node Type": "Index Scan", "Parent Relationship": "Outer", "Scan Direction": "Forward", "Index Name": "idx_lineitem_orderkey", "Relation Name": "lineitem", "Alias": "lineitem", "Startup Cost": 0.0, "Total Cost": 2724372.61, "Plan Rows": 294584, "Plan Width": 19, "Actual Min Startup Time": 2652.522, "Actual Max Startup Time": 3055.949, "Actual Min Total Time": 3622.531, "Actual Max Total Time": 3851.498, "Filter": "((l_shipmode = ANY ('{RAIL,FOB}'::bpchar[])) AND (l_commitdate < l_receiptdate) AND (l_shipdate < l_commitdate) AND (l_receiptdate >= '1997-01-01 00:00:00'::timestamp(0) without time zone) AND (l_receiptdate < '1998-01-01 00:00:00'::timestamp without time zone)), (LLVM Optimized, Jit Execute)", "Rows Removed by Filter": 59674804, "Actual Rows": 311248}], "Actual Rows": 19919872}, {"Node Type": "Hash", "Parent Relationship": "Inner", "Startup Cost": 646327.31, "Total Cost": 646327.31, "Plan Rows": 14999479, "Plan Width": 24, "Actual Min Startup Time": 1054.367, "Actual Max Startup Time": 1451.859, "Actual Min Total Time": 1054.367, "Actual Max Total Time": 1451.859, "Max Hash Buckets": 262144, "Min Hash Buckets": 262144, "Max Hash Batches": 1, "Min Hash Batches": 1, "Max Original Hash Batches": 1, "Min Original Hash Batches": 1, "Max Peak Memory Usage": 12827, "min Peak Memory Usage": 12827, "Plans": [{"Node Type": "Index Scan", "Parent Relationship": "Outer", "Scan Direction": "Forward", "Index Name": "orders_pkey", "Relation Name": "orders", "Alias": "orders", "Startup Cost": 0.0, "Total Cost": 646327.31, "Plan Rows": 14999479, "Plan Width": 24, "Actual Min Startup Time": 790.395, "Actual Max Startup Time": 1182.717, "Actual Min Total Time": 972.997, "Actual Max Total Time": 1366.525, "Actual Rows": 15000000}], "Actual Rows": 15000000}], "Actual Rows": 311248}], "Actual Rows": 128}], "Actual Rows": 128}], "Actual Rows": 2}], "Actual Rows": 2}], "Actual Rows": 2}, "Triggers": [], "Planner Runtime": 1.363, "Total Runtime": 4801.516, "Unique SQL Id": 2036526415}}, "(64, '78')": {"explain_plan": {"Plan": {"Node Type": "Sort", "Startup Cost": 254993.48, "Total Cost": 254993.48, "Plan Rows": 1, "Plan Width": 43, "Sort Key": ["lineitem.l_shipmode"], "Plans": [{"Node Type": "Streaming(type: LOCAL GATHER dop: 1/64)", "Parent Relationship": "Outer", "Startup Cost": 254993.46, "Total Cost": 254993.47, "Plan Rows": 1, "Plan Width": 43, "Plans": [{"Node Type": "Aggregate", "Strategy": "Hashed", "Parent Relationship": "Outer", "Startup Cost": 254993.46, "Total Cost": 254993.46, "Plan Rows": 1, "Plan Width": 43, "Group By Key": ["lineitem.l_shipmode"], "Plans": [{"Node Type": "Streaming(type: LOCAL REDISTRIBUTE dop: 64/64)", "Parent Relationship": "Outer", "Startup Cost": 254993.44, "Total Cost": 254993.46, "Plan Rows": 1, "Plan Width": 43, "Plans": [{"Node Type": "Aggregate", "Strategy": "Hashed", "Parent Relationship": "Outer", "Startup Cost": 254993.44, "Total Cost": 254993.44, "Plan Rows": 1, "Plan Width": 43, "Group By Key": ["lineitem.l_shipmode"], "Plans": [{"Node Type": "Hash Join", "Parent Relationship": "Outer", "Join Type": "Inner", "Startup Cost": 72593.55, "Total Cost": 254912.89, "Plan Rows": 294584, "Plan Width": 27, "Inner Unique": true, "Hash Cond": "(lineitem.l_orderkey = orders.o_orderkey), (LLVM Optimized)", "Plans": [{"Node Type": "Streaming(type: BROADCAST dop: 64/64)", "Parent Relationship": "Outer", "Startup Cost": 1.25, "Total Cost": 181169.87, "Plan Rows": 18853376, "Plan Width": 19, "Plans": [{"Node Type": "Seq Scan", "Parent Relationship": "Outer", "Relation Name": "lineitem", "Alias": "lineitem", "Startup Cost": 1.25, "Total Cost": 106202.39, "Plan Rows": 294584, "Plan Width": 19, "Filter": "((l_shipmode = ANY ('{RAIL,FOB}'::bpchar[])) AND (l_commitdate < l_receiptdate) AND (l_shipdate < l_commitdate) AND (l_receiptdate >= '1997-01-01 00:00:00'::timestamp(0) without time zone) AND (l_receiptdate < '1998-01-01 00:00:00'::timestamp without time zone)), (LLVM Optimized)"}]}, {"Node Type": "Hash", "Parent Relationship": "Inner", "Startup Cost": 69662.72, "Total Cost": 69662.72, "Plan Rows": 14999479, "Plan Width": 24, "Plans": [{"Node Type": "Seq Scan", "Parent Relationship": "Outer", "Relation Name": "orders", "Alias": "orders", "Startup Cost": 0.0, "Total Cost": 69662.72, "Plan Rows": 14999479, "Plan Width": 24}]}]}]}]}]}]}]}, "Unique SQL Id": 2036526415, "Planner Runtime": 1}, "explain_analyze_plan": {"Plan": {"Node Type": "Sort", "Startup Cost": 254993.48, "Total Cost": 254993.48, "Plan Rows": 1, "Plan Width": 43, "Actual Min Startup Time": 1935.075, "Actual Max Startup Time": 1935.075, "Actual Min Total Time": 1935.075, "Actual Max Total Time": 1935.075, "Sort Key": ["lineitem.l_shipmode"], "Sort Method": "quicksort", "Sort Space Min Used": 25, "Sort Space Max Used": 25, "Sort Space Type": "Memory", "Plans": [{"Node Type": "Streaming(type: LOCAL GATHER dop: 1/64)", "Parent Relationship": "Outer", "Startup Cost": 254993.46, "Total Cost": 254993.47, "Plan Rows": 1, "Plan Width": 43, "Actual Min Startup Time": 1934.423, "Actual Max Startup Time": 1934.423, "Actual Min Total Time": 1935.017, "Actual Max Total Time": 1935.017, "Plans": [{"Node Type": "Aggregate", "Strategy": "Hashed", "Parent Relationship": "Outer", "Startup Cost": 254993.46, "Total Cost": 254993.46, "Plan Rows": 1, "Plan Width": 43, "Actual Min Startup Time": 1418.405, "Actual Max Startup Time": 1631.823, "Actual Min Total Time": 1418.405, "Actual Max Total Time": 1631.823, "Group By Key": ["lineitem.l_shipmode"], "Plans": [{"Node Type": "Streaming(type: LOCAL REDISTRIBUTE dop: 64/64)", "Parent Relationship": "Outer", "Startup Cost": 254993.44, "Total Cost": 254993.46, "Plan Rows": 1, "Plan Width": 43, "Actual Min Startup Time": 1418.4, "Actual Max Startup Time": 1631.817, "Actual Min Total Time": 1418.4, "Actual Max Total Time": 1631.817, "Plans": [{"Node Type": "Aggregate", "Strategy": "Hashed", "Parent Relationship": "Outer", "Startup Cost": 254993.44, "Total Cost": 254993.44, "Plan Rows": 1, "Plan Width": 43, "Actual Min Startup Time": 1257.951, "Actual Max Startup Time": 1629.84, "Actual Min Total Time": 1257.953, "Actual Max Total Time": 1629.841, "Group By Key": ["lineitem.l_shipmode"], "Plans": [{"Node Type": "Hash Join", "Parent Relationship": "Outer", "Join Type": "Inner", "Startup Cost": 72593.55, "Total Cost": 254912.89, "Plan Rows": 294584, "Plan Width": 27, "Actual Min Startup Time": 159.028, "Actual Max Startup Time": 220.727, "Actual Min Total Time": 1247.646, "Actual Max Total Time": 1619.563, "Inner Unique": true, "Hash Cond": "(lineitem.l_orderkey = orders.o_orderkey), (LLVM Optimized, Jit Execute)", "Plans": [{"Node Type": "Streaming(type: BROADCAST dop: 64/64)", "Parent Relationship": "Outer", "Startup Cost": 1.25, "Total Cost": 181169.87, "Plan Rows": 18853376, "Plan Width": 19, "Actual Min Startup Time": 0.125, "Actual Max Startup Time": 5.992, "Actual Min Total Time": 890.773, "Actual Max Total Time": 1326.018, "Plans": [{"Node Type": "Seq Scan", "Parent Relationship": "Outer", "Relation Name": "lineitem", "Alias": "lineitem", "Startup Cost": 1.25, "Total Cost": 106202.39, "Plan Rows": 294584, "Plan Width": 19, "Actual Min Startup Time": 0.038, "Actual Max Startup Time": 0.562, "Actual Min Total Time": 416.333, "Actual Max Total Time": 639.464, "Filter": "((l_shipmode = ANY ('{RAIL,FOB}'::bpchar[])) AND (l_commitdate < l_receiptdate) AND (l_shipdate < l_commitdate) AND (l_receiptdate >= '1997-01-01 00:00:00'::timestamp(0) without time zone) AND (l_receiptdate < '1998-01-01 00:00:00'::timestamp without time zone)), (LLVM Optimized, Jit Execute)", "Rows Removed by Filter": 59674804, "Actual Rows": 311248}], "Actual Rows": 19919872}, {"Node Type": "Hash", "Parent Relationship": "Inner", "Startup Cost": 69662.72, "Total Cost": 69662.72, "Plan Rows": 14999479, "Plan Width": 24, "Actual Min Startup Time": 157.218, "Actual Max Startup Time": 215.078, "Actual Min Total Time": 157.218, "Actual Max Total Time": 215.078, "Max Hash Buckets": 262144, "Min Hash Buckets": 262144, "Max Hash Batches": 1, "Min Hash Batches": 1, "Max Original Hash Batches": 1, "Min Original Hash Batches": 1, "Max Peak Memory Usage": 13059, "min Peak Memory Usage": 13059, "Plans": [{"Node Type": "Seq Scan", "Parent Relationship": "Outer", "Relation Name": "orders", "Alias": "orders", "Startup Cost": 0.0, "Total Cost": 69662.72, "Plan Rows": 14999479, "Plan Width": 24, "Actual Min Startup Time": 0.019, "Actual Max Startup Time": 0.73, "Actual Min Total Time": 85.457, "Actual Max Total Time": 91.485, "Actual Rows": 15000000}], "Actual Rows": 15000000}], "Actual Rows": 311248}], "Actual Rows": 128}], "Actual Rows": 128}], "Actual Rows": 2}], "Actual Rows": 2}], "Actual Rows": 2}, "Triggers": [], "Planner Runtime": 1.224, "Total Runtime": 1987.985, "Unique SQL Id": 2036526415}}, "(64, '79')": {"explain_plan": {"Plan": {"Node Type": "Sort", "Startup Cost": 2000455333216.63, "Total Cost": 2000455333216.63, "Plan Rows": 1, "Plan Width": 43, "Sort Key": ["lineitem.l_shipmode"], "Plans": [{"Node Type": "Aggregate", "Strategy": "Hashed", "Parent Relationship": "Outer", "Startup Cost": 2000455333216.61, "Total Cost": 2000455333216.62, "Plan Rows": 1, "Plan Width": 43, "Group By Key": ["lineitem.l_shipmode"], "Plans": [{"Node Type": "Merge Join", "Parent Relationship": "Outer", "Join Type": "Inner", "Startup Cost": 20036369949.75, "Total Cost": 2000455328061.39, "Plan Rows": 294584, "Plan Width": 27, "Inner Unique": false, "Merge Cond": "(orders.o_orderkey = lineitem.l_orderkey)", "Plans": [{"Node Type": "Index Scan", "Parent Relationship": "Outer", "Scan Direction": "Forward", "Index Name": "orders_pkey", "Relation Name": "orders", "Alias": "orders", "Startup Cost": 10000000000.0, "Total Cost": 1000073097843.5, "Plan Rows": 14999479, "Plan Width": 24}, {"Node Type": "Index Scan", "Parent Relationship": "Inner", "Scan Direction": "Forward", "Index Name": "idx_lineitem_orderkey", "Relation Name": "lineitem", "Alias": "lineitem", "Startup Cost": 10000000000.0, "Total Cost": 1000398999165.75, "Plan Rows": 294584, "Plan Width": 19, "Filter": "((l_shipmode = ANY ('{RAIL,FOB}'::bpchar[])) AND (l_commitdate < l_receiptdate) AND (l_shipdate < l_commitdate) AND (l_receiptdate >= '1997-01-01 00:00:00'::timestamp(0) without time zone) AND (l_receiptdate < '1998-01-01 00:00:00'::timestamp without time zone)), (LLVM Optimized)"}]}]}]}, "Unique SQL Id": 2036526415, "Planner Runtime": 0}, "explain_analyze_plan": null}, "(64, '80')": {"explain_plan": {"Plan": {"Node Type": "Sort", "Startup Cost": 1198202.39, "Total Cost": 1198202.39, "Plan Rows": 1, "Plan Width": 43, "Sort Key": ["lineitem.l_shipmode"], "Plans": [{"Node Type": "Aggregate", "Strategy": "Hashed", "Parent Relationship": "Outer", "Startup Cost": 1198202.37, "Total Cost": 1198202.38, "Plan Rows": 1, "Plan Width": 43, "Group By Key": ["lineitem.l_shipmode"], "Plans": [{"Node Type": "Nested Loop", "Parent Relationship": "Outer", "Join Type": "Inner", "Startup Cost": 1.25, "Total Cost": 1193047.15, "Plan Rows": 294584, "Plan Width": 27, "Inner Unique": true, "Plans": [{"Node Type": "Streaming(type: LOCAL GATHER dop: 1/64)", "Parent Relationship": "Outer", "Startup Cost": 1.25, "Total Cost": 112279.63, "Plan Rows": 294584, "Plan Width": 19, "Plans": [{"Node Type": "Seq Scan", "Parent Relationship": "Outer", "Relation Name": "lineitem", "Alias": "lineitem", "Startup Cost": 1.25, "Total Cost": 106202.39, "Plan Rows": 294584, "Plan Width": 19, "Filter": "((l_shipmode = ANY ('{RAIL,FOB}'::bpchar[])) AND (l_commitdate < l_receiptdate) AND (l_shipdate < l_commitdate) AND (l_receiptdate >= '1997-01-01 00:00:00'::timestamp(0) without time zone) AND (l_receiptdate < '1998-01-01 00:00:00'::timestamp without time zone)), (LLVM Optimized)"}]}, {"Node Type": "Index Scan", "Parent Relationship": "Inner", "Scan Direction": "Forward", "Index Name": "orders_pkey", "Relation Name": "orders", "Alias": "orders", "Startup Cost": 0.0, "Total Cost": 3.66, "Plan Rows": 1, "Plan Width": 24, "Index Cond": "(o_orderkey = lineitem.l_orderkey)"}]}]}]}, "Unique SQL Id": 2036526415, "Planner Runtime": 0}, "explain_analyze_plan": {"Plan": {"Node Type": "Sort", "Startup Cost": 1198202.39, "Total Cost": 1198202.39, "Plan Rows": 1, "Plan Width": 43, "Actual Min Startup Time": 2413.164, "Actual Max Startup Time": 2413.164, "Actual Min Total Time": 2413.165, "Actual Max Total Time": 2413.165, "Sort Key": ["lineitem.l_shipmode"], "Sort Method": "quicksort", "Sort Space Min Used": 25, "Sort Space Max Used": 25, "Sort Space Type": "Memory", "Plans": [{"Node Type": "Aggregate", "Strategy": "Hashed", "Parent Relationship": "Outer", "Startup Cost": 1198202.37, "Total Cost": 1198202.38, "Plan Rows": 1, "Plan Width": 43, "Actual Min Startup Time": 2413.109, "Actual Max Startup Time": 2413.109, "Actual Min Total Time": 2413.11, "Actual Max Total Time": 2413.11, "Group By Key": ["lineitem.l_shipmode"], "Plans": [{"Node Type": "Nested Loop", "Parent Relationship": "Outer", "Join Type": "Inner", "Startup Cost": 1.25, "Total Cost": 1193047.15, "Plan Rows": 294584, "Plan Width": 27, "Actual Min Startup Time": 124.405, "Actual Max Startup Time": 124.405, "Actual Min Total Time": 2097.461, "Actual Max Total Time": 2097.461, "Inner Unique": true, "Plans": [{"Node Type": "Streaming(type: LOCAL GATHER dop: 1/64)", "Parent Relationship": "Outer", "Startup Cost": 1.25, "Total Cost": 112279.63, "Plan Rows": 294584, "Plan Width": 19, "Actual Min Startup Time": 124.329, "Actual Max Startup Time": 124.329, "Actual Min Total Time": 282.816, "Actual Max Total Time": 282.816, "Plans": [{"Node Type": "Seq Scan", "Parent Relationship": "Outer", "Relation Name": "lineitem", "Alias": "lineitem", "Startup Cost": 1.25, "Total Cost": 106202.39, "Plan Rows": 294584, "Plan Width": 19, "Actual Min Startup Time": 0.036, "Actual Max Startup Time": 0.553, "Actual Min Total Time": 480.488, "Actual Max Total Time": 624.177, "Filter": "((l_shipmode = ANY ('{RAIL,FOB}'::bpchar[])) AND (l_commitdate < l_receiptdate) AND (l_shipdate < l_commitdate) AND (l_receiptdate >= '1997-01-01 00:00:00'::timestamp(0) without time zone) AND (l_receiptdate < '1998-01-01 00:00:00'::timestamp without time zone)), (LLVM Optimized, Jit Execute)", "Rows Removed by Filter": 59674804, "Actual Rows": 311248}], "Actual Rows": 311248}, {"Node Type": "Index Scan", "Parent Relationship": "Inner", "Scan Direction": "Forward", "Index Name": "orders_pkey", "Relation Name": "orders", "Alias": "orders", "Startup Cost": 0.0, "Total Cost": 3.66, "Plan Rows": 1, "Plan Width": 24, "Actual Min Startup Time": 1556.899, "Actual Max Startup Time": 1556.899, "Actual Min Total Time": 1556.899, "Actual Max Total Time": 1556.899, "Index Cond": "(o_orderkey = lineitem.l_orderkey)", "Rows Removed by Index Recheck": 0, "Actual Rows": 311248}], "Actual Rows": 311248}], "Actual Rows": 2}], "Actual Rows": 2}, "Triggers": [], "Planner Runtime": 0.74, "Total Runtime": 2436.087, "Unique SQL Id": 2036526415}}, "(64, '81')": {"explain_plan": {"Plan": {"Node Type": "Sort", "Startup Cost": 3816372.6, "Total Cost": 3816372.6, "Plan Rows": 1, "Plan Width": 43, "Sort Key": ["lineitem.l_shipmode"], "Plans": [{"Node Type": "Aggregate", "Strategy": "Hashed", "Parent Relationship": "Outer", "Startup Cost": 3816372.58, "Total Cost": 3816372.59, "Plan Rows": 1, "Plan Width": 43, "Group By Key": ["lineitem.l_shipmode"], "Plans": [{"Node Type": "Nested Loop", "Parent Relationship": "Outer", "Join Type": "Inner", "Startup Cost": 0.0, "Total Cost": 3811217.36, "Plan Rows": 294584, "Plan Width": 27, "Inner Unique": true, "Plans": [{"Node Type": "Streaming(type: LOCAL GATHER dop: 1/64)", "Parent Relationship": "Outer", "Startup Cost": 0.0, "Total Cost": 2730449.84, "Plan Rows": 294584, "Plan Width": 19, "Plans": [{"Node Type": "Index Scan", "Parent Relationship": "Outer", "Scan Direction": "Forward", "Index Name": "idx_lineitem_orderkey", "Relation Name": "lineitem", "Alias": "lineitem", "Startup Cost": 0.0, "Total Cost": 2724372.61, "Plan Rows": 294584, "Plan Width": 19, "Filter": "((l_shipmode = ANY ('{RAIL,FOB}'::bpchar[])) AND (l_commitdate < l_receiptdate) AND (l_shipdate < l_commitdate) AND (l_receiptdate >= '1997-01-01 00:00:00'::timestamp(0) without time zone) AND (l_receiptdate < '1998-01-01 00:00:00'::timestamp without time zone)), (LLVM Optimized)"}]}, {"Node Type": "Index Scan", "Parent Relationship": "Inner", "Scan Direction": "Forward", "Index Name": "orders_pkey", "Relation Name": "orders", "Alias": "orders", "Startup Cost": 0.0, "Total Cost": 3.66, "Plan Rows": 1, "Plan Width": 24, "Index Cond": "(o_orderkey = lineitem.l_orderkey)"}]}]}]}, "Unique SQL Id": 2036526415, "Planner Runtime": 0}, "explain_analyze_plan": {"Plan": {"Node Type": "Sort", "Startup Cost": 3816372.6, "Total Cost": 3816372.6, "Plan Rows": 1, "Plan Width": 43, "Actual Min Startup Time": 3195.074, "Actual Max Startup Time": 3195.074, "Actual Min Total Time": 3195.074, "Actual Max Total Time": 3195.074, "Sort Key": ["lineitem.l_shipmode"], "Sort Method": "quicksort", "Sort Space Min Used": 25, "Sort Space Max Used": 25, "Sort Space Type": "Memory", "Plans": [{"Node Type": "Aggregate", "Strategy": "Hashed", "Parent Relationship": "Outer", "Startup Cost": 3816372.58, "Total Cost": 3816372.59, "Plan Rows": 1, "Plan Width": 43, "Actual Min Startup Time": 3195.011, "Actual Max Startup Time": 3195.011, "Actual Min Total Time": 3195.013, "Actual Max Total Time": 3195.013, "Group By Key": ["lineitem.l_shipmode"], "Plans": [{"Node Type": "Nested Loop", "Parent Relationship": "Outer", "Join Type": "Inner", "Startup Cost": 0.0, "Total Cost": 3811217.36, "Plan Rows": 294584, "Plan Width": 27, "Actual Min Startup Time": 968.954, "Actual Max Startup Time": 968.954, "Actual Min Total Time": 2904.337, "Actual Max Total Time": 2904.337, "Inner Unique": true, "Plans": [{"Node Type": "Streaming(type: LOCAL GATHER dop: 1/64)", "Parent Relationship": "Outer", "Startup Cost": 0.0, "Total Cost": 2730449.84, "Plan Rows": 294584, "Plan Width": 19, "Actual Min Startup Time": 968.908, "Actual Max Startup Time": 968.908, "Actual Min Total Time": 1117.392, "Actual Max Total Time": 1117.392, "Plans": [{"Node Type": "Index Scan", "Parent Relationship": "Outer", "Scan Direction": "Forward", "Index Name": "idx_lineitem_orderkey", "Relation Name": "lineitem", "Alias": "lineitem", "Startup Cost": 0.0, "Total Cost": 2724372.61, "Plan Rows": 294584, "Plan Width": 19, "Actual Min Startup Time": 675.389, "Actual Max Startup Time": 845.225, "Actual Min Total Time": 1508.922, "Actual Max Total Time": 1713.81, "Filter": "((l_shipmode = ANY ('{RAIL,FOB}'::bpchar[])) AND (l_commitdate < l_receiptdate) AND (l_shipdate < l_commitdate) AND (l_receiptdate >= '1997-01-01 00:00:00'::timestamp(0) without time zone) AND (l_receiptdate < '1998-01-01 00:00:00'::timestamp without time zone)), (LLVM Optimized, Jit Execute)", "Rows Removed by Filter": 59674804, "Actual Rows": 311248}], "Actual Rows": 311248}, {"Node Type": "Index Scan", "Parent Relationship": "Inner", "Scan Direction": "Forward", "Index Name": "orders_pkey", "Relation Name": "orders", "Alias": "orders", "Startup Cost": 0.0, "Total Cost": 3.66, "Plan Rows": 1, "Plan Width": 24, "Actual Min Startup Time": 1530.963, "Actual Max Startup Time": 1530.963, "Actual Min Total Time": 1530.963, "Actual Max Total Time": 1530.963, "Index Cond": "(o_orderkey = lineitem.l_orderkey)", "Rows Removed by Index Recheck": 0, "Actual Rows": 311248}], "Actual Rows": 311248}], "Actual Rows": 2}], "Actual Rows": 2}, "Triggers": [], "Planner Runtime": 0.814, "Total Runtime": 3218.328, "Unique SQL Id": 2036526415}}, "(64, '82')": {"explain_plan": {"Plan": {"Node Type": "Sort", "Startup Cost": 1607892.03, "Total Cost": 1607892.04, "Plan Rows": 1, "Plan Width": 43, "Sort Key": ["lineitem.l_shipmode"], "Plans": [{"Node Type": "Aggregate", "Strategy": "Hashed", "Parent Relationship": "Outer", "Startup Cost": 1607892.01, "Total Cost": 1607892.02, "Plan Rows": 1, "Plan Width": 43, "Group By Key": ["lineitem.l_shipmode"], "Plans": [{"Node Type": "Nested Loop", "Parent Relationship": "Outer", "Join Type": "Inner", "Startup Cost": 2.29, "Total Cost": 1602736.79, "Plan Rows": 294584, "Plan Width": 27, "Inner Unique": true, "Plans": [{"Node Type": "Streaming(type: LOCAL GATHER dop: 1/64)", "Parent Relationship": "Outer", "Startup Cost": 1.25, "Total Cost": 112279.63, "Plan Rows": 294584, "Plan Width": 19, "Plans": [{"Node Type": "Seq Scan", "Parent Relationship": "Outer", "Relation Name": "lineitem", "Alias": "lineitem", "Startup Cost": 1.25, "Total Cost": 106202.39, "Plan Rows": 294584, "Plan Width": 19, "Filter": "((l_shipmode = ANY ('{RAIL,FOB}'::bpchar[])) AND (l_commitdate < l_receiptdate) AND (l_shipdate < l_commitdate) AND (l_receiptdate >= '1997-01-01 00:00:00'::timestamp(0) without time zone) AND (l_receiptdate < '1998-01-01 00:00:00'::timestamp without time zone)), (LLVM Optimized)"}]}, {"Node Type": "Bitmap Heap Scan", "Parent Relationship": "Inner", "Relation Name": "orders", "Alias": "orders", "Startup Cost": 1.04, "Total Cost": 5.05, "Plan Rows": 1, "Plan Width": 24, "Recheck Cond": "(o_orderkey = lineitem.l_orderkey)", "Plans": [{"Node Type": "Bitmap Index Scan", "Parent Relationship": "Outer", "Index Name": "orders_pkey", "Startup Cost": 0.0, "Total Cost": 1.04, "Plan Rows": 1, "Plan Width": 0, "Index Cond": "(o_orderkey = lineitem.l_orderkey)"}]}]}]}]}, "Unique SQL Id": 2036526415, "Planner Runtime": 0}, "explain_analyze_plan": {"Plan": {"Node Type": "Sort", "Startup Cost": 1607892.03, "Total Cost": 1607892.04, "Plan Rows": 1, "Plan Width": 43, "Actual Min Startup Time": 2927.841, "Actual Max Startup Time": 2927.841, "Actual Min Total Time": 2927.841, "Actual Max Total Time": 2927.841, "Sort Key": ["lineitem.l_shipmode"], "Sort Method": "quicksort", "Sort Space Min Used": 25, "Sort Space Max Used": 25, "Sort Space Type": "Memory", "Plans": [{"Node Type": "Aggregate", "Strategy": "Hashed", "Parent Relationship": "Outer", "Startup Cost": 1607892.01, "Total Cost": 1607892.02, "Plan Rows": 1, "Plan Width": 43, "Actual Min Startup Time": 2927.791, "Actual Max Startup Time": 2927.791, "Actual Min Total Time": 2927.792, "Actual Max Total Time": 2927.792, "Group By Key": ["lineitem.l_shipmode"], "Plans": [{"Node Type": "Nested Loop", "Parent Relationship": "Outer", "Join Type": "Inner", "Startup Cost": 2.29, "Total Cost": 1602736.79, "Plan Rows": 294584, "Plan Width": 27, "Actual Min Startup Time": 111.685, "Actual Max Startup Time": 111.685, "Actual Min Total Time": 2603.313, "Actual Max Total Time": 2603.313, "Inner Unique": true, "Plans": [{"Node Type": "Streaming(type: LOCAL GATHER dop: 1/64)", "Parent Relationship": "Outer", "Startup Cost": 1.25, "Total Cost": 112279.63, "Plan Rows": 294584, "Plan Width": 19, "Actual Min Startup Time": 111.61, "Actual Max Startup Time": 111.61, "Actual Min Total Time": 290.699, "Actual Max Total Time": 290.699, "Plans": [{"Node Type": "Seq Scan", "Parent Relationship": "Outer", "Relation Name": "lineitem", "Alias": "lineitem", "Startup Cost": 1.25, "Total Cost": 106202.39, "Plan Rows": 294584, "Plan Width": 19, "Actual Min Startup Time": 0.037, "Actual Max Startup Time": 0.556, "Actual Min Total Time": 454.047, "Actual Max Total Time": 622.055, "Filter": "((l_shipmode = ANY ('{RAIL,FOB}'::bpchar[])) AND (l_commitdate < l_receiptdate) AND (l_shipdate < l_commitdate) AND (l_receiptdate >= '1997-01-01 00:00:00'::timestamp(0) without time zone) AND (l_receiptdate < '1998-01-01 00:00:00'::timestamp without time zone)), (LLVM Optimized, Jit Execute)", "Rows Removed by Filter": 59674804, "Actual Rows": 311248}], "Actual Rows": 311248}, {"Node Type": "Bitmap Heap Scan", "Parent Relationship": "Inner", "Relation Name": "orders", "Alias": "orders", "Startup Cost": 1.04, "Total Cost": 5.05, "Plan Rows": 1, "Plan Width": 24, "Actual Min Startup Time": 1879.975, "Actual Max Startup Time": 1879.975, "Actual Min Total Time": 1879.975, "Actual Max Total Time": 1879.975, "Recheck Cond": "(o_orderkey = lineitem.l_orderkey)", "Rows Removed by Index Recheck": 0, "Exact Heap Blocks": 311248, "Lossy Heap Blocks": 311248, "Plans": [{"Node Type": "Bitmap Index Scan", "Parent Relationship": "Outer", "Index Name": "orders_pkey", "Startup Cost": 0.0, "Total Cost": 1.04, "Plan Rows": 1, "Plan Width": 0, "Actual Min Startup Time": 1049.498, "Actual Max Startup Time": 1049.498, "Actual Min Total Time": 1049.498, "Actual Max Total Time": 1049.498, "Index Cond": "(o_orderkey = lineitem.l_orderkey)", "Actual Rows": 311248}], "Actual Rows": 311248}], "Actual Rows": 311248}], "Actual Rows": 2}], "Actual Rows": 2}, "Triggers": [], "Planner Runtime": 0.805, "Total Runtime": 2951.673, "Unique SQL Id": 2036526415}}, "(64, '83')": {"explain_plan": {"Plan": {"Node Type": "Sort", "Startup Cost": 5485674.71, "Total Cost": 5485674.71, "Plan Rows": 1, "Plan Width": 43, "Sort Key": ["lineitem.l_shipmode"], "Plans": [{"Node Type": "Aggregate", "Strategy": "Hashed", "Parent Relationship": "Outer", "Startup Cost": 5485674.69, "Total Cost": 5485674.7, "Plan Rows": 1, "Plan Width": 43, "Group By Key": ["lineitem.l_shipmode"], "Plans": [{"Node Type": "Nested Loop", "Parent Relationship": "Outer", "Join Type": "Inner", "Startup Cost": 1225110.1, "Total Cost": 5480519.47, "Plan Rows": 294584, "Plan Width": 27, "Inner Unique": true, "Plans": [{"Node Type": "Bitmap Heap Scan", "Parent Relationship": "Outer", "Relation Name": "lineitem", "Alias": "lineitem", "Startup Cost": 1225109.06, "Total Cost": 3990062.3, "Plan Rows": 294584, "Plan Width": 19, "Filter": "((l_shipmode = ANY ('{RAIL,FOB}'::bpchar[])) AND (l_commitdate < l_receiptdate) AND (l_shipdate < l_commitdate) AND (l_receiptdate >= '1997-01-01 00:00:00'::timestamp(0) without time zone) AND (l_receiptdate < '1998-01-01 00:00:00'::timestamp without time zone)), (LLVM Optimized)", "Plans": [{"Node Type": "Bitmap Index Scan", "Parent Relationship": "Outer", "Index Name": "idx_lineitem_orderkey", "Startup Cost": 0.0, "Total Cost": 1225035.42, "Plan Rows": 59987033, "Plan Width": 0}]}, {"Node Type": "Bitmap Heap Scan", "Parent Relationship": "Inner", "Relation Name": "orders", "Alias": "orders", "Startup Cost": 1.04, "Total Cost": 5.05, "Plan Rows": 1, "Plan Width": 24, "Recheck Cond": "(o_orderkey = lineitem.l_orderkey)", "Plans": [{"Node Type": "Bitmap Index Scan", "Parent Relationship": "Outer", "Index Name": "orders_pkey", "Startup Cost": 0.0, "Total Cost": 1.04, "Plan Rows": 1, "Plan Width": 0, "Index Cond": "(o_orderkey = lineitem.l_orderkey)"}]}]}]}]}, "Unique SQL Id": 2036526415, "Planner Runtime": 0}, "explain_analyze_plan": null}, "(64, '84')": {"explain_plan": {"Plan": {"Node Type": "Sort", "Startup Cost": 1198202.39, "Total Cost": 1198202.39, "Plan Rows": 1, "Plan Width": 43, "Sort Key": ["lineitem.l_shipmode"], "Plans": [{"Node Type": "Aggregate", "Strategy": "Hashed", "Parent Relationship": "Outer", "Startup Cost": 1198202.37, "Total Cost": 1198202.38, "Plan Rows": 1, "Plan Width": 43, "Group By Key": ["lineitem.l_shipmode"], "Plans": [{"Node Type": "Nested Loop", "Parent Relationship": "Outer", "Join Type": "Inner", "Startup Cost": 1.25, "Total Cost": 1193047.15, "Plan Rows": 294584, "Plan Width": 27, "Inner Unique": true, "Plans": [{"Node Type": "Streaming(type: LOCAL GATHER dop: 1/64)", "Parent Relationship": "Outer", "Startup Cost": 1.25, "Total Cost": 112279.63, "Plan Rows": 294584, "Plan Width": 19, "Plans": [{"Node Type": "Seq Scan", "Parent Relationship": "Outer", "Relation Name": "lineitem", "Alias": "lineitem", "Startup Cost": 1.25, "Total Cost": 106202.39, "Plan Rows": 294584, "Plan Width": 19, "Filter": "((l_shipmode = ANY ('{RAIL,FOB}'::bpchar[])) AND (l_commitdate < l_receiptdate) AND (l_shipdate < l_commitdate) AND (l_receiptdate >= '1997-01-01 00:00:00'::timestamp(0) without time zone) AND (l_receiptdate < '1998-01-01 00:00:00'::timestamp without time zone)), (LLVM Optimized)"}]}, {"Node Type": "Index Scan", "Parent Relationship": "Inner", "Scan Direction": "Forward", "Index Name": "orders_pkey", "Relation Name": "orders", "Alias": "orders", "Startup Cost": 0.0, "Total Cost": 3.66, "Plan Rows": 1, "Plan Width": 24, "Index Cond": "(o_orderkey = lineitem.l_orderkey)"}]}]}]}, "Unique SQL Id": 2036526415, "Planner Runtime": 0}, "explain_analyze_plan": {"Plan": {"Node Type": "Sort", "Startup Cost": 1198202.39, "Total Cost": 1198202.39, "Plan Rows": 1, "Plan Width": 43, "Actual Min Startup Time": 2413.164, "Actual Max Startup Time": 2413.164, "Actual Min Total Time": 2413.165, "Actual Max Total Time": 2413.165, "Sort Key": ["lineitem.l_shipmode"], "Sort Method": "quicksort", "Sort Space Min Used": 25, "Sort Space Max Used": 25, "Sort Space Type": "Memory", "Plans": [{"Node Type": "Aggregate", "Strategy": "Hashed", "Parent Relationship": "Outer", "Startup Cost": 1198202.37, "Total Cost": 1198202.38, "Plan Rows": 1, "Plan Width": 43, "Actual Min Startup Time": 2413.109, "Actual Max Startup Time": 2413.109, "Actual Min Total Time": 2413.11, "Actual Max Total Time": 2413.11, "Group By Key": ["lineitem.l_shipmode"], "Plans": [{"Node Type": "Nested Loop", "Parent Relationship": "Outer", "Join Type": "Inner", "Startup Cost": 1.25, "Total Cost": 1193047.15, "Plan Rows": 294584, "Plan Width": 27, "Actual Min Startup Time": 124.405, "Actual Max Startup Time": 124.405, "Actual Min Total Time": 2097.461, "Actual Max Total Time": 2097.461, "Inner Unique": true, "Plans": [{"Node Type": "Streaming(type: LOCAL GATHER dop: 1/64)", "Parent Relationship": "Outer", "Startup Cost": 1.25, "Total Cost": 112279.63, "Plan Rows": 294584, "Plan Width": 19, "Actual Min Startup Time": 124.329, "Actual Max Startup Time": 124.329, "Actual Min Total Time": 282.816, "Actual Max Total Time": 282.816, "Plans": [{"Node Type": "Seq Scan", "Parent Relationship": "Outer", "Relation Name": "lineitem", "Alias": "lineitem", "Startup Cost": 1.25, "Total Cost": 106202.39, "Plan Rows": 294584, "Plan Width": 19, "Actual Min Startup Time": 0.036, "Actual Max Startup Time": 0.553, "Actual Min Total Time": 480.488, "Actual Max Total Time": 624.177, "Filter": "((l_shipmode = ANY ('{RAIL,FOB}'::bpchar[])) AND (l_commitdate < l_receiptdate) AND (l_shipdate < l_commitdate) AND (l_receiptdate >= '1997-01-01 00:00:00'::timestamp(0) without time zone) AND (l_receiptdate < '1998-01-01 00:00:00'::timestamp without time zone)), (LLVM Optimized, Jit Execute)", "Rows Removed by Filter": 59674804, "Actual Rows": 311248}], "Actual Rows": 311248}, {"Node Type": "Index Scan", "Parent Relationship": "Inner", "Scan Direction": "Forward", "Index Name": "orders_pkey", "Relation Name": "orders", "Alias": "orders", "Startup Cost": 0.0, "Total Cost": 3.66, "Plan Rows": 1, "Plan Width": 24, "Actual Min Startup Time": 1556.899, "Actual Max Startup Time": 1556.899, "Actual Min Total Time": 1556.899, "Actual Max Total Time": 1556.899, "Index Cond": "(o_orderkey = lineitem.l_orderkey)", "Rows Removed by Index Recheck": 0, "Actual Rows": 311248}], "Actual Rows": 311248}], "Actual Rows": 2}], "Actual Rows": 2}, "Triggers": [], "Planner Runtime": 0.74, "Total Runtime": 2436.087, "Unique SQL Id": 2036526415}}, "(64, '85')": {"explain_plan": {"Plan": {"Node Type": "Sort", "Startup Cost": 3816372.6, "Total Cost": 3816372.6, "Plan Rows": 1, "Plan Width": 43, "Sort Key": ["lineitem.l_shipmode"], "Plans": [{"Node Type": "Aggregate", "Strategy": "Hashed", "Parent Relationship": "Outer", "Startup Cost": 3816372.58, "Total Cost": 3816372.59, "Plan Rows": 1, "Plan Width": 43, "Group By Key": ["lineitem.l_shipmode"], "Plans": [{"Node Type": "Nested Loop", "Parent Relationship": "Outer", "Join Type": "Inner", "Startup Cost": 0.0, "Total Cost": 3811217.36, "Plan Rows": 294584, "Plan Width": 27, "Inner Unique": true, "Plans": [{"Node Type": "Streaming(type: LOCAL GATHER dop: 1/64)", "Parent Relationship": "Outer", "Startup Cost": 0.0, "Total Cost": 2730449.84, "Plan Rows": 294584, "Plan Width": 19, "Plans": [{"Node Type": "Index Scan", "Parent Relationship": "Outer", "Scan Direction": "Forward", "Index Name": "idx_lineitem_orderkey", "Relation Name": "lineitem", "Alias": "lineitem", "Startup Cost": 0.0, "Total Cost": 2724372.61, "Plan Rows": 294584, "Plan Width": 19, "Filter": "((l_shipmode = ANY ('{RAIL,FOB}'::bpchar[])) AND (l_commitdate < l_receiptdate) AND (l_shipdate < l_commitdate) AND (l_receiptdate >= '1997-01-01 00:00:00'::timestamp(0) without time zone) AND (l_receiptdate < '1998-01-01 00:00:00'::timestamp without time zone)), (LLVM Optimized)"}]}, {"Node Type": "Index Scan", "Parent Relationship": "Inner", "Scan Direction": "Forward", "Index Name": "orders_pkey", "Relation Name": "orders", "Alias": "orders", "Startup Cost": 0.0, "Total Cost": 3.66, "Plan Rows": 1, "Plan Width": 24, "Index Cond": "(o_orderkey = lineitem.l_orderkey)"}]}]}]}, "Unique SQL Id": 2036526415, "Planner Runtime": 0}, "explain_analyze_plan": {"Plan": {"Node Type": "Sort", "Startup Cost": 3816372.6, "Total Cost": 3816372.6, "Plan Rows": 1, "Plan Width": 43, "Actual Min Startup Time": 3195.074, "Actual Max Startup Time": 3195.074, "Actual Min Total Time": 3195.074, "Actual Max Total Time": 3195.074, "Sort Key": ["lineitem.l_shipmode"], "Sort Method": "quicksort", "Sort Space Min Used": 25, "Sort Space Max Used": 25, "Sort Space Type": "Memory", "Plans": [{"Node Type": "Aggregate", "Strategy": "Hashed", "Parent Relationship": "Outer", "Startup Cost": 3816372.58, "Total Cost": 3816372.59, "Plan Rows": 1, "Plan Width": 43, "Actual Min Startup Time": 3195.011, "Actual Max Startup Time": 3195.011, "Actual Min Total Time": 3195.013, "Actual Max Total Time": 3195.013, "Group By Key": ["lineitem.l_shipmode"], "Plans": [{"Node Type": "Nested Loop", "Parent Relationship": "Outer", "Join Type": "Inner", "Startup Cost": 0.0, "Total Cost": 3811217.36, "Plan Rows": 294584, "Plan Width": 27, "Actual Min Startup Time": 968.954, "Actual Max Startup Time": 968.954, "Actual Min Total Time": 2904.337, "Actual Max Total Time": 2904.337, "Inner Unique": true, "Plans": [{"Node Type": "Streaming(type: LOCAL GATHER dop: 1/64)", "Parent Relationship": "Outer", "Startup Cost": 0.0, "Total Cost": 2730449.84, "Plan Rows": 294584, "Plan Width": 19, "Actual Min Startup Time": 968.908, "Actual Max Startup Time": 968.908, "Actual Min Total Time": 1117.392, "Actual Max Total Time": 1117.392, "Plans": [{"Node Type": "Index Scan", "Parent Relationship": "Outer", "Scan Direction": "Forward", "Index Name": "idx_lineitem_orderkey", "Relation Name": "lineitem", "Alias": "lineitem", "Startup Cost": 0.0, "Total Cost": 2724372.61, "Plan Rows": 294584, "Plan Width": 19, "Actual Min Startup Time": 675.389, "Actual Max Startup Time": 845.225, "Actual Min Total Time": 1508.922, "Actual Max Total Time": 1713.81, "Filter": "((l_shipmode = ANY ('{RAIL,FOB}'::bpchar[])) AND (l_commitdate < l_receiptdate) AND (l_shipdate < l_commitdate) AND (l_receiptdate >= '1997-01-01 00:00:00'::timestamp(0) without time zone) AND (l_receiptdate < '1998-01-01 00:00:00'::timestamp without time zone)), (LLVM Optimized, Jit Execute)", "Rows Removed by Filter": 59674804, "Actual Rows": 311248}], "Actual Rows": 311248}, {"Node Type": "Index Scan", "Parent Relationship": "Inner", "Scan Direction": "Forward", "Index Name": "orders_pkey", "Relation Name": "orders", "Alias": "orders", "Startup Cost": 0.0, "Total Cost": 3.66, "Plan Rows": 1, "Plan Width": 24, "Actual Min Startup Time": 1530.963, "Actual Max Startup Time": 1530.963, "Actual Min Total Time": 1530.963, "Actual Max Total Time": 1530.963, "Index Cond": "(o_orderkey = lineitem.l_orderkey)", "Rows Removed by Index Recheck": 0, "Actual Rows": 311248}], "Actual Rows": 311248}], "Actual Rows": 2}], "Actual Rows": 2}, "Triggers": [], "Planner Runtime": 0.814, "Total Runtime": 3218.328, "Unique SQL Id": 2036526415}}, "(64, '86')": {"explain_plan": {"Plan": {"Node Type": "Sort", "Startup Cost": 1607892.03, "Total Cost": 1607892.04, "Plan Rows": 1, "Plan Width": 43, "Sort Key": ["lineitem.l_shipmode"], "Plans": [{"Node Type": "Aggregate", "Strategy": "Hashed", "Parent Relationship": "Outer", "Startup Cost": 1607892.01, "Total Cost": 1607892.02, "Plan Rows": 1, "Plan Width": 43, "Group By Key": ["lineitem.l_shipmode"], "Plans": [{"Node Type": "Nested Loop", "Parent Relationship": "Outer", "Join Type": "Inner", "Startup Cost": 2.29, "Total Cost": 1602736.79, "Plan Rows": 294584, "Plan Width": 27, "Inner Unique": true, "Plans": [{"Node Type": "Streaming(type: LOCAL GATHER dop: 1/64)", "Parent Relationship": "Outer", "Startup Cost": 1.25, "Total Cost": 112279.63, "Plan Rows": 294584, "Plan Width": 19, "Plans": [{"Node Type": "Seq Scan", "Parent Relationship": "Outer", "Relation Name": "lineitem", "Alias": "lineitem", "Startup Cost": 1.25, "Total Cost": 106202.39, "Plan Rows": 294584, "Plan Width": 19, "Filter": "((l_shipmode = ANY ('{RAIL,FOB}'::bpchar[])) AND (l_commitdate < l_receiptdate) AND (l_shipdate < l_commitdate) AND (l_receiptdate >= '1997-01-01 00:00:00'::timestamp(0) without time zone) AND (l_receiptdate < '1998-01-01 00:00:00'::timestamp without time zone)), (LLVM Optimized)"}]}, {"Node Type": "Bitmap Heap Scan", "Parent Relationship": "Inner", "Relation Name": "orders", "Alias": "orders", "Startup Cost": 1.04, "Total Cost": 5.05, "Plan Rows": 1, "Plan Width": 24, "Recheck Cond": "(o_orderkey = lineitem.l_orderkey)", "Plans": [{"Node Type": "Bitmap Index Scan", "Parent Relationship": "Outer", "Index Name": "orders_pkey", "Startup Cost": 0.0, "Total Cost": 1.04, "Plan Rows": 1, "Plan Width": 0, "Index Cond": "(o_orderkey = lineitem.l_orderkey)"}]}]}]}]}, "Unique SQL Id": 2036526415, "Planner Runtime": 0}, "explain_analyze_plan": {"Plan": {"Node Type": "Sort", "Startup Cost": 1607892.03, "Total Cost": 1607892.04, "Plan Rows": 1, "Plan Width": 43, "Actual Min Startup Time": 2927.841, "Actual Max Startup Time": 2927.841, "Actual Min Total Time": 2927.841, "Actual Max Total Time": 2927.841, "Sort Key": ["lineitem.l_shipmode"], "Sort Method": "quicksort", "Sort Space Min Used": 25, "Sort Space Max Used": 25, "Sort Space Type": "Memory", "Plans": [{"Node Type": "Aggregate", "Strategy": "Hashed", "Parent Relationship": "Outer", "Startup Cost": 1607892.01, "Total Cost": 1607892.02, "Plan Rows": 1, "Plan Width": 43, "Actual Min Startup Time": 2927.791, "Actual Max Startup Time": 2927.791, "Actual Min Total Time": 2927.792, "Actual Max Total Time": 2927.792, "Group By Key": ["lineitem.l_shipmode"], "Plans": [{"Node Type": "Nested Loop", "Parent Relationship": "Outer", "Join Type": "Inner", "Startup Cost": 2.29, "Total Cost": 1602736.79, "Plan Rows": 294584, "Plan Width": 27, "Actual Min Startup Time": 111.685, "Actual Max Startup Time": 111.685, "Actual Min Total Time": 2603.313, "Actual Max Total Time": 2603.313, "Inner Unique": true, "Plans": [{"Node Type": "Streaming(type: LOCAL GATHER dop: 1/64)", "Parent Relationship": "Outer", "Startup Cost": 1.25, "Total Cost": 112279.63, "Plan Rows": 294584, "Plan Width": 19, "Actual Min Startup Time": 111.61, "Actual Max Startup Time": 111.61, "Actual Min Total Time": 290.699, "Actual Max Total Time": 290.699, "Plans": [{"Node Type": "Seq Scan", "Parent Relationship": "Outer", "Relation Name": "lineitem", "Alias": "lineitem", "Startup Cost": 1.25, "Total Cost": 106202.39, "Plan Rows": 294584, "Plan Width": 19, "Actual Min Startup Time": 0.037, "Actual Max Startup Time": 0.556, "Actual Min Total Time": 454.047, "Actual Max Total Time": 622.055, "Filter": "((l_shipmode = ANY ('{RAIL,FOB}'::bpchar[])) AND (l_commitdate < l_receiptdate) AND (l_shipdate < l_commitdate) AND (l_receiptdate >= '1997-01-01 00:00:00'::timestamp(0) without time zone) AND (l_receiptdate < '1998-01-01 00:00:00'::timestamp without time zone)), (LLVM Optimized, Jit Execute)", "Rows Removed by Filter": 59674804, "Actual Rows": 311248}], "Actual Rows": 311248}, {"Node Type": "Bitmap Heap Scan", "Parent Relationship": "Inner", "Relation Name": "orders", "Alias": "orders", "Startup Cost": 1.04, "Total Cost": 5.05, "Plan Rows": 1, "Plan Width": 24, "Actual Min Startup Time": 1879.975, "Actual Max Startup Time": 1879.975, "Actual Min Total Time": 1879.975, "Actual Max Total Time": 1879.975, "Recheck Cond": "(o_orderkey = lineitem.l_orderkey)", "Rows Removed by Index Recheck": 0, "Exact Heap Blocks": 311248, "Lossy Heap Blocks": 311248, "Plans": [{"Node Type": "Bitmap Index Scan", "Parent Relationship": "Outer", "Index Name": "orders_pkey", "Startup Cost": 0.0, "Total Cost": 1.04, "Plan Rows": 1, "Plan Width": 0, "Actual Min Startup Time": 1049.498, "Actual Max Startup Time": 1049.498, "Actual Min Total Time": 1049.498, "Actual Max Total Time": 1049.498, "Index Cond": "(o_orderkey = lineitem.l_orderkey)", "Actual Rows": 311248}], "Actual Rows": 311248}], "Actual Rows": 311248}], "Actual Rows": 2}], "Actual Rows": 2}, "Triggers": [], "Planner Runtime": 0.805, "Total Runtime": 2951.673, "Unique SQL Id": 2036526415}}, "(64, '87')": {"explain_plan": {"Plan": {"Node Type": "Sort", "Startup Cost": 5485674.71, "Total Cost": 5485674.71, "Plan Rows": 1, "Plan Width": 43, "Sort Key": ["lineitem.l_shipmode"], "Plans": [{"Node Type": "Aggregate", "Strategy": "Hashed", "Parent Relationship": "Outer", "Startup Cost": 5485674.69, "Total Cost": 5485674.7, "Plan Rows": 1, "Plan Width": 43, "Group By Key": ["lineitem.l_shipmode"], "Plans": [{"Node Type": "Nested Loop", "Parent Relationship": "Outer", "Join Type": "Inner", "Startup Cost": 1225110.1, "Total Cost": 5480519.47, "Plan Rows": 294584, "Plan Width": 27, "Inner Unique": true, "Plans": [{"Node Type": "Bitmap Heap Scan", "Parent Relationship": "Outer", "Relation Name": "lineitem", "Alias": "lineitem", "Startup Cost": 1225109.06, "Total Cost": 3990062.3, "Plan Rows": 294584, "Plan Width": 19, "Filter": "((l_shipmode = ANY ('{RAIL,FOB}'::bpchar[])) AND (l_commitdate < l_receiptdate) AND (l_shipdate < l_commitdate) AND (l_receiptdate >= '1997-01-01 00:00:00'::timestamp(0) without time zone) AND (l_receiptdate < '1998-01-01 00:00:00'::timestamp without time zone)), (LLVM Optimized)", "Plans": [{"Node Type": "Bitmap Index Scan", "Parent Relationship": "Outer", "Index Name": "idx_lineitem_orderkey", "Startup Cost": 0.0, "Total Cost": 1225035.42, "Plan Rows": 59987033, "Plan Width": 0}]}, {"Node Type": "Bitmap Heap Scan", "Parent Relationship": "Inner", "Relation Name": "orders", "Alias": "orders", "Startup Cost": 1.04, "Total Cost": 5.05, "Plan Rows": 1, "Plan Width": 24, "Recheck Cond": "(o_orderkey = lineitem.l_orderkey)", "Plans": [{"Node Type": "Bitmap Index Scan", "Parent Relationship": "Outer", "Index Name": "orders_pkey", "Startup Cost": 0.0, "Total Cost": 1.04, "Plan Rows": 1, "Plan Width": 0, "Index Cond": "(o_orderkey = lineitem.l_orderkey)"}]}]}]}]}, "Unique SQL Id": 2036526415, "Planner Runtime": 0}, "explain_analyze_plan": null}, "(64, '88')": {"explain_plan": {"Plan": {"Node Type": "Sort", "Startup Cost": 1198202.39, "Total Cost": 1198202.39, "Plan Rows": 1, "Plan Width": 43, "Sort Key": ["lineitem.l_shipmode"], "Plans": [{"Node Type": "Aggregate", "Strategy": "Hashed", "Parent Relationship": "Outer", "Startup Cost": 1198202.37, "Total Cost": 1198202.38, "Plan Rows": 1, "Plan Width": 43, "Group By Key": ["lineitem.l_shipmode"], "Plans": [{"Node Type": "Nested Loop", "Parent Relationship": "Outer", "Join Type": "Inner", "Startup Cost": 1.25, "Total Cost": 1193047.15, "Plan Rows": 294584, "Plan Width": 27, "Inner Unique": true, "Plans": [{"Node Type": "Streaming(type: LOCAL GATHER dop: 1/64)", "Parent Relationship": "Outer", "Startup Cost": 1.25, "Total Cost": 112279.63, "Plan Rows": 294584, "Plan Width": 19, "Plans": [{"Node Type": "Seq Scan", "Parent Relationship": "Outer", "Relation Name": "lineitem", "Alias": "lineitem", "Startup Cost": 1.25, "Total Cost": 106202.39, "Plan Rows": 294584, "Plan Width": 19, "Filter": "((l_shipmode = ANY ('{RAIL,FOB}'::bpchar[])) AND (l_commitdate < l_receiptdate) AND (l_shipdate < l_commitdate) AND (l_receiptdate >= '1997-01-01 00:00:00'::timestamp(0) without time zone) AND (l_receiptdate < '1998-01-01 00:00:00'::timestamp without time zone)), (LLVM Optimized)"}]}, {"Node Type": "Index Scan", "Parent Relationship": "Inner", "Scan Direction": "Forward", "Index Name": "orders_pkey", "Relation Name": "orders", "Alias": "orders", "Startup Cost": 0.0, "Total Cost": 3.66, "Plan Rows": 1, "Plan Width": 24, "Index Cond": "(o_orderkey = lineitem.l_orderkey)"}]}]}]}, "Unique SQL Id": 2036526415, "Planner Runtime": 0}, "explain_analyze_plan": {"Plan": {"Node Type": "Sort", "Startup Cost": 1198202.39, "Total Cost": 1198202.39, "Plan Rows": 1, "Plan Width": 43, "Actual Min Startup Time": 2413.164, "Actual Max Startup Time": 2413.164, "Actual Min Total Time": 2413.165, "Actual Max Total Time": 2413.165, "Sort Key": ["lineitem.l_shipmode"], "Sort Method": "quicksort", "Sort Space Min Used": 25, "Sort Space Max Used": 25, "Sort Space Type": "Memory", "Plans": [{"Node Type": "Aggregate", "Strategy": "Hashed", "Parent Relationship": "Outer", "Startup Cost": 1198202.37, "Total Cost": 1198202.38, "Plan Rows": 1, "Plan Width": 43, "Actual Min Startup Time": 2413.109, "Actual Max Startup Time": 2413.109, "Actual Min Total Time": 2413.11, "Actual Max Total Time": 2413.11, "Group By Key": ["lineitem.l_shipmode"], "Plans": [{"Node Type": "Nested Loop", "Parent Relationship": "Outer", "Join Type": "Inner", "Startup Cost": 1.25, "Total Cost": 1193047.15, "Plan Rows": 294584, "Plan Width": 27, "Actual Min Startup Time": 124.405, "Actual Max Startup Time": 124.405, "Actual Min Total Time": 2097.461, "Actual Max Total Time": 2097.461, "Inner Unique": true, "Plans": [{"Node Type": "Streaming(type: LOCAL GATHER dop: 1/64)", "Parent Relationship": "Outer", "Startup Cost": 1.25, "Total Cost": 112279.63, "Plan Rows": 294584, "Plan Width": 19, "Actual Min Startup Time": 124.329, "Actual Max Startup Time": 124.329, "Actual Min Total Time": 282.816, "Actual Max Total Time": 282.816, "Plans": [{"Node Type": "Seq Scan", "Parent Relationship": "Outer", "Relation Name": "lineitem", "Alias": "lineitem", "Startup Cost": 1.25, "Total Cost": 106202.39, "Plan Rows": 294584, "Plan Width": 19, "Actual Min Startup Time": 0.036, "Actual Max Startup Time": 0.553, "Actual Min Total Time": 480.488, "Actual Max Total Time": 624.177, "Filter": "((l_shipmode = ANY ('{RAIL,FOB}'::bpchar[])) AND (l_commitdate < l_receiptdate) AND (l_shipdate < l_commitdate) AND (l_receiptdate >= '1997-01-01 00:00:00'::timestamp(0) without time zone) AND (l_receiptdate < '1998-01-01 00:00:00'::timestamp without time zone)), (LLVM Optimized, Jit Execute)", "Rows Removed by Filter": 59674804, "Actual Rows": 311248}], "Actual Rows": 311248}, {"Node Type": "Index Scan", "Parent Relationship": "Inner", "Scan Direction": "Forward", "Index Name": "orders_pkey", "Relation Name": "orders", "Alias": "orders", "Startup Cost": 0.0, "Total Cost": 3.66, "Plan Rows": 1, "Plan Width": 24, "Actual Min Startup Time": 1556.899, "Actual Max Startup Time": 1556.899, "Actual Min Total Time": 1556.899, "Actual Max Total Time": 1556.899, "Index Cond": "(o_orderkey = lineitem.l_orderkey)", "Rows Removed by Index Recheck": 0, "Actual Rows": 311248}], "Actual Rows": 311248}], "Actual Rows": 2}], "Actual Rows": 2}, "Triggers": [], "Planner Runtime": 0.74, "Total Runtime": 2436.087, "Unique SQL Id": 2036526415}}, "(64, '89')": {"explain_plan": {"Plan": {"Node Type": "Sort", "Startup Cost": 3816372.6, "Total Cost": 3816372.6, "Plan Rows": 1, "Plan Width": 43, "Sort Key": ["lineitem.l_shipmode"], "Plans": [{"Node Type": "Aggregate", "Strategy": "Hashed", "Parent Relationship": "Outer", "Startup Cost": 3816372.58, "Total Cost": 3816372.59, "Plan Rows": 1, "Plan Width": 43, "Group By Key": ["lineitem.l_shipmode"], "Plans": [{"Node Type": "Nested Loop", "Parent Relationship": "Outer", "Join Type": "Inner", "Startup Cost": 0.0, "Total Cost": 3811217.36, "Plan Rows": 294584, "Plan Width": 27, "Inner Unique": true, "Plans": [{"Node Type": "Streaming(type: LOCAL GATHER dop: 1/64)", "Parent Relationship": "Outer", "Startup Cost": 0.0, "Total Cost": 2730449.84, "Plan Rows": 294584, "Plan Width": 19, "Plans": [{"Node Type": "Index Scan", "Parent Relationship": "Outer", "Scan Direction": "Forward", "Index Name": "idx_lineitem_orderkey", "Relation Name": "lineitem", "Alias": "lineitem", "Startup Cost": 0.0, "Total Cost": 2724372.61, "Plan Rows": 294584, "Plan Width": 19, "Filter": "((l_shipmode = ANY ('{RAIL,FOB}'::bpchar[])) AND (l_commitdate < l_receiptdate) AND (l_shipdate < l_commitdate) AND (l_receiptdate >= '1997-01-01 00:00:00'::timestamp(0) without time zone) AND (l_receiptdate < '1998-01-01 00:00:00'::timestamp without time zone)), (LLVM Optimized)"}]}, {"Node Type": "Index Scan", "Parent Relationship": "Inner", "Scan Direction": "Forward", "Index Name": "orders_pkey", "Relation Name": "orders", "Alias": "orders", "Startup Cost": 0.0, "Total Cost": 3.66, "Plan Rows": 1, "Plan Width": 24, "Index Cond": "(o_orderkey = lineitem.l_orderkey)"}]}]}]}, "Unique SQL Id": 2036526415, "Planner Runtime": 0}, "explain_analyze_plan": {"Plan": {"Node Type": "Sort", "Startup Cost": 3816372.6, "Total Cost": 3816372.6, "Plan Rows": 1, "Plan Width": 43, "Actual Min Startup Time": 3195.074, "Actual Max Startup Time": 3195.074, "Actual Min Total Time": 3195.074, "Actual Max Total Time": 3195.074, "Sort Key": ["lineitem.l_shipmode"], "Sort Method": "quicksort", "Sort Space Min Used": 25, "Sort Space Max Used": 25, "Sort Space Type": "Memory", "Plans": [{"Node Type": "Aggregate", "Strategy": "Hashed", "Parent Relationship": "Outer", "Startup Cost": 3816372.58, "Total Cost": 3816372.59, "Plan Rows": 1, "Plan Width": 43, "Actual Min Startup Time": 3195.011, "Actual Max Startup Time": 3195.011, "Actual Min Total Time": 3195.013, "Actual Max Total Time": 3195.013, "Group By Key": ["lineitem.l_shipmode"], "Plans": [{"Node Type": "Nested Loop", "Parent Relationship": "Outer", "Join Type": "Inner", "Startup Cost": 0.0, "Total Cost": 3811217.36, "Plan Rows": 294584, "Plan Width": 27, "Actual Min Startup Time": 968.954, "Actual Max Startup Time": 968.954, "Actual Min Total Time": 2904.337, "Actual Max Total Time": 2904.337, "Inner Unique": true, "Plans": [{"Node Type": "Streaming(type: LOCAL GATHER dop: 1/64)", "Parent Relationship": "Outer", "Startup Cost": 0.0, "Total Cost": 2730449.84, "Plan Rows": 294584, "Plan Width": 19, "Actual Min Startup Time": 968.908, "Actual Max Startup Time": 968.908, "Actual Min Total Time": 1117.392, "Actual Max Total Time": 1117.392, "Plans": [{"Node Type": "Index Scan", "Parent Relationship": "Outer", "Scan Direction": "Forward", "Index Name": "idx_lineitem_orderkey", "Relation Name": "lineitem", "Alias": "lineitem", "Startup Cost": 0.0, "Total Cost": 2724372.61, "Plan Rows": 294584, "Plan Width": 19, "Actual Min Startup Time": 675.389, "Actual Max Startup Time": 845.225, "Actual Min Total Time": 1508.922, "Actual Max Total Time": 1713.81, "Filter": "((l_shipmode = ANY ('{RAIL,FOB}'::bpchar[])) AND (l_commitdate < l_receiptdate) AND (l_shipdate < l_commitdate) AND (l_receiptdate >= '1997-01-01 00:00:00'::timestamp(0) without time zone) AND (l_receiptdate < '1998-01-01 00:00:00'::timestamp without time zone)), (LLVM Optimized, Jit Execute)", "Rows Removed by Filter": 59674804, "Actual Rows": 311248}], "Actual Rows": 311248}, {"Node Type": "Index Scan", "Parent Relationship": "Inner", "Scan Direction": "Forward", "Index Name": "orders_pkey", "Relation Name": "orders", "Alias": "orders", "Startup Cost": 0.0, "Total Cost": 3.66, "Plan Rows": 1, "Plan Width": 24, "Actual Min Startup Time": 1530.963, "Actual Max Startup Time": 1530.963, "Actual Min Total Time": 1530.963, "Actual Max Total Time": 1530.963, "Index Cond": "(o_orderkey = lineitem.l_orderkey)", "Rows Removed by Index Recheck": 0, "Actual Rows": 311248}], "Actual Rows": 311248}], "Actual Rows": 2}], "Actual Rows": 2}, "Triggers": [], "Planner Runtime": 0.814, "Total Runtime": 3218.328, "Unique SQL Id": 2036526415}}, "(64, '90')": {"explain_plan": {"Plan": {"Node Type": "Sort", "Startup Cost": 100164977925.86, "Total Cost": 100164977925.86, "Plan Rows": 1, "Plan Width": 43, "Sort Key": ["lineitem.l_shipmode"], "Plans": [{"Node Type": "Streaming(type: LOCAL GATHER dop: 1/64)", "Parent Relationship": "Outer", "Startup Cost": 100164977925.84, "Total Cost": 100164977925.85, "Plan Rows": 1, "Plan Width": 43, "Plans": [{"Node Type": "Aggregate", "Strategy": "Hashed", "Parent Relationship": "Outer", "Startup Cost": 100164977925.84, "Total Cost": 100164977925.84, "Plan Rows": 1, "Plan Width": 43, "Group By Key": ["lineitem.l_shipmode"], "Plans": [{"Node Type": "Streaming(type: LOCAL REDISTRIBUTE dop: 64/64)", "Parent Relationship": "Outer", "Startup Cost": 100164977925.8, "Total Cost": 100164977925.84, "Plan Rows": 1, "Plan Width": 43, "Plans": [{"Node Type": "Aggregate", "Strategy": "Hashed", "Parent Relationship": "Outer", "Startup Cost": 100164977925.8, "Total Cost": 100164977925.8, "Plan Rows": 1, "Plan Width": 43, "Group By Key": ["lineitem.l_shipmode"], "Plans": [{"Node Type": "Nested Loop", "Parent Relationship": "Outer", "Join Type": "Inner", "Startup Cost": 10000000001.25, "Total Cost": 100164977845.25, "Plan Rows": 294584, "Plan Width": 27, "Inner Unique": false, "Join Filter": "(orders.o_orderkey = lineitem.l_orderkey), (LLVM Optimized)", "Plans": [{"Node Type": "Streaming(type: LOCAL REDISTRIBUTE dop: 64/64)", "Parent Relationship": "Outer", "Startup Cost": 0.0, "Total Cost": 146871.21, "Plan Rows": 14999479, "Plan Width": 24, "Plans": [{"Node Type": "Seq Scan", "Parent Relationship": "Outer", "Relation Name": "orders", "Alias": "orders", "Startup Cost": 0.0, "Total Cost": 69662.72, "Plan Rows": 14999479, "Plan Width": 24}]}, {"Node Type": "Materialize", "Parent Relationship": "Inner", "Startup Cost": 1.25, "Total Cost": 169504.46, "Plan Rows": 294584, "Plan Width": 19, "Plans": [{"Node Type": "Streaming(type: LOCAL REDISTRIBUTE dop: 64/64)", "Parent Relationship": "Outer", "Startup Cost": 1.25, "Total Cost": 169481.44, "Plan Rows": 294584, "Plan Width": 19, "Plans": [{"Node Type": "Seq Scan", "Parent Relationship": "Outer", "Relation Name": "lineitem", "Alias": "lineitem", "Startup Cost": 1.25, "Total Cost": 106202.39, "Plan Rows": 294584, "Plan Width": 19, "Filter": "((l_shipmode = ANY ('{RAIL,FOB}'::bpchar[])) AND (l_commitdate < l_receiptdate) AND (l_shipdate < l_commitdate) AND (l_receiptdate >= '1997-01-01 00:00:00'::timestamp(0) without time zone) AND (l_receiptdate < '1998-01-01 00:00:00'::timestamp without time zone)), (LLVM Optimized)"}]}]}]}]}]}]}]}]}, "Unique SQL Id": 2036526415, "Planner Runtime": 0}, "explain_analyze_plan": null}, "(64, '91')": {"explain_plan": {"Plan": {"Node Type": "Sort", "Startup Cost": 2000455333216.63, "Total Cost": 2000455333216.63, "Plan Rows": 1, "Plan Width": 43, "Sort Key": ["lineitem.l_shipmode"], "Plans": [{"Node Type": "Aggregate", "Strategy": "Hashed", "Parent Relationship": "Outer", "Startup Cost": 2000455333216.61, "Total Cost": 2000455333216.62, "Plan Rows": 1, "Plan Width": 43, "Group By Key": ["lineitem.l_shipmode"], "Plans": [{"Node Type": "Merge Join", "Parent Relationship": "Outer", "Join Type": "Inner", "Startup Cost": 20036369949.75, "Total Cost": 2000455328061.39, "Plan Rows": 294584, "Plan Width": 27, "Inner Unique": false, "Merge Cond": "(orders.o_orderkey = lineitem.l_orderkey)", "Plans": [{"Node Type": "Index Scan", "Parent Relationship": "Outer", "Scan Direction": "Forward", "Index Name": "orders_pkey", "Relation Name": "orders", "Alias": "orders", "Startup Cost": 10000000000.0, "Total Cost": 1000073097843.5, "Plan Rows": 14999479, "Plan Width": 24}, {"Node Type": "Index Scan", "Parent Relationship": "Inner", "Scan Direction": "Forward", "Index Name": "idx_lineitem_orderkey", "Relation Name": "lineitem", "Alias": "lineitem", "Startup Cost": 10000000000.0, "Total Cost": 1000398999165.75, "Plan Rows": 294584, "Plan Width": 19, "Filter": "((l_shipmode = ANY ('{RAIL,FOB}'::bpchar[])) AND (l_commitdate < l_receiptdate) AND (l_shipdate < l_commitdate) AND (l_receiptdate >= '1997-01-01 00:00:00'::timestamp(0) without time zone) AND (l_receiptdate < '1998-01-01 00:00:00'::timestamp without time zone)), (LLVM Optimized)"}]}]}]}, "Unique SQL Id": 2036526415, "Planner Runtime": 1}, "explain_analyze_plan": null}, "(64, '92')": {"explain_plan": {"Plan": {"Node Type": "Sort", "Startup Cost": 1198202.39, "Total Cost": 1198202.39, "Plan Rows": 1, "Plan Width": 43, "Sort Key": ["lineitem.l_shipmode"], "Plans": [{"Node Type": "Aggregate", "Strategy": "Hashed", "Parent Relationship": "Outer", "Startup Cost": 1198202.37, "Total Cost": 1198202.38, "Plan Rows": 1, "Plan Width": 43, "Group By Key": ["lineitem.l_shipmode"], "Plans": [{"Node Type": "Nested Loop", "Parent Relationship": "Outer", "Join Type": "Inner", "Startup Cost": 1.25, "Total Cost": 1193047.15, "Plan Rows": 294584, "Plan Width": 27, "Inner Unique": true, "Plans": [{"Node Type": "Streaming(type: LOCAL GATHER dop: 1/64)", "Parent Relationship": "Outer", "Startup Cost": 1.25, "Total Cost": 112279.63, "Plan Rows": 294584, "Plan Width": 19, "Plans": [{"Node Type": "Seq Scan", "Parent Relationship": "Outer", "Relation Name": "lineitem", "Alias": "lineitem", "Startup Cost": 1.25, "Total Cost": 106202.39, "Plan Rows": 294584, "Plan Width": 19, "Filter": "((l_shipmode = ANY ('{RAIL,FOB}'::bpchar[])) AND (l_commitdate < l_receiptdate) AND (l_shipdate < l_commitdate) AND (l_receiptdate >= '1997-01-01 00:00:00'::timestamp(0) without time zone) AND (l_receiptdate < '1998-01-01 00:00:00'::timestamp without time zone)), (LLVM Optimized)"}]}, {"Node Type": "Index Scan", "Parent Relationship": "Inner", "Scan Direction": "Forward", "Index Name": "orders_pkey", "Relation Name": "orders", "Alias": "orders", "Startup Cost": 0.0, "Total Cost": 3.66, "Plan Rows": 1, "Plan Width": 24, "Index Cond": "(o_orderkey = lineitem.l_orderkey)"}]}]}]}, "Unique SQL Id": 2036526415, "Planner Runtime": 0}, "explain_analyze_plan": {"Plan": {"Node Type": "Sort", "Startup Cost": 1198202.39, "Total Cost": 1198202.39, "Plan Rows": 1, "Plan Width": 43, "Actual Min Startup Time": 2413.164, "Actual Max Startup Time": 2413.164, "Actual Min Total Time": 2413.165, "Actual Max Total Time": 2413.165, "Sort Key": ["lineitem.l_shipmode"], "Sort Method": "quicksort", "Sort Space Min Used": 25, "Sort Space Max Used": 25, "Sort Space Type": "Memory", "Plans": [{"Node Type": "Aggregate", "Strategy": "Hashed", "Parent Relationship": "Outer", "Startup Cost": 1198202.37, "Total Cost": 1198202.38, "Plan Rows": 1, "Plan Width": 43, "Actual Min Startup Time": 2413.109, "Actual Max Startup Time": 2413.109, "Actual Min Total Time": 2413.11, "Actual Max Total Time": 2413.11, "Group By Key": ["lineitem.l_shipmode"], "Plans": [{"Node Type": "Nested Loop", "Parent Relationship": "Outer", "Join Type": "Inner", "Startup Cost": 1.25, "Total Cost": 1193047.15, "Plan Rows": 294584, "Plan Width": 27, "Actual Min Startup Time": 124.405, "Actual Max Startup Time": 124.405, "Actual Min Total Time": 2097.461, "Actual Max Total Time": 2097.461, "Inner Unique": true, "Plans": [{"Node Type": "Streaming(type: LOCAL GATHER dop: 1/64)", "Parent Relationship": "Outer", "Startup Cost": 1.25, "Total Cost": 112279.63, "Plan Rows": 294584, "Plan Width": 19, "Actual Min Startup Time": 124.329, "Actual Max Startup Time": 124.329, "Actual Min Total Time": 282.816, "Actual Max Total Time": 282.816, "Plans": [{"Node Type": "Seq Scan", "Parent Relationship": "Outer", "Relation Name": "lineitem", "Alias": "lineitem", "Startup Cost": 1.25, "Total Cost": 106202.39, "Plan Rows": 294584, "Plan Width": 19, "Actual Min Startup Time": 0.036, "Actual Max Startup Time": 0.553, "Actual Min Total Time": 480.488, "Actual Max Total Time": 624.177, "Filter": "((l_shipmode = ANY ('{RAIL,FOB}'::bpchar[])) AND (l_commitdate < l_receiptdate) AND (l_shipdate < l_commitdate) AND (l_receiptdate >= '1997-01-01 00:00:00'::timestamp(0) without time zone) AND (l_receiptdate < '1998-01-01 00:00:00'::timestamp without time zone)), (LLVM Optimized, Jit Execute)", "Rows Removed by Filter": 59674804, "Actual Rows": 311248}], "Actual Rows": 311248}, {"Node Type": "Index Scan", "Parent Relationship": "Inner", "Scan Direction": "Forward", "Index Name": "orders_pkey", "Relation Name": "orders", "Alias": "orders", "Startup Cost": 0.0, "Total Cost": 3.66, "Plan Rows": 1, "Plan Width": 24, "Actual Min Startup Time": 1556.899, "Actual Max Startup Time": 1556.899, "Actual Min Total Time": 1556.899, "Actual Max Total Time": 1556.899, "Index Cond": "(o_orderkey = lineitem.l_orderkey)", "Rows Removed by Index Recheck": 0, "Actual Rows": 311248}], "Actual Rows": 311248}], "Actual Rows": 2}], "Actual Rows": 2}, "Triggers": [], "Planner Runtime": 0.74, "Total Runtime": 2436.087, "Unique SQL Id": 2036526415}}, "(64, '93')": {"explain_plan": {"Plan": {"Node Type": "Sort", "Startup Cost": 3816372.6, "Total Cost": 3816372.6, "Plan Rows": 1, "Plan Width": 43, "Sort Key": ["lineitem.l_shipmode"], "Plans": [{"Node Type": "Aggregate", "Strategy": "Hashed", "Parent Relationship": "Outer", "Startup Cost": 3816372.58, "Total Cost": 3816372.59, "Plan Rows": 1, "Plan Width": 43, "Group By Key": ["lineitem.l_shipmode"], "Plans": [{"Node Type": "Nested Loop", "Parent Relationship": "Outer", "Join Type": "Inner", "Startup Cost": 0.0, "Total Cost": 3811217.36, "Plan Rows": 294584, "Plan Width": 27, "Inner Unique": true, "Plans": [{"Node Type": "Streaming(type: LOCAL GATHER dop: 1/64)", "Parent Relationship": "Outer", "Startup Cost": 0.0, "Total Cost": 2730449.84, "Plan Rows": 294584, "Plan Width": 19, "Plans": [{"Node Type": "Index Scan", "Parent Relationship": "Outer", "Scan Direction": "Forward", "Index Name": "idx_lineitem_orderkey", "Relation Name": "lineitem", "Alias": "lineitem", "Startup Cost": 0.0, "Total Cost": 2724372.61, "Plan Rows": 294584, "Plan Width": 19, "Filter": "((l_shipmode = ANY ('{RAIL,FOB}'::bpchar[])) AND (l_commitdate < l_receiptdate) AND (l_shipdate < l_commitdate) AND (l_receiptdate >= '1997-01-01 00:00:00'::timestamp(0) without time zone) AND (l_receiptdate < '1998-01-01 00:00:00'::timestamp without time zone)), (LLVM Optimized)"}]}, {"Node Type": "Index Scan", "Parent Relationship": "Inner", "Scan Direction": "Forward", "Index Name": "orders_pkey", "Relation Name": "orders", "Alias": "orders", "Startup Cost": 0.0, "Total Cost": 3.66, "Plan Rows": 1, "Plan Width": 24, "Index Cond": "(o_orderkey = lineitem.l_orderkey)"}]}]}]}, "Unique SQL Id": 2036526415, "Planner Runtime": 0}, "explain_analyze_plan": {"Plan": {"Node Type": "Sort", "Startup Cost": 3816372.6, "Total Cost": 3816372.6, "Plan Rows": 1, "Plan Width": 43, "Actual Min Startup Time": 3195.074, "Actual Max Startup Time": 3195.074, "Actual Min Total Time": 3195.074, "Actual Max Total Time": 3195.074, "Sort Key": ["lineitem.l_shipmode"], "Sort Method": "quicksort", "Sort Space Min Used": 25, "Sort Space Max Used": 25, "Sort Space Type": "Memory", "Plans": [{"Node Type": "Aggregate", "Strategy": "Hashed", "Parent Relationship": "Outer", "Startup Cost": 3816372.58, "Total Cost": 3816372.59, "Plan Rows": 1, "Plan Width": 43, "Actual Min Startup Time": 3195.011, "Actual Max Startup Time": 3195.011, "Actual Min Total Time": 3195.013, "Actual Max Total Time": 3195.013, "Group By Key": ["lineitem.l_shipmode"], "Plans": [{"Node Type": "Nested Loop", "Parent Relationship": "Outer", "Join Type": "Inner", "Startup Cost": 0.0, "Total Cost": 3811217.36, "Plan Rows": 294584, "Plan Width": 27, "Actual Min Startup Time": 968.954, "Actual Max Startup Time": 968.954, "Actual Min Total Time": 2904.337, "Actual Max Total Time": 2904.337, "Inner Unique": true, "Plans": [{"Node Type": "Streaming(type: LOCAL GATHER dop: 1/64)", "Parent Relationship": "Outer", "Startup Cost": 0.0, "Total Cost": 2730449.84, "Plan Rows": 294584, "Plan Width": 19, "Actual Min Startup Time": 968.908, "Actual Max Startup Time": 968.908, "Actual Min Total Time": 1117.392, "Actual Max Total Time": 1117.392, "Plans": [{"Node Type": "Index Scan", "Parent Relationship": "Outer", "Scan Direction": "Forward", "Index Name": "idx_lineitem_orderkey", "Relation Name": "lineitem", "Alias": "lineitem", "Startup Cost": 0.0, "Total Cost": 2724372.61, "Plan Rows": 294584, "Plan Width": 19, "Actual Min Startup Time": 675.389, "Actual Max Startup Time": 845.225, "Actual Min Total Time": 1508.922, "Actual Max Total Time": 1713.81, "Filter": "((l_shipmode = ANY ('{RAIL,FOB}'::bpchar[])) AND (l_commitdate < l_receiptdate) AND (l_shipdate < l_commitdate) AND (l_receiptdate >= '1997-01-01 00:00:00'::timestamp(0) without time zone) AND (l_receiptdate < '1998-01-01 00:00:00'::timestamp without time zone)), (LLVM Optimized, Jit Execute)", "Rows Removed by Filter": 59674804, "Actual Rows": 311248}], "Actual Rows": 311248}, {"Node Type": "Index Scan", "Parent Relationship": "Inner", "Scan Direction": "Forward", "Index Name": "orders_pkey", "Relation Name": "orders", "Alias": "orders", "Startup Cost": 0.0, "Total Cost": 3.66, "Plan Rows": 1, "Plan Width": 24, "Actual Min Startup Time": 1530.963, "Actual Max Startup Time": 1530.963, "Actual Min Total Time": 1530.963, "Actual Max Total Time": 1530.963, "Index Cond": "(o_orderkey = lineitem.l_orderkey)", "Rows Removed by Index Recheck": 0, "Actual Rows": 311248}], "Actual Rows": 311248}], "Actual Rows": 2}], "Actual Rows": 2}, "Triggers": [], "Planner Runtime": 0.814, "Total Runtime": 3218.328, "Unique SQL Id": 2036526415}}, "(64, '94')": {"explain_plan": {"Plan": {"Node Type": "Sort", "Startup Cost": 100164977925.86, "Total Cost": 100164977925.86, "Plan Rows": 1, "Plan Width": 43, "Sort Key": ["lineitem.l_shipmode"], "Plans": [{"Node Type": "Streaming(type: LOCAL GATHER dop: 1/64)", "Parent Relationship": "Outer", "Startup Cost": 100164977925.84, "Total Cost": 100164977925.85, "Plan Rows": 1, "Plan Width": 43, "Plans": [{"Node Type": "Aggregate", "Strategy": "Hashed", "Parent Relationship": "Outer", "Startup Cost": 100164977925.84, "Total Cost": 100164977925.84, "Plan Rows": 1, "Plan Width": 43, "Group By Key": ["lineitem.l_shipmode"], "Plans": [{"Node Type": "Streaming(type: LOCAL REDISTRIBUTE dop: 64/64)", "Parent Relationship": "Outer", "Startup Cost": 100164977925.8, "Total Cost": 100164977925.84, "Plan Rows": 1, "Plan Width": 43, "Plans": [{"Node Type": "Aggregate", "Strategy": "Hashed", "Parent Relationship": "Outer", "Startup Cost": 100164977925.8, "Total Cost": 100164977925.8, "Plan Rows": 1, "Plan Width": 43, "Group By Key": ["lineitem.l_shipmode"], "Plans": [{"Node Type": "Nested Loop", "Parent Relationship": "Outer", "Join Type": "Inner", "Startup Cost": 10000000001.25, "Total Cost": 100164977845.25, "Plan Rows": 294584, "Plan Width": 27, "Inner Unique": false, "Join Filter": "(orders.o_orderkey = lineitem.l_orderkey), (LLVM Optimized)", "Plans": [{"Node Type": "Streaming(type: LOCAL REDISTRIBUTE dop: 64/64)", "Parent Relationship": "Outer", "Startup Cost": 0.0, "Total Cost": 146871.21, "Plan Rows": 14999479, "Plan Width": 24, "Plans": [{"Node Type": "Seq Scan", "Parent Relationship": "Outer", "Relation Name": "orders", "Alias": "orders", "Startup Cost": 0.0, "Total Cost": 69662.72, "Plan Rows": 14999479, "Plan Width": 24}]}, {"Node Type": "Materialize", "Parent Relationship": "Inner", "Startup Cost": 1.25, "Total Cost": 169504.46, "Plan Rows": 294584, "Plan Width": 19, "Plans": [{"Node Type": "Streaming(type: LOCAL REDISTRIBUTE dop: 64/64)", "Parent Relationship": "Outer", "Startup Cost": 1.25, "Total Cost": 169481.44, "Plan Rows": 294584, "Plan Width": 19, "Plans": [{"Node Type": "Seq Scan", "Parent Relationship": "Outer", "Relation Name": "lineitem", "Alias": "lineitem", "Startup Cost": 1.25, "Total Cost": 106202.39, "Plan Rows": 294584, "Plan Width": 19, "Filter": "((l_shipmode = ANY ('{RAIL,FOB}'::bpchar[])) AND (l_commitdate < l_receiptdate) AND (l_shipdate < l_commitdate) AND (l_receiptdate >= '1997-01-01 00:00:00'::timestamp(0) without time zone) AND (l_receiptdate < '1998-01-01 00:00:00'::timestamp without time zone)), (LLVM Optimized)"}]}]}]}]}]}]}]}]}, "Unique SQL Id": 2036526415, "Planner Runtime": 0}, "explain_analyze_plan": null}, "(64, '95')": {"explain_plan": {"Plan": {"Node Type": "Sort", "Startup Cost": 2000455333216.63, "Total Cost": 2000455333216.63, "Plan Rows": 1, "Plan Width": 43, "Sort Key": ["lineitem.l_shipmode"], "Plans": [{"Node Type": "Aggregate", "Strategy": "Hashed", "Parent Relationship": "Outer", "Startup Cost": 2000455333216.61, "Total Cost": 2000455333216.62, "Plan Rows": 1, "Plan Width": 43, "Group By Key": ["lineitem.l_shipmode"], "Plans": [{"Node Type": "Merge Join", "Parent Relationship": "Outer", "Join Type": "Inner", "Startup Cost": 20036369949.75, "Total Cost": 2000455328061.39, "Plan Rows": 294584, "Plan Width": 27, "Inner Unique": false, "Merge Cond": "(orders.o_orderkey = lineitem.l_orderkey)", "Plans": [{"Node Type": "Index Scan", "Parent Relationship": "Outer", "Scan Direction": "Forward", "Index Name": "orders_pkey", "Relation Name": "orders", "Alias": "orders", "Startup Cost": 10000000000.0, "Total Cost": 1000073097843.5, "Plan Rows": 14999479, "Plan Width": 24}, {"Node Type": "Index Scan", "Parent Relationship": "Inner", "Scan Direction": "Forward", "Index Name": "idx_lineitem_orderkey", "Relation Name": "lineitem", "Alias": "lineitem", "Startup Cost": 10000000000.0, "Total Cost": 1000398999165.75, "Plan Rows": 294584, "Plan Width": 19, "Filter": "((l_shipmode = ANY ('{RAIL,FOB}'::bpchar[])) AND (l_commitdate < l_receiptdate) AND (l_shipdate < l_commitdate) AND (l_receiptdate >= '1997-01-01 00:00:00'::timestamp(0) without time zone) AND (l_receiptdate < '1998-01-01 00:00:00'::timestamp without time zone)), (LLVM Optimized)"}]}]}]}, "Unique SQL Id": 2036526415, "Planner Runtime": 0}, "explain_analyze_plan": null}, "(64, '96')": {"explain_plan": {"Plan": {"Node Type": "Sort", "Startup Cost": 254993.48, "Total Cost": 254993.48, "Plan Rows": 1, "Plan Width": 43, "Sort Key": ["lineitem.l_shipmode"], "Plans": [{"Node Type": "Streaming(type: LOCAL GATHER dop: 1/64)", "Parent Relationship": "Outer", "Startup Cost": 254993.46, "Total Cost": 254993.47, "Plan Rows": 1, "Plan Width": 43, "Plans": [{"Node Type": "Aggregate", "Strategy": "Hashed", "Parent Relationship": "Outer", "Startup Cost": 254993.46, "Total Cost": 254993.46, "Plan Rows": 1, "Plan Width": 43, "Group By Key": ["lineitem.l_shipmode"], "Plans": [{"Node Type": "Streaming(type: LOCAL REDISTRIBUTE dop: 64/64)", "Parent Relationship": "Outer", "Startup Cost": 254993.44, "Total Cost": 254993.46, "Plan Rows": 1, "Plan Width": 43, "Plans": [{"Node Type": "Aggregate", "Strategy": "Hashed", "Parent Relationship": "Outer", "Startup Cost": 254993.44, "Total Cost": 254993.44, "Plan Rows": 1, "Plan Width": 43, "Group By Key": ["lineitem.l_shipmode"], "Plans": [{"Node Type": "Hash Join", "Parent Relationship": "Outer", "Join Type": "Inner", "Startup Cost": 72593.55, "Total Cost": 254912.89, "Plan Rows": 294584, "Plan Width": 27, "Inner Unique": true, "Hash Cond": "(lineitem.l_orderkey = orders.o_orderkey), (LLVM Optimized)", "Plans": [{"Node Type": "Streaming(type: BROADCAST dop: 64/64)", "Parent Relationship": "Outer", "Startup Cost": 1.25, "Total Cost": 181169.87, "Plan Rows": 18853376, "Plan Width": 19, "Plans": [{"Node Type": "Seq Scan", "Parent Relationship": "Outer", "Relation Name": "lineitem", "Alias": "lineitem", "Startup Cost": 1.25, "Total Cost": 106202.39, "Plan Rows": 294584, "Plan Width": 19, "Filter": "((l_shipmode = ANY ('{RAIL,FOB}'::bpchar[])) AND (l_commitdate < l_receiptdate) AND (l_shipdate < l_commitdate) AND (l_receiptdate >= '1997-01-01 00:00:00'::timestamp(0) without time zone) AND (l_receiptdate < '1998-01-01 00:00:00'::timestamp without time zone)), (LLVM Optimized)"}]}, {"Node Type": "Hash", "Parent Relationship": "Inner", "Startup Cost": 69662.72, "Total Cost": 69662.72, "Plan Rows": 14999479, "Plan Width": 24, "Plans": [{"Node Type": "Seq Scan", "Parent Relationship": "Outer", "Relation Name": "orders", "Alias": "orders", "Startup Cost": 0.0, "Total Cost": 69662.72, "Plan Rows": 14999479, "Plan Width": 24}]}]}]}]}]}]}]}, "Unique SQL Id": 2036526415, "Planner Runtime": 0}, "explain_analyze_plan": {"Plan": {"Node Type": "Sort", "Startup Cost": 254993.48, "Total Cost": 254993.48, "Plan Rows": 1, "Plan Width": 43, "Actual Min Startup Time": 1935.075, "Actual Max Startup Time": 1935.075, "Actual Min Total Time": 1935.075, "Actual Max Total Time": 1935.075, "Sort Key": ["lineitem.l_shipmode"], "Sort Method": "quicksort", "Sort Space Min Used": 25, "Sort Space Max Used": 25, "Sort Space Type": "Memory", "Plans": [{"Node Type": "Streaming(type: LOCAL GATHER dop: 1/64)", "Parent Relationship": "Outer", "Startup Cost": 254993.46, "Total Cost": 254993.47, "Plan Rows": 1, "Plan Width": 43, "Actual Min Startup Time": 1934.423, "Actual Max Startup Time": 1934.423, "Actual Min Total Time": 1935.017, "Actual Max Total Time": 1935.017, "Plans": [{"Node Type": "Aggregate", "Strategy": "Hashed", "Parent Relationship": "Outer", "Startup Cost": 254993.46, "Total Cost": 254993.46, "Plan Rows": 1, "Plan Width": 43, "Actual Min Startup Time": 1418.405, "Actual Max Startup Time": 1631.823, "Actual Min Total Time": 1418.405, "Actual Max Total Time": 1631.823, "Group By Key": ["lineitem.l_shipmode"], "Plans": [{"Node Type": "Streaming(type: LOCAL REDISTRIBUTE dop: 64/64)", "Parent Relationship": "Outer", "Startup Cost": 254993.44, "Total Cost": 254993.46, "Plan Rows": 1, "Plan Width": 43, "Actual Min Startup Time": 1418.4, "Actual Max Startup Time": 1631.817, "Actual Min Total Time": 1418.4, "Actual Max Total Time": 1631.817, "Plans": [{"Node Type": "Aggregate", "Strategy": "Hashed", "Parent Relationship": "Outer", "Startup Cost": 254993.44, "Total Cost": 254993.44, "Plan Rows": 1, "Plan Width": 43, "Actual Min Startup Time": 1257.951, "Actual Max Startup Time": 1629.84, "Actual Min Total Time": 1257.953, "Actual Max Total Time": 1629.841, "Group By Key": ["lineitem.l_shipmode"], "Plans": [{"Node Type": "Hash Join", "Parent Relationship": "Outer", "Join Type": "Inner", "Startup Cost": 72593.55, "Total Cost": 254912.89, "Plan Rows": 294584, "Plan Width": 27, "Actual Min Startup Time": 159.028, "Actual Max Startup Time": 220.727, "Actual Min Total Time": 1247.646, "Actual Max Total Time": 1619.563, "Inner Unique": true, "Hash Cond": "(lineitem.l_orderkey = orders.o_orderkey), (LLVM Optimized, Jit Execute)", "Plans": [{"Node Type": "Streaming(type: BROADCAST dop: 64/64)", "Parent Relationship": "Outer", "Startup Cost": 1.25, "Total Cost": 181169.87, "Plan Rows": 18853376, "Plan Width": 19, "Actual Min Startup Time": 0.125, "Actual Max Startup Time": 5.992, "Actual Min Total Time": 890.773, "Actual Max Total Time": 1326.018, "Plans": [{"Node Type": "Seq Scan", "Parent Relationship": "Outer", "Relation Name": "lineitem", "Alias": "lineitem", "Startup Cost": 1.25, "Total Cost": 106202.39, "Plan Rows": 294584, "Plan Width": 19, "Actual Min Startup Time": 0.038, "Actual Max Startup Time": 0.562, "Actual Min Total Time": 416.333, "Actual Max Total Time": 639.464, "Filter": "((l_shipmode = ANY ('{RAIL,FOB}'::bpchar[])) AND (l_commitdate < l_receiptdate) AND (l_shipdate < l_commitdate) AND (l_receiptdate >= '1997-01-01 00:00:00'::timestamp(0) without time zone) AND (l_receiptdate < '1998-01-01 00:00:00'::timestamp without time zone)), (LLVM Optimized, Jit Execute)", "Rows Removed by Filter": 59674804, "Actual Rows": 311248}], "Actual Rows": 19919872}, {"Node Type": "Hash", "Parent Relationship": "Inner", "Startup Cost": 69662.72, "Total Cost": 69662.72, "Plan Rows": 14999479, "Plan Width": 24, "Actual Min Startup Time": 157.218, "Actual Max Startup Time": 215.078, "Actual Min Total Time": 157.218, "Actual Max Total Time": 215.078, "Max Hash Buckets": 262144, "Min Hash Buckets": 262144, "Max Hash Batches": 1, "Min Hash Batches": 1, "Max Original Hash Batches": 1, "Min Original Hash Batches": 1, "Max Peak Memory Usage": 13059, "min Peak Memory Usage": 13059, "Plans": [{"Node Type": "Seq Scan", "Parent Relationship": "Outer", "Relation Name": "orders", "Alias": "orders", "Startup Cost": 0.0, "Total Cost": 69662.72, "Plan Rows": 14999479, "Plan Width": 24, "Actual Min Startup Time": 0.019, "Actual Max Startup Time": 0.73, "Actual Min Total Time": 85.457, "Actual Max Total Time": 91.485, "Actual Rows": 15000000}], "Actual Rows": 15000000}], "Actual Rows": 311248}], "Actual Rows": 128}], "Actual Rows": 128}], "Actual Rows": 2}], "Actual Rows": 2}], "Actual Rows": 2}, "Triggers": [], "Planner Runtime": 1.224, "Total Runtime": 1987.985, "Unique SQL Id": 2036526415}}, "(64, '97')": {"explain_plan": {"Plan": {"Node Type": "Sort", "Startup Cost": 3449828.29, "Total Cost": 3449828.29, "Plan Rows": 1, "Plan Width": 43, "Sort Key": ["lineitem.l_shipmode"], "Plans": [{"Node Type": "Streaming(type: LOCAL GATHER dop: 1/64)", "Parent Relationship": "Outer", "Startup Cost": 3449828.27, "Total Cost": 3449828.28, "Plan Rows": 1, "Plan Width": 43, "Plans": [{"Node Type": "Aggregate", "Strategy": "Hashed", "Parent Relationship": "Outer", "Startup Cost": 3449828.27, "Total Cost": 3449828.27, "Plan Rows": 1, "Plan Width": 43, "Group By Key": ["lineitem.l_shipmode"], "Plans": [{"Node Type": "Streaming(type: LOCAL REDISTRIBUTE dop: 64/64)", "Parent Relationship": "Outer", "Startup Cost": 3449828.25, "Total Cost": 3449828.27, "Plan Rows": 1, "Plan Width": 43, "Plans": [{"Node Type": "Aggregate", "Strategy": "Hashed", "Parent Relationship": "Outer", "Startup Cost": 3449828.25, "Total Cost": 3449828.25, "Plan Rows": 1, "Plan Width": 43, "Group By Key": ["lineitem.l_shipmode"], "Plans": [{"Node Type": "Hash Join", "Parent Relationship": "Outer", "Join Type": "Inner", "Startup Cost": 649256.9, "Total Cost": 3449747.7, "Plan Rows": 294584, "Plan Width": 27, "Inner Unique": true, "Hash Cond": "(lineitem.l_orderkey = orders.o_orderkey), (LLVM Optimized)", "Plans": [{"Node Type": "Streaming(type: BROADCAST dop: 64/64)", "Parent Relationship": "Outer", "Startup Cost": 0.0, "Total Cost": 2799340.08, "Plan Rows": 18853376, "Plan Width": 19, "Plans": [{"Node Type": "Index Scan", "Parent Relationship": "Outer", "Scan Direction": "Forward", "Index Name": "idx_lineitem_orderkey", "Relation Name": "lineitem", "Alias": "lineitem", "Startup Cost": 0.0, "Total Cost": 2724372.61, "Plan Rows": 294584, "Plan Width": 19, "Filter": "((l_shipmode = ANY ('{RAIL,FOB}'::bpchar[])) AND (l_commitdate < l_receiptdate) AND (l_shipdate < l_commitdate) AND (l_receiptdate >= '1997-01-01 00:00:00'::timestamp(0) without time zone) AND (l_receiptdate < '1998-01-01 00:00:00'::timestamp without time zone)), (LLVM Optimized)"}]}, {"Node Type": "Hash", "Parent Relationship": "Inner", "Startup Cost": 646327.31, "Total Cost": 646327.31, "Plan Rows": 14999479, "Plan Width": 24, "Plans": [{"Node Type": "Index Scan", "Parent Relationship": "Outer", "Scan Direction": "Forward", "Index Name": "orders_pkey", "Relation Name": "orders", "Alias": "orders", "Startup Cost": 0.0, "Total Cost": 646327.31, "Plan Rows": 14999479, "Plan Width": 24}]}]}]}]}]}]}]}, "Unique SQL Id": 2036526415, "Planner Runtime": 0}, "explain_analyze_plan": {"Plan": {"Node Type": "Sort", "Startup Cost": 3449828.29, "Total Cost": 3449828.29, "Plan Rows": 1, "Plan Width": 43, "Actual Min Startup Time": 4746.649, "Actual Max Startup Time": 4746.649, "Actual Min Total Time": 4746.649, "Actual Max Total Time": 4746.649, "Sort Key": ["lineitem.l_shipmode"], "Sort Method": "quicksort", "Sort Space Min Used": 25, "Sort Space Max Used": 25, "Sort Space Type": "Memory", "Plans": [{"Node Type": "Streaming(type: LOCAL GATHER dop: 1/64)", "Parent Relationship": "Outer", "Startup Cost": 3449828.27, "Total Cost": 3449828.28, "Plan Rows": 1, "Plan Width": 43, "Actual Min Startup Time": 4744.896, "Actual Max Startup Time": 4744.896, "Actual Min Total Time": 4746.577, "Actual Max Total Time": 4746.577, "Plans": [{"Node Type": "Aggregate", "Strategy": "Hashed", "Parent Relationship": "Outer", "Startup Cost": 3449828.27, "Total Cost": 3449828.27, "Plan Rows": 1, "Plan Width": 43, "Actual Min Startup Time": 4274.293, "Actual Max Startup Time": 4398.228, "Actual Min Total Time": 4274.293, "Actual Max Total Time": 4398.228, "Group By Key": ["lineitem.l_shipmode"], "Plans": [{"Node Type": "Streaming(type: LOCAL REDISTRIBUTE dop: 64/64)", "Parent Relationship": "Outer", "Startup Cost": 3449828.25, "Total Cost": 3449828.27, "Plan Rows": 1, "Plan Width": 43, "Actual Min Startup Time": 4274.284, "Actual Max Startup Time": 4398.22, "Actual Min Total Time": 4274.284, "Actual Max Total Time": 4398.22, "Plans": [{"Node Type": "Aggregate", "Strategy": "Hashed", "Parent Relationship": "Outer", "Startup Cost": 3449828.25, "Total Cost": 3449828.25, "Plan Rows": 1, "Plan Width": 43, "Actual Min Startup Time": 4092.61, "Actual Max Startup Time": 4483.277, "Actual Min Total Time": 4092.611, "Actual Max Total Time": 4483.278, "Group By Key": ["lineitem.l_shipmode"], "Plans": [{"Node Type": "Hash Join", "Parent Relationship": "Outer", "Join Type": "Inner", "Startup Cost": 649256.9, "Total Cost": 3449747.7, "Plan Rows": 294584, "Plan Width": 27, "Actual Min Startup Time": 2670.617, "Actual Max Startup Time": 3066.906, "Actual Min Total Time": 4081.58, "Actual Max Total Time": 4475.509, "Inner Unique": true, "Hash Cond": "(lineitem.l_orderkey = orders.o_orderkey), (LLVM Optimized, Jit Execute)", "Plans": [{"Node Type": "Streaming(type: BROADCAST dop: 64/64)", "Parent Relationship": "Outer", "Startup Cost": 0.0, "Total Cost": 2799340.08, "Plan Rows": 18853376, "Plan Width": 19, "Actual Min Startup Time": 1575.849, "Actual Max Startup Time": 1619.999, "Actual Min Total Time": 2810.256, "Actual Max Total Time": 2910.921, "Plans": [{"Node Type": "Index Scan", "Parent Relationship": "Outer", "Scan Direction": "Forward", "Index Name": "idx_lineitem_orderkey", "Relation Name": "lineitem", "Alias": "lineitem", "Startup Cost": 0.0, "Total Cost": 2724372.61, "Plan Rows": 294584, "Plan Width": 19, "Actual Min Startup Time": 2652.522, "Actual Max Startup Time": 3055.949, "Actual Min Total Time": 3622.531, "Actual Max Total Time": 3851.498, "Filter": "((l_shipmode = ANY ('{RAIL,FOB}'::bpchar[])) AND (l_commitdate < l_receiptdate) AND (l_shipdate < l_commitdate) AND (l_receiptdate >= '1997-01-01 00:00:00'::timestamp(0) without time zone) AND (l_receiptdate < '1998-01-01 00:00:00'::timestamp without time zone)), (LLVM Optimized, Jit Execute)", "Rows Removed by Filter": 59674804, "Actual Rows": 311248}], "Actual Rows": 19919872}, {"Node Type": "Hash", "Parent Relationship": "Inner", "Startup Cost": 646327.31, "Total Cost": 646327.31, "Plan Rows": 14999479, "Plan Width": 24, "Actual Min Startup Time": 1054.367, "Actual Max Startup Time": 1451.859, "Actual Min Total Time": 1054.367, "Actual Max Total Time": 1451.859, "Max Hash Buckets": 262144, "Min Hash Buckets": 262144, "Max Hash Batches": 1, "Min Hash Batches": 1, "Max Original Hash Batches": 1, "Min Original Hash Batches": 1, "Max Peak Memory Usage": 12827, "min Peak Memory Usage": 12827, "Plans": [{"Node Type": "Index Scan", "Parent Relationship": "Outer", "Scan Direction": "Forward", "Index Name": "orders_pkey", "Relation Name": "orders", "Alias": "orders", "Startup Cost": 0.0, "Total Cost": 646327.31, "Plan Rows": 14999479, "Plan Width": 24, "Actual Min Startup Time": 790.395, "Actual Max Startup Time": 1182.717, "Actual Min Total Time": 972.997, "Actual Max Total Time": 1366.525, "Actual Rows": 15000000}], "Actual Rows": 15000000}], "Actual Rows": 311248}], "Actual Rows": 128}], "Actual Rows": 128}], "Actual Rows": 2}], "Actual Rows": 2}], "Actual Rows": 2}, "Triggers": [], "Planner Runtime": 1.363, "Total Runtime": 4801.516, "Unique SQL Id": 2036526415}}, "(64, '98')": {"explain_plan": {"Plan": {"Node Type": "Sort", "Startup Cost": 254993.48, "Total Cost": 254993.48, "Plan Rows": 1, "Plan Width": 43, "Sort Key": ["lineitem.l_shipmode"], "Plans": [{"Node Type": "Streaming(type: LOCAL GATHER dop: 1/64)", "Parent Relationship": "Outer", "Startup Cost": 254993.46, "Total Cost": 254993.47, "Plan Rows": 1, "Plan Width": 43, "Plans": [{"Node Type": "Aggregate", "Strategy": "Hashed", "Parent Relationship": "Outer", "Startup Cost": 254993.46, "Total Cost": 254993.46, "Plan Rows": 1, "Plan Width": 43, "Group By Key": ["lineitem.l_shipmode"], "Plans": [{"Node Type": "Streaming(type: LOCAL REDISTRIBUTE dop: 64/64)", "Parent Relationship": "Outer", "Startup Cost": 254993.44, "Total Cost": 254993.46, "Plan Rows": 1, "Plan Width": 43, "Plans": [{"Node Type": "Aggregate", "Strategy": "Hashed", "Parent Relationship": "Outer", "Startup Cost": 254993.44, "Total Cost": 254993.44, "Plan Rows": 1, "Plan Width": 43, "Group By Key": ["lineitem.l_shipmode"], "Plans": [{"Node Type": "Hash Join", "Parent Relationship": "Outer", "Join Type": "Inner", "Startup Cost": 72593.55, "Total Cost": 254912.89, "Plan Rows": 294584, "Plan Width": 27, "Inner Unique": true, "Hash Cond": "(lineitem.l_orderkey = orders.o_orderkey), (LLVM Optimized)", "Plans": [{"Node Type": "Streaming(type: BROADCAST dop: 64/64)", "Parent Relationship": "Outer", "Startup Cost": 1.25, "Total Cost": 181169.87, "Plan Rows": 18853376, "Plan Width": 19, "Plans": [{"Node Type": "Seq Scan", "Parent Relationship": "Outer", "Relation Name": "lineitem", "Alias": "lineitem", "Startup Cost": 1.25, "Total Cost": 106202.39, "Plan Rows": 294584, "Plan Width": 19, "Filter": "((l_shipmode = ANY ('{RAIL,FOB}'::bpchar[])) AND (l_commitdate < l_receiptdate) AND (l_shipdate < l_commitdate) AND (l_receiptdate >= '1997-01-01 00:00:00'::timestamp(0) without time zone) AND (l_receiptdate < '1998-01-01 00:00:00'::timestamp without time zone)), (LLVM Optimized)"}]}, {"Node Type": "Hash", "Parent Relationship": "Inner", "Startup Cost": 69662.72, "Total Cost": 69662.72, "Plan Rows": 14999479, "Plan Width": 24, "Plans": [{"Node Type": "Seq Scan", "Parent Relationship": "Outer", "Relation Name": "orders", "Alias": "orders", "Startup Cost": 0.0, "Total Cost": 69662.72, "Plan Rows": 14999479, "Plan Width": 24}]}]}]}]}]}]}]}, "Unique SQL Id": 2036526415, "Planner Runtime": 1}, "explain_analyze_plan": {"Plan": {"Node Type": "Sort", "Startup Cost": 254993.48, "Total Cost": 254993.48, "Plan Rows": 1, "Plan Width": 43, "Actual Min Startup Time": 1935.075, "Actual Max Startup Time": 1935.075, "Actual Min Total Time": 1935.075, "Actual Max Total Time": 1935.075, "Sort Key": ["lineitem.l_shipmode"], "Sort Method": "quicksort", "Sort Space Min Used": 25, "Sort Space Max Used": 25, "Sort Space Type": "Memory", "Plans": [{"Node Type": "Streaming(type: LOCAL GATHER dop: 1/64)", "Parent Relationship": "Outer", "Startup Cost": 254993.46, "Total Cost": 254993.47, "Plan Rows": 1, "Plan Width": 43, "Actual Min Startup Time": 1934.423, "Actual Max Startup Time": 1934.423, "Actual Min Total Time": 1935.017, "Actual Max Total Time": 1935.017, "Plans": [{"Node Type": "Aggregate", "Strategy": "Hashed", "Parent Relationship": "Outer", "Startup Cost": 254993.46, "Total Cost": 254993.46, "Plan Rows": 1, "Plan Width": 43, "Actual Min Startup Time": 1418.405, "Actual Max Startup Time": 1631.823, "Actual Min Total Time": 1418.405, "Actual Max Total Time": 1631.823, "Group By Key": ["lineitem.l_shipmode"], "Plans": [{"Node Type": "Streaming(type: LOCAL REDISTRIBUTE dop: 64/64)", "Parent Relationship": "Outer", "Startup Cost": 254993.44, "Total Cost": 254993.46, "Plan Rows": 1, "Plan Width": 43, "Actual Min Startup Time": 1418.4, "Actual Max Startup Time": 1631.817, "Actual Min Total Time": 1418.4, "Actual Max Total Time": 1631.817, "Plans": [{"Node Type": "Aggregate", "Strategy": "Hashed", "Parent Relationship": "Outer", "Startup Cost": 254993.44, "Total Cost": 254993.44, "Plan Rows": 1, "Plan Width": 43, "Actual Min Startup Time": 1257.951, "Actual Max Startup Time": 1629.84, "Actual Min Total Time": 1257.953, "Actual Max Total Time": 1629.841, "Group By Key": ["lineitem.l_shipmode"], "Plans": [{"Node Type": "Hash Join", "Parent Relationship": "Outer", "Join Type": "Inner", "Startup Cost": 72593.55, "Total Cost": 254912.89, "Plan Rows": 294584, "Plan Width": 27, "Actual Min Startup Time": 159.028, "Actual Max Startup Time": 220.727, "Actual Min Total Time": 1247.646, "Actual Max Total Time": 1619.563, "Inner Unique": true, "Hash Cond": "(lineitem.l_orderkey = orders.o_orderkey), (LLVM Optimized, Jit Execute)", "Plans": [{"Node Type": "Streaming(type: BROADCAST dop: 64/64)", "Parent Relationship": "Outer", "Startup Cost": 1.25, "Total Cost": 181169.87, "Plan Rows": 18853376, "Plan Width": 19, "Actual Min Startup Time": 0.125, "Actual Max Startup Time": 5.992, "Actual Min Total Time": 890.773, "Actual Max Total Time": 1326.018, "Plans": [{"Node Type": "Seq Scan", "Parent Relationship": "Outer", "Relation Name": "lineitem", "Alias": "lineitem", "Startup Cost": 1.25, "Total Cost": 106202.39, "Plan Rows": 294584, "Plan Width": 19, "Actual Min Startup Time": 0.038, "Actual Max Startup Time": 0.562, "Actual Min Total Time": 416.333, "Actual Max Total Time": 639.464, "Filter": "((l_shipmode = ANY ('{RAIL,FOB}'::bpchar[])) AND (l_commitdate < l_receiptdate) AND (l_shipdate < l_commitdate) AND (l_receiptdate >= '1997-01-01 00:00:00'::timestamp(0) without time zone) AND (l_receiptdate < '1998-01-01 00:00:00'::timestamp without time zone)), (LLVM Optimized, Jit Execute)", "Rows Removed by Filter": 59674804, "Actual Rows": 311248}], "Actual Rows": 19919872}, {"Node Type": "Hash", "Parent Relationship": "Inner", "Startup Cost": 69662.72, "Total Cost": 69662.72, "Plan Rows": 14999479, "Plan Width": 24, "Actual Min Startup Time": 157.218, "Actual Max Startup Time": 215.078, "Actual Min Total Time": 157.218, "Actual Max Total Time": 215.078, "Max Hash Buckets": 262144, "Min Hash Buckets": 262144, "Max Hash Batches": 1, "Min Hash Batches": 1, "Max Original Hash Batches": 1, "Min Original Hash Batches": 1, "Max Peak Memory Usage": 13059, "min Peak Memory Usage": 13059, "Plans": [{"Node Type": "Seq Scan", "Parent Relationship": "Outer", "Relation Name": "orders", "Alias": "orders", "Startup Cost": 0.0, "Total Cost": 69662.72, "Plan Rows": 14999479, "Plan Width": 24, "Actual Min Startup Time": 0.019, "Actual Max Startup Time": 0.73, "Actual Min Total Time": 85.457, "Actual Max Total Time": 91.485, "Actual Rows": 15000000}], "Actual Rows": 15000000}], "Actual Rows": 311248}], "Actual Rows": 128}], "Actual Rows": 128}], "Actual Rows": 2}], "Actual Rows": 2}], "Actual Rows": 2}, "Triggers": [], "Planner Runtime": 1.224, "Total Runtime": 1987.985, "Unique SQL Id": 2036526415}}, "(64, '99')": {"explain_plan": {"Plan": {"Node Type": "Sort", "Startup Cost": 4921486.87, "Total Cost": 4921486.87, "Plan Rows": 1, "Plan Width": 43, "Sort Key": ["lineitem.l_shipmode"], "Plans": [{"Node Type": "Aggregate", "Strategy": "Hashed", "Parent Relationship": "Outer", "Startup Cost": 4921486.85, "Total Cost": 4921486.86, "Plan Rows": 1, "Plan Width": 43, "Group By Key": ["lineitem.l_shipmode"], "Plans": [{"Node Type": "Hash Join", "Parent Relationship": "Outer", "Join Type": "Inner", "Startup Cost": 2147327.85, "Total Cost": 4916331.63, "Plan Rows": 294584, "Plan Width": 27, "Inner Unique": true, "Hash Cond": "(lineitem.l_orderkey = orders.o_orderkey), (LLVM Optimized)", "Plans": [{"Node Type": "Bitmap Heap Scan", "Parent Relationship": "Outer", "Relation Name": "lineitem", "Alias": "lineitem", "Startup Cost": 1225109.06, "Total Cost": 3990062.3, "Plan Rows": 294584, "Plan Width": 19, "Filter": "((l_shipmode = ANY ('{RAIL,FOB}'::bpchar[])) AND (l_commitdate < l_receiptdate) AND (l_shipdate < l_commitdate) AND (l_receiptdate >= '1997-01-01 00:00:00'::timestamp(0) without time zone) AND (l_receiptdate < '1998-01-01 00:00:00'::timestamp without time zone)), (LLVM Optimized)", "Plans": [{"Node Type": "Bitmap Index Scan", "Parent Relationship": "Outer", "Index Name": "idx_lineitem_orderkey", "Startup Cost": 0.0, "Total Cost": 1225035.42, "Plan Rows": 59987033, "Plan Width": 0}]}, {"Node Type": "Hash", "Parent Relationship": "Inner", "Startup Cost": 734725.3, "Total Cost": 734725.3, "Plan Rows": 14999479, "Plan Width": 24, "Plans": [{"Node Type": "Bitmap Heap Scan", "Parent Relationship": "Outer", "Relation Name": "orders", "Alias": "orders", "Startup Cost": 308311.51, "Total Cost": 734725.3, "Plan Rows": 14999479, "Plan Width": 24, "Plans": [{"Node Type": "Bitmap Index Scan", "Parent Relationship": "Outer", "Index Name": "orders_pkey", "Startup Cost": 0.0, "Total Cost": 304561.65, "Plan Rows": 14999479, "Plan Width": 0}]}]}]}]}]}, "Unique SQL Id": 2036526415, "Planner Runtime": 0}, "explain_analyze_plan": null}, "(64, '100')": {"explain_plan": {"Plan": {"Node Type": "Sort", "Startup Cost": 254993.48, "Total Cost": 254993.48, "Plan Rows": 1, "Plan Width": 43, "Sort Key": ["lineitem.l_shipmode"], "Plans": [{"Node Type": "Streaming(type: LOCAL GATHER dop: 1/64)", "Parent Relationship": "Outer", "Startup Cost": 254993.46, "Total Cost": 254993.47, "Plan Rows": 1, "Plan Width": 43, "Plans": [{"Node Type": "Aggregate", "Strategy": "Hashed", "Parent Relationship": "Outer", "Startup Cost": 254993.46, "Total Cost": 254993.46, "Plan Rows": 1, "Plan Width": 43, "Group By Key": ["lineitem.l_shipmode"], "Plans": [{"Node Type": "Streaming(type: LOCAL REDISTRIBUTE dop: 64/64)", "Parent Relationship": "Outer", "Startup Cost": 254993.44, "Total Cost": 254993.46, "Plan Rows": 1, "Plan Width": 43, "Plans": [{"Node Type": "Aggregate", "Strategy": "Hashed", "Parent Relationship": "Outer", "Startup Cost": 254993.44, "Total Cost": 254993.44, "Plan Rows": 1, "Plan Width": 43, "Group By Key": ["lineitem.l_shipmode"], "Plans": [{"Node Type": "Hash Join", "Parent Relationship": "Outer", "Join Type": "Inner", "Startup Cost": 72593.55, "Total Cost": 254912.89, "Plan Rows": 294584, "Plan Width": 27, "Inner Unique": true, "Hash Cond": "(lineitem.l_orderkey = orders.o_orderkey), (LLVM Optimized)", "Plans": [{"Node Type": "Streaming(type: BROADCAST dop: 64/64)", "Parent Relationship": "Outer", "Startup Cost": 1.25, "Total Cost": 181169.87, "Plan Rows": 18853376, "Plan Width": 19, "Plans": [{"Node Type": "Seq Scan", "Parent Relationship": "Outer", "Relation Name": "lineitem", "Alias": "lineitem", "Startup Cost": 1.25, "Total Cost": 106202.39, "Plan Rows": 294584, "Plan Width": 19, "Filter": "((l_shipmode = ANY ('{RAIL,FOB}'::bpchar[])) AND (l_commitdate < l_receiptdate) AND (l_shipdate < l_commitdate) AND (l_receiptdate >= '1997-01-01 00:00:00'::timestamp(0) without time zone) AND (l_receiptdate < '1998-01-01 00:00:00'::timestamp without time zone)), (LLVM Optimized)"}]}, {"Node Type": "Hash", "Parent Relationship": "Inner", "Startup Cost": 69662.72, "Total Cost": 69662.72, "Plan Rows": 14999479, "Plan Width": 24, "Plans": [{"Node Type": "Seq Scan", "Parent Relationship": "Outer", "Relation Name": "orders", "Alias": "orders", "Startup Cost": 0.0, "Total Cost": 69662.72, "Plan Rows": 14999479, "Plan Width": 24}]}]}]}]}]}]}]}, "Unique SQL Id": 2036526415, "Planner Runtime": 0}, "explain_analyze_plan": {"Plan": {"Node Type": "Sort", "Startup Cost": 254993.48, "Total Cost": 254993.48, "Plan Rows": 1, "Plan Width": 43, "Actual Min Startup Time": 1935.075, "Actual Max Startup Time": 1935.075, "Actual Min Total Time": 1935.075, "Actual Max Total Time": 1935.075, "Sort Key": ["lineitem.l_shipmode"], "Sort Method": "quicksort", "Sort Space Min Used": 25, "Sort Space Max Used": 25, "Sort Space Type": "Memory", "Plans": [{"Node Type": "Streaming(type: LOCAL GATHER dop: 1/64)", "Parent Relationship": "Outer", "Startup Cost": 254993.46, "Total Cost": 254993.47, "Plan Rows": 1, "Plan Width": 43, "Actual Min Startup Time": 1934.423, "Actual Max Startup Time": 1934.423, "Actual Min Total Time": 1935.017, "Actual Max Total Time": 1935.017, "Plans": [{"Node Type": "Aggregate", "Strategy": "Hashed", "Parent Relationship": "Outer", "Startup Cost": 254993.46, "Total Cost": 254993.46, "Plan Rows": 1, "Plan Width": 43, "Actual Min Startup Time": 1418.405, "Actual Max Startup Time": 1631.823, "Actual Min Total Time": 1418.405, "Actual Max Total Time": 1631.823, "Group By Key": ["lineitem.l_shipmode"], "Plans": [{"Node Type": "Streaming(type: LOCAL REDISTRIBUTE dop: 64/64)", "Parent Relationship": "Outer", "Startup Cost": 254993.44, "Total Cost": 254993.46, "Plan Rows": 1, "Plan Width": 43, "Actual Min Startup Time": 1418.4, "Actual Max Startup Time": 1631.817, "Actual Min Total Time": 1418.4, "Actual Max Total Time": 1631.817, "Plans": [{"Node Type": "Aggregate", "Strategy": "Hashed", "Parent Relationship": "Outer", "Startup Cost": 254993.44, "Total Cost": 254993.44, "Plan Rows": 1, "Plan Width": 43, "Actual Min Startup Time": 1257.951, "Actual Max Startup Time": 1629.84, "Actual Min Total Time": 1257.953, "Actual Max Total Time": 1629.841, "Group By Key": ["lineitem.l_shipmode"], "Plans": [{"Node Type": "Hash Join", "Parent Relationship": "Outer", "Join Type": "Inner", "Startup Cost": 72593.55, "Total Cost": 254912.89, "Plan Rows": 294584, "Plan Width": 27, "Actual Min Startup Time": 159.028, "Actual Max Startup Time": 220.727, "Actual Min Total Time": 1247.646, "Actual Max Total Time": 1619.563, "Inner Unique": true, "Hash Cond": "(lineitem.l_orderkey = orders.o_orderkey), (LLVM Optimized, Jit Execute)", "Plans": [{"Node Type": "Streaming(type: BROADCAST dop: 64/64)", "Parent Relationship": "Outer", "Startup Cost": 1.25, "Total Cost": 181169.87, "Plan Rows": 18853376, "Plan Width": 19, "Actual Min Startup Time": 0.125, "Actual Max Startup Time": 5.992, "Actual Min Total Time": 890.773, "Actual Max Total Time": 1326.018, "Plans": [{"Node Type": "Seq Scan", "Parent Relationship": "Outer", "Relation Name": "lineitem", "Alias": "lineitem", "Startup Cost": 1.25, "Total Cost": 106202.39, "Plan Rows": 294584, "Plan Width": 19, "Actual Min Startup Time": 0.038, "Actual Max Startup Time": 0.562, "Actual Min Total Time": 416.333, "Actual Max Total Time": 639.464, "Filter": "((l_shipmode = ANY ('{RAIL,FOB}'::bpchar[])) AND (l_commitdate < l_receiptdate) AND (l_shipdate < l_commitdate) AND (l_receiptdate >= '1997-01-01 00:00:00'::timestamp(0) without time zone) AND (l_receiptdate < '1998-01-01 00:00:00'::timestamp without time zone)), (LLVM Optimized, Jit Execute)", "Rows Removed by Filter": 59674804, "Actual Rows": 311248}], "Actual Rows": 19919872}, {"Node Type": "Hash", "Parent Relationship": "Inner", "Startup Cost": 69662.72, "Total Cost": 69662.72, "Plan Rows": 14999479, "Plan Width": 24, "Actual Min Startup Time": 157.218, "Actual Max Startup Time": 215.078, "Actual Min Total Time": 157.218, "Actual Max Total Time": 215.078, "Max Hash Buckets": 262144, "Min Hash Buckets": 262144, "Max Hash Batches": 1, "Min Hash Batches": 1, "Max Original Hash Batches": 1, "Min Original Hash Batches": 1, "Max Peak Memory Usage": 13059, "min Peak Memory Usage": 13059, "Plans": [{"Node Type": "Seq Scan", "Parent Relationship": "Outer", "Relation Name": "orders", "Alias": "orders", "Startup Cost": 0.0, "Total Cost": 69662.72, "Plan Rows": 14999479, "Plan Width": 24, "Actual Min Startup Time": 0.019, "Actual Max Startup Time": 0.73, "Actual Min Total Time": 85.457, "Actual Max Total Time": 91.485, "Actual Rows": 15000000}], "Actual Rows": 15000000}], "Actual Rows": 311248}], "Actual Rows": 128}], "Actual Rows": 128}], "Actual Rows": 2}], "Actual Rows": 2}], "Actual Rows": 2}, "Triggers": [], "Planner Runtime": 1.224, "Total Runtime": 1987.985, "Unique SQL Id": 2036526415}}, "(64, '101')": {"explain_plan": {"Plan": {"Node Type": "Sort", "Startup Cost": 3449828.29, "Total Cost": 3449828.29, "Plan Rows": 1, "Plan Width": 43, "Sort Key": ["lineitem.l_shipmode"], "Plans": [{"Node Type": "Streaming(type: LOCAL GATHER dop: 1/64)", "Parent Relationship": "Outer", "Startup Cost": 3449828.27, "Total Cost": 3449828.28, "Plan Rows": 1, "Plan Width": 43, "Plans": [{"Node Type": "Aggregate", "Strategy": "Hashed", "Parent Relationship": "Outer", "Startup Cost": 3449828.27, "Total Cost": 3449828.27, "Plan Rows": 1, "Plan Width": 43, "Group By Key": ["lineitem.l_shipmode"], "Plans": [{"Node Type": "Streaming(type: LOCAL REDISTRIBUTE dop: 64/64)", "Parent Relationship": "Outer", "Startup Cost": 3449828.25, "Total Cost": 3449828.27, "Plan Rows": 1, "Plan Width": 43, "Plans": [{"Node Type": "Aggregate", "Strategy": "Hashed", "Parent Relationship": "Outer", "Startup Cost": 3449828.25, "Total Cost": 3449828.25, "Plan Rows": 1, "Plan Width": 43, "Group By Key": ["lineitem.l_shipmode"], "Plans": [{"Node Type": "Hash Join", "Parent Relationship": "Outer", "Join Type": "Inner", "Startup Cost": 649256.9, "Total Cost": 3449747.7, "Plan Rows": 294584, "Plan Width": 27, "Inner Unique": true, "Hash Cond": "(lineitem.l_orderkey = orders.o_orderkey), (LLVM Optimized)", "Plans": [{"Node Type": "Streaming(type: BROADCAST dop: 64/64)", "Parent Relationship": "Outer", "Startup Cost": 0.0, "Total Cost": 2799340.08, "Plan Rows": 18853376, "Plan Width": 19, "Plans": [{"Node Type": "Index Scan", "Parent Relationship": "Outer", "Scan Direction": "Forward", "Index Name": "idx_lineitem_orderkey", "Relation Name": "lineitem", "Alias": "lineitem", "Startup Cost": 0.0, "Total Cost": 2724372.61, "Plan Rows": 294584, "Plan Width": 19, "Filter": "((l_shipmode = ANY ('{RAIL,FOB}'::bpchar[])) AND (l_commitdate < l_receiptdate) AND (l_shipdate < l_commitdate) AND (l_receiptdate >= '1997-01-01 00:00:00'::timestamp(0) without time zone) AND (l_receiptdate < '1998-01-01 00:00:00'::timestamp without time zone)), (LLVM Optimized)"}]}, {"Node Type": "Hash", "Parent Relationship": "Inner", "Startup Cost": 646327.31, "Total Cost": 646327.31, "Plan Rows": 14999479, "Plan Width": 24, "Plans": [{"Node Type": "Index Scan", "Parent Relationship": "Outer", "Scan Direction": "Forward", "Index Name": "orders_pkey", "Relation Name": "orders", "Alias": "orders", "Startup Cost": 0.0, "Total Cost": 646327.31, "Plan Rows": 14999479, "Plan Width": 24}]}]}]}]}]}]}]}, "Unique SQL Id": 2036526415, "Planner Runtime": 0}, "explain_analyze_plan": {"Plan": {"Node Type": "Sort", "Startup Cost": 3449828.29, "Total Cost": 3449828.29, "Plan Rows": 1, "Plan Width": 43, "Actual Min Startup Time": 4746.649, "Actual Max Startup Time": 4746.649, "Actual Min Total Time": 4746.649, "Actual Max Total Time": 4746.649, "Sort Key": ["lineitem.l_shipmode"], "Sort Method": "quicksort", "Sort Space Min Used": 25, "Sort Space Max Used": 25, "Sort Space Type": "Memory", "Plans": [{"Node Type": "Streaming(type: LOCAL GATHER dop: 1/64)", "Parent Relationship": "Outer", "Startup Cost": 3449828.27, "Total Cost": 3449828.28, "Plan Rows": 1, "Plan Width": 43, "Actual Min Startup Time": 4744.896, "Actual Max Startup Time": 4744.896, "Actual Min Total Time": 4746.577, "Actual Max Total Time": 4746.577, "Plans": [{"Node Type": "Aggregate", "Strategy": "Hashed", "Parent Relationship": "Outer", "Startup Cost": 3449828.27, "Total Cost": 3449828.27, "Plan Rows": 1, "Plan Width": 43, "Actual Min Startup Time": 4274.293, "Actual Max Startup Time": 4398.228, "Actual Min Total Time": 4274.293, "Actual Max Total Time": 4398.228, "Group By Key": ["lineitem.l_shipmode"], "Plans": [{"Node Type": "Streaming(type: LOCAL REDISTRIBUTE dop: 64/64)", "Parent Relationship": "Outer", "Startup Cost": 3449828.25, "Total Cost": 3449828.27, "Plan Rows": 1, "Plan Width": 43, "Actual Min Startup Time": 4274.284, "Actual Max Startup Time": 4398.22, "Actual Min Total Time": 4274.284, "Actual Max Total Time": 4398.22, "Plans": [{"Node Type": "Aggregate", "Strategy": "Hashed", "Parent Relationship": "Outer", "Startup Cost": 3449828.25, "Total Cost": 3449828.25, "Plan Rows": 1, "Plan Width": 43, "Actual Min Startup Time": 4092.61, "Actual Max Startup Time": 4483.277, "Actual Min Total Time": 4092.611, "Actual Max Total Time": 4483.278, "Group By Key": ["lineitem.l_shipmode"], "Plans": [{"Node Type": "Hash Join", "Parent Relationship": "Outer", "Join Type": "Inner", "Startup Cost": 649256.9, "Total Cost": 3449747.7, "Plan Rows": 294584, "Plan Width": 27, "Actual Min Startup Time": 2670.617, "Actual Max Startup Time": 3066.906, "Actual Min Total Time": 4081.58, "Actual Max Total Time": 4475.509, "Inner Unique": true, "Hash Cond": "(lineitem.l_orderkey = orders.o_orderkey), (LLVM Optimized, Jit Execute)", "Plans": [{"Node Type": "Streaming(type: BROADCAST dop: 64/64)", "Parent Relationship": "Outer", "Startup Cost": 0.0, "Total Cost": 2799340.08, "Plan Rows": 18853376, "Plan Width": 19, "Actual Min Startup Time": 1575.849, "Actual Max Startup Time": 1619.999, "Actual Min Total Time": 2810.256, "Actual Max Total Time": 2910.921, "Plans": [{"Node Type": "Index Scan", "Parent Relationship": "Outer", "Scan Direction": "Forward", "Index Name": "idx_lineitem_orderkey", "Relation Name": "lineitem", "Alias": "lineitem", "Startup Cost": 0.0, "Total Cost": 2724372.61, "Plan Rows": 294584, "Plan Width": 19, "Actual Min Startup Time": 2652.522, "Actual Max Startup Time": 3055.949, "Actual Min Total Time": 3622.531, "Actual Max Total Time": 3851.498, "Filter": "((l_shipmode = ANY ('{RAIL,FOB}'::bpchar[])) AND (l_commitdate < l_receiptdate) AND (l_shipdate < l_commitdate) AND (l_receiptdate >= '1997-01-01 00:00:00'::timestamp(0) without time zone) AND (l_receiptdate < '1998-01-01 00:00:00'::timestamp without time zone)), (LLVM Optimized, Jit Execute)", "Rows Removed by Filter": 59674804, "Actual Rows": 311248}], "Actual Rows": 19919872}, {"Node Type": "Hash", "Parent Relationship": "Inner", "Startup Cost": 646327.31, "Total Cost": 646327.31, "Plan Rows": 14999479, "Plan Width": 24, "Actual Min Startup Time": 1054.367, "Actual Max Startup Time": 1451.859, "Actual Min Total Time": 1054.367, "Actual Max Total Time": 1451.859, "Max Hash Buckets": 262144, "Min Hash Buckets": 262144, "Max Hash Batches": 1, "Min Hash Batches": 1, "Max Original Hash Batches": 1, "Min Original Hash Batches": 1, "Max Peak Memory Usage": 12827, "min Peak Memory Usage": 12827, "Plans": [{"Node Type": "Index Scan", "Parent Relationship": "Outer", "Scan Direction": "Forward", "Index Name": "orders_pkey", "Relation Name": "orders", "Alias": "orders", "Startup Cost": 0.0, "Total Cost": 646327.31, "Plan Rows": 14999479, "Plan Width": 24, "Actual Min Startup Time": 790.395, "Actual Max Startup Time": 1182.717, "Actual Min Total Time": 972.997, "Actual Max Total Time": 1366.525, "Actual Rows": 15000000}], "Actual Rows": 15000000}], "Actual Rows": 311248}], "Actual Rows": 128}], "Actual Rows": 128}], "Actual Rows": 2}], "Actual Rows": 2}], "Actual Rows": 2}, "Triggers": [], "Planner Runtime": 1.363, "Total Runtime": 4801.516, "Unique SQL Id": 2036526415}}, "(64, '102')": {"explain_plan": {"Plan": {"Node Type": "Sort", "Startup Cost": 254993.48, "Total Cost": 254993.48, "Plan Rows": 1, "Plan Width": 43, "Sort Key": ["lineitem.l_shipmode"], "Plans": [{"Node Type": "Streaming(type: LOCAL GATHER dop: 1/64)", "Parent Relationship": "Outer", "Startup Cost": 254993.46, "Total Cost": 254993.47, "Plan Rows": 1, "Plan Width": 43, "Plans": [{"Node Type": "Aggregate", "Strategy": "Hashed", "Parent Relationship": "Outer", "Startup Cost": 254993.46, "Total Cost": 254993.46, "Plan Rows": 1, "Plan Width": 43, "Group By Key": ["lineitem.l_shipmode"], "Plans": [{"Node Type": "Streaming(type: LOCAL REDISTRIBUTE dop: 64/64)", "Parent Relationship": "Outer", "Startup Cost": 254993.44, "Total Cost": 254993.46, "Plan Rows": 1, "Plan Width": 43, "Plans": [{"Node Type": "Aggregate", "Strategy": "Hashed", "Parent Relationship": "Outer", "Startup Cost": 254993.44, "Total Cost": 254993.44, "Plan Rows": 1, "Plan Width": 43, "Group By Key": ["lineitem.l_shipmode"], "Plans": [{"Node Type": "Hash Join", "Parent Relationship": "Outer", "Join Type": "Inner", "Startup Cost": 72593.55, "Total Cost": 254912.89, "Plan Rows": 294584, "Plan Width": 27, "Inner Unique": true, "Hash Cond": "(lineitem.l_orderkey = orders.o_orderkey), (LLVM Optimized)", "Plans": [{"Node Type": "Streaming(type: BROADCAST dop: 64/64)", "Parent Relationship": "Outer", "Startup Cost": 1.25, "Total Cost": 181169.87, "Plan Rows": 18853376, "Plan Width": 19, "Plans": [{"Node Type": "Seq Scan", "Parent Relationship": "Outer", "Relation Name": "lineitem", "Alias": "lineitem", "Startup Cost": 1.25, "Total Cost": 106202.39, "Plan Rows": 294584, "Plan Width": 19, "Filter": "((l_shipmode = ANY ('{RAIL,FOB}'::bpchar[])) AND (l_commitdate < l_receiptdate) AND (l_shipdate < l_commitdate) AND (l_receiptdate >= '1997-01-01 00:00:00'::timestamp(0) without time zone) AND (l_receiptdate < '1998-01-01 00:00:00'::timestamp without time zone)), (LLVM Optimized)"}]}, {"Node Type": "Hash", "Parent Relationship": "Inner", "Startup Cost": 69662.72, "Total Cost": 69662.72, "Plan Rows": 14999479, "Plan Width": 24, "Plans": [{"Node Type": "Seq Scan", "Parent Relationship": "Outer", "Relation Name": "orders", "Alias": "orders", "Startup Cost": 0.0, "Total Cost": 69662.72, "Plan Rows": 14999479, "Plan Width": 24}]}]}]}]}]}]}]}, "Unique SQL Id": 2036526415, "Planner Runtime": 0}, "explain_analyze_plan": {"Plan": {"Node Type": "Sort", "Startup Cost": 254993.48, "Total Cost": 254993.48, "Plan Rows": 1, "Plan Width": 43, "Actual Min Startup Time": 1935.075, "Actual Max Startup Time": 1935.075, "Actual Min Total Time": 1935.075, "Actual Max Total Time": 1935.075, "Sort Key": ["lineitem.l_shipmode"], "Sort Method": "quicksort", "Sort Space Min Used": 25, "Sort Space Max Used": 25, "Sort Space Type": "Memory", "Plans": [{"Node Type": "Streaming(type: LOCAL GATHER dop: 1/64)", "Parent Relationship": "Outer", "Startup Cost": 254993.46, "Total Cost": 254993.47, "Plan Rows": 1, "Plan Width": 43, "Actual Min Startup Time": 1934.423, "Actual Max Startup Time": 1934.423, "Actual Min Total Time": 1935.017, "Actual Max Total Time": 1935.017, "Plans": [{"Node Type": "Aggregate", "Strategy": "Hashed", "Parent Relationship": "Outer", "Startup Cost": 254993.46, "Total Cost": 254993.46, "Plan Rows": 1, "Plan Width": 43, "Actual Min Startup Time": 1418.405, "Actual Max Startup Time": 1631.823, "Actual Min Total Time": 1418.405, "Actual Max Total Time": 1631.823, "Group By Key": ["lineitem.l_shipmode"], "Plans": [{"Node Type": "Streaming(type: LOCAL REDISTRIBUTE dop: 64/64)", "Parent Relationship": "Outer", "Startup Cost": 254993.44, "Total Cost": 254993.46, "Plan Rows": 1, "Plan Width": 43, "Actual Min Startup Time": 1418.4, "Actual Max Startup Time": 1631.817, "Actual Min Total Time": 1418.4, "Actual Max Total Time": 1631.817, "Plans": [{"Node Type": "Aggregate", "Strategy": "Hashed", "Parent Relationship": "Outer", "Startup Cost": 254993.44, "Total Cost": 254993.44, "Plan Rows": 1, "Plan Width": 43, "Actual Min Startup Time": 1257.951, "Actual Max Startup Time": 1629.84, "Actual Min Total Time": 1257.953, "Actual Max Total Time": 1629.841, "Group By Key": ["lineitem.l_shipmode"], "Plans": [{"Node Type": "Hash Join", "Parent Relationship": "Outer", "Join Type": "Inner", "Startup Cost": 72593.55, "Total Cost": 254912.89, "Plan Rows": 294584, "Plan Width": 27, "Actual Min Startup Time": 159.028, "Actual Max Startup Time": 220.727, "Actual Min Total Time": 1247.646, "Actual Max Total Time": 1619.563, "Inner Unique": true, "Hash Cond": "(lineitem.l_orderkey = orders.o_orderkey), (LLVM Optimized, Jit Execute)", "Plans": [{"Node Type": "Streaming(type: BROADCAST dop: 64/64)", "Parent Relationship": "Outer", "Startup Cost": 1.25, "Total Cost": 181169.87, "Plan Rows": 18853376, "Plan Width": 19, "Actual Min Startup Time": 0.125, "Actual Max Startup Time": 5.992, "Actual Min Total Time": 890.773, "Actual Max Total Time": 1326.018, "Plans": [{"Node Type": "Seq Scan", "Parent Relationship": "Outer", "Relation Name": "lineitem", "Alias": "lineitem", "Startup Cost": 1.25, "Total Cost": 106202.39, "Plan Rows": 294584, "Plan Width": 19, "Actual Min Startup Time": 0.038, "Actual Max Startup Time": 0.562, "Actual Min Total Time": 416.333, "Actual Max Total Time": 639.464, "Filter": "((l_shipmode = ANY ('{RAIL,FOB}'::bpchar[])) AND (l_commitdate < l_receiptdate) AND (l_shipdate < l_commitdate) AND (l_receiptdate >= '1997-01-01 00:00:00'::timestamp(0) without time zone) AND (l_receiptdate < '1998-01-01 00:00:00'::timestamp without time zone)), (LLVM Optimized, Jit Execute)", "Rows Removed by Filter": 59674804, "Actual Rows": 311248}], "Actual Rows": 19919872}, {"Node Type": "Hash", "Parent Relationship": "Inner", "Startup Cost": 69662.72, "Total Cost": 69662.72, "Plan Rows": 14999479, "Plan Width": 24, "Actual Min Startup Time": 157.218, "Actual Max Startup Time": 215.078, "Actual Min Total Time": 157.218, "Actual Max Total Time": 215.078, "Max Hash Buckets": 262144, "Min Hash Buckets": 262144, "Max Hash Batches": 1, "Min Hash Batches": 1, "Max Original Hash Batches": 1, "Min Original Hash Batches": 1, "Max Peak Memory Usage": 13059, "min Peak Memory Usage": 13059, "Plans": [{"Node Type": "Seq Scan", "Parent Relationship": "Outer", "Relation Name": "orders", "Alias": "orders", "Startup Cost": 0.0, "Total Cost": 69662.72, "Plan Rows": 14999479, "Plan Width": 24, "Actual Min Startup Time": 0.019, "Actual Max Startup Time": 0.73, "Actual Min Total Time": 85.457, "Actual Max Total Time": 91.485, "Actual Rows": 15000000}], "Actual Rows": 15000000}], "Actual Rows": 311248}], "Actual Rows": 128}], "Actual Rows": 128}], "Actual Rows": 2}], "Actual Rows": 2}], "Actual Rows": 2}, "Triggers": [], "Planner Runtime": 1.224, "Total Runtime": 1987.985, "Unique SQL Id": 2036526415}}, "(64, '103')": {"explain_plan": {"Plan": {"Node Type": "Sort", "Startup Cost": 4921486.87, "Total Cost": 4921486.87, "Plan Rows": 1, "Plan Width": 43, "Sort Key": ["lineitem.l_shipmode"], "Plans": [{"Node Type": "Aggregate", "Strategy": "Hashed", "Parent Relationship": "Outer", "Startup Cost": 4921486.85, "Total Cost": 4921486.86, "Plan Rows": 1, "Plan Width": 43, "Group By Key": ["lineitem.l_shipmode"], "Plans": [{"Node Type": "Hash Join", "Parent Relationship": "Outer", "Join Type": "Inner", "Startup Cost": 2147327.85, "Total Cost": 4916331.63, "Plan Rows": 294584, "Plan Width": 27, "Inner Unique": true, "Hash Cond": "(lineitem.l_orderkey = orders.o_orderkey), (LLVM Optimized)", "Plans": [{"Node Type": "Bitmap Heap Scan", "Parent Relationship": "Outer", "Relation Name": "lineitem", "Alias": "lineitem", "Startup Cost": 1225109.06, "Total Cost": 3990062.3, "Plan Rows": 294584, "Plan Width": 19, "Filter": "((l_shipmode = ANY ('{RAIL,FOB}'::bpchar[])) AND (l_commitdate < l_receiptdate) AND (l_shipdate < l_commitdate) AND (l_receiptdate >= '1997-01-01 00:00:00'::timestamp(0) without time zone) AND (l_receiptdate < '1998-01-01 00:00:00'::timestamp without time zone)), (LLVM Optimized)", "Plans": [{"Node Type": "Bitmap Index Scan", "Parent Relationship": "Outer", "Index Name": "idx_lineitem_orderkey", "Startup Cost": 0.0, "Total Cost": 1225035.42, "Plan Rows": 59987033, "Plan Width": 0}]}, {"Node Type": "Hash", "Parent Relationship": "Inner", "Startup Cost": 734725.3, "Total Cost": 734725.3, "Plan Rows": 14999479, "Plan Width": 24, "Plans": [{"Node Type": "Bitmap Heap Scan", "Parent Relationship": "Outer", "Relation Name": "orders", "Alias": "orders", "Startup Cost": 308311.51, "Total Cost": 734725.3, "Plan Rows": 14999479, "Plan Width": 24, "Plans": [{"Node Type": "Bitmap Index Scan", "Parent Relationship": "Outer", "Index Name": "orders_pkey", "Startup Cost": 0.0, "Total Cost": 304561.65, "Plan Rows": 14999479, "Plan Width": 0}]}]}]}]}]}, "Unique SQL Id": 2036526415, "Planner Runtime": 0}, "explain_analyze_plan": null}, "(64, '104')": {"explain_plan": {"Plan": {"Node Type": "Sort", "Startup Cost": 254993.48, "Total Cost": 254993.48, "Plan Rows": 1, "Plan Width": 43, "Sort Key": ["lineitem.l_shipmode"], "Plans": [{"Node Type": "Streaming(type: LOCAL GATHER dop: 1/64)", "Parent Relationship": "Outer", "Startup Cost": 254993.46, "Total Cost": 254993.47, "Plan Rows": 1, "Plan Width": 43, "Plans": [{"Node Type": "Aggregate", "Strategy": "Hashed", "Parent Relationship": "Outer", "Startup Cost": 254993.46, "Total Cost": 254993.46, "Plan Rows": 1, "Plan Width": 43, "Group By Key": ["lineitem.l_shipmode"], "Plans": [{"Node Type": "Streaming(type: LOCAL REDISTRIBUTE dop: 64/64)", "Parent Relationship": "Outer", "Startup Cost": 254993.44, "Total Cost": 254993.46, "Plan Rows": 1, "Plan Width": 43, "Plans": [{"Node Type": "Aggregate", "Strategy": "Hashed", "Parent Relationship": "Outer", "Startup Cost": 254993.44, "Total Cost": 254993.44, "Plan Rows": 1, "Plan Width": 43, "Group By Key": ["lineitem.l_shipmode"], "Plans": [{"Node Type": "Hash Join", "Parent Relationship": "Outer", "Join Type": "Inner", "Startup Cost": 72593.55, "Total Cost": 254912.89, "Plan Rows": 294584, "Plan Width": 27, "Inner Unique": true, "Hash Cond": "(lineitem.l_orderkey = orders.o_orderkey), (LLVM Optimized)", "Plans": [{"Node Type": "Streaming(type: BROADCAST dop: 64/64)", "Parent Relationship": "Outer", "Startup Cost": 1.25, "Total Cost": 181169.87, "Plan Rows": 18853376, "Plan Width": 19, "Plans": [{"Node Type": "Seq Scan", "Parent Relationship": "Outer", "Relation Name": "lineitem", "Alias": "lineitem", "Startup Cost": 1.25, "Total Cost": 106202.39, "Plan Rows": 294584, "Plan Width": 19, "Filter": "((l_shipmode = ANY ('{RAIL,FOB}'::bpchar[])) AND (l_commitdate < l_receiptdate) AND (l_shipdate < l_commitdate) AND (l_receiptdate >= '1997-01-01 00:00:00'::timestamp(0) without time zone) AND (l_receiptdate < '1998-01-01 00:00:00'::timestamp without time zone)), (LLVM Optimized)"}]}, {"Node Type": "Hash", "Parent Relationship": "Inner", "Startup Cost": 69662.72, "Total Cost": 69662.72, "Plan Rows": 14999479, "Plan Width": 24, "Plans": [{"Node Type": "Seq Scan", "Parent Relationship": "Outer", "Relation Name": "orders", "Alias": "orders", "Startup Cost": 0.0, "Total Cost": 69662.72, "Plan Rows": 14999479, "Plan Width": 24}]}]}]}]}]}]}]}, "Unique SQL Id": 2036526415, "Planner Runtime": 0}, "explain_analyze_plan": {"Plan": {"Node Type": "Sort", "Startup Cost": 254993.48, "Total Cost": 254993.48, "Plan Rows": 1, "Plan Width": 43, "Actual Min Startup Time": 1935.075, "Actual Max Startup Time": 1935.075, "Actual Min Total Time": 1935.075, "Actual Max Total Time": 1935.075, "Sort Key": ["lineitem.l_shipmode"], "Sort Method": "quicksort", "Sort Space Min Used": 25, "Sort Space Max Used": 25, "Sort Space Type": "Memory", "Plans": [{"Node Type": "Streaming(type: LOCAL GATHER dop: 1/64)", "Parent Relationship": "Outer", "Startup Cost": 254993.46, "Total Cost": 254993.47, "Plan Rows": 1, "Plan Width": 43, "Actual Min Startup Time": 1934.423, "Actual Max Startup Time": 1934.423, "Actual Min Total Time": 1935.017, "Actual Max Total Time": 1935.017, "Plans": [{"Node Type": "Aggregate", "Strategy": "Hashed", "Parent Relationship": "Outer", "Startup Cost": 254993.46, "Total Cost": 254993.46, "Plan Rows": 1, "Plan Width": 43, "Actual Min Startup Time": 1418.405, "Actual Max Startup Time": 1631.823, "Actual Min Total Time": 1418.405, "Actual Max Total Time": 1631.823, "Group By Key": ["lineitem.l_shipmode"], "Plans": [{"Node Type": "Streaming(type: LOCAL REDISTRIBUTE dop: 64/64)", "Parent Relationship": "Outer", "Startup Cost": 254993.44, "Total Cost": 254993.46, "Plan Rows": 1, "Plan Width": 43, "Actual Min Startup Time": 1418.4, "Actual Max Startup Time": 1631.817, "Actual Min Total Time": 1418.4, "Actual Max Total Time": 1631.817, "Plans": [{"Node Type": "Aggregate", "Strategy": "Hashed", "Parent Relationship": "Outer", "Startup Cost": 254993.44, "Total Cost": 254993.44, "Plan Rows": 1, "Plan Width": 43, "Actual Min Startup Time": 1257.951, "Actual Max Startup Time": 1629.84, "Actual Min Total Time": 1257.953, "Actual Max Total Time": 1629.841, "Group By Key": ["lineitem.l_shipmode"], "Plans": [{"Node Type": "Hash Join", "Parent Relationship": "Outer", "Join Type": "Inner", "Startup Cost": 72593.55, "Total Cost": 254912.89, "Plan Rows": 294584, "Plan Width": 27, "Actual Min Startup Time": 159.028, "Actual Max Startup Time": 220.727, "Actual Min Total Time": 1247.646, "Actual Max Total Time": 1619.563, "Inner Unique": true, "Hash Cond": "(lineitem.l_orderkey = orders.o_orderkey), (LLVM Optimized, Jit Execute)", "Plans": [{"Node Type": "Streaming(type: BROADCAST dop: 64/64)", "Parent Relationship": "Outer", "Startup Cost": 1.25, "Total Cost": 181169.87, "Plan Rows": 18853376, "Plan Width": 19, "Actual Min Startup Time": 0.125, "Actual Max Startup Time": 5.992, "Actual Min Total Time": 890.773, "Actual Max Total Time": 1326.018, "Plans": [{"Node Type": "Seq Scan", "Parent Relationship": "Outer", "Relation Name": "lineitem", "Alias": "lineitem", "Startup Cost": 1.25, "Total Cost": 106202.39, "Plan Rows": 294584, "Plan Width": 19, "Actual Min Startup Time": 0.038, "Actual Max Startup Time": 0.562, "Actual Min Total Time": 416.333, "Actual Max Total Time": 639.464, "Filter": "((l_shipmode = ANY ('{RAIL,FOB}'::bpchar[])) AND (l_commitdate < l_receiptdate) AND (l_shipdate < l_commitdate) AND (l_receiptdate >= '1997-01-01 00:00:00'::timestamp(0) without time zone) AND (l_receiptdate < '1998-01-01 00:00:00'::timestamp without time zone)), (LLVM Optimized, Jit Execute)", "Rows Removed by Filter": 59674804, "Actual Rows": 311248}], "Actual Rows": 19919872}, {"Node Type": "Hash", "Parent Relationship": "Inner", "Startup Cost": 69662.72, "Total Cost": 69662.72, "Plan Rows": 14999479, "Plan Width": 24, "Actual Min Startup Time": 157.218, "Actual Max Startup Time": 215.078, "Actual Min Total Time": 157.218, "Actual Max Total Time": 215.078, "Max Hash Buckets": 262144, "Min Hash Buckets": 262144, "Max Hash Batches": 1, "Min Hash Batches": 1, "Max Original Hash Batches": 1, "Min Original Hash Batches": 1, "Max Peak Memory Usage": 13059, "min Peak Memory Usage": 13059, "Plans": [{"Node Type": "Seq Scan", "Parent Relationship": "Outer", "Relation Name": "orders", "Alias": "orders", "Startup Cost": 0.0, "Total Cost": 69662.72, "Plan Rows": 14999479, "Plan Width": 24, "Actual Min Startup Time": 0.019, "Actual Max Startup Time": 0.73, "Actual Min Total Time": 85.457, "Actual Max Total Time": 91.485, "Actual Rows": 15000000}], "Actual Rows": 15000000}], "Actual Rows": 311248}], "Actual Rows": 128}], "Actual Rows": 128}], "Actual Rows": 2}], "Actual Rows": 2}], "Actual Rows": 2}, "Triggers": [], "Planner Runtime": 1.224, "Total Runtime": 1987.985, "Unique SQL Id": 2036526415}}, "(64, '105')": {"explain_plan": {"Plan": {"Node Type": "Sort", "Startup Cost": 3449828.29, "Total Cost": 3449828.29, "Plan Rows": 1, "Plan Width": 43, "Sort Key": ["lineitem.l_shipmode"], "Plans": [{"Node Type": "Streaming(type: LOCAL GATHER dop: 1/64)", "Parent Relationship": "Outer", "Startup Cost": 3449828.27, "Total Cost": 3449828.28, "Plan Rows": 1, "Plan Width": 43, "Plans": [{"Node Type": "Aggregate", "Strategy": "Hashed", "Parent Relationship": "Outer", "Startup Cost": 3449828.27, "Total Cost": 3449828.27, "Plan Rows": 1, "Plan Width": 43, "Group By Key": ["lineitem.l_shipmode"], "Plans": [{"Node Type": "Streaming(type: LOCAL REDISTRIBUTE dop: 64/64)", "Parent Relationship": "Outer", "Startup Cost": 3449828.25, "Total Cost": 3449828.27, "Plan Rows": 1, "Plan Width": 43, "Plans": [{"Node Type": "Aggregate", "Strategy": "Hashed", "Parent Relationship": "Outer", "Startup Cost": 3449828.25, "Total Cost": 3449828.25, "Plan Rows": 1, "Plan Width": 43, "Group By Key": ["lineitem.l_shipmode"], "Plans": [{"Node Type": "Hash Join", "Parent Relationship": "Outer", "Join Type": "Inner", "Startup Cost": 649256.9, "Total Cost": 3449747.7, "Plan Rows": 294584, "Plan Width": 27, "Inner Unique": true, "Hash Cond": "(lineitem.l_orderkey = orders.o_orderkey), (LLVM Optimized)", "Plans": [{"Node Type": "Streaming(type: BROADCAST dop: 64/64)", "Parent Relationship": "Outer", "Startup Cost": 0.0, "Total Cost": 2799340.08, "Plan Rows": 18853376, "Plan Width": 19, "Plans": [{"Node Type": "Index Scan", "Parent Relationship": "Outer", "Scan Direction": "Forward", "Index Name": "idx_lineitem_orderkey", "Relation Name": "lineitem", "Alias": "lineitem", "Startup Cost": 0.0, "Total Cost": 2724372.61, "Plan Rows": 294584, "Plan Width": 19, "Filter": "((l_shipmode = ANY ('{RAIL,FOB}'::bpchar[])) AND (l_commitdate < l_receiptdate) AND (l_shipdate < l_commitdate) AND (l_receiptdate >= '1997-01-01 00:00:00'::timestamp(0) without time zone) AND (l_receiptdate < '1998-01-01 00:00:00'::timestamp without time zone)), (LLVM Optimized)"}]}, {"Node Type": "Hash", "Parent Relationship": "Inner", "Startup Cost": 646327.31, "Total Cost": 646327.31, "Plan Rows": 14999479, "Plan Width": 24, "Plans": [{"Node Type": "Index Scan", "Parent Relationship": "Outer", "Scan Direction": "Forward", "Index Name": "orders_pkey", "Relation Name": "orders", "Alias": "orders", "Startup Cost": 0.0, "Total Cost": 646327.31, "Plan Rows": 14999479, "Plan Width": 24}]}]}]}]}]}]}]}, "Unique SQL Id": 2036526415, "Planner Runtime": 0}, "explain_analyze_plan": {"Plan": {"Node Type": "Sort", "Startup Cost": 3449828.29, "Total Cost": 3449828.29, "Plan Rows": 1, "Plan Width": 43, "Actual Min Startup Time": 4746.649, "Actual Max Startup Time": 4746.649, "Actual Min Total Time": 4746.649, "Actual Max Total Time": 4746.649, "Sort Key": ["lineitem.l_shipmode"], "Sort Method": "quicksort", "Sort Space Min Used": 25, "Sort Space Max Used": 25, "Sort Space Type": "Memory", "Plans": [{"Node Type": "Streaming(type: LOCAL GATHER dop: 1/64)", "Parent Relationship": "Outer", "Startup Cost": 3449828.27, "Total Cost": 3449828.28, "Plan Rows": 1, "Plan Width": 43, "Actual Min Startup Time": 4744.896, "Actual Max Startup Time": 4744.896, "Actual Min Total Time": 4746.577, "Actual Max Total Time": 4746.577, "Plans": [{"Node Type": "Aggregate", "Strategy": "Hashed", "Parent Relationship": "Outer", "Startup Cost": 3449828.27, "Total Cost": 3449828.27, "Plan Rows": 1, "Plan Width": 43, "Actual Min Startup Time": 4274.293, "Actual Max Startup Time": 4398.228, "Actual Min Total Time": 4274.293, "Actual Max Total Time": 4398.228, "Group By Key": ["lineitem.l_shipmode"], "Plans": [{"Node Type": "Streaming(type: LOCAL REDISTRIBUTE dop: 64/64)", "Parent Relationship": "Outer", "Startup Cost": 3449828.25, "Total Cost": 3449828.27, "Plan Rows": 1, "Plan Width": 43, "Actual Min Startup Time": 4274.284, "Actual Max Startup Time": 4398.22, "Actual Min Total Time": 4274.284, "Actual Max Total Time": 4398.22, "Plans": [{"Node Type": "Aggregate", "Strategy": "Hashed", "Parent Relationship": "Outer", "Startup Cost": 3449828.25, "Total Cost": 3449828.25, "Plan Rows": 1, "Plan Width": 43, "Actual Min Startup Time": 4092.61, "Actual Max Startup Time": 4483.277, "Actual Min Total Time": 4092.611, "Actual Max Total Time": 4483.278, "Group By Key": ["lineitem.l_shipmode"], "Plans": [{"Node Type": "Hash Join", "Parent Relationship": "Outer", "Join Type": "Inner", "Startup Cost": 649256.9, "Total Cost": 3449747.7, "Plan Rows": 294584, "Plan Width": 27, "Actual Min Startup Time": 2670.617, "Actual Max Startup Time": 3066.906, "Actual Min Total Time": 4081.58, "Actual Max Total Time": 4475.509, "Inner Unique": true, "Hash Cond": "(lineitem.l_orderkey = orders.o_orderkey), (LLVM Optimized, Jit Execute)", "Plans": [{"Node Type": "Streaming(type: BROADCAST dop: 64/64)", "Parent Relationship": "Outer", "Startup Cost": 0.0, "Total Cost": 2799340.08, "Plan Rows": 18853376, "Plan Width": 19, "Actual Min Startup Time": 1575.849, "Actual Max Startup Time": 1619.999, "Actual Min Total Time": 2810.256, "Actual Max Total Time": 2910.921, "Plans": [{"Node Type": "Index Scan", "Parent Relationship": "Outer", "Scan Direction": "Forward", "Index Name": "idx_lineitem_orderkey", "Relation Name": "lineitem", "Alias": "lineitem", "Startup Cost": 0.0, "Total Cost": 2724372.61, "Plan Rows": 294584, "Plan Width": 19, "Actual Min Startup Time": 2652.522, "Actual Max Startup Time": 3055.949, "Actual Min Total Time": 3622.531, "Actual Max Total Time": 3851.498, "Filter": "((l_shipmode = ANY ('{RAIL,FOB}'::bpchar[])) AND (l_commitdate < l_receiptdate) AND (l_shipdate < l_commitdate) AND (l_receiptdate >= '1997-01-01 00:00:00'::timestamp(0) without time zone) AND (l_receiptdate < '1998-01-01 00:00:00'::timestamp without time zone)), (LLVM Optimized, Jit Execute)", "Rows Removed by Filter": 59674804, "Actual Rows": 311248}], "Actual Rows": 19919872}, {"Node Type": "Hash", "Parent Relationship": "Inner", "Startup Cost": 646327.31, "Total Cost": 646327.31, "Plan Rows": 14999479, "Plan Width": 24, "Actual Min Startup Time": 1054.367, "Actual Max Startup Time": 1451.859, "Actual Min Total Time": 1054.367, "Actual Max Total Time": 1451.859, "Max Hash Buckets": 262144, "Min Hash Buckets": 262144, "Max Hash Batches": 1, "Min Hash Batches": 1, "Max Original Hash Batches": 1, "Min Original Hash Batches": 1, "Max Peak Memory Usage": 12827, "min Peak Memory Usage": 12827, "Plans": [{"Node Type": "Index Scan", "Parent Relationship": "Outer", "Scan Direction": "Forward", "Index Name": "orders_pkey", "Relation Name": "orders", "Alias": "orders", "Startup Cost": 0.0, "Total Cost": 646327.31, "Plan Rows": 14999479, "Plan Width": 24, "Actual Min Startup Time": 790.395, "Actual Max Startup Time": 1182.717, "Actual Min Total Time": 972.997, "Actual Max Total Time": 1366.525, "Actual Rows": 15000000}], "Actual Rows": 15000000}], "Actual Rows": 311248}], "Actual Rows": 128}], "Actual Rows": 128}], "Actual Rows": 2}], "Actual Rows": 2}], "Actual Rows": 2}, "Triggers": [], "Planner Runtime": 1.363, "Total Runtime": 4801.516, "Unique SQL Id": 2036526415}}, "(64, '106')": {"explain_plan": {"Plan": {"Node Type": "Sort", "Startup Cost": 254993.48, "Total Cost": 254993.48, "Plan Rows": 1, "Plan Width": 43, "Sort Key": ["lineitem.l_shipmode"], "Plans": [{"Node Type": "Streaming(type: LOCAL GATHER dop: 1/64)", "Parent Relationship": "Outer", "Startup Cost": 254993.46, "Total Cost": 254993.47, "Plan Rows": 1, "Plan Width": 43, "Plans": [{"Node Type": "Aggregate", "Strategy": "Hashed", "Parent Relationship": "Outer", "Startup Cost": 254993.46, "Total Cost": 254993.46, "Plan Rows": 1, "Plan Width": 43, "Group By Key": ["lineitem.l_shipmode"], "Plans": [{"Node Type": "Streaming(type: LOCAL REDISTRIBUTE dop: 64/64)", "Parent Relationship": "Outer", "Startup Cost": 254993.44, "Total Cost": 254993.46, "Plan Rows": 1, "Plan Width": 43, "Plans": [{"Node Type": "Aggregate", "Strategy": "Hashed", "Parent Relationship": "Outer", "Startup Cost": 254993.44, "Total Cost": 254993.44, "Plan Rows": 1, "Plan Width": 43, "Group By Key": ["lineitem.l_shipmode"], "Plans": [{"Node Type": "Hash Join", "Parent Relationship": "Outer", "Join Type": "Inner", "Startup Cost": 72593.55, "Total Cost": 254912.89, "Plan Rows": 294584, "Plan Width": 27, "Inner Unique": true, "Hash Cond": "(lineitem.l_orderkey = orders.o_orderkey), (LLVM Optimized)", "Plans": [{"Node Type": "Streaming(type: BROADCAST dop: 64/64)", "Parent Relationship": "Outer", "Startup Cost": 1.25, "Total Cost": 181169.87, "Plan Rows": 18853376, "Plan Width": 19, "Plans": [{"Node Type": "Seq Scan", "Parent Relationship": "Outer", "Relation Name": "lineitem", "Alias": "lineitem", "Startup Cost": 1.25, "Total Cost": 106202.39, "Plan Rows": 294584, "Plan Width": 19, "Filter": "((l_shipmode = ANY ('{RAIL,FOB}'::bpchar[])) AND (l_commitdate < l_receiptdate) AND (l_shipdate < l_commitdate) AND (l_receiptdate >= '1997-01-01 00:00:00'::timestamp(0) without time zone) AND (l_receiptdate < '1998-01-01 00:00:00'::timestamp without time zone)), (LLVM Optimized)"}]}, {"Node Type": "Hash", "Parent Relationship": "Inner", "Startup Cost": 69662.72, "Total Cost": 69662.72, "Plan Rows": 14999479, "Plan Width": 24, "Plans": [{"Node Type": "Seq Scan", "Parent Relationship": "Outer", "Relation Name": "orders", "Alias": "orders", "Startup Cost": 0.0, "Total Cost": 69662.72, "Plan Rows": 14999479, "Plan Width": 24}]}]}]}]}]}]}]}, "Unique SQL Id": 2036526415, "Planner Runtime": 1}, "explain_analyze_plan": {"Plan": {"Node Type": "Sort", "Startup Cost": 254993.48, "Total Cost": 254993.48, "Plan Rows": 1, "Plan Width": 43, "Actual Min Startup Time": 1935.075, "Actual Max Startup Time": 1935.075, "Actual Min Total Time": 1935.075, "Actual Max Total Time": 1935.075, "Sort Key": ["lineitem.l_shipmode"], "Sort Method": "quicksort", "Sort Space Min Used": 25, "Sort Space Max Used": 25, "Sort Space Type": "Memory", "Plans": [{"Node Type": "Streaming(type: LOCAL GATHER dop: 1/64)", "Parent Relationship": "Outer", "Startup Cost": 254993.46, "Total Cost": 254993.47, "Plan Rows": 1, "Plan Width": 43, "Actual Min Startup Time": 1934.423, "Actual Max Startup Time": 1934.423, "Actual Min Total Time": 1935.017, "Actual Max Total Time": 1935.017, "Plans": [{"Node Type": "Aggregate", "Strategy": "Hashed", "Parent Relationship": "Outer", "Startup Cost": 254993.46, "Total Cost": 254993.46, "Plan Rows": 1, "Plan Width": 43, "Actual Min Startup Time": 1418.405, "Actual Max Startup Time": 1631.823, "Actual Min Total Time": 1418.405, "Actual Max Total Time": 1631.823, "Group By Key": ["lineitem.l_shipmode"], "Plans": [{"Node Type": "Streaming(type: LOCAL REDISTRIBUTE dop: 64/64)", "Parent Relationship": "Outer", "Startup Cost": 254993.44, "Total Cost": 254993.46, "Plan Rows": 1, "Plan Width": 43, "Actual Min Startup Time": 1418.4, "Actual Max Startup Time": 1631.817, "Actual Min Total Time": 1418.4, "Actual Max Total Time": 1631.817, "Plans": [{"Node Type": "Aggregate", "Strategy": "Hashed", "Parent Relationship": "Outer", "Startup Cost": 254993.44, "Total Cost": 254993.44, "Plan Rows": 1, "Plan Width": 43, "Actual Min Startup Time": 1257.951, "Actual Max Startup Time": 1629.84, "Actual Min Total Time": 1257.953, "Actual Max Total Time": 1629.841, "Group By Key": ["lineitem.l_shipmode"], "Plans": [{"Node Type": "Hash Join", "Parent Relationship": "Outer", "Join Type": "Inner", "Startup Cost": 72593.55, "Total Cost": 254912.89, "Plan Rows": 294584, "Plan Width": 27, "Actual Min Startup Time": 159.028, "Actual Max Startup Time": 220.727, "Actual Min Total Time": 1247.646, "Actual Max Total Time": 1619.563, "Inner Unique": true, "Hash Cond": "(lineitem.l_orderkey = orders.o_orderkey), (LLVM Optimized, Jit Execute)", "Plans": [{"Node Type": "Streaming(type: BROADCAST dop: 64/64)", "Parent Relationship": "Outer", "Startup Cost": 1.25, "Total Cost": 181169.87, "Plan Rows": 18853376, "Plan Width": 19, "Actual Min Startup Time": 0.125, "Actual Max Startup Time": 5.992, "Actual Min Total Time": 890.773, "Actual Max Total Time": 1326.018, "Plans": [{"Node Type": "Seq Scan", "Parent Relationship": "Outer", "Relation Name": "lineitem", "Alias": "lineitem", "Startup Cost": 1.25, "Total Cost": 106202.39, "Plan Rows": 294584, "Plan Width": 19, "Actual Min Startup Time": 0.038, "Actual Max Startup Time": 0.562, "Actual Min Total Time": 416.333, "Actual Max Total Time": 639.464, "Filter": "((l_shipmode = ANY ('{RAIL,FOB}'::bpchar[])) AND (l_commitdate < l_receiptdate) AND (l_shipdate < l_commitdate) AND (l_receiptdate >= '1997-01-01 00:00:00'::timestamp(0) without time zone) AND (l_receiptdate < '1998-01-01 00:00:00'::timestamp without time zone)), (LLVM Optimized, Jit Execute)", "Rows Removed by Filter": 59674804, "Actual Rows": 311248}], "Actual Rows": 19919872}, {"Node Type": "Hash", "Parent Relationship": "Inner", "Startup Cost": 69662.72, "Total Cost": 69662.72, "Plan Rows": 14999479, "Plan Width": 24, "Actual Min Startup Time": 157.218, "Actual Max Startup Time": 215.078, "Actual Min Total Time": 157.218, "Actual Max Total Time": 215.078, "Max Hash Buckets": 262144, "Min Hash Buckets": 262144, "Max Hash Batches": 1, "Min Hash Batches": 1, "Max Original Hash Batches": 1, "Min Original Hash Batches": 1, "Max Peak Memory Usage": 13059, "min Peak Memory Usage": 13059, "Plans": [{"Node Type": "Seq Scan", "Parent Relationship": "Outer", "Relation Name": "orders", "Alias": "orders", "Startup Cost": 0.0, "Total Cost": 69662.72, "Plan Rows": 14999479, "Plan Width": 24, "Actual Min Startup Time": 0.019, "Actual Max Startup Time": 0.73, "Actual Min Total Time": 85.457, "Actual Max Total Time": 91.485, "Actual Rows": 15000000}], "Actual Rows": 15000000}], "Actual Rows": 311248}], "Actual Rows": 128}], "Actual Rows": 128}], "Actual Rows": 2}], "Actual Rows": 2}], "Actual Rows": 2}, "Triggers": [], "Planner Runtime": 1.224, "Total Runtime": 1987.985, "Unique SQL Id": 2036526415}}, "(64, '107')": {"explain_plan": {"Plan": {"Node Type": "Sort", "Startup Cost": 2000472293708.51, "Total Cost": 2000472293708.51, "Plan Rows": 1, "Plan Width": 43, "Sort Key": ["lineitem.l_shipmode"], "Plans": [{"Node Type": "Aggregate", "Strategy": "Hashed", "Parent Relationship": "Outer", "Startup Cost": 2000472293708.49, "Total Cost": 2000472293708.5, "Plan Rows": 1, "Plan Width": 43, "Group By Key": ["lineitem.l_shipmode"], "Plans": [{"Node Type": "Hash Join", "Parent Relationship": "Outer", "Join Type": "Inner", "Startup Cost": 1010073285336.99, "Total Cost": 2000472288553.27, "Plan Rows": 294584, "Plan Width": 27, "Inner Unique": true, "Hash Cond": "(lineitem.l_orderkey = orders.o_orderkey), (LLVM Optimized)", "Plans": [{"Node Type": "Index Scan", "Parent Relationship": "Outer", "Scan Direction": "Forward", "Index Name": "idx_lineitem_orderkey", "Relation Name": "lineitem", "Alias": "lineitem", "Startup Cost": 10000000000.0, "Total Cost": 1000398999165.75, "Plan Rows": 294584, "Plan Width": 19, "Filter": "((l_shipmode = ANY ('{RAIL,FOB}'::bpchar[])) AND (l_commitdate < l_receiptdate) AND (l_shipdate < l_commitdate) AND (l_receiptdate >= '1997-01-01 00:00:00'::timestamp(0) without time zone) AND (l_receiptdate < '1998-01-01 00:00:00'::timestamp without time zone)), (LLVM Optimized)"}, {"Node Type": "Hash", "Parent Relationship": "Inner", "Startup Cost": 1000073097843.5, "Total Cost": 1000073097843.5, "Plan Rows": 14999479, "Plan Width": 24, "Plans": [{"Node Type": "Index Scan", "Parent Relationship": "Outer", "Scan Direction": "Forward", "Index Name": "orders_pkey", "Relation Name": "orders", "Alias": "orders", "Startup Cost": 10000000000.0, "Total Cost": 1000073097843.5, "Plan Rows": 14999479, "Plan Width": 24}]}]}]}]}, "Unique SQL Id": 2036526415, "Planner Runtime": 0}, "explain_analyze_plan": null}, "(64, '108')": {"explain_plan": {"Plan": {"Node Type": "Sort", "Startup Cost": 254993.48, "Total Cost": 254993.48, "Plan Rows": 1, "Plan Width": 43, "Sort Key": ["lineitem.l_shipmode"], "Plans": [{"Node Type": "Streaming(type: LOCAL GATHER dop: 1/64)", "Parent Relationship": "Outer", "Startup Cost": 254993.46, "Total Cost": 254993.47, "Plan Rows": 1, "Plan Width": 43, "Plans": [{"Node Type": "Aggregate", "Strategy": "Hashed", "Parent Relationship": "Outer", "Startup Cost": 254993.46, "Total Cost": 254993.46, "Plan Rows": 1, "Plan Width": 43, "Group By Key": ["lineitem.l_shipmode"], "Plans": [{"Node Type": "Streaming(type: LOCAL REDISTRIBUTE dop: 64/64)", "Parent Relationship": "Outer", "Startup Cost": 254993.44, "Total Cost": 254993.46, "Plan Rows": 1, "Plan Width": 43, "Plans": [{"Node Type": "Aggregate", "Strategy": "Hashed", "Parent Relationship": "Outer", "Startup Cost": 254993.44, "Total Cost": 254993.44, "Plan Rows": 1, "Plan Width": 43, "Group By Key": ["lineitem.l_shipmode"], "Plans": [{"Node Type": "Hash Join", "Parent Relationship": "Outer", "Join Type": "Inner", "Startup Cost": 72593.55, "Total Cost": 254912.89, "Plan Rows": 294584, "Plan Width": 27, "Inner Unique": true, "Hash Cond": "(lineitem.l_orderkey = orders.o_orderkey), (LLVM Optimized)", "Plans": [{"Node Type": "Streaming(type: BROADCAST dop: 64/64)", "Parent Relationship": "Outer", "Startup Cost": 1.25, "Total Cost": 181169.87, "Plan Rows": 18853376, "Plan Width": 19, "Plans": [{"Node Type": "Seq Scan", "Parent Relationship": "Outer", "Relation Name": "lineitem", "Alias": "lineitem", "Startup Cost": 1.25, "Total Cost": 106202.39, "Plan Rows": 294584, "Plan Width": 19, "Filter": "((l_shipmode = ANY ('{RAIL,FOB}'::bpchar[])) AND (l_commitdate < l_receiptdate) AND (l_shipdate < l_commitdate) AND (l_receiptdate >= '1997-01-01 00:00:00'::timestamp(0) without time zone) AND (l_receiptdate < '1998-01-01 00:00:00'::timestamp without time zone)), (LLVM Optimized)"}]}, {"Node Type": "Hash", "Parent Relationship": "Inner", "Startup Cost": 69662.72, "Total Cost": 69662.72, "Plan Rows": 14999479, "Plan Width": 24, "Plans": [{"Node Type": "Seq Scan", "Parent Relationship": "Outer", "Relation Name": "orders", "Alias": "orders", "Startup Cost": 0.0, "Total Cost": 69662.72, "Plan Rows": 14999479, "Plan Width": 24}]}]}]}]}]}]}]}, "Unique SQL Id": 2036526415, "Planner Runtime": 0}, "explain_analyze_plan": {"Plan": {"Node Type": "Sort", "Startup Cost": 254993.48, "Total Cost": 254993.48, "Plan Rows": 1, "Plan Width": 43, "Actual Min Startup Time": 1935.075, "Actual Max Startup Time": 1935.075, "Actual Min Total Time": 1935.075, "Actual Max Total Time": 1935.075, "Sort Key": ["lineitem.l_shipmode"], "Sort Method": "quicksort", "Sort Space Min Used": 25, "Sort Space Max Used": 25, "Sort Space Type": "Memory", "Plans": [{"Node Type": "Streaming(type: LOCAL GATHER dop: 1/64)", "Parent Relationship": "Outer", "Startup Cost": 254993.46, "Total Cost": 254993.47, "Plan Rows": 1, "Plan Width": 43, "Actual Min Startup Time": 1934.423, "Actual Max Startup Time": 1934.423, "Actual Min Total Time": 1935.017, "Actual Max Total Time": 1935.017, "Plans": [{"Node Type": "Aggregate", "Strategy": "Hashed", "Parent Relationship": "Outer", "Startup Cost": 254993.46, "Total Cost": 254993.46, "Plan Rows": 1, "Plan Width": 43, "Actual Min Startup Time": 1418.405, "Actual Max Startup Time": 1631.823, "Actual Min Total Time": 1418.405, "Actual Max Total Time": 1631.823, "Group By Key": ["lineitem.l_shipmode"], "Plans": [{"Node Type": "Streaming(type: LOCAL REDISTRIBUTE dop: 64/64)", "Parent Relationship": "Outer", "Startup Cost": 254993.44, "Total Cost": 254993.46, "Plan Rows": 1, "Plan Width": 43, "Actual Min Startup Time": 1418.4, "Actual Max Startup Time": 1631.817, "Actual Min Total Time": 1418.4, "Actual Max Total Time": 1631.817, "Plans": [{"Node Type": "Aggregate", "Strategy": "Hashed", "Parent Relationship": "Outer", "Startup Cost": 254993.44, "Total Cost": 254993.44, "Plan Rows": 1, "Plan Width": 43, "Actual Min Startup Time": 1257.951, "Actual Max Startup Time": 1629.84, "Actual Min Total Time": 1257.953, "Actual Max Total Time": 1629.841, "Group By Key": ["lineitem.l_shipmode"], "Plans": [{"Node Type": "Hash Join", "Parent Relationship": "Outer", "Join Type": "Inner", "Startup Cost": 72593.55, "Total Cost": 254912.89, "Plan Rows": 294584, "Plan Width": 27, "Actual Min Startup Time": 159.028, "Actual Max Startup Time": 220.727, "Actual Min Total Time": 1247.646, "Actual Max Total Time": 1619.563, "Inner Unique": true, "Hash Cond": "(lineitem.l_orderkey = orders.o_orderkey), (LLVM Optimized, Jit Execute)", "Plans": [{"Node Type": "Streaming(type: BROADCAST dop: 64/64)", "Parent Relationship": "Outer", "Startup Cost": 1.25, "Total Cost": 181169.87, "Plan Rows": 18853376, "Plan Width": 19, "Actual Min Startup Time": 0.125, "Actual Max Startup Time": 5.992, "Actual Min Total Time": 890.773, "Actual Max Total Time": 1326.018, "Plans": [{"Node Type": "Seq Scan", "Parent Relationship": "Outer", "Relation Name": "lineitem", "Alias": "lineitem", "Startup Cost": 1.25, "Total Cost": 106202.39, "Plan Rows": 294584, "Plan Width": 19, "Actual Min Startup Time": 0.038, "Actual Max Startup Time": 0.562, "Actual Min Total Time": 416.333, "Actual Max Total Time": 639.464, "Filter": "((l_shipmode = ANY ('{RAIL,FOB}'::bpchar[])) AND (l_commitdate < l_receiptdate) AND (l_shipdate < l_commitdate) AND (l_receiptdate >= '1997-01-01 00:00:00'::timestamp(0) without time zone) AND (l_receiptdate < '1998-01-01 00:00:00'::timestamp without time zone)), (LLVM Optimized, Jit Execute)", "Rows Removed by Filter": 59674804, "Actual Rows": 311248}], "Actual Rows": 19919872}, {"Node Type": "Hash", "Parent Relationship": "Inner", "Startup Cost": 69662.72, "Total Cost": 69662.72, "Plan Rows": 14999479, "Plan Width": 24, "Actual Min Startup Time": 157.218, "Actual Max Startup Time": 215.078, "Actual Min Total Time": 157.218, "Actual Max Total Time": 215.078, "Max Hash Buckets": 262144, "Min Hash Buckets": 262144, "Max Hash Batches": 1, "Min Hash Batches": 1, "Max Original Hash Batches": 1, "Min Original Hash Batches": 1, "Max Peak Memory Usage": 13059, "min Peak Memory Usage": 13059, "Plans": [{"Node Type": "Seq Scan", "Parent Relationship": "Outer", "Relation Name": "orders", "Alias": "orders", "Startup Cost": 0.0, "Total Cost": 69662.72, "Plan Rows": 14999479, "Plan Width": 24, "Actual Min Startup Time": 0.019, "Actual Max Startup Time": 0.73, "Actual Min Total Time": 85.457, "Actual Max Total Time": 91.485, "Actual Rows": 15000000}], "Actual Rows": 15000000}], "Actual Rows": 311248}], "Actual Rows": 128}], "Actual Rows": 128}], "Actual Rows": 2}], "Actual Rows": 2}], "Actual Rows": 2}, "Triggers": [], "Planner Runtime": 1.224, "Total Runtime": 1987.985, "Unique SQL Id": 2036526415}}, "(64, '109')": {"explain_plan": {"Plan": {"Node Type": "Sort", "Startup Cost": 3449828.29, "Total Cost": 3449828.29, "Plan Rows": 1, "Plan Width": 43, "Sort Key": ["lineitem.l_shipmode"], "Plans": [{"Node Type": "Streaming(type: LOCAL GATHER dop: 1/64)", "Parent Relationship": "Outer", "Startup Cost": 3449828.27, "Total Cost": 3449828.28, "Plan Rows": 1, "Plan Width": 43, "Plans": [{"Node Type": "Aggregate", "Strategy": "Hashed", "Parent Relationship": "Outer", "Startup Cost": 3449828.27, "Total Cost": 3449828.27, "Plan Rows": 1, "Plan Width": 43, "Group By Key": ["lineitem.l_shipmode"], "Plans": [{"Node Type": "Streaming(type: LOCAL REDISTRIBUTE dop: 64/64)", "Parent Relationship": "Outer", "Startup Cost": 3449828.25, "Total Cost": 3449828.27, "Plan Rows": 1, "Plan Width": 43, "Plans": [{"Node Type": "Aggregate", "Strategy": "Hashed", "Parent Relationship": "Outer", "Startup Cost": 3449828.25, "Total Cost": 3449828.25, "Plan Rows": 1, "Plan Width": 43, "Group By Key": ["lineitem.l_shipmode"], "Plans": [{"Node Type": "Hash Join", "Parent Relationship": "Outer", "Join Type": "Inner", "Startup Cost": 649256.9, "Total Cost": 3449747.7, "Plan Rows": 294584, "Plan Width": 27, "Inner Unique": true, "Hash Cond": "(lineitem.l_orderkey = orders.o_orderkey), (LLVM Optimized)", "Plans": [{"Node Type": "Streaming(type: BROADCAST dop: 64/64)", "Parent Relationship": "Outer", "Startup Cost": 0.0, "Total Cost": 2799340.08, "Plan Rows": 18853376, "Plan Width": 19, "Plans": [{"Node Type": "Index Scan", "Parent Relationship": "Outer", "Scan Direction": "Forward", "Index Name": "idx_lineitem_orderkey", "Relation Name": "lineitem", "Alias": "lineitem", "Startup Cost": 0.0, "Total Cost": 2724372.61, "Plan Rows": 294584, "Plan Width": 19, "Filter": "((l_shipmode = ANY ('{RAIL,FOB}'::bpchar[])) AND (l_commitdate < l_receiptdate) AND (l_shipdate < l_commitdate) AND (l_receiptdate >= '1997-01-01 00:00:00'::timestamp(0) without time zone) AND (l_receiptdate < '1998-01-01 00:00:00'::timestamp without time zone)), (LLVM Optimized)"}]}, {"Node Type": "Hash", "Parent Relationship": "Inner", "Startup Cost": 646327.31, "Total Cost": 646327.31, "Plan Rows": 14999479, "Plan Width": 24, "Plans": [{"Node Type": "Index Scan", "Parent Relationship": "Outer", "Scan Direction": "Forward", "Index Name": "orders_pkey", "Relation Name": "orders", "Alias": "orders", "Startup Cost": 0.0, "Total Cost": 646327.31, "Plan Rows": 14999479, "Plan Width": 24}]}]}]}]}]}]}]}, "Unique SQL Id": 2036526415, "Planner Runtime": 0}, "explain_analyze_plan": {"Plan": {"Node Type": "Sort", "Startup Cost": 3449828.29, "Total Cost": 3449828.29, "Plan Rows": 1, "Plan Width": 43, "Actual Min Startup Time": 4746.649, "Actual Max Startup Time": 4746.649, "Actual Min Total Time": 4746.649, "Actual Max Total Time": 4746.649, "Sort Key": ["lineitem.l_shipmode"], "Sort Method": "quicksort", "Sort Space Min Used": 25, "Sort Space Max Used": 25, "Sort Space Type": "Memory", "Plans": [{"Node Type": "Streaming(type: LOCAL GATHER dop: 1/64)", "Parent Relationship": "Outer", "Startup Cost": 3449828.27, "Total Cost": 3449828.28, "Plan Rows": 1, "Plan Width": 43, "Actual Min Startup Time": 4744.896, "Actual Max Startup Time": 4744.896, "Actual Min Total Time": 4746.577, "Actual Max Total Time": 4746.577, "Plans": [{"Node Type": "Aggregate", "Strategy": "Hashed", "Parent Relationship": "Outer", "Startup Cost": 3449828.27, "Total Cost": 3449828.27, "Plan Rows": 1, "Plan Width": 43, "Actual Min Startup Time": 4274.293, "Actual Max Startup Time": 4398.228, "Actual Min Total Time": 4274.293, "Actual Max Total Time": 4398.228, "Group By Key": ["lineitem.l_shipmode"], "Plans": [{"Node Type": "Streaming(type: LOCAL REDISTRIBUTE dop: 64/64)", "Parent Relationship": "Outer", "Startup Cost": 3449828.25, "Total Cost": 3449828.27, "Plan Rows": 1, "Plan Width": 43, "Actual Min Startup Time": 4274.284, "Actual Max Startup Time": 4398.22, "Actual Min Total Time": 4274.284, "Actual Max Total Time": 4398.22, "Plans": [{"Node Type": "Aggregate", "Strategy": "Hashed", "Parent Relationship": "Outer", "Startup Cost": 3449828.25, "Total Cost": 3449828.25, "Plan Rows": 1, "Plan Width": 43, "Actual Min Startup Time": 4092.61, "Actual Max Startup Time": 4483.277, "Actual Min Total Time": 4092.611, "Actual Max Total Time": 4483.278, "Group By Key": ["lineitem.l_shipmode"], "Plans": [{"Node Type": "Hash Join", "Parent Relationship": "Outer", "Join Type": "Inner", "Startup Cost": 649256.9, "Total Cost": 3449747.7, "Plan Rows": 294584, "Plan Width": 27, "Actual Min Startup Time": 2670.617, "Actual Max Startup Time": 3066.906, "Actual Min Total Time": 4081.58, "Actual Max Total Time": 4475.509, "Inner Unique": true, "Hash Cond": "(lineitem.l_orderkey = orders.o_orderkey), (LLVM Optimized, Jit Execute)", "Plans": [{"Node Type": "Streaming(type: BROADCAST dop: 64/64)", "Parent Relationship": "Outer", "Startup Cost": 0.0, "Total Cost": 2799340.08, "Plan Rows": 18853376, "Plan Width": 19, "Actual Min Startup Time": 1575.849, "Actual Max Startup Time": 1619.999, "Actual Min Total Time": 2810.256, "Actual Max Total Time": 2910.921, "Plans": [{"Node Type": "Index Scan", "Parent Relationship": "Outer", "Scan Direction": "Forward", "Index Name": "idx_lineitem_orderkey", "Relation Name": "lineitem", "Alias": "lineitem", "Startup Cost": 0.0, "Total Cost": 2724372.61, "Plan Rows": 294584, "Plan Width": 19, "Actual Min Startup Time": 2652.522, "Actual Max Startup Time": 3055.949, "Actual Min Total Time": 3622.531, "Actual Max Total Time": 3851.498, "Filter": "((l_shipmode = ANY ('{RAIL,FOB}'::bpchar[])) AND (l_commitdate < l_receiptdate) AND (l_shipdate < l_commitdate) AND (l_receiptdate >= '1997-01-01 00:00:00'::timestamp(0) without time zone) AND (l_receiptdate < '1998-01-01 00:00:00'::timestamp without time zone)), (LLVM Optimized, Jit Execute)", "Rows Removed by Filter": 59674804, "Actual Rows": 311248}], "Actual Rows": 19919872}, {"Node Type": "Hash", "Parent Relationship": "Inner", "Startup Cost": 646327.31, "Total Cost": 646327.31, "Plan Rows": 14999479, "Plan Width": 24, "Actual Min Startup Time": 1054.367, "Actual Max Startup Time": 1451.859, "Actual Min Total Time": 1054.367, "Actual Max Total Time": 1451.859, "Max Hash Buckets": 262144, "Min Hash Buckets": 262144, "Max Hash Batches": 1, "Min Hash Batches": 1, "Max Original Hash Batches": 1, "Min Original Hash Batches": 1, "Max Peak Memory Usage": 12827, "min Peak Memory Usage": 12827, "Plans": [{"Node Type": "Index Scan", "Parent Relationship": "Outer", "Scan Direction": "Forward", "Index Name": "orders_pkey", "Relation Name": "orders", "Alias": "orders", "Startup Cost": 0.0, "Total Cost": 646327.31, "Plan Rows": 14999479, "Plan Width": 24, "Actual Min Startup Time": 790.395, "Actual Max Startup Time": 1182.717, "Actual Min Total Time": 972.997, "Actual Max Total Time": 1366.525, "Actual Rows": 15000000}], "Actual Rows": 15000000}], "Actual Rows": 311248}], "Actual Rows": 128}], "Actual Rows": 128}], "Actual Rows": 2}], "Actual Rows": 2}], "Actual Rows": 2}, "Triggers": [], "Planner Runtime": 1.363, "Total Runtime": 4801.516, "Unique SQL Id": 2036526415}}, "(64, '110')": {"explain_plan": {"Plan": {"Node Type": "Sort", "Startup Cost": 254993.48, "Total Cost": 254993.48, "Plan Rows": 1, "Plan Width": 43, "Sort Key": ["lineitem.l_shipmode"], "Plans": [{"Node Type": "Streaming(type: LOCAL GATHER dop: 1/64)", "Parent Relationship": "Outer", "Startup Cost": 254993.46, "Total Cost": 254993.47, "Plan Rows": 1, "Plan Width": 43, "Plans": [{"Node Type": "Aggregate", "Strategy": "Hashed", "Parent Relationship": "Outer", "Startup Cost": 254993.46, "Total Cost": 254993.46, "Plan Rows": 1, "Plan Width": 43, "Group By Key": ["lineitem.l_shipmode"], "Plans": [{"Node Type": "Streaming(type: LOCAL REDISTRIBUTE dop: 64/64)", "Parent Relationship": "Outer", "Startup Cost": 254993.44, "Total Cost": 254993.46, "Plan Rows": 1, "Plan Width": 43, "Plans": [{"Node Type": "Aggregate", "Strategy": "Hashed", "Parent Relationship": "Outer", "Startup Cost": 254993.44, "Total Cost": 254993.44, "Plan Rows": 1, "Plan Width": 43, "Group By Key": ["lineitem.l_shipmode"], "Plans": [{"Node Type": "Hash Join", "Parent Relationship": "Outer", "Join Type": "Inner", "Startup Cost": 72593.55, "Total Cost": 254912.89, "Plan Rows": 294584, "Plan Width": 27, "Inner Unique": true, "Hash Cond": "(lineitem.l_orderkey = orders.o_orderkey), (LLVM Optimized)", "Plans": [{"Node Type": "Streaming(type: BROADCAST dop: 64/64)", "Parent Relationship": "Outer", "Startup Cost": 1.25, "Total Cost": 181169.87, "Plan Rows": 18853376, "Plan Width": 19, "Plans": [{"Node Type": "Seq Scan", "Parent Relationship": "Outer", "Relation Name": "lineitem", "Alias": "lineitem", "Startup Cost": 1.25, "Total Cost": 106202.39, "Plan Rows": 294584, "Plan Width": 19, "Filter": "((l_shipmode = ANY ('{RAIL,FOB}'::bpchar[])) AND (l_commitdate < l_receiptdate) AND (l_shipdate < l_commitdate) AND (l_receiptdate >= '1997-01-01 00:00:00'::timestamp(0) without time zone) AND (l_receiptdate < '1998-01-01 00:00:00'::timestamp without time zone)), (LLVM Optimized)"}]}, {"Node Type": "Hash", "Parent Relationship": "Inner", "Startup Cost": 69662.72, "Total Cost": 69662.72, "Plan Rows": 14999479, "Plan Width": 24, "Plans": [{"Node Type": "Seq Scan", "Parent Relationship": "Outer", "Relation Name": "orders", "Alias": "orders", "Startup Cost": 0.0, "Total Cost": 69662.72, "Plan Rows": 14999479, "Plan Width": 24}]}]}]}]}]}]}]}, "Unique SQL Id": 2036526415, "Planner Runtime": 0}, "explain_analyze_plan": {"Plan": {"Node Type": "Sort", "Startup Cost": 254993.48, "Total Cost": 254993.48, "Plan Rows": 1, "Plan Width": 43, "Actual Min Startup Time": 1935.075, "Actual Max Startup Time": 1935.075, "Actual Min Total Time": 1935.075, "Actual Max Total Time": 1935.075, "Sort Key": ["lineitem.l_shipmode"], "Sort Method": "quicksort", "Sort Space Min Used": 25, "Sort Space Max Used": 25, "Sort Space Type": "Memory", "Plans": [{"Node Type": "Streaming(type: LOCAL GATHER dop: 1/64)", "Parent Relationship": "Outer", "Startup Cost": 254993.46, "Total Cost": 254993.47, "Plan Rows": 1, "Plan Width": 43, "Actual Min Startup Time": 1934.423, "Actual Max Startup Time": 1934.423, "Actual Min Total Time": 1935.017, "Actual Max Total Time": 1935.017, "Plans": [{"Node Type": "Aggregate", "Strategy": "Hashed", "Parent Relationship": "Outer", "Startup Cost": 254993.46, "Total Cost": 254993.46, "Plan Rows": 1, "Plan Width": 43, "Actual Min Startup Time": 1418.405, "Actual Max Startup Time": 1631.823, "Actual Min Total Time": 1418.405, "Actual Max Total Time": 1631.823, "Group By Key": ["lineitem.l_shipmode"], "Plans": [{"Node Type": "Streaming(type: LOCAL REDISTRIBUTE dop: 64/64)", "Parent Relationship": "Outer", "Startup Cost": 254993.44, "Total Cost": 254993.46, "Plan Rows": 1, "Plan Width": 43, "Actual Min Startup Time": 1418.4, "Actual Max Startup Time": 1631.817, "Actual Min Total Time": 1418.4, "Actual Max Total Time": 1631.817, "Plans": [{"Node Type": "Aggregate", "Strategy": "Hashed", "Parent Relationship": "Outer", "Startup Cost": 254993.44, "Total Cost": 254993.44, "Plan Rows": 1, "Plan Width": 43, "Actual Min Startup Time": 1257.951, "Actual Max Startup Time": 1629.84, "Actual Min Total Time": 1257.953, "Actual Max Total Time": 1629.841, "Group By Key": ["lineitem.l_shipmode"], "Plans": [{"Node Type": "Hash Join", "Parent Relationship": "Outer", "Join Type": "Inner", "Startup Cost": 72593.55, "Total Cost": 254912.89, "Plan Rows": 294584, "Plan Width": 27, "Actual Min Startup Time": 159.028, "Actual Max Startup Time": 220.727, "Actual Min Total Time": 1247.646, "Actual Max Total Time": 1619.563, "Inner Unique": true, "Hash Cond": "(lineitem.l_orderkey = orders.o_orderkey), (LLVM Optimized, Jit Execute)", "Plans": [{"Node Type": "Streaming(type: BROADCAST dop: 64/64)", "Parent Relationship": "Outer", "Startup Cost": 1.25, "Total Cost": 181169.87, "Plan Rows": 18853376, "Plan Width": 19, "Actual Min Startup Time": 0.125, "Actual Max Startup Time": 5.992, "Actual Min Total Time": 890.773, "Actual Max Total Time": 1326.018, "Plans": [{"Node Type": "Seq Scan", "Parent Relationship": "Outer", "Relation Name": "lineitem", "Alias": "lineitem", "Startup Cost": 1.25, "Total Cost": 106202.39, "Plan Rows": 294584, "Plan Width": 19, "Actual Min Startup Time": 0.038, "Actual Max Startup Time": 0.562, "Actual Min Total Time": 416.333, "Actual Max Total Time": 639.464, "Filter": "((l_shipmode = ANY ('{RAIL,FOB}'::bpchar[])) AND (l_commitdate < l_receiptdate) AND (l_shipdate < l_commitdate) AND (l_receiptdate >= '1997-01-01 00:00:00'::timestamp(0) without time zone) AND (l_receiptdate < '1998-01-01 00:00:00'::timestamp without time zone)), (LLVM Optimized, Jit Execute)", "Rows Removed by Filter": 59674804, "Actual Rows": 311248}], "Actual Rows": 19919872}, {"Node Type": "Hash", "Parent Relationship": "Inner", "Startup Cost": 69662.72, "Total Cost": 69662.72, "Plan Rows": 14999479, "Plan Width": 24, "Actual Min Startup Time": 157.218, "Actual Max Startup Time": 215.078, "Actual Min Total Time": 157.218, "Actual Max Total Time": 215.078, "Max Hash Buckets": 262144, "Min Hash Buckets": 262144, "Max Hash Batches": 1, "Min Hash Batches": 1, "Max Original Hash Batches": 1, "Min Original Hash Batches": 1, "Max Peak Memory Usage": 13059, "min Peak Memory Usage": 13059, "Plans": [{"Node Type": "Seq Scan", "Parent Relationship": "Outer", "Relation Name": "orders", "Alias": "orders", "Startup Cost": 0.0, "Total Cost": 69662.72, "Plan Rows": 14999479, "Plan Width": 24, "Actual Min Startup Time": 0.019, "Actual Max Startup Time": 0.73, "Actual Min Total Time": 85.457, "Actual Max Total Time": 91.485, "Actual Rows": 15000000}], "Actual Rows": 15000000}], "Actual Rows": 311248}], "Actual Rows": 128}], "Actual Rows": 128}], "Actual Rows": 2}], "Actual Rows": 2}], "Actual Rows": 2}, "Triggers": [], "Planner Runtime": 1.224, "Total Runtime": 1987.985, "Unique SQL Id": 2036526415}}, "(64, '111')": {"explain_plan": {"Plan": {"Node Type": "Sort", "Startup Cost": 2000472293708.51, "Total Cost": 2000472293708.51, "Plan Rows": 1, "Plan Width": 43, "Sort Key": ["lineitem.l_shipmode"], "Plans": [{"Node Type": "Aggregate", "Strategy": "Hashed", "Parent Relationship": "Outer", "Startup Cost": 2000472293708.49, "Total Cost": 2000472293708.5, "Plan Rows": 1, "Plan Width": 43, "Group By Key": ["lineitem.l_shipmode"], "Plans": [{"Node Type": "Hash Join", "Parent Relationship": "Outer", "Join Type": "Inner", "Startup Cost": 1010073285336.99, "Total Cost": 2000472288553.27, "Plan Rows": 294584, "Plan Width": 27, "Inner Unique": true, "Hash Cond": "(lineitem.l_orderkey = orders.o_orderkey), (LLVM Optimized)", "Plans": [{"Node Type": "Index Scan", "Parent Relationship": "Outer", "Scan Direction": "Forward", "Index Name": "idx_lineitem_orderkey", "Relation Name": "lineitem", "Alias": "lineitem", "Startup Cost": 10000000000.0, "Total Cost": 1000398999165.75, "Plan Rows": 294584, "Plan Width": 19, "Filter": "((l_shipmode = ANY ('{RAIL,FOB}'::bpchar[])) AND (l_commitdate < l_receiptdate) AND (l_shipdate < l_commitdate) AND (l_receiptdate >= '1997-01-01 00:00:00'::timestamp(0) without time zone) AND (l_receiptdate < '1998-01-01 00:00:00'::timestamp without time zone)), (LLVM Optimized)"}, {"Node Type": "Hash", "Parent Relationship": "Inner", "Startup Cost": 1000073097843.5, "Total Cost": 1000073097843.5, "Plan Rows": 14999479, "Plan Width": 24, "Plans": [{"Node Type": "Index Scan", "Parent Relationship": "Outer", "Scan Direction": "Forward", "Index Name": "orders_pkey", "Relation Name": "orders", "Alias": "orders", "Startup Cost": 10000000000.0, "Total Cost": 1000073097843.5, "Plan Rows": 14999479, "Plan Width": 24}]}]}]}]}, "Unique SQL Id": 2036526415, "Planner Runtime": 0}, "explain_analyze_plan": null}, "(64, '112')": {"explain_plan": {"Plan": {"Node Type": "Sort", "Startup Cost": 1198202.39, "Total Cost": 1198202.39, "Plan Rows": 1, "Plan Width": 43, "Sort Key": ["lineitem.l_shipmode"], "Plans": [{"Node Type": "Aggregate", "Strategy": "Hashed", "Parent Relationship": "Outer", "Startup Cost": 1198202.37, "Total Cost": 1198202.38, "Plan Rows": 1, "Plan Width": 43, "Group By Key": ["lineitem.l_shipmode"], "Plans": [{"Node Type": "Nested Loop", "Parent Relationship": "Outer", "Join Type": "Inner", "Startup Cost": 1.25, "Total Cost": 1193047.15, "Plan Rows": 294584, "Plan Width": 27, "Inner Unique": true, "Plans": [{"Node Type": "Streaming(type: LOCAL GATHER dop: 1/64)", "Parent Relationship": "Outer", "Startup Cost": 1.25, "Total Cost": 112279.63, "Plan Rows": 294584, "Plan Width": 19, "Plans": [{"Node Type": "Seq Scan", "Parent Relationship": "Outer", "Relation Name": "lineitem", "Alias": "lineitem", "Startup Cost": 1.25, "Total Cost": 106202.39, "Plan Rows": 294584, "Plan Width": 19, "Filter": "((l_shipmode = ANY ('{RAIL,FOB}'::bpchar[])) AND (l_commitdate < l_receiptdate) AND (l_shipdate < l_commitdate) AND (l_receiptdate >= '1997-01-01 00:00:00'::timestamp(0) without time zone) AND (l_receiptdate < '1998-01-01 00:00:00'::timestamp without time zone)), (LLVM Optimized)"}]}, {"Node Type": "Index Scan", "Parent Relationship": "Inner", "Scan Direction": "Forward", "Index Name": "orders_pkey", "Relation Name": "orders", "Alias": "orders", "Startup Cost": 0.0, "Total Cost": 3.66, "Plan Rows": 1, "Plan Width": 24, "Index Cond": "(o_orderkey = lineitem.l_orderkey)"}]}]}]}, "Unique SQL Id": 2036526415, "Planner Runtime": 0}, "explain_analyze_plan": {"Plan": {"Node Type": "Sort", "Startup Cost": 1198202.39, "Total Cost": 1198202.39, "Plan Rows": 1, "Plan Width": 43, "Actual Min Startup Time": 2413.164, "Actual Max Startup Time": 2413.164, "Actual Min Total Time": 2413.165, "Actual Max Total Time": 2413.165, "Sort Key": ["lineitem.l_shipmode"], "Sort Method": "quicksort", "Sort Space Min Used": 25, "Sort Space Max Used": 25, "Sort Space Type": "Memory", "Plans": [{"Node Type": "Aggregate", "Strategy": "Hashed", "Parent Relationship": "Outer", "Startup Cost": 1198202.37, "Total Cost": 1198202.38, "Plan Rows": 1, "Plan Width": 43, "Actual Min Startup Time": 2413.109, "Actual Max Startup Time": 2413.109, "Actual Min Total Time": 2413.11, "Actual Max Total Time": 2413.11, "Group By Key": ["lineitem.l_shipmode"], "Plans": [{"Node Type": "Nested Loop", "Parent Relationship": "Outer", "Join Type": "Inner", "Startup Cost": 1.25, "Total Cost": 1193047.15, "Plan Rows": 294584, "Plan Width": 27, "Actual Min Startup Time": 124.405, "Actual Max Startup Time": 124.405, "Actual Min Total Time": 2097.461, "Actual Max Total Time": 2097.461, "Inner Unique": true, "Plans": [{"Node Type": "Streaming(type: LOCAL GATHER dop: 1/64)", "Parent Relationship": "Outer", "Startup Cost": 1.25, "Total Cost": 112279.63, "Plan Rows": 294584, "Plan Width": 19, "Actual Min Startup Time": 124.329, "Actual Max Startup Time": 124.329, "Actual Min Total Time": 282.816, "Actual Max Total Time": 282.816, "Plans": [{"Node Type": "Seq Scan", "Parent Relationship": "Outer", "Relation Name": "lineitem", "Alias": "lineitem", "Startup Cost": 1.25, "Total Cost": 106202.39, "Plan Rows": 294584, "Plan Width": 19, "Actual Min Startup Time": 0.036, "Actual Max Startup Time": 0.553, "Actual Min Total Time": 480.488, "Actual Max Total Time": 624.177, "Filter": "((l_shipmode = ANY ('{RAIL,FOB}'::bpchar[])) AND (l_commitdate < l_receiptdate) AND (l_shipdate < l_commitdate) AND (l_receiptdate >= '1997-01-01 00:00:00'::timestamp(0) without time zone) AND (l_receiptdate < '1998-01-01 00:00:00'::timestamp without time zone)), (LLVM Optimized, Jit Execute)", "Rows Removed by Filter": 59674804, "Actual Rows": 311248}], "Actual Rows": 311248}, {"Node Type": "Index Scan", "Parent Relationship": "Inner", "Scan Direction": "Forward", "Index Name": "orders_pkey", "Relation Name": "orders", "Alias": "orders", "Startup Cost": 0.0, "Total Cost": 3.66, "Plan Rows": 1, "Plan Width": 24, "Actual Min Startup Time": 1556.899, "Actual Max Startup Time": 1556.899, "Actual Min Total Time": 1556.899, "Actual Max Total Time": 1556.899, "Index Cond": "(o_orderkey = lineitem.l_orderkey)", "Rows Removed by Index Recheck": 0, "Actual Rows": 311248}], "Actual Rows": 311248}], "Actual Rows": 2}], "Actual Rows": 2}, "Triggers": [], "Planner Runtime": 0.74, "Total Runtime": 2436.087, "Unique SQL Id": 2036526415}}, "(64, '113')": {"explain_plan": {"Plan": {"Node Type": "Sort", "Startup Cost": 3816372.6, "Total Cost": 3816372.6, "Plan Rows": 1, "Plan Width": 43, "Sort Key": ["lineitem.l_shipmode"], "Plans": [{"Node Type": "Aggregate", "Strategy": "Hashed", "Parent Relationship": "Outer", "Startup Cost": 3816372.58, "Total Cost": 3816372.59, "Plan Rows": 1, "Plan Width": 43, "Group By Key": ["lineitem.l_shipmode"], "Plans": [{"Node Type": "Nested Loop", "Parent Relationship": "Outer", "Join Type": "Inner", "Startup Cost": 0.0, "Total Cost": 3811217.36, "Plan Rows": 294584, "Plan Width": 27, "Inner Unique": true, "Plans": [{"Node Type": "Streaming(type: LOCAL GATHER dop: 1/64)", "Parent Relationship": "Outer", "Startup Cost": 0.0, "Total Cost": 2730449.84, "Plan Rows": 294584, "Plan Width": 19, "Plans": [{"Node Type": "Index Scan", "Parent Relationship": "Outer", "Scan Direction": "Forward", "Index Name": "idx_lineitem_orderkey", "Relation Name": "lineitem", "Alias": "lineitem", "Startup Cost": 0.0, "Total Cost": 2724372.61, "Plan Rows": 294584, "Plan Width": 19, "Filter": "((l_shipmode = ANY ('{RAIL,FOB}'::bpchar[])) AND (l_commitdate < l_receiptdate) AND (l_shipdate < l_commitdate) AND (l_receiptdate >= '1997-01-01 00:00:00'::timestamp(0) without time zone) AND (l_receiptdate < '1998-01-01 00:00:00'::timestamp without time zone)), (LLVM Optimized)"}]}, {"Node Type": "Index Scan", "Parent Relationship": "Inner", "Scan Direction": "Forward", "Index Name": "orders_pkey", "Relation Name": "orders", "Alias": "orders", "Startup Cost": 0.0, "Total Cost": 3.66, "Plan Rows": 1, "Plan Width": 24, "Index Cond": "(o_orderkey = lineitem.l_orderkey)"}]}]}]}, "Unique SQL Id": 2036526415, "Planner Runtime": 0}, "explain_analyze_plan": {"Plan": {"Node Type": "Sort", "Startup Cost": 3816372.6, "Total Cost": 3816372.6, "Plan Rows": 1, "Plan Width": 43, "Actual Min Startup Time": 3195.074, "Actual Max Startup Time": 3195.074, "Actual Min Total Time": 3195.074, "Actual Max Total Time": 3195.074, "Sort Key": ["lineitem.l_shipmode"], "Sort Method": "quicksort", "Sort Space Min Used": 25, "Sort Space Max Used": 25, "Sort Space Type": "Memory", "Plans": [{"Node Type": "Aggregate", "Strategy": "Hashed", "Parent Relationship": "Outer", "Startup Cost": 3816372.58, "Total Cost": 3816372.59, "Plan Rows": 1, "Plan Width": 43, "Actual Min Startup Time": 3195.011, "Actual Max Startup Time": 3195.011, "Actual Min Total Time": 3195.013, "Actual Max Total Time": 3195.013, "Group By Key": ["lineitem.l_shipmode"], "Plans": [{"Node Type": "Nested Loop", "Parent Relationship": "Outer", "Join Type": "Inner", "Startup Cost": 0.0, "Total Cost": 3811217.36, "Plan Rows": 294584, "Plan Width": 27, "Actual Min Startup Time": 968.954, "Actual Max Startup Time": 968.954, "Actual Min Total Time": 2904.337, "Actual Max Total Time": 2904.337, "Inner Unique": true, "Plans": [{"Node Type": "Streaming(type: LOCAL GATHER dop: 1/64)", "Parent Relationship": "Outer", "Startup Cost": 0.0, "Total Cost": 2730449.84, "Plan Rows": 294584, "Plan Width": 19, "Actual Min Startup Time": 968.908, "Actual Max Startup Time": 968.908, "Actual Min Total Time": 1117.392, "Actual Max Total Time": 1117.392, "Plans": [{"Node Type": "Index Scan", "Parent Relationship": "Outer", "Scan Direction": "Forward", "Index Name": "idx_lineitem_orderkey", "Relation Name": "lineitem", "Alias": "lineitem", "Startup Cost": 0.0, "Total Cost": 2724372.61, "Plan Rows": 294584, "Plan Width": 19, "Actual Min Startup Time": 675.389, "Actual Max Startup Time": 845.225, "Actual Min Total Time": 1508.922, "Actual Max Total Time": 1713.81, "Filter": "((l_shipmode = ANY ('{RAIL,FOB}'::bpchar[])) AND (l_commitdate < l_receiptdate) AND (l_shipdate < l_commitdate) AND (l_receiptdate >= '1997-01-01 00:00:00'::timestamp(0) without time zone) AND (l_receiptdate < '1998-01-01 00:00:00'::timestamp without time zone)), (LLVM Optimized, Jit Execute)", "Rows Removed by Filter": 59674804, "Actual Rows": 311248}], "Actual Rows": 311248}, {"Node Type": "Index Scan", "Parent Relationship": "Inner", "Scan Direction": "Forward", "Index Name": "orders_pkey", "Relation Name": "orders", "Alias": "orders", "Startup Cost": 0.0, "Total Cost": 3.66, "Plan Rows": 1, "Plan Width": 24, "Actual Min Startup Time": 1530.963, "Actual Max Startup Time": 1530.963, "Actual Min Total Time": 1530.963, "Actual Max Total Time": 1530.963, "Index Cond": "(o_orderkey = lineitem.l_orderkey)", "Rows Removed by Index Recheck": 0, "Actual Rows": 311248}], "Actual Rows": 311248}], "Actual Rows": 2}], "Actual Rows": 2}, "Triggers": [], "Planner Runtime": 0.814, "Total Runtime": 3218.328, "Unique SQL Id": 2036526415}}, "(64, '114')": {"explain_plan": {"Plan": {"Node Type": "Sort", "Startup Cost": 1607892.03, "Total Cost": 1607892.04, "Plan Rows": 1, "Plan Width": 43, "Sort Key": ["lineitem.l_shipmode"], "Plans": [{"Node Type": "Aggregate", "Strategy": "Hashed", "Parent Relationship": "Outer", "Startup Cost": 1607892.01, "Total Cost": 1607892.02, "Plan Rows": 1, "Plan Width": 43, "Group By Key": ["lineitem.l_shipmode"], "Plans": [{"Node Type": "Nested Loop", "Parent Relationship": "Outer", "Join Type": "Inner", "Startup Cost": 2.29, "Total Cost": 1602736.79, "Plan Rows": 294584, "Plan Width": 27, "Inner Unique": true, "Plans": [{"Node Type": "Streaming(type: LOCAL GATHER dop: 1/64)", "Parent Relationship": "Outer", "Startup Cost": 1.25, "Total Cost": 112279.63, "Plan Rows": 294584, "Plan Width": 19, "Plans": [{"Node Type": "Seq Scan", "Parent Relationship": "Outer", "Relation Name": "lineitem", "Alias": "lineitem", "Startup Cost": 1.25, "Total Cost": 106202.39, "Plan Rows": 294584, "Plan Width": 19, "Filter": "((l_shipmode = ANY ('{RAIL,FOB}'::bpchar[])) AND (l_commitdate < l_receiptdate) AND (l_shipdate < l_commitdate) AND (l_receiptdate >= '1997-01-01 00:00:00'::timestamp(0) without time zone) AND (l_receiptdate < '1998-01-01 00:00:00'::timestamp without time zone)), (LLVM Optimized)"}]}, {"Node Type": "Bitmap Heap Scan", "Parent Relationship": "Inner", "Relation Name": "orders", "Alias": "orders", "Startup Cost": 1.04, "Total Cost": 5.05, "Plan Rows": 1, "Plan Width": 24, "Recheck Cond": "(o_orderkey = lineitem.l_orderkey)", "Plans": [{"Node Type": "Bitmap Index Scan", "Parent Relationship": "Outer", "Index Name": "orders_pkey", "Startup Cost": 0.0, "Total Cost": 1.04, "Plan Rows": 1, "Plan Width": 0, "Index Cond": "(o_orderkey = lineitem.l_orderkey)"}]}]}]}]}, "Unique SQL Id": 2036526415, "Planner Runtime": 0}, "explain_analyze_plan": {"Plan": {"Node Type": "Sort", "Startup Cost": 1607892.03, "Total Cost": 1607892.04, "Plan Rows": 1, "Plan Width": 43, "Actual Min Startup Time": 2927.841, "Actual Max Startup Time": 2927.841, "Actual Min Total Time": 2927.841, "Actual Max Total Time": 2927.841, "Sort Key": ["lineitem.l_shipmode"], "Sort Method": "quicksort", "Sort Space Min Used": 25, "Sort Space Max Used": 25, "Sort Space Type": "Memory", "Plans": [{"Node Type": "Aggregate", "Strategy": "Hashed", "Parent Relationship": "Outer", "Startup Cost": 1607892.01, "Total Cost": 1607892.02, "Plan Rows": 1, "Plan Width": 43, "Actual Min Startup Time": 2927.791, "Actual Max Startup Time": 2927.791, "Actual Min Total Time": 2927.792, "Actual Max Total Time": 2927.792, "Group By Key": ["lineitem.l_shipmode"], "Plans": [{"Node Type": "Nested Loop", "Parent Relationship": "Outer", "Join Type": "Inner", "Startup Cost": 2.29, "Total Cost": 1602736.79, "Plan Rows": 294584, "Plan Width": 27, "Actual Min Startup Time": 111.685, "Actual Max Startup Time": 111.685, "Actual Min Total Time": 2603.313, "Actual Max Total Time": 2603.313, "Inner Unique": true, "Plans": [{"Node Type": "Streaming(type: LOCAL GATHER dop: 1/64)", "Parent Relationship": "Outer", "Startup Cost": 1.25, "Total Cost": 112279.63, "Plan Rows": 294584, "Plan Width": 19, "Actual Min Startup Time": 111.61, "Actual Max Startup Time": 111.61, "Actual Min Total Time": 290.699, "Actual Max Total Time": 290.699, "Plans": [{"Node Type": "Seq Scan", "Parent Relationship": "Outer", "Relation Name": "lineitem", "Alias": "lineitem", "Startup Cost": 1.25, "Total Cost": 106202.39, "Plan Rows": 294584, "Plan Width": 19, "Actual Min Startup Time": 0.037, "Actual Max Startup Time": 0.556, "Actual Min Total Time": 454.047, "Actual Max Total Time": 622.055, "Filter": "((l_shipmode = ANY ('{RAIL,FOB}'::bpchar[])) AND (l_commitdate < l_receiptdate) AND (l_shipdate < l_commitdate) AND (l_receiptdate >= '1997-01-01 00:00:00'::timestamp(0) without time zone) AND (l_receiptdate < '1998-01-01 00:00:00'::timestamp without time zone)), (LLVM Optimized, Jit Execute)", "Rows Removed by Filter": 59674804, "Actual Rows": 311248}], "Actual Rows": 311248}, {"Node Type": "Bitmap Heap Scan", "Parent Relationship": "Inner", "Relation Name": "orders", "Alias": "orders", "Startup Cost": 1.04, "Total Cost": 5.05, "Plan Rows": 1, "Plan Width": 24, "Actual Min Startup Time": 1879.975, "Actual Max Startup Time": 1879.975, "Actual Min Total Time": 1879.975, "Actual Max Total Time": 1879.975, "Recheck Cond": "(o_orderkey = lineitem.l_orderkey)", "Rows Removed by Index Recheck": 0, "Exact Heap Blocks": 311248, "Lossy Heap Blocks": 311248, "Plans": [{"Node Type": "Bitmap Index Scan", "Parent Relationship": "Outer", "Index Name": "orders_pkey", "Startup Cost": 0.0, "Total Cost": 1.04, "Plan Rows": 1, "Plan Width": 0, "Actual Min Startup Time": 1049.498, "Actual Max Startup Time": 1049.498, "Actual Min Total Time": 1049.498, "Actual Max Total Time": 1049.498, "Index Cond": "(o_orderkey = lineitem.l_orderkey)", "Actual Rows": 311248}], "Actual Rows": 311248}], "Actual Rows": 311248}], "Actual Rows": 2}], "Actual Rows": 2}, "Triggers": [], "Planner Runtime": 0.805, "Total Runtime": 2951.673, "Unique SQL Id": 2036526415}}, "(64, '115')": {"explain_plan": {"Plan": {"Node Type": "Sort", "Startup Cost": 5485674.71, "Total Cost": 5485674.71, "Plan Rows": 1, "Plan Width": 43, "Sort Key": ["lineitem.l_shipmode"], "Plans": [{"Node Type": "Aggregate", "Strategy": "Hashed", "Parent Relationship": "Outer", "Startup Cost": 5485674.69, "Total Cost": 5485674.7, "Plan Rows": 1, "Plan Width": 43, "Group By Key": ["lineitem.l_shipmode"], "Plans": [{"Node Type": "Nested Loop", "Parent Relationship": "Outer", "Join Type": "Inner", "Startup Cost": 1225110.1, "Total Cost": 5480519.47, "Plan Rows": 294584, "Plan Width": 27, "Inner Unique": true, "Plans": [{"Node Type": "Bitmap Heap Scan", "Parent Relationship": "Outer", "Relation Name": "lineitem", "Alias": "lineitem", "Startup Cost": 1225109.06, "Total Cost": 3990062.3, "Plan Rows": 294584, "Plan Width": 19, "Filter": "((l_shipmode = ANY ('{RAIL,FOB}'::bpchar[])) AND (l_commitdate < l_receiptdate) AND (l_shipdate < l_commitdate) AND (l_receiptdate >= '1997-01-01 00:00:00'::timestamp(0) without time zone) AND (l_receiptdate < '1998-01-01 00:00:00'::timestamp without time zone)), (LLVM Optimized)", "Plans": [{"Node Type": "Bitmap Index Scan", "Parent Relationship": "Outer", "Index Name": "idx_lineitem_orderkey", "Startup Cost": 0.0, "Total Cost": 1225035.42, "Plan Rows": 59987033, "Plan Width": 0}]}, {"Node Type": "Bitmap Heap Scan", "Parent Relationship": "Inner", "Relation Name": "orders", "Alias": "orders", "Startup Cost": 1.04, "Total Cost": 5.05, "Plan Rows": 1, "Plan Width": 24, "Recheck Cond": "(o_orderkey = lineitem.l_orderkey)", "Plans": [{"Node Type": "Bitmap Index Scan", "Parent Relationship": "Outer", "Index Name": "orders_pkey", "Startup Cost": 0.0, "Total Cost": 1.04, "Plan Rows": 1, "Plan Width": 0, "Index Cond": "(o_orderkey = lineitem.l_orderkey)"}]}]}]}]}, "Unique SQL Id": 2036526415, "Planner Runtime": 0}, "explain_analyze_plan": null}, "(64, '116')": {"explain_plan": {"Plan": {"Node Type": "Sort", "Startup Cost": 1198202.39, "Total Cost": 1198202.39, "Plan Rows": 1, "Plan Width": 43, "Sort Key": ["lineitem.l_shipmode"], "Plans": [{"Node Type": "Aggregate", "Strategy": "Hashed", "Parent Relationship": "Outer", "Startup Cost": 1198202.37, "Total Cost": 1198202.38, "Plan Rows": 1, "Plan Width": 43, "Group By Key": ["lineitem.l_shipmode"], "Plans": [{"Node Type": "Nested Loop", "Parent Relationship": "Outer", "Join Type": "Inner", "Startup Cost": 1.25, "Total Cost": 1193047.15, "Plan Rows": 294584, "Plan Width": 27, "Inner Unique": true, "Plans": [{"Node Type": "Streaming(type: LOCAL GATHER dop: 1/64)", "Parent Relationship": "Outer", "Startup Cost": 1.25, "Total Cost": 112279.63, "Plan Rows": 294584, "Plan Width": 19, "Plans": [{"Node Type": "Seq Scan", "Parent Relationship": "Outer", "Relation Name": "lineitem", "Alias": "lineitem", "Startup Cost": 1.25, "Total Cost": 106202.39, "Plan Rows": 294584, "Plan Width": 19, "Filter": "((l_shipmode = ANY ('{RAIL,FOB}'::bpchar[])) AND (l_commitdate < l_receiptdate) AND (l_shipdate < l_commitdate) AND (l_receiptdate >= '1997-01-01 00:00:00'::timestamp(0) without time zone) AND (l_receiptdate < '1998-01-01 00:00:00'::timestamp without time zone)), (LLVM Optimized)"}]}, {"Node Type": "Index Scan", "Parent Relationship": "Inner", "Scan Direction": "Forward", "Index Name": "orders_pkey", "Relation Name": "orders", "Alias": "orders", "Startup Cost": 0.0, "Total Cost": 3.66, "Plan Rows": 1, "Plan Width": 24, "Index Cond": "(o_orderkey = lineitem.l_orderkey)"}]}]}]}, "Unique SQL Id": 2036526415, "Planner Runtime": 0}, "explain_analyze_plan": {"Plan": {"Node Type": "Sort", "Startup Cost": 1198202.39, "Total Cost": 1198202.39, "Plan Rows": 1, "Plan Width": 43, "Actual Min Startup Time": 2413.164, "Actual Max Startup Time": 2413.164, "Actual Min Total Time": 2413.165, "Actual Max Total Time": 2413.165, "Sort Key": ["lineitem.l_shipmode"], "Sort Method": "quicksort", "Sort Space Min Used": 25, "Sort Space Max Used": 25, "Sort Space Type": "Memory", "Plans": [{"Node Type": "Aggregate", "Strategy": "Hashed", "Parent Relationship": "Outer", "Startup Cost": 1198202.37, "Total Cost": 1198202.38, "Plan Rows": 1, "Plan Width": 43, "Actual Min Startup Time": 2413.109, "Actual Max Startup Time": 2413.109, "Actual Min Total Time": 2413.11, "Actual Max Total Time": 2413.11, "Group By Key": ["lineitem.l_shipmode"], "Plans": [{"Node Type": "Nested Loop", "Parent Relationship": "Outer", "Join Type": "Inner", "Startup Cost": 1.25, "Total Cost": 1193047.15, "Plan Rows": 294584, "Plan Width": 27, "Actual Min Startup Time": 124.405, "Actual Max Startup Time": 124.405, "Actual Min Total Time": 2097.461, "Actual Max Total Time": 2097.461, "Inner Unique": true, "Plans": [{"Node Type": "Streaming(type: LOCAL GATHER dop: 1/64)", "Parent Relationship": "Outer", "Startup Cost": 1.25, "Total Cost": 112279.63, "Plan Rows": 294584, "Plan Width": 19, "Actual Min Startup Time": 124.329, "Actual Max Startup Time": 124.329, "Actual Min Total Time": 282.816, "Actual Max Total Time": 282.816, "Plans": [{"Node Type": "Seq Scan", "Parent Relationship": "Outer", "Relation Name": "lineitem", "Alias": "lineitem", "Startup Cost": 1.25, "Total Cost": 106202.39, "Plan Rows": 294584, "Plan Width": 19, "Actual Min Startup Time": 0.036, "Actual Max Startup Time": 0.553, "Actual Min Total Time": 480.488, "Actual Max Total Time": 624.177, "Filter": "((l_shipmode = ANY ('{RAIL,FOB}'::bpchar[])) AND (l_commitdate < l_receiptdate) AND (l_shipdate < l_commitdate) AND (l_receiptdate >= '1997-01-01 00:00:00'::timestamp(0) without time zone) AND (l_receiptdate < '1998-01-01 00:00:00'::timestamp without time zone)), (LLVM Optimized, Jit Execute)", "Rows Removed by Filter": 59674804, "Actual Rows": 311248}], "Actual Rows": 311248}, {"Node Type": "Index Scan", "Parent Relationship": "Inner", "Scan Direction": "Forward", "Index Name": "orders_pkey", "Relation Name": "orders", "Alias": "orders", "Startup Cost": 0.0, "Total Cost": 3.66, "Plan Rows": 1, "Plan Width": 24, "Actual Min Startup Time": 1556.899, "Actual Max Startup Time": 1556.899, "Actual Min Total Time": 1556.899, "Actual Max Total Time": 1556.899, "Index Cond": "(o_orderkey = lineitem.l_orderkey)", "Rows Removed by Index Recheck": 0, "Actual Rows": 311248}], "Actual Rows": 311248}], "Actual Rows": 2}], "Actual Rows": 2}, "Triggers": [], "Planner Runtime": 0.74, "Total Runtime": 2436.087, "Unique SQL Id": 2036526415}}, "(64, '117')": {"explain_plan": {"Plan": {"Node Type": "Sort", "Startup Cost": 3816372.6, "Total Cost": 3816372.6, "Plan Rows": 1, "Plan Width": 43, "Sort Key": ["lineitem.l_shipmode"], "Plans": [{"Node Type": "Aggregate", "Strategy": "Hashed", "Parent Relationship": "Outer", "Startup Cost": 3816372.58, "Total Cost": 3816372.59, "Plan Rows": 1, "Plan Width": 43, "Group By Key": ["lineitem.l_shipmode"], "Plans": [{"Node Type": "Nested Loop", "Parent Relationship": "Outer", "Join Type": "Inner", "Startup Cost": 0.0, "Total Cost": 3811217.36, "Plan Rows": 294584, "Plan Width": 27, "Inner Unique": true, "Plans": [{"Node Type": "Streaming(type: LOCAL GATHER dop: 1/64)", "Parent Relationship": "Outer", "Startup Cost": 0.0, "Total Cost": 2730449.84, "Plan Rows": 294584, "Plan Width": 19, "Plans": [{"Node Type": "Index Scan", "Parent Relationship": "Outer", "Scan Direction": "Forward", "Index Name": "idx_lineitem_orderkey", "Relation Name": "lineitem", "Alias": "lineitem", "Startup Cost": 0.0, "Total Cost": 2724372.61, "Plan Rows": 294584, "Plan Width": 19, "Filter": "((l_shipmode = ANY ('{RAIL,FOB}'::bpchar[])) AND (l_commitdate < l_receiptdate) AND (l_shipdate < l_commitdate) AND (l_receiptdate >= '1997-01-01 00:00:00'::timestamp(0) without time zone) AND (l_receiptdate < '1998-01-01 00:00:00'::timestamp without time zone)), (LLVM Optimized)"}]}, {"Node Type": "Index Scan", "Parent Relationship": "Inner", "Scan Direction": "Forward", "Index Name": "orders_pkey", "Relation Name": "orders", "Alias": "orders", "Startup Cost": 0.0, "Total Cost": 3.66, "Plan Rows": 1, "Plan Width": 24, "Index Cond": "(o_orderkey = lineitem.l_orderkey)"}]}]}]}, "Unique SQL Id": 2036526415, "Planner Runtime": 0}, "explain_analyze_plan": {"Plan": {"Node Type": "Sort", "Startup Cost": 3816372.6, "Total Cost": 3816372.6, "Plan Rows": 1, "Plan Width": 43, "Actual Min Startup Time": 3195.074, "Actual Max Startup Time": 3195.074, "Actual Min Total Time": 3195.074, "Actual Max Total Time": 3195.074, "Sort Key": ["lineitem.l_shipmode"], "Sort Method": "quicksort", "Sort Space Min Used": 25, "Sort Space Max Used": 25, "Sort Space Type": "Memory", "Plans": [{"Node Type": "Aggregate", "Strategy": "Hashed", "Parent Relationship": "Outer", "Startup Cost": 3816372.58, "Total Cost": 3816372.59, "Plan Rows": 1, "Plan Width": 43, "Actual Min Startup Time": 3195.011, "Actual Max Startup Time": 3195.011, "Actual Min Total Time": 3195.013, "Actual Max Total Time": 3195.013, "Group By Key": ["lineitem.l_shipmode"], "Plans": [{"Node Type": "Nested Loop", "Parent Relationship": "Outer", "Join Type": "Inner", "Startup Cost": 0.0, "Total Cost": 3811217.36, "Plan Rows": 294584, "Plan Width": 27, "Actual Min Startup Time": 968.954, "Actual Max Startup Time": 968.954, "Actual Min Total Time": 2904.337, "Actual Max Total Time": 2904.337, "Inner Unique": true, "Plans": [{"Node Type": "Streaming(type: LOCAL GATHER dop: 1/64)", "Parent Relationship": "Outer", "Startup Cost": 0.0, "Total Cost": 2730449.84, "Plan Rows": 294584, "Plan Width": 19, "Actual Min Startup Time": 968.908, "Actual Max Startup Time": 968.908, "Actual Min Total Time": 1117.392, "Actual Max Total Time": 1117.392, "Plans": [{"Node Type": "Index Scan", "Parent Relationship": "Outer", "Scan Direction": "Forward", "Index Name": "idx_lineitem_orderkey", "Relation Name": "lineitem", "Alias": "lineitem", "Startup Cost": 0.0, "Total Cost": 2724372.61, "Plan Rows": 294584, "Plan Width": 19, "Actual Min Startup Time": 675.389, "Actual Max Startup Time": 845.225, "Actual Min Total Time": 1508.922, "Actual Max Total Time": 1713.81, "Filter": "((l_shipmode = ANY ('{RAIL,FOB}'::bpchar[])) AND (l_commitdate < l_receiptdate) AND (l_shipdate < l_commitdate) AND (l_receiptdate >= '1997-01-01 00:00:00'::timestamp(0) without time zone) AND (l_receiptdate < '1998-01-01 00:00:00'::timestamp without time zone)), (LLVM Optimized, Jit Execute)", "Rows Removed by Filter": 59674804, "Actual Rows": 311248}], "Actual Rows": 311248}, {"Node Type": "Index Scan", "Parent Relationship": "Inner", "Scan Direction": "Forward", "Index Name": "orders_pkey", "Relation Name": "orders", "Alias": "orders", "Startup Cost": 0.0, "Total Cost": 3.66, "Plan Rows": 1, "Plan Width": 24, "Actual Min Startup Time": 1530.963, "Actual Max Startup Time": 1530.963, "Actual Min Total Time": 1530.963, "Actual Max Total Time": 1530.963, "Index Cond": "(o_orderkey = lineitem.l_orderkey)", "Rows Removed by Index Recheck": 0, "Actual Rows": 311248}], "Actual Rows": 311248}], "Actual Rows": 2}], "Actual Rows": 2}, "Triggers": [], "Planner Runtime": 0.814, "Total Runtime": 3218.328, "Unique SQL Id": 2036526415}}, "(64, '118')": {"explain_plan": {"Plan": {"Node Type": "Sort", "Startup Cost": 1607892.03, "Total Cost": 1607892.04, "Plan Rows": 1, "Plan Width": 43, "Sort Key": ["lineitem.l_shipmode"], "Plans": [{"Node Type": "Aggregate", "Strategy": "Hashed", "Parent Relationship": "Outer", "Startup Cost": 1607892.01, "Total Cost": 1607892.02, "Plan Rows": 1, "Plan Width": 43, "Group By Key": ["lineitem.l_shipmode"], "Plans": [{"Node Type": "Nested Loop", "Parent Relationship": "Outer", "Join Type": "Inner", "Startup Cost": 2.29, "Total Cost": 1602736.79, "Plan Rows": 294584, "Plan Width": 27, "Inner Unique": true, "Plans": [{"Node Type": "Streaming(type: LOCAL GATHER dop: 1/64)", "Parent Relationship": "Outer", "Startup Cost": 1.25, "Total Cost": 112279.63, "Plan Rows": 294584, "Plan Width": 19, "Plans": [{"Node Type": "Seq Scan", "Parent Relationship": "Outer", "Relation Name": "lineitem", "Alias": "lineitem", "Startup Cost": 1.25, "Total Cost": 106202.39, "Plan Rows": 294584, "Plan Width": 19, "Filter": "((l_shipmode = ANY ('{RAIL,FOB}'::bpchar[])) AND (l_commitdate < l_receiptdate) AND (l_shipdate < l_commitdate) AND (l_receiptdate >= '1997-01-01 00:00:00'::timestamp(0) without time zone) AND (l_receiptdate < '1998-01-01 00:00:00'::timestamp without time zone)), (LLVM Optimized)"}]}, {"Node Type": "Bitmap Heap Scan", "Parent Relationship": "Inner", "Relation Name": "orders", "Alias": "orders", "Startup Cost": 1.04, "Total Cost": 5.05, "Plan Rows": 1, "Plan Width": 24, "Recheck Cond": "(o_orderkey = lineitem.l_orderkey)", "Plans": [{"Node Type": "Bitmap Index Scan", "Parent Relationship": "Outer", "Index Name": "orders_pkey", "Startup Cost": 0.0, "Total Cost": 1.04, "Plan Rows": 1, "Plan Width": 0, "Index Cond": "(o_orderkey = lineitem.l_orderkey)"}]}]}]}]}, "Unique SQL Id": 2036526415, "Planner Runtime": 0}, "explain_analyze_plan": {"Plan": {"Node Type": "Sort", "Startup Cost": 1607892.03, "Total Cost": 1607892.04, "Plan Rows": 1, "Plan Width": 43, "Actual Min Startup Time": 2927.841, "Actual Max Startup Time": 2927.841, "Actual Min Total Time": 2927.841, "Actual Max Total Time": 2927.841, "Sort Key": ["lineitem.l_shipmode"], "Sort Method": "quicksort", "Sort Space Min Used": 25, "Sort Space Max Used": 25, "Sort Space Type": "Memory", "Plans": [{"Node Type": "Aggregate", "Strategy": "Hashed", "Parent Relationship": "Outer", "Startup Cost": 1607892.01, "Total Cost": 1607892.02, "Plan Rows": 1, "Plan Width": 43, "Actual Min Startup Time": 2927.791, "Actual Max Startup Time": 2927.791, "Actual Min Total Time": 2927.792, "Actual Max Total Time": 2927.792, "Group By Key": ["lineitem.l_shipmode"], "Plans": [{"Node Type": "Nested Loop", "Parent Relationship": "Outer", "Join Type": "Inner", "Startup Cost": 2.29, "Total Cost": 1602736.79, "Plan Rows": 294584, "Plan Width": 27, "Actual Min Startup Time": 111.685, "Actual Max Startup Time": 111.685, "Actual Min Total Time": 2603.313, "Actual Max Total Time": 2603.313, "Inner Unique": true, "Plans": [{"Node Type": "Streaming(type: LOCAL GATHER dop: 1/64)", "Parent Relationship": "Outer", "Startup Cost": 1.25, "Total Cost": 112279.63, "Plan Rows": 294584, "Plan Width": 19, "Actual Min Startup Time": 111.61, "Actual Max Startup Time": 111.61, "Actual Min Total Time": 290.699, "Actual Max Total Time": 290.699, "Plans": [{"Node Type": "Seq Scan", "Parent Relationship": "Outer", "Relation Name": "lineitem", "Alias": "lineitem", "Startup Cost": 1.25, "Total Cost": 106202.39, "Plan Rows": 294584, "Plan Width": 19, "Actual Min Startup Time": 0.037, "Actual Max Startup Time": 0.556, "Actual Min Total Time": 454.047, "Actual Max Total Time": 622.055, "Filter": "((l_shipmode = ANY ('{RAIL,FOB}'::bpchar[])) AND (l_commitdate < l_receiptdate) AND (l_shipdate < l_commitdate) AND (l_receiptdate >= '1997-01-01 00:00:00'::timestamp(0) without time zone) AND (l_receiptdate < '1998-01-01 00:00:00'::timestamp without time zone)), (LLVM Optimized, Jit Execute)", "Rows Removed by Filter": 59674804, "Actual Rows": 311248}], "Actual Rows": 311248}, {"Node Type": "Bitmap Heap Scan", "Parent Relationship": "Inner", "Relation Name": "orders", "Alias": "orders", "Startup Cost": 1.04, "Total Cost": 5.05, "Plan Rows": 1, "Plan Width": 24, "Actual Min Startup Time": 1879.975, "Actual Max Startup Time": 1879.975, "Actual Min Total Time": 1879.975, "Actual Max Total Time": 1879.975, "Recheck Cond": "(o_orderkey = lineitem.l_orderkey)", "Rows Removed by Index Recheck": 0, "Exact Heap Blocks": 311248, "Lossy Heap Blocks": 311248, "Plans": [{"Node Type": "Bitmap Index Scan", "Parent Relationship": "Outer", "Index Name": "orders_pkey", "Startup Cost": 0.0, "Total Cost": 1.04, "Plan Rows": 1, "Plan Width": 0, "Actual Min Startup Time": 1049.498, "Actual Max Startup Time": 1049.498, "Actual Min Total Time": 1049.498, "Actual Max Total Time": 1049.498, "Index Cond": "(o_orderkey = lineitem.l_orderkey)", "Actual Rows": 311248}], "Actual Rows": 311248}], "Actual Rows": 311248}], "Actual Rows": 2}], "Actual Rows": 2}, "Triggers": [], "Planner Runtime": 0.805, "Total Runtime": 2951.673, "Unique SQL Id": 2036526415}}, "(64, '119')": {"explain_plan": {"Plan": {"Node Type": "Sort", "Startup Cost": 5485674.71, "Total Cost": 5485674.71, "Plan Rows": 1, "Plan Width": 43, "Sort Key": ["lineitem.l_shipmode"], "Plans": [{"Node Type": "Aggregate", "Strategy": "Hashed", "Parent Relationship": "Outer", "Startup Cost": 5485674.69, "Total Cost": 5485674.7, "Plan Rows": 1, "Plan Width": 43, "Group By Key": ["lineitem.l_shipmode"], "Plans": [{"Node Type": "Nested Loop", "Parent Relationship": "Outer", "Join Type": "Inner", "Startup Cost": 1225110.1, "Total Cost": 5480519.47, "Plan Rows": 294584, "Plan Width": 27, "Inner Unique": true, "Plans": [{"Node Type": "Bitmap Heap Scan", "Parent Relationship": "Outer", "Relation Name": "lineitem", "Alias": "lineitem", "Startup Cost": 1225109.06, "Total Cost": 3990062.3, "Plan Rows": 294584, "Plan Width": 19, "Filter": "((l_shipmode = ANY ('{RAIL,FOB}'::bpchar[])) AND (l_commitdate < l_receiptdate) AND (l_shipdate < l_commitdate) AND (l_receiptdate >= '1997-01-01 00:00:00'::timestamp(0) without time zone) AND (l_receiptdate < '1998-01-01 00:00:00'::timestamp without time zone)), (LLVM Optimized)", "Plans": [{"Node Type": "Bitmap Index Scan", "Parent Relationship": "Outer", "Index Name": "idx_lineitem_orderkey", "Startup Cost": 0.0, "Total Cost": 1225035.42, "Plan Rows": 59987033, "Plan Width": 0}]}, {"Node Type": "Bitmap Heap Scan", "Parent Relationship": "Inner", "Relation Name": "orders", "Alias": "orders", "Startup Cost": 1.04, "Total Cost": 5.05, "Plan Rows": 1, "Plan Width": 24, "Recheck Cond": "(o_orderkey = lineitem.l_orderkey)", "Plans": [{"Node Type": "Bitmap Index Scan", "Parent Relationship": "Outer", "Index Name": "orders_pkey", "Startup Cost": 0.0, "Total Cost": 1.04, "Plan Rows": 1, "Plan Width": 0, "Index Cond": "(o_orderkey = lineitem.l_orderkey)"}]}]}]}]}, "Unique SQL Id": 2036526415, "Planner Runtime": 0}, "explain_analyze_plan": null}, "(64, '120')": {"explain_plan": {"Plan": {"Node Type": "Sort", "Startup Cost": 1198202.39, "Total Cost": 1198202.39, "Plan Rows": 1, "Plan Width": 43, "Sort Key": ["lineitem.l_shipmode"], "Plans": [{"Node Type": "Aggregate", "Strategy": "Hashed", "Parent Relationship": "Outer", "Startup Cost": 1198202.37, "Total Cost": 1198202.38, "Plan Rows": 1, "Plan Width": 43, "Group By Key": ["lineitem.l_shipmode"], "Plans": [{"Node Type": "Nested Loop", "Parent Relationship": "Outer", "Join Type": "Inner", "Startup Cost": 1.25, "Total Cost": 1193047.15, "Plan Rows": 294584, "Plan Width": 27, "Inner Unique": true, "Plans": [{"Node Type": "Streaming(type: LOCAL GATHER dop: 1/64)", "Parent Relationship": "Outer", "Startup Cost": 1.25, "Total Cost": 112279.63, "Plan Rows": 294584, "Plan Width": 19, "Plans": [{"Node Type": "Seq Scan", "Parent Relationship": "Outer", "Relation Name": "lineitem", "Alias": "lineitem", "Startup Cost": 1.25, "Total Cost": 106202.39, "Plan Rows": 294584, "Plan Width": 19, "Filter": "((l_shipmode = ANY ('{RAIL,FOB}'::bpchar[])) AND (l_commitdate < l_receiptdate) AND (l_shipdate < l_commitdate) AND (l_receiptdate >= '1997-01-01 00:00:00'::timestamp(0) without time zone) AND (l_receiptdate < '1998-01-01 00:00:00'::timestamp without time zone)), (LLVM Optimized)"}]}, {"Node Type": "Index Scan", "Parent Relationship": "Inner", "Scan Direction": "Forward", "Index Name": "orders_pkey", "Relation Name": "orders", "Alias": "orders", "Startup Cost": 0.0, "Total Cost": 3.66, "Plan Rows": 1, "Plan Width": 24, "Index Cond": "(o_orderkey = lineitem.l_orderkey)"}]}]}]}, "Unique SQL Id": 2036526415, "Planner Runtime": 0}, "explain_analyze_plan": {"Plan": {"Node Type": "Sort", "Startup Cost": 1198202.39, "Total Cost": 1198202.39, "Plan Rows": 1, "Plan Width": 43, "Actual Min Startup Time": 2413.164, "Actual Max Startup Time": 2413.164, "Actual Min Total Time": 2413.165, "Actual Max Total Time": 2413.165, "Sort Key": ["lineitem.l_shipmode"], "Sort Method": "quicksort", "Sort Space Min Used": 25, "Sort Space Max Used": 25, "Sort Space Type": "Memory", "Plans": [{"Node Type": "Aggregate", "Strategy": "Hashed", "Parent Relationship": "Outer", "Startup Cost": 1198202.37, "Total Cost": 1198202.38, "Plan Rows": 1, "Plan Width": 43, "Actual Min Startup Time": 2413.109, "Actual Max Startup Time": 2413.109, "Actual Min Total Time": 2413.11, "Actual Max Total Time": 2413.11, "Group By Key": ["lineitem.l_shipmode"], "Plans": [{"Node Type": "Nested Loop", "Parent Relationship": "Outer", "Join Type": "Inner", "Startup Cost": 1.25, "Total Cost": 1193047.15, "Plan Rows": 294584, "Plan Width": 27, "Actual Min Startup Time": 124.405, "Actual Max Startup Time": 124.405, "Actual Min Total Time": 2097.461, "Actual Max Total Time": 2097.461, "Inner Unique": true, "Plans": [{"Node Type": "Streaming(type: LOCAL GATHER dop: 1/64)", "Parent Relationship": "Outer", "Startup Cost": 1.25, "Total Cost": 112279.63, "Plan Rows": 294584, "Plan Width": 19, "Actual Min Startup Time": 124.329, "Actual Max Startup Time": 124.329, "Actual Min Total Time": 282.816, "Actual Max Total Time": 282.816, "Plans": [{"Node Type": "Seq Scan", "Parent Relationship": "Outer", "Relation Name": "lineitem", "Alias": "lineitem", "Startup Cost": 1.25, "Total Cost": 106202.39, "Plan Rows": 294584, "Plan Width": 19, "Actual Min Startup Time": 0.036, "Actual Max Startup Time": 0.553, "Actual Min Total Time": 480.488, "Actual Max Total Time": 624.177, "Filter": "((l_shipmode = ANY ('{RAIL,FOB}'::bpchar[])) AND (l_commitdate < l_receiptdate) AND (l_shipdate < l_commitdate) AND (l_receiptdate >= '1997-01-01 00:00:00'::timestamp(0) without time zone) AND (l_receiptdate < '1998-01-01 00:00:00'::timestamp without time zone)), (LLVM Optimized, Jit Execute)", "Rows Removed by Filter": 59674804, "Actual Rows": 311248}], "Actual Rows": 311248}, {"Node Type": "Index Scan", "Parent Relationship": "Inner", "Scan Direction": "Forward", "Index Name": "orders_pkey", "Relation Name": "orders", "Alias": "orders", "Startup Cost": 0.0, "Total Cost": 3.66, "Plan Rows": 1, "Plan Width": 24, "Actual Min Startup Time": 1556.899, "Actual Max Startup Time": 1556.899, "Actual Min Total Time": 1556.899, "Actual Max Total Time": 1556.899, "Index Cond": "(o_orderkey = lineitem.l_orderkey)", "Rows Removed by Index Recheck": 0, "Actual Rows": 311248}], "Actual Rows": 311248}], "Actual Rows": 2}], "Actual Rows": 2}, "Triggers": [], "Planner Runtime": 0.74, "Total Runtime": 2436.087, "Unique SQL Id": 2036526415}}, "(64, '121')": {"explain_plan": {"Plan": {"Node Type": "Sort", "Startup Cost": 3816372.6, "Total Cost": 3816372.6, "Plan Rows": 1, "Plan Width": 43, "Sort Key": ["lineitem.l_shipmode"], "Plans": [{"Node Type": "Aggregate", "Strategy": "Hashed", "Parent Relationship": "Outer", "Startup Cost": 3816372.58, "Total Cost": 3816372.59, "Plan Rows": 1, "Plan Width": 43, "Group By Key": ["lineitem.l_shipmode"], "Plans": [{"Node Type": "Nested Loop", "Parent Relationship": "Outer", "Join Type": "Inner", "Startup Cost": 0.0, "Total Cost": 3811217.36, "Plan Rows": 294584, "Plan Width": 27, "Inner Unique": true, "Plans": [{"Node Type": "Streaming(type: LOCAL GATHER dop: 1/64)", "Parent Relationship": "Outer", "Startup Cost": 0.0, "Total Cost": 2730449.84, "Plan Rows": 294584, "Plan Width": 19, "Plans": [{"Node Type": "Index Scan", "Parent Relationship": "Outer", "Scan Direction": "Forward", "Index Name": "idx_lineitem_orderkey", "Relation Name": "lineitem", "Alias": "lineitem", "Startup Cost": 0.0, "Total Cost": 2724372.61, "Plan Rows": 294584, "Plan Width": 19, "Filter": "((l_shipmode = ANY ('{RAIL,FOB}'::bpchar[])) AND (l_commitdate < l_receiptdate) AND (l_shipdate < l_commitdate) AND (l_receiptdate >= '1997-01-01 00:00:00'::timestamp(0) without time zone) AND (l_receiptdate < '1998-01-01 00:00:00'::timestamp without time zone)), (LLVM Optimized)"}]}, {"Node Type": "Index Scan", "Parent Relationship": "Inner", "Scan Direction": "Forward", "Index Name": "orders_pkey", "Relation Name": "orders", "Alias": "orders", "Startup Cost": 0.0, "Total Cost": 3.66, "Plan Rows": 1, "Plan Width": 24, "Index Cond": "(o_orderkey = lineitem.l_orderkey)"}]}]}]}, "Unique SQL Id": 2036526415, "Planner Runtime": 0}, "explain_analyze_plan": {"Plan": {"Node Type": "Sort", "Startup Cost": 3816372.6, "Total Cost": 3816372.6, "Plan Rows": 1, "Plan Width": 43, "Actual Min Startup Time": 3195.074, "Actual Max Startup Time": 3195.074, "Actual Min Total Time": 3195.074, "Actual Max Total Time": 3195.074, "Sort Key": ["lineitem.l_shipmode"], "Sort Method": "quicksort", "Sort Space Min Used": 25, "Sort Space Max Used": 25, "Sort Space Type": "Memory", "Plans": [{"Node Type": "Aggregate", "Strategy": "Hashed", "Parent Relationship": "Outer", "Startup Cost": 3816372.58, "Total Cost": 3816372.59, "Plan Rows": 1, "Plan Width": 43, "Actual Min Startup Time": 3195.011, "Actual Max Startup Time": 3195.011, "Actual Min Total Time": 3195.013, "Actual Max Total Time": 3195.013, "Group By Key": ["lineitem.l_shipmode"], "Plans": [{"Node Type": "Nested Loop", "Parent Relationship": "Outer", "Join Type": "Inner", "Startup Cost": 0.0, "Total Cost": 3811217.36, "Plan Rows": 294584, "Plan Width": 27, "Actual Min Startup Time": 968.954, "Actual Max Startup Time": 968.954, "Actual Min Total Time": 2904.337, "Actual Max Total Time": 2904.337, "Inner Unique": true, "Plans": [{"Node Type": "Streaming(type: LOCAL GATHER dop: 1/64)", "Parent Relationship": "Outer", "Startup Cost": 0.0, "Total Cost": 2730449.84, "Plan Rows": 294584, "Plan Width": 19, "Actual Min Startup Time": 968.908, "Actual Max Startup Time": 968.908, "Actual Min Total Time": 1117.392, "Actual Max Total Time": 1117.392, "Plans": [{"Node Type": "Index Scan", "Parent Relationship": "Outer", "Scan Direction": "Forward", "Index Name": "idx_lineitem_orderkey", "Relation Name": "lineitem", "Alias": "lineitem", "Startup Cost": 0.0, "Total Cost": 2724372.61, "Plan Rows": 294584, "Plan Width": 19, "Actual Min Startup Time": 675.389, "Actual Max Startup Time": 845.225, "Actual Min Total Time": 1508.922, "Actual Max Total Time": 1713.81, "Filter": "((l_shipmode = ANY ('{RAIL,FOB}'::bpchar[])) AND (l_commitdate < l_receiptdate) AND (l_shipdate < l_commitdate) AND (l_receiptdate >= '1997-01-01 00:00:00'::timestamp(0) without time zone) AND (l_receiptdate < '1998-01-01 00:00:00'::timestamp without time zone)), (LLVM Optimized, Jit Execute)", "Rows Removed by Filter": 59674804, "Actual Rows": 311248}], "Actual Rows": 311248}, {"Node Type": "Index Scan", "Parent Relationship": "Inner", "Scan Direction": "Forward", "Index Name": "orders_pkey", "Relation Name": "orders", "Alias": "orders", "Startup Cost": 0.0, "Total Cost": 3.66, "Plan Rows": 1, "Plan Width": 24, "Actual Min Startup Time": 1530.963, "Actual Max Startup Time": 1530.963, "Actual Min Total Time": 1530.963, "Actual Max Total Time": 1530.963, "Index Cond": "(o_orderkey = lineitem.l_orderkey)", "Rows Removed by Index Recheck": 0, "Actual Rows": 311248}], "Actual Rows": 311248}], "Actual Rows": 2}], "Actual Rows": 2}, "Triggers": [], "Planner Runtime": 0.814, "Total Runtime": 3218.328, "Unique SQL Id": 2036526415}}, "(64, '122')": {"explain_plan": {"Plan": {"Node Type": "Sort", "Startup Cost": 16497865.13, "Total Cost": 16497865.14, "Plan Rows": 1, "Plan Width": 43, "Sort Key": ["lineitem.l_shipmode"], "Plans": [{"Node Type": "Streaming(type: LOCAL GATHER dop: 1/64)", "Parent Relationship": "Outer", "Startup Cost": 16497865.12, "Total Cost": 16497865.12, "Plan Rows": 1, "Plan Width": 43, "Plans": [{"Node Type": "Aggregate", "Strategy": "Hashed", "Parent Relationship": "Outer", "Startup Cost": 16497865.12, "Total Cost": 16497865.12, "Plan Rows": 1, "Plan Width": 43, "Group By Key": ["lineitem.l_shipmode"], "Plans": [{"Node Type": "Streaming(type: LOCAL REDISTRIBUTE dop: 64/64)", "Parent Relationship": "Outer", "Startup Cost": 16497865.08, "Total Cost": 16497865.12, "Plan Rows": 1, "Plan Width": 43, "Plans": [{"Node Type": "Aggregate", "Strategy": "Hashed", "Parent Relationship": "Outer", "Startup Cost": 16497865.08, "Total Cost": 16497865.08, "Plan Rows": 1, "Plan Width": 43, "Group By Key": ["lineitem.l_shipmode"], "Plans": [{"Node Type": "Nested Loop", "Parent Relationship": "Outer", "Join Type": "Inner", "Startup Cost": 1.25, "Total Cost": 16497784.52, "Plan Rows": 294584, "Plan Width": 27, "Inner Unique": false, "Join Filter": "(orders.o_orderkey = lineitem.l_orderkey), (LLVM Optimized)", "Plans": [{"Node Type": "Streaming(type: LOCAL REDISTRIBUTE dop: 64/64)", "Parent Relationship": "Outer", "Startup Cost": 0.0, "Total Cost": 146871.21, "Plan Rows": 14999479, "Plan Width": 24, "Plans": [{"Node Type": "Seq Scan", "Parent Relationship": "Outer", "Relation Name": "orders", "Alias": "orders", "Startup Cost": 0.0, "Total Cost": 69662.72, "Plan Rows": 14999479, "Plan Width": 24}]}, {"Node Type": "Materialize", "Parent Relationship": "Inner", "Startup Cost": 1.25, "Total Cost": 169504.46, "Plan Rows": 294584, "Plan Width": 19, "Plans": [{"Node Type": "Streaming(type: LOCAL REDISTRIBUTE dop: 64/64)", "Parent Relationship": "Outer", "Startup Cost": 1.25, "Total Cost": 169481.44, "Plan Rows": 294584, "Plan Width": 19, "Plans": [{"Node Type": "Seq Scan", "Parent Relationship": "Outer", "Relation Name": "lineitem", "Alias": "lineitem", "Startup Cost": 1.25, "Total Cost": 106202.39, "Plan Rows": 294584, "Plan Width": 19, "Filter": "((l_shipmode = ANY ('{RAIL,FOB}'::bpchar[])) AND (l_commitdate < l_receiptdate) AND (l_shipdate < l_commitdate) AND (l_receiptdate >= '1997-01-01 00:00:00'::timestamp(0) without time zone) AND (l_receiptdate < '1998-01-01 00:00:00'::timestamp without time zone)), (LLVM Optimized)"}]}]}]}]}]}]}]}]}, "Unique SQL Id": 2036526415, "Planner Runtime": 0}, "explain_analyze_plan": null}, "(64, '123')": {"explain_plan": {"Plan": {"Node Type": "Sort", "Startup Cost": 2066751200726.99, "Total Cost": 2066751200726.99, "Plan Rows": 1, "Plan Width": 43, "Sort Key": ["lineitem.l_shipmode"], "Plans": [{"Node Type": "Aggregate", "Strategy": "Hashed", "Parent Relationship": "Outer", "Startup Cost": 2066751200726.97, "Total Cost": 2066751200726.98, "Plan Rows": 1, "Plan Width": 43, "Group By Key": ["lineitem.l_shipmode"], "Plans": [{"Node Type": "Nested Loop", "Parent Relationship": "Outer", "Join Type": "Inner", "Startup Cost": 20000000000.0, "Total Cost": 2066751195571.75, "Plan Rows": 294584, "Plan Width": 27, "Inner Unique": false, "Join Filter": "(orders.o_orderkey = lineitem.l_orderkey), (LLVM Optimized)", "Plans": [{"Node Type": "Index Scan", "Parent Relationship": "Outer", "Scan Direction": "Forward", "Index Name": "orders_pkey", "Relation Name": "orders", "Alias": "orders", "Startup Cost": 10000000000.0, "Total Cost": 1000073097843.5, "Plan Rows": 14999479, "Plan Width": 24}, {"Node Type": "Materialize", "Parent Relationship": "Inner", "Startup Cost": 10000000000.0, "Total Cost": 1000399000638.67, "Plan Rows": 294584, "Plan Width": 19, "Plans": [{"Node Type": "Index Scan", "Parent Relationship": "Outer", "Scan Direction": "Forward", "Index Name": "idx_lineitem_orderkey", "Relation Name": "lineitem", "Alias": "lineitem", "Startup Cost": 10000000000.0, "Total Cost": 1000398999165.75, "Plan Rows": 294584, "Plan Width": 19, "Filter": "((l_shipmode = ANY ('{RAIL,FOB}'::bpchar[])) AND (l_commitdate < l_receiptdate) AND (l_shipdate < l_commitdate) AND (l_receiptdate >= '1997-01-01 00:00:00'::timestamp(0) without time zone) AND (l_receiptdate < '1998-01-01 00:00:00'::timestamp without time zone)), (LLVM Optimized)"}]}]}]}]}, "Unique SQL Id": 2036526415, "Planner Runtime": 0}, "explain_analyze_plan": null}, "(64, '124')": {"explain_plan": {"Plan": {"Node Type": "Sort", "Startup Cost": 1198202.39, "Total Cost": 1198202.39, "Plan Rows": 1, "Plan Width": 43, "Sort Key": ["lineitem.l_shipmode"], "Plans": [{"Node Type": "Aggregate", "Strategy": "Hashed", "Parent Relationship": "Outer", "Startup Cost": 1198202.37, "Total Cost": 1198202.38, "Plan Rows": 1, "Plan Width": 43, "Group By Key": ["lineitem.l_shipmode"], "Plans": [{"Node Type": "Nested Loop", "Parent Relationship": "Outer", "Join Type": "Inner", "Startup Cost": 1.25, "Total Cost": 1193047.15, "Plan Rows": 294584, "Plan Width": 27, "Inner Unique": true, "Plans": [{"Node Type": "Streaming(type: LOCAL GATHER dop: 1/64)", "Parent Relationship": "Outer", "Startup Cost": 1.25, "Total Cost": 112279.63, "Plan Rows": 294584, "Plan Width": 19, "Plans": [{"Node Type": "Seq Scan", "Parent Relationship": "Outer", "Relation Name": "lineitem", "Alias": "lineitem", "Startup Cost": 1.25, "Total Cost": 106202.39, "Plan Rows": 294584, "Plan Width": 19, "Filter": "((l_shipmode = ANY ('{RAIL,FOB}'::bpchar[])) AND (l_commitdate < l_receiptdate) AND (l_shipdate < l_commitdate) AND (l_receiptdate >= '1997-01-01 00:00:00'::timestamp(0) without time zone) AND (l_receiptdate < '1998-01-01 00:00:00'::timestamp without time zone)), (LLVM Optimized)"}]}, {"Node Type": "Index Scan", "Parent Relationship": "Inner", "Scan Direction": "Forward", "Index Name": "orders_pkey", "Relation Name": "orders", "Alias": "orders", "Startup Cost": 0.0, "Total Cost": 3.66, "Plan Rows": 1, "Plan Width": 24, "Index Cond": "(o_orderkey = lineitem.l_orderkey)"}]}]}]}, "Unique SQL Id": 2036526415, "Planner Runtime": 0}, "explain_analyze_plan": {"Plan": {"Node Type": "Sort", "Startup Cost": 1198202.39, "Total Cost": 1198202.39, "Plan Rows": 1, "Plan Width": 43, "Actual Min Startup Time": 2413.164, "Actual Max Startup Time": 2413.164, "Actual Min Total Time": 2413.165, "Actual Max Total Time": 2413.165, "Sort Key": ["lineitem.l_shipmode"], "Sort Method": "quicksort", "Sort Space Min Used": 25, "Sort Space Max Used": 25, "Sort Space Type": "Memory", "Plans": [{"Node Type": "Aggregate", "Strategy": "Hashed", "Parent Relationship": "Outer", "Startup Cost": 1198202.37, "Total Cost": 1198202.38, "Plan Rows": 1, "Plan Width": 43, "Actual Min Startup Time": 2413.109, "Actual Max Startup Time": 2413.109, "Actual Min Total Time": 2413.11, "Actual Max Total Time": 2413.11, "Group By Key": ["lineitem.l_shipmode"], "Plans": [{"Node Type": "Nested Loop", "Parent Relationship": "Outer", "Join Type": "Inner", "Startup Cost": 1.25, "Total Cost": 1193047.15, "Plan Rows": 294584, "Plan Width": 27, "Actual Min Startup Time": 124.405, "Actual Max Startup Time": 124.405, "Actual Min Total Time": 2097.461, "Actual Max Total Time": 2097.461, "Inner Unique": true, "Plans": [{"Node Type": "Streaming(type: LOCAL GATHER dop: 1/64)", "Parent Relationship": "Outer", "Startup Cost": 1.25, "Total Cost": 112279.63, "Plan Rows": 294584, "Plan Width": 19, "Actual Min Startup Time": 124.329, "Actual Max Startup Time": 124.329, "Actual Min Total Time": 282.816, "Actual Max Total Time": 282.816, "Plans": [{"Node Type": "Seq Scan", "Parent Relationship": "Outer", "Relation Name": "lineitem", "Alias": "lineitem", "Startup Cost": 1.25, "Total Cost": 106202.39, "Plan Rows": 294584, "Plan Width": 19, "Actual Min Startup Time": 0.036, "Actual Max Startup Time": 0.553, "Actual Min Total Time": 480.488, "Actual Max Total Time": 624.177, "Filter": "((l_shipmode = ANY ('{RAIL,FOB}'::bpchar[])) AND (l_commitdate < l_receiptdate) AND (l_shipdate < l_commitdate) AND (l_receiptdate >= '1997-01-01 00:00:00'::timestamp(0) without time zone) AND (l_receiptdate < '1998-01-01 00:00:00'::timestamp without time zone)), (LLVM Optimized, Jit Execute)", "Rows Removed by Filter": 59674804, "Actual Rows": 311248}], "Actual Rows": 311248}, {"Node Type": "Index Scan", "Parent Relationship": "Inner", "Scan Direction": "Forward", "Index Name": "orders_pkey", "Relation Name": "orders", "Alias": "orders", "Startup Cost": 0.0, "Total Cost": 3.66, "Plan Rows": 1, "Plan Width": 24, "Actual Min Startup Time": 1556.899, "Actual Max Startup Time": 1556.899, "Actual Min Total Time": 1556.899, "Actual Max Total Time": 1556.899, "Index Cond": "(o_orderkey = lineitem.l_orderkey)", "Rows Removed by Index Recheck": 0, "Actual Rows": 311248}], "Actual Rows": 311248}], "Actual Rows": 2}], "Actual Rows": 2}, "Triggers": [], "Planner Runtime": 0.74, "Total Runtime": 2436.087, "Unique SQL Id": 2036526415}}, "(64, '125')": {"explain_plan": {"Plan": {"Node Type": "Sort", "Startup Cost": 3816372.6, "Total Cost": 3816372.6, "Plan Rows": 1, "Plan Width": 43, "Sort Key": ["lineitem.l_shipmode"], "Plans": [{"Node Type": "Aggregate", "Strategy": "Hashed", "Parent Relationship": "Outer", "Startup Cost": 3816372.58, "Total Cost": 3816372.59, "Plan Rows": 1, "Plan Width": 43, "Group By Key": ["lineitem.l_shipmode"], "Plans": [{"Node Type": "Nested Loop", "Parent Relationship": "Outer", "Join Type": "Inner", "Startup Cost": 0.0, "Total Cost": 3811217.36, "Plan Rows": 294584, "Plan Width": 27, "Inner Unique": true, "Plans": [{"Node Type": "Streaming(type: LOCAL GATHER dop: 1/64)", "Parent Relationship": "Outer", "Startup Cost": 0.0, "Total Cost": 2730449.84, "Plan Rows": 294584, "Plan Width": 19, "Plans": [{"Node Type": "Index Scan", "Parent Relationship": "Outer", "Scan Direction": "Forward", "Index Name": "idx_lineitem_orderkey", "Relation Name": "lineitem", "Alias": "lineitem", "Startup Cost": 0.0, "Total Cost": 2724372.61, "Plan Rows": 294584, "Plan Width": 19, "Filter": "((l_shipmode = ANY ('{RAIL,FOB}'::bpchar[])) AND (l_commitdate < l_receiptdate) AND (l_shipdate < l_commitdate) AND (l_receiptdate >= '1997-01-01 00:00:00'::timestamp(0) without time zone) AND (l_receiptdate < '1998-01-01 00:00:00'::timestamp without time zone)), (LLVM Optimized)"}]}, {"Node Type": "Index Scan", "Parent Relationship": "Inner", "Scan Direction": "Forward", "Index Name": "orders_pkey", "Relation Name": "orders", "Alias": "orders", "Startup Cost": 0.0, "Total Cost": 3.66, "Plan Rows": 1, "Plan Width": 24, "Index Cond": "(o_orderkey = lineitem.l_orderkey)"}]}]}]}, "Unique SQL Id": 2036526415, "Planner Runtime": 0}, "explain_analyze_plan": {"Plan": {"Node Type": "Sort", "Startup Cost": 3816372.6, "Total Cost": 3816372.6, "Plan Rows": 1, "Plan Width": 43, "Actual Min Startup Time": 3195.074, "Actual Max Startup Time": 3195.074, "Actual Min Total Time": 3195.074, "Actual Max Total Time": 3195.074, "Sort Key": ["lineitem.l_shipmode"], "Sort Method": "quicksort", "Sort Space Min Used": 25, "Sort Space Max Used": 25, "Sort Space Type": "Memory", "Plans": [{"Node Type": "Aggregate", "Strategy": "Hashed", "Parent Relationship": "Outer", "Startup Cost": 3816372.58, "Total Cost": 3816372.59, "Plan Rows": 1, "Plan Width": 43, "Actual Min Startup Time": 3195.011, "Actual Max Startup Time": 3195.011, "Actual Min Total Time": 3195.013, "Actual Max Total Time": 3195.013, "Group By Key": ["lineitem.l_shipmode"], "Plans": [{"Node Type": "Nested Loop", "Parent Relationship": "Outer", "Join Type": "Inner", "Startup Cost": 0.0, "Total Cost": 3811217.36, "Plan Rows": 294584, "Plan Width": 27, "Actual Min Startup Time": 968.954, "Actual Max Startup Time": 968.954, "Actual Min Total Time": 2904.337, "Actual Max Total Time": 2904.337, "Inner Unique": true, "Plans": [{"Node Type": "Streaming(type: LOCAL GATHER dop: 1/64)", "Parent Relationship": "Outer", "Startup Cost": 0.0, "Total Cost": 2730449.84, "Plan Rows": 294584, "Plan Width": 19, "Actual Min Startup Time": 968.908, "Actual Max Startup Time": 968.908, "Actual Min Total Time": 1117.392, "Actual Max Total Time": 1117.392, "Plans": [{"Node Type": "Index Scan", "Parent Relationship": "Outer", "Scan Direction": "Forward", "Index Name": "idx_lineitem_orderkey", "Relation Name": "lineitem", "Alias": "lineitem", "Startup Cost": 0.0, "Total Cost": 2724372.61, "Plan Rows": 294584, "Plan Width": 19, "Actual Min Startup Time": 675.389, "Actual Max Startup Time": 845.225, "Actual Min Total Time": 1508.922, "Actual Max Total Time": 1713.81, "Filter": "((l_shipmode = ANY ('{RAIL,FOB}'::bpchar[])) AND (l_commitdate < l_receiptdate) AND (l_shipdate < l_commitdate) AND (l_receiptdate >= '1997-01-01 00:00:00'::timestamp(0) without time zone) AND (l_receiptdate < '1998-01-01 00:00:00'::timestamp without time zone)), (LLVM Optimized, Jit Execute)", "Rows Removed by Filter": 59674804, "Actual Rows": 311248}], "Actual Rows": 311248}, {"Node Type": "Index Scan", "Parent Relationship": "Inner", "Scan Direction": "Forward", "Index Name": "orders_pkey", "Relation Name": "orders", "Alias": "orders", "Startup Cost": 0.0, "Total Cost": 3.66, "Plan Rows": 1, "Plan Width": 24, "Actual Min Startup Time": 1530.963, "Actual Max Startup Time": 1530.963, "Actual Min Total Time": 1530.963, "Actual Max Total Time": 1530.963, "Index Cond": "(o_orderkey = lineitem.l_orderkey)", "Rows Removed by Index Recheck": 0, "Actual Rows": 311248}], "Actual Rows": 311248}], "Actual Rows": 2}], "Actual Rows": 2}, "Triggers": [], "Planner Runtime": 0.814, "Total Runtime": 3218.328, "Unique SQL Id": 2036526415}}, "(64, '126')": {"explain_plan": {"Plan": {"Node Type": "Sort", "Startup Cost": 16497865.13, "Total Cost": 16497865.14, "Plan Rows": 1, "Plan Width": 43, "Sort Key": ["lineitem.l_shipmode"], "Plans": [{"Node Type": "Streaming(type: LOCAL GATHER dop: 1/64)", "Parent Relationship": "Outer", "Startup Cost": 16497865.12, "Total Cost": 16497865.12, "Plan Rows": 1, "Plan Width": 43, "Plans": [{"Node Type": "Aggregate", "Strategy": "Hashed", "Parent Relationship": "Outer", "Startup Cost": 16497865.12, "Total Cost": 16497865.12, "Plan Rows": 1, "Plan Width": 43, "Group By Key": ["lineitem.l_shipmode"], "Plans": [{"Node Type": "Streaming(type: LOCAL REDISTRIBUTE dop: 64/64)", "Parent Relationship": "Outer", "Startup Cost": 16497865.08, "Total Cost": 16497865.12, "Plan Rows": 1, "Plan Width": 43, "Plans": [{"Node Type": "Aggregate", "Strategy": "Hashed", "Parent Relationship": "Outer", "Startup Cost": 16497865.08, "Total Cost": 16497865.08, "Plan Rows": 1, "Plan Width": 43, "Group By Key": ["lineitem.l_shipmode"], "Plans": [{"Node Type": "Nested Loop", "Parent Relationship": "Outer", "Join Type": "Inner", "Startup Cost": 1.25, "Total Cost": 16497784.52, "Plan Rows": 294584, "Plan Width": 27, "Inner Unique": false, "Join Filter": "(orders.o_orderkey = lineitem.l_orderkey), (LLVM Optimized)", "Plans": [{"Node Type": "Streaming(type: LOCAL REDISTRIBUTE dop: 64/64)", "Parent Relationship": "Outer", "Startup Cost": 0.0, "Total Cost": 146871.21, "Plan Rows": 14999479, "Plan Width": 24, "Plans": [{"Node Type": "Seq Scan", "Parent Relationship": "Outer", "Relation Name": "orders", "Alias": "orders", "Startup Cost": 0.0, "Total Cost": 69662.72, "Plan Rows": 14999479, "Plan Width": 24}]}, {"Node Type": "Materialize", "Parent Relationship": "Inner", "Startup Cost": 1.25, "Total Cost": 169504.46, "Plan Rows": 294584, "Plan Width": 19, "Plans": [{"Node Type": "Streaming(type: LOCAL REDISTRIBUTE dop: 64/64)", "Parent Relationship": "Outer", "Startup Cost": 1.25, "Total Cost": 169481.44, "Plan Rows": 294584, "Plan Width": 19, "Plans": [{"Node Type": "Seq Scan", "Parent Relationship": "Outer", "Relation Name": "lineitem", "Alias": "lineitem", "Startup Cost": 1.25, "Total Cost": 106202.39, "Plan Rows": 294584, "Plan Width": 19, "Filter": "((l_shipmode = ANY ('{RAIL,FOB}'::bpchar[])) AND (l_commitdate < l_receiptdate) AND (l_shipdate < l_commitdate) AND (l_receiptdate >= '1997-01-01 00:00:00'::timestamp(0) without time zone) AND (l_receiptdate < '1998-01-01 00:00:00'::timestamp without time zone)), (LLVM Optimized)"}]}]}]}]}]}]}]}]}, "Unique SQL Id": 2036526415, "Planner Runtime": 0}, "explain_analyze_plan": null}, "(64, '127')": {"explain_plan": {"Plan": {"Node Type": "Sort", "Startup Cost": 2066751200726.99, "Total Cost": 2066751200726.99, "Plan Rows": 1, "Plan Width": 43, "Sort Key": ["lineitem.l_shipmode"], "Plans": [{"Node Type": "Aggregate", "Strategy": "Hashed", "Parent Relationship": "Outer", "Startup Cost": 2066751200726.97, "Total Cost": 2066751200726.98, "Plan Rows": 1, "Plan Width": 43, "Group By Key": ["lineitem.l_shipmode"], "Plans": [{"Node Type": "Nested Loop", "Parent Relationship": "Outer", "Join Type": "Inner", "Startup Cost": 20000000000.0, "Total Cost": 2066751195571.75, "Plan Rows": 294584, "Plan Width": 27, "Inner Unique": false, "Join Filter": "(orders.o_orderkey = lineitem.l_orderkey), (LLVM Optimized)", "Plans": [{"Node Type": "Index Scan", "Parent Relationship": "Outer", "Scan Direction": "Forward", "Index Name": "orders_pkey", "Relation Name": "orders", "Alias": "orders", "Startup Cost": 10000000000.0, "Total Cost": 1000073097843.5, "Plan Rows": 14999479, "Plan Width": 24}, {"Node Type": "Materialize", "Parent Relationship": "Inner", "Startup Cost": 10000000000.0, "Total Cost": 1000399000638.67, "Plan Rows": 294584, "Plan Width": 19, "Plans": [{"Node Type": "Index Scan", "Parent Relationship": "Outer", "Scan Direction": "Forward", "Index Name": "idx_lineitem_orderkey", "Relation Name": "lineitem", "Alias": "lineitem", "Startup Cost": 10000000000.0, "Total Cost": 1000398999165.75, "Plan Rows": 294584, "Plan Width": 19, "Filter": "((l_shipmode = ANY ('{RAIL,FOB}'::bpchar[])) AND (l_commitdate < l_receiptdate) AND (l_shipdate < l_commitdate) AND (l_receiptdate >= '1997-01-01 00:00:00'::timestamp(0) without time zone) AND (l_receiptdate < '1998-01-01 00:00:00'::timestamp without time zone)), (LLVM Optimized)"}]}]}]}]}, "Unique SQL Id": 2036526415, "Planner Runtime": 0}, "explain_analyze_plan": null}}