{"(1, 0)": {"explain_plan": {"Plan": {"Node Type": "Aggregate", "Strategy": "Plain", "Startup Cost": 1344441.29, "Total Cost": 1344441.3, "Plan Rows": 1, "Plan Width": 53, "Plans": [{"Node Type": "Hash Join", "Parent Relationship": "Outer", "Join Type": "Inner", "Startup Cost": 111887.26, "Total Cost": 1331842.98, "Plan Rows": 719903, "Plan Width": 37, "Inner Unique": true, "Hash Cond": "(lineitem.l_partkey = part.p_partkey), (LLVM Optimized)", "Plans": [{"Node Type": "Bitmap Heap Scan", "Parent Relationship": "Outer", "Relation Name": "lineitem", "Alias": "lineitem", "Startup Cost": 24943.26, "Total Cost": 1235000.32, "Plan Rows": 719903, "Plan Width": 24, "Recheck Cond": "((l_shipdate >= '1996-12-01 00:00:00'::timestamp(0) without time zone) AND (l_shipdate < '1997-01-01 00:00:00'::timestamp without time zone)), (LLVM Optimized)", "Plans": [{"Node Type": "Bitmap Index Scan", "Parent Relationship": "Outer", "Index Name": "idx_lineitem_shipdate", "Startup Cost": 0.0, "Total Cost": 24763.28, "Plan Rows": 719903, "Plan Width": 0, "Index Cond": "((l_shipdate >= '1996-12-01 00:00:00'::timestamp(0) without time zone) AND (l_shipdate < '1997-01-01 00:00:00'::timestamp without time zone))"}]}, {"Node Type": "Hash", "Parent Relationship": "Inner", "Startup Cost": 61944.0, "Total Cost": 61944.0, "Plan Rows": 2000000, "Plan Width": 29, "Plans": [{"Node Type": "Seq Scan", "Parent Relationship": "Outer", "Relation Name": "part", "Alias": "part", "Startup Cost": 0.0, "Total Cost": 61944.0, "Plan Rows": 2000000, "Plan Width": 29}]}]}]}, "Unique SQL Id": 379939634, "Planner Runtime": 0}, "explain_analyze_plan": {"Plan": {"Node Type": "Aggregate", "Strategy": "Plain", "Startup Cost": 1344441.29, "Total Cost": 1344441.3, "Plan Rows": 1, "Plan Width": 53, "Actual Startup Time": 3796.361, "Actual Total Time": 3796.362, "Actual Rows": 1, "Actual Loops": 1, "Plans": [{"Node Type": "Hash Join", "Parent Relationship": "Outer", "Join Type": "Inner", "Startup Cost": 111887.26, "Total Cost": 1331842.98, "Plan Rows": 719903, "Plan Width": 37, "Actual Startup Time": 1803.595, "Actual Total Time": 3429.111, "Actual Rows": 772803, "Actual Loops": 1, "Inner Unique": true, "Hash Cond": "(lineitem.l_partkey = part.p_partkey), (LLVM Optimized, Jit Execute)", "Plans": [{"Node Type": "Bitmap Heap Scan", "Parent Relationship": "Outer", "Relation Name": "lineitem", "Alias": "lineitem", "Startup Cost": 24943.26, "Total Cost": 1235000.32, "Plan Rows": 719903, "Plan Width": 24, "Actual Startup Time": 421.807, "Actual Total Time": 1498.429, "Actual Rows": 772803, "Actual Loops": 1, "Recheck Cond": "((l_shipdate >= '1996-12-01 00:00:00'::timestamp(0) without time zone) AND (l_shipdate < '1997-01-01 00:00:00'::timestamp without time zone)), (LLVM Optimized, Jit Execute)", "Rows Removed by Index Recheck": 0, "Exact Heap Blocks": 437909, "Lossy Heap Blocks": 437909, "Plans": [{"Node Type": "Bitmap Index Scan", "Parent Relationship": "Outer", "Index Name": "idx_lineitem_shipdate", "Startup Cost": 0.0, "Total Cost": 24763.28, "Plan Rows": 719903, "Plan Width": 0, "Actual Startup Time": 257.652, "Actual Total Time": 257.652, "Actual Rows": 772803, "Actual Loops": 1, "Index Cond": "((l_shipdate >= '1996-12-01 00:00:00'::timestamp(0) without time zone) AND (l_shipdate < '1997-01-01 00:00:00'::timestamp without time zone))"}]}, {"Node Type": "Hash", "Parent Relationship": "Inner", "Startup Cost": 61944.0, "Total Cost": 61944.0, "Plan Rows": 2000000, "Plan Width": 29, "Actual Startup Time": 1380.419, "Actual Total Time": 1380.419, "Actual Rows": 2000000, "Actual Loops": 1, "Hash Buckets": 2097152, "Hash Batches": 1, "Original Hash Batches": 1, "Peak Memory Usage": 126040, "Plans": [{"Node Type": "Seq Scan", "Parent Relationship": "Outer", "Relation Name": "part", "Alias": "part", "Startup Cost": 0.0, "Total Cost": 61944.0, "Plan Rows": 2000000, "Plan Width": 29, "Actual Startup Time": 0.033, "Actual Total Time": 705.317, "Actual Rows": 2000000, "Actual Loops": 1}]}]}]}, "Triggers": [], "Planner Runtime": 0, "Total Runtime": 3810.947, "Unique SQL Id": 379939634}}, "(1, 1)": {"explain_plan": {"Plan": {"Node Type": "Aggregate", "Strategy": "Plain", "Startup Cost": 1383300.54, "Total Cost": 1383300.55, "Plan Rows": 1, "Plan Width": 53, "Plans": [{"Node Type": "Hash Join", "Parent Relationship": "Outer", "Join Type": "Inner", "Startup Cost": 150746.51, "Total Cost": 1370702.23, "Plan Rows": 719903, "Plan Width": 37, "Inner Unique": true, "Hash Cond": "(lineitem.l_partkey = part.p_partkey), (LLVM Optimized)", "Plans": [{"Node Type": "Bitmap Heap Scan", "Parent Relationship": "Outer", "Relation Name": "lineitem", "Alias": "lineitem", "Startup Cost": 24943.26, "Total Cost": 1235000.32, "Plan Rows": 719903, "Plan Width": 24, "Recheck Cond": "((l_shipdate >= '1996-12-01 00:00:00'::timestamp(0) without time zone) AND (l_shipdate < '1997-01-01 00:00:00'::timestamp without time zone)), (LLVM Optimized)", "Plans": [{"Node Type": "Bitmap Index Scan", "Parent Relationship": "Outer", "Index Name": "idx_lineitem_shipdate", "Startup Cost": 0.0, "Total Cost": 24763.28, "Plan Rows": 719903, "Plan Width": 0, "Index Cond": "((l_shipdate >= '1996-12-01 00:00:00'::timestamp(0) without time zone) AND (l_shipdate < '1997-01-01 00:00:00'::timestamp without time zone))"}]}, {"Node Type": "Hash", "Parent Relationship": "Inner", "Startup Cost": 100803.25, "Total Cost": 100803.25, "Plan Rows": 2000000, "Plan Width": 29, "Plans": [{"Node Type": "Index Scan", "Parent Relationship": "Outer", "Scan Direction": "Forward", "Index Name": "part_kpey", "Relation Name": "part", "Alias": "part", "Startup Cost": 0.0, "Total Cost": 100803.25, "Plan Rows": 2000000, "Plan Width": 29}]}]}]}, "Unique SQL Id": 379939634, "Planner Runtime": 0}, "explain_analyze_plan": {"Plan": {"Node Type": "Aggregate", "Strategy": "Plain", "Startup Cost": 1383300.54, "Total Cost": 1383300.55, "Plan Rows": 1, "Plan Width": 53, "Actual Startup Time": 4307.314, "Actual Total Time": 4307.315, "Actual Rows": 1, "Actual Loops": 1, "Plans": [{"Node Type": "Hash Join", "Parent Relationship": "Outer", "Join Type": "Inner", "Startup Cost": 150746.51, "Total Cost": 1370702.23, "Plan Rows": 719903, "Plan Width": 37, "Actual Startup Time": 2342.752, "Actual Total Time": 3936.71, "Actual Rows": 772803, "Actual Loops": 1, "Inner Unique": true, "Hash Cond": "(lineitem.l_partkey = part.p_partkey), (LLVM Optimized, Jit Execute)", "Plans": [{"Node Type": "Bitmap Heap Scan", "Parent Relationship": "Outer", "Relation Name": "lineitem", "Alias": "lineitem", "Startup Cost": 24943.26, "Total Cost": 1235000.32, "Plan Rows": 719903, "Plan Width": 24, "Actual Startup Time": 427.329, "Actual Total Time": 1482.453, "Actual Rows": 772803, "Actual Loops": 1, "Recheck Cond": "((l_shipdate >= '1996-12-01 00:00:00'::timestamp(0) without time zone) AND (l_shipdate < '1997-01-01 00:00:00'::timestamp without time zone)), (LLVM Optimized, Jit Execute)", "Rows Removed by Index Recheck": 0, "Exact Heap Blocks": 437909, "Lossy Heap Blocks": 437909, "Plans": [{"Node Type": "Bitmap Index Scan", "Parent Relationship": "Outer", "Index Name": "idx_lineitem_shipdate", "Startup Cost": 0.0, "Total Cost": 24763.28, "Plan Rows": 719903, "Plan Width": 0, "Actual Startup Time": 262.379, "Actual Total Time": 262.379, "Actual Rows": 772803, "Actual Loops": 1, "Index Cond": "((l_shipdate >= '1996-12-01 00:00:00'::timestamp(0) without time zone) AND (l_shipdate < '1997-01-01 00:00:00'::timestamp without time zone))"}]}, {"Node Type": "Hash", "Parent Relationship": "Inner", "Startup Cost": 100803.25, "Total Cost": 100803.25, "Plan Rows": 2000000, "Plan Width": 29, "Actual Startup Time": 1913.87, "Actual Total Time": 1913.87, "Actual Rows": 2000000, "Actual Loops": 1, "Hash Buckets": 2097152, "Hash Batches": 1, "Original Hash Batches": 1, "Peak Memory Usage": 126040, "Plans": [{"Node Type": "Index Scan", "Parent Relationship": "Outer", "Scan Direction": "Forward", "Index Name": "part_kpey", "Relation Name": "part", "Alias": "part", "Startup Cost": 0.0, "Total Cost": 100803.25, "Plan Rows": 2000000, "Plan Width": 29, "Actual Startup Time": 0.051, "Actual Total Time": 1248.752, "Actual Rows": 2000000, "Actual Loops": 1}]}]}]}, "Triggers": [], "Planner Runtime": 0, "Total Runtime": 4321.893, "Unique SQL Id": 379939634}}, "(1, 2)": {"explain_plan": {"Plan": {"Node Type": "Aggregate", "Strategy": "Plain", "Startup Cost": 1344441.29, "Total Cost": 1344441.3, "Plan Rows": 1, "Plan Width": 53, "Plans": [{"Node Type": "Hash Join", "Parent Relationship": "Outer", "Join Type": "Inner", "Startup Cost": 111887.26, "Total Cost": 1331842.98, "Plan Rows": 719903, "Plan Width": 37, "Inner Unique": true, "Hash Cond": "(lineitem.l_partkey = part.p_partkey), (LLVM Optimized)", "Plans": [{"Node Type": "Bitmap Heap Scan", "Parent Relationship": "Outer", "Relation Name": "lineitem", "Alias": "lineitem", "Startup Cost": 24943.26, "Total Cost": 1235000.32, "Plan Rows": 719903, "Plan Width": 24, "Recheck Cond": "((l_shipdate >= '1996-12-01 00:00:00'::timestamp(0) without time zone) AND (l_shipdate < '1997-01-01 00:00:00'::timestamp without time zone)), (LLVM Optimized)", "Plans": [{"Node Type": "Bitmap Index Scan", "Parent Relationship": "Outer", "Index Name": "idx_lineitem_shipdate", "Startup Cost": 0.0, "Total Cost": 24763.28, "Plan Rows": 719903, "Plan Width": 0, "Index Cond": "((l_shipdate >= '1996-12-01 00:00:00'::timestamp(0) without time zone) AND (l_shipdate < '1997-01-01 00:00:00'::timestamp without time zone))"}]}, {"Node Type": "Hash", "Parent Relationship": "Inner", "Startup Cost": 61944.0, "Total Cost": 61944.0, "Plan Rows": 2000000, "Plan Width": 29, "Plans": [{"Node Type": "Seq Scan", "Parent Relationship": "Outer", "Relation Name": "part", "Alias": "part", "Startup Cost": 0.0, "Total Cost": 61944.0, "Plan Rows": 2000000, "Plan Width": 29}]}]}]}, "Unique SQL Id": 379939634, "Planner Runtime": 0}, "explain_analyze_plan": {"Plan": {"Node Type": "Aggregate", "Strategy": "Plain", "Startup Cost": 1344441.29, "Total Cost": 1344441.3, "Plan Rows": 1, "Plan Width": 53, "Actual Startup Time": 3796.361, "Actual Total Time": 3796.362, "Actual Rows": 1, "Actual Loops": 1, "Plans": [{"Node Type": "Hash Join", "Parent Relationship": "Outer", "Join Type": "Inner", "Startup Cost": 111887.26, "Total Cost": 1331842.98, "Plan Rows": 719903, "Plan Width": 37, "Actual Startup Time": 1803.595, "Actual Total Time": 3429.111, "Actual Rows": 772803, "Actual Loops": 1, "Inner Unique": true, "Hash Cond": "(lineitem.l_partkey = part.p_partkey), (LLVM Optimized, Jit Execute)", "Plans": [{"Node Type": "Bitmap Heap Scan", "Parent Relationship": "Outer", "Relation Name": "lineitem", "Alias": "lineitem", "Startup Cost": 24943.26, "Total Cost": 1235000.32, "Plan Rows": 719903, "Plan Width": 24, "Actual Startup Time": 421.807, "Actual Total Time": 1498.429, "Actual Rows": 772803, "Actual Loops": 1, "Recheck Cond": "((l_shipdate >= '1996-12-01 00:00:00'::timestamp(0) without time zone) AND (l_shipdate < '1997-01-01 00:00:00'::timestamp without time zone)), (LLVM Optimized, Jit Execute)", "Rows Removed by Index Recheck": 0, "Exact Heap Blocks": 437909, "Lossy Heap Blocks": 437909, "Plans": [{"Node Type": "Bitmap Index Scan", "Parent Relationship": "Outer", "Index Name": "idx_lineitem_shipdate", "Startup Cost": 0.0, "Total Cost": 24763.28, "Plan Rows": 719903, "Plan Width": 0, "Actual Startup Time": 257.652, "Actual Total Time": 257.652, "Actual Rows": 772803, "Actual Loops": 1, "Index Cond": "((l_shipdate >= '1996-12-01 00:00:00'::timestamp(0) without time zone) AND (l_shipdate < '1997-01-01 00:00:00'::timestamp without time zone))"}]}, {"Node Type": "Hash", "Parent Relationship": "Inner", "Startup Cost": 61944.0, "Total Cost": 61944.0, "Plan Rows": 2000000, "Plan Width": 29, "Actual Startup Time": 1380.419, "Actual Total Time": 1380.419, "Actual Rows": 2000000, "Actual Loops": 1, "Hash Buckets": 2097152, "Hash Batches": 1, "Original Hash Batches": 1, "Peak Memory Usage": 126040, "Plans": [{"Node Type": "Seq Scan", "Parent Relationship": "Outer", "Relation Name": "part", "Alias": "part", "Startup Cost": 0.0, "Total Cost": 61944.0, "Plan Rows": 2000000, "Plan Width": 29, "Actual Startup Time": 0.033, "Actual Total Time": 705.317, "Actual Rows": 2000000, "Actual Loops": 1}]}]}]}, "Triggers": [], "Planner Runtime": 0, "Total Runtime": 3810.947, "Unique SQL Id": 379939634}}, "(1, 3)": {"explain_plan": {"Plan": {"Node Type": "Aggregate", "Strategy": "Plain", "Startup Cost": 4357819.44, "Total Cost": 4357819.45, "Plan Rows": 1, "Plan Width": 53, "Plans": [{"Node Type": "Nested Loop", "Parent Relationship": "Outer", "Join Type": "Inner", "Startup Cost": 24943.55, "Total Cost": 4345221.13, "Plan Rows": 719903, "Plan Width": 37, "Inner Unique": true, "Plans": [{"Node Type": "Bitmap Heap Scan", "Parent Relationship": "Outer", "Relation Name": "lineitem", "Alias": "lineitem", "Startup Cost": 24943.26, "Total Cost": 1235000.32, "Plan Rows": 719903, "Plan Width": 24, "Recheck Cond": "((l_shipdate >= '1996-12-01 00:00:00'::timestamp(0) without time zone) AND (l_shipdate < '1997-01-01 00:00:00'::timestamp without time zone)), (LLVM Optimized)", "Plans": [{"Node Type": "Bitmap Index Scan", "Parent Relationship": "Outer", "Index Name": "idx_lineitem_shipdate", "Startup Cost": 0.0, "Total Cost": 24763.28, "Plan Rows": 719903, "Plan Width": 0, "Index Cond": "((l_shipdate >= '1996-12-01 00:00:00'::timestamp(0) without time zone) AND (l_shipdate < '1997-01-01 00:00:00'::timestamp without time zone))"}]}, {"Node Type": "Bitmap Heap Scan", "Parent Relationship": "Inner", "Relation Name": "part", "Alias": "part", "Startup Cost": 0.3, "Total Cost": 4.31, "Plan Rows": 1, "Plan Width": 29, "Recheck Cond": "(p_partkey = lineitem.l_partkey)", "Plans": [{"Node Type": "Bitmap Index Scan", "Parent Relationship": "Outer", "Index Name": "part_kpey", "Startup Cost": 0.0, "Total Cost": 0.3, "Plan Rows": 1, "Plan Width": 0, "Index Cond": "(p_partkey = lineitem.l_partkey)"}]}]}]}, "Unique SQL Id": 379939634, "Planner Runtime": 0}, "explain_analyze_plan": {"Plan": {"Node Type": "Aggregate", "Strategy": "Plain", "Startup Cost": 4357819.44, "Total Cost": 4357819.45, "Plan Rows": 1, "Plan Width": 53, "Actual Startup Time": 8304.191, "Actual Total Time": 8304.192, "Actual Rows": 1, "Actual Loops": 1, "Plans": [{"Node Type": "Nested Loop", "Parent Relationship": "Outer", "Join Type": "Inner", "Startup Cost": 24943.55, "Total Cost": 4345221.13, "Plan Rows": 719903, "Plan Width": 37, "Actual Startup Time": 424.918, "Actual Total Time": 7787.203, "Actual Rows": 772803, "Actual Loops": 1, "Inner Unique": true, "Plans": [{"Node Type": "Bitmap Heap Scan", "Parent Relationship": "Outer", "Relation Name": "lineitem", "Alias": "lineitem", "Startup Cost": 24943.26, "Total Cost": 1235000.32, "Plan Rows": 719903, "Plan Width": 24, "Actual Startup Time": 424.737, "Actual Total Time": 1608.02, "Actual Rows": 772803, "Actual Loops": 1, "Recheck Cond": "((l_shipdate >= '1996-12-01 00:00:00'::timestamp(0) without time zone) AND (l_shipdate < '1997-01-01 00:00:00'::timestamp without time zone)), (LLVM Optimized, Jit Execute)", "Rows Removed by Index Recheck": 0, "Exact Heap Blocks": 437909, "Lossy Heap Blocks": 437909, "Plans": [{"Node Type": "Bitmap Index Scan", "Parent Relationship": "Outer", "Index Name": "idx_lineitem_shipdate", "Startup Cost": 0.0, "Total Cost": 24763.28, "Plan Rows": 719903, "Plan Width": 0, "Actual Startup Time": 257.536, "Actual Total Time": 257.536, "Actual Rows": 772803, "Actual Loops": 1, "Index Cond": "((l_shipdate >= '1996-12-01 00:00:00'::timestamp(0) without time zone) AND (l_shipdate < '1997-01-01 00:00:00'::timestamp without time zone))"}]}, {"Node Type": "Bitmap Heap Scan", "Parent Relationship": "Inner", "Relation Name": "part", "Alias": "part", "Startup Cost": 0.3, "Total Cost": 4.31, "Plan Rows": 1, "Plan Width": 29, "Actual Startup Time": 5111.348, "Actual Total Time": 5111.348, "Actual Rows": 772803, "Actual Loops": 772803, "Recheck Cond": "(p_partkey = lineitem.l_partkey)", "Rows Removed by Index Recheck": 0, "Exact Heap Blocks": 772803, "Lossy Heap Blocks": 772803, "Plans": [{"Node Type": "Bitmap Index Scan", "Parent Relationship": "Outer", "Index Name": "part_kpey", "Startup Cost": 0.0, "Total Cost": 0.3, "Plan Rows": 1, "Plan Width": 0, "Actual Startup Time": 3133.071, "Actual Total Time": 3133.071, "Actual Rows": 772803, "Actual Loops": 772803, "Index Cond": "(p_partkey = lineitem.l_partkey)"}]}]}]}, "Triggers": [], "Planner Runtime": 0, "Total Runtime": 8315.455, "Unique SQL Id": 379939634}}, "(1, 4)": {"explain_plan": {"Plan": {"Node Type": "Aggregate", "Strategy": "Plain", "Startup Cost": 1344441.29, "Total Cost": 1344441.3, "Plan Rows": 1, "Plan Width": 53, "Plans": [{"Node Type": "Hash Join", "Parent Relationship": "Outer", "Join Type": "Inner", "Startup Cost": 111887.26, "Total Cost": 1331842.98, "Plan Rows": 719903, "Plan Width": 37, "Inner Unique": true, "Hash Cond": "(lineitem.l_partkey = part.p_partkey), (LLVM Optimized)", "Plans": [{"Node Type": "Bitmap Heap Scan", "Parent Relationship": "Outer", "Relation Name": "lineitem", "Alias": "lineitem", "Startup Cost": 24943.26, "Total Cost": 1235000.32, "Plan Rows": 719903, "Plan Width": 24, "Recheck Cond": "((l_shipdate >= '1996-12-01 00:00:00'::timestamp(0) without time zone) AND (l_shipdate < '1997-01-01 00:00:00'::timestamp without time zone)), (LLVM Optimized)", "Plans": [{"Node Type": "Bitmap Index Scan", "Parent Relationship": "Outer", "Index Name": "idx_lineitem_shipdate", "Startup Cost": 0.0, "Total Cost": 24763.28, "Plan Rows": 719903, "Plan Width": 0, "Index Cond": "((l_shipdate >= '1996-12-01 00:00:00'::timestamp(0) without time zone) AND (l_shipdate < '1997-01-01 00:00:00'::timestamp without time zone))"}]}, {"Node Type": "Hash", "Parent Relationship": "Inner", "Startup Cost": 61944.0, "Total Cost": 61944.0, "Plan Rows": 2000000, "Plan Width": 29, "Plans": [{"Node Type": "Seq Scan", "Parent Relationship": "Outer", "Relation Name": "part", "Alias": "part", "Startup Cost": 0.0, "Total Cost": 61944.0, "Plan Rows": 2000000, "Plan Width": 29}]}]}]}, "Unique SQL Id": 379939634, "Planner Runtime": 0}, "explain_analyze_plan": {"Plan": {"Node Type": "Aggregate", "Strategy": "Plain", "Startup Cost": 1344441.29, "Total Cost": 1344441.3, "Plan Rows": 1, "Plan Width": 53, "Actual Startup Time": 3796.361, "Actual Total Time": 3796.362, "Actual Rows": 1, "Actual Loops": 1, "Plans": [{"Node Type": "Hash Join", "Parent Relationship": "Outer", "Join Type": "Inner", "Startup Cost": 111887.26, "Total Cost": 1331842.98, "Plan Rows": 719903, "Plan Width": 37, "Actual Startup Time": 1803.595, "Actual Total Time": 3429.111, "Actual Rows": 772803, "Actual Loops": 1, "Inner Unique": true, "Hash Cond": "(lineitem.l_partkey = part.p_partkey), (LLVM Optimized, Jit Execute)", "Plans": [{"Node Type": "Bitmap Heap Scan", "Parent Relationship": "Outer", "Relation Name": "lineitem", "Alias": "lineitem", "Startup Cost": 24943.26, "Total Cost": 1235000.32, "Plan Rows": 719903, "Plan Width": 24, "Actual Startup Time": 421.807, "Actual Total Time": 1498.429, "Actual Rows": 772803, "Actual Loops": 1, "Recheck Cond": "((l_shipdate >= '1996-12-01 00:00:00'::timestamp(0) without time zone) AND (l_shipdate < '1997-01-01 00:00:00'::timestamp without time zone)), (LLVM Optimized, Jit Execute)", "Rows Removed by Index Recheck": 0, "Exact Heap Blocks": 437909, "Lossy Heap Blocks": 437909, "Plans": [{"Node Type": "Bitmap Index Scan", "Parent Relationship": "Outer", "Index Name": "idx_lineitem_shipdate", "Startup Cost": 0.0, "Total Cost": 24763.28, "Plan Rows": 719903, "Plan Width": 0, "Actual Startup Time": 257.652, "Actual Total Time": 257.652, "Actual Rows": 772803, "Actual Loops": 1, "Index Cond": "((l_shipdate >= '1996-12-01 00:00:00'::timestamp(0) without time zone) AND (l_shipdate < '1997-01-01 00:00:00'::timestamp without time zone))"}]}, {"Node Type": "Hash", "Parent Relationship": "Inner", "Startup Cost": 61944.0, "Total Cost": 61944.0, "Plan Rows": 2000000, "Plan Width": 29, "Actual Startup Time": 1380.419, "Actual Total Time": 1380.419, "Actual Rows": 2000000, "Actual Loops": 1, "Hash Buckets": 2097152, "Hash Batches": 1, "Original Hash Batches": 1, "Peak Memory Usage": 126040, "Plans": [{"Node Type": "Seq Scan", "Parent Relationship": "Outer", "Relation Name": "part", "Alias": "part", "Startup Cost": 0.0, "Total Cost": 61944.0, "Plan Rows": 2000000, "Plan Width": 29, "Actual Startup Time": 0.033, "Actual Total Time": 705.317, "Actual Rows": 2000000, "Actual Loops": 1}]}]}]}, "Triggers": [], "Planner Runtime": 0, "Total Runtime": 3810.947, "Unique SQL Id": 379939634}}, "(1, 5)": {"explain_plan": {"Plan": {"Node Type": "Aggregate", "Strategy": "Plain", "Startup Cost": 1383300.54, "Total Cost": 1383300.55, "Plan Rows": 1, "Plan Width": 53, "Plans": [{"Node Type": "Hash Join", "Parent Relationship": "Outer", "Join Type": "Inner", "Startup Cost": 150746.51, "Total Cost": 1370702.23, "Plan Rows": 719903, "Plan Width": 37, "Inner Unique": true, "Hash Cond": "(lineitem.l_partkey = part.p_partkey), (LLVM Optimized)", "Plans": [{"Node Type": "Bitmap Heap Scan", "Parent Relationship": "Outer", "Relation Name": "lineitem", "Alias": "lineitem", "Startup Cost": 24943.26, "Total Cost": 1235000.32, "Plan Rows": 719903, "Plan Width": 24, "Recheck Cond": "((l_shipdate >= '1996-12-01 00:00:00'::timestamp(0) without time zone) AND (l_shipdate < '1997-01-01 00:00:00'::timestamp without time zone)), (LLVM Optimized)", "Plans": [{"Node Type": "Bitmap Index Scan", "Parent Relationship": "Outer", "Index Name": "idx_lineitem_shipdate", "Startup Cost": 0.0, "Total Cost": 24763.28, "Plan Rows": 719903, "Plan Width": 0, "Index Cond": "((l_shipdate >= '1996-12-01 00:00:00'::timestamp(0) without time zone) AND (l_shipdate < '1997-01-01 00:00:00'::timestamp without time zone))"}]}, {"Node Type": "Hash", "Parent Relationship": "Inner", "Startup Cost": 100803.25, "Total Cost": 100803.25, "Plan Rows": 2000000, "Plan Width": 29, "Plans": [{"Node Type": "Index Scan", "Parent Relationship": "Outer", "Scan Direction": "Forward", "Index Name": "part_kpey", "Relation Name": "part", "Alias": "part", "Startup Cost": 0.0, "Total Cost": 100803.25, "Plan Rows": 2000000, "Plan Width": 29}]}]}]}, "Unique SQL Id": 379939634, "Planner Runtime": 0}, "explain_analyze_plan": {"Plan": {"Node Type": "Aggregate", "Strategy": "Plain", "Startup Cost": 1383300.54, "Total Cost": 1383300.55, "Plan Rows": 1, "Plan Width": 53, "Actual Startup Time": 4307.314, "Actual Total Time": 4307.315, "Actual Rows": 1, "Actual Loops": 1, "Plans": [{"Node Type": "Hash Join", "Parent Relationship": "Outer", "Join Type": "Inner", "Startup Cost": 150746.51, "Total Cost": 1370702.23, "Plan Rows": 719903, "Plan Width": 37, "Actual Startup Time": 2342.752, "Actual Total Time": 3936.71, "Actual Rows": 772803, "Actual Loops": 1, "Inner Unique": true, "Hash Cond": "(lineitem.l_partkey = part.p_partkey), (LLVM Optimized, Jit Execute)", "Plans": [{"Node Type": "Bitmap Heap Scan", "Parent Relationship": "Outer", "Relation Name": "lineitem", "Alias": "lineitem", "Startup Cost": 24943.26, "Total Cost": 1235000.32, "Plan Rows": 719903, "Plan Width": 24, "Actual Startup Time": 427.329, "Actual Total Time": 1482.453, "Actual Rows": 772803, "Actual Loops": 1, "Recheck Cond": "((l_shipdate >= '1996-12-01 00:00:00'::timestamp(0) without time zone) AND (l_shipdate < '1997-01-01 00:00:00'::timestamp without time zone)), (LLVM Optimized, Jit Execute)", "Rows Removed by Index Recheck": 0, "Exact Heap Blocks": 437909, "Lossy Heap Blocks": 437909, "Plans": [{"Node Type": "Bitmap Index Scan", "Parent Relationship": "Outer", "Index Name": "idx_lineitem_shipdate", "Startup Cost": 0.0, "Total Cost": 24763.28, "Plan Rows": 719903, "Plan Width": 0, "Actual Startup Time": 262.379, "Actual Total Time": 262.379, "Actual Rows": 772803, "Actual Loops": 1, "Index Cond": "((l_shipdate >= '1996-12-01 00:00:00'::timestamp(0) without time zone) AND (l_shipdate < '1997-01-01 00:00:00'::timestamp without time zone))"}]}, {"Node Type": "Hash", "Parent Relationship": "Inner", "Startup Cost": 100803.25, "Total Cost": 100803.25, "Plan Rows": 2000000, "Plan Width": 29, "Actual Startup Time": 1913.87, "Actual Total Time": 1913.87, "Actual Rows": 2000000, "Actual Loops": 1, "Hash Buckets": 2097152, "Hash Batches": 1, "Original Hash Batches": 1, "Peak Memory Usage": 126040, "Plans": [{"Node Type": "Index Scan", "Parent Relationship": "Outer", "Scan Direction": "Forward", "Index Name": "part_kpey", "Relation Name": "part", "Alias": "part", "Startup Cost": 0.0, "Total Cost": 100803.25, "Plan Rows": 2000000, "Plan Width": 29, "Actual Startup Time": 0.051, "Actual Total Time": 1248.752, "Actual Rows": 2000000, "Actual Loops": 1}]}]}]}, "Triggers": [], "Planner Runtime": 0, "Total Runtime": 4321.893, "Unique SQL Id": 379939634}}, "(1, 6)": {"explain_plan": {"Plan": {"Node Type": "Aggregate", "Strategy": "Plain", "Startup Cost": 1344441.29, "Total Cost": 1344441.3, "Plan Rows": 1, "Plan Width": 53, "Plans": [{"Node Type": "Hash Join", "Parent Relationship": "Outer", "Join Type": "Inner", "Startup Cost": 111887.26, "Total Cost": 1331842.98, "Plan Rows": 719903, "Plan Width": 37, "Inner Unique": true, "Hash Cond": "(lineitem.l_partkey = part.p_partkey), (LLVM Optimized)", "Plans": [{"Node Type": "Bitmap Heap Scan", "Parent Relationship": "Outer", "Relation Name": "lineitem", "Alias": "lineitem", "Startup Cost": 24943.26, "Total Cost": 1235000.32, "Plan Rows": 719903, "Plan Width": 24, "Recheck Cond": "((l_shipdate >= '1996-12-01 00:00:00'::timestamp(0) without time zone) AND (l_shipdate < '1997-01-01 00:00:00'::timestamp without time zone)), (LLVM Optimized)", "Plans": [{"Node Type": "Bitmap Index Scan", "Parent Relationship": "Outer", "Index Name": "idx_lineitem_shipdate", "Startup Cost": 0.0, "Total Cost": 24763.28, "Plan Rows": 719903, "Plan Width": 0, "Index Cond": "((l_shipdate >= '1996-12-01 00:00:00'::timestamp(0) without time zone) AND (l_shipdate < '1997-01-01 00:00:00'::timestamp without time zone))"}]}, {"Node Type": "Hash", "Parent Relationship": "Inner", "Startup Cost": 61944.0, "Total Cost": 61944.0, "Plan Rows": 2000000, "Plan Width": 29, "Plans": [{"Node Type": "Seq Scan", "Parent Relationship": "Outer", "Relation Name": "part", "Alias": "part", "Startup Cost": 0.0, "Total Cost": 61944.0, "Plan Rows": 2000000, "Plan Width": 29}]}]}]}, "Unique SQL Id": 379939634, "Planner Runtime": 0}, "explain_analyze_plan": {"Plan": {"Node Type": "Aggregate", "Strategy": "Plain", "Startup Cost": 1344441.29, "Total Cost": 1344441.3, "Plan Rows": 1, "Plan Width": 53, "Actual Startup Time": 3796.361, "Actual Total Time": 3796.362, "Actual Rows": 1, "Actual Loops": 1, "Plans": [{"Node Type": "Hash Join", "Parent Relationship": "Outer", "Join Type": "Inner", "Startup Cost": 111887.26, "Total Cost": 1331842.98, "Plan Rows": 719903, "Plan Width": 37, "Actual Startup Time": 1803.595, "Actual Total Time": 3429.111, "Actual Rows": 772803, "Actual Loops": 1, "Inner Unique": true, "Hash Cond": "(lineitem.l_partkey = part.p_partkey), (LLVM Optimized, Jit Execute)", "Plans": [{"Node Type": "Bitmap Heap Scan", "Parent Relationship": "Outer", "Relation Name": "lineitem", "Alias": "lineitem", "Startup Cost": 24943.26, "Total Cost": 1235000.32, "Plan Rows": 719903, "Plan Width": 24, "Actual Startup Time": 421.807, "Actual Total Time": 1498.429, "Actual Rows": 772803, "Actual Loops": 1, "Recheck Cond": "((l_shipdate >= '1996-12-01 00:00:00'::timestamp(0) without time zone) AND (l_shipdate < '1997-01-01 00:00:00'::timestamp without time zone)), (LLVM Optimized, Jit Execute)", "Rows Removed by Index Recheck": 0, "Exact Heap Blocks": 437909, "Lossy Heap Blocks": 437909, "Plans": [{"Node Type": "Bitmap Index Scan", "Parent Relationship": "Outer", "Index Name": "idx_lineitem_shipdate", "Startup Cost": 0.0, "Total Cost": 24763.28, "Plan Rows": 719903, "Plan Width": 0, "Actual Startup Time": 257.652, "Actual Total Time": 257.652, "Actual Rows": 772803, "Actual Loops": 1, "Index Cond": "((l_shipdate >= '1996-12-01 00:00:00'::timestamp(0) without time zone) AND (l_shipdate < '1997-01-01 00:00:00'::timestamp without time zone))"}]}, {"Node Type": "Hash", "Parent Relationship": "Inner", "Startup Cost": 61944.0, "Total Cost": 61944.0, "Plan Rows": 2000000, "Plan Width": 29, "Actual Startup Time": 1380.419, "Actual Total Time": 1380.419, "Actual Rows": 2000000, "Actual Loops": 1, "Hash Buckets": 2097152, "Hash Batches": 1, "Original Hash Batches": 1, "Peak Memory Usage": 126040, "Plans": [{"Node Type": "Seq Scan", "Parent Relationship": "Outer", "Relation Name": "part", "Alias": "part", "Startup Cost": 0.0, "Total Cost": 61944.0, "Plan Rows": 2000000, "Plan Width": 29, "Actual Startup Time": 0.033, "Actual Total Time": 705.317, "Actual Rows": 2000000, "Actual Loops": 1}]}]}]}, "Triggers": [], "Planner Runtime": 0, "Total Runtime": 3810.947, "Unique SQL Id": 379939634}}, "(1, 7)": {"explain_plan": {"Plan": {"Node Type": "Aggregate", "Strategy": "Plain", "Startup Cost": 4357819.44, "Total Cost": 4357819.45, "Plan Rows": 1, "Plan Width": 53, "Plans": [{"Node Type": "Nested Loop", "Parent Relationship": "Outer", "Join Type": "Inner", "Startup Cost": 24943.55, "Total Cost": 4345221.13, "Plan Rows": 719903, "Plan Width": 37, "Inner Unique": true, "Plans": [{"Node Type": "Bitmap Heap Scan", "Parent Relationship": "Outer", "Relation Name": "lineitem", "Alias": "lineitem", "Startup Cost": 24943.26, "Total Cost": 1235000.32, "Plan Rows": 719903, "Plan Width": 24, "Recheck Cond": "((l_shipdate >= '1996-12-01 00:00:00'::timestamp(0) without time zone) AND (l_shipdate < '1997-01-01 00:00:00'::timestamp without time zone)), (LLVM Optimized)", "Plans": [{"Node Type": "Bitmap Index Scan", "Parent Relationship": "Outer", "Index Name": "idx_lineitem_shipdate", "Startup Cost": 0.0, "Total Cost": 24763.28, "Plan Rows": 719903, "Plan Width": 0, "Index Cond": "((l_shipdate >= '1996-12-01 00:00:00'::timestamp(0) without time zone) AND (l_shipdate < '1997-01-01 00:00:00'::timestamp without time zone))"}]}, {"Node Type": "Bitmap Heap Scan", "Parent Relationship": "Inner", "Relation Name": "part", "Alias": "part", "Startup Cost": 0.3, "Total Cost": 4.31, "Plan Rows": 1, "Plan Width": 29, "Recheck Cond": "(p_partkey = lineitem.l_partkey)", "Plans": [{"Node Type": "Bitmap Index Scan", "Parent Relationship": "Outer", "Index Name": "part_kpey", "Startup Cost": 0.0, "Total Cost": 0.3, "Plan Rows": 1, "Plan Width": 0, "Index Cond": "(p_partkey = lineitem.l_partkey)"}]}]}]}, "Unique SQL Id": 379939634, "Planner Runtime": 0}, "explain_analyze_plan": {"Plan": {"Node Type": "Aggregate", "Strategy": "Plain", "Startup Cost": 4357819.44, "Total Cost": 4357819.45, "Plan Rows": 1, "Plan Width": 53, "Actual Startup Time": 8304.191, "Actual Total Time": 8304.192, "Actual Rows": 1, "Actual Loops": 1, "Plans": [{"Node Type": "Nested Loop", "Parent Relationship": "Outer", "Join Type": "Inner", "Startup Cost": 24943.55, "Total Cost": 4345221.13, "Plan Rows": 719903, "Plan Width": 37, "Actual Startup Time": 424.918, "Actual Total Time": 7787.203, "Actual Rows": 772803, "Actual Loops": 1, "Inner Unique": true, "Plans": [{"Node Type": "Bitmap Heap Scan", "Parent Relationship": "Outer", "Relation Name": "lineitem", "Alias": "lineitem", "Startup Cost": 24943.26, "Total Cost": 1235000.32, "Plan Rows": 719903, "Plan Width": 24, "Actual Startup Time": 424.737, "Actual Total Time": 1608.02, "Actual Rows": 772803, "Actual Loops": 1, "Recheck Cond": "((l_shipdate >= '1996-12-01 00:00:00'::timestamp(0) without time zone) AND (l_shipdate < '1997-01-01 00:00:00'::timestamp without time zone)), (LLVM Optimized, Jit Execute)", "Rows Removed by Index Recheck": 0, "Exact Heap Blocks": 437909, "Lossy Heap Blocks": 437909, "Plans": [{"Node Type": "Bitmap Index Scan", "Parent Relationship": "Outer", "Index Name": "idx_lineitem_shipdate", "Startup Cost": 0.0, "Total Cost": 24763.28, "Plan Rows": 719903, "Plan Width": 0, "Actual Startup Time": 257.536, "Actual Total Time": 257.536, "Actual Rows": 772803, "Actual Loops": 1, "Index Cond": "((l_shipdate >= '1996-12-01 00:00:00'::timestamp(0) without time zone) AND (l_shipdate < '1997-01-01 00:00:00'::timestamp without time zone))"}]}, {"Node Type": "Bitmap Heap Scan", "Parent Relationship": "Inner", "Relation Name": "part", "Alias": "part", "Startup Cost": 0.3, "Total Cost": 4.31, "Plan Rows": 1, "Plan Width": 29, "Actual Startup Time": 5111.348, "Actual Total Time": 5111.348, "Actual Rows": 772803, "Actual Loops": 772803, "Recheck Cond": "(p_partkey = lineitem.l_partkey)", "Rows Removed by Index Recheck": 0, "Exact Heap Blocks": 772803, "Lossy Heap Blocks": 772803, "Plans": [{"Node Type": "Bitmap Index Scan", "Parent Relationship": "Outer", "Index Name": "part_kpey", "Startup Cost": 0.0, "Total Cost": 0.3, "Plan Rows": 1, "Plan Width": 0, "Actual Startup Time": 3133.071, "Actual Total Time": 3133.071, "Actual Rows": 772803, "Actual Loops": 772803, "Index Cond": "(p_partkey = lineitem.l_partkey)"}]}]}]}, "Triggers": [], "Planner Runtime": 0, "Total Runtime": 8315.455, "Unique SQL Id": 379939634}}, "(1, 8)": {"explain_plan": {"Plan": {"Node Type": "Aggregate", "Strategy": "Plain", "Startup Cost": 2437127.27, "Total Cost": 2437127.29, "Plan Rows": 1, "Plan Width": 53, "Plans": [{"Node Type": "Hash Join", "Parent Relationship": "Outer", "Join Type": "Inner", "Startup Cost": 86944.0, "Total Cost": 2424528.97, "Plan Rows": 719903, "Plan Width": 37, "Inner Unique": true, "Hash Cond": "(lineitem.l_partkey = part.p_partkey), (LLVM Optimized)", "Plans": [{"Node Type": "Index Scan", "Parent Relationship": "Outer", "Scan Direction": "Forward", "Index Name": "idx_lineitem_shipdate", "Relation Name": "lineitem", "Alias": "lineitem", "Startup Cost": 0.0, "Total Cost": 2327686.3, "Plan Rows": 719903, "Plan Width": 24, "Index Cond": "((l_shipdate >= '1996-12-01 00:00:00'::timestamp(0) without time zone) AND (l_shipdate < '1997-01-01 00:00:00'::timestamp without time zone)), (LLVM Optimized)"}, {"Node Type": "Hash", "Parent Relationship": "Inner", "Startup Cost": 61944.0, "Total Cost": 61944.0, "Plan Rows": 2000000, "Plan Width": 29, "Plans": [{"Node Type": "Seq Scan", "Parent Relationship": "Outer", "Relation Name": "part", "Alias": "part", "Startup Cost": 0.0, "Total Cost": 61944.0, "Plan Rows": 2000000, "Plan Width": 29}]}]}]}, "Unique SQL Id": 379939634, "Planner Runtime": 0}, "explain_analyze_plan": {"Plan": {"Node Type": "Aggregate", "Strategy": "Plain", "Startup Cost": 2437127.27, "Total Cost": 2437127.29, "Plan Rows": 1, "Plan Width": 53, "Actual Startup Time": 4092.206, "Actual Total Time": 4092.207, "Actual Rows": 1, "Actual Loops": 1, "Plans": [{"Node Type": "Hash Join", "Parent Relationship": "Outer", "Join Type": "Inner", "Startup Cost": 86944.0, "Total Cost": 2424528.97, "Plan Rows": 719903, "Plan Width": 37, "Actual Startup Time": 1348.184, "Actual Total Time": 3703.872, "Actual Rows": 772803, "Actual Loops": 1, "Inner Unique": true, "Hash Cond": "(lineitem.l_partkey = part.p_partkey), (LLVM Optimized, Jit Execute)", "Plans": [{"Node Type": "Index Scan", "Parent Relationship": "Outer", "Scan Direction": "Forward", "Index Name": "idx_lineitem_shipdate", "Relation Name": "lineitem", "Alias": "lineitem", "Startup Cost": 0.0, "Total Cost": 2327686.3, "Plan Rows": 719903, "Plan Width": 24, "Actual Startup Time": 0.028, "Actual Total Time": 1733.634, "Actual Rows": 772803, "Actual Loops": 1, "Index Cond": "((l_shipdate >= '1996-12-01 00:00:00'::timestamp(0) without time zone) AND (l_shipdate < '1997-01-01 00:00:00'::timestamp without time zone)), (LLVM Optimized, Jit Execute)", "Rows Removed by Index Recheck": 0}, {"Node Type": "Hash", "Parent Relationship": "Inner", "Startup Cost": 61944.0, "Total Cost": 61944.0, "Plan Rows": 2000000, "Plan Width": 29, "Actual Startup Time": 1346.859, "Actual Total Time": 1346.859, "Actual Rows": 2000000, "Actual Loops": 1, "Hash Buckets": 2097152, "Hash Batches": 1, "Original Hash Batches": 1, "Peak Memory Usage": 126040, "Plans": [{"Node Type": "Seq Scan", "Parent Relationship": "Outer", "Relation Name": "part", "Alias": "part", "Startup Cost": 0.0, "Total Cost": 61944.0, "Plan Rows": 2000000, "Plan Width": 29, "Actual Startup Time": 0.02, "Actual Total Time": 704.049, "Actual Rows": 2000000, "Actual Loops": 1}]}]}]}, "Triggers": [], "Planner Runtime": 0, "Total Runtime": 4106.07, "Unique SQL Id": 379939634}}, "(1, 9)": {"explain_plan": {"Plan": {"Node Type": "Aggregate", "Strategy": "Plain", "Startup Cost": 2475986.52, "Total Cost": 2475986.54, "Plan Rows": 1, "Plan Width": 53, "Plans": [{"Node Type": "Hash Join", "Parent Relationship": "Outer", "Join Type": "Inner", "Startup Cost": 125803.25, "Total Cost": 2463388.22, "Plan Rows": 719903, "Plan Width": 37, "Inner Unique": true, "Hash Cond": "(lineitem.l_partkey = part.p_partkey), (LLVM Optimized)", "Plans": [{"Node Type": "Index Scan", "Parent Relationship": "Outer", "Scan Direction": "Forward", "Index Name": "idx_lineitem_shipdate", "Relation Name": "lineitem", "Alias": "lineitem", "Startup Cost": 0.0, "Total Cost": 2327686.3, "Plan Rows": 719903, "Plan Width": 24, "Index Cond": "((l_shipdate >= '1996-12-01 00:00:00'::timestamp(0) without time zone) AND (l_shipdate < '1997-01-01 00:00:00'::timestamp without time zone)), (LLVM Optimized)"}, {"Node Type": "Hash", "Parent Relationship": "Inner", "Startup Cost": 100803.25, "Total Cost": 100803.25, "Plan Rows": 2000000, "Plan Width": 29, "Plans": [{"Node Type": "Index Scan", "Parent Relationship": "Outer", "Scan Direction": "Forward", "Index Name": "part_kpey", "Relation Name": "part", "Alias": "part", "Startup Cost": 0.0, "Total Cost": 100803.25, "Plan Rows": 2000000, "Plan Width": 29}]}]}]}, "Unique SQL Id": 379939634, "Planner Runtime": 0}, "explain_analyze_plan": {"Plan": {"Node Type": "Aggregate", "Strategy": "Plain", "Startup Cost": 2475986.52, "Total Cost": 2475986.54, "Plan Rows": 1, "Plan Width": 53, "Actual Startup Time": 5395.543, "Actual Total Time": 5395.544, "Actual Rows": 1, "Actual Loops": 1, "Plans": [{"Node Type": "Hash Join", "Parent Relationship": "Outer", "Join Type": "Inner", "Startup Cost": 125803.25, "Total Cost": 2463388.22, "Plan Rows": 719903, "Plan Width": 37, "Actual Startup Time": 2082.35, "Actual Total Time": 5006.935, "Actual Rows": 772803, "Actual Loops": 1, "Inner Unique": true, "Hash Cond": "(lineitem.l_partkey = part.p_partkey), (LLVM Optimized, Jit Execute)", "Plans": [{"Node Type": "Index Scan", "Parent Relationship": "Outer", "Scan Direction": "Forward", "Index Name": "idx_lineitem_shipdate", "Relation Name": "lineitem", "Alias": "lineitem", "Startup Cost": 0.0, "Total Cost": 2327686.3, "Plan Rows": 719903, "Plan Width": 24, "Actual Startup Time": 0.027, "Actual Total Time": 2159.076, "Actual Rows": 772803, "Actual Loops": 1, "Index Cond": "((l_shipdate >= '1996-12-01 00:00:00'::timestamp(0) without time zone) AND (l_shipdate < '1997-01-01 00:00:00'::timestamp without time zone)), (LLVM Optimized, Jit Execute)", "Rows Removed by Index Recheck": 0}, {"Node Type": "Hash", "Parent Relationship": "Inner", "Startup Cost": 100803.25, "Total Cost": 100803.25, "Plan Rows": 2000000, "Plan Width": 29, "Actual Startup Time": 2081.053, "Actual Total Time": 2081.053, "Actual Rows": 2000000, "Actual Loops": 1, "Hash Buckets": 2097152, "Hash Batches": 1, "Original Hash Batches": 1, "Peak Memory Usage": 126040, "Plans": [{"Node Type": "Index Scan", "Parent Relationship": "Outer", "Scan Direction": "Forward", "Index Name": "part_kpey", "Relation Name": "part", "Alias": "part", "Startup Cost": 0.0, "Total Cost": 100803.25, "Plan Rows": 2000000, "Plan Width": 29, "Actual Startup Time": 0.027, "Actual Total Time": 1262.5, "Actual Rows": 2000000, "Actual Loops": 1}]}]}]}, "Triggers": [], "Planner Runtime": 0, "Total Runtime": 5409.339, "Unique SQL Id": 379939634}}, "(1, 10)": {"explain_plan": {"Plan": {"Node Type": "Aggregate", "Strategy": "Plain", "Startup Cost": 2424491.46, "Total Cost": 2424491.48, "Plan Rows": 1, "Plan Width": 53, "Plans": [{"Node Type": "Hash Join", "Parent Relationship": "Outer", "Join Type": "Inner", "Startup Cost": 86988.59, "Total Cost": 2411893.16, "Plan Rows": 719903, "Plan Width": 37, "Inner Unique": true, "Hash Cond": "(lineitem.l_partkey = part.p_partkey), (LLVM Optimized)", "Plans": [{"Node Type": "Seq Scan", "Parent Relationship": "Outer", "Relation Name": "lineitem", "Alias": "lineitem", "Startup Cost": 44.59, "Total Cost": 2315050.5, "Plan Rows": 719903, "Plan Width": 24, "Filter": "((l_shipdate >= '1996-12-01 00:00:00'::timestamp(0) without time zone) AND (l_shipdate < '1997-01-01 00:00:00'::timestamp without time zone)), (LLVM Optimized)"}, {"Node Type": "Hash", "Parent Relationship": "Inner", "Startup Cost": 61944.0, "Total Cost": 61944.0, "Plan Rows": 2000000, "Plan Width": 29, "Plans": [{"Node Type": "Seq Scan", "Parent Relationship": "Outer", "Relation Name": "part", "Alias": "part", "Startup Cost": 0.0, "Total Cost": 61944.0, "Plan Rows": 2000000, "Plan Width": 29}]}]}]}, "Unique SQL Id": 379939634, "Planner Runtime": 0}, "explain_analyze_plan": null}, "(1, 11)": {"explain_plan": {"Plan": {"Node Type": "Aggregate", "Strategy": "Plain", "Startup Cost": 2000799156591.82, "Total Cost": 2000799156591.84, "Plan Rows": 1, "Plan Width": 53, "Plans": [{"Node Type": "Merge Join", "Parent Relationship": "Outer", "Join Type": "Inner", "Startup Cost": 20044550453.84, "Total Cost": 2000799143993.52, "Plan Rows": 719903, "Plan Width": 37, "Inner Unique": true, "Merge Cond": "(lineitem.l_partkey = part.p_partkey)", "Plans": [{"Node Type": "Index Scan", "Parent Relationship": "Outer", "Scan Direction": "Forward", "Index Name": "idx_lineitem_part_supp", "Relation Name": "lineitem", "Alias": "lineitem", "Startup Cost": 10000000000.0, "Total Cost": 1000805384836.14, "Plan Rows": 719903, "Plan Width": 24, "Filter": "((l_shipdate >= '1996-12-01 00:00:00'::timestamp(0) without time zone) AND (l_shipdate < '1997-01-01 00:00:00'::timestamp without time zone)), (LLVM Optimized)"}, {"Node Type": "Index Scan", "Parent Relationship": "Inner", "Scan Direction": "Forward", "Index Name": "part_kpey", "Relation Name": "part", "Alias": "part", "Startup Cost": 10000000000.0, "Total Cost": 1000010080325.0, "Plan Rows": 2000000, "Plan Width": 29}]}]}, "Unique SQL Id": 379939634, "Planner Runtime": 0}, "explain_analyze_plan": null}, "(1, 12)": {"explain_plan": {"Plan": {"Node Type": "Aggregate", "Strategy": "Plain", "Startup Cost": 2437127.27, "Total Cost": 2437127.29, "Plan Rows": 1, "Plan Width": 53, "Plans": [{"Node Type": "Hash Join", "Parent Relationship": "Outer", "Join Type": "Inner", "Startup Cost": 86944.0, "Total Cost": 2424528.97, "Plan Rows": 719903, "Plan Width": 37, "Inner Unique": true, "Hash Cond": "(lineitem.l_partkey = part.p_partkey), (LLVM Optimized)", "Plans": [{"Node Type": "Index Scan", "Parent Relationship": "Outer", "Scan Direction": "Forward", "Index Name": "idx_lineitem_shipdate", "Relation Name": "lineitem", "Alias": "lineitem", "Startup Cost": 0.0, "Total Cost": 2327686.3, "Plan Rows": 719903, "Plan Width": 24, "Index Cond": "((l_shipdate >= '1996-12-01 00:00:00'::timestamp(0) without time zone) AND (l_shipdate < '1997-01-01 00:00:00'::timestamp without time zone)), (LLVM Optimized)"}, {"Node Type": "Hash", "Parent Relationship": "Inner", "Startup Cost": 61944.0, "Total Cost": 61944.0, "Plan Rows": 2000000, "Plan Width": 29, "Plans": [{"Node Type": "Seq Scan", "Parent Relationship": "Outer", "Relation Name": "part", "Alias": "part", "Startup Cost": 0.0, "Total Cost": 61944.0, "Plan Rows": 2000000, "Plan Width": 29}]}]}]}, "Unique SQL Id": 379939634, "Planner Runtime": 0}, "explain_analyze_plan": {"Plan": {"Node Type": "Aggregate", "Strategy": "Plain", "Startup Cost": 2437127.27, "Total Cost": 2437127.29, "Plan Rows": 1, "Plan Width": 53, "Actual Startup Time": 4092.206, "Actual Total Time": 4092.207, "Actual Rows": 1, "Actual Loops": 1, "Plans": [{"Node Type": "Hash Join", "Parent Relationship": "Outer", "Join Type": "Inner", "Startup Cost": 86944.0, "Total Cost": 2424528.97, "Plan Rows": 719903, "Plan Width": 37, "Actual Startup Time": 1348.184, "Actual Total Time": 3703.872, "Actual Rows": 772803, "Actual Loops": 1, "Inner Unique": true, "Hash Cond": "(lineitem.l_partkey = part.p_partkey), (LLVM Optimized, Jit Execute)", "Plans": [{"Node Type": "Index Scan", "Parent Relationship": "Outer", "Scan Direction": "Forward", "Index Name": "idx_lineitem_shipdate", "Relation Name": "lineitem", "Alias": "lineitem", "Startup Cost": 0.0, "Total Cost": 2327686.3, "Plan Rows": 719903, "Plan Width": 24, "Actual Startup Time": 0.028, "Actual Total Time": 1733.634, "Actual Rows": 772803, "Actual Loops": 1, "Index Cond": "((l_shipdate >= '1996-12-01 00:00:00'::timestamp(0) without time zone) AND (l_shipdate < '1997-01-01 00:00:00'::timestamp without time zone)), (LLVM Optimized, Jit Execute)", "Rows Removed by Index Recheck": 0}, {"Node Type": "Hash", "Parent Relationship": "Inner", "Startup Cost": 61944.0, "Total Cost": 61944.0, "Plan Rows": 2000000, "Plan Width": 29, "Actual Startup Time": 1346.859, "Actual Total Time": 1346.859, "Actual Rows": 2000000, "Actual Loops": 1, "Hash Buckets": 2097152, "Hash Batches": 1, "Original Hash Batches": 1, "Peak Memory Usage": 126040, "Plans": [{"Node Type": "Seq Scan", "Parent Relationship": "Outer", "Relation Name": "part", "Alias": "part", "Startup Cost": 0.0, "Total Cost": 61944.0, "Plan Rows": 2000000, "Plan Width": 29, "Actual Startup Time": 0.02, "Actual Total Time": 704.049, "Actual Rows": 2000000, "Actual Loops": 1}]}]}]}, "Triggers": [], "Planner Runtime": 0, "Total Runtime": 4106.07, "Unique SQL Id": 379939634}}, "(1, 13)": {"explain_plan": {"Plan": {"Node Type": "Aggregate", "Strategy": "Plain", "Startup Cost": 2475986.52, "Total Cost": 2475986.54, "Plan Rows": 1, "Plan Width": 53, "Plans": [{"Node Type": "Hash Join", "Parent Relationship": "Outer", "Join Type": "Inner", "Startup Cost": 125803.25, "Total Cost": 2463388.22, "Plan Rows": 719903, "Plan Width": 37, "Inner Unique": true, "Hash Cond": "(lineitem.l_partkey = part.p_partkey), (LLVM Optimized)", "Plans": [{"Node Type": "Index Scan", "Parent Relationship": "Outer", "Scan Direction": "Forward", "Index Name": "idx_lineitem_shipdate", "Relation Name": "lineitem", "Alias": "lineitem", "Startup Cost": 0.0, "Total Cost": 2327686.3, "Plan Rows": 719903, "Plan Width": 24, "Index Cond": "((l_shipdate >= '1996-12-01 00:00:00'::timestamp(0) without time zone) AND (l_shipdate < '1997-01-01 00:00:00'::timestamp without time zone)), (LLVM Optimized)"}, {"Node Type": "Hash", "Parent Relationship": "Inner", "Startup Cost": 100803.25, "Total Cost": 100803.25, "Plan Rows": 2000000, "Plan Width": 29, "Plans": [{"Node Type": "Index Scan", "Parent Relationship": "Outer", "Scan Direction": "Forward", "Index Name": "part_kpey", "Relation Name": "part", "Alias": "part", "Startup Cost": 0.0, "Total Cost": 100803.25, "Plan Rows": 2000000, "Plan Width": 29}]}]}]}, "Unique SQL Id": 379939634, "Planner Runtime": 0}, "explain_analyze_plan": {"Plan": {"Node Type": "Aggregate", "Strategy": "Plain", "Startup Cost": 2475986.52, "Total Cost": 2475986.54, "Plan Rows": 1, "Plan Width": 53, "Actual Startup Time": 5395.543, "Actual Total Time": 5395.544, "Actual Rows": 1, "Actual Loops": 1, "Plans": [{"Node Type": "Hash Join", "Parent Relationship": "Outer", "Join Type": "Inner", "Startup Cost": 125803.25, "Total Cost": 2463388.22, "Plan Rows": 719903, "Plan Width": 37, "Actual Startup Time": 2082.35, "Actual Total Time": 5006.935, "Actual Rows": 772803, "Actual Loops": 1, "Inner Unique": true, "Hash Cond": "(lineitem.l_partkey = part.p_partkey), (LLVM Optimized, Jit Execute)", "Plans": [{"Node Type": "Index Scan", "Parent Relationship": "Outer", "Scan Direction": "Forward", "Index Name": "idx_lineitem_shipdate", "Relation Name": "lineitem", "Alias": "lineitem", "Startup Cost": 0.0, "Total Cost": 2327686.3, "Plan Rows": 719903, "Plan Width": 24, "Actual Startup Time": 0.027, "Actual Total Time": 2159.076, "Actual Rows": 772803, "Actual Loops": 1, "Index Cond": "((l_shipdate >= '1996-12-01 00:00:00'::timestamp(0) without time zone) AND (l_shipdate < '1997-01-01 00:00:00'::timestamp without time zone)), (LLVM Optimized, Jit Execute)", "Rows Removed by Index Recheck": 0}, {"Node Type": "Hash", "Parent Relationship": "Inner", "Startup Cost": 100803.25, "Total Cost": 100803.25, "Plan Rows": 2000000, "Plan Width": 29, "Actual Startup Time": 2081.053, "Actual Total Time": 2081.053, "Actual Rows": 2000000, "Actual Loops": 1, "Hash Buckets": 2097152, "Hash Batches": 1, "Original Hash Batches": 1, "Peak Memory Usage": 126040, "Plans": [{"Node Type": "Index Scan", "Parent Relationship": "Outer", "Scan Direction": "Forward", "Index Name": "part_kpey", "Relation Name": "part", "Alias": "part", "Startup Cost": 0.0, "Total Cost": 100803.25, "Plan Rows": 2000000, "Plan Width": 29, "Actual Startup Time": 0.027, "Actual Total Time": 1262.5, "Actual Rows": 2000000, "Actual Loops": 1}]}]}]}, "Triggers": [], "Planner Runtime": 0, "Total Runtime": 5409.339, "Unique SQL Id": 379939634}}, "(1, 14)": {"explain_plan": {"Plan": {"Node Type": "Aggregate", "Strategy": "Plain", "Startup Cost": 2424491.46, "Total Cost": 2424491.48, "Plan Rows": 1, "Plan Width": 53, "Plans": [{"Node Type": "Hash Join", "Parent Relationship": "Outer", "Join Type": "Inner", "Startup Cost": 86988.59, "Total Cost": 2411893.16, "Plan Rows": 719903, "Plan Width": 37, "Inner Unique": true, "Hash Cond": "(lineitem.l_partkey = part.p_partkey), (LLVM Optimized)", "Plans": [{"Node Type": "Seq Scan", "Parent Relationship": "Outer", "Relation Name": "lineitem", "Alias": "lineitem", "Startup Cost": 44.59, "Total Cost": 2315050.5, "Plan Rows": 719903, "Plan Width": 24, "Filter": "((l_shipdate >= '1996-12-01 00:00:00'::timestamp(0) without time zone) AND (l_shipdate < '1997-01-01 00:00:00'::timestamp without time zone)), (LLVM Optimized)"}, {"Node Type": "Hash", "Parent Relationship": "Inner", "Startup Cost": 61944.0, "Total Cost": 61944.0, "Plan Rows": 2000000, "Plan Width": 29, "Plans": [{"Node Type": "Seq Scan", "Parent Relationship": "Outer", "Relation Name": "part", "Alias": "part", "Startup Cost": 0.0, "Total Cost": 61944.0, "Plan Rows": 2000000, "Plan Width": 29}]}]}]}, "Unique SQL Id": 379939634, "Planner Runtime": 0}, "explain_analyze_plan": null}, "(1, 15)": {"explain_plan": {"Plan": {"Node Type": "Aggregate", "Strategy": "Plain", "Startup Cost": 2000799156591.82, "Total Cost": 2000799156591.84, "Plan Rows": 1, "Plan Width": 53, "Plans": [{"Node Type": "Merge Join", "Parent Relationship": "Outer", "Join Type": "Inner", "Startup Cost": 20044550453.84, "Total Cost": 2000799143993.52, "Plan Rows": 719903, "Plan Width": 37, "Inner Unique": true, "Merge Cond": "(lineitem.l_partkey = part.p_partkey)", "Plans": [{"Node Type": "Index Scan", "Parent Relationship": "Outer", "Scan Direction": "Forward", "Index Name": "idx_lineitem_part_supp", "Relation Name": "lineitem", "Alias": "lineitem", "Startup Cost": 10000000000.0, "Total Cost": 1000805384836.14, "Plan Rows": 719903, "Plan Width": 24, "Filter": "((l_shipdate >= '1996-12-01 00:00:00'::timestamp(0) without time zone) AND (l_shipdate < '1997-01-01 00:00:00'::timestamp without time zone)), (LLVM Optimized)"}, {"Node Type": "Index Scan", "Parent Relationship": "Inner", "Scan Direction": "Forward", "Index Name": "part_kpey", "Relation Name": "part", "Alias": "part", "Startup Cost": 10000000000.0, "Total Cost": 1000010080325.0, "Plan Rows": 2000000, "Plan Width": 29}]}]}, "Unique SQL Id": 379939634, "Planner Runtime": 0}, "explain_analyze_plan": null}, "(1, 16)": {"explain_plan": {"Plan": {"Node Type": "Aggregate", "Strategy": "Plain", "Startup Cost": 1434236.03, "Total Cost": 1434236.04, "Plan Rows": 1, "Plan Width": 53, "Plans": [{"Node Type": "Merge Join", "Parent Relationship": "Outer", "Join Type": "Inner", "Startup Cost": 1305042.44, "Total Cost": 1421637.72, "Plan Rows": 719903, "Plan Width": 37, "Inner Unique": false, "Merge Cond": "(part.p_partkey = lineitem.l_partkey)", "Plans": [{"Node Type": "Index Scan", "Parent Relationship": "Outer", "Scan Direction": "Forward", "Index Name": "part_kpey", "Relation Name": "part", "Alias": "part", "Startup Cost": 0.0, "Total Cost": 100803.25, "Plan Rows": 2000000, "Plan Width": 29}, {"Node Type": "Sort", "Parent Relationship": "Inner", "Startup Cost": 1305037.68, "Total Cost": 1306837.43, "Plan Rows": 719903, "Plan Width": 24, "Sort Key": ["lineitem.l_partkey"], "Plans": [{"Node Type": "Bitmap Heap Scan", "Parent Relationship": "Outer", "Relation Name": "lineitem", "Alias": "lineitem", "Startup Cost": 24943.26, "Total Cost": 1235000.32, "Plan Rows": 719903, "Plan Width": 24, "Recheck Cond": "((l_shipdate >= '1996-12-01 00:00:00'::timestamp(0) without time zone) AND (l_shipdate < '1997-01-01 00:00:00'::timestamp without time zone)), (LLVM Optimized)", "Plans": [{"Node Type": "Bitmap Index Scan", "Parent Relationship": "Outer", "Index Name": "idx_lineitem_shipdate", "Startup Cost": 0.0, "Total Cost": 24763.28, "Plan Rows": 719903, "Plan Width": 0, "Index Cond": "((l_shipdate >= '1996-12-01 00:00:00'::timestamp(0) without time zone) AND (l_shipdate < '1997-01-01 00:00:00'::timestamp without time zone))"}]}]}]}]}, "Unique SQL Id": 379939634, "Planner Runtime": 0}, "explain_analyze_plan": {"Plan": {"Node Type": "Aggregate", "Strategy": "Plain", "Startup Cost": 1434236.03, "Total Cost": 1434236.04, "Plan Rows": 1, "Plan Width": 53, "Actual Startup Time": 4205.31, "Actual Total Time": 4205.31, "Actual Rows": 1, "Actual Loops": 1, "Plans": [{"Node Type": "Merge Join", "Parent Relationship": "Outer", "Join Type": "Inner", "Startup Cost": 1305042.44, "Total Cost": 1421637.72, "Plan Rows": 719903, "Plan Width": 37, "Actual Startup Time": 1829.825, "Actual Total Time": 3818.383, "Actual Rows": 772803, "Actual Loops": 1, "Inner Unique": false, "Merge Cond": "(part.p_partkey = lineitem.l_partkey)", "Plans": [{"Node Type": "Index Scan", "Parent Relationship": "Outer", "Scan Direction": "Forward", "Index Name": "part_kpey", "Relation Name": "part", "Alias": "part", "Startup Cost": 0.0, "Total Cost": 100803.25, "Plan Rows": 2000000, "Plan Width": 29, "Actual Startup Time": 0.029, "Actual Total Time": 1159.887, "Actual Rows": 2000000, "Actual Loops": 1}, {"Node Type": "Sort", "Parent Relationship": "Inner", "Startup Cost": 1305037.68, "Total Cost": 1306837.43, "Plan Rows": 719903, "Plan Width": 24, "Actual Startup Time": 1829.759, "Actual Total Time": 2022.568, "Actual Rows": 772803, "Actual Loops": 1, "Sort Key": ["lineitem.l_partkey"], "Sort Method": "quicksort", "Sort Space Used": 97027, "Sort Space Type": "Memory", "Plans": [{"Node Type": "Bitmap Heap Scan", "Parent Relationship": "Outer", "Relation Name": "lineitem", "Alias": "lineitem", "Startup Cost": 24943.26, "Total Cost": 1235000.32, "Plan Rows": 719903, "Plan Width": 24, "Actual Startup Time": 422.8, "Actual Total Time": 1502.302, "Actual Rows": 772803, "Actual Loops": 1, "Recheck Cond": "((l_shipdate >= '1996-12-01 00:00:00'::timestamp(0) without time zone) AND (l_shipdate < '1997-01-01 00:00:00'::timestamp without time zone)), (LLVM Optimized, Jit Execute)", "Rows Removed by Index Recheck": 0, "Exact Heap Blocks": 437909, "Lossy Heap Blocks": 437909, "Plans": [{"Node Type": "Bitmap Index Scan", "Parent Relationship": "Outer", "Index Name": "idx_lineitem_shipdate", "Startup Cost": 0.0, "Total Cost": 24763.28, "Plan Rows": 719903, "Plan Width": 0, "Actual Startup Time": 257.006, "Actual Total Time": 257.006, "Actual Rows": 772803, "Actual Loops": 1, "Index Cond": "((l_shipdate >= '1996-12-01 00:00:00'::timestamp(0) without time zone) AND (l_shipdate < '1997-01-01 00:00:00'::timestamp without time zone))"}]}]}]}]}, "Triggers": [], "Planner Runtime": 0, "Total Runtime": 4216.436, "Unique SQL Id": 379939634}}, "(1, 17)": {"explain_plan": {"Plan": {"Node Type": "Aggregate", "Strategy": "Plain", "Startup Cost": 1434236.03, "Total Cost": 1434236.04, "Plan Rows": 1, "Plan Width": 53, "Plans": [{"Node Type": "Merge Join", "Parent Relationship": "Outer", "Join Type": "Inner", "Startup Cost": 1305042.44, "Total Cost": 1421637.72, "Plan Rows": 719903, "Plan Width": 37, "Inner Unique": true, "Merge Cond": "(lineitem.l_partkey = part.p_partkey)", "Plans": [{"Node Type": "Sort", "Parent Relationship": "Outer", "Startup Cost": 1305037.68, "Total Cost": 1306837.43, "Plan Rows": 719903, "Plan Width": 24, "Sort Key": ["lineitem.l_partkey"], "Plans": [{"Node Type": "Bitmap Heap Scan", "Parent Relationship": "Outer", "Relation Name": "lineitem", "Alias": "lineitem", "Startup Cost": 24943.26, "Total Cost": 1235000.32, "Plan Rows": 719903, "Plan Width": 24, "Recheck Cond": "((l_shipdate >= '1996-12-01 00:00:00'::timestamp(0) without time zone) AND (l_shipdate < '1997-01-01 00:00:00'::timestamp without time zone)), (LLVM Optimized)", "Plans": [{"Node Type": "Bitmap Index Scan", "Parent Relationship": "Outer", "Index Name": "idx_lineitem_shipdate", "Startup Cost": 0.0, "Total Cost": 24763.28, "Plan Rows": 719903, "Plan Width": 0, "Index Cond": "((l_shipdate >= '1996-12-01 00:00:00'::timestamp(0) without time zone) AND (l_shipdate < '1997-01-01 00:00:00'::timestamp without time zone))"}]}]}, {"Node Type": "Index Scan", "Parent Relationship": "Inner", "Scan Direction": "Forward", "Index Name": "part_kpey", "Relation Name": "part", "Alias": "part", "Startup Cost": 0.0, "Total Cost": 100803.25, "Plan Rows": 2000000, "Plan Width": 29}]}]}, "Unique SQL Id": 379939634, "Planner Runtime": 0}, "explain_analyze_plan": {"Plan": {"Node Type": "Aggregate", "Strategy": "Plain", "Startup Cost": 1434236.03, "Total Cost": 1434236.04, "Plan Rows": 1, "Plan Width": 53, "Actual Startup Time": 4448.199, "Actual Total Time": 4448.2, "Actual Rows": 1, "Actual Loops": 1, "Plans": [{"Node Type": "Merge Join", "Parent Relationship": "Outer", "Join Type": "Inner", "Startup Cost": 1305042.44, "Total Cost": 1421637.72, "Plan Rows": 719903, "Plan Width": 37, "Actual Startup Time": 1869.754, "Actual Total Time": 4065.144, "Actual Rows": 772803, "Actual Loops": 1, "Inner Unique": true, "Merge Cond": "(lineitem.l_partkey = part.p_partkey)", "Plans": [{"Node Type": "Sort", "Parent Relationship": "Outer", "Startup Cost": 1305037.68, "Total Cost": 1306837.43, "Plan Rows": 719903, "Plan Width": 24, "Actual Startup Time": 1869.683, "Actual Total Time": 2090.423, "Actual Rows": 772803, "Actual Loops": 1, "Sort Key": ["lineitem.l_partkey"], "Sort Method": "quicksort", "Sort Space Used": 97027, "Sort Space Type": "Memory", "Plans": [{"Node Type": "Bitmap Heap Scan", "Parent Relationship": "Outer", "Relation Name": "lineitem", "Alias": "lineitem", "Startup Cost": 24943.26, "Total Cost": 1235000.32, "Plan Rows": 719903, "Plan Width": 24, "Actual Startup Time": 423.061, "Actual Total Time": 1543.45, "Actual Rows": 772803, "Actual Loops": 1, "Recheck Cond": "((l_shipdate >= '1996-12-01 00:00:00'::timestamp(0) without time zone) AND (l_shipdate < '1997-01-01 00:00:00'::timestamp without time zone)), (LLVM Optimized, Jit Execute)", "Rows Removed by Index Recheck": 0, "Exact Heap Blocks": 437909, "Lossy Heap Blocks": 437909, "Plans": [{"Node Type": "Bitmap Index Scan", "Parent Relationship": "Outer", "Index Name": "idx_lineitem_shipdate", "Startup Cost": 0.0, "Total Cost": 24763.28, "Plan Rows": 719903, "Plan Width": 0, "Actual Startup Time": 257.666, "Actual Total Time": 257.666, "Actual Rows": 772803, "Actual Loops": 1, "Index Cond": "((l_shipdate >= '1996-12-01 00:00:00'::timestamp(0) without time zone) AND (l_shipdate < '1997-01-01 00:00:00'::timestamp without time zone))"}]}]}, {"Node Type": "Index Scan", "Parent Relationship": "Inner", "Scan Direction": "Forward", "Index Name": "part_kpey", "Relation Name": "part", "Alias": "part", "Startup Cost": 0.0, "Total Cost": 100803.25, "Plan Rows": 2000000, "Plan Width": 29, "Actual Startup Time": 0.055, "Actual Total Time": 1266.801, "Actual Rows": 1999999, "Actual Loops": 1}]}]}, "Triggers": [], "Planner Runtime": 0, "Total Runtime": 4459.385, "Unique SQL Id": 379939634}}, "(1, 18)": {"explain_plan": {"Plan": {"Node Type": "Aggregate", "Strategy": "Plain", "Startup Cost": 1609694.04, "Total Cost": 1609694.06, "Plan Rows": 1, "Plan Width": 53, "Plans": [{"Node Type": "Merge Join", "Parent Relationship": "Outer", "Join Type": "Inner", "Startup Cost": 1576297.81, "Total Cost": 1597095.74, "Plan Rows": 719903, "Plan Width": 37, "Inner Unique": true, "Merge Cond": "(lineitem.l_partkey = part.p_partkey)", "Plans": [{"Node Type": "Sort", "Parent Relationship": "Outer", "Startup Cost": 1305037.68, "Total Cost": 1306837.43, "Plan Rows": 719903, "Plan Width": 24, "Sort Key": ["lineitem.l_partkey"], "Plans": [{"Node Type": "Bitmap Heap Scan", "Parent Relationship": "Outer", "Relation Name": "lineitem", "Alias": "lineitem", "Startup Cost": 24943.26, "Total Cost": 1235000.32, "Plan Rows": 719903, "Plan Width": 24, "Recheck Cond": "((l_shipdate >= '1996-12-01 00:00:00'::timestamp(0) without time zone) AND (l_shipdate < '1997-01-01 00:00:00'::timestamp without time zone)), (LLVM Optimized)", "Plans": [{"Node Type": "Bitmap Index Scan", "Parent Relationship": "Outer", "Index Name": "idx_lineitem_shipdate", "Startup Cost": 0.0, "Total Cost": 24763.28, "Plan Rows": 719903, "Plan Width": 0, "Index Cond": "((l_shipdate >= '1996-12-01 00:00:00'::timestamp(0) without time zone) AND (l_shipdate < '1997-01-01 00:00:00'::timestamp without time zone))"}]}]}, {"Node Type": "Sort", "Parent Relationship": "Inner", "Startup Cost": 271259.69, "Total Cost": 276259.69, "Plan Rows": 2000000, "Plan Width": 29, "Sort Key": ["part.p_partkey"], "Plans": [{"Node Type": "Seq Scan", "Parent Relationship": "Outer", "Relation Name": "part", "Alias": "part", "Startup Cost": 0.0, "Total Cost": 61944.0, "Plan Rows": 2000000, "Plan Width": 29}]}]}]}, "Unique SQL Id": 379939634, "Planner Runtime": 0}, "explain_analyze_plan": {"Plan": {"Node Type": "Aggregate", "Strategy": "Plain", "Startup Cost": 1609694.04, "Total Cost": 1609694.06, "Plan Rows": 1, "Plan Width": 53, "Actual Startup Time": 4936.948, "Actual Total Time": 4936.949, "Actual Rows": 1, "Actual Loops": 1, "Plans": [{"Node Type": "Merge Join", "Parent Relationship": "Outer", "Join Type": "Inner", "Startup Cost": 1576297.81, "Total Cost": 1597095.74, "Plan Rows": 719903, "Plan Width": 37, "Actual Startup Time": 3415.8, "Actual Total Time": 4586.824, "Actual Rows": 772803, "Actual Loops": 1, "Inner Unique": true, "Merge Cond": "(lineitem.l_partkey = part.p_partkey)", "Plans": [{"Node Type": "Sort", "Parent Relationship": "Outer", "Startup Cost": 1305037.68, "Total Cost": 1306837.43, "Plan Rows": 719903, "Plan Width": 24, "Actual Startup Time": 2071.042, "Actual Total Time": 2300.451, "Actual Rows": 772803, "Actual Loops": 1, "Sort Key": ["lineitem.l_partkey"], "Sort Method": "quicksort", "Sort Space Used": 97027, "Sort Space Type": "Memory", "Plans": [{"Node Type": "Bitmap Heap Scan", "Parent Relationship": "Outer", "Relation Name": "lineitem", "Alias": "lineitem", "Startup Cost": 24943.26, "Total Cost": 1235000.32, "Plan Rows": 719903, "Plan Width": 24, "Actual Startup Time": 528.663, "Actual Total Time": 1738.45, "Actual Rows": 772803, "Actual Loops": 1, "Recheck Cond": "((l_shipdate >= '1996-12-01 00:00:00'::timestamp(0) without time zone) AND (l_shipdate < '1997-01-01 00:00:00'::timestamp without time zone)), (LLVM Optimized, Jit Execute)", "Rows Removed by Index Recheck": 0, "Exact Heap Blocks": 437909, "Lossy Heap Blocks": 437909, "Plans": [{"Node Type": "Bitmap Index Scan", "Parent Relationship": "Outer", "Index Name": "idx_lineitem_shipdate", "Startup Cost": 0.0, "Total Cost": 24763.28, "Plan Rows": 719903, "Plan Width": 0, "Actual Startup Time": 352.589, "Actual Total Time": 352.589, "Actual Rows": 772803, "Actual Loops": 1, "Index Cond": "((l_shipdate >= '1996-12-01 00:00:00'::timestamp(0) without time zone) AND (l_shipdate < '1997-01-01 00:00:00'::timestamp without time zone))"}]}]}, {"Node Type": "Sort", "Parent Relationship": "Inner", "Startup Cost": 271259.69, "Total Cost": 276259.69, "Plan Rows": 2000000, "Plan Width": 29, "Actual Startup Time": 1344.739, "Actual Total Time": 1613.606, "Actual Rows": 1999999, "Actual Loops": 1, "Sort Key": ["part.p_partkey"], "Sort Method": "quicksort", "Sort Space Used": 236653, "Sort Space Type": "Memory", "Plans": [{"Node Type": "Seq Scan", "Parent Relationship": "Outer", "Relation Name": "part", "Alias": "part", "Startup Cost": 0.0, "Total Cost": 61944.0, "Plan Rows": 2000000, "Plan Width": 29, "Actual Startup Time": 0.059, "Actual Total Time": 681.916, "Actual Rows": 2000000, "Actual Loops": 1}]}]}]}, "Triggers": [], "Planner Runtime": 0, "Total Runtime": 4948.036, "Unique SQL Id": 379939634}}, "(1, 19)": {"explain_plan": {"Plan": {"Node Type": "Aggregate", "Strategy": "Plain", "Startup Cost": 4357819.44, "Total Cost": 4357819.45, "Plan Rows": 1, "Plan Width": 53, "Plans": [{"Node Type": "Nested Loop", "Parent Relationship": "Outer", "Join Type": "Inner", "Startup Cost": 24943.55, "Total Cost": 4345221.13, "Plan Rows": 719903, "Plan Width": 37, "Inner Unique": true, "Plans": [{"Node Type": "Bitmap Heap Scan", "Parent Relationship": "Outer", "Relation Name": "lineitem", "Alias": "lineitem", "Startup Cost": 24943.26, "Total Cost": 1235000.32, "Plan Rows": 719903, "Plan Width": 24, "Recheck Cond": "((l_shipdate >= '1996-12-01 00:00:00'::timestamp(0) without time zone) AND (l_shipdate < '1997-01-01 00:00:00'::timestamp without time zone)), (LLVM Optimized)", "Plans": [{"Node Type": "Bitmap Index Scan", "Parent Relationship": "Outer", "Index Name": "idx_lineitem_shipdate", "Startup Cost": 0.0, "Total Cost": 24763.28, "Plan Rows": 719903, "Plan Width": 0, "Index Cond": "((l_shipdate >= '1996-12-01 00:00:00'::timestamp(0) without time zone) AND (l_shipdate < '1997-01-01 00:00:00'::timestamp without time zone))"}]}, {"Node Type": "Bitmap Heap Scan", "Parent Relationship": "Inner", "Relation Name": "part", "Alias": "part", "Startup Cost": 0.3, "Total Cost": 4.31, "Plan Rows": 1, "Plan Width": 29, "Recheck Cond": "(p_partkey = lineitem.l_partkey)", "Plans": [{"Node Type": "Bitmap Index Scan", "Parent Relationship": "Outer", "Index Name": "part_kpey", "Startup Cost": 0.0, "Total Cost": 0.3, "Plan Rows": 1, "Plan Width": 0, "Index Cond": "(p_partkey = lineitem.l_partkey)"}]}]}]}, "Unique SQL Id": 379939634, "Planner Runtime": 0}, "explain_analyze_plan": {"Plan": {"Node Type": "Aggregate", "Strategy": "Plain", "Startup Cost": 4357819.44, "Total Cost": 4357819.45, "Plan Rows": 1, "Plan Width": 53, "Actual Startup Time": 8304.191, "Actual Total Time": 8304.192, "Actual Rows": 1, "Actual Loops": 1, "Plans": [{"Node Type": "Nested Loop", "Parent Relationship": "Outer", "Join Type": "Inner", "Startup Cost": 24943.55, "Total Cost": 4345221.13, "Plan Rows": 719903, "Plan Width": 37, "Actual Startup Time": 424.918, "Actual Total Time": 7787.203, "Actual Rows": 772803, "Actual Loops": 1, "Inner Unique": true, "Plans": [{"Node Type": "Bitmap Heap Scan", "Parent Relationship": "Outer", "Relation Name": "lineitem", "Alias": "lineitem", "Startup Cost": 24943.26, "Total Cost": 1235000.32, "Plan Rows": 719903, "Plan Width": 24, "Actual Startup Time": 424.737, "Actual Total Time": 1608.02, "Actual Rows": 772803, "Actual Loops": 1, "Recheck Cond": "((l_shipdate >= '1996-12-01 00:00:00'::timestamp(0) without time zone) AND (l_shipdate < '1997-01-01 00:00:00'::timestamp without time zone)), (LLVM Optimized, Jit Execute)", "Rows Removed by Index Recheck": 0, "Exact Heap Blocks": 437909, "Lossy Heap Blocks": 437909, "Plans": [{"Node Type": "Bitmap Index Scan", "Parent Relationship": "Outer", "Index Name": "idx_lineitem_shipdate", "Startup Cost": 0.0, "Total Cost": 24763.28, "Plan Rows": 719903, "Plan Width": 0, "Actual Startup Time": 257.536, "Actual Total Time": 257.536, "Actual Rows": 772803, "Actual Loops": 1, "Index Cond": "((l_shipdate >= '1996-12-01 00:00:00'::timestamp(0) without time zone) AND (l_shipdate < '1997-01-01 00:00:00'::timestamp without time zone))"}]}, {"Node Type": "Bitmap Heap Scan", "Parent Relationship": "Inner", "Relation Name": "part", "Alias": "part", "Startup Cost": 0.3, "Total Cost": 4.31, "Plan Rows": 1, "Plan Width": 29, "Actual Startup Time": 5111.348, "Actual Total Time": 5111.348, "Actual Rows": 772803, "Actual Loops": 772803, "Recheck Cond": "(p_partkey = lineitem.l_partkey)", "Rows Removed by Index Recheck": 0, "Exact Heap Blocks": 772803, "Lossy Heap Blocks": 772803, "Plans": [{"Node Type": "Bitmap Index Scan", "Parent Relationship": "Outer", "Index Name": "part_kpey", "Startup Cost": 0.0, "Total Cost": 0.3, "Plan Rows": 1, "Plan Width": 0, "Actual Startup Time": 3133.071, "Actual Total Time": 3133.071, "Actual Rows": 772803, "Actual Loops": 772803, "Index Cond": "(p_partkey = lineitem.l_partkey)"}]}]}]}, "Triggers": [], "Planner Runtime": 0, "Total Runtime": 8315.455, "Unique SQL Id": 379939634}}, "(1, 20)": {"explain_plan": {"Plan": {"Node Type": "Aggregate", "Strategy": "Plain", "Startup Cost": 1434236.03, "Total Cost": 1434236.04, "Plan Rows": 1, "Plan Width": 53, "Plans": [{"Node Type": "Merge Join", "Parent Relationship": "Outer", "Join Type": "Inner", "Startup Cost": 1305042.44, "Total Cost": 1421637.72, "Plan Rows": 719903, "Plan Width": 37, "Inner Unique": false, "Merge Cond": "(part.p_partkey = lineitem.l_partkey)", "Plans": [{"Node Type": "Index Scan", "Parent Relationship": "Outer", "Scan Direction": "Forward", "Index Name": "part_kpey", "Relation Name": "part", "Alias": "part", "Startup Cost": 0.0, "Total Cost": 100803.25, "Plan Rows": 2000000, "Plan Width": 29}, {"Node Type": "Sort", "Parent Relationship": "Inner", "Startup Cost": 1305037.68, "Total Cost": 1306837.43, "Plan Rows": 719903, "Plan Width": 24, "Sort Key": ["lineitem.l_partkey"], "Plans": [{"Node Type": "Bitmap Heap Scan", "Parent Relationship": "Outer", "Relation Name": "lineitem", "Alias": "lineitem", "Startup Cost": 24943.26, "Total Cost": 1235000.32, "Plan Rows": 719903, "Plan Width": 24, "Recheck Cond": "((l_shipdate >= '1996-12-01 00:00:00'::timestamp(0) without time zone) AND (l_shipdate < '1997-01-01 00:00:00'::timestamp without time zone)), (LLVM Optimized)", "Plans": [{"Node Type": "Bitmap Index Scan", "Parent Relationship": "Outer", "Index Name": "idx_lineitem_shipdate", "Startup Cost": 0.0, "Total Cost": 24763.28, "Plan Rows": 719903, "Plan Width": 0, "Index Cond": "((l_shipdate >= '1996-12-01 00:00:00'::timestamp(0) without time zone) AND (l_shipdate < '1997-01-01 00:00:00'::timestamp without time zone))"}]}]}]}]}, "Unique SQL Id": 379939634, "Planner Runtime": 0}, "explain_analyze_plan": {"Plan": {"Node Type": "Aggregate", "Strategy": "Plain", "Startup Cost": 1434236.03, "Total Cost": 1434236.04, "Plan Rows": 1, "Plan Width": 53, "Actual Startup Time": 4205.31, "Actual Total Time": 4205.31, "Actual Rows": 1, "Actual Loops": 1, "Plans": [{"Node Type": "Merge Join", "Parent Relationship": "Outer", "Join Type": "Inner", "Startup Cost": 1305042.44, "Total Cost": 1421637.72, "Plan Rows": 719903, "Plan Width": 37, "Actual Startup Time": 1829.825, "Actual Total Time": 3818.383, "Actual Rows": 772803, "Actual Loops": 1, "Inner Unique": false, "Merge Cond": "(part.p_partkey = lineitem.l_partkey)", "Plans": [{"Node Type": "Index Scan", "Parent Relationship": "Outer", "Scan Direction": "Forward", "Index Name": "part_kpey", "Relation Name": "part", "Alias": "part", "Startup Cost": 0.0, "Total Cost": 100803.25, "Plan Rows": 2000000, "Plan Width": 29, "Actual Startup Time": 0.029, "Actual Total Time": 1159.887, "Actual Rows": 2000000, "Actual Loops": 1}, {"Node Type": "Sort", "Parent Relationship": "Inner", "Startup Cost": 1305037.68, "Total Cost": 1306837.43, "Plan Rows": 719903, "Plan Width": 24, "Actual Startup Time": 1829.759, "Actual Total Time": 2022.568, "Actual Rows": 772803, "Actual Loops": 1, "Sort Key": ["lineitem.l_partkey"], "Sort Method": "quicksort", "Sort Space Used": 97027, "Sort Space Type": "Memory", "Plans": [{"Node Type": "Bitmap Heap Scan", "Parent Relationship": "Outer", "Relation Name": "lineitem", "Alias": "lineitem", "Startup Cost": 24943.26, "Total Cost": 1235000.32, "Plan Rows": 719903, "Plan Width": 24, "Actual Startup Time": 422.8, "Actual Total Time": 1502.302, "Actual Rows": 772803, "Actual Loops": 1, "Recheck Cond": "((l_shipdate >= '1996-12-01 00:00:00'::timestamp(0) without time zone) AND (l_shipdate < '1997-01-01 00:00:00'::timestamp without time zone)), (LLVM Optimized, Jit Execute)", "Rows Removed by Index Recheck": 0, "Exact Heap Blocks": 437909, "Lossy Heap Blocks": 437909, "Plans": [{"Node Type": "Bitmap Index Scan", "Parent Relationship": "Outer", "Index Name": "idx_lineitem_shipdate", "Startup Cost": 0.0, "Total Cost": 24763.28, "Plan Rows": 719903, "Plan Width": 0, "Actual Startup Time": 257.006, "Actual Total Time": 257.006, "Actual Rows": 772803, "Actual Loops": 1, "Index Cond": "((l_shipdate >= '1996-12-01 00:00:00'::timestamp(0) without time zone) AND (l_shipdate < '1997-01-01 00:00:00'::timestamp without time zone))"}]}]}]}]}, "Triggers": [], "Planner Runtime": 0, "Total Runtime": 4216.436, "Unique SQL Id": 379939634}}, "(1, 21)": {"explain_plan": {"Plan": {"Node Type": "Aggregate", "Strategy": "Plain", "Startup Cost": 1434236.03, "Total Cost": 1434236.04, "Plan Rows": 1, "Plan Width": 53, "Plans": [{"Node Type": "Merge Join", "Parent Relationship": "Outer", "Join Type": "Inner", "Startup Cost": 1305042.44, "Total Cost": 1421637.72, "Plan Rows": 719903, "Plan Width": 37, "Inner Unique": true, "Merge Cond": "(lineitem.l_partkey = part.p_partkey)", "Plans": [{"Node Type": "Sort", "Parent Relationship": "Outer", "Startup Cost": 1305037.68, "Total Cost": 1306837.43, "Plan Rows": 719903, "Plan Width": 24, "Sort Key": ["lineitem.l_partkey"], "Plans": [{"Node Type": "Bitmap Heap Scan", "Parent Relationship": "Outer", "Relation Name": "lineitem", "Alias": "lineitem", "Startup Cost": 24943.26, "Total Cost": 1235000.32, "Plan Rows": 719903, "Plan Width": 24, "Recheck Cond": "((l_shipdate >= '1996-12-01 00:00:00'::timestamp(0) without time zone) AND (l_shipdate < '1997-01-01 00:00:00'::timestamp without time zone)), (LLVM Optimized)", "Plans": [{"Node Type": "Bitmap Index Scan", "Parent Relationship": "Outer", "Index Name": "idx_lineitem_shipdate", "Startup Cost": 0.0, "Total Cost": 24763.28, "Plan Rows": 719903, "Plan Width": 0, "Index Cond": "((l_shipdate >= '1996-12-01 00:00:00'::timestamp(0) without time zone) AND (l_shipdate < '1997-01-01 00:00:00'::timestamp without time zone))"}]}]}, {"Node Type": "Index Scan", "Parent Relationship": "Inner", "Scan Direction": "Forward", "Index Name": "part_kpey", "Relation Name": "part", "Alias": "part", "Startup Cost": 0.0, "Total Cost": 100803.25, "Plan Rows": 2000000, "Plan Width": 29}]}]}, "Unique SQL Id": 379939634, "Planner Runtime": 0}, "explain_analyze_plan": {"Plan": {"Node Type": "Aggregate", "Strategy": "Plain", "Startup Cost": 1434236.03, "Total Cost": 1434236.04, "Plan Rows": 1, "Plan Width": 53, "Actual Startup Time": 4448.199, "Actual Total Time": 4448.2, "Actual Rows": 1, "Actual Loops": 1, "Plans": [{"Node Type": "Merge Join", "Parent Relationship": "Outer", "Join Type": "Inner", "Startup Cost": 1305042.44, "Total Cost": 1421637.72, "Plan Rows": 719903, "Plan Width": 37, "Actual Startup Time": 1869.754, "Actual Total Time": 4065.144, "Actual Rows": 772803, "Actual Loops": 1, "Inner Unique": true, "Merge Cond": "(lineitem.l_partkey = part.p_partkey)", "Plans": [{"Node Type": "Sort", "Parent Relationship": "Outer", "Startup Cost": 1305037.68, "Total Cost": 1306837.43, "Plan Rows": 719903, "Plan Width": 24, "Actual Startup Time": 1869.683, "Actual Total Time": 2090.423, "Actual Rows": 772803, "Actual Loops": 1, "Sort Key": ["lineitem.l_partkey"], "Sort Method": "quicksort", "Sort Space Used": 97027, "Sort Space Type": "Memory", "Plans": [{"Node Type": "Bitmap Heap Scan", "Parent Relationship": "Outer", "Relation Name": "lineitem", "Alias": "lineitem", "Startup Cost": 24943.26, "Total Cost": 1235000.32, "Plan Rows": 719903, "Plan Width": 24, "Actual Startup Time": 423.061, "Actual Total Time": 1543.45, "Actual Rows": 772803, "Actual Loops": 1, "Recheck Cond": "((l_shipdate >= '1996-12-01 00:00:00'::timestamp(0) without time zone) AND (l_shipdate < '1997-01-01 00:00:00'::timestamp without time zone)), (LLVM Optimized, Jit Execute)", "Rows Removed by Index Recheck": 0, "Exact Heap Blocks": 437909, "Lossy Heap Blocks": 437909, "Plans": [{"Node Type": "Bitmap Index Scan", "Parent Relationship": "Outer", "Index Name": "idx_lineitem_shipdate", "Startup Cost": 0.0, "Total Cost": 24763.28, "Plan Rows": 719903, "Plan Width": 0, "Actual Startup Time": 257.666, "Actual Total Time": 257.666, "Actual Rows": 772803, "Actual Loops": 1, "Index Cond": "((l_shipdate >= '1996-12-01 00:00:00'::timestamp(0) without time zone) AND (l_shipdate < '1997-01-01 00:00:00'::timestamp without time zone))"}]}]}, {"Node Type": "Index Scan", "Parent Relationship": "Inner", "Scan Direction": "Forward", "Index Name": "part_kpey", "Relation Name": "part", "Alias": "part", "Startup Cost": 0.0, "Total Cost": 100803.25, "Plan Rows": 2000000, "Plan Width": 29, "Actual Startup Time": 0.055, "Actual Total Time": 1266.801, "Actual Rows": 1999999, "Actual Loops": 1}]}]}, "Triggers": [], "Planner Runtime": 0, "Total Runtime": 4459.385, "Unique SQL Id": 379939634}}, "(1, 22)": {"explain_plan": {"Plan": {"Node Type": "Aggregate", "Strategy": "Plain", "Startup Cost": 1609694.04, "Total Cost": 1609694.06, "Plan Rows": 1, "Plan Width": 53, "Plans": [{"Node Type": "Merge Join", "Parent Relationship": "Outer", "Join Type": "Inner", "Startup Cost": 1576297.81, "Total Cost": 1597095.74, "Plan Rows": 719903, "Plan Width": 37, "Inner Unique": true, "Merge Cond": "(lineitem.l_partkey = part.p_partkey)", "Plans": [{"Node Type": "Sort", "Parent Relationship": "Outer", "Startup Cost": 1305037.68, "Total Cost": 1306837.43, "Plan Rows": 719903, "Plan Width": 24, "Sort Key": ["lineitem.l_partkey"], "Plans": [{"Node Type": "Bitmap Heap Scan", "Parent Relationship": "Outer", "Relation Name": "lineitem", "Alias": "lineitem", "Startup Cost": 24943.26, "Total Cost": 1235000.32, "Plan Rows": 719903, "Plan Width": 24, "Recheck Cond": "((l_shipdate >= '1996-12-01 00:00:00'::timestamp(0) without time zone) AND (l_shipdate < '1997-01-01 00:00:00'::timestamp without time zone)), (LLVM Optimized)", "Plans": [{"Node Type": "Bitmap Index Scan", "Parent Relationship": "Outer", "Index Name": "idx_lineitem_shipdate", "Startup Cost": 0.0, "Total Cost": 24763.28, "Plan Rows": 719903, "Plan Width": 0, "Index Cond": "((l_shipdate >= '1996-12-01 00:00:00'::timestamp(0) without time zone) AND (l_shipdate < '1997-01-01 00:00:00'::timestamp without time zone))"}]}]}, {"Node Type": "Sort", "Parent Relationship": "Inner", "Startup Cost": 271259.69, "Total Cost": 276259.69, "Plan Rows": 2000000, "Plan Width": 29, "Sort Key": ["part.p_partkey"], "Plans": [{"Node Type": "Seq Scan", "Parent Relationship": "Outer", "Relation Name": "part", "Alias": "part", "Startup Cost": 0.0, "Total Cost": 61944.0, "Plan Rows": 2000000, "Plan Width": 29}]}]}]}, "Unique SQL Id": 379939634, "Planner Runtime": 0}, "explain_analyze_plan": {"Plan": {"Node Type": "Aggregate", "Strategy": "Plain", "Startup Cost": 1609694.04, "Total Cost": 1609694.06, "Plan Rows": 1, "Plan Width": 53, "Actual Startup Time": 4936.948, "Actual Total Time": 4936.949, "Actual Rows": 1, "Actual Loops": 1, "Plans": [{"Node Type": "Merge Join", "Parent Relationship": "Outer", "Join Type": "Inner", "Startup Cost": 1576297.81, "Total Cost": 1597095.74, "Plan Rows": 719903, "Plan Width": 37, "Actual Startup Time": 3415.8, "Actual Total Time": 4586.824, "Actual Rows": 772803, "Actual Loops": 1, "Inner Unique": true, "Merge Cond": "(lineitem.l_partkey = part.p_partkey)", "Plans": [{"Node Type": "Sort", "Parent Relationship": "Outer", "Startup Cost": 1305037.68, "Total Cost": 1306837.43, "Plan Rows": 719903, "Plan Width": 24, "Actual Startup Time": 2071.042, "Actual Total Time": 2300.451, "Actual Rows": 772803, "Actual Loops": 1, "Sort Key": ["lineitem.l_partkey"], "Sort Method": "quicksort", "Sort Space Used": 97027, "Sort Space Type": "Memory", "Plans": [{"Node Type": "Bitmap Heap Scan", "Parent Relationship": "Outer", "Relation Name": "lineitem", "Alias": "lineitem", "Startup Cost": 24943.26, "Total Cost": 1235000.32, "Plan Rows": 719903, "Plan Width": 24, "Actual Startup Time": 528.663, "Actual Total Time": 1738.45, "Actual Rows": 772803, "Actual Loops": 1, "Recheck Cond": "((l_shipdate >= '1996-12-01 00:00:00'::timestamp(0) without time zone) AND (l_shipdate < '1997-01-01 00:00:00'::timestamp without time zone)), (LLVM Optimized, Jit Execute)", "Rows Removed by Index Recheck": 0, "Exact Heap Blocks": 437909, "Lossy Heap Blocks": 437909, "Plans": [{"Node Type": "Bitmap Index Scan", "Parent Relationship": "Outer", "Index Name": "idx_lineitem_shipdate", "Startup Cost": 0.0, "Total Cost": 24763.28, "Plan Rows": 719903, "Plan Width": 0, "Actual Startup Time": 352.589, "Actual Total Time": 352.589, "Actual Rows": 772803, "Actual Loops": 1, "Index Cond": "((l_shipdate >= '1996-12-01 00:00:00'::timestamp(0) without time zone) AND (l_shipdate < '1997-01-01 00:00:00'::timestamp without time zone))"}]}]}, {"Node Type": "Sort", "Parent Relationship": "Inner", "Startup Cost": 271259.69, "Total Cost": 276259.69, "Plan Rows": 2000000, "Plan Width": 29, "Actual Startup Time": 1344.739, "Actual Total Time": 1613.606, "Actual Rows": 1999999, "Actual Loops": 1, "Sort Key": ["part.p_partkey"], "Sort Method": "quicksort", "Sort Space Used": 236653, "Sort Space Type": "Memory", "Plans": [{"Node Type": "Seq Scan", "Parent Relationship": "Outer", "Relation Name": "part", "Alias": "part", "Startup Cost": 0.0, "Total Cost": 61944.0, "Plan Rows": 2000000, "Plan Width": 29, "Actual Startup Time": 0.059, "Actual Total Time": 681.916, "Actual Rows": 2000000, "Actual Loops": 1}]}]}]}, "Triggers": [], "Planner Runtime": 0, "Total Runtime": 4948.036, "Unique SQL Id": 379939634}}, "(1, 23)": {"explain_plan": {"Plan": {"Node Type": "Aggregate", "Strategy": "Plain", "Startup Cost": 4357819.44, "Total Cost": 4357819.45, "Plan Rows": 1, "Plan Width": 53, "Plans": [{"Node Type": "Nested Loop", "Parent Relationship": "Outer", "Join Type": "Inner", "Startup Cost": 24943.55, "Total Cost": 4345221.13, "Plan Rows": 719903, "Plan Width": 37, "Inner Unique": true, "Plans": [{"Node Type": "Bitmap Heap Scan", "Parent Relationship": "Outer", "Relation Name": "lineitem", "Alias": "lineitem", "Startup Cost": 24943.26, "Total Cost": 1235000.32, "Plan Rows": 719903, "Plan Width": 24, "Recheck Cond": "((l_shipdate >= '1996-12-01 00:00:00'::timestamp(0) without time zone) AND (l_shipdate < '1997-01-01 00:00:00'::timestamp without time zone)), (LLVM Optimized)", "Plans": [{"Node Type": "Bitmap Index Scan", "Parent Relationship": "Outer", "Index Name": "idx_lineitem_shipdate", "Startup Cost": 0.0, "Total Cost": 24763.28, "Plan Rows": 719903, "Plan Width": 0, "Index Cond": "((l_shipdate >= '1996-12-01 00:00:00'::timestamp(0) without time zone) AND (l_shipdate < '1997-01-01 00:00:00'::timestamp without time zone))"}]}, {"Node Type": "Bitmap Heap Scan", "Parent Relationship": "Inner", "Relation Name": "part", "Alias": "part", "Startup Cost": 0.3, "Total Cost": 4.31, "Plan Rows": 1, "Plan Width": 29, "Recheck Cond": "(p_partkey = lineitem.l_partkey)", "Plans": [{"Node Type": "Bitmap Index Scan", "Parent Relationship": "Outer", "Index Name": "part_kpey", "Startup Cost": 0.0, "Total Cost": 0.3, "Plan Rows": 1, "Plan Width": 0, "Index Cond": "(p_partkey = lineitem.l_partkey)"}]}]}]}, "Unique SQL Id": 379939634, "Planner Runtime": 0}, "explain_analyze_plan": {"Plan": {"Node Type": "Aggregate", "Strategy": "Plain", "Startup Cost": 4357819.44, "Total Cost": 4357819.45, "Plan Rows": 1, "Plan Width": 53, "Actual Startup Time": 8304.191, "Actual Total Time": 8304.192, "Actual Rows": 1, "Actual Loops": 1, "Plans": [{"Node Type": "Nested Loop", "Parent Relationship": "Outer", "Join Type": "Inner", "Startup Cost": 24943.55, "Total Cost": 4345221.13, "Plan Rows": 719903, "Plan Width": 37, "Actual Startup Time": 424.918, "Actual Total Time": 7787.203, "Actual Rows": 772803, "Actual Loops": 1, "Inner Unique": true, "Plans": [{"Node Type": "Bitmap Heap Scan", "Parent Relationship": "Outer", "Relation Name": "lineitem", "Alias": "lineitem", "Startup Cost": 24943.26, "Total Cost": 1235000.32, "Plan Rows": 719903, "Plan Width": 24, "Actual Startup Time": 424.737, "Actual Total Time": 1608.02, "Actual Rows": 772803, "Actual Loops": 1, "Recheck Cond": "((l_shipdate >= '1996-12-01 00:00:00'::timestamp(0) without time zone) AND (l_shipdate < '1997-01-01 00:00:00'::timestamp without time zone)), (LLVM Optimized, Jit Execute)", "Rows Removed by Index Recheck": 0, "Exact Heap Blocks": 437909, "Lossy Heap Blocks": 437909, "Plans": [{"Node Type": "Bitmap Index Scan", "Parent Relationship": "Outer", "Index Name": "idx_lineitem_shipdate", "Startup Cost": 0.0, "Total Cost": 24763.28, "Plan Rows": 719903, "Plan Width": 0, "Actual Startup Time": 257.536, "Actual Total Time": 257.536, "Actual Rows": 772803, "Actual Loops": 1, "Index Cond": "((l_shipdate >= '1996-12-01 00:00:00'::timestamp(0) without time zone) AND (l_shipdate < '1997-01-01 00:00:00'::timestamp without time zone))"}]}, {"Node Type": "Bitmap Heap Scan", "Parent Relationship": "Inner", "Relation Name": "part", "Alias": "part", "Startup Cost": 0.3, "Total Cost": 4.31, "Plan Rows": 1, "Plan Width": 29, "Actual Startup Time": 5111.348, "Actual Total Time": 5111.348, "Actual Rows": 772803, "Actual Loops": 772803, "Recheck Cond": "(p_partkey = lineitem.l_partkey)", "Rows Removed by Index Recheck": 0, "Exact Heap Blocks": 772803, "Lossy Heap Blocks": 772803, "Plans": [{"Node Type": "Bitmap Index Scan", "Parent Relationship": "Outer", "Index Name": "part_kpey", "Startup Cost": 0.0, "Total Cost": 0.3, "Plan Rows": 1, "Plan Width": 0, "Actual Startup Time": 3133.071, "Actual Total Time": 3133.071, "Actual Rows": 772803, "Actual Loops": 772803, "Index Cond": "(p_partkey = lineitem.l_partkey)"}]}]}]}, "Triggers": [], "Planner Runtime": 0, "Total Runtime": 8315.455, "Unique SQL Id": 379939634}}, "(1, 24)": {"explain_plan": {"Plan": {"Node Type": "Aggregate", "Strategy": "Plain", "Startup Cost": 2526922.01, "Total Cost": 2526922.03, "Plan Rows": 1, "Plan Width": 53, "Plans": [{"Node Type": "Merge Join", "Parent Relationship": "Outer", "Join Type": "Inner", "Startup Cost": 2397728.42, "Total Cost": 2514323.71, "Plan Rows": 719903, "Plan Width": 37, "Inner Unique": false, "Merge Cond": "(part.p_partkey = lineitem.l_partkey)", "Plans": [{"Node Type": "Index Scan", "Parent Relationship": "Outer", "Scan Direction": "Forward", "Index Name": "part_kpey", "Relation Name": "part", "Alias": "part", "Startup Cost": 0.0, "Total Cost": 100803.25, "Plan Rows": 2000000, "Plan Width": 29}, {"Node Type": "Sort", "Parent Relationship": "Inner", "Startup Cost": 2397723.66, "Total Cost": 2399523.42, "Plan Rows": 719903, "Plan Width": 24, "Sort Key": ["lineitem.l_partkey"], "Plans": [{"Node Type": "Index Scan", "Parent Relationship": "Outer", "Scan Direction": "Forward", "Index Name": "idx_lineitem_shipdate", "Relation Name": "lineitem", "Alias": "lineitem", "Startup Cost": 0.0, "Total Cost": 2327686.3, "Plan Rows": 719903, "Plan Width": 24, "Index Cond": "((l_shipdate >= '1996-12-01 00:00:00'::timestamp(0) without time zone) AND (l_shipdate < '1997-01-01 00:00:00'::timestamp without time zone)), (LLVM Optimized)"}]}]}]}, "Unique SQL Id": 379939634, "Planner Runtime": 0}, "explain_analyze_plan": {"Plan": {"Node Type": "Aggregate", "Strategy": "Plain", "Startup Cost": 2526922.01, "Total Cost": 2526922.03, "Plan Rows": 1, "Plan Width": 53, "Actual Startup Time": 4491.945, "Actual Total Time": 4491.946, "Actual Rows": 1, "Actual Loops": 1, "Plans": [{"Node Type": "Merge Join", "Parent Relationship": "Outer", "Join Type": "Inner", "Startup Cost": 2397728.42, "Total Cost": 2514323.71, "Plan Rows": 719903, "Plan Width": 37, "Actual Startup Time": 2204.427, "Actual Total Time": 4106.753, "Actual Rows": 772803, "Actual Loops": 1, "Inner Unique": false, "Merge Cond": "(part.p_partkey = lineitem.l_partkey)", "Plans": [{"Node Type": "Index Scan", "Parent Relationship": "Outer", "Scan Direction": "Forward", "Index Name": "part_kpey", "Relation Name": "part", "Alias": "part", "Startup Cost": 0.0, "Total Cost": 100803.25, "Plan Rows": 2000000, "Plan Width": 29, "Actual Startup Time": 0.032, "Actual Total Time": 1086.286, "Actual Rows": 2000000, "Actual Loops": 1}, {"Node Type": "Sort", "Parent Relationship": "Inner", "Startup Cost": 2397723.66, "Total Cost": 2399523.42, "Plan Rows": 719903, "Plan Width": 24, "Actual Startup Time": 2204.363, "Actual Total Time": 2386.355, "Actual Rows": 772803, "Actual Loops": 1, "Sort Key": ["lineitem.l_partkey"], "Sort Method": "quicksort", "Sort Space Used": 97027, "Sort Space Type": "Memory", "Plans": [{"Node Type": "Index Scan", "Parent Relationship": "Outer", "Scan Direction": "Forward", "Index Name": "idx_lineitem_shipdate", "Relation Name": "lineitem", "Alias": "lineitem", "Startup Cost": 0.0, "Total Cost": 2327686.3, "Plan Rows": 719903, "Plan Width": 24, "Actual Startup Time": 0.024, "Actual Total Time": 1861.316, "Actual Rows": 772803, "Actual Loops": 1, "Index Cond": "((l_shipdate >= '1996-12-01 00:00:00'::timestamp(0) without time zone) AND (l_shipdate < '1997-01-01 00:00:00'::timestamp without time zone)), (LLVM Optimized, Jit Execute)", "Rows Removed by Index Recheck": 0}]}]}]}, "Triggers": [], "Planner Runtime": 0, "Total Runtime": 4502.2, "Unique SQL Id": 379939634}}, "(1, 25)": {"explain_plan": {"Plan": {"Node Type": "Aggregate", "Strategy": "Plain", "Startup Cost": 2526922.01, "Total Cost": 2526922.03, "Plan Rows": 1, "Plan Width": 53, "Plans": [{"Node Type": "Merge Join", "Parent Relationship": "Outer", "Join Type": "Inner", "Startup Cost": 2397728.42, "Total Cost": 2514323.71, "Plan Rows": 719903, "Plan Width": 37, "Inner Unique": true, "Merge Cond": "(lineitem.l_partkey = part.p_partkey)", "Plans": [{"Node Type": "Sort", "Parent Relationship": "Outer", "Startup Cost": 2397723.66, "Total Cost": 2399523.42, "Plan Rows": 719903, "Plan Width": 24, "Sort Key": ["lineitem.l_partkey"], "Plans": [{"Node Type": "Index Scan", "Parent Relationship": "Outer", "Scan Direction": "Forward", "Index Name": "idx_lineitem_shipdate", "Relation Name": "lineitem", "Alias": "lineitem", "Startup Cost": 0.0, "Total Cost": 2327686.3, "Plan Rows": 719903, "Plan Width": 24, "Index Cond": "((l_shipdate >= '1996-12-01 00:00:00'::timestamp(0) without time zone) AND (l_shipdate < '1997-01-01 00:00:00'::timestamp without time zone)), (LLVM Optimized)"}]}, {"Node Type": "Index Scan", "Parent Relationship": "Inner", "Scan Direction": "Forward", "Index Name": "part_kpey", "Relation Name": "part", "Alias": "part", "Startup Cost": 0.0, "Total Cost": 100803.25, "Plan Rows": 2000000, "Plan Width": 29}]}]}, "Unique SQL Id": 379939634, "Planner Runtime": 0}, "explain_analyze_plan": {"Plan": {"Node Type": "Aggregate", "Strategy": "Plain", "Startup Cost": 2526922.01, "Total Cost": 2526922.03, "Plan Rows": 1, "Plan Width": 53, "Actual Startup Time": 4968.111, "Actual Total Time": 4968.112, "Actual Rows": 1, "Actual Loops": 1, "Plans": [{"Node Type": "Merge Join", "Parent Relationship": "Outer", "Join Type": "Inner", "Startup Cost": 2397728.42, "Total Cost": 2514323.71, "Plan Rows": 719903, "Plan Width": 37, "Actual Startup Time": 2504.763, "Actual Total Time": 4586.853, "Actual Rows": 772803, "Actual Loops": 1, "Inner Unique": true, "Merge Cond": "(lineitem.l_partkey = part.p_partkey)", "Plans": [{"Node Type": "Sort", "Parent Relationship": "Outer", "Startup Cost": 2397723.66, "Total Cost": 2399523.42, "Plan Rows": 719903, "Plan Width": 24, "Actual Startup Time": 2504.699, "Actual Total Time": 2706.423, "Actual Rows": 772803, "Actual Loops": 1, "Sort Key": ["lineitem.l_partkey"], "Sort Method": "quicksort", "Sort Space Used": 97027, "Sort Space Type": "Memory", "Plans": [{"Node Type": "Index Scan", "Parent Relationship": "Outer", "Scan Direction": "Forward", "Index Name": "idx_lineitem_shipdate", "Relation Name": "lineitem", "Alias": "lineitem", "Startup Cost": 0.0, "Total Cost": 2327686.3, "Plan Rows": 719903, "Plan Width": 24, "Actual Startup Time": 0.032, "Actual Total Time": 2161.442, "Actual Rows": 772803, "Actual Loops": 1, "Index Cond": "((l_shipdate >= '1996-12-01 00:00:00'::timestamp(0) without time zone) AND (l_shipdate < '1997-01-01 00:00:00'::timestamp without time zone)), (LLVM Optimized, Jit Execute)", "Rows Removed by Index Recheck": 0}]}, {"Node Type": "Index Scan", "Parent Relationship": "Inner", "Scan Direction": "Forward", "Index Name": "part_kpey", "Relation Name": "part", "Alias": "part", "Startup Cost": 0.0, "Total Cost": 100803.25, "Plan Rows": 2000000, "Plan Width": 29, "Actual Startup Time": 0.047, "Actual Total Time": 1170.883, "Actual Rows": 1999999, "Actual Loops": 1}]}]}, "Triggers": [], "Planner Runtime": 0, "Total Runtime": 4978.33, "Unique SQL Id": 379939634}}, "(1, 26)": {"explain_plan": {"Plan": {"Node Type": "Aggregate", "Strategy": "Plain", "Startup Cost": 2689744.22, "Total Cost": 2689744.24, "Plan Rows": 1, "Plan Width": 53, "Plans": [{"Node Type": "Merge Join", "Parent Relationship": "Outer", "Join Type": "Inner", "Startup Cost": 2656347.99, "Total Cost": 2677145.92, "Plan Rows": 719903, "Plan Width": 37, "Inner Unique": true, "Merge Cond": "(lineitem.l_partkey = part.p_partkey)", "Plans": [{"Node Type": "Sort", "Parent Relationship": "Outer", "Startup Cost": 2385087.85, "Total Cost": 2386887.61, "Plan Rows": 719903, "Plan Width": 24, "Sort Key": ["lineitem.l_partkey"], "Plans": [{"Node Type": "Seq Scan", "Parent Relationship": "Outer", "Relation Name": "lineitem", "Alias": "lineitem", "Startup Cost": 44.59, "Total Cost": 2315050.5, "Plan Rows": 719903, "Plan Width": 24, "Filter": "((l_shipdate >= '1996-12-01 00:00:00'::timestamp(0) without time zone) AND (l_shipdate < '1997-01-01 00:00:00'::timestamp without time zone)), (LLVM Optimized)"}]}, {"Node Type": "Sort", "Parent Relationship": "Inner", "Startup Cost": 271259.69, "Total Cost": 276259.69, "Plan Rows": 2000000, "Plan Width": 29, "Sort Key": ["part.p_partkey"], "Plans": [{"Node Type": "Seq Scan", "Parent Relationship": "Outer", "Relation Name": "part", "Alias": "part", "Startup Cost": 0.0, "Total Cost": 61944.0, "Plan Rows": 2000000, "Plan Width": 29}]}]}]}, "Unique SQL Id": 379939634, "Planner Runtime": 0}, "explain_analyze_plan": null}, "(1, 27)": {"explain_plan": {"Plan": {"Node Type": "Aggregate", "Strategy": "Plain", "Startup Cost": 2000799156591.82, "Total Cost": 2000799156591.84, "Plan Rows": 1, "Plan Width": 53, "Plans": [{"Node Type": "Merge Join", "Parent Relationship": "Outer", "Join Type": "Inner", "Startup Cost": 20044550453.84, "Total Cost": 2000799143993.52, "Plan Rows": 719903, "Plan Width": 37, "Inner Unique": true, "Merge Cond": "(lineitem.l_partkey = part.p_partkey)", "Plans": [{"Node Type": "Index Scan", "Parent Relationship": "Outer", "Scan Direction": "Forward", "Index Name": "idx_lineitem_part_supp", "Relation Name": "lineitem", "Alias": "lineitem", "Startup Cost": 10000000000.0, "Total Cost": 1000805384836.14, "Plan Rows": 719903, "Plan Width": 24, "Filter": "((l_shipdate >= '1996-12-01 00:00:00'::timestamp(0) without time zone) AND (l_shipdate < '1997-01-01 00:00:00'::timestamp without time zone)), (LLVM Optimized)"}, {"Node Type": "Index Scan", "Parent Relationship": "Inner", "Scan Direction": "Forward", "Index Name": "part_kpey", "Relation Name": "part", "Alias": "part", "Startup Cost": 10000000000.0, "Total Cost": 1000010080325.0, "Plan Rows": 2000000, "Plan Width": 29}]}]}, "Unique SQL Id": 379939634, "Planner Runtime": 0}, "explain_analyze_plan": null}, "(1, 28)": {"explain_plan": {"Plan": {"Node Type": "Aggregate", "Strategy": "Plain", "Startup Cost": 2526922.01, "Total Cost": 2526922.03, "Plan Rows": 1, "Plan Width": 53, "Plans": [{"Node Type": "Merge Join", "Parent Relationship": "Outer", "Join Type": "Inner", "Startup Cost": 2397728.42, "Total Cost": 2514323.71, "Plan Rows": 719903, "Plan Width": 37, "Inner Unique": false, "Merge Cond": "(part.p_partkey = lineitem.l_partkey)", "Plans": [{"Node Type": "Index Scan", "Parent Relationship": "Outer", "Scan Direction": "Forward", "Index Name": "part_kpey", "Relation Name": "part", "Alias": "part", "Startup Cost": 0.0, "Total Cost": 100803.25, "Plan Rows": 2000000, "Plan Width": 29}, {"Node Type": "Sort", "Parent Relationship": "Inner", "Startup Cost": 2397723.66, "Total Cost": 2399523.42, "Plan Rows": 719903, "Plan Width": 24, "Sort Key": ["lineitem.l_partkey"], "Plans": [{"Node Type": "Index Scan", "Parent Relationship": "Outer", "Scan Direction": "Forward", "Index Name": "idx_lineitem_shipdate", "Relation Name": "lineitem", "Alias": "lineitem", "Startup Cost": 0.0, "Total Cost": 2327686.3, "Plan Rows": 719903, "Plan Width": 24, "Index Cond": "((l_shipdate >= '1996-12-01 00:00:00'::timestamp(0) without time zone) AND (l_shipdate < '1997-01-01 00:00:00'::timestamp without time zone)), (LLVM Optimized)"}]}]}]}, "Unique SQL Id": 379939634, "Planner Runtime": 0}, "explain_analyze_plan": {"Plan": {"Node Type": "Aggregate", "Strategy": "Plain", "Startup Cost": 2526922.01, "Total Cost": 2526922.03, "Plan Rows": 1, "Plan Width": 53, "Actual Startup Time": 4491.945, "Actual Total Time": 4491.946, "Actual Rows": 1, "Actual Loops": 1, "Plans": [{"Node Type": "Merge Join", "Parent Relationship": "Outer", "Join Type": "Inner", "Startup Cost": 2397728.42, "Total Cost": 2514323.71, "Plan Rows": 719903, "Plan Width": 37, "Actual Startup Time": 2204.427, "Actual Total Time": 4106.753, "Actual Rows": 772803, "Actual Loops": 1, "Inner Unique": false, "Merge Cond": "(part.p_partkey = lineitem.l_partkey)", "Plans": [{"Node Type": "Index Scan", "Parent Relationship": "Outer", "Scan Direction": "Forward", "Index Name": "part_kpey", "Relation Name": "part", "Alias": "part", "Startup Cost": 0.0, "Total Cost": 100803.25, "Plan Rows": 2000000, "Plan Width": 29, "Actual Startup Time": 0.032, "Actual Total Time": 1086.286, "Actual Rows": 2000000, "Actual Loops": 1}, {"Node Type": "Sort", "Parent Relationship": "Inner", "Startup Cost": 2397723.66, "Total Cost": 2399523.42, "Plan Rows": 719903, "Plan Width": 24, "Actual Startup Time": 2204.363, "Actual Total Time": 2386.355, "Actual Rows": 772803, "Actual Loops": 1, "Sort Key": ["lineitem.l_partkey"], "Sort Method": "quicksort", "Sort Space Used": 97027, "Sort Space Type": "Memory", "Plans": [{"Node Type": "Index Scan", "Parent Relationship": "Outer", "Scan Direction": "Forward", "Index Name": "idx_lineitem_shipdate", "Relation Name": "lineitem", "Alias": "lineitem", "Startup Cost": 0.0, "Total Cost": 2327686.3, "Plan Rows": 719903, "Plan Width": 24, "Actual Startup Time": 0.024, "Actual Total Time": 1861.316, "Actual Rows": 772803, "Actual Loops": 1, "Index Cond": "((l_shipdate >= '1996-12-01 00:00:00'::timestamp(0) without time zone) AND (l_shipdate < '1997-01-01 00:00:00'::timestamp without time zone)), (LLVM Optimized, Jit Execute)", "Rows Removed by Index Recheck": 0}]}]}]}, "Triggers": [], "Planner Runtime": 0, "Total Runtime": 4502.2, "Unique SQL Id": 379939634}}, "(1, 29)": {"explain_plan": {"Plan": {"Node Type": "Aggregate", "Strategy": "Plain", "Startup Cost": 2526922.01, "Total Cost": 2526922.03, "Plan Rows": 1, "Plan Width": 53, "Plans": [{"Node Type": "Merge Join", "Parent Relationship": "Outer", "Join Type": "Inner", "Startup Cost": 2397728.42, "Total Cost": 2514323.71, "Plan Rows": 719903, "Plan Width": 37, "Inner Unique": true, "Merge Cond": "(lineitem.l_partkey = part.p_partkey)", "Plans": [{"Node Type": "Sort", "Parent Relationship": "Outer", "Startup Cost": 2397723.66, "Total Cost": 2399523.42, "Plan Rows": 719903, "Plan Width": 24, "Sort Key": ["lineitem.l_partkey"], "Plans": [{"Node Type": "Index Scan", "Parent Relationship": "Outer", "Scan Direction": "Forward", "Index Name": "idx_lineitem_shipdate", "Relation Name": "lineitem", "Alias": "lineitem", "Startup Cost": 0.0, "Total Cost": 2327686.3, "Plan Rows": 719903, "Plan Width": 24, "Index Cond": "((l_shipdate >= '1996-12-01 00:00:00'::timestamp(0) without time zone) AND (l_shipdate < '1997-01-01 00:00:00'::timestamp without time zone)), (LLVM Optimized)"}]}, {"Node Type": "Index Scan", "Parent Relationship": "Inner", "Scan Direction": "Forward", "Index Name": "part_kpey", "Relation Name": "part", "Alias": "part", "Startup Cost": 0.0, "Total Cost": 100803.25, "Plan Rows": 2000000, "Plan Width": 29}]}]}, "Unique SQL Id": 379939634, "Planner Runtime": 0}, "explain_analyze_plan": {"Plan": {"Node Type": "Aggregate", "Strategy": "Plain", "Startup Cost": 2526922.01, "Total Cost": 2526922.03, "Plan Rows": 1, "Plan Width": 53, "Actual Startup Time": 4968.111, "Actual Total Time": 4968.112, "Actual Rows": 1, "Actual Loops": 1, "Plans": [{"Node Type": "Merge Join", "Parent Relationship": "Outer", "Join Type": "Inner", "Startup Cost": 2397728.42, "Total Cost": 2514323.71, "Plan Rows": 719903, "Plan Width": 37, "Actual Startup Time": 2504.763, "Actual Total Time": 4586.853, "Actual Rows": 772803, "Actual Loops": 1, "Inner Unique": true, "Merge Cond": "(lineitem.l_partkey = part.p_partkey)", "Plans": [{"Node Type": "Sort", "Parent Relationship": "Outer", "Startup Cost": 2397723.66, "Total Cost": 2399523.42, "Plan Rows": 719903, "Plan Width": 24, "Actual Startup Time": 2504.699, "Actual Total Time": 2706.423, "Actual Rows": 772803, "Actual Loops": 1, "Sort Key": ["lineitem.l_partkey"], "Sort Method": "quicksort", "Sort Space Used": 97027, "Sort Space Type": "Memory", "Plans": [{"Node Type": "Index Scan", "Parent Relationship": "Outer", "Scan Direction": "Forward", "Index Name": "idx_lineitem_shipdate", "Relation Name": "lineitem", "Alias": "lineitem", "Startup Cost": 0.0, "Total Cost": 2327686.3, "Plan Rows": 719903, "Plan Width": 24, "Actual Startup Time": 0.032, "Actual Total Time": 2161.442, "Actual Rows": 772803, "Actual Loops": 1, "Index Cond": "((l_shipdate >= '1996-12-01 00:00:00'::timestamp(0) without time zone) AND (l_shipdate < '1997-01-01 00:00:00'::timestamp without time zone)), (LLVM Optimized, Jit Execute)", "Rows Removed by Index Recheck": 0}]}, {"Node Type": "Index Scan", "Parent Relationship": "Inner", "Scan Direction": "Forward", "Index Name": "part_kpey", "Relation Name": "part", "Alias": "part", "Startup Cost": 0.0, "Total Cost": 100803.25, "Plan Rows": 2000000, "Plan Width": 29, "Actual Startup Time": 0.047, "Actual Total Time": 1170.883, "Actual Rows": 1999999, "Actual Loops": 1}]}]}, "Triggers": [], "Planner Runtime": 0, "Total Runtime": 4978.33, "Unique SQL Id": 379939634}}, "(1, 30)": {"explain_plan": {"Plan": {"Node Type": "Aggregate", "Strategy": "Plain", "Startup Cost": 2689744.22, "Total Cost": 2689744.24, "Plan Rows": 1, "Plan Width": 53, "Plans": [{"Node Type": "Merge Join", "Parent Relationship": "Outer", "Join Type": "Inner", "Startup Cost": 2656347.99, "Total Cost": 2677145.92, "Plan Rows": 719903, "Plan Width": 37, "Inner Unique": true, "Merge Cond": "(lineitem.l_partkey = part.p_partkey)", "Plans": [{"Node Type": "Sort", "Parent Relationship": "Outer", "Startup Cost": 2385087.85, "Total Cost": 2386887.61, "Plan Rows": 719903, "Plan Width": 24, "Sort Key": ["lineitem.l_partkey"], "Plans": [{"Node Type": "Seq Scan", "Parent Relationship": "Outer", "Relation Name": "lineitem", "Alias": "lineitem", "Startup Cost": 44.59, "Total Cost": 2315050.5, "Plan Rows": 719903, "Plan Width": 24, "Filter": "((l_shipdate >= '1996-12-01 00:00:00'::timestamp(0) without time zone) AND (l_shipdate < '1997-01-01 00:00:00'::timestamp without time zone)), (LLVM Optimized)"}]}, {"Node Type": "Sort", "Parent Relationship": "Inner", "Startup Cost": 271259.69, "Total Cost": 276259.69, "Plan Rows": 2000000, "Plan Width": 29, "Sort Key": ["part.p_partkey"], "Plans": [{"Node Type": "Seq Scan", "Parent Relationship": "Outer", "Relation Name": "part", "Alias": "part", "Startup Cost": 0.0, "Total Cost": 61944.0, "Plan Rows": 2000000, "Plan Width": 29}]}]}]}, "Unique SQL Id": 379939634, "Planner Runtime": 0}, "explain_analyze_plan": null}, "(1, 31)": {"explain_plan": {"Plan": {"Node Type": "Aggregate", "Strategy": "Plain", "Startup Cost": 2000799156591.82, "Total Cost": 2000799156591.84, "Plan Rows": 1, "Plan Width": 53, "Plans": [{"Node Type": "Merge Join", "Parent Relationship": "Outer", "Join Type": "Inner", "Startup Cost": 20044550453.84, "Total Cost": 2000799143993.52, "Plan Rows": 719903, "Plan Width": 37, "Inner Unique": true, "Merge Cond": "(lineitem.l_partkey = part.p_partkey)", "Plans": [{"Node Type": "Index Scan", "Parent Relationship": "Outer", "Scan Direction": "Forward", "Index Name": "idx_lineitem_part_supp", "Relation Name": "lineitem", "Alias": "lineitem", "Startup Cost": 10000000000.0, "Total Cost": 1000805384836.14, "Plan Rows": 719903, "Plan Width": 24, "Filter": "((l_shipdate >= '1996-12-01 00:00:00'::timestamp(0) without time zone) AND (l_shipdate < '1997-01-01 00:00:00'::timestamp without time zone)), (LLVM Optimized)"}, {"Node Type": "Index Scan", "Parent Relationship": "Inner", "Scan Direction": "Forward", "Index Name": "part_kpey", "Relation Name": "part", "Alias": "part", "Startup Cost": 10000000000.0, "Total Cost": 1000010080325.0, "Plan Rows": 2000000, "Plan Width": 29}]}]}, "Unique SQL Id": 379939634, "Planner Runtime": 0}, "explain_analyze_plan": null}, "(1, 32)": {"explain_plan": {"Plan": {"Node Type": "Aggregate", "Strategy": "Plain", "Startup Cost": 1344441.29, "Total Cost": 1344441.3, "Plan Rows": 1, "Plan Width": 53, "Plans": [{"Node Type": "Hash Join", "Parent Relationship": "Outer", "Join Type": "Inner", "Startup Cost": 111887.26, "Total Cost": 1331842.98, "Plan Rows": 719903, "Plan Width": 37, "Inner Unique": true, "Hash Cond": "(lineitem.l_partkey = part.p_partkey), (LLVM Optimized)", "Plans": [{"Node Type": "Bitmap Heap Scan", "Parent Relationship": "Outer", "Relation Name": "lineitem", "Alias": "lineitem", "Startup Cost": 24943.26, "Total Cost": 1235000.32, "Plan Rows": 719903, "Plan Width": 24, "Recheck Cond": "((l_shipdate >= '1996-12-01 00:00:00'::timestamp(0) without time zone) AND (l_shipdate < '1997-01-01 00:00:00'::timestamp without time zone)), (LLVM Optimized)", "Plans": [{"Node Type": "Bitmap Index Scan", "Parent Relationship": "Outer", "Index Name": "idx_lineitem_shipdate", "Startup Cost": 0.0, "Total Cost": 24763.28, "Plan Rows": 719903, "Plan Width": 0, "Index Cond": "((l_shipdate >= '1996-12-01 00:00:00'::timestamp(0) without time zone) AND (l_shipdate < '1997-01-01 00:00:00'::timestamp without time zone))"}]}, {"Node Type": "Hash", "Parent Relationship": "Inner", "Startup Cost": 61944.0, "Total Cost": 61944.0, "Plan Rows": 2000000, "Plan Width": 29, "Plans": [{"Node Type": "Seq Scan", "Parent Relationship": "Outer", "Relation Name": "part", "Alias": "part", "Startup Cost": 0.0, "Total Cost": 61944.0, "Plan Rows": 2000000, "Plan Width": 29}]}]}]}, "Unique SQL Id": 379939634, "Planner Runtime": 0}, "explain_analyze_plan": {"Plan": {"Node Type": "Aggregate", "Strategy": "Plain", "Startup Cost": 1344441.29, "Total Cost": 1344441.3, "Plan Rows": 1, "Plan Width": 53, "Actual Startup Time": 3796.361, "Actual Total Time": 3796.362, "Actual Rows": 1, "Actual Loops": 1, "Plans": [{"Node Type": "Hash Join", "Parent Relationship": "Outer", "Join Type": "Inner", "Startup Cost": 111887.26, "Total Cost": 1331842.98, "Plan Rows": 719903, "Plan Width": 37, "Actual Startup Time": 1803.595, "Actual Total Time": 3429.111, "Actual Rows": 772803, "Actual Loops": 1, "Inner Unique": true, "Hash Cond": "(lineitem.l_partkey = part.p_partkey), (LLVM Optimized, Jit Execute)", "Plans": [{"Node Type": "Bitmap Heap Scan", "Parent Relationship": "Outer", "Relation Name": "lineitem", "Alias": "lineitem", "Startup Cost": 24943.26, "Total Cost": 1235000.32, "Plan Rows": 719903, "Plan Width": 24, "Actual Startup Time": 421.807, "Actual Total Time": 1498.429, "Actual Rows": 772803, "Actual Loops": 1, "Recheck Cond": "((l_shipdate >= '1996-12-01 00:00:00'::timestamp(0) without time zone) AND (l_shipdate < '1997-01-01 00:00:00'::timestamp without time zone)), (LLVM Optimized, Jit Execute)", "Rows Removed by Index Recheck": 0, "Exact Heap Blocks": 437909, "Lossy Heap Blocks": 437909, "Plans": [{"Node Type": "Bitmap Index Scan", "Parent Relationship": "Outer", "Index Name": "idx_lineitem_shipdate", "Startup Cost": 0.0, "Total Cost": 24763.28, "Plan Rows": 719903, "Plan Width": 0, "Actual Startup Time": 257.652, "Actual Total Time": 257.652, "Actual Rows": 772803, "Actual Loops": 1, "Index Cond": "((l_shipdate >= '1996-12-01 00:00:00'::timestamp(0) without time zone) AND (l_shipdate < '1997-01-01 00:00:00'::timestamp without time zone))"}]}, {"Node Type": "Hash", "Parent Relationship": "Inner", "Startup Cost": 61944.0, "Total Cost": 61944.0, "Plan Rows": 2000000, "Plan Width": 29, "Actual Startup Time": 1380.419, "Actual Total Time": 1380.419, "Actual Rows": 2000000, "Actual Loops": 1, "Hash Buckets": 2097152, "Hash Batches": 1, "Original Hash Batches": 1, "Peak Memory Usage": 126040, "Plans": [{"Node Type": "Seq Scan", "Parent Relationship": "Outer", "Relation Name": "part", "Alias": "part", "Startup Cost": 0.0, "Total Cost": 61944.0, "Plan Rows": 2000000, "Plan Width": 29, "Actual Startup Time": 0.033, "Actual Total Time": 705.317, "Actual Rows": 2000000, "Actual Loops": 1}]}]}]}, "Triggers": [], "Planner Runtime": 0, "Total Runtime": 3810.947, "Unique SQL Id": 379939634}}, "(1, 33)": {"explain_plan": {"Plan": {"Node Type": "Aggregate", "Strategy": "Plain", "Startup Cost": 1383300.54, "Total Cost": 1383300.55, "Plan Rows": 1, "Plan Width": 53, "Plans": [{"Node Type": "Hash Join", "Parent Relationship": "Outer", "Join Type": "Inner", "Startup Cost": 150746.51, "Total Cost": 1370702.23, "Plan Rows": 719903, "Plan Width": 37, "Inner Unique": true, "Hash Cond": "(lineitem.l_partkey = part.p_partkey), (LLVM Optimized)", "Plans": [{"Node Type": "Bitmap Heap Scan", "Parent Relationship": "Outer", "Relation Name": "lineitem", "Alias": "lineitem", "Startup Cost": 24943.26, "Total Cost": 1235000.32, "Plan Rows": 719903, "Plan Width": 24, "Recheck Cond": "((l_shipdate >= '1996-12-01 00:00:00'::timestamp(0) without time zone) AND (l_shipdate < '1997-01-01 00:00:00'::timestamp without time zone)), (LLVM Optimized)", "Plans": [{"Node Type": "Bitmap Index Scan", "Parent Relationship": "Outer", "Index Name": "idx_lineitem_shipdate", "Startup Cost": 0.0, "Total Cost": 24763.28, "Plan Rows": 719903, "Plan Width": 0, "Index Cond": "((l_shipdate >= '1996-12-01 00:00:00'::timestamp(0) without time zone) AND (l_shipdate < '1997-01-01 00:00:00'::timestamp without time zone))"}]}, {"Node Type": "Hash", "Parent Relationship": "Inner", "Startup Cost": 100803.25, "Total Cost": 100803.25, "Plan Rows": 2000000, "Plan Width": 29, "Plans": [{"Node Type": "Index Scan", "Parent Relationship": "Outer", "Scan Direction": "Forward", "Index Name": "part_kpey", "Relation Name": "part", "Alias": "part", "Startup Cost": 0.0, "Total Cost": 100803.25, "Plan Rows": 2000000, "Plan Width": 29}]}]}]}, "Unique SQL Id": 379939634, "Planner Runtime": 0}, "explain_analyze_plan": {"Plan": {"Node Type": "Aggregate", "Strategy": "Plain", "Startup Cost": 1383300.54, "Total Cost": 1383300.55, "Plan Rows": 1, "Plan Width": 53, "Actual Startup Time": 4307.314, "Actual Total Time": 4307.315, "Actual Rows": 1, "Actual Loops": 1, "Plans": [{"Node Type": "Hash Join", "Parent Relationship": "Outer", "Join Type": "Inner", "Startup Cost": 150746.51, "Total Cost": 1370702.23, "Plan Rows": 719903, "Plan Width": 37, "Actual Startup Time": 2342.752, "Actual Total Time": 3936.71, "Actual Rows": 772803, "Actual Loops": 1, "Inner Unique": true, "Hash Cond": "(lineitem.l_partkey = part.p_partkey), (LLVM Optimized, Jit Execute)", "Plans": [{"Node Type": "Bitmap Heap Scan", "Parent Relationship": "Outer", "Relation Name": "lineitem", "Alias": "lineitem", "Startup Cost": 24943.26, "Total Cost": 1235000.32, "Plan Rows": 719903, "Plan Width": 24, "Actual Startup Time": 427.329, "Actual Total Time": 1482.453, "Actual Rows": 772803, "Actual Loops": 1, "Recheck Cond": "((l_shipdate >= '1996-12-01 00:00:00'::timestamp(0) without time zone) AND (l_shipdate < '1997-01-01 00:00:00'::timestamp without time zone)), (LLVM Optimized, Jit Execute)", "Rows Removed by Index Recheck": 0, "Exact Heap Blocks": 437909, "Lossy Heap Blocks": 437909, "Plans": [{"Node Type": "Bitmap Index Scan", "Parent Relationship": "Outer", "Index Name": "idx_lineitem_shipdate", "Startup Cost": 0.0, "Total Cost": 24763.28, "Plan Rows": 719903, "Plan Width": 0, "Actual Startup Time": 262.379, "Actual Total Time": 262.379, "Actual Rows": 772803, "Actual Loops": 1, "Index Cond": "((l_shipdate >= '1996-12-01 00:00:00'::timestamp(0) without time zone) AND (l_shipdate < '1997-01-01 00:00:00'::timestamp without time zone))"}]}, {"Node Type": "Hash", "Parent Relationship": "Inner", "Startup Cost": 100803.25, "Total Cost": 100803.25, "Plan Rows": 2000000, "Plan Width": 29, "Actual Startup Time": 1913.87, "Actual Total Time": 1913.87, "Actual Rows": 2000000, "Actual Loops": 1, "Hash Buckets": 2097152, "Hash Batches": 1, "Original Hash Batches": 1, "Peak Memory Usage": 126040, "Plans": [{"Node Type": "Index Scan", "Parent Relationship": "Outer", "Scan Direction": "Forward", "Index Name": "part_kpey", "Relation Name": "part", "Alias": "part", "Startup Cost": 0.0, "Total Cost": 100803.25, "Plan Rows": 2000000, "Plan Width": 29, "Actual Startup Time": 0.051, "Actual Total Time": 1248.752, "Actual Rows": 2000000, "Actual Loops": 1}]}]}]}, "Triggers": [], "Planner Runtime": 0, "Total Runtime": 4321.893, "Unique SQL Id": 379939634}}, "(1, 34)": {"explain_plan": {"Plan": {"Node Type": "Aggregate", "Strategy": "Plain", "Startup Cost": 1344441.29, "Total Cost": 1344441.3, "Plan Rows": 1, "Plan Width": 53, "Plans": [{"Node Type": "Hash Join", "Parent Relationship": "Outer", "Join Type": "Inner", "Startup Cost": 111887.26, "Total Cost": 1331842.98, "Plan Rows": 719903, "Plan Width": 37, "Inner Unique": true, "Hash Cond": "(lineitem.l_partkey = part.p_partkey), (LLVM Optimized)", "Plans": [{"Node Type": "Bitmap Heap Scan", "Parent Relationship": "Outer", "Relation Name": "lineitem", "Alias": "lineitem", "Startup Cost": 24943.26, "Total Cost": 1235000.32, "Plan Rows": 719903, "Plan Width": 24, "Recheck Cond": "((l_shipdate >= '1996-12-01 00:00:00'::timestamp(0) without time zone) AND (l_shipdate < '1997-01-01 00:00:00'::timestamp without time zone)), (LLVM Optimized)", "Plans": [{"Node Type": "Bitmap Index Scan", "Parent Relationship": "Outer", "Index Name": "idx_lineitem_shipdate", "Startup Cost": 0.0, "Total Cost": 24763.28, "Plan Rows": 719903, "Plan Width": 0, "Index Cond": "((l_shipdate >= '1996-12-01 00:00:00'::timestamp(0) without time zone) AND (l_shipdate < '1997-01-01 00:00:00'::timestamp without time zone))"}]}, {"Node Type": "Hash", "Parent Relationship": "Inner", "Startup Cost": 61944.0, "Total Cost": 61944.0, "Plan Rows": 2000000, "Plan Width": 29, "Plans": [{"Node Type": "Seq Scan", "Parent Relationship": "Outer", "Relation Name": "part", "Alias": "part", "Startup Cost": 0.0, "Total Cost": 61944.0, "Plan Rows": 2000000, "Plan Width": 29}]}]}]}, "Unique SQL Id": 379939634, "Planner Runtime": 0}, "explain_analyze_plan": {"Plan": {"Node Type": "Aggregate", "Strategy": "Plain", "Startup Cost": 1344441.29, "Total Cost": 1344441.3, "Plan Rows": 1, "Plan Width": 53, "Actual Startup Time": 3796.361, "Actual Total Time": 3796.362, "Actual Rows": 1, "Actual Loops": 1, "Plans": [{"Node Type": "Hash Join", "Parent Relationship": "Outer", "Join Type": "Inner", "Startup Cost": 111887.26, "Total Cost": 1331842.98, "Plan Rows": 719903, "Plan Width": 37, "Actual Startup Time": 1803.595, "Actual Total Time": 3429.111, "Actual Rows": 772803, "Actual Loops": 1, "Inner Unique": true, "Hash Cond": "(lineitem.l_partkey = part.p_partkey), (LLVM Optimized, Jit Execute)", "Plans": [{"Node Type": "Bitmap Heap Scan", "Parent Relationship": "Outer", "Relation Name": "lineitem", "Alias": "lineitem", "Startup Cost": 24943.26, "Total Cost": 1235000.32, "Plan Rows": 719903, "Plan Width": 24, "Actual Startup Time": 421.807, "Actual Total Time": 1498.429, "Actual Rows": 772803, "Actual Loops": 1, "Recheck Cond": "((l_shipdate >= '1996-12-01 00:00:00'::timestamp(0) without time zone) AND (l_shipdate < '1997-01-01 00:00:00'::timestamp without time zone)), (LLVM Optimized, Jit Execute)", "Rows Removed by Index Recheck": 0, "Exact Heap Blocks": 437909, "Lossy Heap Blocks": 437909, "Plans": [{"Node Type": "Bitmap Index Scan", "Parent Relationship": "Outer", "Index Name": "idx_lineitem_shipdate", "Startup Cost": 0.0, "Total Cost": 24763.28, "Plan Rows": 719903, "Plan Width": 0, "Actual Startup Time": 257.652, "Actual Total Time": 257.652, "Actual Rows": 772803, "Actual Loops": 1, "Index Cond": "((l_shipdate >= '1996-12-01 00:00:00'::timestamp(0) without time zone) AND (l_shipdate < '1997-01-01 00:00:00'::timestamp without time zone))"}]}, {"Node Type": "Hash", "Parent Relationship": "Inner", "Startup Cost": 61944.0, "Total Cost": 61944.0, "Plan Rows": 2000000, "Plan Width": 29, "Actual Startup Time": 1380.419, "Actual Total Time": 1380.419, "Actual Rows": 2000000, "Actual Loops": 1, "Hash Buckets": 2097152, "Hash Batches": 1, "Original Hash Batches": 1, "Peak Memory Usage": 126040, "Plans": [{"Node Type": "Seq Scan", "Parent Relationship": "Outer", "Relation Name": "part", "Alias": "part", "Startup Cost": 0.0, "Total Cost": 61944.0, "Plan Rows": 2000000, "Plan Width": 29, "Actual Startup Time": 0.033, "Actual Total Time": 705.317, "Actual Rows": 2000000, "Actual Loops": 1}]}]}]}, "Triggers": [], "Planner Runtime": 0, "Total Runtime": 3810.947, "Unique SQL Id": 379939634}}, "(1, 35)": {"explain_plan": {"Plan": {"Node Type": "Aggregate", "Strategy": "Plain", "Startup Cost": 4357819.44, "Total Cost": 4357819.45, "Plan Rows": 1, "Plan Width": 53, "Plans": [{"Node Type": "Nested Loop", "Parent Relationship": "Outer", "Join Type": "Inner", "Startup Cost": 24943.55, "Total Cost": 4345221.13, "Plan Rows": 719903, "Plan Width": 37, "Inner Unique": true, "Plans": [{"Node Type": "Bitmap Heap Scan", "Parent Relationship": "Outer", "Relation Name": "lineitem", "Alias": "lineitem", "Startup Cost": 24943.26, "Total Cost": 1235000.32, "Plan Rows": 719903, "Plan Width": 24, "Recheck Cond": "((l_shipdate >= '1996-12-01 00:00:00'::timestamp(0) without time zone) AND (l_shipdate < '1997-01-01 00:00:00'::timestamp without time zone)), (LLVM Optimized)", "Plans": [{"Node Type": "Bitmap Index Scan", "Parent Relationship": "Outer", "Index Name": "idx_lineitem_shipdate", "Startup Cost": 0.0, "Total Cost": 24763.28, "Plan Rows": 719903, "Plan Width": 0, "Index Cond": "((l_shipdate >= '1996-12-01 00:00:00'::timestamp(0) without time zone) AND (l_shipdate < '1997-01-01 00:00:00'::timestamp without time zone))"}]}, {"Node Type": "Bitmap Heap Scan", "Parent Relationship": "Inner", "Relation Name": "part", "Alias": "part", "Startup Cost": 0.3, "Total Cost": 4.31, "Plan Rows": 1, "Plan Width": 29, "Recheck Cond": "(p_partkey = lineitem.l_partkey)", "Plans": [{"Node Type": "Bitmap Index Scan", "Parent Relationship": "Outer", "Index Name": "part_kpey", "Startup Cost": 0.0, "Total Cost": 0.3, "Plan Rows": 1, "Plan Width": 0, "Index Cond": "(p_partkey = lineitem.l_partkey)"}]}]}]}, "Unique SQL Id": 379939634, "Planner Runtime": 0}, "explain_analyze_plan": {"Plan": {"Node Type": "Aggregate", "Strategy": "Plain", "Startup Cost": 4357819.44, "Total Cost": 4357819.45, "Plan Rows": 1, "Plan Width": 53, "Actual Startup Time": 8304.191, "Actual Total Time": 8304.192, "Actual Rows": 1, "Actual Loops": 1, "Plans": [{"Node Type": "Nested Loop", "Parent Relationship": "Outer", "Join Type": "Inner", "Startup Cost": 24943.55, "Total Cost": 4345221.13, "Plan Rows": 719903, "Plan Width": 37, "Actual Startup Time": 424.918, "Actual Total Time": 7787.203, "Actual Rows": 772803, "Actual Loops": 1, "Inner Unique": true, "Plans": [{"Node Type": "Bitmap Heap Scan", "Parent Relationship": "Outer", "Relation Name": "lineitem", "Alias": "lineitem", "Startup Cost": 24943.26, "Total Cost": 1235000.32, "Plan Rows": 719903, "Plan Width": 24, "Actual Startup Time": 424.737, "Actual Total Time": 1608.02, "Actual Rows": 772803, "Actual Loops": 1, "Recheck Cond": "((l_shipdate >= '1996-12-01 00:00:00'::timestamp(0) without time zone) AND (l_shipdate < '1997-01-01 00:00:00'::timestamp without time zone)), (LLVM Optimized, Jit Execute)", "Rows Removed by Index Recheck": 0, "Exact Heap Blocks": 437909, "Lossy Heap Blocks": 437909, "Plans": [{"Node Type": "Bitmap Index Scan", "Parent Relationship": "Outer", "Index Name": "idx_lineitem_shipdate", "Startup Cost": 0.0, "Total Cost": 24763.28, "Plan Rows": 719903, "Plan Width": 0, "Actual Startup Time": 257.536, "Actual Total Time": 257.536, "Actual Rows": 772803, "Actual Loops": 1, "Index Cond": "((l_shipdate >= '1996-12-01 00:00:00'::timestamp(0) without time zone) AND (l_shipdate < '1997-01-01 00:00:00'::timestamp without time zone))"}]}, {"Node Type": "Bitmap Heap Scan", "Parent Relationship": "Inner", "Relation Name": "part", "Alias": "part", "Startup Cost": 0.3, "Total Cost": 4.31, "Plan Rows": 1, "Plan Width": 29, "Actual Startup Time": 5111.348, "Actual Total Time": 5111.348, "Actual Rows": 772803, "Actual Loops": 772803, "Recheck Cond": "(p_partkey = lineitem.l_partkey)", "Rows Removed by Index Recheck": 0, "Exact Heap Blocks": 772803, "Lossy Heap Blocks": 772803, "Plans": [{"Node Type": "Bitmap Index Scan", "Parent Relationship": "Outer", "Index Name": "part_kpey", "Startup Cost": 0.0, "Total Cost": 0.3, "Plan Rows": 1, "Plan Width": 0, "Actual Startup Time": 3133.071, "Actual Total Time": 3133.071, "Actual Rows": 772803, "Actual Loops": 772803, "Index Cond": "(p_partkey = lineitem.l_partkey)"}]}]}]}, "Triggers": [], "Planner Runtime": 0, "Total Runtime": 8315.455, "Unique SQL Id": 379939634}}, "(1, 36)": {"explain_plan": {"Plan": {"Node Type": "Aggregate", "Strategy": "Plain", "Startup Cost": 1344441.29, "Total Cost": 1344441.3, "Plan Rows": 1, "Plan Width": 53, "Plans": [{"Node Type": "Hash Join", "Parent Relationship": "Outer", "Join Type": "Inner", "Startup Cost": 111887.26, "Total Cost": 1331842.98, "Plan Rows": 719903, "Plan Width": 37, "Inner Unique": true, "Hash Cond": "(lineitem.l_partkey = part.p_partkey), (LLVM Optimized)", "Plans": [{"Node Type": "Bitmap Heap Scan", "Parent Relationship": "Outer", "Relation Name": "lineitem", "Alias": "lineitem", "Startup Cost": 24943.26, "Total Cost": 1235000.32, "Plan Rows": 719903, "Plan Width": 24, "Recheck Cond": "((l_shipdate >= '1996-12-01 00:00:00'::timestamp(0) without time zone) AND (l_shipdate < '1997-01-01 00:00:00'::timestamp without time zone)), (LLVM Optimized)", "Plans": [{"Node Type": "Bitmap Index Scan", "Parent Relationship": "Outer", "Index Name": "idx_lineitem_shipdate", "Startup Cost": 0.0, "Total Cost": 24763.28, "Plan Rows": 719903, "Plan Width": 0, "Index Cond": "((l_shipdate >= '1996-12-01 00:00:00'::timestamp(0) without time zone) AND (l_shipdate < '1997-01-01 00:00:00'::timestamp without time zone))"}]}, {"Node Type": "Hash", "Parent Relationship": "Inner", "Startup Cost": 61944.0, "Total Cost": 61944.0, "Plan Rows": 2000000, "Plan Width": 29, "Plans": [{"Node Type": "Seq Scan", "Parent Relationship": "Outer", "Relation Name": "part", "Alias": "part", "Startup Cost": 0.0, "Total Cost": 61944.0, "Plan Rows": 2000000, "Plan Width": 29}]}]}]}, "Unique SQL Id": 379939634, "Planner Runtime": 0}, "explain_analyze_plan": {"Plan": {"Node Type": "Aggregate", "Strategy": "Plain", "Startup Cost": 1344441.29, "Total Cost": 1344441.3, "Plan Rows": 1, "Plan Width": 53, "Actual Startup Time": 3796.361, "Actual Total Time": 3796.362, "Actual Rows": 1, "Actual Loops": 1, "Plans": [{"Node Type": "Hash Join", "Parent Relationship": "Outer", "Join Type": "Inner", "Startup Cost": 111887.26, "Total Cost": 1331842.98, "Plan Rows": 719903, "Plan Width": 37, "Actual Startup Time": 1803.595, "Actual Total Time": 3429.111, "Actual Rows": 772803, "Actual Loops": 1, "Inner Unique": true, "Hash Cond": "(lineitem.l_partkey = part.p_partkey), (LLVM Optimized, Jit Execute)", "Plans": [{"Node Type": "Bitmap Heap Scan", "Parent Relationship": "Outer", "Relation Name": "lineitem", "Alias": "lineitem", "Startup Cost": 24943.26, "Total Cost": 1235000.32, "Plan Rows": 719903, "Plan Width": 24, "Actual Startup Time": 421.807, "Actual Total Time": 1498.429, "Actual Rows": 772803, "Actual Loops": 1, "Recheck Cond": "((l_shipdate >= '1996-12-01 00:00:00'::timestamp(0) without time zone) AND (l_shipdate < '1997-01-01 00:00:00'::timestamp without time zone)), (LLVM Optimized, Jit Execute)", "Rows Removed by Index Recheck": 0, "Exact Heap Blocks": 437909, "Lossy Heap Blocks": 437909, "Plans": [{"Node Type": "Bitmap Index Scan", "Parent Relationship": "Outer", "Index Name": "idx_lineitem_shipdate", "Startup Cost": 0.0, "Total Cost": 24763.28, "Plan Rows": 719903, "Plan Width": 0, "Actual Startup Time": 257.652, "Actual Total Time": 257.652, "Actual Rows": 772803, "Actual Loops": 1, "Index Cond": "((l_shipdate >= '1996-12-01 00:00:00'::timestamp(0) without time zone) AND (l_shipdate < '1997-01-01 00:00:00'::timestamp without time zone))"}]}, {"Node Type": "Hash", "Parent Relationship": "Inner", "Startup Cost": 61944.0, "Total Cost": 61944.0, "Plan Rows": 2000000, "Plan Width": 29, "Actual Startup Time": 1380.419, "Actual Total Time": 1380.419, "Actual Rows": 2000000, "Actual Loops": 1, "Hash Buckets": 2097152, "Hash Batches": 1, "Original Hash Batches": 1, "Peak Memory Usage": 126040, "Plans": [{"Node Type": "Seq Scan", "Parent Relationship": "Outer", "Relation Name": "part", "Alias": "part", "Startup Cost": 0.0, "Total Cost": 61944.0, "Plan Rows": 2000000, "Plan Width": 29, "Actual Startup Time": 0.033, "Actual Total Time": 705.317, "Actual Rows": 2000000, "Actual Loops": 1}]}]}]}, "Triggers": [], "Planner Runtime": 0, "Total Runtime": 3810.947, "Unique SQL Id": 379939634}}, "(1, 37)": {"explain_plan": {"Plan": {"Node Type": "Aggregate", "Strategy": "Plain", "Startup Cost": 1383300.54, "Total Cost": 1383300.55, "Plan Rows": 1, "Plan Width": 53, "Plans": [{"Node Type": "Hash Join", "Parent Relationship": "Outer", "Join Type": "Inner", "Startup Cost": 150746.51, "Total Cost": 1370702.23, "Plan Rows": 719903, "Plan Width": 37, "Inner Unique": true, "Hash Cond": "(lineitem.l_partkey = part.p_partkey), (LLVM Optimized)", "Plans": [{"Node Type": "Bitmap Heap Scan", "Parent Relationship": "Outer", "Relation Name": "lineitem", "Alias": "lineitem", "Startup Cost": 24943.26, "Total Cost": 1235000.32, "Plan Rows": 719903, "Plan Width": 24, "Recheck Cond": "((l_shipdate >= '1996-12-01 00:00:00'::timestamp(0) without time zone) AND (l_shipdate < '1997-01-01 00:00:00'::timestamp without time zone)), (LLVM Optimized)", "Plans": [{"Node Type": "Bitmap Index Scan", "Parent Relationship": "Outer", "Index Name": "idx_lineitem_shipdate", "Startup Cost": 0.0, "Total Cost": 24763.28, "Plan Rows": 719903, "Plan Width": 0, "Index Cond": "((l_shipdate >= '1996-12-01 00:00:00'::timestamp(0) without time zone) AND (l_shipdate < '1997-01-01 00:00:00'::timestamp without time zone))"}]}, {"Node Type": "Hash", "Parent Relationship": "Inner", "Startup Cost": 100803.25, "Total Cost": 100803.25, "Plan Rows": 2000000, "Plan Width": 29, "Plans": [{"Node Type": "Index Scan", "Parent Relationship": "Outer", "Scan Direction": "Forward", "Index Name": "part_kpey", "Relation Name": "part", "Alias": "part", "Startup Cost": 0.0, "Total Cost": 100803.25, "Plan Rows": 2000000, "Plan Width": 29}]}]}]}, "Unique SQL Id": 379939634, "Planner Runtime": 0}, "explain_analyze_plan": {"Plan": {"Node Type": "Aggregate", "Strategy": "Plain", "Startup Cost": 1383300.54, "Total Cost": 1383300.55, "Plan Rows": 1, "Plan Width": 53, "Actual Startup Time": 4307.314, "Actual Total Time": 4307.315, "Actual Rows": 1, "Actual Loops": 1, "Plans": [{"Node Type": "Hash Join", "Parent Relationship": "Outer", "Join Type": "Inner", "Startup Cost": 150746.51, "Total Cost": 1370702.23, "Plan Rows": 719903, "Plan Width": 37, "Actual Startup Time": 2342.752, "Actual Total Time": 3936.71, "Actual Rows": 772803, "Actual Loops": 1, "Inner Unique": true, "Hash Cond": "(lineitem.l_partkey = part.p_partkey), (LLVM Optimized, Jit Execute)", "Plans": [{"Node Type": "Bitmap Heap Scan", "Parent Relationship": "Outer", "Relation Name": "lineitem", "Alias": "lineitem", "Startup Cost": 24943.26, "Total Cost": 1235000.32, "Plan Rows": 719903, "Plan Width": 24, "Actual Startup Time": 427.329, "Actual Total Time": 1482.453, "Actual Rows": 772803, "Actual Loops": 1, "Recheck Cond": "((l_shipdate >= '1996-12-01 00:00:00'::timestamp(0) without time zone) AND (l_shipdate < '1997-01-01 00:00:00'::timestamp without time zone)), (LLVM Optimized, Jit Execute)", "Rows Removed by Index Recheck": 0, "Exact Heap Blocks": 437909, "Lossy Heap Blocks": 437909, "Plans": [{"Node Type": "Bitmap Index Scan", "Parent Relationship": "Outer", "Index Name": "idx_lineitem_shipdate", "Startup Cost": 0.0, "Total Cost": 24763.28, "Plan Rows": 719903, "Plan Width": 0, "Actual Startup Time": 262.379, "Actual Total Time": 262.379, "Actual Rows": 772803, "Actual Loops": 1, "Index Cond": "((l_shipdate >= '1996-12-01 00:00:00'::timestamp(0) without time zone) AND (l_shipdate < '1997-01-01 00:00:00'::timestamp without time zone))"}]}, {"Node Type": "Hash", "Parent Relationship": "Inner", "Startup Cost": 100803.25, "Total Cost": 100803.25, "Plan Rows": 2000000, "Plan Width": 29, "Actual Startup Time": 1913.87, "Actual Total Time": 1913.87, "Actual Rows": 2000000, "Actual Loops": 1, "Hash Buckets": 2097152, "Hash Batches": 1, "Original Hash Batches": 1, "Peak Memory Usage": 126040, "Plans": [{"Node Type": "Index Scan", "Parent Relationship": "Outer", "Scan Direction": "Forward", "Index Name": "part_kpey", "Relation Name": "part", "Alias": "part", "Startup Cost": 0.0, "Total Cost": 100803.25, "Plan Rows": 2000000, "Plan Width": 29, "Actual Startup Time": 0.051, "Actual Total Time": 1248.752, "Actual Rows": 2000000, "Actual Loops": 1}]}]}]}, "Triggers": [], "Planner Runtime": 0, "Total Runtime": 4321.893, "Unique SQL Id": 379939634}}, "(1, 38)": {"explain_plan": {"Plan": {"Node Type": "Aggregate", "Strategy": "Plain", "Startup Cost": 1344441.29, "Total Cost": 1344441.3, "Plan Rows": 1, "Plan Width": 53, "Plans": [{"Node Type": "Hash Join", "Parent Relationship": "Outer", "Join Type": "Inner", "Startup Cost": 111887.26, "Total Cost": 1331842.98, "Plan Rows": 719903, "Plan Width": 37, "Inner Unique": true, "Hash Cond": "(lineitem.l_partkey = part.p_partkey), (LLVM Optimized)", "Plans": [{"Node Type": "Bitmap Heap Scan", "Parent Relationship": "Outer", "Relation Name": "lineitem", "Alias": "lineitem", "Startup Cost": 24943.26, "Total Cost": 1235000.32, "Plan Rows": 719903, "Plan Width": 24, "Recheck Cond": "((l_shipdate >= '1996-12-01 00:00:00'::timestamp(0) without time zone) AND (l_shipdate < '1997-01-01 00:00:00'::timestamp without time zone)), (LLVM Optimized)", "Plans": [{"Node Type": "Bitmap Index Scan", "Parent Relationship": "Outer", "Index Name": "idx_lineitem_shipdate", "Startup Cost": 0.0, "Total Cost": 24763.28, "Plan Rows": 719903, "Plan Width": 0, "Index Cond": "((l_shipdate >= '1996-12-01 00:00:00'::timestamp(0) without time zone) AND (l_shipdate < '1997-01-01 00:00:00'::timestamp without time zone))"}]}, {"Node Type": "Hash", "Parent Relationship": "Inner", "Startup Cost": 61944.0, "Total Cost": 61944.0, "Plan Rows": 2000000, "Plan Width": 29, "Plans": [{"Node Type": "Seq Scan", "Parent Relationship": "Outer", "Relation Name": "part", "Alias": "part", "Startup Cost": 0.0, "Total Cost": 61944.0, "Plan Rows": 2000000, "Plan Width": 29}]}]}]}, "Unique SQL Id": 379939634, "Planner Runtime": 0}, "explain_analyze_plan": {"Plan": {"Node Type": "Aggregate", "Strategy": "Plain", "Startup Cost": 1344441.29, "Total Cost": 1344441.3, "Plan Rows": 1, "Plan Width": 53, "Actual Startup Time": 3796.361, "Actual Total Time": 3796.362, "Actual Rows": 1, "Actual Loops": 1, "Plans": [{"Node Type": "Hash Join", "Parent Relationship": "Outer", "Join Type": "Inner", "Startup Cost": 111887.26, "Total Cost": 1331842.98, "Plan Rows": 719903, "Plan Width": 37, "Actual Startup Time": 1803.595, "Actual Total Time": 3429.111, "Actual Rows": 772803, "Actual Loops": 1, "Inner Unique": true, "Hash Cond": "(lineitem.l_partkey = part.p_partkey), (LLVM Optimized, Jit Execute)", "Plans": [{"Node Type": "Bitmap Heap Scan", "Parent Relationship": "Outer", "Relation Name": "lineitem", "Alias": "lineitem", "Startup Cost": 24943.26, "Total Cost": 1235000.32, "Plan Rows": 719903, "Plan Width": 24, "Actual Startup Time": 421.807, "Actual Total Time": 1498.429, "Actual Rows": 772803, "Actual Loops": 1, "Recheck Cond": "((l_shipdate >= '1996-12-01 00:00:00'::timestamp(0) without time zone) AND (l_shipdate < '1997-01-01 00:00:00'::timestamp without time zone)), (LLVM Optimized, Jit Execute)", "Rows Removed by Index Recheck": 0, "Exact Heap Blocks": 437909, "Lossy Heap Blocks": 437909, "Plans": [{"Node Type": "Bitmap Index Scan", "Parent Relationship": "Outer", "Index Name": "idx_lineitem_shipdate", "Startup Cost": 0.0, "Total Cost": 24763.28, "Plan Rows": 719903, "Plan Width": 0, "Actual Startup Time": 257.652, "Actual Total Time": 257.652, "Actual Rows": 772803, "Actual Loops": 1, "Index Cond": "((l_shipdate >= '1996-12-01 00:00:00'::timestamp(0) without time zone) AND (l_shipdate < '1997-01-01 00:00:00'::timestamp without time zone))"}]}, {"Node Type": "Hash", "Parent Relationship": "Inner", "Startup Cost": 61944.0, "Total Cost": 61944.0, "Plan Rows": 2000000, "Plan Width": 29, "Actual Startup Time": 1380.419, "Actual Total Time": 1380.419, "Actual Rows": 2000000, "Actual Loops": 1, "Hash Buckets": 2097152, "Hash Batches": 1, "Original Hash Batches": 1, "Peak Memory Usage": 126040, "Plans": [{"Node Type": "Seq Scan", "Parent Relationship": "Outer", "Relation Name": "part", "Alias": "part", "Startup Cost": 0.0, "Total Cost": 61944.0, "Plan Rows": 2000000, "Plan Width": 29, "Actual Startup Time": 0.033, "Actual Total Time": 705.317, "Actual Rows": 2000000, "Actual Loops": 1}]}]}]}, "Triggers": [], "Planner Runtime": 0, "Total Runtime": 3810.947, "Unique SQL Id": 379939634}}, "(1, 39)": {"explain_plan": {"Plan": {"Node Type": "Aggregate", "Strategy": "Plain", "Startup Cost": 4357819.44, "Total Cost": 4357819.45, "Plan Rows": 1, "Plan Width": 53, "Plans": [{"Node Type": "Nested Loop", "Parent Relationship": "Outer", "Join Type": "Inner", "Startup Cost": 24943.55, "Total Cost": 4345221.13, "Plan Rows": 719903, "Plan Width": 37, "Inner Unique": true, "Plans": [{"Node Type": "Bitmap Heap Scan", "Parent Relationship": "Outer", "Relation Name": "lineitem", "Alias": "lineitem", "Startup Cost": 24943.26, "Total Cost": 1235000.32, "Plan Rows": 719903, "Plan Width": 24, "Recheck Cond": "((l_shipdate >= '1996-12-01 00:00:00'::timestamp(0) without time zone) AND (l_shipdate < '1997-01-01 00:00:00'::timestamp without time zone)), (LLVM Optimized)", "Plans": [{"Node Type": "Bitmap Index Scan", "Parent Relationship": "Outer", "Index Name": "idx_lineitem_shipdate", "Startup Cost": 0.0, "Total Cost": 24763.28, "Plan Rows": 719903, "Plan Width": 0, "Index Cond": "((l_shipdate >= '1996-12-01 00:00:00'::timestamp(0) without time zone) AND (l_shipdate < '1997-01-01 00:00:00'::timestamp without time zone))"}]}, {"Node Type": "Bitmap Heap Scan", "Parent Relationship": "Inner", "Relation Name": "part", "Alias": "part", "Startup Cost": 0.3, "Total Cost": 4.31, "Plan Rows": 1, "Plan Width": 29, "Recheck Cond": "(p_partkey = lineitem.l_partkey)", "Plans": [{"Node Type": "Bitmap Index Scan", "Parent Relationship": "Outer", "Index Name": "part_kpey", "Startup Cost": 0.0, "Total Cost": 0.3, "Plan Rows": 1, "Plan Width": 0, "Index Cond": "(p_partkey = lineitem.l_partkey)"}]}]}]}, "Unique SQL Id": 379939634, "Planner Runtime": 0}, "explain_analyze_plan": {"Plan": {"Node Type": "Aggregate", "Strategy": "Plain", "Startup Cost": 4357819.44, "Total Cost": 4357819.45, "Plan Rows": 1, "Plan Width": 53, "Actual Startup Time": 8304.191, "Actual Total Time": 8304.192, "Actual Rows": 1, "Actual Loops": 1, "Plans": [{"Node Type": "Nested Loop", "Parent Relationship": "Outer", "Join Type": "Inner", "Startup Cost": 24943.55, "Total Cost": 4345221.13, "Plan Rows": 719903, "Plan Width": 37, "Actual Startup Time": 424.918, "Actual Total Time": 7787.203, "Actual Rows": 772803, "Actual Loops": 1, "Inner Unique": true, "Plans": [{"Node Type": "Bitmap Heap Scan", "Parent Relationship": "Outer", "Relation Name": "lineitem", "Alias": "lineitem", "Startup Cost": 24943.26, "Total Cost": 1235000.32, "Plan Rows": 719903, "Plan Width": 24, "Actual Startup Time": 424.737, "Actual Total Time": 1608.02, "Actual Rows": 772803, "Actual Loops": 1, "Recheck Cond": "((l_shipdate >= '1996-12-01 00:00:00'::timestamp(0) without time zone) AND (l_shipdate < '1997-01-01 00:00:00'::timestamp without time zone)), (LLVM Optimized, Jit Execute)", "Rows Removed by Index Recheck": 0, "Exact Heap Blocks": 437909, "Lossy Heap Blocks": 437909, "Plans": [{"Node Type": "Bitmap Index Scan", "Parent Relationship": "Outer", "Index Name": "idx_lineitem_shipdate", "Startup Cost": 0.0, "Total Cost": 24763.28, "Plan Rows": 719903, "Plan Width": 0, "Actual Startup Time": 257.536, "Actual Total Time": 257.536, "Actual Rows": 772803, "Actual Loops": 1, "Index Cond": "((l_shipdate >= '1996-12-01 00:00:00'::timestamp(0) without time zone) AND (l_shipdate < '1997-01-01 00:00:00'::timestamp without time zone))"}]}, {"Node Type": "Bitmap Heap Scan", "Parent Relationship": "Inner", "Relation Name": "part", "Alias": "part", "Startup Cost": 0.3, "Total Cost": 4.31, "Plan Rows": 1, "Plan Width": 29, "Actual Startup Time": 5111.348, "Actual Total Time": 5111.348, "Actual Rows": 772803, "Actual Loops": 772803, "Recheck Cond": "(p_partkey = lineitem.l_partkey)", "Rows Removed by Index Recheck": 0, "Exact Heap Blocks": 772803, "Lossy Heap Blocks": 772803, "Plans": [{"Node Type": "Bitmap Index Scan", "Parent Relationship": "Outer", "Index Name": "part_kpey", "Startup Cost": 0.0, "Total Cost": 0.3, "Plan Rows": 1, "Plan Width": 0, "Actual Startup Time": 3133.071, "Actual Total Time": 3133.071, "Actual Rows": 772803, "Actual Loops": 772803, "Index Cond": "(p_partkey = lineitem.l_partkey)"}]}]}]}, "Triggers": [], "Planner Runtime": 0, "Total Runtime": 8315.455, "Unique SQL Id": 379939634}}, "(1, 40)": {"explain_plan": {"Plan": {"Node Type": "Aggregate", "Strategy": "Plain", "Startup Cost": 2437127.27, "Total Cost": 2437127.29, "Plan Rows": 1, "Plan Width": 53, "Plans": [{"Node Type": "Hash Join", "Parent Relationship": "Outer", "Join Type": "Inner", "Startup Cost": 86944.0, "Total Cost": 2424528.97, "Plan Rows": 719903, "Plan Width": 37, "Inner Unique": true, "Hash Cond": "(lineitem.l_partkey = part.p_partkey), (LLVM Optimized)", "Plans": [{"Node Type": "Index Scan", "Parent Relationship": "Outer", "Scan Direction": "Forward", "Index Name": "idx_lineitem_shipdate", "Relation Name": "lineitem", "Alias": "lineitem", "Startup Cost": 0.0, "Total Cost": 2327686.3, "Plan Rows": 719903, "Plan Width": 24, "Index Cond": "((l_shipdate >= '1996-12-01 00:00:00'::timestamp(0) without time zone) AND (l_shipdate < '1997-01-01 00:00:00'::timestamp without time zone)), (LLVM Optimized)"}, {"Node Type": "Hash", "Parent Relationship": "Inner", "Startup Cost": 61944.0, "Total Cost": 61944.0, "Plan Rows": 2000000, "Plan Width": 29, "Plans": [{"Node Type": "Seq Scan", "Parent Relationship": "Outer", "Relation Name": "part", "Alias": "part", "Startup Cost": 0.0, "Total Cost": 61944.0, "Plan Rows": 2000000, "Plan Width": 29}]}]}]}, "Unique SQL Id": 379939634, "Planner Runtime": 0}, "explain_analyze_plan": {"Plan": {"Node Type": "Aggregate", "Strategy": "Plain", "Startup Cost": 2437127.27, "Total Cost": 2437127.29, "Plan Rows": 1, "Plan Width": 53, "Actual Startup Time": 4092.206, "Actual Total Time": 4092.207, "Actual Rows": 1, "Actual Loops": 1, "Plans": [{"Node Type": "Hash Join", "Parent Relationship": "Outer", "Join Type": "Inner", "Startup Cost": 86944.0, "Total Cost": 2424528.97, "Plan Rows": 719903, "Plan Width": 37, "Actual Startup Time": 1348.184, "Actual Total Time": 3703.872, "Actual Rows": 772803, "Actual Loops": 1, "Inner Unique": true, "Hash Cond": "(lineitem.l_partkey = part.p_partkey), (LLVM Optimized, Jit Execute)", "Plans": [{"Node Type": "Index Scan", "Parent Relationship": "Outer", "Scan Direction": "Forward", "Index Name": "idx_lineitem_shipdate", "Relation Name": "lineitem", "Alias": "lineitem", "Startup Cost": 0.0, "Total Cost": 2327686.3, "Plan Rows": 719903, "Plan Width": 24, "Actual Startup Time": 0.028, "Actual Total Time": 1733.634, "Actual Rows": 772803, "Actual Loops": 1, "Index Cond": "((l_shipdate >= '1996-12-01 00:00:00'::timestamp(0) without time zone) AND (l_shipdate < '1997-01-01 00:00:00'::timestamp without time zone)), (LLVM Optimized, Jit Execute)", "Rows Removed by Index Recheck": 0}, {"Node Type": "Hash", "Parent Relationship": "Inner", "Startup Cost": 61944.0, "Total Cost": 61944.0, "Plan Rows": 2000000, "Plan Width": 29, "Actual Startup Time": 1346.859, "Actual Total Time": 1346.859, "Actual Rows": 2000000, "Actual Loops": 1, "Hash Buckets": 2097152, "Hash Batches": 1, "Original Hash Batches": 1, "Peak Memory Usage": 126040, "Plans": [{"Node Type": "Seq Scan", "Parent Relationship": "Outer", "Relation Name": "part", "Alias": "part", "Startup Cost": 0.0, "Total Cost": 61944.0, "Plan Rows": 2000000, "Plan Width": 29, "Actual Startup Time": 0.02, "Actual Total Time": 704.049, "Actual Rows": 2000000, "Actual Loops": 1}]}]}]}, "Triggers": [], "Planner Runtime": 0, "Total Runtime": 4106.07, "Unique SQL Id": 379939634}}, "(1, 41)": {"explain_plan": {"Plan": {"Node Type": "Aggregate", "Strategy": "Plain", "Startup Cost": 2475986.52, "Total Cost": 2475986.54, "Plan Rows": 1, "Plan Width": 53, "Plans": [{"Node Type": "Hash Join", "Parent Relationship": "Outer", "Join Type": "Inner", "Startup Cost": 125803.25, "Total Cost": 2463388.22, "Plan Rows": 719903, "Plan Width": 37, "Inner Unique": true, "Hash Cond": "(lineitem.l_partkey = part.p_partkey), (LLVM Optimized)", "Plans": [{"Node Type": "Index Scan", "Parent Relationship": "Outer", "Scan Direction": "Forward", "Index Name": "idx_lineitem_shipdate", "Relation Name": "lineitem", "Alias": "lineitem", "Startup Cost": 0.0, "Total Cost": 2327686.3, "Plan Rows": 719903, "Plan Width": 24, "Index Cond": "((l_shipdate >= '1996-12-01 00:00:00'::timestamp(0) without time zone) AND (l_shipdate < '1997-01-01 00:00:00'::timestamp without time zone)), (LLVM Optimized)"}, {"Node Type": "Hash", "Parent Relationship": "Inner", "Startup Cost": 100803.25, "Total Cost": 100803.25, "Plan Rows": 2000000, "Plan Width": 29, "Plans": [{"Node Type": "Index Scan", "Parent Relationship": "Outer", "Scan Direction": "Forward", "Index Name": "part_kpey", "Relation Name": "part", "Alias": "part", "Startup Cost": 0.0, "Total Cost": 100803.25, "Plan Rows": 2000000, "Plan Width": 29}]}]}]}, "Unique SQL Id": 379939634, "Planner Runtime": 0}, "explain_analyze_plan": {"Plan": {"Node Type": "Aggregate", "Strategy": "Plain", "Startup Cost": 2475986.52, "Total Cost": 2475986.54, "Plan Rows": 1, "Plan Width": 53, "Actual Startup Time": 5395.543, "Actual Total Time": 5395.544, "Actual Rows": 1, "Actual Loops": 1, "Plans": [{"Node Type": "Hash Join", "Parent Relationship": "Outer", "Join Type": "Inner", "Startup Cost": 125803.25, "Total Cost": 2463388.22, "Plan Rows": 719903, "Plan Width": 37, "Actual Startup Time": 2082.35, "Actual Total Time": 5006.935, "Actual Rows": 772803, "Actual Loops": 1, "Inner Unique": true, "Hash Cond": "(lineitem.l_partkey = part.p_partkey), (LLVM Optimized, Jit Execute)", "Plans": [{"Node Type": "Index Scan", "Parent Relationship": "Outer", "Scan Direction": "Forward", "Index Name": "idx_lineitem_shipdate", "Relation Name": "lineitem", "Alias": "lineitem", "Startup Cost": 0.0, "Total Cost": 2327686.3, "Plan Rows": 719903, "Plan Width": 24, "Actual Startup Time": 0.027, "Actual Total Time": 2159.076, "Actual Rows": 772803, "Actual Loops": 1, "Index Cond": "((l_shipdate >= '1996-12-01 00:00:00'::timestamp(0) without time zone) AND (l_shipdate < '1997-01-01 00:00:00'::timestamp without time zone)), (LLVM Optimized, Jit Execute)", "Rows Removed by Index Recheck": 0}, {"Node Type": "Hash", "Parent Relationship": "Inner", "Startup Cost": 100803.25, "Total Cost": 100803.25, "Plan Rows": 2000000, "Plan Width": 29, "Actual Startup Time": 2081.053, "Actual Total Time": 2081.053, "Actual Rows": 2000000, "Actual Loops": 1, "Hash Buckets": 2097152, "Hash Batches": 1, "Original Hash Batches": 1, "Peak Memory Usage": 126040, "Plans": [{"Node Type": "Index Scan", "Parent Relationship": "Outer", "Scan Direction": "Forward", "Index Name": "part_kpey", "Relation Name": "part", "Alias": "part", "Startup Cost": 0.0, "Total Cost": 100803.25, "Plan Rows": 2000000, "Plan Width": 29, "Actual Startup Time": 0.027, "Actual Total Time": 1262.5, "Actual Rows": 2000000, "Actual Loops": 1}]}]}]}, "Triggers": [], "Planner Runtime": 0, "Total Runtime": 5409.339, "Unique SQL Id": 379939634}}, "(1, 42)": {"explain_plan": {"Plan": {"Node Type": "Aggregate", "Strategy": "Plain", "Startup Cost": 2424491.46, "Total Cost": 2424491.48, "Plan Rows": 1, "Plan Width": 53, "Plans": [{"Node Type": "Hash Join", "Parent Relationship": "Outer", "Join Type": "Inner", "Startup Cost": 86988.59, "Total Cost": 2411893.16, "Plan Rows": 719903, "Plan Width": 37, "Inner Unique": true, "Hash Cond": "(lineitem.l_partkey = part.p_partkey), (LLVM Optimized)", "Plans": [{"Node Type": "Seq Scan", "Parent Relationship": "Outer", "Relation Name": "lineitem", "Alias": "lineitem", "Startup Cost": 44.59, "Total Cost": 2315050.5, "Plan Rows": 719903, "Plan Width": 24, "Filter": "((l_shipdate >= '1996-12-01 00:00:00'::timestamp(0) without time zone) AND (l_shipdate < '1997-01-01 00:00:00'::timestamp without time zone)), (LLVM Optimized)"}, {"Node Type": "Hash", "Parent Relationship": "Inner", "Startup Cost": 61944.0, "Total Cost": 61944.0, "Plan Rows": 2000000, "Plan Width": 29, "Plans": [{"Node Type": "Seq Scan", "Parent Relationship": "Outer", "Relation Name": "part", "Alias": "part", "Startup Cost": 0.0, "Total Cost": 61944.0, "Plan Rows": 2000000, "Plan Width": 29}]}]}]}, "Unique SQL Id": 379939634, "Planner Runtime": 0}, "explain_analyze_plan": null}, "(1, 43)": {"explain_plan": {"Plan": {"Node Type": "Aggregate", "Strategy": "Plain", "Startup Cost": 2000815512658.11, "Total Cost": 2000815512658.13, "Plan Rows": 1, "Plan Width": 53, "Plans": [{"Node Type": "Hash Join", "Parent Relationship": "Outer", "Join Type": "Inner", "Startup Cost": 1010010105325.0, "Total Cost": 2000815500059.81, "Plan Rows": 719903, "Plan Width": 37, "Inner Unique": true, "Hash Cond": "(lineitem.l_partkey = part.p_partkey), (LLVM Optimized)", "Plans": [{"Node Type": "Index Scan", "Parent Relationship": "Outer", "Scan Direction": "Forward", "Index Name": "idx_lineitem_part_supp", "Relation Name": "lineitem", "Alias": "lineitem", "Startup Cost": 10000000000.0, "Total Cost": 1000805384836.14, "Plan Rows": 719903, "Plan Width": 24, "Filter": "((l_shipdate >= '1996-12-01 00:00:00'::timestamp(0) without time zone) AND (l_shipdate < '1997-01-01 00:00:00'::timestamp without time zone)), (LLVM Optimized)"}, {"Node Type": "Hash", "Parent Relationship": "Inner", "Startup Cost": 1000010080325.0, "Total Cost": 1000010080325.0, "Plan Rows": 2000000, "Plan Width": 29, "Plans": [{"Node Type": "Index Scan", "Parent Relationship": "Outer", "Scan Direction": "Forward", "Index Name": "part_kpey", "Relation Name": "part", "Alias": "part", "Startup Cost": 10000000000.0, "Total Cost": 1000010080325.0, "Plan Rows": 2000000, "Plan Width": 29}]}]}]}, "Unique SQL Id": 379939634, "Planner Runtime": 0}, "explain_analyze_plan": null}, "(1, 44)": {"explain_plan": {"Plan": {"Node Type": "Aggregate", "Strategy": "Plain", "Startup Cost": 2437127.27, "Total Cost": 2437127.29, "Plan Rows": 1, "Plan Width": 53, "Plans": [{"Node Type": "Hash Join", "Parent Relationship": "Outer", "Join Type": "Inner", "Startup Cost": 86944.0, "Total Cost": 2424528.97, "Plan Rows": 719903, "Plan Width": 37, "Inner Unique": true, "Hash Cond": "(lineitem.l_partkey = part.p_partkey), (LLVM Optimized)", "Plans": [{"Node Type": "Index Scan", "Parent Relationship": "Outer", "Scan Direction": "Forward", "Index Name": "idx_lineitem_shipdate", "Relation Name": "lineitem", "Alias": "lineitem", "Startup Cost": 0.0, "Total Cost": 2327686.3, "Plan Rows": 719903, "Plan Width": 24, "Index Cond": "((l_shipdate >= '1996-12-01 00:00:00'::timestamp(0) without time zone) AND (l_shipdate < '1997-01-01 00:00:00'::timestamp without time zone)), (LLVM Optimized)"}, {"Node Type": "Hash", "Parent Relationship": "Inner", "Startup Cost": 61944.0, "Total Cost": 61944.0, "Plan Rows": 2000000, "Plan Width": 29, "Plans": [{"Node Type": "Seq Scan", "Parent Relationship": "Outer", "Relation Name": "part", "Alias": "part", "Startup Cost": 0.0, "Total Cost": 61944.0, "Plan Rows": 2000000, "Plan Width": 29}]}]}]}, "Unique SQL Id": 379939634, "Planner Runtime": 0}, "explain_analyze_plan": {"Plan": {"Node Type": "Aggregate", "Strategy": "Plain", "Startup Cost": 2437127.27, "Total Cost": 2437127.29, "Plan Rows": 1, "Plan Width": 53, "Actual Startup Time": 4092.206, "Actual Total Time": 4092.207, "Actual Rows": 1, "Actual Loops": 1, "Plans": [{"Node Type": "Hash Join", "Parent Relationship": "Outer", "Join Type": "Inner", "Startup Cost": 86944.0, "Total Cost": 2424528.97, "Plan Rows": 719903, "Plan Width": 37, "Actual Startup Time": 1348.184, "Actual Total Time": 3703.872, "Actual Rows": 772803, "Actual Loops": 1, "Inner Unique": true, "Hash Cond": "(lineitem.l_partkey = part.p_partkey), (LLVM Optimized, Jit Execute)", "Plans": [{"Node Type": "Index Scan", "Parent Relationship": "Outer", "Scan Direction": "Forward", "Index Name": "idx_lineitem_shipdate", "Relation Name": "lineitem", "Alias": "lineitem", "Startup Cost": 0.0, "Total Cost": 2327686.3, "Plan Rows": 719903, "Plan Width": 24, "Actual Startup Time": 0.028, "Actual Total Time": 1733.634, "Actual Rows": 772803, "Actual Loops": 1, "Index Cond": "((l_shipdate >= '1996-12-01 00:00:00'::timestamp(0) without time zone) AND (l_shipdate < '1997-01-01 00:00:00'::timestamp without time zone)), (LLVM Optimized, Jit Execute)", "Rows Removed by Index Recheck": 0}, {"Node Type": "Hash", "Parent Relationship": "Inner", "Startup Cost": 61944.0, "Total Cost": 61944.0, "Plan Rows": 2000000, "Plan Width": 29, "Actual Startup Time": 1346.859, "Actual Total Time": 1346.859, "Actual Rows": 2000000, "Actual Loops": 1, "Hash Buckets": 2097152, "Hash Batches": 1, "Original Hash Batches": 1, "Peak Memory Usage": 126040, "Plans": [{"Node Type": "Seq Scan", "Parent Relationship": "Outer", "Relation Name": "part", "Alias": "part", "Startup Cost": 0.0, "Total Cost": 61944.0, "Plan Rows": 2000000, "Plan Width": 29, "Actual Startup Time": 0.02, "Actual Total Time": 704.049, "Actual Rows": 2000000, "Actual Loops": 1}]}]}]}, "Triggers": [], "Planner Runtime": 0, "Total Runtime": 4106.07, "Unique SQL Id": 379939634}}, "(1, 45)": {"explain_plan": {"Plan": {"Node Type": "Aggregate", "Strategy": "Plain", "Startup Cost": 2475986.52, "Total Cost": 2475986.54, "Plan Rows": 1, "Plan Width": 53, "Plans": [{"Node Type": "Hash Join", "Parent Relationship": "Outer", "Join Type": "Inner", "Startup Cost": 125803.25, "Total Cost": 2463388.22, "Plan Rows": 719903, "Plan Width": 37, "Inner Unique": true, "Hash Cond": "(lineitem.l_partkey = part.p_partkey), (LLVM Optimized)", "Plans": [{"Node Type": "Index Scan", "Parent Relationship": "Outer", "Scan Direction": "Forward", "Index Name": "idx_lineitem_shipdate", "Relation Name": "lineitem", "Alias": "lineitem", "Startup Cost": 0.0, "Total Cost": 2327686.3, "Plan Rows": 719903, "Plan Width": 24, "Index Cond": "((l_shipdate >= '1996-12-01 00:00:00'::timestamp(0) without time zone) AND (l_shipdate < '1997-01-01 00:00:00'::timestamp without time zone)), (LLVM Optimized)"}, {"Node Type": "Hash", "Parent Relationship": "Inner", "Startup Cost": 100803.25, "Total Cost": 100803.25, "Plan Rows": 2000000, "Plan Width": 29, "Plans": [{"Node Type": "Index Scan", "Parent Relationship": "Outer", "Scan Direction": "Forward", "Index Name": "part_kpey", "Relation Name": "part", "Alias": "part", "Startup Cost": 0.0, "Total Cost": 100803.25, "Plan Rows": 2000000, "Plan Width": 29}]}]}]}, "Unique SQL Id": 379939634, "Planner Runtime": 0}, "explain_analyze_plan": {"Plan": {"Node Type": "Aggregate", "Strategy": "Plain", "Startup Cost": 2475986.52, "Total Cost": 2475986.54, "Plan Rows": 1, "Plan Width": 53, "Actual Startup Time": 5395.543, "Actual Total Time": 5395.544, "Actual Rows": 1, "Actual Loops": 1, "Plans": [{"Node Type": "Hash Join", "Parent Relationship": "Outer", "Join Type": "Inner", "Startup Cost": 125803.25, "Total Cost": 2463388.22, "Plan Rows": 719903, "Plan Width": 37, "Actual Startup Time": 2082.35, "Actual Total Time": 5006.935, "Actual Rows": 772803, "Actual Loops": 1, "Inner Unique": true, "Hash Cond": "(lineitem.l_partkey = part.p_partkey), (LLVM Optimized, Jit Execute)", "Plans": [{"Node Type": "Index Scan", "Parent Relationship": "Outer", "Scan Direction": "Forward", "Index Name": "idx_lineitem_shipdate", "Relation Name": "lineitem", "Alias": "lineitem", "Startup Cost": 0.0, "Total Cost": 2327686.3, "Plan Rows": 719903, "Plan Width": 24, "Actual Startup Time": 0.027, "Actual Total Time": 2159.076, "Actual Rows": 772803, "Actual Loops": 1, "Index Cond": "((l_shipdate >= '1996-12-01 00:00:00'::timestamp(0) without time zone) AND (l_shipdate < '1997-01-01 00:00:00'::timestamp without time zone)), (LLVM Optimized, Jit Execute)", "Rows Removed by Index Recheck": 0}, {"Node Type": "Hash", "Parent Relationship": "Inner", "Startup Cost": 100803.25, "Total Cost": 100803.25, "Plan Rows": 2000000, "Plan Width": 29, "Actual Startup Time": 2081.053, "Actual Total Time": 2081.053, "Actual Rows": 2000000, "Actual Loops": 1, "Hash Buckets": 2097152, "Hash Batches": 1, "Original Hash Batches": 1, "Peak Memory Usage": 126040, "Plans": [{"Node Type": "Index Scan", "Parent Relationship": "Outer", "Scan Direction": "Forward", "Index Name": "part_kpey", "Relation Name": "part", "Alias": "part", "Startup Cost": 0.0, "Total Cost": 100803.25, "Plan Rows": 2000000, "Plan Width": 29, "Actual Startup Time": 0.027, "Actual Total Time": 1262.5, "Actual Rows": 2000000, "Actual Loops": 1}]}]}]}, "Triggers": [], "Planner Runtime": 0, "Total Runtime": 5409.339, "Unique SQL Id": 379939634}}, "(1, 46)": {"explain_plan": {"Plan": {"Node Type": "Aggregate", "Strategy": "Plain", "Startup Cost": 2424491.46, "Total Cost": 2424491.48, "Plan Rows": 1, "Plan Width": 53, "Plans": [{"Node Type": "Hash Join", "Parent Relationship": "Outer", "Join Type": "Inner", "Startup Cost": 86988.59, "Total Cost": 2411893.16, "Plan Rows": 719903, "Plan Width": 37, "Inner Unique": true, "Hash Cond": "(lineitem.l_partkey = part.p_partkey), (LLVM Optimized)", "Plans": [{"Node Type": "Seq Scan", "Parent Relationship": "Outer", "Relation Name": "lineitem", "Alias": "lineitem", "Startup Cost": 44.59, "Total Cost": 2315050.5, "Plan Rows": 719903, "Plan Width": 24, "Filter": "((l_shipdate >= '1996-12-01 00:00:00'::timestamp(0) without time zone) AND (l_shipdate < '1997-01-01 00:00:00'::timestamp without time zone)), (LLVM Optimized)"}, {"Node Type": "Hash", "Parent Relationship": "Inner", "Startup Cost": 61944.0, "Total Cost": 61944.0, "Plan Rows": 2000000, "Plan Width": 29, "Plans": [{"Node Type": "Seq Scan", "Parent Relationship": "Outer", "Relation Name": "part", "Alias": "part", "Startup Cost": 0.0, "Total Cost": 61944.0, "Plan Rows": 2000000, "Plan Width": 29}]}]}]}, "Unique SQL Id": 379939634, "Planner Runtime": 0}, "explain_analyze_plan": null}, "(1, 47)": {"explain_plan": {"Plan": {"Node Type": "Aggregate", "Strategy": "Plain", "Startup Cost": 2000815512658.11, "Total Cost": 2000815512658.13, "Plan Rows": 1, "Plan Width": 53, "Plans": [{"Node Type": "Hash Join", "Parent Relationship": "Outer", "Join Type": "Inner", "Startup Cost": 1010010105325.0, "Total Cost": 2000815500059.81, "Plan Rows": 719903, "Plan Width": 37, "Inner Unique": true, "Hash Cond": "(lineitem.l_partkey = part.p_partkey), (LLVM Optimized)", "Plans": [{"Node Type": "Index Scan", "Parent Relationship": "Outer", "Scan Direction": "Forward", "Index Name": "idx_lineitem_part_supp", "Relation Name": "lineitem", "Alias": "lineitem", "Startup Cost": 10000000000.0, "Total Cost": 1000805384836.14, "Plan Rows": 719903, "Plan Width": 24, "Filter": "((l_shipdate >= '1996-12-01 00:00:00'::timestamp(0) without time zone) AND (l_shipdate < '1997-01-01 00:00:00'::timestamp without time zone)), (LLVM Optimized)"}, {"Node Type": "Hash", "Parent Relationship": "Inner", "Startup Cost": 1000010080325.0, "Total Cost": 1000010080325.0, "Plan Rows": 2000000, "Plan Width": 29, "Plans": [{"Node Type": "Index Scan", "Parent Relationship": "Outer", "Scan Direction": "Forward", "Index Name": "part_kpey", "Relation Name": "part", "Alias": "part", "Startup Cost": 10000000000.0, "Total Cost": 1000010080325.0, "Plan Rows": 2000000, "Plan Width": 29}]}]}]}, "Unique SQL Id": 379939634, "Planner Runtime": 0}, "explain_analyze_plan": null}, "(1, 48)": {"explain_plan": {"Plan": {"Node Type": "Aggregate", "Strategy": "Plain", "Startup Cost": 1645803.46, "Total Cost": 1645803.47, "Plan Rows": 1, "Plan Width": 53, "Plans": [{"Node Type": "Nested Loop", "Parent Relationship": "Outer", "Join Type": "Inner", "Startup Cost": 24943.26, "Total Cost": 1633205.16, "Plan Rows": 719903, "Plan Width": 37, "Inner Unique": true, "Plans": [{"Node Type": "Bitmap Heap Scan", "Parent Relationship": "Outer", "Relation Name": "lineitem", "Alias": "lineitem", "Startup Cost": 24943.26, "Total Cost": 1235000.32, "Plan Rows": 719903, "Plan Width": 24, "Recheck Cond": "((l_shipdate >= '1996-12-01 00:00:00'::timestamp(0) without time zone) AND (l_shipdate < '1997-01-01 00:00:00'::timestamp without time zone)), (LLVM Optimized)", "Plans": [{"Node Type": "Bitmap Index Scan", "Parent Relationship": "Outer", "Index Name": "idx_lineitem_shipdate", "Startup Cost": 0.0, "Total Cost": 24763.28, "Plan Rows": 719903, "Plan Width": 0, "Index Cond": "((l_shipdate >= '1996-12-01 00:00:00'::timestamp(0) without time zone) AND (l_shipdate < '1997-01-01 00:00:00'::timestamp without time zone))"}]}, {"Node Type": "Index Scan", "Parent Relationship": "Inner", "Scan Direction": "Forward", "Index Name": "part_kpey", "Relation Name": "part", "Alias": "part", "Startup Cost": 0.0, "Total Cost": 0.54, "Plan Rows": 1, "Plan Width": 29, "Index Cond": "(p_partkey = lineitem.l_partkey)"}]}]}, "Unique SQL Id": 379939634, "Planner Runtime": 0}, "explain_analyze_plan": {"Plan": {"Node Type": "Aggregate", "Strategy": "Plain", "Startup Cost": 1645803.46, "Total Cost": 1645803.47, "Plan Rows": 1, "Plan Width": 53, "Actual Startup Time": 6890.338, "Actual Total Time": 6890.338, "Actual Rows": 1, "Actual Loops": 1, "Plans": [{"Node Type": "Nested Loop", "Parent Relationship": "Outer", "Join Type": "Inner", "Startup Cost": 24943.26, "Total Cost": 1633205.16, "Plan Rows": 719903, "Plan Width": 37, "Actual Startup Time": 568.692, "Actual Total Time": 6434.886, "Actual Rows": 772803, "Actual Loops": 1, "Inner Unique": true, "Plans": [{"Node Type": "Bitmap Heap Scan", "Parent Relationship": "Outer", "Relation Name": "lineitem", "Alias": "lineitem", "Startup Cost": 24943.26, "Total Cost": 1235000.32, "Plan Rows": 719903, "Plan Width": 24, "Actual Startup Time": 568.647, "Actual Total Time": 1735.764, "Actual Rows": 772803, "Actual Loops": 1, "Recheck Cond": "((l_shipdate >= '1996-12-01 00:00:00'::timestamp(0) without time zone) AND (l_shipdate < '1997-01-01 00:00:00'::timestamp without time zone)), (LLVM Optimized, Jit Execute)", "Rows Removed by Index Recheck": 0, "Exact Heap Blocks": 437909, "Lossy Heap Blocks": 437909, "Plans": [{"Node Type": "Bitmap Index Scan", "Parent Relationship": "Outer", "Index Name": "idx_lineitem_shipdate", "Startup Cost": 0.0, "Total Cost": 24763.28, "Plan Rows": 719903, "Plan Width": 0, "Actual Startup Time": 360.085, "Actual Total Time": 360.085, "Actual Rows": 772803, "Actual Loops": 1, "Index Cond": "((l_shipdate >= '1996-12-01 00:00:00'::timestamp(0) without time zone) AND (l_shipdate < '1997-01-01 00:00:00'::timestamp without time zone))"}]}, {"Node Type": "Index Scan", "Parent Relationship": "Inner", "Scan Direction": "Forward", "Index Name": "part_kpey", "Relation Name": "part", "Alias": "part", "Startup Cost": 0.0, "Total Cost": 0.54, "Plan Rows": 1, "Plan Width": 29, "Actual Startup Time": 4064.912, "Actual Total Time": 4064.912, "Actual Rows": 772803, "Actual Loops": 772803, "Index Cond": "(p_partkey = lineitem.l_partkey)", "Rows Removed by Index Recheck": 0}]}]}, "Triggers": [], "Planner Runtime": 0, "Total Runtime": 6901.78, "Unique SQL Id": 379939634}}, "(1, 49)": {"explain_plan": {"Plan": {"Node Type": "Aggregate", "Strategy": "Plain", "Startup Cost": 1645803.46, "Total Cost": 1645803.47, "Plan Rows": 1, "Plan Width": 53, "Plans": [{"Node Type": "Nested Loop", "Parent Relationship": "Outer", "Join Type": "Inner", "Startup Cost": 24943.26, "Total Cost": 1633205.16, "Plan Rows": 719903, "Plan Width": 37, "Inner Unique": true, "Plans": [{"Node Type": "Bitmap Heap Scan", "Parent Relationship": "Outer", "Relation Name": "lineitem", "Alias": "lineitem", "Startup Cost": 24943.26, "Total Cost": 1235000.32, "Plan Rows": 719903, "Plan Width": 24, "Recheck Cond": "((l_shipdate >= '1996-12-01 00:00:00'::timestamp(0) without time zone) AND (l_shipdate < '1997-01-01 00:00:00'::timestamp without time zone)), (LLVM Optimized)", "Plans": [{"Node Type": "Bitmap Index Scan", "Parent Relationship": "Outer", "Index Name": "idx_lineitem_shipdate", "Startup Cost": 0.0, "Total Cost": 24763.28, "Plan Rows": 719903, "Plan Width": 0, "Index Cond": "((l_shipdate >= '1996-12-01 00:00:00'::timestamp(0) without time zone) AND (l_shipdate < '1997-01-01 00:00:00'::timestamp without time zone))"}]}, {"Node Type": "Index Scan", "Parent Relationship": "Inner", "Scan Direction": "Forward", "Index Name": "part_kpey", "Relation Name": "part", "Alias": "part", "Startup Cost": 0.0, "Total Cost": 0.54, "Plan Rows": 1, "Plan Width": 29, "Index Cond": "(p_partkey = lineitem.l_partkey)"}]}]}, "Unique SQL Id": 379939634, "Planner Runtime": 0}, "explain_analyze_plan": {"Plan": {"Node Type": "Aggregate", "Strategy": "Plain", "Startup Cost": 1645803.46, "Total Cost": 1645803.47, "Plan Rows": 1, "Plan Width": 53, "Actual Startup Time": 6890.338, "Actual Total Time": 6890.338, "Actual Rows": 1, "Actual Loops": 1, "Plans": [{"Node Type": "Nested Loop", "Parent Relationship": "Outer", "Join Type": "Inner", "Startup Cost": 24943.26, "Total Cost": 1633205.16, "Plan Rows": 719903, "Plan Width": 37, "Actual Startup Time": 568.692, "Actual Total Time": 6434.886, "Actual Rows": 772803, "Actual Loops": 1, "Inner Unique": true, "Plans": [{"Node Type": "Bitmap Heap Scan", "Parent Relationship": "Outer", "Relation Name": "lineitem", "Alias": "lineitem", "Startup Cost": 24943.26, "Total Cost": 1235000.32, "Plan Rows": 719903, "Plan Width": 24, "Actual Startup Time": 568.647, "Actual Total Time": 1735.764, "Actual Rows": 772803, "Actual Loops": 1, "Recheck Cond": "((l_shipdate >= '1996-12-01 00:00:00'::timestamp(0) without time zone) AND (l_shipdate < '1997-01-01 00:00:00'::timestamp without time zone)), (LLVM Optimized, Jit Execute)", "Rows Removed by Index Recheck": 0, "Exact Heap Blocks": 437909, "Lossy Heap Blocks": 437909, "Plans": [{"Node Type": "Bitmap Index Scan", "Parent Relationship": "Outer", "Index Name": "idx_lineitem_shipdate", "Startup Cost": 0.0, "Total Cost": 24763.28, "Plan Rows": 719903, "Plan Width": 0, "Actual Startup Time": 360.085, "Actual Total Time": 360.085, "Actual Rows": 772803, "Actual Loops": 1, "Index Cond": "((l_shipdate >= '1996-12-01 00:00:00'::timestamp(0) without time zone) AND (l_shipdate < '1997-01-01 00:00:00'::timestamp without time zone))"}]}, {"Node Type": "Index Scan", "Parent Relationship": "Inner", "Scan Direction": "Forward", "Index Name": "part_kpey", "Relation Name": "part", "Alias": "part", "Startup Cost": 0.0, "Total Cost": 0.54, "Plan Rows": 1, "Plan Width": 29, "Actual Startup Time": 4064.912, "Actual Total Time": 4064.912, "Actual Rows": 772803, "Actual Loops": 772803, "Index Cond": "(p_partkey = lineitem.l_partkey)", "Rows Removed by Index Recheck": 0}]}]}, "Triggers": [], "Planner Runtime": 0, "Total Runtime": 6901.78, "Unique SQL Id": 379939634}}, "(1, 50)": {"explain_plan": {"Plan": {"Node Type": "Aggregate", "Strategy": "Plain", "Startup Cost": 4357819.44, "Total Cost": 4357819.45, "Plan Rows": 1, "Plan Width": 53, "Plans": [{"Node Type": "Nested Loop", "Parent Relationship": "Outer", "Join Type": "Inner", "Startup Cost": 24943.55, "Total Cost": 4345221.13, "Plan Rows": 719903, "Plan Width": 37, "Inner Unique": true, "Plans": [{"Node Type": "Bitmap Heap Scan", "Parent Relationship": "Outer", "Relation Name": "lineitem", "Alias": "lineitem", "Startup Cost": 24943.26, "Total Cost": 1235000.32, "Plan Rows": 719903, "Plan Width": 24, "Recheck Cond": "((l_shipdate >= '1996-12-01 00:00:00'::timestamp(0) without time zone) AND (l_shipdate < '1997-01-01 00:00:00'::timestamp without time zone)), (LLVM Optimized)", "Plans": [{"Node Type": "Bitmap Index Scan", "Parent Relationship": "Outer", "Index Name": "idx_lineitem_shipdate", "Startup Cost": 0.0, "Total Cost": 24763.28, "Plan Rows": 719903, "Plan Width": 0, "Index Cond": "((l_shipdate >= '1996-12-01 00:00:00'::timestamp(0) without time zone) AND (l_shipdate < '1997-01-01 00:00:00'::timestamp without time zone))"}]}, {"Node Type": "Bitmap Heap Scan", "Parent Relationship": "Inner", "Relation Name": "part", "Alias": "part", "Startup Cost": 0.3, "Total Cost": 4.31, "Plan Rows": 1, "Plan Width": 29, "Recheck Cond": "(p_partkey = lineitem.l_partkey)", "Plans": [{"Node Type": "Bitmap Index Scan", "Parent Relationship": "Outer", "Index Name": "part_kpey", "Startup Cost": 0.0, "Total Cost": 0.3, "Plan Rows": 1, "Plan Width": 0, "Index Cond": "(p_partkey = lineitem.l_partkey)"}]}]}]}, "Unique SQL Id": 379939634, "Planner Runtime": 0}, "explain_analyze_plan": {"Plan": {"Node Type": "Aggregate", "Strategy": "Plain", "Startup Cost": 4357819.44, "Total Cost": 4357819.45, "Plan Rows": 1, "Plan Width": 53, "Actual Startup Time": 8304.191, "Actual Total Time": 8304.192, "Actual Rows": 1, "Actual Loops": 1, "Plans": [{"Node Type": "Nested Loop", "Parent Relationship": "Outer", "Join Type": "Inner", "Startup Cost": 24943.55, "Total Cost": 4345221.13, "Plan Rows": 719903, "Plan Width": 37, "Actual Startup Time": 424.918, "Actual Total Time": 7787.203, "Actual Rows": 772803, "Actual Loops": 1, "Inner Unique": true, "Plans": [{"Node Type": "Bitmap Heap Scan", "Parent Relationship": "Outer", "Relation Name": "lineitem", "Alias": "lineitem", "Startup Cost": 24943.26, "Total Cost": 1235000.32, "Plan Rows": 719903, "Plan Width": 24, "Actual Startup Time": 424.737, "Actual Total Time": 1608.02, "Actual Rows": 772803, "Actual Loops": 1, "Recheck Cond": "((l_shipdate >= '1996-12-01 00:00:00'::timestamp(0) without time zone) AND (l_shipdate < '1997-01-01 00:00:00'::timestamp without time zone)), (LLVM Optimized, Jit Execute)", "Rows Removed by Index Recheck": 0, "Exact Heap Blocks": 437909, "Lossy Heap Blocks": 437909, "Plans": [{"Node Type": "Bitmap Index Scan", "Parent Relationship": "Outer", "Index Name": "idx_lineitem_shipdate", "Startup Cost": 0.0, "Total Cost": 24763.28, "Plan Rows": 719903, "Plan Width": 0, "Actual Startup Time": 257.536, "Actual Total Time": 257.536, "Actual Rows": 772803, "Actual Loops": 1, "Index Cond": "((l_shipdate >= '1996-12-01 00:00:00'::timestamp(0) without time zone) AND (l_shipdate < '1997-01-01 00:00:00'::timestamp without time zone))"}]}, {"Node Type": "Bitmap Heap Scan", "Parent Relationship": "Inner", "Relation Name": "part", "Alias": "part", "Startup Cost": 0.3, "Total Cost": 4.31, "Plan Rows": 1, "Plan Width": 29, "Actual Startup Time": 5111.348, "Actual Total Time": 5111.348, "Actual Rows": 772803, "Actual Loops": 772803, "Recheck Cond": "(p_partkey = lineitem.l_partkey)", "Rows Removed by Index Recheck": 0, "Exact Heap Blocks": 772803, "Lossy Heap Blocks": 772803, "Plans": [{"Node Type": "Bitmap Index Scan", "Parent Relationship": "Outer", "Index Name": "part_kpey", "Startup Cost": 0.0, "Total Cost": 0.3, "Plan Rows": 1, "Plan Width": 0, "Actual Startup Time": 3133.071, "Actual Total Time": 3133.071, "Actual Rows": 772803, "Actual Loops": 772803, "Index Cond": "(p_partkey = lineitem.l_partkey)"}]}]}]}, "Triggers": [], "Planner Runtime": 0, "Total Runtime": 8315.455, "Unique SQL Id": 379939634}}, "(1, 51)": {"explain_plan": {"Plan": {"Node Type": "Aggregate", "Strategy": "Plain", "Startup Cost": 4357819.44, "Total Cost": 4357819.45, "Plan Rows": 1, "Plan Width": 53, "Plans": [{"Node Type": "Nested Loop", "Parent Relationship": "Outer", "Join Type": "Inner", "Startup Cost": 24943.55, "Total Cost": 4345221.13, "Plan Rows": 719903, "Plan Width": 37, "Inner Unique": true, "Plans": [{"Node Type": "Bitmap Heap Scan", "Parent Relationship": "Outer", "Relation Name": "lineitem", "Alias": "lineitem", "Startup Cost": 24943.26, "Total Cost": 1235000.32, "Plan Rows": 719903, "Plan Width": 24, "Recheck Cond": "((l_shipdate >= '1996-12-01 00:00:00'::timestamp(0) without time zone) AND (l_shipdate < '1997-01-01 00:00:00'::timestamp without time zone)), (LLVM Optimized)", "Plans": [{"Node Type": "Bitmap Index Scan", "Parent Relationship": "Outer", "Index Name": "idx_lineitem_shipdate", "Startup Cost": 0.0, "Total Cost": 24763.28, "Plan Rows": 719903, "Plan Width": 0, "Index Cond": "((l_shipdate >= '1996-12-01 00:00:00'::timestamp(0) without time zone) AND (l_shipdate < '1997-01-01 00:00:00'::timestamp without time zone))"}]}, {"Node Type": "Bitmap Heap Scan", "Parent Relationship": "Inner", "Relation Name": "part", "Alias": "part", "Startup Cost": 0.3, "Total Cost": 4.31, "Plan Rows": 1, "Plan Width": 29, "Recheck Cond": "(p_partkey = lineitem.l_partkey)", "Plans": [{"Node Type": "Bitmap Index Scan", "Parent Relationship": "Outer", "Index Name": "part_kpey", "Startup Cost": 0.0, "Total Cost": 0.3, "Plan Rows": 1, "Plan Width": 0, "Index Cond": "(p_partkey = lineitem.l_partkey)"}]}]}]}, "Unique SQL Id": 379939634, "Planner Runtime": 0}, "explain_analyze_plan": {"Plan": {"Node Type": "Aggregate", "Strategy": "Plain", "Startup Cost": 4357819.44, "Total Cost": 4357819.45, "Plan Rows": 1, "Plan Width": 53, "Actual Startup Time": 8304.191, "Actual Total Time": 8304.192, "Actual Rows": 1, "Actual Loops": 1, "Plans": [{"Node Type": "Nested Loop", "Parent Relationship": "Outer", "Join Type": "Inner", "Startup Cost": 24943.55, "Total Cost": 4345221.13, "Plan Rows": 719903, "Plan Width": 37, "Actual Startup Time": 424.918, "Actual Total Time": 7787.203, "Actual Rows": 772803, "Actual Loops": 1, "Inner Unique": true, "Plans": [{"Node Type": "Bitmap Heap Scan", "Parent Relationship": "Outer", "Relation Name": "lineitem", "Alias": "lineitem", "Startup Cost": 24943.26, "Total Cost": 1235000.32, "Plan Rows": 719903, "Plan Width": 24, "Actual Startup Time": 424.737, "Actual Total Time": 1608.02, "Actual Rows": 772803, "Actual Loops": 1, "Recheck Cond": "((l_shipdate >= '1996-12-01 00:00:00'::timestamp(0) without time zone) AND (l_shipdate < '1997-01-01 00:00:00'::timestamp without time zone)), (LLVM Optimized, Jit Execute)", "Rows Removed by Index Recheck": 0, "Exact Heap Blocks": 437909, "Lossy Heap Blocks": 437909, "Plans": [{"Node Type": "Bitmap Index Scan", "Parent Relationship": "Outer", "Index Name": "idx_lineitem_shipdate", "Startup Cost": 0.0, "Total Cost": 24763.28, "Plan Rows": 719903, "Plan Width": 0, "Actual Startup Time": 257.536, "Actual Total Time": 257.536, "Actual Rows": 772803, "Actual Loops": 1, "Index Cond": "((l_shipdate >= '1996-12-01 00:00:00'::timestamp(0) without time zone) AND (l_shipdate < '1997-01-01 00:00:00'::timestamp without time zone))"}]}, {"Node Type": "Bitmap Heap Scan", "Parent Relationship": "Inner", "Relation Name": "part", "Alias": "part", "Startup Cost": 0.3, "Total Cost": 4.31, "Plan Rows": 1, "Plan Width": 29, "Actual Startup Time": 5111.348, "Actual Total Time": 5111.348, "Actual Rows": 772803, "Actual Loops": 772803, "Recheck Cond": "(p_partkey = lineitem.l_partkey)", "Rows Removed by Index Recheck": 0, "Exact Heap Blocks": 772803, "Lossy Heap Blocks": 772803, "Plans": [{"Node Type": "Bitmap Index Scan", "Parent Relationship": "Outer", "Index Name": "part_kpey", "Startup Cost": 0.0, "Total Cost": 0.3, "Plan Rows": 1, "Plan Width": 0, "Actual Startup Time": 3133.071, "Actual Total Time": 3133.071, "Actual Rows": 772803, "Actual Loops": 772803, "Index Cond": "(p_partkey = lineitem.l_partkey)"}]}]}]}, "Triggers": [], "Planner Runtime": 0, "Total Runtime": 8315.455, "Unique SQL Id": 379939634}}, "(1, 52)": {"explain_plan": {"Plan": {"Node Type": "Aggregate", "Strategy": "Plain", "Startup Cost": 1645803.46, "Total Cost": 1645803.47, "Plan Rows": 1, "Plan Width": 53, "Plans": [{"Node Type": "Nested Loop", "Parent Relationship": "Outer", "Join Type": "Inner", "Startup Cost": 24943.26, "Total Cost": 1633205.16, "Plan Rows": 719903, "Plan Width": 37, "Inner Unique": true, "Plans": [{"Node Type": "Bitmap Heap Scan", "Parent Relationship": "Outer", "Relation Name": "lineitem", "Alias": "lineitem", "Startup Cost": 24943.26, "Total Cost": 1235000.32, "Plan Rows": 719903, "Plan Width": 24, "Recheck Cond": "((l_shipdate >= '1996-12-01 00:00:00'::timestamp(0) without time zone) AND (l_shipdate < '1997-01-01 00:00:00'::timestamp without time zone)), (LLVM Optimized)", "Plans": [{"Node Type": "Bitmap Index Scan", "Parent Relationship": "Outer", "Index Name": "idx_lineitem_shipdate", "Startup Cost": 0.0, "Total Cost": 24763.28, "Plan Rows": 719903, "Plan Width": 0, "Index Cond": "((l_shipdate >= '1996-12-01 00:00:00'::timestamp(0) without time zone) AND (l_shipdate < '1997-01-01 00:00:00'::timestamp without time zone))"}]}, {"Node Type": "Index Scan", "Parent Relationship": "Inner", "Scan Direction": "Forward", "Index Name": "part_kpey", "Relation Name": "part", "Alias": "part", "Startup Cost": 0.0, "Total Cost": 0.54, "Plan Rows": 1, "Plan Width": 29, "Index Cond": "(p_partkey = lineitem.l_partkey)"}]}]}, "Unique SQL Id": 379939634, "Planner Runtime": 0}, "explain_analyze_plan": {"Plan": {"Node Type": "Aggregate", "Strategy": "Plain", "Startup Cost": 1645803.46, "Total Cost": 1645803.47, "Plan Rows": 1, "Plan Width": 53, "Actual Startup Time": 6890.338, "Actual Total Time": 6890.338, "Actual Rows": 1, "Actual Loops": 1, "Plans": [{"Node Type": "Nested Loop", "Parent Relationship": "Outer", "Join Type": "Inner", "Startup Cost": 24943.26, "Total Cost": 1633205.16, "Plan Rows": 719903, "Plan Width": 37, "Actual Startup Time": 568.692, "Actual Total Time": 6434.886, "Actual Rows": 772803, "Actual Loops": 1, "Inner Unique": true, "Plans": [{"Node Type": "Bitmap Heap Scan", "Parent Relationship": "Outer", "Relation Name": "lineitem", "Alias": "lineitem", "Startup Cost": 24943.26, "Total Cost": 1235000.32, "Plan Rows": 719903, "Plan Width": 24, "Actual Startup Time": 568.647, "Actual Total Time": 1735.764, "Actual Rows": 772803, "Actual Loops": 1, "Recheck Cond": "((l_shipdate >= '1996-12-01 00:00:00'::timestamp(0) without time zone) AND (l_shipdate < '1997-01-01 00:00:00'::timestamp without time zone)), (LLVM Optimized, Jit Execute)", "Rows Removed by Index Recheck": 0, "Exact Heap Blocks": 437909, "Lossy Heap Blocks": 437909, "Plans": [{"Node Type": "Bitmap Index Scan", "Parent Relationship": "Outer", "Index Name": "idx_lineitem_shipdate", "Startup Cost": 0.0, "Total Cost": 24763.28, "Plan Rows": 719903, "Plan Width": 0, "Actual Startup Time": 360.085, "Actual Total Time": 360.085, "Actual Rows": 772803, "Actual Loops": 1, "Index Cond": "((l_shipdate >= '1996-12-01 00:00:00'::timestamp(0) without time zone) AND (l_shipdate < '1997-01-01 00:00:00'::timestamp without time zone))"}]}, {"Node Type": "Index Scan", "Parent Relationship": "Inner", "Scan Direction": "Forward", "Index Name": "part_kpey", "Relation Name": "part", "Alias": "part", "Startup Cost": 0.0, "Total Cost": 0.54, "Plan Rows": 1, "Plan Width": 29, "Actual Startup Time": 4064.912, "Actual Total Time": 4064.912, "Actual Rows": 772803, "Actual Loops": 772803, "Index Cond": "(p_partkey = lineitem.l_partkey)", "Rows Removed by Index Recheck": 0}]}]}, "Triggers": [], "Planner Runtime": 0, "Total Runtime": 6901.78, "Unique SQL Id": 379939634}}, "(1, 53)": {"explain_plan": {"Plan": {"Node Type": "Aggregate", "Strategy": "Plain", "Startup Cost": 1645803.46, "Total Cost": 1645803.47, "Plan Rows": 1, "Plan Width": 53, "Plans": [{"Node Type": "Nested Loop", "Parent Relationship": "Outer", "Join Type": "Inner", "Startup Cost": 24943.26, "Total Cost": 1633205.16, "Plan Rows": 719903, "Plan Width": 37, "Inner Unique": true, "Plans": [{"Node Type": "Bitmap Heap Scan", "Parent Relationship": "Outer", "Relation Name": "lineitem", "Alias": "lineitem", "Startup Cost": 24943.26, "Total Cost": 1235000.32, "Plan Rows": 719903, "Plan Width": 24, "Recheck Cond": "((l_shipdate >= '1996-12-01 00:00:00'::timestamp(0) without time zone) AND (l_shipdate < '1997-01-01 00:00:00'::timestamp without time zone)), (LLVM Optimized)", "Plans": [{"Node Type": "Bitmap Index Scan", "Parent Relationship": "Outer", "Index Name": "idx_lineitem_shipdate", "Startup Cost": 0.0, "Total Cost": 24763.28, "Plan Rows": 719903, "Plan Width": 0, "Index Cond": "((l_shipdate >= '1996-12-01 00:00:00'::timestamp(0) without time zone) AND (l_shipdate < '1997-01-01 00:00:00'::timestamp without time zone))"}]}, {"Node Type": "Index Scan", "Parent Relationship": "Inner", "Scan Direction": "Forward", "Index Name": "part_kpey", "Relation Name": "part", "Alias": "part", "Startup Cost": 0.0, "Total Cost": 0.54, "Plan Rows": 1, "Plan Width": 29, "Index Cond": "(p_partkey = lineitem.l_partkey)"}]}]}, "Unique SQL Id": 379939634, "Planner Runtime": 0}, "explain_analyze_plan": {"Plan": {"Node Type": "Aggregate", "Strategy": "Plain", "Startup Cost": 1645803.46, "Total Cost": 1645803.47, "Plan Rows": 1, "Plan Width": 53, "Actual Startup Time": 6890.338, "Actual Total Time": 6890.338, "Actual Rows": 1, "Actual Loops": 1, "Plans": [{"Node Type": "Nested Loop", "Parent Relationship": "Outer", "Join Type": "Inner", "Startup Cost": 24943.26, "Total Cost": 1633205.16, "Plan Rows": 719903, "Plan Width": 37, "Actual Startup Time": 568.692, "Actual Total Time": 6434.886, "Actual Rows": 772803, "Actual Loops": 1, "Inner Unique": true, "Plans": [{"Node Type": "Bitmap Heap Scan", "Parent Relationship": "Outer", "Relation Name": "lineitem", "Alias": "lineitem", "Startup Cost": 24943.26, "Total Cost": 1235000.32, "Plan Rows": 719903, "Plan Width": 24, "Actual Startup Time": 568.647, "Actual Total Time": 1735.764, "Actual Rows": 772803, "Actual Loops": 1, "Recheck Cond": "((l_shipdate >= '1996-12-01 00:00:00'::timestamp(0) without time zone) AND (l_shipdate < '1997-01-01 00:00:00'::timestamp without time zone)), (LLVM Optimized, Jit Execute)", "Rows Removed by Index Recheck": 0, "Exact Heap Blocks": 437909, "Lossy Heap Blocks": 437909, "Plans": [{"Node Type": "Bitmap Index Scan", "Parent Relationship": "Outer", "Index Name": "idx_lineitem_shipdate", "Startup Cost": 0.0, "Total Cost": 24763.28, "Plan Rows": 719903, "Plan Width": 0, "Actual Startup Time": 360.085, "Actual Total Time": 360.085, "Actual Rows": 772803, "Actual Loops": 1, "Index Cond": "((l_shipdate >= '1996-12-01 00:00:00'::timestamp(0) without time zone) AND (l_shipdate < '1997-01-01 00:00:00'::timestamp without time zone))"}]}, {"Node Type": "Index Scan", "Parent Relationship": "Inner", "Scan Direction": "Forward", "Index Name": "part_kpey", "Relation Name": "part", "Alias": "part", "Startup Cost": 0.0, "Total Cost": 0.54, "Plan Rows": 1, "Plan Width": 29, "Actual Startup Time": 4064.912, "Actual Total Time": 4064.912, "Actual Rows": 772803, "Actual Loops": 772803, "Index Cond": "(p_partkey = lineitem.l_partkey)", "Rows Removed by Index Recheck": 0}]}]}, "Triggers": [], "Planner Runtime": 0, "Total Runtime": 6901.78, "Unique SQL Id": 379939634}}, "(1, 54)": {"explain_plan": {"Plan": {"Node Type": "Aggregate", "Strategy": "Plain", "Startup Cost": 4357819.44, "Total Cost": 4357819.45, "Plan Rows": 1, "Plan Width": 53, "Plans": [{"Node Type": "Nested Loop", "Parent Relationship": "Outer", "Join Type": "Inner", "Startup Cost": 24943.55, "Total Cost": 4345221.13, "Plan Rows": 719903, "Plan Width": 37, "Inner Unique": true, "Plans": [{"Node Type": "Bitmap Heap Scan", "Parent Relationship": "Outer", "Relation Name": "lineitem", "Alias": "lineitem", "Startup Cost": 24943.26, "Total Cost": 1235000.32, "Plan Rows": 719903, "Plan Width": 24, "Recheck Cond": "((l_shipdate >= '1996-12-01 00:00:00'::timestamp(0) without time zone) AND (l_shipdate < '1997-01-01 00:00:00'::timestamp without time zone)), (LLVM Optimized)", "Plans": [{"Node Type": "Bitmap Index Scan", "Parent Relationship": "Outer", "Index Name": "idx_lineitem_shipdate", "Startup Cost": 0.0, "Total Cost": 24763.28, "Plan Rows": 719903, "Plan Width": 0, "Index Cond": "((l_shipdate >= '1996-12-01 00:00:00'::timestamp(0) without time zone) AND (l_shipdate < '1997-01-01 00:00:00'::timestamp without time zone))"}]}, {"Node Type": "Bitmap Heap Scan", "Parent Relationship": "Inner", "Relation Name": "part", "Alias": "part", "Startup Cost": 0.3, "Total Cost": 4.31, "Plan Rows": 1, "Plan Width": 29, "Recheck Cond": "(p_partkey = lineitem.l_partkey)", "Plans": [{"Node Type": "Bitmap Index Scan", "Parent Relationship": "Outer", "Index Name": "part_kpey", "Startup Cost": 0.0, "Total Cost": 0.3, "Plan Rows": 1, "Plan Width": 0, "Index Cond": "(p_partkey = lineitem.l_partkey)"}]}]}]}, "Unique SQL Id": 379939634, "Planner Runtime": 0}, "explain_analyze_plan": {"Plan": {"Node Type": "Aggregate", "Strategy": "Plain", "Startup Cost": 4357819.44, "Total Cost": 4357819.45, "Plan Rows": 1, "Plan Width": 53, "Actual Startup Time": 8304.191, "Actual Total Time": 8304.192, "Actual Rows": 1, "Actual Loops": 1, "Plans": [{"Node Type": "Nested Loop", "Parent Relationship": "Outer", "Join Type": "Inner", "Startup Cost": 24943.55, "Total Cost": 4345221.13, "Plan Rows": 719903, "Plan Width": 37, "Actual Startup Time": 424.918, "Actual Total Time": 7787.203, "Actual Rows": 772803, "Actual Loops": 1, "Inner Unique": true, "Plans": [{"Node Type": "Bitmap Heap Scan", "Parent Relationship": "Outer", "Relation Name": "lineitem", "Alias": "lineitem", "Startup Cost": 24943.26, "Total Cost": 1235000.32, "Plan Rows": 719903, "Plan Width": 24, "Actual Startup Time": 424.737, "Actual Total Time": 1608.02, "Actual Rows": 772803, "Actual Loops": 1, "Recheck Cond": "((l_shipdate >= '1996-12-01 00:00:00'::timestamp(0) without time zone) AND (l_shipdate < '1997-01-01 00:00:00'::timestamp without time zone)), (LLVM Optimized, Jit Execute)", "Rows Removed by Index Recheck": 0, "Exact Heap Blocks": 437909, "Lossy Heap Blocks": 437909, "Plans": [{"Node Type": "Bitmap Index Scan", "Parent Relationship": "Outer", "Index Name": "idx_lineitem_shipdate", "Startup Cost": 0.0, "Total Cost": 24763.28, "Plan Rows": 719903, "Plan Width": 0, "Actual Startup Time": 257.536, "Actual Total Time": 257.536, "Actual Rows": 772803, "Actual Loops": 1, "Index Cond": "((l_shipdate >= '1996-12-01 00:00:00'::timestamp(0) without time zone) AND (l_shipdate < '1997-01-01 00:00:00'::timestamp without time zone))"}]}, {"Node Type": "Bitmap Heap Scan", "Parent Relationship": "Inner", "Relation Name": "part", "Alias": "part", "Startup Cost": 0.3, "Total Cost": 4.31, "Plan Rows": 1, "Plan Width": 29, "Actual Startup Time": 5111.348, "Actual Total Time": 5111.348, "Actual Rows": 772803, "Actual Loops": 772803, "Recheck Cond": "(p_partkey = lineitem.l_partkey)", "Rows Removed by Index Recheck": 0, "Exact Heap Blocks": 772803, "Lossy Heap Blocks": 772803, "Plans": [{"Node Type": "Bitmap Index Scan", "Parent Relationship": "Outer", "Index Name": "part_kpey", "Startup Cost": 0.0, "Total Cost": 0.3, "Plan Rows": 1, "Plan Width": 0, "Actual Startup Time": 3133.071, "Actual Total Time": 3133.071, "Actual Rows": 772803, "Actual Loops": 772803, "Index Cond": "(p_partkey = lineitem.l_partkey)"}]}]}]}, "Triggers": [], "Planner Runtime": 0, "Total Runtime": 8315.455, "Unique SQL Id": 379939634}}, "(1, 55)": {"explain_plan": {"Plan": {"Node Type": "Aggregate", "Strategy": "Plain", "Startup Cost": 4357819.44, "Total Cost": 4357819.45, "Plan Rows": 1, "Plan Width": 53, "Plans": [{"Node Type": "Nested Loop", "Parent Relationship": "Outer", "Join Type": "Inner", "Startup Cost": 24943.55, "Total Cost": 4345221.13, "Plan Rows": 719903, "Plan Width": 37, "Inner Unique": true, "Plans": [{"Node Type": "Bitmap Heap Scan", "Parent Relationship": "Outer", "Relation Name": "lineitem", "Alias": "lineitem", "Startup Cost": 24943.26, "Total Cost": 1235000.32, "Plan Rows": 719903, "Plan Width": 24, "Recheck Cond": "((l_shipdate >= '1996-12-01 00:00:00'::timestamp(0) without time zone) AND (l_shipdate < '1997-01-01 00:00:00'::timestamp without time zone)), (LLVM Optimized)", "Plans": [{"Node Type": "Bitmap Index Scan", "Parent Relationship": "Outer", "Index Name": "idx_lineitem_shipdate", "Startup Cost": 0.0, "Total Cost": 24763.28, "Plan Rows": 719903, "Plan Width": 0, "Index Cond": "((l_shipdate >= '1996-12-01 00:00:00'::timestamp(0) without time zone) AND (l_shipdate < '1997-01-01 00:00:00'::timestamp without time zone))"}]}, {"Node Type": "Bitmap Heap Scan", "Parent Relationship": "Inner", "Relation Name": "part", "Alias": "part", "Startup Cost": 0.3, "Total Cost": 4.31, "Plan Rows": 1, "Plan Width": 29, "Recheck Cond": "(p_partkey = lineitem.l_partkey)", "Plans": [{"Node Type": "Bitmap Index Scan", "Parent Relationship": "Outer", "Index Name": "part_kpey", "Startup Cost": 0.0, "Total Cost": 0.3, "Plan Rows": 1, "Plan Width": 0, "Index Cond": "(p_partkey = lineitem.l_partkey)"}]}]}]}, "Unique SQL Id": 379939634, "Planner Runtime": 0}, "explain_analyze_plan": {"Plan": {"Node Type": "Aggregate", "Strategy": "Plain", "Startup Cost": 4357819.44, "Total Cost": 4357819.45, "Plan Rows": 1, "Plan Width": 53, "Actual Startup Time": 8304.191, "Actual Total Time": 8304.192, "Actual Rows": 1, "Actual Loops": 1, "Plans": [{"Node Type": "Nested Loop", "Parent Relationship": "Outer", "Join Type": "Inner", "Startup Cost": 24943.55, "Total Cost": 4345221.13, "Plan Rows": 719903, "Plan Width": 37, "Actual Startup Time": 424.918, "Actual Total Time": 7787.203, "Actual Rows": 772803, "Actual Loops": 1, "Inner Unique": true, "Plans": [{"Node Type": "Bitmap Heap Scan", "Parent Relationship": "Outer", "Relation Name": "lineitem", "Alias": "lineitem", "Startup Cost": 24943.26, "Total Cost": 1235000.32, "Plan Rows": 719903, "Plan Width": 24, "Actual Startup Time": 424.737, "Actual Total Time": 1608.02, "Actual Rows": 772803, "Actual Loops": 1, "Recheck Cond": "((l_shipdate >= '1996-12-01 00:00:00'::timestamp(0) without time zone) AND (l_shipdate < '1997-01-01 00:00:00'::timestamp without time zone)), (LLVM Optimized, Jit Execute)", "Rows Removed by Index Recheck": 0, "Exact Heap Blocks": 437909, "Lossy Heap Blocks": 437909, "Plans": [{"Node Type": "Bitmap Index Scan", "Parent Relationship": "Outer", "Index Name": "idx_lineitem_shipdate", "Startup Cost": 0.0, "Total Cost": 24763.28, "Plan Rows": 719903, "Plan Width": 0, "Actual Startup Time": 257.536, "Actual Total Time": 257.536, "Actual Rows": 772803, "Actual Loops": 1, "Index Cond": "((l_shipdate >= '1996-12-01 00:00:00'::timestamp(0) without time zone) AND (l_shipdate < '1997-01-01 00:00:00'::timestamp without time zone))"}]}, {"Node Type": "Bitmap Heap Scan", "Parent Relationship": "Inner", "Relation Name": "part", "Alias": "part", "Startup Cost": 0.3, "Total Cost": 4.31, "Plan Rows": 1, "Plan Width": 29, "Actual Startup Time": 5111.348, "Actual Total Time": 5111.348, "Actual Rows": 772803, "Actual Loops": 772803, "Recheck Cond": "(p_partkey = lineitem.l_partkey)", "Rows Removed by Index Recheck": 0, "Exact Heap Blocks": 772803, "Lossy Heap Blocks": 772803, "Plans": [{"Node Type": "Bitmap Index Scan", "Parent Relationship": "Outer", "Index Name": "part_kpey", "Startup Cost": 0.0, "Total Cost": 0.3, "Plan Rows": 1, "Plan Width": 0, "Actual Startup Time": 3133.071, "Actual Total Time": 3133.071, "Actual Rows": 772803, "Actual Loops": 772803, "Index Cond": "(p_partkey = lineitem.l_partkey)"}]}]}]}, "Triggers": [], "Planner Runtime": 0, "Total Runtime": 8315.455, "Unique SQL Id": 379939634}}, "(1, 56)": {"explain_plan": {"Plan": {"Node Type": "Aggregate", "Strategy": "Plain", "Startup Cost": 2738489.45, "Total Cost": 2738489.46, "Plan Rows": 1, "Plan Width": 53, "Plans": [{"Node Type": "Nested Loop", "Parent Relationship": "Outer", "Join Type": "Inner", "Startup Cost": 0.0, "Total Cost": 2725891.14, "Plan Rows": 719903, "Plan Width": 37, "Inner Unique": true, "Plans": [{"Node Type": "Index Scan", "Parent Relationship": "Outer", "Scan Direction": "Forward", "Index Name": "idx_lineitem_shipdate", "Relation Name": "lineitem", "Alias": "lineitem", "Startup Cost": 0.0, "Total Cost": 2327686.3, "Plan Rows": 719903, "Plan Width": 24, "Index Cond": "((l_shipdate >= '1996-12-01 00:00:00'::timestamp(0) without time zone) AND (l_shipdate < '1997-01-01 00:00:00'::timestamp without time zone)), (LLVM Optimized)"}, {"Node Type": "Index Scan", "Parent Relationship": "Inner", "Scan Direction": "Forward", "Index Name": "part_kpey", "Relation Name": "part", "Alias": "part", "Startup Cost": 0.0, "Total Cost": 0.54, "Plan Rows": 1, "Plan Width": 29, "Index Cond": "(p_partkey = lineitem.l_partkey)"}]}]}, "Unique SQL Id": 379939634, "Planner Runtime": 0}, "explain_analyze_plan": {"Plan": {"Node Type": "Aggregate", "Strategy": "Plain", "Startup Cost": 2738489.45, "Total Cost": 2738489.46, "Plan Rows": 1, "Plan Width": 53, "Actual Startup Time": 7572.399, "Actual Total Time": 7572.399, "Actual Rows": 1, "Actual Loops": 1, "Plans": [{"Node Type": "Nested Loop", "Parent Relationship": "Outer", "Join Type": "Inner", "Startup Cost": 0.0, "Total Cost": 2725891.14, "Plan Rows": 719903, "Plan Width": 37, "Actual Startup Time": 0.067, "Actual Total Time": 7113.976, "Actual Rows": 772803, "Actual Loops": 1, "Inner Unique": true, "Plans": [{"Node Type": "Index Scan", "Parent Relationship": "Outer", "Scan Direction": "Forward", "Index Name": "idx_lineitem_shipdate", "Relation Name": "lineitem", "Alias": "lineitem", "Startup Cost": 0.0, "Total Cost": 2327686.3, "Plan Rows": 719903, "Plan Width": 24, "Actual Startup Time": 0.044, "Actual Total Time": 1959.405, "Actual Rows": 772803, "Actual Loops": 1, "Index Cond": "((l_shipdate >= '1996-12-01 00:00:00'::timestamp(0) without time zone) AND (l_shipdate < '1997-01-01 00:00:00'::timestamp without time zone)), (LLVM Optimized, Jit Execute)", "Rows Removed by Index Recheck": 0}, {"Node Type": "Index Scan", "Parent Relationship": "Inner", "Scan Direction": "Forward", "Index Name": "part_kpey", "Relation Name": "part", "Alias": "part", "Startup Cost": 0.0, "Total Cost": 0.54, "Plan Rows": 1, "Plan Width": 29, "Actual Startup Time": 4517.707, "Actual Total Time": 4517.707, "Actual Rows": 772803, "Actual Loops": 772803, "Index Cond": "(p_partkey = lineitem.l_partkey)", "Rows Removed by Index Recheck": 0}]}]}, "Triggers": [], "Planner Runtime": 0, "Total Runtime": 7582.723, "Unique SQL Id": 379939634}}, "(1, 57)": {"explain_plan": {"Plan": {"Node Type": "Aggregate", "Strategy": "Plain", "Startup Cost": 2738489.45, "Total Cost": 2738489.46, "Plan Rows": 1, "Plan Width": 53, "Plans": [{"Node Type": "Nested Loop", "Parent Relationship": "Outer", "Join Type": "Inner", "Startup Cost": 0.0, "Total Cost": 2725891.14, "Plan Rows": 719903, "Plan Width": 37, "Inner Unique": true, "Plans": [{"Node Type": "Index Scan", "Parent Relationship": "Outer", "Scan Direction": "Forward", "Index Name": "idx_lineitem_shipdate", "Relation Name": "lineitem", "Alias": "lineitem", "Startup Cost": 0.0, "Total Cost": 2327686.3, "Plan Rows": 719903, "Plan Width": 24, "Index Cond": "((l_shipdate >= '1996-12-01 00:00:00'::timestamp(0) without time zone) AND (l_shipdate < '1997-01-01 00:00:00'::timestamp without time zone)), (LLVM Optimized)"}, {"Node Type": "Index Scan", "Parent Relationship": "Inner", "Scan Direction": "Forward", "Index Name": "part_kpey", "Relation Name": "part", "Alias": "part", "Startup Cost": 0.0, "Total Cost": 0.54, "Plan Rows": 1, "Plan Width": 29, "Index Cond": "(p_partkey = lineitem.l_partkey)"}]}]}, "Unique SQL Id": 379939634, "Planner Runtime": 0}, "explain_analyze_plan": {"Plan": {"Node Type": "Aggregate", "Strategy": "Plain", "Startup Cost": 2738489.45, "Total Cost": 2738489.46, "Plan Rows": 1, "Plan Width": 53, "Actual Startup Time": 7572.399, "Actual Total Time": 7572.399, "Actual Rows": 1, "Actual Loops": 1, "Plans": [{"Node Type": "Nested Loop", "Parent Relationship": "Outer", "Join Type": "Inner", "Startup Cost": 0.0, "Total Cost": 2725891.14, "Plan Rows": 719903, "Plan Width": 37, "Actual Startup Time": 0.067, "Actual Total Time": 7113.976, "Actual Rows": 772803, "Actual Loops": 1, "Inner Unique": true, "Plans": [{"Node Type": "Index Scan", "Parent Relationship": "Outer", "Scan Direction": "Forward", "Index Name": "idx_lineitem_shipdate", "Relation Name": "lineitem", "Alias": "lineitem", "Startup Cost": 0.0, "Total Cost": 2327686.3, "Plan Rows": 719903, "Plan Width": 24, "Actual Startup Time": 0.044, "Actual Total Time": 1959.405, "Actual Rows": 772803, "Actual Loops": 1, "Index Cond": "((l_shipdate >= '1996-12-01 00:00:00'::timestamp(0) without time zone) AND (l_shipdate < '1997-01-01 00:00:00'::timestamp without time zone)), (LLVM Optimized, Jit Execute)", "Rows Removed by Index Recheck": 0}, {"Node Type": "Index Scan", "Parent Relationship": "Inner", "Scan Direction": "Forward", "Index Name": "part_kpey", "Relation Name": "part", "Alias": "part", "Startup Cost": 0.0, "Total Cost": 0.54, "Plan Rows": 1, "Plan Width": 29, "Actual Startup Time": 4517.707, "Actual Total Time": 4517.707, "Actual Rows": 772803, "Actual Loops": 772803, "Index Cond": "(p_partkey = lineitem.l_partkey)", "Rows Removed by Index Recheck": 0}]}]}, "Triggers": [], "Planner Runtime": 0, "Total Runtime": 7582.723, "Unique SQL Id": 379939634}}, "(1, 58)": {"explain_plan": {"Plan": {"Node Type": "Aggregate", "Strategy": "Plain", "Startup Cost": 21599481392.56, "Total Cost": 21599481392.57, "Plan Rows": 1, "Plan Width": 53, "Plans": [{"Node Type": "Nested Loop", "Parent Relationship": "Outer", "Join Type": "Inner", "Startup Cost": 44.59, "Total Cost": 21599468794.25, "Plan Rows": 719903, "Plan Width": 37, "Inner Unique": false, "Join Filter": "(lineitem.l_partkey = part.p_partkey), (LLVM Optimized)", "Plans": [{"Node Type": "Seq Scan", "Parent Relationship": "Outer", "Relation Name": "part", "Alias": "part", "Startup Cost": 0.0, "Total Cost": 61944.0, "Plan Rows": 2000000, "Plan Width": 29}, {"Node Type": "Materialize", "Parent Relationship": "Inner", "Startup Cost": 44.59, "Total Cost": 2318650.01, "Plan Rows": 719903, "Plan Width": 24, "Plans": [{"Node Type": "Seq Scan", "Parent Relationship": "Outer", "Relation Name": "lineitem", "Alias": "lineitem", "Startup Cost": 44.59, "Total Cost": 2315050.5, "Plan Rows": 719903, "Plan Width": 24, "Filter": "((l_shipdate >= '1996-12-01 00:00:00'::timestamp(0) without time zone) AND (l_shipdate < '1997-01-01 00:00:00'::timestamp without time zone)), (LLVM Optimized)"}]}]}]}, "Unique SQL Id": 379939634, "Planner Runtime": 0}, "explain_analyze_plan": null}, "(1, 59)": {"explain_plan": {"Plan": {"Node Type": "Aggregate", "Strategy": "Plain", "Startup Cost": 2022412569559.2, "Total Cost": 2022412569559.22, "Plan Rows": 1, "Plan Width": 53, "Plans": [{"Node Type": "Nested Loop", "Parent Relationship": "Outer", "Join Type": "Inner", "Startup Cost": 20000000000.0, "Total Cost": 2022412556960.9, "Plan Rows": 719903, "Plan Width": 37, "Inner Unique": false, "Join Filter": "(lineitem.l_partkey = part.p_partkey), (LLVM Optimized)", "Plans": [{"Node Type": "Index Scan", "Parent Relationship": "Outer", "Scan Direction": "Forward", "Index Name": "part_kpey", "Relation Name": "part", "Alias": "part", "Startup Cost": 10000000000.0, "Total Cost": 1000010080325.0, "Plan Rows": 2000000, "Plan Width": 29}, {"Node Type": "Materialize", "Parent Relationship": "Inner", "Startup Cost": 10000000000.0, "Total Cost": 1000805388435.66, "Plan Rows": 719903, "Plan Width": 24, "Plans": [{"Node Type": "Index Scan", "Parent Relationship": "Outer", "Scan Direction": "Forward", "Index Name": "idx_lineitem_part_supp", "Relation Name": "lineitem", "Alias": "lineitem", "Startup Cost": 10000000000.0, "Total Cost": 1000805384836.14, "Plan Rows": 719903, "Plan Width": 24, "Filter": "((l_shipdate >= '1996-12-01 00:00:00'::timestamp(0) without time zone) AND (l_shipdate < '1997-01-01 00:00:00'::timestamp without time zone)), (LLVM Optimized)"}]}]}]}, "Unique SQL Id": 379939634, "Planner Runtime": 0}, "explain_analyze_plan": null}, "(1, 60)": {"explain_plan": {"Plan": {"Node Type": "Aggregate", "Strategy": "Plain", "Startup Cost": 2738489.45, "Total Cost": 2738489.46, "Plan Rows": 1, "Plan Width": 53, "Plans": [{"Node Type": "Nested Loop", "Parent Relationship": "Outer", "Join Type": "Inner", "Startup Cost": 0.0, "Total Cost": 2725891.14, "Plan Rows": 719903, "Plan Width": 37, "Inner Unique": true, "Plans": [{"Node Type": "Index Scan", "Parent Relationship": "Outer", "Scan Direction": "Forward", "Index Name": "idx_lineitem_shipdate", "Relation Name": "lineitem", "Alias": "lineitem", "Startup Cost": 0.0, "Total Cost": 2327686.3, "Plan Rows": 719903, "Plan Width": 24, "Index Cond": "((l_shipdate >= '1996-12-01 00:00:00'::timestamp(0) without time zone) AND (l_shipdate < '1997-01-01 00:00:00'::timestamp without time zone)), (LLVM Optimized)"}, {"Node Type": "Index Scan", "Parent Relationship": "Inner", "Scan Direction": "Forward", "Index Name": "part_kpey", "Relation Name": "part", "Alias": "part", "Startup Cost": 0.0, "Total Cost": 0.54, "Plan Rows": 1, "Plan Width": 29, "Index Cond": "(p_partkey = lineitem.l_partkey)"}]}]}, "Unique SQL Id": 379939634, "Planner Runtime": 0}, "explain_analyze_plan": {"Plan": {"Node Type": "Aggregate", "Strategy": "Plain", "Startup Cost": 2738489.45, "Total Cost": 2738489.46, "Plan Rows": 1, "Plan Width": 53, "Actual Startup Time": 7572.399, "Actual Total Time": 7572.399, "Actual Rows": 1, "Actual Loops": 1, "Plans": [{"Node Type": "Nested Loop", "Parent Relationship": "Outer", "Join Type": "Inner", "Startup Cost": 0.0, "Total Cost": 2725891.14, "Plan Rows": 719903, "Plan Width": 37, "Actual Startup Time": 0.067, "Actual Total Time": 7113.976, "Actual Rows": 772803, "Actual Loops": 1, "Inner Unique": true, "Plans": [{"Node Type": "Index Scan", "Parent Relationship": "Outer", "Scan Direction": "Forward", "Index Name": "idx_lineitem_shipdate", "Relation Name": "lineitem", "Alias": "lineitem", "Startup Cost": 0.0, "Total Cost": 2327686.3, "Plan Rows": 719903, "Plan Width": 24, "Actual Startup Time": 0.044, "Actual Total Time": 1959.405, "Actual Rows": 772803, "Actual Loops": 1, "Index Cond": "((l_shipdate >= '1996-12-01 00:00:00'::timestamp(0) without time zone) AND (l_shipdate < '1997-01-01 00:00:00'::timestamp without time zone)), (LLVM Optimized, Jit Execute)", "Rows Removed by Index Recheck": 0}, {"Node Type": "Index Scan", "Parent Relationship": "Inner", "Scan Direction": "Forward", "Index Name": "part_kpey", "Relation Name": "part", "Alias": "part", "Startup Cost": 0.0, "Total Cost": 0.54, "Plan Rows": 1, "Plan Width": 29, "Actual Startup Time": 4517.707, "Actual Total Time": 4517.707, "Actual Rows": 772803, "Actual Loops": 772803, "Index Cond": "(p_partkey = lineitem.l_partkey)", "Rows Removed by Index Recheck": 0}]}]}, "Triggers": [], "Planner Runtime": 0, "Total Runtime": 7582.723, "Unique SQL Id": 379939634}}, "(1, 61)": {"explain_plan": {"Plan": {"Node Type": "Aggregate", "Strategy": "Plain", "Startup Cost": 2738489.45, "Total Cost": 2738489.46, "Plan Rows": 1, "Plan Width": 53, "Plans": [{"Node Type": "Nested Loop", "Parent Relationship": "Outer", "Join Type": "Inner", "Startup Cost": 0.0, "Total Cost": 2725891.14, "Plan Rows": 719903, "Plan Width": 37, "Inner Unique": true, "Plans": [{"Node Type": "Index Scan", "Parent Relationship": "Outer", "Scan Direction": "Forward", "Index Name": "idx_lineitem_shipdate", "Relation Name": "lineitem", "Alias": "lineitem", "Startup Cost": 0.0, "Total Cost": 2327686.3, "Plan Rows": 719903, "Plan Width": 24, "Index Cond": "((l_shipdate >= '1996-12-01 00:00:00'::timestamp(0) without time zone) AND (l_shipdate < '1997-01-01 00:00:00'::timestamp without time zone)), (LLVM Optimized)"}, {"Node Type": "Index Scan", "Parent Relationship": "Inner", "Scan Direction": "Forward", "Index Name": "part_kpey", "Relation Name": "part", "Alias": "part", "Startup Cost": 0.0, "Total Cost": 0.54, "Plan Rows": 1, "Plan Width": 29, "Index Cond": "(p_partkey = lineitem.l_partkey)"}]}]}, "Unique SQL Id": 379939634, "Planner Runtime": 0}, "explain_analyze_plan": {"Plan": {"Node Type": "Aggregate", "Strategy": "Plain", "Startup Cost": 2738489.45, "Total Cost": 2738489.46, "Plan Rows": 1, "Plan Width": 53, "Actual Startup Time": 7572.399, "Actual Total Time": 7572.399, "Actual Rows": 1, "Actual Loops": 1, "Plans": [{"Node Type": "Nested Loop", "Parent Relationship": "Outer", "Join Type": "Inner", "Startup Cost": 0.0, "Total Cost": 2725891.14, "Plan Rows": 719903, "Plan Width": 37, "Actual Startup Time": 0.067, "Actual Total Time": 7113.976, "Actual Rows": 772803, "Actual Loops": 1, "Inner Unique": true, "Plans": [{"Node Type": "Index Scan", "Parent Relationship": "Outer", "Scan Direction": "Forward", "Index Name": "idx_lineitem_shipdate", "Relation Name": "lineitem", "Alias": "lineitem", "Startup Cost": 0.0, "Total Cost": 2327686.3, "Plan Rows": 719903, "Plan Width": 24, "Actual Startup Time": 0.044, "Actual Total Time": 1959.405, "Actual Rows": 772803, "Actual Loops": 1, "Index Cond": "((l_shipdate >= '1996-12-01 00:00:00'::timestamp(0) without time zone) AND (l_shipdate < '1997-01-01 00:00:00'::timestamp without time zone)), (LLVM Optimized, Jit Execute)", "Rows Removed by Index Recheck": 0}, {"Node Type": "Index Scan", "Parent Relationship": "Inner", "Scan Direction": "Forward", "Index Name": "part_kpey", "Relation Name": "part", "Alias": "part", "Startup Cost": 0.0, "Total Cost": 0.54, "Plan Rows": 1, "Plan Width": 29, "Actual Startup Time": 4517.707, "Actual Total Time": 4517.707, "Actual Rows": 772803, "Actual Loops": 772803, "Index Cond": "(p_partkey = lineitem.l_partkey)", "Rows Removed by Index Recheck": 0}]}]}, "Triggers": [], "Planner Runtime": 0, "Total Runtime": 7582.723, "Unique SQL Id": 379939634}}, "(1, 62)": {"explain_plan": {"Plan": {"Node Type": "Aggregate", "Strategy": "Plain", "Startup Cost": 21599481392.56, "Total Cost": 21599481392.57, "Plan Rows": 1, "Plan Width": 53, "Plans": [{"Node Type": "Nested Loop", "Parent Relationship": "Outer", "Join Type": "Inner", "Startup Cost": 44.59, "Total Cost": 21599468794.25, "Plan Rows": 719903, "Plan Width": 37, "Inner Unique": false, "Join Filter": "(lineitem.l_partkey = part.p_partkey), (LLVM Optimized)", "Plans": [{"Node Type": "Seq Scan", "Parent Relationship": "Outer", "Relation Name": "part", "Alias": "part", "Startup Cost": 0.0, "Total Cost": 61944.0, "Plan Rows": 2000000, "Plan Width": 29}, {"Node Type": "Materialize", "Parent Relationship": "Inner", "Startup Cost": 44.59, "Total Cost": 2318650.01, "Plan Rows": 719903, "Plan Width": 24, "Plans": [{"Node Type": "Seq Scan", "Parent Relationship": "Outer", "Relation Name": "lineitem", "Alias": "lineitem", "Startup Cost": 44.59, "Total Cost": 2315050.5, "Plan Rows": 719903, "Plan Width": 24, "Filter": "((l_shipdate >= '1996-12-01 00:00:00'::timestamp(0) without time zone) AND (l_shipdate < '1997-01-01 00:00:00'::timestamp without time zone)), (LLVM Optimized)"}]}]}]}, "Unique SQL Id": 379939634, "Planner Runtime": 0}, "explain_analyze_plan": null}, "(1, 63)": {"explain_plan": {"Plan": {"Node Type": "Aggregate", "Strategy": "Plain", "Startup Cost": 2022412569559.2, "Total Cost": 2022412569559.22, "Plan Rows": 1, "Plan Width": 53, "Plans": [{"Node Type": "Nested Loop", "Parent Relationship": "Outer", "Join Type": "Inner", "Startup Cost": 20000000000.0, "Total Cost": 2022412556960.9, "Plan Rows": 719903, "Plan Width": 37, "Inner Unique": false, "Join Filter": "(lineitem.l_partkey = part.p_partkey), (LLVM Optimized)", "Plans": [{"Node Type": "Index Scan", "Parent Relationship": "Outer", "Scan Direction": "Forward", "Index Name": "part_kpey", "Relation Name": "part", "Alias": "part", "Startup Cost": 10000000000.0, "Total Cost": 1000010080325.0, "Plan Rows": 2000000, "Plan Width": 29}, {"Node Type": "Materialize", "Parent Relationship": "Inner", "Startup Cost": 10000000000.0, "Total Cost": 1000805388435.66, "Plan Rows": 719903, "Plan Width": 24, "Plans": [{"Node Type": "Index Scan", "Parent Relationship": "Outer", "Scan Direction": "Forward", "Index Name": "idx_lineitem_part_supp", "Relation Name": "lineitem", "Alias": "lineitem", "Startup Cost": 10000000000.0, "Total Cost": 1000805384836.14, "Plan Rows": 719903, "Plan Width": 24, "Filter": "((l_shipdate >= '1996-12-01 00:00:00'::timestamp(0) without time zone) AND (l_shipdate < '1997-01-01 00:00:00'::timestamp without time zone)), (LLVM Optimized)"}]}]}]}, "Unique SQL Id": 379939634, "Planner Runtime": 0}, "explain_analyze_plan": null}, "(1, 64)": {"explain_plan": {"Plan": {"Node Type": "Aggregate", "Strategy": "Plain", "Startup Cost": 1344441.29, "Total Cost": 1344441.3, "Plan Rows": 1, "Plan Width": 53, "Plans": [{"Node Type": "Hash Join", "Parent Relationship": "Outer", "Join Type": "Inner", "Startup Cost": 111887.26, "Total Cost": 1331842.98, "Plan Rows": 719903, "Plan Width": 37, "Inner Unique": true, "Hash Cond": "(lineitem.l_partkey = part.p_partkey), (LLVM Optimized)", "Plans": [{"Node Type": "Bitmap Heap Scan", "Parent Relationship": "Outer", "Relation Name": "lineitem", "Alias": "lineitem", "Startup Cost": 24943.26, "Total Cost": 1235000.32, "Plan Rows": 719903, "Plan Width": 24, "Recheck Cond": "((l_shipdate >= '1996-12-01 00:00:00'::timestamp(0) without time zone) AND (l_shipdate < '1997-01-01 00:00:00'::timestamp without time zone)), (LLVM Optimized)", "Plans": [{"Node Type": "Bitmap Index Scan", "Parent Relationship": "Outer", "Index Name": "idx_lineitem_shipdate", "Startup Cost": 0.0, "Total Cost": 24763.28, "Plan Rows": 719903, "Plan Width": 0, "Index Cond": "((l_shipdate >= '1996-12-01 00:00:00'::timestamp(0) without time zone) AND (l_shipdate < '1997-01-01 00:00:00'::timestamp without time zone))"}]}, {"Node Type": "Hash", "Parent Relationship": "Inner", "Startup Cost": 61944.0, "Total Cost": 61944.0, "Plan Rows": 2000000, "Plan Width": 29, "Plans": [{"Node Type": "Seq Scan", "Parent Relationship": "Outer", "Relation Name": "part", "Alias": "part", "Startup Cost": 0.0, "Total Cost": 61944.0, "Plan Rows": 2000000, "Plan Width": 29}]}]}]}, "Unique SQL Id": 379939634, "Planner Runtime": 0}, "explain_analyze_plan": {"Plan": {"Node Type": "Aggregate", "Strategy": "Plain", "Startup Cost": 1344441.29, "Total Cost": 1344441.3, "Plan Rows": 1, "Plan Width": 53, "Actual Startup Time": 3796.361, "Actual Total Time": 3796.362, "Actual Rows": 1, "Actual Loops": 1, "Plans": [{"Node Type": "Hash Join", "Parent Relationship": "Outer", "Join Type": "Inner", "Startup Cost": 111887.26, "Total Cost": 1331842.98, "Plan Rows": 719903, "Plan Width": 37, "Actual Startup Time": 1803.595, "Actual Total Time": 3429.111, "Actual Rows": 772803, "Actual Loops": 1, "Inner Unique": true, "Hash Cond": "(lineitem.l_partkey = part.p_partkey), (LLVM Optimized, Jit Execute)", "Plans": [{"Node Type": "Bitmap Heap Scan", "Parent Relationship": "Outer", "Relation Name": "lineitem", "Alias": "lineitem", "Startup Cost": 24943.26, "Total Cost": 1235000.32, "Plan Rows": 719903, "Plan Width": 24, "Actual Startup Time": 421.807, "Actual Total Time": 1498.429, "Actual Rows": 772803, "Actual Loops": 1, "Recheck Cond": "((l_shipdate >= '1996-12-01 00:00:00'::timestamp(0) without time zone) AND (l_shipdate < '1997-01-01 00:00:00'::timestamp without time zone)), (LLVM Optimized, Jit Execute)", "Rows Removed by Index Recheck": 0, "Exact Heap Blocks": 437909, "Lossy Heap Blocks": 437909, "Plans": [{"Node Type": "Bitmap Index Scan", "Parent Relationship": "Outer", "Index Name": "idx_lineitem_shipdate", "Startup Cost": 0.0, "Total Cost": 24763.28, "Plan Rows": 719903, "Plan Width": 0, "Actual Startup Time": 257.652, "Actual Total Time": 257.652, "Actual Rows": 772803, "Actual Loops": 1, "Index Cond": "((l_shipdate >= '1996-12-01 00:00:00'::timestamp(0) without time zone) AND (l_shipdate < '1997-01-01 00:00:00'::timestamp without time zone))"}]}, {"Node Type": "Hash", "Parent Relationship": "Inner", "Startup Cost": 61944.0, "Total Cost": 61944.0, "Plan Rows": 2000000, "Plan Width": 29, "Actual Startup Time": 1380.419, "Actual Total Time": 1380.419, "Actual Rows": 2000000, "Actual Loops": 1, "Hash Buckets": 2097152, "Hash Batches": 1, "Original Hash Batches": 1, "Peak Memory Usage": 126040, "Plans": [{"Node Type": "Seq Scan", "Parent Relationship": "Outer", "Relation Name": "part", "Alias": "part", "Startup Cost": 0.0, "Total Cost": 61944.0, "Plan Rows": 2000000, "Plan Width": 29, "Actual Startup Time": 0.033, "Actual Total Time": 705.317, "Actual Rows": 2000000, "Actual Loops": 1}]}]}]}, "Triggers": [], "Planner Runtime": 0, "Total Runtime": 3810.947, "Unique SQL Id": 379939634}}, "(1, 65)": {"explain_plan": {"Plan": {"Node Type": "Aggregate", "Strategy": "Plain", "Startup Cost": 1383300.54, "Total Cost": 1383300.55, "Plan Rows": 1, "Plan Width": 53, "Plans": [{"Node Type": "Hash Join", "Parent Relationship": "Outer", "Join Type": "Inner", "Startup Cost": 150746.51, "Total Cost": 1370702.23, "Plan Rows": 719903, "Plan Width": 37, "Inner Unique": true, "Hash Cond": "(lineitem.l_partkey = part.p_partkey), (LLVM Optimized)", "Plans": [{"Node Type": "Bitmap Heap Scan", "Parent Relationship": "Outer", "Relation Name": "lineitem", "Alias": "lineitem", "Startup Cost": 24943.26, "Total Cost": 1235000.32, "Plan Rows": 719903, "Plan Width": 24, "Recheck Cond": "((l_shipdate >= '1996-12-01 00:00:00'::timestamp(0) without time zone) AND (l_shipdate < '1997-01-01 00:00:00'::timestamp without time zone)), (LLVM Optimized)", "Plans": [{"Node Type": "Bitmap Index Scan", "Parent Relationship": "Outer", "Index Name": "idx_lineitem_shipdate", "Startup Cost": 0.0, "Total Cost": 24763.28, "Plan Rows": 719903, "Plan Width": 0, "Index Cond": "((l_shipdate >= '1996-12-01 00:00:00'::timestamp(0) without time zone) AND (l_shipdate < '1997-01-01 00:00:00'::timestamp without time zone))"}]}, {"Node Type": "Hash", "Parent Relationship": "Inner", "Startup Cost": 100803.25, "Total Cost": 100803.25, "Plan Rows": 2000000, "Plan Width": 29, "Plans": [{"Node Type": "Index Scan", "Parent Relationship": "Outer", "Scan Direction": "Forward", "Index Name": "part_kpey", "Relation Name": "part", "Alias": "part", "Startup Cost": 0.0, "Total Cost": 100803.25, "Plan Rows": 2000000, "Plan Width": 29}]}]}]}, "Unique SQL Id": 379939634, "Planner Runtime": 0}, "explain_analyze_plan": {"Plan": {"Node Type": "Aggregate", "Strategy": "Plain", "Startup Cost": 1383300.54, "Total Cost": 1383300.55, "Plan Rows": 1, "Plan Width": 53, "Actual Startup Time": 4307.314, "Actual Total Time": 4307.315, "Actual Rows": 1, "Actual Loops": 1, "Plans": [{"Node Type": "Hash Join", "Parent Relationship": "Outer", "Join Type": "Inner", "Startup Cost": 150746.51, "Total Cost": 1370702.23, "Plan Rows": 719903, "Plan Width": 37, "Actual Startup Time": 2342.752, "Actual Total Time": 3936.71, "Actual Rows": 772803, "Actual Loops": 1, "Inner Unique": true, "Hash Cond": "(lineitem.l_partkey = part.p_partkey), (LLVM Optimized, Jit Execute)", "Plans": [{"Node Type": "Bitmap Heap Scan", "Parent Relationship": "Outer", "Relation Name": "lineitem", "Alias": "lineitem", "Startup Cost": 24943.26, "Total Cost": 1235000.32, "Plan Rows": 719903, "Plan Width": 24, "Actual Startup Time": 427.329, "Actual Total Time": 1482.453, "Actual Rows": 772803, "Actual Loops": 1, "Recheck Cond": "((l_shipdate >= '1996-12-01 00:00:00'::timestamp(0) without time zone) AND (l_shipdate < '1997-01-01 00:00:00'::timestamp without time zone)), (LLVM Optimized, Jit Execute)", "Rows Removed by Index Recheck": 0, "Exact Heap Blocks": 437909, "Lossy Heap Blocks": 437909, "Plans": [{"Node Type": "Bitmap Index Scan", "Parent Relationship": "Outer", "Index Name": "idx_lineitem_shipdate", "Startup Cost": 0.0, "Total Cost": 24763.28, "Plan Rows": 719903, "Plan Width": 0, "Actual Startup Time": 262.379, "Actual Total Time": 262.379, "Actual Rows": 772803, "Actual Loops": 1, "Index Cond": "((l_shipdate >= '1996-12-01 00:00:00'::timestamp(0) without time zone) AND (l_shipdate < '1997-01-01 00:00:00'::timestamp without time zone))"}]}, {"Node Type": "Hash", "Parent Relationship": "Inner", "Startup Cost": 100803.25, "Total Cost": 100803.25, "Plan Rows": 2000000, "Plan Width": 29, "Actual Startup Time": 1913.87, "Actual Total Time": 1913.87, "Actual Rows": 2000000, "Actual Loops": 1, "Hash Buckets": 2097152, "Hash Batches": 1, "Original Hash Batches": 1, "Peak Memory Usage": 126040, "Plans": [{"Node Type": "Index Scan", "Parent Relationship": "Outer", "Scan Direction": "Forward", "Index Name": "part_kpey", "Relation Name": "part", "Alias": "part", "Startup Cost": 0.0, "Total Cost": 100803.25, "Plan Rows": 2000000, "Plan Width": 29, "Actual Startup Time": 0.051, "Actual Total Time": 1248.752, "Actual Rows": 2000000, "Actual Loops": 1}]}]}]}, "Triggers": [], "Planner Runtime": 0, "Total Runtime": 4321.893, "Unique SQL Id": 379939634}}, "(1, 66)": {"explain_plan": {"Plan": {"Node Type": "Aggregate", "Strategy": "Plain", "Startup Cost": 1344441.29, "Total Cost": 1344441.3, "Plan Rows": 1, "Plan Width": 53, "Plans": [{"Node Type": "Hash Join", "Parent Relationship": "Outer", "Join Type": "Inner", "Startup Cost": 111887.26, "Total Cost": 1331842.98, "Plan Rows": 719903, "Plan Width": 37, "Inner Unique": true, "Hash Cond": "(lineitem.l_partkey = part.p_partkey), (LLVM Optimized)", "Plans": [{"Node Type": "Bitmap Heap Scan", "Parent Relationship": "Outer", "Relation Name": "lineitem", "Alias": "lineitem", "Startup Cost": 24943.26, "Total Cost": 1235000.32, "Plan Rows": 719903, "Plan Width": 24, "Recheck Cond": "((l_shipdate >= '1996-12-01 00:00:00'::timestamp(0) without time zone) AND (l_shipdate < '1997-01-01 00:00:00'::timestamp without time zone)), (LLVM Optimized)", "Plans": [{"Node Type": "Bitmap Index Scan", "Parent Relationship": "Outer", "Index Name": "idx_lineitem_shipdate", "Startup Cost": 0.0, "Total Cost": 24763.28, "Plan Rows": 719903, "Plan Width": 0, "Index Cond": "((l_shipdate >= '1996-12-01 00:00:00'::timestamp(0) without time zone) AND (l_shipdate < '1997-01-01 00:00:00'::timestamp without time zone))"}]}, {"Node Type": "Hash", "Parent Relationship": "Inner", "Startup Cost": 61944.0, "Total Cost": 61944.0, "Plan Rows": 2000000, "Plan Width": 29, "Plans": [{"Node Type": "Seq Scan", "Parent Relationship": "Outer", "Relation Name": "part", "Alias": "part", "Startup Cost": 0.0, "Total Cost": 61944.0, "Plan Rows": 2000000, "Plan Width": 29}]}]}]}, "Unique SQL Id": 379939634, "Planner Runtime": 0}, "explain_analyze_plan": {"Plan": {"Node Type": "Aggregate", "Strategy": "Plain", "Startup Cost": 1344441.29, "Total Cost": 1344441.3, "Plan Rows": 1, "Plan Width": 53, "Actual Startup Time": 3796.361, "Actual Total Time": 3796.362, "Actual Rows": 1, "Actual Loops": 1, "Plans": [{"Node Type": "Hash Join", "Parent Relationship": "Outer", "Join Type": "Inner", "Startup Cost": 111887.26, "Total Cost": 1331842.98, "Plan Rows": 719903, "Plan Width": 37, "Actual Startup Time": 1803.595, "Actual Total Time": 3429.111, "Actual Rows": 772803, "Actual Loops": 1, "Inner Unique": true, "Hash Cond": "(lineitem.l_partkey = part.p_partkey), (LLVM Optimized, Jit Execute)", "Plans": [{"Node Type": "Bitmap Heap Scan", "Parent Relationship": "Outer", "Relation Name": "lineitem", "Alias": "lineitem", "Startup Cost": 24943.26, "Total Cost": 1235000.32, "Plan Rows": 719903, "Plan Width": 24, "Actual Startup Time": 421.807, "Actual Total Time": 1498.429, "Actual Rows": 772803, "Actual Loops": 1, "Recheck Cond": "((l_shipdate >= '1996-12-01 00:00:00'::timestamp(0) without time zone) AND (l_shipdate < '1997-01-01 00:00:00'::timestamp without time zone)), (LLVM Optimized, Jit Execute)", "Rows Removed by Index Recheck": 0, "Exact Heap Blocks": 437909, "Lossy Heap Blocks": 437909, "Plans": [{"Node Type": "Bitmap Index Scan", "Parent Relationship": "Outer", "Index Name": "idx_lineitem_shipdate", "Startup Cost": 0.0, "Total Cost": 24763.28, "Plan Rows": 719903, "Plan Width": 0, "Actual Startup Time": 257.652, "Actual Total Time": 257.652, "Actual Rows": 772803, "Actual Loops": 1, "Index Cond": "((l_shipdate >= '1996-12-01 00:00:00'::timestamp(0) without time zone) AND (l_shipdate < '1997-01-01 00:00:00'::timestamp without time zone))"}]}, {"Node Type": "Hash", "Parent Relationship": "Inner", "Startup Cost": 61944.0, "Total Cost": 61944.0, "Plan Rows": 2000000, "Plan Width": 29, "Actual Startup Time": 1380.419, "Actual Total Time": 1380.419, "Actual Rows": 2000000, "Actual Loops": 1, "Hash Buckets": 2097152, "Hash Batches": 1, "Original Hash Batches": 1, "Peak Memory Usage": 126040, "Plans": [{"Node Type": "Seq Scan", "Parent Relationship": "Outer", "Relation Name": "part", "Alias": "part", "Startup Cost": 0.0, "Total Cost": 61944.0, "Plan Rows": 2000000, "Plan Width": 29, "Actual Startup Time": 0.033, "Actual Total Time": 705.317, "Actual Rows": 2000000, "Actual Loops": 1}]}]}]}, "Triggers": [], "Planner Runtime": 0, "Total Runtime": 3810.947, "Unique SQL Id": 379939634}}, "(1, 67)": {"explain_plan": {"Plan": {"Node Type": "Aggregate", "Strategy": "Plain", "Startup Cost": 4357819.44, "Total Cost": 4357819.45, "Plan Rows": 1, "Plan Width": 53, "Plans": [{"Node Type": "Nested Loop", "Parent Relationship": "Outer", "Join Type": "Inner", "Startup Cost": 24943.55, "Total Cost": 4345221.13, "Plan Rows": 719903, "Plan Width": 37, "Inner Unique": true, "Plans": [{"Node Type": "Bitmap Heap Scan", "Parent Relationship": "Outer", "Relation Name": "lineitem", "Alias": "lineitem", "Startup Cost": 24943.26, "Total Cost": 1235000.32, "Plan Rows": 719903, "Plan Width": 24, "Recheck Cond": "((l_shipdate >= '1996-12-01 00:00:00'::timestamp(0) without time zone) AND (l_shipdate < '1997-01-01 00:00:00'::timestamp without time zone)), (LLVM Optimized)", "Plans": [{"Node Type": "Bitmap Index Scan", "Parent Relationship": "Outer", "Index Name": "idx_lineitem_shipdate", "Startup Cost": 0.0, "Total Cost": 24763.28, "Plan Rows": 719903, "Plan Width": 0, "Index Cond": "((l_shipdate >= '1996-12-01 00:00:00'::timestamp(0) without time zone) AND (l_shipdate < '1997-01-01 00:00:00'::timestamp without time zone))"}]}, {"Node Type": "Bitmap Heap Scan", "Parent Relationship": "Inner", "Relation Name": "part", "Alias": "part", "Startup Cost": 0.3, "Total Cost": 4.31, "Plan Rows": 1, "Plan Width": 29, "Recheck Cond": "(p_partkey = lineitem.l_partkey)", "Plans": [{"Node Type": "Bitmap Index Scan", "Parent Relationship": "Outer", "Index Name": "part_kpey", "Startup Cost": 0.0, "Total Cost": 0.3, "Plan Rows": 1, "Plan Width": 0, "Index Cond": "(p_partkey = lineitem.l_partkey)"}]}]}]}, "Unique SQL Id": 379939634, "Planner Runtime": 0}, "explain_analyze_plan": {"Plan": {"Node Type": "Aggregate", "Strategy": "Plain", "Startup Cost": 4357819.44, "Total Cost": 4357819.45, "Plan Rows": 1, "Plan Width": 53, "Actual Startup Time": 8304.191, "Actual Total Time": 8304.192, "Actual Rows": 1, "Actual Loops": 1, "Plans": [{"Node Type": "Nested Loop", "Parent Relationship": "Outer", "Join Type": "Inner", "Startup Cost": 24943.55, "Total Cost": 4345221.13, "Plan Rows": 719903, "Plan Width": 37, "Actual Startup Time": 424.918, "Actual Total Time": 7787.203, "Actual Rows": 772803, "Actual Loops": 1, "Inner Unique": true, "Plans": [{"Node Type": "Bitmap Heap Scan", "Parent Relationship": "Outer", "Relation Name": "lineitem", "Alias": "lineitem", "Startup Cost": 24943.26, "Total Cost": 1235000.32, "Plan Rows": 719903, "Plan Width": 24, "Actual Startup Time": 424.737, "Actual Total Time": 1608.02, "Actual Rows": 772803, "Actual Loops": 1, "Recheck Cond": "((l_shipdate >= '1996-12-01 00:00:00'::timestamp(0) without time zone) AND (l_shipdate < '1997-01-01 00:00:00'::timestamp without time zone)), (LLVM Optimized, Jit Execute)", "Rows Removed by Index Recheck": 0, "Exact Heap Blocks": 437909, "Lossy Heap Blocks": 437909, "Plans": [{"Node Type": "Bitmap Index Scan", "Parent Relationship": "Outer", "Index Name": "idx_lineitem_shipdate", "Startup Cost": 0.0, "Total Cost": 24763.28, "Plan Rows": 719903, "Plan Width": 0, "Actual Startup Time": 257.536, "Actual Total Time": 257.536, "Actual Rows": 772803, "Actual Loops": 1, "Index Cond": "((l_shipdate >= '1996-12-01 00:00:00'::timestamp(0) without time zone) AND (l_shipdate < '1997-01-01 00:00:00'::timestamp without time zone))"}]}, {"Node Type": "Bitmap Heap Scan", "Parent Relationship": "Inner", "Relation Name": "part", "Alias": "part", "Startup Cost": 0.3, "Total Cost": 4.31, "Plan Rows": 1, "Plan Width": 29, "Actual Startup Time": 5111.348, "Actual Total Time": 5111.348, "Actual Rows": 772803, "Actual Loops": 772803, "Recheck Cond": "(p_partkey = lineitem.l_partkey)", "Rows Removed by Index Recheck": 0, "Exact Heap Blocks": 772803, "Lossy Heap Blocks": 772803, "Plans": [{"Node Type": "Bitmap Index Scan", "Parent Relationship": "Outer", "Index Name": "part_kpey", "Startup Cost": 0.0, "Total Cost": 0.3, "Plan Rows": 1, "Plan Width": 0, "Actual Startup Time": 3133.071, "Actual Total Time": 3133.071, "Actual Rows": 772803, "Actual Loops": 772803, "Index Cond": "(p_partkey = lineitem.l_partkey)"}]}]}]}, "Triggers": [], "Planner Runtime": 0, "Total Runtime": 8315.455, "Unique SQL Id": 379939634}}, "(1, 68)": {"explain_plan": {"Plan": {"Node Type": "Aggregate", "Strategy": "Plain", "Startup Cost": 1344441.29, "Total Cost": 1344441.3, "Plan Rows": 1, "Plan Width": 53, "Plans": [{"Node Type": "Hash Join", "Parent Relationship": "Outer", "Join Type": "Inner", "Startup Cost": 111887.26, "Total Cost": 1331842.98, "Plan Rows": 719903, "Plan Width": 37, "Inner Unique": true, "Hash Cond": "(lineitem.l_partkey = part.p_partkey), (LLVM Optimized)", "Plans": [{"Node Type": "Bitmap Heap Scan", "Parent Relationship": "Outer", "Relation Name": "lineitem", "Alias": "lineitem", "Startup Cost": 24943.26, "Total Cost": 1235000.32, "Plan Rows": 719903, "Plan Width": 24, "Recheck Cond": "((l_shipdate >= '1996-12-01 00:00:00'::timestamp(0) without time zone) AND (l_shipdate < '1997-01-01 00:00:00'::timestamp without time zone)), (LLVM Optimized)", "Plans": [{"Node Type": "Bitmap Index Scan", "Parent Relationship": "Outer", "Index Name": "idx_lineitem_shipdate", "Startup Cost": 0.0, "Total Cost": 24763.28, "Plan Rows": 719903, "Plan Width": 0, "Index Cond": "((l_shipdate >= '1996-12-01 00:00:00'::timestamp(0) without time zone) AND (l_shipdate < '1997-01-01 00:00:00'::timestamp without time zone))"}]}, {"Node Type": "Hash", "Parent Relationship": "Inner", "Startup Cost": 61944.0, "Total Cost": 61944.0, "Plan Rows": 2000000, "Plan Width": 29, "Plans": [{"Node Type": "Seq Scan", "Parent Relationship": "Outer", "Relation Name": "part", "Alias": "part", "Startup Cost": 0.0, "Total Cost": 61944.0, "Plan Rows": 2000000, "Plan Width": 29}]}]}]}, "Unique SQL Id": 379939634, "Planner Runtime": 0}, "explain_analyze_plan": {"Plan": {"Node Type": "Aggregate", "Strategy": "Plain", "Startup Cost": 1344441.29, "Total Cost": 1344441.3, "Plan Rows": 1, "Plan Width": 53, "Actual Startup Time": 3796.361, "Actual Total Time": 3796.362, "Actual Rows": 1, "Actual Loops": 1, "Plans": [{"Node Type": "Hash Join", "Parent Relationship": "Outer", "Join Type": "Inner", "Startup Cost": 111887.26, "Total Cost": 1331842.98, "Plan Rows": 719903, "Plan Width": 37, "Actual Startup Time": 1803.595, "Actual Total Time": 3429.111, "Actual Rows": 772803, "Actual Loops": 1, "Inner Unique": true, "Hash Cond": "(lineitem.l_partkey = part.p_partkey), (LLVM Optimized, Jit Execute)", "Plans": [{"Node Type": "Bitmap Heap Scan", "Parent Relationship": "Outer", "Relation Name": "lineitem", "Alias": "lineitem", "Startup Cost": 24943.26, "Total Cost": 1235000.32, "Plan Rows": 719903, "Plan Width": 24, "Actual Startup Time": 421.807, "Actual Total Time": 1498.429, "Actual Rows": 772803, "Actual Loops": 1, "Recheck Cond": "((l_shipdate >= '1996-12-01 00:00:00'::timestamp(0) without time zone) AND (l_shipdate < '1997-01-01 00:00:00'::timestamp without time zone)), (LLVM Optimized, Jit Execute)", "Rows Removed by Index Recheck": 0, "Exact Heap Blocks": 437909, "Lossy Heap Blocks": 437909, "Plans": [{"Node Type": "Bitmap Index Scan", "Parent Relationship": "Outer", "Index Name": "idx_lineitem_shipdate", "Startup Cost": 0.0, "Total Cost": 24763.28, "Plan Rows": 719903, "Plan Width": 0, "Actual Startup Time": 257.652, "Actual Total Time": 257.652, "Actual Rows": 772803, "Actual Loops": 1, "Index Cond": "((l_shipdate >= '1996-12-01 00:00:00'::timestamp(0) without time zone) AND (l_shipdate < '1997-01-01 00:00:00'::timestamp without time zone))"}]}, {"Node Type": "Hash", "Parent Relationship": "Inner", "Startup Cost": 61944.0, "Total Cost": 61944.0, "Plan Rows": 2000000, "Plan Width": 29, "Actual Startup Time": 1380.419, "Actual Total Time": 1380.419, "Actual Rows": 2000000, "Actual Loops": 1, "Hash Buckets": 2097152, "Hash Batches": 1, "Original Hash Batches": 1, "Peak Memory Usage": 126040, "Plans": [{"Node Type": "Seq Scan", "Parent Relationship": "Outer", "Relation Name": "part", "Alias": "part", "Startup Cost": 0.0, "Total Cost": 61944.0, "Plan Rows": 2000000, "Plan Width": 29, "Actual Startup Time": 0.033, "Actual Total Time": 705.317, "Actual Rows": 2000000, "Actual Loops": 1}]}]}]}, "Triggers": [], "Planner Runtime": 0, "Total Runtime": 3810.947, "Unique SQL Id": 379939634}}, "(1, 69)": {"explain_plan": {"Plan": {"Node Type": "Aggregate", "Strategy": "Plain", "Startup Cost": 1383300.54, "Total Cost": 1383300.55, "Plan Rows": 1, "Plan Width": 53, "Plans": [{"Node Type": "Hash Join", "Parent Relationship": "Outer", "Join Type": "Inner", "Startup Cost": 150746.51, "Total Cost": 1370702.23, "Plan Rows": 719903, "Plan Width": 37, "Inner Unique": true, "Hash Cond": "(lineitem.l_partkey = part.p_partkey), (LLVM Optimized)", "Plans": [{"Node Type": "Bitmap Heap Scan", "Parent Relationship": "Outer", "Relation Name": "lineitem", "Alias": "lineitem", "Startup Cost": 24943.26, "Total Cost": 1235000.32, "Plan Rows": 719903, "Plan Width": 24, "Recheck Cond": "((l_shipdate >= '1996-12-01 00:00:00'::timestamp(0) without time zone) AND (l_shipdate < '1997-01-01 00:00:00'::timestamp without time zone)), (LLVM Optimized)", "Plans": [{"Node Type": "Bitmap Index Scan", "Parent Relationship": "Outer", "Index Name": "idx_lineitem_shipdate", "Startup Cost": 0.0, "Total Cost": 24763.28, "Plan Rows": 719903, "Plan Width": 0, "Index Cond": "((l_shipdate >= '1996-12-01 00:00:00'::timestamp(0) without time zone) AND (l_shipdate < '1997-01-01 00:00:00'::timestamp without time zone))"}]}, {"Node Type": "Hash", "Parent Relationship": "Inner", "Startup Cost": 100803.25, "Total Cost": 100803.25, "Plan Rows": 2000000, "Plan Width": 29, "Plans": [{"Node Type": "Index Scan", "Parent Relationship": "Outer", "Scan Direction": "Forward", "Index Name": "part_kpey", "Relation Name": "part", "Alias": "part", "Startup Cost": 0.0, "Total Cost": 100803.25, "Plan Rows": 2000000, "Plan Width": 29}]}]}]}, "Unique SQL Id": 379939634, "Planner Runtime": 0}, "explain_analyze_plan": {"Plan": {"Node Type": "Aggregate", "Strategy": "Plain", "Startup Cost": 1383300.54, "Total Cost": 1383300.55, "Plan Rows": 1, "Plan Width": 53, "Actual Startup Time": 4307.314, "Actual Total Time": 4307.315, "Actual Rows": 1, "Actual Loops": 1, "Plans": [{"Node Type": "Hash Join", "Parent Relationship": "Outer", "Join Type": "Inner", "Startup Cost": 150746.51, "Total Cost": 1370702.23, "Plan Rows": 719903, "Plan Width": 37, "Actual Startup Time": 2342.752, "Actual Total Time": 3936.71, "Actual Rows": 772803, "Actual Loops": 1, "Inner Unique": true, "Hash Cond": "(lineitem.l_partkey = part.p_partkey), (LLVM Optimized, Jit Execute)", "Plans": [{"Node Type": "Bitmap Heap Scan", "Parent Relationship": "Outer", "Relation Name": "lineitem", "Alias": "lineitem", "Startup Cost": 24943.26, "Total Cost": 1235000.32, "Plan Rows": 719903, "Plan Width": 24, "Actual Startup Time": 427.329, "Actual Total Time": 1482.453, "Actual Rows": 772803, "Actual Loops": 1, "Recheck Cond": "((l_shipdate >= '1996-12-01 00:00:00'::timestamp(0) without time zone) AND (l_shipdate < '1997-01-01 00:00:00'::timestamp without time zone)), (LLVM Optimized, Jit Execute)", "Rows Removed by Index Recheck": 0, "Exact Heap Blocks": 437909, "Lossy Heap Blocks": 437909, "Plans": [{"Node Type": "Bitmap Index Scan", "Parent Relationship": "Outer", "Index Name": "idx_lineitem_shipdate", "Startup Cost": 0.0, "Total Cost": 24763.28, "Plan Rows": 719903, "Plan Width": 0, "Actual Startup Time": 262.379, "Actual Total Time": 262.379, "Actual Rows": 772803, "Actual Loops": 1, "Index Cond": "((l_shipdate >= '1996-12-01 00:00:00'::timestamp(0) without time zone) AND (l_shipdate < '1997-01-01 00:00:00'::timestamp without time zone))"}]}, {"Node Type": "Hash", "Parent Relationship": "Inner", "Startup Cost": 100803.25, "Total Cost": 100803.25, "Plan Rows": 2000000, "Plan Width": 29, "Actual Startup Time": 1913.87, "Actual Total Time": 1913.87, "Actual Rows": 2000000, "Actual Loops": 1, "Hash Buckets": 2097152, "Hash Batches": 1, "Original Hash Batches": 1, "Peak Memory Usage": 126040, "Plans": [{"Node Type": "Index Scan", "Parent Relationship": "Outer", "Scan Direction": "Forward", "Index Name": "part_kpey", "Relation Name": "part", "Alias": "part", "Startup Cost": 0.0, "Total Cost": 100803.25, "Plan Rows": 2000000, "Plan Width": 29, "Actual Startup Time": 0.051, "Actual Total Time": 1248.752, "Actual Rows": 2000000, "Actual Loops": 1}]}]}]}, "Triggers": [], "Planner Runtime": 0, "Total Runtime": 4321.893, "Unique SQL Id": 379939634}}, "(1, 70)": {"explain_plan": {"Plan": {"Node Type": "Aggregate", "Strategy": "Plain", "Startup Cost": 1344441.29, "Total Cost": 1344441.3, "Plan Rows": 1, "Plan Width": 53, "Plans": [{"Node Type": "Hash Join", "Parent Relationship": "Outer", "Join Type": "Inner", "Startup Cost": 111887.26, "Total Cost": 1331842.98, "Plan Rows": 719903, "Plan Width": 37, "Inner Unique": true, "Hash Cond": "(lineitem.l_partkey = part.p_partkey), (LLVM Optimized)", "Plans": [{"Node Type": "Bitmap Heap Scan", "Parent Relationship": "Outer", "Relation Name": "lineitem", "Alias": "lineitem", "Startup Cost": 24943.26, "Total Cost": 1235000.32, "Plan Rows": 719903, "Plan Width": 24, "Recheck Cond": "((l_shipdate >= '1996-12-01 00:00:00'::timestamp(0) without time zone) AND (l_shipdate < '1997-01-01 00:00:00'::timestamp without time zone)), (LLVM Optimized)", "Plans": [{"Node Type": "Bitmap Index Scan", "Parent Relationship": "Outer", "Index Name": "idx_lineitem_shipdate", "Startup Cost": 0.0, "Total Cost": 24763.28, "Plan Rows": 719903, "Plan Width": 0, "Index Cond": "((l_shipdate >= '1996-12-01 00:00:00'::timestamp(0) without time zone) AND (l_shipdate < '1997-01-01 00:00:00'::timestamp without time zone))"}]}, {"Node Type": "Hash", "Parent Relationship": "Inner", "Startup Cost": 61944.0, "Total Cost": 61944.0, "Plan Rows": 2000000, "Plan Width": 29, "Plans": [{"Node Type": "Seq Scan", "Parent Relationship": "Outer", "Relation Name": "part", "Alias": "part", "Startup Cost": 0.0, "Total Cost": 61944.0, "Plan Rows": 2000000, "Plan Width": 29}]}]}]}, "Unique SQL Id": 379939634, "Planner Runtime": 0}, "explain_analyze_plan": {"Plan": {"Node Type": "Aggregate", "Strategy": "Plain", "Startup Cost": 1344441.29, "Total Cost": 1344441.3, "Plan Rows": 1, "Plan Width": 53, "Actual Startup Time": 3796.361, "Actual Total Time": 3796.362, "Actual Rows": 1, "Actual Loops": 1, "Plans": [{"Node Type": "Hash Join", "Parent Relationship": "Outer", "Join Type": "Inner", "Startup Cost": 111887.26, "Total Cost": 1331842.98, "Plan Rows": 719903, "Plan Width": 37, "Actual Startup Time": 1803.595, "Actual Total Time": 3429.111, "Actual Rows": 772803, "Actual Loops": 1, "Inner Unique": true, "Hash Cond": "(lineitem.l_partkey = part.p_partkey), (LLVM Optimized, Jit Execute)", "Plans": [{"Node Type": "Bitmap Heap Scan", "Parent Relationship": "Outer", "Relation Name": "lineitem", "Alias": "lineitem", "Startup Cost": 24943.26, "Total Cost": 1235000.32, "Plan Rows": 719903, "Plan Width": 24, "Actual Startup Time": 421.807, "Actual Total Time": 1498.429, "Actual Rows": 772803, "Actual Loops": 1, "Recheck Cond": "((l_shipdate >= '1996-12-01 00:00:00'::timestamp(0) without time zone) AND (l_shipdate < '1997-01-01 00:00:00'::timestamp without time zone)), (LLVM Optimized, Jit Execute)", "Rows Removed by Index Recheck": 0, "Exact Heap Blocks": 437909, "Lossy Heap Blocks": 437909, "Plans": [{"Node Type": "Bitmap Index Scan", "Parent Relationship": "Outer", "Index Name": "idx_lineitem_shipdate", "Startup Cost": 0.0, "Total Cost": 24763.28, "Plan Rows": 719903, "Plan Width": 0, "Actual Startup Time": 257.652, "Actual Total Time": 257.652, "Actual Rows": 772803, "Actual Loops": 1, "Index Cond": "((l_shipdate >= '1996-12-01 00:00:00'::timestamp(0) without time zone) AND (l_shipdate < '1997-01-01 00:00:00'::timestamp without time zone))"}]}, {"Node Type": "Hash", "Parent Relationship": "Inner", "Startup Cost": 61944.0, "Total Cost": 61944.0, "Plan Rows": 2000000, "Plan Width": 29, "Actual Startup Time": 1380.419, "Actual Total Time": 1380.419, "Actual Rows": 2000000, "Actual Loops": 1, "Hash Buckets": 2097152, "Hash Batches": 1, "Original Hash Batches": 1, "Peak Memory Usage": 126040, "Plans": [{"Node Type": "Seq Scan", "Parent Relationship": "Outer", "Relation Name": "part", "Alias": "part", "Startup Cost": 0.0, "Total Cost": 61944.0, "Plan Rows": 2000000, "Plan Width": 29, "Actual Startup Time": 0.033, "Actual Total Time": 705.317, "Actual Rows": 2000000, "Actual Loops": 1}]}]}]}, "Triggers": [], "Planner Runtime": 0, "Total Runtime": 3810.947, "Unique SQL Id": 379939634}}, "(1, 71)": {"explain_plan": {"Plan": {"Node Type": "Aggregate", "Strategy": "Plain", "Startup Cost": 4357819.44, "Total Cost": 4357819.45, "Plan Rows": 1, "Plan Width": 53, "Plans": [{"Node Type": "Nested Loop", "Parent Relationship": "Outer", "Join Type": "Inner", "Startup Cost": 24943.55, "Total Cost": 4345221.13, "Plan Rows": 719903, "Plan Width": 37, "Inner Unique": true, "Plans": [{"Node Type": "Bitmap Heap Scan", "Parent Relationship": "Outer", "Relation Name": "lineitem", "Alias": "lineitem", "Startup Cost": 24943.26, "Total Cost": 1235000.32, "Plan Rows": 719903, "Plan Width": 24, "Recheck Cond": "((l_shipdate >= '1996-12-01 00:00:00'::timestamp(0) without time zone) AND (l_shipdate < '1997-01-01 00:00:00'::timestamp without time zone)), (LLVM Optimized)", "Plans": [{"Node Type": "Bitmap Index Scan", "Parent Relationship": "Outer", "Index Name": "idx_lineitem_shipdate", "Startup Cost": 0.0, "Total Cost": 24763.28, "Plan Rows": 719903, "Plan Width": 0, "Index Cond": "((l_shipdate >= '1996-12-01 00:00:00'::timestamp(0) without time zone) AND (l_shipdate < '1997-01-01 00:00:00'::timestamp without time zone))"}]}, {"Node Type": "Bitmap Heap Scan", "Parent Relationship": "Inner", "Relation Name": "part", "Alias": "part", "Startup Cost": 0.3, "Total Cost": 4.31, "Plan Rows": 1, "Plan Width": 29, "Recheck Cond": "(p_partkey = lineitem.l_partkey)", "Plans": [{"Node Type": "Bitmap Index Scan", "Parent Relationship": "Outer", "Index Name": "part_kpey", "Startup Cost": 0.0, "Total Cost": 0.3, "Plan Rows": 1, "Plan Width": 0, "Index Cond": "(p_partkey = lineitem.l_partkey)"}]}]}]}, "Unique SQL Id": 379939634, "Planner Runtime": 0}, "explain_analyze_plan": {"Plan": {"Node Type": "Aggregate", "Strategy": "Plain", "Startup Cost": 4357819.44, "Total Cost": 4357819.45, "Plan Rows": 1, "Plan Width": 53, "Actual Startup Time": 8304.191, "Actual Total Time": 8304.192, "Actual Rows": 1, "Actual Loops": 1, "Plans": [{"Node Type": "Nested Loop", "Parent Relationship": "Outer", "Join Type": "Inner", "Startup Cost": 24943.55, "Total Cost": 4345221.13, "Plan Rows": 719903, "Plan Width": 37, "Actual Startup Time": 424.918, "Actual Total Time": 7787.203, "Actual Rows": 772803, "Actual Loops": 1, "Inner Unique": true, "Plans": [{"Node Type": "Bitmap Heap Scan", "Parent Relationship": "Outer", "Relation Name": "lineitem", "Alias": "lineitem", "Startup Cost": 24943.26, "Total Cost": 1235000.32, "Plan Rows": 719903, "Plan Width": 24, "Actual Startup Time": 424.737, "Actual Total Time": 1608.02, "Actual Rows": 772803, "Actual Loops": 1, "Recheck Cond": "((l_shipdate >= '1996-12-01 00:00:00'::timestamp(0) without time zone) AND (l_shipdate < '1997-01-01 00:00:00'::timestamp without time zone)), (LLVM Optimized, Jit Execute)", "Rows Removed by Index Recheck": 0, "Exact Heap Blocks": 437909, "Lossy Heap Blocks": 437909, "Plans": [{"Node Type": "Bitmap Index Scan", "Parent Relationship": "Outer", "Index Name": "idx_lineitem_shipdate", "Startup Cost": 0.0, "Total Cost": 24763.28, "Plan Rows": 719903, "Plan Width": 0, "Actual Startup Time": 257.536, "Actual Total Time": 257.536, "Actual Rows": 772803, "Actual Loops": 1, "Index Cond": "((l_shipdate >= '1996-12-01 00:00:00'::timestamp(0) without time zone) AND (l_shipdate < '1997-01-01 00:00:00'::timestamp without time zone))"}]}, {"Node Type": "Bitmap Heap Scan", "Parent Relationship": "Inner", "Relation Name": "part", "Alias": "part", "Startup Cost": 0.3, "Total Cost": 4.31, "Plan Rows": 1, "Plan Width": 29, "Actual Startup Time": 5111.348, "Actual Total Time": 5111.348, "Actual Rows": 772803, "Actual Loops": 772803, "Recheck Cond": "(p_partkey = lineitem.l_partkey)", "Rows Removed by Index Recheck": 0, "Exact Heap Blocks": 772803, "Lossy Heap Blocks": 772803, "Plans": [{"Node Type": "Bitmap Index Scan", "Parent Relationship": "Outer", "Index Name": "part_kpey", "Startup Cost": 0.0, "Total Cost": 0.3, "Plan Rows": 1, "Plan Width": 0, "Actual Startup Time": 3133.071, "Actual Total Time": 3133.071, "Actual Rows": 772803, "Actual Loops": 772803, "Index Cond": "(p_partkey = lineitem.l_partkey)"}]}]}]}, "Triggers": [], "Planner Runtime": 0, "Total Runtime": 8315.455, "Unique SQL Id": 379939634}}, "(1, 72)": {"explain_plan": {"Plan": {"Node Type": "Aggregate", "Strategy": "Plain", "Startup Cost": 2437127.27, "Total Cost": 2437127.29, "Plan Rows": 1, "Plan Width": 53, "Plans": [{"Node Type": "Hash Join", "Parent Relationship": "Outer", "Join Type": "Inner", "Startup Cost": 86944.0, "Total Cost": 2424528.97, "Plan Rows": 719903, "Plan Width": 37, "Inner Unique": true, "Hash Cond": "(lineitem.l_partkey = part.p_partkey), (LLVM Optimized)", "Plans": [{"Node Type": "Index Scan", "Parent Relationship": "Outer", "Scan Direction": "Forward", "Index Name": "idx_lineitem_shipdate", "Relation Name": "lineitem", "Alias": "lineitem", "Startup Cost": 0.0, "Total Cost": 2327686.3, "Plan Rows": 719903, "Plan Width": 24, "Index Cond": "((l_shipdate >= '1996-12-01 00:00:00'::timestamp(0) without time zone) AND (l_shipdate < '1997-01-01 00:00:00'::timestamp without time zone)), (LLVM Optimized)"}, {"Node Type": "Hash", "Parent Relationship": "Inner", "Startup Cost": 61944.0, "Total Cost": 61944.0, "Plan Rows": 2000000, "Plan Width": 29, "Plans": [{"Node Type": "Seq Scan", "Parent Relationship": "Outer", "Relation Name": "part", "Alias": "part", "Startup Cost": 0.0, "Total Cost": 61944.0, "Plan Rows": 2000000, "Plan Width": 29}]}]}]}, "Unique SQL Id": 379939634, "Planner Runtime": 0}, "explain_analyze_plan": {"Plan": {"Node Type": "Aggregate", "Strategy": "Plain", "Startup Cost": 2437127.27, "Total Cost": 2437127.29, "Plan Rows": 1, "Plan Width": 53, "Actual Startup Time": 4092.206, "Actual Total Time": 4092.207, "Actual Rows": 1, "Actual Loops": 1, "Plans": [{"Node Type": "Hash Join", "Parent Relationship": "Outer", "Join Type": "Inner", "Startup Cost": 86944.0, "Total Cost": 2424528.97, "Plan Rows": 719903, "Plan Width": 37, "Actual Startup Time": 1348.184, "Actual Total Time": 3703.872, "Actual Rows": 772803, "Actual Loops": 1, "Inner Unique": true, "Hash Cond": "(lineitem.l_partkey = part.p_partkey), (LLVM Optimized, Jit Execute)", "Plans": [{"Node Type": "Index Scan", "Parent Relationship": "Outer", "Scan Direction": "Forward", "Index Name": "idx_lineitem_shipdate", "Relation Name": "lineitem", "Alias": "lineitem", "Startup Cost": 0.0, "Total Cost": 2327686.3, "Plan Rows": 719903, "Plan Width": 24, "Actual Startup Time": 0.028, "Actual Total Time": 1733.634, "Actual Rows": 772803, "Actual Loops": 1, "Index Cond": "((l_shipdate >= '1996-12-01 00:00:00'::timestamp(0) without time zone) AND (l_shipdate < '1997-01-01 00:00:00'::timestamp without time zone)), (LLVM Optimized, Jit Execute)", "Rows Removed by Index Recheck": 0}, {"Node Type": "Hash", "Parent Relationship": "Inner", "Startup Cost": 61944.0, "Total Cost": 61944.0, "Plan Rows": 2000000, "Plan Width": 29, "Actual Startup Time": 1346.859, "Actual Total Time": 1346.859, "Actual Rows": 2000000, "Actual Loops": 1, "Hash Buckets": 2097152, "Hash Batches": 1, "Original Hash Batches": 1, "Peak Memory Usage": 126040, "Plans": [{"Node Type": "Seq Scan", "Parent Relationship": "Outer", "Relation Name": "part", "Alias": "part", "Startup Cost": 0.0, "Total Cost": 61944.0, "Plan Rows": 2000000, "Plan Width": 29, "Actual Startup Time": 0.02, "Actual Total Time": 704.049, "Actual Rows": 2000000, "Actual Loops": 1}]}]}]}, "Triggers": [], "Planner Runtime": 0, "Total Runtime": 4106.07, "Unique SQL Id": 379939634}}, "(1, 73)": {"explain_plan": {"Plan": {"Node Type": "Aggregate", "Strategy": "Plain", "Startup Cost": 2475986.52, "Total Cost": 2475986.54, "Plan Rows": 1, "Plan Width": 53, "Plans": [{"Node Type": "Hash Join", "Parent Relationship": "Outer", "Join Type": "Inner", "Startup Cost": 125803.25, "Total Cost": 2463388.22, "Plan Rows": 719903, "Plan Width": 37, "Inner Unique": true, "Hash Cond": "(lineitem.l_partkey = part.p_partkey), (LLVM Optimized)", "Plans": [{"Node Type": "Index Scan", "Parent Relationship": "Outer", "Scan Direction": "Forward", "Index Name": "idx_lineitem_shipdate", "Relation Name": "lineitem", "Alias": "lineitem", "Startup Cost": 0.0, "Total Cost": 2327686.3, "Plan Rows": 719903, "Plan Width": 24, "Index Cond": "((l_shipdate >= '1996-12-01 00:00:00'::timestamp(0) without time zone) AND (l_shipdate < '1997-01-01 00:00:00'::timestamp without time zone)), (LLVM Optimized)"}, {"Node Type": "Hash", "Parent Relationship": "Inner", "Startup Cost": 100803.25, "Total Cost": 100803.25, "Plan Rows": 2000000, "Plan Width": 29, "Plans": [{"Node Type": "Index Scan", "Parent Relationship": "Outer", "Scan Direction": "Forward", "Index Name": "part_kpey", "Relation Name": "part", "Alias": "part", "Startup Cost": 0.0, "Total Cost": 100803.25, "Plan Rows": 2000000, "Plan Width": 29}]}]}]}, "Unique SQL Id": 379939634, "Planner Runtime": 0}, "explain_analyze_plan": {"Plan": {"Node Type": "Aggregate", "Strategy": "Plain", "Startup Cost": 2475986.52, "Total Cost": 2475986.54, "Plan Rows": 1, "Plan Width": 53, "Actual Startup Time": 5395.543, "Actual Total Time": 5395.544, "Actual Rows": 1, "Actual Loops": 1, "Plans": [{"Node Type": "Hash Join", "Parent Relationship": "Outer", "Join Type": "Inner", "Startup Cost": 125803.25, "Total Cost": 2463388.22, "Plan Rows": 719903, "Plan Width": 37, "Actual Startup Time": 2082.35, "Actual Total Time": 5006.935, "Actual Rows": 772803, "Actual Loops": 1, "Inner Unique": true, "Hash Cond": "(lineitem.l_partkey = part.p_partkey), (LLVM Optimized, Jit Execute)", "Plans": [{"Node Type": "Index Scan", "Parent Relationship": "Outer", "Scan Direction": "Forward", "Index Name": "idx_lineitem_shipdate", "Relation Name": "lineitem", "Alias": "lineitem", "Startup Cost": 0.0, "Total Cost": 2327686.3, "Plan Rows": 719903, "Plan Width": 24, "Actual Startup Time": 0.027, "Actual Total Time": 2159.076, "Actual Rows": 772803, "Actual Loops": 1, "Index Cond": "((l_shipdate >= '1996-12-01 00:00:00'::timestamp(0) without time zone) AND (l_shipdate < '1997-01-01 00:00:00'::timestamp without time zone)), (LLVM Optimized, Jit Execute)", "Rows Removed by Index Recheck": 0}, {"Node Type": "Hash", "Parent Relationship": "Inner", "Startup Cost": 100803.25, "Total Cost": 100803.25, "Plan Rows": 2000000, "Plan Width": 29, "Actual Startup Time": 2081.053, "Actual Total Time": 2081.053, "Actual Rows": 2000000, "Actual Loops": 1, "Hash Buckets": 2097152, "Hash Batches": 1, "Original Hash Batches": 1, "Peak Memory Usage": 126040, "Plans": [{"Node Type": "Index Scan", "Parent Relationship": "Outer", "Scan Direction": "Forward", "Index Name": "part_kpey", "Relation Name": "part", "Alias": "part", "Startup Cost": 0.0, "Total Cost": 100803.25, "Plan Rows": 2000000, "Plan Width": 29, "Actual Startup Time": 0.027, "Actual Total Time": 1262.5, "Actual Rows": 2000000, "Actual Loops": 1}]}]}]}, "Triggers": [], "Planner Runtime": 0, "Total Runtime": 5409.339, "Unique SQL Id": 379939634}}, "(1, 74)": {"explain_plan": {"Plan": {"Node Type": "Aggregate", "Strategy": "Plain", "Startup Cost": 2424491.46, "Total Cost": 2424491.48, "Plan Rows": 1, "Plan Width": 53, "Plans": [{"Node Type": "Hash Join", "Parent Relationship": "Outer", "Join Type": "Inner", "Startup Cost": 86988.59, "Total Cost": 2411893.16, "Plan Rows": 719903, "Plan Width": 37, "Inner Unique": true, "Hash Cond": "(lineitem.l_partkey = part.p_partkey), (LLVM Optimized)", "Plans": [{"Node Type": "Seq Scan", "Parent Relationship": "Outer", "Relation Name": "lineitem", "Alias": "lineitem", "Startup Cost": 44.59, "Total Cost": 2315050.5, "Plan Rows": 719903, "Plan Width": 24, "Filter": "((l_shipdate >= '1996-12-01 00:00:00'::timestamp(0) without time zone) AND (l_shipdate < '1997-01-01 00:00:00'::timestamp without time zone)), (LLVM Optimized)"}, {"Node Type": "Hash", "Parent Relationship": "Inner", "Startup Cost": 61944.0, "Total Cost": 61944.0, "Plan Rows": 2000000, "Plan Width": 29, "Plans": [{"Node Type": "Seq Scan", "Parent Relationship": "Outer", "Relation Name": "part", "Alias": "part", "Startup Cost": 0.0, "Total Cost": 61944.0, "Plan Rows": 2000000, "Plan Width": 29}]}]}]}, "Unique SQL Id": 379939634, "Planner Runtime": 0}, "explain_analyze_plan": null}, "(1, 75)": {"explain_plan": {"Plan": {"Node Type": "Aggregate", "Strategy": "Plain", "Startup Cost": 2000799156591.82, "Total Cost": 2000799156591.84, "Plan Rows": 1, "Plan Width": 53, "Plans": [{"Node Type": "Merge Join", "Parent Relationship": "Outer", "Join Type": "Inner", "Startup Cost": 20044550453.84, "Total Cost": 2000799143993.52, "Plan Rows": 719903, "Plan Width": 37, "Inner Unique": true, "Merge Cond": "(lineitem.l_partkey = part.p_partkey)", "Plans": [{"Node Type": "Index Scan", "Parent Relationship": "Outer", "Scan Direction": "Forward", "Index Name": "idx_lineitem_part_supp", "Relation Name": "lineitem", "Alias": "lineitem", "Startup Cost": 10000000000.0, "Total Cost": 1000805384836.14, "Plan Rows": 719903, "Plan Width": 24, "Filter": "((l_shipdate >= '1996-12-01 00:00:00'::timestamp(0) without time zone) AND (l_shipdate < '1997-01-01 00:00:00'::timestamp without time zone)), (LLVM Optimized)"}, {"Node Type": "Index Scan", "Parent Relationship": "Inner", "Scan Direction": "Forward", "Index Name": "part_kpey", "Relation Name": "part", "Alias": "part", "Startup Cost": 10000000000.0, "Total Cost": 1000010080325.0, "Plan Rows": 2000000, "Plan Width": 29}]}]}, "Unique SQL Id": 379939634, "Planner Runtime": 0}, "explain_analyze_plan": null}, "(1, 76)": {"explain_plan": {"Plan": {"Node Type": "Aggregate", "Strategy": "Plain", "Startup Cost": 2437127.27, "Total Cost": 2437127.29, "Plan Rows": 1, "Plan Width": 53, "Plans": [{"Node Type": "Hash Join", "Parent Relationship": "Outer", "Join Type": "Inner", "Startup Cost": 86944.0, "Total Cost": 2424528.97, "Plan Rows": 719903, "Plan Width": 37, "Inner Unique": true, "Hash Cond": "(lineitem.l_partkey = part.p_partkey), (LLVM Optimized)", "Plans": [{"Node Type": "Index Scan", "Parent Relationship": "Outer", "Scan Direction": "Forward", "Index Name": "idx_lineitem_shipdate", "Relation Name": "lineitem", "Alias": "lineitem", "Startup Cost": 0.0, "Total Cost": 2327686.3, "Plan Rows": 719903, "Plan Width": 24, "Index Cond": "((l_shipdate >= '1996-12-01 00:00:00'::timestamp(0) without time zone) AND (l_shipdate < '1997-01-01 00:00:00'::timestamp without time zone)), (LLVM Optimized)"}, {"Node Type": "Hash", "Parent Relationship": "Inner", "Startup Cost": 61944.0, "Total Cost": 61944.0, "Plan Rows": 2000000, "Plan Width": 29, "Plans": [{"Node Type": "Seq Scan", "Parent Relationship": "Outer", "Relation Name": "part", "Alias": "part", "Startup Cost": 0.0, "Total Cost": 61944.0, "Plan Rows": 2000000, "Plan Width": 29}]}]}]}, "Unique SQL Id": 379939634, "Planner Runtime": 0}, "explain_analyze_plan": {"Plan": {"Node Type": "Aggregate", "Strategy": "Plain", "Startup Cost": 2437127.27, "Total Cost": 2437127.29, "Plan Rows": 1, "Plan Width": 53, "Actual Startup Time": 4092.206, "Actual Total Time": 4092.207, "Actual Rows": 1, "Actual Loops": 1, "Plans": [{"Node Type": "Hash Join", "Parent Relationship": "Outer", "Join Type": "Inner", "Startup Cost": 86944.0, "Total Cost": 2424528.97, "Plan Rows": 719903, "Plan Width": 37, "Actual Startup Time": 1348.184, "Actual Total Time": 3703.872, "Actual Rows": 772803, "Actual Loops": 1, "Inner Unique": true, "Hash Cond": "(lineitem.l_partkey = part.p_partkey), (LLVM Optimized, Jit Execute)", "Plans": [{"Node Type": "Index Scan", "Parent Relationship": "Outer", "Scan Direction": "Forward", "Index Name": "idx_lineitem_shipdate", "Relation Name": "lineitem", "Alias": "lineitem", "Startup Cost": 0.0, "Total Cost": 2327686.3, "Plan Rows": 719903, "Plan Width": 24, "Actual Startup Time": 0.028, "Actual Total Time": 1733.634, "Actual Rows": 772803, "Actual Loops": 1, "Index Cond": "((l_shipdate >= '1996-12-01 00:00:00'::timestamp(0) without time zone) AND (l_shipdate < '1997-01-01 00:00:00'::timestamp without time zone)), (LLVM Optimized, Jit Execute)", "Rows Removed by Index Recheck": 0}, {"Node Type": "Hash", "Parent Relationship": "Inner", "Startup Cost": 61944.0, "Total Cost": 61944.0, "Plan Rows": 2000000, "Plan Width": 29, "Actual Startup Time": 1346.859, "Actual Total Time": 1346.859, "Actual Rows": 2000000, "Actual Loops": 1, "Hash Buckets": 2097152, "Hash Batches": 1, "Original Hash Batches": 1, "Peak Memory Usage": 126040, "Plans": [{"Node Type": "Seq Scan", "Parent Relationship": "Outer", "Relation Name": "part", "Alias": "part", "Startup Cost": 0.0, "Total Cost": 61944.0, "Plan Rows": 2000000, "Plan Width": 29, "Actual Startup Time": 0.02, "Actual Total Time": 704.049, "Actual Rows": 2000000, "Actual Loops": 1}]}]}]}, "Triggers": [], "Planner Runtime": 0, "Total Runtime": 4106.07, "Unique SQL Id": 379939634}}, "(1, 77)": {"explain_plan": {"Plan": {"Node Type": "Aggregate", "Strategy": "Plain", "Startup Cost": 2475986.52, "Total Cost": 2475986.54, "Plan Rows": 1, "Plan Width": 53, "Plans": [{"Node Type": "Hash Join", "Parent Relationship": "Outer", "Join Type": "Inner", "Startup Cost": 125803.25, "Total Cost": 2463388.22, "Plan Rows": 719903, "Plan Width": 37, "Inner Unique": true, "Hash Cond": "(lineitem.l_partkey = part.p_partkey), (LLVM Optimized)", "Plans": [{"Node Type": "Index Scan", "Parent Relationship": "Outer", "Scan Direction": "Forward", "Index Name": "idx_lineitem_shipdate", "Relation Name": "lineitem", "Alias": "lineitem", "Startup Cost": 0.0, "Total Cost": 2327686.3, "Plan Rows": 719903, "Plan Width": 24, "Index Cond": "((l_shipdate >= '1996-12-01 00:00:00'::timestamp(0) without time zone) AND (l_shipdate < '1997-01-01 00:00:00'::timestamp without time zone)), (LLVM Optimized)"}, {"Node Type": "Hash", "Parent Relationship": "Inner", "Startup Cost": 100803.25, "Total Cost": 100803.25, "Plan Rows": 2000000, "Plan Width": 29, "Plans": [{"Node Type": "Index Scan", "Parent Relationship": "Outer", "Scan Direction": "Forward", "Index Name": "part_kpey", "Relation Name": "part", "Alias": "part", "Startup Cost": 0.0, "Total Cost": 100803.25, "Plan Rows": 2000000, "Plan Width": 29}]}]}]}, "Unique SQL Id": 379939634, "Planner Runtime": 0}, "explain_analyze_plan": {"Plan": {"Node Type": "Aggregate", "Strategy": "Plain", "Startup Cost": 2475986.52, "Total Cost": 2475986.54, "Plan Rows": 1, "Plan Width": 53, "Actual Startup Time": 5395.543, "Actual Total Time": 5395.544, "Actual Rows": 1, "Actual Loops": 1, "Plans": [{"Node Type": "Hash Join", "Parent Relationship": "Outer", "Join Type": "Inner", "Startup Cost": 125803.25, "Total Cost": 2463388.22, "Plan Rows": 719903, "Plan Width": 37, "Actual Startup Time": 2082.35, "Actual Total Time": 5006.935, "Actual Rows": 772803, "Actual Loops": 1, "Inner Unique": true, "Hash Cond": "(lineitem.l_partkey = part.p_partkey), (LLVM Optimized, Jit Execute)", "Plans": [{"Node Type": "Index Scan", "Parent Relationship": "Outer", "Scan Direction": "Forward", "Index Name": "idx_lineitem_shipdate", "Relation Name": "lineitem", "Alias": "lineitem", "Startup Cost": 0.0, "Total Cost": 2327686.3, "Plan Rows": 719903, "Plan Width": 24, "Actual Startup Time": 0.027, "Actual Total Time": 2159.076, "Actual Rows": 772803, "Actual Loops": 1, "Index Cond": "((l_shipdate >= '1996-12-01 00:00:00'::timestamp(0) without time zone) AND (l_shipdate < '1997-01-01 00:00:00'::timestamp without time zone)), (LLVM Optimized, Jit Execute)", "Rows Removed by Index Recheck": 0}, {"Node Type": "Hash", "Parent Relationship": "Inner", "Startup Cost": 100803.25, "Total Cost": 100803.25, "Plan Rows": 2000000, "Plan Width": 29, "Actual Startup Time": 2081.053, "Actual Total Time": 2081.053, "Actual Rows": 2000000, "Actual Loops": 1, "Hash Buckets": 2097152, "Hash Batches": 1, "Original Hash Batches": 1, "Peak Memory Usage": 126040, "Plans": [{"Node Type": "Index Scan", "Parent Relationship": "Outer", "Scan Direction": "Forward", "Index Name": "part_kpey", "Relation Name": "part", "Alias": "part", "Startup Cost": 0.0, "Total Cost": 100803.25, "Plan Rows": 2000000, "Plan Width": 29, "Actual Startup Time": 0.027, "Actual Total Time": 1262.5, "Actual Rows": 2000000, "Actual Loops": 1}]}]}]}, "Triggers": [], "Planner Runtime": 0, "Total Runtime": 5409.339, "Unique SQL Id": 379939634}}, "(1, 78)": {"explain_plan": {"Plan": {"Node Type": "Aggregate", "Strategy": "Plain", "Startup Cost": 2424491.46, "Total Cost": 2424491.48, "Plan Rows": 1, "Plan Width": 53, "Plans": [{"Node Type": "Hash Join", "Parent Relationship": "Outer", "Join Type": "Inner", "Startup Cost": 86988.59, "Total Cost": 2411893.16, "Plan Rows": 719903, "Plan Width": 37, "Inner Unique": true, "Hash Cond": "(lineitem.l_partkey = part.p_partkey), (LLVM Optimized)", "Plans": [{"Node Type": "Seq Scan", "Parent Relationship": "Outer", "Relation Name": "lineitem", "Alias": "lineitem", "Startup Cost": 44.59, "Total Cost": 2315050.5, "Plan Rows": 719903, "Plan Width": 24, "Filter": "((l_shipdate >= '1996-12-01 00:00:00'::timestamp(0) without time zone) AND (l_shipdate < '1997-01-01 00:00:00'::timestamp without time zone)), (LLVM Optimized)"}, {"Node Type": "Hash", "Parent Relationship": "Inner", "Startup Cost": 61944.0, "Total Cost": 61944.0, "Plan Rows": 2000000, "Plan Width": 29, "Plans": [{"Node Type": "Seq Scan", "Parent Relationship": "Outer", "Relation Name": "part", "Alias": "part", "Startup Cost": 0.0, "Total Cost": 61944.0, "Plan Rows": 2000000, "Plan Width": 29}]}]}]}, "Unique SQL Id": 379939634, "Planner Runtime": 0}, "explain_analyze_plan": null}, "(1, 79)": {"explain_plan": {"Plan": {"Node Type": "Aggregate", "Strategy": "Plain", "Startup Cost": 2000799156591.82, "Total Cost": 2000799156591.84, "Plan Rows": 1, "Plan Width": 53, "Plans": [{"Node Type": "Merge Join", "Parent Relationship": "Outer", "Join Type": "Inner", "Startup Cost": 20044550453.84, "Total Cost": 2000799143993.52, "Plan Rows": 719903, "Plan Width": 37, "Inner Unique": true, "Merge Cond": "(lineitem.l_partkey = part.p_partkey)", "Plans": [{"Node Type": "Index Scan", "Parent Relationship": "Outer", "Scan Direction": "Forward", "Index Name": "idx_lineitem_part_supp", "Relation Name": "lineitem", "Alias": "lineitem", "Startup Cost": 10000000000.0, "Total Cost": 1000805384836.14, "Plan Rows": 719903, "Plan Width": 24, "Filter": "((l_shipdate >= '1996-12-01 00:00:00'::timestamp(0) without time zone) AND (l_shipdate < '1997-01-01 00:00:00'::timestamp without time zone)), (LLVM Optimized)"}, {"Node Type": "Index Scan", "Parent Relationship": "Inner", "Scan Direction": "Forward", "Index Name": "part_kpey", "Relation Name": "part", "Alias": "part", "Startup Cost": 10000000000.0, "Total Cost": 1000010080325.0, "Plan Rows": 2000000, "Plan Width": 29}]}]}, "Unique SQL Id": 379939634, "Planner Runtime": 0}, "explain_analyze_plan": null}, "(1, 80)": {"explain_plan": {"Plan": {"Node Type": "Aggregate", "Strategy": "Plain", "Startup Cost": 1434236.03, "Total Cost": 1434236.04, "Plan Rows": 1, "Plan Width": 53, "Plans": [{"Node Type": "Merge Join", "Parent Relationship": "Outer", "Join Type": "Inner", "Startup Cost": 1305042.44, "Total Cost": 1421637.72, "Plan Rows": 719903, "Plan Width": 37, "Inner Unique": false, "Merge Cond": "(part.p_partkey = lineitem.l_partkey)", "Plans": [{"Node Type": "Index Scan", "Parent Relationship": "Outer", "Scan Direction": "Forward", "Index Name": "part_kpey", "Relation Name": "part", "Alias": "part", "Startup Cost": 0.0, "Total Cost": 100803.25, "Plan Rows": 2000000, "Plan Width": 29}, {"Node Type": "Sort", "Parent Relationship": "Inner", "Startup Cost": 1305037.68, "Total Cost": 1306837.43, "Plan Rows": 719903, "Plan Width": 24, "Sort Key": ["lineitem.l_partkey"], "Plans": [{"Node Type": "Bitmap Heap Scan", "Parent Relationship": "Outer", "Relation Name": "lineitem", "Alias": "lineitem", "Startup Cost": 24943.26, "Total Cost": 1235000.32, "Plan Rows": 719903, "Plan Width": 24, "Recheck Cond": "((l_shipdate >= '1996-12-01 00:00:00'::timestamp(0) without time zone) AND (l_shipdate < '1997-01-01 00:00:00'::timestamp without time zone)), (LLVM Optimized)", "Plans": [{"Node Type": "Bitmap Index Scan", "Parent Relationship": "Outer", "Index Name": "idx_lineitem_shipdate", "Startup Cost": 0.0, "Total Cost": 24763.28, "Plan Rows": 719903, "Plan Width": 0, "Index Cond": "((l_shipdate >= '1996-12-01 00:00:00'::timestamp(0) without time zone) AND (l_shipdate < '1997-01-01 00:00:00'::timestamp without time zone))"}]}]}]}]}, "Unique SQL Id": 379939634, "Planner Runtime": 0}, "explain_analyze_plan": {"Plan": {"Node Type": "Aggregate", "Strategy": "Plain", "Startup Cost": 1434236.03, "Total Cost": 1434236.04, "Plan Rows": 1, "Plan Width": 53, "Actual Startup Time": 4205.31, "Actual Total Time": 4205.31, "Actual Rows": 1, "Actual Loops": 1, "Plans": [{"Node Type": "Merge Join", "Parent Relationship": "Outer", "Join Type": "Inner", "Startup Cost": 1305042.44, "Total Cost": 1421637.72, "Plan Rows": 719903, "Plan Width": 37, "Actual Startup Time": 1829.825, "Actual Total Time": 3818.383, "Actual Rows": 772803, "Actual Loops": 1, "Inner Unique": false, "Merge Cond": "(part.p_partkey = lineitem.l_partkey)", "Plans": [{"Node Type": "Index Scan", "Parent Relationship": "Outer", "Scan Direction": "Forward", "Index Name": "part_kpey", "Relation Name": "part", "Alias": "part", "Startup Cost": 0.0, "Total Cost": 100803.25, "Plan Rows": 2000000, "Plan Width": 29, "Actual Startup Time": 0.029, "Actual Total Time": 1159.887, "Actual Rows": 2000000, "Actual Loops": 1}, {"Node Type": "Sort", "Parent Relationship": "Inner", "Startup Cost": 1305037.68, "Total Cost": 1306837.43, "Plan Rows": 719903, "Plan Width": 24, "Actual Startup Time": 1829.759, "Actual Total Time": 2022.568, "Actual Rows": 772803, "Actual Loops": 1, "Sort Key": ["lineitem.l_partkey"], "Sort Method": "quicksort", "Sort Space Used": 97027, "Sort Space Type": "Memory", "Plans": [{"Node Type": "Bitmap Heap Scan", "Parent Relationship": "Outer", "Relation Name": "lineitem", "Alias": "lineitem", "Startup Cost": 24943.26, "Total Cost": 1235000.32, "Plan Rows": 719903, "Plan Width": 24, "Actual Startup Time": 422.8, "Actual Total Time": 1502.302, "Actual Rows": 772803, "Actual Loops": 1, "Recheck Cond": "((l_shipdate >= '1996-12-01 00:00:00'::timestamp(0) without time zone) AND (l_shipdate < '1997-01-01 00:00:00'::timestamp without time zone)), (LLVM Optimized, Jit Execute)", "Rows Removed by Index Recheck": 0, "Exact Heap Blocks": 437909, "Lossy Heap Blocks": 437909, "Plans": [{"Node Type": "Bitmap Index Scan", "Parent Relationship": "Outer", "Index Name": "idx_lineitem_shipdate", "Startup Cost": 0.0, "Total Cost": 24763.28, "Plan Rows": 719903, "Plan Width": 0, "Actual Startup Time": 257.006, "Actual Total Time": 257.006, "Actual Rows": 772803, "Actual Loops": 1, "Index Cond": "((l_shipdate >= '1996-12-01 00:00:00'::timestamp(0) without time zone) AND (l_shipdate < '1997-01-01 00:00:00'::timestamp without time zone))"}]}]}]}]}, "Triggers": [], "Planner Runtime": 0, "Total Runtime": 4216.436, "Unique SQL Id": 379939634}}, "(1, 81)": {"explain_plan": {"Plan": {"Node Type": "Aggregate", "Strategy": "Plain", "Startup Cost": 1434236.03, "Total Cost": 1434236.04, "Plan Rows": 1, "Plan Width": 53, "Plans": [{"Node Type": "Merge Join", "Parent Relationship": "Outer", "Join Type": "Inner", "Startup Cost": 1305042.44, "Total Cost": 1421637.72, "Plan Rows": 719903, "Plan Width": 37, "Inner Unique": true, "Merge Cond": "(lineitem.l_partkey = part.p_partkey)", "Plans": [{"Node Type": "Sort", "Parent Relationship": "Outer", "Startup Cost": 1305037.68, "Total Cost": 1306837.43, "Plan Rows": 719903, "Plan Width": 24, "Sort Key": ["lineitem.l_partkey"], "Plans": [{"Node Type": "Bitmap Heap Scan", "Parent Relationship": "Outer", "Relation Name": "lineitem", "Alias": "lineitem", "Startup Cost": 24943.26, "Total Cost": 1235000.32, "Plan Rows": 719903, "Plan Width": 24, "Recheck Cond": "((l_shipdate >= '1996-12-01 00:00:00'::timestamp(0) without time zone) AND (l_shipdate < '1997-01-01 00:00:00'::timestamp without time zone)), (LLVM Optimized)", "Plans": [{"Node Type": "Bitmap Index Scan", "Parent Relationship": "Outer", "Index Name": "idx_lineitem_shipdate", "Startup Cost": 0.0, "Total Cost": 24763.28, "Plan Rows": 719903, "Plan Width": 0, "Index Cond": "((l_shipdate >= '1996-12-01 00:00:00'::timestamp(0) without time zone) AND (l_shipdate < '1997-01-01 00:00:00'::timestamp without time zone))"}]}]}, {"Node Type": "Index Scan", "Parent Relationship": "Inner", "Scan Direction": "Forward", "Index Name": "part_kpey", "Relation Name": "part", "Alias": "part", "Startup Cost": 0.0, "Total Cost": 100803.25, "Plan Rows": 2000000, "Plan Width": 29}]}]}, "Unique SQL Id": 379939634, "Planner Runtime": 0}, "explain_analyze_plan": {"Plan": {"Node Type": "Aggregate", "Strategy": "Plain", "Startup Cost": 1434236.03, "Total Cost": 1434236.04, "Plan Rows": 1, "Plan Width": 53, "Actual Startup Time": 4448.199, "Actual Total Time": 4448.2, "Actual Rows": 1, "Actual Loops": 1, "Plans": [{"Node Type": "Merge Join", "Parent Relationship": "Outer", "Join Type": "Inner", "Startup Cost": 1305042.44, "Total Cost": 1421637.72, "Plan Rows": 719903, "Plan Width": 37, "Actual Startup Time": 1869.754, "Actual Total Time": 4065.144, "Actual Rows": 772803, "Actual Loops": 1, "Inner Unique": true, "Merge Cond": "(lineitem.l_partkey = part.p_partkey)", "Plans": [{"Node Type": "Sort", "Parent Relationship": "Outer", "Startup Cost": 1305037.68, "Total Cost": 1306837.43, "Plan Rows": 719903, "Plan Width": 24, "Actual Startup Time": 1869.683, "Actual Total Time": 2090.423, "Actual Rows": 772803, "Actual Loops": 1, "Sort Key": ["lineitem.l_partkey"], "Sort Method": "quicksort", "Sort Space Used": 97027, "Sort Space Type": "Memory", "Plans": [{"Node Type": "Bitmap Heap Scan", "Parent Relationship": "Outer", "Relation Name": "lineitem", "Alias": "lineitem", "Startup Cost": 24943.26, "Total Cost": 1235000.32, "Plan Rows": 719903, "Plan Width": 24, "Actual Startup Time": 423.061, "Actual Total Time": 1543.45, "Actual Rows": 772803, "Actual Loops": 1, "Recheck Cond": "((l_shipdate >= '1996-12-01 00:00:00'::timestamp(0) without time zone) AND (l_shipdate < '1997-01-01 00:00:00'::timestamp without time zone)), (LLVM Optimized, Jit Execute)", "Rows Removed by Index Recheck": 0, "Exact Heap Blocks": 437909, "Lossy Heap Blocks": 437909, "Plans": [{"Node Type": "Bitmap Index Scan", "Parent Relationship": "Outer", "Index Name": "idx_lineitem_shipdate", "Startup Cost": 0.0, "Total Cost": 24763.28, "Plan Rows": 719903, "Plan Width": 0, "Actual Startup Time": 257.666, "Actual Total Time": 257.666, "Actual Rows": 772803, "Actual Loops": 1, "Index Cond": "((l_shipdate >= '1996-12-01 00:00:00'::timestamp(0) without time zone) AND (l_shipdate < '1997-01-01 00:00:00'::timestamp without time zone))"}]}]}, {"Node Type": "Index Scan", "Parent Relationship": "Inner", "Scan Direction": "Forward", "Index Name": "part_kpey", "Relation Name": "part", "Alias": "part", "Startup Cost": 0.0, "Total Cost": 100803.25, "Plan Rows": 2000000, "Plan Width": 29, "Actual Startup Time": 0.055, "Actual Total Time": 1266.801, "Actual Rows": 1999999, "Actual Loops": 1}]}]}, "Triggers": [], "Planner Runtime": 0, "Total Runtime": 4459.385, "Unique SQL Id": 379939634}}, "(1, 82)": {"explain_plan": {"Plan": {"Node Type": "Aggregate", "Strategy": "Plain", "Startup Cost": 1609694.04, "Total Cost": 1609694.06, "Plan Rows": 1, "Plan Width": 53, "Plans": [{"Node Type": "Merge Join", "Parent Relationship": "Outer", "Join Type": "Inner", "Startup Cost": 1576297.81, "Total Cost": 1597095.74, "Plan Rows": 719903, "Plan Width": 37, "Inner Unique": true, "Merge Cond": "(lineitem.l_partkey = part.p_partkey)", "Plans": [{"Node Type": "Sort", "Parent Relationship": "Outer", "Startup Cost": 1305037.68, "Total Cost": 1306837.43, "Plan Rows": 719903, "Plan Width": 24, "Sort Key": ["lineitem.l_partkey"], "Plans": [{"Node Type": "Bitmap Heap Scan", "Parent Relationship": "Outer", "Relation Name": "lineitem", "Alias": "lineitem", "Startup Cost": 24943.26, "Total Cost": 1235000.32, "Plan Rows": 719903, "Plan Width": 24, "Recheck Cond": "((l_shipdate >= '1996-12-01 00:00:00'::timestamp(0) without time zone) AND (l_shipdate < '1997-01-01 00:00:00'::timestamp without time zone)), (LLVM Optimized)", "Plans": [{"Node Type": "Bitmap Index Scan", "Parent Relationship": "Outer", "Index Name": "idx_lineitem_shipdate", "Startup Cost": 0.0, "Total Cost": 24763.28, "Plan Rows": 719903, "Plan Width": 0, "Index Cond": "((l_shipdate >= '1996-12-01 00:00:00'::timestamp(0) without time zone) AND (l_shipdate < '1997-01-01 00:00:00'::timestamp without time zone))"}]}]}, {"Node Type": "Sort", "Parent Relationship": "Inner", "Startup Cost": 271259.69, "Total Cost": 276259.69, "Plan Rows": 2000000, "Plan Width": 29, "Sort Key": ["part.p_partkey"], "Plans": [{"Node Type": "Seq Scan", "Parent Relationship": "Outer", "Relation Name": "part", "Alias": "part", "Startup Cost": 0.0, "Total Cost": 61944.0, "Plan Rows": 2000000, "Plan Width": 29}]}]}]}, "Unique SQL Id": 379939634, "Planner Runtime": 0}, "explain_analyze_plan": {"Plan": {"Node Type": "Aggregate", "Strategy": "Plain", "Startup Cost": 1609694.04, "Total Cost": 1609694.06, "Plan Rows": 1, "Plan Width": 53, "Actual Startup Time": 4936.948, "Actual Total Time": 4936.949, "Actual Rows": 1, "Actual Loops": 1, "Plans": [{"Node Type": "Merge Join", "Parent Relationship": "Outer", "Join Type": "Inner", "Startup Cost": 1576297.81, "Total Cost": 1597095.74, "Plan Rows": 719903, "Plan Width": 37, "Actual Startup Time": 3415.8, "Actual Total Time": 4586.824, "Actual Rows": 772803, "Actual Loops": 1, "Inner Unique": true, "Merge Cond": "(lineitem.l_partkey = part.p_partkey)", "Plans": [{"Node Type": "Sort", "Parent Relationship": "Outer", "Startup Cost": 1305037.68, "Total Cost": 1306837.43, "Plan Rows": 719903, "Plan Width": 24, "Actual Startup Time": 2071.042, "Actual Total Time": 2300.451, "Actual Rows": 772803, "Actual Loops": 1, "Sort Key": ["lineitem.l_partkey"], "Sort Method": "quicksort", "Sort Space Used": 97027, "Sort Space Type": "Memory", "Plans": [{"Node Type": "Bitmap Heap Scan", "Parent Relationship": "Outer", "Relation Name": "lineitem", "Alias": "lineitem", "Startup Cost": 24943.26, "Total Cost": 1235000.32, "Plan Rows": 719903, "Plan Width": 24, "Actual Startup Time": 528.663, "Actual Total Time": 1738.45, "Actual Rows": 772803, "Actual Loops": 1, "Recheck Cond": "((l_shipdate >= '1996-12-01 00:00:00'::timestamp(0) without time zone) AND (l_shipdate < '1997-01-01 00:00:00'::timestamp without time zone)), (LLVM Optimized, Jit Execute)", "Rows Removed by Index Recheck": 0, "Exact Heap Blocks": 437909, "Lossy Heap Blocks": 437909, "Plans": [{"Node Type": "Bitmap Index Scan", "Parent Relationship": "Outer", "Index Name": "idx_lineitem_shipdate", "Startup Cost": 0.0, "Total Cost": 24763.28, "Plan Rows": 719903, "Plan Width": 0, "Actual Startup Time": 352.589, "Actual Total Time": 352.589, "Actual Rows": 772803, "Actual Loops": 1, "Index Cond": "((l_shipdate >= '1996-12-01 00:00:00'::timestamp(0) without time zone) AND (l_shipdate < '1997-01-01 00:00:00'::timestamp without time zone))"}]}]}, {"Node Type": "Sort", "Parent Relationship": "Inner", "Startup Cost": 271259.69, "Total Cost": 276259.69, "Plan Rows": 2000000, "Plan Width": 29, "Actual Startup Time": 1344.739, "Actual Total Time": 1613.606, "Actual Rows": 1999999, "Actual Loops": 1, "Sort Key": ["part.p_partkey"], "Sort Method": "quicksort", "Sort Space Used": 236653, "Sort Space Type": "Memory", "Plans": [{"Node Type": "Seq Scan", "Parent Relationship": "Outer", "Relation Name": "part", "Alias": "part", "Startup Cost": 0.0, "Total Cost": 61944.0, "Plan Rows": 2000000, "Plan Width": 29, "Actual Startup Time": 0.059, "Actual Total Time": 681.916, "Actual Rows": 2000000, "Actual Loops": 1}]}]}]}, "Triggers": [], "Planner Runtime": 0, "Total Runtime": 4948.036, "Unique SQL Id": 379939634}}, "(1, 83)": {"explain_plan": {"Plan": {"Node Type": "Aggregate", "Strategy": "Plain", "Startup Cost": 4357819.44, "Total Cost": 4357819.45, "Plan Rows": 1, "Plan Width": 53, "Plans": [{"Node Type": "Nested Loop", "Parent Relationship": "Outer", "Join Type": "Inner", "Startup Cost": 24943.55, "Total Cost": 4345221.13, "Plan Rows": 719903, "Plan Width": 37, "Inner Unique": true, "Plans": [{"Node Type": "Bitmap Heap Scan", "Parent Relationship": "Outer", "Relation Name": "lineitem", "Alias": "lineitem", "Startup Cost": 24943.26, "Total Cost": 1235000.32, "Plan Rows": 719903, "Plan Width": 24, "Recheck Cond": "((l_shipdate >= '1996-12-01 00:00:00'::timestamp(0) without time zone) AND (l_shipdate < '1997-01-01 00:00:00'::timestamp without time zone)), (LLVM Optimized)", "Plans": [{"Node Type": "Bitmap Index Scan", "Parent Relationship": "Outer", "Index Name": "idx_lineitem_shipdate", "Startup Cost": 0.0, "Total Cost": 24763.28, "Plan Rows": 719903, "Plan Width": 0, "Index Cond": "((l_shipdate >= '1996-12-01 00:00:00'::timestamp(0) without time zone) AND (l_shipdate < '1997-01-01 00:00:00'::timestamp without time zone))"}]}, {"Node Type": "Bitmap Heap Scan", "Parent Relationship": "Inner", "Relation Name": "part", "Alias": "part", "Startup Cost": 0.3, "Total Cost": 4.31, "Plan Rows": 1, "Plan Width": 29, "Recheck Cond": "(p_partkey = lineitem.l_partkey)", "Plans": [{"Node Type": "Bitmap Index Scan", "Parent Relationship": "Outer", "Index Name": "part_kpey", "Startup Cost": 0.0, "Total Cost": 0.3, "Plan Rows": 1, "Plan Width": 0, "Index Cond": "(p_partkey = lineitem.l_partkey)"}]}]}]}, "Unique SQL Id": 379939634, "Planner Runtime": 0}, "explain_analyze_plan": {"Plan": {"Node Type": "Aggregate", "Strategy": "Plain", "Startup Cost": 4357819.44, "Total Cost": 4357819.45, "Plan Rows": 1, "Plan Width": 53, "Actual Startup Time": 8304.191, "Actual Total Time": 8304.192, "Actual Rows": 1, "Actual Loops": 1, "Plans": [{"Node Type": "Nested Loop", "Parent Relationship": "Outer", "Join Type": "Inner", "Startup Cost": 24943.55, "Total Cost": 4345221.13, "Plan Rows": 719903, "Plan Width": 37, "Actual Startup Time": 424.918, "Actual Total Time": 7787.203, "Actual Rows": 772803, "Actual Loops": 1, "Inner Unique": true, "Plans": [{"Node Type": "Bitmap Heap Scan", "Parent Relationship": "Outer", "Relation Name": "lineitem", "Alias": "lineitem", "Startup Cost": 24943.26, "Total Cost": 1235000.32, "Plan Rows": 719903, "Plan Width": 24, "Actual Startup Time": 424.737, "Actual Total Time": 1608.02, "Actual Rows": 772803, "Actual Loops": 1, "Recheck Cond": "((l_shipdate >= '1996-12-01 00:00:00'::timestamp(0) without time zone) AND (l_shipdate < '1997-01-01 00:00:00'::timestamp without time zone)), (LLVM Optimized, Jit Execute)", "Rows Removed by Index Recheck": 0, "Exact Heap Blocks": 437909, "Lossy Heap Blocks": 437909, "Plans": [{"Node Type": "Bitmap Index Scan", "Parent Relationship": "Outer", "Index Name": "idx_lineitem_shipdate", "Startup Cost": 0.0, "Total Cost": 24763.28, "Plan Rows": 719903, "Plan Width": 0, "Actual Startup Time": 257.536, "Actual Total Time": 257.536, "Actual Rows": 772803, "Actual Loops": 1, "Index Cond": "((l_shipdate >= '1996-12-01 00:00:00'::timestamp(0) without time zone) AND (l_shipdate < '1997-01-01 00:00:00'::timestamp without time zone))"}]}, {"Node Type": "Bitmap Heap Scan", "Parent Relationship": "Inner", "Relation Name": "part", "Alias": "part", "Startup Cost": 0.3, "Total Cost": 4.31, "Plan Rows": 1, "Plan Width": 29, "Actual Startup Time": 5111.348, "Actual Total Time": 5111.348, "Actual Rows": 772803, "Actual Loops": 772803, "Recheck Cond": "(p_partkey = lineitem.l_partkey)", "Rows Removed by Index Recheck": 0, "Exact Heap Blocks": 772803, "Lossy Heap Blocks": 772803, "Plans": [{"Node Type": "Bitmap Index Scan", "Parent Relationship": "Outer", "Index Name": "part_kpey", "Startup Cost": 0.0, "Total Cost": 0.3, "Plan Rows": 1, "Plan Width": 0, "Actual Startup Time": 3133.071, "Actual Total Time": 3133.071, "Actual Rows": 772803, "Actual Loops": 772803, "Index Cond": "(p_partkey = lineitem.l_partkey)"}]}]}]}, "Triggers": [], "Planner Runtime": 0, "Total Runtime": 8315.455, "Unique SQL Id": 379939634}}, "(1, 84)": {"explain_plan": {"Plan": {"Node Type": "Aggregate", "Strategy": "Plain", "Startup Cost": 1434236.03, "Total Cost": 1434236.04, "Plan Rows": 1, "Plan Width": 53, "Plans": [{"Node Type": "Merge Join", "Parent Relationship": "Outer", "Join Type": "Inner", "Startup Cost": 1305042.44, "Total Cost": 1421637.72, "Plan Rows": 719903, "Plan Width": 37, "Inner Unique": false, "Merge Cond": "(part.p_partkey = lineitem.l_partkey)", "Plans": [{"Node Type": "Index Scan", "Parent Relationship": "Outer", "Scan Direction": "Forward", "Index Name": "part_kpey", "Relation Name": "part", "Alias": "part", "Startup Cost": 0.0, "Total Cost": 100803.25, "Plan Rows": 2000000, "Plan Width": 29}, {"Node Type": "Sort", "Parent Relationship": "Inner", "Startup Cost": 1305037.68, "Total Cost": 1306837.43, "Plan Rows": 719903, "Plan Width": 24, "Sort Key": ["lineitem.l_partkey"], "Plans": [{"Node Type": "Bitmap Heap Scan", "Parent Relationship": "Outer", "Relation Name": "lineitem", "Alias": "lineitem", "Startup Cost": 24943.26, "Total Cost": 1235000.32, "Plan Rows": 719903, "Plan Width": 24, "Recheck Cond": "((l_shipdate >= '1996-12-01 00:00:00'::timestamp(0) without time zone) AND (l_shipdate < '1997-01-01 00:00:00'::timestamp without time zone)), (LLVM Optimized)", "Plans": [{"Node Type": "Bitmap Index Scan", "Parent Relationship": "Outer", "Index Name": "idx_lineitem_shipdate", "Startup Cost": 0.0, "Total Cost": 24763.28, "Plan Rows": 719903, "Plan Width": 0, "Index Cond": "((l_shipdate >= '1996-12-01 00:00:00'::timestamp(0) without time zone) AND (l_shipdate < '1997-01-01 00:00:00'::timestamp without time zone))"}]}]}]}]}, "Unique SQL Id": 379939634, "Planner Runtime": 0}, "explain_analyze_plan": {"Plan": {"Node Type": "Aggregate", "Strategy": "Plain", "Startup Cost": 1434236.03, "Total Cost": 1434236.04, "Plan Rows": 1, "Plan Width": 53, "Actual Startup Time": 4205.31, "Actual Total Time": 4205.31, "Actual Rows": 1, "Actual Loops": 1, "Plans": [{"Node Type": "Merge Join", "Parent Relationship": "Outer", "Join Type": "Inner", "Startup Cost": 1305042.44, "Total Cost": 1421637.72, "Plan Rows": 719903, "Plan Width": 37, "Actual Startup Time": 1829.825, "Actual Total Time": 3818.383, "Actual Rows": 772803, "Actual Loops": 1, "Inner Unique": false, "Merge Cond": "(part.p_partkey = lineitem.l_partkey)", "Plans": [{"Node Type": "Index Scan", "Parent Relationship": "Outer", "Scan Direction": "Forward", "Index Name": "part_kpey", "Relation Name": "part", "Alias": "part", "Startup Cost": 0.0, "Total Cost": 100803.25, "Plan Rows": 2000000, "Plan Width": 29, "Actual Startup Time": 0.029, "Actual Total Time": 1159.887, "Actual Rows": 2000000, "Actual Loops": 1}, {"Node Type": "Sort", "Parent Relationship": "Inner", "Startup Cost": 1305037.68, "Total Cost": 1306837.43, "Plan Rows": 719903, "Plan Width": 24, "Actual Startup Time": 1829.759, "Actual Total Time": 2022.568, "Actual Rows": 772803, "Actual Loops": 1, "Sort Key": ["lineitem.l_partkey"], "Sort Method": "quicksort", "Sort Space Used": 97027, "Sort Space Type": "Memory", "Plans": [{"Node Type": "Bitmap Heap Scan", "Parent Relationship": "Outer", "Relation Name": "lineitem", "Alias": "lineitem", "Startup Cost": 24943.26, "Total Cost": 1235000.32, "Plan Rows": 719903, "Plan Width": 24, "Actual Startup Time": 422.8, "Actual Total Time": 1502.302, "Actual Rows": 772803, "Actual Loops": 1, "Recheck Cond": "((l_shipdate >= '1996-12-01 00:00:00'::timestamp(0) without time zone) AND (l_shipdate < '1997-01-01 00:00:00'::timestamp without time zone)), (LLVM Optimized, Jit Execute)", "Rows Removed by Index Recheck": 0, "Exact Heap Blocks": 437909, "Lossy Heap Blocks": 437909, "Plans": [{"Node Type": "Bitmap Index Scan", "Parent Relationship": "Outer", "Index Name": "idx_lineitem_shipdate", "Startup Cost": 0.0, "Total Cost": 24763.28, "Plan Rows": 719903, "Plan Width": 0, "Actual Startup Time": 257.006, "Actual Total Time": 257.006, "Actual Rows": 772803, "Actual Loops": 1, "Index Cond": "((l_shipdate >= '1996-12-01 00:00:00'::timestamp(0) without time zone) AND (l_shipdate < '1997-01-01 00:00:00'::timestamp without time zone))"}]}]}]}]}, "Triggers": [], "Planner Runtime": 0, "Total Runtime": 4216.436, "Unique SQL Id": 379939634}}, "(1, 85)": {"explain_plan": {"Plan": {"Node Type": "Aggregate", "Strategy": "Plain", "Startup Cost": 1434236.03, "Total Cost": 1434236.04, "Plan Rows": 1, "Plan Width": 53, "Plans": [{"Node Type": "Merge Join", "Parent Relationship": "Outer", "Join Type": "Inner", "Startup Cost": 1305042.44, "Total Cost": 1421637.72, "Plan Rows": 719903, "Plan Width": 37, "Inner Unique": true, "Merge Cond": "(lineitem.l_partkey = part.p_partkey)", "Plans": [{"Node Type": "Sort", "Parent Relationship": "Outer", "Startup Cost": 1305037.68, "Total Cost": 1306837.43, "Plan Rows": 719903, "Plan Width": 24, "Sort Key": ["lineitem.l_partkey"], "Plans": [{"Node Type": "Bitmap Heap Scan", "Parent Relationship": "Outer", "Relation Name": "lineitem", "Alias": "lineitem", "Startup Cost": 24943.26, "Total Cost": 1235000.32, "Plan Rows": 719903, "Plan Width": 24, "Recheck Cond": "((l_shipdate >= '1996-12-01 00:00:00'::timestamp(0) without time zone) AND (l_shipdate < '1997-01-01 00:00:00'::timestamp without time zone)), (LLVM Optimized)", "Plans": [{"Node Type": "Bitmap Index Scan", "Parent Relationship": "Outer", "Index Name": "idx_lineitem_shipdate", "Startup Cost": 0.0, "Total Cost": 24763.28, "Plan Rows": 719903, "Plan Width": 0, "Index Cond": "((l_shipdate >= '1996-12-01 00:00:00'::timestamp(0) without time zone) AND (l_shipdate < '1997-01-01 00:00:00'::timestamp without time zone))"}]}]}, {"Node Type": "Index Scan", "Parent Relationship": "Inner", "Scan Direction": "Forward", "Index Name": "part_kpey", "Relation Name": "part", "Alias": "part", "Startup Cost": 0.0, "Total Cost": 100803.25, "Plan Rows": 2000000, "Plan Width": 29}]}]}, "Unique SQL Id": 379939634, "Planner Runtime": 0}, "explain_analyze_plan": {"Plan": {"Node Type": "Aggregate", "Strategy": "Plain", "Startup Cost": 1434236.03, "Total Cost": 1434236.04, "Plan Rows": 1, "Plan Width": 53, "Actual Startup Time": 4448.199, "Actual Total Time": 4448.2, "Actual Rows": 1, "Actual Loops": 1, "Plans": [{"Node Type": "Merge Join", "Parent Relationship": "Outer", "Join Type": "Inner", "Startup Cost": 1305042.44, "Total Cost": 1421637.72, "Plan Rows": 719903, "Plan Width": 37, "Actual Startup Time": 1869.754, "Actual Total Time": 4065.144, "Actual Rows": 772803, "Actual Loops": 1, "Inner Unique": true, "Merge Cond": "(lineitem.l_partkey = part.p_partkey)", "Plans": [{"Node Type": "Sort", "Parent Relationship": "Outer", "Startup Cost": 1305037.68, "Total Cost": 1306837.43, "Plan Rows": 719903, "Plan Width": 24, "Actual Startup Time": 1869.683, "Actual Total Time": 2090.423, "Actual Rows": 772803, "Actual Loops": 1, "Sort Key": ["lineitem.l_partkey"], "Sort Method": "quicksort", "Sort Space Used": 97027, "Sort Space Type": "Memory", "Plans": [{"Node Type": "Bitmap Heap Scan", "Parent Relationship": "Outer", "Relation Name": "lineitem", "Alias": "lineitem", "Startup Cost": 24943.26, "Total Cost": 1235000.32, "Plan Rows": 719903, "Plan Width": 24, "Actual Startup Time": 423.061, "Actual Total Time": 1543.45, "Actual Rows": 772803, "Actual Loops": 1, "Recheck Cond": "((l_shipdate >= '1996-12-01 00:00:00'::timestamp(0) without time zone) AND (l_shipdate < '1997-01-01 00:00:00'::timestamp without time zone)), (LLVM Optimized, Jit Execute)", "Rows Removed by Index Recheck": 0, "Exact Heap Blocks": 437909, "Lossy Heap Blocks": 437909, "Plans": [{"Node Type": "Bitmap Index Scan", "Parent Relationship": "Outer", "Index Name": "idx_lineitem_shipdate", "Startup Cost": 0.0, "Total Cost": 24763.28, "Plan Rows": 719903, "Plan Width": 0, "Actual Startup Time": 257.666, "Actual Total Time": 257.666, "Actual Rows": 772803, "Actual Loops": 1, "Index Cond": "((l_shipdate >= '1996-12-01 00:00:00'::timestamp(0) without time zone) AND (l_shipdate < '1997-01-01 00:00:00'::timestamp without time zone))"}]}]}, {"Node Type": "Index Scan", "Parent Relationship": "Inner", "Scan Direction": "Forward", "Index Name": "part_kpey", "Relation Name": "part", "Alias": "part", "Startup Cost": 0.0, "Total Cost": 100803.25, "Plan Rows": 2000000, "Plan Width": 29, "Actual Startup Time": 0.055, "Actual Total Time": 1266.801, "Actual Rows": 1999999, "Actual Loops": 1}]}]}, "Triggers": [], "Planner Runtime": 0, "Total Runtime": 4459.385, "Unique SQL Id": 379939634}}, "(1, 86)": {"explain_plan": {"Plan": {"Node Type": "Aggregate", "Strategy": "Plain", "Startup Cost": 1609694.04, "Total Cost": 1609694.06, "Plan Rows": 1, "Plan Width": 53, "Plans": [{"Node Type": "Merge Join", "Parent Relationship": "Outer", "Join Type": "Inner", "Startup Cost": 1576297.81, "Total Cost": 1597095.74, "Plan Rows": 719903, "Plan Width": 37, "Inner Unique": true, "Merge Cond": "(lineitem.l_partkey = part.p_partkey)", "Plans": [{"Node Type": "Sort", "Parent Relationship": "Outer", "Startup Cost": 1305037.68, "Total Cost": 1306837.43, "Plan Rows": 719903, "Plan Width": 24, "Sort Key": ["lineitem.l_partkey"], "Plans": [{"Node Type": "Bitmap Heap Scan", "Parent Relationship": "Outer", "Relation Name": "lineitem", "Alias": "lineitem", "Startup Cost": 24943.26, "Total Cost": 1235000.32, "Plan Rows": 719903, "Plan Width": 24, "Recheck Cond": "((l_shipdate >= '1996-12-01 00:00:00'::timestamp(0) without time zone) AND (l_shipdate < '1997-01-01 00:00:00'::timestamp without time zone)), (LLVM Optimized)", "Plans": [{"Node Type": "Bitmap Index Scan", "Parent Relationship": "Outer", "Index Name": "idx_lineitem_shipdate", "Startup Cost": 0.0, "Total Cost": 24763.28, "Plan Rows": 719903, "Plan Width": 0, "Index Cond": "((l_shipdate >= '1996-12-01 00:00:00'::timestamp(0) without time zone) AND (l_shipdate < '1997-01-01 00:00:00'::timestamp without time zone))"}]}]}, {"Node Type": "Sort", "Parent Relationship": "Inner", "Startup Cost": 271259.69, "Total Cost": 276259.69, "Plan Rows": 2000000, "Plan Width": 29, "Sort Key": ["part.p_partkey"], "Plans": [{"Node Type": "Seq Scan", "Parent Relationship": "Outer", "Relation Name": "part", "Alias": "part", "Startup Cost": 0.0, "Total Cost": 61944.0, "Plan Rows": 2000000, "Plan Width": 29}]}]}]}, "Unique SQL Id": 379939634, "Planner Runtime": 0}, "explain_analyze_plan": {"Plan": {"Node Type": "Aggregate", "Strategy": "Plain", "Startup Cost": 1609694.04, "Total Cost": 1609694.06, "Plan Rows": 1, "Plan Width": 53, "Actual Startup Time": 4936.948, "Actual Total Time": 4936.949, "Actual Rows": 1, "Actual Loops": 1, "Plans": [{"Node Type": "Merge Join", "Parent Relationship": "Outer", "Join Type": "Inner", "Startup Cost": 1576297.81, "Total Cost": 1597095.74, "Plan Rows": 719903, "Plan Width": 37, "Actual Startup Time": 3415.8, "Actual Total Time": 4586.824, "Actual Rows": 772803, "Actual Loops": 1, "Inner Unique": true, "Merge Cond": "(lineitem.l_partkey = part.p_partkey)", "Plans": [{"Node Type": "Sort", "Parent Relationship": "Outer", "Startup Cost": 1305037.68, "Total Cost": 1306837.43, "Plan Rows": 719903, "Plan Width": 24, "Actual Startup Time": 2071.042, "Actual Total Time": 2300.451, "Actual Rows": 772803, "Actual Loops": 1, "Sort Key": ["lineitem.l_partkey"], "Sort Method": "quicksort", "Sort Space Used": 97027, "Sort Space Type": "Memory", "Plans": [{"Node Type": "Bitmap Heap Scan", "Parent Relationship": "Outer", "Relation Name": "lineitem", "Alias": "lineitem", "Startup Cost": 24943.26, "Total Cost": 1235000.32, "Plan Rows": 719903, "Plan Width": 24, "Actual Startup Time": 528.663, "Actual Total Time": 1738.45, "Actual Rows": 772803, "Actual Loops": 1, "Recheck Cond": "((l_shipdate >= '1996-12-01 00:00:00'::timestamp(0) without time zone) AND (l_shipdate < '1997-01-01 00:00:00'::timestamp without time zone)), (LLVM Optimized, Jit Execute)", "Rows Removed by Index Recheck": 0, "Exact Heap Blocks": 437909, "Lossy Heap Blocks": 437909, "Plans": [{"Node Type": "Bitmap Index Scan", "Parent Relationship": "Outer", "Index Name": "idx_lineitem_shipdate", "Startup Cost": 0.0, "Total Cost": 24763.28, "Plan Rows": 719903, "Plan Width": 0, "Actual Startup Time": 352.589, "Actual Total Time": 352.589, "Actual Rows": 772803, "Actual Loops": 1, "Index Cond": "((l_shipdate >= '1996-12-01 00:00:00'::timestamp(0) without time zone) AND (l_shipdate < '1997-01-01 00:00:00'::timestamp without time zone))"}]}]}, {"Node Type": "Sort", "Parent Relationship": "Inner", "Startup Cost": 271259.69, "Total Cost": 276259.69, "Plan Rows": 2000000, "Plan Width": 29, "Actual Startup Time": 1344.739, "Actual Total Time": 1613.606, "Actual Rows": 1999999, "Actual Loops": 1, "Sort Key": ["part.p_partkey"], "Sort Method": "quicksort", "Sort Space Used": 236653, "Sort Space Type": "Memory", "Plans": [{"Node Type": "Seq Scan", "Parent Relationship": "Outer", "Relation Name": "part", "Alias": "part", "Startup Cost": 0.0, "Total Cost": 61944.0, "Plan Rows": 2000000, "Plan Width": 29, "Actual Startup Time": 0.059, "Actual Total Time": 681.916, "Actual Rows": 2000000, "Actual Loops": 1}]}]}]}, "Triggers": [], "Planner Runtime": 0, "Total Runtime": 4948.036, "Unique SQL Id": 379939634}}, "(1, 87)": {"explain_plan": {"Plan": {"Node Type": "Aggregate", "Strategy": "Plain", "Startup Cost": 4357819.44, "Total Cost": 4357819.45, "Plan Rows": 1, "Plan Width": 53, "Plans": [{"Node Type": "Nested Loop", "Parent Relationship": "Outer", "Join Type": "Inner", "Startup Cost": 24943.55, "Total Cost": 4345221.13, "Plan Rows": 719903, "Plan Width": 37, "Inner Unique": true, "Plans": [{"Node Type": "Bitmap Heap Scan", "Parent Relationship": "Outer", "Relation Name": "lineitem", "Alias": "lineitem", "Startup Cost": 24943.26, "Total Cost": 1235000.32, "Plan Rows": 719903, "Plan Width": 24, "Recheck Cond": "((l_shipdate >= '1996-12-01 00:00:00'::timestamp(0) without time zone) AND (l_shipdate < '1997-01-01 00:00:00'::timestamp without time zone)), (LLVM Optimized)", "Plans": [{"Node Type": "Bitmap Index Scan", "Parent Relationship": "Outer", "Index Name": "idx_lineitem_shipdate", "Startup Cost": 0.0, "Total Cost": 24763.28, "Plan Rows": 719903, "Plan Width": 0, "Index Cond": "((l_shipdate >= '1996-12-01 00:00:00'::timestamp(0) without time zone) AND (l_shipdate < '1997-01-01 00:00:00'::timestamp without time zone))"}]}, {"Node Type": "Bitmap Heap Scan", "Parent Relationship": "Inner", "Relation Name": "part", "Alias": "part", "Startup Cost": 0.3, "Total Cost": 4.31, "Plan Rows": 1, "Plan Width": 29, "Recheck Cond": "(p_partkey = lineitem.l_partkey)", "Plans": [{"Node Type": "Bitmap Index Scan", "Parent Relationship": "Outer", "Index Name": "part_kpey", "Startup Cost": 0.0, "Total Cost": 0.3, "Plan Rows": 1, "Plan Width": 0, "Index Cond": "(p_partkey = lineitem.l_partkey)"}]}]}]}, "Unique SQL Id": 379939634, "Planner Runtime": 0}, "explain_analyze_plan": {"Plan": {"Node Type": "Aggregate", "Strategy": "Plain", "Startup Cost": 4357819.44, "Total Cost": 4357819.45, "Plan Rows": 1, "Plan Width": 53, "Actual Startup Time": 8304.191, "Actual Total Time": 8304.192, "Actual Rows": 1, "Actual Loops": 1, "Plans": [{"Node Type": "Nested Loop", "Parent Relationship": "Outer", "Join Type": "Inner", "Startup Cost": 24943.55, "Total Cost": 4345221.13, "Plan Rows": 719903, "Plan Width": 37, "Actual Startup Time": 424.918, "Actual Total Time": 7787.203, "Actual Rows": 772803, "Actual Loops": 1, "Inner Unique": true, "Plans": [{"Node Type": "Bitmap Heap Scan", "Parent Relationship": "Outer", "Relation Name": "lineitem", "Alias": "lineitem", "Startup Cost": 24943.26, "Total Cost": 1235000.32, "Plan Rows": 719903, "Plan Width": 24, "Actual Startup Time": 424.737, "Actual Total Time": 1608.02, "Actual Rows": 772803, "Actual Loops": 1, "Recheck Cond": "((l_shipdate >= '1996-12-01 00:00:00'::timestamp(0) without time zone) AND (l_shipdate < '1997-01-01 00:00:00'::timestamp without time zone)), (LLVM Optimized, Jit Execute)", "Rows Removed by Index Recheck": 0, "Exact Heap Blocks": 437909, "Lossy Heap Blocks": 437909, "Plans": [{"Node Type": "Bitmap Index Scan", "Parent Relationship": "Outer", "Index Name": "idx_lineitem_shipdate", "Startup Cost": 0.0, "Total Cost": 24763.28, "Plan Rows": 719903, "Plan Width": 0, "Actual Startup Time": 257.536, "Actual Total Time": 257.536, "Actual Rows": 772803, "Actual Loops": 1, "Index Cond": "((l_shipdate >= '1996-12-01 00:00:00'::timestamp(0) without time zone) AND (l_shipdate < '1997-01-01 00:00:00'::timestamp without time zone))"}]}, {"Node Type": "Bitmap Heap Scan", "Parent Relationship": "Inner", "Relation Name": "part", "Alias": "part", "Startup Cost": 0.3, "Total Cost": 4.31, "Plan Rows": 1, "Plan Width": 29, "Actual Startup Time": 5111.348, "Actual Total Time": 5111.348, "Actual Rows": 772803, "Actual Loops": 772803, "Recheck Cond": "(p_partkey = lineitem.l_partkey)", "Rows Removed by Index Recheck": 0, "Exact Heap Blocks": 772803, "Lossy Heap Blocks": 772803, "Plans": [{"Node Type": "Bitmap Index Scan", "Parent Relationship": "Outer", "Index Name": "part_kpey", "Startup Cost": 0.0, "Total Cost": 0.3, "Plan Rows": 1, "Plan Width": 0, "Actual Startup Time": 3133.071, "Actual Total Time": 3133.071, "Actual Rows": 772803, "Actual Loops": 772803, "Index Cond": "(p_partkey = lineitem.l_partkey)"}]}]}]}, "Triggers": [], "Planner Runtime": 0, "Total Runtime": 8315.455, "Unique SQL Id": 379939634}}, "(1, 88)": {"explain_plan": {"Plan": {"Node Type": "Aggregate", "Strategy": "Plain", "Startup Cost": 2526922.01, "Total Cost": 2526922.03, "Plan Rows": 1, "Plan Width": 53, "Plans": [{"Node Type": "Merge Join", "Parent Relationship": "Outer", "Join Type": "Inner", "Startup Cost": 2397728.42, "Total Cost": 2514323.71, "Plan Rows": 719903, "Plan Width": 37, "Inner Unique": false, "Merge Cond": "(part.p_partkey = lineitem.l_partkey)", "Plans": [{"Node Type": "Index Scan", "Parent Relationship": "Outer", "Scan Direction": "Forward", "Index Name": "part_kpey", "Relation Name": "part", "Alias": "part", "Startup Cost": 0.0, "Total Cost": 100803.25, "Plan Rows": 2000000, "Plan Width": 29}, {"Node Type": "Sort", "Parent Relationship": "Inner", "Startup Cost": 2397723.66, "Total Cost": 2399523.42, "Plan Rows": 719903, "Plan Width": 24, "Sort Key": ["lineitem.l_partkey"], "Plans": [{"Node Type": "Index Scan", "Parent Relationship": "Outer", "Scan Direction": "Forward", "Index Name": "idx_lineitem_shipdate", "Relation Name": "lineitem", "Alias": "lineitem", "Startup Cost": 0.0, "Total Cost": 2327686.3, "Plan Rows": 719903, "Plan Width": 24, "Index Cond": "((l_shipdate >= '1996-12-01 00:00:00'::timestamp(0) without time zone) AND (l_shipdate < '1997-01-01 00:00:00'::timestamp without time zone)), (LLVM Optimized)"}]}]}]}, "Unique SQL Id": 379939634, "Planner Runtime": 0}, "explain_analyze_plan": {"Plan": {"Node Type": "Aggregate", "Strategy": "Plain", "Startup Cost": 2526922.01, "Total Cost": 2526922.03, "Plan Rows": 1, "Plan Width": 53, "Actual Startup Time": 4491.945, "Actual Total Time": 4491.946, "Actual Rows": 1, "Actual Loops": 1, "Plans": [{"Node Type": "Merge Join", "Parent Relationship": "Outer", "Join Type": "Inner", "Startup Cost": 2397728.42, "Total Cost": 2514323.71, "Plan Rows": 719903, "Plan Width": 37, "Actual Startup Time": 2204.427, "Actual Total Time": 4106.753, "Actual Rows": 772803, "Actual Loops": 1, "Inner Unique": false, "Merge Cond": "(part.p_partkey = lineitem.l_partkey)", "Plans": [{"Node Type": "Index Scan", "Parent Relationship": "Outer", "Scan Direction": "Forward", "Index Name": "part_kpey", "Relation Name": "part", "Alias": "part", "Startup Cost": 0.0, "Total Cost": 100803.25, "Plan Rows": 2000000, "Plan Width": 29, "Actual Startup Time": 0.032, "Actual Total Time": 1086.286, "Actual Rows": 2000000, "Actual Loops": 1}, {"Node Type": "Sort", "Parent Relationship": "Inner", "Startup Cost": 2397723.66, "Total Cost": 2399523.42, "Plan Rows": 719903, "Plan Width": 24, "Actual Startup Time": 2204.363, "Actual Total Time": 2386.355, "Actual Rows": 772803, "Actual Loops": 1, "Sort Key": ["lineitem.l_partkey"], "Sort Method": "quicksort", "Sort Space Used": 97027, "Sort Space Type": "Memory", "Plans": [{"Node Type": "Index Scan", "Parent Relationship": "Outer", "Scan Direction": "Forward", "Index Name": "idx_lineitem_shipdate", "Relation Name": "lineitem", "Alias": "lineitem", "Startup Cost": 0.0, "Total Cost": 2327686.3, "Plan Rows": 719903, "Plan Width": 24, "Actual Startup Time": 0.024, "Actual Total Time": 1861.316, "Actual Rows": 772803, "Actual Loops": 1, "Index Cond": "((l_shipdate >= '1996-12-01 00:00:00'::timestamp(0) without time zone) AND (l_shipdate < '1997-01-01 00:00:00'::timestamp without time zone)), (LLVM Optimized, Jit Execute)", "Rows Removed by Index Recheck": 0}]}]}]}, "Triggers": [], "Planner Runtime": 0, "Total Runtime": 4502.2, "Unique SQL Id": 379939634}}, "(1, 89)": {"explain_plan": {"Plan": {"Node Type": "Aggregate", "Strategy": "Plain", "Startup Cost": 2526922.01, "Total Cost": 2526922.03, "Plan Rows": 1, "Plan Width": 53, "Plans": [{"Node Type": "Merge Join", "Parent Relationship": "Outer", "Join Type": "Inner", "Startup Cost": 2397728.42, "Total Cost": 2514323.71, "Plan Rows": 719903, "Plan Width": 37, "Inner Unique": true, "Merge Cond": "(lineitem.l_partkey = part.p_partkey)", "Plans": [{"Node Type": "Sort", "Parent Relationship": "Outer", "Startup Cost": 2397723.66, "Total Cost": 2399523.42, "Plan Rows": 719903, "Plan Width": 24, "Sort Key": ["lineitem.l_partkey"], "Plans": [{"Node Type": "Index Scan", "Parent Relationship": "Outer", "Scan Direction": "Forward", "Index Name": "idx_lineitem_shipdate", "Relation Name": "lineitem", "Alias": "lineitem", "Startup Cost": 0.0, "Total Cost": 2327686.3, "Plan Rows": 719903, "Plan Width": 24, "Index Cond": "((l_shipdate >= '1996-12-01 00:00:00'::timestamp(0) without time zone) AND (l_shipdate < '1997-01-01 00:00:00'::timestamp without time zone)), (LLVM Optimized)"}]}, {"Node Type": "Index Scan", "Parent Relationship": "Inner", "Scan Direction": "Forward", "Index Name": "part_kpey", "Relation Name": "part", "Alias": "part", "Startup Cost": 0.0, "Total Cost": 100803.25, "Plan Rows": 2000000, "Plan Width": 29}]}]}, "Unique SQL Id": 379939634, "Planner Runtime": 0}, "explain_analyze_plan": {"Plan": {"Node Type": "Aggregate", "Strategy": "Plain", "Startup Cost": 2526922.01, "Total Cost": 2526922.03, "Plan Rows": 1, "Plan Width": 53, "Actual Startup Time": 4968.111, "Actual Total Time": 4968.112, "Actual Rows": 1, "Actual Loops": 1, "Plans": [{"Node Type": "Merge Join", "Parent Relationship": "Outer", "Join Type": "Inner", "Startup Cost": 2397728.42, "Total Cost": 2514323.71, "Plan Rows": 719903, "Plan Width": 37, "Actual Startup Time": 2504.763, "Actual Total Time": 4586.853, "Actual Rows": 772803, "Actual Loops": 1, "Inner Unique": true, "Merge Cond": "(lineitem.l_partkey = part.p_partkey)", "Plans": [{"Node Type": "Sort", "Parent Relationship": "Outer", "Startup Cost": 2397723.66, "Total Cost": 2399523.42, "Plan Rows": 719903, "Plan Width": 24, "Actual Startup Time": 2504.699, "Actual Total Time": 2706.423, "Actual Rows": 772803, "Actual Loops": 1, "Sort Key": ["lineitem.l_partkey"], "Sort Method": "quicksort", "Sort Space Used": 97027, "Sort Space Type": "Memory", "Plans": [{"Node Type": "Index Scan", "Parent Relationship": "Outer", "Scan Direction": "Forward", "Index Name": "idx_lineitem_shipdate", "Relation Name": "lineitem", "Alias": "lineitem", "Startup Cost": 0.0, "Total Cost": 2327686.3, "Plan Rows": 719903, "Plan Width": 24, "Actual Startup Time": 0.032, "Actual Total Time": 2161.442, "Actual Rows": 772803, "Actual Loops": 1, "Index Cond": "((l_shipdate >= '1996-12-01 00:00:00'::timestamp(0) without time zone) AND (l_shipdate < '1997-01-01 00:00:00'::timestamp without time zone)), (LLVM Optimized, Jit Execute)", "Rows Removed by Index Recheck": 0}]}, {"Node Type": "Index Scan", "Parent Relationship": "Inner", "Scan Direction": "Forward", "Index Name": "part_kpey", "Relation Name": "part", "Alias": "part", "Startup Cost": 0.0, "Total Cost": 100803.25, "Plan Rows": 2000000, "Plan Width": 29, "Actual Startup Time": 0.047, "Actual Total Time": 1170.883, "Actual Rows": 1999999, "Actual Loops": 1}]}]}, "Triggers": [], "Planner Runtime": 0, "Total Runtime": 4978.33, "Unique SQL Id": 379939634}}, "(1, 90)": {"explain_plan": {"Plan": {"Node Type": "Aggregate", "Strategy": "Plain", "Startup Cost": 2689744.22, "Total Cost": 2689744.24, "Plan Rows": 1, "Plan Width": 53, "Plans": [{"Node Type": "Merge Join", "Parent Relationship": "Outer", "Join Type": "Inner", "Startup Cost": 2656347.99, "Total Cost": 2677145.92, "Plan Rows": 719903, "Plan Width": 37, "Inner Unique": true, "Merge Cond": "(lineitem.l_partkey = part.p_partkey)", "Plans": [{"Node Type": "Sort", "Parent Relationship": "Outer", "Startup Cost": 2385087.85, "Total Cost": 2386887.61, "Plan Rows": 719903, "Plan Width": 24, "Sort Key": ["lineitem.l_partkey"], "Plans": [{"Node Type": "Seq Scan", "Parent Relationship": "Outer", "Relation Name": "lineitem", "Alias": "lineitem", "Startup Cost": 44.59, "Total Cost": 2315050.5, "Plan Rows": 719903, "Plan Width": 24, "Filter": "((l_shipdate >= '1996-12-01 00:00:00'::timestamp(0) without time zone) AND (l_shipdate < '1997-01-01 00:00:00'::timestamp without time zone)), (LLVM Optimized)"}]}, {"Node Type": "Sort", "Parent Relationship": "Inner", "Startup Cost": 271259.69, "Total Cost": 276259.69, "Plan Rows": 2000000, "Plan Width": 29, "Sort Key": ["part.p_partkey"], "Plans": [{"Node Type": "Seq Scan", "Parent Relationship": "Outer", "Relation Name": "part", "Alias": "part", "Startup Cost": 0.0, "Total Cost": 61944.0, "Plan Rows": 2000000, "Plan Width": 29}]}]}]}, "Unique SQL Id": 379939634, "Planner Runtime": 0}, "explain_analyze_plan": null}, "(1, 91)": {"explain_plan": {"Plan": {"Node Type": "Aggregate", "Strategy": "Plain", "Startup Cost": 2000799156591.82, "Total Cost": 2000799156591.84, "Plan Rows": 1, "Plan Width": 53, "Plans": [{"Node Type": "Merge Join", "Parent Relationship": "Outer", "Join Type": "Inner", "Startup Cost": 20044550453.84, "Total Cost": 2000799143993.52, "Plan Rows": 719903, "Plan Width": 37, "Inner Unique": true, "Merge Cond": "(lineitem.l_partkey = part.p_partkey)", "Plans": [{"Node Type": "Index Scan", "Parent Relationship": "Outer", "Scan Direction": "Forward", "Index Name": "idx_lineitem_part_supp", "Relation Name": "lineitem", "Alias": "lineitem", "Startup Cost": 10000000000.0, "Total Cost": 1000805384836.14, "Plan Rows": 719903, "Plan Width": 24, "Filter": "((l_shipdate >= '1996-12-01 00:00:00'::timestamp(0) without time zone) AND (l_shipdate < '1997-01-01 00:00:00'::timestamp without time zone)), (LLVM Optimized)"}, {"Node Type": "Index Scan", "Parent Relationship": "Inner", "Scan Direction": "Forward", "Index Name": "part_kpey", "Relation Name": "part", "Alias": "part", "Startup Cost": 10000000000.0, "Total Cost": 1000010080325.0, "Plan Rows": 2000000, "Plan Width": 29}]}]}, "Unique SQL Id": 379939634, "Planner Runtime": 0}, "explain_analyze_plan": null}, "(1, 92)": {"explain_plan": {"Plan": {"Node Type": "Aggregate", "Strategy": "Plain", "Startup Cost": 2526922.01, "Total Cost": 2526922.03, "Plan Rows": 1, "Plan Width": 53, "Plans": [{"Node Type": "Merge Join", "Parent Relationship": "Outer", "Join Type": "Inner", "Startup Cost": 2397728.42, "Total Cost": 2514323.71, "Plan Rows": 719903, "Plan Width": 37, "Inner Unique": false, "Merge Cond": "(part.p_partkey = lineitem.l_partkey)", "Plans": [{"Node Type": "Index Scan", "Parent Relationship": "Outer", "Scan Direction": "Forward", "Index Name": "part_kpey", "Relation Name": "part", "Alias": "part", "Startup Cost": 0.0, "Total Cost": 100803.25, "Plan Rows": 2000000, "Plan Width": 29}, {"Node Type": "Sort", "Parent Relationship": "Inner", "Startup Cost": 2397723.66, "Total Cost": 2399523.42, "Plan Rows": 719903, "Plan Width": 24, "Sort Key": ["lineitem.l_partkey"], "Plans": [{"Node Type": "Index Scan", "Parent Relationship": "Outer", "Scan Direction": "Forward", "Index Name": "idx_lineitem_shipdate", "Relation Name": "lineitem", "Alias": "lineitem", "Startup Cost": 0.0, "Total Cost": 2327686.3, "Plan Rows": 719903, "Plan Width": 24, "Index Cond": "((l_shipdate >= '1996-12-01 00:00:00'::timestamp(0) without time zone) AND (l_shipdate < '1997-01-01 00:00:00'::timestamp without time zone)), (LLVM Optimized)"}]}]}]}, "Unique SQL Id": 379939634, "Planner Runtime": 0}, "explain_analyze_plan": {"Plan": {"Node Type": "Aggregate", "Strategy": "Plain", "Startup Cost": 2526922.01, "Total Cost": 2526922.03, "Plan Rows": 1, "Plan Width": 53, "Actual Startup Time": 4491.945, "Actual Total Time": 4491.946, "Actual Rows": 1, "Actual Loops": 1, "Plans": [{"Node Type": "Merge Join", "Parent Relationship": "Outer", "Join Type": "Inner", "Startup Cost": 2397728.42, "Total Cost": 2514323.71, "Plan Rows": 719903, "Plan Width": 37, "Actual Startup Time": 2204.427, "Actual Total Time": 4106.753, "Actual Rows": 772803, "Actual Loops": 1, "Inner Unique": false, "Merge Cond": "(part.p_partkey = lineitem.l_partkey)", "Plans": [{"Node Type": "Index Scan", "Parent Relationship": "Outer", "Scan Direction": "Forward", "Index Name": "part_kpey", "Relation Name": "part", "Alias": "part", "Startup Cost": 0.0, "Total Cost": 100803.25, "Plan Rows": 2000000, "Plan Width": 29, "Actual Startup Time": 0.032, "Actual Total Time": 1086.286, "Actual Rows": 2000000, "Actual Loops": 1}, {"Node Type": "Sort", "Parent Relationship": "Inner", "Startup Cost": 2397723.66, "Total Cost": 2399523.42, "Plan Rows": 719903, "Plan Width": 24, "Actual Startup Time": 2204.363, "Actual Total Time": 2386.355, "Actual Rows": 772803, "Actual Loops": 1, "Sort Key": ["lineitem.l_partkey"], "Sort Method": "quicksort", "Sort Space Used": 97027, "Sort Space Type": "Memory", "Plans": [{"Node Type": "Index Scan", "Parent Relationship": "Outer", "Scan Direction": "Forward", "Index Name": "idx_lineitem_shipdate", "Relation Name": "lineitem", "Alias": "lineitem", "Startup Cost": 0.0, "Total Cost": 2327686.3, "Plan Rows": 719903, "Plan Width": 24, "Actual Startup Time": 0.024, "Actual Total Time": 1861.316, "Actual Rows": 772803, "Actual Loops": 1, "Index Cond": "((l_shipdate >= '1996-12-01 00:00:00'::timestamp(0) without time zone) AND (l_shipdate < '1997-01-01 00:00:00'::timestamp without time zone)), (LLVM Optimized, Jit Execute)", "Rows Removed by Index Recheck": 0}]}]}]}, "Triggers": [], "Planner Runtime": 0, "Total Runtime": 4502.2, "Unique SQL Id": 379939634}}, "(1, 93)": {"explain_plan": {"Plan": {"Node Type": "Aggregate", "Strategy": "Plain", "Startup Cost": 2526922.01, "Total Cost": 2526922.03, "Plan Rows": 1, "Plan Width": 53, "Plans": [{"Node Type": "Merge Join", "Parent Relationship": "Outer", "Join Type": "Inner", "Startup Cost": 2397728.42, "Total Cost": 2514323.71, "Plan Rows": 719903, "Plan Width": 37, "Inner Unique": true, "Merge Cond": "(lineitem.l_partkey = part.p_partkey)", "Plans": [{"Node Type": "Sort", "Parent Relationship": "Outer", "Startup Cost": 2397723.66, "Total Cost": 2399523.42, "Plan Rows": 719903, "Plan Width": 24, "Sort Key": ["lineitem.l_partkey"], "Plans": [{"Node Type": "Index Scan", "Parent Relationship": "Outer", "Scan Direction": "Forward", "Index Name": "idx_lineitem_shipdate", "Relation Name": "lineitem", "Alias": "lineitem", "Startup Cost": 0.0, "Total Cost": 2327686.3, "Plan Rows": 719903, "Plan Width": 24, "Index Cond": "((l_shipdate >= '1996-12-01 00:00:00'::timestamp(0) without time zone) AND (l_shipdate < '1997-01-01 00:00:00'::timestamp without time zone)), (LLVM Optimized)"}]}, {"Node Type": "Index Scan", "Parent Relationship": "Inner", "Scan Direction": "Forward", "Index Name": "part_kpey", "Relation Name": "part", "Alias": "part", "Startup Cost": 0.0, "Total Cost": 100803.25, "Plan Rows": 2000000, "Plan Width": 29}]}]}, "Unique SQL Id": 379939634, "Planner Runtime": 0}, "explain_analyze_plan": {"Plan": {"Node Type": "Aggregate", "Strategy": "Plain", "Startup Cost": 2526922.01, "Total Cost": 2526922.03, "Plan Rows": 1, "Plan Width": 53, "Actual Startup Time": 4968.111, "Actual Total Time": 4968.112, "Actual Rows": 1, "Actual Loops": 1, "Plans": [{"Node Type": "Merge Join", "Parent Relationship": "Outer", "Join Type": "Inner", "Startup Cost": 2397728.42, "Total Cost": 2514323.71, "Plan Rows": 719903, "Plan Width": 37, "Actual Startup Time": 2504.763, "Actual Total Time": 4586.853, "Actual Rows": 772803, "Actual Loops": 1, "Inner Unique": true, "Merge Cond": "(lineitem.l_partkey = part.p_partkey)", "Plans": [{"Node Type": "Sort", "Parent Relationship": "Outer", "Startup Cost": 2397723.66, "Total Cost": 2399523.42, "Plan Rows": 719903, "Plan Width": 24, "Actual Startup Time": 2504.699, "Actual Total Time": 2706.423, "Actual Rows": 772803, "Actual Loops": 1, "Sort Key": ["lineitem.l_partkey"], "Sort Method": "quicksort", "Sort Space Used": 97027, "Sort Space Type": "Memory", "Plans": [{"Node Type": "Index Scan", "Parent Relationship": "Outer", "Scan Direction": "Forward", "Index Name": "idx_lineitem_shipdate", "Relation Name": "lineitem", "Alias": "lineitem", "Startup Cost": 0.0, "Total Cost": 2327686.3, "Plan Rows": 719903, "Plan Width": 24, "Actual Startup Time": 0.032, "Actual Total Time": 2161.442, "Actual Rows": 772803, "Actual Loops": 1, "Index Cond": "((l_shipdate >= '1996-12-01 00:00:00'::timestamp(0) without time zone) AND (l_shipdate < '1997-01-01 00:00:00'::timestamp without time zone)), (LLVM Optimized, Jit Execute)", "Rows Removed by Index Recheck": 0}]}, {"Node Type": "Index Scan", "Parent Relationship": "Inner", "Scan Direction": "Forward", "Index Name": "part_kpey", "Relation Name": "part", "Alias": "part", "Startup Cost": 0.0, "Total Cost": 100803.25, "Plan Rows": 2000000, "Plan Width": 29, "Actual Startup Time": 0.047, "Actual Total Time": 1170.883, "Actual Rows": 1999999, "Actual Loops": 1}]}]}, "Triggers": [], "Planner Runtime": 0, "Total Runtime": 4978.33, "Unique SQL Id": 379939634}}, "(1, 94)": {"explain_plan": {"Plan": {"Node Type": "Aggregate", "Strategy": "Plain", "Startup Cost": 2689744.22, "Total Cost": 2689744.24, "Plan Rows": 1, "Plan Width": 53, "Plans": [{"Node Type": "Merge Join", "Parent Relationship": "Outer", "Join Type": "Inner", "Startup Cost": 2656347.99, "Total Cost": 2677145.92, "Plan Rows": 719903, "Plan Width": 37, "Inner Unique": true, "Merge Cond": "(lineitem.l_partkey = part.p_partkey)", "Plans": [{"Node Type": "Sort", "Parent Relationship": "Outer", "Startup Cost": 2385087.85, "Total Cost": 2386887.61, "Plan Rows": 719903, "Plan Width": 24, "Sort Key": ["lineitem.l_partkey"], "Plans": [{"Node Type": "Seq Scan", "Parent Relationship": "Outer", "Relation Name": "lineitem", "Alias": "lineitem", "Startup Cost": 44.59, "Total Cost": 2315050.5, "Plan Rows": 719903, "Plan Width": 24, "Filter": "((l_shipdate >= '1996-12-01 00:00:00'::timestamp(0) without time zone) AND (l_shipdate < '1997-01-01 00:00:00'::timestamp without time zone)), (LLVM Optimized)"}]}, {"Node Type": "Sort", "Parent Relationship": "Inner", "Startup Cost": 271259.69, "Total Cost": 276259.69, "Plan Rows": 2000000, "Plan Width": 29, "Sort Key": ["part.p_partkey"], "Plans": [{"Node Type": "Seq Scan", "Parent Relationship": "Outer", "Relation Name": "part", "Alias": "part", "Startup Cost": 0.0, "Total Cost": 61944.0, "Plan Rows": 2000000, "Plan Width": 29}]}]}]}, "Unique SQL Id": 379939634, "Planner Runtime": 0}, "explain_analyze_plan": null}, "(1, 95)": {"explain_plan": {"Plan": {"Node Type": "Aggregate", "Strategy": "Plain", "Startup Cost": 2000799156591.82, "Total Cost": 2000799156591.84, "Plan Rows": 1, "Plan Width": 53, "Plans": [{"Node Type": "Merge Join", "Parent Relationship": "Outer", "Join Type": "Inner", "Startup Cost": 20044550453.84, "Total Cost": 2000799143993.52, "Plan Rows": 719903, "Plan Width": 37, "Inner Unique": true, "Merge Cond": "(lineitem.l_partkey = part.p_partkey)", "Plans": [{"Node Type": "Index Scan", "Parent Relationship": "Outer", "Scan Direction": "Forward", "Index Name": "idx_lineitem_part_supp", "Relation Name": "lineitem", "Alias": "lineitem", "Startup Cost": 10000000000.0, "Total Cost": 1000805384836.14, "Plan Rows": 719903, "Plan Width": 24, "Filter": "((l_shipdate >= '1996-12-01 00:00:00'::timestamp(0) without time zone) AND (l_shipdate < '1997-01-01 00:00:00'::timestamp without time zone)), (LLVM Optimized)"}, {"Node Type": "Index Scan", "Parent Relationship": "Inner", "Scan Direction": "Forward", "Index Name": "part_kpey", "Relation Name": "part", "Alias": "part", "Startup Cost": 10000000000.0, "Total Cost": 1000010080325.0, "Plan Rows": 2000000, "Plan Width": 29}]}]}, "Unique SQL Id": 379939634, "Planner Runtime": 0}, "explain_analyze_plan": null}, "(1, 96)": {"explain_plan": {"Plan": {"Node Type": "Aggregate", "Strategy": "Plain", "Startup Cost": 1344441.29, "Total Cost": 1344441.3, "Plan Rows": 1, "Plan Width": 53, "Plans": [{"Node Type": "Hash Join", "Parent Relationship": "Outer", "Join Type": "Inner", "Startup Cost": 111887.26, "Total Cost": 1331842.98, "Plan Rows": 719903, "Plan Width": 37, "Inner Unique": true, "Hash Cond": "(lineitem.l_partkey = part.p_partkey), (LLVM Optimized)", "Plans": [{"Node Type": "Bitmap Heap Scan", "Parent Relationship": "Outer", "Relation Name": "lineitem", "Alias": "lineitem", "Startup Cost": 24943.26, "Total Cost": 1235000.32, "Plan Rows": 719903, "Plan Width": 24, "Recheck Cond": "((l_shipdate >= '1996-12-01 00:00:00'::timestamp(0) without time zone) AND (l_shipdate < '1997-01-01 00:00:00'::timestamp without time zone)), (LLVM Optimized)", "Plans": [{"Node Type": "Bitmap Index Scan", "Parent Relationship": "Outer", "Index Name": "idx_lineitem_shipdate", "Startup Cost": 0.0, "Total Cost": 24763.28, "Plan Rows": 719903, "Plan Width": 0, "Index Cond": "((l_shipdate >= '1996-12-01 00:00:00'::timestamp(0) without time zone) AND (l_shipdate < '1997-01-01 00:00:00'::timestamp without time zone))"}]}, {"Node Type": "Hash", "Parent Relationship": "Inner", "Startup Cost": 61944.0, "Total Cost": 61944.0, "Plan Rows": 2000000, "Plan Width": 29, "Plans": [{"Node Type": "Seq Scan", "Parent Relationship": "Outer", "Relation Name": "part", "Alias": "part", "Startup Cost": 0.0, "Total Cost": 61944.0, "Plan Rows": 2000000, "Plan Width": 29}]}]}]}, "Unique SQL Id": 379939634, "Planner Runtime": 0}, "explain_analyze_plan": {"Plan": {"Node Type": "Aggregate", "Strategy": "Plain", "Startup Cost": 1344441.29, "Total Cost": 1344441.3, "Plan Rows": 1, "Plan Width": 53, "Actual Startup Time": 3796.361, "Actual Total Time": 3796.362, "Actual Rows": 1, "Actual Loops": 1, "Plans": [{"Node Type": "Hash Join", "Parent Relationship": "Outer", "Join Type": "Inner", "Startup Cost": 111887.26, "Total Cost": 1331842.98, "Plan Rows": 719903, "Plan Width": 37, "Actual Startup Time": 1803.595, "Actual Total Time": 3429.111, "Actual Rows": 772803, "Actual Loops": 1, "Inner Unique": true, "Hash Cond": "(lineitem.l_partkey = part.p_partkey), (LLVM Optimized, Jit Execute)", "Plans": [{"Node Type": "Bitmap Heap Scan", "Parent Relationship": "Outer", "Relation Name": "lineitem", "Alias": "lineitem", "Startup Cost": 24943.26, "Total Cost": 1235000.32, "Plan Rows": 719903, "Plan Width": 24, "Actual Startup Time": 421.807, "Actual Total Time": 1498.429, "Actual Rows": 772803, "Actual Loops": 1, "Recheck Cond": "((l_shipdate >= '1996-12-01 00:00:00'::timestamp(0) without time zone) AND (l_shipdate < '1997-01-01 00:00:00'::timestamp without time zone)), (LLVM Optimized, Jit Execute)", "Rows Removed by Index Recheck": 0, "Exact Heap Blocks": 437909, "Lossy Heap Blocks": 437909, "Plans": [{"Node Type": "Bitmap Index Scan", "Parent Relationship": "Outer", "Index Name": "idx_lineitem_shipdate", "Startup Cost": 0.0, "Total Cost": 24763.28, "Plan Rows": 719903, "Plan Width": 0, "Actual Startup Time": 257.652, "Actual Total Time": 257.652, "Actual Rows": 772803, "Actual Loops": 1, "Index Cond": "((l_shipdate >= '1996-12-01 00:00:00'::timestamp(0) without time zone) AND (l_shipdate < '1997-01-01 00:00:00'::timestamp without time zone))"}]}, {"Node Type": "Hash", "Parent Relationship": "Inner", "Startup Cost": 61944.0, "Total Cost": 61944.0, "Plan Rows": 2000000, "Plan Width": 29, "Actual Startup Time": 1380.419, "Actual Total Time": 1380.419, "Actual Rows": 2000000, "Actual Loops": 1, "Hash Buckets": 2097152, "Hash Batches": 1, "Original Hash Batches": 1, "Peak Memory Usage": 126040, "Plans": [{"Node Type": "Seq Scan", "Parent Relationship": "Outer", "Relation Name": "part", "Alias": "part", "Startup Cost": 0.0, "Total Cost": 61944.0, "Plan Rows": 2000000, "Plan Width": 29, "Actual Startup Time": 0.033, "Actual Total Time": 705.317, "Actual Rows": 2000000, "Actual Loops": 1}]}]}]}, "Triggers": [], "Planner Runtime": 0, "Total Runtime": 3810.947, "Unique SQL Id": 379939634}}, "(1, 97)": {"explain_plan": {"Plan": {"Node Type": "Aggregate", "Strategy": "Plain", "Startup Cost": 1383300.54, "Total Cost": 1383300.55, "Plan Rows": 1, "Plan Width": 53, "Plans": [{"Node Type": "Hash Join", "Parent Relationship": "Outer", "Join Type": "Inner", "Startup Cost": 150746.51, "Total Cost": 1370702.23, "Plan Rows": 719903, "Plan Width": 37, "Inner Unique": true, "Hash Cond": "(lineitem.l_partkey = part.p_partkey), (LLVM Optimized)", "Plans": [{"Node Type": "Bitmap Heap Scan", "Parent Relationship": "Outer", "Relation Name": "lineitem", "Alias": "lineitem", "Startup Cost": 24943.26, "Total Cost": 1235000.32, "Plan Rows": 719903, "Plan Width": 24, "Recheck Cond": "((l_shipdate >= '1996-12-01 00:00:00'::timestamp(0) without time zone) AND (l_shipdate < '1997-01-01 00:00:00'::timestamp without time zone)), (LLVM Optimized)", "Plans": [{"Node Type": "Bitmap Index Scan", "Parent Relationship": "Outer", "Index Name": "idx_lineitem_shipdate", "Startup Cost": 0.0, "Total Cost": 24763.28, "Plan Rows": 719903, "Plan Width": 0, "Index Cond": "((l_shipdate >= '1996-12-01 00:00:00'::timestamp(0) without time zone) AND (l_shipdate < '1997-01-01 00:00:00'::timestamp without time zone))"}]}, {"Node Type": "Hash", "Parent Relationship": "Inner", "Startup Cost": 100803.25, "Total Cost": 100803.25, "Plan Rows": 2000000, "Plan Width": 29, "Plans": [{"Node Type": "Index Scan", "Parent Relationship": "Outer", "Scan Direction": "Forward", "Index Name": "part_kpey", "Relation Name": "part", "Alias": "part", "Startup Cost": 0.0, "Total Cost": 100803.25, "Plan Rows": 2000000, "Plan Width": 29}]}]}]}, "Unique SQL Id": 379939634, "Planner Runtime": 0}, "explain_analyze_plan": {"Plan": {"Node Type": "Aggregate", "Strategy": "Plain", "Startup Cost": 1383300.54, "Total Cost": 1383300.55, "Plan Rows": 1, "Plan Width": 53, "Actual Startup Time": 4307.314, "Actual Total Time": 4307.315, "Actual Rows": 1, "Actual Loops": 1, "Plans": [{"Node Type": "Hash Join", "Parent Relationship": "Outer", "Join Type": "Inner", "Startup Cost": 150746.51, "Total Cost": 1370702.23, "Plan Rows": 719903, "Plan Width": 37, "Actual Startup Time": 2342.752, "Actual Total Time": 3936.71, "Actual Rows": 772803, "Actual Loops": 1, "Inner Unique": true, "Hash Cond": "(lineitem.l_partkey = part.p_partkey), (LLVM Optimized, Jit Execute)", "Plans": [{"Node Type": "Bitmap Heap Scan", "Parent Relationship": "Outer", "Relation Name": "lineitem", "Alias": "lineitem", "Startup Cost": 24943.26, "Total Cost": 1235000.32, "Plan Rows": 719903, "Plan Width": 24, "Actual Startup Time": 427.329, "Actual Total Time": 1482.453, "Actual Rows": 772803, "Actual Loops": 1, "Recheck Cond": "((l_shipdate >= '1996-12-01 00:00:00'::timestamp(0) without time zone) AND (l_shipdate < '1997-01-01 00:00:00'::timestamp without time zone)), (LLVM Optimized, Jit Execute)", "Rows Removed by Index Recheck": 0, "Exact Heap Blocks": 437909, "Lossy Heap Blocks": 437909, "Plans": [{"Node Type": "Bitmap Index Scan", "Parent Relationship": "Outer", "Index Name": "idx_lineitem_shipdate", "Startup Cost": 0.0, "Total Cost": 24763.28, "Plan Rows": 719903, "Plan Width": 0, "Actual Startup Time": 262.379, "Actual Total Time": 262.379, "Actual Rows": 772803, "Actual Loops": 1, "Index Cond": "((l_shipdate >= '1996-12-01 00:00:00'::timestamp(0) without time zone) AND (l_shipdate < '1997-01-01 00:00:00'::timestamp without time zone))"}]}, {"Node Type": "Hash", "Parent Relationship": "Inner", "Startup Cost": 100803.25, "Total Cost": 100803.25, "Plan Rows": 2000000, "Plan Width": 29, "Actual Startup Time": 1913.87, "Actual Total Time": 1913.87, "Actual Rows": 2000000, "Actual Loops": 1, "Hash Buckets": 2097152, "Hash Batches": 1, "Original Hash Batches": 1, "Peak Memory Usage": 126040, "Plans": [{"Node Type": "Index Scan", "Parent Relationship": "Outer", "Scan Direction": "Forward", "Index Name": "part_kpey", "Relation Name": "part", "Alias": "part", "Startup Cost": 0.0, "Total Cost": 100803.25, "Plan Rows": 2000000, "Plan Width": 29, "Actual Startup Time": 0.051, "Actual Total Time": 1248.752, "Actual Rows": 2000000, "Actual Loops": 1}]}]}]}, "Triggers": [], "Planner Runtime": 0, "Total Runtime": 4321.893, "Unique SQL Id": 379939634}}, "(1, 98)": {"explain_plan": {"Plan": {"Node Type": "Aggregate", "Strategy": "Plain", "Startup Cost": 1344441.29, "Total Cost": 1344441.3, "Plan Rows": 1, "Plan Width": 53, "Plans": [{"Node Type": "Hash Join", "Parent Relationship": "Outer", "Join Type": "Inner", "Startup Cost": 111887.26, "Total Cost": 1331842.98, "Plan Rows": 719903, "Plan Width": 37, "Inner Unique": true, "Hash Cond": "(lineitem.l_partkey = part.p_partkey), (LLVM Optimized)", "Plans": [{"Node Type": "Bitmap Heap Scan", "Parent Relationship": "Outer", "Relation Name": "lineitem", "Alias": "lineitem", "Startup Cost": 24943.26, "Total Cost": 1235000.32, "Plan Rows": 719903, "Plan Width": 24, "Recheck Cond": "((l_shipdate >= '1996-12-01 00:00:00'::timestamp(0) without time zone) AND (l_shipdate < '1997-01-01 00:00:00'::timestamp without time zone)), (LLVM Optimized)", "Plans": [{"Node Type": "Bitmap Index Scan", "Parent Relationship": "Outer", "Index Name": "idx_lineitem_shipdate", "Startup Cost": 0.0, "Total Cost": 24763.28, "Plan Rows": 719903, "Plan Width": 0, "Index Cond": "((l_shipdate >= '1996-12-01 00:00:00'::timestamp(0) without time zone) AND (l_shipdate < '1997-01-01 00:00:00'::timestamp without time zone))"}]}, {"Node Type": "Hash", "Parent Relationship": "Inner", "Startup Cost": 61944.0, "Total Cost": 61944.0, "Plan Rows": 2000000, "Plan Width": 29, "Plans": [{"Node Type": "Seq Scan", "Parent Relationship": "Outer", "Relation Name": "part", "Alias": "part", "Startup Cost": 0.0, "Total Cost": 61944.0, "Plan Rows": 2000000, "Plan Width": 29}]}]}]}, "Unique SQL Id": 379939634, "Planner Runtime": 0}, "explain_analyze_plan": {"Plan": {"Node Type": "Aggregate", "Strategy": "Plain", "Startup Cost": 1344441.29, "Total Cost": 1344441.3, "Plan Rows": 1, "Plan Width": 53, "Actual Startup Time": 3796.361, "Actual Total Time": 3796.362, "Actual Rows": 1, "Actual Loops": 1, "Plans": [{"Node Type": "Hash Join", "Parent Relationship": "Outer", "Join Type": "Inner", "Startup Cost": 111887.26, "Total Cost": 1331842.98, "Plan Rows": 719903, "Plan Width": 37, "Actual Startup Time": 1803.595, "Actual Total Time": 3429.111, "Actual Rows": 772803, "Actual Loops": 1, "Inner Unique": true, "Hash Cond": "(lineitem.l_partkey = part.p_partkey), (LLVM Optimized, Jit Execute)", "Plans": [{"Node Type": "Bitmap Heap Scan", "Parent Relationship": "Outer", "Relation Name": "lineitem", "Alias": "lineitem", "Startup Cost": 24943.26, "Total Cost": 1235000.32, "Plan Rows": 719903, "Plan Width": 24, "Actual Startup Time": 421.807, "Actual Total Time": 1498.429, "Actual Rows": 772803, "Actual Loops": 1, "Recheck Cond": "((l_shipdate >= '1996-12-01 00:00:00'::timestamp(0) without time zone) AND (l_shipdate < '1997-01-01 00:00:00'::timestamp without time zone)), (LLVM Optimized, Jit Execute)", "Rows Removed by Index Recheck": 0, "Exact Heap Blocks": 437909, "Lossy Heap Blocks": 437909, "Plans": [{"Node Type": "Bitmap Index Scan", "Parent Relationship": "Outer", "Index Name": "idx_lineitem_shipdate", "Startup Cost": 0.0, "Total Cost": 24763.28, "Plan Rows": 719903, "Plan Width": 0, "Actual Startup Time": 257.652, "Actual Total Time": 257.652, "Actual Rows": 772803, "Actual Loops": 1, "Index Cond": "((l_shipdate >= '1996-12-01 00:00:00'::timestamp(0) without time zone) AND (l_shipdate < '1997-01-01 00:00:00'::timestamp without time zone))"}]}, {"Node Type": "Hash", "Parent Relationship": "Inner", "Startup Cost": 61944.0, "Total Cost": 61944.0, "Plan Rows": 2000000, "Plan Width": 29, "Actual Startup Time": 1380.419, "Actual Total Time": 1380.419, "Actual Rows": 2000000, "Actual Loops": 1, "Hash Buckets": 2097152, "Hash Batches": 1, "Original Hash Batches": 1, "Peak Memory Usage": 126040, "Plans": [{"Node Type": "Seq Scan", "Parent Relationship": "Outer", "Relation Name": "part", "Alias": "part", "Startup Cost": 0.0, "Total Cost": 61944.0, "Plan Rows": 2000000, "Plan Width": 29, "Actual Startup Time": 0.033, "Actual Total Time": 705.317, "Actual Rows": 2000000, "Actual Loops": 1}]}]}]}, "Triggers": [], "Planner Runtime": 0, "Total Runtime": 3810.947, "Unique SQL Id": 379939634}}, "(1, 99)": {"explain_plan": {"Plan": {"Node Type": "Aggregate", "Strategy": "Plain", "Startup Cost": 4357819.44, "Total Cost": 4357819.45, "Plan Rows": 1, "Plan Width": 53, "Plans": [{"Node Type": "Nested Loop", "Parent Relationship": "Outer", "Join Type": "Inner", "Startup Cost": 24943.55, "Total Cost": 4345221.13, "Plan Rows": 719903, "Plan Width": 37, "Inner Unique": true, "Plans": [{"Node Type": "Bitmap Heap Scan", "Parent Relationship": "Outer", "Relation Name": "lineitem", "Alias": "lineitem", "Startup Cost": 24943.26, "Total Cost": 1235000.32, "Plan Rows": 719903, "Plan Width": 24, "Recheck Cond": "((l_shipdate >= '1996-12-01 00:00:00'::timestamp(0) without time zone) AND (l_shipdate < '1997-01-01 00:00:00'::timestamp without time zone)), (LLVM Optimized)", "Plans": [{"Node Type": "Bitmap Index Scan", "Parent Relationship": "Outer", "Index Name": "idx_lineitem_shipdate", "Startup Cost": 0.0, "Total Cost": 24763.28, "Plan Rows": 719903, "Plan Width": 0, "Index Cond": "((l_shipdate >= '1996-12-01 00:00:00'::timestamp(0) without time zone) AND (l_shipdate < '1997-01-01 00:00:00'::timestamp without time zone))"}]}, {"Node Type": "Bitmap Heap Scan", "Parent Relationship": "Inner", "Relation Name": "part", "Alias": "part", "Startup Cost": 0.3, "Total Cost": 4.31, "Plan Rows": 1, "Plan Width": 29, "Recheck Cond": "(p_partkey = lineitem.l_partkey)", "Plans": [{"Node Type": "Bitmap Index Scan", "Parent Relationship": "Outer", "Index Name": "part_kpey", "Startup Cost": 0.0, "Total Cost": 0.3, "Plan Rows": 1, "Plan Width": 0, "Index Cond": "(p_partkey = lineitem.l_partkey)"}]}]}]}, "Unique SQL Id": 379939634, "Planner Runtime": 0}, "explain_analyze_plan": {"Plan": {"Node Type": "Aggregate", "Strategy": "Plain", "Startup Cost": 4357819.44, "Total Cost": 4357819.45, "Plan Rows": 1, "Plan Width": 53, "Actual Startup Time": 8304.191, "Actual Total Time": 8304.192, "Actual Rows": 1, "Actual Loops": 1, "Plans": [{"Node Type": "Nested Loop", "Parent Relationship": "Outer", "Join Type": "Inner", "Startup Cost": 24943.55, "Total Cost": 4345221.13, "Plan Rows": 719903, "Plan Width": 37, "Actual Startup Time": 424.918, "Actual Total Time": 7787.203, "Actual Rows": 772803, "Actual Loops": 1, "Inner Unique": true, "Plans": [{"Node Type": "Bitmap Heap Scan", "Parent Relationship": "Outer", "Relation Name": "lineitem", "Alias": "lineitem", "Startup Cost": 24943.26, "Total Cost": 1235000.32, "Plan Rows": 719903, "Plan Width": 24, "Actual Startup Time": 424.737, "Actual Total Time": 1608.02, "Actual Rows": 772803, "Actual Loops": 1, "Recheck Cond": "((l_shipdate >= '1996-12-01 00:00:00'::timestamp(0) without time zone) AND (l_shipdate < '1997-01-01 00:00:00'::timestamp without time zone)), (LLVM Optimized, Jit Execute)", "Rows Removed by Index Recheck": 0, "Exact Heap Blocks": 437909, "Lossy Heap Blocks": 437909, "Plans": [{"Node Type": "Bitmap Index Scan", "Parent Relationship": "Outer", "Index Name": "idx_lineitem_shipdate", "Startup Cost": 0.0, "Total Cost": 24763.28, "Plan Rows": 719903, "Plan Width": 0, "Actual Startup Time": 257.536, "Actual Total Time": 257.536, "Actual Rows": 772803, "Actual Loops": 1, "Index Cond": "((l_shipdate >= '1996-12-01 00:00:00'::timestamp(0) without time zone) AND (l_shipdate < '1997-01-01 00:00:00'::timestamp without time zone))"}]}, {"Node Type": "Bitmap Heap Scan", "Parent Relationship": "Inner", "Relation Name": "part", "Alias": "part", "Startup Cost": 0.3, "Total Cost": 4.31, "Plan Rows": 1, "Plan Width": 29, "Actual Startup Time": 5111.348, "Actual Total Time": 5111.348, "Actual Rows": 772803, "Actual Loops": 772803, "Recheck Cond": "(p_partkey = lineitem.l_partkey)", "Rows Removed by Index Recheck": 0, "Exact Heap Blocks": 772803, "Lossy Heap Blocks": 772803, "Plans": [{"Node Type": "Bitmap Index Scan", "Parent Relationship": "Outer", "Index Name": "part_kpey", "Startup Cost": 0.0, "Total Cost": 0.3, "Plan Rows": 1, "Plan Width": 0, "Actual Startup Time": 3133.071, "Actual Total Time": 3133.071, "Actual Rows": 772803, "Actual Loops": 772803, "Index Cond": "(p_partkey = lineitem.l_partkey)"}]}]}]}, "Triggers": [], "Planner Runtime": 0, "Total Runtime": 8315.455, "Unique SQL Id": 379939634}}, "(1, 100)": {"explain_plan": {"Plan": {"Node Type": "Aggregate", "Strategy": "Plain", "Startup Cost": 1344441.29, "Total Cost": 1344441.3, "Plan Rows": 1, "Plan Width": 53, "Plans": [{"Node Type": "Hash Join", "Parent Relationship": "Outer", "Join Type": "Inner", "Startup Cost": 111887.26, "Total Cost": 1331842.98, "Plan Rows": 719903, "Plan Width": 37, "Inner Unique": true, "Hash Cond": "(lineitem.l_partkey = part.p_partkey), (LLVM Optimized)", "Plans": [{"Node Type": "Bitmap Heap Scan", "Parent Relationship": "Outer", "Relation Name": "lineitem", "Alias": "lineitem", "Startup Cost": 24943.26, "Total Cost": 1235000.32, "Plan Rows": 719903, "Plan Width": 24, "Recheck Cond": "((l_shipdate >= '1996-12-01 00:00:00'::timestamp(0) without time zone) AND (l_shipdate < '1997-01-01 00:00:00'::timestamp without time zone)), (LLVM Optimized)", "Plans": [{"Node Type": "Bitmap Index Scan", "Parent Relationship": "Outer", "Index Name": "idx_lineitem_shipdate", "Startup Cost": 0.0, "Total Cost": 24763.28, "Plan Rows": 719903, "Plan Width": 0, "Index Cond": "((l_shipdate >= '1996-12-01 00:00:00'::timestamp(0) without time zone) AND (l_shipdate < '1997-01-01 00:00:00'::timestamp without time zone))"}]}, {"Node Type": "Hash", "Parent Relationship": "Inner", "Startup Cost": 61944.0, "Total Cost": 61944.0, "Plan Rows": 2000000, "Plan Width": 29, "Plans": [{"Node Type": "Seq Scan", "Parent Relationship": "Outer", "Relation Name": "part", "Alias": "part", "Startup Cost": 0.0, "Total Cost": 61944.0, "Plan Rows": 2000000, "Plan Width": 29}]}]}]}, "Unique SQL Id": 379939634, "Planner Runtime": 0}, "explain_analyze_plan": {"Plan": {"Node Type": "Aggregate", "Strategy": "Plain", "Startup Cost": 1344441.29, "Total Cost": 1344441.3, "Plan Rows": 1, "Plan Width": 53, "Actual Startup Time": 3796.361, "Actual Total Time": 3796.362, "Actual Rows": 1, "Actual Loops": 1, "Plans": [{"Node Type": "Hash Join", "Parent Relationship": "Outer", "Join Type": "Inner", "Startup Cost": 111887.26, "Total Cost": 1331842.98, "Plan Rows": 719903, "Plan Width": 37, "Actual Startup Time": 1803.595, "Actual Total Time": 3429.111, "Actual Rows": 772803, "Actual Loops": 1, "Inner Unique": true, "Hash Cond": "(lineitem.l_partkey = part.p_partkey), (LLVM Optimized, Jit Execute)", "Plans": [{"Node Type": "Bitmap Heap Scan", "Parent Relationship": "Outer", "Relation Name": "lineitem", "Alias": "lineitem", "Startup Cost": 24943.26, "Total Cost": 1235000.32, "Plan Rows": 719903, "Plan Width": 24, "Actual Startup Time": 421.807, "Actual Total Time": 1498.429, "Actual Rows": 772803, "Actual Loops": 1, "Recheck Cond": "((l_shipdate >= '1996-12-01 00:00:00'::timestamp(0) without time zone) AND (l_shipdate < '1997-01-01 00:00:00'::timestamp without time zone)), (LLVM Optimized, Jit Execute)", "Rows Removed by Index Recheck": 0, "Exact Heap Blocks": 437909, "Lossy Heap Blocks": 437909, "Plans": [{"Node Type": "Bitmap Index Scan", "Parent Relationship": "Outer", "Index Name": "idx_lineitem_shipdate", "Startup Cost": 0.0, "Total Cost": 24763.28, "Plan Rows": 719903, "Plan Width": 0, "Actual Startup Time": 257.652, "Actual Total Time": 257.652, "Actual Rows": 772803, "Actual Loops": 1, "Index Cond": "((l_shipdate >= '1996-12-01 00:00:00'::timestamp(0) without time zone) AND (l_shipdate < '1997-01-01 00:00:00'::timestamp without time zone))"}]}, {"Node Type": "Hash", "Parent Relationship": "Inner", "Startup Cost": 61944.0, "Total Cost": 61944.0, "Plan Rows": 2000000, "Plan Width": 29, "Actual Startup Time": 1380.419, "Actual Total Time": 1380.419, "Actual Rows": 2000000, "Actual Loops": 1, "Hash Buckets": 2097152, "Hash Batches": 1, "Original Hash Batches": 1, "Peak Memory Usage": 126040, "Plans": [{"Node Type": "Seq Scan", "Parent Relationship": "Outer", "Relation Name": "part", "Alias": "part", "Startup Cost": 0.0, "Total Cost": 61944.0, "Plan Rows": 2000000, "Plan Width": 29, "Actual Startup Time": 0.033, "Actual Total Time": 705.317, "Actual Rows": 2000000, "Actual Loops": 1}]}]}]}, "Triggers": [], "Planner Runtime": 0, "Total Runtime": 3810.947, "Unique SQL Id": 379939634}}, "(1, 101)": {"explain_plan": {"Plan": {"Node Type": "Aggregate", "Strategy": "Plain", "Startup Cost": 1383300.54, "Total Cost": 1383300.55, "Plan Rows": 1, "Plan Width": 53, "Plans": [{"Node Type": "Hash Join", "Parent Relationship": "Outer", "Join Type": "Inner", "Startup Cost": 150746.51, "Total Cost": 1370702.23, "Plan Rows": 719903, "Plan Width": 37, "Inner Unique": true, "Hash Cond": "(lineitem.l_partkey = part.p_partkey), (LLVM Optimized)", "Plans": [{"Node Type": "Bitmap Heap Scan", "Parent Relationship": "Outer", "Relation Name": "lineitem", "Alias": "lineitem", "Startup Cost": 24943.26, "Total Cost": 1235000.32, "Plan Rows": 719903, "Plan Width": 24, "Recheck Cond": "((l_shipdate >= '1996-12-01 00:00:00'::timestamp(0) without time zone) AND (l_shipdate < '1997-01-01 00:00:00'::timestamp without time zone)), (LLVM Optimized)", "Plans": [{"Node Type": "Bitmap Index Scan", "Parent Relationship": "Outer", "Index Name": "idx_lineitem_shipdate", "Startup Cost": 0.0, "Total Cost": 24763.28, "Plan Rows": 719903, "Plan Width": 0, "Index Cond": "((l_shipdate >= '1996-12-01 00:00:00'::timestamp(0) without time zone) AND (l_shipdate < '1997-01-01 00:00:00'::timestamp without time zone))"}]}, {"Node Type": "Hash", "Parent Relationship": "Inner", "Startup Cost": 100803.25, "Total Cost": 100803.25, "Plan Rows": 2000000, "Plan Width": 29, "Plans": [{"Node Type": "Index Scan", "Parent Relationship": "Outer", "Scan Direction": "Forward", "Index Name": "part_kpey", "Relation Name": "part", "Alias": "part", "Startup Cost": 0.0, "Total Cost": 100803.25, "Plan Rows": 2000000, "Plan Width": 29}]}]}]}, "Unique SQL Id": 379939634, "Planner Runtime": 0}, "explain_analyze_plan": {"Plan": {"Node Type": "Aggregate", "Strategy": "Plain", "Startup Cost": 1383300.54, "Total Cost": 1383300.55, "Plan Rows": 1, "Plan Width": 53, "Actual Startup Time": 4307.314, "Actual Total Time": 4307.315, "Actual Rows": 1, "Actual Loops": 1, "Plans": [{"Node Type": "Hash Join", "Parent Relationship": "Outer", "Join Type": "Inner", "Startup Cost": 150746.51, "Total Cost": 1370702.23, "Plan Rows": 719903, "Plan Width": 37, "Actual Startup Time": 2342.752, "Actual Total Time": 3936.71, "Actual Rows": 772803, "Actual Loops": 1, "Inner Unique": true, "Hash Cond": "(lineitem.l_partkey = part.p_partkey), (LLVM Optimized, Jit Execute)", "Plans": [{"Node Type": "Bitmap Heap Scan", "Parent Relationship": "Outer", "Relation Name": "lineitem", "Alias": "lineitem", "Startup Cost": 24943.26, "Total Cost": 1235000.32, "Plan Rows": 719903, "Plan Width": 24, "Actual Startup Time": 427.329, "Actual Total Time": 1482.453, "Actual Rows": 772803, "Actual Loops": 1, "Recheck Cond": "((l_shipdate >= '1996-12-01 00:00:00'::timestamp(0) without time zone) AND (l_shipdate < '1997-01-01 00:00:00'::timestamp without time zone)), (LLVM Optimized, Jit Execute)", "Rows Removed by Index Recheck": 0, "Exact Heap Blocks": 437909, "Lossy Heap Blocks": 437909, "Plans": [{"Node Type": "Bitmap Index Scan", "Parent Relationship": "Outer", "Index Name": "idx_lineitem_shipdate", "Startup Cost": 0.0, "Total Cost": 24763.28, "Plan Rows": 719903, "Plan Width": 0, "Actual Startup Time": 262.379, "Actual Total Time": 262.379, "Actual Rows": 772803, "Actual Loops": 1, "Index Cond": "((l_shipdate >= '1996-12-01 00:00:00'::timestamp(0) without time zone) AND (l_shipdate < '1997-01-01 00:00:00'::timestamp without time zone))"}]}, {"Node Type": "Hash", "Parent Relationship": "Inner", "Startup Cost": 100803.25, "Total Cost": 100803.25, "Plan Rows": 2000000, "Plan Width": 29, "Actual Startup Time": 1913.87, "Actual Total Time": 1913.87, "Actual Rows": 2000000, "Actual Loops": 1, "Hash Buckets": 2097152, "Hash Batches": 1, "Original Hash Batches": 1, "Peak Memory Usage": 126040, "Plans": [{"Node Type": "Index Scan", "Parent Relationship": "Outer", "Scan Direction": "Forward", "Index Name": "part_kpey", "Relation Name": "part", "Alias": "part", "Startup Cost": 0.0, "Total Cost": 100803.25, "Plan Rows": 2000000, "Plan Width": 29, "Actual Startup Time": 0.051, "Actual Total Time": 1248.752, "Actual Rows": 2000000, "Actual Loops": 1}]}]}]}, "Triggers": [], "Planner Runtime": 0, "Total Runtime": 4321.893, "Unique SQL Id": 379939634}}, "(1, 102)": {"explain_plan": {"Plan": {"Node Type": "Aggregate", "Strategy": "Plain", "Startup Cost": 1344441.29, "Total Cost": 1344441.3, "Plan Rows": 1, "Plan Width": 53, "Plans": [{"Node Type": "Hash Join", "Parent Relationship": "Outer", "Join Type": "Inner", "Startup Cost": 111887.26, "Total Cost": 1331842.98, "Plan Rows": 719903, "Plan Width": 37, "Inner Unique": true, "Hash Cond": "(lineitem.l_partkey = part.p_partkey), (LLVM Optimized)", "Plans": [{"Node Type": "Bitmap Heap Scan", "Parent Relationship": "Outer", "Relation Name": "lineitem", "Alias": "lineitem", "Startup Cost": 24943.26, "Total Cost": 1235000.32, "Plan Rows": 719903, "Plan Width": 24, "Recheck Cond": "((l_shipdate >= '1996-12-01 00:00:00'::timestamp(0) without time zone) AND (l_shipdate < '1997-01-01 00:00:00'::timestamp without time zone)), (LLVM Optimized)", "Plans": [{"Node Type": "Bitmap Index Scan", "Parent Relationship": "Outer", "Index Name": "idx_lineitem_shipdate", "Startup Cost": 0.0, "Total Cost": 24763.28, "Plan Rows": 719903, "Plan Width": 0, "Index Cond": "((l_shipdate >= '1996-12-01 00:00:00'::timestamp(0) without time zone) AND (l_shipdate < '1997-01-01 00:00:00'::timestamp without time zone))"}]}, {"Node Type": "Hash", "Parent Relationship": "Inner", "Startup Cost": 61944.0, "Total Cost": 61944.0, "Plan Rows": 2000000, "Plan Width": 29, "Plans": [{"Node Type": "Seq Scan", "Parent Relationship": "Outer", "Relation Name": "part", "Alias": "part", "Startup Cost": 0.0, "Total Cost": 61944.0, "Plan Rows": 2000000, "Plan Width": 29}]}]}]}, "Unique SQL Id": 379939634, "Planner Runtime": 0}, "explain_analyze_plan": {"Plan": {"Node Type": "Aggregate", "Strategy": "Plain", "Startup Cost": 1344441.29, "Total Cost": 1344441.3, "Plan Rows": 1, "Plan Width": 53, "Actual Startup Time": 3796.361, "Actual Total Time": 3796.362, "Actual Rows": 1, "Actual Loops": 1, "Plans": [{"Node Type": "Hash Join", "Parent Relationship": "Outer", "Join Type": "Inner", "Startup Cost": 111887.26, "Total Cost": 1331842.98, "Plan Rows": 719903, "Plan Width": 37, "Actual Startup Time": 1803.595, "Actual Total Time": 3429.111, "Actual Rows": 772803, "Actual Loops": 1, "Inner Unique": true, "Hash Cond": "(lineitem.l_partkey = part.p_partkey), (LLVM Optimized, Jit Execute)", "Plans": [{"Node Type": "Bitmap Heap Scan", "Parent Relationship": "Outer", "Relation Name": "lineitem", "Alias": "lineitem", "Startup Cost": 24943.26, "Total Cost": 1235000.32, "Plan Rows": 719903, "Plan Width": 24, "Actual Startup Time": 421.807, "Actual Total Time": 1498.429, "Actual Rows": 772803, "Actual Loops": 1, "Recheck Cond": "((l_shipdate >= '1996-12-01 00:00:00'::timestamp(0) without time zone) AND (l_shipdate < '1997-01-01 00:00:00'::timestamp without time zone)), (LLVM Optimized, Jit Execute)", "Rows Removed by Index Recheck": 0, "Exact Heap Blocks": 437909, "Lossy Heap Blocks": 437909, "Plans": [{"Node Type": "Bitmap Index Scan", "Parent Relationship": "Outer", "Index Name": "idx_lineitem_shipdate", "Startup Cost": 0.0, "Total Cost": 24763.28, "Plan Rows": 719903, "Plan Width": 0, "Actual Startup Time": 257.652, "Actual Total Time": 257.652, "Actual Rows": 772803, "Actual Loops": 1, "Index Cond": "((l_shipdate >= '1996-12-01 00:00:00'::timestamp(0) without time zone) AND (l_shipdate < '1997-01-01 00:00:00'::timestamp without time zone))"}]}, {"Node Type": "Hash", "Parent Relationship": "Inner", "Startup Cost": 61944.0, "Total Cost": 61944.0, "Plan Rows": 2000000, "Plan Width": 29, "Actual Startup Time": 1380.419, "Actual Total Time": 1380.419, "Actual Rows": 2000000, "Actual Loops": 1, "Hash Buckets": 2097152, "Hash Batches": 1, "Original Hash Batches": 1, "Peak Memory Usage": 126040, "Plans": [{"Node Type": "Seq Scan", "Parent Relationship": "Outer", "Relation Name": "part", "Alias": "part", "Startup Cost": 0.0, "Total Cost": 61944.0, "Plan Rows": 2000000, "Plan Width": 29, "Actual Startup Time": 0.033, "Actual Total Time": 705.317, "Actual Rows": 2000000, "Actual Loops": 1}]}]}]}, "Triggers": [], "Planner Runtime": 0, "Total Runtime": 3810.947, "Unique SQL Id": 379939634}}, "(1, 103)": {"explain_plan": {"Plan": {"Node Type": "Aggregate", "Strategy": "Plain", "Startup Cost": 4357819.44, "Total Cost": 4357819.45, "Plan Rows": 1, "Plan Width": 53, "Plans": [{"Node Type": "Nested Loop", "Parent Relationship": "Outer", "Join Type": "Inner", "Startup Cost": 24943.55, "Total Cost": 4345221.13, "Plan Rows": 719903, "Plan Width": 37, "Inner Unique": true, "Plans": [{"Node Type": "Bitmap Heap Scan", "Parent Relationship": "Outer", "Relation Name": "lineitem", "Alias": "lineitem", "Startup Cost": 24943.26, "Total Cost": 1235000.32, "Plan Rows": 719903, "Plan Width": 24, "Recheck Cond": "((l_shipdate >= '1996-12-01 00:00:00'::timestamp(0) without time zone) AND (l_shipdate < '1997-01-01 00:00:00'::timestamp without time zone)), (LLVM Optimized)", "Plans": [{"Node Type": "Bitmap Index Scan", "Parent Relationship": "Outer", "Index Name": "idx_lineitem_shipdate", "Startup Cost": 0.0, "Total Cost": 24763.28, "Plan Rows": 719903, "Plan Width": 0, "Index Cond": "((l_shipdate >= '1996-12-01 00:00:00'::timestamp(0) without time zone) AND (l_shipdate < '1997-01-01 00:00:00'::timestamp without time zone))"}]}, {"Node Type": "Bitmap Heap Scan", "Parent Relationship": "Inner", "Relation Name": "part", "Alias": "part", "Startup Cost": 0.3, "Total Cost": 4.31, "Plan Rows": 1, "Plan Width": 29, "Recheck Cond": "(p_partkey = lineitem.l_partkey)", "Plans": [{"Node Type": "Bitmap Index Scan", "Parent Relationship": "Outer", "Index Name": "part_kpey", "Startup Cost": 0.0, "Total Cost": 0.3, "Plan Rows": 1, "Plan Width": 0, "Index Cond": "(p_partkey = lineitem.l_partkey)"}]}]}]}, "Unique SQL Id": 379939634, "Planner Runtime": 0}, "explain_analyze_plan": {"Plan": {"Node Type": "Aggregate", "Strategy": "Plain", "Startup Cost": 4357819.44, "Total Cost": 4357819.45, "Plan Rows": 1, "Plan Width": 53, "Actual Startup Time": 8304.191, "Actual Total Time": 8304.192, "Actual Rows": 1, "Actual Loops": 1, "Plans": [{"Node Type": "Nested Loop", "Parent Relationship": "Outer", "Join Type": "Inner", "Startup Cost": 24943.55, "Total Cost": 4345221.13, "Plan Rows": 719903, "Plan Width": 37, "Actual Startup Time": 424.918, "Actual Total Time": 7787.203, "Actual Rows": 772803, "Actual Loops": 1, "Inner Unique": true, "Plans": [{"Node Type": "Bitmap Heap Scan", "Parent Relationship": "Outer", "Relation Name": "lineitem", "Alias": "lineitem", "Startup Cost": 24943.26, "Total Cost": 1235000.32, "Plan Rows": 719903, "Plan Width": 24, "Actual Startup Time": 424.737, "Actual Total Time": 1608.02, "Actual Rows": 772803, "Actual Loops": 1, "Recheck Cond": "((l_shipdate >= '1996-12-01 00:00:00'::timestamp(0) without time zone) AND (l_shipdate < '1997-01-01 00:00:00'::timestamp without time zone)), (LLVM Optimized, Jit Execute)", "Rows Removed by Index Recheck": 0, "Exact Heap Blocks": 437909, "Lossy Heap Blocks": 437909, "Plans": [{"Node Type": "Bitmap Index Scan", "Parent Relationship": "Outer", "Index Name": "idx_lineitem_shipdate", "Startup Cost": 0.0, "Total Cost": 24763.28, "Plan Rows": 719903, "Plan Width": 0, "Actual Startup Time": 257.536, "Actual Total Time": 257.536, "Actual Rows": 772803, "Actual Loops": 1, "Index Cond": "((l_shipdate >= '1996-12-01 00:00:00'::timestamp(0) without time zone) AND (l_shipdate < '1997-01-01 00:00:00'::timestamp without time zone))"}]}, {"Node Type": "Bitmap Heap Scan", "Parent Relationship": "Inner", "Relation Name": "part", "Alias": "part", "Startup Cost": 0.3, "Total Cost": 4.31, "Plan Rows": 1, "Plan Width": 29, "Actual Startup Time": 5111.348, "Actual Total Time": 5111.348, "Actual Rows": 772803, "Actual Loops": 772803, "Recheck Cond": "(p_partkey = lineitem.l_partkey)", "Rows Removed by Index Recheck": 0, "Exact Heap Blocks": 772803, "Lossy Heap Blocks": 772803, "Plans": [{"Node Type": "Bitmap Index Scan", "Parent Relationship": "Outer", "Index Name": "part_kpey", "Startup Cost": 0.0, "Total Cost": 0.3, "Plan Rows": 1, "Plan Width": 0, "Actual Startup Time": 3133.071, "Actual Total Time": 3133.071, "Actual Rows": 772803, "Actual Loops": 772803, "Index Cond": "(p_partkey = lineitem.l_partkey)"}]}]}]}, "Triggers": [], "Planner Runtime": 0, "Total Runtime": 8315.455, "Unique SQL Id": 379939634}}, "(1, 104)": {"explain_plan": {"Plan": {"Node Type": "Aggregate", "Strategy": "Plain", "Startup Cost": 2437127.27, "Total Cost": 2437127.29, "Plan Rows": 1, "Plan Width": 53, "Plans": [{"Node Type": "Hash Join", "Parent Relationship": "Outer", "Join Type": "Inner", "Startup Cost": 86944.0, "Total Cost": 2424528.97, "Plan Rows": 719903, "Plan Width": 37, "Inner Unique": true, "Hash Cond": "(lineitem.l_partkey = part.p_partkey), (LLVM Optimized)", "Plans": [{"Node Type": "Index Scan", "Parent Relationship": "Outer", "Scan Direction": "Forward", "Index Name": "idx_lineitem_shipdate", "Relation Name": "lineitem", "Alias": "lineitem", "Startup Cost": 0.0, "Total Cost": 2327686.3, "Plan Rows": 719903, "Plan Width": 24, "Index Cond": "((l_shipdate >= '1996-12-01 00:00:00'::timestamp(0) without time zone) AND (l_shipdate < '1997-01-01 00:00:00'::timestamp without time zone)), (LLVM Optimized)"}, {"Node Type": "Hash", "Parent Relationship": "Inner", "Startup Cost": 61944.0, "Total Cost": 61944.0, "Plan Rows": 2000000, "Plan Width": 29, "Plans": [{"Node Type": "Seq Scan", "Parent Relationship": "Outer", "Relation Name": "part", "Alias": "part", "Startup Cost": 0.0, "Total Cost": 61944.0, "Plan Rows": 2000000, "Plan Width": 29}]}]}]}, "Unique SQL Id": 379939634, "Planner Runtime": 0}, "explain_analyze_plan": {"Plan": {"Node Type": "Aggregate", "Strategy": "Plain", "Startup Cost": 2437127.27, "Total Cost": 2437127.29, "Plan Rows": 1, "Plan Width": 53, "Actual Startup Time": 4092.206, "Actual Total Time": 4092.207, "Actual Rows": 1, "Actual Loops": 1, "Plans": [{"Node Type": "Hash Join", "Parent Relationship": "Outer", "Join Type": "Inner", "Startup Cost": 86944.0, "Total Cost": 2424528.97, "Plan Rows": 719903, "Plan Width": 37, "Actual Startup Time": 1348.184, "Actual Total Time": 3703.872, "Actual Rows": 772803, "Actual Loops": 1, "Inner Unique": true, "Hash Cond": "(lineitem.l_partkey = part.p_partkey), (LLVM Optimized, Jit Execute)", "Plans": [{"Node Type": "Index Scan", "Parent Relationship": "Outer", "Scan Direction": "Forward", "Index Name": "idx_lineitem_shipdate", "Relation Name": "lineitem", "Alias": "lineitem", "Startup Cost": 0.0, "Total Cost": 2327686.3, "Plan Rows": 719903, "Plan Width": 24, "Actual Startup Time": 0.028, "Actual Total Time": 1733.634, "Actual Rows": 772803, "Actual Loops": 1, "Index Cond": "((l_shipdate >= '1996-12-01 00:00:00'::timestamp(0) without time zone) AND (l_shipdate < '1997-01-01 00:00:00'::timestamp without time zone)), (LLVM Optimized, Jit Execute)", "Rows Removed by Index Recheck": 0}, {"Node Type": "Hash", "Parent Relationship": "Inner", "Startup Cost": 61944.0, "Total Cost": 61944.0, "Plan Rows": 2000000, "Plan Width": 29, "Actual Startup Time": 1346.859, "Actual Total Time": 1346.859, "Actual Rows": 2000000, "Actual Loops": 1, "Hash Buckets": 2097152, "Hash Batches": 1, "Original Hash Batches": 1, "Peak Memory Usage": 126040, "Plans": [{"Node Type": "Seq Scan", "Parent Relationship": "Outer", "Relation Name": "part", "Alias": "part", "Startup Cost": 0.0, "Total Cost": 61944.0, "Plan Rows": 2000000, "Plan Width": 29, "Actual Startup Time": 0.02, "Actual Total Time": 704.049, "Actual Rows": 2000000, "Actual Loops": 1}]}]}]}, "Triggers": [], "Planner Runtime": 0, "Total Runtime": 4106.07, "Unique SQL Id": 379939634}}, "(1, 105)": {"explain_plan": {"Plan": {"Node Type": "Aggregate", "Strategy": "Plain", "Startup Cost": 2475986.52, "Total Cost": 2475986.54, "Plan Rows": 1, "Plan Width": 53, "Plans": [{"Node Type": "Hash Join", "Parent Relationship": "Outer", "Join Type": "Inner", "Startup Cost": 125803.25, "Total Cost": 2463388.22, "Plan Rows": 719903, "Plan Width": 37, "Inner Unique": true, "Hash Cond": "(lineitem.l_partkey = part.p_partkey), (LLVM Optimized)", "Plans": [{"Node Type": "Index Scan", "Parent Relationship": "Outer", "Scan Direction": "Forward", "Index Name": "idx_lineitem_shipdate", "Relation Name": "lineitem", "Alias": "lineitem", "Startup Cost": 0.0, "Total Cost": 2327686.3, "Plan Rows": 719903, "Plan Width": 24, "Index Cond": "((l_shipdate >= '1996-12-01 00:00:00'::timestamp(0) without time zone) AND (l_shipdate < '1997-01-01 00:00:00'::timestamp without time zone)), (LLVM Optimized)"}, {"Node Type": "Hash", "Parent Relationship": "Inner", "Startup Cost": 100803.25, "Total Cost": 100803.25, "Plan Rows": 2000000, "Plan Width": 29, "Plans": [{"Node Type": "Index Scan", "Parent Relationship": "Outer", "Scan Direction": "Forward", "Index Name": "part_kpey", "Relation Name": "part", "Alias": "part", "Startup Cost": 0.0, "Total Cost": 100803.25, "Plan Rows": 2000000, "Plan Width": 29}]}]}]}, "Unique SQL Id": 379939634, "Planner Runtime": 0}, "explain_analyze_plan": {"Plan": {"Node Type": "Aggregate", "Strategy": "Plain", "Startup Cost": 2475986.52, "Total Cost": 2475986.54, "Plan Rows": 1, "Plan Width": 53, "Actual Startup Time": 5395.543, "Actual Total Time": 5395.544, "Actual Rows": 1, "Actual Loops": 1, "Plans": [{"Node Type": "Hash Join", "Parent Relationship": "Outer", "Join Type": "Inner", "Startup Cost": 125803.25, "Total Cost": 2463388.22, "Plan Rows": 719903, "Plan Width": 37, "Actual Startup Time": 2082.35, "Actual Total Time": 5006.935, "Actual Rows": 772803, "Actual Loops": 1, "Inner Unique": true, "Hash Cond": "(lineitem.l_partkey = part.p_partkey), (LLVM Optimized, Jit Execute)", "Plans": [{"Node Type": "Index Scan", "Parent Relationship": "Outer", "Scan Direction": "Forward", "Index Name": "idx_lineitem_shipdate", "Relation Name": "lineitem", "Alias": "lineitem", "Startup Cost": 0.0, "Total Cost": 2327686.3, "Plan Rows": 719903, "Plan Width": 24, "Actual Startup Time": 0.027, "Actual Total Time": 2159.076, "Actual Rows": 772803, "Actual Loops": 1, "Index Cond": "((l_shipdate >= '1996-12-01 00:00:00'::timestamp(0) without time zone) AND (l_shipdate < '1997-01-01 00:00:00'::timestamp without time zone)), (LLVM Optimized, Jit Execute)", "Rows Removed by Index Recheck": 0}, {"Node Type": "Hash", "Parent Relationship": "Inner", "Startup Cost": 100803.25, "Total Cost": 100803.25, "Plan Rows": 2000000, "Plan Width": 29, "Actual Startup Time": 2081.053, "Actual Total Time": 2081.053, "Actual Rows": 2000000, "Actual Loops": 1, "Hash Buckets": 2097152, "Hash Batches": 1, "Original Hash Batches": 1, "Peak Memory Usage": 126040, "Plans": [{"Node Type": "Index Scan", "Parent Relationship": "Outer", "Scan Direction": "Forward", "Index Name": "part_kpey", "Relation Name": "part", "Alias": "part", "Startup Cost": 0.0, "Total Cost": 100803.25, "Plan Rows": 2000000, "Plan Width": 29, "Actual Startup Time": 0.027, "Actual Total Time": 1262.5, "Actual Rows": 2000000, "Actual Loops": 1}]}]}]}, "Triggers": [], "Planner Runtime": 0, "Total Runtime": 5409.339, "Unique SQL Id": 379939634}}, "(1, 106)": {"explain_plan": {"Plan": {"Node Type": "Aggregate", "Strategy": "Plain", "Startup Cost": 2424491.46, "Total Cost": 2424491.48, "Plan Rows": 1, "Plan Width": 53, "Plans": [{"Node Type": "Hash Join", "Parent Relationship": "Outer", "Join Type": "Inner", "Startup Cost": 86988.59, "Total Cost": 2411893.16, "Plan Rows": 719903, "Plan Width": 37, "Inner Unique": true, "Hash Cond": "(lineitem.l_partkey = part.p_partkey), (LLVM Optimized)", "Plans": [{"Node Type": "Seq Scan", "Parent Relationship": "Outer", "Relation Name": "lineitem", "Alias": "lineitem", "Startup Cost": 44.59, "Total Cost": 2315050.5, "Plan Rows": 719903, "Plan Width": 24, "Filter": "((l_shipdate >= '1996-12-01 00:00:00'::timestamp(0) without time zone) AND (l_shipdate < '1997-01-01 00:00:00'::timestamp without time zone)), (LLVM Optimized)"}, {"Node Type": "Hash", "Parent Relationship": "Inner", "Startup Cost": 61944.0, "Total Cost": 61944.0, "Plan Rows": 2000000, "Plan Width": 29, "Plans": [{"Node Type": "Seq Scan", "Parent Relationship": "Outer", "Relation Name": "part", "Alias": "part", "Startup Cost": 0.0, "Total Cost": 61944.0, "Plan Rows": 2000000, "Plan Width": 29}]}]}]}, "Unique SQL Id": 379939634, "Planner Runtime": 0}, "explain_analyze_plan": null}, "(1, 107)": {"explain_plan": {"Plan": {"Node Type": "Aggregate", "Strategy": "Plain", "Startup Cost": 2000815512658.11, "Total Cost": 2000815512658.13, "Plan Rows": 1, "Plan Width": 53, "Plans": [{"Node Type": "Hash Join", "Parent Relationship": "Outer", "Join Type": "Inner", "Startup Cost": 1010010105325.0, "Total Cost": 2000815500059.81, "Plan Rows": 719903, "Plan Width": 37, "Inner Unique": true, "Hash Cond": "(lineitem.l_partkey = part.p_partkey), (LLVM Optimized)", "Plans": [{"Node Type": "Index Scan", "Parent Relationship": "Outer", "Scan Direction": "Forward", "Index Name": "idx_lineitem_part_supp", "Relation Name": "lineitem", "Alias": "lineitem", "Startup Cost": 10000000000.0, "Total Cost": 1000805384836.14, "Plan Rows": 719903, "Plan Width": 24, "Filter": "((l_shipdate >= '1996-12-01 00:00:00'::timestamp(0) without time zone) AND (l_shipdate < '1997-01-01 00:00:00'::timestamp without time zone)), (LLVM Optimized)"}, {"Node Type": "Hash", "Parent Relationship": "Inner", "Startup Cost": 1000010080325.0, "Total Cost": 1000010080325.0, "Plan Rows": 2000000, "Plan Width": 29, "Plans": [{"Node Type": "Index Scan", "Parent Relationship": "Outer", "Scan Direction": "Forward", "Index Name": "part_kpey", "Relation Name": "part", "Alias": "part", "Startup Cost": 10000000000.0, "Total Cost": 1000010080325.0, "Plan Rows": 2000000, "Plan Width": 29}]}]}]}, "Unique SQL Id": 379939634, "Planner Runtime": 0}, "explain_analyze_plan": null}, "(1, 108)": {"explain_plan": {"Plan": {"Node Type": "Aggregate", "Strategy": "Plain", "Startup Cost": 2437127.27, "Total Cost": 2437127.29, "Plan Rows": 1, "Plan Width": 53, "Plans": [{"Node Type": "Hash Join", "Parent Relationship": "Outer", "Join Type": "Inner", "Startup Cost": 86944.0, "Total Cost": 2424528.97, "Plan Rows": 719903, "Plan Width": 37, "Inner Unique": true, "Hash Cond": "(lineitem.l_partkey = part.p_partkey), (LLVM Optimized)", "Plans": [{"Node Type": "Index Scan", "Parent Relationship": "Outer", "Scan Direction": "Forward", "Index Name": "idx_lineitem_shipdate", "Relation Name": "lineitem", "Alias": "lineitem", "Startup Cost": 0.0, "Total Cost": 2327686.3, "Plan Rows": 719903, "Plan Width": 24, "Index Cond": "((l_shipdate >= '1996-12-01 00:00:00'::timestamp(0) without time zone) AND (l_shipdate < '1997-01-01 00:00:00'::timestamp without time zone)), (LLVM Optimized)"}, {"Node Type": "Hash", "Parent Relationship": "Inner", "Startup Cost": 61944.0, "Total Cost": 61944.0, "Plan Rows": 2000000, "Plan Width": 29, "Plans": [{"Node Type": "Seq Scan", "Parent Relationship": "Outer", "Relation Name": "part", "Alias": "part", "Startup Cost": 0.0, "Total Cost": 61944.0, "Plan Rows": 2000000, "Plan Width": 29}]}]}]}, "Unique SQL Id": 379939634, "Planner Runtime": 0}, "explain_analyze_plan": {"Plan": {"Node Type": "Aggregate", "Strategy": "Plain", "Startup Cost": 2437127.27, "Total Cost": 2437127.29, "Plan Rows": 1, "Plan Width": 53, "Actual Startup Time": 4092.206, "Actual Total Time": 4092.207, "Actual Rows": 1, "Actual Loops": 1, "Plans": [{"Node Type": "Hash Join", "Parent Relationship": "Outer", "Join Type": "Inner", "Startup Cost": 86944.0, "Total Cost": 2424528.97, "Plan Rows": 719903, "Plan Width": 37, "Actual Startup Time": 1348.184, "Actual Total Time": 3703.872, "Actual Rows": 772803, "Actual Loops": 1, "Inner Unique": true, "Hash Cond": "(lineitem.l_partkey = part.p_partkey), (LLVM Optimized, Jit Execute)", "Plans": [{"Node Type": "Index Scan", "Parent Relationship": "Outer", "Scan Direction": "Forward", "Index Name": "idx_lineitem_shipdate", "Relation Name": "lineitem", "Alias": "lineitem", "Startup Cost": 0.0, "Total Cost": 2327686.3, "Plan Rows": 719903, "Plan Width": 24, "Actual Startup Time": 0.028, "Actual Total Time": 1733.634, "Actual Rows": 772803, "Actual Loops": 1, "Index Cond": "((l_shipdate >= '1996-12-01 00:00:00'::timestamp(0) without time zone) AND (l_shipdate < '1997-01-01 00:00:00'::timestamp without time zone)), (LLVM Optimized, Jit Execute)", "Rows Removed by Index Recheck": 0}, {"Node Type": "Hash", "Parent Relationship": "Inner", "Startup Cost": 61944.0, "Total Cost": 61944.0, "Plan Rows": 2000000, "Plan Width": 29, "Actual Startup Time": 1346.859, "Actual Total Time": 1346.859, "Actual Rows": 2000000, "Actual Loops": 1, "Hash Buckets": 2097152, "Hash Batches": 1, "Original Hash Batches": 1, "Peak Memory Usage": 126040, "Plans": [{"Node Type": "Seq Scan", "Parent Relationship": "Outer", "Relation Name": "part", "Alias": "part", "Startup Cost": 0.0, "Total Cost": 61944.0, "Plan Rows": 2000000, "Plan Width": 29, "Actual Startup Time": 0.02, "Actual Total Time": 704.049, "Actual Rows": 2000000, "Actual Loops": 1}]}]}]}, "Triggers": [], "Planner Runtime": 0, "Total Runtime": 4106.07, "Unique SQL Id": 379939634}}, "(1, 109)": {"explain_plan": {"Plan": {"Node Type": "Aggregate", "Strategy": "Plain", "Startup Cost": 2475986.52, "Total Cost": 2475986.54, "Plan Rows": 1, "Plan Width": 53, "Plans": [{"Node Type": "Hash Join", "Parent Relationship": "Outer", "Join Type": "Inner", "Startup Cost": 125803.25, "Total Cost": 2463388.22, "Plan Rows": 719903, "Plan Width": 37, "Inner Unique": true, "Hash Cond": "(lineitem.l_partkey = part.p_partkey), (LLVM Optimized)", "Plans": [{"Node Type": "Index Scan", "Parent Relationship": "Outer", "Scan Direction": "Forward", "Index Name": "idx_lineitem_shipdate", "Relation Name": "lineitem", "Alias": "lineitem", "Startup Cost": 0.0, "Total Cost": 2327686.3, "Plan Rows": 719903, "Plan Width": 24, "Index Cond": "((l_shipdate >= '1996-12-01 00:00:00'::timestamp(0) without time zone) AND (l_shipdate < '1997-01-01 00:00:00'::timestamp without time zone)), (LLVM Optimized)"}, {"Node Type": "Hash", "Parent Relationship": "Inner", "Startup Cost": 100803.25, "Total Cost": 100803.25, "Plan Rows": 2000000, "Plan Width": 29, "Plans": [{"Node Type": "Index Scan", "Parent Relationship": "Outer", "Scan Direction": "Forward", "Index Name": "part_kpey", "Relation Name": "part", "Alias": "part", "Startup Cost": 0.0, "Total Cost": 100803.25, "Plan Rows": 2000000, "Plan Width": 29}]}]}]}, "Unique SQL Id": 379939634, "Planner Runtime": 0}, "explain_analyze_plan": {"Plan": {"Node Type": "Aggregate", "Strategy": "Plain", "Startup Cost": 2475986.52, "Total Cost": 2475986.54, "Plan Rows": 1, "Plan Width": 53, "Actual Startup Time": 5395.543, "Actual Total Time": 5395.544, "Actual Rows": 1, "Actual Loops": 1, "Plans": [{"Node Type": "Hash Join", "Parent Relationship": "Outer", "Join Type": "Inner", "Startup Cost": 125803.25, "Total Cost": 2463388.22, "Plan Rows": 719903, "Plan Width": 37, "Actual Startup Time": 2082.35, "Actual Total Time": 5006.935, "Actual Rows": 772803, "Actual Loops": 1, "Inner Unique": true, "Hash Cond": "(lineitem.l_partkey = part.p_partkey), (LLVM Optimized, Jit Execute)", "Plans": [{"Node Type": "Index Scan", "Parent Relationship": "Outer", "Scan Direction": "Forward", "Index Name": "idx_lineitem_shipdate", "Relation Name": "lineitem", "Alias": "lineitem", "Startup Cost": 0.0, "Total Cost": 2327686.3, "Plan Rows": 719903, "Plan Width": 24, "Actual Startup Time": 0.027, "Actual Total Time": 2159.076, "Actual Rows": 772803, "Actual Loops": 1, "Index Cond": "((l_shipdate >= '1996-12-01 00:00:00'::timestamp(0) without time zone) AND (l_shipdate < '1997-01-01 00:00:00'::timestamp without time zone)), (LLVM Optimized, Jit Execute)", "Rows Removed by Index Recheck": 0}, {"Node Type": "Hash", "Parent Relationship": "Inner", "Startup Cost": 100803.25, "Total Cost": 100803.25, "Plan Rows": 2000000, "Plan Width": 29, "Actual Startup Time": 2081.053, "Actual Total Time": 2081.053, "Actual Rows": 2000000, "Actual Loops": 1, "Hash Buckets": 2097152, "Hash Batches": 1, "Original Hash Batches": 1, "Peak Memory Usage": 126040, "Plans": [{"Node Type": "Index Scan", "Parent Relationship": "Outer", "Scan Direction": "Forward", "Index Name": "part_kpey", "Relation Name": "part", "Alias": "part", "Startup Cost": 0.0, "Total Cost": 100803.25, "Plan Rows": 2000000, "Plan Width": 29, "Actual Startup Time": 0.027, "Actual Total Time": 1262.5, "Actual Rows": 2000000, "Actual Loops": 1}]}]}]}, "Triggers": [], "Planner Runtime": 0, "Total Runtime": 5409.339, "Unique SQL Id": 379939634}}, "(1, 110)": {"explain_plan": {"Plan": {"Node Type": "Aggregate", "Strategy": "Plain", "Startup Cost": 2424491.46, "Total Cost": 2424491.48, "Plan Rows": 1, "Plan Width": 53, "Plans": [{"Node Type": "Hash Join", "Parent Relationship": "Outer", "Join Type": "Inner", "Startup Cost": 86988.59, "Total Cost": 2411893.16, "Plan Rows": 719903, "Plan Width": 37, "Inner Unique": true, "Hash Cond": "(lineitem.l_partkey = part.p_partkey), (LLVM Optimized)", "Plans": [{"Node Type": "Seq Scan", "Parent Relationship": "Outer", "Relation Name": "lineitem", "Alias": "lineitem", "Startup Cost": 44.59, "Total Cost": 2315050.5, "Plan Rows": 719903, "Plan Width": 24, "Filter": "((l_shipdate >= '1996-12-01 00:00:00'::timestamp(0) without time zone) AND (l_shipdate < '1997-01-01 00:00:00'::timestamp without time zone)), (LLVM Optimized)"}, {"Node Type": "Hash", "Parent Relationship": "Inner", "Startup Cost": 61944.0, "Total Cost": 61944.0, "Plan Rows": 2000000, "Plan Width": 29, "Plans": [{"Node Type": "Seq Scan", "Parent Relationship": "Outer", "Relation Name": "part", "Alias": "part", "Startup Cost": 0.0, "Total Cost": 61944.0, "Plan Rows": 2000000, "Plan Width": 29}]}]}]}, "Unique SQL Id": 379939634, "Planner Runtime": 0}, "explain_analyze_plan": null}, "(1, 111)": {"explain_plan": {"Plan": {"Node Type": "Aggregate", "Strategy": "Plain", "Startup Cost": 2000815512658.11, "Total Cost": 2000815512658.13, "Plan Rows": 1, "Plan Width": 53, "Plans": [{"Node Type": "Hash Join", "Parent Relationship": "Outer", "Join Type": "Inner", "Startup Cost": 1010010105325.0, "Total Cost": 2000815500059.81, "Plan Rows": 719903, "Plan Width": 37, "Inner Unique": true, "Hash Cond": "(lineitem.l_partkey = part.p_partkey), (LLVM Optimized)", "Plans": [{"Node Type": "Index Scan", "Parent Relationship": "Outer", "Scan Direction": "Forward", "Index Name": "idx_lineitem_part_supp", "Relation Name": "lineitem", "Alias": "lineitem", "Startup Cost": 10000000000.0, "Total Cost": 1000805384836.14, "Plan Rows": 719903, "Plan Width": 24, "Filter": "((l_shipdate >= '1996-12-01 00:00:00'::timestamp(0) without time zone) AND (l_shipdate < '1997-01-01 00:00:00'::timestamp without time zone)), (LLVM Optimized)"}, {"Node Type": "Hash", "Parent Relationship": "Inner", "Startup Cost": 1000010080325.0, "Total Cost": 1000010080325.0, "Plan Rows": 2000000, "Plan Width": 29, "Plans": [{"Node Type": "Index Scan", "Parent Relationship": "Outer", "Scan Direction": "Forward", "Index Name": "part_kpey", "Relation Name": "part", "Alias": "part", "Startup Cost": 10000000000.0, "Total Cost": 1000010080325.0, "Plan Rows": 2000000, "Plan Width": 29}]}]}]}, "Unique SQL Id": 379939634, "Planner Runtime": 0}, "explain_analyze_plan": null}, "(1, 112)": {"explain_plan": {"Plan": {"Node Type": "Aggregate", "Strategy": "Plain", "Startup Cost": 1645803.46, "Total Cost": 1645803.47, "Plan Rows": 1, "Plan Width": 53, "Plans": [{"Node Type": "Nested Loop", "Parent Relationship": "Outer", "Join Type": "Inner", "Startup Cost": 24943.26, "Total Cost": 1633205.16, "Plan Rows": 719903, "Plan Width": 37, "Inner Unique": true, "Plans": [{"Node Type": "Bitmap Heap Scan", "Parent Relationship": "Outer", "Relation Name": "lineitem", "Alias": "lineitem", "Startup Cost": 24943.26, "Total Cost": 1235000.32, "Plan Rows": 719903, "Plan Width": 24, "Recheck Cond": "((l_shipdate >= '1996-12-01 00:00:00'::timestamp(0) without time zone) AND (l_shipdate < '1997-01-01 00:00:00'::timestamp without time zone)), (LLVM Optimized)", "Plans": [{"Node Type": "Bitmap Index Scan", "Parent Relationship": "Outer", "Index Name": "idx_lineitem_shipdate", "Startup Cost": 0.0, "Total Cost": 24763.28, "Plan Rows": 719903, "Plan Width": 0, "Index Cond": "((l_shipdate >= '1996-12-01 00:00:00'::timestamp(0) without time zone) AND (l_shipdate < '1997-01-01 00:00:00'::timestamp without time zone))"}]}, {"Node Type": "Index Scan", "Parent Relationship": "Inner", "Scan Direction": "Forward", "Index Name": "part_kpey", "Relation Name": "part", "Alias": "part", "Startup Cost": 0.0, "Total Cost": 0.54, "Plan Rows": 1, "Plan Width": 29, "Index Cond": "(p_partkey = lineitem.l_partkey)"}]}]}, "Unique SQL Id": 379939634, "Planner Runtime": 0}, "explain_analyze_plan": {"Plan": {"Node Type": "Aggregate", "Strategy": "Plain", "Startup Cost": 1645803.46, "Total Cost": 1645803.47, "Plan Rows": 1, "Plan Width": 53, "Actual Startup Time": 6890.338, "Actual Total Time": 6890.338, "Actual Rows": 1, "Actual Loops": 1, "Plans": [{"Node Type": "Nested Loop", "Parent Relationship": "Outer", "Join Type": "Inner", "Startup Cost": 24943.26, "Total Cost": 1633205.16, "Plan Rows": 719903, "Plan Width": 37, "Actual Startup Time": 568.692, "Actual Total Time": 6434.886, "Actual Rows": 772803, "Actual Loops": 1, "Inner Unique": true, "Plans": [{"Node Type": "Bitmap Heap Scan", "Parent Relationship": "Outer", "Relation Name": "lineitem", "Alias": "lineitem", "Startup Cost": 24943.26, "Total Cost": 1235000.32, "Plan Rows": 719903, "Plan Width": 24, "Actual Startup Time": 568.647, "Actual Total Time": 1735.764, "Actual Rows": 772803, "Actual Loops": 1, "Recheck Cond": "((l_shipdate >= '1996-12-01 00:00:00'::timestamp(0) without time zone) AND (l_shipdate < '1997-01-01 00:00:00'::timestamp without time zone)), (LLVM Optimized, Jit Execute)", "Rows Removed by Index Recheck": 0, "Exact Heap Blocks": 437909, "Lossy Heap Blocks": 437909, "Plans": [{"Node Type": "Bitmap Index Scan", "Parent Relationship": "Outer", "Index Name": "idx_lineitem_shipdate", "Startup Cost": 0.0, "Total Cost": 24763.28, "Plan Rows": 719903, "Plan Width": 0, "Actual Startup Time": 360.085, "Actual Total Time": 360.085, "Actual Rows": 772803, "Actual Loops": 1, "Index Cond": "((l_shipdate >= '1996-12-01 00:00:00'::timestamp(0) without time zone) AND (l_shipdate < '1997-01-01 00:00:00'::timestamp without time zone))"}]}, {"Node Type": "Index Scan", "Parent Relationship": "Inner", "Scan Direction": "Forward", "Index Name": "part_kpey", "Relation Name": "part", "Alias": "part", "Startup Cost": 0.0, "Total Cost": 0.54, "Plan Rows": 1, "Plan Width": 29, "Actual Startup Time": 4064.912, "Actual Total Time": 4064.912, "Actual Rows": 772803, "Actual Loops": 772803, "Index Cond": "(p_partkey = lineitem.l_partkey)", "Rows Removed by Index Recheck": 0}]}]}, "Triggers": [], "Planner Runtime": 0, "Total Runtime": 6901.78, "Unique SQL Id": 379939634}}, "(1, 113)": {"explain_plan": {"Plan": {"Node Type": "Aggregate", "Strategy": "Plain", "Startup Cost": 1645803.46, "Total Cost": 1645803.47, "Plan Rows": 1, "Plan Width": 53, "Plans": [{"Node Type": "Nested Loop", "Parent Relationship": "Outer", "Join Type": "Inner", "Startup Cost": 24943.26, "Total Cost": 1633205.16, "Plan Rows": 719903, "Plan Width": 37, "Inner Unique": true, "Plans": [{"Node Type": "Bitmap Heap Scan", "Parent Relationship": "Outer", "Relation Name": "lineitem", "Alias": "lineitem", "Startup Cost": 24943.26, "Total Cost": 1235000.32, "Plan Rows": 719903, "Plan Width": 24, "Recheck Cond": "((l_shipdate >= '1996-12-01 00:00:00'::timestamp(0) without time zone) AND (l_shipdate < '1997-01-01 00:00:00'::timestamp without time zone)), (LLVM Optimized)", "Plans": [{"Node Type": "Bitmap Index Scan", "Parent Relationship": "Outer", "Index Name": "idx_lineitem_shipdate", "Startup Cost": 0.0, "Total Cost": 24763.28, "Plan Rows": 719903, "Plan Width": 0, "Index Cond": "((l_shipdate >= '1996-12-01 00:00:00'::timestamp(0) without time zone) AND (l_shipdate < '1997-01-01 00:00:00'::timestamp without time zone))"}]}, {"Node Type": "Index Scan", "Parent Relationship": "Inner", "Scan Direction": "Forward", "Index Name": "part_kpey", "Relation Name": "part", "Alias": "part", "Startup Cost": 0.0, "Total Cost": 0.54, "Plan Rows": 1, "Plan Width": 29, "Index Cond": "(p_partkey = lineitem.l_partkey)"}]}]}, "Unique SQL Id": 379939634, "Planner Runtime": 0}, "explain_analyze_plan": {"Plan": {"Node Type": "Aggregate", "Strategy": "Plain", "Startup Cost": 1645803.46, "Total Cost": 1645803.47, "Plan Rows": 1, "Plan Width": 53, "Actual Startup Time": 6890.338, "Actual Total Time": 6890.338, "Actual Rows": 1, "Actual Loops": 1, "Plans": [{"Node Type": "Nested Loop", "Parent Relationship": "Outer", "Join Type": "Inner", "Startup Cost": 24943.26, "Total Cost": 1633205.16, "Plan Rows": 719903, "Plan Width": 37, "Actual Startup Time": 568.692, "Actual Total Time": 6434.886, "Actual Rows": 772803, "Actual Loops": 1, "Inner Unique": true, "Plans": [{"Node Type": "Bitmap Heap Scan", "Parent Relationship": "Outer", "Relation Name": "lineitem", "Alias": "lineitem", "Startup Cost": 24943.26, "Total Cost": 1235000.32, "Plan Rows": 719903, "Plan Width": 24, "Actual Startup Time": 568.647, "Actual Total Time": 1735.764, "Actual Rows": 772803, "Actual Loops": 1, "Recheck Cond": "((l_shipdate >= '1996-12-01 00:00:00'::timestamp(0) without time zone) AND (l_shipdate < '1997-01-01 00:00:00'::timestamp without time zone)), (LLVM Optimized, Jit Execute)", "Rows Removed by Index Recheck": 0, "Exact Heap Blocks": 437909, "Lossy Heap Blocks": 437909, "Plans": [{"Node Type": "Bitmap Index Scan", "Parent Relationship": "Outer", "Index Name": "idx_lineitem_shipdate", "Startup Cost": 0.0, "Total Cost": 24763.28, "Plan Rows": 719903, "Plan Width": 0, "Actual Startup Time": 360.085, "Actual Total Time": 360.085, "Actual Rows": 772803, "Actual Loops": 1, "Index Cond": "((l_shipdate >= '1996-12-01 00:00:00'::timestamp(0) without time zone) AND (l_shipdate < '1997-01-01 00:00:00'::timestamp without time zone))"}]}, {"Node Type": "Index Scan", "Parent Relationship": "Inner", "Scan Direction": "Forward", "Index Name": "part_kpey", "Relation Name": "part", "Alias": "part", "Startup Cost": 0.0, "Total Cost": 0.54, "Plan Rows": 1, "Plan Width": 29, "Actual Startup Time": 4064.912, "Actual Total Time": 4064.912, "Actual Rows": 772803, "Actual Loops": 772803, "Index Cond": "(p_partkey = lineitem.l_partkey)", "Rows Removed by Index Recheck": 0}]}]}, "Triggers": [], "Planner Runtime": 0, "Total Runtime": 6901.78, "Unique SQL Id": 379939634}}, "(1, 114)": {"explain_plan": {"Plan": {"Node Type": "Aggregate", "Strategy": "Plain", "Startup Cost": 4357819.44, "Total Cost": 4357819.45, "Plan Rows": 1, "Plan Width": 53, "Plans": [{"Node Type": "Nested Loop", "Parent Relationship": "Outer", "Join Type": "Inner", "Startup Cost": 24943.55, "Total Cost": 4345221.13, "Plan Rows": 719903, "Plan Width": 37, "Inner Unique": true, "Plans": [{"Node Type": "Bitmap Heap Scan", "Parent Relationship": "Outer", "Relation Name": "lineitem", "Alias": "lineitem", "Startup Cost": 24943.26, "Total Cost": 1235000.32, "Plan Rows": 719903, "Plan Width": 24, "Recheck Cond": "((l_shipdate >= '1996-12-01 00:00:00'::timestamp(0) without time zone) AND (l_shipdate < '1997-01-01 00:00:00'::timestamp without time zone)), (LLVM Optimized)", "Plans": [{"Node Type": "Bitmap Index Scan", "Parent Relationship": "Outer", "Index Name": "idx_lineitem_shipdate", "Startup Cost": 0.0, "Total Cost": 24763.28, "Plan Rows": 719903, "Plan Width": 0, "Index Cond": "((l_shipdate >= '1996-12-01 00:00:00'::timestamp(0) without time zone) AND (l_shipdate < '1997-01-01 00:00:00'::timestamp without time zone))"}]}, {"Node Type": "Bitmap Heap Scan", "Parent Relationship": "Inner", "Relation Name": "part", "Alias": "part", "Startup Cost": 0.3, "Total Cost": 4.31, "Plan Rows": 1, "Plan Width": 29, "Recheck Cond": "(p_partkey = lineitem.l_partkey)", "Plans": [{"Node Type": "Bitmap Index Scan", "Parent Relationship": "Outer", "Index Name": "part_kpey", "Startup Cost": 0.0, "Total Cost": 0.3, "Plan Rows": 1, "Plan Width": 0, "Index Cond": "(p_partkey = lineitem.l_partkey)"}]}]}]}, "Unique SQL Id": 379939634, "Planner Runtime": 0}, "explain_analyze_plan": {"Plan": {"Node Type": "Aggregate", "Strategy": "Plain", "Startup Cost": 4357819.44, "Total Cost": 4357819.45, "Plan Rows": 1, "Plan Width": 53, "Actual Startup Time": 8304.191, "Actual Total Time": 8304.192, "Actual Rows": 1, "Actual Loops": 1, "Plans": [{"Node Type": "Nested Loop", "Parent Relationship": "Outer", "Join Type": "Inner", "Startup Cost": 24943.55, "Total Cost": 4345221.13, "Plan Rows": 719903, "Plan Width": 37, "Actual Startup Time": 424.918, "Actual Total Time": 7787.203, "Actual Rows": 772803, "Actual Loops": 1, "Inner Unique": true, "Plans": [{"Node Type": "Bitmap Heap Scan", "Parent Relationship": "Outer", "Relation Name": "lineitem", "Alias": "lineitem", "Startup Cost": 24943.26, "Total Cost": 1235000.32, "Plan Rows": 719903, "Plan Width": 24, "Actual Startup Time": 424.737, "Actual Total Time": 1608.02, "Actual Rows": 772803, "Actual Loops": 1, "Recheck Cond": "((l_shipdate >= '1996-12-01 00:00:00'::timestamp(0) without time zone) AND (l_shipdate < '1997-01-01 00:00:00'::timestamp without time zone)), (LLVM Optimized, Jit Execute)", "Rows Removed by Index Recheck": 0, "Exact Heap Blocks": 437909, "Lossy Heap Blocks": 437909, "Plans": [{"Node Type": "Bitmap Index Scan", "Parent Relationship": "Outer", "Index Name": "idx_lineitem_shipdate", "Startup Cost": 0.0, "Total Cost": 24763.28, "Plan Rows": 719903, "Plan Width": 0, "Actual Startup Time": 257.536, "Actual Total Time": 257.536, "Actual Rows": 772803, "Actual Loops": 1, "Index Cond": "((l_shipdate >= '1996-12-01 00:00:00'::timestamp(0) without time zone) AND (l_shipdate < '1997-01-01 00:00:00'::timestamp without time zone))"}]}, {"Node Type": "Bitmap Heap Scan", "Parent Relationship": "Inner", "Relation Name": "part", "Alias": "part", "Startup Cost": 0.3, "Total Cost": 4.31, "Plan Rows": 1, "Plan Width": 29, "Actual Startup Time": 5111.348, "Actual Total Time": 5111.348, "Actual Rows": 772803, "Actual Loops": 772803, "Recheck Cond": "(p_partkey = lineitem.l_partkey)", "Rows Removed by Index Recheck": 0, "Exact Heap Blocks": 772803, "Lossy Heap Blocks": 772803, "Plans": [{"Node Type": "Bitmap Index Scan", "Parent Relationship": "Outer", "Index Name": "part_kpey", "Startup Cost": 0.0, "Total Cost": 0.3, "Plan Rows": 1, "Plan Width": 0, "Actual Startup Time": 3133.071, "Actual Total Time": 3133.071, "Actual Rows": 772803, "Actual Loops": 772803, "Index Cond": "(p_partkey = lineitem.l_partkey)"}]}]}]}, "Triggers": [], "Planner Runtime": 0, "Total Runtime": 8315.455, "Unique SQL Id": 379939634}}, "(1, 115)": {"explain_plan": {"Plan": {"Node Type": "Aggregate", "Strategy": "Plain", "Startup Cost": 4357819.44, "Total Cost": 4357819.45, "Plan Rows": 1, "Plan Width": 53, "Plans": [{"Node Type": "Nested Loop", "Parent Relationship": "Outer", "Join Type": "Inner", "Startup Cost": 24943.55, "Total Cost": 4345221.13, "Plan Rows": 719903, "Plan Width": 37, "Inner Unique": true, "Plans": [{"Node Type": "Bitmap Heap Scan", "Parent Relationship": "Outer", "Relation Name": "lineitem", "Alias": "lineitem", "Startup Cost": 24943.26, "Total Cost": 1235000.32, "Plan Rows": 719903, "Plan Width": 24, "Recheck Cond": "((l_shipdate >= '1996-12-01 00:00:00'::timestamp(0) without time zone) AND (l_shipdate < '1997-01-01 00:00:00'::timestamp without time zone)), (LLVM Optimized)", "Plans": [{"Node Type": "Bitmap Index Scan", "Parent Relationship": "Outer", "Index Name": "idx_lineitem_shipdate", "Startup Cost": 0.0, "Total Cost": 24763.28, "Plan Rows": 719903, "Plan Width": 0, "Index Cond": "((l_shipdate >= '1996-12-01 00:00:00'::timestamp(0) without time zone) AND (l_shipdate < '1997-01-01 00:00:00'::timestamp without time zone))"}]}, {"Node Type": "Bitmap Heap Scan", "Parent Relationship": "Inner", "Relation Name": "part", "Alias": "part", "Startup Cost": 0.3, "Total Cost": 4.31, "Plan Rows": 1, "Plan Width": 29, "Recheck Cond": "(p_partkey = lineitem.l_partkey)", "Plans": [{"Node Type": "Bitmap Index Scan", "Parent Relationship": "Outer", "Index Name": "part_kpey", "Startup Cost": 0.0, "Total Cost": 0.3, "Plan Rows": 1, "Plan Width": 0, "Index Cond": "(p_partkey = lineitem.l_partkey)"}]}]}]}, "Unique SQL Id": 379939634, "Planner Runtime": 0}, "explain_analyze_plan": {"Plan": {"Node Type": "Aggregate", "Strategy": "Plain", "Startup Cost": 4357819.44, "Total Cost": 4357819.45, "Plan Rows": 1, "Plan Width": 53, "Actual Startup Time": 8304.191, "Actual Total Time": 8304.192, "Actual Rows": 1, "Actual Loops": 1, "Plans": [{"Node Type": "Nested Loop", "Parent Relationship": "Outer", "Join Type": "Inner", "Startup Cost": 24943.55, "Total Cost": 4345221.13, "Plan Rows": 719903, "Plan Width": 37, "Actual Startup Time": 424.918, "Actual Total Time": 7787.203, "Actual Rows": 772803, "Actual Loops": 1, "Inner Unique": true, "Plans": [{"Node Type": "Bitmap Heap Scan", "Parent Relationship": "Outer", "Relation Name": "lineitem", "Alias": "lineitem", "Startup Cost": 24943.26, "Total Cost": 1235000.32, "Plan Rows": 719903, "Plan Width": 24, "Actual Startup Time": 424.737, "Actual Total Time": 1608.02, "Actual Rows": 772803, "Actual Loops": 1, "Recheck Cond": "((l_shipdate >= '1996-12-01 00:00:00'::timestamp(0) without time zone) AND (l_shipdate < '1997-01-01 00:00:00'::timestamp without time zone)), (LLVM Optimized, Jit Execute)", "Rows Removed by Index Recheck": 0, "Exact Heap Blocks": 437909, "Lossy Heap Blocks": 437909, "Plans": [{"Node Type": "Bitmap Index Scan", "Parent Relationship": "Outer", "Index Name": "idx_lineitem_shipdate", "Startup Cost": 0.0, "Total Cost": 24763.28, "Plan Rows": 719903, "Plan Width": 0, "Actual Startup Time": 257.536, "Actual Total Time": 257.536, "Actual Rows": 772803, "Actual Loops": 1, "Index Cond": "((l_shipdate >= '1996-12-01 00:00:00'::timestamp(0) without time zone) AND (l_shipdate < '1997-01-01 00:00:00'::timestamp without time zone))"}]}, {"Node Type": "Bitmap Heap Scan", "Parent Relationship": "Inner", "Relation Name": "part", "Alias": "part", "Startup Cost": 0.3, "Total Cost": 4.31, "Plan Rows": 1, "Plan Width": 29, "Actual Startup Time": 5111.348, "Actual Total Time": 5111.348, "Actual Rows": 772803, "Actual Loops": 772803, "Recheck Cond": "(p_partkey = lineitem.l_partkey)", "Rows Removed by Index Recheck": 0, "Exact Heap Blocks": 772803, "Lossy Heap Blocks": 772803, "Plans": [{"Node Type": "Bitmap Index Scan", "Parent Relationship": "Outer", "Index Name": "part_kpey", "Startup Cost": 0.0, "Total Cost": 0.3, "Plan Rows": 1, "Plan Width": 0, "Actual Startup Time": 3133.071, "Actual Total Time": 3133.071, "Actual Rows": 772803, "Actual Loops": 772803, "Index Cond": "(p_partkey = lineitem.l_partkey)"}]}]}]}, "Triggers": [], "Planner Runtime": 0, "Total Runtime": 8315.455, "Unique SQL Id": 379939634}}, "(1, 116)": {"explain_plan": {"Plan": {"Node Type": "Aggregate", "Strategy": "Plain", "Startup Cost": 1645803.46, "Total Cost": 1645803.47, "Plan Rows": 1, "Plan Width": 53, "Plans": [{"Node Type": "Nested Loop", "Parent Relationship": "Outer", "Join Type": "Inner", "Startup Cost": 24943.26, "Total Cost": 1633205.16, "Plan Rows": 719903, "Plan Width": 37, "Inner Unique": true, "Plans": [{"Node Type": "Bitmap Heap Scan", "Parent Relationship": "Outer", "Relation Name": "lineitem", "Alias": "lineitem", "Startup Cost": 24943.26, "Total Cost": 1235000.32, "Plan Rows": 719903, "Plan Width": 24, "Recheck Cond": "((l_shipdate >= '1996-12-01 00:00:00'::timestamp(0) without time zone) AND (l_shipdate < '1997-01-01 00:00:00'::timestamp without time zone)), (LLVM Optimized)", "Plans": [{"Node Type": "Bitmap Index Scan", "Parent Relationship": "Outer", "Index Name": "idx_lineitem_shipdate", "Startup Cost": 0.0, "Total Cost": 24763.28, "Plan Rows": 719903, "Plan Width": 0, "Index Cond": "((l_shipdate >= '1996-12-01 00:00:00'::timestamp(0) without time zone) AND (l_shipdate < '1997-01-01 00:00:00'::timestamp without time zone))"}]}, {"Node Type": "Index Scan", "Parent Relationship": "Inner", "Scan Direction": "Forward", "Index Name": "part_kpey", "Relation Name": "part", "Alias": "part", "Startup Cost": 0.0, "Total Cost": 0.54, "Plan Rows": 1, "Plan Width": 29, "Index Cond": "(p_partkey = lineitem.l_partkey)"}]}]}, "Unique SQL Id": 379939634, "Planner Runtime": 0}, "explain_analyze_plan": {"Plan": {"Node Type": "Aggregate", "Strategy": "Plain", "Startup Cost": 1645803.46, "Total Cost": 1645803.47, "Plan Rows": 1, "Plan Width": 53, "Actual Startup Time": 6890.338, "Actual Total Time": 6890.338, "Actual Rows": 1, "Actual Loops": 1, "Plans": [{"Node Type": "Nested Loop", "Parent Relationship": "Outer", "Join Type": "Inner", "Startup Cost": 24943.26, "Total Cost": 1633205.16, "Plan Rows": 719903, "Plan Width": 37, "Actual Startup Time": 568.692, "Actual Total Time": 6434.886, "Actual Rows": 772803, "Actual Loops": 1, "Inner Unique": true, "Plans": [{"Node Type": "Bitmap Heap Scan", "Parent Relationship": "Outer", "Relation Name": "lineitem", "Alias": "lineitem", "Startup Cost": 24943.26, "Total Cost": 1235000.32, "Plan Rows": 719903, "Plan Width": 24, "Actual Startup Time": 568.647, "Actual Total Time": 1735.764, "Actual Rows": 772803, "Actual Loops": 1, "Recheck Cond": "((l_shipdate >= '1996-12-01 00:00:00'::timestamp(0) without time zone) AND (l_shipdate < '1997-01-01 00:00:00'::timestamp without time zone)), (LLVM Optimized, Jit Execute)", "Rows Removed by Index Recheck": 0, "Exact Heap Blocks": 437909, "Lossy Heap Blocks": 437909, "Plans": [{"Node Type": "Bitmap Index Scan", "Parent Relationship": "Outer", "Index Name": "idx_lineitem_shipdate", "Startup Cost": 0.0, "Total Cost": 24763.28, "Plan Rows": 719903, "Plan Width": 0, "Actual Startup Time": 360.085, "Actual Total Time": 360.085, "Actual Rows": 772803, "Actual Loops": 1, "Index Cond": "((l_shipdate >= '1996-12-01 00:00:00'::timestamp(0) without time zone) AND (l_shipdate < '1997-01-01 00:00:00'::timestamp without time zone))"}]}, {"Node Type": "Index Scan", "Parent Relationship": "Inner", "Scan Direction": "Forward", "Index Name": "part_kpey", "Relation Name": "part", "Alias": "part", "Startup Cost": 0.0, "Total Cost": 0.54, "Plan Rows": 1, "Plan Width": 29, "Actual Startup Time": 4064.912, "Actual Total Time": 4064.912, "Actual Rows": 772803, "Actual Loops": 772803, "Index Cond": "(p_partkey = lineitem.l_partkey)", "Rows Removed by Index Recheck": 0}]}]}, "Triggers": [], "Planner Runtime": 0, "Total Runtime": 6901.78, "Unique SQL Id": 379939634}}, "(1, 117)": {"explain_plan": {"Plan": {"Node Type": "Aggregate", "Strategy": "Plain", "Startup Cost": 1645803.46, "Total Cost": 1645803.47, "Plan Rows": 1, "Plan Width": 53, "Plans": [{"Node Type": "Nested Loop", "Parent Relationship": "Outer", "Join Type": "Inner", "Startup Cost": 24943.26, "Total Cost": 1633205.16, "Plan Rows": 719903, "Plan Width": 37, "Inner Unique": true, "Plans": [{"Node Type": "Bitmap Heap Scan", "Parent Relationship": "Outer", "Relation Name": "lineitem", "Alias": "lineitem", "Startup Cost": 24943.26, "Total Cost": 1235000.32, "Plan Rows": 719903, "Plan Width": 24, "Recheck Cond": "((l_shipdate >= '1996-12-01 00:00:00'::timestamp(0) without time zone) AND (l_shipdate < '1997-01-01 00:00:00'::timestamp without time zone)), (LLVM Optimized)", "Plans": [{"Node Type": "Bitmap Index Scan", "Parent Relationship": "Outer", "Index Name": "idx_lineitem_shipdate", "Startup Cost": 0.0, "Total Cost": 24763.28, "Plan Rows": 719903, "Plan Width": 0, "Index Cond": "((l_shipdate >= '1996-12-01 00:00:00'::timestamp(0) without time zone) AND (l_shipdate < '1997-01-01 00:00:00'::timestamp without time zone))"}]}, {"Node Type": "Index Scan", "Parent Relationship": "Inner", "Scan Direction": "Forward", "Index Name": "part_kpey", "Relation Name": "part", "Alias": "part", "Startup Cost": 0.0, "Total Cost": 0.54, "Plan Rows": 1, "Plan Width": 29, "Index Cond": "(p_partkey = lineitem.l_partkey)"}]}]}, "Unique SQL Id": 379939634, "Planner Runtime": 0}, "explain_analyze_plan": {"Plan": {"Node Type": "Aggregate", "Strategy": "Plain", "Startup Cost": 1645803.46, "Total Cost": 1645803.47, "Plan Rows": 1, "Plan Width": 53, "Actual Startup Time": 6890.338, "Actual Total Time": 6890.338, "Actual Rows": 1, "Actual Loops": 1, "Plans": [{"Node Type": "Nested Loop", "Parent Relationship": "Outer", "Join Type": "Inner", "Startup Cost": 24943.26, "Total Cost": 1633205.16, "Plan Rows": 719903, "Plan Width": 37, "Actual Startup Time": 568.692, "Actual Total Time": 6434.886, "Actual Rows": 772803, "Actual Loops": 1, "Inner Unique": true, "Plans": [{"Node Type": "Bitmap Heap Scan", "Parent Relationship": "Outer", "Relation Name": "lineitem", "Alias": "lineitem", "Startup Cost": 24943.26, "Total Cost": 1235000.32, "Plan Rows": 719903, "Plan Width": 24, "Actual Startup Time": 568.647, "Actual Total Time": 1735.764, "Actual Rows": 772803, "Actual Loops": 1, "Recheck Cond": "((l_shipdate >= '1996-12-01 00:00:00'::timestamp(0) without time zone) AND (l_shipdate < '1997-01-01 00:00:00'::timestamp without time zone)), (LLVM Optimized, Jit Execute)", "Rows Removed by Index Recheck": 0, "Exact Heap Blocks": 437909, "Lossy Heap Blocks": 437909, "Plans": [{"Node Type": "Bitmap Index Scan", "Parent Relationship": "Outer", "Index Name": "idx_lineitem_shipdate", "Startup Cost": 0.0, "Total Cost": 24763.28, "Plan Rows": 719903, "Plan Width": 0, "Actual Startup Time": 360.085, "Actual Total Time": 360.085, "Actual Rows": 772803, "Actual Loops": 1, "Index Cond": "((l_shipdate >= '1996-12-01 00:00:00'::timestamp(0) without time zone) AND (l_shipdate < '1997-01-01 00:00:00'::timestamp without time zone))"}]}, {"Node Type": "Index Scan", "Parent Relationship": "Inner", "Scan Direction": "Forward", "Index Name": "part_kpey", "Relation Name": "part", "Alias": "part", "Startup Cost": 0.0, "Total Cost": 0.54, "Plan Rows": 1, "Plan Width": 29, "Actual Startup Time": 4064.912, "Actual Total Time": 4064.912, "Actual Rows": 772803, "Actual Loops": 772803, "Index Cond": "(p_partkey = lineitem.l_partkey)", "Rows Removed by Index Recheck": 0}]}]}, "Triggers": [], "Planner Runtime": 0, "Total Runtime": 6901.78, "Unique SQL Id": 379939634}}, "(1, 118)": {"explain_plan": {"Plan": {"Node Type": "Aggregate", "Strategy": "Plain", "Startup Cost": 4357819.44, "Total Cost": 4357819.45, "Plan Rows": 1, "Plan Width": 53, "Plans": [{"Node Type": "Nested Loop", "Parent Relationship": "Outer", "Join Type": "Inner", "Startup Cost": 24943.55, "Total Cost": 4345221.13, "Plan Rows": 719903, "Plan Width": 37, "Inner Unique": true, "Plans": [{"Node Type": "Bitmap Heap Scan", "Parent Relationship": "Outer", "Relation Name": "lineitem", "Alias": "lineitem", "Startup Cost": 24943.26, "Total Cost": 1235000.32, "Plan Rows": 719903, "Plan Width": 24, "Recheck Cond": "((l_shipdate >= '1996-12-01 00:00:00'::timestamp(0) without time zone) AND (l_shipdate < '1997-01-01 00:00:00'::timestamp without time zone)), (LLVM Optimized)", "Plans": [{"Node Type": "Bitmap Index Scan", "Parent Relationship": "Outer", "Index Name": "idx_lineitem_shipdate", "Startup Cost": 0.0, "Total Cost": 24763.28, "Plan Rows": 719903, "Plan Width": 0, "Index Cond": "((l_shipdate >= '1996-12-01 00:00:00'::timestamp(0) without time zone) AND (l_shipdate < '1997-01-01 00:00:00'::timestamp without time zone))"}]}, {"Node Type": "Bitmap Heap Scan", "Parent Relationship": "Inner", "Relation Name": "part", "Alias": "part", "Startup Cost": 0.3, "Total Cost": 4.31, "Plan Rows": 1, "Plan Width": 29, "Recheck Cond": "(p_partkey = lineitem.l_partkey)", "Plans": [{"Node Type": "Bitmap Index Scan", "Parent Relationship": "Outer", "Index Name": "part_kpey", "Startup Cost": 0.0, "Total Cost": 0.3, "Plan Rows": 1, "Plan Width": 0, "Index Cond": "(p_partkey = lineitem.l_partkey)"}]}]}]}, "Unique SQL Id": 379939634, "Planner Runtime": 0}, "explain_analyze_plan": {"Plan": {"Node Type": "Aggregate", "Strategy": "Plain", "Startup Cost": 4357819.44, "Total Cost": 4357819.45, "Plan Rows": 1, "Plan Width": 53, "Actual Startup Time": 8304.191, "Actual Total Time": 8304.192, "Actual Rows": 1, "Actual Loops": 1, "Plans": [{"Node Type": "Nested Loop", "Parent Relationship": "Outer", "Join Type": "Inner", "Startup Cost": 24943.55, "Total Cost": 4345221.13, "Plan Rows": 719903, "Plan Width": 37, "Actual Startup Time": 424.918, "Actual Total Time": 7787.203, "Actual Rows": 772803, "Actual Loops": 1, "Inner Unique": true, "Plans": [{"Node Type": "Bitmap Heap Scan", "Parent Relationship": "Outer", "Relation Name": "lineitem", "Alias": "lineitem", "Startup Cost": 24943.26, "Total Cost": 1235000.32, "Plan Rows": 719903, "Plan Width": 24, "Actual Startup Time": 424.737, "Actual Total Time": 1608.02, "Actual Rows": 772803, "Actual Loops": 1, "Recheck Cond": "((l_shipdate >= '1996-12-01 00:00:00'::timestamp(0) without time zone) AND (l_shipdate < '1997-01-01 00:00:00'::timestamp without time zone)), (LLVM Optimized, Jit Execute)", "Rows Removed by Index Recheck": 0, "Exact Heap Blocks": 437909, "Lossy Heap Blocks": 437909, "Plans": [{"Node Type": "Bitmap Index Scan", "Parent Relationship": "Outer", "Index Name": "idx_lineitem_shipdate", "Startup Cost": 0.0, "Total Cost": 24763.28, "Plan Rows": 719903, "Plan Width": 0, "Actual Startup Time": 257.536, "Actual Total Time": 257.536, "Actual Rows": 772803, "Actual Loops": 1, "Index Cond": "((l_shipdate >= '1996-12-01 00:00:00'::timestamp(0) without time zone) AND (l_shipdate < '1997-01-01 00:00:00'::timestamp without time zone))"}]}, {"Node Type": "Bitmap Heap Scan", "Parent Relationship": "Inner", "Relation Name": "part", "Alias": "part", "Startup Cost": 0.3, "Total Cost": 4.31, "Plan Rows": 1, "Plan Width": 29, "Actual Startup Time": 5111.348, "Actual Total Time": 5111.348, "Actual Rows": 772803, "Actual Loops": 772803, "Recheck Cond": "(p_partkey = lineitem.l_partkey)", "Rows Removed by Index Recheck": 0, "Exact Heap Blocks": 772803, "Lossy Heap Blocks": 772803, "Plans": [{"Node Type": "Bitmap Index Scan", "Parent Relationship": "Outer", "Index Name": "part_kpey", "Startup Cost": 0.0, "Total Cost": 0.3, "Plan Rows": 1, "Plan Width": 0, "Actual Startup Time": 3133.071, "Actual Total Time": 3133.071, "Actual Rows": 772803, "Actual Loops": 772803, "Index Cond": "(p_partkey = lineitem.l_partkey)"}]}]}]}, "Triggers": [], "Planner Runtime": 0, "Total Runtime": 8315.455, "Unique SQL Id": 379939634}}, "(1, 119)": {"explain_plan": {"Plan": {"Node Type": "Aggregate", "Strategy": "Plain", "Startup Cost": 4357819.44, "Total Cost": 4357819.45, "Plan Rows": 1, "Plan Width": 53, "Plans": [{"Node Type": "Nested Loop", "Parent Relationship": "Outer", "Join Type": "Inner", "Startup Cost": 24943.55, "Total Cost": 4345221.13, "Plan Rows": 719903, "Plan Width": 37, "Inner Unique": true, "Plans": [{"Node Type": "Bitmap Heap Scan", "Parent Relationship": "Outer", "Relation Name": "lineitem", "Alias": "lineitem", "Startup Cost": 24943.26, "Total Cost": 1235000.32, "Plan Rows": 719903, "Plan Width": 24, "Recheck Cond": "((l_shipdate >= '1996-12-01 00:00:00'::timestamp(0) without time zone) AND (l_shipdate < '1997-01-01 00:00:00'::timestamp without time zone)), (LLVM Optimized)", "Plans": [{"Node Type": "Bitmap Index Scan", "Parent Relationship": "Outer", "Index Name": "idx_lineitem_shipdate", "Startup Cost": 0.0, "Total Cost": 24763.28, "Plan Rows": 719903, "Plan Width": 0, "Index Cond": "((l_shipdate >= '1996-12-01 00:00:00'::timestamp(0) without time zone) AND (l_shipdate < '1997-01-01 00:00:00'::timestamp without time zone))"}]}, {"Node Type": "Bitmap Heap Scan", "Parent Relationship": "Inner", "Relation Name": "part", "Alias": "part", "Startup Cost": 0.3, "Total Cost": 4.31, "Plan Rows": 1, "Plan Width": 29, "Recheck Cond": "(p_partkey = lineitem.l_partkey)", "Plans": [{"Node Type": "Bitmap Index Scan", "Parent Relationship": "Outer", "Index Name": "part_kpey", "Startup Cost": 0.0, "Total Cost": 0.3, "Plan Rows": 1, "Plan Width": 0, "Index Cond": "(p_partkey = lineitem.l_partkey)"}]}]}]}, "Unique SQL Id": 379939634, "Planner Runtime": 0}, "explain_analyze_plan": {"Plan": {"Node Type": "Aggregate", "Strategy": "Plain", "Startup Cost": 4357819.44, "Total Cost": 4357819.45, "Plan Rows": 1, "Plan Width": 53, "Actual Startup Time": 8304.191, "Actual Total Time": 8304.192, "Actual Rows": 1, "Actual Loops": 1, "Plans": [{"Node Type": "Nested Loop", "Parent Relationship": "Outer", "Join Type": "Inner", "Startup Cost": 24943.55, "Total Cost": 4345221.13, "Plan Rows": 719903, "Plan Width": 37, "Actual Startup Time": 424.918, "Actual Total Time": 7787.203, "Actual Rows": 772803, "Actual Loops": 1, "Inner Unique": true, "Plans": [{"Node Type": "Bitmap Heap Scan", "Parent Relationship": "Outer", "Relation Name": "lineitem", "Alias": "lineitem", "Startup Cost": 24943.26, "Total Cost": 1235000.32, "Plan Rows": 719903, "Plan Width": 24, "Actual Startup Time": 424.737, "Actual Total Time": 1608.02, "Actual Rows": 772803, "Actual Loops": 1, "Recheck Cond": "((l_shipdate >= '1996-12-01 00:00:00'::timestamp(0) without time zone) AND (l_shipdate < '1997-01-01 00:00:00'::timestamp without time zone)), (LLVM Optimized, Jit Execute)", "Rows Removed by Index Recheck": 0, "Exact Heap Blocks": 437909, "Lossy Heap Blocks": 437909, "Plans": [{"Node Type": "Bitmap Index Scan", "Parent Relationship": "Outer", "Index Name": "idx_lineitem_shipdate", "Startup Cost": 0.0, "Total Cost": 24763.28, "Plan Rows": 719903, "Plan Width": 0, "Actual Startup Time": 257.536, "Actual Total Time": 257.536, "Actual Rows": 772803, "Actual Loops": 1, "Index Cond": "((l_shipdate >= '1996-12-01 00:00:00'::timestamp(0) without time zone) AND (l_shipdate < '1997-01-01 00:00:00'::timestamp without time zone))"}]}, {"Node Type": "Bitmap Heap Scan", "Parent Relationship": "Inner", "Relation Name": "part", "Alias": "part", "Startup Cost": 0.3, "Total Cost": 4.31, "Plan Rows": 1, "Plan Width": 29, "Actual Startup Time": 5111.348, "Actual Total Time": 5111.348, "Actual Rows": 772803, "Actual Loops": 772803, "Recheck Cond": "(p_partkey = lineitem.l_partkey)", "Rows Removed by Index Recheck": 0, "Exact Heap Blocks": 772803, "Lossy Heap Blocks": 772803, "Plans": [{"Node Type": "Bitmap Index Scan", "Parent Relationship": "Outer", "Index Name": "part_kpey", "Startup Cost": 0.0, "Total Cost": 0.3, "Plan Rows": 1, "Plan Width": 0, "Actual Startup Time": 3133.071, "Actual Total Time": 3133.071, "Actual Rows": 772803, "Actual Loops": 772803, "Index Cond": "(p_partkey = lineitem.l_partkey)"}]}]}]}, "Triggers": [], "Planner Runtime": 0, "Total Runtime": 8315.455, "Unique SQL Id": 379939634}}, "(1, 120)": {"explain_plan": {"Plan": {"Node Type": "Aggregate", "Strategy": "Plain", "Startup Cost": 2738489.45, "Total Cost": 2738489.46, "Plan Rows": 1, "Plan Width": 53, "Plans": [{"Node Type": "Nested Loop", "Parent Relationship": "Outer", "Join Type": "Inner", "Startup Cost": 0.0, "Total Cost": 2725891.14, "Plan Rows": 719903, "Plan Width": 37, "Inner Unique": true, "Plans": [{"Node Type": "Index Scan", "Parent Relationship": "Outer", "Scan Direction": "Forward", "Index Name": "idx_lineitem_shipdate", "Relation Name": "lineitem", "Alias": "lineitem", "Startup Cost": 0.0, "Total Cost": 2327686.3, "Plan Rows": 719903, "Plan Width": 24, "Index Cond": "((l_shipdate >= '1996-12-01 00:00:00'::timestamp(0) without time zone) AND (l_shipdate < '1997-01-01 00:00:00'::timestamp without time zone)), (LLVM Optimized)"}, {"Node Type": "Index Scan", "Parent Relationship": "Inner", "Scan Direction": "Forward", "Index Name": "part_kpey", "Relation Name": "part", "Alias": "part", "Startup Cost": 0.0, "Total Cost": 0.54, "Plan Rows": 1, "Plan Width": 29, "Index Cond": "(p_partkey = lineitem.l_partkey)"}]}]}, "Unique SQL Id": 379939634, "Planner Runtime": 0}, "explain_analyze_plan": {"Plan": {"Node Type": "Aggregate", "Strategy": "Plain", "Startup Cost": 2738489.45, "Total Cost": 2738489.46, "Plan Rows": 1, "Plan Width": 53, "Actual Startup Time": 7572.399, "Actual Total Time": 7572.399, "Actual Rows": 1, "Actual Loops": 1, "Plans": [{"Node Type": "Nested Loop", "Parent Relationship": "Outer", "Join Type": "Inner", "Startup Cost": 0.0, "Total Cost": 2725891.14, "Plan Rows": 719903, "Plan Width": 37, "Actual Startup Time": 0.067, "Actual Total Time": 7113.976, "Actual Rows": 772803, "Actual Loops": 1, "Inner Unique": true, "Plans": [{"Node Type": "Index Scan", "Parent Relationship": "Outer", "Scan Direction": "Forward", "Index Name": "idx_lineitem_shipdate", "Relation Name": "lineitem", "Alias": "lineitem", "Startup Cost": 0.0, "Total Cost": 2327686.3, "Plan Rows": 719903, "Plan Width": 24, "Actual Startup Time": 0.044, "Actual Total Time": 1959.405, "Actual Rows": 772803, "Actual Loops": 1, "Index Cond": "((l_shipdate >= '1996-12-01 00:00:00'::timestamp(0) without time zone) AND (l_shipdate < '1997-01-01 00:00:00'::timestamp without time zone)), (LLVM Optimized, Jit Execute)", "Rows Removed by Index Recheck": 0}, {"Node Type": "Index Scan", "Parent Relationship": "Inner", "Scan Direction": "Forward", "Index Name": "part_kpey", "Relation Name": "part", "Alias": "part", "Startup Cost": 0.0, "Total Cost": 0.54, "Plan Rows": 1, "Plan Width": 29, "Actual Startup Time": 4517.707, "Actual Total Time": 4517.707, "Actual Rows": 772803, "Actual Loops": 772803, "Index Cond": "(p_partkey = lineitem.l_partkey)", "Rows Removed by Index Recheck": 0}]}]}, "Triggers": [], "Planner Runtime": 0, "Total Runtime": 7582.723, "Unique SQL Id": 379939634}}, "(1, 121)": {"explain_plan": {"Plan": {"Node Type": "Aggregate", "Strategy": "Plain", "Startup Cost": 2738489.45, "Total Cost": 2738489.46, "Plan Rows": 1, "Plan Width": 53, "Plans": [{"Node Type": "Nested Loop", "Parent Relationship": "Outer", "Join Type": "Inner", "Startup Cost": 0.0, "Total Cost": 2725891.14, "Plan Rows": 719903, "Plan Width": 37, "Inner Unique": true, "Plans": [{"Node Type": "Index Scan", "Parent Relationship": "Outer", "Scan Direction": "Forward", "Index Name": "idx_lineitem_shipdate", "Relation Name": "lineitem", "Alias": "lineitem", "Startup Cost": 0.0, "Total Cost": 2327686.3, "Plan Rows": 719903, "Plan Width": 24, "Index Cond": "((l_shipdate >= '1996-12-01 00:00:00'::timestamp(0) without time zone) AND (l_shipdate < '1997-01-01 00:00:00'::timestamp without time zone)), (LLVM Optimized)"}, {"Node Type": "Index Scan", "Parent Relationship": "Inner", "Scan Direction": "Forward", "Index Name": "part_kpey", "Relation Name": "part", "Alias": "part", "Startup Cost": 0.0, "Total Cost": 0.54, "Plan Rows": 1, "Plan Width": 29, "Index Cond": "(p_partkey = lineitem.l_partkey)"}]}]}, "Unique SQL Id": 379939634, "Planner Runtime": 0}, "explain_analyze_plan": {"Plan": {"Node Type": "Aggregate", "Strategy": "Plain", "Startup Cost": 2738489.45, "Total Cost": 2738489.46, "Plan Rows": 1, "Plan Width": 53, "Actual Startup Time": 7572.399, "Actual Total Time": 7572.399, "Actual Rows": 1, "Actual Loops": 1, "Plans": [{"Node Type": "Nested Loop", "Parent Relationship": "Outer", "Join Type": "Inner", "Startup Cost": 0.0, "Total Cost": 2725891.14, "Plan Rows": 719903, "Plan Width": 37, "Actual Startup Time": 0.067, "Actual Total Time": 7113.976, "Actual Rows": 772803, "Actual Loops": 1, "Inner Unique": true, "Plans": [{"Node Type": "Index Scan", "Parent Relationship": "Outer", "Scan Direction": "Forward", "Index Name": "idx_lineitem_shipdate", "Relation Name": "lineitem", "Alias": "lineitem", "Startup Cost": 0.0, "Total Cost": 2327686.3, "Plan Rows": 719903, "Plan Width": 24, "Actual Startup Time": 0.044, "Actual Total Time": 1959.405, "Actual Rows": 772803, "Actual Loops": 1, "Index Cond": "((l_shipdate >= '1996-12-01 00:00:00'::timestamp(0) without time zone) AND (l_shipdate < '1997-01-01 00:00:00'::timestamp without time zone)), (LLVM Optimized, Jit Execute)", "Rows Removed by Index Recheck": 0}, {"Node Type": "Index Scan", "Parent Relationship": "Inner", "Scan Direction": "Forward", "Index Name": "part_kpey", "Relation Name": "part", "Alias": "part", "Startup Cost": 0.0, "Total Cost": 0.54, "Plan Rows": 1, "Plan Width": 29, "Actual Startup Time": 4517.707, "Actual Total Time": 4517.707, "Actual Rows": 772803, "Actual Loops": 772803, "Index Cond": "(p_partkey = lineitem.l_partkey)", "Rows Removed by Index Recheck": 0}]}]}, "Triggers": [], "Planner Runtime": 0, "Total Runtime": 7582.723, "Unique SQL Id": 379939634}}, "(1, 122)": {"explain_plan": {"Plan": {"Node Type": "Aggregate", "Strategy": "Plain", "Startup Cost": 21599481392.56, "Total Cost": 21599481392.57, "Plan Rows": 1, "Plan Width": 53, "Plans": [{"Node Type": "Nested Loop", "Parent Relationship": "Outer", "Join Type": "Inner", "Startup Cost": 44.59, "Total Cost": 21599468794.25, "Plan Rows": 719903, "Plan Width": 37, "Inner Unique": false, "Join Filter": "(lineitem.l_partkey = part.p_partkey), (LLVM Optimized)", "Plans": [{"Node Type": "Seq Scan", "Parent Relationship": "Outer", "Relation Name": "part", "Alias": "part", "Startup Cost": 0.0, "Total Cost": 61944.0, "Plan Rows": 2000000, "Plan Width": 29}, {"Node Type": "Materialize", "Parent Relationship": "Inner", "Startup Cost": 44.59, "Total Cost": 2318650.01, "Plan Rows": 719903, "Plan Width": 24, "Plans": [{"Node Type": "Seq Scan", "Parent Relationship": "Outer", "Relation Name": "lineitem", "Alias": "lineitem", "Startup Cost": 44.59, "Total Cost": 2315050.5, "Plan Rows": 719903, "Plan Width": 24, "Filter": "((l_shipdate >= '1996-12-01 00:00:00'::timestamp(0) without time zone) AND (l_shipdate < '1997-01-01 00:00:00'::timestamp without time zone)), (LLVM Optimized)"}]}]}]}, "Unique SQL Id": 379939634, "Planner Runtime": 0}, "explain_analyze_plan": null}, "(1, 123)": {"explain_plan": {"Plan": {"Node Type": "Aggregate", "Strategy": "Plain", "Startup Cost": 2022412569559.2, "Total Cost": 2022412569559.22, "Plan Rows": 1, "Plan Width": 53, "Plans": [{"Node Type": "Nested Loop", "Parent Relationship": "Outer", "Join Type": "Inner", "Startup Cost": 20000000000.0, "Total Cost": 2022412556960.9, "Plan Rows": 719903, "Plan Width": 37, "Inner Unique": false, "Join Filter": "(lineitem.l_partkey = part.p_partkey), (LLVM Optimized)", "Plans": [{"Node Type": "Index Scan", "Parent Relationship": "Outer", "Scan Direction": "Forward", "Index Name": "part_kpey", "Relation Name": "part", "Alias": "part", "Startup Cost": 10000000000.0, "Total Cost": 1000010080325.0, "Plan Rows": 2000000, "Plan Width": 29}, {"Node Type": "Materialize", "Parent Relationship": "Inner", "Startup Cost": 10000000000.0, "Total Cost": 1000805388435.66, "Plan Rows": 719903, "Plan Width": 24, "Plans": [{"Node Type": "Index Scan", "Parent Relationship": "Outer", "Scan Direction": "Forward", "Index Name": "idx_lineitem_part_supp", "Relation Name": "lineitem", "Alias": "lineitem", "Startup Cost": 10000000000.0, "Total Cost": 1000805384836.14, "Plan Rows": 719903, "Plan Width": 24, "Filter": "((l_shipdate >= '1996-12-01 00:00:00'::timestamp(0) without time zone) AND (l_shipdate < '1997-01-01 00:00:00'::timestamp without time zone)), (LLVM Optimized)"}]}]}]}, "Unique SQL Id": 379939634, "Planner Runtime": 0}, "explain_analyze_plan": null}, "(1, 124)": {"explain_plan": {"Plan": {"Node Type": "Aggregate", "Strategy": "Plain", "Startup Cost": 2738489.45, "Total Cost": 2738489.46, "Plan Rows": 1, "Plan Width": 53, "Plans": [{"Node Type": "Nested Loop", "Parent Relationship": "Outer", "Join Type": "Inner", "Startup Cost": 0.0, "Total Cost": 2725891.14, "Plan Rows": 719903, "Plan Width": 37, "Inner Unique": true, "Plans": [{"Node Type": "Index Scan", "Parent Relationship": "Outer", "Scan Direction": "Forward", "Index Name": "idx_lineitem_shipdate", "Relation Name": "lineitem", "Alias": "lineitem", "Startup Cost": 0.0, "Total Cost": 2327686.3, "Plan Rows": 719903, "Plan Width": 24, "Index Cond": "((l_shipdate >= '1996-12-01 00:00:00'::timestamp(0) without time zone) AND (l_shipdate < '1997-01-01 00:00:00'::timestamp without time zone)), (LLVM Optimized)"}, {"Node Type": "Index Scan", "Parent Relationship": "Inner", "Scan Direction": "Forward", "Index Name": "part_kpey", "Relation Name": "part", "Alias": "part", "Startup Cost": 0.0, "Total Cost": 0.54, "Plan Rows": 1, "Plan Width": 29, "Index Cond": "(p_partkey = lineitem.l_partkey)"}]}]}, "Unique SQL Id": 379939634, "Planner Runtime": 0}, "explain_analyze_plan": {"Plan": {"Node Type": "Aggregate", "Strategy": "Plain", "Startup Cost": 2738489.45, "Total Cost": 2738489.46, "Plan Rows": 1, "Plan Width": 53, "Actual Startup Time": 7572.399, "Actual Total Time": 7572.399, "Actual Rows": 1, "Actual Loops": 1, "Plans": [{"Node Type": "Nested Loop", "Parent Relationship": "Outer", "Join Type": "Inner", "Startup Cost": 0.0, "Total Cost": 2725891.14, "Plan Rows": 719903, "Plan Width": 37, "Actual Startup Time": 0.067, "Actual Total Time": 7113.976, "Actual Rows": 772803, "Actual Loops": 1, "Inner Unique": true, "Plans": [{"Node Type": "Index Scan", "Parent Relationship": "Outer", "Scan Direction": "Forward", "Index Name": "idx_lineitem_shipdate", "Relation Name": "lineitem", "Alias": "lineitem", "Startup Cost": 0.0, "Total Cost": 2327686.3, "Plan Rows": 719903, "Plan Width": 24, "Actual Startup Time": 0.044, "Actual Total Time": 1959.405, "Actual Rows": 772803, "Actual Loops": 1, "Index Cond": "((l_shipdate >= '1996-12-01 00:00:00'::timestamp(0) without time zone) AND (l_shipdate < '1997-01-01 00:00:00'::timestamp without time zone)), (LLVM Optimized, Jit Execute)", "Rows Removed by Index Recheck": 0}, {"Node Type": "Index Scan", "Parent Relationship": "Inner", "Scan Direction": "Forward", "Index Name": "part_kpey", "Relation Name": "part", "Alias": "part", "Startup Cost": 0.0, "Total Cost": 0.54, "Plan Rows": 1, "Plan Width": 29, "Actual Startup Time": 4517.707, "Actual Total Time": 4517.707, "Actual Rows": 772803, "Actual Loops": 772803, "Index Cond": "(p_partkey = lineitem.l_partkey)", "Rows Removed by Index Recheck": 0}]}]}, "Triggers": [], "Planner Runtime": 0, "Total Runtime": 7582.723, "Unique SQL Id": 379939634}}, "(1, 125)": {"explain_plan": {"Plan": {"Node Type": "Aggregate", "Strategy": "Plain", "Startup Cost": 2738489.45, "Total Cost": 2738489.46, "Plan Rows": 1, "Plan Width": 53, "Plans": [{"Node Type": "Nested Loop", "Parent Relationship": "Outer", "Join Type": "Inner", "Startup Cost": 0.0, "Total Cost": 2725891.14, "Plan Rows": 719903, "Plan Width": 37, "Inner Unique": true, "Plans": [{"Node Type": "Index Scan", "Parent Relationship": "Outer", "Scan Direction": "Forward", "Index Name": "idx_lineitem_shipdate", "Relation Name": "lineitem", "Alias": "lineitem", "Startup Cost": 0.0, "Total Cost": 2327686.3, "Plan Rows": 719903, "Plan Width": 24, "Index Cond": "((l_shipdate >= '1996-12-01 00:00:00'::timestamp(0) without time zone) AND (l_shipdate < '1997-01-01 00:00:00'::timestamp without time zone)), (LLVM Optimized)"}, {"Node Type": "Index Scan", "Parent Relationship": "Inner", "Scan Direction": "Forward", "Index Name": "part_kpey", "Relation Name": "part", "Alias": "part", "Startup Cost": 0.0, "Total Cost": 0.54, "Plan Rows": 1, "Plan Width": 29, "Index Cond": "(p_partkey = lineitem.l_partkey)"}]}]}, "Unique SQL Id": 379939634, "Planner Runtime": 0}, "explain_analyze_plan": {"Plan": {"Node Type": "Aggregate", "Strategy": "Plain", "Startup Cost": 2738489.45, "Total Cost": 2738489.46, "Plan Rows": 1, "Plan Width": 53, "Actual Startup Time": 7572.399, "Actual Total Time": 7572.399, "Actual Rows": 1, "Actual Loops": 1, "Plans": [{"Node Type": "Nested Loop", "Parent Relationship": "Outer", "Join Type": "Inner", "Startup Cost": 0.0, "Total Cost": 2725891.14, "Plan Rows": 719903, "Plan Width": 37, "Actual Startup Time": 0.067, "Actual Total Time": 7113.976, "Actual Rows": 772803, "Actual Loops": 1, "Inner Unique": true, "Plans": [{"Node Type": "Index Scan", "Parent Relationship": "Outer", "Scan Direction": "Forward", "Index Name": "idx_lineitem_shipdate", "Relation Name": "lineitem", "Alias": "lineitem", "Startup Cost": 0.0, "Total Cost": 2327686.3, "Plan Rows": 719903, "Plan Width": 24, "Actual Startup Time": 0.044, "Actual Total Time": 1959.405, "Actual Rows": 772803, "Actual Loops": 1, "Index Cond": "((l_shipdate >= '1996-12-01 00:00:00'::timestamp(0) without time zone) AND (l_shipdate < '1997-01-01 00:00:00'::timestamp without time zone)), (LLVM Optimized, Jit Execute)", "Rows Removed by Index Recheck": 0}, {"Node Type": "Index Scan", "Parent Relationship": "Inner", "Scan Direction": "Forward", "Index Name": "part_kpey", "Relation Name": "part", "Alias": "part", "Startup Cost": 0.0, "Total Cost": 0.54, "Plan Rows": 1, "Plan Width": 29, "Actual Startup Time": 4517.707, "Actual Total Time": 4517.707, "Actual Rows": 772803, "Actual Loops": 772803, "Index Cond": "(p_partkey = lineitem.l_partkey)", "Rows Removed by Index Recheck": 0}]}]}, "Triggers": [], "Planner Runtime": 0, "Total Runtime": 7582.723, "Unique SQL Id": 379939634}}, "(1, 126)": {"explain_plan": {"Plan": {"Node Type": "Aggregate", "Strategy": "Plain", "Startup Cost": 21599481392.56, "Total Cost": 21599481392.57, "Plan Rows": 1, "Plan Width": 53, "Plans": [{"Node Type": "Nested Loop", "Parent Relationship": "Outer", "Join Type": "Inner", "Startup Cost": 44.59, "Total Cost": 21599468794.25, "Plan Rows": 719903, "Plan Width": 37, "Inner Unique": false, "Join Filter": "(lineitem.l_partkey = part.p_partkey), (LLVM Optimized)", "Plans": [{"Node Type": "Seq Scan", "Parent Relationship": "Outer", "Relation Name": "part", "Alias": "part", "Startup Cost": 0.0, "Total Cost": 61944.0, "Plan Rows": 2000000, "Plan Width": 29}, {"Node Type": "Materialize", "Parent Relationship": "Inner", "Startup Cost": 44.59, "Total Cost": 2318650.01, "Plan Rows": 719903, "Plan Width": 24, "Plans": [{"Node Type": "Seq Scan", "Parent Relationship": "Outer", "Relation Name": "lineitem", "Alias": "lineitem", "Startup Cost": 44.59, "Total Cost": 2315050.5, "Plan Rows": 719903, "Plan Width": 24, "Filter": "((l_shipdate >= '1996-12-01 00:00:00'::timestamp(0) without time zone) AND (l_shipdate < '1997-01-01 00:00:00'::timestamp without time zone)), (LLVM Optimized)"}]}]}]}, "Unique SQL Id": 379939634, "Planner Runtime": 0}, "explain_analyze_plan": null}, "(1, 127)": {"explain_plan": {"Plan": {"Node Type": "Aggregate", "Strategy": "Plain", "Startup Cost": 2022412569559.2, "Total Cost": 2022412569559.22, "Plan Rows": 1, "Plan Width": 53, "Plans": [{"Node Type": "Nested Loop", "Parent Relationship": "Outer", "Join Type": "Inner", "Startup Cost": 20000000000.0, "Total Cost": 2022412556960.9, "Plan Rows": 719903, "Plan Width": 37, "Inner Unique": false, "Join Filter": "(lineitem.l_partkey = part.p_partkey), (LLVM Optimized)", "Plans": [{"Node Type": "Index Scan", "Parent Relationship": "Outer", "Scan Direction": "Forward", "Index Name": "part_kpey", "Relation Name": "part", "Alias": "part", "Startup Cost": 10000000000.0, "Total Cost": 1000010080325.0, "Plan Rows": 2000000, "Plan Width": 29}, {"Node Type": "Materialize", "Parent Relationship": "Inner", "Startup Cost": 10000000000.0, "Total Cost": 1000805388435.66, "Plan Rows": 719903, "Plan Width": 24, "Plans": [{"Node Type": "Index Scan", "Parent Relationship": "Outer", "Scan Direction": "Forward", "Index Name": "idx_lineitem_part_supp", "Relation Name": "lineitem", "Alias": "lineitem", "Startup Cost": 10000000000.0, "Total Cost": 1000805384836.14, "Plan Rows": 719903, "Plan Width": 24, "Filter": "((l_shipdate >= '1996-12-01 00:00:00'::timestamp(0) without time zone) AND (l_shipdate < '1997-01-01 00:00:00'::timestamp without time zone)), (LLVM Optimized)"}]}]}]}, "Unique SQL Id": 379939634, "Planner Runtime": 0}, "explain_analyze_plan": null}, "(16, 0)": {"explain_plan": {"Plan": {"Node Type": "Aggregate", "Strategy": "Plain", "Startup Cost": 1344441.29, "Total Cost": 1344441.3, "Plan Rows": 1, "Plan Width": 53, "Plans": [{"Node Type": "Hash Join", "Parent Relationship": "Outer", "Join Type": "Inner", "Startup Cost": 111887.26, "Total Cost": 1331842.98, "Plan Rows": 719903, "Plan Width": 37, "Inner Unique": true, "Hash Cond": "(lineitem.l_partkey = part.p_partkey), (LLVM Optimized)", "Plans": [{"Node Type": "Bitmap Heap Scan", "Parent Relationship": "Outer", "Relation Name": "lineitem", "Alias": "lineitem", "Startup Cost": 24943.26, "Total Cost": 1235000.32, "Plan Rows": 719903, "Plan Width": 24, "Recheck Cond": "((l_shipdate >= '1996-12-01 00:00:00'::timestamp(0) without time zone) AND (l_shipdate < '1997-01-01 00:00:00'::timestamp without time zone)), (LLVM Optimized)", "Plans": [{"Node Type": "Bitmap Index Scan", "Parent Relationship": "Outer", "Index Name": "idx_lineitem_shipdate", "Startup Cost": 0.0, "Total Cost": 24763.28, "Plan Rows": 719903, "Plan Width": 0, "Index Cond": "((l_shipdate >= '1996-12-01 00:00:00'::timestamp(0) without time zone) AND (l_shipdate < '1997-01-01 00:00:00'::timestamp without time zone))"}]}, {"Node Type": "Hash", "Parent Relationship": "Inner", "Startup Cost": 61944.0, "Total Cost": 61944.0, "Plan Rows": 2000000, "Plan Width": 29, "Plans": [{"Node Type": "Seq Scan", "Parent Relationship": "Outer", "Relation Name": "part", "Alias": "part", "Startup Cost": 0.0, "Total Cost": 61944.0, "Plan Rows": 2000000, "Plan Width": 29}]}]}]}, "Unique SQL Id": 379939634, "Planner Runtime": 1}, "explain_analyze_plan": {"Plan": {"Node Type": "Aggregate", "Strategy": "Plain", "Startup Cost": 1344441.29, "Total Cost": 1344441.3, "Plan Rows": 1, "Plan Width": 53, "Actual Startup Time": 4189.373, "Actual Total Time": 4189.374, "Actual Rows": 1, "Actual Loops": 1, "Plans": [{"Node Type": "Hash Join", "Parent Relationship": "Outer", "Join Type": "Inner", "Startup Cost": 111887.26, "Total Cost": 1331842.98, "Plan Rows": 719903, "Plan Width": 37, "Actual Startup Time": 1934.822, "Actual Total Time": 3823.274, "Actual Rows": 772803, "Actual Loops": 1, "Inner Unique": true, "Hash Cond": "(lineitem.l_partkey = part.p_partkey), (LLVM Optimized, Jit Execute)", "Plans": [{"Node Type": "Bitmap Heap Scan", "Parent Relationship": "Outer", "Relation Name": "lineitem", "Alias": "lineitem", "Startup Cost": 24943.26, "Total Cost": 1235000.32, "Plan Rows": 719903, "Plan Width": 24, "Actual Startup Time": 451.89, "Actual Total Time": 1765.327, "Actual Rows": 772803, "Actual Loops": 1, "Recheck Cond": "((l_shipdate >= '1996-12-01 00:00:00'::timestamp(0) without time zone) AND (l_shipdate < '1997-01-01 00:00:00'::timestamp without time zone)), (LLVM Optimized, Jit Execute)", "Rows Removed by Index Recheck": 0, "Exact Heap Blocks": 437909, "Lossy Heap Blocks": 437909, "Plans": [{"Node Type": "Bitmap Index Scan", "Parent Relationship": "Outer", "Index Name": "idx_lineitem_shipdate", "Startup Cost": 0.0, "Total Cost": 24763.28, "Plan Rows": 719903, "Plan Width": 0, "Actual Startup Time": 284.633, "Actual Total Time": 284.633, "Actual Rows": 772803, "Actual Loops": 1, "Index Cond": "((l_shipdate >= '1996-12-01 00:00:00'::timestamp(0) without time zone) AND (l_shipdate < '1997-01-01 00:00:00'::timestamp without time zone))"}]}, {"Node Type": "Hash", "Parent Relationship": "Inner", "Startup Cost": 61944.0, "Total Cost": 61944.0, "Plan Rows": 2000000, "Plan Width": 29, "Actual Startup Time": 1481.532, "Actual Total Time": 1481.532, "Actual Rows": 2000000, "Actual Loops": 1, "Hash Buckets": 2097152, "Hash Batches": 1, "Original Hash Batches": 1, "Peak Memory Usage": 126040, "Plans": [{"Node Type": "Seq Scan", "Parent Relationship": "Outer", "Relation Name": "part", "Alias": "part", "Startup Cost": 0.0, "Total Cost": 61944.0, "Plan Rows": 2000000, "Plan Width": 29, "Actual Startup Time": 0.032, "Actual Total Time": 731.552, "Actual Rows": 2000000, "Actual Loops": 1}]}]}]}, "Triggers": [], "Planner Runtime": 0, "Total Runtime": 4204.175, "Unique SQL Id": 379939634}}, "(16, 1)": {"explain_plan": {"Plan": {"Node Type": "Aggregate", "Strategy": "Plain", "Startup Cost": 1383300.54, "Total Cost": 1383300.55, "Plan Rows": 1, "Plan Width": 53, "Plans": [{"Node Type": "Hash Join", "Parent Relationship": "Outer", "Join Type": "Inner", "Startup Cost": 150746.51, "Total Cost": 1370702.23, "Plan Rows": 719903, "Plan Width": 37, "Inner Unique": true, "Hash Cond": "(lineitem.l_partkey = part.p_partkey), (LLVM Optimized)", "Plans": [{"Node Type": "Bitmap Heap Scan", "Parent Relationship": "Outer", "Relation Name": "lineitem", "Alias": "lineitem", "Startup Cost": 24943.26, "Total Cost": 1235000.32, "Plan Rows": 719903, "Plan Width": 24, "Recheck Cond": "((l_shipdate >= '1996-12-01 00:00:00'::timestamp(0) without time zone) AND (l_shipdate < '1997-01-01 00:00:00'::timestamp without time zone)), (LLVM Optimized)", "Plans": [{"Node Type": "Bitmap Index Scan", "Parent Relationship": "Outer", "Index Name": "idx_lineitem_shipdate", "Startup Cost": 0.0, "Total Cost": 24763.28, "Plan Rows": 719903, "Plan Width": 0, "Index Cond": "((l_shipdate >= '1996-12-01 00:00:00'::timestamp(0) without time zone) AND (l_shipdate < '1997-01-01 00:00:00'::timestamp without time zone))"}]}, {"Node Type": "Hash", "Parent Relationship": "Inner", "Startup Cost": 100803.25, "Total Cost": 100803.25, "Plan Rows": 2000000, "Plan Width": 29, "Plans": [{"Node Type": "Index Scan", "Parent Relationship": "Outer", "Scan Direction": "Forward", "Index Name": "part_kpey", "Relation Name": "part", "Alias": "part", "Startup Cost": 0.0, "Total Cost": 100803.25, "Plan Rows": 2000000, "Plan Width": 29}]}]}]}, "Unique SQL Id": 379939634, "Planner Runtime": 1}, "explain_analyze_plan": {"Plan": {"Node Type": "Aggregate", "Strategy": "Plain", "Startup Cost": 1383300.54, "Total Cost": 1383300.55, "Plan Rows": 1, "Plan Width": 53, "Actual Startup Time": 4880.395, "Actual Total Time": 4880.395, "Actual Rows": 1, "Actual Loops": 1, "Plans": [{"Node Type": "Hash Join", "Parent Relationship": "Outer", "Join Type": "Inner", "Startup Cost": 150746.51, "Total Cost": 1370702.23, "Plan Rows": 719903, "Plan Width": 37, "Actual Startup Time": 2646.128, "Actual Total Time": 4515.369, "Actual Rows": 772803, "Actual Loops": 1, "Inner Unique": true, "Hash Cond": "(lineitem.l_partkey = part.p_partkey), (LLVM Optimized, Jit Execute)", "Plans": [{"Node Type": "Bitmap Heap Scan", "Parent Relationship": "Outer", "Relation Name": "lineitem", "Alias": "lineitem", "Startup Cost": 24943.26, "Total Cost": 1235000.32, "Plan Rows": 719903, "Plan Width": 24, "Actual Startup Time": 446.087, "Actual Total Time": 1672.714, "Actual Rows": 772803, "Actual Loops": 1, "Recheck Cond": "((l_shipdate >= '1996-12-01 00:00:00'::timestamp(0) without time zone) AND (l_shipdate < '1997-01-01 00:00:00'::timestamp without time zone)), (LLVM Optimized, Jit Execute)", "Rows Removed by Index Recheck": 0, "Exact Heap Blocks": 437909, "Lossy Heap Blocks": 437909, "Plans": [{"Node Type": "Bitmap Index Scan", "Parent Relationship": "Outer", "Index Name": "idx_lineitem_shipdate", "Startup Cost": 0.0, "Total Cost": 24763.28, "Plan Rows": 719903, "Plan Width": 0, "Actual Startup Time": 281.285, "Actual Total Time": 281.285, "Actual Rows": 772803, "Actual Loops": 1, "Index Cond": "((l_shipdate >= '1996-12-01 00:00:00'::timestamp(0) without time zone) AND (l_shipdate < '1997-01-01 00:00:00'::timestamp without time zone))"}]}, {"Node Type": "Hash", "Parent Relationship": "Inner", "Startup Cost": 100803.25, "Total Cost": 100803.25, "Plan Rows": 2000000, "Plan Width": 29, "Actual Startup Time": 2198.605, "Actual Total Time": 2198.605, "Actual Rows": 2000000, "Actual Loops": 1, "Hash Buckets": 2097152, "Hash Batches": 1, "Original Hash Batches": 1, "Peak Memory Usage": 126040, "Plans": [{"Node Type": "Index Scan", "Parent Relationship": "Outer", "Scan Direction": "Forward", "Index Name": "part_kpey", "Relation Name": "part", "Alias": "part", "Startup Cost": 0.0, "Total Cost": 100803.25, "Plan Rows": 2000000, "Plan Width": 29, "Actual Startup Time": 0.054, "Actual Total Time": 1422.225, "Actual Rows": 2000000, "Actual Loops": 1}]}]}]}, "Triggers": [], "Planner Runtime": 0, "Total Runtime": 4895.379, "Unique SQL Id": 379939634}}, "(16, 2)": {"explain_plan": {"Plan": {"Node Type": "Aggregate", "Strategy": "Plain", "Startup Cost": 1344441.29, "Total Cost": 1344441.3, "Plan Rows": 1, "Plan Width": 53, "Plans": [{"Node Type": "Hash Join", "Parent Relationship": "Outer", "Join Type": "Inner", "Startup Cost": 111887.26, "Total Cost": 1331842.98, "Plan Rows": 719903, "Plan Width": 37, "Inner Unique": true, "Hash Cond": "(lineitem.l_partkey = part.p_partkey), (LLVM Optimized)", "Plans": [{"Node Type": "Bitmap Heap Scan", "Parent Relationship": "Outer", "Relation Name": "lineitem", "Alias": "lineitem", "Startup Cost": 24943.26, "Total Cost": 1235000.32, "Plan Rows": 719903, "Plan Width": 24, "Recheck Cond": "((l_shipdate >= '1996-12-01 00:00:00'::timestamp(0) without time zone) AND (l_shipdate < '1997-01-01 00:00:00'::timestamp without time zone)), (LLVM Optimized)", "Plans": [{"Node Type": "Bitmap Index Scan", "Parent Relationship": "Outer", "Index Name": "idx_lineitem_shipdate", "Startup Cost": 0.0, "Total Cost": 24763.28, "Plan Rows": 719903, "Plan Width": 0, "Index Cond": "((l_shipdate >= '1996-12-01 00:00:00'::timestamp(0) without time zone) AND (l_shipdate < '1997-01-01 00:00:00'::timestamp without time zone))"}]}, {"Node Type": "Hash", "Parent Relationship": "Inner", "Startup Cost": 61944.0, "Total Cost": 61944.0, "Plan Rows": 2000000, "Plan Width": 29, "Plans": [{"Node Type": "Seq Scan", "Parent Relationship": "Outer", "Relation Name": "part", "Alias": "part", "Startup Cost": 0.0, "Total Cost": 61944.0, "Plan Rows": 2000000, "Plan Width": 29}]}]}]}, "Unique SQL Id": 379939634, "Planner Runtime": 0}, "explain_analyze_plan": {"Plan": {"Node Type": "Aggregate", "Strategy": "Plain", "Startup Cost": 1344441.29, "Total Cost": 1344441.3, "Plan Rows": 1, "Plan Width": 53, "Actual Startup Time": 4189.373, "Actual Total Time": 4189.374, "Actual Rows": 1, "Actual Loops": 1, "Plans": [{"Node Type": "Hash Join", "Parent Relationship": "Outer", "Join Type": "Inner", "Startup Cost": 111887.26, "Total Cost": 1331842.98, "Plan Rows": 719903, "Plan Width": 37, "Actual Startup Time": 1934.822, "Actual Total Time": 3823.274, "Actual Rows": 772803, "Actual Loops": 1, "Inner Unique": true, "Hash Cond": "(lineitem.l_partkey = part.p_partkey), (LLVM Optimized, Jit Execute)", "Plans": [{"Node Type": "Bitmap Heap Scan", "Parent Relationship": "Outer", "Relation Name": "lineitem", "Alias": "lineitem", "Startup Cost": 24943.26, "Total Cost": 1235000.32, "Plan Rows": 719903, "Plan Width": 24, "Actual Startup Time": 451.89, "Actual Total Time": 1765.327, "Actual Rows": 772803, "Actual Loops": 1, "Recheck Cond": "((l_shipdate >= '1996-12-01 00:00:00'::timestamp(0) without time zone) AND (l_shipdate < '1997-01-01 00:00:00'::timestamp without time zone)), (LLVM Optimized, Jit Execute)", "Rows Removed by Index Recheck": 0, "Exact Heap Blocks": 437909, "Lossy Heap Blocks": 437909, "Plans": [{"Node Type": "Bitmap Index Scan", "Parent Relationship": "Outer", "Index Name": "idx_lineitem_shipdate", "Startup Cost": 0.0, "Total Cost": 24763.28, "Plan Rows": 719903, "Plan Width": 0, "Actual Startup Time": 284.633, "Actual Total Time": 284.633, "Actual Rows": 772803, "Actual Loops": 1, "Index Cond": "((l_shipdate >= '1996-12-01 00:00:00'::timestamp(0) without time zone) AND (l_shipdate < '1997-01-01 00:00:00'::timestamp without time zone))"}]}, {"Node Type": "Hash", "Parent Relationship": "Inner", "Startup Cost": 61944.0, "Total Cost": 61944.0, "Plan Rows": 2000000, "Plan Width": 29, "Actual Startup Time": 1481.532, "Actual Total Time": 1481.532, "Actual Rows": 2000000, "Actual Loops": 1, "Hash Buckets": 2097152, "Hash Batches": 1, "Original Hash Batches": 1, "Peak Memory Usage": 126040, "Plans": [{"Node Type": "Seq Scan", "Parent Relationship": "Outer", "Relation Name": "part", "Alias": "part", "Startup Cost": 0.0, "Total Cost": 61944.0, "Plan Rows": 2000000, "Plan Width": 29, "Actual Startup Time": 0.032, "Actual Total Time": 731.552, "Actual Rows": 2000000, "Actual Loops": 1}]}]}]}, "Triggers": [], "Planner Runtime": 0, "Total Runtime": 4204.175, "Unique SQL Id": 379939634}}, "(16, 3)": {"explain_plan": {"Plan": {"Node Type": "Aggregate", "Strategy": "Plain", "Startup Cost": 4357819.44, "Total Cost": 4357819.45, "Plan Rows": 1, "Plan Width": 53, "Plans": [{"Node Type": "Nested Loop", "Parent Relationship": "Outer", "Join Type": "Inner", "Startup Cost": 24943.55, "Total Cost": 4345221.13, "Plan Rows": 719903, "Plan Width": 37, "Inner Unique": true, "Plans": [{"Node Type": "Bitmap Heap Scan", "Parent Relationship": "Outer", "Relation Name": "lineitem", "Alias": "lineitem", "Startup Cost": 24943.26, "Total Cost": 1235000.32, "Plan Rows": 719903, "Plan Width": 24, "Recheck Cond": "((l_shipdate >= '1996-12-01 00:00:00'::timestamp(0) without time zone) AND (l_shipdate < '1997-01-01 00:00:00'::timestamp without time zone)), (LLVM Optimized)", "Plans": [{"Node Type": "Bitmap Index Scan", "Parent Relationship": "Outer", "Index Name": "idx_lineitem_shipdate", "Startup Cost": 0.0, "Total Cost": 24763.28, "Plan Rows": 719903, "Plan Width": 0, "Index Cond": "((l_shipdate >= '1996-12-01 00:00:00'::timestamp(0) without time zone) AND (l_shipdate < '1997-01-01 00:00:00'::timestamp without time zone))"}]}, {"Node Type": "Bitmap Heap Scan", "Parent Relationship": "Inner", "Relation Name": "part", "Alias": "part", "Startup Cost": 0.3, "Total Cost": 4.31, "Plan Rows": 1, "Plan Width": 29, "Recheck Cond": "(p_partkey = lineitem.l_partkey)", "Plans": [{"Node Type": "Bitmap Index Scan", "Parent Relationship": "Outer", "Index Name": "part_kpey", "Startup Cost": 0.0, "Total Cost": 0.3, "Plan Rows": 1, "Plan Width": 0, "Index Cond": "(p_partkey = lineitem.l_partkey)"}]}]}]}, "Unique SQL Id": 379939634, "Planner Runtime": 0}, "explain_analyze_plan": {"Plan": {"Node Type": "Aggregate", "Strategy": "Plain", "Startup Cost": 4357819.44, "Total Cost": 4357819.45, "Plan Rows": 1, "Plan Width": 53, "Actual Startup Time": 8616.5, "Actual Total Time": 8616.5, "Actual Rows": 1, "Actual Loops": 1, "Plans": [{"Node Type": "Nested Loop", "Parent Relationship": "Outer", "Join Type": "Inner", "Startup Cost": 24943.55, "Total Cost": 4345221.13, "Plan Rows": 719903, "Plan Width": 37, "Actual Startup Time": 451.969, "Actual Total Time": 8100.257, "Actual Rows": 772803, "Actual Loops": 1, "Inner Unique": true, "Plans": [{"Node Type": "Bitmap Heap Scan", "Parent Relationship": "Outer", "Relation Name": "lineitem", "Alias": "lineitem", "Startup Cost": 24943.26, "Total Cost": 1235000.32, "Plan Rows": 719903, "Plan Width": 24, "Actual Startup Time": 451.841, "Actual Total Time": 1732.82, "Actual Rows": 772803, "Actual Loops": 1, "Recheck Cond": "((l_shipdate >= '1996-12-01 00:00:00'::timestamp(0) without time zone) AND (l_shipdate < '1997-01-01 00:00:00'::timestamp without time zone)), (LLVM Optimized, Jit Execute)", "Rows Removed by Index Recheck": 0, "Exact Heap Blocks": 437909, "Lossy Heap Blocks": 437909, "Plans": [{"Node Type": "Bitmap Index Scan", "Parent Relationship": "Outer", "Index Name": "idx_lineitem_shipdate", "Startup Cost": 0.0, "Total Cost": 24763.28, "Plan Rows": 719903, "Plan Width": 0, "Actual Startup Time": 282.36, "Actual Total Time": 282.36, "Actual Rows": 772803, "Actual Loops": 1, "Index Cond": "((l_shipdate >= '1996-12-01 00:00:00'::timestamp(0) without time zone) AND (l_shipdate < '1997-01-01 00:00:00'::timestamp without time zone))"}]}, {"Node Type": "Bitmap Heap Scan", "Parent Relationship": "Inner", "Relation Name": "part", "Alias": "part", "Startup Cost": 0.3, "Total Cost": 4.31, "Plan Rows": 1, "Plan Width": 29, "Actual Startup Time": 5308.407, "Actual Total Time": 5308.407, "Actual Rows": 772803, "Actual Loops": 772803, "Recheck Cond": "(p_partkey = lineitem.l_partkey)", "Rows Removed by Index Recheck": 0, "Exact Heap Blocks": 772803, "Lossy Heap Blocks": 772803, "Plans": [{"Node Type": "Bitmap Index Scan", "Parent Relationship": "Outer", "Index Name": "part_kpey", "Startup Cost": 0.0, "Total Cost": 0.3, "Plan Rows": 1, "Plan Width": 0, "Actual Startup Time": 3239.468, "Actual Total Time": 3239.468, "Actual Rows": 772803, "Actual Loops": 772803, "Index Cond": "(p_partkey = lineitem.l_partkey)"}]}]}]}, "Triggers": [], "Planner Runtime": 0, "Total Runtime": 8628.033, "Unique SQL Id": 379939634}}, "(16, 4)": {"explain_plan": {"Plan": {"Node Type": "Aggregate", "Strategy": "Plain", "Startup Cost": 1344441.29, "Total Cost": 1344441.3, "Plan Rows": 1, "Plan Width": 53, "Plans": [{"Node Type": "Hash Join", "Parent Relationship": "Outer", "Join Type": "Inner", "Startup Cost": 111887.26, "Total Cost": 1331842.98, "Plan Rows": 719903, "Plan Width": 37, "Inner Unique": true, "Hash Cond": "(lineitem.l_partkey = part.p_partkey), (LLVM Optimized)", "Plans": [{"Node Type": "Bitmap Heap Scan", "Parent Relationship": "Outer", "Relation Name": "lineitem", "Alias": "lineitem", "Startup Cost": 24943.26, "Total Cost": 1235000.32, "Plan Rows": 719903, "Plan Width": 24, "Recheck Cond": "((l_shipdate >= '1996-12-01 00:00:00'::timestamp(0) without time zone) AND (l_shipdate < '1997-01-01 00:00:00'::timestamp without time zone)), (LLVM Optimized)", "Plans": [{"Node Type": "Bitmap Index Scan", "Parent Relationship": "Outer", "Index Name": "idx_lineitem_shipdate", "Startup Cost": 0.0, "Total Cost": 24763.28, "Plan Rows": 719903, "Plan Width": 0, "Index Cond": "((l_shipdate >= '1996-12-01 00:00:00'::timestamp(0) without time zone) AND (l_shipdate < '1997-01-01 00:00:00'::timestamp without time zone))"}]}, {"Node Type": "Hash", "Parent Relationship": "Inner", "Startup Cost": 61944.0, "Total Cost": 61944.0, "Plan Rows": 2000000, "Plan Width": 29, "Plans": [{"Node Type": "Seq Scan", "Parent Relationship": "Outer", "Relation Name": "part", "Alias": "part", "Startup Cost": 0.0, "Total Cost": 61944.0, "Plan Rows": 2000000, "Plan Width": 29}]}]}]}, "Unique SQL Id": 379939634, "Planner Runtime": 1}, "explain_analyze_plan": {"Plan": {"Node Type": "Aggregate", "Strategy": "Plain", "Startup Cost": 1344441.29, "Total Cost": 1344441.3, "Plan Rows": 1, "Plan Width": 53, "Actual Startup Time": 4189.373, "Actual Total Time": 4189.374, "Actual Rows": 1, "Actual Loops": 1, "Plans": [{"Node Type": "Hash Join", "Parent Relationship": "Outer", "Join Type": "Inner", "Startup Cost": 111887.26, "Total Cost": 1331842.98, "Plan Rows": 719903, "Plan Width": 37, "Actual Startup Time": 1934.822, "Actual Total Time": 3823.274, "Actual Rows": 772803, "Actual Loops": 1, "Inner Unique": true, "Hash Cond": "(lineitem.l_partkey = part.p_partkey), (LLVM Optimized, Jit Execute)", "Plans": [{"Node Type": "Bitmap Heap Scan", "Parent Relationship": "Outer", "Relation Name": "lineitem", "Alias": "lineitem", "Startup Cost": 24943.26, "Total Cost": 1235000.32, "Plan Rows": 719903, "Plan Width": 24, "Actual Startup Time": 451.89, "Actual Total Time": 1765.327, "Actual Rows": 772803, "Actual Loops": 1, "Recheck Cond": "((l_shipdate >= '1996-12-01 00:00:00'::timestamp(0) without time zone) AND (l_shipdate < '1997-01-01 00:00:00'::timestamp without time zone)), (LLVM Optimized, Jit Execute)", "Rows Removed by Index Recheck": 0, "Exact Heap Blocks": 437909, "Lossy Heap Blocks": 437909, "Plans": [{"Node Type": "Bitmap Index Scan", "Parent Relationship": "Outer", "Index Name": "idx_lineitem_shipdate", "Startup Cost": 0.0, "Total Cost": 24763.28, "Plan Rows": 719903, "Plan Width": 0, "Actual Startup Time": 284.633, "Actual Total Time": 284.633, "Actual Rows": 772803, "Actual Loops": 1, "Index Cond": "((l_shipdate >= '1996-12-01 00:00:00'::timestamp(0) without time zone) AND (l_shipdate < '1997-01-01 00:00:00'::timestamp without time zone))"}]}, {"Node Type": "Hash", "Parent Relationship": "Inner", "Startup Cost": 61944.0, "Total Cost": 61944.0, "Plan Rows": 2000000, "Plan Width": 29, "Actual Startup Time": 1481.532, "Actual Total Time": 1481.532, "Actual Rows": 2000000, "Actual Loops": 1, "Hash Buckets": 2097152, "Hash Batches": 1, "Original Hash Batches": 1, "Peak Memory Usage": 126040, "Plans": [{"Node Type": "Seq Scan", "Parent Relationship": "Outer", "Relation Name": "part", "Alias": "part", "Startup Cost": 0.0, "Total Cost": 61944.0, "Plan Rows": 2000000, "Plan Width": 29, "Actual Startup Time": 0.032, "Actual Total Time": 731.552, "Actual Rows": 2000000, "Actual Loops": 1}]}]}]}, "Triggers": [], "Planner Runtime": 0, "Total Runtime": 4204.175, "Unique SQL Id": 379939634}}, "(16, 5)": {"explain_plan": {"Plan": {"Node Type": "Aggregate", "Strategy": "Plain", "Startup Cost": 1383300.54, "Total Cost": 1383300.55, "Plan Rows": 1, "Plan Width": 53, "Plans": [{"Node Type": "Hash Join", "Parent Relationship": "Outer", "Join Type": "Inner", "Startup Cost": 150746.51, "Total Cost": 1370702.23, "Plan Rows": 719903, "Plan Width": 37, "Inner Unique": true, "Hash Cond": "(lineitem.l_partkey = part.p_partkey), (LLVM Optimized)", "Plans": [{"Node Type": "Bitmap Heap Scan", "Parent Relationship": "Outer", "Relation Name": "lineitem", "Alias": "lineitem", "Startup Cost": 24943.26, "Total Cost": 1235000.32, "Plan Rows": 719903, "Plan Width": 24, "Recheck Cond": "((l_shipdate >= '1996-12-01 00:00:00'::timestamp(0) without time zone) AND (l_shipdate < '1997-01-01 00:00:00'::timestamp without time zone)), (LLVM Optimized)", "Plans": [{"Node Type": "Bitmap Index Scan", "Parent Relationship": "Outer", "Index Name": "idx_lineitem_shipdate", "Startup Cost": 0.0, "Total Cost": 24763.28, "Plan Rows": 719903, "Plan Width": 0, "Index Cond": "((l_shipdate >= '1996-12-01 00:00:00'::timestamp(0) without time zone) AND (l_shipdate < '1997-01-01 00:00:00'::timestamp without time zone))"}]}, {"Node Type": "Hash", "Parent Relationship": "Inner", "Startup Cost": 100803.25, "Total Cost": 100803.25, "Plan Rows": 2000000, "Plan Width": 29, "Plans": [{"Node Type": "Index Scan", "Parent Relationship": "Outer", "Scan Direction": "Forward", "Index Name": "part_kpey", "Relation Name": "part", "Alias": "part", "Startup Cost": 0.0, "Total Cost": 100803.25, "Plan Rows": 2000000, "Plan Width": 29}]}]}]}, "Unique SQL Id": 379939634, "Planner Runtime": 0}, "explain_analyze_plan": {"Plan": {"Node Type": "Aggregate", "Strategy": "Plain", "Startup Cost": 1383300.54, "Total Cost": 1383300.55, "Plan Rows": 1, "Plan Width": 53, "Actual Startup Time": 4880.395, "Actual Total Time": 4880.395, "Actual Rows": 1, "Actual Loops": 1, "Plans": [{"Node Type": "Hash Join", "Parent Relationship": "Outer", "Join Type": "Inner", "Startup Cost": 150746.51, "Total Cost": 1370702.23, "Plan Rows": 719903, "Plan Width": 37, "Actual Startup Time": 2646.128, "Actual Total Time": 4515.369, "Actual Rows": 772803, "Actual Loops": 1, "Inner Unique": true, "Hash Cond": "(lineitem.l_partkey = part.p_partkey), (LLVM Optimized, Jit Execute)", "Plans": [{"Node Type": "Bitmap Heap Scan", "Parent Relationship": "Outer", "Relation Name": "lineitem", "Alias": "lineitem", "Startup Cost": 24943.26, "Total Cost": 1235000.32, "Plan Rows": 719903, "Plan Width": 24, "Actual Startup Time": 446.087, "Actual Total Time": 1672.714, "Actual Rows": 772803, "Actual Loops": 1, "Recheck Cond": "((l_shipdate >= '1996-12-01 00:00:00'::timestamp(0) without time zone) AND (l_shipdate < '1997-01-01 00:00:00'::timestamp without time zone)), (LLVM Optimized, Jit Execute)", "Rows Removed by Index Recheck": 0, "Exact Heap Blocks": 437909, "Lossy Heap Blocks": 437909, "Plans": [{"Node Type": "Bitmap Index Scan", "Parent Relationship": "Outer", "Index Name": "idx_lineitem_shipdate", "Startup Cost": 0.0, "Total Cost": 24763.28, "Plan Rows": 719903, "Plan Width": 0, "Actual Startup Time": 281.285, "Actual Total Time": 281.285, "Actual Rows": 772803, "Actual Loops": 1, "Index Cond": "((l_shipdate >= '1996-12-01 00:00:00'::timestamp(0) without time zone) AND (l_shipdate < '1997-01-01 00:00:00'::timestamp without time zone))"}]}, {"Node Type": "Hash", "Parent Relationship": "Inner", "Startup Cost": 100803.25, "Total Cost": 100803.25, "Plan Rows": 2000000, "Plan Width": 29, "Actual Startup Time": 2198.605, "Actual Total Time": 2198.605, "Actual Rows": 2000000, "Actual Loops": 1, "Hash Buckets": 2097152, "Hash Batches": 1, "Original Hash Batches": 1, "Peak Memory Usage": 126040, "Plans": [{"Node Type": "Index Scan", "Parent Relationship": "Outer", "Scan Direction": "Forward", "Index Name": "part_kpey", "Relation Name": "part", "Alias": "part", "Startup Cost": 0.0, "Total Cost": 100803.25, "Plan Rows": 2000000, "Plan Width": 29, "Actual Startup Time": 0.054, "Actual Total Time": 1422.225, "Actual Rows": 2000000, "Actual Loops": 1}]}]}]}, "Triggers": [], "Planner Runtime": 0, "Total Runtime": 4895.379, "Unique SQL Id": 379939634}}, "(16, 6)": {"explain_plan": {"Plan": {"Node Type": "Aggregate", "Strategy": "Plain", "Startup Cost": 1344441.29, "Total Cost": 1344441.3, "Plan Rows": 1, "Plan Width": 53, "Plans": [{"Node Type": "Hash Join", "Parent Relationship": "Outer", "Join Type": "Inner", "Startup Cost": 111887.26, "Total Cost": 1331842.98, "Plan Rows": 719903, "Plan Width": 37, "Inner Unique": true, "Hash Cond": "(lineitem.l_partkey = part.p_partkey), (LLVM Optimized)", "Plans": [{"Node Type": "Bitmap Heap Scan", "Parent Relationship": "Outer", "Relation Name": "lineitem", "Alias": "lineitem", "Startup Cost": 24943.26, "Total Cost": 1235000.32, "Plan Rows": 719903, "Plan Width": 24, "Recheck Cond": "((l_shipdate >= '1996-12-01 00:00:00'::timestamp(0) without time zone) AND (l_shipdate < '1997-01-01 00:00:00'::timestamp without time zone)), (LLVM Optimized)", "Plans": [{"Node Type": "Bitmap Index Scan", "Parent Relationship": "Outer", "Index Name": "idx_lineitem_shipdate", "Startup Cost": 0.0, "Total Cost": 24763.28, "Plan Rows": 719903, "Plan Width": 0, "Index Cond": "((l_shipdate >= '1996-12-01 00:00:00'::timestamp(0) without time zone) AND (l_shipdate < '1997-01-01 00:00:00'::timestamp without time zone))"}]}, {"Node Type": "Hash", "Parent Relationship": "Inner", "Startup Cost": 61944.0, "Total Cost": 61944.0, "Plan Rows": 2000000, "Plan Width": 29, "Plans": [{"Node Type": "Seq Scan", "Parent Relationship": "Outer", "Relation Name": "part", "Alias": "part", "Startup Cost": 0.0, "Total Cost": 61944.0, "Plan Rows": 2000000, "Plan Width": 29}]}]}]}, "Unique SQL Id": 379939634, "Planner Runtime": 0}, "explain_analyze_plan": {"Plan": {"Node Type": "Aggregate", "Strategy": "Plain", "Startup Cost": 1344441.29, "Total Cost": 1344441.3, "Plan Rows": 1, "Plan Width": 53, "Actual Startup Time": 4189.373, "Actual Total Time": 4189.374, "Actual Rows": 1, "Actual Loops": 1, "Plans": [{"Node Type": "Hash Join", "Parent Relationship": "Outer", "Join Type": "Inner", "Startup Cost": 111887.26, "Total Cost": 1331842.98, "Plan Rows": 719903, "Plan Width": 37, "Actual Startup Time": 1934.822, "Actual Total Time": 3823.274, "Actual Rows": 772803, "Actual Loops": 1, "Inner Unique": true, "Hash Cond": "(lineitem.l_partkey = part.p_partkey), (LLVM Optimized, Jit Execute)", "Plans": [{"Node Type": "Bitmap Heap Scan", "Parent Relationship": "Outer", "Relation Name": "lineitem", "Alias": "lineitem", "Startup Cost": 24943.26, "Total Cost": 1235000.32, "Plan Rows": 719903, "Plan Width": 24, "Actual Startup Time": 451.89, "Actual Total Time": 1765.327, "Actual Rows": 772803, "Actual Loops": 1, "Recheck Cond": "((l_shipdate >= '1996-12-01 00:00:00'::timestamp(0) without time zone) AND (l_shipdate < '1997-01-01 00:00:00'::timestamp without time zone)), (LLVM Optimized, Jit Execute)", "Rows Removed by Index Recheck": 0, "Exact Heap Blocks": 437909, "Lossy Heap Blocks": 437909, "Plans": [{"Node Type": "Bitmap Index Scan", "Parent Relationship": "Outer", "Index Name": "idx_lineitem_shipdate", "Startup Cost": 0.0, "Total Cost": 24763.28, "Plan Rows": 719903, "Plan Width": 0, "Actual Startup Time": 284.633, "Actual Total Time": 284.633, "Actual Rows": 772803, "Actual Loops": 1, "Index Cond": "((l_shipdate >= '1996-12-01 00:00:00'::timestamp(0) without time zone) AND (l_shipdate < '1997-01-01 00:00:00'::timestamp without time zone))"}]}, {"Node Type": "Hash", "Parent Relationship": "Inner", "Startup Cost": 61944.0, "Total Cost": 61944.0, "Plan Rows": 2000000, "Plan Width": 29, "Actual Startup Time": 1481.532, "Actual Total Time": 1481.532, "Actual Rows": 2000000, "Actual Loops": 1, "Hash Buckets": 2097152, "Hash Batches": 1, "Original Hash Batches": 1, "Peak Memory Usage": 126040, "Plans": [{"Node Type": "Seq Scan", "Parent Relationship": "Outer", "Relation Name": "part", "Alias": "part", "Startup Cost": 0.0, "Total Cost": 61944.0, "Plan Rows": 2000000, "Plan Width": 29, "Actual Startup Time": 0.032, "Actual Total Time": 731.552, "Actual Rows": 2000000, "Actual Loops": 1}]}]}]}, "Triggers": [], "Planner Runtime": 0, "Total Runtime": 4204.175, "Unique SQL Id": 379939634}}, "(16, 7)": {"explain_plan": {"Plan": {"Node Type": "Aggregate", "Strategy": "Plain", "Startup Cost": 4357819.44, "Total Cost": 4357819.45, "Plan Rows": 1, "Plan Width": 53, "Plans": [{"Node Type": "Nested Loop", "Parent Relationship": "Outer", "Join Type": "Inner", "Startup Cost": 24943.55, "Total Cost": 4345221.13, "Plan Rows": 719903, "Plan Width": 37, "Inner Unique": true, "Plans": [{"Node Type": "Bitmap Heap Scan", "Parent Relationship": "Outer", "Relation Name": "lineitem", "Alias": "lineitem", "Startup Cost": 24943.26, "Total Cost": 1235000.32, "Plan Rows": 719903, "Plan Width": 24, "Recheck Cond": "((l_shipdate >= '1996-12-01 00:00:00'::timestamp(0) without time zone) AND (l_shipdate < '1997-01-01 00:00:00'::timestamp without time zone)), (LLVM Optimized)", "Plans": [{"Node Type": "Bitmap Index Scan", "Parent Relationship": "Outer", "Index Name": "idx_lineitem_shipdate", "Startup Cost": 0.0, "Total Cost": 24763.28, "Plan Rows": 719903, "Plan Width": 0, "Index Cond": "((l_shipdate >= '1996-12-01 00:00:00'::timestamp(0) without time zone) AND (l_shipdate < '1997-01-01 00:00:00'::timestamp without time zone))"}]}, {"Node Type": "Bitmap Heap Scan", "Parent Relationship": "Inner", "Relation Name": "part", "Alias": "part", "Startup Cost": 0.3, "Total Cost": 4.31, "Plan Rows": 1, "Plan Width": 29, "Recheck Cond": "(p_partkey = lineitem.l_partkey)", "Plans": [{"Node Type": "Bitmap Index Scan", "Parent Relationship": "Outer", "Index Name": "part_kpey", "Startup Cost": 0.0, "Total Cost": 0.3, "Plan Rows": 1, "Plan Width": 0, "Index Cond": "(p_partkey = lineitem.l_partkey)"}]}]}]}, "Unique SQL Id": 379939634, "Planner Runtime": 0}, "explain_analyze_plan": {"Plan": {"Node Type": "Aggregate", "Strategy": "Plain", "Startup Cost": 4357819.44, "Total Cost": 4357819.45, "Plan Rows": 1, "Plan Width": 53, "Actual Startup Time": 8616.5, "Actual Total Time": 8616.5, "Actual Rows": 1, "Actual Loops": 1, "Plans": [{"Node Type": "Nested Loop", "Parent Relationship": "Outer", "Join Type": "Inner", "Startup Cost": 24943.55, "Total Cost": 4345221.13, "Plan Rows": 719903, "Plan Width": 37, "Actual Startup Time": 451.969, "Actual Total Time": 8100.257, "Actual Rows": 772803, "Actual Loops": 1, "Inner Unique": true, "Plans": [{"Node Type": "Bitmap Heap Scan", "Parent Relationship": "Outer", "Relation Name": "lineitem", "Alias": "lineitem", "Startup Cost": 24943.26, "Total Cost": 1235000.32, "Plan Rows": 719903, "Plan Width": 24, "Actual Startup Time": 451.841, "Actual Total Time": 1732.82, "Actual Rows": 772803, "Actual Loops": 1, "Recheck Cond": "((l_shipdate >= '1996-12-01 00:00:00'::timestamp(0) without time zone) AND (l_shipdate < '1997-01-01 00:00:00'::timestamp without time zone)), (LLVM Optimized, Jit Execute)", "Rows Removed by Index Recheck": 0, "Exact Heap Blocks": 437909, "Lossy Heap Blocks": 437909, "Plans": [{"Node Type": "Bitmap Index Scan", "Parent Relationship": "Outer", "Index Name": "idx_lineitem_shipdate", "Startup Cost": 0.0, "Total Cost": 24763.28, "Plan Rows": 719903, "Plan Width": 0, "Actual Startup Time": 282.36, "Actual Total Time": 282.36, "Actual Rows": 772803, "Actual Loops": 1, "Index Cond": "((l_shipdate >= '1996-12-01 00:00:00'::timestamp(0) without time zone) AND (l_shipdate < '1997-01-01 00:00:00'::timestamp without time zone))"}]}, {"Node Type": "Bitmap Heap Scan", "Parent Relationship": "Inner", "Relation Name": "part", "Alias": "part", "Startup Cost": 0.3, "Total Cost": 4.31, "Plan Rows": 1, "Plan Width": 29, "Actual Startup Time": 5308.407, "Actual Total Time": 5308.407, "Actual Rows": 772803, "Actual Loops": 772803, "Recheck Cond": "(p_partkey = lineitem.l_partkey)", "Rows Removed by Index Recheck": 0, "Exact Heap Blocks": 772803, "Lossy Heap Blocks": 772803, "Plans": [{"Node Type": "Bitmap Index Scan", "Parent Relationship": "Outer", "Index Name": "part_kpey", "Startup Cost": 0.0, "Total Cost": 0.3, "Plan Rows": 1, "Plan Width": 0, "Actual Startup Time": 3239.468, "Actual Total Time": 3239.468, "Actual Rows": 772803, "Actual Loops": 772803, "Index Cond": "(p_partkey = lineitem.l_partkey)"}]}]}]}, "Triggers": [], "Planner Runtime": 0, "Total Runtime": 8628.033, "Unique SQL Id": 379939634}}, "(16, 8)": {"explain_plan": {"Plan": {"Node Type": "Aggregate", "Strategy": "Plain", "Startup Cost": 2437127.27, "Total Cost": 2437127.29, "Plan Rows": 1, "Plan Width": 53, "Plans": [{"Node Type": "Hash Join", "Parent Relationship": "Outer", "Join Type": "Inner", "Startup Cost": 86944.0, "Total Cost": 2424528.97, "Plan Rows": 719903, "Plan Width": 37, "Inner Unique": true, "Hash Cond": "(lineitem.l_partkey = part.p_partkey), (LLVM Optimized)", "Plans": [{"Node Type": "Index Scan", "Parent Relationship": "Outer", "Scan Direction": "Forward", "Index Name": "idx_lineitem_shipdate", "Relation Name": "lineitem", "Alias": "lineitem", "Startup Cost": 0.0, "Total Cost": 2327686.3, "Plan Rows": 719903, "Plan Width": 24, "Index Cond": "((l_shipdate >= '1996-12-01 00:00:00'::timestamp(0) without time zone) AND (l_shipdate < '1997-01-01 00:00:00'::timestamp without time zone)), (LLVM Optimized)"}, {"Node Type": "Hash", "Parent Relationship": "Inner", "Startup Cost": 61944.0, "Total Cost": 61944.0, "Plan Rows": 2000000, "Plan Width": 29, "Plans": [{"Node Type": "Seq Scan", "Parent Relationship": "Outer", "Relation Name": "part", "Alias": "part", "Startup Cost": 0.0, "Total Cost": 61944.0, "Plan Rows": 2000000, "Plan Width": 29}]}]}]}, "Unique SQL Id": 379939634, "Planner Runtime": 0}, "explain_analyze_plan": {"Plan": {"Node Type": "Aggregate", "Strategy": "Plain", "Startup Cost": 2437127.27, "Total Cost": 2437127.29, "Plan Rows": 1, "Plan Width": 53, "Actual Startup Time": 4525.793, "Actual Total Time": 4525.793, "Actual Rows": 1, "Actual Loops": 1, "Plans": [{"Node Type": "Hash Join", "Parent Relationship": "Outer", "Join Type": "Inner", "Startup Cost": 86944.0, "Total Cost": 2424528.97, "Plan Rows": 719903, "Plan Width": 37, "Actual Startup Time": 1494.321, "Actual Total Time": 4138.797, "Actual Rows": 772803, "Actual Loops": 1, "Inner Unique": true, "Hash Cond": "(lineitem.l_partkey = part.p_partkey), (LLVM Optimized, Jit Execute)", "Plans": [{"Node Type": "Index Scan", "Parent Relationship": "Outer", "Scan Direction": "Forward", "Index Name": "idx_lineitem_shipdate", "Relation Name": "lineitem", "Alias": "lineitem", "Startup Cost": 0.0, "Total Cost": 2327686.3, "Plan Rows": 719903, "Plan Width": 24, "Actual Startup Time": 0.03, "Actual Total Time": 1959.535, "Actual Rows": 772803, "Actual Loops": 1, "Index Cond": "((l_shipdate >= '1996-12-01 00:00:00'::timestamp(0) without time zone) AND (l_shipdate < '1997-01-01 00:00:00'::timestamp without time zone)), (LLVM Optimized, Jit Execute)", "Rows Removed by Index Recheck": 0}, {"Node Type": "Hash", "Parent Relationship": "Inner", "Startup Cost": 61944.0, "Total Cost": 61944.0, "Plan Rows": 2000000, "Plan Width": 29, "Actual Startup Time": 1492.995, "Actual Total Time": 1492.995, "Actual Rows": 2000000, "Actual Loops": 1, "Hash Buckets": 2097152, "Hash Batches": 1, "Original Hash Batches": 1, "Peak Memory Usage": 126040, "Plans": [{"Node Type": "Seq Scan", "Parent Relationship": "Outer", "Relation Name": "part", "Alias": "part", "Startup Cost": 0.0, "Total Cost": 61944.0, "Plan Rows": 2000000, "Plan Width": 29, "Actual Startup Time": 0.021, "Actual Total Time": 722.812, "Actual Rows": 2000000, "Actual Loops": 1}]}]}]}, "Triggers": [], "Planner Runtime": 0, "Total Runtime": 4540.025, "Unique SQL Id": 379939634}}, "(16, 9)": {"explain_plan": {"Plan": {"Node Type": "Aggregate", "Strategy": "Plain", "Startup Cost": 2475986.52, "Total Cost": 2475986.54, "Plan Rows": 1, "Plan Width": 53, "Plans": [{"Node Type": "Hash Join", "Parent Relationship": "Outer", "Join Type": "Inner", "Startup Cost": 125803.25, "Total Cost": 2463388.22, "Plan Rows": 719903, "Plan Width": 37, "Inner Unique": true, "Hash Cond": "(lineitem.l_partkey = part.p_partkey), (LLVM Optimized)", "Plans": [{"Node Type": "Index Scan", "Parent Relationship": "Outer", "Scan Direction": "Forward", "Index Name": "idx_lineitem_shipdate", "Relation Name": "lineitem", "Alias": "lineitem", "Startup Cost": 0.0, "Total Cost": 2327686.3, "Plan Rows": 719903, "Plan Width": 24, "Index Cond": "((l_shipdate >= '1996-12-01 00:00:00'::timestamp(0) without time zone) AND (l_shipdate < '1997-01-01 00:00:00'::timestamp without time zone)), (LLVM Optimized)"}, {"Node Type": "Hash", "Parent Relationship": "Inner", "Startup Cost": 100803.25, "Total Cost": 100803.25, "Plan Rows": 2000000, "Plan Width": 29, "Plans": [{"Node Type": "Index Scan", "Parent Relationship": "Outer", "Scan Direction": "Forward", "Index Name": "part_kpey", "Relation Name": "part", "Alias": "part", "Startup Cost": 0.0, "Total Cost": 100803.25, "Plan Rows": 2000000, "Plan Width": 29}]}]}]}, "Unique SQL Id": 379939634, "Planner Runtime": 1}, "explain_analyze_plan": {"Plan": {"Node Type": "Aggregate", "Strategy": "Plain", "Startup Cost": 2475986.52, "Total Cost": 2475986.54, "Plan Rows": 1, "Plan Width": 53, "Actual Startup Time": 5005.785, "Actual Total Time": 5005.785, "Actual Rows": 1, "Actual Loops": 1, "Plans": [{"Node Type": "Hash Join", "Parent Relationship": "Outer", "Join Type": "Inner", "Startup Cost": 125803.25, "Total Cost": 2463388.22, "Plan Rows": 719903, "Plan Width": 37, "Actual Startup Time": 2118.049, "Actual Total Time": 4619.544, "Actual Rows": 772803, "Actual Loops": 1, "Inner Unique": true, "Hash Cond": "(lineitem.l_partkey = part.p_partkey), (LLVM Optimized, Jit Execute)", "Plans": [{"Node Type": "Index Scan", "Parent Relationship": "Outer", "Scan Direction": "Forward", "Index Name": "idx_lineitem_shipdate", "Relation Name": "lineitem", "Alias": "lineitem", "Startup Cost": 0.0, "Total Cost": 2327686.3, "Plan Rows": 719903, "Plan Width": 24, "Actual Startup Time": 0.032, "Actual Total Time": 1896.213, "Actual Rows": 772803, "Actual Loops": 1, "Index Cond": "((l_shipdate >= '1996-12-01 00:00:00'::timestamp(0) without time zone) AND (l_shipdate < '1997-01-01 00:00:00'::timestamp without time zone)), (LLVM Optimized, Jit Execute)", "Rows Removed by Index Recheck": 0}, {"Node Type": "Hash", "Parent Relationship": "Inner", "Startup Cost": 100803.25, "Total Cost": 100803.25, "Plan Rows": 2000000, "Plan Width": 29, "Actual Startup Time": 2116.749, "Actual Total Time": 2116.749, "Actual Rows": 2000000, "Actual Loops": 1, "Hash Buckets": 2097152, "Hash Batches": 1, "Original Hash Batches": 1, "Peak Memory Usage": 126040, "Plans": [{"Node Type": "Index Scan", "Parent Relationship": "Outer", "Scan Direction": "Forward", "Index Name": "part_kpey", "Relation Name": "part", "Alias": "part", "Startup Cost": 0.0, "Total Cost": 100803.25, "Plan Rows": 2000000, "Plan Width": 29, "Actual Startup Time": 0.024, "Actual Total Time": 1436.987, "Actual Rows": 2000000, "Actual Loops": 1}]}]}]}, "Triggers": [], "Planner Runtime": 0, "Total Runtime": 5019.722, "Unique SQL Id": 379939634}}, "(16, 10)": {"explain_plan": {"Plan": {"Node Type": "Aggregate", "Strategy": "Plain", "Startup Cost": 2424491.46, "Total Cost": 2424491.48, "Plan Rows": 1, "Plan Width": 53, "Plans": [{"Node Type": "Hash Join", "Parent Relationship": "Outer", "Join Type": "Inner", "Startup Cost": 86988.5, "Total Cost": 2411893.16, "Plan Rows": 719903, "Plan Width": 37, "Inner Unique": true, "Hash Cond": "(lineitem.l_partkey = part.p_partkey), (LLVM Optimized)", "Plans": [{"Node Type": "Seq Scan", "Parent Relationship": "Outer", "Relation Name": "lineitem", "Alias": "lineitem", "Startup Cost": 44.5, "Total Cost": 2315050.5, "Plan Rows": 719903, "Plan Width": 24, "Filter": "((l_shipdate >= '1996-12-01 00:00:00'::timestamp(0) without time zone) AND (l_shipdate < '1997-01-01 00:00:00'::timestamp without time zone)), (LLVM Optimized)"}, {"Node Type": "Hash", "Parent Relationship": "Inner", "Startup Cost": 61944.0, "Total Cost": 61944.0, "Plan Rows": 2000000, "Plan Width": 29, "Plans": [{"Node Type": "Seq Scan", "Parent Relationship": "Outer", "Relation Name": "part", "Alias": "part", "Startup Cost": 0.0, "Total Cost": 61944.0, "Plan Rows": 2000000, "Plan Width": 29}]}]}]}, "Unique SQL Id": 379939634, "Planner Runtime": 1}, "explain_analyze_plan": null}, "(16, 11)": {"explain_plan": {"Plan": {"Node Type": "Aggregate", "Strategy": "Plain", "Startup Cost": 2000799156591.82, "Total Cost": 2000799156591.84, "Plan Rows": 1, "Plan Width": 53, "Plans": [{"Node Type": "Merge Join", "Parent Relationship": "Outer", "Join Type": "Inner", "Startup Cost": 20044550453.84, "Total Cost": 2000799143993.52, "Plan Rows": 719903, "Plan Width": 37, "Inner Unique": true, "Merge Cond": "(lineitem.l_partkey = part.p_partkey)", "Plans": [{"Node Type": "Index Scan", "Parent Relationship": "Outer", "Scan Direction": "Forward", "Index Name": "idx_lineitem_part_supp", "Relation Name": "lineitem", "Alias": "lineitem", "Startup Cost": 10000000000.0, "Total Cost": 1000805384836.14, "Plan Rows": 719903, "Plan Width": 24, "Filter": "((l_shipdate >= '1996-12-01 00:00:00'::timestamp(0) without time zone) AND (l_shipdate < '1997-01-01 00:00:00'::timestamp without time zone)), (LLVM Optimized)"}, {"Node Type": "Index Scan", "Parent Relationship": "Inner", "Scan Direction": "Forward", "Index Name": "part_kpey", "Relation Name": "part", "Alias": "part", "Startup Cost": 10000000000.0, "Total Cost": 1000010080325.0, "Plan Rows": 2000000, "Plan Width": 29}]}]}, "Unique SQL Id": 379939634, "Planner Runtime": 1}, "explain_analyze_plan": null}, "(16, 12)": {"explain_plan": {"Plan": {"Node Type": "Aggregate", "Strategy": "Plain", "Startup Cost": 2437127.27, "Total Cost": 2437127.29, "Plan Rows": 1, "Plan Width": 53, "Plans": [{"Node Type": "Hash Join", "Parent Relationship": "Outer", "Join Type": "Inner", "Startup Cost": 86944.0, "Total Cost": 2424528.97, "Plan Rows": 719903, "Plan Width": 37, "Inner Unique": true, "Hash Cond": "(lineitem.l_partkey = part.p_partkey), (LLVM Optimized)", "Plans": [{"Node Type": "Index Scan", "Parent Relationship": "Outer", "Scan Direction": "Forward", "Index Name": "idx_lineitem_shipdate", "Relation Name": "lineitem", "Alias": "lineitem", "Startup Cost": 0.0, "Total Cost": 2327686.3, "Plan Rows": 719903, "Plan Width": 24, "Index Cond": "((l_shipdate >= '1996-12-01 00:00:00'::timestamp(0) without time zone) AND (l_shipdate < '1997-01-01 00:00:00'::timestamp without time zone)), (LLVM Optimized)"}, {"Node Type": "Hash", "Parent Relationship": "Inner", "Startup Cost": 61944.0, "Total Cost": 61944.0, "Plan Rows": 2000000, "Plan Width": 29, "Plans": [{"Node Type": "Seq Scan", "Parent Relationship": "Outer", "Relation Name": "part", "Alias": "part", "Startup Cost": 0.0, "Total Cost": 61944.0, "Plan Rows": 2000000, "Plan Width": 29}]}]}]}, "Unique SQL Id": 379939634, "Planner Runtime": 0}, "explain_analyze_plan": {"Plan": {"Node Type": "Aggregate", "Strategy": "Plain", "Startup Cost": 2437127.27, "Total Cost": 2437127.29, "Plan Rows": 1, "Plan Width": 53, "Actual Startup Time": 4525.793, "Actual Total Time": 4525.793, "Actual Rows": 1, "Actual Loops": 1, "Plans": [{"Node Type": "Hash Join", "Parent Relationship": "Outer", "Join Type": "Inner", "Startup Cost": 86944.0, "Total Cost": 2424528.97, "Plan Rows": 719903, "Plan Width": 37, "Actual Startup Time": 1494.321, "Actual Total Time": 4138.797, "Actual Rows": 772803, "Actual Loops": 1, "Inner Unique": true, "Hash Cond": "(lineitem.l_partkey = part.p_partkey), (LLVM Optimized, Jit Execute)", "Plans": [{"Node Type": "Index Scan", "Parent Relationship": "Outer", "Scan Direction": "Forward", "Index Name": "idx_lineitem_shipdate", "Relation Name": "lineitem", "Alias": "lineitem", "Startup Cost": 0.0, "Total Cost": 2327686.3, "Plan Rows": 719903, "Plan Width": 24, "Actual Startup Time": 0.03, "Actual Total Time": 1959.535, "Actual Rows": 772803, "Actual Loops": 1, "Index Cond": "((l_shipdate >= '1996-12-01 00:00:00'::timestamp(0) without time zone) AND (l_shipdate < '1997-01-01 00:00:00'::timestamp without time zone)), (LLVM Optimized, Jit Execute)", "Rows Removed by Index Recheck": 0}, {"Node Type": "Hash", "Parent Relationship": "Inner", "Startup Cost": 61944.0, "Total Cost": 61944.0, "Plan Rows": 2000000, "Plan Width": 29, "Actual Startup Time": 1492.995, "Actual Total Time": 1492.995, "Actual Rows": 2000000, "Actual Loops": 1, "Hash Buckets": 2097152, "Hash Batches": 1, "Original Hash Batches": 1, "Peak Memory Usage": 126040, "Plans": [{"Node Type": "Seq Scan", "Parent Relationship": "Outer", "Relation Name": "part", "Alias": "part", "Startup Cost": 0.0, "Total Cost": 61944.0, "Plan Rows": 2000000, "Plan Width": 29, "Actual Startup Time": 0.021, "Actual Total Time": 722.812, "Actual Rows": 2000000, "Actual Loops": 1}]}]}]}, "Triggers": [], "Planner Runtime": 0, "Total Runtime": 4540.025, "Unique SQL Id": 379939634}}, "(16, 13)": {"explain_plan": {"Plan": {"Node Type": "Aggregate", "Strategy": "Plain", "Startup Cost": 2475986.52, "Total Cost": 2475986.54, "Plan Rows": 1, "Plan Width": 53, "Plans": [{"Node Type": "Hash Join", "Parent Relationship": "Outer", "Join Type": "Inner", "Startup Cost": 125803.25, "Total Cost": 2463388.22, "Plan Rows": 719903, "Plan Width": 37, "Inner Unique": true, "Hash Cond": "(lineitem.l_partkey = part.p_partkey), (LLVM Optimized)", "Plans": [{"Node Type": "Index Scan", "Parent Relationship": "Outer", "Scan Direction": "Forward", "Index Name": "idx_lineitem_shipdate", "Relation Name": "lineitem", "Alias": "lineitem", "Startup Cost": 0.0, "Total Cost": 2327686.3, "Plan Rows": 719903, "Plan Width": 24, "Index Cond": "((l_shipdate >= '1996-12-01 00:00:00'::timestamp(0) without time zone) AND (l_shipdate < '1997-01-01 00:00:00'::timestamp without time zone)), (LLVM Optimized)"}, {"Node Type": "Hash", "Parent Relationship": "Inner", "Startup Cost": 100803.25, "Total Cost": 100803.25, "Plan Rows": 2000000, "Plan Width": 29, "Plans": [{"Node Type": "Index Scan", "Parent Relationship": "Outer", "Scan Direction": "Forward", "Index Name": "part_kpey", "Relation Name": "part", "Alias": "part", "Startup Cost": 0.0, "Total Cost": 100803.25, "Plan Rows": 2000000, "Plan Width": 29}]}]}]}, "Unique SQL Id": 379939634, "Planner Runtime": 0}, "explain_analyze_plan": {"Plan": {"Node Type": "Aggregate", "Strategy": "Plain", "Startup Cost": 2475986.52, "Total Cost": 2475986.54, "Plan Rows": 1, "Plan Width": 53, "Actual Startup Time": 5005.785, "Actual Total Time": 5005.785, "Actual Rows": 1, "Actual Loops": 1, "Plans": [{"Node Type": "Hash Join", "Parent Relationship": "Outer", "Join Type": "Inner", "Startup Cost": 125803.25, "Total Cost": 2463388.22, "Plan Rows": 719903, "Plan Width": 37, "Actual Startup Time": 2118.049, "Actual Total Time": 4619.544, "Actual Rows": 772803, "Actual Loops": 1, "Inner Unique": true, "Hash Cond": "(lineitem.l_partkey = part.p_partkey), (LLVM Optimized, Jit Execute)", "Plans": [{"Node Type": "Index Scan", "Parent Relationship": "Outer", "Scan Direction": "Forward", "Index Name": "idx_lineitem_shipdate", "Relation Name": "lineitem", "Alias": "lineitem", "Startup Cost": 0.0, "Total Cost": 2327686.3, "Plan Rows": 719903, "Plan Width": 24, "Actual Startup Time": 0.032, "Actual Total Time": 1896.213, "Actual Rows": 772803, "Actual Loops": 1, "Index Cond": "((l_shipdate >= '1996-12-01 00:00:00'::timestamp(0) without time zone) AND (l_shipdate < '1997-01-01 00:00:00'::timestamp without time zone)), (LLVM Optimized, Jit Execute)", "Rows Removed by Index Recheck": 0}, {"Node Type": "Hash", "Parent Relationship": "Inner", "Startup Cost": 100803.25, "Total Cost": 100803.25, "Plan Rows": 2000000, "Plan Width": 29, "Actual Startup Time": 2116.749, "Actual Total Time": 2116.749, "Actual Rows": 2000000, "Actual Loops": 1, "Hash Buckets": 2097152, "Hash Batches": 1, "Original Hash Batches": 1, "Peak Memory Usage": 126040, "Plans": [{"Node Type": "Index Scan", "Parent Relationship": "Outer", "Scan Direction": "Forward", "Index Name": "part_kpey", "Relation Name": "part", "Alias": "part", "Startup Cost": 0.0, "Total Cost": 100803.25, "Plan Rows": 2000000, "Plan Width": 29, "Actual Startup Time": 0.024, "Actual Total Time": 1436.987, "Actual Rows": 2000000, "Actual Loops": 1}]}]}]}, "Triggers": [], "Planner Runtime": 0, "Total Runtime": 5019.722, "Unique SQL Id": 379939634}}, "(16, 14)": {"explain_plan": {"Plan": {"Node Type": "Aggregate", "Strategy": "Plain", "Startup Cost": 2424491.46, "Total Cost": 2424491.48, "Plan Rows": 1, "Plan Width": 53, "Plans": [{"Node Type": "Hash Join", "Parent Relationship": "Outer", "Join Type": "Inner", "Startup Cost": 86988.5, "Total Cost": 2411893.16, "Plan Rows": 719903, "Plan Width": 37, "Inner Unique": true, "Hash Cond": "(lineitem.l_partkey = part.p_partkey), (LLVM Optimized)", "Plans": [{"Node Type": "Seq Scan", "Parent Relationship": "Outer", "Relation Name": "lineitem", "Alias": "lineitem", "Startup Cost": 44.5, "Total Cost": 2315050.5, "Plan Rows": 719903, "Plan Width": 24, "Filter": "((l_shipdate >= '1996-12-01 00:00:00'::timestamp(0) without time zone) AND (l_shipdate < '1997-01-01 00:00:00'::timestamp without time zone)), (LLVM Optimized)"}, {"Node Type": "Hash", "Parent Relationship": "Inner", "Startup Cost": 61944.0, "Total Cost": 61944.0, "Plan Rows": 2000000, "Plan Width": 29, "Plans": [{"Node Type": "Seq Scan", "Parent Relationship": "Outer", "Relation Name": "part", "Alias": "part", "Startup Cost": 0.0, "Total Cost": 61944.0, "Plan Rows": 2000000, "Plan Width": 29}]}]}]}, "Unique SQL Id": 379939634, "Planner Runtime": 0}, "explain_analyze_plan": null}, "(16, 15)": {"explain_plan": {"Plan": {"Node Type": "Aggregate", "Strategy": "Plain", "Startup Cost": 2000799156591.82, "Total Cost": 2000799156591.84, "Plan Rows": 1, "Plan Width": 53, "Plans": [{"Node Type": "Merge Join", "Parent Relationship": "Outer", "Join Type": "Inner", "Startup Cost": 20044550453.84, "Total Cost": 2000799143993.52, "Plan Rows": 719903, "Plan Width": 37, "Inner Unique": true, "Merge Cond": "(lineitem.l_partkey = part.p_partkey)", "Plans": [{"Node Type": "Index Scan", "Parent Relationship": "Outer", "Scan Direction": "Forward", "Index Name": "idx_lineitem_part_supp", "Relation Name": "lineitem", "Alias": "lineitem", "Startup Cost": 10000000000.0, "Total Cost": 1000805384836.14, "Plan Rows": 719903, "Plan Width": 24, "Filter": "((l_shipdate >= '1996-12-01 00:00:00'::timestamp(0) without time zone) AND (l_shipdate < '1997-01-01 00:00:00'::timestamp without time zone)), (LLVM Optimized)"}, {"Node Type": "Index Scan", "Parent Relationship": "Inner", "Scan Direction": "Forward", "Index Name": "part_kpey", "Relation Name": "part", "Alias": "part", "Startup Cost": 10000000000.0, "Total Cost": 1000010080325.0, "Plan Rows": 2000000, "Plan Width": 29}]}]}, "Unique SQL Id": 379939634, "Planner Runtime": 0}, "explain_analyze_plan": null}, "(16, 16)": {"explain_plan": {"Plan": {"Node Type": "Aggregate", "Strategy": "Plain", "Startup Cost": 1434236.03, "Total Cost": 1434236.04, "Plan Rows": 1, "Plan Width": 53, "Plans": [{"Node Type": "Merge Join", "Parent Relationship": "Outer", "Join Type": "Inner", "Startup Cost": 1305042.44, "Total Cost": 1421637.72, "Plan Rows": 719903, "Plan Width": 37, "Inner Unique": false, "Merge Cond": "(part.p_partkey = lineitem.l_partkey)", "Plans": [{"Node Type": "Index Scan", "Parent Relationship": "Outer", "Scan Direction": "Forward", "Index Name": "part_kpey", "Relation Name": "part", "Alias": "part", "Startup Cost": 0.0, "Total Cost": 100803.25, "Plan Rows": 2000000, "Plan Width": 29}, {"Node Type": "Sort", "Parent Relationship": "Inner", "Startup Cost": 1305037.68, "Total Cost": 1306837.43, "Plan Rows": 719903, "Plan Width": 24, "Sort Key": ["lineitem.l_partkey"], "Plans": [{"Node Type": "Bitmap Heap Scan", "Parent Relationship": "Outer", "Relation Name": "lineitem", "Alias": "lineitem", "Startup Cost": 24943.26, "Total Cost": 1235000.32, "Plan Rows": 719903, "Plan Width": 24, "Recheck Cond": "((l_shipdate >= '1996-12-01 00:00:00'::timestamp(0) without time zone) AND (l_shipdate < '1997-01-01 00:00:00'::timestamp without time zone)), (LLVM Optimized)", "Plans": [{"Node Type": "Bitmap Index Scan", "Parent Relationship": "Outer", "Index Name": "idx_lineitem_shipdate", "Startup Cost": 0.0, "Total Cost": 24763.28, "Plan Rows": 719903, "Plan Width": 0, "Index Cond": "((l_shipdate >= '1996-12-01 00:00:00'::timestamp(0) without time zone) AND (l_shipdate < '1997-01-01 00:00:00'::timestamp without time zone))"}]}]}]}]}, "Unique SQL Id": 379939634, "Planner Runtime": 0}, "explain_analyze_plan": {"Plan": {"Node Type": "Aggregate", "Strategy": "Plain", "Startup Cost": 1434236.03, "Total Cost": 1434236.04, "Plan Rows": 1, "Plan Width": 53, "Actual Startup Time": 4566.783, "Actual Total Time": 4566.784, "Actual Rows": 1, "Actual Loops": 1, "Plans": [{"Node Type": "Merge Join", "Parent Relationship": "Outer", "Join Type": "Inner", "Startup Cost": 1305042.44, "Total Cost": 1421637.72, "Plan Rows": 719903, "Plan Width": 37, "Actual Startup Time": 2095.581, "Actual Total Time": 4179.805, "Actual Rows": 772803, "Actual Loops": 1, "Inner Unique": false, "Merge Cond": "(part.p_partkey = lineitem.l_partkey)", "Plans": [{"Node Type": "Index Scan", "Parent Relationship": "Outer", "Scan Direction": "Forward", "Index Name": "part_kpey", "Relation Name": "part", "Alias": "part", "Startup Cost": 0.0, "Total Cost": 100803.25, "Plan Rows": 2000000, "Plan Width": 29, "Actual Startup Time": 0.027, "Actual Total Time": 1257.76, "Actual Rows": 2000000, "Actual Loops": 1}, {"Node Type": "Sort", "Parent Relationship": "Inner", "Startup Cost": 1305037.68, "Total Cost": 1306837.43, "Plan Rows": 719903, "Plan Width": 24, "Actual Startup Time": 2095.522, "Actual Total Time": 2286.701, "Actual Rows": 772803, "Actual Loops": 1, "Sort Key": ["lineitem.l_partkey"], "Sort Method": "quicksort", "Sort Space Used": 97027, "Sort Space Type": "Memory", "Plans": [{"Node Type": "Bitmap Heap Scan", "Parent Relationship": "Outer", "Relation Name": "lineitem", "Alias": "lineitem", "Startup Cost": 24943.26, "Total Cost": 1235000.32, "Plan Rows": 719903, "Plan Width": 24, "Actual Startup Time": 472.993, "Actual Total Time": 1755.982, "Actual Rows": 772803, "Actual Loops": 1, "Recheck Cond": "((l_shipdate >= '1996-12-01 00:00:00'::timestamp(0) without time zone) AND (l_shipdate < '1997-01-01 00:00:00'::timestamp without time zone)), (LLVM Optimized, Jit Execute)", "Rows Removed by Index Recheck": 0, "Exact Heap Blocks": 437909, "Lossy Heap Blocks": 437909, "Plans": [{"Node Type": "Bitmap Index Scan", "Parent Relationship": "Outer", "Index Name": "idx_lineitem_shipdate", "Startup Cost": 0.0, "Total Cost": 24763.28, "Plan Rows": 719903, "Plan Width": 0, "Actual Startup Time": 300.649, "Actual Total Time": 300.649, "Actual Rows": 772803, "Actual Loops": 1, "Index Cond": "((l_shipdate >= '1996-12-01 00:00:00'::timestamp(0) without time zone) AND (l_shipdate < '1997-01-01 00:00:00'::timestamp without time zone))"}]}]}]}]}, "Triggers": [], "Planner Runtime": 0, "Total Runtime": 4578.029, "Unique SQL Id": 379939634}}, "(16, 17)": {"explain_plan": {"Plan": {"Node Type": "Aggregate", "Strategy": "Plain", "Startup Cost": 1434236.03, "Total Cost": 1434236.04, "Plan Rows": 1, "Plan Width": 53, "Plans": [{"Node Type": "Merge Join", "Parent Relationship": "Outer", "Join Type": "Inner", "Startup Cost": 1305042.44, "Total Cost": 1421637.72, "Plan Rows": 719903, "Plan Width": 37, "Inner Unique": true, "Merge Cond": "(lineitem.l_partkey = part.p_partkey)", "Plans": [{"Node Type": "Sort", "Parent Relationship": "Outer", "Startup Cost": 1305037.68, "Total Cost": 1306837.43, "Plan Rows": 719903, "Plan Width": 24, "Sort Key": ["lineitem.l_partkey"], "Plans": [{"Node Type": "Bitmap Heap Scan", "Parent Relationship": "Outer", "Relation Name": "lineitem", "Alias": "lineitem", "Startup Cost": 24943.26, "Total Cost": 1235000.32, "Plan Rows": 719903, "Plan Width": 24, "Recheck Cond": "((l_shipdate >= '1996-12-01 00:00:00'::timestamp(0) without time zone) AND (l_shipdate < '1997-01-01 00:00:00'::timestamp without time zone)), (LLVM Optimized)", "Plans": [{"Node Type": "Bitmap Index Scan", "Parent Relationship": "Outer", "Index Name": "idx_lineitem_shipdate", "Startup Cost": 0.0, "Total Cost": 24763.28, "Plan Rows": 719903, "Plan Width": 0, "Index Cond": "((l_shipdate >= '1996-12-01 00:00:00'::timestamp(0) without time zone) AND (l_shipdate < '1997-01-01 00:00:00'::timestamp without time zone))"}]}]}, {"Node Type": "Index Scan", "Parent Relationship": "Inner", "Scan Direction": "Forward", "Index Name": "part_kpey", "Relation Name": "part", "Alias": "part", "Startup Cost": 0.0, "Total Cost": 100803.25, "Plan Rows": 2000000, "Plan Width": 29}]}]}, "Unique SQL Id": 379939634, "Planner Runtime": 1}, "explain_analyze_plan": {"Plan": {"Node Type": "Aggregate", "Strategy": "Plain", "Startup Cost": 1434236.03, "Total Cost": 1434236.04, "Plan Rows": 1, "Plan Width": 53, "Actual Startup Time": 4633.833, "Actual Total Time": 4633.833, "Actual Rows": 1, "Actual Loops": 1, "Plans": [{"Node Type": "Merge Join", "Parent Relationship": "Outer", "Join Type": "Inner", "Startup Cost": 1305042.44, "Total Cost": 1421637.72, "Plan Rows": 719903, "Plan Width": 37, "Actual Startup Time": 2145.392, "Actual Total Time": 4252.723, "Actual Rows": 772803, "Actual Loops": 1, "Inner Unique": true, "Merge Cond": "(lineitem.l_partkey = part.p_partkey)", "Plans": [{"Node Type": "Sort", "Parent Relationship": "Outer", "Startup Cost": 1305037.68, "Total Cost": 1306837.43, "Plan Rows": 719903, "Plan Width": 24, "Actual Startup Time": 2145.329, "Actual Total Time": 2327.585, "Actual Rows": 772803, "Actual Loops": 1, "Sort Key": ["lineitem.l_partkey"], "Sort Method": "quicksort", "Sort Space Used": 97027, "Sort Space Type": "Memory", "Plans": [{"Node Type": "Bitmap Heap Scan", "Parent Relationship": "Outer", "Relation Name": "lineitem", "Alias": "lineitem", "Startup Cost": 24943.26, "Total Cost": 1235000.32, "Plan Rows": 719903, "Plan Width": 24, "Actual Startup Time": 458.079, "Actual Total Time": 1798.555, "Actual Rows": 772803, "Actual Loops": 1, "Recheck Cond": "((l_shipdate >= '1996-12-01 00:00:00'::timestamp(0) without time zone) AND (l_shipdate < '1997-01-01 00:00:00'::timestamp without time zone)), (LLVM Optimized, Jit Execute)", "Rows Removed by Index Recheck": 0, "Exact Heap Blocks": 437909, "Lossy Heap Blocks": 437909, "Plans": [{"Node Type": "Bitmap Index Scan", "Parent Relationship": "Outer", "Index Name": "idx_lineitem_shipdate", "Startup Cost": 0.0, "Total Cost": 24763.28, "Plan Rows": 719903, "Plan Width": 0, "Actual Startup Time": 289.322, "Actual Total Time": 289.322, "Actual Rows": 772803, "Actual Loops": 1, "Index Cond": "((l_shipdate >= '1996-12-01 00:00:00'::timestamp(0) without time zone) AND (l_shipdate < '1997-01-01 00:00:00'::timestamp without time zone))"}]}]}, {"Node Type": "Index Scan", "Parent Relationship": "Inner", "Scan Direction": "Forward", "Index Name": "part_kpey", "Relation Name": "part", "Alias": "part", "Startup Cost": 0.0, "Total Cost": 100803.25, "Plan Rows": 2000000, "Plan Width": 29, "Actual Startup Time": 0.045, "Actual Total Time": 1215.234, "Actual Rows": 1999999, "Actual Loops": 1}]}]}, "Triggers": [], "Planner Runtime": 0, "Total Runtime": 4645.244, "Unique SQL Id": 379939634}}, "(16, 18)": {"explain_plan": {"Plan": {"Node Type": "Aggregate", "Strategy": "Plain", "Startup Cost": 1609694.04, "Total Cost": 1609694.06, "Plan Rows": 1, "Plan Width": 53, "Plans": [{"Node Type": "Merge Join", "Parent Relationship": "Outer", "Join Type": "Inner", "Startup Cost": 1576297.81, "Total Cost": 1597095.74, "Plan Rows": 719903, "Plan Width": 37, "Inner Unique": true, "Merge Cond": "(lineitem.l_partkey = part.p_partkey)", "Plans": [{"Node Type": "Sort", "Parent Relationship": "Outer", "Startup Cost": 1305037.68, "Total Cost": 1306837.43, "Plan Rows": 719903, "Plan Width": 24, "Sort Key": ["lineitem.l_partkey"], "Plans": [{"Node Type": "Bitmap Heap Scan", "Parent Relationship": "Outer", "Relation Name": "lineitem", "Alias": "lineitem", "Startup Cost": 24943.26, "Total Cost": 1235000.32, "Plan Rows": 719903, "Plan Width": 24, "Recheck Cond": "((l_shipdate >= '1996-12-01 00:00:00'::timestamp(0) without time zone) AND (l_shipdate < '1997-01-01 00:00:00'::timestamp without time zone)), (LLVM Optimized)", "Plans": [{"Node Type": "Bitmap Index Scan", "Parent Relationship": "Outer", "Index Name": "idx_lineitem_shipdate", "Startup Cost": 0.0, "Total Cost": 24763.28, "Plan Rows": 719903, "Plan Width": 0, "Index Cond": "((l_shipdate >= '1996-12-01 00:00:00'::timestamp(0) without time zone) AND (l_shipdate < '1997-01-01 00:00:00'::timestamp without time zone))"}]}]}, {"Node Type": "Sort", "Parent Relationship": "Inner", "Startup Cost": 271259.69, "Total Cost": 276259.69, "Plan Rows": 2000000, "Plan Width": 29, "Sort Key": ["part.p_partkey"], "Plans": [{"Node Type": "Seq Scan", "Parent Relationship": "Outer", "Relation Name": "part", "Alias": "part", "Startup Cost": 0.0, "Total Cost": 61944.0, "Plan Rows": 2000000, "Plan Width": 29}]}]}]}, "Unique SQL Id": 379939634, "Planner Runtime": 0}, "explain_analyze_plan": {"Plan": {"Node Type": "Aggregate", "Strategy": "Plain", "Startup Cost": 1609694.04, "Total Cost": 1609694.06, "Plan Rows": 1, "Plan Width": 53, "Actual Startup Time": 4935.068, "Actual Total Time": 4935.069, "Actual Rows": 1, "Actual Loops": 1, "Plans": [{"Node Type": "Merge Join", "Parent Relationship": "Outer", "Join Type": "Inner", "Startup Cost": 1576297.81, "Total Cost": 1597095.74, "Plan Rows": 719903, "Plan Width": 37, "Actual Startup Time": 3400.244, "Actual Total Time": 4584.196, "Actual Rows": 772803, "Actual Loops": 1, "Inner Unique": true, "Merge Cond": "(lineitem.l_partkey = part.p_partkey)", "Plans": [{"Node Type": "Sort", "Parent Relationship": "Outer", "Startup Cost": 1305037.68, "Total Cost": 1306837.43, "Plan Rows": 719903, "Plan Width": 24, "Actual Startup Time": 2071.666, "Actual Total Time": 2285.108, "Actual Rows": 772803, "Actual Loops": 1, "Sort Key": ["lineitem.l_partkey"], "Sort Method": "quicksort", "Sort Space Used": 97027, "Sort Space Type": "Memory", "Plans": [{"Node Type": "Bitmap Heap Scan", "Parent Relationship": "Outer", "Relation Name": "lineitem", "Alias": "lineitem", "Startup Cost": 24943.26, "Total Cost": 1235000.32, "Plan Rows": 719903, "Plan Width": 24, "Actual Startup Time": 432.886, "Actual Total Time": 1741.317, "Actual Rows": 772803, "Actual Loops": 1, "Recheck Cond": "((l_shipdate >= '1996-12-01 00:00:00'::timestamp(0) without time zone) AND (l_shipdate < '1997-01-01 00:00:00'::timestamp without time zone)), (LLVM Optimized, Jit Execute)", "Rows Removed by Index Recheck": 0, "Exact Heap Blocks": 437909, "Lossy Heap Blocks": 437909, "Plans": [{"Node Type": "Bitmap Index Scan", "Parent Relationship": "Outer", "Index Name": "idx_lineitem_shipdate", "Startup Cost": 0.0, "Total Cost": 24763.28, "Plan Rows": 719903, "Plan Width": 0, "Actual Startup Time": 270.117, "Actual Total Time": 270.117, "Actual Rows": 772803, "Actual Loops": 1, "Index Cond": "((l_shipdate >= '1996-12-01 00:00:00'::timestamp(0) without time zone) AND (l_shipdate < '1997-01-01 00:00:00'::timestamp without time zone))"}]}]}, {"Node Type": "Sort", "Parent Relationship": "Inner", "Startup Cost": 271259.69, "Total Cost": 276259.69, "Plan Rows": 2000000, "Plan Width": 29, "Actual Startup Time": 1328.557, "Actual Total Time": 1635.163, "Actual Rows": 1999999, "Actual Loops": 1, "Sort Key": ["part.p_partkey"], "Sort Method": "quicksort", "Sort Space Used": 236653, "Sort Space Type": "Memory", "Plans": [{"Node Type": "Seq Scan", "Parent Relationship": "Outer", "Relation Name": "part", "Alias": "part", "Startup Cost": 0.0, "Total Cost": 61944.0, "Plan Rows": 2000000, "Plan Width": 29, "Actual Startup Time": 0.054, "Actual Total Time": 664.794, "Actual Rows": 2000000, "Actual Loops": 1}]}]}]}, "Triggers": [], "Planner Runtime": 0, "Total Runtime": 4946.183, "Unique SQL Id": 379939634}}, "(16, 19)": {"explain_plan": {"Plan": {"Node Type": "Aggregate", "Strategy": "Plain", "Startup Cost": 4357819.44, "Total Cost": 4357819.45, "Plan Rows": 1, "Plan Width": 53, "Plans": [{"Node Type": "Nested Loop", "Parent Relationship": "Outer", "Join Type": "Inner", "Startup Cost": 24943.55, "Total Cost": 4345221.13, "Plan Rows": 719903, "Plan Width": 37, "Inner Unique": true, "Plans": [{"Node Type": "Bitmap Heap Scan", "Parent Relationship": "Outer", "Relation Name": "lineitem", "Alias": "lineitem", "Startup Cost": 24943.26, "Total Cost": 1235000.32, "Plan Rows": 719903, "Plan Width": 24, "Recheck Cond": "((l_shipdate >= '1996-12-01 00:00:00'::timestamp(0) without time zone) AND (l_shipdate < '1997-01-01 00:00:00'::timestamp without time zone)), (LLVM Optimized)", "Plans": [{"Node Type": "Bitmap Index Scan", "Parent Relationship": "Outer", "Index Name": "idx_lineitem_shipdate", "Startup Cost": 0.0, "Total Cost": 24763.28, "Plan Rows": 719903, "Plan Width": 0, "Index Cond": "((l_shipdate >= '1996-12-01 00:00:00'::timestamp(0) without time zone) AND (l_shipdate < '1997-01-01 00:00:00'::timestamp without time zone))"}]}, {"Node Type": "Bitmap Heap Scan", "Parent Relationship": "Inner", "Relation Name": "part", "Alias": "part", "Startup Cost": 0.3, "Total Cost": 4.31, "Plan Rows": 1, "Plan Width": 29, "Recheck Cond": "(p_partkey = lineitem.l_partkey)", "Plans": [{"Node Type": "Bitmap Index Scan", "Parent Relationship": "Outer", "Index Name": "part_kpey", "Startup Cost": 0.0, "Total Cost": 0.3, "Plan Rows": 1, "Plan Width": 0, "Index Cond": "(p_partkey = lineitem.l_partkey)"}]}]}]}, "Unique SQL Id": 379939634, "Planner Runtime": 0}, "explain_analyze_plan": {"Plan": {"Node Type": "Aggregate", "Strategy": "Plain", "Startup Cost": 4357819.44, "Total Cost": 4357819.45, "Plan Rows": 1, "Plan Width": 53, "Actual Startup Time": 8616.5, "Actual Total Time": 8616.5, "Actual Rows": 1, "Actual Loops": 1, "Plans": [{"Node Type": "Nested Loop", "Parent Relationship": "Outer", "Join Type": "Inner", "Startup Cost": 24943.55, "Total Cost": 4345221.13, "Plan Rows": 719903, "Plan Width": 37, "Actual Startup Time": 451.969, "Actual Total Time": 8100.257, "Actual Rows": 772803, "Actual Loops": 1, "Inner Unique": true, "Plans": [{"Node Type": "Bitmap Heap Scan", "Parent Relationship": "Outer", "Relation Name": "lineitem", "Alias": "lineitem", "Startup Cost": 24943.26, "Total Cost": 1235000.32, "Plan Rows": 719903, "Plan Width": 24, "Actual Startup Time": 451.841, "Actual Total Time": 1732.82, "Actual Rows": 772803, "Actual Loops": 1, "Recheck Cond": "((l_shipdate >= '1996-12-01 00:00:00'::timestamp(0) without time zone) AND (l_shipdate < '1997-01-01 00:00:00'::timestamp without time zone)), (LLVM Optimized, Jit Execute)", "Rows Removed by Index Recheck": 0, "Exact Heap Blocks": 437909, "Lossy Heap Blocks": 437909, "Plans": [{"Node Type": "Bitmap Index Scan", "Parent Relationship": "Outer", "Index Name": "idx_lineitem_shipdate", "Startup Cost": 0.0, "Total Cost": 24763.28, "Plan Rows": 719903, "Plan Width": 0, "Actual Startup Time": 282.36, "Actual Total Time": 282.36, "Actual Rows": 772803, "Actual Loops": 1, "Index Cond": "((l_shipdate >= '1996-12-01 00:00:00'::timestamp(0) without time zone) AND (l_shipdate < '1997-01-01 00:00:00'::timestamp without time zone))"}]}, {"Node Type": "Bitmap Heap Scan", "Parent Relationship": "Inner", "Relation Name": "part", "Alias": "part", "Startup Cost": 0.3, "Total Cost": 4.31, "Plan Rows": 1, "Plan Width": 29, "Actual Startup Time": 5308.407, "Actual Total Time": 5308.407, "Actual Rows": 772803, "Actual Loops": 772803, "Recheck Cond": "(p_partkey = lineitem.l_partkey)", "Rows Removed by Index Recheck": 0, "Exact Heap Blocks": 772803, "Lossy Heap Blocks": 772803, "Plans": [{"Node Type": "Bitmap Index Scan", "Parent Relationship": "Outer", "Index Name": "part_kpey", "Startup Cost": 0.0, "Total Cost": 0.3, "Plan Rows": 1, "Plan Width": 0, "Actual Startup Time": 3239.468, "Actual Total Time": 3239.468, "Actual Rows": 772803, "Actual Loops": 772803, "Index Cond": "(p_partkey = lineitem.l_partkey)"}]}]}]}, "Triggers": [], "Planner Runtime": 0, "Total Runtime": 8628.033, "Unique SQL Id": 379939634}}, "(16, 20)": {"explain_plan": {"Plan": {"Node Type": "Aggregate", "Strategy": "Plain", "Startup Cost": 1434236.03, "Total Cost": 1434236.04, "Plan Rows": 1, "Plan Width": 53, "Plans": [{"Node Type": "Merge Join", "Parent Relationship": "Outer", "Join Type": "Inner", "Startup Cost": 1305042.44, "Total Cost": 1421637.72, "Plan Rows": 719903, "Plan Width": 37, "Inner Unique": false, "Merge Cond": "(part.p_partkey = lineitem.l_partkey)", "Plans": [{"Node Type": "Index Scan", "Parent Relationship": "Outer", "Scan Direction": "Forward", "Index Name": "part_kpey", "Relation Name": "part", "Alias": "part", "Startup Cost": 0.0, "Total Cost": 100803.25, "Plan Rows": 2000000, "Plan Width": 29}, {"Node Type": "Sort", "Parent Relationship": "Inner", "Startup Cost": 1305037.68, "Total Cost": 1306837.43, "Plan Rows": 719903, "Plan Width": 24, "Sort Key": ["lineitem.l_partkey"], "Plans": [{"Node Type": "Bitmap Heap Scan", "Parent Relationship": "Outer", "Relation Name": "lineitem", "Alias": "lineitem", "Startup Cost": 24943.26, "Total Cost": 1235000.32, "Plan Rows": 719903, "Plan Width": 24, "Recheck Cond": "((l_shipdate >= '1996-12-01 00:00:00'::timestamp(0) without time zone) AND (l_shipdate < '1997-01-01 00:00:00'::timestamp without time zone)), (LLVM Optimized)", "Plans": [{"Node Type": "Bitmap Index Scan", "Parent Relationship": "Outer", "Index Name": "idx_lineitem_shipdate", "Startup Cost": 0.0, "Total Cost": 24763.28, "Plan Rows": 719903, "Plan Width": 0, "Index Cond": "((l_shipdate >= '1996-12-01 00:00:00'::timestamp(0) without time zone) AND (l_shipdate < '1997-01-01 00:00:00'::timestamp without time zone))"}]}]}]}]}, "Unique SQL Id": 379939634, "Planner Runtime": 0}, "explain_analyze_plan": {"Plan": {"Node Type": "Aggregate", "Strategy": "Plain", "Startup Cost": 1434236.03, "Total Cost": 1434236.04, "Plan Rows": 1, "Plan Width": 53, "Actual Startup Time": 4566.783, "Actual Total Time": 4566.784, "Actual Rows": 1, "Actual Loops": 1, "Plans": [{"Node Type": "Merge Join", "Parent Relationship": "Outer", "Join Type": "Inner", "Startup Cost": 1305042.44, "Total Cost": 1421637.72, "Plan Rows": 719903, "Plan Width": 37, "Actual Startup Time": 2095.581, "Actual Total Time": 4179.805, "Actual Rows": 772803, "Actual Loops": 1, "Inner Unique": false, "Merge Cond": "(part.p_partkey = lineitem.l_partkey)", "Plans": [{"Node Type": "Index Scan", "Parent Relationship": "Outer", "Scan Direction": "Forward", "Index Name": "part_kpey", "Relation Name": "part", "Alias": "part", "Startup Cost": 0.0, "Total Cost": 100803.25, "Plan Rows": 2000000, "Plan Width": 29, "Actual Startup Time": 0.027, "Actual Total Time": 1257.76, "Actual Rows": 2000000, "Actual Loops": 1}, {"Node Type": "Sort", "Parent Relationship": "Inner", "Startup Cost": 1305037.68, "Total Cost": 1306837.43, "Plan Rows": 719903, "Plan Width": 24, "Actual Startup Time": 2095.522, "Actual Total Time": 2286.701, "Actual Rows": 772803, "Actual Loops": 1, "Sort Key": ["lineitem.l_partkey"], "Sort Method": "quicksort", "Sort Space Used": 97027, "Sort Space Type": "Memory", "Plans": [{"Node Type": "Bitmap Heap Scan", "Parent Relationship": "Outer", "Relation Name": "lineitem", "Alias": "lineitem", "Startup Cost": 24943.26, "Total Cost": 1235000.32, "Plan Rows": 719903, "Plan Width": 24, "Actual Startup Time": 472.993, "Actual Total Time": 1755.982, "Actual Rows": 772803, "Actual Loops": 1, "Recheck Cond": "((l_shipdate >= '1996-12-01 00:00:00'::timestamp(0) without time zone) AND (l_shipdate < '1997-01-01 00:00:00'::timestamp without time zone)), (LLVM Optimized, Jit Execute)", "Rows Removed by Index Recheck": 0, "Exact Heap Blocks": 437909, "Lossy Heap Blocks": 437909, "Plans": [{"Node Type": "Bitmap Index Scan", "Parent Relationship": "Outer", "Index Name": "idx_lineitem_shipdate", "Startup Cost": 0.0, "Total Cost": 24763.28, "Plan Rows": 719903, "Plan Width": 0, "Actual Startup Time": 300.649, "Actual Total Time": 300.649, "Actual Rows": 772803, "Actual Loops": 1, "Index Cond": "((l_shipdate >= '1996-12-01 00:00:00'::timestamp(0) without time zone) AND (l_shipdate < '1997-01-01 00:00:00'::timestamp without time zone))"}]}]}]}]}, "Triggers": [], "Planner Runtime": 0, "Total Runtime": 4578.029, "Unique SQL Id": 379939634}}, "(16, 21)": {"explain_plan": {"Plan": {"Node Type": "Aggregate", "Strategy": "Plain", "Startup Cost": 1434236.03, "Total Cost": 1434236.04, "Plan Rows": 1, "Plan Width": 53, "Plans": [{"Node Type": "Merge Join", "Parent Relationship": "Outer", "Join Type": "Inner", "Startup Cost": 1305042.44, "Total Cost": 1421637.72, "Plan Rows": 719903, "Plan Width": 37, "Inner Unique": true, "Merge Cond": "(lineitem.l_partkey = part.p_partkey)", "Plans": [{"Node Type": "Sort", "Parent Relationship": "Outer", "Startup Cost": 1305037.68, "Total Cost": 1306837.43, "Plan Rows": 719903, "Plan Width": 24, "Sort Key": ["lineitem.l_partkey"], "Plans": [{"Node Type": "Bitmap Heap Scan", "Parent Relationship": "Outer", "Relation Name": "lineitem", "Alias": "lineitem", "Startup Cost": 24943.26, "Total Cost": 1235000.32, "Plan Rows": 719903, "Plan Width": 24, "Recheck Cond": "((l_shipdate >= '1996-12-01 00:00:00'::timestamp(0) without time zone) AND (l_shipdate < '1997-01-01 00:00:00'::timestamp without time zone)), (LLVM Optimized)", "Plans": [{"Node Type": "Bitmap Index Scan", "Parent Relationship": "Outer", "Index Name": "idx_lineitem_shipdate", "Startup Cost": 0.0, "Total Cost": 24763.28, "Plan Rows": 719903, "Plan Width": 0, "Index Cond": "((l_shipdate >= '1996-12-01 00:00:00'::timestamp(0) without time zone) AND (l_shipdate < '1997-01-01 00:00:00'::timestamp without time zone))"}]}]}, {"Node Type": "Index Scan", "Parent Relationship": "Inner", "Scan Direction": "Forward", "Index Name": "part_kpey", "Relation Name": "part", "Alias": "part", "Startup Cost": 0.0, "Total Cost": 100803.25, "Plan Rows": 2000000, "Plan Width": 29}]}]}, "Unique SQL Id": 379939634, "Planner Runtime": 0}, "explain_analyze_plan": {"Plan": {"Node Type": "Aggregate", "Strategy": "Plain", "Startup Cost": 1434236.03, "Total Cost": 1434236.04, "Plan Rows": 1, "Plan Width": 53, "Actual Startup Time": 4633.833, "Actual Total Time": 4633.833, "Actual Rows": 1, "Actual Loops": 1, "Plans": [{"Node Type": "Merge Join", "Parent Relationship": "Outer", "Join Type": "Inner", "Startup Cost": 1305042.44, "Total Cost": 1421637.72, "Plan Rows": 719903, "Plan Width": 37, "Actual Startup Time": 2145.392, "Actual Total Time": 4252.723, "Actual Rows": 772803, "Actual Loops": 1, "Inner Unique": true, "Merge Cond": "(lineitem.l_partkey = part.p_partkey)", "Plans": [{"Node Type": "Sort", "Parent Relationship": "Outer", "Startup Cost": 1305037.68, "Total Cost": 1306837.43, "Plan Rows": 719903, "Plan Width": 24, "Actual Startup Time": 2145.329, "Actual Total Time": 2327.585, "Actual Rows": 772803, "Actual Loops": 1, "Sort Key": ["lineitem.l_partkey"], "Sort Method": "quicksort", "Sort Space Used": 97027, "Sort Space Type": "Memory", "Plans": [{"Node Type": "Bitmap Heap Scan", "Parent Relationship": "Outer", "Relation Name": "lineitem", "Alias": "lineitem", "Startup Cost": 24943.26, "Total Cost": 1235000.32, "Plan Rows": 719903, "Plan Width": 24, "Actual Startup Time": 458.079, "Actual Total Time": 1798.555, "Actual Rows": 772803, "Actual Loops": 1, "Recheck Cond": "((l_shipdate >= '1996-12-01 00:00:00'::timestamp(0) without time zone) AND (l_shipdate < '1997-01-01 00:00:00'::timestamp without time zone)), (LLVM Optimized, Jit Execute)", "Rows Removed by Index Recheck": 0, "Exact Heap Blocks": 437909, "Lossy Heap Blocks": 437909, "Plans": [{"Node Type": "Bitmap Index Scan", "Parent Relationship": "Outer", "Index Name": "idx_lineitem_shipdate", "Startup Cost": 0.0, "Total Cost": 24763.28, "Plan Rows": 719903, "Plan Width": 0, "Actual Startup Time": 289.322, "Actual Total Time": 289.322, "Actual Rows": 772803, "Actual Loops": 1, "Index Cond": "((l_shipdate >= '1996-12-01 00:00:00'::timestamp(0) without time zone) AND (l_shipdate < '1997-01-01 00:00:00'::timestamp without time zone))"}]}]}, {"Node Type": "Index Scan", "Parent Relationship": "Inner", "Scan Direction": "Forward", "Index Name": "part_kpey", "Relation Name": "part", "Alias": "part", "Startup Cost": 0.0, "Total Cost": 100803.25, "Plan Rows": 2000000, "Plan Width": 29, "Actual Startup Time": 0.045, "Actual Total Time": 1215.234, "Actual Rows": 1999999, "Actual Loops": 1}]}]}, "Triggers": [], "Planner Runtime": 0, "Total Runtime": 4645.244, "Unique SQL Id": 379939634}}, "(16, 22)": {"explain_plan": {"Plan": {"Node Type": "Aggregate", "Strategy": "Plain", "Startup Cost": 1609694.04, "Total Cost": 1609694.06, "Plan Rows": 1, "Plan Width": 53, "Plans": [{"Node Type": "Merge Join", "Parent Relationship": "Outer", "Join Type": "Inner", "Startup Cost": 1576297.81, "Total Cost": 1597095.74, "Plan Rows": 719903, "Plan Width": 37, "Inner Unique": true, "Merge Cond": "(lineitem.l_partkey = part.p_partkey)", "Plans": [{"Node Type": "Sort", "Parent Relationship": "Outer", "Startup Cost": 1305037.68, "Total Cost": 1306837.43, "Plan Rows": 719903, "Plan Width": 24, "Sort Key": ["lineitem.l_partkey"], "Plans": [{"Node Type": "Bitmap Heap Scan", "Parent Relationship": "Outer", "Relation Name": "lineitem", "Alias": "lineitem", "Startup Cost": 24943.26, "Total Cost": 1235000.32, "Plan Rows": 719903, "Plan Width": 24, "Recheck Cond": "((l_shipdate >= '1996-12-01 00:00:00'::timestamp(0) without time zone) AND (l_shipdate < '1997-01-01 00:00:00'::timestamp without time zone)), (LLVM Optimized)", "Plans": [{"Node Type": "Bitmap Index Scan", "Parent Relationship": "Outer", "Index Name": "idx_lineitem_shipdate", "Startup Cost": 0.0, "Total Cost": 24763.28, "Plan Rows": 719903, "Plan Width": 0, "Index Cond": "((l_shipdate >= '1996-12-01 00:00:00'::timestamp(0) without time zone) AND (l_shipdate < '1997-01-01 00:00:00'::timestamp without time zone))"}]}]}, {"Node Type": "Sort", "Parent Relationship": "Inner", "Startup Cost": 271259.69, "Total Cost": 276259.69, "Plan Rows": 2000000, "Plan Width": 29, "Sort Key": ["part.p_partkey"], "Plans": [{"Node Type": "Seq Scan", "Parent Relationship": "Outer", "Relation Name": "part", "Alias": "part", "Startup Cost": 0.0, "Total Cost": 61944.0, "Plan Rows": 2000000, "Plan Width": 29}]}]}]}, "Unique SQL Id": 379939634, "Planner Runtime": 0}, "explain_analyze_plan": {"Plan": {"Node Type": "Aggregate", "Strategy": "Plain", "Startup Cost": 1609694.04, "Total Cost": 1609694.06, "Plan Rows": 1, "Plan Width": 53, "Actual Startup Time": 4935.068, "Actual Total Time": 4935.069, "Actual Rows": 1, "Actual Loops": 1, "Plans": [{"Node Type": "Merge Join", "Parent Relationship": "Outer", "Join Type": "Inner", "Startup Cost": 1576297.81, "Total Cost": 1597095.74, "Plan Rows": 719903, "Plan Width": 37, "Actual Startup Time": 3400.244, "Actual Total Time": 4584.196, "Actual Rows": 772803, "Actual Loops": 1, "Inner Unique": true, "Merge Cond": "(lineitem.l_partkey = part.p_partkey)", "Plans": [{"Node Type": "Sort", "Parent Relationship": "Outer", "Startup Cost": 1305037.68, "Total Cost": 1306837.43, "Plan Rows": 719903, "Plan Width": 24, "Actual Startup Time": 2071.666, "Actual Total Time": 2285.108, "Actual Rows": 772803, "Actual Loops": 1, "Sort Key": ["lineitem.l_partkey"], "Sort Method": "quicksort", "Sort Space Used": 97027, "Sort Space Type": "Memory", "Plans": [{"Node Type": "Bitmap Heap Scan", "Parent Relationship": "Outer", "Relation Name": "lineitem", "Alias": "lineitem", "Startup Cost": 24943.26, "Total Cost": 1235000.32, "Plan Rows": 719903, "Plan Width": 24, "Actual Startup Time": 432.886, "Actual Total Time": 1741.317, "Actual Rows": 772803, "Actual Loops": 1, "Recheck Cond": "((l_shipdate >= '1996-12-01 00:00:00'::timestamp(0) without time zone) AND (l_shipdate < '1997-01-01 00:00:00'::timestamp without time zone)), (LLVM Optimized, Jit Execute)", "Rows Removed by Index Recheck": 0, "Exact Heap Blocks": 437909, "Lossy Heap Blocks": 437909, "Plans": [{"Node Type": "Bitmap Index Scan", "Parent Relationship": "Outer", "Index Name": "idx_lineitem_shipdate", "Startup Cost": 0.0, "Total Cost": 24763.28, "Plan Rows": 719903, "Plan Width": 0, "Actual Startup Time": 270.117, "Actual Total Time": 270.117, "Actual Rows": 772803, "Actual Loops": 1, "Index Cond": "((l_shipdate >= '1996-12-01 00:00:00'::timestamp(0) without time zone) AND (l_shipdate < '1997-01-01 00:00:00'::timestamp without time zone))"}]}]}, {"Node Type": "Sort", "Parent Relationship": "Inner", "Startup Cost": 271259.69, "Total Cost": 276259.69, "Plan Rows": 2000000, "Plan Width": 29, "Actual Startup Time": 1328.557, "Actual Total Time": 1635.163, "Actual Rows": 1999999, "Actual Loops": 1, "Sort Key": ["part.p_partkey"], "Sort Method": "quicksort", "Sort Space Used": 236653, "Sort Space Type": "Memory", "Plans": [{"Node Type": "Seq Scan", "Parent Relationship": "Outer", "Relation Name": "part", "Alias": "part", "Startup Cost": 0.0, "Total Cost": 61944.0, "Plan Rows": 2000000, "Plan Width": 29, "Actual Startup Time": 0.054, "Actual Total Time": 664.794, "Actual Rows": 2000000, "Actual Loops": 1}]}]}]}, "Triggers": [], "Planner Runtime": 0, "Total Runtime": 4946.183, "Unique SQL Id": 379939634}}, "(16, 23)": {"explain_plan": {"Plan": {"Node Type": "Aggregate", "Strategy": "Plain", "Startup Cost": 4357819.44, "Total Cost": 4357819.45, "Plan Rows": 1, "Plan Width": 53, "Plans": [{"Node Type": "Nested Loop", "Parent Relationship": "Outer", "Join Type": "Inner", "Startup Cost": 24943.55, "Total Cost": 4345221.13, "Plan Rows": 719903, "Plan Width": 37, "Inner Unique": true, "Plans": [{"Node Type": "Bitmap Heap Scan", "Parent Relationship": "Outer", "Relation Name": "lineitem", "Alias": "lineitem", "Startup Cost": 24943.26, "Total Cost": 1235000.32, "Plan Rows": 719903, "Plan Width": 24, "Recheck Cond": "((l_shipdate >= '1996-12-01 00:00:00'::timestamp(0) without time zone) AND (l_shipdate < '1997-01-01 00:00:00'::timestamp without time zone)), (LLVM Optimized)", "Plans": [{"Node Type": "Bitmap Index Scan", "Parent Relationship": "Outer", "Index Name": "idx_lineitem_shipdate", "Startup Cost": 0.0, "Total Cost": 24763.28, "Plan Rows": 719903, "Plan Width": 0, "Index Cond": "((l_shipdate >= '1996-12-01 00:00:00'::timestamp(0) without time zone) AND (l_shipdate < '1997-01-01 00:00:00'::timestamp without time zone))"}]}, {"Node Type": "Bitmap Heap Scan", "Parent Relationship": "Inner", "Relation Name": "part", "Alias": "part", "Startup Cost": 0.3, "Total Cost": 4.31, "Plan Rows": 1, "Plan Width": 29, "Recheck Cond": "(p_partkey = lineitem.l_partkey)", "Plans": [{"Node Type": "Bitmap Index Scan", "Parent Relationship": "Outer", "Index Name": "part_kpey", "Startup Cost": 0.0, "Total Cost": 0.3, "Plan Rows": 1, "Plan Width": 0, "Index Cond": "(p_partkey = lineitem.l_partkey)"}]}]}]}, "Unique SQL Id": 379939634, "Planner Runtime": 0}, "explain_analyze_plan": {"Plan": {"Node Type": "Aggregate", "Strategy": "Plain", "Startup Cost": 4357819.44, "Total Cost": 4357819.45, "Plan Rows": 1, "Plan Width": 53, "Actual Startup Time": 8616.5, "Actual Total Time": 8616.5, "Actual Rows": 1, "Actual Loops": 1, "Plans": [{"Node Type": "Nested Loop", "Parent Relationship": "Outer", "Join Type": "Inner", "Startup Cost": 24943.55, "Total Cost": 4345221.13, "Plan Rows": 719903, "Plan Width": 37, "Actual Startup Time": 451.969, "Actual Total Time": 8100.257, "Actual Rows": 772803, "Actual Loops": 1, "Inner Unique": true, "Plans": [{"Node Type": "Bitmap Heap Scan", "Parent Relationship": "Outer", "Relation Name": "lineitem", "Alias": "lineitem", "Startup Cost": 24943.26, "Total Cost": 1235000.32, "Plan Rows": 719903, "Plan Width": 24, "Actual Startup Time": 451.841, "Actual Total Time": 1732.82, "Actual Rows": 772803, "Actual Loops": 1, "Recheck Cond": "((l_shipdate >= '1996-12-01 00:00:00'::timestamp(0) without time zone) AND (l_shipdate < '1997-01-01 00:00:00'::timestamp without time zone)), (LLVM Optimized, Jit Execute)", "Rows Removed by Index Recheck": 0, "Exact Heap Blocks": 437909, "Lossy Heap Blocks": 437909, "Plans": [{"Node Type": "Bitmap Index Scan", "Parent Relationship": "Outer", "Index Name": "idx_lineitem_shipdate", "Startup Cost": 0.0, "Total Cost": 24763.28, "Plan Rows": 719903, "Plan Width": 0, "Actual Startup Time": 282.36, "Actual Total Time": 282.36, "Actual Rows": 772803, "Actual Loops": 1, "Index Cond": "((l_shipdate >= '1996-12-01 00:00:00'::timestamp(0) without time zone) AND (l_shipdate < '1997-01-01 00:00:00'::timestamp without time zone))"}]}, {"Node Type": "Bitmap Heap Scan", "Parent Relationship": "Inner", "Relation Name": "part", "Alias": "part", "Startup Cost": 0.3, "Total Cost": 4.31, "Plan Rows": 1, "Plan Width": 29, "Actual Startup Time": 5308.407, "Actual Total Time": 5308.407, "Actual Rows": 772803, "Actual Loops": 772803, "Recheck Cond": "(p_partkey = lineitem.l_partkey)", "Rows Removed by Index Recheck": 0, "Exact Heap Blocks": 772803, "Lossy Heap Blocks": 772803, "Plans": [{"Node Type": "Bitmap Index Scan", "Parent Relationship": "Outer", "Index Name": "part_kpey", "Startup Cost": 0.0, "Total Cost": 0.3, "Plan Rows": 1, "Plan Width": 0, "Actual Startup Time": 3239.468, "Actual Total Time": 3239.468, "Actual Rows": 772803, "Actual Loops": 772803, "Index Cond": "(p_partkey = lineitem.l_partkey)"}]}]}]}, "Triggers": [], "Planner Runtime": 0, "Total Runtime": 8628.033, "Unique SQL Id": 379939634}}, "(16, 24)": {"explain_plan": {"Plan": {"Node Type": "Aggregate", "Strategy": "Plain", "Startup Cost": 2526922.01, "Total Cost": 2526922.03, "Plan Rows": 1, "Plan Width": 53, "Plans": [{"Node Type": "Merge Join", "Parent Relationship": "Outer", "Join Type": "Inner", "Startup Cost": 2397728.42, "Total Cost": 2514323.71, "Plan Rows": 719903, "Plan Width": 37, "Inner Unique": false, "Merge Cond": "(part.p_partkey = lineitem.l_partkey)", "Plans": [{"Node Type": "Index Scan", "Parent Relationship": "Outer", "Scan Direction": "Forward", "Index Name": "part_kpey", "Relation Name": "part", "Alias": "part", "Startup Cost": 0.0, "Total Cost": 100803.25, "Plan Rows": 2000000, "Plan Width": 29}, {"Node Type": "Sort", "Parent Relationship": "Inner", "Startup Cost": 2397723.66, "Total Cost": 2399523.42, "Plan Rows": 719903, "Plan Width": 24, "Sort Key": ["lineitem.l_partkey"], "Plans": [{"Node Type": "Index Scan", "Parent Relationship": "Outer", "Scan Direction": "Forward", "Index Name": "idx_lineitem_shipdate", "Relation Name": "lineitem", "Alias": "lineitem", "Startup Cost": 0.0, "Total Cost": 2327686.3, "Plan Rows": 719903, "Plan Width": 24, "Index Cond": "((l_shipdate >= '1996-12-01 00:00:00'::timestamp(0) without time zone) AND (l_shipdate < '1997-01-01 00:00:00'::timestamp without time zone)), (LLVM Optimized)"}]}]}]}, "Unique SQL Id": 379939634, "Planner Runtime": 0}, "explain_analyze_plan": {"Plan": {"Node Type": "Aggregate", "Strategy": "Plain", "Startup Cost": 2526922.01, "Total Cost": 2526922.03, "Plan Rows": 1, "Plan Width": 53, "Actual Startup Time": 4706.288, "Actual Total Time": 4706.288, "Actual Rows": 1, "Actual Loops": 1, "Plans": [{"Node Type": "Merge Join", "Parent Relationship": "Outer", "Join Type": "Inner", "Startup Cost": 2397728.42, "Total Cost": 2514323.71, "Plan Rows": 719903, "Plan Width": 37, "Actual Startup Time": 2291.619, "Actual Total Time": 4320.843, "Actual Rows": 772803, "Actual Loops": 1, "Inner Unique": false, "Merge Cond": "(part.p_partkey = lineitem.l_partkey)", "Plans": [{"Node Type": "Index Scan", "Parent Relationship": "Outer", "Scan Direction": "Forward", "Index Name": "part_kpey", "Relation Name": "part", "Alias": "part", "Startup Cost": 0.0, "Total Cost": 100803.25, "Plan Rows": 2000000, "Plan Width": 29, "Actual Startup Time": 0.028, "Actual Total Time": 1181.422, "Actual Rows": 2000000, "Actual Loops": 1}, {"Node Type": "Sort", "Parent Relationship": "Inner", "Startup Cost": 2397723.66, "Total Cost": 2399523.42, "Plan Rows": 719903, "Plan Width": 24, "Actual Startup Time": 2291.45, "Actual Total Time": 2502.194, "Actual Rows": 772803, "Actual Loops": 1, "Sort Key": ["lineitem.l_partkey"], "Sort Method": "quicksort", "Sort Space Used": 97027, "Sort Space Type": "Memory", "Plans": [{"Node Type": "Index Scan", "Parent Relationship": "Outer", "Scan Direction": "Forward", "Index Name": "idx_lineitem_shipdate", "Relation Name": "lineitem", "Alias": "lineitem", "Startup Cost": 0.0, "Total Cost": 2327686.3, "Plan Rows": 719903, "Plan Width": 24, "Actual Startup Time": 0.03, "Actual Total Time": 1933.047, "Actual Rows": 772803, "Actual Loops": 1, "Index Cond": "((l_shipdate >= '1996-12-01 00:00:00'::timestamp(0) without time zone) AND (l_shipdate < '1997-01-01 00:00:00'::timestamp without time zone)), (LLVM Optimized, Jit Execute)", "Rows Removed by Index Recheck": 0}]}]}]}, "Triggers": [], "Planner Runtime": 0, "Total Runtime": 4716.711, "Unique SQL Id": 379939634}}, "(16, 25)": {"explain_plan": {"Plan": {"Node Type": "Aggregate", "Strategy": "Plain", "Startup Cost": 2526922.01, "Total Cost": 2526922.03, "Plan Rows": 1, "Plan Width": 53, "Plans": [{"Node Type": "Merge Join", "Parent Relationship": "Outer", "Join Type": "Inner", "Startup Cost": 2397728.42, "Total Cost": 2514323.71, "Plan Rows": 719903, "Plan Width": 37, "Inner Unique": true, "Merge Cond": "(lineitem.l_partkey = part.p_partkey)", "Plans": [{"Node Type": "Sort", "Parent Relationship": "Outer", "Startup Cost": 2397723.66, "Total Cost": 2399523.42, "Plan Rows": 719903, "Plan Width": 24, "Sort Key": ["lineitem.l_partkey"], "Plans": [{"Node Type": "Index Scan", "Parent Relationship": "Outer", "Scan Direction": "Forward", "Index Name": "idx_lineitem_shipdate", "Relation Name": "lineitem", "Alias": "lineitem", "Startup Cost": 0.0, "Total Cost": 2327686.3, "Plan Rows": 719903, "Plan Width": 24, "Index Cond": "((l_shipdate >= '1996-12-01 00:00:00'::timestamp(0) without time zone) AND (l_shipdate < '1997-01-01 00:00:00'::timestamp without time zone)), (LLVM Optimized)"}]}, {"Node Type": "Index Scan", "Parent Relationship": "Inner", "Scan Direction": "Forward", "Index Name": "part_kpey", "Relation Name": "part", "Alias": "part", "Startup Cost": 0.0, "Total Cost": 100803.25, "Plan Rows": 2000000, "Plan Width": 29}]}]}, "Unique SQL Id": 379939634, "Planner Runtime": 0}, "explain_analyze_plan": {"Plan": {"Node Type": "Aggregate", "Strategy": "Plain", "Startup Cost": 2526922.01, "Total Cost": 2526922.03, "Plan Rows": 1, "Plan Width": 53, "Actual Startup Time": 4827.071, "Actual Total Time": 4827.072, "Actual Rows": 1, "Actual Loops": 1, "Plans": [{"Node Type": "Merge Join", "Parent Relationship": "Outer", "Join Type": "Inner", "Startup Cost": 2397728.42, "Total Cost": 2514323.71, "Plan Rows": 719903, "Plan Width": 37, "Actual Startup Time": 2379.562, "Actual Total Time": 4445.037, "Actual Rows": 772803, "Actual Loops": 1, "Inner Unique": true, "Merge Cond": "(lineitem.l_partkey = part.p_partkey)", "Plans": [{"Node Type": "Sort", "Parent Relationship": "Outer", "Startup Cost": 2397723.66, "Total Cost": 2399523.42, "Plan Rows": 719903, "Plan Width": 24, "Actual Startup Time": 2379.498, "Actual Total Time": 2542.811, "Actual Rows": 772803, "Actual Loops": 1, "Sort Key": ["lineitem.l_partkey"], "Sort Method": "quicksort", "Sort Space Used": 97027, "Sort Space Type": "Memory", "Plans": [{"Node Type": "Index Scan", "Parent Relationship": "Outer", "Scan Direction": "Forward", "Index Name": "idx_lineitem_shipdate", "Relation Name": "lineitem", "Alias": "lineitem", "Startup Cost": 0.0, "Total Cost": 2327686.3, "Plan Rows": 719903, "Plan Width": 24, "Actual Startup Time": 0.034, "Actual Total Time": 2011.495, "Actual Rows": 772803, "Actual Loops": 1, "Index Cond": "((l_shipdate >= '1996-12-01 00:00:00'::timestamp(0) without time zone) AND (l_shipdate < '1997-01-01 00:00:00'::timestamp without time zone)), (LLVM Optimized, Jit Execute)", "Rows Removed by Index Recheck": 0}]}, {"Node Type": "Index Scan", "Parent Relationship": "Inner", "Scan Direction": "Forward", "Index Name": "part_kpey", "Relation Name": "part", "Alias": "part", "Startup Cost": 0.0, "Total Cost": 100803.25, "Plan Rows": 2000000, "Plan Width": 29, "Actual Startup Time": 0.049, "Actual Total Time": 1193.279, "Actual Rows": 1999999, "Actual Loops": 1}]}]}, "Triggers": [], "Planner Runtime": 0, "Total Runtime": 4837.765, "Unique SQL Id": 379939634}}, "(16, 26)": {"explain_plan": {"Plan": {"Node Type": "Aggregate", "Strategy": "Plain", "Startup Cost": 2689744.22, "Total Cost": 2689744.24, "Plan Rows": 1, "Plan Width": 53, "Plans": [{"Node Type": "Merge Join", "Parent Relationship": "Outer", "Join Type": "Inner", "Startup Cost": 2656347.99, "Total Cost": 2677145.92, "Plan Rows": 719903, "Plan Width": 37, "Inner Unique": true, "Merge Cond": "(lineitem.l_partkey = part.p_partkey)", "Plans": [{"Node Type": "Sort", "Parent Relationship": "Outer", "Startup Cost": 2385087.85, "Total Cost": 2386887.61, "Plan Rows": 719903, "Plan Width": 24, "Sort Key": ["lineitem.l_partkey"], "Plans": [{"Node Type": "Seq Scan", "Parent Relationship": "Outer", "Relation Name": "lineitem", "Alias": "lineitem", "Startup Cost": 44.5, "Total Cost": 2315050.5, "Plan Rows": 719903, "Plan Width": 24, "Filter": "((l_shipdate >= '1996-12-01 00:00:00'::timestamp(0) without time zone) AND (l_shipdate < '1997-01-01 00:00:00'::timestamp without time zone)), (LLVM Optimized)"}]}, {"Node Type": "Sort", "Parent Relationship": "Inner", "Startup Cost": 271259.69, "Total Cost": 276259.69, "Plan Rows": 2000000, "Plan Width": 29, "Sort Key": ["part.p_partkey"], "Plans": [{"Node Type": "Seq Scan", "Parent Relationship": "Outer", "Relation Name": "part", "Alias": "part", "Startup Cost": 0.0, "Total Cost": 61944.0, "Plan Rows": 2000000, "Plan Width": 29}]}]}]}, "Unique SQL Id": 379939634, "Planner Runtime": 1}, "explain_analyze_plan": null}, "(16, 27)": {"explain_plan": {"Plan": {"Node Type": "Aggregate", "Strategy": "Plain", "Startup Cost": 2000799156591.82, "Total Cost": 2000799156591.84, "Plan Rows": 1, "Plan Width": 53, "Plans": [{"Node Type": "Merge Join", "Parent Relationship": "Outer", "Join Type": "Inner", "Startup Cost": 20044550453.84, "Total Cost": 2000799143993.52, "Plan Rows": 719903, "Plan Width": 37, "Inner Unique": true, "Merge Cond": "(lineitem.l_partkey = part.p_partkey)", "Plans": [{"Node Type": "Index Scan", "Parent Relationship": "Outer", "Scan Direction": "Forward", "Index Name": "idx_lineitem_part_supp", "Relation Name": "lineitem", "Alias": "lineitem", "Startup Cost": 10000000000.0, "Total Cost": 1000805384836.14, "Plan Rows": 719903, "Plan Width": 24, "Filter": "((l_shipdate >= '1996-12-01 00:00:00'::timestamp(0) without time zone) AND (l_shipdate < '1997-01-01 00:00:00'::timestamp without time zone)), (LLVM Optimized)"}, {"Node Type": "Index Scan", "Parent Relationship": "Inner", "Scan Direction": "Forward", "Index Name": "part_kpey", "Relation Name": "part", "Alias": "part", "Startup Cost": 10000000000.0, "Total Cost": 1000010080325.0, "Plan Rows": 2000000, "Plan Width": 29}]}]}, "Unique SQL Id": 379939634, "Planner Runtime": 1}, "explain_analyze_plan": null}, "(16, 28)": {"explain_plan": {"Plan": {"Node Type": "Aggregate", "Strategy": "Plain", "Startup Cost": 2526922.01, "Total Cost": 2526922.03, "Plan Rows": 1, "Plan Width": 53, "Plans": [{"Node Type": "Merge Join", "Parent Relationship": "Outer", "Join Type": "Inner", "Startup Cost": 2397728.42, "Total Cost": 2514323.71, "Plan Rows": 719903, "Plan Width": 37, "Inner Unique": false, "Merge Cond": "(part.p_partkey = lineitem.l_partkey)", "Plans": [{"Node Type": "Index Scan", "Parent Relationship": "Outer", "Scan Direction": "Forward", "Index Name": "part_kpey", "Relation Name": "part", "Alias": "part", "Startup Cost": 0.0, "Total Cost": 100803.25, "Plan Rows": 2000000, "Plan Width": 29}, {"Node Type": "Sort", "Parent Relationship": "Inner", "Startup Cost": 2397723.66, "Total Cost": 2399523.42, "Plan Rows": 719903, "Plan Width": 24, "Sort Key": ["lineitem.l_partkey"], "Plans": [{"Node Type": "Index Scan", "Parent Relationship": "Outer", "Scan Direction": "Forward", "Index Name": "idx_lineitem_shipdate", "Relation Name": "lineitem", "Alias": "lineitem", "Startup Cost": 0.0, "Total Cost": 2327686.3, "Plan Rows": 719903, "Plan Width": 24, "Index Cond": "((l_shipdate >= '1996-12-01 00:00:00'::timestamp(0) without time zone) AND (l_shipdate < '1997-01-01 00:00:00'::timestamp without time zone)), (LLVM Optimized)"}]}]}]}, "Unique SQL Id": 379939634, "Planner Runtime": 0}, "explain_analyze_plan": {"Plan": {"Node Type": "Aggregate", "Strategy": "Plain", "Startup Cost": 2526922.01, "Total Cost": 2526922.03, "Plan Rows": 1, "Plan Width": 53, "Actual Startup Time": 4706.288, "Actual Total Time": 4706.288, "Actual Rows": 1, "Actual Loops": 1, "Plans": [{"Node Type": "Merge Join", "Parent Relationship": "Outer", "Join Type": "Inner", "Startup Cost": 2397728.42, "Total Cost": 2514323.71, "Plan Rows": 719903, "Plan Width": 37, "Actual Startup Time": 2291.619, "Actual Total Time": 4320.843, "Actual Rows": 772803, "Actual Loops": 1, "Inner Unique": false, "Merge Cond": "(part.p_partkey = lineitem.l_partkey)", "Plans": [{"Node Type": "Index Scan", "Parent Relationship": "Outer", "Scan Direction": "Forward", "Index Name": "part_kpey", "Relation Name": "part", "Alias": "part", "Startup Cost": 0.0, "Total Cost": 100803.25, "Plan Rows": 2000000, "Plan Width": 29, "Actual Startup Time": 0.028, "Actual Total Time": 1181.422, "Actual Rows": 2000000, "Actual Loops": 1}, {"Node Type": "Sort", "Parent Relationship": "Inner", "Startup Cost": 2397723.66, "Total Cost": 2399523.42, "Plan Rows": 719903, "Plan Width": 24, "Actual Startup Time": 2291.45, "Actual Total Time": 2502.194, "Actual Rows": 772803, "Actual Loops": 1, "Sort Key": ["lineitem.l_partkey"], "Sort Method": "quicksort", "Sort Space Used": 97027, "Sort Space Type": "Memory", "Plans": [{"Node Type": "Index Scan", "Parent Relationship": "Outer", "Scan Direction": "Forward", "Index Name": "idx_lineitem_shipdate", "Relation Name": "lineitem", "Alias": "lineitem", "Startup Cost": 0.0, "Total Cost": 2327686.3, "Plan Rows": 719903, "Plan Width": 24, "Actual Startup Time": 0.03, "Actual Total Time": 1933.047, "Actual Rows": 772803, "Actual Loops": 1, "Index Cond": "((l_shipdate >= '1996-12-01 00:00:00'::timestamp(0) without time zone) AND (l_shipdate < '1997-01-01 00:00:00'::timestamp without time zone)), (LLVM Optimized, Jit Execute)", "Rows Removed by Index Recheck": 0}]}]}]}, "Triggers": [], "Planner Runtime": 0, "Total Runtime": 4716.711, "Unique SQL Id": 379939634}}, "(16, 29)": {"explain_plan": {"Plan": {"Node Type": "Aggregate", "Strategy": "Plain", "Startup Cost": 2526922.01, "Total Cost": 2526922.03, "Plan Rows": 1, "Plan Width": 53, "Plans": [{"Node Type": "Merge Join", "Parent Relationship": "Outer", "Join Type": "Inner", "Startup Cost": 2397728.42, "Total Cost": 2514323.71, "Plan Rows": 719903, "Plan Width": 37, "Inner Unique": true, "Merge Cond": "(lineitem.l_partkey = part.p_partkey)", "Plans": [{"Node Type": "Sort", "Parent Relationship": "Outer", "Startup Cost": 2397723.66, "Total Cost": 2399523.42, "Plan Rows": 719903, "Plan Width": 24, "Sort Key": ["lineitem.l_partkey"], "Plans": [{"Node Type": "Index Scan", "Parent Relationship": "Outer", "Scan Direction": "Forward", "Index Name": "idx_lineitem_shipdate", "Relation Name": "lineitem", "Alias": "lineitem", "Startup Cost": 0.0, "Total Cost": 2327686.3, "Plan Rows": 719903, "Plan Width": 24, "Index Cond": "((l_shipdate >= '1996-12-01 00:00:00'::timestamp(0) without time zone) AND (l_shipdate < '1997-01-01 00:00:00'::timestamp without time zone)), (LLVM Optimized)"}]}, {"Node Type": "Index Scan", "Parent Relationship": "Inner", "Scan Direction": "Forward", "Index Name": "part_kpey", "Relation Name": "part", "Alias": "part", "Startup Cost": 0.0, "Total Cost": 100803.25, "Plan Rows": 2000000, "Plan Width": 29}]}]}, "Unique SQL Id": 379939634, "Planner Runtime": 0}, "explain_analyze_plan": {"Plan": {"Node Type": "Aggregate", "Strategy": "Plain", "Startup Cost": 2526922.01, "Total Cost": 2526922.03, "Plan Rows": 1, "Plan Width": 53, "Actual Startup Time": 4827.071, "Actual Total Time": 4827.072, "Actual Rows": 1, "Actual Loops": 1, "Plans": [{"Node Type": "Merge Join", "Parent Relationship": "Outer", "Join Type": "Inner", "Startup Cost": 2397728.42, "Total Cost": 2514323.71, "Plan Rows": 719903, "Plan Width": 37, "Actual Startup Time": 2379.562, "Actual Total Time": 4445.037, "Actual Rows": 772803, "Actual Loops": 1, "Inner Unique": true, "Merge Cond": "(lineitem.l_partkey = part.p_partkey)", "Plans": [{"Node Type": "Sort", "Parent Relationship": "Outer", "Startup Cost": 2397723.66, "Total Cost": 2399523.42, "Plan Rows": 719903, "Plan Width": 24, "Actual Startup Time": 2379.498, "Actual Total Time": 2542.811, "Actual Rows": 772803, "Actual Loops": 1, "Sort Key": ["lineitem.l_partkey"], "Sort Method": "quicksort", "Sort Space Used": 97027, "Sort Space Type": "Memory", "Plans": [{"Node Type": "Index Scan", "Parent Relationship": "Outer", "Scan Direction": "Forward", "Index Name": "idx_lineitem_shipdate", "Relation Name": "lineitem", "Alias": "lineitem", "Startup Cost": 0.0, "Total Cost": 2327686.3, "Plan Rows": 719903, "Plan Width": 24, "Actual Startup Time": 0.034, "Actual Total Time": 2011.495, "Actual Rows": 772803, "Actual Loops": 1, "Index Cond": "((l_shipdate >= '1996-12-01 00:00:00'::timestamp(0) without time zone) AND (l_shipdate < '1997-01-01 00:00:00'::timestamp without time zone)), (LLVM Optimized, Jit Execute)", "Rows Removed by Index Recheck": 0}]}, {"Node Type": "Index Scan", "Parent Relationship": "Inner", "Scan Direction": "Forward", "Index Name": "part_kpey", "Relation Name": "part", "Alias": "part", "Startup Cost": 0.0, "Total Cost": 100803.25, "Plan Rows": 2000000, "Plan Width": 29, "Actual Startup Time": 0.049, "Actual Total Time": 1193.279, "Actual Rows": 1999999, "Actual Loops": 1}]}]}, "Triggers": [], "Planner Runtime": 0, "Total Runtime": 4837.765, "Unique SQL Id": 379939634}}, "(16, 30)": {"explain_plan": {"Plan": {"Node Type": "Aggregate", "Strategy": "Plain", "Startup Cost": 2689744.22, "Total Cost": 2689744.24, "Plan Rows": 1, "Plan Width": 53, "Plans": [{"Node Type": "Merge Join", "Parent Relationship": "Outer", "Join Type": "Inner", "Startup Cost": 2656347.99, "Total Cost": 2677145.92, "Plan Rows": 719903, "Plan Width": 37, "Inner Unique": true, "Merge Cond": "(lineitem.l_partkey = part.p_partkey)", "Plans": [{"Node Type": "Sort", "Parent Relationship": "Outer", "Startup Cost": 2385087.85, "Total Cost": 2386887.61, "Plan Rows": 719903, "Plan Width": 24, "Sort Key": ["lineitem.l_partkey"], "Plans": [{"Node Type": "Seq Scan", "Parent Relationship": "Outer", "Relation Name": "lineitem", "Alias": "lineitem", "Startup Cost": 44.5, "Total Cost": 2315050.5, "Plan Rows": 719903, "Plan Width": 24, "Filter": "((l_shipdate >= '1996-12-01 00:00:00'::timestamp(0) without time zone) AND (l_shipdate < '1997-01-01 00:00:00'::timestamp without time zone)), (LLVM Optimized)"}]}, {"Node Type": "Sort", "Parent Relationship": "Inner", "Startup Cost": 271259.69, "Total Cost": 276259.69, "Plan Rows": 2000000, "Plan Width": 29, "Sort Key": ["part.p_partkey"], "Plans": [{"Node Type": "Seq Scan", "Parent Relationship": "Outer", "Relation Name": "part", "Alias": "part", "Startup Cost": 0.0, "Total Cost": 61944.0, "Plan Rows": 2000000, "Plan Width": 29}]}]}]}, "Unique SQL Id": 379939634, "Planner Runtime": 0}, "explain_analyze_plan": null}, "(16, 31)": {"explain_plan": {"Plan": {"Node Type": "Aggregate", "Strategy": "Plain", "Startup Cost": 2000799156591.82, "Total Cost": 2000799156591.84, "Plan Rows": 1, "Plan Width": 53, "Plans": [{"Node Type": "Merge Join", "Parent Relationship": "Outer", "Join Type": "Inner", "Startup Cost": 20044550453.84, "Total Cost": 2000799143993.52, "Plan Rows": 719903, "Plan Width": 37, "Inner Unique": true, "Merge Cond": "(lineitem.l_partkey = part.p_partkey)", "Plans": [{"Node Type": "Index Scan", "Parent Relationship": "Outer", "Scan Direction": "Forward", "Index Name": "idx_lineitem_part_supp", "Relation Name": "lineitem", "Alias": "lineitem", "Startup Cost": 10000000000.0, "Total Cost": 1000805384836.14, "Plan Rows": 719903, "Plan Width": 24, "Filter": "((l_shipdate >= '1996-12-01 00:00:00'::timestamp(0) without time zone) AND (l_shipdate < '1997-01-01 00:00:00'::timestamp without time zone)), (LLVM Optimized)"}, {"Node Type": "Index Scan", "Parent Relationship": "Inner", "Scan Direction": "Forward", "Index Name": "part_kpey", "Relation Name": "part", "Alias": "part", "Startup Cost": 10000000000.0, "Total Cost": 1000010080325.0, "Plan Rows": 2000000, "Plan Width": 29}]}]}, "Unique SQL Id": 379939634, "Planner Runtime": 0}, "explain_analyze_plan": null}, "(16, 32)": {"explain_plan": {"Plan": {"Node Type": "Aggregate", "Strategy": "Plain", "Startup Cost": 1344441.29, "Total Cost": 1344441.3, "Plan Rows": 1, "Plan Width": 53, "Plans": [{"Node Type": "Hash Join", "Parent Relationship": "Outer", "Join Type": "Inner", "Startup Cost": 111887.26, "Total Cost": 1331842.98, "Plan Rows": 719903, "Plan Width": 37, "Inner Unique": true, "Hash Cond": "(lineitem.l_partkey = part.p_partkey), (LLVM Optimized)", "Plans": [{"Node Type": "Bitmap Heap Scan", "Parent Relationship": "Outer", "Relation Name": "lineitem", "Alias": "lineitem", "Startup Cost": 24943.26, "Total Cost": 1235000.32, "Plan Rows": 719903, "Plan Width": 24, "Recheck Cond": "((l_shipdate >= '1996-12-01 00:00:00'::timestamp(0) without time zone) AND (l_shipdate < '1997-01-01 00:00:00'::timestamp without time zone)), (LLVM Optimized)", "Plans": [{"Node Type": "Bitmap Index Scan", "Parent Relationship": "Outer", "Index Name": "idx_lineitem_shipdate", "Startup Cost": 0.0, "Total Cost": 24763.28, "Plan Rows": 719903, "Plan Width": 0, "Index Cond": "((l_shipdate >= '1996-12-01 00:00:00'::timestamp(0) without time zone) AND (l_shipdate < '1997-01-01 00:00:00'::timestamp without time zone))"}]}, {"Node Type": "Hash", "Parent Relationship": "Inner", "Startup Cost": 61944.0, "Total Cost": 61944.0, "Plan Rows": 2000000, "Plan Width": 29, "Plans": [{"Node Type": "Seq Scan", "Parent Relationship": "Outer", "Relation Name": "part", "Alias": "part", "Startup Cost": 0.0, "Total Cost": 61944.0, "Plan Rows": 2000000, "Plan Width": 29}]}]}]}, "Unique SQL Id": 379939634, "Planner Runtime": 0}, "explain_analyze_plan": {"Plan": {"Node Type": "Aggregate", "Strategy": "Plain", "Startup Cost": 1344441.29, "Total Cost": 1344441.3, "Plan Rows": 1, "Plan Width": 53, "Actual Startup Time": 4189.373, "Actual Total Time": 4189.374, "Actual Rows": 1, "Actual Loops": 1, "Plans": [{"Node Type": "Hash Join", "Parent Relationship": "Outer", "Join Type": "Inner", "Startup Cost": 111887.26, "Total Cost": 1331842.98, "Plan Rows": 719903, "Plan Width": 37, "Actual Startup Time": 1934.822, "Actual Total Time": 3823.274, "Actual Rows": 772803, "Actual Loops": 1, "Inner Unique": true, "Hash Cond": "(lineitem.l_partkey = part.p_partkey), (LLVM Optimized, Jit Execute)", "Plans": [{"Node Type": "Bitmap Heap Scan", "Parent Relationship": "Outer", "Relation Name": "lineitem", "Alias": "lineitem", "Startup Cost": 24943.26, "Total Cost": 1235000.32, "Plan Rows": 719903, "Plan Width": 24, "Actual Startup Time": 451.89, "Actual Total Time": 1765.327, "Actual Rows": 772803, "Actual Loops": 1, "Recheck Cond": "((l_shipdate >= '1996-12-01 00:00:00'::timestamp(0) without time zone) AND (l_shipdate < '1997-01-01 00:00:00'::timestamp without time zone)), (LLVM Optimized, Jit Execute)", "Rows Removed by Index Recheck": 0, "Exact Heap Blocks": 437909, "Lossy Heap Blocks": 437909, "Plans": [{"Node Type": "Bitmap Index Scan", "Parent Relationship": "Outer", "Index Name": "idx_lineitem_shipdate", "Startup Cost": 0.0, "Total Cost": 24763.28, "Plan Rows": 719903, "Plan Width": 0, "Actual Startup Time": 284.633, "Actual Total Time": 284.633, "Actual Rows": 772803, "Actual Loops": 1, "Index Cond": "((l_shipdate >= '1996-12-01 00:00:00'::timestamp(0) without time zone) AND (l_shipdate < '1997-01-01 00:00:00'::timestamp without time zone))"}]}, {"Node Type": "Hash", "Parent Relationship": "Inner", "Startup Cost": 61944.0, "Total Cost": 61944.0, "Plan Rows": 2000000, "Plan Width": 29, "Actual Startup Time": 1481.532, "Actual Total Time": 1481.532, "Actual Rows": 2000000, "Actual Loops": 1, "Hash Buckets": 2097152, "Hash Batches": 1, "Original Hash Batches": 1, "Peak Memory Usage": 126040, "Plans": [{"Node Type": "Seq Scan", "Parent Relationship": "Outer", "Relation Name": "part", "Alias": "part", "Startup Cost": 0.0, "Total Cost": 61944.0, "Plan Rows": 2000000, "Plan Width": 29, "Actual Startup Time": 0.032, "Actual Total Time": 731.552, "Actual Rows": 2000000, "Actual Loops": 1}]}]}]}, "Triggers": [], "Planner Runtime": 0, "Total Runtime": 4204.175, "Unique SQL Id": 379939634}}, "(16, 33)": {"explain_plan": {"Plan": {"Node Type": "Aggregate", "Strategy": "Plain", "Startup Cost": 1383300.54, "Total Cost": 1383300.55, "Plan Rows": 1, "Plan Width": 53, "Plans": [{"Node Type": "Hash Join", "Parent Relationship": "Outer", "Join Type": "Inner", "Startup Cost": 150746.51, "Total Cost": 1370702.23, "Plan Rows": 719903, "Plan Width": 37, "Inner Unique": true, "Hash Cond": "(lineitem.l_partkey = part.p_partkey), (LLVM Optimized)", "Plans": [{"Node Type": "Bitmap Heap Scan", "Parent Relationship": "Outer", "Relation Name": "lineitem", "Alias": "lineitem", "Startup Cost": 24943.26, "Total Cost": 1235000.32, "Plan Rows": 719903, "Plan Width": 24, "Recheck Cond": "((l_shipdate >= '1996-12-01 00:00:00'::timestamp(0) without time zone) AND (l_shipdate < '1997-01-01 00:00:00'::timestamp without time zone)), (LLVM Optimized)", "Plans": [{"Node Type": "Bitmap Index Scan", "Parent Relationship": "Outer", "Index Name": "idx_lineitem_shipdate", "Startup Cost": 0.0, "Total Cost": 24763.28, "Plan Rows": 719903, "Plan Width": 0, "Index Cond": "((l_shipdate >= '1996-12-01 00:00:00'::timestamp(0) without time zone) AND (l_shipdate < '1997-01-01 00:00:00'::timestamp without time zone))"}]}, {"Node Type": "Hash", "Parent Relationship": "Inner", "Startup Cost": 100803.25, "Total Cost": 100803.25, "Plan Rows": 2000000, "Plan Width": 29, "Plans": [{"Node Type": "Index Scan", "Parent Relationship": "Outer", "Scan Direction": "Forward", "Index Name": "part_kpey", "Relation Name": "part", "Alias": "part", "Startup Cost": 0.0, "Total Cost": 100803.25, "Plan Rows": 2000000, "Plan Width": 29}]}]}]}, "Unique SQL Id": 379939634, "Planner Runtime": 0}, "explain_analyze_plan": {"Plan": {"Node Type": "Aggregate", "Strategy": "Plain", "Startup Cost": 1383300.54, "Total Cost": 1383300.55, "Plan Rows": 1, "Plan Width": 53, "Actual Startup Time": 4880.395, "Actual Total Time": 4880.395, "Actual Rows": 1, "Actual Loops": 1, "Plans": [{"Node Type": "Hash Join", "Parent Relationship": "Outer", "Join Type": "Inner", "Startup Cost": 150746.51, "Total Cost": 1370702.23, "Plan Rows": 719903, "Plan Width": 37, "Actual Startup Time": 2646.128, "Actual Total Time": 4515.369, "Actual Rows": 772803, "Actual Loops": 1, "Inner Unique": true, "Hash Cond": "(lineitem.l_partkey = part.p_partkey), (LLVM Optimized, Jit Execute)", "Plans": [{"Node Type": "Bitmap Heap Scan", "Parent Relationship": "Outer", "Relation Name": "lineitem", "Alias": "lineitem", "Startup Cost": 24943.26, "Total Cost": 1235000.32, "Plan Rows": 719903, "Plan Width": 24, "Actual Startup Time": 446.087, "Actual Total Time": 1672.714, "Actual Rows": 772803, "Actual Loops": 1, "Recheck Cond": "((l_shipdate >= '1996-12-01 00:00:00'::timestamp(0) without time zone) AND (l_shipdate < '1997-01-01 00:00:00'::timestamp without time zone)), (LLVM Optimized, Jit Execute)", "Rows Removed by Index Recheck": 0, "Exact Heap Blocks": 437909, "Lossy Heap Blocks": 437909, "Plans": [{"Node Type": "Bitmap Index Scan", "Parent Relationship": "Outer", "Index Name": "idx_lineitem_shipdate", "Startup Cost": 0.0, "Total Cost": 24763.28, "Plan Rows": 719903, "Plan Width": 0, "Actual Startup Time": 281.285, "Actual Total Time": 281.285, "Actual Rows": 772803, "Actual Loops": 1, "Index Cond": "((l_shipdate >= '1996-12-01 00:00:00'::timestamp(0) without time zone) AND (l_shipdate < '1997-01-01 00:00:00'::timestamp without time zone))"}]}, {"Node Type": "Hash", "Parent Relationship": "Inner", "Startup Cost": 100803.25, "Total Cost": 100803.25, "Plan Rows": 2000000, "Plan Width": 29, "Actual Startup Time": 2198.605, "Actual Total Time": 2198.605, "Actual Rows": 2000000, "Actual Loops": 1, "Hash Buckets": 2097152, "Hash Batches": 1, "Original Hash Batches": 1, "Peak Memory Usage": 126040, "Plans": [{"Node Type": "Index Scan", "Parent Relationship": "Outer", "Scan Direction": "Forward", "Index Name": "part_kpey", "Relation Name": "part", "Alias": "part", "Startup Cost": 0.0, "Total Cost": 100803.25, "Plan Rows": 2000000, "Plan Width": 29, "Actual Startup Time": 0.054, "Actual Total Time": 1422.225, "Actual Rows": 2000000, "Actual Loops": 1}]}]}]}, "Triggers": [], "Planner Runtime": 0, "Total Runtime": 4895.379, "Unique SQL Id": 379939634}}, "(16, 34)": {"explain_plan": {"Plan": {"Node Type": "Aggregate", "Strategy": "Plain", "Startup Cost": 1344441.29, "Total Cost": 1344441.3, "Plan Rows": 1, "Plan Width": 53, "Plans": [{"Node Type": "Hash Join", "Parent Relationship": "Outer", "Join Type": "Inner", "Startup Cost": 111887.26, "Total Cost": 1331842.98, "Plan Rows": 719903, "Plan Width": 37, "Inner Unique": true, "Hash Cond": "(lineitem.l_partkey = part.p_partkey), (LLVM Optimized)", "Plans": [{"Node Type": "Bitmap Heap Scan", "Parent Relationship": "Outer", "Relation Name": "lineitem", "Alias": "lineitem", "Startup Cost": 24943.26, "Total Cost": 1235000.32, "Plan Rows": 719903, "Plan Width": 24, "Recheck Cond": "((l_shipdate >= '1996-12-01 00:00:00'::timestamp(0) without time zone) AND (l_shipdate < '1997-01-01 00:00:00'::timestamp without time zone)), (LLVM Optimized)", "Plans": [{"Node Type": "Bitmap Index Scan", "Parent Relationship": "Outer", "Index Name": "idx_lineitem_shipdate", "Startup Cost": 0.0, "Total Cost": 24763.28, "Plan Rows": 719903, "Plan Width": 0, "Index Cond": "((l_shipdate >= '1996-12-01 00:00:00'::timestamp(0) without time zone) AND (l_shipdate < '1997-01-01 00:00:00'::timestamp without time zone))"}]}, {"Node Type": "Hash", "Parent Relationship": "Inner", "Startup Cost": 61944.0, "Total Cost": 61944.0, "Plan Rows": 2000000, "Plan Width": 29, "Plans": [{"Node Type": "Seq Scan", "Parent Relationship": "Outer", "Relation Name": "part", "Alias": "part", "Startup Cost": 0.0, "Total Cost": 61944.0, "Plan Rows": 2000000, "Plan Width": 29}]}]}]}, "Unique SQL Id": 379939634, "Planner Runtime": 0}, "explain_analyze_plan": {"Plan": {"Node Type": "Aggregate", "Strategy": "Plain", "Startup Cost": 1344441.29, "Total Cost": 1344441.3, "Plan Rows": 1, "Plan Width": 53, "Actual Startup Time": 4189.373, "Actual Total Time": 4189.374, "Actual Rows": 1, "Actual Loops": 1, "Plans": [{"Node Type": "Hash Join", "Parent Relationship": "Outer", "Join Type": "Inner", "Startup Cost": 111887.26, "Total Cost": 1331842.98, "Plan Rows": 719903, "Plan Width": 37, "Actual Startup Time": 1934.822, "Actual Total Time": 3823.274, "Actual Rows": 772803, "Actual Loops": 1, "Inner Unique": true, "Hash Cond": "(lineitem.l_partkey = part.p_partkey), (LLVM Optimized, Jit Execute)", "Plans": [{"Node Type": "Bitmap Heap Scan", "Parent Relationship": "Outer", "Relation Name": "lineitem", "Alias": "lineitem", "Startup Cost": 24943.26, "Total Cost": 1235000.32, "Plan Rows": 719903, "Plan Width": 24, "Actual Startup Time": 451.89, "Actual Total Time": 1765.327, "Actual Rows": 772803, "Actual Loops": 1, "Recheck Cond": "((l_shipdate >= '1996-12-01 00:00:00'::timestamp(0) without time zone) AND (l_shipdate < '1997-01-01 00:00:00'::timestamp without time zone)), (LLVM Optimized, Jit Execute)", "Rows Removed by Index Recheck": 0, "Exact Heap Blocks": 437909, "Lossy Heap Blocks": 437909, "Plans": [{"Node Type": "Bitmap Index Scan", "Parent Relationship": "Outer", "Index Name": "idx_lineitem_shipdate", "Startup Cost": 0.0, "Total Cost": 24763.28, "Plan Rows": 719903, "Plan Width": 0, "Actual Startup Time": 284.633, "Actual Total Time": 284.633, "Actual Rows": 772803, "Actual Loops": 1, "Index Cond": "((l_shipdate >= '1996-12-01 00:00:00'::timestamp(0) without time zone) AND (l_shipdate < '1997-01-01 00:00:00'::timestamp without time zone))"}]}, {"Node Type": "Hash", "Parent Relationship": "Inner", "Startup Cost": 61944.0, "Total Cost": 61944.0, "Plan Rows": 2000000, "Plan Width": 29, "Actual Startup Time": 1481.532, "Actual Total Time": 1481.532, "Actual Rows": 2000000, "Actual Loops": 1, "Hash Buckets": 2097152, "Hash Batches": 1, "Original Hash Batches": 1, "Peak Memory Usage": 126040, "Plans": [{"Node Type": "Seq Scan", "Parent Relationship": "Outer", "Relation Name": "part", "Alias": "part", "Startup Cost": 0.0, "Total Cost": 61944.0, "Plan Rows": 2000000, "Plan Width": 29, "Actual Startup Time": 0.032, "Actual Total Time": 731.552, "Actual Rows": 2000000, "Actual Loops": 1}]}]}]}, "Triggers": [], "Planner Runtime": 0, "Total Runtime": 4204.175, "Unique SQL Id": 379939634}}, "(16, 35)": {"explain_plan": {"Plan": {"Node Type": "Aggregate", "Strategy": "Plain", "Startup Cost": 4357819.44, "Total Cost": 4357819.45, "Plan Rows": 1, "Plan Width": 53, "Plans": [{"Node Type": "Nested Loop", "Parent Relationship": "Outer", "Join Type": "Inner", "Startup Cost": 24943.55, "Total Cost": 4345221.13, "Plan Rows": 719903, "Plan Width": 37, "Inner Unique": true, "Plans": [{"Node Type": "Bitmap Heap Scan", "Parent Relationship": "Outer", "Relation Name": "lineitem", "Alias": "lineitem", "Startup Cost": 24943.26, "Total Cost": 1235000.32, "Plan Rows": 719903, "Plan Width": 24, "Recheck Cond": "((l_shipdate >= '1996-12-01 00:00:00'::timestamp(0) without time zone) AND (l_shipdate < '1997-01-01 00:00:00'::timestamp without time zone)), (LLVM Optimized)", "Plans": [{"Node Type": "Bitmap Index Scan", "Parent Relationship": "Outer", "Index Name": "idx_lineitem_shipdate", "Startup Cost": 0.0, "Total Cost": 24763.28, "Plan Rows": 719903, "Plan Width": 0, "Index Cond": "((l_shipdate >= '1996-12-01 00:00:00'::timestamp(0) without time zone) AND (l_shipdate < '1997-01-01 00:00:00'::timestamp without time zone))"}]}, {"Node Type": "Bitmap Heap Scan", "Parent Relationship": "Inner", "Relation Name": "part", "Alias": "part", "Startup Cost": 0.3, "Total Cost": 4.31, "Plan Rows": 1, "Plan Width": 29, "Recheck Cond": "(p_partkey = lineitem.l_partkey)", "Plans": [{"Node Type": "Bitmap Index Scan", "Parent Relationship": "Outer", "Index Name": "part_kpey", "Startup Cost": 0.0, "Total Cost": 0.3, "Plan Rows": 1, "Plan Width": 0, "Index Cond": "(p_partkey = lineitem.l_partkey)"}]}]}]}, "Unique SQL Id": 379939634, "Planner Runtime": 0}, "explain_analyze_plan": {"Plan": {"Node Type": "Aggregate", "Strategy": "Plain", "Startup Cost": 4357819.44, "Total Cost": 4357819.45, "Plan Rows": 1, "Plan Width": 53, "Actual Startup Time": 8616.5, "Actual Total Time": 8616.5, "Actual Rows": 1, "Actual Loops": 1, "Plans": [{"Node Type": "Nested Loop", "Parent Relationship": "Outer", "Join Type": "Inner", "Startup Cost": 24943.55, "Total Cost": 4345221.13, "Plan Rows": 719903, "Plan Width": 37, "Actual Startup Time": 451.969, "Actual Total Time": 8100.257, "Actual Rows": 772803, "Actual Loops": 1, "Inner Unique": true, "Plans": [{"Node Type": "Bitmap Heap Scan", "Parent Relationship": "Outer", "Relation Name": "lineitem", "Alias": "lineitem", "Startup Cost": 24943.26, "Total Cost": 1235000.32, "Plan Rows": 719903, "Plan Width": 24, "Actual Startup Time": 451.841, "Actual Total Time": 1732.82, "Actual Rows": 772803, "Actual Loops": 1, "Recheck Cond": "((l_shipdate >= '1996-12-01 00:00:00'::timestamp(0) without time zone) AND (l_shipdate < '1997-01-01 00:00:00'::timestamp without time zone)), (LLVM Optimized, Jit Execute)", "Rows Removed by Index Recheck": 0, "Exact Heap Blocks": 437909, "Lossy Heap Blocks": 437909, "Plans": [{"Node Type": "Bitmap Index Scan", "Parent Relationship": "Outer", "Index Name": "idx_lineitem_shipdate", "Startup Cost": 0.0, "Total Cost": 24763.28, "Plan Rows": 719903, "Plan Width": 0, "Actual Startup Time": 282.36, "Actual Total Time": 282.36, "Actual Rows": 772803, "Actual Loops": 1, "Index Cond": "((l_shipdate >= '1996-12-01 00:00:00'::timestamp(0) without time zone) AND (l_shipdate < '1997-01-01 00:00:00'::timestamp without time zone))"}]}, {"Node Type": "Bitmap Heap Scan", "Parent Relationship": "Inner", "Relation Name": "part", "Alias": "part", "Startup Cost": 0.3, "Total Cost": 4.31, "Plan Rows": 1, "Plan Width": 29, "Actual Startup Time": 5308.407, "Actual Total Time": 5308.407, "Actual Rows": 772803, "Actual Loops": 772803, "Recheck Cond": "(p_partkey = lineitem.l_partkey)", "Rows Removed by Index Recheck": 0, "Exact Heap Blocks": 772803, "Lossy Heap Blocks": 772803, "Plans": [{"Node Type": "Bitmap Index Scan", "Parent Relationship": "Outer", "Index Name": "part_kpey", "Startup Cost": 0.0, "Total Cost": 0.3, "Plan Rows": 1, "Plan Width": 0, "Actual Startup Time": 3239.468, "Actual Total Time": 3239.468, "Actual Rows": 772803, "Actual Loops": 772803, "Index Cond": "(p_partkey = lineitem.l_partkey)"}]}]}]}, "Triggers": [], "Planner Runtime": 0, "Total Runtime": 8628.033, "Unique SQL Id": 379939634}}, "(16, 36)": {"explain_plan": {"Plan": {"Node Type": "Aggregate", "Strategy": "Plain", "Startup Cost": 1344441.29, "Total Cost": 1344441.3, "Plan Rows": 1, "Plan Width": 53, "Plans": [{"Node Type": "Hash Join", "Parent Relationship": "Outer", "Join Type": "Inner", "Startup Cost": 111887.26, "Total Cost": 1331842.98, "Plan Rows": 719903, "Plan Width": 37, "Inner Unique": true, "Hash Cond": "(lineitem.l_partkey = part.p_partkey), (LLVM Optimized)", "Plans": [{"Node Type": "Bitmap Heap Scan", "Parent Relationship": "Outer", "Relation Name": "lineitem", "Alias": "lineitem", "Startup Cost": 24943.26, "Total Cost": 1235000.32, "Plan Rows": 719903, "Plan Width": 24, "Recheck Cond": "((l_shipdate >= '1996-12-01 00:00:00'::timestamp(0) without time zone) AND (l_shipdate < '1997-01-01 00:00:00'::timestamp without time zone)), (LLVM Optimized)", "Plans": [{"Node Type": "Bitmap Index Scan", "Parent Relationship": "Outer", "Index Name": "idx_lineitem_shipdate", "Startup Cost": 0.0, "Total Cost": 24763.28, "Plan Rows": 719903, "Plan Width": 0, "Index Cond": "((l_shipdate >= '1996-12-01 00:00:00'::timestamp(0) without time zone) AND (l_shipdate < '1997-01-01 00:00:00'::timestamp without time zone))"}]}, {"Node Type": "Hash", "Parent Relationship": "Inner", "Startup Cost": 61944.0, "Total Cost": 61944.0, "Plan Rows": 2000000, "Plan Width": 29, "Plans": [{"Node Type": "Seq Scan", "Parent Relationship": "Outer", "Relation Name": "part", "Alias": "part", "Startup Cost": 0.0, "Total Cost": 61944.0, "Plan Rows": 2000000, "Plan Width": 29}]}]}]}, "Unique SQL Id": 379939634, "Planner Runtime": 0}, "explain_analyze_plan": {"Plan": {"Node Type": "Aggregate", "Strategy": "Plain", "Startup Cost": 1344441.29, "Total Cost": 1344441.3, "Plan Rows": 1, "Plan Width": 53, "Actual Startup Time": 4189.373, "Actual Total Time": 4189.374, "Actual Rows": 1, "Actual Loops": 1, "Plans": [{"Node Type": "Hash Join", "Parent Relationship": "Outer", "Join Type": "Inner", "Startup Cost": 111887.26, "Total Cost": 1331842.98, "Plan Rows": 719903, "Plan Width": 37, "Actual Startup Time": 1934.822, "Actual Total Time": 3823.274, "Actual Rows": 772803, "Actual Loops": 1, "Inner Unique": true, "Hash Cond": "(lineitem.l_partkey = part.p_partkey), (LLVM Optimized, Jit Execute)", "Plans": [{"Node Type": "Bitmap Heap Scan", "Parent Relationship": "Outer", "Relation Name": "lineitem", "Alias": "lineitem", "Startup Cost": 24943.26, "Total Cost": 1235000.32, "Plan Rows": 719903, "Plan Width": 24, "Actual Startup Time": 451.89, "Actual Total Time": 1765.327, "Actual Rows": 772803, "Actual Loops": 1, "Recheck Cond": "((l_shipdate >= '1996-12-01 00:00:00'::timestamp(0) without time zone) AND (l_shipdate < '1997-01-01 00:00:00'::timestamp without time zone)), (LLVM Optimized, Jit Execute)", "Rows Removed by Index Recheck": 0, "Exact Heap Blocks": 437909, "Lossy Heap Blocks": 437909, "Plans": [{"Node Type": "Bitmap Index Scan", "Parent Relationship": "Outer", "Index Name": "idx_lineitem_shipdate", "Startup Cost": 0.0, "Total Cost": 24763.28, "Plan Rows": 719903, "Plan Width": 0, "Actual Startup Time": 284.633, "Actual Total Time": 284.633, "Actual Rows": 772803, "Actual Loops": 1, "Index Cond": "((l_shipdate >= '1996-12-01 00:00:00'::timestamp(0) without time zone) AND (l_shipdate < '1997-01-01 00:00:00'::timestamp without time zone))"}]}, {"Node Type": "Hash", "Parent Relationship": "Inner", "Startup Cost": 61944.0, "Total Cost": 61944.0, "Plan Rows": 2000000, "Plan Width": 29, "Actual Startup Time": 1481.532, "Actual Total Time": 1481.532, "Actual Rows": 2000000, "Actual Loops": 1, "Hash Buckets": 2097152, "Hash Batches": 1, "Original Hash Batches": 1, "Peak Memory Usage": 126040, "Plans": [{"Node Type": "Seq Scan", "Parent Relationship": "Outer", "Relation Name": "part", "Alias": "part", "Startup Cost": 0.0, "Total Cost": 61944.0, "Plan Rows": 2000000, "Plan Width": 29, "Actual Startup Time": 0.032, "Actual Total Time": 731.552, "Actual Rows": 2000000, "Actual Loops": 1}]}]}]}, "Triggers": [], "Planner Runtime": 0, "Total Runtime": 4204.175, "Unique SQL Id": 379939634}}, "(16, 37)": {"explain_plan": {"Plan": {"Node Type": "Aggregate", "Strategy": "Plain", "Startup Cost": 1383300.54, "Total Cost": 1383300.55, "Plan Rows": 1, "Plan Width": 53, "Plans": [{"Node Type": "Hash Join", "Parent Relationship": "Outer", "Join Type": "Inner", "Startup Cost": 150746.51, "Total Cost": 1370702.23, "Plan Rows": 719903, "Plan Width": 37, "Inner Unique": true, "Hash Cond": "(lineitem.l_partkey = part.p_partkey), (LLVM Optimized)", "Plans": [{"Node Type": "Bitmap Heap Scan", "Parent Relationship": "Outer", "Relation Name": "lineitem", "Alias": "lineitem", "Startup Cost": 24943.26, "Total Cost": 1235000.32, "Plan Rows": 719903, "Plan Width": 24, "Recheck Cond": "((l_shipdate >= '1996-12-01 00:00:00'::timestamp(0) without time zone) AND (l_shipdate < '1997-01-01 00:00:00'::timestamp without time zone)), (LLVM Optimized)", "Plans": [{"Node Type": "Bitmap Index Scan", "Parent Relationship": "Outer", "Index Name": "idx_lineitem_shipdate", "Startup Cost": 0.0, "Total Cost": 24763.28, "Plan Rows": 719903, "Plan Width": 0, "Index Cond": "((l_shipdate >= '1996-12-01 00:00:00'::timestamp(0) without time zone) AND (l_shipdate < '1997-01-01 00:00:00'::timestamp without time zone))"}]}, {"Node Type": "Hash", "Parent Relationship": "Inner", "Startup Cost": 100803.25, "Total Cost": 100803.25, "Plan Rows": 2000000, "Plan Width": 29, "Plans": [{"Node Type": "Index Scan", "Parent Relationship": "Outer", "Scan Direction": "Forward", "Index Name": "part_kpey", "Relation Name": "part", "Alias": "part", "Startup Cost": 0.0, "Total Cost": 100803.25, "Plan Rows": 2000000, "Plan Width": 29}]}]}]}, "Unique SQL Id": 379939634, "Planner Runtime": 0}, "explain_analyze_plan": {"Plan": {"Node Type": "Aggregate", "Strategy": "Plain", "Startup Cost": 1383300.54, "Total Cost": 1383300.55, "Plan Rows": 1, "Plan Width": 53, "Actual Startup Time": 4880.395, "Actual Total Time": 4880.395, "Actual Rows": 1, "Actual Loops": 1, "Plans": [{"Node Type": "Hash Join", "Parent Relationship": "Outer", "Join Type": "Inner", "Startup Cost": 150746.51, "Total Cost": 1370702.23, "Plan Rows": 719903, "Plan Width": 37, "Actual Startup Time": 2646.128, "Actual Total Time": 4515.369, "Actual Rows": 772803, "Actual Loops": 1, "Inner Unique": true, "Hash Cond": "(lineitem.l_partkey = part.p_partkey), (LLVM Optimized, Jit Execute)", "Plans": [{"Node Type": "Bitmap Heap Scan", "Parent Relationship": "Outer", "Relation Name": "lineitem", "Alias": "lineitem", "Startup Cost": 24943.26, "Total Cost": 1235000.32, "Plan Rows": 719903, "Plan Width": 24, "Actual Startup Time": 446.087, "Actual Total Time": 1672.714, "Actual Rows": 772803, "Actual Loops": 1, "Recheck Cond": "((l_shipdate >= '1996-12-01 00:00:00'::timestamp(0) without time zone) AND (l_shipdate < '1997-01-01 00:00:00'::timestamp without time zone)), (LLVM Optimized, Jit Execute)", "Rows Removed by Index Recheck": 0, "Exact Heap Blocks": 437909, "Lossy Heap Blocks": 437909, "Plans": [{"Node Type": "Bitmap Index Scan", "Parent Relationship": "Outer", "Index Name": "idx_lineitem_shipdate", "Startup Cost": 0.0, "Total Cost": 24763.28, "Plan Rows": 719903, "Plan Width": 0, "Actual Startup Time": 281.285, "Actual Total Time": 281.285, "Actual Rows": 772803, "Actual Loops": 1, "Index Cond": "((l_shipdate >= '1996-12-01 00:00:00'::timestamp(0) without time zone) AND (l_shipdate < '1997-01-01 00:00:00'::timestamp without time zone))"}]}, {"Node Type": "Hash", "Parent Relationship": "Inner", "Startup Cost": 100803.25, "Total Cost": 100803.25, "Plan Rows": 2000000, "Plan Width": 29, "Actual Startup Time": 2198.605, "Actual Total Time": 2198.605, "Actual Rows": 2000000, "Actual Loops": 1, "Hash Buckets": 2097152, "Hash Batches": 1, "Original Hash Batches": 1, "Peak Memory Usage": 126040, "Plans": [{"Node Type": "Index Scan", "Parent Relationship": "Outer", "Scan Direction": "Forward", "Index Name": "part_kpey", "Relation Name": "part", "Alias": "part", "Startup Cost": 0.0, "Total Cost": 100803.25, "Plan Rows": 2000000, "Plan Width": 29, "Actual Startup Time": 0.054, "Actual Total Time": 1422.225, "Actual Rows": 2000000, "Actual Loops": 1}]}]}]}, "Triggers": [], "Planner Runtime": 0, "Total Runtime": 4895.379, "Unique SQL Id": 379939634}}, "(16, 38)": {"explain_plan": {"Plan": {"Node Type": "Aggregate", "Strategy": "Plain", "Startup Cost": 1344441.29, "Total Cost": 1344441.3, "Plan Rows": 1, "Plan Width": 53, "Plans": [{"Node Type": "Hash Join", "Parent Relationship": "Outer", "Join Type": "Inner", "Startup Cost": 111887.26, "Total Cost": 1331842.98, "Plan Rows": 719903, "Plan Width": 37, "Inner Unique": true, "Hash Cond": "(lineitem.l_partkey = part.p_partkey), (LLVM Optimized)", "Plans": [{"Node Type": "Bitmap Heap Scan", "Parent Relationship": "Outer", "Relation Name": "lineitem", "Alias": "lineitem", "Startup Cost": 24943.26, "Total Cost": 1235000.32, "Plan Rows": 719903, "Plan Width": 24, "Recheck Cond": "((l_shipdate >= '1996-12-01 00:00:00'::timestamp(0) without time zone) AND (l_shipdate < '1997-01-01 00:00:00'::timestamp without time zone)), (LLVM Optimized)", "Plans": [{"Node Type": "Bitmap Index Scan", "Parent Relationship": "Outer", "Index Name": "idx_lineitem_shipdate", "Startup Cost": 0.0, "Total Cost": 24763.28, "Plan Rows": 719903, "Plan Width": 0, "Index Cond": "((l_shipdate >= '1996-12-01 00:00:00'::timestamp(0) without time zone) AND (l_shipdate < '1997-01-01 00:00:00'::timestamp without time zone))"}]}, {"Node Type": "Hash", "Parent Relationship": "Inner", "Startup Cost": 61944.0, "Total Cost": 61944.0, "Plan Rows": 2000000, "Plan Width": 29, "Plans": [{"Node Type": "Seq Scan", "Parent Relationship": "Outer", "Relation Name": "part", "Alias": "part", "Startup Cost": 0.0, "Total Cost": 61944.0, "Plan Rows": 2000000, "Plan Width": 29}]}]}]}, "Unique SQL Id": 379939634, "Planner Runtime": 0}, "explain_analyze_plan": {"Plan": {"Node Type": "Aggregate", "Strategy": "Plain", "Startup Cost": 1344441.29, "Total Cost": 1344441.3, "Plan Rows": 1, "Plan Width": 53, "Actual Startup Time": 4189.373, "Actual Total Time": 4189.374, "Actual Rows": 1, "Actual Loops": 1, "Plans": [{"Node Type": "Hash Join", "Parent Relationship": "Outer", "Join Type": "Inner", "Startup Cost": 111887.26, "Total Cost": 1331842.98, "Plan Rows": 719903, "Plan Width": 37, "Actual Startup Time": 1934.822, "Actual Total Time": 3823.274, "Actual Rows": 772803, "Actual Loops": 1, "Inner Unique": true, "Hash Cond": "(lineitem.l_partkey = part.p_partkey), (LLVM Optimized, Jit Execute)", "Plans": [{"Node Type": "Bitmap Heap Scan", "Parent Relationship": "Outer", "Relation Name": "lineitem", "Alias": "lineitem", "Startup Cost": 24943.26, "Total Cost": 1235000.32, "Plan Rows": 719903, "Plan Width": 24, "Actual Startup Time": 451.89, "Actual Total Time": 1765.327, "Actual Rows": 772803, "Actual Loops": 1, "Recheck Cond": "((l_shipdate >= '1996-12-01 00:00:00'::timestamp(0) without time zone) AND (l_shipdate < '1997-01-01 00:00:00'::timestamp without time zone)), (LLVM Optimized, Jit Execute)", "Rows Removed by Index Recheck": 0, "Exact Heap Blocks": 437909, "Lossy Heap Blocks": 437909, "Plans": [{"Node Type": "Bitmap Index Scan", "Parent Relationship": "Outer", "Index Name": "idx_lineitem_shipdate", "Startup Cost": 0.0, "Total Cost": 24763.28, "Plan Rows": 719903, "Plan Width": 0, "Actual Startup Time": 284.633, "Actual Total Time": 284.633, "Actual Rows": 772803, "Actual Loops": 1, "Index Cond": "((l_shipdate >= '1996-12-01 00:00:00'::timestamp(0) without time zone) AND (l_shipdate < '1997-01-01 00:00:00'::timestamp without time zone))"}]}, {"Node Type": "Hash", "Parent Relationship": "Inner", "Startup Cost": 61944.0, "Total Cost": 61944.0, "Plan Rows": 2000000, "Plan Width": 29, "Actual Startup Time": 1481.532, "Actual Total Time": 1481.532, "Actual Rows": 2000000, "Actual Loops": 1, "Hash Buckets": 2097152, "Hash Batches": 1, "Original Hash Batches": 1, "Peak Memory Usage": 126040, "Plans": [{"Node Type": "Seq Scan", "Parent Relationship": "Outer", "Relation Name": "part", "Alias": "part", "Startup Cost": 0.0, "Total Cost": 61944.0, "Plan Rows": 2000000, "Plan Width": 29, "Actual Startup Time": 0.032, "Actual Total Time": 731.552, "Actual Rows": 2000000, "Actual Loops": 1}]}]}]}, "Triggers": [], "Planner Runtime": 0, "Total Runtime": 4204.175, "Unique SQL Id": 379939634}}, "(16, 39)": {"explain_plan": {"Plan": {"Node Type": "Aggregate", "Strategy": "Plain", "Startup Cost": 4357819.44, "Total Cost": 4357819.45, "Plan Rows": 1, "Plan Width": 53, "Plans": [{"Node Type": "Nested Loop", "Parent Relationship": "Outer", "Join Type": "Inner", "Startup Cost": 24943.55, "Total Cost": 4345221.13, "Plan Rows": 719903, "Plan Width": 37, "Inner Unique": true, "Plans": [{"Node Type": "Bitmap Heap Scan", "Parent Relationship": "Outer", "Relation Name": "lineitem", "Alias": "lineitem", "Startup Cost": 24943.26, "Total Cost": 1235000.32, "Plan Rows": 719903, "Plan Width": 24, "Recheck Cond": "((l_shipdate >= '1996-12-01 00:00:00'::timestamp(0) without time zone) AND (l_shipdate < '1997-01-01 00:00:00'::timestamp without time zone)), (LLVM Optimized)", "Plans": [{"Node Type": "Bitmap Index Scan", "Parent Relationship": "Outer", "Index Name": "idx_lineitem_shipdate", "Startup Cost": 0.0, "Total Cost": 24763.28, "Plan Rows": 719903, "Plan Width": 0, "Index Cond": "((l_shipdate >= '1996-12-01 00:00:00'::timestamp(0) without time zone) AND (l_shipdate < '1997-01-01 00:00:00'::timestamp without time zone))"}]}, {"Node Type": "Bitmap Heap Scan", "Parent Relationship": "Inner", "Relation Name": "part", "Alias": "part", "Startup Cost": 0.3, "Total Cost": 4.31, "Plan Rows": 1, "Plan Width": 29, "Recheck Cond": "(p_partkey = lineitem.l_partkey)", "Plans": [{"Node Type": "Bitmap Index Scan", "Parent Relationship": "Outer", "Index Name": "part_kpey", "Startup Cost": 0.0, "Total Cost": 0.3, "Plan Rows": 1, "Plan Width": 0, "Index Cond": "(p_partkey = lineitem.l_partkey)"}]}]}]}, "Unique SQL Id": 379939634, "Planner Runtime": 0}, "explain_analyze_plan": {"Plan": {"Node Type": "Aggregate", "Strategy": "Plain", "Startup Cost": 4357819.44, "Total Cost": 4357819.45, "Plan Rows": 1, "Plan Width": 53, "Actual Startup Time": 8616.5, "Actual Total Time": 8616.5, "Actual Rows": 1, "Actual Loops": 1, "Plans": [{"Node Type": "Nested Loop", "Parent Relationship": "Outer", "Join Type": "Inner", "Startup Cost": 24943.55, "Total Cost": 4345221.13, "Plan Rows": 719903, "Plan Width": 37, "Actual Startup Time": 451.969, "Actual Total Time": 8100.257, "Actual Rows": 772803, "Actual Loops": 1, "Inner Unique": true, "Plans": [{"Node Type": "Bitmap Heap Scan", "Parent Relationship": "Outer", "Relation Name": "lineitem", "Alias": "lineitem", "Startup Cost": 24943.26, "Total Cost": 1235000.32, "Plan Rows": 719903, "Plan Width": 24, "Actual Startup Time": 451.841, "Actual Total Time": 1732.82, "Actual Rows": 772803, "Actual Loops": 1, "Recheck Cond": "((l_shipdate >= '1996-12-01 00:00:00'::timestamp(0) without time zone) AND (l_shipdate < '1997-01-01 00:00:00'::timestamp without time zone)), (LLVM Optimized, Jit Execute)", "Rows Removed by Index Recheck": 0, "Exact Heap Blocks": 437909, "Lossy Heap Blocks": 437909, "Plans": [{"Node Type": "Bitmap Index Scan", "Parent Relationship": "Outer", "Index Name": "idx_lineitem_shipdate", "Startup Cost": 0.0, "Total Cost": 24763.28, "Plan Rows": 719903, "Plan Width": 0, "Actual Startup Time": 282.36, "Actual Total Time": 282.36, "Actual Rows": 772803, "Actual Loops": 1, "Index Cond": "((l_shipdate >= '1996-12-01 00:00:00'::timestamp(0) without time zone) AND (l_shipdate < '1997-01-01 00:00:00'::timestamp without time zone))"}]}, {"Node Type": "Bitmap Heap Scan", "Parent Relationship": "Inner", "Relation Name": "part", "Alias": "part", "Startup Cost": 0.3, "Total Cost": 4.31, "Plan Rows": 1, "Plan Width": 29, "Actual Startup Time": 5308.407, "Actual Total Time": 5308.407, "Actual Rows": 772803, "Actual Loops": 772803, "Recheck Cond": "(p_partkey = lineitem.l_partkey)", "Rows Removed by Index Recheck": 0, "Exact Heap Blocks": 772803, "Lossy Heap Blocks": 772803, "Plans": [{"Node Type": "Bitmap Index Scan", "Parent Relationship": "Outer", "Index Name": "part_kpey", "Startup Cost": 0.0, "Total Cost": 0.3, "Plan Rows": 1, "Plan Width": 0, "Actual Startup Time": 3239.468, "Actual Total Time": 3239.468, "Actual Rows": 772803, "Actual Loops": 772803, "Index Cond": "(p_partkey = lineitem.l_partkey)"}]}]}]}, "Triggers": [], "Planner Runtime": 0, "Total Runtime": 8628.033, "Unique SQL Id": 379939634}}, "(16, 40)": {"explain_plan": {"Plan": {"Node Type": "Aggregate", "Strategy": "Plain", "Startup Cost": 2437127.27, "Total Cost": 2437127.29, "Plan Rows": 1, "Plan Width": 53, "Plans": [{"Node Type": "Hash Join", "Parent Relationship": "Outer", "Join Type": "Inner", "Startup Cost": 86944.0, "Total Cost": 2424528.97, "Plan Rows": 719903, "Plan Width": 37, "Inner Unique": true, "Hash Cond": "(lineitem.l_partkey = part.p_partkey), (LLVM Optimized)", "Plans": [{"Node Type": "Index Scan", "Parent Relationship": "Outer", "Scan Direction": "Forward", "Index Name": "idx_lineitem_shipdate", "Relation Name": "lineitem", "Alias": "lineitem", "Startup Cost": 0.0, "Total Cost": 2327686.3, "Plan Rows": 719903, "Plan Width": 24, "Index Cond": "((l_shipdate >= '1996-12-01 00:00:00'::timestamp(0) without time zone) AND (l_shipdate < '1997-01-01 00:00:00'::timestamp without time zone)), (LLVM Optimized)"}, {"Node Type": "Hash", "Parent Relationship": "Inner", "Startup Cost": 61944.0, "Total Cost": 61944.0, "Plan Rows": 2000000, "Plan Width": 29, "Plans": [{"Node Type": "Seq Scan", "Parent Relationship": "Outer", "Relation Name": "part", "Alias": "part", "Startup Cost": 0.0, "Total Cost": 61944.0, "Plan Rows": 2000000, "Plan Width": 29}]}]}]}, "Unique SQL Id": 379939634, "Planner Runtime": 0}, "explain_analyze_plan": {"Plan": {"Node Type": "Aggregate", "Strategy": "Plain", "Startup Cost": 2437127.27, "Total Cost": 2437127.29, "Plan Rows": 1, "Plan Width": 53, "Actual Startup Time": 4525.793, "Actual Total Time": 4525.793, "Actual Rows": 1, "Actual Loops": 1, "Plans": [{"Node Type": "Hash Join", "Parent Relationship": "Outer", "Join Type": "Inner", "Startup Cost": 86944.0, "Total Cost": 2424528.97, "Plan Rows": 719903, "Plan Width": 37, "Actual Startup Time": 1494.321, "Actual Total Time": 4138.797, "Actual Rows": 772803, "Actual Loops": 1, "Inner Unique": true, "Hash Cond": "(lineitem.l_partkey = part.p_partkey), (LLVM Optimized, Jit Execute)", "Plans": [{"Node Type": "Index Scan", "Parent Relationship": "Outer", "Scan Direction": "Forward", "Index Name": "idx_lineitem_shipdate", "Relation Name": "lineitem", "Alias": "lineitem", "Startup Cost": 0.0, "Total Cost": 2327686.3, "Plan Rows": 719903, "Plan Width": 24, "Actual Startup Time": 0.03, "Actual Total Time": 1959.535, "Actual Rows": 772803, "Actual Loops": 1, "Index Cond": "((l_shipdate >= '1996-12-01 00:00:00'::timestamp(0) without time zone) AND (l_shipdate < '1997-01-01 00:00:00'::timestamp without time zone)), (LLVM Optimized, Jit Execute)", "Rows Removed by Index Recheck": 0}, {"Node Type": "Hash", "Parent Relationship": "Inner", "Startup Cost": 61944.0, "Total Cost": 61944.0, "Plan Rows": 2000000, "Plan Width": 29, "Actual Startup Time": 1492.995, "Actual Total Time": 1492.995, "Actual Rows": 2000000, "Actual Loops": 1, "Hash Buckets": 2097152, "Hash Batches": 1, "Original Hash Batches": 1, "Peak Memory Usage": 126040, "Plans": [{"Node Type": "Seq Scan", "Parent Relationship": "Outer", "Relation Name": "part", "Alias": "part", "Startup Cost": 0.0, "Total Cost": 61944.0, "Plan Rows": 2000000, "Plan Width": 29, "Actual Startup Time": 0.021, "Actual Total Time": 722.812, "Actual Rows": 2000000, "Actual Loops": 1}]}]}]}, "Triggers": [], "Planner Runtime": 0, "Total Runtime": 4540.025, "Unique SQL Id": 379939634}}, "(16, 41)": {"explain_plan": {"Plan": {"Node Type": "Aggregate", "Strategy": "Plain", "Startup Cost": 2475986.52, "Total Cost": 2475986.54, "Plan Rows": 1, "Plan Width": 53, "Plans": [{"Node Type": "Hash Join", "Parent Relationship": "Outer", "Join Type": "Inner", "Startup Cost": 125803.25, "Total Cost": 2463388.22, "Plan Rows": 719903, "Plan Width": 37, "Inner Unique": true, "Hash Cond": "(lineitem.l_partkey = part.p_partkey), (LLVM Optimized)", "Plans": [{"Node Type": "Index Scan", "Parent Relationship": "Outer", "Scan Direction": "Forward", "Index Name": "idx_lineitem_shipdate", "Relation Name": "lineitem", "Alias": "lineitem", "Startup Cost": 0.0, "Total Cost": 2327686.3, "Plan Rows": 719903, "Plan Width": 24, "Index Cond": "((l_shipdate >= '1996-12-01 00:00:00'::timestamp(0) without time zone) AND (l_shipdate < '1997-01-01 00:00:00'::timestamp without time zone)), (LLVM Optimized)"}, {"Node Type": "Hash", "Parent Relationship": "Inner", "Startup Cost": 100803.25, "Total Cost": 100803.25, "Plan Rows": 2000000, "Plan Width": 29, "Plans": [{"Node Type": "Index Scan", "Parent Relationship": "Outer", "Scan Direction": "Forward", "Index Name": "part_kpey", "Relation Name": "part", "Alias": "part", "Startup Cost": 0.0, "Total Cost": 100803.25, "Plan Rows": 2000000, "Plan Width": 29}]}]}]}, "Unique SQL Id": 379939634, "Planner Runtime": 0}, "explain_analyze_plan": {"Plan": {"Node Type": "Aggregate", "Strategy": "Plain", "Startup Cost": 2475986.52, "Total Cost": 2475986.54, "Plan Rows": 1, "Plan Width": 53, "Actual Startup Time": 5005.785, "Actual Total Time": 5005.785, "Actual Rows": 1, "Actual Loops": 1, "Plans": [{"Node Type": "Hash Join", "Parent Relationship": "Outer", "Join Type": "Inner", "Startup Cost": 125803.25, "Total Cost": 2463388.22, "Plan Rows": 719903, "Plan Width": 37, "Actual Startup Time": 2118.049, "Actual Total Time": 4619.544, "Actual Rows": 772803, "Actual Loops": 1, "Inner Unique": true, "Hash Cond": "(lineitem.l_partkey = part.p_partkey), (LLVM Optimized, Jit Execute)", "Plans": [{"Node Type": "Index Scan", "Parent Relationship": "Outer", "Scan Direction": "Forward", "Index Name": "idx_lineitem_shipdate", "Relation Name": "lineitem", "Alias": "lineitem", "Startup Cost": 0.0, "Total Cost": 2327686.3, "Plan Rows": 719903, "Plan Width": 24, "Actual Startup Time": 0.032, "Actual Total Time": 1896.213, "Actual Rows": 772803, "Actual Loops": 1, "Index Cond": "((l_shipdate >= '1996-12-01 00:00:00'::timestamp(0) without time zone) AND (l_shipdate < '1997-01-01 00:00:00'::timestamp without time zone)), (LLVM Optimized, Jit Execute)", "Rows Removed by Index Recheck": 0}, {"Node Type": "Hash", "Parent Relationship": "Inner", "Startup Cost": 100803.25, "Total Cost": 100803.25, "Plan Rows": 2000000, "Plan Width": 29, "Actual Startup Time": 2116.749, "Actual Total Time": 2116.749, "Actual Rows": 2000000, "Actual Loops": 1, "Hash Buckets": 2097152, "Hash Batches": 1, "Original Hash Batches": 1, "Peak Memory Usage": 126040, "Plans": [{"Node Type": "Index Scan", "Parent Relationship": "Outer", "Scan Direction": "Forward", "Index Name": "part_kpey", "Relation Name": "part", "Alias": "part", "Startup Cost": 0.0, "Total Cost": 100803.25, "Plan Rows": 2000000, "Plan Width": 29, "Actual Startup Time": 0.024, "Actual Total Time": 1436.987, "Actual Rows": 2000000, "Actual Loops": 1}]}]}]}, "Triggers": [], "Planner Runtime": 0, "Total Runtime": 5019.722, "Unique SQL Id": 379939634}}, "(16, 42)": {"explain_plan": {"Plan": {"Node Type": "Aggregate", "Strategy": "Plain", "Startup Cost": 2424491.46, "Total Cost": 2424491.48, "Plan Rows": 1, "Plan Width": 53, "Plans": [{"Node Type": "Hash Join", "Parent Relationship": "Outer", "Join Type": "Inner", "Startup Cost": 86988.5, "Total Cost": 2411893.16, "Plan Rows": 719903, "Plan Width": 37, "Inner Unique": true, "Hash Cond": "(lineitem.l_partkey = part.p_partkey), (LLVM Optimized)", "Plans": [{"Node Type": "Seq Scan", "Parent Relationship": "Outer", "Relation Name": "lineitem", "Alias": "lineitem", "Startup Cost": 44.5, "Total Cost": 2315050.5, "Plan Rows": 719903, "Plan Width": 24, "Filter": "((l_shipdate >= '1996-12-01 00:00:00'::timestamp(0) without time zone) AND (l_shipdate < '1997-01-01 00:00:00'::timestamp without time zone)), (LLVM Optimized)"}, {"Node Type": "Hash", "Parent Relationship": "Inner", "Startup Cost": 61944.0, "Total Cost": 61944.0, "Plan Rows": 2000000, "Plan Width": 29, "Plans": [{"Node Type": "Seq Scan", "Parent Relationship": "Outer", "Relation Name": "part", "Alias": "part", "Startup Cost": 0.0, "Total Cost": 61944.0, "Plan Rows": 2000000, "Plan Width": 29}]}]}]}, "Unique SQL Id": 379939634, "Planner Runtime": 0}, "explain_analyze_plan": null}, "(16, 43)": {"explain_plan": {"Plan": {"Node Type": "Aggregate", "Strategy": "Plain", "Startup Cost": 2000815512658.11, "Total Cost": 2000815512658.13, "Plan Rows": 1, "Plan Width": 53, "Plans": [{"Node Type": "Hash Join", "Parent Relationship": "Outer", "Join Type": "Inner", "Startup Cost": 1010010105325.0, "Total Cost": 2000815500059.81, "Plan Rows": 719903, "Plan Width": 37, "Inner Unique": true, "Hash Cond": "(lineitem.l_partkey = part.p_partkey), (LLVM Optimized)", "Plans": [{"Node Type": "Index Scan", "Parent Relationship": "Outer", "Scan Direction": "Forward", "Index Name": "idx_lineitem_part_supp", "Relation Name": "lineitem", "Alias": "lineitem", "Startup Cost": 10000000000.0, "Total Cost": 1000805384836.14, "Plan Rows": 719903, "Plan Width": 24, "Filter": "((l_shipdate >= '1996-12-01 00:00:00'::timestamp(0) without time zone) AND (l_shipdate < '1997-01-01 00:00:00'::timestamp without time zone)), (LLVM Optimized)"}, {"Node Type": "Hash", "Parent Relationship": "Inner", "Startup Cost": 1000010080325.0, "Total Cost": 1000010080325.0, "Plan Rows": 2000000, "Plan Width": 29, "Plans": [{"Node Type": "Index Scan", "Parent Relationship": "Outer", "Scan Direction": "Forward", "Index Name": "part_kpey", "Relation Name": "part", "Alias": "part", "Startup Cost": 10000000000.0, "Total Cost": 1000010080325.0, "Plan Rows": 2000000, "Plan Width": 29}]}]}]}, "Unique SQL Id": 379939634, "Planner Runtime": 0}, "explain_analyze_plan": null}, "(16, 44)": {"explain_plan": {"Plan": {"Node Type": "Aggregate", "Strategy": "Plain", "Startup Cost": 2437127.27, "Total Cost": 2437127.29, "Plan Rows": 1, "Plan Width": 53, "Plans": [{"Node Type": "Hash Join", "Parent Relationship": "Outer", "Join Type": "Inner", "Startup Cost": 86944.0, "Total Cost": 2424528.97, "Plan Rows": 719903, "Plan Width": 37, "Inner Unique": true, "Hash Cond": "(lineitem.l_partkey = part.p_partkey), (LLVM Optimized)", "Plans": [{"Node Type": "Index Scan", "Parent Relationship": "Outer", "Scan Direction": "Forward", "Index Name": "idx_lineitem_shipdate", "Relation Name": "lineitem", "Alias": "lineitem", "Startup Cost": 0.0, "Total Cost": 2327686.3, "Plan Rows": 719903, "Plan Width": 24, "Index Cond": "((l_shipdate >= '1996-12-01 00:00:00'::timestamp(0) without time zone) AND (l_shipdate < '1997-01-01 00:00:00'::timestamp without time zone)), (LLVM Optimized)"}, {"Node Type": "Hash", "Parent Relationship": "Inner", "Startup Cost": 61944.0, "Total Cost": 61944.0, "Plan Rows": 2000000, "Plan Width": 29, "Plans": [{"Node Type": "Seq Scan", "Parent Relationship": "Outer", "Relation Name": "part", "Alias": "part", "Startup Cost": 0.0, "Total Cost": 61944.0, "Plan Rows": 2000000, "Plan Width": 29}]}]}]}, "Unique SQL Id": 379939634, "Planner Runtime": 0}, "explain_analyze_plan": {"Plan": {"Node Type": "Aggregate", "Strategy": "Plain", "Startup Cost": 2437127.27, "Total Cost": 2437127.29, "Plan Rows": 1, "Plan Width": 53, "Actual Startup Time": 4525.793, "Actual Total Time": 4525.793, "Actual Rows": 1, "Actual Loops": 1, "Plans": [{"Node Type": "Hash Join", "Parent Relationship": "Outer", "Join Type": "Inner", "Startup Cost": 86944.0, "Total Cost": 2424528.97, "Plan Rows": 719903, "Plan Width": 37, "Actual Startup Time": 1494.321, "Actual Total Time": 4138.797, "Actual Rows": 772803, "Actual Loops": 1, "Inner Unique": true, "Hash Cond": "(lineitem.l_partkey = part.p_partkey), (LLVM Optimized, Jit Execute)", "Plans": [{"Node Type": "Index Scan", "Parent Relationship": "Outer", "Scan Direction": "Forward", "Index Name": "idx_lineitem_shipdate", "Relation Name": "lineitem", "Alias": "lineitem", "Startup Cost": 0.0, "Total Cost": 2327686.3, "Plan Rows": 719903, "Plan Width": 24, "Actual Startup Time": 0.03, "Actual Total Time": 1959.535, "Actual Rows": 772803, "Actual Loops": 1, "Index Cond": "((l_shipdate >= '1996-12-01 00:00:00'::timestamp(0) without time zone) AND (l_shipdate < '1997-01-01 00:00:00'::timestamp without time zone)), (LLVM Optimized, Jit Execute)", "Rows Removed by Index Recheck": 0}, {"Node Type": "Hash", "Parent Relationship": "Inner", "Startup Cost": 61944.0, "Total Cost": 61944.0, "Plan Rows": 2000000, "Plan Width": 29, "Actual Startup Time": 1492.995, "Actual Total Time": 1492.995, "Actual Rows": 2000000, "Actual Loops": 1, "Hash Buckets": 2097152, "Hash Batches": 1, "Original Hash Batches": 1, "Peak Memory Usage": 126040, "Plans": [{"Node Type": "Seq Scan", "Parent Relationship": "Outer", "Relation Name": "part", "Alias": "part", "Startup Cost": 0.0, "Total Cost": 61944.0, "Plan Rows": 2000000, "Plan Width": 29, "Actual Startup Time": 0.021, "Actual Total Time": 722.812, "Actual Rows": 2000000, "Actual Loops": 1}]}]}]}, "Triggers": [], "Planner Runtime": 0, "Total Runtime": 4540.025, "Unique SQL Id": 379939634}}, "(16, 45)": {"explain_plan": {"Plan": {"Node Type": "Aggregate", "Strategy": "Plain", "Startup Cost": 2475986.52, "Total Cost": 2475986.54, "Plan Rows": 1, "Plan Width": 53, "Plans": [{"Node Type": "Hash Join", "Parent Relationship": "Outer", "Join Type": "Inner", "Startup Cost": 125803.25, "Total Cost": 2463388.22, "Plan Rows": 719903, "Plan Width": 37, "Inner Unique": true, "Hash Cond": "(lineitem.l_partkey = part.p_partkey), (LLVM Optimized)", "Plans": [{"Node Type": "Index Scan", "Parent Relationship": "Outer", "Scan Direction": "Forward", "Index Name": "idx_lineitem_shipdate", "Relation Name": "lineitem", "Alias": "lineitem", "Startup Cost": 0.0, "Total Cost": 2327686.3, "Plan Rows": 719903, "Plan Width": 24, "Index Cond": "((l_shipdate >= '1996-12-01 00:00:00'::timestamp(0) without time zone) AND (l_shipdate < '1997-01-01 00:00:00'::timestamp without time zone)), (LLVM Optimized)"}, {"Node Type": "Hash", "Parent Relationship": "Inner", "Startup Cost": 100803.25, "Total Cost": 100803.25, "Plan Rows": 2000000, "Plan Width": 29, "Plans": [{"Node Type": "Index Scan", "Parent Relationship": "Outer", "Scan Direction": "Forward", "Index Name": "part_kpey", "Relation Name": "part", "Alias": "part", "Startup Cost": 0.0, "Total Cost": 100803.25, "Plan Rows": 2000000, "Plan Width": 29}]}]}]}, "Unique SQL Id": 379939634, "Planner Runtime": 0}, "explain_analyze_plan": {"Plan": {"Node Type": "Aggregate", "Strategy": "Plain", "Startup Cost": 2475986.52, "Total Cost": 2475986.54, "Plan Rows": 1, "Plan Width": 53, "Actual Startup Time": 5005.785, "Actual Total Time": 5005.785, "Actual Rows": 1, "Actual Loops": 1, "Plans": [{"Node Type": "Hash Join", "Parent Relationship": "Outer", "Join Type": "Inner", "Startup Cost": 125803.25, "Total Cost": 2463388.22, "Plan Rows": 719903, "Plan Width": 37, "Actual Startup Time": 2118.049, "Actual Total Time": 4619.544, "Actual Rows": 772803, "Actual Loops": 1, "Inner Unique": true, "Hash Cond": "(lineitem.l_partkey = part.p_partkey), (LLVM Optimized, Jit Execute)", "Plans": [{"Node Type": "Index Scan", "Parent Relationship": "Outer", "Scan Direction": "Forward", "Index Name": "idx_lineitem_shipdate", "Relation Name": "lineitem", "Alias": "lineitem", "Startup Cost": 0.0, "Total Cost": 2327686.3, "Plan Rows": 719903, "Plan Width": 24, "Actual Startup Time": 0.032, "Actual Total Time": 1896.213, "Actual Rows": 772803, "Actual Loops": 1, "Index Cond": "((l_shipdate >= '1996-12-01 00:00:00'::timestamp(0) without time zone) AND (l_shipdate < '1997-01-01 00:00:00'::timestamp without time zone)), (LLVM Optimized, Jit Execute)", "Rows Removed by Index Recheck": 0}, {"Node Type": "Hash", "Parent Relationship": "Inner", "Startup Cost": 100803.25, "Total Cost": 100803.25, "Plan Rows": 2000000, "Plan Width": 29, "Actual Startup Time": 2116.749, "Actual Total Time": 2116.749, "Actual Rows": 2000000, "Actual Loops": 1, "Hash Buckets": 2097152, "Hash Batches": 1, "Original Hash Batches": 1, "Peak Memory Usage": 126040, "Plans": [{"Node Type": "Index Scan", "Parent Relationship": "Outer", "Scan Direction": "Forward", "Index Name": "part_kpey", "Relation Name": "part", "Alias": "part", "Startup Cost": 0.0, "Total Cost": 100803.25, "Plan Rows": 2000000, "Plan Width": 29, "Actual Startup Time": 0.024, "Actual Total Time": 1436.987, "Actual Rows": 2000000, "Actual Loops": 1}]}]}]}, "Triggers": [], "Planner Runtime": 0, "Total Runtime": 5019.722, "Unique SQL Id": 379939634}}, "(16, 46)": {"explain_plan": {"Plan": {"Node Type": "Aggregate", "Strategy": "Plain", "Startup Cost": 2424491.46, "Total Cost": 2424491.48, "Plan Rows": 1, "Plan Width": 53, "Plans": [{"Node Type": "Hash Join", "Parent Relationship": "Outer", "Join Type": "Inner", "Startup Cost": 86988.5, "Total Cost": 2411893.16, "Plan Rows": 719903, "Plan Width": 37, "Inner Unique": true, "Hash Cond": "(lineitem.l_partkey = part.p_partkey), (LLVM Optimized)", "Plans": [{"Node Type": "Seq Scan", "Parent Relationship": "Outer", "Relation Name": "lineitem", "Alias": "lineitem", "Startup Cost": 44.5, "Total Cost": 2315050.5, "Plan Rows": 719903, "Plan Width": 24, "Filter": "((l_shipdate >= '1996-12-01 00:00:00'::timestamp(0) without time zone) AND (l_shipdate < '1997-01-01 00:00:00'::timestamp without time zone)), (LLVM Optimized)"}, {"Node Type": "Hash", "Parent Relationship": "Inner", "Startup Cost": 61944.0, "Total Cost": 61944.0, "Plan Rows": 2000000, "Plan Width": 29, "Plans": [{"Node Type": "Seq Scan", "Parent Relationship": "Outer", "Relation Name": "part", "Alias": "part", "Startup Cost": 0.0, "Total Cost": 61944.0, "Plan Rows": 2000000, "Plan Width": 29}]}]}]}, "Unique SQL Id": 379939634, "Planner Runtime": 0}, "explain_analyze_plan": null}, "(16, 47)": {"explain_plan": {"Plan": {"Node Type": "Aggregate", "Strategy": "Plain", "Startup Cost": 2000815512658.11, "Total Cost": 2000815512658.13, "Plan Rows": 1, "Plan Width": 53, "Plans": [{"Node Type": "Hash Join", "Parent Relationship": "Outer", "Join Type": "Inner", "Startup Cost": 1010010105325.0, "Total Cost": 2000815500059.81, "Plan Rows": 719903, "Plan Width": 37, "Inner Unique": true, "Hash Cond": "(lineitem.l_partkey = part.p_partkey), (LLVM Optimized)", "Plans": [{"Node Type": "Index Scan", "Parent Relationship": "Outer", "Scan Direction": "Forward", "Index Name": "idx_lineitem_part_supp", "Relation Name": "lineitem", "Alias": "lineitem", "Startup Cost": 10000000000.0, "Total Cost": 1000805384836.14, "Plan Rows": 719903, "Plan Width": 24, "Filter": "((l_shipdate >= '1996-12-01 00:00:00'::timestamp(0) without time zone) AND (l_shipdate < '1997-01-01 00:00:00'::timestamp without time zone)), (LLVM Optimized)"}, {"Node Type": "Hash", "Parent Relationship": "Inner", "Startup Cost": 1000010080325.0, "Total Cost": 1000010080325.0, "Plan Rows": 2000000, "Plan Width": 29, "Plans": [{"Node Type": "Index Scan", "Parent Relationship": "Outer", "Scan Direction": "Forward", "Index Name": "part_kpey", "Relation Name": "part", "Alias": "part", "Startup Cost": 10000000000.0, "Total Cost": 1000010080325.0, "Plan Rows": 2000000, "Plan Width": 29}]}]}]}, "Unique SQL Id": 379939634, "Planner Runtime": 0}, "explain_analyze_plan": null}, "(16, 48)": {"explain_plan": {"Plan": {"Node Type": "Aggregate", "Strategy": "Plain", "Startup Cost": 1645803.46, "Total Cost": 1645803.47, "Plan Rows": 1, "Plan Width": 53, "Plans": [{"Node Type": "Nested Loop", "Parent Relationship": "Outer", "Join Type": "Inner", "Startup Cost": 24943.26, "Total Cost": 1633205.16, "Plan Rows": 719903, "Plan Width": 37, "Inner Unique": true, "Plans": [{"Node Type": "Bitmap Heap Scan", "Parent Relationship": "Outer", "Relation Name": "lineitem", "Alias": "lineitem", "Startup Cost": 24943.26, "Total Cost": 1235000.32, "Plan Rows": 719903, "Plan Width": 24, "Recheck Cond": "((l_shipdate >= '1996-12-01 00:00:00'::timestamp(0) without time zone) AND (l_shipdate < '1997-01-01 00:00:00'::timestamp without time zone)), (LLVM Optimized)", "Plans": [{"Node Type": "Bitmap Index Scan", "Parent Relationship": "Outer", "Index Name": "idx_lineitem_shipdate", "Startup Cost": 0.0, "Total Cost": 24763.28, "Plan Rows": 719903, "Plan Width": 0, "Index Cond": "((l_shipdate >= '1996-12-01 00:00:00'::timestamp(0) without time zone) AND (l_shipdate < '1997-01-01 00:00:00'::timestamp without time zone))"}]}, {"Node Type": "Index Scan", "Parent Relationship": "Inner", "Scan Direction": "Forward", "Index Name": "part_kpey", "Relation Name": "part", "Alias": "part", "Startup Cost": 0.0, "Total Cost": 0.54, "Plan Rows": 1, "Plan Width": 29, "Index Cond": "(p_partkey = lineitem.l_partkey)"}]}]}, "Unique SQL Id": 379939634, "Planner Runtime": 0}, "explain_analyze_plan": {"Plan": {"Node Type": "Aggregate", "Strategy": "Plain", "Startup Cost": 1645803.46, "Total Cost": 1645803.47, "Plan Rows": 1, "Plan Width": 53, "Actual Startup Time": 7523.168, "Actual Total Time": 7523.168, "Actual Rows": 1, "Actual Loops": 1, "Plans": [{"Node Type": "Nested Loop", "Parent Relationship": "Outer", "Join Type": "Inner", "Startup Cost": 24943.26, "Total Cost": 1633205.16, "Plan Rows": 719903, "Plan Width": 37, "Actual Startup Time": 454.744, "Actual Total Time": 7069.066, "Actual Rows": 772803, "Actual Loops": 1, "Inner Unique": true, "Plans": [{"Node Type": "Bitmap Heap Scan", "Parent Relationship": "Outer", "Relation Name": "lineitem", "Alias": "lineitem", "Startup Cost": 24943.26, "Total Cost": 1235000.32, "Plan Rows": 719903, "Plan Width": 24, "Actual Startup Time": 454.697, "Actual Total Time": 1872.721, "Actual Rows": 772803, "Actual Loops": 1, "Recheck Cond": "((l_shipdate >= '1996-12-01 00:00:00'::timestamp(0) without time zone) AND (l_shipdate < '1997-01-01 00:00:00'::timestamp without time zone)), (LLVM Optimized, Jit Execute)", "Rows Removed by Index Recheck": 0, "Exact Heap Blocks": 437909, "Lossy Heap Blocks": 437909, "Plans": [{"Node Type": "Bitmap Index Scan", "Parent Relationship": "Outer", "Index Name": "idx_lineitem_shipdate", "Startup Cost": 0.0, "Total Cost": 24763.28, "Plan Rows": 719903, "Plan Width": 0, "Actual Startup Time": 289.074, "Actual Total Time": 289.074, "Actual Rows": 772803, "Actual Loops": 1, "Index Cond": "((l_shipdate >= '1996-12-01 00:00:00'::timestamp(0) without time zone) AND (l_shipdate < '1997-01-01 00:00:00'::timestamp without time zone))"}]}, {"Node Type": "Index Scan", "Parent Relationship": "Inner", "Scan Direction": "Forward", "Index Name": "part_kpey", "Relation Name": "part", "Alias": "part", "Startup Cost": 0.0, "Total Cost": 0.54, "Plan Rows": 1, "Plan Width": 29, "Actual Startup Time": 4558.371, "Actual Total Time": 4558.371, "Actual Rows": 772803, "Actual Loops": 772803, "Index Cond": "(p_partkey = lineitem.l_partkey)", "Rows Removed by Index Recheck": 0}]}]}, "Triggers": [], "Planner Runtime": 0, "Total Runtime": 7534.675, "Unique SQL Id": 379939634}}, "(16, 49)": {"explain_plan": {"Plan": {"Node Type": "Aggregate", "Strategy": "Plain", "Startup Cost": 1645803.46, "Total Cost": 1645803.47, "Plan Rows": 1, "Plan Width": 53, "Plans": [{"Node Type": "Nested Loop", "Parent Relationship": "Outer", "Join Type": "Inner", "Startup Cost": 24943.26, "Total Cost": 1633205.16, "Plan Rows": 719903, "Plan Width": 37, "Inner Unique": true, "Plans": [{"Node Type": "Bitmap Heap Scan", "Parent Relationship": "Outer", "Relation Name": "lineitem", "Alias": "lineitem", "Startup Cost": 24943.26, "Total Cost": 1235000.32, "Plan Rows": 719903, "Plan Width": 24, "Recheck Cond": "((l_shipdate >= '1996-12-01 00:00:00'::timestamp(0) without time zone) AND (l_shipdate < '1997-01-01 00:00:00'::timestamp without time zone)), (LLVM Optimized)", "Plans": [{"Node Type": "Bitmap Index Scan", "Parent Relationship": "Outer", "Index Name": "idx_lineitem_shipdate", "Startup Cost": 0.0, "Total Cost": 24763.28, "Plan Rows": 719903, "Plan Width": 0, "Index Cond": "((l_shipdate >= '1996-12-01 00:00:00'::timestamp(0) without time zone) AND (l_shipdate < '1997-01-01 00:00:00'::timestamp without time zone))"}]}, {"Node Type": "Index Scan", "Parent Relationship": "Inner", "Scan Direction": "Forward", "Index Name": "part_kpey", "Relation Name": "part", "Alias": "part", "Startup Cost": 0.0, "Total Cost": 0.54, "Plan Rows": 1, "Plan Width": 29, "Index Cond": "(p_partkey = lineitem.l_partkey)"}]}]}, "Unique SQL Id": 379939634, "Planner Runtime": 0}, "explain_analyze_plan": {"Plan": {"Node Type": "Aggregate", "Strategy": "Plain", "Startup Cost": 1645803.46, "Total Cost": 1645803.47, "Plan Rows": 1, "Plan Width": 53, "Actual Startup Time": 7523.168, "Actual Total Time": 7523.168, "Actual Rows": 1, "Actual Loops": 1, "Plans": [{"Node Type": "Nested Loop", "Parent Relationship": "Outer", "Join Type": "Inner", "Startup Cost": 24943.26, "Total Cost": 1633205.16, "Plan Rows": 719903, "Plan Width": 37, "Actual Startup Time": 454.744, "Actual Total Time": 7069.066, "Actual Rows": 772803, "Actual Loops": 1, "Inner Unique": true, "Plans": [{"Node Type": "Bitmap Heap Scan", "Parent Relationship": "Outer", "Relation Name": "lineitem", "Alias": "lineitem", "Startup Cost": 24943.26, "Total Cost": 1235000.32, "Plan Rows": 719903, "Plan Width": 24, "Actual Startup Time": 454.697, "Actual Total Time": 1872.721, "Actual Rows": 772803, "Actual Loops": 1, "Recheck Cond": "((l_shipdate >= '1996-12-01 00:00:00'::timestamp(0) without time zone) AND (l_shipdate < '1997-01-01 00:00:00'::timestamp without time zone)), (LLVM Optimized, Jit Execute)", "Rows Removed by Index Recheck": 0, "Exact Heap Blocks": 437909, "Lossy Heap Blocks": 437909, "Plans": [{"Node Type": "Bitmap Index Scan", "Parent Relationship": "Outer", "Index Name": "idx_lineitem_shipdate", "Startup Cost": 0.0, "Total Cost": 24763.28, "Plan Rows": 719903, "Plan Width": 0, "Actual Startup Time": 289.074, "Actual Total Time": 289.074, "Actual Rows": 772803, "Actual Loops": 1, "Index Cond": "((l_shipdate >= '1996-12-01 00:00:00'::timestamp(0) without time zone) AND (l_shipdate < '1997-01-01 00:00:00'::timestamp without time zone))"}]}, {"Node Type": "Index Scan", "Parent Relationship": "Inner", "Scan Direction": "Forward", "Index Name": "part_kpey", "Relation Name": "part", "Alias": "part", "Startup Cost": 0.0, "Total Cost": 0.54, "Plan Rows": 1, "Plan Width": 29, "Actual Startup Time": 4558.371, "Actual Total Time": 4558.371, "Actual Rows": 772803, "Actual Loops": 772803, "Index Cond": "(p_partkey = lineitem.l_partkey)", "Rows Removed by Index Recheck": 0}]}]}, "Triggers": [], "Planner Runtime": 0, "Total Runtime": 7534.675, "Unique SQL Id": 379939634}}, "(16, 50)": {"explain_plan": {"Plan": {"Node Type": "Aggregate", "Strategy": "Plain", "Startup Cost": 4357819.44, "Total Cost": 4357819.45, "Plan Rows": 1, "Plan Width": 53, "Plans": [{"Node Type": "Nested Loop", "Parent Relationship": "Outer", "Join Type": "Inner", "Startup Cost": 24943.55, "Total Cost": 4345221.13, "Plan Rows": 719903, "Plan Width": 37, "Inner Unique": true, "Plans": [{"Node Type": "Bitmap Heap Scan", "Parent Relationship": "Outer", "Relation Name": "lineitem", "Alias": "lineitem", "Startup Cost": 24943.26, "Total Cost": 1235000.32, "Plan Rows": 719903, "Plan Width": 24, "Recheck Cond": "((l_shipdate >= '1996-12-01 00:00:00'::timestamp(0) without time zone) AND (l_shipdate < '1997-01-01 00:00:00'::timestamp without time zone)), (LLVM Optimized)", "Plans": [{"Node Type": "Bitmap Index Scan", "Parent Relationship": "Outer", "Index Name": "idx_lineitem_shipdate", "Startup Cost": 0.0, "Total Cost": 24763.28, "Plan Rows": 719903, "Plan Width": 0, "Index Cond": "((l_shipdate >= '1996-12-01 00:00:00'::timestamp(0) without time zone) AND (l_shipdate < '1997-01-01 00:00:00'::timestamp without time zone))"}]}, {"Node Type": "Bitmap Heap Scan", "Parent Relationship": "Inner", "Relation Name": "part", "Alias": "part", "Startup Cost": 0.3, "Total Cost": 4.31, "Plan Rows": 1, "Plan Width": 29, "Recheck Cond": "(p_partkey = lineitem.l_partkey)", "Plans": [{"Node Type": "Bitmap Index Scan", "Parent Relationship": "Outer", "Index Name": "part_kpey", "Startup Cost": 0.0, "Total Cost": 0.3, "Plan Rows": 1, "Plan Width": 0, "Index Cond": "(p_partkey = lineitem.l_partkey)"}]}]}]}, "Unique SQL Id": 379939634, "Planner Runtime": 0}, "explain_analyze_plan": {"Plan": {"Node Type": "Aggregate", "Strategy": "Plain", "Startup Cost": 4357819.44, "Total Cost": 4357819.45, "Plan Rows": 1, "Plan Width": 53, "Actual Startup Time": 8616.5, "Actual Total Time": 8616.5, "Actual Rows": 1, "Actual Loops": 1, "Plans": [{"Node Type": "Nested Loop", "Parent Relationship": "Outer", "Join Type": "Inner", "Startup Cost": 24943.55, "Total Cost": 4345221.13, "Plan Rows": 719903, "Plan Width": 37, "Actual Startup Time": 451.969, "Actual Total Time": 8100.257, "Actual Rows": 772803, "Actual Loops": 1, "Inner Unique": true, "Plans": [{"Node Type": "Bitmap Heap Scan", "Parent Relationship": "Outer", "Relation Name": "lineitem", "Alias": "lineitem", "Startup Cost": 24943.26, "Total Cost": 1235000.32, "Plan Rows": 719903, "Plan Width": 24, "Actual Startup Time": 451.841, "Actual Total Time": 1732.82, "Actual Rows": 772803, "Actual Loops": 1, "Recheck Cond": "((l_shipdate >= '1996-12-01 00:00:00'::timestamp(0) without time zone) AND (l_shipdate < '1997-01-01 00:00:00'::timestamp without time zone)), (LLVM Optimized, Jit Execute)", "Rows Removed by Index Recheck": 0, "Exact Heap Blocks": 437909, "Lossy Heap Blocks": 437909, "Plans": [{"Node Type": "Bitmap Index Scan", "Parent Relationship": "Outer", "Index Name": "idx_lineitem_shipdate", "Startup Cost": 0.0, "Total Cost": 24763.28, "Plan Rows": 719903, "Plan Width": 0, "Actual Startup Time": 282.36, "Actual Total Time": 282.36, "Actual Rows": 772803, "Actual Loops": 1, "Index Cond": "((l_shipdate >= '1996-12-01 00:00:00'::timestamp(0) without time zone) AND (l_shipdate < '1997-01-01 00:00:00'::timestamp without time zone))"}]}, {"Node Type": "Bitmap Heap Scan", "Parent Relationship": "Inner", "Relation Name": "part", "Alias": "part", "Startup Cost": 0.3, "Total Cost": 4.31, "Plan Rows": 1, "Plan Width": 29, "Actual Startup Time": 5308.407, "Actual Total Time": 5308.407, "Actual Rows": 772803, "Actual Loops": 772803, "Recheck Cond": "(p_partkey = lineitem.l_partkey)", "Rows Removed by Index Recheck": 0, "Exact Heap Blocks": 772803, "Lossy Heap Blocks": 772803, "Plans": [{"Node Type": "Bitmap Index Scan", "Parent Relationship": "Outer", "Index Name": "part_kpey", "Startup Cost": 0.0, "Total Cost": 0.3, "Plan Rows": 1, "Plan Width": 0, "Actual Startup Time": 3239.468, "Actual Total Time": 3239.468, "Actual Rows": 772803, "Actual Loops": 772803, "Index Cond": "(p_partkey = lineitem.l_partkey)"}]}]}]}, "Triggers": [], "Planner Runtime": 0, "Total Runtime": 8628.033, "Unique SQL Id": 379939634}}, "(16, 51)": {"explain_plan": {"Plan": {"Node Type": "Aggregate", "Strategy": "Plain", "Startup Cost": 4357819.44, "Total Cost": 4357819.45, "Plan Rows": 1, "Plan Width": 53, "Plans": [{"Node Type": "Nested Loop", "Parent Relationship": "Outer", "Join Type": "Inner", "Startup Cost": 24943.55, "Total Cost": 4345221.13, "Plan Rows": 719903, "Plan Width": 37, "Inner Unique": true, "Plans": [{"Node Type": "Bitmap Heap Scan", "Parent Relationship": "Outer", "Relation Name": "lineitem", "Alias": "lineitem", "Startup Cost": 24943.26, "Total Cost": 1235000.32, "Plan Rows": 719903, "Plan Width": 24, "Recheck Cond": "((l_shipdate >= '1996-12-01 00:00:00'::timestamp(0) without time zone) AND (l_shipdate < '1997-01-01 00:00:00'::timestamp without time zone)), (LLVM Optimized)", "Plans": [{"Node Type": "Bitmap Index Scan", "Parent Relationship": "Outer", "Index Name": "idx_lineitem_shipdate", "Startup Cost": 0.0, "Total Cost": 24763.28, "Plan Rows": 719903, "Plan Width": 0, "Index Cond": "((l_shipdate >= '1996-12-01 00:00:00'::timestamp(0) without time zone) AND (l_shipdate < '1997-01-01 00:00:00'::timestamp without time zone))"}]}, {"Node Type": "Bitmap Heap Scan", "Parent Relationship": "Inner", "Relation Name": "part", "Alias": "part", "Startup Cost": 0.3, "Total Cost": 4.31, "Plan Rows": 1, "Plan Width": 29, "Recheck Cond": "(p_partkey = lineitem.l_partkey)", "Plans": [{"Node Type": "Bitmap Index Scan", "Parent Relationship": "Outer", "Index Name": "part_kpey", "Startup Cost": 0.0, "Total Cost": 0.3, "Plan Rows": 1, "Plan Width": 0, "Index Cond": "(p_partkey = lineitem.l_partkey)"}]}]}]}, "Unique SQL Id": 379939634, "Planner Runtime": 0}, "explain_analyze_plan": {"Plan": {"Node Type": "Aggregate", "Strategy": "Plain", "Startup Cost": 4357819.44, "Total Cost": 4357819.45, "Plan Rows": 1, "Plan Width": 53, "Actual Startup Time": 8616.5, "Actual Total Time": 8616.5, "Actual Rows": 1, "Actual Loops": 1, "Plans": [{"Node Type": "Nested Loop", "Parent Relationship": "Outer", "Join Type": "Inner", "Startup Cost": 24943.55, "Total Cost": 4345221.13, "Plan Rows": 719903, "Plan Width": 37, "Actual Startup Time": 451.969, "Actual Total Time": 8100.257, "Actual Rows": 772803, "Actual Loops": 1, "Inner Unique": true, "Plans": [{"Node Type": "Bitmap Heap Scan", "Parent Relationship": "Outer", "Relation Name": "lineitem", "Alias": "lineitem", "Startup Cost": 24943.26, "Total Cost": 1235000.32, "Plan Rows": 719903, "Plan Width": 24, "Actual Startup Time": 451.841, "Actual Total Time": 1732.82, "Actual Rows": 772803, "Actual Loops": 1, "Recheck Cond": "((l_shipdate >= '1996-12-01 00:00:00'::timestamp(0) without time zone) AND (l_shipdate < '1997-01-01 00:00:00'::timestamp without time zone)), (LLVM Optimized, Jit Execute)", "Rows Removed by Index Recheck": 0, "Exact Heap Blocks": 437909, "Lossy Heap Blocks": 437909, "Plans": [{"Node Type": "Bitmap Index Scan", "Parent Relationship": "Outer", "Index Name": "idx_lineitem_shipdate", "Startup Cost": 0.0, "Total Cost": 24763.28, "Plan Rows": 719903, "Plan Width": 0, "Actual Startup Time": 282.36, "Actual Total Time": 282.36, "Actual Rows": 772803, "Actual Loops": 1, "Index Cond": "((l_shipdate >= '1996-12-01 00:00:00'::timestamp(0) without time zone) AND (l_shipdate < '1997-01-01 00:00:00'::timestamp without time zone))"}]}, {"Node Type": "Bitmap Heap Scan", "Parent Relationship": "Inner", "Relation Name": "part", "Alias": "part", "Startup Cost": 0.3, "Total Cost": 4.31, "Plan Rows": 1, "Plan Width": 29, "Actual Startup Time": 5308.407, "Actual Total Time": 5308.407, "Actual Rows": 772803, "Actual Loops": 772803, "Recheck Cond": "(p_partkey = lineitem.l_partkey)", "Rows Removed by Index Recheck": 0, "Exact Heap Blocks": 772803, "Lossy Heap Blocks": 772803, "Plans": [{"Node Type": "Bitmap Index Scan", "Parent Relationship": "Outer", "Index Name": "part_kpey", "Startup Cost": 0.0, "Total Cost": 0.3, "Plan Rows": 1, "Plan Width": 0, "Actual Startup Time": 3239.468, "Actual Total Time": 3239.468, "Actual Rows": 772803, "Actual Loops": 772803, "Index Cond": "(p_partkey = lineitem.l_partkey)"}]}]}]}, "Triggers": [], "Planner Runtime": 0, "Total Runtime": 8628.033, "Unique SQL Id": 379939634}}, "(16, 52)": {"explain_plan": {"Plan": {"Node Type": "Aggregate", "Strategy": "Plain", "Startup Cost": 1645803.46, "Total Cost": 1645803.47, "Plan Rows": 1, "Plan Width": 53, "Plans": [{"Node Type": "Nested Loop", "Parent Relationship": "Outer", "Join Type": "Inner", "Startup Cost": 24943.26, "Total Cost": 1633205.16, "Plan Rows": 719903, "Plan Width": 37, "Inner Unique": true, "Plans": [{"Node Type": "Bitmap Heap Scan", "Parent Relationship": "Outer", "Relation Name": "lineitem", "Alias": "lineitem", "Startup Cost": 24943.26, "Total Cost": 1235000.32, "Plan Rows": 719903, "Plan Width": 24, "Recheck Cond": "((l_shipdate >= '1996-12-01 00:00:00'::timestamp(0) without time zone) AND (l_shipdate < '1997-01-01 00:00:00'::timestamp without time zone)), (LLVM Optimized)", "Plans": [{"Node Type": "Bitmap Index Scan", "Parent Relationship": "Outer", "Index Name": "idx_lineitem_shipdate", "Startup Cost": 0.0, "Total Cost": 24763.28, "Plan Rows": 719903, "Plan Width": 0, "Index Cond": "((l_shipdate >= '1996-12-01 00:00:00'::timestamp(0) without time zone) AND (l_shipdate < '1997-01-01 00:00:00'::timestamp without time zone))"}]}, {"Node Type": "Index Scan", "Parent Relationship": "Inner", "Scan Direction": "Forward", "Index Name": "part_kpey", "Relation Name": "part", "Alias": "part", "Startup Cost": 0.0, "Total Cost": 0.54, "Plan Rows": 1, "Plan Width": 29, "Index Cond": "(p_partkey = lineitem.l_partkey)"}]}]}, "Unique SQL Id": 379939634, "Planner Runtime": 0}, "explain_analyze_plan": {"Plan": {"Node Type": "Aggregate", "Strategy": "Plain", "Startup Cost": 1645803.46, "Total Cost": 1645803.47, "Plan Rows": 1, "Plan Width": 53, "Actual Startup Time": 7523.168, "Actual Total Time": 7523.168, "Actual Rows": 1, "Actual Loops": 1, "Plans": [{"Node Type": "Nested Loop", "Parent Relationship": "Outer", "Join Type": "Inner", "Startup Cost": 24943.26, "Total Cost": 1633205.16, "Plan Rows": 719903, "Plan Width": 37, "Actual Startup Time": 454.744, "Actual Total Time": 7069.066, "Actual Rows": 772803, "Actual Loops": 1, "Inner Unique": true, "Plans": [{"Node Type": "Bitmap Heap Scan", "Parent Relationship": "Outer", "Relation Name": "lineitem", "Alias": "lineitem", "Startup Cost": 24943.26, "Total Cost": 1235000.32, "Plan Rows": 719903, "Plan Width": 24, "Actual Startup Time": 454.697, "Actual Total Time": 1872.721, "Actual Rows": 772803, "Actual Loops": 1, "Recheck Cond": "((l_shipdate >= '1996-12-01 00:00:00'::timestamp(0) without time zone) AND (l_shipdate < '1997-01-01 00:00:00'::timestamp without time zone)), (LLVM Optimized, Jit Execute)", "Rows Removed by Index Recheck": 0, "Exact Heap Blocks": 437909, "Lossy Heap Blocks": 437909, "Plans": [{"Node Type": "Bitmap Index Scan", "Parent Relationship": "Outer", "Index Name": "idx_lineitem_shipdate", "Startup Cost": 0.0, "Total Cost": 24763.28, "Plan Rows": 719903, "Plan Width": 0, "Actual Startup Time": 289.074, "Actual Total Time": 289.074, "Actual Rows": 772803, "Actual Loops": 1, "Index Cond": "((l_shipdate >= '1996-12-01 00:00:00'::timestamp(0) without time zone) AND (l_shipdate < '1997-01-01 00:00:00'::timestamp without time zone))"}]}, {"Node Type": "Index Scan", "Parent Relationship": "Inner", "Scan Direction": "Forward", "Index Name": "part_kpey", "Relation Name": "part", "Alias": "part", "Startup Cost": 0.0, "Total Cost": 0.54, "Plan Rows": 1, "Plan Width": 29, "Actual Startup Time": 4558.371, "Actual Total Time": 4558.371, "Actual Rows": 772803, "Actual Loops": 772803, "Index Cond": "(p_partkey = lineitem.l_partkey)", "Rows Removed by Index Recheck": 0}]}]}, "Triggers": [], "Planner Runtime": 0, "Total Runtime": 7534.675, "Unique SQL Id": 379939634}}, "(16, 53)": {"explain_plan": {"Plan": {"Node Type": "Aggregate", "Strategy": "Plain", "Startup Cost": 1645803.46, "Total Cost": 1645803.47, "Plan Rows": 1, "Plan Width": 53, "Plans": [{"Node Type": "Nested Loop", "Parent Relationship": "Outer", "Join Type": "Inner", "Startup Cost": 24943.26, "Total Cost": 1633205.16, "Plan Rows": 719903, "Plan Width": 37, "Inner Unique": true, "Plans": [{"Node Type": "Bitmap Heap Scan", "Parent Relationship": "Outer", "Relation Name": "lineitem", "Alias": "lineitem", "Startup Cost": 24943.26, "Total Cost": 1235000.32, "Plan Rows": 719903, "Plan Width": 24, "Recheck Cond": "((l_shipdate >= '1996-12-01 00:00:00'::timestamp(0) without time zone) AND (l_shipdate < '1997-01-01 00:00:00'::timestamp without time zone)), (LLVM Optimized)", "Plans": [{"Node Type": "Bitmap Index Scan", "Parent Relationship": "Outer", "Index Name": "idx_lineitem_shipdate", "Startup Cost": 0.0, "Total Cost": 24763.28, "Plan Rows": 719903, "Plan Width": 0, "Index Cond": "((l_shipdate >= '1996-12-01 00:00:00'::timestamp(0) without time zone) AND (l_shipdate < '1997-01-01 00:00:00'::timestamp without time zone))"}]}, {"Node Type": "Index Scan", "Parent Relationship": "Inner", "Scan Direction": "Forward", "Index Name": "part_kpey", "Relation Name": "part", "Alias": "part", "Startup Cost": 0.0, "Total Cost": 0.54, "Plan Rows": 1, "Plan Width": 29, "Index Cond": "(p_partkey = lineitem.l_partkey)"}]}]}, "Unique SQL Id": 379939634, "Planner Runtime": 0}, "explain_analyze_plan": {"Plan": {"Node Type": "Aggregate", "Strategy": "Plain", "Startup Cost": 1645803.46, "Total Cost": 1645803.47, "Plan Rows": 1, "Plan Width": 53, "Actual Startup Time": 7523.168, "Actual Total Time": 7523.168, "Actual Rows": 1, "Actual Loops": 1, "Plans": [{"Node Type": "Nested Loop", "Parent Relationship": "Outer", "Join Type": "Inner", "Startup Cost": 24943.26, "Total Cost": 1633205.16, "Plan Rows": 719903, "Plan Width": 37, "Actual Startup Time": 454.744, "Actual Total Time": 7069.066, "Actual Rows": 772803, "Actual Loops": 1, "Inner Unique": true, "Plans": [{"Node Type": "Bitmap Heap Scan", "Parent Relationship": "Outer", "Relation Name": "lineitem", "Alias": "lineitem", "Startup Cost": 24943.26, "Total Cost": 1235000.32, "Plan Rows": 719903, "Plan Width": 24, "Actual Startup Time": 454.697, "Actual Total Time": 1872.721, "Actual Rows": 772803, "Actual Loops": 1, "Recheck Cond": "((l_shipdate >= '1996-12-01 00:00:00'::timestamp(0) without time zone) AND (l_shipdate < '1997-01-01 00:00:00'::timestamp without time zone)), (LLVM Optimized, Jit Execute)", "Rows Removed by Index Recheck": 0, "Exact Heap Blocks": 437909, "Lossy Heap Blocks": 437909, "Plans": [{"Node Type": "Bitmap Index Scan", "Parent Relationship": "Outer", "Index Name": "idx_lineitem_shipdate", "Startup Cost": 0.0, "Total Cost": 24763.28, "Plan Rows": 719903, "Plan Width": 0, "Actual Startup Time": 289.074, "Actual Total Time": 289.074, "Actual Rows": 772803, "Actual Loops": 1, "Index Cond": "((l_shipdate >= '1996-12-01 00:00:00'::timestamp(0) without time zone) AND (l_shipdate < '1997-01-01 00:00:00'::timestamp without time zone))"}]}, {"Node Type": "Index Scan", "Parent Relationship": "Inner", "Scan Direction": "Forward", "Index Name": "part_kpey", "Relation Name": "part", "Alias": "part", "Startup Cost": 0.0, "Total Cost": 0.54, "Plan Rows": 1, "Plan Width": 29, "Actual Startup Time": 4558.371, "Actual Total Time": 4558.371, "Actual Rows": 772803, "Actual Loops": 772803, "Index Cond": "(p_partkey = lineitem.l_partkey)", "Rows Removed by Index Recheck": 0}]}]}, "Triggers": [], "Planner Runtime": 0, "Total Runtime": 7534.675, "Unique SQL Id": 379939634}}, "(16, 54)": {"explain_plan": {"Plan": {"Node Type": "Aggregate", "Strategy": "Plain", "Startup Cost": 4357819.44, "Total Cost": 4357819.45, "Plan Rows": 1, "Plan Width": 53, "Plans": [{"Node Type": "Nested Loop", "Parent Relationship": "Outer", "Join Type": "Inner", "Startup Cost": 24943.55, "Total Cost": 4345221.13, "Plan Rows": 719903, "Plan Width": 37, "Inner Unique": true, "Plans": [{"Node Type": "Bitmap Heap Scan", "Parent Relationship": "Outer", "Relation Name": "lineitem", "Alias": "lineitem", "Startup Cost": 24943.26, "Total Cost": 1235000.32, "Plan Rows": 719903, "Plan Width": 24, "Recheck Cond": "((l_shipdate >= '1996-12-01 00:00:00'::timestamp(0) without time zone) AND (l_shipdate < '1997-01-01 00:00:00'::timestamp without time zone)), (LLVM Optimized)", "Plans": [{"Node Type": "Bitmap Index Scan", "Parent Relationship": "Outer", "Index Name": "idx_lineitem_shipdate", "Startup Cost": 0.0, "Total Cost": 24763.28, "Plan Rows": 719903, "Plan Width": 0, "Index Cond": "((l_shipdate >= '1996-12-01 00:00:00'::timestamp(0) without time zone) AND (l_shipdate < '1997-01-01 00:00:00'::timestamp without time zone))"}]}, {"Node Type": "Bitmap Heap Scan", "Parent Relationship": "Inner", "Relation Name": "part", "Alias": "part", "Startup Cost": 0.3, "Total Cost": 4.31, "Plan Rows": 1, "Plan Width": 29, "Recheck Cond": "(p_partkey = lineitem.l_partkey)", "Plans": [{"Node Type": "Bitmap Index Scan", "Parent Relationship": "Outer", "Index Name": "part_kpey", "Startup Cost": 0.0, "Total Cost": 0.3, "Plan Rows": 1, "Plan Width": 0, "Index Cond": "(p_partkey = lineitem.l_partkey)"}]}]}]}, "Unique SQL Id": 379939634, "Planner Runtime": 0}, "explain_analyze_plan": {"Plan": {"Node Type": "Aggregate", "Strategy": "Plain", "Startup Cost": 4357819.44, "Total Cost": 4357819.45, "Plan Rows": 1, "Plan Width": 53, "Actual Startup Time": 8616.5, "Actual Total Time": 8616.5, "Actual Rows": 1, "Actual Loops": 1, "Plans": [{"Node Type": "Nested Loop", "Parent Relationship": "Outer", "Join Type": "Inner", "Startup Cost": 24943.55, "Total Cost": 4345221.13, "Plan Rows": 719903, "Plan Width": 37, "Actual Startup Time": 451.969, "Actual Total Time": 8100.257, "Actual Rows": 772803, "Actual Loops": 1, "Inner Unique": true, "Plans": [{"Node Type": "Bitmap Heap Scan", "Parent Relationship": "Outer", "Relation Name": "lineitem", "Alias": "lineitem", "Startup Cost": 24943.26, "Total Cost": 1235000.32, "Plan Rows": 719903, "Plan Width": 24, "Actual Startup Time": 451.841, "Actual Total Time": 1732.82, "Actual Rows": 772803, "Actual Loops": 1, "Recheck Cond": "((l_shipdate >= '1996-12-01 00:00:00'::timestamp(0) without time zone) AND (l_shipdate < '1997-01-01 00:00:00'::timestamp without time zone)), (LLVM Optimized, Jit Execute)", "Rows Removed by Index Recheck": 0, "Exact Heap Blocks": 437909, "Lossy Heap Blocks": 437909, "Plans": [{"Node Type": "Bitmap Index Scan", "Parent Relationship": "Outer", "Index Name": "idx_lineitem_shipdate", "Startup Cost": 0.0, "Total Cost": 24763.28, "Plan Rows": 719903, "Plan Width": 0, "Actual Startup Time": 282.36, "Actual Total Time": 282.36, "Actual Rows": 772803, "Actual Loops": 1, "Index Cond": "((l_shipdate >= '1996-12-01 00:00:00'::timestamp(0) without time zone) AND (l_shipdate < '1997-01-01 00:00:00'::timestamp without time zone))"}]}, {"Node Type": "Bitmap Heap Scan", "Parent Relationship": "Inner", "Relation Name": "part", "Alias": "part", "Startup Cost": 0.3, "Total Cost": 4.31, "Plan Rows": 1, "Plan Width": 29, "Actual Startup Time": 5308.407, "Actual Total Time": 5308.407, "Actual Rows": 772803, "Actual Loops": 772803, "Recheck Cond": "(p_partkey = lineitem.l_partkey)", "Rows Removed by Index Recheck": 0, "Exact Heap Blocks": 772803, "Lossy Heap Blocks": 772803, "Plans": [{"Node Type": "Bitmap Index Scan", "Parent Relationship": "Outer", "Index Name": "part_kpey", "Startup Cost": 0.0, "Total Cost": 0.3, "Plan Rows": 1, "Plan Width": 0, "Actual Startup Time": 3239.468, "Actual Total Time": 3239.468, "Actual Rows": 772803, "Actual Loops": 772803, "Index Cond": "(p_partkey = lineitem.l_partkey)"}]}]}]}, "Triggers": [], "Planner Runtime": 0, "Total Runtime": 8628.033, "Unique SQL Id": 379939634}}, "(16, 55)": {"explain_plan": {"Plan": {"Node Type": "Aggregate", "Strategy": "Plain", "Startup Cost": 4357819.44, "Total Cost": 4357819.45, "Plan Rows": 1, "Plan Width": 53, "Plans": [{"Node Type": "Nested Loop", "Parent Relationship": "Outer", "Join Type": "Inner", "Startup Cost": 24943.55, "Total Cost": 4345221.13, "Plan Rows": 719903, "Plan Width": 37, "Inner Unique": true, "Plans": [{"Node Type": "Bitmap Heap Scan", "Parent Relationship": "Outer", "Relation Name": "lineitem", "Alias": "lineitem", "Startup Cost": 24943.26, "Total Cost": 1235000.32, "Plan Rows": 719903, "Plan Width": 24, "Recheck Cond": "((l_shipdate >= '1996-12-01 00:00:00'::timestamp(0) without time zone) AND (l_shipdate < '1997-01-01 00:00:00'::timestamp without time zone)), (LLVM Optimized)", "Plans": [{"Node Type": "Bitmap Index Scan", "Parent Relationship": "Outer", "Index Name": "idx_lineitem_shipdate", "Startup Cost": 0.0, "Total Cost": 24763.28, "Plan Rows": 719903, "Plan Width": 0, "Index Cond": "((l_shipdate >= '1996-12-01 00:00:00'::timestamp(0) without time zone) AND (l_shipdate < '1997-01-01 00:00:00'::timestamp without time zone))"}]}, {"Node Type": "Bitmap Heap Scan", "Parent Relationship": "Inner", "Relation Name": "part", "Alias": "part", "Startup Cost": 0.3, "Total Cost": 4.31, "Plan Rows": 1, "Plan Width": 29, "Recheck Cond": "(p_partkey = lineitem.l_partkey)", "Plans": [{"Node Type": "Bitmap Index Scan", "Parent Relationship": "Outer", "Index Name": "part_kpey", "Startup Cost": 0.0, "Total Cost": 0.3, "Plan Rows": 1, "Plan Width": 0, "Index Cond": "(p_partkey = lineitem.l_partkey)"}]}]}]}, "Unique SQL Id": 379939634, "Planner Runtime": 0}, "explain_analyze_plan": {"Plan": {"Node Type": "Aggregate", "Strategy": "Plain", "Startup Cost": 4357819.44, "Total Cost": 4357819.45, "Plan Rows": 1, "Plan Width": 53, "Actual Startup Time": 8616.5, "Actual Total Time": 8616.5, "Actual Rows": 1, "Actual Loops": 1, "Plans": [{"Node Type": "Nested Loop", "Parent Relationship": "Outer", "Join Type": "Inner", "Startup Cost": 24943.55, "Total Cost": 4345221.13, "Plan Rows": 719903, "Plan Width": 37, "Actual Startup Time": 451.969, "Actual Total Time": 8100.257, "Actual Rows": 772803, "Actual Loops": 1, "Inner Unique": true, "Plans": [{"Node Type": "Bitmap Heap Scan", "Parent Relationship": "Outer", "Relation Name": "lineitem", "Alias": "lineitem", "Startup Cost": 24943.26, "Total Cost": 1235000.32, "Plan Rows": 719903, "Plan Width": 24, "Actual Startup Time": 451.841, "Actual Total Time": 1732.82, "Actual Rows": 772803, "Actual Loops": 1, "Recheck Cond": "((l_shipdate >= '1996-12-01 00:00:00'::timestamp(0) without time zone) AND (l_shipdate < '1997-01-01 00:00:00'::timestamp without time zone)), (LLVM Optimized, Jit Execute)", "Rows Removed by Index Recheck": 0, "Exact Heap Blocks": 437909, "Lossy Heap Blocks": 437909, "Plans": [{"Node Type": "Bitmap Index Scan", "Parent Relationship": "Outer", "Index Name": "idx_lineitem_shipdate", "Startup Cost": 0.0, "Total Cost": 24763.28, "Plan Rows": 719903, "Plan Width": 0, "Actual Startup Time": 282.36, "Actual Total Time": 282.36, "Actual Rows": 772803, "Actual Loops": 1, "Index Cond": "((l_shipdate >= '1996-12-01 00:00:00'::timestamp(0) without time zone) AND (l_shipdate < '1997-01-01 00:00:00'::timestamp without time zone))"}]}, {"Node Type": "Bitmap Heap Scan", "Parent Relationship": "Inner", "Relation Name": "part", "Alias": "part", "Startup Cost": 0.3, "Total Cost": 4.31, "Plan Rows": 1, "Plan Width": 29, "Actual Startup Time": 5308.407, "Actual Total Time": 5308.407, "Actual Rows": 772803, "Actual Loops": 772803, "Recheck Cond": "(p_partkey = lineitem.l_partkey)", "Rows Removed by Index Recheck": 0, "Exact Heap Blocks": 772803, "Lossy Heap Blocks": 772803, "Plans": [{"Node Type": "Bitmap Index Scan", "Parent Relationship": "Outer", "Index Name": "part_kpey", "Startup Cost": 0.0, "Total Cost": 0.3, "Plan Rows": 1, "Plan Width": 0, "Actual Startup Time": 3239.468, "Actual Total Time": 3239.468, "Actual Rows": 772803, "Actual Loops": 772803, "Index Cond": "(p_partkey = lineitem.l_partkey)"}]}]}]}, "Triggers": [], "Planner Runtime": 0, "Total Runtime": 8628.033, "Unique SQL Id": 379939634}}, "(16, 56)": {"explain_plan": {"Plan": {"Node Type": "Aggregate", "Strategy": "Plain", "Startup Cost": 2738489.45, "Total Cost": 2738489.46, "Plan Rows": 1, "Plan Width": 53, "Plans": [{"Node Type": "Nested Loop", "Parent Relationship": "Outer", "Join Type": "Inner", "Startup Cost": 0.0, "Total Cost": 2725891.14, "Plan Rows": 719903, "Plan Width": 37, "Inner Unique": true, "Plans": [{"Node Type": "Index Scan", "Parent Relationship": "Outer", "Scan Direction": "Forward", "Index Name": "idx_lineitem_shipdate", "Relation Name": "lineitem", "Alias": "lineitem", "Startup Cost": 0.0, "Total Cost": 2327686.3, "Plan Rows": 719903, "Plan Width": 24, "Index Cond": "((l_shipdate >= '1996-12-01 00:00:00'::timestamp(0) without time zone) AND (l_shipdate < '1997-01-01 00:00:00'::timestamp without time zone)), (LLVM Optimized)"}, {"Node Type": "Index Scan", "Parent Relationship": "Inner", "Scan Direction": "Forward", "Index Name": "part_kpey", "Relation Name": "part", "Alias": "part", "Startup Cost": 0.0, "Total Cost": 0.54, "Plan Rows": 1, "Plan Width": 29, "Index Cond": "(p_partkey = lineitem.l_partkey)"}]}]}, "Unique SQL Id": 379939634, "Planner Runtime": 0}, "explain_analyze_plan": {"Plan": {"Node Type": "Aggregate", "Strategy": "Plain", "Startup Cost": 2738489.45, "Total Cost": 2738489.46, "Plan Rows": 1, "Plan Width": 53, "Actual Startup Time": 7660.843, "Actual Total Time": 7660.843, "Actual Rows": 1, "Actual Loops": 1, "Plans": [{"Node Type": "Nested Loop", "Parent Relationship": "Outer", "Join Type": "Inner", "Startup Cost": 0.0, "Total Cost": 2725891.14, "Plan Rows": 719903, "Plan Width": 37, "Actual Startup Time": 0.054, "Actual Total Time": 7186.799, "Actual Rows": 772803, "Actual Loops": 1, "Inner Unique": true, "Plans": [{"Node Type": "Index Scan", "Parent Relationship": "Outer", "Scan Direction": "Forward", "Index Name": "idx_lineitem_shipdate", "Relation Name": "lineitem", "Alias": "lineitem", "Startup Cost": 0.0, "Total Cost": 2327686.3, "Plan Rows": 719903, "Plan Width": 24, "Actual Startup Time": 0.038, "Actual Total Time": 2035.694, "Actual Rows": 772803, "Actual Loops": 1, "Index Cond": "((l_shipdate >= '1996-12-01 00:00:00'::timestamp(0) without time zone) AND (l_shipdate < '1997-01-01 00:00:00'::timestamp without time zone)), (LLVM Optimized, Jit Execute)", "Rows Removed by Index Recheck": 0}, {"Node Type": "Index Scan", "Parent Relationship": "Inner", "Scan Direction": "Forward", "Index Name": "part_kpey", "Relation Name": "part", "Alias": "part", "Startup Cost": 0.0, "Total Cost": 0.54, "Plan Rows": 1, "Plan Width": 29, "Actual Startup Time": 4511.805, "Actual Total Time": 4511.805, "Actual Rows": 772803, "Actual Loops": 772803, "Index Cond": "(p_partkey = lineitem.l_partkey)", "Rows Removed by Index Recheck": 0}]}]}, "Triggers": [], "Planner Runtime": 0, "Total Runtime": 7671.35, "Unique SQL Id": 379939634}}, "(16, 57)": {"explain_plan": {"Plan": {"Node Type": "Aggregate", "Strategy": "Plain", "Startup Cost": 2738489.45, "Total Cost": 2738489.46, "Plan Rows": 1, "Plan Width": 53, "Plans": [{"Node Type": "Nested Loop", "Parent Relationship": "Outer", "Join Type": "Inner", "Startup Cost": 0.0, "Total Cost": 2725891.14, "Plan Rows": 719903, "Plan Width": 37, "Inner Unique": true, "Plans": [{"Node Type": "Index Scan", "Parent Relationship": "Outer", "Scan Direction": "Forward", "Index Name": "idx_lineitem_shipdate", "Relation Name": "lineitem", "Alias": "lineitem", "Startup Cost": 0.0, "Total Cost": 2327686.3, "Plan Rows": 719903, "Plan Width": 24, "Index Cond": "((l_shipdate >= '1996-12-01 00:00:00'::timestamp(0) without time zone) AND (l_shipdate < '1997-01-01 00:00:00'::timestamp without time zone)), (LLVM Optimized)"}, {"Node Type": "Index Scan", "Parent Relationship": "Inner", "Scan Direction": "Forward", "Index Name": "part_kpey", "Relation Name": "part", "Alias": "part", "Startup Cost": 0.0, "Total Cost": 0.54, "Plan Rows": 1, "Plan Width": 29, "Index Cond": "(p_partkey = lineitem.l_partkey)"}]}]}, "Unique SQL Id": 379939634, "Planner Runtime": 0}, "explain_analyze_plan": {"Plan": {"Node Type": "Aggregate", "Strategy": "Plain", "Startup Cost": 2738489.45, "Total Cost": 2738489.46, "Plan Rows": 1, "Plan Width": 53, "Actual Startup Time": 7660.843, "Actual Total Time": 7660.843, "Actual Rows": 1, "Actual Loops": 1, "Plans": [{"Node Type": "Nested Loop", "Parent Relationship": "Outer", "Join Type": "Inner", "Startup Cost": 0.0, "Total Cost": 2725891.14, "Plan Rows": 719903, "Plan Width": 37, "Actual Startup Time": 0.054, "Actual Total Time": 7186.799, "Actual Rows": 772803, "Actual Loops": 1, "Inner Unique": true, "Plans": [{"Node Type": "Index Scan", "Parent Relationship": "Outer", "Scan Direction": "Forward", "Index Name": "idx_lineitem_shipdate", "Relation Name": "lineitem", "Alias": "lineitem", "Startup Cost": 0.0, "Total Cost": 2327686.3, "Plan Rows": 719903, "Plan Width": 24, "Actual Startup Time": 0.038, "Actual Total Time": 2035.694, "Actual Rows": 772803, "Actual Loops": 1, "Index Cond": "((l_shipdate >= '1996-12-01 00:00:00'::timestamp(0) without time zone) AND (l_shipdate < '1997-01-01 00:00:00'::timestamp without time zone)), (LLVM Optimized, Jit Execute)", "Rows Removed by Index Recheck": 0}, {"Node Type": "Index Scan", "Parent Relationship": "Inner", "Scan Direction": "Forward", "Index Name": "part_kpey", "Relation Name": "part", "Alias": "part", "Startup Cost": 0.0, "Total Cost": 0.54, "Plan Rows": 1, "Plan Width": 29, "Actual Startup Time": 4511.805, "Actual Total Time": 4511.805, "Actual Rows": 772803, "Actual Loops": 772803, "Index Cond": "(p_partkey = lineitem.l_partkey)", "Rows Removed by Index Recheck": 0}]}]}, "Triggers": [], "Planner Runtime": 0, "Total Runtime": 7671.35, "Unique SQL Id": 379939634}}, "(16, 58)": {"explain_plan": {"Plan": {"Node Type": "Aggregate", "Strategy": "Plain", "Startup Cost": 21599481392.56, "Total Cost": 21599481392.57, "Plan Rows": 1, "Plan Width": 53, "Plans": [{"Node Type": "Nested Loop", "Parent Relationship": "Outer", "Join Type": "Inner", "Startup Cost": 44.5, "Total Cost": 21599468794.25, "Plan Rows": 719903, "Plan Width": 37, "Inner Unique": false, "Join Filter": "(lineitem.l_partkey = part.p_partkey), (LLVM Optimized)", "Plans": [{"Node Type": "Seq Scan", "Parent Relationship": "Outer", "Relation Name": "part", "Alias": "part", "Startup Cost": 0.0, "Total Cost": 61944.0, "Plan Rows": 2000000, "Plan Width": 29}, {"Node Type": "Materialize", "Parent Relationship": "Inner", "Startup Cost": 44.5, "Total Cost": 2318650.01, "Plan Rows": 719903, "Plan Width": 24, "Plans": [{"Node Type": "Seq Scan", "Parent Relationship": "Outer", "Relation Name": "lineitem", "Alias": "lineitem", "Startup Cost": 44.5, "Total Cost": 2315050.5, "Plan Rows": 719903, "Plan Width": 24, "Filter": "((l_shipdate >= '1996-12-01 00:00:00'::timestamp(0) without time zone) AND (l_shipdate < '1997-01-01 00:00:00'::timestamp without time zone)), (LLVM Optimized)"}]}]}]}, "Unique SQL Id": 379939634, "Planner Runtime": 0}, "explain_analyze_plan": null}, "(16, 59)": {"explain_plan": {"Plan": {"Node Type": "Aggregate", "Strategy": "Plain", "Startup Cost": 2022412569559.2, "Total Cost": 2022412569559.22, "Plan Rows": 1, "Plan Width": 53, "Plans": [{"Node Type": "Nested Loop", "Parent Relationship": "Outer", "Join Type": "Inner", "Startup Cost": 20000000000.0, "Total Cost": 2022412556960.9, "Plan Rows": 719903, "Plan Width": 37, "Inner Unique": false, "Join Filter": "(lineitem.l_partkey = part.p_partkey), (LLVM Optimized)", "Plans": [{"Node Type": "Index Scan", "Parent Relationship": "Outer", "Scan Direction": "Forward", "Index Name": "part_kpey", "Relation Name": "part", "Alias": "part", "Startup Cost": 10000000000.0, "Total Cost": 1000010080325.0, "Plan Rows": 2000000, "Plan Width": 29}, {"Node Type": "Materialize", "Parent Relationship": "Inner", "Startup Cost": 10000000000.0, "Total Cost": 1000805388435.66, "Plan Rows": 719903, "Plan Width": 24, "Plans": [{"Node Type": "Index Scan", "Parent Relationship": "Outer", "Scan Direction": "Forward", "Index Name": "idx_lineitem_part_supp", "Relation Name": "lineitem", "Alias": "lineitem", "Startup Cost": 10000000000.0, "Total Cost": 1000805384836.14, "Plan Rows": 719903, "Plan Width": 24, "Filter": "((l_shipdate >= '1996-12-01 00:00:00'::timestamp(0) without time zone) AND (l_shipdate < '1997-01-01 00:00:00'::timestamp without time zone)), (LLVM Optimized)"}]}]}]}, "Unique SQL Id": 379939634, "Planner Runtime": 0}, "explain_analyze_plan": null}, "(16, 60)": {"explain_plan": {"Plan": {"Node Type": "Aggregate", "Strategy": "Plain", "Startup Cost": 2738489.45, "Total Cost": 2738489.46, "Plan Rows": 1, "Plan Width": 53, "Plans": [{"Node Type": "Nested Loop", "Parent Relationship": "Outer", "Join Type": "Inner", "Startup Cost": 0.0, "Total Cost": 2725891.14, "Plan Rows": 719903, "Plan Width": 37, "Inner Unique": true, "Plans": [{"Node Type": "Index Scan", "Parent Relationship": "Outer", "Scan Direction": "Forward", "Index Name": "idx_lineitem_shipdate", "Relation Name": "lineitem", "Alias": "lineitem", "Startup Cost": 0.0, "Total Cost": 2327686.3, "Plan Rows": 719903, "Plan Width": 24, "Index Cond": "((l_shipdate >= '1996-12-01 00:00:00'::timestamp(0) without time zone) AND (l_shipdate < '1997-01-01 00:00:00'::timestamp without time zone)), (LLVM Optimized)"}, {"Node Type": "Index Scan", "Parent Relationship": "Inner", "Scan Direction": "Forward", "Index Name": "part_kpey", "Relation Name": "part", "Alias": "part", "Startup Cost": 0.0, "Total Cost": 0.54, "Plan Rows": 1, "Plan Width": 29, "Index Cond": "(p_partkey = lineitem.l_partkey)"}]}]}, "Unique SQL Id": 379939634, "Planner Runtime": 0}, "explain_analyze_plan": {"Plan": {"Node Type": "Aggregate", "Strategy": "Plain", "Startup Cost": 2738489.45, "Total Cost": 2738489.46, "Plan Rows": 1, "Plan Width": 53, "Actual Startup Time": 7660.843, "Actual Total Time": 7660.843, "Actual Rows": 1, "Actual Loops": 1, "Plans": [{"Node Type": "Nested Loop", "Parent Relationship": "Outer", "Join Type": "Inner", "Startup Cost": 0.0, "Total Cost": 2725891.14, "Plan Rows": 719903, "Plan Width": 37, "Actual Startup Time": 0.054, "Actual Total Time": 7186.799, "Actual Rows": 772803, "Actual Loops": 1, "Inner Unique": true, "Plans": [{"Node Type": "Index Scan", "Parent Relationship": "Outer", "Scan Direction": "Forward", "Index Name": "idx_lineitem_shipdate", "Relation Name": "lineitem", "Alias": "lineitem", "Startup Cost": 0.0, "Total Cost": 2327686.3, "Plan Rows": 719903, "Plan Width": 24, "Actual Startup Time": 0.038, "Actual Total Time": 2035.694, "Actual Rows": 772803, "Actual Loops": 1, "Index Cond": "((l_shipdate >= '1996-12-01 00:00:00'::timestamp(0) without time zone) AND (l_shipdate < '1997-01-01 00:00:00'::timestamp without time zone)), (LLVM Optimized, Jit Execute)", "Rows Removed by Index Recheck": 0}, {"Node Type": "Index Scan", "Parent Relationship": "Inner", "Scan Direction": "Forward", "Index Name": "part_kpey", "Relation Name": "part", "Alias": "part", "Startup Cost": 0.0, "Total Cost": 0.54, "Plan Rows": 1, "Plan Width": 29, "Actual Startup Time": 4511.805, "Actual Total Time": 4511.805, "Actual Rows": 772803, "Actual Loops": 772803, "Index Cond": "(p_partkey = lineitem.l_partkey)", "Rows Removed by Index Recheck": 0}]}]}, "Triggers": [], "Planner Runtime": 0, "Total Runtime": 7671.35, "Unique SQL Id": 379939634}}, "(16, 61)": {"explain_plan": {"Plan": {"Node Type": "Aggregate", "Strategy": "Plain", "Startup Cost": 2738489.45, "Total Cost": 2738489.46, "Plan Rows": 1, "Plan Width": 53, "Plans": [{"Node Type": "Nested Loop", "Parent Relationship": "Outer", "Join Type": "Inner", "Startup Cost": 0.0, "Total Cost": 2725891.14, "Plan Rows": 719903, "Plan Width": 37, "Inner Unique": true, "Plans": [{"Node Type": "Index Scan", "Parent Relationship": "Outer", "Scan Direction": "Forward", "Index Name": "idx_lineitem_shipdate", "Relation Name": "lineitem", "Alias": "lineitem", "Startup Cost": 0.0, "Total Cost": 2327686.3, "Plan Rows": 719903, "Plan Width": 24, "Index Cond": "((l_shipdate >= '1996-12-01 00:00:00'::timestamp(0) without time zone) AND (l_shipdate < '1997-01-01 00:00:00'::timestamp without time zone)), (LLVM Optimized)"}, {"Node Type": "Index Scan", "Parent Relationship": "Inner", "Scan Direction": "Forward", "Index Name": "part_kpey", "Relation Name": "part", "Alias": "part", "Startup Cost": 0.0, "Total Cost": 0.54, "Plan Rows": 1, "Plan Width": 29, "Index Cond": "(p_partkey = lineitem.l_partkey)"}]}]}, "Unique SQL Id": 379939634, "Planner Runtime": 0}, "explain_analyze_plan": {"Plan": {"Node Type": "Aggregate", "Strategy": "Plain", "Startup Cost": 2738489.45, "Total Cost": 2738489.46, "Plan Rows": 1, "Plan Width": 53, "Actual Startup Time": 7660.843, "Actual Total Time": 7660.843, "Actual Rows": 1, "Actual Loops": 1, "Plans": [{"Node Type": "Nested Loop", "Parent Relationship": "Outer", "Join Type": "Inner", "Startup Cost": 0.0, "Total Cost": 2725891.14, "Plan Rows": 719903, "Plan Width": 37, "Actual Startup Time": 0.054, "Actual Total Time": 7186.799, "Actual Rows": 772803, "Actual Loops": 1, "Inner Unique": true, "Plans": [{"Node Type": "Index Scan", "Parent Relationship": "Outer", "Scan Direction": "Forward", "Index Name": "idx_lineitem_shipdate", "Relation Name": "lineitem", "Alias": "lineitem", "Startup Cost": 0.0, "Total Cost": 2327686.3, "Plan Rows": 719903, "Plan Width": 24, "Actual Startup Time": 0.038, "Actual Total Time": 2035.694, "Actual Rows": 772803, "Actual Loops": 1, "Index Cond": "((l_shipdate >= '1996-12-01 00:00:00'::timestamp(0) without time zone) AND (l_shipdate < '1997-01-01 00:00:00'::timestamp without time zone)), (LLVM Optimized, Jit Execute)", "Rows Removed by Index Recheck": 0}, {"Node Type": "Index Scan", "Parent Relationship": "Inner", "Scan Direction": "Forward", "Index Name": "part_kpey", "Relation Name": "part", "Alias": "part", "Startup Cost": 0.0, "Total Cost": 0.54, "Plan Rows": 1, "Plan Width": 29, "Actual Startup Time": 4511.805, "Actual Total Time": 4511.805, "Actual Rows": 772803, "Actual Loops": 772803, "Index Cond": "(p_partkey = lineitem.l_partkey)", "Rows Removed by Index Recheck": 0}]}]}, "Triggers": [], "Planner Runtime": 0, "Total Runtime": 7671.35, "Unique SQL Id": 379939634}}, "(16, 62)": {"explain_plan": {"Plan": {"Node Type": "Aggregate", "Strategy": "Plain", "Startup Cost": 21599481392.56, "Total Cost": 21599481392.57, "Plan Rows": 1, "Plan Width": 53, "Plans": [{"Node Type": "Nested Loop", "Parent Relationship": "Outer", "Join Type": "Inner", "Startup Cost": 44.5, "Total Cost": 21599468794.25, "Plan Rows": 719903, "Plan Width": 37, "Inner Unique": false, "Join Filter": "(lineitem.l_partkey = part.p_partkey), (LLVM Optimized)", "Plans": [{"Node Type": "Seq Scan", "Parent Relationship": "Outer", "Relation Name": "part", "Alias": "part", "Startup Cost": 0.0, "Total Cost": 61944.0, "Plan Rows": 2000000, "Plan Width": 29}, {"Node Type": "Materialize", "Parent Relationship": "Inner", "Startup Cost": 44.5, "Total Cost": 2318650.01, "Plan Rows": 719903, "Plan Width": 24, "Plans": [{"Node Type": "Seq Scan", "Parent Relationship": "Outer", "Relation Name": "lineitem", "Alias": "lineitem", "Startup Cost": 44.5, "Total Cost": 2315050.5, "Plan Rows": 719903, "Plan Width": 24, "Filter": "((l_shipdate >= '1996-12-01 00:00:00'::timestamp(0) without time zone) AND (l_shipdate < '1997-01-01 00:00:00'::timestamp without time zone)), (LLVM Optimized)"}]}]}]}, "Unique SQL Id": 379939634, "Planner Runtime": 0}, "explain_analyze_plan": null}, "(16, 63)": {"explain_plan": {"Plan": {"Node Type": "Aggregate", "Strategy": "Plain", "Startup Cost": 2022412569559.2, "Total Cost": 2022412569559.22, "Plan Rows": 1, "Plan Width": 53, "Plans": [{"Node Type": "Nested Loop", "Parent Relationship": "Outer", "Join Type": "Inner", "Startup Cost": 20000000000.0, "Total Cost": 2022412556960.9, "Plan Rows": 719903, "Plan Width": 37, "Inner Unique": false, "Join Filter": "(lineitem.l_partkey = part.p_partkey), (LLVM Optimized)", "Plans": [{"Node Type": "Index Scan", "Parent Relationship": "Outer", "Scan Direction": "Forward", "Index Name": "part_kpey", "Relation Name": "part", "Alias": "part", "Startup Cost": 10000000000.0, "Total Cost": 1000010080325.0, "Plan Rows": 2000000, "Plan Width": 29}, {"Node Type": "Materialize", "Parent Relationship": "Inner", "Startup Cost": 10000000000.0, "Total Cost": 1000805388435.66, "Plan Rows": 719903, "Plan Width": 24, "Plans": [{"Node Type": "Index Scan", "Parent Relationship": "Outer", "Scan Direction": "Forward", "Index Name": "idx_lineitem_part_supp", "Relation Name": "lineitem", "Alias": "lineitem", "Startup Cost": 10000000000.0, "Total Cost": 1000805384836.14, "Plan Rows": 719903, "Plan Width": 24, "Filter": "((l_shipdate >= '1996-12-01 00:00:00'::timestamp(0) without time zone) AND (l_shipdate < '1997-01-01 00:00:00'::timestamp without time zone)), (LLVM Optimized)"}]}]}]}, "Unique SQL Id": 379939634, "Planner Runtime": 0}, "explain_analyze_plan": null}, "(16, 64)": {"explain_plan": {"Plan": {"Node Type": "Aggregate", "Strategy": "Plain", "Startup Cost": 1344441.29, "Total Cost": 1344441.3, "Plan Rows": 1, "Plan Width": 53, "Plans": [{"Node Type": "Hash Join", "Parent Relationship": "Outer", "Join Type": "Inner", "Startup Cost": 111887.26, "Total Cost": 1331842.98, "Plan Rows": 719903, "Plan Width": 37, "Inner Unique": true, "Hash Cond": "(lineitem.l_partkey = part.p_partkey), (LLVM Optimized)", "Plans": [{"Node Type": "Bitmap Heap Scan", "Parent Relationship": "Outer", "Relation Name": "lineitem", "Alias": "lineitem", "Startup Cost": 24943.26, "Total Cost": 1235000.32, "Plan Rows": 719903, "Plan Width": 24, "Recheck Cond": "((l_shipdate >= '1996-12-01 00:00:00'::timestamp(0) without time zone) AND (l_shipdate < '1997-01-01 00:00:00'::timestamp without time zone)), (LLVM Optimized)", "Plans": [{"Node Type": "Bitmap Index Scan", "Parent Relationship": "Outer", "Index Name": "idx_lineitem_shipdate", "Startup Cost": 0.0, "Total Cost": 24763.28, "Plan Rows": 719903, "Plan Width": 0, "Index Cond": "((l_shipdate >= '1996-12-01 00:00:00'::timestamp(0) without time zone) AND (l_shipdate < '1997-01-01 00:00:00'::timestamp without time zone))"}]}, {"Node Type": "Hash", "Parent Relationship": "Inner", "Startup Cost": 61944.0, "Total Cost": 61944.0, "Plan Rows": 2000000, "Plan Width": 29, "Plans": [{"Node Type": "Seq Scan", "Parent Relationship": "Outer", "Relation Name": "part", "Alias": "part", "Startup Cost": 0.0, "Total Cost": 61944.0, "Plan Rows": 2000000, "Plan Width": 29}]}]}]}, "Unique SQL Id": 379939634, "Planner Runtime": 0}, "explain_analyze_plan": {"Plan": {"Node Type": "Aggregate", "Strategy": "Plain", "Startup Cost": 1344441.29, "Total Cost": 1344441.3, "Plan Rows": 1, "Plan Width": 53, "Actual Startup Time": 4189.373, "Actual Total Time": 4189.374, "Actual Rows": 1, "Actual Loops": 1, "Plans": [{"Node Type": "Hash Join", "Parent Relationship": "Outer", "Join Type": "Inner", "Startup Cost": 111887.26, "Total Cost": 1331842.98, "Plan Rows": 719903, "Plan Width": 37, "Actual Startup Time": 1934.822, "Actual Total Time": 3823.274, "Actual Rows": 772803, "Actual Loops": 1, "Inner Unique": true, "Hash Cond": "(lineitem.l_partkey = part.p_partkey), (LLVM Optimized, Jit Execute)", "Plans": [{"Node Type": "Bitmap Heap Scan", "Parent Relationship": "Outer", "Relation Name": "lineitem", "Alias": "lineitem", "Startup Cost": 24943.26, "Total Cost": 1235000.32, "Plan Rows": 719903, "Plan Width": 24, "Actual Startup Time": 451.89, "Actual Total Time": 1765.327, "Actual Rows": 772803, "Actual Loops": 1, "Recheck Cond": "((l_shipdate >= '1996-12-01 00:00:00'::timestamp(0) without time zone) AND (l_shipdate < '1997-01-01 00:00:00'::timestamp without time zone)), (LLVM Optimized, Jit Execute)", "Rows Removed by Index Recheck": 0, "Exact Heap Blocks": 437909, "Lossy Heap Blocks": 437909, "Plans": [{"Node Type": "Bitmap Index Scan", "Parent Relationship": "Outer", "Index Name": "idx_lineitem_shipdate", "Startup Cost": 0.0, "Total Cost": 24763.28, "Plan Rows": 719903, "Plan Width": 0, "Actual Startup Time": 284.633, "Actual Total Time": 284.633, "Actual Rows": 772803, "Actual Loops": 1, "Index Cond": "((l_shipdate >= '1996-12-01 00:00:00'::timestamp(0) without time zone) AND (l_shipdate < '1997-01-01 00:00:00'::timestamp without time zone))"}]}, {"Node Type": "Hash", "Parent Relationship": "Inner", "Startup Cost": 61944.0, "Total Cost": 61944.0, "Plan Rows": 2000000, "Plan Width": 29, "Actual Startup Time": 1481.532, "Actual Total Time": 1481.532, "Actual Rows": 2000000, "Actual Loops": 1, "Hash Buckets": 2097152, "Hash Batches": 1, "Original Hash Batches": 1, "Peak Memory Usage": 126040, "Plans": [{"Node Type": "Seq Scan", "Parent Relationship": "Outer", "Relation Name": "part", "Alias": "part", "Startup Cost": 0.0, "Total Cost": 61944.0, "Plan Rows": 2000000, "Plan Width": 29, "Actual Startup Time": 0.032, "Actual Total Time": 731.552, "Actual Rows": 2000000, "Actual Loops": 1}]}]}]}, "Triggers": [], "Planner Runtime": 0, "Total Runtime": 4204.175, "Unique SQL Id": 379939634}}, "(16, 65)": {"explain_plan": {"Plan": {"Node Type": "Aggregate", "Strategy": "Plain", "Startup Cost": 1383300.54, "Total Cost": 1383300.55, "Plan Rows": 1, "Plan Width": 53, "Plans": [{"Node Type": "Hash Join", "Parent Relationship": "Outer", "Join Type": "Inner", "Startup Cost": 150746.51, "Total Cost": 1370702.23, "Plan Rows": 719903, "Plan Width": 37, "Inner Unique": true, "Hash Cond": "(lineitem.l_partkey = part.p_partkey), (LLVM Optimized)", "Plans": [{"Node Type": "Bitmap Heap Scan", "Parent Relationship": "Outer", "Relation Name": "lineitem", "Alias": "lineitem", "Startup Cost": 24943.26, "Total Cost": 1235000.32, "Plan Rows": 719903, "Plan Width": 24, "Recheck Cond": "((l_shipdate >= '1996-12-01 00:00:00'::timestamp(0) without time zone) AND (l_shipdate < '1997-01-01 00:00:00'::timestamp without time zone)), (LLVM Optimized)", "Plans": [{"Node Type": "Bitmap Index Scan", "Parent Relationship": "Outer", "Index Name": "idx_lineitem_shipdate", "Startup Cost": 0.0, "Total Cost": 24763.28, "Plan Rows": 719903, "Plan Width": 0, "Index Cond": "((l_shipdate >= '1996-12-01 00:00:00'::timestamp(0) without time zone) AND (l_shipdate < '1997-01-01 00:00:00'::timestamp without time zone))"}]}, {"Node Type": "Hash", "Parent Relationship": "Inner", "Startup Cost": 100803.25, "Total Cost": 100803.25, "Plan Rows": 2000000, "Plan Width": 29, "Plans": [{"Node Type": "Index Scan", "Parent Relationship": "Outer", "Scan Direction": "Forward", "Index Name": "part_kpey", "Relation Name": "part", "Alias": "part", "Startup Cost": 0.0, "Total Cost": 100803.25, "Plan Rows": 2000000, "Plan Width": 29}]}]}]}, "Unique SQL Id": 379939634, "Planner Runtime": 0}, "explain_analyze_plan": {"Plan": {"Node Type": "Aggregate", "Strategy": "Plain", "Startup Cost": 1383300.54, "Total Cost": 1383300.55, "Plan Rows": 1, "Plan Width": 53, "Actual Startup Time": 4880.395, "Actual Total Time": 4880.395, "Actual Rows": 1, "Actual Loops": 1, "Plans": [{"Node Type": "Hash Join", "Parent Relationship": "Outer", "Join Type": "Inner", "Startup Cost": 150746.51, "Total Cost": 1370702.23, "Plan Rows": 719903, "Plan Width": 37, "Actual Startup Time": 2646.128, "Actual Total Time": 4515.369, "Actual Rows": 772803, "Actual Loops": 1, "Inner Unique": true, "Hash Cond": "(lineitem.l_partkey = part.p_partkey), (LLVM Optimized, Jit Execute)", "Plans": [{"Node Type": "Bitmap Heap Scan", "Parent Relationship": "Outer", "Relation Name": "lineitem", "Alias": "lineitem", "Startup Cost": 24943.26, "Total Cost": 1235000.32, "Plan Rows": 719903, "Plan Width": 24, "Actual Startup Time": 446.087, "Actual Total Time": 1672.714, "Actual Rows": 772803, "Actual Loops": 1, "Recheck Cond": "((l_shipdate >= '1996-12-01 00:00:00'::timestamp(0) without time zone) AND (l_shipdate < '1997-01-01 00:00:00'::timestamp without time zone)), (LLVM Optimized, Jit Execute)", "Rows Removed by Index Recheck": 0, "Exact Heap Blocks": 437909, "Lossy Heap Blocks": 437909, "Plans": [{"Node Type": "Bitmap Index Scan", "Parent Relationship": "Outer", "Index Name": "idx_lineitem_shipdate", "Startup Cost": 0.0, "Total Cost": 24763.28, "Plan Rows": 719903, "Plan Width": 0, "Actual Startup Time": 281.285, "Actual Total Time": 281.285, "Actual Rows": 772803, "Actual Loops": 1, "Index Cond": "((l_shipdate >= '1996-12-01 00:00:00'::timestamp(0) without time zone) AND (l_shipdate < '1997-01-01 00:00:00'::timestamp without time zone))"}]}, {"Node Type": "Hash", "Parent Relationship": "Inner", "Startup Cost": 100803.25, "Total Cost": 100803.25, "Plan Rows": 2000000, "Plan Width": 29, "Actual Startup Time": 2198.605, "Actual Total Time": 2198.605, "Actual Rows": 2000000, "Actual Loops": 1, "Hash Buckets": 2097152, "Hash Batches": 1, "Original Hash Batches": 1, "Peak Memory Usage": 126040, "Plans": [{"Node Type": "Index Scan", "Parent Relationship": "Outer", "Scan Direction": "Forward", "Index Name": "part_kpey", "Relation Name": "part", "Alias": "part", "Startup Cost": 0.0, "Total Cost": 100803.25, "Plan Rows": 2000000, "Plan Width": 29, "Actual Startup Time": 0.054, "Actual Total Time": 1422.225, "Actual Rows": 2000000, "Actual Loops": 1}]}]}]}, "Triggers": [], "Planner Runtime": 0, "Total Runtime": 4895.379, "Unique SQL Id": 379939634}}, "(16, 66)": {"explain_plan": {"Plan": {"Node Type": "Aggregate", "Strategy": "Plain", "Startup Cost": 1344441.29, "Total Cost": 1344441.3, "Plan Rows": 1, "Plan Width": 53, "Plans": [{"Node Type": "Hash Join", "Parent Relationship": "Outer", "Join Type": "Inner", "Startup Cost": 111887.26, "Total Cost": 1331842.98, "Plan Rows": 719903, "Plan Width": 37, "Inner Unique": true, "Hash Cond": "(lineitem.l_partkey = part.p_partkey), (LLVM Optimized)", "Plans": [{"Node Type": "Bitmap Heap Scan", "Parent Relationship": "Outer", "Relation Name": "lineitem", "Alias": "lineitem", "Startup Cost": 24943.26, "Total Cost": 1235000.32, "Plan Rows": 719903, "Plan Width": 24, "Recheck Cond": "((l_shipdate >= '1996-12-01 00:00:00'::timestamp(0) without time zone) AND (l_shipdate < '1997-01-01 00:00:00'::timestamp without time zone)), (LLVM Optimized)", "Plans": [{"Node Type": "Bitmap Index Scan", "Parent Relationship": "Outer", "Index Name": "idx_lineitem_shipdate", "Startup Cost": 0.0, "Total Cost": 24763.28, "Plan Rows": 719903, "Plan Width": 0, "Index Cond": "((l_shipdate >= '1996-12-01 00:00:00'::timestamp(0) without time zone) AND (l_shipdate < '1997-01-01 00:00:00'::timestamp without time zone))"}]}, {"Node Type": "Hash", "Parent Relationship": "Inner", "Startup Cost": 61944.0, "Total Cost": 61944.0, "Plan Rows": 2000000, "Plan Width": 29, "Plans": [{"Node Type": "Seq Scan", "Parent Relationship": "Outer", "Relation Name": "part", "Alias": "part", "Startup Cost": 0.0, "Total Cost": 61944.0, "Plan Rows": 2000000, "Plan Width": 29}]}]}]}, "Unique SQL Id": 379939634, "Planner Runtime": 0}, "explain_analyze_plan": {"Plan": {"Node Type": "Aggregate", "Strategy": "Plain", "Startup Cost": 1344441.29, "Total Cost": 1344441.3, "Plan Rows": 1, "Plan Width": 53, "Actual Startup Time": 4189.373, "Actual Total Time": 4189.374, "Actual Rows": 1, "Actual Loops": 1, "Plans": [{"Node Type": "Hash Join", "Parent Relationship": "Outer", "Join Type": "Inner", "Startup Cost": 111887.26, "Total Cost": 1331842.98, "Plan Rows": 719903, "Plan Width": 37, "Actual Startup Time": 1934.822, "Actual Total Time": 3823.274, "Actual Rows": 772803, "Actual Loops": 1, "Inner Unique": true, "Hash Cond": "(lineitem.l_partkey = part.p_partkey), (LLVM Optimized, Jit Execute)", "Plans": [{"Node Type": "Bitmap Heap Scan", "Parent Relationship": "Outer", "Relation Name": "lineitem", "Alias": "lineitem", "Startup Cost": 24943.26, "Total Cost": 1235000.32, "Plan Rows": 719903, "Plan Width": 24, "Actual Startup Time": 451.89, "Actual Total Time": 1765.327, "Actual Rows": 772803, "Actual Loops": 1, "Recheck Cond": "((l_shipdate >= '1996-12-01 00:00:00'::timestamp(0) without time zone) AND (l_shipdate < '1997-01-01 00:00:00'::timestamp without time zone)), (LLVM Optimized, Jit Execute)", "Rows Removed by Index Recheck": 0, "Exact Heap Blocks": 437909, "Lossy Heap Blocks": 437909, "Plans": [{"Node Type": "Bitmap Index Scan", "Parent Relationship": "Outer", "Index Name": "idx_lineitem_shipdate", "Startup Cost": 0.0, "Total Cost": 24763.28, "Plan Rows": 719903, "Plan Width": 0, "Actual Startup Time": 284.633, "Actual Total Time": 284.633, "Actual Rows": 772803, "Actual Loops": 1, "Index Cond": "((l_shipdate >= '1996-12-01 00:00:00'::timestamp(0) without time zone) AND (l_shipdate < '1997-01-01 00:00:00'::timestamp without time zone))"}]}, {"Node Type": "Hash", "Parent Relationship": "Inner", "Startup Cost": 61944.0, "Total Cost": 61944.0, "Plan Rows": 2000000, "Plan Width": 29, "Actual Startup Time": 1481.532, "Actual Total Time": 1481.532, "Actual Rows": 2000000, "Actual Loops": 1, "Hash Buckets": 2097152, "Hash Batches": 1, "Original Hash Batches": 1, "Peak Memory Usage": 126040, "Plans": [{"Node Type": "Seq Scan", "Parent Relationship": "Outer", "Relation Name": "part", "Alias": "part", "Startup Cost": 0.0, "Total Cost": 61944.0, "Plan Rows": 2000000, "Plan Width": 29, "Actual Startup Time": 0.032, "Actual Total Time": 731.552, "Actual Rows": 2000000, "Actual Loops": 1}]}]}]}, "Triggers": [], "Planner Runtime": 0, "Total Runtime": 4204.175, "Unique SQL Id": 379939634}}, "(16, 67)": {"explain_plan": {"Plan": {"Node Type": "Aggregate", "Strategy": "Plain", "Startup Cost": 4357819.44, "Total Cost": 4357819.45, "Plan Rows": 1, "Plan Width": 53, "Plans": [{"Node Type": "Nested Loop", "Parent Relationship": "Outer", "Join Type": "Inner", "Startup Cost": 24943.55, "Total Cost": 4345221.13, "Plan Rows": 719903, "Plan Width": 37, "Inner Unique": true, "Plans": [{"Node Type": "Bitmap Heap Scan", "Parent Relationship": "Outer", "Relation Name": "lineitem", "Alias": "lineitem", "Startup Cost": 24943.26, "Total Cost": 1235000.32, "Plan Rows": 719903, "Plan Width": 24, "Recheck Cond": "((l_shipdate >= '1996-12-01 00:00:00'::timestamp(0) without time zone) AND (l_shipdate < '1997-01-01 00:00:00'::timestamp without time zone)), (LLVM Optimized)", "Plans": [{"Node Type": "Bitmap Index Scan", "Parent Relationship": "Outer", "Index Name": "idx_lineitem_shipdate", "Startup Cost": 0.0, "Total Cost": 24763.28, "Plan Rows": 719903, "Plan Width": 0, "Index Cond": "((l_shipdate >= '1996-12-01 00:00:00'::timestamp(0) without time zone) AND (l_shipdate < '1997-01-01 00:00:00'::timestamp without time zone))"}]}, {"Node Type": "Bitmap Heap Scan", "Parent Relationship": "Inner", "Relation Name": "part", "Alias": "part", "Startup Cost": 0.3, "Total Cost": 4.31, "Plan Rows": 1, "Plan Width": 29, "Recheck Cond": "(p_partkey = lineitem.l_partkey)", "Plans": [{"Node Type": "Bitmap Index Scan", "Parent Relationship": "Outer", "Index Name": "part_kpey", "Startup Cost": 0.0, "Total Cost": 0.3, "Plan Rows": 1, "Plan Width": 0, "Index Cond": "(p_partkey = lineitem.l_partkey)"}]}]}]}, "Unique SQL Id": 379939634, "Planner Runtime": 0}, "explain_analyze_plan": {"Plan": {"Node Type": "Aggregate", "Strategy": "Plain", "Startup Cost": 4357819.44, "Total Cost": 4357819.45, "Plan Rows": 1, "Plan Width": 53, "Actual Startup Time": 8616.5, "Actual Total Time": 8616.5, "Actual Rows": 1, "Actual Loops": 1, "Plans": [{"Node Type": "Nested Loop", "Parent Relationship": "Outer", "Join Type": "Inner", "Startup Cost": 24943.55, "Total Cost": 4345221.13, "Plan Rows": 719903, "Plan Width": 37, "Actual Startup Time": 451.969, "Actual Total Time": 8100.257, "Actual Rows": 772803, "Actual Loops": 1, "Inner Unique": true, "Plans": [{"Node Type": "Bitmap Heap Scan", "Parent Relationship": "Outer", "Relation Name": "lineitem", "Alias": "lineitem", "Startup Cost": 24943.26, "Total Cost": 1235000.32, "Plan Rows": 719903, "Plan Width": 24, "Actual Startup Time": 451.841, "Actual Total Time": 1732.82, "Actual Rows": 772803, "Actual Loops": 1, "Recheck Cond": "((l_shipdate >= '1996-12-01 00:00:00'::timestamp(0) without time zone) AND (l_shipdate < '1997-01-01 00:00:00'::timestamp without time zone)), (LLVM Optimized, Jit Execute)", "Rows Removed by Index Recheck": 0, "Exact Heap Blocks": 437909, "Lossy Heap Blocks": 437909, "Plans": [{"Node Type": "Bitmap Index Scan", "Parent Relationship": "Outer", "Index Name": "idx_lineitem_shipdate", "Startup Cost": 0.0, "Total Cost": 24763.28, "Plan Rows": 719903, "Plan Width": 0, "Actual Startup Time": 282.36, "Actual Total Time": 282.36, "Actual Rows": 772803, "Actual Loops": 1, "Index Cond": "((l_shipdate >= '1996-12-01 00:00:00'::timestamp(0) without time zone) AND (l_shipdate < '1997-01-01 00:00:00'::timestamp without time zone))"}]}, {"Node Type": "Bitmap Heap Scan", "Parent Relationship": "Inner", "Relation Name": "part", "Alias": "part", "Startup Cost": 0.3, "Total Cost": 4.31, "Plan Rows": 1, "Plan Width": 29, "Actual Startup Time": 5308.407, "Actual Total Time": 5308.407, "Actual Rows": 772803, "Actual Loops": 772803, "Recheck Cond": "(p_partkey = lineitem.l_partkey)", "Rows Removed by Index Recheck": 0, "Exact Heap Blocks": 772803, "Lossy Heap Blocks": 772803, "Plans": [{"Node Type": "Bitmap Index Scan", "Parent Relationship": "Outer", "Index Name": "part_kpey", "Startup Cost": 0.0, "Total Cost": 0.3, "Plan Rows": 1, "Plan Width": 0, "Actual Startup Time": 3239.468, "Actual Total Time": 3239.468, "Actual Rows": 772803, "Actual Loops": 772803, "Index Cond": "(p_partkey = lineitem.l_partkey)"}]}]}]}, "Triggers": [], "Planner Runtime": 0, "Total Runtime": 8628.033, "Unique SQL Id": 379939634}}, "(16, 68)": {"explain_plan": {"Plan": {"Node Type": "Aggregate", "Strategy": "Plain", "Startup Cost": 1344441.29, "Total Cost": 1344441.3, "Plan Rows": 1, "Plan Width": 53, "Plans": [{"Node Type": "Hash Join", "Parent Relationship": "Outer", "Join Type": "Inner", "Startup Cost": 111887.26, "Total Cost": 1331842.98, "Plan Rows": 719903, "Plan Width": 37, "Inner Unique": true, "Hash Cond": "(lineitem.l_partkey = part.p_partkey), (LLVM Optimized)", "Plans": [{"Node Type": "Bitmap Heap Scan", "Parent Relationship": "Outer", "Relation Name": "lineitem", "Alias": "lineitem", "Startup Cost": 24943.26, "Total Cost": 1235000.32, "Plan Rows": 719903, "Plan Width": 24, "Recheck Cond": "((l_shipdate >= '1996-12-01 00:00:00'::timestamp(0) without time zone) AND (l_shipdate < '1997-01-01 00:00:00'::timestamp without time zone)), (LLVM Optimized)", "Plans": [{"Node Type": "Bitmap Index Scan", "Parent Relationship": "Outer", "Index Name": "idx_lineitem_shipdate", "Startup Cost": 0.0, "Total Cost": 24763.28, "Plan Rows": 719903, "Plan Width": 0, "Index Cond": "((l_shipdate >= '1996-12-01 00:00:00'::timestamp(0) without time zone) AND (l_shipdate < '1997-01-01 00:00:00'::timestamp without time zone))"}]}, {"Node Type": "Hash", "Parent Relationship": "Inner", "Startup Cost": 61944.0, "Total Cost": 61944.0, "Plan Rows": 2000000, "Plan Width": 29, "Plans": [{"Node Type": "Seq Scan", "Parent Relationship": "Outer", "Relation Name": "part", "Alias": "part", "Startup Cost": 0.0, "Total Cost": 61944.0, "Plan Rows": 2000000, "Plan Width": 29}]}]}]}, "Unique SQL Id": 379939634, "Planner Runtime": 0}, "explain_analyze_plan": {"Plan": {"Node Type": "Aggregate", "Strategy": "Plain", "Startup Cost": 1344441.29, "Total Cost": 1344441.3, "Plan Rows": 1, "Plan Width": 53, "Actual Startup Time": 4189.373, "Actual Total Time": 4189.374, "Actual Rows": 1, "Actual Loops": 1, "Plans": [{"Node Type": "Hash Join", "Parent Relationship": "Outer", "Join Type": "Inner", "Startup Cost": 111887.26, "Total Cost": 1331842.98, "Plan Rows": 719903, "Plan Width": 37, "Actual Startup Time": 1934.822, "Actual Total Time": 3823.274, "Actual Rows": 772803, "Actual Loops": 1, "Inner Unique": true, "Hash Cond": "(lineitem.l_partkey = part.p_partkey), (LLVM Optimized, Jit Execute)", "Plans": [{"Node Type": "Bitmap Heap Scan", "Parent Relationship": "Outer", "Relation Name": "lineitem", "Alias": "lineitem", "Startup Cost": 24943.26, "Total Cost": 1235000.32, "Plan Rows": 719903, "Plan Width": 24, "Actual Startup Time": 451.89, "Actual Total Time": 1765.327, "Actual Rows": 772803, "Actual Loops": 1, "Recheck Cond": "((l_shipdate >= '1996-12-01 00:00:00'::timestamp(0) without time zone) AND (l_shipdate < '1997-01-01 00:00:00'::timestamp without time zone)), (LLVM Optimized, Jit Execute)", "Rows Removed by Index Recheck": 0, "Exact Heap Blocks": 437909, "Lossy Heap Blocks": 437909, "Plans": [{"Node Type": "Bitmap Index Scan", "Parent Relationship": "Outer", "Index Name": "idx_lineitem_shipdate", "Startup Cost": 0.0, "Total Cost": 24763.28, "Plan Rows": 719903, "Plan Width": 0, "Actual Startup Time": 284.633, "Actual Total Time": 284.633, "Actual Rows": 772803, "Actual Loops": 1, "Index Cond": "((l_shipdate >= '1996-12-01 00:00:00'::timestamp(0) without time zone) AND (l_shipdate < '1997-01-01 00:00:00'::timestamp without time zone))"}]}, {"Node Type": "Hash", "Parent Relationship": "Inner", "Startup Cost": 61944.0, "Total Cost": 61944.0, "Plan Rows": 2000000, "Plan Width": 29, "Actual Startup Time": 1481.532, "Actual Total Time": 1481.532, "Actual Rows": 2000000, "Actual Loops": 1, "Hash Buckets": 2097152, "Hash Batches": 1, "Original Hash Batches": 1, "Peak Memory Usage": 126040, "Plans": [{"Node Type": "Seq Scan", "Parent Relationship": "Outer", "Relation Name": "part", "Alias": "part", "Startup Cost": 0.0, "Total Cost": 61944.0, "Plan Rows": 2000000, "Plan Width": 29, "Actual Startup Time": 0.032, "Actual Total Time": 731.552, "Actual Rows": 2000000, "Actual Loops": 1}]}]}]}, "Triggers": [], "Planner Runtime": 0, "Total Runtime": 4204.175, "Unique SQL Id": 379939634}}, "(16, 69)": {"explain_plan": {"Plan": {"Node Type": "Aggregate", "Strategy": "Plain", "Startup Cost": 1383300.54, "Total Cost": 1383300.55, "Plan Rows": 1, "Plan Width": 53, "Plans": [{"Node Type": "Hash Join", "Parent Relationship": "Outer", "Join Type": "Inner", "Startup Cost": 150746.51, "Total Cost": 1370702.23, "Plan Rows": 719903, "Plan Width": 37, "Inner Unique": true, "Hash Cond": "(lineitem.l_partkey = part.p_partkey), (LLVM Optimized)", "Plans": [{"Node Type": "Bitmap Heap Scan", "Parent Relationship": "Outer", "Relation Name": "lineitem", "Alias": "lineitem", "Startup Cost": 24943.26, "Total Cost": 1235000.32, "Plan Rows": 719903, "Plan Width": 24, "Recheck Cond": "((l_shipdate >= '1996-12-01 00:00:00'::timestamp(0) without time zone) AND (l_shipdate < '1997-01-01 00:00:00'::timestamp without time zone)), (LLVM Optimized)", "Plans": [{"Node Type": "Bitmap Index Scan", "Parent Relationship": "Outer", "Index Name": "idx_lineitem_shipdate", "Startup Cost": 0.0, "Total Cost": 24763.28, "Plan Rows": 719903, "Plan Width": 0, "Index Cond": "((l_shipdate >= '1996-12-01 00:00:00'::timestamp(0) without time zone) AND (l_shipdate < '1997-01-01 00:00:00'::timestamp without time zone))"}]}, {"Node Type": "Hash", "Parent Relationship": "Inner", "Startup Cost": 100803.25, "Total Cost": 100803.25, "Plan Rows": 2000000, "Plan Width": 29, "Plans": [{"Node Type": "Index Scan", "Parent Relationship": "Outer", "Scan Direction": "Forward", "Index Name": "part_kpey", "Relation Name": "part", "Alias": "part", "Startup Cost": 0.0, "Total Cost": 100803.25, "Plan Rows": 2000000, "Plan Width": 29}]}]}]}, "Unique SQL Id": 379939634, "Planner Runtime": 0}, "explain_analyze_plan": {"Plan": {"Node Type": "Aggregate", "Strategy": "Plain", "Startup Cost": 1383300.54, "Total Cost": 1383300.55, "Plan Rows": 1, "Plan Width": 53, "Actual Startup Time": 4880.395, "Actual Total Time": 4880.395, "Actual Rows": 1, "Actual Loops": 1, "Plans": [{"Node Type": "Hash Join", "Parent Relationship": "Outer", "Join Type": "Inner", "Startup Cost": 150746.51, "Total Cost": 1370702.23, "Plan Rows": 719903, "Plan Width": 37, "Actual Startup Time": 2646.128, "Actual Total Time": 4515.369, "Actual Rows": 772803, "Actual Loops": 1, "Inner Unique": true, "Hash Cond": "(lineitem.l_partkey = part.p_partkey), (LLVM Optimized, Jit Execute)", "Plans": [{"Node Type": "Bitmap Heap Scan", "Parent Relationship": "Outer", "Relation Name": "lineitem", "Alias": "lineitem", "Startup Cost": 24943.26, "Total Cost": 1235000.32, "Plan Rows": 719903, "Plan Width": 24, "Actual Startup Time": 446.087, "Actual Total Time": 1672.714, "Actual Rows": 772803, "Actual Loops": 1, "Recheck Cond": "((l_shipdate >= '1996-12-01 00:00:00'::timestamp(0) without time zone) AND (l_shipdate < '1997-01-01 00:00:00'::timestamp without time zone)), (LLVM Optimized, Jit Execute)", "Rows Removed by Index Recheck": 0, "Exact Heap Blocks": 437909, "Lossy Heap Blocks": 437909, "Plans": [{"Node Type": "Bitmap Index Scan", "Parent Relationship": "Outer", "Index Name": "idx_lineitem_shipdate", "Startup Cost": 0.0, "Total Cost": 24763.28, "Plan Rows": 719903, "Plan Width": 0, "Actual Startup Time": 281.285, "Actual Total Time": 281.285, "Actual Rows": 772803, "Actual Loops": 1, "Index Cond": "((l_shipdate >= '1996-12-01 00:00:00'::timestamp(0) without time zone) AND (l_shipdate < '1997-01-01 00:00:00'::timestamp without time zone))"}]}, {"Node Type": "Hash", "Parent Relationship": "Inner", "Startup Cost": 100803.25, "Total Cost": 100803.25, "Plan Rows": 2000000, "Plan Width": 29, "Actual Startup Time": 2198.605, "Actual Total Time": 2198.605, "Actual Rows": 2000000, "Actual Loops": 1, "Hash Buckets": 2097152, "Hash Batches": 1, "Original Hash Batches": 1, "Peak Memory Usage": 126040, "Plans": [{"Node Type": "Index Scan", "Parent Relationship": "Outer", "Scan Direction": "Forward", "Index Name": "part_kpey", "Relation Name": "part", "Alias": "part", "Startup Cost": 0.0, "Total Cost": 100803.25, "Plan Rows": 2000000, "Plan Width": 29, "Actual Startup Time": 0.054, "Actual Total Time": 1422.225, "Actual Rows": 2000000, "Actual Loops": 1}]}]}]}, "Triggers": [], "Planner Runtime": 0, "Total Runtime": 4895.379, "Unique SQL Id": 379939634}}, "(16, 70)": {"explain_plan": {"Plan": {"Node Type": "Aggregate", "Strategy": "Plain", "Startup Cost": 1344441.29, "Total Cost": 1344441.3, "Plan Rows": 1, "Plan Width": 53, "Plans": [{"Node Type": "Hash Join", "Parent Relationship": "Outer", "Join Type": "Inner", "Startup Cost": 111887.26, "Total Cost": 1331842.98, "Plan Rows": 719903, "Plan Width": 37, "Inner Unique": true, "Hash Cond": "(lineitem.l_partkey = part.p_partkey), (LLVM Optimized)", "Plans": [{"Node Type": "Bitmap Heap Scan", "Parent Relationship": "Outer", "Relation Name": "lineitem", "Alias": "lineitem", "Startup Cost": 24943.26, "Total Cost": 1235000.32, "Plan Rows": 719903, "Plan Width": 24, "Recheck Cond": "((l_shipdate >= '1996-12-01 00:00:00'::timestamp(0) without time zone) AND (l_shipdate < '1997-01-01 00:00:00'::timestamp without time zone)), (LLVM Optimized)", "Plans": [{"Node Type": "Bitmap Index Scan", "Parent Relationship": "Outer", "Index Name": "idx_lineitem_shipdate", "Startup Cost": 0.0, "Total Cost": 24763.28, "Plan Rows": 719903, "Plan Width": 0, "Index Cond": "((l_shipdate >= '1996-12-01 00:00:00'::timestamp(0) without time zone) AND (l_shipdate < '1997-01-01 00:00:00'::timestamp without time zone))"}]}, {"Node Type": "Hash", "Parent Relationship": "Inner", "Startup Cost": 61944.0, "Total Cost": 61944.0, "Plan Rows": 2000000, "Plan Width": 29, "Plans": [{"Node Type": "Seq Scan", "Parent Relationship": "Outer", "Relation Name": "part", "Alias": "part", "Startup Cost": 0.0, "Total Cost": 61944.0, "Plan Rows": 2000000, "Plan Width": 29}]}]}]}, "Unique SQL Id": 379939634, "Planner Runtime": 0}, "explain_analyze_plan": {"Plan": {"Node Type": "Aggregate", "Strategy": "Plain", "Startup Cost": 1344441.29, "Total Cost": 1344441.3, "Plan Rows": 1, "Plan Width": 53, "Actual Startup Time": 4189.373, "Actual Total Time": 4189.374, "Actual Rows": 1, "Actual Loops": 1, "Plans": [{"Node Type": "Hash Join", "Parent Relationship": "Outer", "Join Type": "Inner", "Startup Cost": 111887.26, "Total Cost": 1331842.98, "Plan Rows": 719903, "Plan Width": 37, "Actual Startup Time": 1934.822, "Actual Total Time": 3823.274, "Actual Rows": 772803, "Actual Loops": 1, "Inner Unique": true, "Hash Cond": "(lineitem.l_partkey = part.p_partkey), (LLVM Optimized, Jit Execute)", "Plans": [{"Node Type": "Bitmap Heap Scan", "Parent Relationship": "Outer", "Relation Name": "lineitem", "Alias": "lineitem", "Startup Cost": 24943.26, "Total Cost": 1235000.32, "Plan Rows": 719903, "Plan Width": 24, "Actual Startup Time": 451.89, "Actual Total Time": 1765.327, "Actual Rows": 772803, "Actual Loops": 1, "Recheck Cond": "((l_shipdate >= '1996-12-01 00:00:00'::timestamp(0) without time zone) AND (l_shipdate < '1997-01-01 00:00:00'::timestamp without time zone)), (LLVM Optimized, Jit Execute)", "Rows Removed by Index Recheck": 0, "Exact Heap Blocks": 437909, "Lossy Heap Blocks": 437909, "Plans": [{"Node Type": "Bitmap Index Scan", "Parent Relationship": "Outer", "Index Name": "idx_lineitem_shipdate", "Startup Cost": 0.0, "Total Cost": 24763.28, "Plan Rows": 719903, "Plan Width": 0, "Actual Startup Time": 284.633, "Actual Total Time": 284.633, "Actual Rows": 772803, "Actual Loops": 1, "Index Cond": "((l_shipdate >= '1996-12-01 00:00:00'::timestamp(0) without time zone) AND (l_shipdate < '1997-01-01 00:00:00'::timestamp without time zone))"}]}, {"Node Type": "Hash", "Parent Relationship": "Inner", "Startup Cost": 61944.0, "Total Cost": 61944.0, "Plan Rows": 2000000, "Plan Width": 29, "Actual Startup Time": 1481.532, "Actual Total Time": 1481.532, "Actual Rows": 2000000, "Actual Loops": 1, "Hash Buckets": 2097152, "Hash Batches": 1, "Original Hash Batches": 1, "Peak Memory Usage": 126040, "Plans": [{"Node Type": "Seq Scan", "Parent Relationship": "Outer", "Relation Name": "part", "Alias": "part", "Startup Cost": 0.0, "Total Cost": 61944.0, "Plan Rows": 2000000, "Plan Width": 29, "Actual Startup Time": 0.032, "Actual Total Time": 731.552, "Actual Rows": 2000000, "Actual Loops": 1}]}]}]}, "Triggers": [], "Planner Runtime": 0, "Total Runtime": 4204.175, "Unique SQL Id": 379939634}}, "(16, 71)": {"explain_plan": {"Plan": {"Node Type": "Aggregate", "Strategy": "Plain", "Startup Cost": 4357819.44, "Total Cost": 4357819.45, "Plan Rows": 1, "Plan Width": 53, "Plans": [{"Node Type": "Nested Loop", "Parent Relationship": "Outer", "Join Type": "Inner", "Startup Cost": 24943.55, "Total Cost": 4345221.13, "Plan Rows": 719903, "Plan Width": 37, "Inner Unique": true, "Plans": [{"Node Type": "Bitmap Heap Scan", "Parent Relationship": "Outer", "Relation Name": "lineitem", "Alias": "lineitem", "Startup Cost": 24943.26, "Total Cost": 1235000.32, "Plan Rows": 719903, "Plan Width": 24, "Recheck Cond": "((l_shipdate >= '1996-12-01 00:00:00'::timestamp(0) without time zone) AND (l_shipdate < '1997-01-01 00:00:00'::timestamp without time zone)), (LLVM Optimized)", "Plans": [{"Node Type": "Bitmap Index Scan", "Parent Relationship": "Outer", "Index Name": "idx_lineitem_shipdate", "Startup Cost": 0.0, "Total Cost": 24763.28, "Plan Rows": 719903, "Plan Width": 0, "Index Cond": "((l_shipdate >= '1996-12-01 00:00:00'::timestamp(0) without time zone) AND (l_shipdate < '1997-01-01 00:00:00'::timestamp without time zone))"}]}, {"Node Type": "Bitmap Heap Scan", "Parent Relationship": "Inner", "Relation Name": "part", "Alias": "part", "Startup Cost": 0.3, "Total Cost": 4.31, "Plan Rows": 1, "Plan Width": 29, "Recheck Cond": "(p_partkey = lineitem.l_partkey)", "Plans": [{"Node Type": "Bitmap Index Scan", "Parent Relationship": "Outer", "Index Name": "part_kpey", "Startup Cost": 0.0, "Total Cost": 0.3, "Plan Rows": 1, "Plan Width": 0, "Index Cond": "(p_partkey = lineitem.l_partkey)"}]}]}]}, "Unique SQL Id": 379939634, "Planner Runtime": 0}, "explain_analyze_plan": {"Plan": {"Node Type": "Aggregate", "Strategy": "Plain", "Startup Cost": 4357819.44, "Total Cost": 4357819.45, "Plan Rows": 1, "Plan Width": 53, "Actual Startup Time": 8616.5, "Actual Total Time": 8616.5, "Actual Rows": 1, "Actual Loops": 1, "Plans": [{"Node Type": "Nested Loop", "Parent Relationship": "Outer", "Join Type": "Inner", "Startup Cost": 24943.55, "Total Cost": 4345221.13, "Plan Rows": 719903, "Plan Width": 37, "Actual Startup Time": 451.969, "Actual Total Time": 8100.257, "Actual Rows": 772803, "Actual Loops": 1, "Inner Unique": true, "Plans": [{"Node Type": "Bitmap Heap Scan", "Parent Relationship": "Outer", "Relation Name": "lineitem", "Alias": "lineitem", "Startup Cost": 24943.26, "Total Cost": 1235000.32, "Plan Rows": 719903, "Plan Width": 24, "Actual Startup Time": 451.841, "Actual Total Time": 1732.82, "Actual Rows": 772803, "Actual Loops": 1, "Recheck Cond": "((l_shipdate >= '1996-12-01 00:00:00'::timestamp(0) without time zone) AND (l_shipdate < '1997-01-01 00:00:00'::timestamp without time zone)), (LLVM Optimized, Jit Execute)", "Rows Removed by Index Recheck": 0, "Exact Heap Blocks": 437909, "Lossy Heap Blocks": 437909, "Plans": [{"Node Type": "Bitmap Index Scan", "Parent Relationship": "Outer", "Index Name": "idx_lineitem_shipdate", "Startup Cost": 0.0, "Total Cost": 24763.28, "Plan Rows": 719903, "Plan Width": 0, "Actual Startup Time": 282.36, "Actual Total Time": 282.36, "Actual Rows": 772803, "Actual Loops": 1, "Index Cond": "((l_shipdate >= '1996-12-01 00:00:00'::timestamp(0) without time zone) AND (l_shipdate < '1997-01-01 00:00:00'::timestamp without time zone))"}]}, {"Node Type": "Bitmap Heap Scan", "Parent Relationship": "Inner", "Relation Name": "part", "Alias": "part", "Startup Cost": 0.3, "Total Cost": 4.31, "Plan Rows": 1, "Plan Width": 29, "Actual Startup Time": 5308.407, "Actual Total Time": 5308.407, "Actual Rows": 772803, "Actual Loops": 772803, "Recheck Cond": "(p_partkey = lineitem.l_partkey)", "Rows Removed by Index Recheck": 0, "Exact Heap Blocks": 772803, "Lossy Heap Blocks": 772803, "Plans": [{"Node Type": "Bitmap Index Scan", "Parent Relationship": "Outer", "Index Name": "part_kpey", "Startup Cost": 0.0, "Total Cost": 0.3, "Plan Rows": 1, "Plan Width": 0, "Actual Startup Time": 3239.468, "Actual Total Time": 3239.468, "Actual Rows": 772803, "Actual Loops": 772803, "Index Cond": "(p_partkey = lineitem.l_partkey)"}]}]}]}, "Triggers": [], "Planner Runtime": 0, "Total Runtime": 8628.033, "Unique SQL Id": 379939634}}, "(16, 72)": {"explain_plan": {"Plan": {"Node Type": "Aggregate", "Strategy": "Plain", "Startup Cost": 2437127.27, "Total Cost": 2437127.29, "Plan Rows": 1, "Plan Width": 53, "Plans": [{"Node Type": "Hash Join", "Parent Relationship": "Outer", "Join Type": "Inner", "Startup Cost": 86944.0, "Total Cost": 2424528.97, "Plan Rows": 719903, "Plan Width": 37, "Inner Unique": true, "Hash Cond": "(lineitem.l_partkey = part.p_partkey), (LLVM Optimized)", "Plans": [{"Node Type": "Index Scan", "Parent Relationship": "Outer", "Scan Direction": "Forward", "Index Name": "idx_lineitem_shipdate", "Relation Name": "lineitem", "Alias": "lineitem", "Startup Cost": 0.0, "Total Cost": 2327686.3, "Plan Rows": 719903, "Plan Width": 24, "Index Cond": "((l_shipdate >= '1996-12-01 00:00:00'::timestamp(0) without time zone) AND (l_shipdate < '1997-01-01 00:00:00'::timestamp without time zone)), (LLVM Optimized)"}, {"Node Type": "Hash", "Parent Relationship": "Inner", "Startup Cost": 61944.0, "Total Cost": 61944.0, "Plan Rows": 2000000, "Plan Width": 29, "Plans": [{"Node Type": "Seq Scan", "Parent Relationship": "Outer", "Relation Name": "part", "Alias": "part", "Startup Cost": 0.0, "Total Cost": 61944.0, "Plan Rows": 2000000, "Plan Width": 29}]}]}]}, "Unique SQL Id": 379939634, "Planner Runtime": 0}, "explain_analyze_plan": {"Plan": {"Node Type": "Aggregate", "Strategy": "Plain", "Startup Cost": 2437127.27, "Total Cost": 2437127.29, "Plan Rows": 1, "Plan Width": 53, "Actual Startup Time": 4525.793, "Actual Total Time": 4525.793, "Actual Rows": 1, "Actual Loops": 1, "Plans": [{"Node Type": "Hash Join", "Parent Relationship": "Outer", "Join Type": "Inner", "Startup Cost": 86944.0, "Total Cost": 2424528.97, "Plan Rows": 719903, "Plan Width": 37, "Actual Startup Time": 1494.321, "Actual Total Time": 4138.797, "Actual Rows": 772803, "Actual Loops": 1, "Inner Unique": true, "Hash Cond": "(lineitem.l_partkey = part.p_partkey), (LLVM Optimized, Jit Execute)", "Plans": [{"Node Type": "Index Scan", "Parent Relationship": "Outer", "Scan Direction": "Forward", "Index Name": "idx_lineitem_shipdate", "Relation Name": "lineitem", "Alias": "lineitem", "Startup Cost": 0.0, "Total Cost": 2327686.3, "Plan Rows": 719903, "Plan Width": 24, "Actual Startup Time": 0.03, "Actual Total Time": 1959.535, "Actual Rows": 772803, "Actual Loops": 1, "Index Cond": "((l_shipdate >= '1996-12-01 00:00:00'::timestamp(0) without time zone) AND (l_shipdate < '1997-01-01 00:00:00'::timestamp without time zone)), (LLVM Optimized, Jit Execute)", "Rows Removed by Index Recheck": 0}, {"Node Type": "Hash", "Parent Relationship": "Inner", "Startup Cost": 61944.0, "Total Cost": 61944.0, "Plan Rows": 2000000, "Plan Width": 29, "Actual Startup Time": 1492.995, "Actual Total Time": 1492.995, "Actual Rows": 2000000, "Actual Loops": 1, "Hash Buckets": 2097152, "Hash Batches": 1, "Original Hash Batches": 1, "Peak Memory Usage": 126040, "Plans": [{"Node Type": "Seq Scan", "Parent Relationship": "Outer", "Relation Name": "part", "Alias": "part", "Startup Cost": 0.0, "Total Cost": 61944.0, "Plan Rows": 2000000, "Plan Width": 29, "Actual Startup Time": 0.021, "Actual Total Time": 722.812, "Actual Rows": 2000000, "Actual Loops": 1}]}]}]}, "Triggers": [], "Planner Runtime": 0, "Total Runtime": 4540.025, "Unique SQL Id": 379939634}}, "(16, 73)": {"explain_plan": {"Plan": {"Node Type": "Aggregate", "Strategy": "Plain", "Startup Cost": 2475986.52, "Total Cost": 2475986.54, "Plan Rows": 1, "Plan Width": 53, "Plans": [{"Node Type": "Hash Join", "Parent Relationship": "Outer", "Join Type": "Inner", "Startup Cost": 125803.25, "Total Cost": 2463388.22, "Plan Rows": 719903, "Plan Width": 37, "Inner Unique": true, "Hash Cond": "(lineitem.l_partkey = part.p_partkey), (LLVM Optimized)", "Plans": [{"Node Type": "Index Scan", "Parent Relationship": "Outer", "Scan Direction": "Forward", "Index Name": "idx_lineitem_shipdate", "Relation Name": "lineitem", "Alias": "lineitem", "Startup Cost": 0.0, "Total Cost": 2327686.3, "Plan Rows": 719903, "Plan Width": 24, "Index Cond": "((l_shipdate >= '1996-12-01 00:00:00'::timestamp(0) without time zone) AND (l_shipdate < '1997-01-01 00:00:00'::timestamp without time zone)), (LLVM Optimized)"}, {"Node Type": "Hash", "Parent Relationship": "Inner", "Startup Cost": 100803.25, "Total Cost": 100803.25, "Plan Rows": 2000000, "Plan Width": 29, "Plans": [{"Node Type": "Index Scan", "Parent Relationship": "Outer", "Scan Direction": "Forward", "Index Name": "part_kpey", "Relation Name": "part", "Alias": "part", "Startup Cost": 0.0, "Total Cost": 100803.25, "Plan Rows": 2000000, "Plan Width": 29}]}]}]}, "Unique SQL Id": 379939634, "Planner Runtime": 0}, "explain_analyze_plan": {"Plan": {"Node Type": "Aggregate", "Strategy": "Plain", "Startup Cost": 2475986.52, "Total Cost": 2475986.54, "Plan Rows": 1, "Plan Width": 53, "Actual Startup Time": 5005.785, "Actual Total Time": 5005.785, "Actual Rows": 1, "Actual Loops": 1, "Plans": [{"Node Type": "Hash Join", "Parent Relationship": "Outer", "Join Type": "Inner", "Startup Cost": 125803.25, "Total Cost": 2463388.22, "Plan Rows": 719903, "Plan Width": 37, "Actual Startup Time": 2118.049, "Actual Total Time": 4619.544, "Actual Rows": 772803, "Actual Loops": 1, "Inner Unique": true, "Hash Cond": "(lineitem.l_partkey = part.p_partkey), (LLVM Optimized, Jit Execute)", "Plans": [{"Node Type": "Index Scan", "Parent Relationship": "Outer", "Scan Direction": "Forward", "Index Name": "idx_lineitem_shipdate", "Relation Name": "lineitem", "Alias": "lineitem", "Startup Cost": 0.0, "Total Cost": 2327686.3, "Plan Rows": 719903, "Plan Width": 24, "Actual Startup Time": 0.032, "Actual Total Time": 1896.213, "Actual Rows": 772803, "Actual Loops": 1, "Index Cond": "((l_shipdate >= '1996-12-01 00:00:00'::timestamp(0) without time zone) AND (l_shipdate < '1997-01-01 00:00:00'::timestamp without time zone)), (LLVM Optimized, Jit Execute)", "Rows Removed by Index Recheck": 0}, {"Node Type": "Hash", "Parent Relationship": "Inner", "Startup Cost": 100803.25, "Total Cost": 100803.25, "Plan Rows": 2000000, "Plan Width": 29, "Actual Startup Time": 2116.749, "Actual Total Time": 2116.749, "Actual Rows": 2000000, "Actual Loops": 1, "Hash Buckets": 2097152, "Hash Batches": 1, "Original Hash Batches": 1, "Peak Memory Usage": 126040, "Plans": [{"Node Type": "Index Scan", "Parent Relationship": "Outer", "Scan Direction": "Forward", "Index Name": "part_kpey", "Relation Name": "part", "Alias": "part", "Startup Cost": 0.0, "Total Cost": 100803.25, "Plan Rows": 2000000, "Plan Width": 29, "Actual Startup Time": 0.024, "Actual Total Time": 1436.987, "Actual Rows": 2000000, "Actual Loops": 1}]}]}]}, "Triggers": [], "Planner Runtime": 0, "Total Runtime": 5019.722, "Unique SQL Id": 379939634}}, "(16, 74)": {"explain_plan": {"Plan": {"Node Type": "Aggregate", "Strategy": "Plain", "Startup Cost": 2424491.46, "Total Cost": 2424491.48, "Plan Rows": 1, "Plan Width": 53, "Plans": [{"Node Type": "Hash Join", "Parent Relationship": "Outer", "Join Type": "Inner", "Startup Cost": 86988.5, "Total Cost": 2411893.16, "Plan Rows": 719903, "Plan Width": 37, "Inner Unique": true, "Hash Cond": "(lineitem.l_partkey = part.p_partkey), (LLVM Optimized)", "Plans": [{"Node Type": "Seq Scan", "Parent Relationship": "Outer", "Relation Name": "lineitem", "Alias": "lineitem", "Startup Cost": 44.5, "Total Cost": 2315050.5, "Plan Rows": 719903, "Plan Width": 24, "Filter": "((l_shipdate >= '1996-12-01 00:00:00'::timestamp(0) without time zone) AND (l_shipdate < '1997-01-01 00:00:00'::timestamp without time zone)), (LLVM Optimized)"}, {"Node Type": "Hash", "Parent Relationship": "Inner", "Startup Cost": 61944.0, "Total Cost": 61944.0, "Plan Rows": 2000000, "Plan Width": 29, "Plans": [{"Node Type": "Seq Scan", "Parent Relationship": "Outer", "Relation Name": "part", "Alias": "part", "Startup Cost": 0.0, "Total Cost": 61944.0, "Plan Rows": 2000000, "Plan Width": 29}]}]}]}, "Unique SQL Id": 379939634, "Planner Runtime": 0}, "explain_analyze_plan": null}, "(16, 75)": {"explain_plan": {"Plan": {"Node Type": "Aggregate", "Strategy": "Plain", "Startup Cost": 2000799156591.82, "Total Cost": 2000799156591.84, "Plan Rows": 1, "Plan Width": 53, "Plans": [{"Node Type": "Merge Join", "Parent Relationship": "Outer", "Join Type": "Inner", "Startup Cost": 20044550453.84, "Total Cost": 2000799143993.52, "Plan Rows": 719903, "Plan Width": 37, "Inner Unique": true, "Merge Cond": "(lineitem.l_partkey = part.p_partkey)", "Plans": [{"Node Type": "Index Scan", "Parent Relationship": "Outer", "Scan Direction": "Forward", "Index Name": "idx_lineitem_part_supp", "Relation Name": "lineitem", "Alias": "lineitem", "Startup Cost": 10000000000.0, "Total Cost": 1000805384836.14, "Plan Rows": 719903, "Plan Width": 24, "Filter": "((l_shipdate >= '1996-12-01 00:00:00'::timestamp(0) without time zone) AND (l_shipdate < '1997-01-01 00:00:00'::timestamp without time zone)), (LLVM Optimized)"}, {"Node Type": "Index Scan", "Parent Relationship": "Inner", "Scan Direction": "Forward", "Index Name": "part_kpey", "Relation Name": "part", "Alias": "part", "Startup Cost": 10000000000.0, "Total Cost": 1000010080325.0, "Plan Rows": 2000000, "Plan Width": 29}]}]}, "Unique SQL Id": 379939634, "Planner Runtime": 0}, "explain_analyze_plan": null}, "(16, 76)": {"explain_plan": {"Plan": {"Node Type": "Aggregate", "Strategy": "Plain", "Startup Cost": 2437127.27, "Total Cost": 2437127.29, "Plan Rows": 1, "Plan Width": 53, "Plans": [{"Node Type": "Hash Join", "Parent Relationship": "Outer", "Join Type": "Inner", "Startup Cost": 86944.0, "Total Cost": 2424528.97, "Plan Rows": 719903, "Plan Width": 37, "Inner Unique": true, "Hash Cond": "(lineitem.l_partkey = part.p_partkey), (LLVM Optimized)", "Plans": [{"Node Type": "Index Scan", "Parent Relationship": "Outer", "Scan Direction": "Forward", "Index Name": "idx_lineitem_shipdate", "Relation Name": "lineitem", "Alias": "lineitem", "Startup Cost": 0.0, "Total Cost": 2327686.3, "Plan Rows": 719903, "Plan Width": 24, "Index Cond": "((l_shipdate >= '1996-12-01 00:00:00'::timestamp(0) without time zone) AND (l_shipdate < '1997-01-01 00:00:00'::timestamp without time zone)), (LLVM Optimized)"}, {"Node Type": "Hash", "Parent Relationship": "Inner", "Startup Cost": 61944.0, "Total Cost": 61944.0, "Plan Rows": 2000000, "Plan Width": 29, "Plans": [{"Node Type": "Seq Scan", "Parent Relationship": "Outer", "Relation Name": "part", "Alias": "part", "Startup Cost": 0.0, "Total Cost": 61944.0, "Plan Rows": 2000000, "Plan Width": 29}]}]}]}, "Unique SQL Id": 379939634, "Planner Runtime": 0}, "explain_analyze_plan": {"Plan": {"Node Type": "Aggregate", "Strategy": "Plain", "Startup Cost": 2437127.27, "Total Cost": 2437127.29, "Plan Rows": 1, "Plan Width": 53, "Actual Startup Time": 4525.793, "Actual Total Time": 4525.793, "Actual Rows": 1, "Actual Loops": 1, "Plans": [{"Node Type": "Hash Join", "Parent Relationship": "Outer", "Join Type": "Inner", "Startup Cost": 86944.0, "Total Cost": 2424528.97, "Plan Rows": 719903, "Plan Width": 37, "Actual Startup Time": 1494.321, "Actual Total Time": 4138.797, "Actual Rows": 772803, "Actual Loops": 1, "Inner Unique": true, "Hash Cond": "(lineitem.l_partkey = part.p_partkey), (LLVM Optimized, Jit Execute)", "Plans": [{"Node Type": "Index Scan", "Parent Relationship": "Outer", "Scan Direction": "Forward", "Index Name": "idx_lineitem_shipdate", "Relation Name": "lineitem", "Alias": "lineitem", "Startup Cost": 0.0, "Total Cost": 2327686.3, "Plan Rows": 719903, "Plan Width": 24, "Actual Startup Time": 0.03, "Actual Total Time": 1959.535, "Actual Rows": 772803, "Actual Loops": 1, "Index Cond": "((l_shipdate >= '1996-12-01 00:00:00'::timestamp(0) without time zone) AND (l_shipdate < '1997-01-01 00:00:00'::timestamp without time zone)), (LLVM Optimized, Jit Execute)", "Rows Removed by Index Recheck": 0}, {"Node Type": "Hash", "Parent Relationship": "Inner", "Startup Cost": 61944.0, "Total Cost": 61944.0, "Plan Rows": 2000000, "Plan Width": 29, "Actual Startup Time": 1492.995, "Actual Total Time": 1492.995, "Actual Rows": 2000000, "Actual Loops": 1, "Hash Buckets": 2097152, "Hash Batches": 1, "Original Hash Batches": 1, "Peak Memory Usage": 126040, "Plans": [{"Node Type": "Seq Scan", "Parent Relationship": "Outer", "Relation Name": "part", "Alias": "part", "Startup Cost": 0.0, "Total Cost": 61944.0, "Plan Rows": 2000000, "Plan Width": 29, "Actual Startup Time": 0.021, "Actual Total Time": 722.812, "Actual Rows": 2000000, "Actual Loops": 1}]}]}]}, "Triggers": [], "Planner Runtime": 0, "Total Runtime": 4540.025, "Unique SQL Id": 379939634}}, "(16, 77)": {"explain_plan": {"Plan": {"Node Type": "Aggregate", "Strategy": "Plain", "Startup Cost": 2475986.52, "Total Cost": 2475986.54, "Plan Rows": 1, "Plan Width": 53, "Plans": [{"Node Type": "Hash Join", "Parent Relationship": "Outer", "Join Type": "Inner", "Startup Cost": 125803.25, "Total Cost": 2463388.22, "Plan Rows": 719903, "Plan Width": 37, "Inner Unique": true, "Hash Cond": "(lineitem.l_partkey = part.p_partkey), (LLVM Optimized)", "Plans": [{"Node Type": "Index Scan", "Parent Relationship": "Outer", "Scan Direction": "Forward", "Index Name": "idx_lineitem_shipdate", "Relation Name": "lineitem", "Alias": "lineitem", "Startup Cost": 0.0, "Total Cost": 2327686.3, "Plan Rows": 719903, "Plan Width": 24, "Index Cond": "((l_shipdate >= '1996-12-01 00:00:00'::timestamp(0) without time zone) AND (l_shipdate < '1997-01-01 00:00:00'::timestamp without time zone)), (LLVM Optimized)"}, {"Node Type": "Hash", "Parent Relationship": "Inner", "Startup Cost": 100803.25, "Total Cost": 100803.25, "Plan Rows": 2000000, "Plan Width": 29, "Plans": [{"Node Type": "Index Scan", "Parent Relationship": "Outer", "Scan Direction": "Forward", "Index Name": "part_kpey", "Relation Name": "part", "Alias": "part", "Startup Cost": 0.0, "Total Cost": 100803.25, "Plan Rows": 2000000, "Plan Width": 29}]}]}]}, "Unique SQL Id": 379939634, "Planner Runtime": 0}, "explain_analyze_plan": {"Plan": {"Node Type": "Aggregate", "Strategy": "Plain", "Startup Cost": 2475986.52, "Total Cost": 2475986.54, "Plan Rows": 1, "Plan Width": 53, "Actual Startup Time": 5005.785, "Actual Total Time": 5005.785, "Actual Rows": 1, "Actual Loops": 1, "Plans": [{"Node Type": "Hash Join", "Parent Relationship": "Outer", "Join Type": "Inner", "Startup Cost": 125803.25, "Total Cost": 2463388.22, "Plan Rows": 719903, "Plan Width": 37, "Actual Startup Time": 2118.049, "Actual Total Time": 4619.544, "Actual Rows": 772803, "Actual Loops": 1, "Inner Unique": true, "Hash Cond": "(lineitem.l_partkey = part.p_partkey), (LLVM Optimized, Jit Execute)", "Plans": [{"Node Type": "Index Scan", "Parent Relationship": "Outer", "Scan Direction": "Forward", "Index Name": "idx_lineitem_shipdate", "Relation Name": "lineitem", "Alias": "lineitem", "Startup Cost": 0.0, "Total Cost": 2327686.3, "Plan Rows": 719903, "Plan Width": 24, "Actual Startup Time": 0.032, "Actual Total Time": 1896.213, "Actual Rows": 772803, "Actual Loops": 1, "Index Cond": "((l_shipdate >= '1996-12-01 00:00:00'::timestamp(0) without time zone) AND (l_shipdate < '1997-01-01 00:00:00'::timestamp without time zone)), (LLVM Optimized, Jit Execute)", "Rows Removed by Index Recheck": 0}, {"Node Type": "Hash", "Parent Relationship": "Inner", "Startup Cost": 100803.25, "Total Cost": 100803.25, "Plan Rows": 2000000, "Plan Width": 29, "Actual Startup Time": 2116.749, "Actual Total Time": 2116.749, "Actual Rows": 2000000, "Actual Loops": 1, "Hash Buckets": 2097152, "Hash Batches": 1, "Original Hash Batches": 1, "Peak Memory Usage": 126040, "Plans": [{"Node Type": "Index Scan", "Parent Relationship": "Outer", "Scan Direction": "Forward", "Index Name": "part_kpey", "Relation Name": "part", "Alias": "part", "Startup Cost": 0.0, "Total Cost": 100803.25, "Plan Rows": 2000000, "Plan Width": 29, "Actual Startup Time": 0.024, "Actual Total Time": 1436.987, "Actual Rows": 2000000, "Actual Loops": 1}]}]}]}, "Triggers": [], "Planner Runtime": 0, "Total Runtime": 5019.722, "Unique SQL Id": 379939634}}, "(16, 78)": {"explain_plan": {"Plan": {"Node Type": "Aggregate", "Strategy": "Plain", "Startup Cost": 2424491.46, "Total Cost": 2424491.48, "Plan Rows": 1, "Plan Width": 53, "Plans": [{"Node Type": "Hash Join", "Parent Relationship": "Outer", "Join Type": "Inner", "Startup Cost": 86988.5, "Total Cost": 2411893.16, "Plan Rows": 719903, "Plan Width": 37, "Inner Unique": true, "Hash Cond": "(lineitem.l_partkey = part.p_partkey), (LLVM Optimized)", "Plans": [{"Node Type": "Seq Scan", "Parent Relationship": "Outer", "Relation Name": "lineitem", "Alias": "lineitem", "Startup Cost": 44.5, "Total Cost": 2315050.5, "Plan Rows": 719903, "Plan Width": 24, "Filter": "((l_shipdate >= '1996-12-01 00:00:00'::timestamp(0) without time zone) AND (l_shipdate < '1997-01-01 00:00:00'::timestamp without time zone)), (LLVM Optimized)"}, {"Node Type": "Hash", "Parent Relationship": "Inner", "Startup Cost": 61944.0, "Total Cost": 61944.0, "Plan Rows": 2000000, "Plan Width": 29, "Plans": [{"Node Type": "Seq Scan", "Parent Relationship": "Outer", "Relation Name": "part", "Alias": "part", "Startup Cost": 0.0, "Total Cost": 61944.0, "Plan Rows": 2000000, "Plan Width": 29}]}]}]}, "Unique SQL Id": 379939634, "Planner Runtime": 0}, "explain_analyze_plan": null}, "(16, 79)": {"explain_plan": {"Plan": {"Node Type": "Aggregate", "Strategy": "Plain", "Startup Cost": 2000799156591.82, "Total Cost": 2000799156591.84, "Plan Rows": 1, "Plan Width": 53, "Plans": [{"Node Type": "Merge Join", "Parent Relationship": "Outer", "Join Type": "Inner", "Startup Cost": 20044550453.84, "Total Cost": 2000799143993.52, "Plan Rows": 719903, "Plan Width": 37, "Inner Unique": true, "Merge Cond": "(lineitem.l_partkey = part.p_partkey)", "Plans": [{"Node Type": "Index Scan", "Parent Relationship": "Outer", "Scan Direction": "Forward", "Index Name": "idx_lineitem_part_supp", "Relation Name": "lineitem", "Alias": "lineitem", "Startup Cost": 10000000000.0, "Total Cost": 1000805384836.14, "Plan Rows": 719903, "Plan Width": 24, "Filter": "((l_shipdate >= '1996-12-01 00:00:00'::timestamp(0) without time zone) AND (l_shipdate < '1997-01-01 00:00:00'::timestamp without time zone)), (LLVM Optimized)"}, {"Node Type": "Index Scan", "Parent Relationship": "Inner", "Scan Direction": "Forward", "Index Name": "part_kpey", "Relation Name": "part", "Alias": "part", "Startup Cost": 10000000000.0, "Total Cost": 1000010080325.0, "Plan Rows": 2000000, "Plan Width": 29}]}]}, "Unique SQL Id": 379939634, "Planner Runtime": 0}, "explain_analyze_plan": null}, "(16, 80)": {"explain_plan": {"Plan": {"Node Type": "Aggregate", "Strategy": "Plain", "Startup Cost": 1434236.03, "Total Cost": 1434236.04, "Plan Rows": 1, "Plan Width": 53, "Plans": [{"Node Type": "Merge Join", "Parent Relationship": "Outer", "Join Type": "Inner", "Startup Cost": 1305042.44, "Total Cost": 1421637.72, "Plan Rows": 719903, "Plan Width": 37, "Inner Unique": false, "Merge Cond": "(part.p_partkey = lineitem.l_partkey)", "Plans": [{"Node Type": "Index Scan", "Parent Relationship": "Outer", "Scan Direction": "Forward", "Index Name": "part_kpey", "Relation Name": "part", "Alias": "part", "Startup Cost": 0.0, "Total Cost": 100803.25, "Plan Rows": 2000000, "Plan Width": 29}, {"Node Type": "Sort", "Parent Relationship": "Inner", "Startup Cost": 1305037.68, "Total Cost": 1306837.43, "Plan Rows": 719903, "Plan Width": 24, "Sort Key": ["lineitem.l_partkey"], "Plans": [{"Node Type": "Bitmap Heap Scan", "Parent Relationship": "Outer", "Relation Name": "lineitem", "Alias": "lineitem", "Startup Cost": 24943.26, "Total Cost": 1235000.32, "Plan Rows": 719903, "Plan Width": 24, "Recheck Cond": "((l_shipdate >= '1996-12-01 00:00:00'::timestamp(0) without time zone) AND (l_shipdate < '1997-01-01 00:00:00'::timestamp without time zone)), (LLVM Optimized)", "Plans": [{"Node Type": "Bitmap Index Scan", "Parent Relationship": "Outer", "Index Name": "idx_lineitem_shipdate", "Startup Cost": 0.0, "Total Cost": 24763.28, "Plan Rows": 719903, "Plan Width": 0, "Index Cond": "((l_shipdate >= '1996-12-01 00:00:00'::timestamp(0) without time zone) AND (l_shipdate < '1997-01-01 00:00:00'::timestamp without time zone))"}]}]}]}]}, "Unique SQL Id": 379939634, "Planner Runtime": 0}, "explain_analyze_plan": {"Plan": {"Node Type": "Aggregate", "Strategy": "Plain", "Startup Cost": 1434236.03, "Total Cost": 1434236.04, "Plan Rows": 1, "Plan Width": 53, "Actual Startup Time": 4566.783, "Actual Total Time": 4566.784, "Actual Rows": 1, "Actual Loops": 1, "Plans": [{"Node Type": "Merge Join", "Parent Relationship": "Outer", "Join Type": "Inner", "Startup Cost": 1305042.44, "Total Cost": 1421637.72, "Plan Rows": 719903, "Plan Width": 37, "Actual Startup Time": 2095.581, "Actual Total Time": 4179.805, "Actual Rows": 772803, "Actual Loops": 1, "Inner Unique": false, "Merge Cond": "(part.p_partkey = lineitem.l_partkey)", "Plans": [{"Node Type": "Index Scan", "Parent Relationship": "Outer", "Scan Direction": "Forward", "Index Name": "part_kpey", "Relation Name": "part", "Alias": "part", "Startup Cost": 0.0, "Total Cost": 100803.25, "Plan Rows": 2000000, "Plan Width": 29, "Actual Startup Time": 0.027, "Actual Total Time": 1257.76, "Actual Rows": 2000000, "Actual Loops": 1}, {"Node Type": "Sort", "Parent Relationship": "Inner", "Startup Cost": 1305037.68, "Total Cost": 1306837.43, "Plan Rows": 719903, "Plan Width": 24, "Actual Startup Time": 2095.522, "Actual Total Time": 2286.701, "Actual Rows": 772803, "Actual Loops": 1, "Sort Key": ["lineitem.l_partkey"], "Sort Method": "quicksort", "Sort Space Used": 97027, "Sort Space Type": "Memory", "Plans": [{"Node Type": "Bitmap Heap Scan", "Parent Relationship": "Outer", "Relation Name": "lineitem", "Alias": "lineitem", "Startup Cost": 24943.26, "Total Cost": 1235000.32, "Plan Rows": 719903, "Plan Width": 24, "Actual Startup Time": 472.993, "Actual Total Time": 1755.982, "Actual Rows": 772803, "Actual Loops": 1, "Recheck Cond": "((l_shipdate >= '1996-12-01 00:00:00'::timestamp(0) without time zone) AND (l_shipdate < '1997-01-01 00:00:00'::timestamp without time zone)), (LLVM Optimized, Jit Execute)", "Rows Removed by Index Recheck": 0, "Exact Heap Blocks": 437909, "Lossy Heap Blocks": 437909, "Plans": [{"Node Type": "Bitmap Index Scan", "Parent Relationship": "Outer", "Index Name": "idx_lineitem_shipdate", "Startup Cost": 0.0, "Total Cost": 24763.28, "Plan Rows": 719903, "Plan Width": 0, "Actual Startup Time": 300.649, "Actual Total Time": 300.649, "Actual Rows": 772803, "Actual Loops": 1, "Index Cond": "((l_shipdate >= '1996-12-01 00:00:00'::timestamp(0) without time zone) AND (l_shipdate < '1997-01-01 00:00:00'::timestamp without time zone))"}]}]}]}]}, "Triggers": [], "Planner Runtime": 0, "Total Runtime": 4578.029, "Unique SQL Id": 379939634}}, "(16, 81)": {"explain_plan": {"Plan": {"Node Type": "Aggregate", "Strategy": "Plain", "Startup Cost": 1434236.03, "Total Cost": 1434236.04, "Plan Rows": 1, "Plan Width": 53, "Plans": [{"Node Type": "Merge Join", "Parent Relationship": "Outer", "Join Type": "Inner", "Startup Cost": 1305042.44, "Total Cost": 1421637.72, "Plan Rows": 719903, "Plan Width": 37, "Inner Unique": true, "Merge Cond": "(lineitem.l_partkey = part.p_partkey)", "Plans": [{"Node Type": "Sort", "Parent Relationship": "Outer", "Startup Cost": 1305037.68, "Total Cost": 1306837.43, "Plan Rows": 719903, "Plan Width": 24, "Sort Key": ["lineitem.l_partkey"], "Plans": [{"Node Type": "Bitmap Heap Scan", "Parent Relationship": "Outer", "Relation Name": "lineitem", "Alias": "lineitem", "Startup Cost": 24943.26, "Total Cost": 1235000.32, "Plan Rows": 719903, "Plan Width": 24, "Recheck Cond": "((l_shipdate >= '1996-12-01 00:00:00'::timestamp(0) without time zone) AND (l_shipdate < '1997-01-01 00:00:00'::timestamp without time zone)), (LLVM Optimized)", "Plans": [{"Node Type": "Bitmap Index Scan", "Parent Relationship": "Outer", "Index Name": "idx_lineitem_shipdate", "Startup Cost": 0.0, "Total Cost": 24763.28, "Plan Rows": 719903, "Plan Width": 0, "Index Cond": "((l_shipdate >= '1996-12-01 00:00:00'::timestamp(0) without time zone) AND (l_shipdate < '1997-01-01 00:00:00'::timestamp without time zone))"}]}]}, {"Node Type": "Index Scan", "Parent Relationship": "Inner", "Scan Direction": "Forward", "Index Name": "part_kpey", "Relation Name": "part", "Alias": "part", "Startup Cost": 0.0, "Total Cost": 100803.25, "Plan Rows": 2000000, "Plan Width": 29}]}]}, "Unique SQL Id": 379939634, "Planner Runtime": 0}, "explain_analyze_plan": {"Plan": {"Node Type": "Aggregate", "Strategy": "Plain", "Startup Cost": 1434236.03, "Total Cost": 1434236.04, "Plan Rows": 1, "Plan Width": 53, "Actual Startup Time": 4633.833, "Actual Total Time": 4633.833, "Actual Rows": 1, "Actual Loops": 1, "Plans": [{"Node Type": "Merge Join", "Parent Relationship": "Outer", "Join Type": "Inner", "Startup Cost": 1305042.44, "Total Cost": 1421637.72, "Plan Rows": 719903, "Plan Width": 37, "Actual Startup Time": 2145.392, "Actual Total Time": 4252.723, "Actual Rows": 772803, "Actual Loops": 1, "Inner Unique": true, "Merge Cond": "(lineitem.l_partkey = part.p_partkey)", "Plans": [{"Node Type": "Sort", "Parent Relationship": "Outer", "Startup Cost": 1305037.68, "Total Cost": 1306837.43, "Plan Rows": 719903, "Plan Width": 24, "Actual Startup Time": 2145.329, "Actual Total Time": 2327.585, "Actual Rows": 772803, "Actual Loops": 1, "Sort Key": ["lineitem.l_partkey"], "Sort Method": "quicksort", "Sort Space Used": 97027, "Sort Space Type": "Memory", "Plans": [{"Node Type": "Bitmap Heap Scan", "Parent Relationship": "Outer", "Relation Name": "lineitem", "Alias": "lineitem", "Startup Cost": 24943.26, "Total Cost": 1235000.32, "Plan Rows": 719903, "Plan Width": 24, "Actual Startup Time": 458.079, "Actual Total Time": 1798.555, "Actual Rows": 772803, "Actual Loops": 1, "Recheck Cond": "((l_shipdate >= '1996-12-01 00:00:00'::timestamp(0) without time zone) AND (l_shipdate < '1997-01-01 00:00:00'::timestamp without time zone)), (LLVM Optimized, Jit Execute)", "Rows Removed by Index Recheck": 0, "Exact Heap Blocks": 437909, "Lossy Heap Blocks": 437909, "Plans": [{"Node Type": "Bitmap Index Scan", "Parent Relationship": "Outer", "Index Name": "idx_lineitem_shipdate", "Startup Cost": 0.0, "Total Cost": 24763.28, "Plan Rows": 719903, "Plan Width": 0, "Actual Startup Time": 289.322, "Actual Total Time": 289.322, "Actual Rows": 772803, "Actual Loops": 1, "Index Cond": "((l_shipdate >= '1996-12-01 00:00:00'::timestamp(0) without time zone) AND (l_shipdate < '1997-01-01 00:00:00'::timestamp without time zone))"}]}]}, {"Node Type": "Index Scan", "Parent Relationship": "Inner", "Scan Direction": "Forward", "Index Name": "part_kpey", "Relation Name": "part", "Alias": "part", "Startup Cost": 0.0, "Total Cost": 100803.25, "Plan Rows": 2000000, "Plan Width": 29, "Actual Startup Time": 0.045, "Actual Total Time": 1215.234, "Actual Rows": 1999999, "Actual Loops": 1}]}]}, "Triggers": [], "Planner Runtime": 0, "Total Runtime": 4645.244, "Unique SQL Id": 379939634}}, "(16, 82)": {"explain_plan": {"Plan": {"Node Type": "Aggregate", "Strategy": "Plain", "Startup Cost": 1609694.04, "Total Cost": 1609694.06, "Plan Rows": 1, "Plan Width": 53, "Plans": [{"Node Type": "Merge Join", "Parent Relationship": "Outer", "Join Type": "Inner", "Startup Cost": 1576297.81, "Total Cost": 1597095.74, "Plan Rows": 719903, "Plan Width": 37, "Inner Unique": true, "Merge Cond": "(lineitem.l_partkey = part.p_partkey)", "Plans": [{"Node Type": "Sort", "Parent Relationship": "Outer", "Startup Cost": 1305037.68, "Total Cost": 1306837.43, "Plan Rows": 719903, "Plan Width": 24, "Sort Key": ["lineitem.l_partkey"], "Plans": [{"Node Type": "Bitmap Heap Scan", "Parent Relationship": "Outer", "Relation Name": "lineitem", "Alias": "lineitem", "Startup Cost": 24943.26, "Total Cost": 1235000.32, "Plan Rows": 719903, "Plan Width": 24, "Recheck Cond": "((l_shipdate >= '1996-12-01 00:00:00'::timestamp(0) without time zone) AND (l_shipdate < '1997-01-01 00:00:00'::timestamp without time zone)), (LLVM Optimized)", "Plans": [{"Node Type": "Bitmap Index Scan", "Parent Relationship": "Outer", "Index Name": "idx_lineitem_shipdate", "Startup Cost": 0.0, "Total Cost": 24763.28, "Plan Rows": 719903, "Plan Width": 0, "Index Cond": "((l_shipdate >= '1996-12-01 00:00:00'::timestamp(0) without time zone) AND (l_shipdate < '1997-01-01 00:00:00'::timestamp without time zone))"}]}]}, {"Node Type": "Sort", "Parent Relationship": "Inner", "Startup Cost": 271259.69, "Total Cost": 276259.69, "Plan Rows": 2000000, "Plan Width": 29, "Sort Key": ["part.p_partkey"], "Plans": [{"Node Type": "Seq Scan", "Parent Relationship": "Outer", "Relation Name": "part", "Alias": "part", "Startup Cost": 0.0, "Total Cost": 61944.0, "Plan Rows": 2000000, "Plan Width": 29}]}]}]}, "Unique SQL Id": 379939634, "Planner Runtime": 0}, "explain_analyze_plan": {"Plan": {"Node Type": "Aggregate", "Strategy": "Plain", "Startup Cost": 1609694.04, "Total Cost": 1609694.06, "Plan Rows": 1, "Plan Width": 53, "Actual Startup Time": 4935.068, "Actual Total Time": 4935.069, "Actual Rows": 1, "Actual Loops": 1, "Plans": [{"Node Type": "Merge Join", "Parent Relationship": "Outer", "Join Type": "Inner", "Startup Cost": 1576297.81, "Total Cost": 1597095.74, "Plan Rows": 719903, "Plan Width": 37, "Actual Startup Time": 3400.244, "Actual Total Time": 4584.196, "Actual Rows": 772803, "Actual Loops": 1, "Inner Unique": true, "Merge Cond": "(lineitem.l_partkey = part.p_partkey)", "Plans": [{"Node Type": "Sort", "Parent Relationship": "Outer", "Startup Cost": 1305037.68, "Total Cost": 1306837.43, "Plan Rows": 719903, "Plan Width": 24, "Actual Startup Time": 2071.666, "Actual Total Time": 2285.108, "Actual Rows": 772803, "Actual Loops": 1, "Sort Key": ["lineitem.l_partkey"], "Sort Method": "quicksort", "Sort Space Used": 97027, "Sort Space Type": "Memory", "Plans": [{"Node Type": "Bitmap Heap Scan", "Parent Relationship": "Outer", "Relation Name": "lineitem", "Alias": "lineitem", "Startup Cost": 24943.26, "Total Cost": 1235000.32, "Plan Rows": 719903, "Plan Width": 24, "Actual Startup Time": 432.886, "Actual Total Time": 1741.317, "Actual Rows": 772803, "Actual Loops": 1, "Recheck Cond": "((l_shipdate >= '1996-12-01 00:00:00'::timestamp(0) without time zone) AND (l_shipdate < '1997-01-01 00:00:00'::timestamp without time zone)), (LLVM Optimized, Jit Execute)", "Rows Removed by Index Recheck": 0, "Exact Heap Blocks": 437909, "Lossy Heap Blocks": 437909, "Plans": [{"Node Type": "Bitmap Index Scan", "Parent Relationship": "Outer", "Index Name": "idx_lineitem_shipdate", "Startup Cost": 0.0, "Total Cost": 24763.28, "Plan Rows": 719903, "Plan Width": 0, "Actual Startup Time": 270.117, "Actual Total Time": 270.117, "Actual Rows": 772803, "Actual Loops": 1, "Index Cond": "((l_shipdate >= '1996-12-01 00:00:00'::timestamp(0) without time zone) AND (l_shipdate < '1997-01-01 00:00:00'::timestamp without time zone))"}]}]}, {"Node Type": "Sort", "Parent Relationship": "Inner", "Startup Cost": 271259.69, "Total Cost": 276259.69, "Plan Rows": 2000000, "Plan Width": 29, "Actual Startup Time": 1328.557, "Actual Total Time": 1635.163, "Actual Rows": 1999999, "Actual Loops": 1, "Sort Key": ["part.p_partkey"], "Sort Method": "quicksort", "Sort Space Used": 236653, "Sort Space Type": "Memory", "Plans": [{"Node Type": "Seq Scan", "Parent Relationship": "Outer", "Relation Name": "part", "Alias": "part", "Startup Cost": 0.0, "Total Cost": 61944.0, "Plan Rows": 2000000, "Plan Width": 29, "Actual Startup Time": 0.054, "Actual Total Time": 664.794, "Actual Rows": 2000000, "Actual Loops": 1}]}]}]}, "Triggers": [], "Planner Runtime": 0, "Total Runtime": 4946.183, "Unique SQL Id": 379939634}}, "(16, 83)": {"explain_plan": {"Plan": {"Node Type": "Aggregate", "Strategy": "Plain", "Startup Cost": 4357819.44, "Total Cost": 4357819.45, "Plan Rows": 1, "Plan Width": 53, "Plans": [{"Node Type": "Nested Loop", "Parent Relationship": "Outer", "Join Type": "Inner", "Startup Cost": 24943.55, "Total Cost": 4345221.13, "Plan Rows": 719903, "Plan Width": 37, "Inner Unique": true, "Plans": [{"Node Type": "Bitmap Heap Scan", "Parent Relationship": "Outer", "Relation Name": "lineitem", "Alias": "lineitem", "Startup Cost": 24943.26, "Total Cost": 1235000.32, "Plan Rows": 719903, "Plan Width": 24, "Recheck Cond": "((l_shipdate >= '1996-12-01 00:00:00'::timestamp(0) without time zone) AND (l_shipdate < '1997-01-01 00:00:00'::timestamp without time zone)), (LLVM Optimized)", "Plans": [{"Node Type": "Bitmap Index Scan", "Parent Relationship": "Outer", "Index Name": "idx_lineitem_shipdate", "Startup Cost": 0.0, "Total Cost": 24763.28, "Plan Rows": 719903, "Plan Width": 0, "Index Cond": "((l_shipdate >= '1996-12-01 00:00:00'::timestamp(0) without time zone) AND (l_shipdate < '1997-01-01 00:00:00'::timestamp without time zone))"}]}, {"Node Type": "Bitmap Heap Scan", "Parent Relationship": "Inner", "Relation Name": "part", "Alias": "part", "Startup Cost": 0.3, "Total Cost": 4.31, "Plan Rows": 1, "Plan Width": 29, "Recheck Cond": "(p_partkey = lineitem.l_partkey)", "Plans": [{"Node Type": "Bitmap Index Scan", "Parent Relationship": "Outer", "Index Name": "part_kpey", "Startup Cost": 0.0, "Total Cost": 0.3, "Plan Rows": 1, "Plan Width": 0, "Index Cond": "(p_partkey = lineitem.l_partkey)"}]}]}]}, "Unique SQL Id": 379939634, "Planner Runtime": 0}, "explain_analyze_plan": {"Plan": {"Node Type": "Aggregate", "Strategy": "Plain", "Startup Cost": 4357819.44, "Total Cost": 4357819.45, "Plan Rows": 1, "Plan Width": 53, "Actual Startup Time": 8616.5, "Actual Total Time": 8616.5, "Actual Rows": 1, "Actual Loops": 1, "Plans": [{"Node Type": "Nested Loop", "Parent Relationship": "Outer", "Join Type": "Inner", "Startup Cost": 24943.55, "Total Cost": 4345221.13, "Plan Rows": 719903, "Plan Width": 37, "Actual Startup Time": 451.969, "Actual Total Time": 8100.257, "Actual Rows": 772803, "Actual Loops": 1, "Inner Unique": true, "Plans": [{"Node Type": "Bitmap Heap Scan", "Parent Relationship": "Outer", "Relation Name": "lineitem", "Alias": "lineitem", "Startup Cost": 24943.26, "Total Cost": 1235000.32, "Plan Rows": 719903, "Plan Width": 24, "Actual Startup Time": 451.841, "Actual Total Time": 1732.82, "Actual Rows": 772803, "Actual Loops": 1, "Recheck Cond": "((l_shipdate >= '1996-12-01 00:00:00'::timestamp(0) without time zone) AND (l_shipdate < '1997-01-01 00:00:00'::timestamp without time zone)), (LLVM Optimized, Jit Execute)", "Rows Removed by Index Recheck": 0, "Exact Heap Blocks": 437909, "Lossy Heap Blocks": 437909, "Plans": [{"Node Type": "Bitmap Index Scan", "Parent Relationship": "Outer", "Index Name": "idx_lineitem_shipdate", "Startup Cost": 0.0, "Total Cost": 24763.28, "Plan Rows": 719903, "Plan Width": 0, "Actual Startup Time": 282.36, "Actual Total Time": 282.36, "Actual Rows": 772803, "Actual Loops": 1, "Index Cond": "((l_shipdate >= '1996-12-01 00:00:00'::timestamp(0) without time zone) AND (l_shipdate < '1997-01-01 00:00:00'::timestamp without time zone))"}]}, {"Node Type": "Bitmap Heap Scan", "Parent Relationship": "Inner", "Relation Name": "part", "Alias": "part", "Startup Cost": 0.3, "Total Cost": 4.31, "Plan Rows": 1, "Plan Width": 29, "Actual Startup Time": 5308.407, "Actual Total Time": 5308.407, "Actual Rows": 772803, "Actual Loops": 772803, "Recheck Cond": "(p_partkey = lineitem.l_partkey)", "Rows Removed by Index Recheck": 0, "Exact Heap Blocks": 772803, "Lossy Heap Blocks": 772803, "Plans": [{"Node Type": "Bitmap Index Scan", "Parent Relationship": "Outer", "Index Name": "part_kpey", "Startup Cost": 0.0, "Total Cost": 0.3, "Plan Rows": 1, "Plan Width": 0, "Actual Startup Time": 3239.468, "Actual Total Time": 3239.468, "Actual Rows": 772803, "Actual Loops": 772803, "Index Cond": "(p_partkey = lineitem.l_partkey)"}]}]}]}, "Triggers": [], "Planner Runtime": 0, "Total Runtime": 8628.033, "Unique SQL Id": 379939634}}, "(16, 84)": {"explain_plan": {"Plan": {"Node Type": "Aggregate", "Strategy": "Plain", "Startup Cost": 1434236.03, "Total Cost": 1434236.04, "Plan Rows": 1, "Plan Width": 53, "Plans": [{"Node Type": "Merge Join", "Parent Relationship": "Outer", "Join Type": "Inner", "Startup Cost": 1305042.44, "Total Cost": 1421637.72, "Plan Rows": 719903, "Plan Width": 37, "Inner Unique": false, "Merge Cond": "(part.p_partkey = lineitem.l_partkey)", "Plans": [{"Node Type": "Index Scan", "Parent Relationship": "Outer", "Scan Direction": "Forward", "Index Name": "part_kpey", "Relation Name": "part", "Alias": "part", "Startup Cost": 0.0, "Total Cost": 100803.25, "Plan Rows": 2000000, "Plan Width": 29}, {"Node Type": "Sort", "Parent Relationship": "Inner", "Startup Cost": 1305037.68, "Total Cost": 1306837.43, "Plan Rows": 719903, "Plan Width": 24, "Sort Key": ["lineitem.l_partkey"], "Plans": [{"Node Type": "Bitmap Heap Scan", "Parent Relationship": "Outer", "Relation Name": "lineitem", "Alias": "lineitem", "Startup Cost": 24943.26, "Total Cost": 1235000.32, "Plan Rows": 719903, "Plan Width": 24, "Recheck Cond": "((l_shipdate >= '1996-12-01 00:00:00'::timestamp(0) without time zone) AND (l_shipdate < '1997-01-01 00:00:00'::timestamp without time zone)), (LLVM Optimized)", "Plans": [{"Node Type": "Bitmap Index Scan", "Parent Relationship": "Outer", "Index Name": "idx_lineitem_shipdate", "Startup Cost": 0.0, "Total Cost": 24763.28, "Plan Rows": 719903, "Plan Width": 0, "Index Cond": "((l_shipdate >= '1996-12-01 00:00:00'::timestamp(0) without time zone) AND (l_shipdate < '1997-01-01 00:00:00'::timestamp without time zone))"}]}]}]}]}, "Unique SQL Id": 379939634, "Planner Runtime": 0}, "explain_analyze_plan": {"Plan": {"Node Type": "Aggregate", "Strategy": "Plain", "Startup Cost": 1434236.03, "Total Cost": 1434236.04, "Plan Rows": 1, "Plan Width": 53, "Actual Startup Time": 4566.783, "Actual Total Time": 4566.784, "Actual Rows": 1, "Actual Loops": 1, "Plans": [{"Node Type": "Merge Join", "Parent Relationship": "Outer", "Join Type": "Inner", "Startup Cost": 1305042.44, "Total Cost": 1421637.72, "Plan Rows": 719903, "Plan Width": 37, "Actual Startup Time": 2095.581, "Actual Total Time": 4179.805, "Actual Rows": 772803, "Actual Loops": 1, "Inner Unique": false, "Merge Cond": "(part.p_partkey = lineitem.l_partkey)", "Plans": [{"Node Type": "Index Scan", "Parent Relationship": "Outer", "Scan Direction": "Forward", "Index Name": "part_kpey", "Relation Name": "part", "Alias": "part", "Startup Cost": 0.0, "Total Cost": 100803.25, "Plan Rows": 2000000, "Plan Width": 29, "Actual Startup Time": 0.027, "Actual Total Time": 1257.76, "Actual Rows": 2000000, "Actual Loops": 1}, {"Node Type": "Sort", "Parent Relationship": "Inner", "Startup Cost": 1305037.68, "Total Cost": 1306837.43, "Plan Rows": 719903, "Plan Width": 24, "Actual Startup Time": 2095.522, "Actual Total Time": 2286.701, "Actual Rows": 772803, "Actual Loops": 1, "Sort Key": ["lineitem.l_partkey"], "Sort Method": "quicksort", "Sort Space Used": 97027, "Sort Space Type": "Memory", "Plans": [{"Node Type": "Bitmap Heap Scan", "Parent Relationship": "Outer", "Relation Name": "lineitem", "Alias": "lineitem", "Startup Cost": 24943.26, "Total Cost": 1235000.32, "Plan Rows": 719903, "Plan Width": 24, "Actual Startup Time": 472.993, "Actual Total Time": 1755.982, "Actual Rows": 772803, "Actual Loops": 1, "Recheck Cond": "((l_shipdate >= '1996-12-01 00:00:00'::timestamp(0) without time zone) AND (l_shipdate < '1997-01-01 00:00:00'::timestamp without time zone)), (LLVM Optimized, Jit Execute)", "Rows Removed by Index Recheck": 0, "Exact Heap Blocks": 437909, "Lossy Heap Blocks": 437909, "Plans": [{"Node Type": "Bitmap Index Scan", "Parent Relationship": "Outer", "Index Name": "idx_lineitem_shipdate", "Startup Cost": 0.0, "Total Cost": 24763.28, "Plan Rows": 719903, "Plan Width": 0, "Actual Startup Time": 300.649, "Actual Total Time": 300.649, "Actual Rows": 772803, "Actual Loops": 1, "Index Cond": "((l_shipdate >= '1996-12-01 00:00:00'::timestamp(0) without time zone) AND (l_shipdate < '1997-01-01 00:00:00'::timestamp without time zone))"}]}]}]}]}, "Triggers": [], "Planner Runtime": 0, "Total Runtime": 4578.029, "Unique SQL Id": 379939634}}, "(16, 85)": {"explain_plan": {"Plan": {"Node Type": "Aggregate", "Strategy": "Plain", "Startup Cost": 1434236.03, "Total Cost": 1434236.04, "Plan Rows": 1, "Plan Width": 53, "Plans": [{"Node Type": "Merge Join", "Parent Relationship": "Outer", "Join Type": "Inner", "Startup Cost": 1305042.44, "Total Cost": 1421637.72, "Plan Rows": 719903, "Plan Width": 37, "Inner Unique": true, "Merge Cond": "(lineitem.l_partkey = part.p_partkey)", "Plans": [{"Node Type": "Sort", "Parent Relationship": "Outer", "Startup Cost": 1305037.68, "Total Cost": 1306837.43, "Plan Rows": 719903, "Plan Width": 24, "Sort Key": ["lineitem.l_partkey"], "Plans": [{"Node Type": "Bitmap Heap Scan", "Parent Relationship": "Outer", "Relation Name": "lineitem", "Alias": "lineitem", "Startup Cost": 24943.26, "Total Cost": 1235000.32, "Plan Rows": 719903, "Plan Width": 24, "Recheck Cond": "((l_shipdate >= '1996-12-01 00:00:00'::timestamp(0) without time zone) AND (l_shipdate < '1997-01-01 00:00:00'::timestamp without time zone)), (LLVM Optimized)", "Plans": [{"Node Type": "Bitmap Index Scan", "Parent Relationship": "Outer", "Index Name": "idx_lineitem_shipdate", "Startup Cost": 0.0, "Total Cost": 24763.28, "Plan Rows": 719903, "Plan Width": 0, "Index Cond": "((l_shipdate >= '1996-12-01 00:00:00'::timestamp(0) without time zone) AND (l_shipdate < '1997-01-01 00:00:00'::timestamp without time zone))"}]}]}, {"Node Type": "Index Scan", "Parent Relationship": "Inner", "Scan Direction": "Forward", "Index Name": "part_kpey", "Relation Name": "part", "Alias": "part", "Startup Cost": 0.0, "Total Cost": 100803.25, "Plan Rows": 2000000, "Plan Width": 29}]}]}, "Unique SQL Id": 379939634, "Planner Runtime": 0}, "explain_analyze_plan": {"Plan": {"Node Type": "Aggregate", "Strategy": "Plain", "Startup Cost": 1434236.03, "Total Cost": 1434236.04, "Plan Rows": 1, "Plan Width": 53, "Actual Startup Time": 4633.833, "Actual Total Time": 4633.833, "Actual Rows": 1, "Actual Loops": 1, "Plans": [{"Node Type": "Merge Join", "Parent Relationship": "Outer", "Join Type": "Inner", "Startup Cost": 1305042.44, "Total Cost": 1421637.72, "Plan Rows": 719903, "Plan Width": 37, "Actual Startup Time": 2145.392, "Actual Total Time": 4252.723, "Actual Rows": 772803, "Actual Loops": 1, "Inner Unique": true, "Merge Cond": "(lineitem.l_partkey = part.p_partkey)", "Plans": [{"Node Type": "Sort", "Parent Relationship": "Outer", "Startup Cost": 1305037.68, "Total Cost": 1306837.43, "Plan Rows": 719903, "Plan Width": 24, "Actual Startup Time": 2145.329, "Actual Total Time": 2327.585, "Actual Rows": 772803, "Actual Loops": 1, "Sort Key": ["lineitem.l_partkey"], "Sort Method": "quicksort", "Sort Space Used": 97027, "Sort Space Type": "Memory", "Plans": [{"Node Type": "Bitmap Heap Scan", "Parent Relationship": "Outer", "Relation Name": "lineitem", "Alias": "lineitem", "Startup Cost": 24943.26, "Total Cost": 1235000.32, "Plan Rows": 719903, "Plan Width": 24, "Actual Startup Time": 458.079, "Actual Total Time": 1798.555, "Actual Rows": 772803, "Actual Loops": 1, "Recheck Cond": "((l_shipdate >= '1996-12-01 00:00:00'::timestamp(0) without time zone) AND (l_shipdate < '1997-01-01 00:00:00'::timestamp without time zone)), (LLVM Optimized, Jit Execute)", "Rows Removed by Index Recheck": 0, "Exact Heap Blocks": 437909, "Lossy Heap Blocks": 437909, "Plans": [{"Node Type": "Bitmap Index Scan", "Parent Relationship": "Outer", "Index Name": "idx_lineitem_shipdate", "Startup Cost": 0.0, "Total Cost": 24763.28, "Plan Rows": 719903, "Plan Width": 0, "Actual Startup Time": 289.322, "Actual Total Time": 289.322, "Actual Rows": 772803, "Actual Loops": 1, "Index Cond": "((l_shipdate >= '1996-12-01 00:00:00'::timestamp(0) without time zone) AND (l_shipdate < '1997-01-01 00:00:00'::timestamp without time zone))"}]}]}, {"Node Type": "Index Scan", "Parent Relationship": "Inner", "Scan Direction": "Forward", "Index Name": "part_kpey", "Relation Name": "part", "Alias": "part", "Startup Cost": 0.0, "Total Cost": 100803.25, "Plan Rows": 2000000, "Plan Width": 29, "Actual Startup Time": 0.045, "Actual Total Time": 1215.234, "Actual Rows": 1999999, "Actual Loops": 1}]}]}, "Triggers": [], "Planner Runtime": 0, "Total Runtime": 4645.244, "Unique SQL Id": 379939634}}, "(16, 86)": {"explain_plan": {"Plan": {"Node Type": "Aggregate", "Strategy": "Plain", "Startup Cost": 1609694.04, "Total Cost": 1609694.06, "Plan Rows": 1, "Plan Width": 53, "Plans": [{"Node Type": "Merge Join", "Parent Relationship": "Outer", "Join Type": "Inner", "Startup Cost": 1576297.81, "Total Cost": 1597095.74, "Plan Rows": 719903, "Plan Width": 37, "Inner Unique": true, "Merge Cond": "(lineitem.l_partkey = part.p_partkey)", "Plans": [{"Node Type": "Sort", "Parent Relationship": "Outer", "Startup Cost": 1305037.68, "Total Cost": 1306837.43, "Plan Rows": 719903, "Plan Width": 24, "Sort Key": ["lineitem.l_partkey"], "Plans": [{"Node Type": "Bitmap Heap Scan", "Parent Relationship": "Outer", "Relation Name": "lineitem", "Alias": "lineitem", "Startup Cost": 24943.26, "Total Cost": 1235000.32, "Plan Rows": 719903, "Plan Width": 24, "Recheck Cond": "((l_shipdate >= '1996-12-01 00:00:00'::timestamp(0) without time zone) AND (l_shipdate < '1997-01-01 00:00:00'::timestamp without time zone)), (LLVM Optimized)", "Plans": [{"Node Type": "Bitmap Index Scan", "Parent Relationship": "Outer", "Index Name": "idx_lineitem_shipdate", "Startup Cost": 0.0, "Total Cost": 24763.28, "Plan Rows": 719903, "Plan Width": 0, "Index Cond": "((l_shipdate >= '1996-12-01 00:00:00'::timestamp(0) without time zone) AND (l_shipdate < '1997-01-01 00:00:00'::timestamp without time zone))"}]}]}, {"Node Type": "Sort", "Parent Relationship": "Inner", "Startup Cost": 271259.69, "Total Cost": 276259.69, "Plan Rows": 2000000, "Plan Width": 29, "Sort Key": ["part.p_partkey"], "Plans": [{"Node Type": "Seq Scan", "Parent Relationship": "Outer", "Relation Name": "part", "Alias": "part", "Startup Cost": 0.0, "Total Cost": 61944.0, "Plan Rows": 2000000, "Plan Width": 29}]}]}]}, "Unique SQL Id": 379939634, "Planner Runtime": 0}, "explain_analyze_plan": {"Plan": {"Node Type": "Aggregate", "Strategy": "Plain", "Startup Cost": 1609694.04, "Total Cost": 1609694.06, "Plan Rows": 1, "Plan Width": 53, "Actual Startup Time": 4935.068, "Actual Total Time": 4935.069, "Actual Rows": 1, "Actual Loops": 1, "Plans": [{"Node Type": "Merge Join", "Parent Relationship": "Outer", "Join Type": "Inner", "Startup Cost": 1576297.81, "Total Cost": 1597095.74, "Plan Rows": 719903, "Plan Width": 37, "Actual Startup Time": 3400.244, "Actual Total Time": 4584.196, "Actual Rows": 772803, "Actual Loops": 1, "Inner Unique": true, "Merge Cond": "(lineitem.l_partkey = part.p_partkey)", "Plans": [{"Node Type": "Sort", "Parent Relationship": "Outer", "Startup Cost": 1305037.68, "Total Cost": 1306837.43, "Plan Rows": 719903, "Plan Width": 24, "Actual Startup Time": 2071.666, "Actual Total Time": 2285.108, "Actual Rows": 772803, "Actual Loops": 1, "Sort Key": ["lineitem.l_partkey"], "Sort Method": "quicksort", "Sort Space Used": 97027, "Sort Space Type": "Memory", "Plans": [{"Node Type": "Bitmap Heap Scan", "Parent Relationship": "Outer", "Relation Name": "lineitem", "Alias": "lineitem", "Startup Cost": 24943.26, "Total Cost": 1235000.32, "Plan Rows": 719903, "Plan Width": 24, "Actual Startup Time": 432.886, "Actual Total Time": 1741.317, "Actual Rows": 772803, "Actual Loops": 1, "Recheck Cond": "((l_shipdate >= '1996-12-01 00:00:00'::timestamp(0) without time zone) AND (l_shipdate < '1997-01-01 00:00:00'::timestamp without time zone)), (LLVM Optimized, Jit Execute)", "Rows Removed by Index Recheck": 0, "Exact Heap Blocks": 437909, "Lossy Heap Blocks": 437909, "Plans": [{"Node Type": "Bitmap Index Scan", "Parent Relationship": "Outer", "Index Name": "idx_lineitem_shipdate", "Startup Cost": 0.0, "Total Cost": 24763.28, "Plan Rows": 719903, "Plan Width": 0, "Actual Startup Time": 270.117, "Actual Total Time": 270.117, "Actual Rows": 772803, "Actual Loops": 1, "Index Cond": "((l_shipdate >= '1996-12-01 00:00:00'::timestamp(0) without time zone) AND (l_shipdate < '1997-01-01 00:00:00'::timestamp without time zone))"}]}]}, {"Node Type": "Sort", "Parent Relationship": "Inner", "Startup Cost": 271259.69, "Total Cost": 276259.69, "Plan Rows": 2000000, "Plan Width": 29, "Actual Startup Time": 1328.557, "Actual Total Time": 1635.163, "Actual Rows": 1999999, "Actual Loops": 1, "Sort Key": ["part.p_partkey"], "Sort Method": "quicksort", "Sort Space Used": 236653, "Sort Space Type": "Memory", "Plans": [{"Node Type": "Seq Scan", "Parent Relationship": "Outer", "Relation Name": "part", "Alias": "part", "Startup Cost": 0.0, "Total Cost": 61944.0, "Plan Rows": 2000000, "Plan Width": 29, "Actual Startup Time": 0.054, "Actual Total Time": 664.794, "Actual Rows": 2000000, "Actual Loops": 1}]}]}]}, "Triggers": [], "Planner Runtime": 0, "Total Runtime": 4946.183, "Unique SQL Id": 379939634}}, "(16, 87)": {"explain_plan": {"Plan": {"Node Type": "Aggregate", "Strategy": "Plain", "Startup Cost": 4357819.44, "Total Cost": 4357819.45, "Plan Rows": 1, "Plan Width": 53, "Plans": [{"Node Type": "Nested Loop", "Parent Relationship": "Outer", "Join Type": "Inner", "Startup Cost": 24943.55, "Total Cost": 4345221.13, "Plan Rows": 719903, "Plan Width": 37, "Inner Unique": true, "Plans": [{"Node Type": "Bitmap Heap Scan", "Parent Relationship": "Outer", "Relation Name": "lineitem", "Alias": "lineitem", "Startup Cost": 24943.26, "Total Cost": 1235000.32, "Plan Rows": 719903, "Plan Width": 24, "Recheck Cond": "((l_shipdate >= '1996-12-01 00:00:00'::timestamp(0) without time zone) AND (l_shipdate < '1997-01-01 00:00:00'::timestamp without time zone)), (LLVM Optimized)", "Plans": [{"Node Type": "Bitmap Index Scan", "Parent Relationship": "Outer", "Index Name": "idx_lineitem_shipdate", "Startup Cost": 0.0, "Total Cost": 24763.28, "Plan Rows": 719903, "Plan Width": 0, "Index Cond": "((l_shipdate >= '1996-12-01 00:00:00'::timestamp(0) without time zone) AND (l_shipdate < '1997-01-01 00:00:00'::timestamp without time zone))"}]}, {"Node Type": "Bitmap Heap Scan", "Parent Relationship": "Inner", "Relation Name": "part", "Alias": "part", "Startup Cost": 0.3, "Total Cost": 4.31, "Plan Rows": 1, "Plan Width": 29, "Recheck Cond": "(p_partkey = lineitem.l_partkey)", "Plans": [{"Node Type": "Bitmap Index Scan", "Parent Relationship": "Outer", "Index Name": "part_kpey", "Startup Cost": 0.0, "Total Cost": 0.3, "Plan Rows": 1, "Plan Width": 0, "Index Cond": "(p_partkey = lineitem.l_partkey)"}]}]}]}, "Unique SQL Id": 379939634, "Planner Runtime": 0}, "explain_analyze_plan": {"Plan": {"Node Type": "Aggregate", "Strategy": "Plain", "Startup Cost": 4357819.44, "Total Cost": 4357819.45, "Plan Rows": 1, "Plan Width": 53, "Actual Startup Time": 8616.5, "Actual Total Time": 8616.5, "Actual Rows": 1, "Actual Loops": 1, "Plans": [{"Node Type": "Nested Loop", "Parent Relationship": "Outer", "Join Type": "Inner", "Startup Cost": 24943.55, "Total Cost": 4345221.13, "Plan Rows": 719903, "Plan Width": 37, "Actual Startup Time": 451.969, "Actual Total Time": 8100.257, "Actual Rows": 772803, "Actual Loops": 1, "Inner Unique": true, "Plans": [{"Node Type": "Bitmap Heap Scan", "Parent Relationship": "Outer", "Relation Name": "lineitem", "Alias": "lineitem", "Startup Cost": 24943.26, "Total Cost": 1235000.32, "Plan Rows": 719903, "Plan Width": 24, "Actual Startup Time": 451.841, "Actual Total Time": 1732.82, "Actual Rows": 772803, "Actual Loops": 1, "Recheck Cond": "((l_shipdate >= '1996-12-01 00:00:00'::timestamp(0) without time zone) AND (l_shipdate < '1997-01-01 00:00:00'::timestamp without time zone)), (LLVM Optimized, Jit Execute)", "Rows Removed by Index Recheck": 0, "Exact Heap Blocks": 437909, "Lossy Heap Blocks": 437909, "Plans": [{"Node Type": "Bitmap Index Scan", "Parent Relationship": "Outer", "Index Name": "idx_lineitem_shipdate", "Startup Cost": 0.0, "Total Cost": 24763.28, "Plan Rows": 719903, "Plan Width": 0, "Actual Startup Time": 282.36, "Actual Total Time": 282.36, "Actual Rows": 772803, "Actual Loops": 1, "Index Cond": "((l_shipdate >= '1996-12-01 00:00:00'::timestamp(0) without time zone) AND (l_shipdate < '1997-01-01 00:00:00'::timestamp without time zone))"}]}, {"Node Type": "Bitmap Heap Scan", "Parent Relationship": "Inner", "Relation Name": "part", "Alias": "part", "Startup Cost": 0.3, "Total Cost": 4.31, "Plan Rows": 1, "Plan Width": 29, "Actual Startup Time": 5308.407, "Actual Total Time": 5308.407, "Actual Rows": 772803, "Actual Loops": 772803, "Recheck Cond": "(p_partkey = lineitem.l_partkey)", "Rows Removed by Index Recheck": 0, "Exact Heap Blocks": 772803, "Lossy Heap Blocks": 772803, "Plans": [{"Node Type": "Bitmap Index Scan", "Parent Relationship": "Outer", "Index Name": "part_kpey", "Startup Cost": 0.0, "Total Cost": 0.3, "Plan Rows": 1, "Plan Width": 0, "Actual Startup Time": 3239.468, "Actual Total Time": 3239.468, "Actual Rows": 772803, "Actual Loops": 772803, "Index Cond": "(p_partkey = lineitem.l_partkey)"}]}]}]}, "Triggers": [], "Planner Runtime": 0, "Total Runtime": 8628.033, "Unique SQL Id": 379939634}}, "(16, 88)": {"explain_plan": {"Plan": {"Node Type": "Aggregate", "Strategy": "Plain", "Startup Cost": 2526922.01, "Total Cost": 2526922.03, "Plan Rows": 1, "Plan Width": 53, "Plans": [{"Node Type": "Merge Join", "Parent Relationship": "Outer", "Join Type": "Inner", "Startup Cost": 2397728.42, "Total Cost": 2514323.71, "Plan Rows": 719903, "Plan Width": 37, "Inner Unique": false, "Merge Cond": "(part.p_partkey = lineitem.l_partkey)", "Plans": [{"Node Type": "Index Scan", "Parent Relationship": "Outer", "Scan Direction": "Forward", "Index Name": "part_kpey", "Relation Name": "part", "Alias": "part", "Startup Cost": 0.0, "Total Cost": 100803.25, "Plan Rows": 2000000, "Plan Width": 29}, {"Node Type": "Sort", "Parent Relationship": "Inner", "Startup Cost": 2397723.66, "Total Cost": 2399523.42, "Plan Rows": 719903, "Plan Width": 24, "Sort Key": ["lineitem.l_partkey"], "Plans": [{"Node Type": "Index Scan", "Parent Relationship": "Outer", "Scan Direction": "Forward", "Index Name": "idx_lineitem_shipdate", "Relation Name": "lineitem", "Alias": "lineitem", "Startup Cost": 0.0, "Total Cost": 2327686.3, "Plan Rows": 719903, "Plan Width": 24, "Index Cond": "((l_shipdate >= '1996-12-01 00:00:00'::timestamp(0) without time zone) AND (l_shipdate < '1997-01-01 00:00:00'::timestamp without time zone)), (LLVM Optimized)"}]}]}]}, "Unique SQL Id": 379939634, "Planner Runtime": 0}, "explain_analyze_plan": {"Plan": {"Node Type": "Aggregate", "Strategy": "Plain", "Startup Cost": 2526922.01, "Total Cost": 2526922.03, "Plan Rows": 1, "Plan Width": 53, "Actual Startup Time": 4706.288, "Actual Total Time": 4706.288, "Actual Rows": 1, "Actual Loops": 1, "Plans": [{"Node Type": "Merge Join", "Parent Relationship": "Outer", "Join Type": "Inner", "Startup Cost": 2397728.42, "Total Cost": 2514323.71, "Plan Rows": 719903, "Plan Width": 37, "Actual Startup Time": 2291.619, "Actual Total Time": 4320.843, "Actual Rows": 772803, "Actual Loops": 1, "Inner Unique": false, "Merge Cond": "(part.p_partkey = lineitem.l_partkey)", "Plans": [{"Node Type": "Index Scan", "Parent Relationship": "Outer", "Scan Direction": "Forward", "Index Name": "part_kpey", "Relation Name": "part", "Alias": "part", "Startup Cost": 0.0, "Total Cost": 100803.25, "Plan Rows": 2000000, "Plan Width": 29, "Actual Startup Time": 0.028, "Actual Total Time": 1181.422, "Actual Rows": 2000000, "Actual Loops": 1}, {"Node Type": "Sort", "Parent Relationship": "Inner", "Startup Cost": 2397723.66, "Total Cost": 2399523.42, "Plan Rows": 719903, "Plan Width": 24, "Actual Startup Time": 2291.45, "Actual Total Time": 2502.194, "Actual Rows": 772803, "Actual Loops": 1, "Sort Key": ["lineitem.l_partkey"], "Sort Method": "quicksort", "Sort Space Used": 97027, "Sort Space Type": "Memory", "Plans": [{"Node Type": "Index Scan", "Parent Relationship": "Outer", "Scan Direction": "Forward", "Index Name": "idx_lineitem_shipdate", "Relation Name": "lineitem", "Alias": "lineitem", "Startup Cost": 0.0, "Total Cost": 2327686.3, "Plan Rows": 719903, "Plan Width": 24, "Actual Startup Time": 0.03, "Actual Total Time": 1933.047, "Actual Rows": 772803, "Actual Loops": 1, "Index Cond": "((l_shipdate >= '1996-12-01 00:00:00'::timestamp(0) without time zone) AND (l_shipdate < '1997-01-01 00:00:00'::timestamp without time zone)), (LLVM Optimized, Jit Execute)", "Rows Removed by Index Recheck": 0}]}]}]}, "Triggers": [], "Planner Runtime": 0, "Total Runtime": 4716.711, "Unique SQL Id": 379939634}}, "(16, 89)": {"explain_plan": {"Plan": {"Node Type": "Aggregate", "Strategy": "Plain", "Startup Cost": 2526922.01, "Total Cost": 2526922.03, "Plan Rows": 1, "Plan Width": 53, "Plans": [{"Node Type": "Merge Join", "Parent Relationship": "Outer", "Join Type": "Inner", "Startup Cost": 2397728.42, "Total Cost": 2514323.71, "Plan Rows": 719903, "Plan Width": 37, "Inner Unique": true, "Merge Cond": "(lineitem.l_partkey = part.p_partkey)", "Plans": [{"Node Type": "Sort", "Parent Relationship": "Outer", "Startup Cost": 2397723.66, "Total Cost": 2399523.42, "Plan Rows": 719903, "Plan Width": 24, "Sort Key": ["lineitem.l_partkey"], "Plans": [{"Node Type": "Index Scan", "Parent Relationship": "Outer", "Scan Direction": "Forward", "Index Name": "idx_lineitem_shipdate", "Relation Name": "lineitem", "Alias": "lineitem", "Startup Cost": 0.0, "Total Cost": 2327686.3, "Plan Rows": 719903, "Plan Width": 24, "Index Cond": "((l_shipdate >= '1996-12-01 00:00:00'::timestamp(0) without time zone) AND (l_shipdate < '1997-01-01 00:00:00'::timestamp without time zone)), (LLVM Optimized)"}]}, {"Node Type": "Index Scan", "Parent Relationship": "Inner", "Scan Direction": "Forward", "Index Name": "part_kpey", "Relation Name": "part", "Alias": "part", "Startup Cost": 0.0, "Total Cost": 100803.25, "Plan Rows": 2000000, "Plan Width": 29}]}]}, "Unique SQL Id": 379939634, "Planner Runtime": 0}, "explain_analyze_plan": {"Plan": {"Node Type": "Aggregate", "Strategy": "Plain", "Startup Cost": 2526922.01, "Total Cost": 2526922.03, "Plan Rows": 1, "Plan Width": 53, "Actual Startup Time": 4827.071, "Actual Total Time": 4827.072, "Actual Rows": 1, "Actual Loops": 1, "Plans": [{"Node Type": "Merge Join", "Parent Relationship": "Outer", "Join Type": "Inner", "Startup Cost": 2397728.42, "Total Cost": 2514323.71, "Plan Rows": 719903, "Plan Width": 37, "Actual Startup Time": 2379.562, "Actual Total Time": 4445.037, "Actual Rows": 772803, "Actual Loops": 1, "Inner Unique": true, "Merge Cond": "(lineitem.l_partkey = part.p_partkey)", "Plans": [{"Node Type": "Sort", "Parent Relationship": "Outer", "Startup Cost": 2397723.66, "Total Cost": 2399523.42, "Plan Rows": 719903, "Plan Width": 24, "Actual Startup Time": 2379.498, "Actual Total Time": 2542.811, "Actual Rows": 772803, "Actual Loops": 1, "Sort Key": ["lineitem.l_partkey"], "Sort Method": "quicksort", "Sort Space Used": 97027, "Sort Space Type": "Memory", "Plans": [{"Node Type": "Index Scan", "Parent Relationship": "Outer", "Scan Direction": "Forward", "Index Name": "idx_lineitem_shipdate", "Relation Name": "lineitem", "Alias": "lineitem", "Startup Cost": 0.0, "Total Cost": 2327686.3, "Plan Rows": 719903, "Plan Width": 24, "Actual Startup Time": 0.034, "Actual Total Time": 2011.495, "Actual Rows": 772803, "Actual Loops": 1, "Index Cond": "((l_shipdate >= '1996-12-01 00:00:00'::timestamp(0) without time zone) AND (l_shipdate < '1997-01-01 00:00:00'::timestamp without time zone)), (LLVM Optimized, Jit Execute)", "Rows Removed by Index Recheck": 0}]}, {"Node Type": "Index Scan", "Parent Relationship": "Inner", "Scan Direction": "Forward", "Index Name": "part_kpey", "Relation Name": "part", "Alias": "part", "Startup Cost": 0.0, "Total Cost": 100803.25, "Plan Rows": 2000000, "Plan Width": 29, "Actual Startup Time": 0.049, "Actual Total Time": 1193.279, "Actual Rows": 1999999, "Actual Loops": 1}]}]}, "Triggers": [], "Planner Runtime": 0, "Total Runtime": 4837.765, "Unique SQL Id": 379939634}}, "(16, 90)": {"explain_plan": {"Plan": {"Node Type": "Aggregate", "Strategy": "Plain", "Startup Cost": 2689744.22, "Total Cost": 2689744.24, "Plan Rows": 1, "Plan Width": 53, "Plans": [{"Node Type": "Merge Join", "Parent Relationship": "Outer", "Join Type": "Inner", "Startup Cost": 2656347.99, "Total Cost": 2677145.92, "Plan Rows": 719903, "Plan Width": 37, "Inner Unique": true, "Merge Cond": "(lineitem.l_partkey = part.p_partkey)", "Plans": [{"Node Type": "Sort", "Parent Relationship": "Outer", "Startup Cost": 2385087.85, "Total Cost": 2386887.61, "Plan Rows": 719903, "Plan Width": 24, "Sort Key": ["lineitem.l_partkey"], "Plans": [{"Node Type": "Seq Scan", "Parent Relationship": "Outer", "Relation Name": "lineitem", "Alias": "lineitem", "Startup Cost": 44.5, "Total Cost": 2315050.5, "Plan Rows": 719903, "Plan Width": 24, "Filter": "((l_shipdate >= '1996-12-01 00:00:00'::timestamp(0) without time zone) AND (l_shipdate < '1997-01-01 00:00:00'::timestamp without time zone)), (LLVM Optimized)"}]}, {"Node Type": "Sort", "Parent Relationship": "Inner", "Startup Cost": 271259.69, "Total Cost": 276259.69, "Plan Rows": 2000000, "Plan Width": 29, "Sort Key": ["part.p_partkey"], "Plans": [{"Node Type": "Seq Scan", "Parent Relationship": "Outer", "Relation Name": "part", "Alias": "part", "Startup Cost": 0.0, "Total Cost": 61944.0, "Plan Rows": 2000000, "Plan Width": 29}]}]}]}, "Unique SQL Id": 379939634, "Planner Runtime": 0}, "explain_analyze_plan": null}, "(16, 91)": {"explain_plan": {"Plan": {"Node Type": "Aggregate", "Strategy": "Plain", "Startup Cost": 2000799156591.82, "Total Cost": 2000799156591.84, "Plan Rows": 1, "Plan Width": 53, "Plans": [{"Node Type": "Merge Join", "Parent Relationship": "Outer", "Join Type": "Inner", "Startup Cost": 20044550453.84, "Total Cost": 2000799143993.52, "Plan Rows": 719903, "Plan Width": 37, "Inner Unique": true, "Merge Cond": "(lineitem.l_partkey = part.p_partkey)", "Plans": [{"Node Type": "Index Scan", "Parent Relationship": "Outer", "Scan Direction": "Forward", "Index Name": "idx_lineitem_part_supp", "Relation Name": "lineitem", "Alias": "lineitem", "Startup Cost": 10000000000.0, "Total Cost": 1000805384836.14, "Plan Rows": 719903, "Plan Width": 24, "Filter": "((l_shipdate >= '1996-12-01 00:00:00'::timestamp(0) without time zone) AND (l_shipdate < '1997-01-01 00:00:00'::timestamp without time zone)), (LLVM Optimized)"}, {"Node Type": "Index Scan", "Parent Relationship": "Inner", "Scan Direction": "Forward", "Index Name": "part_kpey", "Relation Name": "part", "Alias": "part", "Startup Cost": 10000000000.0, "Total Cost": 1000010080325.0, "Plan Rows": 2000000, "Plan Width": 29}]}]}, "Unique SQL Id": 379939634, "Planner Runtime": 0}, "explain_analyze_plan": null}, "(16, 92)": {"explain_plan": {"Plan": {"Node Type": "Aggregate", "Strategy": "Plain", "Startup Cost": 2526922.01, "Total Cost": 2526922.03, "Plan Rows": 1, "Plan Width": 53, "Plans": [{"Node Type": "Merge Join", "Parent Relationship": "Outer", "Join Type": "Inner", "Startup Cost": 2397728.42, "Total Cost": 2514323.71, "Plan Rows": 719903, "Plan Width": 37, "Inner Unique": false, "Merge Cond": "(part.p_partkey = lineitem.l_partkey)", "Plans": [{"Node Type": "Index Scan", "Parent Relationship": "Outer", "Scan Direction": "Forward", "Index Name": "part_kpey", "Relation Name": "part", "Alias": "part", "Startup Cost": 0.0, "Total Cost": 100803.25, "Plan Rows": 2000000, "Plan Width": 29}, {"Node Type": "Sort", "Parent Relationship": "Inner", "Startup Cost": 2397723.66, "Total Cost": 2399523.42, "Plan Rows": 719903, "Plan Width": 24, "Sort Key": ["lineitem.l_partkey"], "Plans": [{"Node Type": "Index Scan", "Parent Relationship": "Outer", "Scan Direction": "Forward", "Index Name": "idx_lineitem_shipdate", "Relation Name": "lineitem", "Alias": "lineitem", "Startup Cost": 0.0, "Total Cost": 2327686.3, "Plan Rows": 719903, "Plan Width": 24, "Index Cond": "((l_shipdate >= '1996-12-01 00:00:00'::timestamp(0) without time zone) AND (l_shipdate < '1997-01-01 00:00:00'::timestamp without time zone)), (LLVM Optimized)"}]}]}]}, "Unique SQL Id": 379939634, "Planner Runtime": 0}, "explain_analyze_plan": {"Plan": {"Node Type": "Aggregate", "Strategy": "Plain", "Startup Cost": 2526922.01, "Total Cost": 2526922.03, "Plan Rows": 1, "Plan Width": 53, "Actual Startup Time": 4706.288, "Actual Total Time": 4706.288, "Actual Rows": 1, "Actual Loops": 1, "Plans": [{"Node Type": "Merge Join", "Parent Relationship": "Outer", "Join Type": "Inner", "Startup Cost": 2397728.42, "Total Cost": 2514323.71, "Plan Rows": 719903, "Plan Width": 37, "Actual Startup Time": 2291.619, "Actual Total Time": 4320.843, "Actual Rows": 772803, "Actual Loops": 1, "Inner Unique": false, "Merge Cond": "(part.p_partkey = lineitem.l_partkey)", "Plans": [{"Node Type": "Index Scan", "Parent Relationship": "Outer", "Scan Direction": "Forward", "Index Name": "part_kpey", "Relation Name": "part", "Alias": "part", "Startup Cost": 0.0, "Total Cost": 100803.25, "Plan Rows": 2000000, "Plan Width": 29, "Actual Startup Time": 0.028, "Actual Total Time": 1181.422, "Actual Rows": 2000000, "Actual Loops": 1}, {"Node Type": "Sort", "Parent Relationship": "Inner", "Startup Cost": 2397723.66, "Total Cost": 2399523.42, "Plan Rows": 719903, "Plan Width": 24, "Actual Startup Time": 2291.45, "Actual Total Time": 2502.194, "Actual Rows": 772803, "Actual Loops": 1, "Sort Key": ["lineitem.l_partkey"], "Sort Method": "quicksort", "Sort Space Used": 97027, "Sort Space Type": "Memory", "Plans": [{"Node Type": "Index Scan", "Parent Relationship": "Outer", "Scan Direction": "Forward", "Index Name": "idx_lineitem_shipdate", "Relation Name": "lineitem", "Alias": "lineitem", "Startup Cost": 0.0, "Total Cost": 2327686.3, "Plan Rows": 719903, "Plan Width": 24, "Actual Startup Time": 0.03, "Actual Total Time": 1933.047, "Actual Rows": 772803, "Actual Loops": 1, "Index Cond": "((l_shipdate >= '1996-12-01 00:00:00'::timestamp(0) without time zone) AND (l_shipdate < '1997-01-01 00:00:00'::timestamp without time zone)), (LLVM Optimized, Jit Execute)", "Rows Removed by Index Recheck": 0}]}]}]}, "Triggers": [], "Planner Runtime": 0, "Total Runtime": 4716.711, "Unique SQL Id": 379939634}}, "(16, 93)": {"explain_plan": {"Plan": {"Node Type": "Aggregate", "Strategy": "Plain", "Startup Cost": 2526922.01, "Total Cost": 2526922.03, "Plan Rows": 1, "Plan Width": 53, "Plans": [{"Node Type": "Merge Join", "Parent Relationship": "Outer", "Join Type": "Inner", "Startup Cost": 2397728.42, "Total Cost": 2514323.71, "Plan Rows": 719903, "Plan Width": 37, "Inner Unique": true, "Merge Cond": "(lineitem.l_partkey = part.p_partkey)", "Plans": [{"Node Type": "Sort", "Parent Relationship": "Outer", "Startup Cost": 2397723.66, "Total Cost": 2399523.42, "Plan Rows": 719903, "Plan Width": 24, "Sort Key": ["lineitem.l_partkey"], "Plans": [{"Node Type": "Index Scan", "Parent Relationship": "Outer", "Scan Direction": "Forward", "Index Name": "idx_lineitem_shipdate", "Relation Name": "lineitem", "Alias": "lineitem", "Startup Cost": 0.0, "Total Cost": 2327686.3, "Plan Rows": 719903, "Plan Width": 24, "Index Cond": "((l_shipdate >= '1996-12-01 00:00:00'::timestamp(0) without time zone) AND (l_shipdate < '1997-01-01 00:00:00'::timestamp without time zone)), (LLVM Optimized)"}]}, {"Node Type": "Index Scan", "Parent Relationship": "Inner", "Scan Direction": "Forward", "Index Name": "part_kpey", "Relation Name": "part", "Alias": "part", "Startup Cost": 0.0, "Total Cost": 100803.25, "Plan Rows": 2000000, "Plan Width": 29}]}]}, "Unique SQL Id": 379939634, "Planner Runtime": 0}, "explain_analyze_plan": {"Plan": {"Node Type": "Aggregate", "Strategy": "Plain", "Startup Cost": 2526922.01, "Total Cost": 2526922.03, "Plan Rows": 1, "Plan Width": 53, "Actual Startup Time": 4827.071, "Actual Total Time": 4827.072, "Actual Rows": 1, "Actual Loops": 1, "Plans": [{"Node Type": "Merge Join", "Parent Relationship": "Outer", "Join Type": "Inner", "Startup Cost": 2397728.42, "Total Cost": 2514323.71, "Plan Rows": 719903, "Plan Width": 37, "Actual Startup Time": 2379.562, "Actual Total Time": 4445.037, "Actual Rows": 772803, "Actual Loops": 1, "Inner Unique": true, "Merge Cond": "(lineitem.l_partkey = part.p_partkey)", "Plans": [{"Node Type": "Sort", "Parent Relationship": "Outer", "Startup Cost": 2397723.66, "Total Cost": 2399523.42, "Plan Rows": 719903, "Plan Width": 24, "Actual Startup Time": 2379.498, "Actual Total Time": 2542.811, "Actual Rows": 772803, "Actual Loops": 1, "Sort Key": ["lineitem.l_partkey"], "Sort Method": "quicksort", "Sort Space Used": 97027, "Sort Space Type": "Memory", "Plans": [{"Node Type": "Index Scan", "Parent Relationship": "Outer", "Scan Direction": "Forward", "Index Name": "idx_lineitem_shipdate", "Relation Name": "lineitem", "Alias": "lineitem", "Startup Cost": 0.0, "Total Cost": 2327686.3, "Plan Rows": 719903, "Plan Width": 24, "Actual Startup Time": 0.034, "Actual Total Time": 2011.495, "Actual Rows": 772803, "Actual Loops": 1, "Index Cond": "((l_shipdate >= '1996-12-01 00:00:00'::timestamp(0) without time zone) AND (l_shipdate < '1997-01-01 00:00:00'::timestamp without time zone)), (LLVM Optimized, Jit Execute)", "Rows Removed by Index Recheck": 0}]}, {"Node Type": "Index Scan", "Parent Relationship": "Inner", "Scan Direction": "Forward", "Index Name": "part_kpey", "Relation Name": "part", "Alias": "part", "Startup Cost": 0.0, "Total Cost": 100803.25, "Plan Rows": 2000000, "Plan Width": 29, "Actual Startup Time": 0.049, "Actual Total Time": 1193.279, "Actual Rows": 1999999, "Actual Loops": 1}]}]}, "Triggers": [], "Planner Runtime": 0, "Total Runtime": 4837.765, "Unique SQL Id": 379939634}}, "(16, 94)": {"explain_plan": {"Plan": {"Node Type": "Aggregate", "Strategy": "Plain", "Startup Cost": 2689744.22, "Total Cost": 2689744.24, "Plan Rows": 1, "Plan Width": 53, "Plans": [{"Node Type": "Merge Join", "Parent Relationship": "Outer", "Join Type": "Inner", "Startup Cost": 2656347.99, "Total Cost": 2677145.92, "Plan Rows": 719903, "Plan Width": 37, "Inner Unique": true, "Merge Cond": "(lineitem.l_partkey = part.p_partkey)", "Plans": [{"Node Type": "Sort", "Parent Relationship": "Outer", "Startup Cost": 2385087.85, "Total Cost": 2386887.61, "Plan Rows": 719903, "Plan Width": 24, "Sort Key": ["lineitem.l_partkey"], "Plans": [{"Node Type": "Seq Scan", "Parent Relationship": "Outer", "Relation Name": "lineitem", "Alias": "lineitem", "Startup Cost": 44.5, "Total Cost": 2315050.5, "Plan Rows": 719903, "Plan Width": 24, "Filter": "((l_shipdate >= '1996-12-01 00:00:00'::timestamp(0) without time zone) AND (l_shipdate < '1997-01-01 00:00:00'::timestamp without time zone)), (LLVM Optimized)"}]}, {"Node Type": "Sort", "Parent Relationship": "Inner", "Startup Cost": 271259.69, "Total Cost": 276259.69, "Plan Rows": 2000000, "Plan Width": 29, "Sort Key": ["part.p_partkey"], "Plans": [{"Node Type": "Seq Scan", "Parent Relationship": "Outer", "Relation Name": "part", "Alias": "part", "Startup Cost": 0.0, "Total Cost": 61944.0, "Plan Rows": 2000000, "Plan Width": 29}]}]}]}, "Unique SQL Id": 379939634, "Planner Runtime": 0}, "explain_analyze_plan": null}, "(16, 95)": {"explain_plan": {"Plan": {"Node Type": "Aggregate", "Strategy": "Plain", "Startup Cost": 2000799156591.82, "Total Cost": 2000799156591.84, "Plan Rows": 1, "Plan Width": 53, "Plans": [{"Node Type": "Merge Join", "Parent Relationship": "Outer", "Join Type": "Inner", "Startup Cost": 20044550453.84, "Total Cost": 2000799143993.52, "Plan Rows": 719903, "Plan Width": 37, "Inner Unique": true, "Merge Cond": "(lineitem.l_partkey = part.p_partkey)", "Plans": [{"Node Type": "Index Scan", "Parent Relationship": "Outer", "Scan Direction": "Forward", "Index Name": "idx_lineitem_part_supp", "Relation Name": "lineitem", "Alias": "lineitem", "Startup Cost": 10000000000.0, "Total Cost": 1000805384836.14, "Plan Rows": 719903, "Plan Width": 24, "Filter": "((l_shipdate >= '1996-12-01 00:00:00'::timestamp(0) without time zone) AND (l_shipdate < '1997-01-01 00:00:00'::timestamp without time zone)), (LLVM Optimized)"}, {"Node Type": "Index Scan", "Parent Relationship": "Inner", "Scan Direction": "Forward", "Index Name": "part_kpey", "Relation Name": "part", "Alias": "part", "Startup Cost": 10000000000.0, "Total Cost": 1000010080325.0, "Plan Rows": 2000000, "Plan Width": 29}]}]}, "Unique SQL Id": 379939634, "Planner Runtime": 0}, "explain_analyze_plan": null}, "(16, 96)": {"explain_plan": {"Plan": {"Node Type": "Aggregate", "Strategy": "Plain", "Startup Cost": 1344441.29, "Total Cost": 1344441.3, "Plan Rows": 1, "Plan Width": 53, "Plans": [{"Node Type": "Hash Join", "Parent Relationship": "Outer", "Join Type": "Inner", "Startup Cost": 111887.26, "Total Cost": 1331842.98, "Plan Rows": 719903, "Plan Width": 37, "Inner Unique": true, "Hash Cond": "(lineitem.l_partkey = part.p_partkey), (LLVM Optimized)", "Plans": [{"Node Type": "Bitmap Heap Scan", "Parent Relationship": "Outer", "Relation Name": "lineitem", "Alias": "lineitem", "Startup Cost": 24943.26, "Total Cost": 1235000.32, "Plan Rows": 719903, "Plan Width": 24, "Recheck Cond": "((l_shipdate >= '1996-12-01 00:00:00'::timestamp(0) without time zone) AND (l_shipdate < '1997-01-01 00:00:00'::timestamp without time zone)), (LLVM Optimized)", "Plans": [{"Node Type": "Bitmap Index Scan", "Parent Relationship": "Outer", "Index Name": "idx_lineitem_shipdate", "Startup Cost": 0.0, "Total Cost": 24763.28, "Plan Rows": 719903, "Plan Width": 0, "Index Cond": "((l_shipdate >= '1996-12-01 00:00:00'::timestamp(0) without time zone) AND (l_shipdate < '1997-01-01 00:00:00'::timestamp without time zone))"}]}, {"Node Type": "Hash", "Parent Relationship": "Inner", "Startup Cost": 61944.0, "Total Cost": 61944.0, "Plan Rows": 2000000, "Plan Width": 29, "Plans": [{"Node Type": "Seq Scan", "Parent Relationship": "Outer", "Relation Name": "part", "Alias": "part", "Startup Cost": 0.0, "Total Cost": 61944.0, "Plan Rows": 2000000, "Plan Width": 29}]}]}]}, "Unique SQL Id": 379939634, "Planner Runtime": 0}, "explain_analyze_plan": {"Plan": {"Node Type": "Aggregate", "Strategy": "Plain", "Startup Cost": 1344441.29, "Total Cost": 1344441.3, "Plan Rows": 1, "Plan Width": 53, "Actual Startup Time": 4189.373, "Actual Total Time": 4189.374, "Actual Rows": 1, "Actual Loops": 1, "Plans": [{"Node Type": "Hash Join", "Parent Relationship": "Outer", "Join Type": "Inner", "Startup Cost": 111887.26, "Total Cost": 1331842.98, "Plan Rows": 719903, "Plan Width": 37, "Actual Startup Time": 1934.822, "Actual Total Time": 3823.274, "Actual Rows": 772803, "Actual Loops": 1, "Inner Unique": true, "Hash Cond": "(lineitem.l_partkey = part.p_partkey), (LLVM Optimized, Jit Execute)", "Plans": [{"Node Type": "Bitmap Heap Scan", "Parent Relationship": "Outer", "Relation Name": "lineitem", "Alias": "lineitem", "Startup Cost": 24943.26, "Total Cost": 1235000.32, "Plan Rows": 719903, "Plan Width": 24, "Actual Startup Time": 451.89, "Actual Total Time": 1765.327, "Actual Rows": 772803, "Actual Loops": 1, "Recheck Cond": "((l_shipdate >= '1996-12-01 00:00:00'::timestamp(0) without time zone) AND (l_shipdate < '1997-01-01 00:00:00'::timestamp without time zone)), (LLVM Optimized, Jit Execute)", "Rows Removed by Index Recheck": 0, "Exact Heap Blocks": 437909, "Lossy Heap Blocks": 437909, "Plans": [{"Node Type": "Bitmap Index Scan", "Parent Relationship": "Outer", "Index Name": "idx_lineitem_shipdate", "Startup Cost": 0.0, "Total Cost": 24763.28, "Plan Rows": 719903, "Plan Width": 0, "Actual Startup Time": 284.633, "Actual Total Time": 284.633, "Actual Rows": 772803, "Actual Loops": 1, "Index Cond": "((l_shipdate >= '1996-12-01 00:00:00'::timestamp(0) without time zone) AND (l_shipdate < '1997-01-01 00:00:00'::timestamp without time zone))"}]}, {"Node Type": "Hash", "Parent Relationship": "Inner", "Startup Cost": 61944.0, "Total Cost": 61944.0, "Plan Rows": 2000000, "Plan Width": 29, "Actual Startup Time": 1481.532, "Actual Total Time": 1481.532, "Actual Rows": 2000000, "Actual Loops": 1, "Hash Buckets": 2097152, "Hash Batches": 1, "Original Hash Batches": 1, "Peak Memory Usage": 126040, "Plans": [{"Node Type": "Seq Scan", "Parent Relationship": "Outer", "Relation Name": "part", "Alias": "part", "Startup Cost": 0.0, "Total Cost": 61944.0, "Plan Rows": 2000000, "Plan Width": 29, "Actual Startup Time": 0.032, "Actual Total Time": 731.552, "Actual Rows": 2000000, "Actual Loops": 1}]}]}]}, "Triggers": [], "Planner Runtime": 0, "Total Runtime": 4204.175, "Unique SQL Id": 379939634}}, "(16, 97)": {"explain_plan": {"Plan": {"Node Type": "Aggregate", "Strategy": "Plain", "Startup Cost": 1383300.54, "Total Cost": 1383300.55, "Plan Rows": 1, "Plan Width": 53, "Plans": [{"Node Type": "Hash Join", "Parent Relationship": "Outer", "Join Type": "Inner", "Startup Cost": 150746.51, "Total Cost": 1370702.23, "Plan Rows": 719903, "Plan Width": 37, "Inner Unique": true, "Hash Cond": "(lineitem.l_partkey = part.p_partkey), (LLVM Optimized)", "Plans": [{"Node Type": "Bitmap Heap Scan", "Parent Relationship": "Outer", "Relation Name": "lineitem", "Alias": "lineitem", "Startup Cost": 24943.26, "Total Cost": 1235000.32, "Plan Rows": 719903, "Plan Width": 24, "Recheck Cond": "((l_shipdate >= '1996-12-01 00:00:00'::timestamp(0) without time zone) AND (l_shipdate < '1997-01-01 00:00:00'::timestamp without time zone)), (LLVM Optimized)", "Plans": [{"Node Type": "Bitmap Index Scan", "Parent Relationship": "Outer", "Index Name": "idx_lineitem_shipdate", "Startup Cost": 0.0, "Total Cost": 24763.28, "Plan Rows": 719903, "Plan Width": 0, "Index Cond": "((l_shipdate >= '1996-12-01 00:00:00'::timestamp(0) without time zone) AND (l_shipdate < '1997-01-01 00:00:00'::timestamp without time zone))"}]}, {"Node Type": "Hash", "Parent Relationship": "Inner", "Startup Cost": 100803.25, "Total Cost": 100803.25, "Plan Rows": 2000000, "Plan Width": 29, "Plans": [{"Node Type": "Index Scan", "Parent Relationship": "Outer", "Scan Direction": "Forward", "Index Name": "part_kpey", "Relation Name": "part", "Alias": "part", "Startup Cost": 0.0, "Total Cost": 100803.25, "Plan Rows": 2000000, "Plan Width": 29}]}]}]}, "Unique SQL Id": 379939634, "Planner Runtime": 0}, "explain_analyze_plan": {"Plan": {"Node Type": "Aggregate", "Strategy": "Plain", "Startup Cost": 1383300.54, "Total Cost": 1383300.55, "Plan Rows": 1, "Plan Width": 53, "Actual Startup Time": 4880.395, "Actual Total Time": 4880.395, "Actual Rows": 1, "Actual Loops": 1, "Plans": [{"Node Type": "Hash Join", "Parent Relationship": "Outer", "Join Type": "Inner", "Startup Cost": 150746.51, "Total Cost": 1370702.23, "Plan Rows": 719903, "Plan Width": 37, "Actual Startup Time": 2646.128, "Actual Total Time": 4515.369, "Actual Rows": 772803, "Actual Loops": 1, "Inner Unique": true, "Hash Cond": "(lineitem.l_partkey = part.p_partkey), (LLVM Optimized, Jit Execute)", "Plans": [{"Node Type": "Bitmap Heap Scan", "Parent Relationship": "Outer", "Relation Name": "lineitem", "Alias": "lineitem", "Startup Cost": 24943.26, "Total Cost": 1235000.32, "Plan Rows": 719903, "Plan Width": 24, "Actual Startup Time": 446.087, "Actual Total Time": 1672.714, "Actual Rows": 772803, "Actual Loops": 1, "Recheck Cond": "((l_shipdate >= '1996-12-01 00:00:00'::timestamp(0) without time zone) AND (l_shipdate < '1997-01-01 00:00:00'::timestamp without time zone)), (LLVM Optimized, Jit Execute)", "Rows Removed by Index Recheck": 0, "Exact Heap Blocks": 437909, "Lossy Heap Blocks": 437909, "Plans": [{"Node Type": "Bitmap Index Scan", "Parent Relationship": "Outer", "Index Name": "idx_lineitem_shipdate", "Startup Cost": 0.0, "Total Cost": 24763.28, "Plan Rows": 719903, "Plan Width": 0, "Actual Startup Time": 281.285, "Actual Total Time": 281.285, "Actual Rows": 772803, "Actual Loops": 1, "Index Cond": "((l_shipdate >= '1996-12-01 00:00:00'::timestamp(0) without time zone) AND (l_shipdate < '1997-01-01 00:00:00'::timestamp without time zone))"}]}, {"Node Type": "Hash", "Parent Relationship": "Inner", "Startup Cost": 100803.25, "Total Cost": 100803.25, "Plan Rows": 2000000, "Plan Width": 29, "Actual Startup Time": 2198.605, "Actual Total Time": 2198.605, "Actual Rows": 2000000, "Actual Loops": 1, "Hash Buckets": 2097152, "Hash Batches": 1, "Original Hash Batches": 1, "Peak Memory Usage": 126040, "Plans": [{"Node Type": "Index Scan", "Parent Relationship": "Outer", "Scan Direction": "Forward", "Index Name": "part_kpey", "Relation Name": "part", "Alias": "part", "Startup Cost": 0.0, "Total Cost": 100803.25, "Plan Rows": 2000000, "Plan Width": 29, "Actual Startup Time": 0.054, "Actual Total Time": 1422.225, "Actual Rows": 2000000, "Actual Loops": 1}]}]}]}, "Triggers": [], "Planner Runtime": 0, "Total Runtime": 4895.379, "Unique SQL Id": 379939634}}, "(16, 98)": {"explain_plan": {"Plan": {"Node Type": "Aggregate", "Strategy": "Plain", "Startup Cost": 1344441.29, "Total Cost": 1344441.3, "Plan Rows": 1, "Plan Width": 53, "Plans": [{"Node Type": "Hash Join", "Parent Relationship": "Outer", "Join Type": "Inner", "Startup Cost": 111887.26, "Total Cost": 1331842.98, "Plan Rows": 719903, "Plan Width": 37, "Inner Unique": true, "Hash Cond": "(lineitem.l_partkey = part.p_partkey), (LLVM Optimized)", "Plans": [{"Node Type": "Bitmap Heap Scan", "Parent Relationship": "Outer", "Relation Name": "lineitem", "Alias": "lineitem", "Startup Cost": 24943.26, "Total Cost": 1235000.32, "Plan Rows": 719903, "Plan Width": 24, "Recheck Cond": "((l_shipdate >= '1996-12-01 00:00:00'::timestamp(0) without time zone) AND (l_shipdate < '1997-01-01 00:00:00'::timestamp without time zone)), (LLVM Optimized)", "Plans": [{"Node Type": "Bitmap Index Scan", "Parent Relationship": "Outer", "Index Name": "idx_lineitem_shipdate", "Startup Cost": 0.0, "Total Cost": 24763.28, "Plan Rows": 719903, "Plan Width": 0, "Index Cond": "((l_shipdate >= '1996-12-01 00:00:00'::timestamp(0) without time zone) AND (l_shipdate < '1997-01-01 00:00:00'::timestamp without time zone))"}]}, {"Node Type": "Hash", "Parent Relationship": "Inner", "Startup Cost": 61944.0, "Total Cost": 61944.0, "Plan Rows": 2000000, "Plan Width": 29, "Plans": [{"Node Type": "Seq Scan", "Parent Relationship": "Outer", "Relation Name": "part", "Alias": "part", "Startup Cost": 0.0, "Total Cost": 61944.0, "Plan Rows": 2000000, "Plan Width": 29}]}]}]}, "Unique SQL Id": 379939634, "Planner Runtime": 0}, "explain_analyze_plan": {"Plan": {"Node Type": "Aggregate", "Strategy": "Plain", "Startup Cost": 1344441.29, "Total Cost": 1344441.3, "Plan Rows": 1, "Plan Width": 53, "Actual Startup Time": 4189.373, "Actual Total Time": 4189.374, "Actual Rows": 1, "Actual Loops": 1, "Plans": [{"Node Type": "Hash Join", "Parent Relationship": "Outer", "Join Type": "Inner", "Startup Cost": 111887.26, "Total Cost": 1331842.98, "Plan Rows": 719903, "Plan Width": 37, "Actual Startup Time": 1934.822, "Actual Total Time": 3823.274, "Actual Rows": 772803, "Actual Loops": 1, "Inner Unique": true, "Hash Cond": "(lineitem.l_partkey = part.p_partkey), (LLVM Optimized, Jit Execute)", "Plans": [{"Node Type": "Bitmap Heap Scan", "Parent Relationship": "Outer", "Relation Name": "lineitem", "Alias": "lineitem", "Startup Cost": 24943.26, "Total Cost": 1235000.32, "Plan Rows": 719903, "Plan Width": 24, "Actual Startup Time": 451.89, "Actual Total Time": 1765.327, "Actual Rows": 772803, "Actual Loops": 1, "Recheck Cond": "((l_shipdate >= '1996-12-01 00:00:00'::timestamp(0) without time zone) AND (l_shipdate < '1997-01-01 00:00:00'::timestamp without time zone)), (LLVM Optimized, Jit Execute)", "Rows Removed by Index Recheck": 0, "Exact Heap Blocks": 437909, "Lossy Heap Blocks": 437909, "Plans": [{"Node Type": "Bitmap Index Scan", "Parent Relationship": "Outer", "Index Name": "idx_lineitem_shipdate", "Startup Cost": 0.0, "Total Cost": 24763.28, "Plan Rows": 719903, "Plan Width": 0, "Actual Startup Time": 284.633, "Actual Total Time": 284.633, "Actual Rows": 772803, "Actual Loops": 1, "Index Cond": "((l_shipdate >= '1996-12-01 00:00:00'::timestamp(0) without time zone) AND (l_shipdate < '1997-01-01 00:00:00'::timestamp without time zone))"}]}, {"Node Type": "Hash", "Parent Relationship": "Inner", "Startup Cost": 61944.0, "Total Cost": 61944.0, "Plan Rows": 2000000, "Plan Width": 29, "Actual Startup Time": 1481.532, "Actual Total Time": 1481.532, "Actual Rows": 2000000, "Actual Loops": 1, "Hash Buckets": 2097152, "Hash Batches": 1, "Original Hash Batches": 1, "Peak Memory Usage": 126040, "Plans": [{"Node Type": "Seq Scan", "Parent Relationship": "Outer", "Relation Name": "part", "Alias": "part", "Startup Cost": 0.0, "Total Cost": 61944.0, "Plan Rows": 2000000, "Plan Width": 29, "Actual Startup Time": 0.032, "Actual Total Time": 731.552, "Actual Rows": 2000000, "Actual Loops": 1}]}]}]}, "Triggers": [], "Planner Runtime": 0, "Total Runtime": 4204.175, "Unique SQL Id": 379939634}}, "(16, 99)": {"explain_plan": {"Plan": {"Node Type": "Aggregate", "Strategy": "Plain", "Startup Cost": 4357819.44, "Total Cost": 4357819.45, "Plan Rows": 1, "Plan Width": 53, "Plans": [{"Node Type": "Nested Loop", "Parent Relationship": "Outer", "Join Type": "Inner", "Startup Cost": 24943.55, "Total Cost": 4345221.13, "Plan Rows": 719903, "Plan Width": 37, "Inner Unique": true, "Plans": [{"Node Type": "Bitmap Heap Scan", "Parent Relationship": "Outer", "Relation Name": "lineitem", "Alias": "lineitem", "Startup Cost": 24943.26, "Total Cost": 1235000.32, "Plan Rows": 719903, "Plan Width": 24, "Recheck Cond": "((l_shipdate >= '1996-12-01 00:00:00'::timestamp(0) without time zone) AND (l_shipdate < '1997-01-01 00:00:00'::timestamp without time zone)), (LLVM Optimized)", "Plans": [{"Node Type": "Bitmap Index Scan", "Parent Relationship": "Outer", "Index Name": "idx_lineitem_shipdate", "Startup Cost": 0.0, "Total Cost": 24763.28, "Plan Rows": 719903, "Plan Width": 0, "Index Cond": "((l_shipdate >= '1996-12-01 00:00:00'::timestamp(0) without time zone) AND (l_shipdate < '1997-01-01 00:00:00'::timestamp without time zone))"}]}, {"Node Type": "Bitmap Heap Scan", "Parent Relationship": "Inner", "Relation Name": "part", "Alias": "part", "Startup Cost": 0.3, "Total Cost": 4.31, "Plan Rows": 1, "Plan Width": 29, "Recheck Cond": "(p_partkey = lineitem.l_partkey)", "Plans": [{"Node Type": "Bitmap Index Scan", "Parent Relationship": "Outer", "Index Name": "part_kpey", "Startup Cost": 0.0, "Total Cost": 0.3, "Plan Rows": 1, "Plan Width": 0, "Index Cond": "(p_partkey = lineitem.l_partkey)"}]}]}]}, "Unique SQL Id": 379939634, "Planner Runtime": 0}, "explain_analyze_plan": {"Plan": {"Node Type": "Aggregate", "Strategy": "Plain", "Startup Cost": 4357819.44, "Total Cost": 4357819.45, "Plan Rows": 1, "Plan Width": 53, "Actual Startup Time": 8616.5, "Actual Total Time": 8616.5, "Actual Rows": 1, "Actual Loops": 1, "Plans": [{"Node Type": "Nested Loop", "Parent Relationship": "Outer", "Join Type": "Inner", "Startup Cost": 24943.55, "Total Cost": 4345221.13, "Plan Rows": 719903, "Plan Width": 37, "Actual Startup Time": 451.969, "Actual Total Time": 8100.257, "Actual Rows": 772803, "Actual Loops": 1, "Inner Unique": true, "Plans": [{"Node Type": "Bitmap Heap Scan", "Parent Relationship": "Outer", "Relation Name": "lineitem", "Alias": "lineitem", "Startup Cost": 24943.26, "Total Cost": 1235000.32, "Plan Rows": 719903, "Plan Width": 24, "Actual Startup Time": 451.841, "Actual Total Time": 1732.82, "Actual Rows": 772803, "Actual Loops": 1, "Recheck Cond": "((l_shipdate >= '1996-12-01 00:00:00'::timestamp(0) without time zone) AND (l_shipdate < '1997-01-01 00:00:00'::timestamp without time zone)), (LLVM Optimized, Jit Execute)", "Rows Removed by Index Recheck": 0, "Exact Heap Blocks": 437909, "Lossy Heap Blocks": 437909, "Plans": [{"Node Type": "Bitmap Index Scan", "Parent Relationship": "Outer", "Index Name": "idx_lineitem_shipdate", "Startup Cost": 0.0, "Total Cost": 24763.28, "Plan Rows": 719903, "Plan Width": 0, "Actual Startup Time": 282.36, "Actual Total Time": 282.36, "Actual Rows": 772803, "Actual Loops": 1, "Index Cond": "((l_shipdate >= '1996-12-01 00:00:00'::timestamp(0) without time zone) AND (l_shipdate < '1997-01-01 00:00:00'::timestamp without time zone))"}]}, {"Node Type": "Bitmap Heap Scan", "Parent Relationship": "Inner", "Relation Name": "part", "Alias": "part", "Startup Cost": 0.3, "Total Cost": 4.31, "Plan Rows": 1, "Plan Width": 29, "Actual Startup Time": 5308.407, "Actual Total Time": 5308.407, "Actual Rows": 772803, "Actual Loops": 772803, "Recheck Cond": "(p_partkey = lineitem.l_partkey)", "Rows Removed by Index Recheck": 0, "Exact Heap Blocks": 772803, "Lossy Heap Blocks": 772803, "Plans": [{"Node Type": "Bitmap Index Scan", "Parent Relationship": "Outer", "Index Name": "part_kpey", "Startup Cost": 0.0, "Total Cost": 0.3, "Plan Rows": 1, "Plan Width": 0, "Actual Startup Time": 3239.468, "Actual Total Time": 3239.468, "Actual Rows": 772803, "Actual Loops": 772803, "Index Cond": "(p_partkey = lineitem.l_partkey)"}]}]}]}, "Triggers": [], "Planner Runtime": 0, "Total Runtime": 8628.033, "Unique SQL Id": 379939634}}, "(16, 100)": {"explain_plan": {"Plan": {"Node Type": "Aggregate", "Strategy": "Plain", "Startup Cost": 1344441.29, "Total Cost": 1344441.3, "Plan Rows": 1, "Plan Width": 53, "Plans": [{"Node Type": "Hash Join", "Parent Relationship": "Outer", "Join Type": "Inner", "Startup Cost": 111887.26, "Total Cost": 1331842.98, "Plan Rows": 719903, "Plan Width": 37, "Inner Unique": true, "Hash Cond": "(lineitem.l_partkey = part.p_partkey), (LLVM Optimized)", "Plans": [{"Node Type": "Bitmap Heap Scan", "Parent Relationship": "Outer", "Relation Name": "lineitem", "Alias": "lineitem", "Startup Cost": 24943.26, "Total Cost": 1235000.32, "Plan Rows": 719903, "Plan Width": 24, "Recheck Cond": "((l_shipdate >= '1996-12-01 00:00:00'::timestamp(0) without time zone) AND (l_shipdate < '1997-01-01 00:00:00'::timestamp without time zone)), (LLVM Optimized)", "Plans": [{"Node Type": "Bitmap Index Scan", "Parent Relationship": "Outer", "Index Name": "idx_lineitem_shipdate", "Startup Cost": 0.0, "Total Cost": 24763.28, "Plan Rows": 719903, "Plan Width": 0, "Index Cond": "((l_shipdate >= '1996-12-01 00:00:00'::timestamp(0) without time zone) AND (l_shipdate < '1997-01-01 00:00:00'::timestamp without time zone))"}]}, {"Node Type": "Hash", "Parent Relationship": "Inner", "Startup Cost": 61944.0, "Total Cost": 61944.0, "Plan Rows": 2000000, "Plan Width": 29, "Plans": [{"Node Type": "Seq Scan", "Parent Relationship": "Outer", "Relation Name": "part", "Alias": "part", "Startup Cost": 0.0, "Total Cost": 61944.0, "Plan Rows": 2000000, "Plan Width": 29}]}]}]}, "Unique SQL Id": 379939634, "Planner Runtime": 0}, "explain_analyze_plan": {"Plan": {"Node Type": "Aggregate", "Strategy": "Plain", "Startup Cost": 1344441.29, "Total Cost": 1344441.3, "Plan Rows": 1, "Plan Width": 53, "Actual Startup Time": 4189.373, "Actual Total Time": 4189.374, "Actual Rows": 1, "Actual Loops": 1, "Plans": [{"Node Type": "Hash Join", "Parent Relationship": "Outer", "Join Type": "Inner", "Startup Cost": 111887.26, "Total Cost": 1331842.98, "Plan Rows": 719903, "Plan Width": 37, "Actual Startup Time": 1934.822, "Actual Total Time": 3823.274, "Actual Rows": 772803, "Actual Loops": 1, "Inner Unique": true, "Hash Cond": "(lineitem.l_partkey = part.p_partkey), (LLVM Optimized, Jit Execute)", "Plans": [{"Node Type": "Bitmap Heap Scan", "Parent Relationship": "Outer", "Relation Name": "lineitem", "Alias": "lineitem", "Startup Cost": 24943.26, "Total Cost": 1235000.32, "Plan Rows": 719903, "Plan Width": 24, "Actual Startup Time": 451.89, "Actual Total Time": 1765.327, "Actual Rows": 772803, "Actual Loops": 1, "Recheck Cond": "((l_shipdate >= '1996-12-01 00:00:00'::timestamp(0) without time zone) AND (l_shipdate < '1997-01-01 00:00:00'::timestamp without time zone)), (LLVM Optimized, Jit Execute)", "Rows Removed by Index Recheck": 0, "Exact Heap Blocks": 437909, "Lossy Heap Blocks": 437909, "Plans": [{"Node Type": "Bitmap Index Scan", "Parent Relationship": "Outer", "Index Name": "idx_lineitem_shipdate", "Startup Cost": 0.0, "Total Cost": 24763.28, "Plan Rows": 719903, "Plan Width": 0, "Actual Startup Time": 284.633, "Actual Total Time": 284.633, "Actual Rows": 772803, "Actual Loops": 1, "Index Cond": "((l_shipdate >= '1996-12-01 00:00:00'::timestamp(0) without time zone) AND (l_shipdate < '1997-01-01 00:00:00'::timestamp without time zone))"}]}, {"Node Type": "Hash", "Parent Relationship": "Inner", "Startup Cost": 61944.0, "Total Cost": 61944.0, "Plan Rows": 2000000, "Plan Width": 29, "Actual Startup Time": 1481.532, "Actual Total Time": 1481.532, "Actual Rows": 2000000, "Actual Loops": 1, "Hash Buckets": 2097152, "Hash Batches": 1, "Original Hash Batches": 1, "Peak Memory Usage": 126040, "Plans": [{"Node Type": "Seq Scan", "Parent Relationship": "Outer", "Relation Name": "part", "Alias": "part", "Startup Cost": 0.0, "Total Cost": 61944.0, "Plan Rows": 2000000, "Plan Width": 29, "Actual Startup Time": 0.032, "Actual Total Time": 731.552, "Actual Rows": 2000000, "Actual Loops": 1}]}]}]}, "Triggers": [], "Planner Runtime": 0, "Total Runtime": 4204.175, "Unique SQL Id": 379939634}}, "(16, 101)": {"explain_plan": {"Plan": {"Node Type": "Aggregate", "Strategy": "Plain", "Startup Cost": 1383300.54, "Total Cost": 1383300.55, "Plan Rows": 1, "Plan Width": 53, "Plans": [{"Node Type": "Hash Join", "Parent Relationship": "Outer", "Join Type": "Inner", "Startup Cost": 150746.51, "Total Cost": 1370702.23, "Plan Rows": 719903, "Plan Width": 37, "Inner Unique": true, "Hash Cond": "(lineitem.l_partkey = part.p_partkey), (LLVM Optimized)", "Plans": [{"Node Type": "Bitmap Heap Scan", "Parent Relationship": "Outer", "Relation Name": "lineitem", "Alias": "lineitem", "Startup Cost": 24943.26, "Total Cost": 1235000.32, "Plan Rows": 719903, "Plan Width": 24, "Recheck Cond": "((l_shipdate >= '1996-12-01 00:00:00'::timestamp(0) without time zone) AND (l_shipdate < '1997-01-01 00:00:00'::timestamp without time zone)), (LLVM Optimized)", "Plans": [{"Node Type": "Bitmap Index Scan", "Parent Relationship": "Outer", "Index Name": "idx_lineitem_shipdate", "Startup Cost": 0.0, "Total Cost": 24763.28, "Plan Rows": 719903, "Plan Width": 0, "Index Cond": "((l_shipdate >= '1996-12-01 00:00:00'::timestamp(0) without time zone) AND (l_shipdate < '1997-01-01 00:00:00'::timestamp without time zone))"}]}, {"Node Type": "Hash", "Parent Relationship": "Inner", "Startup Cost": 100803.25, "Total Cost": 100803.25, "Plan Rows": 2000000, "Plan Width": 29, "Plans": [{"Node Type": "Index Scan", "Parent Relationship": "Outer", "Scan Direction": "Forward", "Index Name": "part_kpey", "Relation Name": "part", "Alias": "part", "Startup Cost": 0.0, "Total Cost": 100803.25, "Plan Rows": 2000000, "Plan Width": 29}]}]}]}, "Unique SQL Id": 379939634, "Planner Runtime": 0}, "explain_analyze_plan": {"Plan": {"Node Type": "Aggregate", "Strategy": "Plain", "Startup Cost": 1383300.54, "Total Cost": 1383300.55, "Plan Rows": 1, "Plan Width": 53, "Actual Startup Time": 4880.395, "Actual Total Time": 4880.395, "Actual Rows": 1, "Actual Loops": 1, "Plans": [{"Node Type": "Hash Join", "Parent Relationship": "Outer", "Join Type": "Inner", "Startup Cost": 150746.51, "Total Cost": 1370702.23, "Plan Rows": 719903, "Plan Width": 37, "Actual Startup Time": 2646.128, "Actual Total Time": 4515.369, "Actual Rows": 772803, "Actual Loops": 1, "Inner Unique": true, "Hash Cond": "(lineitem.l_partkey = part.p_partkey), (LLVM Optimized, Jit Execute)", "Plans": [{"Node Type": "Bitmap Heap Scan", "Parent Relationship": "Outer", "Relation Name": "lineitem", "Alias": "lineitem", "Startup Cost": 24943.26, "Total Cost": 1235000.32, "Plan Rows": 719903, "Plan Width": 24, "Actual Startup Time": 446.087, "Actual Total Time": 1672.714, "Actual Rows": 772803, "Actual Loops": 1, "Recheck Cond": "((l_shipdate >= '1996-12-01 00:00:00'::timestamp(0) without time zone) AND (l_shipdate < '1997-01-01 00:00:00'::timestamp without time zone)), (LLVM Optimized, Jit Execute)", "Rows Removed by Index Recheck": 0, "Exact Heap Blocks": 437909, "Lossy Heap Blocks": 437909, "Plans": [{"Node Type": "Bitmap Index Scan", "Parent Relationship": "Outer", "Index Name": "idx_lineitem_shipdate", "Startup Cost": 0.0, "Total Cost": 24763.28, "Plan Rows": 719903, "Plan Width": 0, "Actual Startup Time": 281.285, "Actual Total Time": 281.285, "Actual Rows": 772803, "Actual Loops": 1, "Index Cond": "((l_shipdate >= '1996-12-01 00:00:00'::timestamp(0) without time zone) AND (l_shipdate < '1997-01-01 00:00:00'::timestamp without time zone))"}]}, {"Node Type": "Hash", "Parent Relationship": "Inner", "Startup Cost": 100803.25, "Total Cost": 100803.25, "Plan Rows": 2000000, "Plan Width": 29, "Actual Startup Time": 2198.605, "Actual Total Time": 2198.605, "Actual Rows": 2000000, "Actual Loops": 1, "Hash Buckets": 2097152, "Hash Batches": 1, "Original Hash Batches": 1, "Peak Memory Usage": 126040, "Plans": [{"Node Type": "Index Scan", "Parent Relationship": "Outer", "Scan Direction": "Forward", "Index Name": "part_kpey", "Relation Name": "part", "Alias": "part", "Startup Cost": 0.0, "Total Cost": 100803.25, "Plan Rows": 2000000, "Plan Width": 29, "Actual Startup Time": 0.054, "Actual Total Time": 1422.225, "Actual Rows": 2000000, "Actual Loops": 1}]}]}]}, "Triggers": [], "Planner Runtime": 0, "Total Runtime": 4895.379, "Unique SQL Id": 379939634}}, "(16, 102)": {"explain_plan": {"Plan": {"Node Type": "Aggregate", "Strategy": "Plain", "Startup Cost": 1344441.29, "Total Cost": 1344441.3, "Plan Rows": 1, "Plan Width": 53, "Plans": [{"Node Type": "Hash Join", "Parent Relationship": "Outer", "Join Type": "Inner", "Startup Cost": 111887.26, "Total Cost": 1331842.98, "Plan Rows": 719903, "Plan Width": 37, "Inner Unique": true, "Hash Cond": "(lineitem.l_partkey = part.p_partkey), (LLVM Optimized)", "Plans": [{"Node Type": "Bitmap Heap Scan", "Parent Relationship": "Outer", "Relation Name": "lineitem", "Alias": "lineitem", "Startup Cost": 24943.26, "Total Cost": 1235000.32, "Plan Rows": 719903, "Plan Width": 24, "Recheck Cond": "((l_shipdate >= '1996-12-01 00:00:00'::timestamp(0) without time zone) AND (l_shipdate < '1997-01-01 00:00:00'::timestamp without time zone)), (LLVM Optimized)", "Plans": [{"Node Type": "Bitmap Index Scan", "Parent Relationship": "Outer", "Index Name": "idx_lineitem_shipdate", "Startup Cost": 0.0, "Total Cost": 24763.28, "Plan Rows": 719903, "Plan Width": 0, "Index Cond": "((l_shipdate >= '1996-12-01 00:00:00'::timestamp(0) without time zone) AND (l_shipdate < '1997-01-01 00:00:00'::timestamp without time zone))"}]}, {"Node Type": "Hash", "Parent Relationship": "Inner", "Startup Cost": 61944.0, "Total Cost": 61944.0, "Plan Rows": 2000000, "Plan Width": 29, "Plans": [{"Node Type": "Seq Scan", "Parent Relationship": "Outer", "Relation Name": "part", "Alias": "part", "Startup Cost": 0.0, "Total Cost": 61944.0, "Plan Rows": 2000000, "Plan Width": 29}]}]}]}, "Unique SQL Id": 379939634, "Planner Runtime": 0}, "explain_analyze_plan": {"Plan": {"Node Type": "Aggregate", "Strategy": "Plain", "Startup Cost": 1344441.29, "Total Cost": 1344441.3, "Plan Rows": 1, "Plan Width": 53, "Actual Startup Time": 4189.373, "Actual Total Time": 4189.374, "Actual Rows": 1, "Actual Loops": 1, "Plans": [{"Node Type": "Hash Join", "Parent Relationship": "Outer", "Join Type": "Inner", "Startup Cost": 111887.26, "Total Cost": 1331842.98, "Plan Rows": 719903, "Plan Width": 37, "Actual Startup Time": 1934.822, "Actual Total Time": 3823.274, "Actual Rows": 772803, "Actual Loops": 1, "Inner Unique": true, "Hash Cond": "(lineitem.l_partkey = part.p_partkey), (LLVM Optimized, Jit Execute)", "Plans": [{"Node Type": "Bitmap Heap Scan", "Parent Relationship": "Outer", "Relation Name": "lineitem", "Alias": "lineitem", "Startup Cost": 24943.26, "Total Cost": 1235000.32, "Plan Rows": 719903, "Plan Width": 24, "Actual Startup Time": 451.89, "Actual Total Time": 1765.327, "Actual Rows": 772803, "Actual Loops": 1, "Recheck Cond": "((l_shipdate >= '1996-12-01 00:00:00'::timestamp(0) without time zone) AND (l_shipdate < '1997-01-01 00:00:00'::timestamp without time zone)), (LLVM Optimized, Jit Execute)", "Rows Removed by Index Recheck": 0, "Exact Heap Blocks": 437909, "Lossy Heap Blocks": 437909, "Plans": [{"Node Type": "Bitmap Index Scan", "Parent Relationship": "Outer", "Index Name": "idx_lineitem_shipdate", "Startup Cost": 0.0, "Total Cost": 24763.28, "Plan Rows": 719903, "Plan Width": 0, "Actual Startup Time": 284.633, "Actual Total Time": 284.633, "Actual Rows": 772803, "Actual Loops": 1, "Index Cond": "((l_shipdate >= '1996-12-01 00:00:00'::timestamp(0) without time zone) AND (l_shipdate < '1997-01-01 00:00:00'::timestamp without time zone))"}]}, {"Node Type": "Hash", "Parent Relationship": "Inner", "Startup Cost": 61944.0, "Total Cost": 61944.0, "Plan Rows": 2000000, "Plan Width": 29, "Actual Startup Time": 1481.532, "Actual Total Time": 1481.532, "Actual Rows": 2000000, "Actual Loops": 1, "Hash Buckets": 2097152, "Hash Batches": 1, "Original Hash Batches": 1, "Peak Memory Usage": 126040, "Plans": [{"Node Type": "Seq Scan", "Parent Relationship": "Outer", "Relation Name": "part", "Alias": "part", "Startup Cost": 0.0, "Total Cost": 61944.0, "Plan Rows": 2000000, "Plan Width": 29, "Actual Startup Time": 0.032, "Actual Total Time": 731.552, "Actual Rows": 2000000, "Actual Loops": 1}]}]}]}, "Triggers": [], "Planner Runtime": 0, "Total Runtime": 4204.175, "Unique SQL Id": 379939634}}, "(16, 103)": {"explain_plan": {"Plan": {"Node Type": "Aggregate", "Strategy": "Plain", "Startup Cost": 4357819.44, "Total Cost": 4357819.45, "Plan Rows": 1, "Plan Width": 53, "Plans": [{"Node Type": "Nested Loop", "Parent Relationship": "Outer", "Join Type": "Inner", "Startup Cost": 24943.55, "Total Cost": 4345221.13, "Plan Rows": 719903, "Plan Width": 37, "Inner Unique": true, "Plans": [{"Node Type": "Bitmap Heap Scan", "Parent Relationship": "Outer", "Relation Name": "lineitem", "Alias": "lineitem", "Startup Cost": 24943.26, "Total Cost": 1235000.32, "Plan Rows": 719903, "Plan Width": 24, "Recheck Cond": "((l_shipdate >= '1996-12-01 00:00:00'::timestamp(0) without time zone) AND (l_shipdate < '1997-01-01 00:00:00'::timestamp without time zone)), (LLVM Optimized)", "Plans": [{"Node Type": "Bitmap Index Scan", "Parent Relationship": "Outer", "Index Name": "idx_lineitem_shipdate", "Startup Cost": 0.0, "Total Cost": 24763.28, "Plan Rows": 719903, "Plan Width": 0, "Index Cond": "((l_shipdate >= '1996-12-01 00:00:00'::timestamp(0) without time zone) AND (l_shipdate < '1997-01-01 00:00:00'::timestamp without time zone))"}]}, {"Node Type": "Bitmap Heap Scan", "Parent Relationship": "Inner", "Relation Name": "part", "Alias": "part", "Startup Cost": 0.3, "Total Cost": 4.31, "Plan Rows": 1, "Plan Width": 29, "Recheck Cond": "(p_partkey = lineitem.l_partkey)", "Plans": [{"Node Type": "Bitmap Index Scan", "Parent Relationship": "Outer", "Index Name": "part_kpey", "Startup Cost": 0.0, "Total Cost": 0.3, "Plan Rows": 1, "Plan Width": 0, "Index Cond": "(p_partkey = lineitem.l_partkey)"}]}]}]}, "Unique SQL Id": 379939634, "Planner Runtime": 0}, "explain_analyze_plan": {"Plan": {"Node Type": "Aggregate", "Strategy": "Plain", "Startup Cost": 4357819.44, "Total Cost": 4357819.45, "Plan Rows": 1, "Plan Width": 53, "Actual Startup Time": 8616.5, "Actual Total Time": 8616.5, "Actual Rows": 1, "Actual Loops": 1, "Plans": [{"Node Type": "Nested Loop", "Parent Relationship": "Outer", "Join Type": "Inner", "Startup Cost": 24943.55, "Total Cost": 4345221.13, "Plan Rows": 719903, "Plan Width": 37, "Actual Startup Time": 451.969, "Actual Total Time": 8100.257, "Actual Rows": 772803, "Actual Loops": 1, "Inner Unique": true, "Plans": [{"Node Type": "Bitmap Heap Scan", "Parent Relationship": "Outer", "Relation Name": "lineitem", "Alias": "lineitem", "Startup Cost": 24943.26, "Total Cost": 1235000.32, "Plan Rows": 719903, "Plan Width": 24, "Actual Startup Time": 451.841, "Actual Total Time": 1732.82, "Actual Rows": 772803, "Actual Loops": 1, "Recheck Cond": "((l_shipdate >= '1996-12-01 00:00:00'::timestamp(0) without time zone) AND (l_shipdate < '1997-01-01 00:00:00'::timestamp without time zone)), (LLVM Optimized, Jit Execute)", "Rows Removed by Index Recheck": 0, "Exact Heap Blocks": 437909, "Lossy Heap Blocks": 437909, "Plans": [{"Node Type": "Bitmap Index Scan", "Parent Relationship": "Outer", "Index Name": "idx_lineitem_shipdate", "Startup Cost": 0.0, "Total Cost": 24763.28, "Plan Rows": 719903, "Plan Width": 0, "Actual Startup Time": 282.36, "Actual Total Time": 282.36, "Actual Rows": 772803, "Actual Loops": 1, "Index Cond": "((l_shipdate >= '1996-12-01 00:00:00'::timestamp(0) without time zone) AND (l_shipdate < '1997-01-01 00:00:00'::timestamp without time zone))"}]}, {"Node Type": "Bitmap Heap Scan", "Parent Relationship": "Inner", "Relation Name": "part", "Alias": "part", "Startup Cost": 0.3, "Total Cost": 4.31, "Plan Rows": 1, "Plan Width": 29, "Actual Startup Time": 5308.407, "Actual Total Time": 5308.407, "Actual Rows": 772803, "Actual Loops": 772803, "Recheck Cond": "(p_partkey = lineitem.l_partkey)", "Rows Removed by Index Recheck": 0, "Exact Heap Blocks": 772803, "Lossy Heap Blocks": 772803, "Plans": [{"Node Type": "Bitmap Index Scan", "Parent Relationship": "Outer", "Index Name": "part_kpey", "Startup Cost": 0.0, "Total Cost": 0.3, "Plan Rows": 1, "Plan Width": 0, "Actual Startup Time": 3239.468, "Actual Total Time": 3239.468, "Actual Rows": 772803, "Actual Loops": 772803, "Index Cond": "(p_partkey = lineitem.l_partkey)"}]}]}]}, "Triggers": [], "Planner Runtime": 0, "Total Runtime": 8628.033, "Unique SQL Id": 379939634}}, "(16, 104)": {"explain_plan": {"Plan": {"Node Type": "Aggregate", "Strategy": "Plain", "Startup Cost": 2437127.27, "Total Cost": 2437127.29, "Plan Rows": 1, "Plan Width": 53, "Plans": [{"Node Type": "Hash Join", "Parent Relationship": "Outer", "Join Type": "Inner", "Startup Cost": 86944.0, "Total Cost": 2424528.97, "Plan Rows": 719903, "Plan Width": 37, "Inner Unique": true, "Hash Cond": "(lineitem.l_partkey = part.p_partkey), (LLVM Optimized)", "Plans": [{"Node Type": "Index Scan", "Parent Relationship": "Outer", "Scan Direction": "Forward", "Index Name": "idx_lineitem_shipdate", "Relation Name": "lineitem", "Alias": "lineitem", "Startup Cost": 0.0, "Total Cost": 2327686.3, "Plan Rows": 719903, "Plan Width": 24, "Index Cond": "((l_shipdate >= '1996-12-01 00:00:00'::timestamp(0) without time zone) AND (l_shipdate < '1997-01-01 00:00:00'::timestamp without time zone)), (LLVM Optimized)"}, {"Node Type": "Hash", "Parent Relationship": "Inner", "Startup Cost": 61944.0, "Total Cost": 61944.0, "Plan Rows": 2000000, "Plan Width": 29, "Plans": [{"Node Type": "Seq Scan", "Parent Relationship": "Outer", "Relation Name": "part", "Alias": "part", "Startup Cost": 0.0, "Total Cost": 61944.0, "Plan Rows": 2000000, "Plan Width": 29}]}]}]}, "Unique SQL Id": 379939634, "Planner Runtime": 0}, "explain_analyze_plan": {"Plan": {"Node Type": "Aggregate", "Strategy": "Plain", "Startup Cost": 2437127.27, "Total Cost": 2437127.29, "Plan Rows": 1, "Plan Width": 53, "Actual Startup Time": 4525.793, "Actual Total Time": 4525.793, "Actual Rows": 1, "Actual Loops": 1, "Plans": [{"Node Type": "Hash Join", "Parent Relationship": "Outer", "Join Type": "Inner", "Startup Cost": 86944.0, "Total Cost": 2424528.97, "Plan Rows": 719903, "Plan Width": 37, "Actual Startup Time": 1494.321, "Actual Total Time": 4138.797, "Actual Rows": 772803, "Actual Loops": 1, "Inner Unique": true, "Hash Cond": "(lineitem.l_partkey = part.p_partkey), (LLVM Optimized, Jit Execute)", "Plans": [{"Node Type": "Index Scan", "Parent Relationship": "Outer", "Scan Direction": "Forward", "Index Name": "idx_lineitem_shipdate", "Relation Name": "lineitem", "Alias": "lineitem", "Startup Cost": 0.0, "Total Cost": 2327686.3, "Plan Rows": 719903, "Plan Width": 24, "Actual Startup Time": 0.03, "Actual Total Time": 1959.535, "Actual Rows": 772803, "Actual Loops": 1, "Index Cond": "((l_shipdate >= '1996-12-01 00:00:00'::timestamp(0) without time zone) AND (l_shipdate < '1997-01-01 00:00:00'::timestamp without time zone)), (LLVM Optimized, Jit Execute)", "Rows Removed by Index Recheck": 0}, {"Node Type": "Hash", "Parent Relationship": "Inner", "Startup Cost": 61944.0, "Total Cost": 61944.0, "Plan Rows": 2000000, "Plan Width": 29, "Actual Startup Time": 1492.995, "Actual Total Time": 1492.995, "Actual Rows": 2000000, "Actual Loops": 1, "Hash Buckets": 2097152, "Hash Batches": 1, "Original Hash Batches": 1, "Peak Memory Usage": 126040, "Plans": [{"Node Type": "Seq Scan", "Parent Relationship": "Outer", "Relation Name": "part", "Alias": "part", "Startup Cost": 0.0, "Total Cost": 61944.0, "Plan Rows": 2000000, "Plan Width": 29, "Actual Startup Time": 0.021, "Actual Total Time": 722.812, "Actual Rows": 2000000, "Actual Loops": 1}]}]}]}, "Triggers": [], "Planner Runtime": 0, "Total Runtime": 4540.025, "Unique SQL Id": 379939634}}, "(16, 105)": {"explain_plan": {"Plan": {"Node Type": "Aggregate", "Strategy": "Plain", "Startup Cost": 2475986.52, "Total Cost": 2475986.54, "Plan Rows": 1, "Plan Width": 53, "Plans": [{"Node Type": "Hash Join", "Parent Relationship": "Outer", "Join Type": "Inner", "Startup Cost": 125803.25, "Total Cost": 2463388.22, "Plan Rows": 719903, "Plan Width": 37, "Inner Unique": true, "Hash Cond": "(lineitem.l_partkey = part.p_partkey), (LLVM Optimized)", "Plans": [{"Node Type": "Index Scan", "Parent Relationship": "Outer", "Scan Direction": "Forward", "Index Name": "idx_lineitem_shipdate", "Relation Name": "lineitem", "Alias": "lineitem", "Startup Cost": 0.0, "Total Cost": 2327686.3, "Plan Rows": 719903, "Plan Width": 24, "Index Cond": "((l_shipdate >= '1996-12-01 00:00:00'::timestamp(0) without time zone) AND (l_shipdate < '1997-01-01 00:00:00'::timestamp without time zone)), (LLVM Optimized)"}, {"Node Type": "Hash", "Parent Relationship": "Inner", "Startup Cost": 100803.25, "Total Cost": 100803.25, "Plan Rows": 2000000, "Plan Width": 29, "Plans": [{"Node Type": "Index Scan", "Parent Relationship": "Outer", "Scan Direction": "Forward", "Index Name": "part_kpey", "Relation Name": "part", "Alias": "part", "Startup Cost": 0.0, "Total Cost": 100803.25, "Plan Rows": 2000000, "Plan Width": 29}]}]}]}, "Unique SQL Id": 379939634, "Planner Runtime": 0}, "explain_analyze_plan": {"Plan": {"Node Type": "Aggregate", "Strategy": "Plain", "Startup Cost": 2475986.52, "Total Cost": 2475986.54, "Plan Rows": 1, "Plan Width": 53, "Actual Startup Time": 5005.785, "Actual Total Time": 5005.785, "Actual Rows": 1, "Actual Loops": 1, "Plans": [{"Node Type": "Hash Join", "Parent Relationship": "Outer", "Join Type": "Inner", "Startup Cost": 125803.25, "Total Cost": 2463388.22, "Plan Rows": 719903, "Plan Width": 37, "Actual Startup Time": 2118.049, "Actual Total Time": 4619.544, "Actual Rows": 772803, "Actual Loops": 1, "Inner Unique": true, "Hash Cond": "(lineitem.l_partkey = part.p_partkey), (LLVM Optimized, Jit Execute)", "Plans": [{"Node Type": "Index Scan", "Parent Relationship": "Outer", "Scan Direction": "Forward", "Index Name": "idx_lineitem_shipdate", "Relation Name": "lineitem", "Alias": "lineitem", "Startup Cost": 0.0, "Total Cost": 2327686.3, "Plan Rows": 719903, "Plan Width": 24, "Actual Startup Time": 0.032, "Actual Total Time": 1896.213, "Actual Rows": 772803, "Actual Loops": 1, "Index Cond": "((l_shipdate >= '1996-12-01 00:00:00'::timestamp(0) without time zone) AND (l_shipdate < '1997-01-01 00:00:00'::timestamp without time zone)), (LLVM Optimized, Jit Execute)", "Rows Removed by Index Recheck": 0}, {"Node Type": "Hash", "Parent Relationship": "Inner", "Startup Cost": 100803.25, "Total Cost": 100803.25, "Plan Rows": 2000000, "Plan Width": 29, "Actual Startup Time": 2116.749, "Actual Total Time": 2116.749, "Actual Rows": 2000000, "Actual Loops": 1, "Hash Buckets": 2097152, "Hash Batches": 1, "Original Hash Batches": 1, "Peak Memory Usage": 126040, "Plans": [{"Node Type": "Index Scan", "Parent Relationship": "Outer", "Scan Direction": "Forward", "Index Name": "part_kpey", "Relation Name": "part", "Alias": "part", "Startup Cost": 0.0, "Total Cost": 100803.25, "Plan Rows": 2000000, "Plan Width": 29, "Actual Startup Time": 0.024, "Actual Total Time": 1436.987, "Actual Rows": 2000000, "Actual Loops": 1}]}]}]}, "Triggers": [], "Planner Runtime": 0, "Total Runtime": 5019.722, "Unique SQL Id": 379939634}}, "(16, 106)": {"explain_plan": {"Plan": {"Node Type": "Aggregate", "Strategy": "Plain", "Startup Cost": 2424491.46, "Total Cost": 2424491.48, "Plan Rows": 1, "Plan Width": 53, "Plans": [{"Node Type": "Hash Join", "Parent Relationship": "Outer", "Join Type": "Inner", "Startup Cost": 86988.5, "Total Cost": 2411893.16, "Plan Rows": 719903, "Plan Width": 37, "Inner Unique": true, "Hash Cond": "(lineitem.l_partkey = part.p_partkey), (LLVM Optimized)", "Plans": [{"Node Type": "Seq Scan", "Parent Relationship": "Outer", "Relation Name": "lineitem", "Alias": "lineitem", "Startup Cost": 44.5, "Total Cost": 2315050.5, "Plan Rows": 719903, "Plan Width": 24, "Filter": "((l_shipdate >= '1996-12-01 00:00:00'::timestamp(0) without time zone) AND (l_shipdate < '1997-01-01 00:00:00'::timestamp without time zone)), (LLVM Optimized)"}, {"Node Type": "Hash", "Parent Relationship": "Inner", "Startup Cost": 61944.0, "Total Cost": 61944.0, "Plan Rows": 2000000, "Plan Width": 29, "Plans": [{"Node Type": "Seq Scan", "Parent Relationship": "Outer", "Relation Name": "part", "Alias": "part", "Startup Cost": 0.0, "Total Cost": 61944.0, "Plan Rows": 2000000, "Plan Width": 29}]}]}]}, "Unique SQL Id": 379939634, "Planner Runtime": 0}, "explain_analyze_plan": null}, "(16, 107)": {"explain_plan": {"Plan": {"Node Type": "Aggregate", "Strategy": "Plain", "Startup Cost": 2000815512658.11, "Total Cost": 2000815512658.13, "Plan Rows": 1, "Plan Width": 53, "Plans": [{"Node Type": "Hash Join", "Parent Relationship": "Outer", "Join Type": "Inner", "Startup Cost": 1010010105325.0, "Total Cost": 2000815500059.81, "Plan Rows": 719903, "Plan Width": 37, "Inner Unique": true, "Hash Cond": "(lineitem.l_partkey = part.p_partkey), (LLVM Optimized)", "Plans": [{"Node Type": "Index Scan", "Parent Relationship": "Outer", "Scan Direction": "Forward", "Index Name": "idx_lineitem_part_supp", "Relation Name": "lineitem", "Alias": "lineitem", "Startup Cost": 10000000000.0, "Total Cost": 1000805384836.14, "Plan Rows": 719903, "Plan Width": 24, "Filter": "((l_shipdate >= '1996-12-01 00:00:00'::timestamp(0) without time zone) AND (l_shipdate < '1997-01-01 00:00:00'::timestamp without time zone)), (LLVM Optimized)"}, {"Node Type": "Hash", "Parent Relationship": "Inner", "Startup Cost": 1000010080325.0, "Total Cost": 1000010080325.0, "Plan Rows": 2000000, "Plan Width": 29, "Plans": [{"Node Type": "Index Scan", "Parent Relationship": "Outer", "Scan Direction": "Forward", "Index Name": "part_kpey", "Relation Name": "part", "Alias": "part", "Startup Cost": 10000000000.0, "Total Cost": 1000010080325.0, "Plan Rows": 2000000, "Plan Width": 29}]}]}]}, "Unique SQL Id": 379939634, "Planner Runtime": 0}, "explain_analyze_plan": null}, "(16, 108)": {"explain_plan": {"Plan": {"Node Type": "Aggregate", "Strategy": "Plain", "Startup Cost": 2437127.27, "Total Cost": 2437127.29, "Plan Rows": 1, "Plan Width": 53, "Plans": [{"Node Type": "Hash Join", "Parent Relationship": "Outer", "Join Type": "Inner", "Startup Cost": 86944.0, "Total Cost": 2424528.97, "Plan Rows": 719903, "Plan Width": 37, "Inner Unique": true, "Hash Cond": "(lineitem.l_partkey = part.p_partkey), (LLVM Optimized)", "Plans": [{"Node Type": "Index Scan", "Parent Relationship": "Outer", "Scan Direction": "Forward", "Index Name": "idx_lineitem_shipdate", "Relation Name": "lineitem", "Alias": "lineitem", "Startup Cost": 0.0, "Total Cost": 2327686.3, "Plan Rows": 719903, "Plan Width": 24, "Index Cond": "((l_shipdate >= '1996-12-01 00:00:00'::timestamp(0) without time zone) AND (l_shipdate < '1997-01-01 00:00:00'::timestamp without time zone)), (LLVM Optimized)"}, {"Node Type": "Hash", "Parent Relationship": "Inner", "Startup Cost": 61944.0, "Total Cost": 61944.0, "Plan Rows": 2000000, "Plan Width": 29, "Plans": [{"Node Type": "Seq Scan", "Parent Relationship": "Outer", "Relation Name": "part", "Alias": "part", "Startup Cost": 0.0, "Total Cost": 61944.0, "Plan Rows": 2000000, "Plan Width": 29}]}]}]}, "Unique SQL Id": 379939634, "Planner Runtime": 0}, "explain_analyze_plan": {"Plan": {"Node Type": "Aggregate", "Strategy": "Plain", "Startup Cost": 2437127.27, "Total Cost": 2437127.29, "Plan Rows": 1, "Plan Width": 53, "Actual Startup Time": 4525.793, "Actual Total Time": 4525.793, "Actual Rows": 1, "Actual Loops": 1, "Plans": [{"Node Type": "Hash Join", "Parent Relationship": "Outer", "Join Type": "Inner", "Startup Cost": 86944.0, "Total Cost": 2424528.97, "Plan Rows": 719903, "Plan Width": 37, "Actual Startup Time": 1494.321, "Actual Total Time": 4138.797, "Actual Rows": 772803, "Actual Loops": 1, "Inner Unique": true, "Hash Cond": "(lineitem.l_partkey = part.p_partkey), (LLVM Optimized, Jit Execute)", "Plans": [{"Node Type": "Index Scan", "Parent Relationship": "Outer", "Scan Direction": "Forward", "Index Name": "idx_lineitem_shipdate", "Relation Name": "lineitem", "Alias": "lineitem", "Startup Cost": 0.0, "Total Cost": 2327686.3, "Plan Rows": 719903, "Plan Width": 24, "Actual Startup Time": 0.03, "Actual Total Time": 1959.535, "Actual Rows": 772803, "Actual Loops": 1, "Index Cond": "((l_shipdate >= '1996-12-01 00:00:00'::timestamp(0) without time zone) AND (l_shipdate < '1997-01-01 00:00:00'::timestamp without time zone)), (LLVM Optimized, Jit Execute)", "Rows Removed by Index Recheck": 0}, {"Node Type": "Hash", "Parent Relationship": "Inner", "Startup Cost": 61944.0, "Total Cost": 61944.0, "Plan Rows": 2000000, "Plan Width": 29, "Actual Startup Time": 1492.995, "Actual Total Time": 1492.995, "Actual Rows": 2000000, "Actual Loops": 1, "Hash Buckets": 2097152, "Hash Batches": 1, "Original Hash Batches": 1, "Peak Memory Usage": 126040, "Plans": [{"Node Type": "Seq Scan", "Parent Relationship": "Outer", "Relation Name": "part", "Alias": "part", "Startup Cost": 0.0, "Total Cost": 61944.0, "Plan Rows": 2000000, "Plan Width": 29, "Actual Startup Time": 0.021, "Actual Total Time": 722.812, "Actual Rows": 2000000, "Actual Loops": 1}]}]}]}, "Triggers": [], "Planner Runtime": 0, "Total Runtime": 4540.025, "Unique SQL Id": 379939634}}, "(16, 109)": {"explain_plan": {"Plan": {"Node Type": "Aggregate", "Strategy": "Plain", "Startup Cost": 2475986.52, "Total Cost": 2475986.54, "Plan Rows": 1, "Plan Width": 53, "Plans": [{"Node Type": "Hash Join", "Parent Relationship": "Outer", "Join Type": "Inner", "Startup Cost": 125803.25, "Total Cost": 2463388.22, "Plan Rows": 719903, "Plan Width": 37, "Inner Unique": true, "Hash Cond": "(lineitem.l_partkey = part.p_partkey), (LLVM Optimized)", "Plans": [{"Node Type": "Index Scan", "Parent Relationship": "Outer", "Scan Direction": "Forward", "Index Name": "idx_lineitem_shipdate", "Relation Name": "lineitem", "Alias": "lineitem", "Startup Cost": 0.0, "Total Cost": 2327686.3, "Plan Rows": 719903, "Plan Width": 24, "Index Cond": "((l_shipdate >= '1996-12-01 00:00:00'::timestamp(0) without time zone) AND (l_shipdate < '1997-01-01 00:00:00'::timestamp without time zone)), (LLVM Optimized)"}, {"Node Type": "Hash", "Parent Relationship": "Inner", "Startup Cost": 100803.25, "Total Cost": 100803.25, "Plan Rows": 2000000, "Plan Width": 29, "Plans": [{"Node Type": "Index Scan", "Parent Relationship": "Outer", "Scan Direction": "Forward", "Index Name": "part_kpey", "Relation Name": "part", "Alias": "part", "Startup Cost": 0.0, "Total Cost": 100803.25, "Plan Rows": 2000000, "Plan Width": 29}]}]}]}, "Unique SQL Id": 379939634, "Planner Runtime": 0}, "explain_analyze_plan": {"Plan": {"Node Type": "Aggregate", "Strategy": "Plain", "Startup Cost": 2475986.52, "Total Cost": 2475986.54, "Plan Rows": 1, "Plan Width": 53, "Actual Startup Time": 5005.785, "Actual Total Time": 5005.785, "Actual Rows": 1, "Actual Loops": 1, "Plans": [{"Node Type": "Hash Join", "Parent Relationship": "Outer", "Join Type": "Inner", "Startup Cost": 125803.25, "Total Cost": 2463388.22, "Plan Rows": 719903, "Plan Width": 37, "Actual Startup Time": 2118.049, "Actual Total Time": 4619.544, "Actual Rows": 772803, "Actual Loops": 1, "Inner Unique": true, "Hash Cond": "(lineitem.l_partkey = part.p_partkey), (LLVM Optimized, Jit Execute)", "Plans": [{"Node Type": "Index Scan", "Parent Relationship": "Outer", "Scan Direction": "Forward", "Index Name": "idx_lineitem_shipdate", "Relation Name": "lineitem", "Alias": "lineitem", "Startup Cost": 0.0, "Total Cost": 2327686.3, "Plan Rows": 719903, "Plan Width": 24, "Actual Startup Time": 0.032, "Actual Total Time": 1896.213, "Actual Rows": 772803, "Actual Loops": 1, "Index Cond": "((l_shipdate >= '1996-12-01 00:00:00'::timestamp(0) without time zone) AND (l_shipdate < '1997-01-01 00:00:00'::timestamp without time zone)), (LLVM Optimized, Jit Execute)", "Rows Removed by Index Recheck": 0}, {"Node Type": "Hash", "Parent Relationship": "Inner", "Startup Cost": 100803.25, "Total Cost": 100803.25, "Plan Rows": 2000000, "Plan Width": 29, "Actual Startup Time": 2116.749, "Actual Total Time": 2116.749, "Actual Rows": 2000000, "Actual Loops": 1, "Hash Buckets": 2097152, "Hash Batches": 1, "Original Hash Batches": 1, "Peak Memory Usage": 126040, "Plans": [{"Node Type": "Index Scan", "Parent Relationship": "Outer", "Scan Direction": "Forward", "Index Name": "part_kpey", "Relation Name": "part", "Alias": "part", "Startup Cost": 0.0, "Total Cost": 100803.25, "Plan Rows": 2000000, "Plan Width": 29, "Actual Startup Time": 0.024, "Actual Total Time": 1436.987, "Actual Rows": 2000000, "Actual Loops": 1}]}]}]}, "Triggers": [], "Planner Runtime": 0, "Total Runtime": 5019.722, "Unique SQL Id": 379939634}}, "(16, 110)": {"explain_plan": {"Plan": {"Node Type": "Aggregate", "Strategy": "Plain", "Startup Cost": 2424491.46, "Total Cost": 2424491.48, "Plan Rows": 1, "Plan Width": 53, "Plans": [{"Node Type": "Hash Join", "Parent Relationship": "Outer", "Join Type": "Inner", "Startup Cost": 86988.5, "Total Cost": 2411893.16, "Plan Rows": 719903, "Plan Width": 37, "Inner Unique": true, "Hash Cond": "(lineitem.l_partkey = part.p_partkey), (LLVM Optimized)", "Plans": [{"Node Type": "Seq Scan", "Parent Relationship": "Outer", "Relation Name": "lineitem", "Alias": "lineitem", "Startup Cost": 44.5, "Total Cost": 2315050.5, "Plan Rows": 719903, "Plan Width": 24, "Filter": "((l_shipdate >= '1996-12-01 00:00:00'::timestamp(0) without time zone) AND (l_shipdate < '1997-01-01 00:00:00'::timestamp without time zone)), (LLVM Optimized)"}, {"Node Type": "Hash", "Parent Relationship": "Inner", "Startup Cost": 61944.0, "Total Cost": 61944.0, "Plan Rows": 2000000, "Plan Width": 29, "Plans": [{"Node Type": "Seq Scan", "Parent Relationship": "Outer", "Relation Name": "part", "Alias": "part", "Startup Cost": 0.0, "Total Cost": 61944.0, "Plan Rows": 2000000, "Plan Width": 29}]}]}]}, "Unique SQL Id": 379939634, "Planner Runtime": 0}, "explain_analyze_plan": null}, "(16, 111)": {"explain_plan": {"Plan": {"Node Type": "Aggregate", "Strategy": "Plain", "Startup Cost": 2000815512658.11, "Total Cost": 2000815512658.13, "Plan Rows": 1, "Plan Width": 53, "Plans": [{"Node Type": "Hash Join", "Parent Relationship": "Outer", "Join Type": "Inner", "Startup Cost": 1010010105325.0, "Total Cost": 2000815500059.81, "Plan Rows": 719903, "Plan Width": 37, "Inner Unique": true, "Hash Cond": "(lineitem.l_partkey = part.p_partkey), (LLVM Optimized)", "Plans": [{"Node Type": "Index Scan", "Parent Relationship": "Outer", "Scan Direction": "Forward", "Index Name": "idx_lineitem_part_supp", "Relation Name": "lineitem", "Alias": "lineitem", "Startup Cost": 10000000000.0, "Total Cost": 1000805384836.14, "Plan Rows": 719903, "Plan Width": 24, "Filter": "((l_shipdate >= '1996-12-01 00:00:00'::timestamp(0) without time zone) AND (l_shipdate < '1997-01-01 00:00:00'::timestamp without time zone)), (LLVM Optimized)"}, {"Node Type": "Hash", "Parent Relationship": "Inner", "Startup Cost": 1000010080325.0, "Total Cost": 1000010080325.0, "Plan Rows": 2000000, "Plan Width": 29, "Plans": [{"Node Type": "Index Scan", "Parent Relationship": "Outer", "Scan Direction": "Forward", "Index Name": "part_kpey", "Relation Name": "part", "Alias": "part", "Startup Cost": 10000000000.0, "Total Cost": 1000010080325.0, "Plan Rows": 2000000, "Plan Width": 29}]}]}]}, "Unique SQL Id": 379939634, "Planner Runtime": 0}, "explain_analyze_plan": null}, "(16, 112)": {"explain_plan": {"Plan": {"Node Type": "Aggregate", "Strategy": "Plain", "Startup Cost": 1645803.46, "Total Cost": 1645803.47, "Plan Rows": 1, "Plan Width": 53, "Plans": [{"Node Type": "Nested Loop", "Parent Relationship": "Outer", "Join Type": "Inner", "Startup Cost": 24943.26, "Total Cost": 1633205.16, "Plan Rows": 719903, "Plan Width": 37, "Inner Unique": true, "Plans": [{"Node Type": "Bitmap Heap Scan", "Parent Relationship": "Outer", "Relation Name": "lineitem", "Alias": "lineitem", "Startup Cost": 24943.26, "Total Cost": 1235000.32, "Plan Rows": 719903, "Plan Width": 24, "Recheck Cond": "((l_shipdate >= '1996-12-01 00:00:00'::timestamp(0) without time zone) AND (l_shipdate < '1997-01-01 00:00:00'::timestamp without time zone)), (LLVM Optimized)", "Plans": [{"Node Type": "Bitmap Index Scan", "Parent Relationship": "Outer", "Index Name": "idx_lineitem_shipdate", "Startup Cost": 0.0, "Total Cost": 24763.28, "Plan Rows": 719903, "Plan Width": 0, "Index Cond": "((l_shipdate >= '1996-12-01 00:00:00'::timestamp(0) without time zone) AND (l_shipdate < '1997-01-01 00:00:00'::timestamp without time zone))"}]}, {"Node Type": "Index Scan", "Parent Relationship": "Inner", "Scan Direction": "Forward", "Index Name": "part_kpey", "Relation Name": "part", "Alias": "part", "Startup Cost": 0.0, "Total Cost": 0.54, "Plan Rows": 1, "Plan Width": 29, "Index Cond": "(p_partkey = lineitem.l_partkey)"}]}]}, "Unique SQL Id": 379939634, "Planner Runtime": 0}, "explain_analyze_plan": {"Plan": {"Node Type": "Aggregate", "Strategy": "Plain", "Startup Cost": 1645803.46, "Total Cost": 1645803.47, "Plan Rows": 1, "Plan Width": 53, "Actual Startup Time": 7523.168, "Actual Total Time": 7523.168, "Actual Rows": 1, "Actual Loops": 1, "Plans": [{"Node Type": "Nested Loop", "Parent Relationship": "Outer", "Join Type": "Inner", "Startup Cost": 24943.26, "Total Cost": 1633205.16, "Plan Rows": 719903, "Plan Width": 37, "Actual Startup Time": 454.744, "Actual Total Time": 7069.066, "Actual Rows": 772803, "Actual Loops": 1, "Inner Unique": true, "Plans": [{"Node Type": "Bitmap Heap Scan", "Parent Relationship": "Outer", "Relation Name": "lineitem", "Alias": "lineitem", "Startup Cost": 24943.26, "Total Cost": 1235000.32, "Plan Rows": 719903, "Plan Width": 24, "Actual Startup Time": 454.697, "Actual Total Time": 1872.721, "Actual Rows": 772803, "Actual Loops": 1, "Recheck Cond": "((l_shipdate >= '1996-12-01 00:00:00'::timestamp(0) without time zone) AND (l_shipdate < '1997-01-01 00:00:00'::timestamp without time zone)), (LLVM Optimized, Jit Execute)", "Rows Removed by Index Recheck": 0, "Exact Heap Blocks": 437909, "Lossy Heap Blocks": 437909, "Plans": [{"Node Type": "Bitmap Index Scan", "Parent Relationship": "Outer", "Index Name": "idx_lineitem_shipdate", "Startup Cost": 0.0, "Total Cost": 24763.28, "Plan Rows": 719903, "Plan Width": 0, "Actual Startup Time": 289.074, "Actual Total Time": 289.074, "Actual Rows": 772803, "Actual Loops": 1, "Index Cond": "((l_shipdate >= '1996-12-01 00:00:00'::timestamp(0) without time zone) AND (l_shipdate < '1997-01-01 00:00:00'::timestamp without time zone))"}]}, {"Node Type": "Index Scan", "Parent Relationship": "Inner", "Scan Direction": "Forward", "Index Name": "part_kpey", "Relation Name": "part", "Alias": "part", "Startup Cost": 0.0, "Total Cost": 0.54, "Plan Rows": 1, "Plan Width": 29, "Actual Startup Time": 4558.371, "Actual Total Time": 4558.371, "Actual Rows": 772803, "Actual Loops": 772803, "Index Cond": "(p_partkey = lineitem.l_partkey)", "Rows Removed by Index Recheck": 0}]}]}, "Triggers": [], "Planner Runtime": 0, "Total Runtime": 7534.675, "Unique SQL Id": 379939634}}, "(16, 113)": {"explain_plan": {"Plan": {"Node Type": "Aggregate", "Strategy": "Plain", "Startup Cost": 1645803.46, "Total Cost": 1645803.47, "Plan Rows": 1, "Plan Width": 53, "Plans": [{"Node Type": "Nested Loop", "Parent Relationship": "Outer", "Join Type": "Inner", "Startup Cost": 24943.26, "Total Cost": 1633205.16, "Plan Rows": 719903, "Plan Width": 37, "Inner Unique": true, "Plans": [{"Node Type": "Bitmap Heap Scan", "Parent Relationship": "Outer", "Relation Name": "lineitem", "Alias": "lineitem", "Startup Cost": 24943.26, "Total Cost": 1235000.32, "Plan Rows": 719903, "Plan Width": 24, "Recheck Cond": "((l_shipdate >= '1996-12-01 00:00:00'::timestamp(0) without time zone) AND (l_shipdate < '1997-01-01 00:00:00'::timestamp without time zone)), (LLVM Optimized)", "Plans": [{"Node Type": "Bitmap Index Scan", "Parent Relationship": "Outer", "Index Name": "idx_lineitem_shipdate", "Startup Cost": 0.0, "Total Cost": 24763.28, "Plan Rows": 719903, "Plan Width": 0, "Index Cond": "((l_shipdate >= '1996-12-01 00:00:00'::timestamp(0) without time zone) AND (l_shipdate < '1997-01-01 00:00:00'::timestamp without time zone))"}]}, {"Node Type": "Index Scan", "Parent Relationship": "Inner", "Scan Direction": "Forward", "Index Name": "part_kpey", "Relation Name": "part", "Alias": "part", "Startup Cost": 0.0, "Total Cost": 0.54, "Plan Rows": 1, "Plan Width": 29, "Index Cond": "(p_partkey = lineitem.l_partkey)"}]}]}, "Unique SQL Id": 379939634, "Planner Runtime": 0}, "explain_analyze_plan": {"Plan": {"Node Type": "Aggregate", "Strategy": "Plain", "Startup Cost": 1645803.46, "Total Cost": 1645803.47, "Plan Rows": 1, "Plan Width": 53, "Actual Startup Time": 7523.168, "Actual Total Time": 7523.168, "Actual Rows": 1, "Actual Loops": 1, "Plans": [{"Node Type": "Nested Loop", "Parent Relationship": "Outer", "Join Type": "Inner", "Startup Cost": 24943.26, "Total Cost": 1633205.16, "Plan Rows": 719903, "Plan Width": 37, "Actual Startup Time": 454.744, "Actual Total Time": 7069.066, "Actual Rows": 772803, "Actual Loops": 1, "Inner Unique": true, "Plans": [{"Node Type": "Bitmap Heap Scan", "Parent Relationship": "Outer", "Relation Name": "lineitem", "Alias": "lineitem", "Startup Cost": 24943.26, "Total Cost": 1235000.32, "Plan Rows": 719903, "Plan Width": 24, "Actual Startup Time": 454.697, "Actual Total Time": 1872.721, "Actual Rows": 772803, "Actual Loops": 1, "Recheck Cond": "((l_shipdate >= '1996-12-01 00:00:00'::timestamp(0) without time zone) AND (l_shipdate < '1997-01-01 00:00:00'::timestamp without time zone)), (LLVM Optimized, Jit Execute)", "Rows Removed by Index Recheck": 0, "Exact Heap Blocks": 437909, "Lossy Heap Blocks": 437909, "Plans": [{"Node Type": "Bitmap Index Scan", "Parent Relationship": "Outer", "Index Name": "idx_lineitem_shipdate", "Startup Cost": 0.0, "Total Cost": 24763.28, "Plan Rows": 719903, "Plan Width": 0, "Actual Startup Time": 289.074, "Actual Total Time": 289.074, "Actual Rows": 772803, "Actual Loops": 1, "Index Cond": "((l_shipdate >= '1996-12-01 00:00:00'::timestamp(0) without time zone) AND (l_shipdate < '1997-01-01 00:00:00'::timestamp without time zone))"}]}, {"Node Type": "Index Scan", "Parent Relationship": "Inner", "Scan Direction": "Forward", "Index Name": "part_kpey", "Relation Name": "part", "Alias": "part", "Startup Cost": 0.0, "Total Cost": 0.54, "Plan Rows": 1, "Plan Width": 29, "Actual Startup Time": 4558.371, "Actual Total Time": 4558.371, "Actual Rows": 772803, "Actual Loops": 772803, "Index Cond": "(p_partkey = lineitem.l_partkey)", "Rows Removed by Index Recheck": 0}]}]}, "Triggers": [], "Planner Runtime": 0, "Total Runtime": 7534.675, "Unique SQL Id": 379939634}}, "(16, 114)": {"explain_plan": {"Plan": {"Node Type": "Aggregate", "Strategy": "Plain", "Startup Cost": 4357819.44, "Total Cost": 4357819.45, "Plan Rows": 1, "Plan Width": 53, "Plans": [{"Node Type": "Nested Loop", "Parent Relationship": "Outer", "Join Type": "Inner", "Startup Cost": 24943.55, "Total Cost": 4345221.13, "Plan Rows": 719903, "Plan Width": 37, "Inner Unique": true, "Plans": [{"Node Type": "Bitmap Heap Scan", "Parent Relationship": "Outer", "Relation Name": "lineitem", "Alias": "lineitem", "Startup Cost": 24943.26, "Total Cost": 1235000.32, "Plan Rows": 719903, "Plan Width": 24, "Recheck Cond": "((l_shipdate >= '1996-12-01 00:00:00'::timestamp(0) without time zone) AND (l_shipdate < '1997-01-01 00:00:00'::timestamp without time zone)), (LLVM Optimized)", "Plans": [{"Node Type": "Bitmap Index Scan", "Parent Relationship": "Outer", "Index Name": "idx_lineitem_shipdate", "Startup Cost": 0.0, "Total Cost": 24763.28, "Plan Rows": 719903, "Plan Width": 0, "Index Cond": "((l_shipdate >= '1996-12-01 00:00:00'::timestamp(0) without time zone) AND (l_shipdate < '1997-01-01 00:00:00'::timestamp without time zone))"}]}, {"Node Type": "Bitmap Heap Scan", "Parent Relationship": "Inner", "Relation Name": "part", "Alias": "part", "Startup Cost": 0.3, "Total Cost": 4.31, "Plan Rows": 1, "Plan Width": 29, "Recheck Cond": "(p_partkey = lineitem.l_partkey)", "Plans": [{"Node Type": "Bitmap Index Scan", "Parent Relationship": "Outer", "Index Name": "part_kpey", "Startup Cost": 0.0, "Total Cost": 0.3, "Plan Rows": 1, "Plan Width": 0, "Index Cond": "(p_partkey = lineitem.l_partkey)"}]}]}]}, "Unique SQL Id": 379939634, "Planner Runtime": 0}, "explain_analyze_plan": {"Plan": {"Node Type": "Aggregate", "Strategy": "Plain", "Startup Cost": 4357819.44, "Total Cost": 4357819.45, "Plan Rows": 1, "Plan Width": 53, "Actual Startup Time": 8616.5, "Actual Total Time": 8616.5, "Actual Rows": 1, "Actual Loops": 1, "Plans": [{"Node Type": "Nested Loop", "Parent Relationship": "Outer", "Join Type": "Inner", "Startup Cost": 24943.55, "Total Cost": 4345221.13, "Plan Rows": 719903, "Plan Width": 37, "Actual Startup Time": 451.969, "Actual Total Time": 8100.257, "Actual Rows": 772803, "Actual Loops": 1, "Inner Unique": true, "Plans": [{"Node Type": "Bitmap Heap Scan", "Parent Relationship": "Outer", "Relation Name": "lineitem", "Alias": "lineitem", "Startup Cost": 24943.26, "Total Cost": 1235000.32, "Plan Rows": 719903, "Plan Width": 24, "Actual Startup Time": 451.841, "Actual Total Time": 1732.82, "Actual Rows": 772803, "Actual Loops": 1, "Recheck Cond": "((l_shipdate >= '1996-12-01 00:00:00'::timestamp(0) without time zone) AND (l_shipdate < '1997-01-01 00:00:00'::timestamp without time zone)), (LLVM Optimized, Jit Execute)", "Rows Removed by Index Recheck": 0, "Exact Heap Blocks": 437909, "Lossy Heap Blocks": 437909, "Plans": [{"Node Type": "Bitmap Index Scan", "Parent Relationship": "Outer", "Index Name": "idx_lineitem_shipdate", "Startup Cost": 0.0, "Total Cost": 24763.28, "Plan Rows": 719903, "Plan Width": 0, "Actual Startup Time": 282.36, "Actual Total Time": 282.36, "Actual Rows": 772803, "Actual Loops": 1, "Index Cond": "((l_shipdate >= '1996-12-01 00:00:00'::timestamp(0) without time zone) AND (l_shipdate < '1997-01-01 00:00:00'::timestamp without time zone))"}]}, {"Node Type": "Bitmap Heap Scan", "Parent Relationship": "Inner", "Relation Name": "part", "Alias": "part", "Startup Cost": 0.3, "Total Cost": 4.31, "Plan Rows": 1, "Plan Width": 29, "Actual Startup Time": 5308.407, "Actual Total Time": 5308.407, "Actual Rows": 772803, "Actual Loops": 772803, "Recheck Cond": "(p_partkey = lineitem.l_partkey)", "Rows Removed by Index Recheck": 0, "Exact Heap Blocks": 772803, "Lossy Heap Blocks": 772803, "Plans": [{"Node Type": "Bitmap Index Scan", "Parent Relationship": "Outer", "Index Name": "part_kpey", "Startup Cost": 0.0, "Total Cost": 0.3, "Plan Rows": 1, "Plan Width": 0, "Actual Startup Time": 3239.468, "Actual Total Time": 3239.468, "Actual Rows": 772803, "Actual Loops": 772803, "Index Cond": "(p_partkey = lineitem.l_partkey)"}]}]}]}, "Triggers": [], "Planner Runtime": 0, "Total Runtime": 8628.033, "Unique SQL Id": 379939634}}, "(16, 115)": {"explain_plan": {"Plan": {"Node Type": "Aggregate", "Strategy": "Plain", "Startup Cost": 4357819.44, "Total Cost": 4357819.45, "Plan Rows": 1, "Plan Width": 53, "Plans": [{"Node Type": "Nested Loop", "Parent Relationship": "Outer", "Join Type": "Inner", "Startup Cost": 24943.55, "Total Cost": 4345221.13, "Plan Rows": 719903, "Plan Width": 37, "Inner Unique": true, "Plans": [{"Node Type": "Bitmap Heap Scan", "Parent Relationship": "Outer", "Relation Name": "lineitem", "Alias": "lineitem", "Startup Cost": 24943.26, "Total Cost": 1235000.32, "Plan Rows": 719903, "Plan Width": 24, "Recheck Cond": "((l_shipdate >= '1996-12-01 00:00:00'::timestamp(0) without time zone) AND (l_shipdate < '1997-01-01 00:00:00'::timestamp without time zone)), (LLVM Optimized)", "Plans": [{"Node Type": "Bitmap Index Scan", "Parent Relationship": "Outer", "Index Name": "idx_lineitem_shipdate", "Startup Cost": 0.0, "Total Cost": 24763.28, "Plan Rows": 719903, "Plan Width": 0, "Index Cond": "((l_shipdate >= '1996-12-01 00:00:00'::timestamp(0) without time zone) AND (l_shipdate < '1997-01-01 00:00:00'::timestamp without time zone))"}]}, {"Node Type": "Bitmap Heap Scan", "Parent Relationship": "Inner", "Relation Name": "part", "Alias": "part", "Startup Cost": 0.3, "Total Cost": 4.31, "Plan Rows": 1, "Plan Width": 29, "Recheck Cond": "(p_partkey = lineitem.l_partkey)", "Plans": [{"Node Type": "Bitmap Index Scan", "Parent Relationship": "Outer", "Index Name": "part_kpey", "Startup Cost": 0.0, "Total Cost": 0.3, "Plan Rows": 1, "Plan Width": 0, "Index Cond": "(p_partkey = lineitem.l_partkey)"}]}]}]}, "Unique SQL Id": 379939634, "Planner Runtime": 0}, "explain_analyze_plan": {"Plan": {"Node Type": "Aggregate", "Strategy": "Plain", "Startup Cost": 4357819.44, "Total Cost": 4357819.45, "Plan Rows": 1, "Plan Width": 53, "Actual Startup Time": 8616.5, "Actual Total Time": 8616.5, "Actual Rows": 1, "Actual Loops": 1, "Plans": [{"Node Type": "Nested Loop", "Parent Relationship": "Outer", "Join Type": "Inner", "Startup Cost": 24943.55, "Total Cost": 4345221.13, "Plan Rows": 719903, "Plan Width": 37, "Actual Startup Time": 451.969, "Actual Total Time": 8100.257, "Actual Rows": 772803, "Actual Loops": 1, "Inner Unique": true, "Plans": [{"Node Type": "Bitmap Heap Scan", "Parent Relationship": "Outer", "Relation Name": "lineitem", "Alias": "lineitem", "Startup Cost": 24943.26, "Total Cost": 1235000.32, "Plan Rows": 719903, "Plan Width": 24, "Actual Startup Time": 451.841, "Actual Total Time": 1732.82, "Actual Rows": 772803, "Actual Loops": 1, "Recheck Cond": "((l_shipdate >= '1996-12-01 00:00:00'::timestamp(0) without time zone) AND (l_shipdate < '1997-01-01 00:00:00'::timestamp without time zone)), (LLVM Optimized, Jit Execute)", "Rows Removed by Index Recheck": 0, "Exact Heap Blocks": 437909, "Lossy Heap Blocks": 437909, "Plans": [{"Node Type": "Bitmap Index Scan", "Parent Relationship": "Outer", "Index Name": "idx_lineitem_shipdate", "Startup Cost": 0.0, "Total Cost": 24763.28, "Plan Rows": 719903, "Plan Width": 0, "Actual Startup Time": 282.36, "Actual Total Time": 282.36, "Actual Rows": 772803, "Actual Loops": 1, "Index Cond": "((l_shipdate >= '1996-12-01 00:00:00'::timestamp(0) without time zone) AND (l_shipdate < '1997-01-01 00:00:00'::timestamp without time zone))"}]}, {"Node Type": "Bitmap Heap Scan", "Parent Relationship": "Inner", "Relation Name": "part", "Alias": "part", "Startup Cost": 0.3, "Total Cost": 4.31, "Plan Rows": 1, "Plan Width": 29, "Actual Startup Time": 5308.407, "Actual Total Time": 5308.407, "Actual Rows": 772803, "Actual Loops": 772803, "Recheck Cond": "(p_partkey = lineitem.l_partkey)", "Rows Removed by Index Recheck": 0, "Exact Heap Blocks": 772803, "Lossy Heap Blocks": 772803, "Plans": [{"Node Type": "Bitmap Index Scan", "Parent Relationship": "Outer", "Index Name": "part_kpey", "Startup Cost": 0.0, "Total Cost": 0.3, "Plan Rows": 1, "Plan Width": 0, "Actual Startup Time": 3239.468, "Actual Total Time": 3239.468, "Actual Rows": 772803, "Actual Loops": 772803, "Index Cond": "(p_partkey = lineitem.l_partkey)"}]}]}]}, "Triggers": [], "Planner Runtime": 0, "Total Runtime": 8628.033, "Unique SQL Id": 379939634}}, "(16, 116)": {"explain_plan": {"Plan": {"Node Type": "Aggregate", "Strategy": "Plain", "Startup Cost": 1645803.46, "Total Cost": 1645803.47, "Plan Rows": 1, "Plan Width": 53, "Plans": [{"Node Type": "Nested Loop", "Parent Relationship": "Outer", "Join Type": "Inner", "Startup Cost": 24943.26, "Total Cost": 1633205.16, "Plan Rows": 719903, "Plan Width": 37, "Inner Unique": true, "Plans": [{"Node Type": "Bitmap Heap Scan", "Parent Relationship": "Outer", "Relation Name": "lineitem", "Alias": "lineitem", "Startup Cost": 24943.26, "Total Cost": 1235000.32, "Plan Rows": 719903, "Plan Width": 24, "Recheck Cond": "((l_shipdate >= '1996-12-01 00:00:00'::timestamp(0) without time zone) AND (l_shipdate < '1997-01-01 00:00:00'::timestamp without time zone)), (LLVM Optimized)", "Plans": [{"Node Type": "Bitmap Index Scan", "Parent Relationship": "Outer", "Index Name": "idx_lineitem_shipdate", "Startup Cost": 0.0, "Total Cost": 24763.28, "Plan Rows": 719903, "Plan Width": 0, "Index Cond": "((l_shipdate >= '1996-12-01 00:00:00'::timestamp(0) without time zone) AND (l_shipdate < '1997-01-01 00:00:00'::timestamp without time zone))"}]}, {"Node Type": "Index Scan", "Parent Relationship": "Inner", "Scan Direction": "Forward", "Index Name": "part_kpey", "Relation Name": "part", "Alias": "part", "Startup Cost": 0.0, "Total Cost": 0.54, "Plan Rows": 1, "Plan Width": 29, "Index Cond": "(p_partkey = lineitem.l_partkey)"}]}]}, "Unique SQL Id": 379939634, "Planner Runtime": 0}, "explain_analyze_plan": {"Plan": {"Node Type": "Aggregate", "Strategy": "Plain", "Startup Cost": 1645803.46, "Total Cost": 1645803.47, "Plan Rows": 1, "Plan Width": 53, "Actual Startup Time": 7523.168, "Actual Total Time": 7523.168, "Actual Rows": 1, "Actual Loops": 1, "Plans": [{"Node Type": "Nested Loop", "Parent Relationship": "Outer", "Join Type": "Inner", "Startup Cost": 24943.26, "Total Cost": 1633205.16, "Plan Rows": 719903, "Plan Width": 37, "Actual Startup Time": 454.744, "Actual Total Time": 7069.066, "Actual Rows": 772803, "Actual Loops": 1, "Inner Unique": true, "Plans": [{"Node Type": "Bitmap Heap Scan", "Parent Relationship": "Outer", "Relation Name": "lineitem", "Alias": "lineitem", "Startup Cost": 24943.26, "Total Cost": 1235000.32, "Plan Rows": 719903, "Plan Width": 24, "Actual Startup Time": 454.697, "Actual Total Time": 1872.721, "Actual Rows": 772803, "Actual Loops": 1, "Recheck Cond": "((l_shipdate >= '1996-12-01 00:00:00'::timestamp(0) without time zone) AND (l_shipdate < '1997-01-01 00:00:00'::timestamp without time zone)), (LLVM Optimized, Jit Execute)", "Rows Removed by Index Recheck": 0, "Exact Heap Blocks": 437909, "Lossy Heap Blocks": 437909, "Plans": [{"Node Type": "Bitmap Index Scan", "Parent Relationship": "Outer", "Index Name": "idx_lineitem_shipdate", "Startup Cost": 0.0, "Total Cost": 24763.28, "Plan Rows": 719903, "Plan Width": 0, "Actual Startup Time": 289.074, "Actual Total Time": 289.074, "Actual Rows": 772803, "Actual Loops": 1, "Index Cond": "((l_shipdate >= '1996-12-01 00:00:00'::timestamp(0) without time zone) AND (l_shipdate < '1997-01-01 00:00:00'::timestamp without time zone))"}]}, {"Node Type": "Index Scan", "Parent Relationship": "Inner", "Scan Direction": "Forward", "Index Name": "part_kpey", "Relation Name": "part", "Alias": "part", "Startup Cost": 0.0, "Total Cost": 0.54, "Plan Rows": 1, "Plan Width": 29, "Actual Startup Time": 4558.371, "Actual Total Time": 4558.371, "Actual Rows": 772803, "Actual Loops": 772803, "Index Cond": "(p_partkey = lineitem.l_partkey)", "Rows Removed by Index Recheck": 0}]}]}, "Triggers": [], "Planner Runtime": 0, "Total Runtime": 7534.675, "Unique SQL Id": 379939634}}, "(16, 117)": {"explain_plan": {"Plan": {"Node Type": "Aggregate", "Strategy": "Plain", "Startup Cost": 1645803.46, "Total Cost": 1645803.47, "Plan Rows": 1, "Plan Width": 53, "Plans": [{"Node Type": "Nested Loop", "Parent Relationship": "Outer", "Join Type": "Inner", "Startup Cost": 24943.26, "Total Cost": 1633205.16, "Plan Rows": 719903, "Plan Width": 37, "Inner Unique": true, "Plans": [{"Node Type": "Bitmap Heap Scan", "Parent Relationship": "Outer", "Relation Name": "lineitem", "Alias": "lineitem", "Startup Cost": 24943.26, "Total Cost": 1235000.32, "Plan Rows": 719903, "Plan Width": 24, "Recheck Cond": "((l_shipdate >= '1996-12-01 00:00:00'::timestamp(0) without time zone) AND (l_shipdate < '1997-01-01 00:00:00'::timestamp without time zone)), (LLVM Optimized)", "Plans": [{"Node Type": "Bitmap Index Scan", "Parent Relationship": "Outer", "Index Name": "idx_lineitem_shipdate", "Startup Cost": 0.0, "Total Cost": 24763.28, "Plan Rows": 719903, "Plan Width": 0, "Index Cond": "((l_shipdate >= '1996-12-01 00:00:00'::timestamp(0) without time zone) AND (l_shipdate < '1997-01-01 00:00:00'::timestamp without time zone))"}]}, {"Node Type": "Index Scan", "Parent Relationship": "Inner", "Scan Direction": "Forward", "Index Name": "part_kpey", "Relation Name": "part", "Alias": "part", "Startup Cost": 0.0, "Total Cost": 0.54, "Plan Rows": 1, "Plan Width": 29, "Index Cond": "(p_partkey = lineitem.l_partkey)"}]}]}, "Unique SQL Id": 379939634, "Planner Runtime": 0}, "explain_analyze_plan": {"Plan": {"Node Type": "Aggregate", "Strategy": "Plain", "Startup Cost": 1645803.46, "Total Cost": 1645803.47, "Plan Rows": 1, "Plan Width": 53, "Actual Startup Time": 7523.168, "Actual Total Time": 7523.168, "Actual Rows": 1, "Actual Loops": 1, "Plans": [{"Node Type": "Nested Loop", "Parent Relationship": "Outer", "Join Type": "Inner", "Startup Cost": 24943.26, "Total Cost": 1633205.16, "Plan Rows": 719903, "Plan Width": 37, "Actual Startup Time": 454.744, "Actual Total Time": 7069.066, "Actual Rows": 772803, "Actual Loops": 1, "Inner Unique": true, "Plans": [{"Node Type": "Bitmap Heap Scan", "Parent Relationship": "Outer", "Relation Name": "lineitem", "Alias": "lineitem", "Startup Cost": 24943.26, "Total Cost": 1235000.32, "Plan Rows": 719903, "Plan Width": 24, "Actual Startup Time": 454.697, "Actual Total Time": 1872.721, "Actual Rows": 772803, "Actual Loops": 1, "Recheck Cond": "((l_shipdate >= '1996-12-01 00:00:00'::timestamp(0) without time zone) AND (l_shipdate < '1997-01-01 00:00:00'::timestamp without time zone)), (LLVM Optimized, Jit Execute)", "Rows Removed by Index Recheck": 0, "Exact Heap Blocks": 437909, "Lossy Heap Blocks": 437909, "Plans": [{"Node Type": "Bitmap Index Scan", "Parent Relationship": "Outer", "Index Name": "idx_lineitem_shipdate", "Startup Cost": 0.0, "Total Cost": 24763.28, "Plan Rows": 719903, "Plan Width": 0, "Actual Startup Time": 289.074, "Actual Total Time": 289.074, "Actual Rows": 772803, "Actual Loops": 1, "Index Cond": "((l_shipdate >= '1996-12-01 00:00:00'::timestamp(0) without time zone) AND (l_shipdate < '1997-01-01 00:00:00'::timestamp without time zone))"}]}, {"Node Type": "Index Scan", "Parent Relationship": "Inner", "Scan Direction": "Forward", "Index Name": "part_kpey", "Relation Name": "part", "Alias": "part", "Startup Cost": 0.0, "Total Cost": 0.54, "Plan Rows": 1, "Plan Width": 29, "Actual Startup Time": 4558.371, "Actual Total Time": 4558.371, "Actual Rows": 772803, "Actual Loops": 772803, "Index Cond": "(p_partkey = lineitem.l_partkey)", "Rows Removed by Index Recheck": 0}]}]}, "Triggers": [], "Planner Runtime": 0, "Total Runtime": 7534.675, "Unique SQL Id": 379939634}}, "(16, 118)": {"explain_plan": {"Plan": {"Node Type": "Aggregate", "Strategy": "Plain", "Startup Cost": 4357819.44, "Total Cost": 4357819.45, "Plan Rows": 1, "Plan Width": 53, "Plans": [{"Node Type": "Nested Loop", "Parent Relationship": "Outer", "Join Type": "Inner", "Startup Cost": 24943.55, "Total Cost": 4345221.13, "Plan Rows": 719903, "Plan Width": 37, "Inner Unique": true, "Plans": [{"Node Type": "Bitmap Heap Scan", "Parent Relationship": "Outer", "Relation Name": "lineitem", "Alias": "lineitem", "Startup Cost": 24943.26, "Total Cost": 1235000.32, "Plan Rows": 719903, "Plan Width": 24, "Recheck Cond": "((l_shipdate >= '1996-12-01 00:00:00'::timestamp(0) without time zone) AND (l_shipdate < '1997-01-01 00:00:00'::timestamp without time zone)), (LLVM Optimized)", "Plans": [{"Node Type": "Bitmap Index Scan", "Parent Relationship": "Outer", "Index Name": "idx_lineitem_shipdate", "Startup Cost": 0.0, "Total Cost": 24763.28, "Plan Rows": 719903, "Plan Width": 0, "Index Cond": "((l_shipdate >= '1996-12-01 00:00:00'::timestamp(0) without time zone) AND (l_shipdate < '1997-01-01 00:00:00'::timestamp without time zone))"}]}, {"Node Type": "Bitmap Heap Scan", "Parent Relationship": "Inner", "Relation Name": "part", "Alias": "part", "Startup Cost": 0.3, "Total Cost": 4.31, "Plan Rows": 1, "Plan Width": 29, "Recheck Cond": "(p_partkey = lineitem.l_partkey)", "Plans": [{"Node Type": "Bitmap Index Scan", "Parent Relationship": "Outer", "Index Name": "part_kpey", "Startup Cost": 0.0, "Total Cost": 0.3, "Plan Rows": 1, "Plan Width": 0, "Index Cond": "(p_partkey = lineitem.l_partkey)"}]}]}]}, "Unique SQL Id": 379939634, "Planner Runtime": 0}, "explain_analyze_plan": {"Plan": {"Node Type": "Aggregate", "Strategy": "Plain", "Startup Cost": 4357819.44, "Total Cost": 4357819.45, "Plan Rows": 1, "Plan Width": 53, "Actual Startup Time": 8616.5, "Actual Total Time": 8616.5, "Actual Rows": 1, "Actual Loops": 1, "Plans": [{"Node Type": "Nested Loop", "Parent Relationship": "Outer", "Join Type": "Inner", "Startup Cost": 24943.55, "Total Cost": 4345221.13, "Plan Rows": 719903, "Plan Width": 37, "Actual Startup Time": 451.969, "Actual Total Time": 8100.257, "Actual Rows": 772803, "Actual Loops": 1, "Inner Unique": true, "Plans": [{"Node Type": "Bitmap Heap Scan", "Parent Relationship": "Outer", "Relation Name": "lineitem", "Alias": "lineitem", "Startup Cost": 24943.26, "Total Cost": 1235000.32, "Plan Rows": 719903, "Plan Width": 24, "Actual Startup Time": 451.841, "Actual Total Time": 1732.82, "Actual Rows": 772803, "Actual Loops": 1, "Recheck Cond": "((l_shipdate >= '1996-12-01 00:00:00'::timestamp(0) without time zone) AND (l_shipdate < '1997-01-01 00:00:00'::timestamp without time zone)), (LLVM Optimized, Jit Execute)", "Rows Removed by Index Recheck": 0, "Exact Heap Blocks": 437909, "Lossy Heap Blocks": 437909, "Plans": [{"Node Type": "Bitmap Index Scan", "Parent Relationship": "Outer", "Index Name": "idx_lineitem_shipdate", "Startup Cost": 0.0, "Total Cost": 24763.28, "Plan Rows": 719903, "Plan Width": 0, "Actual Startup Time": 282.36, "Actual Total Time": 282.36, "Actual Rows": 772803, "Actual Loops": 1, "Index Cond": "((l_shipdate >= '1996-12-01 00:00:00'::timestamp(0) without time zone) AND (l_shipdate < '1997-01-01 00:00:00'::timestamp without time zone))"}]}, {"Node Type": "Bitmap Heap Scan", "Parent Relationship": "Inner", "Relation Name": "part", "Alias": "part", "Startup Cost": 0.3, "Total Cost": 4.31, "Plan Rows": 1, "Plan Width": 29, "Actual Startup Time": 5308.407, "Actual Total Time": 5308.407, "Actual Rows": 772803, "Actual Loops": 772803, "Recheck Cond": "(p_partkey = lineitem.l_partkey)", "Rows Removed by Index Recheck": 0, "Exact Heap Blocks": 772803, "Lossy Heap Blocks": 772803, "Plans": [{"Node Type": "Bitmap Index Scan", "Parent Relationship": "Outer", "Index Name": "part_kpey", "Startup Cost": 0.0, "Total Cost": 0.3, "Plan Rows": 1, "Plan Width": 0, "Actual Startup Time": 3239.468, "Actual Total Time": 3239.468, "Actual Rows": 772803, "Actual Loops": 772803, "Index Cond": "(p_partkey = lineitem.l_partkey)"}]}]}]}, "Triggers": [], "Planner Runtime": 0, "Total Runtime": 8628.033, "Unique SQL Id": 379939634}}, "(16, 119)": {"explain_plan": {"Plan": {"Node Type": "Aggregate", "Strategy": "Plain", "Startup Cost": 4357819.44, "Total Cost": 4357819.45, "Plan Rows": 1, "Plan Width": 53, "Plans": [{"Node Type": "Nested Loop", "Parent Relationship": "Outer", "Join Type": "Inner", "Startup Cost": 24943.55, "Total Cost": 4345221.13, "Plan Rows": 719903, "Plan Width": 37, "Inner Unique": true, "Plans": [{"Node Type": "Bitmap Heap Scan", "Parent Relationship": "Outer", "Relation Name": "lineitem", "Alias": "lineitem", "Startup Cost": 24943.26, "Total Cost": 1235000.32, "Plan Rows": 719903, "Plan Width": 24, "Recheck Cond": "((l_shipdate >= '1996-12-01 00:00:00'::timestamp(0) without time zone) AND (l_shipdate < '1997-01-01 00:00:00'::timestamp without time zone)), (LLVM Optimized)", "Plans": [{"Node Type": "Bitmap Index Scan", "Parent Relationship": "Outer", "Index Name": "idx_lineitem_shipdate", "Startup Cost": 0.0, "Total Cost": 24763.28, "Plan Rows": 719903, "Plan Width": 0, "Index Cond": "((l_shipdate >= '1996-12-01 00:00:00'::timestamp(0) without time zone) AND (l_shipdate < '1997-01-01 00:00:00'::timestamp without time zone))"}]}, {"Node Type": "Bitmap Heap Scan", "Parent Relationship": "Inner", "Relation Name": "part", "Alias": "part", "Startup Cost": 0.3, "Total Cost": 4.31, "Plan Rows": 1, "Plan Width": 29, "Recheck Cond": "(p_partkey = lineitem.l_partkey)", "Plans": [{"Node Type": "Bitmap Index Scan", "Parent Relationship": "Outer", "Index Name": "part_kpey", "Startup Cost": 0.0, "Total Cost": 0.3, "Plan Rows": 1, "Plan Width": 0, "Index Cond": "(p_partkey = lineitem.l_partkey)"}]}]}]}, "Unique SQL Id": 379939634, "Planner Runtime": 0}, "explain_analyze_plan": {"Plan": {"Node Type": "Aggregate", "Strategy": "Plain", "Startup Cost": 4357819.44, "Total Cost": 4357819.45, "Plan Rows": 1, "Plan Width": 53, "Actual Startup Time": 8616.5, "Actual Total Time": 8616.5, "Actual Rows": 1, "Actual Loops": 1, "Plans": [{"Node Type": "Nested Loop", "Parent Relationship": "Outer", "Join Type": "Inner", "Startup Cost": 24943.55, "Total Cost": 4345221.13, "Plan Rows": 719903, "Plan Width": 37, "Actual Startup Time": 451.969, "Actual Total Time": 8100.257, "Actual Rows": 772803, "Actual Loops": 1, "Inner Unique": true, "Plans": [{"Node Type": "Bitmap Heap Scan", "Parent Relationship": "Outer", "Relation Name": "lineitem", "Alias": "lineitem", "Startup Cost": 24943.26, "Total Cost": 1235000.32, "Plan Rows": 719903, "Plan Width": 24, "Actual Startup Time": 451.841, "Actual Total Time": 1732.82, "Actual Rows": 772803, "Actual Loops": 1, "Recheck Cond": "((l_shipdate >= '1996-12-01 00:00:00'::timestamp(0) without time zone) AND (l_shipdate < '1997-01-01 00:00:00'::timestamp without time zone)), (LLVM Optimized, Jit Execute)", "Rows Removed by Index Recheck": 0, "Exact Heap Blocks": 437909, "Lossy Heap Blocks": 437909, "Plans": [{"Node Type": "Bitmap Index Scan", "Parent Relationship": "Outer", "Index Name": "idx_lineitem_shipdate", "Startup Cost": 0.0, "Total Cost": 24763.28, "Plan Rows": 719903, "Plan Width": 0, "Actual Startup Time": 282.36, "Actual Total Time": 282.36, "Actual Rows": 772803, "Actual Loops": 1, "Index Cond": "((l_shipdate >= '1996-12-01 00:00:00'::timestamp(0) without time zone) AND (l_shipdate < '1997-01-01 00:00:00'::timestamp without time zone))"}]}, {"Node Type": "Bitmap Heap Scan", "Parent Relationship": "Inner", "Relation Name": "part", "Alias": "part", "Startup Cost": 0.3, "Total Cost": 4.31, "Plan Rows": 1, "Plan Width": 29, "Actual Startup Time": 5308.407, "Actual Total Time": 5308.407, "Actual Rows": 772803, "Actual Loops": 772803, "Recheck Cond": "(p_partkey = lineitem.l_partkey)", "Rows Removed by Index Recheck": 0, "Exact Heap Blocks": 772803, "Lossy Heap Blocks": 772803, "Plans": [{"Node Type": "Bitmap Index Scan", "Parent Relationship": "Outer", "Index Name": "part_kpey", "Startup Cost": 0.0, "Total Cost": 0.3, "Plan Rows": 1, "Plan Width": 0, "Actual Startup Time": 3239.468, "Actual Total Time": 3239.468, "Actual Rows": 772803, "Actual Loops": 772803, "Index Cond": "(p_partkey = lineitem.l_partkey)"}]}]}]}, "Triggers": [], "Planner Runtime": 0, "Total Runtime": 8628.033, "Unique SQL Id": 379939634}}, "(16, 120)": {"explain_plan": {"Plan": {"Node Type": "Aggregate", "Strategy": "Plain", "Startup Cost": 2738489.45, "Total Cost": 2738489.46, "Plan Rows": 1, "Plan Width": 53, "Plans": [{"Node Type": "Nested Loop", "Parent Relationship": "Outer", "Join Type": "Inner", "Startup Cost": 0.0, "Total Cost": 2725891.14, "Plan Rows": 719903, "Plan Width": 37, "Inner Unique": true, "Plans": [{"Node Type": "Index Scan", "Parent Relationship": "Outer", "Scan Direction": "Forward", "Index Name": "idx_lineitem_shipdate", "Relation Name": "lineitem", "Alias": "lineitem", "Startup Cost": 0.0, "Total Cost": 2327686.3, "Plan Rows": 719903, "Plan Width": 24, "Index Cond": "((l_shipdate >= '1996-12-01 00:00:00'::timestamp(0) without time zone) AND (l_shipdate < '1997-01-01 00:00:00'::timestamp without time zone)), (LLVM Optimized)"}, {"Node Type": "Index Scan", "Parent Relationship": "Inner", "Scan Direction": "Forward", "Index Name": "part_kpey", "Relation Name": "part", "Alias": "part", "Startup Cost": 0.0, "Total Cost": 0.54, "Plan Rows": 1, "Plan Width": 29, "Index Cond": "(p_partkey = lineitem.l_partkey)"}]}]}, "Unique SQL Id": 379939634, "Planner Runtime": 0}, "explain_analyze_plan": {"Plan": {"Node Type": "Aggregate", "Strategy": "Plain", "Startup Cost": 2738489.45, "Total Cost": 2738489.46, "Plan Rows": 1, "Plan Width": 53, "Actual Startup Time": 7660.843, "Actual Total Time": 7660.843, "Actual Rows": 1, "Actual Loops": 1, "Plans": [{"Node Type": "Nested Loop", "Parent Relationship": "Outer", "Join Type": "Inner", "Startup Cost": 0.0, "Total Cost": 2725891.14, "Plan Rows": 719903, "Plan Width": 37, "Actual Startup Time": 0.054, "Actual Total Time": 7186.799, "Actual Rows": 772803, "Actual Loops": 1, "Inner Unique": true, "Plans": [{"Node Type": "Index Scan", "Parent Relationship": "Outer", "Scan Direction": "Forward", "Index Name": "idx_lineitem_shipdate", "Relation Name": "lineitem", "Alias": "lineitem", "Startup Cost": 0.0, "Total Cost": 2327686.3, "Plan Rows": 719903, "Plan Width": 24, "Actual Startup Time": 0.038, "Actual Total Time": 2035.694, "Actual Rows": 772803, "Actual Loops": 1, "Index Cond": "((l_shipdate >= '1996-12-01 00:00:00'::timestamp(0) without time zone) AND (l_shipdate < '1997-01-01 00:00:00'::timestamp without time zone)), (LLVM Optimized, Jit Execute)", "Rows Removed by Index Recheck": 0}, {"Node Type": "Index Scan", "Parent Relationship": "Inner", "Scan Direction": "Forward", "Index Name": "part_kpey", "Relation Name": "part", "Alias": "part", "Startup Cost": 0.0, "Total Cost": 0.54, "Plan Rows": 1, "Plan Width": 29, "Actual Startup Time": 4511.805, "Actual Total Time": 4511.805, "Actual Rows": 772803, "Actual Loops": 772803, "Index Cond": "(p_partkey = lineitem.l_partkey)", "Rows Removed by Index Recheck": 0}]}]}, "Triggers": [], "Planner Runtime": 0, "Total Runtime": 7671.35, "Unique SQL Id": 379939634}}, "(16, 121)": {"explain_plan": {"Plan": {"Node Type": "Aggregate", "Strategy": "Plain", "Startup Cost": 2738489.45, "Total Cost": 2738489.46, "Plan Rows": 1, "Plan Width": 53, "Plans": [{"Node Type": "Nested Loop", "Parent Relationship": "Outer", "Join Type": "Inner", "Startup Cost": 0.0, "Total Cost": 2725891.14, "Plan Rows": 719903, "Plan Width": 37, "Inner Unique": true, "Plans": [{"Node Type": "Index Scan", "Parent Relationship": "Outer", "Scan Direction": "Forward", "Index Name": "idx_lineitem_shipdate", "Relation Name": "lineitem", "Alias": "lineitem", "Startup Cost": 0.0, "Total Cost": 2327686.3, "Plan Rows": 719903, "Plan Width": 24, "Index Cond": "((l_shipdate >= '1996-12-01 00:00:00'::timestamp(0) without time zone) AND (l_shipdate < '1997-01-01 00:00:00'::timestamp without time zone)), (LLVM Optimized)"}, {"Node Type": "Index Scan", "Parent Relationship": "Inner", "Scan Direction": "Forward", "Index Name": "part_kpey", "Relation Name": "part", "Alias": "part", "Startup Cost": 0.0, "Total Cost": 0.54, "Plan Rows": 1, "Plan Width": 29, "Index Cond": "(p_partkey = lineitem.l_partkey)"}]}]}, "Unique SQL Id": 379939634, "Planner Runtime": 0}, "explain_analyze_plan": {"Plan": {"Node Type": "Aggregate", "Strategy": "Plain", "Startup Cost": 2738489.45, "Total Cost": 2738489.46, "Plan Rows": 1, "Plan Width": 53, "Actual Startup Time": 7660.843, "Actual Total Time": 7660.843, "Actual Rows": 1, "Actual Loops": 1, "Plans": [{"Node Type": "Nested Loop", "Parent Relationship": "Outer", "Join Type": "Inner", "Startup Cost": 0.0, "Total Cost": 2725891.14, "Plan Rows": 719903, "Plan Width": 37, "Actual Startup Time": 0.054, "Actual Total Time": 7186.799, "Actual Rows": 772803, "Actual Loops": 1, "Inner Unique": true, "Plans": [{"Node Type": "Index Scan", "Parent Relationship": "Outer", "Scan Direction": "Forward", "Index Name": "idx_lineitem_shipdate", "Relation Name": "lineitem", "Alias": "lineitem", "Startup Cost": 0.0, "Total Cost": 2327686.3, "Plan Rows": 719903, "Plan Width": 24, "Actual Startup Time": 0.038, "Actual Total Time": 2035.694, "Actual Rows": 772803, "Actual Loops": 1, "Index Cond": "((l_shipdate >= '1996-12-01 00:00:00'::timestamp(0) without time zone) AND (l_shipdate < '1997-01-01 00:00:00'::timestamp without time zone)), (LLVM Optimized, Jit Execute)", "Rows Removed by Index Recheck": 0}, {"Node Type": "Index Scan", "Parent Relationship": "Inner", "Scan Direction": "Forward", "Index Name": "part_kpey", "Relation Name": "part", "Alias": "part", "Startup Cost": 0.0, "Total Cost": 0.54, "Plan Rows": 1, "Plan Width": 29, "Actual Startup Time": 4511.805, "Actual Total Time": 4511.805, "Actual Rows": 772803, "Actual Loops": 772803, "Index Cond": "(p_partkey = lineitem.l_partkey)", "Rows Removed by Index Recheck": 0}]}]}, "Triggers": [], "Planner Runtime": 0, "Total Runtime": 7671.35, "Unique SQL Id": 379939634}}, "(16, 122)": {"explain_plan": {"Plan": {"Node Type": "Aggregate", "Strategy": "Plain", "Startup Cost": 21599481392.56, "Total Cost": 21599481392.57, "Plan Rows": 1, "Plan Width": 53, "Plans": [{"Node Type": "Nested Loop", "Parent Relationship": "Outer", "Join Type": "Inner", "Startup Cost": 44.5, "Total Cost": 21599468794.25, "Plan Rows": 719903, "Plan Width": 37, "Inner Unique": false, "Join Filter": "(lineitem.l_partkey = part.p_partkey), (LLVM Optimized)", "Plans": [{"Node Type": "Seq Scan", "Parent Relationship": "Outer", "Relation Name": "part", "Alias": "part", "Startup Cost": 0.0, "Total Cost": 61944.0, "Plan Rows": 2000000, "Plan Width": 29}, {"Node Type": "Materialize", "Parent Relationship": "Inner", "Startup Cost": 44.5, "Total Cost": 2318650.01, "Plan Rows": 719903, "Plan Width": 24, "Plans": [{"Node Type": "Seq Scan", "Parent Relationship": "Outer", "Relation Name": "lineitem", "Alias": "lineitem", "Startup Cost": 44.5, "Total Cost": 2315050.5, "Plan Rows": 719903, "Plan Width": 24, "Filter": "((l_shipdate >= '1996-12-01 00:00:00'::timestamp(0) without time zone) AND (l_shipdate < '1997-01-01 00:00:00'::timestamp without time zone)), (LLVM Optimized)"}]}]}]}, "Unique SQL Id": 379939634, "Planner Runtime": 0}, "explain_analyze_plan": null}, "(16, 123)": {"explain_plan": {"Plan": {"Node Type": "Aggregate", "Strategy": "Plain", "Startup Cost": 2022412569559.2, "Total Cost": 2022412569559.22, "Plan Rows": 1, "Plan Width": 53, "Plans": [{"Node Type": "Nested Loop", "Parent Relationship": "Outer", "Join Type": "Inner", "Startup Cost": 20000000000.0, "Total Cost": 2022412556960.9, "Plan Rows": 719903, "Plan Width": 37, "Inner Unique": false, "Join Filter": "(lineitem.l_partkey = part.p_partkey), (LLVM Optimized)", "Plans": [{"Node Type": "Index Scan", "Parent Relationship": "Outer", "Scan Direction": "Forward", "Index Name": "part_kpey", "Relation Name": "part", "Alias": "part", "Startup Cost": 10000000000.0, "Total Cost": 1000010080325.0, "Plan Rows": 2000000, "Plan Width": 29}, {"Node Type": "Materialize", "Parent Relationship": "Inner", "Startup Cost": 10000000000.0, "Total Cost": 1000805388435.66, "Plan Rows": 719903, "Plan Width": 24, "Plans": [{"Node Type": "Index Scan", "Parent Relationship": "Outer", "Scan Direction": "Forward", "Index Name": "idx_lineitem_part_supp", "Relation Name": "lineitem", "Alias": "lineitem", "Startup Cost": 10000000000.0, "Total Cost": 1000805384836.14, "Plan Rows": 719903, "Plan Width": 24, "Filter": "((l_shipdate >= '1996-12-01 00:00:00'::timestamp(0) without time zone) AND (l_shipdate < '1997-01-01 00:00:00'::timestamp without time zone)), (LLVM Optimized)"}]}]}]}, "Unique SQL Id": 379939634, "Planner Runtime": 0}, "explain_analyze_plan": null}, "(16, 124)": {"explain_plan": {"Plan": {"Node Type": "Aggregate", "Strategy": "Plain", "Startup Cost": 2738489.45, "Total Cost": 2738489.46, "Plan Rows": 1, "Plan Width": 53, "Plans": [{"Node Type": "Nested Loop", "Parent Relationship": "Outer", "Join Type": "Inner", "Startup Cost": 0.0, "Total Cost": 2725891.14, "Plan Rows": 719903, "Plan Width": 37, "Inner Unique": true, "Plans": [{"Node Type": "Index Scan", "Parent Relationship": "Outer", "Scan Direction": "Forward", "Index Name": "idx_lineitem_shipdate", "Relation Name": "lineitem", "Alias": "lineitem", "Startup Cost": 0.0, "Total Cost": 2327686.3, "Plan Rows": 719903, "Plan Width": 24, "Index Cond": "((l_shipdate >= '1996-12-01 00:00:00'::timestamp(0) without time zone) AND (l_shipdate < '1997-01-01 00:00:00'::timestamp without time zone)), (LLVM Optimized)"}, {"Node Type": "Index Scan", "Parent Relationship": "Inner", "Scan Direction": "Forward", "Index Name": "part_kpey", "Relation Name": "part", "Alias": "part", "Startup Cost": 0.0, "Total Cost": 0.54, "Plan Rows": 1, "Plan Width": 29, "Index Cond": "(p_partkey = lineitem.l_partkey)"}]}]}, "Unique SQL Id": 379939634, "Planner Runtime": 0}, "explain_analyze_plan": {"Plan": {"Node Type": "Aggregate", "Strategy": "Plain", "Startup Cost": 2738489.45, "Total Cost": 2738489.46, "Plan Rows": 1, "Plan Width": 53, "Actual Startup Time": 7660.843, "Actual Total Time": 7660.843, "Actual Rows": 1, "Actual Loops": 1, "Plans": [{"Node Type": "Nested Loop", "Parent Relationship": "Outer", "Join Type": "Inner", "Startup Cost": 0.0, "Total Cost": 2725891.14, "Plan Rows": 719903, "Plan Width": 37, "Actual Startup Time": 0.054, "Actual Total Time": 7186.799, "Actual Rows": 772803, "Actual Loops": 1, "Inner Unique": true, "Plans": [{"Node Type": "Index Scan", "Parent Relationship": "Outer", "Scan Direction": "Forward", "Index Name": "idx_lineitem_shipdate", "Relation Name": "lineitem", "Alias": "lineitem", "Startup Cost": 0.0, "Total Cost": 2327686.3, "Plan Rows": 719903, "Plan Width": 24, "Actual Startup Time": 0.038, "Actual Total Time": 2035.694, "Actual Rows": 772803, "Actual Loops": 1, "Index Cond": "((l_shipdate >= '1996-12-01 00:00:00'::timestamp(0) without time zone) AND (l_shipdate < '1997-01-01 00:00:00'::timestamp without time zone)), (LLVM Optimized, Jit Execute)", "Rows Removed by Index Recheck": 0}, {"Node Type": "Index Scan", "Parent Relationship": "Inner", "Scan Direction": "Forward", "Index Name": "part_kpey", "Relation Name": "part", "Alias": "part", "Startup Cost": 0.0, "Total Cost": 0.54, "Plan Rows": 1, "Plan Width": 29, "Actual Startup Time": 4511.805, "Actual Total Time": 4511.805, "Actual Rows": 772803, "Actual Loops": 772803, "Index Cond": "(p_partkey = lineitem.l_partkey)", "Rows Removed by Index Recheck": 0}]}]}, "Triggers": [], "Planner Runtime": 0, "Total Runtime": 7671.35, "Unique SQL Id": 379939634}}, "(16, 125)": {"explain_plan": {"Plan": {"Node Type": "Aggregate", "Strategy": "Plain", "Startup Cost": 2738489.45, "Total Cost": 2738489.46, "Plan Rows": 1, "Plan Width": 53, "Plans": [{"Node Type": "Nested Loop", "Parent Relationship": "Outer", "Join Type": "Inner", "Startup Cost": 0.0, "Total Cost": 2725891.14, "Plan Rows": 719903, "Plan Width": 37, "Inner Unique": true, "Plans": [{"Node Type": "Index Scan", "Parent Relationship": "Outer", "Scan Direction": "Forward", "Index Name": "idx_lineitem_shipdate", "Relation Name": "lineitem", "Alias": "lineitem", "Startup Cost": 0.0, "Total Cost": 2327686.3, "Plan Rows": 719903, "Plan Width": 24, "Index Cond": "((l_shipdate >= '1996-12-01 00:00:00'::timestamp(0) without time zone) AND (l_shipdate < '1997-01-01 00:00:00'::timestamp without time zone)), (LLVM Optimized)"}, {"Node Type": "Index Scan", "Parent Relationship": "Inner", "Scan Direction": "Forward", "Index Name": "part_kpey", "Relation Name": "part", "Alias": "part", "Startup Cost": 0.0, "Total Cost": 0.54, "Plan Rows": 1, "Plan Width": 29, "Index Cond": "(p_partkey = lineitem.l_partkey)"}]}]}, "Unique SQL Id": 379939634, "Planner Runtime": 0}, "explain_analyze_plan": {"Plan": {"Node Type": "Aggregate", "Strategy": "Plain", "Startup Cost": 2738489.45, "Total Cost": 2738489.46, "Plan Rows": 1, "Plan Width": 53, "Actual Startup Time": 7660.843, "Actual Total Time": 7660.843, "Actual Rows": 1, "Actual Loops": 1, "Plans": [{"Node Type": "Nested Loop", "Parent Relationship": "Outer", "Join Type": "Inner", "Startup Cost": 0.0, "Total Cost": 2725891.14, "Plan Rows": 719903, "Plan Width": 37, "Actual Startup Time": 0.054, "Actual Total Time": 7186.799, "Actual Rows": 772803, "Actual Loops": 1, "Inner Unique": true, "Plans": [{"Node Type": "Index Scan", "Parent Relationship": "Outer", "Scan Direction": "Forward", "Index Name": "idx_lineitem_shipdate", "Relation Name": "lineitem", "Alias": "lineitem", "Startup Cost": 0.0, "Total Cost": 2327686.3, "Plan Rows": 719903, "Plan Width": 24, "Actual Startup Time": 0.038, "Actual Total Time": 2035.694, "Actual Rows": 772803, "Actual Loops": 1, "Index Cond": "((l_shipdate >= '1996-12-01 00:00:00'::timestamp(0) without time zone) AND (l_shipdate < '1997-01-01 00:00:00'::timestamp without time zone)), (LLVM Optimized, Jit Execute)", "Rows Removed by Index Recheck": 0}, {"Node Type": "Index Scan", "Parent Relationship": "Inner", "Scan Direction": "Forward", "Index Name": "part_kpey", "Relation Name": "part", "Alias": "part", "Startup Cost": 0.0, "Total Cost": 0.54, "Plan Rows": 1, "Plan Width": 29, "Actual Startup Time": 4511.805, "Actual Total Time": 4511.805, "Actual Rows": 772803, "Actual Loops": 772803, "Index Cond": "(p_partkey = lineitem.l_partkey)", "Rows Removed by Index Recheck": 0}]}]}, "Triggers": [], "Planner Runtime": 0, "Total Runtime": 7671.35, "Unique SQL Id": 379939634}}, "(16, 126)": {"explain_plan": {"Plan": {"Node Type": "Aggregate", "Strategy": "Plain", "Startup Cost": 21599481392.56, "Total Cost": 21599481392.57, "Plan Rows": 1, "Plan Width": 53, "Plans": [{"Node Type": "Nested Loop", "Parent Relationship": "Outer", "Join Type": "Inner", "Startup Cost": 44.5, "Total Cost": 21599468794.25, "Plan Rows": 719903, "Plan Width": 37, "Inner Unique": false, "Join Filter": "(lineitem.l_partkey = part.p_partkey), (LLVM Optimized)", "Plans": [{"Node Type": "Seq Scan", "Parent Relationship": "Outer", "Relation Name": "part", "Alias": "part", "Startup Cost": 0.0, "Total Cost": 61944.0, "Plan Rows": 2000000, "Plan Width": 29}, {"Node Type": "Materialize", "Parent Relationship": "Inner", "Startup Cost": 44.5, "Total Cost": 2318650.01, "Plan Rows": 719903, "Plan Width": 24, "Plans": [{"Node Type": "Seq Scan", "Parent Relationship": "Outer", "Relation Name": "lineitem", "Alias": "lineitem", "Startup Cost": 44.5, "Total Cost": 2315050.5, "Plan Rows": 719903, "Plan Width": 24, "Filter": "((l_shipdate >= '1996-12-01 00:00:00'::timestamp(0) without time zone) AND (l_shipdate < '1997-01-01 00:00:00'::timestamp without time zone)), (LLVM Optimized)"}]}]}]}, "Unique SQL Id": 379939634, "Planner Runtime": 0}, "explain_analyze_plan": null}, "(16, 127)": {"explain_plan": {"Plan": {"Node Type": "Aggregate", "Strategy": "Plain", "Startup Cost": 2022412569559.2, "Total Cost": 2022412569559.22, "Plan Rows": 1, "Plan Width": 53, "Plans": [{"Node Type": "Nested Loop", "Parent Relationship": "Outer", "Join Type": "Inner", "Startup Cost": 20000000000.0, "Total Cost": 2022412556960.9, "Plan Rows": 719903, "Plan Width": 37, "Inner Unique": false, "Join Filter": "(lineitem.l_partkey = part.p_partkey), (LLVM Optimized)", "Plans": [{"Node Type": "Index Scan", "Parent Relationship": "Outer", "Scan Direction": "Forward", "Index Name": "part_kpey", "Relation Name": "part", "Alias": "part", "Startup Cost": 10000000000.0, "Total Cost": 1000010080325.0, "Plan Rows": 2000000, "Plan Width": 29}, {"Node Type": "Materialize", "Parent Relationship": "Inner", "Startup Cost": 10000000000.0, "Total Cost": 1000805388435.66, "Plan Rows": 719903, "Plan Width": 24, "Plans": [{"Node Type": "Index Scan", "Parent Relationship": "Outer", "Scan Direction": "Forward", "Index Name": "idx_lineitem_part_supp", "Relation Name": "lineitem", "Alias": "lineitem", "Startup Cost": 10000000000.0, "Total Cost": 1000805384836.14, "Plan Rows": 719903, "Plan Width": 24, "Filter": "((l_shipdate >= '1996-12-01 00:00:00'::timestamp(0) without time zone) AND (l_shipdate < '1997-01-01 00:00:00'::timestamp without time zone)), (LLVM Optimized)"}]}]}]}, "Unique SQL Id": 379939634, "Planner Runtime": 0}, "explain_analyze_plan": null}, "(64, 0)": {"explain_plan": {"Plan": {"Node Type": "Aggregate", "Strategy": "Plain", "Startup Cost": 1344441.29, "Total Cost": 1344441.3, "Plan Rows": 1, "Plan Width": 53, "Plans": [{"Node Type": "Hash Join", "Parent Relationship": "Outer", "Join Type": "Inner", "Startup Cost": 111887.26, "Total Cost": 1331842.98, "Plan Rows": 719903, "Plan Width": 37, "Inner Unique": true, "Hash Cond": "(lineitem.l_partkey = part.p_partkey), (LLVM Optimized)", "Plans": [{"Node Type": "Bitmap Heap Scan", "Parent Relationship": "Outer", "Relation Name": "lineitem", "Alias": "lineitem", "Startup Cost": 24943.26, "Total Cost": 1235000.32, "Plan Rows": 719903, "Plan Width": 24, "Recheck Cond": "((l_shipdate >= '1996-12-01 00:00:00'::timestamp(0) without time zone) AND (l_shipdate < '1997-01-01 00:00:00'::timestamp without time zone)), (LLVM Optimized)", "Plans": [{"Node Type": "Bitmap Index Scan", "Parent Relationship": "Outer", "Index Name": "idx_lineitem_shipdate", "Startup Cost": 0.0, "Total Cost": 24763.28, "Plan Rows": 719903, "Plan Width": 0, "Index Cond": "((l_shipdate >= '1996-12-01 00:00:00'::timestamp(0) without time zone) AND (l_shipdate < '1997-01-01 00:00:00'::timestamp without time zone))"}]}, {"Node Type": "Hash", "Parent Relationship": "Inner", "Startup Cost": 61944.0, "Total Cost": 61944.0, "Plan Rows": 2000000, "Plan Width": 29, "Plans": [{"Node Type": "Seq Scan", "Parent Relationship": "Outer", "Relation Name": "part", "Alias": "part", "Startup Cost": 0.0, "Total Cost": 61944.0, "Plan Rows": 2000000, "Plan Width": 29}]}]}]}, "Unique SQL Id": 379939634, "Planner Runtime": 1}, "explain_analyze_plan": {"Plan": {"Node Type": "Aggregate", "Strategy": "Plain", "Startup Cost": 1344441.29, "Total Cost": 1344441.3, "Plan Rows": 1, "Plan Width": 53, "Actual Startup Time": 3949.646, "Actual Total Time": 3949.647, "Actual Rows": 1, "Actual Loops": 1, "Plans": [{"Node Type": "Hash Join", "Parent Relationship": "Outer", "Join Type": "Inner", "Startup Cost": 111887.26, "Total Cost": 1331842.98, "Plan Rows": 719903, "Plan Width": 37, "Actual Startup Time": 1804.081, "Actual Total Time": 3575.966, "Actual Rows": 772803, "Actual Loops": 1, "Inner Unique": true, "Hash Cond": "(lineitem.l_partkey = part.p_partkey), (LLVM Optimized, Jit Execute)", "Plans": [{"Node Type": "Bitmap Heap Scan", "Parent Relationship": "Outer", "Relation Name": "lineitem", "Alias": "lineitem", "Startup Cost": 24943.26, "Total Cost": 1235000.32, "Plan Rows": 719903, "Plan Width": 24, "Actual Startup Time": 469.464, "Actual Total Time": 1694.161, "Actual Rows": 772803, "Actual Loops": 1, "Recheck Cond": "((l_shipdate >= '1996-12-01 00:00:00'::timestamp(0) without time zone) AND (l_shipdate < '1997-01-01 00:00:00'::timestamp without time zone)), (LLVM Optimized, Jit Execute)", "Rows Removed by Index Recheck": 0, "Exact Heap Blocks": 437909, "Lossy Heap Blocks": 437909, "Plans": [{"Node Type": "Bitmap Index Scan", "Parent Relationship": "Outer", "Index Name": "idx_lineitem_shipdate", "Startup Cost": 0.0, "Total Cost": 24763.28, "Plan Rows": 719903, "Plan Width": 0, "Actual Startup Time": 304.405, "Actual Total Time": 304.405, "Actual Rows": 772803, "Actual Loops": 1, "Index Cond": "((l_shipdate >= '1996-12-01 00:00:00'::timestamp(0) without time zone) AND (l_shipdate < '1997-01-01 00:00:00'::timestamp without time zone))"}]}, {"Node Type": "Hash", "Parent Relationship": "Inner", "Startup Cost": 61944.0, "Total Cost": 61944.0, "Plan Rows": 2000000, "Plan Width": 29, "Actual Startup Time": 1333.257, "Actual Total Time": 1333.257, "Actual Rows": 2000000, "Actual Loops": 1, "Hash Buckets": 2097152, "Hash Batches": 1, "Original Hash Batches": 1, "Peak Memory Usage": 126040, "Plans": [{"Node Type": "Seq Scan", "Parent Relationship": "Outer", "Relation Name": "part", "Alias": "part", "Startup Cost": 0.0, "Total Cost": 61944.0, "Plan Rows": 2000000, "Plan Width": 29, "Actual Startup Time": 0.034, "Actual Total Time": 698.306, "Actual Rows": 2000000, "Actual Loops": 1}]}]}]}, "Triggers": [], "Planner Runtime": 0, "Total Runtime": 3964.056, "Unique SQL Id": 379939634}}, "(64, 1)": {"explain_plan": {"Plan": {"Node Type": "Aggregate", "Strategy": "Plain", "Startup Cost": 1383300.54, "Total Cost": 1383300.55, "Plan Rows": 1, "Plan Width": 53, "Plans": [{"Node Type": "Hash Join", "Parent Relationship": "Outer", "Join Type": "Inner", "Startup Cost": 150746.51, "Total Cost": 1370702.23, "Plan Rows": 719903, "Plan Width": 37, "Inner Unique": true, "Hash Cond": "(lineitem.l_partkey = part.p_partkey), (LLVM Optimized)", "Plans": [{"Node Type": "Bitmap Heap Scan", "Parent Relationship": "Outer", "Relation Name": "lineitem", "Alias": "lineitem", "Startup Cost": 24943.26, "Total Cost": 1235000.32, "Plan Rows": 719903, "Plan Width": 24, "Recheck Cond": "((l_shipdate >= '1996-12-01 00:00:00'::timestamp(0) without time zone) AND (l_shipdate < '1997-01-01 00:00:00'::timestamp without time zone)), (LLVM Optimized)", "Plans": [{"Node Type": "Bitmap Index Scan", "Parent Relationship": "Outer", "Index Name": "idx_lineitem_shipdate", "Startup Cost": 0.0, "Total Cost": 24763.28, "Plan Rows": 719903, "Plan Width": 0, "Index Cond": "((l_shipdate >= '1996-12-01 00:00:00'::timestamp(0) without time zone) AND (l_shipdate < '1997-01-01 00:00:00'::timestamp without time zone))"}]}, {"Node Type": "Hash", "Parent Relationship": "Inner", "Startup Cost": 100803.25, "Total Cost": 100803.25, "Plan Rows": 2000000, "Plan Width": 29, "Plans": [{"Node Type": "Index Scan", "Parent Relationship": "Outer", "Scan Direction": "Forward", "Index Name": "part_kpey", "Relation Name": "part", "Alias": "part", "Startup Cost": 0.0, "Total Cost": 100803.25, "Plan Rows": 2000000, "Plan Width": 29}]}]}]}, "Unique SQL Id": 379939634, "Planner Runtime": 1}, "explain_analyze_plan": {"Plan": {"Node Type": "Aggregate", "Strategy": "Plain", "Startup Cost": 1383300.54, "Total Cost": 1383300.55, "Plan Rows": 1, "Plan Width": 53, "Actual Startup Time": 5392.049, "Actual Total Time": 5392.049, "Actual Rows": 1, "Actual Loops": 1, "Plans": [{"Node Type": "Hash Join", "Parent Relationship": "Outer", "Join Type": "Inner", "Startup Cost": 150746.51, "Total Cost": 1370702.23, "Plan Rows": 719903, "Plan Width": 37, "Actual Startup Time": 2926.424, "Actual Total Time": 5025.717, "Actual Rows": 772803, "Actual Loops": 1, "Inner Unique": true, "Hash Cond": "(lineitem.l_partkey = part.p_partkey), (LLVM Optimized, Jit Execute)", "Plans": [{"Node Type": "Bitmap Heap Scan", "Parent Relationship": "Outer", "Relation Name": "lineitem", "Alias": "lineitem", "Startup Cost": 24943.26, "Total Cost": 1235000.32, "Plan Rows": 719903, "Plan Width": 24, "Actual Startup Time": 468.518, "Actual Total Time": 1836.972, "Actual Rows": 772803, "Actual Loops": 1, "Recheck Cond": "((l_shipdate >= '1996-12-01 00:00:00'::timestamp(0) without time zone) AND (l_shipdate < '1997-01-01 00:00:00'::timestamp without time zone)), (LLVM Optimized, Jit Execute)", "Rows Removed by Index Recheck": 0, "Exact Heap Blocks": 437909, "Lossy Heap Blocks": 437909, "Plans": [{"Node Type": "Bitmap Index Scan", "Parent Relationship": "Outer", "Index Name": "idx_lineitem_shipdate", "Startup Cost": 0.0, "Total Cost": 24763.28, "Plan Rows": 719903, "Plan Width": 0, "Actual Startup Time": 304.232, "Actual Total Time": 304.232, "Actual Rows": 772803, "Actual Loops": 1, "Index Cond": "((l_shipdate >= '1996-12-01 00:00:00'::timestamp(0) without time zone) AND (l_shipdate < '1997-01-01 00:00:00'::timestamp without time zone))"}]}, {"Node Type": "Hash", "Parent Relationship": "Inner", "Startup Cost": 100803.25, "Total Cost": 100803.25, "Plan Rows": 2000000, "Plan Width": 29, "Actual Startup Time": 2456.558, "Actual Total Time": 2456.558, "Actual Rows": 2000000, "Actual Loops": 1, "Hash Buckets": 2097152, "Hash Batches": 1, "Original Hash Batches": 1, "Peak Memory Usage": 126040, "Plans": [{"Node Type": "Index Scan", "Parent Relationship": "Outer", "Scan Direction": "Forward", "Index Name": "part_kpey", "Relation Name": "part", "Alias": "part", "Startup Cost": 0.0, "Total Cost": 100803.25, "Plan Rows": 2000000, "Plan Width": 29, "Actual Startup Time": 0.05, "Actual Total Time": 1550.403, "Actual Rows": 2000000, "Actual Loops": 1}]}]}]}, "Triggers": [], "Planner Runtime": 0, "Total Runtime": 5406.949, "Unique SQL Id": 379939634}}, "(64, 2)": {"explain_plan": {"Plan": {"Node Type": "Aggregate", "Strategy": "Plain", "Startup Cost": 1344441.29, "Total Cost": 1344441.3, "Plan Rows": 1, "Plan Width": 53, "Plans": [{"Node Type": "Hash Join", "Parent Relationship": "Outer", "Join Type": "Inner", "Startup Cost": 111887.26, "Total Cost": 1331842.98, "Plan Rows": 719903, "Plan Width": 37, "Inner Unique": true, "Hash Cond": "(lineitem.l_partkey = part.p_partkey), (LLVM Optimized)", "Plans": [{"Node Type": "Bitmap Heap Scan", "Parent Relationship": "Outer", "Relation Name": "lineitem", "Alias": "lineitem", "Startup Cost": 24943.26, "Total Cost": 1235000.32, "Plan Rows": 719903, "Plan Width": 24, "Recheck Cond": "((l_shipdate >= '1996-12-01 00:00:00'::timestamp(0) without time zone) AND (l_shipdate < '1997-01-01 00:00:00'::timestamp without time zone)), (LLVM Optimized)", "Plans": [{"Node Type": "Bitmap Index Scan", "Parent Relationship": "Outer", "Index Name": "idx_lineitem_shipdate", "Startup Cost": 0.0, "Total Cost": 24763.28, "Plan Rows": 719903, "Plan Width": 0, "Index Cond": "((l_shipdate >= '1996-12-01 00:00:00'::timestamp(0) without time zone) AND (l_shipdate < '1997-01-01 00:00:00'::timestamp without time zone))"}]}, {"Node Type": "Hash", "Parent Relationship": "Inner", "Startup Cost": 61944.0, "Total Cost": 61944.0, "Plan Rows": 2000000, "Plan Width": 29, "Plans": [{"Node Type": "Seq Scan", "Parent Relationship": "Outer", "Relation Name": "part", "Alias": "part", "Startup Cost": 0.0, "Total Cost": 61944.0, "Plan Rows": 2000000, "Plan Width": 29}]}]}]}, "Unique SQL Id": 379939634, "Planner Runtime": 1}, "explain_analyze_plan": {"Plan": {"Node Type": "Aggregate", "Strategy": "Plain", "Startup Cost": 1344441.29, "Total Cost": 1344441.3, "Plan Rows": 1, "Plan Width": 53, "Actual Startup Time": 3949.646, "Actual Total Time": 3949.647, "Actual Rows": 1, "Actual Loops": 1, "Plans": [{"Node Type": "Hash Join", "Parent Relationship": "Outer", "Join Type": "Inner", "Startup Cost": 111887.26, "Total Cost": 1331842.98, "Plan Rows": 719903, "Plan Width": 37, "Actual Startup Time": 1804.081, "Actual Total Time": 3575.966, "Actual Rows": 772803, "Actual Loops": 1, "Inner Unique": true, "Hash Cond": "(lineitem.l_partkey = part.p_partkey), (LLVM Optimized, Jit Execute)", "Plans": [{"Node Type": "Bitmap Heap Scan", "Parent Relationship": "Outer", "Relation Name": "lineitem", "Alias": "lineitem", "Startup Cost": 24943.26, "Total Cost": 1235000.32, "Plan Rows": 719903, "Plan Width": 24, "Actual Startup Time": 469.464, "Actual Total Time": 1694.161, "Actual Rows": 772803, "Actual Loops": 1, "Recheck Cond": "((l_shipdate >= '1996-12-01 00:00:00'::timestamp(0) without time zone) AND (l_shipdate < '1997-01-01 00:00:00'::timestamp without time zone)), (LLVM Optimized, Jit Execute)", "Rows Removed by Index Recheck": 0, "Exact Heap Blocks": 437909, "Lossy Heap Blocks": 437909, "Plans": [{"Node Type": "Bitmap Index Scan", "Parent Relationship": "Outer", "Index Name": "idx_lineitem_shipdate", "Startup Cost": 0.0, "Total Cost": 24763.28, "Plan Rows": 719903, "Plan Width": 0, "Actual Startup Time": 304.405, "Actual Total Time": 304.405, "Actual Rows": 772803, "Actual Loops": 1, "Index Cond": "((l_shipdate >= '1996-12-01 00:00:00'::timestamp(0) without time zone) AND (l_shipdate < '1997-01-01 00:00:00'::timestamp without time zone))"}]}, {"Node Type": "Hash", "Parent Relationship": "Inner", "Startup Cost": 61944.0, "Total Cost": 61944.0, "Plan Rows": 2000000, "Plan Width": 29, "Actual Startup Time": 1333.257, "Actual Total Time": 1333.257, "Actual Rows": 2000000, "Actual Loops": 1, "Hash Buckets": 2097152, "Hash Batches": 1, "Original Hash Batches": 1, "Peak Memory Usage": 126040, "Plans": [{"Node Type": "Seq Scan", "Parent Relationship": "Outer", "Relation Name": "part", "Alias": "part", "Startup Cost": 0.0, "Total Cost": 61944.0, "Plan Rows": 2000000, "Plan Width": 29, "Actual Startup Time": 0.034, "Actual Total Time": 698.306, "Actual Rows": 2000000, "Actual Loops": 1}]}]}]}, "Triggers": [], "Planner Runtime": 0, "Total Runtime": 3964.056, "Unique SQL Id": 379939634}}, "(64, 3)": {"explain_plan": {"Plan": {"Node Type": "Aggregate", "Strategy": "Plain", "Startup Cost": 4357819.44, "Total Cost": 4357819.45, "Plan Rows": 1, "Plan Width": 53, "Plans": [{"Node Type": "Nested Loop", "Parent Relationship": "Outer", "Join Type": "Inner", "Startup Cost": 24943.55, "Total Cost": 4345221.13, "Plan Rows": 719903, "Plan Width": 37, "Inner Unique": true, "Plans": [{"Node Type": "Bitmap Heap Scan", "Parent Relationship": "Outer", "Relation Name": "lineitem", "Alias": "lineitem", "Startup Cost": 24943.26, "Total Cost": 1235000.32, "Plan Rows": 719903, "Plan Width": 24, "Recheck Cond": "((l_shipdate >= '1996-12-01 00:00:00'::timestamp(0) without time zone) AND (l_shipdate < '1997-01-01 00:00:00'::timestamp without time zone)), (LLVM Optimized)", "Plans": [{"Node Type": "Bitmap Index Scan", "Parent Relationship": "Outer", "Index Name": "idx_lineitem_shipdate", "Startup Cost": 0.0, "Total Cost": 24763.28, "Plan Rows": 719903, "Plan Width": 0, "Index Cond": "((l_shipdate >= '1996-12-01 00:00:00'::timestamp(0) without time zone) AND (l_shipdate < '1997-01-01 00:00:00'::timestamp without time zone))"}]}, {"Node Type": "Bitmap Heap Scan", "Parent Relationship": "Inner", "Relation Name": "part", "Alias": "part", "Startup Cost": 0.3, "Total Cost": 4.31, "Plan Rows": 1, "Plan Width": 29, "Recheck Cond": "(p_partkey = lineitem.l_partkey)", "Plans": [{"Node Type": "Bitmap Index Scan", "Parent Relationship": "Outer", "Index Name": "part_kpey", "Startup Cost": 0.0, "Total Cost": 0.3, "Plan Rows": 1, "Plan Width": 0, "Index Cond": "(p_partkey = lineitem.l_partkey)"}]}]}]}, "Unique SQL Id": 379939634, "Planner Runtime": 0}, "explain_analyze_plan": {"Plan": {"Node Type": "Aggregate", "Strategy": "Plain", "Startup Cost": 4357819.44, "Total Cost": 4357819.45, "Plan Rows": 1, "Plan Width": 53, "Actual Startup Time": 8374.121, "Actual Total Time": 8374.121, "Actual Rows": 1, "Actual Loops": 1, "Plans": [{"Node Type": "Nested Loop", "Parent Relationship": "Outer", "Join Type": "Inner", "Startup Cost": 24943.55, "Total Cost": 4345221.13, "Plan Rows": 719903, "Plan Width": 37, "Actual Startup Time": 511.97, "Actual Total Time": 7861.902, "Actual Rows": 772803, "Actual Loops": 1, "Inner Unique": true, "Plans": [{"Node Type": "Bitmap Heap Scan", "Parent Relationship": "Outer", "Relation Name": "lineitem", "Alias": "lineitem", "Startup Cost": 24943.26, "Total Cost": 1235000.32, "Plan Rows": 719903, "Plan Width": 24, "Actual Startup Time": 511.814, "Actual Total Time": 1803.715, "Actual Rows": 772803, "Actual Loops": 1, "Recheck Cond": "((l_shipdate >= '1996-12-01 00:00:00'::timestamp(0) without time zone) AND (l_shipdate < '1997-01-01 00:00:00'::timestamp without time zone)), (LLVM Optimized, Jit Execute)", "Rows Removed by Index Recheck": 0, "Exact Heap Blocks": 437909, "Lossy Heap Blocks": 437909, "Plans": [{"Node Type": "Bitmap Index Scan", "Parent Relationship": "Outer", "Index Name": "idx_lineitem_shipdate", "Startup Cost": 0.0, "Total Cost": 24763.28, "Plan Rows": 719903, "Plan Width": 0, "Actual Startup Time": 303.892, "Actual Total Time": 303.892, "Actual Rows": 772803, "Actual Loops": 1, "Index Cond": "((l_shipdate >= '1996-12-01 00:00:00'::timestamp(0) without time zone) AND (l_shipdate < '1997-01-01 00:00:00'::timestamp without time zone))"}]}, {"Node Type": "Bitmap Heap Scan", "Parent Relationship": "Inner", "Relation Name": "part", "Alias": "part", "Startup Cost": 0.3, "Total Cost": 4.31, "Plan Rows": 1, "Plan Width": 29, "Actual Startup Time": 4978.943, "Actual Total Time": 4978.943, "Actual Rows": 772803, "Actual Loops": 772803, "Recheck Cond": "(p_partkey = lineitem.l_partkey)", "Rows Removed by Index Recheck": 0, "Exact Heap Blocks": 772803, "Lossy Heap Blocks": 772803, "Plans": [{"Node Type": "Bitmap Index Scan", "Parent Relationship": "Outer", "Index Name": "part_kpey", "Startup Cost": 0.0, "Total Cost": 0.3, "Plan Rows": 1, "Plan Width": 0, "Actual Startup Time": 3069.068, "Actual Total Time": 3069.068, "Actual Rows": 772803, "Actual Loops": 772803, "Index Cond": "(p_partkey = lineitem.l_partkey)"}]}]}]}, "Triggers": [], "Planner Runtime": 0, "Total Runtime": 8385.255, "Unique SQL Id": 379939634}}, "(64, 4)": {"explain_plan": {"Plan": {"Node Type": "Aggregate", "Strategy": "Plain", "Startup Cost": 1344441.29, "Total Cost": 1344441.3, "Plan Rows": 1, "Plan Width": 53, "Plans": [{"Node Type": "Hash Join", "Parent Relationship": "Outer", "Join Type": "Inner", "Startup Cost": 111887.26, "Total Cost": 1331842.98, "Plan Rows": 719903, "Plan Width": 37, "Inner Unique": true, "Hash Cond": "(lineitem.l_partkey = part.p_partkey), (LLVM Optimized)", "Plans": [{"Node Type": "Bitmap Heap Scan", "Parent Relationship": "Outer", "Relation Name": "lineitem", "Alias": "lineitem", "Startup Cost": 24943.26, "Total Cost": 1235000.32, "Plan Rows": 719903, "Plan Width": 24, "Recheck Cond": "((l_shipdate >= '1996-12-01 00:00:00'::timestamp(0) without time zone) AND (l_shipdate < '1997-01-01 00:00:00'::timestamp without time zone)), (LLVM Optimized)", "Plans": [{"Node Type": "Bitmap Index Scan", "Parent Relationship": "Outer", "Index Name": "idx_lineitem_shipdate", "Startup Cost": 0.0, "Total Cost": 24763.28, "Plan Rows": 719903, "Plan Width": 0, "Index Cond": "((l_shipdate >= '1996-12-01 00:00:00'::timestamp(0) without time zone) AND (l_shipdate < '1997-01-01 00:00:00'::timestamp without time zone))"}]}, {"Node Type": "Hash", "Parent Relationship": "Inner", "Startup Cost": 61944.0, "Total Cost": 61944.0, "Plan Rows": 2000000, "Plan Width": 29, "Plans": [{"Node Type": "Seq Scan", "Parent Relationship": "Outer", "Relation Name": "part", "Alias": "part", "Startup Cost": 0.0, "Total Cost": 61944.0, "Plan Rows": 2000000, "Plan Width": 29}]}]}]}, "Unique SQL Id": 379939634, "Planner Runtime": 1}, "explain_analyze_plan": {"Plan": {"Node Type": "Aggregate", "Strategy": "Plain", "Startup Cost": 1344441.29, "Total Cost": 1344441.3, "Plan Rows": 1, "Plan Width": 53, "Actual Startup Time": 3949.646, "Actual Total Time": 3949.647, "Actual Rows": 1, "Actual Loops": 1, "Plans": [{"Node Type": "Hash Join", "Parent Relationship": "Outer", "Join Type": "Inner", "Startup Cost": 111887.26, "Total Cost": 1331842.98, "Plan Rows": 719903, "Plan Width": 37, "Actual Startup Time": 1804.081, "Actual Total Time": 3575.966, "Actual Rows": 772803, "Actual Loops": 1, "Inner Unique": true, "Hash Cond": "(lineitem.l_partkey = part.p_partkey), (LLVM Optimized, Jit Execute)", "Plans": [{"Node Type": "Bitmap Heap Scan", "Parent Relationship": "Outer", "Relation Name": "lineitem", "Alias": "lineitem", "Startup Cost": 24943.26, "Total Cost": 1235000.32, "Plan Rows": 719903, "Plan Width": 24, "Actual Startup Time": 469.464, "Actual Total Time": 1694.161, "Actual Rows": 772803, "Actual Loops": 1, "Recheck Cond": "((l_shipdate >= '1996-12-01 00:00:00'::timestamp(0) without time zone) AND (l_shipdate < '1997-01-01 00:00:00'::timestamp without time zone)), (LLVM Optimized, Jit Execute)", "Rows Removed by Index Recheck": 0, "Exact Heap Blocks": 437909, "Lossy Heap Blocks": 437909, "Plans": [{"Node Type": "Bitmap Index Scan", "Parent Relationship": "Outer", "Index Name": "idx_lineitem_shipdate", "Startup Cost": 0.0, "Total Cost": 24763.28, "Plan Rows": 719903, "Plan Width": 0, "Actual Startup Time": 304.405, "Actual Total Time": 304.405, "Actual Rows": 772803, "Actual Loops": 1, "Index Cond": "((l_shipdate >= '1996-12-01 00:00:00'::timestamp(0) without time zone) AND (l_shipdate < '1997-01-01 00:00:00'::timestamp without time zone))"}]}, {"Node Type": "Hash", "Parent Relationship": "Inner", "Startup Cost": 61944.0, "Total Cost": 61944.0, "Plan Rows": 2000000, "Plan Width": 29, "Actual Startup Time": 1333.257, "Actual Total Time": 1333.257, "Actual Rows": 2000000, "Actual Loops": 1, "Hash Buckets": 2097152, "Hash Batches": 1, "Original Hash Batches": 1, "Peak Memory Usage": 126040, "Plans": [{"Node Type": "Seq Scan", "Parent Relationship": "Outer", "Relation Name": "part", "Alias": "part", "Startup Cost": 0.0, "Total Cost": 61944.0, "Plan Rows": 2000000, "Plan Width": 29, "Actual Startup Time": 0.034, "Actual Total Time": 698.306, "Actual Rows": 2000000, "Actual Loops": 1}]}]}]}, "Triggers": [], "Planner Runtime": 0, "Total Runtime": 3964.056, "Unique SQL Id": 379939634}}, "(64, 5)": {"explain_plan": {"Plan": {"Node Type": "Aggregate", "Strategy": "Plain", "Startup Cost": 1383300.54, "Total Cost": 1383300.55, "Plan Rows": 1, "Plan Width": 53, "Plans": [{"Node Type": "Hash Join", "Parent Relationship": "Outer", "Join Type": "Inner", "Startup Cost": 150746.51, "Total Cost": 1370702.23, "Plan Rows": 719903, "Plan Width": 37, "Inner Unique": true, "Hash Cond": "(lineitem.l_partkey = part.p_partkey), (LLVM Optimized)", "Plans": [{"Node Type": "Bitmap Heap Scan", "Parent Relationship": "Outer", "Relation Name": "lineitem", "Alias": "lineitem", "Startup Cost": 24943.26, "Total Cost": 1235000.32, "Plan Rows": 719903, "Plan Width": 24, "Recheck Cond": "((l_shipdate >= '1996-12-01 00:00:00'::timestamp(0) without time zone) AND (l_shipdate < '1997-01-01 00:00:00'::timestamp without time zone)), (LLVM Optimized)", "Plans": [{"Node Type": "Bitmap Index Scan", "Parent Relationship": "Outer", "Index Name": "idx_lineitem_shipdate", "Startup Cost": 0.0, "Total Cost": 24763.28, "Plan Rows": 719903, "Plan Width": 0, "Index Cond": "((l_shipdate >= '1996-12-01 00:00:00'::timestamp(0) without time zone) AND (l_shipdate < '1997-01-01 00:00:00'::timestamp without time zone))"}]}, {"Node Type": "Hash", "Parent Relationship": "Inner", "Startup Cost": 100803.25, "Total Cost": 100803.25, "Plan Rows": 2000000, "Plan Width": 29, "Plans": [{"Node Type": "Index Scan", "Parent Relationship": "Outer", "Scan Direction": "Forward", "Index Name": "part_kpey", "Relation Name": "part", "Alias": "part", "Startup Cost": 0.0, "Total Cost": 100803.25, "Plan Rows": 2000000, "Plan Width": 29}]}]}]}, "Unique SQL Id": 379939634, "Planner Runtime": 0}, "explain_analyze_plan": {"Plan": {"Node Type": "Aggregate", "Strategy": "Plain", "Startup Cost": 1383300.54, "Total Cost": 1383300.55, "Plan Rows": 1, "Plan Width": 53, "Actual Startup Time": 5392.049, "Actual Total Time": 5392.049, "Actual Rows": 1, "Actual Loops": 1, "Plans": [{"Node Type": "Hash Join", "Parent Relationship": "Outer", "Join Type": "Inner", "Startup Cost": 150746.51, "Total Cost": 1370702.23, "Plan Rows": 719903, "Plan Width": 37, "Actual Startup Time": 2926.424, "Actual Total Time": 5025.717, "Actual Rows": 772803, "Actual Loops": 1, "Inner Unique": true, "Hash Cond": "(lineitem.l_partkey = part.p_partkey), (LLVM Optimized, Jit Execute)", "Plans": [{"Node Type": "Bitmap Heap Scan", "Parent Relationship": "Outer", "Relation Name": "lineitem", "Alias": "lineitem", "Startup Cost": 24943.26, "Total Cost": 1235000.32, "Plan Rows": 719903, "Plan Width": 24, "Actual Startup Time": 468.518, "Actual Total Time": 1836.972, "Actual Rows": 772803, "Actual Loops": 1, "Recheck Cond": "((l_shipdate >= '1996-12-01 00:00:00'::timestamp(0) without time zone) AND (l_shipdate < '1997-01-01 00:00:00'::timestamp without time zone)), (LLVM Optimized, Jit Execute)", "Rows Removed by Index Recheck": 0, "Exact Heap Blocks": 437909, "Lossy Heap Blocks": 437909, "Plans": [{"Node Type": "Bitmap Index Scan", "Parent Relationship": "Outer", "Index Name": "idx_lineitem_shipdate", "Startup Cost": 0.0, "Total Cost": 24763.28, "Plan Rows": 719903, "Plan Width": 0, "Actual Startup Time": 304.232, "Actual Total Time": 304.232, "Actual Rows": 772803, "Actual Loops": 1, "Index Cond": "((l_shipdate >= '1996-12-01 00:00:00'::timestamp(0) without time zone) AND (l_shipdate < '1997-01-01 00:00:00'::timestamp without time zone))"}]}, {"Node Type": "Hash", "Parent Relationship": "Inner", "Startup Cost": 100803.25, "Total Cost": 100803.25, "Plan Rows": 2000000, "Plan Width": 29, "Actual Startup Time": 2456.558, "Actual Total Time": 2456.558, "Actual Rows": 2000000, "Actual Loops": 1, "Hash Buckets": 2097152, "Hash Batches": 1, "Original Hash Batches": 1, "Peak Memory Usage": 126040, "Plans": [{"Node Type": "Index Scan", "Parent Relationship": "Outer", "Scan Direction": "Forward", "Index Name": "part_kpey", "Relation Name": "part", "Alias": "part", "Startup Cost": 0.0, "Total Cost": 100803.25, "Plan Rows": 2000000, "Plan Width": 29, "Actual Startup Time": 0.05, "Actual Total Time": 1550.403, "Actual Rows": 2000000, "Actual Loops": 1}]}]}]}, "Triggers": [], "Planner Runtime": 0, "Total Runtime": 5406.949, "Unique SQL Id": 379939634}}, "(64, 6)": {"explain_plan": {"Plan": {"Node Type": "Aggregate", "Strategy": "Plain", "Startup Cost": 1344441.29, "Total Cost": 1344441.3, "Plan Rows": 1, "Plan Width": 53, "Plans": [{"Node Type": "Hash Join", "Parent Relationship": "Outer", "Join Type": "Inner", "Startup Cost": 111887.26, "Total Cost": 1331842.98, "Plan Rows": 719903, "Plan Width": 37, "Inner Unique": true, "Hash Cond": "(lineitem.l_partkey = part.p_partkey), (LLVM Optimized)", "Plans": [{"Node Type": "Bitmap Heap Scan", "Parent Relationship": "Outer", "Relation Name": "lineitem", "Alias": "lineitem", "Startup Cost": 24943.26, "Total Cost": 1235000.32, "Plan Rows": 719903, "Plan Width": 24, "Recheck Cond": "((l_shipdate >= '1996-12-01 00:00:00'::timestamp(0) without time zone) AND (l_shipdate < '1997-01-01 00:00:00'::timestamp without time zone)), (LLVM Optimized)", "Plans": [{"Node Type": "Bitmap Index Scan", "Parent Relationship": "Outer", "Index Name": "idx_lineitem_shipdate", "Startup Cost": 0.0, "Total Cost": 24763.28, "Plan Rows": 719903, "Plan Width": 0, "Index Cond": "((l_shipdate >= '1996-12-01 00:00:00'::timestamp(0) without time zone) AND (l_shipdate < '1997-01-01 00:00:00'::timestamp without time zone))"}]}, {"Node Type": "Hash", "Parent Relationship": "Inner", "Startup Cost": 61944.0, "Total Cost": 61944.0, "Plan Rows": 2000000, "Plan Width": 29, "Plans": [{"Node Type": "Seq Scan", "Parent Relationship": "Outer", "Relation Name": "part", "Alias": "part", "Startup Cost": 0.0, "Total Cost": 61944.0, "Plan Rows": 2000000, "Plan Width": 29}]}]}]}, "Unique SQL Id": 379939634, "Planner Runtime": 0}, "explain_analyze_plan": {"Plan": {"Node Type": "Aggregate", "Strategy": "Plain", "Startup Cost": 1344441.29, "Total Cost": 1344441.3, "Plan Rows": 1, "Plan Width": 53, "Actual Startup Time": 3949.646, "Actual Total Time": 3949.647, "Actual Rows": 1, "Actual Loops": 1, "Plans": [{"Node Type": "Hash Join", "Parent Relationship": "Outer", "Join Type": "Inner", "Startup Cost": 111887.26, "Total Cost": 1331842.98, "Plan Rows": 719903, "Plan Width": 37, "Actual Startup Time": 1804.081, "Actual Total Time": 3575.966, "Actual Rows": 772803, "Actual Loops": 1, "Inner Unique": true, "Hash Cond": "(lineitem.l_partkey = part.p_partkey), (LLVM Optimized, Jit Execute)", "Plans": [{"Node Type": "Bitmap Heap Scan", "Parent Relationship": "Outer", "Relation Name": "lineitem", "Alias": "lineitem", "Startup Cost": 24943.26, "Total Cost": 1235000.32, "Plan Rows": 719903, "Plan Width": 24, "Actual Startup Time": 469.464, "Actual Total Time": 1694.161, "Actual Rows": 772803, "Actual Loops": 1, "Recheck Cond": "((l_shipdate >= '1996-12-01 00:00:00'::timestamp(0) without time zone) AND (l_shipdate < '1997-01-01 00:00:00'::timestamp without time zone)), (LLVM Optimized, Jit Execute)", "Rows Removed by Index Recheck": 0, "Exact Heap Blocks": 437909, "Lossy Heap Blocks": 437909, "Plans": [{"Node Type": "Bitmap Index Scan", "Parent Relationship": "Outer", "Index Name": "idx_lineitem_shipdate", "Startup Cost": 0.0, "Total Cost": 24763.28, "Plan Rows": 719903, "Plan Width": 0, "Actual Startup Time": 304.405, "Actual Total Time": 304.405, "Actual Rows": 772803, "Actual Loops": 1, "Index Cond": "((l_shipdate >= '1996-12-01 00:00:00'::timestamp(0) without time zone) AND (l_shipdate < '1997-01-01 00:00:00'::timestamp without time zone))"}]}, {"Node Type": "Hash", "Parent Relationship": "Inner", "Startup Cost": 61944.0, "Total Cost": 61944.0, "Plan Rows": 2000000, "Plan Width": 29, "Actual Startup Time": 1333.257, "Actual Total Time": 1333.257, "Actual Rows": 2000000, "Actual Loops": 1, "Hash Buckets": 2097152, "Hash Batches": 1, "Original Hash Batches": 1, "Peak Memory Usage": 126040, "Plans": [{"Node Type": "Seq Scan", "Parent Relationship": "Outer", "Relation Name": "part", "Alias": "part", "Startup Cost": 0.0, "Total Cost": 61944.0, "Plan Rows": 2000000, "Plan Width": 29, "Actual Startup Time": 0.034, "Actual Total Time": 698.306, "Actual Rows": 2000000, "Actual Loops": 1}]}]}]}, "Triggers": [], "Planner Runtime": 0, "Total Runtime": 3964.056, "Unique SQL Id": 379939634}}, "(64, 7)": {"explain_plan": {"Plan": {"Node Type": "Aggregate", "Strategy": "Plain", "Startup Cost": 4357819.44, "Total Cost": 4357819.45, "Plan Rows": 1, "Plan Width": 53, "Plans": [{"Node Type": "Nested Loop", "Parent Relationship": "Outer", "Join Type": "Inner", "Startup Cost": 24943.55, "Total Cost": 4345221.13, "Plan Rows": 719903, "Plan Width": 37, "Inner Unique": true, "Plans": [{"Node Type": "Bitmap Heap Scan", "Parent Relationship": "Outer", "Relation Name": "lineitem", "Alias": "lineitem", "Startup Cost": 24943.26, "Total Cost": 1235000.32, "Plan Rows": 719903, "Plan Width": 24, "Recheck Cond": "((l_shipdate >= '1996-12-01 00:00:00'::timestamp(0) without time zone) AND (l_shipdate < '1997-01-01 00:00:00'::timestamp without time zone)), (LLVM Optimized)", "Plans": [{"Node Type": "Bitmap Index Scan", "Parent Relationship": "Outer", "Index Name": "idx_lineitem_shipdate", "Startup Cost": 0.0, "Total Cost": 24763.28, "Plan Rows": 719903, "Plan Width": 0, "Index Cond": "((l_shipdate >= '1996-12-01 00:00:00'::timestamp(0) without time zone) AND (l_shipdate < '1997-01-01 00:00:00'::timestamp without time zone))"}]}, {"Node Type": "Bitmap Heap Scan", "Parent Relationship": "Inner", "Relation Name": "part", "Alias": "part", "Startup Cost": 0.3, "Total Cost": 4.31, "Plan Rows": 1, "Plan Width": 29, "Recheck Cond": "(p_partkey = lineitem.l_partkey)", "Plans": [{"Node Type": "Bitmap Index Scan", "Parent Relationship": "Outer", "Index Name": "part_kpey", "Startup Cost": 0.0, "Total Cost": 0.3, "Plan Rows": 1, "Plan Width": 0, "Index Cond": "(p_partkey = lineitem.l_partkey)"}]}]}]}, "Unique SQL Id": 379939634, "Planner Runtime": 0}, "explain_analyze_plan": {"Plan": {"Node Type": "Aggregate", "Strategy": "Plain", "Startup Cost": 4357819.44, "Total Cost": 4357819.45, "Plan Rows": 1, "Plan Width": 53, "Actual Startup Time": 8374.121, "Actual Total Time": 8374.121, "Actual Rows": 1, "Actual Loops": 1, "Plans": [{"Node Type": "Nested Loop", "Parent Relationship": "Outer", "Join Type": "Inner", "Startup Cost": 24943.55, "Total Cost": 4345221.13, "Plan Rows": 719903, "Plan Width": 37, "Actual Startup Time": 511.97, "Actual Total Time": 7861.902, "Actual Rows": 772803, "Actual Loops": 1, "Inner Unique": true, "Plans": [{"Node Type": "Bitmap Heap Scan", "Parent Relationship": "Outer", "Relation Name": "lineitem", "Alias": "lineitem", "Startup Cost": 24943.26, "Total Cost": 1235000.32, "Plan Rows": 719903, "Plan Width": 24, "Actual Startup Time": 511.814, "Actual Total Time": 1803.715, "Actual Rows": 772803, "Actual Loops": 1, "Recheck Cond": "((l_shipdate >= '1996-12-01 00:00:00'::timestamp(0) without time zone) AND (l_shipdate < '1997-01-01 00:00:00'::timestamp without time zone)), (LLVM Optimized, Jit Execute)", "Rows Removed by Index Recheck": 0, "Exact Heap Blocks": 437909, "Lossy Heap Blocks": 437909, "Plans": [{"Node Type": "Bitmap Index Scan", "Parent Relationship": "Outer", "Index Name": "idx_lineitem_shipdate", "Startup Cost": 0.0, "Total Cost": 24763.28, "Plan Rows": 719903, "Plan Width": 0, "Actual Startup Time": 303.892, "Actual Total Time": 303.892, "Actual Rows": 772803, "Actual Loops": 1, "Index Cond": "((l_shipdate >= '1996-12-01 00:00:00'::timestamp(0) without time zone) AND (l_shipdate < '1997-01-01 00:00:00'::timestamp without time zone))"}]}, {"Node Type": "Bitmap Heap Scan", "Parent Relationship": "Inner", "Relation Name": "part", "Alias": "part", "Startup Cost": 0.3, "Total Cost": 4.31, "Plan Rows": 1, "Plan Width": 29, "Actual Startup Time": 4978.943, "Actual Total Time": 4978.943, "Actual Rows": 772803, "Actual Loops": 772803, "Recheck Cond": "(p_partkey = lineitem.l_partkey)", "Rows Removed by Index Recheck": 0, "Exact Heap Blocks": 772803, "Lossy Heap Blocks": 772803, "Plans": [{"Node Type": "Bitmap Index Scan", "Parent Relationship": "Outer", "Index Name": "part_kpey", "Startup Cost": 0.0, "Total Cost": 0.3, "Plan Rows": 1, "Plan Width": 0, "Actual Startup Time": 3069.068, "Actual Total Time": 3069.068, "Actual Rows": 772803, "Actual Loops": 772803, "Index Cond": "(p_partkey = lineitem.l_partkey)"}]}]}]}, "Triggers": [], "Planner Runtime": 0, "Total Runtime": 8385.255, "Unique SQL Id": 379939634}}, "(64, 8)": {"explain_plan": {"Plan": {"Node Type": "Aggregate", "Strategy": "Plain", "Startup Cost": 2437127.27, "Total Cost": 2437127.29, "Plan Rows": 1, "Plan Width": 53, "Plans": [{"Node Type": "Hash Join", "Parent Relationship": "Outer", "Join Type": "Inner", "Startup Cost": 86944.0, "Total Cost": 2424528.97, "Plan Rows": 719903, "Plan Width": 37, "Inner Unique": true, "Hash Cond": "(lineitem.l_partkey = part.p_partkey), (LLVM Optimized)", "Plans": [{"Node Type": "Index Scan", "Parent Relationship": "Outer", "Scan Direction": "Forward", "Index Name": "idx_lineitem_shipdate", "Relation Name": "lineitem", "Alias": "lineitem", "Startup Cost": 0.0, "Total Cost": 2327686.3, "Plan Rows": 719903, "Plan Width": 24, "Index Cond": "((l_shipdate >= '1996-12-01 00:00:00'::timestamp(0) without time zone) AND (l_shipdate < '1997-01-01 00:00:00'::timestamp without time zone)), (LLVM Optimized)"}, {"Node Type": "Hash", "Parent Relationship": "Inner", "Startup Cost": 61944.0, "Total Cost": 61944.0, "Plan Rows": 2000000, "Plan Width": 29, "Plans": [{"Node Type": "Seq Scan", "Parent Relationship": "Outer", "Relation Name": "part", "Alias": "part", "Startup Cost": 0.0, "Total Cost": 61944.0, "Plan Rows": 2000000, "Plan Width": 29}]}]}]}, "Unique SQL Id": 379939634, "Planner Runtime": 0}, "explain_analyze_plan": {"Plan": {"Node Type": "Aggregate", "Strategy": "Plain", "Startup Cost": 2437127.27, "Total Cost": 2437127.29, "Plan Rows": 1, "Plan Width": 53, "Actual Startup Time": 4422.603, "Actual Total Time": 4422.605, "Actual Rows": 1, "Actual Loops": 1, "Plans": [{"Node Type": "Hash Join", "Parent Relationship": "Outer", "Join Type": "Inner", "Startup Cost": 86944.0, "Total Cost": 2424528.97, "Plan Rows": 719903, "Plan Width": 37, "Actual Startup Time": 1384.877, "Actual Total Time": 4035.454, "Actual Rows": 772803, "Actual Loops": 1, "Inner Unique": true, "Hash Cond": "(lineitem.l_partkey = part.p_partkey), (LLVM Optimized, Jit Execute)", "Plans": [{"Node Type": "Index Scan", "Parent Relationship": "Outer", "Scan Direction": "Forward", "Index Name": "idx_lineitem_shipdate", "Relation Name": "lineitem", "Alias": "lineitem", "Startup Cost": 0.0, "Total Cost": 2327686.3, "Plan Rows": 719903, "Plan Width": 24, "Actual Startup Time": 0.031, "Actual Total Time": 1958.157, "Actual Rows": 772803, "Actual Loops": 1, "Index Cond": "((l_shipdate >= '1996-12-01 00:00:00'::timestamp(0) without time zone) AND (l_shipdate < '1997-01-01 00:00:00'::timestamp without time zone)), (LLVM Optimized, Jit Execute)", "Rows Removed by Index Recheck": 0}, {"Node Type": "Hash", "Parent Relationship": "Inner", "Startup Cost": 61944.0, "Total Cost": 61944.0, "Plan Rows": 2000000, "Plan Width": 29, "Actual Startup Time": 1383.553, "Actual Total Time": 1383.553, "Actual Rows": 2000000, "Actual Loops": 1, "Hash Buckets": 2097152, "Hash Batches": 1, "Original Hash Batches": 1, "Peak Memory Usage": 126040, "Plans": [{"Node Type": "Seq Scan", "Parent Relationship": "Outer", "Relation Name": "part", "Alias": "part", "Startup Cost": 0.0, "Total Cost": 61944.0, "Plan Rows": 2000000, "Plan Width": 29, "Actual Startup Time": 0.021, "Actual Total Time": 700.788, "Actual Rows": 2000000, "Actual Loops": 1}]}]}]}, "Triggers": [], "Planner Runtime": 0, "Total Runtime": 4436.433, "Unique SQL Id": 379939634}}, "(64, 9)": {"explain_plan": {"Plan": {"Node Type": "Aggregate", "Strategy": "Plain", "Startup Cost": 2475986.52, "Total Cost": 2475986.54, "Plan Rows": 1, "Plan Width": 53, "Plans": [{"Node Type": "Hash Join", "Parent Relationship": "Outer", "Join Type": "Inner", "Startup Cost": 125803.25, "Total Cost": 2463388.22, "Plan Rows": 719903, "Plan Width": 37, "Inner Unique": true, "Hash Cond": "(lineitem.l_partkey = part.p_partkey), (LLVM Optimized)", "Plans": [{"Node Type": "Index Scan", "Parent Relationship": "Outer", "Scan Direction": "Forward", "Index Name": "idx_lineitem_shipdate", "Relation Name": "lineitem", "Alias": "lineitem", "Startup Cost": 0.0, "Total Cost": 2327686.3, "Plan Rows": 719903, "Plan Width": 24, "Index Cond": "((l_shipdate >= '1996-12-01 00:00:00'::timestamp(0) without time zone) AND (l_shipdate < '1997-01-01 00:00:00'::timestamp without time zone)), (LLVM Optimized)"}, {"Node Type": "Hash", "Parent Relationship": "Inner", "Startup Cost": 100803.25, "Total Cost": 100803.25, "Plan Rows": 2000000, "Plan Width": 29, "Plans": [{"Node Type": "Index Scan", "Parent Relationship": "Outer", "Scan Direction": "Forward", "Index Name": "part_kpey", "Relation Name": "part", "Alias": "part", "Startup Cost": 0.0, "Total Cost": 100803.25, "Plan Rows": 2000000, "Plan Width": 29}]}]}]}, "Unique SQL Id": 379939634, "Planner Runtime": 1}, "explain_analyze_plan": {"Plan": {"Node Type": "Aggregate", "Strategy": "Plain", "Startup Cost": 2475986.52, "Total Cost": 2475986.54, "Plan Rows": 1, "Plan Width": 53, "Actual Startup Time": 4855.73, "Actual Total Time": 4855.73, "Actual Rows": 1, "Actual Loops": 1, "Plans": [{"Node Type": "Hash Join", "Parent Relationship": "Outer", "Join Type": "Inner", "Startup Cost": 125803.25, "Total Cost": 2463388.22, "Plan Rows": 719903, "Plan Width": 37, "Actual Startup Time": 2037.195, "Actual Total Time": 4465.551, "Actual Rows": 772803, "Actual Loops": 1, "Inner Unique": true, "Hash Cond": "(lineitem.l_partkey = part.p_partkey), (LLVM Optimized, Jit Execute)", "Plans": [{"Node Type": "Index Scan", "Parent Relationship": "Outer", "Scan Direction": "Forward", "Index Name": "idx_lineitem_shipdate", "Relation Name": "lineitem", "Alias": "lineitem", "Startup Cost": 0.0, "Total Cost": 2327686.3, "Plan Rows": 719903, "Plan Width": 24, "Actual Startup Time": 0.035, "Actual Total Time": 1837.144, "Actual Rows": 772803, "Actual Loops": 1, "Index Cond": "((l_shipdate >= '1996-12-01 00:00:00'::timestamp(0) without time zone) AND (l_shipdate < '1997-01-01 00:00:00'::timestamp without time zone)), (LLVM Optimized, Jit Execute)", "Rows Removed by Index Recheck": 0}, {"Node Type": "Hash", "Parent Relationship": "Inner", "Startup Cost": 100803.25, "Total Cost": 100803.25, "Plan Rows": 2000000, "Plan Width": 29, "Actual Startup Time": 2035.84, "Actual Total Time": 2035.84, "Actual Rows": 2000000, "Actual Loops": 1, "Hash Buckets": 2097152, "Hash Batches": 1, "Original Hash Batches": 1, "Peak Memory Usage": 126040, "Plans": [{"Node Type": "Index Scan", "Parent Relationship": "Outer", "Scan Direction": "Forward", "Index Name": "part_kpey", "Relation Name": "part", "Alias": "part", "Startup Cost": 0.0, "Total Cost": 100803.25, "Plan Rows": 2000000, "Plan Width": 29, "Actual Startup Time": 0.026, "Actual Total Time": 1275.246, "Actual Rows": 2000000, "Actual Loops": 1}]}]}]}, "Triggers": [], "Planner Runtime": 0, "Total Runtime": 4869.748, "Unique SQL Id": 379939634}}, "(64, 10)": {"explain_plan": {"Plan": {"Node Type": "Aggregate", "Strategy": "Plain", "Startup Cost": 2424491.46, "Total Cost": 2424491.48, "Plan Rows": 1, "Plan Width": 53, "Plans": [{"Node Type": "Hash Join", "Parent Relationship": "Outer", "Join Type": "Inner", "Startup Cost": 86988.58, "Total Cost": 2411893.16, "Plan Rows": 719903, "Plan Width": 37, "Inner Unique": true, "Hash Cond": "(lineitem.l_partkey = part.p_partkey), (LLVM Optimized)", "Plans": [{"Node Type": "Seq Scan", "Parent Relationship": "Outer", "Relation Name": "lineitem", "Alias": "lineitem", "Startup Cost": 44.58, "Total Cost": 2315050.5, "Plan Rows": 719903, "Plan Width": 24, "Filter": "((l_shipdate >= '1996-12-01 00:00:00'::timestamp(0) without time zone) AND (l_shipdate < '1997-01-01 00:00:00'::timestamp without time zone)), (LLVM Optimized)"}, {"Node Type": "Hash", "Parent Relationship": "Inner", "Startup Cost": 61944.0, "Total Cost": 61944.0, "Plan Rows": 2000000, "Plan Width": 29, "Plans": [{"Node Type": "Seq Scan", "Parent Relationship": "Outer", "Relation Name": "part", "Alias": "part", "Startup Cost": 0.0, "Total Cost": 61944.0, "Plan Rows": 2000000, "Plan Width": 29}]}]}]}, "Unique SQL Id": 379939634, "Planner Runtime": 1}, "explain_analyze_plan": null}, "(64, 11)": {"explain_plan": {"Plan": {"Node Type": "Aggregate", "Strategy": "Plain", "Startup Cost": 2000799156591.82, "Total Cost": 2000799156591.84, "Plan Rows": 1, "Plan Width": 53, "Plans": [{"Node Type": "Merge Join", "Parent Relationship": "Outer", "Join Type": "Inner", "Startup Cost": 20044550453.84, "Total Cost": 2000799143993.52, "Plan Rows": 719903, "Plan Width": 37, "Inner Unique": true, "Merge Cond": "(lineitem.l_partkey = part.p_partkey)", "Plans": [{"Node Type": "Index Scan", "Parent Relationship": "Outer", "Scan Direction": "Forward", "Index Name": "idx_lineitem_part_supp", "Relation Name": "lineitem", "Alias": "lineitem", "Startup Cost": 10000000000.0, "Total Cost": 1000805384836.14, "Plan Rows": 719903, "Plan Width": 24, "Filter": "((l_shipdate >= '1996-12-01 00:00:00'::timestamp(0) without time zone) AND (l_shipdate < '1997-01-01 00:00:00'::timestamp without time zone)), (LLVM Optimized)"}, {"Node Type": "Index Scan", "Parent Relationship": "Inner", "Scan Direction": "Forward", "Index Name": "part_kpey", "Relation Name": "part", "Alias": "part", "Startup Cost": 10000000000.0, "Total Cost": 1000010080325.0, "Plan Rows": 2000000, "Plan Width": 29}]}]}, "Unique SQL Id": 379939634, "Planner Runtime": 1}, "explain_analyze_plan": null}, "(64, 12)": {"explain_plan": {"Plan": {"Node Type": "Aggregate", "Strategy": "Plain", "Startup Cost": 2437127.27, "Total Cost": 2437127.29, "Plan Rows": 1, "Plan Width": 53, "Plans": [{"Node Type": "Hash Join", "Parent Relationship": "Outer", "Join Type": "Inner", "Startup Cost": 86944.0, "Total Cost": 2424528.97, "Plan Rows": 719903, "Plan Width": 37, "Inner Unique": true, "Hash Cond": "(lineitem.l_partkey = part.p_partkey), (LLVM Optimized)", "Plans": [{"Node Type": "Index Scan", "Parent Relationship": "Outer", "Scan Direction": "Forward", "Index Name": "idx_lineitem_shipdate", "Relation Name": "lineitem", "Alias": "lineitem", "Startup Cost": 0.0, "Total Cost": 2327686.3, "Plan Rows": 719903, "Plan Width": 24, "Index Cond": "((l_shipdate >= '1996-12-01 00:00:00'::timestamp(0) without time zone) AND (l_shipdate < '1997-01-01 00:00:00'::timestamp without time zone)), (LLVM Optimized)"}, {"Node Type": "Hash", "Parent Relationship": "Inner", "Startup Cost": 61944.0, "Total Cost": 61944.0, "Plan Rows": 2000000, "Plan Width": 29, "Plans": [{"Node Type": "Seq Scan", "Parent Relationship": "Outer", "Relation Name": "part", "Alias": "part", "Startup Cost": 0.0, "Total Cost": 61944.0, "Plan Rows": 2000000, "Plan Width": 29}]}]}]}, "Unique SQL Id": 379939634, "Planner Runtime": 1}, "explain_analyze_plan": {"Plan": {"Node Type": "Aggregate", "Strategy": "Plain", "Startup Cost": 2437127.27, "Total Cost": 2437127.29, "Plan Rows": 1, "Plan Width": 53, "Actual Startup Time": 4422.603, "Actual Total Time": 4422.605, "Actual Rows": 1, "Actual Loops": 1, "Plans": [{"Node Type": "Hash Join", "Parent Relationship": "Outer", "Join Type": "Inner", "Startup Cost": 86944.0, "Total Cost": 2424528.97, "Plan Rows": 719903, "Plan Width": 37, "Actual Startup Time": 1384.877, "Actual Total Time": 4035.454, "Actual Rows": 772803, "Actual Loops": 1, "Inner Unique": true, "Hash Cond": "(lineitem.l_partkey = part.p_partkey), (LLVM Optimized, Jit Execute)", "Plans": [{"Node Type": "Index Scan", "Parent Relationship": "Outer", "Scan Direction": "Forward", "Index Name": "idx_lineitem_shipdate", "Relation Name": "lineitem", "Alias": "lineitem", "Startup Cost": 0.0, "Total Cost": 2327686.3, "Plan Rows": 719903, "Plan Width": 24, "Actual Startup Time": 0.031, "Actual Total Time": 1958.157, "Actual Rows": 772803, "Actual Loops": 1, "Index Cond": "((l_shipdate >= '1996-12-01 00:00:00'::timestamp(0) without time zone) AND (l_shipdate < '1997-01-01 00:00:00'::timestamp without time zone)), (LLVM Optimized, Jit Execute)", "Rows Removed by Index Recheck": 0}, {"Node Type": "Hash", "Parent Relationship": "Inner", "Startup Cost": 61944.0, "Total Cost": 61944.0, "Plan Rows": 2000000, "Plan Width": 29, "Actual Startup Time": 1383.553, "Actual Total Time": 1383.553, "Actual Rows": 2000000, "Actual Loops": 1, "Hash Buckets": 2097152, "Hash Batches": 1, "Original Hash Batches": 1, "Peak Memory Usage": 126040, "Plans": [{"Node Type": "Seq Scan", "Parent Relationship": "Outer", "Relation Name": "part", "Alias": "part", "Startup Cost": 0.0, "Total Cost": 61944.0, "Plan Rows": 2000000, "Plan Width": 29, "Actual Startup Time": 0.021, "Actual Total Time": 700.788, "Actual Rows": 2000000, "Actual Loops": 1}]}]}]}, "Triggers": [], "Planner Runtime": 0, "Total Runtime": 4436.433, "Unique SQL Id": 379939634}}, "(64, 13)": {"explain_plan": {"Plan": {"Node Type": "Aggregate", "Strategy": "Plain", "Startup Cost": 2475986.52, "Total Cost": 2475986.54, "Plan Rows": 1, "Plan Width": 53, "Plans": [{"Node Type": "Hash Join", "Parent Relationship": "Outer", "Join Type": "Inner", "Startup Cost": 125803.25, "Total Cost": 2463388.22, "Plan Rows": 719903, "Plan Width": 37, "Inner Unique": true, "Hash Cond": "(lineitem.l_partkey = part.p_partkey), (LLVM Optimized)", "Plans": [{"Node Type": "Index Scan", "Parent Relationship": "Outer", "Scan Direction": "Forward", "Index Name": "idx_lineitem_shipdate", "Relation Name": "lineitem", "Alias": "lineitem", "Startup Cost": 0.0, "Total Cost": 2327686.3, "Plan Rows": 719903, "Plan Width": 24, "Index Cond": "((l_shipdate >= '1996-12-01 00:00:00'::timestamp(0) without time zone) AND (l_shipdate < '1997-01-01 00:00:00'::timestamp without time zone)), (LLVM Optimized)"}, {"Node Type": "Hash", "Parent Relationship": "Inner", "Startup Cost": 100803.25, "Total Cost": 100803.25, "Plan Rows": 2000000, "Plan Width": 29, "Plans": [{"Node Type": "Index Scan", "Parent Relationship": "Outer", "Scan Direction": "Forward", "Index Name": "part_kpey", "Relation Name": "part", "Alias": "part", "Startup Cost": 0.0, "Total Cost": 100803.25, "Plan Rows": 2000000, "Plan Width": 29}]}]}]}, "Unique SQL Id": 379939634, "Planner Runtime": 0}, "explain_analyze_plan": {"Plan": {"Node Type": "Aggregate", "Strategy": "Plain", "Startup Cost": 2475986.52, "Total Cost": 2475986.54, "Plan Rows": 1, "Plan Width": 53, "Actual Startup Time": 4855.73, "Actual Total Time": 4855.73, "Actual Rows": 1, "Actual Loops": 1, "Plans": [{"Node Type": "Hash Join", "Parent Relationship": "Outer", "Join Type": "Inner", "Startup Cost": 125803.25, "Total Cost": 2463388.22, "Plan Rows": 719903, "Plan Width": 37, "Actual Startup Time": 2037.195, "Actual Total Time": 4465.551, "Actual Rows": 772803, "Actual Loops": 1, "Inner Unique": true, "Hash Cond": "(lineitem.l_partkey = part.p_partkey), (LLVM Optimized, Jit Execute)", "Plans": [{"Node Type": "Index Scan", "Parent Relationship": "Outer", "Scan Direction": "Forward", "Index Name": "idx_lineitem_shipdate", "Relation Name": "lineitem", "Alias": "lineitem", "Startup Cost": 0.0, "Total Cost": 2327686.3, "Plan Rows": 719903, "Plan Width": 24, "Actual Startup Time": 0.035, "Actual Total Time": 1837.144, "Actual Rows": 772803, "Actual Loops": 1, "Index Cond": "((l_shipdate >= '1996-12-01 00:00:00'::timestamp(0) without time zone) AND (l_shipdate < '1997-01-01 00:00:00'::timestamp without time zone)), (LLVM Optimized, Jit Execute)", "Rows Removed by Index Recheck": 0}, {"Node Type": "Hash", "Parent Relationship": "Inner", "Startup Cost": 100803.25, "Total Cost": 100803.25, "Plan Rows": 2000000, "Plan Width": 29, "Actual Startup Time": 2035.84, "Actual Total Time": 2035.84, "Actual Rows": 2000000, "Actual Loops": 1, "Hash Buckets": 2097152, "Hash Batches": 1, "Original Hash Batches": 1, "Peak Memory Usage": 126040, "Plans": [{"Node Type": "Index Scan", "Parent Relationship": "Outer", "Scan Direction": "Forward", "Index Name": "part_kpey", "Relation Name": "part", "Alias": "part", "Startup Cost": 0.0, "Total Cost": 100803.25, "Plan Rows": 2000000, "Plan Width": 29, "Actual Startup Time": 0.026, "Actual Total Time": 1275.246, "Actual Rows": 2000000, "Actual Loops": 1}]}]}]}, "Triggers": [], "Planner Runtime": 0, "Total Runtime": 4869.748, "Unique SQL Id": 379939634}}, "(64, 14)": {"explain_plan": {"Plan": {"Node Type": "Aggregate", "Strategy": "Plain", "Startup Cost": 2424491.46, "Total Cost": 2424491.48, "Plan Rows": 1, "Plan Width": 53, "Plans": [{"Node Type": "Hash Join", "Parent Relationship": "Outer", "Join Type": "Inner", "Startup Cost": 86988.58, "Total Cost": 2411893.16, "Plan Rows": 719903, "Plan Width": 37, "Inner Unique": true, "Hash Cond": "(lineitem.l_partkey = part.p_partkey), (LLVM Optimized)", "Plans": [{"Node Type": "Seq Scan", "Parent Relationship": "Outer", "Relation Name": "lineitem", "Alias": "lineitem", "Startup Cost": 44.58, "Total Cost": 2315050.5, "Plan Rows": 719903, "Plan Width": 24, "Filter": "((l_shipdate >= '1996-12-01 00:00:00'::timestamp(0) without time zone) AND (l_shipdate < '1997-01-01 00:00:00'::timestamp without time zone)), (LLVM Optimized)"}, {"Node Type": "Hash", "Parent Relationship": "Inner", "Startup Cost": 61944.0, "Total Cost": 61944.0, "Plan Rows": 2000000, "Plan Width": 29, "Plans": [{"Node Type": "Seq Scan", "Parent Relationship": "Outer", "Relation Name": "part", "Alias": "part", "Startup Cost": 0.0, "Total Cost": 61944.0, "Plan Rows": 2000000, "Plan Width": 29}]}]}]}, "Unique SQL Id": 379939634, "Planner Runtime": 0}, "explain_analyze_plan": null}, "(64, 15)": {"explain_plan": {"Plan": {"Node Type": "Aggregate", "Strategy": "Plain", "Startup Cost": 2000799156591.82, "Total Cost": 2000799156591.84, "Plan Rows": 1, "Plan Width": 53, "Plans": [{"Node Type": "Merge Join", "Parent Relationship": "Outer", "Join Type": "Inner", "Startup Cost": 20044550453.84, "Total Cost": 2000799143993.52, "Plan Rows": 719903, "Plan Width": 37, "Inner Unique": true, "Merge Cond": "(lineitem.l_partkey = part.p_partkey)", "Plans": [{"Node Type": "Index Scan", "Parent Relationship": "Outer", "Scan Direction": "Forward", "Index Name": "idx_lineitem_part_supp", "Relation Name": "lineitem", "Alias": "lineitem", "Startup Cost": 10000000000.0, "Total Cost": 1000805384836.14, "Plan Rows": 719903, "Plan Width": 24, "Filter": "((l_shipdate >= '1996-12-01 00:00:00'::timestamp(0) without time zone) AND (l_shipdate < '1997-01-01 00:00:00'::timestamp without time zone)), (LLVM Optimized)"}, {"Node Type": "Index Scan", "Parent Relationship": "Inner", "Scan Direction": "Forward", "Index Name": "part_kpey", "Relation Name": "part", "Alias": "part", "Startup Cost": 10000000000.0, "Total Cost": 1000010080325.0, "Plan Rows": 2000000, "Plan Width": 29}]}]}, "Unique SQL Id": 379939634, "Planner Runtime": 0}, "explain_analyze_plan": null}, "(64, 16)": {"explain_plan": {"Plan": {"Node Type": "Aggregate", "Strategy": "Plain", "Startup Cost": 1434236.03, "Total Cost": 1434236.04, "Plan Rows": 1, "Plan Width": 53, "Plans": [{"Node Type": "Merge Join", "Parent Relationship": "Outer", "Join Type": "Inner", "Startup Cost": 1305042.44, "Total Cost": 1421637.72, "Plan Rows": 719903, "Plan Width": 37, "Inner Unique": false, "Merge Cond": "(part.p_partkey = lineitem.l_partkey)", "Plans": [{"Node Type": "Index Scan", "Parent Relationship": "Outer", "Scan Direction": "Forward", "Index Name": "part_kpey", "Relation Name": "part", "Alias": "part", "Startup Cost": 0.0, "Total Cost": 100803.25, "Plan Rows": 2000000, "Plan Width": 29}, {"Node Type": "Sort", "Parent Relationship": "Inner", "Startup Cost": 1305037.68, "Total Cost": 1306837.43, "Plan Rows": 719903, "Plan Width": 24, "Sort Key": ["lineitem.l_partkey"], "Plans": [{"Node Type": "Bitmap Heap Scan", "Parent Relationship": "Outer", "Relation Name": "lineitem", "Alias": "lineitem", "Startup Cost": 24943.26, "Total Cost": 1235000.32, "Plan Rows": 719903, "Plan Width": 24, "Recheck Cond": "((l_shipdate >= '1996-12-01 00:00:00'::timestamp(0) without time zone) AND (l_shipdate < '1997-01-01 00:00:00'::timestamp without time zone)), (LLVM Optimized)", "Plans": [{"Node Type": "Bitmap Index Scan", "Parent Relationship": "Outer", "Index Name": "idx_lineitem_shipdate", "Startup Cost": 0.0, "Total Cost": 24763.28, "Plan Rows": 719903, "Plan Width": 0, "Index Cond": "((l_shipdate >= '1996-12-01 00:00:00'::timestamp(0) without time zone) AND (l_shipdate < '1997-01-01 00:00:00'::timestamp without time zone))"}]}]}]}]}, "Unique SQL Id": 379939634, "Planner Runtime": 0}, "explain_analyze_plan": {"Plan": {"Node Type": "Aggregate", "Strategy": "Plain", "Startup Cost": 1434236.03, "Total Cost": 1434236.04, "Plan Rows": 1, "Plan Width": 53, "Actual Startup Time": 4581.389, "Actual Total Time": 4581.39, "Actual Rows": 1, "Actual Loops": 1, "Plans": [{"Node Type": "Merge Join", "Parent Relationship": "Outer", "Join Type": "Inner", "Startup Cost": 1305042.44, "Total Cost": 1421637.72, "Plan Rows": 719903, "Plan Width": 37, "Actual Startup Time": 2105.082, "Actual Total Time": 4198.577, "Actual Rows": 772803, "Actual Loops": 1, "Inner Unique": false, "Merge Cond": "(part.p_partkey = lineitem.l_partkey)", "Plans": [{"Node Type": "Index Scan", "Parent Relationship": "Outer", "Scan Direction": "Forward", "Index Name": "part_kpey", "Relation Name": "part", "Alias": "part", "Startup Cost": 0.0, "Total Cost": 100803.25, "Plan Rows": 2000000, "Plan Width": 29, "Actual Startup Time": 0.029, "Actual Total Time": 1259.061, "Actual Rows": 2000000, "Actual Loops": 1}, {"Node Type": "Sort", "Parent Relationship": "Inner", "Startup Cost": 1305037.68, "Total Cost": 1306837.43, "Plan Rows": 719903, "Plan Width": 24, "Actual Startup Time": 2105.022, "Actual Total Time": 2306.226, "Actual Rows": 772803, "Actual Loops": 1, "Sort Key": ["lineitem.l_partkey"], "Sort Method": "quicksort", "Sort Space Used": 97027, "Sort Space Type": "Memory", "Plans": [{"Node Type": "Bitmap Heap Scan", "Parent Relationship": "Outer", "Relation Name": "lineitem", "Alias": "lineitem", "Startup Cost": 24943.26, "Total Cost": 1235000.32, "Plan Rows": 719903, "Plan Width": 24, "Actual Startup Time": 466.791, "Actual Total Time": 1767.868, "Actual Rows": 772803, "Actual Loops": 1, "Recheck Cond": "((l_shipdate >= '1996-12-01 00:00:00'::timestamp(0) without time zone) AND (l_shipdate < '1997-01-01 00:00:00'::timestamp without time zone)), (LLVM Optimized, Jit Execute)", "Rows Removed by Index Recheck": 0, "Exact Heap Blocks": 437909, "Lossy Heap Blocks": 437909, "Plans": [{"Node Type": "Bitmap Index Scan", "Parent Relationship": "Outer", "Index Name": "idx_lineitem_shipdate", "Startup Cost": 0.0, "Total Cost": 24763.28, "Plan Rows": 719903, "Plan Width": 0, "Actual Startup Time": 302.252, "Actual Total Time": 302.252, "Actual Rows": 772803, "Actual Loops": 1, "Index Cond": "((l_shipdate >= '1996-12-01 00:00:00'::timestamp(0) without time zone) AND (l_shipdate < '1997-01-01 00:00:00'::timestamp without time zone))"}]}]}]}]}, "Triggers": [], "Planner Runtime": 0, "Total Runtime": 4592.352, "Unique SQL Id": 379939634}}, "(64, 17)": {"explain_plan": {"Plan": {"Node Type": "Aggregate", "Strategy": "Plain", "Startup Cost": 1434236.03, "Total Cost": 1434236.04, "Plan Rows": 1, "Plan Width": 53, "Plans": [{"Node Type": "Merge Join", "Parent Relationship": "Outer", "Join Type": "Inner", "Startup Cost": 1305042.44, "Total Cost": 1421637.72, "Plan Rows": 719903, "Plan Width": 37, "Inner Unique": true, "Merge Cond": "(lineitem.l_partkey = part.p_partkey)", "Plans": [{"Node Type": "Sort", "Parent Relationship": "Outer", "Startup Cost": 1305037.68, "Total Cost": 1306837.43, "Plan Rows": 719903, "Plan Width": 24, "Sort Key": ["lineitem.l_partkey"], "Plans": [{"Node Type": "Bitmap Heap Scan", "Parent Relationship": "Outer", "Relation Name": "lineitem", "Alias": "lineitem", "Startup Cost": 24943.26, "Total Cost": 1235000.32, "Plan Rows": 719903, "Plan Width": 24, "Recheck Cond": "((l_shipdate >= '1996-12-01 00:00:00'::timestamp(0) without time zone) AND (l_shipdate < '1997-01-01 00:00:00'::timestamp without time zone)), (LLVM Optimized)", "Plans": [{"Node Type": "Bitmap Index Scan", "Parent Relationship": "Outer", "Index Name": "idx_lineitem_shipdate", "Startup Cost": 0.0, "Total Cost": 24763.28, "Plan Rows": 719903, "Plan Width": 0, "Index Cond": "((l_shipdate >= '1996-12-01 00:00:00'::timestamp(0) without time zone) AND (l_shipdate < '1997-01-01 00:00:00'::timestamp without time zone))"}]}]}, {"Node Type": "Index Scan", "Parent Relationship": "Inner", "Scan Direction": "Forward", "Index Name": "part_kpey", "Relation Name": "part", "Alias": "part", "Startup Cost": 0.0, "Total Cost": 100803.25, "Plan Rows": 2000000, "Plan Width": 29}]}]}, "Unique SQL Id": 379939634, "Planner Runtime": 1}, "explain_analyze_plan": {"Plan": {"Node Type": "Aggregate", "Strategy": "Plain", "Startup Cost": 1434236.03, "Total Cost": 1434236.04, "Plan Rows": 1, "Plan Width": 53, "Actual Startup Time": 4680.776, "Actual Total Time": 4680.777, "Actual Rows": 1, "Actual Loops": 1, "Plans": [{"Node Type": "Merge Join", "Parent Relationship": "Outer", "Join Type": "Inner", "Startup Cost": 1305042.44, "Total Cost": 1421637.72, "Plan Rows": 719903, "Plan Width": 37, "Actual Startup Time": 2097.468, "Actual Total Time": 4297.999, "Actual Rows": 772803, "Actual Loops": 1, "Inner Unique": true, "Merge Cond": "(lineitem.l_partkey = part.p_partkey)", "Plans": [{"Node Type": "Sort", "Parent Relationship": "Outer", "Startup Cost": 1305037.68, "Total Cost": 1306837.43, "Plan Rows": 719903, "Plan Width": 24, "Actual Startup Time": 2097.392, "Actual Total Time": 2301.672, "Actual Rows": 772803, "Actual Loops": 1, "Sort Key": ["lineitem.l_partkey"], "Sort Method": "quicksort", "Sort Space Used": 97027, "Sort Space Type": "Memory", "Plans": [{"Node Type": "Bitmap Heap Scan", "Parent Relationship": "Outer", "Relation Name": "lineitem", "Alias": "lineitem", "Startup Cost": 24943.26, "Total Cost": 1235000.32, "Plan Rows": 719903, "Plan Width": 24, "Actual Startup Time": 487.032, "Actual Total Time": 1765.98, "Actual Rows": 772803, "Actual Loops": 1, "Recheck Cond": "((l_shipdate >= '1996-12-01 00:00:00'::timestamp(0) without time zone) AND (l_shipdate < '1997-01-01 00:00:00'::timestamp without time zone)), (LLVM Optimized, Jit Execute)", "Rows Removed by Index Recheck": 0, "Exact Heap Blocks": 437909, "Lossy Heap Blocks": 437909, "Plans": [{"Node Type": "Bitmap Index Scan", "Parent Relationship": "Outer", "Index Name": "idx_lineitem_shipdate", "Startup Cost": 0.0, "Total Cost": 24763.28, "Plan Rows": 719903, "Plan Width": 0, "Actual Startup Time": 315.359, "Actual Total Time": 315.359, "Actual Rows": 772803, "Actual Loops": 1, "Index Cond": "((l_shipdate >= '1996-12-01 00:00:00'::timestamp(0) without time zone) AND (l_shipdate < '1997-01-01 00:00:00'::timestamp without time zone))"}]}]}, {"Node Type": "Index Scan", "Parent Relationship": "Inner", "Scan Direction": "Forward", "Index Name": "part_kpey", "Relation Name": "part", "Alias": "part", "Startup Cost": 0.0, "Total Cost": 100803.25, "Plan Rows": 2000000, "Plan Width": 29, "Actual Startup Time": 0.055, "Actual Total Time": 1279.316, "Actual Rows": 1999999, "Actual Loops": 1}]}]}, "Triggers": [], "Planner Runtime": 0, "Total Runtime": 4691.898, "Unique SQL Id": 379939634}}, "(64, 18)": {"explain_plan": {"Plan": {"Node Type": "Aggregate", "Strategy": "Plain", "Startup Cost": 1609694.04, "Total Cost": 1609694.06, "Plan Rows": 1, "Plan Width": 53, "Plans": [{"Node Type": "Merge Join", "Parent Relationship": "Outer", "Join Type": "Inner", "Startup Cost": 1576297.81, "Total Cost": 1597095.74, "Plan Rows": 719903, "Plan Width": 37, "Inner Unique": true, "Merge Cond": "(lineitem.l_partkey = part.p_partkey)", "Plans": [{"Node Type": "Sort", "Parent Relationship": "Outer", "Startup Cost": 1305037.68, "Total Cost": 1306837.43, "Plan Rows": 719903, "Plan Width": 24, "Sort Key": ["lineitem.l_partkey"], "Plans": [{"Node Type": "Bitmap Heap Scan", "Parent Relationship": "Outer", "Relation Name": "lineitem", "Alias": "lineitem", "Startup Cost": 24943.26, "Total Cost": 1235000.32, "Plan Rows": 719903, "Plan Width": 24, "Recheck Cond": "((l_shipdate >= '1996-12-01 00:00:00'::timestamp(0) without time zone) AND (l_shipdate < '1997-01-01 00:00:00'::timestamp without time zone)), (LLVM Optimized)", "Plans": [{"Node Type": "Bitmap Index Scan", "Parent Relationship": "Outer", "Index Name": "idx_lineitem_shipdate", "Startup Cost": 0.0, "Total Cost": 24763.28, "Plan Rows": 719903, "Plan Width": 0, "Index Cond": "((l_shipdate >= '1996-12-01 00:00:00'::timestamp(0) without time zone) AND (l_shipdate < '1997-01-01 00:00:00'::timestamp without time zone))"}]}]}, {"Node Type": "Sort", "Parent Relationship": "Inner", "Startup Cost": 271259.69, "Total Cost": 276259.69, "Plan Rows": 2000000, "Plan Width": 29, "Sort Key": ["part.p_partkey"], "Plans": [{"Node Type": "Seq Scan", "Parent Relationship": "Outer", "Relation Name": "part", "Alias": "part", "Startup Cost": 0.0, "Total Cost": 61944.0, "Plan Rows": 2000000, "Plan Width": 29}]}]}]}, "Unique SQL Id": 379939634, "Planner Runtime": 1}, "explain_analyze_plan": {"Plan": {"Node Type": "Aggregate", "Strategy": "Plain", "Startup Cost": 1609694.04, "Total Cost": 1609694.06, "Plan Rows": 1, "Plan Width": 53, "Actual Startup Time": 5029.907, "Actual Total Time": 5029.908, "Actual Rows": 1, "Actual Loops": 1, "Plans": [{"Node Type": "Merge Join", "Parent Relationship": "Outer", "Join Type": "Inner", "Startup Cost": 1576297.81, "Total Cost": 1597095.74, "Plan Rows": 719903, "Plan Width": 37, "Actual Startup Time": 3502.144, "Actual Total Time": 4677.584, "Actual Rows": 772803, "Actual Loops": 1, "Inner Unique": true, "Merge Cond": "(lineitem.l_partkey = part.p_partkey)", "Plans": [{"Node Type": "Sort", "Parent Relationship": "Outer", "Startup Cost": 1305037.68, "Total Cost": 1306837.43, "Plan Rows": 719903, "Plan Width": 24, "Actual Startup Time": 2131.294, "Actual Total Time": 2368.802, "Actual Rows": 772803, "Actual Loops": 1, "Sort Key": ["lineitem.l_partkey"], "Sort Method": "quicksort", "Sort Space Used": 97027, "Sort Space Type": "Memory", "Plans": [{"Node Type": "Bitmap Heap Scan", "Parent Relationship": "Outer", "Relation Name": "lineitem", "Alias": "lineitem", "Startup Cost": 24943.26, "Total Cost": 1235000.32, "Plan Rows": 719903, "Plan Width": 24, "Actual Startup Time": 472.125, "Actual Total Time": 1796.18, "Actual Rows": 772803, "Actual Loops": 1, "Recheck Cond": "((l_shipdate >= '1996-12-01 00:00:00'::timestamp(0) without time zone) AND (l_shipdate < '1997-01-01 00:00:00'::timestamp without time zone)), (LLVM Optimized, Jit Execute)", "Rows Removed by Index Recheck": 0, "Exact Heap Blocks": 437909, "Lossy Heap Blocks": 437909, "Plans": [{"Node Type": "Bitmap Index Scan", "Parent Relationship": "Outer", "Index Name": "idx_lineitem_shipdate", "Startup Cost": 0.0, "Total Cost": 24763.28, "Plan Rows": 719903, "Plan Width": 0, "Actual Startup Time": 307.342, "Actual Total Time": 307.342, "Actual Rows": 772803, "Actual Loops": 1, "Index Cond": "((l_shipdate >= '1996-12-01 00:00:00'::timestamp(0) without time zone) AND (l_shipdate < '1997-01-01 00:00:00'::timestamp without time zone))"}]}]}, {"Node Type": "Sort", "Parent Relationship": "Inner", "Startup Cost": 271259.69, "Total Cost": 276259.69, "Plan Rows": 2000000, "Plan Width": 29, "Actual Startup Time": 1370.831, "Actual Total Time": 1647.308, "Actual Rows": 1999999, "Actual Loops": 1, "Sort Key": ["part.p_partkey"], "Sort Method": "quicksort", "Sort Space Used": 236653, "Sort Space Type": "Memory", "Plans": [{"Node Type": "Seq Scan", "Parent Relationship": "Outer", "Relation Name": "part", "Alias": "part", "Startup Cost": 0.0, "Total Cost": 61944.0, "Plan Rows": 2000000, "Plan Width": 29, "Actual Startup Time": 0.069, "Actual Total Time": 690.637, "Actual Rows": 2000000, "Actual Loops": 1}]}]}]}, "Triggers": [], "Planner Runtime": 0, "Total Runtime": 5041.026, "Unique SQL Id": 379939634}}, "(64, 19)": {"explain_plan": {"Plan": {"Node Type": "Aggregate", "Strategy": "Plain", "Startup Cost": 4357819.44, "Total Cost": 4357819.45, "Plan Rows": 1, "Plan Width": 53, "Plans": [{"Node Type": "Nested Loop", "Parent Relationship": "Outer", "Join Type": "Inner", "Startup Cost": 24943.55, "Total Cost": 4345221.13, "Plan Rows": 719903, "Plan Width": 37, "Inner Unique": true, "Plans": [{"Node Type": "Bitmap Heap Scan", "Parent Relationship": "Outer", "Relation Name": "lineitem", "Alias": "lineitem", "Startup Cost": 24943.26, "Total Cost": 1235000.32, "Plan Rows": 719903, "Plan Width": 24, "Recheck Cond": "((l_shipdate >= '1996-12-01 00:00:00'::timestamp(0) without time zone) AND (l_shipdate < '1997-01-01 00:00:00'::timestamp without time zone)), (LLVM Optimized)", "Plans": [{"Node Type": "Bitmap Index Scan", "Parent Relationship": "Outer", "Index Name": "idx_lineitem_shipdate", "Startup Cost": 0.0, "Total Cost": 24763.28, "Plan Rows": 719903, "Plan Width": 0, "Index Cond": "((l_shipdate >= '1996-12-01 00:00:00'::timestamp(0) without time zone) AND (l_shipdate < '1997-01-01 00:00:00'::timestamp without time zone))"}]}, {"Node Type": "Bitmap Heap Scan", "Parent Relationship": "Inner", "Relation Name": "part", "Alias": "part", "Startup Cost": 0.3, "Total Cost": 4.31, "Plan Rows": 1, "Plan Width": 29, "Recheck Cond": "(p_partkey = lineitem.l_partkey)", "Plans": [{"Node Type": "Bitmap Index Scan", "Parent Relationship": "Outer", "Index Name": "part_kpey", "Startup Cost": 0.0, "Total Cost": 0.3, "Plan Rows": 1, "Plan Width": 0, "Index Cond": "(p_partkey = lineitem.l_partkey)"}]}]}]}, "Unique SQL Id": 379939634, "Planner Runtime": 0}, "explain_analyze_plan": {"Plan": {"Node Type": "Aggregate", "Strategy": "Plain", "Startup Cost": 4357819.44, "Total Cost": 4357819.45, "Plan Rows": 1, "Plan Width": 53, "Actual Startup Time": 8374.121, "Actual Total Time": 8374.121, "Actual Rows": 1, "Actual Loops": 1, "Plans": [{"Node Type": "Nested Loop", "Parent Relationship": "Outer", "Join Type": "Inner", "Startup Cost": 24943.55, "Total Cost": 4345221.13, "Plan Rows": 719903, "Plan Width": 37, "Actual Startup Time": 511.97, "Actual Total Time": 7861.902, "Actual Rows": 772803, "Actual Loops": 1, "Inner Unique": true, "Plans": [{"Node Type": "Bitmap Heap Scan", "Parent Relationship": "Outer", "Relation Name": "lineitem", "Alias": "lineitem", "Startup Cost": 24943.26, "Total Cost": 1235000.32, "Plan Rows": 719903, "Plan Width": 24, "Actual Startup Time": 511.814, "Actual Total Time": 1803.715, "Actual Rows": 772803, "Actual Loops": 1, "Recheck Cond": "((l_shipdate >= '1996-12-01 00:00:00'::timestamp(0) without time zone) AND (l_shipdate < '1997-01-01 00:00:00'::timestamp without time zone)), (LLVM Optimized, Jit Execute)", "Rows Removed by Index Recheck": 0, "Exact Heap Blocks": 437909, "Lossy Heap Blocks": 437909, "Plans": [{"Node Type": "Bitmap Index Scan", "Parent Relationship": "Outer", "Index Name": "idx_lineitem_shipdate", "Startup Cost": 0.0, "Total Cost": 24763.28, "Plan Rows": 719903, "Plan Width": 0, "Actual Startup Time": 303.892, "Actual Total Time": 303.892, "Actual Rows": 772803, "Actual Loops": 1, "Index Cond": "((l_shipdate >= '1996-12-01 00:00:00'::timestamp(0) without time zone) AND (l_shipdate < '1997-01-01 00:00:00'::timestamp without time zone))"}]}, {"Node Type": "Bitmap Heap Scan", "Parent Relationship": "Inner", "Relation Name": "part", "Alias": "part", "Startup Cost": 0.3, "Total Cost": 4.31, "Plan Rows": 1, "Plan Width": 29, "Actual Startup Time": 4978.943, "Actual Total Time": 4978.943, "Actual Rows": 772803, "Actual Loops": 772803, "Recheck Cond": "(p_partkey = lineitem.l_partkey)", "Rows Removed by Index Recheck": 0, "Exact Heap Blocks": 772803, "Lossy Heap Blocks": 772803, "Plans": [{"Node Type": "Bitmap Index Scan", "Parent Relationship": "Outer", "Index Name": "part_kpey", "Startup Cost": 0.0, "Total Cost": 0.3, "Plan Rows": 1, "Plan Width": 0, "Actual Startup Time": 3069.068, "Actual Total Time": 3069.068, "Actual Rows": 772803, "Actual Loops": 772803, "Index Cond": "(p_partkey = lineitem.l_partkey)"}]}]}]}, "Triggers": [], "Planner Runtime": 0, "Total Runtime": 8385.255, "Unique SQL Id": 379939634}}, "(64, 20)": {"explain_plan": {"Plan": {"Node Type": "Aggregate", "Strategy": "Plain", "Startup Cost": 1434236.03, "Total Cost": 1434236.04, "Plan Rows": 1, "Plan Width": 53, "Plans": [{"Node Type": "Merge Join", "Parent Relationship": "Outer", "Join Type": "Inner", "Startup Cost": 1305042.44, "Total Cost": 1421637.72, "Plan Rows": 719903, "Plan Width": 37, "Inner Unique": false, "Merge Cond": "(part.p_partkey = lineitem.l_partkey)", "Plans": [{"Node Type": "Index Scan", "Parent Relationship": "Outer", "Scan Direction": "Forward", "Index Name": "part_kpey", "Relation Name": "part", "Alias": "part", "Startup Cost": 0.0, "Total Cost": 100803.25, "Plan Rows": 2000000, "Plan Width": 29}, {"Node Type": "Sort", "Parent Relationship": "Inner", "Startup Cost": 1305037.68, "Total Cost": 1306837.43, "Plan Rows": 719903, "Plan Width": 24, "Sort Key": ["lineitem.l_partkey"], "Plans": [{"Node Type": "Bitmap Heap Scan", "Parent Relationship": "Outer", "Relation Name": "lineitem", "Alias": "lineitem", "Startup Cost": 24943.26, "Total Cost": 1235000.32, "Plan Rows": 719903, "Plan Width": 24, "Recheck Cond": "((l_shipdate >= '1996-12-01 00:00:00'::timestamp(0) without time zone) AND (l_shipdate < '1997-01-01 00:00:00'::timestamp without time zone)), (LLVM Optimized)", "Plans": [{"Node Type": "Bitmap Index Scan", "Parent Relationship": "Outer", "Index Name": "idx_lineitem_shipdate", "Startup Cost": 0.0, "Total Cost": 24763.28, "Plan Rows": 719903, "Plan Width": 0, "Index Cond": "((l_shipdate >= '1996-12-01 00:00:00'::timestamp(0) without time zone) AND (l_shipdate < '1997-01-01 00:00:00'::timestamp without time zone))"}]}]}]}]}, "Unique SQL Id": 379939634, "Planner Runtime": 0}, "explain_analyze_plan": {"Plan": {"Node Type": "Aggregate", "Strategy": "Plain", "Startup Cost": 1434236.03, "Total Cost": 1434236.04, "Plan Rows": 1, "Plan Width": 53, "Actual Startup Time": 4581.389, "Actual Total Time": 4581.39, "Actual Rows": 1, "Actual Loops": 1, "Plans": [{"Node Type": "Merge Join", "Parent Relationship": "Outer", "Join Type": "Inner", "Startup Cost": 1305042.44, "Total Cost": 1421637.72, "Plan Rows": 719903, "Plan Width": 37, "Actual Startup Time": 2105.082, "Actual Total Time": 4198.577, "Actual Rows": 772803, "Actual Loops": 1, "Inner Unique": false, "Merge Cond": "(part.p_partkey = lineitem.l_partkey)", "Plans": [{"Node Type": "Index Scan", "Parent Relationship": "Outer", "Scan Direction": "Forward", "Index Name": "part_kpey", "Relation Name": "part", "Alias": "part", "Startup Cost": 0.0, "Total Cost": 100803.25, "Plan Rows": 2000000, "Plan Width": 29, "Actual Startup Time": 0.029, "Actual Total Time": 1259.061, "Actual Rows": 2000000, "Actual Loops": 1}, {"Node Type": "Sort", "Parent Relationship": "Inner", "Startup Cost": 1305037.68, "Total Cost": 1306837.43, "Plan Rows": 719903, "Plan Width": 24, "Actual Startup Time": 2105.022, "Actual Total Time": 2306.226, "Actual Rows": 772803, "Actual Loops": 1, "Sort Key": ["lineitem.l_partkey"], "Sort Method": "quicksort", "Sort Space Used": 97027, "Sort Space Type": "Memory", "Plans": [{"Node Type": "Bitmap Heap Scan", "Parent Relationship": "Outer", "Relation Name": "lineitem", "Alias": "lineitem", "Startup Cost": 24943.26, "Total Cost": 1235000.32, "Plan Rows": 719903, "Plan Width": 24, "Actual Startup Time": 466.791, "Actual Total Time": 1767.868, "Actual Rows": 772803, "Actual Loops": 1, "Recheck Cond": "((l_shipdate >= '1996-12-01 00:00:00'::timestamp(0) without time zone) AND (l_shipdate < '1997-01-01 00:00:00'::timestamp without time zone)), (LLVM Optimized, Jit Execute)", "Rows Removed by Index Recheck": 0, "Exact Heap Blocks": 437909, "Lossy Heap Blocks": 437909, "Plans": [{"Node Type": "Bitmap Index Scan", "Parent Relationship": "Outer", "Index Name": "idx_lineitem_shipdate", "Startup Cost": 0.0, "Total Cost": 24763.28, "Plan Rows": 719903, "Plan Width": 0, "Actual Startup Time": 302.252, "Actual Total Time": 302.252, "Actual Rows": 772803, "Actual Loops": 1, "Index Cond": "((l_shipdate >= '1996-12-01 00:00:00'::timestamp(0) without time zone) AND (l_shipdate < '1997-01-01 00:00:00'::timestamp without time zone))"}]}]}]}]}, "Triggers": [], "Planner Runtime": 0, "Total Runtime": 4592.352, "Unique SQL Id": 379939634}}, "(64, 21)": {"explain_plan": {"Plan": {"Node Type": "Aggregate", "Strategy": "Plain", "Startup Cost": 1434236.03, "Total Cost": 1434236.04, "Plan Rows": 1, "Plan Width": 53, "Plans": [{"Node Type": "Merge Join", "Parent Relationship": "Outer", "Join Type": "Inner", "Startup Cost": 1305042.44, "Total Cost": 1421637.72, "Plan Rows": 719903, "Plan Width": 37, "Inner Unique": true, "Merge Cond": "(lineitem.l_partkey = part.p_partkey)", "Plans": [{"Node Type": "Sort", "Parent Relationship": "Outer", "Startup Cost": 1305037.68, "Total Cost": 1306837.43, "Plan Rows": 719903, "Plan Width": 24, "Sort Key": ["lineitem.l_partkey"], "Plans": [{"Node Type": "Bitmap Heap Scan", "Parent Relationship": "Outer", "Relation Name": "lineitem", "Alias": "lineitem", "Startup Cost": 24943.26, "Total Cost": 1235000.32, "Plan Rows": 719903, "Plan Width": 24, "Recheck Cond": "((l_shipdate >= '1996-12-01 00:00:00'::timestamp(0) without time zone) AND (l_shipdate < '1997-01-01 00:00:00'::timestamp without time zone)), (LLVM Optimized)", "Plans": [{"Node Type": "Bitmap Index Scan", "Parent Relationship": "Outer", "Index Name": "idx_lineitem_shipdate", "Startup Cost": 0.0, "Total Cost": 24763.28, "Plan Rows": 719903, "Plan Width": 0, "Index Cond": "((l_shipdate >= '1996-12-01 00:00:00'::timestamp(0) without time zone) AND (l_shipdate < '1997-01-01 00:00:00'::timestamp without time zone))"}]}]}, {"Node Type": "Index Scan", "Parent Relationship": "Inner", "Scan Direction": "Forward", "Index Name": "part_kpey", "Relation Name": "part", "Alias": "part", "Startup Cost": 0.0, "Total Cost": 100803.25, "Plan Rows": 2000000, "Plan Width": 29}]}]}, "Unique SQL Id": 379939634, "Planner Runtime": 0}, "explain_analyze_plan": {"Plan": {"Node Type": "Aggregate", "Strategy": "Plain", "Startup Cost": 1434236.03, "Total Cost": 1434236.04, "Plan Rows": 1, "Plan Width": 53, "Actual Startup Time": 4680.776, "Actual Total Time": 4680.777, "Actual Rows": 1, "Actual Loops": 1, "Plans": [{"Node Type": "Merge Join", "Parent Relationship": "Outer", "Join Type": "Inner", "Startup Cost": 1305042.44, "Total Cost": 1421637.72, "Plan Rows": 719903, "Plan Width": 37, "Actual Startup Time": 2097.468, "Actual Total Time": 4297.999, "Actual Rows": 772803, "Actual Loops": 1, "Inner Unique": true, "Merge Cond": "(lineitem.l_partkey = part.p_partkey)", "Plans": [{"Node Type": "Sort", "Parent Relationship": "Outer", "Startup Cost": 1305037.68, "Total Cost": 1306837.43, "Plan Rows": 719903, "Plan Width": 24, "Actual Startup Time": 2097.392, "Actual Total Time": 2301.672, "Actual Rows": 772803, "Actual Loops": 1, "Sort Key": ["lineitem.l_partkey"], "Sort Method": "quicksort", "Sort Space Used": 97027, "Sort Space Type": "Memory", "Plans": [{"Node Type": "Bitmap Heap Scan", "Parent Relationship": "Outer", "Relation Name": "lineitem", "Alias": "lineitem", "Startup Cost": 24943.26, "Total Cost": 1235000.32, "Plan Rows": 719903, "Plan Width": 24, "Actual Startup Time": 487.032, "Actual Total Time": 1765.98, "Actual Rows": 772803, "Actual Loops": 1, "Recheck Cond": "((l_shipdate >= '1996-12-01 00:00:00'::timestamp(0) without time zone) AND (l_shipdate < '1997-01-01 00:00:00'::timestamp without time zone)), (LLVM Optimized, Jit Execute)", "Rows Removed by Index Recheck": 0, "Exact Heap Blocks": 437909, "Lossy Heap Blocks": 437909, "Plans": [{"Node Type": "Bitmap Index Scan", "Parent Relationship": "Outer", "Index Name": "idx_lineitem_shipdate", "Startup Cost": 0.0, "Total Cost": 24763.28, "Plan Rows": 719903, "Plan Width": 0, "Actual Startup Time": 315.359, "Actual Total Time": 315.359, "Actual Rows": 772803, "Actual Loops": 1, "Index Cond": "((l_shipdate >= '1996-12-01 00:00:00'::timestamp(0) without time zone) AND (l_shipdate < '1997-01-01 00:00:00'::timestamp without time zone))"}]}]}, {"Node Type": "Index Scan", "Parent Relationship": "Inner", "Scan Direction": "Forward", "Index Name": "part_kpey", "Relation Name": "part", "Alias": "part", "Startup Cost": 0.0, "Total Cost": 100803.25, "Plan Rows": 2000000, "Plan Width": 29, "Actual Startup Time": 0.055, "Actual Total Time": 1279.316, "Actual Rows": 1999999, "Actual Loops": 1}]}]}, "Triggers": [], "Planner Runtime": 0, "Total Runtime": 4691.898, "Unique SQL Id": 379939634}}, "(64, 22)": {"explain_plan": {"Plan": {"Node Type": "Aggregate", "Strategy": "Plain", "Startup Cost": 1609694.04, "Total Cost": 1609694.06, "Plan Rows": 1, "Plan Width": 53, "Plans": [{"Node Type": "Merge Join", "Parent Relationship": "Outer", "Join Type": "Inner", "Startup Cost": 1576297.81, "Total Cost": 1597095.74, "Plan Rows": 719903, "Plan Width": 37, "Inner Unique": true, "Merge Cond": "(lineitem.l_partkey = part.p_partkey)", "Plans": [{"Node Type": "Sort", "Parent Relationship": "Outer", "Startup Cost": 1305037.68, "Total Cost": 1306837.43, "Plan Rows": 719903, "Plan Width": 24, "Sort Key": ["lineitem.l_partkey"], "Plans": [{"Node Type": "Bitmap Heap Scan", "Parent Relationship": "Outer", "Relation Name": "lineitem", "Alias": "lineitem", "Startup Cost": 24943.26, "Total Cost": 1235000.32, "Plan Rows": 719903, "Plan Width": 24, "Recheck Cond": "((l_shipdate >= '1996-12-01 00:00:00'::timestamp(0) without time zone) AND (l_shipdate < '1997-01-01 00:00:00'::timestamp without time zone)), (LLVM Optimized)", "Plans": [{"Node Type": "Bitmap Index Scan", "Parent Relationship": "Outer", "Index Name": "idx_lineitem_shipdate", "Startup Cost": 0.0, "Total Cost": 24763.28, "Plan Rows": 719903, "Plan Width": 0, "Index Cond": "((l_shipdate >= '1996-12-01 00:00:00'::timestamp(0) without time zone) AND (l_shipdate < '1997-01-01 00:00:00'::timestamp without time zone))"}]}]}, {"Node Type": "Sort", "Parent Relationship": "Inner", "Startup Cost": 271259.69, "Total Cost": 276259.69, "Plan Rows": 2000000, "Plan Width": 29, "Sort Key": ["part.p_partkey"], "Plans": [{"Node Type": "Seq Scan", "Parent Relationship": "Outer", "Relation Name": "part", "Alias": "part", "Startup Cost": 0.0, "Total Cost": 61944.0, "Plan Rows": 2000000, "Plan Width": 29}]}]}]}, "Unique SQL Id": 379939634, "Planner Runtime": 0}, "explain_analyze_plan": {"Plan": {"Node Type": "Aggregate", "Strategy": "Plain", "Startup Cost": 1609694.04, "Total Cost": 1609694.06, "Plan Rows": 1, "Plan Width": 53, "Actual Startup Time": 5029.907, "Actual Total Time": 5029.908, "Actual Rows": 1, "Actual Loops": 1, "Plans": [{"Node Type": "Merge Join", "Parent Relationship": "Outer", "Join Type": "Inner", "Startup Cost": 1576297.81, "Total Cost": 1597095.74, "Plan Rows": 719903, "Plan Width": 37, "Actual Startup Time": 3502.144, "Actual Total Time": 4677.584, "Actual Rows": 772803, "Actual Loops": 1, "Inner Unique": true, "Merge Cond": "(lineitem.l_partkey = part.p_partkey)", "Plans": [{"Node Type": "Sort", "Parent Relationship": "Outer", "Startup Cost": 1305037.68, "Total Cost": 1306837.43, "Plan Rows": 719903, "Plan Width": 24, "Actual Startup Time": 2131.294, "Actual Total Time": 2368.802, "Actual Rows": 772803, "Actual Loops": 1, "Sort Key": ["lineitem.l_partkey"], "Sort Method": "quicksort", "Sort Space Used": 97027, "Sort Space Type": "Memory", "Plans": [{"Node Type": "Bitmap Heap Scan", "Parent Relationship": "Outer", "Relation Name": "lineitem", "Alias": "lineitem", "Startup Cost": 24943.26, "Total Cost": 1235000.32, "Plan Rows": 719903, "Plan Width": 24, "Actual Startup Time": 472.125, "Actual Total Time": 1796.18, "Actual Rows": 772803, "Actual Loops": 1, "Recheck Cond": "((l_shipdate >= '1996-12-01 00:00:00'::timestamp(0) without time zone) AND (l_shipdate < '1997-01-01 00:00:00'::timestamp without time zone)), (LLVM Optimized, Jit Execute)", "Rows Removed by Index Recheck": 0, "Exact Heap Blocks": 437909, "Lossy Heap Blocks": 437909, "Plans": [{"Node Type": "Bitmap Index Scan", "Parent Relationship": "Outer", "Index Name": "idx_lineitem_shipdate", "Startup Cost": 0.0, "Total Cost": 24763.28, "Plan Rows": 719903, "Plan Width": 0, "Actual Startup Time": 307.342, "Actual Total Time": 307.342, "Actual Rows": 772803, "Actual Loops": 1, "Index Cond": "((l_shipdate >= '1996-12-01 00:00:00'::timestamp(0) without time zone) AND (l_shipdate < '1997-01-01 00:00:00'::timestamp without time zone))"}]}]}, {"Node Type": "Sort", "Parent Relationship": "Inner", "Startup Cost": 271259.69, "Total Cost": 276259.69, "Plan Rows": 2000000, "Plan Width": 29, "Actual Startup Time": 1370.831, "Actual Total Time": 1647.308, "Actual Rows": 1999999, "Actual Loops": 1, "Sort Key": ["part.p_partkey"], "Sort Method": "quicksort", "Sort Space Used": 236653, "Sort Space Type": "Memory", "Plans": [{"Node Type": "Seq Scan", "Parent Relationship": "Outer", "Relation Name": "part", "Alias": "part", "Startup Cost": 0.0, "Total Cost": 61944.0, "Plan Rows": 2000000, "Plan Width": 29, "Actual Startup Time": 0.069, "Actual Total Time": 690.637, "Actual Rows": 2000000, "Actual Loops": 1}]}]}]}, "Triggers": [], "Planner Runtime": 0, "Total Runtime": 5041.026, "Unique SQL Id": 379939634}}, "(64, 23)": {"explain_plan": {"Plan": {"Node Type": "Aggregate", "Strategy": "Plain", "Startup Cost": 4357819.44, "Total Cost": 4357819.45, "Plan Rows": 1, "Plan Width": 53, "Plans": [{"Node Type": "Nested Loop", "Parent Relationship": "Outer", "Join Type": "Inner", "Startup Cost": 24943.55, "Total Cost": 4345221.13, "Plan Rows": 719903, "Plan Width": 37, "Inner Unique": true, "Plans": [{"Node Type": "Bitmap Heap Scan", "Parent Relationship": "Outer", "Relation Name": "lineitem", "Alias": "lineitem", "Startup Cost": 24943.26, "Total Cost": 1235000.32, "Plan Rows": 719903, "Plan Width": 24, "Recheck Cond": "((l_shipdate >= '1996-12-01 00:00:00'::timestamp(0) without time zone) AND (l_shipdate < '1997-01-01 00:00:00'::timestamp without time zone)), (LLVM Optimized)", "Plans": [{"Node Type": "Bitmap Index Scan", "Parent Relationship": "Outer", "Index Name": "idx_lineitem_shipdate", "Startup Cost": 0.0, "Total Cost": 24763.28, "Plan Rows": 719903, "Plan Width": 0, "Index Cond": "((l_shipdate >= '1996-12-01 00:00:00'::timestamp(0) without time zone) AND (l_shipdate < '1997-01-01 00:00:00'::timestamp without time zone))"}]}, {"Node Type": "Bitmap Heap Scan", "Parent Relationship": "Inner", "Relation Name": "part", "Alias": "part", "Startup Cost": 0.3, "Total Cost": 4.31, "Plan Rows": 1, "Plan Width": 29, "Recheck Cond": "(p_partkey = lineitem.l_partkey)", "Plans": [{"Node Type": "Bitmap Index Scan", "Parent Relationship": "Outer", "Index Name": "part_kpey", "Startup Cost": 0.0, "Total Cost": 0.3, "Plan Rows": 1, "Plan Width": 0, "Index Cond": "(p_partkey = lineitem.l_partkey)"}]}]}]}, "Unique SQL Id": 379939634, "Planner Runtime": 0}, "explain_analyze_plan": {"Plan": {"Node Type": "Aggregate", "Strategy": "Plain", "Startup Cost": 4357819.44, "Total Cost": 4357819.45, "Plan Rows": 1, "Plan Width": 53, "Actual Startup Time": 8374.121, "Actual Total Time": 8374.121, "Actual Rows": 1, "Actual Loops": 1, "Plans": [{"Node Type": "Nested Loop", "Parent Relationship": "Outer", "Join Type": "Inner", "Startup Cost": 24943.55, "Total Cost": 4345221.13, "Plan Rows": 719903, "Plan Width": 37, "Actual Startup Time": 511.97, "Actual Total Time": 7861.902, "Actual Rows": 772803, "Actual Loops": 1, "Inner Unique": true, "Plans": [{"Node Type": "Bitmap Heap Scan", "Parent Relationship": "Outer", "Relation Name": "lineitem", "Alias": "lineitem", "Startup Cost": 24943.26, "Total Cost": 1235000.32, "Plan Rows": 719903, "Plan Width": 24, "Actual Startup Time": 511.814, "Actual Total Time": 1803.715, "Actual Rows": 772803, "Actual Loops": 1, "Recheck Cond": "((l_shipdate >= '1996-12-01 00:00:00'::timestamp(0) without time zone) AND (l_shipdate < '1997-01-01 00:00:00'::timestamp without time zone)), (LLVM Optimized, Jit Execute)", "Rows Removed by Index Recheck": 0, "Exact Heap Blocks": 437909, "Lossy Heap Blocks": 437909, "Plans": [{"Node Type": "Bitmap Index Scan", "Parent Relationship": "Outer", "Index Name": "idx_lineitem_shipdate", "Startup Cost": 0.0, "Total Cost": 24763.28, "Plan Rows": 719903, "Plan Width": 0, "Actual Startup Time": 303.892, "Actual Total Time": 303.892, "Actual Rows": 772803, "Actual Loops": 1, "Index Cond": "((l_shipdate >= '1996-12-01 00:00:00'::timestamp(0) without time zone) AND (l_shipdate < '1997-01-01 00:00:00'::timestamp without time zone))"}]}, {"Node Type": "Bitmap Heap Scan", "Parent Relationship": "Inner", "Relation Name": "part", "Alias": "part", "Startup Cost": 0.3, "Total Cost": 4.31, "Plan Rows": 1, "Plan Width": 29, "Actual Startup Time": 4978.943, "Actual Total Time": 4978.943, "Actual Rows": 772803, "Actual Loops": 772803, "Recheck Cond": "(p_partkey = lineitem.l_partkey)", "Rows Removed by Index Recheck": 0, "Exact Heap Blocks": 772803, "Lossy Heap Blocks": 772803, "Plans": [{"Node Type": "Bitmap Index Scan", "Parent Relationship": "Outer", "Index Name": "part_kpey", "Startup Cost": 0.0, "Total Cost": 0.3, "Plan Rows": 1, "Plan Width": 0, "Actual Startup Time": 3069.068, "Actual Total Time": 3069.068, "Actual Rows": 772803, "Actual Loops": 772803, "Index Cond": "(p_partkey = lineitem.l_partkey)"}]}]}]}, "Triggers": [], "Planner Runtime": 0, "Total Runtime": 8385.255, "Unique SQL Id": 379939634}}, "(64, 24)": {"explain_plan": {"Plan": {"Node Type": "Aggregate", "Strategy": "Plain", "Startup Cost": 2526922.01, "Total Cost": 2526922.03, "Plan Rows": 1, "Plan Width": 53, "Plans": [{"Node Type": "Merge Join", "Parent Relationship": "Outer", "Join Type": "Inner", "Startup Cost": 2397728.42, "Total Cost": 2514323.71, "Plan Rows": 719903, "Plan Width": 37, "Inner Unique": false, "Merge Cond": "(part.p_partkey = lineitem.l_partkey)", "Plans": [{"Node Type": "Index Scan", "Parent Relationship": "Outer", "Scan Direction": "Forward", "Index Name": "part_kpey", "Relation Name": "part", "Alias": "part", "Startup Cost": 0.0, "Total Cost": 100803.25, "Plan Rows": 2000000, "Plan Width": 29}, {"Node Type": "Sort", "Parent Relationship": "Inner", "Startup Cost": 2397723.66, "Total Cost": 2399523.42, "Plan Rows": 719903, "Plan Width": 24, "Sort Key": ["lineitem.l_partkey"], "Plans": [{"Node Type": "Index Scan", "Parent Relationship": "Outer", "Scan Direction": "Forward", "Index Name": "idx_lineitem_shipdate", "Relation Name": "lineitem", "Alias": "lineitem", "Startup Cost": 0.0, "Total Cost": 2327686.3, "Plan Rows": 719903, "Plan Width": 24, "Index Cond": "((l_shipdate >= '1996-12-01 00:00:00'::timestamp(0) without time zone) AND (l_shipdate < '1997-01-01 00:00:00'::timestamp without time zone)), (LLVM Optimized)"}]}]}]}, "Unique SQL Id": 379939634, "Planner Runtime": 0}, "explain_analyze_plan": {"Plan": {"Node Type": "Aggregate", "Strategy": "Plain", "Startup Cost": 2526922.01, "Total Cost": 2526922.03, "Plan Rows": 1, "Plan Width": 53, "Actual Startup Time": 4696.59, "Actual Total Time": 4696.591, "Actual Rows": 1, "Actual Loops": 1, "Plans": [{"Node Type": "Merge Join", "Parent Relationship": "Outer", "Join Type": "Inner", "Startup Cost": 2397728.42, "Total Cost": 2514323.71, "Plan Rows": 719903, "Plan Width": 37, "Actual Startup Time": 2320.753, "Actual Total Time": 4311.967, "Actual Rows": 772803, "Actual Loops": 1, "Inner Unique": false, "Merge Cond": "(part.p_partkey = lineitem.l_partkey)", "Plans": [{"Node Type": "Index Scan", "Parent Relationship": "Outer", "Scan Direction": "Forward", "Index Name": "part_kpey", "Relation Name": "part", "Alias": "part", "Startup Cost": 0.0, "Total Cost": 100803.25, "Plan Rows": 2000000, "Plan Width": 29, "Actual Startup Time": 0.026, "Actual Total Time": 1165.172, "Actual Rows": 2000000, "Actual Loops": 1}, {"Node Type": "Sort", "Parent Relationship": "Inner", "Startup Cost": 2397723.66, "Total Cost": 2399523.42, "Plan Rows": 719903, "Plan Width": 24, "Actual Startup Time": 2320.697, "Actual Total Time": 2508.648, "Actual Rows": 772803, "Actual Loops": 1, "Sort Key": ["lineitem.l_partkey"], "Sort Method": "quicksort", "Sort Space Used": 97027, "Sort Space Type": "Memory", "Plans": [{"Node Type": "Index Scan", "Parent Relationship": "Outer", "Scan Direction": "Forward", "Index Name": "idx_lineitem_shipdate", "Relation Name": "lineitem", "Alias": "lineitem", "Startup Cost": 0.0, "Total Cost": 2327686.3, "Plan Rows": 719903, "Plan Width": 24, "Actual Startup Time": 0.029, "Actual Total Time": 1965.207, "Actual Rows": 772803, "Actual Loops": 1, "Index Cond": "((l_shipdate >= '1996-12-01 00:00:00'::timestamp(0) without time zone) AND (l_shipdate < '1997-01-01 00:00:00'::timestamp without time zone)), (LLVM Optimized, Jit Execute)", "Rows Removed by Index Recheck": 0}]}]}]}, "Triggers": [], "Planner Runtime": 0, "Total Runtime": 4707.018, "Unique SQL Id": 379939634}}, "(64, 25)": {"explain_plan": {"Plan": {"Node Type": "Aggregate", "Strategy": "Plain", "Startup Cost": 2526922.01, "Total Cost": 2526922.03, "Plan Rows": 1, "Plan Width": 53, "Plans": [{"Node Type": "Merge Join", "Parent Relationship": "Outer", "Join Type": "Inner", "Startup Cost": 2397728.42, "Total Cost": 2514323.71, "Plan Rows": 719903, "Plan Width": 37, "Inner Unique": true, "Merge Cond": "(lineitem.l_partkey = part.p_partkey)", "Plans": [{"Node Type": "Sort", "Parent Relationship": "Outer", "Startup Cost": 2397723.66, "Total Cost": 2399523.42, "Plan Rows": 719903, "Plan Width": 24, "Sort Key": ["lineitem.l_partkey"], "Plans": [{"Node Type": "Index Scan", "Parent Relationship": "Outer", "Scan Direction": "Forward", "Index Name": "idx_lineitem_shipdate", "Relation Name": "lineitem", "Alias": "lineitem", "Startup Cost": 0.0, "Total Cost": 2327686.3, "Plan Rows": 719903, "Plan Width": 24, "Index Cond": "((l_shipdate >= '1996-12-01 00:00:00'::timestamp(0) without time zone) AND (l_shipdate < '1997-01-01 00:00:00'::timestamp without time zone)), (LLVM Optimized)"}]}, {"Node Type": "Index Scan", "Parent Relationship": "Inner", "Scan Direction": "Forward", "Index Name": "part_kpey", "Relation Name": "part", "Alias": "part", "Startup Cost": 0.0, "Total Cost": 100803.25, "Plan Rows": 2000000, "Plan Width": 29}]}]}, "Unique SQL Id": 379939634, "Planner Runtime": 1}, "explain_analyze_plan": {"Plan": {"Node Type": "Aggregate", "Strategy": "Plain", "Startup Cost": 2526922.01, "Total Cost": 2526922.03, "Plan Rows": 1, "Plan Width": 53, "Actual Startup Time": 4675.567, "Actual Total Time": 4675.568, "Actual Rows": 1, "Actual Loops": 1, "Plans": [{"Node Type": "Merge Join", "Parent Relationship": "Outer", "Join Type": "Inner", "Startup Cost": 2397728.42, "Total Cost": 2514323.71, "Plan Rows": 719903, "Plan Width": 37, "Actual Startup Time": 2184.712, "Actual Total Time": 4291.452, "Actual Rows": 772803, "Actual Loops": 1, "Inner Unique": true, "Merge Cond": "(lineitem.l_partkey = part.p_partkey)", "Plans": [{"Node Type": "Sort", "Parent Relationship": "Outer", "Startup Cost": 2397723.66, "Total Cost": 2399523.42, "Plan Rows": 719903, "Plan Width": 24, "Actual Startup Time": 2184.655, "Actual Total Time": 2376.379, "Actual Rows": 772803, "Actual Loops": 1, "Sort Key": ["lineitem.l_partkey"], "Sort Method": "quicksort", "Sort Space Used": 97027, "Sort Space Type": "Memory", "Plans": [{"Node Type": "Index Scan", "Parent Relationship": "Outer", "Scan Direction": "Forward", "Index Name": "idx_lineitem_shipdate", "Relation Name": "lineitem", "Alias": "lineitem", "Startup Cost": 0.0, "Total Cost": 2327686.3, "Plan Rows": 719903, "Plan Width": 24, "Actual Startup Time": 0.033, "Actual Total Time": 1837.697, "Actual Rows": 772803, "Actual Loops": 1, "Index Cond": "((l_shipdate >= '1996-12-01 00:00:00'::timestamp(0) without time zone) AND (l_shipdate < '1997-01-01 00:00:00'::timestamp without time zone)), (LLVM Optimized, Jit Execute)", "Rows Removed by Index Recheck": 0}]}, {"Node Type": "Index Scan", "Parent Relationship": "Inner", "Scan Direction": "Forward", "Index Name": "part_kpey", "Relation Name": "part", "Alias": "part", "Startup Cost": 0.0, "Total Cost": 100803.25, "Plan Rows": 2000000, "Plan Width": 29, "Actual Startup Time": 0.042, "Actual Total Time": 1200.303, "Actual Rows": 1999999, "Actual Loops": 1}]}]}, "Triggers": [], "Planner Runtime": 0, "Total Runtime": 4685.828, "Unique SQL Id": 379939634}}, "(64, 26)": {"explain_plan": {"Plan": {"Node Type": "Aggregate", "Strategy": "Plain", "Startup Cost": 2689744.22, "Total Cost": 2689744.24, "Plan Rows": 1, "Plan Width": 53, "Plans": [{"Node Type": "Merge Join", "Parent Relationship": "Outer", "Join Type": "Inner", "Startup Cost": 2656347.99, "Total Cost": 2677145.92, "Plan Rows": 719903, "Plan Width": 37, "Inner Unique": true, "Merge Cond": "(lineitem.l_partkey = part.p_partkey)", "Plans": [{"Node Type": "Sort", "Parent Relationship": "Outer", "Startup Cost": 2385087.85, "Total Cost": 2386887.61, "Plan Rows": 719903, "Plan Width": 24, "Sort Key": ["lineitem.l_partkey"], "Plans": [{"Node Type": "Seq Scan", "Parent Relationship": "Outer", "Relation Name": "lineitem", "Alias": "lineitem", "Startup Cost": 44.58, "Total Cost": 2315050.5, "Plan Rows": 719903, "Plan Width": 24, "Filter": "((l_shipdate >= '1996-12-01 00:00:00'::timestamp(0) without time zone) AND (l_shipdate < '1997-01-01 00:00:00'::timestamp without time zone)), (LLVM Optimized)"}]}, {"Node Type": "Sort", "Parent Relationship": "Inner", "Startup Cost": 271259.69, "Total Cost": 276259.69, "Plan Rows": 2000000, "Plan Width": 29, "Sort Key": ["part.p_partkey"], "Plans": [{"Node Type": "Seq Scan", "Parent Relationship": "Outer", "Relation Name": "part", "Alias": "part", "Startup Cost": 0.0, "Total Cost": 61944.0, "Plan Rows": 2000000, "Plan Width": 29}]}]}]}, "Unique SQL Id": 379939634, "Planner Runtime": 1}, "explain_analyze_plan": null}, "(64, 27)": {"explain_plan": {"Plan": {"Node Type": "Aggregate", "Strategy": "Plain", "Startup Cost": 2000799156591.82, "Total Cost": 2000799156591.84, "Plan Rows": 1, "Plan Width": 53, "Plans": [{"Node Type": "Merge Join", "Parent Relationship": "Outer", "Join Type": "Inner", "Startup Cost": 20044550453.84, "Total Cost": 2000799143993.52, "Plan Rows": 719903, "Plan Width": 37, "Inner Unique": true, "Merge Cond": "(lineitem.l_partkey = part.p_partkey)", "Plans": [{"Node Type": "Index Scan", "Parent Relationship": "Outer", "Scan Direction": "Forward", "Index Name": "idx_lineitem_part_supp", "Relation Name": "lineitem", "Alias": "lineitem", "Startup Cost": 10000000000.0, "Total Cost": 1000805384836.14, "Plan Rows": 719903, "Plan Width": 24, "Filter": "((l_shipdate >= '1996-12-01 00:00:00'::timestamp(0) without time zone) AND (l_shipdate < '1997-01-01 00:00:00'::timestamp without time zone)), (LLVM Optimized)"}, {"Node Type": "Index Scan", "Parent Relationship": "Inner", "Scan Direction": "Forward", "Index Name": "part_kpey", "Relation Name": "part", "Alias": "part", "Startup Cost": 10000000000.0, "Total Cost": 1000010080325.0, "Plan Rows": 2000000, "Plan Width": 29}]}]}, "Unique SQL Id": 379939634, "Planner Runtime": 1}, "explain_analyze_plan": null}, "(64, 28)": {"explain_plan": {"Plan": {"Node Type": "Aggregate", "Strategy": "Plain", "Startup Cost": 2526922.01, "Total Cost": 2526922.03, "Plan Rows": 1, "Plan Width": 53, "Plans": [{"Node Type": "Merge Join", "Parent Relationship": "Outer", "Join Type": "Inner", "Startup Cost": 2397728.42, "Total Cost": 2514323.71, "Plan Rows": 719903, "Plan Width": 37, "Inner Unique": false, "Merge Cond": "(part.p_partkey = lineitem.l_partkey)", "Plans": [{"Node Type": "Index Scan", "Parent Relationship": "Outer", "Scan Direction": "Forward", "Index Name": "part_kpey", "Relation Name": "part", "Alias": "part", "Startup Cost": 0.0, "Total Cost": 100803.25, "Plan Rows": 2000000, "Plan Width": 29}, {"Node Type": "Sort", "Parent Relationship": "Inner", "Startup Cost": 2397723.66, "Total Cost": 2399523.42, "Plan Rows": 719903, "Plan Width": 24, "Sort Key": ["lineitem.l_partkey"], "Plans": [{"Node Type": "Index Scan", "Parent Relationship": "Outer", "Scan Direction": "Forward", "Index Name": "idx_lineitem_shipdate", "Relation Name": "lineitem", "Alias": "lineitem", "Startup Cost": 0.0, "Total Cost": 2327686.3, "Plan Rows": 719903, "Plan Width": 24, "Index Cond": "((l_shipdate >= '1996-12-01 00:00:00'::timestamp(0) without time zone) AND (l_shipdate < '1997-01-01 00:00:00'::timestamp without time zone)), (LLVM Optimized)"}]}]}]}, "Unique SQL Id": 379939634, "Planner Runtime": 0}, "explain_analyze_plan": {"Plan": {"Node Type": "Aggregate", "Strategy": "Plain", "Startup Cost": 2526922.01, "Total Cost": 2526922.03, "Plan Rows": 1, "Plan Width": 53, "Actual Startup Time": 4696.59, "Actual Total Time": 4696.591, "Actual Rows": 1, "Actual Loops": 1, "Plans": [{"Node Type": "Merge Join", "Parent Relationship": "Outer", "Join Type": "Inner", "Startup Cost": 2397728.42, "Total Cost": 2514323.71, "Plan Rows": 719903, "Plan Width": 37, "Actual Startup Time": 2320.753, "Actual Total Time": 4311.967, "Actual Rows": 772803, "Actual Loops": 1, "Inner Unique": false, "Merge Cond": "(part.p_partkey = lineitem.l_partkey)", "Plans": [{"Node Type": "Index Scan", "Parent Relationship": "Outer", "Scan Direction": "Forward", "Index Name": "part_kpey", "Relation Name": "part", "Alias": "part", "Startup Cost": 0.0, "Total Cost": 100803.25, "Plan Rows": 2000000, "Plan Width": 29, "Actual Startup Time": 0.026, "Actual Total Time": 1165.172, "Actual Rows": 2000000, "Actual Loops": 1}, {"Node Type": "Sort", "Parent Relationship": "Inner", "Startup Cost": 2397723.66, "Total Cost": 2399523.42, "Plan Rows": 719903, "Plan Width": 24, "Actual Startup Time": 2320.697, "Actual Total Time": 2508.648, "Actual Rows": 772803, "Actual Loops": 1, "Sort Key": ["lineitem.l_partkey"], "Sort Method": "quicksort", "Sort Space Used": 97027, "Sort Space Type": "Memory", "Plans": [{"Node Type": "Index Scan", "Parent Relationship": "Outer", "Scan Direction": "Forward", "Index Name": "idx_lineitem_shipdate", "Relation Name": "lineitem", "Alias": "lineitem", "Startup Cost": 0.0, "Total Cost": 2327686.3, "Plan Rows": 719903, "Plan Width": 24, "Actual Startup Time": 0.029, "Actual Total Time": 1965.207, "Actual Rows": 772803, "Actual Loops": 1, "Index Cond": "((l_shipdate >= '1996-12-01 00:00:00'::timestamp(0) without time zone) AND (l_shipdate < '1997-01-01 00:00:00'::timestamp without time zone)), (LLVM Optimized, Jit Execute)", "Rows Removed by Index Recheck": 0}]}]}]}, "Triggers": [], "Planner Runtime": 0, "Total Runtime": 4707.018, "Unique SQL Id": 379939634}}, "(64, 29)": {"explain_plan": {"Plan": {"Node Type": "Aggregate", "Strategy": "Plain", "Startup Cost": 2526922.01, "Total Cost": 2526922.03, "Plan Rows": 1, "Plan Width": 53, "Plans": [{"Node Type": "Merge Join", "Parent Relationship": "Outer", "Join Type": "Inner", "Startup Cost": 2397728.42, "Total Cost": 2514323.71, "Plan Rows": 719903, "Plan Width": 37, "Inner Unique": true, "Merge Cond": "(lineitem.l_partkey = part.p_partkey)", "Plans": [{"Node Type": "Sort", "Parent Relationship": "Outer", "Startup Cost": 2397723.66, "Total Cost": 2399523.42, "Plan Rows": 719903, "Plan Width": 24, "Sort Key": ["lineitem.l_partkey"], "Plans": [{"Node Type": "Index Scan", "Parent Relationship": "Outer", "Scan Direction": "Forward", "Index Name": "idx_lineitem_shipdate", "Relation Name": "lineitem", "Alias": "lineitem", "Startup Cost": 0.0, "Total Cost": 2327686.3, "Plan Rows": 719903, "Plan Width": 24, "Index Cond": "((l_shipdate >= '1996-12-01 00:00:00'::timestamp(0) without time zone) AND (l_shipdate < '1997-01-01 00:00:00'::timestamp without time zone)), (LLVM Optimized)"}]}, {"Node Type": "Index Scan", "Parent Relationship": "Inner", "Scan Direction": "Forward", "Index Name": "part_kpey", "Relation Name": "part", "Alias": "part", "Startup Cost": 0.0, "Total Cost": 100803.25, "Plan Rows": 2000000, "Plan Width": 29}]}]}, "Unique SQL Id": 379939634, "Planner Runtime": 0}, "explain_analyze_plan": {"Plan": {"Node Type": "Aggregate", "Strategy": "Plain", "Startup Cost": 2526922.01, "Total Cost": 2526922.03, "Plan Rows": 1, "Plan Width": 53, "Actual Startup Time": 4675.567, "Actual Total Time": 4675.568, "Actual Rows": 1, "Actual Loops": 1, "Plans": [{"Node Type": "Merge Join", "Parent Relationship": "Outer", "Join Type": "Inner", "Startup Cost": 2397728.42, "Total Cost": 2514323.71, "Plan Rows": 719903, "Plan Width": 37, "Actual Startup Time": 2184.712, "Actual Total Time": 4291.452, "Actual Rows": 772803, "Actual Loops": 1, "Inner Unique": true, "Merge Cond": "(lineitem.l_partkey = part.p_partkey)", "Plans": [{"Node Type": "Sort", "Parent Relationship": "Outer", "Startup Cost": 2397723.66, "Total Cost": 2399523.42, "Plan Rows": 719903, "Plan Width": 24, "Actual Startup Time": 2184.655, "Actual Total Time": 2376.379, "Actual Rows": 772803, "Actual Loops": 1, "Sort Key": ["lineitem.l_partkey"], "Sort Method": "quicksort", "Sort Space Used": 97027, "Sort Space Type": "Memory", "Plans": [{"Node Type": "Index Scan", "Parent Relationship": "Outer", "Scan Direction": "Forward", "Index Name": "idx_lineitem_shipdate", "Relation Name": "lineitem", "Alias": "lineitem", "Startup Cost": 0.0, "Total Cost": 2327686.3, "Plan Rows": 719903, "Plan Width": 24, "Actual Startup Time": 0.033, "Actual Total Time": 1837.697, "Actual Rows": 772803, "Actual Loops": 1, "Index Cond": "((l_shipdate >= '1996-12-01 00:00:00'::timestamp(0) without time zone) AND (l_shipdate < '1997-01-01 00:00:00'::timestamp without time zone)), (LLVM Optimized, Jit Execute)", "Rows Removed by Index Recheck": 0}]}, {"Node Type": "Index Scan", "Parent Relationship": "Inner", "Scan Direction": "Forward", "Index Name": "part_kpey", "Relation Name": "part", "Alias": "part", "Startup Cost": 0.0, "Total Cost": 100803.25, "Plan Rows": 2000000, "Plan Width": 29, "Actual Startup Time": 0.042, "Actual Total Time": 1200.303, "Actual Rows": 1999999, "Actual Loops": 1}]}]}, "Triggers": [], "Planner Runtime": 0, "Total Runtime": 4685.828, "Unique SQL Id": 379939634}}, "(64, 30)": {"explain_plan": {"Plan": {"Node Type": "Aggregate", "Strategy": "Plain", "Startup Cost": 2689744.22, "Total Cost": 2689744.24, "Plan Rows": 1, "Plan Width": 53, "Plans": [{"Node Type": "Merge Join", "Parent Relationship": "Outer", "Join Type": "Inner", "Startup Cost": 2656347.99, "Total Cost": 2677145.92, "Plan Rows": 719903, "Plan Width": 37, "Inner Unique": true, "Merge Cond": "(lineitem.l_partkey = part.p_partkey)", "Plans": [{"Node Type": "Sort", "Parent Relationship": "Outer", "Startup Cost": 2385087.85, "Total Cost": 2386887.61, "Plan Rows": 719903, "Plan Width": 24, "Sort Key": ["lineitem.l_partkey"], "Plans": [{"Node Type": "Seq Scan", "Parent Relationship": "Outer", "Relation Name": "lineitem", "Alias": "lineitem", "Startup Cost": 44.58, "Total Cost": 2315050.5, "Plan Rows": 719903, "Plan Width": 24, "Filter": "((l_shipdate >= '1996-12-01 00:00:00'::timestamp(0) without time zone) AND (l_shipdate < '1997-01-01 00:00:00'::timestamp without time zone)), (LLVM Optimized)"}]}, {"Node Type": "Sort", "Parent Relationship": "Inner", "Startup Cost": 271259.69, "Total Cost": 276259.69, "Plan Rows": 2000000, "Plan Width": 29, "Sort Key": ["part.p_partkey"], "Plans": [{"Node Type": "Seq Scan", "Parent Relationship": "Outer", "Relation Name": "part", "Alias": "part", "Startup Cost": 0.0, "Total Cost": 61944.0, "Plan Rows": 2000000, "Plan Width": 29}]}]}]}, "Unique SQL Id": 379939634, "Planner Runtime": 0}, "explain_analyze_plan": null}, "(64, 31)": {"explain_plan": {"Plan": {"Node Type": "Aggregate", "Strategy": "Plain", "Startup Cost": 2000799156591.82, "Total Cost": 2000799156591.84, "Plan Rows": 1, "Plan Width": 53, "Plans": [{"Node Type": "Merge Join", "Parent Relationship": "Outer", "Join Type": "Inner", "Startup Cost": 20044550453.84, "Total Cost": 2000799143993.52, "Plan Rows": 719903, "Plan Width": 37, "Inner Unique": true, "Merge Cond": "(lineitem.l_partkey = part.p_partkey)", "Plans": [{"Node Type": "Index Scan", "Parent Relationship": "Outer", "Scan Direction": "Forward", "Index Name": "idx_lineitem_part_supp", "Relation Name": "lineitem", "Alias": "lineitem", "Startup Cost": 10000000000.0, "Total Cost": 1000805384836.14, "Plan Rows": 719903, "Plan Width": 24, "Filter": "((l_shipdate >= '1996-12-01 00:00:00'::timestamp(0) without time zone) AND (l_shipdate < '1997-01-01 00:00:00'::timestamp without time zone)), (LLVM Optimized)"}, {"Node Type": "Index Scan", "Parent Relationship": "Inner", "Scan Direction": "Forward", "Index Name": "part_kpey", "Relation Name": "part", "Alias": "part", "Startup Cost": 10000000000.0, "Total Cost": 1000010080325.0, "Plan Rows": 2000000, "Plan Width": 29}]}]}, "Unique SQL Id": 379939634, "Planner Runtime": 0}, "explain_analyze_plan": null}, "(64, 32)": {"explain_plan": {"Plan": {"Node Type": "Aggregate", "Strategy": "Plain", "Startup Cost": 1344441.29, "Total Cost": 1344441.3, "Plan Rows": 1, "Plan Width": 53, "Plans": [{"Node Type": "Hash Join", "Parent Relationship": "Outer", "Join Type": "Inner", "Startup Cost": 111887.26, "Total Cost": 1331842.98, "Plan Rows": 719903, "Plan Width": 37, "Inner Unique": true, "Hash Cond": "(lineitem.l_partkey = part.p_partkey), (LLVM Optimized)", "Plans": [{"Node Type": "Bitmap Heap Scan", "Parent Relationship": "Outer", "Relation Name": "lineitem", "Alias": "lineitem", "Startup Cost": 24943.26, "Total Cost": 1235000.32, "Plan Rows": 719903, "Plan Width": 24, "Recheck Cond": "((l_shipdate >= '1996-12-01 00:00:00'::timestamp(0) without time zone) AND (l_shipdate < '1997-01-01 00:00:00'::timestamp without time zone)), (LLVM Optimized)", "Plans": [{"Node Type": "Bitmap Index Scan", "Parent Relationship": "Outer", "Index Name": "idx_lineitem_shipdate", "Startup Cost": 0.0, "Total Cost": 24763.28, "Plan Rows": 719903, "Plan Width": 0, "Index Cond": "((l_shipdate >= '1996-12-01 00:00:00'::timestamp(0) without time zone) AND (l_shipdate < '1997-01-01 00:00:00'::timestamp without time zone))"}]}, {"Node Type": "Hash", "Parent Relationship": "Inner", "Startup Cost": 61944.0, "Total Cost": 61944.0, "Plan Rows": 2000000, "Plan Width": 29, "Plans": [{"Node Type": "Seq Scan", "Parent Relationship": "Outer", "Relation Name": "part", "Alias": "part", "Startup Cost": 0.0, "Total Cost": 61944.0, "Plan Rows": 2000000, "Plan Width": 29}]}]}]}, "Unique SQL Id": 379939634, "Planner Runtime": 0}, "explain_analyze_plan": {"Plan": {"Node Type": "Aggregate", "Strategy": "Plain", "Startup Cost": 1344441.29, "Total Cost": 1344441.3, "Plan Rows": 1, "Plan Width": 53, "Actual Startup Time": 3949.646, "Actual Total Time": 3949.647, "Actual Rows": 1, "Actual Loops": 1, "Plans": [{"Node Type": "Hash Join", "Parent Relationship": "Outer", "Join Type": "Inner", "Startup Cost": 111887.26, "Total Cost": 1331842.98, "Plan Rows": 719903, "Plan Width": 37, "Actual Startup Time": 1804.081, "Actual Total Time": 3575.966, "Actual Rows": 772803, "Actual Loops": 1, "Inner Unique": true, "Hash Cond": "(lineitem.l_partkey = part.p_partkey), (LLVM Optimized, Jit Execute)", "Plans": [{"Node Type": "Bitmap Heap Scan", "Parent Relationship": "Outer", "Relation Name": "lineitem", "Alias": "lineitem", "Startup Cost": 24943.26, "Total Cost": 1235000.32, "Plan Rows": 719903, "Plan Width": 24, "Actual Startup Time": 469.464, "Actual Total Time": 1694.161, "Actual Rows": 772803, "Actual Loops": 1, "Recheck Cond": "((l_shipdate >= '1996-12-01 00:00:00'::timestamp(0) without time zone) AND (l_shipdate < '1997-01-01 00:00:00'::timestamp without time zone)), (LLVM Optimized, Jit Execute)", "Rows Removed by Index Recheck": 0, "Exact Heap Blocks": 437909, "Lossy Heap Blocks": 437909, "Plans": [{"Node Type": "Bitmap Index Scan", "Parent Relationship": "Outer", "Index Name": "idx_lineitem_shipdate", "Startup Cost": 0.0, "Total Cost": 24763.28, "Plan Rows": 719903, "Plan Width": 0, "Actual Startup Time": 304.405, "Actual Total Time": 304.405, "Actual Rows": 772803, "Actual Loops": 1, "Index Cond": "((l_shipdate >= '1996-12-01 00:00:00'::timestamp(0) without time zone) AND (l_shipdate < '1997-01-01 00:00:00'::timestamp without time zone))"}]}, {"Node Type": "Hash", "Parent Relationship": "Inner", "Startup Cost": 61944.0, "Total Cost": 61944.0, "Plan Rows": 2000000, "Plan Width": 29, "Actual Startup Time": 1333.257, "Actual Total Time": 1333.257, "Actual Rows": 2000000, "Actual Loops": 1, "Hash Buckets": 2097152, "Hash Batches": 1, "Original Hash Batches": 1, "Peak Memory Usage": 126040, "Plans": [{"Node Type": "Seq Scan", "Parent Relationship": "Outer", "Relation Name": "part", "Alias": "part", "Startup Cost": 0.0, "Total Cost": 61944.0, "Plan Rows": 2000000, "Plan Width": 29, "Actual Startup Time": 0.034, "Actual Total Time": 698.306, "Actual Rows": 2000000, "Actual Loops": 1}]}]}]}, "Triggers": [], "Planner Runtime": 0, "Total Runtime": 3964.056, "Unique SQL Id": 379939634}}, "(64, 33)": {"explain_plan": {"Plan": {"Node Type": "Aggregate", "Strategy": "Plain", "Startup Cost": 1383300.54, "Total Cost": 1383300.55, "Plan Rows": 1, "Plan Width": 53, "Plans": [{"Node Type": "Hash Join", "Parent Relationship": "Outer", "Join Type": "Inner", "Startup Cost": 150746.51, "Total Cost": 1370702.23, "Plan Rows": 719903, "Plan Width": 37, "Inner Unique": true, "Hash Cond": "(lineitem.l_partkey = part.p_partkey), (LLVM Optimized)", "Plans": [{"Node Type": "Bitmap Heap Scan", "Parent Relationship": "Outer", "Relation Name": "lineitem", "Alias": "lineitem", "Startup Cost": 24943.26, "Total Cost": 1235000.32, "Plan Rows": 719903, "Plan Width": 24, "Recheck Cond": "((l_shipdate >= '1996-12-01 00:00:00'::timestamp(0) without time zone) AND (l_shipdate < '1997-01-01 00:00:00'::timestamp without time zone)), (LLVM Optimized)", "Plans": [{"Node Type": "Bitmap Index Scan", "Parent Relationship": "Outer", "Index Name": "idx_lineitem_shipdate", "Startup Cost": 0.0, "Total Cost": 24763.28, "Plan Rows": 719903, "Plan Width": 0, "Index Cond": "((l_shipdate >= '1996-12-01 00:00:00'::timestamp(0) without time zone) AND (l_shipdate < '1997-01-01 00:00:00'::timestamp without time zone))"}]}, {"Node Type": "Hash", "Parent Relationship": "Inner", "Startup Cost": 100803.25, "Total Cost": 100803.25, "Plan Rows": 2000000, "Plan Width": 29, "Plans": [{"Node Type": "Index Scan", "Parent Relationship": "Outer", "Scan Direction": "Forward", "Index Name": "part_kpey", "Relation Name": "part", "Alias": "part", "Startup Cost": 0.0, "Total Cost": 100803.25, "Plan Rows": 2000000, "Plan Width": 29}]}]}]}, "Unique SQL Id": 379939634, "Planner Runtime": 0}, "explain_analyze_plan": {"Plan": {"Node Type": "Aggregate", "Strategy": "Plain", "Startup Cost": 1383300.54, "Total Cost": 1383300.55, "Plan Rows": 1, "Plan Width": 53, "Actual Startup Time": 5392.049, "Actual Total Time": 5392.049, "Actual Rows": 1, "Actual Loops": 1, "Plans": [{"Node Type": "Hash Join", "Parent Relationship": "Outer", "Join Type": "Inner", "Startup Cost": 150746.51, "Total Cost": 1370702.23, "Plan Rows": 719903, "Plan Width": 37, "Actual Startup Time": 2926.424, "Actual Total Time": 5025.717, "Actual Rows": 772803, "Actual Loops": 1, "Inner Unique": true, "Hash Cond": "(lineitem.l_partkey = part.p_partkey), (LLVM Optimized, Jit Execute)", "Plans": [{"Node Type": "Bitmap Heap Scan", "Parent Relationship": "Outer", "Relation Name": "lineitem", "Alias": "lineitem", "Startup Cost": 24943.26, "Total Cost": 1235000.32, "Plan Rows": 719903, "Plan Width": 24, "Actual Startup Time": 468.518, "Actual Total Time": 1836.972, "Actual Rows": 772803, "Actual Loops": 1, "Recheck Cond": "((l_shipdate >= '1996-12-01 00:00:00'::timestamp(0) without time zone) AND (l_shipdate < '1997-01-01 00:00:00'::timestamp without time zone)), (LLVM Optimized, Jit Execute)", "Rows Removed by Index Recheck": 0, "Exact Heap Blocks": 437909, "Lossy Heap Blocks": 437909, "Plans": [{"Node Type": "Bitmap Index Scan", "Parent Relationship": "Outer", "Index Name": "idx_lineitem_shipdate", "Startup Cost": 0.0, "Total Cost": 24763.28, "Plan Rows": 719903, "Plan Width": 0, "Actual Startup Time": 304.232, "Actual Total Time": 304.232, "Actual Rows": 772803, "Actual Loops": 1, "Index Cond": "((l_shipdate >= '1996-12-01 00:00:00'::timestamp(0) without time zone) AND (l_shipdate < '1997-01-01 00:00:00'::timestamp without time zone))"}]}, {"Node Type": "Hash", "Parent Relationship": "Inner", "Startup Cost": 100803.25, "Total Cost": 100803.25, "Plan Rows": 2000000, "Plan Width": 29, "Actual Startup Time": 2456.558, "Actual Total Time": 2456.558, "Actual Rows": 2000000, "Actual Loops": 1, "Hash Buckets": 2097152, "Hash Batches": 1, "Original Hash Batches": 1, "Peak Memory Usage": 126040, "Plans": [{"Node Type": "Index Scan", "Parent Relationship": "Outer", "Scan Direction": "Forward", "Index Name": "part_kpey", "Relation Name": "part", "Alias": "part", "Startup Cost": 0.0, "Total Cost": 100803.25, "Plan Rows": 2000000, "Plan Width": 29, "Actual Startup Time": 0.05, "Actual Total Time": 1550.403, "Actual Rows": 2000000, "Actual Loops": 1}]}]}]}, "Triggers": [], "Planner Runtime": 0, "Total Runtime": 5406.949, "Unique SQL Id": 379939634}}, "(64, 34)": {"explain_plan": {"Plan": {"Node Type": "Aggregate", "Strategy": "Plain", "Startup Cost": 1344441.29, "Total Cost": 1344441.3, "Plan Rows": 1, "Plan Width": 53, "Plans": [{"Node Type": "Hash Join", "Parent Relationship": "Outer", "Join Type": "Inner", "Startup Cost": 111887.26, "Total Cost": 1331842.98, "Plan Rows": 719903, "Plan Width": 37, "Inner Unique": true, "Hash Cond": "(lineitem.l_partkey = part.p_partkey), (LLVM Optimized)", "Plans": [{"Node Type": "Bitmap Heap Scan", "Parent Relationship": "Outer", "Relation Name": "lineitem", "Alias": "lineitem", "Startup Cost": 24943.26, "Total Cost": 1235000.32, "Plan Rows": 719903, "Plan Width": 24, "Recheck Cond": "((l_shipdate >= '1996-12-01 00:00:00'::timestamp(0) without time zone) AND (l_shipdate < '1997-01-01 00:00:00'::timestamp without time zone)), (LLVM Optimized)", "Plans": [{"Node Type": "Bitmap Index Scan", "Parent Relationship": "Outer", "Index Name": "idx_lineitem_shipdate", "Startup Cost": 0.0, "Total Cost": 24763.28, "Plan Rows": 719903, "Plan Width": 0, "Index Cond": "((l_shipdate >= '1996-12-01 00:00:00'::timestamp(0) without time zone) AND (l_shipdate < '1997-01-01 00:00:00'::timestamp without time zone))"}]}, {"Node Type": "Hash", "Parent Relationship": "Inner", "Startup Cost": 61944.0, "Total Cost": 61944.0, "Plan Rows": 2000000, "Plan Width": 29, "Plans": [{"Node Type": "Seq Scan", "Parent Relationship": "Outer", "Relation Name": "part", "Alias": "part", "Startup Cost": 0.0, "Total Cost": 61944.0, "Plan Rows": 2000000, "Plan Width": 29}]}]}]}, "Unique SQL Id": 379939634, "Planner Runtime": 0}, "explain_analyze_plan": {"Plan": {"Node Type": "Aggregate", "Strategy": "Plain", "Startup Cost": 1344441.29, "Total Cost": 1344441.3, "Plan Rows": 1, "Plan Width": 53, "Actual Startup Time": 3949.646, "Actual Total Time": 3949.647, "Actual Rows": 1, "Actual Loops": 1, "Plans": [{"Node Type": "Hash Join", "Parent Relationship": "Outer", "Join Type": "Inner", "Startup Cost": 111887.26, "Total Cost": 1331842.98, "Plan Rows": 719903, "Plan Width": 37, "Actual Startup Time": 1804.081, "Actual Total Time": 3575.966, "Actual Rows": 772803, "Actual Loops": 1, "Inner Unique": true, "Hash Cond": "(lineitem.l_partkey = part.p_partkey), (LLVM Optimized, Jit Execute)", "Plans": [{"Node Type": "Bitmap Heap Scan", "Parent Relationship": "Outer", "Relation Name": "lineitem", "Alias": "lineitem", "Startup Cost": 24943.26, "Total Cost": 1235000.32, "Plan Rows": 719903, "Plan Width": 24, "Actual Startup Time": 469.464, "Actual Total Time": 1694.161, "Actual Rows": 772803, "Actual Loops": 1, "Recheck Cond": "((l_shipdate >= '1996-12-01 00:00:00'::timestamp(0) without time zone) AND (l_shipdate < '1997-01-01 00:00:00'::timestamp without time zone)), (LLVM Optimized, Jit Execute)", "Rows Removed by Index Recheck": 0, "Exact Heap Blocks": 437909, "Lossy Heap Blocks": 437909, "Plans": [{"Node Type": "Bitmap Index Scan", "Parent Relationship": "Outer", "Index Name": "idx_lineitem_shipdate", "Startup Cost": 0.0, "Total Cost": 24763.28, "Plan Rows": 719903, "Plan Width": 0, "Actual Startup Time": 304.405, "Actual Total Time": 304.405, "Actual Rows": 772803, "Actual Loops": 1, "Index Cond": "((l_shipdate >= '1996-12-01 00:00:00'::timestamp(0) without time zone) AND (l_shipdate < '1997-01-01 00:00:00'::timestamp without time zone))"}]}, {"Node Type": "Hash", "Parent Relationship": "Inner", "Startup Cost": 61944.0, "Total Cost": 61944.0, "Plan Rows": 2000000, "Plan Width": 29, "Actual Startup Time": 1333.257, "Actual Total Time": 1333.257, "Actual Rows": 2000000, "Actual Loops": 1, "Hash Buckets": 2097152, "Hash Batches": 1, "Original Hash Batches": 1, "Peak Memory Usage": 126040, "Plans": [{"Node Type": "Seq Scan", "Parent Relationship": "Outer", "Relation Name": "part", "Alias": "part", "Startup Cost": 0.0, "Total Cost": 61944.0, "Plan Rows": 2000000, "Plan Width": 29, "Actual Startup Time": 0.034, "Actual Total Time": 698.306, "Actual Rows": 2000000, "Actual Loops": 1}]}]}]}, "Triggers": [], "Planner Runtime": 0, "Total Runtime": 3964.056, "Unique SQL Id": 379939634}}, "(64, 35)": {"explain_plan": {"Plan": {"Node Type": "Aggregate", "Strategy": "Plain", "Startup Cost": 4357819.44, "Total Cost": 4357819.45, "Plan Rows": 1, "Plan Width": 53, "Plans": [{"Node Type": "Nested Loop", "Parent Relationship": "Outer", "Join Type": "Inner", "Startup Cost": 24943.55, "Total Cost": 4345221.13, "Plan Rows": 719903, "Plan Width": 37, "Inner Unique": true, "Plans": [{"Node Type": "Bitmap Heap Scan", "Parent Relationship": "Outer", "Relation Name": "lineitem", "Alias": "lineitem", "Startup Cost": 24943.26, "Total Cost": 1235000.32, "Plan Rows": 719903, "Plan Width": 24, "Recheck Cond": "((l_shipdate >= '1996-12-01 00:00:00'::timestamp(0) without time zone) AND (l_shipdate < '1997-01-01 00:00:00'::timestamp without time zone)), (LLVM Optimized)", "Plans": [{"Node Type": "Bitmap Index Scan", "Parent Relationship": "Outer", "Index Name": "idx_lineitem_shipdate", "Startup Cost": 0.0, "Total Cost": 24763.28, "Plan Rows": 719903, "Plan Width": 0, "Index Cond": "((l_shipdate >= '1996-12-01 00:00:00'::timestamp(0) without time zone) AND (l_shipdate < '1997-01-01 00:00:00'::timestamp without time zone))"}]}, {"Node Type": "Bitmap Heap Scan", "Parent Relationship": "Inner", "Relation Name": "part", "Alias": "part", "Startup Cost": 0.3, "Total Cost": 4.31, "Plan Rows": 1, "Plan Width": 29, "Recheck Cond": "(p_partkey = lineitem.l_partkey)", "Plans": [{"Node Type": "Bitmap Index Scan", "Parent Relationship": "Outer", "Index Name": "part_kpey", "Startup Cost": 0.0, "Total Cost": 0.3, "Plan Rows": 1, "Plan Width": 0, "Index Cond": "(p_partkey = lineitem.l_partkey)"}]}]}]}, "Unique SQL Id": 379939634, "Planner Runtime": 0}, "explain_analyze_plan": {"Plan": {"Node Type": "Aggregate", "Strategy": "Plain", "Startup Cost": 4357819.44, "Total Cost": 4357819.45, "Plan Rows": 1, "Plan Width": 53, "Actual Startup Time": 8374.121, "Actual Total Time": 8374.121, "Actual Rows": 1, "Actual Loops": 1, "Plans": [{"Node Type": "Nested Loop", "Parent Relationship": "Outer", "Join Type": "Inner", "Startup Cost": 24943.55, "Total Cost": 4345221.13, "Plan Rows": 719903, "Plan Width": 37, "Actual Startup Time": 511.97, "Actual Total Time": 7861.902, "Actual Rows": 772803, "Actual Loops": 1, "Inner Unique": true, "Plans": [{"Node Type": "Bitmap Heap Scan", "Parent Relationship": "Outer", "Relation Name": "lineitem", "Alias": "lineitem", "Startup Cost": 24943.26, "Total Cost": 1235000.32, "Plan Rows": 719903, "Plan Width": 24, "Actual Startup Time": 511.814, "Actual Total Time": 1803.715, "Actual Rows": 772803, "Actual Loops": 1, "Recheck Cond": "((l_shipdate >= '1996-12-01 00:00:00'::timestamp(0) without time zone) AND (l_shipdate < '1997-01-01 00:00:00'::timestamp without time zone)), (LLVM Optimized, Jit Execute)", "Rows Removed by Index Recheck": 0, "Exact Heap Blocks": 437909, "Lossy Heap Blocks": 437909, "Plans": [{"Node Type": "Bitmap Index Scan", "Parent Relationship": "Outer", "Index Name": "idx_lineitem_shipdate", "Startup Cost": 0.0, "Total Cost": 24763.28, "Plan Rows": 719903, "Plan Width": 0, "Actual Startup Time": 303.892, "Actual Total Time": 303.892, "Actual Rows": 772803, "Actual Loops": 1, "Index Cond": "((l_shipdate >= '1996-12-01 00:00:00'::timestamp(0) without time zone) AND (l_shipdate < '1997-01-01 00:00:00'::timestamp without time zone))"}]}, {"Node Type": "Bitmap Heap Scan", "Parent Relationship": "Inner", "Relation Name": "part", "Alias": "part", "Startup Cost": 0.3, "Total Cost": 4.31, "Plan Rows": 1, "Plan Width": 29, "Actual Startup Time": 4978.943, "Actual Total Time": 4978.943, "Actual Rows": 772803, "Actual Loops": 772803, "Recheck Cond": "(p_partkey = lineitem.l_partkey)", "Rows Removed by Index Recheck": 0, "Exact Heap Blocks": 772803, "Lossy Heap Blocks": 772803, "Plans": [{"Node Type": "Bitmap Index Scan", "Parent Relationship": "Outer", "Index Name": "part_kpey", "Startup Cost": 0.0, "Total Cost": 0.3, "Plan Rows": 1, "Plan Width": 0, "Actual Startup Time": 3069.068, "Actual Total Time": 3069.068, "Actual Rows": 772803, "Actual Loops": 772803, "Index Cond": "(p_partkey = lineitem.l_partkey)"}]}]}]}, "Triggers": [], "Planner Runtime": 0, "Total Runtime": 8385.255, "Unique SQL Id": 379939634}}, "(64, 36)": {"explain_plan": {"Plan": {"Node Type": "Aggregate", "Strategy": "Plain", "Startup Cost": 1344441.29, "Total Cost": 1344441.3, "Plan Rows": 1, "Plan Width": 53, "Plans": [{"Node Type": "Hash Join", "Parent Relationship": "Outer", "Join Type": "Inner", "Startup Cost": 111887.26, "Total Cost": 1331842.98, "Plan Rows": 719903, "Plan Width": 37, "Inner Unique": true, "Hash Cond": "(lineitem.l_partkey = part.p_partkey), (LLVM Optimized)", "Plans": [{"Node Type": "Bitmap Heap Scan", "Parent Relationship": "Outer", "Relation Name": "lineitem", "Alias": "lineitem", "Startup Cost": 24943.26, "Total Cost": 1235000.32, "Plan Rows": 719903, "Plan Width": 24, "Recheck Cond": "((l_shipdate >= '1996-12-01 00:00:00'::timestamp(0) without time zone) AND (l_shipdate < '1997-01-01 00:00:00'::timestamp without time zone)), (LLVM Optimized)", "Plans": [{"Node Type": "Bitmap Index Scan", "Parent Relationship": "Outer", "Index Name": "idx_lineitem_shipdate", "Startup Cost": 0.0, "Total Cost": 24763.28, "Plan Rows": 719903, "Plan Width": 0, "Index Cond": "((l_shipdate >= '1996-12-01 00:00:00'::timestamp(0) without time zone) AND (l_shipdate < '1997-01-01 00:00:00'::timestamp without time zone))"}]}, {"Node Type": "Hash", "Parent Relationship": "Inner", "Startup Cost": 61944.0, "Total Cost": 61944.0, "Plan Rows": 2000000, "Plan Width": 29, "Plans": [{"Node Type": "Seq Scan", "Parent Relationship": "Outer", "Relation Name": "part", "Alias": "part", "Startup Cost": 0.0, "Total Cost": 61944.0, "Plan Rows": 2000000, "Plan Width": 29}]}]}]}, "Unique SQL Id": 379939634, "Planner Runtime": 0}, "explain_analyze_plan": {"Plan": {"Node Type": "Aggregate", "Strategy": "Plain", "Startup Cost": 1344441.29, "Total Cost": 1344441.3, "Plan Rows": 1, "Plan Width": 53, "Actual Startup Time": 3949.646, "Actual Total Time": 3949.647, "Actual Rows": 1, "Actual Loops": 1, "Plans": [{"Node Type": "Hash Join", "Parent Relationship": "Outer", "Join Type": "Inner", "Startup Cost": 111887.26, "Total Cost": 1331842.98, "Plan Rows": 719903, "Plan Width": 37, "Actual Startup Time": 1804.081, "Actual Total Time": 3575.966, "Actual Rows": 772803, "Actual Loops": 1, "Inner Unique": true, "Hash Cond": "(lineitem.l_partkey = part.p_partkey), (LLVM Optimized, Jit Execute)", "Plans": [{"Node Type": "Bitmap Heap Scan", "Parent Relationship": "Outer", "Relation Name": "lineitem", "Alias": "lineitem", "Startup Cost": 24943.26, "Total Cost": 1235000.32, "Plan Rows": 719903, "Plan Width": 24, "Actual Startup Time": 469.464, "Actual Total Time": 1694.161, "Actual Rows": 772803, "Actual Loops": 1, "Recheck Cond": "((l_shipdate >= '1996-12-01 00:00:00'::timestamp(0) without time zone) AND (l_shipdate < '1997-01-01 00:00:00'::timestamp without time zone)), (LLVM Optimized, Jit Execute)", "Rows Removed by Index Recheck": 0, "Exact Heap Blocks": 437909, "Lossy Heap Blocks": 437909, "Plans": [{"Node Type": "Bitmap Index Scan", "Parent Relationship": "Outer", "Index Name": "idx_lineitem_shipdate", "Startup Cost": 0.0, "Total Cost": 24763.28, "Plan Rows": 719903, "Plan Width": 0, "Actual Startup Time": 304.405, "Actual Total Time": 304.405, "Actual Rows": 772803, "Actual Loops": 1, "Index Cond": "((l_shipdate >= '1996-12-01 00:00:00'::timestamp(0) without time zone) AND (l_shipdate < '1997-01-01 00:00:00'::timestamp without time zone))"}]}, {"Node Type": "Hash", "Parent Relationship": "Inner", "Startup Cost": 61944.0, "Total Cost": 61944.0, "Plan Rows": 2000000, "Plan Width": 29, "Actual Startup Time": 1333.257, "Actual Total Time": 1333.257, "Actual Rows": 2000000, "Actual Loops": 1, "Hash Buckets": 2097152, "Hash Batches": 1, "Original Hash Batches": 1, "Peak Memory Usage": 126040, "Plans": [{"Node Type": "Seq Scan", "Parent Relationship": "Outer", "Relation Name": "part", "Alias": "part", "Startup Cost": 0.0, "Total Cost": 61944.0, "Plan Rows": 2000000, "Plan Width": 29, "Actual Startup Time": 0.034, "Actual Total Time": 698.306, "Actual Rows": 2000000, "Actual Loops": 1}]}]}]}, "Triggers": [], "Planner Runtime": 0, "Total Runtime": 3964.056, "Unique SQL Id": 379939634}}, "(64, 37)": {"explain_plan": {"Plan": {"Node Type": "Aggregate", "Strategy": "Plain", "Startup Cost": 1383300.54, "Total Cost": 1383300.55, "Plan Rows": 1, "Plan Width": 53, "Plans": [{"Node Type": "Hash Join", "Parent Relationship": "Outer", "Join Type": "Inner", "Startup Cost": 150746.51, "Total Cost": 1370702.23, "Plan Rows": 719903, "Plan Width": 37, "Inner Unique": true, "Hash Cond": "(lineitem.l_partkey = part.p_partkey), (LLVM Optimized)", "Plans": [{"Node Type": "Bitmap Heap Scan", "Parent Relationship": "Outer", "Relation Name": "lineitem", "Alias": "lineitem", "Startup Cost": 24943.26, "Total Cost": 1235000.32, "Plan Rows": 719903, "Plan Width": 24, "Recheck Cond": "((l_shipdate >= '1996-12-01 00:00:00'::timestamp(0) without time zone) AND (l_shipdate < '1997-01-01 00:00:00'::timestamp without time zone)), (LLVM Optimized)", "Plans": [{"Node Type": "Bitmap Index Scan", "Parent Relationship": "Outer", "Index Name": "idx_lineitem_shipdate", "Startup Cost": 0.0, "Total Cost": 24763.28, "Plan Rows": 719903, "Plan Width": 0, "Index Cond": "((l_shipdate >= '1996-12-01 00:00:00'::timestamp(0) without time zone) AND (l_shipdate < '1997-01-01 00:00:00'::timestamp without time zone))"}]}, {"Node Type": "Hash", "Parent Relationship": "Inner", "Startup Cost": 100803.25, "Total Cost": 100803.25, "Plan Rows": 2000000, "Plan Width": 29, "Plans": [{"Node Type": "Index Scan", "Parent Relationship": "Outer", "Scan Direction": "Forward", "Index Name": "part_kpey", "Relation Name": "part", "Alias": "part", "Startup Cost": 0.0, "Total Cost": 100803.25, "Plan Rows": 2000000, "Plan Width": 29}]}]}]}, "Unique SQL Id": 379939634, "Planner Runtime": 0}, "explain_analyze_plan": {"Plan": {"Node Type": "Aggregate", "Strategy": "Plain", "Startup Cost": 1383300.54, "Total Cost": 1383300.55, "Plan Rows": 1, "Plan Width": 53, "Actual Startup Time": 5392.049, "Actual Total Time": 5392.049, "Actual Rows": 1, "Actual Loops": 1, "Plans": [{"Node Type": "Hash Join", "Parent Relationship": "Outer", "Join Type": "Inner", "Startup Cost": 150746.51, "Total Cost": 1370702.23, "Plan Rows": 719903, "Plan Width": 37, "Actual Startup Time": 2926.424, "Actual Total Time": 5025.717, "Actual Rows": 772803, "Actual Loops": 1, "Inner Unique": true, "Hash Cond": "(lineitem.l_partkey = part.p_partkey), (LLVM Optimized, Jit Execute)", "Plans": [{"Node Type": "Bitmap Heap Scan", "Parent Relationship": "Outer", "Relation Name": "lineitem", "Alias": "lineitem", "Startup Cost": 24943.26, "Total Cost": 1235000.32, "Plan Rows": 719903, "Plan Width": 24, "Actual Startup Time": 468.518, "Actual Total Time": 1836.972, "Actual Rows": 772803, "Actual Loops": 1, "Recheck Cond": "((l_shipdate >= '1996-12-01 00:00:00'::timestamp(0) without time zone) AND (l_shipdate < '1997-01-01 00:00:00'::timestamp without time zone)), (LLVM Optimized, Jit Execute)", "Rows Removed by Index Recheck": 0, "Exact Heap Blocks": 437909, "Lossy Heap Blocks": 437909, "Plans": [{"Node Type": "Bitmap Index Scan", "Parent Relationship": "Outer", "Index Name": "idx_lineitem_shipdate", "Startup Cost": 0.0, "Total Cost": 24763.28, "Plan Rows": 719903, "Plan Width": 0, "Actual Startup Time": 304.232, "Actual Total Time": 304.232, "Actual Rows": 772803, "Actual Loops": 1, "Index Cond": "((l_shipdate >= '1996-12-01 00:00:00'::timestamp(0) without time zone) AND (l_shipdate < '1997-01-01 00:00:00'::timestamp without time zone))"}]}, {"Node Type": "Hash", "Parent Relationship": "Inner", "Startup Cost": 100803.25, "Total Cost": 100803.25, "Plan Rows": 2000000, "Plan Width": 29, "Actual Startup Time": 2456.558, "Actual Total Time": 2456.558, "Actual Rows": 2000000, "Actual Loops": 1, "Hash Buckets": 2097152, "Hash Batches": 1, "Original Hash Batches": 1, "Peak Memory Usage": 126040, "Plans": [{"Node Type": "Index Scan", "Parent Relationship": "Outer", "Scan Direction": "Forward", "Index Name": "part_kpey", "Relation Name": "part", "Alias": "part", "Startup Cost": 0.0, "Total Cost": 100803.25, "Plan Rows": 2000000, "Plan Width": 29, "Actual Startup Time": 0.05, "Actual Total Time": 1550.403, "Actual Rows": 2000000, "Actual Loops": 1}]}]}]}, "Triggers": [], "Planner Runtime": 0, "Total Runtime": 5406.949, "Unique SQL Id": 379939634}}, "(64, 38)": {"explain_plan": {"Plan": {"Node Type": "Aggregate", "Strategy": "Plain", "Startup Cost": 1344441.29, "Total Cost": 1344441.3, "Plan Rows": 1, "Plan Width": 53, "Plans": [{"Node Type": "Hash Join", "Parent Relationship": "Outer", "Join Type": "Inner", "Startup Cost": 111887.26, "Total Cost": 1331842.98, "Plan Rows": 719903, "Plan Width": 37, "Inner Unique": true, "Hash Cond": "(lineitem.l_partkey = part.p_partkey), (LLVM Optimized)", "Plans": [{"Node Type": "Bitmap Heap Scan", "Parent Relationship": "Outer", "Relation Name": "lineitem", "Alias": "lineitem", "Startup Cost": 24943.26, "Total Cost": 1235000.32, "Plan Rows": 719903, "Plan Width": 24, "Recheck Cond": "((l_shipdate >= '1996-12-01 00:00:00'::timestamp(0) without time zone) AND (l_shipdate < '1997-01-01 00:00:00'::timestamp without time zone)), (LLVM Optimized)", "Plans": [{"Node Type": "Bitmap Index Scan", "Parent Relationship": "Outer", "Index Name": "idx_lineitem_shipdate", "Startup Cost": 0.0, "Total Cost": 24763.28, "Plan Rows": 719903, "Plan Width": 0, "Index Cond": "((l_shipdate >= '1996-12-01 00:00:00'::timestamp(0) without time zone) AND (l_shipdate < '1997-01-01 00:00:00'::timestamp without time zone))"}]}, {"Node Type": "Hash", "Parent Relationship": "Inner", "Startup Cost": 61944.0, "Total Cost": 61944.0, "Plan Rows": 2000000, "Plan Width": 29, "Plans": [{"Node Type": "Seq Scan", "Parent Relationship": "Outer", "Relation Name": "part", "Alias": "part", "Startup Cost": 0.0, "Total Cost": 61944.0, "Plan Rows": 2000000, "Plan Width": 29}]}]}]}, "Unique SQL Id": 379939634, "Planner Runtime": 0}, "explain_analyze_plan": {"Plan": {"Node Type": "Aggregate", "Strategy": "Plain", "Startup Cost": 1344441.29, "Total Cost": 1344441.3, "Plan Rows": 1, "Plan Width": 53, "Actual Startup Time": 3949.646, "Actual Total Time": 3949.647, "Actual Rows": 1, "Actual Loops": 1, "Plans": [{"Node Type": "Hash Join", "Parent Relationship": "Outer", "Join Type": "Inner", "Startup Cost": 111887.26, "Total Cost": 1331842.98, "Plan Rows": 719903, "Plan Width": 37, "Actual Startup Time": 1804.081, "Actual Total Time": 3575.966, "Actual Rows": 772803, "Actual Loops": 1, "Inner Unique": true, "Hash Cond": "(lineitem.l_partkey = part.p_partkey), (LLVM Optimized, Jit Execute)", "Plans": [{"Node Type": "Bitmap Heap Scan", "Parent Relationship": "Outer", "Relation Name": "lineitem", "Alias": "lineitem", "Startup Cost": 24943.26, "Total Cost": 1235000.32, "Plan Rows": 719903, "Plan Width": 24, "Actual Startup Time": 469.464, "Actual Total Time": 1694.161, "Actual Rows": 772803, "Actual Loops": 1, "Recheck Cond": "((l_shipdate >= '1996-12-01 00:00:00'::timestamp(0) without time zone) AND (l_shipdate < '1997-01-01 00:00:00'::timestamp without time zone)), (LLVM Optimized, Jit Execute)", "Rows Removed by Index Recheck": 0, "Exact Heap Blocks": 437909, "Lossy Heap Blocks": 437909, "Plans": [{"Node Type": "Bitmap Index Scan", "Parent Relationship": "Outer", "Index Name": "idx_lineitem_shipdate", "Startup Cost": 0.0, "Total Cost": 24763.28, "Plan Rows": 719903, "Plan Width": 0, "Actual Startup Time": 304.405, "Actual Total Time": 304.405, "Actual Rows": 772803, "Actual Loops": 1, "Index Cond": "((l_shipdate >= '1996-12-01 00:00:00'::timestamp(0) without time zone) AND (l_shipdate < '1997-01-01 00:00:00'::timestamp without time zone))"}]}, {"Node Type": "Hash", "Parent Relationship": "Inner", "Startup Cost": 61944.0, "Total Cost": 61944.0, "Plan Rows": 2000000, "Plan Width": 29, "Actual Startup Time": 1333.257, "Actual Total Time": 1333.257, "Actual Rows": 2000000, "Actual Loops": 1, "Hash Buckets": 2097152, "Hash Batches": 1, "Original Hash Batches": 1, "Peak Memory Usage": 126040, "Plans": [{"Node Type": "Seq Scan", "Parent Relationship": "Outer", "Relation Name": "part", "Alias": "part", "Startup Cost": 0.0, "Total Cost": 61944.0, "Plan Rows": 2000000, "Plan Width": 29, "Actual Startup Time": 0.034, "Actual Total Time": 698.306, "Actual Rows": 2000000, "Actual Loops": 1}]}]}]}, "Triggers": [], "Planner Runtime": 0, "Total Runtime": 3964.056, "Unique SQL Id": 379939634}}, "(64, 39)": {"explain_plan": {"Plan": {"Node Type": "Aggregate", "Strategy": "Plain", "Startup Cost": 4357819.44, "Total Cost": 4357819.45, "Plan Rows": 1, "Plan Width": 53, "Plans": [{"Node Type": "Nested Loop", "Parent Relationship": "Outer", "Join Type": "Inner", "Startup Cost": 24943.55, "Total Cost": 4345221.13, "Plan Rows": 719903, "Plan Width": 37, "Inner Unique": true, "Plans": [{"Node Type": "Bitmap Heap Scan", "Parent Relationship": "Outer", "Relation Name": "lineitem", "Alias": "lineitem", "Startup Cost": 24943.26, "Total Cost": 1235000.32, "Plan Rows": 719903, "Plan Width": 24, "Recheck Cond": "((l_shipdate >= '1996-12-01 00:00:00'::timestamp(0) without time zone) AND (l_shipdate < '1997-01-01 00:00:00'::timestamp without time zone)), (LLVM Optimized)", "Plans": [{"Node Type": "Bitmap Index Scan", "Parent Relationship": "Outer", "Index Name": "idx_lineitem_shipdate", "Startup Cost": 0.0, "Total Cost": 24763.28, "Plan Rows": 719903, "Plan Width": 0, "Index Cond": "((l_shipdate >= '1996-12-01 00:00:00'::timestamp(0) without time zone) AND (l_shipdate < '1997-01-01 00:00:00'::timestamp without time zone))"}]}, {"Node Type": "Bitmap Heap Scan", "Parent Relationship": "Inner", "Relation Name": "part", "Alias": "part", "Startup Cost": 0.3, "Total Cost": 4.31, "Plan Rows": 1, "Plan Width": 29, "Recheck Cond": "(p_partkey = lineitem.l_partkey)", "Plans": [{"Node Type": "Bitmap Index Scan", "Parent Relationship": "Outer", "Index Name": "part_kpey", "Startup Cost": 0.0, "Total Cost": 0.3, "Plan Rows": 1, "Plan Width": 0, "Index Cond": "(p_partkey = lineitem.l_partkey)"}]}]}]}, "Unique SQL Id": 379939634, "Planner Runtime": 0}, "explain_analyze_plan": {"Plan": {"Node Type": "Aggregate", "Strategy": "Plain", "Startup Cost": 4357819.44, "Total Cost": 4357819.45, "Plan Rows": 1, "Plan Width": 53, "Actual Startup Time": 8374.121, "Actual Total Time": 8374.121, "Actual Rows": 1, "Actual Loops": 1, "Plans": [{"Node Type": "Nested Loop", "Parent Relationship": "Outer", "Join Type": "Inner", "Startup Cost": 24943.55, "Total Cost": 4345221.13, "Plan Rows": 719903, "Plan Width": 37, "Actual Startup Time": 511.97, "Actual Total Time": 7861.902, "Actual Rows": 772803, "Actual Loops": 1, "Inner Unique": true, "Plans": [{"Node Type": "Bitmap Heap Scan", "Parent Relationship": "Outer", "Relation Name": "lineitem", "Alias": "lineitem", "Startup Cost": 24943.26, "Total Cost": 1235000.32, "Plan Rows": 719903, "Plan Width": 24, "Actual Startup Time": 511.814, "Actual Total Time": 1803.715, "Actual Rows": 772803, "Actual Loops": 1, "Recheck Cond": "((l_shipdate >= '1996-12-01 00:00:00'::timestamp(0) without time zone) AND (l_shipdate < '1997-01-01 00:00:00'::timestamp without time zone)), (LLVM Optimized, Jit Execute)", "Rows Removed by Index Recheck": 0, "Exact Heap Blocks": 437909, "Lossy Heap Blocks": 437909, "Plans": [{"Node Type": "Bitmap Index Scan", "Parent Relationship": "Outer", "Index Name": "idx_lineitem_shipdate", "Startup Cost": 0.0, "Total Cost": 24763.28, "Plan Rows": 719903, "Plan Width": 0, "Actual Startup Time": 303.892, "Actual Total Time": 303.892, "Actual Rows": 772803, "Actual Loops": 1, "Index Cond": "((l_shipdate >= '1996-12-01 00:00:00'::timestamp(0) without time zone) AND (l_shipdate < '1997-01-01 00:00:00'::timestamp without time zone))"}]}, {"Node Type": "Bitmap Heap Scan", "Parent Relationship": "Inner", "Relation Name": "part", "Alias": "part", "Startup Cost": 0.3, "Total Cost": 4.31, "Plan Rows": 1, "Plan Width": 29, "Actual Startup Time": 4978.943, "Actual Total Time": 4978.943, "Actual Rows": 772803, "Actual Loops": 772803, "Recheck Cond": "(p_partkey = lineitem.l_partkey)", "Rows Removed by Index Recheck": 0, "Exact Heap Blocks": 772803, "Lossy Heap Blocks": 772803, "Plans": [{"Node Type": "Bitmap Index Scan", "Parent Relationship": "Outer", "Index Name": "part_kpey", "Startup Cost": 0.0, "Total Cost": 0.3, "Plan Rows": 1, "Plan Width": 0, "Actual Startup Time": 3069.068, "Actual Total Time": 3069.068, "Actual Rows": 772803, "Actual Loops": 772803, "Index Cond": "(p_partkey = lineitem.l_partkey)"}]}]}]}, "Triggers": [], "Planner Runtime": 0, "Total Runtime": 8385.255, "Unique SQL Id": 379939634}}, "(64, 40)": {"explain_plan": {"Plan": {"Node Type": "Aggregate", "Strategy": "Plain", "Startup Cost": 2437127.27, "Total Cost": 2437127.29, "Plan Rows": 1, "Plan Width": 53, "Plans": [{"Node Type": "Hash Join", "Parent Relationship": "Outer", "Join Type": "Inner", "Startup Cost": 86944.0, "Total Cost": 2424528.97, "Plan Rows": 719903, "Plan Width": 37, "Inner Unique": true, "Hash Cond": "(lineitem.l_partkey = part.p_partkey), (LLVM Optimized)", "Plans": [{"Node Type": "Index Scan", "Parent Relationship": "Outer", "Scan Direction": "Forward", "Index Name": "idx_lineitem_shipdate", "Relation Name": "lineitem", "Alias": "lineitem", "Startup Cost": 0.0, "Total Cost": 2327686.3, "Plan Rows": 719903, "Plan Width": 24, "Index Cond": "((l_shipdate >= '1996-12-01 00:00:00'::timestamp(0) without time zone) AND (l_shipdate < '1997-01-01 00:00:00'::timestamp without time zone)), (LLVM Optimized)"}, {"Node Type": "Hash", "Parent Relationship": "Inner", "Startup Cost": 61944.0, "Total Cost": 61944.0, "Plan Rows": 2000000, "Plan Width": 29, "Plans": [{"Node Type": "Seq Scan", "Parent Relationship": "Outer", "Relation Name": "part", "Alias": "part", "Startup Cost": 0.0, "Total Cost": 61944.0, "Plan Rows": 2000000, "Plan Width": 29}]}]}]}, "Unique SQL Id": 379939634, "Planner Runtime": 0}, "explain_analyze_plan": {"Plan": {"Node Type": "Aggregate", "Strategy": "Plain", "Startup Cost": 2437127.27, "Total Cost": 2437127.29, "Plan Rows": 1, "Plan Width": 53, "Actual Startup Time": 4422.603, "Actual Total Time": 4422.605, "Actual Rows": 1, "Actual Loops": 1, "Plans": [{"Node Type": "Hash Join", "Parent Relationship": "Outer", "Join Type": "Inner", "Startup Cost": 86944.0, "Total Cost": 2424528.97, "Plan Rows": 719903, "Plan Width": 37, "Actual Startup Time": 1384.877, "Actual Total Time": 4035.454, "Actual Rows": 772803, "Actual Loops": 1, "Inner Unique": true, "Hash Cond": "(lineitem.l_partkey = part.p_partkey), (LLVM Optimized, Jit Execute)", "Plans": [{"Node Type": "Index Scan", "Parent Relationship": "Outer", "Scan Direction": "Forward", "Index Name": "idx_lineitem_shipdate", "Relation Name": "lineitem", "Alias": "lineitem", "Startup Cost": 0.0, "Total Cost": 2327686.3, "Plan Rows": 719903, "Plan Width": 24, "Actual Startup Time": 0.031, "Actual Total Time": 1958.157, "Actual Rows": 772803, "Actual Loops": 1, "Index Cond": "((l_shipdate >= '1996-12-01 00:00:00'::timestamp(0) without time zone) AND (l_shipdate < '1997-01-01 00:00:00'::timestamp without time zone)), (LLVM Optimized, Jit Execute)", "Rows Removed by Index Recheck": 0}, {"Node Type": "Hash", "Parent Relationship": "Inner", "Startup Cost": 61944.0, "Total Cost": 61944.0, "Plan Rows": 2000000, "Plan Width": 29, "Actual Startup Time": 1383.553, "Actual Total Time": 1383.553, "Actual Rows": 2000000, "Actual Loops": 1, "Hash Buckets": 2097152, "Hash Batches": 1, "Original Hash Batches": 1, "Peak Memory Usage": 126040, "Plans": [{"Node Type": "Seq Scan", "Parent Relationship": "Outer", "Relation Name": "part", "Alias": "part", "Startup Cost": 0.0, "Total Cost": 61944.0, "Plan Rows": 2000000, "Plan Width": 29, "Actual Startup Time": 0.021, "Actual Total Time": 700.788, "Actual Rows": 2000000, "Actual Loops": 1}]}]}]}, "Triggers": [], "Planner Runtime": 0, "Total Runtime": 4436.433, "Unique SQL Id": 379939634}}, "(64, 41)": {"explain_plan": {"Plan": {"Node Type": "Aggregate", "Strategy": "Plain", "Startup Cost": 2475986.52, "Total Cost": 2475986.54, "Plan Rows": 1, "Plan Width": 53, "Plans": [{"Node Type": "Hash Join", "Parent Relationship": "Outer", "Join Type": "Inner", "Startup Cost": 125803.25, "Total Cost": 2463388.22, "Plan Rows": 719903, "Plan Width": 37, "Inner Unique": true, "Hash Cond": "(lineitem.l_partkey = part.p_partkey), (LLVM Optimized)", "Plans": [{"Node Type": "Index Scan", "Parent Relationship": "Outer", "Scan Direction": "Forward", "Index Name": "idx_lineitem_shipdate", "Relation Name": "lineitem", "Alias": "lineitem", "Startup Cost": 0.0, "Total Cost": 2327686.3, "Plan Rows": 719903, "Plan Width": 24, "Index Cond": "((l_shipdate >= '1996-12-01 00:00:00'::timestamp(0) without time zone) AND (l_shipdate < '1997-01-01 00:00:00'::timestamp without time zone)), (LLVM Optimized)"}, {"Node Type": "Hash", "Parent Relationship": "Inner", "Startup Cost": 100803.25, "Total Cost": 100803.25, "Plan Rows": 2000000, "Plan Width": 29, "Plans": [{"Node Type": "Index Scan", "Parent Relationship": "Outer", "Scan Direction": "Forward", "Index Name": "part_kpey", "Relation Name": "part", "Alias": "part", "Startup Cost": 0.0, "Total Cost": 100803.25, "Plan Rows": 2000000, "Plan Width": 29}]}]}]}, "Unique SQL Id": 379939634, "Planner Runtime": 0}, "explain_analyze_plan": {"Plan": {"Node Type": "Aggregate", "Strategy": "Plain", "Startup Cost": 2475986.52, "Total Cost": 2475986.54, "Plan Rows": 1, "Plan Width": 53, "Actual Startup Time": 4855.73, "Actual Total Time": 4855.73, "Actual Rows": 1, "Actual Loops": 1, "Plans": [{"Node Type": "Hash Join", "Parent Relationship": "Outer", "Join Type": "Inner", "Startup Cost": 125803.25, "Total Cost": 2463388.22, "Plan Rows": 719903, "Plan Width": 37, "Actual Startup Time": 2037.195, "Actual Total Time": 4465.551, "Actual Rows": 772803, "Actual Loops": 1, "Inner Unique": true, "Hash Cond": "(lineitem.l_partkey = part.p_partkey), (LLVM Optimized, Jit Execute)", "Plans": [{"Node Type": "Index Scan", "Parent Relationship": "Outer", "Scan Direction": "Forward", "Index Name": "idx_lineitem_shipdate", "Relation Name": "lineitem", "Alias": "lineitem", "Startup Cost": 0.0, "Total Cost": 2327686.3, "Plan Rows": 719903, "Plan Width": 24, "Actual Startup Time": 0.035, "Actual Total Time": 1837.144, "Actual Rows": 772803, "Actual Loops": 1, "Index Cond": "((l_shipdate >= '1996-12-01 00:00:00'::timestamp(0) without time zone) AND (l_shipdate < '1997-01-01 00:00:00'::timestamp without time zone)), (LLVM Optimized, Jit Execute)", "Rows Removed by Index Recheck": 0}, {"Node Type": "Hash", "Parent Relationship": "Inner", "Startup Cost": 100803.25, "Total Cost": 100803.25, "Plan Rows": 2000000, "Plan Width": 29, "Actual Startup Time": 2035.84, "Actual Total Time": 2035.84, "Actual Rows": 2000000, "Actual Loops": 1, "Hash Buckets": 2097152, "Hash Batches": 1, "Original Hash Batches": 1, "Peak Memory Usage": 126040, "Plans": [{"Node Type": "Index Scan", "Parent Relationship": "Outer", "Scan Direction": "Forward", "Index Name": "part_kpey", "Relation Name": "part", "Alias": "part", "Startup Cost": 0.0, "Total Cost": 100803.25, "Plan Rows": 2000000, "Plan Width": 29, "Actual Startup Time": 0.026, "Actual Total Time": 1275.246, "Actual Rows": 2000000, "Actual Loops": 1}]}]}]}, "Triggers": [], "Planner Runtime": 0, "Total Runtime": 4869.748, "Unique SQL Id": 379939634}}, "(64, 42)": {"explain_plan": {"Plan": {"Node Type": "Aggregate", "Strategy": "Plain", "Startup Cost": 2424491.46, "Total Cost": 2424491.48, "Plan Rows": 1, "Plan Width": 53, "Plans": [{"Node Type": "Hash Join", "Parent Relationship": "Outer", "Join Type": "Inner", "Startup Cost": 86988.58, "Total Cost": 2411893.16, "Plan Rows": 719903, "Plan Width": 37, "Inner Unique": true, "Hash Cond": "(lineitem.l_partkey = part.p_partkey), (LLVM Optimized)", "Plans": [{"Node Type": "Seq Scan", "Parent Relationship": "Outer", "Relation Name": "lineitem", "Alias": "lineitem", "Startup Cost": 44.58, "Total Cost": 2315050.5, "Plan Rows": 719903, "Plan Width": 24, "Filter": "((l_shipdate >= '1996-12-01 00:00:00'::timestamp(0) without time zone) AND (l_shipdate < '1997-01-01 00:00:00'::timestamp without time zone)), (LLVM Optimized)"}, {"Node Type": "Hash", "Parent Relationship": "Inner", "Startup Cost": 61944.0, "Total Cost": 61944.0, "Plan Rows": 2000000, "Plan Width": 29, "Plans": [{"Node Type": "Seq Scan", "Parent Relationship": "Outer", "Relation Name": "part", "Alias": "part", "Startup Cost": 0.0, "Total Cost": 61944.0, "Plan Rows": 2000000, "Plan Width": 29}]}]}]}, "Unique SQL Id": 379939634, "Planner Runtime": 0}, "explain_analyze_plan": null}, "(64, 43)": {"explain_plan": {"Plan": {"Node Type": "Aggregate", "Strategy": "Plain", "Startup Cost": 2000815512658.11, "Total Cost": 2000815512658.13, "Plan Rows": 1, "Plan Width": 53, "Plans": [{"Node Type": "Hash Join", "Parent Relationship": "Outer", "Join Type": "Inner", "Startup Cost": 1010010105325.0, "Total Cost": 2000815500059.81, "Plan Rows": 719903, "Plan Width": 37, "Inner Unique": true, "Hash Cond": "(lineitem.l_partkey = part.p_partkey), (LLVM Optimized)", "Plans": [{"Node Type": "Index Scan", "Parent Relationship": "Outer", "Scan Direction": "Forward", "Index Name": "idx_lineitem_part_supp", "Relation Name": "lineitem", "Alias": "lineitem", "Startup Cost": 10000000000.0, "Total Cost": 1000805384836.14, "Plan Rows": 719903, "Plan Width": 24, "Filter": "((l_shipdate >= '1996-12-01 00:00:00'::timestamp(0) without time zone) AND (l_shipdate < '1997-01-01 00:00:00'::timestamp without time zone)), (LLVM Optimized)"}, {"Node Type": "Hash", "Parent Relationship": "Inner", "Startup Cost": 1000010080325.0, "Total Cost": 1000010080325.0, "Plan Rows": 2000000, "Plan Width": 29, "Plans": [{"Node Type": "Index Scan", "Parent Relationship": "Outer", "Scan Direction": "Forward", "Index Name": "part_kpey", "Relation Name": "part", "Alias": "part", "Startup Cost": 10000000000.0, "Total Cost": 1000010080325.0, "Plan Rows": 2000000, "Plan Width": 29}]}]}]}, "Unique SQL Id": 379939634, "Planner Runtime": 0}, "explain_analyze_plan": null}, "(64, 44)": {"explain_plan": {"Plan": {"Node Type": "Aggregate", "Strategy": "Plain", "Startup Cost": 2437127.27, "Total Cost": 2437127.29, "Plan Rows": 1, "Plan Width": 53, "Plans": [{"Node Type": "Hash Join", "Parent Relationship": "Outer", "Join Type": "Inner", "Startup Cost": 86944.0, "Total Cost": 2424528.97, "Plan Rows": 719903, "Plan Width": 37, "Inner Unique": true, "Hash Cond": "(lineitem.l_partkey = part.p_partkey), (LLVM Optimized)", "Plans": [{"Node Type": "Index Scan", "Parent Relationship": "Outer", "Scan Direction": "Forward", "Index Name": "idx_lineitem_shipdate", "Relation Name": "lineitem", "Alias": "lineitem", "Startup Cost": 0.0, "Total Cost": 2327686.3, "Plan Rows": 719903, "Plan Width": 24, "Index Cond": "((l_shipdate >= '1996-12-01 00:00:00'::timestamp(0) without time zone) AND (l_shipdate < '1997-01-01 00:00:00'::timestamp without time zone)), (LLVM Optimized)"}, {"Node Type": "Hash", "Parent Relationship": "Inner", "Startup Cost": 61944.0, "Total Cost": 61944.0, "Plan Rows": 2000000, "Plan Width": 29, "Plans": [{"Node Type": "Seq Scan", "Parent Relationship": "Outer", "Relation Name": "part", "Alias": "part", "Startup Cost": 0.0, "Total Cost": 61944.0, "Plan Rows": 2000000, "Plan Width": 29}]}]}]}, "Unique SQL Id": 379939634, "Planner Runtime": 0}, "explain_analyze_plan": {"Plan": {"Node Type": "Aggregate", "Strategy": "Plain", "Startup Cost": 2437127.27, "Total Cost": 2437127.29, "Plan Rows": 1, "Plan Width": 53, "Actual Startup Time": 4422.603, "Actual Total Time": 4422.605, "Actual Rows": 1, "Actual Loops": 1, "Plans": [{"Node Type": "Hash Join", "Parent Relationship": "Outer", "Join Type": "Inner", "Startup Cost": 86944.0, "Total Cost": 2424528.97, "Plan Rows": 719903, "Plan Width": 37, "Actual Startup Time": 1384.877, "Actual Total Time": 4035.454, "Actual Rows": 772803, "Actual Loops": 1, "Inner Unique": true, "Hash Cond": "(lineitem.l_partkey = part.p_partkey), (LLVM Optimized, Jit Execute)", "Plans": [{"Node Type": "Index Scan", "Parent Relationship": "Outer", "Scan Direction": "Forward", "Index Name": "idx_lineitem_shipdate", "Relation Name": "lineitem", "Alias": "lineitem", "Startup Cost": 0.0, "Total Cost": 2327686.3, "Plan Rows": 719903, "Plan Width": 24, "Actual Startup Time": 0.031, "Actual Total Time": 1958.157, "Actual Rows": 772803, "Actual Loops": 1, "Index Cond": "((l_shipdate >= '1996-12-01 00:00:00'::timestamp(0) without time zone) AND (l_shipdate < '1997-01-01 00:00:00'::timestamp without time zone)), (LLVM Optimized, Jit Execute)", "Rows Removed by Index Recheck": 0}, {"Node Type": "Hash", "Parent Relationship": "Inner", "Startup Cost": 61944.0, "Total Cost": 61944.0, "Plan Rows": 2000000, "Plan Width": 29, "Actual Startup Time": 1383.553, "Actual Total Time": 1383.553, "Actual Rows": 2000000, "Actual Loops": 1, "Hash Buckets": 2097152, "Hash Batches": 1, "Original Hash Batches": 1, "Peak Memory Usage": 126040, "Plans": [{"Node Type": "Seq Scan", "Parent Relationship": "Outer", "Relation Name": "part", "Alias": "part", "Startup Cost": 0.0, "Total Cost": 61944.0, "Plan Rows": 2000000, "Plan Width": 29, "Actual Startup Time": 0.021, "Actual Total Time": 700.788, "Actual Rows": 2000000, "Actual Loops": 1}]}]}]}, "Triggers": [], "Planner Runtime": 0, "Total Runtime": 4436.433, "Unique SQL Id": 379939634}}, "(64, 45)": {"explain_plan": {"Plan": {"Node Type": "Aggregate", "Strategy": "Plain", "Startup Cost": 2475986.52, "Total Cost": 2475986.54, "Plan Rows": 1, "Plan Width": 53, "Plans": [{"Node Type": "Hash Join", "Parent Relationship": "Outer", "Join Type": "Inner", "Startup Cost": 125803.25, "Total Cost": 2463388.22, "Plan Rows": 719903, "Plan Width": 37, "Inner Unique": true, "Hash Cond": "(lineitem.l_partkey = part.p_partkey), (LLVM Optimized)", "Plans": [{"Node Type": "Index Scan", "Parent Relationship": "Outer", "Scan Direction": "Forward", "Index Name": "idx_lineitem_shipdate", "Relation Name": "lineitem", "Alias": "lineitem", "Startup Cost": 0.0, "Total Cost": 2327686.3, "Plan Rows": 719903, "Plan Width": 24, "Index Cond": "((l_shipdate >= '1996-12-01 00:00:00'::timestamp(0) without time zone) AND (l_shipdate < '1997-01-01 00:00:00'::timestamp without time zone)), (LLVM Optimized)"}, {"Node Type": "Hash", "Parent Relationship": "Inner", "Startup Cost": 100803.25, "Total Cost": 100803.25, "Plan Rows": 2000000, "Plan Width": 29, "Plans": [{"Node Type": "Index Scan", "Parent Relationship": "Outer", "Scan Direction": "Forward", "Index Name": "part_kpey", "Relation Name": "part", "Alias": "part", "Startup Cost": 0.0, "Total Cost": 100803.25, "Plan Rows": 2000000, "Plan Width": 29}]}]}]}, "Unique SQL Id": 379939634, "Planner Runtime": 0}, "explain_analyze_plan": {"Plan": {"Node Type": "Aggregate", "Strategy": "Plain", "Startup Cost": 2475986.52, "Total Cost": 2475986.54, "Plan Rows": 1, "Plan Width": 53, "Actual Startup Time": 4855.73, "Actual Total Time": 4855.73, "Actual Rows": 1, "Actual Loops": 1, "Plans": [{"Node Type": "Hash Join", "Parent Relationship": "Outer", "Join Type": "Inner", "Startup Cost": 125803.25, "Total Cost": 2463388.22, "Plan Rows": 719903, "Plan Width": 37, "Actual Startup Time": 2037.195, "Actual Total Time": 4465.551, "Actual Rows": 772803, "Actual Loops": 1, "Inner Unique": true, "Hash Cond": "(lineitem.l_partkey = part.p_partkey), (LLVM Optimized, Jit Execute)", "Plans": [{"Node Type": "Index Scan", "Parent Relationship": "Outer", "Scan Direction": "Forward", "Index Name": "idx_lineitem_shipdate", "Relation Name": "lineitem", "Alias": "lineitem", "Startup Cost": 0.0, "Total Cost": 2327686.3, "Plan Rows": 719903, "Plan Width": 24, "Actual Startup Time": 0.035, "Actual Total Time": 1837.144, "Actual Rows": 772803, "Actual Loops": 1, "Index Cond": "((l_shipdate >= '1996-12-01 00:00:00'::timestamp(0) without time zone) AND (l_shipdate < '1997-01-01 00:00:00'::timestamp without time zone)), (LLVM Optimized, Jit Execute)", "Rows Removed by Index Recheck": 0}, {"Node Type": "Hash", "Parent Relationship": "Inner", "Startup Cost": 100803.25, "Total Cost": 100803.25, "Plan Rows": 2000000, "Plan Width": 29, "Actual Startup Time": 2035.84, "Actual Total Time": 2035.84, "Actual Rows": 2000000, "Actual Loops": 1, "Hash Buckets": 2097152, "Hash Batches": 1, "Original Hash Batches": 1, "Peak Memory Usage": 126040, "Plans": [{"Node Type": "Index Scan", "Parent Relationship": "Outer", "Scan Direction": "Forward", "Index Name": "part_kpey", "Relation Name": "part", "Alias": "part", "Startup Cost": 0.0, "Total Cost": 100803.25, "Plan Rows": 2000000, "Plan Width": 29, "Actual Startup Time": 0.026, "Actual Total Time": 1275.246, "Actual Rows": 2000000, "Actual Loops": 1}]}]}]}, "Triggers": [], "Planner Runtime": 0, "Total Runtime": 4869.748, "Unique SQL Id": 379939634}}, "(64, 46)": {"explain_plan": {"Plan": {"Node Type": "Aggregate", "Strategy": "Plain", "Startup Cost": 2424491.46, "Total Cost": 2424491.48, "Plan Rows": 1, "Plan Width": 53, "Plans": [{"Node Type": "Hash Join", "Parent Relationship": "Outer", "Join Type": "Inner", "Startup Cost": 86988.58, "Total Cost": 2411893.16, "Plan Rows": 719903, "Plan Width": 37, "Inner Unique": true, "Hash Cond": "(lineitem.l_partkey = part.p_partkey), (LLVM Optimized)", "Plans": [{"Node Type": "Seq Scan", "Parent Relationship": "Outer", "Relation Name": "lineitem", "Alias": "lineitem", "Startup Cost": 44.58, "Total Cost": 2315050.5, "Plan Rows": 719903, "Plan Width": 24, "Filter": "((l_shipdate >= '1996-12-01 00:00:00'::timestamp(0) without time zone) AND (l_shipdate < '1997-01-01 00:00:00'::timestamp without time zone)), (LLVM Optimized)"}, {"Node Type": "Hash", "Parent Relationship": "Inner", "Startup Cost": 61944.0, "Total Cost": 61944.0, "Plan Rows": 2000000, "Plan Width": 29, "Plans": [{"Node Type": "Seq Scan", "Parent Relationship": "Outer", "Relation Name": "part", "Alias": "part", "Startup Cost": 0.0, "Total Cost": 61944.0, "Plan Rows": 2000000, "Plan Width": 29}]}]}]}, "Unique SQL Id": 379939634, "Planner Runtime": 0}, "explain_analyze_plan": null}, "(64, 47)": {"explain_plan": {"Plan": {"Node Type": "Aggregate", "Strategy": "Plain", "Startup Cost": 2000815512658.11, "Total Cost": 2000815512658.13, "Plan Rows": 1, "Plan Width": 53, "Plans": [{"Node Type": "Hash Join", "Parent Relationship": "Outer", "Join Type": "Inner", "Startup Cost": 1010010105325.0, "Total Cost": 2000815500059.81, "Plan Rows": 719903, "Plan Width": 37, "Inner Unique": true, "Hash Cond": "(lineitem.l_partkey = part.p_partkey), (LLVM Optimized)", "Plans": [{"Node Type": "Index Scan", "Parent Relationship": "Outer", "Scan Direction": "Forward", "Index Name": "idx_lineitem_part_supp", "Relation Name": "lineitem", "Alias": "lineitem", "Startup Cost": 10000000000.0, "Total Cost": 1000805384836.14, "Plan Rows": 719903, "Plan Width": 24, "Filter": "((l_shipdate >= '1996-12-01 00:00:00'::timestamp(0) without time zone) AND (l_shipdate < '1997-01-01 00:00:00'::timestamp without time zone)), (LLVM Optimized)"}, {"Node Type": "Hash", "Parent Relationship": "Inner", "Startup Cost": 1000010080325.0, "Total Cost": 1000010080325.0, "Plan Rows": 2000000, "Plan Width": 29, "Plans": [{"Node Type": "Index Scan", "Parent Relationship": "Outer", "Scan Direction": "Forward", "Index Name": "part_kpey", "Relation Name": "part", "Alias": "part", "Startup Cost": 10000000000.0, "Total Cost": 1000010080325.0, "Plan Rows": 2000000, "Plan Width": 29}]}]}]}, "Unique SQL Id": 379939634, "Planner Runtime": 0}, "explain_analyze_plan": null}, "(64, 48)": {"explain_plan": {"Plan": {"Node Type": "Aggregate", "Strategy": "Plain", "Startup Cost": 1645803.46, "Total Cost": 1645803.47, "Plan Rows": 1, "Plan Width": 53, "Plans": [{"Node Type": "Nested Loop", "Parent Relationship": "Outer", "Join Type": "Inner", "Startup Cost": 24943.26, "Total Cost": 1633205.16, "Plan Rows": 719903, "Plan Width": 37, "Inner Unique": true, "Plans": [{"Node Type": "Bitmap Heap Scan", "Parent Relationship": "Outer", "Relation Name": "lineitem", "Alias": "lineitem", "Startup Cost": 24943.26, "Total Cost": 1235000.32, "Plan Rows": 719903, "Plan Width": 24, "Recheck Cond": "((l_shipdate >= '1996-12-01 00:00:00'::timestamp(0) without time zone) AND (l_shipdate < '1997-01-01 00:00:00'::timestamp without time zone)), (LLVM Optimized)", "Plans": [{"Node Type": "Bitmap Index Scan", "Parent Relationship": "Outer", "Index Name": "idx_lineitem_shipdate", "Startup Cost": 0.0, "Total Cost": 24763.28, "Plan Rows": 719903, "Plan Width": 0, "Index Cond": "((l_shipdate >= '1996-12-01 00:00:00'::timestamp(0) without time zone) AND (l_shipdate < '1997-01-01 00:00:00'::timestamp without time zone))"}]}, {"Node Type": "Index Scan", "Parent Relationship": "Inner", "Scan Direction": "Forward", "Index Name": "part_kpey", "Relation Name": "part", "Alias": "part", "Startup Cost": 0.0, "Total Cost": 0.54, "Plan Rows": 1, "Plan Width": 29, "Index Cond": "(p_partkey = lineitem.l_partkey)"}]}]}, "Unique SQL Id": 379939634, "Planner Runtime": 0}, "explain_analyze_plan": {"Plan": {"Node Type": "Aggregate", "Strategy": "Plain", "Startup Cost": 1645803.46, "Total Cost": 1645803.47, "Plan Rows": 1, "Plan Width": 53, "Actual Startup Time": 6834.002, "Actual Total Time": 6834.003, "Actual Rows": 1, "Actual Loops": 1, "Plans": [{"Node Type": "Nested Loop", "Parent Relationship": "Outer", "Join Type": "Inner", "Startup Cost": 24943.26, "Total Cost": 1633205.16, "Plan Rows": 719903, "Plan Width": 37, "Actual Startup Time": 472.572, "Actual Total Time": 6367.612, "Actual Rows": 772803, "Actual Loops": 1, "Inner Unique": true, "Plans": [{"Node Type": "Bitmap Heap Scan", "Parent Relationship": "Outer", "Relation Name": "lineitem", "Alias": "lineitem", "Startup Cost": 24943.26, "Total Cost": 1235000.32, "Plan Rows": 719903, "Plan Width": 24, "Actual Startup Time": 472.509, "Actual Total Time": 1763.976, "Actual Rows": 772803, "Actual Loops": 1, "Recheck Cond": "((l_shipdate >= '1996-12-01 00:00:00'::timestamp(0) without time zone) AND (l_shipdate < '1997-01-01 00:00:00'::timestamp without time zone)), (LLVM Optimized, Jit Execute)", "Rows Removed by Index Recheck": 0, "Exact Heap Blocks": 437909, "Lossy Heap Blocks": 437909, "Plans": [{"Node Type": "Bitmap Index Scan", "Parent Relationship": "Outer", "Index Name": "idx_lineitem_shipdate", "Startup Cost": 0.0, "Total Cost": 24763.28, "Plan Rows": 719903, "Plan Width": 0, "Actual Startup Time": 307.386, "Actual Total Time": 307.386, "Actual Rows": 772803, "Actual Loops": 1, "Index Cond": "((l_shipdate >= '1996-12-01 00:00:00'::timestamp(0) without time zone) AND (l_shipdate < '1997-01-01 00:00:00'::timestamp without time zone))"}]}, {"Node Type": "Index Scan", "Parent Relationship": "Inner", "Scan Direction": "Forward", "Index Name": "part_kpey", "Relation Name": "part", "Alias": "part", "Startup Cost": 0.0, "Total Cost": 0.54, "Plan Rows": 1, "Plan Width": 29, "Actual Startup Time": 3968.642, "Actual Total Time": 3968.642, "Actual Rows": 772803, "Actual Loops": 772803, "Index Cond": "(p_partkey = lineitem.l_partkey)", "Rows Removed by Index Recheck": 0}]}]}, "Triggers": [], "Planner Runtime": 0, "Total Runtime": 6846.34, "Unique SQL Id": 379939634}}, "(64, 49)": {"explain_plan": {"Plan": {"Node Type": "Aggregate", "Strategy": "Plain", "Startup Cost": 1645803.46, "Total Cost": 1645803.47, "Plan Rows": 1, "Plan Width": 53, "Plans": [{"Node Type": "Nested Loop", "Parent Relationship": "Outer", "Join Type": "Inner", "Startup Cost": 24943.26, "Total Cost": 1633205.16, "Plan Rows": 719903, "Plan Width": 37, "Inner Unique": true, "Plans": [{"Node Type": "Bitmap Heap Scan", "Parent Relationship": "Outer", "Relation Name": "lineitem", "Alias": "lineitem", "Startup Cost": 24943.26, "Total Cost": 1235000.32, "Plan Rows": 719903, "Plan Width": 24, "Recheck Cond": "((l_shipdate >= '1996-12-01 00:00:00'::timestamp(0) without time zone) AND (l_shipdate < '1997-01-01 00:00:00'::timestamp without time zone)), (LLVM Optimized)", "Plans": [{"Node Type": "Bitmap Index Scan", "Parent Relationship": "Outer", "Index Name": "idx_lineitem_shipdate", "Startup Cost": 0.0, "Total Cost": 24763.28, "Plan Rows": 719903, "Plan Width": 0, "Index Cond": "((l_shipdate >= '1996-12-01 00:00:00'::timestamp(0) without time zone) AND (l_shipdate < '1997-01-01 00:00:00'::timestamp without time zone))"}]}, {"Node Type": "Index Scan", "Parent Relationship": "Inner", "Scan Direction": "Forward", "Index Name": "part_kpey", "Relation Name": "part", "Alias": "part", "Startup Cost": 0.0, "Total Cost": 0.54, "Plan Rows": 1, "Plan Width": 29, "Index Cond": "(p_partkey = lineitem.l_partkey)"}]}]}, "Unique SQL Id": 379939634, "Planner Runtime": 0}, "explain_analyze_plan": {"Plan": {"Node Type": "Aggregate", "Strategy": "Plain", "Startup Cost": 1645803.46, "Total Cost": 1645803.47, "Plan Rows": 1, "Plan Width": 53, "Actual Startup Time": 6834.002, "Actual Total Time": 6834.003, "Actual Rows": 1, "Actual Loops": 1, "Plans": [{"Node Type": "Nested Loop", "Parent Relationship": "Outer", "Join Type": "Inner", "Startup Cost": 24943.26, "Total Cost": 1633205.16, "Plan Rows": 719903, "Plan Width": 37, "Actual Startup Time": 472.572, "Actual Total Time": 6367.612, "Actual Rows": 772803, "Actual Loops": 1, "Inner Unique": true, "Plans": [{"Node Type": "Bitmap Heap Scan", "Parent Relationship": "Outer", "Relation Name": "lineitem", "Alias": "lineitem", "Startup Cost": 24943.26, "Total Cost": 1235000.32, "Plan Rows": 719903, "Plan Width": 24, "Actual Startup Time": 472.509, "Actual Total Time": 1763.976, "Actual Rows": 772803, "Actual Loops": 1, "Recheck Cond": "((l_shipdate >= '1996-12-01 00:00:00'::timestamp(0) without time zone) AND (l_shipdate < '1997-01-01 00:00:00'::timestamp without time zone)), (LLVM Optimized, Jit Execute)", "Rows Removed by Index Recheck": 0, "Exact Heap Blocks": 437909, "Lossy Heap Blocks": 437909, "Plans": [{"Node Type": "Bitmap Index Scan", "Parent Relationship": "Outer", "Index Name": "idx_lineitem_shipdate", "Startup Cost": 0.0, "Total Cost": 24763.28, "Plan Rows": 719903, "Plan Width": 0, "Actual Startup Time": 307.386, "Actual Total Time": 307.386, "Actual Rows": 772803, "Actual Loops": 1, "Index Cond": "((l_shipdate >= '1996-12-01 00:00:00'::timestamp(0) without time zone) AND (l_shipdate < '1997-01-01 00:00:00'::timestamp without time zone))"}]}, {"Node Type": "Index Scan", "Parent Relationship": "Inner", "Scan Direction": "Forward", "Index Name": "part_kpey", "Relation Name": "part", "Alias": "part", "Startup Cost": 0.0, "Total Cost": 0.54, "Plan Rows": 1, "Plan Width": 29, "Actual Startup Time": 3968.642, "Actual Total Time": 3968.642, "Actual Rows": 772803, "Actual Loops": 772803, "Index Cond": "(p_partkey = lineitem.l_partkey)", "Rows Removed by Index Recheck": 0}]}]}, "Triggers": [], "Planner Runtime": 0, "Total Runtime": 6846.34, "Unique SQL Id": 379939634}}, "(64, 50)": {"explain_plan": {"Plan": {"Node Type": "Aggregate", "Strategy": "Plain", "Startup Cost": 4357819.44, "Total Cost": 4357819.45, "Plan Rows": 1, "Plan Width": 53, "Plans": [{"Node Type": "Nested Loop", "Parent Relationship": "Outer", "Join Type": "Inner", "Startup Cost": 24943.55, "Total Cost": 4345221.13, "Plan Rows": 719903, "Plan Width": 37, "Inner Unique": true, "Plans": [{"Node Type": "Bitmap Heap Scan", "Parent Relationship": "Outer", "Relation Name": "lineitem", "Alias": "lineitem", "Startup Cost": 24943.26, "Total Cost": 1235000.32, "Plan Rows": 719903, "Plan Width": 24, "Recheck Cond": "((l_shipdate >= '1996-12-01 00:00:00'::timestamp(0) without time zone) AND (l_shipdate < '1997-01-01 00:00:00'::timestamp without time zone)), (LLVM Optimized)", "Plans": [{"Node Type": "Bitmap Index Scan", "Parent Relationship": "Outer", "Index Name": "idx_lineitem_shipdate", "Startup Cost": 0.0, "Total Cost": 24763.28, "Plan Rows": 719903, "Plan Width": 0, "Index Cond": "((l_shipdate >= '1996-12-01 00:00:00'::timestamp(0) without time zone) AND (l_shipdate < '1997-01-01 00:00:00'::timestamp without time zone))"}]}, {"Node Type": "Bitmap Heap Scan", "Parent Relationship": "Inner", "Relation Name": "part", "Alias": "part", "Startup Cost": 0.3, "Total Cost": 4.31, "Plan Rows": 1, "Plan Width": 29, "Recheck Cond": "(p_partkey = lineitem.l_partkey)", "Plans": [{"Node Type": "Bitmap Index Scan", "Parent Relationship": "Outer", "Index Name": "part_kpey", "Startup Cost": 0.0, "Total Cost": 0.3, "Plan Rows": 1, "Plan Width": 0, "Index Cond": "(p_partkey = lineitem.l_partkey)"}]}]}]}, "Unique SQL Id": 379939634, "Planner Runtime": 0}, "explain_analyze_plan": {"Plan": {"Node Type": "Aggregate", "Strategy": "Plain", "Startup Cost": 4357819.44, "Total Cost": 4357819.45, "Plan Rows": 1, "Plan Width": 53, "Actual Startup Time": 8374.121, "Actual Total Time": 8374.121, "Actual Rows": 1, "Actual Loops": 1, "Plans": [{"Node Type": "Nested Loop", "Parent Relationship": "Outer", "Join Type": "Inner", "Startup Cost": 24943.55, "Total Cost": 4345221.13, "Plan Rows": 719903, "Plan Width": 37, "Actual Startup Time": 511.97, "Actual Total Time": 7861.902, "Actual Rows": 772803, "Actual Loops": 1, "Inner Unique": true, "Plans": [{"Node Type": "Bitmap Heap Scan", "Parent Relationship": "Outer", "Relation Name": "lineitem", "Alias": "lineitem", "Startup Cost": 24943.26, "Total Cost": 1235000.32, "Plan Rows": 719903, "Plan Width": 24, "Actual Startup Time": 511.814, "Actual Total Time": 1803.715, "Actual Rows": 772803, "Actual Loops": 1, "Recheck Cond": "((l_shipdate >= '1996-12-01 00:00:00'::timestamp(0) without time zone) AND (l_shipdate < '1997-01-01 00:00:00'::timestamp without time zone)), (LLVM Optimized, Jit Execute)", "Rows Removed by Index Recheck": 0, "Exact Heap Blocks": 437909, "Lossy Heap Blocks": 437909, "Plans": [{"Node Type": "Bitmap Index Scan", "Parent Relationship": "Outer", "Index Name": "idx_lineitem_shipdate", "Startup Cost": 0.0, "Total Cost": 24763.28, "Plan Rows": 719903, "Plan Width": 0, "Actual Startup Time": 303.892, "Actual Total Time": 303.892, "Actual Rows": 772803, "Actual Loops": 1, "Index Cond": "((l_shipdate >= '1996-12-01 00:00:00'::timestamp(0) without time zone) AND (l_shipdate < '1997-01-01 00:00:00'::timestamp without time zone))"}]}, {"Node Type": "Bitmap Heap Scan", "Parent Relationship": "Inner", "Relation Name": "part", "Alias": "part", "Startup Cost": 0.3, "Total Cost": 4.31, "Plan Rows": 1, "Plan Width": 29, "Actual Startup Time": 4978.943, "Actual Total Time": 4978.943, "Actual Rows": 772803, "Actual Loops": 772803, "Recheck Cond": "(p_partkey = lineitem.l_partkey)", "Rows Removed by Index Recheck": 0, "Exact Heap Blocks": 772803, "Lossy Heap Blocks": 772803, "Plans": [{"Node Type": "Bitmap Index Scan", "Parent Relationship": "Outer", "Index Name": "part_kpey", "Startup Cost": 0.0, "Total Cost": 0.3, "Plan Rows": 1, "Plan Width": 0, "Actual Startup Time": 3069.068, "Actual Total Time": 3069.068, "Actual Rows": 772803, "Actual Loops": 772803, "Index Cond": "(p_partkey = lineitem.l_partkey)"}]}]}]}, "Triggers": [], "Planner Runtime": 0, "Total Runtime": 8385.255, "Unique SQL Id": 379939634}}, "(64, 51)": {"explain_plan": {"Plan": {"Node Type": "Aggregate", "Strategy": "Plain", "Startup Cost": 4357819.44, "Total Cost": 4357819.45, "Plan Rows": 1, "Plan Width": 53, "Plans": [{"Node Type": "Nested Loop", "Parent Relationship": "Outer", "Join Type": "Inner", "Startup Cost": 24943.55, "Total Cost": 4345221.13, "Plan Rows": 719903, "Plan Width": 37, "Inner Unique": true, "Plans": [{"Node Type": "Bitmap Heap Scan", "Parent Relationship": "Outer", "Relation Name": "lineitem", "Alias": "lineitem", "Startup Cost": 24943.26, "Total Cost": 1235000.32, "Plan Rows": 719903, "Plan Width": 24, "Recheck Cond": "((l_shipdate >= '1996-12-01 00:00:00'::timestamp(0) without time zone) AND (l_shipdate < '1997-01-01 00:00:00'::timestamp without time zone)), (LLVM Optimized)", "Plans": [{"Node Type": "Bitmap Index Scan", "Parent Relationship": "Outer", "Index Name": "idx_lineitem_shipdate", "Startup Cost": 0.0, "Total Cost": 24763.28, "Plan Rows": 719903, "Plan Width": 0, "Index Cond": "((l_shipdate >= '1996-12-01 00:00:00'::timestamp(0) without time zone) AND (l_shipdate < '1997-01-01 00:00:00'::timestamp without time zone))"}]}, {"Node Type": "Bitmap Heap Scan", "Parent Relationship": "Inner", "Relation Name": "part", "Alias": "part", "Startup Cost": 0.3, "Total Cost": 4.31, "Plan Rows": 1, "Plan Width": 29, "Recheck Cond": "(p_partkey = lineitem.l_partkey)", "Plans": [{"Node Type": "Bitmap Index Scan", "Parent Relationship": "Outer", "Index Name": "part_kpey", "Startup Cost": 0.0, "Total Cost": 0.3, "Plan Rows": 1, "Plan Width": 0, "Index Cond": "(p_partkey = lineitem.l_partkey)"}]}]}]}, "Unique SQL Id": 379939634, "Planner Runtime": 0}, "explain_analyze_plan": {"Plan": {"Node Type": "Aggregate", "Strategy": "Plain", "Startup Cost": 4357819.44, "Total Cost": 4357819.45, "Plan Rows": 1, "Plan Width": 53, "Actual Startup Time": 8374.121, "Actual Total Time": 8374.121, "Actual Rows": 1, "Actual Loops": 1, "Plans": [{"Node Type": "Nested Loop", "Parent Relationship": "Outer", "Join Type": "Inner", "Startup Cost": 24943.55, "Total Cost": 4345221.13, "Plan Rows": 719903, "Plan Width": 37, "Actual Startup Time": 511.97, "Actual Total Time": 7861.902, "Actual Rows": 772803, "Actual Loops": 1, "Inner Unique": true, "Plans": [{"Node Type": "Bitmap Heap Scan", "Parent Relationship": "Outer", "Relation Name": "lineitem", "Alias": "lineitem", "Startup Cost": 24943.26, "Total Cost": 1235000.32, "Plan Rows": 719903, "Plan Width": 24, "Actual Startup Time": 511.814, "Actual Total Time": 1803.715, "Actual Rows": 772803, "Actual Loops": 1, "Recheck Cond": "((l_shipdate >= '1996-12-01 00:00:00'::timestamp(0) without time zone) AND (l_shipdate < '1997-01-01 00:00:00'::timestamp without time zone)), (LLVM Optimized, Jit Execute)", "Rows Removed by Index Recheck": 0, "Exact Heap Blocks": 437909, "Lossy Heap Blocks": 437909, "Plans": [{"Node Type": "Bitmap Index Scan", "Parent Relationship": "Outer", "Index Name": "idx_lineitem_shipdate", "Startup Cost": 0.0, "Total Cost": 24763.28, "Plan Rows": 719903, "Plan Width": 0, "Actual Startup Time": 303.892, "Actual Total Time": 303.892, "Actual Rows": 772803, "Actual Loops": 1, "Index Cond": "((l_shipdate >= '1996-12-01 00:00:00'::timestamp(0) without time zone) AND (l_shipdate < '1997-01-01 00:00:00'::timestamp without time zone))"}]}, {"Node Type": "Bitmap Heap Scan", "Parent Relationship": "Inner", "Relation Name": "part", "Alias": "part", "Startup Cost": 0.3, "Total Cost": 4.31, "Plan Rows": 1, "Plan Width": 29, "Actual Startup Time": 4978.943, "Actual Total Time": 4978.943, "Actual Rows": 772803, "Actual Loops": 772803, "Recheck Cond": "(p_partkey = lineitem.l_partkey)", "Rows Removed by Index Recheck": 0, "Exact Heap Blocks": 772803, "Lossy Heap Blocks": 772803, "Plans": [{"Node Type": "Bitmap Index Scan", "Parent Relationship": "Outer", "Index Name": "part_kpey", "Startup Cost": 0.0, "Total Cost": 0.3, "Plan Rows": 1, "Plan Width": 0, "Actual Startup Time": 3069.068, "Actual Total Time": 3069.068, "Actual Rows": 772803, "Actual Loops": 772803, "Index Cond": "(p_partkey = lineitem.l_partkey)"}]}]}]}, "Triggers": [], "Planner Runtime": 0, "Total Runtime": 8385.255, "Unique SQL Id": 379939634}}, "(64, 52)": {"explain_plan": {"Plan": {"Node Type": "Aggregate", "Strategy": "Plain", "Startup Cost": 1645803.46, "Total Cost": 1645803.47, "Plan Rows": 1, "Plan Width": 53, "Plans": [{"Node Type": "Nested Loop", "Parent Relationship": "Outer", "Join Type": "Inner", "Startup Cost": 24943.26, "Total Cost": 1633205.16, "Plan Rows": 719903, "Plan Width": 37, "Inner Unique": true, "Plans": [{"Node Type": "Bitmap Heap Scan", "Parent Relationship": "Outer", "Relation Name": "lineitem", "Alias": "lineitem", "Startup Cost": 24943.26, "Total Cost": 1235000.32, "Plan Rows": 719903, "Plan Width": 24, "Recheck Cond": "((l_shipdate >= '1996-12-01 00:00:00'::timestamp(0) without time zone) AND (l_shipdate < '1997-01-01 00:00:00'::timestamp without time zone)), (LLVM Optimized)", "Plans": [{"Node Type": "Bitmap Index Scan", "Parent Relationship": "Outer", "Index Name": "idx_lineitem_shipdate", "Startup Cost": 0.0, "Total Cost": 24763.28, "Plan Rows": 719903, "Plan Width": 0, "Index Cond": "((l_shipdate >= '1996-12-01 00:00:00'::timestamp(0) without time zone) AND (l_shipdate < '1997-01-01 00:00:00'::timestamp without time zone))"}]}, {"Node Type": "Index Scan", "Parent Relationship": "Inner", "Scan Direction": "Forward", "Index Name": "part_kpey", "Relation Name": "part", "Alias": "part", "Startup Cost": 0.0, "Total Cost": 0.54, "Plan Rows": 1, "Plan Width": 29, "Index Cond": "(p_partkey = lineitem.l_partkey)"}]}]}, "Unique SQL Id": 379939634, "Planner Runtime": 0}, "explain_analyze_plan": {"Plan": {"Node Type": "Aggregate", "Strategy": "Plain", "Startup Cost": 1645803.46, "Total Cost": 1645803.47, "Plan Rows": 1, "Plan Width": 53, "Actual Startup Time": 6834.002, "Actual Total Time": 6834.003, "Actual Rows": 1, "Actual Loops": 1, "Plans": [{"Node Type": "Nested Loop", "Parent Relationship": "Outer", "Join Type": "Inner", "Startup Cost": 24943.26, "Total Cost": 1633205.16, "Plan Rows": 719903, "Plan Width": 37, "Actual Startup Time": 472.572, "Actual Total Time": 6367.612, "Actual Rows": 772803, "Actual Loops": 1, "Inner Unique": true, "Plans": [{"Node Type": "Bitmap Heap Scan", "Parent Relationship": "Outer", "Relation Name": "lineitem", "Alias": "lineitem", "Startup Cost": 24943.26, "Total Cost": 1235000.32, "Plan Rows": 719903, "Plan Width": 24, "Actual Startup Time": 472.509, "Actual Total Time": 1763.976, "Actual Rows": 772803, "Actual Loops": 1, "Recheck Cond": "((l_shipdate >= '1996-12-01 00:00:00'::timestamp(0) without time zone) AND (l_shipdate < '1997-01-01 00:00:00'::timestamp without time zone)), (LLVM Optimized, Jit Execute)", "Rows Removed by Index Recheck": 0, "Exact Heap Blocks": 437909, "Lossy Heap Blocks": 437909, "Plans": [{"Node Type": "Bitmap Index Scan", "Parent Relationship": "Outer", "Index Name": "idx_lineitem_shipdate", "Startup Cost": 0.0, "Total Cost": 24763.28, "Plan Rows": 719903, "Plan Width": 0, "Actual Startup Time": 307.386, "Actual Total Time": 307.386, "Actual Rows": 772803, "Actual Loops": 1, "Index Cond": "((l_shipdate >= '1996-12-01 00:00:00'::timestamp(0) without time zone) AND (l_shipdate < '1997-01-01 00:00:00'::timestamp without time zone))"}]}, {"Node Type": "Index Scan", "Parent Relationship": "Inner", "Scan Direction": "Forward", "Index Name": "part_kpey", "Relation Name": "part", "Alias": "part", "Startup Cost": 0.0, "Total Cost": 0.54, "Plan Rows": 1, "Plan Width": 29, "Actual Startup Time": 3968.642, "Actual Total Time": 3968.642, "Actual Rows": 772803, "Actual Loops": 772803, "Index Cond": "(p_partkey = lineitem.l_partkey)", "Rows Removed by Index Recheck": 0}]}]}, "Triggers": [], "Planner Runtime": 0, "Total Runtime": 6846.34, "Unique SQL Id": 379939634}}, "(64, 53)": {"explain_plan": {"Plan": {"Node Type": "Aggregate", "Strategy": "Plain", "Startup Cost": 1645803.46, "Total Cost": 1645803.47, "Plan Rows": 1, "Plan Width": 53, "Plans": [{"Node Type": "Nested Loop", "Parent Relationship": "Outer", "Join Type": "Inner", "Startup Cost": 24943.26, "Total Cost": 1633205.16, "Plan Rows": 719903, "Plan Width": 37, "Inner Unique": true, "Plans": [{"Node Type": "Bitmap Heap Scan", "Parent Relationship": "Outer", "Relation Name": "lineitem", "Alias": "lineitem", "Startup Cost": 24943.26, "Total Cost": 1235000.32, "Plan Rows": 719903, "Plan Width": 24, "Recheck Cond": "((l_shipdate >= '1996-12-01 00:00:00'::timestamp(0) without time zone) AND (l_shipdate < '1997-01-01 00:00:00'::timestamp without time zone)), (LLVM Optimized)", "Plans": [{"Node Type": "Bitmap Index Scan", "Parent Relationship": "Outer", "Index Name": "idx_lineitem_shipdate", "Startup Cost": 0.0, "Total Cost": 24763.28, "Plan Rows": 719903, "Plan Width": 0, "Index Cond": "((l_shipdate >= '1996-12-01 00:00:00'::timestamp(0) without time zone) AND (l_shipdate < '1997-01-01 00:00:00'::timestamp without time zone))"}]}, {"Node Type": "Index Scan", "Parent Relationship": "Inner", "Scan Direction": "Forward", "Index Name": "part_kpey", "Relation Name": "part", "Alias": "part", "Startup Cost": 0.0, "Total Cost": 0.54, "Plan Rows": 1, "Plan Width": 29, "Index Cond": "(p_partkey = lineitem.l_partkey)"}]}]}, "Unique SQL Id": 379939634, "Planner Runtime": 0}, "explain_analyze_plan": {"Plan": {"Node Type": "Aggregate", "Strategy": "Plain", "Startup Cost": 1645803.46, "Total Cost": 1645803.47, "Plan Rows": 1, "Plan Width": 53, "Actual Startup Time": 6834.002, "Actual Total Time": 6834.003, "Actual Rows": 1, "Actual Loops": 1, "Plans": [{"Node Type": "Nested Loop", "Parent Relationship": "Outer", "Join Type": "Inner", "Startup Cost": 24943.26, "Total Cost": 1633205.16, "Plan Rows": 719903, "Plan Width": 37, "Actual Startup Time": 472.572, "Actual Total Time": 6367.612, "Actual Rows": 772803, "Actual Loops": 1, "Inner Unique": true, "Plans": [{"Node Type": "Bitmap Heap Scan", "Parent Relationship": "Outer", "Relation Name": "lineitem", "Alias": "lineitem", "Startup Cost": 24943.26, "Total Cost": 1235000.32, "Plan Rows": 719903, "Plan Width": 24, "Actual Startup Time": 472.509, "Actual Total Time": 1763.976, "Actual Rows": 772803, "Actual Loops": 1, "Recheck Cond": "((l_shipdate >= '1996-12-01 00:00:00'::timestamp(0) without time zone) AND (l_shipdate < '1997-01-01 00:00:00'::timestamp without time zone)), (LLVM Optimized, Jit Execute)", "Rows Removed by Index Recheck": 0, "Exact Heap Blocks": 437909, "Lossy Heap Blocks": 437909, "Plans": [{"Node Type": "Bitmap Index Scan", "Parent Relationship": "Outer", "Index Name": "idx_lineitem_shipdate", "Startup Cost": 0.0, "Total Cost": 24763.28, "Plan Rows": 719903, "Plan Width": 0, "Actual Startup Time": 307.386, "Actual Total Time": 307.386, "Actual Rows": 772803, "Actual Loops": 1, "Index Cond": "((l_shipdate >= '1996-12-01 00:00:00'::timestamp(0) without time zone) AND (l_shipdate < '1997-01-01 00:00:00'::timestamp without time zone))"}]}, {"Node Type": "Index Scan", "Parent Relationship": "Inner", "Scan Direction": "Forward", "Index Name": "part_kpey", "Relation Name": "part", "Alias": "part", "Startup Cost": 0.0, "Total Cost": 0.54, "Plan Rows": 1, "Plan Width": 29, "Actual Startup Time": 3968.642, "Actual Total Time": 3968.642, "Actual Rows": 772803, "Actual Loops": 772803, "Index Cond": "(p_partkey = lineitem.l_partkey)", "Rows Removed by Index Recheck": 0}]}]}, "Triggers": [], "Planner Runtime": 0, "Total Runtime": 6846.34, "Unique SQL Id": 379939634}}, "(64, 54)": {"explain_plan": {"Plan": {"Node Type": "Aggregate", "Strategy": "Plain", "Startup Cost": 4357819.44, "Total Cost": 4357819.45, "Plan Rows": 1, "Plan Width": 53, "Plans": [{"Node Type": "Nested Loop", "Parent Relationship": "Outer", "Join Type": "Inner", "Startup Cost": 24943.55, "Total Cost": 4345221.13, "Plan Rows": 719903, "Plan Width": 37, "Inner Unique": true, "Plans": [{"Node Type": "Bitmap Heap Scan", "Parent Relationship": "Outer", "Relation Name": "lineitem", "Alias": "lineitem", "Startup Cost": 24943.26, "Total Cost": 1235000.32, "Plan Rows": 719903, "Plan Width": 24, "Recheck Cond": "((l_shipdate >= '1996-12-01 00:00:00'::timestamp(0) without time zone) AND (l_shipdate < '1997-01-01 00:00:00'::timestamp without time zone)), (LLVM Optimized)", "Plans": [{"Node Type": "Bitmap Index Scan", "Parent Relationship": "Outer", "Index Name": "idx_lineitem_shipdate", "Startup Cost": 0.0, "Total Cost": 24763.28, "Plan Rows": 719903, "Plan Width": 0, "Index Cond": "((l_shipdate >= '1996-12-01 00:00:00'::timestamp(0) without time zone) AND (l_shipdate < '1997-01-01 00:00:00'::timestamp without time zone))"}]}, {"Node Type": "Bitmap Heap Scan", "Parent Relationship": "Inner", "Relation Name": "part", "Alias": "part", "Startup Cost": 0.3, "Total Cost": 4.31, "Plan Rows": 1, "Plan Width": 29, "Recheck Cond": "(p_partkey = lineitem.l_partkey)", "Plans": [{"Node Type": "Bitmap Index Scan", "Parent Relationship": "Outer", "Index Name": "part_kpey", "Startup Cost": 0.0, "Total Cost": 0.3, "Plan Rows": 1, "Plan Width": 0, "Index Cond": "(p_partkey = lineitem.l_partkey)"}]}]}]}, "Unique SQL Id": 379939634, "Planner Runtime": 0}, "explain_analyze_plan": {"Plan": {"Node Type": "Aggregate", "Strategy": "Plain", "Startup Cost": 4357819.44, "Total Cost": 4357819.45, "Plan Rows": 1, "Plan Width": 53, "Actual Startup Time": 8374.121, "Actual Total Time": 8374.121, "Actual Rows": 1, "Actual Loops": 1, "Plans": [{"Node Type": "Nested Loop", "Parent Relationship": "Outer", "Join Type": "Inner", "Startup Cost": 24943.55, "Total Cost": 4345221.13, "Plan Rows": 719903, "Plan Width": 37, "Actual Startup Time": 511.97, "Actual Total Time": 7861.902, "Actual Rows": 772803, "Actual Loops": 1, "Inner Unique": true, "Plans": [{"Node Type": "Bitmap Heap Scan", "Parent Relationship": "Outer", "Relation Name": "lineitem", "Alias": "lineitem", "Startup Cost": 24943.26, "Total Cost": 1235000.32, "Plan Rows": 719903, "Plan Width": 24, "Actual Startup Time": 511.814, "Actual Total Time": 1803.715, "Actual Rows": 772803, "Actual Loops": 1, "Recheck Cond": "((l_shipdate >= '1996-12-01 00:00:00'::timestamp(0) without time zone) AND (l_shipdate < '1997-01-01 00:00:00'::timestamp without time zone)), (LLVM Optimized, Jit Execute)", "Rows Removed by Index Recheck": 0, "Exact Heap Blocks": 437909, "Lossy Heap Blocks": 437909, "Plans": [{"Node Type": "Bitmap Index Scan", "Parent Relationship": "Outer", "Index Name": "idx_lineitem_shipdate", "Startup Cost": 0.0, "Total Cost": 24763.28, "Plan Rows": 719903, "Plan Width": 0, "Actual Startup Time": 303.892, "Actual Total Time": 303.892, "Actual Rows": 772803, "Actual Loops": 1, "Index Cond": "((l_shipdate >= '1996-12-01 00:00:00'::timestamp(0) without time zone) AND (l_shipdate < '1997-01-01 00:00:00'::timestamp without time zone))"}]}, {"Node Type": "Bitmap Heap Scan", "Parent Relationship": "Inner", "Relation Name": "part", "Alias": "part", "Startup Cost": 0.3, "Total Cost": 4.31, "Plan Rows": 1, "Plan Width": 29, "Actual Startup Time": 4978.943, "Actual Total Time": 4978.943, "Actual Rows": 772803, "Actual Loops": 772803, "Recheck Cond": "(p_partkey = lineitem.l_partkey)", "Rows Removed by Index Recheck": 0, "Exact Heap Blocks": 772803, "Lossy Heap Blocks": 772803, "Plans": [{"Node Type": "Bitmap Index Scan", "Parent Relationship": "Outer", "Index Name": "part_kpey", "Startup Cost": 0.0, "Total Cost": 0.3, "Plan Rows": 1, "Plan Width": 0, "Actual Startup Time": 3069.068, "Actual Total Time": 3069.068, "Actual Rows": 772803, "Actual Loops": 772803, "Index Cond": "(p_partkey = lineitem.l_partkey)"}]}]}]}, "Triggers": [], "Planner Runtime": 0, "Total Runtime": 8385.255, "Unique SQL Id": 379939634}}, "(64, 55)": {"explain_plan": {"Plan": {"Node Type": "Aggregate", "Strategy": "Plain", "Startup Cost": 4357819.44, "Total Cost": 4357819.45, "Plan Rows": 1, "Plan Width": 53, "Plans": [{"Node Type": "Nested Loop", "Parent Relationship": "Outer", "Join Type": "Inner", "Startup Cost": 24943.55, "Total Cost": 4345221.13, "Plan Rows": 719903, "Plan Width": 37, "Inner Unique": true, "Plans": [{"Node Type": "Bitmap Heap Scan", "Parent Relationship": "Outer", "Relation Name": "lineitem", "Alias": "lineitem", "Startup Cost": 24943.26, "Total Cost": 1235000.32, "Plan Rows": 719903, "Plan Width": 24, "Recheck Cond": "((l_shipdate >= '1996-12-01 00:00:00'::timestamp(0) without time zone) AND (l_shipdate < '1997-01-01 00:00:00'::timestamp without time zone)), (LLVM Optimized)", "Plans": [{"Node Type": "Bitmap Index Scan", "Parent Relationship": "Outer", "Index Name": "idx_lineitem_shipdate", "Startup Cost": 0.0, "Total Cost": 24763.28, "Plan Rows": 719903, "Plan Width": 0, "Index Cond": "((l_shipdate >= '1996-12-01 00:00:00'::timestamp(0) without time zone) AND (l_shipdate < '1997-01-01 00:00:00'::timestamp without time zone))"}]}, {"Node Type": "Bitmap Heap Scan", "Parent Relationship": "Inner", "Relation Name": "part", "Alias": "part", "Startup Cost": 0.3, "Total Cost": 4.31, "Plan Rows": 1, "Plan Width": 29, "Recheck Cond": "(p_partkey = lineitem.l_partkey)", "Plans": [{"Node Type": "Bitmap Index Scan", "Parent Relationship": "Outer", "Index Name": "part_kpey", "Startup Cost": 0.0, "Total Cost": 0.3, "Plan Rows": 1, "Plan Width": 0, "Index Cond": "(p_partkey = lineitem.l_partkey)"}]}]}]}, "Unique SQL Id": 379939634, "Planner Runtime": 0}, "explain_analyze_plan": {"Plan": {"Node Type": "Aggregate", "Strategy": "Plain", "Startup Cost": 4357819.44, "Total Cost": 4357819.45, "Plan Rows": 1, "Plan Width": 53, "Actual Startup Time": 8374.121, "Actual Total Time": 8374.121, "Actual Rows": 1, "Actual Loops": 1, "Plans": [{"Node Type": "Nested Loop", "Parent Relationship": "Outer", "Join Type": "Inner", "Startup Cost": 24943.55, "Total Cost": 4345221.13, "Plan Rows": 719903, "Plan Width": 37, "Actual Startup Time": 511.97, "Actual Total Time": 7861.902, "Actual Rows": 772803, "Actual Loops": 1, "Inner Unique": true, "Plans": [{"Node Type": "Bitmap Heap Scan", "Parent Relationship": "Outer", "Relation Name": "lineitem", "Alias": "lineitem", "Startup Cost": 24943.26, "Total Cost": 1235000.32, "Plan Rows": 719903, "Plan Width": 24, "Actual Startup Time": 511.814, "Actual Total Time": 1803.715, "Actual Rows": 772803, "Actual Loops": 1, "Recheck Cond": "((l_shipdate >= '1996-12-01 00:00:00'::timestamp(0) without time zone) AND (l_shipdate < '1997-01-01 00:00:00'::timestamp without time zone)), (LLVM Optimized, Jit Execute)", "Rows Removed by Index Recheck": 0, "Exact Heap Blocks": 437909, "Lossy Heap Blocks": 437909, "Plans": [{"Node Type": "Bitmap Index Scan", "Parent Relationship": "Outer", "Index Name": "idx_lineitem_shipdate", "Startup Cost": 0.0, "Total Cost": 24763.28, "Plan Rows": 719903, "Plan Width": 0, "Actual Startup Time": 303.892, "Actual Total Time": 303.892, "Actual Rows": 772803, "Actual Loops": 1, "Index Cond": "((l_shipdate >= '1996-12-01 00:00:00'::timestamp(0) without time zone) AND (l_shipdate < '1997-01-01 00:00:00'::timestamp without time zone))"}]}, {"Node Type": "Bitmap Heap Scan", "Parent Relationship": "Inner", "Relation Name": "part", "Alias": "part", "Startup Cost": 0.3, "Total Cost": 4.31, "Plan Rows": 1, "Plan Width": 29, "Actual Startup Time": 4978.943, "Actual Total Time": 4978.943, "Actual Rows": 772803, "Actual Loops": 772803, "Recheck Cond": "(p_partkey = lineitem.l_partkey)", "Rows Removed by Index Recheck": 0, "Exact Heap Blocks": 772803, "Lossy Heap Blocks": 772803, "Plans": [{"Node Type": "Bitmap Index Scan", "Parent Relationship": "Outer", "Index Name": "part_kpey", "Startup Cost": 0.0, "Total Cost": 0.3, "Plan Rows": 1, "Plan Width": 0, "Actual Startup Time": 3069.068, "Actual Total Time": 3069.068, "Actual Rows": 772803, "Actual Loops": 772803, "Index Cond": "(p_partkey = lineitem.l_partkey)"}]}]}]}, "Triggers": [], "Planner Runtime": 0, "Total Runtime": 8385.255, "Unique SQL Id": 379939634}}, "(64, 56)": {"explain_plan": {"Plan": {"Node Type": "Aggregate", "Strategy": "Plain", "Startup Cost": 2738489.45, "Total Cost": 2738489.46, "Plan Rows": 1, "Plan Width": 53, "Plans": [{"Node Type": "Nested Loop", "Parent Relationship": "Outer", "Join Type": "Inner", "Startup Cost": 0.0, "Total Cost": 2725891.14, "Plan Rows": 719903, "Plan Width": 37, "Inner Unique": true, "Plans": [{"Node Type": "Index Scan", "Parent Relationship": "Outer", "Scan Direction": "Forward", "Index Name": "idx_lineitem_shipdate", "Relation Name": "lineitem", "Alias": "lineitem", "Startup Cost": 0.0, "Total Cost": 2327686.3, "Plan Rows": 719903, "Plan Width": 24, "Index Cond": "((l_shipdate >= '1996-12-01 00:00:00'::timestamp(0) without time zone) AND (l_shipdate < '1997-01-01 00:00:00'::timestamp without time zone)), (LLVM Optimized)"}, {"Node Type": "Index Scan", "Parent Relationship": "Inner", "Scan Direction": "Forward", "Index Name": "part_kpey", "Relation Name": "part", "Alias": "part", "Startup Cost": 0.0, "Total Cost": 0.54, "Plan Rows": 1, "Plan Width": 29, "Index Cond": "(p_partkey = lineitem.l_partkey)"}]}]}, "Unique SQL Id": 379939634, "Planner Runtime": 0}, "explain_analyze_plan": {"Plan": {"Node Type": "Aggregate", "Strategy": "Plain", "Startup Cost": 2738489.45, "Total Cost": 2738489.46, "Plan Rows": 1, "Plan Width": 53, "Actual Startup Time": 7479.303, "Actual Total Time": 7479.305, "Actual Rows": 1, "Actual Loops": 1, "Plans": [{"Node Type": "Nested Loop", "Parent Relationship": "Outer", "Join Type": "Inner", "Startup Cost": 0.0, "Total Cost": 2725891.14, "Plan Rows": 719903, "Plan Width": 37, "Actual Startup Time": 0.055, "Actual Total Time": 7029.741, "Actual Rows": 772803, "Actual Loops": 1, "Inner Unique": true, "Plans": [{"Node Type": "Index Scan", "Parent Relationship": "Outer", "Scan Direction": "Forward", "Index Name": "idx_lineitem_shipdate", "Relation Name": "lineitem", "Alias": "lineitem", "Startup Cost": 0.0, "Total Cost": 2327686.3, "Plan Rows": 719903, "Plan Width": 24, "Actual Startup Time": 0.04, "Actual Total Time": 2012.068, "Actual Rows": 772803, "Actual Loops": 1, "Index Cond": "((l_shipdate >= '1996-12-01 00:00:00'::timestamp(0) without time zone) AND (l_shipdate < '1997-01-01 00:00:00'::timestamp without time zone)), (LLVM Optimized, Jit Execute)", "Rows Removed by Index Recheck": 0}, {"Node Type": "Index Scan", "Parent Relationship": "Inner", "Scan Direction": "Forward", "Index Name": "part_kpey", "Relation Name": "part", "Alias": "part", "Startup Cost": 0.0, "Total Cost": 0.54, "Plan Rows": 1, "Plan Width": 29, "Actual Startup Time": 4381.589, "Actual Total Time": 4381.589, "Actual Rows": 772803, "Actual Loops": 772803, "Index Cond": "(p_partkey = lineitem.l_partkey)", "Rows Removed by Index Recheck": 0}]}]}, "Triggers": [], "Planner Runtime": 0, "Total Runtime": 7489.568, "Unique SQL Id": 379939634}}, "(64, 57)": {"explain_plan": {"Plan": {"Node Type": "Aggregate", "Strategy": "Plain", "Startup Cost": 2738489.45, "Total Cost": 2738489.46, "Plan Rows": 1, "Plan Width": 53, "Plans": [{"Node Type": "Nested Loop", "Parent Relationship": "Outer", "Join Type": "Inner", "Startup Cost": 0.0, "Total Cost": 2725891.14, "Plan Rows": 719903, "Plan Width": 37, "Inner Unique": true, "Plans": [{"Node Type": "Index Scan", "Parent Relationship": "Outer", "Scan Direction": "Forward", "Index Name": "idx_lineitem_shipdate", "Relation Name": "lineitem", "Alias": "lineitem", "Startup Cost": 0.0, "Total Cost": 2327686.3, "Plan Rows": 719903, "Plan Width": 24, "Index Cond": "((l_shipdate >= '1996-12-01 00:00:00'::timestamp(0) without time zone) AND (l_shipdate < '1997-01-01 00:00:00'::timestamp without time zone)), (LLVM Optimized)"}, {"Node Type": "Index Scan", "Parent Relationship": "Inner", "Scan Direction": "Forward", "Index Name": "part_kpey", "Relation Name": "part", "Alias": "part", "Startup Cost": 0.0, "Total Cost": 0.54, "Plan Rows": 1, "Plan Width": 29, "Index Cond": "(p_partkey = lineitem.l_partkey)"}]}]}, "Unique SQL Id": 379939634, "Planner Runtime": 0}, "explain_analyze_plan": {"Plan": {"Node Type": "Aggregate", "Strategy": "Plain", "Startup Cost": 2738489.45, "Total Cost": 2738489.46, "Plan Rows": 1, "Plan Width": 53, "Actual Startup Time": 7479.303, "Actual Total Time": 7479.305, "Actual Rows": 1, "Actual Loops": 1, "Plans": [{"Node Type": "Nested Loop", "Parent Relationship": "Outer", "Join Type": "Inner", "Startup Cost": 0.0, "Total Cost": 2725891.14, "Plan Rows": 719903, "Plan Width": 37, "Actual Startup Time": 0.055, "Actual Total Time": 7029.741, "Actual Rows": 772803, "Actual Loops": 1, "Inner Unique": true, "Plans": [{"Node Type": "Index Scan", "Parent Relationship": "Outer", "Scan Direction": "Forward", "Index Name": "idx_lineitem_shipdate", "Relation Name": "lineitem", "Alias": "lineitem", "Startup Cost": 0.0, "Total Cost": 2327686.3, "Plan Rows": 719903, "Plan Width": 24, "Actual Startup Time": 0.04, "Actual Total Time": 2012.068, "Actual Rows": 772803, "Actual Loops": 1, "Index Cond": "((l_shipdate >= '1996-12-01 00:00:00'::timestamp(0) without time zone) AND (l_shipdate < '1997-01-01 00:00:00'::timestamp without time zone)), (LLVM Optimized, Jit Execute)", "Rows Removed by Index Recheck": 0}, {"Node Type": "Index Scan", "Parent Relationship": "Inner", "Scan Direction": "Forward", "Index Name": "part_kpey", "Relation Name": "part", "Alias": "part", "Startup Cost": 0.0, "Total Cost": 0.54, "Plan Rows": 1, "Plan Width": 29, "Actual Startup Time": 4381.589, "Actual Total Time": 4381.589, "Actual Rows": 772803, "Actual Loops": 772803, "Index Cond": "(p_partkey = lineitem.l_partkey)", "Rows Removed by Index Recheck": 0}]}]}, "Triggers": [], "Planner Runtime": 0, "Total Runtime": 7489.568, "Unique SQL Id": 379939634}}, "(64, 58)": {"explain_plan": {"Plan": {"Node Type": "Aggregate", "Strategy": "Plain", "Startup Cost": 21599481392.56, "Total Cost": 21599481392.57, "Plan Rows": 1, "Plan Width": 53, "Plans": [{"Node Type": "Nested Loop", "Parent Relationship": "Outer", "Join Type": "Inner", "Startup Cost": 44.58, "Total Cost": 21599468794.25, "Plan Rows": 719903, "Plan Width": 37, "Inner Unique": false, "Join Filter": "(lineitem.l_partkey = part.p_partkey), (LLVM Optimized)", "Plans": [{"Node Type": "Seq Scan", "Parent Relationship": "Outer", "Relation Name": "part", "Alias": "part", "Startup Cost": 0.0, "Total Cost": 61944.0, "Plan Rows": 2000000, "Plan Width": 29}, {"Node Type": "Materialize", "Parent Relationship": "Inner", "Startup Cost": 44.58, "Total Cost": 2318650.01, "Plan Rows": 719903, "Plan Width": 24, "Plans": [{"Node Type": "Seq Scan", "Parent Relationship": "Outer", "Relation Name": "lineitem", "Alias": "lineitem", "Startup Cost": 44.58, "Total Cost": 2315050.5, "Plan Rows": 719903, "Plan Width": 24, "Filter": "((l_shipdate >= '1996-12-01 00:00:00'::timestamp(0) without time zone) AND (l_shipdate < '1997-01-01 00:00:00'::timestamp without time zone)), (LLVM Optimized)"}]}]}]}, "Unique SQL Id": 379939634, "Planner Runtime": 0}, "explain_analyze_plan": null}, "(64, 59)": {"explain_plan": {"Plan": {"Node Type": "Aggregate", "Strategy": "Plain", "Startup Cost": 2022412569559.2, "Total Cost": 2022412569559.22, "Plan Rows": 1, "Plan Width": 53, "Plans": [{"Node Type": "Nested Loop", "Parent Relationship": "Outer", "Join Type": "Inner", "Startup Cost": 20000000000.0, "Total Cost": 2022412556960.9, "Plan Rows": 719903, "Plan Width": 37, "Inner Unique": false, "Join Filter": "(lineitem.l_partkey = part.p_partkey), (LLVM Optimized)", "Plans": [{"Node Type": "Index Scan", "Parent Relationship": "Outer", "Scan Direction": "Forward", "Index Name": "part_kpey", "Relation Name": "part", "Alias": "part", "Startup Cost": 10000000000.0, "Total Cost": 1000010080325.0, "Plan Rows": 2000000, "Plan Width": 29}, {"Node Type": "Materialize", "Parent Relationship": "Inner", "Startup Cost": 10000000000.0, "Total Cost": 1000805388435.66, "Plan Rows": 719903, "Plan Width": 24, "Plans": [{"Node Type": "Index Scan", "Parent Relationship": "Outer", "Scan Direction": "Forward", "Index Name": "idx_lineitem_part_supp", "Relation Name": "lineitem", "Alias": "lineitem", "Startup Cost": 10000000000.0, "Total Cost": 1000805384836.14, "Plan Rows": 719903, "Plan Width": 24, "Filter": "((l_shipdate >= '1996-12-01 00:00:00'::timestamp(0) without time zone) AND (l_shipdate < '1997-01-01 00:00:00'::timestamp without time zone)), (LLVM Optimized)"}]}]}]}, "Unique SQL Id": 379939634, "Planner Runtime": 0}, "explain_analyze_plan": null}, "(64, 60)": {"explain_plan": {"Plan": {"Node Type": "Aggregate", "Strategy": "Plain", "Startup Cost": 2738489.45, "Total Cost": 2738489.46, "Plan Rows": 1, "Plan Width": 53, "Plans": [{"Node Type": "Nested Loop", "Parent Relationship": "Outer", "Join Type": "Inner", "Startup Cost": 0.0, "Total Cost": 2725891.14, "Plan Rows": 719903, "Plan Width": 37, "Inner Unique": true, "Plans": [{"Node Type": "Index Scan", "Parent Relationship": "Outer", "Scan Direction": "Forward", "Index Name": "idx_lineitem_shipdate", "Relation Name": "lineitem", "Alias": "lineitem", "Startup Cost": 0.0, "Total Cost": 2327686.3, "Plan Rows": 719903, "Plan Width": 24, "Index Cond": "((l_shipdate >= '1996-12-01 00:00:00'::timestamp(0) without time zone) AND (l_shipdate < '1997-01-01 00:00:00'::timestamp without time zone)), (LLVM Optimized)"}, {"Node Type": "Index Scan", "Parent Relationship": "Inner", "Scan Direction": "Forward", "Index Name": "part_kpey", "Relation Name": "part", "Alias": "part", "Startup Cost": 0.0, "Total Cost": 0.54, "Plan Rows": 1, "Plan Width": 29, "Index Cond": "(p_partkey = lineitem.l_partkey)"}]}]}, "Unique SQL Id": 379939634, "Planner Runtime": 0}, "explain_analyze_plan": {"Plan": {"Node Type": "Aggregate", "Strategy": "Plain", "Startup Cost": 2738489.45, "Total Cost": 2738489.46, "Plan Rows": 1, "Plan Width": 53, "Actual Startup Time": 7479.303, "Actual Total Time": 7479.305, "Actual Rows": 1, "Actual Loops": 1, "Plans": [{"Node Type": "Nested Loop", "Parent Relationship": "Outer", "Join Type": "Inner", "Startup Cost": 0.0, "Total Cost": 2725891.14, "Plan Rows": 719903, "Plan Width": 37, "Actual Startup Time": 0.055, "Actual Total Time": 7029.741, "Actual Rows": 772803, "Actual Loops": 1, "Inner Unique": true, "Plans": [{"Node Type": "Index Scan", "Parent Relationship": "Outer", "Scan Direction": "Forward", "Index Name": "idx_lineitem_shipdate", "Relation Name": "lineitem", "Alias": "lineitem", "Startup Cost": 0.0, "Total Cost": 2327686.3, "Plan Rows": 719903, "Plan Width": 24, "Actual Startup Time": 0.04, "Actual Total Time": 2012.068, "Actual Rows": 772803, "Actual Loops": 1, "Index Cond": "((l_shipdate >= '1996-12-01 00:00:00'::timestamp(0) without time zone) AND (l_shipdate < '1997-01-01 00:00:00'::timestamp without time zone)), (LLVM Optimized, Jit Execute)", "Rows Removed by Index Recheck": 0}, {"Node Type": "Index Scan", "Parent Relationship": "Inner", "Scan Direction": "Forward", "Index Name": "part_kpey", "Relation Name": "part", "Alias": "part", "Startup Cost": 0.0, "Total Cost": 0.54, "Plan Rows": 1, "Plan Width": 29, "Actual Startup Time": 4381.589, "Actual Total Time": 4381.589, "Actual Rows": 772803, "Actual Loops": 772803, "Index Cond": "(p_partkey = lineitem.l_partkey)", "Rows Removed by Index Recheck": 0}]}]}, "Triggers": [], "Planner Runtime": 0, "Total Runtime": 7489.568, "Unique SQL Id": 379939634}}, "(64, 61)": {"explain_plan": {"Plan": {"Node Type": "Aggregate", "Strategy": "Plain", "Startup Cost": 2738489.45, "Total Cost": 2738489.46, "Plan Rows": 1, "Plan Width": 53, "Plans": [{"Node Type": "Nested Loop", "Parent Relationship": "Outer", "Join Type": "Inner", "Startup Cost": 0.0, "Total Cost": 2725891.14, "Plan Rows": 719903, "Plan Width": 37, "Inner Unique": true, "Plans": [{"Node Type": "Index Scan", "Parent Relationship": "Outer", "Scan Direction": "Forward", "Index Name": "idx_lineitem_shipdate", "Relation Name": "lineitem", "Alias": "lineitem", "Startup Cost": 0.0, "Total Cost": 2327686.3, "Plan Rows": 719903, "Plan Width": 24, "Index Cond": "((l_shipdate >= '1996-12-01 00:00:00'::timestamp(0) without time zone) AND (l_shipdate < '1997-01-01 00:00:00'::timestamp without time zone)), (LLVM Optimized)"}, {"Node Type": "Index Scan", "Parent Relationship": "Inner", "Scan Direction": "Forward", "Index Name": "part_kpey", "Relation Name": "part", "Alias": "part", "Startup Cost": 0.0, "Total Cost": 0.54, "Plan Rows": 1, "Plan Width": 29, "Index Cond": "(p_partkey = lineitem.l_partkey)"}]}]}, "Unique SQL Id": 379939634, "Planner Runtime": 0}, "explain_analyze_plan": {"Plan": {"Node Type": "Aggregate", "Strategy": "Plain", "Startup Cost": 2738489.45, "Total Cost": 2738489.46, "Plan Rows": 1, "Plan Width": 53, "Actual Startup Time": 7479.303, "Actual Total Time": 7479.305, "Actual Rows": 1, "Actual Loops": 1, "Plans": [{"Node Type": "Nested Loop", "Parent Relationship": "Outer", "Join Type": "Inner", "Startup Cost": 0.0, "Total Cost": 2725891.14, "Plan Rows": 719903, "Plan Width": 37, "Actual Startup Time": 0.055, "Actual Total Time": 7029.741, "Actual Rows": 772803, "Actual Loops": 1, "Inner Unique": true, "Plans": [{"Node Type": "Index Scan", "Parent Relationship": "Outer", "Scan Direction": "Forward", "Index Name": "idx_lineitem_shipdate", "Relation Name": "lineitem", "Alias": "lineitem", "Startup Cost": 0.0, "Total Cost": 2327686.3, "Plan Rows": 719903, "Plan Width": 24, "Actual Startup Time": 0.04, "Actual Total Time": 2012.068, "Actual Rows": 772803, "Actual Loops": 1, "Index Cond": "((l_shipdate >= '1996-12-01 00:00:00'::timestamp(0) without time zone) AND (l_shipdate < '1997-01-01 00:00:00'::timestamp without time zone)), (LLVM Optimized, Jit Execute)", "Rows Removed by Index Recheck": 0}, {"Node Type": "Index Scan", "Parent Relationship": "Inner", "Scan Direction": "Forward", "Index Name": "part_kpey", "Relation Name": "part", "Alias": "part", "Startup Cost": 0.0, "Total Cost": 0.54, "Plan Rows": 1, "Plan Width": 29, "Actual Startup Time": 4381.589, "Actual Total Time": 4381.589, "Actual Rows": 772803, "Actual Loops": 772803, "Index Cond": "(p_partkey = lineitem.l_partkey)", "Rows Removed by Index Recheck": 0}]}]}, "Triggers": [], "Planner Runtime": 0, "Total Runtime": 7489.568, "Unique SQL Id": 379939634}}, "(64, 62)": {"explain_plan": {"Plan": {"Node Type": "Aggregate", "Strategy": "Plain", "Startup Cost": 21599481392.56, "Total Cost": 21599481392.57, "Plan Rows": 1, "Plan Width": 53, "Plans": [{"Node Type": "Nested Loop", "Parent Relationship": "Outer", "Join Type": "Inner", "Startup Cost": 44.58, "Total Cost": 21599468794.25, "Plan Rows": 719903, "Plan Width": 37, "Inner Unique": false, "Join Filter": "(lineitem.l_partkey = part.p_partkey), (LLVM Optimized)", "Plans": [{"Node Type": "Seq Scan", "Parent Relationship": "Outer", "Relation Name": "part", "Alias": "part", "Startup Cost": 0.0, "Total Cost": 61944.0, "Plan Rows": 2000000, "Plan Width": 29}, {"Node Type": "Materialize", "Parent Relationship": "Inner", "Startup Cost": 44.58, "Total Cost": 2318650.01, "Plan Rows": 719903, "Plan Width": 24, "Plans": [{"Node Type": "Seq Scan", "Parent Relationship": "Outer", "Relation Name": "lineitem", "Alias": "lineitem", "Startup Cost": 44.58, "Total Cost": 2315050.5, "Plan Rows": 719903, "Plan Width": 24, "Filter": "((l_shipdate >= '1996-12-01 00:00:00'::timestamp(0) without time zone) AND (l_shipdate < '1997-01-01 00:00:00'::timestamp without time zone)), (LLVM Optimized)"}]}]}]}, "Unique SQL Id": 379939634, "Planner Runtime": 0}, "explain_analyze_plan": null}, "(64, 63)": {"explain_plan": {"Plan": {"Node Type": "Aggregate", "Strategy": "Plain", "Startup Cost": 2022412569559.2, "Total Cost": 2022412569559.22, "Plan Rows": 1, "Plan Width": 53, "Plans": [{"Node Type": "Nested Loop", "Parent Relationship": "Outer", "Join Type": "Inner", "Startup Cost": 20000000000.0, "Total Cost": 2022412556960.9, "Plan Rows": 719903, "Plan Width": 37, "Inner Unique": false, "Join Filter": "(lineitem.l_partkey = part.p_partkey), (LLVM Optimized)", "Plans": [{"Node Type": "Index Scan", "Parent Relationship": "Outer", "Scan Direction": "Forward", "Index Name": "part_kpey", "Relation Name": "part", "Alias": "part", "Startup Cost": 10000000000.0, "Total Cost": 1000010080325.0, "Plan Rows": 2000000, "Plan Width": 29}, {"Node Type": "Materialize", "Parent Relationship": "Inner", "Startup Cost": 10000000000.0, "Total Cost": 1000805388435.66, "Plan Rows": 719903, "Plan Width": 24, "Plans": [{"Node Type": "Index Scan", "Parent Relationship": "Outer", "Scan Direction": "Forward", "Index Name": "idx_lineitem_part_supp", "Relation Name": "lineitem", "Alias": "lineitem", "Startup Cost": 10000000000.0, "Total Cost": 1000805384836.14, "Plan Rows": 719903, "Plan Width": 24, "Filter": "((l_shipdate >= '1996-12-01 00:00:00'::timestamp(0) without time zone) AND (l_shipdate < '1997-01-01 00:00:00'::timestamp without time zone)), (LLVM Optimized)"}]}]}]}, "Unique SQL Id": 379939634, "Planner Runtime": 0}, "explain_analyze_plan": null}, "(64, 64)": {"explain_plan": {"Plan": {"Node Type": "Aggregate", "Strategy": "Plain", "Startup Cost": 1344441.29, "Total Cost": 1344441.3, "Plan Rows": 1, "Plan Width": 53, "Plans": [{"Node Type": "Hash Join", "Parent Relationship": "Outer", "Join Type": "Inner", "Startup Cost": 111887.26, "Total Cost": 1331842.98, "Plan Rows": 719903, "Plan Width": 37, "Inner Unique": true, "Hash Cond": "(lineitem.l_partkey = part.p_partkey), (LLVM Optimized)", "Plans": [{"Node Type": "Bitmap Heap Scan", "Parent Relationship": "Outer", "Relation Name": "lineitem", "Alias": "lineitem", "Startup Cost": 24943.26, "Total Cost": 1235000.32, "Plan Rows": 719903, "Plan Width": 24, "Recheck Cond": "((l_shipdate >= '1996-12-01 00:00:00'::timestamp(0) without time zone) AND (l_shipdate < '1997-01-01 00:00:00'::timestamp without time zone)), (LLVM Optimized)", "Plans": [{"Node Type": "Bitmap Index Scan", "Parent Relationship": "Outer", "Index Name": "idx_lineitem_shipdate", "Startup Cost": 0.0, "Total Cost": 24763.28, "Plan Rows": 719903, "Plan Width": 0, "Index Cond": "((l_shipdate >= '1996-12-01 00:00:00'::timestamp(0) without time zone) AND (l_shipdate < '1997-01-01 00:00:00'::timestamp without time zone))"}]}, {"Node Type": "Hash", "Parent Relationship": "Inner", "Startup Cost": 61944.0, "Total Cost": 61944.0, "Plan Rows": 2000000, "Plan Width": 29, "Plans": [{"Node Type": "Seq Scan", "Parent Relationship": "Outer", "Relation Name": "part", "Alias": "part", "Startup Cost": 0.0, "Total Cost": 61944.0, "Plan Rows": 2000000, "Plan Width": 29}]}]}]}, "Unique SQL Id": 379939634, "Planner Runtime": 0}, "explain_analyze_plan": {"Plan": {"Node Type": "Aggregate", "Strategy": "Plain", "Startup Cost": 1344441.29, "Total Cost": 1344441.3, "Plan Rows": 1, "Plan Width": 53, "Actual Startup Time": 3949.646, "Actual Total Time": 3949.647, "Actual Rows": 1, "Actual Loops": 1, "Plans": [{"Node Type": "Hash Join", "Parent Relationship": "Outer", "Join Type": "Inner", "Startup Cost": 111887.26, "Total Cost": 1331842.98, "Plan Rows": 719903, "Plan Width": 37, "Actual Startup Time": 1804.081, "Actual Total Time": 3575.966, "Actual Rows": 772803, "Actual Loops": 1, "Inner Unique": true, "Hash Cond": "(lineitem.l_partkey = part.p_partkey), (LLVM Optimized, Jit Execute)", "Plans": [{"Node Type": "Bitmap Heap Scan", "Parent Relationship": "Outer", "Relation Name": "lineitem", "Alias": "lineitem", "Startup Cost": 24943.26, "Total Cost": 1235000.32, "Plan Rows": 719903, "Plan Width": 24, "Actual Startup Time": 469.464, "Actual Total Time": 1694.161, "Actual Rows": 772803, "Actual Loops": 1, "Recheck Cond": "((l_shipdate >= '1996-12-01 00:00:00'::timestamp(0) without time zone) AND (l_shipdate < '1997-01-01 00:00:00'::timestamp without time zone)), (LLVM Optimized, Jit Execute)", "Rows Removed by Index Recheck": 0, "Exact Heap Blocks": 437909, "Lossy Heap Blocks": 437909, "Plans": [{"Node Type": "Bitmap Index Scan", "Parent Relationship": "Outer", "Index Name": "idx_lineitem_shipdate", "Startup Cost": 0.0, "Total Cost": 24763.28, "Plan Rows": 719903, "Plan Width": 0, "Actual Startup Time": 304.405, "Actual Total Time": 304.405, "Actual Rows": 772803, "Actual Loops": 1, "Index Cond": "((l_shipdate >= '1996-12-01 00:00:00'::timestamp(0) without time zone) AND (l_shipdate < '1997-01-01 00:00:00'::timestamp without time zone))"}]}, {"Node Type": "Hash", "Parent Relationship": "Inner", "Startup Cost": 61944.0, "Total Cost": 61944.0, "Plan Rows": 2000000, "Plan Width": 29, "Actual Startup Time": 1333.257, "Actual Total Time": 1333.257, "Actual Rows": 2000000, "Actual Loops": 1, "Hash Buckets": 2097152, "Hash Batches": 1, "Original Hash Batches": 1, "Peak Memory Usage": 126040, "Plans": [{"Node Type": "Seq Scan", "Parent Relationship": "Outer", "Relation Name": "part", "Alias": "part", "Startup Cost": 0.0, "Total Cost": 61944.0, "Plan Rows": 2000000, "Plan Width": 29, "Actual Startup Time": 0.034, "Actual Total Time": 698.306, "Actual Rows": 2000000, "Actual Loops": 1}]}]}]}, "Triggers": [], "Planner Runtime": 0, "Total Runtime": 3964.056, "Unique SQL Id": 379939634}}, "(64, 65)": {"explain_plan": {"Plan": {"Node Type": "Aggregate", "Strategy": "Plain", "Startup Cost": 1383300.54, "Total Cost": 1383300.55, "Plan Rows": 1, "Plan Width": 53, "Plans": [{"Node Type": "Hash Join", "Parent Relationship": "Outer", "Join Type": "Inner", "Startup Cost": 150746.51, "Total Cost": 1370702.23, "Plan Rows": 719903, "Plan Width": 37, "Inner Unique": true, "Hash Cond": "(lineitem.l_partkey = part.p_partkey), (LLVM Optimized)", "Plans": [{"Node Type": "Bitmap Heap Scan", "Parent Relationship": "Outer", "Relation Name": "lineitem", "Alias": "lineitem", "Startup Cost": 24943.26, "Total Cost": 1235000.32, "Plan Rows": 719903, "Plan Width": 24, "Recheck Cond": "((l_shipdate >= '1996-12-01 00:00:00'::timestamp(0) without time zone) AND (l_shipdate < '1997-01-01 00:00:00'::timestamp without time zone)), (LLVM Optimized)", "Plans": [{"Node Type": "Bitmap Index Scan", "Parent Relationship": "Outer", "Index Name": "idx_lineitem_shipdate", "Startup Cost": 0.0, "Total Cost": 24763.28, "Plan Rows": 719903, "Plan Width": 0, "Index Cond": "((l_shipdate >= '1996-12-01 00:00:00'::timestamp(0) without time zone) AND (l_shipdate < '1997-01-01 00:00:00'::timestamp without time zone))"}]}, {"Node Type": "Hash", "Parent Relationship": "Inner", "Startup Cost": 100803.25, "Total Cost": 100803.25, "Plan Rows": 2000000, "Plan Width": 29, "Plans": [{"Node Type": "Index Scan", "Parent Relationship": "Outer", "Scan Direction": "Forward", "Index Name": "part_kpey", "Relation Name": "part", "Alias": "part", "Startup Cost": 0.0, "Total Cost": 100803.25, "Plan Rows": 2000000, "Plan Width": 29}]}]}]}, "Unique SQL Id": 379939634, "Planner Runtime": 0}, "explain_analyze_plan": {"Plan": {"Node Type": "Aggregate", "Strategy": "Plain", "Startup Cost": 1383300.54, "Total Cost": 1383300.55, "Plan Rows": 1, "Plan Width": 53, "Actual Startup Time": 5392.049, "Actual Total Time": 5392.049, "Actual Rows": 1, "Actual Loops": 1, "Plans": [{"Node Type": "Hash Join", "Parent Relationship": "Outer", "Join Type": "Inner", "Startup Cost": 150746.51, "Total Cost": 1370702.23, "Plan Rows": 719903, "Plan Width": 37, "Actual Startup Time": 2926.424, "Actual Total Time": 5025.717, "Actual Rows": 772803, "Actual Loops": 1, "Inner Unique": true, "Hash Cond": "(lineitem.l_partkey = part.p_partkey), (LLVM Optimized, Jit Execute)", "Plans": [{"Node Type": "Bitmap Heap Scan", "Parent Relationship": "Outer", "Relation Name": "lineitem", "Alias": "lineitem", "Startup Cost": 24943.26, "Total Cost": 1235000.32, "Plan Rows": 719903, "Plan Width": 24, "Actual Startup Time": 468.518, "Actual Total Time": 1836.972, "Actual Rows": 772803, "Actual Loops": 1, "Recheck Cond": "((l_shipdate >= '1996-12-01 00:00:00'::timestamp(0) without time zone) AND (l_shipdate < '1997-01-01 00:00:00'::timestamp without time zone)), (LLVM Optimized, Jit Execute)", "Rows Removed by Index Recheck": 0, "Exact Heap Blocks": 437909, "Lossy Heap Blocks": 437909, "Plans": [{"Node Type": "Bitmap Index Scan", "Parent Relationship": "Outer", "Index Name": "idx_lineitem_shipdate", "Startup Cost": 0.0, "Total Cost": 24763.28, "Plan Rows": 719903, "Plan Width": 0, "Actual Startup Time": 304.232, "Actual Total Time": 304.232, "Actual Rows": 772803, "Actual Loops": 1, "Index Cond": "((l_shipdate >= '1996-12-01 00:00:00'::timestamp(0) without time zone) AND (l_shipdate < '1997-01-01 00:00:00'::timestamp without time zone))"}]}, {"Node Type": "Hash", "Parent Relationship": "Inner", "Startup Cost": 100803.25, "Total Cost": 100803.25, "Plan Rows": 2000000, "Plan Width": 29, "Actual Startup Time": 2456.558, "Actual Total Time": 2456.558, "Actual Rows": 2000000, "Actual Loops": 1, "Hash Buckets": 2097152, "Hash Batches": 1, "Original Hash Batches": 1, "Peak Memory Usage": 126040, "Plans": [{"Node Type": "Index Scan", "Parent Relationship": "Outer", "Scan Direction": "Forward", "Index Name": "part_kpey", "Relation Name": "part", "Alias": "part", "Startup Cost": 0.0, "Total Cost": 100803.25, "Plan Rows": 2000000, "Plan Width": 29, "Actual Startup Time": 0.05, "Actual Total Time": 1550.403, "Actual Rows": 2000000, "Actual Loops": 1}]}]}]}, "Triggers": [], "Planner Runtime": 0, "Total Runtime": 5406.949, "Unique SQL Id": 379939634}}, "(64, 66)": {"explain_plan": {"Plan": {"Node Type": "Aggregate", "Strategy": "Plain", "Startup Cost": 1344441.29, "Total Cost": 1344441.3, "Plan Rows": 1, "Plan Width": 53, "Plans": [{"Node Type": "Hash Join", "Parent Relationship": "Outer", "Join Type": "Inner", "Startup Cost": 111887.26, "Total Cost": 1331842.98, "Plan Rows": 719903, "Plan Width": 37, "Inner Unique": true, "Hash Cond": "(lineitem.l_partkey = part.p_partkey), (LLVM Optimized)", "Plans": [{"Node Type": "Bitmap Heap Scan", "Parent Relationship": "Outer", "Relation Name": "lineitem", "Alias": "lineitem", "Startup Cost": 24943.26, "Total Cost": 1235000.32, "Plan Rows": 719903, "Plan Width": 24, "Recheck Cond": "((l_shipdate >= '1996-12-01 00:00:00'::timestamp(0) without time zone) AND (l_shipdate < '1997-01-01 00:00:00'::timestamp without time zone)), (LLVM Optimized)", "Plans": [{"Node Type": "Bitmap Index Scan", "Parent Relationship": "Outer", "Index Name": "idx_lineitem_shipdate", "Startup Cost": 0.0, "Total Cost": 24763.28, "Plan Rows": 719903, "Plan Width": 0, "Index Cond": "((l_shipdate >= '1996-12-01 00:00:00'::timestamp(0) without time zone) AND (l_shipdate < '1997-01-01 00:00:00'::timestamp without time zone))"}]}, {"Node Type": "Hash", "Parent Relationship": "Inner", "Startup Cost": 61944.0, "Total Cost": 61944.0, "Plan Rows": 2000000, "Plan Width": 29, "Plans": [{"Node Type": "Seq Scan", "Parent Relationship": "Outer", "Relation Name": "part", "Alias": "part", "Startup Cost": 0.0, "Total Cost": 61944.0, "Plan Rows": 2000000, "Plan Width": 29}]}]}]}, "Unique SQL Id": 379939634, "Planner Runtime": 0}, "explain_analyze_plan": {"Plan": {"Node Type": "Aggregate", "Strategy": "Plain", "Startup Cost": 1344441.29, "Total Cost": 1344441.3, "Plan Rows": 1, "Plan Width": 53, "Actual Startup Time": 3949.646, "Actual Total Time": 3949.647, "Actual Rows": 1, "Actual Loops": 1, "Plans": [{"Node Type": "Hash Join", "Parent Relationship": "Outer", "Join Type": "Inner", "Startup Cost": 111887.26, "Total Cost": 1331842.98, "Plan Rows": 719903, "Plan Width": 37, "Actual Startup Time": 1804.081, "Actual Total Time": 3575.966, "Actual Rows": 772803, "Actual Loops": 1, "Inner Unique": true, "Hash Cond": "(lineitem.l_partkey = part.p_partkey), (LLVM Optimized, Jit Execute)", "Plans": [{"Node Type": "Bitmap Heap Scan", "Parent Relationship": "Outer", "Relation Name": "lineitem", "Alias": "lineitem", "Startup Cost": 24943.26, "Total Cost": 1235000.32, "Plan Rows": 719903, "Plan Width": 24, "Actual Startup Time": 469.464, "Actual Total Time": 1694.161, "Actual Rows": 772803, "Actual Loops": 1, "Recheck Cond": "((l_shipdate >= '1996-12-01 00:00:00'::timestamp(0) without time zone) AND (l_shipdate < '1997-01-01 00:00:00'::timestamp without time zone)), (LLVM Optimized, Jit Execute)", "Rows Removed by Index Recheck": 0, "Exact Heap Blocks": 437909, "Lossy Heap Blocks": 437909, "Plans": [{"Node Type": "Bitmap Index Scan", "Parent Relationship": "Outer", "Index Name": "idx_lineitem_shipdate", "Startup Cost": 0.0, "Total Cost": 24763.28, "Plan Rows": 719903, "Plan Width": 0, "Actual Startup Time": 304.405, "Actual Total Time": 304.405, "Actual Rows": 772803, "Actual Loops": 1, "Index Cond": "((l_shipdate >= '1996-12-01 00:00:00'::timestamp(0) without time zone) AND (l_shipdate < '1997-01-01 00:00:00'::timestamp without time zone))"}]}, {"Node Type": "Hash", "Parent Relationship": "Inner", "Startup Cost": 61944.0, "Total Cost": 61944.0, "Plan Rows": 2000000, "Plan Width": 29, "Actual Startup Time": 1333.257, "Actual Total Time": 1333.257, "Actual Rows": 2000000, "Actual Loops": 1, "Hash Buckets": 2097152, "Hash Batches": 1, "Original Hash Batches": 1, "Peak Memory Usage": 126040, "Plans": [{"Node Type": "Seq Scan", "Parent Relationship": "Outer", "Relation Name": "part", "Alias": "part", "Startup Cost": 0.0, "Total Cost": 61944.0, "Plan Rows": 2000000, "Plan Width": 29, "Actual Startup Time": 0.034, "Actual Total Time": 698.306, "Actual Rows": 2000000, "Actual Loops": 1}]}]}]}, "Triggers": [], "Planner Runtime": 0, "Total Runtime": 3964.056, "Unique SQL Id": 379939634}}, "(64, 67)": {"explain_plan": {"Plan": {"Node Type": "Aggregate", "Strategy": "Plain", "Startup Cost": 4357819.44, "Total Cost": 4357819.45, "Plan Rows": 1, "Plan Width": 53, "Plans": [{"Node Type": "Nested Loop", "Parent Relationship": "Outer", "Join Type": "Inner", "Startup Cost": 24943.55, "Total Cost": 4345221.13, "Plan Rows": 719903, "Plan Width": 37, "Inner Unique": true, "Plans": [{"Node Type": "Bitmap Heap Scan", "Parent Relationship": "Outer", "Relation Name": "lineitem", "Alias": "lineitem", "Startup Cost": 24943.26, "Total Cost": 1235000.32, "Plan Rows": 719903, "Plan Width": 24, "Recheck Cond": "((l_shipdate >= '1996-12-01 00:00:00'::timestamp(0) without time zone) AND (l_shipdate < '1997-01-01 00:00:00'::timestamp without time zone)), (LLVM Optimized)", "Plans": [{"Node Type": "Bitmap Index Scan", "Parent Relationship": "Outer", "Index Name": "idx_lineitem_shipdate", "Startup Cost": 0.0, "Total Cost": 24763.28, "Plan Rows": 719903, "Plan Width": 0, "Index Cond": "((l_shipdate >= '1996-12-01 00:00:00'::timestamp(0) without time zone) AND (l_shipdate < '1997-01-01 00:00:00'::timestamp without time zone))"}]}, {"Node Type": "Bitmap Heap Scan", "Parent Relationship": "Inner", "Relation Name": "part", "Alias": "part", "Startup Cost": 0.3, "Total Cost": 4.31, "Plan Rows": 1, "Plan Width": 29, "Recheck Cond": "(p_partkey = lineitem.l_partkey)", "Plans": [{"Node Type": "Bitmap Index Scan", "Parent Relationship": "Outer", "Index Name": "part_kpey", "Startup Cost": 0.0, "Total Cost": 0.3, "Plan Rows": 1, "Plan Width": 0, "Index Cond": "(p_partkey = lineitem.l_partkey)"}]}]}]}, "Unique SQL Id": 379939634, "Planner Runtime": 0}, "explain_analyze_plan": {"Plan": {"Node Type": "Aggregate", "Strategy": "Plain", "Startup Cost": 4357819.44, "Total Cost": 4357819.45, "Plan Rows": 1, "Plan Width": 53, "Actual Startup Time": 8374.121, "Actual Total Time": 8374.121, "Actual Rows": 1, "Actual Loops": 1, "Plans": [{"Node Type": "Nested Loop", "Parent Relationship": "Outer", "Join Type": "Inner", "Startup Cost": 24943.55, "Total Cost": 4345221.13, "Plan Rows": 719903, "Plan Width": 37, "Actual Startup Time": 511.97, "Actual Total Time": 7861.902, "Actual Rows": 772803, "Actual Loops": 1, "Inner Unique": true, "Plans": [{"Node Type": "Bitmap Heap Scan", "Parent Relationship": "Outer", "Relation Name": "lineitem", "Alias": "lineitem", "Startup Cost": 24943.26, "Total Cost": 1235000.32, "Plan Rows": 719903, "Plan Width": 24, "Actual Startup Time": 511.814, "Actual Total Time": 1803.715, "Actual Rows": 772803, "Actual Loops": 1, "Recheck Cond": "((l_shipdate >= '1996-12-01 00:00:00'::timestamp(0) without time zone) AND (l_shipdate < '1997-01-01 00:00:00'::timestamp without time zone)), (LLVM Optimized, Jit Execute)", "Rows Removed by Index Recheck": 0, "Exact Heap Blocks": 437909, "Lossy Heap Blocks": 437909, "Plans": [{"Node Type": "Bitmap Index Scan", "Parent Relationship": "Outer", "Index Name": "idx_lineitem_shipdate", "Startup Cost": 0.0, "Total Cost": 24763.28, "Plan Rows": 719903, "Plan Width": 0, "Actual Startup Time": 303.892, "Actual Total Time": 303.892, "Actual Rows": 772803, "Actual Loops": 1, "Index Cond": "((l_shipdate >= '1996-12-01 00:00:00'::timestamp(0) without time zone) AND (l_shipdate < '1997-01-01 00:00:00'::timestamp without time zone))"}]}, {"Node Type": "Bitmap Heap Scan", "Parent Relationship": "Inner", "Relation Name": "part", "Alias": "part", "Startup Cost": 0.3, "Total Cost": 4.31, "Plan Rows": 1, "Plan Width": 29, "Actual Startup Time": 4978.943, "Actual Total Time": 4978.943, "Actual Rows": 772803, "Actual Loops": 772803, "Recheck Cond": "(p_partkey = lineitem.l_partkey)", "Rows Removed by Index Recheck": 0, "Exact Heap Blocks": 772803, "Lossy Heap Blocks": 772803, "Plans": [{"Node Type": "Bitmap Index Scan", "Parent Relationship": "Outer", "Index Name": "part_kpey", "Startup Cost": 0.0, "Total Cost": 0.3, "Plan Rows": 1, "Plan Width": 0, "Actual Startup Time": 3069.068, "Actual Total Time": 3069.068, "Actual Rows": 772803, "Actual Loops": 772803, "Index Cond": "(p_partkey = lineitem.l_partkey)"}]}]}]}, "Triggers": [], "Planner Runtime": 0, "Total Runtime": 8385.255, "Unique SQL Id": 379939634}}, "(64, 68)": {"explain_plan": {"Plan": {"Node Type": "Aggregate", "Strategy": "Plain", "Startup Cost": 1344441.29, "Total Cost": 1344441.3, "Plan Rows": 1, "Plan Width": 53, "Plans": [{"Node Type": "Hash Join", "Parent Relationship": "Outer", "Join Type": "Inner", "Startup Cost": 111887.26, "Total Cost": 1331842.98, "Plan Rows": 719903, "Plan Width": 37, "Inner Unique": true, "Hash Cond": "(lineitem.l_partkey = part.p_partkey), (LLVM Optimized)", "Plans": [{"Node Type": "Bitmap Heap Scan", "Parent Relationship": "Outer", "Relation Name": "lineitem", "Alias": "lineitem", "Startup Cost": 24943.26, "Total Cost": 1235000.32, "Plan Rows": 719903, "Plan Width": 24, "Recheck Cond": "((l_shipdate >= '1996-12-01 00:00:00'::timestamp(0) without time zone) AND (l_shipdate < '1997-01-01 00:00:00'::timestamp without time zone)), (LLVM Optimized)", "Plans": [{"Node Type": "Bitmap Index Scan", "Parent Relationship": "Outer", "Index Name": "idx_lineitem_shipdate", "Startup Cost": 0.0, "Total Cost": 24763.28, "Plan Rows": 719903, "Plan Width": 0, "Index Cond": "((l_shipdate >= '1996-12-01 00:00:00'::timestamp(0) without time zone) AND (l_shipdate < '1997-01-01 00:00:00'::timestamp without time zone))"}]}, {"Node Type": "Hash", "Parent Relationship": "Inner", "Startup Cost": 61944.0, "Total Cost": 61944.0, "Plan Rows": 2000000, "Plan Width": 29, "Plans": [{"Node Type": "Seq Scan", "Parent Relationship": "Outer", "Relation Name": "part", "Alias": "part", "Startup Cost": 0.0, "Total Cost": 61944.0, "Plan Rows": 2000000, "Plan Width": 29}]}]}]}, "Unique SQL Id": 379939634, "Planner Runtime": 0}, "explain_analyze_plan": {"Plan": {"Node Type": "Aggregate", "Strategy": "Plain", "Startup Cost": 1344441.29, "Total Cost": 1344441.3, "Plan Rows": 1, "Plan Width": 53, "Actual Startup Time": 3949.646, "Actual Total Time": 3949.647, "Actual Rows": 1, "Actual Loops": 1, "Plans": [{"Node Type": "Hash Join", "Parent Relationship": "Outer", "Join Type": "Inner", "Startup Cost": 111887.26, "Total Cost": 1331842.98, "Plan Rows": 719903, "Plan Width": 37, "Actual Startup Time": 1804.081, "Actual Total Time": 3575.966, "Actual Rows": 772803, "Actual Loops": 1, "Inner Unique": true, "Hash Cond": "(lineitem.l_partkey = part.p_partkey), (LLVM Optimized, Jit Execute)", "Plans": [{"Node Type": "Bitmap Heap Scan", "Parent Relationship": "Outer", "Relation Name": "lineitem", "Alias": "lineitem", "Startup Cost": 24943.26, "Total Cost": 1235000.32, "Plan Rows": 719903, "Plan Width": 24, "Actual Startup Time": 469.464, "Actual Total Time": 1694.161, "Actual Rows": 772803, "Actual Loops": 1, "Recheck Cond": "((l_shipdate >= '1996-12-01 00:00:00'::timestamp(0) without time zone) AND (l_shipdate < '1997-01-01 00:00:00'::timestamp without time zone)), (LLVM Optimized, Jit Execute)", "Rows Removed by Index Recheck": 0, "Exact Heap Blocks": 437909, "Lossy Heap Blocks": 437909, "Plans": [{"Node Type": "Bitmap Index Scan", "Parent Relationship": "Outer", "Index Name": "idx_lineitem_shipdate", "Startup Cost": 0.0, "Total Cost": 24763.28, "Plan Rows": 719903, "Plan Width": 0, "Actual Startup Time": 304.405, "Actual Total Time": 304.405, "Actual Rows": 772803, "Actual Loops": 1, "Index Cond": "((l_shipdate >= '1996-12-01 00:00:00'::timestamp(0) without time zone) AND (l_shipdate < '1997-01-01 00:00:00'::timestamp without time zone))"}]}, {"Node Type": "Hash", "Parent Relationship": "Inner", "Startup Cost": 61944.0, "Total Cost": 61944.0, "Plan Rows": 2000000, "Plan Width": 29, "Actual Startup Time": 1333.257, "Actual Total Time": 1333.257, "Actual Rows": 2000000, "Actual Loops": 1, "Hash Buckets": 2097152, "Hash Batches": 1, "Original Hash Batches": 1, "Peak Memory Usage": 126040, "Plans": [{"Node Type": "Seq Scan", "Parent Relationship": "Outer", "Relation Name": "part", "Alias": "part", "Startup Cost": 0.0, "Total Cost": 61944.0, "Plan Rows": 2000000, "Plan Width": 29, "Actual Startup Time": 0.034, "Actual Total Time": 698.306, "Actual Rows": 2000000, "Actual Loops": 1}]}]}]}, "Triggers": [], "Planner Runtime": 0, "Total Runtime": 3964.056, "Unique SQL Id": 379939634}}, "(64, 69)": {"explain_plan": {"Plan": {"Node Type": "Aggregate", "Strategy": "Plain", "Startup Cost": 1383300.54, "Total Cost": 1383300.55, "Plan Rows": 1, "Plan Width": 53, "Plans": [{"Node Type": "Hash Join", "Parent Relationship": "Outer", "Join Type": "Inner", "Startup Cost": 150746.51, "Total Cost": 1370702.23, "Plan Rows": 719903, "Plan Width": 37, "Inner Unique": true, "Hash Cond": "(lineitem.l_partkey = part.p_partkey), (LLVM Optimized)", "Plans": [{"Node Type": "Bitmap Heap Scan", "Parent Relationship": "Outer", "Relation Name": "lineitem", "Alias": "lineitem", "Startup Cost": 24943.26, "Total Cost": 1235000.32, "Plan Rows": 719903, "Plan Width": 24, "Recheck Cond": "((l_shipdate >= '1996-12-01 00:00:00'::timestamp(0) without time zone) AND (l_shipdate < '1997-01-01 00:00:00'::timestamp without time zone)), (LLVM Optimized)", "Plans": [{"Node Type": "Bitmap Index Scan", "Parent Relationship": "Outer", "Index Name": "idx_lineitem_shipdate", "Startup Cost": 0.0, "Total Cost": 24763.28, "Plan Rows": 719903, "Plan Width": 0, "Index Cond": "((l_shipdate >= '1996-12-01 00:00:00'::timestamp(0) without time zone) AND (l_shipdate < '1997-01-01 00:00:00'::timestamp without time zone))"}]}, {"Node Type": "Hash", "Parent Relationship": "Inner", "Startup Cost": 100803.25, "Total Cost": 100803.25, "Plan Rows": 2000000, "Plan Width": 29, "Plans": [{"Node Type": "Index Scan", "Parent Relationship": "Outer", "Scan Direction": "Forward", "Index Name": "part_kpey", "Relation Name": "part", "Alias": "part", "Startup Cost": 0.0, "Total Cost": 100803.25, "Plan Rows": 2000000, "Plan Width": 29}]}]}]}, "Unique SQL Id": 379939634, "Planner Runtime": 0}, "explain_analyze_plan": {"Plan": {"Node Type": "Aggregate", "Strategy": "Plain", "Startup Cost": 1383300.54, "Total Cost": 1383300.55, "Plan Rows": 1, "Plan Width": 53, "Actual Startup Time": 5392.049, "Actual Total Time": 5392.049, "Actual Rows": 1, "Actual Loops": 1, "Plans": [{"Node Type": "Hash Join", "Parent Relationship": "Outer", "Join Type": "Inner", "Startup Cost": 150746.51, "Total Cost": 1370702.23, "Plan Rows": 719903, "Plan Width": 37, "Actual Startup Time": 2926.424, "Actual Total Time": 5025.717, "Actual Rows": 772803, "Actual Loops": 1, "Inner Unique": true, "Hash Cond": "(lineitem.l_partkey = part.p_partkey), (LLVM Optimized, Jit Execute)", "Plans": [{"Node Type": "Bitmap Heap Scan", "Parent Relationship": "Outer", "Relation Name": "lineitem", "Alias": "lineitem", "Startup Cost": 24943.26, "Total Cost": 1235000.32, "Plan Rows": 719903, "Plan Width": 24, "Actual Startup Time": 468.518, "Actual Total Time": 1836.972, "Actual Rows": 772803, "Actual Loops": 1, "Recheck Cond": "((l_shipdate >= '1996-12-01 00:00:00'::timestamp(0) without time zone) AND (l_shipdate < '1997-01-01 00:00:00'::timestamp without time zone)), (LLVM Optimized, Jit Execute)", "Rows Removed by Index Recheck": 0, "Exact Heap Blocks": 437909, "Lossy Heap Blocks": 437909, "Plans": [{"Node Type": "Bitmap Index Scan", "Parent Relationship": "Outer", "Index Name": "idx_lineitem_shipdate", "Startup Cost": 0.0, "Total Cost": 24763.28, "Plan Rows": 719903, "Plan Width": 0, "Actual Startup Time": 304.232, "Actual Total Time": 304.232, "Actual Rows": 772803, "Actual Loops": 1, "Index Cond": "((l_shipdate >= '1996-12-01 00:00:00'::timestamp(0) without time zone) AND (l_shipdate < '1997-01-01 00:00:00'::timestamp without time zone))"}]}, {"Node Type": "Hash", "Parent Relationship": "Inner", "Startup Cost": 100803.25, "Total Cost": 100803.25, "Plan Rows": 2000000, "Plan Width": 29, "Actual Startup Time": 2456.558, "Actual Total Time": 2456.558, "Actual Rows": 2000000, "Actual Loops": 1, "Hash Buckets": 2097152, "Hash Batches": 1, "Original Hash Batches": 1, "Peak Memory Usage": 126040, "Plans": [{"Node Type": "Index Scan", "Parent Relationship": "Outer", "Scan Direction": "Forward", "Index Name": "part_kpey", "Relation Name": "part", "Alias": "part", "Startup Cost": 0.0, "Total Cost": 100803.25, "Plan Rows": 2000000, "Plan Width": 29, "Actual Startup Time": 0.05, "Actual Total Time": 1550.403, "Actual Rows": 2000000, "Actual Loops": 1}]}]}]}, "Triggers": [], "Planner Runtime": 0, "Total Runtime": 5406.949, "Unique SQL Id": 379939634}}, "(64, 70)": {"explain_plan": {"Plan": {"Node Type": "Aggregate", "Strategy": "Plain", "Startup Cost": 1344441.29, "Total Cost": 1344441.3, "Plan Rows": 1, "Plan Width": 53, "Plans": [{"Node Type": "Hash Join", "Parent Relationship": "Outer", "Join Type": "Inner", "Startup Cost": 111887.26, "Total Cost": 1331842.98, "Plan Rows": 719903, "Plan Width": 37, "Inner Unique": true, "Hash Cond": "(lineitem.l_partkey = part.p_partkey), (LLVM Optimized)", "Plans": [{"Node Type": "Bitmap Heap Scan", "Parent Relationship": "Outer", "Relation Name": "lineitem", "Alias": "lineitem", "Startup Cost": 24943.26, "Total Cost": 1235000.32, "Plan Rows": 719903, "Plan Width": 24, "Recheck Cond": "((l_shipdate >= '1996-12-01 00:00:00'::timestamp(0) without time zone) AND (l_shipdate < '1997-01-01 00:00:00'::timestamp without time zone)), (LLVM Optimized)", "Plans": [{"Node Type": "Bitmap Index Scan", "Parent Relationship": "Outer", "Index Name": "idx_lineitem_shipdate", "Startup Cost": 0.0, "Total Cost": 24763.28, "Plan Rows": 719903, "Plan Width": 0, "Index Cond": "((l_shipdate >= '1996-12-01 00:00:00'::timestamp(0) without time zone) AND (l_shipdate < '1997-01-01 00:00:00'::timestamp without time zone))"}]}, {"Node Type": "Hash", "Parent Relationship": "Inner", "Startup Cost": 61944.0, "Total Cost": 61944.0, "Plan Rows": 2000000, "Plan Width": 29, "Plans": [{"Node Type": "Seq Scan", "Parent Relationship": "Outer", "Relation Name": "part", "Alias": "part", "Startup Cost": 0.0, "Total Cost": 61944.0, "Plan Rows": 2000000, "Plan Width": 29}]}]}]}, "Unique SQL Id": 379939634, "Planner Runtime": 0}, "explain_analyze_plan": {"Plan": {"Node Type": "Aggregate", "Strategy": "Plain", "Startup Cost": 1344441.29, "Total Cost": 1344441.3, "Plan Rows": 1, "Plan Width": 53, "Actual Startup Time": 3949.646, "Actual Total Time": 3949.647, "Actual Rows": 1, "Actual Loops": 1, "Plans": [{"Node Type": "Hash Join", "Parent Relationship": "Outer", "Join Type": "Inner", "Startup Cost": 111887.26, "Total Cost": 1331842.98, "Plan Rows": 719903, "Plan Width": 37, "Actual Startup Time": 1804.081, "Actual Total Time": 3575.966, "Actual Rows": 772803, "Actual Loops": 1, "Inner Unique": true, "Hash Cond": "(lineitem.l_partkey = part.p_partkey), (LLVM Optimized, Jit Execute)", "Plans": [{"Node Type": "Bitmap Heap Scan", "Parent Relationship": "Outer", "Relation Name": "lineitem", "Alias": "lineitem", "Startup Cost": 24943.26, "Total Cost": 1235000.32, "Plan Rows": 719903, "Plan Width": 24, "Actual Startup Time": 469.464, "Actual Total Time": 1694.161, "Actual Rows": 772803, "Actual Loops": 1, "Recheck Cond": "((l_shipdate >= '1996-12-01 00:00:00'::timestamp(0) without time zone) AND (l_shipdate < '1997-01-01 00:00:00'::timestamp without time zone)), (LLVM Optimized, Jit Execute)", "Rows Removed by Index Recheck": 0, "Exact Heap Blocks": 437909, "Lossy Heap Blocks": 437909, "Plans": [{"Node Type": "Bitmap Index Scan", "Parent Relationship": "Outer", "Index Name": "idx_lineitem_shipdate", "Startup Cost": 0.0, "Total Cost": 24763.28, "Plan Rows": 719903, "Plan Width": 0, "Actual Startup Time": 304.405, "Actual Total Time": 304.405, "Actual Rows": 772803, "Actual Loops": 1, "Index Cond": "((l_shipdate >= '1996-12-01 00:00:00'::timestamp(0) without time zone) AND (l_shipdate < '1997-01-01 00:00:00'::timestamp without time zone))"}]}, {"Node Type": "Hash", "Parent Relationship": "Inner", "Startup Cost": 61944.0, "Total Cost": 61944.0, "Plan Rows": 2000000, "Plan Width": 29, "Actual Startup Time": 1333.257, "Actual Total Time": 1333.257, "Actual Rows": 2000000, "Actual Loops": 1, "Hash Buckets": 2097152, "Hash Batches": 1, "Original Hash Batches": 1, "Peak Memory Usage": 126040, "Plans": [{"Node Type": "Seq Scan", "Parent Relationship": "Outer", "Relation Name": "part", "Alias": "part", "Startup Cost": 0.0, "Total Cost": 61944.0, "Plan Rows": 2000000, "Plan Width": 29, "Actual Startup Time": 0.034, "Actual Total Time": 698.306, "Actual Rows": 2000000, "Actual Loops": 1}]}]}]}, "Triggers": [], "Planner Runtime": 0, "Total Runtime": 3964.056, "Unique SQL Id": 379939634}}, "(64, 71)": {"explain_plan": {"Plan": {"Node Type": "Aggregate", "Strategy": "Plain", "Startup Cost": 4357819.44, "Total Cost": 4357819.45, "Plan Rows": 1, "Plan Width": 53, "Plans": [{"Node Type": "Nested Loop", "Parent Relationship": "Outer", "Join Type": "Inner", "Startup Cost": 24943.55, "Total Cost": 4345221.13, "Plan Rows": 719903, "Plan Width": 37, "Inner Unique": true, "Plans": [{"Node Type": "Bitmap Heap Scan", "Parent Relationship": "Outer", "Relation Name": "lineitem", "Alias": "lineitem", "Startup Cost": 24943.26, "Total Cost": 1235000.32, "Plan Rows": 719903, "Plan Width": 24, "Recheck Cond": "((l_shipdate >= '1996-12-01 00:00:00'::timestamp(0) without time zone) AND (l_shipdate < '1997-01-01 00:00:00'::timestamp without time zone)), (LLVM Optimized)", "Plans": [{"Node Type": "Bitmap Index Scan", "Parent Relationship": "Outer", "Index Name": "idx_lineitem_shipdate", "Startup Cost": 0.0, "Total Cost": 24763.28, "Plan Rows": 719903, "Plan Width": 0, "Index Cond": "((l_shipdate >= '1996-12-01 00:00:00'::timestamp(0) without time zone) AND (l_shipdate < '1997-01-01 00:00:00'::timestamp without time zone))"}]}, {"Node Type": "Bitmap Heap Scan", "Parent Relationship": "Inner", "Relation Name": "part", "Alias": "part", "Startup Cost": 0.3, "Total Cost": 4.31, "Plan Rows": 1, "Plan Width": 29, "Recheck Cond": "(p_partkey = lineitem.l_partkey)", "Plans": [{"Node Type": "Bitmap Index Scan", "Parent Relationship": "Outer", "Index Name": "part_kpey", "Startup Cost": 0.0, "Total Cost": 0.3, "Plan Rows": 1, "Plan Width": 0, "Index Cond": "(p_partkey = lineitem.l_partkey)"}]}]}]}, "Unique SQL Id": 379939634, "Planner Runtime": 0}, "explain_analyze_plan": {"Plan": {"Node Type": "Aggregate", "Strategy": "Plain", "Startup Cost": 4357819.44, "Total Cost": 4357819.45, "Plan Rows": 1, "Plan Width": 53, "Actual Startup Time": 8374.121, "Actual Total Time": 8374.121, "Actual Rows": 1, "Actual Loops": 1, "Plans": [{"Node Type": "Nested Loop", "Parent Relationship": "Outer", "Join Type": "Inner", "Startup Cost": 24943.55, "Total Cost": 4345221.13, "Plan Rows": 719903, "Plan Width": 37, "Actual Startup Time": 511.97, "Actual Total Time": 7861.902, "Actual Rows": 772803, "Actual Loops": 1, "Inner Unique": true, "Plans": [{"Node Type": "Bitmap Heap Scan", "Parent Relationship": "Outer", "Relation Name": "lineitem", "Alias": "lineitem", "Startup Cost": 24943.26, "Total Cost": 1235000.32, "Plan Rows": 719903, "Plan Width": 24, "Actual Startup Time": 511.814, "Actual Total Time": 1803.715, "Actual Rows": 772803, "Actual Loops": 1, "Recheck Cond": "((l_shipdate >= '1996-12-01 00:00:00'::timestamp(0) without time zone) AND (l_shipdate < '1997-01-01 00:00:00'::timestamp without time zone)), (LLVM Optimized, Jit Execute)", "Rows Removed by Index Recheck": 0, "Exact Heap Blocks": 437909, "Lossy Heap Blocks": 437909, "Plans": [{"Node Type": "Bitmap Index Scan", "Parent Relationship": "Outer", "Index Name": "idx_lineitem_shipdate", "Startup Cost": 0.0, "Total Cost": 24763.28, "Plan Rows": 719903, "Plan Width": 0, "Actual Startup Time": 303.892, "Actual Total Time": 303.892, "Actual Rows": 772803, "Actual Loops": 1, "Index Cond": "((l_shipdate >= '1996-12-01 00:00:00'::timestamp(0) without time zone) AND (l_shipdate < '1997-01-01 00:00:00'::timestamp without time zone))"}]}, {"Node Type": "Bitmap Heap Scan", "Parent Relationship": "Inner", "Relation Name": "part", "Alias": "part", "Startup Cost": 0.3, "Total Cost": 4.31, "Plan Rows": 1, "Plan Width": 29, "Actual Startup Time": 4978.943, "Actual Total Time": 4978.943, "Actual Rows": 772803, "Actual Loops": 772803, "Recheck Cond": "(p_partkey = lineitem.l_partkey)", "Rows Removed by Index Recheck": 0, "Exact Heap Blocks": 772803, "Lossy Heap Blocks": 772803, "Plans": [{"Node Type": "Bitmap Index Scan", "Parent Relationship": "Outer", "Index Name": "part_kpey", "Startup Cost": 0.0, "Total Cost": 0.3, "Plan Rows": 1, "Plan Width": 0, "Actual Startup Time": 3069.068, "Actual Total Time": 3069.068, "Actual Rows": 772803, "Actual Loops": 772803, "Index Cond": "(p_partkey = lineitem.l_partkey)"}]}]}]}, "Triggers": [], "Planner Runtime": 0, "Total Runtime": 8385.255, "Unique SQL Id": 379939634}}, "(64, 72)": {"explain_plan": {"Plan": {"Node Type": "Aggregate", "Strategy": "Plain", "Startup Cost": 2437127.27, "Total Cost": 2437127.29, "Plan Rows": 1, "Plan Width": 53, "Plans": [{"Node Type": "Hash Join", "Parent Relationship": "Outer", "Join Type": "Inner", "Startup Cost": 86944.0, "Total Cost": 2424528.97, "Plan Rows": 719903, "Plan Width": 37, "Inner Unique": true, "Hash Cond": "(lineitem.l_partkey = part.p_partkey), (LLVM Optimized)", "Plans": [{"Node Type": "Index Scan", "Parent Relationship": "Outer", "Scan Direction": "Forward", "Index Name": "idx_lineitem_shipdate", "Relation Name": "lineitem", "Alias": "lineitem", "Startup Cost": 0.0, "Total Cost": 2327686.3, "Plan Rows": 719903, "Plan Width": 24, "Index Cond": "((l_shipdate >= '1996-12-01 00:00:00'::timestamp(0) without time zone) AND (l_shipdate < '1997-01-01 00:00:00'::timestamp without time zone)), (LLVM Optimized)"}, {"Node Type": "Hash", "Parent Relationship": "Inner", "Startup Cost": 61944.0, "Total Cost": 61944.0, "Plan Rows": 2000000, "Plan Width": 29, "Plans": [{"Node Type": "Seq Scan", "Parent Relationship": "Outer", "Relation Name": "part", "Alias": "part", "Startup Cost": 0.0, "Total Cost": 61944.0, "Plan Rows": 2000000, "Plan Width": 29}]}]}]}, "Unique SQL Id": 379939634, "Planner Runtime": 0}, "explain_analyze_plan": {"Plan": {"Node Type": "Aggregate", "Strategy": "Plain", "Startup Cost": 2437127.27, "Total Cost": 2437127.29, "Plan Rows": 1, "Plan Width": 53, "Actual Startup Time": 4422.603, "Actual Total Time": 4422.605, "Actual Rows": 1, "Actual Loops": 1, "Plans": [{"Node Type": "Hash Join", "Parent Relationship": "Outer", "Join Type": "Inner", "Startup Cost": 86944.0, "Total Cost": 2424528.97, "Plan Rows": 719903, "Plan Width": 37, "Actual Startup Time": 1384.877, "Actual Total Time": 4035.454, "Actual Rows": 772803, "Actual Loops": 1, "Inner Unique": true, "Hash Cond": "(lineitem.l_partkey = part.p_partkey), (LLVM Optimized, Jit Execute)", "Plans": [{"Node Type": "Index Scan", "Parent Relationship": "Outer", "Scan Direction": "Forward", "Index Name": "idx_lineitem_shipdate", "Relation Name": "lineitem", "Alias": "lineitem", "Startup Cost": 0.0, "Total Cost": 2327686.3, "Plan Rows": 719903, "Plan Width": 24, "Actual Startup Time": 0.031, "Actual Total Time": 1958.157, "Actual Rows": 772803, "Actual Loops": 1, "Index Cond": "((l_shipdate >= '1996-12-01 00:00:00'::timestamp(0) without time zone) AND (l_shipdate < '1997-01-01 00:00:00'::timestamp without time zone)), (LLVM Optimized, Jit Execute)", "Rows Removed by Index Recheck": 0}, {"Node Type": "Hash", "Parent Relationship": "Inner", "Startup Cost": 61944.0, "Total Cost": 61944.0, "Plan Rows": 2000000, "Plan Width": 29, "Actual Startup Time": 1383.553, "Actual Total Time": 1383.553, "Actual Rows": 2000000, "Actual Loops": 1, "Hash Buckets": 2097152, "Hash Batches": 1, "Original Hash Batches": 1, "Peak Memory Usage": 126040, "Plans": [{"Node Type": "Seq Scan", "Parent Relationship": "Outer", "Relation Name": "part", "Alias": "part", "Startup Cost": 0.0, "Total Cost": 61944.0, "Plan Rows": 2000000, "Plan Width": 29, "Actual Startup Time": 0.021, "Actual Total Time": 700.788, "Actual Rows": 2000000, "Actual Loops": 1}]}]}]}, "Triggers": [], "Planner Runtime": 0, "Total Runtime": 4436.433, "Unique SQL Id": 379939634}}, "(64, 73)": {"explain_plan": {"Plan": {"Node Type": "Aggregate", "Strategy": "Plain", "Startup Cost": 2475986.52, "Total Cost": 2475986.54, "Plan Rows": 1, "Plan Width": 53, "Plans": [{"Node Type": "Hash Join", "Parent Relationship": "Outer", "Join Type": "Inner", "Startup Cost": 125803.25, "Total Cost": 2463388.22, "Plan Rows": 719903, "Plan Width": 37, "Inner Unique": true, "Hash Cond": "(lineitem.l_partkey = part.p_partkey), (LLVM Optimized)", "Plans": [{"Node Type": "Index Scan", "Parent Relationship": "Outer", "Scan Direction": "Forward", "Index Name": "idx_lineitem_shipdate", "Relation Name": "lineitem", "Alias": "lineitem", "Startup Cost": 0.0, "Total Cost": 2327686.3, "Plan Rows": 719903, "Plan Width": 24, "Index Cond": "((l_shipdate >= '1996-12-01 00:00:00'::timestamp(0) without time zone) AND (l_shipdate < '1997-01-01 00:00:00'::timestamp without time zone)), (LLVM Optimized)"}, {"Node Type": "Hash", "Parent Relationship": "Inner", "Startup Cost": 100803.25, "Total Cost": 100803.25, "Plan Rows": 2000000, "Plan Width": 29, "Plans": [{"Node Type": "Index Scan", "Parent Relationship": "Outer", "Scan Direction": "Forward", "Index Name": "part_kpey", "Relation Name": "part", "Alias": "part", "Startup Cost": 0.0, "Total Cost": 100803.25, "Plan Rows": 2000000, "Plan Width": 29}]}]}]}, "Unique SQL Id": 379939634, "Planner Runtime": 0}, "explain_analyze_plan": {"Plan": {"Node Type": "Aggregate", "Strategy": "Plain", "Startup Cost": 2475986.52, "Total Cost": 2475986.54, "Plan Rows": 1, "Plan Width": 53, "Actual Startup Time": 4855.73, "Actual Total Time": 4855.73, "Actual Rows": 1, "Actual Loops": 1, "Plans": [{"Node Type": "Hash Join", "Parent Relationship": "Outer", "Join Type": "Inner", "Startup Cost": 125803.25, "Total Cost": 2463388.22, "Plan Rows": 719903, "Plan Width": 37, "Actual Startup Time": 2037.195, "Actual Total Time": 4465.551, "Actual Rows": 772803, "Actual Loops": 1, "Inner Unique": true, "Hash Cond": "(lineitem.l_partkey = part.p_partkey), (LLVM Optimized, Jit Execute)", "Plans": [{"Node Type": "Index Scan", "Parent Relationship": "Outer", "Scan Direction": "Forward", "Index Name": "idx_lineitem_shipdate", "Relation Name": "lineitem", "Alias": "lineitem", "Startup Cost": 0.0, "Total Cost": 2327686.3, "Plan Rows": 719903, "Plan Width": 24, "Actual Startup Time": 0.035, "Actual Total Time": 1837.144, "Actual Rows": 772803, "Actual Loops": 1, "Index Cond": "((l_shipdate >= '1996-12-01 00:00:00'::timestamp(0) without time zone) AND (l_shipdate < '1997-01-01 00:00:00'::timestamp without time zone)), (LLVM Optimized, Jit Execute)", "Rows Removed by Index Recheck": 0}, {"Node Type": "Hash", "Parent Relationship": "Inner", "Startup Cost": 100803.25, "Total Cost": 100803.25, "Plan Rows": 2000000, "Plan Width": 29, "Actual Startup Time": 2035.84, "Actual Total Time": 2035.84, "Actual Rows": 2000000, "Actual Loops": 1, "Hash Buckets": 2097152, "Hash Batches": 1, "Original Hash Batches": 1, "Peak Memory Usage": 126040, "Plans": [{"Node Type": "Index Scan", "Parent Relationship": "Outer", "Scan Direction": "Forward", "Index Name": "part_kpey", "Relation Name": "part", "Alias": "part", "Startup Cost": 0.0, "Total Cost": 100803.25, "Plan Rows": 2000000, "Plan Width": 29, "Actual Startup Time": 0.026, "Actual Total Time": 1275.246, "Actual Rows": 2000000, "Actual Loops": 1}]}]}]}, "Triggers": [], "Planner Runtime": 0, "Total Runtime": 4869.748, "Unique SQL Id": 379939634}}, "(64, 74)": {"explain_plan": {"Plan": {"Node Type": "Aggregate", "Strategy": "Plain", "Startup Cost": 2424491.46, "Total Cost": 2424491.48, "Plan Rows": 1, "Plan Width": 53, "Plans": [{"Node Type": "Hash Join", "Parent Relationship": "Outer", "Join Type": "Inner", "Startup Cost": 86988.58, "Total Cost": 2411893.16, "Plan Rows": 719903, "Plan Width": 37, "Inner Unique": true, "Hash Cond": "(lineitem.l_partkey = part.p_partkey), (LLVM Optimized)", "Plans": [{"Node Type": "Seq Scan", "Parent Relationship": "Outer", "Relation Name": "lineitem", "Alias": "lineitem", "Startup Cost": 44.58, "Total Cost": 2315050.5, "Plan Rows": 719903, "Plan Width": 24, "Filter": "((l_shipdate >= '1996-12-01 00:00:00'::timestamp(0) without time zone) AND (l_shipdate < '1997-01-01 00:00:00'::timestamp without time zone)), (LLVM Optimized)"}, {"Node Type": "Hash", "Parent Relationship": "Inner", "Startup Cost": 61944.0, "Total Cost": 61944.0, "Plan Rows": 2000000, "Plan Width": 29, "Plans": [{"Node Type": "Seq Scan", "Parent Relationship": "Outer", "Relation Name": "part", "Alias": "part", "Startup Cost": 0.0, "Total Cost": 61944.0, "Plan Rows": 2000000, "Plan Width": 29}]}]}]}, "Unique SQL Id": 379939634, "Planner Runtime": 0}, "explain_analyze_plan": null}, "(64, 75)": {"explain_plan": {"Plan": {"Node Type": "Aggregate", "Strategy": "Plain", "Startup Cost": 2000799156591.82, "Total Cost": 2000799156591.84, "Plan Rows": 1, "Plan Width": 53, "Plans": [{"Node Type": "Merge Join", "Parent Relationship": "Outer", "Join Type": "Inner", "Startup Cost": 20044550453.84, "Total Cost": 2000799143993.52, "Plan Rows": 719903, "Plan Width": 37, "Inner Unique": true, "Merge Cond": "(lineitem.l_partkey = part.p_partkey)", "Plans": [{"Node Type": "Index Scan", "Parent Relationship": "Outer", "Scan Direction": "Forward", "Index Name": "idx_lineitem_part_supp", "Relation Name": "lineitem", "Alias": "lineitem", "Startup Cost": 10000000000.0, "Total Cost": 1000805384836.14, "Plan Rows": 719903, "Plan Width": 24, "Filter": "((l_shipdate >= '1996-12-01 00:00:00'::timestamp(0) without time zone) AND (l_shipdate < '1997-01-01 00:00:00'::timestamp without time zone)), (LLVM Optimized)"}, {"Node Type": "Index Scan", "Parent Relationship": "Inner", "Scan Direction": "Forward", "Index Name": "part_kpey", "Relation Name": "part", "Alias": "part", "Startup Cost": 10000000000.0, "Total Cost": 1000010080325.0, "Plan Rows": 2000000, "Plan Width": 29}]}]}, "Unique SQL Id": 379939634, "Planner Runtime": 0}, "explain_analyze_plan": null}, "(64, 76)": {"explain_plan": {"Plan": {"Node Type": "Aggregate", "Strategy": "Plain", "Startup Cost": 2437127.27, "Total Cost": 2437127.29, "Plan Rows": 1, "Plan Width": 53, "Plans": [{"Node Type": "Hash Join", "Parent Relationship": "Outer", "Join Type": "Inner", "Startup Cost": 86944.0, "Total Cost": 2424528.97, "Plan Rows": 719903, "Plan Width": 37, "Inner Unique": true, "Hash Cond": "(lineitem.l_partkey = part.p_partkey), (LLVM Optimized)", "Plans": [{"Node Type": "Index Scan", "Parent Relationship": "Outer", "Scan Direction": "Forward", "Index Name": "idx_lineitem_shipdate", "Relation Name": "lineitem", "Alias": "lineitem", "Startup Cost": 0.0, "Total Cost": 2327686.3, "Plan Rows": 719903, "Plan Width": 24, "Index Cond": "((l_shipdate >= '1996-12-01 00:00:00'::timestamp(0) without time zone) AND (l_shipdate < '1997-01-01 00:00:00'::timestamp without time zone)), (LLVM Optimized)"}, {"Node Type": "Hash", "Parent Relationship": "Inner", "Startup Cost": 61944.0, "Total Cost": 61944.0, "Plan Rows": 2000000, "Plan Width": 29, "Plans": [{"Node Type": "Seq Scan", "Parent Relationship": "Outer", "Relation Name": "part", "Alias": "part", "Startup Cost": 0.0, "Total Cost": 61944.0, "Plan Rows": 2000000, "Plan Width": 29}]}]}]}, "Unique SQL Id": 379939634, "Planner Runtime": 0}, "explain_analyze_plan": {"Plan": {"Node Type": "Aggregate", "Strategy": "Plain", "Startup Cost": 2437127.27, "Total Cost": 2437127.29, "Plan Rows": 1, "Plan Width": 53, "Actual Startup Time": 4422.603, "Actual Total Time": 4422.605, "Actual Rows": 1, "Actual Loops": 1, "Plans": [{"Node Type": "Hash Join", "Parent Relationship": "Outer", "Join Type": "Inner", "Startup Cost": 86944.0, "Total Cost": 2424528.97, "Plan Rows": 719903, "Plan Width": 37, "Actual Startup Time": 1384.877, "Actual Total Time": 4035.454, "Actual Rows": 772803, "Actual Loops": 1, "Inner Unique": true, "Hash Cond": "(lineitem.l_partkey = part.p_partkey), (LLVM Optimized, Jit Execute)", "Plans": [{"Node Type": "Index Scan", "Parent Relationship": "Outer", "Scan Direction": "Forward", "Index Name": "idx_lineitem_shipdate", "Relation Name": "lineitem", "Alias": "lineitem", "Startup Cost": 0.0, "Total Cost": 2327686.3, "Plan Rows": 719903, "Plan Width": 24, "Actual Startup Time": 0.031, "Actual Total Time": 1958.157, "Actual Rows": 772803, "Actual Loops": 1, "Index Cond": "((l_shipdate >= '1996-12-01 00:00:00'::timestamp(0) without time zone) AND (l_shipdate < '1997-01-01 00:00:00'::timestamp without time zone)), (LLVM Optimized, Jit Execute)", "Rows Removed by Index Recheck": 0}, {"Node Type": "Hash", "Parent Relationship": "Inner", "Startup Cost": 61944.0, "Total Cost": 61944.0, "Plan Rows": 2000000, "Plan Width": 29, "Actual Startup Time": 1383.553, "Actual Total Time": 1383.553, "Actual Rows": 2000000, "Actual Loops": 1, "Hash Buckets": 2097152, "Hash Batches": 1, "Original Hash Batches": 1, "Peak Memory Usage": 126040, "Plans": [{"Node Type": "Seq Scan", "Parent Relationship": "Outer", "Relation Name": "part", "Alias": "part", "Startup Cost": 0.0, "Total Cost": 61944.0, "Plan Rows": 2000000, "Plan Width": 29, "Actual Startup Time": 0.021, "Actual Total Time": 700.788, "Actual Rows": 2000000, "Actual Loops": 1}]}]}]}, "Triggers": [], "Planner Runtime": 0, "Total Runtime": 4436.433, "Unique SQL Id": 379939634}}, "(64, 77)": {"explain_plan": {"Plan": {"Node Type": "Aggregate", "Strategy": "Plain", "Startup Cost": 2475986.52, "Total Cost": 2475986.54, "Plan Rows": 1, "Plan Width": 53, "Plans": [{"Node Type": "Hash Join", "Parent Relationship": "Outer", "Join Type": "Inner", "Startup Cost": 125803.25, "Total Cost": 2463388.22, "Plan Rows": 719903, "Plan Width": 37, "Inner Unique": true, "Hash Cond": "(lineitem.l_partkey = part.p_partkey), (LLVM Optimized)", "Plans": [{"Node Type": "Index Scan", "Parent Relationship": "Outer", "Scan Direction": "Forward", "Index Name": "idx_lineitem_shipdate", "Relation Name": "lineitem", "Alias": "lineitem", "Startup Cost": 0.0, "Total Cost": 2327686.3, "Plan Rows": 719903, "Plan Width": 24, "Index Cond": "((l_shipdate >= '1996-12-01 00:00:00'::timestamp(0) without time zone) AND (l_shipdate < '1997-01-01 00:00:00'::timestamp without time zone)), (LLVM Optimized)"}, {"Node Type": "Hash", "Parent Relationship": "Inner", "Startup Cost": 100803.25, "Total Cost": 100803.25, "Plan Rows": 2000000, "Plan Width": 29, "Plans": [{"Node Type": "Index Scan", "Parent Relationship": "Outer", "Scan Direction": "Forward", "Index Name": "part_kpey", "Relation Name": "part", "Alias": "part", "Startup Cost": 0.0, "Total Cost": 100803.25, "Plan Rows": 2000000, "Plan Width": 29}]}]}]}, "Unique SQL Id": 379939634, "Planner Runtime": 0}, "explain_analyze_plan": {"Plan": {"Node Type": "Aggregate", "Strategy": "Plain", "Startup Cost": 2475986.52, "Total Cost": 2475986.54, "Plan Rows": 1, "Plan Width": 53, "Actual Startup Time": 4855.73, "Actual Total Time": 4855.73, "Actual Rows": 1, "Actual Loops": 1, "Plans": [{"Node Type": "Hash Join", "Parent Relationship": "Outer", "Join Type": "Inner", "Startup Cost": 125803.25, "Total Cost": 2463388.22, "Plan Rows": 719903, "Plan Width": 37, "Actual Startup Time": 2037.195, "Actual Total Time": 4465.551, "Actual Rows": 772803, "Actual Loops": 1, "Inner Unique": true, "Hash Cond": "(lineitem.l_partkey = part.p_partkey), (LLVM Optimized, Jit Execute)", "Plans": [{"Node Type": "Index Scan", "Parent Relationship": "Outer", "Scan Direction": "Forward", "Index Name": "idx_lineitem_shipdate", "Relation Name": "lineitem", "Alias": "lineitem", "Startup Cost": 0.0, "Total Cost": 2327686.3, "Plan Rows": 719903, "Plan Width": 24, "Actual Startup Time": 0.035, "Actual Total Time": 1837.144, "Actual Rows": 772803, "Actual Loops": 1, "Index Cond": "((l_shipdate >= '1996-12-01 00:00:00'::timestamp(0) without time zone) AND (l_shipdate < '1997-01-01 00:00:00'::timestamp without time zone)), (LLVM Optimized, Jit Execute)", "Rows Removed by Index Recheck": 0}, {"Node Type": "Hash", "Parent Relationship": "Inner", "Startup Cost": 100803.25, "Total Cost": 100803.25, "Plan Rows": 2000000, "Plan Width": 29, "Actual Startup Time": 2035.84, "Actual Total Time": 2035.84, "Actual Rows": 2000000, "Actual Loops": 1, "Hash Buckets": 2097152, "Hash Batches": 1, "Original Hash Batches": 1, "Peak Memory Usage": 126040, "Plans": [{"Node Type": "Index Scan", "Parent Relationship": "Outer", "Scan Direction": "Forward", "Index Name": "part_kpey", "Relation Name": "part", "Alias": "part", "Startup Cost": 0.0, "Total Cost": 100803.25, "Plan Rows": 2000000, "Plan Width": 29, "Actual Startup Time": 0.026, "Actual Total Time": 1275.246, "Actual Rows": 2000000, "Actual Loops": 1}]}]}]}, "Triggers": [], "Planner Runtime": 0, "Total Runtime": 4869.748, "Unique SQL Id": 379939634}}, "(64, 78)": {"explain_plan": {"Plan": {"Node Type": "Aggregate", "Strategy": "Plain", "Startup Cost": 2424491.46, "Total Cost": 2424491.48, "Plan Rows": 1, "Plan Width": 53, "Plans": [{"Node Type": "Hash Join", "Parent Relationship": "Outer", "Join Type": "Inner", "Startup Cost": 86988.58, "Total Cost": 2411893.16, "Plan Rows": 719903, "Plan Width": 37, "Inner Unique": true, "Hash Cond": "(lineitem.l_partkey = part.p_partkey), (LLVM Optimized)", "Plans": [{"Node Type": "Seq Scan", "Parent Relationship": "Outer", "Relation Name": "lineitem", "Alias": "lineitem", "Startup Cost": 44.58, "Total Cost": 2315050.5, "Plan Rows": 719903, "Plan Width": 24, "Filter": "((l_shipdate >= '1996-12-01 00:00:00'::timestamp(0) without time zone) AND (l_shipdate < '1997-01-01 00:00:00'::timestamp without time zone)), (LLVM Optimized)"}, {"Node Type": "Hash", "Parent Relationship": "Inner", "Startup Cost": 61944.0, "Total Cost": 61944.0, "Plan Rows": 2000000, "Plan Width": 29, "Plans": [{"Node Type": "Seq Scan", "Parent Relationship": "Outer", "Relation Name": "part", "Alias": "part", "Startup Cost": 0.0, "Total Cost": 61944.0, "Plan Rows": 2000000, "Plan Width": 29}]}]}]}, "Unique SQL Id": 379939634, "Planner Runtime": 0}, "explain_analyze_plan": null}, "(64, 79)": {"explain_plan": {"Plan": {"Node Type": "Aggregate", "Strategy": "Plain", "Startup Cost": 2000799156591.82, "Total Cost": 2000799156591.84, "Plan Rows": 1, "Plan Width": 53, "Plans": [{"Node Type": "Merge Join", "Parent Relationship": "Outer", "Join Type": "Inner", "Startup Cost": 20044550453.84, "Total Cost": 2000799143993.52, "Plan Rows": 719903, "Plan Width": 37, "Inner Unique": true, "Merge Cond": "(lineitem.l_partkey = part.p_partkey)", "Plans": [{"Node Type": "Index Scan", "Parent Relationship": "Outer", "Scan Direction": "Forward", "Index Name": "idx_lineitem_part_supp", "Relation Name": "lineitem", "Alias": "lineitem", "Startup Cost": 10000000000.0, "Total Cost": 1000805384836.14, "Plan Rows": 719903, "Plan Width": 24, "Filter": "((l_shipdate >= '1996-12-01 00:00:00'::timestamp(0) without time zone) AND (l_shipdate < '1997-01-01 00:00:00'::timestamp without time zone)), (LLVM Optimized)"}, {"Node Type": "Index Scan", "Parent Relationship": "Inner", "Scan Direction": "Forward", "Index Name": "part_kpey", "Relation Name": "part", "Alias": "part", "Startup Cost": 10000000000.0, "Total Cost": 1000010080325.0, "Plan Rows": 2000000, "Plan Width": 29}]}]}, "Unique SQL Id": 379939634, "Planner Runtime": 0}, "explain_analyze_plan": null}, "(64, 80)": {"explain_plan": {"Plan": {"Node Type": "Aggregate", "Strategy": "Plain", "Startup Cost": 1434236.03, "Total Cost": 1434236.04, "Plan Rows": 1, "Plan Width": 53, "Plans": [{"Node Type": "Merge Join", "Parent Relationship": "Outer", "Join Type": "Inner", "Startup Cost": 1305042.44, "Total Cost": 1421637.72, "Plan Rows": 719903, "Plan Width": 37, "Inner Unique": false, "Merge Cond": "(part.p_partkey = lineitem.l_partkey)", "Plans": [{"Node Type": "Index Scan", "Parent Relationship": "Outer", "Scan Direction": "Forward", "Index Name": "part_kpey", "Relation Name": "part", "Alias": "part", "Startup Cost": 0.0, "Total Cost": 100803.25, "Plan Rows": 2000000, "Plan Width": 29}, {"Node Type": "Sort", "Parent Relationship": "Inner", "Startup Cost": 1305037.68, "Total Cost": 1306837.43, "Plan Rows": 719903, "Plan Width": 24, "Sort Key": ["lineitem.l_partkey"], "Plans": [{"Node Type": "Bitmap Heap Scan", "Parent Relationship": "Outer", "Relation Name": "lineitem", "Alias": "lineitem", "Startup Cost": 24943.26, "Total Cost": 1235000.32, "Plan Rows": 719903, "Plan Width": 24, "Recheck Cond": "((l_shipdate >= '1996-12-01 00:00:00'::timestamp(0) without time zone) AND (l_shipdate < '1997-01-01 00:00:00'::timestamp without time zone)), (LLVM Optimized)", "Plans": [{"Node Type": "Bitmap Index Scan", "Parent Relationship": "Outer", "Index Name": "idx_lineitem_shipdate", "Startup Cost": 0.0, "Total Cost": 24763.28, "Plan Rows": 719903, "Plan Width": 0, "Index Cond": "((l_shipdate >= '1996-12-01 00:00:00'::timestamp(0) without time zone) AND (l_shipdate < '1997-01-01 00:00:00'::timestamp without time zone))"}]}]}]}]}, "Unique SQL Id": 379939634, "Planner Runtime": 1}, "explain_analyze_plan": {"Plan": {"Node Type": "Aggregate", "Strategy": "Plain", "Startup Cost": 1434236.03, "Total Cost": 1434236.04, "Plan Rows": 1, "Plan Width": 53, "Actual Startup Time": 4581.389, "Actual Total Time": 4581.39, "Actual Rows": 1, "Actual Loops": 1, "Plans": [{"Node Type": "Merge Join", "Parent Relationship": "Outer", "Join Type": "Inner", "Startup Cost": 1305042.44, "Total Cost": 1421637.72, "Plan Rows": 719903, "Plan Width": 37, "Actual Startup Time": 2105.082, "Actual Total Time": 4198.577, "Actual Rows": 772803, "Actual Loops": 1, "Inner Unique": false, "Merge Cond": "(part.p_partkey = lineitem.l_partkey)", "Plans": [{"Node Type": "Index Scan", "Parent Relationship": "Outer", "Scan Direction": "Forward", "Index Name": "part_kpey", "Relation Name": "part", "Alias": "part", "Startup Cost": 0.0, "Total Cost": 100803.25, "Plan Rows": 2000000, "Plan Width": 29, "Actual Startup Time": 0.029, "Actual Total Time": 1259.061, "Actual Rows": 2000000, "Actual Loops": 1}, {"Node Type": "Sort", "Parent Relationship": "Inner", "Startup Cost": 1305037.68, "Total Cost": 1306837.43, "Plan Rows": 719903, "Plan Width": 24, "Actual Startup Time": 2105.022, "Actual Total Time": 2306.226, "Actual Rows": 772803, "Actual Loops": 1, "Sort Key": ["lineitem.l_partkey"], "Sort Method": "quicksort", "Sort Space Used": 97027, "Sort Space Type": "Memory", "Plans": [{"Node Type": "Bitmap Heap Scan", "Parent Relationship": "Outer", "Relation Name": "lineitem", "Alias": "lineitem", "Startup Cost": 24943.26, "Total Cost": 1235000.32, "Plan Rows": 719903, "Plan Width": 24, "Actual Startup Time": 466.791, "Actual Total Time": 1767.868, "Actual Rows": 772803, "Actual Loops": 1, "Recheck Cond": "((l_shipdate >= '1996-12-01 00:00:00'::timestamp(0) without time zone) AND (l_shipdate < '1997-01-01 00:00:00'::timestamp without time zone)), (LLVM Optimized, Jit Execute)", "Rows Removed by Index Recheck": 0, "Exact Heap Blocks": 437909, "Lossy Heap Blocks": 437909, "Plans": [{"Node Type": "Bitmap Index Scan", "Parent Relationship": "Outer", "Index Name": "idx_lineitem_shipdate", "Startup Cost": 0.0, "Total Cost": 24763.28, "Plan Rows": 719903, "Plan Width": 0, "Actual Startup Time": 302.252, "Actual Total Time": 302.252, "Actual Rows": 772803, "Actual Loops": 1, "Index Cond": "((l_shipdate >= '1996-12-01 00:00:00'::timestamp(0) without time zone) AND (l_shipdate < '1997-01-01 00:00:00'::timestamp without time zone))"}]}]}]}]}, "Triggers": [], "Planner Runtime": 0, "Total Runtime": 4592.352, "Unique SQL Id": 379939634}}, "(64, 81)": {"explain_plan": {"Plan": {"Node Type": "Aggregate", "Strategy": "Plain", "Startup Cost": 1434236.03, "Total Cost": 1434236.04, "Plan Rows": 1, "Plan Width": 53, "Plans": [{"Node Type": "Merge Join", "Parent Relationship": "Outer", "Join Type": "Inner", "Startup Cost": 1305042.44, "Total Cost": 1421637.72, "Plan Rows": 719903, "Plan Width": 37, "Inner Unique": true, "Merge Cond": "(lineitem.l_partkey = part.p_partkey)", "Plans": [{"Node Type": "Sort", "Parent Relationship": "Outer", "Startup Cost": 1305037.68, "Total Cost": 1306837.43, "Plan Rows": 719903, "Plan Width": 24, "Sort Key": ["lineitem.l_partkey"], "Plans": [{"Node Type": "Bitmap Heap Scan", "Parent Relationship": "Outer", "Relation Name": "lineitem", "Alias": "lineitem", "Startup Cost": 24943.26, "Total Cost": 1235000.32, "Plan Rows": 719903, "Plan Width": 24, "Recheck Cond": "((l_shipdate >= '1996-12-01 00:00:00'::timestamp(0) without time zone) AND (l_shipdate < '1997-01-01 00:00:00'::timestamp without time zone)), (LLVM Optimized)", "Plans": [{"Node Type": "Bitmap Index Scan", "Parent Relationship": "Outer", "Index Name": "idx_lineitem_shipdate", "Startup Cost": 0.0, "Total Cost": 24763.28, "Plan Rows": 719903, "Plan Width": 0, "Index Cond": "((l_shipdate >= '1996-12-01 00:00:00'::timestamp(0) without time zone) AND (l_shipdate < '1997-01-01 00:00:00'::timestamp without time zone))"}]}]}, {"Node Type": "Index Scan", "Parent Relationship": "Inner", "Scan Direction": "Forward", "Index Name": "part_kpey", "Relation Name": "part", "Alias": "part", "Startup Cost": 0.0, "Total Cost": 100803.25, "Plan Rows": 2000000, "Plan Width": 29}]}]}, "Unique SQL Id": 379939634, "Planner Runtime": 0}, "explain_analyze_plan": {"Plan": {"Node Type": "Aggregate", "Strategy": "Plain", "Startup Cost": 1434236.03, "Total Cost": 1434236.04, "Plan Rows": 1, "Plan Width": 53, "Actual Startup Time": 4680.776, "Actual Total Time": 4680.777, "Actual Rows": 1, "Actual Loops": 1, "Plans": [{"Node Type": "Merge Join", "Parent Relationship": "Outer", "Join Type": "Inner", "Startup Cost": 1305042.44, "Total Cost": 1421637.72, "Plan Rows": 719903, "Plan Width": 37, "Actual Startup Time": 2097.468, "Actual Total Time": 4297.999, "Actual Rows": 772803, "Actual Loops": 1, "Inner Unique": true, "Merge Cond": "(lineitem.l_partkey = part.p_partkey)", "Plans": [{"Node Type": "Sort", "Parent Relationship": "Outer", "Startup Cost": 1305037.68, "Total Cost": 1306837.43, "Plan Rows": 719903, "Plan Width": 24, "Actual Startup Time": 2097.392, "Actual Total Time": 2301.672, "Actual Rows": 772803, "Actual Loops": 1, "Sort Key": ["lineitem.l_partkey"], "Sort Method": "quicksort", "Sort Space Used": 97027, "Sort Space Type": "Memory", "Plans": [{"Node Type": "Bitmap Heap Scan", "Parent Relationship": "Outer", "Relation Name": "lineitem", "Alias": "lineitem", "Startup Cost": 24943.26, "Total Cost": 1235000.32, "Plan Rows": 719903, "Plan Width": 24, "Actual Startup Time": 487.032, "Actual Total Time": 1765.98, "Actual Rows": 772803, "Actual Loops": 1, "Recheck Cond": "((l_shipdate >= '1996-12-01 00:00:00'::timestamp(0) without time zone) AND (l_shipdate < '1997-01-01 00:00:00'::timestamp without time zone)), (LLVM Optimized, Jit Execute)", "Rows Removed by Index Recheck": 0, "Exact Heap Blocks": 437909, "Lossy Heap Blocks": 437909, "Plans": [{"Node Type": "Bitmap Index Scan", "Parent Relationship": "Outer", "Index Name": "idx_lineitem_shipdate", "Startup Cost": 0.0, "Total Cost": 24763.28, "Plan Rows": 719903, "Plan Width": 0, "Actual Startup Time": 315.359, "Actual Total Time": 315.359, "Actual Rows": 772803, "Actual Loops": 1, "Index Cond": "((l_shipdate >= '1996-12-01 00:00:00'::timestamp(0) without time zone) AND (l_shipdate < '1997-01-01 00:00:00'::timestamp without time zone))"}]}]}, {"Node Type": "Index Scan", "Parent Relationship": "Inner", "Scan Direction": "Forward", "Index Name": "part_kpey", "Relation Name": "part", "Alias": "part", "Startup Cost": 0.0, "Total Cost": 100803.25, "Plan Rows": 2000000, "Plan Width": 29, "Actual Startup Time": 0.055, "Actual Total Time": 1279.316, "Actual Rows": 1999999, "Actual Loops": 1}]}]}, "Triggers": [], "Planner Runtime": 0, "Total Runtime": 4691.898, "Unique SQL Id": 379939634}}, "(64, 82)": {"explain_plan": {"Plan": {"Node Type": "Aggregate", "Strategy": "Plain", "Startup Cost": 1609694.04, "Total Cost": 1609694.06, "Plan Rows": 1, "Plan Width": 53, "Plans": [{"Node Type": "Merge Join", "Parent Relationship": "Outer", "Join Type": "Inner", "Startup Cost": 1576297.81, "Total Cost": 1597095.74, "Plan Rows": 719903, "Plan Width": 37, "Inner Unique": true, "Merge Cond": "(lineitem.l_partkey = part.p_partkey)", "Plans": [{"Node Type": "Sort", "Parent Relationship": "Outer", "Startup Cost": 1305037.68, "Total Cost": 1306837.43, "Plan Rows": 719903, "Plan Width": 24, "Sort Key": ["lineitem.l_partkey"], "Plans": [{"Node Type": "Bitmap Heap Scan", "Parent Relationship": "Outer", "Relation Name": "lineitem", "Alias": "lineitem", "Startup Cost": 24943.26, "Total Cost": 1235000.32, "Plan Rows": 719903, "Plan Width": 24, "Recheck Cond": "((l_shipdate >= '1996-12-01 00:00:00'::timestamp(0) without time zone) AND (l_shipdate < '1997-01-01 00:00:00'::timestamp without time zone)), (LLVM Optimized)", "Plans": [{"Node Type": "Bitmap Index Scan", "Parent Relationship": "Outer", "Index Name": "idx_lineitem_shipdate", "Startup Cost": 0.0, "Total Cost": 24763.28, "Plan Rows": 719903, "Plan Width": 0, "Index Cond": "((l_shipdate >= '1996-12-01 00:00:00'::timestamp(0) without time zone) AND (l_shipdate < '1997-01-01 00:00:00'::timestamp without time zone))"}]}]}, {"Node Type": "Sort", "Parent Relationship": "Inner", "Startup Cost": 271259.69, "Total Cost": 276259.69, "Plan Rows": 2000000, "Plan Width": 29, "Sort Key": ["part.p_partkey"], "Plans": [{"Node Type": "Seq Scan", "Parent Relationship": "Outer", "Relation Name": "part", "Alias": "part", "Startup Cost": 0.0, "Total Cost": 61944.0, "Plan Rows": 2000000, "Plan Width": 29}]}]}]}, "Unique SQL Id": 379939634, "Planner Runtime": 0}, "explain_analyze_plan": {"Plan": {"Node Type": "Aggregate", "Strategy": "Plain", "Startup Cost": 1609694.04, "Total Cost": 1609694.06, "Plan Rows": 1, "Plan Width": 53, "Actual Startup Time": 5029.907, "Actual Total Time": 5029.908, "Actual Rows": 1, "Actual Loops": 1, "Plans": [{"Node Type": "Merge Join", "Parent Relationship": "Outer", "Join Type": "Inner", "Startup Cost": 1576297.81, "Total Cost": 1597095.74, "Plan Rows": 719903, "Plan Width": 37, "Actual Startup Time": 3502.144, "Actual Total Time": 4677.584, "Actual Rows": 772803, "Actual Loops": 1, "Inner Unique": true, "Merge Cond": "(lineitem.l_partkey = part.p_partkey)", "Plans": [{"Node Type": "Sort", "Parent Relationship": "Outer", "Startup Cost": 1305037.68, "Total Cost": 1306837.43, "Plan Rows": 719903, "Plan Width": 24, "Actual Startup Time": 2131.294, "Actual Total Time": 2368.802, "Actual Rows": 772803, "Actual Loops": 1, "Sort Key": ["lineitem.l_partkey"], "Sort Method": "quicksort", "Sort Space Used": 97027, "Sort Space Type": "Memory", "Plans": [{"Node Type": "Bitmap Heap Scan", "Parent Relationship": "Outer", "Relation Name": "lineitem", "Alias": "lineitem", "Startup Cost": 24943.26, "Total Cost": 1235000.32, "Plan Rows": 719903, "Plan Width": 24, "Actual Startup Time": 472.125, "Actual Total Time": 1796.18, "Actual Rows": 772803, "Actual Loops": 1, "Recheck Cond": "((l_shipdate >= '1996-12-01 00:00:00'::timestamp(0) without time zone) AND (l_shipdate < '1997-01-01 00:00:00'::timestamp without time zone)), (LLVM Optimized, Jit Execute)", "Rows Removed by Index Recheck": 0, "Exact Heap Blocks": 437909, "Lossy Heap Blocks": 437909, "Plans": [{"Node Type": "Bitmap Index Scan", "Parent Relationship": "Outer", "Index Name": "idx_lineitem_shipdate", "Startup Cost": 0.0, "Total Cost": 24763.28, "Plan Rows": 719903, "Plan Width": 0, "Actual Startup Time": 307.342, "Actual Total Time": 307.342, "Actual Rows": 772803, "Actual Loops": 1, "Index Cond": "((l_shipdate >= '1996-12-01 00:00:00'::timestamp(0) without time zone) AND (l_shipdate < '1997-01-01 00:00:00'::timestamp without time zone))"}]}]}, {"Node Type": "Sort", "Parent Relationship": "Inner", "Startup Cost": 271259.69, "Total Cost": 276259.69, "Plan Rows": 2000000, "Plan Width": 29, "Actual Startup Time": 1370.831, "Actual Total Time": 1647.308, "Actual Rows": 1999999, "Actual Loops": 1, "Sort Key": ["part.p_partkey"], "Sort Method": "quicksort", "Sort Space Used": 236653, "Sort Space Type": "Memory", "Plans": [{"Node Type": "Seq Scan", "Parent Relationship": "Outer", "Relation Name": "part", "Alias": "part", "Startup Cost": 0.0, "Total Cost": 61944.0, "Plan Rows": 2000000, "Plan Width": 29, "Actual Startup Time": 0.069, "Actual Total Time": 690.637, "Actual Rows": 2000000, "Actual Loops": 1}]}]}]}, "Triggers": [], "Planner Runtime": 0, "Total Runtime": 5041.026, "Unique SQL Id": 379939634}}, "(64, 83)": {"explain_plan": {"Plan": {"Node Type": "Aggregate", "Strategy": "Plain", "Startup Cost": 4357819.44, "Total Cost": 4357819.45, "Plan Rows": 1, "Plan Width": 53, "Plans": [{"Node Type": "Nested Loop", "Parent Relationship": "Outer", "Join Type": "Inner", "Startup Cost": 24943.55, "Total Cost": 4345221.13, "Plan Rows": 719903, "Plan Width": 37, "Inner Unique": true, "Plans": [{"Node Type": "Bitmap Heap Scan", "Parent Relationship": "Outer", "Relation Name": "lineitem", "Alias": "lineitem", "Startup Cost": 24943.26, "Total Cost": 1235000.32, "Plan Rows": 719903, "Plan Width": 24, "Recheck Cond": "((l_shipdate >= '1996-12-01 00:00:00'::timestamp(0) without time zone) AND (l_shipdate < '1997-01-01 00:00:00'::timestamp without time zone)), (LLVM Optimized)", "Plans": [{"Node Type": "Bitmap Index Scan", "Parent Relationship": "Outer", "Index Name": "idx_lineitem_shipdate", "Startup Cost": 0.0, "Total Cost": 24763.28, "Plan Rows": 719903, "Plan Width": 0, "Index Cond": "((l_shipdate >= '1996-12-01 00:00:00'::timestamp(0) without time zone) AND (l_shipdate < '1997-01-01 00:00:00'::timestamp without time zone))"}]}, {"Node Type": "Bitmap Heap Scan", "Parent Relationship": "Inner", "Relation Name": "part", "Alias": "part", "Startup Cost": 0.3, "Total Cost": 4.31, "Plan Rows": 1, "Plan Width": 29, "Recheck Cond": "(p_partkey = lineitem.l_partkey)", "Plans": [{"Node Type": "Bitmap Index Scan", "Parent Relationship": "Outer", "Index Name": "part_kpey", "Startup Cost": 0.0, "Total Cost": 0.3, "Plan Rows": 1, "Plan Width": 0, "Index Cond": "(p_partkey = lineitem.l_partkey)"}]}]}]}, "Unique SQL Id": 379939634, "Planner Runtime": 0}, "explain_analyze_plan": {"Plan": {"Node Type": "Aggregate", "Strategy": "Plain", "Startup Cost": 4357819.44, "Total Cost": 4357819.45, "Plan Rows": 1, "Plan Width": 53, "Actual Startup Time": 8374.121, "Actual Total Time": 8374.121, "Actual Rows": 1, "Actual Loops": 1, "Plans": [{"Node Type": "Nested Loop", "Parent Relationship": "Outer", "Join Type": "Inner", "Startup Cost": 24943.55, "Total Cost": 4345221.13, "Plan Rows": 719903, "Plan Width": 37, "Actual Startup Time": 511.97, "Actual Total Time": 7861.902, "Actual Rows": 772803, "Actual Loops": 1, "Inner Unique": true, "Plans": [{"Node Type": "Bitmap Heap Scan", "Parent Relationship": "Outer", "Relation Name": "lineitem", "Alias": "lineitem", "Startup Cost": 24943.26, "Total Cost": 1235000.32, "Plan Rows": 719903, "Plan Width": 24, "Actual Startup Time": 511.814, "Actual Total Time": 1803.715, "Actual Rows": 772803, "Actual Loops": 1, "Recheck Cond": "((l_shipdate >= '1996-12-01 00:00:00'::timestamp(0) without time zone) AND (l_shipdate < '1997-01-01 00:00:00'::timestamp without time zone)), (LLVM Optimized, Jit Execute)", "Rows Removed by Index Recheck": 0, "Exact Heap Blocks": 437909, "Lossy Heap Blocks": 437909, "Plans": [{"Node Type": "Bitmap Index Scan", "Parent Relationship": "Outer", "Index Name": "idx_lineitem_shipdate", "Startup Cost": 0.0, "Total Cost": 24763.28, "Plan Rows": 719903, "Plan Width": 0, "Actual Startup Time": 303.892, "Actual Total Time": 303.892, "Actual Rows": 772803, "Actual Loops": 1, "Index Cond": "((l_shipdate >= '1996-12-01 00:00:00'::timestamp(0) without time zone) AND (l_shipdate < '1997-01-01 00:00:00'::timestamp without time zone))"}]}, {"Node Type": "Bitmap Heap Scan", "Parent Relationship": "Inner", "Relation Name": "part", "Alias": "part", "Startup Cost": 0.3, "Total Cost": 4.31, "Plan Rows": 1, "Plan Width": 29, "Actual Startup Time": 4978.943, "Actual Total Time": 4978.943, "Actual Rows": 772803, "Actual Loops": 772803, "Recheck Cond": "(p_partkey = lineitem.l_partkey)", "Rows Removed by Index Recheck": 0, "Exact Heap Blocks": 772803, "Lossy Heap Blocks": 772803, "Plans": [{"Node Type": "Bitmap Index Scan", "Parent Relationship": "Outer", "Index Name": "part_kpey", "Startup Cost": 0.0, "Total Cost": 0.3, "Plan Rows": 1, "Plan Width": 0, "Actual Startup Time": 3069.068, "Actual Total Time": 3069.068, "Actual Rows": 772803, "Actual Loops": 772803, "Index Cond": "(p_partkey = lineitem.l_partkey)"}]}]}]}, "Triggers": [], "Planner Runtime": 0, "Total Runtime": 8385.255, "Unique SQL Id": 379939634}}, "(64, 84)": {"explain_plan": {"Plan": {"Node Type": "Aggregate", "Strategy": "Plain", "Startup Cost": 1434236.03, "Total Cost": 1434236.04, "Plan Rows": 1, "Plan Width": 53, "Plans": [{"Node Type": "Merge Join", "Parent Relationship": "Outer", "Join Type": "Inner", "Startup Cost": 1305042.44, "Total Cost": 1421637.72, "Plan Rows": 719903, "Plan Width": 37, "Inner Unique": false, "Merge Cond": "(part.p_partkey = lineitem.l_partkey)", "Plans": [{"Node Type": "Index Scan", "Parent Relationship": "Outer", "Scan Direction": "Forward", "Index Name": "part_kpey", "Relation Name": "part", "Alias": "part", "Startup Cost": 0.0, "Total Cost": 100803.25, "Plan Rows": 2000000, "Plan Width": 29}, {"Node Type": "Sort", "Parent Relationship": "Inner", "Startup Cost": 1305037.68, "Total Cost": 1306837.43, "Plan Rows": 719903, "Plan Width": 24, "Sort Key": ["lineitem.l_partkey"], "Plans": [{"Node Type": "Bitmap Heap Scan", "Parent Relationship": "Outer", "Relation Name": "lineitem", "Alias": "lineitem", "Startup Cost": 24943.26, "Total Cost": 1235000.32, "Plan Rows": 719903, "Plan Width": 24, "Recheck Cond": "((l_shipdate >= '1996-12-01 00:00:00'::timestamp(0) without time zone) AND (l_shipdate < '1997-01-01 00:00:00'::timestamp without time zone)), (LLVM Optimized)", "Plans": [{"Node Type": "Bitmap Index Scan", "Parent Relationship": "Outer", "Index Name": "idx_lineitem_shipdate", "Startup Cost": 0.0, "Total Cost": 24763.28, "Plan Rows": 719903, "Plan Width": 0, "Index Cond": "((l_shipdate >= '1996-12-01 00:00:00'::timestamp(0) without time zone) AND (l_shipdate < '1997-01-01 00:00:00'::timestamp without time zone))"}]}]}]}]}, "Unique SQL Id": 379939634, "Planner Runtime": 0}, "explain_analyze_plan": {"Plan": {"Node Type": "Aggregate", "Strategy": "Plain", "Startup Cost": 1434236.03, "Total Cost": 1434236.04, "Plan Rows": 1, "Plan Width": 53, "Actual Startup Time": 4581.389, "Actual Total Time": 4581.39, "Actual Rows": 1, "Actual Loops": 1, "Plans": [{"Node Type": "Merge Join", "Parent Relationship": "Outer", "Join Type": "Inner", "Startup Cost": 1305042.44, "Total Cost": 1421637.72, "Plan Rows": 719903, "Plan Width": 37, "Actual Startup Time": 2105.082, "Actual Total Time": 4198.577, "Actual Rows": 772803, "Actual Loops": 1, "Inner Unique": false, "Merge Cond": "(part.p_partkey = lineitem.l_partkey)", "Plans": [{"Node Type": "Index Scan", "Parent Relationship": "Outer", "Scan Direction": "Forward", "Index Name": "part_kpey", "Relation Name": "part", "Alias": "part", "Startup Cost": 0.0, "Total Cost": 100803.25, "Plan Rows": 2000000, "Plan Width": 29, "Actual Startup Time": 0.029, "Actual Total Time": 1259.061, "Actual Rows": 2000000, "Actual Loops": 1}, {"Node Type": "Sort", "Parent Relationship": "Inner", "Startup Cost": 1305037.68, "Total Cost": 1306837.43, "Plan Rows": 719903, "Plan Width": 24, "Actual Startup Time": 2105.022, "Actual Total Time": 2306.226, "Actual Rows": 772803, "Actual Loops": 1, "Sort Key": ["lineitem.l_partkey"], "Sort Method": "quicksort", "Sort Space Used": 97027, "Sort Space Type": "Memory", "Plans": [{"Node Type": "Bitmap Heap Scan", "Parent Relationship": "Outer", "Relation Name": "lineitem", "Alias": "lineitem", "Startup Cost": 24943.26, "Total Cost": 1235000.32, "Plan Rows": 719903, "Plan Width": 24, "Actual Startup Time": 466.791, "Actual Total Time": 1767.868, "Actual Rows": 772803, "Actual Loops": 1, "Recheck Cond": "((l_shipdate >= '1996-12-01 00:00:00'::timestamp(0) without time zone) AND (l_shipdate < '1997-01-01 00:00:00'::timestamp without time zone)), (LLVM Optimized, Jit Execute)", "Rows Removed by Index Recheck": 0, "Exact Heap Blocks": 437909, "Lossy Heap Blocks": 437909, "Plans": [{"Node Type": "Bitmap Index Scan", "Parent Relationship": "Outer", "Index Name": "idx_lineitem_shipdate", "Startup Cost": 0.0, "Total Cost": 24763.28, "Plan Rows": 719903, "Plan Width": 0, "Actual Startup Time": 302.252, "Actual Total Time": 302.252, "Actual Rows": 772803, "Actual Loops": 1, "Index Cond": "((l_shipdate >= '1996-12-01 00:00:00'::timestamp(0) without time zone) AND (l_shipdate < '1997-01-01 00:00:00'::timestamp without time zone))"}]}]}]}]}, "Triggers": [], "Planner Runtime": 0, "Total Runtime": 4592.352, "Unique SQL Id": 379939634}}, "(64, 85)": {"explain_plan": {"Plan": {"Node Type": "Aggregate", "Strategy": "Plain", "Startup Cost": 1434236.03, "Total Cost": 1434236.04, "Plan Rows": 1, "Plan Width": 53, "Plans": [{"Node Type": "Merge Join", "Parent Relationship": "Outer", "Join Type": "Inner", "Startup Cost": 1305042.44, "Total Cost": 1421637.72, "Plan Rows": 719903, "Plan Width": 37, "Inner Unique": true, "Merge Cond": "(lineitem.l_partkey = part.p_partkey)", "Plans": [{"Node Type": "Sort", "Parent Relationship": "Outer", "Startup Cost": 1305037.68, "Total Cost": 1306837.43, "Plan Rows": 719903, "Plan Width": 24, "Sort Key": ["lineitem.l_partkey"], "Plans": [{"Node Type": "Bitmap Heap Scan", "Parent Relationship": "Outer", "Relation Name": "lineitem", "Alias": "lineitem", "Startup Cost": 24943.26, "Total Cost": 1235000.32, "Plan Rows": 719903, "Plan Width": 24, "Recheck Cond": "((l_shipdate >= '1996-12-01 00:00:00'::timestamp(0) without time zone) AND (l_shipdate < '1997-01-01 00:00:00'::timestamp without time zone)), (LLVM Optimized)", "Plans": [{"Node Type": "Bitmap Index Scan", "Parent Relationship": "Outer", "Index Name": "idx_lineitem_shipdate", "Startup Cost": 0.0, "Total Cost": 24763.28, "Plan Rows": 719903, "Plan Width": 0, "Index Cond": "((l_shipdate >= '1996-12-01 00:00:00'::timestamp(0) without time zone) AND (l_shipdate < '1997-01-01 00:00:00'::timestamp without time zone))"}]}]}, {"Node Type": "Index Scan", "Parent Relationship": "Inner", "Scan Direction": "Forward", "Index Name": "part_kpey", "Relation Name": "part", "Alias": "part", "Startup Cost": 0.0, "Total Cost": 100803.25, "Plan Rows": 2000000, "Plan Width": 29}]}]}, "Unique SQL Id": 379939634, "Planner Runtime": 0}, "explain_analyze_plan": {"Plan": {"Node Type": "Aggregate", "Strategy": "Plain", "Startup Cost": 1434236.03, "Total Cost": 1434236.04, "Plan Rows": 1, "Plan Width": 53, "Actual Startup Time": 4680.776, "Actual Total Time": 4680.777, "Actual Rows": 1, "Actual Loops": 1, "Plans": [{"Node Type": "Merge Join", "Parent Relationship": "Outer", "Join Type": "Inner", "Startup Cost": 1305042.44, "Total Cost": 1421637.72, "Plan Rows": 719903, "Plan Width": 37, "Actual Startup Time": 2097.468, "Actual Total Time": 4297.999, "Actual Rows": 772803, "Actual Loops": 1, "Inner Unique": true, "Merge Cond": "(lineitem.l_partkey = part.p_partkey)", "Plans": [{"Node Type": "Sort", "Parent Relationship": "Outer", "Startup Cost": 1305037.68, "Total Cost": 1306837.43, "Plan Rows": 719903, "Plan Width": 24, "Actual Startup Time": 2097.392, "Actual Total Time": 2301.672, "Actual Rows": 772803, "Actual Loops": 1, "Sort Key": ["lineitem.l_partkey"], "Sort Method": "quicksort", "Sort Space Used": 97027, "Sort Space Type": "Memory", "Plans": [{"Node Type": "Bitmap Heap Scan", "Parent Relationship": "Outer", "Relation Name": "lineitem", "Alias": "lineitem", "Startup Cost": 24943.26, "Total Cost": 1235000.32, "Plan Rows": 719903, "Plan Width": 24, "Actual Startup Time": 487.032, "Actual Total Time": 1765.98, "Actual Rows": 772803, "Actual Loops": 1, "Recheck Cond": "((l_shipdate >= '1996-12-01 00:00:00'::timestamp(0) without time zone) AND (l_shipdate < '1997-01-01 00:00:00'::timestamp without time zone)), (LLVM Optimized, Jit Execute)", "Rows Removed by Index Recheck": 0, "Exact Heap Blocks": 437909, "Lossy Heap Blocks": 437909, "Plans": [{"Node Type": "Bitmap Index Scan", "Parent Relationship": "Outer", "Index Name": "idx_lineitem_shipdate", "Startup Cost": 0.0, "Total Cost": 24763.28, "Plan Rows": 719903, "Plan Width": 0, "Actual Startup Time": 315.359, "Actual Total Time": 315.359, "Actual Rows": 772803, "Actual Loops": 1, "Index Cond": "((l_shipdate >= '1996-12-01 00:00:00'::timestamp(0) without time zone) AND (l_shipdate < '1997-01-01 00:00:00'::timestamp without time zone))"}]}]}, {"Node Type": "Index Scan", "Parent Relationship": "Inner", "Scan Direction": "Forward", "Index Name": "part_kpey", "Relation Name": "part", "Alias": "part", "Startup Cost": 0.0, "Total Cost": 100803.25, "Plan Rows": 2000000, "Plan Width": 29, "Actual Startup Time": 0.055, "Actual Total Time": 1279.316, "Actual Rows": 1999999, "Actual Loops": 1}]}]}, "Triggers": [], "Planner Runtime": 0, "Total Runtime": 4691.898, "Unique SQL Id": 379939634}}, "(64, 86)": {"explain_plan": {"Plan": {"Node Type": "Aggregate", "Strategy": "Plain", "Startup Cost": 1609694.04, "Total Cost": 1609694.06, "Plan Rows": 1, "Plan Width": 53, "Plans": [{"Node Type": "Merge Join", "Parent Relationship": "Outer", "Join Type": "Inner", "Startup Cost": 1576297.81, "Total Cost": 1597095.74, "Plan Rows": 719903, "Plan Width": 37, "Inner Unique": true, "Merge Cond": "(lineitem.l_partkey = part.p_partkey)", "Plans": [{"Node Type": "Sort", "Parent Relationship": "Outer", "Startup Cost": 1305037.68, "Total Cost": 1306837.43, "Plan Rows": 719903, "Plan Width": 24, "Sort Key": ["lineitem.l_partkey"], "Plans": [{"Node Type": "Bitmap Heap Scan", "Parent Relationship": "Outer", "Relation Name": "lineitem", "Alias": "lineitem", "Startup Cost": 24943.26, "Total Cost": 1235000.32, "Plan Rows": 719903, "Plan Width": 24, "Recheck Cond": "((l_shipdate >= '1996-12-01 00:00:00'::timestamp(0) without time zone) AND (l_shipdate < '1997-01-01 00:00:00'::timestamp without time zone)), (LLVM Optimized)", "Plans": [{"Node Type": "Bitmap Index Scan", "Parent Relationship": "Outer", "Index Name": "idx_lineitem_shipdate", "Startup Cost": 0.0, "Total Cost": 24763.28, "Plan Rows": 719903, "Plan Width": 0, "Index Cond": "((l_shipdate >= '1996-12-01 00:00:00'::timestamp(0) without time zone) AND (l_shipdate < '1997-01-01 00:00:00'::timestamp without time zone))"}]}]}, {"Node Type": "Sort", "Parent Relationship": "Inner", "Startup Cost": 271259.69, "Total Cost": 276259.69, "Plan Rows": 2000000, "Plan Width": 29, "Sort Key": ["part.p_partkey"], "Plans": [{"Node Type": "Seq Scan", "Parent Relationship": "Outer", "Relation Name": "part", "Alias": "part", "Startup Cost": 0.0, "Total Cost": 61944.0, "Plan Rows": 2000000, "Plan Width": 29}]}]}]}, "Unique SQL Id": 379939634, "Planner Runtime": 0}, "explain_analyze_plan": {"Plan": {"Node Type": "Aggregate", "Strategy": "Plain", "Startup Cost": 1609694.04, "Total Cost": 1609694.06, "Plan Rows": 1, "Plan Width": 53, "Actual Startup Time": 5029.907, "Actual Total Time": 5029.908, "Actual Rows": 1, "Actual Loops": 1, "Plans": [{"Node Type": "Merge Join", "Parent Relationship": "Outer", "Join Type": "Inner", "Startup Cost": 1576297.81, "Total Cost": 1597095.74, "Plan Rows": 719903, "Plan Width": 37, "Actual Startup Time": 3502.144, "Actual Total Time": 4677.584, "Actual Rows": 772803, "Actual Loops": 1, "Inner Unique": true, "Merge Cond": "(lineitem.l_partkey = part.p_partkey)", "Plans": [{"Node Type": "Sort", "Parent Relationship": "Outer", "Startup Cost": 1305037.68, "Total Cost": 1306837.43, "Plan Rows": 719903, "Plan Width": 24, "Actual Startup Time": 2131.294, "Actual Total Time": 2368.802, "Actual Rows": 772803, "Actual Loops": 1, "Sort Key": ["lineitem.l_partkey"], "Sort Method": "quicksort", "Sort Space Used": 97027, "Sort Space Type": "Memory", "Plans": [{"Node Type": "Bitmap Heap Scan", "Parent Relationship": "Outer", "Relation Name": "lineitem", "Alias": "lineitem", "Startup Cost": 24943.26, "Total Cost": 1235000.32, "Plan Rows": 719903, "Plan Width": 24, "Actual Startup Time": 472.125, "Actual Total Time": 1796.18, "Actual Rows": 772803, "Actual Loops": 1, "Recheck Cond": "((l_shipdate >= '1996-12-01 00:00:00'::timestamp(0) without time zone) AND (l_shipdate < '1997-01-01 00:00:00'::timestamp without time zone)), (LLVM Optimized, Jit Execute)", "Rows Removed by Index Recheck": 0, "Exact Heap Blocks": 437909, "Lossy Heap Blocks": 437909, "Plans": [{"Node Type": "Bitmap Index Scan", "Parent Relationship": "Outer", "Index Name": "idx_lineitem_shipdate", "Startup Cost": 0.0, "Total Cost": 24763.28, "Plan Rows": 719903, "Plan Width": 0, "Actual Startup Time": 307.342, "Actual Total Time": 307.342, "Actual Rows": 772803, "Actual Loops": 1, "Index Cond": "((l_shipdate >= '1996-12-01 00:00:00'::timestamp(0) without time zone) AND (l_shipdate < '1997-01-01 00:00:00'::timestamp without time zone))"}]}]}, {"Node Type": "Sort", "Parent Relationship": "Inner", "Startup Cost": 271259.69, "Total Cost": 276259.69, "Plan Rows": 2000000, "Plan Width": 29, "Actual Startup Time": 1370.831, "Actual Total Time": 1647.308, "Actual Rows": 1999999, "Actual Loops": 1, "Sort Key": ["part.p_partkey"], "Sort Method": "quicksort", "Sort Space Used": 236653, "Sort Space Type": "Memory", "Plans": [{"Node Type": "Seq Scan", "Parent Relationship": "Outer", "Relation Name": "part", "Alias": "part", "Startup Cost": 0.0, "Total Cost": 61944.0, "Plan Rows": 2000000, "Plan Width": 29, "Actual Startup Time": 0.069, "Actual Total Time": 690.637, "Actual Rows": 2000000, "Actual Loops": 1}]}]}]}, "Triggers": [], "Planner Runtime": 0, "Total Runtime": 5041.026, "Unique SQL Id": 379939634}}, "(64, 87)": {"explain_plan": {"Plan": {"Node Type": "Aggregate", "Strategy": "Plain", "Startup Cost": 4357819.44, "Total Cost": 4357819.45, "Plan Rows": 1, "Plan Width": 53, "Plans": [{"Node Type": "Nested Loop", "Parent Relationship": "Outer", "Join Type": "Inner", "Startup Cost": 24943.55, "Total Cost": 4345221.13, "Plan Rows": 719903, "Plan Width": 37, "Inner Unique": true, "Plans": [{"Node Type": "Bitmap Heap Scan", "Parent Relationship": "Outer", "Relation Name": "lineitem", "Alias": "lineitem", "Startup Cost": 24943.26, "Total Cost": 1235000.32, "Plan Rows": 719903, "Plan Width": 24, "Recheck Cond": "((l_shipdate >= '1996-12-01 00:00:00'::timestamp(0) without time zone) AND (l_shipdate < '1997-01-01 00:00:00'::timestamp without time zone)), (LLVM Optimized)", "Plans": [{"Node Type": "Bitmap Index Scan", "Parent Relationship": "Outer", "Index Name": "idx_lineitem_shipdate", "Startup Cost": 0.0, "Total Cost": 24763.28, "Plan Rows": 719903, "Plan Width": 0, "Index Cond": "((l_shipdate >= '1996-12-01 00:00:00'::timestamp(0) without time zone) AND (l_shipdate < '1997-01-01 00:00:00'::timestamp without time zone))"}]}, {"Node Type": "Bitmap Heap Scan", "Parent Relationship": "Inner", "Relation Name": "part", "Alias": "part", "Startup Cost": 0.3, "Total Cost": 4.31, "Plan Rows": 1, "Plan Width": 29, "Recheck Cond": "(p_partkey = lineitem.l_partkey)", "Plans": [{"Node Type": "Bitmap Index Scan", "Parent Relationship": "Outer", "Index Name": "part_kpey", "Startup Cost": 0.0, "Total Cost": 0.3, "Plan Rows": 1, "Plan Width": 0, "Index Cond": "(p_partkey = lineitem.l_partkey)"}]}]}]}, "Unique SQL Id": 379939634, "Planner Runtime": 0}, "explain_analyze_plan": {"Plan": {"Node Type": "Aggregate", "Strategy": "Plain", "Startup Cost": 4357819.44, "Total Cost": 4357819.45, "Plan Rows": 1, "Plan Width": 53, "Actual Startup Time": 8374.121, "Actual Total Time": 8374.121, "Actual Rows": 1, "Actual Loops": 1, "Plans": [{"Node Type": "Nested Loop", "Parent Relationship": "Outer", "Join Type": "Inner", "Startup Cost": 24943.55, "Total Cost": 4345221.13, "Plan Rows": 719903, "Plan Width": 37, "Actual Startup Time": 511.97, "Actual Total Time": 7861.902, "Actual Rows": 772803, "Actual Loops": 1, "Inner Unique": true, "Plans": [{"Node Type": "Bitmap Heap Scan", "Parent Relationship": "Outer", "Relation Name": "lineitem", "Alias": "lineitem", "Startup Cost": 24943.26, "Total Cost": 1235000.32, "Plan Rows": 719903, "Plan Width": 24, "Actual Startup Time": 511.814, "Actual Total Time": 1803.715, "Actual Rows": 772803, "Actual Loops": 1, "Recheck Cond": "((l_shipdate >= '1996-12-01 00:00:00'::timestamp(0) without time zone) AND (l_shipdate < '1997-01-01 00:00:00'::timestamp without time zone)), (LLVM Optimized, Jit Execute)", "Rows Removed by Index Recheck": 0, "Exact Heap Blocks": 437909, "Lossy Heap Blocks": 437909, "Plans": [{"Node Type": "Bitmap Index Scan", "Parent Relationship": "Outer", "Index Name": "idx_lineitem_shipdate", "Startup Cost": 0.0, "Total Cost": 24763.28, "Plan Rows": 719903, "Plan Width": 0, "Actual Startup Time": 303.892, "Actual Total Time": 303.892, "Actual Rows": 772803, "Actual Loops": 1, "Index Cond": "((l_shipdate >= '1996-12-01 00:00:00'::timestamp(0) without time zone) AND (l_shipdate < '1997-01-01 00:00:00'::timestamp without time zone))"}]}, {"Node Type": "Bitmap Heap Scan", "Parent Relationship": "Inner", "Relation Name": "part", "Alias": "part", "Startup Cost": 0.3, "Total Cost": 4.31, "Plan Rows": 1, "Plan Width": 29, "Actual Startup Time": 4978.943, "Actual Total Time": 4978.943, "Actual Rows": 772803, "Actual Loops": 772803, "Recheck Cond": "(p_partkey = lineitem.l_partkey)", "Rows Removed by Index Recheck": 0, "Exact Heap Blocks": 772803, "Lossy Heap Blocks": 772803, "Plans": [{"Node Type": "Bitmap Index Scan", "Parent Relationship": "Outer", "Index Name": "part_kpey", "Startup Cost": 0.0, "Total Cost": 0.3, "Plan Rows": 1, "Plan Width": 0, "Actual Startup Time": 3069.068, "Actual Total Time": 3069.068, "Actual Rows": 772803, "Actual Loops": 772803, "Index Cond": "(p_partkey = lineitem.l_partkey)"}]}]}]}, "Triggers": [], "Planner Runtime": 0, "Total Runtime": 8385.255, "Unique SQL Id": 379939634}}, "(64, 88)": {"explain_plan": {"Plan": {"Node Type": "Aggregate", "Strategy": "Plain", "Startup Cost": 2526922.01, "Total Cost": 2526922.03, "Plan Rows": 1, "Plan Width": 53, "Plans": [{"Node Type": "Merge Join", "Parent Relationship": "Outer", "Join Type": "Inner", "Startup Cost": 2397728.42, "Total Cost": 2514323.71, "Plan Rows": 719903, "Plan Width": 37, "Inner Unique": false, "Merge Cond": "(part.p_partkey = lineitem.l_partkey)", "Plans": [{"Node Type": "Index Scan", "Parent Relationship": "Outer", "Scan Direction": "Forward", "Index Name": "part_kpey", "Relation Name": "part", "Alias": "part", "Startup Cost": 0.0, "Total Cost": 100803.25, "Plan Rows": 2000000, "Plan Width": 29}, {"Node Type": "Sort", "Parent Relationship": "Inner", "Startup Cost": 2397723.66, "Total Cost": 2399523.42, "Plan Rows": 719903, "Plan Width": 24, "Sort Key": ["lineitem.l_partkey"], "Plans": [{"Node Type": "Index Scan", "Parent Relationship": "Outer", "Scan Direction": "Forward", "Index Name": "idx_lineitem_shipdate", "Relation Name": "lineitem", "Alias": "lineitem", "Startup Cost": 0.0, "Total Cost": 2327686.3, "Plan Rows": 719903, "Plan Width": 24, "Index Cond": "((l_shipdate >= '1996-12-01 00:00:00'::timestamp(0) without time zone) AND (l_shipdate < '1997-01-01 00:00:00'::timestamp without time zone)), (LLVM Optimized)"}]}]}]}, "Unique SQL Id": 379939634, "Planner Runtime": 0}, "explain_analyze_plan": {"Plan": {"Node Type": "Aggregate", "Strategy": "Plain", "Startup Cost": 2526922.01, "Total Cost": 2526922.03, "Plan Rows": 1, "Plan Width": 53, "Actual Startup Time": 4696.59, "Actual Total Time": 4696.591, "Actual Rows": 1, "Actual Loops": 1, "Plans": [{"Node Type": "Merge Join", "Parent Relationship": "Outer", "Join Type": "Inner", "Startup Cost": 2397728.42, "Total Cost": 2514323.71, "Plan Rows": 719903, "Plan Width": 37, "Actual Startup Time": 2320.753, "Actual Total Time": 4311.967, "Actual Rows": 772803, "Actual Loops": 1, "Inner Unique": false, "Merge Cond": "(part.p_partkey = lineitem.l_partkey)", "Plans": [{"Node Type": "Index Scan", "Parent Relationship": "Outer", "Scan Direction": "Forward", "Index Name": "part_kpey", "Relation Name": "part", "Alias": "part", "Startup Cost": 0.0, "Total Cost": 100803.25, "Plan Rows": 2000000, "Plan Width": 29, "Actual Startup Time": 0.026, "Actual Total Time": 1165.172, "Actual Rows": 2000000, "Actual Loops": 1}, {"Node Type": "Sort", "Parent Relationship": "Inner", "Startup Cost": 2397723.66, "Total Cost": 2399523.42, "Plan Rows": 719903, "Plan Width": 24, "Actual Startup Time": 2320.697, "Actual Total Time": 2508.648, "Actual Rows": 772803, "Actual Loops": 1, "Sort Key": ["lineitem.l_partkey"], "Sort Method": "quicksort", "Sort Space Used": 97027, "Sort Space Type": "Memory", "Plans": [{"Node Type": "Index Scan", "Parent Relationship": "Outer", "Scan Direction": "Forward", "Index Name": "idx_lineitem_shipdate", "Relation Name": "lineitem", "Alias": "lineitem", "Startup Cost": 0.0, "Total Cost": 2327686.3, "Plan Rows": 719903, "Plan Width": 24, "Actual Startup Time": 0.029, "Actual Total Time": 1965.207, "Actual Rows": 772803, "Actual Loops": 1, "Index Cond": "((l_shipdate >= '1996-12-01 00:00:00'::timestamp(0) without time zone) AND (l_shipdate < '1997-01-01 00:00:00'::timestamp without time zone)), (LLVM Optimized, Jit Execute)", "Rows Removed by Index Recheck": 0}]}]}]}, "Triggers": [], "Planner Runtime": 0, "Total Runtime": 4707.018, "Unique SQL Id": 379939634}}, "(64, 89)": {"explain_plan": {"Plan": {"Node Type": "Aggregate", "Strategy": "Plain", "Startup Cost": 2526922.01, "Total Cost": 2526922.03, "Plan Rows": 1, "Plan Width": 53, "Plans": [{"Node Type": "Merge Join", "Parent Relationship": "Outer", "Join Type": "Inner", "Startup Cost": 2397728.42, "Total Cost": 2514323.71, "Plan Rows": 719903, "Plan Width": 37, "Inner Unique": true, "Merge Cond": "(lineitem.l_partkey = part.p_partkey)", "Plans": [{"Node Type": "Sort", "Parent Relationship": "Outer", "Startup Cost": 2397723.66, "Total Cost": 2399523.42, "Plan Rows": 719903, "Plan Width": 24, "Sort Key": ["lineitem.l_partkey"], "Plans": [{"Node Type": "Index Scan", "Parent Relationship": "Outer", "Scan Direction": "Forward", "Index Name": "idx_lineitem_shipdate", "Relation Name": "lineitem", "Alias": "lineitem", "Startup Cost": 0.0, "Total Cost": 2327686.3, "Plan Rows": 719903, "Plan Width": 24, "Index Cond": "((l_shipdate >= '1996-12-01 00:00:00'::timestamp(0) without time zone) AND (l_shipdate < '1997-01-01 00:00:00'::timestamp without time zone)), (LLVM Optimized)"}]}, {"Node Type": "Index Scan", "Parent Relationship": "Inner", "Scan Direction": "Forward", "Index Name": "part_kpey", "Relation Name": "part", "Alias": "part", "Startup Cost": 0.0, "Total Cost": 100803.25, "Plan Rows": 2000000, "Plan Width": 29}]}]}, "Unique SQL Id": 379939634, "Planner Runtime": 0}, "explain_analyze_plan": {"Plan": {"Node Type": "Aggregate", "Strategy": "Plain", "Startup Cost": 2526922.01, "Total Cost": 2526922.03, "Plan Rows": 1, "Plan Width": 53, "Actual Startup Time": 4675.567, "Actual Total Time": 4675.568, "Actual Rows": 1, "Actual Loops": 1, "Plans": [{"Node Type": "Merge Join", "Parent Relationship": "Outer", "Join Type": "Inner", "Startup Cost": 2397728.42, "Total Cost": 2514323.71, "Plan Rows": 719903, "Plan Width": 37, "Actual Startup Time": 2184.712, "Actual Total Time": 4291.452, "Actual Rows": 772803, "Actual Loops": 1, "Inner Unique": true, "Merge Cond": "(lineitem.l_partkey = part.p_partkey)", "Plans": [{"Node Type": "Sort", "Parent Relationship": "Outer", "Startup Cost": 2397723.66, "Total Cost": 2399523.42, "Plan Rows": 719903, "Plan Width": 24, "Actual Startup Time": 2184.655, "Actual Total Time": 2376.379, "Actual Rows": 772803, "Actual Loops": 1, "Sort Key": ["lineitem.l_partkey"], "Sort Method": "quicksort", "Sort Space Used": 97027, "Sort Space Type": "Memory", "Plans": [{"Node Type": "Index Scan", "Parent Relationship": "Outer", "Scan Direction": "Forward", "Index Name": "idx_lineitem_shipdate", "Relation Name": "lineitem", "Alias": "lineitem", "Startup Cost": 0.0, "Total Cost": 2327686.3, "Plan Rows": 719903, "Plan Width": 24, "Actual Startup Time": 0.033, "Actual Total Time": 1837.697, "Actual Rows": 772803, "Actual Loops": 1, "Index Cond": "((l_shipdate >= '1996-12-01 00:00:00'::timestamp(0) without time zone) AND (l_shipdate < '1997-01-01 00:00:00'::timestamp without time zone)), (LLVM Optimized, Jit Execute)", "Rows Removed by Index Recheck": 0}]}, {"Node Type": "Index Scan", "Parent Relationship": "Inner", "Scan Direction": "Forward", "Index Name": "part_kpey", "Relation Name": "part", "Alias": "part", "Startup Cost": 0.0, "Total Cost": 100803.25, "Plan Rows": 2000000, "Plan Width": 29, "Actual Startup Time": 0.042, "Actual Total Time": 1200.303, "Actual Rows": 1999999, "Actual Loops": 1}]}]}, "Triggers": [], "Planner Runtime": 0, "Total Runtime": 4685.828, "Unique SQL Id": 379939634}}, "(64, 90)": {"explain_plan": {"Plan": {"Node Type": "Aggregate", "Strategy": "Plain", "Startup Cost": 2689744.22, "Total Cost": 2689744.24, "Plan Rows": 1, "Plan Width": 53, "Plans": [{"Node Type": "Merge Join", "Parent Relationship": "Outer", "Join Type": "Inner", "Startup Cost": 2656347.99, "Total Cost": 2677145.92, "Plan Rows": 719903, "Plan Width": 37, "Inner Unique": true, "Merge Cond": "(lineitem.l_partkey = part.p_partkey)", "Plans": [{"Node Type": "Sort", "Parent Relationship": "Outer", "Startup Cost": 2385087.85, "Total Cost": 2386887.61, "Plan Rows": 719903, "Plan Width": 24, "Sort Key": ["lineitem.l_partkey"], "Plans": [{"Node Type": "Seq Scan", "Parent Relationship": "Outer", "Relation Name": "lineitem", "Alias": "lineitem", "Startup Cost": 44.58, "Total Cost": 2315050.5, "Plan Rows": 719903, "Plan Width": 24, "Filter": "((l_shipdate >= '1996-12-01 00:00:00'::timestamp(0) without time zone) AND (l_shipdate < '1997-01-01 00:00:00'::timestamp without time zone)), (LLVM Optimized)"}]}, {"Node Type": "Sort", "Parent Relationship": "Inner", "Startup Cost": 271259.69, "Total Cost": 276259.69, "Plan Rows": 2000000, "Plan Width": 29, "Sort Key": ["part.p_partkey"], "Plans": [{"Node Type": "Seq Scan", "Parent Relationship": "Outer", "Relation Name": "part", "Alias": "part", "Startup Cost": 0.0, "Total Cost": 61944.0, "Plan Rows": 2000000, "Plan Width": 29}]}]}]}, "Unique SQL Id": 379939634, "Planner Runtime": 0}, "explain_analyze_plan": null}, "(64, 91)": {"explain_plan": {"Plan": {"Node Type": "Aggregate", "Strategy": "Plain", "Startup Cost": 2000799156591.82, "Total Cost": 2000799156591.84, "Plan Rows": 1, "Plan Width": 53, "Plans": [{"Node Type": "Merge Join", "Parent Relationship": "Outer", "Join Type": "Inner", "Startup Cost": 20044550453.84, "Total Cost": 2000799143993.52, "Plan Rows": 719903, "Plan Width": 37, "Inner Unique": true, "Merge Cond": "(lineitem.l_partkey = part.p_partkey)", "Plans": [{"Node Type": "Index Scan", "Parent Relationship": "Outer", "Scan Direction": "Forward", "Index Name": "idx_lineitem_part_supp", "Relation Name": "lineitem", "Alias": "lineitem", "Startup Cost": 10000000000.0, "Total Cost": 1000805384836.14, "Plan Rows": 719903, "Plan Width": 24, "Filter": "((l_shipdate >= '1996-12-01 00:00:00'::timestamp(0) without time zone) AND (l_shipdate < '1997-01-01 00:00:00'::timestamp without time zone)), (LLVM Optimized)"}, {"Node Type": "Index Scan", "Parent Relationship": "Inner", "Scan Direction": "Forward", "Index Name": "part_kpey", "Relation Name": "part", "Alias": "part", "Startup Cost": 10000000000.0, "Total Cost": 1000010080325.0, "Plan Rows": 2000000, "Plan Width": 29}]}]}, "Unique SQL Id": 379939634, "Planner Runtime": 0}, "explain_analyze_plan": null}, "(64, 92)": {"explain_plan": {"Plan": {"Node Type": "Aggregate", "Strategy": "Plain", "Startup Cost": 2526922.01, "Total Cost": 2526922.03, "Plan Rows": 1, "Plan Width": 53, "Plans": [{"Node Type": "Merge Join", "Parent Relationship": "Outer", "Join Type": "Inner", "Startup Cost": 2397728.42, "Total Cost": 2514323.71, "Plan Rows": 719903, "Plan Width": 37, "Inner Unique": false, "Merge Cond": "(part.p_partkey = lineitem.l_partkey)", "Plans": [{"Node Type": "Index Scan", "Parent Relationship": "Outer", "Scan Direction": "Forward", "Index Name": "part_kpey", "Relation Name": "part", "Alias": "part", "Startup Cost": 0.0, "Total Cost": 100803.25, "Plan Rows": 2000000, "Plan Width": 29}, {"Node Type": "Sort", "Parent Relationship": "Inner", "Startup Cost": 2397723.66, "Total Cost": 2399523.42, "Plan Rows": 719903, "Plan Width": 24, "Sort Key": ["lineitem.l_partkey"], "Plans": [{"Node Type": "Index Scan", "Parent Relationship": "Outer", "Scan Direction": "Forward", "Index Name": "idx_lineitem_shipdate", "Relation Name": "lineitem", "Alias": "lineitem", "Startup Cost": 0.0, "Total Cost": 2327686.3, "Plan Rows": 719903, "Plan Width": 24, "Index Cond": "((l_shipdate >= '1996-12-01 00:00:00'::timestamp(0) without time zone) AND (l_shipdate < '1997-01-01 00:00:00'::timestamp without time zone)), (LLVM Optimized)"}]}]}]}, "Unique SQL Id": 379939634, "Planner Runtime": 0}, "explain_analyze_plan": {"Plan": {"Node Type": "Aggregate", "Strategy": "Plain", "Startup Cost": 2526922.01, "Total Cost": 2526922.03, "Plan Rows": 1, "Plan Width": 53, "Actual Startup Time": 4696.59, "Actual Total Time": 4696.591, "Actual Rows": 1, "Actual Loops": 1, "Plans": [{"Node Type": "Merge Join", "Parent Relationship": "Outer", "Join Type": "Inner", "Startup Cost": 2397728.42, "Total Cost": 2514323.71, "Plan Rows": 719903, "Plan Width": 37, "Actual Startup Time": 2320.753, "Actual Total Time": 4311.967, "Actual Rows": 772803, "Actual Loops": 1, "Inner Unique": false, "Merge Cond": "(part.p_partkey = lineitem.l_partkey)", "Plans": [{"Node Type": "Index Scan", "Parent Relationship": "Outer", "Scan Direction": "Forward", "Index Name": "part_kpey", "Relation Name": "part", "Alias": "part", "Startup Cost": 0.0, "Total Cost": 100803.25, "Plan Rows": 2000000, "Plan Width": 29, "Actual Startup Time": 0.026, "Actual Total Time": 1165.172, "Actual Rows": 2000000, "Actual Loops": 1}, {"Node Type": "Sort", "Parent Relationship": "Inner", "Startup Cost": 2397723.66, "Total Cost": 2399523.42, "Plan Rows": 719903, "Plan Width": 24, "Actual Startup Time": 2320.697, "Actual Total Time": 2508.648, "Actual Rows": 772803, "Actual Loops": 1, "Sort Key": ["lineitem.l_partkey"], "Sort Method": "quicksort", "Sort Space Used": 97027, "Sort Space Type": "Memory", "Plans": [{"Node Type": "Index Scan", "Parent Relationship": "Outer", "Scan Direction": "Forward", "Index Name": "idx_lineitem_shipdate", "Relation Name": "lineitem", "Alias": "lineitem", "Startup Cost": 0.0, "Total Cost": 2327686.3, "Plan Rows": 719903, "Plan Width": 24, "Actual Startup Time": 0.029, "Actual Total Time": 1965.207, "Actual Rows": 772803, "Actual Loops": 1, "Index Cond": "((l_shipdate >= '1996-12-01 00:00:00'::timestamp(0) without time zone) AND (l_shipdate < '1997-01-01 00:00:00'::timestamp without time zone)), (LLVM Optimized, Jit Execute)", "Rows Removed by Index Recheck": 0}]}]}]}, "Triggers": [], "Planner Runtime": 0, "Total Runtime": 4707.018, "Unique SQL Id": 379939634}}, "(64, 93)": {"explain_plan": {"Plan": {"Node Type": "Aggregate", "Strategy": "Plain", "Startup Cost": 2526922.01, "Total Cost": 2526922.03, "Plan Rows": 1, "Plan Width": 53, "Plans": [{"Node Type": "Merge Join", "Parent Relationship": "Outer", "Join Type": "Inner", "Startup Cost": 2397728.42, "Total Cost": 2514323.71, "Plan Rows": 719903, "Plan Width": 37, "Inner Unique": true, "Merge Cond": "(lineitem.l_partkey = part.p_partkey)", "Plans": [{"Node Type": "Sort", "Parent Relationship": "Outer", "Startup Cost": 2397723.66, "Total Cost": 2399523.42, "Plan Rows": 719903, "Plan Width": 24, "Sort Key": ["lineitem.l_partkey"], "Plans": [{"Node Type": "Index Scan", "Parent Relationship": "Outer", "Scan Direction": "Forward", "Index Name": "idx_lineitem_shipdate", "Relation Name": "lineitem", "Alias": "lineitem", "Startup Cost": 0.0, "Total Cost": 2327686.3, "Plan Rows": 719903, "Plan Width": 24, "Index Cond": "((l_shipdate >= '1996-12-01 00:00:00'::timestamp(0) without time zone) AND (l_shipdate < '1997-01-01 00:00:00'::timestamp without time zone)), (LLVM Optimized)"}]}, {"Node Type": "Index Scan", "Parent Relationship": "Inner", "Scan Direction": "Forward", "Index Name": "part_kpey", "Relation Name": "part", "Alias": "part", "Startup Cost": 0.0, "Total Cost": 100803.25, "Plan Rows": 2000000, "Plan Width": 29}]}]}, "Unique SQL Id": 379939634, "Planner Runtime": 0}, "explain_analyze_plan": {"Plan": {"Node Type": "Aggregate", "Strategy": "Plain", "Startup Cost": 2526922.01, "Total Cost": 2526922.03, "Plan Rows": 1, "Plan Width": 53, "Actual Startup Time": 4675.567, "Actual Total Time": 4675.568, "Actual Rows": 1, "Actual Loops": 1, "Plans": [{"Node Type": "Merge Join", "Parent Relationship": "Outer", "Join Type": "Inner", "Startup Cost": 2397728.42, "Total Cost": 2514323.71, "Plan Rows": 719903, "Plan Width": 37, "Actual Startup Time": 2184.712, "Actual Total Time": 4291.452, "Actual Rows": 772803, "Actual Loops": 1, "Inner Unique": true, "Merge Cond": "(lineitem.l_partkey = part.p_partkey)", "Plans": [{"Node Type": "Sort", "Parent Relationship": "Outer", "Startup Cost": 2397723.66, "Total Cost": 2399523.42, "Plan Rows": 719903, "Plan Width": 24, "Actual Startup Time": 2184.655, "Actual Total Time": 2376.379, "Actual Rows": 772803, "Actual Loops": 1, "Sort Key": ["lineitem.l_partkey"], "Sort Method": "quicksort", "Sort Space Used": 97027, "Sort Space Type": "Memory", "Plans": [{"Node Type": "Index Scan", "Parent Relationship": "Outer", "Scan Direction": "Forward", "Index Name": "idx_lineitem_shipdate", "Relation Name": "lineitem", "Alias": "lineitem", "Startup Cost": 0.0, "Total Cost": 2327686.3, "Plan Rows": 719903, "Plan Width": 24, "Actual Startup Time": 0.033, "Actual Total Time": 1837.697, "Actual Rows": 772803, "Actual Loops": 1, "Index Cond": "((l_shipdate >= '1996-12-01 00:00:00'::timestamp(0) without time zone) AND (l_shipdate < '1997-01-01 00:00:00'::timestamp without time zone)), (LLVM Optimized, Jit Execute)", "Rows Removed by Index Recheck": 0}]}, {"Node Type": "Index Scan", "Parent Relationship": "Inner", "Scan Direction": "Forward", "Index Name": "part_kpey", "Relation Name": "part", "Alias": "part", "Startup Cost": 0.0, "Total Cost": 100803.25, "Plan Rows": 2000000, "Plan Width": 29, "Actual Startup Time": 0.042, "Actual Total Time": 1200.303, "Actual Rows": 1999999, "Actual Loops": 1}]}]}, "Triggers": [], "Planner Runtime": 0, "Total Runtime": 4685.828, "Unique SQL Id": 379939634}}, "(64, 94)": {"explain_plan": {"Plan": {"Node Type": "Aggregate", "Strategy": "Plain", "Startup Cost": 2689744.22, "Total Cost": 2689744.24, "Plan Rows": 1, "Plan Width": 53, "Plans": [{"Node Type": "Merge Join", "Parent Relationship": "Outer", "Join Type": "Inner", "Startup Cost": 2656347.99, "Total Cost": 2677145.92, "Plan Rows": 719903, "Plan Width": 37, "Inner Unique": true, "Merge Cond": "(lineitem.l_partkey = part.p_partkey)", "Plans": [{"Node Type": "Sort", "Parent Relationship": "Outer", "Startup Cost": 2385087.85, "Total Cost": 2386887.61, "Plan Rows": 719903, "Plan Width": 24, "Sort Key": ["lineitem.l_partkey"], "Plans": [{"Node Type": "Seq Scan", "Parent Relationship": "Outer", "Relation Name": "lineitem", "Alias": "lineitem", "Startup Cost": 44.58, "Total Cost": 2315050.5, "Plan Rows": 719903, "Plan Width": 24, "Filter": "((l_shipdate >= '1996-12-01 00:00:00'::timestamp(0) without time zone) AND (l_shipdate < '1997-01-01 00:00:00'::timestamp without time zone)), (LLVM Optimized)"}]}, {"Node Type": "Sort", "Parent Relationship": "Inner", "Startup Cost": 271259.69, "Total Cost": 276259.69, "Plan Rows": 2000000, "Plan Width": 29, "Sort Key": ["part.p_partkey"], "Plans": [{"Node Type": "Seq Scan", "Parent Relationship": "Outer", "Relation Name": "part", "Alias": "part", "Startup Cost": 0.0, "Total Cost": 61944.0, "Plan Rows": 2000000, "Plan Width": 29}]}]}]}, "Unique SQL Id": 379939634, "Planner Runtime": 0}, "explain_analyze_plan": null}, "(64, 95)": {"explain_plan": {"Plan": {"Node Type": "Aggregate", "Strategy": "Plain", "Startup Cost": 2000799156591.82, "Total Cost": 2000799156591.84, "Plan Rows": 1, "Plan Width": 53, "Plans": [{"Node Type": "Merge Join", "Parent Relationship": "Outer", "Join Type": "Inner", "Startup Cost": 20044550453.84, "Total Cost": 2000799143993.52, "Plan Rows": 719903, "Plan Width": 37, "Inner Unique": true, "Merge Cond": "(lineitem.l_partkey = part.p_partkey)", "Plans": [{"Node Type": "Index Scan", "Parent Relationship": "Outer", "Scan Direction": "Forward", "Index Name": "idx_lineitem_part_supp", "Relation Name": "lineitem", "Alias": "lineitem", "Startup Cost": 10000000000.0, "Total Cost": 1000805384836.14, "Plan Rows": 719903, "Plan Width": 24, "Filter": "((l_shipdate >= '1996-12-01 00:00:00'::timestamp(0) without time zone) AND (l_shipdate < '1997-01-01 00:00:00'::timestamp without time zone)), (LLVM Optimized)"}, {"Node Type": "Index Scan", "Parent Relationship": "Inner", "Scan Direction": "Forward", "Index Name": "part_kpey", "Relation Name": "part", "Alias": "part", "Startup Cost": 10000000000.0, "Total Cost": 1000010080325.0, "Plan Rows": 2000000, "Plan Width": 29}]}]}, "Unique SQL Id": 379939634, "Planner Runtime": 0}, "explain_analyze_plan": null}, "(64, 96)": {"explain_plan": {"Plan": {"Node Type": "Aggregate", "Strategy": "Plain", "Startup Cost": 1344441.29, "Total Cost": 1344441.3, "Plan Rows": 1, "Plan Width": 53, "Plans": [{"Node Type": "Hash Join", "Parent Relationship": "Outer", "Join Type": "Inner", "Startup Cost": 111887.26, "Total Cost": 1331842.98, "Plan Rows": 719903, "Plan Width": 37, "Inner Unique": true, "Hash Cond": "(lineitem.l_partkey = part.p_partkey), (LLVM Optimized)", "Plans": [{"Node Type": "Bitmap Heap Scan", "Parent Relationship": "Outer", "Relation Name": "lineitem", "Alias": "lineitem", "Startup Cost": 24943.26, "Total Cost": 1235000.32, "Plan Rows": 719903, "Plan Width": 24, "Recheck Cond": "((l_shipdate >= '1996-12-01 00:00:00'::timestamp(0) without time zone) AND (l_shipdate < '1997-01-01 00:00:00'::timestamp without time zone)), (LLVM Optimized)", "Plans": [{"Node Type": "Bitmap Index Scan", "Parent Relationship": "Outer", "Index Name": "idx_lineitem_shipdate", "Startup Cost": 0.0, "Total Cost": 24763.28, "Plan Rows": 719903, "Plan Width": 0, "Index Cond": "((l_shipdate >= '1996-12-01 00:00:00'::timestamp(0) without time zone) AND (l_shipdate < '1997-01-01 00:00:00'::timestamp without time zone))"}]}, {"Node Type": "Hash", "Parent Relationship": "Inner", "Startup Cost": 61944.0, "Total Cost": 61944.0, "Plan Rows": 2000000, "Plan Width": 29, "Plans": [{"Node Type": "Seq Scan", "Parent Relationship": "Outer", "Relation Name": "part", "Alias": "part", "Startup Cost": 0.0, "Total Cost": 61944.0, "Plan Rows": 2000000, "Plan Width": 29}]}]}]}, "Unique SQL Id": 379939634, "Planner Runtime": 0}, "explain_analyze_plan": {"Plan": {"Node Type": "Aggregate", "Strategy": "Plain", "Startup Cost": 1344441.29, "Total Cost": 1344441.3, "Plan Rows": 1, "Plan Width": 53, "Actual Startup Time": 3949.646, "Actual Total Time": 3949.647, "Actual Rows": 1, "Actual Loops": 1, "Plans": [{"Node Type": "Hash Join", "Parent Relationship": "Outer", "Join Type": "Inner", "Startup Cost": 111887.26, "Total Cost": 1331842.98, "Plan Rows": 719903, "Plan Width": 37, "Actual Startup Time": 1804.081, "Actual Total Time": 3575.966, "Actual Rows": 772803, "Actual Loops": 1, "Inner Unique": true, "Hash Cond": "(lineitem.l_partkey = part.p_partkey), (LLVM Optimized, Jit Execute)", "Plans": [{"Node Type": "Bitmap Heap Scan", "Parent Relationship": "Outer", "Relation Name": "lineitem", "Alias": "lineitem", "Startup Cost": 24943.26, "Total Cost": 1235000.32, "Plan Rows": 719903, "Plan Width": 24, "Actual Startup Time": 469.464, "Actual Total Time": 1694.161, "Actual Rows": 772803, "Actual Loops": 1, "Recheck Cond": "((l_shipdate >= '1996-12-01 00:00:00'::timestamp(0) without time zone) AND (l_shipdate < '1997-01-01 00:00:00'::timestamp without time zone)), (LLVM Optimized, Jit Execute)", "Rows Removed by Index Recheck": 0, "Exact Heap Blocks": 437909, "Lossy Heap Blocks": 437909, "Plans": [{"Node Type": "Bitmap Index Scan", "Parent Relationship": "Outer", "Index Name": "idx_lineitem_shipdate", "Startup Cost": 0.0, "Total Cost": 24763.28, "Plan Rows": 719903, "Plan Width": 0, "Actual Startup Time": 304.405, "Actual Total Time": 304.405, "Actual Rows": 772803, "Actual Loops": 1, "Index Cond": "((l_shipdate >= '1996-12-01 00:00:00'::timestamp(0) without time zone) AND (l_shipdate < '1997-01-01 00:00:00'::timestamp without time zone))"}]}, {"Node Type": "Hash", "Parent Relationship": "Inner", "Startup Cost": 61944.0, "Total Cost": 61944.0, "Plan Rows": 2000000, "Plan Width": 29, "Actual Startup Time": 1333.257, "Actual Total Time": 1333.257, "Actual Rows": 2000000, "Actual Loops": 1, "Hash Buckets": 2097152, "Hash Batches": 1, "Original Hash Batches": 1, "Peak Memory Usage": 126040, "Plans": [{"Node Type": "Seq Scan", "Parent Relationship": "Outer", "Relation Name": "part", "Alias": "part", "Startup Cost": 0.0, "Total Cost": 61944.0, "Plan Rows": 2000000, "Plan Width": 29, "Actual Startup Time": 0.034, "Actual Total Time": 698.306, "Actual Rows": 2000000, "Actual Loops": 1}]}]}]}, "Triggers": [], "Planner Runtime": 0, "Total Runtime": 3964.056, "Unique SQL Id": 379939634}}, "(64, 97)": {"explain_plan": {"Plan": {"Node Type": "Aggregate", "Strategy": "Plain", "Startup Cost": 1383300.54, "Total Cost": 1383300.55, "Plan Rows": 1, "Plan Width": 53, "Plans": [{"Node Type": "Hash Join", "Parent Relationship": "Outer", "Join Type": "Inner", "Startup Cost": 150746.51, "Total Cost": 1370702.23, "Plan Rows": 719903, "Plan Width": 37, "Inner Unique": true, "Hash Cond": "(lineitem.l_partkey = part.p_partkey), (LLVM Optimized)", "Plans": [{"Node Type": "Bitmap Heap Scan", "Parent Relationship": "Outer", "Relation Name": "lineitem", "Alias": "lineitem", "Startup Cost": 24943.26, "Total Cost": 1235000.32, "Plan Rows": 719903, "Plan Width": 24, "Recheck Cond": "((l_shipdate >= '1996-12-01 00:00:00'::timestamp(0) without time zone) AND (l_shipdate < '1997-01-01 00:00:00'::timestamp without time zone)), (LLVM Optimized)", "Plans": [{"Node Type": "Bitmap Index Scan", "Parent Relationship": "Outer", "Index Name": "idx_lineitem_shipdate", "Startup Cost": 0.0, "Total Cost": 24763.28, "Plan Rows": 719903, "Plan Width": 0, "Index Cond": "((l_shipdate >= '1996-12-01 00:00:00'::timestamp(0) without time zone) AND (l_shipdate < '1997-01-01 00:00:00'::timestamp without time zone))"}]}, {"Node Type": "Hash", "Parent Relationship": "Inner", "Startup Cost": 100803.25, "Total Cost": 100803.25, "Plan Rows": 2000000, "Plan Width": 29, "Plans": [{"Node Type": "Index Scan", "Parent Relationship": "Outer", "Scan Direction": "Forward", "Index Name": "part_kpey", "Relation Name": "part", "Alias": "part", "Startup Cost": 0.0, "Total Cost": 100803.25, "Plan Rows": 2000000, "Plan Width": 29}]}]}]}, "Unique SQL Id": 379939634, "Planner Runtime": 0}, "explain_analyze_plan": {"Plan": {"Node Type": "Aggregate", "Strategy": "Plain", "Startup Cost": 1383300.54, "Total Cost": 1383300.55, "Plan Rows": 1, "Plan Width": 53, "Actual Startup Time": 5392.049, "Actual Total Time": 5392.049, "Actual Rows": 1, "Actual Loops": 1, "Plans": [{"Node Type": "Hash Join", "Parent Relationship": "Outer", "Join Type": "Inner", "Startup Cost": 150746.51, "Total Cost": 1370702.23, "Plan Rows": 719903, "Plan Width": 37, "Actual Startup Time": 2926.424, "Actual Total Time": 5025.717, "Actual Rows": 772803, "Actual Loops": 1, "Inner Unique": true, "Hash Cond": "(lineitem.l_partkey = part.p_partkey), (LLVM Optimized, Jit Execute)", "Plans": [{"Node Type": "Bitmap Heap Scan", "Parent Relationship": "Outer", "Relation Name": "lineitem", "Alias": "lineitem", "Startup Cost": 24943.26, "Total Cost": 1235000.32, "Plan Rows": 719903, "Plan Width": 24, "Actual Startup Time": 468.518, "Actual Total Time": 1836.972, "Actual Rows": 772803, "Actual Loops": 1, "Recheck Cond": "((l_shipdate >= '1996-12-01 00:00:00'::timestamp(0) without time zone) AND (l_shipdate < '1997-01-01 00:00:00'::timestamp without time zone)), (LLVM Optimized, Jit Execute)", "Rows Removed by Index Recheck": 0, "Exact Heap Blocks": 437909, "Lossy Heap Blocks": 437909, "Plans": [{"Node Type": "Bitmap Index Scan", "Parent Relationship": "Outer", "Index Name": "idx_lineitem_shipdate", "Startup Cost": 0.0, "Total Cost": 24763.28, "Plan Rows": 719903, "Plan Width": 0, "Actual Startup Time": 304.232, "Actual Total Time": 304.232, "Actual Rows": 772803, "Actual Loops": 1, "Index Cond": "((l_shipdate >= '1996-12-01 00:00:00'::timestamp(0) without time zone) AND (l_shipdate < '1997-01-01 00:00:00'::timestamp without time zone))"}]}, {"Node Type": "Hash", "Parent Relationship": "Inner", "Startup Cost": 100803.25, "Total Cost": 100803.25, "Plan Rows": 2000000, "Plan Width": 29, "Actual Startup Time": 2456.558, "Actual Total Time": 2456.558, "Actual Rows": 2000000, "Actual Loops": 1, "Hash Buckets": 2097152, "Hash Batches": 1, "Original Hash Batches": 1, "Peak Memory Usage": 126040, "Plans": [{"Node Type": "Index Scan", "Parent Relationship": "Outer", "Scan Direction": "Forward", "Index Name": "part_kpey", "Relation Name": "part", "Alias": "part", "Startup Cost": 0.0, "Total Cost": 100803.25, "Plan Rows": 2000000, "Plan Width": 29, "Actual Startup Time": 0.05, "Actual Total Time": 1550.403, "Actual Rows": 2000000, "Actual Loops": 1}]}]}]}, "Triggers": [], "Planner Runtime": 0, "Total Runtime": 5406.949, "Unique SQL Id": 379939634}}, "(64, 98)": {"explain_plan": {"Plan": {"Node Type": "Aggregate", "Strategy": "Plain", "Startup Cost": 1344441.29, "Total Cost": 1344441.3, "Plan Rows": 1, "Plan Width": 53, "Plans": [{"Node Type": "Hash Join", "Parent Relationship": "Outer", "Join Type": "Inner", "Startup Cost": 111887.26, "Total Cost": 1331842.98, "Plan Rows": 719903, "Plan Width": 37, "Inner Unique": true, "Hash Cond": "(lineitem.l_partkey = part.p_partkey), (LLVM Optimized)", "Plans": [{"Node Type": "Bitmap Heap Scan", "Parent Relationship": "Outer", "Relation Name": "lineitem", "Alias": "lineitem", "Startup Cost": 24943.26, "Total Cost": 1235000.32, "Plan Rows": 719903, "Plan Width": 24, "Recheck Cond": "((l_shipdate >= '1996-12-01 00:00:00'::timestamp(0) without time zone) AND (l_shipdate < '1997-01-01 00:00:00'::timestamp without time zone)), (LLVM Optimized)", "Plans": [{"Node Type": "Bitmap Index Scan", "Parent Relationship": "Outer", "Index Name": "idx_lineitem_shipdate", "Startup Cost": 0.0, "Total Cost": 24763.28, "Plan Rows": 719903, "Plan Width": 0, "Index Cond": "((l_shipdate >= '1996-12-01 00:00:00'::timestamp(0) without time zone) AND (l_shipdate < '1997-01-01 00:00:00'::timestamp without time zone))"}]}, {"Node Type": "Hash", "Parent Relationship": "Inner", "Startup Cost": 61944.0, "Total Cost": 61944.0, "Plan Rows": 2000000, "Plan Width": 29, "Plans": [{"Node Type": "Seq Scan", "Parent Relationship": "Outer", "Relation Name": "part", "Alias": "part", "Startup Cost": 0.0, "Total Cost": 61944.0, "Plan Rows": 2000000, "Plan Width": 29}]}]}]}, "Unique SQL Id": 379939634, "Planner Runtime": 0}, "explain_analyze_plan": {"Plan": {"Node Type": "Aggregate", "Strategy": "Plain", "Startup Cost": 1344441.29, "Total Cost": 1344441.3, "Plan Rows": 1, "Plan Width": 53, "Actual Startup Time": 3949.646, "Actual Total Time": 3949.647, "Actual Rows": 1, "Actual Loops": 1, "Plans": [{"Node Type": "Hash Join", "Parent Relationship": "Outer", "Join Type": "Inner", "Startup Cost": 111887.26, "Total Cost": 1331842.98, "Plan Rows": 719903, "Plan Width": 37, "Actual Startup Time": 1804.081, "Actual Total Time": 3575.966, "Actual Rows": 772803, "Actual Loops": 1, "Inner Unique": true, "Hash Cond": "(lineitem.l_partkey = part.p_partkey), (LLVM Optimized, Jit Execute)", "Plans": [{"Node Type": "Bitmap Heap Scan", "Parent Relationship": "Outer", "Relation Name": "lineitem", "Alias": "lineitem", "Startup Cost": 24943.26, "Total Cost": 1235000.32, "Plan Rows": 719903, "Plan Width": 24, "Actual Startup Time": 469.464, "Actual Total Time": 1694.161, "Actual Rows": 772803, "Actual Loops": 1, "Recheck Cond": "((l_shipdate >= '1996-12-01 00:00:00'::timestamp(0) without time zone) AND (l_shipdate < '1997-01-01 00:00:00'::timestamp without time zone)), (LLVM Optimized, Jit Execute)", "Rows Removed by Index Recheck": 0, "Exact Heap Blocks": 437909, "Lossy Heap Blocks": 437909, "Plans": [{"Node Type": "Bitmap Index Scan", "Parent Relationship": "Outer", "Index Name": "idx_lineitem_shipdate", "Startup Cost": 0.0, "Total Cost": 24763.28, "Plan Rows": 719903, "Plan Width": 0, "Actual Startup Time": 304.405, "Actual Total Time": 304.405, "Actual Rows": 772803, "Actual Loops": 1, "Index Cond": "((l_shipdate >= '1996-12-01 00:00:00'::timestamp(0) without time zone) AND (l_shipdate < '1997-01-01 00:00:00'::timestamp without time zone))"}]}, {"Node Type": "Hash", "Parent Relationship": "Inner", "Startup Cost": 61944.0, "Total Cost": 61944.0, "Plan Rows": 2000000, "Plan Width": 29, "Actual Startup Time": 1333.257, "Actual Total Time": 1333.257, "Actual Rows": 2000000, "Actual Loops": 1, "Hash Buckets": 2097152, "Hash Batches": 1, "Original Hash Batches": 1, "Peak Memory Usage": 126040, "Plans": [{"Node Type": "Seq Scan", "Parent Relationship": "Outer", "Relation Name": "part", "Alias": "part", "Startup Cost": 0.0, "Total Cost": 61944.0, "Plan Rows": 2000000, "Plan Width": 29, "Actual Startup Time": 0.034, "Actual Total Time": 698.306, "Actual Rows": 2000000, "Actual Loops": 1}]}]}]}, "Triggers": [], "Planner Runtime": 0, "Total Runtime": 3964.056, "Unique SQL Id": 379939634}}, "(64, 99)": {"explain_plan": {"Plan": {"Node Type": "Aggregate", "Strategy": "Plain", "Startup Cost": 4357819.44, "Total Cost": 4357819.45, "Plan Rows": 1, "Plan Width": 53, "Plans": [{"Node Type": "Nested Loop", "Parent Relationship": "Outer", "Join Type": "Inner", "Startup Cost": 24943.55, "Total Cost": 4345221.13, "Plan Rows": 719903, "Plan Width": 37, "Inner Unique": true, "Plans": [{"Node Type": "Bitmap Heap Scan", "Parent Relationship": "Outer", "Relation Name": "lineitem", "Alias": "lineitem", "Startup Cost": 24943.26, "Total Cost": 1235000.32, "Plan Rows": 719903, "Plan Width": 24, "Recheck Cond": "((l_shipdate >= '1996-12-01 00:00:00'::timestamp(0) without time zone) AND (l_shipdate < '1997-01-01 00:00:00'::timestamp without time zone)), (LLVM Optimized)", "Plans": [{"Node Type": "Bitmap Index Scan", "Parent Relationship": "Outer", "Index Name": "idx_lineitem_shipdate", "Startup Cost": 0.0, "Total Cost": 24763.28, "Plan Rows": 719903, "Plan Width": 0, "Index Cond": "((l_shipdate >= '1996-12-01 00:00:00'::timestamp(0) without time zone) AND (l_shipdate < '1997-01-01 00:00:00'::timestamp without time zone))"}]}, {"Node Type": "Bitmap Heap Scan", "Parent Relationship": "Inner", "Relation Name": "part", "Alias": "part", "Startup Cost": 0.3, "Total Cost": 4.31, "Plan Rows": 1, "Plan Width": 29, "Recheck Cond": "(p_partkey = lineitem.l_partkey)", "Plans": [{"Node Type": "Bitmap Index Scan", "Parent Relationship": "Outer", "Index Name": "part_kpey", "Startup Cost": 0.0, "Total Cost": 0.3, "Plan Rows": 1, "Plan Width": 0, "Index Cond": "(p_partkey = lineitem.l_partkey)"}]}]}]}, "Unique SQL Id": 379939634, "Planner Runtime": 0}, "explain_analyze_plan": {"Plan": {"Node Type": "Aggregate", "Strategy": "Plain", "Startup Cost": 4357819.44, "Total Cost": 4357819.45, "Plan Rows": 1, "Plan Width": 53, "Actual Startup Time": 8374.121, "Actual Total Time": 8374.121, "Actual Rows": 1, "Actual Loops": 1, "Plans": [{"Node Type": "Nested Loop", "Parent Relationship": "Outer", "Join Type": "Inner", "Startup Cost": 24943.55, "Total Cost": 4345221.13, "Plan Rows": 719903, "Plan Width": 37, "Actual Startup Time": 511.97, "Actual Total Time": 7861.902, "Actual Rows": 772803, "Actual Loops": 1, "Inner Unique": true, "Plans": [{"Node Type": "Bitmap Heap Scan", "Parent Relationship": "Outer", "Relation Name": "lineitem", "Alias": "lineitem", "Startup Cost": 24943.26, "Total Cost": 1235000.32, "Plan Rows": 719903, "Plan Width": 24, "Actual Startup Time": 511.814, "Actual Total Time": 1803.715, "Actual Rows": 772803, "Actual Loops": 1, "Recheck Cond": "((l_shipdate >= '1996-12-01 00:00:00'::timestamp(0) without time zone) AND (l_shipdate < '1997-01-01 00:00:00'::timestamp without time zone)), (LLVM Optimized, Jit Execute)", "Rows Removed by Index Recheck": 0, "Exact Heap Blocks": 437909, "Lossy Heap Blocks": 437909, "Plans": [{"Node Type": "Bitmap Index Scan", "Parent Relationship": "Outer", "Index Name": "idx_lineitem_shipdate", "Startup Cost": 0.0, "Total Cost": 24763.28, "Plan Rows": 719903, "Plan Width": 0, "Actual Startup Time": 303.892, "Actual Total Time": 303.892, "Actual Rows": 772803, "Actual Loops": 1, "Index Cond": "((l_shipdate >= '1996-12-01 00:00:00'::timestamp(0) without time zone) AND (l_shipdate < '1997-01-01 00:00:00'::timestamp without time zone))"}]}, {"Node Type": "Bitmap Heap Scan", "Parent Relationship": "Inner", "Relation Name": "part", "Alias": "part", "Startup Cost": 0.3, "Total Cost": 4.31, "Plan Rows": 1, "Plan Width": 29, "Actual Startup Time": 4978.943, "Actual Total Time": 4978.943, "Actual Rows": 772803, "Actual Loops": 772803, "Recheck Cond": "(p_partkey = lineitem.l_partkey)", "Rows Removed by Index Recheck": 0, "Exact Heap Blocks": 772803, "Lossy Heap Blocks": 772803, "Plans": [{"Node Type": "Bitmap Index Scan", "Parent Relationship": "Outer", "Index Name": "part_kpey", "Startup Cost": 0.0, "Total Cost": 0.3, "Plan Rows": 1, "Plan Width": 0, "Actual Startup Time": 3069.068, "Actual Total Time": 3069.068, "Actual Rows": 772803, "Actual Loops": 772803, "Index Cond": "(p_partkey = lineitem.l_partkey)"}]}]}]}, "Triggers": [], "Planner Runtime": 0, "Total Runtime": 8385.255, "Unique SQL Id": 379939634}}, "(64, 100)": {"explain_plan": {"Plan": {"Node Type": "Aggregate", "Strategy": "Plain", "Startup Cost": 1344441.29, "Total Cost": 1344441.3, "Plan Rows": 1, "Plan Width": 53, "Plans": [{"Node Type": "Hash Join", "Parent Relationship": "Outer", "Join Type": "Inner", "Startup Cost": 111887.26, "Total Cost": 1331842.98, "Plan Rows": 719903, "Plan Width": 37, "Inner Unique": true, "Hash Cond": "(lineitem.l_partkey = part.p_partkey), (LLVM Optimized)", "Plans": [{"Node Type": "Bitmap Heap Scan", "Parent Relationship": "Outer", "Relation Name": "lineitem", "Alias": "lineitem", "Startup Cost": 24943.26, "Total Cost": 1235000.32, "Plan Rows": 719903, "Plan Width": 24, "Recheck Cond": "((l_shipdate >= '1996-12-01 00:00:00'::timestamp(0) without time zone) AND (l_shipdate < '1997-01-01 00:00:00'::timestamp without time zone)), (LLVM Optimized)", "Plans": [{"Node Type": "Bitmap Index Scan", "Parent Relationship": "Outer", "Index Name": "idx_lineitem_shipdate", "Startup Cost": 0.0, "Total Cost": 24763.28, "Plan Rows": 719903, "Plan Width": 0, "Index Cond": "((l_shipdate >= '1996-12-01 00:00:00'::timestamp(0) without time zone) AND (l_shipdate < '1997-01-01 00:00:00'::timestamp without time zone))"}]}, {"Node Type": "Hash", "Parent Relationship": "Inner", "Startup Cost": 61944.0, "Total Cost": 61944.0, "Plan Rows": 2000000, "Plan Width": 29, "Plans": [{"Node Type": "Seq Scan", "Parent Relationship": "Outer", "Relation Name": "part", "Alias": "part", "Startup Cost": 0.0, "Total Cost": 61944.0, "Plan Rows": 2000000, "Plan Width": 29}]}]}]}, "Unique SQL Id": 379939634, "Planner Runtime": 0}, "explain_analyze_plan": {"Plan": {"Node Type": "Aggregate", "Strategy": "Plain", "Startup Cost": 1344441.29, "Total Cost": 1344441.3, "Plan Rows": 1, "Plan Width": 53, "Actual Startup Time": 3949.646, "Actual Total Time": 3949.647, "Actual Rows": 1, "Actual Loops": 1, "Plans": [{"Node Type": "Hash Join", "Parent Relationship": "Outer", "Join Type": "Inner", "Startup Cost": 111887.26, "Total Cost": 1331842.98, "Plan Rows": 719903, "Plan Width": 37, "Actual Startup Time": 1804.081, "Actual Total Time": 3575.966, "Actual Rows": 772803, "Actual Loops": 1, "Inner Unique": true, "Hash Cond": "(lineitem.l_partkey = part.p_partkey), (LLVM Optimized, Jit Execute)", "Plans": [{"Node Type": "Bitmap Heap Scan", "Parent Relationship": "Outer", "Relation Name": "lineitem", "Alias": "lineitem", "Startup Cost": 24943.26, "Total Cost": 1235000.32, "Plan Rows": 719903, "Plan Width": 24, "Actual Startup Time": 469.464, "Actual Total Time": 1694.161, "Actual Rows": 772803, "Actual Loops": 1, "Recheck Cond": "((l_shipdate >= '1996-12-01 00:00:00'::timestamp(0) without time zone) AND (l_shipdate < '1997-01-01 00:00:00'::timestamp without time zone)), (LLVM Optimized, Jit Execute)", "Rows Removed by Index Recheck": 0, "Exact Heap Blocks": 437909, "Lossy Heap Blocks": 437909, "Plans": [{"Node Type": "Bitmap Index Scan", "Parent Relationship": "Outer", "Index Name": "idx_lineitem_shipdate", "Startup Cost": 0.0, "Total Cost": 24763.28, "Plan Rows": 719903, "Plan Width": 0, "Actual Startup Time": 304.405, "Actual Total Time": 304.405, "Actual Rows": 772803, "Actual Loops": 1, "Index Cond": "((l_shipdate >= '1996-12-01 00:00:00'::timestamp(0) without time zone) AND (l_shipdate < '1997-01-01 00:00:00'::timestamp without time zone))"}]}, {"Node Type": "Hash", "Parent Relationship": "Inner", "Startup Cost": 61944.0, "Total Cost": 61944.0, "Plan Rows": 2000000, "Plan Width": 29, "Actual Startup Time": 1333.257, "Actual Total Time": 1333.257, "Actual Rows": 2000000, "Actual Loops": 1, "Hash Buckets": 2097152, "Hash Batches": 1, "Original Hash Batches": 1, "Peak Memory Usage": 126040, "Plans": [{"Node Type": "Seq Scan", "Parent Relationship": "Outer", "Relation Name": "part", "Alias": "part", "Startup Cost": 0.0, "Total Cost": 61944.0, "Plan Rows": 2000000, "Plan Width": 29, "Actual Startup Time": 0.034, "Actual Total Time": 698.306, "Actual Rows": 2000000, "Actual Loops": 1}]}]}]}, "Triggers": [], "Planner Runtime": 0, "Total Runtime": 3964.056, "Unique SQL Id": 379939634}}, "(64, 101)": {"explain_plan": {"Plan": {"Node Type": "Aggregate", "Strategy": "Plain", "Startup Cost": 1383300.54, "Total Cost": 1383300.55, "Plan Rows": 1, "Plan Width": 53, "Plans": [{"Node Type": "Hash Join", "Parent Relationship": "Outer", "Join Type": "Inner", "Startup Cost": 150746.51, "Total Cost": 1370702.23, "Plan Rows": 719903, "Plan Width": 37, "Inner Unique": true, "Hash Cond": "(lineitem.l_partkey = part.p_partkey), (LLVM Optimized)", "Plans": [{"Node Type": "Bitmap Heap Scan", "Parent Relationship": "Outer", "Relation Name": "lineitem", "Alias": "lineitem", "Startup Cost": 24943.26, "Total Cost": 1235000.32, "Plan Rows": 719903, "Plan Width": 24, "Recheck Cond": "((l_shipdate >= '1996-12-01 00:00:00'::timestamp(0) without time zone) AND (l_shipdate < '1997-01-01 00:00:00'::timestamp without time zone)), (LLVM Optimized)", "Plans": [{"Node Type": "Bitmap Index Scan", "Parent Relationship": "Outer", "Index Name": "idx_lineitem_shipdate", "Startup Cost": 0.0, "Total Cost": 24763.28, "Plan Rows": 719903, "Plan Width": 0, "Index Cond": "((l_shipdate >= '1996-12-01 00:00:00'::timestamp(0) without time zone) AND (l_shipdate < '1997-01-01 00:00:00'::timestamp without time zone))"}]}, {"Node Type": "Hash", "Parent Relationship": "Inner", "Startup Cost": 100803.25, "Total Cost": 100803.25, "Plan Rows": 2000000, "Plan Width": 29, "Plans": [{"Node Type": "Index Scan", "Parent Relationship": "Outer", "Scan Direction": "Forward", "Index Name": "part_kpey", "Relation Name": "part", "Alias": "part", "Startup Cost": 0.0, "Total Cost": 100803.25, "Plan Rows": 2000000, "Plan Width": 29}]}]}]}, "Unique SQL Id": 379939634, "Planner Runtime": 0}, "explain_analyze_plan": {"Plan": {"Node Type": "Aggregate", "Strategy": "Plain", "Startup Cost": 1383300.54, "Total Cost": 1383300.55, "Plan Rows": 1, "Plan Width": 53, "Actual Startup Time": 5392.049, "Actual Total Time": 5392.049, "Actual Rows": 1, "Actual Loops": 1, "Plans": [{"Node Type": "Hash Join", "Parent Relationship": "Outer", "Join Type": "Inner", "Startup Cost": 150746.51, "Total Cost": 1370702.23, "Plan Rows": 719903, "Plan Width": 37, "Actual Startup Time": 2926.424, "Actual Total Time": 5025.717, "Actual Rows": 772803, "Actual Loops": 1, "Inner Unique": true, "Hash Cond": "(lineitem.l_partkey = part.p_partkey), (LLVM Optimized, Jit Execute)", "Plans": [{"Node Type": "Bitmap Heap Scan", "Parent Relationship": "Outer", "Relation Name": "lineitem", "Alias": "lineitem", "Startup Cost": 24943.26, "Total Cost": 1235000.32, "Plan Rows": 719903, "Plan Width": 24, "Actual Startup Time": 468.518, "Actual Total Time": 1836.972, "Actual Rows": 772803, "Actual Loops": 1, "Recheck Cond": "((l_shipdate >= '1996-12-01 00:00:00'::timestamp(0) without time zone) AND (l_shipdate < '1997-01-01 00:00:00'::timestamp without time zone)), (LLVM Optimized, Jit Execute)", "Rows Removed by Index Recheck": 0, "Exact Heap Blocks": 437909, "Lossy Heap Blocks": 437909, "Plans": [{"Node Type": "Bitmap Index Scan", "Parent Relationship": "Outer", "Index Name": "idx_lineitem_shipdate", "Startup Cost": 0.0, "Total Cost": 24763.28, "Plan Rows": 719903, "Plan Width": 0, "Actual Startup Time": 304.232, "Actual Total Time": 304.232, "Actual Rows": 772803, "Actual Loops": 1, "Index Cond": "((l_shipdate >= '1996-12-01 00:00:00'::timestamp(0) without time zone) AND (l_shipdate < '1997-01-01 00:00:00'::timestamp without time zone))"}]}, {"Node Type": "Hash", "Parent Relationship": "Inner", "Startup Cost": 100803.25, "Total Cost": 100803.25, "Plan Rows": 2000000, "Plan Width": 29, "Actual Startup Time": 2456.558, "Actual Total Time": 2456.558, "Actual Rows": 2000000, "Actual Loops": 1, "Hash Buckets": 2097152, "Hash Batches": 1, "Original Hash Batches": 1, "Peak Memory Usage": 126040, "Plans": [{"Node Type": "Index Scan", "Parent Relationship": "Outer", "Scan Direction": "Forward", "Index Name": "part_kpey", "Relation Name": "part", "Alias": "part", "Startup Cost": 0.0, "Total Cost": 100803.25, "Plan Rows": 2000000, "Plan Width": 29, "Actual Startup Time": 0.05, "Actual Total Time": 1550.403, "Actual Rows": 2000000, "Actual Loops": 1}]}]}]}, "Triggers": [], "Planner Runtime": 0, "Total Runtime": 5406.949, "Unique SQL Id": 379939634}}, "(64, 102)": {"explain_plan": {"Plan": {"Node Type": "Aggregate", "Strategy": "Plain", "Startup Cost": 1344441.29, "Total Cost": 1344441.3, "Plan Rows": 1, "Plan Width": 53, "Plans": [{"Node Type": "Hash Join", "Parent Relationship": "Outer", "Join Type": "Inner", "Startup Cost": 111887.26, "Total Cost": 1331842.98, "Plan Rows": 719903, "Plan Width": 37, "Inner Unique": true, "Hash Cond": "(lineitem.l_partkey = part.p_partkey), (LLVM Optimized)", "Plans": [{"Node Type": "Bitmap Heap Scan", "Parent Relationship": "Outer", "Relation Name": "lineitem", "Alias": "lineitem", "Startup Cost": 24943.26, "Total Cost": 1235000.32, "Plan Rows": 719903, "Plan Width": 24, "Recheck Cond": "((l_shipdate >= '1996-12-01 00:00:00'::timestamp(0) without time zone) AND (l_shipdate < '1997-01-01 00:00:00'::timestamp without time zone)), (LLVM Optimized)", "Plans": [{"Node Type": "Bitmap Index Scan", "Parent Relationship": "Outer", "Index Name": "idx_lineitem_shipdate", "Startup Cost": 0.0, "Total Cost": 24763.28, "Plan Rows": 719903, "Plan Width": 0, "Index Cond": "((l_shipdate >= '1996-12-01 00:00:00'::timestamp(0) without time zone) AND (l_shipdate < '1997-01-01 00:00:00'::timestamp without time zone))"}]}, {"Node Type": "Hash", "Parent Relationship": "Inner", "Startup Cost": 61944.0, "Total Cost": 61944.0, "Plan Rows": 2000000, "Plan Width": 29, "Plans": [{"Node Type": "Seq Scan", "Parent Relationship": "Outer", "Relation Name": "part", "Alias": "part", "Startup Cost": 0.0, "Total Cost": 61944.0, "Plan Rows": 2000000, "Plan Width": 29}]}]}]}, "Unique SQL Id": 379939634, "Planner Runtime": 0}, "explain_analyze_plan": {"Plan": {"Node Type": "Aggregate", "Strategy": "Plain", "Startup Cost": 1344441.29, "Total Cost": 1344441.3, "Plan Rows": 1, "Plan Width": 53, "Actual Startup Time": 3949.646, "Actual Total Time": 3949.647, "Actual Rows": 1, "Actual Loops": 1, "Plans": [{"Node Type": "Hash Join", "Parent Relationship": "Outer", "Join Type": "Inner", "Startup Cost": 111887.26, "Total Cost": 1331842.98, "Plan Rows": 719903, "Plan Width": 37, "Actual Startup Time": 1804.081, "Actual Total Time": 3575.966, "Actual Rows": 772803, "Actual Loops": 1, "Inner Unique": true, "Hash Cond": "(lineitem.l_partkey = part.p_partkey), (LLVM Optimized, Jit Execute)", "Plans": [{"Node Type": "Bitmap Heap Scan", "Parent Relationship": "Outer", "Relation Name": "lineitem", "Alias": "lineitem", "Startup Cost": 24943.26, "Total Cost": 1235000.32, "Plan Rows": 719903, "Plan Width": 24, "Actual Startup Time": 469.464, "Actual Total Time": 1694.161, "Actual Rows": 772803, "Actual Loops": 1, "Recheck Cond": "((l_shipdate >= '1996-12-01 00:00:00'::timestamp(0) without time zone) AND (l_shipdate < '1997-01-01 00:00:00'::timestamp without time zone)), (LLVM Optimized, Jit Execute)", "Rows Removed by Index Recheck": 0, "Exact Heap Blocks": 437909, "Lossy Heap Blocks": 437909, "Plans": [{"Node Type": "Bitmap Index Scan", "Parent Relationship": "Outer", "Index Name": "idx_lineitem_shipdate", "Startup Cost": 0.0, "Total Cost": 24763.28, "Plan Rows": 719903, "Plan Width": 0, "Actual Startup Time": 304.405, "Actual Total Time": 304.405, "Actual Rows": 772803, "Actual Loops": 1, "Index Cond": "((l_shipdate >= '1996-12-01 00:00:00'::timestamp(0) without time zone) AND (l_shipdate < '1997-01-01 00:00:00'::timestamp without time zone))"}]}, {"Node Type": "Hash", "Parent Relationship": "Inner", "Startup Cost": 61944.0, "Total Cost": 61944.0, "Plan Rows": 2000000, "Plan Width": 29, "Actual Startup Time": 1333.257, "Actual Total Time": 1333.257, "Actual Rows": 2000000, "Actual Loops": 1, "Hash Buckets": 2097152, "Hash Batches": 1, "Original Hash Batches": 1, "Peak Memory Usage": 126040, "Plans": [{"Node Type": "Seq Scan", "Parent Relationship": "Outer", "Relation Name": "part", "Alias": "part", "Startup Cost": 0.0, "Total Cost": 61944.0, "Plan Rows": 2000000, "Plan Width": 29, "Actual Startup Time": 0.034, "Actual Total Time": 698.306, "Actual Rows": 2000000, "Actual Loops": 1}]}]}]}, "Triggers": [], "Planner Runtime": 0, "Total Runtime": 3964.056, "Unique SQL Id": 379939634}}, "(64, 103)": {"explain_plan": {"Plan": {"Node Type": "Aggregate", "Strategy": "Plain", "Startup Cost": 4357819.44, "Total Cost": 4357819.45, "Plan Rows": 1, "Plan Width": 53, "Plans": [{"Node Type": "Nested Loop", "Parent Relationship": "Outer", "Join Type": "Inner", "Startup Cost": 24943.55, "Total Cost": 4345221.13, "Plan Rows": 719903, "Plan Width": 37, "Inner Unique": true, "Plans": [{"Node Type": "Bitmap Heap Scan", "Parent Relationship": "Outer", "Relation Name": "lineitem", "Alias": "lineitem", "Startup Cost": 24943.26, "Total Cost": 1235000.32, "Plan Rows": 719903, "Plan Width": 24, "Recheck Cond": "((l_shipdate >= '1996-12-01 00:00:00'::timestamp(0) without time zone) AND (l_shipdate < '1997-01-01 00:00:00'::timestamp without time zone)), (LLVM Optimized)", "Plans": [{"Node Type": "Bitmap Index Scan", "Parent Relationship": "Outer", "Index Name": "idx_lineitem_shipdate", "Startup Cost": 0.0, "Total Cost": 24763.28, "Plan Rows": 719903, "Plan Width": 0, "Index Cond": "((l_shipdate >= '1996-12-01 00:00:00'::timestamp(0) without time zone) AND (l_shipdate < '1997-01-01 00:00:00'::timestamp without time zone))"}]}, {"Node Type": "Bitmap Heap Scan", "Parent Relationship": "Inner", "Relation Name": "part", "Alias": "part", "Startup Cost": 0.3, "Total Cost": 4.31, "Plan Rows": 1, "Plan Width": 29, "Recheck Cond": "(p_partkey = lineitem.l_partkey)", "Plans": [{"Node Type": "Bitmap Index Scan", "Parent Relationship": "Outer", "Index Name": "part_kpey", "Startup Cost": 0.0, "Total Cost": 0.3, "Plan Rows": 1, "Plan Width": 0, "Index Cond": "(p_partkey = lineitem.l_partkey)"}]}]}]}, "Unique SQL Id": 379939634, "Planner Runtime": 0}, "explain_analyze_plan": {"Plan": {"Node Type": "Aggregate", "Strategy": "Plain", "Startup Cost": 4357819.44, "Total Cost": 4357819.45, "Plan Rows": 1, "Plan Width": 53, "Actual Startup Time": 8374.121, "Actual Total Time": 8374.121, "Actual Rows": 1, "Actual Loops": 1, "Plans": [{"Node Type": "Nested Loop", "Parent Relationship": "Outer", "Join Type": "Inner", "Startup Cost": 24943.55, "Total Cost": 4345221.13, "Plan Rows": 719903, "Plan Width": 37, "Actual Startup Time": 511.97, "Actual Total Time": 7861.902, "Actual Rows": 772803, "Actual Loops": 1, "Inner Unique": true, "Plans": [{"Node Type": "Bitmap Heap Scan", "Parent Relationship": "Outer", "Relation Name": "lineitem", "Alias": "lineitem", "Startup Cost": 24943.26, "Total Cost": 1235000.32, "Plan Rows": 719903, "Plan Width": 24, "Actual Startup Time": 511.814, "Actual Total Time": 1803.715, "Actual Rows": 772803, "Actual Loops": 1, "Recheck Cond": "((l_shipdate >= '1996-12-01 00:00:00'::timestamp(0) without time zone) AND (l_shipdate < '1997-01-01 00:00:00'::timestamp without time zone)), (LLVM Optimized, Jit Execute)", "Rows Removed by Index Recheck": 0, "Exact Heap Blocks": 437909, "Lossy Heap Blocks": 437909, "Plans": [{"Node Type": "Bitmap Index Scan", "Parent Relationship": "Outer", "Index Name": "idx_lineitem_shipdate", "Startup Cost": 0.0, "Total Cost": 24763.28, "Plan Rows": 719903, "Plan Width": 0, "Actual Startup Time": 303.892, "Actual Total Time": 303.892, "Actual Rows": 772803, "Actual Loops": 1, "Index Cond": "((l_shipdate >= '1996-12-01 00:00:00'::timestamp(0) without time zone) AND (l_shipdate < '1997-01-01 00:00:00'::timestamp without time zone))"}]}, {"Node Type": "Bitmap Heap Scan", "Parent Relationship": "Inner", "Relation Name": "part", "Alias": "part", "Startup Cost": 0.3, "Total Cost": 4.31, "Plan Rows": 1, "Plan Width": 29, "Actual Startup Time": 4978.943, "Actual Total Time": 4978.943, "Actual Rows": 772803, "Actual Loops": 772803, "Recheck Cond": "(p_partkey = lineitem.l_partkey)", "Rows Removed by Index Recheck": 0, "Exact Heap Blocks": 772803, "Lossy Heap Blocks": 772803, "Plans": [{"Node Type": "Bitmap Index Scan", "Parent Relationship": "Outer", "Index Name": "part_kpey", "Startup Cost": 0.0, "Total Cost": 0.3, "Plan Rows": 1, "Plan Width": 0, "Actual Startup Time": 3069.068, "Actual Total Time": 3069.068, "Actual Rows": 772803, "Actual Loops": 772803, "Index Cond": "(p_partkey = lineitem.l_partkey)"}]}]}]}, "Triggers": [], "Planner Runtime": 0, "Total Runtime": 8385.255, "Unique SQL Id": 379939634}}, "(64, 104)": {"explain_plan": {"Plan": {"Node Type": "Aggregate", "Strategy": "Plain", "Startup Cost": 2437127.27, "Total Cost": 2437127.29, "Plan Rows": 1, "Plan Width": 53, "Plans": [{"Node Type": "Hash Join", "Parent Relationship": "Outer", "Join Type": "Inner", "Startup Cost": 86944.0, "Total Cost": 2424528.97, "Plan Rows": 719903, "Plan Width": 37, "Inner Unique": true, "Hash Cond": "(lineitem.l_partkey = part.p_partkey), (LLVM Optimized)", "Plans": [{"Node Type": "Index Scan", "Parent Relationship": "Outer", "Scan Direction": "Forward", "Index Name": "idx_lineitem_shipdate", "Relation Name": "lineitem", "Alias": "lineitem", "Startup Cost": 0.0, "Total Cost": 2327686.3, "Plan Rows": 719903, "Plan Width": 24, "Index Cond": "((l_shipdate >= '1996-12-01 00:00:00'::timestamp(0) without time zone) AND (l_shipdate < '1997-01-01 00:00:00'::timestamp without time zone)), (LLVM Optimized)"}, {"Node Type": "Hash", "Parent Relationship": "Inner", "Startup Cost": 61944.0, "Total Cost": 61944.0, "Plan Rows": 2000000, "Plan Width": 29, "Plans": [{"Node Type": "Seq Scan", "Parent Relationship": "Outer", "Relation Name": "part", "Alias": "part", "Startup Cost": 0.0, "Total Cost": 61944.0, "Plan Rows": 2000000, "Plan Width": 29}]}]}]}, "Unique SQL Id": 379939634, "Planner Runtime": 0}, "explain_analyze_plan": {"Plan": {"Node Type": "Aggregate", "Strategy": "Plain", "Startup Cost": 2437127.27, "Total Cost": 2437127.29, "Plan Rows": 1, "Plan Width": 53, "Actual Startup Time": 4422.603, "Actual Total Time": 4422.605, "Actual Rows": 1, "Actual Loops": 1, "Plans": [{"Node Type": "Hash Join", "Parent Relationship": "Outer", "Join Type": "Inner", "Startup Cost": 86944.0, "Total Cost": 2424528.97, "Plan Rows": 719903, "Plan Width": 37, "Actual Startup Time": 1384.877, "Actual Total Time": 4035.454, "Actual Rows": 772803, "Actual Loops": 1, "Inner Unique": true, "Hash Cond": "(lineitem.l_partkey = part.p_partkey), (LLVM Optimized, Jit Execute)", "Plans": [{"Node Type": "Index Scan", "Parent Relationship": "Outer", "Scan Direction": "Forward", "Index Name": "idx_lineitem_shipdate", "Relation Name": "lineitem", "Alias": "lineitem", "Startup Cost": 0.0, "Total Cost": 2327686.3, "Plan Rows": 719903, "Plan Width": 24, "Actual Startup Time": 0.031, "Actual Total Time": 1958.157, "Actual Rows": 772803, "Actual Loops": 1, "Index Cond": "((l_shipdate >= '1996-12-01 00:00:00'::timestamp(0) without time zone) AND (l_shipdate < '1997-01-01 00:00:00'::timestamp without time zone)), (LLVM Optimized, Jit Execute)", "Rows Removed by Index Recheck": 0}, {"Node Type": "Hash", "Parent Relationship": "Inner", "Startup Cost": 61944.0, "Total Cost": 61944.0, "Plan Rows": 2000000, "Plan Width": 29, "Actual Startup Time": 1383.553, "Actual Total Time": 1383.553, "Actual Rows": 2000000, "Actual Loops": 1, "Hash Buckets": 2097152, "Hash Batches": 1, "Original Hash Batches": 1, "Peak Memory Usage": 126040, "Plans": [{"Node Type": "Seq Scan", "Parent Relationship": "Outer", "Relation Name": "part", "Alias": "part", "Startup Cost": 0.0, "Total Cost": 61944.0, "Plan Rows": 2000000, "Plan Width": 29, "Actual Startup Time": 0.021, "Actual Total Time": 700.788, "Actual Rows": 2000000, "Actual Loops": 1}]}]}]}, "Triggers": [], "Planner Runtime": 0, "Total Runtime": 4436.433, "Unique SQL Id": 379939634}}, "(64, 105)": {"explain_plan": {"Plan": {"Node Type": "Aggregate", "Strategy": "Plain", "Startup Cost": 2475986.52, "Total Cost": 2475986.54, "Plan Rows": 1, "Plan Width": 53, "Plans": [{"Node Type": "Hash Join", "Parent Relationship": "Outer", "Join Type": "Inner", "Startup Cost": 125803.25, "Total Cost": 2463388.22, "Plan Rows": 719903, "Plan Width": 37, "Inner Unique": true, "Hash Cond": "(lineitem.l_partkey = part.p_partkey), (LLVM Optimized)", "Plans": [{"Node Type": "Index Scan", "Parent Relationship": "Outer", "Scan Direction": "Forward", "Index Name": "idx_lineitem_shipdate", "Relation Name": "lineitem", "Alias": "lineitem", "Startup Cost": 0.0, "Total Cost": 2327686.3, "Plan Rows": 719903, "Plan Width": 24, "Index Cond": "((l_shipdate >= '1996-12-01 00:00:00'::timestamp(0) without time zone) AND (l_shipdate < '1997-01-01 00:00:00'::timestamp without time zone)), (LLVM Optimized)"}, {"Node Type": "Hash", "Parent Relationship": "Inner", "Startup Cost": 100803.25, "Total Cost": 100803.25, "Plan Rows": 2000000, "Plan Width": 29, "Plans": [{"Node Type": "Index Scan", "Parent Relationship": "Outer", "Scan Direction": "Forward", "Index Name": "part_kpey", "Relation Name": "part", "Alias": "part", "Startup Cost": 0.0, "Total Cost": 100803.25, "Plan Rows": 2000000, "Plan Width": 29}]}]}]}, "Unique SQL Id": 379939634, "Planner Runtime": 0}, "explain_analyze_plan": {"Plan": {"Node Type": "Aggregate", "Strategy": "Plain", "Startup Cost": 2475986.52, "Total Cost": 2475986.54, "Plan Rows": 1, "Plan Width": 53, "Actual Startup Time": 4855.73, "Actual Total Time": 4855.73, "Actual Rows": 1, "Actual Loops": 1, "Plans": [{"Node Type": "Hash Join", "Parent Relationship": "Outer", "Join Type": "Inner", "Startup Cost": 125803.25, "Total Cost": 2463388.22, "Plan Rows": 719903, "Plan Width": 37, "Actual Startup Time": 2037.195, "Actual Total Time": 4465.551, "Actual Rows": 772803, "Actual Loops": 1, "Inner Unique": true, "Hash Cond": "(lineitem.l_partkey = part.p_partkey), (LLVM Optimized, Jit Execute)", "Plans": [{"Node Type": "Index Scan", "Parent Relationship": "Outer", "Scan Direction": "Forward", "Index Name": "idx_lineitem_shipdate", "Relation Name": "lineitem", "Alias": "lineitem", "Startup Cost": 0.0, "Total Cost": 2327686.3, "Plan Rows": 719903, "Plan Width": 24, "Actual Startup Time": 0.035, "Actual Total Time": 1837.144, "Actual Rows": 772803, "Actual Loops": 1, "Index Cond": "((l_shipdate >= '1996-12-01 00:00:00'::timestamp(0) without time zone) AND (l_shipdate < '1997-01-01 00:00:00'::timestamp without time zone)), (LLVM Optimized, Jit Execute)", "Rows Removed by Index Recheck": 0}, {"Node Type": "Hash", "Parent Relationship": "Inner", "Startup Cost": 100803.25, "Total Cost": 100803.25, "Plan Rows": 2000000, "Plan Width": 29, "Actual Startup Time": 2035.84, "Actual Total Time": 2035.84, "Actual Rows": 2000000, "Actual Loops": 1, "Hash Buckets": 2097152, "Hash Batches": 1, "Original Hash Batches": 1, "Peak Memory Usage": 126040, "Plans": [{"Node Type": "Index Scan", "Parent Relationship": "Outer", "Scan Direction": "Forward", "Index Name": "part_kpey", "Relation Name": "part", "Alias": "part", "Startup Cost": 0.0, "Total Cost": 100803.25, "Plan Rows": 2000000, "Plan Width": 29, "Actual Startup Time": 0.026, "Actual Total Time": 1275.246, "Actual Rows": 2000000, "Actual Loops": 1}]}]}]}, "Triggers": [], "Planner Runtime": 0, "Total Runtime": 4869.748, "Unique SQL Id": 379939634}}, "(64, 106)": {"explain_plan": {"Plan": {"Node Type": "Aggregate", "Strategy": "Plain", "Startup Cost": 2424491.46, "Total Cost": 2424491.48, "Plan Rows": 1, "Plan Width": 53, "Plans": [{"Node Type": "Hash Join", "Parent Relationship": "Outer", "Join Type": "Inner", "Startup Cost": 86988.58, "Total Cost": 2411893.16, "Plan Rows": 719903, "Plan Width": 37, "Inner Unique": true, "Hash Cond": "(lineitem.l_partkey = part.p_partkey), (LLVM Optimized)", "Plans": [{"Node Type": "Seq Scan", "Parent Relationship": "Outer", "Relation Name": "lineitem", "Alias": "lineitem", "Startup Cost": 44.58, "Total Cost": 2315050.5, "Plan Rows": 719903, "Plan Width": 24, "Filter": "((l_shipdate >= '1996-12-01 00:00:00'::timestamp(0) without time zone) AND (l_shipdate < '1997-01-01 00:00:00'::timestamp without time zone)), (LLVM Optimized)"}, {"Node Type": "Hash", "Parent Relationship": "Inner", "Startup Cost": 61944.0, "Total Cost": 61944.0, "Plan Rows": 2000000, "Plan Width": 29, "Plans": [{"Node Type": "Seq Scan", "Parent Relationship": "Outer", "Relation Name": "part", "Alias": "part", "Startup Cost": 0.0, "Total Cost": 61944.0, "Plan Rows": 2000000, "Plan Width": 29}]}]}]}, "Unique SQL Id": 379939634, "Planner Runtime": 0}, "explain_analyze_plan": null}, "(64, 107)": {"explain_plan": {"Plan": {"Node Type": "Aggregate", "Strategy": "Plain", "Startup Cost": 2000815512658.11, "Total Cost": 2000815512658.13, "Plan Rows": 1, "Plan Width": 53, "Plans": [{"Node Type": "Hash Join", "Parent Relationship": "Outer", "Join Type": "Inner", "Startup Cost": 1010010105325.0, "Total Cost": 2000815500059.81, "Plan Rows": 719903, "Plan Width": 37, "Inner Unique": true, "Hash Cond": "(lineitem.l_partkey = part.p_partkey), (LLVM Optimized)", "Plans": [{"Node Type": "Index Scan", "Parent Relationship": "Outer", "Scan Direction": "Forward", "Index Name": "idx_lineitem_part_supp", "Relation Name": "lineitem", "Alias": "lineitem", "Startup Cost": 10000000000.0, "Total Cost": 1000805384836.14, "Plan Rows": 719903, "Plan Width": 24, "Filter": "((l_shipdate >= '1996-12-01 00:00:00'::timestamp(0) without time zone) AND (l_shipdate < '1997-01-01 00:00:00'::timestamp without time zone)), (LLVM Optimized)"}, {"Node Type": "Hash", "Parent Relationship": "Inner", "Startup Cost": 1000010080325.0, "Total Cost": 1000010080325.0, "Plan Rows": 2000000, "Plan Width": 29, "Plans": [{"Node Type": "Index Scan", "Parent Relationship": "Outer", "Scan Direction": "Forward", "Index Name": "part_kpey", "Relation Name": "part", "Alias": "part", "Startup Cost": 10000000000.0, "Total Cost": 1000010080325.0, "Plan Rows": 2000000, "Plan Width": 29}]}]}]}, "Unique SQL Id": 379939634, "Planner Runtime": 0}, "explain_analyze_plan": null}, "(64, 108)": {"explain_plan": {"Plan": {"Node Type": "Aggregate", "Strategy": "Plain", "Startup Cost": 2437127.27, "Total Cost": 2437127.29, "Plan Rows": 1, "Plan Width": 53, "Plans": [{"Node Type": "Hash Join", "Parent Relationship": "Outer", "Join Type": "Inner", "Startup Cost": 86944.0, "Total Cost": 2424528.97, "Plan Rows": 719903, "Plan Width": 37, "Inner Unique": true, "Hash Cond": "(lineitem.l_partkey = part.p_partkey), (LLVM Optimized)", "Plans": [{"Node Type": "Index Scan", "Parent Relationship": "Outer", "Scan Direction": "Forward", "Index Name": "idx_lineitem_shipdate", "Relation Name": "lineitem", "Alias": "lineitem", "Startup Cost": 0.0, "Total Cost": 2327686.3, "Plan Rows": 719903, "Plan Width": 24, "Index Cond": "((l_shipdate >= '1996-12-01 00:00:00'::timestamp(0) without time zone) AND (l_shipdate < '1997-01-01 00:00:00'::timestamp without time zone)), (LLVM Optimized)"}, {"Node Type": "Hash", "Parent Relationship": "Inner", "Startup Cost": 61944.0, "Total Cost": 61944.0, "Plan Rows": 2000000, "Plan Width": 29, "Plans": [{"Node Type": "Seq Scan", "Parent Relationship": "Outer", "Relation Name": "part", "Alias": "part", "Startup Cost": 0.0, "Total Cost": 61944.0, "Plan Rows": 2000000, "Plan Width": 29}]}]}]}, "Unique SQL Id": 379939634, "Planner Runtime": 0}, "explain_analyze_plan": {"Plan": {"Node Type": "Aggregate", "Strategy": "Plain", "Startup Cost": 2437127.27, "Total Cost": 2437127.29, "Plan Rows": 1, "Plan Width": 53, "Actual Startup Time": 4422.603, "Actual Total Time": 4422.605, "Actual Rows": 1, "Actual Loops": 1, "Plans": [{"Node Type": "Hash Join", "Parent Relationship": "Outer", "Join Type": "Inner", "Startup Cost": 86944.0, "Total Cost": 2424528.97, "Plan Rows": 719903, "Plan Width": 37, "Actual Startup Time": 1384.877, "Actual Total Time": 4035.454, "Actual Rows": 772803, "Actual Loops": 1, "Inner Unique": true, "Hash Cond": "(lineitem.l_partkey = part.p_partkey), (LLVM Optimized, Jit Execute)", "Plans": [{"Node Type": "Index Scan", "Parent Relationship": "Outer", "Scan Direction": "Forward", "Index Name": "idx_lineitem_shipdate", "Relation Name": "lineitem", "Alias": "lineitem", "Startup Cost": 0.0, "Total Cost": 2327686.3, "Plan Rows": 719903, "Plan Width": 24, "Actual Startup Time": 0.031, "Actual Total Time": 1958.157, "Actual Rows": 772803, "Actual Loops": 1, "Index Cond": "((l_shipdate >= '1996-12-01 00:00:00'::timestamp(0) without time zone) AND (l_shipdate < '1997-01-01 00:00:00'::timestamp without time zone)), (LLVM Optimized, Jit Execute)", "Rows Removed by Index Recheck": 0}, {"Node Type": "Hash", "Parent Relationship": "Inner", "Startup Cost": 61944.0, "Total Cost": 61944.0, "Plan Rows": 2000000, "Plan Width": 29, "Actual Startup Time": 1383.553, "Actual Total Time": 1383.553, "Actual Rows": 2000000, "Actual Loops": 1, "Hash Buckets": 2097152, "Hash Batches": 1, "Original Hash Batches": 1, "Peak Memory Usage": 126040, "Plans": [{"Node Type": "Seq Scan", "Parent Relationship": "Outer", "Relation Name": "part", "Alias": "part", "Startup Cost": 0.0, "Total Cost": 61944.0, "Plan Rows": 2000000, "Plan Width": 29, "Actual Startup Time": 0.021, "Actual Total Time": 700.788, "Actual Rows": 2000000, "Actual Loops": 1}]}]}]}, "Triggers": [], "Planner Runtime": 0, "Total Runtime": 4436.433, "Unique SQL Id": 379939634}}, "(64, 109)": {"explain_plan": {"Plan": {"Node Type": "Aggregate", "Strategy": "Plain", "Startup Cost": 2475986.52, "Total Cost": 2475986.54, "Plan Rows": 1, "Plan Width": 53, "Plans": [{"Node Type": "Hash Join", "Parent Relationship": "Outer", "Join Type": "Inner", "Startup Cost": 125803.25, "Total Cost": 2463388.22, "Plan Rows": 719903, "Plan Width": 37, "Inner Unique": true, "Hash Cond": "(lineitem.l_partkey = part.p_partkey), (LLVM Optimized)", "Plans": [{"Node Type": "Index Scan", "Parent Relationship": "Outer", "Scan Direction": "Forward", "Index Name": "idx_lineitem_shipdate", "Relation Name": "lineitem", "Alias": "lineitem", "Startup Cost": 0.0, "Total Cost": 2327686.3, "Plan Rows": 719903, "Plan Width": 24, "Index Cond": "((l_shipdate >= '1996-12-01 00:00:00'::timestamp(0) without time zone) AND (l_shipdate < '1997-01-01 00:00:00'::timestamp without time zone)), (LLVM Optimized)"}, {"Node Type": "Hash", "Parent Relationship": "Inner", "Startup Cost": 100803.25, "Total Cost": 100803.25, "Plan Rows": 2000000, "Plan Width": 29, "Plans": [{"Node Type": "Index Scan", "Parent Relationship": "Outer", "Scan Direction": "Forward", "Index Name": "part_kpey", "Relation Name": "part", "Alias": "part", "Startup Cost": 0.0, "Total Cost": 100803.25, "Plan Rows": 2000000, "Plan Width": 29}]}]}]}, "Unique SQL Id": 379939634, "Planner Runtime": 0}, "explain_analyze_plan": {"Plan": {"Node Type": "Aggregate", "Strategy": "Plain", "Startup Cost": 2475986.52, "Total Cost": 2475986.54, "Plan Rows": 1, "Plan Width": 53, "Actual Startup Time": 4855.73, "Actual Total Time": 4855.73, "Actual Rows": 1, "Actual Loops": 1, "Plans": [{"Node Type": "Hash Join", "Parent Relationship": "Outer", "Join Type": "Inner", "Startup Cost": 125803.25, "Total Cost": 2463388.22, "Plan Rows": 719903, "Plan Width": 37, "Actual Startup Time": 2037.195, "Actual Total Time": 4465.551, "Actual Rows": 772803, "Actual Loops": 1, "Inner Unique": true, "Hash Cond": "(lineitem.l_partkey = part.p_partkey), (LLVM Optimized, Jit Execute)", "Plans": [{"Node Type": "Index Scan", "Parent Relationship": "Outer", "Scan Direction": "Forward", "Index Name": "idx_lineitem_shipdate", "Relation Name": "lineitem", "Alias": "lineitem", "Startup Cost": 0.0, "Total Cost": 2327686.3, "Plan Rows": 719903, "Plan Width": 24, "Actual Startup Time": 0.035, "Actual Total Time": 1837.144, "Actual Rows": 772803, "Actual Loops": 1, "Index Cond": "((l_shipdate >= '1996-12-01 00:00:00'::timestamp(0) without time zone) AND (l_shipdate < '1997-01-01 00:00:00'::timestamp without time zone)), (LLVM Optimized, Jit Execute)", "Rows Removed by Index Recheck": 0}, {"Node Type": "Hash", "Parent Relationship": "Inner", "Startup Cost": 100803.25, "Total Cost": 100803.25, "Plan Rows": 2000000, "Plan Width": 29, "Actual Startup Time": 2035.84, "Actual Total Time": 2035.84, "Actual Rows": 2000000, "Actual Loops": 1, "Hash Buckets": 2097152, "Hash Batches": 1, "Original Hash Batches": 1, "Peak Memory Usage": 126040, "Plans": [{"Node Type": "Index Scan", "Parent Relationship": "Outer", "Scan Direction": "Forward", "Index Name": "part_kpey", "Relation Name": "part", "Alias": "part", "Startup Cost": 0.0, "Total Cost": 100803.25, "Plan Rows": 2000000, "Plan Width": 29, "Actual Startup Time": 0.026, "Actual Total Time": 1275.246, "Actual Rows": 2000000, "Actual Loops": 1}]}]}]}, "Triggers": [], "Planner Runtime": 0, "Total Runtime": 4869.748, "Unique SQL Id": 379939634}}, "(64, 110)": {"explain_plan": {"Plan": {"Node Type": "Aggregate", "Strategy": "Plain", "Startup Cost": 2424491.46, "Total Cost": 2424491.48, "Plan Rows": 1, "Plan Width": 53, "Plans": [{"Node Type": "Hash Join", "Parent Relationship": "Outer", "Join Type": "Inner", "Startup Cost": 86988.58, "Total Cost": 2411893.16, "Plan Rows": 719903, "Plan Width": 37, "Inner Unique": true, "Hash Cond": "(lineitem.l_partkey = part.p_partkey), (LLVM Optimized)", "Plans": [{"Node Type": "Seq Scan", "Parent Relationship": "Outer", "Relation Name": "lineitem", "Alias": "lineitem", "Startup Cost": 44.58, "Total Cost": 2315050.5, "Plan Rows": 719903, "Plan Width": 24, "Filter": "((l_shipdate >= '1996-12-01 00:00:00'::timestamp(0) without time zone) AND (l_shipdate < '1997-01-01 00:00:00'::timestamp without time zone)), (LLVM Optimized)"}, {"Node Type": "Hash", "Parent Relationship": "Inner", "Startup Cost": 61944.0, "Total Cost": 61944.0, "Plan Rows": 2000000, "Plan Width": 29, "Plans": [{"Node Type": "Seq Scan", "Parent Relationship": "Outer", "Relation Name": "part", "Alias": "part", "Startup Cost": 0.0, "Total Cost": 61944.0, "Plan Rows": 2000000, "Plan Width": 29}]}]}]}, "Unique SQL Id": 379939634, "Planner Runtime": 0}, "explain_analyze_plan": null}, "(64, 111)": {"explain_plan": {"Plan": {"Node Type": "Aggregate", "Strategy": "Plain", "Startup Cost": 2000815512658.11, "Total Cost": 2000815512658.13, "Plan Rows": 1, "Plan Width": 53, "Plans": [{"Node Type": "Hash Join", "Parent Relationship": "Outer", "Join Type": "Inner", "Startup Cost": 1010010105325.0, "Total Cost": 2000815500059.81, "Plan Rows": 719903, "Plan Width": 37, "Inner Unique": true, "Hash Cond": "(lineitem.l_partkey = part.p_partkey), (LLVM Optimized)", "Plans": [{"Node Type": "Index Scan", "Parent Relationship": "Outer", "Scan Direction": "Forward", "Index Name": "idx_lineitem_part_supp", "Relation Name": "lineitem", "Alias": "lineitem", "Startup Cost": 10000000000.0, "Total Cost": 1000805384836.14, "Plan Rows": 719903, "Plan Width": 24, "Filter": "((l_shipdate >= '1996-12-01 00:00:00'::timestamp(0) without time zone) AND (l_shipdate < '1997-01-01 00:00:00'::timestamp without time zone)), (LLVM Optimized)"}, {"Node Type": "Hash", "Parent Relationship": "Inner", "Startup Cost": 1000010080325.0, "Total Cost": 1000010080325.0, "Plan Rows": 2000000, "Plan Width": 29, "Plans": [{"Node Type": "Index Scan", "Parent Relationship": "Outer", "Scan Direction": "Forward", "Index Name": "part_kpey", "Relation Name": "part", "Alias": "part", "Startup Cost": 10000000000.0, "Total Cost": 1000010080325.0, "Plan Rows": 2000000, "Plan Width": 29}]}]}]}, "Unique SQL Id": 379939634, "Planner Runtime": 0}, "explain_analyze_plan": null}, "(64, 112)": {"explain_plan": {"Plan": {"Node Type": "Aggregate", "Strategy": "Plain", "Startup Cost": 1645803.46, "Total Cost": 1645803.47, "Plan Rows": 1, "Plan Width": 53, "Plans": [{"Node Type": "Nested Loop", "Parent Relationship": "Outer", "Join Type": "Inner", "Startup Cost": 24943.26, "Total Cost": 1633205.16, "Plan Rows": 719903, "Plan Width": 37, "Inner Unique": true, "Plans": [{"Node Type": "Bitmap Heap Scan", "Parent Relationship": "Outer", "Relation Name": "lineitem", "Alias": "lineitem", "Startup Cost": 24943.26, "Total Cost": 1235000.32, "Plan Rows": 719903, "Plan Width": 24, "Recheck Cond": "((l_shipdate >= '1996-12-01 00:00:00'::timestamp(0) without time zone) AND (l_shipdate < '1997-01-01 00:00:00'::timestamp without time zone)), (LLVM Optimized)", "Plans": [{"Node Type": "Bitmap Index Scan", "Parent Relationship": "Outer", "Index Name": "idx_lineitem_shipdate", "Startup Cost": 0.0, "Total Cost": 24763.28, "Plan Rows": 719903, "Plan Width": 0, "Index Cond": "((l_shipdate >= '1996-12-01 00:00:00'::timestamp(0) without time zone) AND (l_shipdate < '1997-01-01 00:00:00'::timestamp without time zone))"}]}, {"Node Type": "Index Scan", "Parent Relationship": "Inner", "Scan Direction": "Forward", "Index Name": "part_kpey", "Relation Name": "part", "Alias": "part", "Startup Cost": 0.0, "Total Cost": 0.54, "Plan Rows": 1, "Plan Width": 29, "Index Cond": "(p_partkey = lineitem.l_partkey)"}]}]}, "Unique SQL Id": 379939634, "Planner Runtime": 0}, "explain_analyze_plan": {"Plan": {"Node Type": "Aggregate", "Strategy": "Plain", "Startup Cost": 1645803.46, "Total Cost": 1645803.47, "Plan Rows": 1, "Plan Width": 53, "Actual Startup Time": 6834.002, "Actual Total Time": 6834.003, "Actual Rows": 1, "Actual Loops": 1, "Plans": [{"Node Type": "Nested Loop", "Parent Relationship": "Outer", "Join Type": "Inner", "Startup Cost": 24943.26, "Total Cost": 1633205.16, "Plan Rows": 719903, "Plan Width": 37, "Actual Startup Time": 472.572, "Actual Total Time": 6367.612, "Actual Rows": 772803, "Actual Loops": 1, "Inner Unique": true, "Plans": [{"Node Type": "Bitmap Heap Scan", "Parent Relationship": "Outer", "Relation Name": "lineitem", "Alias": "lineitem", "Startup Cost": 24943.26, "Total Cost": 1235000.32, "Plan Rows": 719903, "Plan Width": 24, "Actual Startup Time": 472.509, "Actual Total Time": 1763.976, "Actual Rows": 772803, "Actual Loops": 1, "Recheck Cond": "((l_shipdate >= '1996-12-01 00:00:00'::timestamp(0) without time zone) AND (l_shipdate < '1997-01-01 00:00:00'::timestamp without time zone)), (LLVM Optimized, Jit Execute)", "Rows Removed by Index Recheck": 0, "Exact Heap Blocks": 437909, "Lossy Heap Blocks": 437909, "Plans": [{"Node Type": "Bitmap Index Scan", "Parent Relationship": "Outer", "Index Name": "idx_lineitem_shipdate", "Startup Cost": 0.0, "Total Cost": 24763.28, "Plan Rows": 719903, "Plan Width": 0, "Actual Startup Time": 307.386, "Actual Total Time": 307.386, "Actual Rows": 772803, "Actual Loops": 1, "Index Cond": "((l_shipdate >= '1996-12-01 00:00:00'::timestamp(0) without time zone) AND (l_shipdate < '1997-01-01 00:00:00'::timestamp without time zone))"}]}, {"Node Type": "Index Scan", "Parent Relationship": "Inner", "Scan Direction": "Forward", "Index Name": "part_kpey", "Relation Name": "part", "Alias": "part", "Startup Cost": 0.0, "Total Cost": 0.54, "Plan Rows": 1, "Plan Width": 29, "Actual Startup Time": 3968.642, "Actual Total Time": 3968.642, "Actual Rows": 772803, "Actual Loops": 772803, "Index Cond": "(p_partkey = lineitem.l_partkey)", "Rows Removed by Index Recheck": 0}]}]}, "Triggers": [], "Planner Runtime": 0, "Total Runtime": 6846.34, "Unique SQL Id": 379939634}}, "(64, 113)": {"explain_plan": {"Plan": {"Node Type": "Aggregate", "Strategy": "Plain", "Startup Cost": 1645803.46, "Total Cost": 1645803.47, "Plan Rows": 1, "Plan Width": 53, "Plans": [{"Node Type": "Nested Loop", "Parent Relationship": "Outer", "Join Type": "Inner", "Startup Cost": 24943.26, "Total Cost": 1633205.16, "Plan Rows": 719903, "Plan Width": 37, "Inner Unique": true, "Plans": [{"Node Type": "Bitmap Heap Scan", "Parent Relationship": "Outer", "Relation Name": "lineitem", "Alias": "lineitem", "Startup Cost": 24943.26, "Total Cost": 1235000.32, "Plan Rows": 719903, "Plan Width": 24, "Recheck Cond": "((l_shipdate >= '1996-12-01 00:00:00'::timestamp(0) without time zone) AND (l_shipdate < '1997-01-01 00:00:00'::timestamp without time zone)), (LLVM Optimized)", "Plans": [{"Node Type": "Bitmap Index Scan", "Parent Relationship": "Outer", "Index Name": "idx_lineitem_shipdate", "Startup Cost": 0.0, "Total Cost": 24763.28, "Plan Rows": 719903, "Plan Width": 0, "Index Cond": "((l_shipdate >= '1996-12-01 00:00:00'::timestamp(0) without time zone) AND (l_shipdate < '1997-01-01 00:00:00'::timestamp without time zone))"}]}, {"Node Type": "Index Scan", "Parent Relationship": "Inner", "Scan Direction": "Forward", "Index Name": "part_kpey", "Relation Name": "part", "Alias": "part", "Startup Cost": 0.0, "Total Cost": 0.54, "Plan Rows": 1, "Plan Width": 29, "Index Cond": "(p_partkey = lineitem.l_partkey)"}]}]}, "Unique SQL Id": 379939634, "Planner Runtime": 0}, "explain_analyze_plan": {"Plan": {"Node Type": "Aggregate", "Strategy": "Plain", "Startup Cost": 1645803.46, "Total Cost": 1645803.47, "Plan Rows": 1, "Plan Width": 53, "Actual Startup Time": 6834.002, "Actual Total Time": 6834.003, "Actual Rows": 1, "Actual Loops": 1, "Plans": [{"Node Type": "Nested Loop", "Parent Relationship": "Outer", "Join Type": "Inner", "Startup Cost": 24943.26, "Total Cost": 1633205.16, "Plan Rows": 719903, "Plan Width": 37, "Actual Startup Time": 472.572, "Actual Total Time": 6367.612, "Actual Rows": 772803, "Actual Loops": 1, "Inner Unique": true, "Plans": [{"Node Type": "Bitmap Heap Scan", "Parent Relationship": "Outer", "Relation Name": "lineitem", "Alias": "lineitem", "Startup Cost": 24943.26, "Total Cost": 1235000.32, "Plan Rows": 719903, "Plan Width": 24, "Actual Startup Time": 472.509, "Actual Total Time": 1763.976, "Actual Rows": 772803, "Actual Loops": 1, "Recheck Cond": "((l_shipdate >= '1996-12-01 00:00:00'::timestamp(0) without time zone) AND (l_shipdate < '1997-01-01 00:00:00'::timestamp without time zone)), (LLVM Optimized, Jit Execute)", "Rows Removed by Index Recheck": 0, "Exact Heap Blocks": 437909, "Lossy Heap Blocks": 437909, "Plans": [{"Node Type": "Bitmap Index Scan", "Parent Relationship": "Outer", "Index Name": "idx_lineitem_shipdate", "Startup Cost": 0.0, "Total Cost": 24763.28, "Plan Rows": 719903, "Plan Width": 0, "Actual Startup Time": 307.386, "Actual Total Time": 307.386, "Actual Rows": 772803, "Actual Loops": 1, "Index Cond": "((l_shipdate >= '1996-12-01 00:00:00'::timestamp(0) without time zone) AND (l_shipdate < '1997-01-01 00:00:00'::timestamp without time zone))"}]}, {"Node Type": "Index Scan", "Parent Relationship": "Inner", "Scan Direction": "Forward", "Index Name": "part_kpey", "Relation Name": "part", "Alias": "part", "Startup Cost": 0.0, "Total Cost": 0.54, "Plan Rows": 1, "Plan Width": 29, "Actual Startup Time": 3968.642, "Actual Total Time": 3968.642, "Actual Rows": 772803, "Actual Loops": 772803, "Index Cond": "(p_partkey = lineitem.l_partkey)", "Rows Removed by Index Recheck": 0}]}]}, "Triggers": [], "Planner Runtime": 0, "Total Runtime": 6846.34, "Unique SQL Id": 379939634}}, "(64, 114)": {"explain_plan": {"Plan": {"Node Type": "Aggregate", "Strategy": "Plain", "Startup Cost": 4357819.44, "Total Cost": 4357819.45, "Plan Rows": 1, "Plan Width": 53, "Plans": [{"Node Type": "Nested Loop", "Parent Relationship": "Outer", "Join Type": "Inner", "Startup Cost": 24943.55, "Total Cost": 4345221.13, "Plan Rows": 719903, "Plan Width": 37, "Inner Unique": true, "Plans": [{"Node Type": "Bitmap Heap Scan", "Parent Relationship": "Outer", "Relation Name": "lineitem", "Alias": "lineitem", "Startup Cost": 24943.26, "Total Cost": 1235000.32, "Plan Rows": 719903, "Plan Width": 24, "Recheck Cond": "((l_shipdate >= '1996-12-01 00:00:00'::timestamp(0) without time zone) AND (l_shipdate < '1997-01-01 00:00:00'::timestamp without time zone)), (LLVM Optimized)", "Plans": [{"Node Type": "Bitmap Index Scan", "Parent Relationship": "Outer", "Index Name": "idx_lineitem_shipdate", "Startup Cost": 0.0, "Total Cost": 24763.28, "Plan Rows": 719903, "Plan Width": 0, "Index Cond": "((l_shipdate >= '1996-12-01 00:00:00'::timestamp(0) without time zone) AND (l_shipdate < '1997-01-01 00:00:00'::timestamp without time zone))"}]}, {"Node Type": "Bitmap Heap Scan", "Parent Relationship": "Inner", "Relation Name": "part", "Alias": "part", "Startup Cost": 0.3, "Total Cost": 4.31, "Plan Rows": 1, "Plan Width": 29, "Recheck Cond": "(p_partkey = lineitem.l_partkey)", "Plans": [{"Node Type": "Bitmap Index Scan", "Parent Relationship": "Outer", "Index Name": "part_kpey", "Startup Cost": 0.0, "Total Cost": 0.3, "Plan Rows": 1, "Plan Width": 0, "Index Cond": "(p_partkey = lineitem.l_partkey)"}]}]}]}, "Unique SQL Id": 379939634, "Planner Runtime": 0}, "explain_analyze_plan": {"Plan": {"Node Type": "Aggregate", "Strategy": "Plain", "Startup Cost": 4357819.44, "Total Cost": 4357819.45, "Plan Rows": 1, "Plan Width": 53, "Actual Startup Time": 8374.121, "Actual Total Time": 8374.121, "Actual Rows": 1, "Actual Loops": 1, "Plans": [{"Node Type": "Nested Loop", "Parent Relationship": "Outer", "Join Type": "Inner", "Startup Cost": 24943.55, "Total Cost": 4345221.13, "Plan Rows": 719903, "Plan Width": 37, "Actual Startup Time": 511.97, "Actual Total Time": 7861.902, "Actual Rows": 772803, "Actual Loops": 1, "Inner Unique": true, "Plans": [{"Node Type": "Bitmap Heap Scan", "Parent Relationship": "Outer", "Relation Name": "lineitem", "Alias": "lineitem", "Startup Cost": 24943.26, "Total Cost": 1235000.32, "Plan Rows": 719903, "Plan Width": 24, "Actual Startup Time": 511.814, "Actual Total Time": 1803.715, "Actual Rows": 772803, "Actual Loops": 1, "Recheck Cond": "((l_shipdate >= '1996-12-01 00:00:00'::timestamp(0) without time zone) AND (l_shipdate < '1997-01-01 00:00:00'::timestamp without time zone)), (LLVM Optimized, Jit Execute)", "Rows Removed by Index Recheck": 0, "Exact Heap Blocks": 437909, "Lossy Heap Blocks": 437909, "Plans": [{"Node Type": "Bitmap Index Scan", "Parent Relationship": "Outer", "Index Name": "idx_lineitem_shipdate", "Startup Cost": 0.0, "Total Cost": 24763.28, "Plan Rows": 719903, "Plan Width": 0, "Actual Startup Time": 303.892, "Actual Total Time": 303.892, "Actual Rows": 772803, "Actual Loops": 1, "Index Cond": "((l_shipdate >= '1996-12-01 00:00:00'::timestamp(0) without time zone) AND (l_shipdate < '1997-01-01 00:00:00'::timestamp without time zone))"}]}, {"Node Type": "Bitmap Heap Scan", "Parent Relationship": "Inner", "Relation Name": "part", "Alias": "part", "Startup Cost": 0.3, "Total Cost": 4.31, "Plan Rows": 1, "Plan Width": 29, "Actual Startup Time": 4978.943, "Actual Total Time": 4978.943, "Actual Rows": 772803, "Actual Loops": 772803, "Recheck Cond": "(p_partkey = lineitem.l_partkey)", "Rows Removed by Index Recheck": 0, "Exact Heap Blocks": 772803, "Lossy Heap Blocks": 772803, "Plans": [{"Node Type": "Bitmap Index Scan", "Parent Relationship": "Outer", "Index Name": "part_kpey", "Startup Cost": 0.0, "Total Cost": 0.3, "Plan Rows": 1, "Plan Width": 0, "Actual Startup Time": 3069.068, "Actual Total Time": 3069.068, "Actual Rows": 772803, "Actual Loops": 772803, "Index Cond": "(p_partkey = lineitem.l_partkey)"}]}]}]}, "Triggers": [], "Planner Runtime": 0, "Total Runtime": 8385.255, "Unique SQL Id": 379939634}}, "(64, 115)": {"explain_plan": {"Plan": {"Node Type": "Aggregate", "Strategy": "Plain", "Startup Cost": 4357819.44, "Total Cost": 4357819.45, "Plan Rows": 1, "Plan Width": 53, "Plans": [{"Node Type": "Nested Loop", "Parent Relationship": "Outer", "Join Type": "Inner", "Startup Cost": 24943.55, "Total Cost": 4345221.13, "Plan Rows": 719903, "Plan Width": 37, "Inner Unique": true, "Plans": [{"Node Type": "Bitmap Heap Scan", "Parent Relationship": "Outer", "Relation Name": "lineitem", "Alias": "lineitem", "Startup Cost": 24943.26, "Total Cost": 1235000.32, "Plan Rows": 719903, "Plan Width": 24, "Recheck Cond": "((l_shipdate >= '1996-12-01 00:00:00'::timestamp(0) without time zone) AND (l_shipdate < '1997-01-01 00:00:00'::timestamp without time zone)), (LLVM Optimized)", "Plans": [{"Node Type": "Bitmap Index Scan", "Parent Relationship": "Outer", "Index Name": "idx_lineitem_shipdate", "Startup Cost": 0.0, "Total Cost": 24763.28, "Plan Rows": 719903, "Plan Width": 0, "Index Cond": "((l_shipdate >= '1996-12-01 00:00:00'::timestamp(0) without time zone) AND (l_shipdate < '1997-01-01 00:00:00'::timestamp without time zone))"}]}, {"Node Type": "Bitmap Heap Scan", "Parent Relationship": "Inner", "Relation Name": "part", "Alias": "part", "Startup Cost": 0.3, "Total Cost": 4.31, "Plan Rows": 1, "Plan Width": 29, "Recheck Cond": "(p_partkey = lineitem.l_partkey)", "Plans": [{"Node Type": "Bitmap Index Scan", "Parent Relationship": "Outer", "Index Name": "part_kpey", "Startup Cost": 0.0, "Total Cost": 0.3, "Plan Rows": 1, "Plan Width": 0, "Index Cond": "(p_partkey = lineitem.l_partkey)"}]}]}]}, "Unique SQL Id": 379939634, "Planner Runtime": 0}, "explain_analyze_plan": {"Plan": {"Node Type": "Aggregate", "Strategy": "Plain", "Startup Cost": 4357819.44, "Total Cost": 4357819.45, "Plan Rows": 1, "Plan Width": 53, "Actual Startup Time": 8374.121, "Actual Total Time": 8374.121, "Actual Rows": 1, "Actual Loops": 1, "Plans": [{"Node Type": "Nested Loop", "Parent Relationship": "Outer", "Join Type": "Inner", "Startup Cost": 24943.55, "Total Cost": 4345221.13, "Plan Rows": 719903, "Plan Width": 37, "Actual Startup Time": 511.97, "Actual Total Time": 7861.902, "Actual Rows": 772803, "Actual Loops": 1, "Inner Unique": true, "Plans": [{"Node Type": "Bitmap Heap Scan", "Parent Relationship": "Outer", "Relation Name": "lineitem", "Alias": "lineitem", "Startup Cost": 24943.26, "Total Cost": 1235000.32, "Plan Rows": 719903, "Plan Width": 24, "Actual Startup Time": 511.814, "Actual Total Time": 1803.715, "Actual Rows": 772803, "Actual Loops": 1, "Recheck Cond": "((l_shipdate >= '1996-12-01 00:00:00'::timestamp(0) without time zone) AND (l_shipdate < '1997-01-01 00:00:00'::timestamp without time zone)), (LLVM Optimized, Jit Execute)", "Rows Removed by Index Recheck": 0, "Exact Heap Blocks": 437909, "Lossy Heap Blocks": 437909, "Plans": [{"Node Type": "Bitmap Index Scan", "Parent Relationship": "Outer", "Index Name": "idx_lineitem_shipdate", "Startup Cost": 0.0, "Total Cost": 24763.28, "Plan Rows": 719903, "Plan Width": 0, "Actual Startup Time": 303.892, "Actual Total Time": 303.892, "Actual Rows": 772803, "Actual Loops": 1, "Index Cond": "((l_shipdate >= '1996-12-01 00:00:00'::timestamp(0) without time zone) AND (l_shipdate < '1997-01-01 00:00:00'::timestamp without time zone))"}]}, {"Node Type": "Bitmap Heap Scan", "Parent Relationship": "Inner", "Relation Name": "part", "Alias": "part", "Startup Cost": 0.3, "Total Cost": 4.31, "Plan Rows": 1, "Plan Width": 29, "Actual Startup Time": 4978.943, "Actual Total Time": 4978.943, "Actual Rows": 772803, "Actual Loops": 772803, "Recheck Cond": "(p_partkey = lineitem.l_partkey)", "Rows Removed by Index Recheck": 0, "Exact Heap Blocks": 772803, "Lossy Heap Blocks": 772803, "Plans": [{"Node Type": "Bitmap Index Scan", "Parent Relationship": "Outer", "Index Name": "part_kpey", "Startup Cost": 0.0, "Total Cost": 0.3, "Plan Rows": 1, "Plan Width": 0, "Actual Startup Time": 3069.068, "Actual Total Time": 3069.068, "Actual Rows": 772803, "Actual Loops": 772803, "Index Cond": "(p_partkey = lineitem.l_partkey)"}]}]}]}, "Triggers": [], "Planner Runtime": 0, "Total Runtime": 8385.255, "Unique SQL Id": 379939634}}, "(64, 116)": {"explain_plan": {"Plan": {"Node Type": "Aggregate", "Strategy": "Plain", "Startup Cost": 1645803.46, "Total Cost": 1645803.47, "Plan Rows": 1, "Plan Width": 53, "Plans": [{"Node Type": "Nested Loop", "Parent Relationship": "Outer", "Join Type": "Inner", "Startup Cost": 24943.26, "Total Cost": 1633205.16, "Plan Rows": 719903, "Plan Width": 37, "Inner Unique": true, "Plans": [{"Node Type": "Bitmap Heap Scan", "Parent Relationship": "Outer", "Relation Name": "lineitem", "Alias": "lineitem", "Startup Cost": 24943.26, "Total Cost": 1235000.32, "Plan Rows": 719903, "Plan Width": 24, "Recheck Cond": "((l_shipdate >= '1996-12-01 00:00:00'::timestamp(0) without time zone) AND (l_shipdate < '1997-01-01 00:00:00'::timestamp without time zone)), (LLVM Optimized)", "Plans": [{"Node Type": "Bitmap Index Scan", "Parent Relationship": "Outer", "Index Name": "idx_lineitem_shipdate", "Startup Cost": 0.0, "Total Cost": 24763.28, "Plan Rows": 719903, "Plan Width": 0, "Index Cond": "((l_shipdate >= '1996-12-01 00:00:00'::timestamp(0) without time zone) AND (l_shipdate < '1997-01-01 00:00:00'::timestamp without time zone))"}]}, {"Node Type": "Index Scan", "Parent Relationship": "Inner", "Scan Direction": "Forward", "Index Name": "part_kpey", "Relation Name": "part", "Alias": "part", "Startup Cost": 0.0, "Total Cost": 0.54, "Plan Rows": 1, "Plan Width": 29, "Index Cond": "(p_partkey = lineitem.l_partkey)"}]}]}, "Unique SQL Id": 379939634, "Planner Runtime": 0}, "explain_analyze_plan": {"Plan": {"Node Type": "Aggregate", "Strategy": "Plain", "Startup Cost": 1645803.46, "Total Cost": 1645803.47, "Plan Rows": 1, "Plan Width": 53, "Actual Startup Time": 6834.002, "Actual Total Time": 6834.003, "Actual Rows": 1, "Actual Loops": 1, "Plans": [{"Node Type": "Nested Loop", "Parent Relationship": "Outer", "Join Type": "Inner", "Startup Cost": 24943.26, "Total Cost": 1633205.16, "Plan Rows": 719903, "Plan Width": 37, "Actual Startup Time": 472.572, "Actual Total Time": 6367.612, "Actual Rows": 772803, "Actual Loops": 1, "Inner Unique": true, "Plans": [{"Node Type": "Bitmap Heap Scan", "Parent Relationship": "Outer", "Relation Name": "lineitem", "Alias": "lineitem", "Startup Cost": 24943.26, "Total Cost": 1235000.32, "Plan Rows": 719903, "Plan Width": 24, "Actual Startup Time": 472.509, "Actual Total Time": 1763.976, "Actual Rows": 772803, "Actual Loops": 1, "Recheck Cond": "((l_shipdate >= '1996-12-01 00:00:00'::timestamp(0) without time zone) AND (l_shipdate < '1997-01-01 00:00:00'::timestamp without time zone)), (LLVM Optimized, Jit Execute)", "Rows Removed by Index Recheck": 0, "Exact Heap Blocks": 437909, "Lossy Heap Blocks": 437909, "Plans": [{"Node Type": "Bitmap Index Scan", "Parent Relationship": "Outer", "Index Name": "idx_lineitem_shipdate", "Startup Cost": 0.0, "Total Cost": 24763.28, "Plan Rows": 719903, "Plan Width": 0, "Actual Startup Time": 307.386, "Actual Total Time": 307.386, "Actual Rows": 772803, "Actual Loops": 1, "Index Cond": "((l_shipdate >= '1996-12-01 00:00:00'::timestamp(0) without time zone) AND (l_shipdate < '1997-01-01 00:00:00'::timestamp without time zone))"}]}, {"Node Type": "Index Scan", "Parent Relationship": "Inner", "Scan Direction": "Forward", "Index Name": "part_kpey", "Relation Name": "part", "Alias": "part", "Startup Cost": 0.0, "Total Cost": 0.54, "Plan Rows": 1, "Plan Width": 29, "Actual Startup Time": 3968.642, "Actual Total Time": 3968.642, "Actual Rows": 772803, "Actual Loops": 772803, "Index Cond": "(p_partkey = lineitem.l_partkey)", "Rows Removed by Index Recheck": 0}]}]}, "Triggers": [], "Planner Runtime": 0, "Total Runtime": 6846.34, "Unique SQL Id": 379939634}}, "(64, 117)": {"explain_plan": {"Plan": {"Node Type": "Aggregate", "Strategy": "Plain", "Startup Cost": 1645803.46, "Total Cost": 1645803.47, "Plan Rows": 1, "Plan Width": 53, "Plans": [{"Node Type": "Nested Loop", "Parent Relationship": "Outer", "Join Type": "Inner", "Startup Cost": 24943.26, "Total Cost": 1633205.16, "Plan Rows": 719903, "Plan Width": 37, "Inner Unique": true, "Plans": [{"Node Type": "Bitmap Heap Scan", "Parent Relationship": "Outer", "Relation Name": "lineitem", "Alias": "lineitem", "Startup Cost": 24943.26, "Total Cost": 1235000.32, "Plan Rows": 719903, "Plan Width": 24, "Recheck Cond": "((l_shipdate >= '1996-12-01 00:00:00'::timestamp(0) without time zone) AND (l_shipdate < '1997-01-01 00:00:00'::timestamp without time zone)), (LLVM Optimized)", "Plans": [{"Node Type": "Bitmap Index Scan", "Parent Relationship": "Outer", "Index Name": "idx_lineitem_shipdate", "Startup Cost": 0.0, "Total Cost": 24763.28, "Plan Rows": 719903, "Plan Width": 0, "Index Cond": "((l_shipdate >= '1996-12-01 00:00:00'::timestamp(0) without time zone) AND (l_shipdate < '1997-01-01 00:00:00'::timestamp without time zone))"}]}, {"Node Type": "Index Scan", "Parent Relationship": "Inner", "Scan Direction": "Forward", "Index Name": "part_kpey", "Relation Name": "part", "Alias": "part", "Startup Cost": 0.0, "Total Cost": 0.54, "Plan Rows": 1, "Plan Width": 29, "Index Cond": "(p_partkey = lineitem.l_partkey)"}]}]}, "Unique SQL Id": 379939634, "Planner Runtime": 0}, "explain_analyze_plan": {"Plan": {"Node Type": "Aggregate", "Strategy": "Plain", "Startup Cost": 1645803.46, "Total Cost": 1645803.47, "Plan Rows": 1, "Plan Width": 53, "Actual Startup Time": 6834.002, "Actual Total Time": 6834.003, "Actual Rows": 1, "Actual Loops": 1, "Plans": [{"Node Type": "Nested Loop", "Parent Relationship": "Outer", "Join Type": "Inner", "Startup Cost": 24943.26, "Total Cost": 1633205.16, "Plan Rows": 719903, "Plan Width": 37, "Actual Startup Time": 472.572, "Actual Total Time": 6367.612, "Actual Rows": 772803, "Actual Loops": 1, "Inner Unique": true, "Plans": [{"Node Type": "Bitmap Heap Scan", "Parent Relationship": "Outer", "Relation Name": "lineitem", "Alias": "lineitem", "Startup Cost": 24943.26, "Total Cost": 1235000.32, "Plan Rows": 719903, "Plan Width": 24, "Actual Startup Time": 472.509, "Actual Total Time": 1763.976, "Actual Rows": 772803, "Actual Loops": 1, "Recheck Cond": "((l_shipdate >= '1996-12-01 00:00:00'::timestamp(0) without time zone) AND (l_shipdate < '1997-01-01 00:00:00'::timestamp without time zone)), (LLVM Optimized, Jit Execute)", "Rows Removed by Index Recheck": 0, "Exact Heap Blocks": 437909, "Lossy Heap Blocks": 437909, "Plans": [{"Node Type": "Bitmap Index Scan", "Parent Relationship": "Outer", "Index Name": "idx_lineitem_shipdate", "Startup Cost": 0.0, "Total Cost": 24763.28, "Plan Rows": 719903, "Plan Width": 0, "Actual Startup Time": 307.386, "Actual Total Time": 307.386, "Actual Rows": 772803, "Actual Loops": 1, "Index Cond": "((l_shipdate >= '1996-12-01 00:00:00'::timestamp(0) without time zone) AND (l_shipdate < '1997-01-01 00:00:00'::timestamp without time zone))"}]}, {"Node Type": "Index Scan", "Parent Relationship": "Inner", "Scan Direction": "Forward", "Index Name": "part_kpey", "Relation Name": "part", "Alias": "part", "Startup Cost": 0.0, "Total Cost": 0.54, "Plan Rows": 1, "Plan Width": 29, "Actual Startup Time": 3968.642, "Actual Total Time": 3968.642, "Actual Rows": 772803, "Actual Loops": 772803, "Index Cond": "(p_partkey = lineitem.l_partkey)", "Rows Removed by Index Recheck": 0}]}]}, "Triggers": [], "Planner Runtime": 0, "Total Runtime": 6846.34, "Unique SQL Id": 379939634}}, "(64, 118)": {"explain_plan": {"Plan": {"Node Type": "Aggregate", "Strategy": "Plain", "Startup Cost": 4357819.44, "Total Cost": 4357819.45, "Plan Rows": 1, "Plan Width": 53, "Plans": [{"Node Type": "Nested Loop", "Parent Relationship": "Outer", "Join Type": "Inner", "Startup Cost": 24943.55, "Total Cost": 4345221.13, "Plan Rows": 719903, "Plan Width": 37, "Inner Unique": true, "Plans": [{"Node Type": "Bitmap Heap Scan", "Parent Relationship": "Outer", "Relation Name": "lineitem", "Alias": "lineitem", "Startup Cost": 24943.26, "Total Cost": 1235000.32, "Plan Rows": 719903, "Plan Width": 24, "Recheck Cond": "((l_shipdate >= '1996-12-01 00:00:00'::timestamp(0) without time zone) AND (l_shipdate < '1997-01-01 00:00:00'::timestamp without time zone)), (LLVM Optimized)", "Plans": [{"Node Type": "Bitmap Index Scan", "Parent Relationship": "Outer", "Index Name": "idx_lineitem_shipdate", "Startup Cost": 0.0, "Total Cost": 24763.28, "Plan Rows": 719903, "Plan Width": 0, "Index Cond": "((l_shipdate >= '1996-12-01 00:00:00'::timestamp(0) without time zone) AND (l_shipdate < '1997-01-01 00:00:00'::timestamp without time zone))"}]}, {"Node Type": "Bitmap Heap Scan", "Parent Relationship": "Inner", "Relation Name": "part", "Alias": "part", "Startup Cost": 0.3, "Total Cost": 4.31, "Plan Rows": 1, "Plan Width": 29, "Recheck Cond": "(p_partkey = lineitem.l_partkey)", "Plans": [{"Node Type": "Bitmap Index Scan", "Parent Relationship": "Outer", "Index Name": "part_kpey", "Startup Cost": 0.0, "Total Cost": 0.3, "Plan Rows": 1, "Plan Width": 0, "Index Cond": "(p_partkey = lineitem.l_partkey)"}]}]}]}, "Unique SQL Id": 379939634, "Planner Runtime": 0}, "explain_analyze_plan": {"Plan": {"Node Type": "Aggregate", "Strategy": "Plain", "Startup Cost": 4357819.44, "Total Cost": 4357819.45, "Plan Rows": 1, "Plan Width": 53, "Actual Startup Time": 8374.121, "Actual Total Time": 8374.121, "Actual Rows": 1, "Actual Loops": 1, "Plans": [{"Node Type": "Nested Loop", "Parent Relationship": "Outer", "Join Type": "Inner", "Startup Cost": 24943.55, "Total Cost": 4345221.13, "Plan Rows": 719903, "Plan Width": 37, "Actual Startup Time": 511.97, "Actual Total Time": 7861.902, "Actual Rows": 772803, "Actual Loops": 1, "Inner Unique": true, "Plans": [{"Node Type": "Bitmap Heap Scan", "Parent Relationship": "Outer", "Relation Name": "lineitem", "Alias": "lineitem", "Startup Cost": 24943.26, "Total Cost": 1235000.32, "Plan Rows": 719903, "Plan Width": 24, "Actual Startup Time": 511.814, "Actual Total Time": 1803.715, "Actual Rows": 772803, "Actual Loops": 1, "Recheck Cond": "((l_shipdate >= '1996-12-01 00:00:00'::timestamp(0) without time zone) AND (l_shipdate < '1997-01-01 00:00:00'::timestamp without time zone)), (LLVM Optimized, Jit Execute)", "Rows Removed by Index Recheck": 0, "Exact Heap Blocks": 437909, "Lossy Heap Blocks": 437909, "Plans": [{"Node Type": "Bitmap Index Scan", "Parent Relationship": "Outer", "Index Name": "idx_lineitem_shipdate", "Startup Cost": 0.0, "Total Cost": 24763.28, "Plan Rows": 719903, "Plan Width": 0, "Actual Startup Time": 303.892, "Actual Total Time": 303.892, "Actual Rows": 772803, "Actual Loops": 1, "Index Cond": "((l_shipdate >= '1996-12-01 00:00:00'::timestamp(0) without time zone) AND (l_shipdate < '1997-01-01 00:00:00'::timestamp without time zone))"}]}, {"Node Type": "Bitmap Heap Scan", "Parent Relationship": "Inner", "Relation Name": "part", "Alias": "part", "Startup Cost": 0.3, "Total Cost": 4.31, "Plan Rows": 1, "Plan Width": 29, "Actual Startup Time": 4978.943, "Actual Total Time": 4978.943, "Actual Rows": 772803, "Actual Loops": 772803, "Recheck Cond": "(p_partkey = lineitem.l_partkey)", "Rows Removed by Index Recheck": 0, "Exact Heap Blocks": 772803, "Lossy Heap Blocks": 772803, "Plans": [{"Node Type": "Bitmap Index Scan", "Parent Relationship": "Outer", "Index Name": "part_kpey", "Startup Cost": 0.0, "Total Cost": 0.3, "Plan Rows": 1, "Plan Width": 0, "Actual Startup Time": 3069.068, "Actual Total Time": 3069.068, "Actual Rows": 772803, "Actual Loops": 772803, "Index Cond": "(p_partkey = lineitem.l_partkey)"}]}]}]}, "Triggers": [], "Planner Runtime": 0, "Total Runtime": 8385.255, "Unique SQL Id": 379939634}}, "(64, 119)": {"explain_plan": {"Plan": {"Node Type": "Aggregate", "Strategy": "Plain", "Startup Cost": 4357819.44, "Total Cost": 4357819.45, "Plan Rows": 1, "Plan Width": 53, "Plans": [{"Node Type": "Nested Loop", "Parent Relationship": "Outer", "Join Type": "Inner", "Startup Cost": 24943.55, "Total Cost": 4345221.13, "Plan Rows": 719903, "Plan Width": 37, "Inner Unique": true, "Plans": [{"Node Type": "Bitmap Heap Scan", "Parent Relationship": "Outer", "Relation Name": "lineitem", "Alias": "lineitem", "Startup Cost": 24943.26, "Total Cost": 1235000.32, "Plan Rows": 719903, "Plan Width": 24, "Recheck Cond": "((l_shipdate >= '1996-12-01 00:00:00'::timestamp(0) without time zone) AND (l_shipdate < '1997-01-01 00:00:00'::timestamp without time zone)), (LLVM Optimized)", "Plans": [{"Node Type": "Bitmap Index Scan", "Parent Relationship": "Outer", "Index Name": "idx_lineitem_shipdate", "Startup Cost": 0.0, "Total Cost": 24763.28, "Plan Rows": 719903, "Plan Width": 0, "Index Cond": "((l_shipdate >= '1996-12-01 00:00:00'::timestamp(0) without time zone) AND (l_shipdate < '1997-01-01 00:00:00'::timestamp without time zone))"}]}, {"Node Type": "Bitmap Heap Scan", "Parent Relationship": "Inner", "Relation Name": "part", "Alias": "part", "Startup Cost": 0.3, "Total Cost": 4.31, "Plan Rows": 1, "Plan Width": 29, "Recheck Cond": "(p_partkey = lineitem.l_partkey)", "Plans": [{"Node Type": "Bitmap Index Scan", "Parent Relationship": "Outer", "Index Name": "part_kpey", "Startup Cost": 0.0, "Total Cost": 0.3, "Plan Rows": 1, "Plan Width": 0, "Index Cond": "(p_partkey = lineitem.l_partkey)"}]}]}]}, "Unique SQL Id": 379939634, "Planner Runtime": 0}, "explain_analyze_plan": {"Plan": {"Node Type": "Aggregate", "Strategy": "Plain", "Startup Cost": 4357819.44, "Total Cost": 4357819.45, "Plan Rows": 1, "Plan Width": 53, "Actual Startup Time": 8374.121, "Actual Total Time": 8374.121, "Actual Rows": 1, "Actual Loops": 1, "Plans": [{"Node Type": "Nested Loop", "Parent Relationship": "Outer", "Join Type": "Inner", "Startup Cost": 24943.55, "Total Cost": 4345221.13, "Plan Rows": 719903, "Plan Width": 37, "Actual Startup Time": 511.97, "Actual Total Time": 7861.902, "Actual Rows": 772803, "Actual Loops": 1, "Inner Unique": true, "Plans": [{"Node Type": "Bitmap Heap Scan", "Parent Relationship": "Outer", "Relation Name": "lineitem", "Alias": "lineitem", "Startup Cost": 24943.26, "Total Cost": 1235000.32, "Plan Rows": 719903, "Plan Width": 24, "Actual Startup Time": 511.814, "Actual Total Time": 1803.715, "Actual Rows": 772803, "Actual Loops": 1, "Recheck Cond": "((l_shipdate >= '1996-12-01 00:00:00'::timestamp(0) without time zone) AND (l_shipdate < '1997-01-01 00:00:00'::timestamp without time zone)), (LLVM Optimized, Jit Execute)", "Rows Removed by Index Recheck": 0, "Exact Heap Blocks": 437909, "Lossy Heap Blocks": 437909, "Plans": [{"Node Type": "Bitmap Index Scan", "Parent Relationship": "Outer", "Index Name": "idx_lineitem_shipdate", "Startup Cost": 0.0, "Total Cost": 24763.28, "Plan Rows": 719903, "Plan Width": 0, "Actual Startup Time": 303.892, "Actual Total Time": 303.892, "Actual Rows": 772803, "Actual Loops": 1, "Index Cond": "((l_shipdate >= '1996-12-01 00:00:00'::timestamp(0) without time zone) AND (l_shipdate < '1997-01-01 00:00:00'::timestamp without time zone))"}]}, {"Node Type": "Bitmap Heap Scan", "Parent Relationship": "Inner", "Relation Name": "part", "Alias": "part", "Startup Cost": 0.3, "Total Cost": 4.31, "Plan Rows": 1, "Plan Width": 29, "Actual Startup Time": 4978.943, "Actual Total Time": 4978.943, "Actual Rows": 772803, "Actual Loops": 772803, "Recheck Cond": "(p_partkey = lineitem.l_partkey)", "Rows Removed by Index Recheck": 0, "Exact Heap Blocks": 772803, "Lossy Heap Blocks": 772803, "Plans": [{"Node Type": "Bitmap Index Scan", "Parent Relationship": "Outer", "Index Name": "part_kpey", "Startup Cost": 0.0, "Total Cost": 0.3, "Plan Rows": 1, "Plan Width": 0, "Actual Startup Time": 3069.068, "Actual Total Time": 3069.068, "Actual Rows": 772803, "Actual Loops": 772803, "Index Cond": "(p_partkey = lineitem.l_partkey)"}]}]}]}, "Triggers": [], "Planner Runtime": 0, "Total Runtime": 8385.255, "Unique SQL Id": 379939634}}, "(64, 120)": {"explain_plan": {"Plan": {"Node Type": "Aggregate", "Strategy": "Plain", "Startup Cost": 2738489.45, "Total Cost": 2738489.46, "Plan Rows": 1, "Plan Width": 53, "Plans": [{"Node Type": "Nested Loop", "Parent Relationship": "Outer", "Join Type": "Inner", "Startup Cost": 0.0, "Total Cost": 2725891.14, "Plan Rows": 719903, "Plan Width": 37, "Inner Unique": true, "Plans": [{"Node Type": "Index Scan", "Parent Relationship": "Outer", "Scan Direction": "Forward", "Index Name": "idx_lineitem_shipdate", "Relation Name": "lineitem", "Alias": "lineitem", "Startup Cost": 0.0, "Total Cost": 2327686.3, "Plan Rows": 719903, "Plan Width": 24, "Index Cond": "((l_shipdate >= '1996-12-01 00:00:00'::timestamp(0) without time zone) AND (l_shipdate < '1997-01-01 00:00:00'::timestamp without time zone)), (LLVM Optimized)"}, {"Node Type": "Index Scan", "Parent Relationship": "Inner", "Scan Direction": "Forward", "Index Name": "part_kpey", "Relation Name": "part", "Alias": "part", "Startup Cost": 0.0, "Total Cost": 0.54, "Plan Rows": 1, "Plan Width": 29, "Index Cond": "(p_partkey = lineitem.l_partkey)"}]}]}, "Unique SQL Id": 379939634, "Planner Runtime": 0}, "explain_analyze_plan": {"Plan": {"Node Type": "Aggregate", "Strategy": "Plain", "Startup Cost": 2738489.45, "Total Cost": 2738489.46, "Plan Rows": 1, "Plan Width": 53, "Actual Startup Time": 7479.303, "Actual Total Time": 7479.305, "Actual Rows": 1, "Actual Loops": 1, "Plans": [{"Node Type": "Nested Loop", "Parent Relationship": "Outer", "Join Type": "Inner", "Startup Cost": 0.0, "Total Cost": 2725891.14, "Plan Rows": 719903, "Plan Width": 37, "Actual Startup Time": 0.055, "Actual Total Time": 7029.741, "Actual Rows": 772803, "Actual Loops": 1, "Inner Unique": true, "Plans": [{"Node Type": "Index Scan", "Parent Relationship": "Outer", "Scan Direction": "Forward", "Index Name": "idx_lineitem_shipdate", "Relation Name": "lineitem", "Alias": "lineitem", "Startup Cost": 0.0, "Total Cost": 2327686.3, "Plan Rows": 719903, "Plan Width": 24, "Actual Startup Time": 0.04, "Actual Total Time": 2012.068, "Actual Rows": 772803, "Actual Loops": 1, "Index Cond": "((l_shipdate >= '1996-12-01 00:00:00'::timestamp(0) without time zone) AND (l_shipdate < '1997-01-01 00:00:00'::timestamp without time zone)), (LLVM Optimized, Jit Execute)", "Rows Removed by Index Recheck": 0}, {"Node Type": "Index Scan", "Parent Relationship": "Inner", "Scan Direction": "Forward", "Index Name": "part_kpey", "Relation Name": "part", "Alias": "part", "Startup Cost": 0.0, "Total Cost": 0.54, "Plan Rows": 1, "Plan Width": 29, "Actual Startup Time": 4381.589, "Actual Total Time": 4381.589, "Actual Rows": 772803, "Actual Loops": 772803, "Index Cond": "(p_partkey = lineitem.l_partkey)", "Rows Removed by Index Recheck": 0}]}]}, "Triggers": [], "Planner Runtime": 0, "Total Runtime": 7489.568, "Unique SQL Id": 379939634}}, "(64, 121)": {"explain_plan": {"Plan": {"Node Type": "Aggregate", "Strategy": "Plain", "Startup Cost": 2738489.45, "Total Cost": 2738489.46, "Plan Rows": 1, "Plan Width": 53, "Plans": [{"Node Type": "Nested Loop", "Parent Relationship": "Outer", "Join Type": "Inner", "Startup Cost": 0.0, "Total Cost": 2725891.14, "Plan Rows": 719903, "Plan Width": 37, "Inner Unique": true, "Plans": [{"Node Type": "Index Scan", "Parent Relationship": "Outer", "Scan Direction": "Forward", "Index Name": "idx_lineitem_shipdate", "Relation Name": "lineitem", "Alias": "lineitem", "Startup Cost": 0.0, "Total Cost": 2327686.3, "Plan Rows": 719903, "Plan Width": 24, "Index Cond": "((l_shipdate >= '1996-12-01 00:00:00'::timestamp(0) without time zone) AND (l_shipdate < '1997-01-01 00:00:00'::timestamp without time zone)), (LLVM Optimized)"}, {"Node Type": "Index Scan", "Parent Relationship": "Inner", "Scan Direction": "Forward", "Index Name": "part_kpey", "Relation Name": "part", "Alias": "part", "Startup Cost": 0.0, "Total Cost": 0.54, "Plan Rows": 1, "Plan Width": 29, "Index Cond": "(p_partkey = lineitem.l_partkey)"}]}]}, "Unique SQL Id": 379939634, "Planner Runtime": 0}, "explain_analyze_plan": {"Plan": {"Node Type": "Aggregate", "Strategy": "Plain", "Startup Cost": 2738489.45, "Total Cost": 2738489.46, "Plan Rows": 1, "Plan Width": 53, "Actual Startup Time": 7479.303, "Actual Total Time": 7479.305, "Actual Rows": 1, "Actual Loops": 1, "Plans": [{"Node Type": "Nested Loop", "Parent Relationship": "Outer", "Join Type": "Inner", "Startup Cost": 0.0, "Total Cost": 2725891.14, "Plan Rows": 719903, "Plan Width": 37, "Actual Startup Time": 0.055, "Actual Total Time": 7029.741, "Actual Rows": 772803, "Actual Loops": 1, "Inner Unique": true, "Plans": [{"Node Type": "Index Scan", "Parent Relationship": "Outer", "Scan Direction": "Forward", "Index Name": "idx_lineitem_shipdate", "Relation Name": "lineitem", "Alias": "lineitem", "Startup Cost": 0.0, "Total Cost": 2327686.3, "Plan Rows": 719903, "Plan Width": 24, "Actual Startup Time": 0.04, "Actual Total Time": 2012.068, "Actual Rows": 772803, "Actual Loops": 1, "Index Cond": "((l_shipdate >= '1996-12-01 00:00:00'::timestamp(0) without time zone) AND (l_shipdate < '1997-01-01 00:00:00'::timestamp without time zone)), (LLVM Optimized, Jit Execute)", "Rows Removed by Index Recheck": 0}, {"Node Type": "Index Scan", "Parent Relationship": "Inner", "Scan Direction": "Forward", "Index Name": "part_kpey", "Relation Name": "part", "Alias": "part", "Startup Cost": 0.0, "Total Cost": 0.54, "Plan Rows": 1, "Plan Width": 29, "Actual Startup Time": 4381.589, "Actual Total Time": 4381.589, "Actual Rows": 772803, "Actual Loops": 772803, "Index Cond": "(p_partkey = lineitem.l_partkey)", "Rows Removed by Index Recheck": 0}]}]}, "Triggers": [], "Planner Runtime": 0, "Total Runtime": 7489.568, "Unique SQL Id": 379939634}}, "(64, 122)": {"explain_plan": {"Plan": {"Node Type": "Aggregate", "Strategy": "Plain", "Startup Cost": 21599481392.56, "Total Cost": 21599481392.57, "Plan Rows": 1, "Plan Width": 53, "Plans": [{"Node Type": "Nested Loop", "Parent Relationship": "Outer", "Join Type": "Inner", "Startup Cost": 44.58, "Total Cost": 21599468794.25, "Plan Rows": 719903, "Plan Width": 37, "Inner Unique": false, "Join Filter": "(lineitem.l_partkey = part.p_partkey), (LLVM Optimized)", "Plans": [{"Node Type": "Seq Scan", "Parent Relationship": "Outer", "Relation Name": "part", "Alias": "part", "Startup Cost": 0.0, "Total Cost": 61944.0, "Plan Rows": 2000000, "Plan Width": 29}, {"Node Type": "Materialize", "Parent Relationship": "Inner", "Startup Cost": 44.58, "Total Cost": 2318650.01, "Plan Rows": 719903, "Plan Width": 24, "Plans": [{"Node Type": "Seq Scan", "Parent Relationship": "Outer", "Relation Name": "lineitem", "Alias": "lineitem", "Startup Cost": 44.58, "Total Cost": 2315050.5, "Plan Rows": 719903, "Plan Width": 24, "Filter": "((l_shipdate >= '1996-12-01 00:00:00'::timestamp(0) without time zone) AND (l_shipdate < '1997-01-01 00:00:00'::timestamp without time zone)), (LLVM Optimized)"}]}]}]}, "Unique SQL Id": 379939634, "Planner Runtime": 0}, "explain_analyze_plan": null}, "(64, 123)": {"explain_plan": {"Plan": {"Node Type": "Aggregate", "Strategy": "Plain", "Startup Cost": 2022412569559.2, "Total Cost": 2022412569559.22, "Plan Rows": 1, "Plan Width": 53, "Plans": [{"Node Type": "Nested Loop", "Parent Relationship": "Outer", "Join Type": "Inner", "Startup Cost": 20000000000.0, "Total Cost": 2022412556960.9, "Plan Rows": 719903, "Plan Width": 37, "Inner Unique": false, "Join Filter": "(lineitem.l_partkey = part.p_partkey), (LLVM Optimized)", "Plans": [{"Node Type": "Index Scan", "Parent Relationship": "Outer", "Scan Direction": "Forward", "Index Name": "part_kpey", "Relation Name": "part", "Alias": "part", "Startup Cost": 10000000000.0, "Total Cost": 1000010080325.0, "Plan Rows": 2000000, "Plan Width": 29}, {"Node Type": "Materialize", "Parent Relationship": "Inner", "Startup Cost": 10000000000.0, "Total Cost": 1000805388435.66, "Plan Rows": 719903, "Plan Width": 24, "Plans": [{"Node Type": "Index Scan", "Parent Relationship": "Outer", "Scan Direction": "Forward", "Index Name": "idx_lineitem_part_supp", "Relation Name": "lineitem", "Alias": "lineitem", "Startup Cost": 10000000000.0, "Total Cost": 1000805384836.14, "Plan Rows": 719903, "Plan Width": 24, "Filter": "((l_shipdate >= '1996-12-01 00:00:00'::timestamp(0) without time zone) AND (l_shipdate < '1997-01-01 00:00:00'::timestamp without time zone)), (LLVM Optimized)"}]}]}]}, "Unique SQL Id": 379939634, "Planner Runtime": 0}, "explain_analyze_plan": null}, "(64, 124)": {"explain_plan": {"Plan": {"Node Type": "Aggregate", "Strategy": "Plain", "Startup Cost": 2738489.45, "Total Cost": 2738489.46, "Plan Rows": 1, "Plan Width": 53, "Plans": [{"Node Type": "Nested Loop", "Parent Relationship": "Outer", "Join Type": "Inner", "Startup Cost": 0.0, "Total Cost": 2725891.14, "Plan Rows": 719903, "Plan Width": 37, "Inner Unique": true, "Plans": [{"Node Type": "Index Scan", "Parent Relationship": "Outer", "Scan Direction": "Forward", "Index Name": "idx_lineitem_shipdate", "Relation Name": "lineitem", "Alias": "lineitem", "Startup Cost": 0.0, "Total Cost": 2327686.3, "Plan Rows": 719903, "Plan Width": 24, "Index Cond": "((l_shipdate >= '1996-12-01 00:00:00'::timestamp(0) without time zone) AND (l_shipdate < '1997-01-01 00:00:00'::timestamp without time zone)), (LLVM Optimized)"}, {"Node Type": "Index Scan", "Parent Relationship": "Inner", "Scan Direction": "Forward", "Index Name": "part_kpey", "Relation Name": "part", "Alias": "part", "Startup Cost": 0.0, "Total Cost": 0.54, "Plan Rows": 1, "Plan Width": 29, "Index Cond": "(p_partkey = lineitem.l_partkey)"}]}]}, "Unique SQL Id": 379939634, "Planner Runtime": 0}, "explain_analyze_plan": {"Plan": {"Node Type": "Aggregate", "Strategy": "Plain", "Startup Cost": 2738489.45, "Total Cost": 2738489.46, "Plan Rows": 1, "Plan Width": 53, "Actual Startup Time": 7479.303, "Actual Total Time": 7479.305, "Actual Rows": 1, "Actual Loops": 1, "Plans": [{"Node Type": "Nested Loop", "Parent Relationship": "Outer", "Join Type": "Inner", "Startup Cost": 0.0, "Total Cost": 2725891.14, "Plan Rows": 719903, "Plan Width": 37, "Actual Startup Time": 0.055, "Actual Total Time": 7029.741, "Actual Rows": 772803, "Actual Loops": 1, "Inner Unique": true, "Plans": [{"Node Type": "Index Scan", "Parent Relationship": "Outer", "Scan Direction": "Forward", "Index Name": "idx_lineitem_shipdate", "Relation Name": "lineitem", "Alias": "lineitem", "Startup Cost": 0.0, "Total Cost": 2327686.3, "Plan Rows": 719903, "Plan Width": 24, "Actual Startup Time": 0.04, "Actual Total Time": 2012.068, "Actual Rows": 772803, "Actual Loops": 1, "Index Cond": "((l_shipdate >= '1996-12-01 00:00:00'::timestamp(0) without time zone) AND (l_shipdate < '1997-01-01 00:00:00'::timestamp without time zone)), (LLVM Optimized, Jit Execute)", "Rows Removed by Index Recheck": 0}, {"Node Type": "Index Scan", "Parent Relationship": "Inner", "Scan Direction": "Forward", "Index Name": "part_kpey", "Relation Name": "part", "Alias": "part", "Startup Cost": 0.0, "Total Cost": 0.54, "Plan Rows": 1, "Plan Width": 29, "Actual Startup Time": 4381.589, "Actual Total Time": 4381.589, "Actual Rows": 772803, "Actual Loops": 772803, "Index Cond": "(p_partkey = lineitem.l_partkey)", "Rows Removed by Index Recheck": 0}]}]}, "Triggers": [], "Planner Runtime": 0, "Total Runtime": 7489.568, "Unique SQL Id": 379939634}}, "(64, 125)": {"explain_plan": {"Plan": {"Node Type": "Aggregate", "Strategy": "Plain", "Startup Cost": 2738489.45, "Total Cost": 2738489.46, "Plan Rows": 1, "Plan Width": 53, "Plans": [{"Node Type": "Nested Loop", "Parent Relationship": "Outer", "Join Type": "Inner", "Startup Cost": 0.0, "Total Cost": 2725891.14, "Plan Rows": 719903, "Plan Width": 37, "Inner Unique": true, "Plans": [{"Node Type": "Index Scan", "Parent Relationship": "Outer", "Scan Direction": "Forward", "Index Name": "idx_lineitem_shipdate", "Relation Name": "lineitem", "Alias": "lineitem", "Startup Cost": 0.0, "Total Cost": 2327686.3, "Plan Rows": 719903, "Plan Width": 24, "Index Cond": "((l_shipdate >= '1996-12-01 00:00:00'::timestamp(0) without time zone) AND (l_shipdate < '1997-01-01 00:00:00'::timestamp without time zone)), (LLVM Optimized)"}, {"Node Type": "Index Scan", "Parent Relationship": "Inner", "Scan Direction": "Forward", "Index Name": "part_kpey", "Relation Name": "part", "Alias": "part", "Startup Cost": 0.0, "Total Cost": 0.54, "Plan Rows": 1, "Plan Width": 29, "Index Cond": "(p_partkey = lineitem.l_partkey)"}]}]}, "Unique SQL Id": 379939634, "Planner Runtime": 0}, "explain_analyze_plan": {"Plan": {"Node Type": "Aggregate", "Strategy": "Plain", "Startup Cost": 2738489.45, "Total Cost": 2738489.46, "Plan Rows": 1, "Plan Width": 53, "Actual Startup Time": 7479.303, "Actual Total Time": 7479.305, "Actual Rows": 1, "Actual Loops": 1, "Plans": [{"Node Type": "Nested Loop", "Parent Relationship": "Outer", "Join Type": "Inner", "Startup Cost": 0.0, "Total Cost": 2725891.14, "Plan Rows": 719903, "Plan Width": 37, "Actual Startup Time": 0.055, "Actual Total Time": 7029.741, "Actual Rows": 772803, "Actual Loops": 1, "Inner Unique": true, "Plans": [{"Node Type": "Index Scan", "Parent Relationship": "Outer", "Scan Direction": "Forward", "Index Name": "idx_lineitem_shipdate", "Relation Name": "lineitem", "Alias": "lineitem", "Startup Cost": 0.0, "Total Cost": 2327686.3, "Plan Rows": 719903, "Plan Width": 24, "Actual Startup Time": 0.04, "Actual Total Time": 2012.068, "Actual Rows": 772803, "Actual Loops": 1, "Index Cond": "((l_shipdate >= '1996-12-01 00:00:00'::timestamp(0) without time zone) AND (l_shipdate < '1997-01-01 00:00:00'::timestamp without time zone)), (LLVM Optimized, Jit Execute)", "Rows Removed by Index Recheck": 0}, {"Node Type": "Index Scan", "Parent Relationship": "Inner", "Scan Direction": "Forward", "Index Name": "part_kpey", "Relation Name": "part", "Alias": "part", "Startup Cost": 0.0, "Total Cost": 0.54, "Plan Rows": 1, "Plan Width": 29, "Actual Startup Time": 4381.589, "Actual Total Time": 4381.589, "Actual Rows": 772803, "Actual Loops": 772803, "Index Cond": "(p_partkey = lineitem.l_partkey)", "Rows Removed by Index Recheck": 0}]}]}, "Triggers": [], "Planner Runtime": 0, "Total Runtime": 7489.568, "Unique SQL Id": 379939634}}, "(64, 126)": {"explain_plan": {"Plan": {"Node Type": "Aggregate", "Strategy": "Plain", "Startup Cost": 21599481392.56, "Total Cost": 21599481392.57, "Plan Rows": 1, "Plan Width": 53, "Plans": [{"Node Type": "Nested Loop", "Parent Relationship": "Outer", "Join Type": "Inner", "Startup Cost": 44.58, "Total Cost": 21599468794.25, "Plan Rows": 719903, "Plan Width": 37, "Inner Unique": false, "Join Filter": "(lineitem.l_partkey = part.p_partkey), (LLVM Optimized)", "Plans": [{"Node Type": "Seq Scan", "Parent Relationship": "Outer", "Relation Name": "part", "Alias": "part", "Startup Cost": 0.0, "Total Cost": 61944.0, "Plan Rows": 2000000, "Plan Width": 29}, {"Node Type": "Materialize", "Parent Relationship": "Inner", "Startup Cost": 44.58, "Total Cost": 2318650.01, "Plan Rows": 719903, "Plan Width": 24, "Plans": [{"Node Type": "Seq Scan", "Parent Relationship": "Outer", "Relation Name": "lineitem", "Alias": "lineitem", "Startup Cost": 44.58, "Total Cost": 2315050.5, "Plan Rows": 719903, "Plan Width": 24, "Filter": "((l_shipdate >= '1996-12-01 00:00:00'::timestamp(0) without time zone) AND (l_shipdate < '1997-01-01 00:00:00'::timestamp without time zone)), (LLVM Optimized)"}]}]}]}, "Unique SQL Id": 379939634, "Planner Runtime": 0}, "explain_analyze_plan": null}, "(64, 127)": {"explain_plan": {"Plan": {"Node Type": "Aggregate", "Strategy": "Plain", "Startup Cost": 2022412569559.2, "Total Cost": 2022412569559.22, "Plan Rows": 1, "Plan Width": 53, "Plans": [{"Node Type": "Nested Loop", "Parent Relationship": "Outer", "Join Type": "Inner", "Startup Cost": 20000000000.0, "Total Cost": 2022412556960.9, "Plan Rows": 719903, "Plan Width": 37, "Inner Unique": false, "Join Filter": "(lineitem.l_partkey = part.p_partkey), (LLVM Optimized)", "Plans": [{"Node Type": "Index Scan", "Parent Relationship": "Outer", "Scan Direction": "Forward", "Index Name": "part_kpey", "Relation Name": "part", "Alias": "part", "Startup Cost": 10000000000.0, "Total Cost": 1000010080325.0, "Plan Rows": 2000000, "Plan Width": 29}, {"Node Type": "Materialize", "Parent Relationship": "Inner", "Startup Cost": 10000000000.0, "Total Cost": 1000805388435.66, "Plan Rows": 719903, "Plan Width": 24, "Plans": [{"Node Type": "Index Scan", "Parent Relationship": "Outer", "Scan Direction": "Forward", "Index Name": "idx_lineitem_part_supp", "Relation Name": "lineitem", "Alias": "lineitem", "Startup Cost": 10000000000.0, "Total Cost": 1000805384836.14, "Plan Rows": 719903, "Plan Width": 24, "Filter": "((l_shipdate >= '1996-12-01 00:00:00'::timestamp(0) without time zone) AND (l_shipdate < '1997-01-01 00:00:00'::timestamp without time zone)), (LLVM Optimized)"}]}]}]}, "Unique SQL Id": 379939634, "Planner Runtime": 0}, "explain_analyze_plan": null}}