{"(1, '0')": {"explain_plan": {"Plan": {"Node Type": "Merge Join", "Join Type": "Inner", "Startup Cost": 3242103.77, "Total Cost": 3248579.02, "Plan Rows": 59380, "Plan Width": 83, "Inner Unique": true, "Merge Cond": "(supplier.s_suppkey = revenue0.supplier_no)", "Plans": [{"Node Type": "Aggregate", "Strategy": "Plain", "Parent Relationship": "exec_init_plan", "Subplan Name": "InitPlan 1 (returns $0)", "Startup Cost": 1610196.85, "Total Cost": 1610196.86, "Plan Rows": 1, "Plan Width": 16, "Plans": [{"Node Type": "Aggregate", "Strategy": "Hashed", "Parent Relationship": "Outer", "Startup Cost": 1608860.8, "Total Cost": 1609454.6, "Plan Rows": 59380, "Plan Width": 24, "Group By Key": ["public.lineitem.l_suppkey"], "Plans": [{"Node Type": "Bitmap Heap Scan", "Parent Relationship": "Outer", "Relation Name": "lineitem", "Alias": "lineitem", "Startup Cost": 78544.19, "Total Cost": 1586191.59, "Plan Rows": 2266921, "Plan Width": 24, "Recheck Cond": "((l_shipdate >= '1997-07-01 00:00:00'::timestamp(0) without time zone) AND (l_shipdate < '1997-10-01 00:00:00'::timestamp without time zone)), (LLVM Optimized)", "Plans": [{"Node Type": "Bitmap Index Scan", "Parent Relationship": "Outer", "Index Name": "idx_lineitem_shipdate", "Startup Cost": 0.0, "Total Cost": 77977.46, "Plan Rows": 2266921, "Plan Width": 0, "Index Cond": "((l_shipdate >= '1997-07-01 00:00:00'::timestamp(0) without time zone) AND (l_shipdate < '1997-10-01 00:00:00'::timestamp without time zone))"}]}]}]}, {"Node Type": "Index Scan", "Parent Relationship": "Outer", "Scan Direction": "Forward", "Index Name": "supplier_pkey", "Relation Name": "supplier", "Alias": "supplier", "Startup Cost": 0.0, "Total Cost": 5334.54, "Plan Rows": 100000, "Plan Width": 75}, {"Node Type": "Sort", "Parent Relationship": "Inner", "Startup Cost": 1631906.91, "Total Cost": 1632055.36, "Plan Rows": 59380, "Plan Width": 16, "Sort Key": ["revenue0.supplier_no"], "Plans": [{"Node Type": "Subquery Scan", "Parent Relationship": "Outer", "Alias": "revenue0", "Startup Cost": 1625862.71, "Total Cost": 1627198.76, "Plan Rows": 59380, "Plan Width": 16, "Plans": [{"Node Type": "Aggregate", "Strategy": "Hashed", "Parent Relationship": "Subquery", "Startup Cost": 1625862.71, "Total Cost": 1626604.96, "Plan Rows": 59380, "Plan Width": 24, "Group By Key": ["public.lineitem.l_suppkey"], "Filter": "(sum((public.lineitem.l_extendedprice * (1::double precision - public.lineitem.l_discount))) = $0), (LLVM Optimized)", "Plans": [{"Node Type": "Bitmap Heap Scan", "Parent Relationship": "Outer", "Relation Name": "lineitem", "Alias": "lineitem", "Startup Cost": 78544.19, "Total Cost": 1586191.59, "Plan Rows": 2266921, "Plan Width": 24, "Recheck Cond": "((l_shipdate >= '1997-07-01 00:00:00'::timestamp(0) without time zone) AND (l_shipdate < '1997-10-01 00:00:00'::timestamp without time zone)), (LLVM Optimized)", "Plans": [{"Node Type": "Bitmap Index Scan", "Parent Relationship": "Outer", "Index Name": "idx_lineitem_shipdate", "Startup Cost": 0.0, "Total Cost": 77977.46, "Plan Rows": 2266921, "Plan Width": 0, "Index Cond": "((l_shipdate >= '1997-07-01 00:00:00'::timestamp(0) without time zone) AND (l_shipdate < '1997-10-01 00:00:00'::timestamp without time zone))"}]}]}]}]}]}, "Unique SQL Id": 3712096918, "Planner Runtime": 1}, "explain_analyze_plan": {"Plan": {"Node Type": "Merge Join", "Join Type": "Inner", "Startup Cost": 3242103.77, "Total Cost": 3248579.02, "Plan Rows": 59380, "Plan Width": 83, "Actual Startup Time": 11651.8, "Actual Total Time": 11651.805, "Actual Rows": 1, "Actual Loops": 1, "Inner Unique": true, "Merge Cond": "(supplier.s_suppkey = revenue0.supplier_no)", "Plans": [{"Node Type": "Aggregate", "Strategy": "Plain", "Parent Relationship": "exec_init_plan", "Subplan Name": "InitPlan 1 (returns $0)", "Startup Cost": 1610196.85, "Total Cost": 1610196.86, "Plan Rows": 1, "Plan Width": 16, "Actual Startup Time": 6150.177, "Actual Total Time": 6150.177, "Actual Rows": 1, "Actual Loops": 1, "Plans": [{"Node Type": "Aggregate", "Strategy": "Hashed", "Parent Relationship": "Outer", "Startup Cost": 1608860.8, "Total Cost": 1609454.6, "Plan Rows": 59380, "Plan Width": 24, "Actual Startup Time": 6103.597, "Actual Total Time": 6135.186, "Actual Rows": 100000, "Actual Loops": 1, "Group By Key": ["public.lineitem.l_suppkey"], "Plans": [{"Node Type": "Bitmap Heap Scan", "Parent Relationship": "Outer", "Relation Name": "lineitem", "Alias": "lineitem", "Startup Cost": 78544.19, "Total Cost": 1586191.59, "Plan Rows": 2266921, "Plan Width": 24, "Actual Startup Time": 1421.45, "Actual Total Time": 4328.688, "Actual Rows": 2293944, "Actual Loops": 1, "Recheck Cond": "((l_shipdate >= '1997-07-01 00:00:00'::timestamp(0) without time zone) AND (l_shipdate < '1997-10-01 00:00:00'::timestamp without time zone)), (LLVM Optimized, Jit Execute)", "Rows Removed by Index Recheck": 0, "Exact Heap Blocks": 732487, "Lossy Heap Blocks": 732487, "Plans": [{"Node Type": "Bitmap Index Scan", "Parent Relationship": "Outer", "Index Name": "idx_lineitem_shipdate", "Startup Cost": 0.0, "Total Cost": 77977.46, "Plan Rows": 2266921, "Plan Width": 0, "Actual Startup Time": 1058.066, "Actual Total Time": 1058.066, "Actual Rows": 2293944, "Actual Loops": 1, "Index Cond": "((l_shipdate >= '1997-07-01 00:00:00'::timestamp(0) without time zone) AND (l_shipdate < '1997-10-01 00:00:00'::timestamp without time zone))"}]}]}]}, {"Node Type": "Index Scan", "Parent Relationship": "Outer", "Scan Direction": "Forward", "Index Name": "supplier_pkey", "Relation Name": "supplier", "Alias": "supplier", "Startup Cost": 0.0, "Total Cost": 5334.54, "Plan Rows": 100000, "Plan Width": 75, "Actual Startup Time": 0.04, "Actual Total Time": 25.601, "Actual Rows": 35977, "Actual Loops": 1}, {"Node Type": "Sort", "Parent Relationship": "Inner", "Startup Cost": 1631906.91, "Total Cost": 1632055.36, "Plan Rows": 59380, "Plan Width": 16, "Actual Startup Time": 11621.178, "Actual Total Time": 11621.178, "Actual Rows": 1, "Actual Loops": 1, "Sort Key": ["revenue0.supplier_no"], "Sort Method": "quicksort", "Sort Space Used": 25, "Sort Space Type": "Memory", "Plans": [{"Node Type": "Subquery Scan", "Parent Relationship": "Outer", "Alias": "revenue0", "Startup Cost": 1625862.71, "Total Cost": 1627198.76, "Plan Rows": 59380, "Plan Width": 16, "Actual Startup Time": 11595.263, "Actual Total Time": 11620.908, "Actual Rows": 1, "Actual Loops": 1, "Plans": [{"Node Type": "Aggregate", "Strategy": "Hashed", "Parent Relationship": "Subquery", "Startup Cost": 1625862.71, "Total Cost": 1626604.96, "Plan Rows": 59380, "Plan Width": 24, "Actual Startup Time": 11595.26, "Actual Total Time": 11620.903, "Actual Rows": 1, "Actual Loops": 1, "Group By Key": ["public.lineitem.l_suppkey"], "Filter": "(sum((public.lineitem.l_extendedprice * (1::double precision - public.lineitem.l_discount))) = $0), (LLVM Optimized, Jit Execute)", "Rows Removed by Filter": 99999, "Plans": [{"Node Type": "Bitmap Heap Scan", "Parent Relationship": "Outer", "Relation Name": "lineitem", "Alias": "lineitem", "Startup Cost": 78544.19, "Total Cost": 1586191.59, "Plan Rows": 2266921, "Plan Width": 24, "Actual Startup Time": 991.154, "Actual Total Time": 3631.209, "Actual Rows": 2293944, "Actual Loops": 1, "Recheck Cond": "((l_shipdate >= '1997-07-01 00:00:00'::timestamp(0) without time zone) AND (l_shipdate < '1997-10-01 00:00:00'::timestamp without time zone)), (LLVM Optimized, Jit Execute)", "Rows Removed by Index Recheck": 0, "Exact Heap Blocks": 732487, "Lossy Heap Blocks": 732487, "Plans": [{"Node Type": "Bitmap Index Scan", "Parent Relationship": "Outer", "Index Name": "idx_lineitem_shipdate", "Startup Cost": 0.0, "Total Cost": 77977.46, "Plan Rows": 2266921, "Plan Width": 0, "Actual Startup Time": 703.296, "Actual Total Time": 703.296, "Actual Rows": 2293944, "Actual Loops": 1, "Index Cond": "((l_shipdate >= '1997-07-01 00:00:00'::timestamp(0) without time zone) AND (l_shipdate < '1997-10-01 00:00:00'::timestamp without time zone))"}]}]}]}]}]}, "Triggers": [], "Planner Runtime": 0.687, "Total Runtime": 11665.077, "Unique SQL Id": 3712096918}}, "(1, '1')": {"explain_plan": {"Plan": {"Node Type": "Merge Join", "Join Type": "Inner", "Startup Cost": 3242103.77, "Total Cost": 3248579.02, "Plan Rows": 59380, "Plan Width": 83, "Inner Unique": true, "Merge Cond": "(supplier.s_suppkey = revenue0.supplier_no)", "Plans": [{"Node Type": "Aggregate", "Strategy": "Plain", "Parent Relationship": "exec_init_plan", "Subplan Name": "InitPlan 1 (returns $0)", "Startup Cost": 1610196.85, "Total Cost": 1610196.86, "Plan Rows": 1, "Plan Width": 16, "Plans": [{"Node Type": "Aggregate", "Strategy": "Hashed", "Parent Relationship": "Outer", "Startup Cost": 1608860.8, "Total Cost": 1609454.6, "Plan Rows": 59380, "Plan Width": 24, "Group By Key": ["public.lineitem.l_suppkey"], "Plans": [{"Node Type": "Bitmap Heap Scan", "Parent Relationship": "Outer", "Relation Name": "lineitem", "Alias": "lineitem", "Startup Cost": 78544.19, "Total Cost": 1586191.59, "Plan Rows": 2266921, "Plan Width": 24, "Recheck Cond": "((l_shipdate >= '1997-07-01 00:00:00'::timestamp(0) without time zone) AND (l_shipdate < '1997-10-01 00:00:00'::timestamp without time zone)), (LLVM Optimized)", "Plans": [{"Node Type": "Bitmap Index Scan", "Parent Relationship": "Outer", "Index Name": "idx_lineitem_shipdate", "Startup Cost": 0.0, "Total Cost": 77977.46, "Plan Rows": 2266921, "Plan Width": 0, "Index Cond": "((l_shipdate >= '1997-07-01 00:00:00'::timestamp(0) without time zone) AND (l_shipdate < '1997-10-01 00:00:00'::timestamp without time zone))"}]}]}]}, {"Node Type": "Index Scan", "Parent Relationship": "Outer", "Scan Direction": "Forward", "Index Name": "supplier_pkey", "Relation Name": "supplier", "Alias": "supplier", "Startup Cost": 0.0, "Total Cost": 5334.54, "Plan Rows": 100000, "Plan Width": 75}, {"Node Type": "Sort", "Parent Relationship": "Inner", "Startup Cost": 1631906.91, "Total Cost": 1632055.36, "Plan Rows": 59380, "Plan Width": 16, "Sort Key": ["revenue0.supplier_no"], "Plans": [{"Node Type": "Subquery Scan", "Parent Relationship": "Outer", "Alias": "revenue0", "Startup Cost": 1625862.71, "Total Cost": 1627198.76, "Plan Rows": 59380, "Plan Width": 16, "Plans": [{"Node Type": "Aggregate", "Strategy": "Hashed", "Parent Relationship": "Subquery", "Startup Cost": 1625862.71, "Total Cost": 1626604.96, "Plan Rows": 59380, "Plan Width": 24, "Group By Key": ["public.lineitem.l_suppkey"], "Filter": "(sum((public.lineitem.l_extendedprice * (1::double precision - public.lineitem.l_discount))) = $0), (LLVM Optimized)", "Plans": [{"Node Type": "Bitmap Heap Scan", "Parent Relationship": "Outer", "Relation Name": "lineitem", "Alias": "lineitem", "Startup Cost": 78544.19, "Total Cost": 1586191.59, "Plan Rows": 2266921, "Plan Width": 24, "Recheck Cond": "((l_shipdate >= '1997-07-01 00:00:00'::timestamp(0) without time zone) AND (l_shipdate < '1997-10-01 00:00:00'::timestamp without time zone)), (LLVM Optimized)", "Plans": [{"Node Type": "Bitmap Index Scan", "Parent Relationship": "Outer", "Index Name": "idx_lineitem_shipdate", "Startup Cost": 0.0, "Total Cost": 77977.46, "Plan Rows": 2266921, "Plan Width": 0, "Index Cond": "((l_shipdate >= '1997-07-01 00:00:00'::timestamp(0) without time zone) AND (l_shipdate < '1997-10-01 00:00:00'::timestamp without time zone))"}]}]}]}]}]}, "Unique SQL Id": 3712096918, "Planner Runtime": 0}, "explain_analyze_plan": {"Plan": {"Node Type": "Merge Join", "Join Type": "Inner", "Startup Cost": 3242103.77, "Total Cost": 3248579.02, "Plan Rows": 59380, "Plan Width": 83, "Actual Startup Time": 11651.8, "Actual Total Time": 11651.805, "Actual Rows": 1, "Actual Loops": 1, "Inner Unique": true, "Merge Cond": "(supplier.s_suppkey = revenue0.supplier_no)", "Plans": [{"Node Type": "Aggregate", "Strategy": "Plain", "Parent Relationship": "exec_init_plan", "Subplan Name": "InitPlan 1 (returns $0)", "Startup Cost": 1610196.85, "Total Cost": 1610196.86, "Plan Rows": 1, "Plan Width": 16, "Actual Startup Time": 6150.177, "Actual Total Time": 6150.177, "Actual Rows": 1, "Actual Loops": 1, "Plans": [{"Node Type": "Aggregate", "Strategy": "Hashed", "Parent Relationship": "Outer", "Startup Cost": 1608860.8, "Total Cost": 1609454.6, "Plan Rows": 59380, "Plan Width": 24, "Actual Startup Time": 6103.597, "Actual Total Time": 6135.186, "Actual Rows": 100000, "Actual Loops": 1, "Group By Key": ["public.lineitem.l_suppkey"], "Plans": [{"Node Type": "Bitmap Heap Scan", "Parent Relationship": "Outer", "Relation Name": "lineitem", "Alias": "lineitem", "Startup Cost": 78544.19, "Total Cost": 1586191.59, "Plan Rows": 2266921, "Plan Width": 24, "Actual Startup Time": 1421.45, "Actual Total Time": 4328.688, "Actual Rows": 2293944, "Actual Loops": 1, "Recheck Cond": "((l_shipdate >= '1997-07-01 00:00:00'::timestamp(0) without time zone) AND (l_shipdate < '1997-10-01 00:00:00'::timestamp without time zone)), (LLVM Optimized, Jit Execute)", "Rows Removed by Index Recheck": 0, "Exact Heap Blocks": 732487, "Lossy Heap Blocks": 732487, "Plans": [{"Node Type": "Bitmap Index Scan", "Parent Relationship": "Outer", "Index Name": "idx_lineitem_shipdate", "Startup Cost": 0.0, "Total Cost": 77977.46, "Plan Rows": 2266921, "Plan Width": 0, "Actual Startup Time": 1058.066, "Actual Total Time": 1058.066, "Actual Rows": 2293944, "Actual Loops": 1, "Index Cond": "((l_shipdate >= '1997-07-01 00:00:00'::timestamp(0) without time zone) AND (l_shipdate < '1997-10-01 00:00:00'::timestamp without time zone))"}]}]}]}, {"Node Type": "Index Scan", "Parent Relationship": "Outer", "Scan Direction": "Forward", "Index Name": "supplier_pkey", "Relation Name": "supplier", "Alias": "supplier", "Startup Cost": 0.0, "Total Cost": 5334.54, "Plan Rows": 100000, "Plan Width": 75, "Actual Startup Time": 0.04, "Actual Total Time": 25.601, "Actual Rows": 35977, "Actual Loops": 1}, {"Node Type": "Sort", "Parent Relationship": "Inner", "Startup Cost": 1631906.91, "Total Cost": 1632055.36, "Plan Rows": 59380, "Plan Width": 16, "Actual Startup Time": 11621.178, "Actual Total Time": 11621.178, "Actual Rows": 1, "Actual Loops": 1, "Sort Key": ["revenue0.supplier_no"], "Sort Method": "quicksort", "Sort Space Used": 25, "Sort Space Type": "Memory", "Plans": [{"Node Type": "Subquery Scan", "Parent Relationship": "Outer", "Alias": "revenue0", "Startup Cost": 1625862.71, "Total Cost": 1627198.76, "Plan Rows": 59380, "Plan Width": 16, "Actual Startup Time": 11595.263, "Actual Total Time": 11620.908, "Actual Rows": 1, "Actual Loops": 1, "Plans": [{"Node Type": "Aggregate", "Strategy": "Hashed", "Parent Relationship": "Subquery", "Startup Cost": 1625862.71, "Total Cost": 1626604.96, "Plan Rows": 59380, "Plan Width": 24, "Actual Startup Time": 11595.26, "Actual Total Time": 11620.903, "Actual Rows": 1, "Actual Loops": 1, "Group By Key": ["public.lineitem.l_suppkey"], "Filter": "(sum((public.lineitem.l_extendedprice * (1::double precision - public.lineitem.l_discount))) = $0), (LLVM Optimized, Jit Execute)", "Rows Removed by Filter": 99999, "Plans": [{"Node Type": "Bitmap Heap Scan", "Parent Relationship": "Outer", "Relation Name": "lineitem", "Alias": "lineitem", "Startup Cost": 78544.19, "Total Cost": 1586191.59, "Plan Rows": 2266921, "Plan Width": 24, "Actual Startup Time": 991.154, "Actual Total Time": 3631.209, "Actual Rows": 2293944, "Actual Loops": 1, "Recheck Cond": "((l_shipdate >= '1997-07-01 00:00:00'::timestamp(0) without time zone) AND (l_shipdate < '1997-10-01 00:00:00'::timestamp without time zone)), (LLVM Optimized, Jit Execute)", "Rows Removed by Index Recheck": 0, "Exact Heap Blocks": 732487, "Lossy Heap Blocks": 732487, "Plans": [{"Node Type": "Bitmap Index Scan", "Parent Relationship": "Outer", "Index Name": "idx_lineitem_shipdate", "Startup Cost": 0.0, "Total Cost": 77977.46, "Plan Rows": 2266921, "Plan Width": 0, "Actual Startup Time": 703.296, "Actual Total Time": 703.296, "Actual Rows": 2293944, "Actual Loops": 1, "Index Cond": "((l_shipdate >= '1997-07-01 00:00:00'::timestamp(0) without time zone) AND (l_shipdate < '1997-10-01 00:00:00'::timestamp without time zone))"}]}]}]}]}]}, "Triggers": [], "Planner Runtime": 0.687, "Total Runtime": 11665.077, "Unique SQL Id": 3712096918}}, "(1, '2')": {"explain_plan": {"Plan": {"Node Type": "Merge Join", "Join Type": "Inner", "Startup Cost": 3253691.59, "Total Cost": 3255082.29, "Plan Rows": 59380, "Plan Width": 83, "Inner Unique": true, "Merge Cond": "(supplier.s_suppkey = revenue0.supplier_no)", "Plans": [{"Node Type": "Aggregate", "Strategy": "Plain", "Parent Relationship": "exec_init_plan", "Subplan Name": "InitPlan 1 (returns $0)", "Startup Cost": 1610196.85, "Total Cost": 1610196.86, "Plan Rows": 1, "Plan Width": 16, "Plans": [{"Node Type": "Aggregate", "Strategy": "Hashed", "Parent Relationship": "Outer", "Startup Cost": 1608860.8, "Total Cost": 1609454.6, "Plan Rows": 59380, "Plan Width": 24, "Group By Key": ["public.lineitem.l_suppkey"], "Plans": [{"Node Type": "Bitmap Heap Scan", "Parent Relationship": "Outer", "Relation Name": "lineitem", "Alias": "lineitem", "Startup Cost": 78544.19, "Total Cost": 1586191.59, "Plan Rows": 2266921, "Plan Width": 24, "Recheck Cond": "((l_shipdate >= '1997-07-01 00:00:00'::timestamp(0) without time zone) AND (l_shipdate < '1997-10-01 00:00:00'::timestamp without time zone)), (LLVM Optimized)", "Plans": [{"Node Type": "Bitmap Index Scan", "Parent Relationship": "Outer", "Index Name": "idx_lineitem_shipdate", "Startup Cost": 0.0, "Total Cost": 77977.46, "Plan Rows": 2266921, "Plan Width": 0, "Index Cond": "((l_shipdate >= '1997-07-01 00:00:00'::timestamp(0) without time zone) AND (l_shipdate < '1997-10-01 00:00:00'::timestamp without time zone))"}]}]}]}, {"Node Type": "Sort", "Parent Relationship": "Outer", "Startup Cost": 11587.82, "Total Cost": 11837.82, "Plan Rows": 100000, "Plan Width": 75, "Sort Key": ["supplier.s_suppkey"], "Plans": [{"Node Type": "Seq Scan", "Parent Relationship": "Outer", "Relation Name": "supplier", "Alias": "supplier", "Startup Cost": 0.0, "Total Cost": 3283.0, "Plan Rows": 100000, "Plan Width": 75}]}, {"Node Type": "Sort", "Parent Relationship": "Inner", "Startup Cost": 1631906.91, "Total Cost": 1632055.36, "Plan Rows": 59380, "Plan Width": 16, "Sort Key": ["revenue0.supplier_no"], "Plans": [{"Node Type": "Subquery Scan", "Parent Relationship": "Outer", "Alias": "revenue0", "Startup Cost": 1625862.71, "Total Cost": 1627198.76, "Plan Rows": 59380, "Plan Width": 16, "Plans": [{"Node Type": "Aggregate", "Strategy": "Hashed", "Parent Relationship": "Subquery", "Startup Cost": 1625862.71, "Total Cost": 1626604.96, "Plan Rows": 59380, "Plan Width": 24, "Group By Key": ["public.lineitem.l_suppkey"], "Filter": "(sum((public.lineitem.l_extendedprice * (1::double precision - public.lineitem.l_discount))) = $0), (LLVM Optimized)", "Plans": [{"Node Type": "Bitmap Heap Scan", "Parent Relationship": "Outer", "Relation Name": "lineitem", "Alias": "lineitem", "Startup Cost": 78544.19, "Total Cost": 1586191.59, "Plan Rows": 2266921, "Plan Width": 24, "Recheck Cond": "((l_shipdate >= '1997-07-01 00:00:00'::timestamp(0) without time zone) AND (l_shipdate < '1997-10-01 00:00:00'::timestamp without time zone)), (LLVM Optimized)", "Plans": [{"Node Type": "Bitmap Index Scan", "Parent Relationship": "Outer", "Index Name": "idx_lineitem_shipdate", "Startup Cost": 0.0, "Total Cost": 77977.46, "Plan Rows": 2266921, "Plan Width": 0, "Index Cond": "((l_shipdate >= '1997-07-01 00:00:00'::timestamp(0) without time zone) AND (l_shipdate < '1997-10-01 00:00:00'::timestamp without time zone))"}]}]}]}]}]}, "Unique SQL Id": 3712096918, "Planner Runtime": 0}, "explain_analyze_plan": {"Plan": {"Node Type": "Merge Join", "Join Type": "Inner", "Startup Cost": 3253691.59, "Total Cost": 3255082.29, "Plan Rows": 59380, "Plan Width": 83, "Actual Startup Time": 11338.378, "Actual Total Time": 11338.62, "Actual Rows": 1, "Actual Loops": 1, "Inner Unique": true, "Merge Cond": "(supplier.s_suppkey = revenue0.supplier_no)", "Plans": [{"Node Type": "Aggregate", "Strategy": "Plain", "Parent Relationship": "exec_init_plan", "Subplan Name": "InitPlan 1 (returns $0)", "Startup Cost": 1610196.85, "Total Cost": 1610196.86, "Plan Rows": 1, "Plan Width": 16, "Actual Startup Time": 6057.509, "Actual Total Time": 6057.509, "Actual Rows": 1, "Actual Loops": 1, "Plans": [{"Node Type": "Aggregate", "Strategy": "Hashed", "Parent Relationship": "Outer", "Startup Cost": 1608860.8, "Total Cost": 1609454.6, "Plan Rows": 59380, "Plan Width": 24, "Actual Startup Time": 6010.008, "Actual Total Time": 6042.54, "Actual Rows": 100000, "Actual Loops": 1, "Group By Key": ["public.lineitem.l_suppkey"], "Plans": [{"Node Type": "Bitmap Heap Scan", "Parent Relationship": "Outer", "Relation Name": "lineitem", "Alias": "lineitem", "Startup Cost": 78544.19, "Total Cost": 1586191.59, "Plan Rows": 2266921, "Plan Width": 24, "Actual Startup Time": 985.116, "Actual Total Time": 4141.321, "Actual Rows": 2293944, "Actual Loops": 1, "Recheck Cond": "((l_shipdate >= '1997-07-01 00:00:00'::timestamp(0) without time zone) AND (l_shipdate < '1997-10-01 00:00:00'::timestamp without time zone)), (LLVM Optimized, Jit Execute)", "Rows Removed by Index Recheck": 0, "Exact Heap Blocks": 732487, "Lossy Heap Blocks": 732487, "Plans": [{"Node Type": "Bitmap Index Scan", "Parent Relationship": "Outer", "Index Name": "idx_lineitem_shipdate", "Startup Cost": 0.0, "Total Cost": 77977.46, "Plan Rows": 2266921, "Plan Width": 0, "Actual Startup Time": 698.685, "Actual Total Time": 698.685, "Actual Rows": 2293944, "Actual Loops": 1, "Index Cond": "((l_shipdate >= '1997-07-01 00:00:00'::timestamp(0) without time zone) AND (l_shipdate < '1997-10-01 00:00:00'::timestamp without time zone))"}]}]}]}, {"Node Type": "Sort", "Parent Relationship": "Outer", "Startup Cost": 11587.82, "Total Cost": 11837.82, "Plan Rows": 100000, "Plan Width": 75, "Actual Startup Time": 71.853, "Actual Total Time": 76.086, "Actual Rows": 35977, "Actual Loops": 1, "Sort Key": ["supplier.s_suppkey"], "Sort Method": "quicksort", "Sort Space Used": 18698, "Sort Space Type": "Memory", "Plans": [{"Node Type": "Seq Scan", "Parent Relationship": "Outer", "Relation Name": "supplier", "Alias": "supplier", "Startup Cost": 0.0, "Total Cost": 3283.0, "Plan Rows": 100000, "Plan Width": 75, "Actual Startup Time": 0.029, "Actual Total Time": 35.942, "Actual Rows": 100000, "Actual Loops": 1}]}, {"Node Type": "Sort", "Parent Relationship": "Inner", "Startup Cost": 1631906.91, "Total Cost": 1632055.36, "Plan Rows": 59380, "Plan Width": 16, "Actual Startup Time": 11257.357, "Actual Total Time": 11257.358, "Actual Rows": 1, "Actual Loops": 1, "Sort Key": ["revenue0.supplier_no"], "Sort Method": "quicksort", "Sort Space Used": 25, "Sort Space Type": "Memory", "Plans": [{"Node Type": "Subquery Scan", "Parent Relationship": "Outer", "Alias": "revenue0", "Startup Cost": 1625862.71, "Total Cost": 1627198.76, "Plan Rows": 59380, "Plan Width": 16, "Actual Startup Time": 11232.551, "Actual Total Time": 11257.099, "Actual Rows": 1, "Actual Loops": 1, "Plans": [{"Node Type": "Aggregate", "Strategy": "Hashed", "Parent Relationship": "Subquery", "Startup Cost": 1625862.71, "Total Cost": 1626604.96, "Plan Rows": 59380, "Plan Width": 24, "Actual Startup Time": 11232.548, "Actual Total Time": 11257.094, "Actual Rows": 1, "Actual Loops": 1, "Group By Key": ["public.lineitem.l_suppkey"], "Filter": "(sum((public.lineitem.l_extendedprice * (1::double precision - public.lineitem.l_discount))) = $0), (LLVM Optimized, Jit Execute)", "Rows Removed by Filter": 99999, "Plans": [{"Node Type": "Bitmap Heap Scan", "Parent Relationship": "Outer", "Relation Name": "lineitem", "Alias": "lineitem", "Startup Cost": 78544.19, "Total Cost": 1586191.59, "Plan Rows": 2266921, "Plan Width": 24, "Actual Startup Time": 1152.019, "Actual Total Time": 3563.729, "Actual Rows": 2293944, "Actual Loops": 1, "Recheck Cond": "((l_shipdate >= '1997-07-01 00:00:00'::timestamp(0) without time zone) AND (l_shipdate < '1997-10-01 00:00:00'::timestamp without time zone)), (LLVM Optimized, Jit Execute)", "Rows Removed by Index Recheck": 0, "Exact Heap Blocks": 732487, "Lossy Heap Blocks": 732487, "Plans": [{"Node Type": "Bitmap Index Scan", "Parent Relationship": "Outer", "Index Name": "idx_lineitem_shipdate", "Startup Cost": 0.0, "Total Cost": 77977.46, "Plan Rows": 2266921, "Plan Width": 0, "Actual Startup Time": 786.178, "Actual Total Time": 786.178, "Actual Rows": 2293944, "Actual Loops": 1, "Index Cond": "((l_shipdate >= '1997-07-01 00:00:00'::timestamp(0) without time zone) AND (l_shipdate < '1997-10-01 00:00:00'::timestamp without time zone))"}]}]}]}]}]}, "Triggers": [], "Planner Runtime": 1.086, "Total Runtime": 11352.046, "Unique SQL Id": 3712096918}}, "(1, '3')": {"explain_plan": {"Plan": {"Node Type": "Sort", "Startup Cost": 3497813.02, "Total Cost": 3497961.47, "Plan Rows": 59380, "Plan Width": 83, "Sort Key": ["supplier.s_suppkey"], "Plans": [{"Node Type": "Aggregate", "Strategy": "Plain", "Parent Relationship": "exec_init_plan", "Subplan Name": "InitPlan 1 (returns $0)", "Startup Cost": 1610196.85, "Total Cost": 1610196.86, "Plan Rows": 1, "Plan Width": 16, "Plans": [{"Node Type": "Aggregate", "Strategy": "Hashed", "Parent Relationship": "Outer", "Startup Cost": 1608860.8, "Total Cost": 1609454.6, "Plan Rows": 59380, "Plan Width": 24, "Group By Key": ["public.lineitem.l_suppkey"], "Plans": [{"Node Type": "Bitmap Heap Scan", "Parent Relationship": "Outer", "Relation Name": "lineitem", "Alias": "lineitem", "Startup Cost": 78544.19, "Total Cost": 1586191.59, "Plan Rows": 2266921, "Plan Width": 24, "Recheck Cond": "((l_shipdate >= '1997-07-01 00:00:00'::timestamp(0) without time zone) AND (l_shipdate < '1997-10-01 00:00:00'::timestamp without time zone)), (LLVM Optimized)", "Plans": [{"Node Type": "Bitmap Index Scan", "Parent Relationship": "Outer", "Index Name": "idx_lineitem_shipdate", "Startup Cost": 0.0, "Total Cost": 77977.46, "Plan Rows": 2266921, "Plan Width": 0, "Index Cond": "((l_shipdate >= '1997-07-01 00:00:00'::timestamp(0) without time zone) AND (l_shipdate < '1997-10-01 00:00:00'::timestamp without time zone))"}]}]}]}, {"Node Type": "Nested Loop", "Parent Relationship": "Outer", "Join Type": "Inner", "Startup Cost": 1625863.0, "Total Cost": 1882908.01, "Plan Rows": 59380, "Plan Width": 83, "Inner Unique": true, "Plans": [{"Node Type": "Aggregate", "Strategy": "Hashed", "Parent Relationship": "Outer", "Startup Cost": 1625862.71, "Total Cost": 1626604.96, "Plan Rows": 59380, "Plan Width": 24, "Group By Key": ["public.lineitem.l_suppkey"], "Filter": "(sum((public.lineitem.l_extendedprice * (1::double precision - public.lineitem.l_discount))) = $0), (LLVM Optimized)", "Plans": [{"Node Type": "Bitmap Heap Scan", "Parent Relationship": "Outer", "Relation Name": "lineitem", "Alias": "lineitem", "Startup Cost": 78544.19, "Total Cost": 1586191.59, "Plan Rows": 2266921, "Plan Width": 24, "Recheck Cond": "((l_shipdate >= '1997-07-01 00:00:00'::timestamp(0) without time zone) AND (l_shipdate < '1997-10-01 00:00:00'::timestamp without time zone)), (LLVM Optimized)", "Plans": [{"Node Type": "Bitmap Index Scan", "Parent Relationship": "Outer", "Index Name": "idx_lineitem_shipdate", "Startup Cost": 0.0, "Total Cost": 77977.46, "Plan Rows": 2266921, "Plan Width": 0, "Index Cond": "((l_shipdate >= '1997-07-01 00:00:00'::timestamp(0) without time zone) AND (l_shipdate < '1997-10-01 00:00:00'::timestamp without time zone))"}]}]}, {"Node Type": "Bitmap Heap Scan", "Parent Relationship": "Inner", "Relation Name": "supplier", "Alias": "supplier", "Startup Cost": 0.28, "Total Cost": 4.3, "Plan Rows": 1, "Plan Width": 75, "Recheck Cond": "(s_suppkey = public.lineitem.l_suppkey)", "Plans": [{"Node Type": "Bitmap Index Scan", "Parent Relationship": "Outer", "Index Name": "supplier_pkey", "Startup Cost": 0.0, "Total Cost": 0.28, "Plan Rows": 1, "Plan Width": 0, "Index Cond": "(s_suppkey = public.lineitem.l_suppkey)"}]}]}]}, "Unique SQL Id": 3712096918, "Planner Runtime": 1}, "explain_analyze_plan": {"Plan": {"Node Type": "Sort", "Startup Cost": 3497813.02, "Total Cost": 3497961.47, "Plan Rows": 59380, "Plan Width": 83, "Actual Startup Time": 11695.124, "Actual Total Time": 11695.125, "Actual Rows": 1, "Actual Loops": 1, "Sort Key": ["supplier.s_suppkey"], "Sort Method": "quicksort", "Sort Space Used": 25, "Sort Space Type": "Memory", "Plans": [{"Node Type": "Aggregate", "Strategy": "Plain", "Parent Relationship": "exec_init_plan", "Subplan Name": "InitPlan 1 (returns $0)", "Startup Cost": 1610196.85, "Total Cost": 1610196.86, "Plan Rows": 1, "Plan Width": 16, "Actual Startup Time": 5790.695, "Actual Total Time": 5790.695, "Actual Rows": 1, "Actual Loops": 1, "Plans": [{"Node Type": "Aggregate", "Strategy": "Hashed", "Parent Relationship": "Outer", "Startup Cost": 1608860.8, "Total Cost": 1609454.6, "Plan Rows": 59380, "Plan Width": 24, "Actual Startup Time": 5744.183, "Actual Total Time": 5775.7, "Actual Rows": 100000, "Actual Loops": 1, "Group By Key": ["public.lineitem.l_suppkey"], "Plans": [{"Node Type": "Bitmap Heap Scan", "Parent Relationship": "Outer", "Relation Name": "lineitem", "Alias": "lineitem", "Startup Cost": 78544.19, "Total Cost": 1586191.59, "Plan Rows": 2266921, "Plan Width": 24, "Actual Startup Time": 1410.62, "Actual Total Time": 4017.87, "Actual Rows": 2293944, "Actual Loops": 1, "Recheck Cond": "((l_shipdate >= '1997-07-01 00:00:00'::timestamp(0) without time zone) AND (l_shipdate < '1997-10-01 00:00:00'::timestamp without time zone)), (LLVM Optimized, Jit Execute)", "Rows Removed by Index Recheck": 0, "Exact Heap Blocks": 732487, "Lossy Heap Blocks": 732487, "Plans": [{"Node Type": "Bitmap Index Scan", "Parent Relationship": "Outer", "Index Name": "idx_lineitem_shipdate", "Startup Cost": 0.0, "Total Cost": 77977.46, "Plan Rows": 2266921, "Plan Width": 0, "Actual Startup Time": 1037.637, "Actual Total Time": 1037.637, "Actual Rows": 2293944, "Actual Loops": 1, "Index Cond": "((l_shipdate >= '1997-07-01 00:00:00'::timestamp(0) without time zone) AND (l_shipdate < '1997-10-01 00:00:00'::timestamp without time zone))"}]}]}]}, {"Node Type": "Nested Loop", "Parent Relationship": "Outer", "Join Type": "Inner", "Startup Cost": 1625863.0, "Total Cost": 1882908.01, "Plan Rows": 59380, "Plan Width": 83, "Actual Startup Time": 11669.86, "Actual Total Time": 11695.099, "Actual Rows": 1, "Actual Loops": 1, "Inner Unique": true, "Plans": [{"Node Type": "Aggregate", "Strategy": "Hashed", "Parent Relationship": "Outer", "Startup Cost": 1625862.71, "Total Cost": 1626604.96, "Plan Rows": 59380, "Plan Width": 24, "Actual Startup Time": 11669.792, "Actual Total Time": 11694.747, "Actual Rows": 1, "Actual Loops": 1, "Group By Key": ["public.lineitem.l_suppkey"], "Filter": "(sum((public.lineitem.l_extendedprice * (1::double precision - public.lineitem.l_discount))) = $0), (LLVM Optimized, Jit Execute)", "Rows Removed by Filter": 99999, "Plans": [{"Node Type": "Bitmap Heap Scan", "Parent Relationship": "Outer", "Relation Name": "lineitem", "Alias": "lineitem", "Startup Cost": 78544.19, "Total Cost": 1586191.59, "Plan Rows": 2266921, "Plan Width": 24, "Actual Startup Time": 1071.216, "Actual Total Time": 4099.156, "Actual Rows": 2293944, "Actual Loops": 1, "Recheck Cond": "((l_shipdate >= '1997-07-01 00:00:00'::timestamp(0) without time zone) AND (l_shipdate < '1997-10-01 00:00:00'::timestamp without time zone)), (LLVM Optimized, Jit Execute)", "Rows Removed by Index Recheck": 0, "Exact Heap Blocks": 732487, "Lossy Heap Blocks": 732487, "Plans": [{"Node Type": "Bitmap Index Scan", "Parent Relationship": "Outer", "Index Name": "idx_lineitem_shipdate", "Startup Cost": 0.0, "Total Cost": 77977.46, "Plan Rows": 2266921, "Plan Width": 0, "Actual Startup Time": 709.182, "Actual Total Time": 709.182, "Actual Rows": 2293944, "Actual Loops": 1, "Index Cond": "((l_shipdate >= '1997-07-01 00:00:00'::timestamp(0) without time zone) AND (l_shipdate < '1997-10-01 00:00:00'::timestamp without time zone))"}]}]}, {"Node Type": "Bitmap Heap Scan", "Parent Relationship": "Inner", "Relation Name": "supplier", "Alias": "supplier", "Startup Cost": 0.28, "Total Cost": 4.3, "Plan Rows": 1, "Plan Width": 75, "Actual Startup Time": 0.05, "Actual Total Time": 0.05, "Actual Rows": 1, "Actual Loops": 1, "Recheck Cond": "(s_suppkey = public.lineitem.l_suppkey)", "Rows Removed by Index Recheck": 0, "Exact Heap Blocks": 1, "Lossy Heap Blocks": 1, "Plans": [{"Node Type": "Bitmap Index Scan", "Parent Relationship": "Outer", "Index Name": "supplier_pkey", "Startup Cost": 0.0, "Total Cost": 0.28, "Plan Rows": 1, "Plan Width": 0, "Actual Startup Time": 0.026, "Actual Total Time": 0.026, "Actual Rows": 1, "Actual Loops": 1, "Index Cond": "(s_suppkey = public.lineitem.l_suppkey)"}]}]}]}, "Triggers": [], "Planner Runtime": 0.751, "Total Runtime": 11707.86, "Unique SQL Id": 3712096918}}, "(1, '4')": {"explain_plan": {"Plan": {"Node Type": "Merge Join", "Join Type": "Inner", "Startup Cost": 3242103.77, "Total Cost": 3248579.02, "Plan Rows": 59380, "Plan Width": 83, "Inner Unique": true, "Merge Cond": "(supplier.s_suppkey = revenue0.supplier_no)", "Plans": [{"Node Type": "Aggregate", "Strategy": "Plain", "Parent Relationship": "exec_init_plan", "Subplan Name": "InitPlan 1 (returns $0)", "Startup Cost": 1610196.85, "Total Cost": 1610196.86, "Plan Rows": 1, "Plan Width": 16, "Plans": [{"Node Type": "Aggregate", "Strategy": "Hashed", "Parent Relationship": "Outer", "Startup Cost": 1608860.8, "Total Cost": 1609454.6, "Plan Rows": 59380, "Plan Width": 24, "Group By Key": ["public.lineitem.l_suppkey"], "Plans": [{"Node Type": "Bitmap Heap Scan", "Parent Relationship": "Outer", "Relation Name": "lineitem", "Alias": "lineitem", "Startup Cost": 78544.19, "Total Cost": 1586191.59, "Plan Rows": 2266921, "Plan Width": 24, "Recheck Cond": "((l_shipdate >= '1997-07-01 00:00:00'::timestamp(0) without time zone) AND (l_shipdate < '1997-10-01 00:00:00'::timestamp without time zone)), (LLVM Optimized)", "Plans": [{"Node Type": "Bitmap Index Scan", "Parent Relationship": "Outer", "Index Name": "idx_lineitem_shipdate", "Startup Cost": 0.0, "Total Cost": 77977.46, "Plan Rows": 2266921, "Plan Width": 0, "Index Cond": "((l_shipdate >= '1997-07-01 00:00:00'::timestamp(0) without time zone) AND (l_shipdate < '1997-10-01 00:00:00'::timestamp without time zone))"}]}]}]}, {"Node Type": "Index Scan", "Parent Relationship": "Outer", "Scan Direction": "Forward", "Index Name": "supplier_pkey", "Relation Name": "supplier", "Alias": "supplier", "Startup Cost": 0.0, "Total Cost": 5334.54, "Plan Rows": 100000, "Plan Width": 75}, {"Node Type": "Sort", "Parent Relationship": "Inner", "Startup Cost": 1631906.91, "Total Cost": 1632055.36, "Plan Rows": 59380, "Plan Width": 16, "Sort Key": ["revenue0.supplier_no"], "Plans": [{"Node Type": "Subquery Scan", "Parent Relationship": "Outer", "Alias": "revenue0", "Startup Cost": 1625862.71, "Total Cost": 1627198.76, "Plan Rows": 59380, "Plan Width": 16, "Plans": [{"Node Type": "Aggregate", "Strategy": "Hashed", "Parent Relationship": "Subquery", "Startup Cost": 1625862.71, "Total Cost": 1626604.96, "Plan Rows": 59380, "Plan Width": 24, "Group By Key": ["public.lineitem.l_suppkey"], "Filter": "(sum((public.lineitem.l_extendedprice * (1::double precision - public.lineitem.l_discount))) = $0), (LLVM Optimized)", "Plans": [{"Node Type": "Bitmap Heap Scan", "Parent Relationship": "Outer", "Relation Name": "lineitem", "Alias": "lineitem", "Startup Cost": 78544.19, "Total Cost": 1586191.59, "Plan Rows": 2266921, "Plan Width": 24, "Recheck Cond": "((l_shipdate >= '1997-07-01 00:00:00'::timestamp(0) without time zone) AND (l_shipdate < '1997-10-01 00:00:00'::timestamp without time zone)), (LLVM Optimized)", "Plans": [{"Node Type": "Bitmap Index Scan", "Parent Relationship": "Outer", "Index Name": "idx_lineitem_shipdate", "Startup Cost": 0.0, "Total Cost": 77977.46, "Plan Rows": 2266921, "Plan Width": 0, "Index Cond": "((l_shipdate >= '1997-07-01 00:00:00'::timestamp(0) without time zone) AND (l_shipdate < '1997-10-01 00:00:00'::timestamp without time zone))"}]}]}]}]}]}, "Unique SQL Id": 3712096918, "Planner Runtime": 1}, "explain_analyze_plan": {"Plan": {"Node Type": "Merge Join", "Join Type": "Inner", "Startup Cost": 3242103.77, "Total Cost": 3248579.02, "Plan Rows": 59380, "Plan Width": 83, "Actual Startup Time": 11651.8, "Actual Total Time": 11651.805, "Actual Rows": 1, "Actual Loops": 1, "Inner Unique": true, "Merge Cond": "(supplier.s_suppkey = revenue0.supplier_no)", "Plans": [{"Node Type": "Aggregate", "Strategy": "Plain", "Parent Relationship": "exec_init_plan", "Subplan Name": "InitPlan 1 (returns $0)", "Startup Cost": 1610196.85, "Total Cost": 1610196.86, "Plan Rows": 1, "Plan Width": 16, "Actual Startup Time": 6150.177, "Actual Total Time": 6150.177, "Actual Rows": 1, "Actual Loops": 1, "Plans": [{"Node Type": "Aggregate", "Strategy": "Hashed", "Parent Relationship": "Outer", "Startup Cost": 1608860.8, "Total Cost": 1609454.6, "Plan Rows": 59380, "Plan Width": 24, "Actual Startup Time": 6103.597, "Actual Total Time": 6135.186, "Actual Rows": 100000, "Actual Loops": 1, "Group By Key": ["public.lineitem.l_suppkey"], "Plans": [{"Node Type": "Bitmap Heap Scan", "Parent Relationship": "Outer", "Relation Name": "lineitem", "Alias": "lineitem", "Startup Cost": 78544.19, "Total Cost": 1586191.59, "Plan Rows": 2266921, "Plan Width": 24, "Actual Startup Time": 1421.45, "Actual Total Time": 4328.688, "Actual Rows": 2293944, "Actual Loops": 1, "Recheck Cond": "((l_shipdate >= '1997-07-01 00:00:00'::timestamp(0) without time zone) AND (l_shipdate < '1997-10-01 00:00:00'::timestamp without time zone)), (LLVM Optimized, Jit Execute)", "Rows Removed by Index Recheck": 0, "Exact Heap Blocks": 732487, "Lossy Heap Blocks": 732487, "Plans": [{"Node Type": "Bitmap Index Scan", "Parent Relationship": "Outer", "Index Name": "idx_lineitem_shipdate", "Startup Cost": 0.0, "Total Cost": 77977.46, "Plan Rows": 2266921, "Plan Width": 0, "Actual Startup Time": 1058.066, "Actual Total Time": 1058.066, "Actual Rows": 2293944, "Actual Loops": 1, "Index Cond": "((l_shipdate >= '1997-07-01 00:00:00'::timestamp(0) without time zone) AND (l_shipdate < '1997-10-01 00:00:00'::timestamp without time zone))"}]}]}]}, {"Node Type": "Index Scan", "Parent Relationship": "Outer", "Scan Direction": "Forward", "Index Name": "supplier_pkey", "Relation Name": "supplier", "Alias": "supplier", "Startup Cost": 0.0, "Total Cost": 5334.54, "Plan Rows": 100000, "Plan Width": 75, "Actual Startup Time": 0.04, "Actual Total Time": 25.601, "Actual Rows": 35977, "Actual Loops": 1}, {"Node Type": "Sort", "Parent Relationship": "Inner", "Startup Cost": 1631906.91, "Total Cost": 1632055.36, "Plan Rows": 59380, "Plan Width": 16, "Actual Startup Time": 11621.178, "Actual Total Time": 11621.178, "Actual Rows": 1, "Actual Loops": 1, "Sort Key": ["revenue0.supplier_no"], "Sort Method": "quicksort", "Sort Space Used": 25, "Sort Space Type": "Memory", "Plans": [{"Node Type": "Subquery Scan", "Parent Relationship": "Outer", "Alias": "revenue0", "Startup Cost": 1625862.71, "Total Cost": 1627198.76, "Plan Rows": 59380, "Plan Width": 16, "Actual Startup Time": 11595.263, "Actual Total Time": 11620.908, "Actual Rows": 1, "Actual Loops": 1, "Plans": [{"Node Type": "Aggregate", "Strategy": "Hashed", "Parent Relationship": "Subquery", "Startup Cost": 1625862.71, "Total Cost": 1626604.96, "Plan Rows": 59380, "Plan Width": 24, "Actual Startup Time": 11595.26, "Actual Total Time": 11620.903, "Actual Rows": 1, "Actual Loops": 1, "Group By Key": ["public.lineitem.l_suppkey"], "Filter": "(sum((public.lineitem.l_extendedprice * (1::double precision - public.lineitem.l_discount))) = $0), (LLVM Optimized, Jit Execute)", "Rows Removed by Filter": 99999, "Plans": [{"Node Type": "Bitmap Heap Scan", "Parent Relationship": "Outer", "Relation Name": "lineitem", "Alias": "lineitem", "Startup Cost": 78544.19, "Total Cost": 1586191.59, "Plan Rows": 2266921, "Plan Width": 24, "Actual Startup Time": 991.154, "Actual Total Time": 3631.209, "Actual Rows": 2293944, "Actual Loops": 1, "Recheck Cond": "((l_shipdate >= '1997-07-01 00:00:00'::timestamp(0) without time zone) AND (l_shipdate < '1997-10-01 00:00:00'::timestamp without time zone)), (LLVM Optimized, Jit Execute)", "Rows Removed by Index Recheck": 0, "Exact Heap Blocks": 732487, "Lossy Heap Blocks": 732487, "Plans": [{"Node Type": "Bitmap Index Scan", "Parent Relationship": "Outer", "Index Name": "idx_lineitem_shipdate", "Startup Cost": 0.0, "Total Cost": 77977.46, "Plan Rows": 2266921, "Plan Width": 0, "Actual Startup Time": 703.296, "Actual Total Time": 703.296, "Actual Rows": 2293944, "Actual Loops": 1, "Index Cond": "((l_shipdate >= '1997-07-01 00:00:00'::timestamp(0) without time zone) AND (l_shipdate < '1997-10-01 00:00:00'::timestamp without time zone))"}]}]}]}]}]}, "Triggers": [], "Planner Runtime": 0.687, "Total Runtime": 11665.077, "Unique SQL Id": 3712096918}}, "(1, '5')": {"explain_plan": {"Plan": {"Node Type": "Merge Join", "Join Type": "Inner", "Startup Cost": 3242103.77, "Total Cost": 3248579.02, "Plan Rows": 59380, "Plan Width": 83, "Inner Unique": true, "Merge Cond": "(supplier.s_suppkey = revenue0.supplier_no)", "Plans": [{"Node Type": "Aggregate", "Strategy": "Plain", "Parent Relationship": "exec_init_plan", "Subplan Name": "InitPlan 1 (returns $0)", "Startup Cost": 1610196.85, "Total Cost": 1610196.86, "Plan Rows": 1, "Plan Width": 16, "Plans": [{"Node Type": "Aggregate", "Strategy": "Hashed", "Parent Relationship": "Outer", "Startup Cost": 1608860.8, "Total Cost": 1609454.6, "Plan Rows": 59380, "Plan Width": 24, "Group By Key": ["public.lineitem.l_suppkey"], "Plans": [{"Node Type": "Bitmap Heap Scan", "Parent Relationship": "Outer", "Relation Name": "lineitem", "Alias": "lineitem", "Startup Cost": 78544.19, "Total Cost": 1586191.59, "Plan Rows": 2266921, "Plan Width": 24, "Recheck Cond": "((l_shipdate >= '1997-07-01 00:00:00'::timestamp(0) without time zone) AND (l_shipdate < '1997-10-01 00:00:00'::timestamp without time zone)), (LLVM Optimized)", "Plans": [{"Node Type": "Bitmap Index Scan", "Parent Relationship": "Outer", "Index Name": "idx_lineitem_shipdate", "Startup Cost": 0.0, "Total Cost": 77977.46, "Plan Rows": 2266921, "Plan Width": 0, "Index Cond": "((l_shipdate >= '1997-07-01 00:00:00'::timestamp(0) without time zone) AND (l_shipdate < '1997-10-01 00:00:00'::timestamp without time zone))"}]}]}]}, {"Node Type": "Index Scan", "Parent Relationship": "Outer", "Scan Direction": "Forward", "Index Name": "supplier_pkey", "Relation Name": "supplier", "Alias": "supplier", "Startup Cost": 0.0, "Total Cost": 5334.54, "Plan Rows": 100000, "Plan Width": 75}, {"Node Type": "Sort", "Parent Relationship": "Inner", "Startup Cost": 1631906.91, "Total Cost": 1632055.36, "Plan Rows": 59380, "Plan Width": 16, "Sort Key": ["revenue0.supplier_no"], "Plans": [{"Node Type": "Subquery Scan", "Parent Relationship": "Outer", "Alias": "revenue0", "Startup Cost": 1625862.71, "Total Cost": 1627198.76, "Plan Rows": 59380, "Plan Width": 16, "Plans": [{"Node Type": "Aggregate", "Strategy": "Hashed", "Parent Relationship": "Subquery", "Startup Cost": 1625862.71, "Total Cost": 1626604.96, "Plan Rows": 59380, "Plan Width": 24, "Group By Key": ["public.lineitem.l_suppkey"], "Filter": "(sum((public.lineitem.l_extendedprice * (1::double precision - public.lineitem.l_discount))) = $0), (LLVM Optimized)", "Plans": [{"Node Type": "Bitmap Heap Scan", "Parent Relationship": "Outer", "Relation Name": "lineitem", "Alias": "lineitem", "Startup Cost": 78544.19, "Total Cost": 1586191.59, "Plan Rows": 2266921, "Plan Width": 24, "Recheck Cond": "((l_shipdate >= '1997-07-01 00:00:00'::timestamp(0) without time zone) AND (l_shipdate < '1997-10-01 00:00:00'::timestamp without time zone)), (LLVM Optimized)", "Plans": [{"Node Type": "Bitmap Index Scan", "Parent Relationship": "Outer", "Index Name": "idx_lineitem_shipdate", "Startup Cost": 0.0, "Total Cost": 77977.46, "Plan Rows": 2266921, "Plan Width": 0, "Index Cond": "((l_shipdate >= '1997-07-01 00:00:00'::timestamp(0) without time zone) AND (l_shipdate < '1997-10-01 00:00:00'::timestamp without time zone))"}]}]}]}]}]}, "Unique SQL Id": 3712096918, "Planner Runtime": 0}, "explain_analyze_plan": {"Plan": {"Node Type": "Merge Join", "Join Type": "Inner", "Startup Cost": 3242103.77, "Total Cost": 3248579.02, "Plan Rows": 59380, "Plan Width": 83, "Actual Startup Time": 11651.8, "Actual Total Time": 11651.805, "Actual Rows": 1, "Actual Loops": 1, "Inner Unique": true, "Merge Cond": "(supplier.s_suppkey = revenue0.supplier_no)", "Plans": [{"Node Type": "Aggregate", "Strategy": "Plain", "Parent Relationship": "exec_init_plan", "Subplan Name": "InitPlan 1 (returns $0)", "Startup Cost": 1610196.85, "Total Cost": 1610196.86, "Plan Rows": 1, "Plan Width": 16, "Actual Startup Time": 6150.177, "Actual Total Time": 6150.177, "Actual Rows": 1, "Actual Loops": 1, "Plans": [{"Node Type": "Aggregate", "Strategy": "Hashed", "Parent Relationship": "Outer", "Startup Cost": 1608860.8, "Total Cost": 1609454.6, "Plan Rows": 59380, "Plan Width": 24, "Actual Startup Time": 6103.597, "Actual Total Time": 6135.186, "Actual Rows": 100000, "Actual Loops": 1, "Group By Key": ["public.lineitem.l_suppkey"], "Plans": [{"Node Type": "Bitmap Heap Scan", "Parent Relationship": "Outer", "Relation Name": "lineitem", "Alias": "lineitem", "Startup Cost": 78544.19, "Total Cost": 1586191.59, "Plan Rows": 2266921, "Plan Width": 24, "Actual Startup Time": 1421.45, "Actual Total Time": 4328.688, "Actual Rows": 2293944, "Actual Loops": 1, "Recheck Cond": "((l_shipdate >= '1997-07-01 00:00:00'::timestamp(0) without time zone) AND (l_shipdate < '1997-10-01 00:00:00'::timestamp without time zone)), (LLVM Optimized, Jit Execute)", "Rows Removed by Index Recheck": 0, "Exact Heap Blocks": 732487, "Lossy Heap Blocks": 732487, "Plans": [{"Node Type": "Bitmap Index Scan", "Parent Relationship": "Outer", "Index Name": "idx_lineitem_shipdate", "Startup Cost": 0.0, "Total Cost": 77977.46, "Plan Rows": 2266921, "Plan Width": 0, "Actual Startup Time": 1058.066, "Actual Total Time": 1058.066, "Actual Rows": 2293944, "Actual Loops": 1, "Index Cond": "((l_shipdate >= '1997-07-01 00:00:00'::timestamp(0) without time zone) AND (l_shipdate < '1997-10-01 00:00:00'::timestamp without time zone))"}]}]}]}, {"Node Type": "Index Scan", "Parent Relationship": "Outer", "Scan Direction": "Forward", "Index Name": "supplier_pkey", "Relation Name": "supplier", "Alias": "supplier", "Startup Cost": 0.0, "Total Cost": 5334.54, "Plan Rows": 100000, "Plan Width": 75, "Actual Startup Time": 0.04, "Actual Total Time": 25.601, "Actual Rows": 35977, "Actual Loops": 1}, {"Node Type": "Sort", "Parent Relationship": "Inner", "Startup Cost": 1631906.91, "Total Cost": 1632055.36, "Plan Rows": 59380, "Plan Width": 16, "Actual Startup Time": 11621.178, "Actual Total Time": 11621.178, "Actual Rows": 1, "Actual Loops": 1, "Sort Key": ["revenue0.supplier_no"], "Sort Method": "quicksort", "Sort Space Used": 25, "Sort Space Type": "Memory", "Plans": [{"Node Type": "Subquery Scan", "Parent Relationship": "Outer", "Alias": "revenue0", "Startup Cost": 1625862.71, "Total Cost": 1627198.76, "Plan Rows": 59380, "Plan Width": 16, "Actual Startup Time": 11595.263, "Actual Total Time": 11620.908, "Actual Rows": 1, "Actual Loops": 1, "Plans": [{"Node Type": "Aggregate", "Strategy": "Hashed", "Parent Relationship": "Subquery", "Startup Cost": 1625862.71, "Total Cost": 1626604.96, "Plan Rows": 59380, "Plan Width": 24, "Actual Startup Time": 11595.26, "Actual Total Time": 11620.903, "Actual Rows": 1, "Actual Loops": 1, "Group By Key": ["public.lineitem.l_suppkey"], "Filter": "(sum((public.lineitem.l_extendedprice * (1::double precision - public.lineitem.l_discount))) = $0), (LLVM Optimized, Jit Execute)", "Rows Removed by Filter": 99999, "Plans": [{"Node Type": "Bitmap Heap Scan", "Parent Relationship": "Outer", "Relation Name": "lineitem", "Alias": "lineitem", "Startup Cost": 78544.19, "Total Cost": 1586191.59, "Plan Rows": 2266921, "Plan Width": 24, "Actual Startup Time": 991.154, "Actual Total Time": 3631.209, "Actual Rows": 2293944, "Actual Loops": 1, "Recheck Cond": "((l_shipdate >= '1997-07-01 00:00:00'::timestamp(0) without time zone) AND (l_shipdate < '1997-10-01 00:00:00'::timestamp without time zone)), (LLVM Optimized, Jit Execute)", "Rows Removed by Index Recheck": 0, "Exact Heap Blocks": 732487, "Lossy Heap Blocks": 732487, "Plans": [{"Node Type": "Bitmap Index Scan", "Parent Relationship": "Outer", "Index Name": "idx_lineitem_shipdate", "Startup Cost": 0.0, "Total Cost": 77977.46, "Plan Rows": 2266921, "Plan Width": 0, "Actual Startup Time": 703.296, "Actual Total Time": 703.296, "Actual Rows": 2293944, "Actual Loops": 1, "Index Cond": "((l_shipdate >= '1997-07-01 00:00:00'::timestamp(0) without time zone) AND (l_shipdate < '1997-10-01 00:00:00'::timestamp without time zone))"}]}]}]}]}]}, "Triggers": [], "Planner Runtime": 0.687, "Total Runtime": 11665.077, "Unique SQL Id": 3712096918}}, "(1, '6')": {"explain_plan": {"Plan": {"Node Type": "Merge Join", "Join Type": "Inner", "Startup Cost": 3253691.59, "Total Cost": 3255082.29, "Plan Rows": 59380, "Plan Width": 83, "Inner Unique": true, "Merge Cond": "(supplier.s_suppkey = revenue0.supplier_no)", "Plans": [{"Node Type": "Aggregate", "Strategy": "Plain", "Parent Relationship": "exec_init_plan", "Subplan Name": "InitPlan 1 (returns $0)", "Startup Cost": 1610196.85, "Total Cost": 1610196.86, "Plan Rows": 1, "Plan Width": 16, "Plans": [{"Node Type": "Aggregate", "Strategy": "Hashed", "Parent Relationship": "Outer", "Startup Cost": 1608860.8, "Total Cost": 1609454.6, "Plan Rows": 59380, "Plan Width": 24, "Group By Key": ["public.lineitem.l_suppkey"], "Plans": [{"Node Type": "Bitmap Heap Scan", "Parent Relationship": "Outer", "Relation Name": "lineitem", "Alias": "lineitem", "Startup Cost": 78544.19, "Total Cost": 1586191.59, "Plan Rows": 2266921, "Plan Width": 24, "Recheck Cond": "((l_shipdate >= '1997-07-01 00:00:00'::timestamp(0) without time zone) AND (l_shipdate < '1997-10-01 00:00:00'::timestamp without time zone)), (LLVM Optimized)", "Plans": [{"Node Type": "Bitmap Index Scan", "Parent Relationship": "Outer", "Index Name": "idx_lineitem_shipdate", "Startup Cost": 0.0, "Total Cost": 77977.46, "Plan Rows": 2266921, "Plan Width": 0, "Index Cond": "((l_shipdate >= '1997-07-01 00:00:00'::timestamp(0) without time zone) AND (l_shipdate < '1997-10-01 00:00:00'::timestamp without time zone))"}]}]}]}, {"Node Type": "Sort", "Parent Relationship": "Outer", "Startup Cost": 11587.82, "Total Cost": 11837.82, "Plan Rows": 100000, "Plan Width": 75, "Sort Key": ["supplier.s_suppkey"], "Plans": [{"Node Type": "Seq Scan", "Parent Relationship": "Outer", "Relation Name": "supplier", "Alias": "supplier", "Startup Cost": 0.0, "Total Cost": 3283.0, "Plan Rows": 100000, "Plan Width": 75}]}, {"Node Type": "Sort", "Parent Relationship": "Inner", "Startup Cost": 1631906.91, "Total Cost": 1632055.36, "Plan Rows": 59380, "Plan Width": 16, "Sort Key": ["revenue0.supplier_no"], "Plans": [{"Node Type": "Subquery Scan", "Parent Relationship": "Outer", "Alias": "revenue0", "Startup Cost": 1625862.71, "Total Cost": 1627198.76, "Plan Rows": 59380, "Plan Width": 16, "Plans": [{"Node Type": "Aggregate", "Strategy": "Hashed", "Parent Relationship": "Subquery", "Startup Cost": 1625862.71, "Total Cost": 1626604.96, "Plan Rows": 59380, "Plan Width": 24, "Group By Key": ["public.lineitem.l_suppkey"], "Filter": "(sum((public.lineitem.l_extendedprice * (1::double precision - public.lineitem.l_discount))) = $0), (LLVM Optimized)", "Plans": [{"Node Type": "Bitmap Heap Scan", "Parent Relationship": "Outer", "Relation Name": "lineitem", "Alias": "lineitem", "Startup Cost": 78544.19, "Total Cost": 1586191.59, "Plan Rows": 2266921, "Plan Width": 24, "Recheck Cond": "((l_shipdate >= '1997-07-01 00:00:00'::timestamp(0) without time zone) AND (l_shipdate < '1997-10-01 00:00:00'::timestamp without time zone)), (LLVM Optimized)", "Plans": [{"Node Type": "Bitmap Index Scan", "Parent Relationship": "Outer", "Index Name": "idx_lineitem_shipdate", "Startup Cost": 0.0, "Total Cost": 77977.46, "Plan Rows": 2266921, "Plan Width": 0, "Index Cond": "((l_shipdate >= '1997-07-01 00:00:00'::timestamp(0) without time zone) AND (l_shipdate < '1997-10-01 00:00:00'::timestamp without time zone))"}]}]}]}]}]}, "Unique SQL Id": 3712096918, "Planner Runtime": 0}, "explain_analyze_plan": {"Plan": {"Node Type": "Merge Join", "Join Type": "Inner", "Startup Cost": 3253691.59, "Total Cost": 3255082.29, "Plan Rows": 59380, "Plan Width": 83, "Actual Startup Time": 11338.378, "Actual Total Time": 11338.62, "Actual Rows": 1, "Actual Loops": 1, "Inner Unique": true, "Merge Cond": "(supplier.s_suppkey = revenue0.supplier_no)", "Plans": [{"Node Type": "Aggregate", "Strategy": "Plain", "Parent Relationship": "exec_init_plan", "Subplan Name": "InitPlan 1 (returns $0)", "Startup Cost": 1610196.85, "Total Cost": 1610196.86, "Plan Rows": 1, "Plan Width": 16, "Actual Startup Time": 6057.509, "Actual Total Time": 6057.509, "Actual Rows": 1, "Actual Loops": 1, "Plans": [{"Node Type": "Aggregate", "Strategy": "Hashed", "Parent Relationship": "Outer", "Startup Cost": 1608860.8, "Total Cost": 1609454.6, "Plan Rows": 59380, "Plan Width": 24, "Actual Startup Time": 6010.008, "Actual Total Time": 6042.54, "Actual Rows": 100000, "Actual Loops": 1, "Group By Key": ["public.lineitem.l_suppkey"], "Plans": [{"Node Type": "Bitmap Heap Scan", "Parent Relationship": "Outer", "Relation Name": "lineitem", "Alias": "lineitem", "Startup Cost": 78544.19, "Total Cost": 1586191.59, "Plan Rows": 2266921, "Plan Width": 24, "Actual Startup Time": 985.116, "Actual Total Time": 4141.321, "Actual Rows": 2293944, "Actual Loops": 1, "Recheck Cond": "((l_shipdate >= '1997-07-01 00:00:00'::timestamp(0) without time zone) AND (l_shipdate < '1997-10-01 00:00:00'::timestamp without time zone)), (LLVM Optimized, Jit Execute)", "Rows Removed by Index Recheck": 0, "Exact Heap Blocks": 732487, "Lossy Heap Blocks": 732487, "Plans": [{"Node Type": "Bitmap Index Scan", "Parent Relationship": "Outer", "Index Name": "idx_lineitem_shipdate", "Startup Cost": 0.0, "Total Cost": 77977.46, "Plan Rows": 2266921, "Plan Width": 0, "Actual Startup Time": 698.685, "Actual Total Time": 698.685, "Actual Rows": 2293944, "Actual Loops": 1, "Index Cond": "((l_shipdate >= '1997-07-01 00:00:00'::timestamp(0) without time zone) AND (l_shipdate < '1997-10-01 00:00:00'::timestamp without time zone))"}]}]}]}, {"Node Type": "Sort", "Parent Relationship": "Outer", "Startup Cost": 11587.82, "Total Cost": 11837.82, "Plan Rows": 100000, "Plan Width": 75, "Actual Startup Time": 71.853, "Actual Total Time": 76.086, "Actual Rows": 35977, "Actual Loops": 1, "Sort Key": ["supplier.s_suppkey"], "Sort Method": "quicksort", "Sort Space Used": 18698, "Sort Space Type": "Memory", "Plans": [{"Node Type": "Seq Scan", "Parent Relationship": "Outer", "Relation Name": "supplier", "Alias": "supplier", "Startup Cost": 0.0, "Total Cost": 3283.0, "Plan Rows": 100000, "Plan Width": 75, "Actual Startup Time": 0.029, "Actual Total Time": 35.942, "Actual Rows": 100000, "Actual Loops": 1}]}, {"Node Type": "Sort", "Parent Relationship": "Inner", "Startup Cost": 1631906.91, "Total Cost": 1632055.36, "Plan Rows": 59380, "Plan Width": 16, "Actual Startup Time": 11257.357, "Actual Total Time": 11257.358, "Actual Rows": 1, "Actual Loops": 1, "Sort Key": ["revenue0.supplier_no"], "Sort Method": "quicksort", "Sort Space Used": 25, "Sort Space Type": "Memory", "Plans": [{"Node Type": "Subquery Scan", "Parent Relationship": "Outer", "Alias": "revenue0", "Startup Cost": 1625862.71, "Total Cost": 1627198.76, "Plan Rows": 59380, "Plan Width": 16, "Actual Startup Time": 11232.551, "Actual Total Time": 11257.099, "Actual Rows": 1, "Actual Loops": 1, "Plans": [{"Node Type": "Aggregate", "Strategy": "Hashed", "Parent Relationship": "Subquery", "Startup Cost": 1625862.71, "Total Cost": 1626604.96, "Plan Rows": 59380, "Plan Width": 24, "Actual Startup Time": 11232.548, "Actual Total Time": 11257.094, "Actual Rows": 1, "Actual Loops": 1, "Group By Key": ["public.lineitem.l_suppkey"], "Filter": "(sum((public.lineitem.l_extendedprice * (1::double precision - public.lineitem.l_discount))) = $0), (LLVM Optimized, Jit Execute)", "Rows Removed by Filter": 99999, "Plans": [{"Node Type": "Bitmap Heap Scan", "Parent Relationship": "Outer", "Relation Name": "lineitem", "Alias": "lineitem", "Startup Cost": 78544.19, "Total Cost": 1586191.59, "Plan Rows": 2266921, "Plan Width": 24, "Actual Startup Time": 1152.019, "Actual Total Time": 3563.729, "Actual Rows": 2293944, "Actual Loops": 1, "Recheck Cond": "((l_shipdate >= '1997-07-01 00:00:00'::timestamp(0) without time zone) AND (l_shipdate < '1997-10-01 00:00:00'::timestamp without time zone)), (LLVM Optimized, Jit Execute)", "Rows Removed by Index Recheck": 0, "Exact Heap Blocks": 732487, "Lossy Heap Blocks": 732487, "Plans": [{"Node Type": "Bitmap Index Scan", "Parent Relationship": "Outer", "Index Name": "idx_lineitem_shipdate", "Startup Cost": 0.0, "Total Cost": 77977.46, "Plan Rows": 2266921, "Plan Width": 0, "Actual Startup Time": 786.178, "Actual Total Time": 786.178, "Actual Rows": 2293944, "Actual Loops": 1, "Index Cond": "((l_shipdate >= '1997-07-01 00:00:00'::timestamp(0) without time zone) AND (l_shipdate < '1997-10-01 00:00:00'::timestamp without time zone))"}]}]}]}]}]}, "Triggers": [], "Planner Runtime": 1.086, "Total Runtime": 11352.046, "Unique SQL Id": 3712096918}}, "(1, '7')": {"explain_plan": {"Plan": {"Node Type": "Sort", "Startup Cost": 3497813.02, "Total Cost": 3497961.47, "Plan Rows": 59380, "Plan Width": 83, "Sort Key": ["supplier.s_suppkey"], "Plans": [{"Node Type": "Aggregate", "Strategy": "Plain", "Parent Relationship": "exec_init_plan", "Subplan Name": "InitPlan 1 (returns $0)", "Startup Cost": 1610196.85, "Total Cost": 1610196.86, "Plan Rows": 1, "Plan Width": 16, "Plans": [{"Node Type": "Aggregate", "Strategy": "Hashed", "Parent Relationship": "Outer", "Startup Cost": 1608860.8, "Total Cost": 1609454.6, "Plan Rows": 59380, "Plan Width": 24, "Group By Key": ["public.lineitem.l_suppkey"], "Plans": [{"Node Type": "Bitmap Heap Scan", "Parent Relationship": "Outer", "Relation Name": "lineitem", "Alias": "lineitem", "Startup Cost": 78544.19, "Total Cost": 1586191.59, "Plan Rows": 2266921, "Plan Width": 24, "Recheck Cond": "((l_shipdate >= '1997-07-01 00:00:00'::timestamp(0) without time zone) AND (l_shipdate < '1997-10-01 00:00:00'::timestamp without time zone)), (LLVM Optimized)", "Plans": [{"Node Type": "Bitmap Index Scan", "Parent Relationship": "Outer", "Index Name": "idx_lineitem_shipdate", "Startup Cost": 0.0, "Total Cost": 77977.46, "Plan Rows": 2266921, "Plan Width": 0, "Index Cond": "((l_shipdate >= '1997-07-01 00:00:00'::timestamp(0) without time zone) AND (l_shipdate < '1997-10-01 00:00:00'::timestamp without time zone))"}]}]}]}, {"Node Type": "Nested Loop", "Parent Relationship": "Outer", "Join Type": "Inner", "Startup Cost": 1625863.0, "Total Cost": 1882908.01, "Plan Rows": 59380, "Plan Width": 83, "Inner Unique": true, "Plans": [{"Node Type": "Aggregate", "Strategy": "Hashed", "Parent Relationship": "Outer", "Startup Cost": 1625862.71, "Total Cost": 1626604.96, "Plan Rows": 59380, "Plan Width": 24, "Group By Key": ["public.lineitem.l_suppkey"], "Filter": "(sum((public.lineitem.l_extendedprice * (1::double precision - public.lineitem.l_discount))) = $0), (LLVM Optimized)", "Plans": [{"Node Type": "Bitmap Heap Scan", "Parent Relationship": "Outer", "Relation Name": "lineitem", "Alias": "lineitem", "Startup Cost": 78544.19, "Total Cost": 1586191.59, "Plan Rows": 2266921, "Plan Width": 24, "Recheck Cond": "((l_shipdate >= '1997-07-01 00:00:00'::timestamp(0) without time zone) AND (l_shipdate < '1997-10-01 00:00:00'::timestamp without time zone)), (LLVM Optimized)", "Plans": [{"Node Type": "Bitmap Index Scan", "Parent Relationship": "Outer", "Index Name": "idx_lineitem_shipdate", "Startup Cost": 0.0, "Total Cost": 77977.46, "Plan Rows": 2266921, "Plan Width": 0, "Index Cond": "((l_shipdate >= '1997-07-01 00:00:00'::timestamp(0) without time zone) AND (l_shipdate < '1997-10-01 00:00:00'::timestamp without time zone))"}]}]}, {"Node Type": "Bitmap Heap Scan", "Parent Relationship": "Inner", "Relation Name": "supplier", "Alias": "supplier", "Startup Cost": 0.28, "Total Cost": 4.3, "Plan Rows": 1, "Plan Width": 75, "Recheck Cond": "(s_suppkey = public.lineitem.l_suppkey)", "Plans": [{"Node Type": "Bitmap Index Scan", "Parent Relationship": "Outer", "Index Name": "supplier_pkey", "Startup Cost": 0.0, "Total Cost": 0.28, "Plan Rows": 1, "Plan Width": 0, "Index Cond": "(s_suppkey = public.lineitem.l_suppkey)"}]}]}]}, "Unique SQL Id": 3712096918, "Planner Runtime": 0}, "explain_analyze_plan": {"Plan": {"Node Type": "Sort", "Startup Cost": 3497813.02, "Total Cost": 3497961.47, "Plan Rows": 59380, "Plan Width": 83, "Actual Startup Time": 11695.124, "Actual Total Time": 11695.125, "Actual Rows": 1, "Actual Loops": 1, "Sort Key": ["supplier.s_suppkey"], "Sort Method": "quicksort", "Sort Space Used": 25, "Sort Space Type": "Memory", "Plans": [{"Node Type": "Aggregate", "Strategy": "Plain", "Parent Relationship": "exec_init_plan", "Subplan Name": "InitPlan 1 (returns $0)", "Startup Cost": 1610196.85, "Total Cost": 1610196.86, "Plan Rows": 1, "Plan Width": 16, "Actual Startup Time": 5790.695, "Actual Total Time": 5790.695, "Actual Rows": 1, "Actual Loops": 1, "Plans": [{"Node Type": "Aggregate", "Strategy": "Hashed", "Parent Relationship": "Outer", "Startup Cost": 1608860.8, "Total Cost": 1609454.6, "Plan Rows": 59380, "Plan Width": 24, "Actual Startup Time": 5744.183, "Actual Total Time": 5775.7, "Actual Rows": 100000, "Actual Loops": 1, "Group By Key": ["public.lineitem.l_suppkey"], "Plans": [{"Node Type": "Bitmap Heap Scan", "Parent Relationship": "Outer", "Relation Name": "lineitem", "Alias": "lineitem", "Startup Cost": 78544.19, "Total Cost": 1586191.59, "Plan Rows": 2266921, "Plan Width": 24, "Actual Startup Time": 1410.62, "Actual Total Time": 4017.87, "Actual Rows": 2293944, "Actual Loops": 1, "Recheck Cond": "((l_shipdate >= '1997-07-01 00:00:00'::timestamp(0) without time zone) AND (l_shipdate < '1997-10-01 00:00:00'::timestamp without time zone)), (LLVM Optimized, Jit Execute)", "Rows Removed by Index Recheck": 0, "Exact Heap Blocks": 732487, "Lossy Heap Blocks": 732487, "Plans": [{"Node Type": "Bitmap Index Scan", "Parent Relationship": "Outer", "Index Name": "idx_lineitem_shipdate", "Startup Cost": 0.0, "Total Cost": 77977.46, "Plan Rows": 2266921, "Plan Width": 0, "Actual Startup Time": 1037.637, "Actual Total Time": 1037.637, "Actual Rows": 2293944, "Actual Loops": 1, "Index Cond": "((l_shipdate >= '1997-07-01 00:00:00'::timestamp(0) without time zone) AND (l_shipdate < '1997-10-01 00:00:00'::timestamp without time zone))"}]}]}]}, {"Node Type": "Nested Loop", "Parent Relationship": "Outer", "Join Type": "Inner", "Startup Cost": 1625863.0, "Total Cost": 1882908.01, "Plan Rows": 59380, "Plan Width": 83, "Actual Startup Time": 11669.86, "Actual Total Time": 11695.099, "Actual Rows": 1, "Actual Loops": 1, "Inner Unique": true, "Plans": [{"Node Type": "Aggregate", "Strategy": "Hashed", "Parent Relationship": "Outer", "Startup Cost": 1625862.71, "Total Cost": 1626604.96, "Plan Rows": 59380, "Plan Width": 24, "Actual Startup Time": 11669.792, "Actual Total Time": 11694.747, "Actual Rows": 1, "Actual Loops": 1, "Group By Key": ["public.lineitem.l_suppkey"], "Filter": "(sum((public.lineitem.l_extendedprice * (1::double precision - public.lineitem.l_discount))) = $0), (LLVM Optimized, Jit Execute)", "Rows Removed by Filter": 99999, "Plans": [{"Node Type": "Bitmap Heap Scan", "Parent Relationship": "Outer", "Relation Name": "lineitem", "Alias": "lineitem", "Startup Cost": 78544.19, "Total Cost": 1586191.59, "Plan Rows": 2266921, "Plan Width": 24, "Actual Startup Time": 1071.216, "Actual Total Time": 4099.156, "Actual Rows": 2293944, "Actual Loops": 1, "Recheck Cond": "((l_shipdate >= '1997-07-01 00:00:00'::timestamp(0) without time zone) AND (l_shipdate < '1997-10-01 00:00:00'::timestamp without time zone)), (LLVM Optimized, Jit Execute)", "Rows Removed by Index Recheck": 0, "Exact Heap Blocks": 732487, "Lossy Heap Blocks": 732487, "Plans": [{"Node Type": "Bitmap Index Scan", "Parent Relationship": "Outer", "Index Name": "idx_lineitem_shipdate", "Startup Cost": 0.0, "Total Cost": 77977.46, "Plan Rows": 2266921, "Plan Width": 0, "Actual Startup Time": 709.182, "Actual Total Time": 709.182, "Actual Rows": 2293944, "Actual Loops": 1, "Index Cond": "((l_shipdate >= '1997-07-01 00:00:00'::timestamp(0) without time zone) AND (l_shipdate < '1997-10-01 00:00:00'::timestamp without time zone))"}]}]}, {"Node Type": "Bitmap Heap Scan", "Parent Relationship": "Inner", "Relation Name": "supplier", "Alias": "supplier", "Startup Cost": 0.28, "Total Cost": 4.3, "Plan Rows": 1, "Plan Width": 75, "Actual Startup Time": 0.05, "Actual Total Time": 0.05, "Actual Rows": 1, "Actual Loops": 1, "Recheck Cond": "(s_suppkey = public.lineitem.l_suppkey)", "Rows Removed by Index Recheck": 0, "Exact Heap Blocks": 1, "Lossy Heap Blocks": 1, "Plans": [{"Node Type": "Bitmap Index Scan", "Parent Relationship": "Outer", "Index Name": "supplier_pkey", "Startup Cost": 0.0, "Total Cost": 0.28, "Plan Rows": 1, "Plan Width": 0, "Actual Startup Time": 0.026, "Actual Total Time": 0.026, "Actual Rows": 1, "Actual Loops": 1, "Index Cond": "(s_suppkey = public.lineitem.l_suppkey)"}]}]}]}, "Triggers": [], "Planner Runtime": 0.751, "Total Runtime": 11707.86, "Unique SQL Id": 3712096918}}, "(1, '8')": {"explain_plan": {"Plan": {"Node Type": "Merge Join", "Join Type": "Inner", "Startup Cost": 4699821.58, "Total Cost": 4706296.82, "Plan Rows": 59380, "Plan Width": 83, "Inner Unique": true, "Merge Cond": "(supplier.s_suppkey = revenue0.supplier_no)", "Plans": [{"Node Type": "Aggregate", "Strategy": "Plain", "Parent Relationship": "exec_init_plan", "Subplan Name": "InitPlan 1 (returns $0)", "Startup Cost": 2339055.76, "Total Cost": 2339055.77, "Plan Rows": 1, "Plan Width": 16, "Plans": [{"Node Type": "Aggregate", "Strategy": "Hashed", "Parent Relationship": "Outer", "Startup Cost": 2337719.71, "Total Cost": 2338313.51, "Plan Rows": 59380, "Plan Width": 24, "Group By Key": ["public.lineitem.l_suppkey"], "Plans": [{"Node Type": "Seq Scan", "Parent Relationship": "Outer", "Relation Name": "lineitem", "Alias": "lineitem", "Startup Cost": 25.33, "Total Cost": 2315050.5, "Plan Rows": 2266921, "Plan Width": 24, "Filter": "((l_shipdate >= '1997-07-01 00:00:00'::timestamp(0) without time zone) AND (l_shipdate < '1997-10-01 00:00:00'::timestamp without time zone)), (LLVM Optimized)"}]}]}, {"Node Type": "Index Scan", "Parent Relationship": "Outer", "Scan Direction": "Forward", "Index Name": "supplier_pkey", "Relation Name": "supplier", "Alias": "supplier", "Startup Cost": 0.0, "Total Cost": 5334.54, "Plan Rows": 100000, "Plan Width": 75}, {"Node Type": "Sort", "Parent Relationship": "Inner", "Startup Cost": 2360765.81, "Total Cost": 2360914.26, "Plan Rows": 59380, "Plan Width": 16, "Sort Key": ["revenue0.supplier_no"], "Plans": [{"Node Type": "Subquery Scan", "Parent Relationship": "Outer", "Alias": "revenue0", "Startup Cost": 2354721.61, "Total Cost": 2356057.66, "Plan Rows": 59380, "Plan Width": 16, "Plans": [{"Node Type": "Aggregate", "Strategy": "Hashed", "Parent Relationship": "Subquery", "Startup Cost": 2354721.61, "Total Cost": 2355463.86, "Plan Rows": 59380, "Plan Width": 24, "Group By Key": ["public.lineitem.l_suppkey"], "Filter": "(sum((public.lineitem.l_extendedprice * (1::double precision - public.lineitem.l_discount))) = $0), (LLVM Optimized)", "Plans": [{"Node Type": "Seq Scan", "Parent Relationship": "Outer", "Relation Name": "lineitem", "Alias": "lineitem", "Startup Cost": 25.33, "Total Cost": 2315050.5, "Plan Rows": 2266921, "Plan Width": 24, "Filter": "((l_shipdate >= '1997-07-01 00:00:00'::timestamp(0) without time zone) AND (l_shipdate < '1997-10-01 00:00:00'::timestamp without time zone)), (LLVM Optimized)"}]}]}]}]}, "Unique SQL Id": 3712096918, "Planner Runtime": 0}, "explain_analyze_plan": null}, "(1, '9')": {"explain_plan": {"Plan": {"Node Type": "Merge Join", "Join Type": "Inner", "Startup Cost": 10341221.9, "Total Cost": 10347697.14, "Plan Rows": 59380, "Plan Width": 83, "Inner Unique": true, "Merge Cond": "(supplier.s_suppkey = revenue0.supplier_no)", "Plans": [{"Node Type": "Aggregate", "Strategy": "Plain", "Parent Relationship": "exec_init_plan", "Subplan Name": "InitPlan 1 (returns $0)", "Startup Cost": 5159755.92, "Total Cost": 5159755.93, "Plan Rows": 1, "Plan Width": 16, "Plans": [{"Node Type": "Aggregate", "Strategy": "Hashed", "Parent Relationship": "Outer", "Startup Cost": 5158419.87, "Total Cost": 5159013.67, "Plan Rows": 59380, "Plan Width": 24, "Group By Key": ["public.lineitem.l_suppkey"], "Plans": [{"Node Type": "Index Scan", "Parent Relationship": "Outer", "Scan Direction": "Forward", "Index Name": "idx_lineitem_shipdate", "Relation Name": "lineitem", "Alias": "lineitem", "Startup Cost": 0.0, "Total Cost": 5135750.66, "Plan Rows": 2266921, "Plan Width": 24, "Index Cond": "((l_shipdate >= '1997-07-01 00:00:00'::timestamp(0) without time zone) AND (l_shipdate < '1997-10-01 00:00:00'::timestamp without time zone)), (LLVM Optimized)"}]}]}, {"Node Type": "Index Scan", "Parent Relationship": "Outer", "Scan Direction": "Forward", "Index Name": "supplier_pkey", "Relation Name": "supplier", "Alias": "supplier", "Startup Cost": 0.0, "Total Cost": 5334.54, "Plan Rows": 100000, "Plan Width": 75}, {"Node Type": "Sort", "Parent Relationship": "Inner", "Startup Cost": 5181465.97, "Total Cost": 5181614.42, "Plan Rows": 59380, "Plan Width": 16, "Sort Key": ["revenue0.supplier_no"], "Plans": [{"Node Type": "Subquery Scan", "Parent Relationship": "Outer", "Alias": "revenue0", "Startup Cost": 5175421.77, "Total Cost": 5176757.82, "Plan Rows": 59380, "Plan Width": 16, "Plans": [{"Node Type": "Aggregate", "Strategy": "Hashed", "Parent Relationship": "Subquery", "Startup Cost": 5175421.77, "Total Cost": 5176164.02, "Plan Rows": 59380, "Plan Width": 24, "Group By Key": ["public.lineitem.l_suppkey"], "Filter": "(sum((public.lineitem.l_extendedprice * (1::double precision - public.lineitem.l_discount))) = $0), (LLVM Optimized)", "Plans": [{"Node Type": "Index Scan", "Parent Relationship": "Outer", "Scan Direction": "Forward", "Index Name": "idx_lineitem_shipdate", "Relation Name": "lineitem", "Alias": "lineitem", "Startup Cost": 0.0, "Total Cost": 5135750.66, "Plan Rows": 2266921, "Plan Width": 24, "Index Cond": "((l_shipdate >= '1997-07-01 00:00:00'::timestamp(0) without time zone) AND (l_shipdate < '1997-10-01 00:00:00'::timestamp without time zone)), (LLVM Optimized)"}]}]}]}]}, "Unique SQL Id": 3712096918, "Planner Runtime": 1}, "explain_analyze_plan": {"Plan": {"Node Type": "Merge Join", "Join Type": "Inner", "Startup Cost": 10341221.9, "Total Cost": 10347697.14, "Plan Rows": 59380, "Plan Width": 83, "Actual Startup Time": 14684.402, "Actual Total Time": 14684.412, "Actual Rows": 1, "Actual Loops": 1, "Inner Unique": true, "Merge Cond": "(supplier.s_suppkey = revenue0.supplier_no)", "Plans": [{"Node Type": "Aggregate", "Strategy": "Plain", "Parent Relationship": "exec_init_plan", "Subplan Name": "InitPlan 1 (returns $0)", "Startup Cost": 5159755.92, "Total Cost": 5159755.93, "Plan Rows": 1, "Plan Width": 16, "Actual Startup Time": 6680.146, "Actual Total Time": 6680.147, "Actual Rows": 1, "Actual Loops": 1, "Plans": [{"Node Type": "Aggregate", "Strategy": "Hashed", "Parent Relationship": "Outer", "Startup Cost": 5158419.87, "Total Cost": 5159013.67, "Plan Rows": 59380, "Plan Width": 24, "Actual Startup Time": 6635.199, "Actual Total Time": 6665.066, "Actual Rows": 100000, "Actual Loops": 1, "Group By Key": ["public.lineitem.l_suppkey"], "Plans": [{"Node Type": "Index Scan", "Parent Relationship": "Outer", "Scan Direction": "Forward", "Index Name": "idx_lineitem_shipdate", "Relation Name": "lineitem", "Alias": "lineitem", "Startup Cost": 0.0, "Total Cost": 5135750.66, "Plan Rows": 2266921, "Plan Width": 24, "Actual Startup Time": 0.056, "Actual Total Time": 4877.828, "Actual Rows": 2293944, "Actual Loops": 1, "Index Cond": "((l_shipdate >= '1997-07-01 00:00:00'::timestamp(0) without time zone) AND (l_shipdate < '1997-10-01 00:00:00'::timestamp without time zone)), (LLVM Optimized, Jit Execute)", "Rows Removed by Index Recheck": 0}]}]}, {"Node Type": "Index Scan", "Parent Relationship": "Outer", "Scan Direction": "Forward", "Index Name": "supplier_pkey", "Relation Name": "supplier", "Alias": "supplier", "Startup Cost": 0.0, "Total Cost": 5334.54, "Plan Rows": 100000, "Plan Width": 75, "Actual Startup Time": 0.047, "Actual Total Time": 19.2, "Actual Rows": 35977, "Actual Loops": 1}, {"Node Type": "Sort", "Parent Relationship": "Inner", "Startup Cost": 5181465.97, "Total Cost": 5181614.42, "Plan Rows": 59380, "Plan Width": 16, "Actual Startup Time": 14660.259, "Actual Total Time": 14660.259, "Actual Rows": 1, "Actual Loops": 1, "Sort Key": ["revenue0.supplier_no"], "Sort Method": "quicksort", "Sort Space Used": 25, "Sort Space Type": "Memory", "Plans": [{"Node Type": "Subquery Scan", "Parent Relationship": "Outer", "Alias": "revenue0", "Startup Cost": 5175421.77, "Total Cost": 5176757.82, "Plan Rows": 59380, "Plan Width": 16, "Actual Startup Time": 14641.397, "Actual Total Time": 14660.029, "Actual Rows": 1, "Actual Loops": 1, "Plans": [{"Node Type": "Aggregate", "Strategy": "Hashed", "Parent Relationship": "Subquery", "Startup Cost": 5175421.77, "Total Cost": 5176164.02, "Plan Rows": 59380, "Plan Width": 24, "Actual Startup Time": 14641.396, "Actual Total Time": 14660.025, "Actual Rows": 1, "Actual Loops": 1, "Group By Key": ["public.lineitem.l_suppkey"], "Filter": "(sum((public.lineitem.l_extendedprice * (1::double precision - public.lineitem.l_discount))) = $0), (LLVM Optimized, Jit Execute)", "Rows Removed by Filter": 99999, "Plans": [{"Node Type": "Index Scan", "Parent Relationship": "Outer", "Scan Direction": "Forward", "Index Name": "idx_lineitem_shipdate", "Relation Name": "lineitem", "Alias": "lineitem", "Startup Cost": 0.0, "Total Cost": 5135750.66, "Plan Rows": 2266921, "Plan Width": 24, "Actual Startup Time": 0.05, "Actual Total Time": 5838.306, "Actual Rows": 2293944, "Actual Loops": 1, "Index Cond": "((l_shipdate >= '1997-07-01 00:00:00'::timestamp(0) without time zone) AND (l_shipdate < '1997-10-01 00:00:00'::timestamp without time zone)), (LLVM Optimized, Jit Execute)", "Rows Removed by Index Recheck": 0}]}]}]}]}, "Triggers": [], "Planner Runtime": 0.683, "Total Runtime": 14695.703, "Unique SQL Id": 3712096918}}, "(1, '10')": {"explain_plan": {"Plan": {"Node Type": "Merge Join", "Join Type": "Inner", "Startup Cost": 4711409.4, "Total Cost": 4712800.1, "Plan Rows": 59380, "Plan Width": 83, "Inner Unique": true, "Merge Cond": "(supplier.s_suppkey = revenue0.supplier_no)", "Plans": [{"Node Type": "Aggregate", "Strategy": "Plain", "Parent Relationship": "exec_init_plan", "Subplan Name": "InitPlan 1 (returns $0)", "Startup Cost": 2339055.76, "Total Cost": 2339055.77, "Plan Rows": 1, "Plan Width": 16, "Plans": [{"Node Type": "Aggregate", "Strategy": "Hashed", "Parent Relationship": "Outer", "Startup Cost": 2337719.71, "Total Cost": 2338313.51, "Plan Rows": 59380, "Plan Width": 24, "Group By Key": ["public.lineitem.l_suppkey"], "Plans": [{"Node Type": "Seq Scan", "Parent Relationship": "Outer", "Relation Name": "lineitem", "Alias": "lineitem", "Startup Cost": 25.33, "Total Cost": 2315050.5, "Plan Rows": 2266921, "Plan Width": 24, "Filter": "((l_shipdate >= '1997-07-01 00:00:00'::timestamp(0) without time zone) AND (l_shipdate < '1997-10-01 00:00:00'::timestamp without time zone)), (LLVM Optimized)"}]}]}, {"Node Type": "Sort", "Parent Relationship": "Outer", "Startup Cost": 11587.82, "Total Cost": 11837.82, "Plan Rows": 100000, "Plan Width": 75, "Sort Key": ["supplier.s_suppkey"], "Plans": [{"Node Type": "Seq Scan", "Parent Relationship": "Outer", "Relation Name": "supplier", "Alias": "supplier", "Startup Cost": 0.0, "Total Cost": 3283.0, "Plan Rows": 100000, "Plan Width": 75}]}, {"Node Type": "Sort", "Parent Relationship": "Inner", "Startup Cost": 2360765.81, "Total Cost": 2360914.26, "Plan Rows": 59380, "Plan Width": 16, "Sort Key": ["revenue0.supplier_no"], "Plans": [{"Node Type": "Subquery Scan", "Parent Relationship": "Outer", "Alias": "revenue0", "Startup Cost": 2354721.61, "Total Cost": 2356057.66, "Plan Rows": 59380, "Plan Width": 16, "Plans": [{"Node Type": "Aggregate", "Strategy": "Hashed", "Parent Relationship": "Subquery", "Startup Cost": 2354721.61, "Total Cost": 2355463.86, "Plan Rows": 59380, "Plan Width": 24, "Group By Key": ["public.lineitem.l_suppkey"], "Filter": "(sum((public.lineitem.l_extendedprice * (1::double precision - public.lineitem.l_discount))) = $0), (LLVM Optimized)", "Plans": [{"Node Type": "Seq Scan", "Parent Relationship": "Outer", "Relation Name": "lineitem", "Alias": "lineitem", "Startup Cost": 25.33, "Total Cost": 2315050.5, "Plan Rows": 2266921, "Plan Width": 24, "Filter": "((l_shipdate >= '1997-07-01 00:00:00'::timestamp(0) without time zone) AND (l_shipdate < '1997-10-01 00:00:00'::timestamp without time zone)), (LLVM Optimized)"}]}]}]}]}, "Unique SQL Id": 3712096918, "Planner Runtime": 1}, "explain_analyze_plan": null}, "(1, '11')": {"explain_plan": {"Plan": {"Node Type": "Merge Join", "Join Type": "Inner", "Startup Cost": 2010463079819.59, "Total Cost": 3000463614414.67, "Plan Rows": 59380, "Plan Width": 83, "Inner Unique": true, "Merge Cond": "(supplier.s_suppkey = revenue0.supplier_no)", "Plans": [{"Node Type": "Aggregate", "Strategy": "Plain", "Parent Relationship": "exec_init_plan", "Subplan Name": "InitPlan 1 (returns $0)", "Startup Cost": 1000231529054.76, "Total Cost": 1000231529054.77, "Plan Rows": 1, "Plan Width": 16, "Plans": [{"Node Type": "Aggregate", "Strategy": "Hashed", "Parent Relationship": "Outer", "Startup Cost": 1000231527718.71, "Total Cost": 1000231528312.51, "Plan Rows": 59380, "Plan Width": 24, "Group By Key": ["public.lineitem.l_suppkey"], "Plans": [{"Node Type": "Seq Scan", "Parent Relationship": "Outer", "Relation Name": "lineitem", "Alias": "lineitem", "Startup Cost": 10000000025.02, "Total Cost": 1000231505049.5, "Plan Rows": 2266921, "Plan Width": 24, "Filter": "((l_shipdate >= '1997-07-01 00:00:00'::timestamp(0) without time zone) AND (l_shipdate < '1997-10-01 00:00:00'::timestamp without time zone)), (LLVM Optimized)"}]}]}, {"Node Type": "Index Scan", "Parent Relationship": "Outer", "Scan Direction": "Forward", "Index Name": "supplier_pkey", "Relation Name": "supplier", "Alias": "supplier", "Startup Cost": 10000000000.0, "Total Cost": 1000000533454.38, "Plan Rows": 100000, "Plan Width": 75}, {"Node Type": "Sort", "Parent Relationship": "Inner", "Startup Cost": 1000231550764.82, "Total Cost": 1000231550913.27, "Plan Rows": 59380, "Plan Width": 16, "Sort Key": ["revenue0.supplier_no"], "Plans": [{"Node Type": "Subquery Scan", "Parent Relationship": "Outer", "Alias": "revenue0", "Startup Cost": 1000231544720.62, "Total Cost": 1000231546056.67, "Plan Rows": 59380, "Plan Width": 16, "Plans": [{"Node Type": "Aggregate", "Strategy": "Hashed", "Parent Relationship": "Subquery", "Startup Cost": 1000231544720.62, "Total Cost": 1000231545462.87, "Plan Rows": 59380, "Plan Width": 24, "Group By Key": ["public.lineitem.l_suppkey"], "Filter": "(sum((public.lineitem.l_extendedprice * (1::double precision - public.lineitem.l_discount))) = $0), (LLVM Optimized)", "Plans": [{"Node Type": "Seq Scan", "Parent Relationship": "Outer", "Relation Name": "lineitem", "Alias": "lineitem", "Startup Cost": 10000000025.02, "Total Cost": 1000231505049.5, "Plan Rows": 2266921, "Plan Width": 24, "Filter": "((l_shipdate >= '1997-07-01 00:00:00'::timestamp(0) without time zone) AND (l_shipdate < '1997-10-01 00:00:00'::timestamp without time zone)), (LLVM Optimized)"}]}]}]}]}, "Unique SQL Id": 3712096918, "Planner Runtime": 0}, "explain_analyze_plan": null}, "(1, '12')": {"explain_plan": {"Plan": {"Node Type": "Merge Join", "Join Type": "Inner", "Startup Cost": 4699821.58, "Total Cost": 4706296.82, "Plan Rows": 59380, "Plan Width": 83, "Inner Unique": true, "Merge Cond": "(supplier.s_suppkey = revenue0.supplier_no)", "Plans": [{"Node Type": "Aggregate", "Strategy": "Plain", "Parent Relationship": "exec_init_plan", "Subplan Name": "InitPlan 1 (returns $0)", "Startup Cost": 2339055.76, "Total Cost": 2339055.77, "Plan Rows": 1, "Plan Width": 16, "Plans": [{"Node Type": "Aggregate", "Strategy": "Hashed", "Parent Relationship": "Outer", "Startup Cost": 2337719.71, "Total Cost": 2338313.51, "Plan Rows": 59380, "Plan Width": 24, "Group By Key": ["public.lineitem.l_suppkey"], "Plans": [{"Node Type": "Seq Scan", "Parent Relationship": "Outer", "Relation Name": "lineitem", "Alias": "lineitem", "Startup Cost": 25.33, "Total Cost": 2315050.5, "Plan Rows": 2266921, "Plan Width": 24, "Filter": "((l_shipdate >= '1997-07-01 00:00:00'::timestamp(0) without time zone) AND (l_shipdate < '1997-10-01 00:00:00'::timestamp without time zone)), (LLVM Optimized)"}]}]}, {"Node Type": "Index Scan", "Parent Relationship": "Outer", "Scan Direction": "Forward", "Index Name": "supplier_pkey", "Relation Name": "supplier", "Alias": "supplier", "Startup Cost": 0.0, "Total Cost": 5334.54, "Plan Rows": 100000, "Plan Width": 75}, {"Node Type": "Sort", "Parent Relationship": "Inner", "Startup Cost": 2360765.81, "Total Cost": 2360914.26, "Plan Rows": 59380, "Plan Width": 16, "Sort Key": ["revenue0.supplier_no"], "Plans": [{"Node Type": "Subquery Scan", "Parent Relationship": "Outer", "Alias": "revenue0", "Startup Cost": 2354721.61, "Total Cost": 2356057.66, "Plan Rows": 59380, "Plan Width": 16, "Plans": [{"Node Type": "Aggregate", "Strategy": "Hashed", "Parent Relationship": "Subquery", "Startup Cost": 2354721.61, "Total Cost": 2355463.86, "Plan Rows": 59380, "Plan Width": 24, "Group By Key": ["public.lineitem.l_suppkey"], "Filter": "(sum((public.lineitem.l_extendedprice * (1::double precision - public.lineitem.l_discount))) = $0), (LLVM Optimized)", "Plans": [{"Node Type": "Seq Scan", "Parent Relationship": "Outer", "Relation Name": "lineitem", "Alias": "lineitem", "Startup Cost": 25.33, "Total Cost": 2315050.5, "Plan Rows": 2266921, "Plan Width": 24, "Filter": "((l_shipdate >= '1997-07-01 00:00:00'::timestamp(0) without time zone) AND (l_shipdate < '1997-10-01 00:00:00'::timestamp without time zone)), (LLVM Optimized)"}]}]}]}]}, "Unique SQL Id": 3712096918, "Planner Runtime": 1}, "explain_analyze_plan": null}, "(1, '13')": {"explain_plan": {"Plan": {"Node Type": "Merge Join", "Join Type": "Inner", "Startup Cost": 10341221.9, "Total Cost": 10347697.14, "Plan Rows": 59380, "Plan Width": 83, "Inner Unique": true, "Merge Cond": "(supplier.s_suppkey = revenue0.supplier_no)", "Plans": [{"Node Type": "Aggregate", "Strategy": "Plain", "Parent Relationship": "exec_init_plan", "Subplan Name": "InitPlan 1 (returns $0)", "Startup Cost": 5159755.92, "Total Cost": 5159755.93, "Plan Rows": 1, "Plan Width": 16, "Plans": [{"Node Type": "Aggregate", "Strategy": "Hashed", "Parent Relationship": "Outer", "Startup Cost": 5158419.87, "Total Cost": 5159013.67, "Plan Rows": 59380, "Plan Width": 24, "Group By Key": ["public.lineitem.l_suppkey"], "Plans": [{"Node Type": "Index Scan", "Parent Relationship": "Outer", "Scan Direction": "Forward", "Index Name": "idx_lineitem_shipdate", "Relation Name": "lineitem", "Alias": "lineitem", "Startup Cost": 0.0, "Total Cost": 5135750.66, "Plan Rows": 2266921, "Plan Width": 24, "Index Cond": "((l_shipdate >= '1997-07-01 00:00:00'::timestamp(0) without time zone) AND (l_shipdate < '1997-10-01 00:00:00'::timestamp without time zone)), (LLVM Optimized)"}]}]}, {"Node Type": "Index Scan", "Parent Relationship": "Outer", "Scan Direction": "Forward", "Index Name": "supplier_pkey", "Relation Name": "supplier", "Alias": "supplier", "Startup Cost": 0.0, "Total Cost": 5334.54, "Plan Rows": 100000, "Plan Width": 75}, {"Node Type": "Sort", "Parent Relationship": "Inner", "Startup Cost": 5181465.97, "Total Cost": 5181614.42, "Plan Rows": 59380, "Plan Width": 16, "Sort Key": ["revenue0.supplier_no"], "Plans": [{"Node Type": "Subquery Scan", "Parent Relationship": "Outer", "Alias": "revenue0", "Startup Cost": 5175421.77, "Total Cost": 5176757.82, "Plan Rows": 59380, "Plan Width": 16, "Plans": [{"Node Type": "Aggregate", "Strategy": "Hashed", "Parent Relationship": "Subquery", "Startup Cost": 5175421.77, "Total Cost": 5176164.02, "Plan Rows": 59380, "Plan Width": 24, "Group By Key": ["public.lineitem.l_suppkey"], "Filter": "(sum((public.lineitem.l_extendedprice * (1::double precision - public.lineitem.l_discount))) = $0), (LLVM Optimized)", "Plans": [{"Node Type": "Index Scan", "Parent Relationship": "Outer", "Scan Direction": "Forward", "Index Name": "idx_lineitem_shipdate", "Relation Name": "lineitem", "Alias": "lineitem", "Startup Cost": 0.0, "Total Cost": 5135750.66, "Plan Rows": 2266921, "Plan Width": 24, "Index Cond": "((l_shipdate >= '1997-07-01 00:00:00'::timestamp(0) without time zone) AND (l_shipdate < '1997-10-01 00:00:00'::timestamp without time zone)), (LLVM Optimized)"}]}]}]}]}, "Unique SQL Id": 3712096918, "Planner Runtime": 0}, "explain_analyze_plan": {"Plan": {"Node Type": "Merge Join", "Join Type": "Inner", "Startup Cost": 10341221.9, "Total Cost": 10347697.14, "Plan Rows": 59380, "Plan Width": 83, "Actual Startup Time": 14684.402, "Actual Total Time": 14684.412, "Actual Rows": 1, "Actual Loops": 1, "Inner Unique": true, "Merge Cond": "(supplier.s_suppkey = revenue0.supplier_no)", "Plans": [{"Node Type": "Aggregate", "Strategy": "Plain", "Parent Relationship": "exec_init_plan", "Subplan Name": "InitPlan 1 (returns $0)", "Startup Cost": 5159755.92, "Total Cost": 5159755.93, "Plan Rows": 1, "Plan Width": 16, "Actual Startup Time": 6680.146, "Actual Total Time": 6680.147, "Actual Rows": 1, "Actual Loops": 1, "Plans": [{"Node Type": "Aggregate", "Strategy": "Hashed", "Parent Relationship": "Outer", "Startup Cost": 5158419.87, "Total Cost": 5159013.67, "Plan Rows": 59380, "Plan Width": 24, "Actual Startup Time": 6635.199, "Actual Total Time": 6665.066, "Actual Rows": 100000, "Actual Loops": 1, "Group By Key": ["public.lineitem.l_suppkey"], "Plans": [{"Node Type": "Index Scan", "Parent Relationship": "Outer", "Scan Direction": "Forward", "Index Name": "idx_lineitem_shipdate", "Relation Name": "lineitem", "Alias": "lineitem", "Startup Cost": 0.0, "Total Cost": 5135750.66, "Plan Rows": 2266921, "Plan Width": 24, "Actual Startup Time": 0.056, "Actual Total Time": 4877.828, "Actual Rows": 2293944, "Actual Loops": 1, "Index Cond": "((l_shipdate >= '1997-07-01 00:00:00'::timestamp(0) without time zone) AND (l_shipdate < '1997-10-01 00:00:00'::timestamp without time zone)), (LLVM Optimized, Jit Execute)", "Rows Removed by Index Recheck": 0}]}]}, {"Node Type": "Index Scan", "Parent Relationship": "Outer", "Scan Direction": "Forward", "Index Name": "supplier_pkey", "Relation Name": "supplier", "Alias": "supplier", "Startup Cost": 0.0, "Total Cost": 5334.54, "Plan Rows": 100000, "Plan Width": 75, "Actual Startup Time": 0.047, "Actual Total Time": 19.2, "Actual Rows": 35977, "Actual Loops": 1}, {"Node Type": "Sort", "Parent Relationship": "Inner", "Startup Cost": 5181465.97, "Total Cost": 5181614.42, "Plan Rows": 59380, "Plan Width": 16, "Actual Startup Time": 14660.259, "Actual Total Time": 14660.259, "Actual Rows": 1, "Actual Loops": 1, "Sort Key": ["revenue0.supplier_no"], "Sort Method": "quicksort", "Sort Space Used": 25, "Sort Space Type": "Memory", "Plans": [{"Node Type": "Subquery Scan", "Parent Relationship": "Outer", "Alias": "revenue0", "Startup Cost": 5175421.77, "Total Cost": 5176757.82, "Plan Rows": 59380, "Plan Width": 16, "Actual Startup Time": 14641.397, "Actual Total Time": 14660.029, "Actual Rows": 1, "Actual Loops": 1, "Plans": [{"Node Type": "Aggregate", "Strategy": "Hashed", "Parent Relationship": "Subquery", "Startup Cost": 5175421.77, "Total Cost": 5176164.02, "Plan Rows": 59380, "Plan Width": 24, "Actual Startup Time": 14641.396, "Actual Total Time": 14660.025, "Actual Rows": 1, "Actual Loops": 1, "Group By Key": ["public.lineitem.l_suppkey"], "Filter": "(sum((public.lineitem.l_extendedprice * (1::double precision - public.lineitem.l_discount))) = $0), (LLVM Optimized, Jit Execute)", "Rows Removed by Filter": 99999, "Plans": [{"Node Type": "Index Scan", "Parent Relationship": "Outer", "Scan Direction": "Forward", "Index Name": "idx_lineitem_shipdate", "Relation Name": "lineitem", "Alias": "lineitem", "Startup Cost": 0.0, "Total Cost": 5135750.66, "Plan Rows": 2266921, "Plan Width": 24, "Actual Startup Time": 0.05, "Actual Total Time": 5838.306, "Actual Rows": 2293944, "Actual Loops": 1, "Index Cond": "((l_shipdate >= '1997-07-01 00:00:00'::timestamp(0) without time zone) AND (l_shipdate < '1997-10-01 00:00:00'::timestamp without time zone)), (LLVM Optimized, Jit Execute)", "Rows Removed by Index Recheck": 0}]}]}]}]}, "Triggers": [], "Planner Runtime": 0.683, "Total Runtime": 14695.703, "Unique SQL Id": 3712096918}}, "(1, '14')": {"explain_plan": {"Plan": {"Node Type": "Merge Join", "Join Type": "Inner", "Startup Cost": 4711409.4, "Total Cost": 4712800.1, "Plan Rows": 59380, "Plan Width": 83, "Inner Unique": true, "Merge Cond": "(supplier.s_suppkey = revenue0.supplier_no)", "Plans": [{"Node Type": "Aggregate", "Strategy": "Plain", "Parent Relationship": "exec_init_plan", "Subplan Name": "InitPlan 1 (returns $0)", "Startup Cost": 2339055.76, "Total Cost": 2339055.77, "Plan Rows": 1, "Plan Width": 16, "Plans": [{"Node Type": "Aggregate", "Strategy": "Hashed", "Parent Relationship": "Outer", "Startup Cost": 2337719.71, "Total Cost": 2338313.51, "Plan Rows": 59380, "Plan Width": 24, "Group By Key": ["public.lineitem.l_suppkey"], "Plans": [{"Node Type": "Seq Scan", "Parent Relationship": "Outer", "Relation Name": "lineitem", "Alias": "lineitem", "Startup Cost": 25.33, "Total Cost": 2315050.5, "Plan Rows": 2266921, "Plan Width": 24, "Filter": "((l_shipdate >= '1997-07-01 00:00:00'::timestamp(0) without time zone) AND (l_shipdate < '1997-10-01 00:00:00'::timestamp without time zone)), (LLVM Optimized)"}]}]}, {"Node Type": "Sort", "Parent Relationship": "Outer", "Startup Cost": 11587.82, "Total Cost": 11837.82, "Plan Rows": 100000, "Plan Width": 75, "Sort Key": ["supplier.s_suppkey"], "Plans": [{"Node Type": "Seq Scan", "Parent Relationship": "Outer", "Relation Name": "supplier", "Alias": "supplier", "Startup Cost": 0.0, "Total Cost": 3283.0, "Plan Rows": 100000, "Plan Width": 75}]}, {"Node Type": "Sort", "Parent Relationship": "Inner", "Startup Cost": 2360765.81, "Total Cost": 2360914.26, "Plan Rows": 59380, "Plan Width": 16, "Sort Key": ["revenue0.supplier_no"], "Plans": [{"Node Type": "Subquery Scan", "Parent Relationship": "Outer", "Alias": "revenue0", "Startup Cost": 2354721.61, "Total Cost": 2356057.66, "Plan Rows": 59380, "Plan Width": 16, "Plans": [{"Node Type": "Aggregate", "Strategy": "Hashed", "Parent Relationship": "Subquery", "Startup Cost": 2354721.61, "Total Cost": 2355463.86, "Plan Rows": 59380, "Plan Width": 24, "Group By Key": ["public.lineitem.l_suppkey"], "Filter": "(sum((public.lineitem.l_extendedprice * (1::double precision - public.lineitem.l_discount))) = $0), (LLVM Optimized)", "Plans": [{"Node Type": "Seq Scan", "Parent Relationship": "Outer", "Relation Name": "lineitem", "Alias": "lineitem", "Startup Cost": 25.33, "Total Cost": 2315050.5, "Plan Rows": 2266921, "Plan Width": 24, "Filter": "((l_shipdate >= '1997-07-01 00:00:00'::timestamp(0) without time zone) AND (l_shipdate < '1997-10-01 00:00:00'::timestamp without time zone)), (LLVM Optimized)"}]}]}]}]}, "Unique SQL Id": 3712096918, "Planner Runtime": 0}, "explain_analyze_plan": null}, "(1, '15')": {"explain_plan": {"Plan": {"Node Type": "Merge Join", "Join Type": "Inner", "Startup Cost": 2010463079819.59, "Total Cost": 3000463614414.67, "Plan Rows": 59380, "Plan Width": 83, "Inner Unique": true, "Merge Cond": "(supplier.s_suppkey = revenue0.supplier_no)", "Plans": [{"Node Type": "Aggregate", "Strategy": "Plain", "Parent Relationship": "exec_init_plan", "Subplan Name": "InitPlan 1 (returns $0)", "Startup Cost": 1000231529054.76, "Total Cost": 1000231529054.77, "Plan Rows": 1, "Plan Width": 16, "Plans": [{"Node Type": "Aggregate", "Strategy": "Hashed", "Parent Relationship": "Outer", "Startup Cost": 1000231527718.71, "Total Cost": 1000231528312.51, "Plan Rows": 59380, "Plan Width": 24, "Group By Key": ["public.lineitem.l_suppkey"], "Plans": [{"Node Type": "Seq Scan", "Parent Relationship": "Outer", "Relation Name": "lineitem", "Alias": "lineitem", "Startup Cost": 10000000025.02, "Total Cost": 1000231505049.5, "Plan Rows": 2266921, "Plan Width": 24, "Filter": "((l_shipdate >= '1997-07-01 00:00:00'::timestamp(0) without time zone) AND (l_shipdate < '1997-10-01 00:00:00'::timestamp without time zone)), (LLVM Optimized)"}]}]}, {"Node Type": "Index Scan", "Parent Relationship": "Outer", "Scan Direction": "Forward", "Index Name": "supplier_pkey", "Relation Name": "supplier", "Alias": "supplier", "Startup Cost": 10000000000.0, "Total Cost": 1000000533454.38, "Plan Rows": 100000, "Plan Width": 75}, {"Node Type": "Sort", "Parent Relationship": "Inner", "Startup Cost": 1000231550764.82, "Total Cost": 1000231550913.27, "Plan Rows": 59380, "Plan Width": 16, "Sort Key": ["revenue0.supplier_no"], "Plans": [{"Node Type": "Subquery Scan", "Parent Relationship": "Outer", "Alias": "revenue0", "Startup Cost": 1000231544720.62, "Total Cost": 1000231546056.67, "Plan Rows": 59380, "Plan Width": 16, "Plans": [{"Node Type": "Aggregate", "Strategy": "Hashed", "Parent Relationship": "Subquery", "Startup Cost": 1000231544720.62, "Total Cost": 1000231545462.87, "Plan Rows": 59380, "Plan Width": 24, "Group By Key": ["public.lineitem.l_suppkey"], "Filter": "(sum((public.lineitem.l_extendedprice * (1::double precision - public.lineitem.l_discount))) = $0), (LLVM Optimized)", "Plans": [{"Node Type": "Seq Scan", "Parent Relationship": "Outer", "Relation Name": "lineitem", "Alias": "lineitem", "Startup Cost": 10000000025.02, "Total Cost": 1000231505049.5, "Plan Rows": 2266921, "Plan Width": 24, "Filter": "((l_shipdate >= '1997-07-01 00:00:00'::timestamp(0) without time zone) AND (l_shipdate < '1997-10-01 00:00:00'::timestamp without time zone)), (LLVM Optimized)"}]}]}]}]}, "Unique SQL Id": 3712096918, "Planner Runtime": 0}, "explain_analyze_plan": null}, "(1, '16')": {"explain_plan": {"Plan": {"Node Type": "Merge Join", "Join Type": "Inner", "Startup Cost": 3242103.77, "Total Cost": 3248579.02, "Plan Rows": 59380, "Plan Width": 83, "Inner Unique": true, "Merge Cond": "(supplier.s_suppkey = revenue0.supplier_no)", "Plans": [{"Node Type": "Aggregate", "Strategy": "Plain", "Parent Relationship": "exec_init_plan", "Subplan Name": "InitPlan 1 (returns $0)", "Startup Cost": 1610196.85, "Total Cost": 1610196.86, "Plan Rows": 1, "Plan Width": 16, "Plans": [{"Node Type": "Aggregate", "Strategy": "Hashed", "Parent Relationship": "Outer", "Startup Cost": 1608860.8, "Total Cost": 1609454.6, "Plan Rows": 59380, "Plan Width": 24, "Group By Key": ["public.lineitem.l_suppkey"], "Plans": [{"Node Type": "Bitmap Heap Scan", "Parent Relationship": "Outer", "Relation Name": "lineitem", "Alias": "lineitem", "Startup Cost": 78544.19, "Total Cost": 1586191.59, "Plan Rows": 2266921, "Plan Width": 24, "Recheck Cond": "((l_shipdate >= '1997-07-01 00:00:00'::timestamp(0) without time zone) AND (l_shipdate < '1997-10-01 00:00:00'::timestamp without time zone)), (LLVM Optimized)", "Plans": [{"Node Type": "Bitmap Index Scan", "Parent Relationship": "Outer", "Index Name": "idx_lineitem_shipdate", "Startup Cost": 0.0, "Total Cost": 77977.46, "Plan Rows": 2266921, "Plan Width": 0, "Index Cond": "((l_shipdate >= '1997-07-01 00:00:00'::timestamp(0) without time zone) AND (l_shipdate < '1997-10-01 00:00:00'::timestamp without time zone))"}]}]}]}, {"Node Type": "Index Scan", "Parent Relationship": "Outer", "Scan Direction": "Forward", "Index Name": "supplier_pkey", "Relation Name": "supplier", "Alias": "supplier", "Startup Cost": 0.0, "Total Cost": 5334.54, "Plan Rows": 100000, "Plan Width": 75}, {"Node Type": "Sort", "Parent Relationship": "Inner", "Startup Cost": 1631906.91, "Total Cost": 1632055.36, "Plan Rows": 59380, "Plan Width": 16, "Sort Key": ["revenue0.supplier_no"], "Plans": [{"Node Type": "Subquery Scan", "Parent Relationship": "Outer", "Alias": "revenue0", "Startup Cost": 1625862.71, "Total Cost": 1627198.76, "Plan Rows": 59380, "Plan Width": 16, "Plans": [{"Node Type": "Aggregate", "Strategy": "Hashed", "Parent Relationship": "Subquery", "Startup Cost": 1625862.71, "Total Cost": 1626604.96, "Plan Rows": 59380, "Plan Width": 24, "Group By Key": ["public.lineitem.l_suppkey"], "Filter": "(sum((public.lineitem.l_extendedprice * (1::double precision - public.lineitem.l_discount))) = $0), (LLVM Optimized)", "Plans": [{"Node Type": "Bitmap Heap Scan", "Parent Relationship": "Outer", "Relation Name": "lineitem", "Alias": "lineitem", "Startup Cost": 78544.19, "Total Cost": 1586191.59, "Plan Rows": 2266921, "Plan Width": 24, "Recheck Cond": "((l_shipdate >= '1997-07-01 00:00:00'::timestamp(0) without time zone) AND (l_shipdate < '1997-10-01 00:00:00'::timestamp without time zone)), (LLVM Optimized)", "Plans": [{"Node Type": "Bitmap Index Scan", "Parent Relationship": "Outer", "Index Name": "idx_lineitem_shipdate", "Startup Cost": 0.0, "Total Cost": 77977.46, "Plan Rows": 2266921, "Plan Width": 0, "Index Cond": "((l_shipdate >= '1997-07-01 00:00:00'::timestamp(0) without time zone) AND (l_shipdate < '1997-10-01 00:00:00'::timestamp without time zone))"}]}]}]}]}]}, "Unique SQL Id": 3712096918, "Planner Runtime": 0}, "explain_analyze_plan": {"Plan": {"Node Type": "Merge Join", "Join Type": "Inner", "Startup Cost": 3242103.77, "Total Cost": 3248579.02, "Plan Rows": 59380, "Plan Width": 83, "Actual Startup Time": 11651.8, "Actual Total Time": 11651.805, "Actual Rows": 1, "Actual Loops": 1, "Inner Unique": true, "Merge Cond": "(supplier.s_suppkey = revenue0.supplier_no)", "Plans": [{"Node Type": "Aggregate", "Strategy": "Plain", "Parent Relationship": "exec_init_plan", "Subplan Name": "InitPlan 1 (returns $0)", "Startup Cost": 1610196.85, "Total Cost": 1610196.86, "Plan Rows": 1, "Plan Width": 16, "Actual Startup Time": 6150.177, "Actual Total Time": 6150.177, "Actual Rows": 1, "Actual Loops": 1, "Plans": [{"Node Type": "Aggregate", "Strategy": "Hashed", "Parent Relationship": "Outer", "Startup Cost": 1608860.8, "Total Cost": 1609454.6, "Plan Rows": 59380, "Plan Width": 24, "Actual Startup Time": 6103.597, "Actual Total Time": 6135.186, "Actual Rows": 100000, "Actual Loops": 1, "Group By Key": ["public.lineitem.l_suppkey"], "Plans": [{"Node Type": "Bitmap Heap Scan", "Parent Relationship": "Outer", "Relation Name": "lineitem", "Alias": "lineitem", "Startup Cost": 78544.19, "Total Cost": 1586191.59, "Plan Rows": 2266921, "Plan Width": 24, "Actual Startup Time": 1421.45, "Actual Total Time": 4328.688, "Actual Rows": 2293944, "Actual Loops": 1, "Recheck Cond": "((l_shipdate >= '1997-07-01 00:00:00'::timestamp(0) without time zone) AND (l_shipdate < '1997-10-01 00:00:00'::timestamp without time zone)), (LLVM Optimized, Jit Execute)", "Rows Removed by Index Recheck": 0, "Exact Heap Blocks": 732487, "Lossy Heap Blocks": 732487, "Plans": [{"Node Type": "Bitmap Index Scan", "Parent Relationship": "Outer", "Index Name": "idx_lineitem_shipdate", "Startup Cost": 0.0, "Total Cost": 77977.46, "Plan Rows": 2266921, "Plan Width": 0, "Actual Startup Time": 1058.066, "Actual Total Time": 1058.066, "Actual Rows": 2293944, "Actual Loops": 1, "Index Cond": "((l_shipdate >= '1997-07-01 00:00:00'::timestamp(0) without time zone) AND (l_shipdate < '1997-10-01 00:00:00'::timestamp without time zone))"}]}]}]}, {"Node Type": "Index Scan", "Parent Relationship": "Outer", "Scan Direction": "Forward", "Index Name": "supplier_pkey", "Relation Name": "supplier", "Alias": "supplier", "Startup Cost": 0.0, "Total Cost": 5334.54, "Plan Rows": 100000, "Plan Width": 75, "Actual Startup Time": 0.04, "Actual Total Time": 25.601, "Actual Rows": 35977, "Actual Loops": 1}, {"Node Type": "Sort", "Parent Relationship": "Inner", "Startup Cost": 1631906.91, "Total Cost": 1632055.36, "Plan Rows": 59380, "Plan Width": 16, "Actual Startup Time": 11621.178, "Actual Total Time": 11621.178, "Actual Rows": 1, "Actual Loops": 1, "Sort Key": ["revenue0.supplier_no"], "Sort Method": "quicksort", "Sort Space Used": 25, "Sort Space Type": "Memory", "Plans": [{"Node Type": "Subquery Scan", "Parent Relationship": "Outer", "Alias": "revenue0", "Startup Cost": 1625862.71, "Total Cost": 1627198.76, "Plan Rows": 59380, "Plan Width": 16, "Actual Startup Time": 11595.263, "Actual Total Time": 11620.908, "Actual Rows": 1, "Actual Loops": 1, "Plans": [{"Node Type": "Aggregate", "Strategy": "Hashed", "Parent Relationship": "Subquery", "Startup Cost": 1625862.71, "Total Cost": 1626604.96, "Plan Rows": 59380, "Plan Width": 24, "Actual Startup Time": 11595.26, "Actual Total Time": 11620.903, "Actual Rows": 1, "Actual Loops": 1, "Group By Key": ["public.lineitem.l_suppkey"], "Filter": "(sum((public.lineitem.l_extendedprice * (1::double precision - public.lineitem.l_discount))) = $0), (LLVM Optimized, Jit Execute)", "Rows Removed by Filter": 99999, "Plans": [{"Node Type": "Bitmap Heap Scan", "Parent Relationship": "Outer", "Relation Name": "lineitem", "Alias": "lineitem", "Startup Cost": 78544.19, "Total Cost": 1586191.59, "Plan Rows": 2266921, "Plan Width": 24, "Actual Startup Time": 991.154, "Actual Total Time": 3631.209, "Actual Rows": 2293944, "Actual Loops": 1, "Recheck Cond": "((l_shipdate >= '1997-07-01 00:00:00'::timestamp(0) without time zone) AND (l_shipdate < '1997-10-01 00:00:00'::timestamp without time zone)), (LLVM Optimized, Jit Execute)", "Rows Removed by Index Recheck": 0, "Exact Heap Blocks": 732487, "Lossy Heap Blocks": 732487, "Plans": [{"Node Type": "Bitmap Index Scan", "Parent Relationship": "Outer", "Index Name": "idx_lineitem_shipdate", "Startup Cost": 0.0, "Total Cost": 77977.46, "Plan Rows": 2266921, "Plan Width": 0, "Actual Startup Time": 703.296, "Actual Total Time": 703.296, "Actual Rows": 2293944, "Actual Loops": 1, "Index Cond": "((l_shipdate >= '1997-07-01 00:00:00'::timestamp(0) without time zone) AND (l_shipdate < '1997-10-01 00:00:00'::timestamp without time zone))"}]}]}]}]}]}, "Triggers": [], "Planner Runtime": 0.687, "Total Runtime": 11665.077, "Unique SQL Id": 3712096918}}, "(1, '17')": {"explain_plan": {"Plan": {"Node Type": "Merge Join", "Join Type": "Inner", "Startup Cost": 3242103.77, "Total Cost": 3248579.02, "Plan Rows": 59380, "Plan Width": 83, "Inner Unique": true, "Merge Cond": "(supplier.s_suppkey = revenue0.supplier_no)", "Plans": [{"Node Type": "Aggregate", "Strategy": "Plain", "Parent Relationship": "exec_init_plan", "Subplan Name": "InitPlan 1 (returns $0)", "Startup Cost": 1610196.85, "Total Cost": 1610196.86, "Plan Rows": 1, "Plan Width": 16, "Plans": [{"Node Type": "Aggregate", "Strategy": "Hashed", "Parent Relationship": "Outer", "Startup Cost": 1608860.8, "Total Cost": 1609454.6, "Plan Rows": 59380, "Plan Width": 24, "Group By Key": ["public.lineitem.l_suppkey"], "Plans": [{"Node Type": "Bitmap Heap Scan", "Parent Relationship": "Outer", "Relation Name": "lineitem", "Alias": "lineitem", "Startup Cost": 78544.19, "Total Cost": 1586191.59, "Plan Rows": 2266921, "Plan Width": 24, "Recheck Cond": "((l_shipdate >= '1997-07-01 00:00:00'::timestamp(0) without time zone) AND (l_shipdate < '1997-10-01 00:00:00'::timestamp without time zone)), (LLVM Optimized)", "Plans": [{"Node Type": "Bitmap Index Scan", "Parent Relationship": "Outer", "Index Name": "idx_lineitem_shipdate", "Startup Cost": 0.0, "Total Cost": 77977.46, "Plan Rows": 2266921, "Plan Width": 0, "Index Cond": "((l_shipdate >= '1997-07-01 00:00:00'::timestamp(0) without time zone) AND (l_shipdate < '1997-10-01 00:00:00'::timestamp without time zone))"}]}]}]}, {"Node Type": "Index Scan", "Parent Relationship": "Outer", "Scan Direction": "Forward", "Index Name": "supplier_pkey", "Relation Name": "supplier", "Alias": "supplier", "Startup Cost": 0.0, "Total Cost": 5334.54, "Plan Rows": 100000, "Plan Width": 75}, {"Node Type": "Sort", "Parent Relationship": "Inner", "Startup Cost": 1631906.91, "Total Cost": 1632055.36, "Plan Rows": 59380, "Plan Width": 16, "Sort Key": ["revenue0.supplier_no"], "Plans": [{"Node Type": "Subquery Scan", "Parent Relationship": "Outer", "Alias": "revenue0", "Startup Cost": 1625862.71, "Total Cost": 1627198.76, "Plan Rows": 59380, "Plan Width": 16, "Plans": [{"Node Type": "Aggregate", "Strategy": "Hashed", "Parent Relationship": "Subquery", "Startup Cost": 1625862.71, "Total Cost": 1626604.96, "Plan Rows": 59380, "Plan Width": 24, "Group By Key": ["public.lineitem.l_suppkey"], "Filter": "(sum((public.lineitem.l_extendedprice * (1::double precision - public.lineitem.l_discount))) = $0), (LLVM Optimized)", "Plans": [{"Node Type": "Bitmap Heap Scan", "Parent Relationship": "Outer", "Relation Name": "lineitem", "Alias": "lineitem", "Startup Cost": 78544.19, "Total Cost": 1586191.59, "Plan Rows": 2266921, "Plan Width": 24, "Recheck Cond": "((l_shipdate >= '1997-07-01 00:00:00'::timestamp(0) without time zone) AND (l_shipdate < '1997-10-01 00:00:00'::timestamp without time zone)), (LLVM Optimized)", "Plans": [{"Node Type": "Bitmap Index Scan", "Parent Relationship": "Outer", "Index Name": "idx_lineitem_shipdate", "Startup Cost": 0.0, "Total Cost": 77977.46, "Plan Rows": 2266921, "Plan Width": 0, "Index Cond": "((l_shipdate >= '1997-07-01 00:00:00'::timestamp(0) without time zone) AND (l_shipdate < '1997-10-01 00:00:00'::timestamp without time zone))"}]}]}]}]}]}, "Unique SQL Id": 3712096918, "Planner Runtime": 0}, "explain_analyze_plan": {"Plan": {"Node Type": "Merge Join", "Join Type": "Inner", "Startup Cost": 3242103.77, "Total Cost": 3248579.02, "Plan Rows": 59380, "Plan Width": 83, "Actual Startup Time": 11651.8, "Actual Total Time": 11651.805, "Actual Rows": 1, "Actual Loops": 1, "Inner Unique": true, "Merge Cond": "(supplier.s_suppkey = revenue0.supplier_no)", "Plans": [{"Node Type": "Aggregate", "Strategy": "Plain", "Parent Relationship": "exec_init_plan", "Subplan Name": "InitPlan 1 (returns $0)", "Startup Cost": 1610196.85, "Total Cost": 1610196.86, "Plan Rows": 1, "Plan Width": 16, "Actual Startup Time": 6150.177, "Actual Total Time": 6150.177, "Actual Rows": 1, "Actual Loops": 1, "Plans": [{"Node Type": "Aggregate", "Strategy": "Hashed", "Parent Relationship": "Outer", "Startup Cost": 1608860.8, "Total Cost": 1609454.6, "Plan Rows": 59380, "Plan Width": 24, "Actual Startup Time": 6103.597, "Actual Total Time": 6135.186, "Actual Rows": 100000, "Actual Loops": 1, "Group By Key": ["public.lineitem.l_suppkey"], "Plans": [{"Node Type": "Bitmap Heap Scan", "Parent Relationship": "Outer", "Relation Name": "lineitem", "Alias": "lineitem", "Startup Cost": 78544.19, "Total Cost": 1586191.59, "Plan Rows": 2266921, "Plan Width": 24, "Actual Startup Time": 1421.45, "Actual Total Time": 4328.688, "Actual Rows": 2293944, "Actual Loops": 1, "Recheck Cond": "((l_shipdate >= '1997-07-01 00:00:00'::timestamp(0) without time zone) AND (l_shipdate < '1997-10-01 00:00:00'::timestamp without time zone)), (LLVM Optimized, Jit Execute)", "Rows Removed by Index Recheck": 0, "Exact Heap Blocks": 732487, "Lossy Heap Blocks": 732487, "Plans": [{"Node Type": "Bitmap Index Scan", "Parent Relationship": "Outer", "Index Name": "idx_lineitem_shipdate", "Startup Cost": 0.0, "Total Cost": 77977.46, "Plan Rows": 2266921, "Plan Width": 0, "Actual Startup Time": 1058.066, "Actual Total Time": 1058.066, "Actual Rows": 2293944, "Actual Loops": 1, "Index Cond": "((l_shipdate >= '1997-07-01 00:00:00'::timestamp(0) without time zone) AND (l_shipdate < '1997-10-01 00:00:00'::timestamp without time zone))"}]}]}]}, {"Node Type": "Index Scan", "Parent Relationship": "Outer", "Scan Direction": "Forward", "Index Name": "supplier_pkey", "Relation Name": "supplier", "Alias": "supplier", "Startup Cost": 0.0, "Total Cost": 5334.54, "Plan Rows": 100000, "Plan Width": 75, "Actual Startup Time": 0.04, "Actual Total Time": 25.601, "Actual Rows": 35977, "Actual Loops": 1}, {"Node Type": "Sort", "Parent Relationship": "Inner", "Startup Cost": 1631906.91, "Total Cost": 1632055.36, "Plan Rows": 59380, "Plan Width": 16, "Actual Startup Time": 11621.178, "Actual Total Time": 11621.178, "Actual Rows": 1, "Actual Loops": 1, "Sort Key": ["revenue0.supplier_no"], "Sort Method": "quicksort", "Sort Space Used": 25, "Sort Space Type": "Memory", "Plans": [{"Node Type": "Subquery Scan", "Parent Relationship": "Outer", "Alias": "revenue0", "Startup Cost": 1625862.71, "Total Cost": 1627198.76, "Plan Rows": 59380, "Plan Width": 16, "Actual Startup Time": 11595.263, "Actual Total Time": 11620.908, "Actual Rows": 1, "Actual Loops": 1, "Plans": [{"Node Type": "Aggregate", "Strategy": "Hashed", "Parent Relationship": "Subquery", "Startup Cost": 1625862.71, "Total Cost": 1626604.96, "Plan Rows": 59380, "Plan Width": 24, "Actual Startup Time": 11595.26, "Actual Total Time": 11620.903, "Actual Rows": 1, "Actual Loops": 1, "Group By Key": ["public.lineitem.l_suppkey"], "Filter": "(sum((public.lineitem.l_extendedprice * (1::double precision - public.lineitem.l_discount))) = $0), (LLVM Optimized, Jit Execute)", "Rows Removed by Filter": 99999, "Plans": [{"Node Type": "Bitmap Heap Scan", "Parent Relationship": "Outer", "Relation Name": "lineitem", "Alias": "lineitem", "Startup Cost": 78544.19, "Total Cost": 1586191.59, "Plan Rows": 2266921, "Plan Width": 24, "Actual Startup Time": 991.154, "Actual Total Time": 3631.209, "Actual Rows": 2293944, "Actual Loops": 1, "Recheck Cond": "((l_shipdate >= '1997-07-01 00:00:00'::timestamp(0) without time zone) AND (l_shipdate < '1997-10-01 00:00:00'::timestamp without time zone)), (LLVM Optimized, Jit Execute)", "Rows Removed by Index Recheck": 0, "Exact Heap Blocks": 732487, "Lossy Heap Blocks": 732487, "Plans": [{"Node Type": "Bitmap Index Scan", "Parent Relationship": "Outer", "Index Name": "idx_lineitem_shipdate", "Startup Cost": 0.0, "Total Cost": 77977.46, "Plan Rows": 2266921, "Plan Width": 0, "Actual Startup Time": 703.296, "Actual Total Time": 703.296, "Actual Rows": 2293944, "Actual Loops": 1, "Index Cond": "((l_shipdate >= '1997-07-01 00:00:00'::timestamp(0) without time zone) AND (l_shipdate < '1997-10-01 00:00:00'::timestamp without time zone))"}]}]}]}]}]}, "Triggers": [], "Planner Runtime": 0.687, "Total Runtime": 11665.077, "Unique SQL Id": 3712096918}}, "(1, '18')": {"explain_plan": {"Plan": {"Node Type": "Merge Join", "Join Type": "Inner", "Startup Cost": 3253691.59, "Total Cost": 3255082.29, "Plan Rows": 59380, "Plan Width": 83, "Inner Unique": true, "Merge Cond": "(supplier.s_suppkey = revenue0.supplier_no)", "Plans": [{"Node Type": "Aggregate", "Strategy": "Plain", "Parent Relationship": "exec_init_plan", "Subplan Name": "InitPlan 1 (returns $0)", "Startup Cost": 1610196.85, "Total Cost": 1610196.86, "Plan Rows": 1, "Plan Width": 16, "Plans": [{"Node Type": "Aggregate", "Strategy": "Hashed", "Parent Relationship": "Outer", "Startup Cost": 1608860.8, "Total Cost": 1609454.6, "Plan Rows": 59380, "Plan Width": 24, "Group By Key": ["public.lineitem.l_suppkey"], "Plans": [{"Node Type": "Bitmap Heap Scan", "Parent Relationship": "Outer", "Relation Name": "lineitem", "Alias": "lineitem", "Startup Cost": 78544.19, "Total Cost": 1586191.59, "Plan Rows": 2266921, "Plan Width": 24, "Recheck Cond": "((l_shipdate >= '1997-07-01 00:00:00'::timestamp(0) without time zone) AND (l_shipdate < '1997-10-01 00:00:00'::timestamp without time zone)), (LLVM Optimized)", "Plans": [{"Node Type": "Bitmap Index Scan", "Parent Relationship": "Outer", "Index Name": "idx_lineitem_shipdate", "Startup Cost": 0.0, "Total Cost": 77977.46, "Plan Rows": 2266921, "Plan Width": 0, "Index Cond": "((l_shipdate >= '1997-07-01 00:00:00'::timestamp(0) without time zone) AND (l_shipdate < '1997-10-01 00:00:00'::timestamp without time zone))"}]}]}]}, {"Node Type": "Sort", "Parent Relationship": "Outer", "Startup Cost": 11587.82, "Total Cost": 11837.82, "Plan Rows": 100000, "Plan Width": 75, "Sort Key": ["supplier.s_suppkey"], "Plans": [{"Node Type": "Seq Scan", "Parent Relationship": "Outer", "Relation Name": "supplier", "Alias": "supplier", "Startup Cost": 0.0, "Total Cost": 3283.0, "Plan Rows": 100000, "Plan Width": 75}]}, {"Node Type": "Sort", "Parent Relationship": "Inner", "Startup Cost": 1631906.91, "Total Cost": 1632055.36, "Plan Rows": 59380, "Plan Width": 16, "Sort Key": ["revenue0.supplier_no"], "Plans": [{"Node Type": "Subquery Scan", "Parent Relationship": "Outer", "Alias": "revenue0", "Startup Cost": 1625862.71, "Total Cost": 1627198.76, "Plan Rows": 59380, "Plan Width": 16, "Plans": [{"Node Type": "Aggregate", "Strategy": "Hashed", "Parent Relationship": "Subquery", "Startup Cost": 1625862.71, "Total Cost": 1626604.96, "Plan Rows": 59380, "Plan Width": 24, "Group By Key": ["public.lineitem.l_suppkey"], "Filter": "(sum((public.lineitem.l_extendedprice * (1::double precision - public.lineitem.l_discount))) = $0), (LLVM Optimized)", "Plans": [{"Node Type": "Bitmap Heap Scan", "Parent Relationship": "Outer", "Relation Name": "lineitem", "Alias": "lineitem", "Startup Cost": 78544.19, "Total Cost": 1586191.59, "Plan Rows": 2266921, "Plan Width": 24, "Recheck Cond": "((l_shipdate >= '1997-07-01 00:00:00'::timestamp(0) without time zone) AND (l_shipdate < '1997-10-01 00:00:00'::timestamp without time zone)), (LLVM Optimized)", "Plans": [{"Node Type": "Bitmap Index Scan", "Parent Relationship": "Outer", "Index Name": "idx_lineitem_shipdate", "Startup Cost": 0.0, "Total Cost": 77977.46, "Plan Rows": 2266921, "Plan Width": 0, "Index Cond": "((l_shipdate >= '1997-07-01 00:00:00'::timestamp(0) without time zone) AND (l_shipdate < '1997-10-01 00:00:00'::timestamp without time zone))"}]}]}]}]}]}, "Unique SQL Id": 3712096918, "Planner Runtime": 0}, "explain_analyze_plan": {"Plan": {"Node Type": "Merge Join", "Join Type": "Inner", "Startup Cost": 3253691.59, "Total Cost": 3255082.29, "Plan Rows": 59380, "Plan Width": 83, "Actual Startup Time": 11338.378, "Actual Total Time": 11338.62, "Actual Rows": 1, "Actual Loops": 1, "Inner Unique": true, "Merge Cond": "(supplier.s_suppkey = revenue0.supplier_no)", "Plans": [{"Node Type": "Aggregate", "Strategy": "Plain", "Parent Relationship": "exec_init_plan", "Subplan Name": "InitPlan 1 (returns $0)", "Startup Cost": 1610196.85, "Total Cost": 1610196.86, "Plan Rows": 1, "Plan Width": 16, "Actual Startup Time": 6057.509, "Actual Total Time": 6057.509, "Actual Rows": 1, "Actual Loops": 1, "Plans": [{"Node Type": "Aggregate", "Strategy": "Hashed", "Parent Relationship": "Outer", "Startup Cost": 1608860.8, "Total Cost": 1609454.6, "Plan Rows": 59380, "Plan Width": 24, "Actual Startup Time": 6010.008, "Actual Total Time": 6042.54, "Actual Rows": 100000, "Actual Loops": 1, "Group By Key": ["public.lineitem.l_suppkey"], "Plans": [{"Node Type": "Bitmap Heap Scan", "Parent Relationship": "Outer", "Relation Name": "lineitem", "Alias": "lineitem", "Startup Cost": 78544.19, "Total Cost": 1586191.59, "Plan Rows": 2266921, "Plan Width": 24, "Actual Startup Time": 985.116, "Actual Total Time": 4141.321, "Actual Rows": 2293944, "Actual Loops": 1, "Recheck Cond": "((l_shipdate >= '1997-07-01 00:00:00'::timestamp(0) without time zone) AND (l_shipdate < '1997-10-01 00:00:00'::timestamp without time zone)), (LLVM Optimized, Jit Execute)", "Rows Removed by Index Recheck": 0, "Exact Heap Blocks": 732487, "Lossy Heap Blocks": 732487, "Plans": [{"Node Type": "Bitmap Index Scan", "Parent Relationship": "Outer", "Index Name": "idx_lineitem_shipdate", "Startup Cost": 0.0, "Total Cost": 77977.46, "Plan Rows": 2266921, "Plan Width": 0, "Actual Startup Time": 698.685, "Actual Total Time": 698.685, "Actual Rows": 2293944, "Actual Loops": 1, "Index Cond": "((l_shipdate >= '1997-07-01 00:00:00'::timestamp(0) without time zone) AND (l_shipdate < '1997-10-01 00:00:00'::timestamp without time zone))"}]}]}]}, {"Node Type": "Sort", "Parent Relationship": "Outer", "Startup Cost": 11587.82, "Total Cost": 11837.82, "Plan Rows": 100000, "Plan Width": 75, "Actual Startup Time": 71.853, "Actual Total Time": 76.086, "Actual Rows": 35977, "Actual Loops": 1, "Sort Key": ["supplier.s_suppkey"], "Sort Method": "quicksort", "Sort Space Used": 18698, "Sort Space Type": "Memory", "Plans": [{"Node Type": "Seq Scan", "Parent Relationship": "Outer", "Relation Name": "supplier", "Alias": "supplier", "Startup Cost": 0.0, "Total Cost": 3283.0, "Plan Rows": 100000, "Plan Width": 75, "Actual Startup Time": 0.029, "Actual Total Time": 35.942, "Actual Rows": 100000, "Actual Loops": 1}]}, {"Node Type": "Sort", "Parent Relationship": "Inner", "Startup Cost": 1631906.91, "Total Cost": 1632055.36, "Plan Rows": 59380, "Plan Width": 16, "Actual Startup Time": 11257.357, "Actual Total Time": 11257.358, "Actual Rows": 1, "Actual Loops": 1, "Sort Key": ["revenue0.supplier_no"], "Sort Method": "quicksort", "Sort Space Used": 25, "Sort Space Type": "Memory", "Plans": [{"Node Type": "Subquery Scan", "Parent Relationship": "Outer", "Alias": "revenue0", "Startup Cost": 1625862.71, "Total Cost": 1627198.76, "Plan Rows": 59380, "Plan Width": 16, "Actual Startup Time": 11232.551, "Actual Total Time": 11257.099, "Actual Rows": 1, "Actual Loops": 1, "Plans": [{"Node Type": "Aggregate", "Strategy": "Hashed", "Parent Relationship": "Subquery", "Startup Cost": 1625862.71, "Total Cost": 1626604.96, "Plan Rows": 59380, "Plan Width": 24, "Actual Startup Time": 11232.548, "Actual Total Time": 11257.094, "Actual Rows": 1, "Actual Loops": 1, "Group By Key": ["public.lineitem.l_suppkey"], "Filter": "(sum((public.lineitem.l_extendedprice * (1::double precision - public.lineitem.l_discount))) = $0), (LLVM Optimized, Jit Execute)", "Rows Removed by Filter": 99999, "Plans": [{"Node Type": "Bitmap Heap Scan", "Parent Relationship": "Outer", "Relation Name": "lineitem", "Alias": "lineitem", "Startup Cost": 78544.19, "Total Cost": 1586191.59, "Plan Rows": 2266921, "Plan Width": 24, "Actual Startup Time": 1152.019, "Actual Total Time": 3563.729, "Actual Rows": 2293944, "Actual Loops": 1, "Recheck Cond": "((l_shipdate >= '1997-07-01 00:00:00'::timestamp(0) without time zone) AND (l_shipdate < '1997-10-01 00:00:00'::timestamp without time zone)), (LLVM Optimized, Jit Execute)", "Rows Removed by Index Recheck": 0, "Exact Heap Blocks": 732487, "Lossy Heap Blocks": 732487, "Plans": [{"Node Type": "Bitmap Index Scan", "Parent Relationship": "Outer", "Index Name": "idx_lineitem_shipdate", "Startup Cost": 0.0, "Total Cost": 77977.46, "Plan Rows": 2266921, "Plan Width": 0, "Actual Startup Time": 786.178, "Actual Total Time": 786.178, "Actual Rows": 2293944, "Actual Loops": 1, "Index Cond": "((l_shipdate >= '1997-07-01 00:00:00'::timestamp(0) without time zone) AND (l_shipdate < '1997-10-01 00:00:00'::timestamp without time zone))"}]}]}]}]}]}, "Triggers": [], "Planner Runtime": 1.086, "Total Runtime": 11352.046, "Unique SQL Id": 3712096918}}, "(1, '19')": {"explain_plan": {"Plan": {"Node Type": "Sort", "Startup Cost": 3497813.02, "Total Cost": 3497961.47, "Plan Rows": 59380, "Plan Width": 83, "Sort Key": ["supplier.s_suppkey"], "Plans": [{"Node Type": "Aggregate", "Strategy": "Plain", "Parent Relationship": "exec_init_plan", "Subplan Name": "InitPlan 1 (returns $0)", "Startup Cost": 1610196.85, "Total Cost": 1610196.86, "Plan Rows": 1, "Plan Width": 16, "Plans": [{"Node Type": "Aggregate", "Strategy": "Hashed", "Parent Relationship": "Outer", "Startup Cost": 1608860.8, "Total Cost": 1609454.6, "Plan Rows": 59380, "Plan Width": 24, "Group By Key": ["public.lineitem.l_suppkey"], "Plans": [{"Node Type": "Bitmap Heap Scan", "Parent Relationship": "Outer", "Relation Name": "lineitem", "Alias": "lineitem", "Startup Cost": 78544.19, "Total Cost": 1586191.59, "Plan Rows": 2266921, "Plan Width": 24, "Recheck Cond": "((l_shipdate >= '1997-07-01 00:00:00'::timestamp(0) without time zone) AND (l_shipdate < '1997-10-01 00:00:00'::timestamp without time zone)), (LLVM Optimized)", "Plans": [{"Node Type": "Bitmap Index Scan", "Parent Relationship": "Outer", "Index Name": "idx_lineitem_shipdate", "Startup Cost": 0.0, "Total Cost": 77977.46, "Plan Rows": 2266921, "Plan Width": 0, "Index Cond": "((l_shipdate >= '1997-07-01 00:00:00'::timestamp(0) without time zone) AND (l_shipdate < '1997-10-01 00:00:00'::timestamp without time zone))"}]}]}]}, {"Node Type": "Nested Loop", "Parent Relationship": "Outer", "Join Type": "Inner", "Startup Cost": 1625863.0, "Total Cost": 1882908.01, "Plan Rows": 59380, "Plan Width": 83, "Inner Unique": true, "Plans": [{"Node Type": "Aggregate", "Strategy": "Hashed", "Parent Relationship": "Outer", "Startup Cost": 1625862.71, "Total Cost": 1626604.96, "Plan Rows": 59380, "Plan Width": 24, "Group By Key": ["public.lineitem.l_suppkey"], "Filter": "(sum((public.lineitem.l_extendedprice * (1::double precision - public.lineitem.l_discount))) = $0), (LLVM Optimized)", "Plans": [{"Node Type": "Bitmap Heap Scan", "Parent Relationship": "Outer", "Relation Name": "lineitem", "Alias": "lineitem", "Startup Cost": 78544.19, "Total Cost": 1586191.59, "Plan Rows": 2266921, "Plan Width": 24, "Recheck Cond": "((l_shipdate >= '1997-07-01 00:00:00'::timestamp(0) without time zone) AND (l_shipdate < '1997-10-01 00:00:00'::timestamp without time zone)), (LLVM Optimized)", "Plans": [{"Node Type": "Bitmap Index Scan", "Parent Relationship": "Outer", "Index Name": "idx_lineitem_shipdate", "Startup Cost": 0.0, "Total Cost": 77977.46, "Plan Rows": 2266921, "Plan Width": 0, "Index Cond": "((l_shipdate >= '1997-07-01 00:00:00'::timestamp(0) without time zone) AND (l_shipdate < '1997-10-01 00:00:00'::timestamp without time zone))"}]}]}, {"Node Type": "Bitmap Heap Scan", "Parent Relationship": "Inner", "Relation Name": "supplier", "Alias": "supplier", "Startup Cost": 0.28, "Total Cost": 4.3, "Plan Rows": 1, "Plan Width": 75, "Recheck Cond": "(s_suppkey = public.lineitem.l_suppkey)", "Plans": [{"Node Type": "Bitmap Index Scan", "Parent Relationship": "Outer", "Index Name": "supplier_pkey", "Startup Cost": 0.0, "Total Cost": 0.28, "Plan Rows": 1, "Plan Width": 0, "Index Cond": "(s_suppkey = public.lineitem.l_suppkey)"}]}]}]}, "Unique SQL Id": 3712096918, "Planner Runtime": 0}, "explain_analyze_plan": {"Plan": {"Node Type": "Sort", "Startup Cost": 3497813.02, "Total Cost": 3497961.47, "Plan Rows": 59380, "Plan Width": 83, "Actual Startup Time": 11695.124, "Actual Total Time": 11695.125, "Actual Rows": 1, "Actual Loops": 1, "Sort Key": ["supplier.s_suppkey"], "Sort Method": "quicksort", "Sort Space Used": 25, "Sort Space Type": "Memory", "Plans": [{"Node Type": "Aggregate", "Strategy": "Plain", "Parent Relationship": "exec_init_plan", "Subplan Name": "InitPlan 1 (returns $0)", "Startup Cost": 1610196.85, "Total Cost": 1610196.86, "Plan Rows": 1, "Plan Width": 16, "Actual Startup Time": 5790.695, "Actual Total Time": 5790.695, "Actual Rows": 1, "Actual Loops": 1, "Plans": [{"Node Type": "Aggregate", "Strategy": "Hashed", "Parent Relationship": "Outer", "Startup Cost": 1608860.8, "Total Cost": 1609454.6, "Plan Rows": 59380, "Plan Width": 24, "Actual Startup Time": 5744.183, "Actual Total Time": 5775.7, "Actual Rows": 100000, "Actual Loops": 1, "Group By Key": ["public.lineitem.l_suppkey"], "Plans": [{"Node Type": "Bitmap Heap Scan", "Parent Relationship": "Outer", "Relation Name": "lineitem", "Alias": "lineitem", "Startup Cost": 78544.19, "Total Cost": 1586191.59, "Plan Rows": 2266921, "Plan Width": 24, "Actual Startup Time": 1410.62, "Actual Total Time": 4017.87, "Actual Rows": 2293944, "Actual Loops": 1, "Recheck Cond": "((l_shipdate >= '1997-07-01 00:00:00'::timestamp(0) without time zone) AND (l_shipdate < '1997-10-01 00:00:00'::timestamp without time zone)), (LLVM Optimized, Jit Execute)", "Rows Removed by Index Recheck": 0, "Exact Heap Blocks": 732487, "Lossy Heap Blocks": 732487, "Plans": [{"Node Type": "Bitmap Index Scan", "Parent Relationship": "Outer", "Index Name": "idx_lineitem_shipdate", "Startup Cost": 0.0, "Total Cost": 77977.46, "Plan Rows": 2266921, "Plan Width": 0, "Actual Startup Time": 1037.637, "Actual Total Time": 1037.637, "Actual Rows": 2293944, "Actual Loops": 1, "Index Cond": "((l_shipdate >= '1997-07-01 00:00:00'::timestamp(0) without time zone) AND (l_shipdate < '1997-10-01 00:00:00'::timestamp without time zone))"}]}]}]}, {"Node Type": "Nested Loop", "Parent Relationship": "Outer", "Join Type": "Inner", "Startup Cost": 1625863.0, "Total Cost": 1882908.01, "Plan Rows": 59380, "Plan Width": 83, "Actual Startup Time": 11669.86, "Actual Total Time": 11695.099, "Actual Rows": 1, "Actual Loops": 1, "Inner Unique": true, "Plans": [{"Node Type": "Aggregate", "Strategy": "Hashed", "Parent Relationship": "Outer", "Startup Cost": 1625862.71, "Total Cost": 1626604.96, "Plan Rows": 59380, "Plan Width": 24, "Actual Startup Time": 11669.792, "Actual Total Time": 11694.747, "Actual Rows": 1, "Actual Loops": 1, "Group By Key": ["public.lineitem.l_suppkey"], "Filter": "(sum((public.lineitem.l_extendedprice * (1::double precision - public.lineitem.l_discount))) = $0), (LLVM Optimized, Jit Execute)", "Rows Removed by Filter": 99999, "Plans": [{"Node Type": "Bitmap Heap Scan", "Parent Relationship": "Outer", "Relation Name": "lineitem", "Alias": "lineitem", "Startup Cost": 78544.19, "Total Cost": 1586191.59, "Plan Rows": 2266921, "Plan Width": 24, "Actual Startup Time": 1071.216, "Actual Total Time": 4099.156, "Actual Rows": 2293944, "Actual Loops": 1, "Recheck Cond": "((l_shipdate >= '1997-07-01 00:00:00'::timestamp(0) without time zone) AND (l_shipdate < '1997-10-01 00:00:00'::timestamp without time zone)), (LLVM Optimized, Jit Execute)", "Rows Removed by Index Recheck": 0, "Exact Heap Blocks": 732487, "Lossy Heap Blocks": 732487, "Plans": [{"Node Type": "Bitmap Index Scan", "Parent Relationship": "Outer", "Index Name": "idx_lineitem_shipdate", "Startup Cost": 0.0, "Total Cost": 77977.46, "Plan Rows": 2266921, "Plan Width": 0, "Actual Startup Time": 709.182, "Actual Total Time": 709.182, "Actual Rows": 2293944, "Actual Loops": 1, "Index Cond": "((l_shipdate >= '1997-07-01 00:00:00'::timestamp(0) without time zone) AND (l_shipdate < '1997-10-01 00:00:00'::timestamp without time zone))"}]}]}, {"Node Type": "Bitmap Heap Scan", "Parent Relationship": "Inner", "Relation Name": "supplier", "Alias": "supplier", "Startup Cost": 0.28, "Total Cost": 4.3, "Plan Rows": 1, "Plan Width": 75, "Actual Startup Time": 0.05, "Actual Total Time": 0.05, "Actual Rows": 1, "Actual Loops": 1, "Recheck Cond": "(s_suppkey = public.lineitem.l_suppkey)", "Rows Removed by Index Recheck": 0, "Exact Heap Blocks": 1, "Lossy Heap Blocks": 1, "Plans": [{"Node Type": "Bitmap Index Scan", "Parent Relationship": "Outer", "Index Name": "supplier_pkey", "Startup Cost": 0.0, "Total Cost": 0.28, "Plan Rows": 1, "Plan Width": 0, "Actual Startup Time": 0.026, "Actual Total Time": 0.026, "Actual Rows": 1, "Actual Loops": 1, "Index Cond": "(s_suppkey = public.lineitem.l_suppkey)"}]}]}]}, "Triggers": [], "Planner Runtime": 0.751, "Total Runtime": 11707.86, "Unique SQL Id": 3712096918}}, "(1, '20')": {"explain_plan": {"Plan": {"Node Type": "Merge Join", "Join Type": "Inner", "Startup Cost": 3242103.77, "Total Cost": 3248579.02, "Plan Rows": 59380, "Plan Width": 83, "Inner Unique": true, "Merge Cond": "(supplier.s_suppkey = revenue0.supplier_no)", "Plans": [{"Node Type": "Aggregate", "Strategy": "Plain", "Parent Relationship": "exec_init_plan", "Subplan Name": "InitPlan 1 (returns $0)", "Startup Cost": 1610196.85, "Total Cost": 1610196.86, "Plan Rows": 1, "Plan Width": 16, "Plans": [{"Node Type": "Aggregate", "Strategy": "Hashed", "Parent Relationship": "Outer", "Startup Cost": 1608860.8, "Total Cost": 1609454.6, "Plan Rows": 59380, "Plan Width": 24, "Group By Key": ["public.lineitem.l_suppkey"], "Plans": [{"Node Type": "Bitmap Heap Scan", "Parent Relationship": "Outer", "Relation Name": "lineitem", "Alias": "lineitem", "Startup Cost": 78544.19, "Total Cost": 1586191.59, "Plan Rows": 2266921, "Plan Width": 24, "Recheck Cond": "((l_shipdate >= '1997-07-01 00:00:00'::timestamp(0) without time zone) AND (l_shipdate < '1997-10-01 00:00:00'::timestamp without time zone)), (LLVM Optimized)", "Plans": [{"Node Type": "Bitmap Index Scan", "Parent Relationship": "Outer", "Index Name": "idx_lineitem_shipdate", "Startup Cost": 0.0, "Total Cost": 77977.46, "Plan Rows": 2266921, "Plan Width": 0, "Index Cond": "((l_shipdate >= '1997-07-01 00:00:00'::timestamp(0) without time zone) AND (l_shipdate < '1997-10-01 00:00:00'::timestamp without time zone))"}]}]}]}, {"Node Type": "Index Scan", "Parent Relationship": "Outer", "Scan Direction": "Forward", "Index Name": "supplier_pkey", "Relation Name": "supplier", "Alias": "supplier", "Startup Cost": 0.0, "Total Cost": 5334.54, "Plan Rows": 100000, "Plan Width": 75}, {"Node Type": "Sort", "Parent Relationship": "Inner", "Startup Cost": 1631906.91, "Total Cost": 1632055.36, "Plan Rows": 59380, "Plan Width": 16, "Sort Key": ["revenue0.supplier_no"], "Plans": [{"Node Type": "Subquery Scan", "Parent Relationship": "Outer", "Alias": "revenue0", "Startup Cost": 1625862.71, "Total Cost": 1627198.76, "Plan Rows": 59380, "Plan Width": 16, "Plans": [{"Node Type": "Aggregate", "Strategy": "Hashed", "Parent Relationship": "Subquery", "Startup Cost": 1625862.71, "Total Cost": 1626604.96, "Plan Rows": 59380, "Plan Width": 24, "Group By Key": ["public.lineitem.l_suppkey"], "Filter": "(sum((public.lineitem.l_extendedprice * (1::double precision - public.lineitem.l_discount))) = $0), (LLVM Optimized)", "Plans": [{"Node Type": "Bitmap Heap Scan", "Parent Relationship": "Outer", "Relation Name": "lineitem", "Alias": "lineitem", "Startup Cost": 78544.19, "Total Cost": 1586191.59, "Plan Rows": 2266921, "Plan Width": 24, "Recheck Cond": "((l_shipdate >= '1997-07-01 00:00:00'::timestamp(0) without time zone) AND (l_shipdate < '1997-10-01 00:00:00'::timestamp without time zone)), (LLVM Optimized)", "Plans": [{"Node Type": "Bitmap Index Scan", "Parent Relationship": "Outer", "Index Name": "idx_lineitem_shipdate", "Startup Cost": 0.0, "Total Cost": 77977.46, "Plan Rows": 2266921, "Plan Width": 0, "Index Cond": "((l_shipdate >= '1997-07-01 00:00:00'::timestamp(0) without time zone) AND (l_shipdate < '1997-10-01 00:00:00'::timestamp without time zone))"}]}]}]}]}]}, "Unique SQL Id": 3712096918, "Planner Runtime": 0}, "explain_analyze_plan": {"Plan": {"Node Type": "Merge Join", "Join Type": "Inner", "Startup Cost": 3242103.77, "Total Cost": 3248579.02, "Plan Rows": 59380, "Plan Width": 83, "Actual Startup Time": 11651.8, "Actual Total Time": 11651.805, "Actual Rows": 1, "Actual Loops": 1, "Inner Unique": true, "Merge Cond": "(supplier.s_suppkey = revenue0.supplier_no)", "Plans": [{"Node Type": "Aggregate", "Strategy": "Plain", "Parent Relationship": "exec_init_plan", "Subplan Name": "InitPlan 1 (returns $0)", "Startup Cost": 1610196.85, "Total Cost": 1610196.86, "Plan Rows": 1, "Plan Width": 16, "Actual Startup Time": 6150.177, "Actual Total Time": 6150.177, "Actual Rows": 1, "Actual Loops": 1, "Plans": [{"Node Type": "Aggregate", "Strategy": "Hashed", "Parent Relationship": "Outer", "Startup Cost": 1608860.8, "Total Cost": 1609454.6, "Plan Rows": 59380, "Plan Width": 24, "Actual Startup Time": 6103.597, "Actual Total Time": 6135.186, "Actual Rows": 100000, "Actual Loops": 1, "Group By Key": ["public.lineitem.l_suppkey"], "Plans": [{"Node Type": "Bitmap Heap Scan", "Parent Relationship": "Outer", "Relation Name": "lineitem", "Alias": "lineitem", "Startup Cost": 78544.19, "Total Cost": 1586191.59, "Plan Rows": 2266921, "Plan Width": 24, "Actual Startup Time": 1421.45, "Actual Total Time": 4328.688, "Actual Rows": 2293944, "Actual Loops": 1, "Recheck Cond": "((l_shipdate >= '1997-07-01 00:00:00'::timestamp(0) without time zone) AND (l_shipdate < '1997-10-01 00:00:00'::timestamp without time zone)), (LLVM Optimized, Jit Execute)", "Rows Removed by Index Recheck": 0, "Exact Heap Blocks": 732487, "Lossy Heap Blocks": 732487, "Plans": [{"Node Type": "Bitmap Index Scan", "Parent Relationship": "Outer", "Index Name": "idx_lineitem_shipdate", "Startup Cost": 0.0, "Total Cost": 77977.46, "Plan Rows": 2266921, "Plan Width": 0, "Actual Startup Time": 1058.066, "Actual Total Time": 1058.066, "Actual Rows": 2293944, "Actual Loops": 1, "Index Cond": "((l_shipdate >= '1997-07-01 00:00:00'::timestamp(0) without time zone) AND (l_shipdate < '1997-10-01 00:00:00'::timestamp without time zone))"}]}]}]}, {"Node Type": "Index Scan", "Parent Relationship": "Outer", "Scan Direction": "Forward", "Index Name": "supplier_pkey", "Relation Name": "supplier", "Alias": "supplier", "Startup Cost": 0.0, "Total Cost": 5334.54, "Plan Rows": 100000, "Plan Width": 75, "Actual Startup Time": 0.04, "Actual Total Time": 25.601, "Actual Rows": 35977, "Actual Loops": 1}, {"Node Type": "Sort", "Parent Relationship": "Inner", "Startup Cost": 1631906.91, "Total Cost": 1632055.36, "Plan Rows": 59380, "Plan Width": 16, "Actual Startup Time": 11621.178, "Actual Total Time": 11621.178, "Actual Rows": 1, "Actual Loops": 1, "Sort Key": ["revenue0.supplier_no"], "Sort Method": "quicksort", "Sort Space Used": 25, "Sort Space Type": "Memory", "Plans": [{"Node Type": "Subquery Scan", "Parent Relationship": "Outer", "Alias": "revenue0", "Startup Cost": 1625862.71, "Total Cost": 1627198.76, "Plan Rows": 59380, "Plan Width": 16, "Actual Startup Time": 11595.263, "Actual Total Time": 11620.908, "Actual Rows": 1, "Actual Loops": 1, "Plans": [{"Node Type": "Aggregate", "Strategy": "Hashed", "Parent Relationship": "Subquery", "Startup Cost": 1625862.71, "Total Cost": 1626604.96, "Plan Rows": 59380, "Plan Width": 24, "Actual Startup Time": 11595.26, "Actual Total Time": 11620.903, "Actual Rows": 1, "Actual Loops": 1, "Group By Key": ["public.lineitem.l_suppkey"], "Filter": "(sum((public.lineitem.l_extendedprice * (1::double precision - public.lineitem.l_discount))) = $0), (LLVM Optimized, Jit Execute)", "Rows Removed by Filter": 99999, "Plans": [{"Node Type": "Bitmap Heap Scan", "Parent Relationship": "Outer", "Relation Name": "lineitem", "Alias": "lineitem", "Startup Cost": 78544.19, "Total Cost": 1586191.59, "Plan Rows": 2266921, "Plan Width": 24, "Actual Startup Time": 991.154, "Actual Total Time": 3631.209, "Actual Rows": 2293944, "Actual Loops": 1, "Recheck Cond": "((l_shipdate >= '1997-07-01 00:00:00'::timestamp(0) without time zone) AND (l_shipdate < '1997-10-01 00:00:00'::timestamp without time zone)), (LLVM Optimized, Jit Execute)", "Rows Removed by Index Recheck": 0, "Exact Heap Blocks": 732487, "Lossy Heap Blocks": 732487, "Plans": [{"Node Type": "Bitmap Index Scan", "Parent Relationship": "Outer", "Index Name": "idx_lineitem_shipdate", "Startup Cost": 0.0, "Total Cost": 77977.46, "Plan Rows": 2266921, "Plan Width": 0, "Actual Startup Time": 703.296, "Actual Total Time": 703.296, "Actual Rows": 2293944, "Actual Loops": 1, "Index Cond": "((l_shipdate >= '1997-07-01 00:00:00'::timestamp(0) without time zone) AND (l_shipdate < '1997-10-01 00:00:00'::timestamp without time zone))"}]}]}]}]}]}, "Triggers": [], "Planner Runtime": 0.687, "Total Runtime": 11665.077, "Unique SQL Id": 3712096918}}, "(1, '21')": {"explain_plan": {"Plan": {"Node Type": "Merge Join", "Join Type": "Inner", "Startup Cost": 3242103.77, "Total Cost": 3248579.02, "Plan Rows": 59380, "Plan Width": 83, "Inner Unique": true, "Merge Cond": "(supplier.s_suppkey = revenue0.supplier_no)", "Plans": [{"Node Type": "Aggregate", "Strategy": "Plain", "Parent Relationship": "exec_init_plan", "Subplan Name": "InitPlan 1 (returns $0)", "Startup Cost": 1610196.85, "Total Cost": 1610196.86, "Plan Rows": 1, "Plan Width": 16, "Plans": [{"Node Type": "Aggregate", "Strategy": "Hashed", "Parent Relationship": "Outer", "Startup Cost": 1608860.8, "Total Cost": 1609454.6, "Plan Rows": 59380, "Plan Width": 24, "Group By Key": ["public.lineitem.l_suppkey"], "Plans": [{"Node Type": "Bitmap Heap Scan", "Parent Relationship": "Outer", "Relation Name": "lineitem", "Alias": "lineitem", "Startup Cost": 78544.19, "Total Cost": 1586191.59, "Plan Rows": 2266921, "Plan Width": 24, "Recheck Cond": "((l_shipdate >= '1997-07-01 00:00:00'::timestamp(0) without time zone) AND (l_shipdate < '1997-10-01 00:00:00'::timestamp without time zone)), (LLVM Optimized)", "Plans": [{"Node Type": "Bitmap Index Scan", "Parent Relationship": "Outer", "Index Name": "idx_lineitem_shipdate", "Startup Cost": 0.0, "Total Cost": 77977.46, "Plan Rows": 2266921, "Plan Width": 0, "Index Cond": "((l_shipdate >= '1997-07-01 00:00:00'::timestamp(0) without time zone) AND (l_shipdate < '1997-10-01 00:00:00'::timestamp without time zone))"}]}]}]}, {"Node Type": "Index Scan", "Parent Relationship": "Outer", "Scan Direction": "Forward", "Index Name": "supplier_pkey", "Relation Name": "supplier", "Alias": "supplier", "Startup Cost": 0.0, "Total Cost": 5334.54, "Plan Rows": 100000, "Plan Width": 75}, {"Node Type": "Sort", "Parent Relationship": "Inner", "Startup Cost": 1631906.91, "Total Cost": 1632055.36, "Plan Rows": 59380, "Plan Width": 16, "Sort Key": ["revenue0.supplier_no"], "Plans": [{"Node Type": "Subquery Scan", "Parent Relationship": "Outer", "Alias": "revenue0", "Startup Cost": 1625862.71, "Total Cost": 1627198.76, "Plan Rows": 59380, "Plan Width": 16, "Plans": [{"Node Type": "Aggregate", "Strategy": "Hashed", "Parent Relationship": "Subquery", "Startup Cost": 1625862.71, "Total Cost": 1626604.96, "Plan Rows": 59380, "Plan Width": 24, "Group By Key": ["public.lineitem.l_suppkey"], "Filter": "(sum((public.lineitem.l_extendedprice * (1::double precision - public.lineitem.l_discount))) = $0), (LLVM Optimized)", "Plans": [{"Node Type": "Bitmap Heap Scan", "Parent Relationship": "Outer", "Relation Name": "lineitem", "Alias": "lineitem", "Startup Cost": 78544.19, "Total Cost": 1586191.59, "Plan Rows": 2266921, "Plan Width": 24, "Recheck Cond": "((l_shipdate >= '1997-07-01 00:00:00'::timestamp(0) without time zone) AND (l_shipdate < '1997-10-01 00:00:00'::timestamp without time zone)), (LLVM Optimized)", "Plans": [{"Node Type": "Bitmap Index Scan", "Parent Relationship": "Outer", "Index Name": "idx_lineitem_shipdate", "Startup Cost": 0.0, "Total Cost": 77977.46, "Plan Rows": 2266921, "Plan Width": 0, "Index Cond": "((l_shipdate >= '1997-07-01 00:00:00'::timestamp(0) without time zone) AND (l_shipdate < '1997-10-01 00:00:00'::timestamp without time zone))"}]}]}]}]}]}, "Unique SQL Id": 3712096918, "Planner Runtime": 0}, "explain_analyze_plan": {"Plan": {"Node Type": "Merge Join", "Join Type": "Inner", "Startup Cost": 3242103.77, "Total Cost": 3248579.02, "Plan Rows": 59380, "Plan Width": 83, "Actual Startup Time": 11651.8, "Actual Total Time": 11651.805, "Actual Rows": 1, "Actual Loops": 1, "Inner Unique": true, "Merge Cond": "(supplier.s_suppkey = revenue0.supplier_no)", "Plans": [{"Node Type": "Aggregate", "Strategy": "Plain", "Parent Relationship": "exec_init_plan", "Subplan Name": "InitPlan 1 (returns $0)", "Startup Cost": 1610196.85, "Total Cost": 1610196.86, "Plan Rows": 1, "Plan Width": 16, "Actual Startup Time": 6150.177, "Actual Total Time": 6150.177, "Actual Rows": 1, "Actual Loops": 1, "Plans": [{"Node Type": "Aggregate", "Strategy": "Hashed", "Parent Relationship": "Outer", "Startup Cost": 1608860.8, "Total Cost": 1609454.6, "Plan Rows": 59380, "Plan Width": 24, "Actual Startup Time": 6103.597, "Actual Total Time": 6135.186, "Actual Rows": 100000, "Actual Loops": 1, "Group By Key": ["public.lineitem.l_suppkey"], "Plans": [{"Node Type": "Bitmap Heap Scan", "Parent Relationship": "Outer", "Relation Name": "lineitem", "Alias": "lineitem", "Startup Cost": 78544.19, "Total Cost": 1586191.59, "Plan Rows": 2266921, "Plan Width": 24, "Actual Startup Time": 1421.45, "Actual Total Time": 4328.688, "Actual Rows": 2293944, "Actual Loops": 1, "Recheck Cond": "((l_shipdate >= '1997-07-01 00:00:00'::timestamp(0) without time zone) AND (l_shipdate < '1997-10-01 00:00:00'::timestamp without time zone)), (LLVM Optimized, Jit Execute)", "Rows Removed by Index Recheck": 0, "Exact Heap Blocks": 732487, "Lossy Heap Blocks": 732487, "Plans": [{"Node Type": "Bitmap Index Scan", "Parent Relationship": "Outer", "Index Name": "idx_lineitem_shipdate", "Startup Cost": 0.0, "Total Cost": 77977.46, "Plan Rows": 2266921, "Plan Width": 0, "Actual Startup Time": 1058.066, "Actual Total Time": 1058.066, "Actual Rows": 2293944, "Actual Loops": 1, "Index Cond": "((l_shipdate >= '1997-07-01 00:00:00'::timestamp(0) without time zone) AND (l_shipdate < '1997-10-01 00:00:00'::timestamp without time zone))"}]}]}]}, {"Node Type": "Index Scan", "Parent Relationship": "Outer", "Scan Direction": "Forward", "Index Name": "supplier_pkey", "Relation Name": "supplier", "Alias": "supplier", "Startup Cost": 0.0, "Total Cost": 5334.54, "Plan Rows": 100000, "Plan Width": 75, "Actual Startup Time": 0.04, "Actual Total Time": 25.601, "Actual Rows": 35977, "Actual Loops": 1}, {"Node Type": "Sort", "Parent Relationship": "Inner", "Startup Cost": 1631906.91, "Total Cost": 1632055.36, "Plan Rows": 59380, "Plan Width": 16, "Actual Startup Time": 11621.178, "Actual Total Time": 11621.178, "Actual Rows": 1, "Actual Loops": 1, "Sort Key": ["revenue0.supplier_no"], "Sort Method": "quicksort", "Sort Space Used": 25, "Sort Space Type": "Memory", "Plans": [{"Node Type": "Subquery Scan", "Parent Relationship": "Outer", "Alias": "revenue0", "Startup Cost": 1625862.71, "Total Cost": 1627198.76, "Plan Rows": 59380, "Plan Width": 16, "Actual Startup Time": 11595.263, "Actual Total Time": 11620.908, "Actual Rows": 1, "Actual Loops": 1, "Plans": [{"Node Type": "Aggregate", "Strategy": "Hashed", "Parent Relationship": "Subquery", "Startup Cost": 1625862.71, "Total Cost": 1626604.96, "Plan Rows": 59380, "Plan Width": 24, "Actual Startup Time": 11595.26, "Actual Total Time": 11620.903, "Actual Rows": 1, "Actual Loops": 1, "Group By Key": ["public.lineitem.l_suppkey"], "Filter": "(sum((public.lineitem.l_extendedprice * (1::double precision - public.lineitem.l_discount))) = $0), (LLVM Optimized, Jit Execute)", "Rows Removed by Filter": 99999, "Plans": [{"Node Type": "Bitmap Heap Scan", "Parent Relationship": "Outer", "Relation Name": "lineitem", "Alias": "lineitem", "Startup Cost": 78544.19, "Total Cost": 1586191.59, "Plan Rows": 2266921, "Plan Width": 24, "Actual Startup Time": 991.154, "Actual Total Time": 3631.209, "Actual Rows": 2293944, "Actual Loops": 1, "Recheck Cond": "((l_shipdate >= '1997-07-01 00:00:00'::timestamp(0) without time zone) AND (l_shipdate < '1997-10-01 00:00:00'::timestamp without time zone)), (LLVM Optimized, Jit Execute)", "Rows Removed by Index Recheck": 0, "Exact Heap Blocks": 732487, "Lossy Heap Blocks": 732487, "Plans": [{"Node Type": "Bitmap Index Scan", "Parent Relationship": "Outer", "Index Name": "idx_lineitem_shipdate", "Startup Cost": 0.0, "Total Cost": 77977.46, "Plan Rows": 2266921, "Plan Width": 0, "Actual Startup Time": 703.296, "Actual Total Time": 703.296, "Actual Rows": 2293944, "Actual Loops": 1, "Index Cond": "((l_shipdate >= '1997-07-01 00:00:00'::timestamp(0) without time zone) AND (l_shipdate < '1997-10-01 00:00:00'::timestamp without time zone))"}]}]}]}]}]}, "Triggers": [], "Planner Runtime": 0.687, "Total Runtime": 11665.077, "Unique SQL Id": 3712096918}}, "(1, '22')": {"explain_plan": {"Plan": {"Node Type": "Merge Join", "Join Type": "Inner", "Startup Cost": 3253691.59, "Total Cost": 3255082.29, "Plan Rows": 59380, "Plan Width": 83, "Inner Unique": true, "Merge Cond": "(supplier.s_suppkey = revenue0.supplier_no)", "Plans": [{"Node Type": "Aggregate", "Strategy": "Plain", "Parent Relationship": "exec_init_plan", "Subplan Name": "InitPlan 1 (returns $0)", "Startup Cost": 1610196.85, "Total Cost": 1610196.86, "Plan Rows": 1, "Plan Width": 16, "Plans": [{"Node Type": "Aggregate", "Strategy": "Hashed", "Parent Relationship": "Outer", "Startup Cost": 1608860.8, "Total Cost": 1609454.6, "Plan Rows": 59380, "Plan Width": 24, "Group By Key": ["public.lineitem.l_suppkey"], "Plans": [{"Node Type": "Bitmap Heap Scan", "Parent Relationship": "Outer", "Relation Name": "lineitem", "Alias": "lineitem", "Startup Cost": 78544.19, "Total Cost": 1586191.59, "Plan Rows": 2266921, "Plan Width": 24, "Recheck Cond": "((l_shipdate >= '1997-07-01 00:00:00'::timestamp(0) without time zone) AND (l_shipdate < '1997-10-01 00:00:00'::timestamp without time zone)), (LLVM Optimized)", "Plans": [{"Node Type": "Bitmap Index Scan", "Parent Relationship": "Outer", "Index Name": "idx_lineitem_shipdate", "Startup Cost": 0.0, "Total Cost": 77977.46, "Plan Rows": 2266921, "Plan Width": 0, "Index Cond": "((l_shipdate >= '1997-07-01 00:00:00'::timestamp(0) without time zone) AND (l_shipdate < '1997-10-01 00:00:00'::timestamp without time zone))"}]}]}]}, {"Node Type": "Sort", "Parent Relationship": "Outer", "Startup Cost": 11587.82, "Total Cost": 11837.82, "Plan Rows": 100000, "Plan Width": 75, "Sort Key": ["supplier.s_suppkey"], "Plans": [{"Node Type": "Seq Scan", "Parent Relationship": "Outer", "Relation Name": "supplier", "Alias": "supplier", "Startup Cost": 0.0, "Total Cost": 3283.0, "Plan Rows": 100000, "Plan Width": 75}]}, {"Node Type": "Sort", "Parent Relationship": "Inner", "Startup Cost": 1631906.91, "Total Cost": 1632055.36, "Plan Rows": 59380, "Plan Width": 16, "Sort Key": ["revenue0.supplier_no"], "Plans": [{"Node Type": "Subquery Scan", "Parent Relationship": "Outer", "Alias": "revenue0", "Startup Cost": 1625862.71, "Total Cost": 1627198.76, "Plan Rows": 59380, "Plan Width": 16, "Plans": [{"Node Type": "Aggregate", "Strategy": "Hashed", "Parent Relationship": "Subquery", "Startup Cost": 1625862.71, "Total Cost": 1626604.96, "Plan Rows": 59380, "Plan Width": 24, "Group By Key": ["public.lineitem.l_suppkey"], "Filter": "(sum((public.lineitem.l_extendedprice * (1::double precision - public.lineitem.l_discount))) = $0), (LLVM Optimized)", "Plans": [{"Node Type": "Bitmap Heap Scan", "Parent Relationship": "Outer", "Relation Name": "lineitem", "Alias": "lineitem", "Startup Cost": 78544.19, "Total Cost": 1586191.59, "Plan Rows": 2266921, "Plan Width": 24, "Recheck Cond": "((l_shipdate >= '1997-07-01 00:00:00'::timestamp(0) without time zone) AND (l_shipdate < '1997-10-01 00:00:00'::timestamp without time zone)), (LLVM Optimized)", "Plans": [{"Node Type": "Bitmap Index Scan", "Parent Relationship": "Outer", "Index Name": "idx_lineitem_shipdate", "Startup Cost": 0.0, "Total Cost": 77977.46, "Plan Rows": 2266921, "Plan Width": 0, "Index Cond": "((l_shipdate >= '1997-07-01 00:00:00'::timestamp(0) without time zone) AND (l_shipdate < '1997-10-01 00:00:00'::timestamp without time zone))"}]}]}]}]}]}, "Unique SQL Id": 3712096918, "Planner Runtime": 0}, "explain_analyze_plan": {"Plan": {"Node Type": "Merge Join", "Join Type": "Inner", "Startup Cost": 3253691.59, "Total Cost": 3255082.29, "Plan Rows": 59380, "Plan Width": 83, "Actual Startup Time": 11338.378, "Actual Total Time": 11338.62, "Actual Rows": 1, "Actual Loops": 1, "Inner Unique": true, "Merge Cond": "(supplier.s_suppkey = revenue0.supplier_no)", "Plans": [{"Node Type": "Aggregate", "Strategy": "Plain", "Parent Relationship": "exec_init_plan", "Subplan Name": "InitPlan 1 (returns $0)", "Startup Cost": 1610196.85, "Total Cost": 1610196.86, "Plan Rows": 1, "Plan Width": 16, "Actual Startup Time": 6057.509, "Actual Total Time": 6057.509, "Actual Rows": 1, "Actual Loops": 1, "Plans": [{"Node Type": "Aggregate", "Strategy": "Hashed", "Parent Relationship": "Outer", "Startup Cost": 1608860.8, "Total Cost": 1609454.6, "Plan Rows": 59380, "Plan Width": 24, "Actual Startup Time": 6010.008, "Actual Total Time": 6042.54, "Actual Rows": 100000, "Actual Loops": 1, "Group By Key": ["public.lineitem.l_suppkey"], "Plans": [{"Node Type": "Bitmap Heap Scan", "Parent Relationship": "Outer", "Relation Name": "lineitem", "Alias": "lineitem", "Startup Cost": 78544.19, "Total Cost": 1586191.59, "Plan Rows": 2266921, "Plan Width": 24, "Actual Startup Time": 985.116, "Actual Total Time": 4141.321, "Actual Rows": 2293944, "Actual Loops": 1, "Recheck Cond": "((l_shipdate >= '1997-07-01 00:00:00'::timestamp(0) without time zone) AND (l_shipdate < '1997-10-01 00:00:00'::timestamp without time zone)), (LLVM Optimized, Jit Execute)", "Rows Removed by Index Recheck": 0, "Exact Heap Blocks": 732487, "Lossy Heap Blocks": 732487, "Plans": [{"Node Type": "Bitmap Index Scan", "Parent Relationship": "Outer", "Index Name": "idx_lineitem_shipdate", "Startup Cost": 0.0, "Total Cost": 77977.46, "Plan Rows": 2266921, "Plan Width": 0, "Actual Startup Time": 698.685, "Actual Total Time": 698.685, "Actual Rows": 2293944, "Actual Loops": 1, "Index Cond": "((l_shipdate >= '1997-07-01 00:00:00'::timestamp(0) without time zone) AND (l_shipdate < '1997-10-01 00:00:00'::timestamp without time zone))"}]}]}]}, {"Node Type": "Sort", "Parent Relationship": "Outer", "Startup Cost": 11587.82, "Total Cost": 11837.82, "Plan Rows": 100000, "Plan Width": 75, "Actual Startup Time": 71.853, "Actual Total Time": 76.086, "Actual Rows": 35977, "Actual Loops": 1, "Sort Key": ["supplier.s_suppkey"], "Sort Method": "quicksort", "Sort Space Used": 18698, "Sort Space Type": "Memory", "Plans": [{"Node Type": "Seq Scan", "Parent Relationship": "Outer", "Relation Name": "supplier", "Alias": "supplier", "Startup Cost": 0.0, "Total Cost": 3283.0, "Plan Rows": 100000, "Plan Width": 75, "Actual Startup Time": 0.029, "Actual Total Time": 35.942, "Actual Rows": 100000, "Actual Loops": 1}]}, {"Node Type": "Sort", "Parent Relationship": "Inner", "Startup Cost": 1631906.91, "Total Cost": 1632055.36, "Plan Rows": 59380, "Plan Width": 16, "Actual Startup Time": 11257.357, "Actual Total Time": 11257.358, "Actual Rows": 1, "Actual Loops": 1, "Sort Key": ["revenue0.supplier_no"], "Sort Method": "quicksort", "Sort Space Used": 25, "Sort Space Type": "Memory", "Plans": [{"Node Type": "Subquery Scan", "Parent Relationship": "Outer", "Alias": "revenue0", "Startup Cost": 1625862.71, "Total Cost": 1627198.76, "Plan Rows": 59380, "Plan Width": 16, "Actual Startup Time": 11232.551, "Actual Total Time": 11257.099, "Actual Rows": 1, "Actual Loops": 1, "Plans": [{"Node Type": "Aggregate", "Strategy": "Hashed", "Parent Relationship": "Subquery", "Startup Cost": 1625862.71, "Total Cost": 1626604.96, "Plan Rows": 59380, "Plan Width": 24, "Actual Startup Time": 11232.548, "Actual Total Time": 11257.094, "Actual Rows": 1, "Actual Loops": 1, "Group By Key": ["public.lineitem.l_suppkey"], "Filter": "(sum((public.lineitem.l_extendedprice * (1::double precision - public.lineitem.l_discount))) = $0), (LLVM Optimized, Jit Execute)", "Rows Removed by Filter": 99999, "Plans": [{"Node Type": "Bitmap Heap Scan", "Parent Relationship": "Outer", "Relation Name": "lineitem", "Alias": "lineitem", "Startup Cost": 78544.19, "Total Cost": 1586191.59, "Plan Rows": 2266921, "Plan Width": 24, "Actual Startup Time": 1152.019, "Actual Total Time": 3563.729, "Actual Rows": 2293944, "Actual Loops": 1, "Recheck Cond": "((l_shipdate >= '1997-07-01 00:00:00'::timestamp(0) without time zone) AND (l_shipdate < '1997-10-01 00:00:00'::timestamp without time zone)), (LLVM Optimized, Jit Execute)", "Rows Removed by Index Recheck": 0, "Exact Heap Blocks": 732487, "Lossy Heap Blocks": 732487, "Plans": [{"Node Type": "Bitmap Index Scan", "Parent Relationship": "Outer", "Index Name": "idx_lineitem_shipdate", "Startup Cost": 0.0, "Total Cost": 77977.46, "Plan Rows": 2266921, "Plan Width": 0, "Actual Startup Time": 786.178, "Actual Total Time": 786.178, "Actual Rows": 2293944, "Actual Loops": 1, "Index Cond": "((l_shipdate >= '1997-07-01 00:00:00'::timestamp(0) without time zone) AND (l_shipdate < '1997-10-01 00:00:00'::timestamp without time zone))"}]}]}]}]}]}, "Triggers": [], "Planner Runtime": 1.086, "Total Runtime": 11352.046, "Unique SQL Id": 3712096918}}, "(1, '23')": {"explain_plan": {"Plan": {"Node Type": "Sort", "Startup Cost": 3497813.02, "Total Cost": 3497961.47, "Plan Rows": 59380, "Plan Width": 83, "Sort Key": ["supplier.s_suppkey"], "Plans": [{"Node Type": "Aggregate", "Strategy": "Plain", "Parent Relationship": "exec_init_plan", "Subplan Name": "InitPlan 1 (returns $0)", "Startup Cost": 1610196.85, "Total Cost": 1610196.86, "Plan Rows": 1, "Plan Width": 16, "Plans": [{"Node Type": "Aggregate", "Strategy": "Hashed", "Parent Relationship": "Outer", "Startup Cost": 1608860.8, "Total Cost": 1609454.6, "Plan Rows": 59380, "Plan Width": 24, "Group By Key": ["public.lineitem.l_suppkey"], "Plans": [{"Node Type": "Bitmap Heap Scan", "Parent Relationship": "Outer", "Relation Name": "lineitem", "Alias": "lineitem", "Startup Cost": 78544.19, "Total Cost": 1586191.59, "Plan Rows": 2266921, "Plan Width": 24, "Recheck Cond": "((l_shipdate >= '1997-07-01 00:00:00'::timestamp(0) without time zone) AND (l_shipdate < '1997-10-01 00:00:00'::timestamp without time zone)), (LLVM Optimized)", "Plans": [{"Node Type": "Bitmap Index Scan", "Parent Relationship": "Outer", "Index Name": "idx_lineitem_shipdate", "Startup Cost": 0.0, "Total Cost": 77977.46, "Plan Rows": 2266921, "Plan Width": 0, "Index Cond": "((l_shipdate >= '1997-07-01 00:00:00'::timestamp(0) without time zone) AND (l_shipdate < '1997-10-01 00:00:00'::timestamp without time zone))"}]}]}]}, {"Node Type": "Nested Loop", "Parent Relationship": "Outer", "Join Type": "Inner", "Startup Cost": 1625863.0, "Total Cost": 1882908.01, "Plan Rows": 59380, "Plan Width": 83, "Inner Unique": true, "Plans": [{"Node Type": "Aggregate", "Strategy": "Hashed", "Parent Relationship": "Outer", "Startup Cost": 1625862.71, "Total Cost": 1626604.96, "Plan Rows": 59380, "Plan Width": 24, "Group By Key": ["public.lineitem.l_suppkey"], "Filter": "(sum((public.lineitem.l_extendedprice * (1::double precision - public.lineitem.l_discount))) = $0), (LLVM Optimized)", "Plans": [{"Node Type": "Bitmap Heap Scan", "Parent Relationship": "Outer", "Relation Name": "lineitem", "Alias": "lineitem", "Startup Cost": 78544.19, "Total Cost": 1586191.59, "Plan Rows": 2266921, "Plan Width": 24, "Recheck Cond": "((l_shipdate >= '1997-07-01 00:00:00'::timestamp(0) without time zone) AND (l_shipdate < '1997-10-01 00:00:00'::timestamp without time zone)), (LLVM Optimized)", "Plans": [{"Node Type": "Bitmap Index Scan", "Parent Relationship": "Outer", "Index Name": "idx_lineitem_shipdate", "Startup Cost": 0.0, "Total Cost": 77977.46, "Plan Rows": 2266921, "Plan Width": 0, "Index Cond": "((l_shipdate >= '1997-07-01 00:00:00'::timestamp(0) without time zone) AND (l_shipdate < '1997-10-01 00:00:00'::timestamp without time zone))"}]}]}, {"Node Type": "Bitmap Heap Scan", "Parent Relationship": "Inner", "Relation Name": "supplier", "Alias": "supplier", "Startup Cost": 0.28, "Total Cost": 4.3, "Plan Rows": 1, "Plan Width": 75, "Recheck Cond": "(s_suppkey = public.lineitem.l_suppkey)", "Plans": [{"Node Type": "Bitmap Index Scan", "Parent Relationship": "Outer", "Index Name": "supplier_pkey", "Startup Cost": 0.0, "Total Cost": 0.28, "Plan Rows": 1, "Plan Width": 0, "Index Cond": "(s_suppkey = public.lineitem.l_suppkey)"}]}]}]}, "Unique SQL Id": 3712096918, "Planner Runtime": 0}, "explain_analyze_plan": {"Plan": {"Node Type": "Sort", "Startup Cost": 3497813.02, "Total Cost": 3497961.47, "Plan Rows": 59380, "Plan Width": 83, "Actual Startup Time": 11695.124, "Actual Total Time": 11695.125, "Actual Rows": 1, "Actual Loops": 1, "Sort Key": ["supplier.s_suppkey"], "Sort Method": "quicksort", "Sort Space Used": 25, "Sort Space Type": "Memory", "Plans": [{"Node Type": "Aggregate", "Strategy": "Plain", "Parent Relationship": "exec_init_plan", "Subplan Name": "InitPlan 1 (returns $0)", "Startup Cost": 1610196.85, "Total Cost": 1610196.86, "Plan Rows": 1, "Plan Width": 16, "Actual Startup Time": 5790.695, "Actual Total Time": 5790.695, "Actual Rows": 1, "Actual Loops": 1, "Plans": [{"Node Type": "Aggregate", "Strategy": "Hashed", "Parent Relationship": "Outer", "Startup Cost": 1608860.8, "Total Cost": 1609454.6, "Plan Rows": 59380, "Plan Width": 24, "Actual Startup Time": 5744.183, "Actual Total Time": 5775.7, "Actual Rows": 100000, "Actual Loops": 1, "Group By Key": ["public.lineitem.l_suppkey"], "Plans": [{"Node Type": "Bitmap Heap Scan", "Parent Relationship": "Outer", "Relation Name": "lineitem", "Alias": "lineitem", "Startup Cost": 78544.19, "Total Cost": 1586191.59, "Plan Rows": 2266921, "Plan Width": 24, "Actual Startup Time": 1410.62, "Actual Total Time": 4017.87, "Actual Rows": 2293944, "Actual Loops": 1, "Recheck Cond": "((l_shipdate >= '1997-07-01 00:00:00'::timestamp(0) without time zone) AND (l_shipdate < '1997-10-01 00:00:00'::timestamp without time zone)), (LLVM Optimized, Jit Execute)", "Rows Removed by Index Recheck": 0, "Exact Heap Blocks": 732487, "Lossy Heap Blocks": 732487, "Plans": [{"Node Type": "Bitmap Index Scan", "Parent Relationship": "Outer", "Index Name": "idx_lineitem_shipdate", "Startup Cost": 0.0, "Total Cost": 77977.46, "Plan Rows": 2266921, "Plan Width": 0, "Actual Startup Time": 1037.637, "Actual Total Time": 1037.637, "Actual Rows": 2293944, "Actual Loops": 1, "Index Cond": "((l_shipdate >= '1997-07-01 00:00:00'::timestamp(0) without time zone) AND (l_shipdate < '1997-10-01 00:00:00'::timestamp without time zone))"}]}]}]}, {"Node Type": "Nested Loop", "Parent Relationship": "Outer", "Join Type": "Inner", "Startup Cost": 1625863.0, "Total Cost": 1882908.01, "Plan Rows": 59380, "Plan Width": 83, "Actual Startup Time": 11669.86, "Actual Total Time": 11695.099, "Actual Rows": 1, "Actual Loops": 1, "Inner Unique": true, "Plans": [{"Node Type": "Aggregate", "Strategy": "Hashed", "Parent Relationship": "Outer", "Startup Cost": 1625862.71, "Total Cost": 1626604.96, "Plan Rows": 59380, "Plan Width": 24, "Actual Startup Time": 11669.792, "Actual Total Time": 11694.747, "Actual Rows": 1, "Actual Loops": 1, "Group By Key": ["public.lineitem.l_suppkey"], "Filter": "(sum((public.lineitem.l_extendedprice * (1::double precision - public.lineitem.l_discount))) = $0), (LLVM Optimized, Jit Execute)", "Rows Removed by Filter": 99999, "Plans": [{"Node Type": "Bitmap Heap Scan", "Parent Relationship": "Outer", "Relation Name": "lineitem", "Alias": "lineitem", "Startup Cost": 78544.19, "Total Cost": 1586191.59, "Plan Rows": 2266921, "Plan Width": 24, "Actual Startup Time": 1071.216, "Actual Total Time": 4099.156, "Actual Rows": 2293944, "Actual Loops": 1, "Recheck Cond": "((l_shipdate >= '1997-07-01 00:00:00'::timestamp(0) without time zone) AND (l_shipdate < '1997-10-01 00:00:00'::timestamp without time zone)), (LLVM Optimized, Jit Execute)", "Rows Removed by Index Recheck": 0, "Exact Heap Blocks": 732487, "Lossy Heap Blocks": 732487, "Plans": [{"Node Type": "Bitmap Index Scan", "Parent Relationship": "Outer", "Index Name": "idx_lineitem_shipdate", "Startup Cost": 0.0, "Total Cost": 77977.46, "Plan Rows": 2266921, "Plan Width": 0, "Actual Startup Time": 709.182, "Actual Total Time": 709.182, "Actual Rows": 2293944, "Actual Loops": 1, "Index Cond": "((l_shipdate >= '1997-07-01 00:00:00'::timestamp(0) without time zone) AND (l_shipdate < '1997-10-01 00:00:00'::timestamp without time zone))"}]}]}, {"Node Type": "Bitmap Heap Scan", "Parent Relationship": "Inner", "Relation Name": "supplier", "Alias": "supplier", "Startup Cost": 0.28, "Total Cost": 4.3, "Plan Rows": 1, "Plan Width": 75, "Actual Startup Time": 0.05, "Actual Total Time": 0.05, "Actual Rows": 1, "Actual Loops": 1, "Recheck Cond": "(s_suppkey = public.lineitem.l_suppkey)", "Rows Removed by Index Recheck": 0, "Exact Heap Blocks": 1, "Lossy Heap Blocks": 1, "Plans": [{"Node Type": "Bitmap Index Scan", "Parent Relationship": "Outer", "Index Name": "supplier_pkey", "Startup Cost": 0.0, "Total Cost": 0.28, "Plan Rows": 1, "Plan Width": 0, "Actual Startup Time": 0.026, "Actual Total Time": 0.026, "Actual Rows": 1, "Actual Loops": 1, "Index Cond": "(s_suppkey = public.lineitem.l_suppkey)"}]}]}]}, "Triggers": [], "Planner Runtime": 0.751, "Total Runtime": 11707.86, "Unique SQL Id": 3712096918}}, "(1, '24')": {"explain_plan": {"Plan": {"Node Type": "Merge Join", "Join Type": "Inner", "Startup Cost": 4699821.58, "Total Cost": 4706296.82, "Plan Rows": 59380, "Plan Width": 83, "Inner Unique": true, "Merge Cond": "(supplier.s_suppkey = revenue0.supplier_no)", "Plans": [{"Node Type": "Aggregate", "Strategy": "Plain", "Parent Relationship": "exec_init_plan", "Subplan Name": "InitPlan 1 (returns $0)", "Startup Cost": 2339055.76, "Total Cost": 2339055.77, "Plan Rows": 1, "Plan Width": 16, "Plans": [{"Node Type": "Aggregate", "Strategy": "Hashed", "Parent Relationship": "Outer", "Startup Cost": 2337719.71, "Total Cost": 2338313.51, "Plan Rows": 59380, "Plan Width": 24, "Group By Key": ["public.lineitem.l_suppkey"], "Plans": [{"Node Type": "Seq Scan", "Parent Relationship": "Outer", "Relation Name": "lineitem", "Alias": "lineitem", "Startup Cost": 25.33, "Total Cost": 2315050.5, "Plan Rows": 2266921, "Plan Width": 24, "Filter": "((l_shipdate >= '1997-07-01 00:00:00'::timestamp(0) without time zone) AND (l_shipdate < '1997-10-01 00:00:00'::timestamp without time zone)), (LLVM Optimized)"}]}]}, {"Node Type": "Index Scan", "Parent Relationship": "Outer", "Scan Direction": "Forward", "Index Name": "supplier_pkey", "Relation Name": "supplier", "Alias": "supplier", "Startup Cost": 0.0, "Total Cost": 5334.54, "Plan Rows": 100000, "Plan Width": 75}, {"Node Type": "Sort", "Parent Relationship": "Inner", "Startup Cost": 2360765.81, "Total Cost": 2360914.26, "Plan Rows": 59380, "Plan Width": 16, "Sort Key": ["revenue0.supplier_no"], "Plans": [{"Node Type": "Subquery Scan", "Parent Relationship": "Outer", "Alias": "revenue0", "Startup Cost": 2354721.61, "Total Cost": 2356057.66, "Plan Rows": 59380, "Plan Width": 16, "Plans": [{"Node Type": "Aggregate", "Strategy": "Hashed", "Parent Relationship": "Subquery", "Startup Cost": 2354721.61, "Total Cost": 2355463.86, "Plan Rows": 59380, "Plan Width": 24, "Group By Key": ["public.lineitem.l_suppkey"], "Filter": "(sum((public.lineitem.l_extendedprice * (1::double precision - public.lineitem.l_discount))) = $0), (LLVM Optimized)", "Plans": [{"Node Type": "Seq Scan", "Parent Relationship": "Outer", "Relation Name": "lineitem", "Alias": "lineitem", "Startup Cost": 25.33, "Total Cost": 2315050.5, "Plan Rows": 2266921, "Plan Width": 24, "Filter": "((l_shipdate >= '1997-07-01 00:00:00'::timestamp(0) without time zone) AND (l_shipdate < '1997-10-01 00:00:00'::timestamp without time zone)), (LLVM Optimized)"}]}]}]}]}, "Unique SQL Id": 3712096918, "Planner Runtime": 0}, "explain_analyze_plan": null}, "(1, '25')": {"explain_plan": {"Plan": {"Node Type": "Merge Join", "Join Type": "Inner", "Startup Cost": 10341221.9, "Total Cost": 10347697.14, "Plan Rows": 59380, "Plan Width": 83, "Inner Unique": true, "Merge Cond": "(supplier.s_suppkey = revenue0.supplier_no)", "Plans": [{"Node Type": "Aggregate", "Strategy": "Plain", "Parent Relationship": "exec_init_plan", "Subplan Name": "InitPlan 1 (returns $0)", "Startup Cost": 5159755.92, "Total Cost": 5159755.93, "Plan Rows": 1, "Plan Width": 16, "Plans": [{"Node Type": "Aggregate", "Strategy": "Hashed", "Parent Relationship": "Outer", "Startup Cost": 5158419.87, "Total Cost": 5159013.67, "Plan Rows": 59380, "Plan Width": 24, "Group By Key": ["public.lineitem.l_suppkey"], "Plans": [{"Node Type": "Index Scan", "Parent Relationship": "Outer", "Scan Direction": "Forward", "Index Name": "idx_lineitem_shipdate", "Relation Name": "lineitem", "Alias": "lineitem", "Startup Cost": 0.0, "Total Cost": 5135750.66, "Plan Rows": 2266921, "Plan Width": 24, "Index Cond": "((l_shipdate >= '1997-07-01 00:00:00'::timestamp(0) without time zone) AND (l_shipdate < '1997-10-01 00:00:00'::timestamp without time zone)), (LLVM Optimized)"}]}]}, {"Node Type": "Index Scan", "Parent Relationship": "Outer", "Scan Direction": "Forward", "Index Name": "supplier_pkey", "Relation Name": "supplier", "Alias": "supplier", "Startup Cost": 0.0, "Total Cost": 5334.54, "Plan Rows": 100000, "Plan Width": 75}, {"Node Type": "Sort", "Parent Relationship": "Inner", "Startup Cost": 5181465.97, "Total Cost": 5181614.42, "Plan Rows": 59380, "Plan Width": 16, "Sort Key": ["revenue0.supplier_no"], "Plans": [{"Node Type": "Subquery Scan", "Parent Relationship": "Outer", "Alias": "revenue0", "Startup Cost": 5175421.77, "Total Cost": 5176757.82, "Plan Rows": 59380, "Plan Width": 16, "Plans": [{"Node Type": "Aggregate", "Strategy": "Hashed", "Parent Relationship": "Subquery", "Startup Cost": 5175421.77, "Total Cost": 5176164.02, "Plan Rows": 59380, "Plan Width": 24, "Group By Key": ["public.lineitem.l_suppkey"], "Filter": "(sum((public.lineitem.l_extendedprice * (1::double precision - public.lineitem.l_discount))) = $0), (LLVM Optimized)", "Plans": [{"Node Type": "Index Scan", "Parent Relationship": "Outer", "Scan Direction": "Forward", "Index Name": "idx_lineitem_shipdate", "Relation Name": "lineitem", "Alias": "lineitem", "Startup Cost": 0.0, "Total Cost": 5135750.66, "Plan Rows": 2266921, "Plan Width": 24, "Index Cond": "((l_shipdate >= '1997-07-01 00:00:00'::timestamp(0) without time zone) AND (l_shipdate < '1997-10-01 00:00:00'::timestamp without time zone)), (LLVM Optimized)"}]}]}]}]}, "Unique SQL Id": 3712096918, "Planner Runtime": 0}, "explain_analyze_plan": {"Plan": {"Node Type": "Merge Join", "Join Type": "Inner", "Startup Cost": 10341221.9, "Total Cost": 10347697.14, "Plan Rows": 59380, "Plan Width": 83, "Actual Startup Time": 14684.402, "Actual Total Time": 14684.412, "Actual Rows": 1, "Actual Loops": 1, "Inner Unique": true, "Merge Cond": "(supplier.s_suppkey = revenue0.supplier_no)", "Plans": [{"Node Type": "Aggregate", "Strategy": "Plain", "Parent Relationship": "exec_init_plan", "Subplan Name": "InitPlan 1 (returns $0)", "Startup Cost": 5159755.92, "Total Cost": 5159755.93, "Plan Rows": 1, "Plan Width": 16, "Actual Startup Time": 6680.146, "Actual Total Time": 6680.147, "Actual Rows": 1, "Actual Loops": 1, "Plans": [{"Node Type": "Aggregate", "Strategy": "Hashed", "Parent Relationship": "Outer", "Startup Cost": 5158419.87, "Total Cost": 5159013.67, "Plan Rows": 59380, "Plan Width": 24, "Actual Startup Time": 6635.199, "Actual Total Time": 6665.066, "Actual Rows": 100000, "Actual Loops": 1, "Group By Key": ["public.lineitem.l_suppkey"], "Plans": [{"Node Type": "Index Scan", "Parent Relationship": "Outer", "Scan Direction": "Forward", "Index Name": "idx_lineitem_shipdate", "Relation Name": "lineitem", "Alias": "lineitem", "Startup Cost": 0.0, "Total Cost": 5135750.66, "Plan Rows": 2266921, "Plan Width": 24, "Actual Startup Time": 0.056, "Actual Total Time": 4877.828, "Actual Rows": 2293944, "Actual Loops": 1, "Index Cond": "((l_shipdate >= '1997-07-01 00:00:00'::timestamp(0) without time zone) AND (l_shipdate < '1997-10-01 00:00:00'::timestamp without time zone)), (LLVM Optimized, Jit Execute)", "Rows Removed by Index Recheck": 0}]}]}, {"Node Type": "Index Scan", "Parent Relationship": "Outer", "Scan Direction": "Forward", "Index Name": "supplier_pkey", "Relation Name": "supplier", "Alias": "supplier", "Startup Cost": 0.0, "Total Cost": 5334.54, "Plan Rows": 100000, "Plan Width": 75, "Actual Startup Time": 0.047, "Actual Total Time": 19.2, "Actual Rows": 35977, "Actual Loops": 1}, {"Node Type": "Sort", "Parent Relationship": "Inner", "Startup Cost": 5181465.97, "Total Cost": 5181614.42, "Plan Rows": 59380, "Plan Width": 16, "Actual Startup Time": 14660.259, "Actual Total Time": 14660.259, "Actual Rows": 1, "Actual Loops": 1, "Sort Key": ["revenue0.supplier_no"], "Sort Method": "quicksort", "Sort Space Used": 25, "Sort Space Type": "Memory", "Plans": [{"Node Type": "Subquery Scan", "Parent Relationship": "Outer", "Alias": "revenue0", "Startup Cost": 5175421.77, "Total Cost": 5176757.82, "Plan Rows": 59380, "Plan Width": 16, "Actual Startup Time": 14641.397, "Actual Total Time": 14660.029, "Actual Rows": 1, "Actual Loops": 1, "Plans": [{"Node Type": "Aggregate", "Strategy": "Hashed", "Parent Relationship": "Subquery", "Startup Cost": 5175421.77, "Total Cost": 5176164.02, "Plan Rows": 59380, "Plan Width": 24, "Actual Startup Time": 14641.396, "Actual Total Time": 14660.025, "Actual Rows": 1, "Actual Loops": 1, "Group By Key": ["public.lineitem.l_suppkey"], "Filter": "(sum((public.lineitem.l_extendedprice * (1::double precision - public.lineitem.l_discount))) = $0), (LLVM Optimized, Jit Execute)", "Rows Removed by Filter": 99999, "Plans": [{"Node Type": "Index Scan", "Parent Relationship": "Outer", "Scan Direction": "Forward", "Index Name": "idx_lineitem_shipdate", "Relation Name": "lineitem", "Alias": "lineitem", "Startup Cost": 0.0, "Total Cost": 5135750.66, "Plan Rows": 2266921, "Plan Width": 24, "Actual Startup Time": 0.05, "Actual Total Time": 5838.306, "Actual Rows": 2293944, "Actual Loops": 1, "Index Cond": "((l_shipdate >= '1997-07-01 00:00:00'::timestamp(0) without time zone) AND (l_shipdate < '1997-10-01 00:00:00'::timestamp without time zone)), (LLVM Optimized, Jit Execute)", "Rows Removed by Index Recheck": 0}]}]}]}]}, "Triggers": [], "Planner Runtime": 0.683, "Total Runtime": 14695.703, "Unique SQL Id": 3712096918}}, "(1, '26')": {"explain_plan": {"Plan": {"Node Type": "Merge Join", "Join Type": "Inner", "Startup Cost": 4711409.4, "Total Cost": 4712800.1, "Plan Rows": 59380, "Plan Width": 83, "Inner Unique": true, "Merge Cond": "(supplier.s_suppkey = revenue0.supplier_no)", "Plans": [{"Node Type": "Aggregate", "Strategy": "Plain", "Parent Relationship": "exec_init_plan", "Subplan Name": "InitPlan 1 (returns $0)", "Startup Cost": 2339055.76, "Total Cost": 2339055.77, "Plan Rows": 1, "Plan Width": 16, "Plans": [{"Node Type": "Aggregate", "Strategy": "Hashed", "Parent Relationship": "Outer", "Startup Cost": 2337719.71, "Total Cost": 2338313.51, "Plan Rows": 59380, "Plan Width": 24, "Group By Key": ["public.lineitem.l_suppkey"], "Plans": [{"Node Type": "Seq Scan", "Parent Relationship": "Outer", "Relation Name": "lineitem", "Alias": "lineitem", "Startup Cost": 25.33, "Total Cost": 2315050.5, "Plan Rows": 2266921, "Plan Width": 24, "Filter": "((l_shipdate >= '1997-07-01 00:00:00'::timestamp(0) without time zone) AND (l_shipdate < '1997-10-01 00:00:00'::timestamp without time zone)), (LLVM Optimized)"}]}]}, {"Node Type": "Sort", "Parent Relationship": "Outer", "Startup Cost": 11587.82, "Total Cost": 11837.82, "Plan Rows": 100000, "Plan Width": 75, "Sort Key": ["supplier.s_suppkey"], "Plans": [{"Node Type": "Seq Scan", "Parent Relationship": "Outer", "Relation Name": "supplier", "Alias": "supplier", "Startup Cost": 0.0, "Total Cost": 3283.0, "Plan Rows": 100000, "Plan Width": 75}]}, {"Node Type": "Sort", "Parent Relationship": "Inner", "Startup Cost": 2360765.81, "Total Cost": 2360914.26, "Plan Rows": 59380, "Plan Width": 16, "Sort Key": ["revenue0.supplier_no"], "Plans": [{"Node Type": "Subquery Scan", "Parent Relationship": "Outer", "Alias": "revenue0", "Startup Cost": 2354721.61, "Total Cost": 2356057.66, "Plan Rows": 59380, "Plan Width": 16, "Plans": [{"Node Type": "Aggregate", "Strategy": "Hashed", "Parent Relationship": "Subquery", "Startup Cost": 2354721.61, "Total Cost": 2355463.86, "Plan Rows": 59380, "Plan Width": 24, "Group By Key": ["public.lineitem.l_suppkey"], "Filter": "(sum((public.lineitem.l_extendedprice * (1::double precision - public.lineitem.l_discount))) = $0), (LLVM Optimized)", "Plans": [{"Node Type": "Seq Scan", "Parent Relationship": "Outer", "Relation Name": "lineitem", "Alias": "lineitem", "Startup Cost": 25.33, "Total Cost": 2315050.5, "Plan Rows": 2266921, "Plan Width": 24, "Filter": "((l_shipdate >= '1997-07-01 00:00:00'::timestamp(0) without time zone) AND (l_shipdate < '1997-10-01 00:00:00'::timestamp without time zone)), (LLVM Optimized)"}]}]}]}]}, "Unique SQL Id": 3712096918, "Planner Runtime": 0}, "explain_analyze_plan": null}, "(1, '27')": {"explain_plan": {"Plan": {"Node Type": "Merge Join", "Join Type": "Inner", "Startup Cost": 2010463079819.59, "Total Cost": 3000463614414.67, "Plan Rows": 59380, "Plan Width": 83, "Inner Unique": true, "Merge Cond": "(supplier.s_suppkey = revenue0.supplier_no)", "Plans": [{"Node Type": "Aggregate", "Strategy": "Plain", "Parent Relationship": "exec_init_plan", "Subplan Name": "InitPlan 1 (returns $0)", "Startup Cost": 1000231529054.76, "Total Cost": 1000231529054.77, "Plan Rows": 1, "Plan Width": 16, "Plans": [{"Node Type": "Aggregate", "Strategy": "Hashed", "Parent Relationship": "Outer", "Startup Cost": 1000231527718.71, "Total Cost": 1000231528312.51, "Plan Rows": 59380, "Plan Width": 24, "Group By Key": ["public.lineitem.l_suppkey"], "Plans": [{"Node Type": "Seq Scan", "Parent Relationship": "Outer", "Relation Name": "lineitem", "Alias": "lineitem", "Startup Cost": 10000000025.02, "Total Cost": 1000231505049.5, "Plan Rows": 2266921, "Plan Width": 24, "Filter": "((l_shipdate >= '1997-07-01 00:00:00'::timestamp(0) without time zone) AND (l_shipdate < '1997-10-01 00:00:00'::timestamp without time zone)), (LLVM Optimized)"}]}]}, {"Node Type": "Index Scan", "Parent Relationship": "Outer", "Scan Direction": "Forward", "Index Name": "supplier_pkey", "Relation Name": "supplier", "Alias": "supplier", "Startup Cost": 10000000000.0, "Total Cost": 1000000533454.38, "Plan Rows": 100000, "Plan Width": 75}, {"Node Type": "Sort", "Parent Relationship": "Inner", "Startup Cost": 1000231550764.82, "Total Cost": 1000231550913.27, "Plan Rows": 59380, "Plan Width": 16, "Sort Key": ["revenue0.supplier_no"], "Plans": [{"Node Type": "Subquery Scan", "Parent Relationship": "Outer", "Alias": "revenue0", "Startup Cost": 1000231544720.62, "Total Cost": 1000231546056.67, "Plan Rows": 59380, "Plan Width": 16, "Plans": [{"Node Type": "Aggregate", "Strategy": "Hashed", "Parent Relationship": "Subquery", "Startup Cost": 1000231544720.62, "Total Cost": 1000231545462.87, "Plan Rows": 59380, "Plan Width": 24, "Group By Key": ["public.lineitem.l_suppkey"], "Filter": "(sum((public.lineitem.l_extendedprice * (1::double precision - public.lineitem.l_discount))) = $0), (LLVM Optimized)", "Plans": [{"Node Type": "Seq Scan", "Parent Relationship": "Outer", "Relation Name": "lineitem", "Alias": "lineitem", "Startup Cost": 10000000025.02, "Total Cost": 1000231505049.5, "Plan Rows": 2266921, "Plan Width": 24, "Filter": "((l_shipdate >= '1997-07-01 00:00:00'::timestamp(0) without time zone) AND (l_shipdate < '1997-10-01 00:00:00'::timestamp without time zone)), (LLVM Optimized)"}]}]}]}]}, "Unique SQL Id": 3712096918, "Planner Runtime": 0}, "explain_analyze_plan": null}, "(1, '28')": {"explain_plan": {"Plan": {"Node Type": "Merge Join", "Join Type": "Inner", "Startup Cost": 4699821.58, "Total Cost": 4706296.82, "Plan Rows": 59380, "Plan Width": 83, "Inner Unique": true, "Merge Cond": "(supplier.s_suppkey = revenue0.supplier_no)", "Plans": [{"Node Type": "Aggregate", "Strategy": "Plain", "Parent Relationship": "exec_init_plan", "Subplan Name": "InitPlan 1 (returns $0)", "Startup Cost": 2339055.76, "Total Cost": 2339055.77, "Plan Rows": 1, "Plan Width": 16, "Plans": [{"Node Type": "Aggregate", "Strategy": "Hashed", "Parent Relationship": "Outer", "Startup Cost": 2337719.71, "Total Cost": 2338313.51, "Plan Rows": 59380, "Plan Width": 24, "Group By Key": ["public.lineitem.l_suppkey"], "Plans": [{"Node Type": "Seq Scan", "Parent Relationship": "Outer", "Relation Name": "lineitem", "Alias": "lineitem", "Startup Cost": 25.33, "Total Cost": 2315050.5, "Plan Rows": 2266921, "Plan Width": 24, "Filter": "((l_shipdate >= '1997-07-01 00:00:00'::timestamp(0) without time zone) AND (l_shipdate < '1997-10-01 00:00:00'::timestamp without time zone)), (LLVM Optimized)"}]}]}, {"Node Type": "Index Scan", "Parent Relationship": "Outer", "Scan Direction": "Forward", "Index Name": "supplier_pkey", "Relation Name": "supplier", "Alias": "supplier", "Startup Cost": 0.0, "Total Cost": 5334.54, "Plan Rows": 100000, "Plan Width": 75}, {"Node Type": "Sort", "Parent Relationship": "Inner", "Startup Cost": 2360765.81, "Total Cost": 2360914.26, "Plan Rows": 59380, "Plan Width": 16, "Sort Key": ["revenue0.supplier_no"], "Plans": [{"Node Type": "Subquery Scan", "Parent Relationship": "Outer", "Alias": "revenue0", "Startup Cost": 2354721.61, "Total Cost": 2356057.66, "Plan Rows": 59380, "Plan Width": 16, "Plans": [{"Node Type": "Aggregate", "Strategy": "Hashed", "Parent Relationship": "Subquery", "Startup Cost": 2354721.61, "Total Cost": 2355463.86, "Plan Rows": 59380, "Plan Width": 24, "Group By Key": ["public.lineitem.l_suppkey"], "Filter": "(sum((public.lineitem.l_extendedprice * (1::double precision - public.lineitem.l_discount))) = $0), (LLVM Optimized)", "Plans": [{"Node Type": "Seq Scan", "Parent Relationship": "Outer", "Relation Name": "lineitem", "Alias": "lineitem", "Startup Cost": 25.33, "Total Cost": 2315050.5, "Plan Rows": 2266921, "Plan Width": 24, "Filter": "((l_shipdate >= '1997-07-01 00:00:00'::timestamp(0) without time zone) AND (l_shipdate < '1997-10-01 00:00:00'::timestamp without time zone)), (LLVM Optimized)"}]}]}]}]}, "Unique SQL Id": 3712096918, "Planner Runtime": 0}, "explain_analyze_plan": null}, "(1, '29')": {"explain_plan": {"Plan": {"Node Type": "Merge Join", "Join Type": "Inner", "Startup Cost": 10341221.9, "Total Cost": 10347697.14, "Plan Rows": 59380, "Plan Width": 83, "Inner Unique": true, "Merge Cond": "(supplier.s_suppkey = revenue0.supplier_no)", "Plans": [{"Node Type": "Aggregate", "Strategy": "Plain", "Parent Relationship": "exec_init_plan", "Subplan Name": "InitPlan 1 (returns $0)", "Startup Cost": 5159755.92, "Total Cost": 5159755.93, "Plan Rows": 1, "Plan Width": 16, "Plans": [{"Node Type": "Aggregate", "Strategy": "Hashed", "Parent Relationship": "Outer", "Startup Cost": 5158419.87, "Total Cost": 5159013.67, "Plan Rows": 59380, "Plan Width": 24, "Group By Key": ["public.lineitem.l_suppkey"], "Plans": [{"Node Type": "Index Scan", "Parent Relationship": "Outer", "Scan Direction": "Forward", "Index Name": "idx_lineitem_shipdate", "Relation Name": "lineitem", "Alias": "lineitem", "Startup Cost": 0.0, "Total Cost": 5135750.66, "Plan Rows": 2266921, "Plan Width": 24, "Index Cond": "((l_shipdate >= '1997-07-01 00:00:00'::timestamp(0) without time zone) AND (l_shipdate < '1997-10-01 00:00:00'::timestamp without time zone)), (LLVM Optimized)"}]}]}, {"Node Type": "Index Scan", "Parent Relationship": "Outer", "Scan Direction": "Forward", "Index Name": "supplier_pkey", "Relation Name": "supplier", "Alias": "supplier", "Startup Cost": 0.0, "Total Cost": 5334.54, "Plan Rows": 100000, "Plan Width": 75}, {"Node Type": "Sort", "Parent Relationship": "Inner", "Startup Cost": 5181465.97, "Total Cost": 5181614.42, "Plan Rows": 59380, "Plan Width": 16, "Sort Key": ["revenue0.supplier_no"], "Plans": [{"Node Type": "Subquery Scan", "Parent Relationship": "Outer", "Alias": "revenue0", "Startup Cost": 5175421.77, "Total Cost": 5176757.82, "Plan Rows": 59380, "Plan Width": 16, "Plans": [{"Node Type": "Aggregate", "Strategy": "Hashed", "Parent Relationship": "Subquery", "Startup Cost": 5175421.77, "Total Cost": 5176164.02, "Plan Rows": 59380, "Plan Width": 24, "Group By Key": ["public.lineitem.l_suppkey"], "Filter": "(sum((public.lineitem.l_extendedprice * (1::double precision - public.lineitem.l_discount))) = $0), (LLVM Optimized)", "Plans": [{"Node Type": "Index Scan", "Parent Relationship": "Outer", "Scan Direction": "Forward", "Index Name": "idx_lineitem_shipdate", "Relation Name": "lineitem", "Alias": "lineitem", "Startup Cost": 0.0, "Total Cost": 5135750.66, "Plan Rows": 2266921, "Plan Width": 24, "Index Cond": "((l_shipdate >= '1997-07-01 00:00:00'::timestamp(0) without time zone) AND (l_shipdate < '1997-10-01 00:00:00'::timestamp without time zone)), (LLVM Optimized)"}]}]}]}]}, "Unique SQL Id": 3712096918, "Planner Runtime": 0}, "explain_analyze_plan": {"Plan": {"Node Type": "Merge Join", "Join Type": "Inner", "Startup Cost": 10341221.9, "Total Cost": 10347697.14, "Plan Rows": 59380, "Plan Width": 83, "Actual Startup Time": 14684.402, "Actual Total Time": 14684.412, "Actual Rows": 1, "Actual Loops": 1, "Inner Unique": true, "Merge Cond": "(supplier.s_suppkey = revenue0.supplier_no)", "Plans": [{"Node Type": "Aggregate", "Strategy": "Plain", "Parent Relationship": "exec_init_plan", "Subplan Name": "InitPlan 1 (returns $0)", "Startup Cost": 5159755.92, "Total Cost": 5159755.93, "Plan Rows": 1, "Plan Width": 16, "Actual Startup Time": 6680.146, "Actual Total Time": 6680.147, "Actual Rows": 1, "Actual Loops": 1, "Plans": [{"Node Type": "Aggregate", "Strategy": "Hashed", "Parent Relationship": "Outer", "Startup Cost": 5158419.87, "Total Cost": 5159013.67, "Plan Rows": 59380, "Plan Width": 24, "Actual Startup Time": 6635.199, "Actual Total Time": 6665.066, "Actual Rows": 100000, "Actual Loops": 1, "Group By Key": ["public.lineitem.l_suppkey"], "Plans": [{"Node Type": "Index Scan", "Parent Relationship": "Outer", "Scan Direction": "Forward", "Index Name": "idx_lineitem_shipdate", "Relation Name": "lineitem", "Alias": "lineitem", "Startup Cost": 0.0, "Total Cost": 5135750.66, "Plan Rows": 2266921, "Plan Width": 24, "Actual Startup Time": 0.056, "Actual Total Time": 4877.828, "Actual Rows": 2293944, "Actual Loops": 1, "Index Cond": "((l_shipdate >= '1997-07-01 00:00:00'::timestamp(0) without time zone) AND (l_shipdate < '1997-10-01 00:00:00'::timestamp without time zone)), (LLVM Optimized, Jit Execute)", "Rows Removed by Index Recheck": 0}]}]}, {"Node Type": "Index Scan", "Parent Relationship": "Outer", "Scan Direction": "Forward", "Index Name": "supplier_pkey", "Relation Name": "supplier", "Alias": "supplier", "Startup Cost": 0.0, "Total Cost": 5334.54, "Plan Rows": 100000, "Plan Width": 75, "Actual Startup Time": 0.047, "Actual Total Time": 19.2, "Actual Rows": 35977, "Actual Loops": 1}, {"Node Type": "Sort", "Parent Relationship": "Inner", "Startup Cost": 5181465.97, "Total Cost": 5181614.42, "Plan Rows": 59380, "Plan Width": 16, "Actual Startup Time": 14660.259, "Actual Total Time": 14660.259, "Actual Rows": 1, "Actual Loops": 1, "Sort Key": ["revenue0.supplier_no"], "Sort Method": "quicksort", "Sort Space Used": 25, "Sort Space Type": "Memory", "Plans": [{"Node Type": "Subquery Scan", "Parent Relationship": "Outer", "Alias": "revenue0", "Startup Cost": 5175421.77, "Total Cost": 5176757.82, "Plan Rows": 59380, "Plan Width": 16, "Actual Startup Time": 14641.397, "Actual Total Time": 14660.029, "Actual Rows": 1, "Actual Loops": 1, "Plans": [{"Node Type": "Aggregate", "Strategy": "Hashed", "Parent Relationship": "Subquery", "Startup Cost": 5175421.77, "Total Cost": 5176164.02, "Plan Rows": 59380, "Plan Width": 24, "Actual Startup Time": 14641.396, "Actual Total Time": 14660.025, "Actual Rows": 1, "Actual Loops": 1, "Group By Key": ["public.lineitem.l_suppkey"], "Filter": "(sum((public.lineitem.l_extendedprice * (1::double precision - public.lineitem.l_discount))) = $0), (LLVM Optimized, Jit Execute)", "Rows Removed by Filter": 99999, "Plans": [{"Node Type": "Index Scan", "Parent Relationship": "Outer", "Scan Direction": "Forward", "Index Name": "idx_lineitem_shipdate", "Relation Name": "lineitem", "Alias": "lineitem", "Startup Cost": 0.0, "Total Cost": 5135750.66, "Plan Rows": 2266921, "Plan Width": 24, "Actual Startup Time": 0.05, "Actual Total Time": 5838.306, "Actual Rows": 2293944, "Actual Loops": 1, "Index Cond": "((l_shipdate >= '1997-07-01 00:00:00'::timestamp(0) without time zone) AND (l_shipdate < '1997-10-01 00:00:00'::timestamp without time zone)), (LLVM Optimized, Jit Execute)", "Rows Removed by Index Recheck": 0}]}]}]}]}, "Triggers": [], "Planner Runtime": 0.683, "Total Runtime": 14695.703, "Unique SQL Id": 3712096918}}, "(1, '30')": {"explain_plan": {"Plan": {"Node Type": "Merge Join", "Join Type": "Inner", "Startup Cost": 4711409.4, "Total Cost": 4712800.1, "Plan Rows": 59380, "Plan Width": 83, "Inner Unique": true, "Merge Cond": "(supplier.s_suppkey = revenue0.supplier_no)", "Plans": [{"Node Type": "Aggregate", "Strategy": "Plain", "Parent Relationship": "exec_init_plan", "Subplan Name": "InitPlan 1 (returns $0)", "Startup Cost": 2339055.76, "Total Cost": 2339055.77, "Plan Rows": 1, "Plan Width": 16, "Plans": [{"Node Type": "Aggregate", "Strategy": "Hashed", "Parent Relationship": "Outer", "Startup Cost": 2337719.71, "Total Cost": 2338313.51, "Plan Rows": 59380, "Plan Width": 24, "Group By Key": ["public.lineitem.l_suppkey"], "Plans": [{"Node Type": "Seq Scan", "Parent Relationship": "Outer", "Relation Name": "lineitem", "Alias": "lineitem", "Startup Cost": 25.33, "Total Cost": 2315050.5, "Plan Rows": 2266921, "Plan Width": 24, "Filter": "((l_shipdate >= '1997-07-01 00:00:00'::timestamp(0) without time zone) AND (l_shipdate < '1997-10-01 00:00:00'::timestamp without time zone)), (LLVM Optimized)"}]}]}, {"Node Type": "Sort", "Parent Relationship": "Outer", "Startup Cost": 11587.82, "Total Cost": 11837.82, "Plan Rows": 100000, "Plan Width": 75, "Sort Key": ["supplier.s_suppkey"], "Plans": [{"Node Type": "Seq Scan", "Parent Relationship": "Outer", "Relation Name": "supplier", "Alias": "supplier", "Startup Cost": 0.0, "Total Cost": 3283.0, "Plan Rows": 100000, "Plan Width": 75}]}, {"Node Type": "Sort", "Parent Relationship": "Inner", "Startup Cost": 2360765.81, "Total Cost": 2360914.26, "Plan Rows": 59380, "Plan Width": 16, "Sort Key": ["revenue0.supplier_no"], "Plans": [{"Node Type": "Subquery Scan", "Parent Relationship": "Outer", "Alias": "revenue0", "Startup Cost": 2354721.61, "Total Cost": 2356057.66, "Plan Rows": 59380, "Plan Width": 16, "Plans": [{"Node Type": "Aggregate", "Strategy": "Hashed", "Parent Relationship": "Subquery", "Startup Cost": 2354721.61, "Total Cost": 2355463.86, "Plan Rows": 59380, "Plan Width": 24, "Group By Key": ["public.lineitem.l_suppkey"], "Filter": "(sum((public.lineitem.l_extendedprice * (1::double precision - public.lineitem.l_discount))) = $0), (LLVM Optimized)", "Plans": [{"Node Type": "Seq Scan", "Parent Relationship": "Outer", "Relation Name": "lineitem", "Alias": "lineitem", "Startup Cost": 25.33, "Total Cost": 2315050.5, "Plan Rows": 2266921, "Plan Width": 24, "Filter": "((l_shipdate >= '1997-07-01 00:00:00'::timestamp(0) without time zone) AND (l_shipdate < '1997-10-01 00:00:00'::timestamp without time zone)), (LLVM Optimized)"}]}]}]}]}, "Unique SQL Id": 3712096918, "Planner Runtime": 0}, "explain_analyze_plan": null}, "(1, '31')": {"explain_plan": {"Plan": {"Node Type": "Merge Join", "Join Type": "Inner", "Startup Cost": 2010463079819.59, "Total Cost": 3000463614414.67, "Plan Rows": 59380, "Plan Width": 83, "Inner Unique": true, "Merge Cond": "(supplier.s_suppkey = revenue0.supplier_no)", "Plans": [{"Node Type": "Aggregate", "Strategy": "Plain", "Parent Relationship": "exec_init_plan", "Subplan Name": "InitPlan 1 (returns $0)", "Startup Cost": 1000231529054.76, "Total Cost": 1000231529054.77, "Plan Rows": 1, "Plan Width": 16, "Plans": [{"Node Type": "Aggregate", "Strategy": "Hashed", "Parent Relationship": "Outer", "Startup Cost": 1000231527718.71, "Total Cost": 1000231528312.51, "Plan Rows": 59380, "Plan Width": 24, "Group By Key": ["public.lineitem.l_suppkey"], "Plans": [{"Node Type": "Seq Scan", "Parent Relationship": "Outer", "Relation Name": "lineitem", "Alias": "lineitem", "Startup Cost": 10000000025.02, "Total Cost": 1000231505049.5, "Plan Rows": 2266921, "Plan Width": 24, "Filter": "((l_shipdate >= '1997-07-01 00:00:00'::timestamp(0) without time zone) AND (l_shipdate < '1997-10-01 00:00:00'::timestamp without time zone)), (LLVM Optimized)"}]}]}, {"Node Type": "Index Scan", "Parent Relationship": "Outer", "Scan Direction": "Forward", "Index Name": "supplier_pkey", "Relation Name": "supplier", "Alias": "supplier", "Startup Cost": 10000000000.0, "Total Cost": 1000000533454.38, "Plan Rows": 100000, "Plan Width": 75}, {"Node Type": "Sort", "Parent Relationship": "Inner", "Startup Cost": 1000231550764.82, "Total Cost": 1000231550913.27, "Plan Rows": 59380, "Plan Width": 16, "Sort Key": ["revenue0.supplier_no"], "Plans": [{"Node Type": "Subquery Scan", "Parent Relationship": "Outer", "Alias": "revenue0", "Startup Cost": 1000231544720.62, "Total Cost": 1000231546056.67, "Plan Rows": 59380, "Plan Width": 16, "Plans": [{"Node Type": "Aggregate", "Strategy": "Hashed", "Parent Relationship": "Subquery", "Startup Cost": 1000231544720.62, "Total Cost": 1000231545462.87, "Plan Rows": 59380, "Plan Width": 24, "Group By Key": ["public.lineitem.l_suppkey"], "Filter": "(sum((public.lineitem.l_extendedprice * (1::double precision - public.lineitem.l_discount))) = $0), (LLVM Optimized)", "Plans": [{"Node Type": "Seq Scan", "Parent Relationship": "Outer", "Relation Name": "lineitem", "Alias": "lineitem", "Startup Cost": 10000000025.02, "Total Cost": 1000231505049.5, "Plan Rows": 2266921, "Plan Width": 24, "Filter": "((l_shipdate >= '1997-07-01 00:00:00'::timestamp(0) without time zone) AND (l_shipdate < '1997-10-01 00:00:00'::timestamp without time zone)), (LLVM Optimized)"}]}]}]}]}, "Unique SQL Id": 3712096918, "Planner Runtime": 0}, "explain_analyze_plan": null}, "(1, '32')": {"explain_plan": {"Plan": {"Node Type": "Sort", "Startup Cost": 3247453.25, "Total Cost": 3247601.7, "Plan Rows": 59380, "Plan Width": 83, "Sort Key": ["supplier.s_suppkey"], "Plans": [{"Node Type": "Aggregate", "Strategy": "Plain", "Parent Relationship": "exec_init_plan", "Subplan Name": "InitPlan 1 (returns $0)", "Startup Cost": 1610196.85, "Total Cost": 1610196.86, "Plan Rows": 1, "Plan Width": 16, "Plans": [{"Node Type": "Aggregate", "Strategy": "Hashed", "Parent Relationship": "Outer", "Startup Cost": 1608860.8, "Total Cost": 1609454.6, "Plan Rows": 59380, "Plan Width": 24, "Group By Key": ["public.lineitem.l_suppkey"], "Plans": [{"Node Type": "Bitmap Heap Scan", "Parent Relationship": "Outer", "Relation Name": "lineitem", "Alias": "lineitem", "Startup Cost": 78544.19, "Total Cost": 1586191.59, "Plan Rows": 2266921, "Plan Width": 24, "Recheck Cond": "((l_shipdate >= '1997-07-01 00:00:00'::timestamp(0) without time zone) AND (l_shipdate < '1997-10-01 00:00:00'::timestamp without time zone)), (LLVM Optimized)", "Plans": [{"Node Type": "Bitmap Index Scan", "Parent Relationship": "Outer", "Index Name": "idx_lineitem_shipdate", "Startup Cost": 0.0, "Total Cost": 77977.46, "Plan Rows": 2266921, "Plan Width": 0, "Index Cond": "((l_shipdate >= '1997-07-01 00:00:00'::timestamp(0) without time zone) AND (l_shipdate < '1997-10-01 00:00:00'::timestamp without time zone))"}]}]}]}, {"Node Type": "Hash Join", "Parent Relationship": "Outer", "Join Type": "Inner", "Startup Cost": 1630395.71, "Total Cost": 1632548.24, "Plan Rows": 59380, "Plan Width": 83, "Inner Unique": true, "Hash Cond": "(public.lineitem.l_suppkey = supplier.s_suppkey)", "Plans": [{"Node Type": "Aggregate", "Strategy": "Hashed", "Parent Relationship": "Outer", "Startup Cost": 1625862.71, "Total Cost": 1626604.96, "Plan Rows": 59380, "Plan Width": 24, "Group By Key": ["public.lineitem.l_suppkey"], "Filter": "(sum((public.lineitem.l_extendedprice * (1::double precision - public.lineitem.l_discount))) = $0), (LLVM Optimized)", "Plans": [{"Node Type": "Bitmap Heap Scan", "Parent Relationship": "Outer", "Relation Name": "lineitem", "Alias": "lineitem", "Startup Cost": 78544.19, "Total Cost": 1586191.59, "Plan Rows": 2266921, "Plan Width": 24, "Recheck Cond": "((l_shipdate >= '1997-07-01 00:00:00'::timestamp(0) without time zone) AND (l_shipdate < '1997-10-01 00:00:00'::timestamp without time zone)), (LLVM Optimized)", "Plans": [{"Node Type": "Bitmap Index Scan", "Parent Relationship": "Outer", "Index Name": "idx_lineitem_shipdate", "Startup Cost": 0.0, "Total Cost": 77977.46, "Plan Rows": 2266921, "Plan Width": 0, "Index Cond": "((l_shipdate >= '1997-07-01 00:00:00'::timestamp(0) without time zone) AND (l_shipdate < '1997-10-01 00:00:00'::timestamp without time zone))"}]}]}, {"Node Type": "Hash", "Parent Relationship": "Inner", "Startup Cost": 3283.0, "Total Cost": 3283.0, "Plan Rows": 100000, "Plan Width": 75, "Plans": [{"Node Type": "Seq Scan", "Parent Relationship": "Outer", "Relation Name": "supplier", "Alias": "supplier", "Startup Cost": 0.0, "Total Cost": 3283.0, "Plan Rows": 100000, "Plan Width": 75}]}]}]}, "Unique SQL Id": 3712096918, "Planner Runtime": 0}, "explain_analyze_plan": {"Plan": {"Node Type": "Sort", "Startup Cost": 3247453.25, "Total Cost": 3247601.7, "Plan Rows": 59380, "Plan Width": 83, "Actual Startup Time": 10846.599, "Actual Total Time": 10846.599, "Actual Rows": 1, "Actual Loops": 1, "Sort Key": ["supplier.s_suppkey"], "Sort Method": "quicksort", "Sort Space Used": 25, "Sort Space Type": "Memory", "Plans": [{"Node Type": "Aggregate", "Strategy": "Plain", "Parent Relationship": "exec_init_plan", "Subplan Name": "InitPlan 1 (returns $0)", "Startup Cost": 1610196.85, "Total Cost": 1610196.86, "Plan Rows": 1, "Plan Width": 16, "Actual Startup Time": 5223.255, "Actual Total Time": 5223.255, "Actual Rows": 1, "Actual Loops": 1, "Plans": [{"Node Type": "Aggregate", "Strategy": "Hashed", "Parent Relationship": "Outer", "Startup Cost": 1608860.8, "Total Cost": 1609454.6, "Plan Rows": 59380, "Plan Width": 24, "Actual Startup Time": 5179.7, "Actual Total Time": 5208.354, "Actual Rows": 100000, "Actual Loops": 1, "Group By Key": ["public.lineitem.l_suppkey"], "Plans": [{"Node Type": "Bitmap Heap Scan", "Parent Relationship": "Outer", "Relation Name": "lineitem", "Alias": "lineitem", "Startup Cost": 78544.19, "Total Cost": 1586191.59, "Plan Rows": 2266921, "Plan Width": 24, "Actual Startup Time": 979.929, "Actual Total Time": 3546.169, "Actual Rows": 2293944, "Actual Loops": 1, "Recheck Cond": "((l_shipdate >= '1997-07-01 00:00:00'::timestamp(0) without time zone) AND (l_shipdate < '1997-10-01 00:00:00'::timestamp without time zone)), (LLVM Optimized, Jit Execute)", "Rows Removed by Index Recheck": 0, "Exact Heap Blocks": 732487, "Lossy Heap Blocks": 732487, "Plans": [{"Node Type": "Bitmap Index Scan", "Parent Relationship": "Outer", "Index Name": "idx_lineitem_shipdate", "Startup Cost": 0.0, "Total Cost": 77977.46, "Plan Rows": 2266921, "Plan Width": 0, "Actual Startup Time": 695.151, "Actual Total Time": 695.151, "Actual Rows": 2293944, "Actual Loops": 1, "Index Cond": "((l_shipdate >= '1997-07-01 00:00:00'::timestamp(0) without time zone) AND (l_shipdate < '1997-10-01 00:00:00'::timestamp without time zone))"}]}]}]}, {"Node Type": "Hash Join", "Parent Relationship": "Outer", "Join Type": "Inner", "Startup Cost": 1630395.71, "Total Cost": 1632548.24, "Plan Rows": 59380, "Plan Width": 83, "Actual Startup Time": 10827.47, "Actual Total Time": 10846.29, "Actual Rows": 1, "Actual Loops": 1, "Inner Unique": true, "Hash Cond": "(public.lineitem.l_suppkey = supplier.s_suppkey)", "Plans": [{"Node Type": "Aggregate", "Strategy": "Hashed", "Parent Relationship": "Outer", "Startup Cost": 1625862.71, "Total Cost": 1626604.96, "Plan Rows": 59380, "Plan Width": 24, "Actual Startup Time": 10757.207, "Actual Total Time": 10775.817, "Actual Rows": 1, "Actual Loops": 1, "Group By Key": ["public.lineitem.l_suppkey"], "Filter": "(sum((public.lineitem.l_extendedprice * (1::double precision - public.lineitem.l_discount))) = $0), (LLVM Optimized, Jit Execute)", "Rows Removed by Filter": 99999, "Plans": [{"Node Type": "Bitmap Heap Scan", "Parent Relationship": "Outer", "Relation Name": "lineitem", "Alias": "lineitem", "Startup Cost": 78544.19, "Total Cost": 1586191.59, "Plan Rows": 2266921, "Plan Width": 24, "Actual Startup Time": 1019.767, "Actual Total Time": 3859.458, "Actual Rows": 2293944, "Actual Loops": 1, "Recheck Cond": "((l_shipdate >= '1997-07-01 00:00:00'::timestamp(0) without time zone) AND (l_shipdate < '1997-10-01 00:00:00'::timestamp without time zone)), (LLVM Optimized, Jit Execute)", "Rows Removed by Index Recheck": 0, "Exact Heap Blocks": 732487, "Lossy Heap Blocks": 732487, "Plans": [{"Node Type": "Bitmap Index Scan", "Parent Relationship": "Outer", "Index Name": "idx_lineitem_shipdate", "Startup Cost": 0.0, "Total Cost": 77977.46, "Plan Rows": 2266921, "Plan Width": 0, "Actual Startup Time": 700.948, "Actual Total Time": 700.948, "Actual Rows": 2293944, "Actual Loops": 1, "Index Cond": "((l_shipdate >= '1997-07-01 00:00:00'::timestamp(0) without time zone) AND (l_shipdate < '1997-10-01 00:00:00'::timestamp without time zone))"}]}]}, {"Node Type": "Hash", "Parent Relationship": "Inner", "Startup Cost": 3283.0, "Total Cost": 3283.0, "Plan Rows": 100000, "Plan Width": 75, "Actual Startup Time": 70.11, "Actual Total Time": 70.11, "Actual Rows": 100000, "Actual Loops": 1, "Hash Buckets": 131072, "Hash Batches": 1, "Original Hash Batches": 1, "Peak Memory Usage": 10544, "Plans": [{"Node Type": "Seq Scan", "Parent Relationship": "Outer", "Relation Name": "supplier", "Alias": "supplier", "Startup Cost": 0.0, "Total Cost": 3283.0, "Plan Rows": 100000, "Plan Width": 75, "Actual Startup Time": 0.029, "Actual Total Time": 37.751, "Actual Rows": 100000, "Actual Loops": 1}]}]}]}, "Triggers": [], "Planner Runtime": 0.657, "Total Runtime": 10859.109, "Unique SQL Id": 3712096918}}, "(1, '33')": {"explain_plan": {"Plan": {"Node Type": "Sort", "Startup Cost": 3249504.79, "Total Cost": 3249653.24, "Plan Rows": 59380, "Plan Width": 83, "Sort Key": ["supplier.s_suppkey"], "Plans": [{"Node Type": "Aggregate", "Strategy": "Plain", "Parent Relationship": "exec_init_plan", "Subplan Name": "InitPlan 1 (returns $0)", "Startup Cost": 1610196.85, "Total Cost": 1610196.86, "Plan Rows": 1, "Plan Width": 16, "Plans": [{"Node Type": "Aggregate", "Strategy": "Hashed", "Parent Relationship": "Outer", "Startup Cost": 1608860.8, "Total Cost": 1609454.6, "Plan Rows": 59380, "Plan Width": 24, "Group By Key": ["public.lineitem.l_suppkey"], "Plans": [{"Node Type": "Bitmap Heap Scan", "Parent Relationship": "Outer", "Relation Name": "lineitem", "Alias": "lineitem", "Startup Cost": 78544.19, "Total Cost": 1586191.59, "Plan Rows": 2266921, "Plan Width": 24, "Recheck Cond": "((l_shipdate >= '1997-07-01 00:00:00'::timestamp(0) without time zone) AND (l_shipdate < '1997-10-01 00:00:00'::timestamp without time zone)), (LLVM Optimized)", "Plans": [{"Node Type": "Bitmap Index Scan", "Parent Relationship": "Outer", "Index Name": "idx_lineitem_shipdate", "Startup Cost": 0.0, "Total Cost": 77977.46, "Plan Rows": 2266921, "Plan Width": 0, "Index Cond": "((l_shipdate >= '1997-07-01 00:00:00'::timestamp(0) without time zone) AND (l_shipdate < '1997-10-01 00:00:00'::timestamp without time zone))"}]}]}]}, {"Node Type": "Hash Join", "Parent Relationship": "Outer", "Join Type": "Inner", "Startup Cost": 1632447.26, "Total Cost": 1634599.78, "Plan Rows": 59380, "Plan Width": 83, "Inner Unique": true, "Hash Cond": "(public.lineitem.l_suppkey = supplier.s_suppkey)", "Plans": [{"Node Type": "Aggregate", "Strategy": "Hashed", "Parent Relationship": "Outer", "Startup Cost": 1625862.71, "Total Cost": 1626604.96, "Plan Rows": 59380, "Plan Width": 24, "Group By Key": ["public.lineitem.l_suppkey"], "Filter": "(sum((public.lineitem.l_extendedprice * (1::double precision - public.lineitem.l_discount))) = $0), (LLVM Optimized)", "Plans": [{"Node Type": "Bitmap Heap Scan", "Parent Relationship": "Outer", "Relation Name": "lineitem", "Alias": "lineitem", "Startup Cost": 78544.19, "Total Cost": 1586191.59, "Plan Rows": 2266921, "Plan Width": 24, "Recheck Cond": "((l_shipdate >= '1997-07-01 00:00:00'::timestamp(0) without time zone) AND (l_shipdate < '1997-10-01 00:00:00'::timestamp without time zone)), (LLVM Optimized)", "Plans": [{"Node Type": "Bitmap Index Scan", "Parent Relationship": "Outer", "Index Name": "idx_lineitem_shipdate", "Startup Cost": 0.0, "Total Cost": 77977.46, "Plan Rows": 2266921, "Plan Width": 0, "Index Cond": "((l_shipdate >= '1997-07-01 00:00:00'::timestamp(0) without time zone) AND (l_shipdate < '1997-10-01 00:00:00'::timestamp without time zone))"}]}]}, {"Node Type": "Hash", "Parent Relationship": "Inner", "Startup Cost": 5334.54, "Total Cost": 5334.54, "Plan Rows": 100000, "Plan Width": 75, "Plans": [{"Node Type": "Index Scan", "Parent Relationship": "Outer", "Scan Direction": "Forward", "Index Name": "supplier_pkey", "Relation Name": "supplier", "Alias": "supplier", "Startup Cost": 0.0, "Total Cost": 5334.54, "Plan Rows": 100000, "Plan Width": 75}]}]}]}, "Unique SQL Id": 3712096918, "Planner Runtime": 0}, "explain_analyze_plan": {"Plan": {"Node Type": "Sort", "Startup Cost": 3249504.79, "Total Cost": 3249653.24, "Plan Rows": 59380, "Plan Width": 83, "Actual Startup Time": 10835.287, "Actual Total Time": 10835.288, "Actual Rows": 1, "Actual Loops": 1, "Sort Key": ["supplier.s_suppkey"], "Sort Method": "quicksort", "Sort Space Used": 25, "Sort Space Type": "Memory", "Plans": [{"Node Type": "Aggregate", "Strategy": "Plain", "Parent Relationship": "exec_init_plan", "Subplan Name": "InitPlan 1 (returns $0)", "Startup Cost": 1610196.85, "Total Cost": 1610196.86, "Plan Rows": 1, "Plan Width": 16, "Actual Startup Time": 5315.167, "Actual Total Time": 5315.167, "Actual Rows": 1, "Actual Loops": 1, "Plans": [{"Node Type": "Aggregate", "Strategy": "Hashed", "Parent Relationship": "Outer", "Startup Cost": 1608860.8, "Total Cost": 1609454.6, "Plan Rows": 59380, "Plan Width": 24, "Actual Startup Time": 5268.057, "Actual Total Time": 5300.078, "Actual Rows": 100000, "Actual Loops": 1, "Group By Key": ["public.lineitem.l_suppkey"], "Plans": [{"Node Type": "Bitmap Heap Scan", "Parent Relationship": "Outer", "Relation Name": "lineitem", "Alias": "lineitem", "Startup Cost": 78544.19, "Total Cost": 1586191.59, "Plan Rows": 2266921, "Plan Width": 24, "Actual Startup Time": 980.993, "Actual Total Time": 3628.25, "Actual Rows": 2293944, "Actual Loops": 1, "Recheck Cond": "((l_shipdate >= '1997-07-01 00:00:00'::timestamp(0) without time zone) AND (l_shipdate < '1997-10-01 00:00:00'::timestamp without time zone)), (LLVM Optimized, Jit Execute)", "Rows Removed by Index Recheck": 0, "Exact Heap Blocks": 732487, "Lossy Heap Blocks": 732487, "Plans": [{"Node Type": "Bitmap Index Scan", "Parent Relationship": "Outer", "Index Name": "idx_lineitem_shipdate", "Startup Cost": 0.0, "Total Cost": 77977.46, "Plan Rows": 2266921, "Plan Width": 0, "Actual Startup Time": 696.451, "Actual Total Time": 696.451, "Actual Rows": 2293944, "Actual Loops": 1, "Index Cond": "((l_shipdate >= '1997-07-01 00:00:00'::timestamp(0) without time zone) AND (l_shipdate < '1997-10-01 00:00:00'::timestamp without time zone))"}]}]}]}, {"Node Type": "Hash Join", "Parent Relationship": "Outer", "Join Type": "Inner", "Startup Cost": 1632447.26, "Total Cost": 1634599.78, "Plan Rows": 59380, "Plan Width": 83, "Actual Startup Time": 10813.935, "Actual Total Time": 10834.968, "Actual Rows": 1, "Actual Loops": 1, "Inner Unique": true, "Hash Cond": "(public.lineitem.l_suppkey = supplier.s_suppkey)", "Plans": [{"Node Type": "Aggregate", "Strategy": "Hashed", "Parent Relationship": "Outer", "Startup Cost": 1625862.71, "Total Cost": 1626604.96, "Plan Rows": 59380, "Plan Width": 24, "Actual Startup Time": 10718.906, "Actual Total Time": 10739.737, "Actual Rows": 1, "Actual Loops": 1, "Group By Key": ["public.lineitem.l_suppkey"], "Filter": "(sum((public.lineitem.l_extendedprice * (1::double precision - public.lineitem.l_discount))) = $0), (LLVM Optimized, Jit Execute)", "Rows Removed by Filter": 99999, "Plans": [{"Node Type": "Bitmap Heap Scan", "Parent Relationship": "Outer", "Relation Name": "lineitem", "Alias": "lineitem", "Startup Cost": 78544.19, "Total Cost": 1586191.59, "Plan Rows": 2266921, "Plan Width": 24, "Actual Startup Time": 985.619, "Actual Total Time": 3703.062, "Actual Rows": 2293944, "Actual Loops": 1, "Recheck Cond": "((l_shipdate >= '1997-07-01 00:00:00'::timestamp(0) without time zone) AND (l_shipdate < '1997-10-01 00:00:00'::timestamp without time zone)), (LLVM Optimized, Jit Execute)", "Rows Removed by Index Recheck": 0, "Exact Heap Blocks": 732487, "Lossy Heap Blocks": 732487, "Plans": [{"Node Type": "Bitmap Index Scan", "Parent Relationship": "Outer", "Index Name": "idx_lineitem_shipdate", "Startup Cost": 0.0, "Total Cost": 77977.46, "Plan Rows": 2266921, "Plan Width": 0, "Actual Startup Time": 700.856, "Actual Total Time": 700.856, "Actual Rows": 2293944, "Actual Loops": 1, "Index Cond": "((l_shipdate >= '1997-07-01 00:00:00'::timestamp(0) without time zone) AND (l_shipdate < '1997-10-01 00:00:00'::timestamp without time zone))"}]}]}, {"Node Type": "Hash", "Parent Relationship": "Inner", "Startup Cost": 5334.54, "Total Cost": 5334.54, "Plan Rows": 100000, "Plan Width": 75, "Actual Startup Time": 94.796, "Actual Total Time": 94.796, "Actual Rows": 100000, "Actual Loops": 1, "Hash Buckets": 131072, "Hash Batches": 1, "Original Hash Batches": 1, "Peak Memory Usage": 10544, "Plans": [{"Node Type": "Index Scan", "Parent Relationship": "Outer", "Scan Direction": "Forward", "Index Name": "supplier_pkey", "Relation Name": "supplier", "Alias": "supplier", "Startup Cost": 0.0, "Total Cost": 5334.54, "Plan Rows": 100000, "Plan Width": 75, "Actual Startup Time": 0.045, "Actual Total Time": 60.951, "Actual Rows": 100000, "Actual Loops": 1}]}]}]}, "Triggers": [], "Planner Runtime": 0.683, "Total Runtime": 10847.902, "Unique SQL Id": 3712096918}}, "(1, '34')": {"explain_plan": {"Plan": {"Node Type": "Sort", "Startup Cost": 3247453.25, "Total Cost": 3247601.7, "Plan Rows": 59380, "Plan Width": 83, "Sort Key": ["supplier.s_suppkey"], "Plans": [{"Node Type": "Aggregate", "Strategy": "Plain", "Parent Relationship": "exec_init_plan", "Subplan Name": "InitPlan 1 (returns $0)", "Startup Cost": 1610196.85, "Total Cost": 1610196.86, "Plan Rows": 1, "Plan Width": 16, "Plans": [{"Node Type": "Aggregate", "Strategy": "Hashed", "Parent Relationship": "Outer", "Startup Cost": 1608860.8, "Total Cost": 1609454.6, "Plan Rows": 59380, "Plan Width": 24, "Group By Key": ["public.lineitem.l_suppkey"], "Plans": [{"Node Type": "Bitmap Heap Scan", "Parent Relationship": "Outer", "Relation Name": "lineitem", "Alias": "lineitem", "Startup Cost": 78544.19, "Total Cost": 1586191.59, "Plan Rows": 2266921, "Plan Width": 24, "Recheck Cond": "((l_shipdate >= '1997-07-01 00:00:00'::timestamp(0) without time zone) AND (l_shipdate < '1997-10-01 00:00:00'::timestamp without time zone)), (LLVM Optimized)", "Plans": [{"Node Type": "Bitmap Index Scan", "Parent Relationship": "Outer", "Index Name": "idx_lineitem_shipdate", "Startup Cost": 0.0, "Total Cost": 77977.46, "Plan Rows": 2266921, "Plan Width": 0, "Index Cond": "((l_shipdate >= '1997-07-01 00:00:00'::timestamp(0) without time zone) AND (l_shipdate < '1997-10-01 00:00:00'::timestamp without time zone))"}]}]}]}, {"Node Type": "Hash Join", "Parent Relationship": "Outer", "Join Type": "Inner", "Startup Cost": 1630395.71, "Total Cost": 1632548.24, "Plan Rows": 59380, "Plan Width": 83, "Inner Unique": true, "Hash Cond": "(public.lineitem.l_suppkey = supplier.s_suppkey)", "Plans": [{"Node Type": "Aggregate", "Strategy": "Hashed", "Parent Relationship": "Outer", "Startup Cost": 1625862.71, "Total Cost": 1626604.96, "Plan Rows": 59380, "Plan Width": 24, "Group By Key": ["public.lineitem.l_suppkey"], "Filter": "(sum((public.lineitem.l_extendedprice * (1::double precision - public.lineitem.l_discount))) = $0), (LLVM Optimized)", "Plans": [{"Node Type": "Bitmap Heap Scan", "Parent Relationship": "Outer", "Relation Name": "lineitem", "Alias": "lineitem", "Startup Cost": 78544.19, "Total Cost": 1586191.59, "Plan Rows": 2266921, "Plan Width": 24, "Recheck Cond": "((l_shipdate >= '1997-07-01 00:00:00'::timestamp(0) without time zone) AND (l_shipdate < '1997-10-01 00:00:00'::timestamp without time zone)), (LLVM Optimized)", "Plans": [{"Node Type": "Bitmap Index Scan", "Parent Relationship": "Outer", "Index Name": "idx_lineitem_shipdate", "Startup Cost": 0.0, "Total Cost": 77977.46, "Plan Rows": 2266921, "Plan Width": 0, "Index Cond": "((l_shipdate >= '1997-07-01 00:00:00'::timestamp(0) without time zone) AND (l_shipdate < '1997-10-01 00:00:00'::timestamp without time zone))"}]}]}, {"Node Type": "Hash", "Parent Relationship": "Inner", "Startup Cost": 3283.0, "Total Cost": 3283.0, "Plan Rows": 100000, "Plan Width": 75, "Plans": [{"Node Type": "Seq Scan", "Parent Relationship": "Outer", "Relation Name": "supplier", "Alias": "supplier", "Startup Cost": 0.0, "Total Cost": 3283.0, "Plan Rows": 100000, "Plan Width": 75}]}]}]}, "Unique SQL Id": 3712096918, "Planner Runtime": 0}, "explain_analyze_plan": {"Plan": {"Node Type": "Sort", "Startup Cost": 3247453.25, "Total Cost": 3247601.7, "Plan Rows": 59380, "Plan Width": 83, "Actual Startup Time": 10846.599, "Actual Total Time": 10846.599, "Actual Rows": 1, "Actual Loops": 1, "Sort Key": ["supplier.s_suppkey"], "Sort Method": "quicksort", "Sort Space Used": 25, "Sort Space Type": "Memory", "Plans": [{"Node Type": "Aggregate", "Strategy": "Plain", "Parent Relationship": "exec_init_plan", "Subplan Name": "InitPlan 1 (returns $0)", "Startup Cost": 1610196.85, "Total Cost": 1610196.86, "Plan Rows": 1, "Plan Width": 16, "Actual Startup Time": 5223.255, "Actual Total Time": 5223.255, "Actual Rows": 1, "Actual Loops": 1, "Plans": [{"Node Type": "Aggregate", "Strategy": "Hashed", "Parent Relationship": "Outer", "Startup Cost": 1608860.8, "Total Cost": 1609454.6, "Plan Rows": 59380, "Plan Width": 24, "Actual Startup Time": 5179.7, "Actual Total Time": 5208.354, "Actual Rows": 100000, "Actual Loops": 1, "Group By Key": ["public.lineitem.l_suppkey"], "Plans": [{"Node Type": "Bitmap Heap Scan", "Parent Relationship": "Outer", "Relation Name": "lineitem", "Alias": "lineitem", "Startup Cost": 78544.19, "Total Cost": 1586191.59, "Plan Rows": 2266921, "Plan Width": 24, "Actual Startup Time": 979.929, "Actual Total Time": 3546.169, "Actual Rows": 2293944, "Actual Loops": 1, "Recheck Cond": "((l_shipdate >= '1997-07-01 00:00:00'::timestamp(0) without time zone) AND (l_shipdate < '1997-10-01 00:00:00'::timestamp without time zone)), (LLVM Optimized, Jit Execute)", "Rows Removed by Index Recheck": 0, "Exact Heap Blocks": 732487, "Lossy Heap Blocks": 732487, "Plans": [{"Node Type": "Bitmap Index Scan", "Parent Relationship": "Outer", "Index Name": "idx_lineitem_shipdate", "Startup Cost": 0.0, "Total Cost": 77977.46, "Plan Rows": 2266921, "Plan Width": 0, "Actual Startup Time": 695.151, "Actual Total Time": 695.151, "Actual Rows": 2293944, "Actual Loops": 1, "Index Cond": "((l_shipdate >= '1997-07-01 00:00:00'::timestamp(0) without time zone) AND (l_shipdate < '1997-10-01 00:00:00'::timestamp without time zone))"}]}]}]}, {"Node Type": "Hash Join", "Parent Relationship": "Outer", "Join Type": "Inner", "Startup Cost": 1630395.71, "Total Cost": 1632548.24, "Plan Rows": 59380, "Plan Width": 83, "Actual Startup Time": 10827.47, "Actual Total Time": 10846.29, "Actual Rows": 1, "Actual Loops": 1, "Inner Unique": true, "Hash Cond": "(public.lineitem.l_suppkey = supplier.s_suppkey)", "Plans": [{"Node Type": "Aggregate", "Strategy": "Hashed", "Parent Relationship": "Outer", "Startup Cost": 1625862.71, "Total Cost": 1626604.96, "Plan Rows": 59380, "Plan Width": 24, "Actual Startup Time": 10757.207, "Actual Total Time": 10775.817, "Actual Rows": 1, "Actual Loops": 1, "Group By Key": ["public.lineitem.l_suppkey"], "Filter": "(sum((public.lineitem.l_extendedprice * (1::double precision - public.lineitem.l_discount))) = $0), (LLVM Optimized, Jit Execute)", "Rows Removed by Filter": 99999, "Plans": [{"Node Type": "Bitmap Heap Scan", "Parent Relationship": "Outer", "Relation Name": "lineitem", "Alias": "lineitem", "Startup Cost": 78544.19, "Total Cost": 1586191.59, "Plan Rows": 2266921, "Plan Width": 24, "Actual Startup Time": 1019.767, "Actual Total Time": 3859.458, "Actual Rows": 2293944, "Actual Loops": 1, "Recheck Cond": "((l_shipdate >= '1997-07-01 00:00:00'::timestamp(0) without time zone) AND (l_shipdate < '1997-10-01 00:00:00'::timestamp without time zone)), (LLVM Optimized, Jit Execute)", "Rows Removed by Index Recheck": 0, "Exact Heap Blocks": 732487, "Lossy Heap Blocks": 732487, "Plans": [{"Node Type": "Bitmap Index Scan", "Parent Relationship": "Outer", "Index Name": "idx_lineitem_shipdate", "Startup Cost": 0.0, "Total Cost": 77977.46, "Plan Rows": 2266921, "Plan Width": 0, "Actual Startup Time": 700.948, "Actual Total Time": 700.948, "Actual Rows": 2293944, "Actual Loops": 1, "Index Cond": "((l_shipdate >= '1997-07-01 00:00:00'::timestamp(0) without time zone) AND (l_shipdate < '1997-10-01 00:00:00'::timestamp without time zone))"}]}]}, {"Node Type": "Hash", "Parent Relationship": "Inner", "Startup Cost": 3283.0, "Total Cost": 3283.0, "Plan Rows": 100000, "Plan Width": 75, "Actual Startup Time": 70.11, "Actual Total Time": 70.11, "Actual Rows": 100000, "Actual Loops": 1, "Hash Buckets": 131072, "Hash Batches": 1, "Original Hash Batches": 1, "Peak Memory Usage": 10544, "Plans": [{"Node Type": "Seq Scan", "Parent Relationship": "Outer", "Relation Name": "supplier", "Alias": "supplier", "Startup Cost": 0.0, "Total Cost": 3283.0, "Plan Rows": 100000, "Plan Width": 75, "Actual Startup Time": 0.029, "Actual Total Time": 37.751, "Actual Rows": 100000, "Actual Loops": 1}]}]}]}, "Triggers": [], "Planner Runtime": 0.657, "Total Runtime": 10859.109, "Unique SQL Id": 3712096918}}, "(1, '35')": {"explain_plan": {"Plan": {"Node Type": "Sort", "Startup Cost": 3497813.02, "Total Cost": 3497961.47, "Plan Rows": 59380, "Plan Width": 83, "Sort Key": ["supplier.s_suppkey"], "Plans": [{"Node Type": "Aggregate", "Strategy": "Plain", "Parent Relationship": "exec_init_plan", "Subplan Name": "InitPlan 1 (returns $0)", "Startup Cost": 1610196.85, "Total Cost": 1610196.86, "Plan Rows": 1, "Plan Width": 16, "Plans": [{"Node Type": "Aggregate", "Strategy": "Hashed", "Parent Relationship": "Outer", "Startup Cost": 1608860.8, "Total Cost": 1609454.6, "Plan Rows": 59380, "Plan Width": 24, "Group By Key": ["public.lineitem.l_suppkey"], "Plans": [{"Node Type": "Bitmap Heap Scan", "Parent Relationship": "Outer", "Relation Name": "lineitem", "Alias": "lineitem", "Startup Cost": 78544.19, "Total Cost": 1586191.59, "Plan Rows": 2266921, "Plan Width": 24, "Recheck Cond": "((l_shipdate >= '1997-07-01 00:00:00'::timestamp(0) without time zone) AND (l_shipdate < '1997-10-01 00:00:00'::timestamp without time zone)), (LLVM Optimized)", "Plans": [{"Node Type": "Bitmap Index Scan", "Parent Relationship": "Outer", "Index Name": "idx_lineitem_shipdate", "Startup Cost": 0.0, "Total Cost": 77977.46, "Plan Rows": 2266921, "Plan Width": 0, "Index Cond": "((l_shipdate >= '1997-07-01 00:00:00'::timestamp(0) without time zone) AND (l_shipdate < '1997-10-01 00:00:00'::timestamp without time zone))"}]}]}]}, {"Node Type": "Nested Loop", "Parent Relationship": "Outer", "Join Type": "Inner", "Startup Cost": 1625863.0, "Total Cost": 1882908.01, "Plan Rows": 59380, "Plan Width": 83, "Inner Unique": true, "Plans": [{"Node Type": "Aggregate", "Strategy": "Hashed", "Parent Relationship": "Outer", "Startup Cost": 1625862.71, "Total Cost": 1626604.96, "Plan Rows": 59380, "Plan Width": 24, "Group By Key": ["public.lineitem.l_suppkey"], "Filter": "(sum((public.lineitem.l_extendedprice * (1::double precision - public.lineitem.l_discount))) = $0), (LLVM Optimized)", "Plans": [{"Node Type": "Bitmap Heap Scan", "Parent Relationship": "Outer", "Relation Name": "lineitem", "Alias": "lineitem", "Startup Cost": 78544.19, "Total Cost": 1586191.59, "Plan Rows": 2266921, "Plan Width": 24, "Recheck Cond": "((l_shipdate >= '1997-07-01 00:00:00'::timestamp(0) without time zone) AND (l_shipdate < '1997-10-01 00:00:00'::timestamp without time zone)), (LLVM Optimized)", "Plans": [{"Node Type": "Bitmap Index Scan", "Parent Relationship": "Outer", "Index Name": "idx_lineitem_shipdate", "Startup Cost": 0.0, "Total Cost": 77977.46, "Plan Rows": 2266921, "Plan Width": 0, "Index Cond": "((l_shipdate >= '1997-07-01 00:00:00'::timestamp(0) without time zone) AND (l_shipdate < '1997-10-01 00:00:00'::timestamp without time zone))"}]}]}, {"Node Type": "Bitmap Heap Scan", "Parent Relationship": "Inner", "Relation Name": "supplier", "Alias": "supplier", "Startup Cost": 0.28, "Total Cost": 4.3, "Plan Rows": 1, "Plan Width": 75, "Recheck Cond": "(s_suppkey = public.lineitem.l_suppkey)", "Plans": [{"Node Type": "Bitmap Index Scan", "Parent Relationship": "Outer", "Index Name": "supplier_pkey", "Startup Cost": 0.0, "Total Cost": 0.28, "Plan Rows": 1, "Plan Width": 0, "Index Cond": "(s_suppkey = public.lineitem.l_suppkey)"}]}]}]}, "Unique SQL Id": 3712096918, "Planner Runtime": 0}, "explain_analyze_plan": {"Plan": {"Node Type": "Sort", "Startup Cost": 3497813.02, "Total Cost": 3497961.47, "Plan Rows": 59380, "Plan Width": 83, "Actual Startup Time": 11695.124, "Actual Total Time": 11695.125, "Actual Rows": 1, "Actual Loops": 1, "Sort Key": ["supplier.s_suppkey"], "Sort Method": "quicksort", "Sort Space Used": 25, "Sort Space Type": "Memory", "Plans": [{"Node Type": "Aggregate", "Strategy": "Plain", "Parent Relationship": "exec_init_plan", "Subplan Name": "InitPlan 1 (returns $0)", "Startup Cost": 1610196.85, "Total Cost": 1610196.86, "Plan Rows": 1, "Plan Width": 16, "Actual Startup Time": 5790.695, "Actual Total Time": 5790.695, "Actual Rows": 1, "Actual Loops": 1, "Plans": [{"Node Type": "Aggregate", "Strategy": "Hashed", "Parent Relationship": "Outer", "Startup Cost": 1608860.8, "Total Cost": 1609454.6, "Plan Rows": 59380, "Plan Width": 24, "Actual Startup Time": 5744.183, "Actual Total Time": 5775.7, "Actual Rows": 100000, "Actual Loops": 1, "Group By Key": ["public.lineitem.l_suppkey"], "Plans": [{"Node Type": "Bitmap Heap Scan", "Parent Relationship": "Outer", "Relation Name": "lineitem", "Alias": "lineitem", "Startup Cost": 78544.19, "Total Cost": 1586191.59, "Plan Rows": 2266921, "Plan Width": 24, "Actual Startup Time": 1410.62, "Actual Total Time": 4017.87, "Actual Rows": 2293944, "Actual Loops": 1, "Recheck Cond": "((l_shipdate >= '1997-07-01 00:00:00'::timestamp(0) without time zone) AND (l_shipdate < '1997-10-01 00:00:00'::timestamp without time zone)), (LLVM Optimized, Jit Execute)", "Rows Removed by Index Recheck": 0, "Exact Heap Blocks": 732487, "Lossy Heap Blocks": 732487, "Plans": [{"Node Type": "Bitmap Index Scan", "Parent Relationship": "Outer", "Index Name": "idx_lineitem_shipdate", "Startup Cost": 0.0, "Total Cost": 77977.46, "Plan Rows": 2266921, "Plan Width": 0, "Actual Startup Time": 1037.637, "Actual Total Time": 1037.637, "Actual Rows": 2293944, "Actual Loops": 1, "Index Cond": "((l_shipdate >= '1997-07-01 00:00:00'::timestamp(0) without time zone) AND (l_shipdate < '1997-10-01 00:00:00'::timestamp without time zone))"}]}]}]}, {"Node Type": "Nested Loop", "Parent Relationship": "Outer", "Join Type": "Inner", "Startup Cost": 1625863.0, "Total Cost": 1882908.01, "Plan Rows": 59380, "Plan Width": 83, "Actual Startup Time": 11669.86, "Actual Total Time": 11695.099, "Actual Rows": 1, "Actual Loops": 1, "Inner Unique": true, "Plans": [{"Node Type": "Aggregate", "Strategy": "Hashed", "Parent Relationship": "Outer", "Startup Cost": 1625862.71, "Total Cost": 1626604.96, "Plan Rows": 59380, "Plan Width": 24, "Actual Startup Time": 11669.792, "Actual Total Time": 11694.747, "Actual Rows": 1, "Actual Loops": 1, "Group By Key": ["public.lineitem.l_suppkey"], "Filter": "(sum((public.lineitem.l_extendedprice * (1::double precision - public.lineitem.l_discount))) = $0), (LLVM Optimized, Jit Execute)", "Rows Removed by Filter": 99999, "Plans": [{"Node Type": "Bitmap Heap Scan", "Parent Relationship": "Outer", "Relation Name": "lineitem", "Alias": "lineitem", "Startup Cost": 78544.19, "Total Cost": 1586191.59, "Plan Rows": 2266921, "Plan Width": 24, "Actual Startup Time": 1071.216, "Actual Total Time": 4099.156, "Actual Rows": 2293944, "Actual Loops": 1, "Recheck Cond": "((l_shipdate >= '1997-07-01 00:00:00'::timestamp(0) without time zone) AND (l_shipdate < '1997-10-01 00:00:00'::timestamp without time zone)), (LLVM Optimized, Jit Execute)", "Rows Removed by Index Recheck": 0, "Exact Heap Blocks": 732487, "Lossy Heap Blocks": 732487, "Plans": [{"Node Type": "Bitmap Index Scan", "Parent Relationship": "Outer", "Index Name": "idx_lineitem_shipdate", "Startup Cost": 0.0, "Total Cost": 77977.46, "Plan Rows": 2266921, "Plan Width": 0, "Actual Startup Time": 709.182, "Actual Total Time": 709.182, "Actual Rows": 2293944, "Actual Loops": 1, "Index Cond": "((l_shipdate >= '1997-07-01 00:00:00'::timestamp(0) without time zone) AND (l_shipdate < '1997-10-01 00:00:00'::timestamp without time zone))"}]}]}, {"Node Type": "Bitmap Heap Scan", "Parent Relationship": "Inner", "Relation Name": "supplier", "Alias": "supplier", "Startup Cost": 0.28, "Total Cost": 4.3, "Plan Rows": 1, "Plan Width": 75, "Actual Startup Time": 0.05, "Actual Total Time": 0.05, "Actual Rows": 1, "Actual Loops": 1, "Recheck Cond": "(s_suppkey = public.lineitem.l_suppkey)", "Rows Removed by Index Recheck": 0, "Exact Heap Blocks": 1, "Lossy Heap Blocks": 1, "Plans": [{"Node Type": "Bitmap Index Scan", "Parent Relationship": "Outer", "Index Name": "supplier_pkey", "Startup Cost": 0.0, "Total Cost": 0.28, "Plan Rows": 1, "Plan Width": 0, "Actual Startup Time": 0.026, "Actual Total Time": 0.026, "Actual Rows": 1, "Actual Loops": 1, "Index Cond": "(s_suppkey = public.lineitem.l_suppkey)"}]}]}]}, "Triggers": [], "Planner Runtime": 0.751, "Total Runtime": 11707.86, "Unique SQL Id": 3712096918}}, "(1, '36')": {"explain_plan": {"Plan": {"Node Type": "Sort", "Startup Cost": 3247453.25, "Total Cost": 3247601.7, "Plan Rows": 59380, "Plan Width": 83, "Sort Key": ["supplier.s_suppkey"], "Plans": [{"Node Type": "Aggregate", "Strategy": "Plain", "Parent Relationship": "exec_init_plan", "Subplan Name": "InitPlan 1 (returns $0)", "Startup Cost": 1610196.85, "Total Cost": 1610196.86, "Plan Rows": 1, "Plan Width": 16, "Plans": [{"Node Type": "Aggregate", "Strategy": "Hashed", "Parent Relationship": "Outer", "Startup Cost": 1608860.8, "Total Cost": 1609454.6, "Plan Rows": 59380, "Plan Width": 24, "Group By Key": ["public.lineitem.l_suppkey"], "Plans": [{"Node Type": "Bitmap Heap Scan", "Parent Relationship": "Outer", "Relation Name": "lineitem", "Alias": "lineitem", "Startup Cost": 78544.19, "Total Cost": 1586191.59, "Plan Rows": 2266921, "Plan Width": 24, "Recheck Cond": "((l_shipdate >= '1997-07-01 00:00:00'::timestamp(0) without time zone) AND (l_shipdate < '1997-10-01 00:00:00'::timestamp without time zone)), (LLVM Optimized)", "Plans": [{"Node Type": "Bitmap Index Scan", "Parent Relationship": "Outer", "Index Name": "idx_lineitem_shipdate", "Startup Cost": 0.0, "Total Cost": 77977.46, "Plan Rows": 2266921, "Plan Width": 0, "Index Cond": "((l_shipdate >= '1997-07-01 00:00:00'::timestamp(0) without time zone) AND (l_shipdate < '1997-10-01 00:00:00'::timestamp without time zone))"}]}]}]}, {"Node Type": "Hash Join", "Parent Relationship": "Outer", "Join Type": "Inner", "Startup Cost": 1630395.71, "Total Cost": 1632548.24, "Plan Rows": 59380, "Plan Width": 83, "Inner Unique": true, "Hash Cond": "(public.lineitem.l_suppkey = supplier.s_suppkey)", "Plans": [{"Node Type": "Aggregate", "Strategy": "Hashed", "Parent Relationship": "Outer", "Startup Cost": 1625862.71, "Total Cost": 1626604.96, "Plan Rows": 59380, "Plan Width": 24, "Group By Key": ["public.lineitem.l_suppkey"], "Filter": "(sum((public.lineitem.l_extendedprice * (1::double precision - public.lineitem.l_discount))) = $0), (LLVM Optimized)", "Plans": [{"Node Type": "Bitmap Heap Scan", "Parent Relationship": "Outer", "Relation Name": "lineitem", "Alias": "lineitem", "Startup Cost": 78544.19, "Total Cost": 1586191.59, "Plan Rows": 2266921, "Plan Width": 24, "Recheck Cond": "((l_shipdate >= '1997-07-01 00:00:00'::timestamp(0) without time zone) AND (l_shipdate < '1997-10-01 00:00:00'::timestamp without time zone)), (LLVM Optimized)", "Plans": [{"Node Type": "Bitmap Index Scan", "Parent Relationship": "Outer", "Index Name": "idx_lineitem_shipdate", "Startup Cost": 0.0, "Total Cost": 77977.46, "Plan Rows": 2266921, "Plan Width": 0, "Index Cond": "((l_shipdate >= '1997-07-01 00:00:00'::timestamp(0) without time zone) AND (l_shipdate < '1997-10-01 00:00:00'::timestamp without time zone))"}]}]}, {"Node Type": "Hash", "Parent Relationship": "Inner", "Startup Cost": 3283.0, "Total Cost": 3283.0, "Plan Rows": 100000, "Plan Width": 75, "Plans": [{"Node Type": "Seq Scan", "Parent Relationship": "Outer", "Relation Name": "supplier", "Alias": "supplier", "Startup Cost": 0.0, "Total Cost": 3283.0, "Plan Rows": 100000, "Plan Width": 75}]}]}]}, "Unique SQL Id": 3712096918, "Planner Runtime": 0}, "explain_analyze_plan": {"Plan": {"Node Type": "Sort", "Startup Cost": 3247453.25, "Total Cost": 3247601.7, "Plan Rows": 59380, "Plan Width": 83, "Actual Startup Time": 10846.599, "Actual Total Time": 10846.599, "Actual Rows": 1, "Actual Loops": 1, "Sort Key": ["supplier.s_suppkey"], "Sort Method": "quicksort", "Sort Space Used": 25, "Sort Space Type": "Memory", "Plans": [{"Node Type": "Aggregate", "Strategy": "Plain", "Parent Relationship": "exec_init_plan", "Subplan Name": "InitPlan 1 (returns $0)", "Startup Cost": 1610196.85, "Total Cost": 1610196.86, "Plan Rows": 1, "Plan Width": 16, "Actual Startup Time": 5223.255, "Actual Total Time": 5223.255, "Actual Rows": 1, "Actual Loops": 1, "Plans": [{"Node Type": "Aggregate", "Strategy": "Hashed", "Parent Relationship": "Outer", "Startup Cost": 1608860.8, "Total Cost": 1609454.6, "Plan Rows": 59380, "Plan Width": 24, "Actual Startup Time": 5179.7, "Actual Total Time": 5208.354, "Actual Rows": 100000, "Actual Loops": 1, "Group By Key": ["public.lineitem.l_suppkey"], "Plans": [{"Node Type": "Bitmap Heap Scan", "Parent Relationship": "Outer", "Relation Name": "lineitem", "Alias": "lineitem", "Startup Cost": 78544.19, "Total Cost": 1586191.59, "Plan Rows": 2266921, "Plan Width": 24, "Actual Startup Time": 979.929, "Actual Total Time": 3546.169, "Actual Rows": 2293944, "Actual Loops": 1, "Recheck Cond": "((l_shipdate >= '1997-07-01 00:00:00'::timestamp(0) without time zone) AND (l_shipdate < '1997-10-01 00:00:00'::timestamp without time zone)), (LLVM Optimized, Jit Execute)", "Rows Removed by Index Recheck": 0, "Exact Heap Blocks": 732487, "Lossy Heap Blocks": 732487, "Plans": [{"Node Type": "Bitmap Index Scan", "Parent Relationship": "Outer", "Index Name": "idx_lineitem_shipdate", "Startup Cost": 0.0, "Total Cost": 77977.46, "Plan Rows": 2266921, "Plan Width": 0, "Actual Startup Time": 695.151, "Actual Total Time": 695.151, "Actual Rows": 2293944, "Actual Loops": 1, "Index Cond": "((l_shipdate >= '1997-07-01 00:00:00'::timestamp(0) without time zone) AND (l_shipdate < '1997-10-01 00:00:00'::timestamp without time zone))"}]}]}]}, {"Node Type": "Hash Join", "Parent Relationship": "Outer", "Join Type": "Inner", "Startup Cost": 1630395.71, "Total Cost": 1632548.24, "Plan Rows": 59380, "Plan Width": 83, "Actual Startup Time": 10827.47, "Actual Total Time": 10846.29, "Actual Rows": 1, "Actual Loops": 1, "Inner Unique": true, "Hash Cond": "(public.lineitem.l_suppkey = supplier.s_suppkey)", "Plans": [{"Node Type": "Aggregate", "Strategy": "Hashed", "Parent Relationship": "Outer", "Startup Cost": 1625862.71, "Total Cost": 1626604.96, "Plan Rows": 59380, "Plan Width": 24, "Actual Startup Time": 10757.207, "Actual Total Time": 10775.817, "Actual Rows": 1, "Actual Loops": 1, "Group By Key": ["public.lineitem.l_suppkey"], "Filter": "(sum((public.lineitem.l_extendedprice * (1::double precision - public.lineitem.l_discount))) = $0), (LLVM Optimized, Jit Execute)", "Rows Removed by Filter": 99999, "Plans": [{"Node Type": "Bitmap Heap Scan", "Parent Relationship": "Outer", "Relation Name": "lineitem", "Alias": "lineitem", "Startup Cost": 78544.19, "Total Cost": 1586191.59, "Plan Rows": 2266921, "Plan Width": 24, "Actual Startup Time": 1019.767, "Actual Total Time": 3859.458, "Actual Rows": 2293944, "Actual Loops": 1, "Recheck Cond": "((l_shipdate >= '1997-07-01 00:00:00'::timestamp(0) without time zone) AND (l_shipdate < '1997-10-01 00:00:00'::timestamp without time zone)), (LLVM Optimized, Jit Execute)", "Rows Removed by Index Recheck": 0, "Exact Heap Blocks": 732487, "Lossy Heap Blocks": 732487, "Plans": [{"Node Type": "Bitmap Index Scan", "Parent Relationship": "Outer", "Index Name": "idx_lineitem_shipdate", "Startup Cost": 0.0, "Total Cost": 77977.46, "Plan Rows": 2266921, "Plan Width": 0, "Actual Startup Time": 700.948, "Actual Total Time": 700.948, "Actual Rows": 2293944, "Actual Loops": 1, "Index Cond": "((l_shipdate >= '1997-07-01 00:00:00'::timestamp(0) without time zone) AND (l_shipdate < '1997-10-01 00:00:00'::timestamp without time zone))"}]}]}, {"Node Type": "Hash", "Parent Relationship": "Inner", "Startup Cost": 3283.0, "Total Cost": 3283.0, "Plan Rows": 100000, "Plan Width": 75, "Actual Startup Time": 70.11, "Actual Total Time": 70.11, "Actual Rows": 100000, "Actual Loops": 1, "Hash Buckets": 131072, "Hash Batches": 1, "Original Hash Batches": 1, "Peak Memory Usage": 10544, "Plans": [{"Node Type": "Seq Scan", "Parent Relationship": "Outer", "Relation Name": "supplier", "Alias": "supplier", "Startup Cost": 0.0, "Total Cost": 3283.0, "Plan Rows": 100000, "Plan Width": 75, "Actual Startup Time": 0.029, "Actual Total Time": 37.751, "Actual Rows": 100000, "Actual Loops": 1}]}]}]}, "Triggers": [], "Planner Runtime": 0.657, "Total Runtime": 10859.109, "Unique SQL Id": 3712096918}}, "(1, '37')": {"explain_plan": {"Plan": {"Node Type": "Sort", "Startup Cost": 3249504.79, "Total Cost": 3249653.24, "Plan Rows": 59380, "Plan Width": 83, "Sort Key": ["supplier.s_suppkey"], "Plans": [{"Node Type": "Aggregate", "Strategy": "Plain", "Parent Relationship": "exec_init_plan", "Subplan Name": "InitPlan 1 (returns $0)", "Startup Cost": 1610196.85, "Total Cost": 1610196.86, "Plan Rows": 1, "Plan Width": 16, "Plans": [{"Node Type": "Aggregate", "Strategy": "Hashed", "Parent Relationship": "Outer", "Startup Cost": 1608860.8, "Total Cost": 1609454.6, "Plan Rows": 59380, "Plan Width": 24, "Group By Key": ["public.lineitem.l_suppkey"], "Plans": [{"Node Type": "Bitmap Heap Scan", "Parent Relationship": "Outer", "Relation Name": "lineitem", "Alias": "lineitem", "Startup Cost": 78544.19, "Total Cost": 1586191.59, "Plan Rows": 2266921, "Plan Width": 24, "Recheck Cond": "((l_shipdate >= '1997-07-01 00:00:00'::timestamp(0) without time zone) AND (l_shipdate < '1997-10-01 00:00:00'::timestamp without time zone)), (LLVM Optimized)", "Plans": [{"Node Type": "Bitmap Index Scan", "Parent Relationship": "Outer", "Index Name": "idx_lineitem_shipdate", "Startup Cost": 0.0, "Total Cost": 77977.46, "Plan Rows": 2266921, "Plan Width": 0, "Index Cond": "((l_shipdate >= '1997-07-01 00:00:00'::timestamp(0) without time zone) AND (l_shipdate < '1997-10-01 00:00:00'::timestamp without time zone))"}]}]}]}, {"Node Type": "Hash Join", "Parent Relationship": "Outer", "Join Type": "Inner", "Startup Cost": 1632447.26, "Total Cost": 1634599.78, "Plan Rows": 59380, "Plan Width": 83, "Inner Unique": true, "Hash Cond": "(public.lineitem.l_suppkey = supplier.s_suppkey)", "Plans": [{"Node Type": "Aggregate", "Strategy": "Hashed", "Parent Relationship": "Outer", "Startup Cost": 1625862.71, "Total Cost": 1626604.96, "Plan Rows": 59380, "Plan Width": 24, "Group By Key": ["public.lineitem.l_suppkey"], "Filter": "(sum((public.lineitem.l_extendedprice * (1::double precision - public.lineitem.l_discount))) = $0), (LLVM Optimized)", "Plans": [{"Node Type": "Bitmap Heap Scan", "Parent Relationship": "Outer", "Relation Name": "lineitem", "Alias": "lineitem", "Startup Cost": 78544.19, "Total Cost": 1586191.59, "Plan Rows": 2266921, "Plan Width": 24, "Recheck Cond": "((l_shipdate >= '1997-07-01 00:00:00'::timestamp(0) without time zone) AND (l_shipdate < '1997-10-01 00:00:00'::timestamp without time zone)), (LLVM Optimized)", "Plans": [{"Node Type": "Bitmap Index Scan", "Parent Relationship": "Outer", "Index Name": "idx_lineitem_shipdate", "Startup Cost": 0.0, "Total Cost": 77977.46, "Plan Rows": 2266921, "Plan Width": 0, "Index Cond": "((l_shipdate >= '1997-07-01 00:00:00'::timestamp(0) without time zone) AND (l_shipdate < '1997-10-01 00:00:00'::timestamp without time zone))"}]}]}, {"Node Type": "Hash", "Parent Relationship": "Inner", "Startup Cost": 5334.54, "Total Cost": 5334.54, "Plan Rows": 100000, "Plan Width": 75, "Plans": [{"Node Type": "Index Scan", "Parent Relationship": "Outer", "Scan Direction": "Forward", "Index Name": "supplier_pkey", "Relation Name": "supplier", "Alias": "supplier", "Startup Cost": 0.0, "Total Cost": 5334.54, "Plan Rows": 100000, "Plan Width": 75}]}]}]}, "Unique SQL Id": 3712096918, "Planner Runtime": 0}, "explain_analyze_plan": {"Plan": {"Node Type": "Sort", "Startup Cost": 3249504.79, "Total Cost": 3249653.24, "Plan Rows": 59380, "Plan Width": 83, "Actual Startup Time": 10835.287, "Actual Total Time": 10835.288, "Actual Rows": 1, "Actual Loops": 1, "Sort Key": ["supplier.s_suppkey"], "Sort Method": "quicksort", "Sort Space Used": 25, "Sort Space Type": "Memory", "Plans": [{"Node Type": "Aggregate", "Strategy": "Plain", "Parent Relationship": "exec_init_plan", "Subplan Name": "InitPlan 1 (returns $0)", "Startup Cost": 1610196.85, "Total Cost": 1610196.86, "Plan Rows": 1, "Plan Width": 16, "Actual Startup Time": 5315.167, "Actual Total Time": 5315.167, "Actual Rows": 1, "Actual Loops": 1, "Plans": [{"Node Type": "Aggregate", "Strategy": "Hashed", "Parent Relationship": "Outer", "Startup Cost": 1608860.8, "Total Cost": 1609454.6, "Plan Rows": 59380, "Plan Width": 24, "Actual Startup Time": 5268.057, "Actual Total Time": 5300.078, "Actual Rows": 100000, "Actual Loops": 1, "Group By Key": ["public.lineitem.l_suppkey"], "Plans": [{"Node Type": "Bitmap Heap Scan", "Parent Relationship": "Outer", "Relation Name": "lineitem", "Alias": "lineitem", "Startup Cost": 78544.19, "Total Cost": 1586191.59, "Plan Rows": 2266921, "Plan Width": 24, "Actual Startup Time": 980.993, "Actual Total Time": 3628.25, "Actual Rows": 2293944, "Actual Loops": 1, "Recheck Cond": "((l_shipdate >= '1997-07-01 00:00:00'::timestamp(0) without time zone) AND (l_shipdate < '1997-10-01 00:00:00'::timestamp without time zone)), (LLVM Optimized, Jit Execute)", "Rows Removed by Index Recheck": 0, "Exact Heap Blocks": 732487, "Lossy Heap Blocks": 732487, "Plans": [{"Node Type": "Bitmap Index Scan", "Parent Relationship": "Outer", "Index Name": "idx_lineitem_shipdate", "Startup Cost": 0.0, "Total Cost": 77977.46, "Plan Rows": 2266921, "Plan Width": 0, "Actual Startup Time": 696.451, "Actual Total Time": 696.451, "Actual Rows": 2293944, "Actual Loops": 1, "Index Cond": "((l_shipdate >= '1997-07-01 00:00:00'::timestamp(0) without time zone) AND (l_shipdate < '1997-10-01 00:00:00'::timestamp without time zone))"}]}]}]}, {"Node Type": "Hash Join", "Parent Relationship": "Outer", "Join Type": "Inner", "Startup Cost": 1632447.26, "Total Cost": 1634599.78, "Plan Rows": 59380, "Plan Width": 83, "Actual Startup Time": 10813.935, "Actual Total Time": 10834.968, "Actual Rows": 1, "Actual Loops": 1, "Inner Unique": true, "Hash Cond": "(public.lineitem.l_suppkey = supplier.s_suppkey)", "Plans": [{"Node Type": "Aggregate", "Strategy": "Hashed", "Parent Relationship": "Outer", "Startup Cost": 1625862.71, "Total Cost": 1626604.96, "Plan Rows": 59380, "Plan Width": 24, "Actual Startup Time": 10718.906, "Actual Total Time": 10739.737, "Actual Rows": 1, "Actual Loops": 1, "Group By Key": ["public.lineitem.l_suppkey"], "Filter": "(sum((public.lineitem.l_extendedprice * (1::double precision - public.lineitem.l_discount))) = $0), (LLVM Optimized, Jit Execute)", "Rows Removed by Filter": 99999, "Plans": [{"Node Type": "Bitmap Heap Scan", "Parent Relationship": "Outer", "Relation Name": "lineitem", "Alias": "lineitem", "Startup Cost": 78544.19, "Total Cost": 1586191.59, "Plan Rows": 2266921, "Plan Width": 24, "Actual Startup Time": 985.619, "Actual Total Time": 3703.062, "Actual Rows": 2293944, "Actual Loops": 1, "Recheck Cond": "((l_shipdate >= '1997-07-01 00:00:00'::timestamp(0) without time zone) AND (l_shipdate < '1997-10-01 00:00:00'::timestamp without time zone)), (LLVM Optimized, Jit Execute)", "Rows Removed by Index Recheck": 0, "Exact Heap Blocks": 732487, "Lossy Heap Blocks": 732487, "Plans": [{"Node Type": "Bitmap Index Scan", "Parent Relationship": "Outer", "Index Name": "idx_lineitem_shipdate", "Startup Cost": 0.0, "Total Cost": 77977.46, "Plan Rows": 2266921, "Plan Width": 0, "Actual Startup Time": 700.856, "Actual Total Time": 700.856, "Actual Rows": 2293944, "Actual Loops": 1, "Index Cond": "((l_shipdate >= '1997-07-01 00:00:00'::timestamp(0) without time zone) AND (l_shipdate < '1997-10-01 00:00:00'::timestamp without time zone))"}]}]}, {"Node Type": "Hash", "Parent Relationship": "Inner", "Startup Cost": 5334.54, "Total Cost": 5334.54, "Plan Rows": 100000, "Plan Width": 75, "Actual Startup Time": 94.796, "Actual Total Time": 94.796, "Actual Rows": 100000, "Actual Loops": 1, "Hash Buckets": 131072, "Hash Batches": 1, "Original Hash Batches": 1, "Peak Memory Usage": 10544, "Plans": [{"Node Type": "Index Scan", "Parent Relationship": "Outer", "Scan Direction": "Forward", "Index Name": "supplier_pkey", "Relation Name": "supplier", "Alias": "supplier", "Startup Cost": 0.0, "Total Cost": 5334.54, "Plan Rows": 100000, "Plan Width": 75, "Actual Startup Time": 0.045, "Actual Total Time": 60.951, "Actual Rows": 100000, "Actual Loops": 1}]}]}]}, "Triggers": [], "Planner Runtime": 0.683, "Total Runtime": 10847.902, "Unique SQL Id": 3712096918}}, "(1, '38')": {"explain_plan": {"Plan": {"Node Type": "Sort", "Startup Cost": 3247453.25, "Total Cost": 3247601.7, "Plan Rows": 59380, "Plan Width": 83, "Sort Key": ["supplier.s_suppkey"], "Plans": [{"Node Type": "Aggregate", "Strategy": "Plain", "Parent Relationship": "exec_init_plan", "Subplan Name": "InitPlan 1 (returns $0)", "Startup Cost": 1610196.85, "Total Cost": 1610196.86, "Plan Rows": 1, "Plan Width": 16, "Plans": [{"Node Type": "Aggregate", "Strategy": "Hashed", "Parent Relationship": "Outer", "Startup Cost": 1608860.8, "Total Cost": 1609454.6, "Plan Rows": 59380, "Plan Width": 24, "Group By Key": ["public.lineitem.l_suppkey"], "Plans": [{"Node Type": "Bitmap Heap Scan", "Parent Relationship": "Outer", "Relation Name": "lineitem", "Alias": "lineitem", "Startup Cost": 78544.19, "Total Cost": 1586191.59, "Plan Rows": 2266921, "Plan Width": 24, "Recheck Cond": "((l_shipdate >= '1997-07-01 00:00:00'::timestamp(0) without time zone) AND (l_shipdate < '1997-10-01 00:00:00'::timestamp without time zone)), (LLVM Optimized)", "Plans": [{"Node Type": "Bitmap Index Scan", "Parent Relationship": "Outer", "Index Name": "idx_lineitem_shipdate", "Startup Cost": 0.0, "Total Cost": 77977.46, "Plan Rows": 2266921, "Plan Width": 0, "Index Cond": "((l_shipdate >= '1997-07-01 00:00:00'::timestamp(0) without time zone) AND (l_shipdate < '1997-10-01 00:00:00'::timestamp without time zone))"}]}]}]}, {"Node Type": "Hash Join", "Parent Relationship": "Outer", "Join Type": "Inner", "Startup Cost": 1630395.71, "Total Cost": 1632548.24, "Plan Rows": 59380, "Plan Width": 83, "Inner Unique": true, "Hash Cond": "(public.lineitem.l_suppkey = supplier.s_suppkey)", "Plans": [{"Node Type": "Aggregate", "Strategy": "Hashed", "Parent Relationship": "Outer", "Startup Cost": 1625862.71, "Total Cost": 1626604.96, "Plan Rows": 59380, "Plan Width": 24, "Group By Key": ["public.lineitem.l_suppkey"], "Filter": "(sum((public.lineitem.l_extendedprice * (1::double precision - public.lineitem.l_discount))) = $0), (LLVM Optimized)", "Plans": [{"Node Type": "Bitmap Heap Scan", "Parent Relationship": "Outer", "Relation Name": "lineitem", "Alias": "lineitem", "Startup Cost": 78544.19, "Total Cost": 1586191.59, "Plan Rows": 2266921, "Plan Width": 24, "Recheck Cond": "((l_shipdate >= '1997-07-01 00:00:00'::timestamp(0) without time zone) AND (l_shipdate < '1997-10-01 00:00:00'::timestamp without time zone)), (LLVM Optimized)", "Plans": [{"Node Type": "Bitmap Index Scan", "Parent Relationship": "Outer", "Index Name": "idx_lineitem_shipdate", "Startup Cost": 0.0, "Total Cost": 77977.46, "Plan Rows": 2266921, "Plan Width": 0, "Index Cond": "((l_shipdate >= '1997-07-01 00:00:00'::timestamp(0) without time zone) AND (l_shipdate < '1997-10-01 00:00:00'::timestamp without time zone))"}]}]}, {"Node Type": "Hash", "Parent Relationship": "Inner", "Startup Cost": 3283.0, "Total Cost": 3283.0, "Plan Rows": 100000, "Plan Width": 75, "Plans": [{"Node Type": "Seq Scan", "Parent Relationship": "Outer", "Relation Name": "supplier", "Alias": "supplier", "Startup Cost": 0.0, "Total Cost": 3283.0, "Plan Rows": 100000, "Plan Width": 75}]}]}]}, "Unique SQL Id": 3712096918, "Planner Runtime": 0}, "explain_analyze_plan": {"Plan": {"Node Type": "Sort", "Startup Cost": 3247453.25, "Total Cost": 3247601.7, "Plan Rows": 59380, "Plan Width": 83, "Actual Startup Time": 10846.599, "Actual Total Time": 10846.599, "Actual Rows": 1, "Actual Loops": 1, "Sort Key": ["supplier.s_suppkey"], "Sort Method": "quicksort", "Sort Space Used": 25, "Sort Space Type": "Memory", "Plans": [{"Node Type": "Aggregate", "Strategy": "Plain", "Parent Relationship": "exec_init_plan", "Subplan Name": "InitPlan 1 (returns $0)", "Startup Cost": 1610196.85, "Total Cost": 1610196.86, "Plan Rows": 1, "Plan Width": 16, "Actual Startup Time": 5223.255, "Actual Total Time": 5223.255, "Actual Rows": 1, "Actual Loops": 1, "Plans": [{"Node Type": "Aggregate", "Strategy": "Hashed", "Parent Relationship": "Outer", "Startup Cost": 1608860.8, "Total Cost": 1609454.6, "Plan Rows": 59380, "Plan Width": 24, "Actual Startup Time": 5179.7, "Actual Total Time": 5208.354, "Actual Rows": 100000, "Actual Loops": 1, "Group By Key": ["public.lineitem.l_suppkey"], "Plans": [{"Node Type": "Bitmap Heap Scan", "Parent Relationship": "Outer", "Relation Name": "lineitem", "Alias": "lineitem", "Startup Cost": 78544.19, "Total Cost": 1586191.59, "Plan Rows": 2266921, "Plan Width": 24, "Actual Startup Time": 979.929, "Actual Total Time": 3546.169, "Actual Rows": 2293944, "Actual Loops": 1, "Recheck Cond": "((l_shipdate >= '1997-07-01 00:00:00'::timestamp(0) without time zone) AND (l_shipdate < '1997-10-01 00:00:00'::timestamp without time zone)), (LLVM Optimized, Jit Execute)", "Rows Removed by Index Recheck": 0, "Exact Heap Blocks": 732487, "Lossy Heap Blocks": 732487, "Plans": [{"Node Type": "Bitmap Index Scan", "Parent Relationship": "Outer", "Index Name": "idx_lineitem_shipdate", "Startup Cost": 0.0, "Total Cost": 77977.46, "Plan Rows": 2266921, "Plan Width": 0, "Actual Startup Time": 695.151, "Actual Total Time": 695.151, "Actual Rows": 2293944, "Actual Loops": 1, "Index Cond": "((l_shipdate >= '1997-07-01 00:00:00'::timestamp(0) without time zone) AND (l_shipdate < '1997-10-01 00:00:00'::timestamp without time zone))"}]}]}]}, {"Node Type": "Hash Join", "Parent Relationship": "Outer", "Join Type": "Inner", "Startup Cost": 1630395.71, "Total Cost": 1632548.24, "Plan Rows": 59380, "Plan Width": 83, "Actual Startup Time": 10827.47, "Actual Total Time": 10846.29, "Actual Rows": 1, "Actual Loops": 1, "Inner Unique": true, "Hash Cond": "(public.lineitem.l_suppkey = supplier.s_suppkey)", "Plans": [{"Node Type": "Aggregate", "Strategy": "Hashed", "Parent Relationship": "Outer", "Startup Cost": 1625862.71, "Total Cost": 1626604.96, "Plan Rows": 59380, "Plan Width": 24, "Actual Startup Time": 10757.207, "Actual Total Time": 10775.817, "Actual Rows": 1, "Actual Loops": 1, "Group By Key": ["public.lineitem.l_suppkey"], "Filter": "(sum((public.lineitem.l_extendedprice * (1::double precision - public.lineitem.l_discount))) = $0), (LLVM Optimized, Jit Execute)", "Rows Removed by Filter": 99999, "Plans": [{"Node Type": "Bitmap Heap Scan", "Parent Relationship": "Outer", "Relation Name": "lineitem", "Alias": "lineitem", "Startup Cost": 78544.19, "Total Cost": 1586191.59, "Plan Rows": 2266921, "Plan Width": 24, "Actual Startup Time": 1019.767, "Actual Total Time": 3859.458, "Actual Rows": 2293944, "Actual Loops": 1, "Recheck Cond": "((l_shipdate >= '1997-07-01 00:00:00'::timestamp(0) without time zone) AND (l_shipdate < '1997-10-01 00:00:00'::timestamp without time zone)), (LLVM Optimized, Jit Execute)", "Rows Removed by Index Recheck": 0, "Exact Heap Blocks": 732487, "Lossy Heap Blocks": 732487, "Plans": [{"Node Type": "Bitmap Index Scan", "Parent Relationship": "Outer", "Index Name": "idx_lineitem_shipdate", "Startup Cost": 0.0, "Total Cost": 77977.46, "Plan Rows": 2266921, "Plan Width": 0, "Actual Startup Time": 700.948, "Actual Total Time": 700.948, "Actual Rows": 2293944, "Actual Loops": 1, "Index Cond": "((l_shipdate >= '1997-07-01 00:00:00'::timestamp(0) without time zone) AND (l_shipdate < '1997-10-01 00:00:00'::timestamp without time zone))"}]}]}, {"Node Type": "Hash", "Parent Relationship": "Inner", "Startup Cost": 3283.0, "Total Cost": 3283.0, "Plan Rows": 100000, "Plan Width": 75, "Actual Startup Time": 70.11, "Actual Total Time": 70.11, "Actual Rows": 100000, "Actual Loops": 1, "Hash Buckets": 131072, "Hash Batches": 1, "Original Hash Batches": 1, "Peak Memory Usage": 10544, "Plans": [{"Node Type": "Seq Scan", "Parent Relationship": "Outer", "Relation Name": "supplier", "Alias": "supplier", "Startup Cost": 0.0, "Total Cost": 3283.0, "Plan Rows": 100000, "Plan Width": 75, "Actual Startup Time": 0.029, "Actual Total Time": 37.751, "Actual Rows": 100000, "Actual Loops": 1}]}]}]}, "Triggers": [], "Planner Runtime": 0.657, "Total Runtime": 10859.109, "Unique SQL Id": 3712096918}}, "(1, '39')": {"explain_plan": {"Plan": {"Node Type": "Sort", "Startup Cost": 3497813.02, "Total Cost": 3497961.47, "Plan Rows": 59380, "Plan Width": 83, "Sort Key": ["supplier.s_suppkey"], "Plans": [{"Node Type": "Aggregate", "Strategy": "Plain", "Parent Relationship": "exec_init_plan", "Subplan Name": "InitPlan 1 (returns $0)", "Startup Cost": 1610196.85, "Total Cost": 1610196.86, "Plan Rows": 1, "Plan Width": 16, "Plans": [{"Node Type": "Aggregate", "Strategy": "Hashed", "Parent Relationship": "Outer", "Startup Cost": 1608860.8, "Total Cost": 1609454.6, "Plan Rows": 59380, "Plan Width": 24, "Group By Key": ["public.lineitem.l_suppkey"], "Plans": [{"Node Type": "Bitmap Heap Scan", "Parent Relationship": "Outer", "Relation Name": "lineitem", "Alias": "lineitem", "Startup Cost": 78544.19, "Total Cost": 1586191.59, "Plan Rows": 2266921, "Plan Width": 24, "Recheck Cond": "((l_shipdate >= '1997-07-01 00:00:00'::timestamp(0) without time zone) AND (l_shipdate < '1997-10-01 00:00:00'::timestamp without time zone)), (LLVM Optimized)", "Plans": [{"Node Type": "Bitmap Index Scan", "Parent Relationship": "Outer", "Index Name": "idx_lineitem_shipdate", "Startup Cost": 0.0, "Total Cost": 77977.46, "Plan Rows": 2266921, "Plan Width": 0, "Index Cond": "((l_shipdate >= '1997-07-01 00:00:00'::timestamp(0) without time zone) AND (l_shipdate < '1997-10-01 00:00:00'::timestamp without time zone))"}]}]}]}, {"Node Type": "Nested Loop", "Parent Relationship": "Outer", "Join Type": "Inner", "Startup Cost": 1625863.0, "Total Cost": 1882908.01, "Plan Rows": 59380, "Plan Width": 83, "Inner Unique": true, "Plans": [{"Node Type": "Aggregate", "Strategy": "Hashed", "Parent Relationship": "Outer", "Startup Cost": 1625862.71, "Total Cost": 1626604.96, "Plan Rows": 59380, "Plan Width": 24, "Group By Key": ["public.lineitem.l_suppkey"], "Filter": "(sum((public.lineitem.l_extendedprice * (1::double precision - public.lineitem.l_discount))) = $0), (LLVM Optimized)", "Plans": [{"Node Type": "Bitmap Heap Scan", "Parent Relationship": "Outer", "Relation Name": "lineitem", "Alias": "lineitem", "Startup Cost": 78544.19, "Total Cost": 1586191.59, "Plan Rows": 2266921, "Plan Width": 24, "Recheck Cond": "((l_shipdate >= '1997-07-01 00:00:00'::timestamp(0) without time zone) AND (l_shipdate < '1997-10-01 00:00:00'::timestamp without time zone)), (LLVM Optimized)", "Plans": [{"Node Type": "Bitmap Index Scan", "Parent Relationship": "Outer", "Index Name": "idx_lineitem_shipdate", "Startup Cost": 0.0, "Total Cost": 77977.46, "Plan Rows": 2266921, "Plan Width": 0, "Index Cond": "((l_shipdate >= '1997-07-01 00:00:00'::timestamp(0) without time zone) AND (l_shipdate < '1997-10-01 00:00:00'::timestamp without time zone))"}]}]}, {"Node Type": "Bitmap Heap Scan", "Parent Relationship": "Inner", "Relation Name": "supplier", "Alias": "supplier", "Startup Cost": 0.28, "Total Cost": 4.3, "Plan Rows": 1, "Plan Width": 75, "Recheck Cond": "(s_suppkey = public.lineitem.l_suppkey)", "Plans": [{"Node Type": "Bitmap Index Scan", "Parent Relationship": "Outer", "Index Name": "supplier_pkey", "Startup Cost": 0.0, "Total Cost": 0.28, "Plan Rows": 1, "Plan Width": 0, "Index Cond": "(s_suppkey = public.lineitem.l_suppkey)"}]}]}]}, "Unique SQL Id": 3712096918, "Planner Runtime": 0}, "explain_analyze_plan": {"Plan": {"Node Type": "Sort", "Startup Cost": 3497813.02, "Total Cost": 3497961.47, "Plan Rows": 59380, "Plan Width": 83, "Actual Startup Time": 11695.124, "Actual Total Time": 11695.125, "Actual Rows": 1, "Actual Loops": 1, "Sort Key": ["supplier.s_suppkey"], "Sort Method": "quicksort", "Sort Space Used": 25, "Sort Space Type": "Memory", "Plans": [{"Node Type": "Aggregate", "Strategy": "Plain", "Parent Relationship": "exec_init_plan", "Subplan Name": "InitPlan 1 (returns $0)", "Startup Cost": 1610196.85, "Total Cost": 1610196.86, "Plan Rows": 1, "Plan Width": 16, "Actual Startup Time": 5790.695, "Actual Total Time": 5790.695, "Actual Rows": 1, "Actual Loops": 1, "Plans": [{"Node Type": "Aggregate", "Strategy": "Hashed", "Parent Relationship": "Outer", "Startup Cost": 1608860.8, "Total Cost": 1609454.6, "Plan Rows": 59380, "Plan Width": 24, "Actual Startup Time": 5744.183, "Actual Total Time": 5775.7, "Actual Rows": 100000, "Actual Loops": 1, "Group By Key": ["public.lineitem.l_suppkey"], "Plans": [{"Node Type": "Bitmap Heap Scan", "Parent Relationship": "Outer", "Relation Name": "lineitem", "Alias": "lineitem", "Startup Cost": 78544.19, "Total Cost": 1586191.59, "Plan Rows": 2266921, "Plan Width": 24, "Actual Startup Time": 1410.62, "Actual Total Time": 4017.87, "Actual Rows": 2293944, "Actual Loops": 1, "Recheck Cond": "((l_shipdate >= '1997-07-01 00:00:00'::timestamp(0) without time zone) AND (l_shipdate < '1997-10-01 00:00:00'::timestamp without time zone)), (LLVM Optimized, Jit Execute)", "Rows Removed by Index Recheck": 0, "Exact Heap Blocks": 732487, "Lossy Heap Blocks": 732487, "Plans": [{"Node Type": "Bitmap Index Scan", "Parent Relationship": "Outer", "Index Name": "idx_lineitem_shipdate", "Startup Cost": 0.0, "Total Cost": 77977.46, "Plan Rows": 2266921, "Plan Width": 0, "Actual Startup Time": 1037.637, "Actual Total Time": 1037.637, "Actual Rows": 2293944, "Actual Loops": 1, "Index Cond": "((l_shipdate >= '1997-07-01 00:00:00'::timestamp(0) without time zone) AND (l_shipdate < '1997-10-01 00:00:00'::timestamp without time zone))"}]}]}]}, {"Node Type": "Nested Loop", "Parent Relationship": "Outer", "Join Type": "Inner", "Startup Cost": 1625863.0, "Total Cost": 1882908.01, "Plan Rows": 59380, "Plan Width": 83, "Actual Startup Time": 11669.86, "Actual Total Time": 11695.099, "Actual Rows": 1, "Actual Loops": 1, "Inner Unique": true, "Plans": [{"Node Type": "Aggregate", "Strategy": "Hashed", "Parent Relationship": "Outer", "Startup Cost": 1625862.71, "Total Cost": 1626604.96, "Plan Rows": 59380, "Plan Width": 24, "Actual Startup Time": 11669.792, "Actual Total Time": 11694.747, "Actual Rows": 1, "Actual Loops": 1, "Group By Key": ["public.lineitem.l_suppkey"], "Filter": "(sum((public.lineitem.l_extendedprice * (1::double precision - public.lineitem.l_discount))) = $0), (LLVM Optimized, Jit Execute)", "Rows Removed by Filter": 99999, "Plans": [{"Node Type": "Bitmap Heap Scan", "Parent Relationship": "Outer", "Relation Name": "lineitem", "Alias": "lineitem", "Startup Cost": 78544.19, "Total Cost": 1586191.59, "Plan Rows": 2266921, "Plan Width": 24, "Actual Startup Time": 1071.216, "Actual Total Time": 4099.156, "Actual Rows": 2293944, "Actual Loops": 1, "Recheck Cond": "((l_shipdate >= '1997-07-01 00:00:00'::timestamp(0) without time zone) AND (l_shipdate < '1997-10-01 00:00:00'::timestamp without time zone)), (LLVM Optimized, Jit Execute)", "Rows Removed by Index Recheck": 0, "Exact Heap Blocks": 732487, "Lossy Heap Blocks": 732487, "Plans": [{"Node Type": "Bitmap Index Scan", "Parent Relationship": "Outer", "Index Name": "idx_lineitem_shipdate", "Startup Cost": 0.0, "Total Cost": 77977.46, "Plan Rows": 2266921, "Plan Width": 0, "Actual Startup Time": 709.182, "Actual Total Time": 709.182, "Actual Rows": 2293944, "Actual Loops": 1, "Index Cond": "((l_shipdate >= '1997-07-01 00:00:00'::timestamp(0) without time zone) AND (l_shipdate < '1997-10-01 00:00:00'::timestamp without time zone))"}]}]}, {"Node Type": "Bitmap Heap Scan", "Parent Relationship": "Inner", "Relation Name": "supplier", "Alias": "supplier", "Startup Cost": 0.28, "Total Cost": 4.3, "Plan Rows": 1, "Plan Width": 75, "Actual Startup Time": 0.05, "Actual Total Time": 0.05, "Actual Rows": 1, "Actual Loops": 1, "Recheck Cond": "(s_suppkey = public.lineitem.l_suppkey)", "Rows Removed by Index Recheck": 0, "Exact Heap Blocks": 1, "Lossy Heap Blocks": 1, "Plans": [{"Node Type": "Bitmap Index Scan", "Parent Relationship": "Outer", "Index Name": "supplier_pkey", "Startup Cost": 0.0, "Total Cost": 0.28, "Plan Rows": 1, "Plan Width": 0, "Actual Startup Time": 0.026, "Actual Total Time": 0.026, "Actual Rows": 1, "Actual Loops": 1, "Index Cond": "(s_suppkey = public.lineitem.l_suppkey)"}]}]}]}, "Triggers": [], "Planner Runtime": 0.751, "Total Runtime": 11707.86, "Unique SQL Id": 3712096918}}, "(1, '40')": {"explain_plan": {"Plan": {"Node Type": "Sort", "Startup Cost": 4727127.98, "Total Cost": 4727276.43, "Plan Rows": 59380, "Plan Width": 83, "Sort Key": ["supplier.s_suppkey"], "Plans": [{"Node Type": "Aggregate", "Strategy": "Plain", "Parent Relationship": "exec_init_plan", "Subplan Name": "InitPlan 1 (returns $0)", "Startup Cost": 2339055.76, "Total Cost": 2339055.77, "Plan Rows": 1, "Plan Width": 16, "Plans": [{"Node Type": "Aggregate", "Strategy": "Hashed", "Parent Relationship": "Outer", "Startup Cost": 2337719.71, "Total Cost": 2338313.51, "Plan Rows": 59380, "Plan Width": 24, "Group By Key": ["public.lineitem.l_suppkey"], "Plans": [{"Node Type": "Seq Scan", "Parent Relationship": "Outer", "Relation Name": "lineitem", "Alias": "lineitem", "Startup Cost": 25.33, "Total Cost": 2315050.5, "Plan Rows": 2266921, "Plan Width": 24, "Filter": "((l_shipdate >= '1997-07-01 00:00:00'::timestamp(0) without time zone) AND (l_shipdate < '1997-10-01 00:00:00'::timestamp without time zone)), (LLVM Optimized)"}]}]}, {"Node Type": "Nested Loop", "Parent Relationship": "Outer", "Join Type": "Inner", "Startup Cost": 2354721.61, "Total Cost": 2383364.06, "Plan Rows": 59380, "Plan Width": 83, "Inner Unique": true, "Plans": [{"Node Type": "Aggregate", "Strategy": "Hashed", "Parent Relationship": "Outer", "Startup Cost": 2354721.61, "Total Cost": 2355463.86, "Plan Rows": 59380, "Plan Width": 24, "Group By Key": ["public.lineitem.l_suppkey"], "Filter": "(sum((public.lineitem.l_extendedprice * (1::double precision - public.lineitem.l_discount))) = $0), (LLVM Optimized)", "Plans": [{"Node Type": "Seq Scan", "Parent Relationship": "Outer", "Relation Name": "lineitem", "Alias": "lineitem", "Startup Cost": 25.33, "Total Cost": 2315050.5, "Plan Rows": 2266921, "Plan Width": 24, "Filter": "((l_shipdate >= '1997-07-01 00:00:00'::timestamp(0) without time zone) AND (l_shipdate < '1997-10-01 00:00:00'::timestamp without time zone)), (LLVM Optimized)"}]}, {"Node Type": "Index Scan", "Parent Relationship": "Inner", "Scan Direction": "Forward", "Index Name": "supplier_pkey", "Relation Name": "supplier", "Alias": "supplier", "Startup Cost": 0.0, "Total Cost": 0.45, "Plan Rows": 1, "Plan Width": 75, "Index Cond": "(s_suppkey = public.lineitem.l_suppkey)"}]}]}, "Unique SQL Id": 3712096918, "Planner Runtime": 0}, "explain_analyze_plan": null}, "(1, '41')": {"explain_plan": {"Plan": {"Node Type": "Sort", "Startup Cost": 10368528.3, "Total Cost": 10368676.75, "Plan Rows": 59380, "Plan Width": 83, "Sort Key": ["supplier.s_suppkey"], "Plans": [{"Node Type": "Aggregate", "Strategy": "Plain", "Parent Relationship": "exec_init_plan", "Subplan Name": "InitPlan 1 (returns $0)", "Startup Cost": 5159755.92, "Total Cost": 5159755.93, "Plan Rows": 1, "Plan Width": 16, "Plans": [{"Node Type": "Aggregate", "Strategy": "Hashed", "Parent Relationship": "Outer", "Startup Cost": 5158419.87, "Total Cost": 5159013.67, "Plan Rows": 59380, "Plan Width": 24, "Group By Key": ["public.lineitem.l_suppkey"], "Plans": [{"Node Type": "Index Scan", "Parent Relationship": "Outer", "Scan Direction": "Forward", "Index Name": "idx_lineitem_shipdate", "Relation Name": "lineitem", "Alias": "lineitem", "Startup Cost": 0.0, "Total Cost": 5135750.66, "Plan Rows": 2266921, "Plan Width": 24, "Index Cond": "((l_shipdate >= '1997-07-01 00:00:00'::timestamp(0) without time zone) AND (l_shipdate < '1997-10-01 00:00:00'::timestamp without time zone)), (LLVM Optimized)"}]}]}, {"Node Type": "Nested Loop", "Parent Relationship": "Outer", "Join Type": "Inner", "Startup Cost": 5175421.77, "Total Cost": 5204064.22, "Plan Rows": 59380, "Plan Width": 83, "Inner Unique": true, "Plans": [{"Node Type": "Aggregate", "Strategy": "Hashed", "Parent Relationship": "Outer", "Startup Cost": 5175421.77, "Total Cost": 5176164.02, "Plan Rows": 59380, "Plan Width": 24, "Group By Key": ["public.lineitem.l_suppkey"], "Filter": "(sum((public.lineitem.l_extendedprice * (1::double precision - public.lineitem.l_discount))) = $0), (LLVM Optimized)", "Plans": [{"Node Type": "Index Scan", "Parent Relationship": "Outer", "Scan Direction": "Forward", "Index Name": "idx_lineitem_shipdate", "Relation Name": "lineitem", "Alias": "lineitem", "Startup Cost": 0.0, "Total Cost": 5135750.66, "Plan Rows": 2266921, "Plan Width": 24, "Index Cond": "((l_shipdate >= '1997-07-01 00:00:00'::timestamp(0) without time zone) AND (l_shipdate < '1997-10-01 00:00:00'::timestamp without time zone)), (LLVM Optimized)"}]}, {"Node Type": "Index Scan", "Parent Relationship": "Inner", "Scan Direction": "Forward", "Index Name": "supplier_pkey", "Relation Name": "supplier", "Alias": "supplier", "Startup Cost": 0.0, "Total Cost": 0.45, "Plan Rows": 1, "Plan Width": 75, "Index Cond": "(s_suppkey = public.lineitem.l_suppkey)"}]}]}, "Unique SQL Id": 3712096918, "Planner Runtime": 0}, "explain_analyze_plan": {"Plan": {"Node Type": "Sort", "Startup Cost": 10368528.3, "Total Cost": 10368676.75, "Plan Rows": 59380, "Plan Width": 83, "Actual Startup Time": 16053.742, "Actual Total Time": 16053.743, "Actual Rows": 1, "Actual Loops": 1, "Sort Key": ["supplier.s_suppkey"], "Sort Method": "quicksort", "Sort Space Used": 25, "Sort Space Type": "Memory", "Plans": [{"Node Type": "Aggregate", "Strategy": "Plain", "Parent Relationship": "exec_init_plan", "Subplan Name": "InitPlan 1 (returns $0)", "Startup Cost": 5159755.92, "Total Cost": 5159755.93, "Plan Rows": 1, "Plan Width": 16, "Actual Startup Time": 8267.458, "Actual Total Time": 8267.458, "Actual Rows": 1, "Actual Loops": 1, "Plans": [{"Node Type": "Aggregate", "Strategy": "Hashed", "Parent Relationship": "Outer", "Startup Cost": 5158419.87, "Total Cost": 5159013.67, "Plan Rows": 59380, "Plan Width": 24, "Actual Startup Time": 8221.527, "Actual Total Time": 8252.553, "Actual Rows": 100000, "Actual Loops": 1, "Group By Key": ["public.lineitem.l_suppkey"], "Plans": [{"Node Type": "Index Scan", "Parent Relationship": "Outer", "Scan Direction": "Forward", "Index Name": "idx_lineitem_shipdate", "Relation Name": "lineitem", "Alias": "lineitem", "Startup Cost": 0.0, "Total Cost": 5135750.66, "Plan Rows": 2266921, "Plan Width": 24, "Actual Startup Time": 0.067, "Actual Total Time": 6130.937, "Actual Rows": 2293944, "Actual Loops": 1, "Index Cond": "((l_shipdate >= '1997-07-01 00:00:00'::timestamp(0) without time zone) AND (l_shipdate < '1997-10-01 00:00:00'::timestamp without time zone)), (LLVM Optimized, Jit Execute)", "Rows Removed by Index Recheck": 0}]}]}, {"Node Type": "Nested Loop", "Parent Relationship": "Outer", "Join Type": "Inner", "Startup Cost": 5175421.77, "Total Cost": 5204064.22, "Plan Rows": 59380, "Plan Width": 83, "Actual Startup Time": 16035.218, "Actual Total Time": 16053.717, "Actual Rows": 1, "Actual Loops": 1, "Inner Unique": true, "Plans": [{"Node Type": "Aggregate", "Strategy": "Hashed", "Parent Relationship": "Outer", "Startup Cost": 5175421.77, "Total Cost": 5176164.02, "Plan Rows": 59380, "Plan Width": 24, "Actual Startup Time": 16035.163, "Actual Total Time": 16053.415, "Actual Rows": 1, "Actual Loops": 1, "Group By Key": ["public.lineitem.l_suppkey"], "Filter": "(sum((public.lineitem.l_extendedprice * (1::double precision - public.lineitem.l_discount))) = $0), (LLVM Optimized, Jit Execute)", "Rows Removed by Filter": 99999, "Plans": [{"Node Type": "Index Scan", "Parent Relationship": "Outer", "Scan Direction": "Forward", "Index Name": "idx_lineitem_shipdate", "Relation Name": "lineitem", "Alias": "lineitem", "Startup Cost": 0.0, "Total Cost": 5135750.66, "Plan Rows": 2266921, "Plan Width": 24, "Actual Startup Time": 0.058, "Actual Total Time": 5645.488, "Actual Rows": 2293944, "Actual Loops": 1, "Index Cond": "((l_shipdate >= '1997-07-01 00:00:00'::timestamp(0) without time zone) AND (l_shipdate < '1997-10-01 00:00:00'::timestamp without time zone)), (LLVM Optimized, Jit Execute)", "Rows Removed by Index Recheck": 0}]}, {"Node Type": "Index Scan", "Parent Relationship": "Inner", "Scan Direction": "Forward", "Index Name": "supplier_pkey", "Relation Name": "supplier", "Alias": "supplier", "Startup Cost": 0.0, "Total Cost": 0.45, "Plan Rows": 1, "Plan Width": 75, "Actual Startup Time": 0.041, "Actual Total Time": 0.041, "Actual Rows": 1, "Actual Loops": 1, "Index Cond": "(s_suppkey = public.lineitem.l_suppkey)", "Rows Removed by Index Recheck": 0}]}]}, "Triggers": [], "Planner Runtime": 0.654, "Total Runtime": 16065.015, "Unique SQL Id": 3712096918}}, "(1, '42')": {"explain_plan": {"Plan": {"Node Type": "Sort", "Startup Cost": 4705171.05, "Total Cost": 4705319.5, "Plan Rows": 59380, "Plan Width": 83, "Sort Key": ["supplier.s_suppkey"], "Plans": [{"Node Type": "Aggregate", "Strategy": "Plain", "Parent Relationship": "exec_init_plan", "Subplan Name": "InitPlan 1 (returns $0)", "Startup Cost": 2339055.76, "Total Cost": 2339055.77, "Plan Rows": 1, "Plan Width": 16, "Plans": [{"Node Type": "Aggregate", "Strategy": "Hashed", "Parent Relationship": "Outer", "Startup Cost": 2337719.71, "Total Cost": 2338313.51, "Plan Rows": 59380, "Plan Width": 24, "Group By Key": ["public.lineitem.l_suppkey"], "Plans": [{"Node Type": "Seq Scan", "Parent Relationship": "Outer", "Relation Name": "lineitem", "Alias": "lineitem", "Startup Cost": 25.33, "Total Cost": 2315050.5, "Plan Rows": 2266921, "Plan Width": 24, "Filter": "((l_shipdate >= '1997-07-01 00:00:00'::timestamp(0) without time zone) AND (l_shipdate < '1997-10-01 00:00:00'::timestamp without time zone)), (LLVM Optimized)"}]}]}, {"Node Type": "Hash Join", "Parent Relationship": "Outer", "Join Type": "Inner", "Startup Cost": 2359254.61, "Total Cost": 2361407.14, "Plan Rows": 59380, "Plan Width": 83, "Inner Unique": true, "Hash Cond": "(public.lineitem.l_suppkey = supplier.s_suppkey)", "Plans": [{"Node Type": "Aggregate", "Strategy": "Hashed", "Parent Relationship": "Outer", "Startup Cost": 2354721.61, "Total Cost": 2355463.86, "Plan Rows": 59380, "Plan Width": 24, "Group By Key": ["public.lineitem.l_suppkey"], "Filter": "(sum((public.lineitem.l_extendedprice * (1::double precision - public.lineitem.l_discount))) = $0), (LLVM Optimized)", "Plans": [{"Node Type": "Seq Scan", "Parent Relationship": "Outer", "Relation Name": "lineitem", "Alias": "lineitem", "Startup Cost": 25.33, "Total Cost": 2315050.5, "Plan Rows": 2266921, "Plan Width": 24, "Filter": "((l_shipdate >= '1997-07-01 00:00:00'::timestamp(0) without time zone) AND (l_shipdate < '1997-10-01 00:00:00'::timestamp without time zone)), (LLVM Optimized)"}]}, {"Node Type": "Hash", "Parent Relationship": "Inner", "Startup Cost": 3283.0, "Total Cost": 3283.0, "Plan Rows": 100000, "Plan Width": 75, "Plans": [{"Node Type": "Seq Scan", "Parent Relationship": "Outer", "Relation Name": "supplier", "Alias": "supplier", "Startup Cost": 0.0, "Total Cost": 3283.0, "Plan Rows": 100000, "Plan Width": 75}]}]}]}, "Unique SQL Id": 3712096918, "Planner Runtime": 0}, "explain_analyze_plan": null}, "(1, '43')": {"explain_plan": {"Plan": {"Node Type": "Nested Loop", "Join Type": "Inner", "Startup Cost": 2010463073775.39, "Total Cost": 3000552678714.27, "Plan Rows": 59380, "Plan Width": 83, "Inner Unique": true, "Join Filter": "(supplier.s_suppkey = revenue0.supplier_no)", "Plans": [{"Node Type": "Aggregate", "Strategy": "Plain", "Parent Relationship": "exec_init_plan", "Subplan Name": "InitPlan 1 (returns $0)", "Startup Cost": 1000231529054.76, "Total Cost": 1000231529054.77, "Plan Rows": 1, "Plan Width": 16, "Plans": [{"Node Type": "Aggregate", "Strategy": "Hashed", "Parent Relationship": "Outer", "Startup Cost": 1000231527718.71, "Total Cost": 1000231528312.51, "Plan Rows": 59380, "Plan Width": 24, "Group By Key": ["public.lineitem.l_suppkey"], "Plans": [{"Node Type": "Seq Scan", "Parent Relationship": "Outer", "Relation Name": "lineitem", "Alias": "lineitem", "Startup Cost": 10000000025.02, "Total Cost": 1000231505049.5, "Plan Rows": 2266921, "Plan Width": 24, "Filter": "((l_shipdate >= '1997-07-01 00:00:00'::timestamp(0) without time zone) AND (l_shipdate < '1997-10-01 00:00:00'::timestamp without time zone)), (LLVM Optimized)"}]}]}, {"Node Type": "Index Scan", "Parent Relationship": "Outer", "Scan Direction": "Forward", "Index Name": "supplier_pkey", "Relation Name": "supplier", "Alias": "supplier", "Startup Cost": 10000000000.0, "Total Cost": 1000000533454.38, "Plan Rows": 100000, "Plan Width": 75}, {"Node Type": "Materialize", "Parent Relationship": "Inner", "Startup Cost": 1000231544720.62, "Total Cost": 1000231546353.57, "Plan Rows": 59380, "Plan Width": 16, "Plans": [{"Node Type": "Subquery Scan", "Parent Relationship": "Outer", "Alias": "revenue0", "Startup Cost": 1000231544720.62, "Total Cost": 1000231546056.67, "Plan Rows": 59380, "Plan Width": 16, "Plans": [{"Node Type": "Aggregate", "Strategy": "Hashed", "Parent Relationship": "Subquery", "Startup Cost": 1000231544720.62, "Total Cost": 1000231545462.87, "Plan Rows": 59380, "Plan Width": 24, "Group By Key": ["public.lineitem.l_suppkey"], "Filter": "(sum((public.lineitem.l_extendedprice * (1::double precision - public.lineitem.l_discount))) = $0), (LLVM Optimized)", "Plans": [{"Node Type": "Seq Scan", "Parent Relationship": "Outer", "Relation Name": "lineitem", "Alias": "lineitem", "Startup Cost": 10000000025.02, "Total Cost": 1000231505049.5, "Plan Rows": 2266921, "Plan Width": 24, "Filter": "((l_shipdate >= '1997-07-01 00:00:00'::timestamp(0) without time zone) AND (l_shipdate < '1997-10-01 00:00:00'::timestamp without time zone)), (LLVM Optimized)"}]}]}]}]}, "Unique SQL Id": 3712096918, "Planner Runtime": 0}, "explain_analyze_plan": null}, "(1, '44')": {"explain_plan": {"Plan": {"Node Type": "Sort", "Startup Cost": 4727127.98, "Total Cost": 4727276.43, "Plan Rows": 59380, "Plan Width": 83, "Sort Key": ["supplier.s_suppkey"], "Plans": [{"Node Type": "Aggregate", "Strategy": "Plain", "Parent Relationship": "exec_init_plan", "Subplan Name": "InitPlan 1 (returns $0)", "Startup Cost": 2339055.76, "Total Cost": 2339055.77, "Plan Rows": 1, "Plan Width": 16, "Plans": [{"Node Type": "Aggregate", "Strategy": "Hashed", "Parent Relationship": "Outer", "Startup Cost": 2337719.71, "Total Cost": 2338313.51, "Plan Rows": 59380, "Plan Width": 24, "Group By Key": ["public.lineitem.l_suppkey"], "Plans": [{"Node Type": "Seq Scan", "Parent Relationship": "Outer", "Relation Name": "lineitem", "Alias": "lineitem", "Startup Cost": 25.33, "Total Cost": 2315050.5, "Plan Rows": 2266921, "Plan Width": 24, "Filter": "((l_shipdate >= '1997-07-01 00:00:00'::timestamp(0) without time zone) AND (l_shipdate < '1997-10-01 00:00:00'::timestamp without time zone)), (LLVM Optimized)"}]}]}, {"Node Type": "Nested Loop", "Parent Relationship": "Outer", "Join Type": "Inner", "Startup Cost": 2354721.61, "Total Cost": 2383364.06, "Plan Rows": 59380, "Plan Width": 83, "Inner Unique": true, "Plans": [{"Node Type": "Aggregate", "Strategy": "Hashed", "Parent Relationship": "Outer", "Startup Cost": 2354721.61, "Total Cost": 2355463.86, "Plan Rows": 59380, "Plan Width": 24, "Group By Key": ["public.lineitem.l_suppkey"], "Filter": "(sum((public.lineitem.l_extendedprice * (1::double precision - public.lineitem.l_discount))) = $0), (LLVM Optimized)", "Plans": [{"Node Type": "Seq Scan", "Parent Relationship": "Outer", "Relation Name": "lineitem", "Alias": "lineitem", "Startup Cost": 25.33, "Total Cost": 2315050.5, "Plan Rows": 2266921, "Plan Width": 24, "Filter": "((l_shipdate >= '1997-07-01 00:00:00'::timestamp(0) without time zone) AND (l_shipdate < '1997-10-01 00:00:00'::timestamp without time zone)), (LLVM Optimized)"}]}, {"Node Type": "Index Scan", "Parent Relationship": "Inner", "Scan Direction": "Forward", "Index Name": "supplier_pkey", "Relation Name": "supplier", "Alias": "supplier", "Startup Cost": 0.0, "Total Cost": 0.45, "Plan Rows": 1, "Plan Width": 75, "Index Cond": "(s_suppkey = public.lineitem.l_suppkey)"}]}]}, "Unique SQL Id": 3712096918, "Planner Runtime": 0}, "explain_analyze_plan": null}, "(1, '45')": {"explain_plan": {"Plan": {"Node Type": "Sort", "Startup Cost": 10368528.3, "Total Cost": 10368676.75, "Plan Rows": 59380, "Plan Width": 83, "Sort Key": ["supplier.s_suppkey"], "Plans": [{"Node Type": "Aggregate", "Strategy": "Plain", "Parent Relationship": "exec_init_plan", "Subplan Name": "InitPlan 1 (returns $0)", "Startup Cost": 5159755.92, "Total Cost": 5159755.93, "Plan Rows": 1, "Plan Width": 16, "Plans": [{"Node Type": "Aggregate", "Strategy": "Hashed", "Parent Relationship": "Outer", "Startup Cost": 5158419.87, "Total Cost": 5159013.67, "Plan Rows": 59380, "Plan Width": 24, "Group By Key": ["public.lineitem.l_suppkey"], "Plans": [{"Node Type": "Index Scan", "Parent Relationship": "Outer", "Scan Direction": "Forward", "Index Name": "idx_lineitem_shipdate", "Relation Name": "lineitem", "Alias": "lineitem", "Startup Cost": 0.0, "Total Cost": 5135750.66, "Plan Rows": 2266921, "Plan Width": 24, "Index Cond": "((l_shipdate >= '1997-07-01 00:00:00'::timestamp(0) without time zone) AND (l_shipdate < '1997-10-01 00:00:00'::timestamp without time zone)), (LLVM Optimized)"}]}]}, {"Node Type": "Nested Loop", "Parent Relationship": "Outer", "Join Type": "Inner", "Startup Cost": 5175421.77, "Total Cost": 5204064.22, "Plan Rows": 59380, "Plan Width": 83, "Inner Unique": true, "Plans": [{"Node Type": "Aggregate", "Strategy": "Hashed", "Parent Relationship": "Outer", "Startup Cost": 5175421.77, "Total Cost": 5176164.02, "Plan Rows": 59380, "Plan Width": 24, "Group By Key": ["public.lineitem.l_suppkey"], "Filter": "(sum((public.lineitem.l_extendedprice * (1::double precision - public.lineitem.l_discount))) = $0), (LLVM Optimized)", "Plans": [{"Node Type": "Index Scan", "Parent Relationship": "Outer", "Scan Direction": "Forward", "Index Name": "idx_lineitem_shipdate", "Relation Name": "lineitem", "Alias": "lineitem", "Startup Cost": 0.0, "Total Cost": 5135750.66, "Plan Rows": 2266921, "Plan Width": 24, "Index Cond": "((l_shipdate >= '1997-07-01 00:00:00'::timestamp(0) without time zone) AND (l_shipdate < '1997-10-01 00:00:00'::timestamp without time zone)), (LLVM Optimized)"}]}, {"Node Type": "Index Scan", "Parent Relationship": "Inner", "Scan Direction": "Forward", "Index Name": "supplier_pkey", "Relation Name": "supplier", "Alias": "supplier", "Startup Cost": 0.0, "Total Cost": 0.45, "Plan Rows": 1, "Plan Width": 75, "Index Cond": "(s_suppkey = public.lineitem.l_suppkey)"}]}]}, "Unique SQL Id": 3712096918, "Planner Runtime": 0}, "explain_analyze_plan": {"Plan": {"Node Type": "Sort", "Startup Cost": 10368528.3, "Total Cost": 10368676.75, "Plan Rows": 59380, "Plan Width": 83, "Actual Startup Time": 16053.742, "Actual Total Time": 16053.743, "Actual Rows": 1, "Actual Loops": 1, "Sort Key": ["supplier.s_suppkey"], "Sort Method": "quicksort", "Sort Space Used": 25, "Sort Space Type": "Memory", "Plans": [{"Node Type": "Aggregate", "Strategy": "Plain", "Parent Relationship": "exec_init_plan", "Subplan Name": "InitPlan 1 (returns $0)", "Startup Cost": 5159755.92, "Total Cost": 5159755.93, "Plan Rows": 1, "Plan Width": 16, "Actual Startup Time": 8267.458, "Actual Total Time": 8267.458, "Actual Rows": 1, "Actual Loops": 1, "Plans": [{"Node Type": "Aggregate", "Strategy": "Hashed", "Parent Relationship": "Outer", "Startup Cost": 5158419.87, "Total Cost": 5159013.67, "Plan Rows": 59380, "Plan Width": 24, "Actual Startup Time": 8221.527, "Actual Total Time": 8252.553, "Actual Rows": 100000, "Actual Loops": 1, "Group By Key": ["public.lineitem.l_suppkey"], "Plans": [{"Node Type": "Index Scan", "Parent Relationship": "Outer", "Scan Direction": "Forward", "Index Name": "idx_lineitem_shipdate", "Relation Name": "lineitem", "Alias": "lineitem", "Startup Cost": 0.0, "Total Cost": 5135750.66, "Plan Rows": 2266921, "Plan Width": 24, "Actual Startup Time": 0.067, "Actual Total Time": 6130.937, "Actual Rows": 2293944, "Actual Loops": 1, "Index Cond": "((l_shipdate >= '1997-07-01 00:00:00'::timestamp(0) without time zone) AND (l_shipdate < '1997-10-01 00:00:00'::timestamp without time zone)), (LLVM Optimized, Jit Execute)", "Rows Removed by Index Recheck": 0}]}]}, {"Node Type": "Nested Loop", "Parent Relationship": "Outer", "Join Type": "Inner", "Startup Cost": 5175421.77, "Total Cost": 5204064.22, "Plan Rows": 59380, "Plan Width": 83, "Actual Startup Time": 16035.218, "Actual Total Time": 16053.717, "Actual Rows": 1, "Actual Loops": 1, "Inner Unique": true, "Plans": [{"Node Type": "Aggregate", "Strategy": "Hashed", "Parent Relationship": "Outer", "Startup Cost": 5175421.77, "Total Cost": 5176164.02, "Plan Rows": 59380, "Plan Width": 24, "Actual Startup Time": 16035.163, "Actual Total Time": 16053.415, "Actual Rows": 1, "Actual Loops": 1, "Group By Key": ["public.lineitem.l_suppkey"], "Filter": "(sum((public.lineitem.l_extendedprice * (1::double precision - public.lineitem.l_discount))) = $0), (LLVM Optimized, Jit Execute)", "Rows Removed by Filter": 99999, "Plans": [{"Node Type": "Index Scan", "Parent Relationship": "Outer", "Scan Direction": "Forward", "Index Name": "idx_lineitem_shipdate", "Relation Name": "lineitem", "Alias": "lineitem", "Startup Cost": 0.0, "Total Cost": 5135750.66, "Plan Rows": 2266921, "Plan Width": 24, "Actual Startup Time": 0.058, "Actual Total Time": 5645.488, "Actual Rows": 2293944, "Actual Loops": 1, "Index Cond": "((l_shipdate >= '1997-07-01 00:00:00'::timestamp(0) without time zone) AND (l_shipdate < '1997-10-01 00:00:00'::timestamp without time zone)), (LLVM Optimized, Jit Execute)", "Rows Removed by Index Recheck": 0}]}, {"Node Type": "Index Scan", "Parent Relationship": "Inner", "Scan Direction": "Forward", "Index Name": "supplier_pkey", "Relation Name": "supplier", "Alias": "supplier", "Startup Cost": 0.0, "Total Cost": 0.45, "Plan Rows": 1, "Plan Width": 75, "Actual Startup Time": 0.041, "Actual Total Time": 0.041, "Actual Rows": 1, "Actual Loops": 1, "Index Cond": "(s_suppkey = public.lineitem.l_suppkey)", "Rows Removed by Index Recheck": 0}]}]}, "Triggers": [], "Planner Runtime": 0.654, "Total Runtime": 16065.015, "Unique SQL Id": 3712096918}}, "(1, '46')": {"explain_plan": {"Plan": {"Node Type": "Sort", "Startup Cost": 4705171.05, "Total Cost": 4705319.5, "Plan Rows": 59380, "Plan Width": 83, "Sort Key": ["supplier.s_suppkey"], "Plans": [{"Node Type": "Aggregate", "Strategy": "Plain", "Parent Relationship": "exec_init_plan", "Subplan Name": "InitPlan 1 (returns $0)", "Startup Cost": 2339055.76, "Total Cost": 2339055.77, "Plan Rows": 1, "Plan Width": 16, "Plans": [{"Node Type": "Aggregate", "Strategy": "Hashed", "Parent Relationship": "Outer", "Startup Cost": 2337719.71, "Total Cost": 2338313.51, "Plan Rows": 59380, "Plan Width": 24, "Group By Key": ["public.lineitem.l_suppkey"], "Plans": [{"Node Type": "Seq Scan", "Parent Relationship": "Outer", "Relation Name": "lineitem", "Alias": "lineitem", "Startup Cost": 25.33, "Total Cost": 2315050.5, "Plan Rows": 2266921, "Plan Width": 24, "Filter": "((l_shipdate >= '1997-07-01 00:00:00'::timestamp(0) without time zone) AND (l_shipdate < '1997-10-01 00:00:00'::timestamp without time zone)), (LLVM Optimized)"}]}]}, {"Node Type": "Hash Join", "Parent Relationship": "Outer", "Join Type": "Inner", "Startup Cost": 2359254.61, "Total Cost": 2361407.14, "Plan Rows": 59380, "Plan Width": 83, "Inner Unique": true, "Hash Cond": "(public.lineitem.l_suppkey = supplier.s_suppkey)", "Plans": [{"Node Type": "Aggregate", "Strategy": "Hashed", "Parent Relationship": "Outer", "Startup Cost": 2354721.61, "Total Cost": 2355463.86, "Plan Rows": 59380, "Plan Width": 24, "Group By Key": ["public.lineitem.l_suppkey"], "Filter": "(sum((public.lineitem.l_extendedprice * (1::double precision - public.lineitem.l_discount))) = $0), (LLVM Optimized)", "Plans": [{"Node Type": "Seq Scan", "Parent Relationship": "Outer", "Relation Name": "lineitem", "Alias": "lineitem", "Startup Cost": 25.33, "Total Cost": 2315050.5, "Plan Rows": 2266921, "Plan Width": 24, "Filter": "((l_shipdate >= '1997-07-01 00:00:00'::timestamp(0) without time zone) AND (l_shipdate < '1997-10-01 00:00:00'::timestamp without time zone)), (LLVM Optimized)"}]}, {"Node Type": "Hash", "Parent Relationship": "Inner", "Startup Cost": 3283.0, "Total Cost": 3283.0, "Plan Rows": 100000, "Plan Width": 75, "Plans": [{"Node Type": "Seq Scan", "Parent Relationship": "Outer", "Relation Name": "supplier", "Alias": "supplier", "Startup Cost": 0.0, "Total Cost": 3283.0, "Plan Rows": 100000, "Plan Width": 75}]}]}]}, "Unique SQL Id": 3712096918, "Planner Runtime": 0}, "explain_analyze_plan": null}, "(1, '47')": {"explain_plan": {"Plan": {"Node Type": "Nested Loop", "Join Type": "Inner", "Startup Cost": 2010463073775.39, "Total Cost": 3000552678714.27, "Plan Rows": 59380, "Plan Width": 83, "Inner Unique": true, "Join Filter": "(supplier.s_suppkey = revenue0.supplier_no)", "Plans": [{"Node Type": "Aggregate", "Strategy": "Plain", "Parent Relationship": "exec_init_plan", "Subplan Name": "InitPlan 1 (returns $0)", "Startup Cost": 1000231529054.76, "Total Cost": 1000231529054.77, "Plan Rows": 1, "Plan Width": 16, "Plans": [{"Node Type": "Aggregate", "Strategy": "Hashed", "Parent Relationship": "Outer", "Startup Cost": 1000231527718.71, "Total Cost": 1000231528312.51, "Plan Rows": 59380, "Plan Width": 24, "Group By Key": ["public.lineitem.l_suppkey"], "Plans": [{"Node Type": "Seq Scan", "Parent Relationship": "Outer", "Relation Name": "lineitem", "Alias": "lineitem", "Startup Cost": 10000000025.02, "Total Cost": 1000231505049.5, "Plan Rows": 2266921, "Plan Width": 24, "Filter": "((l_shipdate >= '1997-07-01 00:00:00'::timestamp(0) without time zone) AND (l_shipdate < '1997-10-01 00:00:00'::timestamp without time zone)), (LLVM Optimized)"}]}]}, {"Node Type": "Index Scan", "Parent Relationship": "Outer", "Scan Direction": "Forward", "Index Name": "supplier_pkey", "Relation Name": "supplier", "Alias": "supplier", "Startup Cost": 10000000000.0, "Total Cost": 1000000533454.38, "Plan Rows": 100000, "Plan Width": 75}, {"Node Type": "Materialize", "Parent Relationship": "Inner", "Startup Cost": 1000231544720.62, "Total Cost": 1000231546353.57, "Plan Rows": 59380, "Plan Width": 16, "Plans": [{"Node Type": "Subquery Scan", "Parent Relationship": "Outer", "Alias": "revenue0", "Startup Cost": 1000231544720.62, "Total Cost": 1000231546056.67, "Plan Rows": 59380, "Plan Width": 16, "Plans": [{"Node Type": "Aggregate", "Strategy": "Hashed", "Parent Relationship": "Subquery", "Startup Cost": 1000231544720.62, "Total Cost": 1000231545462.87, "Plan Rows": 59380, "Plan Width": 24, "Group By Key": ["public.lineitem.l_suppkey"], "Filter": "(sum((public.lineitem.l_extendedprice * (1::double precision - public.lineitem.l_discount))) = $0), (LLVM Optimized)", "Plans": [{"Node Type": "Seq Scan", "Parent Relationship": "Outer", "Relation Name": "lineitem", "Alias": "lineitem", "Startup Cost": 10000000025.02, "Total Cost": 1000231505049.5, "Plan Rows": 2266921, "Plan Width": 24, "Filter": "((l_shipdate >= '1997-07-01 00:00:00'::timestamp(0) without time zone) AND (l_shipdate < '1997-10-01 00:00:00'::timestamp without time zone)), (LLVM Optimized)"}]}]}]}]}, "Unique SQL Id": 3712096918, "Planner Runtime": 0}, "explain_analyze_plan": null}, "(1, '48')": {"explain_plan": {"Plan": {"Node Type": "Sort", "Startup Cost": 3269410.17, "Total Cost": 3269558.62, "Plan Rows": 59380, "Plan Width": 83, "Sort Key": ["supplier.s_suppkey"], "Plans": [{"Node Type": "Aggregate", "Strategy": "Plain", "Parent Relationship": "exec_init_plan", "Subplan Name": "InitPlan 1 (returns $0)", "Startup Cost": 1610196.85, "Total Cost": 1610196.86, "Plan Rows": 1, "Plan Width": 16, "Plans": [{"Node Type": "Aggregate", "Strategy": "Hashed", "Parent Relationship": "Outer", "Startup Cost": 1608860.8, "Total Cost": 1609454.6, "Plan Rows": 59380, "Plan Width": 24, "Group By Key": ["public.lineitem.l_suppkey"], "Plans": [{"Node Type": "Bitmap Heap Scan", "Parent Relationship": "Outer", "Relation Name": "lineitem", "Alias": "lineitem", "Startup Cost": 78544.19, "Total Cost": 1586191.59, "Plan Rows": 2266921, "Plan Width": 24, "Recheck Cond": "((l_shipdate >= '1997-07-01 00:00:00'::timestamp(0) without time zone) AND (l_shipdate < '1997-10-01 00:00:00'::timestamp without time zone)), (LLVM Optimized)", "Plans": [{"Node Type": "Bitmap Index Scan", "Parent Relationship": "Outer", "Index Name": "idx_lineitem_shipdate", "Startup Cost": 0.0, "Total Cost": 77977.46, "Plan Rows": 2266921, "Plan Width": 0, "Index Cond": "((l_shipdate >= '1997-07-01 00:00:00'::timestamp(0) without time zone) AND (l_shipdate < '1997-10-01 00:00:00'::timestamp without time zone))"}]}]}]}, {"Node Type": "Nested Loop", "Parent Relationship": "Outer", "Join Type": "Inner", "Startup Cost": 1625862.71, "Total Cost": 1654505.16, "Plan Rows": 59380, "Plan Width": 83, "Inner Unique": true, "Plans": [{"Node Type": "Aggregate", "Strategy": "Hashed", "Parent Relationship": "Outer", "Startup Cost": 1625862.71, "Total Cost": 1626604.96, "Plan Rows": 59380, "Plan Width": 24, "Group By Key": ["public.lineitem.l_suppkey"], "Filter": "(sum((public.lineitem.l_extendedprice * (1::double precision - public.lineitem.l_discount))) = $0), (LLVM Optimized)", "Plans": [{"Node Type": "Bitmap Heap Scan", "Parent Relationship": "Outer", "Relation Name": "lineitem", "Alias": "lineitem", "Startup Cost": 78544.19, "Total Cost": 1586191.59, "Plan Rows": 2266921, "Plan Width": 24, "Recheck Cond": "((l_shipdate >= '1997-07-01 00:00:00'::timestamp(0) without time zone) AND (l_shipdate < '1997-10-01 00:00:00'::timestamp without time zone)), (LLVM Optimized)", "Plans": [{"Node Type": "Bitmap Index Scan", "Parent Relationship": "Outer", "Index Name": "idx_lineitem_shipdate", "Startup Cost": 0.0, "Total Cost": 77977.46, "Plan Rows": 2266921, "Plan Width": 0, "Index Cond": "((l_shipdate >= '1997-07-01 00:00:00'::timestamp(0) without time zone) AND (l_shipdate < '1997-10-01 00:00:00'::timestamp without time zone))"}]}]}, {"Node Type": "Index Scan", "Parent Relationship": "Inner", "Scan Direction": "Forward", "Index Name": "supplier_pkey", "Relation Name": "supplier", "Alias": "supplier", "Startup Cost": 0.0, "Total Cost": 0.45, "Plan Rows": 1, "Plan Width": 75, "Index Cond": "(s_suppkey = public.lineitem.l_suppkey)"}]}]}, "Unique SQL Id": 3712096918, "Planner Runtime": 0}, "explain_analyze_plan": {"Plan": {"Node Type": "Sort", "Startup Cost": 3269410.17, "Total Cost": 3269558.62, "Plan Rows": 59380, "Plan Width": 83, "Actual Startup Time": 12065.464, "Actual Total Time": 12065.464, "Actual Rows": 1, "Actual Loops": 1, "Sort Key": ["supplier.s_suppkey"], "Sort Method": "quicksort", "Sort Space Used": 25, "Sort Space Type": "Memory", "Plans": [{"Node Type": "Aggregate", "Strategy": "Plain", "Parent Relationship": "exec_init_plan", "Subplan Name": "InitPlan 1 (returns $0)", "Startup Cost": 1610196.85, "Total Cost": 1610196.86, "Plan Rows": 1, "Plan Width": 16, "Actual Startup Time": 6307.43, "Actual Total Time": 6307.43, "Actual Rows": 1, "Actual Loops": 1, "Plans": [{"Node Type": "Aggregate", "Strategy": "Hashed", "Parent Relationship": "Outer", "Startup Cost": 1608860.8, "Total Cost": 1609454.6, "Plan Rows": 59380, "Plan Width": 24, "Actual Startup Time": 6257.835, "Actual Total Time": 6292.482, "Actual Rows": 100000, "Actual Loops": 1, "Group By Key": ["public.lineitem.l_suppkey"], "Plans": [{"Node Type": "Bitmap Heap Scan", "Parent Relationship": "Outer", "Relation Name": "lineitem", "Alias": "lineitem", "Startup Cost": 78544.19, "Total Cost": 1586191.59, "Plan Rows": 2266921, "Plan Width": 24, "Actual Startup Time": 1274.295, "Actual Total Time": 4426.522, "Actual Rows": 2293944, "Actual Loops": 1, "Recheck Cond": "((l_shipdate >= '1997-07-01 00:00:00'::timestamp(0) without time zone) AND (l_shipdate < '1997-10-01 00:00:00'::timestamp without time zone)), (LLVM Optimized, Jit Execute)", "Rows Removed by Index Recheck": 0, "Exact Heap Blocks": 732487, "Lossy Heap Blocks": 732487, "Plans": [{"Node Type": "Bitmap Index Scan", "Parent Relationship": "Outer", "Index Name": "idx_lineitem_shipdate", "Startup Cost": 0.0, "Total Cost": 77977.46, "Plan Rows": 2266921, "Plan Width": 0, "Actual Startup Time": 971.115, "Actual Total Time": 971.115, "Actual Rows": 2293944, "Actual Loops": 1, "Index Cond": "((l_shipdate >= '1997-07-01 00:00:00'::timestamp(0) without time zone) AND (l_shipdate < '1997-10-01 00:00:00'::timestamp without time zone))"}]}]}]}, {"Node Type": "Nested Loop", "Parent Relationship": "Outer", "Join Type": "Inner", "Startup Cost": 1625862.71, "Total Cost": 1654505.16, "Plan Rows": 59380, "Plan Width": 83, "Actual Startup Time": 12039.251, "Actual Total Time": 12065.445, "Actual Rows": 1, "Actual Loops": 1, "Inner Unique": true, "Plans": [{"Node Type": "Aggregate", "Strategy": "Hashed", "Parent Relationship": "Outer", "Startup Cost": 1625862.71, "Total Cost": 1626604.96, "Plan Rows": 59380, "Plan Width": 24, "Actual Startup Time": 12039.207, "Actual Total Time": 12065.156, "Actual Rows": 1, "Actual Loops": 1, "Group By Key": ["public.lineitem.l_suppkey"], "Filter": "(sum((public.lineitem.l_extendedprice * (1::double precision - public.lineitem.l_discount))) = $0), (LLVM Optimized, Jit Execute)", "Rows Removed by Filter": 99999, "Plans": [{"Node Type": "Bitmap Heap Scan", "Parent Relationship": "Outer", "Relation Name": "lineitem", "Alias": "lineitem", "Startup Cost": 78544.19, "Total Cost": 1586191.59, "Plan Rows": 2266921, "Plan Width": 24, "Actual Startup Time": 1016.422, "Actual Total Time": 3957.033, "Actual Rows": 2293944, "Actual Loops": 1, "Recheck Cond": "((l_shipdate >= '1997-07-01 00:00:00'::timestamp(0) without time zone) AND (l_shipdate < '1997-10-01 00:00:00'::timestamp without time zone)), (LLVM Optimized, Jit Execute)", "Rows Removed by Index Recheck": 0, "Exact Heap Blocks": 732487, "Lossy Heap Blocks": 732487, "Plans": [{"Node Type": "Bitmap Index Scan", "Parent Relationship": "Outer", "Index Name": "idx_lineitem_shipdate", "Startup Cost": 0.0, "Total Cost": 77977.46, "Plan Rows": 2266921, "Plan Width": 0, "Actual Startup Time": 701.103, "Actual Total Time": 701.103, "Actual Rows": 2293944, "Actual Loops": 1, "Index Cond": "((l_shipdate >= '1997-07-01 00:00:00'::timestamp(0) without time zone) AND (l_shipdate < '1997-10-01 00:00:00'::timestamp without time zone))"}]}]}, {"Node Type": "Index Scan", "Parent Relationship": "Inner", "Scan Direction": "Forward", "Index Name": "supplier_pkey", "Relation Name": "supplier", "Alias": "supplier", "Startup Cost": 0.0, "Total Cost": 0.45, "Plan Rows": 1, "Plan Width": 75, "Actual Startup Time": 0.033, "Actual Total Time": 0.033, "Actual Rows": 1, "Actual Loops": 1, "Index Cond": "(s_suppkey = public.lineitem.l_suppkey)", "Rows Removed by Index Recheck": 0}]}]}, "Triggers": [], "Planner Runtime": 0.64, "Total Runtime": 12078.38, "Unique SQL Id": 3712096918}}, "(1, '49')": {"explain_plan": {"Plan": {"Node Type": "Sort", "Startup Cost": 3269410.17, "Total Cost": 3269558.62, "Plan Rows": 59380, "Plan Width": 83, "Sort Key": ["supplier.s_suppkey"], "Plans": [{"Node Type": "Aggregate", "Strategy": "Plain", "Parent Relationship": "exec_init_plan", "Subplan Name": "InitPlan 1 (returns $0)", "Startup Cost": 1610196.85, "Total Cost": 1610196.86, "Plan Rows": 1, "Plan Width": 16, "Plans": [{"Node Type": "Aggregate", "Strategy": "Hashed", "Parent Relationship": "Outer", "Startup Cost": 1608860.8, "Total Cost": 1609454.6, "Plan Rows": 59380, "Plan Width": 24, "Group By Key": ["public.lineitem.l_suppkey"], "Plans": [{"Node Type": "Bitmap Heap Scan", "Parent Relationship": "Outer", "Relation Name": "lineitem", "Alias": "lineitem", "Startup Cost": 78544.19, "Total Cost": 1586191.59, "Plan Rows": 2266921, "Plan Width": 24, "Recheck Cond": "((l_shipdate >= '1997-07-01 00:00:00'::timestamp(0) without time zone) AND (l_shipdate < '1997-10-01 00:00:00'::timestamp without time zone)), (LLVM Optimized)", "Plans": [{"Node Type": "Bitmap Index Scan", "Parent Relationship": "Outer", "Index Name": "idx_lineitem_shipdate", "Startup Cost": 0.0, "Total Cost": 77977.46, "Plan Rows": 2266921, "Plan Width": 0, "Index Cond": "((l_shipdate >= '1997-07-01 00:00:00'::timestamp(0) without time zone) AND (l_shipdate < '1997-10-01 00:00:00'::timestamp without time zone))"}]}]}]}, {"Node Type": "Nested Loop", "Parent Relationship": "Outer", "Join Type": "Inner", "Startup Cost": 1625862.71, "Total Cost": 1654505.16, "Plan Rows": 59380, "Plan Width": 83, "Inner Unique": true, "Plans": [{"Node Type": "Aggregate", "Strategy": "Hashed", "Parent Relationship": "Outer", "Startup Cost": 1625862.71, "Total Cost": 1626604.96, "Plan Rows": 59380, "Plan Width": 24, "Group By Key": ["public.lineitem.l_suppkey"], "Filter": "(sum((public.lineitem.l_extendedprice * (1::double precision - public.lineitem.l_discount))) = $0), (LLVM Optimized)", "Plans": [{"Node Type": "Bitmap Heap Scan", "Parent Relationship": "Outer", "Relation Name": "lineitem", "Alias": "lineitem", "Startup Cost": 78544.19, "Total Cost": 1586191.59, "Plan Rows": 2266921, "Plan Width": 24, "Recheck Cond": "((l_shipdate >= '1997-07-01 00:00:00'::timestamp(0) without time zone) AND (l_shipdate < '1997-10-01 00:00:00'::timestamp without time zone)), (LLVM Optimized)", "Plans": [{"Node Type": "Bitmap Index Scan", "Parent Relationship": "Outer", "Index Name": "idx_lineitem_shipdate", "Startup Cost": 0.0, "Total Cost": 77977.46, "Plan Rows": 2266921, "Plan Width": 0, "Index Cond": "((l_shipdate >= '1997-07-01 00:00:00'::timestamp(0) without time zone) AND (l_shipdate < '1997-10-01 00:00:00'::timestamp without time zone))"}]}]}, {"Node Type": "Index Scan", "Parent Relationship": "Inner", "Scan Direction": "Forward", "Index Name": "supplier_pkey", "Relation Name": "supplier", "Alias": "supplier", "Startup Cost": 0.0, "Total Cost": 0.45, "Plan Rows": 1, "Plan Width": 75, "Index Cond": "(s_suppkey = public.lineitem.l_suppkey)"}]}]}, "Unique SQL Id": 3712096918, "Planner Runtime": 0}, "explain_analyze_plan": {"Plan": {"Node Type": "Sort", "Startup Cost": 3269410.17, "Total Cost": 3269558.62, "Plan Rows": 59380, "Plan Width": 83, "Actual Startup Time": 12065.464, "Actual Total Time": 12065.464, "Actual Rows": 1, "Actual Loops": 1, "Sort Key": ["supplier.s_suppkey"], "Sort Method": "quicksort", "Sort Space Used": 25, "Sort Space Type": "Memory", "Plans": [{"Node Type": "Aggregate", "Strategy": "Plain", "Parent Relationship": "exec_init_plan", "Subplan Name": "InitPlan 1 (returns $0)", "Startup Cost": 1610196.85, "Total Cost": 1610196.86, "Plan Rows": 1, "Plan Width": 16, "Actual Startup Time": 6307.43, "Actual Total Time": 6307.43, "Actual Rows": 1, "Actual Loops": 1, "Plans": [{"Node Type": "Aggregate", "Strategy": "Hashed", "Parent Relationship": "Outer", "Startup Cost": 1608860.8, "Total Cost": 1609454.6, "Plan Rows": 59380, "Plan Width": 24, "Actual Startup Time": 6257.835, "Actual Total Time": 6292.482, "Actual Rows": 100000, "Actual Loops": 1, "Group By Key": ["public.lineitem.l_suppkey"], "Plans": [{"Node Type": "Bitmap Heap Scan", "Parent Relationship": "Outer", "Relation Name": "lineitem", "Alias": "lineitem", "Startup Cost": 78544.19, "Total Cost": 1586191.59, "Plan Rows": 2266921, "Plan Width": 24, "Actual Startup Time": 1274.295, "Actual Total Time": 4426.522, "Actual Rows": 2293944, "Actual Loops": 1, "Recheck Cond": "((l_shipdate >= '1997-07-01 00:00:00'::timestamp(0) without time zone) AND (l_shipdate < '1997-10-01 00:00:00'::timestamp without time zone)), (LLVM Optimized, Jit Execute)", "Rows Removed by Index Recheck": 0, "Exact Heap Blocks": 732487, "Lossy Heap Blocks": 732487, "Plans": [{"Node Type": "Bitmap Index Scan", "Parent Relationship": "Outer", "Index Name": "idx_lineitem_shipdate", "Startup Cost": 0.0, "Total Cost": 77977.46, "Plan Rows": 2266921, "Plan Width": 0, "Actual Startup Time": 971.115, "Actual Total Time": 971.115, "Actual Rows": 2293944, "Actual Loops": 1, "Index Cond": "((l_shipdate >= '1997-07-01 00:00:00'::timestamp(0) without time zone) AND (l_shipdate < '1997-10-01 00:00:00'::timestamp without time zone))"}]}]}]}, {"Node Type": "Nested Loop", "Parent Relationship": "Outer", "Join Type": "Inner", "Startup Cost": 1625862.71, "Total Cost": 1654505.16, "Plan Rows": 59380, "Plan Width": 83, "Actual Startup Time": 12039.251, "Actual Total Time": 12065.445, "Actual Rows": 1, "Actual Loops": 1, "Inner Unique": true, "Plans": [{"Node Type": "Aggregate", "Strategy": "Hashed", "Parent Relationship": "Outer", "Startup Cost": 1625862.71, "Total Cost": 1626604.96, "Plan Rows": 59380, "Plan Width": 24, "Actual Startup Time": 12039.207, "Actual Total Time": 12065.156, "Actual Rows": 1, "Actual Loops": 1, "Group By Key": ["public.lineitem.l_suppkey"], "Filter": "(sum((public.lineitem.l_extendedprice * (1::double precision - public.lineitem.l_discount))) = $0), (LLVM Optimized, Jit Execute)", "Rows Removed by Filter": 99999, "Plans": [{"Node Type": "Bitmap Heap Scan", "Parent Relationship": "Outer", "Relation Name": "lineitem", "Alias": "lineitem", "Startup Cost": 78544.19, "Total Cost": 1586191.59, "Plan Rows": 2266921, "Plan Width": 24, "Actual Startup Time": 1016.422, "Actual Total Time": 3957.033, "Actual Rows": 2293944, "Actual Loops": 1, "Recheck Cond": "((l_shipdate >= '1997-07-01 00:00:00'::timestamp(0) without time zone) AND (l_shipdate < '1997-10-01 00:00:00'::timestamp without time zone)), (LLVM Optimized, Jit Execute)", "Rows Removed by Index Recheck": 0, "Exact Heap Blocks": 732487, "Lossy Heap Blocks": 732487, "Plans": [{"Node Type": "Bitmap Index Scan", "Parent Relationship": "Outer", "Index Name": "idx_lineitem_shipdate", "Startup Cost": 0.0, "Total Cost": 77977.46, "Plan Rows": 2266921, "Plan Width": 0, "Actual Startup Time": 701.103, "Actual Total Time": 701.103, "Actual Rows": 2293944, "Actual Loops": 1, "Index Cond": "((l_shipdate >= '1997-07-01 00:00:00'::timestamp(0) without time zone) AND (l_shipdate < '1997-10-01 00:00:00'::timestamp without time zone))"}]}]}, {"Node Type": "Index Scan", "Parent Relationship": "Inner", "Scan Direction": "Forward", "Index Name": "supplier_pkey", "Relation Name": "supplier", "Alias": "supplier", "Startup Cost": 0.0, "Total Cost": 0.45, "Plan Rows": 1, "Plan Width": 75, "Actual Startup Time": 0.033, "Actual Total Time": 0.033, "Actual Rows": 1, "Actual Loops": 1, "Index Cond": "(s_suppkey = public.lineitem.l_suppkey)", "Rows Removed by Index Recheck": 0}]}]}, "Triggers": [], "Planner Runtime": 0.64, "Total Runtime": 12078.38, "Unique SQL Id": 3712096918}}, "(1, '50')": {"explain_plan": {"Plan": {"Node Type": "Sort", "Startup Cost": 3497813.02, "Total Cost": 3497961.47, "Plan Rows": 59380, "Plan Width": 83, "Sort Key": ["supplier.s_suppkey"], "Plans": [{"Node Type": "Aggregate", "Strategy": "Plain", "Parent Relationship": "exec_init_plan", "Subplan Name": "InitPlan 1 (returns $0)", "Startup Cost": 1610196.85, "Total Cost": 1610196.86, "Plan Rows": 1, "Plan Width": 16, "Plans": [{"Node Type": "Aggregate", "Strategy": "Hashed", "Parent Relationship": "Outer", "Startup Cost": 1608860.8, "Total Cost": 1609454.6, "Plan Rows": 59380, "Plan Width": 24, "Group By Key": ["public.lineitem.l_suppkey"], "Plans": [{"Node Type": "Bitmap Heap Scan", "Parent Relationship": "Outer", "Relation Name": "lineitem", "Alias": "lineitem", "Startup Cost": 78544.19, "Total Cost": 1586191.59, "Plan Rows": 2266921, "Plan Width": 24, "Recheck Cond": "((l_shipdate >= '1997-07-01 00:00:00'::timestamp(0) without time zone) AND (l_shipdate < '1997-10-01 00:00:00'::timestamp without time zone)), (LLVM Optimized)", "Plans": [{"Node Type": "Bitmap Index Scan", "Parent Relationship": "Outer", "Index Name": "idx_lineitem_shipdate", "Startup Cost": 0.0, "Total Cost": 77977.46, "Plan Rows": 2266921, "Plan Width": 0, "Index Cond": "((l_shipdate >= '1997-07-01 00:00:00'::timestamp(0) without time zone) AND (l_shipdate < '1997-10-01 00:00:00'::timestamp without time zone))"}]}]}]}, {"Node Type": "Nested Loop", "Parent Relationship": "Outer", "Join Type": "Inner", "Startup Cost": 1625863.0, "Total Cost": 1882908.01, "Plan Rows": 59380, "Plan Width": 83, "Inner Unique": true, "Plans": [{"Node Type": "Aggregate", "Strategy": "Hashed", "Parent Relationship": "Outer", "Startup Cost": 1625862.71, "Total Cost": 1626604.96, "Plan Rows": 59380, "Plan Width": 24, "Group By Key": ["public.lineitem.l_suppkey"], "Filter": "(sum((public.lineitem.l_extendedprice * (1::double precision - public.lineitem.l_discount))) = $0), (LLVM Optimized)", "Plans": [{"Node Type": "Bitmap Heap Scan", "Parent Relationship": "Outer", "Relation Name": "lineitem", "Alias": "lineitem", "Startup Cost": 78544.19, "Total Cost": 1586191.59, "Plan Rows": 2266921, "Plan Width": 24, "Recheck Cond": "((l_shipdate >= '1997-07-01 00:00:00'::timestamp(0) without time zone) AND (l_shipdate < '1997-10-01 00:00:00'::timestamp without time zone)), (LLVM Optimized)", "Plans": [{"Node Type": "Bitmap Index Scan", "Parent Relationship": "Outer", "Index Name": "idx_lineitem_shipdate", "Startup Cost": 0.0, "Total Cost": 77977.46, "Plan Rows": 2266921, "Plan Width": 0, "Index Cond": "((l_shipdate >= '1997-07-01 00:00:00'::timestamp(0) without time zone) AND (l_shipdate < '1997-10-01 00:00:00'::timestamp without time zone))"}]}]}, {"Node Type": "Bitmap Heap Scan", "Parent Relationship": "Inner", "Relation Name": "supplier", "Alias": "supplier", "Startup Cost": 0.28, "Total Cost": 4.3, "Plan Rows": 1, "Plan Width": 75, "Recheck Cond": "(s_suppkey = public.lineitem.l_suppkey)", "Plans": [{"Node Type": "Bitmap Index Scan", "Parent Relationship": "Outer", "Index Name": "supplier_pkey", "Startup Cost": 0.0, "Total Cost": 0.28, "Plan Rows": 1, "Plan Width": 0, "Index Cond": "(s_suppkey = public.lineitem.l_suppkey)"}]}]}]}, "Unique SQL Id": 3712096918, "Planner Runtime": 1}, "explain_analyze_plan": {"Plan": {"Node Type": "Sort", "Startup Cost": 3497813.02, "Total Cost": 3497961.47, "Plan Rows": 59380, "Plan Width": 83, "Actual Startup Time": 11695.124, "Actual Total Time": 11695.125, "Actual Rows": 1, "Actual Loops": 1, "Sort Key": ["supplier.s_suppkey"], "Sort Method": "quicksort", "Sort Space Used": 25, "Sort Space Type": "Memory", "Plans": [{"Node Type": "Aggregate", "Strategy": "Plain", "Parent Relationship": "exec_init_plan", "Subplan Name": "InitPlan 1 (returns $0)", "Startup Cost": 1610196.85, "Total Cost": 1610196.86, "Plan Rows": 1, "Plan Width": 16, "Actual Startup Time": 5790.695, "Actual Total Time": 5790.695, "Actual Rows": 1, "Actual Loops": 1, "Plans": [{"Node Type": "Aggregate", "Strategy": "Hashed", "Parent Relationship": "Outer", "Startup Cost": 1608860.8, "Total Cost": 1609454.6, "Plan Rows": 59380, "Plan Width": 24, "Actual Startup Time": 5744.183, "Actual Total Time": 5775.7, "Actual Rows": 100000, "Actual Loops": 1, "Group By Key": ["public.lineitem.l_suppkey"], "Plans": [{"Node Type": "Bitmap Heap Scan", "Parent Relationship": "Outer", "Relation Name": "lineitem", "Alias": "lineitem", "Startup Cost": 78544.19, "Total Cost": 1586191.59, "Plan Rows": 2266921, "Plan Width": 24, "Actual Startup Time": 1410.62, "Actual Total Time": 4017.87, "Actual Rows": 2293944, "Actual Loops": 1, "Recheck Cond": "((l_shipdate >= '1997-07-01 00:00:00'::timestamp(0) without time zone) AND (l_shipdate < '1997-10-01 00:00:00'::timestamp without time zone)), (LLVM Optimized, Jit Execute)", "Rows Removed by Index Recheck": 0, "Exact Heap Blocks": 732487, "Lossy Heap Blocks": 732487, "Plans": [{"Node Type": "Bitmap Index Scan", "Parent Relationship": "Outer", "Index Name": "idx_lineitem_shipdate", "Startup Cost": 0.0, "Total Cost": 77977.46, "Plan Rows": 2266921, "Plan Width": 0, "Actual Startup Time": 1037.637, "Actual Total Time": 1037.637, "Actual Rows": 2293944, "Actual Loops": 1, "Index Cond": "((l_shipdate >= '1997-07-01 00:00:00'::timestamp(0) without time zone) AND (l_shipdate < '1997-10-01 00:00:00'::timestamp without time zone))"}]}]}]}, {"Node Type": "Nested Loop", "Parent Relationship": "Outer", "Join Type": "Inner", "Startup Cost": 1625863.0, "Total Cost": 1882908.01, "Plan Rows": 59380, "Plan Width": 83, "Actual Startup Time": 11669.86, "Actual Total Time": 11695.099, "Actual Rows": 1, "Actual Loops": 1, "Inner Unique": true, "Plans": [{"Node Type": "Aggregate", "Strategy": "Hashed", "Parent Relationship": "Outer", "Startup Cost": 1625862.71, "Total Cost": 1626604.96, "Plan Rows": 59380, "Plan Width": 24, "Actual Startup Time": 11669.792, "Actual Total Time": 11694.747, "Actual Rows": 1, "Actual Loops": 1, "Group By Key": ["public.lineitem.l_suppkey"], "Filter": "(sum((public.lineitem.l_extendedprice * (1::double precision - public.lineitem.l_discount))) = $0), (LLVM Optimized, Jit Execute)", "Rows Removed by Filter": 99999, "Plans": [{"Node Type": "Bitmap Heap Scan", "Parent Relationship": "Outer", "Relation Name": "lineitem", "Alias": "lineitem", "Startup Cost": 78544.19, "Total Cost": 1586191.59, "Plan Rows": 2266921, "Plan Width": 24, "Actual Startup Time": 1071.216, "Actual Total Time": 4099.156, "Actual Rows": 2293944, "Actual Loops": 1, "Recheck Cond": "((l_shipdate >= '1997-07-01 00:00:00'::timestamp(0) without time zone) AND (l_shipdate < '1997-10-01 00:00:00'::timestamp without time zone)), (LLVM Optimized, Jit Execute)", "Rows Removed by Index Recheck": 0, "Exact Heap Blocks": 732487, "Lossy Heap Blocks": 732487, "Plans": [{"Node Type": "Bitmap Index Scan", "Parent Relationship": "Outer", "Index Name": "idx_lineitem_shipdate", "Startup Cost": 0.0, "Total Cost": 77977.46, "Plan Rows": 2266921, "Plan Width": 0, "Actual Startup Time": 709.182, "Actual Total Time": 709.182, "Actual Rows": 2293944, "Actual Loops": 1, "Index Cond": "((l_shipdate >= '1997-07-01 00:00:00'::timestamp(0) without time zone) AND (l_shipdate < '1997-10-01 00:00:00'::timestamp without time zone))"}]}]}, {"Node Type": "Bitmap Heap Scan", "Parent Relationship": "Inner", "Relation Name": "supplier", "Alias": "supplier", "Startup Cost": 0.28, "Total Cost": 4.3, "Plan Rows": 1, "Plan Width": 75, "Actual Startup Time": 0.05, "Actual Total Time": 0.05, "Actual Rows": 1, "Actual Loops": 1, "Recheck Cond": "(s_suppkey = public.lineitem.l_suppkey)", "Rows Removed by Index Recheck": 0, "Exact Heap Blocks": 1, "Lossy Heap Blocks": 1, "Plans": [{"Node Type": "Bitmap Index Scan", "Parent Relationship": "Outer", "Index Name": "supplier_pkey", "Startup Cost": 0.0, "Total Cost": 0.28, "Plan Rows": 1, "Plan Width": 0, "Actual Startup Time": 0.026, "Actual Total Time": 0.026, "Actual Rows": 1, "Actual Loops": 1, "Index Cond": "(s_suppkey = public.lineitem.l_suppkey)"}]}]}]}, "Triggers": [], "Planner Runtime": 0.751, "Total Runtime": 11707.86, "Unique SQL Id": 3712096918}}, "(1, '51')": {"explain_plan": {"Plan": {"Node Type": "Sort", "Startup Cost": 3497813.02, "Total Cost": 3497961.47, "Plan Rows": 59380, "Plan Width": 83, "Sort Key": ["supplier.s_suppkey"], "Plans": [{"Node Type": "Aggregate", "Strategy": "Plain", "Parent Relationship": "exec_init_plan", "Subplan Name": "InitPlan 1 (returns $0)", "Startup Cost": 1610196.85, "Total Cost": 1610196.86, "Plan Rows": 1, "Plan Width": 16, "Plans": [{"Node Type": "Aggregate", "Strategy": "Hashed", "Parent Relationship": "Outer", "Startup Cost": 1608860.8, "Total Cost": 1609454.6, "Plan Rows": 59380, "Plan Width": 24, "Group By Key": ["public.lineitem.l_suppkey"], "Plans": [{"Node Type": "Bitmap Heap Scan", "Parent Relationship": "Outer", "Relation Name": "lineitem", "Alias": "lineitem", "Startup Cost": 78544.19, "Total Cost": 1586191.59, "Plan Rows": 2266921, "Plan Width": 24, "Recheck Cond": "((l_shipdate >= '1997-07-01 00:00:00'::timestamp(0) without time zone) AND (l_shipdate < '1997-10-01 00:00:00'::timestamp without time zone)), (LLVM Optimized)", "Plans": [{"Node Type": "Bitmap Index Scan", "Parent Relationship": "Outer", "Index Name": "idx_lineitem_shipdate", "Startup Cost": 0.0, "Total Cost": 77977.46, "Plan Rows": 2266921, "Plan Width": 0, "Index Cond": "((l_shipdate >= '1997-07-01 00:00:00'::timestamp(0) without time zone) AND (l_shipdate < '1997-10-01 00:00:00'::timestamp without time zone))"}]}]}]}, {"Node Type": "Nested Loop", "Parent Relationship": "Outer", "Join Type": "Inner", "Startup Cost": 1625863.0, "Total Cost": 1882908.01, "Plan Rows": 59380, "Plan Width": 83, "Inner Unique": true, "Plans": [{"Node Type": "Aggregate", "Strategy": "Hashed", "Parent Relationship": "Outer", "Startup Cost": 1625862.71, "Total Cost": 1626604.96, "Plan Rows": 59380, "Plan Width": 24, "Group By Key": ["public.lineitem.l_suppkey"], "Filter": "(sum((public.lineitem.l_extendedprice * (1::double precision - public.lineitem.l_discount))) = $0), (LLVM Optimized)", "Plans": [{"Node Type": "Bitmap Heap Scan", "Parent Relationship": "Outer", "Relation Name": "lineitem", "Alias": "lineitem", "Startup Cost": 78544.19, "Total Cost": 1586191.59, "Plan Rows": 2266921, "Plan Width": 24, "Recheck Cond": "((l_shipdate >= '1997-07-01 00:00:00'::timestamp(0) without time zone) AND (l_shipdate < '1997-10-01 00:00:00'::timestamp without time zone)), (LLVM Optimized)", "Plans": [{"Node Type": "Bitmap Index Scan", "Parent Relationship": "Outer", "Index Name": "idx_lineitem_shipdate", "Startup Cost": 0.0, "Total Cost": 77977.46, "Plan Rows": 2266921, "Plan Width": 0, "Index Cond": "((l_shipdate >= '1997-07-01 00:00:00'::timestamp(0) without time zone) AND (l_shipdate < '1997-10-01 00:00:00'::timestamp without time zone))"}]}]}, {"Node Type": "Bitmap Heap Scan", "Parent Relationship": "Inner", "Relation Name": "supplier", "Alias": "supplier", "Startup Cost": 0.28, "Total Cost": 4.3, "Plan Rows": 1, "Plan Width": 75, "Recheck Cond": "(s_suppkey = public.lineitem.l_suppkey)", "Plans": [{"Node Type": "Bitmap Index Scan", "Parent Relationship": "Outer", "Index Name": "supplier_pkey", "Startup Cost": 0.0, "Total Cost": 0.28, "Plan Rows": 1, "Plan Width": 0, "Index Cond": "(s_suppkey = public.lineitem.l_suppkey)"}]}]}]}, "Unique SQL Id": 3712096918, "Planner Runtime": 0}, "explain_analyze_plan": {"Plan": {"Node Type": "Sort", "Startup Cost": 3497813.02, "Total Cost": 3497961.47, "Plan Rows": 59380, "Plan Width": 83, "Actual Startup Time": 11695.124, "Actual Total Time": 11695.125, "Actual Rows": 1, "Actual Loops": 1, "Sort Key": ["supplier.s_suppkey"], "Sort Method": "quicksort", "Sort Space Used": 25, "Sort Space Type": "Memory", "Plans": [{"Node Type": "Aggregate", "Strategy": "Plain", "Parent Relationship": "exec_init_plan", "Subplan Name": "InitPlan 1 (returns $0)", "Startup Cost": 1610196.85, "Total Cost": 1610196.86, "Plan Rows": 1, "Plan Width": 16, "Actual Startup Time": 5790.695, "Actual Total Time": 5790.695, "Actual Rows": 1, "Actual Loops": 1, "Plans": [{"Node Type": "Aggregate", "Strategy": "Hashed", "Parent Relationship": "Outer", "Startup Cost": 1608860.8, "Total Cost": 1609454.6, "Plan Rows": 59380, "Plan Width": 24, "Actual Startup Time": 5744.183, "Actual Total Time": 5775.7, "Actual Rows": 100000, "Actual Loops": 1, "Group By Key": ["public.lineitem.l_suppkey"], "Plans": [{"Node Type": "Bitmap Heap Scan", "Parent Relationship": "Outer", "Relation Name": "lineitem", "Alias": "lineitem", "Startup Cost": 78544.19, "Total Cost": 1586191.59, "Plan Rows": 2266921, "Plan Width": 24, "Actual Startup Time": 1410.62, "Actual Total Time": 4017.87, "Actual Rows": 2293944, "Actual Loops": 1, "Recheck Cond": "((l_shipdate >= '1997-07-01 00:00:00'::timestamp(0) without time zone) AND (l_shipdate < '1997-10-01 00:00:00'::timestamp without time zone)), (LLVM Optimized, Jit Execute)", "Rows Removed by Index Recheck": 0, "Exact Heap Blocks": 732487, "Lossy Heap Blocks": 732487, "Plans": [{"Node Type": "Bitmap Index Scan", "Parent Relationship": "Outer", "Index Name": "idx_lineitem_shipdate", "Startup Cost": 0.0, "Total Cost": 77977.46, "Plan Rows": 2266921, "Plan Width": 0, "Actual Startup Time": 1037.637, "Actual Total Time": 1037.637, "Actual Rows": 2293944, "Actual Loops": 1, "Index Cond": "((l_shipdate >= '1997-07-01 00:00:00'::timestamp(0) without time zone) AND (l_shipdate < '1997-10-01 00:00:00'::timestamp without time zone))"}]}]}]}, {"Node Type": "Nested Loop", "Parent Relationship": "Outer", "Join Type": "Inner", "Startup Cost": 1625863.0, "Total Cost": 1882908.01, "Plan Rows": 59380, "Plan Width": 83, "Actual Startup Time": 11669.86, "Actual Total Time": 11695.099, "Actual Rows": 1, "Actual Loops": 1, "Inner Unique": true, "Plans": [{"Node Type": "Aggregate", "Strategy": "Hashed", "Parent Relationship": "Outer", "Startup Cost": 1625862.71, "Total Cost": 1626604.96, "Plan Rows": 59380, "Plan Width": 24, "Actual Startup Time": 11669.792, "Actual Total Time": 11694.747, "Actual Rows": 1, "Actual Loops": 1, "Group By Key": ["public.lineitem.l_suppkey"], "Filter": "(sum((public.lineitem.l_extendedprice * (1::double precision - public.lineitem.l_discount))) = $0), (LLVM Optimized, Jit Execute)", "Rows Removed by Filter": 99999, "Plans": [{"Node Type": "Bitmap Heap Scan", "Parent Relationship": "Outer", "Relation Name": "lineitem", "Alias": "lineitem", "Startup Cost": 78544.19, "Total Cost": 1586191.59, "Plan Rows": 2266921, "Plan Width": 24, "Actual Startup Time": 1071.216, "Actual Total Time": 4099.156, "Actual Rows": 2293944, "Actual Loops": 1, "Recheck Cond": "((l_shipdate >= '1997-07-01 00:00:00'::timestamp(0) without time zone) AND (l_shipdate < '1997-10-01 00:00:00'::timestamp without time zone)), (LLVM Optimized, Jit Execute)", "Rows Removed by Index Recheck": 0, "Exact Heap Blocks": 732487, "Lossy Heap Blocks": 732487, "Plans": [{"Node Type": "Bitmap Index Scan", "Parent Relationship": "Outer", "Index Name": "idx_lineitem_shipdate", "Startup Cost": 0.0, "Total Cost": 77977.46, "Plan Rows": 2266921, "Plan Width": 0, "Actual Startup Time": 709.182, "Actual Total Time": 709.182, "Actual Rows": 2293944, "Actual Loops": 1, "Index Cond": "((l_shipdate >= '1997-07-01 00:00:00'::timestamp(0) without time zone) AND (l_shipdate < '1997-10-01 00:00:00'::timestamp without time zone))"}]}]}, {"Node Type": "Bitmap Heap Scan", "Parent Relationship": "Inner", "Relation Name": "supplier", "Alias": "supplier", "Startup Cost": 0.28, "Total Cost": 4.3, "Plan Rows": 1, "Plan Width": 75, "Actual Startup Time": 0.05, "Actual Total Time": 0.05, "Actual Rows": 1, "Actual Loops": 1, "Recheck Cond": "(s_suppkey = public.lineitem.l_suppkey)", "Rows Removed by Index Recheck": 0, "Exact Heap Blocks": 1, "Lossy Heap Blocks": 1, "Plans": [{"Node Type": "Bitmap Index Scan", "Parent Relationship": "Outer", "Index Name": "supplier_pkey", "Startup Cost": 0.0, "Total Cost": 0.28, "Plan Rows": 1, "Plan Width": 0, "Actual Startup Time": 0.026, "Actual Total Time": 0.026, "Actual Rows": 1, "Actual Loops": 1, "Index Cond": "(s_suppkey = public.lineitem.l_suppkey)"}]}]}]}, "Triggers": [], "Planner Runtime": 0.751, "Total Runtime": 11707.86, "Unique SQL Id": 3712096918}}, "(1, '52')": {"explain_plan": {"Plan": {"Node Type": "Sort", "Startup Cost": 3269410.17, "Total Cost": 3269558.62, "Plan Rows": 59380, "Plan Width": 83, "Sort Key": ["supplier.s_suppkey"], "Plans": [{"Node Type": "Aggregate", "Strategy": "Plain", "Parent Relationship": "exec_init_plan", "Subplan Name": "InitPlan 1 (returns $0)", "Startup Cost": 1610196.85, "Total Cost": 1610196.86, "Plan Rows": 1, "Plan Width": 16, "Plans": [{"Node Type": "Aggregate", "Strategy": "Hashed", "Parent Relationship": "Outer", "Startup Cost": 1608860.8, "Total Cost": 1609454.6, "Plan Rows": 59380, "Plan Width": 24, "Group By Key": ["public.lineitem.l_suppkey"], "Plans": [{"Node Type": "Bitmap Heap Scan", "Parent Relationship": "Outer", "Relation Name": "lineitem", "Alias": "lineitem", "Startup Cost": 78544.19, "Total Cost": 1586191.59, "Plan Rows": 2266921, "Plan Width": 24, "Recheck Cond": "((l_shipdate >= '1997-07-01 00:00:00'::timestamp(0) without time zone) AND (l_shipdate < '1997-10-01 00:00:00'::timestamp without time zone)), (LLVM Optimized)", "Plans": [{"Node Type": "Bitmap Index Scan", "Parent Relationship": "Outer", "Index Name": "idx_lineitem_shipdate", "Startup Cost": 0.0, "Total Cost": 77977.46, "Plan Rows": 2266921, "Plan Width": 0, "Index Cond": "((l_shipdate >= '1997-07-01 00:00:00'::timestamp(0) without time zone) AND (l_shipdate < '1997-10-01 00:00:00'::timestamp without time zone))"}]}]}]}, {"Node Type": "Nested Loop", "Parent Relationship": "Outer", "Join Type": "Inner", "Startup Cost": 1625862.71, "Total Cost": 1654505.16, "Plan Rows": 59380, "Plan Width": 83, "Inner Unique": true, "Plans": [{"Node Type": "Aggregate", "Strategy": "Hashed", "Parent Relationship": "Outer", "Startup Cost": 1625862.71, "Total Cost": 1626604.96, "Plan Rows": 59380, "Plan Width": 24, "Group By Key": ["public.lineitem.l_suppkey"], "Filter": "(sum((public.lineitem.l_extendedprice * (1::double precision - public.lineitem.l_discount))) = $0), (LLVM Optimized)", "Plans": [{"Node Type": "Bitmap Heap Scan", "Parent Relationship": "Outer", "Relation Name": "lineitem", "Alias": "lineitem", "Startup Cost": 78544.19, "Total Cost": 1586191.59, "Plan Rows": 2266921, "Plan Width": 24, "Recheck Cond": "((l_shipdate >= '1997-07-01 00:00:00'::timestamp(0) without time zone) AND (l_shipdate < '1997-10-01 00:00:00'::timestamp without time zone)), (LLVM Optimized)", "Plans": [{"Node Type": "Bitmap Index Scan", "Parent Relationship": "Outer", "Index Name": "idx_lineitem_shipdate", "Startup Cost": 0.0, "Total Cost": 77977.46, "Plan Rows": 2266921, "Plan Width": 0, "Index Cond": "((l_shipdate >= '1997-07-01 00:00:00'::timestamp(0) without time zone) AND (l_shipdate < '1997-10-01 00:00:00'::timestamp without time zone))"}]}]}, {"Node Type": "Index Scan", "Parent Relationship": "Inner", "Scan Direction": "Forward", "Index Name": "supplier_pkey", "Relation Name": "supplier", "Alias": "supplier", "Startup Cost": 0.0, "Total Cost": 0.45, "Plan Rows": 1, "Plan Width": 75, "Index Cond": "(s_suppkey = public.lineitem.l_suppkey)"}]}]}, "Unique SQL Id": 3712096918, "Planner Runtime": 0}, "explain_analyze_plan": {"Plan": {"Node Type": "Sort", "Startup Cost": 3269410.17, "Total Cost": 3269558.62, "Plan Rows": 59380, "Plan Width": 83, "Actual Startup Time": 12065.464, "Actual Total Time": 12065.464, "Actual Rows": 1, "Actual Loops": 1, "Sort Key": ["supplier.s_suppkey"], "Sort Method": "quicksort", "Sort Space Used": 25, "Sort Space Type": "Memory", "Plans": [{"Node Type": "Aggregate", "Strategy": "Plain", "Parent Relationship": "exec_init_plan", "Subplan Name": "InitPlan 1 (returns $0)", "Startup Cost": 1610196.85, "Total Cost": 1610196.86, "Plan Rows": 1, "Plan Width": 16, "Actual Startup Time": 6307.43, "Actual Total Time": 6307.43, "Actual Rows": 1, "Actual Loops": 1, "Plans": [{"Node Type": "Aggregate", "Strategy": "Hashed", "Parent Relationship": "Outer", "Startup Cost": 1608860.8, "Total Cost": 1609454.6, "Plan Rows": 59380, "Plan Width": 24, "Actual Startup Time": 6257.835, "Actual Total Time": 6292.482, "Actual Rows": 100000, "Actual Loops": 1, "Group By Key": ["public.lineitem.l_suppkey"], "Plans": [{"Node Type": "Bitmap Heap Scan", "Parent Relationship": "Outer", "Relation Name": "lineitem", "Alias": "lineitem", "Startup Cost": 78544.19, "Total Cost": 1586191.59, "Plan Rows": 2266921, "Plan Width": 24, "Actual Startup Time": 1274.295, "Actual Total Time": 4426.522, "Actual Rows": 2293944, "Actual Loops": 1, "Recheck Cond": "((l_shipdate >= '1997-07-01 00:00:00'::timestamp(0) without time zone) AND (l_shipdate < '1997-10-01 00:00:00'::timestamp without time zone)), (LLVM Optimized, Jit Execute)", "Rows Removed by Index Recheck": 0, "Exact Heap Blocks": 732487, "Lossy Heap Blocks": 732487, "Plans": [{"Node Type": "Bitmap Index Scan", "Parent Relationship": "Outer", "Index Name": "idx_lineitem_shipdate", "Startup Cost": 0.0, "Total Cost": 77977.46, "Plan Rows": 2266921, "Plan Width": 0, "Actual Startup Time": 971.115, "Actual Total Time": 971.115, "Actual Rows": 2293944, "Actual Loops": 1, "Index Cond": "((l_shipdate >= '1997-07-01 00:00:00'::timestamp(0) without time zone) AND (l_shipdate < '1997-10-01 00:00:00'::timestamp without time zone))"}]}]}]}, {"Node Type": "Nested Loop", "Parent Relationship": "Outer", "Join Type": "Inner", "Startup Cost": 1625862.71, "Total Cost": 1654505.16, "Plan Rows": 59380, "Plan Width": 83, "Actual Startup Time": 12039.251, "Actual Total Time": 12065.445, "Actual Rows": 1, "Actual Loops": 1, "Inner Unique": true, "Plans": [{"Node Type": "Aggregate", "Strategy": "Hashed", "Parent Relationship": "Outer", "Startup Cost": 1625862.71, "Total Cost": 1626604.96, "Plan Rows": 59380, "Plan Width": 24, "Actual Startup Time": 12039.207, "Actual Total Time": 12065.156, "Actual Rows": 1, "Actual Loops": 1, "Group By Key": ["public.lineitem.l_suppkey"], "Filter": "(sum((public.lineitem.l_extendedprice * (1::double precision - public.lineitem.l_discount))) = $0), (LLVM Optimized, Jit Execute)", "Rows Removed by Filter": 99999, "Plans": [{"Node Type": "Bitmap Heap Scan", "Parent Relationship": "Outer", "Relation Name": "lineitem", "Alias": "lineitem", "Startup Cost": 78544.19, "Total Cost": 1586191.59, "Plan Rows": 2266921, "Plan Width": 24, "Actual Startup Time": 1016.422, "Actual Total Time": 3957.033, "Actual Rows": 2293944, "Actual Loops": 1, "Recheck Cond": "((l_shipdate >= '1997-07-01 00:00:00'::timestamp(0) without time zone) AND (l_shipdate < '1997-10-01 00:00:00'::timestamp without time zone)), (LLVM Optimized, Jit Execute)", "Rows Removed by Index Recheck": 0, "Exact Heap Blocks": 732487, "Lossy Heap Blocks": 732487, "Plans": [{"Node Type": "Bitmap Index Scan", "Parent Relationship": "Outer", "Index Name": "idx_lineitem_shipdate", "Startup Cost": 0.0, "Total Cost": 77977.46, "Plan Rows": 2266921, "Plan Width": 0, "Actual Startup Time": 701.103, "Actual Total Time": 701.103, "Actual Rows": 2293944, "Actual Loops": 1, "Index Cond": "((l_shipdate >= '1997-07-01 00:00:00'::timestamp(0) without time zone) AND (l_shipdate < '1997-10-01 00:00:00'::timestamp without time zone))"}]}]}, {"Node Type": "Index Scan", "Parent Relationship": "Inner", "Scan Direction": "Forward", "Index Name": "supplier_pkey", "Relation Name": "supplier", "Alias": "supplier", "Startup Cost": 0.0, "Total Cost": 0.45, "Plan Rows": 1, "Plan Width": 75, "Actual Startup Time": 0.033, "Actual Total Time": 0.033, "Actual Rows": 1, "Actual Loops": 1, "Index Cond": "(s_suppkey = public.lineitem.l_suppkey)", "Rows Removed by Index Recheck": 0}]}]}, "Triggers": [], "Planner Runtime": 0.64, "Total Runtime": 12078.38, "Unique SQL Id": 3712096918}}, "(1, '53')": {"explain_plan": {"Plan": {"Node Type": "Sort", "Startup Cost": 3269410.17, "Total Cost": 3269558.62, "Plan Rows": 59380, "Plan Width": 83, "Sort Key": ["supplier.s_suppkey"], "Plans": [{"Node Type": "Aggregate", "Strategy": "Plain", "Parent Relationship": "exec_init_plan", "Subplan Name": "InitPlan 1 (returns $0)", "Startup Cost": 1610196.85, "Total Cost": 1610196.86, "Plan Rows": 1, "Plan Width": 16, "Plans": [{"Node Type": "Aggregate", "Strategy": "Hashed", "Parent Relationship": "Outer", "Startup Cost": 1608860.8, "Total Cost": 1609454.6, "Plan Rows": 59380, "Plan Width": 24, "Group By Key": ["public.lineitem.l_suppkey"], "Plans": [{"Node Type": "Bitmap Heap Scan", "Parent Relationship": "Outer", "Relation Name": "lineitem", "Alias": "lineitem", "Startup Cost": 78544.19, "Total Cost": 1586191.59, "Plan Rows": 2266921, "Plan Width": 24, "Recheck Cond": "((l_shipdate >= '1997-07-01 00:00:00'::timestamp(0) without time zone) AND (l_shipdate < '1997-10-01 00:00:00'::timestamp without time zone)), (LLVM Optimized)", "Plans": [{"Node Type": "Bitmap Index Scan", "Parent Relationship": "Outer", "Index Name": "idx_lineitem_shipdate", "Startup Cost": 0.0, "Total Cost": 77977.46, "Plan Rows": 2266921, "Plan Width": 0, "Index Cond": "((l_shipdate >= '1997-07-01 00:00:00'::timestamp(0) without time zone) AND (l_shipdate < '1997-10-01 00:00:00'::timestamp without time zone))"}]}]}]}, {"Node Type": "Nested Loop", "Parent Relationship": "Outer", "Join Type": "Inner", "Startup Cost": 1625862.71, "Total Cost": 1654505.16, "Plan Rows": 59380, "Plan Width": 83, "Inner Unique": true, "Plans": [{"Node Type": "Aggregate", "Strategy": "Hashed", "Parent Relationship": "Outer", "Startup Cost": 1625862.71, "Total Cost": 1626604.96, "Plan Rows": 59380, "Plan Width": 24, "Group By Key": ["public.lineitem.l_suppkey"], "Filter": "(sum((public.lineitem.l_extendedprice * (1::double precision - public.lineitem.l_discount))) = $0), (LLVM Optimized)", "Plans": [{"Node Type": "Bitmap Heap Scan", "Parent Relationship": "Outer", "Relation Name": "lineitem", "Alias": "lineitem", "Startup Cost": 78544.19, "Total Cost": 1586191.59, "Plan Rows": 2266921, "Plan Width": 24, "Recheck Cond": "((l_shipdate >= '1997-07-01 00:00:00'::timestamp(0) without time zone) AND (l_shipdate < '1997-10-01 00:00:00'::timestamp without time zone)), (LLVM Optimized)", "Plans": [{"Node Type": "Bitmap Index Scan", "Parent Relationship": "Outer", "Index Name": "idx_lineitem_shipdate", "Startup Cost": 0.0, "Total Cost": 77977.46, "Plan Rows": 2266921, "Plan Width": 0, "Index Cond": "((l_shipdate >= '1997-07-01 00:00:00'::timestamp(0) without time zone) AND (l_shipdate < '1997-10-01 00:00:00'::timestamp without time zone))"}]}]}, {"Node Type": "Index Scan", "Parent Relationship": "Inner", "Scan Direction": "Forward", "Index Name": "supplier_pkey", "Relation Name": "supplier", "Alias": "supplier", "Startup Cost": 0.0, "Total Cost": 0.45, "Plan Rows": 1, "Plan Width": 75, "Index Cond": "(s_suppkey = public.lineitem.l_suppkey)"}]}]}, "Unique SQL Id": 3712096918, "Planner Runtime": 0}, "explain_analyze_plan": {"Plan": {"Node Type": "Sort", "Startup Cost": 3269410.17, "Total Cost": 3269558.62, "Plan Rows": 59380, "Plan Width": 83, "Actual Startup Time": 12065.464, "Actual Total Time": 12065.464, "Actual Rows": 1, "Actual Loops": 1, "Sort Key": ["supplier.s_suppkey"], "Sort Method": "quicksort", "Sort Space Used": 25, "Sort Space Type": "Memory", "Plans": [{"Node Type": "Aggregate", "Strategy": "Plain", "Parent Relationship": "exec_init_plan", "Subplan Name": "InitPlan 1 (returns $0)", "Startup Cost": 1610196.85, "Total Cost": 1610196.86, "Plan Rows": 1, "Plan Width": 16, "Actual Startup Time": 6307.43, "Actual Total Time": 6307.43, "Actual Rows": 1, "Actual Loops": 1, "Plans": [{"Node Type": "Aggregate", "Strategy": "Hashed", "Parent Relationship": "Outer", "Startup Cost": 1608860.8, "Total Cost": 1609454.6, "Plan Rows": 59380, "Plan Width": 24, "Actual Startup Time": 6257.835, "Actual Total Time": 6292.482, "Actual Rows": 100000, "Actual Loops": 1, "Group By Key": ["public.lineitem.l_suppkey"], "Plans": [{"Node Type": "Bitmap Heap Scan", "Parent Relationship": "Outer", "Relation Name": "lineitem", "Alias": "lineitem", "Startup Cost": 78544.19, "Total Cost": 1586191.59, "Plan Rows": 2266921, "Plan Width": 24, "Actual Startup Time": 1274.295, "Actual Total Time": 4426.522, "Actual Rows": 2293944, "Actual Loops": 1, "Recheck Cond": "((l_shipdate >= '1997-07-01 00:00:00'::timestamp(0) without time zone) AND (l_shipdate < '1997-10-01 00:00:00'::timestamp without time zone)), (LLVM Optimized, Jit Execute)", "Rows Removed by Index Recheck": 0, "Exact Heap Blocks": 732487, "Lossy Heap Blocks": 732487, "Plans": [{"Node Type": "Bitmap Index Scan", "Parent Relationship": "Outer", "Index Name": "idx_lineitem_shipdate", "Startup Cost": 0.0, "Total Cost": 77977.46, "Plan Rows": 2266921, "Plan Width": 0, "Actual Startup Time": 971.115, "Actual Total Time": 971.115, "Actual Rows": 2293944, "Actual Loops": 1, "Index Cond": "((l_shipdate >= '1997-07-01 00:00:00'::timestamp(0) without time zone) AND (l_shipdate < '1997-10-01 00:00:00'::timestamp without time zone))"}]}]}]}, {"Node Type": "Nested Loop", "Parent Relationship": "Outer", "Join Type": "Inner", "Startup Cost": 1625862.71, "Total Cost": 1654505.16, "Plan Rows": 59380, "Plan Width": 83, "Actual Startup Time": 12039.251, "Actual Total Time": 12065.445, "Actual Rows": 1, "Actual Loops": 1, "Inner Unique": true, "Plans": [{"Node Type": "Aggregate", "Strategy": "Hashed", "Parent Relationship": "Outer", "Startup Cost": 1625862.71, "Total Cost": 1626604.96, "Plan Rows": 59380, "Plan Width": 24, "Actual Startup Time": 12039.207, "Actual Total Time": 12065.156, "Actual Rows": 1, "Actual Loops": 1, "Group By Key": ["public.lineitem.l_suppkey"], "Filter": "(sum((public.lineitem.l_extendedprice * (1::double precision - public.lineitem.l_discount))) = $0), (LLVM Optimized, Jit Execute)", "Rows Removed by Filter": 99999, "Plans": [{"Node Type": "Bitmap Heap Scan", "Parent Relationship": "Outer", "Relation Name": "lineitem", "Alias": "lineitem", "Startup Cost": 78544.19, "Total Cost": 1586191.59, "Plan Rows": 2266921, "Plan Width": 24, "Actual Startup Time": 1016.422, "Actual Total Time": 3957.033, "Actual Rows": 2293944, "Actual Loops": 1, "Recheck Cond": "((l_shipdate >= '1997-07-01 00:00:00'::timestamp(0) without time zone) AND (l_shipdate < '1997-10-01 00:00:00'::timestamp without time zone)), (LLVM Optimized, Jit Execute)", "Rows Removed by Index Recheck": 0, "Exact Heap Blocks": 732487, "Lossy Heap Blocks": 732487, "Plans": [{"Node Type": "Bitmap Index Scan", "Parent Relationship": "Outer", "Index Name": "idx_lineitem_shipdate", "Startup Cost": 0.0, "Total Cost": 77977.46, "Plan Rows": 2266921, "Plan Width": 0, "Actual Startup Time": 701.103, "Actual Total Time": 701.103, "Actual Rows": 2293944, "Actual Loops": 1, "Index Cond": "((l_shipdate >= '1997-07-01 00:00:00'::timestamp(0) without time zone) AND (l_shipdate < '1997-10-01 00:00:00'::timestamp without time zone))"}]}]}, {"Node Type": "Index Scan", "Parent Relationship": "Inner", "Scan Direction": "Forward", "Index Name": "supplier_pkey", "Relation Name": "supplier", "Alias": "supplier", "Startup Cost": 0.0, "Total Cost": 0.45, "Plan Rows": 1, "Plan Width": 75, "Actual Startup Time": 0.033, "Actual Total Time": 0.033, "Actual Rows": 1, "Actual Loops": 1, "Index Cond": "(s_suppkey = public.lineitem.l_suppkey)", "Rows Removed by Index Recheck": 0}]}]}, "Triggers": [], "Planner Runtime": 0.64, "Total Runtime": 12078.38, "Unique SQL Id": 3712096918}}, "(1, '54')": {"explain_plan": {"Plan": {"Node Type": "Sort", "Startup Cost": 3497813.02, "Total Cost": 3497961.47, "Plan Rows": 59380, "Plan Width": 83, "Sort Key": ["supplier.s_suppkey"], "Plans": [{"Node Type": "Aggregate", "Strategy": "Plain", "Parent Relationship": "exec_init_plan", "Subplan Name": "InitPlan 1 (returns $0)", "Startup Cost": 1610196.85, "Total Cost": 1610196.86, "Plan Rows": 1, "Plan Width": 16, "Plans": [{"Node Type": "Aggregate", "Strategy": "Hashed", "Parent Relationship": "Outer", "Startup Cost": 1608860.8, "Total Cost": 1609454.6, "Plan Rows": 59380, "Plan Width": 24, "Group By Key": ["public.lineitem.l_suppkey"], "Plans": [{"Node Type": "Bitmap Heap Scan", "Parent Relationship": "Outer", "Relation Name": "lineitem", "Alias": "lineitem", "Startup Cost": 78544.19, "Total Cost": 1586191.59, "Plan Rows": 2266921, "Plan Width": 24, "Recheck Cond": "((l_shipdate >= '1997-07-01 00:00:00'::timestamp(0) without time zone) AND (l_shipdate < '1997-10-01 00:00:00'::timestamp without time zone)), (LLVM Optimized)", "Plans": [{"Node Type": "Bitmap Index Scan", "Parent Relationship": "Outer", "Index Name": "idx_lineitem_shipdate", "Startup Cost": 0.0, "Total Cost": 77977.46, "Plan Rows": 2266921, "Plan Width": 0, "Index Cond": "((l_shipdate >= '1997-07-01 00:00:00'::timestamp(0) without time zone) AND (l_shipdate < '1997-10-01 00:00:00'::timestamp without time zone))"}]}]}]}, {"Node Type": "Nested Loop", "Parent Relationship": "Outer", "Join Type": "Inner", "Startup Cost": 1625863.0, "Total Cost": 1882908.01, "Plan Rows": 59380, "Plan Width": 83, "Inner Unique": true, "Plans": [{"Node Type": "Aggregate", "Strategy": "Hashed", "Parent Relationship": "Outer", "Startup Cost": 1625862.71, "Total Cost": 1626604.96, "Plan Rows": 59380, "Plan Width": 24, "Group By Key": ["public.lineitem.l_suppkey"], "Filter": "(sum((public.lineitem.l_extendedprice * (1::double precision - public.lineitem.l_discount))) = $0), (LLVM Optimized)", "Plans": [{"Node Type": "Bitmap Heap Scan", "Parent Relationship": "Outer", "Relation Name": "lineitem", "Alias": "lineitem", "Startup Cost": 78544.19, "Total Cost": 1586191.59, "Plan Rows": 2266921, "Plan Width": 24, "Recheck Cond": "((l_shipdate >= '1997-07-01 00:00:00'::timestamp(0) without time zone) AND (l_shipdate < '1997-10-01 00:00:00'::timestamp without time zone)), (LLVM Optimized)", "Plans": [{"Node Type": "Bitmap Index Scan", "Parent Relationship": "Outer", "Index Name": "idx_lineitem_shipdate", "Startup Cost": 0.0, "Total Cost": 77977.46, "Plan Rows": 2266921, "Plan Width": 0, "Index Cond": "((l_shipdate >= '1997-07-01 00:00:00'::timestamp(0) without time zone) AND (l_shipdate < '1997-10-01 00:00:00'::timestamp without time zone))"}]}]}, {"Node Type": "Bitmap Heap Scan", "Parent Relationship": "Inner", "Relation Name": "supplier", "Alias": "supplier", "Startup Cost": 0.28, "Total Cost": 4.3, "Plan Rows": 1, "Plan Width": 75, "Recheck Cond": "(s_suppkey = public.lineitem.l_suppkey)", "Plans": [{"Node Type": "Bitmap Index Scan", "Parent Relationship": "Outer", "Index Name": "supplier_pkey", "Startup Cost": 0.0, "Total Cost": 0.28, "Plan Rows": 1, "Plan Width": 0, "Index Cond": "(s_suppkey = public.lineitem.l_suppkey)"}]}]}]}, "Unique SQL Id": 3712096918, "Planner Runtime": 0}, "explain_analyze_plan": {"Plan": {"Node Type": "Sort", "Startup Cost": 3497813.02, "Total Cost": 3497961.47, "Plan Rows": 59380, "Plan Width": 83, "Actual Startup Time": 11695.124, "Actual Total Time": 11695.125, "Actual Rows": 1, "Actual Loops": 1, "Sort Key": ["supplier.s_suppkey"], "Sort Method": "quicksort", "Sort Space Used": 25, "Sort Space Type": "Memory", "Plans": [{"Node Type": "Aggregate", "Strategy": "Plain", "Parent Relationship": "exec_init_plan", "Subplan Name": "InitPlan 1 (returns $0)", "Startup Cost": 1610196.85, "Total Cost": 1610196.86, "Plan Rows": 1, "Plan Width": 16, "Actual Startup Time": 5790.695, "Actual Total Time": 5790.695, "Actual Rows": 1, "Actual Loops": 1, "Plans": [{"Node Type": "Aggregate", "Strategy": "Hashed", "Parent Relationship": "Outer", "Startup Cost": 1608860.8, "Total Cost": 1609454.6, "Plan Rows": 59380, "Plan Width": 24, "Actual Startup Time": 5744.183, "Actual Total Time": 5775.7, "Actual Rows": 100000, "Actual Loops": 1, "Group By Key": ["public.lineitem.l_suppkey"], "Plans": [{"Node Type": "Bitmap Heap Scan", "Parent Relationship": "Outer", "Relation Name": "lineitem", "Alias": "lineitem", "Startup Cost": 78544.19, "Total Cost": 1586191.59, "Plan Rows": 2266921, "Plan Width": 24, "Actual Startup Time": 1410.62, "Actual Total Time": 4017.87, "Actual Rows": 2293944, "Actual Loops": 1, "Recheck Cond": "((l_shipdate >= '1997-07-01 00:00:00'::timestamp(0) without time zone) AND (l_shipdate < '1997-10-01 00:00:00'::timestamp without time zone)), (LLVM Optimized, Jit Execute)", "Rows Removed by Index Recheck": 0, "Exact Heap Blocks": 732487, "Lossy Heap Blocks": 732487, "Plans": [{"Node Type": "Bitmap Index Scan", "Parent Relationship": "Outer", "Index Name": "idx_lineitem_shipdate", "Startup Cost": 0.0, "Total Cost": 77977.46, "Plan Rows": 2266921, "Plan Width": 0, "Actual Startup Time": 1037.637, "Actual Total Time": 1037.637, "Actual Rows": 2293944, "Actual Loops": 1, "Index Cond": "((l_shipdate >= '1997-07-01 00:00:00'::timestamp(0) without time zone) AND (l_shipdate < '1997-10-01 00:00:00'::timestamp without time zone))"}]}]}]}, {"Node Type": "Nested Loop", "Parent Relationship": "Outer", "Join Type": "Inner", "Startup Cost": 1625863.0, "Total Cost": 1882908.01, "Plan Rows": 59380, "Plan Width": 83, "Actual Startup Time": 11669.86, "Actual Total Time": 11695.099, "Actual Rows": 1, "Actual Loops": 1, "Inner Unique": true, "Plans": [{"Node Type": "Aggregate", "Strategy": "Hashed", "Parent Relationship": "Outer", "Startup Cost": 1625862.71, "Total Cost": 1626604.96, "Plan Rows": 59380, "Plan Width": 24, "Actual Startup Time": 11669.792, "Actual Total Time": 11694.747, "Actual Rows": 1, "Actual Loops": 1, "Group By Key": ["public.lineitem.l_suppkey"], "Filter": "(sum((public.lineitem.l_extendedprice * (1::double precision - public.lineitem.l_discount))) = $0), (LLVM Optimized, Jit Execute)", "Rows Removed by Filter": 99999, "Plans": [{"Node Type": "Bitmap Heap Scan", "Parent Relationship": "Outer", "Relation Name": "lineitem", "Alias": "lineitem", "Startup Cost": 78544.19, "Total Cost": 1586191.59, "Plan Rows": 2266921, "Plan Width": 24, "Actual Startup Time": 1071.216, "Actual Total Time": 4099.156, "Actual Rows": 2293944, "Actual Loops": 1, "Recheck Cond": "((l_shipdate >= '1997-07-01 00:00:00'::timestamp(0) without time zone) AND (l_shipdate < '1997-10-01 00:00:00'::timestamp without time zone)), (LLVM Optimized, Jit Execute)", "Rows Removed by Index Recheck": 0, "Exact Heap Blocks": 732487, "Lossy Heap Blocks": 732487, "Plans": [{"Node Type": "Bitmap Index Scan", "Parent Relationship": "Outer", "Index Name": "idx_lineitem_shipdate", "Startup Cost": 0.0, "Total Cost": 77977.46, "Plan Rows": 2266921, "Plan Width": 0, "Actual Startup Time": 709.182, "Actual Total Time": 709.182, "Actual Rows": 2293944, "Actual Loops": 1, "Index Cond": "((l_shipdate >= '1997-07-01 00:00:00'::timestamp(0) without time zone) AND (l_shipdate < '1997-10-01 00:00:00'::timestamp without time zone))"}]}]}, {"Node Type": "Bitmap Heap Scan", "Parent Relationship": "Inner", "Relation Name": "supplier", "Alias": "supplier", "Startup Cost": 0.28, "Total Cost": 4.3, "Plan Rows": 1, "Plan Width": 75, "Actual Startup Time": 0.05, "Actual Total Time": 0.05, "Actual Rows": 1, "Actual Loops": 1, "Recheck Cond": "(s_suppkey = public.lineitem.l_suppkey)", "Rows Removed by Index Recheck": 0, "Exact Heap Blocks": 1, "Lossy Heap Blocks": 1, "Plans": [{"Node Type": "Bitmap Index Scan", "Parent Relationship": "Outer", "Index Name": "supplier_pkey", "Startup Cost": 0.0, "Total Cost": 0.28, "Plan Rows": 1, "Plan Width": 0, "Actual Startup Time": 0.026, "Actual Total Time": 0.026, "Actual Rows": 1, "Actual Loops": 1, "Index Cond": "(s_suppkey = public.lineitem.l_suppkey)"}]}]}]}, "Triggers": [], "Planner Runtime": 0.751, "Total Runtime": 11707.86, "Unique SQL Id": 3712096918}}, "(1, '55')": {"explain_plan": {"Plan": {"Node Type": "Sort", "Startup Cost": 3497813.02, "Total Cost": 3497961.47, "Plan Rows": 59380, "Plan Width": 83, "Sort Key": ["supplier.s_suppkey"], "Plans": [{"Node Type": "Aggregate", "Strategy": "Plain", "Parent Relationship": "exec_init_plan", "Subplan Name": "InitPlan 1 (returns $0)", "Startup Cost": 1610196.85, "Total Cost": 1610196.86, "Plan Rows": 1, "Plan Width": 16, "Plans": [{"Node Type": "Aggregate", "Strategy": "Hashed", "Parent Relationship": "Outer", "Startup Cost": 1608860.8, "Total Cost": 1609454.6, "Plan Rows": 59380, "Plan Width": 24, "Group By Key": ["public.lineitem.l_suppkey"], "Plans": [{"Node Type": "Bitmap Heap Scan", "Parent Relationship": "Outer", "Relation Name": "lineitem", "Alias": "lineitem", "Startup Cost": 78544.19, "Total Cost": 1586191.59, "Plan Rows": 2266921, "Plan Width": 24, "Recheck Cond": "((l_shipdate >= '1997-07-01 00:00:00'::timestamp(0) without time zone) AND (l_shipdate < '1997-10-01 00:00:00'::timestamp without time zone)), (LLVM Optimized)", "Plans": [{"Node Type": "Bitmap Index Scan", "Parent Relationship": "Outer", "Index Name": "idx_lineitem_shipdate", "Startup Cost": 0.0, "Total Cost": 77977.46, "Plan Rows": 2266921, "Plan Width": 0, "Index Cond": "((l_shipdate >= '1997-07-01 00:00:00'::timestamp(0) without time zone) AND (l_shipdate < '1997-10-01 00:00:00'::timestamp without time zone))"}]}]}]}, {"Node Type": "Nested Loop", "Parent Relationship": "Outer", "Join Type": "Inner", "Startup Cost": 1625863.0, "Total Cost": 1882908.01, "Plan Rows": 59380, "Plan Width": 83, "Inner Unique": true, "Plans": [{"Node Type": "Aggregate", "Strategy": "Hashed", "Parent Relationship": "Outer", "Startup Cost": 1625862.71, "Total Cost": 1626604.96, "Plan Rows": 59380, "Plan Width": 24, "Group By Key": ["public.lineitem.l_suppkey"], "Filter": "(sum((public.lineitem.l_extendedprice * (1::double precision - public.lineitem.l_discount))) = $0), (LLVM Optimized)", "Plans": [{"Node Type": "Bitmap Heap Scan", "Parent Relationship": "Outer", "Relation Name": "lineitem", "Alias": "lineitem", "Startup Cost": 78544.19, "Total Cost": 1586191.59, "Plan Rows": 2266921, "Plan Width": 24, "Recheck Cond": "((l_shipdate >= '1997-07-01 00:00:00'::timestamp(0) without time zone) AND (l_shipdate < '1997-10-01 00:00:00'::timestamp without time zone)), (LLVM Optimized)", "Plans": [{"Node Type": "Bitmap Index Scan", "Parent Relationship": "Outer", "Index Name": "idx_lineitem_shipdate", "Startup Cost": 0.0, "Total Cost": 77977.46, "Plan Rows": 2266921, "Plan Width": 0, "Index Cond": "((l_shipdate >= '1997-07-01 00:00:00'::timestamp(0) without time zone) AND (l_shipdate < '1997-10-01 00:00:00'::timestamp without time zone))"}]}]}, {"Node Type": "Bitmap Heap Scan", "Parent Relationship": "Inner", "Relation Name": "supplier", "Alias": "supplier", "Startup Cost": 0.28, "Total Cost": 4.3, "Plan Rows": 1, "Plan Width": 75, "Recheck Cond": "(s_suppkey = public.lineitem.l_suppkey)", "Plans": [{"Node Type": "Bitmap Index Scan", "Parent Relationship": "Outer", "Index Name": "supplier_pkey", "Startup Cost": 0.0, "Total Cost": 0.28, "Plan Rows": 1, "Plan Width": 0, "Index Cond": "(s_suppkey = public.lineitem.l_suppkey)"}]}]}]}, "Unique SQL Id": 3712096918, "Planner Runtime": 0}, "explain_analyze_plan": {"Plan": {"Node Type": "Sort", "Startup Cost": 3497813.02, "Total Cost": 3497961.47, "Plan Rows": 59380, "Plan Width": 83, "Actual Startup Time": 11695.124, "Actual Total Time": 11695.125, "Actual Rows": 1, "Actual Loops": 1, "Sort Key": ["supplier.s_suppkey"], "Sort Method": "quicksort", "Sort Space Used": 25, "Sort Space Type": "Memory", "Plans": [{"Node Type": "Aggregate", "Strategy": "Plain", "Parent Relationship": "exec_init_plan", "Subplan Name": "InitPlan 1 (returns $0)", "Startup Cost": 1610196.85, "Total Cost": 1610196.86, "Plan Rows": 1, "Plan Width": 16, "Actual Startup Time": 5790.695, "Actual Total Time": 5790.695, "Actual Rows": 1, "Actual Loops": 1, "Plans": [{"Node Type": "Aggregate", "Strategy": "Hashed", "Parent Relationship": "Outer", "Startup Cost": 1608860.8, "Total Cost": 1609454.6, "Plan Rows": 59380, "Plan Width": 24, "Actual Startup Time": 5744.183, "Actual Total Time": 5775.7, "Actual Rows": 100000, "Actual Loops": 1, "Group By Key": ["public.lineitem.l_suppkey"], "Plans": [{"Node Type": "Bitmap Heap Scan", "Parent Relationship": "Outer", "Relation Name": "lineitem", "Alias": "lineitem", "Startup Cost": 78544.19, "Total Cost": 1586191.59, "Plan Rows": 2266921, "Plan Width": 24, "Actual Startup Time": 1410.62, "Actual Total Time": 4017.87, "Actual Rows": 2293944, "Actual Loops": 1, "Recheck Cond": "((l_shipdate >= '1997-07-01 00:00:00'::timestamp(0) without time zone) AND (l_shipdate < '1997-10-01 00:00:00'::timestamp without time zone)), (LLVM Optimized, Jit Execute)", "Rows Removed by Index Recheck": 0, "Exact Heap Blocks": 732487, "Lossy Heap Blocks": 732487, "Plans": [{"Node Type": "Bitmap Index Scan", "Parent Relationship": "Outer", "Index Name": "idx_lineitem_shipdate", "Startup Cost": 0.0, "Total Cost": 77977.46, "Plan Rows": 2266921, "Plan Width": 0, "Actual Startup Time": 1037.637, "Actual Total Time": 1037.637, "Actual Rows": 2293944, "Actual Loops": 1, "Index Cond": "((l_shipdate >= '1997-07-01 00:00:00'::timestamp(0) without time zone) AND (l_shipdate < '1997-10-01 00:00:00'::timestamp without time zone))"}]}]}]}, {"Node Type": "Nested Loop", "Parent Relationship": "Outer", "Join Type": "Inner", "Startup Cost": 1625863.0, "Total Cost": 1882908.01, "Plan Rows": 59380, "Plan Width": 83, "Actual Startup Time": 11669.86, "Actual Total Time": 11695.099, "Actual Rows": 1, "Actual Loops": 1, "Inner Unique": true, "Plans": [{"Node Type": "Aggregate", "Strategy": "Hashed", "Parent Relationship": "Outer", "Startup Cost": 1625862.71, "Total Cost": 1626604.96, "Plan Rows": 59380, "Plan Width": 24, "Actual Startup Time": 11669.792, "Actual Total Time": 11694.747, "Actual Rows": 1, "Actual Loops": 1, "Group By Key": ["public.lineitem.l_suppkey"], "Filter": "(sum((public.lineitem.l_extendedprice * (1::double precision - public.lineitem.l_discount))) = $0), (LLVM Optimized, Jit Execute)", "Rows Removed by Filter": 99999, "Plans": [{"Node Type": "Bitmap Heap Scan", "Parent Relationship": "Outer", "Relation Name": "lineitem", "Alias": "lineitem", "Startup Cost": 78544.19, "Total Cost": 1586191.59, "Plan Rows": 2266921, "Plan Width": 24, "Actual Startup Time": 1071.216, "Actual Total Time": 4099.156, "Actual Rows": 2293944, "Actual Loops": 1, "Recheck Cond": "((l_shipdate >= '1997-07-01 00:00:00'::timestamp(0) without time zone) AND (l_shipdate < '1997-10-01 00:00:00'::timestamp without time zone)), (LLVM Optimized, Jit Execute)", "Rows Removed by Index Recheck": 0, "Exact Heap Blocks": 732487, "Lossy Heap Blocks": 732487, "Plans": [{"Node Type": "Bitmap Index Scan", "Parent Relationship": "Outer", "Index Name": "idx_lineitem_shipdate", "Startup Cost": 0.0, "Total Cost": 77977.46, "Plan Rows": 2266921, "Plan Width": 0, "Actual Startup Time": 709.182, "Actual Total Time": 709.182, "Actual Rows": 2293944, "Actual Loops": 1, "Index Cond": "((l_shipdate >= '1997-07-01 00:00:00'::timestamp(0) without time zone) AND (l_shipdate < '1997-10-01 00:00:00'::timestamp without time zone))"}]}]}, {"Node Type": "Bitmap Heap Scan", "Parent Relationship": "Inner", "Relation Name": "supplier", "Alias": "supplier", "Startup Cost": 0.28, "Total Cost": 4.3, "Plan Rows": 1, "Plan Width": 75, "Actual Startup Time": 0.05, "Actual Total Time": 0.05, "Actual Rows": 1, "Actual Loops": 1, "Recheck Cond": "(s_suppkey = public.lineitem.l_suppkey)", "Rows Removed by Index Recheck": 0, "Exact Heap Blocks": 1, "Lossy Heap Blocks": 1, "Plans": [{"Node Type": "Bitmap Index Scan", "Parent Relationship": "Outer", "Index Name": "supplier_pkey", "Startup Cost": 0.0, "Total Cost": 0.28, "Plan Rows": 1, "Plan Width": 0, "Actual Startup Time": 0.026, "Actual Total Time": 0.026, "Actual Rows": 1, "Actual Loops": 1, "Index Cond": "(s_suppkey = public.lineitem.l_suppkey)"}]}]}]}, "Triggers": [], "Planner Runtime": 0.751, "Total Runtime": 11707.86, "Unique SQL Id": 3712096918}}, "(1, '56')": {"explain_plan": {"Plan": {"Node Type": "Sort", "Startup Cost": 4727127.98, "Total Cost": 4727276.43, "Plan Rows": 59380, "Plan Width": 83, "Sort Key": ["supplier.s_suppkey"], "Plans": [{"Node Type": "Aggregate", "Strategy": "Plain", "Parent Relationship": "exec_init_plan", "Subplan Name": "InitPlan 1 (returns $0)", "Startup Cost": 2339055.76, "Total Cost": 2339055.77, "Plan Rows": 1, "Plan Width": 16, "Plans": [{"Node Type": "Aggregate", "Strategy": "Hashed", "Parent Relationship": "Outer", "Startup Cost": 2337719.71, "Total Cost": 2338313.51, "Plan Rows": 59380, "Plan Width": 24, "Group By Key": ["public.lineitem.l_suppkey"], "Plans": [{"Node Type": "Seq Scan", "Parent Relationship": "Outer", "Relation Name": "lineitem", "Alias": "lineitem", "Startup Cost": 25.33, "Total Cost": 2315050.5, "Plan Rows": 2266921, "Plan Width": 24, "Filter": "((l_shipdate >= '1997-07-01 00:00:00'::timestamp(0) without time zone) AND (l_shipdate < '1997-10-01 00:00:00'::timestamp without time zone)), (LLVM Optimized)"}]}]}, {"Node Type": "Nested Loop", "Parent Relationship": "Outer", "Join Type": "Inner", "Startup Cost": 2354721.61, "Total Cost": 2383364.06, "Plan Rows": 59380, "Plan Width": 83, "Inner Unique": true, "Plans": [{"Node Type": "Aggregate", "Strategy": "Hashed", "Parent Relationship": "Outer", "Startup Cost": 2354721.61, "Total Cost": 2355463.86, "Plan Rows": 59380, "Plan Width": 24, "Group By Key": ["public.lineitem.l_suppkey"], "Filter": "(sum((public.lineitem.l_extendedprice * (1::double precision - public.lineitem.l_discount))) = $0), (LLVM Optimized)", "Plans": [{"Node Type": "Seq Scan", "Parent Relationship": "Outer", "Relation Name": "lineitem", "Alias": "lineitem", "Startup Cost": 25.33, "Total Cost": 2315050.5, "Plan Rows": 2266921, "Plan Width": 24, "Filter": "((l_shipdate >= '1997-07-01 00:00:00'::timestamp(0) without time zone) AND (l_shipdate < '1997-10-01 00:00:00'::timestamp without time zone)), (LLVM Optimized)"}]}, {"Node Type": "Index Scan", "Parent Relationship": "Inner", "Scan Direction": "Forward", "Index Name": "supplier_pkey", "Relation Name": "supplier", "Alias": "supplier", "Startup Cost": 0.0, "Total Cost": 0.45, "Plan Rows": 1, "Plan Width": 75, "Index Cond": "(s_suppkey = public.lineitem.l_suppkey)"}]}]}, "Unique SQL Id": 3712096918, "Planner Runtime": 0}, "explain_analyze_plan": null}, "(1, '57')": {"explain_plan": {"Plan": {"Node Type": "Sort", "Startup Cost": 10368528.3, "Total Cost": 10368676.75, "Plan Rows": 59380, "Plan Width": 83, "Sort Key": ["supplier.s_suppkey"], "Plans": [{"Node Type": "Aggregate", "Strategy": "Plain", "Parent Relationship": "exec_init_plan", "Subplan Name": "InitPlan 1 (returns $0)", "Startup Cost": 5159755.92, "Total Cost": 5159755.93, "Plan Rows": 1, "Plan Width": 16, "Plans": [{"Node Type": "Aggregate", "Strategy": "Hashed", "Parent Relationship": "Outer", "Startup Cost": 5158419.87, "Total Cost": 5159013.67, "Plan Rows": 59380, "Plan Width": 24, "Group By Key": ["public.lineitem.l_suppkey"], "Plans": [{"Node Type": "Index Scan", "Parent Relationship": "Outer", "Scan Direction": "Forward", "Index Name": "idx_lineitem_shipdate", "Relation Name": "lineitem", "Alias": "lineitem", "Startup Cost": 0.0, "Total Cost": 5135750.66, "Plan Rows": 2266921, "Plan Width": 24, "Index Cond": "((l_shipdate >= '1997-07-01 00:00:00'::timestamp(0) without time zone) AND (l_shipdate < '1997-10-01 00:00:00'::timestamp without time zone)), (LLVM Optimized)"}]}]}, {"Node Type": "Nested Loop", "Parent Relationship": "Outer", "Join Type": "Inner", "Startup Cost": 5175421.77, "Total Cost": 5204064.22, "Plan Rows": 59380, "Plan Width": 83, "Inner Unique": true, "Plans": [{"Node Type": "Aggregate", "Strategy": "Hashed", "Parent Relationship": "Outer", "Startup Cost": 5175421.77, "Total Cost": 5176164.02, "Plan Rows": 59380, "Plan Width": 24, "Group By Key": ["public.lineitem.l_suppkey"], "Filter": "(sum((public.lineitem.l_extendedprice * (1::double precision - public.lineitem.l_discount))) = $0), (LLVM Optimized)", "Plans": [{"Node Type": "Index Scan", "Parent Relationship": "Outer", "Scan Direction": "Forward", "Index Name": "idx_lineitem_shipdate", "Relation Name": "lineitem", "Alias": "lineitem", "Startup Cost": 0.0, "Total Cost": 5135750.66, "Plan Rows": 2266921, "Plan Width": 24, "Index Cond": "((l_shipdate >= '1997-07-01 00:00:00'::timestamp(0) without time zone) AND (l_shipdate < '1997-10-01 00:00:00'::timestamp without time zone)), (LLVM Optimized)"}]}, {"Node Type": "Index Scan", "Parent Relationship": "Inner", "Scan Direction": "Forward", "Index Name": "supplier_pkey", "Relation Name": "supplier", "Alias": "supplier", "Startup Cost": 0.0, "Total Cost": 0.45, "Plan Rows": 1, "Plan Width": 75, "Index Cond": "(s_suppkey = public.lineitem.l_suppkey)"}]}]}, "Unique SQL Id": 3712096918, "Planner Runtime": 0}, "explain_analyze_plan": {"Plan": {"Node Type": "Sort", "Startup Cost": 10368528.3, "Total Cost": 10368676.75, "Plan Rows": 59380, "Plan Width": 83, "Actual Startup Time": 16053.742, "Actual Total Time": 16053.743, "Actual Rows": 1, "Actual Loops": 1, "Sort Key": ["supplier.s_suppkey"], "Sort Method": "quicksort", "Sort Space Used": 25, "Sort Space Type": "Memory", "Plans": [{"Node Type": "Aggregate", "Strategy": "Plain", "Parent Relationship": "exec_init_plan", "Subplan Name": "InitPlan 1 (returns $0)", "Startup Cost": 5159755.92, "Total Cost": 5159755.93, "Plan Rows": 1, "Plan Width": 16, "Actual Startup Time": 8267.458, "Actual Total Time": 8267.458, "Actual Rows": 1, "Actual Loops": 1, "Plans": [{"Node Type": "Aggregate", "Strategy": "Hashed", "Parent Relationship": "Outer", "Startup Cost": 5158419.87, "Total Cost": 5159013.67, "Plan Rows": 59380, "Plan Width": 24, "Actual Startup Time": 8221.527, "Actual Total Time": 8252.553, "Actual Rows": 100000, "Actual Loops": 1, "Group By Key": ["public.lineitem.l_suppkey"], "Plans": [{"Node Type": "Index Scan", "Parent Relationship": "Outer", "Scan Direction": "Forward", "Index Name": "idx_lineitem_shipdate", "Relation Name": "lineitem", "Alias": "lineitem", "Startup Cost": 0.0, "Total Cost": 5135750.66, "Plan Rows": 2266921, "Plan Width": 24, "Actual Startup Time": 0.067, "Actual Total Time": 6130.937, "Actual Rows": 2293944, "Actual Loops": 1, "Index Cond": "((l_shipdate >= '1997-07-01 00:00:00'::timestamp(0) without time zone) AND (l_shipdate < '1997-10-01 00:00:00'::timestamp without time zone)), (LLVM Optimized, Jit Execute)", "Rows Removed by Index Recheck": 0}]}]}, {"Node Type": "Nested Loop", "Parent Relationship": "Outer", "Join Type": "Inner", "Startup Cost": 5175421.77, "Total Cost": 5204064.22, "Plan Rows": 59380, "Plan Width": 83, "Actual Startup Time": 16035.218, "Actual Total Time": 16053.717, "Actual Rows": 1, "Actual Loops": 1, "Inner Unique": true, "Plans": [{"Node Type": "Aggregate", "Strategy": "Hashed", "Parent Relationship": "Outer", "Startup Cost": 5175421.77, "Total Cost": 5176164.02, "Plan Rows": 59380, "Plan Width": 24, "Actual Startup Time": 16035.163, "Actual Total Time": 16053.415, "Actual Rows": 1, "Actual Loops": 1, "Group By Key": ["public.lineitem.l_suppkey"], "Filter": "(sum((public.lineitem.l_extendedprice * (1::double precision - public.lineitem.l_discount))) = $0), (LLVM Optimized, Jit Execute)", "Rows Removed by Filter": 99999, "Plans": [{"Node Type": "Index Scan", "Parent Relationship": "Outer", "Scan Direction": "Forward", "Index Name": "idx_lineitem_shipdate", "Relation Name": "lineitem", "Alias": "lineitem", "Startup Cost": 0.0, "Total Cost": 5135750.66, "Plan Rows": 2266921, "Plan Width": 24, "Actual Startup Time": 0.058, "Actual Total Time": 5645.488, "Actual Rows": 2293944, "Actual Loops": 1, "Index Cond": "((l_shipdate >= '1997-07-01 00:00:00'::timestamp(0) without time zone) AND (l_shipdate < '1997-10-01 00:00:00'::timestamp without time zone)), (LLVM Optimized, Jit Execute)", "Rows Removed by Index Recheck": 0}]}, {"Node Type": "Index Scan", "Parent Relationship": "Inner", "Scan Direction": "Forward", "Index Name": "supplier_pkey", "Relation Name": "supplier", "Alias": "supplier", "Startup Cost": 0.0, "Total Cost": 0.45, "Plan Rows": 1, "Plan Width": 75, "Actual Startup Time": 0.041, "Actual Total Time": 0.041, "Actual Rows": 1, "Actual Loops": 1, "Index Cond": "(s_suppkey = public.lineitem.l_suppkey)", "Rows Removed by Index Recheck": 0}]}]}, "Triggers": [], "Planner Runtime": 0.654, "Total Runtime": 16065.015, "Unique SQL Id": 3712096918}}, "(1, '58')": {"explain_plan": {"Plan": {"Node Type": "Sort", "Startup Cost": 93773253.03, "Total Cost": 93773401.48, "Plan Rows": 59380, "Plan Width": 83, "Sort Key": ["supplier.s_suppkey"], "Plans": [{"Node Type": "Aggregate", "Strategy": "Plain", "Parent Relationship": "exec_init_plan", "Subplan Name": "InitPlan 1 (returns $0)", "Startup Cost": 2339055.76, "Total Cost": 2339055.77, "Plan Rows": 1, "Plan Width": 16, "Plans": [{"Node Type": "Aggregate", "Strategy": "Hashed", "Parent Relationship": "Outer", "Startup Cost": 2337719.71, "Total Cost": 2338313.51, "Plan Rows": 59380, "Plan Width": 24, "Group By Key": ["public.lineitem.l_suppkey"], "Plans": [{"Node Type": "Seq Scan", "Parent Relationship": "Outer", "Relation Name": "lineitem", "Alias": "lineitem", "Startup Cost": 25.33, "Total Cost": 2315050.5, "Plan Rows": 2266921, "Plan Width": 24, "Filter": "((l_shipdate >= '1997-07-01 00:00:00'::timestamp(0) without time zone) AND (l_shipdate < '1997-10-01 00:00:00'::timestamp without time zone)), (LLVM Optimized)"}]}]}, {"Node Type": "Nested Loop", "Parent Relationship": "Outer", "Join Type": "Inner", "Startup Cost": 2354721.61, "Total Cost": 91429489.11, "Plan Rows": 59380, "Plan Width": 83, "Inner Unique": true, "Join Filter": "(supplier.s_suppkey = revenue0.supplier_no)", "Plans": [{"Node Type": "Seq Scan", "Parent Relationship": "Outer", "Relation Name": "supplier", "Alias": "supplier", "Startup Cost": 0.0, "Total Cost": 3283.0, "Plan Rows": 100000, "Plan Width": 75}, {"Node Type": "Materialize", "Parent Relationship": "Inner", "Startup Cost": 2354721.61, "Total Cost": 2356354.56, "Plan Rows": 59380, "Plan Width": 16, "Plans": [{"Node Type": "Subquery Scan", "Parent Relationship": "Outer", "Alias": "revenue0", "Startup Cost": 2354721.61, "Total Cost": 2356057.66, "Plan Rows": 59380, "Plan Width": 16, "Plans": [{"Node Type": "Aggregate", "Strategy": "Hashed", "Parent Relationship": "Subquery", "Startup Cost": 2354721.61, "Total Cost": 2355463.86, "Plan Rows": 59380, "Plan Width": 24, "Group By Key": ["public.lineitem.l_suppkey"], "Filter": "(sum((public.lineitem.l_extendedprice * (1::double precision - public.lineitem.l_discount))) = $0), (LLVM Optimized)", "Plans": [{"Node Type": "Seq Scan", "Parent Relationship": "Outer", "Relation Name": "lineitem", "Alias": "lineitem", "Startup Cost": 25.33, "Total Cost": 2315050.5, "Plan Rows": 2266921, "Plan Width": 24, "Filter": "((l_shipdate >= '1997-07-01 00:00:00'::timestamp(0) without time zone) AND (l_shipdate < '1997-10-01 00:00:00'::timestamp without time zone)), (LLVM Optimized)"}]}]}]}]}]}, "Unique SQL Id": 3712096918, "Planner Runtime": 0}, "explain_analyze_plan": null}, "(1, '59')": {"explain_plan": {"Plan": {"Node Type": "Nested Loop", "Join Type": "Inner", "Startup Cost": 2010463073775.39, "Total Cost": 3000552678714.27, "Plan Rows": 59380, "Plan Width": 83, "Inner Unique": true, "Join Filter": "(supplier.s_suppkey = revenue0.supplier_no)", "Plans": [{"Node Type": "Aggregate", "Strategy": "Plain", "Parent Relationship": "exec_init_plan", "Subplan Name": "InitPlan 1 (returns $0)", "Startup Cost": 1000231529054.76, "Total Cost": 1000231529054.77, "Plan Rows": 1, "Plan Width": 16, "Plans": [{"Node Type": "Aggregate", "Strategy": "Hashed", "Parent Relationship": "Outer", "Startup Cost": 1000231527718.71, "Total Cost": 1000231528312.51, "Plan Rows": 59380, "Plan Width": 24, "Group By Key": ["public.lineitem.l_suppkey"], "Plans": [{"Node Type": "Seq Scan", "Parent Relationship": "Outer", "Relation Name": "lineitem", "Alias": "lineitem", "Startup Cost": 10000000025.02, "Total Cost": 1000231505049.5, "Plan Rows": 2266921, "Plan Width": 24, "Filter": "((l_shipdate >= '1997-07-01 00:00:00'::timestamp(0) without time zone) AND (l_shipdate < '1997-10-01 00:00:00'::timestamp without time zone)), (LLVM Optimized)"}]}]}, {"Node Type": "Index Scan", "Parent Relationship": "Outer", "Scan Direction": "Forward", "Index Name": "supplier_pkey", "Relation Name": "supplier", "Alias": "supplier", "Startup Cost": 10000000000.0, "Total Cost": 1000000533454.38, "Plan Rows": 100000, "Plan Width": 75}, {"Node Type": "Materialize", "Parent Relationship": "Inner", "Startup Cost": 1000231544720.62, "Total Cost": 1000231546353.57, "Plan Rows": 59380, "Plan Width": 16, "Plans": [{"Node Type": "Subquery Scan", "Parent Relationship": "Outer", "Alias": "revenue0", "Startup Cost": 1000231544720.62, "Total Cost": 1000231546056.67, "Plan Rows": 59380, "Plan Width": 16, "Plans": [{"Node Type": "Aggregate", "Strategy": "Hashed", "Parent Relationship": "Subquery", "Startup Cost": 1000231544720.62, "Total Cost": 1000231545462.87, "Plan Rows": 59380, "Plan Width": 24, "Group By Key": ["public.lineitem.l_suppkey"], "Filter": "(sum((public.lineitem.l_extendedprice * (1::double precision - public.lineitem.l_discount))) = $0), (LLVM Optimized)", "Plans": [{"Node Type": "Seq Scan", "Parent Relationship": "Outer", "Relation Name": "lineitem", "Alias": "lineitem", "Startup Cost": 10000000025.02, "Total Cost": 1000231505049.5, "Plan Rows": 2266921, "Plan Width": 24, "Filter": "((l_shipdate >= '1997-07-01 00:00:00'::timestamp(0) without time zone) AND (l_shipdate < '1997-10-01 00:00:00'::timestamp without time zone)), (LLVM Optimized)"}]}]}]}]}, "Unique SQL Id": 3712096918, "Planner Runtime": 0}, "explain_analyze_plan": null}, "(1, '60')": {"explain_plan": {"Plan": {"Node Type": "Sort", "Startup Cost": 4727127.98, "Total Cost": 4727276.43, "Plan Rows": 59380, "Plan Width": 83, "Sort Key": ["supplier.s_suppkey"], "Plans": [{"Node Type": "Aggregate", "Strategy": "Plain", "Parent Relationship": "exec_init_plan", "Subplan Name": "InitPlan 1 (returns $0)", "Startup Cost": 2339055.76, "Total Cost": 2339055.77, "Plan Rows": 1, "Plan Width": 16, "Plans": [{"Node Type": "Aggregate", "Strategy": "Hashed", "Parent Relationship": "Outer", "Startup Cost": 2337719.71, "Total Cost": 2338313.51, "Plan Rows": 59380, "Plan Width": 24, "Group By Key": ["public.lineitem.l_suppkey"], "Plans": [{"Node Type": "Seq Scan", "Parent Relationship": "Outer", "Relation Name": "lineitem", "Alias": "lineitem", "Startup Cost": 25.33, "Total Cost": 2315050.5, "Plan Rows": 2266921, "Plan Width": 24, "Filter": "((l_shipdate >= '1997-07-01 00:00:00'::timestamp(0) without time zone) AND (l_shipdate < '1997-10-01 00:00:00'::timestamp without time zone)), (LLVM Optimized)"}]}]}, {"Node Type": "Nested Loop", "Parent Relationship": "Outer", "Join Type": "Inner", "Startup Cost": 2354721.61, "Total Cost": 2383364.06, "Plan Rows": 59380, "Plan Width": 83, "Inner Unique": true, "Plans": [{"Node Type": "Aggregate", "Strategy": "Hashed", "Parent Relationship": "Outer", "Startup Cost": 2354721.61, "Total Cost": 2355463.86, "Plan Rows": 59380, "Plan Width": 24, "Group By Key": ["public.lineitem.l_suppkey"], "Filter": "(sum((public.lineitem.l_extendedprice * (1::double precision - public.lineitem.l_discount))) = $0), (LLVM Optimized)", "Plans": [{"Node Type": "Seq Scan", "Parent Relationship": "Outer", "Relation Name": "lineitem", "Alias": "lineitem", "Startup Cost": 25.33, "Total Cost": 2315050.5, "Plan Rows": 2266921, "Plan Width": 24, "Filter": "((l_shipdate >= '1997-07-01 00:00:00'::timestamp(0) without time zone) AND (l_shipdate < '1997-10-01 00:00:00'::timestamp without time zone)), (LLVM Optimized)"}]}, {"Node Type": "Index Scan", "Parent Relationship": "Inner", "Scan Direction": "Forward", "Index Name": "supplier_pkey", "Relation Name": "supplier", "Alias": "supplier", "Startup Cost": 0.0, "Total Cost": 0.45, "Plan Rows": 1, "Plan Width": 75, "Index Cond": "(s_suppkey = public.lineitem.l_suppkey)"}]}]}, "Unique SQL Id": 3712096918, "Planner Runtime": 0}, "explain_analyze_plan": null}, "(1, '61')": {"explain_plan": {"Plan": {"Node Type": "Sort", "Startup Cost": 10368528.3, "Total Cost": 10368676.75, "Plan Rows": 59380, "Plan Width": 83, "Sort Key": ["supplier.s_suppkey"], "Plans": [{"Node Type": "Aggregate", "Strategy": "Plain", "Parent Relationship": "exec_init_plan", "Subplan Name": "InitPlan 1 (returns $0)", "Startup Cost": 5159755.92, "Total Cost": 5159755.93, "Plan Rows": 1, "Plan Width": 16, "Plans": [{"Node Type": "Aggregate", "Strategy": "Hashed", "Parent Relationship": "Outer", "Startup Cost": 5158419.87, "Total Cost": 5159013.67, "Plan Rows": 59380, "Plan Width": 24, "Group By Key": ["public.lineitem.l_suppkey"], "Plans": [{"Node Type": "Index Scan", "Parent Relationship": "Outer", "Scan Direction": "Forward", "Index Name": "idx_lineitem_shipdate", "Relation Name": "lineitem", "Alias": "lineitem", "Startup Cost": 0.0, "Total Cost": 5135750.66, "Plan Rows": 2266921, "Plan Width": 24, "Index Cond": "((l_shipdate >= '1997-07-01 00:00:00'::timestamp(0) without time zone) AND (l_shipdate < '1997-10-01 00:00:00'::timestamp without time zone)), (LLVM Optimized)"}]}]}, {"Node Type": "Nested Loop", "Parent Relationship": "Outer", "Join Type": "Inner", "Startup Cost": 5175421.77, "Total Cost": 5204064.22, "Plan Rows": 59380, "Plan Width": 83, "Inner Unique": true, "Plans": [{"Node Type": "Aggregate", "Strategy": "Hashed", "Parent Relationship": "Outer", "Startup Cost": 5175421.77, "Total Cost": 5176164.02, "Plan Rows": 59380, "Plan Width": 24, "Group By Key": ["public.lineitem.l_suppkey"], "Filter": "(sum((public.lineitem.l_extendedprice * (1::double precision - public.lineitem.l_discount))) = $0), (LLVM Optimized)", "Plans": [{"Node Type": "Index Scan", "Parent Relationship": "Outer", "Scan Direction": "Forward", "Index Name": "idx_lineitem_shipdate", "Relation Name": "lineitem", "Alias": "lineitem", "Startup Cost": 0.0, "Total Cost": 5135750.66, "Plan Rows": 2266921, "Plan Width": 24, "Index Cond": "((l_shipdate >= '1997-07-01 00:00:00'::timestamp(0) without time zone) AND (l_shipdate < '1997-10-01 00:00:00'::timestamp without time zone)), (LLVM Optimized)"}]}, {"Node Type": "Index Scan", "Parent Relationship": "Inner", "Scan Direction": "Forward", "Index Name": "supplier_pkey", "Relation Name": "supplier", "Alias": "supplier", "Startup Cost": 0.0, "Total Cost": 0.45, "Plan Rows": 1, "Plan Width": 75, "Index Cond": "(s_suppkey = public.lineitem.l_suppkey)"}]}]}, "Unique SQL Id": 3712096918, "Planner Runtime": 0}, "explain_analyze_plan": {"Plan": {"Node Type": "Sort", "Startup Cost": 10368528.3, "Total Cost": 10368676.75, "Plan Rows": 59380, "Plan Width": 83, "Actual Startup Time": 16053.742, "Actual Total Time": 16053.743, "Actual Rows": 1, "Actual Loops": 1, "Sort Key": ["supplier.s_suppkey"], "Sort Method": "quicksort", "Sort Space Used": 25, "Sort Space Type": "Memory", "Plans": [{"Node Type": "Aggregate", "Strategy": "Plain", "Parent Relationship": "exec_init_plan", "Subplan Name": "InitPlan 1 (returns $0)", "Startup Cost": 5159755.92, "Total Cost": 5159755.93, "Plan Rows": 1, "Plan Width": 16, "Actual Startup Time": 8267.458, "Actual Total Time": 8267.458, "Actual Rows": 1, "Actual Loops": 1, "Plans": [{"Node Type": "Aggregate", "Strategy": "Hashed", "Parent Relationship": "Outer", "Startup Cost": 5158419.87, "Total Cost": 5159013.67, "Plan Rows": 59380, "Plan Width": 24, "Actual Startup Time": 8221.527, "Actual Total Time": 8252.553, "Actual Rows": 100000, "Actual Loops": 1, "Group By Key": ["public.lineitem.l_suppkey"], "Plans": [{"Node Type": "Index Scan", "Parent Relationship": "Outer", "Scan Direction": "Forward", "Index Name": "idx_lineitem_shipdate", "Relation Name": "lineitem", "Alias": "lineitem", "Startup Cost": 0.0, "Total Cost": 5135750.66, "Plan Rows": 2266921, "Plan Width": 24, "Actual Startup Time": 0.067, "Actual Total Time": 6130.937, "Actual Rows": 2293944, "Actual Loops": 1, "Index Cond": "((l_shipdate >= '1997-07-01 00:00:00'::timestamp(0) without time zone) AND (l_shipdate < '1997-10-01 00:00:00'::timestamp without time zone)), (LLVM Optimized, Jit Execute)", "Rows Removed by Index Recheck": 0}]}]}, {"Node Type": "Nested Loop", "Parent Relationship": "Outer", "Join Type": "Inner", "Startup Cost": 5175421.77, "Total Cost": 5204064.22, "Plan Rows": 59380, "Plan Width": 83, "Actual Startup Time": 16035.218, "Actual Total Time": 16053.717, "Actual Rows": 1, "Actual Loops": 1, "Inner Unique": true, "Plans": [{"Node Type": "Aggregate", "Strategy": "Hashed", "Parent Relationship": "Outer", "Startup Cost": 5175421.77, "Total Cost": 5176164.02, "Plan Rows": 59380, "Plan Width": 24, "Actual Startup Time": 16035.163, "Actual Total Time": 16053.415, "Actual Rows": 1, "Actual Loops": 1, "Group By Key": ["public.lineitem.l_suppkey"], "Filter": "(sum((public.lineitem.l_extendedprice * (1::double precision - public.lineitem.l_discount))) = $0), (LLVM Optimized, Jit Execute)", "Rows Removed by Filter": 99999, "Plans": [{"Node Type": "Index Scan", "Parent Relationship": "Outer", "Scan Direction": "Forward", "Index Name": "idx_lineitem_shipdate", "Relation Name": "lineitem", "Alias": "lineitem", "Startup Cost": 0.0, "Total Cost": 5135750.66, "Plan Rows": 2266921, "Plan Width": 24, "Actual Startup Time": 0.058, "Actual Total Time": 5645.488, "Actual Rows": 2293944, "Actual Loops": 1, "Index Cond": "((l_shipdate >= '1997-07-01 00:00:00'::timestamp(0) without time zone) AND (l_shipdate < '1997-10-01 00:00:00'::timestamp without time zone)), (LLVM Optimized, Jit Execute)", "Rows Removed by Index Recheck": 0}]}, {"Node Type": "Index Scan", "Parent Relationship": "Inner", "Scan Direction": "Forward", "Index Name": "supplier_pkey", "Relation Name": "supplier", "Alias": "supplier", "Startup Cost": 0.0, "Total Cost": 0.45, "Plan Rows": 1, "Plan Width": 75, "Actual Startup Time": 0.041, "Actual Total Time": 0.041, "Actual Rows": 1, "Actual Loops": 1, "Index Cond": "(s_suppkey = public.lineitem.l_suppkey)", "Rows Removed by Index Recheck": 0}]}]}, "Triggers": [], "Planner Runtime": 0.654, "Total Runtime": 16065.015, "Unique SQL Id": 3712096918}}, "(1, '62')": {"explain_plan": {"Plan": {"Node Type": "Sort", "Startup Cost": 93773253.03, "Total Cost": 93773401.48, "Plan Rows": 59380, "Plan Width": 83, "Sort Key": ["supplier.s_suppkey"], "Plans": [{"Node Type": "Aggregate", "Strategy": "Plain", "Parent Relationship": "exec_init_plan", "Subplan Name": "InitPlan 1 (returns $0)", "Startup Cost": 2339055.76, "Total Cost": 2339055.77, "Plan Rows": 1, "Plan Width": 16, "Plans": [{"Node Type": "Aggregate", "Strategy": "Hashed", "Parent Relationship": "Outer", "Startup Cost": 2337719.71, "Total Cost": 2338313.51, "Plan Rows": 59380, "Plan Width": 24, "Group By Key": ["public.lineitem.l_suppkey"], "Plans": [{"Node Type": "Seq Scan", "Parent Relationship": "Outer", "Relation Name": "lineitem", "Alias": "lineitem", "Startup Cost": 25.33, "Total Cost": 2315050.5, "Plan Rows": 2266921, "Plan Width": 24, "Filter": "((l_shipdate >= '1997-07-01 00:00:00'::timestamp(0) without time zone) AND (l_shipdate < '1997-10-01 00:00:00'::timestamp without time zone)), (LLVM Optimized)"}]}]}, {"Node Type": "Nested Loop", "Parent Relationship": "Outer", "Join Type": "Inner", "Startup Cost": 2354721.61, "Total Cost": 91429489.11, "Plan Rows": 59380, "Plan Width": 83, "Inner Unique": true, "Join Filter": "(supplier.s_suppkey = revenue0.supplier_no)", "Plans": [{"Node Type": "Seq Scan", "Parent Relationship": "Outer", "Relation Name": "supplier", "Alias": "supplier", "Startup Cost": 0.0, "Total Cost": 3283.0, "Plan Rows": 100000, "Plan Width": 75}, {"Node Type": "Materialize", "Parent Relationship": "Inner", "Startup Cost": 2354721.61, "Total Cost": 2356354.56, "Plan Rows": 59380, "Plan Width": 16, "Plans": [{"Node Type": "Subquery Scan", "Parent Relationship": "Outer", "Alias": "revenue0", "Startup Cost": 2354721.61, "Total Cost": 2356057.66, "Plan Rows": 59380, "Plan Width": 16, "Plans": [{"Node Type": "Aggregate", "Strategy": "Hashed", "Parent Relationship": "Subquery", "Startup Cost": 2354721.61, "Total Cost": 2355463.86, "Plan Rows": 59380, "Plan Width": 24, "Group By Key": ["public.lineitem.l_suppkey"], "Filter": "(sum((public.lineitem.l_extendedprice * (1::double precision - public.lineitem.l_discount))) = $0), (LLVM Optimized)", "Plans": [{"Node Type": "Seq Scan", "Parent Relationship": "Outer", "Relation Name": "lineitem", "Alias": "lineitem", "Startup Cost": 25.33, "Total Cost": 2315050.5, "Plan Rows": 2266921, "Plan Width": 24, "Filter": "((l_shipdate >= '1997-07-01 00:00:00'::timestamp(0) without time zone) AND (l_shipdate < '1997-10-01 00:00:00'::timestamp without time zone)), (LLVM Optimized)"}]}]}]}]}]}, "Unique SQL Id": 3712096918, "Planner Runtime": 0}, "explain_analyze_plan": null}, "(1, '63')": {"explain_plan": {"Plan": {"Node Type": "Nested Loop", "Join Type": "Inner", "Startup Cost": 2010463073775.39, "Total Cost": 3000552678714.27, "Plan Rows": 59380, "Plan Width": 83, "Inner Unique": true, "Join Filter": "(supplier.s_suppkey = revenue0.supplier_no)", "Plans": [{"Node Type": "Aggregate", "Strategy": "Plain", "Parent Relationship": "exec_init_plan", "Subplan Name": "InitPlan 1 (returns $0)", "Startup Cost": 1000231529054.76, "Total Cost": 1000231529054.77, "Plan Rows": 1, "Plan Width": 16, "Plans": [{"Node Type": "Aggregate", "Strategy": "Hashed", "Parent Relationship": "Outer", "Startup Cost": 1000231527718.71, "Total Cost": 1000231528312.51, "Plan Rows": 59380, "Plan Width": 24, "Group By Key": ["public.lineitem.l_suppkey"], "Plans": [{"Node Type": "Seq Scan", "Parent Relationship": "Outer", "Relation Name": "lineitem", "Alias": "lineitem", "Startup Cost": 10000000025.02, "Total Cost": 1000231505049.5, "Plan Rows": 2266921, "Plan Width": 24, "Filter": "((l_shipdate >= '1997-07-01 00:00:00'::timestamp(0) without time zone) AND (l_shipdate < '1997-10-01 00:00:00'::timestamp without time zone)), (LLVM Optimized)"}]}]}, {"Node Type": "Index Scan", "Parent Relationship": "Outer", "Scan Direction": "Forward", "Index Name": "supplier_pkey", "Relation Name": "supplier", "Alias": "supplier", "Startup Cost": 10000000000.0, "Total Cost": 1000000533454.38, "Plan Rows": 100000, "Plan Width": 75}, {"Node Type": "Materialize", "Parent Relationship": "Inner", "Startup Cost": 1000231544720.62, "Total Cost": 1000231546353.57, "Plan Rows": 59380, "Plan Width": 16, "Plans": [{"Node Type": "Subquery Scan", "Parent Relationship": "Outer", "Alias": "revenue0", "Startup Cost": 1000231544720.62, "Total Cost": 1000231546056.67, "Plan Rows": 59380, "Plan Width": 16, "Plans": [{"Node Type": "Aggregate", "Strategy": "Hashed", "Parent Relationship": "Subquery", "Startup Cost": 1000231544720.62, "Total Cost": 1000231545462.87, "Plan Rows": 59380, "Plan Width": 24, "Group By Key": ["public.lineitem.l_suppkey"], "Filter": "(sum((public.lineitem.l_extendedprice * (1::double precision - public.lineitem.l_discount))) = $0), (LLVM Optimized)", "Plans": [{"Node Type": "Seq Scan", "Parent Relationship": "Outer", "Relation Name": "lineitem", "Alias": "lineitem", "Startup Cost": 10000000025.02, "Total Cost": 1000231505049.5, "Plan Rows": 2266921, "Plan Width": 24, "Filter": "((l_shipdate >= '1997-07-01 00:00:00'::timestamp(0) without time zone) AND (l_shipdate < '1997-10-01 00:00:00'::timestamp without time zone)), (LLVM Optimized)"}]}]}]}]}, "Unique SQL Id": 3712096918, "Planner Runtime": 0}, "explain_analyze_plan": null}, "(1, '64')": {"explain_plan": {"Plan": {"Node Type": "Merge Join", "Join Type": "Inner", "Startup Cost": 3242103.77, "Total Cost": 3248579.02, "Plan Rows": 59380, "Plan Width": 83, "Inner Unique": true, "Merge Cond": "(supplier.s_suppkey = revenue0.supplier_no)", "Plans": [{"Node Type": "Aggregate", "Strategy": "Plain", "Parent Relationship": "exec_init_plan", "Subplan Name": "InitPlan 1 (returns $0)", "Startup Cost": 1610196.85, "Total Cost": 1610196.86, "Plan Rows": 1, "Plan Width": 16, "Plans": [{"Node Type": "Aggregate", "Strategy": "Hashed", "Parent Relationship": "Outer", "Startup Cost": 1608860.8, "Total Cost": 1609454.6, "Plan Rows": 59380, "Plan Width": 24, "Group By Key": ["public.lineitem.l_suppkey"], "Plans": [{"Node Type": "Bitmap Heap Scan", "Parent Relationship": "Outer", "Relation Name": "lineitem", "Alias": "lineitem", "Startup Cost": 78544.19, "Total Cost": 1586191.59, "Plan Rows": 2266921, "Plan Width": 24, "Recheck Cond": "((l_shipdate >= '1997-07-01 00:00:00'::timestamp(0) without time zone) AND (l_shipdate < '1997-10-01 00:00:00'::timestamp without time zone)), (LLVM Optimized)", "Plans": [{"Node Type": "Bitmap Index Scan", "Parent Relationship": "Outer", "Index Name": "idx_lineitem_shipdate", "Startup Cost": 0.0, "Total Cost": 77977.46, "Plan Rows": 2266921, "Plan Width": 0, "Index Cond": "((l_shipdate >= '1997-07-01 00:00:00'::timestamp(0) without time zone) AND (l_shipdate < '1997-10-01 00:00:00'::timestamp without time zone))"}]}]}]}, {"Node Type": "Index Scan", "Parent Relationship": "Outer", "Scan Direction": "Forward", "Index Name": "supplier_pkey", "Relation Name": "supplier", "Alias": "supplier", "Startup Cost": 0.0, "Total Cost": 5334.54, "Plan Rows": 100000, "Plan Width": 75}, {"Node Type": "Sort", "Parent Relationship": "Inner", "Startup Cost": 1631906.91, "Total Cost": 1632055.36, "Plan Rows": 59380, "Plan Width": 16, "Sort Key": ["revenue0.supplier_no"], "Plans": [{"Node Type": "Subquery Scan", "Parent Relationship": "Outer", "Alias": "revenue0", "Startup Cost": 1625862.71, "Total Cost": 1627198.76, "Plan Rows": 59380, "Plan Width": 16, "Plans": [{"Node Type": "Aggregate", "Strategy": "Hashed", "Parent Relationship": "Subquery", "Startup Cost": 1625862.71, "Total Cost": 1626604.96, "Plan Rows": 59380, "Plan Width": 24, "Group By Key": ["public.lineitem.l_suppkey"], "Filter": "(sum((public.lineitem.l_extendedprice * (1::double precision - public.lineitem.l_discount))) = $0), (LLVM Optimized)", "Plans": [{"Node Type": "Bitmap Heap Scan", "Parent Relationship": "Outer", "Relation Name": "lineitem", "Alias": "lineitem", "Startup Cost": 78544.19, "Total Cost": 1586191.59, "Plan Rows": 2266921, "Plan Width": 24, "Recheck Cond": "((l_shipdate >= '1997-07-01 00:00:00'::timestamp(0) without time zone) AND (l_shipdate < '1997-10-01 00:00:00'::timestamp without time zone)), (LLVM Optimized)", "Plans": [{"Node Type": "Bitmap Index Scan", "Parent Relationship": "Outer", "Index Name": "idx_lineitem_shipdate", "Startup Cost": 0.0, "Total Cost": 77977.46, "Plan Rows": 2266921, "Plan Width": 0, "Index Cond": "((l_shipdate >= '1997-07-01 00:00:00'::timestamp(0) without time zone) AND (l_shipdate < '1997-10-01 00:00:00'::timestamp without time zone))"}]}]}]}]}]}, "Unique SQL Id": 3712096918, "Planner Runtime": 0}, "explain_analyze_plan": {"Plan": {"Node Type": "Merge Join", "Join Type": "Inner", "Startup Cost": 3242103.77, "Total Cost": 3248579.02, "Plan Rows": 59380, "Plan Width": 83, "Actual Startup Time": 11651.8, "Actual Total Time": 11651.805, "Actual Rows": 1, "Actual Loops": 1, "Inner Unique": true, "Merge Cond": "(supplier.s_suppkey = revenue0.supplier_no)", "Plans": [{"Node Type": "Aggregate", "Strategy": "Plain", "Parent Relationship": "exec_init_plan", "Subplan Name": "InitPlan 1 (returns $0)", "Startup Cost": 1610196.85, "Total Cost": 1610196.86, "Plan Rows": 1, "Plan Width": 16, "Actual Startup Time": 6150.177, "Actual Total Time": 6150.177, "Actual Rows": 1, "Actual Loops": 1, "Plans": [{"Node Type": "Aggregate", "Strategy": "Hashed", "Parent Relationship": "Outer", "Startup Cost": 1608860.8, "Total Cost": 1609454.6, "Plan Rows": 59380, "Plan Width": 24, "Actual Startup Time": 6103.597, "Actual Total Time": 6135.186, "Actual Rows": 100000, "Actual Loops": 1, "Group By Key": ["public.lineitem.l_suppkey"], "Plans": [{"Node Type": "Bitmap Heap Scan", "Parent Relationship": "Outer", "Relation Name": "lineitem", "Alias": "lineitem", "Startup Cost": 78544.19, "Total Cost": 1586191.59, "Plan Rows": 2266921, "Plan Width": 24, "Actual Startup Time": 1421.45, "Actual Total Time": 4328.688, "Actual Rows": 2293944, "Actual Loops": 1, "Recheck Cond": "((l_shipdate >= '1997-07-01 00:00:00'::timestamp(0) without time zone) AND (l_shipdate < '1997-10-01 00:00:00'::timestamp without time zone)), (LLVM Optimized, Jit Execute)", "Rows Removed by Index Recheck": 0, "Exact Heap Blocks": 732487, "Lossy Heap Blocks": 732487, "Plans": [{"Node Type": "Bitmap Index Scan", "Parent Relationship": "Outer", "Index Name": "idx_lineitem_shipdate", "Startup Cost": 0.0, "Total Cost": 77977.46, "Plan Rows": 2266921, "Plan Width": 0, "Actual Startup Time": 1058.066, "Actual Total Time": 1058.066, "Actual Rows": 2293944, "Actual Loops": 1, "Index Cond": "((l_shipdate >= '1997-07-01 00:00:00'::timestamp(0) without time zone) AND (l_shipdate < '1997-10-01 00:00:00'::timestamp without time zone))"}]}]}]}, {"Node Type": "Index Scan", "Parent Relationship": "Outer", "Scan Direction": "Forward", "Index Name": "supplier_pkey", "Relation Name": "supplier", "Alias": "supplier", "Startup Cost": 0.0, "Total Cost": 5334.54, "Plan Rows": 100000, "Plan Width": 75, "Actual Startup Time": 0.04, "Actual Total Time": 25.601, "Actual Rows": 35977, "Actual Loops": 1}, {"Node Type": "Sort", "Parent Relationship": "Inner", "Startup Cost": 1631906.91, "Total Cost": 1632055.36, "Plan Rows": 59380, "Plan Width": 16, "Actual Startup Time": 11621.178, "Actual Total Time": 11621.178, "Actual Rows": 1, "Actual Loops": 1, "Sort Key": ["revenue0.supplier_no"], "Sort Method": "quicksort", "Sort Space Used": 25, "Sort Space Type": "Memory", "Plans": [{"Node Type": "Subquery Scan", "Parent Relationship": "Outer", "Alias": "revenue0", "Startup Cost": 1625862.71, "Total Cost": 1627198.76, "Plan Rows": 59380, "Plan Width": 16, "Actual Startup Time": 11595.263, "Actual Total Time": 11620.908, "Actual Rows": 1, "Actual Loops": 1, "Plans": [{"Node Type": "Aggregate", "Strategy": "Hashed", "Parent Relationship": "Subquery", "Startup Cost": 1625862.71, "Total Cost": 1626604.96, "Plan Rows": 59380, "Plan Width": 24, "Actual Startup Time": 11595.26, "Actual Total Time": 11620.903, "Actual Rows": 1, "Actual Loops": 1, "Group By Key": ["public.lineitem.l_suppkey"], "Filter": "(sum((public.lineitem.l_extendedprice * (1::double precision - public.lineitem.l_discount))) = $0), (LLVM Optimized, Jit Execute)", "Rows Removed by Filter": 99999, "Plans": [{"Node Type": "Bitmap Heap Scan", "Parent Relationship": "Outer", "Relation Name": "lineitem", "Alias": "lineitem", "Startup Cost": 78544.19, "Total Cost": 1586191.59, "Plan Rows": 2266921, "Plan Width": 24, "Actual Startup Time": 991.154, "Actual Total Time": 3631.209, "Actual Rows": 2293944, "Actual Loops": 1, "Recheck Cond": "((l_shipdate >= '1997-07-01 00:00:00'::timestamp(0) without time zone) AND (l_shipdate < '1997-10-01 00:00:00'::timestamp without time zone)), (LLVM Optimized, Jit Execute)", "Rows Removed by Index Recheck": 0, "Exact Heap Blocks": 732487, "Lossy Heap Blocks": 732487, "Plans": [{"Node Type": "Bitmap Index Scan", "Parent Relationship": "Outer", "Index Name": "idx_lineitem_shipdate", "Startup Cost": 0.0, "Total Cost": 77977.46, "Plan Rows": 2266921, "Plan Width": 0, "Actual Startup Time": 703.296, "Actual Total Time": 703.296, "Actual Rows": 2293944, "Actual Loops": 1, "Index Cond": "((l_shipdate >= '1997-07-01 00:00:00'::timestamp(0) without time zone) AND (l_shipdate < '1997-10-01 00:00:00'::timestamp without time zone))"}]}]}]}]}]}, "Triggers": [], "Planner Runtime": 0.687, "Total Runtime": 11665.077, "Unique SQL Id": 3712096918}}, "(1, '65')": {"explain_plan": {"Plan": {"Node Type": "Merge Join", "Join Type": "Inner", "Startup Cost": 3242103.77, "Total Cost": 3248579.02, "Plan Rows": 59380, "Plan Width": 83, "Inner Unique": true, "Merge Cond": "(supplier.s_suppkey = revenue0.supplier_no)", "Plans": [{"Node Type": "Aggregate", "Strategy": "Plain", "Parent Relationship": "exec_init_plan", "Subplan Name": "InitPlan 1 (returns $0)", "Startup Cost": 1610196.85, "Total Cost": 1610196.86, "Plan Rows": 1, "Plan Width": 16, "Plans": [{"Node Type": "Aggregate", "Strategy": "Hashed", "Parent Relationship": "Outer", "Startup Cost": 1608860.8, "Total Cost": 1609454.6, "Plan Rows": 59380, "Plan Width": 24, "Group By Key": ["public.lineitem.l_suppkey"], "Plans": [{"Node Type": "Bitmap Heap Scan", "Parent Relationship": "Outer", "Relation Name": "lineitem", "Alias": "lineitem", "Startup Cost": 78544.19, "Total Cost": 1586191.59, "Plan Rows": 2266921, "Plan Width": 24, "Recheck Cond": "((l_shipdate >= '1997-07-01 00:00:00'::timestamp(0) without time zone) AND (l_shipdate < '1997-10-01 00:00:00'::timestamp without time zone)), (LLVM Optimized)", "Plans": [{"Node Type": "Bitmap Index Scan", "Parent Relationship": "Outer", "Index Name": "idx_lineitem_shipdate", "Startup Cost": 0.0, "Total Cost": 77977.46, "Plan Rows": 2266921, "Plan Width": 0, "Index Cond": "((l_shipdate >= '1997-07-01 00:00:00'::timestamp(0) without time zone) AND (l_shipdate < '1997-10-01 00:00:00'::timestamp without time zone))"}]}]}]}, {"Node Type": "Index Scan", "Parent Relationship": "Outer", "Scan Direction": "Forward", "Index Name": "supplier_pkey", "Relation Name": "supplier", "Alias": "supplier", "Startup Cost": 0.0, "Total Cost": 5334.54, "Plan Rows": 100000, "Plan Width": 75}, {"Node Type": "Sort", "Parent Relationship": "Inner", "Startup Cost": 1631906.91, "Total Cost": 1632055.36, "Plan Rows": 59380, "Plan Width": 16, "Sort Key": ["revenue0.supplier_no"], "Plans": [{"Node Type": "Subquery Scan", "Parent Relationship": "Outer", "Alias": "revenue0", "Startup Cost": 1625862.71, "Total Cost": 1627198.76, "Plan Rows": 59380, "Plan Width": 16, "Plans": [{"Node Type": "Aggregate", "Strategy": "Hashed", "Parent Relationship": "Subquery", "Startup Cost": 1625862.71, "Total Cost": 1626604.96, "Plan Rows": 59380, "Plan Width": 24, "Group By Key": ["public.lineitem.l_suppkey"], "Filter": "(sum((public.lineitem.l_extendedprice * (1::double precision - public.lineitem.l_discount))) = $0), (LLVM Optimized)", "Plans": [{"Node Type": "Bitmap Heap Scan", "Parent Relationship": "Outer", "Relation Name": "lineitem", "Alias": "lineitem", "Startup Cost": 78544.19, "Total Cost": 1586191.59, "Plan Rows": 2266921, "Plan Width": 24, "Recheck Cond": "((l_shipdate >= '1997-07-01 00:00:00'::timestamp(0) without time zone) AND (l_shipdate < '1997-10-01 00:00:00'::timestamp without time zone)), (LLVM Optimized)", "Plans": [{"Node Type": "Bitmap Index Scan", "Parent Relationship": "Outer", "Index Name": "idx_lineitem_shipdate", "Startup Cost": 0.0, "Total Cost": 77977.46, "Plan Rows": 2266921, "Plan Width": 0, "Index Cond": "((l_shipdate >= '1997-07-01 00:00:00'::timestamp(0) without time zone) AND (l_shipdate < '1997-10-01 00:00:00'::timestamp without time zone))"}]}]}]}]}]}, "Unique SQL Id": 3712096918, "Planner Runtime": 0}, "explain_analyze_plan": {"Plan": {"Node Type": "Merge Join", "Join Type": "Inner", "Startup Cost": 3242103.77, "Total Cost": 3248579.02, "Plan Rows": 59380, "Plan Width": 83, "Actual Startup Time": 11651.8, "Actual Total Time": 11651.805, "Actual Rows": 1, "Actual Loops": 1, "Inner Unique": true, "Merge Cond": "(supplier.s_suppkey = revenue0.supplier_no)", "Plans": [{"Node Type": "Aggregate", "Strategy": "Plain", "Parent Relationship": "exec_init_plan", "Subplan Name": "InitPlan 1 (returns $0)", "Startup Cost": 1610196.85, "Total Cost": 1610196.86, "Plan Rows": 1, "Plan Width": 16, "Actual Startup Time": 6150.177, "Actual Total Time": 6150.177, "Actual Rows": 1, "Actual Loops": 1, "Plans": [{"Node Type": "Aggregate", "Strategy": "Hashed", "Parent Relationship": "Outer", "Startup Cost": 1608860.8, "Total Cost": 1609454.6, "Plan Rows": 59380, "Plan Width": 24, "Actual Startup Time": 6103.597, "Actual Total Time": 6135.186, "Actual Rows": 100000, "Actual Loops": 1, "Group By Key": ["public.lineitem.l_suppkey"], "Plans": [{"Node Type": "Bitmap Heap Scan", "Parent Relationship": "Outer", "Relation Name": "lineitem", "Alias": "lineitem", "Startup Cost": 78544.19, "Total Cost": 1586191.59, "Plan Rows": 2266921, "Plan Width": 24, "Actual Startup Time": 1421.45, "Actual Total Time": 4328.688, "Actual Rows": 2293944, "Actual Loops": 1, "Recheck Cond": "((l_shipdate >= '1997-07-01 00:00:00'::timestamp(0) without time zone) AND (l_shipdate < '1997-10-01 00:00:00'::timestamp without time zone)), (LLVM Optimized, Jit Execute)", "Rows Removed by Index Recheck": 0, "Exact Heap Blocks": 732487, "Lossy Heap Blocks": 732487, "Plans": [{"Node Type": "Bitmap Index Scan", "Parent Relationship": "Outer", "Index Name": "idx_lineitem_shipdate", "Startup Cost": 0.0, "Total Cost": 77977.46, "Plan Rows": 2266921, "Plan Width": 0, "Actual Startup Time": 1058.066, "Actual Total Time": 1058.066, "Actual Rows": 2293944, "Actual Loops": 1, "Index Cond": "((l_shipdate >= '1997-07-01 00:00:00'::timestamp(0) without time zone) AND (l_shipdate < '1997-10-01 00:00:00'::timestamp without time zone))"}]}]}]}, {"Node Type": "Index Scan", "Parent Relationship": "Outer", "Scan Direction": "Forward", "Index Name": "supplier_pkey", "Relation Name": "supplier", "Alias": "supplier", "Startup Cost": 0.0, "Total Cost": 5334.54, "Plan Rows": 100000, "Plan Width": 75, "Actual Startup Time": 0.04, "Actual Total Time": 25.601, "Actual Rows": 35977, "Actual Loops": 1}, {"Node Type": "Sort", "Parent Relationship": "Inner", "Startup Cost": 1631906.91, "Total Cost": 1632055.36, "Plan Rows": 59380, "Plan Width": 16, "Actual Startup Time": 11621.178, "Actual Total Time": 11621.178, "Actual Rows": 1, "Actual Loops": 1, "Sort Key": ["revenue0.supplier_no"], "Sort Method": "quicksort", "Sort Space Used": 25, "Sort Space Type": "Memory", "Plans": [{"Node Type": "Subquery Scan", "Parent Relationship": "Outer", "Alias": "revenue0", "Startup Cost": 1625862.71, "Total Cost": 1627198.76, "Plan Rows": 59380, "Plan Width": 16, "Actual Startup Time": 11595.263, "Actual Total Time": 11620.908, "Actual Rows": 1, "Actual Loops": 1, "Plans": [{"Node Type": "Aggregate", "Strategy": "Hashed", "Parent Relationship": "Subquery", "Startup Cost": 1625862.71, "Total Cost": 1626604.96, "Plan Rows": 59380, "Plan Width": 24, "Actual Startup Time": 11595.26, "Actual Total Time": 11620.903, "Actual Rows": 1, "Actual Loops": 1, "Group By Key": ["public.lineitem.l_suppkey"], "Filter": "(sum((public.lineitem.l_extendedprice * (1::double precision - public.lineitem.l_discount))) = $0), (LLVM Optimized, Jit Execute)", "Rows Removed by Filter": 99999, "Plans": [{"Node Type": "Bitmap Heap Scan", "Parent Relationship": "Outer", "Relation Name": "lineitem", "Alias": "lineitem", "Startup Cost": 78544.19, "Total Cost": 1586191.59, "Plan Rows": 2266921, "Plan Width": 24, "Actual Startup Time": 991.154, "Actual Total Time": 3631.209, "Actual Rows": 2293944, "Actual Loops": 1, "Recheck Cond": "((l_shipdate >= '1997-07-01 00:00:00'::timestamp(0) without time zone) AND (l_shipdate < '1997-10-01 00:00:00'::timestamp without time zone)), (LLVM Optimized, Jit Execute)", "Rows Removed by Index Recheck": 0, "Exact Heap Blocks": 732487, "Lossy Heap Blocks": 732487, "Plans": [{"Node Type": "Bitmap Index Scan", "Parent Relationship": "Outer", "Index Name": "idx_lineitem_shipdate", "Startup Cost": 0.0, "Total Cost": 77977.46, "Plan Rows": 2266921, "Plan Width": 0, "Actual Startup Time": 703.296, "Actual Total Time": 703.296, "Actual Rows": 2293944, "Actual Loops": 1, "Index Cond": "((l_shipdate >= '1997-07-01 00:00:00'::timestamp(0) without time zone) AND (l_shipdate < '1997-10-01 00:00:00'::timestamp without time zone))"}]}]}]}]}]}, "Triggers": [], "Planner Runtime": 0.687, "Total Runtime": 11665.077, "Unique SQL Id": 3712096918}}, "(1, '66')": {"explain_plan": {"Plan": {"Node Type": "Merge Join", "Join Type": "Inner", "Startup Cost": 3253691.59, "Total Cost": 3255082.29, "Plan Rows": 59380, "Plan Width": 83, "Inner Unique": true, "Merge Cond": "(supplier.s_suppkey = revenue0.supplier_no)", "Plans": [{"Node Type": "Aggregate", "Strategy": "Plain", "Parent Relationship": "exec_init_plan", "Subplan Name": "InitPlan 1 (returns $0)", "Startup Cost": 1610196.85, "Total Cost": 1610196.86, "Plan Rows": 1, "Plan Width": 16, "Plans": [{"Node Type": "Aggregate", "Strategy": "Hashed", "Parent Relationship": "Outer", "Startup Cost": 1608860.8, "Total Cost": 1609454.6, "Plan Rows": 59380, "Plan Width": 24, "Group By Key": ["public.lineitem.l_suppkey"], "Plans": [{"Node Type": "Bitmap Heap Scan", "Parent Relationship": "Outer", "Relation Name": "lineitem", "Alias": "lineitem", "Startup Cost": 78544.19, "Total Cost": 1586191.59, "Plan Rows": 2266921, "Plan Width": 24, "Recheck Cond": "((l_shipdate >= '1997-07-01 00:00:00'::timestamp(0) without time zone) AND (l_shipdate < '1997-10-01 00:00:00'::timestamp without time zone)), (LLVM Optimized)", "Plans": [{"Node Type": "Bitmap Index Scan", "Parent Relationship": "Outer", "Index Name": "idx_lineitem_shipdate", "Startup Cost": 0.0, "Total Cost": 77977.46, "Plan Rows": 2266921, "Plan Width": 0, "Index Cond": "((l_shipdate >= '1997-07-01 00:00:00'::timestamp(0) without time zone) AND (l_shipdate < '1997-10-01 00:00:00'::timestamp without time zone))"}]}]}]}, {"Node Type": "Sort", "Parent Relationship": "Outer", "Startup Cost": 11587.82, "Total Cost": 11837.82, "Plan Rows": 100000, "Plan Width": 75, "Sort Key": ["supplier.s_suppkey"], "Plans": [{"Node Type": "Seq Scan", "Parent Relationship": "Outer", "Relation Name": "supplier", "Alias": "supplier", "Startup Cost": 0.0, "Total Cost": 3283.0, "Plan Rows": 100000, "Plan Width": 75}]}, {"Node Type": "Sort", "Parent Relationship": "Inner", "Startup Cost": 1631906.91, "Total Cost": 1632055.36, "Plan Rows": 59380, "Plan Width": 16, "Sort Key": ["revenue0.supplier_no"], "Plans": [{"Node Type": "Subquery Scan", "Parent Relationship": "Outer", "Alias": "revenue0", "Startup Cost": 1625862.71, "Total Cost": 1627198.76, "Plan Rows": 59380, "Plan Width": 16, "Plans": [{"Node Type": "Aggregate", "Strategy": "Hashed", "Parent Relationship": "Subquery", "Startup Cost": 1625862.71, "Total Cost": 1626604.96, "Plan Rows": 59380, "Plan Width": 24, "Group By Key": ["public.lineitem.l_suppkey"], "Filter": "(sum((public.lineitem.l_extendedprice * (1::double precision - public.lineitem.l_discount))) = $0), (LLVM Optimized)", "Plans": [{"Node Type": "Bitmap Heap Scan", "Parent Relationship": "Outer", "Relation Name": "lineitem", "Alias": "lineitem", "Startup Cost": 78544.19, "Total Cost": 1586191.59, "Plan Rows": 2266921, "Plan Width": 24, "Recheck Cond": "((l_shipdate >= '1997-07-01 00:00:00'::timestamp(0) without time zone) AND (l_shipdate < '1997-10-01 00:00:00'::timestamp without time zone)), (LLVM Optimized)", "Plans": [{"Node Type": "Bitmap Index Scan", "Parent Relationship": "Outer", "Index Name": "idx_lineitem_shipdate", "Startup Cost": 0.0, "Total Cost": 77977.46, "Plan Rows": 2266921, "Plan Width": 0, "Index Cond": "((l_shipdate >= '1997-07-01 00:00:00'::timestamp(0) without time zone) AND (l_shipdate < '1997-10-01 00:00:00'::timestamp without time zone))"}]}]}]}]}]}, "Unique SQL Id": 3712096918, "Planner Runtime": 0}, "explain_analyze_plan": {"Plan": {"Node Type": "Merge Join", "Join Type": "Inner", "Startup Cost": 3253691.59, "Total Cost": 3255082.29, "Plan Rows": 59380, "Plan Width": 83, "Actual Startup Time": 11338.378, "Actual Total Time": 11338.62, "Actual Rows": 1, "Actual Loops": 1, "Inner Unique": true, "Merge Cond": "(supplier.s_suppkey = revenue0.supplier_no)", "Plans": [{"Node Type": "Aggregate", "Strategy": "Plain", "Parent Relationship": "exec_init_plan", "Subplan Name": "InitPlan 1 (returns $0)", "Startup Cost": 1610196.85, "Total Cost": 1610196.86, "Plan Rows": 1, "Plan Width": 16, "Actual Startup Time": 6057.509, "Actual Total Time": 6057.509, "Actual Rows": 1, "Actual Loops": 1, "Plans": [{"Node Type": "Aggregate", "Strategy": "Hashed", "Parent Relationship": "Outer", "Startup Cost": 1608860.8, "Total Cost": 1609454.6, "Plan Rows": 59380, "Plan Width": 24, "Actual Startup Time": 6010.008, "Actual Total Time": 6042.54, "Actual Rows": 100000, "Actual Loops": 1, "Group By Key": ["public.lineitem.l_suppkey"], "Plans": [{"Node Type": "Bitmap Heap Scan", "Parent Relationship": "Outer", "Relation Name": "lineitem", "Alias": "lineitem", "Startup Cost": 78544.19, "Total Cost": 1586191.59, "Plan Rows": 2266921, "Plan Width": 24, "Actual Startup Time": 985.116, "Actual Total Time": 4141.321, "Actual Rows": 2293944, "Actual Loops": 1, "Recheck Cond": "((l_shipdate >= '1997-07-01 00:00:00'::timestamp(0) without time zone) AND (l_shipdate < '1997-10-01 00:00:00'::timestamp without time zone)), (LLVM Optimized, Jit Execute)", "Rows Removed by Index Recheck": 0, "Exact Heap Blocks": 732487, "Lossy Heap Blocks": 732487, "Plans": [{"Node Type": "Bitmap Index Scan", "Parent Relationship": "Outer", "Index Name": "idx_lineitem_shipdate", "Startup Cost": 0.0, "Total Cost": 77977.46, "Plan Rows": 2266921, "Plan Width": 0, "Actual Startup Time": 698.685, "Actual Total Time": 698.685, "Actual Rows": 2293944, "Actual Loops": 1, "Index Cond": "((l_shipdate >= '1997-07-01 00:00:00'::timestamp(0) without time zone) AND (l_shipdate < '1997-10-01 00:00:00'::timestamp without time zone))"}]}]}]}, {"Node Type": "Sort", "Parent Relationship": "Outer", "Startup Cost": 11587.82, "Total Cost": 11837.82, "Plan Rows": 100000, "Plan Width": 75, "Actual Startup Time": 71.853, "Actual Total Time": 76.086, "Actual Rows": 35977, "Actual Loops": 1, "Sort Key": ["supplier.s_suppkey"], "Sort Method": "quicksort", "Sort Space Used": 18698, "Sort Space Type": "Memory", "Plans": [{"Node Type": "Seq Scan", "Parent Relationship": "Outer", "Relation Name": "supplier", "Alias": "supplier", "Startup Cost": 0.0, "Total Cost": 3283.0, "Plan Rows": 100000, "Plan Width": 75, "Actual Startup Time": 0.029, "Actual Total Time": 35.942, "Actual Rows": 100000, "Actual Loops": 1}]}, {"Node Type": "Sort", "Parent Relationship": "Inner", "Startup Cost": 1631906.91, "Total Cost": 1632055.36, "Plan Rows": 59380, "Plan Width": 16, "Actual Startup Time": 11257.357, "Actual Total Time": 11257.358, "Actual Rows": 1, "Actual Loops": 1, "Sort Key": ["revenue0.supplier_no"], "Sort Method": "quicksort", "Sort Space Used": 25, "Sort Space Type": "Memory", "Plans": [{"Node Type": "Subquery Scan", "Parent Relationship": "Outer", "Alias": "revenue0", "Startup Cost": 1625862.71, "Total Cost": 1627198.76, "Plan Rows": 59380, "Plan Width": 16, "Actual Startup Time": 11232.551, "Actual Total Time": 11257.099, "Actual Rows": 1, "Actual Loops": 1, "Plans": [{"Node Type": "Aggregate", "Strategy": "Hashed", "Parent Relationship": "Subquery", "Startup Cost": 1625862.71, "Total Cost": 1626604.96, "Plan Rows": 59380, "Plan Width": 24, "Actual Startup Time": 11232.548, "Actual Total Time": 11257.094, "Actual Rows": 1, "Actual Loops": 1, "Group By Key": ["public.lineitem.l_suppkey"], "Filter": "(sum((public.lineitem.l_extendedprice * (1::double precision - public.lineitem.l_discount))) = $0), (LLVM Optimized, Jit Execute)", "Rows Removed by Filter": 99999, "Plans": [{"Node Type": "Bitmap Heap Scan", "Parent Relationship": "Outer", "Relation Name": "lineitem", "Alias": "lineitem", "Startup Cost": 78544.19, "Total Cost": 1586191.59, "Plan Rows": 2266921, "Plan Width": 24, "Actual Startup Time": 1152.019, "Actual Total Time": 3563.729, "Actual Rows": 2293944, "Actual Loops": 1, "Recheck Cond": "((l_shipdate >= '1997-07-01 00:00:00'::timestamp(0) without time zone) AND (l_shipdate < '1997-10-01 00:00:00'::timestamp without time zone)), (LLVM Optimized, Jit Execute)", "Rows Removed by Index Recheck": 0, "Exact Heap Blocks": 732487, "Lossy Heap Blocks": 732487, "Plans": [{"Node Type": "Bitmap Index Scan", "Parent Relationship": "Outer", "Index Name": "idx_lineitem_shipdate", "Startup Cost": 0.0, "Total Cost": 77977.46, "Plan Rows": 2266921, "Plan Width": 0, "Actual Startup Time": 786.178, "Actual Total Time": 786.178, "Actual Rows": 2293944, "Actual Loops": 1, "Index Cond": "((l_shipdate >= '1997-07-01 00:00:00'::timestamp(0) without time zone) AND (l_shipdate < '1997-10-01 00:00:00'::timestamp without time zone))"}]}]}]}]}]}, "Triggers": [], "Planner Runtime": 1.086, "Total Runtime": 11352.046, "Unique SQL Id": 3712096918}}, "(1, '67')": {"explain_plan": {"Plan": {"Node Type": "Sort", "Startup Cost": 3497813.02, "Total Cost": 3497961.47, "Plan Rows": 59380, "Plan Width": 83, "Sort Key": ["supplier.s_suppkey"], "Plans": [{"Node Type": "Aggregate", "Strategy": "Plain", "Parent Relationship": "exec_init_plan", "Subplan Name": "InitPlan 1 (returns $0)", "Startup Cost": 1610196.85, "Total Cost": 1610196.86, "Plan Rows": 1, "Plan Width": 16, "Plans": [{"Node Type": "Aggregate", "Strategy": "Hashed", "Parent Relationship": "Outer", "Startup Cost": 1608860.8, "Total Cost": 1609454.6, "Plan Rows": 59380, "Plan Width": 24, "Group By Key": ["public.lineitem.l_suppkey"], "Plans": [{"Node Type": "Bitmap Heap Scan", "Parent Relationship": "Outer", "Relation Name": "lineitem", "Alias": "lineitem", "Startup Cost": 78544.19, "Total Cost": 1586191.59, "Plan Rows": 2266921, "Plan Width": 24, "Recheck Cond": "((l_shipdate >= '1997-07-01 00:00:00'::timestamp(0) without time zone) AND (l_shipdate < '1997-10-01 00:00:00'::timestamp without time zone)), (LLVM Optimized)", "Plans": [{"Node Type": "Bitmap Index Scan", "Parent Relationship": "Outer", "Index Name": "idx_lineitem_shipdate", "Startup Cost": 0.0, "Total Cost": 77977.46, "Plan Rows": 2266921, "Plan Width": 0, "Index Cond": "((l_shipdate >= '1997-07-01 00:00:00'::timestamp(0) without time zone) AND (l_shipdate < '1997-10-01 00:00:00'::timestamp without time zone))"}]}]}]}, {"Node Type": "Nested Loop", "Parent Relationship": "Outer", "Join Type": "Inner", "Startup Cost": 1625863.0, "Total Cost": 1882908.01, "Plan Rows": 59380, "Plan Width": 83, "Inner Unique": true, "Plans": [{"Node Type": "Aggregate", "Strategy": "Hashed", "Parent Relationship": "Outer", "Startup Cost": 1625862.71, "Total Cost": 1626604.96, "Plan Rows": 59380, "Plan Width": 24, "Group By Key": ["public.lineitem.l_suppkey"], "Filter": "(sum((public.lineitem.l_extendedprice * (1::double precision - public.lineitem.l_discount))) = $0), (LLVM Optimized)", "Plans": [{"Node Type": "Bitmap Heap Scan", "Parent Relationship": "Outer", "Relation Name": "lineitem", "Alias": "lineitem", "Startup Cost": 78544.19, "Total Cost": 1586191.59, "Plan Rows": 2266921, "Plan Width": 24, "Recheck Cond": "((l_shipdate >= '1997-07-01 00:00:00'::timestamp(0) without time zone) AND (l_shipdate < '1997-10-01 00:00:00'::timestamp without time zone)), (LLVM Optimized)", "Plans": [{"Node Type": "Bitmap Index Scan", "Parent Relationship": "Outer", "Index Name": "idx_lineitem_shipdate", "Startup Cost": 0.0, "Total Cost": 77977.46, "Plan Rows": 2266921, "Plan Width": 0, "Index Cond": "((l_shipdate >= '1997-07-01 00:00:00'::timestamp(0) without time zone) AND (l_shipdate < '1997-10-01 00:00:00'::timestamp without time zone))"}]}]}, {"Node Type": "Bitmap Heap Scan", "Parent Relationship": "Inner", "Relation Name": "supplier", "Alias": "supplier", "Startup Cost": 0.28, "Total Cost": 4.3, "Plan Rows": 1, "Plan Width": 75, "Recheck Cond": "(s_suppkey = public.lineitem.l_suppkey)", "Plans": [{"Node Type": "Bitmap Index Scan", "Parent Relationship": "Outer", "Index Name": "supplier_pkey", "Startup Cost": 0.0, "Total Cost": 0.28, "Plan Rows": 1, "Plan Width": 0, "Index Cond": "(s_suppkey = public.lineitem.l_suppkey)"}]}]}]}, "Unique SQL Id": 3712096918, "Planner Runtime": 0}, "explain_analyze_plan": {"Plan": {"Node Type": "Sort", "Startup Cost": 3497813.02, "Total Cost": 3497961.47, "Plan Rows": 59380, "Plan Width": 83, "Actual Startup Time": 11695.124, "Actual Total Time": 11695.125, "Actual Rows": 1, "Actual Loops": 1, "Sort Key": ["supplier.s_suppkey"], "Sort Method": "quicksort", "Sort Space Used": 25, "Sort Space Type": "Memory", "Plans": [{"Node Type": "Aggregate", "Strategy": "Plain", "Parent Relationship": "exec_init_plan", "Subplan Name": "InitPlan 1 (returns $0)", "Startup Cost": 1610196.85, "Total Cost": 1610196.86, "Plan Rows": 1, "Plan Width": 16, "Actual Startup Time": 5790.695, "Actual Total Time": 5790.695, "Actual Rows": 1, "Actual Loops": 1, "Plans": [{"Node Type": "Aggregate", "Strategy": "Hashed", "Parent Relationship": "Outer", "Startup Cost": 1608860.8, "Total Cost": 1609454.6, "Plan Rows": 59380, "Plan Width": 24, "Actual Startup Time": 5744.183, "Actual Total Time": 5775.7, "Actual Rows": 100000, "Actual Loops": 1, "Group By Key": ["public.lineitem.l_suppkey"], "Plans": [{"Node Type": "Bitmap Heap Scan", "Parent Relationship": "Outer", "Relation Name": "lineitem", "Alias": "lineitem", "Startup Cost": 78544.19, "Total Cost": 1586191.59, "Plan Rows": 2266921, "Plan Width": 24, "Actual Startup Time": 1410.62, "Actual Total Time": 4017.87, "Actual Rows": 2293944, "Actual Loops": 1, "Recheck Cond": "((l_shipdate >= '1997-07-01 00:00:00'::timestamp(0) without time zone) AND (l_shipdate < '1997-10-01 00:00:00'::timestamp without time zone)), (LLVM Optimized, Jit Execute)", "Rows Removed by Index Recheck": 0, "Exact Heap Blocks": 732487, "Lossy Heap Blocks": 732487, "Plans": [{"Node Type": "Bitmap Index Scan", "Parent Relationship": "Outer", "Index Name": "idx_lineitem_shipdate", "Startup Cost": 0.0, "Total Cost": 77977.46, "Plan Rows": 2266921, "Plan Width": 0, "Actual Startup Time": 1037.637, "Actual Total Time": 1037.637, "Actual Rows": 2293944, "Actual Loops": 1, "Index Cond": "((l_shipdate >= '1997-07-01 00:00:00'::timestamp(0) without time zone) AND (l_shipdate < '1997-10-01 00:00:00'::timestamp without time zone))"}]}]}]}, {"Node Type": "Nested Loop", "Parent Relationship": "Outer", "Join Type": "Inner", "Startup Cost": 1625863.0, "Total Cost": 1882908.01, "Plan Rows": 59380, "Plan Width": 83, "Actual Startup Time": 11669.86, "Actual Total Time": 11695.099, "Actual Rows": 1, "Actual Loops": 1, "Inner Unique": true, "Plans": [{"Node Type": "Aggregate", "Strategy": "Hashed", "Parent Relationship": "Outer", "Startup Cost": 1625862.71, "Total Cost": 1626604.96, "Plan Rows": 59380, "Plan Width": 24, "Actual Startup Time": 11669.792, "Actual Total Time": 11694.747, "Actual Rows": 1, "Actual Loops": 1, "Group By Key": ["public.lineitem.l_suppkey"], "Filter": "(sum((public.lineitem.l_extendedprice * (1::double precision - public.lineitem.l_discount))) = $0), (LLVM Optimized, Jit Execute)", "Rows Removed by Filter": 99999, "Plans": [{"Node Type": "Bitmap Heap Scan", "Parent Relationship": "Outer", "Relation Name": "lineitem", "Alias": "lineitem", "Startup Cost": 78544.19, "Total Cost": 1586191.59, "Plan Rows": 2266921, "Plan Width": 24, "Actual Startup Time": 1071.216, "Actual Total Time": 4099.156, "Actual Rows": 2293944, "Actual Loops": 1, "Recheck Cond": "((l_shipdate >= '1997-07-01 00:00:00'::timestamp(0) without time zone) AND (l_shipdate < '1997-10-01 00:00:00'::timestamp without time zone)), (LLVM Optimized, Jit Execute)", "Rows Removed by Index Recheck": 0, "Exact Heap Blocks": 732487, "Lossy Heap Blocks": 732487, "Plans": [{"Node Type": "Bitmap Index Scan", "Parent Relationship": "Outer", "Index Name": "idx_lineitem_shipdate", "Startup Cost": 0.0, "Total Cost": 77977.46, "Plan Rows": 2266921, "Plan Width": 0, "Actual Startup Time": 709.182, "Actual Total Time": 709.182, "Actual Rows": 2293944, "Actual Loops": 1, "Index Cond": "((l_shipdate >= '1997-07-01 00:00:00'::timestamp(0) without time zone) AND (l_shipdate < '1997-10-01 00:00:00'::timestamp without time zone))"}]}]}, {"Node Type": "Bitmap Heap Scan", "Parent Relationship": "Inner", "Relation Name": "supplier", "Alias": "supplier", "Startup Cost": 0.28, "Total Cost": 4.3, "Plan Rows": 1, "Plan Width": 75, "Actual Startup Time": 0.05, "Actual Total Time": 0.05, "Actual Rows": 1, "Actual Loops": 1, "Recheck Cond": "(s_suppkey = public.lineitem.l_suppkey)", "Rows Removed by Index Recheck": 0, "Exact Heap Blocks": 1, "Lossy Heap Blocks": 1, "Plans": [{"Node Type": "Bitmap Index Scan", "Parent Relationship": "Outer", "Index Name": "supplier_pkey", "Startup Cost": 0.0, "Total Cost": 0.28, "Plan Rows": 1, "Plan Width": 0, "Actual Startup Time": 0.026, "Actual Total Time": 0.026, "Actual Rows": 1, "Actual Loops": 1, "Index Cond": "(s_suppkey = public.lineitem.l_suppkey)"}]}]}]}, "Triggers": [], "Planner Runtime": 0.751, "Total Runtime": 11707.86, "Unique SQL Id": 3712096918}}, "(1, '68')": {"explain_plan": {"Plan": {"Node Type": "Merge Join", "Join Type": "Inner", "Startup Cost": 3242103.77, "Total Cost": 3248579.02, "Plan Rows": 59380, "Plan Width": 83, "Inner Unique": true, "Merge Cond": "(supplier.s_suppkey = revenue0.supplier_no)", "Plans": [{"Node Type": "Aggregate", "Strategy": "Plain", "Parent Relationship": "exec_init_plan", "Subplan Name": "InitPlan 1 (returns $0)", "Startup Cost": 1610196.85, "Total Cost": 1610196.86, "Plan Rows": 1, "Plan Width": 16, "Plans": [{"Node Type": "Aggregate", "Strategy": "Hashed", "Parent Relationship": "Outer", "Startup Cost": 1608860.8, "Total Cost": 1609454.6, "Plan Rows": 59380, "Plan Width": 24, "Group By Key": ["public.lineitem.l_suppkey"], "Plans": [{"Node Type": "Bitmap Heap Scan", "Parent Relationship": "Outer", "Relation Name": "lineitem", "Alias": "lineitem", "Startup Cost": 78544.19, "Total Cost": 1586191.59, "Plan Rows": 2266921, "Plan Width": 24, "Recheck Cond": "((l_shipdate >= '1997-07-01 00:00:00'::timestamp(0) without time zone) AND (l_shipdate < '1997-10-01 00:00:00'::timestamp without time zone)), (LLVM Optimized)", "Plans": [{"Node Type": "Bitmap Index Scan", "Parent Relationship": "Outer", "Index Name": "idx_lineitem_shipdate", "Startup Cost": 0.0, "Total Cost": 77977.46, "Plan Rows": 2266921, "Plan Width": 0, "Index Cond": "((l_shipdate >= '1997-07-01 00:00:00'::timestamp(0) without time zone) AND (l_shipdate < '1997-10-01 00:00:00'::timestamp without time zone))"}]}]}]}, {"Node Type": "Index Scan", "Parent Relationship": "Outer", "Scan Direction": "Forward", "Index Name": "supplier_pkey", "Relation Name": "supplier", "Alias": "supplier", "Startup Cost": 0.0, "Total Cost": 5334.54, "Plan Rows": 100000, "Plan Width": 75}, {"Node Type": "Sort", "Parent Relationship": "Inner", "Startup Cost": 1631906.91, "Total Cost": 1632055.36, "Plan Rows": 59380, "Plan Width": 16, "Sort Key": ["revenue0.supplier_no"], "Plans": [{"Node Type": "Subquery Scan", "Parent Relationship": "Outer", "Alias": "revenue0", "Startup Cost": 1625862.71, "Total Cost": 1627198.76, "Plan Rows": 59380, "Plan Width": 16, "Plans": [{"Node Type": "Aggregate", "Strategy": "Hashed", "Parent Relationship": "Subquery", "Startup Cost": 1625862.71, "Total Cost": 1626604.96, "Plan Rows": 59380, "Plan Width": 24, "Group By Key": ["public.lineitem.l_suppkey"], "Filter": "(sum((public.lineitem.l_extendedprice * (1::double precision - public.lineitem.l_discount))) = $0), (LLVM Optimized)", "Plans": [{"Node Type": "Bitmap Heap Scan", "Parent Relationship": "Outer", "Relation Name": "lineitem", "Alias": "lineitem", "Startup Cost": 78544.19, "Total Cost": 1586191.59, "Plan Rows": 2266921, "Plan Width": 24, "Recheck Cond": "((l_shipdate >= '1997-07-01 00:00:00'::timestamp(0) without time zone) AND (l_shipdate < '1997-10-01 00:00:00'::timestamp without time zone)), (LLVM Optimized)", "Plans": [{"Node Type": "Bitmap Index Scan", "Parent Relationship": "Outer", "Index Name": "idx_lineitem_shipdate", "Startup Cost": 0.0, "Total Cost": 77977.46, "Plan Rows": 2266921, "Plan Width": 0, "Index Cond": "((l_shipdate >= '1997-07-01 00:00:00'::timestamp(0) without time zone) AND (l_shipdate < '1997-10-01 00:00:00'::timestamp without time zone))"}]}]}]}]}]}, "Unique SQL Id": 3712096918, "Planner Runtime": 0}, "explain_analyze_plan": {"Plan": {"Node Type": "Merge Join", "Join Type": "Inner", "Startup Cost": 3242103.77, "Total Cost": 3248579.02, "Plan Rows": 59380, "Plan Width": 83, "Actual Startup Time": 11651.8, "Actual Total Time": 11651.805, "Actual Rows": 1, "Actual Loops": 1, "Inner Unique": true, "Merge Cond": "(supplier.s_suppkey = revenue0.supplier_no)", "Plans": [{"Node Type": "Aggregate", "Strategy": "Plain", "Parent Relationship": "exec_init_plan", "Subplan Name": "InitPlan 1 (returns $0)", "Startup Cost": 1610196.85, "Total Cost": 1610196.86, "Plan Rows": 1, "Plan Width": 16, "Actual Startup Time": 6150.177, "Actual Total Time": 6150.177, "Actual Rows": 1, "Actual Loops": 1, "Plans": [{"Node Type": "Aggregate", "Strategy": "Hashed", "Parent Relationship": "Outer", "Startup Cost": 1608860.8, "Total Cost": 1609454.6, "Plan Rows": 59380, "Plan Width": 24, "Actual Startup Time": 6103.597, "Actual Total Time": 6135.186, "Actual Rows": 100000, "Actual Loops": 1, "Group By Key": ["public.lineitem.l_suppkey"], "Plans": [{"Node Type": "Bitmap Heap Scan", "Parent Relationship": "Outer", "Relation Name": "lineitem", "Alias": "lineitem", "Startup Cost": 78544.19, "Total Cost": 1586191.59, "Plan Rows": 2266921, "Plan Width": 24, "Actual Startup Time": 1421.45, "Actual Total Time": 4328.688, "Actual Rows": 2293944, "Actual Loops": 1, "Recheck Cond": "((l_shipdate >= '1997-07-01 00:00:00'::timestamp(0) without time zone) AND (l_shipdate < '1997-10-01 00:00:00'::timestamp without time zone)), (LLVM Optimized, Jit Execute)", "Rows Removed by Index Recheck": 0, "Exact Heap Blocks": 732487, "Lossy Heap Blocks": 732487, "Plans": [{"Node Type": "Bitmap Index Scan", "Parent Relationship": "Outer", "Index Name": "idx_lineitem_shipdate", "Startup Cost": 0.0, "Total Cost": 77977.46, "Plan Rows": 2266921, "Plan Width": 0, "Actual Startup Time": 1058.066, "Actual Total Time": 1058.066, "Actual Rows": 2293944, "Actual Loops": 1, "Index Cond": "((l_shipdate >= '1997-07-01 00:00:00'::timestamp(0) without time zone) AND (l_shipdate < '1997-10-01 00:00:00'::timestamp without time zone))"}]}]}]}, {"Node Type": "Index Scan", "Parent Relationship": "Outer", "Scan Direction": "Forward", "Index Name": "supplier_pkey", "Relation Name": "supplier", "Alias": "supplier", "Startup Cost": 0.0, "Total Cost": 5334.54, "Plan Rows": 100000, "Plan Width": 75, "Actual Startup Time": 0.04, "Actual Total Time": 25.601, "Actual Rows": 35977, "Actual Loops": 1}, {"Node Type": "Sort", "Parent Relationship": "Inner", "Startup Cost": 1631906.91, "Total Cost": 1632055.36, "Plan Rows": 59380, "Plan Width": 16, "Actual Startup Time": 11621.178, "Actual Total Time": 11621.178, "Actual Rows": 1, "Actual Loops": 1, "Sort Key": ["revenue0.supplier_no"], "Sort Method": "quicksort", "Sort Space Used": 25, "Sort Space Type": "Memory", "Plans": [{"Node Type": "Subquery Scan", "Parent Relationship": "Outer", "Alias": "revenue0", "Startup Cost": 1625862.71, "Total Cost": 1627198.76, "Plan Rows": 59380, "Plan Width": 16, "Actual Startup Time": 11595.263, "Actual Total Time": 11620.908, "Actual Rows": 1, "Actual Loops": 1, "Plans": [{"Node Type": "Aggregate", "Strategy": "Hashed", "Parent Relationship": "Subquery", "Startup Cost": 1625862.71, "Total Cost": 1626604.96, "Plan Rows": 59380, "Plan Width": 24, "Actual Startup Time": 11595.26, "Actual Total Time": 11620.903, "Actual Rows": 1, "Actual Loops": 1, "Group By Key": ["public.lineitem.l_suppkey"], "Filter": "(sum((public.lineitem.l_extendedprice * (1::double precision - public.lineitem.l_discount))) = $0), (LLVM Optimized, Jit Execute)", "Rows Removed by Filter": 99999, "Plans": [{"Node Type": "Bitmap Heap Scan", "Parent Relationship": "Outer", "Relation Name": "lineitem", "Alias": "lineitem", "Startup Cost": 78544.19, "Total Cost": 1586191.59, "Plan Rows": 2266921, "Plan Width": 24, "Actual Startup Time": 991.154, "Actual Total Time": 3631.209, "Actual Rows": 2293944, "Actual Loops": 1, "Recheck Cond": "((l_shipdate >= '1997-07-01 00:00:00'::timestamp(0) without time zone) AND (l_shipdate < '1997-10-01 00:00:00'::timestamp without time zone)), (LLVM Optimized, Jit Execute)", "Rows Removed by Index Recheck": 0, "Exact Heap Blocks": 732487, "Lossy Heap Blocks": 732487, "Plans": [{"Node Type": "Bitmap Index Scan", "Parent Relationship": "Outer", "Index Name": "idx_lineitem_shipdate", "Startup Cost": 0.0, "Total Cost": 77977.46, "Plan Rows": 2266921, "Plan Width": 0, "Actual Startup Time": 703.296, "Actual Total Time": 703.296, "Actual Rows": 2293944, "Actual Loops": 1, "Index Cond": "((l_shipdate >= '1997-07-01 00:00:00'::timestamp(0) without time zone) AND (l_shipdate < '1997-10-01 00:00:00'::timestamp without time zone))"}]}]}]}]}]}, "Triggers": [], "Planner Runtime": 0.687, "Total Runtime": 11665.077, "Unique SQL Id": 3712096918}}, "(1, '69')": {"explain_plan": {"Plan": {"Node Type": "Merge Join", "Join Type": "Inner", "Startup Cost": 3242103.77, "Total Cost": 3248579.02, "Plan Rows": 59380, "Plan Width": 83, "Inner Unique": true, "Merge Cond": "(supplier.s_suppkey = revenue0.supplier_no)", "Plans": [{"Node Type": "Aggregate", "Strategy": "Plain", "Parent Relationship": "exec_init_plan", "Subplan Name": "InitPlan 1 (returns $0)", "Startup Cost": 1610196.85, "Total Cost": 1610196.86, "Plan Rows": 1, "Plan Width": 16, "Plans": [{"Node Type": "Aggregate", "Strategy": "Hashed", "Parent Relationship": "Outer", "Startup Cost": 1608860.8, "Total Cost": 1609454.6, "Plan Rows": 59380, "Plan Width": 24, "Group By Key": ["public.lineitem.l_suppkey"], "Plans": [{"Node Type": "Bitmap Heap Scan", "Parent Relationship": "Outer", "Relation Name": "lineitem", "Alias": "lineitem", "Startup Cost": 78544.19, "Total Cost": 1586191.59, "Plan Rows": 2266921, "Plan Width": 24, "Recheck Cond": "((l_shipdate >= '1997-07-01 00:00:00'::timestamp(0) without time zone) AND (l_shipdate < '1997-10-01 00:00:00'::timestamp without time zone)), (LLVM Optimized)", "Plans": [{"Node Type": "Bitmap Index Scan", "Parent Relationship": "Outer", "Index Name": "idx_lineitem_shipdate", "Startup Cost": 0.0, "Total Cost": 77977.46, "Plan Rows": 2266921, "Plan Width": 0, "Index Cond": "((l_shipdate >= '1997-07-01 00:00:00'::timestamp(0) without time zone) AND (l_shipdate < '1997-10-01 00:00:00'::timestamp without time zone))"}]}]}]}, {"Node Type": "Index Scan", "Parent Relationship": "Outer", "Scan Direction": "Forward", "Index Name": "supplier_pkey", "Relation Name": "supplier", "Alias": "supplier", "Startup Cost": 0.0, "Total Cost": 5334.54, "Plan Rows": 100000, "Plan Width": 75}, {"Node Type": "Sort", "Parent Relationship": "Inner", "Startup Cost": 1631906.91, "Total Cost": 1632055.36, "Plan Rows": 59380, "Plan Width": 16, "Sort Key": ["revenue0.supplier_no"], "Plans": [{"Node Type": "Subquery Scan", "Parent Relationship": "Outer", "Alias": "revenue0", "Startup Cost": 1625862.71, "Total Cost": 1627198.76, "Plan Rows": 59380, "Plan Width": 16, "Plans": [{"Node Type": "Aggregate", "Strategy": "Hashed", "Parent Relationship": "Subquery", "Startup Cost": 1625862.71, "Total Cost": 1626604.96, "Plan Rows": 59380, "Plan Width": 24, "Group By Key": ["public.lineitem.l_suppkey"], "Filter": "(sum((public.lineitem.l_extendedprice * (1::double precision - public.lineitem.l_discount))) = $0), (LLVM Optimized)", "Plans": [{"Node Type": "Bitmap Heap Scan", "Parent Relationship": "Outer", "Relation Name": "lineitem", "Alias": "lineitem", "Startup Cost": 78544.19, "Total Cost": 1586191.59, "Plan Rows": 2266921, "Plan Width": 24, "Recheck Cond": "((l_shipdate >= '1997-07-01 00:00:00'::timestamp(0) without time zone) AND (l_shipdate < '1997-10-01 00:00:00'::timestamp without time zone)), (LLVM Optimized)", "Plans": [{"Node Type": "Bitmap Index Scan", "Parent Relationship": "Outer", "Index Name": "idx_lineitem_shipdate", "Startup Cost": 0.0, "Total Cost": 77977.46, "Plan Rows": 2266921, "Plan Width": 0, "Index Cond": "((l_shipdate >= '1997-07-01 00:00:00'::timestamp(0) without time zone) AND (l_shipdate < '1997-10-01 00:00:00'::timestamp without time zone))"}]}]}]}]}]}, "Unique SQL Id": 3712096918, "Planner Runtime": 0}, "explain_analyze_plan": {"Plan": {"Node Type": "Merge Join", "Join Type": "Inner", "Startup Cost": 3242103.77, "Total Cost": 3248579.02, "Plan Rows": 59380, "Plan Width": 83, "Actual Startup Time": 11651.8, "Actual Total Time": 11651.805, "Actual Rows": 1, "Actual Loops": 1, "Inner Unique": true, "Merge Cond": "(supplier.s_suppkey = revenue0.supplier_no)", "Plans": [{"Node Type": "Aggregate", "Strategy": "Plain", "Parent Relationship": "exec_init_plan", "Subplan Name": "InitPlan 1 (returns $0)", "Startup Cost": 1610196.85, "Total Cost": 1610196.86, "Plan Rows": 1, "Plan Width": 16, "Actual Startup Time": 6150.177, "Actual Total Time": 6150.177, "Actual Rows": 1, "Actual Loops": 1, "Plans": [{"Node Type": "Aggregate", "Strategy": "Hashed", "Parent Relationship": "Outer", "Startup Cost": 1608860.8, "Total Cost": 1609454.6, "Plan Rows": 59380, "Plan Width": 24, "Actual Startup Time": 6103.597, "Actual Total Time": 6135.186, "Actual Rows": 100000, "Actual Loops": 1, "Group By Key": ["public.lineitem.l_suppkey"], "Plans": [{"Node Type": "Bitmap Heap Scan", "Parent Relationship": "Outer", "Relation Name": "lineitem", "Alias": "lineitem", "Startup Cost": 78544.19, "Total Cost": 1586191.59, "Plan Rows": 2266921, "Plan Width": 24, "Actual Startup Time": 1421.45, "Actual Total Time": 4328.688, "Actual Rows": 2293944, "Actual Loops": 1, "Recheck Cond": "((l_shipdate >= '1997-07-01 00:00:00'::timestamp(0) without time zone) AND (l_shipdate < '1997-10-01 00:00:00'::timestamp without time zone)), (LLVM Optimized, Jit Execute)", "Rows Removed by Index Recheck": 0, "Exact Heap Blocks": 732487, "Lossy Heap Blocks": 732487, "Plans": [{"Node Type": "Bitmap Index Scan", "Parent Relationship": "Outer", "Index Name": "idx_lineitem_shipdate", "Startup Cost": 0.0, "Total Cost": 77977.46, "Plan Rows": 2266921, "Plan Width": 0, "Actual Startup Time": 1058.066, "Actual Total Time": 1058.066, "Actual Rows": 2293944, "Actual Loops": 1, "Index Cond": "((l_shipdate >= '1997-07-01 00:00:00'::timestamp(0) without time zone) AND (l_shipdate < '1997-10-01 00:00:00'::timestamp without time zone))"}]}]}]}, {"Node Type": "Index Scan", "Parent Relationship": "Outer", "Scan Direction": "Forward", "Index Name": "supplier_pkey", "Relation Name": "supplier", "Alias": "supplier", "Startup Cost": 0.0, "Total Cost": 5334.54, "Plan Rows": 100000, "Plan Width": 75, "Actual Startup Time": 0.04, "Actual Total Time": 25.601, "Actual Rows": 35977, "Actual Loops": 1}, {"Node Type": "Sort", "Parent Relationship": "Inner", "Startup Cost": 1631906.91, "Total Cost": 1632055.36, "Plan Rows": 59380, "Plan Width": 16, "Actual Startup Time": 11621.178, "Actual Total Time": 11621.178, "Actual Rows": 1, "Actual Loops": 1, "Sort Key": ["revenue0.supplier_no"], "Sort Method": "quicksort", "Sort Space Used": 25, "Sort Space Type": "Memory", "Plans": [{"Node Type": "Subquery Scan", "Parent Relationship": "Outer", "Alias": "revenue0", "Startup Cost": 1625862.71, "Total Cost": 1627198.76, "Plan Rows": 59380, "Plan Width": 16, "Actual Startup Time": 11595.263, "Actual Total Time": 11620.908, "Actual Rows": 1, "Actual Loops": 1, "Plans": [{"Node Type": "Aggregate", "Strategy": "Hashed", "Parent Relationship": "Subquery", "Startup Cost": 1625862.71, "Total Cost": 1626604.96, "Plan Rows": 59380, "Plan Width": 24, "Actual Startup Time": 11595.26, "Actual Total Time": 11620.903, "Actual Rows": 1, "Actual Loops": 1, "Group By Key": ["public.lineitem.l_suppkey"], "Filter": "(sum((public.lineitem.l_extendedprice * (1::double precision - public.lineitem.l_discount))) = $0), (LLVM Optimized, Jit Execute)", "Rows Removed by Filter": 99999, "Plans": [{"Node Type": "Bitmap Heap Scan", "Parent Relationship": "Outer", "Relation Name": "lineitem", "Alias": "lineitem", "Startup Cost": 78544.19, "Total Cost": 1586191.59, "Plan Rows": 2266921, "Plan Width": 24, "Actual Startup Time": 991.154, "Actual Total Time": 3631.209, "Actual Rows": 2293944, "Actual Loops": 1, "Recheck Cond": "((l_shipdate >= '1997-07-01 00:00:00'::timestamp(0) without time zone) AND (l_shipdate < '1997-10-01 00:00:00'::timestamp without time zone)), (LLVM Optimized, Jit Execute)", "Rows Removed by Index Recheck": 0, "Exact Heap Blocks": 732487, "Lossy Heap Blocks": 732487, "Plans": [{"Node Type": "Bitmap Index Scan", "Parent Relationship": "Outer", "Index Name": "idx_lineitem_shipdate", "Startup Cost": 0.0, "Total Cost": 77977.46, "Plan Rows": 2266921, "Plan Width": 0, "Actual Startup Time": 703.296, "Actual Total Time": 703.296, "Actual Rows": 2293944, "Actual Loops": 1, "Index Cond": "((l_shipdate >= '1997-07-01 00:00:00'::timestamp(0) without time zone) AND (l_shipdate < '1997-10-01 00:00:00'::timestamp without time zone))"}]}]}]}]}]}, "Triggers": [], "Planner Runtime": 0.687, "Total Runtime": 11665.077, "Unique SQL Id": 3712096918}}, "(1, '70')": {"explain_plan": {"Plan": {"Node Type": "Merge Join", "Join Type": "Inner", "Startup Cost": 3253691.59, "Total Cost": 3255082.29, "Plan Rows": 59380, "Plan Width": 83, "Inner Unique": true, "Merge Cond": "(supplier.s_suppkey = revenue0.supplier_no)", "Plans": [{"Node Type": "Aggregate", "Strategy": "Plain", "Parent Relationship": "exec_init_plan", "Subplan Name": "InitPlan 1 (returns $0)", "Startup Cost": 1610196.85, "Total Cost": 1610196.86, "Plan Rows": 1, "Plan Width": 16, "Plans": [{"Node Type": "Aggregate", "Strategy": "Hashed", "Parent Relationship": "Outer", "Startup Cost": 1608860.8, "Total Cost": 1609454.6, "Plan Rows": 59380, "Plan Width": 24, "Group By Key": ["public.lineitem.l_suppkey"], "Plans": [{"Node Type": "Bitmap Heap Scan", "Parent Relationship": "Outer", "Relation Name": "lineitem", "Alias": "lineitem", "Startup Cost": 78544.19, "Total Cost": 1586191.59, "Plan Rows": 2266921, "Plan Width": 24, "Recheck Cond": "((l_shipdate >= '1997-07-01 00:00:00'::timestamp(0) without time zone) AND (l_shipdate < '1997-10-01 00:00:00'::timestamp without time zone)), (LLVM Optimized)", "Plans": [{"Node Type": "Bitmap Index Scan", "Parent Relationship": "Outer", "Index Name": "idx_lineitem_shipdate", "Startup Cost": 0.0, "Total Cost": 77977.46, "Plan Rows": 2266921, "Plan Width": 0, "Index Cond": "((l_shipdate >= '1997-07-01 00:00:00'::timestamp(0) without time zone) AND (l_shipdate < '1997-10-01 00:00:00'::timestamp without time zone))"}]}]}]}, {"Node Type": "Sort", "Parent Relationship": "Outer", "Startup Cost": 11587.82, "Total Cost": 11837.82, "Plan Rows": 100000, "Plan Width": 75, "Sort Key": ["supplier.s_suppkey"], "Plans": [{"Node Type": "Seq Scan", "Parent Relationship": "Outer", "Relation Name": "supplier", "Alias": "supplier", "Startup Cost": 0.0, "Total Cost": 3283.0, "Plan Rows": 100000, "Plan Width": 75}]}, {"Node Type": "Sort", "Parent Relationship": "Inner", "Startup Cost": 1631906.91, "Total Cost": 1632055.36, "Plan Rows": 59380, "Plan Width": 16, "Sort Key": ["revenue0.supplier_no"], "Plans": [{"Node Type": "Subquery Scan", "Parent Relationship": "Outer", "Alias": "revenue0", "Startup Cost": 1625862.71, "Total Cost": 1627198.76, "Plan Rows": 59380, "Plan Width": 16, "Plans": [{"Node Type": "Aggregate", "Strategy": "Hashed", "Parent Relationship": "Subquery", "Startup Cost": 1625862.71, "Total Cost": 1626604.96, "Plan Rows": 59380, "Plan Width": 24, "Group By Key": ["public.lineitem.l_suppkey"], "Filter": "(sum((public.lineitem.l_extendedprice * (1::double precision - public.lineitem.l_discount))) = $0), (LLVM Optimized)", "Plans": [{"Node Type": "Bitmap Heap Scan", "Parent Relationship": "Outer", "Relation Name": "lineitem", "Alias": "lineitem", "Startup Cost": 78544.19, "Total Cost": 1586191.59, "Plan Rows": 2266921, "Plan Width": 24, "Recheck Cond": "((l_shipdate >= '1997-07-01 00:00:00'::timestamp(0) without time zone) AND (l_shipdate < '1997-10-01 00:00:00'::timestamp without time zone)), (LLVM Optimized)", "Plans": [{"Node Type": "Bitmap Index Scan", "Parent Relationship": "Outer", "Index Name": "idx_lineitem_shipdate", "Startup Cost": 0.0, "Total Cost": 77977.46, "Plan Rows": 2266921, "Plan Width": 0, "Index Cond": "((l_shipdate >= '1997-07-01 00:00:00'::timestamp(0) without time zone) AND (l_shipdate < '1997-10-01 00:00:00'::timestamp without time zone))"}]}]}]}]}]}, "Unique SQL Id": 3712096918, "Planner Runtime": 0}, "explain_analyze_plan": {"Plan": {"Node Type": "Merge Join", "Join Type": "Inner", "Startup Cost": 3253691.59, "Total Cost": 3255082.29, "Plan Rows": 59380, "Plan Width": 83, "Actual Startup Time": 11338.378, "Actual Total Time": 11338.62, "Actual Rows": 1, "Actual Loops": 1, "Inner Unique": true, "Merge Cond": "(supplier.s_suppkey = revenue0.supplier_no)", "Plans": [{"Node Type": "Aggregate", "Strategy": "Plain", "Parent Relationship": "exec_init_plan", "Subplan Name": "InitPlan 1 (returns $0)", "Startup Cost": 1610196.85, "Total Cost": 1610196.86, "Plan Rows": 1, "Plan Width": 16, "Actual Startup Time": 6057.509, "Actual Total Time": 6057.509, "Actual Rows": 1, "Actual Loops": 1, "Plans": [{"Node Type": "Aggregate", "Strategy": "Hashed", "Parent Relationship": "Outer", "Startup Cost": 1608860.8, "Total Cost": 1609454.6, "Plan Rows": 59380, "Plan Width": 24, "Actual Startup Time": 6010.008, "Actual Total Time": 6042.54, "Actual Rows": 100000, "Actual Loops": 1, "Group By Key": ["public.lineitem.l_suppkey"], "Plans": [{"Node Type": "Bitmap Heap Scan", "Parent Relationship": "Outer", "Relation Name": "lineitem", "Alias": "lineitem", "Startup Cost": 78544.19, "Total Cost": 1586191.59, "Plan Rows": 2266921, "Plan Width": 24, "Actual Startup Time": 985.116, "Actual Total Time": 4141.321, "Actual Rows": 2293944, "Actual Loops": 1, "Recheck Cond": "((l_shipdate >= '1997-07-01 00:00:00'::timestamp(0) without time zone) AND (l_shipdate < '1997-10-01 00:00:00'::timestamp without time zone)), (LLVM Optimized, Jit Execute)", "Rows Removed by Index Recheck": 0, "Exact Heap Blocks": 732487, "Lossy Heap Blocks": 732487, "Plans": [{"Node Type": "Bitmap Index Scan", "Parent Relationship": "Outer", "Index Name": "idx_lineitem_shipdate", "Startup Cost": 0.0, "Total Cost": 77977.46, "Plan Rows": 2266921, "Plan Width": 0, "Actual Startup Time": 698.685, "Actual Total Time": 698.685, "Actual Rows": 2293944, "Actual Loops": 1, "Index Cond": "((l_shipdate >= '1997-07-01 00:00:00'::timestamp(0) without time zone) AND (l_shipdate < '1997-10-01 00:00:00'::timestamp without time zone))"}]}]}]}, {"Node Type": "Sort", "Parent Relationship": "Outer", "Startup Cost": 11587.82, "Total Cost": 11837.82, "Plan Rows": 100000, "Plan Width": 75, "Actual Startup Time": 71.853, "Actual Total Time": 76.086, "Actual Rows": 35977, "Actual Loops": 1, "Sort Key": ["supplier.s_suppkey"], "Sort Method": "quicksort", "Sort Space Used": 18698, "Sort Space Type": "Memory", "Plans": [{"Node Type": "Seq Scan", "Parent Relationship": "Outer", "Relation Name": "supplier", "Alias": "supplier", "Startup Cost": 0.0, "Total Cost": 3283.0, "Plan Rows": 100000, "Plan Width": 75, "Actual Startup Time": 0.029, "Actual Total Time": 35.942, "Actual Rows": 100000, "Actual Loops": 1}]}, {"Node Type": "Sort", "Parent Relationship": "Inner", "Startup Cost": 1631906.91, "Total Cost": 1632055.36, "Plan Rows": 59380, "Plan Width": 16, "Actual Startup Time": 11257.357, "Actual Total Time": 11257.358, "Actual Rows": 1, "Actual Loops": 1, "Sort Key": ["revenue0.supplier_no"], "Sort Method": "quicksort", "Sort Space Used": 25, "Sort Space Type": "Memory", "Plans": [{"Node Type": "Subquery Scan", "Parent Relationship": "Outer", "Alias": "revenue0", "Startup Cost": 1625862.71, "Total Cost": 1627198.76, "Plan Rows": 59380, "Plan Width": 16, "Actual Startup Time": 11232.551, "Actual Total Time": 11257.099, "Actual Rows": 1, "Actual Loops": 1, "Plans": [{"Node Type": "Aggregate", "Strategy": "Hashed", "Parent Relationship": "Subquery", "Startup Cost": 1625862.71, "Total Cost": 1626604.96, "Plan Rows": 59380, "Plan Width": 24, "Actual Startup Time": 11232.548, "Actual Total Time": 11257.094, "Actual Rows": 1, "Actual Loops": 1, "Group By Key": ["public.lineitem.l_suppkey"], "Filter": "(sum((public.lineitem.l_extendedprice * (1::double precision - public.lineitem.l_discount))) = $0), (LLVM Optimized, Jit Execute)", "Rows Removed by Filter": 99999, "Plans": [{"Node Type": "Bitmap Heap Scan", "Parent Relationship": "Outer", "Relation Name": "lineitem", "Alias": "lineitem", "Startup Cost": 78544.19, "Total Cost": 1586191.59, "Plan Rows": 2266921, "Plan Width": 24, "Actual Startup Time": 1152.019, "Actual Total Time": 3563.729, "Actual Rows": 2293944, "Actual Loops": 1, "Recheck Cond": "((l_shipdate >= '1997-07-01 00:00:00'::timestamp(0) without time zone) AND (l_shipdate < '1997-10-01 00:00:00'::timestamp without time zone)), (LLVM Optimized, Jit Execute)", "Rows Removed by Index Recheck": 0, "Exact Heap Blocks": 732487, "Lossy Heap Blocks": 732487, "Plans": [{"Node Type": "Bitmap Index Scan", "Parent Relationship": "Outer", "Index Name": "idx_lineitem_shipdate", "Startup Cost": 0.0, "Total Cost": 77977.46, "Plan Rows": 2266921, "Plan Width": 0, "Actual Startup Time": 786.178, "Actual Total Time": 786.178, "Actual Rows": 2293944, "Actual Loops": 1, "Index Cond": "((l_shipdate >= '1997-07-01 00:00:00'::timestamp(0) without time zone) AND (l_shipdate < '1997-10-01 00:00:00'::timestamp without time zone))"}]}]}]}]}]}, "Triggers": [], "Planner Runtime": 1.086, "Total Runtime": 11352.046, "Unique SQL Id": 3712096918}}, "(1, '71')": {"explain_plan": {"Plan": {"Node Type": "Sort", "Startup Cost": 3497813.02, "Total Cost": 3497961.47, "Plan Rows": 59380, "Plan Width": 83, "Sort Key": ["supplier.s_suppkey"], "Plans": [{"Node Type": "Aggregate", "Strategy": "Plain", "Parent Relationship": "exec_init_plan", "Subplan Name": "InitPlan 1 (returns $0)", "Startup Cost": 1610196.85, "Total Cost": 1610196.86, "Plan Rows": 1, "Plan Width": 16, "Plans": [{"Node Type": "Aggregate", "Strategy": "Hashed", "Parent Relationship": "Outer", "Startup Cost": 1608860.8, "Total Cost": 1609454.6, "Plan Rows": 59380, "Plan Width": 24, "Group By Key": ["public.lineitem.l_suppkey"], "Plans": [{"Node Type": "Bitmap Heap Scan", "Parent Relationship": "Outer", "Relation Name": "lineitem", "Alias": "lineitem", "Startup Cost": 78544.19, "Total Cost": 1586191.59, "Plan Rows": 2266921, "Plan Width": 24, "Recheck Cond": "((l_shipdate >= '1997-07-01 00:00:00'::timestamp(0) without time zone) AND (l_shipdate < '1997-10-01 00:00:00'::timestamp without time zone)), (LLVM Optimized)", "Plans": [{"Node Type": "Bitmap Index Scan", "Parent Relationship": "Outer", "Index Name": "idx_lineitem_shipdate", "Startup Cost": 0.0, "Total Cost": 77977.46, "Plan Rows": 2266921, "Plan Width": 0, "Index Cond": "((l_shipdate >= '1997-07-01 00:00:00'::timestamp(0) without time zone) AND (l_shipdate < '1997-10-01 00:00:00'::timestamp without time zone))"}]}]}]}, {"Node Type": "Nested Loop", "Parent Relationship": "Outer", "Join Type": "Inner", "Startup Cost": 1625863.0, "Total Cost": 1882908.01, "Plan Rows": 59380, "Plan Width": 83, "Inner Unique": true, "Plans": [{"Node Type": "Aggregate", "Strategy": "Hashed", "Parent Relationship": "Outer", "Startup Cost": 1625862.71, "Total Cost": 1626604.96, "Plan Rows": 59380, "Plan Width": 24, "Group By Key": ["public.lineitem.l_suppkey"], "Filter": "(sum((public.lineitem.l_extendedprice * (1::double precision - public.lineitem.l_discount))) = $0), (LLVM Optimized)", "Plans": [{"Node Type": "Bitmap Heap Scan", "Parent Relationship": "Outer", "Relation Name": "lineitem", "Alias": "lineitem", "Startup Cost": 78544.19, "Total Cost": 1586191.59, "Plan Rows": 2266921, "Plan Width": 24, "Recheck Cond": "((l_shipdate >= '1997-07-01 00:00:00'::timestamp(0) without time zone) AND (l_shipdate < '1997-10-01 00:00:00'::timestamp without time zone)), (LLVM Optimized)", "Plans": [{"Node Type": "Bitmap Index Scan", "Parent Relationship": "Outer", "Index Name": "idx_lineitem_shipdate", "Startup Cost": 0.0, "Total Cost": 77977.46, "Plan Rows": 2266921, "Plan Width": 0, "Index Cond": "((l_shipdate >= '1997-07-01 00:00:00'::timestamp(0) without time zone) AND (l_shipdate < '1997-10-01 00:00:00'::timestamp without time zone))"}]}]}, {"Node Type": "Bitmap Heap Scan", "Parent Relationship": "Inner", "Relation Name": "supplier", "Alias": "supplier", "Startup Cost": 0.28, "Total Cost": 4.3, "Plan Rows": 1, "Plan Width": 75, "Recheck Cond": "(s_suppkey = public.lineitem.l_suppkey)", "Plans": [{"Node Type": "Bitmap Index Scan", "Parent Relationship": "Outer", "Index Name": "supplier_pkey", "Startup Cost": 0.0, "Total Cost": 0.28, "Plan Rows": 1, "Plan Width": 0, "Index Cond": "(s_suppkey = public.lineitem.l_suppkey)"}]}]}]}, "Unique SQL Id": 3712096918, "Planner Runtime": 0}, "explain_analyze_plan": {"Plan": {"Node Type": "Sort", "Startup Cost": 3497813.02, "Total Cost": 3497961.47, "Plan Rows": 59380, "Plan Width": 83, "Actual Startup Time": 11695.124, "Actual Total Time": 11695.125, "Actual Rows": 1, "Actual Loops": 1, "Sort Key": ["supplier.s_suppkey"], "Sort Method": "quicksort", "Sort Space Used": 25, "Sort Space Type": "Memory", "Plans": [{"Node Type": "Aggregate", "Strategy": "Plain", "Parent Relationship": "exec_init_plan", "Subplan Name": "InitPlan 1 (returns $0)", "Startup Cost": 1610196.85, "Total Cost": 1610196.86, "Plan Rows": 1, "Plan Width": 16, "Actual Startup Time": 5790.695, "Actual Total Time": 5790.695, "Actual Rows": 1, "Actual Loops": 1, "Plans": [{"Node Type": "Aggregate", "Strategy": "Hashed", "Parent Relationship": "Outer", "Startup Cost": 1608860.8, "Total Cost": 1609454.6, "Plan Rows": 59380, "Plan Width": 24, "Actual Startup Time": 5744.183, "Actual Total Time": 5775.7, "Actual Rows": 100000, "Actual Loops": 1, "Group By Key": ["public.lineitem.l_suppkey"], "Plans": [{"Node Type": "Bitmap Heap Scan", "Parent Relationship": "Outer", "Relation Name": "lineitem", "Alias": "lineitem", "Startup Cost": 78544.19, "Total Cost": 1586191.59, "Plan Rows": 2266921, "Plan Width": 24, "Actual Startup Time": 1410.62, "Actual Total Time": 4017.87, "Actual Rows": 2293944, "Actual Loops": 1, "Recheck Cond": "((l_shipdate >= '1997-07-01 00:00:00'::timestamp(0) without time zone) AND (l_shipdate < '1997-10-01 00:00:00'::timestamp without time zone)), (LLVM Optimized, Jit Execute)", "Rows Removed by Index Recheck": 0, "Exact Heap Blocks": 732487, "Lossy Heap Blocks": 732487, "Plans": [{"Node Type": "Bitmap Index Scan", "Parent Relationship": "Outer", "Index Name": "idx_lineitem_shipdate", "Startup Cost": 0.0, "Total Cost": 77977.46, "Plan Rows": 2266921, "Plan Width": 0, "Actual Startup Time": 1037.637, "Actual Total Time": 1037.637, "Actual Rows": 2293944, "Actual Loops": 1, "Index Cond": "((l_shipdate >= '1997-07-01 00:00:00'::timestamp(0) without time zone) AND (l_shipdate < '1997-10-01 00:00:00'::timestamp without time zone))"}]}]}]}, {"Node Type": "Nested Loop", "Parent Relationship": "Outer", "Join Type": "Inner", "Startup Cost": 1625863.0, "Total Cost": 1882908.01, "Plan Rows": 59380, "Plan Width": 83, "Actual Startup Time": 11669.86, "Actual Total Time": 11695.099, "Actual Rows": 1, "Actual Loops": 1, "Inner Unique": true, "Plans": [{"Node Type": "Aggregate", "Strategy": "Hashed", "Parent Relationship": "Outer", "Startup Cost": 1625862.71, "Total Cost": 1626604.96, "Plan Rows": 59380, "Plan Width": 24, "Actual Startup Time": 11669.792, "Actual Total Time": 11694.747, "Actual Rows": 1, "Actual Loops": 1, "Group By Key": ["public.lineitem.l_suppkey"], "Filter": "(sum((public.lineitem.l_extendedprice * (1::double precision - public.lineitem.l_discount))) = $0), (LLVM Optimized, Jit Execute)", "Rows Removed by Filter": 99999, "Plans": [{"Node Type": "Bitmap Heap Scan", "Parent Relationship": "Outer", "Relation Name": "lineitem", "Alias": "lineitem", "Startup Cost": 78544.19, "Total Cost": 1586191.59, "Plan Rows": 2266921, "Plan Width": 24, "Actual Startup Time": 1071.216, "Actual Total Time": 4099.156, "Actual Rows": 2293944, "Actual Loops": 1, "Recheck Cond": "((l_shipdate >= '1997-07-01 00:00:00'::timestamp(0) without time zone) AND (l_shipdate < '1997-10-01 00:00:00'::timestamp without time zone)), (LLVM Optimized, Jit Execute)", "Rows Removed by Index Recheck": 0, "Exact Heap Blocks": 732487, "Lossy Heap Blocks": 732487, "Plans": [{"Node Type": "Bitmap Index Scan", "Parent Relationship": "Outer", "Index Name": "idx_lineitem_shipdate", "Startup Cost": 0.0, "Total Cost": 77977.46, "Plan Rows": 2266921, "Plan Width": 0, "Actual Startup Time": 709.182, "Actual Total Time": 709.182, "Actual Rows": 2293944, "Actual Loops": 1, "Index Cond": "((l_shipdate >= '1997-07-01 00:00:00'::timestamp(0) without time zone) AND (l_shipdate < '1997-10-01 00:00:00'::timestamp without time zone))"}]}]}, {"Node Type": "Bitmap Heap Scan", "Parent Relationship": "Inner", "Relation Name": "supplier", "Alias": "supplier", "Startup Cost": 0.28, "Total Cost": 4.3, "Plan Rows": 1, "Plan Width": 75, "Actual Startup Time": 0.05, "Actual Total Time": 0.05, "Actual Rows": 1, "Actual Loops": 1, "Recheck Cond": "(s_suppkey = public.lineitem.l_suppkey)", "Rows Removed by Index Recheck": 0, "Exact Heap Blocks": 1, "Lossy Heap Blocks": 1, "Plans": [{"Node Type": "Bitmap Index Scan", "Parent Relationship": "Outer", "Index Name": "supplier_pkey", "Startup Cost": 0.0, "Total Cost": 0.28, "Plan Rows": 1, "Plan Width": 0, "Actual Startup Time": 0.026, "Actual Total Time": 0.026, "Actual Rows": 1, "Actual Loops": 1, "Index Cond": "(s_suppkey = public.lineitem.l_suppkey)"}]}]}]}, "Triggers": [], "Planner Runtime": 0.751, "Total Runtime": 11707.86, "Unique SQL Id": 3712096918}}, "(1, '72')": {"explain_plan": {"Plan": {"Node Type": "Merge Join", "Join Type": "Inner", "Startup Cost": 4699821.58, "Total Cost": 4706296.82, "Plan Rows": 59380, "Plan Width": 83, "Inner Unique": true, "Merge Cond": "(supplier.s_suppkey = revenue0.supplier_no)", "Plans": [{"Node Type": "Aggregate", "Strategy": "Plain", "Parent Relationship": "exec_init_plan", "Subplan Name": "InitPlan 1 (returns $0)", "Startup Cost": 2339055.76, "Total Cost": 2339055.77, "Plan Rows": 1, "Plan Width": 16, "Plans": [{"Node Type": "Aggregate", "Strategy": "Hashed", "Parent Relationship": "Outer", "Startup Cost": 2337719.71, "Total Cost": 2338313.51, "Plan Rows": 59380, "Plan Width": 24, "Group By Key": ["public.lineitem.l_suppkey"], "Plans": [{"Node Type": "Seq Scan", "Parent Relationship": "Outer", "Relation Name": "lineitem", "Alias": "lineitem", "Startup Cost": 25.33, "Total Cost": 2315050.5, "Plan Rows": 2266921, "Plan Width": 24, "Filter": "((l_shipdate >= '1997-07-01 00:00:00'::timestamp(0) without time zone) AND (l_shipdate < '1997-10-01 00:00:00'::timestamp without time zone)), (LLVM Optimized)"}]}]}, {"Node Type": "Index Scan", "Parent Relationship": "Outer", "Scan Direction": "Forward", "Index Name": "supplier_pkey", "Relation Name": "supplier", "Alias": "supplier", "Startup Cost": 0.0, "Total Cost": 5334.54, "Plan Rows": 100000, "Plan Width": 75}, {"Node Type": "Sort", "Parent Relationship": "Inner", "Startup Cost": 2360765.81, "Total Cost": 2360914.26, "Plan Rows": 59380, "Plan Width": 16, "Sort Key": ["revenue0.supplier_no"], "Plans": [{"Node Type": "Subquery Scan", "Parent Relationship": "Outer", "Alias": "revenue0", "Startup Cost": 2354721.61, "Total Cost": 2356057.66, "Plan Rows": 59380, "Plan Width": 16, "Plans": [{"Node Type": "Aggregate", "Strategy": "Hashed", "Parent Relationship": "Subquery", "Startup Cost": 2354721.61, "Total Cost": 2355463.86, "Plan Rows": 59380, "Plan Width": 24, "Group By Key": ["public.lineitem.l_suppkey"], "Filter": "(sum((public.lineitem.l_extendedprice * (1::double precision - public.lineitem.l_discount))) = $0), (LLVM Optimized)", "Plans": [{"Node Type": "Seq Scan", "Parent Relationship": "Outer", "Relation Name": "lineitem", "Alias": "lineitem", "Startup Cost": 25.33, "Total Cost": 2315050.5, "Plan Rows": 2266921, "Plan Width": 24, "Filter": "((l_shipdate >= '1997-07-01 00:00:00'::timestamp(0) without time zone) AND (l_shipdate < '1997-10-01 00:00:00'::timestamp without time zone)), (LLVM Optimized)"}]}]}]}]}, "Unique SQL Id": 3712096918, "Planner Runtime": 0}, "explain_analyze_plan": null}, "(1, '73')": {"explain_plan": {"Plan": {"Node Type": "Merge Join", "Join Type": "Inner", "Startup Cost": 10341221.9, "Total Cost": 10347697.14, "Plan Rows": 59380, "Plan Width": 83, "Inner Unique": true, "Merge Cond": "(supplier.s_suppkey = revenue0.supplier_no)", "Plans": [{"Node Type": "Aggregate", "Strategy": "Plain", "Parent Relationship": "exec_init_plan", "Subplan Name": "InitPlan 1 (returns $0)", "Startup Cost": 5159755.92, "Total Cost": 5159755.93, "Plan Rows": 1, "Plan Width": 16, "Plans": [{"Node Type": "Aggregate", "Strategy": "Hashed", "Parent Relationship": "Outer", "Startup Cost": 5158419.87, "Total Cost": 5159013.67, "Plan Rows": 59380, "Plan Width": 24, "Group By Key": ["public.lineitem.l_suppkey"], "Plans": [{"Node Type": "Index Scan", "Parent Relationship": "Outer", "Scan Direction": "Forward", "Index Name": "idx_lineitem_shipdate", "Relation Name": "lineitem", "Alias": "lineitem", "Startup Cost": 0.0, "Total Cost": 5135750.66, "Plan Rows": 2266921, "Plan Width": 24, "Index Cond": "((l_shipdate >= '1997-07-01 00:00:00'::timestamp(0) without time zone) AND (l_shipdate < '1997-10-01 00:00:00'::timestamp without time zone)), (LLVM Optimized)"}]}]}, {"Node Type": "Index Scan", "Parent Relationship": "Outer", "Scan Direction": "Forward", "Index Name": "supplier_pkey", "Relation Name": "supplier", "Alias": "supplier", "Startup Cost": 0.0, "Total Cost": 5334.54, "Plan Rows": 100000, "Plan Width": 75}, {"Node Type": "Sort", "Parent Relationship": "Inner", "Startup Cost": 5181465.97, "Total Cost": 5181614.42, "Plan Rows": 59380, "Plan Width": 16, "Sort Key": ["revenue0.supplier_no"], "Plans": [{"Node Type": "Subquery Scan", "Parent Relationship": "Outer", "Alias": "revenue0", "Startup Cost": 5175421.77, "Total Cost": 5176757.82, "Plan Rows": 59380, "Plan Width": 16, "Plans": [{"Node Type": "Aggregate", "Strategy": "Hashed", "Parent Relationship": "Subquery", "Startup Cost": 5175421.77, "Total Cost": 5176164.02, "Plan Rows": 59380, "Plan Width": 24, "Group By Key": ["public.lineitem.l_suppkey"], "Filter": "(sum((public.lineitem.l_extendedprice * (1::double precision - public.lineitem.l_discount))) = $0), (LLVM Optimized)", "Plans": [{"Node Type": "Index Scan", "Parent Relationship": "Outer", "Scan Direction": "Forward", "Index Name": "idx_lineitem_shipdate", "Relation Name": "lineitem", "Alias": "lineitem", "Startup Cost": 0.0, "Total Cost": 5135750.66, "Plan Rows": 2266921, "Plan Width": 24, "Index Cond": "((l_shipdate >= '1997-07-01 00:00:00'::timestamp(0) without time zone) AND (l_shipdate < '1997-10-01 00:00:00'::timestamp without time zone)), (LLVM Optimized)"}]}]}]}]}, "Unique SQL Id": 3712096918, "Planner Runtime": 0}, "explain_analyze_plan": {"Plan": {"Node Type": "Merge Join", "Join Type": "Inner", "Startup Cost": 10341221.9, "Total Cost": 10347697.14, "Plan Rows": 59380, "Plan Width": 83, "Actual Startup Time": 14684.402, "Actual Total Time": 14684.412, "Actual Rows": 1, "Actual Loops": 1, "Inner Unique": true, "Merge Cond": "(supplier.s_suppkey = revenue0.supplier_no)", "Plans": [{"Node Type": "Aggregate", "Strategy": "Plain", "Parent Relationship": "exec_init_plan", "Subplan Name": "InitPlan 1 (returns $0)", "Startup Cost": 5159755.92, "Total Cost": 5159755.93, "Plan Rows": 1, "Plan Width": 16, "Actual Startup Time": 6680.146, "Actual Total Time": 6680.147, "Actual Rows": 1, "Actual Loops": 1, "Plans": [{"Node Type": "Aggregate", "Strategy": "Hashed", "Parent Relationship": "Outer", "Startup Cost": 5158419.87, "Total Cost": 5159013.67, "Plan Rows": 59380, "Plan Width": 24, "Actual Startup Time": 6635.199, "Actual Total Time": 6665.066, "Actual Rows": 100000, "Actual Loops": 1, "Group By Key": ["public.lineitem.l_suppkey"], "Plans": [{"Node Type": "Index Scan", "Parent Relationship": "Outer", "Scan Direction": "Forward", "Index Name": "idx_lineitem_shipdate", "Relation Name": "lineitem", "Alias": "lineitem", "Startup Cost": 0.0, "Total Cost": 5135750.66, "Plan Rows": 2266921, "Plan Width": 24, "Actual Startup Time": 0.056, "Actual Total Time": 4877.828, "Actual Rows": 2293944, "Actual Loops": 1, "Index Cond": "((l_shipdate >= '1997-07-01 00:00:00'::timestamp(0) without time zone) AND (l_shipdate < '1997-10-01 00:00:00'::timestamp without time zone)), (LLVM Optimized, Jit Execute)", "Rows Removed by Index Recheck": 0}]}]}, {"Node Type": "Index Scan", "Parent Relationship": "Outer", "Scan Direction": "Forward", "Index Name": "supplier_pkey", "Relation Name": "supplier", "Alias": "supplier", "Startup Cost": 0.0, "Total Cost": 5334.54, "Plan Rows": 100000, "Plan Width": 75, "Actual Startup Time": 0.047, "Actual Total Time": 19.2, "Actual Rows": 35977, "Actual Loops": 1}, {"Node Type": "Sort", "Parent Relationship": "Inner", "Startup Cost": 5181465.97, "Total Cost": 5181614.42, "Plan Rows": 59380, "Plan Width": 16, "Actual Startup Time": 14660.259, "Actual Total Time": 14660.259, "Actual Rows": 1, "Actual Loops": 1, "Sort Key": ["revenue0.supplier_no"], "Sort Method": "quicksort", "Sort Space Used": 25, "Sort Space Type": "Memory", "Plans": [{"Node Type": "Subquery Scan", "Parent Relationship": "Outer", "Alias": "revenue0", "Startup Cost": 5175421.77, "Total Cost": 5176757.82, "Plan Rows": 59380, "Plan Width": 16, "Actual Startup Time": 14641.397, "Actual Total Time": 14660.029, "Actual Rows": 1, "Actual Loops": 1, "Plans": [{"Node Type": "Aggregate", "Strategy": "Hashed", "Parent Relationship": "Subquery", "Startup Cost": 5175421.77, "Total Cost": 5176164.02, "Plan Rows": 59380, "Plan Width": 24, "Actual Startup Time": 14641.396, "Actual Total Time": 14660.025, "Actual Rows": 1, "Actual Loops": 1, "Group By Key": ["public.lineitem.l_suppkey"], "Filter": "(sum((public.lineitem.l_extendedprice * (1::double precision - public.lineitem.l_discount))) = $0), (LLVM Optimized, Jit Execute)", "Rows Removed by Filter": 99999, "Plans": [{"Node Type": "Index Scan", "Parent Relationship": "Outer", "Scan Direction": "Forward", "Index Name": "idx_lineitem_shipdate", "Relation Name": "lineitem", "Alias": "lineitem", "Startup Cost": 0.0, "Total Cost": 5135750.66, "Plan Rows": 2266921, "Plan Width": 24, "Actual Startup Time": 0.05, "Actual Total Time": 5838.306, "Actual Rows": 2293944, "Actual Loops": 1, "Index Cond": "((l_shipdate >= '1997-07-01 00:00:00'::timestamp(0) without time zone) AND (l_shipdate < '1997-10-01 00:00:00'::timestamp without time zone)), (LLVM Optimized, Jit Execute)", "Rows Removed by Index Recheck": 0}]}]}]}]}, "Triggers": [], "Planner Runtime": 0.683, "Total Runtime": 14695.703, "Unique SQL Id": 3712096918}}, "(1, '74')": {"explain_plan": {"Plan": {"Node Type": "Merge Join", "Join Type": "Inner", "Startup Cost": 4711409.4, "Total Cost": 4712800.1, "Plan Rows": 59380, "Plan Width": 83, "Inner Unique": true, "Merge Cond": "(supplier.s_suppkey = revenue0.supplier_no)", "Plans": [{"Node Type": "Aggregate", "Strategy": "Plain", "Parent Relationship": "exec_init_plan", "Subplan Name": "InitPlan 1 (returns $0)", "Startup Cost": 2339055.76, "Total Cost": 2339055.77, "Plan Rows": 1, "Plan Width": 16, "Plans": [{"Node Type": "Aggregate", "Strategy": "Hashed", "Parent Relationship": "Outer", "Startup Cost": 2337719.71, "Total Cost": 2338313.51, "Plan Rows": 59380, "Plan Width": 24, "Group By Key": ["public.lineitem.l_suppkey"], "Plans": [{"Node Type": "Seq Scan", "Parent Relationship": "Outer", "Relation Name": "lineitem", "Alias": "lineitem", "Startup Cost": 25.33, "Total Cost": 2315050.5, "Plan Rows": 2266921, "Plan Width": 24, "Filter": "((l_shipdate >= '1997-07-01 00:00:00'::timestamp(0) without time zone) AND (l_shipdate < '1997-10-01 00:00:00'::timestamp without time zone)), (LLVM Optimized)"}]}]}, {"Node Type": "Sort", "Parent Relationship": "Outer", "Startup Cost": 11587.82, "Total Cost": 11837.82, "Plan Rows": 100000, "Plan Width": 75, "Sort Key": ["supplier.s_suppkey"], "Plans": [{"Node Type": "Seq Scan", "Parent Relationship": "Outer", "Relation Name": "supplier", "Alias": "supplier", "Startup Cost": 0.0, "Total Cost": 3283.0, "Plan Rows": 100000, "Plan Width": 75}]}, {"Node Type": "Sort", "Parent Relationship": "Inner", "Startup Cost": 2360765.81, "Total Cost": 2360914.26, "Plan Rows": 59380, "Plan Width": 16, "Sort Key": ["revenue0.supplier_no"], "Plans": [{"Node Type": "Subquery Scan", "Parent Relationship": "Outer", "Alias": "revenue0", "Startup Cost": 2354721.61, "Total Cost": 2356057.66, "Plan Rows": 59380, "Plan Width": 16, "Plans": [{"Node Type": "Aggregate", "Strategy": "Hashed", "Parent Relationship": "Subquery", "Startup Cost": 2354721.61, "Total Cost": 2355463.86, "Plan Rows": 59380, "Plan Width": 24, "Group By Key": ["public.lineitem.l_suppkey"], "Filter": "(sum((public.lineitem.l_extendedprice * (1::double precision - public.lineitem.l_discount))) = $0), (LLVM Optimized)", "Plans": [{"Node Type": "Seq Scan", "Parent Relationship": "Outer", "Relation Name": "lineitem", "Alias": "lineitem", "Startup Cost": 25.33, "Total Cost": 2315050.5, "Plan Rows": 2266921, "Plan Width": 24, "Filter": "((l_shipdate >= '1997-07-01 00:00:00'::timestamp(0) without time zone) AND (l_shipdate < '1997-10-01 00:00:00'::timestamp without time zone)), (LLVM Optimized)"}]}]}]}]}, "Unique SQL Id": 3712096918, "Planner Runtime": 0}, "explain_analyze_plan": null}, "(1, '75')": {"explain_plan": {"Plan": {"Node Type": "Merge Join", "Join Type": "Inner", "Startup Cost": 2010463079819.59, "Total Cost": 3000463614414.67, "Plan Rows": 59380, "Plan Width": 83, "Inner Unique": true, "Merge Cond": "(supplier.s_suppkey = revenue0.supplier_no)", "Plans": [{"Node Type": "Aggregate", "Strategy": "Plain", "Parent Relationship": "exec_init_plan", "Subplan Name": "InitPlan 1 (returns $0)", "Startup Cost": 1000231529054.76, "Total Cost": 1000231529054.77, "Plan Rows": 1, "Plan Width": 16, "Plans": [{"Node Type": "Aggregate", "Strategy": "Hashed", "Parent Relationship": "Outer", "Startup Cost": 1000231527718.71, "Total Cost": 1000231528312.51, "Plan Rows": 59380, "Plan Width": 24, "Group By Key": ["public.lineitem.l_suppkey"], "Plans": [{"Node Type": "Seq Scan", "Parent Relationship": "Outer", "Relation Name": "lineitem", "Alias": "lineitem", "Startup Cost": 10000000025.02, "Total Cost": 1000231505049.5, "Plan Rows": 2266921, "Plan Width": 24, "Filter": "((l_shipdate >= '1997-07-01 00:00:00'::timestamp(0) without time zone) AND (l_shipdate < '1997-10-01 00:00:00'::timestamp without time zone)), (LLVM Optimized)"}]}]}, {"Node Type": "Index Scan", "Parent Relationship": "Outer", "Scan Direction": "Forward", "Index Name": "supplier_pkey", "Relation Name": "supplier", "Alias": "supplier", "Startup Cost": 10000000000.0, "Total Cost": 1000000533454.38, "Plan Rows": 100000, "Plan Width": 75}, {"Node Type": "Sort", "Parent Relationship": "Inner", "Startup Cost": 1000231550764.82, "Total Cost": 1000231550913.27, "Plan Rows": 59380, "Plan Width": 16, "Sort Key": ["revenue0.supplier_no"], "Plans": [{"Node Type": "Subquery Scan", "Parent Relationship": "Outer", "Alias": "revenue0", "Startup Cost": 1000231544720.62, "Total Cost": 1000231546056.67, "Plan Rows": 59380, "Plan Width": 16, "Plans": [{"Node Type": "Aggregate", "Strategy": "Hashed", "Parent Relationship": "Subquery", "Startup Cost": 1000231544720.62, "Total Cost": 1000231545462.87, "Plan Rows": 59380, "Plan Width": 24, "Group By Key": ["public.lineitem.l_suppkey"], "Filter": "(sum((public.lineitem.l_extendedprice * (1::double precision - public.lineitem.l_discount))) = $0), (LLVM Optimized)", "Plans": [{"Node Type": "Seq Scan", "Parent Relationship": "Outer", "Relation Name": "lineitem", "Alias": "lineitem", "Startup Cost": 10000000025.02, "Total Cost": 1000231505049.5, "Plan Rows": 2266921, "Plan Width": 24, "Filter": "((l_shipdate >= '1997-07-01 00:00:00'::timestamp(0) without time zone) AND (l_shipdate < '1997-10-01 00:00:00'::timestamp without time zone)), (LLVM Optimized)"}]}]}]}]}, "Unique SQL Id": 3712096918, "Planner Runtime": 0}, "explain_analyze_plan": null}, "(1, '76')": {"explain_plan": {"Plan": {"Node Type": "Merge Join", "Join Type": "Inner", "Startup Cost": 4699821.58, "Total Cost": 4706296.82, "Plan Rows": 59380, "Plan Width": 83, "Inner Unique": true, "Merge Cond": "(supplier.s_suppkey = revenue0.supplier_no)", "Plans": [{"Node Type": "Aggregate", "Strategy": "Plain", "Parent Relationship": "exec_init_plan", "Subplan Name": "InitPlan 1 (returns $0)", "Startup Cost": 2339055.76, "Total Cost": 2339055.77, "Plan Rows": 1, "Plan Width": 16, "Plans": [{"Node Type": "Aggregate", "Strategy": "Hashed", "Parent Relationship": "Outer", "Startup Cost": 2337719.71, "Total Cost": 2338313.51, "Plan Rows": 59380, "Plan Width": 24, "Group By Key": ["public.lineitem.l_suppkey"], "Plans": [{"Node Type": "Seq Scan", "Parent Relationship": "Outer", "Relation Name": "lineitem", "Alias": "lineitem", "Startup Cost": 25.33, "Total Cost": 2315050.5, "Plan Rows": 2266921, "Plan Width": 24, "Filter": "((l_shipdate >= '1997-07-01 00:00:00'::timestamp(0) without time zone) AND (l_shipdate < '1997-10-01 00:00:00'::timestamp without time zone)), (LLVM Optimized)"}]}]}, {"Node Type": "Index Scan", "Parent Relationship": "Outer", "Scan Direction": "Forward", "Index Name": "supplier_pkey", "Relation Name": "supplier", "Alias": "supplier", "Startup Cost": 0.0, "Total Cost": 5334.54, "Plan Rows": 100000, "Plan Width": 75}, {"Node Type": "Sort", "Parent Relationship": "Inner", "Startup Cost": 2360765.81, "Total Cost": 2360914.26, "Plan Rows": 59380, "Plan Width": 16, "Sort Key": ["revenue0.supplier_no"], "Plans": [{"Node Type": "Subquery Scan", "Parent Relationship": "Outer", "Alias": "revenue0", "Startup Cost": 2354721.61, "Total Cost": 2356057.66, "Plan Rows": 59380, "Plan Width": 16, "Plans": [{"Node Type": "Aggregate", "Strategy": "Hashed", "Parent Relationship": "Subquery", "Startup Cost": 2354721.61, "Total Cost": 2355463.86, "Plan Rows": 59380, "Plan Width": 24, "Group By Key": ["public.lineitem.l_suppkey"], "Filter": "(sum((public.lineitem.l_extendedprice * (1::double precision - public.lineitem.l_discount))) = $0), (LLVM Optimized)", "Plans": [{"Node Type": "Seq Scan", "Parent Relationship": "Outer", "Relation Name": "lineitem", "Alias": "lineitem", "Startup Cost": 25.33, "Total Cost": 2315050.5, "Plan Rows": 2266921, "Plan Width": 24, "Filter": "((l_shipdate >= '1997-07-01 00:00:00'::timestamp(0) without time zone) AND (l_shipdate < '1997-10-01 00:00:00'::timestamp without time zone)), (LLVM Optimized)"}]}]}]}]}, "Unique SQL Id": 3712096918, "Planner Runtime": 0}, "explain_analyze_plan": null}, "(1, '77')": {"explain_plan": {"Plan": {"Node Type": "Merge Join", "Join Type": "Inner", "Startup Cost": 10341221.9, "Total Cost": 10347697.14, "Plan Rows": 59380, "Plan Width": 83, "Inner Unique": true, "Merge Cond": "(supplier.s_suppkey = revenue0.supplier_no)", "Plans": [{"Node Type": "Aggregate", "Strategy": "Plain", "Parent Relationship": "exec_init_plan", "Subplan Name": "InitPlan 1 (returns $0)", "Startup Cost": 5159755.92, "Total Cost": 5159755.93, "Plan Rows": 1, "Plan Width": 16, "Plans": [{"Node Type": "Aggregate", "Strategy": "Hashed", "Parent Relationship": "Outer", "Startup Cost": 5158419.87, "Total Cost": 5159013.67, "Plan Rows": 59380, "Plan Width": 24, "Group By Key": ["public.lineitem.l_suppkey"], "Plans": [{"Node Type": "Index Scan", "Parent Relationship": "Outer", "Scan Direction": "Forward", "Index Name": "idx_lineitem_shipdate", "Relation Name": "lineitem", "Alias": "lineitem", "Startup Cost": 0.0, "Total Cost": 5135750.66, "Plan Rows": 2266921, "Plan Width": 24, "Index Cond": "((l_shipdate >= '1997-07-01 00:00:00'::timestamp(0) without time zone) AND (l_shipdate < '1997-10-01 00:00:00'::timestamp without time zone)), (LLVM Optimized)"}]}]}, {"Node Type": "Index Scan", "Parent Relationship": "Outer", "Scan Direction": "Forward", "Index Name": "supplier_pkey", "Relation Name": "supplier", "Alias": "supplier", "Startup Cost": 0.0, "Total Cost": 5334.54, "Plan Rows": 100000, "Plan Width": 75}, {"Node Type": "Sort", "Parent Relationship": "Inner", "Startup Cost": 5181465.97, "Total Cost": 5181614.42, "Plan Rows": 59380, "Plan Width": 16, "Sort Key": ["revenue0.supplier_no"], "Plans": [{"Node Type": "Subquery Scan", "Parent Relationship": "Outer", "Alias": "revenue0", "Startup Cost": 5175421.77, "Total Cost": 5176757.82, "Plan Rows": 59380, "Plan Width": 16, "Plans": [{"Node Type": "Aggregate", "Strategy": "Hashed", "Parent Relationship": "Subquery", "Startup Cost": 5175421.77, "Total Cost": 5176164.02, "Plan Rows": 59380, "Plan Width": 24, "Group By Key": ["public.lineitem.l_suppkey"], "Filter": "(sum((public.lineitem.l_extendedprice * (1::double precision - public.lineitem.l_discount))) = $0), (LLVM Optimized)", "Plans": [{"Node Type": "Index Scan", "Parent Relationship": "Outer", "Scan Direction": "Forward", "Index Name": "idx_lineitem_shipdate", "Relation Name": "lineitem", "Alias": "lineitem", "Startup Cost": 0.0, "Total Cost": 5135750.66, "Plan Rows": 2266921, "Plan Width": 24, "Index Cond": "((l_shipdate >= '1997-07-01 00:00:00'::timestamp(0) without time zone) AND (l_shipdate < '1997-10-01 00:00:00'::timestamp without time zone)), (LLVM Optimized)"}]}]}]}]}, "Unique SQL Id": 3712096918, "Planner Runtime": 0}, "explain_analyze_plan": {"Plan": {"Node Type": "Merge Join", "Join Type": "Inner", "Startup Cost": 10341221.9, "Total Cost": 10347697.14, "Plan Rows": 59380, "Plan Width": 83, "Actual Startup Time": 14684.402, "Actual Total Time": 14684.412, "Actual Rows": 1, "Actual Loops": 1, "Inner Unique": true, "Merge Cond": "(supplier.s_suppkey = revenue0.supplier_no)", "Plans": [{"Node Type": "Aggregate", "Strategy": "Plain", "Parent Relationship": "exec_init_plan", "Subplan Name": "InitPlan 1 (returns $0)", "Startup Cost": 5159755.92, "Total Cost": 5159755.93, "Plan Rows": 1, "Plan Width": 16, "Actual Startup Time": 6680.146, "Actual Total Time": 6680.147, "Actual Rows": 1, "Actual Loops": 1, "Plans": [{"Node Type": "Aggregate", "Strategy": "Hashed", "Parent Relationship": "Outer", "Startup Cost": 5158419.87, "Total Cost": 5159013.67, "Plan Rows": 59380, "Plan Width": 24, "Actual Startup Time": 6635.199, "Actual Total Time": 6665.066, "Actual Rows": 100000, "Actual Loops": 1, "Group By Key": ["public.lineitem.l_suppkey"], "Plans": [{"Node Type": "Index Scan", "Parent Relationship": "Outer", "Scan Direction": "Forward", "Index Name": "idx_lineitem_shipdate", "Relation Name": "lineitem", "Alias": "lineitem", "Startup Cost": 0.0, "Total Cost": 5135750.66, "Plan Rows": 2266921, "Plan Width": 24, "Actual Startup Time": 0.056, "Actual Total Time": 4877.828, "Actual Rows": 2293944, "Actual Loops": 1, "Index Cond": "((l_shipdate >= '1997-07-01 00:00:00'::timestamp(0) without time zone) AND (l_shipdate < '1997-10-01 00:00:00'::timestamp without time zone)), (LLVM Optimized, Jit Execute)", "Rows Removed by Index Recheck": 0}]}]}, {"Node Type": "Index Scan", "Parent Relationship": "Outer", "Scan Direction": "Forward", "Index Name": "supplier_pkey", "Relation Name": "supplier", "Alias": "supplier", "Startup Cost": 0.0, "Total Cost": 5334.54, "Plan Rows": 100000, "Plan Width": 75, "Actual Startup Time": 0.047, "Actual Total Time": 19.2, "Actual Rows": 35977, "Actual Loops": 1}, {"Node Type": "Sort", "Parent Relationship": "Inner", "Startup Cost": 5181465.97, "Total Cost": 5181614.42, "Plan Rows": 59380, "Plan Width": 16, "Actual Startup Time": 14660.259, "Actual Total Time": 14660.259, "Actual Rows": 1, "Actual Loops": 1, "Sort Key": ["revenue0.supplier_no"], "Sort Method": "quicksort", "Sort Space Used": 25, "Sort Space Type": "Memory", "Plans": [{"Node Type": "Subquery Scan", "Parent Relationship": "Outer", "Alias": "revenue0", "Startup Cost": 5175421.77, "Total Cost": 5176757.82, "Plan Rows": 59380, "Plan Width": 16, "Actual Startup Time": 14641.397, "Actual Total Time": 14660.029, "Actual Rows": 1, "Actual Loops": 1, "Plans": [{"Node Type": "Aggregate", "Strategy": "Hashed", "Parent Relationship": "Subquery", "Startup Cost": 5175421.77, "Total Cost": 5176164.02, "Plan Rows": 59380, "Plan Width": 24, "Actual Startup Time": 14641.396, "Actual Total Time": 14660.025, "Actual Rows": 1, "Actual Loops": 1, "Group By Key": ["public.lineitem.l_suppkey"], "Filter": "(sum((public.lineitem.l_extendedprice * (1::double precision - public.lineitem.l_discount))) = $0), (LLVM Optimized, Jit Execute)", "Rows Removed by Filter": 99999, "Plans": [{"Node Type": "Index Scan", "Parent Relationship": "Outer", "Scan Direction": "Forward", "Index Name": "idx_lineitem_shipdate", "Relation Name": "lineitem", "Alias": "lineitem", "Startup Cost": 0.0, "Total Cost": 5135750.66, "Plan Rows": 2266921, "Plan Width": 24, "Actual Startup Time": 0.05, "Actual Total Time": 5838.306, "Actual Rows": 2293944, "Actual Loops": 1, "Index Cond": "((l_shipdate >= '1997-07-01 00:00:00'::timestamp(0) without time zone) AND (l_shipdate < '1997-10-01 00:00:00'::timestamp without time zone)), (LLVM Optimized, Jit Execute)", "Rows Removed by Index Recheck": 0}]}]}]}]}, "Triggers": [], "Planner Runtime": 0.683, "Total Runtime": 14695.703, "Unique SQL Id": 3712096918}}, "(1, '78')": {"explain_plan": {"Plan": {"Node Type": "Merge Join", "Join Type": "Inner", "Startup Cost": 4711409.4, "Total Cost": 4712800.1, "Plan Rows": 59380, "Plan Width": 83, "Inner Unique": true, "Merge Cond": "(supplier.s_suppkey = revenue0.supplier_no)", "Plans": [{"Node Type": "Aggregate", "Strategy": "Plain", "Parent Relationship": "exec_init_plan", "Subplan Name": "InitPlan 1 (returns $0)", "Startup Cost": 2339055.76, "Total Cost": 2339055.77, "Plan Rows": 1, "Plan Width": 16, "Plans": [{"Node Type": "Aggregate", "Strategy": "Hashed", "Parent Relationship": "Outer", "Startup Cost": 2337719.71, "Total Cost": 2338313.51, "Plan Rows": 59380, "Plan Width": 24, "Group By Key": ["public.lineitem.l_suppkey"], "Plans": [{"Node Type": "Seq Scan", "Parent Relationship": "Outer", "Relation Name": "lineitem", "Alias": "lineitem", "Startup Cost": 25.33, "Total Cost": 2315050.5, "Plan Rows": 2266921, "Plan Width": 24, "Filter": "((l_shipdate >= '1997-07-01 00:00:00'::timestamp(0) without time zone) AND (l_shipdate < '1997-10-01 00:00:00'::timestamp without time zone)), (LLVM Optimized)"}]}]}, {"Node Type": "Sort", "Parent Relationship": "Outer", "Startup Cost": 11587.82, "Total Cost": 11837.82, "Plan Rows": 100000, "Plan Width": 75, "Sort Key": ["supplier.s_suppkey"], "Plans": [{"Node Type": "Seq Scan", "Parent Relationship": "Outer", "Relation Name": "supplier", "Alias": "supplier", "Startup Cost": 0.0, "Total Cost": 3283.0, "Plan Rows": 100000, "Plan Width": 75}]}, {"Node Type": "Sort", "Parent Relationship": "Inner", "Startup Cost": 2360765.81, "Total Cost": 2360914.26, "Plan Rows": 59380, "Plan Width": 16, "Sort Key": ["revenue0.supplier_no"], "Plans": [{"Node Type": "Subquery Scan", "Parent Relationship": "Outer", "Alias": "revenue0", "Startup Cost": 2354721.61, "Total Cost": 2356057.66, "Plan Rows": 59380, "Plan Width": 16, "Plans": [{"Node Type": "Aggregate", "Strategy": "Hashed", "Parent Relationship": "Subquery", "Startup Cost": 2354721.61, "Total Cost": 2355463.86, "Plan Rows": 59380, "Plan Width": 24, "Group By Key": ["public.lineitem.l_suppkey"], "Filter": "(sum((public.lineitem.l_extendedprice * (1::double precision - public.lineitem.l_discount))) = $0), (LLVM Optimized)", "Plans": [{"Node Type": "Seq Scan", "Parent Relationship": "Outer", "Relation Name": "lineitem", "Alias": "lineitem", "Startup Cost": 25.33, "Total Cost": 2315050.5, "Plan Rows": 2266921, "Plan Width": 24, "Filter": "((l_shipdate >= '1997-07-01 00:00:00'::timestamp(0) without time zone) AND (l_shipdate < '1997-10-01 00:00:00'::timestamp without time zone)), (LLVM Optimized)"}]}]}]}]}, "Unique SQL Id": 3712096918, "Planner Runtime": 0}, "explain_analyze_plan": null}, "(1, '79')": {"explain_plan": {"Plan": {"Node Type": "Merge Join", "Join Type": "Inner", "Startup Cost": 2010463079819.59, "Total Cost": 3000463614414.67, "Plan Rows": 59380, "Plan Width": 83, "Inner Unique": true, "Merge Cond": "(supplier.s_suppkey = revenue0.supplier_no)", "Plans": [{"Node Type": "Aggregate", "Strategy": "Plain", "Parent Relationship": "exec_init_plan", "Subplan Name": "InitPlan 1 (returns $0)", "Startup Cost": 1000231529054.76, "Total Cost": 1000231529054.77, "Plan Rows": 1, "Plan Width": 16, "Plans": [{"Node Type": "Aggregate", "Strategy": "Hashed", "Parent Relationship": "Outer", "Startup Cost": 1000231527718.71, "Total Cost": 1000231528312.51, "Plan Rows": 59380, "Plan Width": 24, "Group By Key": ["public.lineitem.l_suppkey"], "Plans": [{"Node Type": "Seq Scan", "Parent Relationship": "Outer", "Relation Name": "lineitem", "Alias": "lineitem", "Startup Cost": 10000000025.02, "Total Cost": 1000231505049.5, "Plan Rows": 2266921, "Plan Width": 24, "Filter": "((l_shipdate >= '1997-07-01 00:00:00'::timestamp(0) without time zone) AND (l_shipdate < '1997-10-01 00:00:00'::timestamp without time zone)), (LLVM Optimized)"}]}]}, {"Node Type": "Index Scan", "Parent Relationship": "Outer", "Scan Direction": "Forward", "Index Name": "supplier_pkey", "Relation Name": "supplier", "Alias": "supplier", "Startup Cost": 10000000000.0, "Total Cost": 1000000533454.38, "Plan Rows": 100000, "Plan Width": 75}, {"Node Type": "Sort", "Parent Relationship": "Inner", "Startup Cost": 1000231550764.82, "Total Cost": 1000231550913.27, "Plan Rows": 59380, "Plan Width": 16, "Sort Key": ["revenue0.supplier_no"], "Plans": [{"Node Type": "Subquery Scan", "Parent Relationship": "Outer", "Alias": "revenue0", "Startup Cost": 1000231544720.62, "Total Cost": 1000231546056.67, "Plan Rows": 59380, "Plan Width": 16, "Plans": [{"Node Type": "Aggregate", "Strategy": "Hashed", "Parent Relationship": "Subquery", "Startup Cost": 1000231544720.62, "Total Cost": 1000231545462.87, "Plan Rows": 59380, "Plan Width": 24, "Group By Key": ["public.lineitem.l_suppkey"], "Filter": "(sum((public.lineitem.l_extendedprice * (1::double precision - public.lineitem.l_discount))) = $0), (LLVM Optimized)", "Plans": [{"Node Type": "Seq Scan", "Parent Relationship": "Outer", "Relation Name": "lineitem", "Alias": "lineitem", "Startup Cost": 10000000025.02, "Total Cost": 1000231505049.5, "Plan Rows": 2266921, "Plan Width": 24, "Filter": "((l_shipdate >= '1997-07-01 00:00:00'::timestamp(0) without time zone) AND (l_shipdate < '1997-10-01 00:00:00'::timestamp without time zone)), (LLVM Optimized)"}]}]}]}]}, "Unique SQL Id": 3712096918, "Planner Runtime": 0}, "explain_analyze_plan": null}, "(1, '80')": {"explain_plan": {"Plan": {"Node Type": "Merge Join", "Join Type": "Inner", "Startup Cost": 3242103.77, "Total Cost": 3248579.02, "Plan Rows": 59380, "Plan Width": 83, "Inner Unique": true, "Merge Cond": "(supplier.s_suppkey = revenue0.supplier_no)", "Plans": [{"Node Type": "Aggregate", "Strategy": "Plain", "Parent Relationship": "exec_init_plan", "Subplan Name": "InitPlan 1 (returns $0)", "Startup Cost": 1610196.85, "Total Cost": 1610196.86, "Plan Rows": 1, "Plan Width": 16, "Plans": [{"Node Type": "Aggregate", "Strategy": "Hashed", "Parent Relationship": "Outer", "Startup Cost": 1608860.8, "Total Cost": 1609454.6, "Plan Rows": 59380, "Plan Width": 24, "Group By Key": ["public.lineitem.l_suppkey"], "Plans": [{"Node Type": "Bitmap Heap Scan", "Parent Relationship": "Outer", "Relation Name": "lineitem", "Alias": "lineitem", "Startup Cost": 78544.19, "Total Cost": 1586191.59, "Plan Rows": 2266921, "Plan Width": 24, "Recheck Cond": "((l_shipdate >= '1997-07-01 00:00:00'::timestamp(0) without time zone) AND (l_shipdate < '1997-10-01 00:00:00'::timestamp without time zone)), (LLVM Optimized)", "Plans": [{"Node Type": "Bitmap Index Scan", "Parent Relationship": "Outer", "Index Name": "idx_lineitem_shipdate", "Startup Cost": 0.0, "Total Cost": 77977.46, "Plan Rows": 2266921, "Plan Width": 0, "Index Cond": "((l_shipdate >= '1997-07-01 00:00:00'::timestamp(0) without time zone) AND (l_shipdate < '1997-10-01 00:00:00'::timestamp without time zone))"}]}]}]}, {"Node Type": "Index Scan", "Parent Relationship": "Outer", "Scan Direction": "Forward", "Index Name": "supplier_pkey", "Relation Name": "supplier", "Alias": "supplier", "Startup Cost": 0.0, "Total Cost": 5334.54, "Plan Rows": 100000, "Plan Width": 75}, {"Node Type": "Sort", "Parent Relationship": "Inner", "Startup Cost": 1631906.91, "Total Cost": 1632055.36, "Plan Rows": 59380, "Plan Width": 16, "Sort Key": ["revenue0.supplier_no"], "Plans": [{"Node Type": "Subquery Scan", "Parent Relationship": "Outer", "Alias": "revenue0", "Startup Cost": 1625862.71, "Total Cost": 1627198.76, "Plan Rows": 59380, "Plan Width": 16, "Plans": [{"Node Type": "Aggregate", "Strategy": "Hashed", "Parent Relationship": "Subquery", "Startup Cost": 1625862.71, "Total Cost": 1626604.96, "Plan Rows": 59380, "Plan Width": 24, "Group By Key": ["public.lineitem.l_suppkey"], "Filter": "(sum((public.lineitem.l_extendedprice * (1::double precision - public.lineitem.l_discount))) = $0), (LLVM Optimized)", "Plans": [{"Node Type": "Bitmap Heap Scan", "Parent Relationship": "Outer", "Relation Name": "lineitem", "Alias": "lineitem", "Startup Cost": 78544.19, "Total Cost": 1586191.59, "Plan Rows": 2266921, "Plan Width": 24, "Recheck Cond": "((l_shipdate >= '1997-07-01 00:00:00'::timestamp(0) without time zone) AND (l_shipdate < '1997-10-01 00:00:00'::timestamp without time zone)), (LLVM Optimized)", "Plans": [{"Node Type": "Bitmap Index Scan", "Parent Relationship": "Outer", "Index Name": "idx_lineitem_shipdate", "Startup Cost": 0.0, "Total Cost": 77977.46, "Plan Rows": 2266921, "Plan Width": 0, "Index Cond": "((l_shipdate >= '1997-07-01 00:00:00'::timestamp(0) without time zone) AND (l_shipdate < '1997-10-01 00:00:00'::timestamp without time zone))"}]}]}]}]}]}, "Unique SQL Id": 3712096918, "Planner Runtime": 0}, "explain_analyze_plan": {"Plan": {"Node Type": "Merge Join", "Join Type": "Inner", "Startup Cost": 3242103.77, "Total Cost": 3248579.02, "Plan Rows": 59380, "Plan Width": 83, "Actual Startup Time": 11651.8, "Actual Total Time": 11651.805, "Actual Rows": 1, "Actual Loops": 1, "Inner Unique": true, "Merge Cond": "(supplier.s_suppkey = revenue0.supplier_no)", "Plans": [{"Node Type": "Aggregate", "Strategy": "Plain", "Parent Relationship": "exec_init_plan", "Subplan Name": "InitPlan 1 (returns $0)", "Startup Cost": 1610196.85, "Total Cost": 1610196.86, "Plan Rows": 1, "Plan Width": 16, "Actual Startup Time": 6150.177, "Actual Total Time": 6150.177, "Actual Rows": 1, "Actual Loops": 1, "Plans": [{"Node Type": "Aggregate", "Strategy": "Hashed", "Parent Relationship": "Outer", "Startup Cost": 1608860.8, "Total Cost": 1609454.6, "Plan Rows": 59380, "Plan Width": 24, "Actual Startup Time": 6103.597, "Actual Total Time": 6135.186, "Actual Rows": 100000, "Actual Loops": 1, "Group By Key": ["public.lineitem.l_suppkey"], "Plans": [{"Node Type": "Bitmap Heap Scan", "Parent Relationship": "Outer", "Relation Name": "lineitem", "Alias": "lineitem", "Startup Cost": 78544.19, "Total Cost": 1586191.59, "Plan Rows": 2266921, "Plan Width": 24, "Actual Startup Time": 1421.45, "Actual Total Time": 4328.688, "Actual Rows": 2293944, "Actual Loops": 1, "Recheck Cond": "((l_shipdate >= '1997-07-01 00:00:00'::timestamp(0) without time zone) AND (l_shipdate < '1997-10-01 00:00:00'::timestamp without time zone)), (LLVM Optimized, Jit Execute)", "Rows Removed by Index Recheck": 0, "Exact Heap Blocks": 732487, "Lossy Heap Blocks": 732487, "Plans": [{"Node Type": "Bitmap Index Scan", "Parent Relationship": "Outer", "Index Name": "idx_lineitem_shipdate", "Startup Cost": 0.0, "Total Cost": 77977.46, "Plan Rows": 2266921, "Plan Width": 0, "Actual Startup Time": 1058.066, "Actual Total Time": 1058.066, "Actual Rows": 2293944, "Actual Loops": 1, "Index Cond": "((l_shipdate >= '1997-07-01 00:00:00'::timestamp(0) without time zone) AND (l_shipdate < '1997-10-01 00:00:00'::timestamp without time zone))"}]}]}]}, {"Node Type": "Index Scan", "Parent Relationship": "Outer", "Scan Direction": "Forward", "Index Name": "supplier_pkey", "Relation Name": "supplier", "Alias": "supplier", "Startup Cost": 0.0, "Total Cost": 5334.54, "Plan Rows": 100000, "Plan Width": 75, "Actual Startup Time": 0.04, "Actual Total Time": 25.601, "Actual Rows": 35977, "Actual Loops": 1}, {"Node Type": "Sort", "Parent Relationship": "Inner", "Startup Cost": 1631906.91, "Total Cost": 1632055.36, "Plan Rows": 59380, "Plan Width": 16, "Actual Startup Time": 11621.178, "Actual Total Time": 11621.178, "Actual Rows": 1, "Actual Loops": 1, "Sort Key": ["revenue0.supplier_no"], "Sort Method": "quicksort", "Sort Space Used": 25, "Sort Space Type": "Memory", "Plans": [{"Node Type": "Subquery Scan", "Parent Relationship": "Outer", "Alias": "revenue0", "Startup Cost": 1625862.71, "Total Cost": 1627198.76, "Plan Rows": 59380, "Plan Width": 16, "Actual Startup Time": 11595.263, "Actual Total Time": 11620.908, "Actual Rows": 1, "Actual Loops": 1, "Plans": [{"Node Type": "Aggregate", "Strategy": "Hashed", "Parent Relationship": "Subquery", "Startup Cost": 1625862.71, "Total Cost": 1626604.96, "Plan Rows": 59380, "Plan Width": 24, "Actual Startup Time": 11595.26, "Actual Total Time": 11620.903, "Actual Rows": 1, "Actual Loops": 1, "Group By Key": ["public.lineitem.l_suppkey"], "Filter": "(sum((public.lineitem.l_extendedprice * (1::double precision - public.lineitem.l_discount))) = $0), (LLVM Optimized, Jit Execute)", "Rows Removed by Filter": 99999, "Plans": [{"Node Type": "Bitmap Heap Scan", "Parent Relationship": "Outer", "Relation Name": "lineitem", "Alias": "lineitem", "Startup Cost": 78544.19, "Total Cost": 1586191.59, "Plan Rows": 2266921, "Plan Width": 24, "Actual Startup Time": 991.154, "Actual Total Time": 3631.209, "Actual Rows": 2293944, "Actual Loops": 1, "Recheck Cond": "((l_shipdate >= '1997-07-01 00:00:00'::timestamp(0) without time zone) AND (l_shipdate < '1997-10-01 00:00:00'::timestamp without time zone)), (LLVM Optimized, Jit Execute)", "Rows Removed by Index Recheck": 0, "Exact Heap Blocks": 732487, "Lossy Heap Blocks": 732487, "Plans": [{"Node Type": "Bitmap Index Scan", "Parent Relationship": "Outer", "Index Name": "idx_lineitem_shipdate", "Startup Cost": 0.0, "Total Cost": 77977.46, "Plan Rows": 2266921, "Plan Width": 0, "Actual Startup Time": 703.296, "Actual Total Time": 703.296, "Actual Rows": 2293944, "Actual Loops": 1, "Index Cond": "((l_shipdate >= '1997-07-01 00:00:00'::timestamp(0) without time zone) AND (l_shipdate < '1997-10-01 00:00:00'::timestamp without time zone))"}]}]}]}]}]}, "Triggers": [], "Planner Runtime": 0.687, "Total Runtime": 11665.077, "Unique SQL Id": 3712096918}}, "(1, '81')": {"explain_plan": {"Plan": {"Node Type": "Merge Join", "Join Type": "Inner", "Startup Cost": 3242103.77, "Total Cost": 3248579.02, "Plan Rows": 59380, "Plan Width": 83, "Inner Unique": true, "Merge Cond": "(supplier.s_suppkey = revenue0.supplier_no)", "Plans": [{"Node Type": "Aggregate", "Strategy": "Plain", "Parent Relationship": "exec_init_plan", "Subplan Name": "InitPlan 1 (returns $0)", "Startup Cost": 1610196.85, "Total Cost": 1610196.86, "Plan Rows": 1, "Plan Width": 16, "Plans": [{"Node Type": "Aggregate", "Strategy": "Hashed", "Parent Relationship": "Outer", "Startup Cost": 1608860.8, "Total Cost": 1609454.6, "Plan Rows": 59380, "Plan Width": 24, "Group By Key": ["public.lineitem.l_suppkey"], "Plans": [{"Node Type": "Bitmap Heap Scan", "Parent Relationship": "Outer", "Relation Name": "lineitem", "Alias": "lineitem", "Startup Cost": 78544.19, "Total Cost": 1586191.59, "Plan Rows": 2266921, "Plan Width": 24, "Recheck Cond": "((l_shipdate >= '1997-07-01 00:00:00'::timestamp(0) without time zone) AND (l_shipdate < '1997-10-01 00:00:00'::timestamp without time zone)), (LLVM Optimized)", "Plans": [{"Node Type": "Bitmap Index Scan", "Parent Relationship": "Outer", "Index Name": "idx_lineitem_shipdate", "Startup Cost": 0.0, "Total Cost": 77977.46, "Plan Rows": 2266921, "Plan Width": 0, "Index Cond": "((l_shipdate >= '1997-07-01 00:00:00'::timestamp(0) without time zone) AND (l_shipdate < '1997-10-01 00:00:00'::timestamp without time zone))"}]}]}]}, {"Node Type": "Index Scan", "Parent Relationship": "Outer", "Scan Direction": "Forward", "Index Name": "supplier_pkey", "Relation Name": "supplier", "Alias": "supplier", "Startup Cost": 0.0, "Total Cost": 5334.54, "Plan Rows": 100000, "Plan Width": 75}, {"Node Type": "Sort", "Parent Relationship": "Inner", "Startup Cost": 1631906.91, "Total Cost": 1632055.36, "Plan Rows": 59380, "Plan Width": 16, "Sort Key": ["revenue0.supplier_no"], "Plans": [{"Node Type": "Subquery Scan", "Parent Relationship": "Outer", "Alias": "revenue0", "Startup Cost": 1625862.71, "Total Cost": 1627198.76, "Plan Rows": 59380, "Plan Width": 16, "Plans": [{"Node Type": "Aggregate", "Strategy": "Hashed", "Parent Relationship": "Subquery", "Startup Cost": 1625862.71, "Total Cost": 1626604.96, "Plan Rows": 59380, "Plan Width": 24, "Group By Key": ["public.lineitem.l_suppkey"], "Filter": "(sum((public.lineitem.l_extendedprice * (1::double precision - public.lineitem.l_discount))) = $0), (LLVM Optimized)", "Plans": [{"Node Type": "Bitmap Heap Scan", "Parent Relationship": "Outer", "Relation Name": "lineitem", "Alias": "lineitem", "Startup Cost": 78544.19, "Total Cost": 1586191.59, "Plan Rows": 2266921, "Plan Width": 24, "Recheck Cond": "((l_shipdate >= '1997-07-01 00:00:00'::timestamp(0) without time zone) AND (l_shipdate < '1997-10-01 00:00:00'::timestamp without time zone)), (LLVM Optimized)", "Plans": [{"Node Type": "Bitmap Index Scan", "Parent Relationship": "Outer", "Index Name": "idx_lineitem_shipdate", "Startup Cost": 0.0, "Total Cost": 77977.46, "Plan Rows": 2266921, "Plan Width": 0, "Index Cond": "((l_shipdate >= '1997-07-01 00:00:00'::timestamp(0) without time zone) AND (l_shipdate < '1997-10-01 00:00:00'::timestamp without time zone))"}]}]}]}]}]}, "Unique SQL Id": 3712096918, "Planner Runtime": 0}, "explain_analyze_plan": {"Plan": {"Node Type": "Merge Join", "Join Type": "Inner", "Startup Cost": 3242103.77, "Total Cost": 3248579.02, "Plan Rows": 59380, "Plan Width": 83, "Actual Startup Time": 11651.8, "Actual Total Time": 11651.805, "Actual Rows": 1, "Actual Loops": 1, "Inner Unique": true, "Merge Cond": "(supplier.s_suppkey = revenue0.supplier_no)", "Plans": [{"Node Type": "Aggregate", "Strategy": "Plain", "Parent Relationship": "exec_init_plan", "Subplan Name": "InitPlan 1 (returns $0)", "Startup Cost": 1610196.85, "Total Cost": 1610196.86, "Plan Rows": 1, "Plan Width": 16, "Actual Startup Time": 6150.177, "Actual Total Time": 6150.177, "Actual Rows": 1, "Actual Loops": 1, "Plans": [{"Node Type": "Aggregate", "Strategy": "Hashed", "Parent Relationship": "Outer", "Startup Cost": 1608860.8, "Total Cost": 1609454.6, "Plan Rows": 59380, "Plan Width": 24, "Actual Startup Time": 6103.597, "Actual Total Time": 6135.186, "Actual Rows": 100000, "Actual Loops": 1, "Group By Key": ["public.lineitem.l_suppkey"], "Plans": [{"Node Type": "Bitmap Heap Scan", "Parent Relationship": "Outer", "Relation Name": "lineitem", "Alias": "lineitem", "Startup Cost": 78544.19, "Total Cost": 1586191.59, "Plan Rows": 2266921, "Plan Width": 24, "Actual Startup Time": 1421.45, "Actual Total Time": 4328.688, "Actual Rows": 2293944, "Actual Loops": 1, "Recheck Cond": "((l_shipdate >= '1997-07-01 00:00:00'::timestamp(0) without time zone) AND (l_shipdate < '1997-10-01 00:00:00'::timestamp without time zone)), (LLVM Optimized, Jit Execute)", "Rows Removed by Index Recheck": 0, "Exact Heap Blocks": 732487, "Lossy Heap Blocks": 732487, "Plans": [{"Node Type": "Bitmap Index Scan", "Parent Relationship": "Outer", "Index Name": "idx_lineitem_shipdate", "Startup Cost": 0.0, "Total Cost": 77977.46, "Plan Rows": 2266921, "Plan Width": 0, "Actual Startup Time": 1058.066, "Actual Total Time": 1058.066, "Actual Rows": 2293944, "Actual Loops": 1, "Index Cond": "((l_shipdate >= '1997-07-01 00:00:00'::timestamp(0) without time zone) AND (l_shipdate < '1997-10-01 00:00:00'::timestamp without time zone))"}]}]}]}, {"Node Type": "Index Scan", "Parent Relationship": "Outer", "Scan Direction": "Forward", "Index Name": "supplier_pkey", "Relation Name": "supplier", "Alias": "supplier", "Startup Cost": 0.0, "Total Cost": 5334.54, "Plan Rows": 100000, "Plan Width": 75, "Actual Startup Time": 0.04, "Actual Total Time": 25.601, "Actual Rows": 35977, "Actual Loops": 1}, {"Node Type": "Sort", "Parent Relationship": "Inner", "Startup Cost": 1631906.91, "Total Cost": 1632055.36, "Plan Rows": 59380, "Plan Width": 16, "Actual Startup Time": 11621.178, "Actual Total Time": 11621.178, "Actual Rows": 1, "Actual Loops": 1, "Sort Key": ["revenue0.supplier_no"], "Sort Method": "quicksort", "Sort Space Used": 25, "Sort Space Type": "Memory", "Plans": [{"Node Type": "Subquery Scan", "Parent Relationship": "Outer", "Alias": "revenue0", "Startup Cost": 1625862.71, "Total Cost": 1627198.76, "Plan Rows": 59380, "Plan Width": 16, "Actual Startup Time": 11595.263, "Actual Total Time": 11620.908, "Actual Rows": 1, "Actual Loops": 1, "Plans": [{"Node Type": "Aggregate", "Strategy": "Hashed", "Parent Relationship": "Subquery", "Startup Cost": 1625862.71, "Total Cost": 1626604.96, "Plan Rows": 59380, "Plan Width": 24, "Actual Startup Time": 11595.26, "Actual Total Time": 11620.903, "Actual Rows": 1, "Actual Loops": 1, "Group By Key": ["public.lineitem.l_suppkey"], "Filter": "(sum((public.lineitem.l_extendedprice * (1::double precision - public.lineitem.l_discount))) = $0), (LLVM Optimized, Jit Execute)", "Rows Removed by Filter": 99999, "Plans": [{"Node Type": "Bitmap Heap Scan", "Parent Relationship": "Outer", "Relation Name": "lineitem", "Alias": "lineitem", "Startup Cost": 78544.19, "Total Cost": 1586191.59, "Plan Rows": 2266921, "Plan Width": 24, "Actual Startup Time": 991.154, "Actual Total Time": 3631.209, "Actual Rows": 2293944, "Actual Loops": 1, "Recheck Cond": "((l_shipdate >= '1997-07-01 00:00:00'::timestamp(0) without time zone) AND (l_shipdate < '1997-10-01 00:00:00'::timestamp without time zone)), (LLVM Optimized, Jit Execute)", "Rows Removed by Index Recheck": 0, "Exact Heap Blocks": 732487, "Lossy Heap Blocks": 732487, "Plans": [{"Node Type": "Bitmap Index Scan", "Parent Relationship": "Outer", "Index Name": "idx_lineitem_shipdate", "Startup Cost": 0.0, "Total Cost": 77977.46, "Plan Rows": 2266921, "Plan Width": 0, "Actual Startup Time": 703.296, "Actual Total Time": 703.296, "Actual Rows": 2293944, "Actual Loops": 1, "Index Cond": "((l_shipdate >= '1997-07-01 00:00:00'::timestamp(0) without time zone) AND (l_shipdate < '1997-10-01 00:00:00'::timestamp without time zone))"}]}]}]}]}]}, "Triggers": [], "Planner Runtime": 0.687, "Total Runtime": 11665.077, "Unique SQL Id": 3712096918}}, "(1, '82')": {"explain_plan": {"Plan": {"Node Type": "Merge Join", "Join Type": "Inner", "Startup Cost": 3253691.59, "Total Cost": 3255082.29, "Plan Rows": 59380, "Plan Width": 83, "Inner Unique": true, "Merge Cond": "(supplier.s_suppkey = revenue0.supplier_no)", "Plans": [{"Node Type": "Aggregate", "Strategy": "Plain", "Parent Relationship": "exec_init_plan", "Subplan Name": "InitPlan 1 (returns $0)", "Startup Cost": 1610196.85, "Total Cost": 1610196.86, "Plan Rows": 1, "Plan Width": 16, "Plans": [{"Node Type": "Aggregate", "Strategy": "Hashed", "Parent Relationship": "Outer", "Startup Cost": 1608860.8, "Total Cost": 1609454.6, "Plan Rows": 59380, "Plan Width": 24, "Group By Key": ["public.lineitem.l_suppkey"], "Plans": [{"Node Type": "Bitmap Heap Scan", "Parent Relationship": "Outer", "Relation Name": "lineitem", "Alias": "lineitem", "Startup Cost": 78544.19, "Total Cost": 1586191.59, "Plan Rows": 2266921, "Plan Width": 24, "Recheck Cond": "((l_shipdate >= '1997-07-01 00:00:00'::timestamp(0) without time zone) AND (l_shipdate < '1997-10-01 00:00:00'::timestamp without time zone)), (LLVM Optimized)", "Plans": [{"Node Type": "Bitmap Index Scan", "Parent Relationship": "Outer", "Index Name": "idx_lineitem_shipdate", "Startup Cost": 0.0, "Total Cost": 77977.46, "Plan Rows": 2266921, "Plan Width": 0, "Index Cond": "((l_shipdate >= '1997-07-01 00:00:00'::timestamp(0) without time zone) AND (l_shipdate < '1997-10-01 00:00:00'::timestamp without time zone))"}]}]}]}, {"Node Type": "Sort", "Parent Relationship": "Outer", "Startup Cost": 11587.82, "Total Cost": 11837.82, "Plan Rows": 100000, "Plan Width": 75, "Sort Key": ["supplier.s_suppkey"], "Plans": [{"Node Type": "Seq Scan", "Parent Relationship": "Outer", "Relation Name": "supplier", "Alias": "supplier", "Startup Cost": 0.0, "Total Cost": 3283.0, "Plan Rows": 100000, "Plan Width": 75}]}, {"Node Type": "Sort", "Parent Relationship": "Inner", "Startup Cost": 1631906.91, "Total Cost": 1632055.36, "Plan Rows": 59380, "Plan Width": 16, "Sort Key": ["revenue0.supplier_no"], "Plans": [{"Node Type": "Subquery Scan", "Parent Relationship": "Outer", "Alias": "revenue0", "Startup Cost": 1625862.71, "Total Cost": 1627198.76, "Plan Rows": 59380, "Plan Width": 16, "Plans": [{"Node Type": "Aggregate", "Strategy": "Hashed", "Parent Relationship": "Subquery", "Startup Cost": 1625862.71, "Total Cost": 1626604.96, "Plan Rows": 59380, "Plan Width": 24, "Group By Key": ["public.lineitem.l_suppkey"], "Filter": "(sum((public.lineitem.l_extendedprice * (1::double precision - public.lineitem.l_discount))) = $0), (LLVM Optimized)", "Plans": [{"Node Type": "Bitmap Heap Scan", "Parent Relationship": "Outer", "Relation Name": "lineitem", "Alias": "lineitem", "Startup Cost": 78544.19, "Total Cost": 1586191.59, "Plan Rows": 2266921, "Plan Width": 24, "Recheck Cond": "((l_shipdate >= '1997-07-01 00:00:00'::timestamp(0) without time zone) AND (l_shipdate < '1997-10-01 00:00:00'::timestamp without time zone)), (LLVM Optimized)", "Plans": [{"Node Type": "Bitmap Index Scan", "Parent Relationship": "Outer", "Index Name": "idx_lineitem_shipdate", "Startup Cost": 0.0, "Total Cost": 77977.46, "Plan Rows": 2266921, "Plan Width": 0, "Index Cond": "((l_shipdate >= '1997-07-01 00:00:00'::timestamp(0) without time zone) AND (l_shipdate < '1997-10-01 00:00:00'::timestamp without time zone))"}]}]}]}]}]}, "Unique SQL Id": 3712096918, "Planner Runtime": 0}, "explain_analyze_plan": {"Plan": {"Node Type": "Merge Join", "Join Type": "Inner", "Startup Cost": 3253691.59, "Total Cost": 3255082.29, "Plan Rows": 59380, "Plan Width": 83, "Actual Startup Time": 11338.378, "Actual Total Time": 11338.62, "Actual Rows": 1, "Actual Loops": 1, "Inner Unique": true, "Merge Cond": "(supplier.s_suppkey = revenue0.supplier_no)", "Plans": [{"Node Type": "Aggregate", "Strategy": "Plain", "Parent Relationship": "exec_init_plan", "Subplan Name": "InitPlan 1 (returns $0)", "Startup Cost": 1610196.85, "Total Cost": 1610196.86, "Plan Rows": 1, "Plan Width": 16, "Actual Startup Time": 6057.509, "Actual Total Time": 6057.509, "Actual Rows": 1, "Actual Loops": 1, "Plans": [{"Node Type": "Aggregate", "Strategy": "Hashed", "Parent Relationship": "Outer", "Startup Cost": 1608860.8, "Total Cost": 1609454.6, "Plan Rows": 59380, "Plan Width": 24, "Actual Startup Time": 6010.008, "Actual Total Time": 6042.54, "Actual Rows": 100000, "Actual Loops": 1, "Group By Key": ["public.lineitem.l_suppkey"], "Plans": [{"Node Type": "Bitmap Heap Scan", "Parent Relationship": "Outer", "Relation Name": "lineitem", "Alias": "lineitem", "Startup Cost": 78544.19, "Total Cost": 1586191.59, "Plan Rows": 2266921, "Plan Width": 24, "Actual Startup Time": 985.116, "Actual Total Time": 4141.321, "Actual Rows": 2293944, "Actual Loops": 1, "Recheck Cond": "((l_shipdate >= '1997-07-01 00:00:00'::timestamp(0) without time zone) AND (l_shipdate < '1997-10-01 00:00:00'::timestamp without time zone)), (LLVM Optimized, Jit Execute)", "Rows Removed by Index Recheck": 0, "Exact Heap Blocks": 732487, "Lossy Heap Blocks": 732487, "Plans": [{"Node Type": "Bitmap Index Scan", "Parent Relationship": "Outer", "Index Name": "idx_lineitem_shipdate", "Startup Cost": 0.0, "Total Cost": 77977.46, "Plan Rows": 2266921, "Plan Width": 0, "Actual Startup Time": 698.685, "Actual Total Time": 698.685, "Actual Rows": 2293944, "Actual Loops": 1, "Index Cond": "((l_shipdate >= '1997-07-01 00:00:00'::timestamp(0) without time zone) AND (l_shipdate < '1997-10-01 00:00:00'::timestamp without time zone))"}]}]}]}, {"Node Type": "Sort", "Parent Relationship": "Outer", "Startup Cost": 11587.82, "Total Cost": 11837.82, "Plan Rows": 100000, "Plan Width": 75, "Actual Startup Time": 71.853, "Actual Total Time": 76.086, "Actual Rows": 35977, "Actual Loops": 1, "Sort Key": ["supplier.s_suppkey"], "Sort Method": "quicksort", "Sort Space Used": 18698, "Sort Space Type": "Memory", "Plans": [{"Node Type": "Seq Scan", "Parent Relationship": "Outer", "Relation Name": "supplier", "Alias": "supplier", "Startup Cost": 0.0, "Total Cost": 3283.0, "Plan Rows": 100000, "Plan Width": 75, "Actual Startup Time": 0.029, "Actual Total Time": 35.942, "Actual Rows": 100000, "Actual Loops": 1}]}, {"Node Type": "Sort", "Parent Relationship": "Inner", "Startup Cost": 1631906.91, "Total Cost": 1632055.36, "Plan Rows": 59380, "Plan Width": 16, "Actual Startup Time": 11257.357, "Actual Total Time": 11257.358, "Actual Rows": 1, "Actual Loops": 1, "Sort Key": ["revenue0.supplier_no"], "Sort Method": "quicksort", "Sort Space Used": 25, "Sort Space Type": "Memory", "Plans": [{"Node Type": "Subquery Scan", "Parent Relationship": "Outer", "Alias": "revenue0", "Startup Cost": 1625862.71, "Total Cost": 1627198.76, "Plan Rows": 59380, "Plan Width": 16, "Actual Startup Time": 11232.551, "Actual Total Time": 11257.099, "Actual Rows": 1, "Actual Loops": 1, "Plans": [{"Node Type": "Aggregate", "Strategy": "Hashed", "Parent Relationship": "Subquery", "Startup Cost": 1625862.71, "Total Cost": 1626604.96, "Plan Rows": 59380, "Plan Width": 24, "Actual Startup Time": 11232.548, "Actual Total Time": 11257.094, "Actual Rows": 1, "Actual Loops": 1, "Group By Key": ["public.lineitem.l_suppkey"], "Filter": "(sum((public.lineitem.l_extendedprice * (1::double precision - public.lineitem.l_discount))) = $0), (LLVM Optimized, Jit Execute)", "Rows Removed by Filter": 99999, "Plans": [{"Node Type": "Bitmap Heap Scan", "Parent Relationship": "Outer", "Relation Name": "lineitem", "Alias": "lineitem", "Startup Cost": 78544.19, "Total Cost": 1586191.59, "Plan Rows": 2266921, "Plan Width": 24, "Actual Startup Time": 1152.019, "Actual Total Time": 3563.729, "Actual Rows": 2293944, "Actual Loops": 1, "Recheck Cond": "((l_shipdate >= '1997-07-01 00:00:00'::timestamp(0) without time zone) AND (l_shipdate < '1997-10-01 00:00:00'::timestamp without time zone)), (LLVM Optimized, Jit Execute)", "Rows Removed by Index Recheck": 0, "Exact Heap Blocks": 732487, "Lossy Heap Blocks": 732487, "Plans": [{"Node Type": "Bitmap Index Scan", "Parent Relationship": "Outer", "Index Name": "idx_lineitem_shipdate", "Startup Cost": 0.0, "Total Cost": 77977.46, "Plan Rows": 2266921, "Plan Width": 0, "Actual Startup Time": 786.178, "Actual Total Time": 786.178, "Actual Rows": 2293944, "Actual Loops": 1, "Index Cond": "((l_shipdate >= '1997-07-01 00:00:00'::timestamp(0) without time zone) AND (l_shipdate < '1997-10-01 00:00:00'::timestamp without time zone))"}]}]}]}]}]}, "Triggers": [], "Planner Runtime": 1.086, "Total Runtime": 11352.046, "Unique SQL Id": 3712096918}}, "(1, '83')": {"explain_plan": {"Plan": {"Node Type": "Sort", "Startup Cost": 3497813.02, "Total Cost": 3497961.47, "Plan Rows": 59380, "Plan Width": 83, "Sort Key": ["supplier.s_suppkey"], "Plans": [{"Node Type": "Aggregate", "Strategy": "Plain", "Parent Relationship": "exec_init_plan", "Subplan Name": "InitPlan 1 (returns $0)", "Startup Cost": 1610196.85, "Total Cost": 1610196.86, "Plan Rows": 1, "Plan Width": 16, "Plans": [{"Node Type": "Aggregate", "Strategy": "Hashed", "Parent Relationship": "Outer", "Startup Cost": 1608860.8, "Total Cost": 1609454.6, "Plan Rows": 59380, "Plan Width": 24, "Group By Key": ["public.lineitem.l_suppkey"], "Plans": [{"Node Type": "Bitmap Heap Scan", "Parent Relationship": "Outer", "Relation Name": "lineitem", "Alias": "lineitem", "Startup Cost": 78544.19, "Total Cost": 1586191.59, "Plan Rows": 2266921, "Plan Width": 24, "Recheck Cond": "((l_shipdate >= '1997-07-01 00:00:00'::timestamp(0) without time zone) AND (l_shipdate < '1997-10-01 00:00:00'::timestamp without time zone)), (LLVM Optimized)", "Plans": [{"Node Type": "Bitmap Index Scan", "Parent Relationship": "Outer", "Index Name": "idx_lineitem_shipdate", "Startup Cost": 0.0, "Total Cost": 77977.46, "Plan Rows": 2266921, "Plan Width": 0, "Index Cond": "((l_shipdate >= '1997-07-01 00:00:00'::timestamp(0) without time zone) AND (l_shipdate < '1997-10-01 00:00:00'::timestamp without time zone))"}]}]}]}, {"Node Type": "Nested Loop", "Parent Relationship": "Outer", "Join Type": "Inner", "Startup Cost": 1625863.0, "Total Cost": 1882908.01, "Plan Rows": 59380, "Plan Width": 83, "Inner Unique": true, "Plans": [{"Node Type": "Aggregate", "Strategy": "Hashed", "Parent Relationship": "Outer", "Startup Cost": 1625862.71, "Total Cost": 1626604.96, "Plan Rows": 59380, "Plan Width": 24, "Group By Key": ["public.lineitem.l_suppkey"], "Filter": "(sum((public.lineitem.l_extendedprice * (1::double precision - public.lineitem.l_discount))) = $0), (LLVM Optimized)", "Plans": [{"Node Type": "Bitmap Heap Scan", "Parent Relationship": "Outer", "Relation Name": "lineitem", "Alias": "lineitem", "Startup Cost": 78544.19, "Total Cost": 1586191.59, "Plan Rows": 2266921, "Plan Width": 24, "Recheck Cond": "((l_shipdate >= '1997-07-01 00:00:00'::timestamp(0) without time zone) AND (l_shipdate < '1997-10-01 00:00:00'::timestamp without time zone)), (LLVM Optimized)", "Plans": [{"Node Type": "Bitmap Index Scan", "Parent Relationship": "Outer", "Index Name": "idx_lineitem_shipdate", "Startup Cost": 0.0, "Total Cost": 77977.46, "Plan Rows": 2266921, "Plan Width": 0, "Index Cond": "((l_shipdate >= '1997-07-01 00:00:00'::timestamp(0) without time zone) AND (l_shipdate < '1997-10-01 00:00:00'::timestamp without time zone))"}]}]}, {"Node Type": "Bitmap Heap Scan", "Parent Relationship": "Inner", "Relation Name": "supplier", "Alias": "supplier", "Startup Cost": 0.28, "Total Cost": 4.3, "Plan Rows": 1, "Plan Width": 75, "Recheck Cond": "(s_suppkey = public.lineitem.l_suppkey)", "Plans": [{"Node Type": "Bitmap Index Scan", "Parent Relationship": "Outer", "Index Name": "supplier_pkey", "Startup Cost": 0.0, "Total Cost": 0.28, "Plan Rows": 1, "Plan Width": 0, "Index Cond": "(s_suppkey = public.lineitem.l_suppkey)"}]}]}]}, "Unique SQL Id": 3712096918, "Planner Runtime": 0}, "explain_analyze_plan": {"Plan": {"Node Type": "Sort", "Startup Cost": 3497813.02, "Total Cost": 3497961.47, "Plan Rows": 59380, "Plan Width": 83, "Actual Startup Time": 11695.124, "Actual Total Time": 11695.125, "Actual Rows": 1, "Actual Loops": 1, "Sort Key": ["supplier.s_suppkey"], "Sort Method": "quicksort", "Sort Space Used": 25, "Sort Space Type": "Memory", "Plans": [{"Node Type": "Aggregate", "Strategy": "Plain", "Parent Relationship": "exec_init_plan", "Subplan Name": "InitPlan 1 (returns $0)", "Startup Cost": 1610196.85, "Total Cost": 1610196.86, "Plan Rows": 1, "Plan Width": 16, "Actual Startup Time": 5790.695, "Actual Total Time": 5790.695, "Actual Rows": 1, "Actual Loops": 1, "Plans": [{"Node Type": "Aggregate", "Strategy": "Hashed", "Parent Relationship": "Outer", "Startup Cost": 1608860.8, "Total Cost": 1609454.6, "Plan Rows": 59380, "Plan Width": 24, "Actual Startup Time": 5744.183, "Actual Total Time": 5775.7, "Actual Rows": 100000, "Actual Loops": 1, "Group By Key": ["public.lineitem.l_suppkey"], "Plans": [{"Node Type": "Bitmap Heap Scan", "Parent Relationship": "Outer", "Relation Name": "lineitem", "Alias": "lineitem", "Startup Cost": 78544.19, "Total Cost": 1586191.59, "Plan Rows": 2266921, "Plan Width": 24, "Actual Startup Time": 1410.62, "Actual Total Time": 4017.87, "Actual Rows": 2293944, "Actual Loops": 1, "Recheck Cond": "((l_shipdate >= '1997-07-01 00:00:00'::timestamp(0) without time zone) AND (l_shipdate < '1997-10-01 00:00:00'::timestamp without time zone)), (LLVM Optimized, Jit Execute)", "Rows Removed by Index Recheck": 0, "Exact Heap Blocks": 732487, "Lossy Heap Blocks": 732487, "Plans": [{"Node Type": "Bitmap Index Scan", "Parent Relationship": "Outer", "Index Name": "idx_lineitem_shipdate", "Startup Cost": 0.0, "Total Cost": 77977.46, "Plan Rows": 2266921, "Plan Width": 0, "Actual Startup Time": 1037.637, "Actual Total Time": 1037.637, "Actual Rows": 2293944, "Actual Loops": 1, "Index Cond": "((l_shipdate >= '1997-07-01 00:00:00'::timestamp(0) without time zone) AND (l_shipdate < '1997-10-01 00:00:00'::timestamp without time zone))"}]}]}]}, {"Node Type": "Nested Loop", "Parent Relationship": "Outer", "Join Type": "Inner", "Startup Cost": 1625863.0, "Total Cost": 1882908.01, "Plan Rows": 59380, "Plan Width": 83, "Actual Startup Time": 11669.86, "Actual Total Time": 11695.099, "Actual Rows": 1, "Actual Loops": 1, "Inner Unique": true, "Plans": [{"Node Type": "Aggregate", "Strategy": "Hashed", "Parent Relationship": "Outer", "Startup Cost": 1625862.71, "Total Cost": 1626604.96, "Plan Rows": 59380, "Plan Width": 24, "Actual Startup Time": 11669.792, "Actual Total Time": 11694.747, "Actual Rows": 1, "Actual Loops": 1, "Group By Key": ["public.lineitem.l_suppkey"], "Filter": "(sum((public.lineitem.l_extendedprice * (1::double precision - public.lineitem.l_discount))) = $0), (LLVM Optimized, Jit Execute)", "Rows Removed by Filter": 99999, "Plans": [{"Node Type": "Bitmap Heap Scan", "Parent Relationship": "Outer", "Relation Name": "lineitem", "Alias": "lineitem", "Startup Cost": 78544.19, "Total Cost": 1586191.59, "Plan Rows": 2266921, "Plan Width": 24, "Actual Startup Time": 1071.216, "Actual Total Time": 4099.156, "Actual Rows": 2293944, "Actual Loops": 1, "Recheck Cond": "((l_shipdate >= '1997-07-01 00:00:00'::timestamp(0) without time zone) AND (l_shipdate < '1997-10-01 00:00:00'::timestamp without time zone)), (LLVM Optimized, Jit Execute)", "Rows Removed by Index Recheck": 0, "Exact Heap Blocks": 732487, "Lossy Heap Blocks": 732487, "Plans": [{"Node Type": "Bitmap Index Scan", "Parent Relationship": "Outer", "Index Name": "idx_lineitem_shipdate", "Startup Cost": 0.0, "Total Cost": 77977.46, "Plan Rows": 2266921, "Plan Width": 0, "Actual Startup Time": 709.182, "Actual Total Time": 709.182, "Actual Rows": 2293944, "Actual Loops": 1, "Index Cond": "((l_shipdate >= '1997-07-01 00:00:00'::timestamp(0) without time zone) AND (l_shipdate < '1997-10-01 00:00:00'::timestamp without time zone))"}]}]}, {"Node Type": "Bitmap Heap Scan", "Parent Relationship": "Inner", "Relation Name": "supplier", "Alias": "supplier", "Startup Cost": 0.28, "Total Cost": 4.3, "Plan Rows": 1, "Plan Width": 75, "Actual Startup Time": 0.05, "Actual Total Time": 0.05, "Actual Rows": 1, "Actual Loops": 1, "Recheck Cond": "(s_suppkey = public.lineitem.l_suppkey)", "Rows Removed by Index Recheck": 0, "Exact Heap Blocks": 1, "Lossy Heap Blocks": 1, "Plans": [{"Node Type": "Bitmap Index Scan", "Parent Relationship": "Outer", "Index Name": "supplier_pkey", "Startup Cost": 0.0, "Total Cost": 0.28, "Plan Rows": 1, "Plan Width": 0, "Actual Startup Time": 0.026, "Actual Total Time": 0.026, "Actual Rows": 1, "Actual Loops": 1, "Index Cond": "(s_suppkey = public.lineitem.l_suppkey)"}]}]}]}, "Triggers": [], "Planner Runtime": 0.751, "Total Runtime": 11707.86, "Unique SQL Id": 3712096918}}, "(1, '84')": {"explain_plan": {"Plan": {"Node Type": "Merge Join", "Join Type": "Inner", "Startup Cost": 3242103.77, "Total Cost": 3248579.02, "Plan Rows": 59380, "Plan Width": 83, "Inner Unique": true, "Merge Cond": "(supplier.s_suppkey = revenue0.supplier_no)", "Plans": [{"Node Type": "Aggregate", "Strategy": "Plain", "Parent Relationship": "exec_init_plan", "Subplan Name": "InitPlan 1 (returns $0)", "Startup Cost": 1610196.85, "Total Cost": 1610196.86, "Plan Rows": 1, "Plan Width": 16, "Plans": [{"Node Type": "Aggregate", "Strategy": "Hashed", "Parent Relationship": "Outer", "Startup Cost": 1608860.8, "Total Cost": 1609454.6, "Plan Rows": 59380, "Plan Width": 24, "Group By Key": ["public.lineitem.l_suppkey"], "Plans": [{"Node Type": "Bitmap Heap Scan", "Parent Relationship": "Outer", "Relation Name": "lineitem", "Alias": "lineitem", "Startup Cost": 78544.19, "Total Cost": 1586191.59, "Plan Rows": 2266921, "Plan Width": 24, "Recheck Cond": "((l_shipdate >= '1997-07-01 00:00:00'::timestamp(0) without time zone) AND (l_shipdate < '1997-10-01 00:00:00'::timestamp without time zone)), (LLVM Optimized)", "Plans": [{"Node Type": "Bitmap Index Scan", "Parent Relationship": "Outer", "Index Name": "idx_lineitem_shipdate", "Startup Cost": 0.0, "Total Cost": 77977.46, "Plan Rows": 2266921, "Plan Width": 0, "Index Cond": "((l_shipdate >= '1997-07-01 00:00:00'::timestamp(0) without time zone) AND (l_shipdate < '1997-10-01 00:00:00'::timestamp without time zone))"}]}]}]}, {"Node Type": "Index Scan", "Parent Relationship": "Outer", "Scan Direction": "Forward", "Index Name": "supplier_pkey", "Relation Name": "supplier", "Alias": "supplier", "Startup Cost": 0.0, "Total Cost": 5334.54, "Plan Rows": 100000, "Plan Width": 75}, {"Node Type": "Sort", "Parent Relationship": "Inner", "Startup Cost": 1631906.91, "Total Cost": 1632055.36, "Plan Rows": 59380, "Plan Width": 16, "Sort Key": ["revenue0.supplier_no"], "Plans": [{"Node Type": "Subquery Scan", "Parent Relationship": "Outer", "Alias": "revenue0", "Startup Cost": 1625862.71, "Total Cost": 1627198.76, "Plan Rows": 59380, "Plan Width": 16, "Plans": [{"Node Type": "Aggregate", "Strategy": "Hashed", "Parent Relationship": "Subquery", "Startup Cost": 1625862.71, "Total Cost": 1626604.96, "Plan Rows": 59380, "Plan Width": 24, "Group By Key": ["public.lineitem.l_suppkey"], "Filter": "(sum((public.lineitem.l_extendedprice * (1::double precision - public.lineitem.l_discount))) = $0), (LLVM Optimized)", "Plans": [{"Node Type": "Bitmap Heap Scan", "Parent Relationship": "Outer", "Relation Name": "lineitem", "Alias": "lineitem", "Startup Cost": 78544.19, "Total Cost": 1586191.59, "Plan Rows": 2266921, "Plan Width": 24, "Recheck Cond": "((l_shipdate >= '1997-07-01 00:00:00'::timestamp(0) without time zone) AND (l_shipdate < '1997-10-01 00:00:00'::timestamp without time zone)), (LLVM Optimized)", "Plans": [{"Node Type": "Bitmap Index Scan", "Parent Relationship": "Outer", "Index Name": "idx_lineitem_shipdate", "Startup Cost": 0.0, "Total Cost": 77977.46, "Plan Rows": 2266921, "Plan Width": 0, "Index Cond": "((l_shipdate >= '1997-07-01 00:00:00'::timestamp(0) without time zone) AND (l_shipdate < '1997-10-01 00:00:00'::timestamp without time zone))"}]}]}]}]}]}, "Unique SQL Id": 3712096918, "Planner Runtime": 0}, "explain_analyze_plan": {"Plan": {"Node Type": "Merge Join", "Join Type": "Inner", "Startup Cost": 3242103.77, "Total Cost": 3248579.02, "Plan Rows": 59380, "Plan Width": 83, "Actual Startup Time": 11651.8, "Actual Total Time": 11651.805, "Actual Rows": 1, "Actual Loops": 1, "Inner Unique": true, "Merge Cond": "(supplier.s_suppkey = revenue0.supplier_no)", "Plans": [{"Node Type": "Aggregate", "Strategy": "Plain", "Parent Relationship": "exec_init_plan", "Subplan Name": "InitPlan 1 (returns $0)", "Startup Cost": 1610196.85, "Total Cost": 1610196.86, "Plan Rows": 1, "Plan Width": 16, "Actual Startup Time": 6150.177, "Actual Total Time": 6150.177, "Actual Rows": 1, "Actual Loops": 1, "Plans": [{"Node Type": "Aggregate", "Strategy": "Hashed", "Parent Relationship": "Outer", "Startup Cost": 1608860.8, "Total Cost": 1609454.6, "Plan Rows": 59380, "Plan Width": 24, "Actual Startup Time": 6103.597, "Actual Total Time": 6135.186, "Actual Rows": 100000, "Actual Loops": 1, "Group By Key": ["public.lineitem.l_suppkey"], "Plans": [{"Node Type": "Bitmap Heap Scan", "Parent Relationship": "Outer", "Relation Name": "lineitem", "Alias": "lineitem", "Startup Cost": 78544.19, "Total Cost": 1586191.59, "Plan Rows": 2266921, "Plan Width": 24, "Actual Startup Time": 1421.45, "Actual Total Time": 4328.688, "Actual Rows": 2293944, "Actual Loops": 1, "Recheck Cond": "((l_shipdate >= '1997-07-01 00:00:00'::timestamp(0) without time zone) AND (l_shipdate < '1997-10-01 00:00:00'::timestamp without time zone)), (LLVM Optimized, Jit Execute)", "Rows Removed by Index Recheck": 0, "Exact Heap Blocks": 732487, "Lossy Heap Blocks": 732487, "Plans": [{"Node Type": "Bitmap Index Scan", "Parent Relationship": "Outer", "Index Name": "idx_lineitem_shipdate", "Startup Cost": 0.0, "Total Cost": 77977.46, "Plan Rows": 2266921, "Plan Width": 0, "Actual Startup Time": 1058.066, "Actual Total Time": 1058.066, "Actual Rows": 2293944, "Actual Loops": 1, "Index Cond": "((l_shipdate >= '1997-07-01 00:00:00'::timestamp(0) without time zone) AND (l_shipdate < '1997-10-01 00:00:00'::timestamp without time zone))"}]}]}]}, {"Node Type": "Index Scan", "Parent Relationship": "Outer", "Scan Direction": "Forward", "Index Name": "supplier_pkey", "Relation Name": "supplier", "Alias": "supplier", "Startup Cost": 0.0, "Total Cost": 5334.54, "Plan Rows": 100000, "Plan Width": 75, "Actual Startup Time": 0.04, "Actual Total Time": 25.601, "Actual Rows": 35977, "Actual Loops": 1}, {"Node Type": "Sort", "Parent Relationship": "Inner", "Startup Cost": 1631906.91, "Total Cost": 1632055.36, "Plan Rows": 59380, "Plan Width": 16, "Actual Startup Time": 11621.178, "Actual Total Time": 11621.178, "Actual Rows": 1, "Actual Loops": 1, "Sort Key": ["revenue0.supplier_no"], "Sort Method": "quicksort", "Sort Space Used": 25, "Sort Space Type": "Memory", "Plans": [{"Node Type": "Subquery Scan", "Parent Relationship": "Outer", "Alias": "revenue0", "Startup Cost": 1625862.71, "Total Cost": 1627198.76, "Plan Rows": 59380, "Plan Width": 16, "Actual Startup Time": 11595.263, "Actual Total Time": 11620.908, "Actual Rows": 1, "Actual Loops": 1, "Plans": [{"Node Type": "Aggregate", "Strategy": "Hashed", "Parent Relationship": "Subquery", "Startup Cost": 1625862.71, "Total Cost": 1626604.96, "Plan Rows": 59380, "Plan Width": 24, "Actual Startup Time": 11595.26, "Actual Total Time": 11620.903, "Actual Rows": 1, "Actual Loops": 1, "Group By Key": ["public.lineitem.l_suppkey"], "Filter": "(sum((public.lineitem.l_extendedprice * (1::double precision - public.lineitem.l_discount))) = $0), (LLVM Optimized, Jit Execute)", "Rows Removed by Filter": 99999, "Plans": [{"Node Type": "Bitmap Heap Scan", "Parent Relationship": "Outer", "Relation Name": "lineitem", "Alias": "lineitem", "Startup Cost": 78544.19, "Total Cost": 1586191.59, "Plan Rows": 2266921, "Plan Width": 24, "Actual Startup Time": 991.154, "Actual Total Time": 3631.209, "Actual Rows": 2293944, "Actual Loops": 1, "Recheck Cond": "((l_shipdate >= '1997-07-01 00:00:00'::timestamp(0) without time zone) AND (l_shipdate < '1997-10-01 00:00:00'::timestamp without time zone)), (LLVM Optimized, Jit Execute)", "Rows Removed by Index Recheck": 0, "Exact Heap Blocks": 732487, "Lossy Heap Blocks": 732487, "Plans": [{"Node Type": "Bitmap Index Scan", "Parent Relationship": "Outer", "Index Name": "idx_lineitem_shipdate", "Startup Cost": 0.0, "Total Cost": 77977.46, "Plan Rows": 2266921, "Plan Width": 0, "Actual Startup Time": 703.296, "Actual Total Time": 703.296, "Actual Rows": 2293944, "Actual Loops": 1, "Index Cond": "((l_shipdate >= '1997-07-01 00:00:00'::timestamp(0) without time zone) AND (l_shipdate < '1997-10-01 00:00:00'::timestamp without time zone))"}]}]}]}]}]}, "Triggers": [], "Planner Runtime": 0.687, "Total Runtime": 11665.077, "Unique SQL Id": 3712096918}}, "(1, '85')": {"explain_plan": {"Plan": {"Node Type": "Merge Join", "Join Type": "Inner", "Startup Cost": 3242103.77, "Total Cost": 3248579.02, "Plan Rows": 59380, "Plan Width": 83, "Inner Unique": true, "Merge Cond": "(supplier.s_suppkey = revenue0.supplier_no)", "Plans": [{"Node Type": "Aggregate", "Strategy": "Plain", "Parent Relationship": "exec_init_plan", "Subplan Name": "InitPlan 1 (returns $0)", "Startup Cost": 1610196.85, "Total Cost": 1610196.86, "Plan Rows": 1, "Plan Width": 16, "Plans": [{"Node Type": "Aggregate", "Strategy": "Hashed", "Parent Relationship": "Outer", "Startup Cost": 1608860.8, "Total Cost": 1609454.6, "Plan Rows": 59380, "Plan Width": 24, "Group By Key": ["public.lineitem.l_suppkey"], "Plans": [{"Node Type": "Bitmap Heap Scan", "Parent Relationship": "Outer", "Relation Name": "lineitem", "Alias": "lineitem", "Startup Cost": 78544.19, "Total Cost": 1586191.59, "Plan Rows": 2266921, "Plan Width": 24, "Recheck Cond": "((l_shipdate >= '1997-07-01 00:00:00'::timestamp(0) without time zone) AND (l_shipdate < '1997-10-01 00:00:00'::timestamp without time zone)), (LLVM Optimized)", "Plans": [{"Node Type": "Bitmap Index Scan", "Parent Relationship": "Outer", "Index Name": "idx_lineitem_shipdate", "Startup Cost": 0.0, "Total Cost": 77977.46, "Plan Rows": 2266921, "Plan Width": 0, "Index Cond": "((l_shipdate >= '1997-07-01 00:00:00'::timestamp(0) without time zone) AND (l_shipdate < '1997-10-01 00:00:00'::timestamp without time zone))"}]}]}]}, {"Node Type": "Index Scan", "Parent Relationship": "Outer", "Scan Direction": "Forward", "Index Name": "supplier_pkey", "Relation Name": "supplier", "Alias": "supplier", "Startup Cost": 0.0, "Total Cost": 5334.54, "Plan Rows": 100000, "Plan Width": 75}, {"Node Type": "Sort", "Parent Relationship": "Inner", "Startup Cost": 1631906.91, "Total Cost": 1632055.36, "Plan Rows": 59380, "Plan Width": 16, "Sort Key": ["revenue0.supplier_no"], "Plans": [{"Node Type": "Subquery Scan", "Parent Relationship": "Outer", "Alias": "revenue0", "Startup Cost": 1625862.71, "Total Cost": 1627198.76, "Plan Rows": 59380, "Plan Width": 16, "Plans": [{"Node Type": "Aggregate", "Strategy": "Hashed", "Parent Relationship": "Subquery", "Startup Cost": 1625862.71, "Total Cost": 1626604.96, "Plan Rows": 59380, "Plan Width": 24, "Group By Key": ["public.lineitem.l_suppkey"], "Filter": "(sum((public.lineitem.l_extendedprice * (1::double precision - public.lineitem.l_discount))) = $0), (LLVM Optimized)", "Plans": [{"Node Type": "Bitmap Heap Scan", "Parent Relationship": "Outer", "Relation Name": "lineitem", "Alias": "lineitem", "Startup Cost": 78544.19, "Total Cost": 1586191.59, "Plan Rows": 2266921, "Plan Width": 24, "Recheck Cond": "((l_shipdate >= '1997-07-01 00:00:00'::timestamp(0) without time zone) AND (l_shipdate < '1997-10-01 00:00:00'::timestamp without time zone)), (LLVM Optimized)", "Plans": [{"Node Type": "Bitmap Index Scan", "Parent Relationship": "Outer", "Index Name": "idx_lineitem_shipdate", "Startup Cost": 0.0, "Total Cost": 77977.46, "Plan Rows": 2266921, "Plan Width": 0, "Index Cond": "((l_shipdate >= '1997-07-01 00:00:00'::timestamp(0) without time zone) AND (l_shipdate < '1997-10-01 00:00:00'::timestamp without time zone))"}]}]}]}]}]}, "Unique SQL Id": 3712096918, "Planner Runtime": 0}, "explain_analyze_plan": {"Plan": {"Node Type": "Merge Join", "Join Type": "Inner", "Startup Cost": 3242103.77, "Total Cost": 3248579.02, "Plan Rows": 59380, "Plan Width": 83, "Actual Startup Time": 11651.8, "Actual Total Time": 11651.805, "Actual Rows": 1, "Actual Loops": 1, "Inner Unique": true, "Merge Cond": "(supplier.s_suppkey = revenue0.supplier_no)", "Plans": [{"Node Type": "Aggregate", "Strategy": "Plain", "Parent Relationship": "exec_init_plan", "Subplan Name": "InitPlan 1 (returns $0)", "Startup Cost": 1610196.85, "Total Cost": 1610196.86, "Plan Rows": 1, "Plan Width": 16, "Actual Startup Time": 6150.177, "Actual Total Time": 6150.177, "Actual Rows": 1, "Actual Loops": 1, "Plans": [{"Node Type": "Aggregate", "Strategy": "Hashed", "Parent Relationship": "Outer", "Startup Cost": 1608860.8, "Total Cost": 1609454.6, "Plan Rows": 59380, "Plan Width": 24, "Actual Startup Time": 6103.597, "Actual Total Time": 6135.186, "Actual Rows": 100000, "Actual Loops": 1, "Group By Key": ["public.lineitem.l_suppkey"], "Plans": [{"Node Type": "Bitmap Heap Scan", "Parent Relationship": "Outer", "Relation Name": "lineitem", "Alias": "lineitem", "Startup Cost": 78544.19, "Total Cost": 1586191.59, "Plan Rows": 2266921, "Plan Width": 24, "Actual Startup Time": 1421.45, "Actual Total Time": 4328.688, "Actual Rows": 2293944, "Actual Loops": 1, "Recheck Cond": "((l_shipdate >= '1997-07-01 00:00:00'::timestamp(0) without time zone) AND (l_shipdate < '1997-10-01 00:00:00'::timestamp without time zone)), (LLVM Optimized, Jit Execute)", "Rows Removed by Index Recheck": 0, "Exact Heap Blocks": 732487, "Lossy Heap Blocks": 732487, "Plans": [{"Node Type": "Bitmap Index Scan", "Parent Relationship": "Outer", "Index Name": "idx_lineitem_shipdate", "Startup Cost": 0.0, "Total Cost": 77977.46, "Plan Rows": 2266921, "Plan Width": 0, "Actual Startup Time": 1058.066, "Actual Total Time": 1058.066, "Actual Rows": 2293944, "Actual Loops": 1, "Index Cond": "((l_shipdate >= '1997-07-01 00:00:00'::timestamp(0) without time zone) AND (l_shipdate < '1997-10-01 00:00:00'::timestamp without time zone))"}]}]}]}, {"Node Type": "Index Scan", "Parent Relationship": "Outer", "Scan Direction": "Forward", "Index Name": "supplier_pkey", "Relation Name": "supplier", "Alias": "supplier", "Startup Cost": 0.0, "Total Cost": 5334.54, "Plan Rows": 100000, "Plan Width": 75, "Actual Startup Time": 0.04, "Actual Total Time": 25.601, "Actual Rows": 35977, "Actual Loops": 1}, {"Node Type": "Sort", "Parent Relationship": "Inner", "Startup Cost": 1631906.91, "Total Cost": 1632055.36, "Plan Rows": 59380, "Plan Width": 16, "Actual Startup Time": 11621.178, "Actual Total Time": 11621.178, "Actual Rows": 1, "Actual Loops": 1, "Sort Key": ["revenue0.supplier_no"], "Sort Method": "quicksort", "Sort Space Used": 25, "Sort Space Type": "Memory", "Plans": [{"Node Type": "Subquery Scan", "Parent Relationship": "Outer", "Alias": "revenue0", "Startup Cost": 1625862.71, "Total Cost": 1627198.76, "Plan Rows": 59380, "Plan Width": 16, "Actual Startup Time": 11595.263, "Actual Total Time": 11620.908, "Actual Rows": 1, "Actual Loops": 1, "Plans": [{"Node Type": "Aggregate", "Strategy": "Hashed", "Parent Relationship": "Subquery", "Startup Cost": 1625862.71, "Total Cost": 1626604.96, "Plan Rows": 59380, "Plan Width": 24, "Actual Startup Time": 11595.26, "Actual Total Time": 11620.903, "Actual Rows": 1, "Actual Loops": 1, "Group By Key": ["public.lineitem.l_suppkey"], "Filter": "(sum((public.lineitem.l_extendedprice * (1::double precision - public.lineitem.l_discount))) = $0), (LLVM Optimized, Jit Execute)", "Rows Removed by Filter": 99999, "Plans": [{"Node Type": "Bitmap Heap Scan", "Parent Relationship": "Outer", "Relation Name": "lineitem", "Alias": "lineitem", "Startup Cost": 78544.19, "Total Cost": 1586191.59, "Plan Rows": 2266921, "Plan Width": 24, "Actual Startup Time": 991.154, "Actual Total Time": 3631.209, "Actual Rows": 2293944, "Actual Loops": 1, "Recheck Cond": "((l_shipdate >= '1997-07-01 00:00:00'::timestamp(0) without time zone) AND (l_shipdate < '1997-10-01 00:00:00'::timestamp without time zone)), (LLVM Optimized, Jit Execute)", "Rows Removed by Index Recheck": 0, "Exact Heap Blocks": 732487, "Lossy Heap Blocks": 732487, "Plans": [{"Node Type": "Bitmap Index Scan", "Parent Relationship": "Outer", "Index Name": "idx_lineitem_shipdate", "Startup Cost": 0.0, "Total Cost": 77977.46, "Plan Rows": 2266921, "Plan Width": 0, "Actual Startup Time": 703.296, "Actual Total Time": 703.296, "Actual Rows": 2293944, "Actual Loops": 1, "Index Cond": "((l_shipdate >= '1997-07-01 00:00:00'::timestamp(0) without time zone) AND (l_shipdate < '1997-10-01 00:00:00'::timestamp without time zone))"}]}]}]}]}]}, "Triggers": [], "Planner Runtime": 0.687, "Total Runtime": 11665.077, "Unique SQL Id": 3712096918}}, "(1, '86')": {"explain_plan": {"Plan": {"Node Type": "Merge Join", "Join Type": "Inner", "Startup Cost": 3253691.59, "Total Cost": 3255082.29, "Plan Rows": 59380, "Plan Width": 83, "Inner Unique": true, "Merge Cond": "(supplier.s_suppkey = revenue0.supplier_no)", "Plans": [{"Node Type": "Aggregate", "Strategy": "Plain", "Parent Relationship": "exec_init_plan", "Subplan Name": "InitPlan 1 (returns $0)", "Startup Cost": 1610196.85, "Total Cost": 1610196.86, "Plan Rows": 1, "Plan Width": 16, "Plans": [{"Node Type": "Aggregate", "Strategy": "Hashed", "Parent Relationship": "Outer", "Startup Cost": 1608860.8, "Total Cost": 1609454.6, "Plan Rows": 59380, "Plan Width": 24, "Group By Key": ["public.lineitem.l_suppkey"], "Plans": [{"Node Type": "Bitmap Heap Scan", "Parent Relationship": "Outer", "Relation Name": "lineitem", "Alias": "lineitem", "Startup Cost": 78544.19, "Total Cost": 1586191.59, "Plan Rows": 2266921, "Plan Width": 24, "Recheck Cond": "((l_shipdate >= '1997-07-01 00:00:00'::timestamp(0) without time zone) AND (l_shipdate < '1997-10-01 00:00:00'::timestamp without time zone)), (LLVM Optimized)", "Plans": [{"Node Type": "Bitmap Index Scan", "Parent Relationship": "Outer", "Index Name": "idx_lineitem_shipdate", "Startup Cost": 0.0, "Total Cost": 77977.46, "Plan Rows": 2266921, "Plan Width": 0, "Index Cond": "((l_shipdate >= '1997-07-01 00:00:00'::timestamp(0) without time zone) AND (l_shipdate < '1997-10-01 00:00:00'::timestamp without time zone))"}]}]}]}, {"Node Type": "Sort", "Parent Relationship": "Outer", "Startup Cost": 11587.82, "Total Cost": 11837.82, "Plan Rows": 100000, "Plan Width": 75, "Sort Key": ["supplier.s_suppkey"], "Plans": [{"Node Type": "Seq Scan", "Parent Relationship": "Outer", "Relation Name": "supplier", "Alias": "supplier", "Startup Cost": 0.0, "Total Cost": 3283.0, "Plan Rows": 100000, "Plan Width": 75}]}, {"Node Type": "Sort", "Parent Relationship": "Inner", "Startup Cost": 1631906.91, "Total Cost": 1632055.36, "Plan Rows": 59380, "Plan Width": 16, "Sort Key": ["revenue0.supplier_no"], "Plans": [{"Node Type": "Subquery Scan", "Parent Relationship": "Outer", "Alias": "revenue0", "Startup Cost": 1625862.71, "Total Cost": 1627198.76, "Plan Rows": 59380, "Plan Width": 16, "Plans": [{"Node Type": "Aggregate", "Strategy": "Hashed", "Parent Relationship": "Subquery", "Startup Cost": 1625862.71, "Total Cost": 1626604.96, "Plan Rows": 59380, "Plan Width": 24, "Group By Key": ["public.lineitem.l_suppkey"], "Filter": "(sum((public.lineitem.l_extendedprice * (1::double precision - public.lineitem.l_discount))) = $0), (LLVM Optimized)", "Plans": [{"Node Type": "Bitmap Heap Scan", "Parent Relationship": "Outer", "Relation Name": "lineitem", "Alias": "lineitem", "Startup Cost": 78544.19, "Total Cost": 1586191.59, "Plan Rows": 2266921, "Plan Width": 24, "Recheck Cond": "((l_shipdate >= '1997-07-01 00:00:00'::timestamp(0) without time zone) AND (l_shipdate < '1997-10-01 00:00:00'::timestamp without time zone)), (LLVM Optimized)", "Plans": [{"Node Type": "Bitmap Index Scan", "Parent Relationship": "Outer", "Index Name": "idx_lineitem_shipdate", "Startup Cost": 0.0, "Total Cost": 77977.46, "Plan Rows": 2266921, "Plan Width": 0, "Index Cond": "((l_shipdate >= '1997-07-01 00:00:00'::timestamp(0) without time zone) AND (l_shipdate < '1997-10-01 00:00:00'::timestamp without time zone))"}]}]}]}]}]}, "Unique SQL Id": 3712096918, "Planner Runtime": 0}, "explain_analyze_plan": {"Plan": {"Node Type": "Merge Join", "Join Type": "Inner", "Startup Cost": 3253691.59, "Total Cost": 3255082.29, "Plan Rows": 59380, "Plan Width": 83, "Actual Startup Time": 11338.378, "Actual Total Time": 11338.62, "Actual Rows": 1, "Actual Loops": 1, "Inner Unique": true, "Merge Cond": "(supplier.s_suppkey = revenue0.supplier_no)", "Plans": [{"Node Type": "Aggregate", "Strategy": "Plain", "Parent Relationship": "exec_init_plan", "Subplan Name": "InitPlan 1 (returns $0)", "Startup Cost": 1610196.85, "Total Cost": 1610196.86, "Plan Rows": 1, "Plan Width": 16, "Actual Startup Time": 6057.509, "Actual Total Time": 6057.509, "Actual Rows": 1, "Actual Loops": 1, "Plans": [{"Node Type": "Aggregate", "Strategy": "Hashed", "Parent Relationship": "Outer", "Startup Cost": 1608860.8, "Total Cost": 1609454.6, "Plan Rows": 59380, "Plan Width": 24, "Actual Startup Time": 6010.008, "Actual Total Time": 6042.54, "Actual Rows": 100000, "Actual Loops": 1, "Group By Key": ["public.lineitem.l_suppkey"], "Plans": [{"Node Type": "Bitmap Heap Scan", "Parent Relationship": "Outer", "Relation Name": "lineitem", "Alias": "lineitem", "Startup Cost": 78544.19, "Total Cost": 1586191.59, "Plan Rows": 2266921, "Plan Width": 24, "Actual Startup Time": 985.116, "Actual Total Time": 4141.321, "Actual Rows": 2293944, "Actual Loops": 1, "Recheck Cond": "((l_shipdate >= '1997-07-01 00:00:00'::timestamp(0) without time zone) AND (l_shipdate < '1997-10-01 00:00:00'::timestamp without time zone)), (LLVM Optimized, Jit Execute)", "Rows Removed by Index Recheck": 0, "Exact Heap Blocks": 732487, "Lossy Heap Blocks": 732487, "Plans": [{"Node Type": "Bitmap Index Scan", "Parent Relationship": "Outer", "Index Name": "idx_lineitem_shipdate", "Startup Cost": 0.0, "Total Cost": 77977.46, "Plan Rows": 2266921, "Plan Width": 0, "Actual Startup Time": 698.685, "Actual Total Time": 698.685, "Actual Rows": 2293944, "Actual Loops": 1, "Index Cond": "((l_shipdate >= '1997-07-01 00:00:00'::timestamp(0) without time zone) AND (l_shipdate < '1997-10-01 00:00:00'::timestamp without time zone))"}]}]}]}, {"Node Type": "Sort", "Parent Relationship": "Outer", "Startup Cost": 11587.82, "Total Cost": 11837.82, "Plan Rows": 100000, "Plan Width": 75, "Actual Startup Time": 71.853, "Actual Total Time": 76.086, "Actual Rows": 35977, "Actual Loops": 1, "Sort Key": ["supplier.s_suppkey"], "Sort Method": "quicksort", "Sort Space Used": 18698, "Sort Space Type": "Memory", "Plans": [{"Node Type": "Seq Scan", "Parent Relationship": "Outer", "Relation Name": "supplier", "Alias": "supplier", "Startup Cost": 0.0, "Total Cost": 3283.0, "Plan Rows": 100000, "Plan Width": 75, "Actual Startup Time": 0.029, "Actual Total Time": 35.942, "Actual Rows": 100000, "Actual Loops": 1}]}, {"Node Type": "Sort", "Parent Relationship": "Inner", "Startup Cost": 1631906.91, "Total Cost": 1632055.36, "Plan Rows": 59380, "Plan Width": 16, "Actual Startup Time": 11257.357, "Actual Total Time": 11257.358, "Actual Rows": 1, "Actual Loops": 1, "Sort Key": ["revenue0.supplier_no"], "Sort Method": "quicksort", "Sort Space Used": 25, "Sort Space Type": "Memory", "Plans": [{"Node Type": "Subquery Scan", "Parent Relationship": "Outer", "Alias": "revenue0", "Startup Cost": 1625862.71, "Total Cost": 1627198.76, "Plan Rows": 59380, "Plan Width": 16, "Actual Startup Time": 11232.551, "Actual Total Time": 11257.099, "Actual Rows": 1, "Actual Loops": 1, "Plans": [{"Node Type": "Aggregate", "Strategy": "Hashed", "Parent Relationship": "Subquery", "Startup Cost": 1625862.71, "Total Cost": 1626604.96, "Plan Rows": 59380, "Plan Width": 24, "Actual Startup Time": 11232.548, "Actual Total Time": 11257.094, "Actual Rows": 1, "Actual Loops": 1, "Group By Key": ["public.lineitem.l_suppkey"], "Filter": "(sum((public.lineitem.l_extendedprice * (1::double precision - public.lineitem.l_discount))) = $0), (LLVM Optimized, Jit Execute)", "Rows Removed by Filter": 99999, "Plans": [{"Node Type": "Bitmap Heap Scan", "Parent Relationship": "Outer", "Relation Name": "lineitem", "Alias": "lineitem", "Startup Cost": 78544.19, "Total Cost": 1586191.59, "Plan Rows": 2266921, "Plan Width": 24, "Actual Startup Time": 1152.019, "Actual Total Time": 3563.729, "Actual Rows": 2293944, "Actual Loops": 1, "Recheck Cond": "((l_shipdate >= '1997-07-01 00:00:00'::timestamp(0) without time zone) AND (l_shipdate < '1997-10-01 00:00:00'::timestamp without time zone)), (LLVM Optimized, Jit Execute)", "Rows Removed by Index Recheck": 0, "Exact Heap Blocks": 732487, "Lossy Heap Blocks": 732487, "Plans": [{"Node Type": "Bitmap Index Scan", "Parent Relationship": "Outer", "Index Name": "idx_lineitem_shipdate", "Startup Cost": 0.0, "Total Cost": 77977.46, "Plan Rows": 2266921, "Plan Width": 0, "Actual Startup Time": 786.178, "Actual Total Time": 786.178, "Actual Rows": 2293944, "Actual Loops": 1, "Index Cond": "((l_shipdate >= '1997-07-01 00:00:00'::timestamp(0) without time zone) AND (l_shipdate < '1997-10-01 00:00:00'::timestamp without time zone))"}]}]}]}]}]}, "Triggers": [], "Planner Runtime": 1.086, "Total Runtime": 11352.046, "Unique SQL Id": 3712096918}}, "(1, '87')": {"explain_plan": {"Plan": {"Node Type": "Sort", "Startup Cost": 3497813.02, "Total Cost": 3497961.47, "Plan Rows": 59380, "Plan Width": 83, "Sort Key": ["supplier.s_suppkey"], "Plans": [{"Node Type": "Aggregate", "Strategy": "Plain", "Parent Relationship": "exec_init_plan", "Subplan Name": "InitPlan 1 (returns $0)", "Startup Cost": 1610196.85, "Total Cost": 1610196.86, "Plan Rows": 1, "Plan Width": 16, "Plans": [{"Node Type": "Aggregate", "Strategy": "Hashed", "Parent Relationship": "Outer", "Startup Cost": 1608860.8, "Total Cost": 1609454.6, "Plan Rows": 59380, "Plan Width": 24, "Group By Key": ["public.lineitem.l_suppkey"], "Plans": [{"Node Type": "Bitmap Heap Scan", "Parent Relationship": "Outer", "Relation Name": "lineitem", "Alias": "lineitem", "Startup Cost": 78544.19, "Total Cost": 1586191.59, "Plan Rows": 2266921, "Plan Width": 24, "Recheck Cond": "((l_shipdate >= '1997-07-01 00:00:00'::timestamp(0) without time zone) AND (l_shipdate < '1997-10-01 00:00:00'::timestamp without time zone)), (LLVM Optimized)", "Plans": [{"Node Type": "Bitmap Index Scan", "Parent Relationship": "Outer", "Index Name": "idx_lineitem_shipdate", "Startup Cost": 0.0, "Total Cost": 77977.46, "Plan Rows": 2266921, "Plan Width": 0, "Index Cond": "((l_shipdate >= '1997-07-01 00:00:00'::timestamp(0) without time zone) AND (l_shipdate < '1997-10-01 00:00:00'::timestamp without time zone))"}]}]}]}, {"Node Type": "Nested Loop", "Parent Relationship": "Outer", "Join Type": "Inner", "Startup Cost": 1625863.0, "Total Cost": 1882908.01, "Plan Rows": 59380, "Plan Width": 83, "Inner Unique": true, "Plans": [{"Node Type": "Aggregate", "Strategy": "Hashed", "Parent Relationship": "Outer", "Startup Cost": 1625862.71, "Total Cost": 1626604.96, "Plan Rows": 59380, "Plan Width": 24, "Group By Key": ["public.lineitem.l_suppkey"], "Filter": "(sum((public.lineitem.l_extendedprice * (1::double precision - public.lineitem.l_discount))) = $0), (LLVM Optimized)", "Plans": [{"Node Type": "Bitmap Heap Scan", "Parent Relationship": "Outer", "Relation Name": "lineitem", "Alias": "lineitem", "Startup Cost": 78544.19, "Total Cost": 1586191.59, "Plan Rows": 2266921, "Plan Width": 24, "Recheck Cond": "((l_shipdate >= '1997-07-01 00:00:00'::timestamp(0) without time zone) AND (l_shipdate < '1997-10-01 00:00:00'::timestamp without time zone)), (LLVM Optimized)", "Plans": [{"Node Type": "Bitmap Index Scan", "Parent Relationship": "Outer", "Index Name": "idx_lineitem_shipdate", "Startup Cost": 0.0, "Total Cost": 77977.46, "Plan Rows": 2266921, "Plan Width": 0, "Index Cond": "((l_shipdate >= '1997-07-01 00:00:00'::timestamp(0) without time zone) AND (l_shipdate < '1997-10-01 00:00:00'::timestamp without time zone))"}]}]}, {"Node Type": "Bitmap Heap Scan", "Parent Relationship": "Inner", "Relation Name": "supplier", "Alias": "supplier", "Startup Cost": 0.28, "Total Cost": 4.3, "Plan Rows": 1, "Plan Width": 75, "Recheck Cond": "(s_suppkey = public.lineitem.l_suppkey)", "Plans": [{"Node Type": "Bitmap Index Scan", "Parent Relationship": "Outer", "Index Name": "supplier_pkey", "Startup Cost": 0.0, "Total Cost": 0.28, "Plan Rows": 1, "Plan Width": 0, "Index Cond": "(s_suppkey = public.lineitem.l_suppkey)"}]}]}]}, "Unique SQL Id": 3712096918, "Planner Runtime": 0}, "explain_analyze_plan": {"Plan": {"Node Type": "Sort", "Startup Cost": 3497813.02, "Total Cost": 3497961.47, "Plan Rows": 59380, "Plan Width": 83, "Actual Startup Time": 11695.124, "Actual Total Time": 11695.125, "Actual Rows": 1, "Actual Loops": 1, "Sort Key": ["supplier.s_suppkey"], "Sort Method": "quicksort", "Sort Space Used": 25, "Sort Space Type": "Memory", "Plans": [{"Node Type": "Aggregate", "Strategy": "Plain", "Parent Relationship": "exec_init_plan", "Subplan Name": "InitPlan 1 (returns $0)", "Startup Cost": 1610196.85, "Total Cost": 1610196.86, "Plan Rows": 1, "Plan Width": 16, "Actual Startup Time": 5790.695, "Actual Total Time": 5790.695, "Actual Rows": 1, "Actual Loops": 1, "Plans": [{"Node Type": "Aggregate", "Strategy": "Hashed", "Parent Relationship": "Outer", "Startup Cost": 1608860.8, "Total Cost": 1609454.6, "Plan Rows": 59380, "Plan Width": 24, "Actual Startup Time": 5744.183, "Actual Total Time": 5775.7, "Actual Rows": 100000, "Actual Loops": 1, "Group By Key": ["public.lineitem.l_suppkey"], "Plans": [{"Node Type": "Bitmap Heap Scan", "Parent Relationship": "Outer", "Relation Name": "lineitem", "Alias": "lineitem", "Startup Cost": 78544.19, "Total Cost": 1586191.59, "Plan Rows": 2266921, "Plan Width": 24, "Actual Startup Time": 1410.62, "Actual Total Time": 4017.87, "Actual Rows": 2293944, "Actual Loops": 1, "Recheck Cond": "((l_shipdate >= '1997-07-01 00:00:00'::timestamp(0) without time zone) AND (l_shipdate < '1997-10-01 00:00:00'::timestamp without time zone)), (LLVM Optimized, Jit Execute)", "Rows Removed by Index Recheck": 0, "Exact Heap Blocks": 732487, "Lossy Heap Blocks": 732487, "Plans": [{"Node Type": "Bitmap Index Scan", "Parent Relationship": "Outer", "Index Name": "idx_lineitem_shipdate", "Startup Cost": 0.0, "Total Cost": 77977.46, "Plan Rows": 2266921, "Plan Width": 0, "Actual Startup Time": 1037.637, "Actual Total Time": 1037.637, "Actual Rows": 2293944, "Actual Loops": 1, "Index Cond": "((l_shipdate >= '1997-07-01 00:00:00'::timestamp(0) without time zone) AND (l_shipdate < '1997-10-01 00:00:00'::timestamp without time zone))"}]}]}]}, {"Node Type": "Nested Loop", "Parent Relationship": "Outer", "Join Type": "Inner", "Startup Cost": 1625863.0, "Total Cost": 1882908.01, "Plan Rows": 59380, "Plan Width": 83, "Actual Startup Time": 11669.86, "Actual Total Time": 11695.099, "Actual Rows": 1, "Actual Loops": 1, "Inner Unique": true, "Plans": [{"Node Type": "Aggregate", "Strategy": "Hashed", "Parent Relationship": "Outer", "Startup Cost": 1625862.71, "Total Cost": 1626604.96, "Plan Rows": 59380, "Plan Width": 24, "Actual Startup Time": 11669.792, "Actual Total Time": 11694.747, "Actual Rows": 1, "Actual Loops": 1, "Group By Key": ["public.lineitem.l_suppkey"], "Filter": "(sum((public.lineitem.l_extendedprice * (1::double precision - public.lineitem.l_discount))) = $0), (LLVM Optimized, Jit Execute)", "Rows Removed by Filter": 99999, "Plans": [{"Node Type": "Bitmap Heap Scan", "Parent Relationship": "Outer", "Relation Name": "lineitem", "Alias": "lineitem", "Startup Cost": 78544.19, "Total Cost": 1586191.59, "Plan Rows": 2266921, "Plan Width": 24, "Actual Startup Time": 1071.216, "Actual Total Time": 4099.156, "Actual Rows": 2293944, "Actual Loops": 1, "Recheck Cond": "((l_shipdate >= '1997-07-01 00:00:00'::timestamp(0) without time zone) AND (l_shipdate < '1997-10-01 00:00:00'::timestamp without time zone)), (LLVM Optimized, Jit Execute)", "Rows Removed by Index Recheck": 0, "Exact Heap Blocks": 732487, "Lossy Heap Blocks": 732487, "Plans": [{"Node Type": "Bitmap Index Scan", "Parent Relationship": "Outer", "Index Name": "idx_lineitem_shipdate", "Startup Cost": 0.0, "Total Cost": 77977.46, "Plan Rows": 2266921, "Plan Width": 0, "Actual Startup Time": 709.182, "Actual Total Time": 709.182, "Actual Rows": 2293944, "Actual Loops": 1, "Index Cond": "((l_shipdate >= '1997-07-01 00:00:00'::timestamp(0) without time zone) AND (l_shipdate < '1997-10-01 00:00:00'::timestamp without time zone))"}]}]}, {"Node Type": "Bitmap Heap Scan", "Parent Relationship": "Inner", "Relation Name": "supplier", "Alias": "supplier", "Startup Cost": 0.28, "Total Cost": 4.3, "Plan Rows": 1, "Plan Width": 75, "Actual Startup Time": 0.05, "Actual Total Time": 0.05, "Actual Rows": 1, "Actual Loops": 1, "Recheck Cond": "(s_suppkey = public.lineitem.l_suppkey)", "Rows Removed by Index Recheck": 0, "Exact Heap Blocks": 1, "Lossy Heap Blocks": 1, "Plans": [{"Node Type": "Bitmap Index Scan", "Parent Relationship": "Outer", "Index Name": "supplier_pkey", "Startup Cost": 0.0, "Total Cost": 0.28, "Plan Rows": 1, "Plan Width": 0, "Actual Startup Time": 0.026, "Actual Total Time": 0.026, "Actual Rows": 1, "Actual Loops": 1, "Index Cond": "(s_suppkey = public.lineitem.l_suppkey)"}]}]}]}, "Triggers": [], "Planner Runtime": 0.751, "Total Runtime": 11707.86, "Unique SQL Id": 3712096918}}, "(1, '88')": {"explain_plan": {"Plan": {"Node Type": "Merge Join", "Join Type": "Inner", "Startup Cost": 4699821.58, "Total Cost": 4706296.82, "Plan Rows": 59380, "Plan Width": 83, "Inner Unique": true, "Merge Cond": "(supplier.s_suppkey = revenue0.supplier_no)", "Plans": [{"Node Type": "Aggregate", "Strategy": "Plain", "Parent Relationship": "exec_init_plan", "Subplan Name": "InitPlan 1 (returns $0)", "Startup Cost": 2339055.76, "Total Cost": 2339055.77, "Plan Rows": 1, "Plan Width": 16, "Plans": [{"Node Type": "Aggregate", "Strategy": "Hashed", "Parent Relationship": "Outer", "Startup Cost": 2337719.71, "Total Cost": 2338313.51, "Plan Rows": 59380, "Plan Width": 24, "Group By Key": ["public.lineitem.l_suppkey"], "Plans": [{"Node Type": "Seq Scan", "Parent Relationship": "Outer", "Relation Name": "lineitem", "Alias": "lineitem", "Startup Cost": 25.33, "Total Cost": 2315050.5, "Plan Rows": 2266921, "Plan Width": 24, "Filter": "((l_shipdate >= '1997-07-01 00:00:00'::timestamp(0) without time zone) AND (l_shipdate < '1997-10-01 00:00:00'::timestamp without time zone)), (LLVM Optimized)"}]}]}, {"Node Type": "Index Scan", "Parent Relationship": "Outer", "Scan Direction": "Forward", "Index Name": "supplier_pkey", "Relation Name": "supplier", "Alias": "supplier", "Startup Cost": 0.0, "Total Cost": 5334.54, "Plan Rows": 100000, "Plan Width": 75}, {"Node Type": "Sort", "Parent Relationship": "Inner", "Startup Cost": 2360765.81, "Total Cost": 2360914.26, "Plan Rows": 59380, "Plan Width": 16, "Sort Key": ["revenue0.supplier_no"], "Plans": [{"Node Type": "Subquery Scan", "Parent Relationship": "Outer", "Alias": "revenue0", "Startup Cost": 2354721.61, "Total Cost": 2356057.66, "Plan Rows": 59380, "Plan Width": 16, "Plans": [{"Node Type": "Aggregate", "Strategy": "Hashed", "Parent Relationship": "Subquery", "Startup Cost": 2354721.61, "Total Cost": 2355463.86, "Plan Rows": 59380, "Plan Width": 24, "Group By Key": ["public.lineitem.l_suppkey"], "Filter": "(sum((public.lineitem.l_extendedprice * (1::double precision - public.lineitem.l_discount))) = $0), (LLVM Optimized)", "Plans": [{"Node Type": "Seq Scan", "Parent Relationship": "Outer", "Relation Name": "lineitem", "Alias": "lineitem", "Startup Cost": 25.33, "Total Cost": 2315050.5, "Plan Rows": 2266921, "Plan Width": 24, "Filter": "((l_shipdate >= '1997-07-01 00:00:00'::timestamp(0) without time zone) AND (l_shipdate < '1997-10-01 00:00:00'::timestamp without time zone)), (LLVM Optimized)"}]}]}]}]}, "Unique SQL Id": 3712096918, "Planner Runtime": 0}, "explain_analyze_plan": null}, "(1, '89')": {"explain_plan": {"Plan": {"Node Type": "Merge Join", "Join Type": "Inner", "Startup Cost": 10341221.9, "Total Cost": 10347697.14, "Plan Rows": 59380, "Plan Width": 83, "Inner Unique": true, "Merge Cond": "(supplier.s_suppkey = revenue0.supplier_no)", "Plans": [{"Node Type": "Aggregate", "Strategy": "Plain", "Parent Relationship": "exec_init_plan", "Subplan Name": "InitPlan 1 (returns $0)", "Startup Cost": 5159755.92, "Total Cost": 5159755.93, "Plan Rows": 1, "Plan Width": 16, "Plans": [{"Node Type": "Aggregate", "Strategy": "Hashed", "Parent Relationship": "Outer", "Startup Cost": 5158419.87, "Total Cost": 5159013.67, "Plan Rows": 59380, "Plan Width": 24, "Group By Key": ["public.lineitem.l_suppkey"], "Plans": [{"Node Type": "Index Scan", "Parent Relationship": "Outer", "Scan Direction": "Forward", "Index Name": "idx_lineitem_shipdate", "Relation Name": "lineitem", "Alias": "lineitem", "Startup Cost": 0.0, "Total Cost": 5135750.66, "Plan Rows": 2266921, "Plan Width": 24, "Index Cond": "((l_shipdate >= '1997-07-01 00:00:00'::timestamp(0) without time zone) AND (l_shipdate < '1997-10-01 00:00:00'::timestamp without time zone)), (LLVM Optimized)"}]}]}, {"Node Type": "Index Scan", "Parent Relationship": "Outer", "Scan Direction": "Forward", "Index Name": "supplier_pkey", "Relation Name": "supplier", "Alias": "supplier", "Startup Cost": 0.0, "Total Cost": 5334.54, "Plan Rows": 100000, "Plan Width": 75}, {"Node Type": "Sort", "Parent Relationship": "Inner", "Startup Cost": 5181465.97, "Total Cost": 5181614.42, "Plan Rows": 59380, "Plan Width": 16, "Sort Key": ["revenue0.supplier_no"], "Plans": [{"Node Type": "Subquery Scan", "Parent Relationship": "Outer", "Alias": "revenue0", "Startup Cost": 5175421.77, "Total Cost": 5176757.82, "Plan Rows": 59380, "Plan Width": 16, "Plans": [{"Node Type": "Aggregate", "Strategy": "Hashed", "Parent Relationship": "Subquery", "Startup Cost": 5175421.77, "Total Cost": 5176164.02, "Plan Rows": 59380, "Plan Width": 24, "Group By Key": ["public.lineitem.l_suppkey"], "Filter": "(sum((public.lineitem.l_extendedprice * (1::double precision - public.lineitem.l_discount))) = $0), (LLVM Optimized)", "Plans": [{"Node Type": "Index Scan", "Parent Relationship": "Outer", "Scan Direction": "Forward", "Index Name": "idx_lineitem_shipdate", "Relation Name": "lineitem", "Alias": "lineitem", "Startup Cost": 0.0, "Total Cost": 5135750.66, "Plan Rows": 2266921, "Plan Width": 24, "Index Cond": "((l_shipdate >= '1997-07-01 00:00:00'::timestamp(0) without time zone) AND (l_shipdate < '1997-10-01 00:00:00'::timestamp without time zone)), (LLVM Optimized)"}]}]}]}]}, "Unique SQL Id": 3712096918, "Planner Runtime": 0}, "explain_analyze_plan": {"Plan": {"Node Type": "Merge Join", "Join Type": "Inner", "Startup Cost": 10341221.9, "Total Cost": 10347697.14, "Plan Rows": 59380, "Plan Width": 83, "Actual Startup Time": 14684.402, "Actual Total Time": 14684.412, "Actual Rows": 1, "Actual Loops": 1, "Inner Unique": true, "Merge Cond": "(supplier.s_suppkey = revenue0.supplier_no)", "Plans": [{"Node Type": "Aggregate", "Strategy": "Plain", "Parent Relationship": "exec_init_plan", "Subplan Name": "InitPlan 1 (returns $0)", "Startup Cost": 5159755.92, "Total Cost": 5159755.93, "Plan Rows": 1, "Plan Width": 16, "Actual Startup Time": 6680.146, "Actual Total Time": 6680.147, "Actual Rows": 1, "Actual Loops": 1, "Plans": [{"Node Type": "Aggregate", "Strategy": "Hashed", "Parent Relationship": "Outer", "Startup Cost": 5158419.87, "Total Cost": 5159013.67, "Plan Rows": 59380, "Plan Width": 24, "Actual Startup Time": 6635.199, "Actual Total Time": 6665.066, "Actual Rows": 100000, "Actual Loops": 1, "Group By Key": ["public.lineitem.l_suppkey"], "Plans": [{"Node Type": "Index Scan", "Parent Relationship": "Outer", "Scan Direction": "Forward", "Index Name": "idx_lineitem_shipdate", "Relation Name": "lineitem", "Alias": "lineitem", "Startup Cost": 0.0, "Total Cost": 5135750.66, "Plan Rows": 2266921, "Plan Width": 24, "Actual Startup Time": 0.056, "Actual Total Time": 4877.828, "Actual Rows": 2293944, "Actual Loops": 1, "Index Cond": "((l_shipdate >= '1997-07-01 00:00:00'::timestamp(0) without time zone) AND (l_shipdate < '1997-10-01 00:00:00'::timestamp without time zone)), (LLVM Optimized, Jit Execute)", "Rows Removed by Index Recheck": 0}]}]}, {"Node Type": "Index Scan", "Parent Relationship": "Outer", "Scan Direction": "Forward", "Index Name": "supplier_pkey", "Relation Name": "supplier", "Alias": "supplier", "Startup Cost": 0.0, "Total Cost": 5334.54, "Plan Rows": 100000, "Plan Width": 75, "Actual Startup Time": 0.047, "Actual Total Time": 19.2, "Actual Rows": 35977, "Actual Loops": 1}, {"Node Type": "Sort", "Parent Relationship": "Inner", "Startup Cost": 5181465.97, "Total Cost": 5181614.42, "Plan Rows": 59380, "Plan Width": 16, "Actual Startup Time": 14660.259, "Actual Total Time": 14660.259, "Actual Rows": 1, "Actual Loops": 1, "Sort Key": ["revenue0.supplier_no"], "Sort Method": "quicksort", "Sort Space Used": 25, "Sort Space Type": "Memory", "Plans": [{"Node Type": "Subquery Scan", "Parent Relationship": "Outer", "Alias": "revenue0", "Startup Cost": 5175421.77, "Total Cost": 5176757.82, "Plan Rows": 59380, "Plan Width": 16, "Actual Startup Time": 14641.397, "Actual Total Time": 14660.029, "Actual Rows": 1, "Actual Loops": 1, "Plans": [{"Node Type": "Aggregate", "Strategy": "Hashed", "Parent Relationship": "Subquery", "Startup Cost": 5175421.77, "Total Cost": 5176164.02, "Plan Rows": 59380, "Plan Width": 24, "Actual Startup Time": 14641.396, "Actual Total Time": 14660.025, "Actual Rows": 1, "Actual Loops": 1, "Group By Key": ["public.lineitem.l_suppkey"], "Filter": "(sum((public.lineitem.l_extendedprice * (1::double precision - public.lineitem.l_discount))) = $0), (LLVM Optimized, Jit Execute)", "Rows Removed by Filter": 99999, "Plans": [{"Node Type": "Index Scan", "Parent Relationship": "Outer", "Scan Direction": "Forward", "Index Name": "idx_lineitem_shipdate", "Relation Name": "lineitem", "Alias": "lineitem", "Startup Cost": 0.0, "Total Cost": 5135750.66, "Plan Rows": 2266921, "Plan Width": 24, "Actual Startup Time": 0.05, "Actual Total Time": 5838.306, "Actual Rows": 2293944, "Actual Loops": 1, "Index Cond": "((l_shipdate >= '1997-07-01 00:00:00'::timestamp(0) without time zone) AND (l_shipdate < '1997-10-01 00:00:00'::timestamp without time zone)), (LLVM Optimized, Jit Execute)", "Rows Removed by Index Recheck": 0}]}]}]}]}, "Triggers": [], "Planner Runtime": 0.683, "Total Runtime": 14695.703, "Unique SQL Id": 3712096918}}, "(1, '90')": {"explain_plan": {"Plan": {"Node Type": "Merge Join", "Join Type": "Inner", "Startup Cost": 4711409.4, "Total Cost": 4712800.1, "Plan Rows": 59380, "Plan Width": 83, "Inner Unique": true, "Merge Cond": "(supplier.s_suppkey = revenue0.supplier_no)", "Plans": [{"Node Type": "Aggregate", "Strategy": "Plain", "Parent Relationship": "exec_init_plan", "Subplan Name": "InitPlan 1 (returns $0)", "Startup Cost": 2339055.76, "Total Cost": 2339055.77, "Plan Rows": 1, "Plan Width": 16, "Plans": [{"Node Type": "Aggregate", "Strategy": "Hashed", "Parent Relationship": "Outer", "Startup Cost": 2337719.71, "Total Cost": 2338313.51, "Plan Rows": 59380, "Plan Width": 24, "Group By Key": ["public.lineitem.l_suppkey"], "Plans": [{"Node Type": "Seq Scan", "Parent Relationship": "Outer", "Relation Name": "lineitem", "Alias": "lineitem", "Startup Cost": 25.33, "Total Cost": 2315050.5, "Plan Rows": 2266921, "Plan Width": 24, "Filter": "((l_shipdate >= '1997-07-01 00:00:00'::timestamp(0) without time zone) AND (l_shipdate < '1997-10-01 00:00:00'::timestamp without time zone)), (LLVM Optimized)"}]}]}, {"Node Type": "Sort", "Parent Relationship": "Outer", "Startup Cost": 11587.82, "Total Cost": 11837.82, "Plan Rows": 100000, "Plan Width": 75, "Sort Key": ["supplier.s_suppkey"], "Plans": [{"Node Type": "Seq Scan", "Parent Relationship": "Outer", "Relation Name": "supplier", "Alias": "supplier", "Startup Cost": 0.0, "Total Cost": 3283.0, "Plan Rows": 100000, "Plan Width": 75}]}, {"Node Type": "Sort", "Parent Relationship": "Inner", "Startup Cost": 2360765.81, "Total Cost": 2360914.26, "Plan Rows": 59380, "Plan Width": 16, "Sort Key": ["revenue0.supplier_no"], "Plans": [{"Node Type": "Subquery Scan", "Parent Relationship": "Outer", "Alias": "revenue0", "Startup Cost": 2354721.61, "Total Cost": 2356057.66, "Plan Rows": 59380, "Plan Width": 16, "Plans": [{"Node Type": "Aggregate", "Strategy": "Hashed", "Parent Relationship": "Subquery", "Startup Cost": 2354721.61, "Total Cost": 2355463.86, "Plan Rows": 59380, "Plan Width": 24, "Group By Key": ["public.lineitem.l_suppkey"], "Filter": "(sum((public.lineitem.l_extendedprice * (1::double precision - public.lineitem.l_discount))) = $0), (LLVM Optimized)", "Plans": [{"Node Type": "Seq Scan", "Parent Relationship": "Outer", "Relation Name": "lineitem", "Alias": "lineitem", "Startup Cost": 25.33, "Total Cost": 2315050.5, "Plan Rows": 2266921, "Plan Width": 24, "Filter": "((l_shipdate >= '1997-07-01 00:00:00'::timestamp(0) without time zone) AND (l_shipdate < '1997-10-01 00:00:00'::timestamp without time zone)), (LLVM Optimized)"}]}]}]}]}, "Unique SQL Id": 3712096918, "Planner Runtime": 0}, "explain_analyze_plan": null}, "(1, '91')": {"explain_plan": {"Plan": {"Node Type": "Merge Join", "Join Type": "Inner", "Startup Cost": 2010463079819.59, "Total Cost": 3000463614414.67, "Plan Rows": 59380, "Plan Width": 83, "Inner Unique": true, "Merge Cond": "(supplier.s_suppkey = revenue0.supplier_no)", "Plans": [{"Node Type": "Aggregate", "Strategy": "Plain", "Parent Relationship": "exec_init_plan", "Subplan Name": "InitPlan 1 (returns $0)", "Startup Cost": 1000231529054.76, "Total Cost": 1000231529054.77, "Plan Rows": 1, "Plan Width": 16, "Plans": [{"Node Type": "Aggregate", "Strategy": "Hashed", "Parent Relationship": "Outer", "Startup Cost": 1000231527718.71, "Total Cost": 1000231528312.51, "Plan Rows": 59380, "Plan Width": 24, "Group By Key": ["public.lineitem.l_suppkey"], "Plans": [{"Node Type": "Seq Scan", "Parent Relationship": "Outer", "Relation Name": "lineitem", "Alias": "lineitem", "Startup Cost": 10000000025.02, "Total Cost": 1000231505049.5, "Plan Rows": 2266921, "Plan Width": 24, "Filter": "((l_shipdate >= '1997-07-01 00:00:00'::timestamp(0) without time zone) AND (l_shipdate < '1997-10-01 00:00:00'::timestamp without time zone)), (LLVM Optimized)"}]}]}, {"Node Type": "Index Scan", "Parent Relationship": "Outer", "Scan Direction": "Forward", "Index Name": "supplier_pkey", "Relation Name": "supplier", "Alias": "supplier", "Startup Cost": 10000000000.0, "Total Cost": 1000000533454.38, "Plan Rows": 100000, "Plan Width": 75}, {"Node Type": "Sort", "Parent Relationship": "Inner", "Startup Cost": 1000231550764.82, "Total Cost": 1000231550913.27, "Plan Rows": 59380, "Plan Width": 16, "Sort Key": ["revenue0.supplier_no"], "Plans": [{"Node Type": "Subquery Scan", "Parent Relationship": "Outer", "Alias": "revenue0", "Startup Cost": 1000231544720.62, "Total Cost": 1000231546056.67, "Plan Rows": 59380, "Plan Width": 16, "Plans": [{"Node Type": "Aggregate", "Strategy": "Hashed", "Parent Relationship": "Subquery", "Startup Cost": 1000231544720.62, "Total Cost": 1000231545462.87, "Plan Rows": 59380, "Plan Width": 24, "Group By Key": ["public.lineitem.l_suppkey"], "Filter": "(sum((public.lineitem.l_extendedprice * (1::double precision - public.lineitem.l_discount))) = $0), (LLVM Optimized)", "Plans": [{"Node Type": "Seq Scan", "Parent Relationship": "Outer", "Relation Name": "lineitem", "Alias": "lineitem", "Startup Cost": 10000000025.02, "Total Cost": 1000231505049.5, "Plan Rows": 2266921, "Plan Width": 24, "Filter": "((l_shipdate >= '1997-07-01 00:00:00'::timestamp(0) without time zone) AND (l_shipdate < '1997-10-01 00:00:00'::timestamp without time zone)), (LLVM Optimized)"}]}]}]}]}, "Unique SQL Id": 3712096918, "Planner Runtime": 0}, "explain_analyze_plan": null}, "(1, '92')": {"explain_plan": {"Plan": {"Node Type": "Merge Join", "Join Type": "Inner", "Startup Cost": 4699821.58, "Total Cost": 4706296.82, "Plan Rows": 59380, "Plan Width": 83, "Inner Unique": true, "Merge Cond": "(supplier.s_suppkey = revenue0.supplier_no)", "Plans": [{"Node Type": "Aggregate", "Strategy": "Plain", "Parent Relationship": "exec_init_plan", "Subplan Name": "InitPlan 1 (returns $0)", "Startup Cost": 2339055.76, "Total Cost": 2339055.77, "Plan Rows": 1, "Plan Width": 16, "Plans": [{"Node Type": "Aggregate", "Strategy": "Hashed", "Parent Relationship": "Outer", "Startup Cost": 2337719.71, "Total Cost": 2338313.51, "Plan Rows": 59380, "Plan Width": 24, "Group By Key": ["public.lineitem.l_suppkey"], "Plans": [{"Node Type": "Seq Scan", "Parent Relationship": "Outer", "Relation Name": "lineitem", "Alias": "lineitem", "Startup Cost": 25.33, "Total Cost": 2315050.5, "Plan Rows": 2266921, "Plan Width": 24, "Filter": "((l_shipdate >= '1997-07-01 00:00:00'::timestamp(0) without time zone) AND (l_shipdate < '1997-10-01 00:00:00'::timestamp without time zone)), (LLVM Optimized)"}]}]}, {"Node Type": "Index Scan", "Parent Relationship": "Outer", "Scan Direction": "Forward", "Index Name": "supplier_pkey", "Relation Name": "supplier", "Alias": "supplier", "Startup Cost": 0.0, "Total Cost": 5334.54, "Plan Rows": 100000, "Plan Width": 75}, {"Node Type": "Sort", "Parent Relationship": "Inner", "Startup Cost": 2360765.81, "Total Cost": 2360914.26, "Plan Rows": 59380, "Plan Width": 16, "Sort Key": ["revenue0.supplier_no"], "Plans": [{"Node Type": "Subquery Scan", "Parent Relationship": "Outer", "Alias": "revenue0", "Startup Cost": 2354721.61, "Total Cost": 2356057.66, "Plan Rows": 59380, "Plan Width": 16, "Plans": [{"Node Type": "Aggregate", "Strategy": "Hashed", "Parent Relationship": "Subquery", "Startup Cost": 2354721.61, "Total Cost": 2355463.86, "Plan Rows": 59380, "Plan Width": 24, "Group By Key": ["public.lineitem.l_suppkey"], "Filter": "(sum((public.lineitem.l_extendedprice * (1::double precision - public.lineitem.l_discount))) = $0), (LLVM Optimized)", "Plans": [{"Node Type": "Seq Scan", "Parent Relationship": "Outer", "Relation Name": "lineitem", "Alias": "lineitem", "Startup Cost": 25.33, "Total Cost": 2315050.5, "Plan Rows": 2266921, "Plan Width": 24, "Filter": "((l_shipdate >= '1997-07-01 00:00:00'::timestamp(0) without time zone) AND (l_shipdate < '1997-10-01 00:00:00'::timestamp without time zone)), (LLVM Optimized)"}]}]}]}]}, "Unique SQL Id": 3712096918, "Planner Runtime": 0}, "explain_analyze_plan": null}, "(1, '93')": {"explain_plan": {"Plan": {"Node Type": "Merge Join", "Join Type": "Inner", "Startup Cost": 10341221.9, "Total Cost": 10347697.14, "Plan Rows": 59380, "Plan Width": 83, "Inner Unique": true, "Merge Cond": "(supplier.s_suppkey = revenue0.supplier_no)", "Plans": [{"Node Type": "Aggregate", "Strategy": "Plain", "Parent Relationship": "exec_init_plan", "Subplan Name": "InitPlan 1 (returns $0)", "Startup Cost": 5159755.92, "Total Cost": 5159755.93, "Plan Rows": 1, "Plan Width": 16, "Plans": [{"Node Type": "Aggregate", "Strategy": "Hashed", "Parent Relationship": "Outer", "Startup Cost": 5158419.87, "Total Cost": 5159013.67, "Plan Rows": 59380, "Plan Width": 24, "Group By Key": ["public.lineitem.l_suppkey"], "Plans": [{"Node Type": "Index Scan", "Parent Relationship": "Outer", "Scan Direction": "Forward", "Index Name": "idx_lineitem_shipdate", "Relation Name": "lineitem", "Alias": "lineitem", "Startup Cost": 0.0, "Total Cost": 5135750.66, "Plan Rows": 2266921, "Plan Width": 24, "Index Cond": "((l_shipdate >= '1997-07-01 00:00:00'::timestamp(0) without time zone) AND (l_shipdate < '1997-10-01 00:00:00'::timestamp without time zone)), (LLVM Optimized)"}]}]}, {"Node Type": "Index Scan", "Parent Relationship": "Outer", "Scan Direction": "Forward", "Index Name": "supplier_pkey", "Relation Name": "supplier", "Alias": "supplier", "Startup Cost": 0.0, "Total Cost": 5334.54, "Plan Rows": 100000, "Plan Width": 75}, {"Node Type": "Sort", "Parent Relationship": "Inner", "Startup Cost": 5181465.97, "Total Cost": 5181614.42, "Plan Rows": 59380, "Plan Width": 16, "Sort Key": ["revenue0.supplier_no"], "Plans": [{"Node Type": "Subquery Scan", "Parent Relationship": "Outer", "Alias": "revenue0", "Startup Cost": 5175421.77, "Total Cost": 5176757.82, "Plan Rows": 59380, "Plan Width": 16, "Plans": [{"Node Type": "Aggregate", "Strategy": "Hashed", "Parent Relationship": "Subquery", "Startup Cost": 5175421.77, "Total Cost": 5176164.02, "Plan Rows": 59380, "Plan Width": 24, "Group By Key": ["public.lineitem.l_suppkey"], "Filter": "(sum((public.lineitem.l_extendedprice * (1::double precision - public.lineitem.l_discount))) = $0), (LLVM Optimized)", "Plans": [{"Node Type": "Index Scan", "Parent Relationship": "Outer", "Scan Direction": "Forward", "Index Name": "idx_lineitem_shipdate", "Relation Name": "lineitem", "Alias": "lineitem", "Startup Cost": 0.0, "Total Cost": 5135750.66, "Plan Rows": 2266921, "Plan Width": 24, "Index Cond": "((l_shipdate >= '1997-07-01 00:00:00'::timestamp(0) without time zone) AND (l_shipdate < '1997-10-01 00:00:00'::timestamp without time zone)), (LLVM Optimized)"}]}]}]}]}, "Unique SQL Id": 3712096918, "Planner Runtime": 0}, "explain_analyze_plan": {"Plan": {"Node Type": "Merge Join", "Join Type": "Inner", "Startup Cost": 10341221.9, "Total Cost": 10347697.14, "Plan Rows": 59380, "Plan Width": 83, "Actual Startup Time": 14684.402, "Actual Total Time": 14684.412, "Actual Rows": 1, "Actual Loops": 1, "Inner Unique": true, "Merge Cond": "(supplier.s_suppkey = revenue0.supplier_no)", "Plans": [{"Node Type": "Aggregate", "Strategy": "Plain", "Parent Relationship": "exec_init_plan", "Subplan Name": "InitPlan 1 (returns $0)", "Startup Cost": 5159755.92, "Total Cost": 5159755.93, "Plan Rows": 1, "Plan Width": 16, "Actual Startup Time": 6680.146, "Actual Total Time": 6680.147, "Actual Rows": 1, "Actual Loops": 1, "Plans": [{"Node Type": "Aggregate", "Strategy": "Hashed", "Parent Relationship": "Outer", "Startup Cost": 5158419.87, "Total Cost": 5159013.67, "Plan Rows": 59380, "Plan Width": 24, "Actual Startup Time": 6635.199, "Actual Total Time": 6665.066, "Actual Rows": 100000, "Actual Loops": 1, "Group By Key": ["public.lineitem.l_suppkey"], "Plans": [{"Node Type": "Index Scan", "Parent Relationship": "Outer", "Scan Direction": "Forward", "Index Name": "idx_lineitem_shipdate", "Relation Name": "lineitem", "Alias": "lineitem", "Startup Cost": 0.0, "Total Cost": 5135750.66, "Plan Rows": 2266921, "Plan Width": 24, "Actual Startup Time": 0.056, "Actual Total Time": 4877.828, "Actual Rows": 2293944, "Actual Loops": 1, "Index Cond": "((l_shipdate >= '1997-07-01 00:00:00'::timestamp(0) without time zone) AND (l_shipdate < '1997-10-01 00:00:00'::timestamp without time zone)), (LLVM Optimized, Jit Execute)", "Rows Removed by Index Recheck": 0}]}]}, {"Node Type": "Index Scan", "Parent Relationship": "Outer", "Scan Direction": "Forward", "Index Name": "supplier_pkey", "Relation Name": "supplier", "Alias": "supplier", "Startup Cost": 0.0, "Total Cost": 5334.54, "Plan Rows": 100000, "Plan Width": 75, "Actual Startup Time": 0.047, "Actual Total Time": 19.2, "Actual Rows": 35977, "Actual Loops": 1}, {"Node Type": "Sort", "Parent Relationship": "Inner", "Startup Cost": 5181465.97, "Total Cost": 5181614.42, "Plan Rows": 59380, "Plan Width": 16, "Actual Startup Time": 14660.259, "Actual Total Time": 14660.259, "Actual Rows": 1, "Actual Loops": 1, "Sort Key": ["revenue0.supplier_no"], "Sort Method": "quicksort", "Sort Space Used": 25, "Sort Space Type": "Memory", "Plans": [{"Node Type": "Subquery Scan", "Parent Relationship": "Outer", "Alias": "revenue0", "Startup Cost": 5175421.77, "Total Cost": 5176757.82, "Plan Rows": 59380, "Plan Width": 16, "Actual Startup Time": 14641.397, "Actual Total Time": 14660.029, "Actual Rows": 1, "Actual Loops": 1, "Plans": [{"Node Type": "Aggregate", "Strategy": "Hashed", "Parent Relationship": "Subquery", "Startup Cost": 5175421.77, "Total Cost": 5176164.02, "Plan Rows": 59380, "Plan Width": 24, "Actual Startup Time": 14641.396, "Actual Total Time": 14660.025, "Actual Rows": 1, "Actual Loops": 1, "Group By Key": ["public.lineitem.l_suppkey"], "Filter": "(sum((public.lineitem.l_extendedprice * (1::double precision - public.lineitem.l_discount))) = $0), (LLVM Optimized, Jit Execute)", "Rows Removed by Filter": 99999, "Plans": [{"Node Type": "Index Scan", "Parent Relationship": "Outer", "Scan Direction": "Forward", "Index Name": "idx_lineitem_shipdate", "Relation Name": "lineitem", "Alias": "lineitem", "Startup Cost": 0.0, "Total Cost": 5135750.66, "Plan Rows": 2266921, "Plan Width": 24, "Actual Startup Time": 0.05, "Actual Total Time": 5838.306, "Actual Rows": 2293944, "Actual Loops": 1, "Index Cond": "((l_shipdate >= '1997-07-01 00:00:00'::timestamp(0) without time zone) AND (l_shipdate < '1997-10-01 00:00:00'::timestamp without time zone)), (LLVM Optimized, Jit Execute)", "Rows Removed by Index Recheck": 0}]}]}]}]}, "Triggers": [], "Planner Runtime": 0.683, "Total Runtime": 14695.703, "Unique SQL Id": 3712096918}}, "(1, '94')": {"explain_plan": {"Plan": {"Node Type": "Merge Join", "Join Type": "Inner", "Startup Cost": 4711409.4, "Total Cost": 4712800.1, "Plan Rows": 59380, "Plan Width": 83, "Inner Unique": true, "Merge Cond": "(supplier.s_suppkey = revenue0.supplier_no)", "Plans": [{"Node Type": "Aggregate", "Strategy": "Plain", "Parent Relationship": "exec_init_plan", "Subplan Name": "InitPlan 1 (returns $0)", "Startup Cost": 2339055.76, "Total Cost": 2339055.77, "Plan Rows": 1, "Plan Width": 16, "Plans": [{"Node Type": "Aggregate", "Strategy": "Hashed", "Parent Relationship": "Outer", "Startup Cost": 2337719.71, "Total Cost": 2338313.51, "Plan Rows": 59380, "Plan Width": 24, "Group By Key": ["public.lineitem.l_suppkey"], "Plans": [{"Node Type": "Seq Scan", "Parent Relationship": "Outer", "Relation Name": "lineitem", "Alias": "lineitem", "Startup Cost": 25.33, "Total Cost": 2315050.5, "Plan Rows": 2266921, "Plan Width": 24, "Filter": "((l_shipdate >= '1997-07-01 00:00:00'::timestamp(0) without time zone) AND (l_shipdate < '1997-10-01 00:00:00'::timestamp without time zone)), (LLVM Optimized)"}]}]}, {"Node Type": "Sort", "Parent Relationship": "Outer", "Startup Cost": 11587.82, "Total Cost": 11837.82, "Plan Rows": 100000, "Plan Width": 75, "Sort Key": ["supplier.s_suppkey"], "Plans": [{"Node Type": "Seq Scan", "Parent Relationship": "Outer", "Relation Name": "supplier", "Alias": "supplier", "Startup Cost": 0.0, "Total Cost": 3283.0, "Plan Rows": 100000, "Plan Width": 75}]}, {"Node Type": "Sort", "Parent Relationship": "Inner", "Startup Cost": 2360765.81, "Total Cost": 2360914.26, "Plan Rows": 59380, "Plan Width": 16, "Sort Key": ["revenue0.supplier_no"], "Plans": [{"Node Type": "Subquery Scan", "Parent Relationship": "Outer", "Alias": "revenue0", "Startup Cost": 2354721.61, "Total Cost": 2356057.66, "Plan Rows": 59380, "Plan Width": 16, "Plans": [{"Node Type": "Aggregate", "Strategy": "Hashed", "Parent Relationship": "Subquery", "Startup Cost": 2354721.61, "Total Cost": 2355463.86, "Plan Rows": 59380, "Plan Width": 24, "Group By Key": ["public.lineitem.l_suppkey"], "Filter": "(sum((public.lineitem.l_extendedprice * (1::double precision - public.lineitem.l_discount))) = $0), (LLVM Optimized)", "Plans": [{"Node Type": "Seq Scan", "Parent Relationship": "Outer", "Relation Name": "lineitem", "Alias": "lineitem", "Startup Cost": 25.33, "Total Cost": 2315050.5, "Plan Rows": 2266921, "Plan Width": 24, "Filter": "((l_shipdate >= '1997-07-01 00:00:00'::timestamp(0) without time zone) AND (l_shipdate < '1997-10-01 00:00:00'::timestamp without time zone)), (LLVM Optimized)"}]}]}]}]}, "Unique SQL Id": 3712096918, "Planner Runtime": 0}, "explain_analyze_plan": null}, "(1, '95')": {"explain_plan": {"Plan": {"Node Type": "Merge Join", "Join Type": "Inner", "Startup Cost": 2010463079819.59, "Total Cost": 3000463614414.67, "Plan Rows": 59380, "Plan Width": 83, "Inner Unique": true, "Merge Cond": "(supplier.s_suppkey = revenue0.supplier_no)", "Plans": [{"Node Type": "Aggregate", "Strategy": "Plain", "Parent Relationship": "exec_init_plan", "Subplan Name": "InitPlan 1 (returns $0)", "Startup Cost": 1000231529054.76, "Total Cost": 1000231529054.77, "Plan Rows": 1, "Plan Width": 16, "Plans": [{"Node Type": "Aggregate", "Strategy": "Hashed", "Parent Relationship": "Outer", "Startup Cost": 1000231527718.71, "Total Cost": 1000231528312.51, "Plan Rows": 59380, "Plan Width": 24, "Group By Key": ["public.lineitem.l_suppkey"], "Plans": [{"Node Type": "Seq Scan", "Parent Relationship": "Outer", "Relation Name": "lineitem", "Alias": "lineitem", "Startup Cost": 10000000025.02, "Total Cost": 1000231505049.5, "Plan Rows": 2266921, "Plan Width": 24, "Filter": "((l_shipdate >= '1997-07-01 00:00:00'::timestamp(0) without time zone) AND (l_shipdate < '1997-10-01 00:00:00'::timestamp without time zone)), (LLVM Optimized)"}]}]}, {"Node Type": "Index Scan", "Parent Relationship": "Outer", "Scan Direction": "Forward", "Index Name": "supplier_pkey", "Relation Name": "supplier", "Alias": "supplier", "Startup Cost": 10000000000.0, "Total Cost": 1000000533454.38, "Plan Rows": 100000, "Plan Width": 75}, {"Node Type": "Sort", "Parent Relationship": "Inner", "Startup Cost": 1000231550764.82, "Total Cost": 1000231550913.27, "Plan Rows": 59380, "Plan Width": 16, "Sort Key": ["revenue0.supplier_no"], "Plans": [{"Node Type": "Subquery Scan", "Parent Relationship": "Outer", "Alias": "revenue0", "Startup Cost": 1000231544720.62, "Total Cost": 1000231546056.67, "Plan Rows": 59380, "Plan Width": 16, "Plans": [{"Node Type": "Aggregate", "Strategy": "Hashed", "Parent Relationship": "Subquery", "Startup Cost": 1000231544720.62, "Total Cost": 1000231545462.87, "Plan Rows": 59380, "Plan Width": 24, "Group By Key": ["public.lineitem.l_suppkey"], "Filter": "(sum((public.lineitem.l_extendedprice * (1::double precision - public.lineitem.l_discount))) = $0), (LLVM Optimized)", "Plans": [{"Node Type": "Seq Scan", "Parent Relationship": "Outer", "Relation Name": "lineitem", "Alias": "lineitem", "Startup Cost": 10000000025.02, "Total Cost": 1000231505049.5, "Plan Rows": 2266921, "Plan Width": 24, "Filter": "((l_shipdate >= '1997-07-01 00:00:00'::timestamp(0) without time zone) AND (l_shipdate < '1997-10-01 00:00:00'::timestamp without time zone)), (LLVM Optimized)"}]}]}]}]}, "Unique SQL Id": 3712096918, "Planner Runtime": 0}, "explain_analyze_plan": null}, "(1, '96')": {"explain_plan": {"Plan": {"Node Type": "Sort", "Startup Cost": 3247453.25, "Total Cost": 3247601.7, "Plan Rows": 59380, "Plan Width": 83, "Sort Key": ["supplier.s_suppkey"], "Plans": [{"Node Type": "Aggregate", "Strategy": "Plain", "Parent Relationship": "exec_init_plan", "Subplan Name": "InitPlan 1 (returns $0)", "Startup Cost": 1610196.85, "Total Cost": 1610196.86, "Plan Rows": 1, "Plan Width": 16, "Plans": [{"Node Type": "Aggregate", "Strategy": "Hashed", "Parent Relationship": "Outer", "Startup Cost": 1608860.8, "Total Cost": 1609454.6, "Plan Rows": 59380, "Plan Width": 24, "Group By Key": ["public.lineitem.l_suppkey"], "Plans": [{"Node Type": "Bitmap Heap Scan", "Parent Relationship": "Outer", "Relation Name": "lineitem", "Alias": "lineitem", "Startup Cost": 78544.19, "Total Cost": 1586191.59, "Plan Rows": 2266921, "Plan Width": 24, "Recheck Cond": "((l_shipdate >= '1997-07-01 00:00:00'::timestamp(0) without time zone) AND (l_shipdate < '1997-10-01 00:00:00'::timestamp without time zone)), (LLVM Optimized)", "Plans": [{"Node Type": "Bitmap Index Scan", "Parent Relationship": "Outer", "Index Name": "idx_lineitem_shipdate", "Startup Cost": 0.0, "Total Cost": 77977.46, "Plan Rows": 2266921, "Plan Width": 0, "Index Cond": "((l_shipdate >= '1997-07-01 00:00:00'::timestamp(0) without time zone) AND (l_shipdate < '1997-10-01 00:00:00'::timestamp without time zone))"}]}]}]}, {"Node Type": "Hash Join", "Parent Relationship": "Outer", "Join Type": "Inner", "Startup Cost": 1630395.71, "Total Cost": 1632548.24, "Plan Rows": 59380, "Plan Width": 83, "Inner Unique": true, "Hash Cond": "(public.lineitem.l_suppkey = supplier.s_suppkey)", "Plans": [{"Node Type": "Aggregate", "Strategy": "Hashed", "Parent Relationship": "Outer", "Startup Cost": 1625862.71, "Total Cost": 1626604.96, "Plan Rows": 59380, "Plan Width": 24, "Group By Key": ["public.lineitem.l_suppkey"], "Filter": "(sum((public.lineitem.l_extendedprice * (1::double precision - public.lineitem.l_discount))) = $0), (LLVM Optimized)", "Plans": [{"Node Type": "Bitmap Heap Scan", "Parent Relationship": "Outer", "Relation Name": "lineitem", "Alias": "lineitem", "Startup Cost": 78544.19, "Total Cost": 1586191.59, "Plan Rows": 2266921, "Plan Width": 24, "Recheck Cond": "((l_shipdate >= '1997-07-01 00:00:00'::timestamp(0) without time zone) AND (l_shipdate < '1997-10-01 00:00:00'::timestamp without time zone)), (LLVM Optimized)", "Plans": [{"Node Type": "Bitmap Index Scan", "Parent Relationship": "Outer", "Index Name": "idx_lineitem_shipdate", "Startup Cost": 0.0, "Total Cost": 77977.46, "Plan Rows": 2266921, "Plan Width": 0, "Index Cond": "((l_shipdate >= '1997-07-01 00:00:00'::timestamp(0) without time zone) AND (l_shipdate < '1997-10-01 00:00:00'::timestamp without time zone))"}]}]}, {"Node Type": "Hash", "Parent Relationship": "Inner", "Startup Cost": 3283.0, "Total Cost": 3283.0, "Plan Rows": 100000, "Plan Width": 75, "Plans": [{"Node Type": "Seq Scan", "Parent Relationship": "Outer", "Relation Name": "supplier", "Alias": "supplier", "Startup Cost": 0.0, "Total Cost": 3283.0, "Plan Rows": 100000, "Plan Width": 75}]}]}]}, "Unique SQL Id": 3712096918, "Planner Runtime": 0}, "explain_analyze_plan": {"Plan": {"Node Type": "Sort", "Startup Cost": 3247453.25, "Total Cost": 3247601.7, "Plan Rows": 59380, "Plan Width": 83, "Actual Startup Time": 10846.599, "Actual Total Time": 10846.599, "Actual Rows": 1, "Actual Loops": 1, "Sort Key": ["supplier.s_suppkey"], "Sort Method": "quicksort", "Sort Space Used": 25, "Sort Space Type": "Memory", "Plans": [{"Node Type": "Aggregate", "Strategy": "Plain", "Parent Relationship": "exec_init_plan", "Subplan Name": "InitPlan 1 (returns $0)", "Startup Cost": 1610196.85, "Total Cost": 1610196.86, "Plan Rows": 1, "Plan Width": 16, "Actual Startup Time": 5223.255, "Actual Total Time": 5223.255, "Actual Rows": 1, "Actual Loops": 1, "Plans": [{"Node Type": "Aggregate", "Strategy": "Hashed", "Parent Relationship": "Outer", "Startup Cost": 1608860.8, "Total Cost": 1609454.6, "Plan Rows": 59380, "Plan Width": 24, "Actual Startup Time": 5179.7, "Actual Total Time": 5208.354, "Actual Rows": 100000, "Actual Loops": 1, "Group By Key": ["public.lineitem.l_suppkey"], "Plans": [{"Node Type": "Bitmap Heap Scan", "Parent Relationship": "Outer", "Relation Name": "lineitem", "Alias": "lineitem", "Startup Cost": 78544.19, "Total Cost": 1586191.59, "Plan Rows": 2266921, "Plan Width": 24, "Actual Startup Time": 979.929, "Actual Total Time": 3546.169, "Actual Rows": 2293944, "Actual Loops": 1, "Recheck Cond": "((l_shipdate >= '1997-07-01 00:00:00'::timestamp(0) without time zone) AND (l_shipdate < '1997-10-01 00:00:00'::timestamp without time zone)), (LLVM Optimized, Jit Execute)", "Rows Removed by Index Recheck": 0, "Exact Heap Blocks": 732487, "Lossy Heap Blocks": 732487, "Plans": [{"Node Type": "Bitmap Index Scan", "Parent Relationship": "Outer", "Index Name": "idx_lineitem_shipdate", "Startup Cost": 0.0, "Total Cost": 77977.46, "Plan Rows": 2266921, "Plan Width": 0, "Actual Startup Time": 695.151, "Actual Total Time": 695.151, "Actual Rows": 2293944, "Actual Loops": 1, "Index Cond": "((l_shipdate >= '1997-07-01 00:00:00'::timestamp(0) without time zone) AND (l_shipdate < '1997-10-01 00:00:00'::timestamp without time zone))"}]}]}]}, {"Node Type": "Hash Join", "Parent Relationship": "Outer", "Join Type": "Inner", "Startup Cost": 1630395.71, "Total Cost": 1632548.24, "Plan Rows": 59380, "Plan Width": 83, "Actual Startup Time": 10827.47, "Actual Total Time": 10846.29, "Actual Rows": 1, "Actual Loops": 1, "Inner Unique": true, "Hash Cond": "(public.lineitem.l_suppkey = supplier.s_suppkey)", "Plans": [{"Node Type": "Aggregate", "Strategy": "Hashed", "Parent Relationship": "Outer", "Startup Cost": 1625862.71, "Total Cost": 1626604.96, "Plan Rows": 59380, "Plan Width": 24, "Actual Startup Time": 10757.207, "Actual Total Time": 10775.817, "Actual Rows": 1, "Actual Loops": 1, "Group By Key": ["public.lineitem.l_suppkey"], "Filter": "(sum((public.lineitem.l_extendedprice * (1::double precision - public.lineitem.l_discount))) = $0), (LLVM Optimized, Jit Execute)", "Rows Removed by Filter": 99999, "Plans": [{"Node Type": "Bitmap Heap Scan", "Parent Relationship": "Outer", "Relation Name": "lineitem", "Alias": "lineitem", "Startup Cost": 78544.19, "Total Cost": 1586191.59, "Plan Rows": 2266921, "Plan Width": 24, "Actual Startup Time": 1019.767, "Actual Total Time": 3859.458, "Actual Rows": 2293944, "Actual Loops": 1, "Recheck Cond": "((l_shipdate >= '1997-07-01 00:00:00'::timestamp(0) without time zone) AND (l_shipdate < '1997-10-01 00:00:00'::timestamp without time zone)), (LLVM Optimized, Jit Execute)", "Rows Removed by Index Recheck": 0, "Exact Heap Blocks": 732487, "Lossy Heap Blocks": 732487, "Plans": [{"Node Type": "Bitmap Index Scan", "Parent Relationship": "Outer", "Index Name": "idx_lineitem_shipdate", "Startup Cost": 0.0, "Total Cost": 77977.46, "Plan Rows": 2266921, "Plan Width": 0, "Actual Startup Time": 700.948, "Actual Total Time": 700.948, "Actual Rows": 2293944, "Actual Loops": 1, "Index Cond": "((l_shipdate >= '1997-07-01 00:00:00'::timestamp(0) without time zone) AND (l_shipdate < '1997-10-01 00:00:00'::timestamp without time zone))"}]}]}, {"Node Type": "Hash", "Parent Relationship": "Inner", "Startup Cost": 3283.0, "Total Cost": 3283.0, "Plan Rows": 100000, "Plan Width": 75, "Actual Startup Time": 70.11, "Actual Total Time": 70.11, "Actual Rows": 100000, "Actual Loops": 1, "Hash Buckets": 131072, "Hash Batches": 1, "Original Hash Batches": 1, "Peak Memory Usage": 10544, "Plans": [{"Node Type": "Seq Scan", "Parent Relationship": "Outer", "Relation Name": "supplier", "Alias": "supplier", "Startup Cost": 0.0, "Total Cost": 3283.0, "Plan Rows": 100000, "Plan Width": 75, "Actual Startup Time": 0.029, "Actual Total Time": 37.751, "Actual Rows": 100000, "Actual Loops": 1}]}]}]}, "Triggers": [], "Planner Runtime": 0.657, "Total Runtime": 10859.109, "Unique SQL Id": 3712096918}}, "(1, '97')": {"explain_plan": {"Plan": {"Node Type": "Sort", "Startup Cost": 3249504.79, "Total Cost": 3249653.24, "Plan Rows": 59380, "Plan Width": 83, "Sort Key": ["supplier.s_suppkey"], "Plans": [{"Node Type": "Aggregate", "Strategy": "Plain", "Parent Relationship": "exec_init_plan", "Subplan Name": "InitPlan 1 (returns $0)", "Startup Cost": 1610196.85, "Total Cost": 1610196.86, "Plan Rows": 1, "Plan Width": 16, "Plans": [{"Node Type": "Aggregate", "Strategy": "Hashed", "Parent Relationship": "Outer", "Startup Cost": 1608860.8, "Total Cost": 1609454.6, "Plan Rows": 59380, "Plan Width": 24, "Group By Key": ["public.lineitem.l_suppkey"], "Plans": [{"Node Type": "Bitmap Heap Scan", "Parent Relationship": "Outer", "Relation Name": "lineitem", "Alias": "lineitem", "Startup Cost": 78544.19, "Total Cost": 1586191.59, "Plan Rows": 2266921, "Plan Width": 24, "Recheck Cond": "((l_shipdate >= '1997-07-01 00:00:00'::timestamp(0) without time zone) AND (l_shipdate < '1997-10-01 00:00:00'::timestamp without time zone)), (LLVM Optimized)", "Plans": [{"Node Type": "Bitmap Index Scan", "Parent Relationship": "Outer", "Index Name": "idx_lineitem_shipdate", "Startup Cost": 0.0, "Total Cost": 77977.46, "Plan Rows": 2266921, "Plan Width": 0, "Index Cond": "((l_shipdate >= '1997-07-01 00:00:00'::timestamp(0) without time zone) AND (l_shipdate < '1997-10-01 00:00:00'::timestamp without time zone))"}]}]}]}, {"Node Type": "Hash Join", "Parent Relationship": "Outer", "Join Type": "Inner", "Startup Cost": 1632447.26, "Total Cost": 1634599.78, "Plan Rows": 59380, "Plan Width": 83, "Inner Unique": true, "Hash Cond": "(public.lineitem.l_suppkey = supplier.s_suppkey)", "Plans": [{"Node Type": "Aggregate", "Strategy": "Hashed", "Parent Relationship": "Outer", "Startup Cost": 1625862.71, "Total Cost": 1626604.96, "Plan Rows": 59380, "Plan Width": 24, "Group By Key": ["public.lineitem.l_suppkey"], "Filter": "(sum((public.lineitem.l_extendedprice * (1::double precision - public.lineitem.l_discount))) = $0), (LLVM Optimized)", "Plans": [{"Node Type": "Bitmap Heap Scan", "Parent Relationship": "Outer", "Relation Name": "lineitem", "Alias": "lineitem", "Startup Cost": 78544.19, "Total Cost": 1586191.59, "Plan Rows": 2266921, "Plan Width": 24, "Recheck Cond": "((l_shipdate >= '1997-07-01 00:00:00'::timestamp(0) without time zone) AND (l_shipdate < '1997-10-01 00:00:00'::timestamp without time zone)), (LLVM Optimized)", "Plans": [{"Node Type": "Bitmap Index Scan", "Parent Relationship": "Outer", "Index Name": "idx_lineitem_shipdate", "Startup Cost": 0.0, "Total Cost": 77977.46, "Plan Rows": 2266921, "Plan Width": 0, "Index Cond": "((l_shipdate >= '1997-07-01 00:00:00'::timestamp(0) without time zone) AND (l_shipdate < '1997-10-01 00:00:00'::timestamp without time zone))"}]}]}, {"Node Type": "Hash", "Parent Relationship": "Inner", "Startup Cost": 5334.54, "Total Cost": 5334.54, "Plan Rows": 100000, "Plan Width": 75, "Plans": [{"Node Type": "Index Scan", "Parent Relationship": "Outer", "Scan Direction": "Forward", "Index Name": "supplier_pkey", "Relation Name": "supplier", "Alias": "supplier", "Startup Cost": 0.0, "Total Cost": 5334.54, "Plan Rows": 100000, "Plan Width": 75}]}]}]}, "Unique SQL Id": 3712096918, "Planner Runtime": 0}, "explain_analyze_plan": {"Plan": {"Node Type": "Sort", "Startup Cost": 3249504.79, "Total Cost": 3249653.24, "Plan Rows": 59380, "Plan Width": 83, "Actual Startup Time": 10835.287, "Actual Total Time": 10835.288, "Actual Rows": 1, "Actual Loops": 1, "Sort Key": ["supplier.s_suppkey"], "Sort Method": "quicksort", "Sort Space Used": 25, "Sort Space Type": "Memory", "Plans": [{"Node Type": "Aggregate", "Strategy": "Plain", "Parent Relationship": "exec_init_plan", "Subplan Name": "InitPlan 1 (returns $0)", "Startup Cost": 1610196.85, "Total Cost": 1610196.86, "Plan Rows": 1, "Plan Width": 16, "Actual Startup Time": 5315.167, "Actual Total Time": 5315.167, "Actual Rows": 1, "Actual Loops": 1, "Plans": [{"Node Type": "Aggregate", "Strategy": "Hashed", "Parent Relationship": "Outer", "Startup Cost": 1608860.8, "Total Cost": 1609454.6, "Plan Rows": 59380, "Plan Width": 24, "Actual Startup Time": 5268.057, "Actual Total Time": 5300.078, "Actual Rows": 100000, "Actual Loops": 1, "Group By Key": ["public.lineitem.l_suppkey"], "Plans": [{"Node Type": "Bitmap Heap Scan", "Parent Relationship": "Outer", "Relation Name": "lineitem", "Alias": "lineitem", "Startup Cost": 78544.19, "Total Cost": 1586191.59, "Plan Rows": 2266921, "Plan Width": 24, "Actual Startup Time": 980.993, "Actual Total Time": 3628.25, "Actual Rows": 2293944, "Actual Loops": 1, "Recheck Cond": "((l_shipdate >= '1997-07-01 00:00:00'::timestamp(0) without time zone) AND (l_shipdate < '1997-10-01 00:00:00'::timestamp without time zone)), (LLVM Optimized, Jit Execute)", "Rows Removed by Index Recheck": 0, "Exact Heap Blocks": 732487, "Lossy Heap Blocks": 732487, "Plans": [{"Node Type": "Bitmap Index Scan", "Parent Relationship": "Outer", "Index Name": "idx_lineitem_shipdate", "Startup Cost": 0.0, "Total Cost": 77977.46, "Plan Rows": 2266921, "Plan Width": 0, "Actual Startup Time": 696.451, "Actual Total Time": 696.451, "Actual Rows": 2293944, "Actual Loops": 1, "Index Cond": "((l_shipdate >= '1997-07-01 00:00:00'::timestamp(0) without time zone) AND (l_shipdate < '1997-10-01 00:00:00'::timestamp without time zone))"}]}]}]}, {"Node Type": "Hash Join", "Parent Relationship": "Outer", "Join Type": "Inner", "Startup Cost": 1632447.26, "Total Cost": 1634599.78, "Plan Rows": 59380, "Plan Width": 83, "Actual Startup Time": 10813.935, "Actual Total Time": 10834.968, "Actual Rows": 1, "Actual Loops": 1, "Inner Unique": true, "Hash Cond": "(public.lineitem.l_suppkey = supplier.s_suppkey)", "Plans": [{"Node Type": "Aggregate", "Strategy": "Hashed", "Parent Relationship": "Outer", "Startup Cost": 1625862.71, "Total Cost": 1626604.96, "Plan Rows": 59380, "Plan Width": 24, "Actual Startup Time": 10718.906, "Actual Total Time": 10739.737, "Actual Rows": 1, "Actual Loops": 1, "Group By Key": ["public.lineitem.l_suppkey"], "Filter": "(sum((public.lineitem.l_extendedprice * (1::double precision - public.lineitem.l_discount))) = $0), (LLVM Optimized, Jit Execute)", "Rows Removed by Filter": 99999, "Plans": [{"Node Type": "Bitmap Heap Scan", "Parent Relationship": "Outer", "Relation Name": "lineitem", "Alias": "lineitem", "Startup Cost": 78544.19, "Total Cost": 1586191.59, "Plan Rows": 2266921, "Plan Width": 24, "Actual Startup Time": 985.619, "Actual Total Time": 3703.062, "Actual Rows": 2293944, "Actual Loops": 1, "Recheck Cond": "((l_shipdate >= '1997-07-01 00:00:00'::timestamp(0) without time zone) AND (l_shipdate < '1997-10-01 00:00:00'::timestamp without time zone)), (LLVM Optimized, Jit Execute)", "Rows Removed by Index Recheck": 0, "Exact Heap Blocks": 732487, "Lossy Heap Blocks": 732487, "Plans": [{"Node Type": "Bitmap Index Scan", "Parent Relationship": "Outer", "Index Name": "idx_lineitem_shipdate", "Startup Cost": 0.0, "Total Cost": 77977.46, "Plan Rows": 2266921, "Plan Width": 0, "Actual Startup Time": 700.856, "Actual Total Time": 700.856, "Actual Rows": 2293944, "Actual Loops": 1, "Index Cond": "((l_shipdate >= '1997-07-01 00:00:00'::timestamp(0) without time zone) AND (l_shipdate < '1997-10-01 00:00:00'::timestamp without time zone))"}]}]}, {"Node Type": "Hash", "Parent Relationship": "Inner", "Startup Cost": 5334.54, "Total Cost": 5334.54, "Plan Rows": 100000, "Plan Width": 75, "Actual Startup Time": 94.796, "Actual Total Time": 94.796, "Actual Rows": 100000, "Actual Loops": 1, "Hash Buckets": 131072, "Hash Batches": 1, "Original Hash Batches": 1, "Peak Memory Usage": 10544, "Plans": [{"Node Type": "Index Scan", "Parent Relationship": "Outer", "Scan Direction": "Forward", "Index Name": "supplier_pkey", "Relation Name": "supplier", "Alias": "supplier", "Startup Cost": 0.0, "Total Cost": 5334.54, "Plan Rows": 100000, "Plan Width": 75, "Actual Startup Time": 0.045, "Actual Total Time": 60.951, "Actual Rows": 100000, "Actual Loops": 1}]}]}]}, "Triggers": [], "Planner Runtime": 0.683, "Total Runtime": 10847.902, "Unique SQL Id": 3712096918}}, "(1, '98')": {"explain_plan": {"Plan": {"Node Type": "Sort", "Startup Cost": 3247453.25, "Total Cost": 3247601.7, "Plan Rows": 59380, "Plan Width": 83, "Sort Key": ["supplier.s_suppkey"], "Plans": [{"Node Type": "Aggregate", "Strategy": "Plain", "Parent Relationship": "exec_init_plan", "Subplan Name": "InitPlan 1 (returns $0)", "Startup Cost": 1610196.85, "Total Cost": 1610196.86, "Plan Rows": 1, "Plan Width": 16, "Plans": [{"Node Type": "Aggregate", "Strategy": "Hashed", "Parent Relationship": "Outer", "Startup Cost": 1608860.8, "Total Cost": 1609454.6, "Plan Rows": 59380, "Plan Width": 24, "Group By Key": ["public.lineitem.l_suppkey"], "Plans": [{"Node Type": "Bitmap Heap Scan", "Parent Relationship": "Outer", "Relation Name": "lineitem", "Alias": "lineitem", "Startup Cost": 78544.19, "Total Cost": 1586191.59, "Plan Rows": 2266921, "Plan Width": 24, "Recheck Cond": "((l_shipdate >= '1997-07-01 00:00:00'::timestamp(0) without time zone) AND (l_shipdate < '1997-10-01 00:00:00'::timestamp without time zone)), (LLVM Optimized)", "Plans": [{"Node Type": "Bitmap Index Scan", "Parent Relationship": "Outer", "Index Name": "idx_lineitem_shipdate", "Startup Cost": 0.0, "Total Cost": 77977.46, "Plan Rows": 2266921, "Plan Width": 0, "Index Cond": "((l_shipdate >= '1997-07-01 00:00:00'::timestamp(0) without time zone) AND (l_shipdate < '1997-10-01 00:00:00'::timestamp without time zone))"}]}]}]}, {"Node Type": "Hash Join", "Parent Relationship": "Outer", "Join Type": "Inner", "Startup Cost": 1630395.71, "Total Cost": 1632548.24, "Plan Rows": 59380, "Plan Width": 83, "Inner Unique": true, "Hash Cond": "(public.lineitem.l_suppkey = supplier.s_suppkey)", "Plans": [{"Node Type": "Aggregate", "Strategy": "Hashed", "Parent Relationship": "Outer", "Startup Cost": 1625862.71, "Total Cost": 1626604.96, "Plan Rows": 59380, "Plan Width": 24, "Group By Key": ["public.lineitem.l_suppkey"], "Filter": "(sum((public.lineitem.l_extendedprice * (1::double precision - public.lineitem.l_discount))) = $0), (LLVM Optimized)", "Plans": [{"Node Type": "Bitmap Heap Scan", "Parent Relationship": "Outer", "Relation Name": "lineitem", "Alias": "lineitem", "Startup Cost": 78544.19, "Total Cost": 1586191.59, "Plan Rows": 2266921, "Plan Width": 24, "Recheck Cond": "((l_shipdate >= '1997-07-01 00:00:00'::timestamp(0) without time zone) AND (l_shipdate < '1997-10-01 00:00:00'::timestamp without time zone)), (LLVM Optimized)", "Plans": [{"Node Type": "Bitmap Index Scan", "Parent Relationship": "Outer", "Index Name": "idx_lineitem_shipdate", "Startup Cost": 0.0, "Total Cost": 77977.46, "Plan Rows": 2266921, "Plan Width": 0, "Index Cond": "((l_shipdate >= '1997-07-01 00:00:00'::timestamp(0) without time zone) AND (l_shipdate < '1997-10-01 00:00:00'::timestamp without time zone))"}]}]}, {"Node Type": "Hash", "Parent Relationship": "Inner", "Startup Cost": 3283.0, "Total Cost": 3283.0, "Plan Rows": 100000, "Plan Width": 75, "Plans": [{"Node Type": "Seq Scan", "Parent Relationship": "Outer", "Relation Name": "supplier", "Alias": "supplier", "Startup Cost": 0.0, "Total Cost": 3283.0, "Plan Rows": 100000, "Plan Width": 75}]}]}]}, "Unique SQL Id": 3712096918, "Planner Runtime": 0}, "explain_analyze_plan": {"Plan": {"Node Type": "Sort", "Startup Cost": 3247453.25, "Total Cost": 3247601.7, "Plan Rows": 59380, "Plan Width": 83, "Actual Startup Time": 10846.599, "Actual Total Time": 10846.599, "Actual Rows": 1, "Actual Loops": 1, "Sort Key": ["supplier.s_suppkey"], "Sort Method": "quicksort", "Sort Space Used": 25, "Sort Space Type": "Memory", "Plans": [{"Node Type": "Aggregate", "Strategy": "Plain", "Parent Relationship": "exec_init_plan", "Subplan Name": "InitPlan 1 (returns $0)", "Startup Cost": 1610196.85, "Total Cost": 1610196.86, "Plan Rows": 1, "Plan Width": 16, "Actual Startup Time": 5223.255, "Actual Total Time": 5223.255, "Actual Rows": 1, "Actual Loops": 1, "Plans": [{"Node Type": "Aggregate", "Strategy": "Hashed", "Parent Relationship": "Outer", "Startup Cost": 1608860.8, "Total Cost": 1609454.6, "Plan Rows": 59380, "Plan Width": 24, "Actual Startup Time": 5179.7, "Actual Total Time": 5208.354, "Actual Rows": 100000, "Actual Loops": 1, "Group By Key": ["public.lineitem.l_suppkey"], "Plans": [{"Node Type": "Bitmap Heap Scan", "Parent Relationship": "Outer", "Relation Name": "lineitem", "Alias": "lineitem", "Startup Cost": 78544.19, "Total Cost": 1586191.59, "Plan Rows": 2266921, "Plan Width": 24, "Actual Startup Time": 979.929, "Actual Total Time": 3546.169, "Actual Rows": 2293944, "Actual Loops": 1, "Recheck Cond": "((l_shipdate >= '1997-07-01 00:00:00'::timestamp(0) without time zone) AND (l_shipdate < '1997-10-01 00:00:00'::timestamp without time zone)), (LLVM Optimized, Jit Execute)", "Rows Removed by Index Recheck": 0, "Exact Heap Blocks": 732487, "Lossy Heap Blocks": 732487, "Plans": [{"Node Type": "Bitmap Index Scan", "Parent Relationship": "Outer", "Index Name": "idx_lineitem_shipdate", "Startup Cost": 0.0, "Total Cost": 77977.46, "Plan Rows": 2266921, "Plan Width": 0, "Actual Startup Time": 695.151, "Actual Total Time": 695.151, "Actual Rows": 2293944, "Actual Loops": 1, "Index Cond": "((l_shipdate >= '1997-07-01 00:00:00'::timestamp(0) without time zone) AND (l_shipdate < '1997-10-01 00:00:00'::timestamp without time zone))"}]}]}]}, {"Node Type": "Hash Join", "Parent Relationship": "Outer", "Join Type": "Inner", "Startup Cost": 1630395.71, "Total Cost": 1632548.24, "Plan Rows": 59380, "Plan Width": 83, "Actual Startup Time": 10827.47, "Actual Total Time": 10846.29, "Actual Rows": 1, "Actual Loops": 1, "Inner Unique": true, "Hash Cond": "(public.lineitem.l_suppkey = supplier.s_suppkey)", "Plans": [{"Node Type": "Aggregate", "Strategy": "Hashed", "Parent Relationship": "Outer", "Startup Cost": 1625862.71, "Total Cost": 1626604.96, "Plan Rows": 59380, "Plan Width": 24, "Actual Startup Time": 10757.207, "Actual Total Time": 10775.817, "Actual Rows": 1, "Actual Loops": 1, "Group By Key": ["public.lineitem.l_suppkey"], "Filter": "(sum((public.lineitem.l_extendedprice * (1::double precision - public.lineitem.l_discount))) = $0), (LLVM Optimized, Jit Execute)", "Rows Removed by Filter": 99999, "Plans": [{"Node Type": "Bitmap Heap Scan", "Parent Relationship": "Outer", "Relation Name": "lineitem", "Alias": "lineitem", "Startup Cost": 78544.19, "Total Cost": 1586191.59, "Plan Rows": 2266921, "Plan Width": 24, "Actual Startup Time": 1019.767, "Actual Total Time": 3859.458, "Actual Rows": 2293944, "Actual Loops": 1, "Recheck Cond": "((l_shipdate >= '1997-07-01 00:00:00'::timestamp(0) without time zone) AND (l_shipdate < '1997-10-01 00:00:00'::timestamp without time zone)), (LLVM Optimized, Jit Execute)", "Rows Removed by Index Recheck": 0, "Exact Heap Blocks": 732487, "Lossy Heap Blocks": 732487, "Plans": [{"Node Type": "Bitmap Index Scan", "Parent Relationship": "Outer", "Index Name": "idx_lineitem_shipdate", "Startup Cost": 0.0, "Total Cost": 77977.46, "Plan Rows": 2266921, "Plan Width": 0, "Actual Startup Time": 700.948, "Actual Total Time": 700.948, "Actual Rows": 2293944, "Actual Loops": 1, "Index Cond": "((l_shipdate >= '1997-07-01 00:00:00'::timestamp(0) without time zone) AND (l_shipdate < '1997-10-01 00:00:00'::timestamp without time zone))"}]}]}, {"Node Type": "Hash", "Parent Relationship": "Inner", "Startup Cost": 3283.0, "Total Cost": 3283.0, "Plan Rows": 100000, "Plan Width": 75, "Actual Startup Time": 70.11, "Actual Total Time": 70.11, "Actual Rows": 100000, "Actual Loops": 1, "Hash Buckets": 131072, "Hash Batches": 1, "Original Hash Batches": 1, "Peak Memory Usage": 10544, "Plans": [{"Node Type": "Seq Scan", "Parent Relationship": "Outer", "Relation Name": "supplier", "Alias": "supplier", "Startup Cost": 0.0, "Total Cost": 3283.0, "Plan Rows": 100000, "Plan Width": 75, "Actual Startup Time": 0.029, "Actual Total Time": 37.751, "Actual Rows": 100000, "Actual Loops": 1}]}]}]}, "Triggers": [], "Planner Runtime": 0.657, "Total Runtime": 10859.109, "Unique SQL Id": 3712096918}}, "(1, '99')": {"explain_plan": {"Plan": {"Node Type": "Sort", "Startup Cost": 3497813.02, "Total Cost": 3497961.47, "Plan Rows": 59380, "Plan Width": 83, "Sort Key": ["supplier.s_suppkey"], "Plans": [{"Node Type": "Aggregate", "Strategy": "Plain", "Parent Relationship": "exec_init_plan", "Subplan Name": "InitPlan 1 (returns $0)", "Startup Cost": 1610196.85, "Total Cost": 1610196.86, "Plan Rows": 1, "Plan Width": 16, "Plans": [{"Node Type": "Aggregate", "Strategy": "Hashed", "Parent Relationship": "Outer", "Startup Cost": 1608860.8, "Total Cost": 1609454.6, "Plan Rows": 59380, "Plan Width": 24, "Group By Key": ["public.lineitem.l_suppkey"], "Plans": [{"Node Type": "Bitmap Heap Scan", "Parent Relationship": "Outer", "Relation Name": "lineitem", "Alias": "lineitem", "Startup Cost": 78544.19, "Total Cost": 1586191.59, "Plan Rows": 2266921, "Plan Width": 24, "Recheck Cond": "((l_shipdate >= '1997-07-01 00:00:00'::timestamp(0) without time zone) AND (l_shipdate < '1997-10-01 00:00:00'::timestamp without time zone)), (LLVM Optimized)", "Plans": [{"Node Type": "Bitmap Index Scan", "Parent Relationship": "Outer", "Index Name": "idx_lineitem_shipdate", "Startup Cost": 0.0, "Total Cost": 77977.46, "Plan Rows": 2266921, "Plan Width": 0, "Index Cond": "((l_shipdate >= '1997-07-01 00:00:00'::timestamp(0) without time zone) AND (l_shipdate < '1997-10-01 00:00:00'::timestamp without time zone))"}]}]}]}, {"Node Type": "Nested Loop", "Parent Relationship": "Outer", "Join Type": "Inner", "Startup Cost": 1625863.0, "Total Cost": 1882908.01, "Plan Rows": 59380, "Plan Width": 83, "Inner Unique": true, "Plans": [{"Node Type": "Aggregate", "Strategy": "Hashed", "Parent Relationship": "Outer", "Startup Cost": 1625862.71, "Total Cost": 1626604.96, "Plan Rows": 59380, "Plan Width": 24, "Group By Key": ["public.lineitem.l_suppkey"], "Filter": "(sum((public.lineitem.l_extendedprice * (1::double precision - public.lineitem.l_discount))) = $0), (LLVM Optimized)", "Plans": [{"Node Type": "Bitmap Heap Scan", "Parent Relationship": "Outer", "Relation Name": "lineitem", "Alias": "lineitem", "Startup Cost": 78544.19, "Total Cost": 1586191.59, "Plan Rows": 2266921, "Plan Width": 24, "Recheck Cond": "((l_shipdate >= '1997-07-01 00:00:00'::timestamp(0) without time zone) AND (l_shipdate < '1997-10-01 00:00:00'::timestamp without time zone)), (LLVM Optimized)", "Plans": [{"Node Type": "Bitmap Index Scan", "Parent Relationship": "Outer", "Index Name": "idx_lineitem_shipdate", "Startup Cost": 0.0, "Total Cost": 77977.46, "Plan Rows": 2266921, "Plan Width": 0, "Index Cond": "((l_shipdate >= '1997-07-01 00:00:00'::timestamp(0) without time zone) AND (l_shipdate < '1997-10-01 00:00:00'::timestamp without time zone))"}]}]}, {"Node Type": "Bitmap Heap Scan", "Parent Relationship": "Inner", "Relation Name": "supplier", "Alias": "supplier", "Startup Cost": 0.28, "Total Cost": 4.3, "Plan Rows": 1, "Plan Width": 75, "Recheck Cond": "(s_suppkey = public.lineitem.l_suppkey)", "Plans": [{"Node Type": "Bitmap Index Scan", "Parent Relationship": "Outer", "Index Name": "supplier_pkey", "Startup Cost": 0.0, "Total Cost": 0.28, "Plan Rows": 1, "Plan Width": 0, "Index Cond": "(s_suppkey = public.lineitem.l_suppkey)"}]}]}]}, "Unique SQL Id": 3712096918, "Planner Runtime": 0}, "explain_analyze_plan": {"Plan": {"Node Type": "Sort", "Startup Cost": 3497813.02, "Total Cost": 3497961.47, "Plan Rows": 59380, "Plan Width": 83, "Actual Startup Time": 11695.124, "Actual Total Time": 11695.125, "Actual Rows": 1, "Actual Loops": 1, "Sort Key": ["supplier.s_suppkey"], "Sort Method": "quicksort", "Sort Space Used": 25, "Sort Space Type": "Memory", "Plans": [{"Node Type": "Aggregate", "Strategy": "Plain", "Parent Relationship": "exec_init_plan", "Subplan Name": "InitPlan 1 (returns $0)", "Startup Cost": 1610196.85, "Total Cost": 1610196.86, "Plan Rows": 1, "Plan Width": 16, "Actual Startup Time": 5790.695, "Actual Total Time": 5790.695, "Actual Rows": 1, "Actual Loops": 1, "Plans": [{"Node Type": "Aggregate", "Strategy": "Hashed", "Parent Relationship": "Outer", "Startup Cost": 1608860.8, "Total Cost": 1609454.6, "Plan Rows": 59380, "Plan Width": 24, "Actual Startup Time": 5744.183, "Actual Total Time": 5775.7, "Actual Rows": 100000, "Actual Loops": 1, "Group By Key": ["public.lineitem.l_suppkey"], "Plans": [{"Node Type": "Bitmap Heap Scan", "Parent Relationship": "Outer", "Relation Name": "lineitem", "Alias": "lineitem", "Startup Cost": 78544.19, "Total Cost": 1586191.59, "Plan Rows": 2266921, "Plan Width": 24, "Actual Startup Time": 1410.62, "Actual Total Time": 4017.87, "Actual Rows": 2293944, "Actual Loops": 1, "Recheck Cond": "((l_shipdate >= '1997-07-01 00:00:00'::timestamp(0) without time zone) AND (l_shipdate < '1997-10-01 00:00:00'::timestamp without time zone)), (LLVM Optimized, Jit Execute)", "Rows Removed by Index Recheck": 0, "Exact Heap Blocks": 732487, "Lossy Heap Blocks": 732487, "Plans": [{"Node Type": "Bitmap Index Scan", "Parent Relationship": "Outer", "Index Name": "idx_lineitem_shipdate", "Startup Cost": 0.0, "Total Cost": 77977.46, "Plan Rows": 2266921, "Plan Width": 0, "Actual Startup Time": 1037.637, "Actual Total Time": 1037.637, "Actual Rows": 2293944, "Actual Loops": 1, "Index Cond": "((l_shipdate >= '1997-07-01 00:00:00'::timestamp(0) without time zone) AND (l_shipdate < '1997-10-01 00:00:00'::timestamp without time zone))"}]}]}]}, {"Node Type": "Nested Loop", "Parent Relationship": "Outer", "Join Type": "Inner", "Startup Cost": 1625863.0, "Total Cost": 1882908.01, "Plan Rows": 59380, "Plan Width": 83, "Actual Startup Time": 11669.86, "Actual Total Time": 11695.099, "Actual Rows": 1, "Actual Loops": 1, "Inner Unique": true, "Plans": [{"Node Type": "Aggregate", "Strategy": "Hashed", "Parent Relationship": "Outer", "Startup Cost": 1625862.71, "Total Cost": 1626604.96, "Plan Rows": 59380, "Plan Width": 24, "Actual Startup Time": 11669.792, "Actual Total Time": 11694.747, "Actual Rows": 1, "Actual Loops": 1, "Group By Key": ["public.lineitem.l_suppkey"], "Filter": "(sum((public.lineitem.l_extendedprice * (1::double precision - public.lineitem.l_discount))) = $0), (LLVM Optimized, Jit Execute)", "Rows Removed by Filter": 99999, "Plans": [{"Node Type": "Bitmap Heap Scan", "Parent Relationship": "Outer", "Relation Name": "lineitem", "Alias": "lineitem", "Startup Cost": 78544.19, "Total Cost": 1586191.59, "Plan Rows": 2266921, "Plan Width": 24, "Actual Startup Time": 1071.216, "Actual Total Time": 4099.156, "Actual Rows": 2293944, "Actual Loops": 1, "Recheck Cond": "((l_shipdate >= '1997-07-01 00:00:00'::timestamp(0) without time zone) AND (l_shipdate < '1997-10-01 00:00:00'::timestamp without time zone)), (LLVM Optimized, Jit Execute)", "Rows Removed by Index Recheck": 0, "Exact Heap Blocks": 732487, "Lossy Heap Blocks": 732487, "Plans": [{"Node Type": "Bitmap Index Scan", "Parent Relationship": "Outer", "Index Name": "idx_lineitem_shipdate", "Startup Cost": 0.0, "Total Cost": 77977.46, "Plan Rows": 2266921, "Plan Width": 0, "Actual Startup Time": 709.182, "Actual Total Time": 709.182, "Actual Rows": 2293944, "Actual Loops": 1, "Index Cond": "((l_shipdate >= '1997-07-01 00:00:00'::timestamp(0) without time zone) AND (l_shipdate < '1997-10-01 00:00:00'::timestamp without time zone))"}]}]}, {"Node Type": "Bitmap Heap Scan", "Parent Relationship": "Inner", "Relation Name": "supplier", "Alias": "supplier", "Startup Cost": 0.28, "Total Cost": 4.3, "Plan Rows": 1, "Plan Width": 75, "Actual Startup Time": 0.05, "Actual Total Time": 0.05, "Actual Rows": 1, "Actual Loops": 1, "Recheck Cond": "(s_suppkey = public.lineitem.l_suppkey)", "Rows Removed by Index Recheck": 0, "Exact Heap Blocks": 1, "Lossy Heap Blocks": 1, "Plans": [{"Node Type": "Bitmap Index Scan", "Parent Relationship": "Outer", "Index Name": "supplier_pkey", "Startup Cost": 0.0, "Total Cost": 0.28, "Plan Rows": 1, "Plan Width": 0, "Actual Startup Time": 0.026, "Actual Total Time": 0.026, "Actual Rows": 1, "Actual Loops": 1, "Index Cond": "(s_suppkey = public.lineitem.l_suppkey)"}]}]}]}, "Triggers": [], "Planner Runtime": 0.751, "Total Runtime": 11707.86, "Unique SQL Id": 3712096918}}, "(1, '100')": {"explain_plan": {"Plan": {"Node Type": "Sort", "Startup Cost": 3247453.25, "Total Cost": 3247601.7, "Plan Rows": 59380, "Plan Width": 83, "Sort Key": ["supplier.s_suppkey"], "Plans": [{"Node Type": "Aggregate", "Strategy": "Plain", "Parent Relationship": "exec_init_plan", "Subplan Name": "InitPlan 1 (returns $0)", "Startup Cost": 1610196.85, "Total Cost": 1610196.86, "Plan Rows": 1, "Plan Width": 16, "Plans": [{"Node Type": "Aggregate", "Strategy": "Hashed", "Parent Relationship": "Outer", "Startup Cost": 1608860.8, "Total Cost": 1609454.6, "Plan Rows": 59380, "Plan Width": 24, "Group By Key": ["public.lineitem.l_suppkey"], "Plans": [{"Node Type": "Bitmap Heap Scan", "Parent Relationship": "Outer", "Relation Name": "lineitem", "Alias": "lineitem", "Startup Cost": 78544.19, "Total Cost": 1586191.59, "Plan Rows": 2266921, "Plan Width": 24, "Recheck Cond": "((l_shipdate >= '1997-07-01 00:00:00'::timestamp(0) without time zone) AND (l_shipdate < '1997-10-01 00:00:00'::timestamp without time zone)), (LLVM Optimized)", "Plans": [{"Node Type": "Bitmap Index Scan", "Parent Relationship": "Outer", "Index Name": "idx_lineitem_shipdate", "Startup Cost": 0.0, "Total Cost": 77977.46, "Plan Rows": 2266921, "Plan Width": 0, "Index Cond": "((l_shipdate >= '1997-07-01 00:00:00'::timestamp(0) without time zone) AND (l_shipdate < '1997-10-01 00:00:00'::timestamp without time zone))"}]}]}]}, {"Node Type": "Hash Join", "Parent Relationship": "Outer", "Join Type": "Inner", "Startup Cost": 1630395.71, "Total Cost": 1632548.24, "Plan Rows": 59380, "Plan Width": 83, "Inner Unique": true, "Hash Cond": "(public.lineitem.l_suppkey = supplier.s_suppkey)", "Plans": [{"Node Type": "Aggregate", "Strategy": "Hashed", "Parent Relationship": "Outer", "Startup Cost": 1625862.71, "Total Cost": 1626604.96, "Plan Rows": 59380, "Plan Width": 24, "Group By Key": ["public.lineitem.l_suppkey"], "Filter": "(sum((public.lineitem.l_extendedprice * (1::double precision - public.lineitem.l_discount))) = $0), (LLVM Optimized)", "Plans": [{"Node Type": "Bitmap Heap Scan", "Parent Relationship": "Outer", "Relation Name": "lineitem", "Alias": "lineitem", "Startup Cost": 78544.19, "Total Cost": 1586191.59, "Plan Rows": 2266921, "Plan Width": 24, "Recheck Cond": "((l_shipdate >= '1997-07-01 00:00:00'::timestamp(0) without time zone) AND (l_shipdate < '1997-10-01 00:00:00'::timestamp without time zone)), (LLVM Optimized)", "Plans": [{"Node Type": "Bitmap Index Scan", "Parent Relationship": "Outer", "Index Name": "idx_lineitem_shipdate", "Startup Cost": 0.0, "Total Cost": 77977.46, "Plan Rows": 2266921, "Plan Width": 0, "Index Cond": "((l_shipdate >= '1997-07-01 00:00:00'::timestamp(0) without time zone) AND (l_shipdate < '1997-10-01 00:00:00'::timestamp without time zone))"}]}]}, {"Node Type": "Hash", "Parent Relationship": "Inner", "Startup Cost": 3283.0, "Total Cost": 3283.0, "Plan Rows": 100000, "Plan Width": 75, "Plans": [{"Node Type": "Seq Scan", "Parent Relationship": "Outer", "Relation Name": "supplier", "Alias": "supplier", "Startup Cost": 0.0, "Total Cost": 3283.0, "Plan Rows": 100000, "Plan Width": 75}]}]}]}, "Unique SQL Id": 3712096918, "Planner Runtime": 0}, "explain_analyze_plan": {"Plan": {"Node Type": "Sort", "Startup Cost": 3247453.25, "Total Cost": 3247601.7, "Plan Rows": 59380, "Plan Width": 83, "Actual Startup Time": 10846.599, "Actual Total Time": 10846.599, "Actual Rows": 1, "Actual Loops": 1, "Sort Key": ["supplier.s_suppkey"], "Sort Method": "quicksort", "Sort Space Used": 25, "Sort Space Type": "Memory", "Plans": [{"Node Type": "Aggregate", "Strategy": "Plain", "Parent Relationship": "exec_init_plan", "Subplan Name": "InitPlan 1 (returns $0)", "Startup Cost": 1610196.85, "Total Cost": 1610196.86, "Plan Rows": 1, "Plan Width": 16, "Actual Startup Time": 5223.255, "Actual Total Time": 5223.255, "Actual Rows": 1, "Actual Loops": 1, "Plans": [{"Node Type": "Aggregate", "Strategy": "Hashed", "Parent Relationship": "Outer", "Startup Cost": 1608860.8, "Total Cost": 1609454.6, "Plan Rows": 59380, "Plan Width": 24, "Actual Startup Time": 5179.7, "Actual Total Time": 5208.354, "Actual Rows": 100000, "Actual Loops": 1, "Group By Key": ["public.lineitem.l_suppkey"], "Plans": [{"Node Type": "Bitmap Heap Scan", "Parent Relationship": "Outer", "Relation Name": "lineitem", "Alias": "lineitem", "Startup Cost": 78544.19, "Total Cost": 1586191.59, "Plan Rows": 2266921, "Plan Width": 24, "Actual Startup Time": 979.929, "Actual Total Time": 3546.169, "Actual Rows": 2293944, "Actual Loops": 1, "Recheck Cond": "((l_shipdate >= '1997-07-01 00:00:00'::timestamp(0) without time zone) AND (l_shipdate < '1997-10-01 00:00:00'::timestamp without time zone)), (LLVM Optimized, Jit Execute)", "Rows Removed by Index Recheck": 0, "Exact Heap Blocks": 732487, "Lossy Heap Blocks": 732487, "Plans": [{"Node Type": "Bitmap Index Scan", "Parent Relationship": "Outer", "Index Name": "idx_lineitem_shipdate", "Startup Cost": 0.0, "Total Cost": 77977.46, "Plan Rows": 2266921, "Plan Width": 0, "Actual Startup Time": 695.151, "Actual Total Time": 695.151, "Actual Rows": 2293944, "Actual Loops": 1, "Index Cond": "((l_shipdate >= '1997-07-01 00:00:00'::timestamp(0) without time zone) AND (l_shipdate < '1997-10-01 00:00:00'::timestamp without time zone))"}]}]}]}, {"Node Type": "Hash Join", "Parent Relationship": "Outer", "Join Type": "Inner", "Startup Cost": 1630395.71, "Total Cost": 1632548.24, "Plan Rows": 59380, "Plan Width": 83, "Actual Startup Time": 10827.47, "Actual Total Time": 10846.29, "Actual Rows": 1, "Actual Loops": 1, "Inner Unique": true, "Hash Cond": "(public.lineitem.l_suppkey = supplier.s_suppkey)", "Plans": [{"Node Type": "Aggregate", "Strategy": "Hashed", "Parent Relationship": "Outer", "Startup Cost": 1625862.71, "Total Cost": 1626604.96, "Plan Rows": 59380, "Plan Width": 24, "Actual Startup Time": 10757.207, "Actual Total Time": 10775.817, "Actual Rows": 1, "Actual Loops": 1, "Group By Key": ["public.lineitem.l_suppkey"], "Filter": "(sum((public.lineitem.l_extendedprice * (1::double precision - public.lineitem.l_discount))) = $0), (LLVM Optimized, Jit Execute)", "Rows Removed by Filter": 99999, "Plans": [{"Node Type": "Bitmap Heap Scan", "Parent Relationship": "Outer", "Relation Name": "lineitem", "Alias": "lineitem", "Startup Cost": 78544.19, "Total Cost": 1586191.59, "Plan Rows": 2266921, "Plan Width": 24, "Actual Startup Time": 1019.767, "Actual Total Time": 3859.458, "Actual Rows": 2293944, "Actual Loops": 1, "Recheck Cond": "((l_shipdate >= '1997-07-01 00:00:00'::timestamp(0) without time zone) AND (l_shipdate < '1997-10-01 00:00:00'::timestamp without time zone)), (LLVM Optimized, Jit Execute)", "Rows Removed by Index Recheck": 0, "Exact Heap Blocks": 732487, "Lossy Heap Blocks": 732487, "Plans": [{"Node Type": "Bitmap Index Scan", "Parent Relationship": "Outer", "Index Name": "idx_lineitem_shipdate", "Startup Cost": 0.0, "Total Cost": 77977.46, "Plan Rows": 2266921, "Plan Width": 0, "Actual Startup Time": 700.948, "Actual Total Time": 700.948, "Actual Rows": 2293944, "Actual Loops": 1, "Index Cond": "((l_shipdate >= '1997-07-01 00:00:00'::timestamp(0) without time zone) AND (l_shipdate < '1997-10-01 00:00:00'::timestamp without time zone))"}]}]}, {"Node Type": "Hash", "Parent Relationship": "Inner", "Startup Cost": 3283.0, "Total Cost": 3283.0, "Plan Rows": 100000, "Plan Width": 75, "Actual Startup Time": 70.11, "Actual Total Time": 70.11, "Actual Rows": 100000, "Actual Loops": 1, "Hash Buckets": 131072, "Hash Batches": 1, "Original Hash Batches": 1, "Peak Memory Usage": 10544, "Plans": [{"Node Type": "Seq Scan", "Parent Relationship": "Outer", "Relation Name": "supplier", "Alias": "supplier", "Startup Cost": 0.0, "Total Cost": 3283.0, "Plan Rows": 100000, "Plan Width": 75, "Actual Startup Time": 0.029, "Actual Total Time": 37.751, "Actual Rows": 100000, "Actual Loops": 1}]}]}]}, "Triggers": [], "Planner Runtime": 0.657, "Total Runtime": 10859.109, "Unique SQL Id": 3712096918}}, "(1, '101')": {"explain_plan": {"Plan": {"Node Type": "Sort", "Startup Cost": 3249504.79, "Total Cost": 3249653.24, "Plan Rows": 59380, "Plan Width": 83, "Sort Key": ["supplier.s_suppkey"], "Plans": [{"Node Type": "Aggregate", "Strategy": "Plain", "Parent Relationship": "exec_init_plan", "Subplan Name": "InitPlan 1 (returns $0)", "Startup Cost": 1610196.85, "Total Cost": 1610196.86, "Plan Rows": 1, "Plan Width": 16, "Plans": [{"Node Type": "Aggregate", "Strategy": "Hashed", "Parent Relationship": "Outer", "Startup Cost": 1608860.8, "Total Cost": 1609454.6, "Plan Rows": 59380, "Plan Width": 24, "Group By Key": ["public.lineitem.l_suppkey"], "Plans": [{"Node Type": "Bitmap Heap Scan", "Parent Relationship": "Outer", "Relation Name": "lineitem", "Alias": "lineitem", "Startup Cost": 78544.19, "Total Cost": 1586191.59, "Plan Rows": 2266921, "Plan Width": 24, "Recheck Cond": "((l_shipdate >= '1997-07-01 00:00:00'::timestamp(0) without time zone) AND (l_shipdate < '1997-10-01 00:00:00'::timestamp without time zone)), (LLVM Optimized)", "Plans": [{"Node Type": "Bitmap Index Scan", "Parent Relationship": "Outer", "Index Name": "idx_lineitem_shipdate", "Startup Cost": 0.0, "Total Cost": 77977.46, "Plan Rows": 2266921, "Plan Width": 0, "Index Cond": "((l_shipdate >= '1997-07-01 00:00:00'::timestamp(0) without time zone) AND (l_shipdate < '1997-10-01 00:00:00'::timestamp without time zone))"}]}]}]}, {"Node Type": "Hash Join", "Parent Relationship": "Outer", "Join Type": "Inner", "Startup Cost": 1632447.26, "Total Cost": 1634599.78, "Plan Rows": 59380, "Plan Width": 83, "Inner Unique": true, "Hash Cond": "(public.lineitem.l_suppkey = supplier.s_suppkey)", "Plans": [{"Node Type": "Aggregate", "Strategy": "Hashed", "Parent Relationship": "Outer", "Startup Cost": 1625862.71, "Total Cost": 1626604.96, "Plan Rows": 59380, "Plan Width": 24, "Group By Key": ["public.lineitem.l_suppkey"], "Filter": "(sum((public.lineitem.l_extendedprice * (1::double precision - public.lineitem.l_discount))) = $0), (LLVM Optimized)", "Plans": [{"Node Type": "Bitmap Heap Scan", "Parent Relationship": "Outer", "Relation Name": "lineitem", "Alias": "lineitem", "Startup Cost": 78544.19, "Total Cost": 1586191.59, "Plan Rows": 2266921, "Plan Width": 24, "Recheck Cond": "((l_shipdate >= '1997-07-01 00:00:00'::timestamp(0) without time zone) AND (l_shipdate < '1997-10-01 00:00:00'::timestamp without time zone)), (LLVM Optimized)", "Plans": [{"Node Type": "Bitmap Index Scan", "Parent Relationship": "Outer", "Index Name": "idx_lineitem_shipdate", "Startup Cost": 0.0, "Total Cost": 77977.46, "Plan Rows": 2266921, "Plan Width": 0, "Index Cond": "((l_shipdate >= '1997-07-01 00:00:00'::timestamp(0) without time zone) AND (l_shipdate < '1997-10-01 00:00:00'::timestamp without time zone))"}]}]}, {"Node Type": "Hash", "Parent Relationship": "Inner", "Startup Cost": 5334.54, "Total Cost": 5334.54, "Plan Rows": 100000, "Plan Width": 75, "Plans": [{"Node Type": "Index Scan", "Parent Relationship": "Outer", "Scan Direction": "Forward", "Index Name": "supplier_pkey", "Relation Name": "supplier", "Alias": "supplier", "Startup Cost": 0.0, "Total Cost": 5334.54, "Plan Rows": 100000, "Plan Width": 75}]}]}]}, "Unique SQL Id": 3712096918, "Planner Runtime": 0}, "explain_analyze_plan": {"Plan": {"Node Type": "Sort", "Startup Cost": 3249504.79, "Total Cost": 3249653.24, "Plan Rows": 59380, "Plan Width": 83, "Actual Startup Time": 10835.287, "Actual Total Time": 10835.288, "Actual Rows": 1, "Actual Loops": 1, "Sort Key": ["supplier.s_suppkey"], "Sort Method": "quicksort", "Sort Space Used": 25, "Sort Space Type": "Memory", "Plans": [{"Node Type": "Aggregate", "Strategy": "Plain", "Parent Relationship": "exec_init_plan", "Subplan Name": "InitPlan 1 (returns $0)", "Startup Cost": 1610196.85, "Total Cost": 1610196.86, "Plan Rows": 1, "Plan Width": 16, "Actual Startup Time": 5315.167, "Actual Total Time": 5315.167, "Actual Rows": 1, "Actual Loops": 1, "Plans": [{"Node Type": "Aggregate", "Strategy": "Hashed", "Parent Relationship": "Outer", "Startup Cost": 1608860.8, "Total Cost": 1609454.6, "Plan Rows": 59380, "Plan Width": 24, "Actual Startup Time": 5268.057, "Actual Total Time": 5300.078, "Actual Rows": 100000, "Actual Loops": 1, "Group By Key": ["public.lineitem.l_suppkey"], "Plans": [{"Node Type": "Bitmap Heap Scan", "Parent Relationship": "Outer", "Relation Name": "lineitem", "Alias": "lineitem", "Startup Cost": 78544.19, "Total Cost": 1586191.59, "Plan Rows": 2266921, "Plan Width": 24, "Actual Startup Time": 980.993, "Actual Total Time": 3628.25, "Actual Rows": 2293944, "Actual Loops": 1, "Recheck Cond": "((l_shipdate >= '1997-07-01 00:00:00'::timestamp(0) without time zone) AND (l_shipdate < '1997-10-01 00:00:00'::timestamp without time zone)), (LLVM Optimized, Jit Execute)", "Rows Removed by Index Recheck": 0, "Exact Heap Blocks": 732487, "Lossy Heap Blocks": 732487, "Plans": [{"Node Type": "Bitmap Index Scan", "Parent Relationship": "Outer", "Index Name": "idx_lineitem_shipdate", "Startup Cost": 0.0, "Total Cost": 77977.46, "Plan Rows": 2266921, "Plan Width": 0, "Actual Startup Time": 696.451, "Actual Total Time": 696.451, "Actual Rows": 2293944, "Actual Loops": 1, "Index Cond": "((l_shipdate >= '1997-07-01 00:00:00'::timestamp(0) without time zone) AND (l_shipdate < '1997-10-01 00:00:00'::timestamp without time zone))"}]}]}]}, {"Node Type": "Hash Join", "Parent Relationship": "Outer", "Join Type": "Inner", "Startup Cost": 1632447.26, "Total Cost": 1634599.78, "Plan Rows": 59380, "Plan Width": 83, "Actual Startup Time": 10813.935, "Actual Total Time": 10834.968, "Actual Rows": 1, "Actual Loops": 1, "Inner Unique": true, "Hash Cond": "(public.lineitem.l_suppkey = supplier.s_suppkey)", "Plans": [{"Node Type": "Aggregate", "Strategy": "Hashed", "Parent Relationship": "Outer", "Startup Cost": 1625862.71, "Total Cost": 1626604.96, "Plan Rows": 59380, "Plan Width": 24, "Actual Startup Time": 10718.906, "Actual Total Time": 10739.737, "Actual Rows": 1, "Actual Loops": 1, "Group By Key": ["public.lineitem.l_suppkey"], "Filter": "(sum((public.lineitem.l_extendedprice * (1::double precision - public.lineitem.l_discount))) = $0), (LLVM Optimized, Jit Execute)", "Rows Removed by Filter": 99999, "Plans": [{"Node Type": "Bitmap Heap Scan", "Parent Relationship": "Outer", "Relation Name": "lineitem", "Alias": "lineitem", "Startup Cost": 78544.19, "Total Cost": 1586191.59, "Plan Rows": 2266921, "Plan Width": 24, "Actual Startup Time": 985.619, "Actual Total Time": 3703.062, "Actual Rows": 2293944, "Actual Loops": 1, "Recheck Cond": "((l_shipdate >= '1997-07-01 00:00:00'::timestamp(0) without time zone) AND (l_shipdate < '1997-10-01 00:00:00'::timestamp without time zone)), (LLVM Optimized, Jit Execute)", "Rows Removed by Index Recheck": 0, "Exact Heap Blocks": 732487, "Lossy Heap Blocks": 732487, "Plans": [{"Node Type": "Bitmap Index Scan", "Parent Relationship": "Outer", "Index Name": "idx_lineitem_shipdate", "Startup Cost": 0.0, "Total Cost": 77977.46, "Plan Rows": 2266921, "Plan Width": 0, "Actual Startup Time": 700.856, "Actual Total Time": 700.856, "Actual Rows": 2293944, "Actual Loops": 1, "Index Cond": "((l_shipdate >= '1997-07-01 00:00:00'::timestamp(0) without time zone) AND (l_shipdate < '1997-10-01 00:00:00'::timestamp without time zone))"}]}]}, {"Node Type": "Hash", "Parent Relationship": "Inner", "Startup Cost": 5334.54, "Total Cost": 5334.54, "Plan Rows": 100000, "Plan Width": 75, "Actual Startup Time": 94.796, "Actual Total Time": 94.796, "Actual Rows": 100000, "Actual Loops": 1, "Hash Buckets": 131072, "Hash Batches": 1, "Original Hash Batches": 1, "Peak Memory Usage": 10544, "Plans": [{"Node Type": "Index Scan", "Parent Relationship": "Outer", "Scan Direction": "Forward", "Index Name": "supplier_pkey", "Relation Name": "supplier", "Alias": "supplier", "Startup Cost": 0.0, "Total Cost": 5334.54, "Plan Rows": 100000, "Plan Width": 75, "Actual Startup Time": 0.045, "Actual Total Time": 60.951, "Actual Rows": 100000, "Actual Loops": 1}]}]}]}, "Triggers": [], "Planner Runtime": 0.683, "Total Runtime": 10847.902, "Unique SQL Id": 3712096918}}, "(1, '102')": {"explain_plan": {"Plan": {"Node Type": "Sort", "Startup Cost": 3247453.25, "Total Cost": 3247601.7, "Plan Rows": 59380, "Plan Width": 83, "Sort Key": ["supplier.s_suppkey"], "Plans": [{"Node Type": "Aggregate", "Strategy": "Plain", "Parent Relationship": "exec_init_plan", "Subplan Name": "InitPlan 1 (returns $0)", "Startup Cost": 1610196.85, "Total Cost": 1610196.86, "Plan Rows": 1, "Plan Width": 16, "Plans": [{"Node Type": "Aggregate", "Strategy": "Hashed", "Parent Relationship": "Outer", "Startup Cost": 1608860.8, "Total Cost": 1609454.6, "Plan Rows": 59380, "Plan Width": 24, "Group By Key": ["public.lineitem.l_suppkey"], "Plans": [{"Node Type": "Bitmap Heap Scan", "Parent Relationship": "Outer", "Relation Name": "lineitem", "Alias": "lineitem", "Startup Cost": 78544.19, "Total Cost": 1586191.59, "Plan Rows": 2266921, "Plan Width": 24, "Recheck Cond": "((l_shipdate >= '1997-07-01 00:00:00'::timestamp(0) without time zone) AND (l_shipdate < '1997-10-01 00:00:00'::timestamp without time zone)), (LLVM Optimized)", "Plans": [{"Node Type": "Bitmap Index Scan", "Parent Relationship": "Outer", "Index Name": "idx_lineitem_shipdate", "Startup Cost": 0.0, "Total Cost": 77977.46, "Plan Rows": 2266921, "Plan Width": 0, "Index Cond": "((l_shipdate >= '1997-07-01 00:00:00'::timestamp(0) without time zone) AND (l_shipdate < '1997-10-01 00:00:00'::timestamp without time zone))"}]}]}]}, {"Node Type": "Hash Join", "Parent Relationship": "Outer", "Join Type": "Inner", "Startup Cost": 1630395.71, "Total Cost": 1632548.24, "Plan Rows": 59380, "Plan Width": 83, "Inner Unique": true, "Hash Cond": "(public.lineitem.l_suppkey = supplier.s_suppkey)", "Plans": [{"Node Type": "Aggregate", "Strategy": "Hashed", "Parent Relationship": "Outer", "Startup Cost": 1625862.71, "Total Cost": 1626604.96, "Plan Rows": 59380, "Plan Width": 24, "Group By Key": ["public.lineitem.l_suppkey"], "Filter": "(sum((public.lineitem.l_extendedprice * (1::double precision - public.lineitem.l_discount))) = $0), (LLVM Optimized)", "Plans": [{"Node Type": "Bitmap Heap Scan", "Parent Relationship": "Outer", "Relation Name": "lineitem", "Alias": "lineitem", "Startup Cost": 78544.19, "Total Cost": 1586191.59, "Plan Rows": 2266921, "Plan Width": 24, "Recheck Cond": "((l_shipdate >= '1997-07-01 00:00:00'::timestamp(0) without time zone) AND (l_shipdate < '1997-10-01 00:00:00'::timestamp without time zone)), (LLVM Optimized)", "Plans": [{"Node Type": "Bitmap Index Scan", "Parent Relationship": "Outer", "Index Name": "idx_lineitem_shipdate", "Startup Cost": 0.0, "Total Cost": 77977.46, "Plan Rows": 2266921, "Plan Width": 0, "Index Cond": "((l_shipdate >= '1997-07-01 00:00:00'::timestamp(0) without time zone) AND (l_shipdate < '1997-10-01 00:00:00'::timestamp without time zone))"}]}]}, {"Node Type": "Hash", "Parent Relationship": "Inner", "Startup Cost": 3283.0, "Total Cost": 3283.0, "Plan Rows": 100000, "Plan Width": 75, "Plans": [{"Node Type": "Seq Scan", "Parent Relationship": "Outer", "Relation Name": "supplier", "Alias": "supplier", "Startup Cost": 0.0, "Total Cost": 3283.0, "Plan Rows": 100000, "Plan Width": 75}]}]}]}, "Unique SQL Id": 3712096918, "Planner Runtime": 0}, "explain_analyze_plan": {"Plan": {"Node Type": "Sort", "Startup Cost": 3247453.25, "Total Cost": 3247601.7, "Plan Rows": 59380, "Plan Width": 83, "Actual Startup Time": 10846.599, "Actual Total Time": 10846.599, "Actual Rows": 1, "Actual Loops": 1, "Sort Key": ["supplier.s_suppkey"], "Sort Method": "quicksort", "Sort Space Used": 25, "Sort Space Type": "Memory", "Plans": [{"Node Type": "Aggregate", "Strategy": "Plain", "Parent Relationship": "exec_init_plan", "Subplan Name": "InitPlan 1 (returns $0)", "Startup Cost": 1610196.85, "Total Cost": 1610196.86, "Plan Rows": 1, "Plan Width": 16, "Actual Startup Time": 5223.255, "Actual Total Time": 5223.255, "Actual Rows": 1, "Actual Loops": 1, "Plans": [{"Node Type": "Aggregate", "Strategy": "Hashed", "Parent Relationship": "Outer", "Startup Cost": 1608860.8, "Total Cost": 1609454.6, "Plan Rows": 59380, "Plan Width": 24, "Actual Startup Time": 5179.7, "Actual Total Time": 5208.354, "Actual Rows": 100000, "Actual Loops": 1, "Group By Key": ["public.lineitem.l_suppkey"], "Plans": [{"Node Type": "Bitmap Heap Scan", "Parent Relationship": "Outer", "Relation Name": "lineitem", "Alias": "lineitem", "Startup Cost": 78544.19, "Total Cost": 1586191.59, "Plan Rows": 2266921, "Plan Width": 24, "Actual Startup Time": 979.929, "Actual Total Time": 3546.169, "Actual Rows": 2293944, "Actual Loops": 1, "Recheck Cond": "((l_shipdate >= '1997-07-01 00:00:00'::timestamp(0) without time zone) AND (l_shipdate < '1997-10-01 00:00:00'::timestamp without time zone)), (LLVM Optimized, Jit Execute)", "Rows Removed by Index Recheck": 0, "Exact Heap Blocks": 732487, "Lossy Heap Blocks": 732487, "Plans": [{"Node Type": "Bitmap Index Scan", "Parent Relationship": "Outer", "Index Name": "idx_lineitem_shipdate", "Startup Cost": 0.0, "Total Cost": 77977.46, "Plan Rows": 2266921, "Plan Width": 0, "Actual Startup Time": 695.151, "Actual Total Time": 695.151, "Actual Rows": 2293944, "Actual Loops": 1, "Index Cond": "((l_shipdate >= '1997-07-01 00:00:00'::timestamp(0) without time zone) AND (l_shipdate < '1997-10-01 00:00:00'::timestamp without time zone))"}]}]}]}, {"Node Type": "Hash Join", "Parent Relationship": "Outer", "Join Type": "Inner", "Startup Cost": 1630395.71, "Total Cost": 1632548.24, "Plan Rows": 59380, "Plan Width": 83, "Actual Startup Time": 10827.47, "Actual Total Time": 10846.29, "Actual Rows": 1, "Actual Loops": 1, "Inner Unique": true, "Hash Cond": "(public.lineitem.l_suppkey = supplier.s_suppkey)", "Plans": [{"Node Type": "Aggregate", "Strategy": "Hashed", "Parent Relationship": "Outer", "Startup Cost": 1625862.71, "Total Cost": 1626604.96, "Plan Rows": 59380, "Plan Width": 24, "Actual Startup Time": 10757.207, "Actual Total Time": 10775.817, "Actual Rows": 1, "Actual Loops": 1, "Group By Key": ["public.lineitem.l_suppkey"], "Filter": "(sum((public.lineitem.l_extendedprice * (1::double precision - public.lineitem.l_discount))) = $0), (LLVM Optimized, Jit Execute)", "Rows Removed by Filter": 99999, "Plans": [{"Node Type": "Bitmap Heap Scan", "Parent Relationship": "Outer", "Relation Name": "lineitem", "Alias": "lineitem", "Startup Cost": 78544.19, "Total Cost": 1586191.59, "Plan Rows": 2266921, "Plan Width": 24, "Actual Startup Time": 1019.767, "Actual Total Time": 3859.458, "Actual Rows": 2293944, "Actual Loops": 1, "Recheck Cond": "((l_shipdate >= '1997-07-01 00:00:00'::timestamp(0) without time zone) AND (l_shipdate < '1997-10-01 00:00:00'::timestamp without time zone)), (LLVM Optimized, Jit Execute)", "Rows Removed by Index Recheck": 0, "Exact Heap Blocks": 732487, "Lossy Heap Blocks": 732487, "Plans": [{"Node Type": "Bitmap Index Scan", "Parent Relationship": "Outer", "Index Name": "idx_lineitem_shipdate", "Startup Cost": 0.0, "Total Cost": 77977.46, "Plan Rows": 2266921, "Plan Width": 0, "Actual Startup Time": 700.948, "Actual Total Time": 700.948, "Actual Rows": 2293944, "Actual Loops": 1, "Index Cond": "((l_shipdate >= '1997-07-01 00:00:00'::timestamp(0) without time zone) AND (l_shipdate < '1997-10-01 00:00:00'::timestamp without time zone))"}]}]}, {"Node Type": "Hash", "Parent Relationship": "Inner", "Startup Cost": 3283.0, "Total Cost": 3283.0, "Plan Rows": 100000, "Plan Width": 75, "Actual Startup Time": 70.11, "Actual Total Time": 70.11, "Actual Rows": 100000, "Actual Loops": 1, "Hash Buckets": 131072, "Hash Batches": 1, "Original Hash Batches": 1, "Peak Memory Usage": 10544, "Plans": [{"Node Type": "Seq Scan", "Parent Relationship": "Outer", "Relation Name": "supplier", "Alias": "supplier", "Startup Cost": 0.0, "Total Cost": 3283.0, "Plan Rows": 100000, "Plan Width": 75, "Actual Startup Time": 0.029, "Actual Total Time": 37.751, "Actual Rows": 100000, "Actual Loops": 1}]}]}]}, "Triggers": [], "Planner Runtime": 0.657, "Total Runtime": 10859.109, "Unique SQL Id": 3712096918}}, "(1, '103')": {"explain_plan": {"Plan": {"Node Type": "Sort", "Startup Cost": 3497813.02, "Total Cost": 3497961.47, "Plan Rows": 59380, "Plan Width": 83, "Sort Key": ["supplier.s_suppkey"], "Plans": [{"Node Type": "Aggregate", "Strategy": "Plain", "Parent Relationship": "exec_init_plan", "Subplan Name": "InitPlan 1 (returns $0)", "Startup Cost": 1610196.85, "Total Cost": 1610196.86, "Plan Rows": 1, "Plan Width": 16, "Plans": [{"Node Type": "Aggregate", "Strategy": "Hashed", "Parent Relationship": "Outer", "Startup Cost": 1608860.8, "Total Cost": 1609454.6, "Plan Rows": 59380, "Plan Width": 24, "Group By Key": ["public.lineitem.l_suppkey"], "Plans": [{"Node Type": "Bitmap Heap Scan", "Parent Relationship": "Outer", "Relation Name": "lineitem", "Alias": "lineitem", "Startup Cost": 78544.19, "Total Cost": 1586191.59, "Plan Rows": 2266921, "Plan Width": 24, "Recheck Cond": "((l_shipdate >= '1997-07-01 00:00:00'::timestamp(0) without time zone) AND (l_shipdate < '1997-10-01 00:00:00'::timestamp without time zone)), (LLVM Optimized)", "Plans": [{"Node Type": "Bitmap Index Scan", "Parent Relationship": "Outer", "Index Name": "idx_lineitem_shipdate", "Startup Cost": 0.0, "Total Cost": 77977.46, "Plan Rows": 2266921, "Plan Width": 0, "Index Cond": "((l_shipdate >= '1997-07-01 00:00:00'::timestamp(0) without time zone) AND (l_shipdate < '1997-10-01 00:00:00'::timestamp without time zone))"}]}]}]}, {"Node Type": "Nested Loop", "Parent Relationship": "Outer", "Join Type": "Inner", "Startup Cost": 1625863.0, "Total Cost": 1882908.01, "Plan Rows": 59380, "Plan Width": 83, "Inner Unique": true, "Plans": [{"Node Type": "Aggregate", "Strategy": "Hashed", "Parent Relationship": "Outer", "Startup Cost": 1625862.71, "Total Cost": 1626604.96, "Plan Rows": 59380, "Plan Width": 24, "Group By Key": ["public.lineitem.l_suppkey"], "Filter": "(sum((public.lineitem.l_extendedprice * (1::double precision - public.lineitem.l_discount))) = $0), (LLVM Optimized)", "Plans": [{"Node Type": "Bitmap Heap Scan", "Parent Relationship": "Outer", "Relation Name": "lineitem", "Alias": "lineitem", "Startup Cost": 78544.19, "Total Cost": 1586191.59, "Plan Rows": 2266921, "Plan Width": 24, "Recheck Cond": "((l_shipdate >= '1997-07-01 00:00:00'::timestamp(0) without time zone) AND (l_shipdate < '1997-10-01 00:00:00'::timestamp without time zone)), (LLVM Optimized)", "Plans": [{"Node Type": "Bitmap Index Scan", "Parent Relationship": "Outer", "Index Name": "idx_lineitem_shipdate", "Startup Cost": 0.0, "Total Cost": 77977.46, "Plan Rows": 2266921, "Plan Width": 0, "Index Cond": "((l_shipdate >= '1997-07-01 00:00:00'::timestamp(0) without time zone) AND (l_shipdate < '1997-10-01 00:00:00'::timestamp without time zone))"}]}]}, {"Node Type": "Bitmap Heap Scan", "Parent Relationship": "Inner", "Relation Name": "supplier", "Alias": "supplier", "Startup Cost": 0.28, "Total Cost": 4.3, "Plan Rows": 1, "Plan Width": 75, "Recheck Cond": "(s_suppkey = public.lineitem.l_suppkey)", "Plans": [{"Node Type": "Bitmap Index Scan", "Parent Relationship": "Outer", "Index Name": "supplier_pkey", "Startup Cost": 0.0, "Total Cost": 0.28, "Plan Rows": 1, "Plan Width": 0, "Index Cond": "(s_suppkey = public.lineitem.l_suppkey)"}]}]}]}, "Unique SQL Id": 3712096918, "Planner Runtime": 0}, "explain_analyze_plan": {"Plan": {"Node Type": "Sort", "Startup Cost": 3497813.02, "Total Cost": 3497961.47, "Plan Rows": 59380, "Plan Width": 83, "Actual Startup Time": 11695.124, "Actual Total Time": 11695.125, "Actual Rows": 1, "Actual Loops": 1, "Sort Key": ["supplier.s_suppkey"], "Sort Method": "quicksort", "Sort Space Used": 25, "Sort Space Type": "Memory", "Plans": [{"Node Type": "Aggregate", "Strategy": "Plain", "Parent Relationship": "exec_init_plan", "Subplan Name": "InitPlan 1 (returns $0)", "Startup Cost": 1610196.85, "Total Cost": 1610196.86, "Plan Rows": 1, "Plan Width": 16, "Actual Startup Time": 5790.695, "Actual Total Time": 5790.695, "Actual Rows": 1, "Actual Loops": 1, "Plans": [{"Node Type": "Aggregate", "Strategy": "Hashed", "Parent Relationship": "Outer", "Startup Cost": 1608860.8, "Total Cost": 1609454.6, "Plan Rows": 59380, "Plan Width": 24, "Actual Startup Time": 5744.183, "Actual Total Time": 5775.7, "Actual Rows": 100000, "Actual Loops": 1, "Group By Key": ["public.lineitem.l_suppkey"], "Plans": [{"Node Type": "Bitmap Heap Scan", "Parent Relationship": "Outer", "Relation Name": "lineitem", "Alias": "lineitem", "Startup Cost": 78544.19, "Total Cost": 1586191.59, "Plan Rows": 2266921, "Plan Width": 24, "Actual Startup Time": 1410.62, "Actual Total Time": 4017.87, "Actual Rows": 2293944, "Actual Loops": 1, "Recheck Cond": "((l_shipdate >= '1997-07-01 00:00:00'::timestamp(0) without time zone) AND (l_shipdate < '1997-10-01 00:00:00'::timestamp without time zone)), (LLVM Optimized, Jit Execute)", "Rows Removed by Index Recheck": 0, "Exact Heap Blocks": 732487, "Lossy Heap Blocks": 732487, "Plans": [{"Node Type": "Bitmap Index Scan", "Parent Relationship": "Outer", "Index Name": "idx_lineitem_shipdate", "Startup Cost": 0.0, "Total Cost": 77977.46, "Plan Rows": 2266921, "Plan Width": 0, "Actual Startup Time": 1037.637, "Actual Total Time": 1037.637, "Actual Rows": 2293944, "Actual Loops": 1, "Index Cond": "((l_shipdate >= '1997-07-01 00:00:00'::timestamp(0) without time zone) AND (l_shipdate < '1997-10-01 00:00:00'::timestamp without time zone))"}]}]}]}, {"Node Type": "Nested Loop", "Parent Relationship": "Outer", "Join Type": "Inner", "Startup Cost": 1625863.0, "Total Cost": 1882908.01, "Plan Rows": 59380, "Plan Width": 83, "Actual Startup Time": 11669.86, "Actual Total Time": 11695.099, "Actual Rows": 1, "Actual Loops": 1, "Inner Unique": true, "Plans": [{"Node Type": "Aggregate", "Strategy": "Hashed", "Parent Relationship": "Outer", "Startup Cost": 1625862.71, "Total Cost": 1626604.96, "Plan Rows": 59380, "Plan Width": 24, "Actual Startup Time": 11669.792, "Actual Total Time": 11694.747, "Actual Rows": 1, "Actual Loops": 1, "Group By Key": ["public.lineitem.l_suppkey"], "Filter": "(sum((public.lineitem.l_extendedprice * (1::double precision - public.lineitem.l_discount))) = $0), (LLVM Optimized, Jit Execute)", "Rows Removed by Filter": 99999, "Plans": [{"Node Type": "Bitmap Heap Scan", "Parent Relationship": "Outer", "Relation Name": "lineitem", "Alias": "lineitem", "Startup Cost": 78544.19, "Total Cost": 1586191.59, "Plan Rows": 2266921, "Plan Width": 24, "Actual Startup Time": 1071.216, "Actual Total Time": 4099.156, "Actual Rows": 2293944, "Actual Loops": 1, "Recheck Cond": "((l_shipdate >= '1997-07-01 00:00:00'::timestamp(0) without time zone) AND (l_shipdate < '1997-10-01 00:00:00'::timestamp without time zone)), (LLVM Optimized, Jit Execute)", "Rows Removed by Index Recheck": 0, "Exact Heap Blocks": 732487, "Lossy Heap Blocks": 732487, "Plans": [{"Node Type": "Bitmap Index Scan", "Parent Relationship": "Outer", "Index Name": "idx_lineitem_shipdate", "Startup Cost": 0.0, "Total Cost": 77977.46, "Plan Rows": 2266921, "Plan Width": 0, "Actual Startup Time": 709.182, "Actual Total Time": 709.182, "Actual Rows": 2293944, "Actual Loops": 1, "Index Cond": "((l_shipdate >= '1997-07-01 00:00:00'::timestamp(0) without time zone) AND (l_shipdate < '1997-10-01 00:00:00'::timestamp without time zone))"}]}]}, {"Node Type": "Bitmap Heap Scan", "Parent Relationship": "Inner", "Relation Name": "supplier", "Alias": "supplier", "Startup Cost": 0.28, "Total Cost": 4.3, "Plan Rows": 1, "Plan Width": 75, "Actual Startup Time": 0.05, "Actual Total Time": 0.05, "Actual Rows": 1, "Actual Loops": 1, "Recheck Cond": "(s_suppkey = public.lineitem.l_suppkey)", "Rows Removed by Index Recheck": 0, "Exact Heap Blocks": 1, "Lossy Heap Blocks": 1, "Plans": [{"Node Type": "Bitmap Index Scan", "Parent Relationship": "Outer", "Index Name": "supplier_pkey", "Startup Cost": 0.0, "Total Cost": 0.28, "Plan Rows": 1, "Plan Width": 0, "Actual Startup Time": 0.026, "Actual Total Time": 0.026, "Actual Rows": 1, "Actual Loops": 1, "Index Cond": "(s_suppkey = public.lineitem.l_suppkey)"}]}]}]}, "Triggers": [], "Planner Runtime": 0.751, "Total Runtime": 11707.86, "Unique SQL Id": 3712096918}}, "(1, '104')": {"explain_plan": {"Plan": {"Node Type": "Sort", "Startup Cost": 4727127.98, "Total Cost": 4727276.43, "Plan Rows": 59380, "Plan Width": 83, "Sort Key": ["supplier.s_suppkey"], "Plans": [{"Node Type": "Aggregate", "Strategy": "Plain", "Parent Relationship": "exec_init_plan", "Subplan Name": "InitPlan 1 (returns $0)", "Startup Cost": 2339055.76, "Total Cost": 2339055.77, "Plan Rows": 1, "Plan Width": 16, "Plans": [{"Node Type": "Aggregate", "Strategy": "Hashed", "Parent Relationship": "Outer", "Startup Cost": 2337719.71, "Total Cost": 2338313.51, "Plan Rows": 59380, "Plan Width": 24, "Group By Key": ["public.lineitem.l_suppkey"], "Plans": [{"Node Type": "Seq Scan", "Parent Relationship": "Outer", "Relation Name": "lineitem", "Alias": "lineitem", "Startup Cost": 25.33, "Total Cost": 2315050.5, "Plan Rows": 2266921, "Plan Width": 24, "Filter": "((l_shipdate >= '1997-07-01 00:00:00'::timestamp(0) without time zone) AND (l_shipdate < '1997-10-01 00:00:00'::timestamp without time zone)), (LLVM Optimized)"}]}]}, {"Node Type": "Nested Loop", "Parent Relationship": "Outer", "Join Type": "Inner", "Startup Cost": 2354721.61, "Total Cost": 2383364.06, "Plan Rows": 59380, "Plan Width": 83, "Inner Unique": true, "Plans": [{"Node Type": "Aggregate", "Strategy": "Hashed", "Parent Relationship": "Outer", "Startup Cost": 2354721.61, "Total Cost": 2355463.86, "Plan Rows": 59380, "Plan Width": 24, "Group By Key": ["public.lineitem.l_suppkey"], "Filter": "(sum((public.lineitem.l_extendedprice * (1::double precision - public.lineitem.l_discount))) = $0), (LLVM Optimized)", "Plans": [{"Node Type": "Seq Scan", "Parent Relationship": "Outer", "Relation Name": "lineitem", "Alias": "lineitem", "Startup Cost": 25.33, "Total Cost": 2315050.5, "Plan Rows": 2266921, "Plan Width": 24, "Filter": "((l_shipdate >= '1997-07-01 00:00:00'::timestamp(0) without time zone) AND (l_shipdate < '1997-10-01 00:00:00'::timestamp without time zone)), (LLVM Optimized)"}]}, {"Node Type": "Index Scan", "Parent Relationship": "Inner", "Scan Direction": "Forward", "Index Name": "supplier_pkey", "Relation Name": "supplier", "Alias": "supplier", "Startup Cost": 0.0, "Total Cost": 0.45, "Plan Rows": 1, "Plan Width": 75, "Index Cond": "(s_suppkey = public.lineitem.l_suppkey)"}]}]}, "Unique SQL Id": 3712096918, "Planner Runtime": 0}, "explain_analyze_plan": null}, "(1, '105')": {"explain_plan": {"Plan": {"Node Type": "Sort", "Startup Cost": 10368528.3, "Total Cost": 10368676.75, "Plan Rows": 59380, "Plan Width": 83, "Sort Key": ["supplier.s_suppkey"], "Plans": [{"Node Type": "Aggregate", "Strategy": "Plain", "Parent Relationship": "exec_init_plan", "Subplan Name": "InitPlan 1 (returns $0)", "Startup Cost": 5159755.92, "Total Cost": 5159755.93, "Plan Rows": 1, "Plan Width": 16, "Plans": [{"Node Type": "Aggregate", "Strategy": "Hashed", "Parent Relationship": "Outer", "Startup Cost": 5158419.87, "Total Cost": 5159013.67, "Plan Rows": 59380, "Plan Width": 24, "Group By Key": ["public.lineitem.l_suppkey"], "Plans": [{"Node Type": "Index Scan", "Parent Relationship": "Outer", "Scan Direction": "Forward", "Index Name": "idx_lineitem_shipdate", "Relation Name": "lineitem", "Alias": "lineitem", "Startup Cost": 0.0, "Total Cost": 5135750.66, "Plan Rows": 2266921, "Plan Width": 24, "Index Cond": "((l_shipdate >= '1997-07-01 00:00:00'::timestamp(0) without time zone) AND (l_shipdate < '1997-10-01 00:00:00'::timestamp without time zone)), (LLVM Optimized)"}]}]}, {"Node Type": "Nested Loop", "Parent Relationship": "Outer", "Join Type": "Inner", "Startup Cost": 5175421.77, "Total Cost": 5204064.22, "Plan Rows": 59380, "Plan Width": 83, "Inner Unique": true, "Plans": [{"Node Type": "Aggregate", "Strategy": "Hashed", "Parent Relationship": "Outer", "Startup Cost": 5175421.77, "Total Cost": 5176164.02, "Plan Rows": 59380, "Plan Width": 24, "Group By Key": ["public.lineitem.l_suppkey"], "Filter": "(sum((public.lineitem.l_extendedprice * (1::double precision - public.lineitem.l_discount))) = $0), (LLVM Optimized)", "Plans": [{"Node Type": "Index Scan", "Parent Relationship": "Outer", "Scan Direction": "Forward", "Index Name": "idx_lineitem_shipdate", "Relation Name": "lineitem", "Alias": "lineitem", "Startup Cost": 0.0, "Total Cost": 5135750.66, "Plan Rows": 2266921, "Plan Width": 24, "Index Cond": "((l_shipdate >= '1997-07-01 00:00:00'::timestamp(0) without time zone) AND (l_shipdate < '1997-10-01 00:00:00'::timestamp without time zone)), (LLVM Optimized)"}]}, {"Node Type": "Index Scan", "Parent Relationship": "Inner", "Scan Direction": "Forward", "Index Name": "supplier_pkey", "Relation Name": "supplier", "Alias": "supplier", "Startup Cost": 0.0, "Total Cost": 0.45, "Plan Rows": 1, "Plan Width": 75, "Index Cond": "(s_suppkey = public.lineitem.l_suppkey)"}]}]}, "Unique SQL Id": 3712096918, "Planner Runtime": 0}, "explain_analyze_plan": {"Plan": {"Node Type": "Sort", "Startup Cost": 10368528.3, "Total Cost": 10368676.75, "Plan Rows": 59380, "Plan Width": 83, "Actual Startup Time": 16053.742, "Actual Total Time": 16053.743, "Actual Rows": 1, "Actual Loops": 1, "Sort Key": ["supplier.s_suppkey"], "Sort Method": "quicksort", "Sort Space Used": 25, "Sort Space Type": "Memory", "Plans": [{"Node Type": "Aggregate", "Strategy": "Plain", "Parent Relationship": "exec_init_plan", "Subplan Name": "InitPlan 1 (returns $0)", "Startup Cost": 5159755.92, "Total Cost": 5159755.93, "Plan Rows": 1, "Plan Width": 16, "Actual Startup Time": 8267.458, "Actual Total Time": 8267.458, "Actual Rows": 1, "Actual Loops": 1, "Plans": [{"Node Type": "Aggregate", "Strategy": "Hashed", "Parent Relationship": "Outer", "Startup Cost": 5158419.87, "Total Cost": 5159013.67, "Plan Rows": 59380, "Plan Width": 24, "Actual Startup Time": 8221.527, "Actual Total Time": 8252.553, "Actual Rows": 100000, "Actual Loops": 1, "Group By Key": ["public.lineitem.l_suppkey"], "Plans": [{"Node Type": "Index Scan", "Parent Relationship": "Outer", "Scan Direction": "Forward", "Index Name": "idx_lineitem_shipdate", "Relation Name": "lineitem", "Alias": "lineitem", "Startup Cost": 0.0, "Total Cost": 5135750.66, "Plan Rows": 2266921, "Plan Width": 24, "Actual Startup Time": 0.067, "Actual Total Time": 6130.937, "Actual Rows": 2293944, "Actual Loops": 1, "Index Cond": "((l_shipdate >= '1997-07-01 00:00:00'::timestamp(0) without time zone) AND (l_shipdate < '1997-10-01 00:00:00'::timestamp without time zone)), (LLVM Optimized, Jit Execute)", "Rows Removed by Index Recheck": 0}]}]}, {"Node Type": "Nested Loop", "Parent Relationship": "Outer", "Join Type": "Inner", "Startup Cost": 5175421.77, "Total Cost": 5204064.22, "Plan Rows": 59380, "Plan Width": 83, "Actual Startup Time": 16035.218, "Actual Total Time": 16053.717, "Actual Rows": 1, "Actual Loops": 1, "Inner Unique": true, "Plans": [{"Node Type": "Aggregate", "Strategy": "Hashed", "Parent Relationship": "Outer", "Startup Cost": 5175421.77, "Total Cost": 5176164.02, "Plan Rows": 59380, "Plan Width": 24, "Actual Startup Time": 16035.163, "Actual Total Time": 16053.415, "Actual Rows": 1, "Actual Loops": 1, "Group By Key": ["public.lineitem.l_suppkey"], "Filter": "(sum((public.lineitem.l_extendedprice * (1::double precision - public.lineitem.l_discount))) = $0), (LLVM Optimized, Jit Execute)", "Rows Removed by Filter": 99999, "Plans": [{"Node Type": "Index Scan", "Parent Relationship": "Outer", "Scan Direction": "Forward", "Index Name": "idx_lineitem_shipdate", "Relation Name": "lineitem", "Alias": "lineitem", "Startup Cost": 0.0, "Total Cost": 5135750.66, "Plan Rows": 2266921, "Plan Width": 24, "Actual Startup Time": 0.058, "Actual Total Time": 5645.488, "Actual Rows": 2293944, "Actual Loops": 1, "Index Cond": "((l_shipdate >= '1997-07-01 00:00:00'::timestamp(0) without time zone) AND (l_shipdate < '1997-10-01 00:00:00'::timestamp without time zone)), (LLVM Optimized, Jit Execute)", "Rows Removed by Index Recheck": 0}]}, {"Node Type": "Index Scan", "Parent Relationship": "Inner", "Scan Direction": "Forward", "Index Name": "supplier_pkey", "Relation Name": "supplier", "Alias": "supplier", "Startup Cost": 0.0, "Total Cost": 0.45, "Plan Rows": 1, "Plan Width": 75, "Actual Startup Time": 0.041, "Actual Total Time": 0.041, "Actual Rows": 1, "Actual Loops": 1, "Index Cond": "(s_suppkey = public.lineitem.l_suppkey)", "Rows Removed by Index Recheck": 0}]}]}, "Triggers": [], "Planner Runtime": 0.654, "Total Runtime": 16065.015, "Unique SQL Id": 3712096918}}, "(1, '106')": {"explain_plan": {"Plan": {"Node Type": "Sort", "Startup Cost": 4705171.05, "Total Cost": 4705319.5, "Plan Rows": 59380, "Plan Width": 83, "Sort Key": ["supplier.s_suppkey"], "Plans": [{"Node Type": "Aggregate", "Strategy": "Plain", "Parent Relationship": "exec_init_plan", "Subplan Name": "InitPlan 1 (returns $0)", "Startup Cost": 2339055.76, "Total Cost": 2339055.77, "Plan Rows": 1, "Plan Width": 16, "Plans": [{"Node Type": "Aggregate", "Strategy": "Hashed", "Parent Relationship": "Outer", "Startup Cost": 2337719.71, "Total Cost": 2338313.51, "Plan Rows": 59380, "Plan Width": 24, "Group By Key": ["public.lineitem.l_suppkey"], "Plans": [{"Node Type": "Seq Scan", "Parent Relationship": "Outer", "Relation Name": "lineitem", "Alias": "lineitem", "Startup Cost": 25.33, "Total Cost": 2315050.5, "Plan Rows": 2266921, "Plan Width": 24, "Filter": "((l_shipdate >= '1997-07-01 00:00:00'::timestamp(0) without time zone) AND (l_shipdate < '1997-10-01 00:00:00'::timestamp without time zone)), (LLVM Optimized)"}]}]}, {"Node Type": "Hash Join", "Parent Relationship": "Outer", "Join Type": "Inner", "Startup Cost": 2359254.61, "Total Cost": 2361407.14, "Plan Rows": 59380, "Plan Width": 83, "Inner Unique": true, "Hash Cond": "(public.lineitem.l_suppkey = supplier.s_suppkey)", "Plans": [{"Node Type": "Aggregate", "Strategy": "Hashed", "Parent Relationship": "Outer", "Startup Cost": 2354721.61, "Total Cost": 2355463.86, "Plan Rows": 59380, "Plan Width": 24, "Group By Key": ["public.lineitem.l_suppkey"], "Filter": "(sum((public.lineitem.l_extendedprice * (1::double precision - public.lineitem.l_discount))) = $0), (LLVM Optimized)", "Plans": [{"Node Type": "Seq Scan", "Parent Relationship": "Outer", "Relation Name": "lineitem", "Alias": "lineitem", "Startup Cost": 25.33, "Total Cost": 2315050.5, "Plan Rows": 2266921, "Plan Width": 24, "Filter": "((l_shipdate >= '1997-07-01 00:00:00'::timestamp(0) without time zone) AND (l_shipdate < '1997-10-01 00:00:00'::timestamp without time zone)), (LLVM Optimized)"}]}, {"Node Type": "Hash", "Parent Relationship": "Inner", "Startup Cost": 3283.0, "Total Cost": 3283.0, "Plan Rows": 100000, "Plan Width": 75, "Plans": [{"Node Type": "Seq Scan", "Parent Relationship": "Outer", "Relation Name": "supplier", "Alias": "supplier", "Startup Cost": 0.0, "Total Cost": 3283.0, "Plan Rows": 100000, "Plan Width": 75}]}]}]}, "Unique SQL Id": 3712096918, "Planner Runtime": 0}, "explain_analyze_plan": null}, "(1, '107')": {"explain_plan": {"Plan": {"Node Type": "Sort", "Startup Cost": 3000463651985.02, "Total Cost": 3000463652133.47, "Plan Rows": 59380, "Plan Width": 83, "Sort Key": ["supplier.s_suppkey"], "Plans": [{"Node Type": "Aggregate", "Strategy": "Plain", "Parent Relationship": "exec_init_plan", "Subplan Name": "InitPlan 1 (returns $0)", "Startup Cost": 1000231529054.76, "Total Cost": 1000231529054.77, "Plan Rows": 1, "Plan Width": 16, "Plans": [{"Node Type": "Aggregate", "Strategy": "Hashed", "Parent Relationship": "Outer", "Startup Cost": 1000231527718.71, "Total Cost": 1000231528312.51, "Plan Rows": 59380, "Plan Width": 24, "Group By Key": ["public.lineitem.l_suppkey"], "Plans": [{"Node Type": "Seq Scan", "Parent Relationship": "Outer", "Relation Name": "lineitem", "Alias": "lineitem", "Startup Cost": 10000000025.02, "Total Cost": 1000231505049.5, "Plan Rows": 2266921, "Plan Width": 24, "Filter": "((l_shipdate >= '1997-07-01 00:00:00'::timestamp(0) without time zone) AND (l_shipdate < '1997-10-01 00:00:00'::timestamp without time zone)), (LLVM Optimized)"}]}]}, {"Node Type": "Hash Join", "Parent Relationship": "Outer", "Join Type": "Inner", "Startup Cost": 1010231546798.92, "Total Cost": 2000232118222.1, "Plan Rows": 59380, "Plan Width": 83, "Inner Unique": true, "Hash Cond": "(supplier.s_suppkey = revenue0.supplier_no)", "Plans": [{"Node Type": "Index Scan", "Parent Relationship": "Outer", "Scan Direction": "Forward", "Index Name": "supplier_pkey", "Relation Name": "supplier", "Alias": "supplier", "Startup Cost": 10000000000.0, "Total Cost": 1000000533454.38, "Plan Rows": 100000, "Plan Width": 75}, {"Node Type": "Hash", "Parent Relationship": "Inner", "Startup Cost": 1000231546056.67, "Total Cost": 1000231546056.67, "Plan Rows": 59380, "Plan Width": 16, "Plans": [{"Node Type": "Subquery Scan", "Parent Relationship": "Outer", "Alias": "revenue0", "Startup Cost": 1000231544720.62, "Total Cost": 1000231546056.67, "Plan Rows": 59380, "Plan Width": 16, "Plans": [{"Node Type": "Aggregate", "Strategy": "Hashed", "Parent Relationship": "Subquery", "Startup Cost": 1000231544720.62, "Total Cost": 1000231545462.87, "Plan Rows": 59380, "Plan Width": 24, "Group By Key": ["public.lineitem.l_suppkey"], "Filter": "(sum((public.lineitem.l_extendedprice * (1::double precision - public.lineitem.l_discount))) = $0), (LLVM Optimized)", "Plans": [{"Node Type": "Seq Scan", "Parent Relationship": "Outer", "Relation Name": "lineitem", "Alias": "lineitem", "Startup Cost": 10000000025.02, "Total Cost": 1000231505049.5, "Plan Rows": 2266921, "Plan Width": 24, "Filter": "((l_shipdate >= '1997-07-01 00:00:00'::timestamp(0) without time zone) AND (l_shipdate < '1997-10-01 00:00:00'::timestamp without time zone)), (LLVM Optimized)"}]}]}]}]}]}, "Unique SQL Id": 3712096918, "Planner Runtime": 0}, "explain_analyze_plan": null}, "(1, '108')": {"explain_plan": {"Plan": {"Node Type": "Sort", "Startup Cost": 4727127.98, "Total Cost": 4727276.43, "Plan Rows": 59380, "Plan Width": 83, "Sort Key": ["supplier.s_suppkey"], "Plans": [{"Node Type": "Aggregate", "Strategy": "Plain", "Parent Relationship": "exec_init_plan", "Subplan Name": "InitPlan 1 (returns $0)", "Startup Cost": 2339055.76, "Total Cost": 2339055.77, "Plan Rows": 1, "Plan Width": 16, "Plans": [{"Node Type": "Aggregate", "Strategy": "Hashed", "Parent Relationship": "Outer", "Startup Cost": 2337719.71, "Total Cost": 2338313.51, "Plan Rows": 59380, "Plan Width": 24, "Group By Key": ["public.lineitem.l_suppkey"], "Plans": [{"Node Type": "Seq Scan", "Parent Relationship": "Outer", "Relation Name": "lineitem", "Alias": "lineitem", "Startup Cost": 25.33, "Total Cost": 2315050.5, "Plan Rows": 2266921, "Plan Width": 24, "Filter": "((l_shipdate >= '1997-07-01 00:00:00'::timestamp(0) without time zone) AND (l_shipdate < '1997-10-01 00:00:00'::timestamp without time zone)), (LLVM Optimized)"}]}]}, {"Node Type": "Nested Loop", "Parent Relationship": "Outer", "Join Type": "Inner", "Startup Cost": 2354721.61, "Total Cost": 2383364.06, "Plan Rows": 59380, "Plan Width": 83, "Inner Unique": true, "Plans": [{"Node Type": "Aggregate", "Strategy": "Hashed", "Parent Relationship": "Outer", "Startup Cost": 2354721.61, "Total Cost": 2355463.86, "Plan Rows": 59380, "Plan Width": 24, "Group By Key": ["public.lineitem.l_suppkey"], "Filter": "(sum((public.lineitem.l_extendedprice * (1::double precision - public.lineitem.l_discount))) = $0), (LLVM Optimized)", "Plans": [{"Node Type": "Seq Scan", "Parent Relationship": "Outer", "Relation Name": "lineitem", "Alias": "lineitem", "Startup Cost": 25.33, "Total Cost": 2315050.5, "Plan Rows": 2266921, "Plan Width": 24, "Filter": "((l_shipdate >= '1997-07-01 00:00:00'::timestamp(0) without time zone) AND (l_shipdate < '1997-10-01 00:00:00'::timestamp without time zone)), (LLVM Optimized)"}]}, {"Node Type": "Index Scan", "Parent Relationship": "Inner", "Scan Direction": "Forward", "Index Name": "supplier_pkey", "Relation Name": "supplier", "Alias": "supplier", "Startup Cost": 0.0, "Total Cost": 0.45, "Plan Rows": 1, "Plan Width": 75, "Index Cond": "(s_suppkey = public.lineitem.l_suppkey)"}]}]}, "Unique SQL Id": 3712096918, "Planner Runtime": 0}, "explain_analyze_plan": null}, "(1, '109')": {"explain_plan": {"Plan": {"Node Type": "Sort", "Startup Cost": 10368528.3, "Total Cost": 10368676.75, "Plan Rows": 59380, "Plan Width": 83, "Sort Key": ["supplier.s_suppkey"], "Plans": [{"Node Type": "Aggregate", "Strategy": "Plain", "Parent Relationship": "exec_init_plan", "Subplan Name": "InitPlan 1 (returns $0)", "Startup Cost": 5159755.92, "Total Cost": 5159755.93, "Plan Rows": 1, "Plan Width": 16, "Plans": [{"Node Type": "Aggregate", "Strategy": "Hashed", "Parent Relationship": "Outer", "Startup Cost": 5158419.87, "Total Cost": 5159013.67, "Plan Rows": 59380, "Plan Width": 24, "Group By Key": ["public.lineitem.l_suppkey"], "Plans": [{"Node Type": "Index Scan", "Parent Relationship": "Outer", "Scan Direction": "Forward", "Index Name": "idx_lineitem_shipdate", "Relation Name": "lineitem", "Alias": "lineitem", "Startup Cost": 0.0, "Total Cost": 5135750.66, "Plan Rows": 2266921, "Plan Width": 24, "Index Cond": "((l_shipdate >= '1997-07-01 00:00:00'::timestamp(0) without time zone) AND (l_shipdate < '1997-10-01 00:00:00'::timestamp without time zone)), (LLVM Optimized)"}]}]}, {"Node Type": "Nested Loop", "Parent Relationship": "Outer", "Join Type": "Inner", "Startup Cost": 5175421.77, "Total Cost": 5204064.22, "Plan Rows": 59380, "Plan Width": 83, "Inner Unique": true, "Plans": [{"Node Type": "Aggregate", "Strategy": "Hashed", "Parent Relationship": "Outer", "Startup Cost": 5175421.77, "Total Cost": 5176164.02, "Plan Rows": 59380, "Plan Width": 24, "Group By Key": ["public.lineitem.l_suppkey"], "Filter": "(sum((public.lineitem.l_extendedprice * (1::double precision - public.lineitem.l_discount))) = $0), (LLVM Optimized)", "Plans": [{"Node Type": "Index Scan", "Parent Relationship": "Outer", "Scan Direction": "Forward", "Index Name": "idx_lineitem_shipdate", "Relation Name": "lineitem", "Alias": "lineitem", "Startup Cost": 0.0, "Total Cost": 5135750.66, "Plan Rows": 2266921, "Plan Width": 24, "Index Cond": "((l_shipdate >= '1997-07-01 00:00:00'::timestamp(0) without time zone) AND (l_shipdate < '1997-10-01 00:00:00'::timestamp without time zone)), (LLVM Optimized)"}]}, {"Node Type": "Index Scan", "Parent Relationship": "Inner", "Scan Direction": "Forward", "Index Name": "supplier_pkey", "Relation Name": "supplier", "Alias": "supplier", "Startup Cost": 0.0, "Total Cost": 0.45, "Plan Rows": 1, "Plan Width": 75, "Index Cond": "(s_suppkey = public.lineitem.l_suppkey)"}]}]}, "Unique SQL Id": 3712096918, "Planner Runtime": 0}, "explain_analyze_plan": {"Plan": {"Node Type": "Sort", "Startup Cost": 10368528.3, "Total Cost": 10368676.75, "Plan Rows": 59380, "Plan Width": 83, "Actual Startup Time": 16053.742, "Actual Total Time": 16053.743, "Actual Rows": 1, "Actual Loops": 1, "Sort Key": ["supplier.s_suppkey"], "Sort Method": "quicksort", "Sort Space Used": 25, "Sort Space Type": "Memory", "Plans": [{"Node Type": "Aggregate", "Strategy": "Plain", "Parent Relationship": "exec_init_plan", "Subplan Name": "InitPlan 1 (returns $0)", "Startup Cost": 5159755.92, "Total Cost": 5159755.93, "Plan Rows": 1, "Plan Width": 16, "Actual Startup Time": 8267.458, "Actual Total Time": 8267.458, "Actual Rows": 1, "Actual Loops": 1, "Plans": [{"Node Type": "Aggregate", "Strategy": "Hashed", "Parent Relationship": "Outer", "Startup Cost": 5158419.87, "Total Cost": 5159013.67, "Plan Rows": 59380, "Plan Width": 24, "Actual Startup Time": 8221.527, "Actual Total Time": 8252.553, "Actual Rows": 100000, "Actual Loops": 1, "Group By Key": ["public.lineitem.l_suppkey"], "Plans": [{"Node Type": "Index Scan", "Parent Relationship": "Outer", "Scan Direction": "Forward", "Index Name": "idx_lineitem_shipdate", "Relation Name": "lineitem", "Alias": "lineitem", "Startup Cost": 0.0, "Total Cost": 5135750.66, "Plan Rows": 2266921, "Plan Width": 24, "Actual Startup Time": 0.067, "Actual Total Time": 6130.937, "Actual Rows": 2293944, "Actual Loops": 1, "Index Cond": "((l_shipdate >= '1997-07-01 00:00:00'::timestamp(0) without time zone) AND (l_shipdate < '1997-10-01 00:00:00'::timestamp without time zone)), (LLVM Optimized, Jit Execute)", "Rows Removed by Index Recheck": 0}]}]}, {"Node Type": "Nested Loop", "Parent Relationship": "Outer", "Join Type": "Inner", "Startup Cost": 5175421.77, "Total Cost": 5204064.22, "Plan Rows": 59380, "Plan Width": 83, "Actual Startup Time": 16035.218, "Actual Total Time": 16053.717, "Actual Rows": 1, "Actual Loops": 1, "Inner Unique": true, "Plans": [{"Node Type": "Aggregate", "Strategy": "Hashed", "Parent Relationship": "Outer", "Startup Cost": 5175421.77, "Total Cost": 5176164.02, "Plan Rows": 59380, "Plan Width": 24, "Actual Startup Time": 16035.163, "Actual Total Time": 16053.415, "Actual Rows": 1, "Actual Loops": 1, "Group By Key": ["public.lineitem.l_suppkey"], "Filter": "(sum((public.lineitem.l_extendedprice * (1::double precision - public.lineitem.l_discount))) = $0), (LLVM Optimized, Jit Execute)", "Rows Removed by Filter": 99999, "Plans": [{"Node Type": "Index Scan", "Parent Relationship": "Outer", "Scan Direction": "Forward", "Index Name": "idx_lineitem_shipdate", "Relation Name": "lineitem", "Alias": "lineitem", "Startup Cost": 0.0, "Total Cost": 5135750.66, "Plan Rows": 2266921, "Plan Width": 24, "Actual Startup Time": 0.058, "Actual Total Time": 5645.488, "Actual Rows": 2293944, "Actual Loops": 1, "Index Cond": "((l_shipdate >= '1997-07-01 00:00:00'::timestamp(0) without time zone) AND (l_shipdate < '1997-10-01 00:00:00'::timestamp without time zone)), (LLVM Optimized, Jit Execute)", "Rows Removed by Index Recheck": 0}]}, {"Node Type": "Index Scan", "Parent Relationship": "Inner", "Scan Direction": "Forward", "Index Name": "supplier_pkey", "Relation Name": "supplier", "Alias": "supplier", "Startup Cost": 0.0, "Total Cost": 0.45, "Plan Rows": 1, "Plan Width": 75, "Actual Startup Time": 0.041, "Actual Total Time": 0.041, "Actual Rows": 1, "Actual Loops": 1, "Index Cond": "(s_suppkey = public.lineitem.l_suppkey)", "Rows Removed by Index Recheck": 0}]}]}, "Triggers": [], "Planner Runtime": 0.654, "Total Runtime": 16065.015, "Unique SQL Id": 3712096918}}, "(1, '110')": {"explain_plan": {"Plan": {"Node Type": "Sort", "Startup Cost": 4705171.05, "Total Cost": 4705319.5, "Plan Rows": 59380, "Plan Width": 83, "Sort Key": ["supplier.s_suppkey"], "Plans": [{"Node Type": "Aggregate", "Strategy": "Plain", "Parent Relationship": "exec_init_plan", "Subplan Name": "InitPlan 1 (returns $0)", "Startup Cost": 2339055.76, "Total Cost": 2339055.77, "Plan Rows": 1, "Plan Width": 16, "Plans": [{"Node Type": "Aggregate", "Strategy": "Hashed", "Parent Relationship": "Outer", "Startup Cost": 2337719.71, "Total Cost": 2338313.51, "Plan Rows": 59380, "Plan Width": 24, "Group By Key": ["public.lineitem.l_suppkey"], "Plans": [{"Node Type": "Seq Scan", "Parent Relationship": "Outer", "Relation Name": "lineitem", "Alias": "lineitem", "Startup Cost": 25.33, "Total Cost": 2315050.5, "Plan Rows": 2266921, "Plan Width": 24, "Filter": "((l_shipdate >= '1997-07-01 00:00:00'::timestamp(0) without time zone) AND (l_shipdate < '1997-10-01 00:00:00'::timestamp without time zone)), (LLVM Optimized)"}]}]}, {"Node Type": "Hash Join", "Parent Relationship": "Outer", "Join Type": "Inner", "Startup Cost": 2359254.61, "Total Cost": 2361407.14, "Plan Rows": 59380, "Plan Width": 83, "Inner Unique": true, "Hash Cond": "(public.lineitem.l_suppkey = supplier.s_suppkey)", "Plans": [{"Node Type": "Aggregate", "Strategy": "Hashed", "Parent Relationship": "Outer", "Startup Cost": 2354721.61, "Total Cost": 2355463.86, "Plan Rows": 59380, "Plan Width": 24, "Group By Key": ["public.lineitem.l_suppkey"], "Filter": "(sum((public.lineitem.l_extendedprice * (1::double precision - public.lineitem.l_discount))) = $0), (LLVM Optimized)", "Plans": [{"Node Type": "Seq Scan", "Parent Relationship": "Outer", "Relation Name": "lineitem", "Alias": "lineitem", "Startup Cost": 25.33, "Total Cost": 2315050.5, "Plan Rows": 2266921, "Plan Width": 24, "Filter": "((l_shipdate >= '1997-07-01 00:00:00'::timestamp(0) without time zone) AND (l_shipdate < '1997-10-01 00:00:00'::timestamp without time zone)), (LLVM Optimized)"}]}, {"Node Type": "Hash", "Parent Relationship": "Inner", "Startup Cost": 3283.0, "Total Cost": 3283.0, "Plan Rows": 100000, "Plan Width": 75, "Plans": [{"Node Type": "Seq Scan", "Parent Relationship": "Outer", "Relation Name": "supplier", "Alias": "supplier", "Startup Cost": 0.0, "Total Cost": 3283.0, "Plan Rows": 100000, "Plan Width": 75}]}]}]}, "Unique SQL Id": 3712096918, "Planner Runtime": 0}, "explain_analyze_plan": null}, "(1, '111')": {"explain_plan": {"Plan": {"Node Type": "Sort", "Startup Cost": 3000463651985.02, "Total Cost": 3000463652133.47, "Plan Rows": 59380, "Plan Width": 83, "Sort Key": ["supplier.s_suppkey"], "Plans": [{"Node Type": "Aggregate", "Strategy": "Plain", "Parent Relationship": "exec_init_plan", "Subplan Name": "InitPlan 1 (returns $0)", "Startup Cost": 1000231529054.76, "Total Cost": 1000231529054.77, "Plan Rows": 1, "Plan Width": 16, "Plans": [{"Node Type": "Aggregate", "Strategy": "Hashed", "Parent Relationship": "Outer", "Startup Cost": 1000231527718.71, "Total Cost": 1000231528312.51, "Plan Rows": 59380, "Plan Width": 24, "Group By Key": ["public.lineitem.l_suppkey"], "Plans": [{"Node Type": "Seq Scan", "Parent Relationship": "Outer", "Relation Name": "lineitem", "Alias": "lineitem", "Startup Cost": 10000000025.02, "Total Cost": 1000231505049.5, "Plan Rows": 2266921, "Plan Width": 24, "Filter": "((l_shipdate >= '1997-07-01 00:00:00'::timestamp(0) without time zone) AND (l_shipdate < '1997-10-01 00:00:00'::timestamp without time zone)), (LLVM Optimized)"}]}]}, {"Node Type": "Hash Join", "Parent Relationship": "Outer", "Join Type": "Inner", "Startup Cost": 1010231546798.92, "Total Cost": 2000232118222.1, "Plan Rows": 59380, "Plan Width": 83, "Inner Unique": true, "Hash Cond": "(supplier.s_suppkey = revenue0.supplier_no)", "Plans": [{"Node Type": "Index Scan", "Parent Relationship": "Outer", "Scan Direction": "Forward", "Index Name": "supplier_pkey", "Relation Name": "supplier", "Alias": "supplier", "Startup Cost": 10000000000.0, "Total Cost": 1000000533454.38, "Plan Rows": 100000, "Plan Width": 75}, {"Node Type": "Hash", "Parent Relationship": "Inner", "Startup Cost": 1000231546056.67, "Total Cost": 1000231546056.67, "Plan Rows": 59380, "Plan Width": 16, "Plans": [{"Node Type": "Subquery Scan", "Parent Relationship": "Outer", "Alias": "revenue0", "Startup Cost": 1000231544720.62, "Total Cost": 1000231546056.67, "Plan Rows": 59380, "Plan Width": 16, "Plans": [{"Node Type": "Aggregate", "Strategy": "Hashed", "Parent Relationship": "Subquery", "Startup Cost": 1000231544720.62, "Total Cost": 1000231545462.87, "Plan Rows": 59380, "Plan Width": 24, "Group By Key": ["public.lineitem.l_suppkey"], "Filter": "(sum((public.lineitem.l_extendedprice * (1::double precision - public.lineitem.l_discount))) = $0), (LLVM Optimized)", "Plans": [{"Node Type": "Seq Scan", "Parent Relationship": "Outer", "Relation Name": "lineitem", "Alias": "lineitem", "Startup Cost": 10000000025.02, "Total Cost": 1000231505049.5, "Plan Rows": 2266921, "Plan Width": 24, "Filter": "((l_shipdate >= '1997-07-01 00:00:00'::timestamp(0) without time zone) AND (l_shipdate < '1997-10-01 00:00:00'::timestamp without time zone)), (LLVM Optimized)"}]}]}]}]}]}, "Unique SQL Id": 3712096918, "Planner Runtime": 0}, "explain_analyze_plan": null}, "(1, '112')": {"explain_plan": {"Plan": {"Node Type": "Sort", "Startup Cost": 3269410.17, "Total Cost": 3269558.62, "Plan Rows": 59380, "Plan Width": 83, "Sort Key": ["supplier.s_suppkey"], "Plans": [{"Node Type": "Aggregate", "Strategy": "Plain", "Parent Relationship": "exec_init_plan", "Subplan Name": "InitPlan 1 (returns $0)", "Startup Cost": 1610196.85, "Total Cost": 1610196.86, "Plan Rows": 1, "Plan Width": 16, "Plans": [{"Node Type": "Aggregate", "Strategy": "Hashed", "Parent Relationship": "Outer", "Startup Cost": 1608860.8, "Total Cost": 1609454.6, "Plan Rows": 59380, "Plan Width": 24, "Group By Key": ["public.lineitem.l_suppkey"], "Plans": [{"Node Type": "Bitmap Heap Scan", "Parent Relationship": "Outer", "Relation Name": "lineitem", "Alias": "lineitem", "Startup Cost": 78544.19, "Total Cost": 1586191.59, "Plan Rows": 2266921, "Plan Width": 24, "Recheck Cond": "((l_shipdate >= '1997-07-01 00:00:00'::timestamp(0) without time zone) AND (l_shipdate < '1997-10-01 00:00:00'::timestamp without time zone)), (LLVM Optimized)", "Plans": [{"Node Type": "Bitmap Index Scan", "Parent Relationship": "Outer", "Index Name": "idx_lineitem_shipdate", "Startup Cost": 0.0, "Total Cost": 77977.46, "Plan Rows": 2266921, "Plan Width": 0, "Index Cond": "((l_shipdate >= '1997-07-01 00:00:00'::timestamp(0) without time zone) AND (l_shipdate < '1997-10-01 00:00:00'::timestamp without time zone))"}]}]}]}, {"Node Type": "Nested Loop", "Parent Relationship": "Outer", "Join Type": "Inner", "Startup Cost": 1625862.71, "Total Cost": 1654505.16, "Plan Rows": 59380, "Plan Width": 83, "Inner Unique": true, "Plans": [{"Node Type": "Aggregate", "Strategy": "Hashed", "Parent Relationship": "Outer", "Startup Cost": 1625862.71, "Total Cost": 1626604.96, "Plan Rows": 59380, "Plan Width": 24, "Group By Key": ["public.lineitem.l_suppkey"], "Filter": "(sum((public.lineitem.l_extendedprice * (1::double precision - public.lineitem.l_discount))) = $0), (LLVM Optimized)", "Plans": [{"Node Type": "Bitmap Heap Scan", "Parent Relationship": "Outer", "Relation Name": "lineitem", "Alias": "lineitem", "Startup Cost": 78544.19, "Total Cost": 1586191.59, "Plan Rows": 2266921, "Plan Width": 24, "Recheck Cond": "((l_shipdate >= '1997-07-01 00:00:00'::timestamp(0) without time zone) AND (l_shipdate < '1997-10-01 00:00:00'::timestamp without time zone)), (LLVM Optimized)", "Plans": [{"Node Type": "Bitmap Index Scan", "Parent Relationship": "Outer", "Index Name": "idx_lineitem_shipdate", "Startup Cost": 0.0, "Total Cost": 77977.46, "Plan Rows": 2266921, "Plan Width": 0, "Index Cond": "((l_shipdate >= '1997-07-01 00:00:00'::timestamp(0) without time zone) AND (l_shipdate < '1997-10-01 00:00:00'::timestamp without time zone))"}]}]}, {"Node Type": "Index Scan", "Parent Relationship": "Inner", "Scan Direction": "Forward", "Index Name": "supplier_pkey", "Relation Name": "supplier", "Alias": "supplier", "Startup Cost": 0.0, "Total Cost": 0.45, "Plan Rows": 1, "Plan Width": 75, "Index Cond": "(s_suppkey = public.lineitem.l_suppkey)"}]}]}, "Unique SQL Id": 3712096918, "Planner Runtime": 0}, "explain_analyze_plan": {"Plan": {"Node Type": "Sort", "Startup Cost": 3269410.17, "Total Cost": 3269558.62, "Plan Rows": 59380, "Plan Width": 83, "Actual Startup Time": 12065.464, "Actual Total Time": 12065.464, "Actual Rows": 1, "Actual Loops": 1, "Sort Key": ["supplier.s_suppkey"], "Sort Method": "quicksort", "Sort Space Used": 25, "Sort Space Type": "Memory", "Plans": [{"Node Type": "Aggregate", "Strategy": "Plain", "Parent Relationship": "exec_init_plan", "Subplan Name": "InitPlan 1 (returns $0)", "Startup Cost": 1610196.85, "Total Cost": 1610196.86, "Plan Rows": 1, "Plan Width": 16, "Actual Startup Time": 6307.43, "Actual Total Time": 6307.43, "Actual Rows": 1, "Actual Loops": 1, "Plans": [{"Node Type": "Aggregate", "Strategy": "Hashed", "Parent Relationship": "Outer", "Startup Cost": 1608860.8, "Total Cost": 1609454.6, "Plan Rows": 59380, "Plan Width": 24, "Actual Startup Time": 6257.835, "Actual Total Time": 6292.482, "Actual Rows": 100000, "Actual Loops": 1, "Group By Key": ["public.lineitem.l_suppkey"], "Plans": [{"Node Type": "Bitmap Heap Scan", "Parent Relationship": "Outer", "Relation Name": "lineitem", "Alias": "lineitem", "Startup Cost": 78544.19, "Total Cost": 1586191.59, "Plan Rows": 2266921, "Plan Width": 24, "Actual Startup Time": 1274.295, "Actual Total Time": 4426.522, "Actual Rows": 2293944, "Actual Loops": 1, "Recheck Cond": "((l_shipdate >= '1997-07-01 00:00:00'::timestamp(0) without time zone) AND (l_shipdate < '1997-10-01 00:00:00'::timestamp without time zone)), (LLVM Optimized, Jit Execute)", "Rows Removed by Index Recheck": 0, "Exact Heap Blocks": 732487, "Lossy Heap Blocks": 732487, "Plans": [{"Node Type": "Bitmap Index Scan", "Parent Relationship": "Outer", "Index Name": "idx_lineitem_shipdate", "Startup Cost": 0.0, "Total Cost": 77977.46, "Plan Rows": 2266921, "Plan Width": 0, "Actual Startup Time": 971.115, "Actual Total Time": 971.115, "Actual Rows": 2293944, "Actual Loops": 1, "Index Cond": "((l_shipdate >= '1997-07-01 00:00:00'::timestamp(0) without time zone) AND (l_shipdate < '1997-10-01 00:00:00'::timestamp without time zone))"}]}]}]}, {"Node Type": "Nested Loop", "Parent Relationship": "Outer", "Join Type": "Inner", "Startup Cost": 1625862.71, "Total Cost": 1654505.16, "Plan Rows": 59380, "Plan Width": 83, "Actual Startup Time": 12039.251, "Actual Total Time": 12065.445, "Actual Rows": 1, "Actual Loops": 1, "Inner Unique": true, "Plans": [{"Node Type": "Aggregate", "Strategy": "Hashed", "Parent Relationship": "Outer", "Startup Cost": 1625862.71, "Total Cost": 1626604.96, "Plan Rows": 59380, "Plan Width": 24, "Actual Startup Time": 12039.207, "Actual Total Time": 12065.156, "Actual Rows": 1, "Actual Loops": 1, "Group By Key": ["public.lineitem.l_suppkey"], "Filter": "(sum((public.lineitem.l_extendedprice * (1::double precision - public.lineitem.l_discount))) = $0), (LLVM Optimized, Jit Execute)", "Rows Removed by Filter": 99999, "Plans": [{"Node Type": "Bitmap Heap Scan", "Parent Relationship": "Outer", "Relation Name": "lineitem", "Alias": "lineitem", "Startup Cost": 78544.19, "Total Cost": 1586191.59, "Plan Rows": 2266921, "Plan Width": 24, "Actual Startup Time": 1016.422, "Actual Total Time": 3957.033, "Actual Rows": 2293944, "Actual Loops": 1, "Recheck Cond": "((l_shipdate >= '1997-07-01 00:00:00'::timestamp(0) without time zone) AND (l_shipdate < '1997-10-01 00:00:00'::timestamp without time zone)), (LLVM Optimized, Jit Execute)", "Rows Removed by Index Recheck": 0, "Exact Heap Blocks": 732487, "Lossy Heap Blocks": 732487, "Plans": [{"Node Type": "Bitmap Index Scan", "Parent Relationship": "Outer", "Index Name": "idx_lineitem_shipdate", "Startup Cost": 0.0, "Total Cost": 77977.46, "Plan Rows": 2266921, "Plan Width": 0, "Actual Startup Time": 701.103, "Actual Total Time": 701.103, "Actual Rows": 2293944, "Actual Loops": 1, "Index Cond": "((l_shipdate >= '1997-07-01 00:00:00'::timestamp(0) without time zone) AND (l_shipdate < '1997-10-01 00:00:00'::timestamp without time zone))"}]}]}, {"Node Type": "Index Scan", "Parent Relationship": "Inner", "Scan Direction": "Forward", "Index Name": "supplier_pkey", "Relation Name": "supplier", "Alias": "supplier", "Startup Cost": 0.0, "Total Cost": 0.45, "Plan Rows": 1, "Plan Width": 75, "Actual Startup Time": 0.033, "Actual Total Time": 0.033, "Actual Rows": 1, "Actual Loops": 1, "Index Cond": "(s_suppkey = public.lineitem.l_suppkey)", "Rows Removed by Index Recheck": 0}]}]}, "Triggers": [], "Planner Runtime": 0.64, "Total Runtime": 12078.38, "Unique SQL Id": 3712096918}}, "(1, '113')": {"explain_plan": {"Plan": {"Node Type": "Sort", "Startup Cost": 3269410.17, "Total Cost": 3269558.62, "Plan Rows": 59380, "Plan Width": 83, "Sort Key": ["supplier.s_suppkey"], "Plans": [{"Node Type": "Aggregate", "Strategy": "Plain", "Parent Relationship": "exec_init_plan", "Subplan Name": "InitPlan 1 (returns $0)", "Startup Cost": 1610196.85, "Total Cost": 1610196.86, "Plan Rows": 1, "Plan Width": 16, "Plans": [{"Node Type": "Aggregate", "Strategy": "Hashed", "Parent Relationship": "Outer", "Startup Cost": 1608860.8, "Total Cost": 1609454.6, "Plan Rows": 59380, "Plan Width": 24, "Group By Key": ["public.lineitem.l_suppkey"], "Plans": [{"Node Type": "Bitmap Heap Scan", "Parent Relationship": "Outer", "Relation Name": "lineitem", "Alias": "lineitem", "Startup Cost": 78544.19, "Total Cost": 1586191.59, "Plan Rows": 2266921, "Plan Width": 24, "Recheck Cond": "((l_shipdate >= '1997-07-01 00:00:00'::timestamp(0) without time zone) AND (l_shipdate < '1997-10-01 00:00:00'::timestamp without time zone)), (LLVM Optimized)", "Plans": [{"Node Type": "Bitmap Index Scan", "Parent Relationship": "Outer", "Index Name": "idx_lineitem_shipdate", "Startup Cost": 0.0, "Total Cost": 77977.46, "Plan Rows": 2266921, "Plan Width": 0, "Index Cond": "((l_shipdate >= '1997-07-01 00:00:00'::timestamp(0) without time zone) AND (l_shipdate < '1997-10-01 00:00:00'::timestamp without time zone))"}]}]}]}, {"Node Type": "Nested Loop", "Parent Relationship": "Outer", "Join Type": "Inner", "Startup Cost": 1625862.71, "Total Cost": 1654505.16, "Plan Rows": 59380, "Plan Width": 83, "Inner Unique": true, "Plans": [{"Node Type": "Aggregate", "Strategy": "Hashed", "Parent Relationship": "Outer", "Startup Cost": 1625862.71, "Total Cost": 1626604.96, "Plan Rows": 59380, "Plan Width": 24, "Group By Key": ["public.lineitem.l_suppkey"], "Filter": "(sum((public.lineitem.l_extendedprice * (1::double precision - public.lineitem.l_discount))) = $0), (LLVM Optimized)", "Plans": [{"Node Type": "Bitmap Heap Scan", "Parent Relationship": "Outer", "Relation Name": "lineitem", "Alias": "lineitem", "Startup Cost": 78544.19, "Total Cost": 1586191.59, "Plan Rows": 2266921, "Plan Width": 24, "Recheck Cond": "((l_shipdate >= '1997-07-01 00:00:00'::timestamp(0) without time zone) AND (l_shipdate < '1997-10-01 00:00:00'::timestamp without time zone)), (LLVM Optimized)", "Plans": [{"Node Type": "Bitmap Index Scan", "Parent Relationship": "Outer", "Index Name": "idx_lineitem_shipdate", "Startup Cost": 0.0, "Total Cost": 77977.46, "Plan Rows": 2266921, "Plan Width": 0, "Index Cond": "((l_shipdate >= '1997-07-01 00:00:00'::timestamp(0) without time zone) AND (l_shipdate < '1997-10-01 00:00:00'::timestamp without time zone))"}]}]}, {"Node Type": "Index Scan", "Parent Relationship": "Inner", "Scan Direction": "Forward", "Index Name": "supplier_pkey", "Relation Name": "supplier", "Alias": "supplier", "Startup Cost": 0.0, "Total Cost": 0.45, "Plan Rows": 1, "Plan Width": 75, "Index Cond": "(s_suppkey = public.lineitem.l_suppkey)"}]}]}, "Unique SQL Id": 3712096918, "Planner Runtime": 0}, "explain_analyze_plan": {"Plan": {"Node Type": "Sort", "Startup Cost": 3269410.17, "Total Cost": 3269558.62, "Plan Rows": 59380, "Plan Width": 83, "Actual Startup Time": 12065.464, "Actual Total Time": 12065.464, "Actual Rows": 1, "Actual Loops": 1, "Sort Key": ["supplier.s_suppkey"], "Sort Method": "quicksort", "Sort Space Used": 25, "Sort Space Type": "Memory", "Plans": [{"Node Type": "Aggregate", "Strategy": "Plain", "Parent Relationship": "exec_init_plan", "Subplan Name": "InitPlan 1 (returns $0)", "Startup Cost": 1610196.85, "Total Cost": 1610196.86, "Plan Rows": 1, "Plan Width": 16, "Actual Startup Time": 6307.43, "Actual Total Time": 6307.43, "Actual Rows": 1, "Actual Loops": 1, "Plans": [{"Node Type": "Aggregate", "Strategy": "Hashed", "Parent Relationship": "Outer", "Startup Cost": 1608860.8, "Total Cost": 1609454.6, "Plan Rows": 59380, "Plan Width": 24, "Actual Startup Time": 6257.835, "Actual Total Time": 6292.482, "Actual Rows": 100000, "Actual Loops": 1, "Group By Key": ["public.lineitem.l_suppkey"], "Plans": [{"Node Type": "Bitmap Heap Scan", "Parent Relationship": "Outer", "Relation Name": "lineitem", "Alias": "lineitem", "Startup Cost": 78544.19, "Total Cost": 1586191.59, "Plan Rows": 2266921, "Plan Width": 24, "Actual Startup Time": 1274.295, "Actual Total Time": 4426.522, "Actual Rows": 2293944, "Actual Loops": 1, "Recheck Cond": "((l_shipdate >= '1997-07-01 00:00:00'::timestamp(0) without time zone) AND (l_shipdate < '1997-10-01 00:00:00'::timestamp without time zone)), (LLVM Optimized, Jit Execute)", "Rows Removed by Index Recheck": 0, "Exact Heap Blocks": 732487, "Lossy Heap Blocks": 732487, "Plans": [{"Node Type": "Bitmap Index Scan", "Parent Relationship": "Outer", "Index Name": "idx_lineitem_shipdate", "Startup Cost": 0.0, "Total Cost": 77977.46, "Plan Rows": 2266921, "Plan Width": 0, "Actual Startup Time": 971.115, "Actual Total Time": 971.115, "Actual Rows": 2293944, "Actual Loops": 1, "Index Cond": "((l_shipdate >= '1997-07-01 00:00:00'::timestamp(0) without time zone) AND (l_shipdate < '1997-10-01 00:00:00'::timestamp without time zone))"}]}]}]}, {"Node Type": "Nested Loop", "Parent Relationship": "Outer", "Join Type": "Inner", "Startup Cost": 1625862.71, "Total Cost": 1654505.16, "Plan Rows": 59380, "Plan Width": 83, "Actual Startup Time": 12039.251, "Actual Total Time": 12065.445, "Actual Rows": 1, "Actual Loops": 1, "Inner Unique": true, "Plans": [{"Node Type": "Aggregate", "Strategy": "Hashed", "Parent Relationship": "Outer", "Startup Cost": 1625862.71, "Total Cost": 1626604.96, "Plan Rows": 59380, "Plan Width": 24, "Actual Startup Time": 12039.207, "Actual Total Time": 12065.156, "Actual Rows": 1, "Actual Loops": 1, "Group By Key": ["public.lineitem.l_suppkey"], "Filter": "(sum((public.lineitem.l_extendedprice * (1::double precision - public.lineitem.l_discount))) = $0), (LLVM Optimized, Jit Execute)", "Rows Removed by Filter": 99999, "Plans": [{"Node Type": "Bitmap Heap Scan", "Parent Relationship": "Outer", "Relation Name": "lineitem", "Alias": "lineitem", "Startup Cost": 78544.19, "Total Cost": 1586191.59, "Plan Rows": 2266921, "Plan Width": 24, "Actual Startup Time": 1016.422, "Actual Total Time": 3957.033, "Actual Rows": 2293944, "Actual Loops": 1, "Recheck Cond": "((l_shipdate >= '1997-07-01 00:00:00'::timestamp(0) without time zone) AND (l_shipdate < '1997-10-01 00:00:00'::timestamp without time zone)), (LLVM Optimized, Jit Execute)", "Rows Removed by Index Recheck": 0, "Exact Heap Blocks": 732487, "Lossy Heap Blocks": 732487, "Plans": [{"Node Type": "Bitmap Index Scan", "Parent Relationship": "Outer", "Index Name": "idx_lineitem_shipdate", "Startup Cost": 0.0, "Total Cost": 77977.46, "Plan Rows": 2266921, "Plan Width": 0, "Actual Startup Time": 701.103, "Actual Total Time": 701.103, "Actual Rows": 2293944, "Actual Loops": 1, "Index Cond": "((l_shipdate >= '1997-07-01 00:00:00'::timestamp(0) without time zone) AND (l_shipdate < '1997-10-01 00:00:00'::timestamp without time zone))"}]}]}, {"Node Type": "Index Scan", "Parent Relationship": "Inner", "Scan Direction": "Forward", "Index Name": "supplier_pkey", "Relation Name": "supplier", "Alias": "supplier", "Startup Cost": 0.0, "Total Cost": 0.45, "Plan Rows": 1, "Plan Width": 75, "Actual Startup Time": 0.033, "Actual Total Time": 0.033, "Actual Rows": 1, "Actual Loops": 1, "Index Cond": "(s_suppkey = public.lineitem.l_suppkey)", "Rows Removed by Index Recheck": 0}]}]}, "Triggers": [], "Planner Runtime": 0.64, "Total Runtime": 12078.38, "Unique SQL Id": 3712096918}}, "(1, '114')": {"explain_plan": {"Plan": {"Node Type": "Sort", "Startup Cost": 3497813.02, "Total Cost": 3497961.47, "Plan Rows": 59380, "Plan Width": 83, "Sort Key": ["supplier.s_suppkey"], "Plans": [{"Node Type": "Aggregate", "Strategy": "Plain", "Parent Relationship": "exec_init_plan", "Subplan Name": "InitPlan 1 (returns $0)", "Startup Cost": 1610196.85, "Total Cost": 1610196.86, "Plan Rows": 1, "Plan Width": 16, "Plans": [{"Node Type": "Aggregate", "Strategy": "Hashed", "Parent Relationship": "Outer", "Startup Cost": 1608860.8, "Total Cost": 1609454.6, "Plan Rows": 59380, "Plan Width": 24, "Group By Key": ["public.lineitem.l_suppkey"], "Plans": [{"Node Type": "Bitmap Heap Scan", "Parent Relationship": "Outer", "Relation Name": "lineitem", "Alias": "lineitem", "Startup Cost": 78544.19, "Total Cost": 1586191.59, "Plan Rows": 2266921, "Plan Width": 24, "Recheck Cond": "((l_shipdate >= '1997-07-01 00:00:00'::timestamp(0) without time zone) AND (l_shipdate < '1997-10-01 00:00:00'::timestamp without time zone)), (LLVM Optimized)", "Plans": [{"Node Type": "Bitmap Index Scan", "Parent Relationship": "Outer", "Index Name": "idx_lineitem_shipdate", "Startup Cost": 0.0, "Total Cost": 77977.46, "Plan Rows": 2266921, "Plan Width": 0, "Index Cond": "((l_shipdate >= '1997-07-01 00:00:00'::timestamp(0) without time zone) AND (l_shipdate < '1997-10-01 00:00:00'::timestamp without time zone))"}]}]}]}, {"Node Type": "Nested Loop", "Parent Relationship": "Outer", "Join Type": "Inner", "Startup Cost": 1625863.0, "Total Cost": 1882908.01, "Plan Rows": 59380, "Plan Width": 83, "Inner Unique": true, "Plans": [{"Node Type": "Aggregate", "Strategy": "Hashed", "Parent Relationship": "Outer", "Startup Cost": 1625862.71, "Total Cost": 1626604.96, "Plan Rows": 59380, "Plan Width": 24, "Group By Key": ["public.lineitem.l_suppkey"], "Filter": "(sum((public.lineitem.l_extendedprice * (1::double precision - public.lineitem.l_discount))) = $0), (LLVM Optimized)", "Plans": [{"Node Type": "Bitmap Heap Scan", "Parent Relationship": "Outer", "Relation Name": "lineitem", "Alias": "lineitem", "Startup Cost": 78544.19, "Total Cost": 1586191.59, "Plan Rows": 2266921, "Plan Width": 24, "Recheck Cond": "((l_shipdate >= '1997-07-01 00:00:00'::timestamp(0) without time zone) AND (l_shipdate < '1997-10-01 00:00:00'::timestamp without time zone)), (LLVM Optimized)", "Plans": [{"Node Type": "Bitmap Index Scan", "Parent Relationship": "Outer", "Index Name": "idx_lineitem_shipdate", "Startup Cost": 0.0, "Total Cost": 77977.46, "Plan Rows": 2266921, "Plan Width": 0, "Index Cond": "((l_shipdate >= '1997-07-01 00:00:00'::timestamp(0) without time zone) AND (l_shipdate < '1997-10-01 00:00:00'::timestamp without time zone))"}]}]}, {"Node Type": "Bitmap Heap Scan", "Parent Relationship": "Inner", "Relation Name": "supplier", "Alias": "supplier", "Startup Cost": 0.28, "Total Cost": 4.3, "Plan Rows": 1, "Plan Width": 75, "Recheck Cond": "(s_suppkey = public.lineitem.l_suppkey)", "Plans": [{"Node Type": "Bitmap Index Scan", "Parent Relationship": "Outer", "Index Name": "supplier_pkey", "Startup Cost": 0.0, "Total Cost": 0.28, "Plan Rows": 1, "Plan Width": 0, "Index Cond": "(s_suppkey = public.lineitem.l_suppkey)"}]}]}]}, "Unique SQL Id": 3712096918, "Planner Runtime": 0}, "explain_analyze_plan": {"Plan": {"Node Type": "Sort", "Startup Cost": 3497813.02, "Total Cost": 3497961.47, "Plan Rows": 59380, "Plan Width": 83, "Actual Startup Time": 11695.124, "Actual Total Time": 11695.125, "Actual Rows": 1, "Actual Loops": 1, "Sort Key": ["supplier.s_suppkey"], "Sort Method": "quicksort", "Sort Space Used": 25, "Sort Space Type": "Memory", "Plans": [{"Node Type": "Aggregate", "Strategy": "Plain", "Parent Relationship": "exec_init_plan", "Subplan Name": "InitPlan 1 (returns $0)", "Startup Cost": 1610196.85, "Total Cost": 1610196.86, "Plan Rows": 1, "Plan Width": 16, "Actual Startup Time": 5790.695, "Actual Total Time": 5790.695, "Actual Rows": 1, "Actual Loops": 1, "Plans": [{"Node Type": "Aggregate", "Strategy": "Hashed", "Parent Relationship": "Outer", "Startup Cost": 1608860.8, "Total Cost": 1609454.6, "Plan Rows": 59380, "Plan Width": 24, "Actual Startup Time": 5744.183, "Actual Total Time": 5775.7, "Actual Rows": 100000, "Actual Loops": 1, "Group By Key": ["public.lineitem.l_suppkey"], "Plans": [{"Node Type": "Bitmap Heap Scan", "Parent Relationship": "Outer", "Relation Name": "lineitem", "Alias": "lineitem", "Startup Cost": 78544.19, "Total Cost": 1586191.59, "Plan Rows": 2266921, "Plan Width": 24, "Actual Startup Time": 1410.62, "Actual Total Time": 4017.87, "Actual Rows": 2293944, "Actual Loops": 1, "Recheck Cond": "((l_shipdate >= '1997-07-01 00:00:00'::timestamp(0) without time zone) AND (l_shipdate < '1997-10-01 00:00:00'::timestamp without time zone)), (LLVM Optimized, Jit Execute)", "Rows Removed by Index Recheck": 0, "Exact Heap Blocks": 732487, "Lossy Heap Blocks": 732487, "Plans": [{"Node Type": "Bitmap Index Scan", "Parent Relationship": "Outer", "Index Name": "idx_lineitem_shipdate", "Startup Cost": 0.0, "Total Cost": 77977.46, "Plan Rows": 2266921, "Plan Width": 0, "Actual Startup Time": 1037.637, "Actual Total Time": 1037.637, "Actual Rows": 2293944, "Actual Loops": 1, "Index Cond": "((l_shipdate >= '1997-07-01 00:00:00'::timestamp(0) without time zone) AND (l_shipdate < '1997-10-01 00:00:00'::timestamp without time zone))"}]}]}]}, {"Node Type": "Nested Loop", "Parent Relationship": "Outer", "Join Type": "Inner", "Startup Cost": 1625863.0, "Total Cost": 1882908.01, "Plan Rows": 59380, "Plan Width": 83, "Actual Startup Time": 11669.86, "Actual Total Time": 11695.099, "Actual Rows": 1, "Actual Loops": 1, "Inner Unique": true, "Plans": [{"Node Type": "Aggregate", "Strategy": "Hashed", "Parent Relationship": "Outer", "Startup Cost": 1625862.71, "Total Cost": 1626604.96, "Plan Rows": 59380, "Plan Width": 24, "Actual Startup Time": 11669.792, "Actual Total Time": 11694.747, "Actual Rows": 1, "Actual Loops": 1, "Group By Key": ["public.lineitem.l_suppkey"], "Filter": "(sum((public.lineitem.l_extendedprice * (1::double precision - public.lineitem.l_discount))) = $0), (LLVM Optimized, Jit Execute)", "Rows Removed by Filter": 99999, "Plans": [{"Node Type": "Bitmap Heap Scan", "Parent Relationship": "Outer", "Relation Name": "lineitem", "Alias": "lineitem", "Startup Cost": 78544.19, "Total Cost": 1586191.59, "Plan Rows": 2266921, "Plan Width": 24, "Actual Startup Time": 1071.216, "Actual Total Time": 4099.156, "Actual Rows": 2293944, "Actual Loops": 1, "Recheck Cond": "((l_shipdate >= '1997-07-01 00:00:00'::timestamp(0) without time zone) AND (l_shipdate < '1997-10-01 00:00:00'::timestamp without time zone)), (LLVM Optimized, Jit Execute)", "Rows Removed by Index Recheck": 0, "Exact Heap Blocks": 732487, "Lossy Heap Blocks": 732487, "Plans": [{"Node Type": "Bitmap Index Scan", "Parent Relationship": "Outer", "Index Name": "idx_lineitem_shipdate", "Startup Cost": 0.0, "Total Cost": 77977.46, "Plan Rows": 2266921, "Plan Width": 0, "Actual Startup Time": 709.182, "Actual Total Time": 709.182, "Actual Rows": 2293944, "Actual Loops": 1, "Index Cond": "((l_shipdate >= '1997-07-01 00:00:00'::timestamp(0) without time zone) AND (l_shipdate < '1997-10-01 00:00:00'::timestamp without time zone))"}]}]}, {"Node Type": "Bitmap Heap Scan", "Parent Relationship": "Inner", "Relation Name": "supplier", "Alias": "supplier", "Startup Cost": 0.28, "Total Cost": 4.3, "Plan Rows": 1, "Plan Width": 75, "Actual Startup Time": 0.05, "Actual Total Time": 0.05, "Actual Rows": 1, "Actual Loops": 1, "Recheck Cond": "(s_suppkey = public.lineitem.l_suppkey)", "Rows Removed by Index Recheck": 0, "Exact Heap Blocks": 1, "Lossy Heap Blocks": 1, "Plans": [{"Node Type": "Bitmap Index Scan", "Parent Relationship": "Outer", "Index Name": "supplier_pkey", "Startup Cost": 0.0, "Total Cost": 0.28, "Plan Rows": 1, "Plan Width": 0, "Actual Startup Time": 0.026, "Actual Total Time": 0.026, "Actual Rows": 1, "Actual Loops": 1, "Index Cond": "(s_suppkey = public.lineitem.l_suppkey)"}]}]}]}, "Triggers": [], "Planner Runtime": 0.751, "Total Runtime": 11707.86, "Unique SQL Id": 3712096918}}, "(1, '115')": {"explain_plan": {"Plan": {"Node Type": "Sort", "Startup Cost": 3497813.02, "Total Cost": 3497961.47, "Plan Rows": 59380, "Plan Width": 83, "Sort Key": ["supplier.s_suppkey"], "Plans": [{"Node Type": "Aggregate", "Strategy": "Plain", "Parent Relationship": "exec_init_plan", "Subplan Name": "InitPlan 1 (returns $0)", "Startup Cost": 1610196.85, "Total Cost": 1610196.86, "Plan Rows": 1, "Plan Width": 16, "Plans": [{"Node Type": "Aggregate", "Strategy": "Hashed", "Parent Relationship": "Outer", "Startup Cost": 1608860.8, "Total Cost": 1609454.6, "Plan Rows": 59380, "Plan Width": 24, "Group By Key": ["public.lineitem.l_suppkey"], "Plans": [{"Node Type": "Bitmap Heap Scan", "Parent Relationship": "Outer", "Relation Name": "lineitem", "Alias": "lineitem", "Startup Cost": 78544.19, "Total Cost": 1586191.59, "Plan Rows": 2266921, "Plan Width": 24, "Recheck Cond": "((l_shipdate >= '1997-07-01 00:00:00'::timestamp(0) without time zone) AND (l_shipdate < '1997-10-01 00:00:00'::timestamp without time zone)), (LLVM Optimized)", "Plans": [{"Node Type": "Bitmap Index Scan", "Parent Relationship": "Outer", "Index Name": "idx_lineitem_shipdate", "Startup Cost": 0.0, "Total Cost": 77977.46, "Plan Rows": 2266921, "Plan Width": 0, "Index Cond": "((l_shipdate >= '1997-07-01 00:00:00'::timestamp(0) without time zone) AND (l_shipdate < '1997-10-01 00:00:00'::timestamp without time zone))"}]}]}]}, {"Node Type": "Nested Loop", "Parent Relationship": "Outer", "Join Type": "Inner", "Startup Cost": 1625863.0, "Total Cost": 1882908.01, "Plan Rows": 59380, "Plan Width": 83, "Inner Unique": true, "Plans": [{"Node Type": "Aggregate", "Strategy": "Hashed", "Parent Relationship": "Outer", "Startup Cost": 1625862.71, "Total Cost": 1626604.96, "Plan Rows": 59380, "Plan Width": 24, "Group By Key": ["public.lineitem.l_suppkey"], "Filter": "(sum((public.lineitem.l_extendedprice * (1::double precision - public.lineitem.l_discount))) = $0), (LLVM Optimized)", "Plans": [{"Node Type": "Bitmap Heap Scan", "Parent Relationship": "Outer", "Relation Name": "lineitem", "Alias": "lineitem", "Startup Cost": 78544.19, "Total Cost": 1586191.59, "Plan Rows": 2266921, "Plan Width": 24, "Recheck Cond": "((l_shipdate >= '1997-07-01 00:00:00'::timestamp(0) without time zone) AND (l_shipdate < '1997-10-01 00:00:00'::timestamp without time zone)), (LLVM Optimized)", "Plans": [{"Node Type": "Bitmap Index Scan", "Parent Relationship": "Outer", "Index Name": "idx_lineitem_shipdate", "Startup Cost": 0.0, "Total Cost": 77977.46, "Plan Rows": 2266921, "Plan Width": 0, "Index Cond": "((l_shipdate >= '1997-07-01 00:00:00'::timestamp(0) without time zone) AND (l_shipdate < '1997-10-01 00:00:00'::timestamp without time zone))"}]}]}, {"Node Type": "Bitmap Heap Scan", "Parent Relationship": "Inner", "Relation Name": "supplier", "Alias": "supplier", "Startup Cost": 0.28, "Total Cost": 4.3, "Plan Rows": 1, "Plan Width": 75, "Recheck Cond": "(s_suppkey = public.lineitem.l_suppkey)", "Plans": [{"Node Type": "Bitmap Index Scan", "Parent Relationship": "Outer", "Index Name": "supplier_pkey", "Startup Cost": 0.0, "Total Cost": 0.28, "Plan Rows": 1, "Plan Width": 0, "Index Cond": "(s_suppkey = public.lineitem.l_suppkey)"}]}]}]}, "Unique SQL Id": 3712096918, "Planner Runtime": 0}, "explain_analyze_plan": {"Plan": {"Node Type": "Sort", "Startup Cost": 3497813.02, "Total Cost": 3497961.47, "Plan Rows": 59380, "Plan Width": 83, "Actual Startup Time": 11695.124, "Actual Total Time": 11695.125, "Actual Rows": 1, "Actual Loops": 1, "Sort Key": ["supplier.s_suppkey"], "Sort Method": "quicksort", "Sort Space Used": 25, "Sort Space Type": "Memory", "Plans": [{"Node Type": "Aggregate", "Strategy": "Plain", "Parent Relationship": "exec_init_plan", "Subplan Name": "InitPlan 1 (returns $0)", "Startup Cost": 1610196.85, "Total Cost": 1610196.86, "Plan Rows": 1, "Plan Width": 16, "Actual Startup Time": 5790.695, "Actual Total Time": 5790.695, "Actual Rows": 1, "Actual Loops": 1, "Plans": [{"Node Type": "Aggregate", "Strategy": "Hashed", "Parent Relationship": "Outer", "Startup Cost": 1608860.8, "Total Cost": 1609454.6, "Plan Rows": 59380, "Plan Width": 24, "Actual Startup Time": 5744.183, "Actual Total Time": 5775.7, "Actual Rows": 100000, "Actual Loops": 1, "Group By Key": ["public.lineitem.l_suppkey"], "Plans": [{"Node Type": "Bitmap Heap Scan", "Parent Relationship": "Outer", "Relation Name": "lineitem", "Alias": "lineitem", "Startup Cost": 78544.19, "Total Cost": 1586191.59, "Plan Rows": 2266921, "Plan Width": 24, "Actual Startup Time": 1410.62, "Actual Total Time": 4017.87, "Actual Rows": 2293944, "Actual Loops": 1, "Recheck Cond": "((l_shipdate >= '1997-07-01 00:00:00'::timestamp(0) without time zone) AND (l_shipdate < '1997-10-01 00:00:00'::timestamp without time zone)), (LLVM Optimized, Jit Execute)", "Rows Removed by Index Recheck": 0, "Exact Heap Blocks": 732487, "Lossy Heap Blocks": 732487, "Plans": [{"Node Type": "Bitmap Index Scan", "Parent Relationship": "Outer", "Index Name": "idx_lineitem_shipdate", "Startup Cost": 0.0, "Total Cost": 77977.46, "Plan Rows": 2266921, "Plan Width": 0, "Actual Startup Time": 1037.637, "Actual Total Time": 1037.637, "Actual Rows": 2293944, "Actual Loops": 1, "Index Cond": "((l_shipdate >= '1997-07-01 00:00:00'::timestamp(0) without time zone) AND (l_shipdate < '1997-10-01 00:00:00'::timestamp without time zone))"}]}]}]}, {"Node Type": "Nested Loop", "Parent Relationship": "Outer", "Join Type": "Inner", "Startup Cost": 1625863.0, "Total Cost": 1882908.01, "Plan Rows": 59380, "Plan Width": 83, "Actual Startup Time": 11669.86, "Actual Total Time": 11695.099, "Actual Rows": 1, "Actual Loops": 1, "Inner Unique": true, "Plans": [{"Node Type": "Aggregate", "Strategy": "Hashed", "Parent Relationship": "Outer", "Startup Cost": 1625862.71, "Total Cost": 1626604.96, "Plan Rows": 59380, "Plan Width": 24, "Actual Startup Time": 11669.792, "Actual Total Time": 11694.747, "Actual Rows": 1, "Actual Loops": 1, "Group By Key": ["public.lineitem.l_suppkey"], "Filter": "(sum((public.lineitem.l_extendedprice * (1::double precision - public.lineitem.l_discount))) = $0), (LLVM Optimized, Jit Execute)", "Rows Removed by Filter": 99999, "Plans": [{"Node Type": "Bitmap Heap Scan", "Parent Relationship": "Outer", "Relation Name": "lineitem", "Alias": "lineitem", "Startup Cost": 78544.19, "Total Cost": 1586191.59, "Plan Rows": 2266921, "Plan Width": 24, "Actual Startup Time": 1071.216, "Actual Total Time": 4099.156, "Actual Rows": 2293944, "Actual Loops": 1, "Recheck Cond": "((l_shipdate >= '1997-07-01 00:00:00'::timestamp(0) without time zone) AND (l_shipdate < '1997-10-01 00:00:00'::timestamp without time zone)), (LLVM Optimized, Jit Execute)", "Rows Removed by Index Recheck": 0, "Exact Heap Blocks": 732487, "Lossy Heap Blocks": 732487, "Plans": [{"Node Type": "Bitmap Index Scan", "Parent Relationship": "Outer", "Index Name": "idx_lineitem_shipdate", "Startup Cost": 0.0, "Total Cost": 77977.46, "Plan Rows": 2266921, "Plan Width": 0, "Actual Startup Time": 709.182, "Actual Total Time": 709.182, "Actual Rows": 2293944, "Actual Loops": 1, "Index Cond": "((l_shipdate >= '1997-07-01 00:00:00'::timestamp(0) without time zone) AND (l_shipdate < '1997-10-01 00:00:00'::timestamp without time zone))"}]}]}, {"Node Type": "Bitmap Heap Scan", "Parent Relationship": "Inner", "Relation Name": "supplier", "Alias": "supplier", "Startup Cost": 0.28, "Total Cost": 4.3, "Plan Rows": 1, "Plan Width": 75, "Actual Startup Time": 0.05, "Actual Total Time": 0.05, "Actual Rows": 1, "Actual Loops": 1, "Recheck Cond": "(s_suppkey = public.lineitem.l_suppkey)", "Rows Removed by Index Recheck": 0, "Exact Heap Blocks": 1, "Lossy Heap Blocks": 1, "Plans": [{"Node Type": "Bitmap Index Scan", "Parent Relationship": "Outer", "Index Name": "supplier_pkey", "Startup Cost": 0.0, "Total Cost": 0.28, "Plan Rows": 1, "Plan Width": 0, "Actual Startup Time": 0.026, "Actual Total Time": 0.026, "Actual Rows": 1, "Actual Loops": 1, "Index Cond": "(s_suppkey = public.lineitem.l_suppkey)"}]}]}]}, "Triggers": [], "Planner Runtime": 0.751, "Total Runtime": 11707.86, "Unique SQL Id": 3712096918}}, "(1, '116')": {"explain_plan": {"Plan": {"Node Type": "Sort", "Startup Cost": 3269410.17, "Total Cost": 3269558.62, "Plan Rows": 59380, "Plan Width": 83, "Sort Key": ["supplier.s_suppkey"], "Plans": [{"Node Type": "Aggregate", "Strategy": "Plain", "Parent Relationship": "exec_init_plan", "Subplan Name": "InitPlan 1 (returns $0)", "Startup Cost": 1610196.85, "Total Cost": 1610196.86, "Plan Rows": 1, "Plan Width": 16, "Plans": [{"Node Type": "Aggregate", "Strategy": "Hashed", "Parent Relationship": "Outer", "Startup Cost": 1608860.8, "Total Cost": 1609454.6, "Plan Rows": 59380, "Plan Width": 24, "Group By Key": ["public.lineitem.l_suppkey"], "Plans": [{"Node Type": "Bitmap Heap Scan", "Parent Relationship": "Outer", "Relation Name": "lineitem", "Alias": "lineitem", "Startup Cost": 78544.19, "Total Cost": 1586191.59, "Plan Rows": 2266921, "Plan Width": 24, "Recheck Cond": "((l_shipdate >= '1997-07-01 00:00:00'::timestamp(0) without time zone) AND (l_shipdate < '1997-10-01 00:00:00'::timestamp without time zone)), (LLVM Optimized)", "Plans": [{"Node Type": "Bitmap Index Scan", "Parent Relationship": "Outer", "Index Name": "idx_lineitem_shipdate", "Startup Cost": 0.0, "Total Cost": 77977.46, "Plan Rows": 2266921, "Plan Width": 0, "Index Cond": "((l_shipdate >= '1997-07-01 00:00:00'::timestamp(0) without time zone) AND (l_shipdate < '1997-10-01 00:00:00'::timestamp without time zone))"}]}]}]}, {"Node Type": "Nested Loop", "Parent Relationship": "Outer", "Join Type": "Inner", "Startup Cost": 1625862.71, "Total Cost": 1654505.16, "Plan Rows": 59380, "Plan Width": 83, "Inner Unique": true, "Plans": [{"Node Type": "Aggregate", "Strategy": "Hashed", "Parent Relationship": "Outer", "Startup Cost": 1625862.71, "Total Cost": 1626604.96, "Plan Rows": 59380, "Plan Width": 24, "Group By Key": ["public.lineitem.l_suppkey"], "Filter": "(sum((public.lineitem.l_extendedprice * (1::double precision - public.lineitem.l_discount))) = $0), (LLVM Optimized)", "Plans": [{"Node Type": "Bitmap Heap Scan", "Parent Relationship": "Outer", "Relation Name": "lineitem", "Alias": "lineitem", "Startup Cost": 78544.19, "Total Cost": 1586191.59, "Plan Rows": 2266921, "Plan Width": 24, "Recheck Cond": "((l_shipdate >= '1997-07-01 00:00:00'::timestamp(0) without time zone) AND (l_shipdate < '1997-10-01 00:00:00'::timestamp without time zone)), (LLVM Optimized)", "Plans": [{"Node Type": "Bitmap Index Scan", "Parent Relationship": "Outer", "Index Name": "idx_lineitem_shipdate", "Startup Cost": 0.0, "Total Cost": 77977.46, "Plan Rows": 2266921, "Plan Width": 0, "Index Cond": "((l_shipdate >= '1997-07-01 00:00:00'::timestamp(0) without time zone) AND (l_shipdate < '1997-10-01 00:00:00'::timestamp without time zone))"}]}]}, {"Node Type": "Index Scan", "Parent Relationship": "Inner", "Scan Direction": "Forward", "Index Name": "supplier_pkey", "Relation Name": "supplier", "Alias": "supplier", "Startup Cost": 0.0, "Total Cost": 0.45, "Plan Rows": 1, "Plan Width": 75, "Index Cond": "(s_suppkey = public.lineitem.l_suppkey)"}]}]}, "Unique SQL Id": 3712096918, "Planner Runtime": 0}, "explain_analyze_plan": {"Plan": {"Node Type": "Sort", "Startup Cost": 3269410.17, "Total Cost": 3269558.62, "Plan Rows": 59380, "Plan Width": 83, "Actual Startup Time": 12065.464, "Actual Total Time": 12065.464, "Actual Rows": 1, "Actual Loops": 1, "Sort Key": ["supplier.s_suppkey"], "Sort Method": "quicksort", "Sort Space Used": 25, "Sort Space Type": "Memory", "Plans": [{"Node Type": "Aggregate", "Strategy": "Plain", "Parent Relationship": "exec_init_plan", "Subplan Name": "InitPlan 1 (returns $0)", "Startup Cost": 1610196.85, "Total Cost": 1610196.86, "Plan Rows": 1, "Plan Width": 16, "Actual Startup Time": 6307.43, "Actual Total Time": 6307.43, "Actual Rows": 1, "Actual Loops": 1, "Plans": [{"Node Type": "Aggregate", "Strategy": "Hashed", "Parent Relationship": "Outer", "Startup Cost": 1608860.8, "Total Cost": 1609454.6, "Plan Rows": 59380, "Plan Width": 24, "Actual Startup Time": 6257.835, "Actual Total Time": 6292.482, "Actual Rows": 100000, "Actual Loops": 1, "Group By Key": ["public.lineitem.l_suppkey"], "Plans": [{"Node Type": "Bitmap Heap Scan", "Parent Relationship": "Outer", "Relation Name": "lineitem", "Alias": "lineitem", "Startup Cost": 78544.19, "Total Cost": 1586191.59, "Plan Rows": 2266921, "Plan Width": 24, "Actual Startup Time": 1274.295, "Actual Total Time": 4426.522, "Actual Rows": 2293944, "Actual Loops": 1, "Recheck Cond": "((l_shipdate >= '1997-07-01 00:00:00'::timestamp(0) without time zone) AND (l_shipdate < '1997-10-01 00:00:00'::timestamp without time zone)), (LLVM Optimized, Jit Execute)", "Rows Removed by Index Recheck": 0, "Exact Heap Blocks": 732487, "Lossy Heap Blocks": 732487, "Plans": [{"Node Type": "Bitmap Index Scan", "Parent Relationship": "Outer", "Index Name": "idx_lineitem_shipdate", "Startup Cost": 0.0, "Total Cost": 77977.46, "Plan Rows": 2266921, "Plan Width": 0, "Actual Startup Time": 971.115, "Actual Total Time": 971.115, "Actual Rows": 2293944, "Actual Loops": 1, "Index Cond": "((l_shipdate >= '1997-07-01 00:00:00'::timestamp(0) without time zone) AND (l_shipdate < '1997-10-01 00:00:00'::timestamp without time zone))"}]}]}]}, {"Node Type": "Nested Loop", "Parent Relationship": "Outer", "Join Type": "Inner", "Startup Cost": 1625862.71, "Total Cost": 1654505.16, "Plan Rows": 59380, "Plan Width": 83, "Actual Startup Time": 12039.251, "Actual Total Time": 12065.445, "Actual Rows": 1, "Actual Loops": 1, "Inner Unique": true, "Plans": [{"Node Type": "Aggregate", "Strategy": "Hashed", "Parent Relationship": "Outer", "Startup Cost": 1625862.71, "Total Cost": 1626604.96, "Plan Rows": 59380, "Plan Width": 24, "Actual Startup Time": 12039.207, "Actual Total Time": 12065.156, "Actual Rows": 1, "Actual Loops": 1, "Group By Key": ["public.lineitem.l_suppkey"], "Filter": "(sum((public.lineitem.l_extendedprice * (1::double precision - public.lineitem.l_discount))) = $0), (LLVM Optimized, Jit Execute)", "Rows Removed by Filter": 99999, "Plans": [{"Node Type": "Bitmap Heap Scan", "Parent Relationship": "Outer", "Relation Name": "lineitem", "Alias": "lineitem", "Startup Cost": 78544.19, "Total Cost": 1586191.59, "Plan Rows": 2266921, "Plan Width": 24, "Actual Startup Time": 1016.422, "Actual Total Time": 3957.033, "Actual Rows": 2293944, "Actual Loops": 1, "Recheck Cond": "((l_shipdate >= '1997-07-01 00:00:00'::timestamp(0) without time zone) AND (l_shipdate < '1997-10-01 00:00:00'::timestamp without time zone)), (LLVM Optimized, Jit Execute)", "Rows Removed by Index Recheck": 0, "Exact Heap Blocks": 732487, "Lossy Heap Blocks": 732487, "Plans": [{"Node Type": "Bitmap Index Scan", "Parent Relationship": "Outer", "Index Name": "idx_lineitem_shipdate", "Startup Cost": 0.0, "Total Cost": 77977.46, "Plan Rows": 2266921, "Plan Width": 0, "Actual Startup Time": 701.103, "Actual Total Time": 701.103, "Actual Rows": 2293944, "Actual Loops": 1, "Index Cond": "((l_shipdate >= '1997-07-01 00:00:00'::timestamp(0) without time zone) AND (l_shipdate < '1997-10-01 00:00:00'::timestamp without time zone))"}]}]}, {"Node Type": "Index Scan", "Parent Relationship": "Inner", "Scan Direction": "Forward", "Index Name": "supplier_pkey", "Relation Name": "supplier", "Alias": "supplier", "Startup Cost": 0.0, "Total Cost": 0.45, "Plan Rows": 1, "Plan Width": 75, "Actual Startup Time": 0.033, "Actual Total Time": 0.033, "Actual Rows": 1, "Actual Loops": 1, "Index Cond": "(s_suppkey = public.lineitem.l_suppkey)", "Rows Removed by Index Recheck": 0}]}]}, "Triggers": [], "Planner Runtime": 0.64, "Total Runtime": 12078.38, "Unique SQL Id": 3712096918}}, "(1, '117')": {"explain_plan": {"Plan": {"Node Type": "Sort", "Startup Cost": 3269410.17, "Total Cost": 3269558.62, "Plan Rows": 59380, "Plan Width": 83, "Sort Key": ["supplier.s_suppkey"], "Plans": [{"Node Type": "Aggregate", "Strategy": "Plain", "Parent Relationship": "exec_init_plan", "Subplan Name": "InitPlan 1 (returns $0)", "Startup Cost": 1610196.85, "Total Cost": 1610196.86, "Plan Rows": 1, "Plan Width": 16, "Plans": [{"Node Type": "Aggregate", "Strategy": "Hashed", "Parent Relationship": "Outer", "Startup Cost": 1608860.8, "Total Cost": 1609454.6, "Plan Rows": 59380, "Plan Width": 24, "Group By Key": ["public.lineitem.l_suppkey"], "Plans": [{"Node Type": "Bitmap Heap Scan", "Parent Relationship": "Outer", "Relation Name": "lineitem", "Alias": "lineitem", "Startup Cost": 78544.19, "Total Cost": 1586191.59, "Plan Rows": 2266921, "Plan Width": 24, "Recheck Cond": "((l_shipdate >= '1997-07-01 00:00:00'::timestamp(0) without time zone) AND (l_shipdate < '1997-10-01 00:00:00'::timestamp without time zone)), (LLVM Optimized)", "Plans": [{"Node Type": "Bitmap Index Scan", "Parent Relationship": "Outer", "Index Name": "idx_lineitem_shipdate", "Startup Cost": 0.0, "Total Cost": 77977.46, "Plan Rows": 2266921, "Plan Width": 0, "Index Cond": "((l_shipdate >= '1997-07-01 00:00:00'::timestamp(0) without time zone) AND (l_shipdate < '1997-10-01 00:00:00'::timestamp without time zone))"}]}]}]}, {"Node Type": "Nested Loop", "Parent Relationship": "Outer", "Join Type": "Inner", "Startup Cost": 1625862.71, "Total Cost": 1654505.16, "Plan Rows": 59380, "Plan Width": 83, "Inner Unique": true, "Plans": [{"Node Type": "Aggregate", "Strategy": "Hashed", "Parent Relationship": "Outer", "Startup Cost": 1625862.71, "Total Cost": 1626604.96, "Plan Rows": 59380, "Plan Width": 24, "Group By Key": ["public.lineitem.l_suppkey"], "Filter": "(sum((public.lineitem.l_extendedprice * (1::double precision - public.lineitem.l_discount))) = $0), (LLVM Optimized)", "Plans": [{"Node Type": "Bitmap Heap Scan", "Parent Relationship": "Outer", "Relation Name": "lineitem", "Alias": "lineitem", "Startup Cost": 78544.19, "Total Cost": 1586191.59, "Plan Rows": 2266921, "Plan Width": 24, "Recheck Cond": "((l_shipdate >= '1997-07-01 00:00:00'::timestamp(0) without time zone) AND (l_shipdate < '1997-10-01 00:00:00'::timestamp without time zone)), (LLVM Optimized)", "Plans": [{"Node Type": "Bitmap Index Scan", "Parent Relationship": "Outer", "Index Name": "idx_lineitem_shipdate", "Startup Cost": 0.0, "Total Cost": 77977.46, "Plan Rows": 2266921, "Plan Width": 0, "Index Cond": "((l_shipdate >= '1997-07-01 00:00:00'::timestamp(0) without time zone) AND (l_shipdate < '1997-10-01 00:00:00'::timestamp without time zone))"}]}]}, {"Node Type": "Index Scan", "Parent Relationship": "Inner", "Scan Direction": "Forward", "Index Name": "supplier_pkey", "Relation Name": "supplier", "Alias": "supplier", "Startup Cost": 0.0, "Total Cost": 0.45, "Plan Rows": 1, "Plan Width": 75, "Index Cond": "(s_suppkey = public.lineitem.l_suppkey)"}]}]}, "Unique SQL Id": 3712096918, "Planner Runtime": 0}, "explain_analyze_plan": {"Plan": {"Node Type": "Sort", "Startup Cost": 3269410.17, "Total Cost": 3269558.62, "Plan Rows": 59380, "Plan Width": 83, "Actual Startup Time": 12065.464, "Actual Total Time": 12065.464, "Actual Rows": 1, "Actual Loops": 1, "Sort Key": ["supplier.s_suppkey"], "Sort Method": "quicksort", "Sort Space Used": 25, "Sort Space Type": "Memory", "Plans": [{"Node Type": "Aggregate", "Strategy": "Plain", "Parent Relationship": "exec_init_plan", "Subplan Name": "InitPlan 1 (returns $0)", "Startup Cost": 1610196.85, "Total Cost": 1610196.86, "Plan Rows": 1, "Plan Width": 16, "Actual Startup Time": 6307.43, "Actual Total Time": 6307.43, "Actual Rows": 1, "Actual Loops": 1, "Plans": [{"Node Type": "Aggregate", "Strategy": "Hashed", "Parent Relationship": "Outer", "Startup Cost": 1608860.8, "Total Cost": 1609454.6, "Plan Rows": 59380, "Plan Width": 24, "Actual Startup Time": 6257.835, "Actual Total Time": 6292.482, "Actual Rows": 100000, "Actual Loops": 1, "Group By Key": ["public.lineitem.l_suppkey"], "Plans": [{"Node Type": "Bitmap Heap Scan", "Parent Relationship": "Outer", "Relation Name": "lineitem", "Alias": "lineitem", "Startup Cost": 78544.19, "Total Cost": 1586191.59, "Plan Rows": 2266921, "Plan Width": 24, "Actual Startup Time": 1274.295, "Actual Total Time": 4426.522, "Actual Rows": 2293944, "Actual Loops": 1, "Recheck Cond": "((l_shipdate >= '1997-07-01 00:00:00'::timestamp(0) without time zone) AND (l_shipdate < '1997-10-01 00:00:00'::timestamp without time zone)), (LLVM Optimized, Jit Execute)", "Rows Removed by Index Recheck": 0, "Exact Heap Blocks": 732487, "Lossy Heap Blocks": 732487, "Plans": [{"Node Type": "Bitmap Index Scan", "Parent Relationship": "Outer", "Index Name": "idx_lineitem_shipdate", "Startup Cost": 0.0, "Total Cost": 77977.46, "Plan Rows": 2266921, "Plan Width": 0, "Actual Startup Time": 971.115, "Actual Total Time": 971.115, "Actual Rows": 2293944, "Actual Loops": 1, "Index Cond": "((l_shipdate >= '1997-07-01 00:00:00'::timestamp(0) without time zone) AND (l_shipdate < '1997-10-01 00:00:00'::timestamp without time zone))"}]}]}]}, {"Node Type": "Nested Loop", "Parent Relationship": "Outer", "Join Type": "Inner", "Startup Cost": 1625862.71, "Total Cost": 1654505.16, "Plan Rows": 59380, "Plan Width": 83, "Actual Startup Time": 12039.251, "Actual Total Time": 12065.445, "Actual Rows": 1, "Actual Loops": 1, "Inner Unique": true, "Plans": [{"Node Type": "Aggregate", "Strategy": "Hashed", "Parent Relationship": "Outer", "Startup Cost": 1625862.71, "Total Cost": 1626604.96, "Plan Rows": 59380, "Plan Width": 24, "Actual Startup Time": 12039.207, "Actual Total Time": 12065.156, "Actual Rows": 1, "Actual Loops": 1, "Group By Key": ["public.lineitem.l_suppkey"], "Filter": "(sum((public.lineitem.l_extendedprice * (1::double precision - public.lineitem.l_discount))) = $0), (LLVM Optimized, Jit Execute)", "Rows Removed by Filter": 99999, "Plans": [{"Node Type": "Bitmap Heap Scan", "Parent Relationship": "Outer", "Relation Name": "lineitem", "Alias": "lineitem", "Startup Cost": 78544.19, "Total Cost": 1586191.59, "Plan Rows": 2266921, "Plan Width": 24, "Actual Startup Time": 1016.422, "Actual Total Time": 3957.033, "Actual Rows": 2293944, "Actual Loops": 1, "Recheck Cond": "((l_shipdate >= '1997-07-01 00:00:00'::timestamp(0) without time zone) AND (l_shipdate < '1997-10-01 00:00:00'::timestamp without time zone)), (LLVM Optimized, Jit Execute)", "Rows Removed by Index Recheck": 0, "Exact Heap Blocks": 732487, "Lossy Heap Blocks": 732487, "Plans": [{"Node Type": "Bitmap Index Scan", "Parent Relationship": "Outer", "Index Name": "idx_lineitem_shipdate", "Startup Cost": 0.0, "Total Cost": 77977.46, "Plan Rows": 2266921, "Plan Width": 0, "Actual Startup Time": 701.103, "Actual Total Time": 701.103, "Actual Rows": 2293944, "Actual Loops": 1, "Index Cond": "((l_shipdate >= '1997-07-01 00:00:00'::timestamp(0) without time zone) AND (l_shipdate < '1997-10-01 00:00:00'::timestamp without time zone))"}]}]}, {"Node Type": "Index Scan", "Parent Relationship": "Inner", "Scan Direction": "Forward", "Index Name": "supplier_pkey", "Relation Name": "supplier", "Alias": "supplier", "Startup Cost": 0.0, "Total Cost": 0.45, "Plan Rows": 1, "Plan Width": 75, "Actual Startup Time": 0.033, "Actual Total Time": 0.033, "Actual Rows": 1, "Actual Loops": 1, "Index Cond": "(s_suppkey = public.lineitem.l_suppkey)", "Rows Removed by Index Recheck": 0}]}]}, "Triggers": [], "Planner Runtime": 0.64, "Total Runtime": 12078.38, "Unique SQL Id": 3712096918}}, "(1, '118')": {"explain_plan": {"Plan": {"Node Type": "Sort", "Startup Cost": 3497813.02, "Total Cost": 3497961.47, "Plan Rows": 59380, "Plan Width": 83, "Sort Key": ["supplier.s_suppkey"], "Plans": [{"Node Type": "Aggregate", "Strategy": "Plain", "Parent Relationship": "exec_init_plan", "Subplan Name": "InitPlan 1 (returns $0)", "Startup Cost": 1610196.85, "Total Cost": 1610196.86, "Plan Rows": 1, "Plan Width": 16, "Plans": [{"Node Type": "Aggregate", "Strategy": "Hashed", "Parent Relationship": "Outer", "Startup Cost": 1608860.8, "Total Cost": 1609454.6, "Plan Rows": 59380, "Plan Width": 24, "Group By Key": ["public.lineitem.l_suppkey"], "Plans": [{"Node Type": "Bitmap Heap Scan", "Parent Relationship": "Outer", "Relation Name": "lineitem", "Alias": "lineitem", "Startup Cost": 78544.19, "Total Cost": 1586191.59, "Plan Rows": 2266921, "Plan Width": 24, "Recheck Cond": "((l_shipdate >= '1997-07-01 00:00:00'::timestamp(0) without time zone) AND (l_shipdate < '1997-10-01 00:00:00'::timestamp without time zone)), (LLVM Optimized)", "Plans": [{"Node Type": "Bitmap Index Scan", "Parent Relationship": "Outer", "Index Name": "idx_lineitem_shipdate", "Startup Cost": 0.0, "Total Cost": 77977.46, "Plan Rows": 2266921, "Plan Width": 0, "Index Cond": "((l_shipdate >= '1997-07-01 00:00:00'::timestamp(0) without time zone) AND (l_shipdate < '1997-10-01 00:00:00'::timestamp without time zone))"}]}]}]}, {"Node Type": "Nested Loop", "Parent Relationship": "Outer", "Join Type": "Inner", "Startup Cost": 1625863.0, "Total Cost": 1882908.01, "Plan Rows": 59380, "Plan Width": 83, "Inner Unique": true, "Plans": [{"Node Type": "Aggregate", "Strategy": "Hashed", "Parent Relationship": "Outer", "Startup Cost": 1625862.71, "Total Cost": 1626604.96, "Plan Rows": 59380, "Plan Width": 24, "Group By Key": ["public.lineitem.l_suppkey"], "Filter": "(sum((public.lineitem.l_extendedprice * (1::double precision - public.lineitem.l_discount))) = $0), (LLVM Optimized)", "Plans": [{"Node Type": "Bitmap Heap Scan", "Parent Relationship": "Outer", "Relation Name": "lineitem", "Alias": "lineitem", "Startup Cost": 78544.19, "Total Cost": 1586191.59, "Plan Rows": 2266921, "Plan Width": 24, "Recheck Cond": "((l_shipdate >= '1997-07-01 00:00:00'::timestamp(0) without time zone) AND (l_shipdate < '1997-10-01 00:00:00'::timestamp without time zone)), (LLVM Optimized)", "Plans": [{"Node Type": "Bitmap Index Scan", "Parent Relationship": "Outer", "Index Name": "idx_lineitem_shipdate", "Startup Cost": 0.0, "Total Cost": 77977.46, "Plan Rows": 2266921, "Plan Width": 0, "Index Cond": "((l_shipdate >= '1997-07-01 00:00:00'::timestamp(0) without time zone) AND (l_shipdate < '1997-10-01 00:00:00'::timestamp without time zone))"}]}]}, {"Node Type": "Bitmap Heap Scan", "Parent Relationship": "Inner", "Relation Name": "supplier", "Alias": "supplier", "Startup Cost": 0.28, "Total Cost": 4.3, "Plan Rows": 1, "Plan Width": 75, "Recheck Cond": "(s_suppkey = public.lineitem.l_suppkey)", "Plans": [{"Node Type": "Bitmap Index Scan", "Parent Relationship": "Outer", "Index Name": "supplier_pkey", "Startup Cost": 0.0, "Total Cost": 0.28, "Plan Rows": 1, "Plan Width": 0, "Index Cond": "(s_suppkey = public.lineitem.l_suppkey)"}]}]}]}, "Unique SQL Id": 3712096918, "Planner Runtime": 0}, "explain_analyze_plan": {"Plan": {"Node Type": "Sort", "Startup Cost": 3497813.02, "Total Cost": 3497961.47, "Plan Rows": 59380, "Plan Width": 83, "Actual Startup Time": 11695.124, "Actual Total Time": 11695.125, "Actual Rows": 1, "Actual Loops": 1, "Sort Key": ["supplier.s_suppkey"], "Sort Method": "quicksort", "Sort Space Used": 25, "Sort Space Type": "Memory", "Plans": [{"Node Type": "Aggregate", "Strategy": "Plain", "Parent Relationship": "exec_init_plan", "Subplan Name": "InitPlan 1 (returns $0)", "Startup Cost": 1610196.85, "Total Cost": 1610196.86, "Plan Rows": 1, "Plan Width": 16, "Actual Startup Time": 5790.695, "Actual Total Time": 5790.695, "Actual Rows": 1, "Actual Loops": 1, "Plans": [{"Node Type": "Aggregate", "Strategy": "Hashed", "Parent Relationship": "Outer", "Startup Cost": 1608860.8, "Total Cost": 1609454.6, "Plan Rows": 59380, "Plan Width": 24, "Actual Startup Time": 5744.183, "Actual Total Time": 5775.7, "Actual Rows": 100000, "Actual Loops": 1, "Group By Key": ["public.lineitem.l_suppkey"], "Plans": [{"Node Type": "Bitmap Heap Scan", "Parent Relationship": "Outer", "Relation Name": "lineitem", "Alias": "lineitem", "Startup Cost": 78544.19, "Total Cost": 1586191.59, "Plan Rows": 2266921, "Plan Width": 24, "Actual Startup Time": 1410.62, "Actual Total Time": 4017.87, "Actual Rows": 2293944, "Actual Loops": 1, "Recheck Cond": "((l_shipdate >= '1997-07-01 00:00:00'::timestamp(0) without time zone) AND (l_shipdate < '1997-10-01 00:00:00'::timestamp without time zone)), (LLVM Optimized, Jit Execute)", "Rows Removed by Index Recheck": 0, "Exact Heap Blocks": 732487, "Lossy Heap Blocks": 732487, "Plans": [{"Node Type": "Bitmap Index Scan", "Parent Relationship": "Outer", "Index Name": "idx_lineitem_shipdate", "Startup Cost": 0.0, "Total Cost": 77977.46, "Plan Rows": 2266921, "Plan Width": 0, "Actual Startup Time": 1037.637, "Actual Total Time": 1037.637, "Actual Rows": 2293944, "Actual Loops": 1, "Index Cond": "((l_shipdate >= '1997-07-01 00:00:00'::timestamp(0) without time zone) AND (l_shipdate < '1997-10-01 00:00:00'::timestamp without time zone))"}]}]}]}, {"Node Type": "Nested Loop", "Parent Relationship": "Outer", "Join Type": "Inner", "Startup Cost": 1625863.0, "Total Cost": 1882908.01, "Plan Rows": 59380, "Plan Width": 83, "Actual Startup Time": 11669.86, "Actual Total Time": 11695.099, "Actual Rows": 1, "Actual Loops": 1, "Inner Unique": true, "Plans": [{"Node Type": "Aggregate", "Strategy": "Hashed", "Parent Relationship": "Outer", "Startup Cost": 1625862.71, "Total Cost": 1626604.96, "Plan Rows": 59380, "Plan Width": 24, "Actual Startup Time": 11669.792, "Actual Total Time": 11694.747, "Actual Rows": 1, "Actual Loops": 1, "Group By Key": ["public.lineitem.l_suppkey"], "Filter": "(sum((public.lineitem.l_extendedprice * (1::double precision - public.lineitem.l_discount))) = $0), (LLVM Optimized, Jit Execute)", "Rows Removed by Filter": 99999, "Plans": [{"Node Type": "Bitmap Heap Scan", "Parent Relationship": "Outer", "Relation Name": "lineitem", "Alias": "lineitem", "Startup Cost": 78544.19, "Total Cost": 1586191.59, "Plan Rows": 2266921, "Plan Width": 24, "Actual Startup Time": 1071.216, "Actual Total Time": 4099.156, "Actual Rows": 2293944, "Actual Loops": 1, "Recheck Cond": "((l_shipdate >= '1997-07-01 00:00:00'::timestamp(0) without time zone) AND (l_shipdate < '1997-10-01 00:00:00'::timestamp without time zone)), (LLVM Optimized, Jit Execute)", "Rows Removed by Index Recheck": 0, "Exact Heap Blocks": 732487, "Lossy Heap Blocks": 732487, "Plans": [{"Node Type": "Bitmap Index Scan", "Parent Relationship": "Outer", "Index Name": "idx_lineitem_shipdate", "Startup Cost": 0.0, "Total Cost": 77977.46, "Plan Rows": 2266921, "Plan Width": 0, "Actual Startup Time": 709.182, "Actual Total Time": 709.182, "Actual Rows": 2293944, "Actual Loops": 1, "Index Cond": "((l_shipdate >= '1997-07-01 00:00:00'::timestamp(0) without time zone) AND (l_shipdate < '1997-10-01 00:00:00'::timestamp without time zone))"}]}]}, {"Node Type": "Bitmap Heap Scan", "Parent Relationship": "Inner", "Relation Name": "supplier", "Alias": "supplier", "Startup Cost": 0.28, "Total Cost": 4.3, "Plan Rows": 1, "Plan Width": 75, "Actual Startup Time": 0.05, "Actual Total Time": 0.05, "Actual Rows": 1, "Actual Loops": 1, "Recheck Cond": "(s_suppkey = public.lineitem.l_suppkey)", "Rows Removed by Index Recheck": 0, "Exact Heap Blocks": 1, "Lossy Heap Blocks": 1, "Plans": [{"Node Type": "Bitmap Index Scan", "Parent Relationship": "Outer", "Index Name": "supplier_pkey", "Startup Cost": 0.0, "Total Cost": 0.28, "Plan Rows": 1, "Plan Width": 0, "Actual Startup Time": 0.026, "Actual Total Time": 0.026, "Actual Rows": 1, "Actual Loops": 1, "Index Cond": "(s_suppkey = public.lineitem.l_suppkey)"}]}]}]}, "Triggers": [], "Planner Runtime": 0.751, "Total Runtime": 11707.86, "Unique SQL Id": 3712096918}}, "(1, '119')": {"explain_plan": {"Plan": {"Node Type": "Sort", "Startup Cost": 3497813.02, "Total Cost": 3497961.47, "Plan Rows": 59380, "Plan Width": 83, "Sort Key": ["supplier.s_suppkey"], "Plans": [{"Node Type": "Aggregate", "Strategy": "Plain", "Parent Relationship": "exec_init_plan", "Subplan Name": "InitPlan 1 (returns $0)", "Startup Cost": 1610196.85, "Total Cost": 1610196.86, "Plan Rows": 1, "Plan Width": 16, "Plans": [{"Node Type": "Aggregate", "Strategy": "Hashed", "Parent Relationship": "Outer", "Startup Cost": 1608860.8, "Total Cost": 1609454.6, "Plan Rows": 59380, "Plan Width": 24, "Group By Key": ["public.lineitem.l_suppkey"], "Plans": [{"Node Type": "Bitmap Heap Scan", "Parent Relationship": "Outer", "Relation Name": "lineitem", "Alias": "lineitem", "Startup Cost": 78544.19, "Total Cost": 1586191.59, "Plan Rows": 2266921, "Plan Width": 24, "Recheck Cond": "((l_shipdate >= '1997-07-01 00:00:00'::timestamp(0) without time zone) AND (l_shipdate < '1997-10-01 00:00:00'::timestamp without time zone)), (LLVM Optimized)", "Plans": [{"Node Type": "Bitmap Index Scan", "Parent Relationship": "Outer", "Index Name": "idx_lineitem_shipdate", "Startup Cost": 0.0, "Total Cost": 77977.46, "Plan Rows": 2266921, "Plan Width": 0, "Index Cond": "((l_shipdate >= '1997-07-01 00:00:00'::timestamp(0) without time zone) AND (l_shipdate < '1997-10-01 00:00:00'::timestamp without time zone))"}]}]}]}, {"Node Type": "Nested Loop", "Parent Relationship": "Outer", "Join Type": "Inner", "Startup Cost": 1625863.0, "Total Cost": 1882908.01, "Plan Rows": 59380, "Plan Width": 83, "Inner Unique": true, "Plans": [{"Node Type": "Aggregate", "Strategy": "Hashed", "Parent Relationship": "Outer", "Startup Cost": 1625862.71, "Total Cost": 1626604.96, "Plan Rows": 59380, "Plan Width": 24, "Group By Key": ["public.lineitem.l_suppkey"], "Filter": "(sum((public.lineitem.l_extendedprice * (1::double precision - public.lineitem.l_discount))) = $0), (LLVM Optimized)", "Plans": [{"Node Type": "Bitmap Heap Scan", "Parent Relationship": "Outer", "Relation Name": "lineitem", "Alias": "lineitem", "Startup Cost": 78544.19, "Total Cost": 1586191.59, "Plan Rows": 2266921, "Plan Width": 24, "Recheck Cond": "((l_shipdate >= '1997-07-01 00:00:00'::timestamp(0) without time zone) AND (l_shipdate < '1997-10-01 00:00:00'::timestamp without time zone)), (LLVM Optimized)", "Plans": [{"Node Type": "Bitmap Index Scan", "Parent Relationship": "Outer", "Index Name": "idx_lineitem_shipdate", "Startup Cost": 0.0, "Total Cost": 77977.46, "Plan Rows": 2266921, "Plan Width": 0, "Index Cond": "((l_shipdate >= '1997-07-01 00:00:00'::timestamp(0) without time zone) AND (l_shipdate < '1997-10-01 00:00:00'::timestamp without time zone))"}]}]}, {"Node Type": "Bitmap Heap Scan", "Parent Relationship": "Inner", "Relation Name": "supplier", "Alias": "supplier", "Startup Cost": 0.28, "Total Cost": 4.3, "Plan Rows": 1, "Plan Width": 75, "Recheck Cond": "(s_suppkey = public.lineitem.l_suppkey)", "Plans": [{"Node Type": "Bitmap Index Scan", "Parent Relationship": "Outer", "Index Name": "supplier_pkey", "Startup Cost": 0.0, "Total Cost": 0.28, "Plan Rows": 1, "Plan Width": 0, "Index Cond": "(s_suppkey = public.lineitem.l_suppkey)"}]}]}]}, "Unique SQL Id": 3712096918, "Planner Runtime": 0}, "explain_analyze_plan": {"Plan": {"Node Type": "Sort", "Startup Cost": 3497813.02, "Total Cost": 3497961.47, "Plan Rows": 59380, "Plan Width": 83, "Actual Startup Time": 11695.124, "Actual Total Time": 11695.125, "Actual Rows": 1, "Actual Loops": 1, "Sort Key": ["supplier.s_suppkey"], "Sort Method": "quicksort", "Sort Space Used": 25, "Sort Space Type": "Memory", "Plans": [{"Node Type": "Aggregate", "Strategy": "Plain", "Parent Relationship": "exec_init_plan", "Subplan Name": "InitPlan 1 (returns $0)", "Startup Cost": 1610196.85, "Total Cost": 1610196.86, "Plan Rows": 1, "Plan Width": 16, "Actual Startup Time": 5790.695, "Actual Total Time": 5790.695, "Actual Rows": 1, "Actual Loops": 1, "Plans": [{"Node Type": "Aggregate", "Strategy": "Hashed", "Parent Relationship": "Outer", "Startup Cost": 1608860.8, "Total Cost": 1609454.6, "Plan Rows": 59380, "Plan Width": 24, "Actual Startup Time": 5744.183, "Actual Total Time": 5775.7, "Actual Rows": 100000, "Actual Loops": 1, "Group By Key": ["public.lineitem.l_suppkey"], "Plans": [{"Node Type": "Bitmap Heap Scan", "Parent Relationship": "Outer", "Relation Name": "lineitem", "Alias": "lineitem", "Startup Cost": 78544.19, "Total Cost": 1586191.59, "Plan Rows": 2266921, "Plan Width": 24, "Actual Startup Time": 1410.62, "Actual Total Time": 4017.87, "Actual Rows": 2293944, "Actual Loops": 1, "Recheck Cond": "((l_shipdate >= '1997-07-01 00:00:00'::timestamp(0) without time zone) AND (l_shipdate < '1997-10-01 00:00:00'::timestamp without time zone)), (LLVM Optimized, Jit Execute)", "Rows Removed by Index Recheck": 0, "Exact Heap Blocks": 732487, "Lossy Heap Blocks": 732487, "Plans": [{"Node Type": "Bitmap Index Scan", "Parent Relationship": "Outer", "Index Name": "idx_lineitem_shipdate", "Startup Cost": 0.0, "Total Cost": 77977.46, "Plan Rows": 2266921, "Plan Width": 0, "Actual Startup Time": 1037.637, "Actual Total Time": 1037.637, "Actual Rows": 2293944, "Actual Loops": 1, "Index Cond": "((l_shipdate >= '1997-07-01 00:00:00'::timestamp(0) without time zone) AND (l_shipdate < '1997-10-01 00:00:00'::timestamp without time zone))"}]}]}]}, {"Node Type": "Nested Loop", "Parent Relationship": "Outer", "Join Type": "Inner", "Startup Cost": 1625863.0, "Total Cost": 1882908.01, "Plan Rows": 59380, "Plan Width": 83, "Actual Startup Time": 11669.86, "Actual Total Time": 11695.099, "Actual Rows": 1, "Actual Loops": 1, "Inner Unique": true, "Plans": [{"Node Type": "Aggregate", "Strategy": "Hashed", "Parent Relationship": "Outer", "Startup Cost": 1625862.71, "Total Cost": 1626604.96, "Plan Rows": 59380, "Plan Width": 24, "Actual Startup Time": 11669.792, "Actual Total Time": 11694.747, "Actual Rows": 1, "Actual Loops": 1, "Group By Key": ["public.lineitem.l_suppkey"], "Filter": "(sum((public.lineitem.l_extendedprice * (1::double precision - public.lineitem.l_discount))) = $0), (LLVM Optimized, Jit Execute)", "Rows Removed by Filter": 99999, "Plans": [{"Node Type": "Bitmap Heap Scan", "Parent Relationship": "Outer", "Relation Name": "lineitem", "Alias": "lineitem", "Startup Cost": 78544.19, "Total Cost": 1586191.59, "Plan Rows": 2266921, "Plan Width": 24, "Actual Startup Time": 1071.216, "Actual Total Time": 4099.156, "Actual Rows": 2293944, "Actual Loops": 1, "Recheck Cond": "((l_shipdate >= '1997-07-01 00:00:00'::timestamp(0) without time zone) AND (l_shipdate < '1997-10-01 00:00:00'::timestamp without time zone)), (LLVM Optimized, Jit Execute)", "Rows Removed by Index Recheck": 0, "Exact Heap Blocks": 732487, "Lossy Heap Blocks": 732487, "Plans": [{"Node Type": "Bitmap Index Scan", "Parent Relationship": "Outer", "Index Name": "idx_lineitem_shipdate", "Startup Cost": 0.0, "Total Cost": 77977.46, "Plan Rows": 2266921, "Plan Width": 0, "Actual Startup Time": 709.182, "Actual Total Time": 709.182, "Actual Rows": 2293944, "Actual Loops": 1, "Index Cond": "((l_shipdate >= '1997-07-01 00:00:00'::timestamp(0) without time zone) AND (l_shipdate < '1997-10-01 00:00:00'::timestamp without time zone))"}]}]}, {"Node Type": "Bitmap Heap Scan", "Parent Relationship": "Inner", "Relation Name": "supplier", "Alias": "supplier", "Startup Cost": 0.28, "Total Cost": 4.3, "Plan Rows": 1, "Plan Width": 75, "Actual Startup Time": 0.05, "Actual Total Time": 0.05, "Actual Rows": 1, "Actual Loops": 1, "Recheck Cond": "(s_suppkey = public.lineitem.l_suppkey)", "Rows Removed by Index Recheck": 0, "Exact Heap Blocks": 1, "Lossy Heap Blocks": 1, "Plans": [{"Node Type": "Bitmap Index Scan", "Parent Relationship": "Outer", "Index Name": "supplier_pkey", "Startup Cost": 0.0, "Total Cost": 0.28, "Plan Rows": 1, "Plan Width": 0, "Actual Startup Time": 0.026, "Actual Total Time": 0.026, "Actual Rows": 1, "Actual Loops": 1, "Index Cond": "(s_suppkey = public.lineitem.l_suppkey)"}]}]}]}, "Triggers": [], "Planner Runtime": 0.751, "Total Runtime": 11707.86, "Unique SQL Id": 3712096918}}, "(1, '120')": {"explain_plan": {"Plan": {"Node Type": "Sort", "Startup Cost": 4727127.98, "Total Cost": 4727276.43, "Plan Rows": 59380, "Plan Width": 83, "Sort Key": ["supplier.s_suppkey"], "Plans": [{"Node Type": "Aggregate", "Strategy": "Plain", "Parent Relationship": "exec_init_plan", "Subplan Name": "InitPlan 1 (returns $0)", "Startup Cost": 2339055.76, "Total Cost": 2339055.77, "Plan Rows": 1, "Plan Width": 16, "Plans": [{"Node Type": "Aggregate", "Strategy": "Hashed", "Parent Relationship": "Outer", "Startup Cost": 2337719.71, "Total Cost": 2338313.51, "Plan Rows": 59380, "Plan Width": 24, "Group By Key": ["public.lineitem.l_suppkey"], "Plans": [{"Node Type": "Seq Scan", "Parent Relationship": "Outer", "Relation Name": "lineitem", "Alias": "lineitem", "Startup Cost": 25.33, "Total Cost": 2315050.5, "Plan Rows": 2266921, "Plan Width": 24, "Filter": "((l_shipdate >= '1997-07-01 00:00:00'::timestamp(0) without time zone) AND (l_shipdate < '1997-10-01 00:00:00'::timestamp without time zone)), (LLVM Optimized)"}]}]}, {"Node Type": "Nested Loop", "Parent Relationship": "Outer", "Join Type": "Inner", "Startup Cost": 2354721.61, "Total Cost": 2383364.06, "Plan Rows": 59380, "Plan Width": 83, "Inner Unique": true, "Plans": [{"Node Type": "Aggregate", "Strategy": "Hashed", "Parent Relationship": "Outer", "Startup Cost": 2354721.61, "Total Cost": 2355463.86, "Plan Rows": 59380, "Plan Width": 24, "Group By Key": ["public.lineitem.l_suppkey"], "Filter": "(sum((public.lineitem.l_extendedprice * (1::double precision - public.lineitem.l_discount))) = $0), (LLVM Optimized)", "Plans": [{"Node Type": "Seq Scan", "Parent Relationship": "Outer", "Relation Name": "lineitem", "Alias": "lineitem", "Startup Cost": 25.33, "Total Cost": 2315050.5, "Plan Rows": 2266921, "Plan Width": 24, "Filter": "((l_shipdate >= '1997-07-01 00:00:00'::timestamp(0) without time zone) AND (l_shipdate < '1997-10-01 00:00:00'::timestamp without time zone)), (LLVM Optimized)"}]}, {"Node Type": "Index Scan", "Parent Relationship": "Inner", "Scan Direction": "Forward", "Index Name": "supplier_pkey", "Relation Name": "supplier", "Alias": "supplier", "Startup Cost": 0.0, "Total Cost": 0.45, "Plan Rows": 1, "Plan Width": 75, "Index Cond": "(s_suppkey = public.lineitem.l_suppkey)"}]}]}, "Unique SQL Id": 3712096918, "Planner Runtime": 0}, "explain_analyze_plan": null}, "(1, '121')": {"explain_plan": {"Plan": {"Node Type": "Sort", "Startup Cost": 10368528.3, "Total Cost": 10368676.75, "Plan Rows": 59380, "Plan Width": 83, "Sort Key": ["supplier.s_suppkey"], "Plans": [{"Node Type": "Aggregate", "Strategy": "Plain", "Parent Relationship": "exec_init_plan", "Subplan Name": "InitPlan 1 (returns $0)", "Startup Cost": 5159755.92, "Total Cost": 5159755.93, "Plan Rows": 1, "Plan Width": 16, "Plans": [{"Node Type": "Aggregate", "Strategy": "Hashed", "Parent Relationship": "Outer", "Startup Cost": 5158419.87, "Total Cost": 5159013.67, "Plan Rows": 59380, "Plan Width": 24, "Group By Key": ["public.lineitem.l_suppkey"], "Plans": [{"Node Type": "Index Scan", "Parent Relationship": "Outer", "Scan Direction": "Forward", "Index Name": "idx_lineitem_shipdate", "Relation Name": "lineitem", "Alias": "lineitem", "Startup Cost": 0.0, "Total Cost": 5135750.66, "Plan Rows": 2266921, "Plan Width": 24, "Index Cond": "((l_shipdate >= '1997-07-01 00:00:00'::timestamp(0) without time zone) AND (l_shipdate < '1997-10-01 00:00:00'::timestamp without time zone)), (LLVM Optimized)"}]}]}, {"Node Type": "Nested Loop", "Parent Relationship": "Outer", "Join Type": "Inner", "Startup Cost": 5175421.77, "Total Cost": 5204064.22, "Plan Rows": 59380, "Plan Width": 83, "Inner Unique": true, "Plans": [{"Node Type": "Aggregate", "Strategy": "Hashed", "Parent Relationship": "Outer", "Startup Cost": 5175421.77, "Total Cost": 5176164.02, "Plan Rows": 59380, "Plan Width": 24, "Group By Key": ["public.lineitem.l_suppkey"], "Filter": "(sum((public.lineitem.l_extendedprice * (1::double precision - public.lineitem.l_discount))) = $0), (LLVM Optimized)", "Plans": [{"Node Type": "Index Scan", "Parent Relationship": "Outer", "Scan Direction": "Forward", "Index Name": "idx_lineitem_shipdate", "Relation Name": "lineitem", "Alias": "lineitem", "Startup Cost": 0.0, "Total Cost": 5135750.66, "Plan Rows": 2266921, "Plan Width": 24, "Index Cond": "((l_shipdate >= '1997-07-01 00:00:00'::timestamp(0) without time zone) AND (l_shipdate < '1997-10-01 00:00:00'::timestamp without time zone)), (LLVM Optimized)"}]}, {"Node Type": "Index Scan", "Parent Relationship": "Inner", "Scan Direction": "Forward", "Index Name": "supplier_pkey", "Relation Name": "supplier", "Alias": "supplier", "Startup Cost": 0.0, "Total Cost": 0.45, "Plan Rows": 1, "Plan Width": 75, "Index Cond": "(s_suppkey = public.lineitem.l_suppkey)"}]}]}, "Unique SQL Id": 3712096918, "Planner Runtime": 0}, "explain_analyze_plan": {"Plan": {"Node Type": "Sort", "Startup Cost": 10368528.3, "Total Cost": 10368676.75, "Plan Rows": 59380, "Plan Width": 83, "Actual Startup Time": 16053.742, "Actual Total Time": 16053.743, "Actual Rows": 1, "Actual Loops": 1, "Sort Key": ["supplier.s_suppkey"], "Sort Method": "quicksort", "Sort Space Used": 25, "Sort Space Type": "Memory", "Plans": [{"Node Type": "Aggregate", "Strategy": "Plain", "Parent Relationship": "exec_init_plan", "Subplan Name": "InitPlan 1 (returns $0)", "Startup Cost": 5159755.92, "Total Cost": 5159755.93, "Plan Rows": 1, "Plan Width": 16, "Actual Startup Time": 8267.458, "Actual Total Time": 8267.458, "Actual Rows": 1, "Actual Loops": 1, "Plans": [{"Node Type": "Aggregate", "Strategy": "Hashed", "Parent Relationship": "Outer", "Startup Cost": 5158419.87, "Total Cost": 5159013.67, "Plan Rows": 59380, "Plan Width": 24, "Actual Startup Time": 8221.527, "Actual Total Time": 8252.553, "Actual Rows": 100000, "Actual Loops": 1, "Group By Key": ["public.lineitem.l_suppkey"], "Plans": [{"Node Type": "Index Scan", "Parent Relationship": "Outer", "Scan Direction": "Forward", "Index Name": "idx_lineitem_shipdate", "Relation Name": "lineitem", "Alias": "lineitem", "Startup Cost": 0.0, "Total Cost": 5135750.66, "Plan Rows": 2266921, "Plan Width": 24, "Actual Startup Time": 0.067, "Actual Total Time": 6130.937, "Actual Rows": 2293944, "Actual Loops": 1, "Index Cond": "((l_shipdate >= '1997-07-01 00:00:00'::timestamp(0) without time zone) AND (l_shipdate < '1997-10-01 00:00:00'::timestamp without time zone)), (LLVM Optimized, Jit Execute)", "Rows Removed by Index Recheck": 0}]}]}, {"Node Type": "Nested Loop", "Parent Relationship": "Outer", "Join Type": "Inner", "Startup Cost": 5175421.77, "Total Cost": 5204064.22, "Plan Rows": 59380, "Plan Width": 83, "Actual Startup Time": 16035.218, "Actual Total Time": 16053.717, "Actual Rows": 1, "Actual Loops": 1, "Inner Unique": true, "Plans": [{"Node Type": "Aggregate", "Strategy": "Hashed", "Parent Relationship": "Outer", "Startup Cost": 5175421.77, "Total Cost": 5176164.02, "Plan Rows": 59380, "Plan Width": 24, "Actual Startup Time": 16035.163, "Actual Total Time": 16053.415, "Actual Rows": 1, "Actual Loops": 1, "Group By Key": ["public.lineitem.l_suppkey"], "Filter": "(sum((public.lineitem.l_extendedprice * (1::double precision - public.lineitem.l_discount))) = $0), (LLVM Optimized, Jit Execute)", "Rows Removed by Filter": 99999, "Plans": [{"Node Type": "Index Scan", "Parent Relationship": "Outer", "Scan Direction": "Forward", "Index Name": "idx_lineitem_shipdate", "Relation Name": "lineitem", "Alias": "lineitem", "Startup Cost": 0.0, "Total Cost": 5135750.66, "Plan Rows": 2266921, "Plan Width": 24, "Actual Startup Time": 0.058, "Actual Total Time": 5645.488, "Actual Rows": 2293944, "Actual Loops": 1, "Index Cond": "((l_shipdate >= '1997-07-01 00:00:00'::timestamp(0) without time zone) AND (l_shipdate < '1997-10-01 00:00:00'::timestamp without time zone)), (LLVM Optimized, Jit Execute)", "Rows Removed by Index Recheck": 0}]}, {"Node Type": "Index Scan", "Parent Relationship": "Inner", "Scan Direction": "Forward", "Index Name": "supplier_pkey", "Relation Name": "supplier", "Alias": "supplier", "Startup Cost": 0.0, "Total Cost": 0.45, "Plan Rows": 1, "Plan Width": 75, "Actual Startup Time": 0.041, "Actual Total Time": 0.041, "Actual Rows": 1, "Actual Loops": 1, "Index Cond": "(s_suppkey = public.lineitem.l_suppkey)", "Rows Removed by Index Recheck": 0}]}]}, "Triggers": [], "Planner Runtime": 0.654, "Total Runtime": 16065.015, "Unique SQL Id": 3712096918}}, "(1, '122')": {"explain_plan": {"Plan": {"Node Type": "Sort", "Startup Cost": 93773253.03, "Total Cost": 93773401.48, "Plan Rows": 59380, "Plan Width": 83, "Sort Key": ["supplier.s_suppkey"], "Plans": [{"Node Type": "Aggregate", "Strategy": "Plain", "Parent Relationship": "exec_init_plan", "Subplan Name": "InitPlan 1 (returns $0)", "Startup Cost": 2339055.76, "Total Cost": 2339055.77, "Plan Rows": 1, "Plan Width": 16, "Plans": [{"Node Type": "Aggregate", "Strategy": "Hashed", "Parent Relationship": "Outer", "Startup Cost": 2337719.71, "Total Cost": 2338313.51, "Plan Rows": 59380, "Plan Width": 24, "Group By Key": ["public.lineitem.l_suppkey"], "Plans": [{"Node Type": "Seq Scan", "Parent Relationship": "Outer", "Relation Name": "lineitem", "Alias": "lineitem", "Startup Cost": 25.33, "Total Cost": 2315050.5, "Plan Rows": 2266921, "Plan Width": 24, "Filter": "((l_shipdate >= '1997-07-01 00:00:00'::timestamp(0) without time zone) AND (l_shipdate < '1997-10-01 00:00:00'::timestamp without time zone)), (LLVM Optimized)"}]}]}, {"Node Type": "Nested Loop", "Parent Relationship": "Outer", "Join Type": "Inner", "Startup Cost": 2354721.61, "Total Cost": 91429489.11, "Plan Rows": 59380, "Plan Width": 83, "Inner Unique": true, "Join Filter": "(supplier.s_suppkey = revenue0.supplier_no)", "Plans": [{"Node Type": "Seq Scan", "Parent Relationship": "Outer", "Relation Name": "supplier", "Alias": "supplier", "Startup Cost": 0.0, "Total Cost": 3283.0, "Plan Rows": 100000, "Plan Width": 75}, {"Node Type": "Materialize", "Parent Relationship": "Inner", "Startup Cost": 2354721.61, "Total Cost": 2356354.56, "Plan Rows": 59380, "Plan Width": 16, "Plans": [{"Node Type": "Subquery Scan", "Parent Relationship": "Outer", "Alias": "revenue0", "Startup Cost": 2354721.61, "Total Cost": 2356057.66, "Plan Rows": 59380, "Plan Width": 16, "Plans": [{"Node Type": "Aggregate", "Strategy": "Hashed", "Parent Relationship": "Subquery", "Startup Cost": 2354721.61, "Total Cost": 2355463.86, "Plan Rows": 59380, "Plan Width": 24, "Group By Key": ["public.lineitem.l_suppkey"], "Filter": "(sum((public.lineitem.l_extendedprice * (1::double precision - public.lineitem.l_discount))) = $0), (LLVM Optimized)", "Plans": [{"Node Type": "Seq Scan", "Parent Relationship": "Outer", "Relation Name": "lineitem", "Alias": "lineitem", "Startup Cost": 25.33, "Total Cost": 2315050.5, "Plan Rows": 2266921, "Plan Width": 24, "Filter": "((l_shipdate >= '1997-07-01 00:00:00'::timestamp(0) without time zone) AND (l_shipdate < '1997-10-01 00:00:00'::timestamp without time zone)), (LLVM Optimized)"}]}]}]}]}]}, "Unique SQL Id": 3712096918, "Planner Runtime": 0}, "explain_analyze_plan": null}, "(1, '123')": {"explain_plan": {"Plan": {"Node Type": "Nested Loop", "Join Type": "Inner", "Startup Cost": 2010463073775.39, "Total Cost": 3000552678714.27, "Plan Rows": 59380, "Plan Width": 83, "Inner Unique": true, "Join Filter": "(supplier.s_suppkey = revenue0.supplier_no)", "Plans": [{"Node Type": "Aggregate", "Strategy": "Plain", "Parent Relationship": "exec_init_plan", "Subplan Name": "InitPlan 1 (returns $0)", "Startup Cost": 1000231529054.76, "Total Cost": 1000231529054.77, "Plan Rows": 1, "Plan Width": 16, "Plans": [{"Node Type": "Aggregate", "Strategy": "Hashed", "Parent Relationship": "Outer", "Startup Cost": 1000231527718.71, "Total Cost": 1000231528312.51, "Plan Rows": 59380, "Plan Width": 24, "Group By Key": ["public.lineitem.l_suppkey"], "Plans": [{"Node Type": "Seq Scan", "Parent Relationship": "Outer", "Relation Name": "lineitem", "Alias": "lineitem", "Startup Cost": 10000000025.02, "Total Cost": 1000231505049.5, "Plan Rows": 2266921, "Plan Width": 24, "Filter": "((l_shipdate >= '1997-07-01 00:00:00'::timestamp(0) without time zone) AND (l_shipdate < '1997-10-01 00:00:00'::timestamp without time zone)), (LLVM Optimized)"}]}]}, {"Node Type": "Index Scan", "Parent Relationship": "Outer", "Scan Direction": "Forward", "Index Name": "supplier_pkey", "Relation Name": "supplier", "Alias": "supplier", "Startup Cost": 10000000000.0, "Total Cost": 1000000533454.38, "Plan Rows": 100000, "Plan Width": 75}, {"Node Type": "Materialize", "Parent Relationship": "Inner", "Startup Cost": 1000231544720.62, "Total Cost": 1000231546353.57, "Plan Rows": 59380, "Plan Width": 16, "Plans": [{"Node Type": "Subquery Scan", "Parent Relationship": "Outer", "Alias": "revenue0", "Startup Cost": 1000231544720.62, "Total Cost": 1000231546056.67, "Plan Rows": 59380, "Plan Width": 16, "Plans": [{"Node Type": "Aggregate", "Strategy": "Hashed", "Parent Relationship": "Subquery", "Startup Cost": 1000231544720.62, "Total Cost": 1000231545462.87, "Plan Rows": 59380, "Plan Width": 24, "Group By Key": ["public.lineitem.l_suppkey"], "Filter": "(sum((public.lineitem.l_extendedprice * (1::double precision - public.lineitem.l_discount))) = $0), (LLVM Optimized)", "Plans": [{"Node Type": "Seq Scan", "Parent Relationship": "Outer", "Relation Name": "lineitem", "Alias": "lineitem", "Startup Cost": 10000000025.02, "Total Cost": 1000231505049.5, "Plan Rows": 2266921, "Plan Width": 24, "Filter": "((l_shipdate >= '1997-07-01 00:00:00'::timestamp(0) without time zone) AND (l_shipdate < '1997-10-01 00:00:00'::timestamp without time zone)), (LLVM Optimized)"}]}]}]}]}, "Unique SQL Id": 3712096918, "Planner Runtime": 0}, "explain_analyze_plan": null}, "(1, '124')": {"explain_plan": {"Plan": {"Node Type": "Sort", "Startup Cost": 4727127.98, "Total Cost": 4727276.43, "Plan Rows": 59380, "Plan Width": 83, "Sort Key": ["supplier.s_suppkey"], "Plans": [{"Node Type": "Aggregate", "Strategy": "Plain", "Parent Relationship": "exec_init_plan", "Subplan Name": "InitPlan 1 (returns $0)", "Startup Cost": 2339055.76, "Total Cost": 2339055.77, "Plan Rows": 1, "Plan Width": 16, "Plans": [{"Node Type": "Aggregate", "Strategy": "Hashed", "Parent Relationship": "Outer", "Startup Cost": 2337719.71, "Total Cost": 2338313.51, "Plan Rows": 59380, "Plan Width": 24, "Group By Key": ["public.lineitem.l_suppkey"], "Plans": [{"Node Type": "Seq Scan", "Parent Relationship": "Outer", "Relation Name": "lineitem", "Alias": "lineitem", "Startup Cost": 25.33, "Total Cost": 2315050.5, "Plan Rows": 2266921, "Plan Width": 24, "Filter": "((l_shipdate >= '1997-07-01 00:00:00'::timestamp(0) without time zone) AND (l_shipdate < '1997-10-01 00:00:00'::timestamp without time zone)), (LLVM Optimized)"}]}]}, {"Node Type": "Nested Loop", "Parent Relationship": "Outer", "Join Type": "Inner", "Startup Cost": 2354721.61, "Total Cost": 2383364.06, "Plan Rows": 59380, "Plan Width": 83, "Inner Unique": true, "Plans": [{"Node Type": "Aggregate", "Strategy": "Hashed", "Parent Relationship": "Outer", "Startup Cost": 2354721.61, "Total Cost": 2355463.86, "Plan Rows": 59380, "Plan Width": 24, "Group By Key": ["public.lineitem.l_suppkey"], "Filter": "(sum((public.lineitem.l_extendedprice * (1::double precision - public.lineitem.l_discount))) = $0), (LLVM Optimized)", "Plans": [{"Node Type": "Seq Scan", "Parent Relationship": "Outer", "Relation Name": "lineitem", "Alias": "lineitem", "Startup Cost": 25.33, "Total Cost": 2315050.5, "Plan Rows": 2266921, "Plan Width": 24, "Filter": "((l_shipdate >= '1997-07-01 00:00:00'::timestamp(0) without time zone) AND (l_shipdate < '1997-10-01 00:00:00'::timestamp without time zone)), (LLVM Optimized)"}]}, {"Node Type": "Index Scan", "Parent Relationship": "Inner", "Scan Direction": "Forward", "Index Name": "supplier_pkey", "Relation Name": "supplier", "Alias": "supplier", "Startup Cost": 0.0, "Total Cost": 0.45, "Plan Rows": 1, "Plan Width": 75, "Index Cond": "(s_suppkey = public.lineitem.l_suppkey)"}]}]}, "Unique SQL Id": 3712096918, "Planner Runtime": 0}, "explain_analyze_plan": null}, "(1, '125')": {"explain_plan": {"Plan": {"Node Type": "Sort", "Startup Cost": 10368528.3, "Total Cost": 10368676.75, "Plan Rows": 59380, "Plan Width": 83, "Sort Key": ["supplier.s_suppkey"], "Plans": [{"Node Type": "Aggregate", "Strategy": "Plain", "Parent Relationship": "exec_init_plan", "Subplan Name": "InitPlan 1 (returns $0)", "Startup Cost": 5159755.92, "Total Cost": 5159755.93, "Plan Rows": 1, "Plan Width": 16, "Plans": [{"Node Type": "Aggregate", "Strategy": "Hashed", "Parent Relationship": "Outer", "Startup Cost": 5158419.87, "Total Cost": 5159013.67, "Plan Rows": 59380, "Plan Width": 24, "Group By Key": ["public.lineitem.l_suppkey"], "Plans": [{"Node Type": "Index Scan", "Parent Relationship": "Outer", "Scan Direction": "Forward", "Index Name": "idx_lineitem_shipdate", "Relation Name": "lineitem", "Alias": "lineitem", "Startup Cost": 0.0, "Total Cost": 5135750.66, "Plan Rows": 2266921, "Plan Width": 24, "Index Cond": "((l_shipdate >= '1997-07-01 00:00:00'::timestamp(0) without time zone) AND (l_shipdate < '1997-10-01 00:00:00'::timestamp without time zone)), (LLVM Optimized)"}]}]}, {"Node Type": "Nested Loop", "Parent Relationship": "Outer", "Join Type": "Inner", "Startup Cost": 5175421.77, "Total Cost": 5204064.22, "Plan Rows": 59380, "Plan Width": 83, "Inner Unique": true, "Plans": [{"Node Type": "Aggregate", "Strategy": "Hashed", "Parent Relationship": "Outer", "Startup Cost": 5175421.77, "Total Cost": 5176164.02, "Plan Rows": 59380, "Plan Width": 24, "Group By Key": ["public.lineitem.l_suppkey"], "Filter": "(sum((public.lineitem.l_extendedprice * (1::double precision - public.lineitem.l_discount))) = $0), (LLVM Optimized)", "Plans": [{"Node Type": "Index Scan", "Parent Relationship": "Outer", "Scan Direction": "Forward", "Index Name": "idx_lineitem_shipdate", "Relation Name": "lineitem", "Alias": "lineitem", "Startup Cost": 0.0, "Total Cost": 5135750.66, "Plan Rows": 2266921, "Plan Width": 24, "Index Cond": "((l_shipdate >= '1997-07-01 00:00:00'::timestamp(0) without time zone) AND (l_shipdate < '1997-10-01 00:00:00'::timestamp without time zone)), (LLVM Optimized)"}]}, {"Node Type": "Index Scan", "Parent Relationship": "Inner", "Scan Direction": "Forward", "Index Name": "supplier_pkey", "Relation Name": "supplier", "Alias": "supplier", "Startup Cost": 0.0, "Total Cost": 0.45, "Plan Rows": 1, "Plan Width": 75, "Index Cond": "(s_suppkey = public.lineitem.l_suppkey)"}]}]}, "Unique SQL Id": 3712096918, "Planner Runtime": 0}, "explain_analyze_plan": {"Plan": {"Node Type": "Sort", "Startup Cost": 10368528.3, "Total Cost": 10368676.75, "Plan Rows": 59380, "Plan Width": 83, "Actual Startup Time": 16053.742, "Actual Total Time": 16053.743, "Actual Rows": 1, "Actual Loops": 1, "Sort Key": ["supplier.s_suppkey"], "Sort Method": "quicksort", "Sort Space Used": 25, "Sort Space Type": "Memory", "Plans": [{"Node Type": "Aggregate", "Strategy": "Plain", "Parent Relationship": "exec_init_plan", "Subplan Name": "InitPlan 1 (returns $0)", "Startup Cost": 5159755.92, "Total Cost": 5159755.93, "Plan Rows": 1, "Plan Width": 16, "Actual Startup Time": 8267.458, "Actual Total Time": 8267.458, "Actual Rows": 1, "Actual Loops": 1, "Plans": [{"Node Type": "Aggregate", "Strategy": "Hashed", "Parent Relationship": "Outer", "Startup Cost": 5158419.87, "Total Cost": 5159013.67, "Plan Rows": 59380, "Plan Width": 24, "Actual Startup Time": 8221.527, "Actual Total Time": 8252.553, "Actual Rows": 100000, "Actual Loops": 1, "Group By Key": ["public.lineitem.l_suppkey"], "Plans": [{"Node Type": "Index Scan", "Parent Relationship": "Outer", "Scan Direction": "Forward", "Index Name": "idx_lineitem_shipdate", "Relation Name": "lineitem", "Alias": "lineitem", "Startup Cost": 0.0, "Total Cost": 5135750.66, "Plan Rows": 2266921, "Plan Width": 24, "Actual Startup Time": 0.067, "Actual Total Time": 6130.937, "Actual Rows": 2293944, "Actual Loops": 1, "Index Cond": "((l_shipdate >= '1997-07-01 00:00:00'::timestamp(0) without time zone) AND (l_shipdate < '1997-10-01 00:00:00'::timestamp without time zone)), (LLVM Optimized, Jit Execute)", "Rows Removed by Index Recheck": 0}]}]}, {"Node Type": "Nested Loop", "Parent Relationship": "Outer", "Join Type": "Inner", "Startup Cost": 5175421.77, "Total Cost": 5204064.22, "Plan Rows": 59380, "Plan Width": 83, "Actual Startup Time": 16035.218, "Actual Total Time": 16053.717, "Actual Rows": 1, "Actual Loops": 1, "Inner Unique": true, "Plans": [{"Node Type": "Aggregate", "Strategy": "Hashed", "Parent Relationship": "Outer", "Startup Cost": 5175421.77, "Total Cost": 5176164.02, "Plan Rows": 59380, "Plan Width": 24, "Actual Startup Time": 16035.163, "Actual Total Time": 16053.415, "Actual Rows": 1, "Actual Loops": 1, "Group By Key": ["public.lineitem.l_suppkey"], "Filter": "(sum((public.lineitem.l_extendedprice * (1::double precision - public.lineitem.l_discount))) = $0), (LLVM Optimized, Jit Execute)", "Rows Removed by Filter": 99999, "Plans": [{"Node Type": "Index Scan", "Parent Relationship": "Outer", "Scan Direction": "Forward", "Index Name": "idx_lineitem_shipdate", "Relation Name": "lineitem", "Alias": "lineitem", "Startup Cost": 0.0, "Total Cost": 5135750.66, "Plan Rows": 2266921, "Plan Width": 24, "Actual Startup Time": 0.058, "Actual Total Time": 5645.488, "Actual Rows": 2293944, "Actual Loops": 1, "Index Cond": "((l_shipdate >= '1997-07-01 00:00:00'::timestamp(0) without time zone) AND (l_shipdate < '1997-10-01 00:00:00'::timestamp without time zone)), (LLVM Optimized, Jit Execute)", "Rows Removed by Index Recheck": 0}]}, {"Node Type": "Index Scan", "Parent Relationship": "Inner", "Scan Direction": "Forward", "Index Name": "supplier_pkey", "Relation Name": "supplier", "Alias": "supplier", "Startup Cost": 0.0, "Total Cost": 0.45, "Plan Rows": 1, "Plan Width": 75, "Actual Startup Time": 0.041, "Actual Total Time": 0.041, "Actual Rows": 1, "Actual Loops": 1, "Index Cond": "(s_suppkey = public.lineitem.l_suppkey)", "Rows Removed by Index Recheck": 0}]}]}, "Triggers": [], "Planner Runtime": 0.654, "Total Runtime": 16065.015, "Unique SQL Id": 3712096918}}, "(1, '126')": {"explain_plan": {"Plan": {"Node Type": "Sort", "Startup Cost": 93773253.03, "Total Cost": 93773401.48, "Plan Rows": 59380, "Plan Width": 83, "Sort Key": ["supplier.s_suppkey"], "Plans": [{"Node Type": "Aggregate", "Strategy": "Plain", "Parent Relationship": "exec_init_plan", "Subplan Name": "InitPlan 1 (returns $0)", "Startup Cost": 2339055.76, "Total Cost": 2339055.77, "Plan Rows": 1, "Plan Width": 16, "Plans": [{"Node Type": "Aggregate", "Strategy": "Hashed", "Parent Relationship": "Outer", "Startup Cost": 2337719.71, "Total Cost": 2338313.51, "Plan Rows": 59380, "Plan Width": 24, "Group By Key": ["public.lineitem.l_suppkey"], "Plans": [{"Node Type": "Seq Scan", "Parent Relationship": "Outer", "Relation Name": "lineitem", "Alias": "lineitem", "Startup Cost": 25.33, "Total Cost": 2315050.5, "Plan Rows": 2266921, "Plan Width": 24, "Filter": "((l_shipdate >= '1997-07-01 00:00:00'::timestamp(0) without time zone) AND (l_shipdate < '1997-10-01 00:00:00'::timestamp without time zone)), (LLVM Optimized)"}]}]}, {"Node Type": "Nested Loop", "Parent Relationship": "Outer", "Join Type": "Inner", "Startup Cost": 2354721.61, "Total Cost": 91429489.11, "Plan Rows": 59380, "Plan Width": 83, "Inner Unique": true, "Join Filter": "(supplier.s_suppkey = revenue0.supplier_no)", "Plans": [{"Node Type": "Seq Scan", "Parent Relationship": "Outer", "Relation Name": "supplier", "Alias": "supplier", "Startup Cost": 0.0, "Total Cost": 3283.0, "Plan Rows": 100000, "Plan Width": 75}, {"Node Type": "Materialize", "Parent Relationship": "Inner", "Startup Cost": 2354721.61, "Total Cost": 2356354.56, "Plan Rows": 59380, "Plan Width": 16, "Plans": [{"Node Type": "Subquery Scan", "Parent Relationship": "Outer", "Alias": "revenue0", "Startup Cost": 2354721.61, "Total Cost": 2356057.66, "Plan Rows": 59380, "Plan Width": 16, "Plans": [{"Node Type": "Aggregate", "Strategy": "Hashed", "Parent Relationship": "Subquery", "Startup Cost": 2354721.61, "Total Cost": 2355463.86, "Plan Rows": 59380, "Plan Width": 24, "Group By Key": ["public.lineitem.l_suppkey"], "Filter": "(sum((public.lineitem.l_extendedprice * (1::double precision - public.lineitem.l_discount))) = $0), (LLVM Optimized)", "Plans": [{"Node Type": "Seq Scan", "Parent Relationship": "Outer", "Relation Name": "lineitem", "Alias": "lineitem", "Startup Cost": 25.33, "Total Cost": 2315050.5, "Plan Rows": 2266921, "Plan Width": 24, "Filter": "((l_shipdate >= '1997-07-01 00:00:00'::timestamp(0) without time zone) AND (l_shipdate < '1997-10-01 00:00:00'::timestamp without time zone)), (LLVM Optimized)"}]}]}]}]}]}, "Unique SQL Id": 3712096918, "Planner Runtime": 0}, "explain_analyze_plan": null}, "(1, '127')": {"explain_plan": {"Plan": {"Node Type": "Nested Loop", "Join Type": "Inner", "Startup Cost": 2010463073775.39, "Total Cost": 3000552678714.27, "Plan Rows": 59380, "Plan Width": 83, "Inner Unique": true, "Join Filter": "(supplier.s_suppkey = revenue0.supplier_no)", "Plans": [{"Node Type": "Aggregate", "Strategy": "Plain", "Parent Relationship": "exec_init_plan", "Subplan Name": "InitPlan 1 (returns $0)", "Startup Cost": 1000231529054.76, "Total Cost": 1000231529054.77, "Plan Rows": 1, "Plan Width": 16, "Plans": [{"Node Type": "Aggregate", "Strategy": "Hashed", "Parent Relationship": "Outer", "Startup Cost": 1000231527718.71, "Total Cost": 1000231528312.51, "Plan Rows": 59380, "Plan Width": 24, "Group By Key": ["public.lineitem.l_suppkey"], "Plans": [{"Node Type": "Seq Scan", "Parent Relationship": "Outer", "Relation Name": "lineitem", "Alias": "lineitem", "Startup Cost": 10000000025.02, "Total Cost": 1000231505049.5, "Plan Rows": 2266921, "Plan Width": 24, "Filter": "((l_shipdate >= '1997-07-01 00:00:00'::timestamp(0) without time zone) AND (l_shipdate < '1997-10-01 00:00:00'::timestamp without time zone)), (LLVM Optimized)"}]}]}, {"Node Type": "Index Scan", "Parent Relationship": "Outer", "Scan Direction": "Forward", "Index Name": "supplier_pkey", "Relation Name": "supplier", "Alias": "supplier", "Startup Cost": 10000000000.0, "Total Cost": 1000000533454.38, "Plan Rows": 100000, "Plan Width": 75}, {"Node Type": "Materialize", "Parent Relationship": "Inner", "Startup Cost": 1000231544720.62, "Total Cost": 1000231546353.57, "Plan Rows": 59380, "Plan Width": 16, "Plans": [{"Node Type": "Subquery Scan", "Parent Relationship": "Outer", "Alias": "revenue0", "Startup Cost": 1000231544720.62, "Total Cost": 1000231546056.67, "Plan Rows": 59380, "Plan Width": 16, "Plans": [{"Node Type": "Aggregate", "Strategy": "Hashed", "Parent Relationship": "Subquery", "Startup Cost": 1000231544720.62, "Total Cost": 1000231545462.87, "Plan Rows": 59380, "Plan Width": 24, "Group By Key": ["public.lineitem.l_suppkey"], "Filter": "(sum((public.lineitem.l_extendedprice * (1::double precision - public.lineitem.l_discount))) = $0), (LLVM Optimized)", "Plans": [{"Node Type": "Seq Scan", "Parent Relationship": "Outer", "Relation Name": "lineitem", "Alias": "lineitem", "Startup Cost": 10000000025.02, "Total Cost": 1000231505049.5, "Plan Rows": 2266921, "Plan Width": 24, "Filter": "((l_shipdate >= '1997-07-01 00:00:00'::timestamp(0) without time zone) AND (l_shipdate < '1997-10-01 00:00:00'::timestamp without time zone)), (LLVM Optimized)"}]}]}]}]}, "Unique SQL Id": 3712096918, "Planner Runtime": 0}, "explain_analyze_plan": null}, "(16, '0')": {"explain_plan": {"Plan": {"Node Type": "Merge Join", "Join Type": "Inner", "Startup Cost": 3242103.77, "Total Cost": 3248579.02, "Plan Rows": 59380, "Plan Width": 83, "Inner Unique": true, "Merge Cond": "(supplier.s_suppkey = revenue0.supplier_no)", "Plans": [{"Node Type": "Aggregate", "Strategy": "Plain", "Parent Relationship": "exec_init_plan", "Subplan Name": "InitPlan 1 (returns $0)", "Startup Cost": 1610196.85, "Total Cost": 1610196.86, "Plan Rows": 1, "Plan Width": 16, "Plans": [{"Node Type": "Aggregate", "Strategy": "Hashed", "Parent Relationship": "Outer", "Startup Cost": 1608860.8, "Total Cost": 1609454.6, "Plan Rows": 59380, "Plan Width": 32, "Group By Key": ["public.lineitem.l_suppkey"], "Plans": [{"Node Type": "Bitmap Heap Scan", "Parent Relationship": "Outer", "Relation Name": "lineitem", "Alias": "lineitem", "Startup Cost": 78544.19, "Total Cost": 1586191.59, "Plan Rows": 2266921, "Plan Width": 24, "Recheck Cond": "((l_shipdate >= '1997-07-01 00:00:00'::timestamp(0) without time zone) AND (l_shipdate < '1997-10-01 00:00:00'::timestamp without time zone)), (LLVM Optimized)", "Plans": [{"Node Type": "Bitmap Index Scan", "Parent Relationship": "Outer", "Index Name": "idx_lineitem_shipdate", "Startup Cost": 0.0, "Total Cost": 77977.46, "Plan Rows": 2266921, "Plan Width": 0, "Index Cond": "((l_shipdate >= '1997-07-01 00:00:00'::timestamp(0) without time zone) AND (l_shipdate < '1997-10-01 00:00:00'::timestamp without time zone))"}]}]}]}, {"Node Type": "Index Scan", "Parent Relationship": "Outer", "Scan Direction": "Forward", "Index Name": "supplier_pkey", "Relation Name": "supplier", "Alias": "supplier", "Startup Cost": 0.0, "Total Cost": 5334.54, "Plan Rows": 100000, "Plan Width": 75}, {"Node Type": "Sort", "Parent Relationship": "Inner", "Startup Cost": 1631906.91, "Total Cost": 1632055.36, "Plan Rows": 59380, "Plan Width": 16, "Sort Key": ["revenue0.supplier_no"], "Plans": [{"Node Type": "Subquery Scan", "Parent Relationship": "Outer", "Alias": "revenue0", "Startup Cost": 1625862.71, "Total Cost": 1627198.76, "Plan Rows": 59380, "Plan Width": 16, "Plans": [{"Node Type": "Aggregate", "Strategy": "Hashed", "Parent Relationship": "Subquery", "Startup Cost": 1625862.71, "Total Cost": 1626604.96, "Plan Rows": 59380, "Plan Width": 40, "Group By Key": ["public.lineitem.l_suppkey"], "Filter": "(sum((public.lineitem.l_extendedprice * (1::double precision - public.lineitem.l_discount))) = $0), (LLVM Optimized)", "Plans": [{"Node Type": "Bitmap Heap Scan", "Parent Relationship": "Outer", "Relation Name": "lineitem", "Alias": "lineitem", "Startup Cost": 78544.19, "Total Cost": 1586191.59, "Plan Rows": 2266921, "Plan Width": 24, "Recheck Cond": "((l_shipdate >= '1997-07-01 00:00:00'::timestamp(0) without time zone) AND (l_shipdate < '1997-10-01 00:00:00'::timestamp without time zone)), (LLVM Optimized)", "Plans": [{"Node Type": "Bitmap Index Scan", "Parent Relationship": "Outer", "Index Name": "idx_lineitem_shipdate", "Startup Cost": 0.0, "Total Cost": 77977.46, "Plan Rows": 2266921, "Plan Width": 0, "Index Cond": "((l_shipdate >= '1997-07-01 00:00:00'::timestamp(0) without time zone) AND (l_shipdate < '1997-10-01 00:00:00'::timestamp without time zone))"}]}]}]}]}]}, "Unique SQL Id": 3712096918, "Planner Runtime": 1}, "explain_analyze_plan": {"Plan": {"Node Type": "Merge Join", "Join Type": "Inner", "Startup Cost": 3242103.77, "Total Cost": 3248579.02, "Plan Rows": 59380, "Plan Width": 83, "Actual Startup Time": 11118.228, "Actual Total Time": 11118.237, "Actual Rows": 1, "Actual Loops": 1, "Inner Unique": true, "Merge Cond": "(supplier.s_suppkey = revenue0.supplier_no)", "Plans": [{"Node Type": "Aggregate", "Strategy": "Plain", "Parent Relationship": "exec_init_plan", "Subplan Name": "InitPlan 1 (returns $0)", "Startup Cost": 1610196.85, "Total Cost": 1610196.86, "Plan Rows": 1, "Plan Width": 16, "Actual Startup Time": 5738.869, "Actual Total Time": 5738.869, "Actual Rows": 1, "Actual Loops": 1, "Plans": [{"Node Type": "Aggregate", "Strategy": "Hashed", "Parent Relationship": "Outer", "Startup Cost": 1608860.8, "Total Cost": 1609454.6, "Plan Rows": 59380, "Plan Width": 32, "Actual Startup Time": 5688.243, "Actual Total Time": 5723.985, "Actual Rows": 100000, "Actual Loops": 1, "Group By Key": ["public.lineitem.l_suppkey"], "Plans": [{"Node Type": "Bitmap Heap Scan", "Parent Relationship": "Outer", "Relation Name": "lineitem", "Alias": "lineitem", "Startup Cost": 78544.19, "Total Cost": 1586191.59, "Plan Rows": 2266921, "Plan Width": 24, "Actual Startup Time": 1223.117, "Actual Total Time": 4086.228, "Actual Rows": 2293944, "Actual Loops": 1, "Recheck Cond": "((l_shipdate >= '1997-07-01 00:00:00'::timestamp(0) without time zone) AND (l_shipdate < '1997-10-01 00:00:00'::timestamp without time zone)), (LLVM Optimized, Jit Execute)", "Rows Removed by Index Recheck": 0, "Exact Heap Blocks": 732487, "Lossy Heap Blocks": 732487, "Plans": [{"Node Type": "Bitmap Index Scan", "Parent Relationship": "Outer", "Index Name": "idx_lineitem_shipdate", "Startup Cost": 0.0, "Total Cost": 77977.46, "Plan Rows": 2266921, "Plan Width": 0, "Actual Startup Time": 892.359, "Actual Total Time": 892.359, "Actual Rows": 2293944, "Actual Loops": 1, "Index Cond": "((l_shipdate >= '1997-07-01 00:00:00'::timestamp(0) without time zone) AND (l_shipdate < '1997-10-01 00:00:00'::timestamp without time zone))"}]}]}]}, {"Node Type": "Index Scan", "Parent Relationship": "Outer", "Scan Direction": "Forward", "Index Name": "supplier_pkey", "Relation Name": "supplier", "Alias": "supplier", "Startup Cost": 0.0, "Total Cost": 5334.54, "Plan Rows": 100000, "Plan Width": 75, "Actual Startup Time": 0.04, "Actual Total Time": 22.499, "Actual Rows": 35977, "Actual Loops": 1}, {"Node Type": "Sort", "Parent Relationship": "Inner", "Startup Cost": 1631906.91, "Total Cost": 1632055.36, "Plan Rows": 59380, "Plan Width": 16, "Actual Startup Time": 11090.65, "Actual Total Time": 11090.651, "Actual Rows": 1, "Actual Loops": 1, "Sort Key": ["revenue0.supplier_no"], "Sort Method": "quicksort", "Sort Space Used": 25, "Sort Space Type": "Memory", "Plans": [{"Node Type": "Subquery Scan", "Parent Relationship": "Outer", "Alias": "revenue0", "Startup Cost": 1625862.71, "Total Cost": 1627198.76, "Plan Rows": 59380, "Plan Width": 16, "Actual Startup Time": 11071.098, "Actual Total Time": 11090.42, "Actual Rows": 1, "Actual Loops": 1, "Plans": [{"Node Type": "Aggregate", "Strategy": "Hashed", "Parent Relationship": "Subquery", "Startup Cost": 1625862.71, "Total Cost": 1626604.96, "Plan Rows": 59380, "Plan Width": 40, "Actual Startup Time": 11071.095, "Actual Total Time": 11090.414, "Actual Rows": 1, "Actual Loops": 1, "Group By Key": ["public.lineitem.l_suppkey"], "Filter": "(sum((public.lineitem.l_extendedprice * (1::double precision - public.lineitem.l_discount))) = $0), (LLVM Optimized, Jit Execute)", "Rows Removed by Filter": 99999, "Plans": [{"Node Type": "Bitmap Heap Scan", "Parent Relationship": "Outer", "Relation Name": "lineitem", "Alias": "lineitem", "Startup Cost": 78544.19, "Total Cost": 1586191.59, "Plan Rows": 2266921, "Plan Width": 24, "Actual Startup Time": 1031.52, "Actual Total Time": 3790.349, "Actual Rows": 2293944, "Actual Loops": 1, "Recheck Cond": "((l_shipdate >= '1997-07-01 00:00:00'::timestamp(0) without time zone) AND (l_shipdate < '1997-10-01 00:00:00'::timestamp without time zone)), (LLVM Optimized, Jit Execute)", "Rows Removed by Index Recheck": 0, "Exact Heap Blocks": 732487, "Lossy Heap Blocks": 732487, "Plans": [{"Node Type": "Bitmap Index Scan", "Parent Relationship": "Outer", "Index Name": "idx_lineitem_shipdate", "Startup Cost": 0.0, "Total Cost": 77977.46, "Plan Rows": 2266921, "Plan Width": 0, "Actual Startup Time": 742.846, "Actual Total Time": 742.846, "Actual Rows": 2293944, "Actual Loops": 1, "Index Cond": "((l_shipdate >= '1997-07-01 00:00:00'::timestamp(0) without time zone) AND (l_shipdate < '1997-10-01 00:00:00'::timestamp without time zone))"}]}]}]}]}]}, "Triggers": [], "Planner Runtime": 0.881, "Total Runtime": 11131.308, "Unique SQL Id": 3712096918}}, "(16, '1')": {"explain_plan": {"Plan": {"Node Type": "Merge Join", "Join Type": "Inner", "Startup Cost": 3242103.77, "Total Cost": 3248579.02, "Plan Rows": 59380, "Plan Width": 83, "Inner Unique": true, "Merge Cond": "(supplier.s_suppkey = revenue0.supplier_no)", "Plans": [{"Node Type": "Aggregate", "Strategy": "Plain", "Parent Relationship": "exec_init_plan", "Subplan Name": "InitPlan 1 (returns $0)", "Startup Cost": 1610196.85, "Total Cost": 1610196.86, "Plan Rows": 1, "Plan Width": 16, "Plans": [{"Node Type": "Aggregate", "Strategy": "Hashed", "Parent Relationship": "Outer", "Startup Cost": 1608860.8, "Total Cost": 1609454.6, "Plan Rows": 59380, "Plan Width": 32, "Group By Key": ["public.lineitem.l_suppkey"], "Plans": [{"Node Type": "Bitmap Heap Scan", "Parent Relationship": "Outer", "Relation Name": "lineitem", "Alias": "lineitem", "Startup Cost": 78544.19, "Total Cost": 1586191.59, "Plan Rows": 2266921, "Plan Width": 24, "Recheck Cond": "((l_shipdate >= '1997-07-01 00:00:00'::timestamp(0) without time zone) AND (l_shipdate < '1997-10-01 00:00:00'::timestamp without time zone)), (LLVM Optimized)", "Plans": [{"Node Type": "Bitmap Index Scan", "Parent Relationship": "Outer", "Index Name": "idx_lineitem_shipdate", "Startup Cost": 0.0, "Total Cost": 77977.46, "Plan Rows": 2266921, "Plan Width": 0, "Index Cond": "((l_shipdate >= '1997-07-01 00:00:00'::timestamp(0) without time zone) AND (l_shipdate < '1997-10-01 00:00:00'::timestamp without time zone))"}]}]}]}, {"Node Type": "Index Scan", "Parent Relationship": "Outer", "Scan Direction": "Forward", "Index Name": "supplier_pkey", "Relation Name": "supplier", "Alias": "supplier", "Startup Cost": 0.0, "Total Cost": 5334.54, "Plan Rows": 100000, "Plan Width": 75}, {"Node Type": "Sort", "Parent Relationship": "Inner", "Startup Cost": 1631906.91, "Total Cost": 1632055.36, "Plan Rows": 59380, "Plan Width": 16, "Sort Key": ["revenue0.supplier_no"], "Plans": [{"Node Type": "Subquery Scan", "Parent Relationship": "Outer", "Alias": "revenue0", "Startup Cost": 1625862.71, "Total Cost": 1627198.76, "Plan Rows": 59380, "Plan Width": 16, "Plans": [{"Node Type": "Aggregate", "Strategy": "Hashed", "Parent Relationship": "Subquery", "Startup Cost": 1625862.71, "Total Cost": 1626604.96, "Plan Rows": 59380, "Plan Width": 40, "Group By Key": ["public.lineitem.l_suppkey"], "Filter": "(sum((public.lineitem.l_extendedprice * (1::double precision - public.lineitem.l_discount))) = $0), (LLVM Optimized)", "Plans": [{"Node Type": "Bitmap Heap Scan", "Parent Relationship": "Outer", "Relation Name": "lineitem", "Alias": "lineitem", "Startup Cost": 78544.19, "Total Cost": 1586191.59, "Plan Rows": 2266921, "Plan Width": 24, "Recheck Cond": "((l_shipdate >= '1997-07-01 00:00:00'::timestamp(0) without time zone) AND (l_shipdate < '1997-10-01 00:00:00'::timestamp without time zone)), (LLVM Optimized)", "Plans": [{"Node Type": "Bitmap Index Scan", "Parent Relationship": "Outer", "Index Name": "idx_lineitem_shipdate", "Startup Cost": 0.0, "Total Cost": 77977.46, "Plan Rows": 2266921, "Plan Width": 0, "Index Cond": "((l_shipdate >= '1997-07-01 00:00:00'::timestamp(0) without time zone) AND (l_shipdate < '1997-10-01 00:00:00'::timestamp without time zone))"}]}]}]}]}]}, "Unique SQL Id": 3712096918, "Planner Runtime": 1}, "explain_analyze_plan": {"Plan": {"Node Type": "Merge Join", "Join Type": "Inner", "Startup Cost": 3242103.77, "Total Cost": 3248579.02, "Plan Rows": 59380, "Plan Width": 83, "Actual Startup Time": 11118.228, "Actual Total Time": 11118.237, "Actual Rows": 1, "Actual Loops": 1, "Inner Unique": true, "Merge Cond": "(supplier.s_suppkey = revenue0.supplier_no)", "Plans": [{"Node Type": "Aggregate", "Strategy": "Plain", "Parent Relationship": "exec_init_plan", "Subplan Name": "InitPlan 1 (returns $0)", "Startup Cost": 1610196.85, "Total Cost": 1610196.86, "Plan Rows": 1, "Plan Width": 16, "Actual Startup Time": 5738.869, "Actual Total Time": 5738.869, "Actual Rows": 1, "Actual Loops": 1, "Plans": [{"Node Type": "Aggregate", "Strategy": "Hashed", "Parent Relationship": "Outer", "Startup Cost": 1608860.8, "Total Cost": 1609454.6, "Plan Rows": 59380, "Plan Width": 32, "Actual Startup Time": 5688.243, "Actual Total Time": 5723.985, "Actual Rows": 100000, "Actual Loops": 1, "Group By Key": ["public.lineitem.l_suppkey"], "Plans": [{"Node Type": "Bitmap Heap Scan", "Parent Relationship": "Outer", "Relation Name": "lineitem", "Alias": "lineitem", "Startup Cost": 78544.19, "Total Cost": 1586191.59, "Plan Rows": 2266921, "Plan Width": 24, "Actual Startup Time": 1223.117, "Actual Total Time": 4086.228, "Actual Rows": 2293944, "Actual Loops": 1, "Recheck Cond": "((l_shipdate >= '1997-07-01 00:00:00'::timestamp(0) without time zone) AND (l_shipdate < '1997-10-01 00:00:00'::timestamp without time zone)), (LLVM Optimized, Jit Execute)", "Rows Removed by Index Recheck": 0, "Exact Heap Blocks": 732487, "Lossy Heap Blocks": 732487, "Plans": [{"Node Type": "Bitmap Index Scan", "Parent Relationship": "Outer", "Index Name": "idx_lineitem_shipdate", "Startup Cost": 0.0, "Total Cost": 77977.46, "Plan Rows": 2266921, "Plan Width": 0, "Actual Startup Time": 892.359, "Actual Total Time": 892.359, "Actual Rows": 2293944, "Actual Loops": 1, "Index Cond": "((l_shipdate >= '1997-07-01 00:00:00'::timestamp(0) without time zone) AND (l_shipdate < '1997-10-01 00:00:00'::timestamp without time zone))"}]}]}]}, {"Node Type": "Index Scan", "Parent Relationship": "Outer", "Scan Direction": "Forward", "Index Name": "supplier_pkey", "Relation Name": "supplier", "Alias": "supplier", "Startup Cost": 0.0, "Total Cost": 5334.54, "Plan Rows": 100000, "Plan Width": 75, "Actual Startup Time": 0.04, "Actual Total Time": 22.499, "Actual Rows": 35977, "Actual Loops": 1}, {"Node Type": "Sort", "Parent Relationship": "Inner", "Startup Cost": 1631906.91, "Total Cost": 1632055.36, "Plan Rows": 59380, "Plan Width": 16, "Actual Startup Time": 11090.65, "Actual Total Time": 11090.651, "Actual Rows": 1, "Actual Loops": 1, "Sort Key": ["revenue0.supplier_no"], "Sort Method": "quicksort", "Sort Space Used": 25, "Sort Space Type": "Memory", "Plans": [{"Node Type": "Subquery Scan", "Parent Relationship": "Outer", "Alias": "revenue0", "Startup Cost": 1625862.71, "Total Cost": 1627198.76, "Plan Rows": 59380, "Plan Width": 16, "Actual Startup Time": 11071.098, "Actual Total Time": 11090.42, "Actual Rows": 1, "Actual Loops": 1, "Plans": [{"Node Type": "Aggregate", "Strategy": "Hashed", "Parent Relationship": "Subquery", "Startup Cost": 1625862.71, "Total Cost": 1626604.96, "Plan Rows": 59380, "Plan Width": 40, "Actual Startup Time": 11071.095, "Actual Total Time": 11090.414, "Actual Rows": 1, "Actual Loops": 1, "Group By Key": ["public.lineitem.l_suppkey"], "Filter": "(sum((public.lineitem.l_extendedprice * (1::double precision - public.lineitem.l_discount))) = $0), (LLVM Optimized, Jit Execute)", "Rows Removed by Filter": 99999, "Plans": [{"Node Type": "Bitmap Heap Scan", "Parent Relationship": "Outer", "Relation Name": "lineitem", "Alias": "lineitem", "Startup Cost": 78544.19, "Total Cost": 1586191.59, "Plan Rows": 2266921, "Plan Width": 24, "Actual Startup Time": 1031.52, "Actual Total Time": 3790.349, "Actual Rows": 2293944, "Actual Loops": 1, "Recheck Cond": "((l_shipdate >= '1997-07-01 00:00:00'::timestamp(0) without time zone) AND (l_shipdate < '1997-10-01 00:00:00'::timestamp without time zone)), (LLVM Optimized, Jit Execute)", "Rows Removed by Index Recheck": 0, "Exact Heap Blocks": 732487, "Lossy Heap Blocks": 732487, "Plans": [{"Node Type": "Bitmap Index Scan", "Parent Relationship": "Outer", "Index Name": "idx_lineitem_shipdate", "Startup Cost": 0.0, "Total Cost": 77977.46, "Plan Rows": 2266921, "Plan Width": 0, "Actual Startup Time": 742.846, "Actual Total Time": 742.846, "Actual Rows": 2293944, "Actual Loops": 1, "Index Cond": "((l_shipdate >= '1997-07-01 00:00:00'::timestamp(0) without time zone) AND (l_shipdate < '1997-10-01 00:00:00'::timestamp without time zone))"}]}]}]}]}]}, "Triggers": [], "Planner Runtime": 0.881, "Total Runtime": 11131.308, "Unique SQL Id": 3712096918}}, "(16, '2')": {"explain_plan": {"Plan": {"Node Type": "Merge Join", "Join Type": "Inner", "Startup Cost": 3253691.59, "Total Cost": 3255082.29, "Plan Rows": 59380, "Plan Width": 83, "Inner Unique": true, "Merge Cond": "(supplier.s_suppkey = revenue0.supplier_no)", "Plans": [{"Node Type": "Aggregate", "Strategy": "Plain", "Parent Relationship": "exec_init_plan", "Subplan Name": "InitPlan 1 (returns $0)", "Startup Cost": 1610196.85, "Total Cost": 1610196.86, "Plan Rows": 1, "Plan Width": 16, "Plans": [{"Node Type": "Aggregate", "Strategy": "Hashed", "Parent Relationship": "Outer", "Startup Cost": 1608860.8, "Total Cost": 1609454.6, "Plan Rows": 59380, "Plan Width": 32, "Group By Key": ["public.lineitem.l_suppkey"], "Plans": [{"Node Type": "Bitmap Heap Scan", "Parent Relationship": "Outer", "Relation Name": "lineitem", "Alias": "lineitem", "Startup Cost": 78544.19, "Total Cost": 1586191.59, "Plan Rows": 2266921, "Plan Width": 24, "Recheck Cond": "((l_shipdate >= '1997-07-01 00:00:00'::timestamp(0) without time zone) AND (l_shipdate < '1997-10-01 00:00:00'::timestamp without time zone)), (LLVM Optimized)", "Plans": [{"Node Type": "Bitmap Index Scan", "Parent Relationship": "Outer", "Index Name": "idx_lineitem_shipdate", "Startup Cost": 0.0, "Total Cost": 77977.46, "Plan Rows": 2266921, "Plan Width": 0, "Index Cond": "((l_shipdate >= '1997-07-01 00:00:00'::timestamp(0) without time zone) AND (l_shipdate < '1997-10-01 00:00:00'::timestamp without time zone))"}]}]}]}, {"Node Type": "Sort", "Parent Relationship": "Outer", "Startup Cost": 11587.82, "Total Cost": 11837.82, "Plan Rows": 100000, "Plan Width": 75, "Sort Key": ["supplier.s_suppkey"], "Plans": [{"Node Type": "Seq Scan", "Parent Relationship": "Outer", "Relation Name": "supplier", "Alias": "supplier", "Startup Cost": 0.0, "Total Cost": 3283.0, "Plan Rows": 100000, "Plan Width": 75}]}, {"Node Type": "Sort", "Parent Relationship": "Inner", "Startup Cost": 1631906.91, "Total Cost": 1632055.36, "Plan Rows": 59380, "Plan Width": 16, "Sort Key": ["revenue0.supplier_no"], "Plans": [{"Node Type": "Subquery Scan", "Parent Relationship": "Outer", "Alias": "revenue0", "Startup Cost": 1625862.71, "Total Cost": 1627198.76, "Plan Rows": 59380, "Plan Width": 16, "Plans": [{"Node Type": "Aggregate", "Strategy": "Hashed", "Parent Relationship": "Subquery", "Startup Cost": 1625862.71, "Total Cost": 1626604.96, "Plan Rows": 59380, "Plan Width": 40, "Group By Key": ["public.lineitem.l_suppkey"], "Filter": "(sum((public.lineitem.l_extendedprice * (1::double precision - public.lineitem.l_discount))) = $0), (LLVM Optimized)", "Plans": [{"Node Type": "Bitmap Heap Scan", "Parent Relationship": "Outer", "Relation Name": "lineitem", "Alias": "lineitem", "Startup Cost": 78544.19, "Total Cost": 1586191.59, "Plan Rows": 2266921, "Plan Width": 24, "Recheck Cond": "((l_shipdate >= '1997-07-01 00:00:00'::timestamp(0) without time zone) AND (l_shipdate < '1997-10-01 00:00:00'::timestamp without time zone)), (LLVM Optimized)", "Plans": [{"Node Type": "Bitmap Index Scan", "Parent Relationship": "Outer", "Index Name": "idx_lineitem_shipdate", "Startup Cost": 0.0, "Total Cost": 77977.46, "Plan Rows": 2266921, "Plan Width": 0, "Index Cond": "((l_shipdate >= '1997-07-01 00:00:00'::timestamp(0) without time zone) AND (l_shipdate < '1997-10-01 00:00:00'::timestamp without time zone))"}]}]}]}]}]}, "Unique SQL Id": 3712096918, "Planner Runtime": 0}, "explain_analyze_plan": {"Plan": {"Node Type": "Merge Join", "Join Type": "Inner", "Startup Cost": 3253691.59, "Total Cost": 3255082.29, "Plan Rows": 59380, "Plan Width": 83, "Actual Startup Time": 11244.454, "Actual Total Time": 11244.66, "Actual Rows": 1, "Actual Loops": 1, "Inner Unique": true, "Merge Cond": "(supplier.s_suppkey = revenue0.supplier_no)", "Plans": [{"Node Type": "Aggregate", "Strategy": "Plain", "Parent Relationship": "exec_init_plan", "Subplan Name": "InitPlan 1 (returns $0)", "Startup Cost": 1610196.85, "Total Cost": 1610196.86, "Plan Rows": 1, "Plan Width": 16, "Actual Startup Time": 5540.475, "Actual Total Time": 5540.475, "Actual Rows": 1, "Actual Loops": 1, "Plans": [{"Node Type": "Aggregate", "Strategy": "Hashed", "Parent Relationship": "Outer", "Startup Cost": 1608860.8, "Total Cost": 1609454.6, "Plan Rows": 59380, "Plan Width": 32, "Actual Startup Time": 5487.76, "Actual Total Time": 5525.414, "Actual Rows": 100000, "Actual Loops": 1, "Group By Key": ["public.lineitem.l_suppkey"], "Plans": [{"Node Type": "Bitmap Heap Scan", "Parent Relationship": "Outer", "Relation Name": "lineitem", "Alias": "lineitem", "Startup Cost": 78544.19, "Total Cost": 1586191.59, "Plan Rows": 2266921, "Plan Width": 24, "Actual Startup Time": 1071.158, "Actual Total Time": 3793.282, "Actual Rows": 2293944, "Actual Loops": 1, "Recheck Cond": "((l_shipdate >= '1997-07-01 00:00:00'::timestamp(0) without time zone) AND (l_shipdate < '1997-10-01 00:00:00'::timestamp without time zone)), (LLVM Optimized, Jit Execute)", "Rows Removed by Index Recheck": 0, "Exact Heap Blocks": 732487, "Lossy Heap Blocks": 732487, "Plans": [{"Node Type": "Bitmap Index Scan", "Parent Relationship": "Outer", "Index Name": "idx_lineitem_shipdate", "Startup Cost": 0.0, "Total Cost": 77977.46, "Plan Rows": 2266921, "Plan Width": 0, "Actual Startup Time": 771.958, "Actual Total Time": 771.958, "Actual Rows": 2293944, "Actual Loops": 1, "Index Cond": "((l_shipdate >= '1997-07-01 00:00:00'::timestamp(0) without time zone) AND (l_shipdate < '1997-10-01 00:00:00'::timestamp without time zone))"}]}]}]}, {"Node Type": "Sort", "Parent Relationship": "Outer", "Startup Cost": 11587.82, "Total Cost": 11837.82, "Plan Rows": 100000, "Plan Width": 75, "Actual Startup Time": 71.958, "Actual Total Time": 76.627, "Actual Rows": 35977, "Actual Loops": 1, "Sort Key": ["supplier.s_suppkey"], "Sort Method": "quicksort", "Sort Space Used": 18698, "Sort Space Type": "Memory", "Plans": [{"Node Type": "Seq Scan", "Parent Relationship": "Outer", "Relation Name": "supplier", "Alias": "supplier", "Startup Cost": 0.0, "Total Cost": 3283.0, "Plan Rows": 100000, "Plan Width": 75, "Actual Startup Time": 0.03, "Actual Total Time": 35.522, "Actual Rows": 100000, "Actual Loops": 1}]}, {"Node Type": "Sort", "Parent Relationship": "Inner", "Startup Cost": 1631906.91, "Total Cost": 1632055.36, "Plan Rows": 59380, "Plan Width": 16, "Actual Startup Time": 11162.59, "Actual Total Time": 11162.59, "Actual Rows": 1, "Actual Loops": 1, "Sort Key": ["revenue0.supplier_no"], "Sort Method": "quicksort", "Sort Space Used": 25, "Sort Space Type": "Memory", "Plans": [{"Node Type": "Subquery Scan", "Parent Relationship": "Outer", "Alias": "revenue0", "Startup Cost": 1625862.71, "Total Cost": 1627198.76, "Plan Rows": 59380, "Plan Width": 16, "Actual Startup Time": 11143.388, "Actual Total Time": 11162.34, "Actual Rows": 1, "Actual Loops": 1, "Plans": [{"Node Type": "Aggregate", "Strategy": "Hashed", "Parent Relationship": "Subquery", "Startup Cost": 1625862.71, "Total Cost": 1626604.96, "Plan Rows": 59380, "Plan Width": 40, "Actual Startup Time": 11143.385, "Actual Total Time": 11162.334, "Actual Rows": 1, "Actual Loops": 1, "Group By Key": ["public.lineitem.l_suppkey"], "Filter": "(sum((public.lineitem.l_extendedprice * (1::double precision - public.lineitem.l_discount))) = $0), (LLVM Optimized, Jit Execute)", "Rows Removed by Filter": 99999, "Plans": [{"Node Type": "Bitmap Heap Scan", "Parent Relationship": "Outer", "Relation Name": "lineitem", "Alias": "lineitem", "Startup Cost": 78544.19, "Total Cost": 1586191.59, "Plan Rows": 2266921, "Plan Width": 24, "Actual Startup Time": 1145.015, "Actual Total Time": 3998.398, "Actual Rows": 2293944, "Actual Loops": 1, "Recheck Cond": "((l_shipdate >= '1997-07-01 00:00:00'::timestamp(0) without time zone) AND (l_shipdate < '1997-10-01 00:00:00'::timestamp without time zone)), (LLVM Optimized, Jit Execute)", "Rows Removed by Index Recheck": 0, "Exact Heap Blocks": 732487, "Lossy Heap Blocks": 732487, "Plans": [{"Node Type": "Bitmap Index Scan", "Parent Relationship": "Outer", "Index Name": "idx_lineitem_shipdate", "Startup Cost": 0.0, "Total Cost": 77977.46, "Plan Rows": 2266921, "Plan Width": 0, "Actual Startup Time": 789.761, "Actual Total Time": 789.761, "Actual Rows": 2293944, "Actual Loops": 1, "Index Cond": "((l_shipdate >= '1997-07-01 00:00:00'::timestamp(0) without time zone) AND (l_shipdate < '1997-10-01 00:00:00'::timestamp without time zone))"}]}]}]}]}]}, "Triggers": [], "Planner Runtime": 0.873, "Total Runtime": 11257.671, "Unique SQL Id": 3712096918}}, "(16, '3')": {"explain_plan": {"Plan": {"Node Type": "Sort", "Startup Cost": 3497813.02, "Total Cost": 3497961.47, "Plan Rows": 59380, "Plan Width": 83, "Sort Key": ["supplier.s_suppkey"], "Plans": [{"Node Type": "Aggregate", "Strategy": "Plain", "Parent Relationship": "exec_init_plan", "Subplan Name": "InitPlan 1 (returns $0)", "Startup Cost": 1610196.85, "Total Cost": 1610196.86, "Plan Rows": 1, "Plan Width": 16, "Plans": [{"Node Type": "Aggregate", "Strategy": "Hashed", "Parent Relationship": "Outer", "Startup Cost": 1608860.8, "Total Cost": 1609454.6, "Plan Rows": 59380, "Plan Width": 32, "Group By Key": ["public.lineitem.l_suppkey"], "Plans": [{"Node Type": "Bitmap Heap Scan", "Parent Relationship": "Outer", "Relation Name": "lineitem", "Alias": "lineitem", "Startup Cost": 78544.19, "Total Cost": 1586191.59, "Plan Rows": 2266921, "Plan Width": 24, "Recheck Cond": "((l_shipdate >= '1997-07-01 00:00:00'::timestamp(0) without time zone) AND (l_shipdate < '1997-10-01 00:00:00'::timestamp without time zone)), (LLVM Optimized)", "Plans": [{"Node Type": "Bitmap Index Scan", "Parent Relationship": "Outer", "Index Name": "idx_lineitem_shipdate", "Startup Cost": 0.0, "Total Cost": 77977.46, "Plan Rows": 2266921, "Plan Width": 0, "Index Cond": "((l_shipdate >= '1997-07-01 00:00:00'::timestamp(0) without time zone) AND (l_shipdate < '1997-10-01 00:00:00'::timestamp without time zone))"}]}]}]}, {"Node Type": "Nested Loop", "Parent Relationship": "Outer", "Join Type": "Inner", "Startup Cost": 1625863.0, "Total Cost": 1882908.01, "Plan Rows": 59380, "Plan Width": 83, "Inner Unique": true, "Plans": [{"Node Type": "Aggregate", "Strategy": "Hashed", "Parent Relationship": "Outer", "Startup Cost": 1625862.71, "Total Cost": 1626604.96, "Plan Rows": 59380, "Plan Width": 40, "Group By Key": ["public.lineitem.l_suppkey"], "Filter": "(sum((public.lineitem.l_extendedprice * (1::double precision - public.lineitem.l_discount))) = $0), (LLVM Optimized)", "Plans": [{"Node Type": "Bitmap Heap Scan", "Parent Relationship": "Outer", "Relation Name": "lineitem", "Alias": "lineitem", "Startup Cost": 78544.19, "Total Cost": 1586191.59, "Plan Rows": 2266921, "Plan Width": 24, "Recheck Cond": "((l_shipdate >= '1997-07-01 00:00:00'::timestamp(0) without time zone) AND (l_shipdate < '1997-10-01 00:00:00'::timestamp without time zone)), (LLVM Optimized)", "Plans": [{"Node Type": "Bitmap Index Scan", "Parent Relationship": "Outer", "Index Name": "idx_lineitem_shipdate", "Startup Cost": 0.0, "Total Cost": 77977.46, "Plan Rows": 2266921, "Plan Width": 0, "Index Cond": "((l_shipdate >= '1997-07-01 00:00:00'::timestamp(0) without time zone) AND (l_shipdate < '1997-10-01 00:00:00'::timestamp without time zone))"}]}]}, {"Node Type": "Bitmap Heap Scan", "Parent Relationship": "Inner", "Relation Name": "supplier", "Alias": "supplier", "Startup Cost": 0.28, "Total Cost": 4.3, "Plan Rows": 1, "Plan Width": 75, "Recheck Cond": "(s_suppkey = public.lineitem.l_suppkey)", "Plans": [{"Node Type": "Bitmap Index Scan", "Parent Relationship": "Outer", "Index Name": "supplier_pkey", "Startup Cost": 0.0, "Total Cost": 0.28, "Plan Rows": 1, "Plan Width": 0, "Index Cond": "(s_suppkey = public.lineitem.l_suppkey)"}]}]}]}, "Unique SQL Id": 3712096918, "Planner Runtime": 1}, "explain_analyze_plan": {"Plan": {"Node Type": "Sort", "Startup Cost": 3497813.02, "Total Cost": 3497961.47, "Plan Rows": 59380, "Plan Width": 83, "Actual Startup Time": 11241.876, "Actual Total Time": 11241.876, "Actual Rows": 1, "Actual Loops": 1, "Sort Key": ["supplier.s_suppkey"], "Sort Method": "quicksort", "Sort Space Used": 25, "Sort Space Type": "Memory", "Plans": [{"Node Type": "Aggregate", "Strategy": "Plain", "Parent Relationship": "exec_init_plan", "Subplan Name": "InitPlan 1 (returns $0)", "Startup Cost": 1610196.85, "Total Cost": 1610196.86, "Plan Rows": 1, "Plan Width": 16, "Actual Startup Time": 5464.823, "Actual Total Time": 5464.823, "Actual Rows": 1, "Actual Loops": 1, "Plans": [{"Node Type": "Aggregate", "Strategy": "Hashed", "Parent Relationship": "Outer", "Startup Cost": 1608860.8, "Total Cost": 1609454.6, "Plan Rows": 59380, "Plan Width": 32, "Actual Startup Time": 5414.615, "Actual Total Time": 5449.751, "Actual Rows": 100000, "Actual Loops": 1, "Group By Key": ["public.lineitem.l_suppkey"], "Plans": [{"Node Type": "Bitmap Heap Scan", "Parent Relationship": "Outer", "Relation Name": "lineitem", "Alias": "lineitem", "Startup Cost": 78544.19, "Total Cost": 1586191.59, "Plan Rows": 2266921, "Plan Width": 24, "Actual Startup Time": 1070.692, "Actual Total Time": 3752.897, "Actual Rows": 2293944, "Actual Loops": 1, "Recheck Cond": "((l_shipdate >= '1997-07-01 00:00:00'::timestamp(0) without time zone) AND (l_shipdate < '1997-10-01 00:00:00'::timestamp without time zone)), (LLVM Optimized, Jit Execute)", "Rows Removed by Index Recheck": 0, "Exact Heap Blocks": 732487, "Lossy Heap Blocks": 732487, "Plans": [{"Node Type": "Bitmap Index Scan", "Parent Relationship": "Outer", "Index Name": "idx_lineitem_shipdate", "Startup Cost": 0.0, "Total Cost": 77977.46, "Plan Rows": 2266921, "Plan Width": 0, "Actual Startup Time": 784.899, "Actual Total Time": 784.899, "Actual Rows": 2293944, "Actual Loops": 1, "Index Cond": "((l_shipdate >= '1997-07-01 00:00:00'::timestamp(0) without time zone) AND (l_shipdate < '1997-10-01 00:00:00'::timestamp without time zone))"}]}]}]}, {"Node Type": "Nested Loop", "Parent Relationship": "Outer", "Join Type": "Inner", "Startup Cost": 1625863.0, "Total Cost": 1882908.01, "Plan Rows": 59380, "Plan Width": 83, "Actual Startup Time": 11222.658, "Actual Total Time": 11241.85, "Actual Rows": 1, "Actual Loops": 1, "Inner Unique": true, "Plans": [{"Node Type": "Aggregate", "Strategy": "Hashed", "Parent Relationship": "Outer", "Startup Cost": 1625862.71, "Total Cost": 1626604.96, "Plan Rows": 59380, "Plan Width": 40, "Actual Startup Time": 11222.535, "Actual Total Time": 11241.516, "Actual Rows": 1, "Actual Loops": 1, "Group By Key": ["public.lineitem.l_suppkey"], "Filter": "(sum((public.lineitem.l_extendedprice * (1::double precision - public.lineitem.l_discount))) = $0), (LLVM Optimized, Jit Execute)", "Rows Removed by Filter": 99999, "Plans": [{"Node Type": "Bitmap Heap Scan", "Parent Relationship": "Outer", "Relation Name": "lineitem", "Alias": "lineitem", "Startup Cost": 78544.19, "Total Cost": 1586191.59, "Plan Rows": 2266921, "Plan Width": 24, "Actual Startup Time": 1227.767, "Actual Total Time": 4076.427, "Actual Rows": 2293944, "Actual Loops": 1, "Recheck Cond": "((l_shipdate >= '1997-07-01 00:00:00'::timestamp(0) without time zone) AND (l_shipdate < '1997-10-01 00:00:00'::timestamp without time zone)), (LLVM Optimized, Jit Execute)", "Rows Removed by Index Recheck": 0, "Exact Heap Blocks": 732487, "Lossy Heap Blocks": 732487, "Plans": [{"Node Type": "Bitmap Index Scan", "Parent Relationship": "Outer", "Index Name": "idx_lineitem_shipdate", "Startup Cost": 0.0, "Total Cost": 77977.46, "Plan Rows": 2266921, "Plan Width": 0, "Actual Startup Time": 872.627, "Actual Total Time": 872.627, "Actual Rows": 2293944, "Actual Loops": 1, "Index Cond": "((l_shipdate >= '1997-07-01 00:00:00'::timestamp(0) without time zone) AND (l_shipdate < '1997-10-01 00:00:00'::timestamp without time zone))"}]}]}, {"Node Type": "Bitmap Heap Scan", "Parent Relationship": "Inner", "Relation Name": "supplier", "Alias": "supplier", "Startup Cost": 0.28, "Total Cost": 4.3, "Plan Rows": 1, "Plan Width": 75, "Actual Startup Time": 0.098, "Actual Total Time": 0.098, "Actual Rows": 1, "Actual Loops": 1, "Recheck Cond": "(s_suppkey = public.lineitem.l_suppkey)", "Rows Removed by Index Recheck": 0, "Exact Heap Blocks": 1, "Lossy Heap Blocks": 1, "Plans": [{"Node Type": "Bitmap Index Scan", "Parent Relationship": "Outer", "Index Name": "supplier_pkey", "Startup Cost": 0.0, "Total Cost": 0.28, "Plan Rows": 1, "Plan Width": 0, "Actual Startup Time": 0.039, "Actual Total Time": 0.039, "Actual Rows": 1, "Actual Loops": 1, "Index Cond": "(s_suppkey = public.lineitem.l_suppkey)"}]}]}]}, "Triggers": [], "Planner Runtime": 0.877, "Total Runtime": 11254.72, "Unique SQL Id": 3712096918}}, "(16, '4')": {"explain_plan": {"Plan": {"Node Type": "Merge Join", "Join Type": "Inner", "Startup Cost": 3242103.77, "Total Cost": 3248579.02, "Plan Rows": 59380, "Plan Width": 83, "Inner Unique": true, "Merge Cond": "(supplier.s_suppkey = revenue0.supplier_no)", "Plans": [{"Node Type": "Aggregate", "Strategy": "Plain", "Parent Relationship": "exec_init_plan", "Subplan Name": "InitPlan 1 (returns $0)", "Startup Cost": 1610196.85, "Total Cost": 1610196.86, "Plan Rows": 1, "Plan Width": 16, "Plans": [{"Node Type": "Aggregate", "Strategy": "Hashed", "Parent Relationship": "Outer", "Startup Cost": 1608860.8, "Total Cost": 1609454.6, "Plan Rows": 59380, "Plan Width": 32, "Group By Key": ["public.lineitem.l_suppkey"], "Plans": [{"Node Type": "Bitmap Heap Scan", "Parent Relationship": "Outer", "Relation Name": "lineitem", "Alias": "lineitem", "Startup Cost": 78544.19, "Total Cost": 1586191.59, "Plan Rows": 2266921, "Plan Width": 24, "Recheck Cond": "((l_shipdate >= '1997-07-01 00:00:00'::timestamp(0) without time zone) AND (l_shipdate < '1997-10-01 00:00:00'::timestamp without time zone)), (LLVM Optimized)", "Plans": [{"Node Type": "Bitmap Index Scan", "Parent Relationship": "Outer", "Index Name": "idx_lineitem_shipdate", "Startup Cost": 0.0, "Total Cost": 77977.46, "Plan Rows": 2266921, "Plan Width": 0, "Index Cond": "((l_shipdate >= '1997-07-01 00:00:00'::timestamp(0) without time zone) AND (l_shipdate < '1997-10-01 00:00:00'::timestamp without time zone))"}]}]}]}, {"Node Type": "Index Scan", "Parent Relationship": "Outer", "Scan Direction": "Forward", "Index Name": "supplier_pkey", "Relation Name": "supplier", "Alias": "supplier", "Startup Cost": 0.0, "Total Cost": 5334.54, "Plan Rows": 100000, "Plan Width": 75}, {"Node Type": "Sort", "Parent Relationship": "Inner", "Startup Cost": 1631906.91, "Total Cost": 1632055.36, "Plan Rows": 59380, "Plan Width": 16, "Sort Key": ["revenue0.supplier_no"], "Plans": [{"Node Type": "Subquery Scan", "Parent Relationship": "Outer", "Alias": "revenue0", "Startup Cost": 1625862.71, "Total Cost": 1627198.76, "Plan Rows": 59380, "Plan Width": 16, "Plans": [{"Node Type": "Aggregate", "Strategy": "Hashed", "Parent Relationship": "Subquery", "Startup Cost": 1625862.71, "Total Cost": 1626604.96, "Plan Rows": 59380, "Plan Width": 40, "Group By Key": ["public.lineitem.l_suppkey"], "Filter": "(sum((public.lineitem.l_extendedprice * (1::double precision - public.lineitem.l_discount))) = $0), (LLVM Optimized)", "Plans": [{"Node Type": "Bitmap Heap Scan", "Parent Relationship": "Outer", "Relation Name": "lineitem", "Alias": "lineitem", "Startup Cost": 78544.19, "Total Cost": 1586191.59, "Plan Rows": 2266921, "Plan Width": 24, "Recheck Cond": "((l_shipdate >= '1997-07-01 00:00:00'::timestamp(0) without time zone) AND (l_shipdate < '1997-10-01 00:00:00'::timestamp without time zone)), (LLVM Optimized)", "Plans": [{"Node Type": "Bitmap Index Scan", "Parent Relationship": "Outer", "Index Name": "idx_lineitem_shipdate", "Startup Cost": 0.0, "Total Cost": 77977.46, "Plan Rows": 2266921, "Plan Width": 0, "Index Cond": "((l_shipdate >= '1997-07-01 00:00:00'::timestamp(0) without time zone) AND (l_shipdate < '1997-10-01 00:00:00'::timestamp without time zone))"}]}]}]}]}]}, "Unique SQL Id": 3712096918, "Planner Runtime": 1}, "explain_analyze_plan": {"Plan": {"Node Type": "Merge Join", "Join Type": "Inner", "Startup Cost": 3242103.77, "Total Cost": 3248579.02, "Plan Rows": 59380, "Plan Width": 83, "Actual Startup Time": 11118.228, "Actual Total Time": 11118.237, "Actual Rows": 1, "Actual Loops": 1, "Inner Unique": true, "Merge Cond": "(supplier.s_suppkey = revenue0.supplier_no)", "Plans": [{"Node Type": "Aggregate", "Strategy": "Plain", "Parent Relationship": "exec_init_plan", "Subplan Name": "InitPlan 1 (returns $0)", "Startup Cost": 1610196.85, "Total Cost": 1610196.86, "Plan Rows": 1, "Plan Width": 16, "Actual Startup Time": 5738.869, "Actual Total Time": 5738.869, "Actual Rows": 1, "Actual Loops": 1, "Plans": [{"Node Type": "Aggregate", "Strategy": "Hashed", "Parent Relationship": "Outer", "Startup Cost": 1608860.8, "Total Cost": 1609454.6, "Plan Rows": 59380, "Plan Width": 32, "Actual Startup Time": 5688.243, "Actual Total Time": 5723.985, "Actual Rows": 100000, "Actual Loops": 1, "Group By Key": ["public.lineitem.l_suppkey"], "Plans": [{"Node Type": "Bitmap Heap Scan", "Parent Relationship": "Outer", "Relation Name": "lineitem", "Alias": "lineitem", "Startup Cost": 78544.19, "Total Cost": 1586191.59, "Plan Rows": 2266921, "Plan Width": 24, "Actual Startup Time": 1223.117, "Actual Total Time": 4086.228, "Actual Rows": 2293944, "Actual Loops": 1, "Recheck Cond": "((l_shipdate >= '1997-07-01 00:00:00'::timestamp(0) without time zone) AND (l_shipdate < '1997-10-01 00:00:00'::timestamp without time zone)), (LLVM Optimized, Jit Execute)", "Rows Removed by Index Recheck": 0, "Exact Heap Blocks": 732487, "Lossy Heap Blocks": 732487, "Plans": [{"Node Type": "Bitmap Index Scan", "Parent Relationship": "Outer", "Index Name": "idx_lineitem_shipdate", "Startup Cost": 0.0, "Total Cost": 77977.46, "Plan Rows": 2266921, "Plan Width": 0, "Actual Startup Time": 892.359, "Actual Total Time": 892.359, "Actual Rows": 2293944, "Actual Loops": 1, "Index Cond": "((l_shipdate >= '1997-07-01 00:00:00'::timestamp(0) without time zone) AND (l_shipdate < '1997-10-01 00:00:00'::timestamp without time zone))"}]}]}]}, {"Node Type": "Index Scan", "Parent Relationship": "Outer", "Scan Direction": "Forward", "Index Name": "supplier_pkey", "Relation Name": "supplier", "Alias": "supplier", "Startup Cost": 0.0, "Total Cost": 5334.54, "Plan Rows": 100000, "Plan Width": 75, "Actual Startup Time": 0.04, "Actual Total Time": 22.499, "Actual Rows": 35977, "Actual Loops": 1}, {"Node Type": "Sort", "Parent Relationship": "Inner", "Startup Cost": 1631906.91, "Total Cost": 1632055.36, "Plan Rows": 59380, "Plan Width": 16, "Actual Startup Time": 11090.65, "Actual Total Time": 11090.651, "Actual Rows": 1, "Actual Loops": 1, "Sort Key": ["revenue0.supplier_no"], "Sort Method": "quicksort", "Sort Space Used": 25, "Sort Space Type": "Memory", "Plans": [{"Node Type": "Subquery Scan", "Parent Relationship": "Outer", "Alias": "revenue0", "Startup Cost": 1625862.71, "Total Cost": 1627198.76, "Plan Rows": 59380, "Plan Width": 16, "Actual Startup Time": 11071.098, "Actual Total Time": 11090.42, "Actual Rows": 1, "Actual Loops": 1, "Plans": [{"Node Type": "Aggregate", "Strategy": "Hashed", "Parent Relationship": "Subquery", "Startup Cost": 1625862.71, "Total Cost": 1626604.96, "Plan Rows": 59380, "Plan Width": 40, "Actual Startup Time": 11071.095, "Actual Total Time": 11090.414, "Actual Rows": 1, "Actual Loops": 1, "Group By Key": ["public.lineitem.l_suppkey"], "Filter": "(sum((public.lineitem.l_extendedprice * (1::double precision - public.lineitem.l_discount))) = $0), (LLVM Optimized, Jit Execute)", "Rows Removed by Filter": 99999, "Plans": [{"Node Type": "Bitmap Heap Scan", "Parent Relationship": "Outer", "Relation Name": "lineitem", "Alias": "lineitem", "Startup Cost": 78544.19, "Total Cost": 1586191.59, "Plan Rows": 2266921, "Plan Width": 24, "Actual Startup Time": 1031.52, "Actual Total Time": 3790.349, "Actual Rows": 2293944, "Actual Loops": 1, "Recheck Cond": "((l_shipdate >= '1997-07-01 00:00:00'::timestamp(0) without time zone) AND (l_shipdate < '1997-10-01 00:00:00'::timestamp without time zone)), (LLVM Optimized, Jit Execute)", "Rows Removed by Index Recheck": 0, "Exact Heap Blocks": 732487, "Lossy Heap Blocks": 732487, "Plans": [{"Node Type": "Bitmap Index Scan", "Parent Relationship": "Outer", "Index Name": "idx_lineitem_shipdate", "Startup Cost": 0.0, "Total Cost": 77977.46, "Plan Rows": 2266921, "Plan Width": 0, "Actual Startup Time": 742.846, "Actual Total Time": 742.846, "Actual Rows": 2293944, "Actual Loops": 1, "Index Cond": "((l_shipdate >= '1997-07-01 00:00:00'::timestamp(0) without time zone) AND (l_shipdate < '1997-10-01 00:00:00'::timestamp without time zone))"}]}]}]}]}]}, "Triggers": [], "Planner Runtime": 0.881, "Total Runtime": 11131.308, "Unique SQL Id": 3712096918}}, "(16, '5')": {"explain_plan": {"Plan": {"Node Type": "Merge Join", "Join Type": "Inner", "Startup Cost": 3242103.77, "Total Cost": 3248579.02, "Plan Rows": 59380, "Plan Width": 83, "Inner Unique": true, "Merge Cond": "(supplier.s_suppkey = revenue0.supplier_no)", "Plans": [{"Node Type": "Aggregate", "Strategy": "Plain", "Parent Relationship": "exec_init_plan", "Subplan Name": "InitPlan 1 (returns $0)", "Startup Cost": 1610196.85, "Total Cost": 1610196.86, "Plan Rows": 1, "Plan Width": 16, "Plans": [{"Node Type": "Aggregate", "Strategy": "Hashed", "Parent Relationship": "Outer", "Startup Cost": 1608860.8, "Total Cost": 1609454.6, "Plan Rows": 59380, "Plan Width": 32, "Group By Key": ["public.lineitem.l_suppkey"], "Plans": [{"Node Type": "Bitmap Heap Scan", "Parent Relationship": "Outer", "Relation Name": "lineitem", "Alias": "lineitem", "Startup Cost": 78544.19, "Total Cost": 1586191.59, "Plan Rows": 2266921, "Plan Width": 24, "Recheck Cond": "((l_shipdate >= '1997-07-01 00:00:00'::timestamp(0) without time zone) AND (l_shipdate < '1997-10-01 00:00:00'::timestamp without time zone)), (LLVM Optimized)", "Plans": [{"Node Type": "Bitmap Index Scan", "Parent Relationship": "Outer", "Index Name": "idx_lineitem_shipdate", "Startup Cost": 0.0, "Total Cost": 77977.46, "Plan Rows": 2266921, "Plan Width": 0, "Index Cond": "((l_shipdate >= '1997-07-01 00:00:00'::timestamp(0) without time zone) AND (l_shipdate < '1997-10-01 00:00:00'::timestamp without time zone))"}]}]}]}, {"Node Type": "Index Scan", "Parent Relationship": "Outer", "Scan Direction": "Forward", "Index Name": "supplier_pkey", "Relation Name": "supplier", "Alias": "supplier", "Startup Cost": 0.0, "Total Cost": 5334.54, "Plan Rows": 100000, "Plan Width": 75}, {"Node Type": "Sort", "Parent Relationship": "Inner", "Startup Cost": 1631906.91, "Total Cost": 1632055.36, "Plan Rows": 59380, "Plan Width": 16, "Sort Key": ["revenue0.supplier_no"], "Plans": [{"Node Type": "Subquery Scan", "Parent Relationship": "Outer", "Alias": "revenue0", "Startup Cost": 1625862.71, "Total Cost": 1627198.76, "Plan Rows": 59380, "Plan Width": 16, "Plans": [{"Node Type": "Aggregate", "Strategy": "Hashed", "Parent Relationship": "Subquery", "Startup Cost": 1625862.71, "Total Cost": 1626604.96, "Plan Rows": 59380, "Plan Width": 40, "Group By Key": ["public.lineitem.l_suppkey"], "Filter": "(sum((public.lineitem.l_extendedprice * (1::double precision - public.lineitem.l_discount))) = $0), (LLVM Optimized)", "Plans": [{"Node Type": "Bitmap Heap Scan", "Parent Relationship": "Outer", "Relation Name": "lineitem", "Alias": "lineitem", "Startup Cost": 78544.19, "Total Cost": 1586191.59, "Plan Rows": 2266921, "Plan Width": 24, "Recheck Cond": "((l_shipdate >= '1997-07-01 00:00:00'::timestamp(0) without time zone) AND (l_shipdate < '1997-10-01 00:00:00'::timestamp without time zone)), (LLVM Optimized)", "Plans": [{"Node Type": "Bitmap Index Scan", "Parent Relationship": "Outer", "Index Name": "idx_lineitem_shipdate", "Startup Cost": 0.0, "Total Cost": 77977.46, "Plan Rows": 2266921, "Plan Width": 0, "Index Cond": "((l_shipdate >= '1997-07-01 00:00:00'::timestamp(0) without time zone) AND (l_shipdate < '1997-10-01 00:00:00'::timestamp without time zone))"}]}]}]}]}]}, "Unique SQL Id": 3712096918, "Planner Runtime": 0}, "explain_analyze_plan": {"Plan": {"Node Type": "Merge Join", "Join Type": "Inner", "Startup Cost": 3242103.77, "Total Cost": 3248579.02, "Plan Rows": 59380, "Plan Width": 83, "Actual Startup Time": 11118.228, "Actual Total Time": 11118.237, "Actual Rows": 1, "Actual Loops": 1, "Inner Unique": true, "Merge Cond": "(supplier.s_suppkey = revenue0.supplier_no)", "Plans": [{"Node Type": "Aggregate", "Strategy": "Plain", "Parent Relationship": "exec_init_plan", "Subplan Name": "InitPlan 1 (returns $0)", "Startup Cost": 1610196.85, "Total Cost": 1610196.86, "Plan Rows": 1, "Plan Width": 16, "Actual Startup Time": 5738.869, "Actual Total Time": 5738.869, "Actual Rows": 1, "Actual Loops": 1, "Plans": [{"Node Type": "Aggregate", "Strategy": "Hashed", "Parent Relationship": "Outer", "Startup Cost": 1608860.8, "Total Cost": 1609454.6, "Plan Rows": 59380, "Plan Width": 32, "Actual Startup Time": 5688.243, "Actual Total Time": 5723.985, "Actual Rows": 100000, "Actual Loops": 1, "Group By Key": ["public.lineitem.l_suppkey"], "Plans": [{"Node Type": "Bitmap Heap Scan", "Parent Relationship": "Outer", "Relation Name": "lineitem", "Alias": "lineitem", "Startup Cost": 78544.19, "Total Cost": 1586191.59, "Plan Rows": 2266921, "Plan Width": 24, "Actual Startup Time": 1223.117, "Actual Total Time": 4086.228, "Actual Rows": 2293944, "Actual Loops": 1, "Recheck Cond": "((l_shipdate >= '1997-07-01 00:00:00'::timestamp(0) without time zone) AND (l_shipdate < '1997-10-01 00:00:00'::timestamp without time zone)), (LLVM Optimized, Jit Execute)", "Rows Removed by Index Recheck": 0, "Exact Heap Blocks": 732487, "Lossy Heap Blocks": 732487, "Plans": [{"Node Type": "Bitmap Index Scan", "Parent Relationship": "Outer", "Index Name": "idx_lineitem_shipdate", "Startup Cost": 0.0, "Total Cost": 77977.46, "Plan Rows": 2266921, "Plan Width": 0, "Actual Startup Time": 892.359, "Actual Total Time": 892.359, "Actual Rows": 2293944, "Actual Loops": 1, "Index Cond": "((l_shipdate >= '1997-07-01 00:00:00'::timestamp(0) without time zone) AND (l_shipdate < '1997-10-01 00:00:00'::timestamp without time zone))"}]}]}]}, {"Node Type": "Index Scan", "Parent Relationship": "Outer", "Scan Direction": "Forward", "Index Name": "supplier_pkey", "Relation Name": "supplier", "Alias": "supplier", "Startup Cost": 0.0, "Total Cost": 5334.54, "Plan Rows": 100000, "Plan Width": 75, "Actual Startup Time": 0.04, "Actual Total Time": 22.499, "Actual Rows": 35977, "Actual Loops": 1}, {"Node Type": "Sort", "Parent Relationship": "Inner", "Startup Cost": 1631906.91, "Total Cost": 1632055.36, "Plan Rows": 59380, "Plan Width": 16, "Actual Startup Time": 11090.65, "Actual Total Time": 11090.651, "Actual Rows": 1, "Actual Loops": 1, "Sort Key": ["revenue0.supplier_no"], "Sort Method": "quicksort", "Sort Space Used": 25, "Sort Space Type": "Memory", "Plans": [{"Node Type": "Subquery Scan", "Parent Relationship": "Outer", "Alias": "revenue0", "Startup Cost": 1625862.71, "Total Cost": 1627198.76, "Plan Rows": 59380, "Plan Width": 16, "Actual Startup Time": 11071.098, "Actual Total Time": 11090.42, "Actual Rows": 1, "Actual Loops": 1, "Plans": [{"Node Type": "Aggregate", "Strategy": "Hashed", "Parent Relationship": "Subquery", "Startup Cost": 1625862.71, "Total Cost": 1626604.96, "Plan Rows": 59380, "Plan Width": 40, "Actual Startup Time": 11071.095, "Actual Total Time": 11090.414, "Actual Rows": 1, "Actual Loops": 1, "Group By Key": ["public.lineitem.l_suppkey"], "Filter": "(sum((public.lineitem.l_extendedprice * (1::double precision - public.lineitem.l_discount))) = $0), (LLVM Optimized, Jit Execute)", "Rows Removed by Filter": 99999, "Plans": [{"Node Type": "Bitmap Heap Scan", "Parent Relationship": "Outer", "Relation Name": "lineitem", "Alias": "lineitem", "Startup Cost": 78544.19, "Total Cost": 1586191.59, "Plan Rows": 2266921, "Plan Width": 24, "Actual Startup Time": 1031.52, "Actual Total Time": 3790.349, "Actual Rows": 2293944, "Actual Loops": 1, "Recheck Cond": "((l_shipdate >= '1997-07-01 00:00:00'::timestamp(0) without time zone) AND (l_shipdate < '1997-10-01 00:00:00'::timestamp without time zone)), (LLVM Optimized, Jit Execute)", "Rows Removed by Index Recheck": 0, "Exact Heap Blocks": 732487, "Lossy Heap Blocks": 732487, "Plans": [{"Node Type": "Bitmap Index Scan", "Parent Relationship": "Outer", "Index Name": "idx_lineitem_shipdate", "Startup Cost": 0.0, "Total Cost": 77977.46, "Plan Rows": 2266921, "Plan Width": 0, "Actual Startup Time": 742.846, "Actual Total Time": 742.846, "Actual Rows": 2293944, "Actual Loops": 1, "Index Cond": "((l_shipdate >= '1997-07-01 00:00:00'::timestamp(0) without time zone) AND (l_shipdate < '1997-10-01 00:00:00'::timestamp without time zone))"}]}]}]}]}]}, "Triggers": [], "Planner Runtime": 0.881, "Total Runtime": 11131.308, "Unique SQL Id": 3712096918}}, "(16, '6')": {"explain_plan": {"Plan": {"Node Type": "Merge Join", "Join Type": "Inner", "Startup Cost": 3253691.59, "Total Cost": 3255082.29, "Plan Rows": 59380, "Plan Width": 83, "Inner Unique": true, "Merge Cond": "(supplier.s_suppkey = revenue0.supplier_no)", "Plans": [{"Node Type": "Aggregate", "Strategy": "Plain", "Parent Relationship": "exec_init_plan", "Subplan Name": "InitPlan 1 (returns $0)", "Startup Cost": 1610196.85, "Total Cost": 1610196.86, "Plan Rows": 1, "Plan Width": 16, "Plans": [{"Node Type": "Aggregate", "Strategy": "Hashed", "Parent Relationship": "Outer", "Startup Cost": 1608860.8, "Total Cost": 1609454.6, "Plan Rows": 59380, "Plan Width": 32, "Group By Key": ["public.lineitem.l_suppkey"], "Plans": [{"Node Type": "Bitmap Heap Scan", "Parent Relationship": "Outer", "Relation Name": "lineitem", "Alias": "lineitem", "Startup Cost": 78544.19, "Total Cost": 1586191.59, "Plan Rows": 2266921, "Plan Width": 24, "Recheck Cond": "((l_shipdate >= '1997-07-01 00:00:00'::timestamp(0) without time zone) AND (l_shipdate < '1997-10-01 00:00:00'::timestamp without time zone)), (LLVM Optimized)", "Plans": [{"Node Type": "Bitmap Index Scan", "Parent Relationship": "Outer", "Index Name": "idx_lineitem_shipdate", "Startup Cost": 0.0, "Total Cost": 77977.46, "Plan Rows": 2266921, "Plan Width": 0, "Index Cond": "((l_shipdate >= '1997-07-01 00:00:00'::timestamp(0) without time zone) AND (l_shipdate < '1997-10-01 00:00:00'::timestamp without time zone))"}]}]}]}, {"Node Type": "Sort", "Parent Relationship": "Outer", "Startup Cost": 11587.82, "Total Cost": 11837.82, "Plan Rows": 100000, "Plan Width": 75, "Sort Key": ["supplier.s_suppkey"], "Plans": [{"Node Type": "Seq Scan", "Parent Relationship": "Outer", "Relation Name": "supplier", "Alias": "supplier", "Startup Cost": 0.0, "Total Cost": 3283.0, "Plan Rows": 100000, "Plan Width": 75}]}, {"Node Type": "Sort", "Parent Relationship": "Inner", "Startup Cost": 1631906.91, "Total Cost": 1632055.36, "Plan Rows": 59380, "Plan Width": 16, "Sort Key": ["revenue0.supplier_no"], "Plans": [{"Node Type": "Subquery Scan", "Parent Relationship": "Outer", "Alias": "revenue0", "Startup Cost": 1625862.71, "Total Cost": 1627198.76, "Plan Rows": 59380, "Plan Width": 16, "Plans": [{"Node Type": "Aggregate", "Strategy": "Hashed", "Parent Relationship": "Subquery", "Startup Cost": 1625862.71, "Total Cost": 1626604.96, "Plan Rows": 59380, "Plan Width": 40, "Group By Key": ["public.lineitem.l_suppkey"], "Filter": "(sum((public.lineitem.l_extendedprice * (1::double precision - public.lineitem.l_discount))) = $0), (LLVM Optimized)", "Plans": [{"Node Type": "Bitmap Heap Scan", "Parent Relationship": "Outer", "Relation Name": "lineitem", "Alias": "lineitem", "Startup Cost": 78544.19, "Total Cost": 1586191.59, "Plan Rows": 2266921, "Plan Width": 24, "Recheck Cond": "((l_shipdate >= '1997-07-01 00:00:00'::timestamp(0) without time zone) AND (l_shipdate < '1997-10-01 00:00:00'::timestamp without time zone)), (LLVM Optimized)", "Plans": [{"Node Type": "Bitmap Index Scan", "Parent Relationship": "Outer", "Index Name": "idx_lineitem_shipdate", "Startup Cost": 0.0, "Total Cost": 77977.46, "Plan Rows": 2266921, "Plan Width": 0, "Index Cond": "((l_shipdate >= '1997-07-01 00:00:00'::timestamp(0) without time zone) AND (l_shipdate < '1997-10-01 00:00:00'::timestamp without time zone))"}]}]}]}]}]}, "Unique SQL Id": 3712096918, "Planner Runtime": 0}, "explain_analyze_plan": {"Plan": {"Node Type": "Merge Join", "Join Type": "Inner", "Startup Cost": 3253691.59, "Total Cost": 3255082.29, "Plan Rows": 59380, "Plan Width": 83, "Actual Startup Time": 11244.454, "Actual Total Time": 11244.66, "Actual Rows": 1, "Actual Loops": 1, "Inner Unique": true, "Merge Cond": "(supplier.s_suppkey = revenue0.supplier_no)", "Plans": [{"Node Type": "Aggregate", "Strategy": "Plain", "Parent Relationship": "exec_init_plan", "Subplan Name": "InitPlan 1 (returns $0)", "Startup Cost": 1610196.85, "Total Cost": 1610196.86, "Plan Rows": 1, "Plan Width": 16, "Actual Startup Time": 5540.475, "Actual Total Time": 5540.475, "Actual Rows": 1, "Actual Loops": 1, "Plans": [{"Node Type": "Aggregate", "Strategy": "Hashed", "Parent Relationship": "Outer", "Startup Cost": 1608860.8, "Total Cost": 1609454.6, "Plan Rows": 59380, "Plan Width": 32, "Actual Startup Time": 5487.76, "Actual Total Time": 5525.414, "Actual Rows": 100000, "Actual Loops": 1, "Group By Key": ["public.lineitem.l_suppkey"], "Plans": [{"Node Type": "Bitmap Heap Scan", "Parent Relationship": "Outer", "Relation Name": "lineitem", "Alias": "lineitem", "Startup Cost": 78544.19, "Total Cost": 1586191.59, "Plan Rows": 2266921, "Plan Width": 24, "Actual Startup Time": 1071.158, "Actual Total Time": 3793.282, "Actual Rows": 2293944, "Actual Loops": 1, "Recheck Cond": "((l_shipdate >= '1997-07-01 00:00:00'::timestamp(0) without time zone) AND (l_shipdate < '1997-10-01 00:00:00'::timestamp without time zone)), (LLVM Optimized, Jit Execute)", "Rows Removed by Index Recheck": 0, "Exact Heap Blocks": 732487, "Lossy Heap Blocks": 732487, "Plans": [{"Node Type": "Bitmap Index Scan", "Parent Relationship": "Outer", "Index Name": "idx_lineitem_shipdate", "Startup Cost": 0.0, "Total Cost": 77977.46, "Plan Rows": 2266921, "Plan Width": 0, "Actual Startup Time": 771.958, "Actual Total Time": 771.958, "Actual Rows": 2293944, "Actual Loops": 1, "Index Cond": "((l_shipdate >= '1997-07-01 00:00:00'::timestamp(0) without time zone) AND (l_shipdate < '1997-10-01 00:00:00'::timestamp without time zone))"}]}]}]}, {"Node Type": "Sort", "Parent Relationship": "Outer", "Startup Cost": 11587.82, "Total Cost": 11837.82, "Plan Rows": 100000, "Plan Width": 75, "Actual Startup Time": 71.958, "Actual Total Time": 76.627, "Actual Rows": 35977, "Actual Loops": 1, "Sort Key": ["supplier.s_suppkey"], "Sort Method": "quicksort", "Sort Space Used": 18698, "Sort Space Type": "Memory", "Plans": [{"Node Type": "Seq Scan", "Parent Relationship": "Outer", "Relation Name": "supplier", "Alias": "supplier", "Startup Cost": 0.0, "Total Cost": 3283.0, "Plan Rows": 100000, "Plan Width": 75, "Actual Startup Time": 0.03, "Actual Total Time": 35.522, "Actual Rows": 100000, "Actual Loops": 1}]}, {"Node Type": "Sort", "Parent Relationship": "Inner", "Startup Cost": 1631906.91, "Total Cost": 1632055.36, "Plan Rows": 59380, "Plan Width": 16, "Actual Startup Time": 11162.59, "Actual Total Time": 11162.59, "Actual Rows": 1, "Actual Loops": 1, "Sort Key": ["revenue0.supplier_no"], "Sort Method": "quicksort", "Sort Space Used": 25, "Sort Space Type": "Memory", "Plans": [{"Node Type": "Subquery Scan", "Parent Relationship": "Outer", "Alias": "revenue0", "Startup Cost": 1625862.71, "Total Cost": 1627198.76, "Plan Rows": 59380, "Plan Width": 16, "Actual Startup Time": 11143.388, "Actual Total Time": 11162.34, "Actual Rows": 1, "Actual Loops": 1, "Plans": [{"Node Type": "Aggregate", "Strategy": "Hashed", "Parent Relationship": "Subquery", "Startup Cost": 1625862.71, "Total Cost": 1626604.96, "Plan Rows": 59380, "Plan Width": 40, "Actual Startup Time": 11143.385, "Actual Total Time": 11162.334, "Actual Rows": 1, "Actual Loops": 1, "Group By Key": ["public.lineitem.l_suppkey"], "Filter": "(sum((public.lineitem.l_extendedprice * (1::double precision - public.lineitem.l_discount))) = $0), (LLVM Optimized, Jit Execute)", "Rows Removed by Filter": 99999, "Plans": [{"Node Type": "Bitmap Heap Scan", "Parent Relationship": "Outer", "Relation Name": "lineitem", "Alias": "lineitem", "Startup Cost": 78544.19, "Total Cost": 1586191.59, "Plan Rows": 2266921, "Plan Width": 24, "Actual Startup Time": 1145.015, "Actual Total Time": 3998.398, "Actual Rows": 2293944, "Actual Loops": 1, "Recheck Cond": "((l_shipdate >= '1997-07-01 00:00:00'::timestamp(0) without time zone) AND (l_shipdate < '1997-10-01 00:00:00'::timestamp without time zone)), (LLVM Optimized, Jit Execute)", "Rows Removed by Index Recheck": 0, "Exact Heap Blocks": 732487, "Lossy Heap Blocks": 732487, "Plans": [{"Node Type": "Bitmap Index Scan", "Parent Relationship": "Outer", "Index Name": "idx_lineitem_shipdate", "Startup Cost": 0.0, "Total Cost": 77977.46, "Plan Rows": 2266921, "Plan Width": 0, "Actual Startup Time": 789.761, "Actual Total Time": 789.761, "Actual Rows": 2293944, "Actual Loops": 1, "Index Cond": "((l_shipdate >= '1997-07-01 00:00:00'::timestamp(0) without time zone) AND (l_shipdate < '1997-10-01 00:00:00'::timestamp without time zone))"}]}]}]}]}]}, "Triggers": [], "Planner Runtime": 0.873, "Total Runtime": 11257.671, "Unique SQL Id": 3712096918}}, "(16, '7')": {"explain_plan": {"Plan": {"Node Type": "Sort", "Startup Cost": 3497813.02, "Total Cost": 3497961.47, "Plan Rows": 59380, "Plan Width": 83, "Sort Key": ["supplier.s_suppkey"], "Plans": [{"Node Type": "Aggregate", "Strategy": "Plain", "Parent Relationship": "exec_init_plan", "Subplan Name": "InitPlan 1 (returns $0)", "Startup Cost": 1610196.85, "Total Cost": 1610196.86, "Plan Rows": 1, "Plan Width": 16, "Plans": [{"Node Type": "Aggregate", "Strategy": "Hashed", "Parent Relationship": "Outer", "Startup Cost": 1608860.8, "Total Cost": 1609454.6, "Plan Rows": 59380, "Plan Width": 32, "Group By Key": ["public.lineitem.l_suppkey"], "Plans": [{"Node Type": "Bitmap Heap Scan", "Parent Relationship": "Outer", "Relation Name": "lineitem", "Alias": "lineitem", "Startup Cost": 78544.19, "Total Cost": 1586191.59, "Plan Rows": 2266921, "Plan Width": 24, "Recheck Cond": "((l_shipdate >= '1997-07-01 00:00:00'::timestamp(0) without time zone) AND (l_shipdate < '1997-10-01 00:00:00'::timestamp without time zone)), (LLVM Optimized)", "Plans": [{"Node Type": "Bitmap Index Scan", "Parent Relationship": "Outer", "Index Name": "idx_lineitem_shipdate", "Startup Cost": 0.0, "Total Cost": 77977.46, "Plan Rows": 2266921, "Plan Width": 0, "Index Cond": "((l_shipdate >= '1997-07-01 00:00:00'::timestamp(0) without time zone) AND (l_shipdate < '1997-10-01 00:00:00'::timestamp without time zone))"}]}]}]}, {"Node Type": "Nested Loop", "Parent Relationship": "Outer", "Join Type": "Inner", "Startup Cost": 1625863.0, "Total Cost": 1882908.01, "Plan Rows": 59380, "Plan Width": 83, "Inner Unique": true, "Plans": [{"Node Type": "Aggregate", "Strategy": "Hashed", "Parent Relationship": "Outer", "Startup Cost": 1625862.71, "Total Cost": 1626604.96, "Plan Rows": 59380, "Plan Width": 40, "Group By Key": ["public.lineitem.l_suppkey"], "Filter": "(sum((public.lineitem.l_extendedprice * (1::double precision - public.lineitem.l_discount))) = $0), (LLVM Optimized)", "Plans": [{"Node Type": "Bitmap Heap Scan", "Parent Relationship": "Outer", "Relation Name": "lineitem", "Alias": "lineitem", "Startup Cost": 78544.19, "Total Cost": 1586191.59, "Plan Rows": 2266921, "Plan Width": 24, "Recheck Cond": "((l_shipdate >= '1997-07-01 00:00:00'::timestamp(0) without time zone) AND (l_shipdate < '1997-10-01 00:00:00'::timestamp without time zone)), (LLVM Optimized)", "Plans": [{"Node Type": "Bitmap Index Scan", "Parent Relationship": "Outer", "Index Name": "idx_lineitem_shipdate", "Startup Cost": 0.0, "Total Cost": 77977.46, "Plan Rows": 2266921, "Plan Width": 0, "Index Cond": "((l_shipdate >= '1997-07-01 00:00:00'::timestamp(0) without time zone) AND (l_shipdate < '1997-10-01 00:00:00'::timestamp without time zone))"}]}]}, {"Node Type": "Bitmap Heap Scan", "Parent Relationship": "Inner", "Relation Name": "supplier", "Alias": "supplier", "Startup Cost": 0.28, "Total Cost": 4.3, "Plan Rows": 1, "Plan Width": 75, "Recheck Cond": "(s_suppkey = public.lineitem.l_suppkey)", "Plans": [{"Node Type": "Bitmap Index Scan", "Parent Relationship": "Outer", "Index Name": "supplier_pkey", "Startup Cost": 0.0, "Total Cost": 0.28, "Plan Rows": 1, "Plan Width": 0, "Index Cond": "(s_suppkey = public.lineitem.l_suppkey)"}]}]}]}, "Unique SQL Id": 3712096918, "Planner Runtime": 0}, "explain_analyze_plan": {"Plan": {"Node Type": "Sort", "Startup Cost": 3497813.02, "Total Cost": 3497961.47, "Plan Rows": 59380, "Plan Width": 83, "Actual Startup Time": 11241.876, "Actual Total Time": 11241.876, "Actual Rows": 1, "Actual Loops": 1, "Sort Key": ["supplier.s_suppkey"], "Sort Method": "quicksort", "Sort Space Used": 25, "Sort Space Type": "Memory", "Plans": [{"Node Type": "Aggregate", "Strategy": "Plain", "Parent Relationship": "exec_init_plan", "Subplan Name": "InitPlan 1 (returns $0)", "Startup Cost": 1610196.85, "Total Cost": 1610196.86, "Plan Rows": 1, "Plan Width": 16, "Actual Startup Time": 5464.823, "Actual Total Time": 5464.823, "Actual Rows": 1, "Actual Loops": 1, "Plans": [{"Node Type": "Aggregate", "Strategy": "Hashed", "Parent Relationship": "Outer", "Startup Cost": 1608860.8, "Total Cost": 1609454.6, "Plan Rows": 59380, "Plan Width": 32, "Actual Startup Time": 5414.615, "Actual Total Time": 5449.751, "Actual Rows": 100000, "Actual Loops": 1, "Group By Key": ["public.lineitem.l_suppkey"], "Plans": [{"Node Type": "Bitmap Heap Scan", "Parent Relationship": "Outer", "Relation Name": "lineitem", "Alias": "lineitem", "Startup Cost": 78544.19, "Total Cost": 1586191.59, "Plan Rows": 2266921, "Plan Width": 24, "Actual Startup Time": 1070.692, "Actual Total Time": 3752.897, "Actual Rows": 2293944, "Actual Loops": 1, "Recheck Cond": "((l_shipdate >= '1997-07-01 00:00:00'::timestamp(0) without time zone) AND (l_shipdate < '1997-10-01 00:00:00'::timestamp without time zone)), (LLVM Optimized, Jit Execute)", "Rows Removed by Index Recheck": 0, "Exact Heap Blocks": 732487, "Lossy Heap Blocks": 732487, "Plans": [{"Node Type": "Bitmap Index Scan", "Parent Relationship": "Outer", "Index Name": "idx_lineitem_shipdate", "Startup Cost": 0.0, "Total Cost": 77977.46, "Plan Rows": 2266921, "Plan Width": 0, "Actual Startup Time": 784.899, "Actual Total Time": 784.899, "Actual Rows": 2293944, "Actual Loops": 1, "Index Cond": "((l_shipdate >= '1997-07-01 00:00:00'::timestamp(0) without time zone) AND (l_shipdate < '1997-10-01 00:00:00'::timestamp without time zone))"}]}]}]}, {"Node Type": "Nested Loop", "Parent Relationship": "Outer", "Join Type": "Inner", "Startup Cost": 1625863.0, "Total Cost": 1882908.01, "Plan Rows": 59380, "Plan Width": 83, "Actual Startup Time": 11222.658, "Actual Total Time": 11241.85, "Actual Rows": 1, "Actual Loops": 1, "Inner Unique": true, "Plans": [{"Node Type": "Aggregate", "Strategy": "Hashed", "Parent Relationship": "Outer", "Startup Cost": 1625862.71, "Total Cost": 1626604.96, "Plan Rows": 59380, "Plan Width": 40, "Actual Startup Time": 11222.535, "Actual Total Time": 11241.516, "Actual Rows": 1, "Actual Loops": 1, "Group By Key": ["public.lineitem.l_suppkey"], "Filter": "(sum((public.lineitem.l_extendedprice * (1::double precision - public.lineitem.l_discount))) = $0), (LLVM Optimized, Jit Execute)", "Rows Removed by Filter": 99999, "Plans": [{"Node Type": "Bitmap Heap Scan", "Parent Relationship": "Outer", "Relation Name": "lineitem", "Alias": "lineitem", "Startup Cost": 78544.19, "Total Cost": 1586191.59, "Plan Rows": 2266921, "Plan Width": 24, "Actual Startup Time": 1227.767, "Actual Total Time": 4076.427, "Actual Rows": 2293944, "Actual Loops": 1, "Recheck Cond": "((l_shipdate >= '1997-07-01 00:00:00'::timestamp(0) without time zone) AND (l_shipdate < '1997-10-01 00:00:00'::timestamp without time zone)), (LLVM Optimized, Jit Execute)", "Rows Removed by Index Recheck": 0, "Exact Heap Blocks": 732487, "Lossy Heap Blocks": 732487, "Plans": [{"Node Type": "Bitmap Index Scan", "Parent Relationship": "Outer", "Index Name": "idx_lineitem_shipdate", "Startup Cost": 0.0, "Total Cost": 77977.46, "Plan Rows": 2266921, "Plan Width": 0, "Actual Startup Time": 872.627, "Actual Total Time": 872.627, "Actual Rows": 2293944, "Actual Loops": 1, "Index Cond": "((l_shipdate >= '1997-07-01 00:00:00'::timestamp(0) without time zone) AND (l_shipdate < '1997-10-01 00:00:00'::timestamp without time zone))"}]}]}, {"Node Type": "Bitmap Heap Scan", "Parent Relationship": "Inner", "Relation Name": "supplier", "Alias": "supplier", "Startup Cost": 0.28, "Total Cost": 4.3, "Plan Rows": 1, "Plan Width": 75, "Actual Startup Time": 0.098, "Actual Total Time": 0.098, "Actual Rows": 1, "Actual Loops": 1, "Recheck Cond": "(s_suppkey = public.lineitem.l_suppkey)", "Rows Removed by Index Recheck": 0, "Exact Heap Blocks": 1, "Lossy Heap Blocks": 1, "Plans": [{"Node Type": "Bitmap Index Scan", "Parent Relationship": "Outer", "Index Name": "supplier_pkey", "Startup Cost": 0.0, "Total Cost": 0.28, "Plan Rows": 1, "Plan Width": 0, "Actual Startup Time": 0.039, "Actual Total Time": 0.039, "Actual Rows": 1, "Actual Loops": 1, "Index Cond": "(s_suppkey = public.lineitem.l_suppkey)"}]}]}]}, "Triggers": [], "Planner Runtime": 0.877, "Total Runtime": 11254.72, "Unique SQL Id": 3712096918}}, "(16, '8')": {"explain_plan": {"Plan": {"Node Type": "Merge Join", "Join Type": "Inner", "Startup Cost": 4699821.58, "Total Cost": 4706296.82, "Plan Rows": 59380, "Plan Width": 83, "Inner Unique": true, "Merge Cond": "(supplier.s_suppkey = revenue0.supplier_no)", "Plans": [{"Node Type": "Aggregate", "Strategy": "Plain", "Parent Relationship": "exec_init_plan", "Subplan Name": "InitPlan 1 (returns $0)", "Startup Cost": 2339055.76, "Total Cost": 2339055.77, "Plan Rows": 1, "Plan Width": 16, "Plans": [{"Node Type": "Aggregate", "Strategy": "Hashed", "Parent Relationship": "Outer", "Startup Cost": 2337719.71, "Total Cost": 2338313.51, "Plan Rows": 59380, "Plan Width": 32, "Group By Key": ["public.lineitem.l_suppkey"], "Plans": [{"Node Type": "Seq Scan", "Parent Relationship": "Outer", "Relation Name": "lineitem", "Alias": "lineitem", "Startup Cost": 25.28, "Total Cost": 2315050.5, "Plan Rows": 2266921, "Plan Width": 24, "Filter": "((l_shipdate >= '1997-07-01 00:00:00'::timestamp(0) without time zone) AND (l_shipdate < '1997-10-01 00:00:00'::timestamp without time zone)), (LLVM Optimized)"}]}]}, {"Node Type": "Index Scan", "Parent Relationship": "Outer", "Scan Direction": "Forward", "Index Name": "supplier_pkey", "Relation Name": "supplier", "Alias": "supplier", "Startup Cost": 0.0, "Total Cost": 5334.54, "Plan Rows": 100000, "Plan Width": 75}, {"Node Type": "Sort", "Parent Relationship": "Inner", "Startup Cost": 2360765.81, "Total Cost": 2360914.26, "Plan Rows": 59380, "Plan Width": 16, "Sort Key": ["revenue0.supplier_no"], "Plans": [{"Node Type": "Subquery Scan", "Parent Relationship": "Outer", "Alias": "revenue0", "Startup Cost": 2354721.61, "Total Cost": 2356057.66, "Plan Rows": 59380, "Plan Width": 16, "Plans": [{"Node Type": "Aggregate", "Strategy": "Hashed", "Parent Relationship": "Subquery", "Startup Cost": 2354721.61, "Total Cost": 2355463.86, "Plan Rows": 59380, "Plan Width": 40, "Group By Key": ["public.lineitem.l_suppkey"], "Filter": "(sum((public.lineitem.l_extendedprice * (1::double precision - public.lineitem.l_discount))) = $0), (LLVM Optimized)", "Plans": [{"Node Type": "Seq Scan", "Parent Relationship": "Outer", "Relation Name": "lineitem", "Alias": "lineitem", "Startup Cost": 25.28, "Total Cost": 2315050.5, "Plan Rows": 2266921, "Plan Width": 24, "Filter": "((l_shipdate >= '1997-07-01 00:00:00'::timestamp(0) without time zone) AND (l_shipdate < '1997-10-01 00:00:00'::timestamp without time zone)), (LLVM Optimized)"}]}]}]}]}, "Unique SQL Id": 3712096918, "Planner Runtime": 0}, "explain_analyze_plan": null}, "(16, '9')": {"explain_plan": {"Plan": {"Node Type": "Merge Join", "Join Type": "Inner", "Startup Cost": 10341221.9, "Total Cost": 10347697.14, "Plan Rows": 59380, "Plan Width": 83, "Inner Unique": true, "Merge Cond": "(supplier.s_suppkey = revenue0.supplier_no)", "Plans": [{"Node Type": "Aggregate", "Strategy": "Plain", "Parent Relationship": "exec_init_plan", "Subplan Name": "InitPlan 1 (returns $0)", "Startup Cost": 5159755.92, "Total Cost": 5159755.93, "Plan Rows": 1, "Plan Width": 16, "Plans": [{"Node Type": "Aggregate", "Strategy": "Hashed", "Parent Relationship": "Outer", "Startup Cost": 5158419.87, "Total Cost": 5159013.67, "Plan Rows": 59380, "Plan Width": 32, "Group By Key": ["public.lineitem.l_suppkey"], "Plans": [{"Node Type": "Index Scan", "Parent Relationship": "Outer", "Scan Direction": "Forward", "Index Name": "idx_lineitem_shipdate", "Relation Name": "lineitem", "Alias": "lineitem", "Startup Cost": 0.0, "Total Cost": 5135750.66, "Plan Rows": 2266921, "Plan Width": 24, "Index Cond": "((l_shipdate >= '1997-07-01 00:00:00'::timestamp(0) without time zone) AND (l_shipdate < '1997-10-01 00:00:00'::timestamp without time zone)), (LLVM Optimized)"}]}]}, {"Node Type": "Index Scan", "Parent Relationship": "Outer", "Scan Direction": "Forward", "Index Name": "supplier_pkey", "Relation Name": "supplier", "Alias": "supplier", "Startup Cost": 0.0, "Total Cost": 5334.54, "Plan Rows": 100000, "Plan Width": 75}, {"Node Type": "Sort", "Parent Relationship": "Inner", "Startup Cost": 5181465.97, "Total Cost": 5181614.42, "Plan Rows": 59380, "Plan Width": 16, "Sort Key": ["revenue0.supplier_no"], "Plans": [{"Node Type": "Subquery Scan", "Parent Relationship": "Outer", "Alias": "revenue0", "Startup Cost": 5175421.77, "Total Cost": 5176757.82, "Plan Rows": 59380, "Plan Width": 16, "Plans": [{"Node Type": "Aggregate", "Strategy": "Hashed", "Parent Relationship": "Subquery", "Startup Cost": 5175421.77, "Total Cost": 5176164.02, "Plan Rows": 59380, "Plan Width": 40, "Group By Key": ["public.lineitem.l_suppkey"], "Filter": "(sum((public.lineitem.l_extendedprice * (1::double precision - public.lineitem.l_discount))) = $0), (LLVM Optimized)", "Plans": [{"Node Type": "Index Scan", "Parent Relationship": "Outer", "Scan Direction": "Forward", "Index Name": "idx_lineitem_shipdate", "Relation Name": "lineitem", "Alias": "lineitem", "Startup Cost": 0.0, "Total Cost": 5135750.66, "Plan Rows": 2266921, "Plan Width": 24, "Index Cond": "((l_shipdate >= '1997-07-01 00:00:00'::timestamp(0) without time zone) AND (l_shipdate < '1997-10-01 00:00:00'::timestamp without time zone)), (LLVM Optimized)"}]}]}]}]}, "Unique SQL Id": 3712096918, "Planner Runtime": 1}, "explain_analyze_plan": {"Plan": {"Node Type": "Merge Join", "Join Type": "Inner", "Startup Cost": 10341221.9, "Total Cost": 10347697.14, "Plan Rows": 59380, "Plan Width": 83, "Actual Startup Time": 15929.389, "Actual Total Time": 15929.399, "Actual Rows": 1, "Actual Loops": 1, "Inner Unique": true, "Merge Cond": "(supplier.s_suppkey = revenue0.supplier_no)", "Plans": [{"Node Type": "Aggregate", "Strategy": "Plain", "Parent Relationship": "exec_init_plan", "Subplan Name": "InitPlan 1 (returns $0)", "Startup Cost": 5159755.92, "Total Cost": 5159755.93, "Plan Rows": 1, "Plan Width": 16, "Actual Startup Time": 7904.524, "Actual Total Time": 7904.525, "Actual Rows": 1, "Actual Loops": 1, "Plans": [{"Node Type": "Aggregate", "Strategy": "Hashed", "Parent Relationship": "Outer", "Startup Cost": 5158419.87, "Total Cost": 5159013.67, "Plan Rows": 59380, "Plan Width": 32, "Actual Startup Time": 7850.004, "Actual Total Time": 7889.514, "Actual Rows": 100000, "Actual Loops": 1, "Group By Key": ["public.lineitem.l_suppkey"], "Plans": [{"Node Type": "Index Scan", "Parent Relationship": "Outer", "Scan Direction": "Forward", "Index Name": "idx_lineitem_shipdate", "Relation Name": "lineitem", "Alias": "lineitem", "Startup Cost": 0.0, "Total Cost": 5135750.66, "Plan Rows": 2266921, "Plan Width": 24, "Actual Startup Time": 0.093, "Actual Total Time": 5864.917, "Actual Rows": 2293944, "Actual Loops": 1, "Index Cond": "((l_shipdate >= '1997-07-01 00:00:00'::timestamp(0) without time zone) AND (l_shipdate < '1997-10-01 00:00:00'::timestamp without time zone)), (LLVM Optimized, Jit Execute)", "Rows Removed by Index Recheck": 0}]}]}, {"Node Type": "Index Scan", "Parent Relationship": "Outer", "Scan Direction": "Forward", "Index Name": "supplier_pkey", "Relation Name": "supplier", "Alias": "supplier", "Startup Cost": 0.0, "Total Cost": 5334.54, "Plan Rows": 100000, "Plan Width": 75, "Actual Startup Time": 0.043, "Actual Total Time": 22.323, "Actual Rows": 35977, "Actual Loops": 1}, {"Node Type": "Sort", "Parent Relationship": "Inner", "Startup Cost": 5181465.97, "Total Cost": 5181614.42, "Plan Rows": 59380, "Plan Width": 16, "Actual Startup Time": 15901.97, "Actual Total Time": 15901.971, "Actual Rows": 1, "Actual Loops": 1, "Sort Key": ["revenue0.supplier_no"], "Sort Method": "quicksort", "Sort Space Used": 25, "Sort Space Type": "Memory", "Plans": [{"Node Type": "Subquery Scan", "Parent Relationship": "Outer", "Alias": "revenue0", "Startup Cost": 5175421.77, "Total Cost": 5176757.82, "Plan Rows": 59380, "Plan Width": 16, "Actual Startup Time": 15883.247, "Actual Total Time": 15901.748, "Actual Rows": 1, "Actual Loops": 1, "Plans": [{"Node Type": "Aggregate", "Strategy": "Hashed", "Parent Relationship": "Subquery", "Startup Cost": 5175421.77, "Total Cost": 5176164.02, "Plan Rows": 59380, "Plan Width": 40, "Actual Startup Time": 15883.245, "Actual Total Time": 15901.744, "Actual Rows": 1, "Actual Loops": 1, "Group By Key": ["public.lineitem.l_suppkey"], "Filter": "(sum((public.lineitem.l_extendedprice * (1::double precision - public.lineitem.l_discount))) = $0), (LLVM Optimized, Jit Execute)", "Rows Removed by Filter": 99999, "Plans": [{"Node Type": "Index Scan", "Parent Relationship": "Outer", "Scan Direction": "Forward", "Index Name": "idx_lineitem_shipdate", "Relation Name": "lineitem", "Alias": "lineitem", "Startup Cost": 0.0, "Total Cost": 5135750.66, "Plan Rows": 2266921, "Plan Width": 24, "Actual Startup Time": 0.046, "Actual Total Time": 5918.312, "Actual Rows": 2293944, "Actual Loops": 1, "Index Cond": "((l_shipdate >= '1997-07-01 00:00:00'::timestamp(0) without time zone) AND (l_shipdate < '1997-10-01 00:00:00'::timestamp without time zone)), (LLVM Optimized, Jit Execute)", "Rows Removed by Index Recheck": 0}]}]}]}]}, "Triggers": [], "Planner Runtime": 0.924, "Total Runtime": 15940.792, "Unique SQL Id": 3712096918}}, "(16, '10')": {"explain_plan": {"Plan": {"Node Type": "Merge Join", "Join Type": "Inner", "Startup Cost": 4711409.4, "Total Cost": 4712800.1, "Plan Rows": 59380, "Plan Width": 83, "Inner Unique": true, "Merge Cond": "(supplier.s_suppkey = revenue0.supplier_no)", "Plans": [{"Node Type": "Aggregate", "Strategy": "Plain", "Parent Relationship": "exec_init_plan", "Subplan Name": "InitPlan 1 (returns $0)", "Startup Cost": 2339055.76, "Total Cost": 2339055.77, "Plan Rows": 1, "Plan Width": 16, "Plans": [{"Node Type": "Aggregate", "Strategy": "Hashed", "Parent Relationship": "Outer", "Startup Cost": 2337719.71, "Total Cost": 2338313.51, "Plan Rows": 59380, "Plan Width": 32, "Group By Key": ["public.lineitem.l_suppkey"], "Plans": [{"Node Type": "Seq Scan", "Parent Relationship": "Outer", "Relation Name": "lineitem", "Alias": "lineitem", "Startup Cost": 25.28, "Total Cost": 2315050.5, "Plan Rows": 2266921, "Plan Width": 24, "Filter": "((l_shipdate >= '1997-07-01 00:00:00'::timestamp(0) without time zone) AND (l_shipdate < '1997-10-01 00:00:00'::timestamp without time zone)), (LLVM Optimized)"}]}]}, {"Node Type": "Sort", "Parent Relationship": "Outer", "Startup Cost": 11587.82, "Total Cost": 11837.82, "Plan Rows": 100000, "Plan Width": 75, "Sort Key": ["supplier.s_suppkey"], "Plans": [{"Node Type": "Seq Scan", "Parent Relationship": "Outer", "Relation Name": "supplier", "Alias": "supplier", "Startup Cost": 0.0, "Total Cost": 3283.0, "Plan Rows": 100000, "Plan Width": 75}]}, {"Node Type": "Sort", "Parent Relationship": "Inner", "Startup Cost": 2360765.81, "Total Cost": 2360914.26, "Plan Rows": 59380, "Plan Width": 16, "Sort Key": ["revenue0.supplier_no"], "Plans": [{"Node Type": "Subquery Scan", "Parent Relationship": "Outer", "Alias": "revenue0", "Startup Cost": 2354721.61, "Total Cost": 2356057.66, "Plan Rows": 59380, "Plan Width": 16, "Plans": [{"Node Type": "Aggregate", "Strategy": "Hashed", "Parent Relationship": "Subquery", "Startup Cost": 2354721.61, "Total Cost": 2355463.86, "Plan Rows": 59380, "Plan Width": 40, "Group By Key": ["public.lineitem.l_suppkey"], "Filter": "(sum((public.lineitem.l_extendedprice * (1::double precision - public.lineitem.l_discount))) = $0), (LLVM Optimized)", "Plans": [{"Node Type": "Seq Scan", "Parent Relationship": "Outer", "Relation Name": "lineitem", "Alias": "lineitem", "Startup Cost": 25.28, "Total Cost": 2315050.5, "Plan Rows": 2266921, "Plan Width": 24, "Filter": "((l_shipdate >= '1997-07-01 00:00:00'::timestamp(0) without time zone) AND (l_shipdate < '1997-10-01 00:00:00'::timestamp without time zone)), (LLVM Optimized)"}]}]}]}]}, "Unique SQL Id": 3712096918, "Planner Runtime": 1}, "explain_analyze_plan": null}, "(16, '11')": {"explain_plan": {"Plan": {"Node Type": "Merge Join", "Join Type": "Inner", "Startup Cost": 2010463079819.59, "Total Cost": 3000463614414.67, "Plan Rows": 59380, "Plan Width": 83, "Inner Unique": true, "Merge Cond": "(supplier.s_suppkey = revenue0.supplier_no)", "Plans": [{"Node Type": "Aggregate", "Strategy": "Plain", "Parent Relationship": "exec_init_plan", "Subplan Name": "InitPlan 1 (returns $0)", "Startup Cost": 1000231529054.76, "Total Cost": 1000231529054.77, "Plan Rows": 1, "Plan Width": 16, "Plans": [{"Node Type": "Aggregate", "Strategy": "Hashed", "Parent Relationship": "Outer", "Startup Cost": 1000231527718.71, "Total Cost": 1000231528312.51, "Plan Rows": 59380, "Plan Width": 32, "Group By Key": ["public.lineitem.l_suppkey"], "Plans": [{"Node Type": "Seq Scan", "Parent Relationship": "Outer", "Relation Name": "lineitem", "Alias": "lineitem", "Startup Cost": 10000000025.02, "Total Cost": 1000231505049.5, "Plan Rows": 2266921, "Plan Width": 24, "Filter": "((l_shipdate >= '1997-07-01 00:00:00'::timestamp(0) without time zone) AND (l_shipdate < '1997-10-01 00:00:00'::timestamp without time zone)), (LLVM Optimized)"}]}]}, {"Node Type": "Index Scan", "Parent Relationship": "Outer", "Scan Direction": "Forward", "Index Name": "supplier_pkey", "Relation Name": "supplier", "Alias": "supplier", "Startup Cost": 10000000000.0, "Total Cost": 1000000533454.38, "Plan Rows": 100000, "Plan Width": 75}, {"Node Type": "Sort", "Parent Relationship": "Inner", "Startup Cost": 1000231550764.82, "Total Cost": 1000231550913.27, "Plan Rows": 59380, "Plan Width": 16, "Sort Key": ["revenue0.supplier_no"], "Plans": [{"Node Type": "Subquery Scan", "Parent Relationship": "Outer", "Alias": "revenue0", "Startup Cost": 1000231544720.62, "Total Cost": 1000231546056.67, "Plan Rows": 59380, "Plan Width": 16, "Plans": [{"Node Type": "Aggregate", "Strategy": "Hashed", "Parent Relationship": "Subquery", "Startup Cost": 1000231544720.62, "Total Cost": 1000231545462.87, "Plan Rows": 59380, "Plan Width": 40, "Group By Key": ["public.lineitem.l_suppkey"], "Filter": "(sum((public.lineitem.l_extendedprice * (1::double precision - public.lineitem.l_discount))) = $0), (LLVM Optimized)", "Plans": [{"Node Type": "Seq Scan", "Parent Relationship": "Outer", "Relation Name": "lineitem", "Alias": "lineitem", "Startup Cost": 10000000025.02, "Total Cost": 1000231505049.5, "Plan Rows": 2266921, "Plan Width": 24, "Filter": "((l_shipdate >= '1997-07-01 00:00:00'::timestamp(0) without time zone) AND (l_shipdate < '1997-10-01 00:00:00'::timestamp without time zone)), (LLVM Optimized)"}]}]}]}]}, "Unique SQL Id": 3712096918, "Planner Runtime": 1}, "explain_analyze_plan": null}, "(16, '12')": {"explain_plan": {"Plan": {"Node Type": "Merge Join", "Join Type": "Inner", "Startup Cost": 4699821.58, "Total Cost": 4706296.82, "Plan Rows": 59380, "Plan Width": 83, "Inner Unique": true, "Merge Cond": "(supplier.s_suppkey = revenue0.supplier_no)", "Plans": [{"Node Type": "Aggregate", "Strategy": "Plain", "Parent Relationship": "exec_init_plan", "Subplan Name": "InitPlan 1 (returns $0)", "Startup Cost": 2339055.76, "Total Cost": 2339055.77, "Plan Rows": 1, "Plan Width": 16, "Plans": [{"Node Type": "Aggregate", "Strategy": "Hashed", "Parent Relationship": "Outer", "Startup Cost": 2337719.71, "Total Cost": 2338313.51, "Plan Rows": 59380, "Plan Width": 32, "Group By Key": ["public.lineitem.l_suppkey"], "Plans": [{"Node Type": "Seq Scan", "Parent Relationship": "Outer", "Relation Name": "lineitem", "Alias": "lineitem", "Startup Cost": 25.28, "Total Cost": 2315050.5, "Plan Rows": 2266921, "Plan Width": 24, "Filter": "((l_shipdate >= '1997-07-01 00:00:00'::timestamp(0) without time zone) AND (l_shipdate < '1997-10-01 00:00:00'::timestamp without time zone)), (LLVM Optimized)"}]}]}, {"Node Type": "Index Scan", "Parent Relationship": "Outer", "Scan Direction": "Forward", "Index Name": "supplier_pkey", "Relation Name": "supplier", "Alias": "supplier", "Startup Cost": 0.0, "Total Cost": 5334.54, "Plan Rows": 100000, "Plan Width": 75}, {"Node Type": "Sort", "Parent Relationship": "Inner", "Startup Cost": 2360765.81, "Total Cost": 2360914.26, "Plan Rows": 59380, "Plan Width": 16, "Sort Key": ["revenue0.supplier_no"], "Plans": [{"Node Type": "Subquery Scan", "Parent Relationship": "Outer", "Alias": "revenue0", "Startup Cost": 2354721.61, "Total Cost": 2356057.66, "Plan Rows": 59380, "Plan Width": 16, "Plans": [{"Node Type": "Aggregate", "Strategy": "Hashed", "Parent Relationship": "Subquery", "Startup Cost": 2354721.61, "Total Cost": 2355463.86, "Plan Rows": 59380, "Plan Width": 40, "Group By Key": ["public.lineitem.l_suppkey"], "Filter": "(sum((public.lineitem.l_extendedprice * (1::double precision - public.lineitem.l_discount))) = $0), (LLVM Optimized)", "Plans": [{"Node Type": "Seq Scan", "Parent Relationship": "Outer", "Relation Name": "lineitem", "Alias": "lineitem", "Startup Cost": 25.28, "Total Cost": 2315050.5, "Plan Rows": 2266921, "Plan Width": 24, "Filter": "((l_shipdate >= '1997-07-01 00:00:00'::timestamp(0) without time zone) AND (l_shipdate < '1997-10-01 00:00:00'::timestamp without time zone)), (LLVM Optimized)"}]}]}]}]}, "Unique SQL Id": 3712096918, "Planner Runtime": 1}, "explain_analyze_plan": null}, "(16, '13')": {"explain_plan": {"Plan": {"Node Type": "Merge Join", "Join Type": "Inner", "Startup Cost": 10341221.9, "Total Cost": 10347697.14, "Plan Rows": 59380, "Plan Width": 83, "Inner Unique": true, "Merge Cond": "(supplier.s_suppkey = revenue0.supplier_no)", "Plans": [{"Node Type": "Aggregate", "Strategy": "Plain", "Parent Relationship": "exec_init_plan", "Subplan Name": "InitPlan 1 (returns $0)", "Startup Cost": 5159755.92, "Total Cost": 5159755.93, "Plan Rows": 1, "Plan Width": 16, "Plans": [{"Node Type": "Aggregate", "Strategy": "Hashed", "Parent Relationship": "Outer", "Startup Cost": 5158419.87, "Total Cost": 5159013.67, "Plan Rows": 59380, "Plan Width": 32, "Group By Key": ["public.lineitem.l_suppkey"], "Plans": [{"Node Type": "Index Scan", "Parent Relationship": "Outer", "Scan Direction": "Forward", "Index Name": "idx_lineitem_shipdate", "Relation Name": "lineitem", "Alias": "lineitem", "Startup Cost": 0.0, "Total Cost": 5135750.66, "Plan Rows": 2266921, "Plan Width": 24, "Index Cond": "((l_shipdate >= '1997-07-01 00:00:00'::timestamp(0) without time zone) AND (l_shipdate < '1997-10-01 00:00:00'::timestamp without time zone)), (LLVM Optimized)"}]}]}, {"Node Type": "Index Scan", "Parent Relationship": "Outer", "Scan Direction": "Forward", "Index Name": "supplier_pkey", "Relation Name": "supplier", "Alias": "supplier", "Startup Cost": 0.0, "Total Cost": 5334.54, "Plan Rows": 100000, "Plan Width": 75}, {"Node Type": "Sort", "Parent Relationship": "Inner", "Startup Cost": 5181465.97, "Total Cost": 5181614.42, "Plan Rows": 59380, "Plan Width": 16, "Sort Key": ["revenue0.supplier_no"], "Plans": [{"Node Type": "Subquery Scan", "Parent Relationship": "Outer", "Alias": "revenue0", "Startup Cost": 5175421.77, "Total Cost": 5176757.82, "Plan Rows": 59380, "Plan Width": 16, "Plans": [{"Node Type": "Aggregate", "Strategy": "Hashed", "Parent Relationship": "Subquery", "Startup Cost": 5175421.77, "Total Cost": 5176164.02, "Plan Rows": 59380, "Plan Width": 40, "Group By Key": ["public.lineitem.l_suppkey"], "Filter": "(sum((public.lineitem.l_extendedprice * (1::double precision - public.lineitem.l_discount))) = $0), (LLVM Optimized)", "Plans": [{"Node Type": "Index Scan", "Parent Relationship": "Outer", "Scan Direction": "Forward", "Index Name": "idx_lineitem_shipdate", "Relation Name": "lineitem", "Alias": "lineitem", "Startup Cost": 0.0, "Total Cost": 5135750.66, "Plan Rows": 2266921, "Plan Width": 24, "Index Cond": "((l_shipdate >= '1997-07-01 00:00:00'::timestamp(0) without time zone) AND (l_shipdate < '1997-10-01 00:00:00'::timestamp without time zone)), (LLVM Optimized)"}]}]}]}]}, "Unique SQL Id": 3712096918, "Planner Runtime": 0}, "explain_analyze_plan": {"Plan": {"Node Type": "Merge Join", "Join Type": "Inner", "Startup Cost": 10341221.9, "Total Cost": 10347697.14, "Plan Rows": 59380, "Plan Width": 83, "Actual Startup Time": 15929.389, "Actual Total Time": 15929.399, "Actual Rows": 1, "Actual Loops": 1, "Inner Unique": true, "Merge Cond": "(supplier.s_suppkey = revenue0.supplier_no)", "Plans": [{"Node Type": "Aggregate", "Strategy": "Plain", "Parent Relationship": "exec_init_plan", "Subplan Name": "InitPlan 1 (returns $0)", "Startup Cost": 5159755.92, "Total Cost": 5159755.93, "Plan Rows": 1, "Plan Width": 16, "Actual Startup Time": 7904.524, "Actual Total Time": 7904.525, "Actual Rows": 1, "Actual Loops": 1, "Plans": [{"Node Type": "Aggregate", "Strategy": "Hashed", "Parent Relationship": "Outer", "Startup Cost": 5158419.87, "Total Cost": 5159013.67, "Plan Rows": 59380, "Plan Width": 32, "Actual Startup Time": 7850.004, "Actual Total Time": 7889.514, "Actual Rows": 100000, "Actual Loops": 1, "Group By Key": ["public.lineitem.l_suppkey"], "Plans": [{"Node Type": "Index Scan", "Parent Relationship": "Outer", "Scan Direction": "Forward", "Index Name": "idx_lineitem_shipdate", "Relation Name": "lineitem", "Alias": "lineitem", "Startup Cost": 0.0, "Total Cost": 5135750.66, "Plan Rows": 2266921, "Plan Width": 24, "Actual Startup Time": 0.093, "Actual Total Time": 5864.917, "Actual Rows": 2293944, "Actual Loops": 1, "Index Cond": "((l_shipdate >= '1997-07-01 00:00:00'::timestamp(0) without time zone) AND (l_shipdate < '1997-10-01 00:00:00'::timestamp without time zone)), (LLVM Optimized, Jit Execute)", "Rows Removed by Index Recheck": 0}]}]}, {"Node Type": "Index Scan", "Parent Relationship": "Outer", "Scan Direction": "Forward", "Index Name": "supplier_pkey", "Relation Name": "supplier", "Alias": "supplier", "Startup Cost": 0.0, "Total Cost": 5334.54, "Plan Rows": 100000, "Plan Width": 75, "Actual Startup Time": 0.043, "Actual Total Time": 22.323, "Actual Rows": 35977, "Actual Loops": 1}, {"Node Type": "Sort", "Parent Relationship": "Inner", "Startup Cost": 5181465.97, "Total Cost": 5181614.42, "Plan Rows": 59380, "Plan Width": 16, "Actual Startup Time": 15901.97, "Actual Total Time": 15901.971, "Actual Rows": 1, "Actual Loops": 1, "Sort Key": ["revenue0.supplier_no"], "Sort Method": "quicksort", "Sort Space Used": 25, "Sort Space Type": "Memory", "Plans": [{"Node Type": "Subquery Scan", "Parent Relationship": "Outer", "Alias": "revenue0", "Startup Cost": 5175421.77, "Total Cost": 5176757.82, "Plan Rows": 59380, "Plan Width": 16, "Actual Startup Time": 15883.247, "Actual Total Time": 15901.748, "Actual Rows": 1, "Actual Loops": 1, "Plans": [{"Node Type": "Aggregate", "Strategy": "Hashed", "Parent Relationship": "Subquery", "Startup Cost": 5175421.77, "Total Cost": 5176164.02, "Plan Rows": 59380, "Plan Width": 40, "Actual Startup Time": 15883.245, "Actual Total Time": 15901.744, "Actual Rows": 1, "Actual Loops": 1, "Group By Key": ["public.lineitem.l_suppkey"], "Filter": "(sum((public.lineitem.l_extendedprice * (1::double precision - public.lineitem.l_discount))) = $0), (LLVM Optimized, Jit Execute)", "Rows Removed by Filter": 99999, "Plans": [{"Node Type": "Index Scan", "Parent Relationship": "Outer", "Scan Direction": "Forward", "Index Name": "idx_lineitem_shipdate", "Relation Name": "lineitem", "Alias": "lineitem", "Startup Cost": 0.0, "Total Cost": 5135750.66, "Plan Rows": 2266921, "Plan Width": 24, "Actual Startup Time": 0.046, "Actual Total Time": 5918.312, "Actual Rows": 2293944, "Actual Loops": 1, "Index Cond": "((l_shipdate >= '1997-07-01 00:00:00'::timestamp(0) without time zone) AND (l_shipdate < '1997-10-01 00:00:00'::timestamp without time zone)), (LLVM Optimized, Jit Execute)", "Rows Removed by Index Recheck": 0}]}]}]}]}, "Triggers": [], "Planner Runtime": 0.924, "Total Runtime": 15940.792, "Unique SQL Id": 3712096918}}, "(16, '14')": {"explain_plan": {"Plan": {"Node Type": "Merge Join", "Join Type": "Inner", "Startup Cost": 4711409.4, "Total Cost": 4712800.1, "Plan Rows": 59380, "Plan Width": 83, "Inner Unique": true, "Merge Cond": "(supplier.s_suppkey = revenue0.supplier_no)", "Plans": [{"Node Type": "Aggregate", "Strategy": "Plain", "Parent Relationship": "exec_init_plan", "Subplan Name": "InitPlan 1 (returns $0)", "Startup Cost": 2339055.76, "Total Cost": 2339055.77, "Plan Rows": 1, "Plan Width": 16, "Plans": [{"Node Type": "Aggregate", "Strategy": "Hashed", "Parent Relationship": "Outer", "Startup Cost": 2337719.71, "Total Cost": 2338313.51, "Plan Rows": 59380, "Plan Width": 32, "Group By Key": ["public.lineitem.l_suppkey"], "Plans": [{"Node Type": "Seq Scan", "Parent Relationship": "Outer", "Relation Name": "lineitem", "Alias": "lineitem", "Startup Cost": 25.28, "Total Cost": 2315050.5, "Plan Rows": 2266921, "Plan Width": 24, "Filter": "((l_shipdate >= '1997-07-01 00:00:00'::timestamp(0) without time zone) AND (l_shipdate < '1997-10-01 00:00:00'::timestamp without time zone)), (LLVM Optimized)"}]}]}, {"Node Type": "Sort", "Parent Relationship": "Outer", "Startup Cost": 11587.82, "Total Cost": 11837.82, "Plan Rows": 100000, "Plan Width": 75, "Sort Key": ["supplier.s_suppkey"], "Plans": [{"Node Type": "Seq Scan", "Parent Relationship": "Outer", "Relation Name": "supplier", "Alias": "supplier", "Startup Cost": 0.0, "Total Cost": 3283.0, "Plan Rows": 100000, "Plan Width": 75}]}, {"Node Type": "Sort", "Parent Relationship": "Inner", "Startup Cost": 2360765.81, "Total Cost": 2360914.26, "Plan Rows": 59380, "Plan Width": 16, "Sort Key": ["revenue0.supplier_no"], "Plans": [{"Node Type": "Subquery Scan", "Parent Relationship": "Outer", "Alias": "revenue0", "Startup Cost": 2354721.61, "Total Cost": 2356057.66, "Plan Rows": 59380, "Plan Width": 16, "Plans": [{"Node Type": "Aggregate", "Strategy": "Hashed", "Parent Relationship": "Subquery", "Startup Cost": 2354721.61, "Total Cost": 2355463.86, "Plan Rows": 59380, "Plan Width": 40, "Group By Key": ["public.lineitem.l_suppkey"], "Filter": "(sum((public.lineitem.l_extendedprice * (1::double precision - public.lineitem.l_discount))) = $0), (LLVM Optimized)", "Plans": [{"Node Type": "Seq Scan", "Parent Relationship": "Outer", "Relation Name": "lineitem", "Alias": "lineitem", "Startup Cost": 25.28, "Total Cost": 2315050.5, "Plan Rows": 2266921, "Plan Width": 24, "Filter": "((l_shipdate >= '1997-07-01 00:00:00'::timestamp(0) without time zone) AND (l_shipdate < '1997-10-01 00:00:00'::timestamp without time zone)), (LLVM Optimized)"}]}]}]}]}, "Unique SQL Id": 3712096918, "Planner Runtime": 0}, "explain_analyze_plan": null}, "(16, '15')": {"explain_plan": {"Plan": {"Node Type": "Merge Join", "Join Type": "Inner", "Startup Cost": 2010463079819.59, "Total Cost": 3000463614414.67, "Plan Rows": 59380, "Plan Width": 83, "Inner Unique": true, "Merge Cond": "(supplier.s_suppkey = revenue0.supplier_no)", "Plans": [{"Node Type": "Aggregate", "Strategy": "Plain", "Parent Relationship": "exec_init_plan", "Subplan Name": "InitPlan 1 (returns $0)", "Startup Cost": 1000231529054.76, "Total Cost": 1000231529054.77, "Plan Rows": 1, "Plan Width": 16, "Plans": [{"Node Type": "Aggregate", "Strategy": "Hashed", "Parent Relationship": "Outer", "Startup Cost": 1000231527718.71, "Total Cost": 1000231528312.51, "Plan Rows": 59380, "Plan Width": 32, "Group By Key": ["public.lineitem.l_suppkey"], "Plans": [{"Node Type": "Seq Scan", "Parent Relationship": "Outer", "Relation Name": "lineitem", "Alias": "lineitem", "Startup Cost": 10000000025.02, "Total Cost": 1000231505049.5, "Plan Rows": 2266921, "Plan Width": 24, "Filter": "((l_shipdate >= '1997-07-01 00:00:00'::timestamp(0) without time zone) AND (l_shipdate < '1997-10-01 00:00:00'::timestamp without time zone)), (LLVM Optimized)"}]}]}, {"Node Type": "Index Scan", "Parent Relationship": "Outer", "Scan Direction": "Forward", "Index Name": "supplier_pkey", "Relation Name": "supplier", "Alias": "supplier", "Startup Cost": 10000000000.0, "Total Cost": 1000000533454.38, "Plan Rows": 100000, "Plan Width": 75}, {"Node Type": "Sort", "Parent Relationship": "Inner", "Startup Cost": 1000231550764.82, "Total Cost": 1000231550913.27, "Plan Rows": 59380, "Plan Width": 16, "Sort Key": ["revenue0.supplier_no"], "Plans": [{"Node Type": "Subquery Scan", "Parent Relationship": "Outer", "Alias": "revenue0", "Startup Cost": 1000231544720.62, "Total Cost": 1000231546056.67, "Plan Rows": 59380, "Plan Width": 16, "Plans": [{"Node Type": "Aggregate", "Strategy": "Hashed", "Parent Relationship": "Subquery", "Startup Cost": 1000231544720.62, "Total Cost": 1000231545462.87, "Plan Rows": 59380, "Plan Width": 40, "Group By Key": ["public.lineitem.l_suppkey"], "Filter": "(sum((public.lineitem.l_extendedprice * (1::double precision - public.lineitem.l_discount))) = $0), (LLVM Optimized)", "Plans": [{"Node Type": "Seq Scan", "Parent Relationship": "Outer", "Relation Name": "lineitem", "Alias": "lineitem", "Startup Cost": 10000000025.02, "Total Cost": 1000231505049.5, "Plan Rows": 2266921, "Plan Width": 24, "Filter": "((l_shipdate >= '1997-07-01 00:00:00'::timestamp(0) without time zone) AND (l_shipdate < '1997-10-01 00:00:00'::timestamp without time zone)), (LLVM Optimized)"}]}]}]}]}, "Unique SQL Id": 3712096918, "Planner Runtime": 0}, "explain_analyze_plan": null}, "(16, '16')": {"explain_plan": {"Plan": {"Node Type": "Merge Join", "Join Type": "Inner", "Startup Cost": 3242103.77, "Total Cost": 3248579.02, "Plan Rows": 59380, "Plan Width": 83, "Inner Unique": true, "Merge Cond": "(supplier.s_suppkey = revenue0.supplier_no)", "Plans": [{"Node Type": "Aggregate", "Strategy": "Plain", "Parent Relationship": "exec_init_plan", "Subplan Name": "InitPlan 1 (returns $0)", "Startup Cost": 1610196.85, "Total Cost": 1610196.86, "Plan Rows": 1, "Plan Width": 16, "Plans": [{"Node Type": "Aggregate", "Strategy": "Hashed", "Parent Relationship": "Outer", "Startup Cost": 1608860.8, "Total Cost": 1609454.6, "Plan Rows": 59380, "Plan Width": 32, "Group By Key": ["public.lineitem.l_suppkey"], "Plans": [{"Node Type": "Bitmap Heap Scan", "Parent Relationship": "Outer", "Relation Name": "lineitem", "Alias": "lineitem", "Startup Cost": 78544.19, "Total Cost": 1586191.59, "Plan Rows": 2266921, "Plan Width": 24, "Recheck Cond": "((l_shipdate >= '1997-07-01 00:00:00'::timestamp(0) without time zone) AND (l_shipdate < '1997-10-01 00:00:00'::timestamp without time zone)), (LLVM Optimized)", "Plans": [{"Node Type": "Bitmap Index Scan", "Parent Relationship": "Outer", "Index Name": "idx_lineitem_shipdate", "Startup Cost": 0.0, "Total Cost": 77977.46, "Plan Rows": 2266921, "Plan Width": 0, "Index Cond": "((l_shipdate >= '1997-07-01 00:00:00'::timestamp(0) without time zone) AND (l_shipdate < '1997-10-01 00:00:00'::timestamp without time zone))"}]}]}]}, {"Node Type": "Index Scan", "Parent Relationship": "Outer", "Scan Direction": "Forward", "Index Name": "supplier_pkey", "Relation Name": "supplier", "Alias": "supplier", "Startup Cost": 0.0, "Total Cost": 5334.54, "Plan Rows": 100000, "Plan Width": 75}, {"Node Type": "Sort", "Parent Relationship": "Inner", "Startup Cost": 1631906.91, "Total Cost": 1632055.36, "Plan Rows": 59380, "Plan Width": 16, "Sort Key": ["revenue0.supplier_no"], "Plans": [{"Node Type": "Subquery Scan", "Parent Relationship": "Outer", "Alias": "revenue0", "Startup Cost": 1625862.71, "Total Cost": 1627198.76, "Plan Rows": 59380, "Plan Width": 16, "Plans": [{"Node Type": "Aggregate", "Strategy": "Hashed", "Parent Relationship": "Subquery", "Startup Cost": 1625862.71, "Total Cost": 1626604.96, "Plan Rows": 59380, "Plan Width": 40, "Group By Key": ["public.lineitem.l_suppkey"], "Filter": "(sum((public.lineitem.l_extendedprice * (1::double precision - public.lineitem.l_discount))) = $0), (LLVM Optimized)", "Plans": [{"Node Type": "Bitmap Heap Scan", "Parent Relationship": "Outer", "Relation Name": "lineitem", "Alias": "lineitem", "Startup Cost": 78544.19, "Total Cost": 1586191.59, "Plan Rows": 2266921, "Plan Width": 24, "Recheck Cond": "((l_shipdate >= '1997-07-01 00:00:00'::timestamp(0) without time zone) AND (l_shipdate < '1997-10-01 00:00:00'::timestamp without time zone)), (LLVM Optimized)", "Plans": [{"Node Type": "Bitmap Index Scan", "Parent Relationship": "Outer", "Index Name": "idx_lineitem_shipdate", "Startup Cost": 0.0, "Total Cost": 77977.46, "Plan Rows": 2266921, "Plan Width": 0, "Index Cond": "((l_shipdate >= '1997-07-01 00:00:00'::timestamp(0) without time zone) AND (l_shipdate < '1997-10-01 00:00:00'::timestamp without time zone))"}]}]}]}]}]}, "Unique SQL Id": 3712096918, "Planner Runtime": 0}, "explain_analyze_plan": {"Plan": {"Node Type": "Merge Join", "Join Type": "Inner", "Startup Cost": 3242103.77, "Total Cost": 3248579.02, "Plan Rows": 59380, "Plan Width": 83, "Actual Startup Time": 11118.228, "Actual Total Time": 11118.237, "Actual Rows": 1, "Actual Loops": 1, "Inner Unique": true, "Merge Cond": "(supplier.s_suppkey = revenue0.supplier_no)", "Plans": [{"Node Type": "Aggregate", "Strategy": "Plain", "Parent Relationship": "exec_init_plan", "Subplan Name": "InitPlan 1 (returns $0)", "Startup Cost": 1610196.85, "Total Cost": 1610196.86, "Plan Rows": 1, "Plan Width": 16, "Actual Startup Time": 5738.869, "Actual Total Time": 5738.869, "Actual Rows": 1, "Actual Loops": 1, "Plans": [{"Node Type": "Aggregate", "Strategy": "Hashed", "Parent Relationship": "Outer", "Startup Cost": 1608860.8, "Total Cost": 1609454.6, "Plan Rows": 59380, "Plan Width": 32, "Actual Startup Time": 5688.243, "Actual Total Time": 5723.985, "Actual Rows": 100000, "Actual Loops": 1, "Group By Key": ["public.lineitem.l_suppkey"], "Plans": [{"Node Type": "Bitmap Heap Scan", "Parent Relationship": "Outer", "Relation Name": "lineitem", "Alias": "lineitem", "Startup Cost": 78544.19, "Total Cost": 1586191.59, "Plan Rows": 2266921, "Plan Width": 24, "Actual Startup Time": 1223.117, "Actual Total Time": 4086.228, "Actual Rows": 2293944, "Actual Loops": 1, "Recheck Cond": "((l_shipdate >= '1997-07-01 00:00:00'::timestamp(0) without time zone) AND (l_shipdate < '1997-10-01 00:00:00'::timestamp without time zone)), (LLVM Optimized, Jit Execute)", "Rows Removed by Index Recheck": 0, "Exact Heap Blocks": 732487, "Lossy Heap Blocks": 732487, "Plans": [{"Node Type": "Bitmap Index Scan", "Parent Relationship": "Outer", "Index Name": "idx_lineitem_shipdate", "Startup Cost": 0.0, "Total Cost": 77977.46, "Plan Rows": 2266921, "Plan Width": 0, "Actual Startup Time": 892.359, "Actual Total Time": 892.359, "Actual Rows": 2293944, "Actual Loops": 1, "Index Cond": "((l_shipdate >= '1997-07-01 00:00:00'::timestamp(0) without time zone) AND (l_shipdate < '1997-10-01 00:00:00'::timestamp without time zone))"}]}]}]}, {"Node Type": "Index Scan", "Parent Relationship": "Outer", "Scan Direction": "Forward", "Index Name": "supplier_pkey", "Relation Name": "supplier", "Alias": "supplier", "Startup Cost": 0.0, "Total Cost": 5334.54, "Plan Rows": 100000, "Plan Width": 75, "Actual Startup Time": 0.04, "Actual Total Time": 22.499, "Actual Rows": 35977, "Actual Loops": 1}, {"Node Type": "Sort", "Parent Relationship": "Inner", "Startup Cost": 1631906.91, "Total Cost": 1632055.36, "Plan Rows": 59380, "Plan Width": 16, "Actual Startup Time": 11090.65, "Actual Total Time": 11090.651, "Actual Rows": 1, "Actual Loops": 1, "Sort Key": ["revenue0.supplier_no"], "Sort Method": "quicksort", "Sort Space Used": 25, "Sort Space Type": "Memory", "Plans": [{"Node Type": "Subquery Scan", "Parent Relationship": "Outer", "Alias": "revenue0", "Startup Cost": 1625862.71, "Total Cost": 1627198.76, "Plan Rows": 59380, "Plan Width": 16, "Actual Startup Time": 11071.098, "Actual Total Time": 11090.42, "Actual Rows": 1, "Actual Loops": 1, "Plans": [{"Node Type": "Aggregate", "Strategy": "Hashed", "Parent Relationship": "Subquery", "Startup Cost": 1625862.71, "Total Cost": 1626604.96, "Plan Rows": 59380, "Plan Width": 40, "Actual Startup Time": 11071.095, "Actual Total Time": 11090.414, "Actual Rows": 1, "Actual Loops": 1, "Group By Key": ["public.lineitem.l_suppkey"], "Filter": "(sum((public.lineitem.l_extendedprice * (1::double precision - public.lineitem.l_discount))) = $0), (LLVM Optimized, Jit Execute)", "Rows Removed by Filter": 99999, "Plans": [{"Node Type": "Bitmap Heap Scan", "Parent Relationship": "Outer", "Relation Name": "lineitem", "Alias": "lineitem", "Startup Cost": 78544.19, "Total Cost": 1586191.59, "Plan Rows": 2266921, "Plan Width": 24, "Actual Startup Time": 1031.52, "Actual Total Time": 3790.349, "Actual Rows": 2293944, "Actual Loops": 1, "Recheck Cond": "((l_shipdate >= '1997-07-01 00:00:00'::timestamp(0) without time zone) AND (l_shipdate < '1997-10-01 00:00:00'::timestamp without time zone)), (LLVM Optimized, Jit Execute)", "Rows Removed by Index Recheck": 0, "Exact Heap Blocks": 732487, "Lossy Heap Blocks": 732487, "Plans": [{"Node Type": "Bitmap Index Scan", "Parent Relationship": "Outer", "Index Name": "idx_lineitem_shipdate", "Startup Cost": 0.0, "Total Cost": 77977.46, "Plan Rows": 2266921, "Plan Width": 0, "Actual Startup Time": 742.846, "Actual Total Time": 742.846, "Actual Rows": 2293944, "Actual Loops": 1, "Index Cond": "((l_shipdate >= '1997-07-01 00:00:00'::timestamp(0) without time zone) AND (l_shipdate < '1997-10-01 00:00:00'::timestamp without time zone))"}]}]}]}]}]}, "Triggers": [], "Planner Runtime": 0.881, "Total Runtime": 11131.308, "Unique SQL Id": 3712096918}}, "(16, '17')": {"explain_plan": {"Plan": {"Node Type": "Merge Join", "Join Type": "Inner", "Startup Cost": 3242103.77, "Total Cost": 3248579.02, "Plan Rows": 59380, "Plan Width": 83, "Inner Unique": true, "Merge Cond": "(supplier.s_suppkey = revenue0.supplier_no)", "Plans": [{"Node Type": "Aggregate", "Strategy": "Plain", "Parent Relationship": "exec_init_plan", "Subplan Name": "InitPlan 1 (returns $0)", "Startup Cost": 1610196.85, "Total Cost": 1610196.86, "Plan Rows": 1, "Plan Width": 16, "Plans": [{"Node Type": "Aggregate", "Strategy": "Hashed", "Parent Relationship": "Outer", "Startup Cost": 1608860.8, "Total Cost": 1609454.6, "Plan Rows": 59380, "Plan Width": 32, "Group By Key": ["public.lineitem.l_suppkey"], "Plans": [{"Node Type": "Bitmap Heap Scan", "Parent Relationship": "Outer", "Relation Name": "lineitem", "Alias": "lineitem", "Startup Cost": 78544.19, "Total Cost": 1586191.59, "Plan Rows": 2266921, "Plan Width": 24, "Recheck Cond": "((l_shipdate >= '1997-07-01 00:00:00'::timestamp(0) without time zone) AND (l_shipdate < '1997-10-01 00:00:00'::timestamp without time zone)), (LLVM Optimized)", "Plans": [{"Node Type": "Bitmap Index Scan", "Parent Relationship": "Outer", "Index Name": "idx_lineitem_shipdate", "Startup Cost": 0.0, "Total Cost": 77977.46, "Plan Rows": 2266921, "Plan Width": 0, "Index Cond": "((l_shipdate >= '1997-07-01 00:00:00'::timestamp(0) without time zone) AND (l_shipdate < '1997-10-01 00:00:00'::timestamp without time zone))"}]}]}]}, {"Node Type": "Index Scan", "Parent Relationship": "Outer", "Scan Direction": "Forward", "Index Name": "supplier_pkey", "Relation Name": "supplier", "Alias": "supplier", "Startup Cost": 0.0, "Total Cost": 5334.54, "Plan Rows": 100000, "Plan Width": 75}, {"Node Type": "Sort", "Parent Relationship": "Inner", "Startup Cost": 1631906.91, "Total Cost": 1632055.36, "Plan Rows": 59380, "Plan Width": 16, "Sort Key": ["revenue0.supplier_no"], "Plans": [{"Node Type": "Subquery Scan", "Parent Relationship": "Outer", "Alias": "revenue0", "Startup Cost": 1625862.71, "Total Cost": 1627198.76, "Plan Rows": 59380, "Plan Width": 16, "Plans": [{"Node Type": "Aggregate", "Strategy": "Hashed", "Parent Relationship": "Subquery", "Startup Cost": 1625862.71, "Total Cost": 1626604.96, "Plan Rows": 59380, "Plan Width": 40, "Group By Key": ["public.lineitem.l_suppkey"], "Filter": "(sum((public.lineitem.l_extendedprice * (1::double precision - public.lineitem.l_discount))) = $0), (LLVM Optimized)", "Plans": [{"Node Type": "Bitmap Heap Scan", "Parent Relationship": "Outer", "Relation Name": "lineitem", "Alias": "lineitem", "Startup Cost": 78544.19, "Total Cost": 1586191.59, "Plan Rows": 2266921, "Plan Width": 24, "Recheck Cond": "((l_shipdate >= '1997-07-01 00:00:00'::timestamp(0) without time zone) AND (l_shipdate < '1997-10-01 00:00:00'::timestamp without time zone)), (LLVM Optimized)", "Plans": [{"Node Type": "Bitmap Index Scan", "Parent Relationship": "Outer", "Index Name": "idx_lineitem_shipdate", "Startup Cost": 0.0, "Total Cost": 77977.46, "Plan Rows": 2266921, "Plan Width": 0, "Index Cond": "((l_shipdate >= '1997-07-01 00:00:00'::timestamp(0) without time zone) AND (l_shipdate < '1997-10-01 00:00:00'::timestamp without time zone))"}]}]}]}]}]}, "Unique SQL Id": 3712096918, "Planner Runtime": 0}, "explain_analyze_plan": {"Plan": {"Node Type": "Merge Join", "Join Type": "Inner", "Startup Cost": 3242103.77, "Total Cost": 3248579.02, "Plan Rows": 59380, "Plan Width": 83, "Actual Startup Time": 11118.228, "Actual Total Time": 11118.237, "Actual Rows": 1, "Actual Loops": 1, "Inner Unique": true, "Merge Cond": "(supplier.s_suppkey = revenue0.supplier_no)", "Plans": [{"Node Type": "Aggregate", "Strategy": "Plain", "Parent Relationship": "exec_init_plan", "Subplan Name": "InitPlan 1 (returns $0)", "Startup Cost": 1610196.85, "Total Cost": 1610196.86, "Plan Rows": 1, "Plan Width": 16, "Actual Startup Time": 5738.869, "Actual Total Time": 5738.869, "Actual Rows": 1, "Actual Loops": 1, "Plans": [{"Node Type": "Aggregate", "Strategy": "Hashed", "Parent Relationship": "Outer", "Startup Cost": 1608860.8, "Total Cost": 1609454.6, "Plan Rows": 59380, "Plan Width": 32, "Actual Startup Time": 5688.243, "Actual Total Time": 5723.985, "Actual Rows": 100000, "Actual Loops": 1, "Group By Key": ["public.lineitem.l_suppkey"], "Plans": [{"Node Type": "Bitmap Heap Scan", "Parent Relationship": "Outer", "Relation Name": "lineitem", "Alias": "lineitem", "Startup Cost": 78544.19, "Total Cost": 1586191.59, "Plan Rows": 2266921, "Plan Width": 24, "Actual Startup Time": 1223.117, "Actual Total Time": 4086.228, "Actual Rows": 2293944, "Actual Loops": 1, "Recheck Cond": "((l_shipdate >= '1997-07-01 00:00:00'::timestamp(0) without time zone) AND (l_shipdate < '1997-10-01 00:00:00'::timestamp without time zone)), (LLVM Optimized, Jit Execute)", "Rows Removed by Index Recheck": 0, "Exact Heap Blocks": 732487, "Lossy Heap Blocks": 732487, "Plans": [{"Node Type": "Bitmap Index Scan", "Parent Relationship": "Outer", "Index Name": "idx_lineitem_shipdate", "Startup Cost": 0.0, "Total Cost": 77977.46, "Plan Rows": 2266921, "Plan Width": 0, "Actual Startup Time": 892.359, "Actual Total Time": 892.359, "Actual Rows": 2293944, "Actual Loops": 1, "Index Cond": "((l_shipdate >= '1997-07-01 00:00:00'::timestamp(0) without time zone) AND (l_shipdate < '1997-10-01 00:00:00'::timestamp without time zone))"}]}]}]}, {"Node Type": "Index Scan", "Parent Relationship": "Outer", "Scan Direction": "Forward", "Index Name": "supplier_pkey", "Relation Name": "supplier", "Alias": "supplier", "Startup Cost": 0.0, "Total Cost": 5334.54, "Plan Rows": 100000, "Plan Width": 75, "Actual Startup Time": 0.04, "Actual Total Time": 22.499, "Actual Rows": 35977, "Actual Loops": 1}, {"Node Type": "Sort", "Parent Relationship": "Inner", "Startup Cost": 1631906.91, "Total Cost": 1632055.36, "Plan Rows": 59380, "Plan Width": 16, "Actual Startup Time": 11090.65, "Actual Total Time": 11090.651, "Actual Rows": 1, "Actual Loops": 1, "Sort Key": ["revenue0.supplier_no"], "Sort Method": "quicksort", "Sort Space Used": 25, "Sort Space Type": "Memory", "Plans": [{"Node Type": "Subquery Scan", "Parent Relationship": "Outer", "Alias": "revenue0", "Startup Cost": 1625862.71, "Total Cost": 1627198.76, "Plan Rows": 59380, "Plan Width": 16, "Actual Startup Time": 11071.098, "Actual Total Time": 11090.42, "Actual Rows": 1, "Actual Loops": 1, "Plans": [{"Node Type": "Aggregate", "Strategy": "Hashed", "Parent Relationship": "Subquery", "Startup Cost": 1625862.71, "Total Cost": 1626604.96, "Plan Rows": 59380, "Plan Width": 40, "Actual Startup Time": 11071.095, "Actual Total Time": 11090.414, "Actual Rows": 1, "Actual Loops": 1, "Group By Key": ["public.lineitem.l_suppkey"], "Filter": "(sum((public.lineitem.l_extendedprice * (1::double precision - public.lineitem.l_discount))) = $0), (LLVM Optimized, Jit Execute)", "Rows Removed by Filter": 99999, "Plans": [{"Node Type": "Bitmap Heap Scan", "Parent Relationship": "Outer", "Relation Name": "lineitem", "Alias": "lineitem", "Startup Cost": 78544.19, "Total Cost": 1586191.59, "Plan Rows": 2266921, "Plan Width": 24, "Actual Startup Time": 1031.52, "Actual Total Time": 3790.349, "Actual Rows": 2293944, "Actual Loops": 1, "Recheck Cond": "((l_shipdate >= '1997-07-01 00:00:00'::timestamp(0) without time zone) AND (l_shipdate < '1997-10-01 00:00:00'::timestamp without time zone)), (LLVM Optimized, Jit Execute)", "Rows Removed by Index Recheck": 0, "Exact Heap Blocks": 732487, "Lossy Heap Blocks": 732487, "Plans": [{"Node Type": "Bitmap Index Scan", "Parent Relationship": "Outer", "Index Name": "idx_lineitem_shipdate", "Startup Cost": 0.0, "Total Cost": 77977.46, "Plan Rows": 2266921, "Plan Width": 0, "Actual Startup Time": 742.846, "Actual Total Time": 742.846, "Actual Rows": 2293944, "Actual Loops": 1, "Index Cond": "((l_shipdate >= '1997-07-01 00:00:00'::timestamp(0) without time zone) AND (l_shipdate < '1997-10-01 00:00:00'::timestamp without time zone))"}]}]}]}]}]}, "Triggers": [], "Planner Runtime": 0.881, "Total Runtime": 11131.308, "Unique SQL Id": 3712096918}}, "(16, '18')": {"explain_plan": {"Plan": {"Node Type": "Merge Join", "Join Type": "Inner", "Startup Cost": 3253691.59, "Total Cost": 3255082.29, "Plan Rows": 59380, "Plan Width": 83, "Inner Unique": true, "Merge Cond": "(supplier.s_suppkey = revenue0.supplier_no)", "Plans": [{"Node Type": "Aggregate", "Strategy": "Plain", "Parent Relationship": "exec_init_plan", "Subplan Name": "InitPlan 1 (returns $0)", "Startup Cost": 1610196.85, "Total Cost": 1610196.86, "Plan Rows": 1, "Plan Width": 16, "Plans": [{"Node Type": "Aggregate", "Strategy": "Hashed", "Parent Relationship": "Outer", "Startup Cost": 1608860.8, "Total Cost": 1609454.6, "Plan Rows": 59380, "Plan Width": 32, "Group By Key": ["public.lineitem.l_suppkey"], "Plans": [{"Node Type": "Bitmap Heap Scan", "Parent Relationship": "Outer", "Relation Name": "lineitem", "Alias": "lineitem", "Startup Cost": 78544.19, "Total Cost": 1586191.59, "Plan Rows": 2266921, "Plan Width": 24, "Recheck Cond": "((l_shipdate >= '1997-07-01 00:00:00'::timestamp(0) without time zone) AND (l_shipdate < '1997-10-01 00:00:00'::timestamp without time zone)), (LLVM Optimized)", "Plans": [{"Node Type": "Bitmap Index Scan", "Parent Relationship": "Outer", "Index Name": "idx_lineitem_shipdate", "Startup Cost": 0.0, "Total Cost": 77977.46, "Plan Rows": 2266921, "Plan Width": 0, "Index Cond": "((l_shipdate >= '1997-07-01 00:00:00'::timestamp(0) without time zone) AND (l_shipdate < '1997-10-01 00:00:00'::timestamp without time zone))"}]}]}]}, {"Node Type": "Sort", "Parent Relationship": "Outer", "Startup Cost": 11587.82, "Total Cost": 11837.82, "Plan Rows": 100000, "Plan Width": 75, "Sort Key": ["supplier.s_suppkey"], "Plans": [{"Node Type": "Seq Scan", "Parent Relationship": "Outer", "Relation Name": "supplier", "Alias": "supplier", "Startup Cost": 0.0, "Total Cost": 3283.0, "Plan Rows": 100000, "Plan Width": 75}]}, {"Node Type": "Sort", "Parent Relationship": "Inner", "Startup Cost": 1631906.91, "Total Cost": 1632055.36, "Plan Rows": 59380, "Plan Width": 16, "Sort Key": ["revenue0.supplier_no"], "Plans": [{"Node Type": "Subquery Scan", "Parent Relationship": "Outer", "Alias": "revenue0", "Startup Cost": 1625862.71, "Total Cost": 1627198.76, "Plan Rows": 59380, "Plan Width": 16, "Plans": [{"Node Type": "Aggregate", "Strategy": "Hashed", "Parent Relationship": "Subquery", "Startup Cost": 1625862.71, "Total Cost": 1626604.96, "Plan Rows": 59380, "Plan Width": 40, "Group By Key": ["public.lineitem.l_suppkey"], "Filter": "(sum((public.lineitem.l_extendedprice * (1::double precision - public.lineitem.l_discount))) = $0), (LLVM Optimized)", "Plans": [{"Node Type": "Bitmap Heap Scan", "Parent Relationship": "Outer", "Relation Name": "lineitem", "Alias": "lineitem", "Startup Cost": 78544.19, "Total Cost": 1586191.59, "Plan Rows": 2266921, "Plan Width": 24, "Recheck Cond": "((l_shipdate >= '1997-07-01 00:00:00'::timestamp(0) without time zone) AND (l_shipdate < '1997-10-01 00:00:00'::timestamp without time zone)), (LLVM Optimized)", "Plans": [{"Node Type": "Bitmap Index Scan", "Parent Relationship": "Outer", "Index Name": "idx_lineitem_shipdate", "Startup Cost": 0.0, "Total Cost": 77977.46, "Plan Rows": 2266921, "Plan Width": 0, "Index Cond": "((l_shipdate >= '1997-07-01 00:00:00'::timestamp(0) without time zone) AND (l_shipdate < '1997-10-01 00:00:00'::timestamp without time zone))"}]}]}]}]}]}, "Unique SQL Id": 3712096918, "Planner Runtime": 0}, "explain_analyze_plan": {"Plan": {"Node Type": "Merge Join", "Join Type": "Inner", "Startup Cost": 3253691.59, "Total Cost": 3255082.29, "Plan Rows": 59380, "Plan Width": 83, "Actual Startup Time": 11244.454, "Actual Total Time": 11244.66, "Actual Rows": 1, "Actual Loops": 1, "Inner Unique": true, "Merge Cond": "(supplier.s_suppkey = revenue0.supplier_no)", "Plans": [{"Node Type": "Aggregate", "Strategy": "Plain", "Parent Relationship": "exec_init_plan", "Subplan Name": "InitPlan 1 (returns $0)", "Startup Cost": 1610196.85, "Total Cost": 1610196.86, "Plan Rows": 1, "Plan Width": 16, "Actual Startup Time": 5540.475, "Actual Total Time": 5540.475, "Actual Rows": 1, "Actual Loops": 1, "Plans": [{"Node Type": "Aggregate", "Strategy": "Hashed", "Parent Relationship": "Outer", "Startup Cost": 1608860.8, "Total Cost": 1609454.6, "Plan Rows": 59380, "Plan Width": 32, "Actual Startup Time": 5487.76, "Actual Total Time": 5525.414, "Actual Rows": 100000, "Actual Loops": 1, "Group By Key": ["public.lineitem.l_suppkey"], "Plans": [{"Node Type": "Bitmap Heap Scan", "Parent Relationship": "Outer", "Relation Name": "lineitem", "Alias": "lineitem", "Startup Cost": 78544.19, "Total Cost": 1586191.59, "Plan Rows": 2266921, "Plan Width": 24, "Actual Startup Time": 1071.158, "Actual Total Time": 3793.282, "Actual Rows": 2293944, "Actual Loops": 1, "Recheck Cond": "((l_shipdate >= '1997-07-01 00:00:00'::timestamp(0) without time zone) AND (l_shipdate < '1997-10-01 00:00:00'::timestamp without time zone)), (LLVM Optimized, Jit Execute)", "Rows Removed by Index Recheck": 0, "Exact Heap Blocks": 732487, "Lossy Heap Blocks": 732487, "Plans": [{"Node Type": "Bitmap Index Scan", "Parent Relationship": "Outer", "Index Name": "idx_lineitem_shipdate", "Startup Cost": 0.0, "Total Cost": 77977.46, "Plan Rows": 2266921, "Plan Width": 0, "Actual Startup Time": 771.958, "Actual Total Time": 771.958, "Actual Rows": 2293944, "Actual Loops": 1, "Index Cond": "((l_shipdate >= '1997-07-01 00:00:00'::timestamp(0) without time zone) AND (l_shipdate < '1997-10-01 00:00:00'::timestamp without time zone))"}]}]}]}, {"Node Type": "Sort", "Parent Relationship": "Outer", "Startup Cost": 11587.82, "Total Cost": 11837.82, "Plan Rows": 100000, "Plan Width": 75, "Actual Startup Time": 71.958, "Actual Total Time": 76.627, "Actual Rows": 35977, "Actual Loops": 1, "Sort Key": ["supplier.s_suppkey"], "Sort Method": "quicksort", "Sort Space Used": 18698, "Sort Space Type": "Memory", "Plans": [{"Node Type": "Seq Scan", "Parent Relationship": "Outer", "Relation Name": "supplier", "Alias": "supplier", "Startup Cost": 0.0, "Total Cost": 3283.0, "Plan Rows": 100000, "Plan Width": 75, "Actual Startup Time": 0.03, "Actual Total Time": 35.522, "Actual Rows": 100000, "Actual Loops": 1}]}, {"Node Type": "Sort", "Parent Relationship": "Inner", "Startup Cost": 1631906.91, "Total Cost": 1632055.36, "Plan Rows": 59380, "Plan Width": 16, "Actual Startup Time": 11162.59, "Actual Total Time": 11162.59, "Actual Rows": 1, "Actual Loops": 1, "Sort Key": ["revenue0.supplier_no"], "Sort Method": "quicksort", "Sort Space Used": 25, "Sort Space Type": "Memory", "Plans": [{"Node Type": "Subquery Scan", "Parent Relationship": "Outer", "Alias": "revenue0", "Startup Cost": 1625862.71, "Total Cost": 1627198.76, "Plan Rows": 59380, "Plan Width": 16, "Actual Startup Time": 11143.388, "Actual Total Time": 11162.34, "Actual Rows": 1, "Actual Loops": 1, "Plans": [{"Node Type": "Aggregate", "Strategy": "Hashed", "Parent Relationship": "Subquery", "Startup Cost": 1625862.71, "Total Cost": 1626604.96, "Plan Rows": 59380, "Plan Width": 40, "Actual Startup Time": 11143.385, "Actual Total Time": 11162.334, "Actual Rows": 1, "Actual Loops": 1, "Group By Key": ["public.lineitem.l_suppkey"], "Filter": "(sum((public.lineitem.l_extendedprice * (1::double precision - public.lineitem.l_discount))) = $0), (LLVM Optimized, Jit Execute)", "Rows Removed by Filter": 99999, "Plans": [{"Node Type": "Bitmap Heap Scan", "Parent Relationship": "Outer", "Relation Name": "lineitem", "Alias": "lineitem", "Startup Cost": 78544.19, "Total Cost": 1586191.59, "Plan Rows": 2266921, "Plan Width": 24, "Actual Startup Time": 1145.015, "Actual Total Time": 3998.398, "Actual Rows": 2293944, "Actual Loops": 1, "Recheck Cond": "((l_shipdate >= '1997-07-01 00:00:00'::timestamp(0) without time zone) AND (l_shipdate < '1997-10-01 00:00:00'::timestamp without time zone)), (LLVM Optimized, Jit Execute)", "Rows Removed by Index Recheck": 0, "Exact Heap Blocks": 732487, "Lossy Heap Blocks": 732487, "Plans": [{"Node Type": "Bitmap Index Scan", "Parent Relationship": "Outer", "Index Name": "idx_lineitem_shipdate", "Startup Cost": 0.0, "Total Cost": 77977.46, "Plan Rows": 2266921, "Plan Width": 0, "Actual Startup Time": 789.761, "Actual Total Time": 789.761, "Actual Rows": 2293944, "Actual Loops": 1, "Index Cond": "((l_shipdate >= '1997-07-01 00:00:00'::timestamp(0) without time zone) AND (l_shipdate < '1997-10-01 00:00:00'::timestamp without time zone))"}]}]}]}]}]}, "Triggers": [], "Planner Runtime": 0.873, "Total Runtime": 11257.671, "Unique SQL Id": 3712096918}}, "(16, '19')": {"explain_plan": {"Plan": {"Node Type": "Sort", "Startup Cost": 3497813.02, "Total Cost": 3497961.47, "Plan Rows": 59380, "Plan Width": 83, "Sort Key": ["supplier.s_suppkey"], "Plans": [{"Node Type": "Aggregate", "Strategy": "Plain", "Parent Relationship": "exec_init_plan", "Subplan Name": "InitPlan 1 (returns $0)", "Startup Cost": 1610196.85, "Total Cost": 1610196.86, "Plan Rows": 1, "Plan Width": 16, "Plans": [{"Node Type": "Aggregate", "Strategy": "Hashed", "Parent Relationship": "Outer", "Startup Cost": 1608860.8, "Total Cost": 1609454.6, "Plan Rows": 59380, "Plan Width": 32, "Group By Key": ["public.lineitem.l_suppkey"], "Plans": [{"Node Type": "Bitmap Heap Scan", "Parent Relationship": "Outer", "Relation Name": "lineitem", "Alias": "lineitem", "Startup Cost": 78544.19, "Total Cost": 1586191.59, "Plan Rows": 2266921, "Plan Width": 24, "Recheck Cond": "((l_shipdate >= '1997-07-01 00:00:00'::timestamp(0) without time zone) AND (l_shipdate < '1997-10-01 00:00:00'::timestamp without time zone)), (LLVM Optimized)", "Plans": [{"Node Type": "Bitmap Index Scan", "Parent Relationship": "Outer", "Index Name": "idx_lineitem_shipdate", "Startup Cost": 0.0, "Total Cost": 77977.46, "Plan Rows": 2266921, "Plan Width": 0, "Index Cond": "((l_shipdate >= '1997-07-01 00:00:00'::timestamp(0) without time zone) AND (l_shipdate < '1997-10-01 00:00:00'::timestamp without time zone))"}]}]}]}, {"Node Type": "Nested Loop", "Parent Relationship": "Outer", "Join Type": "Inner", "Startup Cost": 1625863.0, "Total Cost": 1882908.01, "Plan Rows": 59380, "Plan Width": 83, "Inner Unique": true, "Plans": [{"Node Type": "Aggregate", "Strategy": "Hashed", "Parent Relationship": "Outer", "Startup Cost": 1625862.71, "Total Cost": 1626604.96, "Plan Rows": 59380, "Plan Width": 40, "Group By Key": ["public.lineitem.l_suppkey"], "Filter": "(sum((public.lineitem.l_extendedprice * (1::double precision - public.lineitem.l_discount))) = $0), (LLVM Optimized)", "Plans": [{"Node Type": "Bitmap Heap Scan", "Parent Relationship": "Outer", "Relation Name": "lineitem", "Alias": "lineitem", "Startup Cost": 78544.19, "Total Cost": 1586191.59, "Plan Rows": 2266921, "Plan Width": 24, "Recheck Cond": "((l_shipdate >= '1997-07-01 00:00:00'::timestamp(0) without time zone) AND (l_shipdate < '1997-10-01 00:00:00'::timestamp without time zone)), (LLVM Optimized)", "Plans": [{"Node Type": "Bitmap Index Scan", "Parent Relationship": "Outer", "Index Name": "idx_lineitem_shipdate", "Startup Cost": 0.0, "Total Cost": 77977.46, "Plan Rows": 2266921, "Plan Width": 0, "Index Cond": "((l_shipdate >= '1997-07-01 00:00:00'::timestamp(0) without time zone) AND (l_shipdate < '1997-10-01 00:00:00'::timestamp without time zone))"}]}]}, {"Node Type": "Bitmap Heap Scan", "Parent Relationship": "Inner", "Relation Name": "supplier", "Alias": "supplier", "Startup Cost": 0.28, "Total Cost": 4.3, "Plan Rows": 1, "Plan Width": 75, "Recheck Cond": "(s_suppkey = public.lineitem.l_suppkey)", "Plans": [{"Node Type": "Bitmap Index Scan", "Parent Relationship": "Outer", "Index Name": "supplier_pkey", "Startup Cost": 0.0, "Total Cost": 0.28, "Plan Rows": 1, "Plan Width": 0, "Index Cond": "(s_suppkey = public.lineitem.l_suppkey)"}]}]}]}, "Unique SQL Id": 3712096918, "Planner Runtime": 0}, "explain_analyze_plan": {"Plan": {"Node Type": "Sort", "Startup Cost": 3497813.02, "Total Cost": 3497961.47, "Plan Rows": 59380, "Plan Width": 83, "Actual Startup Time": 11241.876, "Actual Total Time": 11241.876, "Actual Rows": 1, "Actual Loops": 1, "Sort Key": ["supplier.s_suppkey"], "Sort Method": "quicksort", "Sort Space Used": 25, "Sort Space Type": "Memory", "Plans": [{"Node Type": "Aggregate", "Strategy": "Plain", "Parent Relationship": "exec_init_plan", "Subplan Name": "InitPlan 1 (returns $0)", "Startup Cost": 1610196.85, "Total Cost": 1610196.86, "Plan Rows": 1, "Plan Width": 16, "Actual Startup Time": 5464.823, "Actual Total Time": 5464.823, "Actual Rows": 1, "Actual Loops": 1, "Plans": [{"Node Type": "Aggregate", "Strategy": "Hashed", "Parent Relationship": "Outer", "Startup Cost": 1608860.8, "Total Cost": 1609454.6, "Plan Rows": 59380, "Plan Width": 32, "Actual Startup Time": 5414.615, "Actual Total Time": 5449.751, "Actual Rows": 100000, "Actual Loops": 1, "Group By Key": ["public.lineitem.l_suppkey"], "Plans": [{"Node Type": "Bitmap Heap Scan", "Parent Relationship": "Outer", "Relation Name": "lineitem", "Alias": "lineitem", "Startup Cost": 78544.19, "Total Cost": 1586191.59, "Plan Rows": 2266921, "Plan Width": 24, "Actual Startup Time": 1070.692, "Actual Total Time": 3752.897, "Actual Rows": 2293944, "Actual Loops": 1, "Recheck Cond": "((l_shipdate >= '1997-07-01 00:00:00'::timestamp(0) without time zone) AND (l_shipdate < '1997-10-01 00:00:00'::timestamp without time zone)), (LLVM Optimized, Jit Execute)", "Rows Removed by Index Recheck": 0, "Exact Heap Blocks": 732487, "Lossy Heap Blocks": 732487, "Plans": [{"Node Type": "Bitmap Index Scan", "Parent Relationship": "Outer", "Index Name": "idx_lineitem_shipdate", "Startup Cost": 0.0, "Total Cost": 77977.46, "Plan Rows": 2266921, "Plan Width": 0, "Actual Startup Time": 784.899, "Actual Total Time": 784.899, "Actual Rows": 2293944, "Actual Loops": 1, "Index Cond": "((l_shipdate >= '1997-07-01 00:00:00'::timestamp(0) without time zone) AND (l_shipdate < '1997-10-01 00:00:00'::timestamp without time zone))"}]}]}]}, {"Node Type": "Nested Loop", "Parent Relationship": "Outer", "Join Type": "Inner", "Startup Cost": 1625863.0, "Total Cost": 1882908.01, "Plan Rows": 59380, "Plan Width": 83, "Actual Startup Time": 11222.658, "Actual Total Time": 11241.85, "Actual Rows": 1, "Actual Loops": 1, "Inner Unique": true, "Plans": [{"Node Type": "Aggregate", "Strategy": "Hashed", "Parent Relationship": "Outer", "Startup Cost": 1625862.71, "Total Cost": 1626604.96, "Plan Rows": 59380, "Plan Width": 40, "Actual Startup Time": 11222.535, "Actual Total Time": 11241.516, "Actual Rows": 1, "Actual Loops": 1, "Group By Key": ["public.lineitem.l_suppkey"], "Filter": "(sum((public.lineitem.l_extendedprice * (1::double precision - public.lineitem.l_discount))) = $0), (LLVM Optimized, Jit Execute)", "Rows Removed by Filter": 99999, "Plans": [{"Node Type": "Bitmap Heap Scan", "Parent Relationship": "Outer", "Relation Name": "lineitem", "Alias": "lineitem", "Startup Cost": 78544.19, "Total Cost": 1586191.59, "Plan Rows": 2266921, "Plan Width": 24, "Actual Startup Time": 1227.767, "Actual Total Time": 4076.427, "Actual Rows": 2293944, "Actual Loops": 1, "Recheck Cond": "((l_shipdate >= '1997-07-01 00:00:00'::timestamp(0) without time zone) AND (l_shipdate < '1997-10-01 00:00:00'::timestamp without time zone)), (LLVM Optimized, Jit Execute)", "Rows Removed by Index Recheck": 0, "Exact Heap Blocks": 732487, "Lossy Heap Blocks": 732487, "Plans": [{"Node Type": "Bitmap Index Scan", "Parent Relationship": "Outer", "Index Name": "idx_lineitem_shipdate", "Startup Cost": 0.0, "Total Cost": 77977.46, "Plan Rows": 2266921, "Plan Width": 0, "Actual Startup Time": 872.627, "Actual Total Time": 872.627, "Actual Rows": 2293944, "Actual Loops": 1, "Index Cond": "((l_shipdate >= '1997-07-01 00:00:00'::timestamp(0) without time zone) AND (l_shipdate < '1997-10-01 00:00:00'::timestamp without time zone))"}]}]}, {"Node Type": "Bitmap Heap Scan", "Parent Relationship": "Inner", "Relation Name": "supplier", "Alias": "supplier", "Startup Cost": 0.28, "Total Cost": 4.3, "Plan Rows": 1, "Plan Width": 75, "Actual Startup Time": 0.098, "Actual Total Time": 0.098, "Actual Rows": 1, "Actual Loops": 1, "Recheck Cond": "(s_suppkey = public.lineitem.l_suppkey)", "Rows Removed by Index Recheck": 0, "Exact Heap Blocks": 1, "Lossy Heap Blocks": 1, "Plans": [{"Node Type": "Bitmap Index Scan", "Parent Relationship": "Outer", "Index Name": "supplier_pkey", "Startup Cost": 0.0, "Total Cost": 0.28, "Plan Rows": 1, "Plan Width": 0, "Actual Startup Time": 0.039, "Actual Total Time": 0.039, "Actual Rows": 1, "Actual Loops": 1, "Index Cond": "(s_suppkey = public.lineitem.l_suppkey)"}]}]}]}, "Triggers": [], "Planner Runtime": 0.877, "Total Runtime": 11254.72, "Unique SQL Id": 3712096918}}, "(16, '20')": {"explain_plan": {"Plan": {"Node Type": "Merge Join", "Join Type": "Inner", "Startup Cost": 3242103.77, "Total Cost": 3248579.02, "Plan Rows": 59380, "Plan Width": 83, "Inner Unique": true, "Merge Cond": "(supplier.s_suppkey = revenue0.supplier_no)", "Plans": [{"Node Type": "Aggregate", "Strategy": "Plain", "Parent Relationship": "exec_init_plan", "Subplan Name": "InitPlan 1 (returns $0)", "Startup Cost": 1610196.85, "Total Cost": 1610196.86, "Plan Rows": 1, "Plan Width": 16, "Plans": [{"Node Type": "Aggregate", "Strategy": "Hashed", "Parent Relationship": "Outer", "Startup Cost": 1608860.8, "Total Cost": 1609454.6, "Plan Rows": 59380, "Plan Width": 32, "Group By Key": ["public.lineitem.l_suppkey"], "Plans": [{"Node Type": "Bitmap Heap Scan", "Parent Relationship": "Outer", "Relation Name": "lineitem", "Alias": "lineitem", "Startup Cost": 78544.19, "Total Cost": 1586191.59, "Plan Rows": 2266921, "Plan Width": 24, "Recheck Cond": "((l_shipdate >= '1997-07-01 00:00:00'::timestamp(0) without time zone) AND (l_shipdate < '1997-10-01 00:00:00'::timestamp without time zone)), (LLVM Optimized)", "Plans": [{"Node Type": "Bitmap Index Scan", "Parent Relationship": "Outer", "Index Name": "idx_lineitem_shipdate", "Startup Cost": 0.0, "Total Cost": 77977.46, "Plan Rows": 2266921, "Plan Width": 0, "Index Cond": "((l_shipdate >= '1997-07-01 00:00:00'::timestamp(0) without time zone) AND (l_shipdate < '1997-10-01 00:00:00'::timestamp without time zone))"}]}]}]}, {"Node Type": "Index Scan", "Parent Relationship": "Outer", "Scan Direction": "Forward", "Index Name": "supplier_pkey", "Relation Name": "supplier", "Alias": "supplier", "Startup Cost": 0.0, "Total Cost": 5334.54, "Plan Rows": 100000, "Plan Width": 75}, {"Node Type": "Sort", "Parent Relationship": "Inner", "Startup Cost": 1631906.91, "Total Cost": 1632055.36, "Plan Rows": 59380, "Plan Width": 16, "Sort Key": ["revenue0.supplier_no"], "Plans": [{"Node Type": "Subquery Scan", "Parent Relationship": "Outer", "Alias": "revenue0", "Startup Cost": 1625862.71, "Total Cost": 1627198.76, "Plan Rows": 59380, "Plan Width": 16, "Plans": [{"Node Type": "Aggregate", "Strategy": "Hashed", "Parent Relationship": "Subquery", "Startup Cost": 1625862.71, "Total Cost": 1626604.96, "Plan Rows": 59380, "Plan Width": 40, "Group By Key": ["public.lineitem.l_suppkey"], "Filter": "(sum((public.lineitem.l_extendedprice * (1::double precision - public.lineitem.l_discount))) = $0), (LLVM Optimized)", "Plans": [{"Node Type": "Bitmap Heap Scan", "Parent Relationship": "Outer", "Relation Name": "lineitem", "Alias": "lineitem", "Startup Cost": 78544.19, "Total Cost": 1586191.59, "Plan Rows": 2266921, "Plan Width": 24, "Recheck Cond": "((l_shipdate >= '1997-07-01 00:00:00'::timestamp(0) without time zone) AND (l_shipdate < '1997-10-01 00:00:00'::timestamp without time zone)), (LLVM Optimized)", "Plans": [{"Node Type": "Bitmap Index Scan", "Parent Relationship": "Outer", "Index Name": "idx_lineitem_shipdate", "Startup Cost": 0.0, "Total Cost": 77977.46, "Plan Rows": 2266921, "Plan Width": 0, "Index Cond": "((l_shipdate >= '1997-07-01 00:00:00'::timestamp(0) without time zone) AND (l_shipdate < '1997-10-01 00:00:00'::timestamp without time zone))"}]}]}]}]}]}, "Unique SQL Id": 3712096918, "Planner Runtime": 0}, "explain_analyze_plan": {"Plan": {"Node Type": "Merge Join", "Join Type": "Inner", "Startup Cost": 3242103.77, "Total Cost": 3248579.02, "Plan Rows": 59380, "Plan Width": 83, "Actual Startup Time": 11118.228, "Actual Total Time": 11118.237, "Actual Rows": 1, "Actual Loops": 1, "Inner Unique": true, "Merge Cond": "(supplier.s_suppkey = revenue0.supplier_no)", "Plans": [{"Node Type": "Aggregate", "Strategy": "Plain", "Parent Relationship": "exec_init_plan", "Subplan Name": "InitPlan 1 (returns $0)", "Startup Cost": 1610196.85, "Total Cost": 1610196.86, "Plan Rows": 1, "Plan Width": 16, "Actual Startup Time": 5738.869, "Actual Total Time": 5738.869, "Actual Rows": 1, "Actual Loops": 1, "Plans": [{"Node Type": "Aggregate", "Strategy": "Hashed", "Parent Relationship": "Outer", "Startup Cost": 1608860.8, "Total Cost": 1609454.6, "Plan Rows": 59380, "Plan Width": 32, "Actual Startup Time": 5688.243, "Actual Total Time": 5723.985, "Actual Rows": 100000, "Actual Loops": 1, "Group By Key": ["public.lineitem.l_suppkey"], "Plans": [{"Node Type": "Bitmap Heap Scan", "Parent Relationship": "Outer", "Relation Name": "lineitem", "Alias": "lineitem", "Startup Cost": 78544.19, "Total Cost": 1586191.59, "Plan Rows": 2266921, "Plan Width": 24, "Actual Startup Time": 1223.117, "Actual Total Time": 4086.228, "Actual Rows": 2293944, "Actual Loops": 1, "Recheck Cond": "((l_shipdate >= '1997-07-01 00:00:00'::timestamp(0) without time zone) AND (l_shipdate < '1997-10-01 00:00:00'::timestamp without time zone)), (LLVM Optimized, Jit Execute)", "Rows Removed by Index Recheck": 0, "Exact Heap Blocks": 732487, "Lossy Heap Blocks": 732487, "Plans": [{"Node Type": "Bitmap Index Scan", "Parent Relationship": "Outer", "Index Name": "idx_lineitem_shipdate", "Startup Cost": 0.0, "Total Cost": 77977.46, "Plan Rows": 2266921, "Plan Width": 0, "Actual Startup Time": 892.359, "Actual Total Time": 892.359, "Actual Rows": 2293944, "Actual Loops": 1, "Index Cond": "((l_shipdate >= '1997-07-01 00:00:00'::timestamp(0) without time zone) AND (l_shipdate < '1997-10-01 00:00:00'::timestamp without time zone))"}]}]}]}, {"Node Type": "Index Scan", "Parent Relationship": "Outer", "Scan Direction": "Forward", "Index Name": "supplier_pkey", "Relation Name": "supplier", "Alias": "supplier", "Startup Cost": 0.0, "Total Cost": 5334.54, "Plan Rows": 100000, "Plan Width": 75, "Actual Startup Time": 0.04, "Actual Total Time": 22.499, "Actual Rows": 35977, "Actual Loops": 1}, {"Node Type": "Sort", "Parent Relationship": "Inner", "Startup Cost": 1631906.91, "Total Cost": 1632055.36, "Plan Rows": 59380, "Plan Width": 16, "Actual Startup Time": 11090.65, "Actual Total Time": 11090.651, "Actual Rows": 1, "Actual Loops": 1, "Sort Key": ["revenue0.supplier_no"], "Sort Method": "quicksort", "Sort Space Used": 25, "Sort Space Type": "Memory", "Plans": [{"Node Type": "Subquery Scan", "Parent Relationship": "Outer", "Alias": "revenue0", "Startup Cost": 1625862.71, "Total Cost": 1627198.76, "Plan Rows": 59380, "Plan Width": 16, "Actual Startup Time": 11071.098, "Actual Total Time": 11090.42, "Actual Rows": 1, "Actual Loops": 1, "Plans": [{"Node Type": "Aggregate", "Strategy": "Hashed", "Parent Relationship": "Subquery", "Startup Cost": 1625862.71, "Total Cost": 1626604.96, "Plan Rows": 59380, "Plan Width": 40, "Actual Startup Time": 11071.095, "Actual Total Time": 11090.414, "Actual Rows": 1, "Actual Loops": 1, "Group By Key": ["public.lineitem.l_suppkey"], "Filter": "(sum((public.lineitem.l_extendedprice * (1::double precision - public.lineitem.l_discount))) = $0), (LLVM Optimized, Jit Execute)", "Rows Removed by Filter": 99999, "Plans": [{"Node Type": "Bitmap Heap Scan", "Parent Relationship": "Outer", "Relation Name": "lineitem", "Alias": "lineitem", "Startup Cost": 78544.19, "Total Cost": 1586191.59, "Plan Rows": 2266921, "Plan Width": 24, "Actual Startup Time": 1031.52, "Actual Total Time": 3790.349, "Actual Rows": 2293944, "Actual Loops": 1, "Recheck Cond": "((l_shipdate >= '1997-07-01 00:00:00'::timestamp(0) without time zone) AND (l_shipdate < '1997-10-01 00:00:00'::timestamp without time zone)), (LLVM Optimized, Jit Execute)", "Rows Removed by Index Recheck": 0, "Exact Heap Blocks": 732487, "Lossy Heap Blocks": 732487, "Plans": [{"Node Type": "Bitmap Index Scan", "Parent Relationship": "Outer", "Index Name": "idx_lineitem_shipdate", "Startup Cost": 0.0, "Total Cost": 77977.46, "Plan Rows": 2266921, "Plan Width": 0, "Actual Startup Time": 742.846, "Actual Total Time": 742.846, "Actual Rows": 2293944, "Actual Loops": 1, "Index Cond": "((l_shipdate >= '1997-07-01 00:00:00'::timestamp(0) without time zone) AND (l_shipdate < '1997-10-01 00:00:00'::timestamp without time zone))"}]}]}]}]}]}, "Triggers": [], "Planner Runtime": 0.881, "Total Runtime": 11131.308, "Unique SQL Id": 3712096918}}, "(16, '21')": {"explain_plan": {"Plan": {"Node Type": "Merge Join", "Join Type": "Inner", "Startup Cost": 3242103.77, "Total Cost": 3248579.02, "Plan Rows": 59380, "Plan Width": 83, "Inner Unique": true, "Merge Cond": "(supplier.s_suppkey = revenue0.supplier_no)", "Plans": [{"Node Type": "Aggregate", "Strategy": "Plain", "Parent Relationship": "exec_init_plan", "Subplan Name": "InitPlan 1 (returns $0)", "Startup Cost": 1610196.85, "Total Cost": 1610196.86, "Plan Rows": 1, "Plan Width": 16, "Plans": [{"Node Type": "Aggregate", "Strategy": "Hashed", "Parent Relationship": "Outer", "Startup Cost": 1608860.8, "Total Cost": 1609454.6, "Plan Rows": 59380, "Plan Width": 32, "Group By Key": ["public.lineitem.l_suppkey"], "Plans": [{"Node Type": "Bitmap Heap Scan", "Parent Relationship": "Outer", "Relation Name": "lineitem", "Alias": "lineitem", "Startup Cost": 78544.19, "Total Cost": 1586191.59, "Plan Rows": 2266921, "Plan Width": 24, "Recheck Cond": "((l_shipdate >= '1997-07-01 00:00:00'::timestamp(0) without time zone) AND (l_shipdate < '1997-10-01 00:00:00'::timestamp without time zone)), (LLVM Optimized)", "Plans": [{"Node Type": "Bitmap Index Scan", "Parent Relationship": "Outer", "Index Name": "idx_lineitem_shipdate", "Startup Cost": 0.0, "Total Cost": 77977.46, "Plan Rows": 2266921, "Plan Width": 0, "Index Cond": "((l_shipdate >= '1997-07-01 00:00:00'::timestamp(0) without time zone) AND (l_shipdate < '1997-10-01 00:00:00'::timestamp without time zone))"}]}]}]}, {"Node Type": "Index Scan", "Parent Relationship": "Outer", "Scan Direction": "Forward", "Index Name": "supplier_pkey", "Relation Name": "supplier", "Alias": "supplier", "Startup Cost": 0.0, "Total Cost": 5334.54, "Plan Rows": 100000, "Plan Width": 75}, {"Node Type": "Sort", "Parent Relationship": "Inner", "Startup Cost": 1631906.91, "Total Cost": 1632055.36, "Plan Rows": 59380, "Plan Width": 16, "Sort Key": ["revenue0.supplier_no"], "Plans": [{"Node Type": "Subquery Scan", "Parent Relationship": "Outer", "Alias": "revenue0", "Startup Cost": 1625862.71, "Total Cost": 1627198.76, "Plan Rows": 59380, "Plan Width": 16, "Plans": [{"Node Type": "Aggregate", "Strategy": "Hashed", "Parent Relationship": "Subquery", "Startup Cost": 1625862.71, "Total Cost": 1626604.96, "Plan Rows": 59380, "Plan Width": 40, "Group By Key": ["public.lineitem.l_suppkey"], "Filter": "(sum((public.lineitem.l_extendedprice * (1::double precision - public.lineitem.l_discount))) = $0), (LLVM Optimized)", "Plans": [{"Node Type": "Bitmap Heap Scan", "Parent Relationship": "Outer", "Relation Name": "lineitem", "Alias": "lineitem", "Startup Cost": 78544.19, "Total Cost": 1586191.59, "Plan Rows": 2266921, "Plan Width": 24, "Recheck Cond": "((l_shipdate >= '1997-07-01 00:00:00'::timestamp(0) without time zone) AND (l_shipdate < '1997-10-01 00:00:00'::timestamp without time zone)), (LLVM Optimized)", "Plans": [{"Node Type": "Bitmap Index Scan", "Parent Relationship": "Outer", "Index Name": "idx_lineitem_shipdate", "Startup Cost": 0.0, "Total Cost": 77977.46, "Plan Rows": 2266921, "Plan Width": 0, "Index Cond": "((l_shipdate >= '1997-07-01 00:00:00'::timestamp(0) without time zone) AND (l_shipdate < '1997-10-01 00:00:00'::timestamp without time zone))"}]}]}]}]}]}, "Unique SQL Id": 3712096918, "Planner Runtime": 0}, "explain_analyze_plan": {"Plan": {"Node Type": "Merge Join", "Join Type": "Inner", "Startup Cost": 3242103.77, "Total Cost": 3248579.02, "Plan Rows": 59380, "Plan Width": 83, "Actual Startup Time": 11118.228, "Actual Total Time": 11118.237, "Actual Rows": 1, "Actual Loops": 1, "Inner Unique": true, "Merge Cond": "(supplier.s_suppkey = revenue0.supplier_no)", "Plans": [{"Node Type": "Aggregate", "Strategy": "Plain", "Parent Relationship": "exec_init_plan", "Subplan Name": "InitPlan 1 (returns $0)", "Startup Cost": 1610196.85, "Total Cost": 1610196.86, "Plan Rows": 1, "Plan Width": 16, "Actual Startup Time": 5738.869, "Actual Total Time": 5738.869, "Actual Rows": 1, "Actual Loops": 1, "Plans": [{"Node Type": "Aggregate", "Strategy": "Hashed", "Parent Relationship": "Outer", "Startup Cost": 1608860.8, "Total Cost": 1609454.6, "Plan Rows": 59380, "Plan Width": 32, "Actual Startup Time": 5688.243, "Actual Total Time": 5723.985, "Actual Rows": 100000, "Actual Loops": 1, "Group By Key": ["public.lineitem.l_suppkey"], "Plans": [{"Node Type": "Bitmap Heap Scan", "Parent Relationship": "Outer", "Relation Name": "lineitem", "Alias": "lineitem", "Startup Cost": 78544.19, "Total Cost": 1586191.59, "Plan Rows": 2266921, "Plan Width": 24, "Actual Startup Time": 1223.117, "Actual Total Time": 4086.228, "Actual Rows": 2293944, "Actual Loops": 1, "Recheck Cond": "((l_shipdate >= '1997-07-01 00:00:00'::timestamp(0) without time zone) AND (l_shipdate < '1997-10-01 00:00:00'::timestamp without time zone)), (LLVM Optimized, Jit Execute)", "Rows Removed by Index Recheck": 0, "Exact Heap Blocks": 732487, "Lossy Heap Blocks": 732487, "Plans": [{"Node Type": "Bitmap Index Scan", "Parent Relationship": "Outer", "Index Name": "idx_lineitem_shipdate", "Startup Cost": 0.0, "Total Cost": 77977.46, "Plan Rows": 2266921, "Plan Width": 0, "Actual Startup Time": 892.359, "Actual Total Time": 892.359, "Actual Rows": 2293944, "Actual Loops": 1, "Index Cond": "((l_shipdate >= '1997-07-01 00:00:00'::timestamp(0) without time zone) AND (l_shipdate < '1997-10-01 00:00:00'::timestamp without time zone))"}]}]}]}, {"Node Type": "Index Scan", "Parent Relationship": "Outer", "Scan Direction": "Forward", "Index Name": "supplier_pkey", "Relation Name": "supplier", "Alias": "supplier", "Startup Cost": 0.0, "Total Cost": 5334.54, "Plan Rows": 100000, "Plan Width": 75, "Actual Startup Time": 0.04, "Actual Total Time": 22.499, "Actual Rows": 35977, "Actual Loops": 1}, {"Node Type": "Sort", "Parent Relationship": "Inner", "Startup Cost": 1631906.91, "Total Cost": 1632055.36, "Plan Rows": 59380, "Plan Width": 16, "Actual Startup Time": 11090.65, "Actual Total Time": 11090.651, "Actual Rows": 1, "Actual Loops": 1, "Sort Key": ["revenue0.supplier_no"], "Sort Method": "quicksort", "Sort Space Used": 25, "Sort Space Type": "Memory", "Plans": [{"Node Type": "Subquery Scan", "Parent Relationship": "Outer", "Alias": "revenue0", "Startup Cost": 1625862.71, "Total Cost": 1627198.76, "Plan Rows": 59380, "Plan Width": 16, "Actual Startup Time": 11071.098, "Actual Total Time": 11090.42, "Actual Rows": 1, "Actual Loops": 1, "Plans": [{"Node Type": "Aggregate", "Strategy": "Hashed", "Parent Relationship": "Subquery", "Startup Cost": 1625862.71, "Total Cost": 1626604.96, "Plan Rows": 59380, "Plan Width": 40, "Actual Startup Time": 11071.095, "Actual Total Time": 11090.414, "Actual Rows": 1, "Actual Loops": 1, "Group By Key": ["public.lineitem.l_suppkey"], "Filter": "(sum((public.lineitem.l_extendedprice * (1::double precision - public.lineitem.l_discount))) = $0), (LLVM Optimized, Jit Execute)", "Rows Removed by Filter": 99999, "Plans": [{"Node Type": "Bitmap Heap Scan", "Parent Relationship": "Outer", "Relation Name": "lineitem", "Alias": "lineitem", "Startup Cost": 78544.19, "Total Cost": 1586191.59, "Plan Rows": 2266921, "Plan Width": 24, "Actual Startup Time": 1031.52, "Actual Total Time": 3790.349, "Actual Rows": 2293944, "Actual Loops": 1, "Recheck Cond": "((l_shipdate >= '1997-07-01 00:00:00'::timestamp(0) without time zone) AND (l_shipdate < '1997-10-01 00:00:00'::timestamp without time zone)), (LLVM Optimized, Jit Execute)", "Rows Removed by Index Recheck": 0, "Exact Heap Blocks": 732487, "Lossy Heap Blocks": 732487, "Plans": [{"Node Type": "Bitmap Index Scan", "Parent Relationship": "Outer", "Index Name": "idx_lineitem_shipdate", "Startup Cost": 0.0, "Total Cost": 77977.46, "Plan Rows": 2266921, "Plan Width": 0, "Actual Startup Time": 742.846, "Actual Total Time": 742.846, "Actual Rows": 2293944, "Actual Loops": 1, "Index Cond": "((l_shipdate >= '1997-07-01 00:00:00'::timestamp(0) without time zone) AND (l_shipdate < '1997-10-01 00:00:00'::timestamp without time zone))"}]}]}]}]}]}, "Triggers": [], "Planner Runtime": 0.881, "Total Runtime": 11131.308, "Unique SQL Id": 3712096918}}, "(16, '22')": {"explain_plan": {"Plan": {"Node Type": "Merge Join", "Join Type": "Inner", "Startup Cost": 3253691.59, "Total Cost": 3255082.29, "Plan Rows": 59380, "Plan Width": 83, "Inner Unique": true, "Merge Cond": "(supplier.s_suppkey = revenue0.supplier_no)", "Plans": [{"Node Type": "Aggregate", "Strategy": "Plain", "Parent Relationship": "exec_init_plan", "Subplan Name": "InitPlan 1 (returns $0)", "Startup Cost": 1610196.85, "Total Cost": 1610196.86, "Plan Rows": 1, "Plan Width": 16, "Plans": [{"Node Type": "Aggregate", "Strategy": "Hashed", "Parent Relationship": "Outer", "Startup Cost": 1608860.8, "Total Cost": 1609454.6, "Plan Rows": 59380, "Plan Width": 32, "Group By Key": ["public.lineitem.l_suppkey"], "Plans": [{"Node Type": "Bitmap Heap Scan", "Parent Relationship": "Outer", "Relation Name": "lineitem", "Alias": "lineitem", "Startup Cost": 78544.19, "Total Cost": 1586191.59, "Plan Rows": 2266921, "Plan Width": 24, "Recheck Cond": "((l_shipdate >= '1997-07-01 00:00:00'::timestamp(0) without time zone) AND (l_shipdate < '1997-10-01 00:00:00'::timestamp without time zone)), (LLVM Optimized)", "Plans": [{"Node Type": "Bitmap Index Scan", "Parent Relationship": "Outer", "Index Name": "idx_lineitem_shipdate", "Startup Cost": 0.0, "Total Cost": 77977.46, "Plan Rows": 2266921, "Plan Width": 0, "Index Cond": "((l_shipdate >= '1997-07-01 00:00:00'::timestamp(0) without time zone) AND (l_shipdate < '1997-10-01 00:00:00'::timestamp without time zone))"}]}]}]}, {"Node Type": "Sort", "Parent Relationship": "Outer", "Startup Cost": 11587.82, "Total Cost": 11837.82, "Plan Rows": 100000, "Plan Width": 75, "Sort Key": ["supplier.s_suppkey"], "Plans": [{"Node Type": "Seq Scan", "Parent Relationship": "Outer", "Relation Name": "supplier", "Alias": "supplier", "Startup Cost": 0.0, "Total Cost": 3283.0, "Plan Rows": 100000, "Plan Width": 75}]}, {"Node Type": "Sort", "Parent Relationship": "Inner", "Startup Cost": 1631906.91, "Total Cost": 1632055.36, "Plan Rows": 59380, "Plan Width": 16, "Sort Key": ["revenue0.supplier_no"], "Plans": [{"Node Type": "Subquery Scan", "Parent Relationship": "Outer", "Alias": "revenue0", "Startup Cost": 1625862.71, "Total Cost": 1627198.76, "Plan Rows": 59380, "Plan Width": 16, "Plans": [{"Node Type": "Aggregate", "Strategy": "Hashed", "Parent Relationship": "Subquery", "Startup Cost": 1625862.71, "Total Cost": 1626604.96, "Plan Rows": 59380, "Plan Width": 40, "Group By Key": ["public.lineitem.l_suppkey"], "Filter": "(sum((public.lineitem.l_extendedprice * (1::double precision - public.lineitem.l_discount))) = $0), (LLVM Optimized)", "Plans": [{"Node Type": "Bitmap Heap Scan", "Parent Relationship": "Outer", "Relation Name": "lineitem", "Alias": "lineitem", "Startup Cost": 78544.19, "Total Cost": 1586191.59, "Plan Rows": 2266921, "Plan Width": 24, "Recheck Cond": "((l_shipdate >= '1997-07-01 00:00:00'::timestamp(0) without time zone) AND (l_shipdate < '1997-10-01 00:00:00'::timestamp without time zone)), (LLVM Optimized)", "Plans": [{"Node Type": "Bitmap Index Scan", "Parent Relationship": "Outer", "Index Name": "idx_lineitem_shipdate", "Startup Cost": 0.0, "Total Cost": 77977.46, "Plan Rows": 2266921, "Plan Width": 0, "Index Cond": "((l_shipdate >= '1997-07-01 00:00:00'::timestamp(0) without time zone) AND (l_shipdate < '1997-10-01 00:00:00'::timestamp without time zone))"}]}]}]}]}]}, "Unique SQL Id": 3712096918, "Planner Runtime": 0}, "explain_analyze_plan": {"Plan": {"Node Type": "Merge Join", "Join Type": "Inner", "Startup Cost": 3253691.59, "Total Cost": 3255082.29, "Plan Rows": 59380, "Plan Width": 83, "Actual Startup Time": 11244.454, "Actual Total Time": 11244.66, "Actual Rows": 1, "Actual Loops": 1, "Inner Unique": true, "Merge Cond": "(supplier.s_suppkey = revenue0.supplier_no)", "Plans": [{"Node Type": "Aggregate", "Strategy": "Plain", "Parent Relationship": "exec_init_plan", "Subplan Name": "InitPlan 1 (returns $0)", "Startup Cost": 1610196.85, "Total Cost": 1610196.86, "Plan Rows": 1, "Plan Width": 16, "Actual Startup Time": 5540.475, "Actual Total Time": 5540.475, "Actual Rows": 1, "Actual Loops": 1, "Plans": [{"Node Type": "Aggregate", "Strategy": "Hashed", "Parent Relationship": "Outer", "Startup Cost": 1608860.8, "Total Cost": 1609454.6, "Plan Rows": 59380, "Plan Width": 32, "Actual Startup Time": 5487.76, "Actual Total Time": 5525.414, "Actual Rows": 100000, "Actual Loops": 1, "Group By Key": ["public.lineitem.l_suppkey"], "Plans": [{"Node Type": "Bitmap Heap Scan", "Parent Relationship": "Outer", "Relation Name": "lineitem", "Alias": "lineitem", "Startup Cost": 78544.19, "Total Cost": 1586191.59, "Plan Rows": 2266921, "Plan Width": 24, "Actual Startup Time": 1071.158, "Actual Total Time": 3793.282, "Actual Rows": 2293944, "Actual Loops": 1, "Recheck Cond": "((l_shipdate >= '1997-07-01 00:00:00'::timestamp(0) without time zone) AND (l_shipdate < '1997-10-01 00:00:00'::timestamp without time zone)), (LLVM Optimized, Jit Execute)", "Rows Removed by Index Recheck": 0, "Exact Heap Blocks": 732487, "Lossy Heap Blocks": 732487, "Plans": [{"Node Type": "Bitmap Index Scan", "Parent Relationship": "Outer", "Index Name": "idx_lineitem_shipdate", "Startup Cost": 0.0, "Total Cost": 77977.46, "Plan Rows": 2266921, "Plan Width": 0, "Actual Startup Time": 771.958, "Actual Total Time": 771.958, "Actual Rows": 2293944, "Actual Loops": 1, "Index Cond": "((l_shipdate >= '1997-07-01 00:00:00'::timestamp(0) without time zone) AND (l_shipdate < '1997-10-01 00:00:00'::timestamp without time zone))"}]}]}]}, {"Node Type": "Sort", "Parent Relationship": "Outer", "Startup Cost": 11587.82, "Total Cost": 11837.82, "Plan Rows": 100000, "Plan Width": 75, "Actual Startup Time": 71.958, "Actual Total Time": 76.627, "Actual Rows": 35977, "Actual Loops": 1, "Sort Key": ["supplier.s_suppkey"], "Sort Method": "quicksort", "Sort Space Used": 18698, "Sort Space Type": "Memory", "Plans": [{"Node Type": "Seq Scan", "Parent Relationship": "Outer", "Relation Name": "supplier", "Alias": "supplier", "Startup Cost": 0.0, "Total Cost": 3283.0, "Plan Rows": 100000, "Plan Width": 75, "Actual Startup Time": 0.03, "Actual Total Time": 35.522, "Actual Rows": 100000, "Actual Loops": 1}]}, {"Node Type": "Sort", "Parent Relationship": "Inner", "Startup Cost": 1631906.91, "Total Cost": 1632055.36, "Plan Rows": 59380, "Plan Width": 16, "Actual Startup Time": 11162.59, "Actual Total Time": 11162.59, "Actual Rows": 1, "Actual Loops": 1, "Sort Key": ["revenue0.supplier_no"], "Sort Method": "quicksort", "Sort Space Used": 25, "Sort Space Type": "Memory", "Plans": [{"Node Type": "Subquery Scan", "Parent Relationship": "Outer", "Alias": "revenue0", "Startup Cost": 1625862.71, "Total Cost": 1627198.76, "Plan Rows": 59380, "Plan Width": 16, "Actual Startup Time": 11143.388, "Actual Total Time": 11162.34, "Actual Rows": 1, "Actual Loops": 1, "Plans": [{"Node Type": "Aggregate", "Strategy": "Hashed", "Parent Relationship": "Subquery", "Startup Cost": 1625862.71, "Total Cost": 1626604.96, "Plan Rows": 59380, "Plan Width": 40, "Actual Startup Time": 11143.385, "Actual Total Time": 11162.334, "Actual Rows": 1, "Actual Loops": 1, "Group By Key": ["public.lineitem.l_suppkey"], "Filter": "(sum((public.lineitem.l_extendedprice * (1::double precision - public.lineitem.l_discount))) = $0), (LLVM Optimized, Jit Execute)", "Rows Removed by Filter": 99999, "Plans": [{"Node Type": "Bitmap Heap Scan", "Parent Relationship": "Outer", "Relation Name": "lineitem", "Alias": "lineitem", "Startup Cost": 78544.19, "Total Cost": 1586191.59, "Plan Rows": 2266921, "Plan Width": 24, "Actual Startup Time": 1145.015, "Actual Total Time": 3998.398, "Actual Rows": 2293944, "Actual Loops": 1, "Recheck Cond": "((l_shipdate >= '1997-07-01 00:00:00'::timestamp(0) without time zone) AND (l_shipdate < '1997-10-01 00:00:00'::timestamp without time zone)), (LLVM Optimized, Jit Execute)", "Rows Removed by Index Recheck": 0, "Exact Heap Blocks": 732487, "Lossy Heap Blocks": 732487, "Plans": [{"Node Type": "Bitmap Index Scan", "Parent Relationship": "Outer", "Index Name": "idx_lineitem_shipdate", "Startup Cost": 0.0, "Total Cost": 77977.46, "Plan Rows": 2266921, "Plan Width": 0, "Actual Startup Time": 789.761, "Actual Total Time": 789.761, "Actual Rows": 2293944, "Actual Loops": 1, "Index Cond": "((l_shipdate >= '1997-07-01 00:00:00'::timestamp(0) without time zone) AND (l_shipdate < '1997-10-01 00:00:00'::timestamp without time zone))"}]}]}]}]}]}, "Triggers": [], "Planner Runtime": 0.873, "Total Runtime": 11257.671, "Unique SQL Id": 3712096918}}, "(16, '23')": {"explain_plan": {"Plan": {"Node Type": "Sort", "Startup Cost": 3497813.02, "Total Cost": 3497961.47, "Plan Rows": 59380, "Plan Width": 83, "Sort Key": ["supplier.s_suppkey"], "Plans": [{"Node Type": "Aggregate", "Strategy": "Plain", "Parent Relationship": "exec_init_plan", "Subplan Name": "InitPlan 1 (returns $0)", "Startup Cost": 1610196.85, "Total Cost": 1610196.86, "Plan Rows": 1, "Plan Width": 16, "Plans": [{"Node Type": "Aggregate", "Strategy": "Hashed", "Parent Relationship": "Outer", "Startup Cost": 1608860.8, "Total Cost": 1609454.6, "Plan Rows": 59380, "Plan Width": 32, "Group By Key": ["public.lineitem.l_suppkey"], "Plans": [{"Node Type": "Bitmap Heap Scan", "Parent Relationship": "Outer", "Relation Name": "lineitem", "Alias": "lineitem", "Startup Cost": 78544.19, "Total Cost": 1586191.59, "Plan Rows": 2266921, "Plan Width": 24, "Recheck Cond": "((l_shipdate >= '1997-07-01 00:00:00'::timestamp(0) without time zone) AND (l_shipdate < '1997-10-01 00:00:00'::timestamp without time zone)), (LLVM Optimized)", "Plans": [{"Node Type": "Bitmap Index Scan", "Parent Relationship": "Outer", "Index Name": "idx_lineitem_shipdate", "Startup Cost": 0.0, "Total Cost": 77977.46, "Plan Rows": 2266921, "Plan Width": 0, "Index Cond": "((l_shipdate >= '1997-07-01 00:00:00'::timestamp(0) without time zone) AND (l_shipdate < '1997-10-01 00:00:00'::timestamp without time zone))"}]}]}]}, {"Node Type": "Nested Loop", "Parent Relationship": "Outer", "Join Type": "Inner", "Startup Cost": 1625863.0, "Total Cost": 1882908.01, "Plan Rows": 59380, "Plan Width": 83, "Inner Unique": true, "Plans": [{"Node Type": "Aggregate", "Strategy": "Hashed", "Parent Relationship": "Outer", "Startup Cost": 1625862.71, "Total Cost": 1626604.96, "Plan Rows": 59380, "Plan Width": 40, "Group By Key": ["public.lineitem.l_suppkey"], "Filter": "(sum((public.lineitem.l_extendedprice * (1::double precision - public.lineitem.l_discount))) = $0), (LLVM Optimized)", "Plans": [{"Node Type": "Bitmap Heap Scan", "Parent Relationship": "Outer", "Relation Name": "lineitem", "Alias": "lineitem", "Startup Cost": 78544.19, "Total Cost": 1586191.59, "Plan Rows": 2266921, "Plan Width": 24, "Recheck Cond": "((l_shipdate >= '1997-07-01 00:00:00'::timestamp(0) without time zone) AND (l_shipdate < '1997-10-01 00:00:00'::timestamp without time zone)), (LLVM Optimized)", "Plans": [{"Node Type": "Bitmap Index Scan", "Parent Relationship": "Outer", "Index Name": "idx_lineitem_shipdate", "Startup Cost": 0.0, "Total Cost": 77977.46, "Plan Rows": 2266921, "Plan Width": 0, "Index Cond": "((l_shipdate >= '1997-07-01 00:00:00'::timestamp(0) without time zone) AND (l_shipdate < '1997-10-01 00:00:00'::timestamp without time zone))"}]}]}, {"Node Type": "Bitmap Heap Scan", "Parent Relationship": "Inner", "Relation Name": "supplier", "Alias": "supplier", "Startup Cost": 0.28, "Total Cost": 4.3, "Plan Rows": 1, "Plan Width": 75, "Recheck Cond": "(s_suppkey = public.lineitem.l_suppkey)", "Plans": [{"Node Type": "Bitmap Index Scan", "Parent Relationship": "Outer", "Index Name": "supplier_pkey", "Startup Cost": 0.0, "Total Cost": 0.28, "Plan Rows": 1, "Plan Width": 0, "Index Cond": "(s_suppkey = public.lineitem.l_suppkey)"}]}]}]}, "Unique SQL Id": 3712096918, "Planner Runtime": 0}, "explain_analyze_plan": {"Plan": {"Node Type": "Sort", "Startup Cost": 3497813.02, "Total Cost": 3497961.47, "Plan Rows": 59380, "Plan Width": 83, "Actual Startup Time": 11241.876, "Actual Total Time": 11241.876, "Actual Rows": 1, "Actual Loops": 1, "Sort Key": ["supplier.s_suppkey"], "Sort Method": "quicksort", "Sort Space Used": 25, "Sort Space Type": "Memory", "Plans": [{"Node Type": "Aggregate", "Strategy": "Plain", "Parent Relationship": "exec_init_plan", "Subplan Name": "InitPlan 1 (returns $0)", "Startup Cost": 1610196.85, "Total Cost": 1610196.86, "Plan Rows": 1, "Plan Width": 16, "Actual Startup Time": 5464.823, "Actual Total Time": 5464.823, "Actual Rows": 1, "Actual Loops": 1, "Plans": [{"Node Type": "Aggregate", "Strategy": "Hashed", "Parent Relationship": "Outer", "Startup Cost": 1608860.8, "Total Cost": 1609454.6, "Plan Rows": 59380, "Plan Width": 32, "Actual Startup Time": 5414.615, "Actual Total Time": 5449.751, "Actual Rows": 100000, "Actual Loops": 1, "Group By Key": ["public.lineitem.l_suppkey"], "Plans": [{"Node Type": "Bitmap Heap Scan", "Parent Relationship": "Outer", "Relation Name": "lineitem", "Alias": "lineitem", "Startup Cost": 78544.19, "Total Cost": 1586191.59, "Plan Rows": 2266921, "Plan Width": 24, "Actual Startup Time": 1070.692, "Actual Total Time": 3752.897, "Actual Rows": 2293944, "Actual Loops": 1, "Recheck Cond": "((l_shipdate >= '1997-07-01 00:00:00'::timestamp(0) without time zone) AND (l_shipdate < '1997-10-01 00:00:00'::timestamp without time zone)), (LLVM Optimized, Jit Execute)", "Rows Removed by Index Recheck": 0, "Exact Heap Blocks": 732487, "Lossy Heap Blocks": 732487, "Plans": [{"Node Type": "Bitmap Index Scan", "Parent Relationship": "Outer", "Index Name": "idx_lineitem_shipdate", "Startup Cost": 0.0, "Total Cost": 77977.46, "Plan Rows": 2266921, "Plan Width": 0, "Actual Startup Time": 784.899, "Actual Total Time": 784.899, "Actual Rows": 2293944, "Actual Loops": 1, "Index Cond": "((l_shipdate >= '1997-07-01 00:00:00'::timestamp(0) without time zone) AND (l_shipdate < '1997-10-01 00:00:00'::timestamp without time zone))"}]}]}]}, {"Node Type": "Nested Loop", "Parent Relationship": "Outer", "Join Type": "Inner", "Startup Cost": 1625863.0, "Total Cost": 1882908.01, "Plan Rows": 59380, "Plan Width": 83, "Actual Startup Time": 11222.658, "Actual Total Time": 11241.85, "Actual Rows": 1, "Actual Loops": 1, "Inner Unique": true, "Plans": [{"Node Type": "Aggregate", "Strategy": "Hashed", "Parent Relationship": "Outer", "Startup Cost": 1625862.71, "Total Cost": 1626604.96, "Plan Rows": 59380, "Plan Width": 40, "Actual Startup Time": 11222.535, "Actual Total Time": 11241.516, "Actual Rows": 1, "Actual Loops": 1, "Group By Key": ["public.lineitem.l_suppkey"], "Filter": "(sum((public.lineitem.l_extendedprice * (1::double precision - public.lineitem.l_discount))) = $0), (LLVM Optimized, Jit Execute)", "Rows Removed by Filter": 99999, "Plans": [{"Node Type": "Bitmap Heap Scan", "Parent Relationship": "Outer", "Relation Name": "lineitem", "Alias": "lineitem", "Startup Cost": 78544.19, "Total Cost": 1586191.59, "Plan Rows": 2266921, "Plan Width": 24, "Actual Startup Time": 1227.767, "Actual Total Time": 4076.427, "Actual Rows": 2293944, "Actual Loops": 1, "Recheck Cond": "((l_shipdate >= '1997-07-01 00:00:00'::timestamp(0) without time zone) AND (l_shipdate < '1997-10-01 00:00:00'::timestamp without time zone)), (LLVM Optimized, Jit Execute)", "Rows Removed by Index Recheck": 0, "Exact Heap Blocks": 732487, "Lossy Heap Blocks": 732487, "Plans": [{"Node Type": "Bitmap Index Scan", "Parent Relationship": "Outer", "Index Name": "idx_lineitem_shipdate", "Startup Cost": 0.0, "Total Cost": 77977.46, "Plan Rows": 2266921, "Plan Width": 0, "Actual Startup Time": 872.627, "Actual Total Time": 872.627, "Actual Rows": 2293944, "Actual Loops": 1, "Index Cond": "((l_shipdate >= '1997-07-01 00:00:00'::timestamp(0) without time zone) AND (l_shipdate < '1997-10-01 00:00:00'::timestamp without time zone))"}]}]}, {"Node Type": "Bitmap Heap Scan", "Parent Relationship": "Inner", "Relation Name": "supplier", "Alias": "supplier", "Startup Cost": 0.28, "Total Cost": 4.3, "Plan Rows": 1, "Plan Width": 75, "Actual Startup Time": 0.098, "Actual Total Time": 0.098, "Actual Rows": 1, "Actual Loops": 1, "Recheck Cond": "(s_suppkey = public.lineitem.l_suppkey)", "Rows Removed by Index Recheck": 0, "Exact Heap Blocks": 1, "Lossy Heap Blocks": 1, "Plans": [{"Node Type": "Bitmap Index Scan", "Parent Relationship": "Outer", "Index Name": "supplier_pkey", "Startup Cost": 0.0, "Total Cost": 0.28, "Plan Rows": 1, "Plan Width": 0, "Actual Startup Time": 0.039, "Actual Total Time": 0.039, "Actual Rows": 1, "Actual Loops": 1, "Index Cond": "(s_suppkey = public.lineitem.l_suppkey)"}]}]}]}, "Triggers": [], "Planner Runtime": 0.877, "Total Runtime": 11254.72, "Unique SQL Id": 3712096918}}, "(16, '24')": {"explain_plan": {"Plan": {"Node Type": "Merge Join", "Join Type": "Inner", "Startup Cost": 4699821.58, "Total Cost": 4706296.82, "Plan Rows": 59380, "Plan Width": 83, "Inner Unique": true, "Merge Cond": "(supplier.s_suppkey = revenue0.supplier_no)", "Plans": [{"Node Type": "Aggregate", "Strategy": "Plain", "Parent Relationship": "exec_init_plan", "Subplan Name": "InitPlan 1 (returns $0)", "Startup Cost": 2339055.76, "Total Cost": 2339055.77, "Plan Rows": 1, "Plan Width": 16, "Plans": [{"Node Type": "Aggregate", "Strategy": "Hashed", "Parent Relationship": "Outer", "Startup Cost": 2337719.71, "Total Cost": 2338313.51, "Plan Rows": 59380, "Plan Width": 32, "Group By Key": ["public.lineitem.l_suppkey"], "Plans": [{"Node Type": "Seq Scan", "Parent Relationship": "Outer", "Relation Name": "lineitem", "Alias": "lineitem", "Startup Cost": 25.28, "Total Cost": 2315050.5, "Plan Rows": 2266921, "Plan Width": 24, "Filter": "((l_shipdate >= '1997-07-01 00:00:00'::timestamp(0) without time zone) AND (l_shipdate < '1997-10-01 00:00:00'::timestamp without time zone)), (LLVM Optimized)"}]}]}, {"Node Type": "Index Scan", "Parent Relationship": "Outer", "Scan Direction": "Forward", "Index Name": "supplier_pkey", "Relation Name": "supplier", "Alias": "supplier", "Startup Cost": 0.0, "Total Cost": 5334.54, "Plan Rows": 100000, "Plan Width": 75}, {"Node Type": "Sort", "Parent Relationship": "Inner", "Startup Cost": 2360765.81, "Total Cost": 2360914.26, "Plan Rows": 59380, "Plan Width": 16, "Sort Key": ["revenue0.supplier_no"], "Plans": [{"Node Type": "Subquery Scan", "Parent Relationship": "Outer", "Alias": "revenue0", "Startup Cost": 2354721.61, "Total Cost": 2356057.66, "Plan Rows": 59380, "Plan Width": 16, "Plans": [{"Node Type": "Aggregate", "Strategy": "Hashed", "Parent Relationship": "Subquery", "Startup Cost": 2354721.61, "Total Cost": 2355463.86, "Plan Rows": 59380, "Plan Width": 40, "Group By Key": ["public.lineitem.l_suppkey"], "Filter": "(sum((public.lineitem.l_extendedprice * (1::double precision - public.lineitem.l_discount))) = $0), (LLVM Optimized)", "Plans": [{"Node Type": "Seq Scan", "Parent Relationship": "Outer", "Relation Name": "lineitem", "Alias": "lineitem", "Startup Cost": 25.28, "Total Cost": 2315050.5, "Plan Rows": 2266921, "Plan Width": 24, "Filter": "((l_shipdate >= '1997-07-01 00:00:00'::timestamp(0) without time zone) AND (l_shipdate < '1997-10-01 00:00:00'::timestamp without time zone)), (LLVM Optimized)"}]}]}]}]}, "Unique SQL Id": 3712096918, "Planner Runtime": 0}, "explain_analyze_plan": null}, "(16, '25')": {"explain_plan": {"Plan": {"Node Type": "Merge Join", "Join Type": "Inner", "Startup Cost": 10341221.9, "Total Cost": 10347697.14, "Plan Rows": 59380, "Plan Width": 83, "Inner Unique": true, "Merge Cond": "(supplier.s_suppkey = revenue0.supplier_no)", "Plans": [{"Node Type": "Aggregate", "Strategy": "Plain", "Parent Relationship": "exec_init_plan", "Subplan Name": "InitPlan 1 (returns $0)", "Startup Cost": 5159755.92, "Total Cost": 5159755.93, "Plan Rows": 1, "Plan Width": 16, "Plans": [{"Node Type": "Aggregate", "Strategy": "Hashed", "Parent Relationship": "Outer", "Startup Cost": 5158419.87, "Total Cost": 5159013.67, "Plan Rows": 59380, "Plan Width": 32, "Group By Key": ["public.lineitem.l_suppkey"], "Plans": [{"Node Type": "Index Scan", "Parent Relationship": "Outer", "Scan Direction": "Forward", "Index Name": "idx_lineitem_shipdate", "Relation Name": "lineitem", "Alias": "lineitem", "Startup Cost": 0.0, "Total Cost": 5135750.66, "Plan Rows": 2266921, "Plan Width": 24, "Index Cond": "((l_shipdate >= '1997-07-01 00:00:00'::timestamp(0) without time zone) AND (l_shipdate < '1997-10-01 00:00:00'::timestamp without time zone)), (LLVM Optimized)"}]}]}, {"Node Type": "Index Scan", "Parent Relationship": "Outer", "Scan Direction": "Forward", "Index Name": "supplier_pkey", "Relation Name": "supplier", "Alias": "supplier", "Startup Cost": 0.0, "Total Cost": 5334.54, "Plan Rows": 100000, "Plan Width": 75}, {"Node Type": "Sort", "Parent Relationship": "Inner", "Startup Cost": 5181465.97, "Total Cost": 5181614.42, "Plan Rows": 59380, "Plan Width": 16, "Sort Key": ["revenue0.supplier_no"], "Plans": [{"Node Type": "Subquery Scan", "Parent Relationship": "Outer", "Alias": "revenue0", "Startup Cost": 5175421.77, "Total Cost": 5176757.82, "Plan Rows": 59380, "Plan Width": 16, "Plans": [{"Node Type": "Aggregate", "Strategy": "Hashed", "Parent Relationship": "Subquery", "Startup Cost": 5175421.77, "Total Cost": 5176164.02, "Plan Rows": 59380, "Plan Width": 40, "Group By Key": ["public.lineitem.l_suppkey"], "Filter": "(sum((public.lineitem.l_extendedprice * (1::double precision - public.lineitem.l_discount))) = $0), (LLVM Optimized)", "Plans": [{"Node Type": "Index Scan", "Parent Relationship": "Outer", "Scan Direction": "Forward", "Index Name": "idx_lineitem_shipdate", "Relation Name": "lineitem", "Alias": "lineitem", "Startup Cost": 0.0, "Total Cost": 5135750.66, "Plan Rows": 2266921, "Plan Width": 24, "Index Cond": "((l_shipdate >= '1997-07-01 00:00:00'::timestamp(0) without time zone) AND (l_shipdate < '1997-10-01 00:00:00'::timestamp without time zone)), (LLVM Optimized)"}]}]}]}]}, "Unique SQL Id": 3712096918, "Planner Runtime": 0}, "explain_analyze_plan": {"Plan": {"Node Type": "Merge Join", "Join Type": "Inner", "Startup Cost": 10341221.9, "Total Cost": 10347697.14, "Plan Rows": 59380, "Plan Width": 83, "Actual Startup Time": 15929.389, "Actual Total Time": 15929.399, "Actual Rows": 1, "Actual Loops": 1, "Inner Unique": true, "Merge Cond": "(supplier.s_suppkey = revenue0.supplier_no)", "Plans": [{"Node Type": "Aggregate", "Strategy": "Plain", "Parent Relationship": "exec_init_plan", "Subplan Name": "InitPlan 1 (returns $0)", "Startup Cost": 5159755.92, "Total Cost": 5159755.93, "Plan Rows": 1, "Plan Width": 16, "Actual Startup Time": 7904.524, "Actual Total Time": 7904.525, "Actual Rows": 1, "Actual Loops": 1, "Plans": [{"Node Type": "Aggregate", "Strategy": "Hashed", "Parent Relationship": "Outer", "Startup Cost": 5158419.87, "Total Cost": 5159013.67, "Plan Rows": 59380, "Plan Width": 32, "Actual Startup Time": 7850.004, "Actual Total Time": 7889.514, "Actual Rows": 100000, "Actual Loops": 1, "Group By Key": ["public.lineitem.l_suppkey"], "Plans": [{"Node Type": "Index Scan", "Parent Relationship": "Outer", "Scan Direction": "Forward", "Index Name": "idx_lineitem_shipdate", "Relation Name": "lineitem", "Alias": "lineitem", "Startup Cost": 0.0, "Total Cost": 5135750.66, "Plan Rows": 2266921, "Plan Width": 24, "Actual Startup Time": 0.093, "Actual Total Time": 5864.917, "Actual Rows": 2293944, "Actual Loops": 1, "Index Cond": "((l_shipdate >= '1997-07-01 00:00:00'::timestamp(0) without time zone) AND (l_shipdate < '1997-10-01 00:00:00'::timestamp without time zone)), (LLVM Optimized, Jit Execute)", "Rows Removed by Index Recheck": 0}]}]}, {"Node Type": "Index Scan", "Parent Relationship": "Outer", "Scan Direction": "Forward", "Index Name": "supplier_pkey", "Relation Name": "supplier", "Alias": "supplier", "Startup Cost": 0.0, "Total Cost": 5334.54, "Plan Rows": 100000, "Plan Width": 75, "Actual Startup Time": 0.043, "Actual Total Time": 22.323, "Actual Rows": 35977, "Actual Loops": 1}, {"Node Type": "Sort", "Parent Relationship": "Inner", "Startup Cost": 5181465.97, "Total Cost": 5181614.42, "Plan Rows": 59380, "Plan Width": 16, "Actual Startup Time": 15901.97, "Actual Total Time": 15901.971, "Actual Rows": 1, "Actual Loops": 1, "Sort Key": ["revenue0.supplier_no"], "Sort Method": "quicksort", "Sort Space Used": 25, "Sort Space Type": "Memory", "Plans": [{"Node Type": "Subquery Scan", "Parent Relationship": "Outer", "Alias": "revenue0", "Startup Cost": 5175421.77, "Total Cost": 5176757.82, "Plan Rows": 59380, "Plan Width": 16, "Actual Startup Time": 15883.247, "Actual Total Time": 15901.748, "Actual Rows": 1, "Actual Loops": 1, "Plans": [{"Node Type": "Aggregate", "Strategy": "Hashed", "Parent Relationship": "Subquery", "Startup Cost": 5175421.77, "Total Cost": 5176164.02, "Plan Rows": 59380, "Plan Width": 40, "Actual Startup Time": 15883.245, "Actual Total Time": 15901.744, "Actual Rows": 1, "Actual Loops": 1, "Group By Key": ["public.lineitem.l_suppkey"], "Filter": "(sum((public.lineitem.l_extendedprice * (1::double precision - public.lineitem.l_discount))) = $0), (LLVM Optimized, Jit Execute)", "Rows Removed by Filter": 99999, "Plans": [{"Node Type": "Index Scan", "Parent Relationship": "Outer", "Scan Direction": "Forward", "Index Name": "idx_lineitem_shipdate", "Relation Name": "lineitem", "Alias": "lineitem", "Startup Cost": 0.0, "Total Cost": 5135750.66, "Plan Rows": 2266921, "Plan Width": 24, "Actual Startup Time": 0.046, "Actual Total Time": 5918.312, "Actual Rows": 2293944, "Actual Loops": 1, "Index Cond": "((l_shipdate >= '1997-07-01 00:00:00'::timestamp(0) without time zone) AND (l_shipdate < '1997-10-01 00:00:00'::timestamp without time zone)), (LLVM Optimized, Jit Execute)", "Rows Removed by Index Recheck": 0}]}]}]}]}, "Triggers": [], "Planner Runtime": 0.924, "Total Runtime": 15940.792, "Unique SQL Id": 3712096918}}, "(16, '26')": {"explain_plan": {"Plan": {"Node Type": "Merge Join", "Join Type": "Inner", "Startup Cost": 4711409.4, "Total Cost": 4712800.1, "Plan Rows": 59380, "Plan Width": 83, "Inner Unique": true, "Merge Cond": "(supplier.s_suppkey = revenue0.supplier_no)", "Plans": [{"Node Type": "Aggregate", "Strategy": "Plain", "Parent Relationship": "exec_init_plan", "Subplan Name": "InitPlan 1 (returns $0)", "Startup Cost": 2339055.76, "Total Cost": 2339055.77, "Plan Rows": 1, "Plan Width": 16, "Plans": [{"Node Type": "Aggregate", "Strategy": "Hashed", "Parent Relationship": "Outer", "Startup Cost": 2337719.71, "Total Cost": 2338313.51, "Plan Rows": 59380, "Plan Width": 32, "Group By Key": ["public.lineitem.l_suppkey"], "Plans": [{"Node Type": "Seq Scan", "Parent Relationship": "Outer", "Relation Name": "lineitem", "Alias": "lineitem", "Startup Cost": 25.28, "Total Cost": 2315050.5, "Plan Rows": 2266921, "Plan Width": 24, "Filter": "((l_shipdate >= '1997-07-01 00:00:00'::timestamp(0) without time zone) AND (l_shipdate < '1997-10-01 00:00:00'::timestamp without time zone)), (LLVM Optimized)"}]}]}, {"Node Type": "Sort", "Parent Relationship": "Outer", "Startup Cost": 11587.82, "Total Cost": 11837.82, "Plan Rows": 100000, "Plan Width": 75, "Sort Key": ["supplier.s_suppkey"], "Plans": [{"Node Type": "Seq Scan", "Parent Relationship": "Outer", "Relation Name": "supplier", "Alias": "supplier", "Startup Cost": 0.0, "Total Cost": 3283.0, "Plan Rows": 100000, "Plan Width": 75}]}, {"Node Type": "Sort", "Parent Relationship": "Inner", "Startup Cost": 2360765.81, "Total Cost": 2360914.26, "Plan Rows": 59380, "Plan Width": 16, "Sort Key": ["revenue0.supplier_no"], "Plans": [{"Node Type": "Subquery Scan", "Parent Relationship": "Outer", "Alias": "revenue0", "Startup Cost": 2354721.61, "Total Cost": 2356057.66, "Plan Rows": 59380, "Plan Width": 16, "Plans": [{"Node Type": "Aggregate", "Strategy": "Hashed", "Parent Relationship": "Subquery", "Startup Cost": 2354721.61, "Total Cost": 2355463.86, "Plan Rows": 59380, "Plan Width": 40, "Group By Key": ["public.lineitem.l_suppkey"], "Filter": "(sum((public.lineitem.l_extendedprice * (1::double precision - public.lineitem.l_discount))) = $0), (LLVM Optimized)", "Plans": [{"Node Type": "Seq Scan", "Parent Relationship": "Outer", "Relation Name": "lineitem", "Alias": "lineitem", "Startup Cost": 25.28, "Total Cost": 2315050.5, "Plan Rows": 2266921, "Plan Width": 24, "Filter": "((l_shipdate >= '1997-07-01 00:00:00'::timestamp(0) without time zone) AND (l_shipdate < '1997-10-01 00:00:00'::timestamp without time zone)), (LLVM Optimized)"}]}]}]}]}, "Unique SQL Id": 3712096918, "Planner Runtime": 1}, "explain_analyze_plan": null}, "(16, '27')": {"explain_plan": {"Plan": {"Node Type": "Merge Join", "Join Type": "Inner", "Startup Cost": 2010463079819.59, "Total Cost": 3000463614414.67, "Plan Rows": 59380, "Plan Width": 83, "Inner Unique": true, "Merge Cond": "(supplier.s_suppkey = revenue0.supplier_no)", "Plans": [{"Node Type": "Aggregate", "Strategy": "Plain", "Parent Relationship": "exec_init_plan", "Subplan Name": "InitPlan 1 (returns $0)", "Startup Cost": 1000231529054.76, "Total Cost": 1000231529054.77, "Plan Rows": 1, "Plan Width": 16, "Plans": [{"Node Type": "Aggregate", "Strategy": "Hashed", "Parent Relationship": "Outer", "Startup Cost": 1000231527718.71, "Total Cost": 1000231528312.51, "Plan Rows": 59380, "Plan Width": 32, "Group By Key": ["public.lineitem.l_suppkey"], "Plans": [{"Node Type": "Seq Scan", "Parent Relationship": "Outer", "Relation Name": "lineitem", "Alias": "lineitem", "Startup Cost": 10000000025.02, "Total Cost": 1000231505049.5, "Plan Rows": 2266921, "Plan Width": 24, "Filter": "((l_shipdate >= '1997-07-01 00:00:00'::timestamp(0) without time zone) AND (l_shipdate < '1997-10-01 00:00:00'::timestamp without time zone)), (LLVM Optimized)"}]}]}, {"Node Type": "Index Scan", "Parent Relationship": "Outer", "Scan Direction": "Forward", "Index Name": "supplier_pkey", "Relation Name": "supplier", "Alias": "supplier", "Startup Cost": 10000000000.0, "Total Cost": 1000000533454.38, "Plan Rows": 100000, "Plan Width": 75}, {"Node Type": "Sort", "Parent Relationship": "Inner", "Startup Cost": 1000231550764.82, "Total Cost": 1000231550913.27, "Plan Rows": 59380, "Plan Width": 16, "Sort Key": ["revenue0.supplier_no"], "Plans": [{"Node Type": "Subquery Scan", "Parent Relationship": "Outer", "Alias": "revenue0", "Startup Cost": 1000231544720.62, "Total Cost": 1000231546056.67, "Plan Rows": 59380, "Plan Width": 16, "Plans": [{"Node Type": "Aggregate", "Strategy": "Hashed", "Parent Relationship": "Subquery", "Startup Cost": 1000231544720.62, "Total Cost": 1000231545462.87, "Plan Rows": 59380, "Plan Width": 40, "Group By Key": ["public.lineitem.l_suppkey"], "Filter": "(sum((public.lineitem.l_extendedprice * (1::double precision - public.lineitem.l_discount))) = $0), (LLVM Optimized)", "Plans": [{"Node Type": "Seq Scan", "Parent Relationship": "Outer", "Relation Name": "lineitem", "Alias": "lineitem", "Startup Cost": 10000000025.02, "Total Cost": 1000231505049.5, "Plan Rows": 2266921, "Plan Width": 24, "Filter": "((l_shipdate >= '1997-07-01 00:00:00'::timestamp(0) without time zone) AND (l_shipdate < '1997-10-01 00:00:00'::timestamp without time zone)), (LLVM Optimized)"}]}]}]}]}, "Unique SQL Id": 3712096918, "Planner Runtime": 0}, "explain_analyze_plan": null}, "(16, '28')": {"explain_plan": {"Plan": {"Node Type": "Merge Join", "Join Type": "Inner", "Startup Cost": 4699821.58, "Total Cost": 4706296.82, "Plan Rows": 59380, "Plan Width": 83, "Inner Unique": true, "Merge Cond": "(supplier.s_suppkey = revenue0.supplier_no)", "Plans": [{"Node Type": "Aggregate", "Strategy": "Plain", "Parent Relationship": "exec_init_plan", "Subplan Name": "InitPlan 1 (returns $0)", "Startup Cost": 2339055.76, "Total Cost": 2339055.77, "Plan Rows": 1, "Plan Width": 16, "Plans": [{"Node Type": "Aggregate", "Strategy": "Hashed", "Parent Relationship": "Outer", "Startup Cost": 2337719.71, "Total Cost": 2338313.51, "Plan Rows": 59380, "Plan Width": 32, "Group By Key": ["public.lineitem.l_suppkey"], "Plans": [{"Node Type": "Seq Scan", "Parent Relationship": "Outer", "Relation Name": "lineitem", "Alias": "lineitem", "Startup Cost": 25.28, "Total Cost": 2315050.5, "Plan Rows": 2266921, "Plan Width": 24, "Filter": "((l_shipdate >= '1997-07-01 00:00:00'::timestamp(0) without time zone) AND (l_shipdate < '1997-10-01 00:00:00'::timestamp without time zone)), (LLVM Optimized)"}]}]}, {"Node Type": "Index Scan", "Parent Relationship": "Outer", "Scan Direction": "Forward", "Index Name": "supplier_pkey", "Relation Name": "supplier", "Alias": "supplier", "Startup Cost": 0.0, "Total Cost": 5334.54, "Plan Rows": 100000, "Plan Width": 75}, {"Node Type": "Sort", "Parent Relationship": "Inner", "Startup Cost": 2360765.81, "Total Cost": 2360914.26, "Plan Rows": 59380, "Plan Width": 16, "Sort Key": ["revenue0.supplier_no"], "Plans": [{"Node Type": "Subquery Scan", "Parent Relationship": "Outer", "Alias": "revenue0", "Startup Cost": 2354721.61, "Total Cost": 2356057.66, "Plan Rows": 59380, "Plan Width": 16, "Plans": [{"Node Type": "Aggregate", "Strategy": "Hashed", "Parent Relationship": "Subquery", "Startup Cost": 2354721.61, "Total Cost": 2355463.86, "Plan Rows": 59380, "Plan Width": 40, "Group By Key": ["public.lineitem.l_suppkey"], "Filter": "(sum((public.lineitem.l_extendedprice * (1::double precision - public.lineitem.l_discount))) = $0), (LLVM Optimized)", "Plans": [{"Node Type": "Seq Scan", "Parent Relationship": "Outer", "Relation Name": "lineitem", "Alias": "lineitem", "Startup Cost": 25.28, "Total Cost": 2315050.5, "Plan Rows": 2266921, "Plan Width": 24, "Filter": "((l_shipdate >= '1997-07-01 00:00:00'::timestamp(0) without time zone) AND (l_shipdate < '1997-10-01 00:00:00'::timestamp without time zone)), (LLVM Optimized)"}]}]}]}]}, "Unique SQL Id": 3712096918, "Planner Runtime": 0}, "explain_analyze_plan": null}, "(16, '29')": {"explain_plan": {"Plan": {"Node Type": "Merge Join", "Join Type": "Inner", "Startup Cost": 10341221.9, "Total Cost": 10347697.14, "Plan Rows": 59380, "Plan Width": 83, "Inner Unique": true, "Merge Cond": "(supplier.s_suppkey = revenue0.supplier_no)", "Plans": [{"Node Type": "Aggregate", "Strategy": "Plain", "Parent Relationship": "exec_init_plan", "Subplan Name": "InitPlan 1 (returns $0)", "Startup Cost": 5159755.92, "Total Cost": 5159755.93, "Plan Rows": 1, "Plan Width": 16, "Plans": [{"Node Type": "Aggregate", "Strategy": "Hashed", "Parent Relationship": "Outer", "Startup Cost": 5158419.87, "Total Cost": 5159013.67, "Plan Rows": 59380, "Plan Width": 32, "Group By Key": ["public.lineitem.l_suppkey"], "Plans": [{"Node Type": "Index Scan", "Parent Relationship": "Outer", "Scan Direction": "Forward", "Index Name": "idx_lineitem_shipdate", "Relation Name": "lineitem", "Alias": "lineitem", "Startup Cost": 0.0, "Total Cost": 5135750.66, "Plan Rows": 2266921, "Plan Width": 24, "Index Cond": "((l_shipdate >= '1997-07-01 00:00:00'::timestamp(0) without time zone) AND (l_shipdate < '1997-10-01 00:00:00'::timestamp without time zone)), (LLVM Optimized)"}]}]}, {"Node Type": "Index Scan", "Parent Relationship": "Outer", "Scan Direction": "Forward", "Index Name": "supplier_pkey", "Relation Name": "supplier", "Alias": "supplier", "Startup Cost": 0.0, "Total Cost": 5334.54, "Plan Rows": 100000, "Plan Width": 75}, {"Node Type": "Sort", "Parent Relationship": "Inner", "Startup Cost": 5181465.97, "Total Cost": 5181614.42, "Plan Rows": 59380, "Plan Width": 16, "Sort Key": ["revenue0.supplier_no"], "Plans": [{"Node Type": "Subquery Scan", "Parent Relationship": "Outer", "Alias": "revenue0", "Startup Cost": 5175421.77, "Total Cost": 5176757.82, "Plan Rows": 59380, "Plan Width": 16, "Plans": [{"Node Type": "Aggregate", "Strategy": "Hashed", "Parent Relationship": "Subquery", "Startup Cost": 5175421.77, "Total Cost": 5176164.02, "Plan Rows": 59380, "Plan Width": 40, "Group By Key": ["public.lineitem.l_suppkey"], "Filter": "(sum((public.lineitem.l_extendedprice * (1::double precision - public.lineitem.l_discount))) = $0), (LLVM Optimized)", "Plans": [{"Node Type": "Index Scan", "Parent Relationship": "Outer", "Scan Direction": "Forward", "Index Name": "idx_lineitem_shipdate", "Relation Name": "lineitem", "Alias": "lineitem", "Startup Cost": 0.0, "Total Cost": 5135750.66, "Plan Rows": 2266921, "Plan Width": 24, "Index Cond": "((l_shipdate >= '1997-07-01 00:00:00'::timestamp(0) without time zone) AND (l_shipdate < '1997-10-01 00:00:00'::timestamp without time zone)), (LLVM Optimized)"}]}]}]}]}, "Unique SQL Id": 3712096918, "Planner Runtime": 0}, "explain_analyze_plan": {"Plan": {"Node Type": "Merge Join", "Join Type": "Inner", "Startup Cost": 10341221.9, "Total Cost": 10347697.14, "Plan Rows": 59380, "Plan Width": 83, "Actual Startup Time": 15929.389, "Actual Total Time": 15929.399, "Actual Rows": 1, "Actual Loops": 1, "Inner Unique": true, "Merge Cond": "(supplier.s_suppkey = revenue0.supplier_no)", "Plans": [{"Node Type": "Aggregate", "Strategy": "Plain", "Parent Relationship": "exec_init_plan", "Subplan Name": "InitPlan 1 (returns $0)", "Startup Cost": 5159755.92, "Total Cost": 5159755.93, "Plan Rows": 1, "Plan Width": 16, "Actual Startup Time": 7904.524, "Actual Total Time": 7904.525, "Actual Rows": 1, "Actual Loops": 1, "Plans": [{"Node Type": "Aggregate", "Strategy": "Hashed", "Parent Relationship": "Outer", "Startup Cost": 5158419.87, "Total Cost": 5159013.67, "Plan Rows": 59380, "Plan Width": 32, "Actual Startup Time": 7850.004, "Actual Total Time": 7889.514, "Actual Rows": 100000, "Actual Loops": 1, "Group By Key": ["public.lineitem.l_suppkey"], "Plans": [{"Node Type": "Index Scan", "Parent Relationship": "Outer", "Scan Direction": "Forward", "Index Name": "idx_lineitem_shipdate", "Relation Name": "lineitem", "Alias": "lineitem", "Startup Cost": 0.0, "Total Cost": 5135750.66, "Plan Rows": 2266921, "Plan Width": 24, "Actual Startup Time": 0.093, "Actual Total Time": 5864.917, "Actual Rows": 2293944, "Actual Loops": 1, "Index Cond": "((l_shipdate >= '1997-07-01 00:00:00'::timestamp(0) without time zone) AND (l_shipdate < '1997-10-01 00:00:00'::timestamp without time zone)), (LLVM Optimized, Jit Execute)", "Rows Removed by Index Recheck": 0}]}]}, {"Node Type": "Index Scan", "Parent Relationship": "Outer", "Scan Direction": "Forward", "Index Name": "supplier_pkey", "Relation Name": "supplier", "Alias": "supplier", "Startup Cost": 0.0, "Total Cost": 5334.54, "Plan Rows": 100000, "Plan Width": 75, "Actual Startup Time": 0.043, "Actual Total Time": 22.323, "Actual Rows": 35977, "Actual Loops": 1}, {"Node Type": "Sort", "Parent Relationship": "Inner", "Startup Cost": 5181465.97, "Total Cost": 5181614.42, "Plan Rows": 59380, "Plan Width": 16, "Actual Startup Time": 15901.97, "Actual Total Time": 15901.971, "Actual Rows": 1, "Actual Loops": 1, "Sort Key": ["revenue0.supplier_no"], "Sort Method": "quicksort", "Sort Space Used": 25, "Sort Space Type": "Memory", "Plans": [{"Node Type": "Subquery Scan", "Parent Relationship": "Outer", "Alias": "revenue0", "Startup Cost": 5175421.77, "Total Cost": 5176757.82, "Plan Rows": 59380, "Plan Width": 16, "Actual Startup Time": 15883.247, "Actual Total Time": 15901.748, "Actual Rows": 1, "Actual Loops": 1, "Plans": [{"Node Type": "Aggregate", "Strategy": "Hashed", "Parent Relationship": "Subquery", "Startup Cost": 5175421.77, "Total Cost": 5176164.02, "Plan Rows": 59380, "Plan Width": 40, "Actual Startup Time": 15883.245, "Actual Total Time": 15901.744, "Actual Rows": 1, "Actual Loops": 1, "Group By Key": ["public.lineitem.l_suppkey"], "Filter": "(sum((public.lineitem.l_extendedprice * (1::double precision - public.lineitem.l_discount))) = $0), (LLVM Optimized, Jit Execute)", "Rows Removed by Filter": 99999, "Plans": [{"Node Type": "Index Scan", "Parent Relationship": "Outer", "Scan Direction": "Forward", "Index Name": "idx_lineitem_shipdate", "Relation Name": "lineitem", "Alias": "lineitem", "Startup Cost": 0.0, "Total Cost": 5135750.66, "Plan Rows": 2266921, "Plan Width": 24, "Actual Startup Time": 0.046, "Actual Total Time": 5918.312, "Actual Rows": 2293944, "Actual Loops": 1, "Index Cond": "((l_shipdate >= '1997-07-01 00:00:00'::timestamp(0) without time zone) AND (l_shipdate < '1997-10-01 00:00:00'::timestamp without time zone)), (LLVM Optimized, Jit Execute)", "Rows Removed by Index Recheck": 0}]}]}]}]}, "Triggers": [], "Planner Runtime": 0.924, "Total Runtime": 15940.792, "Unique SQL Id": 3712096918}}, "(16, '30')": {"explain_plan": {"Plan": {"Node Type": "Merge Join", "Join Type": "Inner", "Startup Cost": 4711409.4, "Total Cost": 4712800.1, "Plan Rows": 59380, "Plan Width": 83, "Inner Unique": true, "Merge Cond": "(supplier.s_suppkey = revenue0.supplier_no)", "Plans": [{"Node Type": "Aggregate", "Strategy": "Plain", "Parent Relationship": "exec_init_plan", "Subplan Name": "InitPlan 1 (returns $0)", "Startup Cost": 2339055.76, "Total Cost": 2339055.77, "Plan Rows": 1, "Plan Width": 16, "Plans": [{"Node Type": "Aggregate", "Strategy": "Hashed", "Parent Relationship": "Outer", "Startup Cost": 2337719.71, "Total Cost": 2338313.51, "Plan Rows": 59380, "Plan Width": 32, "Group By Key": ["public.lineitem.l_suppkey"], "Plans": [{"Node Type": "Seq Scan", "Parent Relationship": "Outer", "Relation Name": "lineitem", "Alias": "lineitem", "Startup Cost": 25.28, "Total Cost": 2315050.5, "Plan Rows": 2266921, "Plan Width": 24, "Filter": "((l_shipdate >= '1997-07-01 00:00:00'::timestamp(0) without time zone) AND (l_shipdate < '1997-10-01 00:00:00'::timestamp without time zone)), (LLVM Optimized)"}]}]}, {"Node Type": "Sort", "Parent Relationship": "Outer", "Startup Cost": 11587.82, "Total Cost": 11837.82, "Plan Rows": 100000, "Plan Width": 75, "Sort Key": ["supplier.s_suppkey"], "Plans": [{"Node Type": "Seq Scan", "Parent Relationship": "Outer", "Relation Name": "supplier", "Alias": "supplier", "Startup Cost": 0.0, "Total Cost": 3283.0, "Plan Rows": 100000, "Plan Width": 75}]}, {"Node Type": "Sort", "Parent Relationship": "Inner", "Startup Cost": 2360765.81, "Total Cost": 2360914.26, "Plan Rows": 59380, "Plan Width": 16, "Sort Key": ["revenue0.supplier_no"], "Plans": [{"Node Type": "Subquery Scan", "Parent Relationship": "Outer", "Alias": "revenue0", "Startup Cost": 2354721.61, "Total Cost": 2356057.66, "Plan Rows": 59380, "Plan Width": 16, "Plans": [{"Node Type": "Aggregate", "Strategy": "Hashed", "Parent Relationship": "Subquery", "Startup Cost": 2354721.61, "Total Cost": 2355463.86, "Plan Rows": 59380, "Plan Width": 40, "Group By Key": ["public.lineitem.l_suppkey"], "Filter": "(sum((public.lineitem.l_extendedprice * (1::double precision - public.lineitem.l_discount))) = $0), (LLVM Optimized)", "Plans": [{"Node Type": "Seq Scan", "Parent Relationship": "Outer", "Relation Name": "lineitem", "Alias": "lineitem", "Startup Cost": 25.28, "Total Cost": 2315050.5, "Plan Rows": 2266921, "Plan Width": 24, "Filter": "((l_shipdate >= '1997-07-01 00:00:00'::timestamp(0) without time zone) AND (l_shipdate < '1997-10-01 00:00:00'::timestamp without time zone)), (LLVM Optimized)"}]}]}]}]}, "Unique SQL Id": 3712096918, "Planner Runtime": 0}, "explain_analyze_plan": null}, "(16, '31')": {"explain_plan": {"Plan": {"Node Type": "Merge Join", "Join Type": "Inner", "Startup Cost": 2010463079819.59, "Total Cost": 3000463614414.67, "Plan Rows": 59380, "Plan Width": 83, "Inner Unique": true, "Merge Cond": "(supplier.s_suppkey = revenue0.supplier_no)", "Plans": [{"Node Type": "Aggregate", "Strategy": "Plain", "Parent Relationship": "exec_init_plan", "Subplan Name": "InitPlan 1 (returns $0)", "Startup Cost": 1000231529054.76, "Total Cost": 1000231529054.77, "Plan Rows": 1, "Plan Width": 16, "Plans": [{"Node Type": "Aggregate", "Strategy": "Hashed", "Parent Relationship": "Outer", "Startup Cost": 1000231527718.71, "Total Cost": 1000231528312.51, "Plan Rows": 59380, "Plan Width": 32, "Group By Key": ["public.lineitem.l_suppkey"], "Plans": [{"Node Type": "Seq Scan", "Parent Relationship": "Outer", "Relation Name": "lineitem", "Alias": "lineitem", "Startup Cost": 10000000025.02, "Total Cost": 1000231505049.5, "Plan Rows": 2266921, "Plan Width": 24, "Filter": "((l_shipdate >= '1997-07-01 00:00:00'::timestamp(0) without time zone) AND (l_shipdate < '1997-10-01 00:00:00'::timestamp without time zone)), (LLVM Optimized)"}]}]}, {"Node Type": "Index Scan", "Parent Relationship": "Outer", "Scan Direction": "Forward", "Index Name": "supplier_pkey", "Relation Name": "supplier", "Alias": "supplier", "Startup Cost": 10000000000.0, "Total Cost": 1000000533454.38, "Plan Rows": 100000, "Plan Width": 75}, {"Node Type": "Sort", "Parent Relationship": "Inner", "Startup Cost": 1000231550764.82, "Total Cost": 1000231550913.27, "Plan Rows": 59380, "Plan Width": 16, "Sort Key": ["revenue0.supplier_no"], "Plans": [{"Node Type": "Subquery Scan", "Parent Relationship": "Outer", "Alias": "revenue0", "Startup Cost": 1000231544720.62, "Total Cost": 1000231546056.67, "Plan Rows": 59380, "Plan Width": 16, "Plans": [{"Node Type": "Aggregate", "Strategy": "Hashed", "Parent Relationship": "Subquery", "Startup Cost": 1000231544720.62, "Total Cost": 1000231545462.87, "Plan Rows": 59380, "Plan Width": 40, "Group By Key": ["public.lineitem.l_suppkey"], "Filter": "(sum((public.lineitem.l_extendedprice * (1::double precision - public.lineitem.l_discount))) = $0), (LLVM Optimized)", "Plans": [{"Node Type": "Seq Scan", "Parent Relationship": "Outer", "Relation Name": "lineitem", "Alias": "lineitem", "Startup Cost": 10000000025.02, "Total Cost": 1000231505049.5, "Plan Rows": 2266921, "Plan Width": 24, "Filter": "((l_shipdate >= '1997-07-01 00:00:00'::timestamp(0) without time zone) AND (l_shipdate < '1997-10-01 00:00:00'::timestamp without time zone)), (LLVM Optimized)"}]}]}]}]}, "Unique SQL Id": 3712096918, "Planner Runtime": 0}, "explain_analyze_plan": null}, "(16, '32')": {"explain_plan": {"Plan": {"Node Type": "Sort", "Startup Cost": 3247453.25, "Total Cost": 3247601.7, "Plan Rows": 59380, "Plan Width": 83, "Sort Key": ["supplier.s_suppkey"], "Plans": [{"Node Type": "Aggregate", "Strategy": "Plain", "Parent Relationship": "exec_init_plan", "Subplan Name": "InitPlan 1 (returns $0)", "Startup Cost": 1610196.85, "Total Cost": 1610196.86, "Plan Rows": 1, "Plan Width": 16, "Plans": [{"Node Type": "Aggregate", "Strategy": "Hashed", "Parent Relationship": "Outer", "Startup Cost": 1608860.8, "Total Cost": 1609454.6, "Plan Rows": 59380, "Plan Width": 32, "Group By Key": ["public.lineitem.l_suppkey"], "Plans": [{"Node Type": "Bitmap Heap Scan", "Parent Relationship": "Outer", "Relation Name": "lineitem", "Alias": "lineitem", "Startup Cost": 78544.19, "Total Cost": 1586191.59, "Plan Rows": 2266921, "Plan Width": 24, "Recheck Cond": "((l_shipdate >= '1997-07-01 00:00:00'::timestamp(0) without time zone) AND (l_shipdate < '1997-10-01 00:00:00'::timestamp without time zone)), (LLVM Optimized)", "Plans": [{"Node Type": "Bitmap Index Scan", "Parent Relationship": "Outer", "Index Name": "idx_lineitem_shipdate", "Startup Cost": 0.0, "Total Cost": 77977.46, "Plan Rows": 2266921, "Plan Width": 0, "Index Cond": "((l_shipdate >= '1997-07-01 00:00:00'::timestamp(0) without time zone) AND (l_shipdate < '1997-10-01 00:00:00'::timestamp without time zone))"}]}]}]}, {"Node Type": "Hash Join", "Parent Relationship": "Outer", "Join Type": "Inner", "Startup Cost": 1630395.71, "Total Cost": 1632548.24, "Plan Rows": 59380, "Plan Width": 83, "Inner Unique": true, "Hash Cond": "(public.lineitem.l_suppkey = supplier.s_suppkey)", "Plans": [{"Node Type": "Aggregate", "Strategy": "Hashed", "Parent Relationship": "Outer", "Startup Cost": 1625862.71, "Total Cost": 1626604.96, "Plan Rows": 59380, "Plan Width": 40, "Group By Key": ["public.lineitem.l_suppkey"], "Filter": "(sum((public.lineitem.l_extendedprice * (1::double precision - public.lineitem.l_discount))) = $0), (LLVM Optimized)", "Plans": [{"Node Type": "Bitmap Heap Scan", "Parent Relationship": "Outer", "Relation Name": "lineitem", "Alias": "lineitem", "Startup Cost": 78544.19, "Total Cost": 1586191.59, "Plan Rows": 2266921, "Plan Width": 24, "Recheck Cond": "((l_shipdate >= '1997-07-01 00:00:00'::timestamp(0) without time zone) AND (l_shipdate < '1997-10-01 00:00:00'::timestamp without time zone)), (LLVM Optimized)", "Plans": [{"Node Type": "Bitmap Index Scan", "Parent Relationship": "Outer", "Index Name": "idx_lineitem_shipdate", "Startup Cost": 0.0, "Total Cost": 77977.46, "Plan Rows": 2266921, "Plan Width": 0, "Index Cond": "((l_shipdate >= '1997-07-01 00:00:00'::timestamp(0) without time zone) AND (l_shipdate < '1997-10-01 00:00:00'::timestamp without time zone))"}]}]}, {"Node Type": "Hash", "Parent Relationship": "Inner", "Startup Cost": 3283.0, "Total Cost": 3283.0, "Plan Rows": 100000, "Plan Width": 75, "Plans": [{"Node Type": "Seq Scan", "Parent Relationship": "Outer", "Relation Name": "supplier", "Alias": "supplier", "Startup Cost": 0.0, "Total Cost": 3283.0, "Plan Rows": 100000, "Plan Width": 75}]}]}]}, "Unique SQL Id": 3712096918, "Planner Runtime": 0}, "explain_analyze_plan": {"Plan": {"Node Type": "Sort", "Startup Cost": 3247453.25, "Total Cost": 3247601.7, "Plan Rows": 59380, "Plan Width": 83, "Actual Startup Time": 11068.923, "Actual Total Time": 11068.924, "Actual Rows": 1, "Actual Loops": 1, "Sort Key": ["supplier.s_suppkey"], "Sort Method": "quicksort", "Sort Space Used": 25, "Sort Space Type": "Memory", "Plans": [{"Node Type": "Aggregate", "Strategy": "Plain", "Parent Relationship": "exec_init_plan", "Subplan Name": "InitPlan 1 (returns $0)", "Startup Cost": 1610196.85, "Total Cost": 1610196.86, "Plan Rows": 1, "Plan Width": 16, "Actual Startup Time": 5421.153, "Actual Total Time": 5421.153, "Actual Rows": 1, "Actual Loops": 1, "Plans": [{"Node Type": "Aggregate", "Strategy": "Hashed", "Parent Relationship": "Outer", "Startup Cost": 1608860.8, "Total Cost": 1609454.6, "Plan Rows": 59380, "Plan Width": 32, "Actual Startup Time": 5377.089, "Actual Total Time": 5406.09, "Actual Rows": 100000, "Actual Loops": 1, "Group By Key": ["public.lineitem.l_suppkey"], "Plans": [{"Node Type": "Bitmap Heap Scan", "Parent Relationship": "Outer", "Relation Name": "lineitem", "Alias": "lineitem", "Startup Cost": 78544.19, "Total Cost": 1586191.59, "Plan Rows": 2266921, "Plan Width": 24, "Actual Startup Time": 1133.297, "Actual Total Time": 3864.042, "Actual Rows": 2293944, "Actual Loops": 1, "Recheck Cond": "((l_shipdate >= '1997-07-01 00:00:00'::timestamp(0) without time zone) AND (l_shipdate < '1997-10-01 00:00:00'::timestamp without time zone)), (LLVM Optimized, Jit Execute)", "Rows Removed by Index Recheck": 0, "Exact Heap Blocks": 732487, "Lossy Heap Blocks": 732487, "Plans": [{"Node Type": "Bitmap Index Scan", "Parent Relationship": "Outer", "Index Name": "idx_lineitem_shipdate", "Startup Cost": 0.0, "Total Cost": 77977.46, "Plan Rows": 2266921, "Plan Width": 0, "Actual Startup Time": 775.715, "Actual Total Time": 775.715, "Actual Rows": 2293944, "Actual Loops": 1, "Index Cond": "((l_shipdate >= '1997-07-01 00:00:00'::timestamp(0) without time zone) AND (l_shipdate < '1997-10-01 00:00:00'::timestamp without time zone))"}]}]}]}, {"Node Type": "Hash Join", "Parent Relationship": "Outer", "Join Type": "Inner", "Startup Cost": 1630395.71, "Total Cost": 1632548.24, "Plan Rows": 59380, "Plan Width": 83, "Actual Startup Time": 11045.312, "Actual Total Time": 11068.491, "Actual Rows": 1, "Actual Loops": 1, "Inner Unique": true, "Hash Cond": "(public.lineitem.l_suppkey = supplier.s_suppkey)", "Plans": [{"Node Type": "Aggregate", "Strategy": "Hashed", "Parent Relationship": "Outer", "Startup Cost": 1625862.71, "Total Cost": 1626604.96, "Plan Rows": 59380, "Plan Width": 40, "Actual Startup Time": 10973.475, "Actual Total Time": 10996.456, "Actual Rows": 1, "Actual Loops": 1, "Group By Key": ["public.lineitem.l_suppkey"], "Filter": "(sum((public.lineitem.l_extendedprice * (1::double precision - public.lineitem.l_discount))) = $0), (LLVM Optimized, Jit Execute)", "Rows Removed by Filter": 99999, "Plans": [{"Node Type": "Bitmap Heap Scan", "Parent Relationship": "Outer", "Relation Name": "lineitem", "Alias": "lineitem", "Startup Cost": 78544.19, "Total Cost": 1586191.59, "Plan Rows": 2266921, "Plan Width": 24, "Actual Startup Time": 1137.908, "Actual Total Time": 3856.727, "Actual Rows": 2293944, "Actual Loops": 1, "Recheck Cond": "((l_shipdate >= '1997-07-01 00:00:00'::timestamp(0) without time zone) AND (l_shipdate < '1997-10-01 00:00:00'::timestamp without time zone)), (LLVM Optimized, Jit Execute)", "Rows Removed by Index Recheck": 0, "Exact Heap Blocks": 732487, "Lossy Heap Blocks": 732487, "Plans": [{"Node Type": "Bitmap Index Scan", "Parent Relationship": "Outer", "Index Name": "idx_lineitem_shipdate", "Startup Cost": 0.0, "Total Cost": 77977.46, "Plan Rows": 2266921, "Plan Width": 0, "Actual Startup Time": 852.618, "Actual Total Time": 852.618, "Actual Rows": 2293944, "Actual Loops": 1, "Index Cond": "((l_shipdate >= '1997-07-01 00:00:00'::timestamp(0) without time zone) AND (l_shipdate < '1997-10-01 00:00:00'::timestamp without time zone))"}]}]}, {"Node Type": "Hash", "Parent Relationship": "Inner", "Startup Cost": 3283.0, "Total Cost": 3283.0, "Plan Rows": 100000, "Plan Width": 75, "Actual Startup Time": 71.679, "Actual Total Time": 71.679, "Actual Rows": 100000, "Actual Loops": 1, "Hash Buckets": 131072, "Hash Batches": 1, "Original Hash Batches": 1, "Peak Memory Usage": 10544, "Plans": [{"Node Type": "Seq Scan", "Parent Relationship": "Outer", "Relation Name": "supplier", "Alias": "supplier", "Startup Cost": 0.0, "Total Cost": 3283.0, "Plan Rows": 100000, "Plan Width": 75, "Actual Startup Time": 0.031, "Actual Total Time": 37.394, "Actual Rows": 100000, "Actual Loops": 1}]}]}]}, "Triggers": [], "Planner Runtime": 0.869, "Total Runtime": 11081.644, "Unique SQL Id": 3712096918}}, "(16, '33')": {"explain_plan": {"Plan": {"Node Type": "Sort", "Startup Cost": 3249504.79, "Total Cost": 3249653.24, "Plan Rows": 59380, "Plan Width": 83, "Sort Key": ["supplier.s_suppkey"], "Plans": [{"Node Type": "Aggregate", "Strategy": "Plain", "Parent Relationship": "exec_init_plan", "Subplan Name": "InitPlan 1 (returns $0)", "Startup Cost": 1610196.85, "Total Cost": 1610196.86, "Plan Rows": 1, "Plan Width": 16, "Plans": [{"Node Type": "Aggregate", "Strategy": "Hashed", "Parent Relationship": "Outer", "Startup Cost": 1608860.8, "Total Cost": 1609454.6, "Plan Rows": 59380, "Plan Width": 32, "Group By Key": ["public.lineitem.l_suppkey"], "Plans": [{"Node Type": "Bitmap Heap Scan", "Parent Relationship": "Outer", "Relation Name": "lineitem", "Alias": "lineitem", "Startup Cost": 78544.19, "Total Cost": 1586191.59, "Plan Rows": 2266921, "Plan Width": 24, "Recheck Cond": "((l_shipdate >= '1997-07-01 00:00:00'::timestamp(0) without time zone) AND (l_shipdate < '1997-10-01 00:00:00'::timestamp without time zone)), (LLVM Optimized)", "Plans": [{"Node Type": "Bitmap Index Scan", "Parent Relationship": "Outer", "Index Name": "idx_lineitem_shipdate", "Startup Cost": 0.0, "Total Cost": 77977.46, "Plan Rows": 2266921, "Plan Width": 0, "Index Cond": "((l_shipdate >= '1997-07-01 00:00:00'::timestamp(0) without time zone) AND (l_shipdate < '1997-10-01 00:00:00'::timestamp without time zone))"}]}]}]}, {"Node Type": "Hash Join", "Parent Relationship": "Outer", "Join Type": "Inner", "Startup Cost": 1632447.26, "Total Cost": 1634599.78, "Plan Rows": 59380, "Plan Width": 83, "Inner Unique": true, "Hash Cond": "(public.lineitem.l_suppkey = supplier.s_suppkey)", "Plans": [{"Node Type": "Aggregate", "Strategy": "Hashed", "Parent Relationship": "Outer", "Startup Cost": 1625862.71, "Total Cost": 1626604.96, "Plan Rows": 59380, "Plan Width": 40, "Group By Key": ["public.lineitem.l_suppkey"], "Filter": "(sum((public.lineitem.l_extendedprice * (1::double precision - public.lineitem.l_discount))) = $0), (LLVM Optimized)", "Plans": [{"Node Type": "Bitmap Heap Scan", "Parent Relationship": "Outer", "Relation Name": "lineitem", "Alias": "lineitem", "Startup Cost": 78544.19, "Total Cost": 1586191.59, "Plan Rows": 2266921, "Plan Width": 24, "Recheck Cond": "((l_shipdate >= '1997-07-01 00:00:00'::timestamp(0) without time zone) AND (l_shipdate < '1997-10-01 00:00:00'::timestamp without time zone)), (LLVM Optimized)", "Plans": [{"Node Type": "Bitmap Index Scan", "Parent Relationship": "Outer", "Index Name": "idx_lineitem_shipdate", "Startup Cost": 0.0, "Total Cost": 77977.46, "Plan Rows": 2266921, "Plan Width": 0, "Index Cond": "((l_shipdate >= '1997-07-01 00:00:00'::timestamp(0) without time zone) AND (l_shipdate < '1997-10-01 00:00:00'::timestamp without time zone))"}]}]}, {"Node Type": "Hash", "Parent Relationship": "Inner", "Startup Cost": 5334.54, "Total Cost": 5334.54, "Plan Rows": 100000, "Plan Width": 75, "Plans": [{"Node Type": "Index Scan", "Parent Relationship": "Outer", "Scan Direction": "Forward", "Index Name": "supplier_pkey", "Relation Name": "supplier", "Alias": "supplier", "Startup Cost": 0.0, "Total Cost": 5334.54, "Plan Rows": 100000, "Plan Width": 75}]}]}]}, "Unique SQL Id": 3712096918, "Planner Runtime": 1}, "explain_analyze_plan": {"Plan": {"Node Type": "Sort", "Startup Cost": 3249504.79, "Total Cost": 3249653.24, "Plan Rows": 59380, "Plan Width": 83, "Actual Startup Time": 11330.561, "Actual Total Time": 11330.562, "Actual Rows": 1, "Actual Loops": 1, "Sort Key": ["supplier.s_suppkey"], "Sort Method": "quicksort", "Sort Space Used": 25, "Sort Space Type": "Memory", "Plans": [{"Node Type": "Aggregate", "Strategy": "Plain", "Parent Relationship": "exec_init_plan", "Subplan Name": "InitPlan 1 (returns $0)", "Startup Cost": 1610196.85, "Total Cost": 1610196.86, "Plan Rows": 1, "Plan Width": 16, "Actual Startup Time": 5722.757, "Actual Total Time": 5722.757, "Actual Rows": 1, "Actual Loops": 1, "Plans": [{"Node Type": "Aggregate", "Strategy": "Hashed", "Parent Relationship": "Outer", "Startup Cost": 1608860.8, "Total Cost": 1609454.6, "Plan Rows": 59380, "Plan Width": 32, "Actual Startup Time": 5678.653, "Actual Total Time": 5707.898, "Actual Rows": 100000, "Actual Loops": 1, "Group By Key": ["public.lineitem.l_suppkey"], "Plans": [{"Node Type": "Bitmap Heap Scan", "Parent Relationship": "Outer", "Relation Name": "lineitem", "Alias": "lineitem", "Startup Cost": 78544.19, "Total Cost": 1586191.59, "Plan Rows": 2266921, "Plan Width": 24, "Actual Startup Time": 1253.136, "Actual Total Time": 4116.127, "Actual Rows": 2293944, "Actual Loops": 1, "Recheck Cond": "((l_shipdate >= '1997-07-01 00:00:00'::timestamp(0) without time zone) AND (l_shipdate < '1997-10-01 00:00:00'::timestamp without time zone)), (LLVM Optimized, Jit Execute)", "Rows Removed by Index Recheck": 0, "Exact Heap Blocks": 732487, "Lossy Heap Blocks": 732487, "Plans": [{"Node Type": "Bitmap Index Scan", "Parent Relationship": "Outer", "Index Name": "idx_lineitem_shipdate", "Startup Cost": 0.0, "Total Cost": 77977.46, "Plan Rows": 2266921, "Plan Width": 0, "Actual Startup Time": 899.015, "Actual Total Time": 899.015, "Actual Rows": 2293944, "Actual Loops": 1, "Index Cond": "((l_shipdate >= '1997-07-01 00:00:00'::timestamp(0) without time zone) AND (l_shipdate < '1997-10-01 00:00:00'::timestamp without time zone))"}]}]}]}, {"Node Type": "Hash Join", "Parent Relationship": "Outer", "Join Type": "Inner", "Startup Cost": 1632447.26, "Total Cost": 1634599.78, "Plan Rows": 59380, "Plan Width": 83, "Actual Startup Time": 11310.795, "Actual Total Time": 11330.108, "Actual Rows": 1, "Actual Loops": 1, "Inner Unique": true, "Hash Cond": "(public.lineitem.l_suppkey = supplier.s_suppkey)", "Plans": [{"Node Type": "Aggregate", "Strategy": "Hashed", "Parent Relationship": "Outer", "Startup Cost": 1625862.71, "Total Cost": 1626604.96, "Plan Rows": 59380, "Plan Width": 40, "Actual Startup Time": 11207.843, "Actual Total Time": 11226.948, "Actual Rows": 1, "Actual Loops": 1, "Group By Key": ["public.lineitem.l_suppkey"], "Filter": "(sum((public.lineitem.l_extendedprice * (1::double precision - public.lineitem.l_discount))) = $0), (LLVM Optimized, Jit Execute)", "Rows Removed by Filter": 99999, "Plans": [{"Node Type": "Bitmap Heap Scan", "Parent Relationship": "Outer", "Relation Name": "lineitem", "Alias": "lineitem", "Startup Cost": 78544.19, "Total Cost": 1586191.59, "Plan Rows": 2266921, "Plan Width": 24, "Actual Startup Time": 1111.601, "Actual Total Time": 3817.495, "Actual Rows": 2293944, "Actual Loops": 1, "Recheck Cond": "((l_shipdate >= '1997-07-01 00:00:00'::timestamp(0) without time zone) AND (l_shipdate < '1997-10-01 00:00:00'::timestamp without time zone)), (LLVM Optimized, Jit Execute)", "Rows Removed by Index Recheck": 0, "Exact Heap Blocks": 732487, "Lossy Heap Blocks": 732487, "Plans": [{"Node Type": "Bitmap Index Scan", "Parent Relationship": "Outer", "Index Name": "idx_lineitem_shipdate", "Startup Cost": 0.0, "Total Cost": 77977.46, "Plan Rows": 2266921, "Plan Width": 0, "Actual Startup Time": 800.966, "Actual Total Time": 800.966, "Actual Rows": 2293944, "Actual Loops": 1, "Index Cond": "((l_shipdate >= '1997-07-01 00:00:00'::timestamp(0) without time zone) AND (l_shipdate < '1997-10-01 00:00:00'::timestamp without time zone))"}]}]}, {"Node Type": "Hash", "Parent Relationship": "Inner", "Startup Cost": 5334.54, "Total Cost": 5334.54, "Plan Rows": 100000, "Plan Width": 75, "Actual Startup Time": 102.794, "Actual Total Time": 102.794, "Actual Rows": 100000, "Actual Loops": 1, "Hash Buckets": 131072, "Hash Batches": 1, "Original Hash Batches": 1, "Peak Memory Usage": 10544, "Plans": [{"Node Type": "Index Scan", "Parent Relationship": "Outer", "Scan Direction": "Forward", "Index Name": "supplier_pkey", "Relation Name": "supplier", "Alias": "supplier", "Startup Cost": 0.0, "Total Cost": 5334.54, "Plan Rows": 100000, "Plan Width": 75, "Actual Startup Time": 0.058, "Actual Total Time": 69.218, "Actual Rows": 100000, "Actual Loops": 1}]}]}]}, "Triggers": [], "Planner Runtime": 0.924, "Total Runtime": 11343.602, "Unique SQL Id": 3712096918}}, "(16, '34')": {"explain_plan": {"Plan": {"Node Type": "Sort", "Startup Cost": 3247453.25, "Total Cost": 3247601.7, "Plan Rows": 59380, "Plan Width": 83, "Sort Key": ["supplier.s_suppkey"], "Plans": [{"Node Type": "Aggregate", "Strategy": "Plain", "Parent Relationship": "exec_init_plan", "Subplan Name": "InitPlan 1 (returns $0)", "Startup Cost": 1610196.85, "Total Cost": 1610196.86, "Plan Rows": 1, "Plan Width": 16, "Plans": [{"Node Type": "Aggregate", "Strategy": "Hashed", "Parent Relationship": "Outer", "Startup Cost": 1608860.8, "Total Cost": 1609454.6, "Plan Rows": 59380, "Plan Width": 32, "Group By Key": ["public.lineitem.l_suppkey"], "Plans": [{"Node Type": "Bitmap Heap Scan", "Parent Relationship": "Outer", "Relation Name": "lineitem", "Alias": "lineitem", "Startup Cost": 78544.19, "Total Cost": 1586191.59, "Plan Rows": 2266921, "Plan Width": 24, "Recheck Cond": "((l_shipdate >= '1997-07-01 00:00:00'::timestamp(0) without time zone) AND (l_shipdate < '1997-10-01 00:00:00'::timestamp without time zone)), (LLVM Optimized)", "Plans": [{"Node Type": "Bitmap Index Scan", "Parent Relationship": "Outer", "Index Name": "idx_lineitem_shipdate", "Startup Cost": 0.0, "Total Cost": 77977.46, "Plan Rows": 2266921, "Plan Width": 0, "Index Cond": "((l_shipdate >= '1997-07-01 00:00:00'::timestamp(0) without time zone) AND (l_shipdate < '1997-10-01 00:00:00'::timestamp without time zone))"}]}]}]}, {"Node Type": "Hash Join", "Parent Relationship": "Outer", "Join Type": "Inner", "Startup Cost": 1630395.71, "Total Cost": 1632548.24, "Plan Rows": 59380, "Plan Width": 83, "Inner Unique": true, "Hash Cond": "(public.lineitem.l_suppkey = supplier.s_suppkey)", "Plans": [{"Node Type": "Aggregate", "Strategy": "Hashed", "Parent Relationship": "Outer", "Startup Cost": 1625862.71, "Total Cost": 1626604.96, "Plan Rows": 59380, "Plan Width": 40, "Group By Key": ["public.lineitem.l_suppkey"], "Filter": "(sum((public.lineitem.l_extendedprice * (1::double precision - public.lineitem.l_discount))) = $0), (LLVM Optimized)", "Plans": [{"Node Type": "Bitmap Heap Scan", "Parent Relationship": "Outer", "Relation Name": "lineitem", "Alias": "lineitem", "Startup Cost": 78544.19, "Total Cost": 1586191.59, "Plan Rows": 2266921, "Plan Width": 24, "Recheck Cond": "((l_shipdate >= '1997-07-01 00:00:00'::timestamp(0) without time zone) AND (l_shipdate < '1997-10-01 00:00:00'::timestamp without time zone)), (LLVM Optimized)", "Plans": [{"Node Type": "Bitmap Index Scan", "Parent Relationship": "Outer", "Index Name": "idx_lineitem_shipdate", "Startup Cost": 0.0, "Total Cost": 77977.46, "Plan Rows": 2266921, "Plan Width": 0, "Index Cond": "((l_shipdate >= '1997-07-01 00:00:00'::timestamp(0) without time zone) AND (l_shipdate < '1997-10-01 00:00:00'::timestamp without time zone))"}]}]}, {"Node Type": "Hash", "Parent Relationship": "Inner", "Startup Cost": 3283.0, "Total Cost": 3283.0, "Plan Rows": 100000, "Plan Width": 75, "Plans": [{"Node Type": "Seq Scan", "Parent Relationship": "Outer", "Relation Name": "supplier", "Alias": "supplier", "Startup Cost": 0.0, "Total Cost": 3283.0, "Plan Rows": 100000, "Plan Width": 75}]}]}]}, "Unique SQL Id": 3712096918, "Planner Runtime": 1}, "explain_analyze_plan": {"Plan": {"Node Type": "Sort", "Startup Cost": 3247453.25, "Total Cost": 3247601.7, "Plan Rows": 59380, "Plan Width": 83, "Actual Startup Time": 11068.923, "Actual Total Time": 11068.924, "Actual Rows": 1, "Actual Loops": 1, "Sort Key": ["supplier.s_suppkey"], "Sort Method": "quicksort", "Sort Space Used": 25, "Sort Space Type": "Memory", "Plans": [{"Node Type": "Aggregate", "Strategy": "Plain", "Parent Relationship": "exec_init_plan", "Subplan Name": "InitPlan 1 (returns $0)", "Startup Cost": 1610196.85, "Total Cost": 1610196.86, "Plan Rows": 1, "Plan Width": 16, "Actual Startup Time": 5421.153, "Actual Total Time": 5421.153, "Actual Rows": 1, "Actual Loops": 1, "Plans": [{"Node Type": "Aggregate", "Strategy": "Hashed", "Parent Relationship": "Outer", "Startup Cost": 1608860.8, "Total Cost": 1609454.6, "Plan Rows": 59380, "Plan Width": 32, "Actual Startup Time": 5377.089, "Actual Total Time": 5406.09, "Actual Rows": 100000, "Actual Loops": 1, "Group By Key": ["public.lineitem.l_suppkey"], "Plans": [{"Node Type": "Bitmap Heap Scan", "Parent Relationship": "Outer", "Relation Name": "lineitem", "Alias": "lineitem", "Startup Cost": 78544.19, "Total Cost": 1586191.59, "Plan Rows": 2266921, "Plan Width": 24, "Actual Startup Time": 1133.297, "Actual Total Time": 3864.042, "Actual Rows": 2293944, "Actual Loops": 1, "Recheck Cond": "((l_shipdate >= '1997-07-01 00:00:00'::timestamp(0) without time zone) AND (l_shipdate < '1997-10-01 00:00:00'::timestamp without time zone)), (LLVM Optimized, Jit Execute)", "Rows Removed by Index Recheck": 0, "Exact Heap Blocks": 732487, "Lossy Heap Blocks": 732487, "Plans": [{"Node Type": "Bitmap Index Scan", "Parent Relationship": "Outer", "Index Name": "idx_lineitem_shipdate", "Startup Cost": 0.0, "Total Cost": 77977.46, "Plan Rows": 2266921, "Plan Width": 0, "Actual Startup Time": 775.715, "Actual Total Time": 775.715, "Actual Rows": 2293944, "Actual Loops": 1, "Index Cond": "((l_shipdate >= '1997-07-01 00:00:00'::timestamp(0) without time zone) AND (l_shipdate < '1997-10-01 00:00:00'::timestamp without time zone))"}]}]}]}, {"Node Type": "Hash Join", "Parent Relationship": "Outer", "Join Type": "Inner", "Startup Cost": 1630395.71, "Total Cost": 1632548.24, "Plan Rows": 59380, "Plan Width": 83, "Actual Startup Time": 11045.312, "Actual Total Time": 11068.491, "Actual Rows": 1, "Actual Loops": 1, "Inner Unique": true, "Hash Cond": "(public.lineitem.l_suppkey = supplier.s_suppkey)", "Plans": [{"Node Type": "Aggregate", "Strategy": "Hashed", "Parent Relationship": "Outer", "Startup Cost": 1625862.71, "Total Cost": 1626604.96, "Plan Rows": 59380, "Plan Width": 40, "Actual Startup Time": 10973.475, "Actual Total Time": 10996.456, "Actual Rows": 1, "Actual Loops": 1, "Group By Key": ["public.lineitem.l_suppkey"], "Filter": "(sum((public.lineitem.l_extendedprice * (1::double precision - public.lineitem.l_discount))) = $0), (LLVM Optimized, Jit Execute)", "Rows Removed by Filter": 99999, "Plans": [{"Node Type": "Bitmap Heap Scan", "Parent Relationship": "Outer", "Relation Name": "lineitem", "Alias": "lineitem", "Startup Cost": 78544.19, "Total Cost": 1586191.59, "Plan Rows": 2266921, "Plan Width": 24, "Actual Startup Time": 1137.908, "Actual Total Time": 3856.727, "Actual Rows": 2293944, "Actual Loops": 1, "Recheck Cond": "((l_shipdate >= '1997-07-01 00:00:00'::timestamp(0) without time zone) AND (l_shipdate < '1997-10-01 00:00:00'::timestamp without time zone)), (LLVM Optimized, Jit Execute)", "Rows Removed by Index Recheck": 0, "Exact Heap Blocks": 732487, "Lossy Heap Blocks": 732487, "Plans": [{"Node Type": "Bitmap Index Scan", "Parent Relationship": "Outer", "Index Name": "idx_lineitem_shipdate", "Startup Cost": 0.0, "Total Cost": 77977.46, "Plan Rows": 2266921, "Plan Width": 0, "Actual Startup Time": 852.618, "Actual Total Time": 852.618, "Actual Rows": 2293944, "Actual Loops": 1, "Index Cond": "((l_shipdate >= '1997-07-01 00:00:00'::timestamp(0) without time zone) AND (l_shipdate < '1997-10-01 00:00:00'::timestamp without time zone))"}]}]}, {"Node Type": "Hash", "Parent Relationship": "Inner", "Startup Cost": 3283.0, "Total Cost": 3283.0, "Plan Rows": 100000, "Plan Width": 75, "Actual Startup Time": 71.679, "Actual Total Time": 71.679, "Actual Rows": 100000, "Actual Loops": 1, "Hash Buckets": 131072, "Hash Batches": 1, "Original Hash Batches": 1, "Peak Memory Usage": 10544, "Plans": [{"Node Type": "Seq Scan", "Parent Relationship": "Outer", "Relation Name": "supplier", "Alias": "supplier", "Startup Cost": 0.0, "Total Cost": 3283.0, "Plan Rows": 100000, "Plan Width": 75, "Actual Startup Time": 0.031, "Actual Total Time": 37.394, "Actual Rows": 100000, "Actual Loops": 1}]}]}]}, "Triggers": [], "Planner Runtime": 0.869, "Total Runtime": 11081.644, "Unique SQL Id": 3712096918}}, "(16, '35')": {"explain_plan": {"Plan": {"Node Type": "Sort", "Startup Cost": 3497813.02, "Total Cost": 3497961.47, "Plan Rows": 59380, "Plan Width": 83, "Sort Key": ["supplier.s_suppkey"], "Plans": [{"Node Type": "Aggregate", "Strategy": "Plain", "Parent Relationship": "exec_init_plan", "Subplan Name": "InitPlan 1 (returns $0)", "Startup Cost": 1610196.85, "Total Cost": 1610196.86, "Plan Rows": 1, "Plan Width": 16, "Plans": [{"Node Type": "Aggregate", "Strategy": "Hashed", "Parent Relationship": "Outer", "Startup Cost": 1608860.8, "Total Cost": 1609454.6, "Plan Rows": 59380, "Plan Width": 32, "Group By Key": ["public.lineitem.l_suppkey"], "Plans": [{"Node Type": "Bitmap Heap Scan", "Parent Relationship": "Outer", "Relation Name": "lineitem", "Alias": "lineitem", "Startup Cost": 78544.19, "Total Cost": 1586191.59, "Plan Rows": 2266921, "Plan Width": 24, "Recheck Cond": "((l_shipdate >= '1997-07-01 00:00:00'::timestamp(0) without time zone) AND (l_shipdate < '1997-10-01 00:00:00'::timestamp without time zone)), (LLVM Optimized)", "Plans": [{"Node Type": "Bitmap Index Scan", "Parent Relationship": "Outer", "Index Name": "idx_lineitem_shipdate", "Startup Cost": 0.0, "Total Cost": 77977.46, "Plan Rows": 2266921, "Plan Width": 0, "Index Cond": "((l_shipdate >= '1997-07-01 00:00:00'::timestamp(0) without time zone) AND (l_shipdate < '1997-10-01 00:00:00'::timestamp without time zone))"}]}]}]}, {"Node Type": "Nested Loop", "Parent Relationship": "Outer", "Join Type": "Inner", "Startup Cost": 1625863.0, "Total Cost": 1882908.01, "Plan Rows": 59380, "Plan Width": 83, "Inner Unique": true, "Plans": [{"Node Type": "Aggregate", "Strategy": "Hashed", "Parent Relationship": "Outer", "Startup Cost": 1625862.71, "Total Cost": 1626604.96, "Plan Rows": 59380, "Plan Width": 40, "Group By Key": ["public.lineitem.l_suppkey"], "Filter": "(sum((public.lineitem.l_extendedprice * (1::double precision - public.lineitem.l_discount))) = $0), (LLVM Optimized)", "Plans": [{"Node Type": "Bitmap Heap Scan", "Parent Relationship": "Outer", "Relation Name": "lineitem", "Alias": "lineitem", "Startup Cost": 78544.19, "Total Cost": 1586191.59, "Plan Rows": 2266921, "Plan Width": 24, "Recheck Cond": "((l_shipdate >= '1997-07-01 00:00:00'::timestamp(0) without time zone) AND (l_shipdate < '1997-10-01 00:00:00'::timestamp without time zone)), (LLVM Optimized)", "Plans": [{"Node Type": "Bitmap Index Scan", "Parent Relationship": "Outer", "Index Name": "idx_lineitem_shipdate", "Startup Cost": 0.0, "Total Cost": 77977.46, "Plan Rows": 2266921, "Plan Width": 0, "Index Cond": "((l_shipdate >= '1997-07-01 00:00:00'::timestamp(0) without time zone) AND (l_shipdate < '1997-10-01 00:00:00'::timestamp without time zone))"}]}]}, {"Node Type": "Bitmap Heap Scan", "Parent Relationship": "Inner", "Relation Name": "supplier", "Alias": "supplier", "Startup Cost": 0.28, "Total Cost": 4.3, "Plan Rows": 1, "Plan Width": 75, "Recheck Cond": "(s_suppkey = public.lineitem.l_suppkey)", "Plans": [{"Node Type": "Bitmap Index Scan", "Parent Relationship": "Outer", "Index Name": "supplier_pkey", "Startup Cost": 0.0, "Total Cost": 0.28, "Plan Rows": 1, "Plan Width": 0, "Index Cond": "(s_suppkey = public.lineitem.l_suppkey)"}]}]}]}, "Unique SQL Id": 3712096918, "Planner Runtime": 1}, "explain_analyze_plan": {"Plan": {"Node Type": "Sort", "Startup Cost": 3497813.02, "Total Cost": 3497961.47, "Plan Rows": 59380, "Plan Width": 83, "Actual Startup Time": 11241.876, "Actual Total Time": 11241.876, "Actual Rows": 1, "Actual Loops": 1, "Sort Key": ["supplier.s_suppkey"], "Sort Method": "quicksort", "Sort Space Used": 25, "Sort Space Type": "Memory", "Plans": [{"Node Type": "Aggregate", "Strategy": "Plain", "Parent Relationship": "exec_init_plan", "Subplan Name": "InitPlan 1 (returns $0)", "Startup Cost": 1610196.85, "Total Cost": 1610196.86, "Plan Rows": 1, "Plan Width": 16, "Actual Startup Time": 5464.823, "Actual Total Time": 5464.823, "Actual Rows": 1, "Actual Loops": 1, "Plans": [{"Node Type": "Aggregate", "Strategy": "Hashed", "Parent Relationship": "Outer", "Startup Cost": 1608860.8, "Total Cost": 1609454.6, "Plan Rows": 59380, "Plan Width": 32, "Actual Startup Time": 5414.615, "Actual Total Time": 5449.751, "Actual Rows": 100000, "Actual Loops": 1, "Group By Key": ["public.lineitem.l_suppkey"], "Plans": [{"Node Type": "Bitmap Heap Scan", "Parent Relationship": "Outer", "Relation Name": "lineitem", "Alias": "lineitem", "Startup Cost": 78544.19, "Total Cost": 1586191.59, "Plan Rows": 2266921, "Plan Width": 24, "Actual Startup Time": 1070.692, "Actual Total Time": 3752.897, "Actual Rows": 2293944, "Actual Loops": 1, "Recheck Cond": "((l_shipdate >= '1997-07-01 00:00:00'::timestamp(0) without time zone) AND (l_shipdate < '1997-10-01 00:00:00'::timestamp without time zone)), (LLVM Optimized, Jit Execute)", "Rows Removed by Index Recheck": 0, "Exact Heap Blocks": 732487, "Lossy Heap Blocks": 732487, "Plans": [{"Node Type": "Bitmap Index Scan", "Parent Relationship": "Outer", "Index Name": "idx_lineitem_shipdate", "Startup Cost": 0.0, "Total Cost": 77977.46, "Plan Rows": 2266921, "Plan Width": 0, "Actual Startup Time": 784.899, "Actual Total Time": 784.899, "Actual Rows": 2293944, "Actual Loops": 1, "Index Cond": "((l_shipdate >= '1997-07-01 00:00:00'::timestamp(0) without time zone) AND (l_shipdate < '1997-10-01 00:00:00'::timestamp without time zone))"}]}]}]}, {"Node Type": "Nested Loop", "Parent Relationship": "Outer", "Join Type": "Inner", "Startup Cost": 1625863.0, "Total Cost": 1882908.01, "Plan Rows": 59380, "Plan Width": 83, "Actual Startup Time": 11222.658, "Actual Total Time": 11241.85, "Actual Rows": 1, "Actual Loops": 1, "Inner Unique": true, "Plans": [{"Node Type": "Aggregate", "Strategy": "Hashed", "Parent Relationship": "Outer", "Startup Cost": 1625862.71, "Total Cost": 1626604.96, "Plan Rows": 59380, "Plan Width": 40, "Actual Startup Time": 11222.535, "Actual Total Time": 11241.516, "Actual Rows": 1, "Actual Loops": 1, "Group By Key": ["public.lineitem.l_suppkey"], "Filter": "(sum((public.lineitem.l_extendedprice * (1::double precision - public.lineitem.l_discount))) = $0), (LLVM Optimized, Jit Execute)", "Rows Removed by Filter": 99999, "Plans": [{"Node Type": "Bitmap Heap Scan", "Parent Relationship": "Outer", "Relation Name": "lineitem", "Alias": "lineitem", "Startup Cost": 78544.19, "Total Cost": 1586191.59, "Plan Rows": 2266921, "Plan Width": 24, "Actual Startup Time": 1227.767, "Actual Total Time": 4076.427, "Actual Rows": 2293944, "Actual Loops": 1, "Recheck Cond": "((l_shipdate >= '1997-07-01 00:00:00'::timestamp(0) without time zone) AND (l_shipdate < '1997-10-01 00:00:00'::timestamp without time zone)), (LLVM Optimized, Jit Execute)", "Rows Removed by Index Recheck": 0, "Exact Heap Blocks": 732487, "Lossy Heap Blocks": 732487, "Plans": [{"Node Type": "Bitmap Index Scan", "Parent Relationship": "Outer", "Index Name": "idx_lineitem_shipdate", "Startup Cost": 0.0, "Total Cost": 77977.46, "Plan Rows": 2266921, "Plan Width": 0, "Actual Startup Time": 872.627, "Actual Total Time": 872.627, "Actual Rows": 2293944, "Actual Loops": 1, "Index Cond": "((l_shipdate >= '1997-07-01 00:00:00'::timestamp(0) without time zone) AND (l_shipdate < '1997-10-01 00:00:00'::timestamp without time zone))"}]}]}, {"Node Type": "Bitmap Heap Scan", "Parent Relationship": "Inner", "Relation Name": "supplier", "Alias": "supplier", "Startup Cost": 0.28, "Total Cost": 4.3, "Plan Rows": 1, "Plan Width": 75, "Actual Startup Time": 0.098, "Actual Total Time": 0.098, "Actual Rows": 1, "Actual Loops": 1, "Recheck Cond": "(s_suppkey = public.lineitem.l_suppkey)", "Rows Removed by Index Recheck": 0, "Exact Heap Blocks": 1, "Lossy Heap Blocks": 1, "Plans": [{"Node Type": "Bitmap Index Scan", "Parent Relationship": "Outer", "Index Name": "supplier_pkey", "Startup Cost": 0.0, "Total Cost": 0.28, "Plan Rows": 1, "Plan Width": 0, "Actual Startup Time": 0.039, "Actual Total Time": 0.039, "Actual Rows": 1, "Actual Loops": 1, "Index Cond": "(s_suppkey = public.lineitem.l_suppkey)"}]}]}]}, "Triggers": [], "Planner Runtime": 0.877, "Total Runtime": 11254.72, "Unique SQL Id": 3712096918}}, "(16, '36')": {"explain_plan": {"Plan": {"Node Type": "Sort", "Startup Cost": 3247453.25, "Total Cost": 3247601.7, "Plan Rows": 59380, "Plan Width": 83, "Sort Key": ["supplier.s_suppkey"], "Plans": [{"Node Type": "Aggregate", "Strategy": "Plain", "Parent Relationship": "exec_init_plan", "Subplan Name": "InitPlan 1 (returns $0)", "Startup Cost": 1610196.85, "Total Cost": 1610196.86, "Plan Rows": 1, "Plan Width": 16, "Plans": [{"Node Type": "Aggregate", "Strategy": "Hashed", "Parent Relationship": "Outer", "Startup Cost": 1608860.8, "Total Cost": 1609454.6, "Plan Rows": 59380, "Plan Width": 32, "Group By Key": ["public.lineitem.l_suppkey"], "Plans": [{"Node Type": "Bitmap Heap Scan", "Parent Relationship": "Outer", "Relation Name": "lineitem", "Alias": "lineitem", "Startup Cost": 78544.19, "Total Cost": 1586191.59, "Plan Rows": 2266921, "Plan Width": 24, "Recheck Cond": "((l_shipdate >= '1997-07-01 00:00:00'::timestamp(0) without time zone) AND (l_shipdate < '1997-10-01 00:00:00'::timestamp without time zone)), (LLVM Optimized)", "Plans": [{"Node Type": "Bitmap Index Scan", "Parent Relationship": "Outer", "Index Name": "idx_lineitem_shipdate", "Startup Cost": 0.0, "Total Cost": 77977.46, "Plan Rows": 2266921, "Plan Width": 0, "Index Cond": "((l_shipdate >= '1997-07-01 00:00:00'::timestamp(0) without time zone) AND (l_shipdate < '1997-10-01 00:00:00'::timestamp without time zone))"}]}]}]}, {"Node Type": "Hash Join", "Parent Relationship": "Outer", "Join Type": "Inner", "Startup Cost": 1630395.71, "Total Cost": 1632548.24, "Plan Rows": 59380, "Plan Width": 83, "Inner Unique": true, "Hash Cond": "(public.lineitem.l_suppkey = supplier.s_suppkey)", "Plans": [{"Node Type": "Aggregate", "Strategy": "Hashed", "Parent Relationship": "Outer", "Startup Cost": 1625862.71, "Total Cost": 1626604.96, "Plan Rows": 59380, "Plan Width": 40, "Group By Key": ["public.lineitem.l_suppkey"], "Filter": "(sum((public.lineitem.l_extendedprice * (1::double precision - public.lineitem.l_discount))) = $0), (LLVM Optimized)", "Plans": [{"Node Type": "Bitmap Heap Scan", "Parent Relationship": "Outer", "Relation Name": "lineitem", "Alias": "lineitem", "Startup Cost": 78544.19, "Total Cost": 1586191.59, "Plan Rows": 2266921, "Plan Width": 24, "Recheck Cond": "((l_shipdate >= '1997-07-01 00:00:00'::timestamp(0) without time zone) AND (l_shipdate < '1997-10-01 00:00:00'::timestamp without time zone)), (LLVM Optimized)", "Plans": [{"Node Type": "Bitmap Index Scan", "Parent Relationship": "Outer", "Index Name": "idx_lineitem_shipdate", "Startup Cost": 0.0, "Total Cost": 77977.46, "Plan Rows": 2266921, "Plan Width": 0, "Index Cond": "((l_shipdate >= '1997-07-01 00:00:00'::timestamp(0) without time zone) AND (l_shipdate < '1997-10-01 00:00:00'::timestamp without time zone))"}]}]}, {"Node Type": "Hash", "Parent Relationship": "Inner", "Startup Cost": 3283.0, "Total Cost": 3283.0, "Plan Rows": 100000, "Plan Width": 75, "Plans": [{"Node Type": "Seq Scan", "Parent Relationship": "Outer", "Relation Name": "supplier", "Alias": "supplier", "Startup Cost": 0.0, "Total Cost": 3283.0, "Plan Rows": 100000, "Plan Width": 75}]}]}]}, "Unique SQL Id": 3712096918, "Planner Runtime": 0}, "explain_analyze_plan": {"Plan": {"Node Type": "Sort", "Startup Cost": 3247453.25, "Total Cost": 3247601.7, "Plan Rows": 59380, "Plan Width": 83, "Actual Startup Time": 11068.923, "Actual Total Time": 11068.924, "Actual Rows": 1, "Actual Loops": 1, "Sort Key": ["supplier.s_suppkey"], "Sort Method": "quicksort", "Sort Space Used": 25, "Sort Space Type": "Memory", "Plans": [{"Node Type": "Aggregate", "Strategy": "Plain", "Parent Relationship": "exec_init_plan", "Subplan Name": "InitPlan 1 (returns $0)", "Startup Cost": 1610196.85, "Total Cost": 1610196.86, "Plan Rows": 1, "Plan Width": 16, "Actual Startup Time": 5421.153, "Actual Total Time": 5421.153, "Actual Rows": 1, "Actual Loops": 1, "Plans": [{"Node Type": "Aggregate", "Strategy": "Hashed", "Parent Relationship": "Outer", "Startup Cost": 1608860.8, "Total Cost": 1609454.6, "Plan Rows": 59380, "Plan Width": 32, "Actual Startup Time": 5377.089, "Actual Total Time": 5406.09, "Actual Rows": 100000, "Actual Loops": 1, "Group By Key": ["public.lineitem.l_suppkey"], "Plans": [{"Node Type": "Bitmap Heap Scan", "Parent Relationship": "Outer", "Relation Name": "lineitem", "Alias": "lineitem", "Startup Cost": 78544.19, "Total Cost": 1586191.59, "Plan Rows": 2266921, "Plan Width": 24, "Actual Startup Time": 1133.297, "Actual Total Time": 3864.042, "Actual Rows": 2293944, "Actual Loops": 1, "Recheck Cond": "((l_shipdate >= '1997-07-01 00:00:00'::timestamp(0) without time zone) AND (l_shipdate < '1997-10-01 00:00:00'::timestamp without time zone)), (LLVM Optimized, Jit Execute)", "Rows Removed by Index Recheck": 0, "Exact Heap Blocks": 732487, "Lossy Heap Blocks": 732487, "Plans": [{"Node Type": "Bitmap Index Scan", "Parent Relationship": "Outer", "Index Name": "idx_lineitem_shipdate", "Startup Cost": 0.0, "Total Cost": 77977.46, "Plan Rows": 2266921, "Plan Width": 0, "Actual Startup Time": 775.715, "Actual Total Time": 775.715, "Actual Rows": 2293944, "Actual Loops": 1, "Index Cond": "((l_shipdate >= '1997-07-01 00:00:00'::timestamp(0) without time zone) AND (l_shipdate < '1997-10-01 00:00:00'::timestamp without time zone))"}]}]}]}, {"Node Type": "Hash Join", "Parent Relationship": "Outer", "Join Type": "Inner", "Startup Cost": 1630395.71, "Total Cost": 1632548.24, "Plan Rows": 59380, "Plan Width": 83, "Actual Startup Time": 11045.312, "Actual Total Time": 11068.491, "Actual Rows": 1, "Actual Loops": 1, "Inner Unique": true, "Hash Cond": "(public.lineitem.l_suppkey = supplier.s_suppkey)", "Plans": [{"Node Type": "Aggregate", "Strategy": "Hashed", "Parent Relationship": "Outer", "Startup Cost": 1625862.71, "Total Cost": 1626604.96, "Plan Rows": 59380, "Plan Width": 40, "Actual Startup Time": 10973.475, "Actual Total Time": 10996.456, "Actual Rows": 1, "Actual Loops": 1, "Group By Key": ["public.lineitem.l_suppkey"], "Filter": "(sum((public.lineitem.l_extendedprice * (1::double precision - public.lineitem.l_discount))) = $0), (LLVM Optimized, Jit Execute)", "Rows Removed by Filter": 99999, "Plans": [{"Node Type": "Bitmap Heap Scan", "Parent Relationship": "Outer", "Relation Name": "lineitem", "Alias": "lineitem", "Startup Cost": 78544.19, "Total Cost": 1586191.59, "Plan Rows": 2266921, "Plan Width": 24, "Actual Startup Time": 1137.908, "Actual Total Time": 3856.727, "Actual Rows": 2293944, "Actual Loops": 1, "Recheck Cond": "((l_shipdate >= '1997-07-01 00:00:00'::timestamp(0) without time zone) AND (l_shipdate < '1997-10-01 00:00:00'::timestamp without time zone)), (LLVM Optimized, Jit Execute)", "Rows Removed by Index Recheck": 0, "Exact Heap Blocks": 732487, "Lossy Heap Blocks": 732487, "Plans": [{"Node Type": "Bitmap Index Scan", "Parent Relationship": "Outer", "Index Name": "idx_lineitem_shipdate", "Startup Cost": 0.0, "Total Cost": 77977.46, "Plan Rows": 2266921, "Plan Width": 0, "Actual Startup Time": 852.618, "Actual Total Time": 852.618, "Actual Rows": 2293944, "Actual Loops": 1, "Index Cond": "((l_shipdate >= '1997-07-01 00:00:00'::timestamp(0) without time zone) AND (l_shipdate < '1997-10-01 00:00:00'::timestamp without time zone))"}]}]}, {"Node Type": "Hash", "Parent Relationship": "Inner", "Startup Cost": 3283.0, "Total Cost": 3283.0, "Plan Rows": 100000, "Plan Width": 75, "Actual Startup Time": 71.679, "Actual Total Time": 71.679, "Actual Rows": 100000, "Actual Loops": 1, "Hash Buckets": 131072, "Hash Batches": 1, "Original Hash Batches": 1, "Peak Memory Usage": 10544, "Plans": [{"Node Type": "Seq Scan", "Parent Relationship": "Outer", "Relation Name": "supplier", "Alias": "supplier", "Startup Cost": 0.0, "Total Cost": 3283.0, "Plan Rows": 100000, "Plan Width": 75, "Actual Startup Time": 0.031, "Actual Total Time": 37.394, "Actual Rows": 100000, "Actual Loops": 1}]}]}]}, "Triggers": [], "Planner Runtime": 0.869, "Total Runtime": 11081.644, "Unique SQL Id": 3712096918}}, "(16, '37')": {"explain_plan": {"Plan": {"Node Type": "Sort", "Startup Cost": 3249504.79, "Total Cost": 3249653.24, "Plan Rows": 59380, "Plan Width": 83, "Sort Key": ["supplier.s_suppkey"], "Plans": [{"Node Type": "Aggregate", "Strategy": "Plain", "Parent Relationship": "exec_init_plan", "Subplan Name": "InitPlan 1 (returns $0)", "Startup Cost": 1610196.85, "Total Cost": 1610196.86, "Plan Rows": 1, "Plan Width": 16, "Plans": [{"Node Type": "Aggregate", "Strategy": "Hashed", "Parent Relationship": "Outer", "Startup Cost": 1608860.8, "Total Cost": 1609454.6, "Plan Rows": 59380, "Plan Width": 32, "Group By Key": ["public.lineitem.l_suppkey"], "Plans": [{"Node Type": "Bitmap Heap Scan", "Parent Relationship": "Outer", "Relation Name": "lineitem", "Alias": "lineitem", "Startup Cost": 78544.19, "Total Cost": 1586191.59, "Plan Rows": 2266921, "Plan Width": 24, "Recheck Cond": "((l_shipdate >= '1997-07-01 00:00:00'::timestamp(0) without time zone) AND (l_shipdate < '1997-10-01 00:00:00'::timestamp without time zone)), (LLVM Optimized)", "Plans": [{"Node Type": "Bitmap Index Scan", "Parent Relationship": "Outer", "Index Name": "idx_lineitem_shipdate", "Startup Cost": 0.0, "Total Cost": 77977.46, "Plan Rows": 2266921, "Plan Width": 0, "Index Cond": "((l_shipdate >= '1997-07-01 00:00:00'::timestamp(0) without time zone) AND (l_shipdate < '1997-10-01 00:00:00'::timestamp without time zone))"}]}]}]}, {"Node Type": "Hash Join", "Parent Relationship": "Outer", "Join Type": "Inner", "Startup Cost": 1632447.26, "Total Cost": 1634599.78, "Plan Rows": 59380, "Plan Width": 83, "Inner Unique": true, "Hash Cond": "(public.lineitem.l_suppkey = supplier.s_suppkey)", "Plans": [{"Node Type": "Aggregate", "Strategy": "Hashed", "Parent Relationship": "Outer", "Startup Cost": 1625862.71, "Total Cost": 1626604.96, "Plan Rows": 59380, "Plan Width": 40, "Group By Key": ["public.lineitem.l_suppkey"], "Filter": "(sum((public.lineitem.l_extendedprice * (1::double precision - public.lineitem.l_discount))) = $0), (LLVM Optimized)", "Plans": [{"Node Type": "Bitmap Heap Scan", "Parent Relationship": "Outer", "Relation Name": "lineitem", "Alias": "lineitem", "Startup Cost": 78544.19, "Total Cost": 1586191.59, "Plan Rows": 2266921, "Plan Width": 24, "Recheck Cond": "((l_shipdate >= '1997-07-01 00:00:00'::timestamp(0) without time zone) AND (l_shipdate < '1997-10-01 00:00:00'::timestamp without time zone)), (LLVM Optimized)", "Plans": [{"Node Type": "Bitmap Index Scan", "Parent Relationship": "Outer", "Index Name": "idx_lineitem_shipdate", "Startup Cost": 0.0, "Total Cost": 77977.46, "Plan Rows": 2266921, "Plan Width": 0, "Index Cond": "((l_shipdate >= '1997-07-01 00:00:00'::timestamp(0) without time zone) AND (l_shipdate < '1997-10-01 00:00:00'::timestamp without time zone))"}]}]}, {"Node Type": "Hash", "Parent Relationship": "Inner", "Startup Cost": 5334.54, "Total Cost": 5334.54, "Plan Rows": 100000, "Plan Width": 75, "Plans": [{"Node Type": "Index Scan", "Parent Relationship": "Outer", "Scan Direction": "Forward", "Index Name": "supplier_pkey", "Relation Name": "supplier", "Alias": "supplier", "Startup Cost": 0.0, "Total Cost": 5334.54, "Plan Rows": 100000, "Plan Width": 75}]}]}]}, "Unique SQL Id": 3712096918, "Planner Runtime": 0}, "explain_analyze_plan": {"Plan": {"Node Type": "Sort", "Startup Cost": 3249504.79, "Total Cost": 3249653.24, "Plan Rows": 59380, "Plan Width": 83, "Actual Startup Time": 11330.561, "Actual Total Time": 11330.562, "Actual Rows": 1, "Actual Loops": 1, "Sort Key": ["supplier.s_suppkey"], "Sort Method": "quicksort", "Sort Space Used": 25, "Sort Space Type": "Memory", "Plans": [{"Node Type": "Aggregate", "Strategy": "Plain", "Parent Relationship": "exec_init_plan", "Subplan Name": "InitPlan 1 (returns $0)", "Startup Cost": 1610196.85, "Total Cost": 1610196.86, "Plan Rows": 1, "Plan Width": 16, "Actual Startup Time": 5722.757, "Actual Total Time": 5722.757, "Actual Rows": 1, "Actual Loops": 1, "Plans": [{"Node Type": "Aggregate", "Strategy": "Hashed", "Parent Relationship": "Outer", "Startup Cost": 1608860.8, "Total Cost": 1609454.6, "Plan Rows": 59380, "Plan Width": 32, "Actual Startup Time": 5678.653, "Actual Total Time": 5707.898, "Actual Rows": 100000, "Actual Loops": 1, "Group By Key": ["public.lineitem.l_suppkey"], "Plans": [{"Node Type": "Bitmap Heap Scan", "Parent Relationship": "Outer", "Relation Name": "lineitem", "Alias": "lineitem", "Startup Cost": 78544.19, "Total Cost": 1586191.59, "Plan Rows": 2266921, "Plan Width": 24, "Actual Startup Time": 1253.136, "Actual Total Time": 4116.127, "Actual Rows": 2293944, "Actual Loops": 1, "Recheck Cond": "((l_shipdate >= '1997-07-01 00:00:00'::timestamp(0) without time zone) AND (l_shipdate < '1997-10-01 00:00:00'::timestamp without time zone)), (LLVM Optimized, Jit Execute)", "Rows Removed by Index Recheck": 0, "Exact Heap Blocks": 732487, "Lossy Heap Blocks": 732487, "Plans": [{"Node Type": "Bitmap Index Scan", "Parent Relationship": "Outer", "Index Name": "idx_lineitem_shipdate", "Startup Cost": 0.0, "Total Cost": 77977.46, "Plan Rows": 2266921, "Plan Width": 0, "Actual Startup Time": 899.015, "Actual Total Time": 899.015, "Actual Rows": 2293944, "Actual Loops": 1, "Index Cond": "((l_shipdate >= '1997-07-01 00:00:00'::timestamp(0) without time zone) AND (l_shipdate < '1997-10-01 00:00:00'::timestamp without time zone))"}]}]}]}, {"Node Type": "Hash Join", "Parent Relationship": "Outer", "Join Type": "Inner", "Startup Cost": 1632447.26, "Total Cost": 1634599.78, "Plan Rows": 59380, "Plan Width": 83, "Actual Startup Time": 11310.795, "Actual Total Time": 11330.108, "Actual Rows": 1, "Actual Loops": 1, "Inner Unique": true, "Hash Cond": "(public.lineitem.l_suppkey = supplier.s_suppkey)", "Plans": [{"Node Type": "Aggregate", "Strategy": "Hashed", "Parent Relationship": "Outer", "Startup Cost": 1625862.71, "Total Cost": 1626604.96, "Plan Rows": 59380, "Plan Width": 40, "Actual Startup Time": 11207.843, "Actual Total Time": 11226.948, "Actual Rows": 1, "Actual Loops": 1, "Group By Key": ["public.lineitem.l_suppkey"], "Filter": "(sum((public.lineitem.l_extendedprice * (1::double precision - public.lineitem.l_discount))) = $0), (LLVM Optimized, Jit Execute)", "Rows Removed by Filter": 99999, "Plans": [{"Node Type": "Bitmap Heap Scan", "Parent Relationship": "Outer", "Relation Name": "lineitem", "Alias": "lineitem", "Startup Cost": 78544.19, "Total Cost": 1586191.59, "Plan Rows": 2266921, "Plan Width": 24, "Actual Startup Time": 1111.601, "Actual Total Time": 3817.495, "Actual Rows": 2293944, "Actual Loops": 1, "Recheck Cond": "((l_shipdate >= '1997-07-01 00:00:00'::timestamp(0) without time zone) AND (l_shipdate < '1997-10-01 00:00:00'::timestamp without time zone)), (LLVM Optimized, Jit Execute)", "Rows Removed by Index Recheck": 0, "Exact Heap Blocks": 732487, "Lossy Heap Blocks": 732487, "Plans": [{"Node Type": "Bitmap Index Scan", "Parent Relationship": "Outer", "Index Name": "idx_lineitem_shipdate", "Startup Cost": 0.0, "Total Cost": 77977.46, "Plan Rows": 2266921, "Plan Width": 0, "Actual Startup Time": 800.966, "Actual Total Time": 800.966, "Actual Rows": 2293944, "Actual Loops": 1, "Index Cond": "((l_shipdate >= '1997-07-01 00:00:00'::timestamp(0) without time zone) AND (l_shipdate < '1997-10-01 00:00:00'::timestamp without time zone))"}]}]}, {"Node Type": "Hash", "Parent Relationship": "Inner", "Startup Cost": 5334.54, "Total Cost": 5334.54, "Plan Rows": 100000, "Plan Width": 75, "Actual Startup Time": 102.794, "Actual Total Time": 102.794, "Actual Rows": 100000, "Actual Loops": 1, "Hash Buckets": 131072, "Hash Batches": 1, "Original Hash Batches": 1, "Peak Memory Usage": 10544, "Plans": [{"Node Type": "Index Scan", "Parent Relationship": "Outer", "Scan Direction": "Forward", "Index Name": "supplier_pkey", "Relation Name": "supplier", "Alias": "supplier", "Startup Cost": 0.0, "Total Cost": 5334.54, "Plan Rows": 100000, "Plan Width": 75, "Actual Startup Time": 0.058, "Actual Total Time": 69.218, "Actual Rows": 100000, "Actual Loops": 1}]}]}]}, "Triggers": [], "Planner Runtime": 0.924, "Total Runtime": 11343.602, "Unique SQL Id": 3712096918}}, "(16, '38')": {"explain_plan": {"Plan": {"Node Type": "Sort", "Startup Cost": 3247453.25, "Total Cost": 3247601.7, "Plan Rows": 59380, "Plan Width": 83, "Sort Key": ["supplier.s_suppkey"], "Plans": [{"Node Type": "Aggregate", "Strategy": "Plain", "Parent Relationship": "exec_init_plan", "Subplan Name": "InitPlan 1 (returns $0)", "Startup Cost": 1610196.85, "Total Cost": 1610196.86, "Plan Rows": 1, "Plan Width": 16, "Plans": [{"Node Type": "Aggregate", "Strategy": "Hashed", "Parent Relationship": "Outer", "Startup Cost": 1608860.8, "Total Cost": 1609454.6, "Plan Rows": 59380, "Plan Width": 32, "Group By Key": ["public.lineitem.l_suppkey"], "Plans": [{"Node Type": "Bitmap Heap Scan", "Parent Relationship": "Outer", "Relation Name": "lineitem", "Alias": "lineitem", "Startup Cost": 78544.19, "Total Cost": 1586191.59, "Plan Rows": 2266921, "Plan Width": 24, "Recheck Cond": "((l_shipdate >= '1997-07-01 00:00:00'::timestamp(0) without time zone) AND (l_shipdate < '1997-10-01 00:00:00'::timestamp without time zone)), (LLVM Optimized)", "Plans": [{"Node Type": "Bitmap Index Scan", "Parent Relationship": "Outer", "Index Name": "idx_lineitem_shipdate", "Startup Cost": 0.0, "Total Cost": 77977.46, "Plan Rows": 2266921, "Plan Width": 0, "Index Cond": "((l_shipdate >= '1997-07-01 00:00:00'::timestamp(0) without time zone) AND (l_shipdate < '1997-10-01 00:00:00'::timestamp without time zone))"}]}]}]}, {"Node Type": "Hash Join", "Parent Relationship": "Outer", "Join Type": "Inner", "Startup Cost": 1630395.71, "Total Cost": 1632548.24, "Plan Rows": 59380, "Plan Width": 83, "Inner Unique": true, "Hash Cond": "(public.lineitem.l_suppkey = supplier.s_suppkey)", "Plans": [{"Node Type": "Aggregate", "Strategy": "Hashed", "Parent Relationship": "Outer", "Startup Cost": 1625862.71, "Total Cost": 1626604.96, "Plan Rows": 59380, "Plan Width": 40, "Group By Key": ["public.lineitem.l_suppkey"], "Filter": "(sum((public.lineitem.l_extendedprice * (1::double precision - public.lineitem.l_discount))) = $0), (LLVM Optimized)", "Plans": [{"Node Type": "Bitmap Heap Scan", "Parent Relationship": "Outer", "Relation Name": "lineitem", "Alias": "lineitem", "Startup Cost": 78544.19, "Total Cost": 1586191.59, "Plan Rows": 2266921, "Plan Width": 24, "Recheck Cond": "((l_shipdate >= '1997-07-01 00:00:00'::timestamp(0) without time zone) AND (l_shipdate < '1997-10-01 00:00:00'::timestamp without time zone)), (LLVM Optimized)", "Plans": [{"Node Type": "Bitmap Index Scan", "Parent Relationship": "Outer", "Index Name": "idx_lineitem_shipdate", "Startup Cost": 0.0, "Total Cost": 77977.46, "Plan Rows": 2266921, "Plan Width": 0, "Index Cond": "((l_shipdate >= '1997-07-01 00:00:00'::timestamp(0) without time zone) AND (l_shipdate < '1997-10-01 00:00:00'::timestamp without time zone))"}]}]}, {"Node Type": "Hash", "Parent Relationship": "Inner", "Startup Cost": 3283.0, "Total Cost": 3283.0, "Plan Rows": 100000, "Plan Width": 75, "Plans": [{"Node Type": "Seq Scan", "Parent Relationship": "Outer", "Relation Name": "supplier", "Alias": "supplier", "Startup Cost": 0.0, "Total Cost": 3283.0, "Plan Rows": 100000, "Plan Width": 75}]}]}]}, "Unique SQL Id": 3712096918, "Planner Runtime": 0}, "explain_analyze_plan": {"Plan": {"Node Type": "Sort", "Startup Cost": 3247453.25, "Total Cost": 3247601.7, "Plan Rows": 59380, "Plan Width": 83, "Actual Startup Time": 11068.923, "Actual Total Time": 11068.924, "Actual Rows": 1, "Actual Loops": 1, "Sort Key": ["supplier.s_suppkey"], "Sort Method": "quicksort", "Sort Space Used": 25, "Sort Space Type": "Memory", "Plans": [{"Node Type": "Aggregate", "Strategy": "Plain", "Parent Relationship": "exec_init_plan", "Subplan Name": "InitPlan 1 (returns $0)", "Startup Cost": 1610196.85, "Total Cost": 1610196.86, "Plan Rows": 1, "Plan Width": 16, "Actual Startup Time": 5421.153, "Actual Total Time": 5421.153, "Actual Rows": 1, "Actual Loops": 1, "Plans": [{"Node Type": "Aggregate", "Strategy": "Hashed", "Parent Relationship": "Outer", "Startup Cost": 1608860.8, "Total Cost": 1609454.6, "Plan Rows": 59380, "Plan Width": 32, "Actual Startup Time": 5377.089, "Actual Total Time": 5406.09, "Actual Rows": 100000, "Actual Loops": 1, "Group By Key": ["public.lineitem.l_suppkey"], "Plans": [{"Node Type": "Bitmap Heap Scan", "Parent Relationship": "Outer", "Relation Name": "lineitem", "Alias": "lineitem", "Startup Cost": 78544.19, "Total Cost": 1586191.59, "Plan Rows": 2266921, "Plan Width": 24, "Actual Startup Time": 1133.297, "Actual Total Time": 3864.042, "Actual Rows": 2293944, "Actual Loops": 1, "Recheck Cond": "((l_shipdate >= '1997-07-01 00:00:00'::timestamp(0) without time zone) AND (l_shipdate < '1997-10-01 00:00:00'::timestamp without time zone)), (LLVM Optimized, Jit Execute)", "Rows Removed by Index Recheck": 0, "Exact Heap Blocks": 732487, "Lossy Heap Blocks": 732487, "Plans": [{"Node Type": "Bitmap Index Scan", "Parent Relationship": "Outer", "Index Name": "idx_lineitem_shipdate", "Startup Cost": 0.0, "Total Cost": 77977.46, "Plan Rows": 2266921, "Plan Width": 0, "Actual Startup Time": 775.715, "Actual Total Time": 775.715, "Actual Rows": 2293944, "Actual Loops": 1, "Index Cond": "((l_shipdate >= '1997-07-01 00:00:00'::timestamp(0) without time zone) AND (l_shipdate < '1997-10-01 00:00:00'::timestamp without time zone))"}]}]}]}, {"Node Type": "Hash Join", "Parent Relationship": "Outer", "Join Type": "Inner", "Startup Cost": 1630395.71, "Total Cost": 1632548.24, "Plan Rows": 59380, "Plan Width": 83, "Actual Startup Time": 11045.312, "Actual Total Time": 11068.491, "Actual Rows": 1, "Actual Loops": 1, "Inner Unique": true, "Hash Cond": "(public.lineitem.l_suppkey = supplier.s_suppkey)", "Plans": [{"Node Type": "Aggregate", "Strategy": "Hashed", "Parent Relationship": "Outer", "Startup Cost": 1625862.71, "Total Cost": 1626604.96, "Plan Rows": 59380, "Plan Width": 40, "Actual Startup Time": 10973.475, "Actual Total Time": 10996.456, "Actual Rows": 1, "Actual Loops": 1, "Group By Key": ["public.lineitem.l_suppkey"], "Filter": "(sum((public.lineitem.l_extendedprice * (1::double precision - public.lineitem.l_discount))) = $0), (LLVM Optimized, Jit Execute)", "Rows Removed by Filter": 99999, "Plans": [{"Node Type": "Bitmap Heap Scan", "Parent Relationship": "Outer", "Relation Name": "lineitem", "Alias": "lineitem", "Startup Cost": 78544.19, "Total Cost": 1586191.59, "Plan Rows": 2266921, "Plan Width": 24, "Actual Startup Time": 1137.908, "Actual Total Time": 3856.727, "Actual Rows": 2293944, "Actual Loops": 1, "Recheck Cond": "((l_shipdate >= '1997-07-01 00:00:00'::timestamp(0) without time zone) AND (l_shipdate < '1997-10-01 00:00:00'::timestamp without time zone)), (LLVM Optimized, Jit Execute)", "Rows Removed by Index Recheck": 0, "Exact Heap Blocks": 732487, "Lossy Heap Blocks": 732487, "Plans": [{"Node Type": "Bitmap Index Scan", "Parent Relationship": "Outer", "Index Name": "idx_lineitem_shipdate", "Startup Cost": 0.0, "Total Cost": 77977.46, "Plan Rows": 2266921, "Plan Width": 0, "Actual Startup Time": 852.618, "Actual Total Time": 852.618, "Actual Rows": 2293944, "Actual Loops": 1, "Index Cond": "((l_shipdate >= '1997-07-01 00:00:00'::timestamp(0) without time zone) AND (l_shipdate < '1997-10-01 00:00:00'::timestamp without time zone))"}]}]}, {"Node Type": "Hash", "Parent Relationship": "Inner", "Startup Cost": 3283.0, "Total Cost": 3283.0, "Plan Rows": 100000, "Plan Width": 75, "Actual Startup Time": 71.679, "Actual Total Time": 71.679, "Actual Rows": 100000, "Actual Loops": 1, "Hash Buckets": 131072, "Hash Batches": 1, "Original Hash Batches": 1, "Peak Memory Usage": 10544, "Plans": [{"Node Type": "Seq Scan", "Parent Relationship": "Outer", "Relation Name": "supplier", "Alias": "supplier", "Startup Cost": 0.0, "Total Cost": 3283.0, "Plan Rows": 100000, "Plan Width": 75, "Actual Startup Time": 0.031, "Actual Total Time": 37.394, "Actual Rows": 100000, "Actual Loops": 1}]}]}]}, "Triggers": [], "Planner Runtime": 0.869, "Total Runtime": 11081.644, "Unique SQL Id": 3712096918}}, "(16, '39')": {"explain_plan": {"Plan": {"Node Type": "Sort", "Startup Cost": 3497813.02, "Total Cost": 3497961.47, "Plan Rows": 59380, "Plan Width": 83, "Sort Key": ["supplier.s_suppkey"], "Plans": [{"Node Type": "Aggregate", "Strategy": "Plain", "Parent Relationship": "exec_init_plan", "Subplan Name": "InitPlan 1 (returns $0)", "Startup Cost": 1610196.85, "Total Cost": 1610196.86, "Plan Rows": 1, "Plan Width": 16, "Plans": [{"Node Type": "Aggregate", "Strategy": "Hashed", "Parent Relationship": "Outer", "Startup Cost": 1608860.8, "Total Cost": 1609454.6, "Plan Rows": 59380, "Plan Width": 32, "Group By Key": ["public.lineitem.l_suppkey"], "Plans": [{"Node Type": "Bitmap Heap Scan", "Parent Relationship": "Outer", "Relation Name": "lineitem", "Alias": "lineitem", "Startup Cost": 78544.19, "Total Cost": 1586191.59, "Plan Rows": 2266921, "Plan Width": 24, "Recheck Cond": "((l_shipdate >= '1997-07-01 00:00:00'::timestamp(0) without time zone) AND (l_shipdate < '1997-10-01 00:00:00'::timestamp without time zone)), (LLVM Optimized)", "Plans": [{"Node Type": "Bitmap Index Scan", "Parent Relationship": "Outer", "Index Name": "idx_lineitem_shipdate", "Startup Cost": 0.0, "Total Cost": 77977.46, "Plan Rows": 2266921, "Plan Width": 0, "Index Cond": "((l_shipdate >= '1997-07-01 00:00:00'::timestamp(0) without time zone) AND (l_shipdate < '1997-10-01 00:00:00'::timestamp without time zone))"}]}]}]}, {"Node Type": "Nested Loop", "Parent Relationship": "Outer", "Join Type": "Inner", "Startup Cost": 1625863.0, "Total Cost": 1882908.01, "Plan Rows": 59380, "Plan Width": 83, "Inner Unique": true, "Plans": [{"Node Type": "Aggregate", "Strategy": "Hashed", "Parent Relationship": "Outer", "Startup Cost": 1625862.71, "Total Cost": 1626604.96, "Plan Rows": 59380, "Plan Width": 40, "Group By Key": ["public.lineitem.l_suppkey"], "Filter": "(sum((public.lineitem.l_extendedprice * (1::double precision - public.lineitem.l_discount))) = $0), (LLVM Optimized)", "Plans": [{"Node Type": "Bitmap Heap Scan", "Parent Relationship": "Outer", "Relation Name": "lineitem", "Alias": "lineitem", "Startup Cost": 78544.19, "Total Cost": 1586191.59, "Plan Rows": 2266921, "Plan Width": 24, "Recheck Cond": "((l_shipdate >= '1997-07-01 00:00:00'::timestamp(0) without time zone) AND (l_shipdate < '1997-10-01 00:00:00'::timestamp without time zone)), (LLVM Optimized)", "Plans": [{"Node Type": "Bitmap Index Scan", "Parent Relationship": "Outer", "Index Name": "idx_lineitem_shipdate", "Startup Cost": 0.0, "Total Cost": 77977.46, "Plan Rows": 2266921, "Plan Width": 0, "Index Cond": "((l_shipdate >= '1997-07-01 00:00:00'::timestamp(0) without time zone) AND (l_shipdate < '1997-10-01 00:00:00'::timestamp without time zone))"}]}]}, {"Node Type": "Bitmap Heap Scan", "Parent Relationship": "Inner", "Relation Name": "supplier", "Alias": "supplier", "Startup Cost": 0.28, "Total Cost": 4.3, "Plan Rows": 1, "Plan Width": 75, "Recheck Cond": "(s_suppkey = public.lineitem.l_suppkey)", "Plans": [{"Node Type": "Bitmap Index Scan", "Parent Relationship": "Outer", "Index Name": "supplier_pkey", "Startup Cost": 0.0, "Total Cost": 0.28, "Plan Rows": 1, "Plan Width": 0, "Index Cond": "(s_suppkey = public.lineitem.l_suppkey)"}]}]}]}, "Unique SQL Id": 3712096918, "Planner Runtime": 0}, "explain_analyze_plan": {"Plan": {"Node Type": "Sort", "Startup Cost": 3497813.02, "Total Cost": 3497961.47, "Plan Rows": 59380, "Plan Width": 83, "Actual Startup Time": 11241.876, "Actual Total Time": 11241.876, "Actual Rows": 1, "Actual Loops": 1, "Sort Key": ["supplier.s_suppkey"], "Sort Method": "quicksort", "Sort Space Used": 25, "Sort Space Type": "Memory", "Plans": [{"Node Type": "Aggregate", "Strategy": "Plain", "Parent Relationship": "exec_init_plan", "Subplan Name": "InitPlan 1 (returns $0)", "Startup Cost": 1610196.85, "Total Cost": 1610196.86, "Plan Rows": 1, "Plan Width": 16, "Actual Startup Time": 5464.823, "Actual Total Time": 5464.823, "Actual Rows": 1, "Actual Loops": 1, "Plans": [{"Node Type": "Aggregate", "Strategy": "Hashed", "Parent Relationship": "Outer", "Startup Cost": 1608860.8, "Total Cost": 1609454.6, "Plan Rows": 59380, "Plan Width": 32, "Actual Startup Time": 5414.615, "Actual Total Time": 5449.751, "Actual Rows": 100000, "Actual Loops": 1, "Group By Key": ["public.lineitem.l_suppkey"], "Plans": [{"Node Type": "Bitmap Heap Scan", "Parent Relationship": "Outer", "Relation Name": "lineitem", "Alias": "lineitem", "Startup Cost": 78544.19, "Total Cost": 1586191.59, "Plan Rows": 2266921, "Plan Width": 24, "Actual Startup Time": 1070.692, "Actual Total Time": 3752.897, "Actual Rows": 2293944, "Actual Loops": 1, "Recheck Cond": "((l_shipdate >= '1997-07-01 00:00:00'::timestamp(0) without time zone) AND (l_shipdate < '1997-10-01 00:00:00'::timestamp without time zone)), (LLVM Optimized, Jit Execute)", "Rows Removed by Index Recheck": 0, "Exact Heap Blocks": 732487, "Lossy Heap Blocks": 732487, "Plans": [{"Node Type": "Bitmap Index Scan", "Parent Relationship": "Outer", "Index Name": "idx_lineitem_shipdate", "Startup Cost": 0.0, "Total Cost": 77977.46, "Plan Rows": 2266921, "Plan Width": 0, "Actual Startup Time": 784.899, "Actual Total Time": 784.899, "Actual Rows": 2293944, "Actual Loops": 1, "Index Cond": "((l_shipdate >= '1997-07-01 00:00:00'::timestamp(0) without time zone) AND (l_shipdate < '1997-10-01 00:00:00'::timestamp without time zone))"}]}]}]}, {"Node Type": "Nested Loop", "Parent Relationship": "Outer", "Join Type": "Inner", "Startup Cost": 1625863.0, "Total Cost": 1882908.01, "Plan Rows": 59380, "Plan Width": 83, "Actual Startup Time": 11222.658, "Actual Total Time": 11241.85, "Actual Rows": 1, "Actual Loops": 1, "Inner Unique": true, "Plans": [{"Node Type": "Aggregate", "Strategy": "Hashed", "Parent Relationship": "Outer", "Startup Cost": 1625862.71, "Total Cost": 1626604.96, "Plan Rows": 59380, "Plan Width": 40, "Actual Startup Time": 11222.535, "Actual Total Time": 11241.516, "Actual Rows": 1, "Actual Loops": 1, "Group By Key": ["public.lineitem.l_suppkey"], "Filter": "(sum((public.lineitem.l_extendedprice * (1::double precision - public.lineitem.l_discount))) = $0), (LLVM Optimized, Jit Execute)", "Rows Removed by Filter": 99999, "Plans": [{"Node Type": "Bitmap Heap Scan", "Parent Relationship": "Outer", "Relation Name": "lineitem", "Alias": "lineitem", "Startup Cost": 78544.19, "Total Cost": 1586191.59, "Plan Rows": 2266921, "Plan Width": 24, "Actual Startup Time": 1227.767, "Actual Total Time": 4076.427, "Actual Rows": 2293944, "Actual Loops": 1, "Recheck Cond": "((l_shipdate >= '1997-07-01 00:00:00'::timestamp(0) without time zone) AND (l_shipdate < '1997-10-01 00:00:00'::timestamp without time zone)), (LLVM Optimized, Jit Execute)", "Rows Removed by Index Recheck": 0, "Exact Heap Blocks": 732487, "Lossy Heap Blocks": 732487, "Plans": [{"Node Type": "Bitmap Index Scan", "Parent Relationship": "Outer", "Index Name": "idx_lineitem_shipdate", "Startup Cost": 0.0, "Total Cost": 77977.46, "Plan Rows": 2266921, "Plan Width": 0, "Actual Startup Time": 872.627, "Actual Total Time": 872.627, "Actual Rows": 2293944, "Actual Loops": 1, "Index Cond": "((l_shipdate >= '1997-07-01 00:00:00'::timestamp(0) without time zone) AND (l_shipdate < '1997-10-01 00:00:00'::timestamp without time zone))"}]}]}, {"Node Type": "Bitmap Heap Scan", "Parent Relationship": "Inner", "Relation Name": "supplier", "Alias": "supplier", "Startup Cost": 0.28, "Total Cost": 4.3, "Plan Rows": 1, "Plan Width": 75, "Actual Startup Time": 0.098, "Actual Total Time": 0.098, "Actual Rows": 1, "Actual Loops": 1, "Recheck Cond": "(s_suppkey = public.lineitem.l_suppkey)", "Rows Removed by Index Recheck": 0, "Exact Heap Blocks": 1, "Lossy Heap Blocks": 1, "Plans": [{"Node Type": "Bitmap Index Scan", "Parent Relationship": "Outer", "Index Name": "supplier_pkey", "Startup Cost": 0.0, "Total Cost": 0.28, "Plan Rows": 1, "Plan Width": 0, "Actual Startup Time": 0.039, "Actual Total Time": 0.039, "Actual Rows": 1, "Actual Loops": 1, "Index Cond": "(s_suppkey = public.lineitem.l_suppkey)"}]}]}]}, "Triggers": [], "Planner Runtime": 0.877, "Total Runtime": 11254.72, "Unique SQL Id": 3712096918}}, "(16, '40')": {"explain_plan": {"Plan": {"Node Type": "Sort", "Startup Cost": 4727127.98, "Total Cost": 4727276.43, "Plan Rows": 59380, "Plan Width": 83, "Sort Key": ["supplier.s_suppkey"], "Plans": [{"Node Type": "Aggregate", "Strategy": "Plain", "Parent Relationship": "exec_init_plan", "Subplan Name": "InitPlan 1 (returns $0)", "Startup Cost": 2339055.76, "Total Cost": 2339055.77, "Plan Rows": 1, "Plan Width": 16, "Plans": [{"Node Type": "Aggregate", "Strategy": "Hashed", "Parent Relationship": "Outer", "Startup Cost": 2337719.71, "Total Cost": 2338313.51, "Plan Rows": 59380, "Plan Width": 32, "Group By Key": ["public.lineitem.l_suppkey"], "Plans": [{"Node Type": "Seq Scan", "Parent Relationship": "Outer", "Relation Name": "lineitem", "Alias": "lineitem", "Startup Cost": 25.28, "Total Cost": 2315050.5, "Plan Rows": 2266921, "Plan Width": 24, "Filter": "((l_shipdate >= '1997-07-01 00:00:00'::timestamp(0) without time zone) AND (l_shipdate < '1997-10-01 00:00:00'::timestamp without time zone)), (LLVM Optimized)"}]}]}, {"Node Type": "Nested Loop", "Parent Relationship": "Outer", "Join Type": "Inner", "Startup Cost": 2354721.61, "Total Cost": 2383364.06, "Plan Rows": 59380, "Plan Width": 83, "Inner Unique": true, "Plans": [{"Node Type": "Aggregate", "Strategy": "Hashed", "Parent Relationship": "Outer", "Startup Cost": 2354721.61, "Total Cost": 2355463.86, "Plan Rows": 59380, "Plan Width": 40, "Group By Key": ["public.lineitem.l_suppkey"], "Filter": "(sum((public.lineitem.l_extendedprice * (1::double precision - public.lineitem.l_discount))) = $0), (LLVM Optimized)", "Plans": [{"Node Type": "Seq Scan", "Parent Relationship": "Outer", "Relation Name": "lineitem", "Alias": "lineitem", "Startup Cost": 25.28, "Total Cost": 2315050.5, "Plan Rows": 2266921, "Plan Width": 24, "Filter": "((l_shipdate >= '1997-07-01 00:00:00'::timestamp(0) without time zone) AND (l_shipdate < '1997-10-01 00:00:00'::timestamp without time zone)), (LLVM Optimized)"}]}, {"Node Type": "Index Scan", "Parent Relationship": "Inner", "Scan Direction": "Forward", "Index Name": "supplier_pkey", "Relation Name": "supplier", "Alias": "supplier", "Startup Cost": 0.0, "Total Cost": 0.45, "Plan Rows": 1, "Plan Width": 75, "Index Cond": "(s_suppkey = public.lineitem.l_suppkey)"}]}]}, "Unique SQL Id": 3712096918, "Planner Runtime": 0}, "explain_analyze_plan": null}, "(16, '41')": {"explain_plan": {"Plan": {"Node Type": "Sort", "Startup Cost": 10368528.3, "Total Cost": 10368676.75, "Plan Rows": 59380, "Plan Width": 83, "Sort Key": ["supplier.s_suppkey"], "Plans": [{"Node Type": "Aggregate", "Strategy": "Plain", "Parent Relationship": "exec_init_plan", "Subplan Name": "InitPlan 1 (returns $0)", "Startup Cost": 5159755.92, "Total Cost": 5159755.93, "Plan Rows": 1, "Plan Width": 16, "Plans": [{"Node Type": "Aggregate", "Strategy": "Hashed", "Parent Relationship": "Outer", "Startup Cost": 5158419.87, "Total Cost": 5159013.67, "Plan Rows": 59380, "Plan Width": 32, "Group By Key": ["public.lineitem.l_suppkey"], "Plans": [{"Node Type": "Index Scan", "Parent Relationship": "Outer", "Scan Direction": "Forward", "Index Name": "idx_lineitem_shipdate", "Relation Name": "lineitem", "Alias": "lineitem", "Startup Cost": 0.0, "Total Cost": 5135750.66, "Plan Rows": 2266921, "Plan Width": 24, "Index Cond": "((l_shipdate >= '1997-07-01 00:00:00'::timestamp(0) without time zone) AND (l_shipdate < '1997-10-01 00:00:00'::timestamp without time zone)), (LLVM Optimized)"}]}]}, {"Node Type": "Nested Loop", "Parent Relationship": "Outer", "Join Type": "Inner", "Startup Cost": 5175421.77, "Total Cost": 5204064.22, "Plan Rows": 59380, "Plan Width": 83, "Inner Unique": true, "Plans": [{"Node Type": "Aggregate", "Strategy": "Hashed", "Parent Relationship": "Outer", "Startup Cost": 5175421.77, "Total Cost": 5176164.02, "Plan Rows": 59380, "Plan Width": 40, "Group By Key": ["public.lineitem.l_suppkey"], "Filter": "(sum((public.lineitem.l_extendedprice * (1::double precision - public.lineitem.l_discount))) = $0), (LLVM Optimized)", "Plans": [{"Node Type": "Index Scan", "Parent Relationship": "Outer", "Scan Direction": "Forward", "Index Name": "idx_lineitem_shipdate", "Relation Name": "lineitem", "Alias": "lineitem", "Startup Cost": 0.0, "Total Cost": 5135750.66, "Plan Rows": 2266921, "Plan Width": 24, "Index Cond": "((l_shipdate >= '1997-07-01 00:00:00'::timestamp(0) without time zone) AND (l_shipdate < '1997-10-01 00:00:00'::timestamp without time zone)), (LLVM Optimized)"}]}, {"Node Type": "Index Scan", "Parent Relationship": "Inner", "Scan Direction": "Forward", "Index Name": "supplier_pkey", "Relation Name": "supplier", "Alias": "supplier", "Startup Cost": 0.0, "Total Cost": 0.45, "Plan Rows": 1, "Plan Width": 75, "Index Cond": "(s_suppkey = public.lineitem.l_suppkey)"}]}]}, "Unique SQL Id": 3712096918, "Planner Runtime": 1}, "explain_analyze_plan": {"Plan": {"Node Type": "Sort", "Startup Cost": 10368528.3, "Total Cost": 10368676.75, "Plan Rows": 59380, "Plan Width": 83, "Actual Startup Time": 15978.075, "Actual Total Time": 15978.076, "Actual Rows": 1, "Actual Loops": 1, "Sort Key": ["supplier.s_suppkey"], "Sort Method": "quicksort", "Sort Space Used": 25, "Sort Space Type": "Memory", "Plans": [{"Node Type": "Aggregate", "Strategy": "Plain", "Parent Relationship": "exec_init_plan", "Subplan Name": "InitPlan 1 (returns $0)", "Startup Cost": 5159755.92, "Total Cost": 5159755.93, "Plan Rows": 1, "Plan Width": 16, "Actual Startup Time": 7901.47, "Actual Total Time": 7901.47, "Actual Rows": 1, "Actual Loops": 1, "Plans": [{"Node Type": "Aggregate", "Strategy": "Hashed", "Parent Relationship": "Outer", "Startup Cost": 5158419.87, "Total Cost": 5159013.67, "Plan Rows": 59380, "Plan Width": 32, "Actual Startup Time": 7852.772, "Actual Total Time": 7886.566, "Actual Rows": 100000, "Actual Loops": 1, "Group By Key": ["public.lineitem.l_suppkey"], "Plans": [{"Node Type": "Index Scan", "Parent Relationship": "Outer", "Scan Direction": "Forward", "Index Name": "idx_lineitem_shipdate", "Relation Name": "lineitem", "Alias": "lineitem", "Startup Cost": 0.0, "Total Cost": 5135750.66, "Plan Rows": 2266921, "Plan Width": 24, "Actual Startup Time": 0.065, "Actual Total Time": 5901.116, "Actual Rows": 2293944, "Actual Loops": 1, "Index Cond": "((l_shipdate >= '1997-07-01 00:00:00'::timestamp(0) without time zone) AND (l_shipdate < '1997-10-01 00:00:00'::timestamp without time zone)), (LLVM Optimized, Jit Execute)", "Rows Removed by Index Recheck": 0}]}]}, {"Node Type": "Nested Loop", "Parent Relationship": "Outer", "Join Type": "Inner", "Startup Cost": 5175421.77, "Total Cost": 5204064.22, "Plan Rows": 59380, "Plan Width": 83, "Actual Startup Time": 15941.949, "Actual Total Time": 15978.05, "Actual Rows": 1, "Actual Loops": 1, "Inner Unique": true, "Plans": [{"Node Type": "Aggregate", "Strategy": "Hashed", "Parent Relationship": "Outer", "Startup Cost": 5175421.77, "Total Cost": 5176164.02, "Plan Rows": 59380, "Plan Width": 40, "Actual Startup Time": 15941.901, "Actual Total Time": 15977.732, "Actual Rows": 1, "Actual Loops": 1, "Group By Key": ["public.lineitem.l_suppkey"], "Filter": "(sum((public.lineitem.l_extendedprice * (1::double precision - public.lineitem.l_discount))) = $0), (LLVM Optimized, Jit Execute)", "Rows Removed by Filter": 99999, "Plans": [{"Node Type": "Index Scan", "Parent Relationship": "Outer", "Scan Direction": "Forward", "Index Name": "idx_lineitem_shipdate", "Relation Name": "lineitem", "Alias": "lineitem", "Startup Cost": 0.0, "Total Cost": 5135750.66, "Plan Rows": 2266921, "Plan Width": 24, "Actual Startup Time": 0.064, "Actual Total Time": 5948.545, "Actual Rows": 2293944, "Actual Loops": 1, "Index Cond": "((l_shipdate >= '1997-07-01 00:00:00'::timestamp(0) without time zone) AND (l_shipdate < '1997-10-01 00:00:00'::timestamp without time zone)), (LLVM Optimized, Jit Execute)", "Rows Removed by Index Recheck": 0}]}, {"Node Type": "Index Scan", "Parent Relationship": "Inner", "Scan Direction": "Forward", "Index Name": "supplier_pkey", "Relation Name": "supplier", "Alias": "supplier", "Startup Cost": 0.0, "Total Cost": 0.45, "Plan Rows": 1, "Plan Width": 75, "Actual Startup Time": 0.032, "Actual Total Time": 0.032, "Actual Rows": 1, "Actual Loops": 1, "Index Cond": "(s_suppkey = public.lineitem.l_suppkey)", "Rows Removed by Index Recheck": 0}]}]}, "Triggers": [], "Planner Runtime": 0.864, "Total Runtime": 15989.295, "Unique SQL Id": 3712096918}}, "(16, '42')": {"explain_plan": {"Plan": {"Node Type": "Sort", "Startup Cost": 4705171.05, "Total Cost": 4705319.5, "Plan Rows": 59380, "Plan Width": 83, "Sort Key": ["supplier.s_suppkey"], "Plans": [{"Node Type": "Aggregate", "Strategy": "Plain", "Parent Relationship": "exec_init_plan", "Subplan Name": "InitPlan 1 (returns $0)", "Startup Cost": 2339055.76, "Total Cost": 2339055.77, "Plan Rows": 1, "Plan Width": 16, "Plans": [{"Node Type": "Aggregate", "Strategy": "Hashed", "Parent Relationship": "Outer", "Startup Cost": 2337719.71, "Total Cost": 2338313.51, "Plan Rows": 59380, "Plan Width": 32, "Group By Key": ["public.lineitem.l_suppkey"], "Plans": [{"Node Type": "Seq Scan", "Parent Relationship": "Outer", "Relation Name": "lineitem", "Alias": "lineitem", "Startup Cost": 25.28, "Total Cost": 2315050.5, "Plan Rows": 2266921, "Plan Width": 24, "Filter": "((l_shipdate >= '1997-07-01 00:00:00'::timestamp(0) without time zone) AND (l_shipdate < '1997-10-01 00:00:00'::timestamp without time zone)), (LLVM Optimized)"}]}]}, {"Node Type": "Hash Join", "Parent Relationship": "Outer", "Join Type": "Inner", "Startup Cost": 2359254.61, "Total Cost": 2361407.14, "Plan Rows": 59380, "Plan Width": 83, "Inner Unique": true, "Hash Cond": "(public.lineitem.l_suppkey = supplier.s_suppkey)", "Plans": [{"Node Type": "Aggregate", "Strategy": "Hashed", "Parent Relationship": "Outer", "Startup Cost": 2354721.61, "Total Cost": 2355463.86, "Plan Rows": 59380, "Plan Width": 40, "Group By Key": ["public.lineitem.l_suppkey"], "Filter": "(sum((public.lineitem.l_extendedprice * (1::double precision - public.lineitem.l_discount))) = $0), (LLVM Optimized)", "Plans": [{"Node Type": "Seq Scan", "Parent Relationship": "Outer", "Relation Name": "lineitem", "Alias": "lineitem", "Startup Cost": 25.28, "Total Cost": 2315050.5, "Plan Rows": 2266921, "Plan Width": 24, "Filter": "((l_shipdate >= '1997-07-01 00:00:00'::timestamp(0) without time zone) AND (l_shipdate < '1997-10-01 00:00:00'::timestamp without time zone)), (LLVM Optimized)"}]}, {"Node Type": "Hash", "Parent Relationship": "Inner", "Startup Cost": 3283.0, "Total Cost": 3283.0, "Plan Rows": 100000, "Plan Width": 75, "Plans": [{"Node Type": "Seq Scan", "Parent Relationship": "Outer", "Relation Name": "supplier", "Alias": "supplier", "Startup Cost": 0.0, "Total Cost": 3283.0, "Plan Rows": 100000, "Plan Width": 75}]}]}]}, "Unique SQL Id": 3712096918, "Planner Runtime": 1}, "explain_analyze_plan": null}, "(16, '43')": {"explain_plan": {"Plan": {"Node Type": "Nested Loop", "Join Type": "Inner", "Startup Cost": 2010463073775.39, "Total Cost": 3000552678714.27, "Plan Rows": 59380, "Plan Width": 83, "Inner Unique": true, "Join Filter": "(supplier.s_suppkey = revenue0.supplier_no)", "Plans": [{"Node Type": "Aggregate", "Strategy": "Plain", "Parent Relationship": "exec_init_plan", "Subplan Name": "InitPlan 1 (returns $0)", "Startup Cost": 1000231529054.76, "Total Cost": 1000231529054.77, "Plan Rows": 1, "Plan Width": 16, "Plans": [{"Node Type": "Aggregate", "Strategy": "Hashed", "Parent Relationship": "Outer", "Startup Cost": 1000231527718.71, "Total Cost": 1000231528312.51, "Plan Rows": 59380, "Plan Width": 32, "Group By Key": ["public.lineitem.l_suppkey"], "Plans": [{"Node Type": "Seq Scan", "Parent Relationship": "Outer", "Relation Name": "lineitem", "Alias": "lineitem", "Startup Cost": 10000000025.02, "Total Cost": 1000231505049.5, "Plan Rows": 2266921, "Plan Width": 24, "Filter": "((l_shipdate >= '1997-07-01 00:00:00'::timestamp(0) without time zone) AND (l_shipdate < '1997-10-01 00:00:00'::timestamp without time zone)), (LLVM Optimized)"}]}]}, {"Node Type": "Index Scan", "Parent Relationship": "Outer", "Scan Direction": "Forward", "Index Name": "supplier_pkey", "Relation Name": "supplier", "Alias": "supplier", "Startup Cost": 10000000000.0, "Total Cost": 1000000533454.38, "Plan Rows": 100000, "Plan Width": 75}, {"Node Type": "Materialize", "Parent Relationship": "Inner", "Startup Cost": 1000231544720.62, "Total Cost": 1000231546353.57, "Plan Rows": 59380, "Plan Width": 16, "Plans": [{"Node Type": "Subquery Scan", "Parent Relationship": "Outer", "Alias": "revenue0", "Startup Cost": 1000231544720.62, "Total Cost": 1000231546056.67, "Plan Rows": 59380, "Plan Width": 16, "Plans": [{"Node Type": "Aggregate", "Strategy": "Hashed", "Parent Relationship": "Subquery", "Startup Cost": 1000231544720.62, "Total Cost": 1000231545462.87, "Plan Rows": 59380, "Plan Width": 40, "Group By Key": ["public.lineitem.l_suppkey"], "Filter": "(sum((public.lineitem.l_extendedprice * (1::double precision - public.lineitem.l_discount))) = $0), (LLVM Optimized)", "Plans": [{"Node Type": "Seq Scan", "Parent Relationship": "Outer", "Relation Name": "lineitem", "Alias": "lineitem", "Startup Cost": 10000000025.02, "Total Cost": 1000231505049.5, "Plan Rows": 2266921, "Plan Width": 24, "Filter": "((l_shipdate >= '1997-07-01 00:00:00'::timestamp(0) without time zone) AND (l_shipdate < '1997-10-01 00:00:00'::timestamp without time zone)), (LLVM Optimized)"}]}]}]}]}, "Unique SQL Id": 3712096918, "Planner Runtime": 1}, "explain_analyze_plan": null}, "(16, '44')": {"explain_plan": {"Plan": {"Node Type": "Sort", "Startup Cost": 4727127.98, "Total Cost": 4727276.43, "Plan Rows": 59380, "Plan Width": 83, "Sort Key": ["supplier.s_suppkey"], "Plans": [{"Node Type": "Aggregate", "Strategy": "Plain", "Parent Relationship": "exec_init_plan", "Subplan Name": "InitPlan 1 (returns $0)", "Startup Cost": 2339055.76, "Total Cost": 2339055.77, "Plan Rows": 1, "Plan Width": 16, "Plans": [{"Node Type": "Aggregate", "Strategy": "Hashed", "Parent Relationship": "Outer", "Startup Cost": 2337719.71, "Total Cost": 2338313.51, "Plan Rows": 59380, "Plan Width": 32, "Group By Key": ["public.lineitem.l_suppkey"], "Plans": [{"Node Type": "Seq Scan", "Parent Relationship": "Outer", "Relation Name": "lineitem", "Alias": "lineitem", "Startup Cost": 25.28, "Total Cost": 2315050.5, "Plan Rows": 2266921, "Plan Width": 24, "Filter": "((l_shipdate >= '1997-07-01 00:00:00'::timestamp(0) without time zone) AND (l_shipdate < '1997-10-01 00:00:00'::timestamp without time zone)), (LLVM Optimized)"}]}]}, {"Node Type": "Nested Loop", "Parent Relationship": "Outer", "Join Type": "Inner", "Startup Cost": 2354721.61, "Total Cost": 2383364.06, "Plan Rows": 59380, "Plan Width": 83, "Inner Unique": true, "Plans": [{"Node Type": "Aggregate", "Strategy": "Hashed", "Parent Relationship": "Outer", "Startup Cost": 2354721.61, "Total Cost": 2355463.86, "Plan Rows": 59380, "Plan Width": 40, "Group By Key": ["public.lineitem.l_suppkey"], "Filter": "(sum((public.lineitem.l_extendedprice * (1::double precision - public.lineitem.l_discount))) = $0), (LLVM Optimized)", "Plans": [{"Node Type": "Seq Scan", "Parent Relationship": "Outer", "Relation Name": "lineitem", "Alias": "lineitem", "Startup Cost": 25.28, "Total Cost": 2315050.5, "Plan Rows": 2266921, "Plan Width": 24, "Filter": "((l_shipdate >= '1997-07-01 00:00:00'::timestamp(0) without time zone) AND (l_shipdate < '1997-10-01 00:00:00'::timestamp without time zone)), (LLVM Optimized)"}]}, {"Node Type": "Index Scan", "Parent Relationship": "Inner", "Scan Direction": "Forward", "Index Name": "supplier_pkey", "Relation Name": "supplier", "Alias": "supplier", "Startup Cost": 0.0, "Total Cost": 0.45, "Plan Rows": 1, "Plan Width": 75, "Index Cond": "(s_suppkey = public.lineitem.l_suppkey)"}]}]}, "Unique SQL Id": 3712096918, "Planner Runtime": 1}, "explain_analyze_plan": null}, "(16, '45')": {"explain_plan": {"Plan": {"Node Type": "Sort", "Startup Cost": 10368528.3, "Total Cost": 10368676.75, "Plan Rows": 59380, "Plan Width": 83, "Sort Key": ["supplier.s_suppkey"], "Plans": [{"Node Type": "Aggregate", "Strategy": "Plain", "Parent Relationship": "exec_init_plan", "Subplan Name": "InitPlan 1 (returns $0)", "Startup Cost": 5159755.92, "Total Cost": 5159755.93, "Plan Rows": 1, "Plan Width": 16, "Plans": [{"Node Type": "Aggregate", "Strategy": "Hashed", "Parent Relationship": "Outer", "Startup Cost": 5158419.87, "Total Cost": 5159013.67, "Plan Rows": 59380, "Plan Width": 32, "Group By Key": ["public.lineitem.l_suppkey"], "Plans": [{"Node Type": "Index Scan", "Parent Relationship": "Outer", "Scan Direction": "Forward", "Index Name": "idx_lineitem_shipdate", "Relation Name": "lineitem", "Alias": "lineitem", "Startup Cost": 0.0, "Total Cost": 5135750.66, "Plan Rows": 2266921, "Plan Width": 24, "Index Cond": "((l_shipdate >= '1997-07-01 00:00:00'::timestamp(0) without time zone) AND (l_shipdate < '1997-10-01 00:00:00'::timestamp without time zone)), (LLVM Optimized)"}]}]}, {"Node Type": "Nested Loop", "Parent Relationship": "Outer", "Join Type": "Inner", "Startup Cost": 5175421.77, "Total Cost": 5204064.22, "Plan Rows": 59380, "Plan Width": 83, "Inner Unique": true, "Plans": [{"Node Type": "Aggregate", "Strategy": "Hashed", "Parent Relationship": "Outer", "Startup Cost": 5175421.77, "Total Cost": 5176164.02, "Plan Rows": 59380, "Plan Width": 40, "Group By Key": ["public.lineitem.l_suppkey"], "Filter": "(sum((public.lineitem.l_extendedprice * (1::double precision - public.lineitem.l_discount))) = $0), (LLVM Optimized)", "Plans": [{"Node Type": "Index Scan", "Parent Relationship": "Outer", "Scan Direction": "Forward", "Index Name": "idx_lineitem_shipdate", "Relation Name": "lineitem", "Alias": "lineitem", "Startup Cost": 0.0, "Total Cost": 5135750.66, "Plan Rows": 2266921, "Plan Width": 24, "Index Cond": "((l_shipdate >= '1997-07-01 00:00:00'::timestamp(0) without time zone) AND (l_shipdate < '1997-10-01 00:00:00'::timestamp without time zone)), (LLVM Optimized)"}]}, {"Node Type": "Index Scan", "Parent Relationship": "Inner", "Scan Direction": "Forward", "Index Name": "supplier_pkey", "Relation Name": "supplier", "Alias": "supplier", "Startup Cost": 0.0, "Total Cost": 0.45, "Plan Rows": 1, "Plan Width": 75, "Index Cond": "(s_suppkey = public.lineitem.l_suppkey)"}]}]}, "Unique SQL Id": 3712096918, "Planner Runtime": 0}, "explain_analyze_plan": {"Plan": {"Node Type": "Sort", "Startup Cost": 10368528.3, "Total Cost": 10368676.75, "Plan Rows": 59380, "Plan Width": 83, "Actual Startup Time": 15978.075, "Actual Total Time": 15978.076, "Actual Rows": 1, "Actual Loops": 1, "Sort Key": ["supplier.s_suppkey"], "Sort Method": "quicksort", "Sort Space Used": 25, "Sort Space Type": "Memory", "Plans": [{"Node Type": "Aggregate", "Strategy": "Plain", "Parent Relationship": "exec_init_plan", "Subplan Name": "InitPlan 1 (returns $0)", "Startup Cost": 5159755.92, "Total Cost": 5159755.93, "Plan Rows": 1, "Plan Width": 16, "Actual Startup Time": 7901.47, "Actual Total Time": 7901.47, "Actual Rows": 1, "Actual Loops": 1, "Plans": [{"Node Type": "Aggregate", "Strategy": "Hashed", "Parent Relationship": "Outer", "Startup Cost": 5158419.87, "Total Cost": 5159013.67, "Plan Rows": 59380, "Plan Width": 32, "Actual Startup Time": 7852.772, "Actual Total Time": 7886.566, "Actual Rows": 100000, "Actual Loops": 1, "Group By Key": ["public.lineitem.l_suppkey"], "Plans": [{"Node Type": "Index Scan", "Parent Relationship": "Outer", "Scan Direction": "Forward", "Index Name": "idx_lineitem_shipdate", "Relation Name": "lineitem", "Alias": "lineitem", "Startup Cost": 0.0, "Total Cost": 5135750.66, "Plan Rows": 2266921, "Plan Width": 24, "Actual Startup Time": 0.065, "Actual Total Time": 5901.116, "Actual Rows": 2293944, "Actual Loops": 1, "Index Cond": "((l_shipdate >= '1997-07-01 00:00:00'::timestamp(0) without time zone) AND (l_shipdate < '1997-10-01 00:00:00'::timestamp without time zone)), (LLVM Optimized, Jit Execute)", "Rows Removed by Index Recheck": 0}]}]}, {"Node Type": "Nested Loop", "Parent Relationship": "Outer", "Join Type": "Inner", "Startup Cost": 5175421.77, "Total Cost": 5204064.22, "Plan Rows": 59380, "Plan Width": 83, "Actual Startup Time": 15941.949, "Actual Total Time": 15978.05, "Actual Rows": 1, "Actual Loops": 1, "Inner Unique": true, "Plans": [{"Node Type": "Aggregate", "Strategy": "Hashed", "Parent Relationship": "Outer", "Startup Cost": 5175421.77, "Total Cost": 5176164.02, "Plan Rows": 59380, "Plan Width": 40, "Actual Startup Time": 15941.901, "Actual Total Time": 15977.732, "Actual Rows": 1, "Actual Loops": 1, "Group By Key": ["public.lineitem.l_suppkey"], "Filter": "(sum((public.lineitem.l_extendedprice * (1::double precision - public.lineitem.l_discount))) = $0), (LLVM Optimized, Jit Execute)", "Rows Removed by Filter": 99999, "Plans": [{"Node Type": "Index Scan", "Parent Relationship": "Outer", "Scan Direction": "Forward", "Index Name": "idx_lineitem_shipdate", "Relation Name": "lineitem", "Alias": "lineitem", "Startup Cost": 0.0, "Total Cost": 5135750.66, "Plan Rows": 2266921, "Plan Width": 24, "Actual Startup Time": 0.064, "Actual Total Time": 5948.545, "Actual Rows": 2293944, "Actual Loops": 1, "Index Cond": "((l_shipdate >= '1997-07-01 00:00:00'::timestamp(0) without time zone) AND (l_shipdate < '1997-10-01 00:00:00'::timestamp without time zone)), (LLVM Optimized, Jit Execute)", "Rows Removed by Index Recheck": 0}]}, {"Node Type": "Index Scan", "Parent Relationship": "Inner", "Scan Direction": "Forward", "Index Name": "supplier_pkey", "Relation Name": "supplier", "Alias": "supplier", "Startup Cost": 0.0, "Total Cost": 0.45, "Plan Rows": 1, "Plan Width": 75, "Actual Startup Time": 0.032, "Actual Total Time": 0.032, "Actual Rows": 1, "Actual Loops": 1, "Index Cond": "(s_suppkey = public.lineitem.l_suppkey)", "Rows Removed by Index Recheck": 0}]}]}, "Triggers": [], "Planner Runtime": 0.864, "Total Runtime": 15989.295, "Unique SQL Id": 3712096918}}, "(16, '46')": {"explain_plan": {"Plan": {"Node Type": "Sort", "Startup Cost": 4705171.05, "Total Cost": 4705319.5, "Plan Rows": 59380, "Plan Width": 83, "Sort Key": ["supplier.s_suppkey"], "Plans": [{"Node Type": "Aggregate", "Strategy": "Plain", "Parent Relationship": "exec_init_plan", "Subplan Name": "InitPlan 1 (returns $0)", "Startup Cost": 2339055.76, "Total Cost": 2339055.77, "Plan Rows": 1, "Plan Width": 16, "Plans": [{"Node Type": "Aggregate", "Strategy": "Hashed", "Parent Relationship": "Outer", "Startup Cost": 2337719.71, "Total Cost": 2338313.51, "Plan Rows": 59380, "Plan Width": 32, "Group By Key": ["public.lineitem.l_suppkey"], "Plans": [{"Node Type": "Seq Scan", "Parent Relationship": "Outer", "Relation Name": "lineitem", "Alias": "lineitem", "Startup Cost": 25.28, "Total Cost": 2315050.5, "Plan Rows": 2266921, "Plan Width": 24, "Filter": "((l_shipdate >= '1997-07-01 00:00:00'::timestamp(0) without time zone) AND (l_shipdate < '1997-10-01 00:00:00'::timestamp without time zone)), (LLVM Optimized)"}]}]}, {"Node Type": "Hash Join", "Parent Relationship": "Outer", "Join Type": "Inner", "Startup Cost": 2359254.61, "Total Cost": 2361407.14, "Plan Rows": 59380, "Plan Width": 83, "Inner Unique": true, "Hash Cond": "(public.lineitem.l_suppkey = supplier.s_suppkey)", "Plans": [{"Node Type": "Aggregate", "Strategy": "Hashed", "Parent Relationship": "Outer", "Startup Cost": 2354721.61, "Total Cost": 2355463.86, "Plan Rows": 59380, "Plan Width": 40, "Group By Key": ["public.lineitem.l_suppkey"], "Filter": "(sum((public.lineitem.l_extendedprice * (1::double precision - public.lineitem.l_discount))) = $0), (LLVM Optimized)", "Plans": [{"Node Type": "Seq Scan", "Parent Relationship": "Outer", "Relation Name": "lineitem", "Alias": "lineitem", "Startup Cost": 25.28, "Total Cost": 2315050.5, "Plan Rows": 2266921, "Plan Width": 24, "Filter": "((l_shipdate >= '1997-07-01 00:00:00'::timestamp(0) without time zone) AND (l_shipdate < '1997-10-01 00:00:00'::timestamp without time zone)), (LLVM Optimized)"}]}, {"Node Type": "Hash", "Parent Relationship": "Inner", "Startup Cost": 3283.0, "Total Cost": 3283.0, "Plan Rows": 100000, "Plan Width": 75, "Plans": [{"Node Type": "Seq Scan", "Parent Relationship": "Outer", "Relation Name": "supplier", "Alias": "supplier", "Startup Cost": 0.0, "Total Cost": 3283.0, "Plan Rows": 100000, "Plan Width": 75}]}]}]}, "Unique SQL Id": 3712096918, "Planner Runtime": 0}, "explain_analyze_plan": null}, "(16, '47')": {"explain_plan": {"Plan": {"Node Type": "Nested Loop", "Join Type": "Inner", "Startup Cost": 2010463073775.39, "Total Cost": 3000552678714.27, "Plan Rows": 59380, "Plan Width": 83, "Inner Unique": true, "Join Filter": "(supplier.s_suppkey = revenue0.supplier_no)", "Plans": [{"Node Type": "Aggregate", "Strategy": "Plain", "Parent Relationship": "exec_init_plan", "Subplan Name": "InitPlan 1 (returns $0)", "Startup Cost": 1000231529054.76, "Total Cost": 1000231529054.77, "Plan Rows": 1, "Plan Width": 16, "Plans": [{"Node Type": "Aggregate", "Strategy": "Hashed", "Parent Relationship": "Outer", "Startup Cost": 1000231527718.71, "Total Cost": 1000231528312.51, "Plan Rows": 59380, "Plan Width": 32, "Group By Key": ["public.lineitem.l_suppkey"], "Plans": [{"Node Type": "Seq Scan", "Parent Relationship": "Outer", "Relation Name": "lineitem", "Alias": "lineitem", "Startup Cost": 10000000025.02, "Total Cost": 1000231505049.5, "Plan Rows": 2266921, "Plan Width": 24, "Filter": "((l_shipdate >= '1997-07-01 00:00:00'::timestamp(0) without time zone) AND (l_shipdate < '1997-10-01 00:00:00'::timestamp without time zone)), (LLVM Optimized)"}]}]}, {"Node Type": "Index Scan", "Parent Relationship": "Outer", "Scan Direction": "Forward", "Index Name": "supplier_pkey", "Relation Name": "supplier", "Alias": "supplier", "Startup Cost": 10000000000.0, "Total Cost": 1000000533454.38, "Plan Rows": 100000, "Plan Width": 75}, {"Node Type": "Materialize", "Parent Relationship": "Inner", "Startup Cost": 1000231544720.62, "Total Cost": 1000231546353.57, "Plan Rows": 59380, "Plan Width": 16, "Plans": [{"Node Type": "Subquery Scan", "Parent Relationship": "Outer", "Alias": "revenue0", "Startup Cost": 1000231544720.62, "Total Cost": 1000231546056.67, "Plan Rows": 59380, "Plan Width": 16, "Plans": [{"Node Type": "Aggregate", "Strategy": "Hashed", "Parent Relationship": "Subquery", "Startup Cost": 1000231544720.62, "Total Cost": 1000231545462.87, "Plan Rows": 59380, "Plan Width": 40, "Group By Key": ["public.lineitem.l_suppkey"], "Filter": "(sum((public.lineitem.l_extendedprice * (1::double precision - public.lineitem.l_discount))) = $0), (LLVM Optimized)", "Plans": [{"Node Type": "Seq Scan", "Parent Relationship": "Outer", "Relation Name": "lineitem", "Alias": "lineitem", "Startup Cost": 10000000025.02, "Total Cost": 1000231505049.5, "Plan Rows": 2266921, "Plan Width": 24, "Filter": "((l_shipdate >= '1997-07-01 00:00:00'::timestamp(0) without time zone) AND (l_shipdate < '1997-10-01 00:00:00'::timestamp without time zone)), (LLVM Optimized)"}]}]}]}]}, "Unique SQL Id": 3712096918, "Planner Runtime": 0}, "explain_analyze_plan": null}, "(16, '48')": {"explain_plan": {"Plan": {"Node Type": "Sort", "Startup Cost": 3269410.17, "Total Cost": 3269558.62, "Plan Rows": 59380, "Plan Width": 83, "Sort Key": ["supplier.s_suppkey"], "Plans": [{"Node Type": "Aggregate", "Strategy": "Plain", "Parent Relationship": "exec_init_plan", "Subplan Name": "InitPlan 1 (returns $0)", "Startup Cost": 1610196.85, "Total Cost": 1610196.86, "Plan Rows": 1, "Plan Width": 16, "Plans": [{"Node Type": "Aggregate", "Strategy": "Hashed", "Parent Relationship": "Outer", "Startup Cost": 1608860.8, "Total Cost": 1609454.6, "Plan Rows": 59380, "Plan Width": 32, "Group By Key": ["public.lineitem.l_suppkey"], "Plans": [{"Node Type": "Bitmap Heap Scan", "Parent Relationship": "Outer", "Relation Name": "lineitem", "Alias": "lineitem", "Startup Cost": 78544.19, "Total Cost": 1586191.59, "Plan Rows": 2266921, "Plan Width": 24, "Recheck Cond": "((l_shipdate >= '1997-07-01 00:00:00'::timestamp(0) without time zone) AND (l_shipdate < '1997-10-01 00:00:00'::timestamp without time zone)), (LLVM Optimized)", "Plans": [{"Node Type": "Bitmap Index Scan", "Parent Relationship": "Outer", "Index Name": "idx_lineitem_shipdate", "Startup Cost": 0.0, "Total Cost": 77977.46, "Plan Rows": 2266921, "Plan Width": 0, "Index Cond": "((l_shipdate >= '1997-07-01 00:00:00'::timestamp(0) without time zone) AND (l_shipdate < '1997-10-01 00:00:00'::timestamp without time zone))"}]}]}]}, {"Node Type": "Nested Loop", "Parent Relationship": "Outer", "Join Type": "Inner", "Startup Cost": 1625862.71, "Total Cost": 1654505.16, "Plan Rows": 59380, "Plan Width": 83, "Inner Unique": true, "Plans": [{"Node Type": "Aggregate", "Strategy": "Hashed", "Parent Relationship": "Outer", "Startup Cost": 1625862.71, "Total Cost": 1626604.96, "Plan Rows": 59380, "Plan Width": 40, "Group By Key": ["public.lineitem.l_suppkey"], "Filter": "(sum((public.lineitem.l_extendedprice * (1::double precision - public.lineitem.l_discount))) = $0), (LLVM Optimized)", "Plans": [{"Node Type": "Bitmap Heap Scan", "Parent Relationship": "Outer", "Relation Name": "lineitem", "Alias": "lineitem", "Startup Cost": 78544.19, "Total Cost": 1586191.59, "Plan Rows": 2266921, "Plan Width": 24, "Recheck Cond": "((l_shipdate >= '1997-07-01 00:00:00'::timestamp(0) without time zone) AND (l_shipdate < '1997-10-01 00:00:00'::timestamp without time zone)), (LLVM Optimized)", "Plans": [{"Node Type": "Bitmap Index Scan", "Parent Relationship": "Outer", "Index Name": "idx_lineitem_shipdate", "Startup Cost": 0.0, "Total Cost": 77977.46, "Plan Rows": 2266921, "Plan Width": 0, "Index Cond": "((l_shipdate >= '1997-07-01 00:00:00'::timestamp(0) without time zone) AND (l_shipdate < '1997-10-01 00:00:00'::timestamp without time zone))"}]}]}, {"Node Type": "Index Scan", "Parent Relationship": "Inner", "Scan Direction": "Forward", "Index Name": "supplier_pkey", "Relation Name": "supplier", "Alias": "supplier", "Startup Cost": 0.0, "Total Cost": 0.45, "Plan Rows": 1, "Plan Width": 75, "Index Cond": "(s_suppkey = public.lineitem.l_suppkey)"}]}]}, "Unique SQL Id": 3712096918, "Planner Runtime": 0}, "explain_analyze_plan": {"Plan": {"Node Type": "Sort", "Startup Cost": 3269410.17, "Total Cost": 3269558.62, "Plan Rows": 59380, "Plan Width": 83, "Actual Startup Time": 11492.831, "Actual Total Time": 11492.831, "Actual Rows": 1, "Actual Loops": 1, "Sort Key": ["supplier.s_suppkey"], "Sort Method": "quicksort", "Sort Space Used": 25, "Sort Space Type": "Memory", "Plans": [{"Node Type": "Aggregate", "Strategy": "Plain", "Parent Relationship": "exec_init_plan", "Subplan Name": "InitPlan 1 (returns $0)", "Startup Cost": 1610196.85, "Total Cost": 1610196.86, "Plan Rows": 1, "Plan Width": 16, "Actual Startup Time": 5690.071, "Actual Total Time": 5690.071, "Actual Rows": 1, "Actual Loops": 1, "Plans": [{"Node Type": "Aggregate", "Strategy": "Hashed", "Parent Relationship": "Outer", "Startup Cost": 1608860.8, "Total Cost": 1609454.6, "Plan Rows": 59380, "Plan Width": 32, "Actual Startup Time": 5643.448, "Actual Total Time": 5675.14, "Actual Rows": 100000, "Actual Loops": 1, "Group By Key": ["public.lineitem.l_suppkey"], "Plans": [{"Node Type": "Bitmap Heap Scan", "Parent Relationship": "Outer", "Relation Name": "lineitem", "Alias": "lineitem", "Startup Cost": 78544.19, "Total Cost": 1586191.59, "Plan Rows": 2266921, "Plan Width": 24, "Actual Startup Time": 1063.161, "Actual Total Time": 3984.56, "Actual Rows": 2293944, "Actual Loops": 1, "Recheck Cond": "((l_shipdate >= '1997-07-01 00:00:00'::timestamp(0) without time zone) AND (l_shipdate < '1997-10-01 00:00:00'::timestamp without time zone)), (LLVM Optimized, Jit Execute)", "Rows Removed by Index Recheck": 0, "Exact Heap Blocks": 732487, "Lossy Heap Blocks": 732487, "Plans": [{"Node Type": "Bitmap Index Scan", "Parent Relationship": "Outer", "Index Name": "idx_lineitem_shipdate", "Startup Cost": 0.0, "Total Cost": 77977.46, "Plan Rows": 2266921, "Plan Width": 0, "Actual Startup Time": 741.815, "Actual Total Time": 741.815, "Actual Rows": 2293944, "Actual Loops": 1, "Index Cond": "((l_shipdate >= '1997-07-01 00:00:00'::timestamp(0) without time zone) AND (l_shipdate < '1997-10-01 00:00:00'::timestamp without time zone))"}]}]}]}, {"Node Type": "Nested Loop", "Parent Relationship": "Outer", "Join Type": "Inner", "Startup Cost": 1625862.71, "Total Cost": 1654505.16, "Plan Rows": 59380, "Plan Width": 83, "Actual Startup Time": 11470.027, "Actual Total Time": 11492.808, "Actual Rows": 1, "Actual Loops": 1, "Inner Unique": true, "Plans": [{"Node Type": "Aggregate", "Strategy": "Hashed", "Parent Relationship": "Outer", "Startup Cost": 1625862.71, "Total Cost": 1626604.96, "Plan Rows": 59380, "Plan Width": 40, "Actual Startup Time": 11469.968, "Actual Total Time": 11492.503, "Actual Rows": 1, "Actual Loops": 1, "Group By Key": ["public.lineitem.l_suppkey"], "Filter": "(sum((public.lineitem.l_extendedprice * (1::double precision - public.lineitem.l_discount))) = $0), (LLVM Optimized, Jit Execute)", "Rows Removed by Filter": 99999, "Plans": [{"Node Type": "Bitmap Heap Scan", "Parent Relationship": "Outer", "Relation Name": "lineitem", "Alias": "lineitem", "Startup Cost": 78544.19, "Total Cost": 1586191.59, "Plan Rows": 2266921, "Plan Width": 24, "Actual Startup Time": 1198.202, "Actual Total Time": 4065.356, "Actual Rows": 2293944, "Actual Loops": 1, "Recheck Cond": "((l_shipdate >= '1997-07-01 00:00:00'::timestamp(0) without time zone) AND (l_shipdate < '1997-10-01 00:00:00'::timestamp without time zone)), (LLVM Optimized, Jit Execute)", "Rows Removed by Index Recheck": 0, "Exact Heap Blocks": 732487, "Lossy Heap Blocks": 732487, "Plans": [{"Node Type": "Bitmap Index Scan", "Parent Relationship": "Outer", "Index Name": "idx_lineitem_shipdate", "Startup Cost": 0.0, "Total Cost": 77977.46, "Plan Rows": 2266921, "Plan Width": 0, "Actual Startup Time": 867.954, "Actual Total Time": 867.954, "Actual Rows": 2293944, "Actual Loops": 1, "Index Cond": "((l_shipdate >= '1997-07-01 00:00:00'::timestamp(0) without time zone) AND (l_shipdate < '1997-10-01 00:00:00'::timestamp without time zone))"}]}]}, {"Node Type": "Index Scan", "Parent Relationship": "Inner", "Scan Direction": "Forward", "Index Name": "supplier_pkey", "Relation Name": "supplier", "Alias": "supplier", "Startup Cost": 0.0, "Total Cost": 0.45, "Plan Rows": 1, "Plan Width": 75, "Actual Startup Time": 0.043, "Actual Total Time": 0.043, "Actual Rows": 1, "Actual Loops": 1, "Index Cond": "(s_suppkey = public.lineitem.l_suppkey)", "Rows Removed by Index Recheck": 0}]}]}, "Triggers": [], "Planner Runtime": 0.821, "Total Runtime": 11505.802, "Unique SQL Id": 3712096918}}, "(16, '49')": {"explain_plan": {"Plan": {"Node Type": "Sort", "Startup Cost": 3269410.17, "Total Cost": 3269558.62, "Plan Rows": 59380, "Plan Width": 83, "Sort Key": ["supplier.s_suppkey"], "Plans": [{"Node Type": "Aggregate", "Strategy": "Plain", "Parent Relationship": "exec_init_plan", "Subplan Name": "InitPlan 1 (returns $0)", "Startup Cost": 1610196.85, "Total Cost": 1610196.86, "Plan Rows": 1, "Plan Width": 16, "Plans": [{"Node Type": "Aggregate", "Strategy": "Hashed", "Parent Relationship": "Outer", "Startup Cost": 1608860.8, "Total Cost": 1609454.6, "Plan Rows": 59380, "Plan Width": 32, "Group By Key": ["public.lineitem.l_suppkey"], "Plans": [{"Node Type": "Bitmap Heap Scan", "Parent Relationship": "Outer", "Relation Name": "lineitem", "Alias": "lineitem", "Startup Cost": 78544.19, "Total Cost": 1586191.59, "Plan Rows": 2266921, "Plan Width": 24, "Recheck Cond": "((l_shipdate >= '1997-07-01 00:00:00'::timestamp(0) without time zone) AND (l_shipdate < '1997-10-01 00:00:00'::timestamp without time zone)), (LLVM Optimized)", "Plans": [{"Node Type": "Bitmap Index Scan", "Parent Relationship": "Outer", "Index Name": "idx_lineitem_shipdate", "Startup Cost": 0.0, "Total Cost": 77977.46, "Plan Rows": 2266921, "Plan Width": 0, "Index Cond": "((l_shipdate >= '1997-07-01 00:00:00'::timestamp(0) without time zone) AND (l_shipdate < '1997-10-01 00:00:00'::timestamp without time zone))"}]}]}]}, {"Node Type": "Nested Loop", "Parent Relationship": "Outer", "Join Type": "Inner", "Startup Cost": 1625862.71, "Total Cost": 1654505.16, "Plan Rows": 59380, "Plan Width": 83, "Inner Unique": true, "Plans": [{"Node Type": "Aggregate", "Strategy": "Hashed", "Parent Relationship": "Outer", "Startup Cost": 1625862.71, "Total Cost": 1626604.96, "Plan Rows": 59380, "Plan Width": 40, "Group By Key": ["public.lineitem.l_suppkey"], "Filter": "(sum((public.lineitem.l_extendedprice * (1::double precision - public.lineitem.l_discount))) = $0), (LLVM Optimized)", "Plans": [{"Node Type": "Bitmap Heap Scan", "Parent Relationship": "Outer", "Relation Name": "lineitem", "Alias": "lineitem", "Startup Cost": 78544.19, "Total Cost": 1586191.59, "Plan Rows": 2266921, "Plan Width": 24, "Recheck Cond": "((l_shipdate >= '1997-07-01 00:00:00'::timestamp(0) without time zone) AND (l_shipdate < '1997-10-01 00:00:00'::timestamp without time zone)), (LLVM Optimized)", "Plans": [{"Node Type": "Bitmap Index Scan", "Parent Relationship": "Outer", "Index Name": "idx_lineitem_shipdate", "Startup Cost": 0.0, "Total Cost": 77977.46, "Plan Rows": 2266921, "Plan Width": 0, "Index Cond": "((l_shipdate >= '1997-07-01 00:00:00'::timestamp(0) without time zone) AND (l_shipdate < '1997-10-01 00:00:00'::timestamp without time zone))"}]}]}, {"Node Type": "Index Scan", "Parent Relationship": "Inner", "Scan Direction": "Forward", "Index Name": "supplier_pkey", "Relation Name": "supplier", "Alias": "supplier", "Startup Cost": 0.0, "Total Cost": 0.45, "Plan Rows": 1, "Plan Width": 75, "Index Cond": "(s_suppkey = public.lineitem.l_suppkey)"}]}]}, "Unique SQL Id": 3712096918, "Planner Runtime": 1}, "explain_analyze_plan": {"Plan": {"Node Type": "Sort", "Startup Cost": 3269410.17, "Total Cost": 3269558.62, "Plan Rows": 59380, "Plan Width": 83, "Actual Startup Time": 11492.831, "Actual Total Time": 11492.831, "Actual Rows": 1, "Actual Loops": 1, "Sort Key": ["supplier.s_suppkey"], "Sort Method": "quicksort", "Sort Space Used": 25, "Sort Space Type": "Memory", "Plans": [{"Node Type": "Aggregate", "Strategy": "Plain", "Parent Relationship": "exec_init_plan", "Subplan Name": "InitPlan 1 (returns $0)", "Startup Cost": 1610196.85, "Total Cost": 1610196.86, "Plan Rows": 1, "Plan Width": 16, "Actual Startup Time": 5690.071, "Actual Total Time": 5690.071, "Actual Rows": 1, "Actual Loops": 1, "Plans": [{"Node Type": "Aggregate", "Strategy": "Hashed", "Parent Relationship": "Outer", "Startup Cost": 1608860.8, "Total Cost": 1609454.6, "Plan Rows": 59380, "Plan Width": 32, "Actual Startup Time": 5643.448, "Actual Total Time": 5675.14, "Actual Rows": 100000, "Actual Loops": 1, "Group By Key": ["public.lineitem.l_suppkey"], "Plans": [{"Node Type": "Bitmap Heap Scan", "Parent Relationship": "Outer", "Relation Name": "lineitem", "Alias": "lineitem", "Startup Cost": 78544.19, "Total Cost": 1586191.59, "Plan Rows": 2266921, "Plan Width": 24, "Actual Startup Time": 1063.161, "Actual Total Time": 3984.56, "Actual Rows": 2293944, "Actual Loops": 1, "Recheck Cond": "((l_shipdate >= '1997-07-01 00:00:00'::timestamp(0) without time zone) AND (l_shipdate < '1997-10-01 00:00:00'::timestamp without time zone)), (LLVM Optimized, Jit Execute)", "Rows Removed by Index Recheck": 0, "Exact Heap Blocks": 732487, "Lossy Heap Blocks": 732487, "Plans": [{"Node Type": "Bitmap Index Scan", "Parent Relationship": "Outer", "Index Name": "idx_lineitem_shipdate", "Startup Cost": 0.0, "Total Cost": 77977.46, "Plan Rows": 2266921, "Plan Width": 0, "Actual Startup Time": 741.815, "Actual Total Time": 741.815, "Actual Rows": 2293944, "Actual Loops": 1, "Index Cond": "((l_shipdate >= '1997-07-01 00:00:00'::timestamp(0) without time zone) AND (l_shipdate < '1997-10-01 00:00:00'::timestamp without time zone))"}]}]}]}, {"Node Type": "Nested Loop", "Parent Relationship": "Outer", "Join Type": "Inner", "Startup Cost": 1625862.71, "Total Cost": 1654505.16, "Plan Rows": 59380, "Plan Width": 83, "Actual Startup Time": 11470.027, "Actual Total Time": 11492.808, "Actual Rows": 1, "Actual Loops": 1, "Inner Unique": true, "Plans": [{"Node Type": "Aggregate", "Strategy": "Hashed", "Parent Relationship": "Outer", "Startup Cost": 1625862.71, "Total Cost": 1626604.96, "Plan Rows": 59380, "Plan Width": 40, "Actual Startup Time": 11469.968, "Actual Total Time": 11492.503, "Actual Rows": 1, "Actual Loops": 1, "Group By Key": ["public.lineitem.l_suppkey"], "Filter": "(sum((public.lineitem.l_extendedprice * (1::double precision - public.lineitem.l_discount))) = $0), (LLVM Optimized, Jit Execute)", "Rows Removed by Filter": 99999, "Plans": [{"Node Type": "Bitmap Heap Scan", "Parent Relationship": "Outer", "Relation Name": "lineitem", "Alias": "lineitem", "Startup Cost": 78544.19, "Total Cost": 1586191.59, "Plan Rows": 2266921, "Plan Width": 24, "Actual Startup Time": 1198.202, "Actual Total Time": 4065.356, "Actual Rows": 2293944, "Actual Loops": 1, "Recheck Cond": "((l_shipdate >= '1997-07-01 00:00:00'::timestamp(0) without time zone) AND (l_shipdate < '1997-10-01 00:00:00'::timestamp without time zone)), (LLVM Optimized, Jit Execute)", "Rows Removed by Index Recheck": 0, "Exact Heap Blocks": 732487, "Lossy Heap Blocks": 732487, "Plans": [{"Node Type": "Bitmap Index Scan", "Parent Relationship": "Outer", "Index Name": "idx_lineitem_shipdate", "Startup Cost": 0.0, "Total Cost": 77977.46, "Plan Rows": 2266921, "Plan Width": 0, "Actual Startup Time": 867.954, "Actual Total Time": 867.954, "Actual Rows": 2293944, "Actual Loops": 1, "Index Cond": "((l_shipdate >= '1997-07-01 00:00:00'::timestamp(0) without time zone) AND (l_shipdate < '1997-10-01 00:00:00'::timestamp without time zone))"}]}]}, {"Node Type": "Index Scan", "Parent Relationship": "Inner", "Scan Direction": "Forward", "Index Name": "supplier_pkey", "Relation Name": "supplier", "Alias": "supplier", "Startup Cost": 0.0, "Total Cost": 0.45, "Plan Rows": 1, "Plan Width": 75, "Actual Startup Time": 0.043, "Actual Total Time": 0.043, "Actual Rows": 1, "Actual Loops": 1, "Index Cond": "(s_suppkey = public.lineitem.l_suppkey)", "Rows Removed by Index Recheck": 0}]}]}, "Triggers": [], "Planner Runtime": 0.821, "Total Runtime": 11505.802, "Unique SQL Id": 3712096918}}, "(16, '50')": {"explain_plan": {"Plan": {"Node Type": "Sort", "Startup Cost": 3497813.02, "Total Cost": 3497961.47, "Plan Rows": 59380, "Plan Width": 83, "Sort Key": ["supplier.s_suppkey"], "Plans": [{"Node Type": "Aggregate", "Strategy": "Plain", "Parent Relationship": "exec_init_plan", "Subplan Name": "InitPlan 1 (returns $0)", "Startup Cost": 1610196.85, "Total Cost": 1610196.86, "Plan Rows": 1, "Plan Width": 16, "Plans": [{"Node Type": "Aggregate", "Strategy": "Hashed", "Parent Relationship": "Outer", "Startup Cost": 1608860.8, "Total Cost": 1609454.6, "Plan Rows": 59380, "Plan Width": 32, "Group By Key": ["public.lineitem.l_suppkey"], "Plans": [{"Node Type": "Bitmap Heap Scan", "Parent Relationship": "Outer", "Relation Name": "lineitem", "Alias": "lineitem", "Startup Cost": 78544.19, "Total Cost": 1586191.59, "Plan Rows": 2266921, "Plan Width": 24, "Recheck Cond": "((l_shipdate >= '1997-07-01 00:00:00'::timestamp(0) without time zone) AND (l_shipdate < '1997-10-01 00:00:00'::timestamp without time zone)), (LLVM Optimized)", "Plans": [{"Node Type": "Bitmap Index Scan", "Parent Relationship": "Outer", "Index Name": "idx_lineitem_shipdate", "Startup Cost": 0.0, "Total Cost": 77977.46, "Plan Rows": 2266921, "Plan Width": 0, "Index Cond": "((l_shipdate >= '1997-07-01 00:00:00'::timestamp(0) without time zone) AND (l_shipdate < '1997-10-01 00:00:00'::timestamp without time zone))"}]}]}]}, {"Node Type": "Nested Loop", "Parent Relationship": "Outer", "Join Type": "Inner", "Startup Cost": 1625863.0, "Total Cost": 1882908.01, "Plan Rows": 59380, "Plan Width": 83, "Inner Unique": true, "Plans": [{"Node Type": "Aggregate", "Strategy": "Hashed", "Parent Relationship": "Outer", "Startup Cost": 1625862.71, "Total Cost": 1626604.96, "Plan Rows": 59380, "Plan Width": 40, "Group By Key": ["public.lineitem.l_suppkey"], "Filter": "(sum((public.lineitem.l_extendedprice * (1::double precision - public.lineitem.l_discount))) = $0), (LLVM Optimized)", "Plans": [{"Node Type": "Bitmap Heap Scan", "Parent Relationship": "Outer", "Relation Name": "lineitem", "Alias": "lineitem", "Startup Cost": 78544.19, "Total Cost": 1586191.59, "Plan Rows": 2266921, "Plan Width": 24, "Recheck Cond": "((l_shipdate >= '1997-07-01 00:00:00'::timestamp(0) without time zone) AND (l_shipdate < '1997-10-01 00:00:00'::timestamp without time zone)), (LLVM Optimized)", "Plans": [{"Node Type": "Bitmap Index Scan", "Parent Relationship": "Outer", "Index Name": "idx_lineitem_shipdate", "Startup Cost": 0.0, "Total Cost": 77977.46, "Plan Rows": 2266921, "Plan Width": 0, "Index Cond": "((l_shipdate >= '1997-07-01 00:00:00'::timestamp(0) without time zone) AND (l_shipdate < '1997-10-01 00:00:00'::timestamp without time zone))"}]}]}, {"Node Type": "Bitmap Heap Scan", "Parent Relationship": "Inner", "Relation Name": "supplier", "Alias": "supplier", "Startup Cost": 0.28, "Total Cost": 4.3, "Plan Rows": 1, "Plan Width": 75, "Recheck Cond": "(s_suppkey = public.lineitem.l_suppkey)", "Plans": [{"Node Type": "Bitmap Index Scan", "Parent Relationship": "Outer", "Index Name": "supplier_pkey", "Startup Cost": 0.0, "Total Cost": 0.28, "Plan Rows": 1, "Plan Width": 0, "Index Cond": "(s_suppkey = public.lineitem.l_suppkey)"}]}]}]}, "Unique SQL Id": 3712096918, "Planner Runtime": 0}, "explain_analyze_plan": {"Plan": {"Node Type": "Sort", "Startup Cost": 3497813.02, "Total Cost": 3497961.47, "Plan Rows": 59380, "Plan Width": 83, "Actual Startup Time": 11241.876, "Actual Total Time": 11241.876, "Actual Rows": 1, "Actual Loops": 1, "Sort Key": ["supplier.s_suppkey"], "Sort Method": "quicksort", "Sort Space Used": 25, "Sort Space Type": "Memory", "Plans": [{"Node Type": "Aggregate", "Strategy": "Plain", "Parent Relationship": "exec_init_plan", "Subplan Name": "InitPlan 1 (returns $0)", "Startup Cost": 1610196.85, "Total Cost": 1610196.86, "Plan Rows": 1, "Plan Width": 16, "Actual Startup Time": 5464.823, "Actual Total Time": 5464.823, "Actual Rows": 1, "Actual Loops": 1, "Plans": [{"Node Type": "Aggregate", "Strategy": "Hashed", "Parent Relationship": "Outer", "Startup Cost": 1608860.8, "Total Cost": 1609454.6, "Plan Rows": 59380, "Plan Width": 32, "Actual Startup Time": 5414.615, "Actual Total Time": 5449.751, "Actual Rows": 100000, "Actual Loops": 1, "Group By Key": ["public.lineitem.l_suppkey"], "Plans": [{"Node Type": "Bitmap Heap Scan", "Parent Relationship": "Outer", "Relation Name": "lineitem", "Alias": "lineitem", "Startup Cost": 78544.19, "Total Cost": 1586191.59, "Plan Rows": 2266921, "Plan Width": 24, "Actual Startup Time": 1070.692, "Actual Total Time": 3752.897, "Actual Rows": 2293944, "Actual Loops": 1, "Recheck Cond": "((l_shipdate >= '1997-07-01 00:00:00'::timestamp(0) without time zone) AND (l_shipdate < '1997-10-01 00:00:00'::timestamp without time zone)), (LLVM Optimized, Jit Execute)", "Rows Removed by Index Recheck": 0, "Exact Heap Blocks": 732487, "Lossy Heap Blocks": 732487, "Plans": [{"Node Type": "Bitmap Index Scan", "Parent Relationship": "Outer", "Index Name": "idx_lineitem_shipdate", "Startup Cost": 0.0, "Total Cost": 77977.46, "Plan Rows": 2266921, "Plan Width": 0, "Actual Startup Time": 784.899, "Actual Total Time": 784.899, "Actual Rows": 2293944, "Actual Loops": 1, "Index Cond": "((l_shipdate >= '1997-07-01 00:00:00'::timestamp(0) without time zone) AND (l_shipdate < '1997-10-01 00:00:00'::timestamp without time zone))"}]}]}]}, {"Node Type": "Nested Loop", "Parent Relationship": "Outer", "Join Type": "Inner", "Startup Cost": 1625863.0, "Total Cost": 1882908.01, "Plan Rows": 59380, "Plan Width": 83, "Actual Startup Time": 11222.658, "Actual Total Time": 11241.85, "Actual Rows": 1, "Actual Loops": 1, "Inner Unique": true, "Plans": [{"Node Type": "Aggregate", "Strategy": "Hashed", "Parent Relationship": "Outer", "Startup Cost": 1625862.71, "Total Cost": 1626604.96, "Plan Rows": 59380, "Plan Width": 40, "Actual Startup Time": 11222.535, "Actual Total Time": 11241.516, "Actual Rows": 1, "Actual Loops": 1, "Group By Key": ["public.lineitem.l_suppkey"], "Filter": "(sum((public.lineitem.l_extendedprice * (1::double precision - public.lineitem.l_discount))) = $0), (LLVM Optimized, Jit Execute)", "Rows Removed by Filter": 99999, "Plans": [{"Node Type": "Bitmap Heap Scan", "Parent Relationship": "Outer", "Relation Name": "lineitem", "Alias": "lineitem", "Startup Cost": 78544.19, "Total Cost": 1586191.59, "Plan Rows": 2266921, "Plan Width": 24, "Actual Startup Time": 1227.767, "Actual Total Time": 4076.427, "Actual Rows": 2293944, "Actual Loops": 1, "Recheck Cond": "((l_shipdate >= '1997-07-01 00:00:00'::timestamp(0) without time zone) AND (l_shipdate < '1997-10-01 00:00:00'::timestamp without time zone)), (LLVM Optimized, Jit Execute)", "Rows Removed by Index Recheck": 0, "Exact Heap Blocks": 732487, "Lossy Heap Blocks": 732487, "Plans": [{"Node Type": "Bitmap Index Scan", "Parent Relationship": "Outer", "Index Name": "idx_lineitem_shipdate", "Startup Cost": 0.0, "Total Cost": 77977.46, "Plan Rows": 2266921, "Plan Width": 0, "Actual Startup Time": 872.627, "Actual Total Time": 872.627, "Actual Rows": 2293944, "Actual Loops": 1, "Index Cond": "((l_shipdate >= '1997-07-01 00:00:00'::timestamp(0) without time zone) AND (l_shipdate < '1997-10-01 00:00:00'::timestamp without time zone))"}]}]}, {"Node Type": "Bitmap Heap Scan", "Parent Relationship": "Inner", "Relation Name": "supplier", "Alias": "supplier", "Startup Cost": 0.28, "Total Cost": 4.3, "Plan Rows": 1, "Plan Width": 75, "Actual Startup Time": 0.098, "Actual Total Time": 0.098, "Actual Rows": 1, "Actual Loops": 1, "Recheck Cond": "(s_suppkey = public.lineitem.l_suppkey)", "Rows Removed by Index Recheck": 0, "Exact Heap Blocks": 1, "Lossy Heap Blocks": 1, "Plans": [{"Node Type": "Bitmap Index Scan", "Parent Relationship": "Outer", "Index Name": "supplier_pkey", "Startup Cost": 0.0, "Total Cost": 0.28, "Plan Rows": 1, "Plan Width": 0, "Actual Startup Time": 0.039, "Actual Total Time": 0.039, "Actual Rows": 1, "Actual Loops": 1, "Index Cond": "(s_suppkey = public.lineitem.l_suppkey)"}]}]}]}, "Triggers": [], "Planner Runtime": 0.877, "Total Runtime": 11254.72, "Unique SQL Id": 3712096918}}, "(16, '51')": {"explain_plan": {"Plan": {"Node Type": "Sort", "Startup Cost": 3497813.02, "Total Cost": 3497961.47, "Plan Rows": 59380, "Plan Width": 83, "Sort Key": ["supplier.s_suppkey"], "Plans": [{"Node Type": "Aggregate", "Strategy": "Plain", "Parent Relationship": "exec_init_plan", "Subplan Name": "InitPlan 1 (returns $0)", "Startup Cost": 1610196.85, "Total Cost": 1610196.86, "Plan Rows": 1, "Plan Width": 16, "Plans": [{"Node Type": "Aggregate", "Strategy": "Hashed", "Parent Relationship": "Outer", "Startup Cost": 1608860.8, "Total Cost": 1609454.6, "Plan Rows": 59380, "Plan Width": 32, "Group By Key": ["public.lineitem.l_suppkey"], "Plans": [{"Node Type": "Bitmap Heap Scan", "Parent Relationship": "Outer", "Relation Name": "lineitem", "Alias": "lineitem", "Startup Cost": 78544.19, "Total Cost": 1586191.59, "Plan Rows": 2266921, "Plan Width": 24, "Recheck Cond": "((l_shipdate >= '1997-07-01 00:00:00'::timestamp(0) without time zone) AND (l_shipdate < '1997-10-01 00:00:00'::timestamp without time zone)), (LLVM Optimized)", "Plans": [{"Node Type": "Bitmap Index Scan", "Parent Relationship": "Outer", "Index Name": "idx_lineitem_shipdate", "Startup Cost": 0.0, "Total Cost": 77977.46, "Plan Rows": 2266921, "Plan Width": 0, "Index Cond": "((l_shipdate >= '1997-07-01 00:00:00'::timestamp(0) without time zone) AND (l_shipdate < '1997-10-01 00:00:00'::timestamp without time zone))"}]}]}]}, {"Node Type": "Nested Loop", "Parent Relationship": "Outer", "Join Type": "Inner", "Startup Cost": 1625863.0, "Total Cost": 1882908.01, "Plan Rows": 59380, "Plan Width": 83, "Inner Unique": true, "Plans": [{"Node Type": "Aggregate", "Strategy": "Hashed", "Parent Relationship": "Outer", "Startup Cost": 1625862.71, "Total Cost": 1626604.96, "Plan Rows": 59380, "Plan Width": 40, "Group By Key": ["public.lineitem.l_suppkey"], "Filter": "(sum((public.lineitem.l_extendedprice * (1::double precision - public.lineitem.l_discount))) = $0), (LLVM Optimized)", "Plans": [{"Node Type": "Bitmap Heap Scan", "Parent Relationship": "Outer", "Relation Name": "lineitem", "Alias": "lineitem", "Startup Cost": 78544.19, "Total Cost": 1586191.59, "Plan Rows": 2266921, "Plan Width": 24, "Recheck Cond": "((l_shipdate >= '1997-07-01 00:00:00'::timestamp(0) without time zone) AND (l_shipdate < '1997-10-01 00:00:00'::timestamp without time zone)), (LLVM Optimized)", "Plans": [{"Node Type": "Bitmap Index Scan", "Parent Relationship": "Outer", "Index Name": "idx_lineitem_shipdate", "Startup Cost": 0.0, "Total Cost": 77977.46, "Plan Rows": 2266921, "Plan Width": 0, "Index Cond": "((l_shipdate >= '1997-07-01 00:00:00'::timestamp(0) without time zone) AND (l_shipdate < '1997-10-01 00:00:00'::timestamp without time zone))"}]}]}, {"Node Type": "Bitmap Heap Scan", "Parent Relationship": "Inner", "Relation Name": "supplier", "Alias": "supplier", "Startup Cost": 0.28, "Total Cost": 4.3, "Plan Rows": 1, "Plan Width": 75, "Recheck Cond": "(s_suppkey = public.lineitem.l_suppkey)", "Plans": [{"Node Type": "Bitmap Index Scan", "Parent Relationship": "Outer", "Index Name": "supplier_pkey", "Startup Cost": 0.0, "Total Cost": 0.28, "Plan Rows": 1, "Plan Width": 0, "Index Cond": "(s_suppkey = public.lineitem.l_suppkey)"}]}]}]}, "Unique SQL Id": 3712096918, "Planner Runtime": 0}, "explain_analyze_plan": {"Plan": {"Node Type": "Sort", "Startup Cost": 3497813.02, "Total Cost": 3497961.47, "Plan Rows": 59380, "Plan Width": 83, "Actual Startup Time": 11241.876, "Actual Total Time": 11241.876, "Actual Rows": 1, "Actual Loops": 1, "Sort Key": ["supplier.s_suppkey"], "Sort Method": "quicksort", "Sort Space Used": 25, "Sort Space Type": "Memory", "Plans": [{"Node Type": "Aggregate", "Strategy": "Plain", "Parent Relationship": "exec_init_plan", "Subplan Name": "InitPlan 1 (returns $0)", "Startup Cost": 1610196.85, "Total Cost": 1610196.86, "Plan Rows": 1, "Plan Width": 16, "Actual Startup Time": 5464.823, "Actual Total Time": 5464.823, "Actual Rows": 1, "Actual Loops": 1, "Plans": [{"Node Type": "Aggregate", "Strategy": "Hashed", "Parent Relationship": "Outer", "Startup Cost": 1608860.8, "Total Cost": 1609454.6, "Plan Rows": 59380, "Plan Width": 32, "Actual Startup Time": 5414.615, "Actual Total Time": 5449.751, "Actual Rows": 100000, "Actual Loops": 1, "Group By Key": ["public.lineitem.l_suppkey"], "Plans": [{"Node Type": "Bitmap Heap Scan", "Parent Relationship": "Outer", "Relation Name": "lineitem", "Alias": "lineitem", "Startup Cost": 78544.19, "Total Cost": 1586191.59, "Plan Rows": 2266921, "Plan Width": 24, "Actual Startup Time": 1070.692, "Actual Total Time": 3752.897, "Actual Rows": 2293944, "Actual Loops": 1, "Recheck Cond": "((l_shipdate >= '1997-07-01 00:00:00'::timestamp(0) without time zone) AND (l_shipdate < '1997-10-01 00:00:00'::timestamp without time zone)), (LLVM Optimized, Jit Execute)", "Rows Removed by Index Recheck": 0, "Exact Heap Blocks": 732487, "Lossy Heap Blocks": 732487, "Plans": [{"Node Type": "Bitmap Index Scan", "Parent Relationship": "Outer", "Index Name": "idx_lineitem_shipdate", "Startup Cost": 0.0, "Total Cost": 77977.46, "Plan Rows": 2266921, "Plan Width": 0, "Actual Startup Time": 784.899, "Actual Total Time": 784.899, "Actual Rows": 2293944, "Actual Loops": 1, "Index Cond": "((l_shipdate >= '1997-07-01 00:00:00'::timestamp(0) without time zone) AND (l_shipdate < '1997-10-01 00:00:00'::timestamp without time zone))"}]}]}]}, {"Node Type": "Nested Loop", "Parent Relationship": "Outer", "Join Type": "Inner", "Startup Cost": 1625863.0, "Total Cost": 1882908.01, "Plan Rows": 59380, "Plan Width": 83, "Actual Startup Time": 11222.658, "Actual Total Time": 11241.85, "Actual Rows": 1, "Actual Loops": 1, "Inner Unique": true, "Plans": [{"Node Type": "Aggregate", "Strategy": "Hashed", "Parent Relationship": "Outer", "Startup Cost": 1625862.71, "Total Cost": 1626604.96, "Plan Rows": 59380, "Plan Width": 40, "Actual Startup Time": 11222.535, "Actual Total Time": 11241.516, "Actual Rows": 1, "Actual Loops": 1, "Group By Key": ["public.lineitem.l_suppkey"], "Filter": "(sum((public.lineitem.l_extendedprice * (1::double precision - public.lineitem.l_discount))) = $0), (LLVM Optimized, Jit Execute)", "Rows Removed by Filter": 99999, "Plans": [{"Node Type": "Bitmap Heap Scan", "Parent Relationship": "Outer", "Relation Name": "lineitem", "Alias": "lineitem", "Startup Cost": 78544.19, "Total Cost": 1586191.59, "Plan Rows": 2266921, "Plan Width": 24, "Actual Startup Time": 1227.767, "Actual Total Time": 4076.427, "Actual Rows": 2293944, "Actual Loops": 1, "Recheck Cond": "((l_shipdate >= '1997-07-01 00:00:00'::timestamp(0) without time zone) AND (l_shipdate < '1997-10-01 00:00:00'::timestamp without time zone)), (LLVM Optimized, Jit Execute)", "Rows Removed by Index Recheck": 0, "Exact Heap Blocks": 732487, "Lossy Heap Blocks": 732487, "Plans": [{"Node Type": "Bitmap Index Scan", "Parent Relationship": "Outer", "Index Name": "idx_lineitem_shipdate", "Startup Cost": 0.0, "Total Cost": 77977.46, "Plan Rows": 2266921, "Plan Width": 0, "Actual Startup Time": 872.627, "Actual Total Time": 872.627, "Actual Rows": 2293944, "Actual Loops": 1, "Index Cond": "((l_shipdate >= '1997-07-01 00:00:00'::timestamp(0) without time zone) AND (l_shipdate < '1997-10-01 00:00:00'::timestamp without time zone))"}]}]}, {"Node Type": "Bitmap Heap Scan", "Parent Relationship": "Inner", "Relation Name": "supplier", "Alias": "supplier", "Startup Cost": 0.28, "Total Cost": 4.3, "Plan Rows": 1, "Plan Width": 75, "Actual Startup Time": 0.098, "Actual Total Time": 0.098, "Actual Rows": 1, "Actual Loops": 1, "Recheck Cond": "(s_suppkey = public.lineitem.l_suppkey)", "Rows Removed by Index Recheck": 0, "Exact Heap Blocks": 1, "Lossy Heap Blocks": 1, "Plans": [{"Node Type": "Bitmap Index Scan", "Parent Relationship": "Outer", "Index Name": "supplier_pkey", "Startup Cost": 0.0, "Total Cost": 0.28, "Plan Rows": 1, "Plan Width": 0, "Actual Startup Time": 0.039, "Actual Total Time": 0.039, "Actual Rows": 1, "Actual Loops": 1, "Index Cond": "(s_suppkey = public.lineitem.l_suppkey)"}]}]}]}, "Triggers": [], "Planner Runtime": 0.877, "Total Runtime": 11254.72, "Unique SQL Id": 3712096918}}, "(16, '52')": {"explain_plan": {"Plan": {"Node Type": "Sort", "Startup Cost": 3269410.17, "Total Cost": 3269558.62, "Plan Rows": 59380, "Plan Width": 83, "Sort Key": ["supplier.s_suppkey"], "Plans": [{"Node Type": "Aggregate", "Strategy": "Plain", "Parent Relationship": "exec_init_plan", "Subplan Name": "InitPlan 1 (returns $0)", "Startup Cost": 1610196.85, "Total Cost": 1610196.86, "Plan Rows": 1, "Plan Width": 16, "Plans": [{"Node Type": "Aggregate", "Strategy": "Hashed", "Parent Relationship": "Outer", "Startup Cost": 1608860.8, "Total Cost": 1609454.6, "Plan Rows": 59380, "Plan Width": 32, "Group By Key": ["public.lineitem.l_suppkey"], "Plans": [{"Node Type": "Bitmap Heap Scan", "Parent Relationship": "Outer", "Relation Name": "lineitem", "Alias": "lineitem", "Startup Cost": 78544.19, "Total Cost": 1586191.59, "Plan Rows": 2266921, "Plan Width": 24, "Recheck Cond": "((l_shipdate >= '1997-07-01 00:00:00'::timestamp(0) without time zone) AND (l_shipdate < '1997-10-01 00:00:00'::timestamp without time zone)), (LLVM Optimized)", "Plans": [{"Node Type": "Bitmap Index Scan", "Parent Relationship": "Outer", "Index Name": "idx_lineitem_shipdate", "Startup Cost": 0.0, "Total Cost": 77977.46, "Plan Rows": 2266921, "Plan Width": 0, "Index Cond": "((l_shipdate >= '1997-07-01 00:00:00'::timestamp(0) without time zone) AND (l_shipdate < '1997-10-01 00:00:00'::timestamp without time zone))"}]}]}]}, {"Node Type": "Nested Loop", "Parent Relationship": "Outer", "Join Type": "Inner", "Startup Cost": 1625862.71, "Total Cost": 1654505.16, "Plan Rows": 59380, "Plan Width": 83, "Inner Unique": true, "Plans": [{"Node Type": "Aggregate", "Strategy": "Hashed", "Parent Relationship": "Outer", "Startup Cost": 1625862.71, "Total Cost": 1626604.96, "Plan Rows": 59380, "Plan Width": 40, "Group By Key": ["public.lineitem.l_suppkey"], "Filter": "(sum((public.lineitem.l_extendedprice * (1::double precision - public.lineitem.l_discount))) = $0), (LLVM Optimized)", "Plans": [{"Node Type": "Bitmap Heap Scan", "Parent Relationship": "Outer", "Relation Name": "lineitem", "Alias": "lineitem", "Startup Cost": 78544.19, "Total Cost": 1586191.59, "Plan Rows": 2266921, "Plan Width": 24, "Recheck Cond": "((l_shipdate >= '1997-07-01 00:00:00'::timestamp(0) without time zone) AND (l_shipdate < '1997-10-01 00:00:00'::timestamp without time zone)), (LLVM Optimized)", "Plans": [{"Node Type": "Bitmap Index Scan", "Parent Relationship": "Outer", "Index Name": "idx_lineitem_shipdate", "Startup Cost": 0.0, "Total Cost": 77977.46, "Plan Rows": 2266921, "Plan Width": 0, "Index Cond": "((l_shipdate >= '1997-07-01 00:00:00'::timestamp(0) without time zone) AND (l_shipdate < '1997-10-01 00:00:00'::timestamp without time zone))"}]}]}, {"Node Type": "Index Scan", "Parent Relationship": "Inner", "Scan Direction": "Forward", "Index Name": "supplier_pkey", "Relation Name": "supplier", "Alias": "supplier", "Startup Cost": 0.0, "Total Cost": 0.45, "Plan Rows": 1, "Plan Width": 75, "Index Cond": "(s_suppkey = public.lineitem.l_suppkey)"}]}]}, "Unique SQL Id": 3712096918, "Planner Runtime": 0}, "explain_analyze_plan": {"Plan": {"Node Type": "Sort", "Startup Cost": 3269410.17, "Total Cost": 3269558.62, "Plan Rows": 59380, "Plan Width": 83, "Actual Startup Time": 11492.831, "Actual Total Time": 11492.831, "Actual Rows": 1, "Actual Loops": 1, "Sort Key": ["supplier.s_suppkey"], "Sort Method": "quicksort", "Sort Space Used": 25, "Sort Space Type": "Memory", "Plans": [{"Node Type": "Aggregate", "Strategy": "Plain", "Parent Relationship": "exec_init_plan", "Subplan Name": "InitPlan 1 (returns $0)", "Startup Cost": 1610196.85, "Total Cost": 1610196.86, "Plan Rows": 1, "Plan Width": 16, "Actual Startup Time": 5690.071, "Actual Total Time": 5690.071, "Actual Rows": 1, "Actual Loops": 1, "Plans": [{"Node Type": "Aggregate", "Strategy": "Hashed", "Parent Relationship": "Outer", "Startup Cost": 1608860.8, "Total Cost": 1609454.6, "Plan Rows": 59380, "Plan Width": 32, "Actual Startup Time": 5643.448, "Actual Total Time": 5675.14, "Actual Rows": 100000, "Actual Loops": 1, "Group By Key": ["public.lineitem.l_suppkey"], "Plans": [{"Node Type": "Bitmap Heap Scan", "Parent Relationship": "Outer", "Relation Name": "lineitem", "Alias": "lineitem", "Startup Cost": 78544.19, "Total Cost": 1586191.59, "Plan Rows": 2266921, "Plan Width": 24, "Actual Startup Time": 1063.161, "Actual Total Time": 3984.56, "Actual Rows": 2293944, "Actual Loops": 1, "Recheck Cond": "((l_shipdate >= '1997-07-01 00:00:00'::timestamp(0) without time zone) AND (l_shipdate < '1997-10-01 00:00:00'::timestamp without time zone)), (LLVM Optimized, Jit Execute)", "Rows Removed by Index Recheck": 0, "Exact Heap Blocks": 732487, "Lossy Heap Blocks": 732487, "Plans": [{"Node Type": "Bitmap Index Scan", "Parent Relationship": "Outer", "Index Name": "idx_lineitem_shipdate", "Startup Cost": 0.0, "Total Cost": 77977.46, "Plan Rows": 2266921, "Plan Width": 0, "Actual Startup Time": 741.815, "Actual Total Time": 741.815, "Actual Rows": 2293944, "Actual Loops": 1, "Index Cond": "((l_shipdate >= '1997-07-01 00:00:00'::timestamp(0) without time zone) AND (l_shipdate < '1997-10-01 00:00:00'::timestamp without time zone))"}]}]}]}, {"Node Type": "Nested Loop", "Parent Relationship": "Outer", "Join Type": "Inner", "Startup Cost": 1625862.71, "Total Cost": 1654505.16, "Plan Rows": 59380, "Plan Width": 83, "Actual Startup Time": 11470.027, "Actual Total Time": 11492.808, "Actual Rows": 1, "Actual Loops": 1, "Inner Unique": true, "Plans": [{"Node Type": "Aggregate", "Strategy": "Hashed", "Parent Relationship": "Outer", "Startup Cost": 1625862.71, "Total Cost": 1626604.96, "Plan Rows": 59380, "Plan Width": 40, "Actual Startup Time": 11469.968, "Actual Total Time": 11492.503, "Actual Rows": 1, "Actual Loops": 1, "Group By Key": ["public.lineitem.l_suppkey"], "Filter": "(sum((public.lineitem.l_extendedprice * (1::double precision - public.lineitem.l_discount))) = $0), (LLVM Optimized, Jit Execute)", "Rows Removed by Filter": 99999, "Plans": [{"Node Type": "Bitmap Heap Scan", "Parent Relationship": "Outer", "Relation Name": "lineitem", "Alias": "lineitem", "Startup Cost": 78544.19, "Total Cost": 1586191.59, "Plan Rows": 2266921, "Plan Width": 24, "Actual Startup Time": 1198.202, "Actual Total Time": 4065.356, "Actual Rows": 2293944, "Actual Loops": 1, "Recheck Cond": "((l_shipdate >= '1997-07-01 00:00:00'::timestamp(0) without time zone) AND (l_shipdate < '1997-10-01 00:00:00'::timestamp without time zone)), (LLVM Optimized, Jit Execute)", "Rows Removed by Index Recheck": 0, "Exact Heap Blocks": 732487, "Lossy Heap Blocks": 732487, "Plans": [{"Node Type": "Bitmap Index Scan", "Parent Relationship": "Outer", "Index Name": "idx_lineitem_shipdate", "Startup Cost": 0.0, "Total Cost": 77977.46, "Plan Rows": 2266921, "Plan Width": 0, "Actual Startup Time": 867.954, "Actual Total Time": 867.954, "Actual Rows": 2293944, "Actual Loops": 1, "Index Cond": "((l_shipdate >= '1997-07-01 00:00:00'::timestamp(0) without time zone) AND (l_shipdate < '1997-10-01 00:00:00'::timestamp without time zone))"}]}]}, {"Node Type": "Index Scan", "Parent Relationship": "Inner", "Scan Direction": "Forward", "Index Name": "supplier_pkey", "Relation Name": "supplier", "Alias": "supplier", "Startup Cost": 0.0, "Total Cost": 0.45, "Plan Rows": 1, "Plan Width": 75, "Actual Startup Time": 0.043, "Actual Total Time": 0.043, "Actual Rows": 1, "Actual Loops": 1, "Index Cond": "(s_suppkey = public.lineitem.l_suppkey)", "Rows Removed by Index Recheck": 0}]}]}, "Triggers": [], "Planner Runtime": 0.821, "Total Runtime": 11505.802, "Unique SQL Id": 3712096918}}, "(16, '53')": {"explain_plan": {"Plan": {"Node Type": "Sort", "Startup Cost": 3269410.17, "Total Cost": 3269558.62, "Plan Rows": 59380, "Plan Width": 83, "Sort Key": ["supplier.s_suppkey"], "Plans": [{"Node Type": "Aggregate", "Strategy": "Plain", "Parent Relationship": "exec_init_plan", "Subplan Name": "InitPlan 1 (returns $0)", "Startup Cost": 1610196.85, "Total Cost": 1610196.86, "Plan Rows": 1, "Plan Width": 16, "Plans": [{"Node Type": "Aggregate", "Strategy": "Hashed", "Parent Relationship": "Outer", "Startup Cost": 1608860.8, "Total Cost": 1609454.6, "Plan Rows": 59380, "Plan Width": 32, "Group By Key": ["public.lineitem.l_suppkey"], "Plans": [{"Node Type": "Bitmap Heap Scan", "Parent Relationship": "Outer", "Relation Name": "lineitem", "Alias": "lineitem", "Startup Cost": 78544.19, "Total Cost": 1586191.59, "Plan Rows": 2266921, "Plan Width": 24, "Recheck Cond": "((l_shipdate >= '1997-07-01 00:00:00'::timestamp(0) without time zone) AND (l_shipdate < '1997-10-01 00:00:00'::timestamp without time zone)), (LLVM Optimized)", "Plans": [{"Node Type": "Bitmap Index Scan", "Parent Relationship": "Outer", "Index Name": "idx_lineitem_shipdate", "Startup Cost": 0.0, "Total Cost": 77977.46, "Plan Rows": 2266921, "Plan Width": 0, "Index Cond": "((l_shipdate >= '1997-07-01 00:00:00'::timestamp(0) without time zone) AND (l_shipdate < '1997-10-01 00:00:00'::timestamp without time zone))"}]}]}]}, {"Node Type": "Nested Loop", "Parent Relationship": "Outer", "Join Type": "Inner", "Startup Cost": 1625862.71, "Total Cost": 1654505.16, "Plan Rows": 59380, "Plan Width": 83, "Inner Unique": true, "Plans": [{"Node Type": "Aggregate", "Strategy": "Hashed", "Parent Relationship": "Outer", "Startup Cost": 1625862.71, "Total Cost": 1626604.96, "Plan Rows": 59380, "Plan Width": 40, "Group By Key": ["public.lineitem.l_suppkey"], "Filter": "(sum((public.lineitem.l_extendedprice * (1::double precision - public.lineitem.l_discount))) = $0), (LLVM Optimized)", "Plans": [{"Node Type": "Bitmap Heap Scan", "Parent Relationship": "Outer", "Relation Name": "lineitem", "Alias": "lineitem", "Startup Cost": 78544.19, "Total Cost": 1586191.59, "Plan Rows": 2266921, "Plan Width": 24, "Recheck Cond": "((l_shipdate >= '1997-07-01 00:00:00'::timestamp(0) without time zone) AND (l_shipdate < '1997-10-01 00:00:00'::timestamp without time zone)), (LLVM Optimized)", "Plans": [{"Node Type": "Bitmap Index Scan", "Parent Relationship": "Outer", "Index Name": "idx_lineitem_shipdate", "Startup Cost": 0.0, "Total Cost": 77977.46, "Plan Rows": 2266921, "Plan Width": 0, "Index Cond": "((l_shipdate >= '1997-07-01 00:00:00'::timestamp(0) without time zone) AND (l_shipdate < '1997-10-01 00:00:00'::timestamp without time zone))"}]}]}, {"Node Type": "Index Scan", "Parent Relationship": "Inner", "Scan Direction": "Forward", "Index Name": "supplier_pkey", "Relation Name": "supplier", "Alias": "supplier", "Startup Cost": 0.0, "Total Cost": 0.45, "Plan Rows": 1, "Plan Width": 75, "Index Cond": "(s_suppkey = public.lineitem.l_suppkey)"}]}]}, "Unique SQL Id": 3712096918, "Planner Runtime": 0}, "explain_analyze_plan": {"Plan": {"Node Type": "Sort", "Startup Cost": 3269410.17, "Total Cost": 3269558.62, "Plan Rows": 59380, "Plan Width": 83, "Actual Startup Time": 11492.831, "Actual Total Time": 11492.831, "Actual Rows": 1, "Actual Loops": 1, "Sort Key": ["supplier.s_suppkey"], "Sort Method": "quicksort", "Sort Space Used": 25, "Sort Space Type": "Memory", "Plans": [{"Node Type": "Aggregate", "Strategy": "Plain", "Parent Relationship": "exec_init_plan", "Subplan Name": "InitPlan 1 (returns $0)", "Startup Cost": 1610196.85, "Total Cost": 1610196.86, "Plan Rows": 1, "Plan Width": 16, "Actual Startup Time": 5690.071, "Actual Total Time": 5690.071, "Actual Rows": 1, "Actual Loops": 1, "Plans": [{"Node Type": "Aggregate", "Strategy": "Hashed", "Parent Relationship": "Outer", "Startup Cost": 1608860.8, "Total Cost": 1609454.6, "Plan Rows": 59380, "Plan Width": 32, "Actual Startup Time": 5643.448, "Actual Total Time": 5675.14, "Actual Rows": 100000, "Actual Loops": 1, "Group By Key": ["public.lineitem.l_suppkey"], "Plans": [{"Node Type": "Bitmap Heap Scan", "Parent Relationship": "Outer", "Relation Name": "lineitem", "Alias": "lineitem", "Startup Cost": 78544.19, "Total Cost": 1586191.59, "Plan Rows": 2266921, "Plan Width": 24, "Actual Startup Time": 1063.161, "Actual Total Time": 3984.56, "Actual Rows": 2293944, "Actual Loops": 1, "Recheck Cond": "((l_shipdate >= '1997-07-01 00:00:00'::timestamp(0) without time zone) AND (l_shipdate < '1997-10-01 00:00:00'::timestamp without time zone)), (LLVM Optimized, Jit Execute)", "Rows Removed by Index Recheck": 0, "Exact Heap Blocks": 732487, "Lossy Heap Blocks": 732487, "Plans": [{"Node Type": "Bitmap Index Scan", "Parent Relationship": "Outer", "Index Name": "idx_lineitem_shipdate", "Startup Cost": 0.0, "Total Cost": 77977.46, "Plan Rows": 2266921, "Plan Width": 0, "Actual Startup Time": 741.815, "Actual Total Time": 741.815, "Actual Rows": 2293944, "Actual Loops": 1, "Index Cond": "((l_shipdate >= '1997-07-01 00:00:00'::timestamp(0) without time zone) AND (l_shipdate < '1997-10-01 00:00:00'::timestamp without time zone))"}]}]}]}, {"Node Type": "Nested Loop", "Parent Relationship": "Outer", "Join Type": "Inner", "Startup Cost": 1625862.71, "Total Cost": 1654505.16, "Plan Rows": 59380, "Plan Width": 83, "Actual Startup Time": 11470.027, "Actual Total Time": 11492.808, "Actual Rows": 1, "Actual Loops": 1, "Inner Unique": true, "Plans": [{"Node Type": "Aggregate", "Strategy": "Hashed", "Parent Relationship": "Outer", "Startup Cost": 1625862.71, "Total Cost": 1626604.96, "Plan Rows": 59380, "Plan Width": 40, "Actual Startup Time": 11469.968, "Actual Total Time": 11492.503, "Actual Rows": 1, "Actual Loops": 1, "Group By Key": ["public.lineitem.l_suppkey"], "Filter": "(sum((public.lineitem.l_extendedprice * (1::double precision - public.lineitem.l_discount))) = $0), (LLVM Optimized, Jit Execute)", "Rows Removed by Filter": 99999, "Plans": [{"Node Type": "Bitmap Heap Scan", "Parent Relationship": "Outer", "Relation Name": "lineitem", "Alias": "lineitem", "Startup Cost": 78544.19, "Total Cost": 1586191.59, "Plan Rows": 2266921, "Plan Width": 24, "Actual Startup Time": 1198.202, "Actual Total Time": 4065.356, "Actual Rows": 2293944, "Actual Loops": 1, "Recheck Cond": "((l_shipdate >= '1997-07-01 00:00:00'::timestamp(0) without time zone) AND (l_shipdate < '1997-10-01 00:00:00'::timestamp without time zone)), (LLVM Optimized, Jit Execute)", "Rows Removed by Index Recheck": 0, "Exact Heap Blocks": 732487, "Lossy Heap Blocks": 732487, "Plans": [{"Node Type": "Bitmap Index Scan", "Parent Relationship": "Outer", "Index Name": "idx_lineitem_shipdate", "Startup Cost": 0.0, "Total Cost": 77977.46, "Plan Rows": 2266921, "Plan Width": 0, "Actual Startup Time": 867.954, "Actual Total Time": 867.954, "Actual Rows": 2293944, "Actual Loops": 1, "Index Cond": "((l_shipdate >= '1997-07-01 00:00:00'::timestamp(0) without time zone) AND (l_shipdate < '1997-10-01 00:00:00'::timestamp without time zone))"}]}]}, {"Node Type": "Index Scan", "Parent Relationship": "Inner", "Scan Direction": "Forward", "Index Name": "supplier_pkey", "Relation Name": "supplier", "Alias": "supplier", "Startup Cost": 0.0, "Total Cost": 0.45, "Plan Rows": 1, "Plan Width": 75, "Actual Startup Time": 0.043, "Actual Total Time": 0.043, "Actual Rows": 1, "Actual Loops": 1, "Index Cond": "(s_suppkey = public.lineitem.l_suppkey)", "Rows Removed by Index Recheck": 0}]}]}, "Triggers": [], "Planner Runtime": 0.821, "Total Runtime": 11505.802, "Unique SQL Id": 3712096918}}, "(16, '54')": {"explain_plan": {"Plan": {"Node Type": "Sort", "Startup Cost": 3497813.02, "Total Cost": 3497961.47, "Plan Rows": 59380, "Plan Width": 83, "Sort Key": ["supplier.s_suppkey"], "Plans": [{"Node Type": "Aggregate", "Strategy": "Plain", "Parent Relationship": "exec_init_plan", "Subplan Name": "InitPlan 1 (returns $0)", "Startup Cost": 1610196.85, "Total Cost": 1610196.86, "Plan Rows": 1, "Plan Width": 16, "Plans": [{"Node Type": "Aggregate", "Strategy": "Hashed", "Parent Relationship": "Outer", "Startup Cost": 1608860.8, "Total Cost": 1609454.6, "Plan Rows": 59380, "Plan Width": 32, "Group By Key": ["public.lineitem.l_suppkey"], "Plans": [{"Node Type": "Bitmap Heap Scan", "Parent Relationship": "Outer", "Relation Name": "lineitem", "Alias": "lineitem", "Startup Cost": 78544.19, "Total Cost": 1586191.59, "Plan Rows": 2266921, "Plan Width": 24, "Recheck Cond": "((l_shipdate >= '1997-07-01 00:00:00'::timestamp(0) without time zone) AND (l_shipdate < '1997-10-01 00:00:00'::timestamp without time zone)), (LLVM Optimized)", "Plans": [{"Node Type": "Bitmap Index Scan", "Parent Relationship": "Outer", "Index Name": "idx_lineitem_shipdate", "Startup Cost": 0.0, "Total Cost": 77977.46, "Plan Rows": 2266921, "Plan Width": 0, "Index Cond": "((l_shipdate >= '1997-07-01 00:00:00'::timestamp(0) without time zone) AND (l_shipdate < '1997-10-01 00:00:00'::timestamp without time zone))"}]}]}]}, {"Node Type": "Nested Loop", "Parent Relationship": "Outer", "Join Type": "Inner", "Startup Cost": 1625863.0, "Total Cost": 1882908.01, "Plan Rows": 59380, "Plan Width": 83, "Inner Unique": true, "Plans": [{"Node Type": "Aggregate", "Strategy": "Hashed", "Parent Relationship": "Outer", "Startup Cost": 1625862.71, "Total Cost": 1626604.96, "Plan Rows": 59380, "Plan Width": 40, "Group By Key": ["public.lineitem.l_suppkey"], "Filter": "(sum((public.lineitem.l_extendedprice * (1::double precision - public.lineitem.l_discount))) = $0), (LLVM Optimized)", "Plans": [{"Node Type": "Bitmap Heap Scan", "Parent Relationship": "Outer", "Relation Name": "lineitem", "Alias": "lineitem", "Startup Cost": 78544.19, "Total Cost": 1586191.59, "Plan Rows": 2266921, "Plan Width": 24, "Recheck Cond": "((l_shipdate >= '1997-07-01 00:00:00'::timestamp(0) without time zone) AND (l_shipdate < '1997-10-01 00:00:00'::timestamp without time zone)), (LLVM Optimized)", "Plans": [{"Node Type": "Bitmap Index Scan", "Parent Relationship": "Outer", "Index Name": "idx_lineitem_shipdate", "Startup Cost": 0.0, "Total Cost": 77977.46, "Plan Rows": 2266921, "Plan Width": 0, "Index Cond": "((l_shipdate >= '1997-07-01 00:00:00'::timestamp(0) without time zone) AND (l_shipdate < '1997-10-01 00:00:00'::timestamp without time zone))"}]}]}, {"Node Type": "Bitmap Heap Scan", "Parent Relationship": "Inner", "Relation Name": "supplier", "Alias": "supplier", "Startup Cost": 0.28, "Total Cost": 4.3, "Plan Rows": 1, "Plan Width": 75, "Recheck Cond": "(s_suppkey = public.lineitem.l_suppkey)", "Plans": [{"Node Type": "Bitmap Index Scan", "Parent Relationship": "Outer", "Index Name": "supplier_pkey", "Startup Cost": 0.0, "Total Cost": 0.28, "Plan Rows": 1, "Plan Width": 0, "Index Cond": "(s_suppkey = public.lineitem.l_suppkey)"}]}]}]}, "Unique SQL Id": 3712096918, "Planner Runtime": 0}, "explain_analyze_plan": {"Plan": {"Node Type": "Sort", "Startup Cost": 3497813.02, "Total Cost": 3497961.47, "Plan Rows": 59380, "Plan Width": 83, "Actual Startup Time": 11241.876, "Actual Total Time": 11241.876, "Actual Rows": 1, "Actual Loops": 1, "Sort Key": ["supplier.s_suppkey"], "Sort Method": "quicksort", "Sort Space Used": 25, "Sort Space Type": "Memory", "Plans": [{"Node Type": "Aggregate", "Strategy": "Plain", "Parent Relationship": "exec_init_plan", "Subplan Name": "InitPlan 1 (returns $0)", "Startup Cost": 1610196.85, "Total Cost": 1610196.86, "Plan Rows": 1, "Plan Width": 16, "Actual Startup Time": 5464.823, "Actual Total Time": 5464.823, "Actual Rows": 1, "Actual Loops": 1, "Plans": [{"Node Type": "Aggregate", "Strategy": "Hashed", "Parent Relationship": "Outer", "Startup Cost": 1608860.8, "Total Cost": 1609454.6, "Plan Rows": 59380, "Plan Width": 32, "Actual Startup Time": 5414.615, "Actual Total Time": 5449.751, "Actual Rows": 100000, "Actual Loops": 1, "Group By Key": ["public.lineitem.l_suppkey"], "Plans": [{"Node Type": "Bitmap Heap Scan", "Parent Relationship": "Outer", "Relation Name": "lineitem", "Alias": "lineitem", "Startup Cost": 78544.19, "Total Cost": 1586191.59, "Plan Rows": 2266921, "Plan Width": 24, "Actual Startup Time": 1070.692, "Actual Total Time": 3752.897, "Actual Rows": 2293944, "Actual Loops": 1, "Recheck Cond": "((l_shipdate >= '1997-07-01 00:00:00'::timestamp(0) without time zone) AND (l_shipdate < '1997-10-01 00:00:00'::timestamp without time zone)), (LLVM Optimized, Jit Execute)", "Rows Removed by Index Recheck": 0, "Exact Heap Blocks": 732487, "Lossy Heap Blocks": 732487, "Plans": [{"Node Type": "Bitmap Index Scan", "Parent Relationship": "Outer", "Index Name": "idx_lineitem_shipdate", "Startup Cost": 0.0, "Total Cost": 77977.46, "Plan Rows": 2266921, "Plan Width": 0, "Actual Startup Time": 784.899, "Actual Total Time": 784.899, "Actual Rows": 2293944, "Actual Loops": 1, "Index Cond": "((l_shipdate >= '1997-07-01 00:00:00'::timestamp(0) without time zone) AND (l_shipdate < '1997-10-01 00:00:00'::timestamp without time zone))"}]}]}]}, {"Node Type": "Nested Loop", "Parent Relationship": "Outer", "Join Type": "Inner", "Startup Cost": 1625863.0, "Total Cost": 1882908.01, "Plan Rows": 59380, "Plan Width": 83, "Actual Startup Time": 11222.658, "Actual Total Time": 11241.85, "Actual Rows": 1, "Actual Loops": 1, "Inner Unique": true, "Plans": [{"Node Type": "Aggregate", "Strategy": "Hashed", "Parent Relationship": "Outer", "Startup Cost": 1625862.71, "Total Cost": 1626604.96, "Plan Rows": 59380, "Plan Width": 40, "Actual Startup Time": 11222.535, "Actual Total Time": 11241.516, "Actual Rows": 1, "Actual Loops": 1, "Group By Key": ["public.lineitem.l_suppkey"], "Filter": "(sum((public.lineitem.l_extendedprice * (1::double precision - public.lineitem.l_discount))) = $0), (LLVM Optimized, Jit Execute)", "Rows Removed by Filter": 99999, "Plans": [{"Node Type": "Bitmap Heap Scan", "Parent Relationship": "Outer", "Relation Name": "lineitem", "Alias": "lineitem", "Startup Cost": 78544.19, "Total Cost": 1586191.59, "Plan Rows": 2266921, "Plan Width": 24, "Actual Startup Time": 1227.767, "Actual Total Time": 4076.427, "Actual Rows": 2293944, "Actual Loops": 1, "Recheck Cond": "((l_shipdate >= '1997-07-01 00:00:00'::timestamp(0) without time zone) AND (l_shipdate < '1997-10-01 00:00:00'::timestamp without time zone)), (LLVM Optimized, Jit Execute)", "Rows Removed by Index Recheck": 0, "Exact Heap Blocks": 732487, "Lossy Heap Blocks": 732487, "Plans": [{"Node Type": "Bitmap Index Scan", "Parent Relationship": "Outer", "Index Name": "idx_lineitem_shipdate", "Startup Cost": 0.0, "Total Cost": 77977.46, "Plan Rows": 2266921, "Plan Width": 0, "Actual Startup Time": 872.627, "Actual Total Time": 872.627, "Actual Rows": 2293944, "Actual Loops": 1, "Index Cond": "((l_shipdate >= '1997-07-01 00:00:00'::timestamp(0) without time zone) AND (l_shipdate < '1997-10-01 00:00:00'::timestamp without time zone))"}]}]}, {"Node Type": "Bitmap Heap Scan", "Parent Relationship": "Inner", "Relation Name": "supplier", "Alias": "supplier", "Startup Cost": 0.28, "Total Cost": 4.3, "Plan Rows": 1, "Plan Width": 75, "Actual Startup Time": 0.098, "Actual Total Time": 0.098, "Actual Rows": 1, "Actual Loops": 1, "Recheck Cond": "(s_suppkey = public.lineitem.l_suppkey)", "Rows Removed by Index Recheck": 0, "Exact Heap Blocks": 1, "Lossy Heap Blocks": 1, "Plans": [{"Node Type": "Bitmap Index Scan", "Parent Relationship": "Outer", "Index Name": "supplier_pkey", "Startup Cost": 0.0, "Total Cost": 0.28, "Plan Rows": 1, "Plan Width": 0, "Actual Startup Time": 0.039, "Actual Total Time": 0.039, "Actual Rows": 1, "Actual Loops": 1, "Index Cond": "(s_suppkey = public.lineitem.l_suppkey)"}]}]}]}, "Triggers": [], "Planner Runtime": 0.877, "Total Runtime": 11254.72, "Unique SQL Id": 3712096918}}, "(16, '55')": {"explain_plan": {"Plan": {"Node Type": "Sort", "Startup Cost": 3497813.02, "Total Cost": 3497961.47, "Plan Rows": 59380, "Plan Width": 83, "Sort Key": ["supplier.s_suppkey"], "Plans": [{"Node Type": "Aggregate", "Strategy": "Plain", "Parent Relationship": "exec_init_plan", "Subplan Name": "InitPlan 1 (returns $0)", "Startup Cost": 1610196.85, "Total Cost": 1610196.86, "Plan Rows": 1, "Plan Width": 16, "Plans": [{"Node Type": "Aggregate", "Strategy": "Hashed", "Parent Relationship": "Outer", "Startup Cost": 1608860.8, "Total Cost": 1609454.6, "Plan Rows": 59380, "Plan Width": 32, "Group By Key": ["public.lineitem.l_suppkey"], "Plans": [{"Node Type": "Bitmap Heap Scan", "Parent Relationship": "Outer", "Relation Name": "lineitem", "Alias": "lineitem", "Startup Cost": 78544.19, "Total Cost": 1586191.59, "Plan Rows": 2266921, "Plan Width": 24, "Recheck Cond": "((l_shipdate >= '1997-07-01 00:00:00'::timestamp(0) without time zone) AND (l_shipdate < '1997-10-01 00:00:00'::timestamp without time zone)), (LLVM Optimized)", "Plans": [{"Node Type": "Bitmap Index Scan", "Parent Relationship": "Outer", "Index Name": "idx_lineitem_shipdate", "Startup Cost": 0.0, "Total Cost": 77977.46, "Plan Rows": 2266921, "Plan Width": 0, "Index Cond": "((l_shipdate >= '1997-07-01 00:00:00'::timestamp(0) without time zone) AND (l_shipdate < '1997-10-01 00:00:00'::timestamp without time zone))"}]}]}]}, {"Node Type": "Nested Loop", "Parent Relationship": "Outer", "Join Type": "Inner", "Startup Cost": 1625863.0, "Total Cost": 1882908.01, "Plan Rows": 59380, "Plan Width": 83, "Inner Unique": true, "Plans": [{"Node Type": "Aggregate", "Strategy": "Hashed", "Parent Relationship": "Outer", "Startup Cost": 1625862.71, "Total Cost": 1626604.96, "Plan Rows": 59380, "Plan Width": 40, "Group By Key": ["public.lineitem.l_suppkey"], "Filter": "(sum((public.lineitem.l_extendedprice * (1::double precision - public.lineitem.l_discount))) = $0), (LLVM Optimized)", "Plans": [{"Node Type": "Bitmap Heap Scan", "Parent Relationship": "Outer", "Relation Name": "lineitem", "Alias": "lineitem", "Startup Cost": 78544.19, "Total Cost": 1586191.59, "Plan Rows": 2266921, "Plan Width": 24, "Recheck Cond": "((l_shipdate >= '1997-07-01 00:00:00'::timestamp(0) without time zone) AND (l_shipdate < '1997-10-01 00:00:00'::timestamp without time zone)), (LLVM Optimized)", "Plans": [{"Node Type": "Bitmap Index Scan", "Parent Relationship": "Outer", "Index Name": "idx_lineitem_shipdate", "Startup Cost": 0.0, "Total Cost": 77977.46, "Plan Rows": 2266921, "Plan Width": 0, "Index Cond": "((l_shipdate >= '1997-07-01 00:00:00'::timestamp(0) without time zone) AND (l_shipdate < '1997-10-01 00:00:00'::timestamp without time zone))"}]}]}, {"Node Type": "Bitmap Heap Scan", "Parent Relationship": "Inner", "Relation Name": "supplier", "Alias": "supplier", "Startup Cost": 0.28, "Total Cost": 4.3, "Plan Rows": 1, "Plan Width": 75, "Recheck Cond": "(s_suppkey = public.lineitem.l_suppkey)", "Plans": [{"Node Type": "Bitmap Index Scan", "Parent Relationship": "Outer", "Index Name": "supplier_pkey", "Startup Cost": 0.0, "Total Cost": 0.28, "Plan Rows": 1, "Plan Width": 0, "Index Cond": "(s_suppkey = public.lineitem.l_suppkey)"}]}]}]}, "Unique SQL Id": 3712096918, "Planner Runtime": 0}, "explain_analyze_plan": {"Plan": {"Node Type": "Sort", "Startup Cost": 3497813.02, "Total Cost": 3497961.47, "Plan Rows": 59380, "Plan Width": 83, "Actual Startup Time": 11241.876, "Actual Total Time": 11241.876, "Actual Rows": 1, "Actual Loops": 1, "Sort Key": ["supplier.s_suppkey"], "Sort Method": "quicksort", "Sort Space Used": 25, "Sort Space Type": "Memory", "Plans": [{"Node Type": "Aggregate", "Strategy": "Plain", "Parent Relationship": "exec_init_plan", "Subplan Name": "InitPlan 1 (returns $0)", "Startup Cost": 1610196.85, "Total Cost": 1610196.86, "Plan Rows": 1, "Plan Width": 16, "Actual Startup Time": 5464.823, "Actual Total Time": 5464.823, "Actual Rows": 1, "Actual Loops": 1, "Plans": [{"Node Type": "Aggregate", "Strategy": "Hashed", "Parent Relationship": "Outer", "Startup Cost": 1608860.8, "Total Cost": 1609454.6, "Plan Rows": 59380, "Plan Width": 32, "Actual Startup Time": 5414.615, "Actual Total Time": 5449.751, "Actual Rows": 100000, "Actual Loops": 1, "Group By Key": ["public.lineitem.l_suppkey"], "Plans": [{"Node Type": "Bitmap Heap Scan", "Parent Relationship": "Outer", "Relation Name": "lineitem", "Alias": "lineitem", "Startup Cost": 78544.19, "Total Cost": 1586191.59, "Plan Rows": 2266921, "Plan Width": 24, "Actual Startup Time": 1070.692, "Actual Total Time": 3752.897, "Actual Rows": 2293944, "Actual Loops": 1, "Recheck Cond": "((l_shipdate >= '1997-07-01 00:00:00'::timestamp(0) without time zone) AND (l_shipdate < '1997-10-01 00:00:00'::timestamp without time zone)), (LLVM Optimized, Jit Execute)", "Rows Removed by Index Recheck": 0, "Exact Heap Blocks": 732487, "Lossy Heap Blocks": 732487, "Plans": [{"Node Type": "Bitmap Index Scan", "Parent Relationship": "Outer", "Index Name": "idx_lineitem_shipdate", "Startup Cost": 0.0, "Total Cost": 77977.46, "Plan Rows": 2266921, "Plan Width": 0, "Actual Startup Time": 784.899, "Actual Total Time": 784.899, "Actual Rows": 2293944, "Actual Loops": 1, "Index Cond": "((l_shipdate >= '1997-07-01 00:00:00'::timestamp(0) without time zone) AND (l_shipdate < '1997-10-01 00:00:00'::timestamp without time zone))"}]}]}]}, {"Node Type": "Nested Loop", "Parent Relationship": "Outer", "Join Type": "Inner", "Startup Cost": 1625863.0, "Total Cost": 1882908.01, "Plan Rows": 59380, "Plan Width": 83, "Actual Startup Time": 11222.658, "Actual Total Time": 11241.85, "Actual Rows": 1, "Actual Loops": 1, "Inner Unique": true, "Plans": [{"Node Type": "Aggregate", "Strategy": "Hashed", "Parent Relationship": "Outer", "Startup Cost": 1625862.71, "Total Cost": 1626604.96, "Plan Rows": 59380, "Plan Width": 40, "Actual Startup Time": 11222.535, "Actual Total Time": 11241.516, "Actual Rows": 1, "Actual Loops": 1, "Group By Key": ["public.lineitem.l_suppkey"], "Filter": "(sum((public.lineitem.l_extendedprice * (1::double precision - public.lineitem.l_discount))) = $0), (LLVM Optimized, Jit Execute)", "Rows Removed by Filter": 99999, "Plans": [{"Node Type": "Bitmap Heap Scan", "Parent Relationship": "Outer", "Relation Name": "lineitem", "Alias": "lineitem", "Startup Cost": 78544.19, "Total Cost": 1586191.59, "Plan Rows": 2266921, "Plan Width": 24, "Actual Startup Time": 1227.767, "Actual Total Time": 4076.427, "Actual Rows": 2293944, "Actual Loops": 1, "Recheck Cond": "((l_shipdate >= '1997-07-01 00:00:00'::timestamp(0) without time zone) AND (l_shipdate < '1997-10-01 00:00:00'::timestamp without time zone)), (LLVM Optimized, Jit Execute)", "Rows Removed by Index Recheck": 0, "Exact Heap Blocks": 732487, "Lossy Heap Blocks": 732487, "Plans": [{"Node Type": "Bitmap Index Scan", "Parent Relationship": "Outer", "Index Name": "idx_lineitem_shipdate", "Startup Cost": 0.0, "Total Cost": 77977.46, "Plan Rows": 2266921, "Plan Width": 0, "Actual Startup Time": 872.627, "Actual Total Time": 872.627, "Actual Rows": 2293944, "Actual Loops": 1, "Index Cond": "((l_shipdate >= '1997-07-01 00:00:00'::timestamp(0) without time zone) AND (l_shipdate < '1997-10-01 00:00:00'::timestamp without time zone))"}]}]}, {"Node Type": "Bitmap Heap Scan", "Parent Relationship": "Inner", "Relation Name": "supplier", "Alias": "supplier", "Startup Cost": 0.28, "Total Cost": 4.3, "Plan Rows": 1, "Plan Width": 75, "Actual Startup Time": 0.098, "Actual Total Time": 0.098, "Actual Rows": 1, "Actual Loops": 1, "Recheck Cond": "(s_suppkey = public.lineitem.l_suppkey)", "Rows Removed by Index Recheck": 0, "Exact Heap Blocks": 1, "Lossy Heap Blocks": 1, "Plans": [{"Node Type": "Bitmap Index Scan", "Parent Relationship": "Outer", "Index Name": "supplier_pkey", "Startup Cost": 0.0, "Total Cost": 0.28, "Plan Rows": 1, "Plan Width": 0, "Actual Startup Time": 0.039, "Actual Total Time": 0.039, "Actual Rows": 1, "Actual Loops": 1, "Index Cond": "(s_suppkey = public.lineitem.l_suppkey)"}]}]}]}, "Triggers": [], "Planner Runtime": 0.877, "Total Runtime": 11254.72, "Unique SQL Id": 3712096918}}, "(16, '56')": {"explain_plan": {"Plan": {"Node Type": "Sort", "Startup Cost": 4727127.98, "Total Cost": 4727276.43, "Plan Rows": 59380, "Plan Width": 83, "Sort Key": ["supplier.s_suppkey"], "Plans": [{"Node Type": "Aggregate", "Strategy": "Plain", "Parent Relationship": "exec_init_plan", "Subplan Name": "InitPlan 1 (returns $0)", "Startup Cost": 2339055.76, "Total Cost": 2339055.77, "Plan Rows": 1, "Plan Width": 16, "Plans": [{"Node Type": "Aggregate", "Strategy": "Hashed", "Parent Relationship": "Outer", "Startup Cost": 2337719.71, "Total Cost": 2338313.51, "Plan Rows": 59380, "Plan Width": 32, "Group By Key": ["public.lineitem.l_suppkey"], "Plans": [{"Node Type": "Seq Scan", "Parent Relationship": "Outer", "Relation Name": "lineitem", "Alias": "lineitem", "Startup Cost": 25.28, "Total Cost": 2315050.5, "Plan Rows": 2266921, "Plan Width": 24, "Filter": "((l_shipdate >= '1997-07-01 00:00:00'::timestamp(0) without time zone) AND (l_shipdate < '1997-10-01 00:00:00'::timestamp without time zone)), (LLVM Optimized)"}]}]}, {"Node Type": "Nested Loop", "Parent Relationship": "Outer", "Join Type": "Inner", "Startup Cost": 2354721.61, "Total Cost": 2383364.06, "Plan Rows": 59380, "Plan Width": 83, "Inner Unique": true, "Plans": [{"Node Type": "Aggregate", "Strategy": "Hashed", "Parent Relationship": "Outer", "Startup Cost": 2354721.61, "Total Cost": 2355463.86, "Plan Rows": 59380, "Plan Width": 40, "Group By Key": ["public.lineitem.l_suppkey"], "Filter": "(sum((public.lineitem.l_extendedprice * (1::double precision - public.lineitem.l_discount))) = $0), (LLVM Optimized)", "Plans": [{"Node Type": "Seq Scan", "Parent Relationship": "Outer", "Relation Name": "lineitem", "Alias": "lineitem", "Startup Cost": 25.28, "Total Cost": 2315050.5, "Plan Rows": 2266921, "Plan Width": 24, "Filter": "((l_shipdate >= '1997-07-01 00:00:00'::timestamp(0) without time zone) AND (l_shipdate < '1997-10-01 00:00:00'::timestamp without time zone)), (LLVM Optimized)"}]}, {"Node Type": "Index Scan", "Parent Relationship": "Inner", "Scan Direction": "Forward", "Index Name": "supplier_pkey", "Relation Name": "supplier", "Alias": "supplier", "Startup Cost": 0.0, "Total Cost": 0.45, "Plan Rows": 1, "Plan Width": 75, "Index Cond": "(s_suppkey = public.lineitem.l_suppkey)"}]}]}, "Unique SQL Id": 3712096918, "Planner Runtime": 0}, "explain_analyze_plan": null}, "(16, '57')": {"explain_plan": {"Plan": {"Node Type": "Sort", "Startup Cost": 10368528.3, "Total Cost": 10368676.75, "Plan Rows": 59380, "Plan Width": 83, "Sort Key": ["supplier.s_suppkey"], "Plans": [{"Node Type": "Aggregate", "Strategy": "Plain", "Parent Relationship": "exec_init_plan", "Subplan Name": "InitPlan 1 (returns $0)", "Startup Cost": 5159755.92, "Total Cost": 5159755.93, "Plan Rows": 1, "Plan Width": 16, "Plans": [{"Node Type": "Aggregate", "Strategy": "Hashed", "Parent Relationship": "Outer", "Startup Cost": 5158419.87, "Total Cost": 5159013.67, "Plan Rows": 59380, "Plan Width": 32, "Group By Key": ["public.lineitem.l_suppkey"], "Plans": [{"Node Type": "Index Scan", "Parent Relationship": "Outer", "Scan Direction": "Forward", "Index Name": "idx_lineitem_shipdate", "Relation Name": "lineitem", "Alias": "lineitem", "Startup Cost": 0.0, "Total Cost": 5135750.66, "Plan Rows": 2266921, "Plan Width": 24, "Index Cond": "((l_shipdate >= '1997-07-01 00:00:00'::timestamp(0) without time zone) AND (l_shipdate < '1997-10-01 00:00:00'::timestamp without time zone)), (LLVM Optimized)"}]}]}, {"Node Type": "Nested Loop", "Parent Relationship": "Outer", "Join Type": "Inner", "Startup Cost": 5175421.77, "Total Cost": 5204064.22, "Plan Rows": 59380, "Plan Width": 83, "Inner Unique": true, "Plans": [{"Node Type": "Aggregate", "Strategy": "Hashed", "Parent Relationship": "Outer", "Startup Cost": 5175421.77, "Total Cost": 5176164.02, "Plan Rows": 59380, "Plan Width": 40, "Group By Key": ["public.lineitem.l_suppkey"], "Filter": "(sum((public.lineitem.l_extendedprice * (1::double precision - public.lineitem.l_discount))) = $0), (LLVM Optimized)", "Plans": [{"Node Type": "Index Scan", "Parent Relationship": "Outer", "Scan Direction": "Forward", "Index Name": "idx_lineitem_shipdate", "Relation Name": "lineitem", "Alias": "lineitem", "Startup Cost": 0.0, "Total Cost": 5135750.66, "Plan Rows": 2266921, "Plan Width": 24, "Index Cond": "((l_shipdate >= '1997-07-01 00:00:00'::timestamp(0) without time zone) AND (l_shipdate < '1997-10-01 00:00:00'::timestamp without time zone)), (LLVM Optimized)"}]}, {"Node Type": "Index Scan", "Parent Relationship": "Inner", "Scan Direction": "Forward", "Index Name": "supplier_pkey", "Relation Name": "supplier", "Alias": "supplier", "Startup Cost": 0.0, "Total Cost": 0.45, "Plan Rows": 1, "Plan Width": 75, "Index Cond": "(s_suppkey = public.lineitem.l_suppkey)"}]}]}, "Unique SQL Id": 3712096918, "Planner Runtime": 1}, "explain_analyze_plan": {"Plan": {"Node Type": "Sort", "Startup Cost": 10368528.3, "Total Cost": 10368676.75, "Plan Rows": 59380, "Plan Width": 83, "Actual Startup Time": 15978.075, "Actual Total Time": 15978.076, "Actual Rows": 1, "Actual Loops": 1, "Sort Key": ["supplier.s_suppkey"], "Sort Method": "quicksort", "Sort Space Used": 25, "Sort Space Type": "Memory", "Plans": [{"Node Type": "Aggregate", "Strategy": "Plain", "Parent Relationship": "exec_init_plan", "Subplan Name": "InitPlan 1 (returns $0)", "Startup Cost": 5159755.92, "Total Cost": 5159755.93, "Plan Rows": 1, "Plan Width": 16, "Actual Startup Time": 7901.47, "Actual Total Time": 7901.47, "Actual Rows": 1, "Actual Loops": 1, "Plans": [{"Node Type": "Aggregate", "Strategy": "Hashed", "Parent Relationship": "Outer", "Startup Cost": 5158419.87, "Total Cost": 5159013.67, "Plan Rows": 59380, "Plan Width": 32, "Actual Startup Time": 7852.772, "Actual Total Time": 7886.566, "Actual Rows": 100000, "Actual Loops": 1, "Group By Key": ["public.lineitem.l_suppkey"], "Plans": [{"Node Type": "Index Scan", "Parent Relationship": "Outer", "Scan Direction": "Forward", "Index Name": "idx_lineitem_shipdate", "Relation Name": "lineitem", "Alias": "lineitem", "Startup Cost": 0.0, "Total Cost": 5135750.66, "Plan Rows": 2266921, "Plan Width": 24, "Actual Startup Time": 0.065, "Actual Total Time": 5901.116, "Actual Rows": 2293944, "Actual Loops": 1, "Index Cond": "((l_shipdate >= '1997-07-01 00:00:00'::timestamp(0) without time zone) AND (l_shipdate < '1997-10-01 00:00:00'::timestamp without time zone)), (LLVM Optimized, Jit Execute)", "Rows Removed by Index Recheck": 0}]}]}, {"Node Type": "Nested Loop", "Parent Relationship": "Outer", "Join Type": "Inner", "Startup Cost": 5175421.77, "Total Cost": 5204064.22, "Plan Rows": 59380, "Plan Width": 83, "Actual Startup Time": 15941.949, "Actual Total Time": 15978.05, "Actual Rows": 1, "Actual Loops": 1, "Inner Unique": true, "Plans": [{"Node Type": "Aggregate", "Strategy": "Hashed", "Parent Relationship": "Outer", "Startup Cost": 5175421.77, "Total Cost": 5176164.02, "Plan Rows": 59380, "Plan Width": 40, "Actual Startup Time": 15941.901, "Actual Total Time": 15977.732, "Actual Rows": 1, "Actual Loops": 1, "Group By Key": ["public.lineitem.l_suppkey"], "Filter": "(sum((public.lineitem.l_extendedprice * (1::double precision - public.lineitem.l_discount))) = $0), (LLVM Optimized, Jit Execute)", "Rows Removed by Filter": 99999, "Plans": [{"Node Type": "Index Scan", "Parent Relationship": "Outer", "Scan Direction": "Forward", "Index Name": "idx_lineitem_shipdate", "Relation Name": "lineitem", "Alias": "lineitem", "Startup Cost": 0.0, "Total Cost": 5135750.66, "Plan Rows": 2266921, "Plan Width": 24, "Actual Startup Time": 0.064, "Actual Total Time": 5948.545, "Actual Rows": 2293944, "Actual Loops": 1, "Index Cond": "((l_shipdate >= '1997-07-01 00:00:00'::timestamp(0) without time zone) AND (l_shipdate < '1997-10-01 00:00:00'::timestamp without time zone)), (LLVM Optimized, Jit Execute)", "Rows Removed by Index Recheck": 0}]}, {"Node Type": "Index Scan", "Parent Relationship": "Inner", "Scan Direction": "Forward", "Index Name": "supplier_pkey", "Relation Name": "supplier", "Alias": "supplier", "Startup Cost": 0.0, "Total Cost": 0.45, "Plan Rows": 1, "Plan Width": 75, "Actual Startup Time": 0.032, "Actual Total Time": 0.032, "Actual Rows": 1, "Actual Loops": 1, "Index Cond": "(s_suppkey = public.lineitem.l_suppkey)", "Rows Removed by Index Recheck": 0}]}]}, "Triggers": [], "Planner Runtime": 0.864, "Total Runtime": 15989.295, "Unique SQL Id": 3712096918}}, "(16, '58')": {"explain_plan": {"Plan": {"Node Type": "Sort", "Startup Cost": 93773253.03, "Total Cost": 93773401.48, "Plan Rows": 59380, "Plan Width": 83, "Sort Key": ["supplier.s_suppkey"], "Plans": [{"Node Type": "Aggregate", "Strategy": "Plain", "Parent Relationship": "exec_init_plan", "Subplan Name": "InitPlan 1 (returns $0)", "Startup Cost": 2339055.76, "Total Cost": 2339055.77, "Plan Rows": 1, "Plan Width": 16, "Plans": [{"Node Type": "Aggregate", "Strategy": "Hashed", "Parent Relationship": "Outer", "Startup Cost": 2337719.71, "Total Cost": 2338313.51, "Plan Rows": 59380, "Plan Width": 32, "Group By Key": ["public.lineitem.l_suppkey"], "Plans": [{"Node Type": "Seq Scan", "Parent Relationship": "Outer", "Relation Name": "lineitem", "Alias": "lineitem", "Startup Cost": 25.28, "Total Cost": 2315050.5, "Plan Rows": 2266921, "Plan Width": 24, "Filter": "((l_shipdate >= '1997-07-01 00:00:00'::timestamp(0) without time zone) AND (l_shipdate < '1997-10-01 00:00:00'::timestamp without time zone)), (LLVM Optimized)"}]}]}, {"Node Type": "Nested Loop", "Parent Relationship": "Outer", "Join Type": "Inner", "Startup Cost": 2354721.61, "Total Cost": 91429489.11, "Plan Rows": 59380, "Plan Width": 83, "Inner Unique": true, "Join Filter": "(supplier.s_suppkey = revenue0.supplier_no)", "Plans": [{"Node Type": "Seq Scan", "Parent Relationship": "Outer", "Relation Name": "supplier", "Alias": "supplier", "Startup Cost": 0.0, "Total Cost": 3283.0, "Plan Rows": 100000, "Plan Width": 75}, {"Node Type": "Materialize", "Parent Relationship": "Inner", "Startup Cost": 2354721.61, "Total Cost": 2356354.56, "Plan Rows": 59380, "Plan Width": 16, "Plans": [{"Node Type": "Subquery Scan", "Parent Relationship": "Outer", "Alias": "revenue0", "Startup Cost": 2354721.61, "Total Cost": 2356057.66, "Plan Rows": 59380, "Plan Width": 16, "Plans": [{"Node Type": "Aggregate", "Strategy": "Hashed", "Parent Relationship": "Subquery", "Startup Cost": 2354721.61, "Total Cost": 2355463.86, "Plan Rows": 59380, "Plan Width": 40, "Group By Key": ["public.lineitem.l_suppkey"], "Filter": "(sum((public.lineitem.l_extendedprice * (1::double precision - public.lineitem.l_discount))) = $0), (LLVM Optimized)", "Plans": [{"Node Type": "Seq Scan", "Parent Relationship": "Outer", "Relation Name": "lineitem", "Alias": "lineitem", "Startup Cost": 25.28, "Total Cost": 2315050.5, "Plan Rows": 2266921, "Plan Width": 24, "Filter": "((l_shipdate >= '1997-07-01 00:00:00'::timestamp(0) without time zone) AND (l_shipdate < '1997-10-01 00:00:00'::timestamp without time zone)), (LLVM Optimized)"}]}]}]}]}]}, "Unique SQL Id": 3712096918, "Planner Runtime": 0}, "explain_analyze_plan": null}, "(16, '59')": {"explain_plan": {"Plan": {"Node Type": "Nested Loop", "Join Type": "Inner", "Startup Cost": 2010463073775.39, "Total Cost": 3000552678714.27, "Plan Rows": 59380, "Plan Width": 83, "Inner Unique": true, "Join Filter": "(supplier.s_suppkey = revenue0.supplier_no)", "Plans": [{"Node Type": "Aggregate", "Strategy": "Plain", "Parent Relationship": "exec_init_plan", "Subplan Name": "InitPlan 1 (returns $0)", "Startup Cost": 1000231529054.76, "Total Cost": 1000231529054.77, "Plan Rows": 1, "Plan Width": 16, "Plans": [{"Node Type": "Aggregate", "Strategy": "Hashed", "Parent Relationship": "Outer", "Startup Cost": 1000231527718.71, "Total Cost": 1000231528312.51, "Plan Rows": 59380, "Plan Width": 32, "Group By Key": ["public.lineitem.l_suppkey"], "Plans": [{"Node Type": "Seq Scan", "Parent Relationship": "Outer", "Relation Name": "lineitem", "Alias": "lineitem", "Startup Cost": 10000000025.02, "Total Cost": 1000231505049.5, "Plan Rows": 2266921, "Plan Width": 24, "Filter": "((l_shipdate >= '1997-07-01 00:00:00'::timestamp(0) without time zone) AND (l_shipdate < '1997-10-01 00:00:00'::timestamp without time zone)), (LLVM Optimized)"}]}]}, {"Node Type": "Index Scan", "Parent Relationship": "Outer", "Scan Direction": "Forward", "Index Name": "supplier_pkey", "Relation Name": "supplier", "Alias": "supplier", "Startup Cost": 10000000000.0, "Total Cost": 1000000533454.38, "Plan Rows": 100000, "Plan Width": 75}, {"Node Type": "Materialize", "Parent Relationship": "Inner", "Startup Cost": 1000231544720.62, "Total Cost": 1000231546353.57, "Plan Rows": 59380, "Plan Width": 16, "Plans": [{"Node Type": "Subquery Scan", "Parent Relationship": "Outer", "Alias": "revenue0", "Startup Cost": 1000231544720.62, "Total Cost": 1000231546056.67, "Plan Rows": 59380, "Plan Width": 16, "Plans": [{"Node Type": "Aggregate", "Strategy": "Hashed", "Parent Relationship": "Subquery", "Startup Cost": 1000231544720.62, "Total Cost": 1000231545462.87, "Plan Rows": 59380, "Plan Width": 40, "Group By Key": ["public.lineitem.l_suppkey"], "Filter": "(sum((public.lineitem.l_extendedprice * (1::double precision - public.lineitem.l_discount))) = $0), (LLVM Optimized)", "Plans": [{"Node Type": "Seq Scan", "Parent Relationship": "Outer", "Relation Name": "lineitem", "Alias": "lineitem", "Startup Cost": 10000000025.02, "Total Cost": 1000231505049.5, "Plan Rows": 2266921, "Plan Width": 24, "Filter": "((l_shipdate >= '1997-07-01 00:00:00'::timestamp(0) without time zone) AND (l_shipdate < '1997-10-01 00:00:00'::timestamp without time zone)), (LLVM Optimized)"}]}]}]}]}, "Unique SQL Id": 3712096918, "Planner Runtime": 1}, "explain_analyze_plan": null}, "(16, '60')": {"explain_plan": {"Plan": {"Node Type": "Sort", "Startup Cost": 4727127.98, "Total Cost": 4727276.43, "Plan Rows": 59380, "Plan Width": 83, "Sort Key": ["supplier.s_suppkey"], "Plans": [{"Node Type": "Aggregate", "Strategy": "Plain", "Parent Relationship": "exec_init_plan", "Subplan Name": "InitPlan 1 (returns $0)", "Startup Cost": 2339055.76, "Total Cost": 2339055.77, "Plan Rows": 1, "Plan Width": 16, "Plans": [{"Node Type": "Aggregate", "Strategy": "Hashed", "Parent Relationship": "Outer", "Startup Cost": 2337719.71, "Total Cost": 2338313.51, "Plan Rows": 59380, "Plan Width": 32, "Group By Key": ["public.lineitem.l_suppkey"], "Plans": [{"Node Type": "Seq Scan", "Parent Relationship": "Outer", "Relation Name": "lineitem", "Alias": "lineitem", "Startup Cost": 25.28, "Total Cost": 2315050.5, "Plan Rows": 2266921, "Plan Width": 24, "Filter": "((l_shipdate >= '1997-07-01 00:00:00'::timestamp(0) without time zone) AND (l_shipdate < '1997-10-01 00:00:00'::timestamp without time zone)), (LLVM Optimized)"}]}]}, {"Node Type": "Nested Loop", "Parent Relationship": "Outer", "Join Type": "Inner", "Startup Cost": 2354721.61, "Total Cost": 2383364.06, "Plan Rows": 59380, "Plan Width": 83, "Inner Unique": true, "Plans": [{"Node Type": "Aggregate", "Strategy": "Hashed", "Parent Relationship": "Outer", "Startup Cost": 2354721.61, "Total Cost": 2355463.86, "Plan Rows": 59380, "Plan Width": 40, "Group By Key": ["public.lineitem.l_suppkey"], "Filter": "(sum((public.lineitem.l_extendedprice * (1::double precision - public.lineitem.l_discount))) = $0), (LLVM Optimized)", "Plans": [{"Node Type": "Seq Scan", "Parent Relationship": "Outer", "Relation Name": "lineitem", "Alias": "lineitem", "Startup Cost": 25.28, "Total Cost": 2315050.5, "Plan Rows": 2266921, "Plan Width": 24, "Filter": "((l_shipdate >= '1997-07-01 00:00:00'::timestamp(0) without time zone) AND (l_shipdate < '1997-10-01 00:00:00'::timestamp without time zone)), (LLVM Optimized)"}]}, {"Node Type": "Index Scan", "Parent Relationship": "Inner", "Scan Direction": "Forward", "Index Name": "supplier_pkey", "Relation Name": "supplier", "Alias": "supplier", "Startup Cost": 0.0, "Total Cost": 0.45, "Plan Rows": 1, "Plan Width": 75, "Index Cond": "(s_suppkey = public.lineitem.l_suppkey)"}]}]}, "Unique SQL Id": 3712096918, "Planner Runtime": 0}, "explain_analyze_plan": null}, "(16, '61')": {"explain_plan": {"Plan": {"Node Type": "Sort", "Startup Cost": 10368528.3, "Total Cost": 10368676.75, "Plan Rows": 59380, "Plan Width": 83, "Sort Key": ["supplier.s_suppkey"], "Plans": [{"Node Type": "Aggregate", "Strategy": "Plain", "Parent Relationship": "exec_init_plan", "Subplan Name": "InitPlan 1 (returns $0)", "Startup Cost": 5159755.92, "Total Cost": 5159755.93, "Plan Rows": 1, "Plan Width": 16, "Plans": [{"Node Type": "Aggregate", "Strategy": "Hashed", "Parent Relationship": "Outer", "Startup Cost": 5158419.87, "Total Cost": 5159013.67, "Plan Rows": 59380, "Plan Width": 32, "Group By Key": ["public.lineitem.l_suppkey"], "Plans": [{"Node Type": "Index Scan", "Parent Relationship": "Outer", "Scan Direction": "Forward", "Index Name": "idx_lineitem_shipdate", "Relation Name": "lineitem", "Alias": "lineitem", "Startup Cost": 0.0, "Total Cost": 5135750.66, "Plan Rows": 2266921, "Plan Width": 24, "Index Cond": "((l_shipdate >= '1997-07-01 00:00:00'::timestamp(0) without time zone) AND (l_shipdate < '1997-10-01 00:00:00'::timestamp without time zone)), (LLVM Optimized)"}]}]}, {"Node Type": "Nested Loop", "Parent Relationship": "Outer", "Join Type": "Inner", "Startup Cost": 5175421.77, "Total Cost": 5204064.22, "Plan Rows": 59380, "Plan Width": 83, "Inner Unique": true, "Plans": [{"Node Type": "Aggregate", "Strategy": "Hashed", "Parent Relationship": "Outer", "Startup Cost": 5175421.77, "Total Cost": 5176164.02, "Plan Rows": 59380, "Plan Width": 40, "Group By Key": ["public.lineitem.l_suppkey"], "Filter": "(sum((public.lineitem.l_extendedprice * (1::double precision - public.lineitem.l_discount))) = $0), (LLVM Optimized)", "Plans": [{"Node Type": "Index Scan", "Parent Relationship": "Outer", "Scan Direction": "Forward", "Index Name": "idx_lineitem_shipdate", "Relation Name": "lineitem", "Alias": "lineitem", "Startup Cost": 0.0, "Total Cost": 5135750.66, "Plan Rows": 2266921, "Plan Width": 24, "Index Cond": "((l_shipdate >= '1997-07-01 00:00:00'::timestamp(0) without time zone) AND (l_shipdate < '1997-10-01 00:00:00'::timestamp without time zone)), (LLVM Optimized)"}]}, {"Node Type": "Index Scan", "Parent Relationship": "Inner", "Scan Direction": "Forward", "Index Name": "supplier_pkey", "Relation Name": "supplier", "Alias": "supplier", "Startup Cost": 0.0, "Total Cost": 0.45, "Plan Rows": 1, "Plan Width": 75, "Index Cond": "(s_suppkey = public.lineitem.l_suppkey)"}]}]}, "Unique SQL Id": 3712096918, "Planner Runtime": 0}, "explain_analyze_plan": {"Plan": {"Node Type": "Sort", "Startup Cost": 10368528.3, "Total Cost": 10368676.75, "Plan Rows": 59380, "Plan Width": 83, "Actual Startup Time": 15978.075, "Actual Total Time": 15978.076, "Actual Rows": 1, "Actual Loops": 1, "Sort Key": ["supplier.s_suppkey"], "Sort Method": "quicksort", "Sort Space Used": 25, "Sort Space Type": "Memory", "Plans": [{"Node Type": "Aggregate", "Strategy": "Plain", "Parent Relationship": "exec_init_plan", "Subplan Name": "InitPlan 1 (returns $0)", "Startup Cost": 5159755.92, "Total Cost": 5159755.93, "Plan Rows": 1, "Plan Width": 16, "Actual Startup Time": 7901.47, "Actual Total Time": 7901.47, "Actual Rows": 1, "Actual Loops": 1, "Plans": [{"Node Type": "Aggregate", "Strategy": "Hashed", "Parent Relationship": "Outer", "Startup Cost": 5158419.87, "Total Cost": 5159013.67, "Plan Rows": 59380, "Plan Width": 32, "Actual Startup Time": 7852.772, "Actual Total Time": 7886.566, "Actual Rows": 100000, "Actual Loops": 1, "Group By Key": ["public.lineitem.l_suppkey"], "Plans": [{"Node Type": "Index Scan", "Parent Relationship": "Outer", "Scan Direction": "Forward", "Index Name": "idx_lineitem_shipdate", "Relation Name": "lineitem", "Alias": "lineitem", "Startup Cost": 0.0, "Total Cost": 5135750.66, "Plan Rows": 2266921, "Plan Width": 24, "Actual Startup Time": 0.065, "Actual Total Time": 5901.116, "Actual Rows": 2293944, "Actual Loops": 1, "Index Cond": "((l_shipdate >= '1997-07-01 00:00:00'::timestamp(0) without time zone) AND (l_shipdate < '1997-10-01 00:00:00'::timestamp without time zone)), (LLVM Optimized, Jit Execute)", "Rows Removed by Index Recheck": 0}]}]}, {"Node Type": "Nested Loop", "Parent Relationship": "Outer", "Join Type": "Inner", "Startup Cost": 5175421.77, "Total Cost": 5204064.22, "Plan Rows": 59380, "Plan Width": 83, "Actual Startup Time": 15941.949, "Actual Total Time": 15978.05, "Actual Rows": 1, "Actual Loops": 1, "Inner Unique": true, "Plans": [{"Node Type": "Aggregate", "Strategy": "Hashed", "Parent Relationship": "Outer", "Startup Cost": 5175421.77, "Total Cost": 5176164.02, "Plan Rows": 59380, "Plan Width": 40, "Actual Startup Time": 15941.901, "Actual Total Time": 15977.732, "Actual Rows": 1, "Actual Loops": 1, "Group By Key": ["public.lineitem.l_suppkey"], "Filter": "(sum((public.lineitem.l_extendedprice * (1::double precision - public.lineitem.l_discount))) = $0), (LLVM Optimized, Jit Execute)", "Rows Removed by Filter": 99999, "Plans": [{"Node Type": "Index Scan", "Parent Relationship": "Outer", "Scan Direction": "Forward", "Index Name": "idx_lineitem_shipdate", "Relation Name": "lineitem", "Alias": "lineitem", "Startup Cost": 0.0, "Total Cost": 5135750.66, "Plan Rows": 2266921, "Plan Width": 24, "Actual Startup Time": 0.064, "Actual Total Time": 5948.545, "Actual Rows": 2293944, "Actual Loops": 1, "Index Cond": "((l_shipdate >= '1997-07-01 00:00:00'::timestamp(0) without time zone) AND (l_shipdate < '1997-10-01 00:00:00'::timestamp without time zone)), (LLVM Optimized, Jit Execute)", "Rows Removed by Index Recheck": 0}]}, {"Node Type": "Index Scan", "Parent Relationship": "Inner", "Scan Direction": "Forward", "Index Name": "supplier_pkey", "Relation Name": "supplier", "Alias": "supplier", "Startup Cost": 0.0, "Total Cost": 0.45, "Plan Rows": 1, "Plan Width": 75, "Actual Startup Time": 0.032, "Actual Total Time": 0.032, "Actual Rows": 1, "Actual Loops": 1, "Index Cond": "(s_suppkey = public.lineitem.l_suppkey)", "Rows Removed by Index Recheck": 0}]}]}, "Triggers": [], "Planner Runtime": 0.864, "Total Runtime": 15989.295, "Unique SQL Id": 3712096918}}, "(16, '62')": {"explain_plan": {"Plan": {"Node Type": "Sort", "Startup Cost": 93773253.03, "Total Cost": 93773401.48, "Plan Rows": 59380, "Plan Width": 83, "Sort Key": ["supplier.s_suppkey"], "Plans": [{"Node Type": "Aggregate", "Strategy": "Plain", "Parent Relationship": "exec_init_plan", "Subplan Name": "InitPlan 1 (returns $0)", "Startup Cost": 2339055.76, "Total Cost": 2339055.77, "Plan Rows": 1, "Plan Width": 16, "Plans": [{"Node Type": "Aggregate", "Strategy": "Hashed", "Parent Relationship": "Outer", "Startup Cost": 2337719.71, "Total Cost": 2338313.51, "Plan Rows": 59380, "Plan Width": 32, "Group By Key": ["public.lineitem.l_suppkey"], "Plans": [{"Node Type": "Seq Scan", "Parent Relationship": "Outer", "Relation Name": "lineitem", "Alias": "lineitem", "Startup Cost": 25.28, "Total Cost": 2315050.5, "Plan Rows": 2266921, "Plan Width": 24, "Filter": "((l_shipdate >= '1997-07-01 00:00:00'::timestamp(0) without time zone) AND (l_shipdate < '1997-10-01 00:00:00'::timestamp without time zone)), (LLVM Optimized)"}]}]}, {"Node Type": "Nested Loop", "Parent Relationship": "Outer", "Join Type": "Inner", "Startup Cost": 2354721.61, "Total Cost": 91429489.11, "Plan Rows": 59380, "Plan Width": 83, "Inner Unique": true, "Join Filter": "(supplier.s_suppkey = revenue0.supplier_no)", "Plans": [{"Node Type": "Seq Scan", "Parent Relationship": "Outer", "Relation Name": "supplier", "Alias": "supplier", "Startup Cost": 0.0, "Total Cost": 3283.0, "Plan Rows": 100000, "Plan Width": 75}, {"Node Type": "Materialize", "Parent Relationship": "Inner", "Startup Cost": 2354721.61, "Total Cost": 2356354.56, "Plan Rows": 59380, "Plan Width": 16, "Plans": [{"Node Type": "Subquery Scan", "Parent Relationship": "Outer", "Alias": "revenue0", "Startup Cost": 2354721.61, "Total Cost": 2356057.66, "Plan Rows": 59380, "Plan Width": 16, "Plans": [{"Node Type": "Aggregate", "Strategy": "Hashed", "Parent Relationship": "Subquery", "Startup Cost": 2354721.61, "Total Cost": 2355463.86, "Plan Rows": 59380, "Plan Width": 40, "Group By Key": ["public.lineitem.l_suppkey"], "Filter": "(sum((public.lineitem.l_extendedprice * (1::double precision - public.lineitem.l_discount))) = $0), (LLVM Optimized)", "Plans": [{"Node Type": "Seq Scan", "Parent Relationship": "Outer", "Relation Name": "lineitem", "Alias": "lineitem", "Startup Cost": 25.28, "Total Cost": 2315050.5, "Plan Rows": 2266921, "Plan Width": 24, "Filter": "((l_shipdate >= '1997-07-01 00:00:00'::timestamp(0) without time zone) AND (l_shipdate < '1997-10-01 00:00:00'::timestamp without time zone)), (LLVM Optimized)"}]}]}]}]}]}, "Unique SQL Id": 3712096918, "Planner Runtime": 0}, "explain_analyze_plan": null}, "(16, '63')": {"explain_plan": {"Plan": {"Node Type": "Nested Loop", "Join Type": "Inner", "Startup Cost": 2010463073775.39, "Total Cost": 3000552678714.27, "Plan Rows": 59380, "Plan Width": 83, "Inner Unique": true, "Join Filter": "(supplier.s_suppkey = revenue0.supplier_no)", "Plans": [{"Node Type": "Aggregate", "Strategy": "Plain", "Parent Relationship": "exec_init_plan", "Subplan Name": "InitPlan 1 (returns $0)", "Startup Cost": 1000231529054.76, "Total Cost": 1000231529054.77, "Plan Rows": 1, "Plan Width": 16, "Plans": [{"Node Type": "Aggregate", "Strategy": "Hashed", "Parent Relationship": "Outer", "Startup Cost": 1000231527718.71, "Total Cost": 1000231528312.51, "Plan Rows": 59380, "Plan Width": 32, "Group By Key": ["public.lineitem.l_suppkey"], "Plans": [{"Node Type": "Seq Scan", "Parent Relationship": "Outer", "Relation Name": "lineitem", "Alias": "lineitem", "Startup Cost": 10000000025.02, "Total Cost": 1000231505049.5, "Plan Rows": 2266921, "Plan Width": 24, "Filter": "((l_shipdate >= '1997-07-01 00:00:00'::timestamp(0) without time zone) AND (l_shipdate < '1997-10-01 00:00:00'::timestamp without time zone)), (LLVM Optimized)"}]}]}, {"Node Type": "Index Scan", "Parent Relationship": "Outer", "Scan Direction": "Forward", "Index Name": "supplier_pkey", "Relation Name": "supplier", "Alias": "supplier", "Startup Cost": 10000000000.0, "Total Cost": 1000000533454.38, "Plan Rows": 100000, "Plan Width": 75}, {"Node Type": "Materialize", "Parent Relationship": "Inner", "Startup Cost": 1000231544720.62, "Total Cost": 1000231546353.57, "Plan Rows": 59380, "Plan Width": 16, "Plans": [{"Node Type": "Subquery Scan", "Parent Relationship": "Outer", "Alias": "revenue0", "Startup Cost": 1000231544720.62, "Total Cost": 1000231546056.67, "Plan Rows": 59380, "Plan Width": 16, "Plans": [{"Node Type": "Aggregate", "Strategy": "Hashed", "Parent Relationship": "Subquery", "Startup Cost": 1000231544720.62, "Total Cost": 1000231545462.87, "Plan Rows": 59380, "Plan Width": 40, "Group By Key": ["public.lineitem.l_suppkey"], "Filter": "(sum((public.lineitem.l_extendedprice * (1::double precision - public.lineitem.l_discount))) = $0), (LLVM Optimized)", "Plans": [{"Node Type": "Seq Scan", "Parent Relationship": "Outer", "Relation Name": "lineitem", "Alias": "lineitem", "Startup Cost": 10000000025.02, "Total Cost": 1000231505049.5, "Plan Rows": 2266921, "Plan Width": 24, "Filter": "((l_shipdate >= '1997-07-01 00:00:00'::timestamp(0) without time zone) AND (l_shipdate < '1997-10-01 00:00:00'::timestamp without time zone)), (LLVM Optimized)"}]}]}]}]}, "Unique SQL Id": 3712096918, "Planner Runtime": 0}, "explain_analyze_plan": null}, "(16, '64')": {"explain_plan": {"Plan": {"Node Type": "Merge Join", "Join Type": "Inner", "Startup Cost": 3242103.77, "Total Cost": 3248579.02, "Plan Rows": 59380, "Plan Width": 83, "Inner Unique": true, "Merge Cond": "(supplier.s_suppkey = revenue0.supplier_no)", "Plans": [{"Node Type": "Aggregate", "Strategy": "Plain", "Parent Relationship": "exec_init_plan", "Subplan Name": "InitPlan 1 (returns $0)", "Startup Cost": 1610196.85, "Total Cost": 1610196.86, "Plan Rows": 1, "Plan Width": 16, "Plans": [{"Node Type": "Aggregate", "Strategy": "Hashed", "Parent Relationship": "Outer", "Startup Cost": 1608860.8, "Total Cost": 1609454.6, "Plan Rows": 59380, "Plan Width": 32, "Group By Key": ["public.lineitem.l_suppkey"], "Plans": [{"Node Type": "Bitmap Heap Scan", "Parent Relationship": "Outer", "Relation Name": "lineitem", "Alias": "lineitem", "Startup Cost": 78544.19, "Total Cost": 1586191.59, "Plan Rows": 2266921, "Plan Width": 24, "Recheck Cond": "((l_shipdate >= '1997-07-01 00:00:00'::timestamp(0) without time zone) AND (l_shipdate < '1997-10-01 00:00:00'::timestamp without time zone)), (LLVM Optimized)", "Plans": [{"Node Type": "Bitmap Index Scan", "Parent Relationship": "Outer", "Index Name": "idx_lineitem_shipdate", "Startup Cost": 0.0, "Total Cost": 77977.46, "Plan Rows": 2266921, "Plan Width": 0, "Index Cond": "((l_shipdate >= '1997-07-01 00:00:00'::timestamp(0) without time zone) AND (l_shipdate < '1997-10-01 00:00:00'::timestamp without time zone))"}]}]}]}, {"Node Type": "Index Scan", "Parent Relationship": "Outer", "Scan Direction": "Forward", "Index Name": "supplier_pkey", "Relation Name": "supplier", "Alias": "supplier", "Startup Cost": 0.0, "Total Cost": 5334.54, "Plan Rows": 100000, "Plan Width": 75}, {"Node Type": "Sort", "Parent Relationship": "Inner", "Startup Cost": 1631906.91, "Total Cost": 1632055.36, "Plan Rows": 59380, "Plan Width": 16, "Sort Key": ["revenue0.supplier_no"], "Plans": [{"Node Type": "Subquery Scan", "Parent Relationship": "Outer", "Alias": "revenue0", "Startup Cost": 1625862.71, "Total Cost": 1627198.76, "Plan Rows": 59380, "Plan Width": 16, "Plans": [{"Node Type": "Aggregate", "Strategy": "Hashed", "Parent Relationship": "Subquery", "Startup Cost": 1625862.71, "Total Cost": 1626604.96, "Plan Rows": 59380, "Plan Width": 40, "Group By Key": ["public.lineitem.l_suppkey"], "Filter": "(sum((public.lineitem.l_extendedprice * (1::double precision - public.lineitem.l_discount))) = $0), (LLVM Optimized)", "Plans": [{"Node Type": "Bitmap Heap Scan", "Parent Relationship": "Outer", "Relation Name": "lineitem", "Alias": "lineitem", "Startup Cost": 78544.19, "Total Cost": 1586191.59, "Plan Rows": 2266921, "Plan Width": 24, "Recheck Cond": "((l_shipdate >= '1997-07-01 00:00:00'::timestamp(0) without time zone) AND (l_shipdate < '1997-10-01 00:00:00'::timestamp without time zone)), (LLVM Optimized)", "Plans": [{"Node Type": "Bitmap Index Scan", "Parent Relationship": "Outer", "Index Name": "idx_lineitem_shipdate", "Startup Cost": 0.0, "Total Cost": 77977.46, "Plan Rows": 2266921, "Plan Width": 0, "Index Cond": "((l_shipdate >= '1997-07-01 00:00:00'::timestamp(0) without time zone) AND (l_shipdate < '1997-10-01 00:00:00'::timestamp without time zone))"}]}]}]}]}]}, "Unique SQL Id": 3712096918, "Planner Runtime": 0}, "explain_analyze_plan": {"Plan": {"Node Type": "Merge Join", "Join Type": "Inner", "Startup Cost": 3242103.77, "Total Cost": 3248579.02, "Plan Rows": 59380, "Plan Width": 83, "Actual Startup Time": 11118.228, "Actual Total Time": 11118.237, "Actual Rows": 1, "Actual Loops": 1, "Inner Unique": true, "Merge Cond": "(supplier.s_suppkey = revenue0.supplier_no)", "Plans": [{"Node Type": "Aggregate", "Strategy": "Plain", "Parent Relationship": "exec_init_plan", "Subplan Name": "InitPlan 1 (returns $0)", "Startup Cost": 1610196.85, "Total Cost": 1610196.86, "Plan Rows": 1, "Plan Width": 16, "Actual Startup Time": 5738.869, "Actual Total Time": 5738.869, "Actual Rows": 1, "Actual Loops": 1, "Plans": [{"Node Type": "Aggregate", "Strategy": "Hashed", "Parent Relationship": "Outer", "Startup Cost": 1608860.8, "Total Cost": 1609454.6, "Plan Rows": 59380, "Plan Width": 32, "Actual Startup Time": 5688.243, "Actual Total Time": 5723.985, "Actual Rows": 100000, "Actual Loops": 1, "Group By Key": ["public.lineitem.l_suppkey"], "Plans": [{"Node Type": "Bitmap Heap Scan", "Parent Relationship": "Outer", "Relation Name": "lineitem", "Alias": "lineitem", "Startup Cost": 78544.19, "Total Cost": 1586191.59, "Plan Rows": 2266921, "Plan Width": 24, "Actual Startup Time": 1223.117, "Actual Total Time": 4086.228, "Actual Rows": 2293944, "Actual Loops": 1, "Recheck Cond": "((l_shipdate >= '1997-07-01 00:00:00'::timestamp(0) without time zone) AND (l_shipdate < '1997-10-01 00:00:00'::timestamp without time zone)), (LLVM Optimized, Jit Execute)", "Rows Removed by Index Recheck": 0, "Exact Heap Blocks": 732487, "Lossy Heap Blocks": 732487, "Plans": [{"Node Type": "Bitmap Index Scan", "Parent Relationship": "Outer", "Index Name": "idx_lineitem_shipdate", "Startup Cost": 0.0, "Total Cost": 77977.46, "Plan Rows": 2266921, "Plan Width": 0, "Actual Startup Time": 892.359, "Actual Total Time": 892.359, "Actual Rows": 2293944, "Actual Loops": 1, "Index Cond": "((l_shipdate >= '1997-07-01 00:00:00'::timestamp(0) without time zone) AND (l_shipdate < '1997-10-01 00:00:00'::timestamp without time zone))"}]}]}]}, {"Node Type": "Index Scan", "Parent Relationship": "Outer", "Scan Direction": "Forward", "Index Name": "supplier_pkey", "Relation Name": "supplier", "Alias": "supplier", "Startup Cost": 0.0, "Total Cost": 5334.54, "Plan Rows": 100000, "Plan Width": 75, "Actual Startup Time": 0.04, "Actual Total Time": 22.499, "Actual Rows": 35977, "Actual Loops": 1}, {"Node Type": "Sort", "Parent Relationship": "Inner", "Startup Cost": 1631906.91, "Total Cost": 1632055.36, "Plan Rows": 59380, "Plan Width": 16, "Actual Startup Time": 11090.65, "Actual Total Time": 11090.651, "Actual Rows": 1, "Actual Loops": 1, "Sort Key": ["revenue0.supplier_no"], "Sort Method": "quicksort", "Sort Space Used": 25, "Sort Space Type": "Memory", "Plans": [{"Node Type": "Subquery Scan", "Parent Relationship": "Outer", "Alias": "revenue0", "Startup Cost": 1625862.71, "Total Cost": 1627198.76, "Plan Rows": 59380, "Plan Width": 16, "Actual Startup Time": 11071.098, "Actual Total Time": 11090.42, "Actual Rows": 1, "Actual Loops": 1, "Plans": [{"Node Type": "Aggregate", "Strategy": "Hashed", "Parent Relationship": "Subquery", "Startup Cost": 1625862.71, "Total Cost": 1626604.96, "Plan Rows": 59380, "Plan Width": 40, "Actual Startup Time": 11071.095, "Actual Total Time": 11090.414, "Actual Rows": 1, "Actual Loops": 1, "Group By Key": ["public.lineitem.l_suppkey"], "Filter": "(sum((public.lineitem.l_extendedprice * (1::double precision - public.lineitem.l_discount))) = $0), (LLVM Optimized, Jit Execute)", "Rows Removed by Filter": 99999, "Plans": [{"Node Type": "Bitmap Heap Scan", "Parent Relationship": "Outer", "Relation Name": "lineitem", "Alias": "lineitem", "Startup Cost": 78544.19, "Total Cost": 1586191.59, "Plan Rows": 2266921, "Plan Width": 24, "Actual Startup Time": 1031.52, "Actual Total Time": 3790.349, "Actual Rows": 2293944, "Actual Loops": 1, "Recheck Cond": "((l_shipdate >= '1997-07-01 00:00:00'::timestamp(0) without time zone) AND (l_shipdate < '1997-10-01 00:00:00'::timestamp without time zone)), (LLVM Optimized, Jit Execute)", "Rows Removed by Index Recheck": 0, "Exact Heap Blocks": 732487, "Lossy Heap Blocks": 732487, "Plans": [{"Node Type": "Bitmap Index Scan", "Parent Relationship": "Outer", "Index Name": "idx_lineitem_shipdate", "Startup Cost": 0.0, "Total Cost": 77977.46, "Plan Rows": 2266921, "Plan Width": 0, "Actual Startup Time": 742.846, "Actual Total Time": 742.846, "Actual Rows": 2293944, "Actual Loops": 1, "Index Cond": "((l_shipdate >= '1997-07-01 00:00:00'::timestamp(0) without time zone) AND (l_shipdate < '1997-10-01 00:00:00'::timestamp without time zone))"}]}]}]}]}]}, "Triggers": [], "Planner Runtime": 0.881, "Total Runtime": 11131.308, "Unique SQL Id": 3712096918}}, "(16, '65')": {"explain_plan": {"Plan": {"Node Type": "Merge Join", "Join Type": "Inner", "Startup Cost": 3242103.77, "Total Cost": 3248579.02, "Plan Rows": 59380, "Plan Width": 83, "Inner Unique": true, "Merge Cond": "(supplier.s_suppkey = revenue0.supplier_no)", "Plans": [{"Node Type": "Aggregate", "Strategy": "Plain", "Parent Relationship": "exec_init_plan", "Subplan Name": "InitPlan 1 (returns $0)", "Startup Cost": 1610196.85, "Total Cost": 1610196.86, "Plan Rows": 1, "Plan Width": 16, "Plans": [{"Node Type": "Aggregate", "Strategy": "Hashed", "Parent Relationship": "Outer", "Startup Cost": 1608860.8, "Total Cost": 1609454.6, "Plan Rows": 59380, "Plan Width": 32, "Group By Key": ["public.lineitem.l_suppkey"], "Plans": [{"Node Type": "Bitmap Heap Scan", "Parent Relationship": "Outer", "Relation Name": "lineitem", "Alias": "lineitem", "Startup Cost": 78544.19, "Total Cost": 1586191.59, "Plan Rows": 2266921, "Plan Width": 24, "Recheck Cond": "((l_shipdate >= '1997-07-01 00:00:00'::timestamp(0) without time zone) AND (l_shipdate < '1997-10-01 00:00:00'::timestamp without time zone)), (LLVM Optimized)", "Plans": [{"Node Type": "Bitmap Index Scan", "Parent Relationship": "Outer", "Index Name": "idx_lineitem_shipdate", "Startup Cost": 0.0, "Total Cost": 77977.46, "Plan Rows": 2266921, "Plan Width": 0, "Index Cond": "((l_shipdate >= '1997-07-01 00:00:00'::timestamp(0) without time zone) AND (l_shipdate < '1997-10-01 00:00:00'::timestamp without time zone))"}]}]}]}, {"Node Type": "Index Scan", "Parent Relationship": "Outer", "Scan Direction": "Forward", "Index Name": "supplier_pkey", "Relation Name": "supplier", "Alias": "supplier", "Startup Cost": 0.0, "Total Cost": 5334.54, "Plan Rows": 100000, "Plan Width": 75}, {"Node Type": "Sort", "Parent Relationship": "Inner", "Startup Cost": 1631906.91, "Total Cost": 1632055.36, "Plan Rows": 59380, "Plan Width": 16, "Sort Key": ["revenue0.supplier_no"], "Plans": [{"Node Type": "Subquery Scan", "Parent Relationship": "Outer", "Alias": "revenue0", "Startup Cost": 1625862.71, "Total Cost": 1627198.76, "Plan Rows": 59380, "Plan Width": 16, "Plans": [{"Node Type": "Aggregate", "Strategy": "Hashed", "Parent Relationship": "Subquery", "Startup Cost": 1625862.71, "Total Cost": 1626604.96, "Plan Rows": 59380, "Plan Width": 40, "Group By Key": ["public.lineitem.l_suppkey"], "Filter": "(sum((public.lineitem.l_extendedprice * (1::double precision - public.lineitem.l_discount))) = $0), (LLVM Optimized)", "Plans": [{"Node Type": "Bitmap Heap Scan", "Parent Relationship": "Outer", "Relation Name": "lineitem", "Alias": "lineitem", "Startup Cost": 78544.19, "Total Cost": 1586191.59, "Plan Rows": 2266921, "Plan Width": 24, "Recheck Cond": "((l_shipdate >= '1997-07-01 00:00:00'::timestamp(0) without time zone) AND (l_shipdate < '1997-10-01 00:00:00'::timestamp without time zone)), (LLVM Optimized)", "Plans": [{"Node Type": "Bitmap Index Scan", "Parent Relationship": "Outer", "Index Name": "idx_lineitem_shipdate", "Startup Cost": 0.0, "Total Cost": 77977.46, "Plan Rows": 2266921, "Plan Width": 0, "Index Cond": "((l_shipdate >= '1997-07-01 00:00:00'::timestamp(0) without time zone) AND (l_shipdate < '1997-10-01 00:00:00'::timestamp without time zone))"}]}]}]}]}]}, "Unique SQL Id": 3712096918, "Planner Runtime": 0}, "explain_analyze_plan": {"Plan": {"Node Type": "Merge Join", "Join Type": "Inner", "Startup Cost": 3242103.77, "Total Cost": 3248579.02, "Plan Rows": 59380, "Plan Width": 83, "Actual Startup Time": 11118.228, "Actual Total Time": 11118.237, "Actual Rows": 1, "Actual Loops": 1, "Inner Unique": true, "Merge Cond": "(supplier.s_suppkey = revenue0.supplier_no)", "Plans": [{"Node Type": "Aggregate", "Strategy": "Plain", "Parent Relationship": "exec_init_plan", "Subplan Name": "InitPlan 1 (returns $0)", "Startup Cost": 1610196.85, "Total Cost": 1610196.86, "Plan Rows": 1, "Plan Width": 16, "Actual Startup Time": 5738.869, "Actual Total Time": 5738.869, "Actual Rows": 1, "Actual Loops": 1, "Plans": [{"Node Type": "Aggregate", "Strategy": "Hashed", "Parent Relationship": "Outer", "Startup Cost": 1608860.8, "Total Cost": 1609454.6, "Plan Rows": 59380, "Plan Width": 32, "Actual Startup Time": 5688.243, "Actual Total Time": 5723.985, "Actual Rows": 100000, "Actual Loops": 1, "Group By Key": ["public.lineitem.l_suppkey"], "Plans": [{"Node Type": "Bitmap Heap Scan", "Parent Relationship": "Outer", "Relation Name": "lineitem", "Alias": "lineitem", "Startup Cost": 78544.19, "Total Cost": 1586191.59, "Plan Rows": 2266921, "Plan Width": 24, "Actual Startup Time": 1223.117, "Actual Total Time": 4086.228, "Actual Rows": 2293944, "Actual Loops": 1, "Recheck Cond": "((l_shipdate >= '1997-07-01 00:00:00'::timestamp(0) without time zone) AND (l_shipdate < '1997-10-01 00:00:00'::timestamp without time zone)), (LLVM Optimized, Jit Execute)", "Rows Removed by Index Recheck": 0, "Exact Heap Blocks": 732487, "Lossy Heap Blocks": 732487, "Plans": [{"Node Type": "Bitmap Index Scan", "Parent Relationship": "Outer", "Index Name": "idx_lineitem_shipdate", "Startup Cost": 0.0, "Total Cost": 77977.46, "Plan Rows": 2266921, "Plan Width": 0, "Actual Startup Time": 892.359, "Actual Total Time": 892.359, "Actual Rows": 2293944, "Actual Loops": 1, "Index Cond": "((l_shipdate >= '1997-07-01 00:00:00'::timestamp(0) without time zone) AND (l_shipdate < '1997-10-01 00:00:00'::timestamp without time zone))"}]}]}]}, {"Node Type": "Index Scan", "Parent Relationship": "Outer", "Scan Direction": "Forward", "Index Name": "supplier_pkey", "Relation Name": "supplier", "Alias": "supplier", "Startup Cost": 0.0, "Total Cost": 5334.54, "Plan Rows": 100000, "Plan Width": 75, "Actual Startup Time": 0.04, "Actual Total Time": 22.499, "Actual Rows": 35977, "Actual Loops": 1}, {"Node Type": "Sort", "Parent Relationship": "Inner", "Startup Cost": 1631906.91, "Total Cost": 1632055.36, "Plan Rows": 59380, "Plan Width": 16, "Actual Startup Time": 11090.65, "Actual Total Time": 11090.651, "Actual Rows": 1, "Actual Loops": 1, "Sort Key": ["revenue0.supplier_no"], "Sort Method": "quicksort", "Sort Space Used": 25, "Sort Space Type": "Memory", "Plans": [{"Node Type": "Subquery Scan", "Parent Relationship": "Outer", "Alias": "revenue0", "Startup Cost": 1625862.71, "Total Cost": 1627198.76, "Plan Rows": 59380, "Plan Width": 16, "Actual Startup Time": 11071.098, "Actual Total Time": 11090.42, "Actual Rows": 1, "Actual Loops": 1, "Plans": [{"Node Type": "Aggregate", "Strategy": "Hashed", "Parent Relationship": "Subquery", "Startup Cost": 1625862.71, "Total Cost": 1626604.96, "Plan Rows": 59380, "Plan Width": 40, "Actual Startup Time": 11071.095, "Actual Total Time": 11090.414, "Actual Rows": 1, "Actual Loops": 1, "Group By Key": ["public.lineitem.l_suppkey"], "Filter": "(sum((public.lineitem.l_extendedprice * (1::double precision - public.lineitem.l_discount))) = $0), (LLVM Optimized, Jit Execute)", "Rows Removed by Filter": 99999, "Plans": [{"Node Type": "Bitmap Heap Scan", "Parent Relationship": "Outer", "Relation Name": "lineitem", "Alias": "lineitem", "Startup Cost": 78544.19, "Total Cost": 1586191.59, "Plan Rows": 2266921, "Plan Width": 24, "Actual Startup Time": 1031.52, "Actual Total Time": 3790.349, "Actual Rows": 2293944, "Actual Loops": 1, "Recheck Cond": "((l_shipdate >= '1997-07-01 00:00:00'::timestamp(0) without time zone) AND (l_shipdate < '1997-10-01 00:00:00'::timestamp without time zone)), (LLVM Optimized, Jit Execute)", "Rows Removed by Index Recheck": 0, "Exact Heap Blocks": 732487, "Lossy Heap Blocks": 732487, "Plans": [{"Node Type": "Bitmap Index Scan", "Parent Relationship": "Outer", "Index Name": "idx_lineitem_shipdate", "Startup Cost": 0.0, "Total Cost": 77977.46, "Plan Rows": 2266921, "Plan Width": 0, "Actual Startup Time": 742.846, "Actual Total Time": 742.846, "Actual Rows": 2293944, "Actual Loops": 1, "Index Cond": "((l_shipdate >= '1997-07-01 00:00:00'::timestamp(0) without time zone) AND (l_shipdate < '1997-10-01 00:00:00'::timestamp without time zone))"}]}]}]}]}]}, "Triggers": [], "Planner Runtime": 0.881, "Total Runtime": 11131.308, "Unique SQL Id": 3712096918}}, "(16, '66')": {"explain_plan": {"Plan": {"Node Type": "Merge Join", "Join Type": "Inner", "Startup Cost": 3253691.59, "Total Cost": 3255082.29, "Plan Rows": 59380, "Plan Width": 83, "Inner Unique": true, "Merge Cond": "(supplier.s_suppkey = revenue0.supplier_no)", "Plans": [{"Node Type": "Aggregate", "Strategy": "Plain", "Parent Relationship": "exec_init_plan", "Subplan Name": "InitPlan 1 (returns $0)", "Startup Cost": 1610196.85, "Total Cost": 1610196.86, "Plan Rows": 1, "Plan Width": 16, "Plans": [{"Node Type": "Aggregate", "Strategy": "Hashed", "Parent Relationship": "Outer", "Startup Cost": 1608860.8, "Total Cost": 1609454.6, "Plan Rows": 59380, "Plan Width": 32, "Group By Key": ["public.lineitem.l_suppkey"], "Plans": [{"Node Type": "Bitmap Heap Scan", "Parent Relationship": "Outer", "Relation Name": "lineitem", "Alias": "lineitem", "Startup Cost": 78544.19, "Total Cost": 1586191.59, "Plan Rows": 2266921, "Plan Width": 24, "Recheck Cond": "((l_shipdate >= '1997-07-01 00:00:00'::timestamp(0) without time zone) AND (l_shipdate < '1997-10-01 00:00:00'::timestamp without time zone)), (LLVM Optimized)", "Plans": [{"Node Type": "Bitmap Index Scan", "Parent Relationship": "Outer", "Index Name": "idx_lineitem_shipdate", "Startup Cost": 0.0, "Total Cost": 77977.46, "Plan Rows": 2266921, "Plan Width": 0, "Index Cond": "((l_shipdate >= '1997-07-01 00:00:00'::timestamp(0) without time zone) AND (l_shipdate < '1997-10-01 00:00:00'::timestamp without time zone))"}]}]}]}, {"Node Type": "Sort", "Parent Relationship": "Outer", "Startup Cost": 11587.82, "Total Cost": 11837.82, "Plan Rows": 100000, "Plan Width": 75, "Sort Key": ["supplier.s_suppkey"], "Plans": [{"Node Type": "Seq Scan", "Parent Relationship": "Outer", "Relation Name": "supplier", "Alias": "supplier", "Startup Cost": 0.0, "Total Cost": 3283.0, "Plan Rows": 100000, "Plan Width": 75}]}, {"Node Type": "Sort", "Parent Relationship": "Inner", "Startup Cost": 1631906.91, "Total Cost": 1632055.36, "Plan Rows": 59380, "Plan Width": 16, "Sort Key": ["revenue0.supplier_no"], "Plans": [{"Node Type": "Subquery Scan", "Parent Relationship": "Outer", "Alias": "revenue0", "Startup Cost": 1625862.71, "Total Cost": 1627198.76, "Plan Rows": 59380, "Plan Width": 16, "Plans": [{"Node Type": "Aggregate", "Strategy": "Hashed", "Parent Relationship": "Subquery", "Startup Cost": 1625862.71, "Total Cost": 1626604.96, "Plan Rows": 59380, "Plan Width": 40, "Group By Key": ["public.lineitem.l_suppkey"], "Filter": "(sum((public.lineitem.l_extendedprice * (1::double precision - public.lineitem.l_discount))) = $0), (LLVM Optimized)", "Plans": [{"Node Type": "Bitmap Heap Scan", "Parent Relationship": "Outer", "Relation Name": "lineitem", "Alias": "lineitem", "Startup Cost": 78544.19, "Total Cost": 1586191.59, "Plan Rows": 2266921, "Plan Width": 24, "Recheck Cond": "((l_shipdate >= '1997-07-01 00:00:00'::timestamp(0) without time zone) AND (l_shipdate < '1997-10-01 00:00:00'::timestamp without time zone)), (LLVM Optimized)", "Plans": [{"Node Type": "Bitmap Index Scan", "Parent Relationship": "Outer", "Index Name": "idx_lineitem_shipdate", "Startup Cost": 0.0, "Total Cost": 77977.46, "Plan Rows": 2266921, "Plan Width": 0, "Index Cond": "((l_shipdate >= '1997-07-01 00:00:00'::timestamp(0) without time zone) AND (l_shipdate < '1997-10-01 00:00:00'::timestamp without time zone))"}]}]}]}]}]}, "Unique SQL Id": 3712096918, "Planner Runtime": 0}, "explain_analyze_plan": {"Plan": {"Node Type": "Merge Join", "Join Type": "Inner", "Startup Cost": 3253691.59, "Total Cost": 3255082.29, "Plan Rows": 59380, "Plan Width": 83, "Actual Startup Time": 11244.454, "Actual Total Time": 11244.66, "Actual Rows": 1, "Actual Loops": 1, "Inner Unique": true, "Merge Cond": "(supplier.s_suppkey = revenue0.supplier_no)", "Plans": [{"Node Type": "Aggregate", "Strategy": "Plain", "Parent Relationship": "exec_init_plan", "Subplan Name": "InitPlan 1 (returns $0)", "Startup Cost": 1610196.85, "Total Cost": 1610196.86, "Plan Rows": 1, "Plan Width": 16, "Actual Startup Time": 5540.475, "Actual Total Time": 5540.475, "Actual Rows": 1, "Actual Loops": 1, "Plans": [{"Node Type": "Aggregate", "Strategy": "Hashed", "Parent Relationship": "Outer", "Startup Cost": 1608860.8, "Total Cost": 1609454.6, "Plan Rows": 59380, "Plan Width": 32, "Actual Startup Time": 5487.76, "Actual Total Time": 5525.414, "Actual Rows": 100000, "Actual Loops": 1, "Group By Key": ["public.lineitem.l_suppkey"], "Plans": [{"Node Type": "Bitmap Heap Scan", "Parent Relationship": "Outer", "Relation Name": "lineitem", "Alias": "lineitem", "Startup Cost": 78544.19, "Total Cost": 1586191.59, "Plan Rows": 2266921, "Plan Width": 24, "Actual Startup Time": 1071.158, "Actual Total Time": 3793.282, "Actual Rows": 2293944, "Actual Loops": 1, "Recheck Cond": "((l_shipdate >= '1997-07-01 00:00:00'::timestamp(0) without time zone) AND (l_shipdate < '1997-10-01 00:00:00'::timestamp without time zone)), (LLVM Optimized, Jit Execute)", "Rows Removed by Index Recheck": 0, "Exact Heap Blocks": 732487, "Lossy Heap Blocks": 732487, "Plans": [{"Node Type": "Bitmap Index Scan", "Parent Relationship": "Outer", "Index Name": "idx_lineitem_shipdate", "Startup Cost": 0.0, "Total Cost": 77977.46, "Plan Rows": 2266921, "Plan Width": 0, "Actual Startup Time": 771.958, "Actual Total Time": 771.958, "Actual Rows": 2293944, "Actual Loops": 1, "Index Cond": "((l_shipdate >= '1997-07-01 00:00:00'::timestamp(0) without time zone) AND (l_shipdate < '1997-10-01 00:00:00'::timestamp without time zone))"}]}]}]}, {"Node Type": "Sort", "Parent Relationship": "Outer", "Startup Cost": 11587.82, "Total Cost": 11837.82, "Plan Rows": 100000, "Plan Width": 75, "Actual Startup Time": 71.958, "Actual Total Time": 76.627, "Actual Rows": 35977, "Actual Loops": 1, "Sort Key": ["supplier.s_suppkey"], "Sort Method": "quicksort", "Sort Space Used": 18698, "Sort Space Type": "Memory", "Plans": [{"Node Type": "Seq Scan", "Parent Relationship": "Outer", "Relation Name": "supplier", "Alias": "supplier", "Startup Cost": 0.0, "Total Cost": 3283.0, "Plan Rows": 100000, "Plan Width": 75, "Actual Startup Time": 0.03, "Actual Total Time": 35.522, "Actual Rows": 100000, "Actual Loops": 1}]}, {"Node Type": "Sort", "Parent Relationship": "Inner", "Startup Cost": 1631906.91, "Total Cost": 1632055.36, "Plan Rows": 59380, "Plan Width": 16, "Actual Startup Time": 11162.59, "Actual Total Time": 11162.59, "Actual Rows": 1, "Actual Loops": 1, "Sort Key": ["revenue0.supplier_no"], "Sort Method": "quicksort", "Sort Space Used": 25, "Sort Space Type": "Memory", "Plans": [{"Node Type": "Subquery Scan", "Parent Relationship": "Outer", "Alias": "revenue0", "Startup Cost": 1625862.71, "Total Cost": 1627198.76, "Plan Rows": 59380, "Plan Width": 16, "Actual Startup Time": 11143.388, "Actual Total Time": 11162.34, "Actual Rows": 1, "Actual Loops": 1, "Plans": [{"Node Type": "Aggregate", "Strategy": "Hashed", "Parent Relationship": "Subquery", "Startup Cost": 1625862.71, "Total Cost": 1626604.96, "Plan Rows": 59380, "Plan Width": 40, "Actual Startup Time": 11143.385, "Actual Total Time": 11162.334, "Actual Rows": 1, "Actual Loops": 1, "Group By Key": ["public.lineitem.l_suppkey"], "Filter": "(sum((public.lineitem.l_extendedprice * (1::double precision - public.lineitem.l_discount))) = $0), (LLVM Optimized, Jit Execute)", "Rows Removed by Filter": 99999, "Plans": [{"Node Type": "Bitmap Heap Scan", "Parent Relationship": "Outer", "Relation Name": "lineitem", "Alias": "lineitem", "Startup Cost": 78544.19, "Total Cost": 1586191.59, "Plan Rows": 2266921, "Plan Width": 24, "Actual Startup Time": 1145.015, "Actual Total Time": 3998.398, "Actual Rows": 2293944, "Actual Loops": 1, "Recheck Cond": "((l_shipdate >= '1997-07-01 00:00:00'::timestamp(0) without time zone) AND (l_shipdate < '1997-10-01 00:00:00'::timestamp without time zone)), (LLVM Optimized, Jit Execute)", "Rows Removed by Index Recheck": 0, "Exact Heap Blocks": 732487, "Lossy Heap Blocks": 732487, "Plans": [{"Node Type": "Bitmap Index Scan", "Parent Relationship": "Outer", "Index Name": "idx_lineitem_shipdate", "Startup Cost": 0.0, "Total Cost": 77977.46, "Plan Rows": 2266921, "Plan Width": 0, "Actual Startup Time": 789.761, "Actual Total Time": 789.761, "Actual Rows": 2293944, "Actual Loops": 1, "Index Cond": "((l_shipdate >= '1997-07-01 00:00:00'::timestamp(0) without time zone) AND (l_shipdate < '1997-10-01 00:00:00'::timestamp without time zone))"}]}]}]}]}]}, "Triggers": [], "Planner Runtime": 0.873, "Total Runtime": 11257.671, "Unique SQL Id": 3712096918}}, "(16, '67')": {"explain_plan": {"Plan": {"Node Type": "Sort", "Startup Cost": 3497813.02, "Total Cost": 3497961.47, "Plan Rows": 59380, "Plan Width": 83, "Sort Key": ["supplier.s_suppkey"], "Plans": [{"Node Type": "Aggregate", "Strategy": "Plain", "Parent Relationship": "exec_init_plan", "Subplan Name": "InitPlan 1 (returns $0)", "Startup Cost": 1610196.85, "Total Cost": 1610196.86, "Plan Rows": 1, "Plan Width": 16, "Plans": [{"Node Type": "Aggregate", "Strategy": "Hashed", "Parent Relationship": "Outer", "Startup Cost": 1608860.8, "Total Cost": 1609454.6, "Plan Rows": 59380, "Plan Width": 32, "Group By Key": ["public.lineitem.l_suppkey"], "Plans": [{"Node Type": "Bitmap Heap Scan", "Parent Relationship": "Outer", "Relation Name": "lineitem", "Alias": "lineitem", "Startup Cost": 78544.19, "Total Cost": 1586191.59, "Plan Rows": 2266921, "Plan Width": 24, "Recheck Cond": "((l_shipdate >= '1997-07-01 00:00:00'::timestamp(0) without time zone) AND (l_shipdate < '1997-10-01 00:00:00'::timestamp without time zone)), (LLVM Optimized)", "Plans": [{"Node Type": "Bitmap Index Scan", "Parent Relationship": "Outer", "Index Name": "idx_lineitem_shipdate", "Startup Cost": 0.0, "Total Cost": 77977.46, "Plan Rows": 2266921, "Plan Width": 0, "Index Cond": "((l_shipdate >= '1997-07-01 00:00:00'::timestamp(0) without time zone) AND (l_shipdate < '1997-10-01 00:00:00'::timestamp without time zone))"}]}]}]}, {"Node Type": "Nested Loop", "Parent Relationship": "Outer", "Join Type": "Inner", "Startup Cost": 1625863.0, "Total Cost": 1882908.01, "Plan Rows": 59380, "Plan Width": 83, "Inner Unique": true, "Plans": [{"Node Type": "Aggregate", "Strategy": "Hashed", "Parent Relationship": "Outer", "Startup Cost": 1625862.71, "Total Cost": 1626604.96, "Plan Rows": 59380, "Plan Width": 40, "Group By Key": ["public.lineitem.l_suppkey"], "Filter": "(sum((public.lineitem.l_extendedprice * (1::double precision - public.lineitem.l_discount))) = $0), (LLVM Optimized)", "Plans": [{"Node Type": "Bitmap Heap Scan", "Parent Relationship": "Outer", "Relation Name": "lineitem", "Alias": "lineitem", "Startup Cost": 78544.19, "Total Cost": 1586191.59, "Plan Rows": 2266921, "Plan Width": 24, "Recheck Cond": "((l_shipdate >= '1997-07-01 00:00:00'::timestamp(0) without time zone) AND (l_shipdate < '1997-10-01 00:00:00'::timestamp without time zone)), (LLVM Optimized)", "Plans": [{"Node Type": "Bitmap Index Scan", "Parent Relationship": "Outer", "Index Name": "idx_lineitem_shipdate", "Startup Cost": 0.0, "Total Cost": 77977.46, "Plan Rows": 2266921, "Plan Width": 0, "Index Cond": "((l_shipdate >= '1997-07-01 00:00:00'::timestamp(0) without time zone) AND (l_shipdate < '1997-10-01 00:00:00'::timestamp without time zone))"}]}]}, {"Node Type": "Bitmap Heap Scan", "Parent Relationship": "Inner", "Relation Name": "supplier", "Alias": "supplier", "Startup Cost": 0.28, "Total Cost": 4.3, "Plan Rows": 1, "Plan Width": 75, "Recheck Cond": "(s_suppkey = public.lineitem.l_suppkey)", "Plans": [{"Node Type": "Bitmap Index Scan", "Parent Relationship": "Outer", "Index Name": "supplier_pkey", "Startup Cost": 0.0, "Total Cost": 0.28, "Plan Rows": 1, "Plan Width": 0, "Index Cond": "(s_suppkey = public.lineitem.l_suppkey)"}]}]}]}, "Unique SQL Id": 3712096918, "Planner Runtime": 0}, "explain_analyze_plan": {"Plan": {"Node Type": "Sort", "Startup Cost": 3497813.02, "Total Cost": 3497961.47, "Plan Rows": 59380, "Plan Width": 83, "Actual Startup Time": 11241.876, "Actual Total Time": 11241.876, "Actual Rows": 1, "Actual Loops": 1, "Sort Key": ["supplier.s_suppkey"], "Sort Method": "quicksort", "Sort Space Used": 25, "Sort Space Type": "Memory", "Plans": [{"Node Type": "Aggregate", "Strategy": "Plain", "Parent Relationship": "exec_init_plan", "Subplan Name": "InitPlan 1 (returns $0)", "Startup Cost": 1610196.85, "Total Cost": 1610196.86, "Plan Rows": 1, "Plan Width": 16, "Actual Startup Time": 5464.823, "Actual Total Time": 5464.823, "Actual Rows": 1, "Actual Loops": 1, "Plans": [{"Node Type": "Aggregate", "Strategy": "Hashed", "Parent Relationship": "Outer", "Startup Cost": 1608860.8, "Total Cost": 1609454.6, "Plan Rows": 59380, "Plan Width": 32, "Actual Startup Time": 5414.615, "Actual Total Time": 5449.751, "Actual Rows": 100000, "Actual Loops": 1, "Group By Key": ["public.lineitem.l_suppkey"], "Plans": [{"Node Type": "Bitmap Heap Scan", "Parent Relationship": "Outer", "Relation Name": "lineitem", "Alias": "lineitem", "Startup Cost": 78544.19, "Total Cost": 1586191.59, "Plan Rows": 2266921, "Plan Width": 24, "Actual Startup Time": 1070.692, "Actual Total Time": 3752.897, "Actual Rows": 2293944, "Actual Loops": 1, "Recheck Cond": "((l_shipdate >= '1997-07-01 00:00:00'::timestamp(0) without time zone) AND (l_shipdate < '1997-10-01 00:00:00'::timestamp without time zone)), (LLVM Optimized, Jit Execute)", "Rows Removed by Index Recheck": 0, "Exact Heap Blocks": 732487, "Lossy Heap Blocks": 732487, "Plans": [{"Node Type": "Bitmap Index Scan", "Parent Relationship": "Outer", "Index Name": "idx_lineitem_shipdate", "Startup Cost": 0.0, "Total Cost": 77977.46, "Plan Rows": 2266921, "Plan Width": 0, "Actual Startup Time": 784.899, "Actual Total Time": 784.899, "Actual Rows": 2293944, "Actual Loops": 1, "Index Cond": "((l_shipdate >= '1997-07-01 00:00:00'::timestamp(0) without time zone) AND (l_shipdate < '1997-10-01 00:00:00'::timestamp without time zone))"}]}]}]}, {"Node Type": "Nested Loop", "Parent Relationship": "Outer", "Join Type": "Inner", "Startup Cost": 1625863.0, "Total Cost": 1882908.01, "Plan Rows": 59380, "Plan Width": 83, "Actual Startup Time": 11222.658, "Actual Total Time": 11241.85, "Actual Rows": 1, "Actual Loops": 1, "Inner Unique": true, "Plans": [{"Node Type": "Aggregate", "Strategy": "Hashed", "Parent Relationship": "Outer", "Startup Cost": 1625862.71, "Total Cost": 1626604.96, "Plan Rows": 59380, "Plan Width": 40, "Actual Startup Time": 11222.535, "Actual Total Time": 11241.516, "Actual Rows": 1, "Actual Loops": 1, "Group By Key": ["public.lineitem.l_suppkey"], "Filter": "(sum((public.lineitem.l_extendedprice * (1::double precision - public.lineitem.l_discount))) = $0), (LLVM Optimized, Jit Execute)", "Rows Removed by Filter": 99999, "Plans": [{"Node Type": "Bitmap Heap Scan", "Parent Relationship": "Outer", "Relation Name": "lineitem", "Alias": "lineitem", "Startup Cost": 78544.19, "Total Cost": 1586191.59, "Plan Rows": 2266921, "Plan Width": 24, "Actual Startup Time": 1227.767, "Actual Total Time": 4076.427, "Actual Rows": 2293944, "Actual Loops": 1, "Recheck Cond": "((l_shipdate >= '1997-07-01 00:00:00'::timestamp(0) without time zone) AND (l_shipdate < '1997-10-01 00:00:00'::timestamp without time zone)), (LLVM Optimized, Jit Execute)", "Rows Removed by Index Recheck": 0, "Exact Heap Blocks": 732487, "Lossy Heap Blocks": 732487, "Plans": [{"Node Type": "Bitmap Index Scan", "Parent Relationship": "Outer", "Index Name": "idx_lineitem_shipdate", "Startup Cost": 0.0, "Total Cost": 77977.46, "Plan Rows": 2266921, "Plan Width": 0, "Actual Startup Time": 872.627, "Actual Total Time": 872.627, "Actual Rows": 2293944, "Actual Loops": 1, "Index Cond": "((l_shipdate >= '1997-07-01 00:00:00'::timestamp(0) without time zone) AND (l_shipdate < '1997-10-01 00:00:00'::timestamp without time zone))"}]}]}, {"Node Type": "Bitmap Heap Scan", "Parent Relationship": "Inner", "Relation Name": "supplier", "Alias": "supplier", "Startup Cost": 0.28, "Total Cost": 4.3, "Plan Rows": 1, "Plan Width": 75, "Actual Startup Time": 0.098, "Actual Total Time": 0.098, "Actual Rows": 1, "Actual Loops": 1, "Recheck Cond": "(s_suppkey = public.lineitem.l_suppkey)", "Rows Removed by Index Recheck": 0, "Exact Heap Blocks": 1, "Lossy Heap Blocks": 1, "Plans": [{"Node Type": "Bitmap Index Scan", "Parent Relationship": "Outer", "Index Name": "supplier_pkey", "Startup Cost": 0.0, "Total Cost": 0.28, "Plan Rows": 1, "Plan Width": 0, "Actual Startup Time": 0.039, "Actual Total Time": 0.039, "Actual Rows": 1, "Actual Loops": 1, "Index Cond": "(s_suppkey = public.lineitem.l_suppkey)"}]}]}]}, "Triggers": [], "Planner Runtime": 0.877, "Total Runtime": 11254.72, "Unique SQL Id": 3712096918}}, "(16, '68')": {"explain_plan": {"Plan": {"Node Type": "Merge Join", "Join Type": "Inner", "Startup Cost": 3242103.77, "Total Cost": 3248579.02, "Plan Rows": 59380, "Plan Width": 83, "Inner Unique": true, "Merge Cond": "(supplier.s_suppkey = revenue0.supplier_no)", "Plans": [{"Node Type": "Aggregate", "Strategy": "Plain", "Parent Relationship": "exec_init_plan", "Subplan Name": "InitPlan 1 (returns $0)", "Startup Cost": 1610196.85, "Total Cost": 1610196.86, "Plan Rows": 1, "Plan Width": 16, "Plans": [{"Node Type": "Aggregate", "Strategy": "Hashed", "Parent Relationship": "Outer", "Startup Cost": 1608860.8, "Total Cost": 1609454.6, "Plan Rows": 59380, "Plan Width": 32, "Group By Key": ["public.lineitem.l_suppkey"], "Plans": [{"Node Type": "Bitmap Heap Scan", "Parent Relationship": "Outer", "Relation Name": "lineitem", "Alias": "lineitem", "Startup Cost": 78544.19, "Total Cost": 1586191.59, "Plan Rows": 2266921, "Plan Width": 24, "Recheck Cond": "((l_shipdate >= '1997-07-01 00:00:00'::timestamp(0) without time zone) AND (l_shipdate < '1997-10-01 00:00:00'::timestamp without time zone)), (LLVM Optimized)", "Plans": [{"Node Type": "Bitmap Index Scan", "Parent Relationship": "Outer", "Index Name": "idx_lineitem_shipdate", "Startup Cost": 0.0, "Total Cost": 77977.46, "Plan Rows": 2266921, "Plan Width": 0, "Index Cond": "((l_shipdate >= '1997-07-01 00:00:00'::timestamp(0) without time zone) AND (l_shipdate < '1997-10-01 00:00:00'::timestamp without time zone))"}]}]}]}, {"Node Type": "Index Scan", "Parent Relationship": "Outer", "Scan Direction": "Forward", "Index Name": "supplier_pkey", "Relation Name": "supplier", "Alias": "supplier", "Startup Cost": 0.0, "Total Cost": 5334.54, "Plan Rows": 100000, "Plan Width": 75}, {"Node Type": "Sort", "Parent Relationship": "Inner", "Startup Cost": 1631906.91, "Total Cost": 1632055.36, "Plan Rows": 59380, "Plan Width": 16, "Sort Key": ["revenue0.supplier_no"], "Plans": [{"Node Type": "Subquery Scan", "Parent Relationship": "Outer", "Alias": "revenue0", "Startup Cost": 1625862.71, "Total Cost": 1627198.76, "Plan Rows": 59380, "Plan Width": 16, "Plans": [{"Node Type": "Aggregate", "Strategy": "Hashed", "Parent Relationship": "Subquery", "Startup Cost": 1625862.71, "Total Cost": 1626604.96, "Plan Rows": 59380, "Plan Width": 40, "Group By Key": ["public.lineitem.l_suppkey"], "Filter": "(sum((public.lineitem.l_extendedprice * (1::double precision - public.lineitem.l_discount))) = $0), (LLVM Optimized)", "Plans": [{"Node Type": "Bitmap Heap Scan", "Parent Relationship": "Outer", "Relation Name": "lineitem", "Alias": "lineitem", "Startup Cost": 78544.19, "Total Cost": 1586191.59, "Plan Rows": 2266921, "Plan Width": 24, "Recheck Cond": "((l_shipdate >= '1997-07-01 00:00:00'::timestamp(0) without time zone) AND (l_shipdate < '1997-10-01 00:00:00'::timestamp without time zone)), (LLVM Optimized)", "Plans": [{"Node Type": "Bitmap Index Scan", "Parent Relationship": "Outer", "Index Name": "idx_lineitem_shipdate", "Startup Cost": 0.0, "Total Cost": 77977.46, "Plan Rows": 2266921, "Plan Width": 0, "Index Cond": "((l_shipdate >= '1997-07-01 00:00:00'::timestamp(0) without time zone) AND (l_shipdate < '1997-10-01 00:00:00'::timestamp without time zone))"}]}]}]}]}]}, "Unique SQL Id": 3712096918, "Planner Runtime": 0}, "explain_analyze_plan": {"Plan": {"Node Type": "Merge Join", "Join Type": "Inner", "Startup Cost": 3242103.77, "Total Cost": 3248579.02, "Plan Rows": 59380, "Plan Width": 83, "Actual Startup Time": 11118.228, "Actual Total Time": 11118.237, "Actual Rows": 1, "Actual Loops": 1, "Inner Unique": true, "Merge Cond": "(supplier.s_suppkey = revenue0.supplier_no)", "Plans": [{"Node Type": "Aggregate", "Strategy": "Plain", "Parent Relationship": "exec_init_plan", "Subplan Name": "InitPlan 1 (returns $0)", "Startup Cost": 1610196.85, "Total Cost": 1610196.86, "Plan Rows": 1, "Plan Width": 16, "Actual Startup Time": 5738.869, "Actual Total Time": 5738.869, "Actual Rows": 1, "Actual Loops": 1, "Plans": [{"Node Type": "Aggregate", "Strategy": "Hashed", "Parent Relationship": "Outer", "Startup Cost": 1608860.8, "Total Cost": 1609454.6, "Plan Rows": 59380, "Plan Width": 32, "Actual Startup Time": 5688.243, "Actual Total Time": 5723.985, "Actual Rows": 100000, "Actual Loops": 1, "Group By Key": ["public.lineitem.l_suppkey"], "Plans": [{"Node Type": "Bitmap Heap Scan", "Parent Relationship": "Outer", "Relation Name": "lineitem", "Alias": "lineitem", "Startup Cost": 78544.19, "Total Cost": 1586191.59, "Plan Rows": 2266921, "Plan Width": 24, "Actual Startup Time": 1223.117, "Actual Total Time": 4086.228, "Actual Rows": 2293944, "Actual Loops": 1, "Recheck Cond": "((l_shipdate >= '1997-07-01 00:00:00'::timestamp(0) without time zone) AND (l_shipdate < '1997-10-01 00:00:00'::timestamp without time zone)), (LLVM Optimized, Jit Execute)", "Rows Removed by Index Recheck": 0, "Exact Heap Blocks": 732487, "Lossy Heap Blocks": 732487, "Plans": [{"Node Type": "Bitmap Index Scan", "Parent Relationship": "Outer", "Index Name": "idx_lineitem_shipdate", "Startup Cost": 0.0, "Total Cost": 77977.46, "Plan Rows": 2266921, "Plan Width": 0, "Actual Startup Time": 892.359, "Actual Total Time": 892.359, "Actual Rows": 2293944, "Actual Loops": 1, "Index Cond": "((l_shipdate >= '1997-07-01 00:00:00'::timestamp(0) without time zone) AND (l_shipdate < '1997-10-01 00:00:00'::timestamp without time zone))"}]}]}]}, {"Node Type": "Index Scan", "Parent Relationship": "Outer", "Scan Direction": "Forward", "Index Name": "supplier_pkey", "Relation Name": "supplier", "Alias": "supplier", "Startup Cost": 0.0, "Total Cost": 5334.54, "Plan Rows": 100000, "Plan Width": 75, "Actual Startup Time": 0.04, "Actual Total Time": 22.499, "Actual Rows": 35977, "Actual Loops": 1}, {"Node Type": "Sort", "Parent Relationship": "Inner", "Startup Cost": 1631906.91, "Total Cost": 1632055.36, "Plan Rows": 59380, "Plan Width": 16, "Actual Startup Time": 11090.65, "Actual Total Time": 11090.651, "Actual Rows": 1, "Actual Loops": 1, "Sort Key": ["revenue0.supplier_no"], "Sort Method": "quicksort", "Sort Space Used": 25, "Sort Space Type": "Memory", "Plans": [{"Node Type": "Subquery Scan", "Parent Relationship": "Outer", "Alias": "revenue0", "Startup Cost": 1625862.71, "Total Cost": 1627198.76, "Plan Rows": 59380, "Plan Width": 16, "Actual Startup Time": 11071.098, "Actual Total Time": 11090.42, "Actual Rows": 1, "Actual Loops": 1, "Plans": [{"Node Type": "Aggregate", "Strategy": "Hashed", "Parent Relationship": "Subquery", "Startup Cost": 1625862.71, "Total Cost": 1626604.96, "Plan Rows": 59380, "Plan Width": 40, "Actual Startup Time": 11071.095, "Actual Total Time": 11090.414, "Actual Rows": 1, "Actual Loops": 1, "Group By Key": ["public.lineitem.l_suppkey"], "Filter": "(sum((public.lineitem.l_extendedprice * (1::double precision - public.lineitem.l_discount))) = $0), (LLVM Optimized, Jit Execute)", "Rows Removed by Filter": 99999, "Plans": [{"Node Type": "Bitmap Heap Scan", "Parent Relationship": "Outer", "Relation Name": "lineitem", "Alias": "lineitem", "Startup Cost": 78544.19, "Total Cost": 1586191.59, "Plan Rows": 2266921, "Plan Width": 24, "Actual Startup Time": 1031.52, "Actual Total Time": 3790.349, "Actual Rows": 2293944, "Actual Loops": 1, "Recheck Cond": "((l_shipdate >= '1997-07-01 00:00:00'::timestamp(0) without time zone) AND (l_shipdate < '1997-10-01 00:00:00'::timestamp without time zone)), (LLVM Optimized, Jit Execute)", "Rows Removed by Index Recheck": 0, "Exact Heap Blocks": 732487, "Lossy Heap Blocks": 732487, "Plans": [{"Node Type": "Bitmap Index Scan", "Parent Relationship": "Outer", "Index Name": "idx_lineitem_shipdate", "Startup Cost": 0.0, "Total Cost": 77977.46, "Plan Rows": 2266921, "Plan Width": 0, "Actual Startup Time": 742.846, "Actual Total Time": 742.846, "Actual Rows": 2293944, "Actual Loops": 1, "Index Cond": "((l_shipdate >= '1997-07-01 00:00:00'::timestamp(0) without time zone) AND (l_shipdate < '1997-10-01 00:00:00'::timestamp without time zone))"}]}]}]}]}]}, "Triggers": [], "Planner Runtime": 0.881, "Total Runtime": 11131.308, "Unique SQL Id": 3712096918}}, "(16, '69')": {"explain_plan": {"Plan": {"Node Type": "Merge Join", "Join Type": "Inner", "Startup Cost": 3242103.77, "Total Cost": 3248579.02, "Plan Rows": 59380, "Plan Width": 83, "Inner Unique": true, "Merge Cond": "(supplier.s_suppkey = revenue0.supplier_no)", "Plans": [{"Node Type": "Aggregate", "Strategy": "Plain", "Parent Relationship": "exec_init_plan", "Subplan Name": "InitPlan 1 (returns $0)", "Startup Cost": 1610196.85, "Total Cost": 1610196.86, "Plan Rows": 1, "Plan Width": 16, "Plans": [{"Node Type": "Aggregate", "Strategy": "Hashed", "Parent Relationship": "Outer", "Startup Cost": 1608860.8, "Total Cost": 1609454.6, "Plan Rows": 59380, "Plan Width": 32, "Group By Key": ["public.lineitem.l_suppkey"], "Plans": [{"Node Type": "Bitmap Heap Scan", "Parent Relationship": "Outer", "Relation Name": "lineitem", "Alias": "lineitem", "Startup Cost": 78544.19, "Total Cost": 1586191.59, "Plan Rows": 2266921, "Plan Width": 24, "Recheck Cond": "((l_shipdate >= '1997-07-01 00:00:00'::timestamp(0) without time zone) AND (l_shipdate < '1997-10-01 00:00:00'::timestamp without time zone)), (LLVM Optimized)", "Plans": [{"Node Type": "Bitmap Index Scan", "Parent Relationship": "Outer", "Index Name": "idx_lineitem_shipdate", "Startup Cost": 0.0, "Total Cost": 77977.46, "Plan Rows": 2266921, "Plan Width": 0, "Index Cond": "((l_shipdate >= '1997-07-01 00:00:00'::timestamp(0) without time zone) AND (l_shipdate < '1997-10-01 00:00:00'::timestamp without time zone))"}]}]}]}, {"Node Type": "Index Scan", "Parent Relationship": "Outer", "Scan Direction": "Forward", "Index Name": "supplier_pkey", "Relation Name": "supplier", "Alias": "supplier", "Startup Cost": 0.0, "Total Cost": 5334.54, "Plan Rows": 100000, "Plan Width": 75}, {"Node Type": "Sort", "Parent Relationship": "Inner", "Startup Cost": 1631906.91, "Total Cost": 1632055.36, "Plan Rows": 59380, "Plan Width": 16, "Sort Key": ["revenue0.supplier_no"], "Plans": [{"Node Type": "Subquery Scan", "Parent Relationship": "Outer", "Alias": "revenue0", "Startup Cost": 1625862.71, "Total Cost": 1627198.76, "Plan Rows": 59380, "Plan Width": 16, "Plans": [{"Node Type": "Aggregate", "Strategy": "Hashed", "Parent Relationship": "Subquery", "Startup Cost": 1625862.71, "Total Cost": 1626604.96, "Plan Rows": 59380, "Plan Width": 40, "Group By Key": ["public.lineitem.l_suppkey"], "Filter": "(sum((public.lineitem.l_extendedprice * (1::double precision - public.lineitem.l_discount))) = $0), (LLVM Optimized)", "Plans": [{"Node Type": "Bitmap Heap Scan", "Parent Relationship": "Outer", "Relation Name": "lineitem", "Alias": "lineitem", "Startup Cost": 78544.19, "Total Cost": 1586191.59, "Plan Rows": 2266921, "Plan Width": 24, "Recheck Cond": "((l_shipdate >= '1997-07-01 00:00:00'::timestamp(0) without time zone) AND (l_shipdate < '1997-10-01 00:00:00'::timestamp without time zone)), (LLVM Optimized)", "Plans": [{"Node Type": "Bitmap Index Scan", "Parent Relationship": "Outer", "Index Name": "idx_lineitem_shipdate", "Startup Cost": 0.0, "Total Cost": 77977.46, "Plan Rows": 2266921, "Plan Width": 0, "Index Cond": "((l_shipdate >= '1997-07-01 00:00:00'::timestamp(0) without time zone) AND (l_shipdate < '1997-10-01 00:00:00'::timestamp without time zone))"}]}]}]}]}]}, "Unique SQL Id": 3712096918, "Planner Runtime": 0}, "explain_analyze_plan": {"Plan": {"Node Type": "Merge Join", "Join Type": "Inner", "Startup Cost": 3242103.77, "Total Cost": 3248579.02, "Plan Rows": 59380, "Plan Width": 83, "Actual Startup Time": 11118.228, "Actual Total Time": 11118.237, "Actual Rows": 1, "Actual Loops": 1, "Inner Unique": true, "Merge Cond": "(supplier.s_suppkey = revenue0.supplier_no)", "Plans": [{"Node Type": "Aggregate", "Strategy": "Plain", "Parent Relationship": "exec_init_plan", "Subplan Name": "InitPlan 1 (returns $0)", "Startup Cost": 1610196.85, "Total Cost": 1610196.86, "Plan Rows": 1, "Plan Width": 16, "Actual Startup Time": 5738.869, "Actual Total Time": 5738.869, "Actual Rows": 1, "Actual Loops": 1, "Plans": [{"Node Type": "Aggregate", "Strategy": "Hashed", "Parent Relationship": "Outer", "Startup Cost": 1608860.8, "Total Cost": 1609454.6, "Plan Rows": 59380, "Plan Width": 32, "Actual Startup Time": 5688.243, "Actual Total Time": 5723.985, "Actual Rows": 100000, "Actual Loops": 1, "Group By Key": ["public.lineitem.l_suppkey"], "Plans": [{"Node Type": "Bitmap Heap Scan", "Parent Relationship": "Outer", "Relation Name": "lineitem", "Alias": "lineitem", "Startup Cost": 78544.19, "Total Cost": 1586191.59, "Plan Rows": 2266921, "Plan Width": 24, "Actual Startup Time": 1223.117, "Actual Total Time": 4086.228, "Actual Rows": 2293944, "Actual Loops": 1, "Recheck Cond": "((l_shipdate >= '1997-07-01 00:00:00'::timestamp(0) without time zone) AND (l_shipdate < '1997-10-01 00:00:00'::timestamp without time zone)), (LLVM Optimized, Jit Execute)", "Rows Removed by Index Recheck": 0, "Exact Heap Blocks": 732487, "Lossy Heap Blocks": 732487, "Plans": [{"Node Type": "Bitmap Index Scan", "Parent Relationship": "Outer", "Index Name": "idx_lineitem_shipdate", "Startup Cost": 0.0, "Total Cost": 77977.46, "Plan Rows": 2266921, "Plan Width": 0, "Actual Startup Time": 892.359, "Actual Total Time": 892.359, "Actual Rows": 2293944, "Actual Loops": 1, "Index Cond": "((l_shipdate >= '1997-07-01 00:00:00'::timestamp(0) without time zone) AND (l_shipdate < '1997-10-01 00:00:00'::timestamp without time zone))"}]}]}]}, {"Node Type": "Index Scan", "Parent Relationship": "Outer", "Scan Direction": "Forward", "Index Name": "supplier_pkey", "Relation Name": "supplier", "Alias": "supplier", "Startup Cost": 0.0, "Total Cost": 5334.54, "Plan Rows": 100000, "Plan Width": 75, "Actual Startup Time": 0.04, "Actual Total Time": 22.499, "Actual Rows": 35977, "Actual Loops": 1}, {"Node Type": "Sort", "Parent Relationship": "Inner", "Startup Cost": 1631906.91, "Total Cost": 1632055.36, "Plan Rows": 59380, "Plan Width": 16, "Actual Startup Time": 11090.65, "Actual Total Time": 11090.651, "Actual Rows": 1, "Actual Loops": 1, "Sort Key": ["revenue0.supplier_no"], "Sort Method": "quicksort", "Sort Space Used": 25, "Sort Space Type": "Memory", "Plans": [{"Node Type": "Subquery Scan", "Parent Relationship": "Outer", "Alias": "revenue0", "Startup Cost": 1625862.71, "Total Cost": 1627198.76, "Plan Rows": 59380, "Plan Width": 16, "Actual Startup Time": 11071.098, "Actual Total Time": 11090.42, "Actual Rows": 1, "Actual Loops": 1, "Plans": [{"Node Type": "Aggregate", "Strategy": "Hashed", "Parent Relationship": "Subquery", "Startup Cost": 1625862.71, "Total Cost": 1626604.96, "Plan Rows": 59380, "Plan Width": 40, "Actual Startup Time": 11071.095, "Actual Total Time": 11090.414, "Actual Rows": 1, "Actual Loops": 1, "Group By Key": ["public.lineitem.l_suppkey"], "Filter": "(sum((public.lineitem.l_extendedprice * (1::double precision - public.lineitem.l_discount))) = $0), (LLVM Optimized, Jit Execute)", "Rows Removed by Filter": 99999, "Plans": [{"Node Type": "Bitmap Heap Scan", "Parent Relationship": "Outer", "Relation Name": "lineitem", "Alias": "lineitem", "Startup Cost": 78544.19, "Total Cost": 1586191.59, "Plan Rows": 2266921, "Plan Width": 24, "Actual Startup Time": 1031.52, "Actual Total Time": 3790.349, "Actual Rows": 2293944, "Actual Loops": 1, "Recheck Cond": "((l_shipdate >= '1997-07-01 00:00:00'::timestamp(0) without time zone) AND (l_shipdate < '1997-10-01 00:00:00'::timestamp without time zone)), (LLVM Optimized, Jit Execute)", "Rows Removed by Index Recheck": 0, "Exact Heap Blocks": 732487, "Lossy Heap Blocks": 732487, "Plans": [{"Node Type": "Bitmap Index Scan", "Parent Relationship": "Outer", "Index Name": "idx_lineitem_shipdate", "Startup Cost": 0.0, "Total Cost": 77977.46, "Plan Rows": 2266921, "Plan Width": 0, "Actual Startup Time": 742.846, "Actual Total Time": 742.846, "Actual Rows": 2293944, "Actual Loops": 1, "Index Cond": "((l_shipdate >= '1997-07-01 00:00:00'::timestamp(0) without time zone) AND (l_shipdate < '1997-10-01 00:00:00'::timestamp without time zone))"}]}]}]}]}]}, "Triggers": [], "Planner Runtime": 0.881, "Total Runtime": 11131.308, "Unique SQL Id": 3712096918}}, "(16, '70')": {"explain_plan": {"Plan": {"Node Type": "Merge Join", "Join Type": "Inner", "Startup Cost": 3253691.59, "Total Cost": 3255082.29, "Plan Rows": 59380, "Plan Width": 83, "Inner Unique": true, "Merge Cond": "(supplier.s_suppkey = revenue0.supplier_no)", "Plans": [{"Node Type": "Aggregate", "Strategy": "Plain", "Parent Relationship": "exec_init_plan", "Subplan Name": "InitPlan 1 (returns $0)", "Startup Cost": 1610196.85, "Total Cost": 1610196.86, "Plan Rows": 1, "Plan Width": 16, "Plans": [{"Node Type": "Aggregate", "Strategy": "Hashed", "Parent Relationship": "Outer", "Startup Cost": 1608860.8, "Total Cost": 1609454.6, "Plan Rows": 59380, "Plan Width": 32, "Group By Key": ["public.lineitem.l_suppkey"], "Plans": [{"Node Type": "Bitmap Heap Scan", "Parent Relationship": "Outer", "Relation Name": "lineitem", "Alias": "lineitem", "Startup Cost": 78544.19, "Total Cost": 1586191.59, "Plan Rows": 2266921, "Plan Width": 24, "Recheck Cond": "((l_shipdate >= '1997-07-01 00:00:00'::timestamp(0) without time zone) AND (l_shipdate < '1997-10-01 00:00:00'::timestamp without time zone)), (LLVM Optimized)", "Plans": [{"Node Type": "Bitmap Index Scan", "Parent Relationship": "Outer", "Index Name": "idx_lineitem_shipdate", "Startup Cost": 0.0, "Total Cost": 77977.46, "Plan Rows": 2266921, "Plan Width": 0, "Index Cond": "((l_shipdate >= '1997-07-01 00:00:00'::timestamp(0) without time zone) AND (l_shipdate < '1997-10-01 00:00:00'::timestamp without time zone))"}]}]}]}, {"Node Type": "Sort", "Parent Relationship": "Outer", "Startup Cost": 11587.82, "Total Cost": 11837.82, "Plan Rows": 100000, "Plan Width": 75, "Sort Key": ["supplier.s_suppkey"], "Plans": [{"Node Type": "Seq Scan", "Parent Relationship": "Outer", "Relation Name": "supplier", "Alias": "supplier", "Startup Cost": 0.0, "Total Cost": 3283.0, "Plan Rows": 100000, "Plan Width": 75}]}, {"Node Type": "Sort", "Parent Relationship": "Inner", "Startup Cost": 1631906.91, "Total Cost": 1632055.36, "Plan Rows": 59380, "Plan Width": 16, "Sort Key": ["revenue0.supplier_no"], "Plans": [{"Node Type": "Subquery Scan", "Parent Relationship": "Outer", "Alias": "revenue0", "Startup Cost": 1625862.71, "Total Cost": 1627198.76, "Plan Rows": 59380, "Plan Width": 16, "Plans": [{"Node Type": "Aggregate", "Strategy": "Hashed", "Parent Relationship": "Subquery", "Startup Cost": 1625862.71, "Total Cost": 1626604.96, "Plan Rows": 59380, "Plan Width": 40, "Group By Key": ["public.lineitem.l_suppkey"], "Filter": "(sum((public.lineitem.l_extendedprice * (1::double precision - public.lineitem.l_discount))) = $0), (LLVM Optimized)", "Plans": [{"Node Type": "Bitmap Heap Scan", "Parent Relationship": "Outer", "Relation Name": "lineitem", "Alias": "lineitem", "Startup Cost": 78544.19, "Total Cost": 1586191.59, "Plan Rows": 2266921, "Plan Width": 24, "Recheck Cond": "((l_shipdate >= '1997-07-01 00:00:00'::timestamp(0) without time zone) AND (l_shipdate < '1997-10-01 00:00:00'::timestamp without time zone)), (LLVM Optimized)", "Plans": [{"Node Type": "Bitmap Index Scan", "Parent Relationship": "Outer", "Index Name": "idx_lineitem_shipdate", "Startup Cost": 0.0, "Total Cost": 77977.46, "Plan Rows": 2266921, "Plan Width": 0, "Index Cond": "((l_shipdate >= '1997-07-01 00:00:00'::timestamp(0) without time zone) AND (l_shipdate < '1997-10-01 00:00:00'::timestamp without time zone))"}]}]}]}]}]}, "Unique SQL Id": 3712096918, "Planner Runtime": 0}, "explain_analyze_plan": {"Plan": {"Node Type": "Merge Join", "Join Type": "Inner", "Startup Cost": 3253691.59, "Total Cost": 3255082.29, "Plan Rows": 59380, "Plan Width": 83, "Actual Startup Time": 11244.454, "Actual Total Time": 11244.66, "Actual Rows": 1, "Actual Loops": 1, "Inner Unique": true, "Merge Cond": "(supplier.s_suppkey = revenue0.supplier_no)", "Plans": [{"Node Type": "Aggregate", "Strategy": "Plain", "Parent Relationship": "exec_init_plan", "Subplan Name": "InitPlan 1 (returns $0)", "Startup Cost": 1610196.85, "Total Cost": 1610196.86, "Plan Rows": 1, "Plan Width": 16, "Actual Startup Time": 5540.475, "Actual Total Time": 5540.475, "Actual Rows": 1, "Actual Loops": 1, "Plans": [{"Node Type": "Aggregate", "Strategy": "Hashed", "Parent Relationship": "Outer", "Startup Cost": 1608860.8, "Total Cost": 1609454.6, "Plan Rows": 59380, "Plan Width": 32, "Actual Startup Time": 5487.76, "Actual Total Time": 5525.414, "Actual Rows": 100000, "Actual Loops": 1, "Group By Key": ["public.lineitem.l_suppkey"], "Plans": [{"Node Type": "Bitmap Heap Scan", "Parent Relationship": "Outer", "Relation Name": "lineitem", "Alias": "lineitem", "Startup Cost": 78544.19, "Total Cost": 1586191.59, "Plan Rows": 2266921, "Plan Width": 24, "Actual Startup Time": 1071.158, "Actual Total Time": 3793.282, "Actual Rows": 2293944, "Actual Loops": 1, "Recheck Cond": "((l_shipdate >= '1997-07-01 00:00:00'::timestamp(0) without time zone) AND (l_shipdate < '1997-10-01 00:00:00'::timestamp without time zone)), (LLVM Optimized, Jit Execute)", "Rows Removed by Index Recheck": 0, "Exact Heap Blocks": 732487, "Lossy Heap Blocks": 732487, "Plans": [{"Node Type": "Bitmap Index Scan", "Parent Relationship": "Outer", "Index Name": "idx_lineitem_shipdate", "Startup Cost": 0.0, "Total Cost": 77977.46, "Plan Rows": 2266921, "Plan Width": 0, "Actual Startup Time": 771.958, "Actual Total Time": 771.958, "Actual Rows": 2293944, "Actual Loops": 1, "Index Cond": "((l_shipdate >= '1997-07-01 00:00:00'::timestamp(0) without time zone) AND (l_shipdate < '1997-10-01 00:00:00'::timestamp without time zone))"}]}]}]}, {"Node Type": "Sort", "Parent Relationship": "Outer", "Startup Cost": 11587.82, "Total Cost": 11837.82, "Plan Rows": 100000, "Plan Width": 75, "Actual Startup Time": 71.958, "Actual Total Time": 76.627, "Actual Rows": 35977, "Actual Loops": 1, "Sort Key": ["supplier.s_suppkey"], "Sort Method": "quicksort", "Sort Space Used": 18698, "Sort Space Type": "Memory", "Plans": [{"Node Type": "Seq Scan", "Parent Relationship": "Outer", "Relation Name": "supplier", "Alias": "supplier", "Startup Cost": 0.0, "Total Cost": 3283.0, "Plan Rows": 100000, "Plan Width": 75, "Actual Startup Time": 0.03, "Actual Total Time": 35.522, "Actual Rows": 100000, "Actual Loops": 1}]}, {"Node Type": "Sort", "Parent Relationship": "Inner", "Startup Cost": 1631906.91, "Total Cost": 1632055.36, "Plan Rows": 59380, "Plan Width": 16, "Actual Startup Time": 11162.59, "Actual Total Time": 11162.59, "Actual Rows": 1, "Actual Loops": 1, "Sort Key": ["revenue0.supplier_no"], "Sort Method": "quicksort", "Sort Space Used": 25, "Sort Space Type": "Memory", "Plans": [{"Node Type": "Subquery Scan", "Parent Relationship": "Outer", "Alias": "revenue0", "Startup Cost": 1625862.71, "Total Cost": 1627198.76, "Plan Rows": 59380, "Plan Width": 16, "Actual Startup Time": 11143.388, "Actual Total Time": 11162.34, "Actual Rows": 1, "Actual Loops": 1, "Plans": [{"Node Type": "Aggregate", "Strategy": "Hashed", "Parent Relationship": "Subquery", "Startup Cost": 1625862.71, "Total Cost": 1626604.96, "Plan Rows": 59380, "Plan Width": 40, "Actual Startup Time": 11143.385, "Actual Total Time": 11162.334, "Actual Rows": 1, "Actual Loops": 1, "Group By Key": ["public.lineitem.l_suppkey"], "Filter": "(sum((public.lineitem.l_extendedprice * (1::double precision - public.lineitem.l_discount))) = $0), (LLVM Optimized, Jit Execute)", "Rows Removed by Filter": 99999, "Plans": [{"Node Type": "Bitmap Heap Scan", "Parent Relationship": "Outer", "Relation Name": "lineitem", "Alias": "lineitem", "Startup Cost": 78544.19, "Total Cost": 1586191.59, "Plan Rows": 2266921, "Plan Width": 24, "Actual Startup Time": 1145.015, "Actual Total Time": 3998.398, "Actual Rows": 2293944, "Actual Loops": 1, "Recheck Cond": "((l_shipdate >= '1997-07-01 00:00:00'::timestamp(0) without time zone) AND (l_shipdate < '1997-10-01 00:00:00'::timestamp without time zone)), (LLVM Optimized, Jit Execute)", "Rows Removed by Index Recheck": 0, "Exact Heap Blocks": 732487, "Lossy Heap Blocks": 732487, "Plans": [{"Node Type": "Bitmap Index Scan", "Parent Relationship": "Outer", "Index Name": "idx_lineitem_shipdate", "Startup Cost": 0.0, "Total Cost": 77977.46, "Plan Rows": 2266921, "Plan Width": 0, "Actual Startup Time": 789.761, "Actual Total Time": 789.761, "Actual Rows": 2293944, "Actual Loops": 1, "Index Cond": "((l_shipdate >= '1997-07-01 00:00:00'::timestamp(0) without time zone) AND (l_shipdate < '1997-10-01 00:00:00'::timestamp without time zone))"}]}]}]}]}]}, "Triggers": [], "Planner Runtime": 0.873, "Total Runtime": 11257.671, "Unique SQL Id": 3712096918}}, "(16, '71')": {"explain_plan": {"Plan": {"Node Type": "Sort", "Startup Cost": 3497813.02, "Total Cost": 3497961.47, "Plan Rows": 59380, "Plan Width": 83, "Sort Key": ["supplier.s_suppkey"], "Plans": [{"Node Type": "Aggregate", "Strategy": "Plain", "Parent Relationship": "exec_init_plan", "Subplan Name": "InitPlan 1 (returns $0)", "Startup Cost": 1610196.85, "Total Cost": 1610196.86, "Plan Rows": 1, "Plan Width": 16, "Plans": [{"Node Type": "Aggregate", "Strategy": "Hashed", "Parent Relationship": "Outer", "Startup Cost": 1608860.8, "Total Cost": 1609454.6, "Plan Rows": 59380, "Plan Width": 32, "Group By Key": ["public.lineitem.l_suppkey"], "Plans": [{"Node Type": "Bitmap Heap Scan", "Parent Relationship": "Outer", "Relation Name": "lineitem", "Alias": "lineitem", "Startup Cost": 78544.19, "Total Cost": 1586191.59, "Plan Rows": 2266921, "Plan Width": 24, "Recheck Cond": "((l_shipdate >= '1997-07-01 00:00:00'::timestamp(0) without time zone) AND (l_shipdate < '1997-10-01 00:00:00'::timestamp without time zone)), (LLVM Optimized)", "Plans": [{"Node Type": "Bitmap Index Scan", "Parent Relationship": "Outer", "Index Name": "idx_lineitem_shipdate", "Startup Cost": 0.0, "Total Cost": 77977.46, "Plan Rows": 2266921, "Plan Width": 0, "Index Cond": "((l_shipdate >= '1997-07-01 00:00:00'::timestamp(0) without time zone) AND (l_shipdate < '1997-10-01 00:00:00'::timestamp without time zone))"}]}]}]}, {"Node Type": "Nested Loop", "Parent Relationship": "Outer", "Join Type": "Inner", "Startup Cost": 1625863.0, "Total Cost": 1882908.01, "Plan Rows": 59380, "Plan Width": 83, "Inner Unique": true, "Plans": [{"Node Type": "Aggregate", "Strategy": "Hashed", "Parent Relationship": "Outer", "Startup Cost": 1625862.71, "Total Cost": 1626604.96, "Plan Rows": 59380, "Plan Width": 40, "Group By Key": ["public.lineitem.l_suppkey"], "Filter": "(sum((public.lineitem.l_extendedprice * (1::double precision - public.lineitem.l_discount))) = $0), (LLVM Optimized)", "Plans": [{"Node Type": "Bitmap Heap Scan", "Parent Relationship": "Outer", "Relation Name": "lineitem", "Alias": "lineitem", "Startup Cost": 78544.19, "Total Cost": 1586191.59, "Plan Rows": 2266921, "Plan Width": 24, "Recheck Cond": "((l_shipdate >= '1997-07-01 00:00:00'::timestamp(0) without time zone) AND (l_shipdate < '1997-10-01 00:00:00'::timestamp without time zone)), (LLVM Optimized)", "Plans": [{"Node Type": "Bitmap Index Scan", "Parent Relationship": "Outer", "Index Name": "idx_lineitem_shipdate", "Startup Cost": 0.0, "Total Cost": 77977.46, "Plan Rows": 2266921, "Plan Width": 0, "Index Cond": "((l_shipdate >= '1997-07-01 00:00:00'::timestamp(0) without time zone) AND (l_shipdate < '1997-10-01 00:00:00'::timestamp without time zone))"}]}]}, {"Node Type": "Bitmap Heap Scan", "Parent Relationship": "Inner", "Relation Name": "supplier", "Alias": "supplier", "Startup Cost": 0.28, "Total Cost": 4.3, "Plan Rows": 1, "Plan Width": 75, "Recheck Cond": "(s_suppkey = public.lineitem.l_suppkey)", "Plans": [{"Node Type": "Bitmap Index Scan", "Parent Relationship": "Outer", "Index Name": "supplier_pkey", "Startup Cost": 0.0, "Total Cost": 0.28, "Plan Rows": 1, "Plan Width": 0, "Index Cond": "(s_suppkey = public.lineitem.l_suppkey)"}]}]}]}, "Unique SQL Id": 3712096918, "Planner Runtime": 0}, "explain_analyze_plan": {"Plan": {"Node Type": "Sort", "Startup Cost": 3497813.02, "Total Cost": 3497961.47, "Plan Rows": 59380, "Plan Width": 83, "Actual Startup Time": 11241.876, "Actual Total Time": 11241.876, "Actual Rows": 1, "Actual Loops": 1, "Sort Key": ["supplier.s_suppkey"], "Sort Method": "quicksort", "Sort Space Used": 25, "Sort Space Type": "Memory", "Plans": [{"Node Type": "Aggregate", "Strategy": "Plain", "Parent Relationship": "exec_init_plan", "Subplan Name": "InitPlan 1 (returns $0)", "Startup Cost": 1610196.85, "Total Cost": 1610196.86, "Plan Rows": 1, "Plan Width": 16, "Actual Startup Time": 5464.823, "Actual Total Time": 5464.823, "Actual Rows": 1, "Actual Loops": 1, "Plans": [{"Node Type": "Aggregate", "Strategy": "Hashed", "Parent Relationship": "Outer", "Startup Cost": 1608860.8, "Total Cost": 1609454.6, "Plan Rows": 59380, "Plan Width": 32, "Actual Startup Time": 5414.615, "Actual Total Time": 5449.751, "Actual Rows": 100000, "Actual Loops": 1, "Group By Key": ["public.lineitem.l_suppkey"], "Plans": [{"Node Type": "Bitmap Heap Scan", "Parent Relationship": "Outer", "Relation Name": "lineitem", "Alias": "lineitem", "Startup Cost": 78544.19, "Total Cost": 1586191.59, "Plan Rows": 2266921, "Plan Width": 24, "Actual Startup Time": 1070.692, "Actual Total Time": 3752.897, "Actual Rows": 2293944, "Actual Loops": 1, "Recheck Cond": "((l_shipdate >= '1997-07-01 00:00:00'::timestamp(0) without time zone) AND (l_shipdate < '1997-10-01 00:00:00'::timestamp without time zone)), (LLVM Optimized, Jit Execute)", "Rows Removed by Index Recheck": 0, "Exact Heap Blocks": 732487, "Lossy Heap Blocks": 732487, "Plans": [{"Node Type": "Bitmap Index Scan", "Parent Relationship": "Outer", "Index Name": "idx_lineitem_shipdate", "Startup Cost": 0.0, "Total Cost": 77977.46, "Plan Rows": 2266921, "Plan Width": 0, "Actual Startup Time": 784.899, "Actual Total Time": 784.899, "Actual Rows": 2293944, "Actual Loops": 1, "Index Cond": "((l_shipdate >= '1997-07-01 00:00:00'::timestamp(0) without time zone) AND (l_shipdate < '1997-10-01 00:00:00'::timestamp without time zone))"}]}]}]}, {"Node Type": "Nested Loop", "Parent Relationship": "Outer", "Join Type": "Inner", "Startup Cost": 1625863.0, "Total Cost": 1882908.01, "Plan Rows": 59380, "Plan Width": 83, "Actual Startup Time": 11222.658, "Actual Total Time": 11241.85, "Actual Rows": 1, "Actual Loops": 1, "Inner Unique": true, "Plans": [{"Node Type": "Aggregate", "Strategy": "Hashed", "Parent Relationship": "Outer", "Startup Cost": 1625862.71, "Total Cost": 1626604.96, "Plan Rows": 59380, "Plan Width": 40, "Actual Startup Time": 11222.535, "Actual Total Time": 11241.516, "Actual Rows": 1, "Actual Loops": 1, "Group By Key": ["public.lineitem.l_suppkey"], "Filter": "(sum((public.lineitem.l_extendedprice * (1::double precision - public.lineitem.l_discount))) = $0), (LLVM Optimized, Jit Execute)", "Rows Removed by Filter": 99999, "Plans": [{"Node Type": "Bitmap Heap Scan", "Parent Relationship": "Outer", "Relation Name": "lineitem", "Alias": "lineitem", "Startup Cost": 78544.19, "Total Cost": 1586191.59, "Plan Rows": 2266921, "Plan Width": 24, "Actual Startup Time": 1227.767, "Actual Total Time": 4076.427, "Actual Rows": 2293944, "Actual Loops": 1, "Recheck Cond": "((l_shipdate >= '1997-07-01 00:00:00'::timestamp(0) without time zone) AND (l_shipdate < '1997-10-01 00:00:00'::timestamp without time zone)), (LLVM Optimized, Jit Execute)", "Rows Removed by Index Recheck": 0, "Exact Heap Blocks": 732487, "Lossy Heap Blocks": 732487, "Plans": [{"Node Type": "Bitmap Index Scan", "Parent Relationship": "Outer", "Index Name": "idx_lineitem_shipdate", "Startup Cost": 0.0, "Total Cost": 77977.46, "Plan Rows": 2266921, "Plan Width": 0, "Actual Startup Time": 872.627, "Actual Total Time": 872.627, "Actual Rows": 2293944, "Actual Loops": 1, "Index Cond": "((l_shipdate >= '1997-07-01 00:00:00'::timestamp(0) without time zone) AND (l_shipdate < '1997-10-01 00:00:00'::timestamp without time zone))"}]}]}, {"Node Type": "Bitmap Heap Scan", "Parent Relationship": "Inner", "Relation Name": "supplier", "Alias": "supplier", "Startup Cost": 0.28, "Total Cost": 4.3, "Plan Rows": 1, "Plan Width": 75, "Actual Startup Time": 0.098, "Actual Total Time": 0.098, "Actual Rows": 1, "Actual Loops": 1, "Recheck Cond": "(s_suppkey = public.lineitem.l_suppkey)", "Rows Removed by Index Recheck": 0, "Exact Heap Blocks": 1, "Lossy Heap Blocks": 1, "Plans": [{"Node Type": "Bitmap Index Scan", "Parent Relationship": "Outer", "Index Name": "supplier_pkey", "Startup Cost": 0.0, "Total Cost": 0.28, "Plan Rows": 1, "Plan Width": 0, "Actual Startup Time": 0.039, "Actual Total Time": 0.039, "Actual Rows": 1, "Actual Loops": 1, "Index Cond": "(s_suppkey = public.lineitem.l_suppkey)"}]}]}]}, "Triggers": [], "Planner Runtime": 0.877, "Total Runtime": 11254.72, "Unique SQL Id": 3712096918}}, "(16, '72')": {"explain_plan": {"Plan": {"Node Type": "Merge Join", "Join Type": "Inner", "Startup Cost": 4699821.58, "Total Cost": 4706296.82, "Plan Rows": 59380, "Plan Width": 83, "Inner Unique": true, "Merge Cond": "(supplier.s_suppkey = revenue0.supplier_no)", "Plans": [{"Node Type": "Aggregate", "Strategy": "Plain", "Parent Relationship": "exec_init_plan", "Subplan Name": "InitPlan 1 (returns $0)", "Startup Cost": 2339055.76, "Total Cost": 2339055.77, "Plan Rows": 1, "Plan Width": 16, "Plans": [{"Node Type": "Aggregate", "Strategy": "Hashed", "Parent Relationship": "Outer", "Startup Cost": 2337719.71, "Total Cost": 2338313.51, "Plan Rows": 59380, "Plan Width": 32, "Group By Key": ["public.lineitem.l_suppkey"], "Plans": [{"Node Type": "Seq Scan", "Parent Relationship": "Outer", "Relation Name": "lineitem", "Alias": "lineitem", "Startup Cost": 25.28, "Total Cost": 2315050.5, "Plan Rows": 2266921, "Plan Width": 24, "Filter": "((l_shipdate >= '1997-07-01 00:00:00'::timestamp(0) without time zone) AND (l_shipdate < '1997-10-01 00:00:00'::timestamp without time zone)), (LLVM Optimized)"}]}]}, {"Node Type": "Index Scan", "Parent Relationship": "Outer", "Scan Direction": "Forward", "Index Name": "supplier_pkey", "Relation Name": "supplier", "Alias": "supplier", "Startup Cost": 0.0, "Total Cost": 5334.54, "Plan Rows": 100000, "Plan Width": 75}, {"Node Type": "Sort", "Parent Relationship": "Inner", "Startup Cost": 2360765.81, "Total Cost": 2360914.26, "Plan Rows": 59380, "Plan Width": 16, "Sort Key": ["revenue0.supplier_no"], "Plans": [{"Node Type": "Subquery Scan", "Parent Relationship": "Outer", "Alias": "revenue0", "Startup Cost": 2354721.61, "Total Cost": 2356057.66, "Plan Rows": 59380, "Plan Width": 16, "Plans": [{"Node Type": "Aggregate", "Strategy": "Hashed", "Parent Relationship": "Subquery", "Startup Cost": 2354721.61, "Total Cost": 2355463.86, "Plan Rows": 59380, "Plan Width": 40, "Group By Key": ["public.lineitem.l_suppkey"], "Filter": "(sum((public.lineitem.l_extendedprice * (1::double precision - public.lineitem.l_discount))) = $0), (LLVM Optimized)", "Plans": [{"Node Type": "Seq Scan", "Parent Relationship": "Outer", "Relation Name": "lineitem", "Alias": "lineitem", "Startup Cost": 25.28, "Total Cost": 2315050.5, "Plan Rows": 2266921, "Plan Width": 24, "Filter": "((l_shipdate >= '1997-07-01 00:00:00'::timestamp(0) without time zone) AND (l_shipdate < '1997-10-01 00:00:00'::timestamp without time zone)), (LLVM Optimized)"}]}]}]}]}, "Unique SQL Id": 3712096918, "Planner Runtime": 0}, "explain_analyze_plan": null}, "(16, '73')": {"explain_plan": {"Plan": {"Node Type": "Merge Join", "Join Type": "Inner", "Startup Cost": 10341221.9, "Total Cost": 10347697.14, "Plan Rows": 59380, "Plan Width": 83, "Inner Unique": true, "Merge Cond": "(supplier.s_suppkey = revenue0.supplier_no)", "Plans": [{"Node Type": "Aggregate", "Strategy": "Plain", "Parent Relationship": "exec_init_plan", "Subplan Name": "InitPlan 1 (returns $0)", "Startup Cost": 5159755.92, "Total Cost": 5159755.93, "Plan Rows": 1, "Plan Width": 16, "Plans": [{"Node Type": "Aggregate", "Strategy": "Hashed", "Parent Relationship": "Outer", "Startup Cost": 5158419.87, "Total Cost": 5159013.67, "Plan Rows": 59380, "Plan Width": 32, "Group By Key": ["public.lineitem.l_suppkey"], "Plans": [{"Node Type": "Index Scan", "Parent Relationship": "Outer", "Scan Direction": "Forward", "Index Name": "idx_lineitem_shipdate", "Relation Name": "lineitem", "Alias": "lineitem", "Startup Cost": 0.0, "Total Cost": 5135750.66, "Plan Rows": 2266921, "Plan Width": 24, "Index Cond": "((l_shipdate >= '1997-07-01 00:00:00'::timestamp(0) without time zone) AND (l_shipdate < '1997-10-01 00:00:00'::timestamp without time zone)), (LLVM Optimized)"}]}]}, {"Node Type": "Index Scan", "Parent Relationship": "Outer", "Scan Direction": "Forward", "Index Name": "supplier_pkey", "Relation Name": "supplier", "Alias": "supplier", "Startup Cost": 0.0, "Total Cost": 5334.54, "Plan Rows": 100000, "Plan Width": 75}, {"Node Type": "Sort", "Parent Relationship": "Inner", "Startup Cost": 5181465.97, "Total Cost": 5181614.42, "Plan Rows": 59380, "Plan Width": 16, "Sort Key": ["revenue0.supplier_no"], "Plans": [{"Node Type": "Subquery Scan", "Parent Relationship": "Outer", "Alias": "revenue0", "Startup Cost": 5175421.77, "Total Cost": 5176757.82, "Plan Rows": 59380, "Plan Width": 16, "Plans": [{"Node Type": "Aggregate", "Strategy": "Hashed", "Parent Relationship": "Subquery", "Startup Cost": 5175421.77, "Total Cost": 5176164.02, "Plan Rows": 59380, "Plan Width": 40, "Group By Key": ["public.lineitem.l_suppkey"], "Filter": "(sum((public.lineitem.l_extendedprice * (1::double precision - public.lineitem.l_discount))) = $0), (LLVM Optimized)", "Plans": [{"Node Type": "Index Scan", "Parent Relationship": "Outer", "Scan Direction": "Forward", "Index Name": "idx_lineitem_shipdate", "Relation Name": "lineitem", "Alias": "lineitem", "Startup Cost": 0.0, "Total Cost": 5135750.66, "Plan Rows": 2266921, "Plan Width": 24, "Index Cond": "((l_shipdate >= '1997-07-01 00:00:00'::timestamp(0) without time zone) AND (l_shipdate < '1997-10-01 00:00:00'::timestamp without time zone)), (LLVM Optimized)"}]}]}]}]}, "Unique SQL Id": 3712096918, "Planner Runtime": 0}, "explain_analyze_plan": {"Plan": {"Node Type": "Merge Join", "Join Type": "Inner", "Startup Cost": 10341221.9, "Total Cost": 10347697.14, "Plan Rows": 59380, "Plan Width": 83, "Actual Startup Time": 15929.389, "Actual Total Time": 15929.399, "Actual Rows": 1, "Actual Loops": 1, "Inner Unique": true, "Merge Cond": "(supplier.s_suppkey = revenue0.supplier_no)", "Plans": [{"Node Type": "Aggregate", "Strategy": "Plain", "Parent Relationship": "exec_init_plan", "Subplan Name": "InitPlan 1 (returns $0)", "Startup Cost": 5159755.92, "Total Cost": 5159755.93, "Plan Rows": 1, "Plan Width": 16, "Actual Startup Time": 7904.524, "Actual Total Time": 7904.525, "Actual Rows": 1, "Actual Loops": 1, "Plans": [{"Node Type": "Aggregate", "Strategy": "Hashed", "Parent Relationship": "Outer", "Startup Cost": 5158419.87, "Total Cost": 5159013.67, "Plan Rows": 59380, "Plan Width": 32, "Actual Startup Time": 7850.004, "Actual Total Time": 7889.514, "Actual Rows": 100000, "Actual Loops": 1, "Group By Key": ["public.lineitem.l_suppkey"], "Plans": [{"Node Type": "Index Scan", "Parent Relationship": "Outer", "Scan Direction": "Forward", "Index Name": "idx_lineitem_shipdate", "Relation Name": "lineitem", "Alias": "lineitem", "Startup Cost": 0.0, "Total Cost": 5135750.66, "Plan Rows": 2266921, "Plan Width": 24, "Actual Startup Time": 0.093, "Actual Total Time": 5864.917, "Actual Rows": 2293944, "Actual Loops": 1, "Index Cond": "((l_shipdate >= '1997-07-01 00:00:00'::timestamp(0) without time zone) AND (l_shipdate < '1997-10-01 00:00:00'::timestamp without time zone)), (LLVM Optimized, Jit Execute)", "Rows Removed by Index Recheck": 0}]}]}, {"Node Type": "Index Scan", "Parent Relationship": "Outer", "Scan Direction": "Forward", "Index Name": "supplier_pkey", "Relation Name": "supplier", "Alias": "supplier", "Startup Cost": 0.0, "Total Cost": 5334.54, "Plan Rows": 100000, "Plan Width": 75, "Actual Startup Time": 0.043, "Actual Total Time": 22.323, "Actual Rows": 35977, "Actual Loops": 1}, {"Node Type": "Sort", "Parent Relationship": "Inner", "Startup Cost": 5181465.97, "Total Cost": 5181614.42, "Plan Rows": 59380, "Plan Width": 16, "Actual Startup Time": 15901.97, "Actual Total Time": 15901.971, "Actual Rows": 1, "Actual Loops": 1, "Sort Key": ["revenue0.supplier_no"], "Sort Method": "quicksort", "Sort Space Used": 25, "Sort Space Type": "Memory", "Plans": [{"Node Type": "Subquery Scan", "Parent Relationship": "Outer", "Alias": "revenue0", "Startup Cost": 5175421.77, "Total Cost": 5176757.82, "Plan Rows": 59380, "Plan Width": 16, "Actual Startup Time": 15883.247, "Actual Total Time": 15901.748, "Actual Rows": 1, "Actual Loops": 1, "Plans": [{"Node Type": "Aggregate", "Strategy": "Hashed", "Parent Relationship": "Subquery", "Startup Cost": 5175421.77, "Total Cost": 5176164.02, "Plan Rows": 59380, "Plan Width": 40, "Actual Startup Time": 15883.245, "Actual Total Time": 15901.744, "Actual Rows": 1, "Actual Loops": 1, "Group By Key": ["public.lineitem.l_suppkey"], "Filter": "(sum((public.lineitem.l_extendedprice * (1::double precision - public.lineitem.l_discount))) = $0), (LLVM Optimized, Jit Execute)", "Rows Removed by Filter": 99999, "Plans": [{"Node Type": "Index Scan", "Parent Relationship": "Outer", "Scan Direction": "Forward", "Index Name": "idx_lineitem_shipdate", "Relation Name": "lineitem", "Alias": "lineitem", "Startup Cost": 0.0, "Total Cost": 5135750.66, "Plan Rows": 2266921, "Plan Width": 24, "Actual Startup Time": 0.046, "Actual Total Time": 5918.312, "Actual Rows": 2293944, "Actual Loops": 1, "Index Cond": "((l_shipdate >= '1997-07-01 00:00:00'::timestamp(0) without time zone) AND (l_shipdate < '1997-10-01 00:00:00'::timestamp without time zone)), (LLVM Optimized, Jit Execute)", "Rows Removed by Index Recheck": 0}]}]}]}]}, "Triggers": [], "Planner Runtime": 0.924, "Total Runtime": 15940.792, "Unique SQL Id": 3712096918}}, "(16, '74')": {"explain_plan": {"Plan": {"Node Type": "Merge Join", "Join Type": "Inner", "Startup Cost": 4711409.4, "Total Cost": 4712800.1, "Plan Rows": 59380, "Plan Width": 83, "Inner Unique": true, "Merge Cond": "(supplier.s_suppkey = revenue0.supplier_no)", "Plans": [{"Node Type": "Aggregate", "Strategy": "Plain", "Parent Relationship": "exec_init_plan", "Subplan Name": "InitPlan 1 (returns $0)", "Startup Cost": 2339055.76, "Total Cost": 2339055.77, "Plan Rows": 1, "Plan Width": 16, "Plans": [{"Node Type": "Aggregate", "Strategy": "Hashed", "Parent Relationship": "Outer", "Startup Cost": 2337719.71, "Total Cost": 2338313.51, "Plan Rows": 59380, "Plan Width": 32, "Group By Key": ["public.lineitem.l_suppkey"], "Plans": [{"Node Type": "Seq Scan", "Parent Relationship": "Outer", "Relation Name": "lineitem", "Alias": "lineitem", "Startup Cost": 25.28, "Total Cost": 2315050.5, "Plan Rows": 2266921, "Plan Width": 24, "Filter": "((l_shipdate >= '1997-07-01 00:00:00'::timestamp(0) without time zone) AND (l_shipdate < '1997-10-01 00:00:00'::timestamp without time zone)), (LLVM Optimized)"}]}]}, {"Node Type": "Sort", "Parent Relationship": "Outer", "Startup Cost": 11587.82, "Total Cost": 11837.82, "Plan Rows": 100000, "Plan Width": 75, "Sort Key": ["supplier.s_suppkey"], "Plans": [{"Node Type": "Seq Scan", "Parent Relationship": "Outer", "Relation Name": "supplier", "Alias": "supplier", "Startup Cost": 0.0, "Total Cost": 3283.0, "Plan Rows": 100000, "Plan Width": 75}]}, {"Node Type": "Sort", "Parent Relationship": "Inner", "Startup Cost": 2360765.81, "Total Cost": 2360914.26, "Plan Rows": 59380, "Plan Width": 16, "Sort Key": ["revenue0.supplier_no"], "Plans": [{"Node Type": "Subquery Scan", "Parent Relationship": "Outer", "Alias": "revenue0", "Startup Cost": 2354721.61, "Total Cost": 2356057.66, "Plan Rows": 59380, "Plan Width": 16, "Plans": [{"Node Type": "Aggregate", "Strategy": "Hashed", "Parent Relationship": "Subquery", "Startup Cost": 2354721.61, "Total Cost": 2355463.86, "Plan Rows": 59380, "Plan Width": 40, "Group By Key": ["public.lineitem.l_suppkey"], "Filter": "(sum((public.lineitem.l_extendedprice * (1::double precision - public.lineitem.l_discount))) = $0), (LLVM Optimized)", "Plans": [{"Node Type": "Seq Scan", "Parent Relationship": "Outer", "Relation Name": "lineitem", "Alias": "lineitem", "Startup Cost": 25.28, "Total Cost": 2315050.5, "Plan Rows": 2266921, "Plan Width": 24, "Filter": "((l_shipdate >= '1997-07-01 00:00:00'::timestamp(0) without time zone) AND (l_shipdate < '1997-10-01 00:00:00'::timestamp without time zone)), (LLVM Optimized)"}]}]}]}]}, "Unique SQL Id": 3712096918, "Planner Runtime": 0}, "explain_analyze_plan": null}, "(16, '75')": {"explain_plan": {"Plan": {"Node Type": "Merge Join", "Join Type": "Inner", "Startup Cost": 2010463079819.59, "Total Cost": 3000463614414.67, "Plan Rows": 59380, "Plan Width": 83, "Inner Unique": true, "Merge Cond": "(supplier.s_suppkey = revenue0.supplier_no)", "Plans": [{"Node Type": "Aggregate", "Strategy": "Plain", "Parent Relationship": "exec_init_plan", "Subplan Name": "InitPlan 1 (returns $0)", "Startup Cost": 1000231529054.76, "Total Cost": 1000231529054.77, "Plan Rows": 1, "Plan Width": 16, "Plans": [{"Node Type": "Aggregate", "Strategy": "Hashed", "Parent Relationship": "Outer", "Startup Cost": 1000231527718.71, "Total Cost": 1000231528312.51, "Plan Rows": 59380, "Plan Width": 32, "Group By Key": ["public.lineitem.l_suppkey"], "Plans": [{"Node Type": "Seq Scan", "Parent Relationship": "Outer", "Relation Name": "lineitem", "Alias": "lineitem", "Startup Cost": 10000000025.02, "Total Cost": 1000231505049.5, "Plan Rows": 2266921, "Plan Width": 24, "Filter": "((l_shipdate >= '1997-07-01 00:00:00'::timestamp(0) without time zone) AND (l_shipdate < '1997-10-01 00:00:00'::timestamp without time zone)), (LLVM Optimized)"}]}]}, {"Node Type": "Index Scan", "Parent Relationship": "Outer", "Scan Direction": "Forward", "Index Name": "supplier_pkey", "Relation Name": "supplier", "Alias": "supplier", "Startup Cost": 10000000000.0, "Total Cost": 1000000533454.38, "Plan Rows": 100000, "Plan Width": 75}, {"Node Type": "Sort", "Parent Relationship": "Inner", "Startup Cost": 1000231550764.82, "Total Cost": 1000231550913.27, "Plan Rows": 59380, "Plan Width": 16, "Sort Key": ["revenue0.supplier_no"], "Plans": [{"Node Type": "Subquery Scan", "Parent Relationship": "Outer", "Alias": "revenue0", "Startup Cost": 1000231544720.62, "Total Cost": 1000231546056.67, "Plan Rows": 59380, "Plan Width": 16, "Plans": [{"Node Type": "Aggregate", "Strategy": "Hashed", "Parent Relationship": "Subquery", "Startup Cost": 1000231544720.62, "Total Cost": 1000231545462.87, "Plan Rows": 59380, "Plan Width": 40, "Group By Key": ["public.lineitem.l_suppkey"], "Filter": "(sum((public.lineitem.l_extendedprice * (1::double precision - public.lineitem.l_discount))) = $0), (LLVM Optimized)", "Plans": [{"Node Type": "Seq Scan", "Parent Relationship": "Outer", "Relation Name": "lineitem", "Alias": "lineitem", "Startup Cost": 10000000025.02, "Total Cost": 1000231505049.5, "Plan Rows": 2266921, "Plan Width": 24, "Filter": "((l_shipdate >= '1997-07-01 00:00:00'::timestamp(0) without time zone) AND (l_shipdate < '1997-10-01 00:00:00'::timestamp without time zone)), (LLVM Optimized)"}]}]}]}]}, "Unique SQL Id": 3712096918, "Planner Runtime": 0}, "explain_analyze_plan": null}, "(16, '76')": {"explain_plan": {"Plan": {"Node Type": "Merge Join", "Join Type": "Inner", "Startup Cost": 4699821.58, "Total Cost": 4706296.82, "Plan Rows": 59380, "Plan Width": 83, "Inner Unique": true, "Merge Cond": "(supplier.s_suppkey = revenue0.supplier_no)", "Plans": [{"Node Type": "Aggregate", "Strategy": "Plain", "Parent Relationship": "exec_init_plan", "Subplan Name": "InitPlan 1 (returns $0)", "Startup Cost": 2339055.76, "Total Cost": 2339055.77, "Plan Rows": 1, "Plan Width": 16, "Plans": [{"Node Type": "Aggregate", "Strategy": "Hashed", "Parent Relationship": "Outer", "Startup Cost": 2337719.71, "Total Cost": 2338313.51, "Plan Rows": 59380, "Plan Width": 32, "Group By Key": ["public.lineitem.l_suppkey"], "Plans": [{"Node Type": "Seq Scan", "Parent Relationship": "Outer", "Relation Name": "lineitem", "Alias": "lineitem", "Startup Cost": 25.28, "Total Cost": 2315050.5, "Plan Rows": 2266921, "Plan Width": 24, "Filter": "((l_shipdate >= '1997-07-01 00:00:00'::timestamp(0) without time zone) AND (l_shipdate < '1997-10-01 00:00:00'::timestamp without time zone)), (LLVM Optimized)"}]}]}, {"Node Type": "Index Scan", "Parent Relationship": "Outer", "Scan Direction": "Forward", "Index Name": "supplier_pkey", "Relation Name": "supplier", "Alias": "supplier", "Startup Cost": 0.0, "Total Cost": 5334.54, "Plan Rows": 100000, "Plan Width": 75}, {"Node Type": "Sort", "Parent Relationship": "Inner", "Startup Cost": 2360765.81, "Total Cost": 2360914.26, "Plan Rows": 59380, "Plan Width": 16, "Sort Key": ["revenue0.supplier_no"], "Plans": [{"Node Type": "Subquery Scan", "Parent Relationship": "Outer", "Alias": "revenue0", "Startup Cost": 2354721.61, "Total Cost": 2356057.66, "Plan Rows": 59380, "Plan Width": 16, "Plans": [{"Node Type": "Aggregate", "Strategy": "Hashed", "Parent Relationship": "Subquery", "Startup Cost": 2354721.61, "Total Cost": 2355463.86, "Plan Rows": 59380, "Plan Width": 40, "Group By Key": ["public.lineitem.l_suppkey"], "Filter": "(sum((public.lineitem.l_extendedprice * (1::double precision - public.lineitem.l_discount))) = $0), (LLVM Optimized)", "Plans": [{"Node Type": "Seq Scan", "Parent Relationship": "Outer", "Relation Name": "lineitem", "Alias": "lineitem", "Startup Cost": 25.28, "Total Cost": 2315050.5, "Plan Rows": 2266921, "Plan Width": 24, "Filter": "((l_shipdate >= '1997-07-01 00:00:00'::timestamp(0) without time zone) AND (l_shipdate < '1997-10-01 00:00:00'::timestamp without time zone)), (LLVM Optimized)"}]}]}]}]}, "Unique SQL Id": 3712096918, "Planner Runtime": 0}, "explain_analyze_plan": null}, "(16, '77')": {"explain_plan": {"Plan": {"Node Type": "Merge Join", "Join Type": "Inner", "Startup Cost": 10341221.9, "Total Cost": 10347697.14, "Plan Rows": 59380, "Plan Width": 83, "Inner Unique": true, "Merge Cond": "(supplier.s_suppkey = revenue0.supplier_no)", "Plans": [{"Node Type": "Aggregate", "Strategy": "Plain", "Parent Relationship": "exec_init_plan", "Subplan Name": "InitPlan 1 (returns $0)", "Startup Cost": 5159755.92, "Total Cost": 5159755.93, "Plan Rows": 1, "Plan Width": 16, "Plans": [{"Node Type": "Aggregate", "Strategy": "Hashed", "Parent Relationship": "Outer", "Startup Cost": 5158419.87, "Total Cost": 5159013.67, "Plan Rows": 59380, "Plan Width": 32, "Group By Key": ["public.lineitem.l_suppkey"], "Plans": [{"Node Type": "Index Scan", "Parent Relationship": "Outer", "Scan Direction": "Forward", "Index Name": "idx_lineitem_shipdate", "Relation Name": "lineitem", "Alias": "lineitem", "Startup Cost": 0.0, "Total Cost": 5135750.66, "Plan Rows": 2266921, "Plan Width": 24, "Index Cond": "((l_shipdate >= '1997-07-01 00:00:00'::timestamp(0) without time zone) AND (l_shipdate < '1997-10-01 00:00:00'::timestamp without time zone)), (LLVM Optimized)"}]}]}, {"Node Type": "Index Scan", "Parent Relationship": "Outer", "Scan Direction": "Forward", "Index Name": "supplier_pkey", "Relation Name": "supplier", "Alias": "supplier", "Startup Cost": 0.0, "Total Cost": 5334.54, "Plan Rows": 100000, "Plan Width": 75}, {"Node Type": "Sort", "Parent Relationship": "Inner", "Startup Cost": 5181465.97, "Total Cost": 5181614.42, "Plan Rows": 59380, "Plan Width": 16, "Sort Key": ["revenue0.supplier_no"], "Plans": [{"Node Type": "Subquery Scan", "Parent Relationship": "Outer", "Alias": "revenue0", "Startup Cost": 5175421.77, "Total Cost": 5176757.82, "Plan Rows": 59380, "Plan Width": 16, "Plans": [{"Node Type": "Aggregate", "Strategy": "Hashed", "Parent Relationship": "Subquery", "Startup Cost": 5175421.77, "Total Cost": 5176164.02, "Plan Rows": 59380, "Plan Width": 40, "Group By Key": ["public.lineitem.l_suppkey"], "Filter": "(sum((public.lineitem.l_extendedprice * (1::double precision - public.lineitem.l_discount))) = $0), (LLVM Optimized)", "Plans": [{"Node Type": "Index Scan", "Parent Relationship": "Outer", "Scan Direction": "Forward", "Index Name": "idx_lineitem_shipdate", "Relation Name": "lineitem", "Alias": "lineitem", "Startup Cost": 0.0, "Total Cost": 5135750.66, "Plan Rows": 2266921, "Plan Width": 24, "Index Cond": "((l_shipdate >= '1997-07-01 00:00:00'::timestamp(0) without time zone) AND (l_shipdate < '1997-10-01 00:00:00'::timestamp without time zone)), (LLVM Optimized)"}]}]}]}]}, "Unique SQL Id": 3712096918, "Planner Runtime": 0}, "explain_analyze_plan": {"Plan": {"Node Type": "Merge Join", "Join Type": "Inner", "Startup Cost": 10341221.9, "Total Cost": 10347697.14, "Plan Rows": 59380, "Plan Width": 83, "Actual Startup Time": 15929.389, "Actual Total Time": 15929.399, "Actual Rows": 1, "Actual Loops": 1, "Inner Unique": true, "Merge Cond": "(supplier.s_suppkey = revenue0.supplier_no)", "Plans": [{"Node Type": "Aggregate", "Strategy": "Plain", "Parent Relationship": "exec_init_plan", "Subplan Name": "InitPlan 1 (returns $0)", "Startup Cost": 5159755.92, "Total Cost": 5159755.93, "Plan Rows": 1, "Plan Width": 16, "Actual Startup Time": 7904.524, "Actual Total Time": 7904.525, "Actual Rows": 1, "Actual Loops": 1, "Plans": [{"Node Type": "Aggregate", "Strategy": "Hashed", "Parent Relationship": "Outer", "Startup Cost": 5158419.87, "Total Cost": 5159013.67, "Plan Rows": 59380, "Plan Width": 32, "Actual Startup Time": 7850.004, "Actual Total Time": 7889.514, "Actual Rows": 100000, "Actual Loops": 1, "Group By Key": ["public.lineitem.l_suppkey"], "Plans": [{"Node Type": "Index Scan", "Parent Relationship": "Outer", "Scan Direction": "Forward", "Index Name": "idx_lineitem_shipdate", "Relation Name": "lineitem", "Alias": "lineitem", "Startup Cost": 0.0, "Total Cost": 5135750.66, "Plan Rows": 2266921, "Plan Width": 24, "Actual Startup Time": 0.093, "Actual Total Time": 5864.917, "Actual Rows": 2293944, "Actual Loops": 1, "Index Cond": "((l_shipdate >= '1997-07-01 00:00:00'::timestamp(0) without time zone) AND (l_shipdate < '1997-10-01 00:00:00'::timestamp without time zone)), (LLVM Optimized, Jit Execute)", "Rows Removed by Index Recheck": 0}]}]}, {"Node Type": "Index Scan", "Parent Relationship": "Outer", "Scan Direction": "Forward", "Index Name": "supplier_pkey", "Relation Name": "supplier", "Alias": "supplier", "Startup Cost": 0.0, "Total Cost": 5334.54, "Plan Rows": 100000, "Plan Width": 75, "Actual Startup Time": 0.043, "Actual Total Time": 22.323, "Actual Rows": 35977, "Actual Loops": 1}, {"Node Type": "Sort", "Parent Relationship": "Inner", "Startup Cost": 5181465.97, "Total Cost": 5181614.42, "Plan Rows": 59380, "Plan Width": 16, "Actual Startup Time": 15901.97, "Actual Total Time": 15901.971, "Actual Rows": 1, "Actual Loops": 1, "Sort Key": ["revenue0.supplier_no"], "Sort Method": "quicksort", "Sort Space Used": 25, "Sort Space Type": "Memory", "Plans": [{"Node Type": "Subquery Scan", "Parent Relationship": "Outer", "Alias": "revenue0", "Startup Cost": 5175421.77, "Total Cost": 5176757.82, "Plan Rows": 59380, "Plan Width": 16, "Actual Startup Time": 15883.247, "Actual Total Time": 15901.748, "Actual Rows": 1, "Actual Loops": 1, "Plans": [{"Node Type": "Aggregate", "Strategy": "Hashed", "Parent Relationship": "Subquery", "Startup Cost": 5175421.77, "Total Cost": 5176164.02, "Plan Rows": 59380, "Plan Width": 40, "Actual Startup Time": 15883.245, "Actual Total Time": 15901.744, "Actual Rows": 1, "Actual Loops": 1, "Group By Key": ["public.lineitem.l_suppkey"], "Filter": "(sum((public.lineitem.l_extendedprice * (1::double precision - public.lineitem.l_discount))) = $0), (LLVM Optimized, Jit Execute)", "Rows Removed by Filter": 99999, "Plans": [{"Node Type": "Index Scan", "Parent Relationship": "Outer", "Scan Direction": "Forward", "Index Name": "idx_lineitem_shipdate", "Relation Name": "lineitem", "Alias": "lineitem", "Startup Cost": 0.0, "Total Cost": 5135750.66, "Plan Rows": 2266921, "Plan Width": 24, "Actual Startup Time": 0.046, "Actual Total Time": 5918.312, "Actual Rows": 2293944, "Actual Loops": 1, "Index Cond": "((l_shipdate >= '1997-07-01 00:00:00'::timestamp(0) without time zone) AND (l_shipdate < '1997-10-01 00:00:00'::timestamp without time zone)), (LLVM Optimized, Jit Execute)", "Rows Removed by Index Recheck": 0}]}]}]}]}, "Triggers": [], "Planner Runtime": 0.924, "Total Runtime": 15940.792, "Unique SQL Id": 3712096918}}, "(16, '78')": {"explain_plan": {"Plan": {"Node Type": "Merge Join", "Join Type": "Inner", "Startup Cost": 4711409.4, "Total Cost": 4712800.1, "Plan Rows": 59380, "Plan Width": 83, "Inner Unique": true, "Merge Cond": "(supplier.s_suppkey = revenue0.supplier_no)", "Plans": [{"Node Type": "Aggregate", "Strategy": "Plain", "Parent Relationship": "exec_init_plan", "Subplan Name": "InitPlan 1 (returns $0)", "Startup Cost": 2339055.76, "Total Cost": 2339055.77, "Plan Rows": 1, "Plan Width": 16, "Plans": [{"Node Type": "Aggregate", "Strategy": "Hashed", "Parent Relationship": "Outer", "Startup Cost": 2337719.71, "Total Cost": 2338313.51, "Plan Rows": 59380, "Plan Width": 32, "Group By Key": ["public.lineitem.l_suppkey"], "Plans": [{"Node Type": "Seq Scan", "Parent Relationship": "Outer", "Relation Name": "lineitem", "Alias": "lineitem", "Startup Cost": 25.28, "Total Cost": 2315050.5, "Plan Rows": 2266921, "Plan Width": 24, "Filter": "((l_shipdate >= '1997-07-01 00:00:00'::timestamp(0) without time zone) AND (l_shipdate < '1997-10-01 00:00:00'::timestamp without time zone)), (LLVM Optimized)"}]}]}, {"Node Type": "Sort", "Parent Relationship": "Outer", "Startup Cost": 11587.82, "Total Cost": 11837.82, "Plan Rows": 100000, "Plan Width": 75, "Sort Key": ["supplier.s_suppkey"], "Plans": [{"Node Type": "Seq Scan", "Parent Relationship": "Outer", "Relation Name": "supplier", "Alias": "supplier", "Startup Cost": 0.0, "Total Cost": 3283.0, "Plan Rows": 100000, "Plan Width": 75}]}, {"Node Type": "Sort", "Parent Relationship": "Inner", "Startup Cost": 2360765.81, "Total Cost": 2360914.26, "Plan Rows": 59380, "Plan Width": 16, "Sort Key": ["revenue0.supplier_no"], "Plans": [{"Node Type": "Subquery Scan", "Parent Relationship": "Outer", "Alias": "revenue0", "Startup Cost": 2354721.61, "Total Cost": 2356057.66, "Plan Rows": 59380, "Plan Width": 16, "Plans": [{"Node Type": "Aggregate", "Strategy": "Hashed", "Parent Relationship": "Subquery", "Startup Cost": 2354721.61, "Total Cost": 2355463.86, "Plan Rows": 59380, "Plan Width": 40, "Group By Key": ["public.lineitem.l_suppkey"], "Filter": "(sum((public.lineitem.l_extendedprice * (1::double precision - public.lineitem.l_discount))) = $0), (LLVM Optimized)", "Plans": [{"Node Type": "Seq Scan", "Parent Relationship": "Outer", "Relation Name": "lineitem", "Alias": "lineitem", "Startup Cost": 25.28, "Total Cost": 2315050.5, "Plan Rows": 2266921, "Plan Width": 24, "Filter": "((l_shipdate >= '1997-07-01 00:00:00'::timestamp(0) without time zone) AND (l_shipdate < '1997-10-01 00:00:00'::timestamp without time zone)), (LLVM Optimized)"}]}]}]}]}, "Unique SQL Id": 3712096918, "Planner Runtime": 0}, "explain_analyze_plan": null}, "(16, '79')": {"explain_plan": {"Plan": {"Node Type": "Merge Join", "Join Type": "Inner", "Startup Cost": 2010463079819.59, "Total Cost": 3000463614414.67, "Plan Rows": 59380, "Plan Width": 83, "Inner Unique": true, "Merge Cond": "(supplier.s_suppkey = revenue0.supplier_no)", "Plans": [{"Node Type": "Aggregate", "Strategy": "Plain", "Parent Relationship": "exec_init_plan", "Subplan Name": "InitPlan 1 (returns $0)", "Startup Cost": 1000231529054.76, "Total Cost": 1000231529054.77, "Plan Rows": 1, "Plan Width": 16, "Plans": [{"Node Type": "Aggregate", "Strategy": "Hashed", "Parent Relationship": "Outer", "Startup Cost": 1000231527718.71, "Total Cost": 1000231528312.51, "Plan Rows": 59380, "Plan Width": 32, "Group By Key": ["public.lineitem.l_suppkey"], "Plans": [{"Node Type": "Seq Scan", "Parent Relationship": "Outer", "Relation Name": "lineitem", "Alias": "lineitem", "Startup Cost": 10000000025.02, "Total Cost": 1000231505049.5, "Plan Rows": 2266921, "Plan Width": 24, "Filter": "((l_shipdate >= '1997-07-01 00:00:00'::timestamp(0) without time zone) AND (l_shipdate < '1997-10-01 00:00:00'::timestamp without time zone)), (LLVM Optimized)"}]}]}, {"Node Type": "Index Scan", "Parent Relationship": "Outer", "Scan Direction": "Forward", "Index Name": "supplier_pkey", "Relation Name": "supplier", "Alias": "supplier", "Startup Cost": 10000000000.0, "Total Cost": 1000000533454.38, "Plan Rows": 100000, "Plan Width": 75}, {"Node Type": "Sort", "Parent Relationship": "Inner", "Startup Cost": 1000231550764.82, "Total Cost": 1000231550913.27, "Plan Rows": 59380, "Plan Width": 16, "Sort Key": ["revenue0.supplier_no"], "Plans": [{"Node Type": "Subquery Scan", "Parent Relationship": "Outer", "Alias": "revenue0", "Startup Cost": 1000231544720.62, "Total Cost": 1000231546056.67, "Plan Rows": 59380, "Plan Width": 16, "Plans": [{"Node Type": "Aggregate", "Strategy": "Hashed", "Parent Relationship": "Subquery", "Startup Cost": 1000231544720.62, "Total Cost": 1000231545462.87, "Plan Rows": 59380, "Plan Width": 40, "Group By Key": ["public.lineitem.l_suppkey"], "Filter": "(sum((public.lineitem.l_extendedprice * (1::double precision - public.lineitem.l_discount))) = $0), (LLVM Optimized)", "Plans": [{"Node Type": "Seq Scan", "Parent Relationship": "Outer", "Relation Name": "lineitem", "Alias": "lineitem", "Startup Cost": 10000000025.02, "Total Cost": 1000231505049.5, "Plan Rows": 2266921, "Plan Width": 24, "Filter": "((l_shipdate >= '1997-07-01 00:00:00'::timestamp(0) without time zone) AND (l_shipdate < '1997-10-01 00:00:00'::timestamp without time zone)), (LLVM Optimized)"}]}]}]}]}, "Unique SQL Id": 3712096918, "Planner Runtime": 0}, "explain_analyze_plan": null}, "(16, '80')": {"explain_plan": {"Plan": {"Node Type": "Merge Join", "Join Type": "Inner", "Startup Cost": 3242103.77, "Total Cost": 3248579.02, "Plan Rows": 59380, "Plan Width": 83, "Inner Unique": true, "Merge Cond": "(supplier.s_suppkey = revenue0.supplier_no)", "Plans": [{"Node Type": "Aggregate", "Strategy": "Plain", "Parent Relationship": "exec_init_plan", "Subplan Name": "InitPlan 1 (returns $0)", "Startup Cost": 1610196.85, "Total Cost": 1610196.86, "Plan Rows": 1, "Plan Width": 16, "Plans": [{"Node Type": "Aggregate", "Strategy": "Hashed", "Parent Relationship": "Outer", "Startup Cost": 1608860.8, "Total Cost": 1609454.6, "Plan Rows": 59380, "Plan Width": 32, "Group By Key": ["public.lineitem.l_suppkey"], "Plans": [{"Node Type": "Bitmap Heap Scan", "Parent Relationship": "Outer", "Relation Name": "lineitem", "Alias": "lineitem", "Startup Cost": 78544.19, "Total Cost": 1586191.59, "Plan Rows": 2266921, "Plan Width": 24, "Recheck Cond": "((l_shipdate >= '1997-07-01 00:00:00'::timestamp(0) without time zone) AND (l_shipdate < '1997-10-01 00:00:00'::timestamp without time zone)), (LLVM Optimized)", "Plans": [{"Node Type": "Bitmap Index Scan", "Parent Relationship": "Outer", "Index Name": "idx_lineitem_shipdate", "Startup Cost": 0.0, "Total Cost": 77977.46, "Plan Rows": 2266921, "Plan Width": 0, "Index Cond": "((l_shipdate >= '1997-07-01 00:00:00'::timestamp(0) without time zone) AND (l_shipdate < '1997-10-01 00:00:00'::timestamp without time zone))"}]}]}]}, {"Node Type": "Index Scan", "Parent Relationship": "Outer", "Scan Direction": "Forward", "Index Name": "supplier_pkey", "Relation Name": "supplier", "Alias": "supplier", "Startup Cost": 0.0, "Total Cost": 5334.54, "Plan Rows": 100000, "Plan Width": 75}, {"Node Type": "Sort", "Parent Relationship": "Inner", "Startup Cost": 1631906.91, "Total Cost": 1632055.36, "Plan Rows": 59380, "Plan Width": 16, "Sort Key": ["revenue0.supplier_no"], "Plans": [{"Node Type": "Subquery Scan", "Parent Relationship": "Outer", "Alias": "revenue0", "Startup Cost": 1625862.71, "Total Cost": 1627198.76, "Plan Rows": 59380, "Plan Width": 16, "Plans": [{"Node Type": "Aggregate", "Strategy": "Hashed", "Parent Relationship": "Subquery", "Startup Cost": 1625862.71, "Total Cost": 1626604.96, "Plan Rows": 59380, "Plan Width": 40, "Group By Key": ["public.lineitem.l_suppkey"], "Filter": "(sum((public.lineitem.l_extendedprice * (1::double precision - public.lineitem.l_discount))) = $0), (LLVM Optimized)", "Plans": [{"Node Type": "Bitmap Heap Scan", "Parent Relationship": "Outer", "Relation Name": "lineitem", "Alias": "lineitem", "Startup Cost": 78544.19, "Total Cost": 1586191.59, "Plan Rows": 2266921, "Plan Width": 24, "Recheck Cond": "((l_shipdate >= '1997-07-01 00:00:00'::timestamp(0) without time zone) AND (l_shipdate < '1997-10-01 00:00:00'::timestamp without time zone)), (LLVM Optimized)", "Plans": [{"Node Type": "Bitmap Index Scan", "Parent Relationship": "Outer", "Index Name": "idx_lineitem_shipdate", "Startup Cost": 0.0, "Total Cost": 77977.46, "Plan Rows": 2266921, "Plan Width": 0, "Index Cond": "((l_shipdate >= '1997-07-01 00:00:00'::timestamp(0) without time zone) AND (l_shipdate < '1997-10-01 00:00:00'::timestamp without time zone))"}]}]}]}]}]}, "Unique SQL Id": 3712096918, "Planner Runtime": 0}, "explain_analyze_plan": {"Plan": {"Node Type": "Merge Join", "Join Type": "Inner", "Startup Cost": 3242103.77, "Total Cost": 3248579.02, "Plan Rows": 59380, "Plan Width": 83, "Actual Startup Time": 11118.228, "Actual Total Time": 11118.237, "Actual Rows": 1, "Actual Loops": 1, "Inner Unique": true, "Merge Cond": "(supplier.s_suppkey = revenue0.supplier_no)", "Plans": [{"Node Type": "Aggregate", "Strategy": "Plain", "Parent Relationship": "exec_init_plan", "Subplan Name": "InitPlan 1 (returns $0)", "Startup Cost": 1610196.85, "Total Cost": 1610196.86, "Plan Rows": 1, "Plan Width": 16, "Actual Startup Time": 5738.869, "Actual Total Time": 5738.869, "Actual Rows": 1, "Actual Loops": 1, "Plans": [{"Node Type": "Aggregate", "Strategy": "Hashed", "Parent Relationship": "Outer", "Startup Cost": 1608860.8, "Total Cost": 1609454.6, "Plan Rows": 59380, "Plan Width": 32, "Actual Startup Time": 5688.243, "Actual Total Time": 5723.985, "Actual Rows": 100000, "Actual Loops": 1, "Group By Key": ["public.lineitem.l_suppkey"], "Plans": [{"Node Type": "Bitmap Heap Scan", "Parent Relationship": "Outer", "Relation Name": "lineitem", "Alias": "lineitem", "Startup Cost": 78544.19, "Total Cost": 1586191.59, "Plan Rows": 2266921, "Plan Width": 24, "Actual Startup Time": 1223.117, "Actual Total Time": 4086.228, "Actual Rows": 2293944, "Actual Loops": 1, "Recheck Cond": "((l_shipdate >= '1997-07-01 00:00:00'::timestamp(0) without time zone) AND (l_shipdate < '1997-10-01 00:00:00'::timestamp without time zone)), (LLVM Optimized, Jit Execute)", "Rows Removed by Index Recheck": 0, "Exact Heap Blocks": 732487, "Lossy Heap Blocks": 732487, "Plans": [{"Node Type": "Bitmap Index Scan", "Parent Relationship": "Outer", "Index Name": "idx_lineitem_shipdate", "Startup Cost": 0.0, "Total Cost": 77977.46, "Plan Rows": 2266921, "Plan Width": 0, "Actual Startup Time": 892.359, "Actual Total Time": 892.359, "Actual Rows": 2293944, "Actual Loops": 1, "Index Cond": "((l_shipdate >= '1997-07-01 00:00:00'::timestamp(0) without time zone) AND (l_shipdate < '1997-10-01 00:00:00'::timestamp without time zone))"}]}]}]}, {"Node Type": "Index Scan", "Parent Relationship": "Outer", "Scan Direction": "Forward", "Index Name": "supplier_pkey", "Relation Name": "supplier", "Alias": "supplier", "Startup Cost": 0.0, "Total Cost": 5334.54, "Plan Rows": 100000, "Plan Width": 75, "Actual Startup Time": 0.04, "Actual Total Time": 22.499, "Actual Rows": 35977, "Actual Loops": 1}, {"Node Type": "Sort", "Parent Relationship": "Inner", "Startup Cost": 1631906.91, "Total Cost": 1632055.36, "Plan Rows": 59380, "Plan Width": 16, "Actual Startup Time": 11090.65, "Actual Total Time": 11090.651, "Actual Rows": 1, "Actual Loops": 1, "Sort Key": ["revenue0.supplier_no"], "Sort Method": "quicksort", "Sort Space Used": 25, "Sort Space Type": "Memory", "Plans": [{"Node Type": "Subquery Scan", "Parent Relationship": "Outer", "Alias": "revenue0", "Startup Cost": 1625862.71, "Total Cost": 1627198.76, "Plan Rows": 59380, "Plan Width": 16, "Actual Startup Time": 11071.098, "Actual Total Time": 11090.42, "Actual Rows": 1, "Actual Loops": 1, "Plans": [{"Node Type": "Aggregate", "Strategy": "Hashed", "Parent Relationship": "Subquery", "Startup Cost": 1625862.71, "Total Cost": 1626604.96, "Plan Rows": 59380, "Plan Width": 40, "Actual Startup Time": 11071.095, "Actual Total Time": 11090.414, "Actual Rows": 1, "Actual Loops": 1, "Group By Key": ["public.lineitem.l_suppkey"], "Filter": "(sum((public.lineitem.l_extendedprice * (1::double precision - public.lineitem.l_discount))) = $0), (LLVM Optimized, Jit Execute)", "Rows Removed by Filter": 99999, "Plans": [{"Node Type": "Bitmap Heap Scan", "Parent Relationship": "Outer", "Relation Name": "lineitem", "Alias": "lineitem", "Startup Cost": 78544.19, "Total Cost": 1586191.59, "Plan Rows": 2266921, "Plan Width": 24, "Actual Startup Time": 1031.52, "Actual Total Time": 3790.349, "Actual Rows": 2293944, "Actual Loops": 1, "Recheck Cond": "((l_shipdate >= '1997-07-01 00:00:00'::timestamp(0) without time zone) AND (l_shipdate < '1997-10-01 00:00:00'::timestamp without time zone)), (LLVM Optimized, Jit Execute)", "Rows Removed by Index Recheck": 0, "Exact Heap Blocks": 732487, "Lossy Heap Blocks": 732487, "Plans": [{"Node Type": "Bitmap Index Scan", "Parent Relationship": "Outer", "Index Name": "idx_lineitem_shipdate", "Startup Cost": 0.0, "Total Cost": 77977.46, "Plan Rows": 2266921, "Plan Width": 0, "Actual Startup Time": 742.846, "Actual Total Time": 742.846, "Actual Rows": 2293944, "Actual Loops": 1, "Index Cond": "((l_shipdate >= '1997-07-01 00:00:00'::timestamp(0) without time zone) AND (l_shipdate < '1997-10-01 00:00:00'::timestamp without time zone))"}]}]}]}]}]}, "Triggers": [], "Planner Runtime": 0.881, "Total Runtime": 11131.308, "Unique SQL Id": 3712096918}}, "(16, '81')": {"explain_plan": {"Plan": {"Node Type": "Merge Join", "Join Type": "Inner", "Startup Cost": 3242103.77, "Total Cost": 3248579.02, "Plan Rows": 59380, "Plan Width": 83, "Inner Unique": true, "Merge Cond": "(supplier.s_suppkey = revenue0.supplier_no)", "Plans": [{"Node Type": "Aggregate", "Strategy": "Plain", "Parent Relationship": "exec_init_plan", "Subplan Name": "InitPlan 1 (returns $0)", "Startup Cost": 1610196.85, "Total Cost": 1610196.86, "Plan Rows": 1, "Plan Width": 16, "Plans": [{"Node Type": "Aggregate", "Strategy": "Hashed", "Parent Relationship": "Outer", "Startup Cost": 1608860.8, "Total Cost": 1609454.6, "Plan Rows": 59380, "Plan Width": 32, "Group By Key": ["public.lineitem.l_suppkey"], "Plans": [{"Node Type": "Bitmap Heap Scan", "Parent Relationship": "Outer", "Relation Name": "lineitem", "Alias": "lineitem", "Startup Cost": 78544.19, "Total Cost": 1586191.59, "Plan Rows": 2266921, "Plan Width": 24, "Recheck Cond": "((l_shipdate >= '1997-07-01 00:00:00'::timestamp(0) without time zone) AND (l_shipdate < '1997-10-01 00:00:00'::timestamp without time zone)), (LLVM Optimized)", "Plans": [{"Node Type": "Bitmap Index Scan", "Parent Relationship": "Outer", "Index Name": "idx_lineitem_shipdate", "Startup Cost": 0.0, "Total Cost": 77977.46, "Plan Rows": 2266921, "Plan Width": 0, "Index Cond": "((l_shipdate >= '1997-07-01 00:00:00'::timestamp(0) without time zone) AND (l_shipdate < '1997-10-01 00:00:00'::timestamp without time zone))"}]}]}]}, {"Node Type": "Index Scan", "Parent Relationship": "Outer", "Scan Direction": "Forward", "Index Name": "supplier_pkey", "Relation Name": "supplier", "Alias": "supplier", "Startup Cost": 0.0, "Total Cost": 5334.54, "Plan Rows": 100000, "Plan Width": 75}, {"Node Type": "Sort", "Parent Relationship": "Inner", "Startup Cost": 1631906.91, "Total Cost": 1632055.36, "Plan Rows": 59380, "Plan Width": 16, "Sort Key": ["revenue0.supplier_no"], "Plans": [{"Node Type": "Subquery Scan", "Parent Relationship": "Outer", "Alias": "revenue0", "Startup Cost": 1625862.71, "Total Cost": 1627198.76, "Plan Rows": 59380, "Plan Width": 16, "Plans": [{"Node Type": "Aggregate", "Strategy": "Hashed", "Parent Relationship": "Subquery", "Startup Cost": 1625862.71, "Total Cost": 1626604.96, "Plan Rows": 59380, "Plan Width": 40, "Group By Key": ["public.lineitem.l_suppkey"], "Filter": "(sum((public.lineitem.l_extendedprice * (1::double precision - public.lineitem.l_discount))) = $0), (LLVM Optimized)", "Plans": [{"Node Type": "Bitmap Heap Scan", "Parent Relationship": "Outer", "Relation Name": "lineitem", "Alias": "lineitem", "Startup Cost": 78544.19, "Total Cost": 1586191.59, "Plan Rows": 2266921, "Plan Width": 24, "Recheck Cond": "((l_shipdate >= '1997-07-01 00:00:00'::timestamp(0) without time zone) AND (l_shipdate < '1997-10-01 00:00:00'::timestamp without time zone)), (LLVM Optimized)", "Plans": [{"Node Type": "Bitmap Index Scan", "Parent Relationship": "Outer", "Index Name": "idx_lineitem_shipdate", "Startup Cost": 0.0, "Total Cost": 77977.46, "Plan Rows": 2266921, "Plan Width": 0, "Index Cond": "((l_shipdate >= '1997-07-01 00:00:00'::timestamp(0) without time zone) AND (l_shipdate < '1997-10-01 00:00:00'::timestamp without time zone))"}]}]}]}]}]}, "Unique SQL Id": 3712096918, "Planner Runtime": 0}, "explain_analyze_plan": {"Plan": {"Node Type": "Merge Join", "Join Type": "Inner", "Startup Cost": 3242103.77, "Total Cost": 3248579.02, "Plan Rows": 59380, "Plan Width": 83, "Actual Startup Time": 11118.228, "Actual Total Time": 11118.237, "Actual Rows": 1, "Actual Loops": 1, "Inner Unique": true, "Merge Cond": "(supplier.s_suppkey = revenue0.supplier_no)", "Plans": [{"Node Type": "Aggregate", "Strategy": "Plain", "Parent Relationship": "exec_init_plan", "Subplan Name": "InitPlan 1 (returns $0)", "Startup Cost": 1610196.85, "Total Cost": 1610196.86, "Plan Rows": 1, "Plan Width": 16, "Actual Startup Time": 5738.869, "Actual Total Time": 5738.869, "Actual Rows": 1, "Actual Loops": 1, "Plans": [{"Node Type": "Aggregate", "Strategy": "Hashed", "Parent Relationship": "Outer", "Startup Cost": 1608860.8, "Total Cost": 1609454.6, "Plan Rows": 59380, "Plan Width": 32, "Actual Startup Time": 5688.243, "Actual Total Time": 5723.985, "Actual Rows": 100000, "Actual Loops": 1, "Group By Key": ["public.lineitem.l_suppkey"], "Plans": [{"Node Type": "Bitmap Heap Scan", "Parent Relationship": "Outer", "Relation Name": "lineitem", "Alias": "lineitem", "Startup Cost": 78544.19, "Total Cost": 1586191.59, "Plan Rows": 2266921, "Plan Width": 24, "Actual Startup Time": 1223.117, "Actual Total Time": 4086.228, "Actual Rows": 2293944, "Actual Loops": 1, "Recheck Cond": "((l_shipdate >= '1997-07-01 00:00:00'::timestamp(0) without time zone) AND (l_shipdate < '1997-10-01 00:00:00'::timestamp without time zone)), (LLVM Optimized, Jit Execute)", "Rows Removed by Index Recheck": 0, "Exact Heap Blocks": 732487, "Lossy Heap Blocks": 732487, "Plans": [{"Node Type": "Bitmap Index Scan", "Parent Relationship": "Outer", "Index Name": "idx_lineitem_shipdate", "Startup Cost": 0.0, "Total Cost": 77977.46, "Plan Rows": 2266921, "Plan Width": 0, "Actual Startup Time": 892.359, "Actual Total Time": 892.359, "Actual Rows": 2293944, "Actual Loops": 1, "Index Cond": "((l_shipdate >= '1997-07-01 00:00:00'::timestamp(0) without time zone) AND (l_shipdate < '1997-10-01 00:00:00'::timestamp without time zone))"}]}]}]}, {"Node Type": "Index Scan", "Parent Relationship": "Outer", "Scan Direction": "Forward", "Index Name": "supplier_pkey", "Relation Name": "supplier", "Alias": "supplier", "Startup Cost": 0.0, "Total Cost": 5334.54, "Plan Rows": 100000, "Plan Width": 75, "Actual Startup Time": 0.04, "Actual Total Time": 22.499, "Actual Rows": 35977, "Actual Loops": 1}, {"Node Type": "Sort", "Parent Relationship": "Inner", "Startup Cost": 1631906.91, "Total Cost": 1632055.36, "Plan Rows": 59380, "Plan Width": 16, "Actual Startup Time": 11090.65, "Actual Total Time": 11090.651, "Actual Rows": 1, "Actual Loops": 1, "Sort Key": ["revenue0.supplier_no"], "Sort Method": "quicksort", "Sort Space Used": 25, "Sort Space Type": "Memory", "Plans": [{"Node Type": "Subquery Scan", "Parent Relationship": "Outer", "Alias": "revenue0", "Startup Cost": 1625862.71, "Total Cost": 1627198.76, "Plan Rows": 59380, "Plan Width": 16, "Actual Startup Time": 11071.098, "Actual Total Time": 11090.42, "Actual Rows": 1, "Actual Loops": 1, "Plans": [{"Node Type": "Aggregate", "Strategy": "Hashed", "Parent Relationship": "Subquery", "Startup Cost": 1625862.71, "Total Cost": 1626604.96, "Plan Rows": 59380, "Plan Width": 40, "Actual Startup Time": 11071.095, "Actual Total Time": 11090.414, "Actual Rows": 1, "Actual Loops": 1, "Group By Key": ["public.lineitem.l_suppkey"], "Filter": "(sum((public.lineitem.l_extendedprice * (1::double precision - public.lineitem.l_discount))) = $0), (LLVM Optimized, Jit Execute)", "Rows Removed by Filter": 99999, "Plans": [{"Node Type": "Bitmap Heap Scan", "Parent Relationship": "Outer", "Relation Name": "lineitem", "Alias": "lineitem", "Startup Cost": 78544.19, "Total Cost": 1586191.59, "Plan Rows": 2266921, "Plan Width": 24, "Actual Startup Time": 1031.52, "Actual Total Time": 3790.349, "Actual Rows": 2293944, "Actual Loops": 1, "Recheck Cond": "((l_shipdate >= '1997-07-01 00:00:00'::timestamp(0) without time zone) AND (l_shipdate < '1997-10-01 00:00:00'::timestamp without time zone)), (LLVM Optimized, Jit Execute)", "Rows Removed by Index Recheck": 0, "Exact Heap Blocks": 732487, "Lossy Heap Blocks": 732487, "Plans": [{"Node Type": "Bitmap Index Scan", "Parent Relationship": "Outer", "Index Name": "idx_lineitem_shipdate", "Startup Cost": 0.0, "Total Cost": 77977.46, "Plan Rows": 2266921, "Plan Width": 0, "Actual Startup Time": 742.846, "Actual Total Time": 742.846, "Actual Rows": 2293944, "Actual Loops": 1, "Index Cond": "((l_shipdate >= '1997-07-01 00:00:00'::timestamp(0) without time zone) AND (l_shipdate < '1997-10-01 00:00:00'::timestamp without time zone))"}]}]}]}]}]}, "Triggers": [], "Planner Runtime": 0.881, "Total Runtime": 11131.308, "Unique SQL Id": 3712096918}}, "(16, '82')": {"explain_plan": {"Plan": {"Node Type": "Merge Join", "Join Type": "Inner", "Startup Cost": 3253691.59, "Total Cost": 3255082.29, "Plan Rows": 59380, "Plan Width": 83, "Inner Unique": true, "Merge Cond": "(supplier.s_suppkey = revenue0.supplier_no)", "Plans": [{"Node Type": "Aggregate", "Strategy": "Plain", "Parent Relationship": "exec_init_plan", "Subplan Name": "InitPlan 1 (returns $0)", "Startup Cost": 1610196.85, "Total Cost": 1610196.86, "Plan Rows": 1, "Plan Width": 16, "Plans": [{"Node Type": "Aggregate", "Strategy": "Hashed", "Parent Relationship": "Outer", "Startup Cost": 1608860.8, "Total Cost": 1609454.6, "Plan Rows": 59380, "Plan Width": 32, "Group By Key": ["public.lineitem.l_suppkey"], "Plans": [{"Node Type": "Bitmap Heap Scan", "Parent Relationship": "Outer", "Relation Name": "lineitem", "Alias": "lineitem", "Startup Cost": 78544.19, "Total Cost": 1586191.59, "Plan Rows": 2266921, "Plan Width": 24, "Recheck Cond": "((l_shipdate >= '1997-07-01 00:00:00'::timestamp(0) without time zone) AND (l_shipdate < '1997-10-01 00:00:00'::timestamp without time zone)), (LLVM Optimized)", "Plans": [{"Node Type": "Bitmap Index Scan", "Parent Relationship": "Outer", "Index Name": "idx_lineitem_shipdate", "Startup Cost": 0.0, "Total Cost": 77977.46, "Plan Rows": 2266921, "Plan Width": 0, "Index Cond": "((l_shipdate >= '1997-07-01 00:00:00'::timestamp(0) without time zone) AND (l_shipdate < '1997-10-01 00:00:00'::timestamp without time zone))"}]}]}]}, {"Node Type": "Sort", "Parent Relationship": "Outer", "Startup Cost": 11587.82, "Total Cost": 11837.82, "Plan Rows": 100000, "Plan Width": 75, "Sort Key": ["supplier.s_suppkey"], "Plans": [{"Node Type": "Seq Scan", "Parent Relationship": "Outer", "Relation Name": "supplier", "Alias": "supplier", "Startup Cost": 0.0, "Total Cost": 3283.0, "Plan Rows": 100000, "Plan Width": 75}]}, {"Node Type": "Sort", "Parent Relationship": "Inner", "Startup Cost": 1631906.91, "Total Cost": 1632055.36, "Plan Rows": 59380, "Plan Width": 16, "Sort Key": ["revenue0.supplier_no"], "Plans": [{"Node Type": "Subquery Scan", "Parent Relationship": "Outer", "Alias": "revenue0", "Startup Cost": 1625862.71, "Total Cost": 1627198.76, "Plan Rows": 59380, "Plan Width": 16, "Plans": [{"Node Type": "Aggregate", "Strategy": "Hashed", "Parent Relationship": "Subquery", "Startup Cost": 1625862.71, "Total Cost": 1626604.96, "Plan Rows": 59380, "Plan Width": 40, "Group By Key": ["public.lineitem.l_suppkey"], "Filter": "(sum((public.lineitem.l_extendedprice * (1::double precision - public.lineitem.l_discount))) = $0), (LLVM Optimized)", "Plans": [{"Node Type": "Bitmap Heap Scan", "Parent Relationship": "Outer", "Relation Name": "lineitem", "Alias": "lineitem", "Startup Cost": 78544.19, "Total Cost": 1586191.59, "Plan Rows": 2266921, "Plan Width": 24, "Recheck Cond": "((l_shipdate >= '1997-07-01 00:00:00'::timestamp(0) without time zone) AND (l_shipdate < '1997-10-01 00:00:00'::timestamp without time zone)), (LLVM Optimized)", "Plans": [{"Node Type": "Bitmap Index Scan", "Parent Relationship": "Outer", "Index Name": "idx_lineitem_shipdate", "Startup Cost": 0.0, "Total Cost": 77977.46, "Plan Rows": 2266921, "Plan Width": 0, "Index Cond": "((l_shipdate >= '1997-07-01 00:00:00'::timestamp(0) without time zone) AND (l_shipdate < '1997-10-01 00:00:00'::timestamp without time zone))"}]}]}]}]}]}, "Unique SQL Id": 3712096918, "Planner Runtime": 0}, "explain_analyze_plan": {"Plan": {"Node Type": "Merge Join", "Join Type": "Inner", "Startup Cost": 3253691.59, "Total Cost": 3255082.29, "Plan Rows": 59380, "Plan Width": 83, "Actual Startup Time": 11244.454, "Actual Total Time": 11244.66, "Actual Rows": 1, "Actual Loops": 1, "Inner Unique": true, "Merge Cond": "(supplier.s_suppkey = revenue0.supplier_no)", "Plans": [{"Node Type": "Aggregate", "Strategy": "Plain", "Parent Relationship": "exec_init_plan", "Subplan Name": "InitPlan 1 (returns $0)", "Startup Cost": 1610196.85, "Total Cost": 1610196.86, "Plan Rows": 1, "Plan Width": 16, "Actual Startup Time": 5540.475, "Actual Total Time": 5540.475, "Actual Rows": 1, "Actual Loops": 1, "Plans": [{"Node Type": "Aggregate", "Strategy": "Hashed", "Parent Relationship": "Outer", "Startup Cost": 1608860.8, "Total Cost": 1609454.6, "Plan Rows": 59380, "Plan Width": 32, "Actual Startup Time": 5487.76, "Actual Total Time": 5525.414, "Actual Rows": 100000, "Actual Loops": 1, "Group By Key": ["public.lineitem.l_suppkey"], "Plans": [{"Node Type": "Bitmap Heap Scan", "Parent Relationship": "Outer", "Relation Name": "lineitem", "Alias": "lineitem", "Startup Cost": 78544.19, "Total Cost": 1586191.59, "Plan Rows": 2266921, "Plan Width": 24, "Actual Startup Time": 1071.158, "Actual Total Time": 3793.282, "Actual Rows": 2293944, "Actual Loops": 1, "Recheck Cond": "((l_shipdate >= '1997-07-01 00:00:00'::timestamp(0) without time zone) AND (l_shipdate < '1997-10-01 00:00:00'::timestamp without time zone)), (LLVM Optimized, Jit Execute)", "Rows Removed by Index Recheck": 0, "Exact Heap Blocks": 732487, "Lossy Heap Blocks": 732487, "Plans": [{"Node Type": "Bitmap Index Scan", "Parent Relationship": "Outer", "Index Name": "idx_lineitem_shipdate", "Startup Cost": 0.0, "Total Cost": 77977.46, "Plan Rows": 2266921, "Plan Width": 0, "Actual Startup Time": 771.958, "Actual Total Time": 771.958, "Actual Rows": 2293944, "Actual Loops": 1, "Index Cond": "((l_shipdate >= '1997-07-01 00:00:00'::timestamp(0) without time zone) AND (l_shipdate < '1997-10-01 00:00:00'::timestamp without time zone))"}]}]}]}, {"Node Type": "Sort", "Parent Relationship": "Outer", "Startup Cost": 11587.82, "Total Cost": 11837.82, "Plan Rows": 100000, "Plan Width": 75, "Actual Startup Time": 71.958, "Actual Total Time": 76.627, "Actual Rows": 35977, "Actual Loops": 1, "Sort Key": ["supplier.s_suppkey"], "Sort Method": "quicksort", "Sort Space Used": 18698, "Sort Space Type": "Memory", "Plans": [{"Node Type": "Seq Scan", "Parent Relationship": "Outer", "Relation Name": "supplier", "Alias": "supplier", "Startup Cost": 0.0, "Total Cost": 3283.0, "Plan Rows": 100000, "Plan Width": 75, "Actual Startup Time": 0.03, "Actual Total Time": 35.522, "Actual Rows": 100000, "Actual Loops": 1}]}, {"Node Type": "Sort", "Parent Relationship": "Inner", "Startup Cost": 1631906.91, "Total Cost": 1632055.36, "Plan Rows": 59380, "Plan Width": 16, "Actual Startup Time": 11162.59, "Actual Total Time": 11162.59, "Actual Rows": 1, "Actual Loops": 1, "Sort Key": ["revenue0.supplier_no"], "Sort Method": "quicksort", "Sort Space Used": 25, "Sort Space Type": "Memory", "Plans": [{"Node Type": "Subquery Scan", "Parent Relationship": "Outer", "Alias": "revenue0", "Startup Cost": 1625862.71, "Total Cost": 1627198.76, "Plan Rows": 59380, "Plan Width": 16, "Actual Startup Time": 11143.388, "Actual Total Time": 11162.34, "Actual Rows": 1, "Actual Loops": 1, "Plans": [{"Node Type": "Aggregate", "Strategy": "Hashed", "Parent Relationship": "Subquery", "Startup Cost": 1625862.71, "Total Cost": 1626604.96, "Plan Rows": 59380, "Plan Width": 40, "Actual Startup Time": 11143.385, "Actual Total Time": 11162.334, "Actual Rows": 1, "Actual Loops": 1, "Group By Key": ["public.lineitem.l_suppkey"], "Filter": "(sum((public.lineitem.l_extendedprice * (1::double precision - public.lineitem.l_discount))) = $0), (LLVM Optimized, Jit Execute)", "Rows Removed by Filter": 99999, "Plans": [{"Node Type": "Bitmap Heap Scan", "Parent Relationship": "Outer", "Relation Name": "lineitem", "Alias": "lineitem", "Startup Cost": 78544.19, "Total Cost": 1586191.59, "Plan Rows": 2266921, "Plan Width": 24, "Actual Startup Time": 1145.015, "Actual Total Time": 3998.398, "Actual Rows": 2293944, "Actual Loops": 1, "Recheck Cond": "((l_shipdate >= '1997-07-01 00:00:00'::timestamp(0) without time zone) AND (l_shipdate < '1997-10-01 00:00:00'::timestamp without time zone)), (LLVM Optimized, Jit Execute)", "Rows Removed by Index Recheck": 0, "Exact Heap Blocks": 732487, "Lossy Heap Blocks": 732487, "Plans": [{"Node Type": "Bitmap Index Scan", "Parent Relationship": "Outer", "Index Name": "idx_lineitem_shipdate", "Startup Cost": 0.0, "Total Cost": 77977.46, "Plan Rows": 2266921, "Plan Width": 0, "Actual Startup Time": 789.761, "Actual Total Time": 789.761, "Actual Rows": 2293944, "Actual Loops": 1, "Index Cond": "((l_shipdate >= '1997-07-01 00:00:00'::timestamp(0) without time zone) AND (l_shipdate < '1997-10-01 00:00:00'::timestamp without time zone))"}]}]}]}]}]}, "Triggers": [], "Planner Runtime": 0.873, "Total Runtime": 11257.671, "Unique SQL Id": 3712096918}}, "(16, '83')": {"explain_plan": {"Plan": {"Node Type": "Sort", "Startup Cost": 3497813.02, "Total Cost": 3497961.47, "Plan Rows": 59380, "Plan Width": 83, "Sort Key": ["supplier.s_suppkey"], "Plans": [{"Node Type": "Aggregate", "Strategy": "Plain", "Parent Relationship": "exec_init_plan", "Subplan Name": "InitPlan 1 (returns $0)", "Startup Cost": 1610196.85, "Total Cost": 1610196.86, "Plan Rows": 1, "Plan Width": 16, "Plans": [{"Node Type": "Aggregate", "Strategy": "Hashed", "Parent Relationship": "Outer", "Startup Cost": 1608860.8, "Total Cost": 1609454.6, "Plan Rows": 59380, "Plan Width": 32, "Group By Key": ["public.lineitem.l_suppkey"], "Plans": [{"Node Type": "Bitmap Heap Scan", "Parent Relationship": "Outer", "Relation Name": "lineitem", "Alias": "lineitem", "Startup Cost": 78544.19, "Total Cost": 1586191.59, "Plan Rows": 2266921, "Plan Width": 24, "Recheck Cond": "((l_shipdate >= '1997-07-01 00:00:00'::timestamp(0) without time zone) AND (l_shipdate < '1997-10-01 00:00:00'::timestamp without time zone)), (LLVM Optimized)", "Plans": [{"Node Type": "Bitmap Index Scan", "Parent Relationship": "Outer", "Index Name": "idx_lineitem_shipdate", "Startup Cost": 0.0, "Total Cost": 77977.46, "Plan Rows": 2266921, "Plan Width": 0, "Index Cond": "((l_shipdate >= '1997-07-01 00:00:00'::timestamp(0) without time zone) AND (l_shipdate < '1997-10-01 00:00:00'::timestamp without time zone))"}]}]}]}, {"Node Type": "Nested Loop", "Parent Relationship": "Outer", "Join Type": "Inner", "Startup Cost": 1625863.0, "Total Cost": 1882908.01, "Plan Rows": 59380, "Plan Width": 83, "Inner Unique": true, "Plans": [{"Node Type": "Aggregate", "Strategy": "Hashed", "Parent Relationship": "Outer", "Startup Cost": 1625862.71, "Total Cost": 1626604.96, "Plan Rows": 59380, "Plan Width": 40, "Group By Key": ["public.lineitem.l_suppkey"], "Filter": "(sum((public.lineitem.l_extendedprice * (1::double precision - public.lineitem.l_discount))) = $0), (LLVM Optimized)", "Plans": [{"Node Type": "Bitmap Heap Scan", "Parent Relationship": "Outer", "Relation Name": "lineitem", "Alias": "lineitem", "Startup Cost": 78544.19, "Total Cost": 1586191.59, "Plan Rows": 2266921, "Plan Width": 24, "Recheck Cond": "((l_shipdate >= '1997-07-01 00:00:00'::timestamp(0) without time zone) AND (l_shipdate < '1997-10-01 00:00:00'::timestamp without time zone)), (LLVM Optimized)", "Plans": [{"Node Type": "Bitmap Index Scan", "Parent Relationship": "Outer", "Index Name": "idx_lineitem_shipdate", "Startup Cost": 0.0, "Total Cost": 77977.46, "Plan Rows": 2266921, "Plan Width": 0, "Index Cond": "((l_shipdate >= '1997-07-01 00:00:00'::timestamp(0) without time zone) AND (l_shipdate < '1997-10-01 00:00:00'::timestamp without time zone))"}]}]}, {"Node Type": "Bitmap Heap Scan", "Parent Relationship": "Inner", "Relation Name": "supplier", "Alias": "supplier", "Startup Cost": 0.28, "Total Cost": 4.3, "Plan Rows": 1, "Plan Width": 75, "Recheck Cond": "(s_suppkey = public.lineitem.l_suppkey)", "Plans": [{"Node Type": "Bitmap Index Scan", "Parent Relationship": "Outer", "Index Name": "supplier_pkey", "Startup Cost": 0.0, "Total Cost": 0.28, "Plan Rows": 1, "Plan Width": 0, "Index Cond": "(s_suppkey = public.lineitem.l_suppkey)"}]}]}]}, "Unique SQL Id": 3712096918, "Planner Runtime": 0}, "explain_analyze_plan": {"Plan": {"Node Type": "Sort", "Startup Cost": 3497813.02, "Total Cost": 3497961.47, "Plan Rows": 59380, "Plan Width": 83, "Actual Startup Time": 11241.876, "Actual Total Time": 11241.876, "Actual Rows": 1, "Actual Loops": 1, "Sort Key": ["supplier.s_suppkey"], "Sort Method": "quicksort", "Sort Space Used": 25, "Sort Space Type": "Memory", "Plans": [{"Node Type": "Aggregate", "Strategy": "Plain", "Parent Relationship": "exec_init_plan", "Subplan Name": "InitPlan 1 (returns $0)", "Startup Cost": 1610196.85, "Total Cost": 1610196.86, "Plan Rows": 1, "Plan Width": 16, "Actual Startup Time": 5464.823, "Actual Total Time": 5464.823, "Actual Rows": 1, "Actual Loops": 1, "Plans": [{"Node Type": "Aggregate", "Strategy": "Hashed", "Parent Relationship": "Outer", "Startup Cost": 1608860.8, "Total Cost": 1609454.6, "Plan Rows": 59380, "Plan Width": 32, "Actual Startup Time": 5414.615, "Actual Total Time": 5449.751, "Actual Rows": 100000, "Actual Loops": 1, "Group By Key": ["public.lineitem.l_suppkey"], "Plans": [{"Node Type": "Bitmap Heap Scan", "Parent Relationship": "Outer", "Relation Name": "lineitem", "Alias": "lineitem", "Startup Cost": 78544.19, "Total Cost": 1586191.59, "Plan Rows": 2266921, "Plan Width": 24, "Actual Startup Time": 1070.692, "Actual Total Time": 3752.897, "Actual Rows": 2293944, "Actual Loops": 1, "Recheck Cond": "((l_shipdate >= '1997-07-01 00:00:00'::timestamp(0) without time zone) AND (l_shipdate < '1997-10-01 00:00:00'::timestamp without time zone)), (LLVM Optimized, Jit Execute)", "Rows Removed by Index Recheck": 0, "Exact Heap Blocks": 732487, "Lossy Heap Blocks": 732487, "Plans": [{"Node Type": "Bitmap Index Scan", "Parent Relationship": "Outer", "Index Name": "idx_lineitem_shipdate", "Startup Cost": 0.0, "Total Cost": 77977.46, "Plan Rows": 2266921, "Plan Width": 0, "Actual Startup Time": 784.899, "Actual Total Time": 784.899, "Actual Rows": 2293944, "Actual Loops": 1, "Index Cond": "((l_shipdate >= '1997-07-01 00:00:00'::timestamp(0) without time zone) AND (l_shipdate < '1997-10-01 00:00:00'::timestamp without time zone))"}]}]}]}, {"Node Type": "Nested Loop", "Parent Relationship": "Outer", "Join Type": "Inner", "Startup Cost": 1625863.0, "Total Cost": 1882908.01, "Plan Rows": 59380, "Plan Width": 83, "Actual Startup Time": 11222.658, "Actual Total Time": 11241.85, "Actual Rows": 1, "Actual Loops": 1, "Inner Unique": true, "Plans": [{"Node Type": "Aggregate", "Strategy": "Hashed", "Parent Relationship": "Outer", "Startup Cost": 1625862.71, "Total Cost": 1626604.96, "Plan Rows": 59380, "Plan Width": 40, "Actual Startup Time": 11222.535, "Actual Total Time": 11241.516, "Actual Rows": 1, "Actual Loops": 1, "Group By Key": ["public.lineitem.l_suppkey"], "Filter": "(sum((public.lineitem.l_extendedprice * (1::double precision - public.lineitem.l_discount))) = $0), (LLVM Optimized, Jit Execute)", "Rows Removed by Filter": 99999, "Plans": [{"Node Type": "Bitmap Heap Scan", "Parent Relationship": "Outer", "Relation Name": "lineitem", "Alias": "lineitem", "Startup Cost": 78544.19, "Total Cost": 1586191.59, "Plan Rows": 2266921, "Plan Width": 24, "Actual Startup Time": 1227.767, "Actual Total Time": 4076.427, "Actual Rows": 2293944, "Actual Loops": 1, "Recheck Cond": "((l_shipdate >= '1997-07-01 00:00:00'::timestamp(0) without time zone) AND (l_shipdate < '1997-10-01 00:00:00'::timestamp without time zone)), (LLVM Optimized, Jit Execute)", "Rows Removed by Index Recheck": 0, "Exact Heap Blocks": 732487, "Lossy Heap Blocks": 732487, "Plans": [{"Node Type": "Bitmap Index Scan", "Parent Relationship": "Outer", "Index Name": "idx_lineitem_shipdate", "Startup Cost": 0.0, "Total Cost": 77977.46, "Plan Rows": 2266921, "Plan Width": 0, "Actual Startup Time": 872.627, "Actual Total Time": 872.627, "Actual Rows": 2293944, "Actual Loops": 1, "Index Cond": "((l_shipdate >= '1997-07-01 00:00:00'::timestamp(0) without time zone) AND (l_shipdate < '1997-10-01 00:00:00'::timestamp without time zone))"}]}]}, {"Node Type": "Bitmap Heap Scan", "Parent Relationship": "Inner", "Relation Name": "supplier", "Alias": "supplier", "Startup Cost": 0.28, "Total Cost": 4.3, "Plan Rows": 1, "Plan Width": 75, "Actual Startup Time": 0.098, "Actual Total Time": 0.098, "Actual Rows": 1, "Actual Loops": 1, "Recheck Cond": "(s_suppkey = public.lineitem.l_suppkey)", "Rows Removed by Index Recheck": 0, "Exact Heap Blocks": 1, "Lossy Heap Blocks": 1, "Plans": [{"Node Type": "Bitmap Index Scan", "Parent Relationship": "Outer", "Index Name": "supplier_pkey", "Startup Cost": 0.0, "Total Cost": 0.28, "Plan Rows": 1, "Plan Width": 0, "Actual Startup Time": 0.039, "Actual Total Time": 0.039, "Actual Rows": 1, "Actual Loops": 1, "Index Cond": "(s_suppkey = public.lineitem.l_suppkey)"}]}]}]}, "Triggers": [], "Planner Runtime": 0.877, "Total Runtime": 11254.72, "Unique SQL Id": 3712096918}}, "(16, '84')": {"explain_plan": {"Plan": {"Node Type": "Merge Join", "Join Type": "Inner", "Startup Cost": 3242103.77, "Total Cost": 3248579.02, "Plan Rows": 59380, "Plan Width": 83, "Inner Unique": true, "Merge Cond": "(supplier.s_suppkey = revenue0.supplier_no)", "Plans": [{"Node Type": "Aggregate", "Strategy": "Plain", "Parent Relationship": "exec_init_plan", "Subplan Name": "InitPlan 1 (returns $0)", "Startup Cost": 1610196.85, "Total Cost": 1610196.86, "Plan Rows": 1, "Plan Width": 16, "Plans": [{"Node Type": "Aggregate", "Strategy": "Hashed", "Parent Relationship": "Outer", "Startup Cost": 1608860.8, "Total Cost": 1609454.6, "Plan Rows": 59380, "Plan Width": 32, "Group By Key": ["public.lineitem.l_suppkey"], "Plans": [{"Node Type": "Bitmap Heap Scan", "Parent Relationship": "Outer", "Relation Name": "lineitem", "Alias": "lineitem", "Startup Cost": 78544.19, "Total Cost": 1586191.59, "Plan Rows": 2266921, "Plan Width": 24, "Recheck Cond": "((l_shipdate >= '1997-07-01 00:00:00'::timestamp(0) without time zone) AND (l_shipdate < '1997-10-01 00:00:00'::timestamp without time zone)), (LLVM Optimized)", "Plans": [{"Node Type": "Bitmap Index Scan", "Parent Relationship": "Outer", "Index Name": "idx_lineitem_shipdate", "Startup Cost": 0.0, "Total Cost": 77977.46, "Plan Rows": 2266921, "Plan Width": 0, "Index Cond": "((l_shipdate >= '1997-07-01 00:00:00'::timestamp(0) without time zone) AND (l_shipdate < '1997-10-01 00:00:00'::timestamp without time zone))"}]}]}]}, {"Node Type": "Index Scan", "Parent Relationship": "Outer", "Scan Direction": "Forward", "Index Name": "supplier_pkey", "Relation Name": "supplier", "Alias": "supplier", "Startup Cost": 0.0, "Total Cost": 5334.54, "Plan Rows": 100000, "Plan Width": 75}, {"Node Type": "Sort", "Parent Relationship": "Inner", "Startup Cost": 1631906.91, "Total Cost": 1632055.36, "Plan Rows": 59380, "Plan Width": 16, "Sort Key": ["revenue0.supplier_no"], "Plans": [{"Node Type": "Subquery Scan", "Parent Relationship": "Outer", "Alias": "revenue0", "Startup Cost": 1625862.71, "Total Cost": 1627198.76, "Plan Rows": 59380, "Plan Width": 16, "Plans": [{"Node Type": "Aggregate", "Strategy": "Hashed", "Parent Relationship": "Subquery", "Startup Cost": 1625862.71, "Total Cost": 1626604.96, "Plan Rows": 59380, "Plan Width": 40, "Group By Key": ["public.lineitem.l_suppkey"], "Filter": "(sum((public.lineitem.l_extendedprice * (1::double precision - public.lineitem.l_discount))) = $0), (LLVM Optimized)", "Plans": [{"Node Type": "Bitmap Heap Scan", "Parent Relationship": "Outer", "Relation Name": "lineitem", "Alias": "lineitem", "Startup Cost": 78544.19, "Total Cost": 1586191.59, "Plan Rows": 2266921, "Plan Width": 24, "Recheck Cond": "((l_shipdate >= '1997-07-01 00:00:00'::timestamp(0) without time zone) AND (l_shipdate < '1997-10-01 00:00:00'::timestamp without time zone)), (LLVM Optimized)", "Plans": [{"Node Type": "Bitmap Index Scan", "Parent Relationship": "Outer", "Index Name": "idx_lineitem_shipdate", "Startup Cost": 0.0, "Total Cost": 77977.46, "Plan Rows": 2266921, "Plan Width": 0, "Index Cond": "((l_shipdate >= '1997-07-01 00:00:00'::timestamp(0) without time zone) AND (l_shipdate < '1997-10-01 00:00:00'::timestamp without time zone))"}]}]}]}]}]}, "Unique SQL Id": 3712096918, "Planner Runtime": 0}, "explain_analyze_plan": {"Plan": {"Node Type": "Merge Join", "Join Type": "Inner", "Startup Cost": 3242103.77, "Total Cost": 3248579.02, "Plan Rows": 59380, "Plan Width": 83, "Actual Startup Time": 11118.228, "Actual Total Time": 11118.237, "Actual Rows": 1, "Actual Loops": 1, "Inner Unique": true, "Merge Cond": "(supplier.s_suppkey = revenue0.supplier_no)", "Plans": [{"Node Type": "Aggregate", "Strategy": "Plain", "Parent Relationship": "exec_init_plan", "Subplan Name": "InitPlan 1 (returns $0)", "Startup Cost": 1610196.85, "Total Cost": 1610196.86, "Plan Rows": 1, "Plan Width": 16, "Actual Startup Time": 5738.869, "Actual Total Time": 5738.869, "Actual Rows": 1, "Actual Loops": 1, "Plans": [{"Node Type": "Aggregate", "Strategy": "Hashed", "Parent Relationship": "Outer", "Startup Cost": 1608860.8, "Total Cost": 1609454.6, "Plan Rows": 59380, "Plan Width": 32, "Actual Startup Time": 5688.243, "Actual Total Time": 5723.985, "Actual Rows": 100000, "Actual Loops": 1, "Group By Key": ["public.lineitem.l_suppkey"], "Plans": [{"Node Type": "Bitmap Heap Scan", "Parent Relationship": "Outer", "Relation Name": "lineitem", "Alias": "lineitem", "Startup Cost": 78544.19, "Total Cost": 1586191.59, "Plan Rows": 2266921, "Plan Width": 24, "Actual Startup Time": 1223.117, "Actual Total Time": 4086.228, "Actual Rows": 2293944, "Actual Loops": 1, "Recheck Cond": "((l_shipdate >= '1997-07-01 00:00:00'::timestamp(0) without time zone) AND (l_shipdate < '1997-10-01 00:00:00'::timestamp without time zone)), (LLVM Optimized, Jit Execute)", "Rows Removed by Index Recheck": 0, "Exact Heap Blocks": 732487, "Lossy Heap Blocks": 732487, "Plans": [{"Node Type": "Bitmap Index Scan", "Parent Relationship": "Outer", "Index Name": "idx_lineitem_shipdate", "Startup Cost": 0.0, "Total Cost": 77977.46, "Plan Rows": 2266921, "Plan Width": 0, "Actual Startup Time": 892.359, "Actual Total Time": 892.359, "Actual Rows": 2293944, "Actual Loops": 1, "Index Cond": "((l_shipdate >= '1997-07-01 00:00:00'::timestamp(0) without time zone) AND (l_shipdate < '1997-10-01 00:00:00'::timestamp without time zone))"}]}]}]}, {"Node Type": "Index Scan", "Parent Relationship": "Outer", "Scan Direction": "Forward", "Index Name": "supplier_pkey", "Relation Name": "supplier", "Alias": "supplier", "Startup Cost": 0.0, "Total Cost": 5334.54, "Plan Rows": 100000, "Plan Width": 75, "Actual Startup Time": 0.04, "Actual Total Time": 22.499, "Actual Rows": 35977, "Actual Loops": 1}, {"Node Type": "Sort", "Parent Relationship": "Inner", "Startup Cost": 1631906.91, "Total Cost": 1632055.36, "Plan Rows": 59380, "Plan Width": 16, "Actual Startup Time": 11090.65, "Actual Total Time": 11090.651, "Actual Rows": 1, "Actual Loops": 1, "Sort Key": ["revenue0.supplier_no"], "Sort Method": "quicksort", "Sort Space Used": 25, "Sort Space Type": "Memory", "Plans": [{"Node Type": "Subquery Scan", "Parent Relationship": "Outer", "Alias": "revenue0", "Startup Cost": 1625862.71, "Total Cost": 1627198.76, "Plan Rows": 59380, "Plan Width": 16, "Actual Startup Time": 11071.098, "Actual Total Time": 11090.42, "Actual Rows": 1, "Actual Loops": 1, "Plans": [{"Node Type": "Aggregate", "Strategy": "Hashed", "Parent Relationship": "Subquery", "Startup Cost": 1625862.71, "Total Cost": 1626604.96, "Plan Rows": 59380, "Plan Width": 40, "Actual Startup Time": 11071.095, "Actual Total Time": 11090.414, "Actual Rows": 1, "Actual Loops": 1, "Group By Key": ["public.lineitem.l_suppkey"], "Filter": "(sum((public.lineitem.l_extendedprice * (1::double precision - public.lineitem.l_discount))) = $0), (LLVM Optimized, Jit Execute)", "Rows Removed by Filter": 99999, "Plans": [{"Node Type": "Bitmap Heap Scan", "Parent Relationship": "Outer", "Relation Name": "lineitem", "Alias": "lineitem", "Startup Cost": 78544.19, "Total Cost": 1586191.59, "Plan Rows": 2266921, "Plan Width": 24, "Actual Startup Time": 1031.52, "Actual Total Time": 3790.349, "Actual Rows": 2293944, "Actual Loops": 1, "Recheck Cond": "((l_shipdate >= '1997-07-01 00:00:00'::timestamp(0) without time zone) AND (l_shipdate < '1997-10-01 00:00:00'::timestamp without time zone)), (LLVM Optimized, Jit Execute)", "Rows Removed by Index Recheck": 0, "Exact Heap Blocks": 732487, "Lossy Heap Blocks": 732487, "Plans": [{"Node Type": "Bitmap Index Scan", "Parent Relationship": "Outer", "Index Name": "idx_lineitem_shipdate", "Startup Cost": 0.0, "Total Cost": 77977.46, "Plan Rows": 2266921, "Plan Width": 0, "Actual Startup Time": 742.846, "Actual Total Time": 742.846, "Actual Rows": 2293944, "Actual Loops": 1, "Index Cond": "((l_shipdate >= '1997-07-01 00:00:00'::timestamp(0) without time zone) AND (l_shipdate < '1997-10-01 00:00:00'::timestamp without time zone))"}]}]}]}]}]}, "Triggers": [], "Planner Runtime": 0.881, "Total Runtime": 11131.308, "Unique SQL Id": 3712096918}}, "(16, '85')": {"explain_plan": {"Plan": {"Node Type": "Merge Join", "Join Type": "Inner", "Startup Cost": 3242103.77, "Total Cost": 3248579.02, "Plan Rows": 59380, "Plan Width": 83, "Inner Unique": true, "Merge Cond": "(supplier.s_suppkey = revenue0.supplier_no)", "Plans": [{"Node Type": "Aggregate", "Strategy": "Plain", "Parent Relationship": "exec_init_plan", "Subplan Name": "InitPlan 1 (returns $0)", "Startup Cost": 1610196.85, "Total Cost": 1610196.86, "Plan Rows": 1, "Plan Width": 16, "Plans": [{"Node Type": "Aggregate", "Strategy": "Hashed", "Parent Relationship": "Outer", "Startup Cost": 1608860.8, "Total Cost": 1609454.6, "Plan Rows": 59380, "Plan Width": 32, "Group By Key": ["public.lineitem.l_suppkey"], "Plans": [{"Node Type": "Bitmap Heap Scan", "Parent Relationship": "Outer", "Relation Name": "lineitem", "Alias": "lineitem", "Startup Cost": 78544.19, "Total Cost": 1586191.59, "Plan Rows": 2266921, "Plan Width": 24, "Recheck Cond": "((l_shipdate >= '1997-07-01 00:00:00'::timestamp(0) without time zone) AND (l_shipdate < '1997-10-01 00:00:00'::timestamp without time zone)), (LLVM Optimized)", "Plans": [{"Node Type": "Bitmap Index Scan", "Parent Relationship": "Outer", "Index Name": "idx_lineitem_shipdate", "Startup Cost": 0.0, "Total Cost": 77977.46, "Plan Rows": 2266921, "Plan Width": 0, "Index Cond": "((l_shipdate >= '1997-07-01 00:00:00'::timestamp(0) without time zone) AND (l_shipdate < '1997-10-01 00:00:00'::timestamp without time zone))"}]}]}]}, {"Node Type": "Index Scan", "Parent Relationship": "Outer", "Scan Direction": "Forward", "Index Name": "supplier_pkey", "Relation Name": "supplier", "Alias": "supplier", "Startup Cost": 0.0, "Total Cost": 5334.54, "Plan Rows": 100000, "Plan Width": 75}, {"Node Type": "Sort", "Parent Relationship": "Inner", "Startup Cost": 1631906.91, "Total Cost": 1632055.36, "Plan Rows": 59380, "Plan Width": 16, "Sort Key": ["revenue0.supplier_no"], "Plans": [{"Node Type": "Subquery Scan", "Parent Relationship": "Outer", "Alias": "revenue0", "Startup Cost": 1625862.71, "Total Cost": 1627198.76, "Plan Rows": 59380, "Plan Width": 16, "Plans": [{"Node Type": "Aggregate", "Strategy": "Hashed", "Parent Relationship": "Subquery", "Startup Cost": 1625862.71, "Total Cost": 1626604.96, "Plan Rows": 59380, "Plan Width": 40, "Group By Key": ["public.lineitem.l_suppkey"], "Filter": "(sum((public.lineitem.l_extendedprice * (1::double precision - public.lineitem.l_discount))) = $0), (LLVM Optimized)", "Plans": [{"Node Type": "Bitmap Heap Scan", "Parent Relationship": "Outer", "Relation Name": "lineitem", "Alias": "lineitem", "Startup Cost": 78544.19, "Total Cost": 1586191.59, "Plan Rows": 2266921, "Plan Width": 24, "Recheck Cond": "((l_shipdate >= '1997-07-01 00:00:00'::timestamp(0) without time zone) AND (l_shipdate < '1997-10-01 00:00:00'::timestamp without time zone)), (LLVM Optimized)", "Plans": [{"Node Type": "Bitmap Index Scan", "Parent Relationship": "Outer", "Index Name": "idx_lineitem_shipdate", "Startup Cost": 0.0, "Total Cost": 77977.46, "Plan Rows": 2266921, "Plan Width": 0, "Index Cond": "((l_shipdate >= '1997-07-01 00:00:00'::timestamp(0) without time zone) AND (l_shipdate < '1997-10-01 00:00:00'::timestamp without time zone))"}]}]}]}]}]}, "Unique SQL Id": 3712096918, "Planner Runtime": 0}, "explain_analyze_plan": {"Plan": {"Node Type": "Merge Join", "Join Type": "Inner", "Startup Cost": 3242103.77, "Total Cost": 3248579.02, "Plan Rows": 59380, "Plan Width": 83, "Actual Startup Time": 11118.228, "Actual Total Time": 11118.237, "Actual Rows": 1, "Actual Loops": 1, "Inner Unique": true, "Merge Cond": "(supplier.s_suppkey = revenue0.supplier_no)", "Plans": [{"Node Type": "Aggregate", "Strategy": "Plain", "Parent Relationship": "exec_init_plan", "Subplan Name": "InitPlan 1 (returns $0)", "Startup Cost": 1610196.85, "Total Cost": 1610196.86, "Plan Rows": 1, "Plan Width": 16, "Actual Startup Time": 5738.869, "Actual Total Time": 5738.869, "Actual Rows": 1, "Actual Loops": 1, "Plans": [{"Node Type": "Aggregate", "Strategy": "Hashed", "Parent Relationship": "Outer", "Startup Cost": 1608860.8, "Total Cost": 1609454.6, "Plan Rows": 59380, "Plan Width": 32, "Actual Startup Time": 5688.243, "Actual Total Time": 5723.985, "Actual Rows": 100000, "Actual Loops": 1, "Group By Key": ["public.lineitem.l_suppkey"], "Plans": [{"Node Type": "Bitmap Heap Scan", "Parent Relationship": "Outer", "Relation Name": "lineitem", "Alias": "lineitem", "Startup Cost": 78544.19, "Total Cost": 1586191.59, "Plan Rows": 2266921, "Plan Width": 24, "Actual Startup Time": 1223.117, "Actual Total Time": 4086.228, "Actual Rows": 2293944, "Actual Loops": 1, "Recheck Cond": "((l_shipdate >= '1997-07-01 00:00:00'::timestamp(0) without time zone) AND (l_shipdate < '1997-10-01 00:00:00'::timestamp without time zone)), (LLVM Optimized, Jit Execute)", "Rows Removed by Index Recheck": 0, "Exact Heap Blocks": 732487, "Lossy Heap Blocks": 732487, "Plans": [{"Node Type": "Bitmap Index Scan", "Parent Relationship": "Outer", "Index Name": "idx_lineitem_shipdate", "Startup Cost": 0.0, "Total Cost": 77977.46, "Plan Rows": 2266921, "Plan Width": 0, "Actual Startup Time": 892.359, "Actual Total Time": 892.359, "Actual Rows": 2293944, "Actual Loops": 1, "Index Cond": "((l_shipdate >= '1997-07-01 00:00:00'::timestamp(0) without time zone) AND (l_shipdate < '1997-10-01 00:00:00'::timestamp without time zone))"}]}]}]}, {"Node Type": "Index Scan", "Parent Relationship": "Outer", "Scan Direction": "Forward", "Index Name": "supplier_pkey", "Relation Name": "supplier", "Alias": "supplier", "Startup Cost": 0.0, "Total Cost": 5334.54, "Plan Rows": 100000, "Plan Width": 75, "Actual Startup Time": 0.04, "Actual Total Time": 22.499, "Actual Rows": 35977, "Actual Loops": 1}, {"Node Type": "Sort", "Parent Relationship": "Inner", "Startup Cost": 1631906.91, "Total Cost": 1632055.36, "Plan Rows": 59380, "Plan Width": 16, "Actual Startup Time": 11090.65, "Actual Total Time": 11090.651, "Actual Rows": 1, "Actual Loops": 1, "Sort Key": ["revenue0.supplier_no"], "Sort Method": "quicksort", "Sort Space Used": 25, "Sort Space Type": "Memory", "Plans": [{"Node Type": "Subquery Scan", "Parent Relationship": "Outer", "Alias": "revenue0", "Startup Cost": 1625862.71, "Total Cost": 1627198.76, "Plan Rows": 59380, "Plan Width": 16, "Actual Startup Time": 11071.098, "Actual Total Time": 11090.42, "Actual Rows": 1, "Actual Loops": 1, "Plans": [{"Node Type": "Aggregate", "Strategy": "Hashed", "Parent Relationship": "Subquery", "Startup Cost": 1625862.71, "Total Cost": 1626604.96, "Plan Rows": 59380, "Plan Width": 40, "Actual Startup Time": 11071.095, "Actual Total Time": 11090.414, "Actual Rows": 1, "Actual Loops": 1, "Group By Key": ["public.lineitem.l_suppkey"], "Filter": "(sum((public.lineitem.l_extendedprice * (1::double precision - public.lineitem.l_discount))) = $0), (LLVM Optimized, Jit Execute)", "Rows Removed by Filter": 99999, "Plans": [{"Node Type": "Bitmap Heap Scan", "Parent Relationship": "Outer", "Relation Name": "lineitem", "Alias": "lineitem", "Startup Cost": 78544.19, "Total Cost": 1586191.59, "Plan Rows": 2266921, "Plan Width": 24, "Actual Startup Time": 1031.52, "Actual Total Time": 3790.349, "Actual Rows": 2293944, "Actual Loops": 1, "Recheck Cond": "((l_shipdate >= '1997-07-01 00:00:00'::timestamp(0) without time zone) AND (l_shipdate < '1997-10-01 00:00:00'::timestamp without time zone)), (LLVM Optimized, Jit Execute)", "Rows Removed by Index Recheck": 0, "Exact Heap Blocks": 732487, "Lossy Heap Blocks": 732487, "Plans": [{"Node Type": "Bitmap Index Scan", "Parent Relationship": "Outer", "Index Name": "idx_lineitem_shipdate", "Startup Cost": 0.0, "Total Cost": 77977.46, "Plan Rows": 2266921, "Plan Width": 0, "Actual Startup Time": 742.846, "Actual Total Time": 742.846, "Actual Rows": 2293944, "Actual Loops": 1, "Index Cond": "((l_shipdate >= '1997-07-01 00:00:00'::timestamp(0) without time zone) AND (l_shipdate < '1997-10-01 00:00:00'::timestamp without time zone))"}]}]}]}]}]}, "Triggers": [], "Planner Runtime": 0.881, "Total Runtime": 11131.308, "Unique SQL Id": 3712096918}}, "(16, '86')": {"explain_plan": {"Plan": {"Node Type": "Merge Join", "Join Type": "Inner", "Startup Cost": 3253691.59, "Total Cost": 3255082.29, "Plan Rows": 59380, "Plan Width": 83, "Inner Unique": true, "Merge Cond": "(supplier.s_suppkey = revenue0.supplier_no)", "Plans": [{"Node Type": "Aggregate", "Strategy": "Plain", "Parent Relationship": "exec_init_plan", "Subplan Name": "InitPlan 1 (returns $0)", "Startup Cost": 1610196.85, "Total Cost": 1610196.86, "Plan Rows": 1, "Plan Width": 16, "Plans": [{"Node Type": "Aggregate", "Strategy": "Hashed", "Parent Relationship": "Outer", "Startup Cost": 1608860.8, "Total Cost": 1609454.6, "Plan Rows": 59380, "Plan Width": 32, "Group By Key": ["public.lineitem.l_suppkey"], "Plans": [{"Node Type": "Bitmap Heap Scan", "Parent Relationship": "Outer", "Relation Name": "lineitem", "Alias": "lineitem", "Startup Cost": 78544.19, "Total Cost": 1586191.59, "Plan Rows": 2266921, "Plan Width": 24, "Recheck Cond": "((l_shipdate >= '1997-07-01 00:00:00'::timestamp(0) without time zone) AND (l_shipdate < '1997-10-01 00:00:00'::timestamp without time zone)), (LLVM Optimized)", "Plans": [{"Node Type": "Bitmap Index Scan", "Parent Relationship": "Outer", "Index Name": "idx_lineitem_shipdate", "Startup Cost": 0.0, "Total Cost": 77977.46, "Plan Rows": 2266921, "Plan Width": 0, "Index Cond": "((l_shipdate >= '1997-07-01 00:00:00'::timestamp(0) without time zone) AND (l_shipdate < '1997-10-01 00:00:00'::timestamp without time zone))"}]}]}]}, {"Node Type": "Sort", "Parent Relationship": "Outer", "Startup Cost": 11587.82, "Total Cost": 11837.82, "Plan Rows": 100000, "Plan Width": 75, "Sort Key": ["supplier.s_suppkey"], "Plans": [{"Node Type": "Seq Scan", "Parent Relationship": "Outer", "Relation Name": "supplier", "Alias": "supplier", "Startup Cost": 0.0, "Total Cost": 3283.0, "Plan Rows": 100000, "Plan Width": 75}]}, {"Node Type": "Sort", "Parent Relationship": "Inner", "Startup Cost": 1631906.91, "Total Cost": 1632055.36, "Plan Rows": 59380, "Plan Width": 16, "Sort Key": ["revenue0.supplier_no"], "Plans": [{"Node Type": "Subquery Scan", "Parent Relationship": "Outer", "Alias": "revenue0", "Startup Cost": 1625862.71, "Total Cost": 1627198.76, "Plan Rows": 59380, "Plan Width": 16, "Plans": [{"Node Type": "Aggregate", "Strategy": "Hashed", "Parent Relationship": "Subquery", "Startup Cost": 1625862.71, "Total Cost": 1626604.96, "Plan Rows": 59380, "Plan Width": 40, "Group By Key": ["public.lineitem.l_suppkey"], "Filter": "(sum((public.lineitem.l_extendedprice * (1::double precision - public.lineitem.l_discount))) = $0), (LLVM Optimized)", "Plans": [{"Node Type": "Bitmap Heap Scan", "Parent Relationship": "Outer", "Relation Name": "lineitem", "Alias": "lineitem", "Startup Cost": 78544.19, "Total Cost": 1586191.59, "Plan Rows": 2266921, "Plan Width": 24, "Recheck Cond": "((l_shipdate >= '1997-07-01 00:00:00'::timestamp(0) without time zone) AND (l_shipdate < '1997-10-01 00:00:00'::timestamp without time zone)), (LLVM Optimized)", "Plans": [{"Node Type": "Bitmap Index Scan", "Parent Relationship": "Outer", "Index Name": "idx_lineitem_shipdate", "Startup Cost": 0.0, "Total Cost": 77977.46, "Plan Rows": 2266921, "Plan Width": 0, "Index Cond": "((l_shipdate >= '1997-07-01 00:00:00'::timestamp(0) without time zone) AND (l_shipdate < '1997-10-01 00:00:00'::timestamp without time zone))"}]}]}]}]}]}, "Unique SQL Id": 3712096918, "Planner Runtime": 0}, "explain_analyze_plan": {"Plan": {"Node Type": "Merge Join", "Join Type": "Inner", "Startup Cost": 3253691.59, "Total Cost": 3255082.29, "Plan Rows": 59380, "Plan Width": 83, "Actual Startup Time": 11244.454, "Actual Total Time": 11244.66, "Actual Rows": 1, "Actual Loops": 1, "Inner Unique": true, "Merge Cond": "(supplier.s_suppkey = revenue0.supplier_no)", "Plans": [{"Node Type": "Aggregate", "Strategy": "Plain", "Parent Relationship": "exec_init_plan", "Subplan Name": "InitPlan 1 (returns $0)", "Startup Cost": 1610196.85, "Total Cost": 1610196.86, "Plan Rows": 1, "Plan Width": 16, "Actual Startup Time": 5540.475, "Actual Total Time": 5540.475, "Actual Rows": 1, "Actual Loops": 1, "Plans": [{"Node Type": "Aggregate", "Strategy": "Hashed", "Parent Relationship": "Outer", "Startup Cost": 1608860.8, "Total Cost": 1609454.6, "Plan Rows": 59380, "Plan Width": 32, "Actual Startup Time": 5487.76, "Actual Total Time": 5525.414, "Actual Rows": 100000, "Actual Loops": 1, "Group By Key": ["public.lineitem.l_suppkey"], "Plans": [{"Node Type": "Bitmap Heap Scan", "Parent Relationship": "Outer", "Relation Name": "lineitem", "Alias": "lineitem", "Startup Cost": 78544.19, "Total Cost": 1586191.59, "Plan Rows": 2266921, "Plan Width": 24, "Actual Startup Time": 1071.158, "Actual Total Time": 3793.282, "Actual Rows": 2293944, "Actual Loops": 1, "Recheck Cond": "((l_shipdate >= '1997-07-01 00:00:00'::timestamp(0) without time zone) AND (l_shipdate < '1997-10-01 00:00:00'::timestamp without time zone)), (LLVM Optimized, Jit Execute)", "Rows Removed by Index Recheck": 0, "Exact Heap Blocks": 732487, "Lossy Heap Blocks": 732487, "Plans": [{"Node Type": "Bitmap Index Scan", "Parent Relationship": "Outer", "Index Name": "idx_lineitem_shipdate", "Startup Cost": 0.0, "Total Cost": 77977.46, "Plan Rows": 2266921, "Plan Width": 0, "Actual Startup Time": 771.958, "Actual Total Time": 771.958, "Actual Rows": 2293944, "Actual Loops": 1, "Index Cond": "((l_shipdate >= '1997-07-01 00:00:00'::timestamp(0) without time zone) AND (l_shipdate < '1997-10-01 00:00:00'::timestamp without time zone))"}]}]}]}, {"Node Type": "Sort", "Parent Relationship": "Outer", "Startup Cost": 11587.82, "Total Cost": 11837.82, "Plan Rows": 100000, "Plan Width": 75, "Actual Startup Time": 71.958, "Actual Total Time": 76.627, "Actual Rows": 35977, "Actual Loops": 1, "Sort Key": ["supplier.s_suppkey"], "Sort Method": "quicksort", "Sort Space Used": 18698, "Sort Space Type": "Memory", "Plans": [{"Node Type": "Seq Scan", "Parent Relationship": "Outer", "Relation Name": "supplier", "Alias": "supplier", "Startup Cost": 0.0, "Total Cost": 3283.0, "Plan Rows": 100000, "Plan Width": 75, "Actual Startup Time": 0.03, "Actual Total Time": 35.522, "Actual Rows": 100000, "Actual Loops": 1}]}, {"Node Type": "Sort", "Parent Relationship": "Inner", "Startup Cost": 1631906.91, "Total Cost": 1632055.36, "Plan Rows": 59380, "Plan Width": 16, "Actual Startup Time": 11162.59, "Actual Total Time": 11162.59, "Actual Rows": 1, "Actual Loops": 1, "Sort Key": ["revenue0.supplier_no"], "Sort Method": "quicksort", "Sort Space Used": 25, "Sort Space Type": "Memory", "Plans": [{"Node Type": "Subquery Scan", "Parent Relationship": "Outer", "Alias": "revenue0", "Startup Cost": 1625862.71, "Total Cost": 1627198.76, "Plan Rows": 59380, "Plan Width": 16, "Actual Startup Time": 11143.388, "Actual Total Time": 11162.34, "Actual Rows": 1, "Actual Loops": 1, "Plans": [{"Node Type": "Aggregate", "Strategy": "Hashed", "Parent Relationship": "Subquery", "Startup Cost": 1625862.71, "Total Cost": 1626604.96, "Plan Rows": 59380, "Plan Width": 40, "Actual Startup Time": 11143.385, "Actual Total Time": 11162.334, "Actual Rows": 1, "Actual Loops": 1, "Group By Key": ["public.lineitem.l_suppkey"], "Filter": "(sum((public.lineitem.l_extendedprice * (1::double precision - public.lineitem.l_discount))) = $0), (LLVM Optimized, Jit Execute)", "Rows Removed by Filter": 99999, "Plans": [{"Node Type": "Bitmap Heap Scan", "Parent Relationship": "Outer", "Relation Name": "lineitem", "Alias": "lineitem", "Startup Cost": 78544.19, "Total Cost": 1586191.59, "Plan Rows": 2266921, "Plan Width": 24, "Actual Startup Time": 1145.015, "Actual Total Time": 3998.398, "Actual Rows": 2293944, "Actual Loops": 1, "Recheck Cond": "((l_shipdate >= '1997-07-01 00:00:00'::timestamp(0) without time zone) AND (l_shipdate < '1997-10-01 00:00:00'::timestamp without time zone)), (LLVM Optimized, Jit Execute)", "Rows Removed by Index Recheck": 0, "Exact Heap Blocks": 732487, "Lossy Heap Blocks": 732487, "Plans": [{"Node Type": "Bitmap Index Scan", "Parent Relationship": "Outer", "Index Name": "idx_lineitem_shipdate", "Startup Cost": 0.0, "Total Cost": 77977.46, "Plan Rows": 2266921, "Plan Width": 0, "Actual Startup Time": 789.761, "Actual Total Time": 789.761, "Actual Rows": 2293944, "Actual Loops": 1, "Index Cond": "((l_shipdate >= '1997-07-01 00:00:00'::timestamp(0) without time zone) AND (l_shipdate < '1997-10-01 00:00:00'::timestamp without time zone))"}]}]}]}]}]}, "Triggers": [], "Planner Runtime": 0.873, "Total Runtime": 11257.671, "Unique SQL Id": 3712096918}}, "(16, '87')": {"explain_plan": {"Plan": {"Node Type": "Sort", "Startup Cost": 3497813.02, "Total Cost": 3497961.47, "Plan Rows": 59380, "Plan Width": 83, "Sort Key": ["supplier.s_suppkey"], "Plans": [{"Node Type": "Aggregate", "Strategy": "Plain", "Parent Relationship": "exec_init_plan", "Subplan Name": "InitPlan 1 (returns $0)", "Startup Cost": 1610196.85, "Total Cost": 1610196.86, "Plan Rows": 1, "Plan Width": 16, "Plans": [{"Node Type": "Aggregate", "Strategy": "Hashed", "Parent Relationship": "Outer", "Startup Cost": 1608860.8, "Total Cost": 1609454.6, "Plan Rows": 59380, "Plan Width": 32, "Group By Key": ["public.lineitem.l_suppkey"], "Plans": [{"Node Type": "Bitmap Heap Scan", "Parent Relationship": "Outer", "Relation Name": "lineitem", "Alias": "lineitem", "Startup Cost": 78544.19, "Total Cost": 1586191.59, "Plan Rows": 2266921, "Plan Width": 24, "Recheck Cond": "((l_shipdate >= '1997-07-01 00:00:00'::timestamp(0) without time zone) AND (l_shipdate < '1997-10-01 00:00:00'::timestamp without time zone)), (LLVM Optimized)", "Plans": [{"Node Type": "Bitmap Index Scan", "Parent Relationship": "Outer", "Index Name": "idx_lineitem_shipdate", "Startup Cost": 0.0, "Total Cost": 77977.46, "Plan Rows": 2266921, "Plan Width": 0, "Index Cond": "((l_shipdate >= '1997-07-01 00:00:00'::timestamp(0) without time zone) AND (l_shipdate < '1997-10-01 00:00:00'::timestamp without time zone))"}]}]}]}, {"Node Type": "Nested Loop", "Parent Relationship": "Outer", "Join Type": "Inner", "Startup Cost": 1625863.0, "Total Cost": 1882908.01, "Plan Rows": 59380, "Plan Width": 83, "Inner Unique": true, "Plans": [{"Node Type": "Aggregate", "Strategy": "Hashed", "Parent Relationship": "Outer", "Startup Cost": 1625862.71, "Total Cost": 1626604.96, "Plan Rows": 59380, "Plan Width": 40, "Group By Key": ["public.lineitem.l_suppkey"], "Filter": "(sum((public.lineitem.l_extendedprice * (1::double precision - public.lineitem.l_discount))) = $0), (LLVM Optimized)", "Plans": [{"Node Type": "Bitmap Heap Scan", "Parent Relationship": "Outer", "Relation Name": "lineitem", "Alias": "lineitem", "Startup Cost": 78544.19, "Total Cost": 1586191.59, "Plan Rows": 2266921, "Plan Width": 24, "Recheck Cond": "((l_shipdate >= '1997-07-01 00:00:00'::timestamp(0) without time zone) AND (l_shipdate < '1997-10-01 00:00:00'::timestamp without time zone)), (LLVM Optimized)", "Plans": [{"Node Type": "Bitmap Index Scan", "Parent Relationship": "Outer", "Index Name": "idx_lineitem_shipdate", "Startup Cost": 0.0, "Total Cost": 77977.46, "Plan Rows": 2266921, "Plan Width": 0, "Index Cond": "((l_shipdate >= '1997-07-01 00:00:00'::timestamp(0) without time zone) AND (l_shipdate < '1997-10-01 00:00:00'::timestamp without time zone))"}]}]}, {"Node Type": "Bitmap Heap Scan", "Parent Relationship": "Inner", "Relation Name": "supplier", "Alias": "supplier", "Startup Cost": 0.28, "Total Cost": 4.3, "Plan Rows": 1, "Plan Width": 75, "Recheck Cond": "(s_suppkey = public.lineitem.l_suppkey)", "Plans": [{"Node Type": "Bitmap Index Scan", "Parent Relationship": "Outer", "Index Name": "supplier_pkey", "Startup Cost": 0.0, "Total Cost": 0.28, "Plan Rows": 1, "Plan Width": 0, "Index Cond": "(s_suppkey = public.lineitem.l_suppkey)"}]}]}]}, "Unique SQL Id": 3712096918, "Planner Runtime": 0}, "explain_analyze_plan": {"Plan": {"Node Type": "Sort", "Startup Cost": 3497813.02, "Total Cost": 3497961.47, "Plan Rows": 59380, "Plan Width": 83, "Actual Startup Time": 11241.876, "Actual Total Time": 11241.876, "Actual Rows": 1, "Actual Loops": 1, "Sort Key": ["supplier.s_suppkey"], "Sort Method": "quicksort", "Sort Space Used": 25, "Sort Space Type": "Memory", "Plans": [{"Node Type": "Aggregate", "Strategy": "Plain", "Parent Relationship": "exec_init_plan", "Subplan Name": "InitPlan 1 (returns $0)", "Startup Cost": 1610196.85, "Total Cost": 1610196.86, "Plan Rows": 1, "Plan Width": 16, "Actual Startup Time": 5464.823, "Actual Total Time": 5464.823, "Actual Rows": 1, "Actual Loops": 1, "Plans": [{"Node Type": "Aggregate", "Strategy": "Hashed", "Parent Relationship": "Outer", "Startup Cost": 1608860.8, "Total Cost": 1609454.6, "Plan Rows": 59380, "Plan Width": 32, "Actual Startup Time": 5414.615, "Actual Total Time": 5449.751, "Actual Rows": 100000, "Actual Loops": 1, "Group By Key": ["public.lineitem.l_suppkey"], "Plans": [{"Node Type": "Bitmap Heap Scan", "Parent Relationship": "Outer", "Relation Name": "lineitem", "Alias": "lineitem", "Startup Cost": 78544.19, "Total Cost": 1586191.59, "Plan Rows": 2266921, "Plan Width": 24, "Actual Startup Time": 1070.692, "Actual Total Time": 3752.897, "Actual Rows": 2293944, "Actual Loops": 1, "Recheck Cond": "((l_shipdate >= '1997-07-01 00:00:00'::timestamp(0) without time zone) AND (l_shipdate < '1997-10-01 00:00:00'::timestamp without time zone)), (LLVM Optimized, Jit Execute)", "Rows Removed by Index Recheck": 0, "Exact Heap Blocks": 732487, "Lossy Heap Blocks": 732487, "Plans": [{"Node Type": "Bitmap Index Scan", "Parent Relationship": "Outer", "Index Name": "idx_lineitem_shipdate", "Startup Cost": 0.0, "Total Cost": 77977.46, "Plan Rows": 2266921, "Plan Width": 0, "Actual Startup Time": 784.899, "Actual Total Time": 784.899, "Actual Rows": 2293944, "Actual Loops": 1, "Index Cond": "((l_shipdate >= '1997-07-01 00:00:00'::timestamp(0) without time zone) AND (l_shipdate < '1997-10-01 00:00:00'::timestamp without time zone))"}]}]}]}, {"Node Type": "Nested Loop", "Parent Relationship": "Outer", "Join Type": "Inner", "Startup Cost": 1625863.0, "Total Cost": 1882908.01, "Plan Rows": 59380, "Plan Width": 83, "Actual Startup Time": 11222.658, "Actual Total Time": 11241.85, "Actual Rows": 1, "Actual Loops": 1, "Inner Unique": true, "Plans": [{"Node Type": "Aggregate", "Strategy": "Hashed", "Parent Relationship": "Outer", "Startup Cost": 1625862.71, "Total Cost": 1626604.96, "Plan Rows": 59380, "Plan Width": 40, "Actual Startup Time": 11222.535, "Actual Total Time": 11241.516, "Actual Rows": 1, "Actual Loops": 1, "Group By Key": ["public.lineitem.l_suppkey"], "Filter": "(sum((public.lineitem.l_extendedprice * (1::double precision - public.lineitem.l_discount))) = $0), (LLVM Optimized, Jit Execute)", "Rows Removed by Filter": 99999, "Plans": [{"Node Type": "Bitmap Heap Scan", "Parent Relationship": "Outer", "Relation Name": "lineitem", "Alias": "lineitem", "Startup Cost": 78544.19, "Total Cost": 1586191.59, "Plan Rows": 2266921, "Plan Width": 24, "Actual Startup Time": 1227.767, "Actual Total Time": 4076.427, "Actual Rows": 2293944, "Actual Loops": 1, "Recheck Cond": "((l_shipdate >= '1997-07-01 00:00:00'::timestamp(0) without time zone) AND (l_shipdate < '1997-10-01 00:00:00'::timestamp without time zone)), (LLVM Optimized, Jit Execute)", "Rows Removed by Index Recheck": 0, "Exact Heap Blocks": 732487, "Lossy Heap Blocks": 732487, "Plans": [{"Node Type": "Bitmap Index Scan", "Parent Relationship": "Outer", "Index Name": "idx_lineitem_shipdate", "Startup Cost": 0.0, "Total Cost": 77977.46, "Plan Rows": 2266921, "Plan Width": 0, "Actual Startup Time": 872.627, "Actual Total Time": 872.627, "Actual Rows": 2293944, "Actual Loops": 1, "Index Cond": "((l_shipdate >= '1997-07-01 00:00:00'::timestamp(0) without time zone) AND (l_shipdate < '1997-10-01 00:00:00'::timestamp without time zone))"}]}]}, {"Node Type": "Bitmap Heap Scan", "Parent Relationship": "Inner", "Relation Name": "supplier", "Alias": "supplier", "Startup Cost": 0.28, "Total Cost": 4.3, "Plan Rows": 1, "Plan Width": 75, "Actual Startup Time": 0.098, "Actual Total Time": 0.098, "Actual Rows": 1, "Actual Loops": 1, "Recheck Cond": "(s_suppkey = public.lineitem.l_suppkey)", "Rows Removed by Index Recheck": 0, "Exact Heap Blocks": 1, "Lossy Heap Blocks": 1, "Plans": [{"Node Type": "Bitmap Index Scan", "Parent Relationship": "Outer", "Index Name": "supplier_pkey", "Startup Cost": 0.0, "Total Cost": 0.28, "Plan Rows": 1, "Plan Width": 0, "Actual Startup Time": 0.039, "Actual Total Time": 0.039, "Actual Rows": 1, "Actual Loops": 1, "Index Cond": "(s_suppkey = public.lineitem.l_suppkey)"}]}]}]}, "Triggers": [], "Planner Runtime": 0.877, "Total Runtime": 11254.72, "Unique SQL Id": 3712096918}}, "(16, '88')": {"explain_plan": {"Plan": {"Node Type": "Merge Join", "Join Type": "Inner", "Startup Cost": 4699821.58, "Total Cost": 4706296.82, "Plan Rows": 59380, "Plan Width": 83, "Inner Unique": true, "Merge Cond": "(supplier.s_suppkey = revenue0.supplier_no)", "Plans": [{"Node Type": "Aggregate", "Strategy": "Plain", "Parent Relationship": "exec_init_plan", "Subplan Name": "InitPlan 1 (returns $0)", "Startup Cost": 2339055.76, "Total Cost": 2339055.77, "Plan Rows": 1, "Plan Width": 16, "Plans": [{"Node Type": "Aggregate", "Strategy": "Hashed", "Parent Relationship": "Outer", "Startup Cost": 2337719.71, "Total Cost": 2338313.51, "Plan Rows": 59380, "Plan Width": 32, "Group By Key": ["public.lineitem.l_suppkey"], "Plans": [{"Node Type": "Seq Scan", "Parent Relationship": "Outer", "Relation Name": "lineitem", "Alias": "lineitem", "Startup Cost": 25.28, "Total Cost": 2315050.5, "Plan Rows": 2266921, "Plan Width": 24, "Filter": "((l_shipdate >= '1997-07-01 00:00:00'::timestamp(0) without time zone) AND (l_shipdate < '1997-10-01 00:00:00'::timestamp without time zone)), (LLVM Optimized)"}]}]}, {"Node Type": "Index Scan", "Parent Relationship": "Outer", "Scan Direction": "Forward", "Index Name": "supplier_pkey", "Relation Name": "supplier", "Alias": "supplier", "Startup Cost": 0.0, "Total Cost": 5334.54, "Plan Rows": 100000, "Plan Width": 75}, {"Node Type": "Sort", "Parent Relationship": "Inner", "Startup Cost": 2360765.81, "Total Cost": 2360914.26, "Plan Rows": 59380, "Plan Width": 16, "Sort Key": ["revenue0.supplier_no"], "Plans": [{"Node Type": "Subquery Scan", "Parent Relationship": "Outer", "Alias": "revenue0", "Startup Cost": 2354721.61, "Total Cost": 2356057.66, "Plan Rows": 59380, "Plan Width": 16, "Plans": [{"Node Type": "Aggregate", "Strategy": "Hashed", "Parent Relationship": "Subquery", "Startup Cost": 2354721.61, "Total Cost": 2355463.86, "Plan Rows": 59380, "Plan Width": 40, "Group By Key": ["public.lineitem.l_suppkey"], "Filter": "(sum((public.lineitem.l_extendedprice * (1::double precision - public.lineitem.l_discount))) = $0), (LLVM Optimized)", "Plans": [{"Node Type": "Seq Scan", "Parent Relationship": "Outer", "Relation Name": "lineitem", "Alias": "lineitem", "Startup Cost": 25.28, "Total Cost": 2315050.5, "Plan Rows": 2266921, "Plan Width": 24, "Filter": "((l_shipdate >= '1997-07-01 00:00:00'::timestamp(0) without time zone) AND (l_shipdate < '1997-10-01 00:00:00'::timestamp without time zone)), (LLVM Optimized)"}]}]}]}]}, "Unique SQL Id": 3712096918, "Planner Runtime": 0}, "explain_analyze_plan": null}, "(16, '89')": {"explain_plan": {"Plan": {"Node Type": "Merge Join", "Join Type": "Inner", "Startup Cost": 10341221.9, "Total Cost": 10347697.14, "Plan Rows": 59380, "Plan Width": 83, "Inner Unique": true, "Merge Cond": "(supplier.s_suppkey = revenue0.supplier_no)", "Plans": [{"Node Type": "Aggregate", "Strategy": "Plain", "Parent Relationship": "exec_init_plan", "Subplan Name": "InitPlan 1 (returns $0)", "Startup Cost": 5159755.92, "Total Cost": 5159755.93, "Plan Rows": 1, "Plan Width": 16, "Plans": [{"Node Type": "Aggregate", "Strategy": "Hashed", "Parent Relationship": "Outer", "Startup Cost": 5158419.87, "Total Cost": 5159013.67, "Plan Rows": 59380, "Plan Width": 32, "Group By Key": ["public.lineitem.l_suppkey"], "Plans": [{"Node Type": "Index Scan", "Parent Relationship": "Outer", "Scan Direction": "Forward", "Index Name": "idx_lineitem_shipdate", "Relation Name": "lineitem", "Alias": "lineitem", "Startup Cost": 0.0, "Total Cost": 5135750.66, "Plan Rows": 2266921, "Plan Width": 24, "Index Cond": "((l_shipdate >= '1997-07-01 00:00:00'::timestamp(0) without time zone) AND (l_shipdate < '1997-10-01 00:00:00'::timestamp without time zone)), (LLVM Optimized)"}]}]}, {"Node Type": "Index Scan", "Parent Relationship": "Outer", "Scan Direction": "Forward", "Index Name": "supplier_pkey", "Relation Name": "supplier", "Alias": "supplier", "Startup Cost": 0.0, "Total Cost": 5334.54, "Plan Rows": 100000, "Plan Width": 75}, {"Node Type": "Sort", "Parent Relationship": "Inner", "Startup Cost": 5181465.97, "Total Cost": 5181614.42, "Plan Rows": 59380, "Plan Width": 16, "Sort Key": ["revenue0.supplier_no"], "Plans": [{"Node Type": "Subquery Scan", "Parent Relationship": "Outer", "Alias": "revenue0", "Startup Cost": 5175421.77, "Total Cost": 5176757.82, "Plan Rows": 59380, "Plan Width": 16, "Plans": [{"Node Type": "Aggregate", "Strategy": "Hashed", "Parent Relationship": "Subquery", "Startup Cost": 5175421.77, "Total Cost": 5176164.02, "Plan Rows": 59380, "Plan Width": 40, "Group By Key": ["public.lineitem.l_suppkey"], "Filter": "(sum((public.lineitem.l_extendedprice * (1::double precision - public.lineitem.l_discount))) = $0), (LLVM Optimized)", "Plans": [{"Node Type": "Index Scan", "Parent Relationship": "Outer", "Scan Direction": "Forward", "Index Name": "idx_lineitem_shipdate", "Relation Name": "lineitem", "Alias": "lineitem", "Startup Cost": 0.0, "Total Cost": 5135750.66, "Plan Rows": 2266921, "Plan Width": 24, "Index Cond": "((l_shipdate >= '1997-07-01 00:00:00'::timestamp(0) without time zone) AND (l_shipdate < '1997-10-01 00:00:00'::timestamp without time zone)), (LLVM Optimized)"}]}]}]}]}, "Unique SQL Id": 3712096918, "Planner Runtime": 0}, "explain_analyze_plan": {"Plan": {"Node Type": "Merge Join", "Join Type": "Inner", "Startup Cost": 10341221.9, "Total Cost": 10347697.14, "Plan Rows": 59380, "Plan Width": 83, "Actual Startup Time": 15929.389, "Actual Total Time": 15929.399, "Actual Rows": 1, "Actual Loops": 1, "Inner Unique": true, "Merge Cond": "(supplier.s_suppkey = revenue0.supplier_no)", "Plans": [{"Node Type": "Aggregate", "Strategy": "Plain", "Parent Relationship": "exec_init_plan", "Subplan Name": "InitPlan 1 (returns $0)", "Startup Cost": 5159755.92, "Total Cost": 5159755.93, "Plan Rows": 1, "Plan Width": 16, "Actual Startup Time": 7904.524, "Actual Total Time": 7904.525, "Actual Rows": 1, "Actual Loops": 1, "Plans": [{"Node Type": "Aggregate", "Strategy": "Hashed", "Parent Relationship": "Outer", "Startup Cost": 5158419.87, "Total Cost": 5159013.67, "Plan Rows": 59380, "Plan Width": 32, "Actual Startup Time": 7850.004, "Actual Total Time": 7889.514, "Actual Rows": 100000, "Actual Loops": 1, "Group By Key": ["public.lineitem.l_suppkey"], "Plans": [{"Node Type": "Index Scan", "Parent Relationship": "Outer", "Scan Direction": "Forward", "Index Name": "idx_lineitem_shipdate", "Relation Name": "lineitem", "Alias": "lineitem", "Startup Cost": 0.0, "Total Cost": 5135750.66, "Plan Rows": 2266921, "Plan Width": 24, "Actual Startup Time": 0.093, "Actual Total Time": 5864.917, "Actual Rows": 2293944, "Actual Loops": 1, "Index Cond": "((l_shipdate >= '1997-07-01 00:00:00'::timestamp(0) without time zone) AND (l_shipdate < '1997-10-01 00:00:00'::timestamp without time zone)), (LLVM Optimized, Jit Execute)", "Rows Removed by Index Recheck": 0}]}]}, {"Node Type": "Index Scan", "Parent Relationship": "Outer", "Scan Direction": "Forward", "Index Name": "supplier_pkey", "Relation Name": "supplier", "Alias": "supplier", "Startup Cost": 0.0, "Total Cost": 5334.54, "Plan Rows": 100000, "Plan Width": 75, "Actual Startup Time": 0.043, "Actual Total Time": 22.323, "Actual Rows": 35977, "Actual Loops": 1}, {"Node Type": "Sort", "Parent Relationship": "Inner", "Startup Cost": 5181465.97, "Total Cost": 5181614.42, "Plan Rows": 59380, "Plan Width": 16, "Actual Startup Time": 15901.97, "Actual Total Time": 15901.971, "Actual Rows": 1, "Actual Loops": 1, "Sort Key": ["revenue0.supplier_no"], "Sort Method": "quicksort", "Sort Space Used": 25, "Sort Space Type": "Memory", "Plans": [{"Node Type": "Subquery Scan", "Parent Relationship": "Outer", "Alias": "revenue0", "Startup Cost": 5175421.77, "Total Cost": 5176757.82, "Plan Rows": 59380, "Plan Width": 16, "Actual Startup Time": 15883.247, "Actual Total Time": 15901.748, "Actual Rows": 1, "Actual Loops": 1, "Plans": [{"Node Type": "Aggregate", "Strategy": "Hashed", "Parent Relationship": "Subquery", "Startup Cost": 5175421.77, "Total Cost": 5176164.02, "Plan Rows": 59380, "Plan Width": 40, "Actual Startup Time": 15883.245, "Actual Total Time": 15901.744, "Actual Rows": 1, "Actual Loops": 1, "Group By Key": ["public.lineitem.l_suppkey"], "Filter": "(sum((public.lineitem.l_extendedprice * (1::double precision - public.lineitem.l_discount))) = $0), (LLVM Optimized, Jit Execute)", "Rows Removed by Filter": 99999, "Plans": [{"Node Type": "Index Scan", "Parent Relationship": "Outer", "Scan Direction": "Forward", "Index Name": "idx_lineitem_shipdate", "Relation Name": "lineitem", "Alias": "lineitem", "Startup Cost": 0.0, "Total Cost": 5135750.66, "Plan Rows": 2266921, "Plan Width": 24, "Actual Startup Time": 0.046, "Actual Total Time": 5918.312, "Actual Rows": 2293944, "Actual Loops": 1, "Index Cond": "((l_shipdate >= '1997-07-01 00:00:00'::timestamp(0) without time zone) AND (l_shipdate < '1997-10-01 00:00:00'::timestamp without time zone)), (LLVM Optimized, Jit Execute)", "Rows Removed by Index Recheck": 0}]}]}]}]}, "Triggers": [], "Planner Runtime": 0.924, "Total Runtime": 15940.792, "Unique SQL Id": 3712096918}}, "(16, '90')": {"explain_plan": {"Plan": {"Node Type": "Merge Join", "Join Type": "Inner", "Startup Cost": 4711409.4, "Total Cost": 4712800.1, "Plan Rows": 59380, "Plan Width": 83, "Inner Unique": true, "Merge Cond": "(supplier.s_suppkey = revenue0.supplier_no)", "Plans": [{"Node Type": "Aggregate", "Strategy": "Plain", "Parent Relationship": "exec_init_plan", "Subplan Name": "InitPlan 1 (returns $0)", "Startup Cost": 2339055.76, "Total Cost": 2339055.77, "Plan Rows": 1, "Plan Width": 16, "Plans": [{"Node Type": "Aggregate", "Strategy": "Hashed", "Parent Relationship": "Outer", "Startup Cost": 2337719.71, "Total Cost": 2338313.51, "Plan Rows": 59380, "Plan Width": 32, "Group By Key": ["public.lineitem.l_suppkey"], "Plans": [{"Node Type": "Seq Scan", "Parent Relationship": "Outer", "Relation Name": "lineitem", "Alias": "lineitem", "Startup Cost": 25.28, "Total Cost": 2315050.5, "Plan Rows": 2266921, "Plan Width": 24, "Filter": "((l_shipdate >= '1997-07-01 00:00:00'::timestamp(0) without time zone) AND (l_shipdate < '1997-10-01 00:00:00'::timestamp without time zone)), (LLVM Optimized)"}]}]}, {"Node Type": "Sort", "Parent Relationship": "Outer", "Startup Cost": 11587.82, "Total Cost": 11837.82, "Plan Rows": 100000, "Plan Width": 75, "Sort Key": ["supplier.s_suppkey"], "Plans": [{"Node Type": "Seq Scan", "Parent Relationship": "Outer", "Relation Name": "supplier", "Alias": "supplier", "Startup Cost": 0.0, "Total Cost": 3283.0, "Plan Rows": 100000, "Plan Width": 75}]}, {"Node Type": "Sort", "Parent Relationship": "Inner", "Startup Cost": 2360765.81, "Total Cost": 2360914.26, "Plan Rows": 59380, "Plan Width": 16, "Sort Key": ["revenue0.supplier_no"], "Plans": [{"Node Type": "Subquery Scan", "Parent Relationship": "Outer", "Alias": "revenue0", "Startup Cost": 2354721.61, "Total Cost": 2356057.66, "Plan Rows": 59380, "Plan Width": 16, "Plans": [{"Node Type": "Aggregate", "Strategy": "Hashed", "Parent Relationship": "Subquery", "Startup Cost": 2354721.61, "Total Cost": 2355463.86, "Plan Rows": 59380, "Plan Width": 40, "Group By Key": ["public.lineitem.l_suppkey"], "Filter": "(sum((public.lineitem.l_extendedprice * (1::double precision - public.lineitem.l_discount))) = $0), (LLVM Optimized)", "Plans": [{"Node Type": "Seq Scan", "Parent Relationship": "Outer", "Relation Name": "lineitem", "Alias": "lineitem", "Startup Cost": 25.28, "Total Cost": 2315050.5, "Plan Rows": 2266921, "Plan Width": 24, "Filter": "((l_shipdate >= '1997-07-01 00:00:00'::timestamp(0) without time zone) AND (l_shipdate < '1997-10-01 00:00:00'::timestamp without time zone)), (LLVM Optimized)"}]}]}]}]}, "Unique SQL Id": 3712096918, "Planner Runtime": 1}, "explain_analyze_plan": null}, "(16, '91')": {"explain_plan": {"Plan": {"Node Type": "Merge Join", "Join Type": "Inner", "Startup Cost": 2010463079819.59, "Total Cost": 3000463614414.67, "Plan Rows": 59380, "Plan Width": 83, "Inner Unique": true, "Merge Cond": "(supplier.s_suppkey = revenue0.supplier_no)", "Plans": [{"Node Type": "Aggregate", "Strategy": "Plain", "Parent Relationship": "exec_init_plan", "Subplan Name": "InitPlan 1 (returns $0)", "Startup Cost": 1000231529054.76, "Total Cost": 1000231529054.77, "Plan Rows": 1, "Plan Width": 16, "Plans": [{"Node Type": "Aggregate", "Strategy": "Hashed", "Parent Relationship": "Outer", "Startup Cost": 1000231527718.71, "Total Cost": 1000231528312.51, "Plan Rows": 59380, "Plan Width": 32, "Group By Key": ["public.lineitem.l_suppkey"], "Plans": [{"Node Type": "Seq Scan", "Parent Relationship": "Outer", "Relation Name": "lineitem", "Alias": "lineitem", "Startup Cost": 10000000025.02, "Total Cost": 1000231505049.5, "Plan Rows": 2266921, "Plan Width": 24, "Filter": "((l_shipdate >= '1997-07-01 00:00:00'::timestamp(0) without time zone) AND (l_shipdate < '1997-10-01 00:00:00'::timestamp without time zone)), (LLVM Optimized)"}]}]}, {"Node Type": "Index Scan", "Parent Relationship": "Outer", "Scan Direction": "Forward", "Index Name": "supplier_pkey", "Relation Name": "supplier", "Alias": "supplier", "Startup Cost": 10000000000.0, "Total Cost": 1000000533454.38, "Plan Rows": 100000, "Plan Width": 75}, {"Node Type": "Sort", "Parent Relationship": "Inner", "Startup Cost": 1000231550764.82, "Total Cost": 1000231550913.27, "Plan Rows": 59380, "Plan Width": 16, "Sort Key": ["revenue0.supplier_no"], "Plans": [{"Node Type": "Subquery Scan", "Parent Relationship": "Outer", "Alias": "revenue0", "Startup Cost": 1000231544720.62, "Total Cost": 1000231546056.67, "Plan Rows": 59380, "Plan Width": 16, "Plans": [{"Node Type": "Aggregate", "Strategy": "Hashed", "Parent Relationship": "Subquery", "Startup Cost": 1000231544720.62, "Total Cost": 1000231545462.87, "Plan Rows": 59380, "Plan Width": 40, "Group By Key": ["public.lineitem.l_suppkey"], "Filter": "(sum((public.lineitem.l_extendedprice * (1::double precision - public.lineitem.l_discount))) = $0), (LLVM Optimized)", "Plans": [{"Node Type": "Seq Scan", "Parent Relationship": "Outer", "Relation Name": "lineitem", "Alias": "lineitem", "Startup Cost": 10000000025.02, "Total Cost": 1000231505049.5, "Plan Rows": 2266921, "Plan Width": 24, "Filter": "((l_shipdate >= '1997-07-01 00:00:00'::timestamp(0) without time zone) AND (l_shipdate < '1997-10-01 00:00:00'::timestamp without time zone)), (LLVM Optimized)"}]}]}]}]}, "Unique SQL Id": 3712096918, "Planner Runtime": 0}, "explain_analyze_plan": null}, "(16, '92')": {"explain_plan": {"Plan": {"Node Type": "Merge Join", "Join Type": "Inner", "Startup Cost": 4699821.58, "Total Cost": 4706296.82, "Plan Rows": 59380, "Plan Width": 83, "Inner Unique": true, "Merge Cond": "(supplier.s_suppkey = revenue0.supplier_no)", "Plans": [{"Node Type": "Aggregate", "Strategy": "Plain", "Parent Relationship": "exec_init_plan", "Subplan Name": "InitPlan 1 (returns $0)", "Startup Cost": 2339055.76, "Total Cost": 2339055.77, "Plan Rows": 1, "Plan Width": 16, "Plans": [{"Node Type": "Aggregate", "Strategy": "Hashed", "Parent Relationship": "Outer", "Startup Cost": 2337719.71, "Total Cost": 2338313.51, "Plan Rows": 59380, "Plan Width": 32, "Group By Key": ["public.lineitem.l_suppkey"], "Plans": [{"Node Type": "Seq Scan", "Parent Relationship": "Outer", "Relation Name": "lineitem", "Alias": "lineitem", "Startup Cost": 25.28, "Total Cost": 2315050.5, "Plan Rows": 2266921, "Plan Width": 24, "Filter": "((l_shipdate >= '1997-07-01 00:00:00'::timestamp(0) without time zone) AND (l_shipdate < '1997-10-01 00:00:00'::timestamp without time zone)), (LLVM Optimized)"}]}]}, {"Node Type": "Index Scan", "Parent Relationship": "Outer", "Scan Direction": "Forward", "Index Name": "supplier_pkey", "Relation Name": "supplier", "Alias": "supplier", "Startup Cost": 0.0, "Total Cost": 5334.54, "Plan Rows": 100000, "Plan Width": 75}, {"Node Type": "Sort", "Parent Relationship": "Inner", "Startup Cost": 2360765.81, "Total Cost": 2360914.26, "Plan Rows": 59380, "Plan Width": 16, "Sort Key": ["revenue0.supplier_no"], "Plans": [{"Node Type": "Subquery Scan", "Parent Relationship": "Outer", "Alias": "revenue0", "Startup Cost": 2354721.61, "Total Cost": 2356057.66, "Plan Rows": 59380, "Plan Width": 16, "Plans": [{"Node Type": "Aggregate", "Strategy": "Hashed", "Parent Relationship": "Subquery", "Startup Cost": 2354721.61, "Total Cost": 2355463.86, "Plan Rows": 59380, "Plan Width": 40, "Group By Key": ["public.lineitem.l_suppkey"], "Filter": "(sum((public.lineitem.l_extendedprice * (1::double precision - public.lineitem.l_discount))) = $0), (LLVM Optimized)", "Plans": [{"Node Type": "Seq Scan", "Parent Relationship": "Outer", "Relation Name": "lineitem", "Alias": "lineitem", "Startup Cost": 25.28, "Total Cost": 2315050.5, "Plan Rows": 2266921, "Plan Width": 24, "Filter": "((l_shipdate >= '1997-07-01 00:00:00'::timestamp(0) without time zone) AND (l_shipdate < '1997-10-01 00:00:00'::timestamp without time zone)), (LLVM Optimized)"}]}]}]}]}, "Unique SQL Id": 3712096918, "Planner Runtime": 0}, "explain_analyze_plan": null}, "(16, '93')": {"explain_plan": {"Plan": {"Node Type": "Merge Join", "Join Type": "Inner", "Startup Cost": 10341221.9, "Total Cost": 10347697.14, "Plan Rows": 59380, "Plan Width": 83, "Inner Unique": true, "Merge Cond": "(supplier.s_suppkey = revenue0.supplier_no)", "Plans": [{"Node Type": "Aggregate", "Strategy": "Plain", "Parent Relationship": "exec_init_plan", "Subplan Name": "InitPlan 1 (returns $0)", "Startup Cost": 5159755.92, "Total Cost": 5159755.93, "Plan Rows": 1, "Plan Width": 16, "Plans": [{"Node Type": "Aggregate", "Strategy": "Hashed", "Parent Relationship": "Outer", "Startup Cost": 5158419.87, "Total Cost": 5159013.67, "Plan Rows": 59380, "Plan Width": 32, "Group By Key": ["public.lineitem.l_suppkey"], "Plans": [{"Node Type": "Index Scan", "Parent Relationship": "Outer", "Scan Direction": "Forward", "Index Name": "idx_lineitem_shipdate", "Relation Name": "lineitem", "Alias": "lineitem", "Startup Cost": 0.0, "Total Cost": 5135750.66, "Plan Rows": 2266921, "Plan Width": 24, "Index Cond": "((l_shipdate >= '1997-07-01 00:00:00'::timestamp(0) without time zone) AND (l_shipdate < '1997-10-01 00:00:00'::timestamp without time zone)), (LLVM Optimized)"}]}]}, {"Node Type": "Index Scan", "Parent Relationship": "Outer", "Scan Direction": "Forward", "Index Name": "supplier_pkey", "Relation Name": "supplier", "Alias": "supplier", "Startup Cost": 0.0, "Total Cost": 5334.54, "Plan Rows": 100000, "Plan Width": 75}, {"Node Type": "Sort", "Parent Relationship": "Inner", "Startup Cost": 5181465.97, "Total Cost": 5181614.42, "Plan Rows": 59380, "Plan Width": 16, "Sort Key": ["revenue0.supplier_no"], "Plans": [{"Node Type": "Subquery Scan", "Parent Relationship": "Outer", "Alias": "revenue0", "Startup Cost": 5175421.77, "Total Cost": 5176757.82, "Plan Rows": 59380, "Plan Width": 16, "Plans": [{"Node Type": "Aggregate", "Strategy": "Hashed", "Parent Relationship": "Subquery", "Startup Cost": 5175421.77, "Total Cost": 5176164.02, "Plan Rows": 59380, "Plan Width": 40, "Group By Key": ["public.lineitem.l_suppkey"], "Filter": "(sum((public.lineitem.l_extendedprice * (1::double precision - public.lineitem.l_discount))) = $0), (LLVM Optimized)", "Plans": [{"Node Type": "Index Scan", "Parent Relationship": "Outer", "Scan Direction": "Forward", "Index Name": "idx_lineitem_shipdate", "Relation Name": "lineitem", "Alias": "lineitem", "Startup Cost": 0.0, "Total Cost": 5135750.66, "Plan Rows": 2266921, "Plan Width": 24, "Index Cond": "((l_shipdate >= '1997-07-01 00:00:00'::timestamp(0) without time zone) AND (l_shipdate < '1997-10-01 00:00:00'::timestamp without time zone)), (LLVM Optimized)"}]}]}]}]}, "Unique SQL Id": 3712096918, "Planner Runtime": 0}, "explain_analyze_plan": {"Plan": {"Node Type": "Merge Join", "Join Type": "Inner", "Startup Cost": 10341221.9, "Total Cost": 10347697.14, "Plan Rows": 59380, "Plan Width": 83, "Actual Startup Time": 15929.389, "Actual Total Time": 15929.399, "Actual Rows": 1, "Actual Loops": 1, "Inner Unique": true, "Merge Cond": "(supplier.s_suppkey = revenue0.supplier_no)", "Plans": [{"Node Type": "Aggregate", "Strategy": "Plain", "Parent Relationship": "exec_init_plan", "Subplan Name": "InitPlan 1 (returns $0)", "Startup Cost": 5159755.92, "Total Cost": 5159755.93, "Plan Rows": 1, "Plan Width": 16, "Actual Startup Time": 7904.524, "Actual Total Time": 7904.525, "Actual Rows": 1, "Actual Loops": 1, "Plans": [{"Node Type": "Aggregate", "Strategy": "Hashed", "Parent Relationship": "Outer", "Startup Cost": 5158419.87, "Total Cost": 5159013.67, "Plan Rows": 59380, "Plan Width": 32, "Actual Startup Time": 7850.004, "Actual Total Time": 7889.514, "Actual Rows": 100000, "Actual Loops": 1, "Group By Key": ["public.lineitem.l_suppkey"], "Plans": [{"Node Type": "Index Scan", "Parent Relationship": "Outer", "Scan Direction": "Forward", "Index Name": "idx_lineitem_shipdate", "Relation Name": "lineitem", "Alias": "lineitem", "Startup Cost": 0.0, "Total Cost": 5135750.66, "Plan Rows": 2266921, "Plan Width": 24, "Actual Startup Time": 0.093, "Actual Total Time": 5864.917, "Actual Rows": 2293944, "Actual Loops": 1, "Index Cond": "((l_shipdate >= '1997-07-01 00:00:00'::timestamp(0) without time zone) AND (l_shipdate < '1997-10-01 00:00:00'::timestamp without time zone)), (LLVM Optimized, Jit Execute)", "Rows Removed by Index Recheck": 0}]}]}, {"Node Type": "Index Scan", "Parent Relationship": "Outer", "Scan Direction": "Forward", "Index Name": "supplier_pkey", "Relation Name": "supplier", "Alias": "supplier", "Startup Cost": 0.0, "Total Cost": 5334.54, "Plan Rows": 100000, "Plan Width": 75, "Actual Startup Time": 0.043, "Actual Total Time": 22.323, "Actual Rows": 35977, "Actual Loops": 1}, {"Node Type": "Sort", "Parent Relationship": "Inner", "Startup Cost": 5181465.97, "Total Cost": 5181614.42, "Plan Rows": 59380, "Plan Width": 16, "Actual Startup Time": 15901.97, "Actual Total Time": 15901.971, "Actual Rows": 1, "Actual Loops": 1, "Sort Key": ["revenue0.supplier_no"], "Sort Method": "quicksort", "Sort Space Used": 25, "Sort Space Type": "Memory", "Plans": [{"Node Type": "Subquery Scan", "Parent Relationship": "Outer", "Alias": "revenue0", "Startup Cost": 5175421.77, "Total Cost": 5176757.82, "Plan Rows": 59380, "Plan Width": 16, "Actual Startup Time": 15883.247, "Actual Total Time": 15901.748, "Actual Rows": 1, "Actual Loops": 1, "Plans": [{"Node Type": "Aggregate", "Strategy": "Hashed", "Parent Relationship": "Subquery", "Startup Cost": 5175421.77, "Total Cost": 5176164.02, "Plan Rows": 59380, "Plan Width": 40, "Actual Startup Time": 15883.245, "Actual Total Time": 15901.744, "Actual Rows": 1, "Actual Loops": 1, "Group By Key": ["public.lineitem.l_suppkey"], "Filter": "(sum((public.lineitem.l_extendedprice * (1::double precision - public.lineitem.l_discount))) = $0), (LLVM Optimized, Jit Execute)", "Rows Removed by Filter": 99999, "Plans": [{"Node Type": "Index Scan", "Parent Relationship": "Outer", "Scan Direction": "Forward", "Index Name": "idx_lineitem_shipdate", "Relation Name": "lineitem", "Alias": "lineitem", "Startup Cost": 0.0, "Total Cost": 5135750.66, "Plan Rows": 2266921, "Plan Width": 24, "Actual Startup Time": 0.046, "Actual Total Time": 5918.312, "Actual Rows": 2293944, "Actual Loops": 1, "Index Cond": "((l_shipdate >= '1997-07-01 00:00:00'::timestamp(0) without time zone) AND (l_shipdate < '1997-10-01 00:00:00'::timestamp without time zone)), (LLVM Optimized, Jit Execute)", "Rows Removed by Index Recheck": 0}]}]}]}]}, "Triggers": [], "Planner Runtime": 0.924, "Total Runtime": 15940.792, "Unique SQL Id": 3712096918}}, "(16, '94')": {"explain_plan": {"Plan": {"Node Type": "Merge Join", "Join Type": "Inner", "Startup Cost": 4711409.4, "Total Cost": 4712800.1, "Plan Rows": 59380, "Plan Width": 83, "Inner Unique": true, "Merge Cond": "(supplier.s_suppkey = revenue0.supplier_no)", "Plans": [{"Node Type": "Aggregate", "Strategy": "Plain", "Parent Relationship": "exec_init_plan", "Subplan Name": "InitPlan 1 (returns $0)", "Startup Cost": 2339055.76, "Total Cost": 2339055.77, "Plan Rows": 1, "Plan Width": 16, "Plans": [{"Node Type": "Aggregate", "Strategy": "Hashed", "Parent Relationship": "Outer", "Startup Cost": 2337719.71, "Total Cost": 2338313.51, "Plan Rows": 59380, "Plan Width": 32, "Group By Key": ["public.lineitem.l_suppkey"], "Plans": [{"Node Type": "Seq Scan", "Parent Relationship": "Outer", "Relation Name": "lineitem", "Alias": "lineitem", "Startup Cost": 25.28, "Total Cost": 2315050.5, "Plan Rows": 2266921, "Plan Width": 24, "Filter": "((l_shipdate >= '1997-07-01 00:00:00'::timestamp(0) without time zone) AND (l_shipdate < '1997-10-01 00:00:00'::timestamp without time zone)), (LLVM Optimized)"}]}]}, {"Node Type": "Sort", "Parent Relationship": "Outer", "Startup Cost": 11587.82, "Total Cost": 11837.82, "Plan Rows": 100000, "Plan Width": 75, "Sort Key": ["supplier.s_suppkey"], "Plans": [{"Node Type": "Seq Scan", "Parent Relationship": "Outer", "Relation Name": "supplier", "Alias": "supplier", "Startup Cost": 0.0, "Total Cost": 3283.0, "Plan Rows": 100000, "Plan Width": 75}]}, {"Node Type": "Sort", "Parent Relationship": "Inner", "Startup Cost": 2360765.81, "Total Cost": 2360914.26, "Plan Rows": 59380, "Plan Width": 16, "Sort Key": ["revenue0.supplier_no"], "Plans": [{"Node Type": "Subquery Scan", "Parent Relationship": "Outer", "Alias": "revenue0", "Startup Cost": 2354721.61, "Total Cost": 2356057.66, "Plan Rows": 59380, "Plan Width": 16, "Plans": [{"Node Type": "Aggregate", "Strategy": "Hashed", "Parent Relationship": "Subquery", "Startup Cost": 2354721.61, "Total Cost": 2355463.86, "Plan Rows": 59380, "Plan Width": 40, "Group By Key": ["public.lineitem.l_suppkey"], "Filter": "(sum((public.lineitem.l_extendedprice * (1::double precision - public.lineitem.l_discount))) = $0), (LLVM Optimized)", "Plans": [{"Node Type": "Seq Scan", "Parent Relationship": "Outer", "Relation Name": "lineitem", "Alias": "lineitem", "Startup Cost": 25.28, "Total Cost": 2315050.5, "Plan Rows": 2266921, "Plan Width": 24, "Filter": "((l_shipdate >= '1997-07-01 00:00:00'::timestamp(0) without time zone) AND (l_shipdate < '1997-10-01 00:00:00'::timestamp without time zone)), (LLVM Optimized)"}]}]}]}]}, "Unique SQL Id": 3712096918, "Planner Runtime": 0}, "explain_analyze_plan": null}, "(16, '95')": {"explain_plan": {"Plan": {"Node Type": "Merge Join", "Join Type": "Inner", "Startup Cost": 2010463079819.59, "Total Cost": 3000463614414.67, "Plan Rows": 59380, "Plan Width": 83, "Inner Unique": true, "Merge Cond": "(supplier.s_suppkey = revenue0.supplier_no)", "Plans": [{"Node Type": "Aggregate", "Strategy": "Plain", "Parent Relationship": "exec_init_plan", "Subplan Name": "InitPlan 1 (returns $0)", "Startup Cost": 1000231529054.76, "Total Cost": 1000231529054.77, "Plan Rows": 1, "Plan Width": 16, "Plans": [{"Node Type": "Aggregate", "Strategy": "Hashed", "Parent Relationship": "Outer", "Startup Cost": 1000231527718.71, "Total Cost": 1000231528312.51, "Plan Rows": 59380, "Plan Width": 32, "Group By Key": ["public.lineitem.l_suppkey"], "Plans": [{"Node Type": "Seq Scan", "Parent Relationship": "Outer", "Relation Name": "lineitem", "Alias": "lineitem", "Startup Cost": 10000000025.02, "Total Cost": 1000231505049.5, "Plan Rows": 2266921, "Plan Width": 24, "Filter": "((l_shipdate >= '1997-07-01 00:00:00'::timestamp(0) without time zone) AND (l_shipdate < '1997-10-01 00:00:00'::timestamp without time zone)), (LLVM Optimized)"}]}]}, {"Node Type": "Index Scan", "Parent Relationship": "Outer", "Scan Direction": "Forward", "Index Name": "supplier_pkey", "Relation Name": "supplier", "Alias": "supplier", "Startup Cost": 10000000000.0, "Total Cost": 1000000533454.38, "Plan Rows": 100000, "Plan Width": 75}, {"Node Type": "Sort", "Parent Relationship": "Inner", "Startup Cost": 1000231550764.82, "Total Cost": 1000231550913.27, "Plan Rows": 59380, "Plan Width": 16, "Sort Key": ["revenue0.supplier_no"], "Plans": [{"Node Type": "Subquery Scan", "Parent Relationship": "Outer", "Alias": "revenue0", "Startup Cost": 1000231544720.62, "Total Cost": 1000231546056.67, "Plan Rows": 59380, "Plan Width": 16, "Plans": [{"Node Type": "Aggregate", "Strategy": "Hashed", "Parent Relationship": "Subquery", "Startup Cost": 1000231544720.62, "Total Cost": 1000231545462.87, "Plan Rows": 59380, "Plan Width": 40, "Group By Key": ["public.lineitem.l_suppkey"], "Filter": "(sum((public.lineitem.l_extendedprice * (1::double precision - public.lineitem.l_discount))) = $0), (LLVM Optimized)", "Plans": [{"Node Type": "Seq Scan", "Parent Relationship": "Outer", "Relation Name": "lineitem", "Alias": "lineitem", "Startup Cost": 10000000025.02, "Total Cost": 1000231505049.5, "Plan Rows": 2266921, "Plan Width": 24, "Filter": "((l_shipdate >= '1997-07-01 00:00:00'::timestamp(0) without time zone) AND (l_shipdate < '1997-10-01 00:00:00'::timestamp without time zone)), (LLVM Optimized)"}]}]}]}]}, "Unique SQL Id": 3712096918, "Planner Runtime": 0}, "explain_analyze_plan": null}, "(16, '96')": {"explain_plan": {"Plan": {"Node Type": "Sort", "Startup Cost": 3247453.25, "Total Cost": 3247601.7, "Plan Rows": 59380, "Plan Width": 83, "Sort Key": ["supplier.s_suppkey"], "Plans": [{"Node Type": "Aggregate", "Strategy": "Plain", "Parent Relationship": "exec_init_plan", "Subplan Name": "InitPlan 1 (returns $0)", "Startup Cost": 1610196.85, "Total Cost": 1610196.86, "Plan Rows": 1, "Plan Width": 16, "Plans": [{"Node Type": "Aggregate", "Strategy": "Hashed", "Parent Relationship": "Outer", "Startup Cost": 1608860.8, "Total Cost": 1609454.6, "Plan Rows": 59380, "Plan Width": 32, "Group By Key": ["public.lineitem.l_suppkey"], "Plans": [{"Node Type": "Bitmap Heap Scan", "Parent Relationship": "Outer", "Relation Name": "lineitem", "Alias": "lineitem", "Startup Cost": 78544.19, "Total Cost": 1586191.59, "Plan Rows": 2266921, "Plan Width": 24, "Recheck Cond": "((l_shipdate >= '1997-07-01 00:00:00'::timestamp(0) without time zone) AND (l_shipdate < '1997-10-01 00:00:00'::timestamp without time zone)), (LLVM Optimized)", "Plans": [{"Node Type": "Bitmap Index Scan", "Parent Relationship": "Outer", "Index Name": "idx_lineitem_shipdate", "Startup Cost": 0.0, "Total Cost": 77977.46, "Plan Rows": 2266921, "Plan Width": 0, "Index Cond": "((l_shipdate >= '1997-07-01 00:00:00'::timestamp(0) without time zone) AND (l_shipdate < '1997-10-01 00:00:00'::timestamp without time zone))"}]}]}]}, {"Node Type": "Hash Join", "Parent Relationship": "Outer", "Join Type": "Inner", "Startup Cost": 1630395.71, "Total Cost": 1632548.24, "Plan Rows": 59380, "Plan Width": 83, "Inner Unique": true, "Hash Cond": "(public.lineitem.l_suppkey = supplier.s_suppkey)", "Plans": [{"Node Type": "Aggregate", "Strategy": "Hashed", "Parent Relationship": "Outer", "Startup Cost": 1625862.71, "Total Cost": 1626604.96, "Plan Rows": 59380, "Plan Width": 40, "Group By Key": ["public.lineitem.l_suppkey"], "Filter": "(sum((public.lineitem.l_extendedprice * (1::double precision - public.lineitem.l_discount))) = $0), (LLVM Optimized)", "Plans": [{"Node Type": "Bitmap Heap Scan", "Parent Relationship": "Outer", "Relation Name": "lineitem", "Alias": "lineitem", "Startup Cost": 78544.19, "Total Cost": 1586191.59, "Plan Rows": 2266921, "Plan Width": 24, "Recheck Cond": "((l_shipdate >= '1997-07-01 00:00:00'::timestamp(0) without time zone) AND (l_shipdate < '1997-10-01 00:00:00'::timestamp without time zone)), (LLVM Optimized)", "Plans": [{"Node Type": "Bitmap Index Scan", "Parent Relationship": "Outer", "Index Name": "idx_lineitem_shipdate", "Startup Cost": 0.0, "Total Cost": 77977.46, "Plan Rows": 2266921, "Plan Width": 0, "Index Cond": "((l_shipdate >= '1997-07-01 00:00:00'::timestamp(0) without time zone) AND (l_shipdate < '1997-10-01 00:00:00'::timestamp without time zone))"}]}]}, {"Node Type": "Hash", "Parent Relationship": "Inner", "Startup Cost": 3283.0, "Total Cost": 3283.0, "Plan Rows": 100000, "Plan Width": 75, "Plans": [{"Node Type": "Seq Scan", "Parent Relationship": "Outer", "Relation Name": "supplier", "Alias": "supplier", "Startup Cost": 0.0, "Total Cost": 3283.0, "Plan Rows": 100000, "Plan Width": 75}]}]}]}, "Unique SQL Id": 3712096918, "Planner Runtime": 0}, "explain_analyze_plan": {"Plan": {"Node Type": "Sort", "Startup Cost": 3247453.25, "Total Cost": 3247601.7, "Plan Rows": 59380, "Plan Width": 83, "Actual Startup Time": 11068.923, "Actual Total Time": 11068.924, "Actual Rows": 1, "Actual Loops": 1, "Sort Key": ["supplier.s_suppkey"], "Sort Method": "quicksort", "Sort Space Used": 25, "Sort Space Type": "Memory", "Plans": [{"Node Type": "Aggregate", "Strategy": "Plain", "Parent Relationship": "exec_init_plan", "Subplan Name": "InitPlan 1 (returns $0)", "Startup Cost": 1610196.85, "Total Cost": 1610196.86, "Plan Rows": 1, "Plan Width": 16, "Actual Startup Time": 5421.153, "Actual Total Time": 5421.153, "Actual Rows": 1, "Actual Loops": 1, "Plans": [{"Node Type": "Aggregate", "Strategy": "Hashed", "Parent Relationship": "Outer", "Startup Cost": 1608860.8, "Total Cost": 1609454.6, "Plan Rows": 59380, "Plan Width": 32, "Actual Startup Time": 5377.089, "Actual Total Time": 5406.09, "Actual Rows": 100000, "Actual Loops": 1, "Group By Key": ["public.lineitem.l_suppkey"], "Plans": [{"Node Type": "Bitmap Heap Scan", "Parent Relationship": "Outer", "Relation Name": "lineitem", "Alias": "lineitem", "Startup Cost": 78544.19, "Total Cost": 1586191.59, "Plan Rows": 2266921, "Plan Width": 24, "Actual Startup Time": 1133.297, "Actual Total Time": 3864.042, "Actual Rows": 2293944, "Actual Loops": 1, "Recheck Cond": "((l_shipdate >= '1997-07-01 00:00:00'::timestamp(0) without time zone) AND (l_shipdate < '1997-10-01 00:00:00'::timestamp without time zone)), (LLVM Optimized, Jit Execute)", "Rows Removed by Index Recheck": 0, "Exact Heap Blocks": 732487, "Lossy Heap Blocks": 732487, "Plans": [{"Node Type": "Bitmap Index Scan", "Parent Relationship": "Outer", "Index Name": "idx_lineitem_shipdate", "Startup Cost": 0.0, "Total Cost": 77977.46, "Plan Rows": 2266921, "Plan Width": 0, "Actual Startup Time": 775.715, "Actual Total Time": 775.715, "Actual Rows": 2293944, "Actual Loops": 1, "Index Cond": "((l_shipdate >= '1997-07-01 00:00:00'::timestamp(0) without time zone) AND (l_shipdate < '1997-10-01 00:00:00'::timestamp without time zone))"}]}]}]}, {"Node Type": "Hash Join", "Parent Relationship": "Outer", "Join Type": "Inner", "Startup Cost": 1630395.71, "Total Cost": 1632548.24, "Plan Rows": 59380, "Plan Width": 83, "Actual Startup Time": 11045.312, "Actual Total Time": 11068.491, "Actual Rows": 1, "Actual Loops": 1, "Inner Unique": true, "Hash Cond": "(public.lineitem.l_suppkey = supplier.s_suppkey)", "Plans": [{"Node Type": "Aggregate", "Strategy": "Hashed", "Parent Relationship": "Outer", "Startup Cost": 1625862.71, "Total Cost": 1626604.96, "Plan Rows": 59380, "Plan Width": 40, "Actual Startup Time": 10973.475, "Actual Total Time": 10996.456, "Actual Rows": 1, "Actual Loops": 1, "Group By Key": ["public.lineitem.l_suppkey"], "Filter": "(sum((public.lineitem.l_extendedprice * (1::double precision - public.lineitem.l_discount))) = $0), (LLVM Optimized, Jit Execute)", "Rows Removed by Filter": 99999, "Plans": [{"Node Type": "Bitmap Heap Scan", "Parent Relationship": "Outer", "Relation Name": "lineitem", "Alias": "lineitem", "Startup Cost": 78544.19, "Total Cost": 1586191.59, "Plan Rows": 2266921, "Plan Width": 24, "Actual Startup Time": 1137.908, "Actual Total Time": 3856.727, "Actual Rows": 2293944, "Actual Loops": 1, "Recheck Cond": "((l_shipdate >= '1997-07-01 00:00:00'::timestamp(0) without time zone) AND (l_shipdate < '1997-10-01 00:00:00'::timestamp without time zone)), (LLVM Optimized, Jit Execute)", "Rows Removed by Index Recheck": 0, "Exact Heap Blocks": 732487, "Lossy Heap Blocks": 732487, "Plans": [{"Node Type": "Bitmap Index Scan", "Parent Relationship": "Outer", "Index Name": "idx_lineitem_shipdate", "Startup Cost": 0.0, "Total Cost": 77977.46, "Plan Rows": 2266921, "Plan Width": 0, "Actual Startup Time": 852.618, "Actual Total Time": 852.618, "Actual Rows": 2293944, "Actual Loops": 1, "Index Cond": "((l_shipdate >= '1997-07-01 00:00:00'::timestamp(0) without time zone) AND (l_shipdate < '1997-10-01 00:00:00'::timestamp without time zone))"}]}]}, {"Node Type": "Hash", "Parent Relationship": "Inner", "Startup Cost": 3283.0, "Total Cost": 3283.0, "Plan Rows": 100000, "Plan Width": 75, "Actual Startup Time": 71.679, "Actual Total Time": 71.679, "Actual Rows": 100000, "Actual Loops": 1, "Hash Buckets": 131072, "Hash Batches": 1, "Original Hash Batches": 1, "Peak Memory Usage": 10544, "Plans": [{"Node Type": "Seq Scan", "Parent Relationship": "Outer", "Relation Name": "supplier", "Alias": "supplier", "Startup Cost": 0.0, "Total Cost": 3283.0, "Plan Rows": 100000, "Plan Width": 75, "Actual Startup Time": 0.031, "Actual Total Time": 37.394, "Actual Rows": 100000, "Actual Loops": 1}]}]}]}, "Triggers": [], "Planner Runtime": 0.869, "Total Runtime": 11081.644, "Unique SQL Id": 3712096918}}, "(16, '97')": {"explain_plan": {"Plan": {"Node Type": "Sort", "Startup Cost": 3249504.79, "Total Cost": 3249653.24, "Plan Rows": 59380, "Plan Width": 83, "Sort Key": ["supplier.s_suppkey"], "Plans": [{"Node Type": "Aggregate", "Strategy": "Plain", "Parent Relationship": "exec_init_plan", "Subplan Name": "InitPlan 1 (returns $0)", "Startup Cost": 1610196.85, "Total Cost": 1610196.86, "Plan Rows": 1, "Plan Width": 16, "Plans": [{"Node Type": "Aggregate", "Strategy": "Hashed", "Parent Relationship": "Outer", "Startup Cost": 1608860.8, "Total Cost": 1609454.6, "Plan Rows": 59380, "Plan Width": 32, "Group By Key": ["public.lineitem.l_suppkey"], "Plans": [{"Node Type": "Bitmap Heap Scan", "Parent Relationship": "Outer", "Relation Name": "lineitem", "Alias": "lineitem", "Startup Cost": 78544.19, "Total Cost": 1586191.59, "Plan Rows": 2266921, "Plan Width": 24, "Recheck Cond": "((l_shipdate >= '1997-07-01 00:00:00'::timestamp(0) without time zone) AND (l_shipdate < '1997-10-01 00:00:00'::timestamp without time zone)), (LLVM Optimized)", "Plans": [{"Node Type": "Bitmap Index Scan", "Parent Relationship": "Outer", "Index Name": "idx_lineitem_shipdate", "Startup Cost": 0.0, "Total Cost": 77977.46, "Plan Rows": 2266921, "Plan Width": 0, "Index Cond": "((l_shipdate >= '1997-07-01 00:00:00'::timestamp(0) without time zone) AND (l_shipdate < '1997-10-01 00:00:00'::timestamp without time zone))"}]}]}]}, {"Node Type": "Hash Join", "Parent Relationship": "Outer", "Join Type": "Inner", "Startup Cost": 1632447.26, "Total Cost": 1634599.78, "Plan Rows": 59380, "Plan Width": 83, "Inner Unique": true, "Hash Cond": "(public.lineitem.l_suppkey = supplier.s_suppkey)", "Plans": [{"Node Type": "Aggregate", "Strategy": "Hashed", "Parent Relationship": "Outer", "Startup Cost": 1625862.71, "Total Cost": 1626604.96, "Plan Rows": 59380, "Plan Width": 40, "Group By Key": ["public.lineitem.l_suppkey"], "Filter": "(sum((public.lineitem.l_extendedprice * (1::double precision - public.lineitem.l_discount))) = $0), (LLVM Optimized)", "Plans": [{"Node Type": "Bitmap Heap Scan", "Parent Relationship": "Outer", "Relation Name": "lineitem", "Alias": "lineitem", "Startup Cost": 78544.19, "Total Cost": 1586191.59, "Plan Rows": 2266921, "Plan Width": 24, "Recheck Cond": "((l_shipdate >= '1997-07-01 00:00:00'::timestamp(0) without time zone) AND (l_shipdate < '1997-10-01 00:00:00'::timestamp without time zone)), (LLVM Optimized)", "Plans": [{"Node Type": "Bitmap Index Scan", "Parent Relationship": "Outer", "Index Name": "idx_lineitem_shipdate", "Startup Cost": 0.0, "Total Cost": 77977.46, "Plan Rows": 2266921, "Plan Width": 0, "Index Cond": "((l_shipdate >= '1997-07-01 00:00:00'::timestamp(0) without time zone) AND (l_shipdate < '1997-10-01 00:00:00'::timestamp without time zone))"}]}]}, {"Node Type": "Hash", "Parent Relationship": "Inner", "Startup Cost": 5334.54, "Total Cost": 5334.54, "Plan Rows": 100000, "Plan Width": 75, "Plans": [{"Node Type": "Index Scan", "Parent Relationship": "Outer", "Scan Direction": "Forward", "Index Name": "supplier_pkey", "Relation Name": "supplier", "Alias": "supplier", "Startup Cost": 0.0, "Total Cost": 5334.54, "Plan Rows": 100000, "Plan Width": 75}]}]}]}, "Unique SQL Id": 3712096918, "Planner Runtime": 0}, "explain_analyze_plan": {"Plan": {"Node Type": "Sort", "Startup Cost": 3249504.79, "Total Cost": 3249653.24, "Plan Rows": 59380, "Plan Width": 83, "Actual Startup Time": 11330.561, "Actual Total Time": 11330.562, "Actual Rows": 1, "Actual Loops": 1, "Sort Key": ["supplier.s_suppkey"], "Sort Method": "quicksort", "Sort Space Used": 25, "Sort Space Type": "Memory", "Plans": [{"Node Type": "Aggregate", "Strategy": "Plain", "Parent Relationship": "exec_init_plan", "Subplan Name": "InitPlan 1 (returns $0)", "Startup Cost": 1610196.85, "Total Cost": 1610196.86, "Plan Rows": 1, "Plan Width": 16, "Actual Startup Time": 5722.757, "Actual Total Time": 5722.757, "Actual Rows": 1, "Actual Loops": 1, "Plans": [{"Node Type": "Aggregate", "Strategy": "Hashed", "Parent Relationship": "Outer", "Startup Cost": 1608860.8, "Total Cost": 1609454.6, "Plan Rows": 59380, "Plan Width": 32, "Actual Startup Time": 5678.653, "Actual Total Time": 5707.898, "Actual Rows": 100000, "Actual Loops": 1, "Group By Key": ["public.lineitem.l_suppkey"], "Plans": [{"Node Type": "Bitmap Heap Scan", "Parent Relationship": "Outer", "Relation Name": "lineitem", "Alias": "lineitem", "Startup Cost": 78544.19, "Total Cost": 1586191.59, "Plan Rows": 2266921, "Plan Width": 24, "Actual Startup Time": 1253.136, "Actual Total Time": 4116.127, "Actual Rows": 2293944, "Actual Loops": 1, "Recheck Cond": "((l_shipdate >= '1997-07-01 00:00:00'::timestamp(0) without time zone) AND (l_shipdate < '1997-10-01 00:00:00'::timestamp without time zone)), (LLVM Optimized, Jit Execute)", "Rows Removed by Index Recheck": 0, "Exact Heap Blocks": 732487, "Lossy Heap Blocks": 732487, "Plans": [{"Node Type": "Bitmap Index Scan", "Parent Relationship": "Outer", "Index Name": "idx_lineitem_shipdate", "Startup Cost": 0.0, "Total Cost": 77977.46, "Plan Rows": 2266921, "Plan Width": 0, "Actual Startup Time": 899.015, "Actual Total Time": 899.015, "Actual Rows": 2293944, "Actual Loops": 1, "Index Cond": "((l_shipdate >= '1997-07-01 00:00:00'::timestamp(0) without time zone) AND (l_shipdate < '1997-10-01 00:00:00'::timestamp without time zone))"}]}]}]}, {"Node Type": "Hash Join", "Parent Relationship": "Outer", "Join Type": "Inner", "Startup Cost": 1632447.26, "Total Cost": 1634599.78, "Plan Rows": 59380, "Plan Width": 83, "Actual Startup Time": 11310.795, "Actual Total Time": 11330.108, "Actual Rows": 1, "Actual Loops": 1, "Inner Unique": true, "Hash Cond": "(public.lineitem.l_suppkey = supplier.s_suppkey)", "Plans": [{"Node Type": "Aggregate", "Strategy": "Hashed", "Parent Relationship": "Outer", "Startup Cost": 1625862.71, "Total Cost": 1626604.96, "Plan Rows": 59380, "Plan Width": 40, "Actual Startup Time": 11207.843, "Actual Total Time": 11226.948, "Actual Rows": 1, "Actual Loops": 1, "Group By Key": ["public.lineitem.l_suppkey"], "Filter": "(sum((public.lineitem.l_extendedprice * (1::double precision - public.lineitem.l_discount))) = $0), (LLVM Optimized, Jit Execute)", "Rows Removed by Filter": 99999, "Plans": [{"Node Type": "Bitmap Heap Scan", "Parent Relationship": "Outer", "Relation Name": "lineitem", "Alias": "lineitem", "Startup Cost": 78544.19, "Total Cost": 1586191.59, "Plan Rows": 2266921, "Plan Width": 24, "Actual Startup Time": 1111.601, "Actual Total Time": 3817.495, "Actual Rows": 2293944, "Actual Loops": 1, "Recheck Cond": "((l_shipdate >= '1997-07-01 00:00:00'::timestamp(0) without time zone) AND (l_shipdate < '1997-10-01 00:00:00'::timestamp without time zone)), (LLVM Optimized, Jit Execute)", "Rows Removed by Index Recheck": 0, "Exact Heap Blocks": 732487, "Lossy Heap Blocks": 732487, "Plans": [{"Node Type": "Bitmap Index Scan", "Parent Relationship": "Outer", "Index Name": "idx_lineitem_shipdate", "Startup Cost": 0.0, "Total Cost": 77977.46, "Plan Rows": 2266921, "Plan Width": 0, "Actual Startup Time": 800.966, "Actual Total Time": 800.966, "Actual Rows": 2293944, "Actual Loops": 1, "Index Cond": "((l_shipdate >= '1997-07-01 00:00:00'::timestamp(0) without time zone) AND (l_shipdate < '1997-10-01 00:00:00'::timestamp without time zone))"}]}]}, {"Node Type": "Hash", "Parent Relationship": "Inner", "Startup Cost": 5334.54, "Total Cost": 5334.54, "Plan Rows": 100000, "Plan Width": 75, "Actual Startup Time": 102.794, "Actual Total Time": 102.794, "Actual Rows": 100000, "Actual Loops": 1, "Hash Buckets": 131072, "Hash Batches": 1, "Original Hash Batches": 1, "Peak Memory Usage": 10544, "Plans": [{"Node Type": "Index Scan", "Parent Relationship": "Outer", "Scan Direction": "Forward", "Index Name": "supplier_pkey", "Relation Name": "supplier", "Alias": "supplier", "Startup Cost": 0.0, "Total Cost": 5334.54, "Plan Rows": 100000, "Plan Width": 75, "Actual Startup Time": 0.058, "Actual Total Time": 69.218, "Actual Rows": 100000, "Actual Loops": 1}]}]}]}, "Triggers": [], "Planner Runtime": 0.924, "Total Runtime": 11343.602, "Unique SQL Id": 3712096918}}, "(16, '98')": {"explain_plan": {"Plan": {"Node Type": "Sort", "Startup Cost": 3247453.25, "Total Cost": 3247601.7, "Plan Rows": 59380, "Plan Width": 83, "Sort Key": ["supplier.s_suppkey"], "Plans": [{"Node Type": "Aggregate", "Strategy": "Plain", "Parent Relationship": "exec_init_plan", "Subplan Name": "InitPlan 1 (returns $0)", "Startup Cost": 1610196.85, "Total Cost": 1610196.86, "Plan Rows": 1, "Plan Width": 16, "Plans": [{"Node Type": "Aggregate", "Strategy": "Hashed", "Parent Relationship": "Outer", "Startup Cost": 1608860.8, "Total Cost": 1609454.6, "Plan Rows": 59380, "Plan Width": 32, "Group By Key": ["public.lineitem.l_suppkey"], "Plans": [{"Node Type": "Bitmap Heap Scan", "Parent Relationship": "Outer", "Relation Name": "lineitem", "Alias": "lineitem", "Startup Cost": 78544.19, "Total Cost": 1586191.59, "Plan Rows": 2266921, "Plan Width": 24, "Recheck Cond": "((l_shipdate >= '1997-07-01 00:00:00'::timestamp(0) without time zone) AND (l_shipdate < '1997-10-01 00:00:00'::timestamp without time zone)), (LLVM Optimized)", "Plans": [{"Node Type": "Bitmap Index Scan", "Parent Relationship": "Outer", "Index Name": "idx_lineitem_shipdate", "Startup Cost": 0.0, "Total Cost": 77977.46, "Plan Rows": 2266921, "Plan Width": 0, "Index Cond": "((l_shipdate >= '1997-07-01 00:00:00'::timestamp(0) without time zone) AND (l_shipdate < '1997-10-01 00:00:00'::timestamp without time zone))"}]}]}]}, {"Node Type": "Hash Join", "Parent Relationship": "Outer", "Join Type": "Inner", "Startup Cost": 1630395.71, "Total Cost": 1632548.24, "Plan Rows": 59380, "Plan Width": 83, "Inner Unique": true, "Hash Cond": "(public.lineitem.l_suppkey = supplier.s_suppkey)", "Plans": [{"Node Type": "Aggregate", "Strategy": "Hashed", "Parent Relationship": "Outer", "Startup Cost": 1625862.71, "Total Cost": 1626604.96, "Plan Rows": 59380, "Plan Width": 40, "Group By Key": ["public.lineitem.l_suppkey"], "Filter": "(sum((public.lineitem.l_extendedprice * (1::double precision - public.lineitem.l_discount))) = $0), (LLVM Optimized)", "Plans": [{"Node Type": "Bitmap Heap Scan", "Parent Relationship": "Outer", "Relation Name": "lineitem", "Alias": "lineitem", "Startup Cost": 78544.19, "Total Cost": 1586191.59, "Plan Rows": 2266921, "Plan Width": 24, "Recheck Cond": "((l_shipdate >= '1997-07-01 00:00:00'::timestamp(0) without time zone) AND (l_shipdate < '1997-10-01 00:00:00'::timestamp without time zone)), (LLVM Optimized)", "Plans": [{"Node Type": "Bitmap Index Scan", "Parent Relationship": "Outer", "Index Name": "idx_lineitem_shipdate", "Startup Cost": 0.0, "Total Cost": 77977.46, "Plan Rows": 2266921, "Plan Width": 0, "Index Cond": "((l_shipdate >= '1997-07-01 00:00:00'::timestamp(0) without time zone) AND (l_shipdate < '1997-10-01 00:00:00'::timestamp without time zone))"}]}]}, {"Node Type": "Hash", "Parent Relationship": "Inner", "Startup Cost": 3283.0, "Total Cost": 3283.0, "Plan Rows": 100000, "Plan Width": 75, "Plans": [{"Node Type": "Seq Scan", "Parent Relationship": "Outer", "Relation Name": "supplier", "Alias": "supplier", "Startup Cost": 0.0, "Total Cost": 3283.0, "Plan Rows": 100000, "Plan Width": 75}]}]}]}, "Unique SQL Id": 3712096918, "Planner Runtime": 0}, "explain_analyze_plan": {"Plan": {"Node Type": "Sort", "Startup Cost": 3247453.25, "Total Cost": 3247601.7, "Plan Rows": 59380, "Plan Width": 83, "Actual Startup Time": 11068.923, "Actual Total Time": 11068.924, "Actual Rows": 1, "Actual Loops": 1, "Sort Key": ["supplier.s_suppkey"], "Sort Method": "quicksort", "Sort Space Used": 25, "Sort Space Type": "Memory", "Plans": [{"Node Type": "Aggregate", "Strategy": "Plain", "Parent Relationship": "exec_init_plan", "Subplan Name": "InitPlan 1 (returns $0)", "Startup Cost": 1610196.85, "Total Cost": 1610196.86, "Plan Rows": 1, "Plan Width": 16, "Actual Startup Time": 5421.153, "Actual Total Time": 5421.153, "Actual Rows": 1, "Actual Loops": 1, "Plans": [{"Node Type": "Aggregate", "Strategy": "Hashed", "Parent Relationship": "Outer", "Startup Cost": 1608860.8, "Total Cost": 1609454.6, "Plan Rows": 59380, "Plan Width": 32, "Actual Startup Time": 5377.089, "Actual Total Time": 5406.09, "Actual Rows": 100000, "Actual Loops": 1, "Group By Key": ["public.lineitem.l_suppkey"], "Plans": [{"Node Type": "Bitmap Heap Scan", "Parent Relationship": "Outer", "Relation Name": "lineitem", "Alias": "lineitem", "Startup Cost": 78544.19, "Total Cost": 1586191.59, "Plan Rows": 2266921, "Plan Width": 24, "Actual Startup Time": 1133.297, "Actual Total Time": 3864.042, "Actual Rows": 2293944, "Actual Loops": 1, "Recheck Cond": "((l_shipdate >= '1997-07-01 00:00:00'::timestamp(0) without time zone) AND (l_shipdate < '1997-10-01 00:00:00'::timestamp without time zone)), (LLVM Optimized, Jit Execute)", "Rows Removed by Index Recheck": 0, "Exact Heap Blocks": 732487, "Lossy Heap Blocks": 732487, "Plans": [{"Node Type": "Bitmap Index Scan", "Parent Relationship": "Outer", "Index Name": "idx_lineitem_shipdate", "Startup Cost": 0.0, "Total Cost": 77977.46, "Plan Rows": 2266921, "Plan Width": 0, "Actual Startup Time": 775.715, "Actual Total Time": 775.715, "Actual Rows": 2293944, "Actual Loops": 1, "Index Cond": "((l_shipdate >= '1997-07-01 00:00:00'::timestamp(0) without time zone) AND (l_shipdate < '1997-10-01 00:00:00'::timestamp without time zone))"}]}]}]}, {"Node Type": "Hash Join", "Parent Relationship": "Outer", "Join Type": "Inner", "Startup Cost": 1630395.71, "Total Cost": 1632548.24, "Plan Rows": 59380, "Plan Width": 83, "Actual Startup Time": 11045.312, "Actual Total Time": 11068.491, "Actual Rows": 1, "Actual Loops": 1, "Inner Unique": true, "Hash Cond": "(public.lineitem.l_suppkey = supplier.s_suppkey)", "Plans": [{"Node Type": "Aggregate", "Strategy": "Hashed", "Parent Relationship": "Outer", "Startup Cost": 1625862.71, "Total Cost": 1626604.96, "Plan Rows": 59380, "Plan Width": 40, "Actual Startup Time": 10973.475, "Actual Total Time": 10996.456, "Actual Rows": 1, "Actual Loops": 1, "Group By Key": ["public.lineitem.l_suppkey"], "Filter": "(sum((public.lineitem.l_extendedprice * (1::double precision - public.lineitem.l_discount))) = $0), (LLVM Optimized, Jit Execute)", "Rows Removed by Filter": 99999, "Plans": [{"Node Type": "Bitmap Heap Scan", "Parent Relationship": "Outer", "Relation Name": "lineitem", "Alias": "lineitem", "Startup Cost": 78544.19, "Total Cost": 1586191.59, "Plan Rows": 2266921, "Plan Width": 24, "Actual Startup Time": 1137.908, "Actual Total Time": 3856.727, "Actual Rows": 2293944, "Actual Loops": 1, "Recheck Cond": "((l_shipdate >= '1997-07-01 00:00:00'::timestamp(0) without time zone) AND (l_shipdate < '1997-10-01 00:00:00'::timestamp without time zone)), (LLVM Optimized, Jit Execute)", "Rows Removed by Index Recheck": 0, "Exact Heap Blocks": 732487, "Lossy Heap Blocks": 732487, "Plans": [{"Node Type": "Bitmap Index Scan", "Parent Relationship": "Outer", "Index Name": "idx_lineitem_shipdate", "Startup Cost": 0.0, "Total Cost": 77977.46, "Plan Rows": 2266921, "Plan Width": 0, "Actual Startup Time": 852.618, "Actual Total Time": 852.618, "Actual Rows": 2293944, "Actual Loops": 1, "Index Cond": "((l_shipdate >= '1997-07-01 00:00:00'::timestamp(0) without time zone) AND (l_shipdate < '1997-10-01 00:00:00'::timestamp without time zone))"}]}]}, {"Node Type": "Hash", "Parent Relationship": "Inner", "Startup Cost": 3283.0, "Total Cost": 3283.0, "Plan Rows": 100000, "Plan Width": 75, "Actual Startup Time": 71.679, "Actual Total Time": 71.679, "Actual Rows": 100000, "Actual Loops": 1, "Hash Buckets": 131072, "Hash Batches": 1, "Original Hash Batches": 1, "Peak Memory Usage": 10544, "Plans": [{"Node Type": "Seq Scan", "Parent Relationship": "Outer", "Relation Name": "supplier", "Alias": "supplier", "Startup Cost": 0.0, "Total Cost": 3283.0, "Plan Rows": 100000, "Plan Width": 75, "Actual Startup Time": 0.031, "Actual Total Time": 37.394, "Actual Rows": 100000, "Actual Loops": 1}]}]}]}, "Triggers": [], "Planner Runtime": 0.869, "Total Runtime": 11081.644, "Unique SQL Id": 3712096918}}, "(16, '99')": {"explain_plan": {"Plan": {"Node Type": "Sort", "Startup Cost": 3497813.02, "Total Cost": 3497961.47, "Plan Rows": 59380, "Plan Width": 83, "Sort Key": ["supplier.s_suppkey"], "Plans": [{"Node Type": "Aggregate", "Strategy": "Plain", "Parent Relationship": "exec_init_plan", "Subplan Name": "InitPlan 1 (returns $0)", "Startup Cost": 1610196.85, "Total Cost": 1610196.86, "Plan Rows": 1, "Plan Width": 16, "Plans": [{"Node Type": "Aggregate", "Strategy": "Hashed", "Parent Relationship": "Outer", "Startup Cost": 1608860.8, "Total Cost": 1609454.6, "Plan Rows": 59380, "Plan Width": 32, "Group By Key": ["public.lineitem.l_suppkey"], "Plans": [{"Node Type": "Bitmap Heap Scan", "Parent Relationship": "Outer", "Relation Name": "lineitem", "Alias": "lineitem", "Startup Cost": 78544.19, "Total Cost": 1586191.59, "Plan Rows": 2266921, "Plan Width": 24, "Recheck Cond": "((l_shipdate >= '1997-07-01 00:00:00'::timestamp(0) without time zone) AND (l_shipdate < '1997-10-01 00:00:00'::timestamp without time zone)), (LLVM Optimized)", "Plans": [{"Node Type": "Bitmap Index Scan", "Parent Relationship": "Outer", "Index Name": "idx_lineitem_shipdate", "Startup Cost": 0.0, "Total Cost": 77977.46, "Plan Rows": 2266921, "Plan Width": 0, "Index Cond": "((l_shipdate >= '1997-07-01 00:00:00'::timestamp(0) without time zone) AND (l_shipdate < '1997-10-01 00:00:00'::timestamp without time zone))"}]}]}]}, {"Node Type": "Nested Loop", "Parent Relationship": "Outer", "Join Type": "Inner", "Startup Cost": 1625863.0, "Total Cost": 1882908.01, "Plan Rows": 59380, "Plan Width": 83, "Inner Unique": true, "Plans": [{"Node Type": "Aggregate", "Strategy": "Hashed", "Parent Relationship": "Outer", "Startup Cost": 1625862.71, "Total Cost": 1626604.96, "Plan Rows": 59380, "Plan Width": 40, "Group By Key": ["public.lineitem.l_suppkey"], "Filter": "(sum((public.lineitem.l_extendedprice * (1::double precision - public.lineitem.l_discount))) = $0), (LLVM Optimized)", "Plans": [{"Node Type": "Bitmap Heap Scan", "Parent Relationship": "Outer", "Relation Name": "lineitem", "Alias": "lineitem", "Startup Cost": 78544.19, "Total Cost": 1586191.59, "Plan Rows": 2266921, "Plan Width": 24, "Recheck Cond": "((l_shipdate >= '1997-07-01 00:00:00'::timestamp(0) without time zone) AND (l_shipdate < '1997-10-01 00:00:00'::timestamp without time zone)), (LLVM Optimized)", "Plans": [{"Node Type": "Bitmap Index Scan", "Parent Relationship": "Outer", "Index Name": "idx_lineitem_shipdate", "Startup Cost": 0.0, "Total Cost": 77977.46, "Plan Rows": 2266921, "Plan Width": 0, "Index Cond": "((l_shipdate >= '1997-07-01 00:00:00'::timestamp(0) without time zone) AND (l_shipdate < '1997-10-01 00:00:00'::timestamp without time zone))"}]}]}, {"Node Type": "Bitmap Heap Scan", "Parent Relationship": "Inner", "Relation Name": "supplier", "Alias": "supplier", "Startup Cost": 0.28, "Total Cost": 4.3, "Plan Rows": 1, "Plan Width": 75, "Recheck Cond": "(s_suppkey = public.lineitem.l_suppkey)", "Plans": [{"Node Type": "Bitmap Index Scan", "Parent Relationship": "Outer", "Index Name": "supplier_pkey", "Startup Cost": 0.0, "Total Cost": 0.28, "Plan Rows": 1, "Plan Width": 0, "Index Cond": "(s_suppkey = public.lineitem.l_suppkey)"}]}]}]}, "Unique SQL Id": 3712096918, "Planner Runtime": 0}, "explain_analyze_plan": {"Plan": {"Node Type": "Sort", "Startup Cost": 3497813.02, "Total Cost": 3497961.47, "Plan Rows": 59380, "Plan Width": 83, "Actual Startup Time": 11241.876, "Actual Total Time": 11241.876, "Actual Rows": 1, "Actual Loops": 1, "Sort Key": ["supplier.s_suppkey"], "Sort Method": "quicksort", "Sort Space Used": 25, "Sort Space Type": "Memory", "Plans": [{"Node Type": "Aggregate", "Strategy": "Plain", "Parent Relationship": "exec_init_plan", "Subplan Name": "InitPlan 1 (returns $0)", "Startup Cost": 1610196.85, "Total Cost": 1610196.86, "Plan Rows": 1, "Plan Width": 16, "Actual Startup Time": 5464.823, "Actual Total Time": 5464.823, "Actual Rows": 1, "Actual Loops": 1, "Plans": [{"Node Type": "Aggregate", "Strategy": "Hashed", "Parent Relationship": "Outer", "Startup Cost": 1608860.8, "Total Cost": 1609454.6, "Plan Rows": 59380, "Plan Width": 32, "Actual Startup Time": 5414.615, "Actual Total Time": 5449.751, "Actual Rows": 100000, "Actual Loops": 1, "Group By Key": ["public.lineitem.l_suppkey"], "Plans": [{"Node Type": "Bitmap Heap Scan", "Parent Relationship": "Outer", "Relation Name": "lineitem", "Alias": "lineitem", "Startup Cost": 78544.19, "Total Cost": 1586191.59, "Plan Rows": 2266921, "Plan Width": 24, "Actual Startup Time": 1070.692, "Actual Total Time": 3752.897, "Actual Rows": 2293944, "Actual Loops": 1, "Recheck Cond": "((l_shipdate >= '1997-07-01 00:00:00'::timestamp(0) without time zone) AND (l_shipdate < '1997-10-01 00:00:00'::timestamp without time zone)), (LLVM Optimized, Jit Execute)", "Rows Removed by Index Recheck": 0, "Exact Heap Blocks": 732487, "Lossy Heap Blocks": 732487, "Plans": [{"Node Type": "Bitmap Index Scan", "Parent Relationship": "Outer", "Index Name": "idx_lineitem_shipdate", "Startup Cost": 0.0, "Total Cost": 77977.46, "Plan Rows": 2266921, "Plan Width": 0, "Actual Startup Time": 784.899, "Actual Total Time": 784.899, "Actual Rows": 2293944, "Actual Loops": 1, "Index Cond": "((l_shipdate >= '1997-07-01 00:00:00'::timestamp(0) without time zone) AND (l_shipdate < '1997-10-01 00:00:00'::timestamp without time zone))"}]}]}]}, {"Node Type": "Nested Loop", "Parent Relationship": "Outer", "Join Type": "Inner", "Startup Cost": 1625863.0, "Total Cost": 1882908.01, "Plan Rows": 59380, "Plan Width": 83, "Actual Startup Time": 11222.658, "Actual Total Time": 11241.85, "Actual Rows": 1, "Actual Loops": 1, "Inner Unique": true, "Plans": [{"Node Type": "Aggregate", "Strategy": "Hashed", "Parent Relationship": "Outer", "Startup Cost": 1625862.71, "Total Cost": 1626604.96, "Plan Rows": 59380, "Plan Width": 40, "Actual Startup Time": 11222.535, "Actual Total Time": 11241.516, "Actual Rows": 1, "Actual Loops": 1, "Group By Key": ["public.lineitem.l_suppkey"], "Filter": "(sum((public.lineitem.l_extendedprice * (1::double precision - public.lineitem.l_discount))) = $0), (LLVM Optimized, Jit Execute)", "Rows Removed by Filter": 99999, "Plans": [{"Node Type": "Bitmap Heap Scan", "Parent Relationship": "Outer", "Relation Name": "lineitem", "Alias": "lineitem", "Startup Cost": 78544.19, "Total Cost": 1586191.59, "Plan Rows": 2266921, "Plan Width": 24, "Actual Startup Time": 1227.767, "Actual Total Time": 4076.427, "Actual Rows": 2293944, "Actual Loops": 1, "Recheck Cond": "((l_shipdate >= '1997-07-01 00:00:00'::timestamp(0) without time zone) AND (l_shipdate < '1997-10-01 00:00:00'::timestamp without time zone)), (LLVM Optimized, Jit Execute)", "Rows Removed by Index Recheck": 0, "Exact Heap Blocks": 732487, "Lossy Heap Blocks": 732487, "Plans": [{"Node Type": "Bitmap Index Scan", "Parent Relationship": "Outer", "Index Name": "idx_lineitem_shipdate", "Startup Cost": 0.0, "Total Cost": 77977.46, "Plan Rows": 2266921, "Plan Width": 0, "Actual Startup Time": 872.627, "Actual Total Time": 872.627, "Actual Rows": 2293944, "Actual Loops": 1, "Index Cond": "((l_shipdate >= '1997-07-01 00:00:00'::timestamp(0) without time zone) AND (l_shipdate < '1997-10-01 00:00:00'::timestamp without time zone))"}]}]}, {"Node Type": "Bitmap Heap Scan", "Parent Relationship": "Inner", "Relation Name": "supplier", "Alias": "supplier", "Startup Cost": 0.28, "Total Cost": 4.3, "Plan Rows": 1, "Plan Width": 75, "Actual Startup Time": 0.098, "Actual Total Time": 0.098, "Actual Rows": 1, "Actual Loops": 1, "Recheck Cond": "(s_suppkey = public.lineitem.l_suppkey)", "Rows Removed by Index Recheck": 0, "Exact Heap Blocks": 1, "Lossy Heap Blocks": 1, "Plans": [{"Node Type": "Bitmap Index Scan", "Parent Relationship": "Outer", "Index Name": "supplier_pkey", "Startup Cost": 0.0, "Total Cost": 0.28, "Plan Rows": 1, "Plan Width": 0, "Actual Startup Time": 0.039, "Actual Total Time": 0.039, "Actual Rows": 1, "Actual Loops": 1, "Index Cond": "(s_suppkey = public.lineitem.l_suppkey)"}]}]}]}, "Triggers": [], "Planner Runtime": 0.877, "Total Runtime": 11254.72, "Unique SQL Id": 3712096918}}, "(16, '100')": {"explain_plan": {"Plan": {"Node Type": "Sort", "Startup Cost": 3247453.25, "Total Cost": 3247601.7, "Plan Rows": 59380, "Plan Width": 83, "Sort Key": ["supplier.s_suppkey"], "Plans": [{"Node Type": "Aggregate", "Strategy": "Plain", "Parent Relationship": "exec_init_plan", "Subplan Name": "InitPlan 1 (returns $0)", "Startup Cost": 1610196.85, "Total Cost": 1610196.86, "Plan Rows": 1, "Plan Width": 16, "Plans": [{"Node Type": "Aggregate", "Strategy": "Hashed", "Parent Relationship": "Outer", "Startup Cost": 1608860.8, "Total Cost": 1609454.6, "Plan Rows": 59380, "Plan Width": 32, "Group By Key": ["public.lineitem.l_suppkey"], "Plans": [{"Node Type": "Bitmap Heap Scan", "Parent Relationship": "Outer", "Relation Name": "lineitem", "Alias": "lineitem", "Startup Cost": 78544.19, "Total Cost": 1586191.59, "Plan Rows": 2266921, "Plan Width": 24, "Recheck Cond": "((l_shipdate >= '1997-07-01 00:00:00'::timestamp(0) without time zone) AND (l_shipdate < '1997-10-01 00:00:00'::timestamp without time zone)), (LLVM Optimized)", "Plans": [{"Node Type": "Bitmap Index Scan", "Parent Relationship": "Outer", "Index Name": "idx_lineitem_shipdate", "Startup Cost": 0.0, "Total Cost": 77977.46, "Plan Rows": 2266921, "Plan Width": 0, "Index Cond": "((l_shipdate >= '1997-07-01 00:00:00'::timestamp(0) without time zone) AND (l_shipdate < '1997-10-01 00:00:00'::timestamp without time zone))"}]}]}]}, {"Node Type": "Hash Join", "Parent Relationship": "Outer", "Join Type": "Inner", "Startup Cost": 1630395.71, "Total Cost": 1632548.24, "Plan Rows": 59380, "Plan Width": 83, "Inner Unique": true, "Hash Cond": "(public.lineitem.l_suppkey = supplier.s_suppkey)", "Plans": [{"Node Type": "Aggregate", "Strategy": "Hashed", "Parent Relationship": "Outer", "Startup Cost": 1625862.71, "Total Cost": 1626604.96, "Plan Rows": 59380, "Plan Width": 40, "Group By Key": ["public.lineitem.l_suppkey"], "Filter": "(sum((public.lineitem.l_extendedprice * (1::double precision - public.lineitem.l_discount))) = $0), (LLVM Optimized)", "Plans": [{"Node Type": "Bitmap Heap Scan", "Parent Relationship": "Outer", "Relation Name": "lineitem", "Alias": "lineitem", "Startup Cost": 78544.19, "Total Cost": 1586191.59, "Plan Rows": 2266921, "Plan Width": 24, "Recheck Cond": "((l_shipdate >= '1997-07-01 00:00:00'::timestamp(0) without time zone) AND (l_shipdate < '1997-10-01 00:00:00'::timestamp without time zone)), (LLVM Optimized)", "Plans": [{"Node Type": "Bitmap Index Scan", "Parent Relationship": "Outer", "Index Name": "idx_lineitem_shipdate", "Startup Cost": 0.0, "Total Cost": 77977.46, "Plan Rows": 2266921, "Plan Width": 0, "Index Cond": "((l_shipdate >= '1997-07-01 00:00:00'::timestamp(0) without time zone) AND (l_shipdate < '1997-10-01 00:00:00'::timestamp without time zone))"}]}]}, {"Node Type": "Hash", "Parent Relationship": "Inner", "Startup Cost": 3283.0, "Total Cost": 3283.0, "Plan Rows": 100000, "Plan Width": 75, "Plans": [{"Node Type": "Seq Scan", "Parent Relationship": "Outer", "Relation Name": "supplier", "Alias": "supplier", "Startup Cost": 0.0, "Total Cost": 3283.0, "Plan Rows": 100000, "Plan Width": 75}]}]}]}, "Unique SQL Id": 3712096918, "Planner Runtime": 0}, "explain_analyze_plan": {"Plan": {"Node Type": "Sort", "Startup Cost": 3247453.25, "Total Cost": 3247601.7, "Plan Rows": 59380, "Plan Width": 83, "Actual Startup Time": 11068.923, "Actual Total Time": 11068.924, "Actual Rows": 1, "Actual Loops": 1, "Sort Key": ["supplier.s_suppkey"], "Sort Method": "quicksort", "Sort Space Used": 25, "Sort Space Type": "Memory", "Plans": [{"Node Type": "Aggregate", "Strategy": "Plain", "Parent Relationship": "exec_init_plan", "Subplan Name": "InitPlan 1 (returns $0)", "Startup Cost": 1610196.85, "Total Cost": 1610196.86, "Plan Rows": 1, "Plan Width": 16, "Actual Startup Time": 5421.153, "Actual Total Time": 5421.153, "Actual Rows": 1, "Actual Loops": 1, "Plans": [{"Node Type": "Aggregate", "Strategy": "Hashed", "Parent Relationship": "Outer", "Startup Cost": 1608860.8, "Total Cost": 1609454.6, "Plan Rows": 59380, "Plan Width": 32, "Actual Startup Time": 5377.089, "Actual Total Time": 5406.09, "Actual Rows": 100000, "Actual Loops": 1, "Group By Key": ["public.lineitem.l_suppkey"], "Plans": [{"Node Type": "Bitmap Heap Scan", "Parent Relationship": "Outer", "Relation Name": "lineitem", "Alias": "lineitem", "Startup Cost": 78544.19, "Total Cost": 1586191.59, "Plan Rows": 2266921, "Plan Width": 24, "Actual Startup Time": 1133.297, "Actual Total Time": 3864.042, "Actual Rows": 2293944, "Actual Loops": 1, "Recheck Cond": "((l_shipdate >= '1997-07-01 00:00:00'::timestamp(0) without time zone) AND (l_shipdate < '1997-10-01 00:00:00'::timestamp without time zone)), (LLVM Optimized, Jit Execute)", "Rows Removed by Index Recheck": 0, "Exact Heap Blocks": 732487, "Lossy Heap Blocks": 732487, "Plans": [{"Node Type": "Bitmap Index Scan", "Parent Relationship": "Outer", "Index Name": "idx_lineitem_shipdate", "Startup Cost": 0.0, "Total Cost": 77977.46, "Plan Rows": 2266921, "Plan Width": 0, "Actual Startup Time": 775.715, "Actual Total Time": 775.715, "Actual Rows": 2293944, "Actual Loops": 1, "Index Cond": "((l_shipdate >= '1997-07-01 00:00:00'::timestamp(0) without time zone) AND (l_shipdate < '1997-10-01 00:00:00'::timestamp without time zone))"}]}]}]}, {"Node Type": "Hash Join", "Parent Relationship": "Outer", "Join Type": "Inner", "Startup Cost": 1630395.71, "Total Cost": 1632548.24, "Plan Rows": 59380, "Plan Width": 83, "Actual Startup Time": 11045.312, "Actual Total Time": 11068.491, "Actual Rows": 1, "Actual Loops": 1, "Inner Unique": true, "Hash Cond": "(public.lineitem.l_suppkey = supplier.s_suppkey)", "Plans": [{"Node Type": "Aggregate", "Strategy": "Hashed", "Parent Relationship": "Outer", "Startup Cost": 1625862.71, "Total Cost": 1626604.96, "Plan Rows": 59380, "Plan Width": 40, "Actual Startup Time": 10973.475, "Actual Total Time": 10996.456, "Actual Rows": 1, "Actual Loops": 1, "Group By Key": ["public.lineitem.l_suppkey"], "Filter": "(sum((public.lineitem.l_extendedprice * (1::double precision - public.lineitem.l_discount))) = $0), (LLVM Optimized, Jit Execute)", "Rows Removed by Filter": 99999, "Plans": [{"Node Type": "Bitmap Heap Scan", "Parent Relationship": "Outer", "Relation Name": "lineitem", "Alias": "lineitem", "Startup Cost": 78544.19, "Total Cost": 1586191.59, "Plan Rows": 2266921, "Plan Width": 24, "Actual Startup Time": 1137.908, "Actual Total Time": 3856.727, "Actual Rows": 2293944, "Actual Loops": 1, "Recheck Cond": "((l_shipdate >= '1997-07-01 00:00:00'::timestamp(0) without time zone) AND (l_shipdate < '1997-10-01 00:00:00'::timestamp without time zone)), (LLVM Optimized, Jit Execute)", "Rows Removed by Index Recheck": 0, "Exact Heap Blocks": 732487, "Lossy Heap Blocks": 732487, "Plans": [{"Node Type": "Bitmap Index Scan", "Parent Relationship": "Outer", "Index Name": "idx_lineitem_shipdate", "Startup Cost": 0.0, "Total Cost": 77977.46, "Plan Rows": 2266921, "Plan Width": 0, "Actual Startup Time": 852.618, "Actual Total Time": 852.618, "Actual Rows": 2293944, "Actual Loops": 1, "Index Cond": "((l_shipdate >= '1997-07-01 00:00:00'::timestamp(0) without time zone) AND (l_shipdate < '1997-10-01 00:00:00'::timestamp without time zone))"}]}]}, {"Node Type": "Hash", "Parent Relationship": "Inner", "Startup Cost": 3283.0, "Total Cost": 3283.0, "Plan Rows": 100000, "Plan Width": 75, "Actual Startup Time": 71.679, "Actual Total Time": 71.679, "Actual Rows": 100000, "Actual Loops": 1, "Hash Buckets": 131072, "Hash Batches": 1, "Original Hash Batches": 1, "Peak Memory Usage": 10544, "Plans": [{"Node Type": "Seq Scan", "Parent Relationship": "Outer", "Relation Name": "supplier", "Alias": "supplier", "Startup Cost": 0.0, "Total Cost": 3283.0, "Plan Rows": 100000, "Plan Width": 75, "Actual Startup Time": 0.031, "Actual Total Time": 37.394, "Actual Rows": 100000, "Actual Loops": 1}]}]}]}, "Triggers": [], "Planner Runtime": 0.869, "Total Runtime": 11081.644, "Unique SQL Id": 3712096918}}, "(16, '101')": {"explain_plan": {"Plan": {"Node Type": "Sort", "Startup Cost": 3249504.79, "Total Cost": 3249653.24, "Plan Rows": 59380, "Plan Width": 83, "Sort Key": ["supplier.s_suppkey"], "Plans": [{"Node Type": "Aggregate", "Strategy": "Plain", "Parent Relationship": "exec_init_plan", "Subplan Name": "InitPlan 1 (returns $0)", "Startup Cost": 1610196.85, "Total Cost": 1610196.86, "Plan Rows": 1, "Plan Width": 16, "Plans": [{"Node Type": "Aggregate", "Strategy": "Hashed", "Parent Relationship": "Outer", "Startup Cost": 1608860.8, "Total Cost": 1609454.6, "Plan Rows": 59380, "Plan Width": 32, "Group By Key": ["public.lineitem.l_suppkey"], "Plans": [{"Node Type": "Bitmap Heap Scan", "Parent Relationship": "Outer", "Relation Name": "lineitem", "Alias": "lineitem", "Startup Cost": 78544.19, "Total Cost": 1586191.59, "Plan Rows": 2266921, "Plan Width": 24, "Recheck Cond": "((l_shipdate >= '1997-07-01 00:00:00'::timestamp(0) without time zone) AND (l_shipdate < '1997-10-01 00:00:00'::timestamp without time zone)), (LLVM Optimized)", "Plans": [{"Node Type": "Bitmap Index Scan", "Parent Relationship": "Outer", "Index Name": "idx_lineitem_shipdate", "Startup Cost": 0.0, "Total Cost": 77977.46, "Plan Rows": 2266921, "Plan Width": 0, "Index Cond": "((l_shipdate >= '1997-07-01 00:00:00'::timestamp(0) without time zone) AND (l_shipdate < '1997-10-01 00:00:00'::timestamp without time zone))"}]}]}]}, {"Node Type": "Hash Join", "Parent Relationship": "Outer", "Join Type": "Inner", "Startup Cost": 1632447.26, "Total Cost": 1634599.78, "Plan Rows": 59380, "Plan Width": 83, "Inner Unique": true, "Hash Cond": "(public.lineitem.l_suppkey = supplier.s_suppkey)", "Plans": [{"Node Type": "Aggregate", "Strategy": "Hashed", "Parent Relationship": "Outer", "Startup Cost": 1625862.71, "Total Cost": 1626604.96, "Plan Rows": 59380, "Plan Width": 40, "Group By Key": ["public.lineitem.l_suppkey"], "Filter": "(sum((public.lineitem.l_extendedprice * (1::double precision - public.lineitem.l_discount))) = $0), (LLVM Optimized)", "Plans": [{"Node Type": "Bitmap Heap Scan", "Parent Relationship": "Outer", "Relation Name": "lineitem", "Alias": "lineitem", "Startup Cost": 78544.19, "Total Cost": 1586191.59, "Plan Rows": 2266921, "Plan Width": 24, "Recheck Cond": "((l_shipdate >= '1997-07-01 00:00:00'::timestamp(0) without time zone) AND (l_shipdate < '1997-10-01 00:00:00'::timestamp without time zone)), (LLVM Optimized)", "Plans": [{"Node Type": "Bitmap Index Scan", "Parent Relationship": "Outer", "Index Name": "idx_lineitem_shipdate", "Startup Cost": 0.0, "Total Cost": 77977.46, "Plan Rows": 2266921, "Plan Width": 0, "Index Cond": "((l_shipdate >= '1997-07-01 00:00:00'::timestamp(0) without time zone) AND (l_shipdate < '1997-10-01 00:00:00'::timestamp without time zone))"}]}]}, {"Node Type": "Hash", "Parent Relationship": "Inner", "Startup Cost": 5334.54, "Total Cost": 5334.54, "Plan Rows": 100000, "Plan Width": 75, "Plans": [{"Node Type": "Index Scan", "Parent Relationship": "Outer", "Scan Direction": "Forward", "Index Name": "supplier_pkey", "Relation Name": "supplier", "Alias": "supplier", "Startup Cost": 0.0, "Total Cost": 5334.54, "Plan Rows": 100000, "Plan Width": 75}]}]}]}, "Unique SQL Id": 3712096918, "Planner Runtime": 0}, "explain_analyze_plan": {"Plan": {"Node Type": "Sort", "Startup Cost": 3249504.79, "Total Cost": 3249653.24, "Plan Rows": 59380, "Plan Width": 83, "Actual Startup Time": 11330.561, "Actual Total Time": 11330.562, "Actual Rows": 1, "Actual Loops": 1, "Sort Key": ["supplier.s_suppkey"], "Sort Method": "quicksort", "Sort Space Used": 25, "Sort Space Type": "Memory", "Plans": [{"Node Type": "Aggregate", "Strategy": "Plain", "Parent Relationship": "exec_init_plan", "Subplan Name": "InitPlan 1 (returns $0)", "Startup Cost": 1610196.85, "Total Cost": 1610196.86, "Plan Rows": 1, "Plan Width": 16, "Actual Startup Time": 5722.757, "Actual Total Time": 5722.757, "Actual Rows": 1, "Actual Loops": 1, "Plans": [{"Node Type": "Aggregate", "Strategy": "Hashed", "Parent Relationship": "Outer", "Startup Cost": 1608860.8, "Total Cost": 1609454.6, "Plan Rows": 59380, "Plan Width": 32, "Actual Startup Time": 5678.653, "Actual Total Time": 5707.898, "Actual Rows": 100000, "Actual Loops": 1, "Group By Key": ["public.lineitem.l_suppkey"], "Plans": [{"Node Type": "Bitmap Heap Scan", "Parent Relationship": "Outer", "Relation Name": "lineitem", "Alias": "lineitem", "Startup Cost": 78544.19, "Total Cost": 1586191.59, "Plan Rows": 2266921, "Plan Width": 24, "Actual Startup Time": 1253.136, "Actual Total Time": 4116.127, "Actual Rows": 2293944, "Actual Loops": 1, "Recheck Cond": "((l_shipdate >= '1997-07-01 00:00:00'::timestamp(0) without time zone) AND (l_shipdate < '1997-10-01 00:00:00'::timestamp without time zone)), (LLVM Optimized, Jit Execute)", "Rows Removed by Index Recheck": 0, "Exact Heap Blocks": 732487, "Lossy Heap Blocks": 732487, "Plans": [{"Node Type": "Bitmap Index Scan", "Parent Relationship": "Outer", "Index Name": "idx_lineitem_shipdate", "Startup Cost": 0.0, "Total Cost": 77977.46, "Plan Rows": 2266921, "Plan Width": 0, "Actual Startup Time": 899.015, "Actual Total Time": 899.015, "Actual Rows": 2293944, "Actual Loops": 1, "Index Cond": "((l_shipdate >= '1997-07-01 00:00:00'::timestamp(0) without time zone) AND (l_shipdate < '1997-10-01 00:00:00'::timestamp without time zone))"}]}]}]}, {"Node Type": "Hash Join", "Parent Relationship": "Outer", "Join Type": "Inner", "Startup Cost": 1632447.26, "Total Cost": 1634599.78, "Plan Rows": 59380, "Plan Width": 83, "Actual Startup Time": 11310.795, "Actual Total Time": 11330.108, "Actual Rows": 1, "Actual Loops": 1, "Inner Unique": true, "Hash Cond": "(public.lineitem.l_suppkey = supplier.s_suppkey)", "Plans": [{"Node Type": "Aggregate", "Strategy": "Hashed", "Parent Relationship": "Outer", "Startup Cost": 1625862.71, "Total Cost": 1626604.96, "Plan Rows": 59380, "Plan Width": 40, "Actual Startup Time": 11207.843, "Actual Total Time": 11226.948, "Actual Rows": 1, "Actual Loops": 1, "Group By Key": ["public.lineitem.l_suppkey"], "Filter": "(sum((public.lineitem.l_extendedprice * (1::double precision - public.lineitem.l_discount))) = $0), (LLVM Optimized, Jit Execute)", "Rows Removed by Filter": 99999, "Plans": [{"Node Type": "Bitmap Heap Scan", "Parent Relationship": "Outer", "Relation Name": "lineitem", "Alias": "lineitem", "Startup Cost": 78544.19, "Total Cost": 1586191.59, "Plan Rows": 2266921, "Plan Width": 24, "Actual Startup Time": 1111.601, "Actual Total Time": 3817.495, "Actual Rows": 2293944, "Actual Loops": 1, "Recheck Cond": "((l_shipdate >= '1997-07-01 00:00:00'::timestamp(0) without time zone) AND (l_shipdate < '1997-10-01 00:00:00'::timestamp without time zone)), (LLVM Optimized, Jit Execute)", "Rows Removed by Index Recheck": 0, "Exact Heap Blocks": 732487, "Lossy Heap Blocks": 732487, "Plans": [{"Node Type": "Bitmap Index Scan", "Parent Relationship": "Outer", "Index Name": "idx_lineitem_shipdate", "Startup Cost": 0.0, "Total Cost": 77977.46, "Plan Rows": 2266921, "Plan Width": 0, "Actual Startup Time": 800.966, "Actual Total Time": 800.966, "Actual Rows": 2293944, "Actual Loops": 1, "Index Cond": "((l_shipdate >= '1997-07-01 00:00:00'::timestamp(0) without time zone) AND (l_shipdate < '1997-10-01 00:00:00'::timestamp without time zone))"}]}]}, {"Node Type": "Hash", "Parent Relationship": "Inner", "Startup Cost": 5334.54, "Total Cost": 5334.54, "Plan Rows": 100000, "Plan Width": 75, "Actual Startup Time": 102.794, "Actual Total Time": 102.794, "Actual Rows": 100000, "Actual Loops": 1, "Hash Buckets": 131072, "Hash Batches": 1, "Original Hash Batches": 1, "Peak Memory Usage": 10544, "Plans": [{"Node Type": "Index Scan", "Parent Relationship": "Outer", "Scan Direction": "Forward", "Index Name": "supplier_pkey", "Relation Name": "supplier", "Alias": "supplier", "Startup Cost": 0.0, "Total Cost": 5334.54, "Plan Rows": 100000, "Plan Width": 75, "Actual Startup Time": 0.058, "Actual Total Time": 69.218, "Actual Rows": 100000, "Actual Loops": 1}]}]}]}, "Triggers": [], "Planner Runtime": 0.924, "Total Runtime": 11343.602, "Unique SQL Id": 3712096918}}, "(16, '102')": {"explain_plan": {"Plan": {"Node Type": "Sort", "Startup Cost": 3247453.25, "Total Cost": 3247601.7, "Plan Rows": 59380, "Plan Width": 83, "Sort Key": ["supplier.s_suppkey"], "Plans": [{"Node Type": "Aggregate", "Strategy": "Plain", "Parent Relationship": "exec_init_plan", "Subplan Name": "InitPlan 1 (returns $0)", "Startup Cost": 1610196.85, "Total Cost": 1610196.86, "Plan Rows": 1, "Plan Width": 16, "Plans": [{"Node Type": "Aggregate", "Strategy": "Hashed", "Parent Relationship": "Outer", "Startup Cost": 1608860.8, "Total Cost": 1609454.6, "Plan Rows": 59380, "Plan Width": 32, "Group By Key": ["public.lineitem.l_suppkey"], "Plans": [{"Node Type": "Bitmap Heap Scan", "Parent Relationship": "Outer", "Relation Name": "lineitem", "Alias": "lineitem", "Startup Cost": 78544.19, "Total Cost": 1586191.59, "Plan Rows": 2266921, "Plan Width": 24, "Recheck Cond": "((l_shipdate >= '1997-07-01 00:00:00'::timestamp(0) without time zone) AND (l_shipdate < '1997-10-01 00:00:00'::timestamp without time zone)), (LLVM Optimized)", "Plans": [{"Node Type": "Bitmap Index Scan", "Parent Relationship": "Outer", "Index Name": "idx_lineitem_shipdate", "Startup Cost": 0.0, "Total Cost": 77977.46, "Plan Rows": 2266921, "Plan Width": 0, "Index Cond": "((l_shipdate >= '1997-07-01 00:00:00'::timestamp(0) without time zone) AND (l_shipdate < '1997-10-01 00:00:00'::timestamp without time zone))"}]}]}]}, {"Node Type": "Hash Join", "Parent Relationship": "Outer", "Join Type": "Inner", "Startup Cost": 1630395.71, "Total Cost": 1632548.24, "Plan Rows": 59380, "Plan Width": 83, "Inner Unique": true, "Hash Cond": "(public.lineitem.l_suppkey = supplier.s_suppkey)", "Plans": [{"Node Type": "Aggregate", "Strategy": "Hashed", "Parent Relationship": "Outer", "Startup Cost": 1625862.71, "Total Cost": 1626604.96, "Plan Rows": 59380, "Plan Width": 40, "Group By Key": ["public.lineitem.l_suppkey"], "Filter": "(sum((public.lineitem.l_extendedprice * (1::double precision - public.lineitem.l_discount))) = $0), (LLVM Optimized)", "Plans": [{"Node Type": "Bitmap Heap Scan", "Parent Relationship": "Outer", "Relation Name": "lineitem", "Alias": "lineitem", "Startup Cost": 78544.19, "Total Cost": 1586191.59, "Plan Rows": 2266921, "Plan Width": 24, "Recheck Cond": "((l_shipdate >= '1997-07-01 00:00:00'::timestamp(0) without time zone) AND (l_shipdate < '1997-10-01 00:00:00'::timestamp without time zone)), (LLVM Optimized)", "Plans": [{"Node Type": "Bitmap Index Scan", "Parent Relationship": "Outer", "Index Name": "idx_lineitem_shipdate", "Startup Cost": 0.0, "Total Cost": 77977.46, "Plan Rows": 2266921, "Plan Width": 0, "Index Cond": "((l_shipdate >= '1997-07-01 00:00:00'::timestamp(0) without time zone) AND (l_shipdate < '1997-10-01 00:00:00'::timestamp without time zone))"}]}]}, {"Node Type": "Hash", "Parent Relationship": "Inner", "Startup Cost": 3283.0, "Total Cost": 3283.0, "Plan Rows": 100000, "Plan Width": 75, "Plans": [{"Node Type": "Seq Scan", "Parent Relationship": "Outer", "Relation Name": "supplier", "Alias": "supplier", "Startup Cost": 0.0, "Total Cost": 3283.0, "Plan Rows": 100000, "Plan Width": 75}]}]}]}, "Unique SQL Id": 3712096918, "Planner Runtime": 0}, "explain_analyze_plan": {"Plan": {"Node Type": "Sort", "Startup Cost": 3247453.25, "Total Cost": 3247601.7, "Plan Rows": 59380, "Plan Width": 83, "Actual Startup Time": 11068.923, "Actual Total Time": 11068.924, "Actual Rows": 1, "Actual Loops": 1, "Sort Key": ["supplier.s_suppkey"], "Sort Method": "quicksort", "Sort Space Used": 25, "Sort Space Type": "Memory", "Plans": [{"Node Type": "Aggregate", "Strategy": "Plain", "Parent Relationship": "exec_init_plan", "Subplan Name": "InitPlan 1 (returns $0)", "Startup Cost": 1610196.85, "Total Cost": 1610196.86, "Plan Rows": 1, "Plan Width": 16, "Actual Startup Time": 5421.153, "Actual Total Time": 5421.153, "Actual Rows": 1, "Actual Loops": 1, "Plans": [{"Node Type": "Aggregate", "Strategy": "Hashed", "Parent Relationship": "Outer", "Startup Cost": 1608860.8, "Total Cost": 1609454.6, "Plan Rows": 59380, "Plan Width": 32, "Actual Startup Time": 5377.089, "Actual Total Time": 5406.09, "Actual Rows": 100000, "Actual Loops": 1, "Group By Key": ["public.lineitem.l_suppkey"], "Plans": [{"Node Type": "Bitmap Heap Scan", "Parent Relationship": "Outer", "Relation Name": "lineitem", "Alias": "lineitem", "Startup Cost": 78544.19, "Total Cost": 1586191.59, "Plan Rows": 2266921, "Plan Width": 24, "Actual Startup Time": 1133.297, "Actual Total Time": 3864.042, "Actual Rows": 2293944, "Actual Loops": 1, "Recheck Cond": "((l_shipdate >= '1997-07-01 00:00:00'::timestamp(0) without time zone) AND (l_shipdate < '1997-10-01 00:00:00'::timestamp without time zone)), (LLVM Optimized, Jit Execute)", "Rows Removed by Index Recheck": 0, "Exact Heap Blocks": 732487, "Lossy Heap Blocks": 732487, "Plans": [{"Node Type": "Bitmap Index Scan", "Parent Relationship": "Outer", "Index Name": "idx_lineitem_shipdate", "Startup Cost": 0.0, "Total Cost": 77977.46, "Plan Rows": 2266921, "Plan Width": 0, "Actual Startup Time": 775.715, "Actual Total Time": 775.715, "Actual Rows": 2293944, "Actual Loops": 1, "Index Cond": "((l_shipdate >= '1997-07-01 00:00:00'::timestamp(0) without time zone) AND (l_shipdate < '1997-10-01 00:00:00'::timestamp without time zone))"}]}]}]}, {"Node Type": "Hash Join", "Parent Relationship": "Outer", "Join Type": "Inner", "Startup Cost": 1630395.71, "Total Cost": 1632548.24, "Plan Rows": 59380, "Plan Width": 83, "Actual Startup Time": 11045.312, "Actual Total Time": 11068.491, "Actual Rows": 1, "Actual Loops": 1, "Inner Unique": true, "Hash Cond": "(public.lineitem.l_suppkey = supplier.s_suppkey)", "Plans": [{"Node Type": "Aggregate", "Strategy": "Hashed", "Parent Relationship": "Outer", "Startup Cost": 1625862.71, "Total Cost": 1626604.96, "Plan Rows": 59380, "Plan Width": 40, "Actual Startup Time": 10973.475, "Actual Total Time": 10996.456, "Actual Rows": 1, "Actual Loops": 1, "Group By Key": ["public.lineitem.l_suppkey"], "Filter": "(sum((public.lineitem.l_extendedprice * (1::double precision - public.lineitem.l_discount))) = $0), (LLVM Optimized, Jit Execute)", "Rows Removed by Filter": 99999, "Plans": [{"Node Type": "Bitmap Heap Scan", "Parent Relationship": "Outer", "Relation Name": "lineitem", "Alias": "lineitem", "Startup Cost": 78544.19, "Total Cost": 1586191.59, "Plan Rows": 2266921, "Plan Width": 24, "Actual Startup Time": 1137.908, "Actual Total Time": 3856.727, "Actual Rows": 2293944, "Actual Loops": 1, "Recheck Cond": "((l_shipdate >= '1997-07-01 00:00:00'::timestamp(0) without time zone) AND (l_shipdate < '1997-10-01 00:00:00'::timestamp without time zone)), (LLVM Optimized, Jit Execute)", "Rows Removed by Index Recheck": 0, "Exact Heap Blocks": 732487, "Lossy Heap Blocks": 732487, "Plans": [{"Node Type": "Bitmap Index Scan", "Parent Relationship": "Outer", "Index Name": "idx_lineitem_shipdate", "Startup Cost": 0.0, "Total Cost": 77977.46, "Plan Rows": 2266921, "Plan Width": 0, "Actual Startup Time": 852.618, "Actual Total Time": 852.618, "Actual Rows": 2293944, "Actual Loops": 1, "Index Cond": "((l_shipdate >= '1997-07-01 00:00:00'::timestamp(0) without time zone) AND (l_shipdate < '1997-10-01 00:00:00'::timestamp without time zone))"}]}]}, {"Node Type": "Hash", "Parent Relationship": "Inner", "Startup Cost": 3283.0, "Total Cost": 3283.0, "Plan Rows": 100000, "Plan Width": 75, "Actual Startup Time": 71.679, "Actual Total Time": 71.679, "Actual Rows": 100000, "Actual Loops": 1, "Hash Buckets": 131072, "Hash Batches": 1, "Original Hash Batches": 1, "Peak Memory Usage": 10544, "Plans": [{"Node Type": "Seq Scan", "Parent Relationship": "Outer", "Relation Name": "supplier", "Alias": "supplier", "Startup Cost": 0.0, "Total Cost": 3283.0, "Plan Rows": 100000, "Plan Width": 75, "Actual Startup Time": 0.031, "Actual Total Time": 37.394, "Actual Rows": 100000, "Actual Loops": 1}]}]}]}, "Triggers": [], "Planner Runtime": 0.869, "Total Runtime": 11081.644, "Unique SQL Id": 3712096918}}, "(16, '103')": {"explain_plan": {"Plan": {"Node Type": "Sort", "Startup Cost": 3497813.02, "Total Cost": 3497961.47, "Plan Rows": 59380, "Plan Width": 83, "Sort Key": ["supplier.s_suppkey"], "Plans": [{"Node Type": "Aggregate", "Strategy": "Plain", "Parent Relationship": "exec_init_plan", "Subplan Name": "InitPlan 1 (returns $0)", "Startup Cost": 1610196.85, "Total Cost": 1610196.86, "Plan Rows": 1, "Plan Width": 16, "Plans": [{"Node Type": "Aggregate", "Strategy": "Hashed", "Parent Relationship": "Outer", "Startup Cost": 1608860.8, "Total Cost": 1609454.6, "Plan Rows": 59380, "Plan Width": 32, "Group By Key": ["public.lineitem.l_suppkey"], "Plans": [{"Node Type": "Bitmap Heap Scan", "Parent Relationship": "Outer", "Relation Name": "lineitem", "Alias": "lineitem", "Startup Cost": 78544.19, "Total Cost": 1586191.59, "Plan Rows": 2266921, "Plan Width": 24, "Recheck Cond": "((l_shipdate >= '1997-07-01 00:00:00'::timestamp(0) without time zone) AND (l_shipdate < '1997-10-01 00:00:00'::timestamp without time zone)), (LLVM Optimized)", "Plans": [{"Node Type": "Bitmap Index Scan", "Parent Relationship": "Outer", "Index Name": "idx_lineitem_shipdate", "Startup Cost": 0.0, "Total Cost": 77977.46, "Plan Rows": 2266921, "Plan Width": 0, "Index Cond": "((l_shipdate >= '1997-07-01 00:00:00'::timestamp(0) without time zone) AND (l_shipdate < '1997-10-01 00:00:00'::timestamp without time zone))"}]}]}]}, {"Node Type": "Nested Loop", "Parent Relationship": "Outer", "Join Type": "Inner", "Startup Cost": 1625863.0, "Total Cost": 1882908.01, "Plan Rows": 59380, "Plan Width": 83, "Inner Unique": true, "Plans": [{"Node Type": "Aggregate", "Strategy": "Hashed", "Parent Relationship": "Outer", "Startup Cost": 1625862.71, "Total Cost": 1626604.96, "Plan Rows": 59380, "Plan Width": 40, "Group By Key": ["public.lineitem.l_suppkey"], "Filter": "(sum((public.lineitem.l_extendedprice * (1::double precision - public.lineitem.l_discount))) = $0), (LLVM Optimized)", "Plans": [{"Node Type": "Bitmap Heap Scan", "Parent Relationship": "Outer", "Relation Name": "lineitem", "Alias": "lineitem", "Startup Cost": 78544.19, "Total Cost": 1586191.59, "Plan Rows": 2266921, "Plan Width": 24, "Recheck Cond": "((l_shipdate >= '1997-07-01 00:00:00'::timestamp(0) without time zone) AND (l_shipdate < '1997-10-01 00:00:00'::timestamp without time zone)), (LLVM Optimized)", "Plans": [{"Node Type": "Bitmap Index Scan", "Parent Relationship": "Outer", "Index Name": "idx_lineitem_shipdate", "Startup Cost": 0.0, "Total Cost": 77977.46, "Plan Rows": 2266921, "Plan Width": 0, "Index Cond": "((l_shipdate >= '1997-07-01 00:00:00'::timestamp(0) without time zone) AND (l_shipdate < '1997-10-01 00:00:00'::timestamp without time zone))"}]}]}, {"Node Type": "Bitmap Heap Scan", "Parent Relationship": "Inner", "Relation Name": "supplier", "Alias": "supplier", "Startup Cost": 0.28, "Total Cost": 4.3, "Plan Rows": 1, "Plan Width": 75, "Recheck Cond": "(s_suppkey = public.lineitem.l_suppkey)", "Plans": [{"Node Type": "Bitmap Index Scan", "Parent Relationship": "Outer", "Index Name": "supplier_pkey", "Startup Cost": 0.0, "Total Cost": 0.28, "Plan Rows": 1, "Plan Width": 0, "Index Cond": "(s_suppkey = public.lineitem.l_suppkey)"}]}]}]}, "Unique SQL Id": 3712096918, "Planner Runtime": 0}, "explain_analyze_plan": {"Plan": {"Node Type": "Sort", "Startup Cost": 3497813.02, "Total Cost": 3497961.47, "Plan Rows": 59380, "Plan Width": 83, "Actual Startup Time": 11241.876, "Actual Total Time": 11241.876, "Actual Rows": 1, "Actual Loops": 1, "Sort Key": ["supplier.s_suppkey"], "Sort Method": "quicksort", "Sort Space Used": 25, "Sort Space Type": "Memory", "Plans": [{"Node Type": "Aggregate", "Strategy": "Plain", "Parent Relationship": "exec_init_plan", "Subplan Name": "InitPlan 1 (returns $0)", "Startup Cost": 1610196.85, "Total Cost": 1610196.86, "Plan Rows": 1, "Plan Width": 16, "Actual Startup Time": 5464.823, "Actual Total Time": 5464.823, "Actual Rows": 1, "Actual Loops": 1, "Plans": [{"Node Type": "Aggregate", "Strategy": "Hashed", "Parent Relationship": "Outer", "Startup Cost": 1608860.8, "Total Cost": 1609454.6, "Plan Rows": 59380, "Plan Width": 32, "Actual Startup Time": 5414.615, "Actual Total Time": 5449.751, "Actual Rows": 100000, "Actual Loops": 1, "Group By Key": ["public.lineitem.l_suppkey"], "Plans": [{"Node Type": "Bitmap Heap Scan", "Parent Relationship": "Outer", "Relation Name": "lineitem", "Alias": "lineitem", "Startup Cost": 78544.19, "Total Cost": 1586191.59, "Plan Rows": 2266921, "Plan Width": 24, "Actual Startup Time": 1070.692, "Actual Total Time": 3752.897, "Actual Rows": 2293944, "Actual Loops": 1, "Recheck Cond": "((l_shipdate >= '1997-07-01 00:00:00'::timestamp(0) without time zone) AND (l_shipdate < '1997-10-01 00:00:00'::timestamp without time zone)), (LLVM Optimized, Jit Execute)", "Rows Removed by Index Recheck": 0, "Exact Heap Blocks": 732487, "Lossy Heap Blocks": 732487, "Plans": [{"Node Type": "Bitmap Index Scan", "Parent Relationship": "Outer", "Index Name": "idx_lineitem_shipdate", "Startup Cost": 0.0, "Total Cost": 77977.46, "Plan Rows": 2266921, "Plan Width": 0, "Actual Startup Time": 784.899, "Actual Total Time": 784.899, "Actual Rows": 2293944, "Actual Loops": 1, "Index Cond": "((l_shipdate >= '1997-07-01 00:00:00'::timestamp(0) without time zone) AND (l_shipdate < '1997-10-01 00:00:00'::timestamp without time zone))"}]}]}]}, {"Node Type": "Nested Loop", "Parent Relationship": "Outer", "Join Type": "Inner", "Startup Cost": 1625863.0, "Total Cost": 1882908.01, "Plan Rows": 59380, "Plan Width": 83, "Actual Startup Time": 11222.658, "Actual Total Time": 11241.85, "Actual Rows": 1, "Actual Loops": 1, "Inner Unique": true, "Plans": [{"Node Type": "Aggregate", "Strategy": "Hashed", "Parent Relationship": "Outer", "Startup Cost": 1625862.71, "Total Cost": 1626604.96, "Plan Rows": 59380, "Plan Width": 40, "Actual Startup Time": 11222.535, "Actual Total Time": 11241.516, "Actual Rows": 1, "Actual Loops": 1, "Group By Key": ["public.lineitem.l_suppkey"], "Filter": "(sum((public.lineitem.l_extendedprice * (1::double precision - public.lineitem.l_discount))) = $0), (LLVM Optimized, Jit Execute)", "Rows Removed by Filter": 99999, "Plans": [{"Node Type": "Bitmap Heap Scan", "Parent Relationship": "Outer", "Relation Name": "lineitem", "Alias": "lineitem", "Startup Cost": 78544.19, "Total Cost": 1586191.59, "Plan Rows": 2266921, "Plan Width": 24, "Actual Startup Time": 1227.767, "Actual Total Time": 4076.427, "Actual Rows": 2293944, "Actual Loops": 1, "Recheck Cond": "((l_shipdate >= '1997-07-01 00:00:00'::timestamp(0) without time zone) AND (l_shipdate < '1997-10-01 00:00:00'::timestamp without time zone)), (LLVM Optimized, Jit Execute)", "Rows Removed by Index Recheck": 0, "Exact Heap Blocks": 732487, "Lossy Heap Blocks": 732487, "Plans": [{"Node Type": "Bitmap Index Scan", "Parent Relationship": "Outer", "Index Name": "idx_lineitem_shipdate", "Startup Cost": 0.0, "Total Cost": 77977.46, "Plan Rows": 2266921, "Plan Width": 0, "Actual Startup Time": 872.627, "Actual Total Time": 872.627, "Actual Rows": 2293944, "Actual Loops": 1, "Index Cond": "((l_shipdate >= '1997-07-01 00:00:00'::timestamp(0) without time zone) AND (l_shipdate < '1997-10-01 00:00:00'::timestamp without time zone))"}]}]}, {"Node Type": "Bitmap Heap Scan", "Parent Relationship": "Inner", "Relation Name": "supplier", "Alias": "supplier", "Startup Cost": 0.28, "Total Cost": 4.3, "Plan Rows": 1, "Plan Width": 75, "Actual Startup Time": 0.098, "Actual Total Time": 0.098, "Actual Rows": 1, "Actual Loops": 1, "Recheck Cond": "(s_suppkey = public.lineitem.l_suppkey)", "Rows Removed by Index Recheck": 0, "Exact Heap Blocks": 1, "Lossy Heap Blocks": 1, "Plans": [{"Node Type": "Bitmap Index Scan", "Parent Relationship": "Outer", "Index Name": "supplier_pkey", "Startup Cost": 0.0, "Total Cost": 0.28, "Plan Rows": 1, "Plan Width": 0, "Actual Startup Time": 0.039, "Actual Total Time": 0.039, "Actual Rows": 1, "Actual Loops": 1, "Index Cond": "(s_suppkey = public.lineitem.l_suppkey)"}]}]}]}, "Triggers": [], "Planner Runtime": 0.877, "Total Runtime": 11254.72, "Unique SQL Id": 3712096918}}, "(16, '104')": {"explain_plan": {"Plan": {"Node Type": "Sort", "Startup Cost": 4727127.98, "Total Cost": 4727276.43, "Plan Rows": 59380, "Plan Width": 83, "Sort Key": ["supplier.s_suppkey"], "Plans": [{"Node Type": "Aggregate", "Strategy": "Plain", "Parent Relationship": "exec_init_plan", "Subplan Name": "InitPlan 1 (returns $0)", "Startup Cost": 2339055.76, "Total Cost": 2339055.77, "Plan Rows": 1, "Plan Width": 16, "Plans": [{"Node Type": "Aggregate", "Strategy": "Hashed", "Parent Relationship": "Outer", "Startup Cost": 2337719.71, "Total Cost": 2338313.51, "Plan Rows": 59380, "Plan Width": 32, "Group By Key": ["public.lineitem.l_suppkey"], "Plans": [{"Node Type": "Seq Scan", "Parent Relationship": "Outer", "Relation Name": "lineitem", "Alias": "lineitem", "Startup Cost": 25.28, "Total Cost": 2315050.5, "Plan Rows": 2266921, "Plan Width": 24, "Filter": "((l_shipdate >= '1997-07-01 00:00:00'::timestamp(0) without time zone) AND (l_shipdate < '1997-10-01 00:00:00'::timestamp without time zone)), (LLVM Optimized)"}]}]}, {"Node Type": "Nested Loop", "Parent Relationship": "Outer", "Join Type": "Inner", "Startup Cost": 2354721.61, "Total Cost": 2383364.06, "Plan Rows": 59380, "Plan Width": 83, "Inner Unique": true, "Plans": [{"Node Type": "Aggregate", "Strategy": "Hashed", "Parent Relationship": "Outer", "Startup Cost": 2354721.61, "Total Cost": 2355463.86, "Plan Rows": 59380, "Plan Width": 40, "Group By Key": ["public.lineitem.l_suppkey"], "Filter": "(sum((public.lineitem.l_extendedprice * (1::double precision - public.lineitem.l_discount))) = $0), (LLVM Optimized)", "Plans": [{"Node Type": "Seq Scan", "Parent Relationship": "Outer", "Relation Name": "lineitem", "Alias": "lineitem", "Startup Cost": 25.28, "Total Cost": 2315050.5, "Plan Rows": 2266921, "Plan Width": 24, "Filter": "((l_shipdate >= '1997-07-01 00:00:00'::timestamp(0) without time zone) AND (l_shipdate < '1997-10-01 00:00:00'::timestamp without time zone)), (LLVM Optimized)"}]}, {"Node Type": "Index Scan", "Parent Relationship": "Inner", "Scan Direction": "Forward", "Index Name": "supplier_pkey", "Relation Name": "supplier", "Alias": "supplier", "Startup Cost": 0.0, "Total Cost": 0.45, "Plan Rows": 1, "Plan Width": 75, "Index Cond": "(s_suppkey = public.lineitem.l_suppkey)"}]}]}, "Unique SQL Id": 3712096918, "Planner Runtime": 0}, "explain_analyze_plan": null}, "(16, '105')": {"explain_plan": {"Plan": {"Node Type": "Sort", "Startup Cost": 10368528.3, "Total Cost": 10368676.75, "Plan Rows": 59380, "Plan Width": 83, "Sort Key": ["supplier.s_suppkey"], "Plans": [{"Node Type": "Aggregate", "Strategy": "Plain", "Parent Relationship": "exec_init_plan", "Subplan Name": "InitPlan 1 (returns $0)", "Startup Cost": 5159755.92, "Total Cost": 5159755.93, "Plan Rows": 1, "Plan Width": 16, "Plans": [{"Node Type": "Aggregate", "Strategy": "Hashed", "Parent Relationship": "Outer", "Startup Cost": 5158419.87, "Total Cost": 5159013.67, "Plan Rows": 59380, "Plan Width": 32, "Group By Key": ["public.lineitem.l_suppkey"], "Plans": [{"Node Type": "Index Scan", "Parent Relationship": "Outer", "Scan Direction": "Forward", "Index Name": "idx_lineitem_shipdate", "Relation Name": "lineitem", "Alias": "lineitem", "Startup Cost": 0.0, "Total Cost": 5135750.66, "Plan Rows": 2266921, "Plan Width": 24, "Index Cond": "((l_shipdate >= '1997-07-01 00:00:00'::timestamp(0) without time zone) AND (l_shipdate < '1997-10-01 00:00:00'::timestamp without time zone)), (LLVM Optimized)"}]}]}, {"Node Type": "Nested Loop", "Parent Relationship": "Outer", "Join Type": "Inner", "Startup Cost": 5175421.77, "Total Cost": 5204064.22, "Plan Rows": 59380, "Plan Width": 83, "Inner Unique": true, "Plans": [{"Node Type": "Aggregate", "Strategy": "Hashed", "Parent Relationship": "Outer", "Startup Cost": 5175421.77, "Total Cost": 5176164.02, "Plan Rows": 59380, "Plan Width": 40, "Group By Key": ["public.lineitem.l_suppkey"], "Filter": "(sum((public.lineitem.l_extendedprice * (1::double precision - public.lineitem.l_discount))) = $0), (LLVM Optimized)", "Plans": [{"Node Type": "Index Scan", "Parent Relationship": "Outer", "Scan Direction": "Forward", "Index Name": "idx_lineitem_shipdate", "Relation Name": "lineitem", "Alias": "lineitem", "Startup Cost": 0.0, "Total Cost": 5135750.66, "Plan Rows": 2266921, "Plan Width": 24, "Index Cond": "((l_shipdate >= '1997-07-01 00:00:00'::timestamp(0) without time zone) AND (l_shipdate < '1997-10-01 00:00:00'::timestamp without time zone)), (LLVM Optimized)"}]}, {"Node Type": "Index Scan", "Parent Relationship": "Inner", "Scan Direction": "Forward", "Index Name": "supplier_pkey", "Relation Name": "supplier", "Alias": "supplier", "Startup Cost": 0.0, "Total Cost": 0.45, "Plan Rows": 1, "Plan Width": 75, "Index Cond": "(s_suppkey = public.lineitem.l_suppkey)"}]}]}, "Unique SQL Id": 3712096918, "Planner Runtime": 0}, "explain_analyze_plan": {"Plan": {"Node Type": "Sort", "Startup Cost": 10368528.3, "Total Cost": 10368676.75, "Plan Rows": 59380, "Plan Width": 83, "Actual Startup Time": 15978.075, "Actual Total Time": 15978.076, "Actual Rows": 1, "Actual Loops": 1, "Sort Key": ["supplier.s_suppkey"], "Sort Method": "quicksort", "Sort Space Used": 25, "Sort Space Type": "Memory", "Plans": [{"Node Type": "Aggregate", "Strategy": "Plain", "Parent Relationship": "exec_init_plan", "Subplan Name": "InitPlan 1 (returns $0)", "Startup Cost": 5159755.92, "Total Cost": 5159755.93, "Plan Rows": 1, "Plan Width": 16, "Actual Startup Time": 7901.47, "Actual Total Time": 7901.47, "Actual Rows": 1, "Actual Loops": 1, "Plans": [{"Node Type": "Aggregate", "Strategy": "Hashed", "Parent Relationship": "Outer", "Startup Cost": 5158419.87, "Total Cost": 5159013.67, "Plan Rows": 59380, "Plan Width": 32, "Actual Startup Time": 7852.772, "Actual Total Time": 7886.566, "Actual Rows": 100000, "Actual Loops": 1, "Group By Key": ["public.lineitem.l_suppkey"], "Plans": [{"Node Type": "Index Scan", "Parent Relationship": "Outer", "Scan Direction": "Forward", "Index Name": "idx_lineitem_shipdate", "Relation Name": "lineitem", "Alias": "lineitem", "Startup Cost": 0.0, "Total Cost": 5135750.66, "Plan Rows": 2266921, "Plan Width": 24, "Actual Startup Time": 0.065, "Actual Total Time": 5901.116, "Actual Rows": 2293944, "Actual Loops": 1, "Index Cond": "((l_shipdate >= '1997-07-01 00:00:00'::timestamp(0) without time zone) AND (l_shipdate < '1997-10-01 00:00:00'::timestamp without time zone)), (LLVM Optimized, Jit Execute)", "Rows Removed by Index Recheck": 0}]}]}, {"Node Type": "Nested Loop", "Parent Relationship": "Outer", "Join Type": "Inner", "Startup Cost": 5175421.77, "Total Cost": 5204064.22, "Plan Rows": 59380, "Plan Width": 83, "Actual Startup Time": 15941.949, "Actual Total Time": 15978.05, "Actual Rows": 1, "Actual Loops": 1, "Inner Unique": true, "Plans": [{"Node Type": "Aggregate", "Strategy": "Hashed", "Parent Relationship": "Outer", "Startup Cost": 5175421.77, "Total Cost": 5176164.02, "Plan Rows": 59380, "Plan Width": 40, "Actual Startup Time": 15941.901, "Actual Total Time": 15977.732, "Actual Rows": 1, "Actual Loops": 1, "Group By Key": ["public.lineitem.l_suppkey"], "Filter": "(sum((public.lineitem.l_extendedprice * (1::double precision - public.lineitem.l_discount))) = $0), (LLVM Optimized, Jit Execute)", "Rows Removed by Filter": 99999, "Plans": [{"Node Type": "Index Scan", "Parent Relationship": "Outer", "Scan Direction": "Forward", "Index Name": "idx_lineitem_shipdate", "Relation Name": "lineitem", "Alias": "lineitem", "Startup Cost": 0.0, "Total Cost": 5135750.66, "Plan Rows": 2266921, "Plan Width": 24, "Actual Startup Time": 0.064, "Actual Total Time": 5948.545, "Actual Rows": 2293944, "Actual Loops": 1, "Index Cond": "((l_shipdate >= '1997-07-01 00:00:00'::timestamp(0) without time zone) AND (l_shipdate < '1997-10-01 00:00:00'::timestamp without time zone)), (LLVM Optimized, Jit Execute)", "Rows Removed by Index Recheck": 0}]}, {"Node Type": "Index Scan", "Parent Relationship": "Inner", "Scan Direction": "Forward", "Index Name": "supplier_pkey", "Relation Name": "supplier", "Alias": "supplier", "Startup Cost": 0.0, "Total Cost": 0.45, "Plan Rows": 1, "Plan Width": 75, "Actual Startup Time": 0.032, "Actual Total Time": 0.032, "Actual Rows": 1, "Actual Loops": 1, "Index Cond": "(s_suppkey = public.lineitem.l_suppkey)", "Rows Removed by Index Recheck": 0}]}]}, "Triggers": [], "Planner Runtime": 0.864, "Total Runtime": 15989.295, "Unique SQL Id": 3712096918}}, "(16, '106')": {"explain_plan": {"Plan": {"Node Type": "Sort", "Startup Cost": 4705171.05, "Total Cost": 4705319.5, "Plan Rows": 59380, "Plan Width": 83, "Sort Key": ["supplier.s_suppkey"], "Plans": [{"Node Type": "Aggregate", "Strategy": "Plain", "Parent Relationship": "exec_init_plan", "Subplan Name": "InitPlan 1 (returns $0)", "Startup Cost": 2339055.76, "Total Cost": 2339055.77, "Plan Rows": 1, "Plan Width": 16, "Plans": [{"Node Type": "Aggregate", "Strategy": "Hashed", "Parent Relationship": "Outer", "Startup Cost": 2337719.71, "Total Cost": 2338313.51, "Plan Rows": 59380, "Plan Width": 32, "Group By Key": ["public.lineitem.l_suppkey"], "Plans": [{"Node Type": "Seq Scan", "Parent Relationship": "Outer", "Relation Name": "lineitem", "Alias": "lineitem", "Startup Cost": 25.28, "Total Cost": 2315050.5, "Plan Rows": 2266921, "Plan Width": 24, "Filter": "((l_shipdate >= '1997-07-01 00:00:00'::timestamp(0) without time zone) AND (l_shipdate < '1997-10-01 00:00:00'::timestamp without time zone)), (LLVM Optimized)"}]}]}, {"Node Type": "Hash Join", "Parent Relationship": "Outer", "Join Type": "Inner", "Startup Cost": 2359254.61, "Total Cost": 2361407.14, "Plan Rows": 59380, "Plan Width": 83, "Inner Unique": true, "Hash Cond": "(public.lineitem.l_suppkey = supplier.s_suppkey)", "Plans": [{"Node Type": "Aggregate", "Strategy": "Hashed", "Parent Relationship": "Outer", "Startup Cost": 2354721.61, "Total Cost": 2355463.86, "Plan Rows": 59380, "Plan Width": 40, "Group By Key": ["public.lineitem.l_suppkey"], "Filter": "(sum((public.lineitem.l_extendedprice * (1::double precision - public.lineitem.l_discount))) = $0), (LLVM Optimized)", "Plans": [{"Node Type": "Seq Scan", "Parent Relationship": "Outer", "Relation Name": "lineitem", "Alias": "lineitem", "Startup Cost": 25.28, "Total Cost": 2315050.5, "Plan Rows": 2266921, "Plan Width": 24, "Filter": "((l_shipdate >= '1997-07-01 00:00:00'::timestamp(0) without time zone) AND (l_shipdate < '1997-10-01 00:00:00'::timestamp without time zone)), (LLVM Optimized)"}]}, {"Node Type": "Hash", "Parent Relationship": "Inner", "Startup Cost": 3283.0, "Total Cost": 3283.0, "Plan Rows": 100000, "Plan Width": 75, "Plans": [{"Node Type": "Seq Scan", "Parent Relationship": "Outer", "Relation Name": "supplier", "Alias": "supplier", "Startup Cost": 0.0, "Total Cost": 3283.0, "Plan Rows": 100000, "Plan Width": 75}]}]}]}, "Unique SQL Id": 3712096918, "Planner Runtime": 0}, "explain_analyze_plan": null}, "(16, '107')": {"explain_plan": {"Plan": {"Node Type": "Sort", "Startup Cost": 3000463651985.02, "Total Cost": 3000463652133.47, "Plan Rows": 59380, "Plan Width": 83, "Sort Key": ["supplier.s_suppkey"], "Plans": [{"Node Type": "Aggregate", "Strategy": "Plain", "Parent Relationship": "exec_init_plan", "Subplan Name": "InitPlan 1 (returns $0)", "Startup Cost": 1000231529054.76, "Total Cost": 1000231529054.77, "Plan Rows": 1, "Plan Width": 16, "Plans": [{"Node Type": "Aggregate", "Strategy": "Hashed", "Parent Relationship": "Outer", "Startup Cost": 1000231527718.71, "Total Cost": 1000231528312.51, "Plan Rows": 59380, "Plan Width": 32, "Group By Key": ["public.lineitem.l_suppkey"], "Plans": [{"Node Type": "Seq Scan", "Parent Relationship": "Outer", "Relation Name": "lineitem", "Alias": "lineitem", "Startup Cost": 10000000025.02, "Total Cost": 1000231505049.5, "Plan Rows": 2266921, "Plan Width": 24, "Filter": "((l_shipdate >= '1997-07-01 00:00:00'::timestamp(0) without time zone) AND (l_shipdate < '1997-10-01 00:00:00'::timestamp without time zone)), (LLVM Optimized)"}]}]}, {"Node Type": "Hash Join", "Parent Relationship": "Outer", "Join Type": "Inner", "Startup Cost": 1010231546798.92, "Total Cost": 2000232118222.1, "Plan Rows": 59380, "Plan Width": 83, "Inner Unique": true, "Hash Cond": "(supplier.s_suppkey = revenue0.supplier_no)", "Plans": [{"Node Type": "Index Scan", "Parent Relationship": "Outer", "Scan Direction": "Forward", "Index Name": "supplier_pkey", "Relation Name": "supplier", "Alias": "supplier", "Startup Cost": 10000000000.0, "Total Cost": 1000000533454.38, "Plan Rows": 100000, "Plan Width": 75}, {"Node Type": "Hash", "Parent Relationship": "Inner", "Startup Cost": 1000231546056.67, "Total Cost": 1000231546056.67, "Plan Rows": 59380, "Plan Width": 16, "Plans": [{"Node Type": "Subquery Scan", "Parent Relationship": "Outer", "Alias": "revenue0", "Startup Cost": 1000231544720.62, "Total Cost": 1000231546056.67, "Plan Rows": 59380, "Plan Width": 16, "Plans": [{"Node Type": "Aggregate", "Strategy": "Hashed", "Parent Relationship": "Subquery", "Startup Cost": 1000231544720.62, "Total Cost": 1000231545462.87, "Plan Rows": 59380, "Plan Width": 40, "Group By Key": ["public.lineitem.l_suppkey"], "Filter": "(sum((public.lineitem.l_extendedprice * (1::double precision - public.lineitem.l_discount))) = $0), (LLVM Optimized)", "Plans": [{"Node Type": "Seq Scan", "Parent Relationship": "Outer", "Relation Name": "lineitem", "Alias": "lineitem", "Startup Cost": 10000000025.02, "Total Cost": 1000231505049.5, "Plan Rows": 2266921, "Plan Width": 24, "Filter": "((l_shipdate >= '1997-07-01 00:00:00'::timestamp(0) without time zone) AND (l_shipdate < '1997-10-01 00:00:00'::timestamp without time zone)), (LLVM Optimized)"}]}]}]}]}]}, "Unique SQL Id": 3712096918, "Planner Runtime": 0}, "explain_analyze_plan": null}, "(16, '108')": {"explain_plan": {"Plan": {"Node Type": "Sort", "Startup Cost": 4727127.98, "Total Cost": 4727276.43, "Plan Rows": 59380, "Plan Width": 83, "Sort Key": ["supplier.s_suppkey"], "Plans": [{"Node Type": "Aggregate", "Strategy": "Plain", "Parent Relationship": "exec_init_plan", "Subplan Name": "InitPlan 1 (returns $0)", "Startup Cost": 2339055.76, "Total Cost": 2339055.77, "Plan Rows": 1, "Plan Width": 16, "Plans": [{"Node Type": "Aggregate", "Strategy": "Hashed", "Parent Relationship": "Outer", "Startup Cost": 2337719.71, "Total Cost": 2338313.51, "Plan Rows": 59380, "Plan Width": 32, "Group By Key": ["public.lineitem.l_suppkey"], "Plans": [{"Node Type": "Seq Scan", "Parent Relationship": "Outer", "Relation Name": "lineitem", "Alias": "lineitem", "Startup Cost": 25.28, "Total Cost": 2315050.5, "Plan Rows": 2266921, "Plan Width": 24, "Filter": "((l_shipdate >= '1997-07-01 00:00:00'::timestamp(0) without time zone) AND (l_shipdate < '1997-10-01 00:00:00'::timestamp without time zone)), (LLVM Optimized)"}]}]}, {"Node Type": "Nested Loop", "Parent Relationship": "Outer", "Join Type": "Inner", "Startup Cost": 2354721.61, "Total Cost": 2383364.06, "Plan Rows": 59380, "Plan Width": 83, "Inner Unique": true, "Plans": [{"Node Type": "Aggregate", "Strategy": "Hashed", "Parent Relationship": "Outer", "Startup Cost": 2354721.61, "Total Cost": 2355463.86, "Plan Rows": 59380, "Plan Width": 40, "Group By Key": ["public.lineitem.l_suppkey"], "Filter": "(sum((public.lineitem.l_extendedprice * (1::double precision - public.lineitem.l_discount))) = $0), (LLVM Optimized)", "Plans": [{"Node Type": "Seq Scan", "Parent Relationship": "Outer", "Relation Name": "lineitem", "Alias": "lineitem", "Startup Cost": 25.28, "Total Cost": 2315050.5, "Plan Rows": 2266921, "Plan Width": 24, "Filter": "((l_shipdate >= '1997-07-01 00:00:00'::timestamp(0) without time zone) AND (l_shipdate < '1997-10-01 00:00:00'::timestamp without time zone)), (LLVM Optimized)"}]}, {"Node Type": "Index Scan", "Parent Relationship": "Inner", "Scan Direction": "Forward", "Index Name": "supplier_pkey", "Relation Name": "supplier", "Alias": "supplier", "Startup Cost": 0.0, "Total Cost": 0.45, "Plan Rows": 1, "Plan Width": 75, "Index Cond": "(s_suppkey = public.lineitem.l_suppkey)"}]}]}, "Unique SQL Id": 3712096918, "Planner Runtime": 1}, "explain_analyze_plan": null}, "(16, '109')": {"explain_plan": {"Plan": {"Node Type": "Sort", "Startup Cost": 10368528.3, "Total Cost": 10368676.75, "Plan Rows": 59380, "Plan Width": 83, "Sort Key": ["supplier.s_suppkey"], "Plans": [{"Node Type": "Aggregate", "Strategy": "Plain", "Parent Relationship": "exec_init_plan", "Subplan Name": "InitPlan 1 (returns $0)", "Startup Cost": 5159755.92, "Total Cost": 5159755.93, "Plan Rows": 1, "Plan Width": 16, "Plans": [{"Node Type": "Aggregate", "Strategy": "Hashed", "Parent Relationship": "Outer", "Startup Cost": 5158419.87, "Total Cost": 5159013.67, "Plan Rows": 59380, "Plan Width": 32, "Group By Key": ["public.lineitem.l_suppkey"], "Plans": [{"Node Type": "Index Scan", "Parent Relationship": "Outer", "Scan Direction": "Forward", "Index Name": "idx_lineitem_shipdate", "Relation Name": "lineitem", "Alias": "lineitem", "Startup Cost": 0.0, "Total Cost": 5135750.66, "Plan Rows": 2266921, "Plan Width": 24, "Index Cond": "((l_shipdate >= '1997-07-01 00:00:00'::timestamp(0) without time zone) AND (l_shipdate < '1997-10-01 00:00:00'::timestamp without time zone)), (LLVM Optimized)"}]}]}, {"Node Type": "Nested Loop", "Parent Relationship": "Outer", "Join Type": "Inner", "Startup Cost": 5175421.77, "Total Cost": 5204064.22, "Plan Rows": 59380, "Plan Width": 83, "Inner Unique": true, "Plans": [{"Node Type": "Aggregate", "Strategy": "Hashed", "Parent Relationship": "Outer", "Startup Cost": 5175421.77, "Total Cost": 5176164.02, "Plan Rows": 59380, "Plan Width": 40, "Group By Key": ["public.lineitem.l_suppkey"], "Filter": "(sum((public.lineitem.l_extendedprice * (1::double precision - public.lineitem.l_discount))) = $0), (LLVM Optimized)", "Plans": [{"Node Type": "Index Scan", "Parent Relationship": "Outer", "Scan Direction": "Forward", "Index Name": "idx_lineitem_shipdate", "Relation Name": "lineitem", "Alias": "lineitem", "Startup Cost": 0.0, "Total Cost": 5135750.66, "Plan Rows": 2266921, "Plan Width": 24, "Index Cond": "((l_shipdate >= '1997-07-01 00:00:00'::timestamp(0) without time zone) AND (l_shipdate < '1997-10-01 00:00:00'::timestamp without time zone)), (LLVM Optimized)"}]}, {"Node Type": "Index Scan", "Parent Relationship": "Inner", "Scan Direction": "Forward", "Index Name": "supplier_pkey", "Relation Name": "supplier", "Alias": "supplier", "Startup Cost": 0.0, "Total Cost": 0.45, "Plan Rows": 1, "Plan Width": 75, "Index Cond": "(s_suppkey = public.lineitem.l_suppkey)"}]}]}, "Unique SQL Id": 3712096918, "Planner Runtime": 0}, "explain_analyze_plan": {"Plan": {"Node Type": "Sort", "Startup Cost": 10368528.3, "Total Cost": 10368676.75, "Plan Rows": 59380, "Plan Width": 83, "Actual Startup Time": 15978.075, "Actual Total Time": 15978.076, "Actual Rows": 1, "Actual Loops": 1, "Sort Key": ["supplier.s_suppkey"], "Sort Method": "quicksort", "Sort Space Used": 25, "Sort Space Type": "Memory", "Plans": [{"Node Type": "Aggregate", "Strategy": "Plain", "Parent Relationship": "exec_init_plan", "Subplan Name": "InitPlan 1 (returns $0)", "Startup Cost": 5159755.92, "Total Cost": 5159755.93, "Plan Rows": 1, "Plan Width": 16, "Actual Startup Time": 7901.47, "Actual Total Time": 7901.47, "Actual Rows": 1, "Actual Loops": 1, "Plans": [{"Node Type": "Aggregate", "Strategy": "Hashed", "Parent Relationship": "Outer", "Startup Cost": 5158419.87, "Total Cost": 5159013.67, "Plan Rows": 59380, "Plan Width": 32, "Actual Startup Time": 7852.772, "Actual Total Time": 7886.566, "Actual Rows": 100000, "Actual Loops": 1, "Group By Key": ["public.lineitem.l_suppkey"], "Plans": [{"Node Type": "Index Scan", "Parent Relationship": "Outer", "Scan Direction": "Forward", "Index Name": "idx_lineitem_shipdate", "Relation Name": "lineitem", "Alias": "lineitem", "Startup Cost": 0.0, "Total Cost": 5135750.66, "Plan Rows": 2266921, "Plan Width": 24, "Actual Startup Time": 0.065, "Actual Total Time": 5901.116, "Actual Rows": 2293944, "Actual Loops": 1, "Index Cond": "((l_shipdate >= '1997-07-01 00:00:00'::timestamp(0) without time zone) AND (l_shipdate < '1997-10-01 00:00:00'::timestamp without time zone)), (LLVM Optimized, Jit Execute)", "Rows Removed by Index Recheck": 0}]}]}, {"Node Type": "Nested Loop", "Parent Relationship": "Outer", "Join Type": "Inner", "Startup Cost": 5175421.77, "Total Cost": 5204064.22, "Plan Rows": 59380, "Plan Width": 83, "Actual Startup Time": 15941.949, "Actual Total Time": 15978.05, "Actual Rows": 1, "Actual Loops": 1, "Inner Unique": true, "Plans": [{"Node Type": "Aggregate", "Strategy": "Hashed", "Parent Relationship": "Outer", "Startup Cost": 5175421.77, "Total Cost": 5176164.02, "Plan Rows": 59380, "Plan Width": 40, "Actual Startup Time": 15941.901, "Actual Total Time": 15977.732, "Actual Rows": 1, "Actual Loops": 1, "Group By Key": ["public.lineitem.l_suppkey"], "Filter": "(sum((public.lineitem.l_extendedprice * (1::double precision - public.lineitem.l_discount))) = $0), (LLVM Optimized, Jit Execute)", "Rows Removed by Filter": 99999, "Plans": [{"Node Type": "Index Scan", "Parent Relationship": "Outer", "Scan Direction": "Forward", "Index Name": "idx_lineitem_shipdate", "Relation Name": "lineitem", "Alias": "lineitem", "Startup Cost": 0.0, "Total Cost": 5135750.66, "Plan Rows": 2266921, "Plan Width": 24, "Actual Startup Time": 0.064, "Actual Total Time": 5948.545, "Actual Rows": 2293944, "Actual Loops": 1, "Index Cond": "((l_shipdate >= '1997-07-01 00:00:00'::timestamp(0) without time zone) AND (l_shipdate < '1997-10-01 00:00:00'::timestamp without time zone)), (LLVM Optimized, Jit Execute)", "Rows Removed by Index Recheck": 0}]}, {"Node Type": "Index Scan", "Parent Relationship": "Inner", "Scan Direction": "Forward", "Index Name": "supplier_pkey", "Relation Name": "supplier", "Alias": "supplier", "Startup Cost": 0.0, "Total Cost": 0.45, "Plan Rows": 1, "Plan Width": 75, "Actual Startup Time": 0.032, "Actual Total Time": 0.032, "Actual Rows": 1, "Actual Loops": 1, "Index Cond": "(s_suppkey = public.lineitem.l_suppkey)", "Rows Removed by Index Recheck": 0}]}]}, "Triggers": [], "Planner Runtime": 0.864, "Total Runtime": 15989.295, "Unique SQL Id": 3712096918}}, "(16, '110')": {"explain_plan": {"Plan": {"Node Type": "Sort", "Startup Cost": 4705171.05, "Total Cost": 4705319.5, "Plan Rows": 59380, "Plan Width": 83, "Sort Key": ["supplier.s_suppkey"], "Plans": [{"Node Type": "Aggregate", "Strategy": "Plain", "Parent Relationship": "exec_init_plan", "Subplan Name": "InitPlan 1 (returns $0)", "Startup Cost": 2339055.76, "Total Cost": 2339055.77, "Plan Rows": 1, "Plan Width": 16, "Plans": [{"Node Type": "Aggregate", "Strategy": "Hashed", "Parent Relationship": "Outer", "Startup Cost": 2337719.71, "Total Cost": 2338313.51, "Plan Rows": 59380, "Plan Width": 32, "Group By Key": ["public.lineitem.l_suppkey"], "Plans": [{"Node Type": "Seq Scan", "Parent Relationship": "Outer", "Relation Name": "lineitem", "Alias": "lineitem", "Startup Cost": 25.28, "Total Cost": 2315050.5, "Plan Rows": 2266921, "Plan Width": 24, "Filter": "((l_shipdate >= '1997-07-01 00:00:00'::timestamp(0) without time zone) AND (l_shipdate < '1997-10-01 00:00:00'::timestamp without time zone)), (LLVM Optimized)"}]}]}, {"Node Type": "Hash Join", "Parent Relationship": "Outer", "Join Type": "Inner", "Startup Cost": 2359254.61, "Total Cost": 2361407.14, "Plan Rows": 59380, "Plan Width": 83, "Inner Unique": true, "Hash Cond": "(public.lineitem.l_suppkey = supplier.s_suppkey)", "Plans": [{"Node Type": "Aggregate", "Strategy": "Hashed", "Parent Relationship": "Outer", "Startup Cost": 2354721.61, "Total Cost": 2355463.86, "Plan Rows": 59380, "Plan Width": 40, "Group By Key": ["public.lineitem.l_suppkey"], "Filter": "(sum((public.lineitem.l_extendedprice * (1::double precision - public.lineitem.l_discount))) = $0), (LLVM Optimized)", "Plans": [{"Node Type": "Seq Scan", "Parent Relationship": "Outer", "Relation Name": "lineitem", "Alias": "lineitem", "Startup Cost": 25.28, "Total Cost": 2315050.5, "Plan Rows": 2266921, "Plan Width": 24, "Filter": "((l_shipdate >= '1997-07-01 00:00:00'::timestamp(0) without time zone) AND (l_shipdate < '1997-10-01 00:00:00'::timestamp without time zone)), (LLVM Optimized)"}]}, {"Node Type": "Hash", "Parent Relationship": "Inner", "Startup Cost": 3283.0, "Total Cost": 3283.0, "Plan Rows": 100000, "Plan Width": 75, "Plans": [{"Node Type": "Seq Scan", "Parent Relationship": "Outer", "Relation Name": "supplier", "Alias": "supplier", "Startup Cost": 0.0, "Total Cost": 3283.0, "Plan Rows": 100000, "Plan Width": 75}]}]}]}, "Unique SQL Id": 3712096918, "Planner Runtime": 0}, "explain_analyze_plan": null}, "(16, '111')": {"explain_plan": {"Plan": {"Node Type": "Sort", "Startup Cost": 3000463651985.02, "Total Cost": 3000463652133.47, "Plan Rows": 59380, "Plan Width": 83, "Sort Key": ["supplier.s_suppkey"], "Plans": [{"Node Type": "Aggregate", "Strategy": "Plain", "Parent Relationship": "exec_init_plan", "Subplan Name": "InitPlan 1 (returns $0)", "Startup Cost": 1000231529054.76, "Total Cost": 1000231529054.77, "Plan Rows": 1, "Plan Width": 16, "Plans": [{"Node Type": "Aggregate", "Strategy": "Hashed", "Parent Relationship": "Outer", "Startup Cost": 1000231527718.71, "Total Cost": 1000231528312.51, "Plan Rows": 59380, "Plan Width": 32, "Group By Key": ["public.lineitem.l_suppkey"], "Plans": [{"Node Type": "Seq Scan", "Parent Relationship": "Outer", "Relation Name": "lineitem", "Alias": "lineitem", "Startup Cost": 10000000025.02, "Total Cost": 1000231505049.5, "Plan Rows": 2266921, "Plan Width": 24, "Filter": "((l_shipdate >= '1997-07-01 00:00:00'::timestamp(0) without time zone) AND (l_shipdate < '1997-10-01 00:00:00'::timestamp without time zone)), (LLVM Optimized)"}]}]}, {"Node Type": "Hash Join", "Parent Relationship": "Outer", "Join Type": "Inner", "Startup Cost": 1010231546798.92, "Total Cost": 2000232118222.1, "Plan Rows": 59380, "Plan Width": 83, "Inner Unique": true, "Hash Cond": "(supplier.s_suppkey = revenue0.supplier_no)", "Plans": [{"Node Type": "Index Scan", "Parent Relationship": "Outer", "Scan Direction": "Forward", "Index Name": "supplier_pkey", "Relation Name": "supplier", "Alias": "supplier", "Startup Cost": 10000000000.0, "Total Cost": 1000000533454.38, "Plan Rows": 100000, "Plan Width": 75}, {"Node Type": "Hash", "Parent Relationship": "Inner", "Startup Cost": 1000231546056.67, "Total Cost": 1000231546056.67, "Plan Rows": 59380, "Plan Width": 16, "Plans": [{"Node Type": "Subquery Scan", "Parent Relationship": "Outer", "Alias": "revenue0", "Startup Cost": 1000231544720.62, "Total Cost": 1000231546056.67, "Plan Rows": 59380, "Plan Width": 16, "Plans": [{"Node Type": "Aggregate", "Strategy": "Hashed", "Parent Relationship": "Subquery", "Startup Cost": 1000231544720.62, "Total Cost": 1000231545462.87, "Plan Rows": 59380, "Plan Width": 40, "Group By Key": ["public.lineitem.l_suppkey"], "Filter": "(sum((public.lineitem.l_extendedprice * (1::double precision - public.lineitem.l_discount))) = $0), (LLVM Optimized)", "Plans": [{"Node Type": "Seq Scan", "Parent Relationship": "Outer", "Relation Name": "lineitem", "Alias": "lineitem", "Startup Cost": 10000000025.02, "Total Cost": 1000231505049.5, "Plan Rows": 2266921, "Plan Width": 24, "Filter": "((l_shipdate >= '1997-07-01 00:00:00'::timestamp(0) without time zone) AND (l_shipdate < '1997-10-01 00:00:00'::timestamp without time zone)), (LLVM Optimized)"}]}]}]}]}]}, "Unique SQL Id": 3712096918, "Planner Runtime": 0}, "explain_analyze_plan": null}, "(16, '112')": {"explain_plan": {"Plan": {"Node Type": "Sort", "Startup Cost": 3269410.17, "Total Cost": 3269558.62, "Plan Rows": 59380, "Plan Width": 83, "Sort Key": ["supplier.s_suppkey"], "Plans": [{"Node Type": "Aggregate", "Strategy": "Plain", "Parent Relationship": "exec_init_plan", "Subplan Name": "InitPlan 1 (returns $0)", "Startup Cost": 1610196.85, "Total Cost": 1610196.86, "Plan Rows": 1, "Plan Width": 16, "Plans": [{"Node Type": "Aggregate", "Strategy": "Hashed", "Parent Relationship": "Outer", "Startup Cost": 1608860.8, "Total Cost": 1609454.6, "Plan Rows": 59380, "Plan Width": 32, "Group By Key": ["public.lineitem.l_suppkey"], "Plans": [{"Node Type": "Bitmap Heap Scan", "Parent Relationship": "Outer", "Relation Name": "lineitem", "Alias": "lineitem", "Startup Cost": 78544.19, "Total Cost": 1586191.59, "Plan Rows": 2266921, "Plan Width": 24, "Recheck Cond": "((l_shipdate >= '1997-07-01 00:00:00'::timestamp(0) without time zone) AND (l_shipdate < '1997-10-01 00:00:00'::timestamp without time zone)), (LLVM Optimized)", "Plans": [{"Node Type": "Bitmap Index Scan", "Parent Relationship": "Outer", "Index Name": "idx_lineitem_shipdate", "Startup Cost": 0.0, "Total Cost": 77977.46, "Plan Rows": 2266921, "Plan Width": 0, "Index Cond": "((l_shipdate >= '1997-07-01 00:00:00'::timestamp(0) without time zone) AND (l_shipdate < '1997-10-01 00:00:00'::timestamp without time zone))"}]}]}]}, {"Node Type": "Nested Loop", "Parent Relationship": "Outer", "Join Type": "Inner", "Startup Cost": 1625862.71, "Total Cost": 1654505.16, "Plan Rows": 59380, "Plan Width": 83, "Inner Unique": true, "Plans": [{"Node Type": "Aggregate", "Strategy": "Hashed", "Parent Relationship": "Outer", "Startup Cost": 1625862.71, "Total Cost": 1626604.96, "Plan Rows": 59380, "Plan Width": 40, "Group By Key": ["public.lineitem.l_suppkey"], "Filter": "(sum((public.lineitem.l_extendedprice * (1::double precision - public.lineitem.l_discount))) = $0), (LLVM Optimized)", "Plans": [{"Node Type": "Bitmap Heap Scan", "Parent Relationship": "Outer", "Relation Name": "lineitem", "Alias": "lineitem", "Startup Cost": 78544.19, "Total Cost": 1586191.59, "Plan Rows": 2266921, "Plan Width": 24, "Recheck Cond": "((l_shipdate >= '1997-07-01 00:00:00'::timestamp(0) without time zone) AND (l_shipdate < '1997-10-01 00:00:00'::timestamp without time zone)), (LLVM Optimized)", "Plans": [{"Node Type": "Bitmap Index Scan", "Parent Relationship": "Outer", "Index Name": "idx_lineitem_shipdate", "Startup Cost": 0.0, "Total Cost": 77977.46, "Plan Rows": 2266921, "Plan Width": 0, "Index Cond": "((l_shipdate >= '1997-07-01 00:00:00'::timestamp(0) without time zone) AND (l_shipdate < '1997-10-01 00:00:00'::timestamp without time zone))"}]}]}, {"Node Type": "Index Scan", "Parent Relationship": "Inner", "Scan Direction": "Forward", "Index Name": "supplier_pkey", "Relation Name": "supplier", "Alias": "supplier", "Startup Cost": 0.0, "Total Cost": 0.45, "Plan Rows": 1, "Plan Width": 75, "Index Cond": "(s_suppkey = public.lineitem.l_suppkey)"}]}]}, "Unique SQL Id": 3712096918, "Planner Runtime": 0}, "explain_analyze_plan": {"Plan": {"Node Type": "Sort", "Startup Cost": 3269410.17, "Total Cost": 3269558.62, "Plan Rows": 59380, "Plan Width": 83, "Actual Startup Time": 11492.831, "Actual Total Time": 11492.831, "Actual Rows": 1, "Actual Loops": 1, "Sort Key": ["supplier.s_suppkey"], "Sort Method": "quicksort", "Sort Space Used": 25, "Sort Space Type": "Memory", "Plans": [{"Node Type": "Aggregate", "Strategy": "Plain", "Parent Relationship": "exec_init_plan", "Subplan Name": "InitPlan 1 (returns $0)", "Startup Cost": 1610196.85, "Total Cost": 1610196.86, "Plan Rows": 1, "Plan Width": 16, "Actual Startup Time": 5690.071, "Actual Total Time": 5690.071, "Actual Rows": 1, "Actual Loops": 1, "Plans": [{"Node Type": "Aggregate", "Strategy": "Hashed", "Parent Relationship": "Outer", "Startup Cost": 1608860.8, "Total Cost": 1609454.6, "Plan Rows": 59380, "Plan Width": 32, "Actual Startup Time": 5643.448, "Actual Total Time": 5675.14, "Actual Rows": 100000, "Actual Loops": 1, "Group By Key": ["public.lineitem.l_suppkey"], "Plans": [{"Node Type": "Bitmap Heap Scan", "Parent Relationship": "Outer", "Relation Name": "lineitem", "Alias": "lineitem", "Startup Cost": 78544.19, "Total Cost": 1586191.59, "Plan Rows": 2266921, "Plan Width": 24, "Actual Startup Time": 1063.161, "Actual Total Time": 3984.56, "Actual Rows": 2293944, "Actual Loops": 1, "Recheck Cond": "((l_shipdate >= '1997-07-01 00:00:00'::timestamp(0) without time zone) AND (l_shipdate < '1997-10-01 00:00:00'::timestamp without time zone)), (LLVM Optimized, Jit Execute)", "Rows Removed by Index Recheck": 0, "Exact Heap Blocks": 732487, "Lossy Heap Blocks": 732487, "Plans": [{"Node Type": "Bitmap Index Scan", "Parent Relationship": "Outer", "Index Name": "idx_lineitem_shipdate", "Startup Cost": 0.0, "Total Cost": 77977.46, "Plan Rows": 2266921, "Plan Width": 0, "Actual Startup Time": 741.815, "Actual Total Time": 741.815, "Actual Rows": 2293944, "Actual Loops": 1, "Index Cond": "((l_shipdate >= '1997-07-01 00:00:00'::timestamp(0) without time zone) AND (l_shipdate < '1997-10-01 00:00:00'::timestamp without time zone))"}]}]}]}, {"Node Type": "Nested Loop", "Parent Relationship": "Outer", "Join Type": "Inner", "Startup Cost": 1625862.71, "Total Cost": 1654505.16, "Plan Rows": 59380, "Plan Width": 83, "Actual Startup Time": 11470.027, "Actual Total Time": 11492.808, "Actual Rows": 1, "Actual Loops": 1, "Inner Unique": true, "Plans": [{"Node Type": "Aggregate", "Strategy": "Hashed", "Parent Relationship": "Outer", "Startup Cost": 1625862.71, "Total Cost": 1626604.96, "Plan Rows": 59380, "Plan Width": 40, "Actual Startup Time": 11469.968, "Actual Total Time": 11492.503, "Actual Rows": 1, "Actual Loops": 1, "Group By Key": ["public.lineitem.l_suppkey"], "Filter": "(sum((public.lineitem.l_extendedprice * (1::double precision - public.lineitem.l_discount))) = $0), (LLVM Optimized, Jit Execute)", "Rows Removed by Filter": 99999, "Plans": [{"Node Type": "Bitmap Heap Scan", "Parent Relationship": "Outer", "Relation Name": "lineitem", "Alias": "lineitem", "Startup Cost": 78544.19, "Total Cost": 1586191.59, "Plan Rows": 2266921, "Plan Width": 24, "Actual Startup Time": 1198.202, "Actual Total Time": 4065.356, "Actual Rows": 2293944, "Actual Loops": 1, "Recheck Cond": "((l_shipdate >= '1997-07-01 00:00:00'::timestamp(0) without time zone) AND (l_shipdate < '1997-10-01 00:00:00'::timestamp without time zone)), (LLVM Optimized, Jit Execute)", "Rows Removed by Index Recheck": 0, "Exact Heap Blocks": 732487, "Lossy Heap Blocks": 732487, "Plans": [{"Node Type": "Bitmap Index Scan", "Parent Relationship": "Outer", "Index Name": "idx_lineitem_shipdate", "Startup Cost": 0.0, "Total Cost": 77977.46, "Plan Rows": 2266921, "Plan Width": 0, "Actual Startup Time": 867.954, "Actual Total Time": 867.954, "Actual Rows": 2293944, "Actual Loops": 1, "Index Cond": "((l_shipdate >= '1997-07-01 00:00:00'::timestamp(0) without time zone) AND (l_shipdate < '1997-10-01 00:00:00'::timestamp without time zone))"}]}]}, {"Node Type": "Index Scan", "Parent Relationship": "Inner", "Scan Direction": "Forward", "Index Name": "supplier_pkey", "Relation Name": "supplier", "Alias": "supplier", "Startup Cost": 0.0, "Total Cost": 0.45, "Plan Rows": 1, "Plan Width": 75, "Actual Startup Time": 0.043, "Actual Total Time": 0.043, "Actual Rows": 1, "Actual Loops": 1, "Index Cond": "(s_suppkey = public.lineitem.l_suppkey)", "Rows Removed by Index Recheck": 0}]}]}, "Triggers": [], "Planner Runtime": 0.821, "Total Runtime": 11505.802, "Unique SQL Id": 3712096918}}, "(16, '113')": {"explain_plan": {"Plan": {"Node Type": "Sort", "Startup Cost": 3269410.17, "Total Cost": 3269558.62, "Plan Rows": 59380, "Plan Width": 83, "Sort Key": ["supplier.s_suppkey"], "Plans": [{"Node Type": "Aggregate", "Strategy": "Plain", "Parent Relationship": "exec_init_plan", "Subplan Name": "InitPlan 1 (returns $0)", "Startup Cost": 1610196.85, "Total Cost": 1610196.86, "Plan Rows": 1, "Plan Width": 16, "Plans": [{"Node Type": "Aggregate", "Strategy": "Hashed", "Parent Relationship": "Outer", "Startup Cost": 1608860.8, "Total Cost": 1609454.6, "Plan Rows": 59380, "Plan Width": 32, "Group By Key": ["public.lineitem.l_suppkey"], "Plans": [{"Node Type": "Bitmap Heap Scan", "Parent Relationship": "Outer", "Relation Name": "lineitem", "Alias": "lineitem", "Startup Cost": 78544.19, "Total Cost": 1586191.59, "Plan Rows": 2266921, "Plan Width": 24, "Recheck Cond": "((l_shipdate >= '1997-07-01 00:00:00'::timestamp(0) without time zone) AND (l_shipdate < '1997-10-01 00:00:00'::timestamp without time zone)), (LLVM Optimized)", "Plans": [{"Node Type": "Bitmap Index Scan", "Parent Relationship": "Outer", "Index Name": "idx_lineitem_shipdate", "Startup Cost": 0.0, "Total Cost": 77977.46, "Plan Rows": 2266921, "Plan Width": 0, "Index Cond": "((l_shipdate >= '1997-07-01 00:00:00'::timestamp(0) without time zone) AND (l_shipdate < '1997-10-01 00:00:00'::timestamp without time zone))"}]}]}]}, {"Node Type": "Nested Loop", "Parent Relationship": "Outer", "Join Type": "Inner", "Startup Cost": 1625862.71, "Total Cost": 1654505.16, "Plan Rows": 59380, "Plan Width": 83, "Inner Unique": true, "Plans": [{"Node Type": "Aggregate", "Strategy": "Hashed", "Parent Relationship": "Outer", "Startup Cost": 1625862.71, "Total Cost": 1626604.96, "Plan Rows": 59380, "Plan Width": 40, "Group By Key": ["public.lineitem.l_suppkey"], "Filter": "(sum((public.lineitem.l_extendedprice * (1::double precision - public.lineitem.l_discount))) = $0), (LLVM Optimized)", "Plans": [{"Node Type": "Bitmap Heap Scan", "Parent Relationship": "Outer", "Relation Name": "lineitem", "Alias": "lineitem", "Startup Cost": 78544.19, "Total Cost": 1586191.59, "Plan Rows": 2266921, "Plan Width": 24, "Recheck Cond": "((l_shipdate >= '1997-07-01 00:00:00'::timestamp(0) without time zone) AND (l_shipdate < '1997-10-01 00:00:00'::timestamp without time zone)), (LLVM Optimized)", "Plans": [{"Node Type": "Bitmap Index Scan", "Parent Relationship": "Outer", "Index Name": "idx_lineitem_shipdate", "Startup Cost": 0.0, "Total Cost": 77977.46, "Plan Rows": 2266921, "Plan Width": 0, "Index Cond": "((l_shipdate >= '1997-07-01 00:00:00'::timestamp(0) without time zone) AND (l_shipdate < '1997-10-01 00:00:00'::timestamp without time zone))"}]}]}, {"Node Type": "Index Scan", "Parent Relationship": "Inner", "Scan Direction": "Forward", "Index Name": "supplier_pkey", "Relation Name": "supplier", "Alias": "supplier", "Startup Cost": 0.0, "Total Cost": 0.45, "Plan Rows": 1, "Plan Width": 75, "Index Cond": "(s_suppkey = public.lineitem.l_suppkey)"}]}]}, "Unique SQL Id": 3712096918, "Planner Runtime": 0}, "explain_analyze_plan": {"Plan": {"Node Type": "Sort", "Startup Cost": 3269410.17, "Total Cost": 3269558.62, "Plan Rows": 59380, "Plan Width": 83, "Actual Startup Time": 11492.831, "Actual Total Time": 11492.831, "Actual Rows": 1, "Actual Loops": 1, "Sort Key": ["supplier.s_suppkey"], "Sort Method": "quicksort", "Sort Space Used": 25, "Sort Space Type": "Memory", "Plans": [{"Node Type": "Aggregate", "Strategy": "Plain", "Parent Relationship": "exec_init_plan", "Subplan Name": "InitPlan 1 (returns $0)", "Startup Cost": 1610196.85, "Total Cost": 1610196.86, "Plan Rows": 1, "Plan Width": 16, "Actual Startup Time": 5690.071, "Actual Total Time": 5690.071, "Actual Rows": 1, "Actual Loops": 1, "Plans": [{"Node Type": "Aggregate", "Strategy": "Hashed", "Parent Relationship": "Outer", "Startup Cost": 1608860.8, "Total Cost": 1609454.6, "Plan Rows": 59380, "Plan Width": 32, "Actual Startup Time": 5643.448, "Actual Total Time": 5675.14, "Actual Rows": 100000, "Actual Loops": 1, "Group By Key": ["public.lineitem.l_suppkey"], "Plans": [{"Node Type": "Bitmap Heap Scan", "Parent Relationship": "Outer", "Relation Name": "lineitem", "Alias": "lineitem", "Startup Cost": 78544.19, "Total Cost": 1586191.59, "Plan Rows": 2266921, "Plan Width": 24, "Actual Startup Time": 1063.161, "Actual Total Time": 3984.56, "Actual Rows": 2293944, "Actual Loops": 1, "Recheck Cond": "((l_shipdate >= '1997-07-01 00:00:00'::timestamp(0) without time zone) AND (l_shipdate < '1997-10-01 00:00:00'::timestamp without time zone)), (LLVM Optimized, Jit Execute)", "Rows Removed by Index Recheck": 0, "Exact Heap Blocks": 732487, "Lossy Heap Blocks": 732487, "Plans": [{"Node Type": "Bitmap Index Scan", "Parent Relationship": "Outer", "Index Name": "idx_lineitem_shipdate", "Startup Cost": 0.0, "Total Cost": 77977.46, "Plan Rows": 2266921, "Plan Width": 0, "Actual Startup Time": 741.815, "Actual Total Time": 741.815, "Actual Rows": 2293944, "Actual Loops": 1, "Index Cond": "((l_shipdate >= '1997-07-01 00:00:00'::timestamp(0) without time zone) AND (l_shipdate < '1997-10-01 00:00:00'::timestamp without time zone))"}]}]}]}, {"Node Type": "Nested Loop", "Parent Relationship": "Outer", "Join Type": "Inner", "Startup Cost": 1625862.71, "Total Cost": 1654505.16, "Plan Rows": 59380, "Plan Width": 83, "Actual Startup Time": 11470.027, "Actual Total Time": 11492.808, "Actual Rows": 1, "Actual Loops": 1, "Inner Unique": true, "Plans": [{"Node Type": "Aggregate", "Strategy": "Hashed", "Parent Relationship": "Outer", "Startup Cost": 1625862.71, "Total Cost": 1626604.96, "Plan Rows": 59380, "Plan Width": 40, "Actual Startup Time": 11469.968, "Actual Total Time": 11492.503, "Actual Rows": 1, "Actual Loops": 1, "Group By Key": ["public.lineitem.l_suppkey"], "Filter": "(sum((public.lineitem.l_extendedprice * (1::double precision - public.lineitem.l_discount))) = $0), (LLVM Optimized, Jit Execute)", "Rows Removed by Filter": 99999, "Plans": [{"Node Type": "Bitmap Heap Scan", "Parent Relationship": "Outer", "Relation Name": "lineitem", "Alias": "lineitem", "Startup Cost": 78544.19, "Total Cost": 1586191.59, "Plan Rows": 2266921, "Plan Width": 24, "Actual Startup Time": 1198.202, "Actual Total Time": 4065.356, "Actual Rows": 2293944, "Actual Loops": 1, "Recheck Cond": "((l_shipdate >= '1997-07-01 00:00:00'::timestamp(0) without time zone) AND (l_shipdate < '1997-10-01 00:00:00'::timestamp without time zone)), (LLVM Optimized, Jit Execute)", "Rows Removed by Index Recheck": 0, "Exact Heap Blocks": 732487, "Lossy Heap Blocks": 732487, "Plans": [{"Node Type": "Bitmap Index Scan", "Parent Relationship": "Outer", "Index Name": "idx_lineitem_shipdate", "Startup Cost": 0.0, "Total Cost": 77977.46, "Plan Rows": 2266921, "Plan Width": 0, "Actual Startup Time": 867.954, "Actual Total Time": 867.954, "Actual Rows": 2293944, "Actual Loops": 1, "Index Cond": "((l_shipdate >= '1997-07-01 00:00:00'::timestamp(0) without time zone) AND (l_shipdate < '1997-10-01 00:00:00'::timestamp without time zone))"}]}]}, {"Node Type": "Index Scan", "Parent Relationship": "Inner", "Scan Direction": "Forward", "Index Name": "supplier_pkey", "Relation Name": "supplier", "Alias": "supplier", "Startup Cost": 0.0, "Total Cost": 0.45, "Plan Rows": 1, "Plan Width": 75, "Actual Startup Time": 0.043, "Actual Total Time": 0.043, "Actual Rows": 1, "Actual Loops": 1, "Index Cond": "(s_suppkey = public.lineitem.l_suppkey)", "Rows Removed by Index Recheck": 0}]}]}, "Triggers": [], "Planner Runtime": 0.821, "Total Runtime": 11505.802, "Unique SQL Id": 3712096918}}, "(16, '114')": {"explain_plan": {"Plan": {"Node Type": "Sort", "Startup Cost": 3497813.02, "Total Cost": 3497961.47, "Plan Rows": 59380, "Plan Width": 83, "Sort Key": ["supplier.s_suppkey"], "Plans": [{"Node Type": "Aggregate", "Strategy": "Plain", "Parent Relationship": "exec_init_plan", "Subplan Name": "InitPlan 1 (returns $0)", "Startup Cost": 1610196.85, "Total Cost": 1610196.86, "Plan Rows": 1, "Plan Width": 16, "Plans": [{"Node Type": "Aggregate", "Strategy": "Hashed", "Parent Relationship": "Outer", "Startup Cost": 1608860.8, "Total Cost": 1609454.6, "Plan Rows": 59380, "Plan Width": 32, "Group By Key": ["public.lineitem.l_suppkey"], "Plans": [{"Node Type": "Bitmap Heap Scan", "Parent Relationship": "Outer", "Relation Name": "lineitem", "Alias": "lineitem", "Startup Cost": 78544.19, "Total Cost": 1586191.59, "Plan Rows": 2266921, "Plan Width": 24, "Recheck Cond": "((l_shipdate >= '1997-07-01 00:00:00'::timestamp(0) without time zone) AND (l_shipdate < '1997-10-01 00:00:00'::timestamp without time zone)), (LLVM Optimized)", "Plans": [{"Node Type": "Bitmap Index Scan", "Parent Relationship": "Outer", "Index Name": "idx_lineitem_shipdate", "Startup Cost": 0.0, "Total Cost": 77977.46, "Plan Rows": 2266921, "Plan Width": 0, "Index Cond": "((l_shipdate >= '1997-07-01 00:00:00'::timestamp(0) without time zone) AND (l_shipdate < '1997-10-01 00:00:00'::timestamp without time zone))"}]}]}]}, {"Node Type": "Nested Loop", "Parent Relationship": "Outer", "Join Type": "Inner", "Startup Cost": 1625863.0, "Total Cost": 1882908.01, "Plan Rows": 59380, "Plan Width": 83, "Inner Unique": true, "Plans": [{"Node Type": "Aggregate", "Strategy": "Hashed", "Parent Relationship": "Outer", "Startup Cost": 1625862.71, "Total Cost": 1626604.96, "Plan Rows": 59380, "Plan Width": 40, "Group By Key": ["public.lineitem.l_suppkey"], "Filter": "(sum((public.lineitem.l_extendedprice * (1::double precision - public.lineitem.l_discount))) = $0), (LLVM Optimized)", "Plans": [{"Node Type": "Bitmap Heap Scan", "Parent Relationship": "Outer", "Relation Name": "lineitem", "Alias": "lineitem", "Startup Cost": 78544.19, "Total Cost": 1586191.59, "Plan Rows": 2266921, "Plan Width": 24, "Recheck Cond": "((l_shipdate >= '1997-07-01 00:00:00'::timestamp(0) without time zone) AND (l_shipdate < '1997-10-01 00:00:00'::timestamp without time zone)), (LLVM Optimized)", "Plans": [{"Node Type": "Bitmap Index Scan", "Parent Relationship": "Outer", "Index Name": "idx_lineitem_shipdate", "Startup Cost": 0.0, "Total Cost": 77977.46, "Plan Rows": 2266921, "Plan Width": 0, "Index Cond": "((l_shipdate >= '1997-07-01 00:00:00'::timestamp(0) without time zone) AND (l_shipdate < '1997-10-01 00:00:00'::timestamp without time zone))"}]}]}, {"Node Type": "Bitmap Heap Scan", "Parent Relationship": "Inner", "Relation Name": "supplier", "Alias": "supplier", "Startup Cost": 0.28, "Total Cost": 4.3, "Plan Rows": 1, "Plan Width": 75, "Recheck Cond": "(s_suppkey = public.lineitem.l_suppkey)", "Plans": [{"Node Type": "Bitmap Index Scan", "Parent Relationship": "Outer", "Index Name": "supplier_pkey", "Startup Cost": 0.0, "Total Cost": 0.28, "Plan Rows": 1, "Plan Width": 0, "Index Cond": "(s_suppkey = public.lineitem.l_suppkey)"}]}]}]}, "Unique SQL Id": 3712096918, "Planner Runtime": 0}, "explain_analyze_plan": {"Plan": {"Node Type": "Sort", "Startup Cost": 3497813.02, "Total Cost": 3497961.47, "Plan Rows": 59380, "Plan Width": 83, "Actual Startup Time": 11241.876, "Actual Total Time": 11241.876, "Actual Rows": 1, "Actual Loops": 1, "Sort Key": ["supplier.s_suppkey"], "Sort Method": "quicksort", "Sort Space Used": 25, "Sort Space Type": "Memory", "Plans": [{"Node Type": "Aggregate", "Strategy": "Plain", "Parent Relationship": "exec_init_plan", "Subplan Name": "InitPlan 1 (returns $0)", "Startup Cost": 1610196.85, "Total Cost": 1610196.86, "Plan Rows": 1, "Plan Width": 16, "Actual Startup Time": 5464.823, "Actual Total Time": 5464.823, "Actual Rows": 1, "Actual Loops": 1, "Plans": [{"Node Type": "Aggregate", "Strategy": "Hashed", "Parent Relationship": "Outer", "Startup Cost": 1608860.8, "Total Cost": 1609454.6, "Plan Rows": 59380, "Plan Width": 32, "Actual Startup Time": 5414.615, "Actual Total Time": 5449.751, "Actual Rows": 100000, "Actual Loops": 1, "Group By Key": ["public.lineitem.l_suppkey"], "Plans": [{"Node Type": "Bitmap Heap Scan", "Parent Relationship": "Outer", "Relation Name": "lineitem", "Alias": "lineitem", "Startup Cost": 78544.19, "Total Cost": 1586191.59, "Plan Rows": 2266921, "Plan Width": 24, "Actual Startup Time": 1070.692, "Actual Total Time": 3752.897, "Actual Rows": 2293944, "Actual Loops": 1, "Recheck Cond": "((l_shipdate >= '1997-07-01 00:00:00'::timestamp(0) without time zone) AND (l_shipdate < '1997-10-01 00:00:00'::timestamp without time zone)), (LLVM Optimized, Jit Execute)", "Rows Removed by Index Recheck": 0, "Exact Heap Blocks": 732487, "Lossy Heap Blocks": 732487, "Plans": [{"Node Type": "Bitmap Index Scan", "Parent Relationship": "Outer", "Index Name": "idx_lineitem_shipdate", "Startup Cost": 0.0, "Total Cost": 77977.46, "Plan Rows": 2266921, "Plan Width": 0, "Actual Startup Time": 784.899, "Actual Total Time": 784.899, "Actual Rows": 2293944, "Actual Loops": 1, "Index Cond": "((l_shipdate >= '1997-07-01 00:00:00'::timestamp(0) without time zone) AND (l_shipdate < '1997-10-01 00:00:00'::timestamp without time zone))"}]}]}]}, {"Node Type": "Nested Loop", "Parent Relationship": "Outer", "Join Type": "Inner", "Startup Cost": 1625863.0, "Total Cost": 1882908.01, "Plan Rows": 59380, "Plan Width": 83, "Actual Startup Time": 11222.658, "Actual Total Time": 11241.85, "Actual Rows": 1, "Actual Loops": 1, "Inner Unique": true, "Plans": [{"Node Type": "Aggregate", "Strategy": "Hashed", "Parent Relationship": "Outer", "Startup Cost": 1625862.71, "Total Cost": 1626604.96, "Plan Rows": 59380, "Plan Width": 40, "Actual Startup Time": 11222.535, "Actual Total Time": 11241.516, "Actual Rows": 1, "Actual Loops": 1, "Group By Key": ["public.lineitem.l_suppkey"], "Filter": "(sum((public.lineitem.l_extendedprice * (1::double precision - public.lineitem.l_discount))) = $0), (LLVM Optimized, Jit Execute)", "Rows Removed by Filter": 99999, "Plans": [{"Node Type": "Bitmap Heap Scan", "Parent Relationship": "Outer", "Relation Name": "lineitem", "Alias": "lineitem", "Startup Cost": 78544.19, "Total Cost": 1586191.59, "Plan Rows": 2266921, "Plan Width": 24, "Actual Startup Time": 1227.767, "Actual Total Time": 4076.427, "Actual Rows": 2293944, "Actual Loops": 1, "Recheck Cond": "((l_shipdate >= '1997-07-01 00:00:00'::timestamp(0) without time zone) AND (l_shipdate < '1997-10-01 00:00:00'::timestamp without time zone)), (LLVM Optimized, Jit Execute)", "Rows Removed by Index Recheck": 0, "Exact Heap Blocks": 732487, "Lossy Heap Blocks": 732487, "Plans": [{"Node Type": "Bitmap Index Scan", "Parent Relationship": "Outer", "Index Name": "idx_lineitem_shipdate", "Startup Cost": 0.0, "Total Cost": 77977.46, "Plan Rows": 2266921, "Plan Width": 0, "Actual Startup Time": 872.627, "Actual Total Time": 872.627, "Actual Rows": 2293944, "Actual Loops": 1, "Index Cond": "((l_shipdate >= '1997-07-01 00:00:00'::timestamp(0) without time zone) AND (l_shipdate < '1997-10-01 00:00:00'::timestamp without time zone))"}]}]}, {"Node Type": "Bitmap Heap Scan", "Parent Relationship": "Inner", "Relation Name": "supplier", "Alias": "supplier", "Startup Cost": 0.28, "Total Cost": 4.3, "Plan Rows": 1, "Plan Width": 75, "Actual Startup Time": 0.098, "Actual Total Time": 0.098, "Actual Rows": 1, "Actual Loops": 1, "Recheck Cond": "(s_suppkey = public.lineitem.l_suppkey)", "Rows Removed by Index Recheck": 0, "Exact Heap Blocks": 1, "Lossy Heap Blocks": 1, "Plans": [{"Node Type": "Bitmap Index Scan", "Parent Relationship": "Outer", "Index Name": "supplier_pkey", "Startup Cost": 0.0, "Total Cost": 0.28, "Plan Rows": 1, "Plan Width": 0, "Actual Startup Time": 0.039, "Actual Total Time": 0.039, "Actual Rows": 1, "Actual Loops": 1, "Index Cond": "(s_suppkey = public.lineitem.l_suppkey)"}]}]}]}, "Triggers": [], "Planner Runtime": 0.877, "Total Runtime": 11254.72, "Unique SQL Id": 3712096918}}, "(16, '115')": {"explain_plan": {"Plan": {"Node Type": "Sort", "Startup Cost": 3497813.02, "Total Cost": 3497961.47, "Plan Rows": 59380, "Plan Width": 83, "Sort Key": ["supplier.s_suppkey"], "Plans": [{"Node Type": "Aggregate", "Strategy": "Plain", "Parent Relationship": "exec_init_plan", "Subplan Name": "InitPlan 1 (returns $0)", "Startup Cost": 1610196.85, "Total Cost": 1610196.86, "Plan Rows": 1, "Plan Width": 16, "Plans": [{"Node Type": "Aggregate", "Strategy": "Hashed", "Parent Relationship": "Outer", "Startup Cost": 1608860.8, "Total Cost": 1609454.6, "Plan Rows": 59380, "Plan Width": 32, "Group By Key": ["public.lineitem.l_suppkey"], "Plans": [{"Node Type": "Bitmap Heap Scan", "Parent Relationship": "Outer", "Relation Name": "lineitem", "Alias": "lineitem", "Startup Cost": 78544.19, "Total Cost": 1586191.59, "Plan Rows": 2266921, "Plan Width": 24, "Recheck Cond": "((l_shipdate >= '1997-07-01 00:00:00'::timestamp(0) without time zone) AND (l_shipdate < '1997-10-01 00:00:00'::timestamp without time zone)), (LLVM Optimized)", "Plans": [{"Node Type": "Bitmap Index Scan", "Parent Relationship": "Outer", "Index Name": "idx_lineitem_shipdate", "Startup Cost": 0.0, "Total Cost": 77977.46, "Plan Rows": 2266921, "Plan Width": 0, "Index Cond": "((l_shipdate >= '1997-07-01 00:00:00'::timestamp(0) without time zone) AND (l_shipdate < '1997-10-01 00:00:00'::timestamp without time zone))"}]}]}]}, {"Node Type": "Nested Loop", "Parent Relationship": "Outer", "Join Type": "Inner", "Startup Cost": 1625863.0, "Total Cost": 1882908.01, "Plan Rows": 59380, "Plan Width": 83, "Inner Unique": true, "Plans": [{"Node Type": "Aggregate", "Strategy": "Hashed", "Parent Relationship": "Outer", "Startup Cost": 1625862.71, "Total Cost": 1626604.96, "Plan Rows": 59380, "Plan Width": 40, "Group By Key": ["public.lineitem.l_suppkey"], "Filter": "(sum((public.lineitem.l_extendedprice * (1::double precision - public.lineitem.l_discount))) = $0), (LLVM Optimized)", "Plans": [{"Node Type": "Bitmap Heap Scan", "Parent Relationship": "Outer", "Relation Name": "lineitem", "Alias": "lineitem", "Startup Cost": 78544.19, "Total Cost": 1586191.59, "Plan Rows": 2266921, "Plan Width": 24, "Recheck Cond": "((l_shipdate >= '1997-07-01 00:00:00'::timestamp(0) without time zone) AND (l_shipdate < '1997-10-01 00:00:00'::timestamp without time zone)), (LLVM Optimized)", "Plans": [{"Node Type": "Bitmap Index Scan", "Parent Relationship": "Outer", "Index Name": "idx_lineitem_shipdate", "Startup Cost": 0.0, "Total Cost": 77977.46, "Plan Rows": 2266921, "Plan Width": 0, "Index Cond": "((l_shipdate >= '1997-07-01 00:00:00'::timestamp(0) without time zone) AND (l_shipdate < '1997-10-01 00:00:00'::timestamp without time zone))"}]}]}, {"Node Type": "Bitmap Heap Scan", "Parent Relationship": "Inner", "Relation Name": "supplier", "Alias": "supplier", "Startup Cost": 0.28, "Total Cost": 4.3, "Plan Rows": 1, "Plan Width": 75, "Recheck Cond": "(s_suppkey = public.lineitem.l_suppkey)", "Plans": [{"Node Type": "Bitmap Index Scan", "Parent Relationship": "Outer", "Index Name": "supplier_pkey", "Startup Cost": 0.0, "Total Cost": 0.28, "Plan Rows": 1, "Plan Width": 0, "Index Cond": "(s_suppkey = public.lineitem.l_suppkey)"}]}]}]}, "Unique SQL Id": 3712096918, "Planner Runtime": 0}, "explain_analyze_plan": {"Plan": {"Node Type": "Sort", "Startup Cost": 3497813.02, "Total Cost": 3497961.47, "Plan Rows": 59380, "Plan Width": 83, "Actual Startup Time": 11241.876, "Actual Total Time": 11241.876, "Actual Rows": 1, "Actual Loops": 1, "Sort Key": ["supplier.s_suppkey"], "Sort Method": "quicksort", "Sort Space Used": 25, "Sort Space Type": "Memory", "Plans": [{"Node Type": "Aggregate", "Strategy": "Plain", "Parent Relationship": "exec_init_plan", "Subplan Name": "InitPlan 1 (returns $0)", "Startup Cost": 1610196.85, "Total Cost": 1610196.86, "Plan Rows": 1, "Plan Width": 16, "Actual Startup Time": 5464.823, "Actual Total Time": 5464.823, "Actual Rows": 1, "Actual Loops": 1, "Plans": [{"Node Type": "Aggregate", "Strategy": "Hashed", "Parent Relationship": "Outer", "Startup Cost": 1608860.8, "Total Cost": 1609454.6, "Plan Rows": 59380, "Plan Width": 32, "Actual Startup Time": 5414.615, "Actual Total Time": 5449.751, "Actual Rows": 100000, "Actual Loops": 1, "Group By Key": ["public.lineitem.l_suppkey"], "Plans": [{"Node Type": "Bitmap Heap Scan", "Parent Relationship": "Outer", "Relation Name": "lineitem", "Alias": "lineitem", "Startup Cost": 78544.19, "Total Cost": 1586191.59, "Plan Rows": 2266921, "Plan Width": 24, "Actual Startup Time": 1070.692, "Actual Total Time": 3752.897, "Actual Rows": 2293944, "Actual Loops": 1, "Recheck Cond": "((l_shipdate >= '1997-07-01 00:00:00'::timestamp(0) without time zone) AND (l_shipdate < '1997-10-01 00:00:00'::timestamp without time zone)), (LLVM Optimized, Jit Execute)", "Rows Removed by Index Recheck": 0, "Exact Heap Blocks": 732487, "Lossy Heap Blocks": 732487, "Plans": [{"Node Type": "Bitmap Index Scan", "Parent Relationship": "Outer", "Index Name": "idx_lineitem_shipdate", "Startup Cost": 0.0, "Total Cost": 77977.46, "Plan Rows": 2266921, "Plan Width": 0, "Actual Startup Time": 784.899, "Actual Total Time": 784.899, "Actual Rows": 2293944, "Actual Loops": 1, "Index Cond": "((l_shipdate >= '1997-07-01 00:00:00'::timestamp(0) without time zone) AND (l_shipdate < '1997-10-01 00:00:00'::timestamp without time zone))"}]}]}]}, {"Node Type": "Nested Loop", "Parent Relationship": "Outer", "Join Type": "Inner", "Startup Cost": 1625863.0, "Total Cost": 1882908.01, "Plan Rows": 59380, "Plan Width": 83, "Actual Startup Time": 11222.658, "Actual Total Time": 11241.85, "Actual Rows": 1, "Actual Loops": 1, "Inner Unique": true, "Plans": [{"Node Type": "Aggregate", "Strategy": "Hashed", "Parent Relationship": "Outer", "Startup Cost": 1625862.71, "Total Cost": 1626604.96, "Plan Rows": 59380, "Plan Width": 40, "Actual Startup Time": 11222.535, "Actual Total Time": 11241.516, "Actual Rows": 1, "Actual Loops": 1, "Group By Key": ["public.lineitem.l_suppkey"], "Filter": "(sum((public.lineitem.l_extendedprice * (1::double precision - public.lineitem.l_discount))) = $0), (LLVM Optimized, Jit Execute)", "Rows Removed by Filter": 99999, "Plans": [{"Node Type": "Bitmap Heap Scan", "Parent Relationship": "Outer", "Relation Name": "lineitem", "Alias": "lineitem", "Startup Cost": 78544.19, "Total Cost": 1586191.59, "Plan Rows": 2266921, "Plan Width": 24, "Actual Startup Time": 1227.767, "Actual Total Time": 4076.427, "Actual Rows": 2293944, "Actual Loops": 1, "Recheck Cond": "((l_shipdate >= '1997-07-01 00:00:00'::timestamp(0) without time zone) AND (l_shipdate < '1997-10-01 00:00:00'::timestamp without time zone)), (LLVM Optimized, Jit Execute)", "Rows Removed by Index Recheck": 0, "Exact Heap Blocks": 732487, "Lossy Heap Blocks": 732487, "Plans": [{"Node Type": "Bitmap Index Scan", "Parent Relationship": "Outer", "Index Name": "idx_lineitem_shipdate", "Startup Cost": 0.0, "Total Cost": 77977.46, "Plan Rows": 2266921, "Plan Width": 0, "Actual Startup Time": 872.627, "Actual Total Time": 872.627, "Actual Rows": 2293944, "Actual Loops": 1, "Index Cond": "((l_shipdate >= '1997-07-01 00:00:00'::timestamp(0) without time zone) AND (l_shipdate < '1997-10-01 00:00:00'::timestamp without time zone))"}]}]}, {"Node Type": "Bitmap Heap Scan", "Parent Relationship": "Inner", "Relation Name": "supplier", "Alias": "supplier", "Startup Cost": 0.28, "Total Cost": 4.3, "Plan Rows": 1, "Plan Width": 75, "Actual Startup Time": 0.098, "Actual Total Time": 0.098, "Actual Rows": 1, "Actual Loops": 1, "Recheck Cond": "(s_suppkey = public.lineitem.l_suppkey)", "Rows Removed by Index Recheck": 0, "Exact Heap Blocks": 1, "Lossy Heap Blocks": 1, "Plans": [{"Node Type": "Bitmap Index Scan", "Parent Relationship": "Outer", "Index Name": "supplier_pkey", "Startup Cost": 0.0, "Total Cost": 0.28, "Plan Rows": 1, "Plan Width": 0, "Actual Startup Time": 0.039, "Actual Total Time": 0.039, "Actual Rows": 1, "Actual Loops": 1, "Index Cond": "(s_suppkey = public.lineitem.l_suppkey)"}]}]}]}, "Triggers": [], "Planner Runtime": 0.877, "Total Runtime": 11254.72, "Unique SQL Id": 3712096918}}, "(16, '116')": {"explain_plan": {"Plan": {"Node Type": "Sort", "Startup Cost": 3269410.17, "Total Cost": 3269558.62, "Plan Rows": 59380, "Plan Width": 83, "Sort Key": ["supplier.s_suppkey"], "Plans": [{"Node Type": "Aggregate", "Strategy": "Plain", "Parent Relationship": "exec_init_plan", "Subplan Name": "InitPlan 1 (returns $0)", "Startup Cost": 1610196.85, "Total Cost": 1610196.86, "Plan Rows": 1, "Plan Width": 16, "Plans": [{"Node Type": "Aggregate", "Strategy": "Hashed", "Parent Relationship": "Outer", "Startup Cost": 1608860.8, "Total Cost": 1609454.6, "Plan Rows": 59380, "Plan Width": 32, "Group By Key": ["public.lineitem.l_suppkey"], "Plans": [{"Node Type": "Bitmap Heap Scan", "Parent Relationship": "Outer", "Relation Name": "lineitem", "Alias": "lineitem", "Startup Cost": 78544.19, "Total Cost": 1586191.59, "Plan Rows": 2266921, "Plan Width": 24, "Recheck Cond": "((l_shipdate >= '1997-07-01 00:00:00'::timestamp(0) without time zone) AND (l_shipdate < '1997-10-01 00:00:00'::timestamp without time zone)), (LLVM Optimized)", "Plans": [{"Node Type": "Bitmap Index Scan", "Parent Relationship": "Outer", "Index Name": "idx_lineitem_shipdate", "Startup Cost": 0.0, "Total Cost": 77977.46, "Plan Rows": 2266921, "Plan Width": 0, "Index Cond": "((l_shipdate >= '1997-07-01 00:00:00'::timestamp(0) without time zone) AND (l_shipdate < '1997-10-01 00:00:00'::timestamp without time zone))"}]}]}]}, {"Node Type": "Nested Loop", "Parent Relationship": "Outer", "Join Type": "Inner", "Startup Cost": 1625862.71, "Total Cost": 1654505.16, "Plan Rows": 59380, "Plan Width": 83, "Inner Unique": true, "Plans": [{"Node Type": "Aggregate", "Strategy": "Hashed", "Parent Relationship": "Outer", "Startup Cost": 1625862.71, "Total Cost": 1626604.96, "Plan Rows": 59380, "Plan Width": 40, "Group By Key": ["public.lineitem.l_suppkey"], "Filter": "(sum((public.lineitem.l_extendedprice * (1::double precision - public.lineitem.l_discount))) = $0), (LLVM Optimized)", "Plans": [{"Node Type": "Bitmap Heap Scan", "Parent Relationship": "Outer", "Relation Name": "lineitem", "Alias": "lineitem", "Startup Cost": 78544.19, "Total Cost": 1586191.59, "Plan Rows": 2266921, "Plan Width": 24, "Recheck Cond": "((l_shipdate >= '1997-07-01 00:00:00'::timestamp(0) without time zone) AND (l_shipdate < '1997-10-01 00:00:00'::timestamp without time zone)), (LLVM Optimized)", "Plans": [{"Node Type": "Bitmap Index Scan", "Parent Relationship": "Outer", "Index Name": "idx_lineitem_shipdate", "Startup Cost": 0.0, "Total Cost": 77977.46, "Plan Rows": 2266921, "Plan Width": 0, "Index Cond": "((l_shipdate >= '1997-07-01 00:00:00'::timestamp(0) without time zone) AND (l_shipdate < '1997-10-01 00:00:00'::timestamp without time zone))"}]}]}, {"Node Type": "Index Scan", "Parent Relationship": "Inner", "Scan Direction": "Forward", "Index Name": "supplier_pkey", "Relation Name": "supplier", "Alias": "supplier", "Startup Cost": 0.0, "Total Cost": 0.45, "Plan Rows": 1, "Plan Width": 75, "Index Cond": "(s_suppkey = public.lineitem.l_suppkey)"}]}]}, "Unique SQL Id": 3712096918, "Planner Runtime": 0}, "explain_analyze_plan": {"Plan": {"Node Type": "Sort", "Startup Cost": 3269410.17, "Total Cost": 3269558.62, "Plan Rows": 59380, "Plan Width": 83, "Actual Startup Time": 11492.831, "Actual Total Time": 11492.831, "Actual Rows": 1, "Actual Loops": 1, "Sort Key": ["supplier.s_suppkey"], "Sort Method": "quicksort", "Sort Space Used": 25, "Sort Space Type": "Memory", "Plans": [{"Node Type": "Aggregate", "Strategy": "Plain", "Parent Relationship": "exec_init_plan", "Subplan Name": "InitPlan 1 (returns $0)", "Startup Cost": 1610196.85, "Total Cost": 1610196.86, "Plan Rows": 1, "Plan Width": 16, "Actual Startup Time": 5690.071, "Actual Total Time": 5690.071, "Actual Rows": 1, "Actual Loops": 1, "Plans": [{"Node Type": "Aggregate", "Strategy": "Hashed", "Parent Relationship": "Outer", "Startup Cost": 1608860.8, "Total Cost": 1609454.6, "Plan Rows": 59380, "Plan Width": 32, "Actual Startup Time": 5643.448, "Actual Total Time": 5675.14, "Actual Rows": 100000, "Actual Loops": 1, "Group By Key": ["public.lineitem.l_suppkey"], "Plans": [{"Node Type": "Bitmap Heap Scan", "Parent Relationship": "Outer", "Relation Name": "lineitem", "Alias": "lineitem", "Startup Cost": 78544.19, "Total Cost": 1586191.59, "Plan Rows": 2266921, "Plan Width": 24, "Actual Startup Time": 1063.161, "Actual Total Time": 3984.56, "Actual Rows": 2293944, "Actual Loops": 1, "Recheck Cond": "((l_shipdate >= '1997-07-01 00:00:00'::timestamp(0) without time zone) AND (l_shipdate < '1997-10-01 00:00:00'::timestamp without time zone)), (LLVM Optimized, Jit Execute)", "Rows Removed by Index Recheck": 0, "Exact Heap Blocks": 732487, "Lossy Heap Blocks": 732487, "Plans": [{"Node Type": "Bitmap Index Scan", "Parent Relationship": "Outer", "Index Name": "idx_lineitem_shipdate", "Startup Cost": 0.0, "Total Cost": 77977.46, "Plan Rows": 2266921, "Plan Width": 0, "Actual Startup Time": 741.815, "Actual Total Time": 741.815, "Actual Rows": 2293944, "Actual Loops": 1, "Index Cond": "((l_shipdate >= '1997-07-01 00:00:00'::timestamp(0) without time zone) AND (l_shipdate < '1997-10-01 00:00:00'::timestamp without time zone))"}]}]}]}, {"Node Type": "Nested Loop", "Parent Relationship": "Outer", "Join Type": "Inner", "Startup Cost": 1625862.71, "Total Cost": 1654505.16, "Plan Rows": 59380, "Plan Width": 83, "Actual Startup Time": 11470.027, "Actual Total Time": 11492.808, "Actual Rows": 1, "Actual Loops": 1, "Inner Unique": true, "Plans": [{"Node Type": "Aggregate", "Strategy": "Hashed", "Parent Relationship": "Outer", "Startup Cost": 1625862.71, "Total Cost": 1626604.96, "Plan Rows": 59380, "Plan Width": 40, "Actual Startup Time": 11469.968, "Actual Total Time": 11492.503, "Actual Rows": 1, "Actual Loops": 1, "Group By Key": ["public.lineitem.l_suppkey"], "Filter": "(sum((public.lineitem.l_extendedprice * (1::double precision - public.lineitem.l_discount))) = $0), (LLVM Optimized, Jit Execute)", "Rows Removed by Filter": 99999, "Plans": [{"Node Type": "Bitmap Heap Scan", "Parent Relationship": "Outer", "Relation Name": "lineitem", "Alias": "lineitem", "Startup Cost": 78544.19, "Total Cost": 1586191.59, "Plan Rows": 2266921, "Plan Width": 24, "Actual Startup Time": 1198.202, "Actual Total Time": 4065.356, "Actual Rows": 2293944, "Actual Loops": 1, "Recheck Cond": "((l_shipdate >= '1997-07-01 00:00:00'::timestamp(0) without time zone) AND (l_shipdate < '1997-10-01 00:00:00'::timestamp without time zone)), (LLVM Optimized, Jit Execute)", "Rows Removed by Index Recheck": 0, "Exact Heap Blocks": 732487, "Lossy Heap Blocks": 732487, "Plans": [{"Node Type": "Bitmap Index Scan", "Parent Relationship": "Outer", "Index Name": "idx_lineitem_shipdate", "Startup Cost": 0.0, "Total Cost": 77977.46, "Plan Rows": 2266921, "Plan Width": 0, "Actual Startup Time": 867.954, "Actual Total Time": 867.954, "Actual Rows": 2293944, "Actual Loops": 1, "Index Cond": "((l_shipdate >= '1997-07-01 00:00:00'::timestamp(0) without time zone) AND (l_shipdate < '1997-10-01 00:00:00'::timestamp without time zone))"}]}]}, {"Node Type": "Index Scan", "Parent Relationship": "Inner", "Scan Direction": "Forward", "Index Name": "supplier_pkey", "Relation Name": "supplier", "Alias": "supplier", "Startup Cost": 0.0, "Total Cost": 0.45, "Plan Rows": 1, "Plan Width": 75, "Actual Startup Time": 0.043, "Actual Total Time": 0.043, "Actual Rows": 1, "Actual Loops": 1, "Index Cond": "(s_suppkey = public.lineitem.l_suppkey)", "Rows Removed by Index Recheck": 0}]}]}, "Triggers": [], "Planner Runtime": 0.821, "Total Runtime": 11505.802, "Unique SQL Id": 3712096918}}, "(16, '117')": {"explain_plan": {"Plan": {"Node Type": "Sort", "Startup Cost": 3269410.17, "Total Cost": 3269558.62, "Plan Rows": 59380, "Plan Width": 83, "Sort Key": ["supplier.s_suppkey"], "Plans": [{"Node Type": "Aggregate", "Strategy": "Plain", "Parent Relationship": "exec_init_plan", "Subplan Name": "InitPlan 1 (returns $0)", "Startup Cost": 1610196.85, "Total Cost": 1610196.86, "Plan Rows": 1, "Plan Width": 16, "Plans": [{"Node Type": "Aggregate", "Strategy": "Hashed", "Parent Relationship": "Outer", "Startup Cost": 1608860.8, "Total Cost": 1609454.6, "Plan Rows": 59380, "Plan Width": 32, "Group By Key": ["public.lineitem.l_suppkey"], "Plans": [{"Node Type": "Bitmap Heap Scan", "Parent Relationship": "Outer", "Relation Name": "lineitem", "Alias": "lineitem", "Startup Cost": 78544.19, "Total Cost": 1586191.59, "Plan Rows": 2266921, "Plan Width": 24, "Recheck Cond": "((l_shipdate >= '1997-07-01 00:00:00'::timestamp(0) without time zone) AND (l_shipdate < '1997-10-01 00:00:00'::timestamp without time zone)), (LLVM Optimized)", "Plans": [{"Node Type": "Bitmap Index Scan", "Parent Relationship": "Outer", "Index Name": "idx_lineitem_shipdate", "Startup Cost": 0.0, "Total Cost": 77977.46, "Plan Rows": 2266921, "Plan Width": 0, "Index Cond": "((l_shipdate >= '1997-07-01 00:00:00'::timestamp(0) without time zone) AND (l_shipdate < '1997-10-01 00:00:00'::timestamp without time zone))"}]}]}]}, {"Node Type": "Nested Loop", "Parent Relationship": "Outer", "Join Type": "Inner", "Startup Cost": 1625862.71, "Total Cost": 1654505.16, "Plan Rows": 59380, "Plan Width": 83, "Inner Unique": true, "Plans": [{"Node Type": "Aggregate", "Strategy": "Hashed", "Parent Relationship": "Outer", "Startup Cost": 1625862.71, "Total Cost": 1626604.96, "Plan Rows": 59380, "Plan Width": 40, "Group By Key": ["public.lineitem.l_suppkey"], "Filter": "(sum((public.lineitem.l_extendedprice * (1::double precision - public.lineitem.l_discount))) = $0), (LLVM Optimized)", "Plans": [{"Node Type": "Bitmap Heap Scan", "Parent Relationship": "Outer", "Relation Name": "lineitem", "Alias": "lineitem", "Startup Cost": 78544.19, "Total Cost": 1586191.59, "Plan Rows": 2266921, "Plan Width": 24, "Recheck Cond": "((l_shipdate >= '1997-07-01 00:00:00'::timestamp(0) without time zone) AND (l_shipdate < '1997-10-01 00:00:00'::timestamp without time zone)), (LLVM Optimized)", "Plans": [{"Node Type": "Bitmap Index Scan", "Parent Relationship": "Outer", "Index Name": "idx_lineitem_shipdate", "Startup Cost": 0.0, "Total Cost": 77977.46, "Plan Rows": 2266921, "Plan Width": 0, "Index Cond": "((l_shipdate >= '1997-07-01 00:00:00'::timestamp(0) without time zone) AND (l_shipdate < '1997-10-01 00:00:00'::timestamp without time zone))"}]}]}, {"Node Type": "Index Scan", "Parent Relationship": "Inner", "Scan Direction": "Forward", "Index Name": "supplier_pkey", "Relation Name": "supplier", "Alias": "supplier", "Startup Cost": 0.0, "Total Cost": 0.45, "Plan Rows": 1, "Plan Width": 75, "Index Cond": "(s_suppkey = public.lineitem.l_suppkey)"}]}]}, "Unique SQL Id": 3712096918, "Planner Runtime": 0}, "explain_analyze_plan": {"Plan": {"Node Type": "Sort", "Startup Cost": 3269410.17, "Total Cost": 3269558.62, "Plan Rows": 59380, "Plan Width": 83, "Actual Startup Time": 11492.831, "Actual Total Time": 11492.831, "Actual Rows": 1, "Actual Loops": 1, "Sort Key": ["supplier.s_suppkey"], "Sort Method": "quicksort", "Sort Space Used": 25, "Sort Space Type": "Memory", "Plans": [{"Node Type": "Aggregate", "Strategy": "Plain", "Parent Relationship": "exec_init_plan", "Subplan Name": "InitPlan 1 (returns $0)", "Startup Cost": 1610196.85, "Total Cost": 1610196.86, "Plan Rows": 1, "Plan Width": 16, "Actual Startup Time": 5690.071, "Actual Total Time": 5690.071, "Actual Rows": 1, "Actual Loops": 1, "Plans": [{"Node Type": "Aggregate", "Strategy": "Hashed", "Parent Relationship": "Outer", "Startup Cost": 1608860.8, "Total Cost": 1609454.6, "Plan Rows": 59380, "Plan Width": 32, "Actual Startup Time": 5643.448, "Actual Total Time": 5675.14, "Actual Rows": 100000, "Actual Loops": 1, "Group By Key": ["public.lineitem.l_suppkey"], "Plans": [{"Node Type": "Bitmap Heap Scan", "Parent Relationship": "Outer", "Relation Name": "lineitem", "Alias": "lineitem", "Startup Cost": 78544.19, "Total Cost": 1586191.59, "Plan Rows": 2266921, "Plan Width": 24, "Actual Startup Time": 1063.161, "Actual Total Time": 3984.56, "Actual Rows": 2293944, "Actual Loops": 1, "Recheck Cond": "((l_shipdate >= '1997-07-01 00:00:00'::timestamp(0) without time zone) AND (l_shipdate < '1997-10-01 00:00:00'::timestamp without time zone)), (LLVM Optimized, Jit Execute)", "Rows Removed by Index Recheck": 0, "Exact Heap Blocks": 732487, "Lossy Heap Blocks": 732487, "Plans": [{"Node Type": "Bitmap Index Scan", "Parent Relationship": "Outer", "Index Name": "idx_lineitem_shipdate", "Startup Cost": 0.0, "Total Cost": 77977.46, "Plan Rows": 2266921, "Plan Width": 0, "Actual Startup Time": 741.815, "Actual Total Time": 741.815, "Actual Rows": 2293944, "Actual Loops": 1, "Index Cond": "((l_shipdate >= '1997-07-01 00:00:00'::timestamp(0) without time zone) AND (l_shipdate < '1997-10-01 00:00:00'::timestamp without time zone))"}]}]}]}, {"Node Type": "Nested Loop", "Parent Relationship": "Outer", "Join Type": "Inner", "Startup Cost": 1625862.71, "Total Cost": 1654505.16, "Plan Rows": 59380, "Plan Width": 83, "Actual Startup Time": 11470.027, "Actual Total Time": 11492.808, "Actual Rows": 1, "Actual Loops": 1, "Inner Unique": true, "Plans": [{"Node Type": "Aggregate", "Strategy": "Hashed", "Parent Relationship": "Outer", "Startup Cost": 1625862.71, "Total Cost": 1626604.96, "Plan Rows": 59380, "Plan Width": 40, "Actual Startup Time": 11469.968, "Actual Total Time": 11492.503, "Actual Rows": 1, "Actual Loops": 1, "Group By Key": ["public.lineitem.l_suppkey"], "Filter": "(sum((public.lineitem.l_extendedprice * (1::double precision - public.lineitem.l_discount))) = $0), (LLVM Optimized, Jit Execute)", "Rows Removed by Filter": 99999, "Plans": [{"Node Type": "Bitmap Heap Scan", "Parent Relationship": "Outer", "Relation Name": "lineitem", "Alias": "lineitem", "Startup Cost": 78544.19, "Total Cost": 1586191.59, "Plan Rows": 2266921, "Plan Width": 24, "Actual Startup Time": 1198.202, "Actual Total Time": 4065.356, "Actual Rows": 2293944, "Actual Loops": 1, "Recheck Cond": "((l_shipdate >= '1997-07-01 00:00:00'::timestamp(0) without time zone) AND (l_shipdate < '1997-10-01 00:00:00'::timestamp without time zone)), (LLVM Optimized, Jit Execute)", "Rows Removed by Index Recheck": 0, "Exact Heap Blocks": 732487, "Lossy Heap Blocks": 732487, "Plans": [{"Node Type": "Bitmap Index Scan", "Parent Relationship": "Outer", "Index Name": "idx_lineitem_shipdate", "Startup Cost": 0.0, "Total Cost": 77977.46, "Plan Rows": 2266921, "Plan Width": 0, "Actual Startup Time": 867.954, "Actual Total Time": 867.954, "Actual Rows": 2293944, "Actual Loops": 1, "Index Cond": "((l_shipdate >= '1997-07-01 00:00:00'::timestamp(0) without time zone) AND (l_shipdate < '1997-10-01 00:00:00'::timestamp without time zone))"}]}]}, {"Node Type": "Index Scan", "Parent Relationship": "Inner", "Scan Direction": "Forward", "Index Name": "supplier_pkey", "Relation Name": "supplier", "Alias": "supplier", "Startup Cost": 0.0, "Total Cost": 0.45, "Plan Rows": 1, "Plan Width": 75, "Actual Startup Time": 0.043, "Actual Total Time": 0.043, "Actual Rows": 1, "Actual Loops": 1, "Index Cond": "(s_suppkey = public.lineitem.l_suppkey)", "Rows Removed by Index Recheck": 0}]}]}, "Triggers": [], "Planner Runtime": 0.821, "Total Runtime": 11505.802, "Unique SQL Id": 3712096918}}, "(16, '118')": {"explain_plan": {"Plan": {"Node Type": "Sort", "Startup Cost": 3497813.02, "Total Cost": 3497961.47, "Plan Rows": 59380, "Plan Width": 83, "Sort Key": ["supplier.s_suppkey"], "Plans": [{"Node Type": "Aggregate", "Strategy": "Plain", "Parent Relationship": "exec_init_plan", "Subplan Name": "InitPlan 1 (returns $0)", "Startup Cost": 1610196.85, "Total Cost": 1610196.86, "Plan Rows": 1, "Plan Width": 16, "Plans": [{"Node Type": "Aggregate", "Strategy": "Hashed", "Parent Relationship": "Outer", "Startup Cost": 1608860.8, "Total Cost": 1609454.6, "Plan Rows": 59380, "Plan Width": 32, "Group By Key": ["public.lineitem.l_suppkey"], "Plans": [{"Node Type": "Bitmap Heap Scan", "Parent Relationship": "Outer", "Relation Name": "lineitem", "Alias": "lineitem", "Startup Cost": 78544.19, "Total Cost": 1586191.59, "Plan Rows": 2266921, "Plan Width": 24, "Recheck Cond": "((l_shipdate >= '1997-07-01 00:00:00'::timestamp(0) without time zone) AND (l_shipdate < '1997-10-01 00:00:00'::timestamp without time zone)), (LLVM Optimized)", "Plans": [{"Node Type": "Bitmap Index Scan", "Parent Relationship": "Outer", "Index Name": "idx_lineitem_shipdate", "Startup Cost": 0.0, "Total Cost": 77977.46, "Plan Rows": 2266921, "Plan Width": 0, "Index Cond": "((l_shipdate >= '1997-07-01 00:00:00'::timestamp(0) without time zone) AND (l_shipdate < '1997-10-01 00:00:00'::timestamp without time zone))"}]}]}]}, {"Node Type": "Nested Loop", "Parent Relationship": "Outer", "Join Type": "Inner", "Startup Cost": 1625863.0, "Total Cost": 1882908.01, "Plan Rows": 59380, "Plan Width": 83, "Inner Unique": true, "Plans": [{"Node Type": "Aggregate", "Strategy": "Hashed", "Parent Relationship": "Outer", "Startup Cost": 1625862.71, "Total Cost": 1626604.96, "Plan Rows": 59380, "Plan Width": 40, "Group By Key": ["public.lineitem.l_suppkey"], "Filter": "(sum((public.lineitem.l_extendedprice * (1::double precision - public.lineitem.l_discount))) = $0), (LLVM Optimized)", "Plans": [{"Node Type": "Bitmap Heap Scan", "Parent Relationship": "Outer", "Relation Name": "lineitem", "Alias": "lineitem", "Startup Cost": 78544.19, "Total Cost": 1586191.59, "Plan Rows": 2266921, "Plan Width": 24, "Recheck Cond": "((l_shipdate >= '1997-07-01 00:00:00'::timestamp(0) without time zone) AND (l_shipdate < '1997-10-01 00:00:00'::timestamp without time zone)), (LLVM Optimized)", "Plans": [{"Node Type": "Bitmap Index Scan", "Parent Relationship": "Outer", "Index Name": "idx_lineitem_shipdate", "Startup Cost": 0.0, "Total Cost": 77977.46, "Plan Rows": 2266921, "Plan Width": 0, "Index Cond": "((l_shipdate >= '1997-07-01 00:00:00'::timestamp(0) without time zone) AND (l_shipdate < '1997-10-01 00:00:00'::timestamp without time zone))"}]}]}, {"Node Type": "Bitmap Heap Scan", "Parent Relationship": "Inner", "Relation Name": "supplier", "Alias": "supplier", "Startup Cost": 0.28, "Total Cost": 4.3, "Plan Rows": 1, "Plan Width": 75, "Recheck Cond": "(s_suppkey = public.lineitem.l_suppkey)", "Plans": [{"Node Type": "Bitmap Index Scan", "Parent Relationship": "Outer", "Index Name": "supplier_pkey", "Startup Cost": 0.0, "Total Cost": 0.28, "Plan Rows": 1, "Plan Width": 0, "Index Cond": "(s_suppkey = public.lineitem.l_suppkey)"}]}]}]}, "Unique SQL Id": 3712096918, "Planner Runtime": 0}, "explain_analyze_plan": {"Plan": {"Node Type": "Sort", "Startup Cost": 3497813.02, "Total Cost": 3497961.47, "Plan Rows": 59380, "Plan Width": 83, "Actual Startup Time": 11241.876, "Actual Total Time": 11241.876, "Actual Rows": 1, "Actual Loops": 1, "Sort Key": ["supplier.s_suppkey"], "Sort Method": "quicksort", "Sort Space Used": 25, "Sort Space Type": "Memory", "Plans": [{"Node Type": "Aggregate", "Strategy": "Plain", "Parent Relationship": "exec_init_plan", "Subplan Name": "InitPlan 1 (returns $0)", "Startup Cost": 1610196.85, "Total Cost": 1610196.86, "Plan Rows": 1, "Plan Width": 16, "Actual Startup Time": 5464.823, "Actual Total Time": 5464.823, "Actual Rows": 1, "Actual Loops": 1, "Plans": [{"Node Type": "Aggregate", "Strategy": "Hashed", "Parent Relationship": "Outer", "Startup Cost": 1608860.8, "Total Cost": 1609454.6, "Plan Rows": 59380, "Plan Width": 32, "Actual Startup Time": 5414.615, "Actual Total Time": 5449.751, "Actual Rows": 100000, "Actual Loops": 1, "Group By Key": ["public.lineitem.l_suppkey"], "Plans": [{"Node Type": "Bitmap Heap Scan", "Parent Relationship": "Outer", "Relation Name": "lineitem", "Alias": "lineitem", "Startup Cost": 78544.19, "Total Cost": 1586191.59, "Plan Rows": 2266921, "Plan Width": 24, "Actual Startup Time": 1070.692, "Actual Total Time": 3752.897, "Actual Rows": 2293944, "Actual Loops": 1, "Recheck Cond": "((l_shipdate >= '1997-07-01 00:00:00'::timestamp(0) without time zone) AND (l_shipdate < '1997-10-01 00:00:00'::timestamp without time zone)), (LLVM Optimized, Jit Execute)", "Rows Removed by Index Recheck": 0, "Exact Heap Blocks": 732487, "Lossy Heap Blocks": 732487, "Plans": [{"Node Type": "Bitmap Index Scan", "Parent Relationship": "Outer", "Index Name": "idx_lineitem_shipdate", "Startup Cost": 0.0, "Total Cost": 77977.46, "Plan Rows": 2266921, "Plan Width": 0, "Actual Startup Time": 784.899, "Actual Total Time": 784.899, "Actual Rows": 2293944, "Actual Loops": 1, "Index Cond": "((l_shipdate >= '1997-07-01 00:00:00'::timestamp(0) without time zone) AND (l_shipdate < '1997-10-01 00:00:00'::timestamp without time zone))"}]}]}]}, {"Node Type": "Nested Loop", "Parent Relationship": "Outer", "Join Type": "Inner", "Startup Cost": 1625863.0, "Total Cost": 1882908.01, "Plan Rows": 59380, "Plan Width": 83, "Actual Startup Time": 11222.658, "Actual Total Time": 11241.85, "Actual Rows": 1, "Actual Loops": 1, "Inner Unique": true, "Plans": [{"Node Type": "Aggregate", "Strategy": "Hashed", "Parent Relationship": "Outer", "Startup Cost": 1625862.71, "Total Cost": 1626604.96, "Plan Rows": 59380, "Plan Width": 40, "Actual Startup Time": 11222.535, "Actual Total Time": 11241.516, "Actual Rows": 1, "Actual Loops": 1, "Group By Key": ["public.lineitem.l_suppkey"], "Filter": "(sum((public.lineitem.l_extendedprice * (1::double precision - public.lineitem.l_discount))) = $0), (LLVM Optimized, Jit Execute)", "Rows Removed by Filter": 99999, "Plans": [{"Node Type": "Bitmap Heap Scan", "Parent Relationship": "Outer", "Relation Name": "lineitem", "Alias": "lineitem", "Startup Cost": 78544.19, "Total Cost": 1586191.59, "Plan Rows": 2266921, "Plan Width": 24, "Actual Startup Time": 1227.767, "Actual Total Time": 4076.427, "Actual Rows": 2293944, "Actual Loops": 1, "Recheck Cond": "((l_shipdate >= '1997-07-01 00:00:00'::timestamp(0) without time zone) AND (l_shipdate < '1997-10-01 00:00:00'::timestamp without time zone)), (LLVM Optimized, Jit Execute)", "Rows Removed by Index Recheck": 0, "Exact Heap Blocks": 732487, "Lossy Heap Blocks": 732487, "Plans": [{"Node Type": "Bitmap Index Scan", "Parent Relationship": "Outer", "Index Name": "idx_lineitem_shipdate", "Startup Cost": 0.0, "Total Cost": 77977.46, "Plan Rows": 2266921, "Plan Width": 0, "Actual Startup Time": 872.627, "Actual Total Time": 872.627, "Actual Rows": 2293944, "Actual Loops": 1, "Index Cond": "((l_shipdate >= '1997-07-01 00:00:00'::timestamp(0) without time zone) AND (l_shipdate < '1997-10-01 00:00:00'::timestamp without time zone))"}]}]}, {"Node Type": "Bitmap Heap Scan", "Parent Relationship": "Inner", "Relation Name": "supplier", "Alias": "supplier", "Startup Cost": 0.28, "Total Cost": 4.3, "Plan Rows": 1, "Plan Width": 75, "Actual Startup Time": 0.098, "Actual Total Time": 0.098, "Actual Rows": 1, "Actual Loops": 1, "Recheck Cond": "(s_suppkey = public.lineitem.l_suppkey)", "Rows Removed by Index Recheck": 0, "Exact Heap Blocks": 1, "Lossy Heap Blocks": 1, "Plans": [{"Node Type": "Bitmap Index Scan", "Parent Relationship": "Outer", "Index Name": "supplier_pkey", "Startup Cost": 0.0, "Total Cost": 0.28, "Plan Rows": 1, "Plan Width": 0, "Actual Startup Time": 0.039, "Actual Total Time": 0.039, "Actual Rows": 1, "Actual Loops": 1, "Index Cond": "(s_suppkey = public.lineitem.l_suppkey)"}]}]}]}, "Triggers": [], "Planner Runtime": 0.877, "Total Runtime": 11254.72, "Unique SQL Id": 3712096918}}, "(16, '119')": {"explain_plan": {"Plan": {"Node Type": "Sort", "Startup Cost": 3497813.02, "Total Cost": 3497961.47, "Plan Rows": 59380, "Plan Width": 83, "Sort Key": ["supplier.s_suppkey"], "Plans": [{"Node Type": "Aggregate", "Strategy": "Plain", "Parent Relationship": "exec_init_plan", "Subplan Name": "InitPlan 1 (returns $0)", "Startup Cost": 1610196.85, "Total Cost": 1610196.86, "Plan Rows": 1, "Plan Width": 16, "Plans": [{"Node Type": "Aggregate", "Strategy": "Hashed", "Parent Relationship": "Outer", "Startup Cost": 1608860.8, "Total Cost": 1609454.6, "Plan Rows": 59380, "Plan Width": 32, "Group By Key": ["public.lineitem.l_suppkey"], "Plans": [{"Node Type": "Bitmap Heap Scan", "Parent Relationship": "Outer", "Relation Name": "lineitem", "Alias": "lineitem", "Startup Cost": 78544.19, "Total Cost": 1586191.59, "Plan Rows": 2266921, "Plan Width": 24, "Recheck Cond": "((l_shipdate >= '1997-07-01 00:00:00'::timestamp(0) without time zone) AND (l_shipdate < '1997-10-01 00:00:00'::timestamp without time zone)), (LLVM Optimized)", "Plans": [{"Node Type": "Bitmap Index Scan", "Parent Relationship": "Outer", "Index Name": "idx_lineitem_shipdate", "Startup Cost": 0.0, "Total Cost": 77977.46, "Plan Rows": 2266921, "Plan Width": 0, "Index Cond": "((l_shipdate >= '1997-07-01 00:00:00'::timestamp(0) without time zone) AND (l_shipdate < '1997-10-01 00:00:00'::timestamp without time zone))"}]}]}]}, {"Node Type": "Nested Loop", "Parent Relationship": "Outer", "Join Type": "Inner", "Startup Cost": 1625863.0, "Total Cost": 1882908.01, "Plan Rows": 59380, "Plan Width": 83, "Inner Unique": true, "Plans": [{"Node Type": "Aggregate", "Strategy": "Hashed", "Parent Relationship": "Outer", "Startup Cost": 1625862.71, "Total Cost": 1626604.96, "Plan Rows": 59380, "Plan Width": 40, "Group By Key": ["public.lineitem.l_suppkey"], "Filter": "(sum((public.lineitem.l_extendedprice * (1::double precision - public.lineitem.l_discount))) = $0), (LLVM Optimized)", "Plans": [{"Node Type": "Bitmap Heap Scan", "Parent Relationship": "Outer", "Relation Name": "lineitem", "Alias": "lineitem", "Startup Cost": 78544.19, "Total Cost": 1586191.59, "Plan Rows": 2266921, "Plan Width": 24, "Recheck Cond": "((l_shipdate >= '1997-07-01 00:00:00'::timestamp(0) without time zone) AND (l_shipdate < '1997-10-01 00:00:00'::timestamp without time zone)), (LLVM Optimized)", "Plans": [{"Node Type": "Bitmap Index Scan", "Parent Relationship": "Outer", "Index Name": "idx_lineitem_shipdate", "Startup Cost": 0.0, "Total Cost": 77977.46, "Plan Rows": 2266921, "Plan Width": 0, "Index Cond": "((l_shipdate >= '1997-07-01 00:00:00'::timestamp(0) without time zone) AND (l_shipdate < '1997-10-01 00:00:00'::timestamp without time zone))"}]}]}, {"Node Type": "Bitmap Heap Scan", "Parent Relationship": "Inner", "Relation Name": "supplier", "Alias": "supplier", "Startup Cost": 0.28, "Total Cost": 4.3, "Plan Rows": 1, "Plan Width": 75, "Recheck Cond": "(s_suppkey = public.lineitem.l_suppkey)", "Plans": [{"Node Type": "Bitmap Index Scan", "Parent Relationship": "Outer", "Index Name": "supplier_pkey", "Startup Cost": 0.0, "Total Cost": 0.28, "Plan Rows": 1, "Plan Width": 0, "Index Cond": "(s_suppkey = public.lineitem.l_suppkey)"}]}]}]}, "Unique SQL Id": 3712096918, "Planner Runtime": 0}, "explain_analyze_plan": {"Plan": {"Node Type": "Sort", "Startup Cost": 3497813.02, "Total Cost": 3497961.47, "Plan Rows": 59380, "Plan Width": 83, "Actual Startup Time": 11241.876, "Actual Total Time": 11241.876, "Actual Rows": 1, "Actual Loops": 1, "Sort Key": ["supplier.s_suppkey"], "Sort Method": "quicksort", "Sort Space Used": 25, "Sort Space Type": "Memory", "Plans": [{"Node Type": "Aggregate", "Strategy": "Plain", "Parent Relationship": "exec_init_plan", "Subplan Name": "InitPlan 1 (returns $0)", "Startup Cost": 1610196.85, "Total Cost": 1610196.86, "Plan Rows": 1, "Plan Width": 16, "Actual Startup Time": 5464.823, "Actual Total Time": 5464.823, "Actual Rows": 1, "Actual Loops": 1, "Plans": [{"Node Type": "Aggregate", "Strategy": "Hashed", "Parent Relationship": "Outer", "Startup Cost": 1608860.8, "Total Cost": 1609454.6, "Plan Rows": 59380, "Plan Width": 32, "Actual Startup Time": 5414.615, "Actual Total Time": 5449.751, "Actual Rows": 100000, "Actual Loops": 1, "Group By Key": ["public.lineitem.l_suppkey"], "Plans": [{"Node Type": "Bitmap Heap Scan", "Parent Relationship": "Outer", "Relation Name": "lineitem", "Alias": "lineitem", "Startup Cost": 78544.19, "Total Cost": 1586191.59, "Plan Rows": 2266921, "Plan Width": 24, "Actual Startup Time": 1070.692, "Actual Total Time": 3752.897, "Actual Rows": 2293944, "Actual Loops": 1, "Recheck Cond": "((l_shipdate >= '1997-07-01 00:00:00'::timestamp(0) without time zone) AND (l_shipdate < '1997-10-01 00:00:00'::timestamp without time zone)), (LLVM Optimized, Jit Execute)", "Rows Removed by Index Recheck": 0, "Exact Heap Blocks": 732487, "Lossy Heap Blocks": 732487, "Plans": [{"Node Type": "Bitmap Index Scan", "Parent Relationship": "Outer", "Index Name": "idx_lineitem_shipdate", "Startup Cost": 0.0, "Total Cost": 77977.46, "Plan Rows": 2266921, "Plan Width": 0, "Actual Startup Time": 784.899, "Actual Total Time": 784.899, "Actual Rows": 2293944, "Actual Loops": 1, "Index Cond": "((l_shipdate >= '1997-07-01 00:00:00'::timestamp(0) without time zone) AND (l_shipdate < '1997-10-01 00:00:00'::timestamp without time zone))"}]}]}]}, {"Node Type": "Nested Loop", "Parent Relationship": "Outer", "Join Type": "Inner", "Startup Cost": 1625863.0, "Total Cost": 1882908.01, "Plan Rows": 59380, "Plan Width": 83, "Actual Startup Time": 11222.658, "Actual Total Time": 11241.85, "Actual Rows": 1, "Actual Loops": 1, "Inner Unique": true, "Plans": [{"Node Type": "Aggregate", "Strategy": "Hashed", "Parent Relationship": "Outer", "Startup Cost": 1625862.71, "Total Cost": 1626604.96, "Plan Rows": 59380, "Plan Width": 40, "Actual Startup Time": 11222.535, "Actual Total Time": 11241.516, "Actual Rows": 1, "Actual Loops": 1, "Group By Key": ["public.lineitem.l_suppkey"], "Filter": "(sum((public.lineitem.l_extendedprice * (1::double precision - public.lineitem.l_discount))) = $0), (LLVM Optimized, Jit Execute)", "Rows Removed by Filter": 99999, "Plans": [{"Node Type": "Bitmap Heap Scan", "Parent Relationship": "Outer", "Relation Name": "lineitem", "Alias": "lineitem", "Startup Cost": 78544.19, "Total Cost": 1586191.59, "Plan Rows": 2266921, "Plan Width": 24, "Actual Startup Time": 1227.767, "Actual Total Time": 4076.427, "Actual Rows": 2293944, "Actual Loops": 1, "Recheck Cond": "((l_shipdate >= '1997-07-01 00:00:00'::timestamp(0) without time zone) AND (l_shipdate < '1997-10-01 00:00:00'::timestamp without time zone)), (LLVM Optimized, Jit Execute)", "Rows Removed by Index Recheck": 0, "Exact Heap Blocks": 732487, "Lossy Heap Blocks": 732487, "Plans": [{"Node Type": "Bitmap Index Scan", "Parent Relationship": "Outer", "Index Name": "idx_lineitem_shipdate", "Startup Cost": 0.0, "Total Cost": 77977.46, "Plan Rows": 2266921, "Plan Width": 0, "Actual Startup Time": 872.627, "Actual Total Time": 872.627, "Actual Rows": 2293944, "Actual Loops": 1, "Index Cond": "((l_shipdate >= '1997-07-01 00:00:00'::timestamp(0) without time zone) AND (l_shipdate < '1997-10-01 00:00:00'::timestamp without time zone))"}]}]}, {"Node Type": "Bitmap Heap Scan", "Parent Relationship": "Inner", "Relation Name": "supplier", "Alias": "supplier", "Startup Cost": 0.28, "Total Cost": 4.3, "Plan Rows": 1, "Plan Width": 75, "Actual Startup Time": 0.098, "Actual Total Time": 0.098, "Actual Rows": 1, "Actual Loops": 1, "Recheck Cond": "(s_suppkey = public.lineitem.l_suppkey)", "Rows Removed by Index Recheck": 0, "Exact Heap Blocks": 1, "Lossy Heap Blocks": 1, "Plans": [{"Node Type": "Bitmap Index Scan", "Parent Relationship": "Outer", "Index Name": "supplier_pkey", "Startup Cost": 0.0, "Total Cost": 0.28, "Plan Rows": 1, "Plan Width": 0, "Actual Startup Time": 0.039, "Actual Total Time": 0.039, "Actual Rows": 1, "Actual Loops": 1, "Index Cond": "(s_suppkey = public.lineitem.l_suppkey)"}]}]}]}, "Triggers": [], "Planner Runtime": 0.877, "Total Runtime": 11254.72, "Unique SQL Id": 3712096918}}, "(16, '120')": {"explain_plan": {"Plan": {"Node Type": "Sort", "Startup Cost": 4727127.98, "Total Cost": 4727276.43, "Plan Rows": 59380, "Plan Width": 83, "Sort Key": ["supplier.s_suppkey"], "Plans": [{"Node Type": "Aggregate", "Strategy": "Plain", "Parent Relationship": "exec_init_plan", "Subplan Name": "InitPlan 1 (returns $0)", "Startup Cost": 2339055.76, "Total Cost": 2339055.77, "Plan Rows": 1, "Plan Width": 16, "Plans": [{"Node Type": "Aggregate", "Strategy": "Hashed", "Parent Relationship": "Outer", "Startup Cost": 2337719.71, "Total Cost": 2338313.51, "Plan Rows": 59380, "Plan Width": 32, "Group By Key": ["public.lineitem.l_suppkey"], "Plans": [{"Node Type": "Seq Scan", "Parent Relationship": "Outer", "Relation Name": "lineitem", "Alias": "lineitem", "Startup Cost": 25.28, "Total Cost": 2315050.5, "Plan Rows": 2266921, "Plan Width": 24, "Filter": "((l_shipdate >= '1997-07-01 00:00:00'::timestamp(0) without time zone) AND (l_shipdate < '1997-10-01 00:00:00'::timestamp without time zone)), (LLVM Optimized)"}]}]}, {"Node Type": "Nested Loop", "Parent Relationship": "Outer", "Join Type": "Inner", "Startup Cost": 2354721.61, "Total Cost": 2383364.06, "Plan Rows": 59380, "Plan Width": 83, "Inner Unique": true, "Plans": [{"Node Type": "Aggregate", "Strategy": "Hashed", "Parent Relationship": "Outer", "Startup Cost": 2354721.61, "Total Cost": 2355463.86, "Plan Rows": 59380, "Plan Width": 40, "Group By Key": ["public.lineitem.l_suppkey"], "Filter": "(sum((public.lineitem.l_extendedprice * (1::double precision - public.lineitem.l_discount))) = $0), (LLVM Optimized)", "Plans": [{"Node Type": "Seq Scan", "Parent Relationship": "Outer", "Relation Name": "lineitem", "Alias": "lineitem", "Startup Cost": 25.28, "Total Cost": 2315050.5, "Plan Rows": 2266921, "Plan Width": 24, "Filter": "((l_shipdate >= '1997-07-01 00:00:00'::timestamp(0) without time zone) AND (l_shipdate < '1997-10-01 00:00:00'::timestamp without time zone)), (LLVM Optimized)"}]}, {"Node Type": "Index Scan", "Parent Relationship": "Inner", "Scan Direction": "Forward", "Index Name": "supplier_pkey", "Relation Name": "supplier", "Alias": "supplier", "Startup Cost": 0.0, "Total Cost": 0.45, "Plan Rows": 1, "Plan Width": 75, "Index Cond": "(s_suppkey = public.lineitem.l_suppkey)"}]}]}, "Unique SQL Id": 3712096918, "Planner Runtime": 0}, "explain_analyze_plan": null}, "(16, '121')": {"explain_plan": {"Plan": {"Node Type": "Sort", "Startup Cost": 10368528.3, "Total Cost": 10368676.75, "Plan Rows": 59380, "Plan Width": 83, "Sort Key": ["supplier.s_suppkey"], "Plans": [{"Node Type": "Aggregate", "Strategy": "Plain", "Parent Relationship": "exec_init_plan", "Subplan Name": "InitPlan 1 (returns $0)", "Startup Cost": 5159755.92, "Total Cost": 5159755.93, "Plan Rows": 1, "Plan Width": 16, "Plans": [{"Node Type": "Aggregate", "Strategy": "Hashed", "Parent Relationship": "Outer", "Startup Cost": 5158419.87, "Total Cost": 5159013.67, "Plan Rows": 59380, "Plan Width": 32, "Group By Key": ["public.lineitem.l_suppkey"], "Plans": [{"Node Type": "Index Scan", "Parent Relationship": "Outer", "Scan Direction": "Forward", "Index Name": "idx_lineitem_shipdate", "Relation Name": "lineitem", "Alias": "lineitem", "Startup Cost": 0.0, "Total Cost": 5135750.66, "Plan Rows": 2266921, "Plan Width": 24, "Index Cond": "((l_shipdate >= '1997-07-01 00:00:00'::timestamp(0) without time zone) AND (l_shipdate < '1997-10-01 00:00:00'::timestamp without time zone)), (LLVM Optimized)"}]}]}, {"Node Type": "Nested Loop", "Parent Relationship": "Outer", "Join Type": "Inner", "Startup Cost": 5175421.77, "Total Cost": 5204064.22, "Plan Rows": 59380, "Plan Width": 83, "Inner Unique": true, "Plans": [{"Node Type": "Aggregate", "Strategy": "Hashed", "Parent Relationship": "Outer", "Startup Cost": 5175421.77, "Total Cost": 5176164.02, "Plan Rows": 59380, "Plan Width": 40, "Group By Key": ["public.lineitem.l_suppkey"], "Filter": "(sum((public.lineitem.l_extendedprice * (1::double precision - public.lineitem.l_discount))) = $0), (LLVM Optimized)", "Plans": [{"Node Type": "Index Scan", "Parent Relationship": "Outer", "Scan Direction": "Forward", "Index Name": "idx_lineitem_shipdate", "Relation Name": "lineitem", "Alias": "lineitem", "Startup Cost": 0.0, "Total Cost": 5135750.66, "Plan Rows": 2266921, "Plan Width": 24, "Index Cond": "((l_shipdate >= '1997-07-01 00:00:00'::timestamp(0) without time zone) AND (l_shipdate < '1997-10-01 00:00:00'::timestamp without time zone)), (LLVM Optimized)"}]}, {"Node Type": "Index Scan", "Parent Relationship": "Inner", "Scan Direction": "Forward", "Index Name": "supplier_pkey", "Relation Name": "supplier", "Alias": "supplier", "Startup Cost": 0.0, "Total Cost": 0.45, "Plan Rows": 1, "Plan Width": 75, "Index Cond": "(s_suppkey = public.lineitem.l_suppkey)"}]}]}, "Unique SQL Id": 3712096918, "Planner Runtime": 0}, "explain_analyze_plan": {"Plan": {"Node Type": "Sort", "Startup Cost": 10368528.3, "Total Cost": 10368676.75, "Plan Rows": 59380, "Plan Width": 83, "Actual Startup Time": 15978.075, "Actual Total Time": 15978.076, "Actual Rows": 1, "Actual Loops": 1, "Sort Key": ["supplier.s_suppkey"], "Sort Method": "quicksort", "Sort Space Used": 25, "Sort Space Type": "Memory", "Plans": [{"Node Type": "Aggregate", "Strategy": "Plain", "Parent Relationship": "exec_init_plan", "Subplan Name": "InitPlan 1 (returns $0)", "Startup Cost": 5159755.92, "Total Cost": 5159755.93, "Plan Rows": 1, "Plan Width": 16, "Actual Startup Time": 7901.47, "Actual Total Time": 7901.47, "Actual Rows": 1, "Actual Loops": 1, "Plans": [{"Node Type": "Aggregate", "Strategy": "Hashed", "Parent Relationship": "Outer", "Startup Cost": 5158419.87, "Total Cost": 5159013.67, "Plan Rows": 59380, "Plan Width": 32, "Actual Startup Time": 7852.772, "Actual Total Time": 7886.566, "Actual Rows": 100000, "Actual Loops": 1, "Group By Key": ["public.lineitem.l_suppkey"], "Plans": [{"Node Type": "Index Scan", "Parent Relationship": "Outer", "Scan Direction": "Forward", "Index Name": "idx_lineitem_shipdate", "Relation Name": "lineitem", "Alias": "lineitem", "Startup Cost": 0.0, "Total Cost": 5135750.66, "Plan Rows": 2266921, "Plan Width": 24, "Actual Startup Time": 0.065, "Actual Total Time": 5901.116, "Actual Rows": 2293944, "Actual Loops": 1, "Index Cond": "((l_shipdate >= '1997-07-01 00:00:00'::timestamp(0) without time zone) AND (l_shipdate < '1997-10-01 00:00:00'::timestamp without time zone)), (LLVM Optimized, Jit Execute)", "Rows Removed by Index Recheck": 0}]}]}, {"Node Type": "Nested Loop", "Parent Relationship": "Outer", "Join Type": "Inner", "Startup Cost": 5175421.77, "Total Cost": 5204064.22, "Plan Rows": 59380, "Plan Width": 83, "Actual Startup Time": 15941.949, "Actual Total Time": 15978.05, "Actual Rows": 1, "Actual Loops": 1, "Inner Unique": true, "Plans": [{"Node Type": "Aggregate", "Strategy": "Hashed", "Parent Relationship": "Outer", "Startup Cost": 5175421.77, "Total Cost": 5176164.02, "Plan Rows": 59380, "Plan Width": 40, "Actual Startup Time": 15941.901, "Actual Total Time": 15977.732, "Actual Rows": 1, "Actual Loops": 1, "Group By Key": ["public.lineitem.l_suppkey"], "Filter": "(sum((public.lineitem.l_extendedprice * (1::double precision - public.lineitem.l_discount))) = $0), (LLVM Optimized, Jit Execute)", "Rows Removed by Filter": 99999, "Plans": [{"Node Type": "Index Scan", "Parent Relationship": "Outer", "Scan Direction": "Forward", "Index Name": "idx_lineitem_shipdate", "Relation Name": "lineitem", "Alias": "lineitem", "Startup Cost": 0.0, "Total Cost": 5135750.66, "Plan Rows": 2266921, "Plan Width": 24, "Actual Startup Time": 0.064, "Actual Total Time": 5948.545, "Actual Rows": 2293944, "Actual Loops": 1, "Index Cond": "((l_shipdate >= '1997-07-01 00:00:00'::timestamp(0) without time zone) AND (l_shipdate < '1997-10-01 00:00:00'::timestamp without time zone)), (LLVM Optimized, Jit Execute)", "Rows Removed by Index Recheck": 0}]}, {"Node Type": "Index Scan", "Parent Relationship": "Inner", "Scan Direction": "Forward", "Index Name": "supplier_pkey", "Relation Name": "supplier", "Alias": "supplier", "Startup Cost": 0.0, "Total Cost": 0.45, "Plan Rows": 1, "Plan Width": 75, "Actual Startup Time": 0.032, "Actual Total Time": 0.032, "Actual Rows": 1, "Actual Loops": 1, "Index Cond": "(s_suppkey = public.lineitem.l_suppkey)", "Rows Removed by Index Recheck": 0}]}]}, "Triggers": [], "Planner Runtime": 0.864, "Total Runtime": 15989.295, "Unique SQL Id": 3712096918}}, "(16, '122')": {"explain_plan": {"Plan": {"Node Type": "Sort", "Startup Cost": 93773253.03, "Total Cost": 93773401.48, "Plan Rows": 59380, "Plan Width": 83, "Sort Key": ["supplier.s_suppkey"], "Plans": [{"Node Type": "Aggregate", "Strategy": "Plain", "Parent Relationship": "exec_init_plan", "Subplan Name": "InitPlan 1 (returns $0)", "Startup Cost": 2339055.76, "Total Cost": 2339055.77, "Plan Rows": 1, "Plan Width": 16, "Plans": [{"Node Type": "Aggregate", "Strategy": "Hashed", "Parent Relationship": "Outer", "Startup Cost": 2337719.71, "Total Cost": 2338313.51, "Plan Rows": 59380, "Plan Width": 32, "Group By Key": ["public.lineitem.l_suppkey"], "Plans": [{"Node Type": "Seq Scan", "Parent Relationship": "Outer", "Relation Name": "lineitem", "Alias": "lineitem", "Startup Cost": 25.28, "Total Cost": 2315050.5, "Plan Rows": 2266921, "Plan Width": 24, "Filter": "((l_shipdate >= '1997-07-01 00:00:00'::timestamp(0) without time zone) AND (l_shipdate < '1997-10-01 00:00:00'::timestamp without time zone)), (LLVM Optimized)"}]}]}, {"Node Type": "Nested Loop", "Parent Relationship": "Outer", "Join Type": "Inner", "Startup Cost": 2354721.61, "Total Cost": 91429489.11, "Plan Rows": 59380, "Plan Width": 83, "Inner Unique": true, "Join Filter": "(supplier.s_suppkey = revenue0.supplier_no)", "Plans": [{"Node Type": "Seq Scan", "Parent Relationship": "Outer", "Relation Name": "supplier", "Alias": "supplier", "Startup Cost": 0.0, "Total Cost": 3283.0, "Plan Rows": 100000, "Plan Width": 75}, {"Node Type": "Materialize", "Parent Relationship": "Inner", "Startup Cost": 2354721.61, "Total Cost": 2356354.56, "Plan Rows": 59380, "Plan Width": 16, "Plans": [{"Node Type": "Subquery Scan", "Parent Relationship": "Outer", "Alias": "revenue0", "Startup Cost": 2354721.61, "Total Cost": 2356057.66, "Plan Rows": 59380, "Plan Width": 16, "Plans": [{"Node Type": "Aggregate", "Strategy": "Hashed", "Parent Relationship": "Subquery", "Startup Cost": 2354721.61, "Total Cost": 2355463.86, "Plan Rows": 59380, "Plan Width": 40, "Group By Key": ["public.lineitem.l_suppkey"], "Filter": "(sum((public.lineitem.l_extendedprice * (1::double precision - public.lineitem.l_discount))) = $0), (LLVM Optimized)", "Plans": [{"Node Type": "Seq Scan", "Parent Relationship": "Outer", "Relation Name": "lineitem", "Alias": "lineitem", "Startup Cost": 25.28, "Total Cost": 2315050.5, "Plan Rows": 2266921, "Plan Width": 24, "Filter": "((l_shipdate >= '1997-07-01 00:00:00'::timestamp(0) without time zone) AND (l_shipdate < '1997-10-01 00:00:00'::timestamp without time zone)), (LLVM Optimized)"}]}]}]}]}]}, "Unique SQL Id": 3712096918, "Planner Runtime": 0}, "explain_analyze_plan": null}, "(16, '123')": {"explain_plan": {"Plan": {"Node Type": "Nested Loop", "Join Type": "Inner", "Startup Cost": 2010463073775.39, "Total Cost": 3000552678714.27, "Plan Rows": 59380, "Plan Width": 83, "Inner Unique": true, "Join Filter": "(supplier.s_suppkey = revenue0.supplier_no)", "Plans": [{"Node Type": "Aggregate", "Strategy": "Plain", "Parent Relationship": "exec_init_plan", "Subplan Name": "InitPlan 1 (returns $0)", "Startup Cost": 1000231529054.76, "Total Cost": 1000231529054.77, "Plan Rows": 1, "Plan Width": 16, "Plans": [{"Node Type": "Aggregate", "Strategy": "Hashed", "Parent Relationship": "Outer", "Startup Cost": 1000231527718.71, "Total Cost": 1000231528312.51, "Plan Rows": 59380, "Plan Width": 32, "Group By Key": ["public.lineitem.l_suppkey"], "Plans": [{"Node Type": "Seq Scan", "Parent Relationship": "Outer", "Relation Name": "lineitem", "Alias": "lineitem", "Startup Cost": 10000000025.02, "Total Cost": 1000231505049.5, "Plan Rows": 2266921, "Plan Width": 24, "Filter": "((l_shipdate >= '1997-07-01 00:00:00'::timestamp(0) without time zone) AND (l_shipdate < '1997-10-01 00:00:00'::timestamp without time zone)), (LLVM Optimized)"}]}]}, {"Node Type": "Index Scan", "Parent Relationship": "Outer", "Scan Direction": "Forward", "Index Name": "supplier_pkey", "Relation Name": "supplier", "Alias": "supplier", "Startup Cost": 10000000000.0, "Total Cost": 1000000533454.38, "Plan Rows": 100000, "Plan Width": 75}, {"Node Type": "Materialize", "Parent Relationship": "Inner", "Startup Cost": 1000231544720.62, "Total Cost": 1000231546353.57, "Plan Rows": 59380, "Plan Width": 16, "Plans": [{"Node Type": "Subquery Scan", "Parent Relationship": "Outer", "Alias": "revenue0", "Startup Cost": 1000231544720.62, "Total Cost": 1000231546056.67, "Plan Rows": 59380, "Plan Width": 16, "Plans": [{"Node Type": "Aggregate", "Strategy": "Hashed", "Parent Relationship": "Subquery", "Startup Cost": 1000231544720.62, "Total Cost": 1000231545462.87, "Plan Rows": 59380, "Plan Width": 40, "Group By Key": ["public.lineitem.l_suppkey"], "Filter": "(sum((public.lineitem.l_extendedprice * (1::double precision - public.lineitem.l_discount))) = $0), (LLVM Optimized)", "Plans": [{"Node Type": "Seq Scan", "Parent Relationship": "Outer", "Relation Name": "lineitem", "Alias": "lineitem", "Startup Cost": 10000000025.02, "Total Cost": 1000231505049.5, "Plan Rows": 2266921, "Plan Width": 24, "Filter": "((l_shipdate >= '1997-07-01 00:00:00'::timestamp(0) without time zone) AND (l_shipdate < '1997-10-01 00:00:00'::timestamp without time zone)), (LLVM Optimized)"}]}]}]}]}, "Unique SQL Id": 3712096918, "Planner Runtime": 0}, "explain_analyze_plan": null}, "(16, '124')": {"explain_plan": {"Plan": {"Node Type": "Sort", "Startup Cost": 4727127.98, "Total Cost": 4727276.43, "Plan Rows": 59380, "Plan Width": 83, "Sort Key": ["supplier.s_suppkey"], "Plans": [{"Node Type": "Aggregate", "Strategy": "Plain", "Parent Relationship": "exec_init_plan", "Subplan Name": "InitPlan 1 (returns $0)", "Startup Cost": 2339055.76, "Total Cost": 2339055.77, "Plan Rows": 1, "Plan Width": 16, "Plans": [{"Node Type": "Aggregate", "Strategy": "Hashed", "Parent Relationship": "Outer", "Startup Cost": 2337719.71, "Total Cost": 2338313.51, "Plan Rows": 59380, "Plan Width": 32, "Group By Key": ["public.lineitem.l_suppkey"], "Plans": [{"Node Type": "Seq Scan", "Parent Relationship": "Outer", "Relation Name": "lineitem", "Alias": "lineitem", "Startup Cost": 25.28, "Total Cost": 2315050.5, "Plan Rows": 2266921, "Plan Width": 24, "Filter": "((l_shipdate >= '1997-07-01 00:00:00'::timestamp(0) without time zone) AND (l_shipdate < '1997-10-01 00:00:00'::timestamp without time zone)), (LLVM Optimized)"}]}]}, {"Node Type": "Nested Loop", "Parent Relationship": "Outer", "Join Type": "Inner", "Startup Cost": 2354721.61, "Total Cost": 2383364.06, "Plan Rows": 59380, "Plan Width": 83, "Inner Unique": true, "Plans": [{"Node Type": "Aggregate", "Strategy": "Hashed", "Parent Relationship": "Outer", "Startup Cost": 2354721.61, "Total Cost": 2355463.86, "Plan Rows": 59380, "Plan Width": 40, "Group By Key": ["public.lineitem.l_suppkey"], "Filter": "(sum((public.lineitem.l_extendedprice * (1::double precision - public.lineitem.l_discount))) = $0), (LLVM Optimized)", "Plans": [{"Node Type": "Seq Scan", "Parent Relationship": "Outer", "Relation Name": "lineitem", "Alias": "lineitem", "Startup Cost": 25.28, "Total Cost": 2315050.5, "Plan Rows": 2266921, "Plan Width": 24, "Filter": "((l_shipdate >= '1997-07-01 00:00:00'::timestamp(0) without time zone) AND (l_shipdate < '1997-10-01 00:00:00'::timestamp without time zone)), (LLVM Optimized)"}]}, {"Node Type": "Index Scan", "Parent Relationship": "Inner", "Scan Direction": "Forward", "Index Name": "supplier_pkey", "Relation Name": "supplier", "Alias": "supplier", "Startup Cost": 0.0, "Total Cost": 0.45, "Plan Rows": 1, "Plan Width": 75, "Index Cond": "(s_suppkey = public.lineitem.l_suppkey)"}]}]}, "Unique SQL Id": 3712096918, "Planner Runtime": 0}, "explain_analyze_plan": null}, "(16, '125')": {"explain_plan": {"Plan": {"Node Type": "Sort", "Startup Cost": 10368528.3, "Total Cost": 10368676.75, "Plan Rows": 59380, "Plan Width": 83, "Sort Key": ["supplier.s_suppkey"], "Plans": [{"Node Type": "Aggregate", "Strategy": "Plain", "Parent Relationship": "exec_init_plan", "Subplan Name": "InitPlan 1 (returns $0)", "Startup Cost": 5159755.92, "Total Cost": 5159755.93, "Plan Rows": 1, "Plan Width": 16, "Plans": [{"Node Type": "Aggregate", "Strategy": "Hashed", "Parent Relationship": "Outer", "Startup Cost": 5158419.87, "Total Cost": 5159013.67, "Plan Rows": 59380, "Plan Width": 32, "Group By Key": ["public.lineitem.l_suppkey"], "Plans": [{"Node Type": "Index Scan", "Parent Relationship": "Outer", "Scan Direction": "Forward", "Index Name": "idx_lineitem_shipdate", "Relation Name": "lineitem", "Alias": "lineitem", "Startup Cost": 0.0, "Total Cost": 5135750.66, "Plan Rows": 2266921, "Plan Width": 24, "Index Cond": "((l_shipdate >= '1997-07-01 00:00:00'::timestamp(0) without time zone) AND (l_shipdate < '1997-10-01 00:00:00'::timestamp without time zone)), (LLVM Optimized)"}]}]}, {"Node Type": "Nested Loop", "Parent Relationship": "Outer", "Join Type": "Inner", "Startup Cost": 5175421.77, "Total Cost": 5204064.22, "Plan Rows": 59380, "Plan Width": 83, "Inner Unique": true, "Plans": [{"Node Type": "Aggregate", "Strategy": "Hashed", "Parent Relationship": "Outer", "Startup Cost": 5175421.77, "Total Cost": 5176164.02, "Plan Rows": 59380, "Plan Width": 40, "Group By Key": ["public.lineitem.l_suppkey"], "Filter": "(sum((public.lineitem.l_extendedprice * (1::double precision - public.lineitem.l_discount))) = $0), (LLVM Optimized)", "Plans": [{"Node Type": "Index Scan", "Parent Relationship": "Outer", "Scan Direction": "Forward", "Index Name": "idx_lineitem_shipdate", "Relation Name": "lineitem", "Alias": "lineitem", "Startup Cost": 0.0, "Total Cost": 5135750.66, "Plan Rows": 2266921, "Plan Width": 24, "Index Cond": "((l_shipdate >= '1997-07-01 00:00:00'::timestamp(0) without time zone) AND (l_shipdate < '1997-10-01 00:00:00'::timestamp without time zone)), (LLVM Optimized)"}]}, {"Node Type": "Index Scan", "Parent Relationship": "Inner", "Scan Direction": "Forward", "Index Name": "supplier_pkey", "Relation Name": "supplier", "Alias": "supplier", "Startup Cost": 0.0, "Total Cost": 0.45, "Plan Rows": 1, "Plan Width": 75, "Index Cond": "(s_suppkey = public.lineitem.l_suppkey)"}]}]}, "Unique SQL Id": 3712096918, "Planner Runtime": 0}, "explain_analyze_plan": {"Plan": {"Node Type": "Sort", "Startup Cost": 10368528.3, "Total Cost": 10368676.75, "Plan Rows": 59380, "Plan Width": 83, "Actual Startup Time": 15978.075, "Actual Total Time": 15978.076, "Actual Rows": 1, "Actual Loops": 1, "Sort Key": ["supplier.s_suppkey"], "Sort Method": "quicksort", "Sort Space Used": 25, "Sort Space Type": "Memory", "Plans": [{"Node Type": "Aggregate", "Strategy": "Plain", "Parent Relationship": "exec_init_plan", "Subplan Name": "InitPlan 1 (returns $0)", "Startup Cost": 5159755.92, "Total Cost": 5159755.93, "Plan Rows": 1, "Plan Width": 16, "Actual Startup Time": 7901.47, "Actual Total Time": 7901.47, "Actual Rows": 1, "Actual Loops": 1, "Plans": [{"Node Type": "Aggregate", "Strategy": "Hashed", "Parent Relationship": "Outer", "Startup Cost": 5158419.87, "Total Cost": 5159013.67, "Plan Rows": 59380, "Plan Width": 32, "Actual Startup Time": 7852.772, "Actual Total Time": 7886.566, "Actual Rows": 100000, "Actual Loops": 1, "Group By Key": ["public.lineitem.l_suppkey"], "Plans": [{"Node Type": "Index Scan", "Parent Relationship": "Outer", "Scan Direction": "Forward", "Index Name": "idx_lineitem_shipdate", "Relation Name": "lineitem", "Alias": "lineitem", "Startup Cost": 0.0, "Total Cost": 5135750.66, "Plan Rows": 2266921, "Plan Width": 24, "Actual Startup Time": 0.065, "Actual Total Time": 5901.116, "Actual Rows": 2293944, "Actual Loops": 1, "Index Cond": "((l_shipdate >= '1997-07-01 00:00:00'::timestamp(0) without time zone) AND (l_shipdate < '1997-10-01 00:00:00'::timestamp without time zone)), (LLVM Optimized, Jit Execute)", "Rows Removed by Index Recheck": 0}]}]}, {"Node Type": "Nested Loop", "Parent Relationship": "Outer", "Join Type": "Inner", "Startup Cost": 5175421.77, "Total Cost": 5204064.22, "Plan Rows": 59380, "Plan Width": 83, "Actual Startup Time": 15941.949, "Actual Total Time": 15978.05, "Actual Rows": 1, "Actual Loops": 1, "Inner Unique": true, "Plans": [{"Node Type": "Aggregate", "Strategy": "Hashed", "Parent Relationship": "Outer", "Startup Cost": 5175421.77, "Total Cost": 5176164.02, "Plan Rows": 59380, "Plan Width": 40, "Actual Startup Time": 15941.901, "Actual Total Time": 15977.732, "Actual Rows": 1, "Actual Loops": 1, "Group By Key": ["public.lineitem.l_suppkey"], "Filter": "(sum((public.lineitem.l_extendedprice * (1::double precision - public.lineitem.l_discount))) = $0), (LLVM Optimized, Jit Execute)", "Rows Removed by Filter": 99999, "Plans": [{"Node Type": "Index Scan", "Parent Relationship": "Outer", "Scan Direction": "Forward", "Index Name": "idx_lineitem_shipdate", "Relation Name": "lineitem", "Alias": "lineitem", "Startup Cost": 0.0, "Total Cost": 5135750.66, "Plan Rows": 2266921, "Plan Width": 24, "Actual Startup Time": 0.064, "Actual Total Time": 5948.545, "Actual Rows": 2293944, "Actual Loops": 1, "Index Cond": "((l_shipdate >= '1997-07-01 00:00:00'::timestamp(0) without time zone) AND (l_shipdate < '1997-10-01 00:00:00'::timestamp without time zone)), (LLVM Optimized, Jit Execute)", "Rows Removed by Index Recheck": 0}]}, {"Node Type": "Index Scan", "Parent Relationship": "Inner", "Scan Direction": "Forward", "Index Name": "supplier_pkey", "Relation Name": "supplier", "Alias": "supplier", "Startup Cost": 0.0, "Total Cost": 0.45, "Plan Rows": 1, "Plan Width": 75, "Actual Startup Time": 0.032, "Actual Total Time": 0.032, "Actual Rows": 1, "Actual Loops": 1, "Index Cond": "(s_suppkey = public.lineitem.l_suppkey)", "Rows Removed by Index Recheck": 0}]}]}, "Triggers": [], "Planner Runtime": 0.864, "Total Runtime": 15989.295, "Unique SQL Id": 3712096918}}, "(16, '126')": {"explain_plan": {"Plan": {"Node Type": "Sort", "Startup Cost": 93773253.03, "Total Cost": 93773401.48, "Plan Rows": 59380, "Plan Width": 83, "Sort Key": ["supplier.s_suppkey"], "Plans": [{"Node Type": "Aggregate", "Strategy": "Plain", "Parent Relationship": "exec_init_plan", "Subplan Name": "InitPlan 1 (returns $0)", "Startup Cost": 2339055.76, "Total Cost": 2339055.77, "Plan Rows": 1, "Plan Width": 16, "Plans": [{"Node Type": "Aggregate", "Strategy": "Hashed", "Parent Relationship": "Outer", "Startup Cost": 2337719.71, "Total Cost": 2338313.51, "Plan Rows": 59380, "Plan Width": 32, "Group By Key": ["public.lineitem.l_suppkey"], "Plans": [{"Node Type": "Seq Scan", "Parent Relationship": "Outer", "Relation Name": "lineitem", "Alias": "lineitem", "Startup Cost": 25.28, "Total Cost": 2315050.5, "Plan Rows": 2266921, "Plan Width": 24, "Filter": "((l_shipdate >= '1997-07-01 00:00:00'::timestamp(0) without time zone) AND (l_shipdate < '1997-10-01 00:00:00'::timestamp without time zone)), (LLVM Optimized)"}]}]}, {"Node Type": "Nested Loop", "Parent Relationship": "Outer", "Join Type": "Inner", "Startup Cost": 2354721.61, "Total Cost": 91429489.11, "Plan Rows": 59380, "Plan Width": 83, "Inner Unique": true, "Join Filter": "(supplier.s_suppkey = revenue0.supplier_no)", "Plans": [{"Node Type": "Seq Scan", "Parent Relationship": "Outer", "Relation Name": "supplier", "Alias": "supplier", "Startup Cost": 0.0, "Total Cost": 3283.0, "Plan Rows": 100000, "Plan Width": 75}, {"Node Type": "Materialize", "Parent Relationship": "Inner", "Startup Cost": 2354721.61, "Total Cost": 2356354.56, "Plan Rows": 59380, "Plan Width": 16, "Plans": [{"Node Type": "Subquery Scan", "Parent Relationship": "Outer", "Alias": "revenue0", "Startup Cost": 2354721.61, "Total Cost": 2356057.66, "Plan Rows": 59380, "Plan Width": 16, "Plans": [{"Node Type": "Aggregate", "Strategy": "Hashed", "Parent Relationship": "Subquery", "Startup Cost": 2354721.61, "Total Cost": 2355463.86, "Plan Rows": 59380, "Plan Width": 40, "Group By Key": ["public.lineitem.l_suppkey"], "Filter": "(sum((public.lineitem.l_extendedprice * (1::double precision - public.lineitem.l_discount))) = $0), (LLVM Optimized)", "Plans": [{"Node Type": "Seq Scan", "Parent Relationship": "Outer", "Relation Name": "lineitem", "Alias": "lineitem", "Startup Cost": 25.28, "Total Cost": 2315050.5, "Plan Rows": 2266921, "Plan Width": 24, "Filter": "((l_shipdate >= '1997-07-01 00:00:00'::timestamp(0) without time zone) AND (l_shipdate < '1997-10-01 00:00:00'::timestamp without time zone)), (LLVM Optimized)"}]}]}]}]}]}, "Unique SQL Id": 3712096918, "Planner Runtime": 0}, "explain_analyze_plan": null}, "(16, '127')": {"explain_plan": {"Plan": {"Node Type": "Nested Loop", "Join Type": "Inner", "Startup Cost": 2010463073775.39, "Total Cost": 3000552678714.27, "Plan Rows": 59380, "Plan Width": 83, "Inner Unique": true, "Join Filter": "(supplier.s_suppkey = revenue0.supplier_no)", "Plans": [{"Node Type": "Aggregate", "Strategy": "Plain", "Parent Relationship": "exec_init_plan", "Subplan Name": "InitPlan 1 (returns $0)", "Startup Cost": 1000231529054.76, "Total Cost": 1000231529054.77, "Plan Rows": 1, "Plan Width": 16, "Plans": [{"Node Type": "Aggregate", "Strategy": "Hashed", "Parent Relationship": "Outer", "Startup Cost": 1000231527718.71, "Total Cost": 1000231528312.51, "Plan Rows": 59380, "Plan Width": 32, "Group By Key": ["public.lineitem.l_suppkey"], "Plans": [{"Node Type": "Seq Scan", "Parent Relationship": "Outer", "Relation Name": "lineitem", "Alias": "lineitem", "Startup Cost": 10000000025.02, "Total Cost": 1000231505049.5, "Plan Rows": 2266921, "Plan Width": 24, "Filter": "((l_shipdate >= '1997-07-01 00:00:00'::timestamp(0) without time zone) AND (l_shipdate < '1997-10-01 00:00:00'::timestamp without time zone)), (LLVM Optimized)"}]}]}, {"Node Type": "Index Scan", "Parent Relationship": "Outer", "Scan Direction": "Forward", "Index Name": "supplier_pkey", "Relation Name": "supplier", "Alias": "supplier", "Startup Cost": 10000000000.0, "Total Cost": 1000000533454.38, "Plan Rows": 100000, "Plan Width": 75}, {"Node Type": "Materialize", "Parent Relationship": "Inner", "Startup Cost": 1000231544720.62, "Total Cost": 1000231546353.57, "Plan Rows": 59380, "Plan Width": 16, "Plans": [{"Node Type": "Subquery Scan", "Parent Relationship": "Outer", "Alias": "revenue0", "Startup Cost": 1000231544720.62, "Total Cost": 1000231546056.67, "Plan Rows": 59380, "Plan Width": 16, "Plans": [{"Node Type": "Aggregate", "Strategy": "Hashed", "Parent Relationship": "Subquery", "Startup Cost": 1000231544720.62, "Total Cost": 1000231545462.87, "Plan Rows": 59380, "Plan Width": 40, "Group By Key": ["public.lineitem.l_suppkey"], "Filter": "(sum((public.lineitem.l_extendedprice * (1::double precision - public.lineitem.l_discount))) = $0), (LLVM Optimized)", "Plans": [{"Node Type": "Seq Scan", "Parent Relationship": "Outer", "Relation Name": "lineitem", "Alias": "lineitem", "Startup Cost": 10000000025.02, "Total Cost": 1000231505049.5, "Plan Rows": 2266921, "Plan Width": 24, "Filter": "((l_shipdate >= '1997-07-01 00:00:00'::timestamp(0) without time zone) AND (l_shipdate < '1997-10-01 00:00:00'::timestamp without time zone)), (LLVM Optimized)"}]}]}]}]}, "Unique SQL Id": 3712096918, "Planner Runtime": 0}, "explain_analyze_plan": null}, "(64, '0')": {"explain_plan": {"Plan": {"Node Type": "Merge Join", "Join Type": "Inner", "Startup Cost": 3242103.77, "Total Cost": 3248579.02, "Plan Rows": 59380, "Plan Width": 83, "Inner Unique": true, "Merge Cond": "(supplier.s_suppkey = revenue0.supplier_no)", "Plans": [{"Node Type": "Aggregate", "Strategy": "Plain", "Parent Relationship": "exec_init_plan", "Subplan Name": "InitPlan 1 (returns $0)", "Startup Cost": 1610196.85, "Total Cost": 1610196.86, "Plan Rows": 1, "Plan Width": 16, "Plans": [{"Node Type": "Aggregate", "Strategy": "Hashed", "Parent Relationship": "Outer", "Startup Cost": 1608860.8, "Total Cost": 1609454.6, "Plan Rows": 59380, "Plan Width": 32, "Group By Key": ["public.lineitem.l_suppkey"], "Plans": [{"Node Type": "Bitmap Heap Scan", "Parent Relationship": "Outer", "Relation Name": "lineitem", "Alias": "lineitem", "Startup Cost": 78544.19, "Total Cost": 1586191.59, "Plan Rows": 2266921, "Plan Width": 24, "Recheck Cond": "((l_shipdate >= '1997-07-01 00:00:00'::timestamp(0) without time zone) AND (l_shipdate < '1997-10-01 00:00:00'::timestamp without time zone)), (LLVM Optimized)", "Plans": [{"Node Type": "Bitmap Index Scan", "Parent Relationship": "Outer", "Index Name": "idx_lineitem_shipdate", "Startup Cost": 0.0, "Total Cost": 77977.46, "Plan Rows": 2266921, "Plan Width": 0, "Index Cond": "((l_shipdate >= '1997-07-01 00:00:00'::timestamp(0) without time zone) AND (l_shipdate < '1997-10-01 00:00:00'::timestamp without time zone))"}]}]}]}, {"Node Type": "Index Scan", "Parent Relationship": "Outer", "Scan Direction": "Forward", "Index Name": "supplier_pkey", "Relation Name": "supplier", "Alias": "supplier", "Startup Cost": 0.0, "Total Cost": 5334.54, "Plan Rows": 100000, "Plan Width": 75}, {"Node Type": "Sort", "Parent Relationship": "Inner", "Startup Cost": 1631906.91, "Total Cost": 1632055.36, "Plan Rows": 59380, "Plan Width": 16, "Sort Key": ["revenue0.supplier_no"], "Plans": [{"Node Type": "Subquery Scan", "Parent Relationship": "Outer", "Alias": "revenue0", "Startup Cost": 1625862.71, "Total Cost": 1627198.76, "Plan Rows": 59380, "Plan Width": 16, "Plans": [{"Node Type": "Aggregate", "Strategy": "Hashed", "Parent Relationship": "Subquery", "Startup Cost": 1625862.71, "Total Cost": 1626604.96, "Plan Rows": 59380, "Plan Width": 40, "Group By Key": ["public.lineitem.l_suppkey"], "Filter": "(sum((public.lineitem.l_extendedprice * (1::double precision - public.lineitem.l_discount))) = $0), (LLVM Optimized)", "Plans": [{"Node Type": "Bitmap Heap Scan", "Parent Relationship": "Outer", "Relation Name": "lineitem", "Alias": "lineitem", "Startup Cost": 78544.19, "Total Cost": 1586191.59, "Plan Rows": 2266921, "Plan Width": 24, "Recheck Cond": "((l_shipdate >= '1997-07-01 00:00:00'::timestamp(0) without time zone) AND (l_shipdate < '1997-10-01 00:00:00'::timestamp without time zone)), (LLVM Optimized)", "Plans": [{"Node Type": "Bitmap Index Scan", "Parent Relationship": "Outer", "Index Name": "idx_lineitem_shipdate", "Startup Cost": 0.0, "Total Cost": 77977.46, "Plan Rows": 2266921, "Plan Width": 0, "Index Cond": "((l_shipdate >= '1997-07-01 00:00:00'::timestamp(0) without time zone) AND (l_shipdate < '1997-10-01 00:00:00'::timestamp without time zone))"}]}]}]}]}]}, "Unique SQL Id": 3712096918, "Planner Runtime": 1}, "explain_analyze_plan": {"Plan": {"Node Type": "Merge Join", "Join Type": "Inner", "Startup Cost": 3242103.77, "Total Cost": 3248579.02, "Plan Rows": 59380, "Plan Width": 83, "Actual Startup Time": 11259.12, "Actual Total Time": 11259.13, "Actual Rows": 1, "Actual Loops": 1, "Inner Unique": true, "Merge Cond": "(supplier.s_suppkey = revenue0.supplier_no)", "Plans": [{"Node Type": "Aggregate", "Strategy": "Plain", "Parent Relationship": "exec_init_plan", "Subplan Name": "InitPlan 1 (returns $0)", "Startup Cost": 1610196.85, "Total Cost": 1610196.86, "Plan Rows": 1, "Plan Width": 16, "Actual Startup Time": 5678.286, "Actual Total Time": 5678.286, "Actual Rows": 1, "Actual Loops": 1, "Plans": [{"Node Type": "Aggregate", "Strategy": "Hashed", "Parent Relationship": "Outer", "Startup Cost": 1608860.8, "Total Cost": 1609454.6, "Plan Rows": 59380, "Plan Width": 32, "Actual Startup Time": 5632.701, "Actual Total Time": 5663.385, "Actual Rows": 100000, "Actual Loops": 1, "Group By Key": ["public.lineitem.l_suppkey"], "Plans": [{"Node Type": "Bitmap Heap Scan", "Parent Relationship": "Outer", "Relation Name": "lineitem", "Alias": "lineitem", "Startup Cost": 78544.19, "Total Cost": 1586191.59, "Plan Rows": 2266921, "Plan Width": 24, "Actual Startup Time": 1092.363, "Actual Total Time": 3924.167, "Actual Rows": 2293944, "Actual Loops": 1, "Recheck Cond": "((l_shipdate >= '1997-07-01 00:00:00'::timestamp(0) without time zone) AND (l_shipdate < '1997-10-01 00:00:00'::timestamp without time zone)), (LLVM Optimized, Jit Execute)", "Rows Removed by Index Recheck": 0, "Exact Heap Blocks": 732487, "Lossy Heap Blocks": 732487, "Plans": [{"Node Type": "Bitmap Index Scan", "Parent Relationship": "Outer", "Index Name": "idx_lineitem_shipdate", "Startup Cost": 0.0, "Total Cost": 77977.46, "Plan Rows": 2266921, "Plan Width": 0, "Actual Startup Time": 806.305, "Actual Total Time": 806.305, "Actual Rows": 2293944, "Actual Loops": 1, "Index Cond": "((l_shipdate >= '1997-07-01 00:00:00'::timestamp(0) without time zone) AND (l_shipdate < '1997-10-01 00:00:00'::timestamp without time zone))"}]}]}]}, {"Node Type": "Index Scan", "Parent Relationship": "Outer", "Scan Direction": "Forward", "Index Name": "supplier_pkey", "Relation Name": "supplier", "Alias": "supplier", "Startup Cost": 0.0, "Total Cost": 5334.54, "Plan Rows": 100000, "Plan Width": 75, "Actual Startup Time": 0.035, "Actual Total Time": 17.69, "Actual Rows": 35977, "Actual Loops": 1}, {"Node Type": "Sort", "Parent Relationship": "Inner", "Startup Cost": 1631906.91, "Total Cost": 1632055.36, "Plan Rows": 59380, "Plan Width": 16, "Actual Startup Time": 11236.384, "Actual Total Time": 11236.386, "Actual Rows": 1, "Actual Loops": 1, "Sort Key": ["revenue0.supplier_no"], "Sort Method": "quicksort", "Sort Space Used": 25, "Sort Space Type": "Memory", "Plans": [{"Node Type": "Subquery Scan", "Parent Relationship": "Outer", "Alias": "revenue0", "Startup Cost": 1625862.71, "Total Cost": 1627198.76, "Plan Rows": 59380, "Plan Width": 16, "Actual Startup Time": 11217.282, "Actual Total Time": 11236.125, "Actual Rows": 1, "Actual Loops": 1, "Plans": [{"Node Type": "Aggregate", "Strategy": "Hashed", "Parent Relationship": "Subquery", "Startup Cost": 1625862.71, "Total Cost": 1626604.96, "Plan Rows": 59380, "Plan Width": 40, "Actual Startup Time": 11217.279, "Actual Total Time": 11236.12, "Actual Rows": 1, "Actual Loops": 1, "Group By Key": ["public.lineitem.l_suppkey"], "Filter": "(sum((public.lineitem.l_extendedprice * (1::double precision - public.lineitem.l_discount))) = $0), (LLVM Optimized, Jit Execute)", "Rows Removed by Filter": 99999, "Plans": [{"Node Type": "Bitmap Heap Scan", "Parent Relationship": "Outer", "Relation Name": "lineitem", "Alias": "lineitem", "Startup Cost": 78544.19, "Total Cost": 1586191.59, "Plan Rows": 2266921, "Plan Width": 24, "Actual Startup Time": 1268.542, "Actual Total Time": 4012.865, "Actual Rows": 2293944, "Actual Loops": 1, "Recheck Cond": "((l_shipdate >= '1997-07-01 00:00:00'::timestamp(0) without time zone) AND (l_shipdate < '1997-10-01 00:00:00'::timestamp without time zone)), (LLVM Optimized, Jit Execute)", "Rows Removed by Index Recheck": 0, "Exact Heap Blocks": 732487, "Lossy Heap Blocks": 732487, "Plans": [{"Node Type": "Bitmap Index Scan", "Parent Relationship": "Outer", "Index Name": "idx_lineitem_shipdate", "Startup Cost": 0.0, "Total Cost": 77977.46, "Plan Rows": 2266921, "Plan Width": 0, "Actual Startup Time": 913.173, "Actual Total Time": 913.173, "Actual Rows": 2293944, "Actual Loops": 1, "Index Cond": "((l_shipdate >= '1997-07-01 00:00:00'::timestamp(0) without time zone) AND (l_shipdate < '1997-10-01 00:00:00'::timestamp without time zone))"}]}]}]}]}]}, "Triggers": [], "Planner Runtime": 0.897, "Total Runtime": 11271.753, "Unique SQL Id": 3712096918}}, "(64, '1')": {"explain_plan": {"Plan": {"Node Type": "Merge Join", "Join Type": "Inner", "Startup Cost": 3242103.77, "Total Cost": 3248579.02, "Plan Rows": 59380, "Plan Width": 83, "Inner Unique": true, "Merge Cond": "(supplier.s_suppkey = revenue0.supplier_no)", "Plans": [{"Node Type": "Aggregate", "Strategy": "Plain", "Parent Relationship": "exec_init_plan", "Subplan Name": "InitPlan 1 (returns $0)", "Startup Cost": 1610196.85, "Total Cost": 1610196.86, "Plan Rows": 1, "Plan Width": 16, "Plans": [{"Node Type": "Aggregate", "Strategy": "Hashed", "Parent Relationship": "Outer", "Startup Cost": 1608860.8, "Total Cost": 1609454.6, "Plan Rows": 59380, "Plan Width": 32, "Group By Key": ["public.lineitem.l_suppkey"], "Plans": [{"Node Type": "Bitmap Heap Scan", "Parent Relationship": "Outer", "Relation Name": "lineitem", "Alias": "lineitem", "Startup Cost": 78544.19, "Total Cost": 1586191.59, "Plan Rows": 2266921, "Plan Width": 24, "Recheck Cond": "((l_shipdate >= '1997-07-01 00:00:00'::timestamp(0) without time zone) AND (l_shipdate < '1997-10-01 00:00:00'::timestamp without time zone)), (LLVM Optimized)", "Plans": [{"Node Type": "Bitmap Index Scan", "Parent Relationship": "Outer", "Index Name": "idx_lineitem_shipdate", "Startup Cost": 0.0, "Total Cost": 77977.46, "Plan Rows": 2266921, "Plan Width": 0, "Index Cond": "((l_shipdate >= '1997-07-01 00:00:00'::timestamp(0) without time zone) AND (l_shipdate < '1997-10-01 00:00:00'::timestamp without time zone))"}]}]}]}, {"Node Type": "Index Scan", "Parent Relationship": "Outer", "Scan Direction": "Forward", "Index Name": "supplier_pkey", "Relation Name": "supplier", "Alias": "supplier", "Startup Cost": 0.0, "Total Cost": 5334.54, "Plan Rows": 100000, "Plan Width": 75}, {"Node Type": "Sort", "Parent Relationship": "Inner", "Startup Cost": 1631906.91, "Total Cost": 1632055.36, "Plan Rows": 59380, "Plan Width": 16, "Sort Key": ["revenue0.supplier_no"], "Plans": [{"Node Type": "Subquery Scan", "Parent Relationship": "Outer", "Alias": "revenue0", "Startup Cost": 1625862.71, "Total Cost": 1627198.76, "Plan Rows": 59380, "Plan Width": 16, "Plans": [{"Node Type": "Aggregate", "Strategy": "Hashed", "Parent Relationship": "Subquery", "Startup Cost": 1625862.71, "Total Cost": 1626604.96, "Plan Rows": 59380, "Plan Width": 40, "Group By Key": ["public.lineitem.l_suppkey"], "Filter": "(sum((public.lineitem.l_extendedprice * (1::double precision - public.lineitem.l_discount))) = $0), (LLVM Optimized)", "Plans": [{"Node Type": "Bitmap Heap Scan", "Parent Relationship": "Outer", "Relation Name": "lineitem", "Alias": "lineitem", "Startup Cost": 78544.19, "Total Cost": 1586191.59, "Plan Rows": 2266921, "Plan Width": 24, "Recheck Cond": "((l_shipdate >= '1997-07-01 00:00:00'::timestamp(0) without time zone) AND (l_shipdate < '1997-10-01 00:00:00'::timestamp without time zone)), (LLVM Optimized)", "Plans": [{"Node Type": "Bitmap Index Scan", "Parent Relationship": "Outer", "Index Name": "idx_lineitem_shipdate", "Startup Cost": 0.0, "Total Cost": 77977.46, "Plan Rows": 2266921, "Plan Width": 0, "Index Cond": "((l_shipdate >= '1997-07-01 00:00:00'::timestamp(0) without time zone) AND (l_shipdate < '1997-10-01 00:00:00'::timestamp without time zone))"}]}]}]}]}]}, "Unique SQL Id": 3712096918, "Planner Runtime": 1}, "explain_analyze_plan": {"Plan": {"Node Type": "Merge Join", "Join Type": "Inner", "Startup Cost": 3242103.77, "Total Cost": 3248579.02, "Plan Rows": 59380, "Plan Width": 83, "Actual Startup Time": 11259.12, "Actual Total Time": 11259.13, "Actual Rows": 1, "Actual Loops": 1, "Inner Unique": true, "Merge Cond": "(supplier.s_suppkey = revenue0.supplier_no)", "Plans": [{"Node Type": "Aggregate", "Strategy": "Plain", "Parent Relationship": "exec_init_plan", "Subplan Name": "InitPlan 1 (returns $0)", "Startup Cost": 1610196.85, "Total Cost": 1610196.86, "Plan Rows": 1, "Plan Width": 16, "Actual Startup Time": 5678.286, "Actual Total Time": 5678.286, "Actual Rows": 1, "Actual Loops": 1, "Plans": [{"Node Type": "Aggregate", "Strategy": "Hashed", "Parent Relationship": "Outer", "Startup Cost": 1608860.8, "Total Cost": 1609454.6, "Plan Rows": 59380, "Plan Width": 32, "Actual Startup Time": 5632.701, "Actual Total Time": 5663.385, "Actual Rows": 100000, "Actual Loops": 1, "Group By Key": ["public.lineitem.l_suppkey"], "Plans": [{"Node Type": "Bitmap Heap Scan", "Parent Relationship": "Outer", "Relation Name": "lineitem", "Alias": "lineitem", "Startup Cost": 78544.19, "Total Cost": 1586191.59, "Plan Rows": 2266921, "Plan Width": 24, "Actual Startup Time": 1092.363, "Actual Total Time": 3924.167, "Actual Rows": 2293944, "Actual Loops": 1, "Recheck Cond": "((l_shipdate >= '1997-07-01 00:00:00'::timestamp(0) without time zone) AND (l_shipdate < '1997-10-01 00:00:00'::timestamp without time zone)), (LLVM Optimized, Jit Execute)", "Rows Removed by Index Recheck": 0, "Exact Heap Blocks": 732487, "Lossy Heap Blocks": 732487, "Plans": [{"Node Type": "Bitmap Index Scan", "Parent Relationship": "Outer", "Index Name": "idx_lineitem_shipdate", "Startup Cost": 0.0, "Total Cost": 77977.46, "Plan Rows": 2266921, "Plan Width": 0, "Actual Startup Time": 806.305, "Actual Total Time": 806.305, "Actual Rows": 2293944, "Actual Loops": 1, "Index Cond": "((l_shipdate >= '1997-07-01 00:00:00'::timestamp(0) without time zone) AND (l_shipdate < '1997-10-01 00:00:00'::timestamp without time zone))"}]}]}]}, {"Node Type": "Index Scan", "Parent Relationship": "Outer", "Scan Direction": "Forward", "Index Name": "supplier_pkey", "Relation Name": "supplier", "Alias": "supplier", "Startup Cost": 0.0, "Total Cost": 5334.54, "Plan Rows": 100000, "Plan Width": 75, "Actual Startup Time": 0.035, "Actual Total Time": 17.69, "Actual Rows": 35977, "Actual Loops": 1}, {"Node Type": "Sort", "Parent Relationship": "Inner", "Startup Cost": 1631906.91, "Total Cost": 1632055.36, "Plan Rows": 59380, "Plan Width": 16, "Actual Startup Time": 11236.384, "Actual Total Time": 11236.386, "Actual Rows": 1, "Actual Loops": 1, "Sort Key": ["revenue0.supplier_no"], "Sort Method": "quicksort", "Sort Space Used": 25, "Sort Space Type": "Memory", "Plans": [{"Node Type": "Subquery Scan", "Parent Relationship": "Outer", "Alias": "revenue0", "Startup Cost": 1625862.71, "Total Cost": 1627198.76, "Plan Rows": 59380, "Plan Width": 16, "Actual Startup Time": 11217.282, "Actual Total Time": 11236.125, "Actual Rows": 1, "Actual Loops": 1, "Plans": [{"Node Type": "Aggregate", "Strategy": "Hashed", "Parent Relationship": "Subquery", "Startup Cost": 1625862.71, "Total Cost": 1626604.96, "Plan Rows": 59380, "Plan Width": 40, "Actual Startup Time": 11217.279, "Actual Total Time": 11236.12, "Actual Rows": 1, "Actual Loops": 1, "Group By Key": ["public.lineitem.l_suppkey"], "Filter": "(sum((public.lineitem.l_extendedprice * (1::double precision - public.lineitem.l_discount))) = $0), (LLVM Optimized, Jit Execute)", "Rows Removed by Filter": 99999, "Plans": [{"Node Type": "Bitmap Heap Scan", "Parent Relationship": "Outer", "Relation Name": "lineitem", "Alias": "lineitem", "Startup Cost": 78544.19, "Total Cost": 1586191.59, "Plan Rows": 2266921, "Plan Width": 24, "Actual Startup Time": 1268.542, "Actual Total Time": 4012.865, "Actual Rows": 2293944, "Actual Loops": 1, "Recheck Cond": "((l_shipdate >= '1997-07-01 00:00:00'::timestamp(0) without time zone) AND (l_shipdate < '1997-10-01 00:00:00'::timestamp without time zone)), (LLVM Optimized, Jit Execute)", "Rows Removed by Index Recheck": 0, "Exact Heap Blocks": 732487, "Lossy Heap Blocks": 732487, "Plans": [{"Node Type": "Bitmap Index Scan", "Parent Relationship": "Outer", "Index Name": "idx_lineitem_shipdate", "Startup Cost": 0.0, "Total Cost": 77977.46, "Plan Rows": 2266921, "Plan Width": 0, "Actual Startup Time": 913.173, "Actual Total Time": 913.173, "Actual Rows": 2293944, "Actual Loops": 1, "Index Cond": "((l_shipdate >= '1997-07-01 00:00:00'::timestamp(0) without time zone) AND (l_shipdate < '1997-10-01 00:00:00'::timestamp without time zone))"}]}]}]}]}]}, "Triggers": [], "Planner Runtime": 0.897, "Total Runtime": 11271.753, "Unique SQL Id": 3712096918}}, "(64, '2')": {"explain_plan": {"Plan": {"Node Type": "Merge Join", "Join Type": "Inner", "Startup Cost": 3253691.59, "Total Cost": 3255082.29, "Plan Rows": 59380, "Plan Width": 83, "Inner Unique": true, "Merge Cond": "(supplier.s_suppkey = revenue0.supplier_no)", "Plans": [{"Node Type": "Aggregate", "Strategy": "Plain", "Parent Relationship": "exec_init_plan", "Subplan Name": "InitPlan 1 (returns $0)", "Startup Cost": 1610196.85, "Total Cost": 1610196.86, "Plan Rows": 1, "Plan Width": 16, "Plans": [{"Node Type": "Aggregate", "Strategy": "Hashed", "Parent Relationship": "Outer", "Startup Cost": 1608860.8, "Total Cost": 1609454.6, "Plan Rows": 59380, "Plan Width": 32, "Group By Key": ["public.lineitem.l_suppkey"], "Plans": [{"Node Type": "Bitmap Heap Scan", "Parent Relationship": "Outer", "Relation Name": "lineitem", "Alias": "lineitem", "Startup Cost": 78544.19, "Total Cost": 1586191.59, "Plan Rows": 2266921, "Plan Width": 24, "Recheck Cond": "((l_shipdate >= '1997-07-01 00:00:00'::timestamp(0) without time zone) AND (l_shipdate < '1997-10-01 00:00:00'::timestamp without time zone)), (LLVM Optimized)", "Plans": [{"Node Type": "Bitmap Index Scan", "Parent Relationship": "Outer", "Index Name": "idx_lineitem_shipdate", "Startup Cost": 0.0, "Total Cost": 77977.46, "Plan Rows": 2266921, "Plan Width": 0, "Index Cond": "((l_shipdate >= '1997-07-01 00:00:00'::timestamp(0) without time zone) AND (l_shipdate < '1997-10-01 00:00:00'::timestamp without time zone))"}]}]}]}, {"Node Type": "Sort", "Parent Relationship": "Outer", "Startup Cost": 11587.82, "Total Cost": 11837.82, "Plan Rows": 100000, "Plan Width": 75, "Sort Key": ["supplier.s_suppkey"], "Plans": [{"Node Type": "Seq Scan", "Parent Relationship": "Outer", "Relation Name": "supplier", "Alias": "supplier", "Startup Cost": 0.0, "Total Cost": 3283.0, "Plan Rows": 100000, "Plan Width": 75}]}, {"Node Type": "Sort", "Parent Relationship": "Inner", "Startup Cost": 1631906.91, "Total Cost": 1632055.36, "Plan Rows": 59380, "Plan Width": 16, "Sort Key": ["revenue0.supplier_no"], "Plans": [{"Node Type": "Subquery Scan", "Parent Relationship": "Outer", "Alias": "revenue0", "Startup Cost": 1625862.71, "Total Cost": 1627198.76, "Plan Rows": 59380, "Plan Width": 16, "Plans": [{"Node Type": "Aggregate", "Strategy": "Hashed", "Parent Relationship": "Subquery", "Startup Cost": 1625862.71, "Total Cost": 1626604.96, "Plan Rows": 59380, "Plan Width": 40, "Group By Key": ["public.lineitem.l_suppkey"], "Filter": "(sum((public.lineitem.l_extendedprice * (1::double precision - public.lineitem.l_discount))) = $0), (LLVM Optimized)", "Plans": [{"Node Type": "Bitmap Heap Scan", "Parent Relationship": "Outer", "Relation Name": "lineitem", "Alias": "lineitem", "Startup Cost": 78544.19, "Total Cost": 1586191.59, "Plan Rows": 2266921, "Plan Width": 24, "Recheck Cond": "((l_shipdate >= '1997-07-01 00:00:00'::timestamp(0) without time zone) AND (l_shipdate < '1997-10-01 00:00:00'::timestamp without time zone)), (LLVM Optimized)", "Plans": [{"Node Type": "Bitmap Index Scan", "Parent Relationship": "Outer", "Index Name": "idx_lineitem_shipdate", "Startup Cost": 0.0, "Total Cost": 77977.46, "Plan Rows": 2266921, "Plan Width": 0, "Index Cond": "((l_shipdate >= '1997-07-01 00:00:00'::timestamp(0) without time zone) AND (l_shipdate < '1997-10-01 00:00:00'::timestamp without time zone))"}]}]}]}]}]}, "Unique SQL Id": 3712096918, "Planner Runtime": 0}, "explain_analyze_plan": {"Plan": {"Node Type": "Merge Join", "Join Type": "Inner", "Startup Cost": 3253691.59, "Total Cost": 3255082.29, "Plan Rows": 59380, "Plan Width": 83, "Actual Startup Time": 11273.839, "Actual Total Time": 11274.042, "Actual Rows": 1, "Actual Loops": 1, "Inner Unique": true, "Merge Cond": "(supplier.s_suppkey = revenue0.supplier_no)", "Plans": [{"Node Type": "Aggregate", "Strategy": "Plain", "Parent Relationship": "exec_init_plan", "Subplan Name": "InitPlan 1 (returns $0)", "Startup Cost": 1610196.85, "Total Cost": 1610196.86, "Plan Rows": 1, "Plan Width": 16, "Actual Startup Time": 5587.42, "Actual Total Time": 5587.42, "Actual Rows": 1, "Actual Loops": 1, "Plans": [{"Node Type": "Aggregate", "Strategy": "Hashed", "Parent Relationship": "Outer", "Startup Cost": 1608860.8, "Total Cost": 1609454.6, "Plan Rows": 59380, "Plan Width": 32, "Actual Startup Time": 5543.433, "Actual Total Time": 5572.471, "Actual Rows": 100000, "Actual Loops": 1, "Group By Key": ["public.lineitem.l_suppkey"], "Plans": [{"Node Type": "Bitmap Heap Scan", "Parent Relationship": "Outer", "Relation Name": "lineitem", "Alias": "lineitem", "Startup Cost": 78544.19, "Total Cost": 1586191.59, "Plan Rows": 2266921, "Plan Width": 24, "Actual Startup Time": 1181.717, "Actual Total Time": 3948.832, "Actual Rows": 2293944, "Actual Loops": 1, "Recheck Cond": "((l_shipdate >= '1997-07-01 00:00:00'::timestamp(0) without time zone) AND (l_shipdate < '1997-10-01 00:00:00'::timestamp without time zone)), (LLVM Optimized, Jit Execute)", "Rows Removed by Index Recheck": 0, "Exact Heap Blocks": 732487, "Lossy Heap Blocks": 732487, "Plans": [{"Node Type": "Bitmap Index Scan", "Parent Relationship": "Outer", "Index Name": "idx_lineitem_shipdate", "Startup Cost": 0.0, "Total Cost": 77977.46, "Plan Rows": 2266921, "Plan Width": 0, "Actual Startup Time": 891.828, "Actual Total Time": 891.828, "Actual Rows": 2293944, "Actual Loops": 1, "Index Cond": "((l_shipdate >= '1997-07-01 00:00:00'::timestamp(0) without time zone) AND (l_shipdate < '1997-10-01 00:00:00'::timestamp without time zone))"}]}]}]}, {"Node Type": "Sort", "Parent Relationship": "Outer", "Startup Cost": 11587.82, "Total Cost": 11837.82, "Plan Rows": 100000, "Plan Width": 75, "Actual Startup Time": 69.893, "Actual Total Time": 74.352, "Actual Rows": 35977, "Actual Loops": 1, "Sort Key": ["supplier.s_suppkey"], "Sort Method": "quicksort", "Sort Space Used": 18698, "Sort Space Type": "Memory", "Plans": [{"Node Type": "Seq Scan", "Parent Relationship": "Outer", "Relation Name": "supplier", "Alias": "supplier", "Startup Cost": 0.0, "Total Cost": 3283.0, "Plan Rows": 100000, "Plan Width": 75, "Actual Startup Time": 0.023, "Actual Total Time": 34.157, "Actual Rows": 100000, "Actual Loops": 1}]}, {"Node Type": "Sort", "Parent Relationship": "Inner", "Startup Cost": 1631906.91, "Total Cost": 1632055.36, "Plan Rows": 59380, "Plan Width": 16, "Actual Startup Time": 11194.298, "Actual Total Time": 11194.298, "Actual Rows": 1, "Actual Loops": 1, "Sort Key": ["revenue0.supplier_no"], "Sort Method": "quicksort", "Sort Space Used": 25, "Sort Space Type": "Memory", "Plans": [{"Node Type": "Subquery Scan", "Parent Relationship": "Outer", "Alias": "revenue0", "Startup Cost": 1625862.71, "Total Cost": 1627198.76, "Plan Rows": 59380, "Plan Width": 16, "Actual Startup Time": 11175.845, "Actual Total Time": 11194.042, "Actual Rows": 1, "Actual Loops": 1, "Plans": [{"Node Type": "Aggregate", "Strategy": "Hashed", "Parent Relationship": "Subquery", "Startup Cost": 1625862.71, "Total Cost": 1626604.96, "Plan Rows": 59380, "Plan Width": 40, "Actual Startup Time": 11175.843, "Actual Total Time": 11194.037, "Actual Rows": 1, "Actual Loops": 1, "Group By Key": ["public.lineitem.l_suppkey"], "Filter": "(sum((public.lineitem.l_extendedprice * (1::double precision - public.lineitem.l_discount))) = $0), (LLVM Optimized, Jit Execute)", "Rows Removed by Filter": 99999, "Plans": [{"Node Type": "Bitmap Heap Scan", "Parent Relationship": "Outer", "Relation Name": "lineitem", "Alias": "lineitem", "Startup Cost": 78544.19, "Total Cost": 1586191.59, "Plan Rows": 2266921, "Plan Width": 24, "Actual Startup Time": 1200.348, "Actual Total Time": 3963.914, "Actual Rows": 2293944, "Actual Loops": 1, "Recheck Cond": "((l_shipdate >= '1997-07-01 00:00:00'::timestamp(0) without time zone) AND (l_shipdate < '1997-10-01 00:00:00'::timestamp without time zone)), (LLVM Optimized, Jit Execute)", "Rows Removed by Index Recheck": 0, "Exact Heap Blocks": 732487, "Lossy Heap Blocks": 732487, "Plans": [{"Node Type": "Bitmap Index Scan", "Parent Relationship": "Outer", "Index Name": "idx_lineitem_shipdate", "Startup Cost": 0.0, "Total Cost": 77977.46, "Plan Rows": 2266921, "Plan Width": 0, "Actual Startup Time": 837.379, "Actual Total Time": 837.379, "Actual Rows": 2293944, "Actual Loops": 1, "Index Cond": "((l_shipdate >= '1997-07-01 00:00:00'::timestamp(0) without time zone) AND (l_shipdate < '1997-10-01 00:00:00'::timestamp without time zone))"}]}]}]}]}]}, "Triggers": [], "Planner Runtime": 0.871, "Total Runtime": 11286.651, "Unique SQL Id": 3712096918}}, "(64, '3')": {"explain_plan": {"Plan": {"Node Type": "Sort", "Startup Cost": 3497813.02, "Total Cost": 3497961.47, "Plan Rows": 59380, "Plan Width": 83, "Sort Key": ["supplier.s_suppkey"], "Plans": [{"Node Type": "Aggregate", "Strategy": "Plain", "Parent Relationship": "exec_init_plan", "Subplan Name": "InitPlan 1 (returns $0)", "Startup Cost": 1610196.85, "Total Cost": 1610196.86, "Plan Rows": 1, "Plan Width": 16, "Plans": [{"Node Type": "Aggregate", "Strategy": "Hashed", "Parent Relationship": "Outer", "Startup Cost": 1608860.8, "Total Cost": 1609454.6, "Plan Rows": 59380, "Plan Width": 32, "Group By Key": ["public.lineitem.l_suppkey"], "Plans": [{"Node Type": "Bitmap Heap Scan", "Parent Relationship": "Outer", "Relation Name": "lineitem", "Alias": "lineitem", "Startup Cost": 78544.19, "Total Cost": 1586191.59, "Plan Rows": 2266921, "Plan Width": 24, "Recheck Cond": "((l_shipdate >= '1997-07-01 00:00:00'::timestamp(0) without time zone) AND (l_shipdate < '1997-10-01 00:00:00'::timestamp without time zone)), (LLVM Optimized)", "Plans": [{"Node Type": "Bitmap Index Scan", "Parent Relationship": "Outer", "Index Name": "idx_lineitem_shipdate", "Startup Cost": 0.0, "Total Cost": 77977.46, "Plan Rows": 2266921, "Plan Width": 0, "Index Cond": "((l_shipdate >= '1997-07-01 00:00:00'::timestamp(0) without time zone) AND (l_shipdate < '1997-10-01 00:00:00'::timestamp without time zone))"}]}]}]}, {"Node Type": "Nested Loop", "Parent Relationship": "Outer", "Join Type": "Inner", "Startup Cost": 1625863.0, "Total Cost": 1882908.01, "Plan Rows": 59380, "Plan Width": 83, "Inner Unique": true, "Plans": [{"Node Type": "Aggregate", "Strategy": "Hashed", "Parent Relationship": "Outer", "Startup Cost": 1625862.71, "Total Cost": 1626604.96, "Plan Rows": 59380, "Plan Width": 40, "Group By Key": ["public.lineitem.l_suppkey"], "Filter": "(sum((public.lineitem.l_extendedprice * (1::double precision - public.lineitem.l_discount))) = $0), (LLVM Optimized)", "Plans": [{"Node Type": "Bitmap Heap Scan", "Parent Relationship": "Outer", "Relation Name": "lineitem", "Alias": "lineitem", "Startup Cost": 78544.19, "Total Cost": 1586191.59, "Plan Rows": 2266921, "Plan Width": 24, "Recheck Cond": "((l_shipdate >= '1997-07-01 00:00:00'::timestamp(0) without time zone) AND (l_shipdate < '1997-10-01 00:00:00'::timestamp without time zone)), (LLVM Optimized)", "Plans": [{"Node Type": "Bitmap Index Scan", "Parent Relationship": "Outer", "Index Name": "idx_lineitem_shipdate", "Startup Cost": 0.0, "Total Cost": 77977.46, "Plan Rows": 2266921, "Plan Width": 0, "Index Cond": "((l_shipdate >= '1997-07-01 00:00:00'::timestamp(0) without time zone) AND (l_shipdate < '1997-10-01 00:00:00'::timestamp without time zone))"}]}]}, {"Node Type": "Bitmap Heap Scan", "Parent Relationship": "Inner", "Relation Name": "supplier", "Alias": "supplier", "Startup Cost": 0.28, "Total Cost": 4.3, "Plan Rows": 1, "Plan Width": 75, "Recheck Cond": "(s_suppkey = public.lineitem.l_suppkey)", "Plans": [{"Node Type": "Bitmap Index Scan", "Parent Relationship": "Outer", "Index Name": "supplier_pkey", "Startup Cost": 0.0, "Total Cost": 0.28, "Plan Rows": 1, "Plan Width": 0, "Index Cond": "(s_suppkey = public.lineitem.l_suppkey)"}]}]}]}, "Unique SQL Id": 3712096918, "Planner Runtime": 1}, "explain_analyze_plan": {"Plan": {"Node Type": "Sort", "Startup Cost": 3497813.02, "Total Cost": 3497961.47, "Plan Rows": 59380, "Plan Width": 83, "Actual Startup Time": 11573.67, "Actual Total Time": 11573.671, "Actual Rows": 1, "Actual Loops": 1, "Sort Key": ["supplier.s_suppkey"], "Sort Method": "quicksort", "Sort Space Used": 25, "Sort Space Type": "Memory", "Plans": [{"Node Type": "Aggregate", "Strategy": "Plain", "Parent Relationship": "exec_init_plan", "Subplan Name": "InitPlan 1 (returns $0)", "Startup Cost": 1610196.85, "Total Cost": 1610196.86, "Plan Rows": 1, "Plan Width": 16, "Actual Startup Time": 5810.994, "Actual Total Time": 5810.994, "Actual Rows": 1, "Actual Loops": 1, "Plans": [{"Node Type": "Aggregate", "Strategy": "Hashed", "Parent Relationship": "Outer", "Startup Cost": 1608860.8, "Total Cost": 1609454.6, "Plan Rows": 59380, "Plan Width": 32, "Actual Startup Time": 5762.308, "Actual Total Time": 5795.992, "Actual Rows": 100000, "Actual Loops": 1, "Group By Key": ["public.lineitem.l_suppkey"], "Plans": [{"Node Type": "Bitmap Heap Scan", "Parent Relationship": "Outer", "Relation Name": "lineitem", "Alias": "lineitem", "Startup Cost": 78544.19, "Total Cost": 1586191.59, "Plan Rows": 2266921, "Plan Width": 24, "Actual Startup Time": 1233.691, "Actual Total Time": 4071.08, "Actual Rows": 2293944, "Actual Loops": 1, "Recheck Cond": "((l_shipdate >= '1997-07-01 00:00:00'::timestamp(0) without time zone) AND (l_shipdate < '1997-10-01 00:00:00'::timestamp without time zone)), (LLVM Optimized, Jit Execute)", "Rows Removed by Index Recheck": 0, "Exact Heap Blocks": 732487, "Lossy Heap Blocks": 732487, "Plans": [{"Node Type": "Bitmap Index Scan", "Parent Relationship": "Outer", "Index Name": "idx_lineitem_shipdate", "Startup Cost": 0.0, "Total Cost": 77977.46, "Plan Rows": 2266921, "Plan Width": 0, "Actual Startup Time": 943.405, "Actual Total Time": 943.405, "Actual Rows": 2293944, "Actual Loops": 1, "Index Cond": "((l_shipdate >= '1997-07-01 00:00:00'::timestamp(0) without time zone) AND (l_shipdate < '1997-10-01 00:00:00'::timestamp without time zone))"}]}]}]}, {"Node Type": "Nested Loop", "Parent Relationship": "Outer", "Join Type": "Inner", "Startup Cost": 1625863.0, "Total Cost": 1882908.01, "Plan Rows": 59380, "Plan Width": 83, "Actual Startup Time": 11554.935, "Actual Total Time": 11573.643, "Actual Rows": 1, "Actual Loops": 1, "Inner Unique": true, "Plans": [{"Node Type": "Aggregate", "Strategy": "Hashed", "Parent Relationship": "Outer", "Startup Cost": 1625862.71, "Total Cost": 1626604.96, "Plan Rows": 59380, "Plan Width": 40, "Actual Startup Time": 11554.824, "Actual Total Time": 11573.326, "Actual Rows": 1, "Actual Loops": 1, "Group By Key": ["public.lineitem.l_suppkey"], "Filter": "(sum((public.lineitem.l_extendedprice * (1::double precision - public.lineitem.l_discount))) = $0), (LLVM Optimized, Jit Execute)", "Rows Removed by Filter": 99999, "Plans": [{"Node Type": "Bitmap Heap Scan", "Parent Relationship": "Outer", "Relation Name": "lineitem", "Alias": "lineitem", "Startup Cost": 78544.19, "Total Cost": 1586191.59, "Plan Rows": 2266921, "Plan Width": 24, "Actual Startup Time": 1251.575, "Actual Total Time": 4123.103, "Actual Rows": 2293944, "Actual Loops": 1, "Recheck Cond": "((l_shipdate >= '1997-07-01 00:00:00'::timestamp(0) without time zone) AND (l_shipdate < '1997-10-01 00:00:00'::timestamp without time zone)), (LLVM Optimized, Jit Execute)", "Rows Removed by Index Recheck": 0, "Exact Heap Blocks": 732487, "Lossy Heap Blocks": 732487, "Plans": [{"Node Type": "Bitmap Index Scan", "Parent Relationship": "Outer", "Index Name": "idx_lineitem_shipdate", "Startup Cost": 0.0, "Total Cost": 77977.46, "Plan Rows": 2266921, "Plan Width": 0, "Actual Startup Time": 951.166, "Actual Total Time": 951.166, "Actual Rows": 2293944, "Actual Loops": 1, "Index Cond": "((l_shipdate >= '1997-07-01 00:00:00'::timestamp(0) without time zone) AND (l_shipdate < '1997-10-01 00:00:00'::timestamp without time zone))"}]}]}, {"Node Type": "Bitmap Heap Scan", "Parent Relationship": "Inner", "Relation Name": "supplier", "Alias": "supplier", "Startup Cost": 0.28, "Total Cost": 4.3, "Plan Rows": 1, "Plan Width": 75, "Actual Startup Time": 0.082, "Actual Total Time": 0.082, "Actual Rows": 1, "Actual Loops": 1, "Recheck Cond": "(s_suppkey = public.lineitem.l_suppkey)", "Rows Removed by Index Recheck": 0, "Exact Heap Blocks": 1, "Lossy Heap Blocks": 1, "Plans": [{"Node Type": "Bitmap Index Scan", "Parent Relationship": "Outer", "Index Name": "supplier_pkey", "Startup Cost": 0.0, "Total Cost": 0.28, "Plan Rows": 1, "Plan Width": 0, "Actual Startup Time": 0.037, "Actual Total Time": 0.037, "Actual Rows": 1, "Actual Loops": 1, "Index Cond": "(s_suppkey = public.lineitem.l_suppkey)"}]}]}]}, "Triggers": [], "Planner Runtime": 0.887, "Total Runtime": 11586.661, "Unique SQL Id": 3712096918}}, "(64, '4')": {"explain_plan": {"Plan": {"Node Type": "Merge Join", "Join Type": "Inner", "Startup Cost": 3242103.77, "Total Cost": 3248579.02, "Plan Rows": 59380, "Plan Width": 83, "Inner Unique": true, "Merge Cond": "(supplier.s_suppkey = revenue0.supplier_no)", "Plans": [{"Node Type": "Aggregate", "Strategy": "Plain", "Parent Relationship": "exec_init_plan", "Subplan Name": "InitPlan 1 (returns $0)", "Startup Cost": 1610196.85, "Total Cost": 1610196.86, "Plan Rows": 1, "Plan Width": 16, "Plans": [{"Node Type": "Aggregate", "Strategy": "Hashed", "Parent Relationship": "Outer", "Startup Cost": 1608860.8, "Total Cost": 1609454.6, "Plan Rows": 59380, "Plan Width": 32, "Group By Key": ["public.lineitem.l_suppkey"], "Plans": [{"Node Type": "Bitmap Heap Scan", "Parent Relationship": "Outer", "Relation Name": "lineitem", "Alias": "lineitem", "Startup Cost": 78544.19, "Total Cost": 1586191.59, "Plan Rows": 2266921, "Plan Width": 24, "Recheck Cond": "((l_shipdate >= '1997-07-01 00:00:00'::timestamp(0) without time zone) AND (l_shipdate < '1997-10-01 00:00:00'::timestamp without time zone)), (LLVM Optimized)", "Plans": [{"Node Type": "Bitmap Index Scan", "Parent Relationship": "Outer", "Index Name": "idx_lineitem_shipdate", "Startup Cost": 0.0, "Total Cost": 77977.46, "Plan Rows": 2266921, "Plan Width": 0, "Index Cond": "((l_shipdate >= '1997-07-01 00:00:00'::timestamp(0) without time zone) AND (l_shipdate < '1997-10-01 00:00:00'::timestamp without time zone))"}]}]}]}, {"Node Type": "Index Scan", "Parent Relationship": "Outer", "Scan Direction": "Forward", "Index Name": "supplier_pkey", "Relation Name": "supplier", "Alias": "supplier", "Startup Cost": 0.0, "Total Cost": 5334.54, "Plan Rows": 100000, "Plan Width": 75}, {"Node Type": "Sort", "Parent Relationship": "Inner", "Startup Cost": 1631906.91, "Total Cost": 1632055.36, "Plan Rows": 59380, "Plan Width": 16, "Sort Key": ["revenue0.supplier_no"], "Plans": [{"Node Type": "Subquery Scan", "Parent Relationship": "Outer", "Alias": "revenue0", "Startup Cost": 1625862.71, "Total Cost": 1627198.76, "Plan Rows": 59380, "Plan Width": 16, "Plans": [{"Node Type": "Aggregate", "Strategy": "Hashed", "Parent Relationship": "Subquery", "Startup Cost": 1625862.71, "Total Cost": 1626604.96, "Plan Rows": 59380, "Plan Width": 40, "Group By Key": ["public.lineitem.l_suppkey"], "Filter": "(sum((public.lineitem.l_extendedprice * (1::double precision - public.lineitem.l_discount))) = $0), (LLVM Optimized)", "Plans": [{"Node Type": "Bitmap Heap Scan", "Parent Relationship": "Outer", "Relation Name": "lineitem", "Alias": "lineitem", "Startup Cost": 78544.19, "Total Cost": 1586191.59, "Plan Rows": 2266921, "Plan Width": 24, "Recheck Cond": "((l_shipdate >= '1997-07-01 00:00:00'::timestamp(0) without time zone) AND (l_shipdate < '1997-10-01 00:00:00'::timestamp without time zone)), (LLVM Optimized)", "Plans": [{"Node Type": "Bitmap Index Scan", "Parent Relationship": "Outer", "Index Name": "idx_lineitem_shipdate", "Startup Cost": 0.0, "Total Cost": 77977.46, "Plan Rows": 2266921, "Plan Width": 0, "Index Cond": "((l_shipdate >= '1997-07-01 00:00:00'::timestamp(0) without time zone) AND (l_shipdate < '1997-10-01 00:00:00'::timestamp without time zone))"}]}]}]}]}]}, "Unique SQL Id": 3712096918, "Planner Runtime": 1}, "explain_analyze_plan": {"Plan": {"Node Type": "Merge Join", "Join Type": "Inner", "Startup Cost": 3242103.77, "Total Cost": 3248579.02, "Plan Rows": 59380, "Plan Width": 83, "Actual Startup Time": 11259.12, "Actual Total Time": 11259.13, "Actual Rows": 1, "Actual Loops": 1, "Inner Unique": true, "Merge Cond": "(supplier.s_suppkey = revenue0.supplier_no)", "Plans": [{"Node Type": "Aggregate", "Strategy": "Plain", "Parent Relationship": "exec_init_plan", "Subplan Name": "InitPlan 1 (returns $0)", "Startup Cost": 1610196.85, "Total Cost": 1610196.86, "Plan Rows": 1, "Plan Width": 16, "Actual Startup Time": 5678.286, "Actual Total Time": 5678.286, "Actual Rows": 1, "Actual Loops": 1, "Plans": [{"Node Type": "Aggregate", "Strategy": "Hashed", "Parent Relationship": "Outer", "Startup Cost": 1608860.8, "Total Cost": 1609454.6, "Plan Rows": 59380, "Plan Width": 32, "Actual Startup Time": 5632.701, "Actual Total Time": 5663.385, "Actual Rows": 100000, "Actual Loops": 1, "Group By Key": ["public.lineitem.l_suppkey"], "Plans": [{"Node Type": "Bitmap Heap Scan", "Parent Relationship": "Outer", "Relation Name": "lineitem", "Alias": "lineitem", "Startup Cost": 78544.19, "Total Cost": 1586191.59, "Plan Rows": 2266921, "Plan Width": 24, "Actual Startup Time": 1092.363, "Actual Total Time": 3924.167, "Actual Rows": 2293944, "Actual Loops": 1, "Recheck Cond": "((l_shipdate >= '1997-07-01 00:00:00'::timestamp(0) without time zone) AND (l_shipdate < '1997-10-01 00:00:00'::timestamp without time zone)), (LLVM Optimized, Jit Execute)", "Rows Removed by Index Recheck": 0, "Exact Heap Blocks": 732487, "Lossy Heap Blocks": 732487, "Plans": [{"Node Type": "Bitmap Index Scan", "Parent Relationship": "Outer", "Index Name": "idx_lineitem_shipdate", "Startup Cost": 0.0, "Total Cost": 77977.46, "Plan Rows": 2266921, "Plan Width": 0, "Actual Startup Time": 806.305, "Actual Total Time": 806.305, "Actual Rows": 2293944, "Actual Loops": 1, "Index Cond": "((l_shipdate >= '1997-07-01 00:00:00'::timestamp(0) without time zone) AND (l_shipdate < '1997-10-01 00:00:00'::timestamp without time zone))"}]}]}]}, {"Node Type": "Index Scan", "Parent Relationship": "Outer", "Scan Direction": "Forward", "Index Name": "supplier_pkey", "Relation Name": "supplier", "Alias": "supplier", "Startup Cost": 0.0, "Total Cost": 5334.54, "Plan Rows": 100000, "Plan Width": 75, "Actual Startup Time": 0.035, "Actual Total Time": 17.69, "Actual Rows": 35977, "Actual Loops": 1}, {"Node Type": "Sort", "Parent Relationship": "Inner", "Startup Cost": 1631906.91, "Total Cost": 1632055.36, "Plan Rows": 59380, "Plan Width": 16, "Actual Startup Time": 11236.384, "Actual Total Time": 11236.386, "Actual Rows": 1, "Actual Loops": 1, "Sort Key": ["revenue0.supplier_no"], "Sort Method": "quicksort", "Sort Space Used": 25, "Sort Space Type": "Memory", "Plans": [{"Node Type": "Subquery Scan", "Parent Relationship": "Outer", "Alias": "revenue0", "Startup Cost": 1625862.71, "Total Cost": 1627198.76, "Plan Rows": 59380, "Plan Width": 16, "Actual Startup Time": 11217.282, "Actual Total Time": 11236.125, "Actual Rows": 1, "Actual Loops": 1, "Plans": [{"Node Type": "Aggregate", "Strategy": "Hashed", "Parent Relationship": "Subquery", "Startup Cost": 1625862.71, "Total Cost": 1626604.96, "Plan Rows": 59380, "Plan Width": 40, "Actual Startup Time": 11217.279, "Actual Total Time": 11236.12, "Actual Rows": 1, "Actual Loops": 1, "Group By Key": ["public.lineitem.l_suppkey"], "Filter": "(sum((public.lineitem.l_extendedprice * (1::double precision - public.lineitem.l_discount))) = $0), (LLVM Optimized, Jit Execute)", "Rows Removed by Filter": 99999, "Plans": [{"Node Type": "Bitmap Heap Scan", "Parent Relationship": "Outer", "Relation Name": "lineitem", "Alias": "lineitem", "Startup Cost": 78544.19, "Total Cost": 1586191.59, "Plan Rows": 2266921, "Plan Width": 24, "Actual Startup Time": 1268.542, "Actual Total Time": 4012.865, "Actual Rows": 2293944, "Actual Loops": 1, "Recheck Cond": "((l_shipdate >= '1997-07-01 00:00:00'::timestamp(0) without time zone) AND (l_shipdate < '1997-10-01 00:00:00'::timestamp without time zone)), (LLVM Optimized, Jit Execute)", "Rows Removed by Index Recheck": 0, "Exact Heap Blocks": 732487, "Lossy Heap Blocks": 732487, "Plans": [{"Node Type": "Bitmap Index Scan", "Parent Relationship": "Outer", "Index Name": "idx_lineitem_shipdate", "Startup Cost": 0.0, "Total Cost": 77977.46, "Plan Rows": 2266921, "Plan Width": 0, "Actual Startup Time": 913.173, "Actual Total Time": 913.173, "Actual Rows": 2293944, "Actual Loops": 1, "Index Cond": "((l_shipdate >= '1997-07-01 00:00:00'::timestamp(0) without time zone) AND (l_shipdate < '1997-10-01 00:00:00'::timestamp without time zone))"}]}]}]}]}]}, "Triggers": [], "Planner Runtime": 0.897, "Total Runtime": 11271.753, "Unique SQL Id": 3712096918}}, "(64, '5')": {"explain_plan": {"Plan": {"Node Type": "Merge Join", "Join Type": "Inner", "Startup Cost": 3242103.77, "Total Cost": 3248579.02, "Plan Rows": 59380, "Plan Width": 83, "Inner Unique": true, "Merge Cond": "(supplier.s_suppkey = revenue0.supplier_no)", "Plans": [{"Node Type": "Aggregate", "Strategy": "Plain", "Parent Relationship": "exec_init_plan", "Subplan Name": "InitPlan 1 (returns $0)", "Startup Cost": 1610196.85, "Total Cost": 1610196.86, "Plan Rows": 1, "Plan Width": 16, "Plans": [{"Node Type": "Aggregate", "Strategy": "Hashed", "Parent Relationship": "Outer", "Startup Cost": 1608860.8, "Total Cost": 1609454.6, "Plan Rows": 59380, "Plan Width": 32, "Group By Key": ["public.lineitem.l_suppkey"], "Plans": [{"Node Type": "Bitmap Heap Scan", "Parent Relationship": "Outer", "Relation Name": "lineitem", "Alias": "lineitem", "Startup Cost": 78544.19, "Total Cost": 1586191.59, "Plan Rows": 2266921, "Plan Width": 24, "Recheck Cond": "((l_shipdate >= '1997-07-01 00:00:00'::timestamp(0) without time zone) AND (l_shipdate < '1997-10-01 00:00:00'::timestamp without time zone)), (LLVM Optimized)", "Plans": [{"Node Type": "Bitmap Index Scan", "Parent Relationship": "Outer", "Index Name": "idx_lineitem_shipdate", "Startup Cost": 0.0, "Total Cost": 77977.46, "Plan Rows": 2266921, "Plan Width": 0, "Index Cond": "((l_shipdate >= '1997-07-01 00:00:00'::timestamp(0) without time zone) AND (l_shipdate < '1997-10-01 00:00:00'::timestamp without time zone))"}]}]}]}, {"Node Type": "Index Scan", "Parent Relationship": "Outer", "Scan Direction": "Forward", "Index Name": "supplier_pkey", "Relation Name": "supplier", "Alias": "supplier", "Startup Cost": 0.0, "Total Cost": 5334.54, "Plan Rows": 100000, "Plan Width": 75}, {"Node Type": "Sort", "Parent Relationship": "Inner", "Startup Cost": 1631906.91, "Total Cost": 1632055.36, "Plan Rows": 59380, "Plan Width": 16, "Sort Key": ["revenue0.supplier_no"], "Plans": [{"Node Type": "Subquery Scan", "Parent Relationship": "Outer", "Alias": "revenue0", "Startup Cost": 1625862.71, "Total Cost": 1627198.76, "Plan Rows": 59380, "Plan Width": 16, "Plans": [{"Node Type": "Aggregate", "Strategy": "Hashed", "Parent Relationship": "Subquery", "Startup Cost": 1625862.71, "Total Cost": 1626604.96, "Plan Rows": 59380, "Plan Width": 40, "Group By Key": ["public.lineitem.l_suppkey"], "Filter": "(sum((public.lineitem.l_extendedprice * (1::double precision - public.lineitem.l_discount))) = $0), (LLVM Optimized)", "Plans": [{"Node Type": "Bitmap Heap Scan", "Parent Relationship": "Outer", "Relation Name": "lineitem", "Alias": "lineitem", "Startup Cost": 78544.19, "Total Cost": 1586191.59, "Plan Rows": 2266921, "Plan Width": 24, "Recheck Cond": "((l_shipdate >= '1997-07-01 00:00:00'::timestamp(0) without time zone) AND (l_shipdate < '1997-10-01 00:00:00'::timestamp without time zone)), (LLVM Optimized)", "Plans": [{"Node Type": "Bitmap Index Scan", "Parent Relationship": "Outer", "Index Name": "idx_lineitem_shipdate", "Startup Cost": 0.0, "Total Cost": 77977.46, "Plan Rows": 2266921, "Plan Width": 0, "Index Cond": "((l_shipdate >= '1997-07-01 00:00:00'::timestamp(0) without time zone) AND (l_shipdate < '1997-10-01 00:00:00'::timestamp without time zone))"}]}]}]}]}]}, "Unique SQL Id": 3712096918, "Planner Runtime": 0}, "explain_analyze_plan": {"Plan": {"Node Type": "Merge Join", "Join Type": "Inner", "Startup Cost": 3242103.77, "Total Cost": 3248579.02, "Plan Rows": 59380, "Plan Width": 83, "Actual Startup Time": 11259.12, "Actual Total Time": 11259.13, "Actual Rows": 1, "Actual Loops": 1, "Inner Unique": true, "Merge Cond": "(supplier.s_suppkey = revenue0.supplier_no)", "Plans": [{"Node Type": "Aggregate", "Strategy": "Plain", "Parent Relationship": "exec_init_plan", "Subplan Name": "InitPlan 1 (returns $0)", "Startup Cost": 1610196.85, "Total Cost": 1610196.86, "Plan Rows": 1, "Plan Width": 16, "Actual Startup Time": 5678.286, "Actual Total Time": 5678.286, "Actual Rows": 1, "Actual Loops": 1, "Plans": [{"Node Type": "Aggregate", "Strategy": "Hashed", "Parent Relationship": "Outer", "Startup Cost": 1608860.8, "Total Cost": 1609454.6, "Plan Rows": 59380, "Plan Width": 32, "Actual Startup Time": 5632.701, "Actual Total Time": 5663.385, "Actual Rows": 100000, "Actual Loops": 1, "Group By Key": ["public.lineitem.l_suppkey"], "Plans": [{"Node Type": "Bitmap Heap Scan", "Parent Relationship": "Outer", "Relation Name": "lineitem", "Alias": "lineitem", "Startup Cost": 78544.19, "Total Cost": 1586191.59, "Plan Rows": 2266921, "Plan Width": 24, "Actual Startup Time": 1092.363, "Actual Total Time": 3924.167, "Actual Rows": 2293944, "Actual Loops": 1, "Recheck Cond": "((l_shipdate >= '1997-07-01 00:00:00'::timestamp(0) without time zone) AND (l_shipdate < '1997-10-01 00:00:00'::timestamp without time zone)), (LLVM Optimized, Jit Execute)", "Rows Removed by Index Recheck": 0, "Exact Heap Blocks": 732487, "Lossy Heap Blocks": 732487, "Plans": [{"Node Type": "Bitmap Index Scan", "Parent Relationship": "Outer", "Index Name": "idx_lineitem_shipdate", "Startup Cost": 0.0, "Total Cost": 77977.46, "Plan Rows": 2266921, "Plan Width": 0, "Actual Startup Time": 806.305, "Actual Total Time": 806.305, "Actual Rows": 2293944, "Actual Loops": 1, "Index Cond": "((l_shipdate >= '1997-07-01 00:00:00'::timestamp(0) without time zone) AND (l_shipdate < '1997-10-01 00:00:00'::timestamp without time zone))"}]}]}]}, {"Node Type": "Index Scan", "Parent Relationship": "Outer", "Scan Direction": "Forward", "Index Name": "supplier_pkey", "Relation Name": "supplier", "Alias": "supplier", "Startup Cost": 0.0, "Total Cost": 5334.54, "Plan Rows": 100000, "Plan Width": 75, "Actual Startup Time": 0.035, "Actual Total Time": 17.69, "Actual Rows": 35977, "Actual Loops": 1}, {"Node Type": "Sort", "Parent Relationship": "Inner", "Startup Cost": 1631906.91, "Total Cost": 1632055.36, "Plan Rows": 59380, "Plan Width": 16, "Actual Startup Time": 11236.384, "Actual Total Time": 11236.386, "Actual Rows": 1, "Actual Loops": 1, "Sort Key": ["revenue0.supplier_no"], "Sort Method": "quicksort", "Sort Space Used": 25, "Sort Space Type": "Memory", "Plans": [{"Node Type": "Subquery Scan", "Parent Relationship": "Outer", "Alias": "revenue0", "Startup Cost": 1625862.71, "Total Cost": 1627198.76, "Plan Rows": 59380, "Plan Width": 16, "Actual Startup Time": 11217.282, "Actual Total Time": 11236.125, "Actual Rows": 1, "Actual Loops": 1, "Plans": [{"Node Type": "Aggregate", "Strategy": "Hashed", "Parent Relationship": "Subquery", "Startup Cost": 1625862.71, "Total Cost": 1626604.96, "Plan Rows": 59380, "Plan Width": 40, "Actual Startup Time": 11217.279, "Actual Total Time": 11236.12, "Actual Rows": 1, "Actual Loops": 1, "Group By Key": ["public.lineitem.l_suppkey"], "Filter": "(sum((public.lineitem.l_extendedprice * (1::double precision - public.lineitem.l_discount))) = $0), (LLVM Optimized, Jit Execute)", "Rows Removed by Filter": 99999, "Plans": [{"Node Type": "Bitmap Heap Scan", "Parent Relationship": "Outer", "Relation Name": "lineitem", "Alias": "lineitem", "Startup Cost": 78544.19, "Total Cost": 1586191.59, "Plan Rows": 2266921, "Plan Width": 24, "Actual Startup Time": 1268.542, "Actual Total Time": 4012.865, "Actual Rows": 2293944, "Actual Loops": 1, "Recheck Cond": "((l_shipdate >= '1997-07-01 00:00:00'::timestamp(0) without time zone) AND (l_shipdate < '1997-10-01 00:00:00'::timestamp without time zone)), (LLVM Optimized, Jit Execute)", "Rows Removed by Index Recheck": 0, "Exact Heap Blocks": 732487, "Lossy Heap Blocks": 732487, "Plans": [{"Node Type": "Bitmap Index Scan", "Parent Relationship": "Outer", "Index Name": "idx_lineitem_shipdate", "Startup Cost": 0.0, "Total Cost": 77977.46, "Plan Rows": 2266921, "Plan Width": 0, "Actual Startup Time": 913.173, "Actual Total Time": 913.173, "Actual Rows": 2293944, "Actual Loops": 1, "Index Cond": "((l_shipdate >= '1997-07-01 00:00:00'::timestamp(0) without time zone) AND (l_shipdate < '1997-10-01 00:00:00'::timestamp without time zone))"}]}]}]}]}]}, "Triggers": [], "Planner Runtime": 0.897, "Total Runtime": 11271.753, "Unique SQL Id": 3712096918}}, "(64, '6')": {"explain_plan": {"Plan": {"Node Type": "Merge Join", "Join Type": "Inner", "Startup Cost": 3253691.59, "Total Cost": 3255082.29, "Plan Rows": 59380, "Plan Width": 83, "Inner Unique": true, "Merge Cond": "(supplier.s_suppkey = revenue0.supplier_no)", "Plans": [{"Node Type": "Aggregate", "Strategy": "Plain", "Parent Relationship": "exec_init_plan", "Subplan Name": "InitPlan 1 (returns $0)", "Startup Cost": 1610196.85, "Total Cost": 1610196.86, "Plan Rows": 1, "Plan Width": 16, "Plans": [{"Node Type": "Aggregate", "Strategy": "Hashed", "Parent Relationship": "Outer", "Startup Cost": 1608860.8, "Total Cost": 1609454.6, "Plan Rows": 59380, "Plan Width": 32, "Group By Key": ["public.lineitem.l_suppkey"], "Plans": [{"Node Type": "Bitmap Heap Scan", "Parent Relationship": "Outer", "Relation Name": "lineitem", "Alias": "lineitem", "Startup Cost": 78544.19, "Total Cost": 1586191.59, "Plan Rows": 2266921, "Plan Width": 24, "Recheck Cond": "((l_shipdate >= '1997-07-01 00:00:00'::timestamp(0) without time zone) AND (l_shipdate < '1997-10-01 00:00:00'::timestamp without time zone)), (LLVM Optimized)", "Plans": [{"Node Type": "Bitmap Index Scan", "Parent Relationship": "Outer", "Index Name": "idx_lineitem_shipdate", "Startup Cost": 0.0, "Total Cost": 77977.46, "Plan Rows": 2266921, "Plan Width": 0, "Index Cond": "((l_shipdate >= '1997-07-01 00:00:00'::timestamp(0) without time zone) AND (l_shipdate < '1997-10-01 00:00:00'::timestamp without time zone))"}]}]}]}, {"Node Type": "Sort", "Parent Relationship": "Outer", "Startup Cost": 11587.82, "Total Cost": 11837.82, "Plan Rows": 100000, "Plan Width": 75, "Sort Key": ["supplier.s_suppkey"], "Plans": [{"Node Type": "Seq Scan", "Parent Relationship": "Outer", "Relation Name": "supplier", "Alias": "supplier", "Startup Cost": 0.0, "Total Cost": 3283.0, "Plan Rows": 100000, "Plan Width": 75}]}, {"Node Type": "Sort", "Parent Relationship": "Inner", "Startup Cost": 1631906.91, "Total Cost": 1632055.36, "Plan Rows": 59380, "Plan Width": 16, "Sort Key": ["revenue0.supplier_no"], "Plans": [{"Node Type": "Subquery Scan", "Parent Relationship": "Outer", "Alias": "revenue0", "Startup Cost": 1625862.71, "Total Cost": 1627198.76, "Plan Rows": 59380, "Plan Width": 16, "Plans": [{"Node Type": "Aggregate", "Strategy": "Hashed", "Parent Relationship": "Subquery", "Startup Cost": 1625862.71, "Total Cost": 1626604.96, "Plan Rows": 59380, "Plan Width": 40, "Group By Key": ["public.lineitem.l_suppkey"], "Filter": "(sum((public.lineitem.l_extendedprice * (1::double precision - public.lineitem.l_discount))) = $0), (LLVM Optimized)", "Plans": [{"Node Type": "Bitmap Heap Scan", "Parent Relationship": "Outer", "Relation Name": "lineitem", "Alias": "lineitem", "Startup Cost": 78544.19, "Total Cost": 1586191.59, "Plan Rows": 2266921, "Plan Width": 24, "Recheck Cond": "((l_shipdate >= '1997-07-01 00:00:00'::timestamp(0) without time zone) AND (l_shipdate < '1997-10-01 00:00:00'::timestamp without time zone)), (LLVM Optimized)", "Plans": [{"Node Type": "Bitmap Index Scan", "Parent Relationship": "Outer", "Index Name": "idx_lineitem_shipdate", "Startup Cost": 0.0, "Total Cost": 77977.46, "Plan Rows": 2266921, "Plan Width": 0, "Index Cond": "((l_shipdate >= '1997-07-01 00:00:00'::timestamp(0) without time zone) AND (l_shipdate < '1997-10-01 00:00:00'::timestamp without time zone))"}]}]}]}]}]}, "Unique SQL Id": 3712096918, "Planner Runtime": 0}, "explain_analyze_plan": {"Plan": {"Node Type": "Merge Join", "Join Type": "Inner", "Startup Cost": 3253691.59, "Total Cost": 3255082.29, "Plan Rows": 59380, "Plan Width": 83, "Actual Startup Time": 11273.839, "Actual Total Time": 11274.042, "Actual Rows": 1, "Actual Loops": 1, "Inner Unique": true, "Merge Cond": "(supplier.s_suppkey = revenue0.supplier_no)", "Plans": [{"Node Type": "Aggregate", "Strategy": "Plain", "Parent Relationship": "exec_init_plan", "Subplan Name": "InitPlan 1 (returns $0)", "Startup Cost": 1610196.85, "Total Cost": 1610196.86, "Plan Rows": 1, "Plan Width": 16, "Actual Startup Time": 5587.42, "Actual Total Time": 5587.42, "Actual Rows": 1, "Actual Loops": 1, "Plans": [{"Node Type": "Aggregate", "Strategy": "Hashed", "Parent Relationship": "Outer", "Startup Cost": 1608860.8, "Total Cost": 1609454.6, "Plan Rows": 59380, "Plan Width": 32, "Actual Startup Time": 5543.433, "Actual Total Time": 5572.471, "Actual Rows": 100000, "Actual Loops": 1, "Group By Key": ["public.lineitem.l_suppkey"], "Plans": [{"Node Type": "Bitmap Heap Scan", "Parent Relationship": "Outer", "Relation Name": "lineitem", "Alias": "lineitem", "Startup Cost": 78544.19, "Total Cost": 1586191.59, "Plan Rows": 2266921, "Plan Width": 24, "Actual Startup Time": 1181.717, "Actual Total Time": 3948.832, "Actual Rows": 2293944, "Actual Loops": 1, "Recheck Cond": "((l_shipdate >= '1997-07-01 00:00:00'::timestamp(0) without time zone) AND (l_shipdate < '1997-10-01 00:00:00'::timestamp without time zone)), (LLVM Optimized, Jit Execute)", "Rows Removed by Index Recheck": 0, "Exact Heap Blocks": 732487, "Lossy Heap Blocks": 732487, "Plans": [{"Node Type": "Bitmap Index Scan", "Parent Relationship": "Outer", "Index Name": "idx_lineitem_shipdate", "Startup Cost": 0.0, "Total Cost": 77977.46, "Plan Rows": 2266921, "Plan Width": 0, "Actual Startup Time": 891.828, "Actual Total Time": 891.828, "Actual Rows": 2293944, "Actual Loops": 1, "Index Cond": "((l_shipdate >= '1997-07-01 00:00:00'::timestamp(0) without time zone) AND (l_shipdate < '1997-10-01 00:00:00'::timestamp without time zone))"}]}]}]}, {"Node Type": "Sort", "Parent Relationship": "Outer", "Startup Cost": 11587.82, "Total Cost": 11837.82, "Plan Rows": 100000, "Plan Width": 75, "Actual Startup Time": 69.893, "Actual Total Time": 74.352, "Actual Rows": 35977, "Actual Loops": 1, "Sort Key": ["supplier.s_suppkey"], "Sort Method": "quicksort", "Sort Space Used": 18698, "Sort Space Type": "Memory", "Plans": [{"Node Type": "Seq Scan", "Parent Relationship": "Outer", "Relation Name": "supplier", "Alias": "supplier", "Startup Cost": 0.0, "Total Cost": 3283.0, "Plan Rows": 100000, "Plan Width": 75, "Actual Startup Time": 0.023, "Actual Total Time": 34.157, "Actual Rows": 100000, "Actual Loops": 1}]}, {"Node Type": "Sort", "Parent Relationship": "Inner", "Startup Cost": 1631906.91, "Total Cost": 1632055.36, "Plan Rows": 59380, "Plan Width": 16, "Actual Startup Time": 11194.298, "Actual Total Time": 11194.298, "Actual Rows": 1, "Actual Loops": 1, "Sort Key": ["revenue0.supplier_no"], "Sort Method": "quicksort", "Sort Space Used": 25, "Sort Space Type": "Memory", "Plans": [{"Node Type": "Subquery Scan", "Parent Relationship": "Outer", "Alias": "revenue0", "Startup Cost": 1625862.71, "Total Cost": 1627198.76, "Plan Rows": 59380, "Plan Width": 16, "Actual Startup Time": 11175.845, "Actual Total Time": 11194.042, "Actual Rows": 1, "Actual Loops": 1, "Plans": [{"Node Type": "Aggregate", "Strategy": "Hashed", "Parent Relationship": "Subquery", "Startup Cost": 1625862.71, "Total Cost": 1626604.96, "Plan Rows": 59380, "Plan Width": 40, "Actual Startup Time": 11175.843, "Actual Total Time": 11194.037, "Actual Rows": 1, "Actual Loops": 1, "Group By Key": ["public.lineitem.l_suppkey"], "Filter": "(sum((public.lineitem.l_extendedprice * (1::double precision - public.lineitem.l_discount))) = $0), (LLVM Optimized, Jit Execute)", "Rows Removed by Filter": 99999, "Plans": [{"Node Type": "Bitmap Heap Scan", "Parent Relationship": "Outer", "Relation Name": "lineitem", "Alias": "lineitem", "Startup Cost": 78544.19, "Total Cost": 1586191.59, "Plan Rows": 2266921, "Plan Width": 24, "Actual Startup Time": 1200.348, "Actual Total Time": 3963.914, "Actual Rows": 2293944, "Actual Loops": 1, "Recheck Cond": "((l_shipdate >= '1997-07-01 00:00:00'::timestamp(0) without time zone) AND (l_shipdate < '1997-10-01 00:00:00'::timestamp without time zone)), (LLVM Optimized, Jit Execute)", "Rows Removed by Index Recheck": 0, "Exact Heap Blocks": 732487, "Lossy Heap Blocks": 732487, "Plans": [{"Node Type": "Bitmap Index Scan", "Parent Relationship": "Outer", "Index Name": "idx_lineitem_shipdate", "Startup Cost": 0.0, "Total Cost": 77977.46, "Plan Rows": 2266921, "Plan Width": 0, "Actual Startup Time": 837.379, "Actual Total Time": 837.379, "Actual Rows": 2293944, "Actual Loops": 1, "Index Cond": "((l_shipdate >= '1997-07-01 00:00:00'::timestamp(0) without time zone) AND (l_shipdate < '1997-10-01 00:00:00'::timestamp without time zone))"}]}]}]}]}]}, "Triggers": [], "Planner Runtime": 0.871, "Total Runtime": 11286.651, "Unique SQL Id": 3712096918}}, "(64, '7')": {"explain_plan": {"Plan": {"Node Type": "Sort", "Startup Cost": 3497813.02, "Total Cost": 3497961.47, "Plan Rows": 59380, "Plan Width": 83, "Sort Key": ["supplier.s_suppkey"], "Plans": [{"Node Type": "Aggregate", "Strategy": "Plain", "Parent Relationship": "exec_init_plan", "Subplan Name": "InitPlan 1 (returns $0)", "Startup Cost": 1610196.85, "Total Cost": 1610196.86, "Plan Rows": 1, "Plan Width": 16, "Plans": [{"Node Type": "Aggregate", "Strategy": "Hashed", "Parent Relationship": "Outer", "Startup Cost": 1608860.8, "Total Cost": 1609454.6, "Plan Rows": 59380, "Plan Width": 32, "Group By Key": ["public.lineitem.l_suppkey"], "Plans": [{"Node Type": "Bitmap Heap Scan", "Parent Relationship": "Outer", "Relation Name": "lineitem", "Alias": "lineitem", "Startup Cost": 78544.19, "Total Cost": 1586191.59, "Plan Rows": 2266921, "Plan Width": 24, "Recheck Cond": "((l_shipdate >= '1997-07-01 00:00:00'::timestamp(0) without time zone) AND (l_shipdate < '1997-10-01 00:00:00'::timestamp without time zone)), (LLVM Optimized)", "Plans": [{"Node Type": "Bitmap Index Scan", "Parent Relationship": "Outer", "Index Name": "idx_lineitem_shipdate", "Startup Cost": 0.0, "Total Cost": 77977.46, "Plan Rows": 2266921, "Plan Width": 0, "Index Cond": "((l_shipdate >= '1997-07-01 00:00:00'::timestamp(0) without time zone) AND (l_shipdate < '1997-10-01 00:00:00'::timestamp without time zone))"}]}]}]}, {"Node Type": "Nested Loop", "Parent Relationship": "Outer", "Join Type": "Inner", "Startup Cost": 1625863.0, "Total Cost": 1882908.01, "Plan Rows": 59380, "Plan Width": 83, "Inner Unique": true, "Plans": [{"Node Type": "Aggregate", "Strategy": "Hashed", "Parent Relationship": "Outer", "Startup Cost": 1625862.71, "Total Cost": 1626604.96, "Plan Rows": 59380, "Plan Width": 40, "Group By Key": ["public.lineitem.l_suppkey"], "Filter": "(sum((public.lineitem.l_extendedprice * (1::double precision - public.lineitem.l_discount))) = $0), (LLVM Optimized)", "Plans": [{"Node Type": "Bitmap Heap Scan", "Parent Relationship": "Outer", "Relation Name": "lineitem", "Alias": "lineitem", "Startup Cost": 78544.19, "Total Cost": 1586191.59, "Plan Rows": 2266921, "Plan Width": 24, "Recheck Cond": "((l_shipdate >= '1997-07-01 00:00:00'::timestamp(0) without time zone) AND (l_shipdate < '1997-10-01 00:00:00'::timestamp without time zone)), (LLVM Optimized)", "Plans": [{"Node Type": "Bitmap Index Scan", "Parent Relationship": "Outer", "Index Name": "idx_lineitem_shipdate", "Startup Cost": 0.0, "Total Cost": 77977.46, "Plan Rows": 2266921, "Plan Width": 0, "Index Cond": "((l_shipdate >= '1997-07-01 00:00:00'::timestamp(0) without time zone) AND (l_shipdate < '1997-10-01 00:00:00'::timestamp without time zone))"}]}]}, {"Node Type": "Bitmap Heap Scan", "Parent Relationship": "Inner", "Relation Name": "supplier", "Alias": "supplier", "Startup Cost": 0.28, "Total Cost": 4.3, "Plan Rows": 1, "Plan Width": 75, "Recheck Cond": "(s_suppkey = public.lineitem.l_suppkey)", "Plans": [{"Node Type": "Bitmap Index Scan", "Parent Relationship": "Outer", "Index Name": "supplier_pkey", "Startup Cost": 0.0, "Total Cost": 0.28, "Plan Rows": 1, "Plan Width": 0, "Index Cond": "(s_suppkey = public.lineitem.l_suppkey)"}]}]}]}, "Unique SQL Id": 3712096918, "Planner Runtime": 0}, "explain_analyze_plan": {"Plan": {"Node Type": "Sort", "Startup Cost": 3497813.02, "Total Cost": 3497961.47, "Plan Rows": 59380, "Plan Width": 83, "Actual Startup Time": 11573.67, "Actual Total Time": 11573.671, "Actual Rows": 1, "Actual Loops": 1, "Sort Key": ["supplier.s_suppkey"], "Sort Method": "quicksort", "Sort Space Used": 25, "Sort Space Type": "Memory", "Plans": [{"Node Type": "Aggregate", "Strategy": "Plain", "Parent Relationship": "exec_init_plan", "Subplan Name": "InitPlan 1 (returns $0)", "Startup Cost": 1610196.85, "Total Cost": 1610196.86, "Plan Rows": 1, "Plan Width": 16, "Actual Startup Time": 5810.994, "Actual Total Time": 5810.994, "Actual Rows": 1, "Actual Loops": 1, "Plans": [{"Node Type": "Aggregate", "Strategy": "Hashed", "Parent Relationship": "Outer", "Startup Cost": 1608860.8, "Total Cost": 1609454.6, "Plan Rows": 59380, "Plan Width": 32, "Actual Startup Time": 5762.308, "Actual Total Time": 5795.992, "Actual Rows": 100000, "Actual Loops": 1, "Group By Key": ["public.lineitem.l_suppkey"], "Plans": [{"Node Type": "Bitmap Heap Scan", "Parent Relationship": "Outer", "Relation Name": "lineitem", "Alias": "lineitem", "Startup Cost": 78544.19, "Total Cost": 1586191.59, "Plan Rows": 2266921, "Plan Width": 24, "Actual Startup Time": 1233.691, "Actual Total Time": 4071.08, "Actual Rows": 2293944, "Actual Loops": 1, "Recheck Cond": "((l_shipdate >= '1997-07-01 00:00:00'::timestamp(0) without time zone) AND (l_shipdate < '1997-10-01 00:00:00'::timestamp without time zone)), (LLVM Optimized, Jit Execute)", "Rows Removed by Index Recheck": 0, "Exact Heap Blocks": 732487, "Lossy Heap Blocks": 732487, "Plans": [{"Node Type": "Bitmap Index Scan", "Parent Relationship": "Outer", "Index Name": "idx_lineitem_shipdate", "Startup Cost": 0.0, "Total Cost": 77977.46, "Plan Rows": 2266921, "Plan Width": 0, "Actual Startup Time": 943.405, "Actual Total Time": 943.405, "Actual Rows": 2293944, "Actual Loops": 1, "Index Cond": "((l_shipdate >= '1997-07-01 00:00:00'::timestamp(0) without time zone) AND (l_shipdate < '1997-10-01 00:00:00'::timestamp without time zone))"}]}]}]}, {"Node Type": "Nested Loop", "Parent Relationship": "Outer", "Join Type": "Inner", "Startup Cost": 1625863.0, "Total Cost": 1882908.01, "Plan Rows": 59380, "Plan Width": 83, "Actual Startup Time": 11554.935, "Actual Total Time": 11573.643, "Actual Rows": 1, "Actual Loops": 1, "Inner Unique": true, "Plans": [{"Node Type": "Aggregate", "Strategy": "Hashed", "Parent Relationship": "Outer", "Startup Cost": 1625862.71, "Total Cost": 1626604.96, "Plan Rows": 59380, "Plan Width": 40, "Actual Startup Time": 11554.824, "Actual Total Time": 11573.326, "Actual Rows": 1, "Actual Loops": 1, "Group By Key": ["public.lineitem.l_suppkey"], "Filter": "(sum((public.lineitem.l_extendedprice * (1::double precision - public.lineitem.l_discount))) = $0), (LLVM Optimized, Jit Execute)", "Rows Removed by Filter": 99999, "Plans": [{"Node Type": "Bitmap Heap Scan", "Parent Relationship": "Outer", "Relation Name": "lineitem", "Alias": "lineitem", "Startup Cost": 78544.19, "Total Cost": 1586191.59, "Plan Rows": 2266921, "Plan Width": 24, "Actual Startup Time": 1251.575, "Actual Total Time": 4123.103, "Actual Rows": 2293944, "Actual Loops": 1, "Recheck Cond": "((l_shipdate >= '1997-07-01 00:00:00'::timestamp(0) without time zone) AND (l_shipdate < '1997-10-01 00:00:00'::timestamp without time zone)), (LLVM Optimized, Jit Execute)", "Rows Removed by Index Recheck": 0, "Exact Heap Blocks": 732487, "Lossy Heap Blocks": 732487, "Plans": [{"Node Type": "Bitmap Index Scan", "Parent Relationship": "Outer", "Index Name": "idx_lineitem_shipdate", "Startup Cost": 0.0, "Total Cost": 77977.46, "Plan Rows": 2266921, "Plan Width": 0, "Actual Startup Time": 951.166, "Actual Total Time": 951.166, "Actual Rows": 2293944, "Actual Loops": 1, "Index Cond": "((l_shipdate >= '1997-07-01 00:00:00'::timestamp(0) without time zone) AND (l_shipdate < '1997-10-01 00:00:00'::timestamp without time zone))"}]}]}, {"Node Type": "Bitmap Heap Scan", "Parent Relationship": "Inner", "Relation Name": "supplier", "Alias": "supplier", "Startup Cost": 0.28, "Total Cost": 4.3, "Plan Rows": 1, "Plan Width": 75, "Actual Startup Time": 0.082, "Actual Total Time": 0.082, "Actual Rows": 1, "Actual Loops": 1, "Recheck Cond": "(s_suppkey = public.lineitem.l_suppkey)", "Rows Removed by Index Recheck": 0, "Exact Heap Blocks": 1, "Lossy Heap Blocks": 1, "Plans": [{"Node Type": "Bitmap Index Scan", "Parent Relationship": "Outer", "Index Name": "supplier_pkey", "Startup Cost": 0.0, "Total Cost": 0.28, "Plan Rows": 1, "Plan Width": 0, "Actual Startup Time": 0.037, "Actual Total Time": 0.037, "Actual Rows": 1, "Actual Loops": 1, "Index Cond": "(s_suppkey = public.lineitem.l_suppkey)"}]}]}]}, "Triggers": [], "Planner Runtime": 0.887, "Total Runtime": 11586.661, "Unique SQL Id": 3712096918}}, "(64, '8')": {"explain_plan": {"Plan": {"Node Type": "Merge Join", "Join Type": "Inner", "Startup Cost": 4699821.58, "Total Cost": 4706296.82, "Plan Rows": 59380, "Plan Width": 83, "Inner Unique": true, "Merge Cond": "(supplier.s_suppkey = revenue0.supplier_no)", "Plans": [{"Node Type": "Aggregate", "Strategy": "Plain", "Parent Relationship": "exec_init_plan", "Subplan Name": "InitPlan 1 (returns $0)", "Startup Cost": 2339055.76, "Total Cost": 2339055.77, "Plan Rows": 1, "Plan Width": 16, "Plans": [{"Node Type": "Aggregate", "Strategy": "Hashed", "Parent Relationship": "Outer", "Startup Cost": 2337719.71, "Total Cost": 2338313.51, "Plan Rows": 59380, "Plan Width": 32, "Group By Key": ["public.lineitem.l_suppkey"], "Plans": [{"Node Type": "Seq Scan", "Parent Relationship": "Outer", "Relation Name": "lineitem", "Alias": "lineitem", "Startup Cost": 25.32, "Total Cost": 2315050.5, "Plan Rows": 2266921, "Plan Width": 24, "Filter": "((l_shipdate >= '1997-07-01 00:00:00'::timestamp(0) without time zone) AND (l_shipdate < '1997-10-01 00:00:00'::timestamp without time zone)), (LLVM Optimized)"}]}]}, {"Node Type": "Index Scan", "Parent Relationship": "Outer", "Scan Direction": "Forward", "Index Name": "supplier_pkey", "Relation Name": "supplier", "Alias": "supplier", "Startup Cost": 0.0, "Total Cost": 5334.54, "Plan Rows": 100000, "Plan Width": 75}, {"Node Type": "Sort", "Parent Relationship": "Inner", "Startup Cost": 2360765.81, "Total Cost": 2360914.26, "Plan Rows": 59380, "Plan Width": 16, "Sort Key": ["revenue0.supplier_no"], "Plans": [{"Node Type": "Subquery Scan", "Parent Relationship": "Outer", "Alias": "revenue0", "Startup Cost": 2354721.61, "Total Cost": 2356057.66, "Plan Rows": 59380, "Plan Width": 16, "Plans": [{"Node Type": "Aggregate", "Strategy": "Hashed", "Parent Relationship": "Subquery", "Startup Cost": 2354721.61, "Total Cost": 2355463.86, "Plan Rows": 59380, "Plan Width": 40, "Group By Key": ["public.lineitem.l_suppkey"], "Filter": "(sum((public.lineitem.l_extendedprice * (1::double precision - public.lineitem.l_discount))) = $0), (LLVM Optimized)", "Plans": [{"Node Type": "Seq Scan", "Parent Relationship": "Outer", "Relation Name": "lineitem", "Alias": "lineitem", "Startup Cost": 25.32, "Total Cost": 2315050.5, "Plan Rows": 2266921, "Plan Width": 24, "Filter": "((l_shipdate >= '1997-07-01 00:00:00'::timestamp(0) without time zone) AND (l_shipdate < '1997-10-01 00:00:00'::timestamp without time zone)), (LLVM Optimized)"}]}]}]}]}, "Unique SQL Id": 3712096918, "Planner Runtime": 0}, "explain_analyze_plan": null}, "(64, '9')": {"explain_plan": {"Plan": {"Node Type": "Merge Join", "Join Type": "Inner", "Startup Cost": 10341221.9, "Total Cost": 10347697.14, "Plan Rows": 59380, "Plan Width": 83, "Inner Unique": true, "Merge Cond": "(supplier.s_suppkey = revenue0.supplier_no)", "Plans": [{"Node Type": "Aggregate", "Strategy": "Plain", "Parent Relationship": "exec_init_plan", "Subplan Name": "InitPlan 1 (returns $0)", "Startup Cost": 5159755.92, "Total Cost": 5159755.93, "Plan Rows": 1, "Plan Width": 16, "Plans": [{"Node Type": "Aggregate", "Strategy": "Hashed", "Parent Relationship": "Outer", "Startup Cost": 5158419.87, "Total Cost": 5159013.67, "Plan Rows": 59380, "Plan Width": 32, "Group By Key": ["public.lineitem.l_suppkey"], "Plans": [{"Node Type": "Index Scan", "Parent Relationship": "Outer", "Scan Direction": "Forward", "Index Name": "idx_lineitem_shipdate", "Relation Name": "lineitem", "Alias": "lineitem", "Startup Cost": 0.0, "Total Cost": 5135750.66, "Plan Rows": 2266921, "Plan Width": 24, "Index Cond": "((l_shipdate >= '1997-07-01 00:00:00'::timestamp(0) without time zone) AND (l_shipdate < '1997-10-01 00:00:00'::timestamp without time zone)), (LLVM Optimized)"}]}]}, {"Node Type": "Index Scan", "Parent Relationship": "Outer", "Scan Direction": "Forward", "Index Name": "supplier_pkey", "Relation Name": "supplier", "Alias": "supplier", "Startup Cost": 0.0, "Total Cost": 5334.54, "Plan Rows": 100000, "Plan Width": 75}, {"Node Type": "Sort", "Parent Relationship": "Inner", "Startup Cost": 5181465.97, "Total Cost": 5181614.42, "Plan Rows": 59380, "Plan Width": 16, "Sort Key": ["revenue0.supplier_no"], "Plans": [{"Node Type": "Subquery Scan", "Parent Relationship": "Outer", "Alias": "revenue0", "Startup Cost": 5175421.77, "Total Cost": 5176757.82, "Plan Rows": 59380, "Plan Width": 16, "Plans": [{"Node Type": "Aggregate", "Strategy": "Hashed", "Parent Relationship": "Subquery", "Startup Cost": 5175421.77, "Total Cost": 5176164.02, "Plan Rows": 59380, "Plan Width": 40, "Group By Key": ["public.lineitem.l_suppkey"], "Filter": "(sum((public.lineitem.l_extendedprice * (1::double precision - public.lineitem.l_discount))) = $0), (LLVM Optimized)", "Plans": [{"Node Type": "Index Scan", "Parent Relationship": "Outer", "Scan Direction": "Forward", "Index Name": "idx_lineitem_shipdate", "Relation Name": "lineitem", "Alias": "lineitem", "Startup Cost": 0.0, "Total Cost": 5135750.66, "Plan Rows": 2266921, "Plan Width": 24, "Index Cond": "((l_shipdate >= '1997-07-01 00:00:00'::timestamp(0) without time zone) AND (l_shipdate < '1997-10-01 00:00:00'::timestamp without time zone)), (LLVM Optimized)"}]}]}]}]}, "Unique SQL Id": 3712096918, "Planner Runtime": 1}, "explain_analyze_plan": {"Plan": {"Node Type": "Merge Join", "Join Type": "Inner", "Startup Cost": 10341221.9, "Total Cost": 10347697.14, "Plan Rows": 59380, "Plan Width": 83, "Actual Startup Time": 16114.708, "Actual Total Time": 16114.715, "Actual Rows": 1, "Actual Loops": 1, "Inner Unique": true, "Merge Cond": "(supplier.s_suppkey = revenue0.supplier_no)", "Plans": [{"Node Type": "Aggregate", "Strategy": "Plain", "Parent Relationship": "exec_init_plan", "Subplan Name": "InitPlan 1 (returns $0)", "Startup Cost": 5159755.92, "Total Cost": 5159755.93, "Plan Rows": 1, "Plan Width": 16, "Actual Startup Time": 8097.417, "Actual Total Time": 8097.418, "Actual Rows": 1, "Actual Loops": 1, "Plans": [{"Node Type": "Aggregate", "Strategy": "Hashed", "Parent Relationship": "Outer", "Startup Cost": 5158419.87, "Total Cost": 5159013.67, "Plan Rows": 59380, "Plan Width": 32, "Actual Startup Time": 8045.42, "Actual Total Time": 8082.553, "Actual Rows": 100000, "Actual Loops": 1, "Group By Key": ["public.lineitem.l_suppkey"], "Plans": [{"Node Type": "Index Scan", "Parent Relationship": "Outer", "Scan Direction": "Forward", "Index Name": "idx_lineitem_shipdate", "Relation Name": "lineitem", "Alias": "lineitem", "Startup Cost": 0.0, "Total Cost": 5135750.66, "Plan Rows": 2266921, "Plan Width": 24, "Actual Startup Time": 0.065, "Actual Total Time": 5981.726, "Actual Rows": 2293944, "Actual Loops": 1, "Index Cond": "((l_shipdate >= '1997-07-01 00:00:00'::timestamp(0) without time zone) AND (l_shipdate < '1997-10-01 00:00:00'::timestamp without time zone)), (LLVM Optimized, Jit Execute)", "Rows Removed by Index Recheck": 0}]}]}, {"Node Type": "Index Scan", "Parent Relationship": "Outer", "Scan Direction": "Forward", "Index Name": "supplier_pkey", "Relation Name": "supplier", "Alias": "supplier", "Startup Cost": 0.0, "Total Cost": 5334.54, "Plan Rows": 100000, "Plan Width": 75, "Actual Startup Time": 0.043, "Actual Total Time": 25.19, "Actual Rows": 35977, "Actual Loops": 1}, {"Node Type": "Sort", "Parent Relationship": "Inner", "Startup Cost": 5181465.97, "Total Cost": 5181614.42, "Plan Rows": 59380, "Plan Width": 16, "Actual Startup Time": 16084.45, "Actual Total Time": 16084.45, "Actual Rows": 1, "Actual Loops": 1, "Sort Key": ["revenue0.supplier_no"], "Sort Method": "quicksort", "Sort Space Used": 25, "Sort Space Type": "Memory", "Plans": [{"Node Type": "Subquery Scan", "Parent Relationship": "Outer", "Alias": "revenue0", "Startup Cost": 5175421.77, "Total Cost": 5176757.82, "Plan Rows": 59380, "Plan Width": 16, "Actual Startup Time": 16058.286, "Actual Total Time": 16084.202, "Actual Rows": 1, "Actual Loops": 1, "Plans": [{"Node Type": "Aggregate", "Strategy": "Hashed", "Parent Relationship": "Subquery", "Startup Cost": 5175421.77, "Total Cost": 5176164.02, "Plan Rows": 59380, "Plan Width": 40, "Actual Startup Time": 16058.282, "Actual Total Time": 16084.197, "Actual Rows": 1, "Actual Loops": 1, "Group By Key": ["public.lineitem.l_suppkey"], "Filter": "(sum((public.lineitem.l_extendedprice * (1::double precision - public.lineitem.l_discount))) = $0), (LLVM Optimized, Jit Execute)", "Rows Removed by Filter": 99999, "Plans": [{"Node Type": "Index Scan", "Parent Relationship": "Outer", "Scan Direction": "Forward", "Index Name": "idx_lineitem_shipdate", "Relation Name": "lineitem", "Alias": "lineitem", "Startup Cost": 0.0, "Total Cost": 5135750.66, "Plan Rows": 2266921, "Plan Width": 24, "Actual Startup Time": 0.05, "Actual Total Time": 5910.693, "Actual Rows": 2293944, "Actual Loops": 1, "Index Cond": "((l_shipdate >= '1997-07-01 00:00:00'::timestamp(0) without time zone) AND (l_shipdate < '1997-10-01 00:00:00'::timestamp without time zone)), (LLVM Optimized, Jit Execute)", "Rows Removed by Index Recheck": 0}]}]}]}]}, "Triggers": [], "Planner Runtime": 0.866, "Total Runtime": 16126.144, "Unique SQL Id": 3712096918}}, "(64, '10')": {"explain_plan": {"Plan": {"Node Type": "Merge Join", "Join Type": "Inner", "Startup Cost": 4711409.4, "Total Cost": 4712800.1, "Plan Rows": 59380, "Plan Width": 83, "Inner Unique": true, "Merge Cond": "(supplier.s_suppkey = revenue0.supplier_no)", "Plans": [{"Node Type": "Aggregate", "Strategy": "Plain", "Parent Relationship": "exec_init_plan", "Subplan Name": "InitPlan 1 (returns $0)", "Startup Cost": 2339055.76, "Total Cost": 2339055.77, "Plan Rows": 1, "Plan Width": 16, "Plans": [{"Node Type": "Aggregate", "Strategy": "Hashed", "Parent Relationship": "Outer", "Startup Cost": 2337719.71, "Total Cost": 2338313.51, "Plan Rows": 59380, "Plan Width": 32, "Group By Key": ["public.lineitem.l_suppkey"], "Plans": [{"Node Type": "Seq Scan", "Parent Relationship": "Outer", "Relation Name": "lineitem", "Alias": "lineitem", "Startup Cost": 25.32, "Total Cost": 2315050.5, "Plan Rows": 2266921, "Plan Width": 24, "Filter": "((l_shipdate >= '1997-07-01 00:00:00'::timestamp(0) without time zone) AND (l_shipdate < '1997-10-01 00:00:00'::timestamp without time zone)), (LLVM Optimized)"}]}]}, {"Node Type": "Sort", "Parent Relationship": "Outer", "Startup Cost": 11587.82, "Total Cost": 11837.82, "Plan Rows": 100000, "Plan Width": 75, "Sort Key": ["supplier.s_suppkey"], "Plans": [{"Node Type": "Seq Scan", "Parent Relationship": "Outer", "Relation Name": "supplier", "Alias": "supplier", "Startup Cost": 0.0, "Total Cost": 3283.0, "Plan Rows": 100000, "Plan Width": 75}]}, {"Node Type": "Sort", "Parent Relationship": "Inner", "Startup Cost": 2360765.81, "Total Cost": 2360914.26, "Plan Rows": 59380, "Plan Width": 16, "Sort Key": ["revenue0.supplier_no"], "Plans": [{"Node Type": "Subquery Scan", "Parent Relationship": "Outer", "Alias": "revenue0", "Startup Cost": 2354721.61, "Total Cost": 2356057.66, "Plan Rows": 59380, "Plan Width": 16, "Plans": [{"Node Type": "Aggregate", "Strategy": "Hashed", "Parent Relationship": "Subquery", "Startup Cost": 2354721.61, "Total Cost": 2355463.86, "Plan Rows": 59380, "Plan Width": 40, "Group By Key": ["public.lineitem.l_suppkey"], "Filter": "(sum((public.lineitem.l_extendedprice * (1::double precision - public.lineitem.l_discount))) = $0), (LLVM Optimized)", "Plans": [{"Node Type": "Seq Scan", "Parent Relationship": "Outer", "Relation Name": "lineitem", "Alias": "lineitem", "Startup Cost": 25.32, "Total Cost": 2315050.5, "Plan Rows": 2266921, "Plan Width": 24, "Filter": "((l_shipdate >= '1997-07-01 00:00:00'::timestamp(0) without time zone) AND (l_shipdate < '1997-10-01 00:00:00'::timestamp without time zone)), (LLVM Optimized)"}]}]}]}]}, "Unique SQL Id": 3712096918, "Planner Runtime": 1}, "explain_analyze_plan": null}, "(64, '11')": {"explain_plan": {"Plan": {"Node Type": "Merge Join", "Join Type": "Inner", "Startup Cost": 2010463079819.59, "Total Cost": 3000463614414.67, "Plan Rows": 59380, "Plan Width": 83, "Inner Unique": true, "Merge Cond": "(supplier.s_suppkey = revenue0.supplier_no)", "Plans": [{"Node Type": "Aggregate", "Strategy": "Plain", "Parent Relationship": "exec_init_plan", "Subplan Name": "InitPlan 1 (returns $0)", "Startup Cost": 1000231529054.76, "Total Cost": 1000231529054.77, "Plan Rows": 1, "Plan Width": 16, "Plans": [{"Node Type": "Aggregate", "Strategy": "Hashed", "Parent Relationship": "Outer", "Startup Cost": 1000231527718.71, "Total Cost": 1000231528312.51, "Plan Rows": 59380, "Plan Width": 32, "Group By Key": ["public.lineitem.l_suppkey"], "Plans": [{"Node Type": "Seq Scan", "Parent Relationship": "Outer", "Relation Name": "lineitem", "Alias": "lineitem", "Startup Cost": 10000000025.02, "Total Cost": 1000231505049.5, "Plan Rows": 2266921, "Plan Width": 24, "Filter": "((l_shipdate >= '1997-07-01 00:00:00'::timestamp(0) without time zone) AND (l_shipdate < '1997-10-01 00:00:00'::timestamp without time zone)), (LLVM Optimized)"}]}]}, {"Node Type": "Index Scan", "Parent Relationship": "Outer", "Scan Direction": "Forward", "Index Name": "supplier_pkey", "Relation Name": "supplier", "Alias": "supplier", "Startup Cost": 10000000000.0, "Total Cost": 1000000533454.38, "Plan Rows": 100000, "Plan Width": 75}, {"Node Type": "Sort", "Parent Relationship": "Inner", "Startup Cost": 1000231550764.82, "Total Cost": 1000231550913.27, "Plan Rows": 59380, "Plan Width": 16, "Sort Key": ["revenue0.supplier_no"], "Plans": [{"Node Type": "Subquery Scan", "Parent Relationship": "Outer", "Alias": "revenue0", "Startup Cost": 1000231544720.62, "Total Cost": 1000231546056.67, "Plan Rows": 59380, "Plan Width": 16, "Plans": [{"Node Type": "Aggregate", "Strategy": "Hashed", "Parent Relationship": "Subquery", "Startup Cost": 1000231544720.62, "Total Cost": 1000231545462.87, "Plan Rows": 59380, "Plan Width": 40, "Group By Key": ["public.lineitem.l_suppkey"], "Filter": "(sum((public.lineitem.l_extendedprice * (1::double precision - public.lineitem.l_discount))) = $0), (LLVM Optimized)", "Plans": [{"Node Type": "Seq Scan", "Parent Relationship": "Outer", "Relation Name": "lineitem", "Alias": "lineitem", "Startup Cost": 10000000025.02, "Total Cost": 1000231505049.5, "Plan Rows": 2266921, "Plan Width": 24, "Filter": "((l_shipdate >= '1997-07-01 00:00:00'::timestamp(0) without time zone) AND (l_shipdate < '1997-10-01 00:00:00'::timestamp without time zone)), (LLVM Optimized)"}]}]}]}]}, "Unique SQL Id": 3712096918, "Planner Runtime": 1}, "explain_analyze_plan": null}, "(64, '12')": {"explain_plan": {"Plan": {"Node Type": "Merge Join", "Join Type": "Inner", "Startup Cost": 4699821.58, "Total Cost": 4706296.82, "Plan Rows": 59380, "Plan Width": 83, "Inner Unique": true, "Merge Cond": "(supplier.s_suppkey = revenue0.supplier_no)", "Plans": [{"Node Type": "Aggregate", "Strategy": "Plain", "Parent Relationship": "exec_init_plan", "Subplan Name": "InitPlan 1 (returns $0)", "Startup Cost": 2339055.76, "Total Cost": 2339055.77, "Plan Rows": 1, "Plan Width": 16, "Plans": [{"Node Type": "Aggregate", "Strategy": "Hashed", "Parent Relationship": "Outer", "Startup Cost": 2337719.71, "Total Cost": 2338313.51, "Plan Rows": 59380, "Plan Width": 32, "Group By Key": ["public.lineitem.l_suppkey"], "Plans": [{"Node Type": "Seq Scan", "Parent Relationship": "Outer", "Relation Name": "lineitem", "Alias": "lineitem", "Startup Cost": 25.32, "Total Cost": 2315050.5, "Plan Rows": 2266921, "Plan Width": 24, "Filter": "((l_shipdate >= '1997-07-01 00:00:00'::timestamp(0) without time zone) AND (l_shipdate < '1997-10-01 00:00:00'::timestamp without time zone)), (LLVM Optimized)"}]}]}, {"Node Type": "Index Scan", "Parent Relationship": "Outer", "Scan Direction": "Forward", "Index Name": "supplier_pkey", "Relation Name": "supplier", "Alias": "supplier", "Startup Cost": 0.0, "Total Cost": 5334.54, "Plan Rows": 100000, "Plan Width": 75}, {"Node Type": "Sort", "Parent Relationship": "Inner", "Startup Cost": 2360765.81, "Total Cost": 2360914.26, "Plan Rows": 59380, "Plan Width": 16, "Sort Key": ["revenue0.supplier_no"], "Plans": [{"Node Type": "Subquery Scan", "Parent Relationship": "Outer", "Alias": "revenue0", "Startup Cost": 2354721.61, "Total Cost": 2356057.66, "Plan Rows": 59380, "Plan Width": 16, "Plans": [{"Node Type": "Aggregate", "Strategy": "Hashed", "Parent Relationship": "Subquery", "Startup Cost": 2354721.61, "Total Cost": 2355463.86, "Plan Rows": 59380, "Plan Width": 40, "Group By Key": ["public.lineitem.l_suppkey"], "Filter": "(sum((public.lineitem.l_extendedprice * (1::double precision - public.lineitem.l_discount))) = $0), (LLVM Optimized)", "Plans": [{"Node Type": "Seq Scan", "Parent Relationship": "Outer", "Relation Name": "lineitem", "Alias": "lineitem", "Startup Cost": 25.32, "Total Cost": 2315050.5, "Plan Rows": 2266921, "Plan Width": 24, "Filter": "((l_shipdate >= '1997-07-01 00:00:00'::timestamp(0) without time zone) AND (l_shipdate < '1997-10-01 00:00:00'::timestamp without time zone)), (LLVM Optimized)"}]}]}]}]}, "Unique SQL Id": 3712096918, "Planner Runtime": 1}, "explain_analyze_plan": null}, "(64, '13')": {"explain_plan": {"Plan": {"Node Type": "Merge Join", "Join Type": "Inner", "Startup Cost": 10341221.9, "Total Cost": 10347697.14, "Plan Rows": 59380, "Plan Width": 83, "Inner Unique": true, "Merge Cond": "(supplier.s_suppkey = revenue0.supplier_no)", "Plans": [{"Node Type": "Aggregate", "Strategy": "Plain", "Parent Relationship": "exec_init_plan", "Subplan Name": "InitPlan 1 (returns $0)", "Startup Cost": 5159755.92, "Total Cost": 5159755.93, "Plan Rows": 1, "Plan Width": 16, "Plans": [{"Node Type": "Aggregate", "Strategy": "Hashed", "Parent Relationship": "Outer", "Startup Cost": 5158419.87, "Total Cost": 5159013.67, "Plan Rows": 59380, "Plan Width": 32, "Group By Key": ["public.lineitem.l_suppkey"], "Plans": [{"Node Type": "Index Scan", "Parent Relationship": "Outer", "Scan Direction": "Forward", "Index Name": "idx_lineitem_shipdate", "Relation Name": "lineitem", "Alias": "lineitem", "Startup Cost": 0.0, "Total Cost": 5135750.66, "Plan Rows": 2266921, "Plan Width": 24, "Index Cond": "((l_shipdate >= '1997-07-01 00:00:00'::timestamp(0) without time zone) AND (l_shipdate < '1997-10-01 00:00:00'::timestamp without time zone)), (LLVM Optimized)"}]}]}, {"Node Type": "Index Scan", "Parent Relationship": "Outer", "Scan Direction": "Forward", "Index Name": "supplier_pkey", "Relation Name": "supplier", "Alias": "supplier", "Startup Cost": 0.0, "Total Cost": 5334.54, "Plan Rows": 100000, "Plan Width": 75}, {"Node Type": "Sort", "Parent Relationship": "Inner", "Startup Cost": 5181465.97, "Total Cost": 5181614.42, "Plan Rows": 59380, "Plan Width": 16, "Sort Key": ["revenue0.supplier_no"], "Plans": [{"Node Type": "Subquery Scan", "Parent Relationship": "Outer", "Alias": "revenue0", "Startup Cost": 5175421.77, "Total Cost": 5176757.82, "Plan Rows": 59380, "Plan Width": 16, "Plans": [{"Node Type": "Aggregate", "Strategy": "Hashed", "Parent Relationship": "Subquery", "Startup Cost": 5175421.77, "Total Cost": 5176164.02, "Plan Rows": 59380, "Plan Width": 40, "Group By Key": ["public.lineitem.l_suppkey"], "Filter": "(sum((public.lineitem.l_extendedprice * (1::double precision - public.lineitem.l_discount))) = $0), (LLVM Optimized)", "Plans": [{"Node Type": "Index Scan", "Parent Relationship": "Outer", "Scan Direction": "Forward", "Index Name": "idx_lineitem_shipdate", "Relation Name": "lineitem", "Alias": "lineitem", "Startup Cost": 0.0, "Total Cost": 5135750.66, "Plan Rows": 2266921, "Plan Width": 24, "Index Cond": "((l_shipdate >= '1997-07-01 00:00:00'::timestamp(0) without time zone) AND (l_shipdate < '1997-10-01 00:00:00'::timestamp without time zone)), (LLVM Optimized)"}]}]}]}]}, "Unique SQL Id": 3712096918, "Planner Runtime": 0}, "explain_analyze_plan": {"Plan": {"Node Type": "Merge Join", "Join Type": "Inner", "Startup Cost": 10341221.9, "Total Cost": 10347697.14, "Plan Rows": 59380, "Plan Width": 83, "Actual Startup Time": 16114.708, "Actual Total Time": 16114.715, "Actual Rows": 1, "Actual Loops": 1, "Inner Unique": true, "Merge Cond": "(supplier.s_suppkey = revenue0.supplier_no)", "Plans": [{"Node Type": "Aggregate", "Strategy": "Plain", "Parent Relationship": "exec_init_plan", "Subplan Name": "InitPlan 1 (returns $0)", "Startup Cost": 5159755.92, "Total Cost": 5159755.93, "Plan Rows": 1, "Plan Width": 16, "Actual Startup Time": 8097.417, "Actual Total Time": 8097.418, "Actual Rows": 1, "Actual Loops": 1, "Plans": [{"Node Type": "Aggregate", "Strategy": "Hashed", "Parent Relationship": "Outer", "Startup Cost": 5158419.87, "Total Cost": 5159013.67, "Plan Rows": 59380, "Plan Width": 32, "Actual Startup Time": 8045.42, "Actual Total Time": 8082.553, "Actual Rows": 100000, "Actual Loops": 1, "Group By Key": ["public.lineitem.l_suppkey"], "Plans": [{"Node Type": "Index Scan", "Parent Relationship": "Outer", "Scan Direction": "Forward", "Index Name": "idx_lineitem_shipdate", "Relation Name": "lineitem", "Alias": "lineitem", "Startup Cost": 0.0, "Total Cost": 5135750.66, "Plan Rows": 2266921, "Plan Width": 24, "Actual Startup Time": 0.065, "Actual Total Time": 5981.726, "Actual Rows": 2293944, "Actual Loops": 1, "Index Cond": "((l_shipdate >= '1997-07-01 00:00:00'::timestamp(0) without time zone) AND (l_shipdate < '1997-10-01 00:00:00'::timestamp without time zone)), (LLVM Optimized, Jit Execute)", "Rows Removed by Index Recheck": 0}]}]}, {"Node Type": "Index Scan", "Parent Relationship": "Outer", "Scan Direction": "Forward", "Index Name": "supplier_pkey", "Relation Name": "supplier", "Alias": "supplier", "Startup Cost": 0.0, "Total Cost": 5334.54, "Plan Rows": 100000, "Plan Width": 75, "Actual Startup Time": 0.043, "Actual Total Time": 25.19, "Actual Rows": 35977, "Actual Loops": 1}, {"Node Type": "Sort", "Parent Relationship": "Inner", "Startup Cost": 5181465.97, "Total Cost": 5181614.42, "Plan Rows": 59380, "Plan Width": 16, "Actual Startup Time": 16084.45, "Actual Total Time": 16084.45, "Actual Rows": 1, "Actual Loops": 1, "Sort Key": ["revenue0.supplier_no"], "Sort Method": "quicksort", "Sort Space Used": 25, "Sort Space Type": "Memory", "Plans": [{"Node Type": "Subquery Scan", "Parent Relationship": "Outer", "Alias": "revenue0", "Startup Cost": 5175421.77, "Total Cost": 5176757.82, "Plan Rows": 59380, "Plan Width": 16, "Actual Startup Time": 16058.286, "Actual Total Time": 16084.202, "Actual Rows": 1, "Actual Loops": 1, "Plans": [{"Node Type": "Aggregate", "Strategy": "Hashed", "Parent Relationship": "Subquery", "Startup Cost": 5175421.77, "Total Cost": 5176164.02, "Plan Rows": 59380, "Plan Width": 40, "Actual Startup Time": 16058.282, "Actual Total Time": 16084.197, "Actual Rows": 1, "Actual Loops": 1, "Group By Key": ["public.lineitem.l_suppkey"], "Filter": "(sum((public.lineitem.l_extendedprice * (1::double precision - public.lineitem.l_discount))) = $0), (LLVM Optimized, Jit Execute)", "Rows Removed by Filter": 99999, "Plans": [{"Node Type": "Index Scan", "Parent Relationship": "Outer", "Scan Direction": "Forward", "Index Name": "idx_lineitem_shipdate", "Relation Name": "lineitem", "Alias": "lineitem", "Startup Cost": 0.0, "Total Cost": 5135750.66, "Plan Rows": 2266921, "Plan Width": 24, "Actual Startup Time": 0.05, "Actual Total Time": 5910.693, "Actual Rows": 2293944, "Actual Loops": 1, "Index Cond": "((l_shipdate >= '1997-07-01 00:00:00'::timestamp(0) without time zone) AND (l_shipdate < '1997-10-01 00:00:00'::timestamp without time zone)), (LLVM Optimized, Jit Execute)", "Rows Removed by Index Recheck": 0}]}]}]}]}, "Triggers": [], "Planner Runtime": 0.866, "Total Runtime": 16126.144, "Unique SQL Id": 3712096918}}, "(64, '14')": {"explain_plan": {"Plan": {"Node Type": "Merge Join", "Join Type": "Inner", "Startup Cost": 4711409.4, "Total Cost": 4712800.1, "Plan Rows": 59380, "Plan Width": 83, "Inner Unique": true, "Merge Cond": "(supplier.s_suppkey = revenue0.supplier_no)", "Plans": [{"Node Type": "Aggregate", "Strategy": "Plain", "Parent Relationship": "exec_init_plan", "Subplan Name": "InitPlan 1 (returns $0)", "Startup Cost": 2339055.76, "Total Cost": 2339055.77, "Plan Rows": 1, "Plan Width": 16, "Plans": [{"Node Type": "Aggregate", "Strategy": "Hashed", "Parent Relationship": "Outer", "Startup Cost": 2337719.71, "Total Cost": 2338313.51, "Plan Rows": 59380, "Plan Width": 32, "Group By Key": ["public.lineitem.l_suppkey"], "Plans": [{"Node Type": "Seq Scan", "Parent Relationship": "Outer", "Relation Name": "lineitem", "Alias": "lineitem", "Startup Cost": 25.32, "Total Cost": 2315050.5, "Plan Rows": 2266921, "Plan Width": 24, "Filter": "((l_shipdate >= '1997-07-01 00:00:00'::timestamp(0) without time zone) AND (l_shipdate < '1997-10-01 00:00:00'::timestamp without time zone)), (LLVM Optimized)"}]}]}, {"Node Type": "Sort", "Parent Relationship": "Outer", "Startup Cost": 11587.82, "Total Cost": 11837.82, "Plan Rows": 100000, "Plan Width": 75, "Sort Key": ["supplier.s_suppkey"], "Plans": [{"Node Type": "Seq Scan", "Parent Relationship": "Outer", "Relation Name": "supplier", "Alias": "supplier", "Startup Cost": 0.0, "Total Cost": 3283.0, "Plan Rows": 100000, "Plan Width": 75}]}, {"Node Type": "Sort", "Parent Relationship": "Inner", "Startup Cost": 2360765.81, "Total Cost": 2360914.26, "Plan Rows": 59380, "Plan Width": 16, "Sort Key": ["revenue0.supplier_no"], "Plans": [{"Node Type": "Subquery Scan", "Parent Relationship": "Outer", "Alias": "revenue0", "Startup Cost": 2354721.61, "Total Cost": 2356057.66, "Plan Rows": 59380, "Plan Width": 16, "Plans": [{"Node Type": "Aggregate", "Strategy": "Hashed", "Parent Relationship": "Subquery", "Startup Cost": 2354721.61, "Total Cost": 2355463.86, "Plan Rows": 59380, "Plan Width": 40, "Group By Key": ["public.lineitem.l_suppkey"], "Filter": "(sum((public.lineitem.l_extendedprice * (1::double precision - public.lineitem.l_discount))) = $0), (LLVM Optimized)", "Plans": [{"Node Type": "Seq Scan", "Parent Relationship": "Outer", "Relation Name": "lineitem", "Alias": "lineitem", "Startup Cost": 25.32, "Total Cost": 2315050.5, "Plan Rows": 2266921, "Plan Width": 24, "Filter": "((l_shipdate >= '1997-07-01 00:00:00'::timestamp(0) without time zone) AND (l_shipdate < '1997-10-01 00:00:00'::timestamp without time zone)), (LLVM Optimized)"}]}]}]}]}, "Unique SQL Id": 3712096918, "Planner Runtime": 0}, "explain_analyze_plan": null}, "(64, '15')": {"explain_plan": {"Plan": {"Node Type": "Merge Join", "Join Type": "Inner", "Startup Cost": 2010463079819.59, "Total Cost": 3000463614414.67, "Plan Rows": 59380, "Plan Width": 83, "Inner Unique": true, "Merge Cond": "(supplier.s_suppkey = revenue0.supplier_no)", "Plans": [{"Node Type": "Aggregate", "Strategy": "Plain", "Parent Relationship": "exec_init_plan", "Subplan Name": "InitPlan 1 (returns $0)", "Startup Cost": 1000231529054.76, "Total Cost": 1000231529054.77, "Plan Rows": 1, "Plan Width": 16, "Plans": [{"Node Type": "Aggregate", "Strategy": "Hashed", "Parent Relationship": "Outer", "Startup Cost": 1000231527718.71, "Total Cost": 1000231528312.51, "Plan Rows": 59380, "Plan Width": 32, "Group By Key": ["public.lineitem.l_suppkey"], "Plans": [{"Node Type": "Seq Scan", "Parent Relationship": "Outer", "Relation Name": "lineitem", "Alias": "lineitem", "Startup Cost": 10000000025.02, "Total Cost": 1000231505049.5, "Plan Rows": 2266921, "Plan Width": 24, "Filter": "((l_shipdate >= '1997-07-01 00:00:00'::timestamp(0) without time zone) AND (l_shipdate < '1997-10-01 00:00:00'::timestamp without time zone)), (LLVM Optimized)"}]}]}, {"Node Type": "Index Scan", "Parent Relationship": "Outer", "Scan Direction": "Forward", "Index Name": "supplier_pkey", "Relation Name": "supplier", "Alias": "supplier", "Startup Cost": 10000000000.0, "Total Cost": 1000000533454.38, "Plan Rows": 100000, "Plan Width": 75}, {"Node Type": "Sort", "Parent Relationship": "Inner", "Startup Cost": 1000231550764.82, "Total Cost": 1000231550913.27, "Plan Rows": 59380, "Plan Width": 16, "Sort Key": ["revenue0.supplier_no"], "Plans": [{"Node Type": "Subquery Scan", "Parent Relationship": "Outer", "Alias": "revenue0", "Startup Cost": 1000231544720.62, "Total Cost": 1000231546056.67, "Plan Rows": 59380, "Plan Width": 16, "Plans": [{"Node Type": "Aggregate", "Strategy": "Hashed", "Parent Relationship": "Subquery", "Startup Cost": 1000231544720.62, "Total Cost": 1000231545462.87, "Plan Rows": 59380, "Plan Width": 40, "Group By Key": ["public.lineitem.l_suppkey"], "Filter": "(sum((public.lineitem.l_extendedprice * (1::double precision - public.lineitem.l_discount))) = $0), (LLVM Optimized)", "Plans": [{"Node Type": "Seq Scan", "Parent Relationship": "Outer", "Relation Name": "lineitem", "Alias": "lineitem", "Startup Cost": 10000000025.02, "Total Cost": 1000231505049.5, "Plan Rows": 2266921, "Plan Width": 24, "Filter": "((l_shipdate >= '1997-07-01 00:00:00'::timestamp(0) without time zone) AND (l_shipdate < '1997-10-01 00:00:00'::timestamp without time zone)), (LLVM Optimized)"}]}]}]}]}, "Unique SQL Id": 3712096918, "Planner Runtime": 0}, "explain_analyze_plan": null}, "(64, '16')": {"explain_plan": {"Plan": {"Node Type": "Merge Join", "Join Type": "Inner", "Startup Cost": 3242103.77, "Total Cost": 3248579.02, "Plan Rows": 59380, "Plan Width": 83, "Inner Unique": true, "Merge Cond": "(supplier.s_suppkey = revenue0.supplier_no)", "Plans": [{"Node Type": "Aggregate", "Strategy": "Plain", "Parent Relationship": "exec_init_plan", "Subplan Name": "InitPlan 1 (returns $0)", "Startup Cost": 1610196.85, "Total Cost": 1610196.86, "Plan Rows": 1, "Plan Width": 16, "Plans": [{"Node Type": "Aggregate", "Strategy": "Hashed", "Parent Relationship": "Outer", "Startup Cost": 1608860.8, "Total Cost": 1609454.6, "Plan Rows": 59380, "Plan Width": 32, "Group By Key": ["public.lineitem.l_suppkey"], "Plans": [{"Node Type": "Bitmap Heap Scan", "Parent Relationship": "Outer", "Relation Name": "lineitem", "Alias": "lineitem", "Startup Cost": 78544.19, "Total Cost": 1586191.59, "Plan Rows": 2266921, "Plan Width": 24, "Recheck Cond": "((l_shipdate >= '1997-07-01 00:00:00'::timestamp(0) without time zone) AND (l_shipdate < '1997-10-01 00:00:00'::timestamp without time zone)), (LLVM Optimized)", "Plans": [{"Node Type": "Bitmap Index Scan", "Parent Relationship": "Outer", "Index Name": "idx_lineitem_shipdate", "Startup Cost": 0.0, "Total Cost": 77977.46, "Plan Rows": 2266921, "Plan Width": 0, "Index Cond": "((l_shipdate >= '1997-07-01 00:00:00'::timestamp(0) without time zone) AND (l_shipdate < '1997-10-01 00:00:00'::timestamp without time zone))"}]}]}]}, {"Node Type": "Index Scan", "Parent Relationship": "Outer", "Scan Direction": "Forward", "Index Name": "supplier_pkey", "Relation Name": "supplier", "Alias": "supplier", "Startup Cost": 0.0, "Total Cost": 5334.54, "Plan Rows": 100000, "Plan Width": 75}, {"Node Type": "Sort", "Parent Relationship": "Inner", "Startup Cost": 1631906.91, "Total Cost": 1632055.36, "Plan Rows": 59380, "Plan Width": 16, "Sort Key": ["revenue0.supplier_no"], "Plans": [{"Node Type": "Subquery Scan", "Parent Relationship": "Outer", "Alias": "revenue0", "Startup Cost": 1625862.71, "Total Cost": 1627198.76, "Plan Rows": 59380, "Plan Width": 16, "Plans": [{"Node Type": "Aggregate", "Strategy": "Hashed", "Parent Relationship": "Subquery", "Startup Cost": 1625862.71, "Total Cost": 1626604.96, "Plan Rows": 59380, "Plan Width": 40, "Group By Key": ["public.lineitem.l_suppkey"], "Filter": "(sum((public.lineitem.l_extendedprice * (1::double precision - public.lineitem.l_discount))) = $0), (LLVM Optimized)", "Plans": [{"Node Type": "Bitmap Heap Scan", "Parent Relationship": "Outer", "Relation Name": "lineitem", "Alias": "lineitem", "Startup Cost": 78544.19, "Total Cost": 1586191.59, "Plan Rows": 2266921, "Plan Width": 24, "Recheck Cond": "((l_shipdate >= '1997-07-01 00:00:00'::timestamp(0) without time zone) AND (l_shipdate < '1997-10-01 00:00:00'::timestamp without time zone)), (LLVM Optimized)", "Plans": [{"Node Type": "Bitmap Index Scan", "Parent Relationship": "Outer", "Index Name": "idx_lineitem_shipdate", "Startup Cost": 0.0, "Total Cost": 77977.46, "Plan Rows": 2266921, "Plan Width": 0, "Index Cond": "((l_shipdate >= '1997-07-01 00:00:00'::timestamp(0) without time zone) AND (l_shipdate < '1997-10-01 00:00:00'::timestamp without time zone))"}]}]}]}]}]}, "Unique SQL Id": 3712096918, "Planner Runtime": 0}, "explain_analyze_plan": {"Plan": {"Node Type": "Merge Join", "Join Type": "Inner", "Startup Cost": 3242103.77, "Total Cost": 3248579.02, "Plan Rows": 59380, "Plan Width": 83, "Actual Startup Time": 11259.12, "Actual Total Time": 11259.13, "Actual Rows": 1, "Actual Loops": 1, "Inner Unique": true, "Merge Cond": "(supplier.s_suppkey = revenue0.supplier_no)", "Plans": [{"Node Type": "Aggregate", "Strategy": "Plain", "Parent Relationship": "exec_init_plan", "Subplan Name": "InitPlan 1 (returns $0)", "Startup Cost": 1610196.85, "Total Cost": 1610196.86, "Plan Rows": 1, "Plan Width": 16, "Actual Startup Time": 5678.286, "Actual Total Time": 5678.286, "Actual Rows": 1, "Actual Loops": 1, "Plans": [{"Node Type": "Aggregate", "Strategy": "Hashed", "Parent Relationship": "Outer", "Startup Cost": 1608860.8, "Total Cost": 1609454.6, "Plan Rows": 59380, "Plan Width": 32, "Actual Startup Time": 5632.701, "Actual Total Time": 5663.385, "Actual Rows": 100000, "Actual Loops": 1, "Group By Key": ["public.lineitem.l_suppkey"], "Plans": [{"Node Type": "Bitmap Heap Scan", "Parent Relationship": "Outer", "Relation Name": "lineitem", "Alias": "lineitem", "Startup Cost": 78544.19, "Total Cost": 1586191.59, "Plan Rows": 2266921, "Plan Width": 24, "Actual Startup Time": 1092.363, "Actual Total Time": 3924.167, "Actual Rows": 2293944, "Actual Loops": 1, "Recheck Cond": "((l_shipdate >= '1997-07-01 00:00:00'::timestamp(0) without time zone) AND (l_shipdate < '1997-10-01 00:00:00'::timestamp without time zone)), (LLVM Optimized, Jit Execute)", "Rows Removed by Index Recheck": 0, "Exact Heap Blocks": 732487, "Lossy Heap Blocks": 732487, "Plans": [{"Node Type": "Bitmap Index Scan", "Parent Relationship": "Outer", "Index Name": "idx_lineitem_shipdate", "Startup Cost": 0.0, "Total Cost": 77977.46, "Plan Rows": 2266921, "Plan Width": 0, "Actual Startup Time": 806.305, "Actual Total Time": 806.305, "Actual Rows": 2293944, "Actual Loops": 1, "Index Cond": "((l_shipdate >= '1997-07-01 00:00:00'::timestamp(0) without time zone) AND (l_shipdate < '1997-10-01 00:00:00'::timestamp without time zone))"}]}]}]}, {"Node Type": "Index Scan", "Parent Relationship": "Outer", "Scan Direction": "Forward", "Index Name": "supplier_pkey", "Relation Name": "supplier", "Alias": "supplier", "Startup Cost": 0.0, "Total Cost": 5334.54, "Plan Rows": 100000, "Plan Width": 75, "Actual Startup Time": 0.035, "Actual Total Time": 17.69, "Actual Rows": 35977, "Actual Loops": 1}, {"Node Type": "Sort", "Parent Relationship": "Inner", "Startup Cost": 1631906.91, "Total Cost": 1632055.36, "Plan Rows": 59380, "Plan Width": 16, "Actual Startup Time": 11236.384, "Actual Total Time": 11236.386, "Actual Rows": 1, "Actual Loops": 1, "Sort Key": ["revenue0.supplier_no"], "Sort Method": "quicksort", "Sort Space Used": 25, "Sort Space Type": "Memory", "Plans": [{"Node Type": "Subquery Scan", "Parent Relationship": "Outer", "Alias": "revenue0", "Startup Cost": 1625862.71, "Total Cost": 1627198.76, "Plan Rows": 59380, "Plan Width": 16, "Actual Startup Time": 11217.282, "Actual Total Time": 11236.125, "Actual Rows": 1, "Actual Loops": 1, "Plans": [{"Node Type": "Aggregate", "Strategy": "Hashed", "Parent Relationship": "Subquery", "Startup Cost": 1625862.71, "Total Cost": 1626604.96, "Plan Rows": 59380, "Plan Width": 40, "Actual Startup Time": 11217.279, "Actual Total Time": 11236.12, "Actual Rows": 1, "Actual Loops": 1, "Group By Key": ["public.lineitem.l_suppkey"], "Filter": "(sum((public.lineitem.l_extendedprice * (1::double precision - public.lineitem.l_discount))) = $0), (LLVM Optimized, Jit Execute)", "Rows Removed by Filter": 99999, "Plans": [{"Node Type": "Bitmap Heap Scan", "Parent Relationship": "Outer", "Relation Name": "lineitem", "Alias": "lineitem", "Startup Cost": 78544.19, "Total Cost": 1586191.59, "Plan Rows": 2266921, "Plan Width": 24, "Actual Startup Time": 1268.542, "Actual Total Time": 4012.865, "Actual Rows": 2293944, "Actual Loops": 1, "Recheck Cond": "((l_shipdate >= '1997-07-01 00:00:00'::timestamp(0) without time zone) AND (l_shipdate < '1997-10-01 00:00:00'::timestamp without time zone)), (LLVM Optimized, Jit Execute)", "Rows Removed by Index Recheck": 0, "Exact Heap Blocks": 732487, "Lossy Heap Blocks": 732487, "Plans": [{"Node Type": "Bitmap Index Scan", "Parent Relationship": "Outer", "Index Name": "idx_lineitem_shipdate", "Startup Cost": 0.0, "Total Cost": 77977.46, "Plan Rows": 2266921, "Plan Width": 0, "Actual Startup Time": 913.173, "Actual Total Time": 913.173, "Actual Rows": 2293944, "Actual Loops": 1, "Index Cond": "((l_shipdate >= '1997-07-01 00:00:00'::timestamp(0) without time zone) AND (l_shipdate < '1997-10-01 00:00:00'::timestamp without time zone))"}]}]}]}]}]}, "Triggers": [], "Planner Runtime": 0.897, "Total Runtime": 11271.753, "Unique SQL Id": 3712096918}}, "(64, '17')": {"explain_plan": {"Plan": {"Node Type": "Merge Join", "Join Type": "Inner", "Startup Cost": 3242103.77, "Total Cost": 3248579.02, "Plan Rows": 59380, "Plan Width": 83, "Inner Unique": true, "Merge Cond": "(supplier.s_suppkey = revenue0.supplier_no)", "Plans": [{"Node Type": "Aggregate", "Strategy": "Plain", "Parent Relationship": "exec_init_plan", "Subplan Name": "InitPlan 1 (returns $0)", "Startup Cost": 1610196.85, "Total Cost": 1610196.86, "Plan Rows": 1, "Plan Width": 16, "Plans": [{"Node Type": "Aggregate", "Strategy": "Hashed", "Parent Relationship": "Outer", "Startup Cost": 1608860.8, "Total Cost": 1609454.6, "Plan Rows": 59380, "Plan Width": 32, "Group By Key": ["public.lineitem.l_suppkey"], "Plans": [{"Node Type": "Bitmap Heap Scan", "Parent Relationship": "Outer", "Relation Name": "lineitem", "Alias": "lineitem", "Startup Cost": 78544.19, "Total Cost": 1586191.59, "Plan Rows": 2266921, "Plan Width": 24, "Recheck Cond": "((l_shipdate >= '1997-07-01 00:00:00'::timestamp(0) without time zone) AND (l_shipdate < '1997-10-01 00:00:00'::timestamp without time zone)), (LLVM Optimized)", "Plans": [{"Node Type": "Bitmap Index Scan", "Parent Relationship": "Outer", "Index Name": "idx_lineitem_shipdate", "Startup Cost": 0.0, "Total Cost": 77977.46, "Plan Rows": 2266921, "Plan Width": 0, "Index Cond": "((l_shipdate >= '1997-07-01 00:00:00'::timestamp(0) without time zone) AND (l_shipdate < '1997-10-01 00:00:00'::timestamp without time zone))"}]}]}]}, {"Node Type": "Index Scan", "Parent Relationship": "Outer", "Scan Direction": "Forward", "Index Name": "supplier_pkey", "Relation Name": "supplier", "Alias": "supplier", "Startup Cost": 0.0, "Total Cost": 5334.54, "Plan Rows": 100000, "Plan Width": 75}, {"Node Type": "Sort", "Parent Relationship": "Inner", "Startup Cost": 1631906.91, "Total Cost": 1632055.36, "Plan Rows": 59380, "Plan Width": 16, "Sort Key": ["revenue0.supplier_no"], "Plans": [{"Node Type": "Subquery Scan", "Parent Relationship": "Outer", "Alias": "revenue0", "Startup Cost": 1625862.71, "Total Cost": 1627198.76, "Plan Rows": 59380, "Plan Width": 16, "Plans": [{"Node Type": "Aggregate", "Strategy": "Hashed", "Parent Relationship": "Subquery", "Startup Cost": 1625862.71, "Total Cost": 1626604.96, "Plan Rows": 59380, "Plan Width": 40, "Group By Key": ["public.lineitem.l_suppkey"], "Filter": "(sum((public.lineitem.l_extendedprice * (1::double precision - public.lineitem.l_discount))) = $0), (LLVM Optimized)", "Plans": [{"Node Type": "Bitmap Heap Scan", "Parent Relationship": "Outer", "Relation Name": "lineitem", "Alias": "lineitem", "Startup Cost": 78544.19, "Total Cost": 1586191.59, "Plan Rows": 2266921, "Plan Width": 24, "Recheck Cond": "((l_shipdate >= '1997-07-01 00:00:00'::timestamp(0) without time zone) AND (l_shipdate < '1997-10-01 00:00:00'::timestamp without time zone)), (LLVM Optimized)", "Plans": [{"Node Type": "Bitmap Index Scan", "Parent Relationship": "Outer", "Index Name": "idx_lineitem_shipdate", "Startup Cost": 0.0, "Total Cost": 77977.46, "Plan Rows": 2266921, "Plan Width": 0, "Index Cond": "((l_shipdate >= '1997-07-01 00:00:00'::timestamp(0) without time zone) AND (l_shipdate < '1997-10-01 00:00:00'::timestamp without time zone))"}]}]}]}]}]}, "Unique SQL Id": 3712096918, "Planner Runtime": 0}, "explain_analyze_plan": {"Plan": {"Node Type": "Merge Join", "Join Type": "Inner", "Startup Cost": 3242103.77, "Total Cost": 3248579.02, "Plan Rows": 59380, "Plan Width": 83, "Actual Startup Time": 11259.12, "Actual Total Time": 11259.13, "Actual Rows": 1, "Actual Loops": 1, "Inner Unique": true, "Merge Cond": "(supplier.s_suppkey = revenue0.supplier_no)", "Plans": [{"Node Type": "Aggregate", "Strategy": "Plain", "Parent Relationship": "exec_init_plan", "Subplan Name": "InitPlan 1 (returns $0)", "Startup Cost": 1610196.85, "Total Cost": 1610196.86, "Plan Rows": 1, "Plan Width": 16, "Actual Startup Time": 5678.286, "Actual Total Time": 5678.286, "Actual Rows": 1, "Actual Loops": 1, "Plans": [{"Node Type": "Aggregate", "Strategy": "Hashed", "Parent Relationship": "Outer", "Startup Cost": 1608860.8, "Total Cost": 1609454.6, "Plan Rows": 59380, "Plan Width": 32, "Actual Startup Time": 5632.701, "Actual Total Time": 5663.385, "Actual Rows": 100000, "Actual Loops": 1, "Group By Key": ["public.lineitem.l_suppkey"], "Plans": [{"Node Type": "Bitmap Heap Scan", "Parent Relationship": "Outer", "Relation Name": "lineitem", "Alias": "lineitem", "Startup Cost": 78544.19, "Total Cost": 1586191.59, "Plan Rows": 2266921, "Plan Width": 24, "Actual Startup Time": 1092.363, "Actual Total Time": 3924.167, "Actual Rows": 2293944, "Actual Loops": 1, "Recheck Cond": "((l_shipdate >= '1997-07-01 00:00:00'::timestamp(0) without time zone) AND (l_shipdate < '1997-10-01 00:00:00'::timestamp without time zone)), (LLVM Optimized, Jit Execute)", "Rows Removed by Index Recheck": 0, "Exact Heap Blocks": 732487, "Lossy Heap Blocks": 732487, "Plans": [{"Node Type": "Bitmap Index Scan", "Parent Relationship": "Outer", "Index Name": "idx_lineitem_shipdate", "Startup Cost": 0.0, "Total Cost": 77977.46, "Plan Rows": 2266921, "Plan Width": 0, "Actual Startup Time": 806.305, "Actual Total Time": 806.305, "Actual Rows": 2293944, "Actual Loops": 1, "Index Cond": "((l_shipdate >= '1997-07-01 00:00:00'::timestamp(0) without time zone) AND (l_shipdate < '1997-10-01 00:00:00'::timestamp without time zone))"}]}]}]}, {"Node Type": "Index Scan", "Parent Relationship": "Outer", "Scan Direction": "Forward", "Index Name": "supplier_pkey", "Relation Name": "supplier", "Alias": "supplier", "Startup Cost": 0.0, "Total Cost": 5334.54, "Plan Rows": 100000, "Plan Width": 75, "Actual Startup Time": 0.035, "Actual Total Time": 17.69, "Actual Rows": 35977, "Actual Loops": 1}, {"Node Type": "Sort", "Parent Relationship": "Inner", "Startup Cost": 1631906.91, "Total Cost": 1632055.36, "Plan Rows": 59380, "Plan Width": 16, "Actual Startup Time": 11236.384, "Actual Total Time": 11236.386, "Actual Rows": 1, "Actual Loops": 1, "Sort Key": ["revenue0.supplier_no"], "Sort Method": "quicksort", "Sort Space Used": 25, "Sort Space Type": "Memory", "Plans": [{"Node Type": "Subquery Scan", "Parent Relationship": "Outer", "Alias": "revenue0", "Startup Cost": 1625862.71, "Total Cost": 1627198.76, "Plan Rows": 59380, "Plan Width": 16, "Actual Startup Time": 11217.282, "Actual Total Time": 11236.125, "Actual Rows": 1, "Actual Loops": 1, "Plans": [{"Node Type": "Aggregate", "Strategy": "Hashed", "Parent Relationship": "Subquery", "Startup Cost": 1625862.71, "Total Cost": 1626604.96, "Plan Rows": 59380, "Plan Width": 40, "Actual Startup Time": 11217.279, "Actual Total Time": 11236.12, "Actual Rows": 1, "Actual Loops": 1, "Group By Key": ["public.lineitem.l_suppkey"], "Filter": "(sum((public.lineitem.l_extendedprice * (1::double precision - public.lineitem.l_discount))) = $0), (LLVM Optimized, Jit Execute)", "Rows Removed by Filter": 99999, "Plans": [{"Node Type": "Bitmap Heap Scan", "Parent Relationship": "Outer", "Relation Name": "lineitem", "Alias": "lineitem", "Startup Cost": 78544.19, "Total Cost": 1586191.59, "Plan Rows": 2266921, "Plan Width": 24, "Actual Startup Time": 1268.542, "Actual Total Time": 4012.865, "Actual Rows": 2293944, "Actual Loops": 1, "Recheck Cond": "((l_shipdate >= '1997-07-01 00:00:00'::timestamp(0) without time zone) AND (l_shipdate < '1997-10-01 00:00:00'::timestamp without time zone)), (LLVM Optimized, Jit Execute)", "Rows Removed by Index Recheck": 0, "Exact Heap Blocks": 732487, "Lossy Heap Blocks": 732487, "Plans": [{"Node Type": "Bitmap Index Scan", "Parent Relationship": "Outer", "Index Name": "idx_lineitem_shipdate", "Startup Cost": 0.0, "Total Cost": 77977.46, "Plan Rows": 2266921, "Plan Width": 0, "Actual Startup Time": 913.173, "Actual Total Time": 913.173, "Actual Rows": 2293944, "Actual Loops": 1, "Index Cond": "((l_shipdate >= '1997-07-01 00:00:00'::timestamp(0) without time zone) AND (l_shipdate < '1997-10-01 00:00:00'::timestamp without time zone))"}]}]}]}]}]}, "Triggers": [], "Planner Runtime": 0.897, "Total Runtime": 11271.753, "Unique SQL Id": 3712096918}}, "(64, '18')": {"explain_plan": {"Plan": {"Node Type": "Merge Join", "Join Type": "Inner", "Startup Cost": 3253691.59, "Total Cost": 3255082.29, "Plan Rows": 59380, "Plan Width": 83, "Inner Unique": true, "Merge Cond": "(supplier.s_suppkey = revenue0.supplier_no)", "Plans": [{"Node Type": "Aggregate", "Strategy": "Plain", "Parent Relationship": "exec_init_plan", "Subplan Name": "InitPlan 1 (returns $0)", "Startup Cost": 1610196.85, "Total Cost": 1610196.86, "Plan Rows": 1, "Plan Width": 16, "Plans": [{"Node Type": "Aggregate", "Strategy": "Hashed", "Parent Relationship": "Outer", "Startup Cost": 1608860.8, "Total Cost": 1609454.6, "Plan Rows": 59380, "Plan Width": 32, "Group By Key": ["public.lineitem.l_suppkey"], "Plans": [{"Node Type": "Bitmap Heap Scan", "Parent Relationship": "Outer", "Relation Name": "lineitem", "Alias": "lineitem", "Startup Cost": 78544.19, "Total Cost": 1586191.59, "Plan Rows": 2266921, "Plan Width": 24, "Recheck Cond": "((l_shipdate >= '1997-07-01 00:00:00'::timestamp(0) without time zone) AND (l_shipdate < '1997-10-01 00:00:00'::timestamp without time zone)), (LLVM Optimized)", "Plans": [{"Node Type": "Bitmap Index Scan", "Parent Relationship": "Outer", "Index Name": "idx_lineitem_shipdate", "Startup Cost": 0.0, "Total Cost": 77977.46, "Plan Rows": 2266921, "Plan Width": 0, "Index Cond": "((l_shipdate >= '1997-07-01 00:00:00'::timestamp(0) without time zone) AND (l_shipdate < '1997-10-01 00:00:00'::timestamp without time zone))"}]}]}]}, {"Node Type": "Sort", "Parent Relationship": "Outer", "Startup Cost": 11587.82, "Total Cost": 11837.82, "Plan Rows": 100000, "Plan Width": 75, "Sort Key": ["supplier.s_suppkey"], "Plans": [{"Node Type": "Seq Scan", "Parent Relationship": "Outer", "Relation Name": "supplier", "Alias": "supplier", "Startup Cost": 0.0, "Total Cost": 3283.0, "Plan Rows": 100000, "Plan Width": 75}]}, {"Node Type": "Sort", "Parent Relationship": "Inner", "Startup Cost": 1631906.91, "Total Cost": 1632055.36, "Plan Rows": 59380, "Plan Width": 16, "Sort Key": ["revenue0.supplier_no"], "Plans": [{"Node Type": "Subquery Scan", "Parent Relationship": "Outer", "Alias": "revenue0", "Startup Cost": 1625862.71, "Total Cost": 1627198.76, "Plan Rows": 59380, "Plan Width": 16, "Plans": [{"Node Type": "Aggregate", "Strategy": "Hashed", "Parent Relationship": "Subquery", "Startup Cost": 1625862.71, "Total Cost": 1626604.96, "Plan Rows": 59380, "Plan Width": 40, "Group By Key": ["public.lineitem.l_suppkey"], "Filter": "(sum((public.lineitem.l_extendedprice * (1::double precision - public.lineitem.l_discount))) = $0), (LLVM Optimized)", "Plans": [{"Node Type": "Bitmap Heap Scan", "Parent Relationship": "Outer", "Relation Name": "lineitem", "Alias": "lineitem", "Startup Cost": 78544.19, "Total Cost": 1586191.59, "Plan Rows": 2266921, "Plan Width": 24, "Recheck Cond": "((l_shipdate >= '1997-07-01 00:00:00'::timestamp(0) without time zone) AND (l_shipdate < '1997-10-01 00:00:00'::timestamp without time zone)), (LLVM Optimized)", "Plans": [{"Node Type": "Bitmap Index Scan", "Parent Relationship": "Outer", "Index Name": "idx_lineitem_shipdate", "Startup Cost": 0.0, "Total Cost": 77977.46, "Plan Rows": 2266921, "Plan Width": 0, "Index Cond": "((l_shipdate >= '1997-07-01 00:00:00'::timestamp(0) without time zone) AND (l_shipdate < '1997-10-01 00:00:00'::timestamp without time zone))"}]}]}]}]}]}, "Unique SQL Id": 3712096918, "Planner Runtime": 0}, "explain_analyze_plan": {"Plan": {"Node Type": "Merge Join", "Join Type": "Inner", "Startup Cost": 3253691.59, "Total Cost": 3255082.29, "Plan Rows": 59380, "Plan Width": 83, "Actual Startup Time": 11273.839, "Actual Total Time": 11274.042, "Actual Rows": 1, "Actual Loops": 1, "Inner Unique": true, "Merge Cond": "(supplier.s_suppkey = revenue0.supplier_no)", "Plans": [{"Node Type": "Aggregate", "Strategy": "Plain", "Parent Relationship": "exec_init_plan", "Subplan Name": "InitPlan 1 (returns $0)", "Startup Cost": 1610196.85, "Total Cost": 1610196.86, "Plan Rows": 1, "Plan Width": 16, "Actual Startup Time": 5587.42, "Actual Total Time": 5587.42, "Actual Rows": 1, "Actual Loops": 1, "Plans": [{"Node Type": "Aggregate", "Strategy": "Hashed", "Parent Relationship": "Outer", "Startup Cost": 1608860.8, "Total Cost": 1609454.6, "Plan Rows": 59380, "Plan Width": 32, "Actual Startup Time": 5543.433, "Actual Total Time": 5572.471, "Actual Rows": 100000, "Actual Loops": 1, "Group By Key": ["public.lineitem.l_suppkey"], "Plans": [{"Node Type": "Bitmap Heap Scan", "Parent Relationship": "Outer", "Relation Name": "lineitem", "Alias": "lineitem", "Startup Cost": 78544.19, "Total Cost": 1586191.59, "Plan Rows": 2266921, "Plan Width": 24, "Actual Startup Time": 1181.717, "Actual Total Time": 3948.832, "Actual Rows": 2293944, "Actual Loops": 1, "Recheck Cond": "((l_shipdate >= '1997-07-01 00:00:00'::timestamp(0) without time zone) AND (l_shipdate < '1997-10-01 00:00:00'::timestamp without time zone)), (LLVM Optimized, Jit Execute)", "Rows Removed by Index Recheck": 0, "Exact Heap Blocks": 732487, "Lossy Heap Blocks": 732487, "Plans": [{"Node Type": "Bitmap Index Scan", "Parent Relationship": "Outer", "Index Name": "idx_lineitem_shipdate", "Startup Cost": 0.0, "Total Cost": 77977.46, "Plan Rows": 2266921, "Plan Width": 0, "Actual Startup Time": 891.828, "Actual Total Time": 891.828, "Actual Rows": 2293944, "Actual Loops": 1, "Index Cond": "((l_shipdate >= '1997-07-01 00:00:00'::timestamp(0) without time zone) AND (l_shipdate < '1997-10-01 00:00:00'::timestamp without time zone))"}]}]}]}, {"Node Type": "Sort", "Parent Relationship": "Outer", "Startup Cost": 11587.82, "Total Cost": 11837.82, "Plan Rows": 100000, "Plan Width": 75, "Actual Startup Time": 69.893, "Actual Total Time": 74.352, "Actual Rows": 35977, "Actual Loops": 1, "Sort Key": ["supplier.s_suppkey"], "Sort Method": "quicksort", "Sort Space Used": 18698, "Sort Space Type": "Memory", "Plans": [{"Node Type": "Seq Scan", "Parent Relationship": "Outer", "Relation Name": "supplier", "Alias": "supplier", "Startup Cost": 0.0, "Total Cost": 3283.0, "Plan Rows": 100000, "Plan Width": 75, "Actual Startup Time": 0.023, "Actual Total Time": 34.157, "Actual Rows": 100000, "Actual Loops": 1}]}, {"Node Type": "Sort", "Parent Relationship": "Inner", "Startup Cost": 1631906.91, "Total Cost": 1632055.36, "Plan Rows": 59380, "Plan Width": 16, "Actual Startup Time": 11194.298, "Actual Total Time": 11194.298, "Actual Rows": 1, "Actual Loops": 1, "Sort Key": ["revenue0.supplier_no"], "Sort Method": "quicksort", "Sort Space Used": 25, "Sort Space Type": "Memory", "Plans": [{"Node Type": "Subquery Scan", "Parent Relationship": "Outer", "Alias": "revenue0", "Startup Cost": 1625862.71, "Total Cost": 1627198.76, "Plan Rows": 59380, "Plan Width": 16, "Actual Startup Time": 11175.845, "Actual Total Time": 11194.042, "Actual Rows": 1, "Actual Loops": 1, "Plans": [{"Node Type": "Aggregate", "Strategy": "Hashed", "Parent Relationship": "Subquery", "Startup Cost": 1625862.71, "Total Cost": 1626604.96, "Plan Rows": 59380, "Plan Width": 40, "Actual Startup Time": 11175.843, "Actual Total Time": 11194.037, "Actual Rows": 1, "Actual Loops": 1, "Group By Key": ["public.lineitem.l_suppkey"], "Filter": "(sum((public.lineitem.l_extendedprice * (1::double precision - public.lineitem.l_discount))) = $0), (LLVM Optimized, Jit Execute)", "Rows Removed by Filter": 99999, "Plans": [{"Node Type": "Bitmap Heap Scan", "Parent Relationship": "Outer", "Relation Name": "lineitem", "Alias": "lineitem", "Startup Cost": 78544.19, "Total Cost": 1586191.59, "Plan Rows": 2266921, "Plan Width": 24, "Actual Startup Time": 1200.348, "Actual Total Time": 3963.914, "Actual Rows": 2293944, "Actual Loops": 1, "Recheck Cond": "((l_shipdate >= '1997-07-01 00:00:00'::timestamp(0) without time zone) AND (l_shipdate < '1997-10-01 00:00:00'::timestamp without time zone)), (LLVM Optimized, Jit Execute)", "Rows Removed by Index Recheck": 0, "Exact Heap Blocks": 732487, "Lossy Heap Blocks": 732487, "Plans": [{"Node Type": "Bitmap Index Scan", "Parent Relationship": "Outer", "Index Name": "idx_lineitem_shipdate", "Startup Cost": 0.0, "Total Cost": 77977.46, "Plan Rows": 2266921, "Plan Width": 0, "Actual Startup Time": 837.379, "Actual Total Time": 837.379, "Actual Rows": 2293944, "Actual Loops": 1, "Index Cond": "((l_shipdate >= '1997-07-01 00:00:00'::timestamp(0) without time zone) AND (l_shipdate < '1997-10-01 00:00:00'::timestamp without time zone))"}]}]}]}]}]}, "Triggers": [], "Planner Runtime": 0.871, "Total Runtime": 11286.651, "Unique SQL Id": 3712096918}}, "(64, '19')": {"explain_plan": {"Plan": {"Node Type": "Sort", "Startup Cost": 3497813.02, "Total Cost": 3497961.47, "Plan Rows": 59380, "Plan Width": 83, "Sort Key": ["supplier.s_suppkey"], "Plans": [{"Node Type": "Aggregate", "Strategy": "Plain", "Parent Relationship": "exec_init_plan", "Subplan Name": "InitPlan 1 (returns $0)", "Startup Cost": 1610196.85, "Total Cost": 1610196.86, "Plan Rows": 1, "Plan Width": 16, "Plans": [{"Node Type": "Aggregate", "Strategy": "Hashed", "Parent Relationship": "Outer", "Startup Cost": 1608860.8, "Total Cost": 1609454.6, "Plan Rows": 59380, "Plan Width": 32, "Group By Key": ["public.lineitem.l_suppkey"], "Plans": [{"Node Type": "Bitmap Heap Scan", "Parent Relationship": "Outer", "Relation Name": "lineitem", "Alias": "lineitem", "Startup Cost": 78544.19, "Total Cost": 1586191.59, "Plan Rows": 2266921, "Plan Width": 24, "Recheck Cond": "((l_shipdate >= '1997-07-01 00:00:00'::timestamp(0) without time zone) AND (l_shipdate < '1997-10-01 00:00:00'::timestamp without time zone)), (LLVM Optimized)", "Plans": [{"Node Type": "Bitmap Index Scan", "Parent Relationship": "Outer", "Index Name": "idx_lineitem_shipdate", "Startup Cost": 0.0, "Total Cost": 77977.46, "Plan Rows": 2266921, "Plan Width": 0, "Index Cond": "((l_shipdate >= '1997-07-01 00:00:00'::timestamp(0) without time zone) AND (l_shipdate < '1997-10-01 00:00:00'::timestamp without time zone))"}]}]}]}, {"Node Type": "Nested Loop", "Parent Relationship": "Outer", "Join Type": "Inner", "Startup Cost": 1625863.0, "Total Cost": 1882908.01, "Plan Rows": 59380, "Plan Width": 83, "Inner Unique": true, "Plans": [{"Node Type": "Aggregate", "Strategy": "Hashed", "Parent Relationship": "Outer", "Startup Cost": 1625862.71, "Total Cost": 1626604.96, "Plan Rows": 59380, "Plan Width": 40, "Group By Key": ["public.lineitem.l_suppkey"], "Filter": "(sum((public.lineitem.l_extendedprice * (1::double precision - public.lineitem.l_discount))) = $0), (LLVM Optimized)", "Plans": [{"Node Type": "Bitmap Heap Scan", "Parent Relationship": "Outer", "Relation Name": "lineitem", "Alias": "lineitem", "Startup Cost": 78544.19, "Total Cost": 1586191.59, "Plan Rows": 2266921, "Plan Width": 24, "Recheck Cond": "((l_shipdate >= '1997-07-01 00:00:00'::timestamp(0) without time zone) AND (l_shipdate < '1997-10-01 00:00:00'::timestamp without time zone)), (LLVM Optimized)", "Plans": [{"Node Type": "Bitmap Index Scan", "Parent Relationship": "Outer", "Index Name": "idx_lineitem_shipdate", "Startup Cost": 0.0, "Total Cost": 77977.46, "Plan Rows": 2266921, "Plan Width": 0, "Index Cond": "((l_shipdate >= '1997-07-01 00:00:00'::timestamp(0) without time zone) AND (l_shipdate < '1997-10-01 00:00:00'::timestamp without time zone))"}]}]}, {"Node Type": "Bitmap Heap Scan", "Parent Relationship": "Inner", "Relation Name": "supplier", "Alias": "supplier", "Startup Cost": 0.28, "Total Cost": 4.3, "Plan Rows": 1, "Plan Width": 75, "Recheck Cond": "(s_suppkey = public.lineitem.l_suppkey)", "Plans": [{"Node Type": "Bitmap Index Scan", "Parent Relationship": "Outer", "Index Name": "supplier_pkey", "Startup Cost": 0.0, "Total Cost": 0.28, "Plan Rows": 1, "Plan Width": 0, "Index Cond": "(s_suppkey = public.lineitem.l_suppkey)"}]}]}]}, "Unique SQL Id": 3712096918, "Planner Runtime": 0}, "explain_analyze_plan": {"Plan": {"Node Type": "Sort", "Startup Cost": 3497813.02, "Total Cost": 3497961.47, "Plan Rows": 59380, "Plan Width": 83, "Actual Startup Time": 11573.67, "Actual Total Time": 11573.671, "Actual Rows": 1, "Actual Loops": 1, "Sort Key": ["supplier.s_suppkey"], "Sort Method": "quicksort", "Sort Space Used": 25, "Sort Space Type": "Memory", "Plans": [{"Node Type": "Aggregate", "Strategy": "Plain", "Parent Relationship": "exec_init_plan", "Subplan Name": "InitPlan 1 (returns $0)", "Startup Cost": 1610196.85, "Total Cost": 1610196.86, "Plan Rows": 1, "Plan Width": 16, "Actual Startup Time": 5810.994, "Actual Total Time": 5810.994, "Actual Rows": 1, "Actual Loops": 1, "Plans": [{"Node Type": "Aggregate", "Strategy": "Hashed", "Parent Relationship": "Outer", "Startup Cost": 1608860.8, "Total Cost": 1609454.6, "Plan Rows": 59380, "Plan Width": 32, "Actual Startup Time": 5762.308, "Actual Total Time": 5795.992, "Actual Rows": 100000, "Actual Loops": 1, "Group By Key": ["public.lineitem.l_suppkey"], "Plans": [{"Node Type": "Bitmap Heap Scan", "Parent Relationship": "Outer", "Relation Name": "lineitem", "Alias": "lineitem", "Startup Cost": 78544.19, "Total Cost": 1586191.59, "Plan Rows": 2266921, "Plan Width": 24, "Actual Startup Time": 1233.691, "Actual Total Time": 4071.08, "Actual Rows": 2293944, "Actual Loops": 1, "Recheck Cond": "((l_shipdate >= '1997-07-01 00:00:00'::timestamp(0) without time zone) AND (l_shipdate < '1997-10-01 00:00:00'::timestamp without time zone)), (LLVM Optimized, Jit Execute)", "Rows Removed by Index Recheck": 0, "Exact Heap Blocks": 732487, "Lossy Heap Blocks": 732487, "Plans": [{"Node Type": "Bitmap Index Scan", "Parent Relationship": "Outer", "Index Name": "idx_lineitem_shipdate", "Startup Cost": 0.0, "Total Cost": 77977.46, "Plan Rows": 2266921, "Plan Width": 0, "Actual Startup Time": 943.405, "Actual Total Time": 943.405, "Actual Rows": 2293944, "Actual Loops": 1, "Index Cond": "((l_shipdate >= '1997-07-01 00:00:00'::timestamp(0) without time zone) AND (l_shipdate < '1997-10-01 00:00:00'::timestamp without time zone))"}]}]}]}, {"Node Type": "Nested Loop", "Parent Relationship": "Outer", "Join Type": "Inner", "Startup Cost": 1625863.0, "Total Cost": 1882908.01, "Plan Rows": 59380, "Plan Width": 83, "Actual Startup Time": 11554.935, "Actual Total Time": 11573.643, "Actual Rows": 1, "Actual Loops": 1, "Inner Unique": true, "Plans": [{"Node Type": "Aggregate", "Strategy": "Hashed", "Parent Relationship": "Outer", "Startup Cost": 1625862.71, "Total Cost": 1626604.96, "Plan Rows": 59380, "Plan Width": 40, "Actual Startup Time": 11554.824, "Actual Total Time": 11573.326, "Actual Rows": 1, "Actual Loops": 1, "Group By Key": ["public.lineitem.l_suppkey"], "Filter": "(sum((public.lineitem.l_extendedprice * (1::double precision - public.lineitem.l_discount))) = $0), (LLVM Optimized, Jit Execute)", "Rows Removed by Filter": 99999, "Plans": [{"Node Type": "Bitmap Heap Scan", "Parent Relationship": "Outer", "Relation Name": "lineitem", "Alias": "lineitem", "Startup Cost": 78544.19, "Total Cost": 1586191.59, "Plan Rows": 2266921, "Plan Width": 24, "Actual Startup Time": 1251.575, "Actual Total Time": 4123.103, "Actual Rows": 2293944, "Actual Loops": 1, "Recheck Cond": "((l_shipdate >= '1997-07-01 00:00:00'::timestamp(0) without time zone) AND (l_shipdate < '1997-10-01 00:00:00'::timestamp without time zone)), (LLVM Optimized, Jit Execute)", "Rows Removed by Index Recheck": 0, "Exact Heap Blocks": 732487, "Lossy Heap Blocks": 732487, "Plans": [{"Node Type": "Bitmap Index Scan", "Parent Relationship": "Outer", "Index Name": "idx_lineitem_shipdate", "Startup Cost": 0.0, "Total Cost": 77977.46, "Plan Rows": 2266921, "Plan Width": 0, "Actual Startup Time": 951.166, "Actual Total Time": 951.166, "Actual Rows": 2293944, "Actual Loops": 1, "Index Cond": "((l_shipdate >= '1997-07-01 00:00:00'::timestamp(0) without time zone) AND (l_shipdate < '1997-10-01 00:00:00'::timestamp without time zone))"}]}]}, {"Node Type": "Bitmap Heap Scan", "Parent Relationship": "Inner", "Relation Name": "supplier", "Alias": "supplier", "Startup Cost": 0.28, "Total Cost": 4.3, "Plan Rows": 1, "Plan Width": 75, "Actual Startup Time": 0.082, "Actual Total Time": 0.082, "Actual Rows": 1, "Actual Loops": 1, "Recheck Cond": "(s_suppkey = public.lineitem.l_suppkey)", "Rows Removed by Index Recheck": 0, "Exact Heap Blocks": 1, "Lossy Heap Blocks": 1, "Plans": [{"Node Type": "Bitmap Index Scan", "Parent Relationship": "Outer", "Index Name": "supplier_pkey", "Startup Cost": 0.0, "Total Cost": 0.28, "Plan Rows": 1, "Plan Width": 0, "Actual Startup Time": 0.037, "Actual Total Time": 0.037, "Actual Rows": 1, "Actual Loops": 1, "Index Cond": "(s_suppkey = public.lineitem.l_suppkey)"}]}]}]}, "Triggers": [], "Planner Runtime": 0.887, "Total Runtime": 11586.661, "Unique SQL Id": 3712096918}}, "(64, '20')": {"explain_plan": {"Plan": {"Node Type": "Merge Join", "Join Type": "Inner", "Startup Cost": 3242103.77, "Total Cost": 3248579.02, "Plan Rows": 59380, "Plan Width": 83, "Inner Unique": true, "Merge Cond": "(supplier.s_suppkey = revenue0.supplier_no)", "Plans": [{"Node Type": "Aggregate", "Strategy": "Plain", "Parent Relationship": "exec_init_plan", "Subplan Name": "InitPlan 1 (returns $0)", "Startup Cost": 1610196.85, "Total Cost": 1610196.86, "Plan Rows": 1, "Plan Width": 16, "Plans": [{"Node Type": "Aggregate", "Strategy": "Hashed", "Parent Relationship": "Outer", "Startup Cost": 1608860.8, "Total Cost": 1609454.6, "Plan Rows": 59380, "Plan Width": 32, "Group By Key": ["public.lineitem.l_suppkey"], "Plans": [{"Node Type": "Bitmap Heap Scan", "Parent Relationship": "Outer", "Relation Name": "lineitem", "Alias": "lineitem", "Startup Cost": 78544.19, "Total Cost": 1586191.59, "Plan Rows": 2266921, "Plan Width": 24, "Recheck Cond": "((l_shipdate >= '1997-07-01 00:00:00'::timestamp(0) without time zone) AND (l_shipdate < '1997-10-01 00:00:00'::timestamp without time zone)), (LLVM Optimized)", "Plans": [{"Node Type": "Bitmap Index Scan", "Parent Relationship": "Outer", "Index Name": "idx_lineitem_shipdate", "Startup Cost": 0.0, "Total Cost": 77977.46, "Plan Rows": 2266921, "Plan Width": 0, "Index Cond": "((l_shipdate >= '1997-07-01 00:00:00'::timestamp(0) without time zone) AND (l_shipdate < '1997-10-01 00:00:00'::timestamp without time zone))"}]}]}]}, {"Node Type": "Index Scan", "Parent Relationship": "Outer", "Scan Direction": "Forward", "Index Name": "supplier_pkey", "Relation Name": "supplier", "Alias": "supplier", "Startup Cost": 0.0, "Total Cost": 5334.54, "Plan Rows": 100000, "Plan Width": 75}, {"Node Type": "Sort", "Parent Relationship": "Inner", "Startup Cost": 1631906.91, "Total Cost": 1632055.36, "Plan Rows": 59380, "Plan Width": 16, "Sort Key": ["revenue0.supplier_no"], "Plans": [{"Node Type": "Subquery Scan", "Parent Relationship": "Outer", "Alias": "revenue0", "Startup Cost": 1625862.71, "Total Cost": 1627198.76, "Plan Rows": 59380, "Plan Width": 16, "Plans": [{"Node Type": "Aggregate", "Strategy": "Hashed", "Parent Relationship": "Subquery", "Startup Cost": 1625862.71, "Total Cost": 1626604.96, "Plan Rows": 59380, "Plan Width": 40, "Group By Key": ["public.lineitem.l_suppkey"], "Filter": "(sum((public.lineitem.l_extendedprice * (1::double precision - public.lineitem.l_discount))) = $0), (LLVM Optimized)", "Plans": [{"Node Type": "Bitmap Heap Scan", "Parent Relationship": "Outer", "Relation Name": "lineitem", "Alias": "lineitem", "Startup Cost": 78544.19, "Total Cost": 1586191.59, "Plan Rows": 2266921, "Plan Width": 24, "Recheck Cond": "((l_shipdate >= '1997-07-01 00:00:00'::timestamp(0) without time zone) AND (l_shipdate < '1997-10-01 00:00:00'::timestamp without time zone)), (LLVM Optimized)", "Plans": [{"Node Type": "Bitmap Index Scan", "Parent Relationship": "Outer", "Index Name": "idx_lineitem_shipdate", "Startup Cost": 0.0, "Total Cost": 77977.46, "Plan Rows": 2266921, "Plan Width": 0, "Index Cond": "((l_shipdate >= '1997-07-01 00:00:00'::timestamp(0) without time zone) AND (l_shipdate < '1997-10-01 00:00:00'::timestamp without time zone))"}]}]}]}]}]}, "Unique SQL Id": 3712096918, "Planner Runtime": 0}, "explain_analyze_plan": {"Plan": {"Node Type": "Merge Join", "Join Type": "Inner", "Startup Cost": 3242103.77, "Total Cost": 3248579.02, "Plan Rows": 59380, "Plan Width": 83, "Actual Startup Time": 11259.12, "Actual Total Time": 11259.13, "Actual Rows": 1, "Actual Loops": 1, "Inner Unique": true, "Merge Cond": "(supplier.s_suppkey = revenue0.supplier_no)", "Plans": [{"Node Type": "Aggregate", "Strategy": "Plain", "Parent Relationship": "exec_init_plan", "Subplan Name": "InitPlan 1 (returns $0)", "Startup Cost": 1610196.85, "Total Cost": 1610196.86, "Plan Rows": 1, "Plan Width": 16, "Actual Startup Time": 5678.286, "Actual Total Time": 5678.286, "Actual Rows": 1, "Actual Loops": 1, "Plans": [{"Node Type": "Aggregate", "Strategy": "Hashed", "Parent Relationship": "Outer", "Startup Cost": 1608860.8, "Total Cost": 1609454.6, "Plan Rows": 59380, "Plan Width": 32, "Actual Startup Time": 5632.701, "Actual Total Time": 5663.385, "Actual Rows": 100000, "Actual Loops": 1, "Group By Key": ["public.lineitem.l_suppkey"], "Plans": [{"Node Type": "Bitmap Heap Scan", "Parent Relationship": "Outer", "Relation Name": "lineitem", "Alias": "lineitem", "Startup Cost": 78544.19, "Total Cost": 1586191.59, "Plan Rows": 2266921, "Plan Width": 24, "Actual Startup Time": 1092.363, "Actual Total Time": 3924.167, "Actual Rows": 2293944, "Actual Loops": 1, "Recheck Cond": "((l_shipdate >= '1997-07-01 00:00:00'::timestamp(0) without time zone) AND (l_shipdate < '1997-10-01 00:00:00'::timestamp without time zone)), (LLVM Optimized, Jit Execute)", "Rows Removed by Index Recheck": 0, "Exact Heap Blocks": 732487, "Lossy Heap Blocks": 732487, "Plans": [{"Node Type": "Bitmap Index Scan", "Parent Relationship": "Outer", "Index Name": "idx_lineitem_shipdate", "Startup Cost": 0.0, "Total Cost": 77977.46, "Plan Rows": 2266921, "Plan Width": 0, "Actual Startup Time": 806.305, "Actual Total Time": 806.305, "Actual Rows": 2293944, "Actual Loops": 1, "Index Cond": "((l_shipdate >= '1997-07-01 00:00:00'::timestamp(0) without time zone) AND (l_shipdate < '1997-10-01 00:00:00'::timestamp without time zone))"}]}]}]}, {"Node Type": "Index Scan", "Parent Relationship": "Outer", "Scan Direction": "Forward", "Index Name": "supplier_pkey", "Relation Name": "supplier", "Alias": "supplier", "Startup Cost": 0.0, "Total Cost": 5334.54, "Plan Rows": 100000, "Plan Width": 75, "Actual Startup Time": 0.035, "Actual Total Time": 17.69, "Actual Rows": 35977, "Actual Loops": 1}, {"Node Type": "Sort", "Parent Relationship": "Inner", "Startup Cost": 1631906.91, "Total Cost": 1632055.36, "Plan Rows": 59380, "Plan Width": 16, "Actual Startup Time": 11236.384, "Actual Total Time": 11236.386, "Actual Rows": 1, "Actual Loops": 1, "Sort Key": ["revenue0.supplier_no"], "Sort Method": "quicksort", "Sort Space Used": 25, "Sort Space Type": "Memory", "Plans": [{"Node Type": "Subquery Scan", "Parent Relationship": "Outer", "Alias": "revenue0", "Startup Cost": 1625862.71, "Total Cost": 1627198.76, "Plan Rows": 59380, "Plan Width": 16, "Actual Startup Time": 11217.282, "Actual Total Time": 11236.125, "Actual Rows": 1, "Actual Loops": 1, "Plans": [{"Node Type": "Aggregate", "Strategy": "Hashed", "Parent Relationship": "Subquery", "Startup Cost": 1625862.71, "Total Cost": 1626604.96, "Plan Rows": 59380, "Plan Width": 40, "Actual Startup Time": 11217.279, "Actual Total Time": 11236.12, "Actual Rows": 1, "Actual Loops": 1, "Group By Key": ["public.lineitem.l_suppkey"], "Filter": "(sum((public.lineitem.l_extendedprice * (1::double precision - public.lineitem.l_discount))) = $0), (LLVM Optimized, Jit Execute)", "Rows Removed by Filter": 99999, "Plans": [{"Node Type": "Bitmap Heap Scan", "Parent Relationship": "Outer", "Relation Name": "lineitem", "Alias": "lineitem", "Startup Cost": 78544.19, "Total Cost": 1586191.59, "Plan Rows": 2266921, "Plan Width": 24, "Actual Startup Time": 1268.542, "Actual Total Time": 4012.865, "Actual Rows": 2293944, "Actual Loops": 1, "Recheck Cond": "((l_shipdate >= '1997-07-01 00:00:00'::timestamp(0) without time zone) AND (l_shipdate < '1997-10-01 00:00:00'::timestamp without time zone)), (LLVM Optimized, Jit Execute)", "Rows Removed by Index Recheck": 0, "Exact Heap Blocks": 732487, "Lossy Heap Blocks": 732487, "Plans": [{"Node Type": "Bitmap Index Scan", "Parent Relationship": "Outer", "Index Name": "idx_lineitem_shipdate", "Startup Cost": 0.0, "Total Cost": 77977.46, "Plan Rows": 2266921, "Plan Width": 0, "Actual Startup Time": 913.173, "Actual Total Time": 913.173, "Actual Rows": 2293944, "Actual Loops": 1, "Index Cond": "((l_shipdate >= '1997-07-01 00:00:00'::timestamp(0) without time zone) AND (l_shipdate < '1997-10-01 00:00:00'::timestamp without time zone))"}]}]}]}]}]}, "Triggers": [], "Planner Runtime": 0.897, "Total Runtime": 11271.753, "Unique SQL Id": 3712096918}}, "(64, '21')": {"explain_plan": {"Plan": {"Node Type": "Merge Join", "Join Type": "Inner", "Startup Cost": 3242103.77, "Total Cost": 3248579.02, "Plan Rows": 59380, "Plan Width": 83, "Inner Unique": true, "Merge Cond": "(supplier.s_suppkey = revenue0.supplier_no)", "Plans": [{"Node Type": "Aggregate", "Strategy": "Plain", "Parent Relationship": "exec_init_plan", "Subplan Name": "InitPlan 1 (returns $0)", "Startup Cost": 1610196.85, "Total Cost": 1610196.86, "Plan Rows": 1, "Plan Width": 16, "Plans": [{"Node Type": "Aggregate", "Strategy": "Hashed", "Parent Relationship": "Outer", "Startup Cost": 1608860.8, "Total Cost": 1609454.6, "Plan Rows": 59380, "Plan Width": 32, "Group By Key": ["public.lineitem.l_suppkey"], "Plans": [{"Node Type": "Bitmap Heap Scan", "Parent Relationship": "Outer", "Relation Name": "lineitem", "Alias": "lineitem", "Startup Cost": 78544.19, "Total Cost": 1586191.59, "Plan Rows": 2266921, "Plan Width": 24, "Recheck Cond": "((l_shipdate >= '1997-07-01 00:00:00'::timestamp(0) without time zone) AND (l_shipdate < '1997-10-01 00:00:00'::timestamp without time zone)), (LLVM Optimized)", "Plans": [{"Node Type": "Bitmap Index Scan", "Parent Relationship": "Outer", "Index Name": "idx_lineitem_shipdate", "Startup Cost": 0.0, "Total Cost": 77977.46, "Plan Rows": 2266921, "Plan Width": 0, "Index Cond": "((l_shipdate >= '1997-07-01 00:00:00'::timestamp(0) without time zone) AND (l_shipdate < '1997-10-01 00:00:00'::timestamp without time zone))"}]}]}]}, {"Node Type": "Index Scan", "Parent Relationship": "Outer", "Scan Direction": "Forward", "Index Name": "supplier_pkey", "Relation Name": "supplier", "Alias": "supplier", "Startup Cost": 0.0, "Total Cost": 5334.54, "Plan Rows": 100000, "Plan Width": 75}, {"Node Type": "Sort", "Parent Relationship": "Inner", "Startup Cost": 1631906.91, "Total Cost": 1632055.36, "Plan Rows": 59380, "Plan Width": 16, "Sort Key": ["revenue0.supplier_no"], "Plans": [{"Node Type": "Subquery Scan", "Parent Relationship": "Outer", "Alias": "revenue0", "Startup Cost": 1625862.71, "Total Cost": 1627198.76, "Plan Rows": 59380, "Plan Width": 16, "Plans": [{"Node Type": "Aggregate", "Strategy": "Hashed", "Parent Relationship": "Subquery", "Startup Cost": 1625862.71, "Total Cost": 1626604.96, "Plan Rows": 59380, "Plan Width": 40, "Group By Key": ["public.lineitem.l_suppkey"], "Filter": "(sum((public.lineitem.l_extendedprice * (1::double precision - public.lineitem.l_discount))) = $0), (LLVM Optimized)", "Plans": [{"Node Type": "Bitmap Heap Scan", "Parent Relationship": "Outer", "Relation Name": "lineitem", "Alias": "lineitem", "Startup Cost": 78544.19, "Total Cost": 1586191.59, "Plan Rows": 2266921, "Plan Width": 24, "Recheck Cond": "((l_shipdate >= '1997-07-01 00:00:00'::timestamp(0) without time zone) AND (l_shipdate < '1997-10-01 00:00:00'::timestamp without time zone)), (LLVM Optimized)", "Plans": [{"Node Type": "Bitmap Index Scan", "Parent Relationship": "Outer", "Index Name": "idx_lineitem_shipdate", "Startup Cost": 0.0, "Total Cost": 77977.46, "Plan Rows": 2266921, "Plan Width": 0, "Index Cond": "((l_shipdate >= '1997-07-01 00:00:00'::timestamp(0) without time zone) AND (l_shipdate < '1997-10-01 00:00:00'::timestamp without time zone))"}]}]}]}]}]}, "Unique SQL Id": 3712096918, "Planner Runtime": 0}, "explain_analyze_plan": {"Plan": {"Node Type": "Merge Join", "Join Type": "Inner", "Startup Cost": 3242103.77, "Total Cost": 3248579.02, "Plan Rows": 59380, "Plan Width": 83, "Actual Startup Time": 11259.12, "Actual Total Time": 11259.13, "Actual Rows": 1, "Actual Loops": 1, "Inner Unique": true, "Merge Cond": "(supplier.s_suppkey = revenue0.supplier_no)", "Plans": [{"Node Type": "Aggregate", "Strategy": "Plain", "Parent Relationship": "exec_init_plan", "Subplan Name": "InitPlan 1 (returns $0)", "Startup Cost": 1610196.85, "Total Cost": 1610196.86, "Plan Rows": 1, "Plan Width": 16, "Actual Startup Time": 5678.286, "Actual Total Time": 5678.286, "Actual Rows": 1, "Actual Loops": 1, "Plans": [{"Node Type": "Aggregate", "Strategy": "Hashed", "Parent Relationship": "Outer", "Startup Cost": 1608860.8, "Total Cost": 1609454.6, "Plan Rows": 59380, "Plan Width": 32, "Actual Startup Time": 5632.701, "Actual Total Time": 5663.385, "Actual Rows": 100000, "Actual Loops": 1, "Group By Key": ["public.lineitem.l_suppkey"], "Plans": [{"Node Type": "Bitmap Heap Scan", "Parent Relationship": "Outer", "Relation Name": "lineitem", "Alias": "lineitem", "Startup Cost": 78544.19, "Total Cost": 1586191.59, "Plan Rows": 2266921, "Plan Width": 24, "Actual Startup Time": 1092.363, "Actual Total Time": 3924.167, "Actual Rows": 2293944, "Actual Loops": 1, "Recheck Cond": "((l_shipdate >= '1997-07-01 00:00:00'::timestamp(0) without time zone) AND (l_shipdate < '1997-10-01 00:00:00'::timestamp without time zone)), (LLVM Optimized, Jit Execute)", "Rows Removed by Index Recheck": 0, "Exact Heap Blocks": 732487, "Lossy Heap Blocks": 732487, "Plans": [{"Node Type": "Bitmap Index Scan", "Parent Relationship": "Outer", "Index Name": "idx_lineitem_shipdate", "Startup Cost": 0.0, "Total Cost": 77977.46, "Plan Rows": 2266921, "Plan Width": 0, "Actual Startup Time": 806.305, "Actual Total Time": 806.305, "Actual Rows": 2293944, "Actual Loops": 1, "Index Cond": "((l_shipdate >= '1997-07-01 00:00:00'::timestamp(0) without time zone) AND (l_shipdate < '1997-10-01 00:00:00'::timestamp without time zone))"}]}]}]}, {"Node Type": "Index Scan", "Parent Relationship": "Outer", "Scan Direction": "Forward", "Index Name": "supplier_pkey", "Relation Name": "supplier", "Alias": "supplier", "Startup Cost": 0.0, "Total Cost": 5334.54, "Plan Rows": 100000, "Plan Width": 75, "Actual Startup Time": 0.035, "Actual Total Time": 17.69, "Actual Rows": 35977, "Actual Loops": 1}, {"Node Type": "Sort", "Parent Relationship": "Inner", "Startup Cost": 1631906.91, "Total Cost": 1632055.36, "Plan Rows": 59380, "Plan Width": 16, "Actual Startup Time": 11236.384, "Actual Total Time": 11236.386, "Actual Rows": 1, "Actual Loops": 1, "Sort Key": ["revenue0.supplier_no"], "Sort Method": "quicksort", "Sort Space Used": 25, "Sort Space Type": "Memory", "Plans": [{"Node Type": "Subquery Scan", "Parent Relationship": "Outer", "Alias": "revenue0", "Startup Cost": 1625862.71, "Total Cost": 1627198.76, "Plan Rows": 59380, "Plan Width": 16, "Actual Startup Time": 11217.282, "Actual Total Time": 11236.125, "Actual Rows": 1, "Actual Loops": 1, "Plans": [{"Node Type": "Aggregate", "Strategy": "Hashed", "Parent Relationship": "Subquery", "Startup Cost": 1625862.71, "Total Cost": 1626604.96, "Plan Rows": 59380, "Plan Width": 40, "Actual Startup Time": 11217.279, "Actual Total Time": 11236.12, "Actual Rows": 1, "Actual Loops": 1, "Group By Key": ["public.lineitem.l_suppkey"], "Filter": "(sum((public.lineitem.l_extendedprice * (1::double precision - public.lineitem.l_discount))) = $0), (LLVM Optimized, Jit Execute)", "Rows Removed by Filter": 99999, "Plans": [{"Node Type": "Bitmap Heap Scan", "Parent Relationship": "Outer", "Relation Name": "lineitem", "Alias": "lineitem", "Startup Cost": 78544.19, "Total Cost": 1586191.59, "Plan Rows": 2266921, "Plan Width": 24, "Actual Startup Time": 1268.542, "Actual Total Time": 4012.865, "Actual Rows": 2293944, "Actual Loops": 1, "Recheck Cond": "((l_shipdate >= '1997-07-01 00:00:00'::timestamp(0) without time zone) AND (l_shipdate < '1997-10-01 00:00:00'::timestamp without time zone)), (LLVM Optimized, Jit Execute)", "Rows Removed by Index Recheck": 0, "Exact Heap Blocks": 732487, "Lossy Heap Blocks": 732487, "Plans": [{"Node Type": "Bitmap Index Scan", "Parent Relationship": "Outer", "Index Name": "idx_lineitem_shipdate", "Startup Cost": 0.0, "Total Cost": 77977.46, "Plan Rows": 2266921, "Plan Width": 0, "Actual Startup Time": 913.173, "Actual Total Time": 913.173, "Actual Rows": 2293944, "Actual Loops": 1, "Index Cond": "((l_shipdate >= '1997-07-01 00:00:00'::timestamp(0) without time zone) AND (l_shipdate < '1997-10-01 00:00:00'::timestamp without time zone))"}]}]}]}]}]}, "Triggers": [], "Planner Runtime": 0.897, "Total Runtime": 11271.753, "Unique SQL Id": 3712096918}}, "(64, '22')": {"explain_plan": {"Plan": {"Node Type": "Merge Join", "Join Type": "Inner", "Startup Cost": 3253691.59, "Total Cost": 3255082.29, "Plan Rows": 59380, "Plan Width": 83, "Inner Unique": true, "Merge Cond": "(supplier.s_suppkey = revenue0.supplier_no)", "Plans": [{"Node Type": "Aggregate", "Strategy": "Plain", "Parent Relationship": "exec_init_plan", "Subplan Name": "InitPlan 1 (returns $0)", "Startup Cost": 1610196.85, "Total Cost": 1610196.86, "Plan Rows": 1, "Plan Width": 16, "Plans": [{"Node Type": "Aggregate", "Strategy": "Hashed", "Parent Relationship": "Outer", "Startup Cost": 1608860.8, "Total Cost": 1609454.6, "Plan Rows": 59380, "Plan Width": 32, "Group By Key": ["public.lineitem.l_suppkey"], "Plans": [{"Node Type": "Bitmap Heap Scan", "Parent Relationship": "Outer", "Relation Name": "lineitem", "Alias": "lineitem", "Startup Cost": 78544.19, "Total Cost": 1586191.59, "Plan Rows": 2266921, "Plan Width": 24, "Recheck Cond": "((l_shipdate >= '1997-07-01 00:00:00'::timestamp(0) without time zone) AND (l_shipdate < '1997-10-01 00:00:00'::timestamp without time zone)), (LLVM Optimized)", "Plans": [{"Node Type": "Bitmap Index Scan", "Parent Relationship": "Outer", "Index Name": "idx_lineitem_shipdate", "Startup Cost": 0.0, "Total Cost": 77977.46, "Plan Rows": 2266921, "Plan Width": 0, "Index Cond": "((l_shipdate >= '1997-07-01 00:00:00'::timestamp(0) without time zone) AND (l_shipdate < '1997-10-01 00:00:00'::timestamp without time zone))"}]}]}]}, {"Node Type": "Sort", "Parent Relationship": "Outer", "Startup Cost": 11587.82, "Total Cost": 11837.82, "Plan Rows": 100000, "Plan Width": 75, "Sort Key": ["supplier.s_suppkey"], "Plans": [{"Node Type": "Seq Scan", "Parent Relationship": "Outer", "Relation Name": "supplier", "Alias": "supplier", "Startup Cost": 0.0, "Total Cost": 3283.0, "Plan Rows": 100000, "Plan Width": 75}]}, {"Node Type": "Sort", "Parent Relationship": "Inner", "Startup Cost": 1631906.91, "Total Cost": 1632055.36, "Plan Rows": 59380, "Plan Width": 16, "Sort Key": ["revenue0.supplier_no"], "Plans": [{"Node Type": "Subquery Scan", "Parent Relationship": "Outer", "Alias": "revenue0", "Startup Cost": 1625862.71, "Total Cost": 1627198.76, "Plan Rows": 59380, "Plan Width": 16, "Plans": [{"Node Type": "Aggregate", "Strategy": "Hashed", "Parent Relationship": "Subquery", "Startup Cost": 1625862.71, "Total Cost": 1626604.96, "Plan Rows": 59380, "Plan Width": 40, "Group By Key": ["public.lineitem.l_suppkey"], "Filter": "(sum((public.lineitem.l_extendedprice * (1::double precision - public.lineitem.l_discount))) = $0), (LLVM Optimized)", "Plans": [{"Node Type": "Bitmap Heap Scan", "Parent Relationship": "Outer", "Relation Name": "lineitem", "Alias": "lineitem", "Startup Cost": 78544.19, "Total Cost": 1586191.59, "Plan Rows": 2266921, "Plan Width": 24, "Recheck Cond": "((l_shipdate >= '1997-07-01 00:00:00'::timestamp(0) without time zone) AND (l_shipdate < '1997-10-01 00:00:00'::timestamp without time zone)), (LLVM Optimized)", "Plans": [{"Node Type": "Bitmap Index Scan", "Parent Relationship": "Outer", "Index Name": "idx_lineitem_shipdate", "Startup Cost": 0.0, "Total Cost": 77977.46, "Plan Rows": 2266921, "Plan Width": 0, "Index Cond": "((l_shipdate >= '1997-07-01 00:00:00'::timestamp(0) without time zone) AND (l_shipdate < '1997-10-01 00:00:00'::timestamp without time zone))"}]}]}]}]}]}, "Unique SQL Id": 3712096918, "Planner Runtime": 0}, "explain_analyze_plan": {"Plan": {"Node Type": "Merge Join", "Join Type": "Inner", "Startup Cost": 3253691.59, "Total Cost": 3255082.29, "Plan Rows": 59380, "Plan Width": 83, "Actual Startup Time": 11273.839, "Actual Total Time": 11274.042, "Actual Rows": 1, "Actual Loops": 1, "Inner Unique": true, "Merge Cond": "(supplier.s_suppkey = revenue0.supplier_no)", "Plans": [{"Node Type": "Aggregate", "Strategy": "Plain", "Parent Relationship": "exec_init_plan", "Subplan Name": "InitPlan 1 (returns $0)", "Startup Cost": 1610196.85, "Total Cost": 1610196.86, "Plan Rows": 1, "Plan Width": 16, "Actual Startup Time": 5587.42, "Actual Total Time": 5587.42, "Actual Rows": 1, "Actual Loops": 1, "Plans": [{"Node Type": "Aggregate", "Strategy": "Hashed", "Parent Relationship": "Outer", "Startup Cost": 1608860.8, "Total Cost": 1609454.6, "Plan Rows": 59380, "Plan Width": 32, "Actual Startup Time": 5543.433, "Actual Total Time": 5572.471, "Actual Rows": 100000, "Actual Loops": 1, "Group By Key": ["public.lineitem.l_suppkey"], "Plans": [{"Node Type": "Bitmap Heap Scan", "Parent Relationship": "Outer", "Relation Name": "lineitem", "Alias": "lineitem", "Startup Cost": 78544.19, "Total Cost": 1586191.59, "Plan Rows": 2266921, "Plan Width": 24, "Actual Startup Time": 1181.717, "Actual Total Time": 3948.832, "Actual Rows": 2293944, "Actual Loops": 1, "Recheck Cond": "((l_shipdate >= '1997-07-01 00:00:00'::timestamp(0) without time zone) AND (l_shipdate < '1997-10-01 00:00:00'::timestamp without time zone)), (LLVM Optimized, Jit Execute)", "Rows Removed by Index Recheck": 0, "Exact Heap Blocks": 732487, "Lossy Heap Blocks": 732487, "Plans": [{"Node Type": "Bitmap Index Scan", "Parent Relationship": "Outer", "Index Name": "idx_lineitem_shipdate", "Startup Cost": 0.0, "Total Cost": 77977.46, "Plan Rows": 2266921, "Plan Width": 0, "Actual Startup Time": 891.828, "Actual Total Time": 891.828, "Actual Rows": 2293944, "Actual Loops": 1, "Index Cond": "((l_shipdate >= '1997-07-01 00:00:00'::timestamp(0) without time zone) AND (l_shipdate < '1997-10-01 00:00:00'::timestamp without time zone))"}]}]}]}, {"Node Type": "Sort", "Parent Relationship": "Outer", "Startup Cost": 11587.82, "Total Cost": 11837.82, "Plan Rows": 100000, "Plan Width": 75, "Actual Startup Time": 69.893, "Actual Total Time": 74.352, "Actual Rows": 35977, "Actual Loops": 1, "Sort Key": ["supplier.s_suppkey"], "Sort Method": "quicksort", "Sort Space Used": 18698, "Sort Space Type": "Memory", "Plans": [{"Node Type": "Seq Scan", "Parent Relationship": "Outer", "Relation Name": "supplier", "Alias": "supplier", "Startup Cost": 0.0, "Total Cost": 3283.0, "Plan Rows": 100000, "Plan Width": 75, "Actual Startup Time": 0.023, "Actual Total Time": 34.157, "Actual Rows": 100000, "Actual Loops": 1}]}, {"Node Type": "Sort", "Parent Relationship": "Inner", "Startup Cost": 1631906.91, "Total Cost": 1632055.36, "Plan Rows": 59380, "Plan Width": 16, "Actual Startup Time": 11194.298, "Actual Total Time": 11194.298, "Actual Rows": 1, "Actual Loops": 1, "Sort Key": ["revenue0.supplier_no"], "Sort Method": "quicksort", "Sort Space Used": 25, "Sort Space Type": "Memory", "Plans": [{"Node Type": "Subquery Scan", "Parent Relationship": "Outer", "Alias": "revenue0", "Startup Cost": 1625862.71, "Total Cost": 1627198.76, "Plan Rows": 59380, "Plan Width": 16, "Actual Startup Time": 11175.845, "Actual Total Time": 11194.042, "Actual Rows": 1, "Actual Loops": 1, "Plans": [{"Node Type": "Aggregate", "Strategy": "Hashed", "Parent Relationship": "Subquery", "Startup Cost": 1625862.71, "Total Cost": 1626604.96, "Plan Rows": 59380, "Plan Width": 40, "Actual Startup Time": 11175.843, "Actual Total Time": 11194.037, "Actual Rows": 1, "Actual Loops": 1, "Group By Key": ["public.lineitem.l_suppkey"], "Filter": "(sum((public.lineitem.l_extendedprice * (1::double precision - public.lineitem.l_discount))) = $0), (LLVM Optimized, Jit Execute)", "Rows Removed by Filter": 99999, "Plans": [{"Node Type": "Bitmap Heap Scan", "Parent Relationship": "Outer", "Relation Name": "lineitem", "Alias": "lineitem", "Startup Cost": 78544.19, "Total Cost": 1586191.59, "Plan Rows": 2266921, "Plan Width": 24, "Actual Startup Time": 1200.348, "Actual Total Time": 3963.914, "Actual Rows": 2293944, "Actual Loops": 1, "Recheck Cond": "((l_shipdate >= '1997-07-01 00:00:00'::timestamp(0) without time zone) AND (l_shipdate < '1997-10-01 00:00:00'::timestamp without time zone)), (LLVM Optimized, Jit Execute)", "Rows Removed by Index Recheck": 0, "Exact Heap Blocks": 732487, "Lossy Heap Blocks": 732487, "Plans": [{"Node Type": "Bitmap Index Scan", "Parent Relationship": "Outer", "Index Name": "idx_lineitem_shipdate", "Startup Cost": 0.0, "Total Cost": 77977.46, "Plan Rows": 2266921, "Plan Width": 0, "Actual Startup Time": 837.379, "Actual Total Time": 837.379, "Actual Rows": 2293944, "Actual Loops": 1, "Index Cond": "((l_shipdate >= '1997-07-01 00:00:00'::timestamp(0) without time zone) AND (l_shipdate < '1997-10-01 00:00:00'::timestamp without time zone))"}]}]}]}]}]}, "Triggers": [], "Planner Runtime": 0.871, "Total Runtime": 11286.651, "Unique SQL Id": 3712096918}}, "(64, '23')": {"explain_plan": {"Plan": {"Node Type": "Sort", "Startup Cost": 3497813.02, "Total Cost": 3497961.47, "Plan Rows": 59380, "Plan Width": 83, "Sort Key": ["supplier.s_suppkey"], "Plans": [{"Node Type": "Aggregate", "Strategy": "Plain", "Parent Relationship": "exec_init_plan", "Subplan Name": "InitPlan 1 (returns $0)", "Startup Cost": 1610196.85, "Total Cost": 1610196.86, "Plan Rows": 1, "Plan Width": 16, "Plans": [{"Node Type": "Aggregate", "Strategy": "Hashed", "Parent Relationship": "Outer", "Startup Cost": 1608860.8, "Total Cost": 1609454.6, "Plan Rows": 59380, "Plan Width": 32, "Group By Key": ["public.lineitem.l_suppkey"], "Plans": [{"Node Type": "Bitmap Heap Scan", "Parent Relationship": "Outer", "Relation Name": "lineitem", "Alias": "lineitem", "Startup Cost": 78544.19, "Total Cost": 1586191.59, "Plan Rows": 2266921, "Plan Width": 24, "Recheck Cond": "((l_shipdate >= '1997-07-01 00:00:00'::timestamp(0) without time zone) AND (l_shipdate < '1997-10-01 00:00:00'::timestamp without time zone)), (LLVM Optimized)", "Plans": [{"Node Type": "Bitmap Index Scan", "Parent Relationship": "Outer", "Index Name": "idx_lineitem_shipdate", "Startup Cost": 0.0, "Total Cost": 77977.46, "Plan Rows": 2266921, "Plan Width": 0, "Index Cond": "((l_shipdate >= '1997-07-01 00:00:00'::timestamp(0) without time zone) AND (l_shipdate < '1997-10-01 00:00:00'::timestamp without time zone))"}]}]}]}, {"Node Type": "Nested Loop", "Parent Relationship": "Outer", "Join Type": "Inner", "Startup Cost": 1625863.0, "Total Cost": 1882908.01, "Plan Rows": 59380, "Plan Width": 83, "Inner Unique": true, "Plans": [{"Node Type": "Aggregate", "Strategy": "Hashed", "Parent Relationship": "Outer", "Startup Cost": 1625862.71, "Total Cost": 1626604.96, "Plan Rows": 59380, "Plan Width": 40, "Group By Key": ["public.lineitem.l_suppkey"], "Filter": "(sum((public.lineitem.l_extendedprice * (1::double precision - public.lineitem.l_discount))) = $0), (LLVM Optimized)", "Plans": [{"Node Type": "Bitmap Heap Scan", "Parent Relationship": "Outer", "Relation Name": "lineitem", "Alias": "lineitem", "Startup Cost": 78544.19, "Total Cost": 1586191.59, "Plan Rows": 2266921, "Plan Width": 24, "Recheck Cond": "((l_shipdate >= '1997-07-01 00:00:00'::timestamp(0) without time zone) AND (l_shipdate < '1997-10-01 00:00:00'::timestamp without time zone)), (LLVM Optimized)", "Plans": [{"Node Type": "Bitmap Index Scan", "Parent Relationship": "Outer", "Index Name": "idx_lineitem_shipdate", "Startup Cost": 0.0, "Total Cost": 77977.46, "Plan Rows": 2266921, "Plan Width": 0, "Index Cond": "((l_shipdate >= '1997-07-01 00:00:00'::timestamp(0) without time zone) AND (l_shipdate < '1997-10-01 00:00:00'::timestamp without time zone))"}]}]}, {"Node Type": "Bitmap Heap Scan", "Parent Relationship": "Inner", "Relation Name": "supplier", "Alias": "supplier", "Startup Cost": 0.28, "Total Cost": 4.3, "Plan Rows": 1, "Plan Width": 75, "Recheck Cond": "(s_suppkey = public.lineitem.l_suppkey)", "Plans": [{"Node Type": "Bitmap Index Scan", "Parent Relationship": "Outer", "Index Name": "supplier_pkey", "Startup Cost": 0.0, "Total Cost": 0.28, "Plan Rows": 1, "Plan Width": 0, "Index Cond": "(s_suppkey = public.lineitem.l_suppkey)"}]}]}]}, "Unique SQL Id": 3712096918, "Planner Runtime": 0}, "explain_analyze_plan": {"Plan": {"Node Type": "Sort", "Startup Cost": 3497813.02, "Total Cost": 3497961.47, "Plan Rows": 59380, "Plan Width": 83, "Actual Startup Time": 11573.67, "Actual Total Time": 11573.671, "Actual Rows": 1, "Actual Loops": 1, "Sort Key": ["supplier.s_suppkey"], "Sort Method": "quicksort", "Sort Space Used": 25, "Sort Space Type": "Memory", "Plans": [{"Node Type": "Aggregate", "Strategy": "Plain", "Parent Relationship": "exec_init_plan", "Subplan Name": "InitPlan 1 (returns $0)", "Startup Cost": 1610196.85, "Total Cost": 1610196.86, "Plan Rows": 1, "Plan Width": 16, "Actual Startup Time": 5810.994, "Actual Total Time": 5810.994, "Actual Rows": 1, "Actual Loops": 1, "Plans": [{"Node Type": "Aggregate", "Strategy": "Hashed", "Parent Relationship": "Outer", "Startup Cost": 1608860.8, "Total Cost": 1609454.6, "Plan Rows": 59380, "Plan Width": 32, "Actual Startup Time": 5762.308, "Actual Total Time": 5795.992, "Actual Rows": 100000, "Actual Loops": 1, "Group By Key": ["public.lineitem.l_suppkey"], "Plans": [{"Node Type": "Bitmap Heap Scan", "Parent Relationship": "Outer", "Relation Name": "lineitem", "Alias": "lineitem", "Startup Cost": 78544.19, "Total Cost": 1586191.59, "Plan Rows": 2266921, "Plan Width": 24, "Actual Startup Time": 1233.691, "Actual Total Time": 4071.08, "Actual Rows": 2293944, "Actual Loops": 1, "Recheck Cond": "((l_shipdate >= '1997-07-01 00:00:00'::timestamp(0) without time zone) AND (l_shipdate < '1997-10-01 00:00:00'::timestamp without time zone)), (LLVM Optimized, Jit Execute)", "Rows Removed by Index Recheck": 0, "Exact Heap Blocks": 732487, "Lossy Heap Blocks": 732487, "Plans": [{"Node Type": "Bitmap Index Scan", "Parent Relationship": "Outer", "Index Name": "idx_lineitem_shipdate", "Startup Cost": 0.0, "Total Cost": 77977.46, "Plan Rows": 2266921, "Plan Width": 0, "Actual Startup Time": 943.405, "Actual Total Time": 943.405, "Actual Rows": 2293944, "Actual Loops": 1, "Index Cond": "((l_shipdate >= '1997-07-01 00:00:00'::timestamp(0) without time zone) AND (l_shipdate < '1997-10-01 00:00:00'::timestamp without time zone))"}]}]}]}, {"Node Type": "Nested Loop", "Parent Relationship": "Outer", "Join Type": "Inner", "Startup Cost": 1625863.0, "Total Cost": 1882908.01, "Plan Rows": 59380, "Plan Width": 83, "Actual Startup Time": 11554.935, "Actual Total Time": 11573.643, "Actual Rows": 1, "Actual Loops": 1, "Inner Unique": true, "Plans": [{"Node Type": "Aggregate", "Strategy": "Hashed", "Parent Relationship": "Outer", "Startup Cost": 1625862.71, "Total Cost": 1626604.96, "Plan Rows": 59380, "Plan Width": 40, "Actual Startup Time": 11554.824, "Actual Total Time": 11573.326, "Actual Rows": 1, "Actual Loops": 1, "Group By Key": ["public.lineitem.l_suppkey"], "Filter": "(sum((public.lineitem.l_extendedprice * (1::double precision - public.lineitem.l_discount))) = $0), (LLVM Optimized, Jit Execute)", "Rows Removed by Filter": 99999, "Plans": [{"Node Type": "Bitmap Heap Scan", "Parent Relationship": "Outer", "Relation Name": "lineitem", "Alias": "lineitem", "Startup Cost": 78544.19, "Total Cost": 1586191.59, "Plan Rows": 2266921, "Plan Width": 24, "Actual Startup Time": 1251.575, "Actual Total Time": 4123.103, "Actual Rows": 2293944, "Actual Loops": 1, "Recheck Cond": "((l_shipdate >= '1997-07-01 00:00:00'::timestamp(0) without time zone) AND (l_shipdate < '1997-10-01 00:00:00'::timestamp without time zone)), (LLVM Optimized, Jit Execute)", "Rows Removed by Index Recheck": 0, "Exact Heap Blocks": 732487, "Lossy Heap Blocks": 732487, "Plans": [{"Node Type": "Bitmap Index Scan", "Parent Relationship": "Outer", "Index Name": "idx_lineitem_shipdate", "Startup Cost": 0.0, "Total Cost": 77977.46, "Plan Rows": 2266921, "Plan Width": 0, "Actual Startup Time": 951.166, "Actual Total Time": 951.166, "Actual Rows": 2293944, "Actual Loops": 1, "Index Cond": "((l_shipdate >= '1997-07-01 00:00:00'::timestamp(0) without time zone) AND (l_shipdate < '1997-10-01 00:00:00'::timestamp without time zone))"}]}]}, {"Node Type": "Bitmap Heap Scan", "Parent Relationship": "Inner", "Relation Name": "supplier", "Alias": "supplier", "Startup Cost": 0.28, "Total Cost": 4.3, "Plan Rows": 1, "Plan Width": 75, "Actual Startup Time": 0.082, "Actual Total Time": 0.082, "Actual Rows": 1, "Actual Loops": 1, "Recheck Cond": "(s_suppkey = public.lineitem.l_suppkey)", "Rows Removed by Index Recheck": 0, "Exact Heap Blocks": 1, "Lossy Heap Blocks": 1, "Plans": [{"Node Type": "Bitmap Index Scan", "Parent Relationship": "Outer", "Index Name": "supplier_pkey", "Startup Cost": 0.0, "Total Cost": 0.28, "Plan Rows": 1, "Plan Width": 0, "Actual Startup Time": 0.037, "Actual Total Time": 0.037, "Actual Rows": 1, "Actual Loops": 1, "Index Cond": "(s_suppkey = public.lineitem.l_suppkey)"}]}]}]}, "Triggers": [], "Planner Runtime": 0.887, "Total Runtime": 11586.661, "Unique SQL Id": 3712096918}}, "(64, '24')": {"explain_plan": {"Plan": {"Node Type": "Merge Join", "Join Type": "Inner", "Startup Cost": 4699821.58, "Total Cost": 4706296.82, "Plan Rows": 59380, "Plan Width": 83, "Inner Unique": true, "Merge Cond": "(supplier.s_suppkey = revenue0.supplier_no)", "Plans": [{"Node Type": "Aggregate", "Strategy": "Plain", "Parent Relationship": "exec_init_plan", "Subplan Name": "InitPlan 1 (returns $0)", "Startup Cost": 2339055.76, "Total Cost": 2339055.77, "Plan Rows": 1, "Plan Width": 16, "Plans": [{"Node Type": "Aggregate", "Strategy": "Hashed", "Parent Relationship": "Outer", "Startup Cost": 2337719.71, "Total Cost": 2338313.51, "Plan Rows": 59380, "Plan Width": 32, "Group By Key": ["public.lineitem.l_suppkey"], "Plans": [{"Node Type": "Seq Scan", "Parent Relationship": "Outer", "Relation Name": "lineitem", "Alias": "lineitem", "Startup Cost": 25.32, "Total Cost": 2315050.5, "Plan Rows": 2266921, "Plan Width": 24, "Filter": "((l_shipdate >= '1997-07-01 00:00:00'::timestamp(0) without time zone) AND (l_shipdate < '1997-10-01 00:00:00'::timestamp without time zone)), (LLVM Optimized)"}]}]}, {"Node Type": "Index Scan", "Parent Relationship": "Outer", "Scan Direction": "Forward", "Index Name": "supplier_pkey", "Relation Name": "supplier", "Alias": "supplier", "Startup Cost": 0.0, "Total Cost": 5334.54, "Plan Rows": 100000, "Plan Width": 75}, {"Node Type": "Sort", "Parent Relationship": "Inner", "Startup Cost": 2360765.81, "Total Cost": 2360914.26, "Plan Rows": 59380, "Plan Width": 16, "Sort Key": ["revenue0.supplier_no"], "Plans": [{"Node Type": "Subquery Scan", "Parent Relationship": "Outer", "Alias": "revenue0", "Startup Cost": 2354721.61, "Total Cost": 2356057.66, "Plan Rows": 59380, "Plan Width": 16, "Plans": [{"Node Type": "Aggregate", "Strategy": "Hashed", "Parent Relationship": "Subquery", "Startup Cost": 2354721.61, "Total Cost": 2355463.86, "Plan Rows": 59380, "Plan Width": 40, "Group By Key": ["public.lineitem.l_suppkey"], "Filter": "(sum((public.lineitem.l_extendedprice * (1::double precision - public.lineitem.l_discount))) = $0), (LLVM Optimized)", "Plans": [{"Node Type": "Seq Scan", "Parent Relationship": "Outer", "Relation Name": "lineitem", "Alias": "lineitem", "Startup Cost": 25.32, "Total Cost": 2315050.5, "Plan Rows": 2266921, "Plan Width": 24, "Filter": "((l_shipdate >= '1997-07-01 00:00:00'::timestamp(0) without time zone) AND (l_shipdate < '1997-10-01 00:00:00'::timestamp without time zone)), (LLVM Optimized)"}]}]}]}]}, "Unique SQL Id": 3712096918, "Planner Runtime": 0}, "explain_analyze_plan": null}, "(64, '25')": {"explain_plan": {"Plan": {"Node Type": "Merge Join", "Join Type": "Inner", "Startup Cost": 10341221.9, "Total Cost": 10347697.14, "Plan Rows": 59380, "Plan Width": 83, "Inner Unique": true, "Merge Cond": "(supplier.s_suppkey = revenue0.supplier_no)", "Plans": [{"Node Type": "Aggregate", "Strategy": "Plain", "Parent Relationship": "exec_init_plan", "Subplan Name": "InitPlan 1 (returns $0)", "Startup Cost": 5159755.92, "Total Cost": 5159755.93, "Plan Rows": 1, "Plan Width": 16, "Plans": [{"Node Type": "Aggregate", "Strategy": "Hashed", "Parent Relationship": "Outer", "Startup Cost": 5158419.87, "Total Cost": 5159013.67, "Plan Rows": 59380, "Plan Width": 32, "Group By Key": ["public.lineitem.l_suppkey"], "Plans": [{"Node Type": "Index Scan", "Parent Relationship": "Outer", "Scan Direction": "Forward", "Index Name": "idx_lineitem_shipdate", "Relation Name": "lineitem", "Alias": "lineitem", "Startup Cost": 0.0, "Total Cost": 5135750.66, "Plan Rows": 2266921, "Plan Width": 24, "Index Cond": "((l_shipdate >= '1997-07-01 00:00:00'::timestamp(0) without time zone) AND (l_shipdate < '1997-10-01 00:00:00'::timestamp without time zone)), (LLVM Optimized)"}]}]}, {"Node Type": "Index Scan", "Parent Relationship": "Outer", "Scan Direction": "Forward", "Index Name": "supplier_pkey", "Relation Name": "supplier", "Alias": "supplier", "Startup Cost": 0.0, "Total Cost": 5334.54, "Plan Rows": 100000, "Plan Width": 75}, {"Node Type": "Sort", "Parent Relationship": "Inner", "Startup Cost": 5181465.97, "Total Cost": 5181614.42, "Plan Rows": 59380, "Plan Width": 16, "Sort Key": ["revenue0.supplier_no"], "Plans": [{"Node Type": "Subquery Scan", "Parent Relationship": "Outer", "Alias": "revenue0", "Startup Cost": 5175421.77, "Total Cost": 5176757.82, "Plan Rows": 59380, "Plan Width": 16, "Plans": [{"Node Type": "Aggregate", "Strategy": "Hashed", "Parent Relationship": "Subquery", "Startup Cost": 5175421.77, "Total Cost": 5176164.02, "Plan Rows": 59380, "Plan Width": 40, "Group By Key": ["public.lineitem.l_suppkey"], "Filter": "(sum((public.lineitem.l_extendedprice * (1::double precision - public.lineitem.l_discount))) = $0), (LLVM Optimized)", "Plans": [{"Node Type": "Index Scan", "Parent Relationship": "Outer", "Scan Direction": "Forward", "Index Name": "idx_lineitem_shipdate", "Relation Name": "lineitem", "Alias": "lineitem", "Startup Cost": 0.0, "Total Cost": 5135750.66, "Plan Rows": 2266921, "Plan Width": 24, "Index Cond": "((l_shipdate >= '1997-07-01 00:00:00'::timestamp(0) without time zone) AND (l_shipdate < '1997-10-01 00:00:00'::timestamp without time zone)), (LLVM Optimized)"}]}]}]}]}, "Unique SQL Id": 3712096918, "Planner Runtime": 0}, "explain_analyze_plan": {"Plan": {"Node Type": "Merge Join", "Join Type": "Inner", "Startup Cost": 10341221.9, "Total Cost": 10347697.14, "Plan Rows": 59380, "Plan Width": 83, "Actual Startup Time": 16114.708, "Actual Total Time": 16114.715, "Actual Rows": 1, "Actual Loops": 1, "Inner Unique": true, "Merge Cond": "(supplier.s_suppkey = revenue0.supplier_no)", "Plans": [{"Node Type": "Aggregate", "Strategy": "Plain", "Parent Relationship": "exec_init_plan", "Subplan Name": "InitPlan 1 (returns $0)", "Startup Cost": 5159755.92, "Total Cost": 5159755.93, "Plan Rows": 1, "Plan Width": 16, "Actual Startup Time": 8097.417, "Actual Total Time": 8097.418, "Actual Rows": 1, "Actual Loops": 1, "Plans": [{"Node Type": "Aggregate", "Strategy": "Hashed", "Parent Relationship": "Outer", "Startup Cost": 5158419.87, "Total Cost": 5159013.67, "Plan Rows": 59380, "Plan Width": 32, "Actual Startup Time": 8045.42, "Actual Total Time": 8082.553, "Actual Rows": 100000, "Actual Loops": 1, "Group By Key": ["public.lineitem.l_suppkey"], "Plans": [{"Node Type": "Index Scan", "Parent Relationship": "Outer", "Scan Direction": "Forward", "Index Name": "idx_lineitem_shipdate", "Relation Name": "lineitem", "Alias": "lineitem", "Startup Cost": 0.0, "Total Cost": 5135750.66, "Plan Rows": 2266921, "Plan Width": 24, "Actual Startup Time": 0.065, "Actual Total Time": 5981.726, "Actual Rows": 2293944, "Actual Loops": 1, "Index Cond": "((l_shipdate >= '1997-07-01 00:00:00'::timestamp(0) without time zone) AND (l_shipdate < '1997-10-01 00:00:00'::timestamp without time zone)), (LLVM Optimized, Jit Execute)", "Rows Removed by Index Recheck": 0}]}]}, {"Node Type": "Index Scan", "Parent Relationship": "Outer", "Scan Direction": "Forward", "Index Name": "supplier_pkey", "Relation Name": "supplier", "Alias": "supplier", "Startup Cost": 0.0, "Total Cost": 5334.54, "Plan Rows": 100000, "Plan Width": 75, "Actual Startup Time": 0.043, "Actual Total Time": 25.19, "Actual Rows": 35977, "Actual Loops": 1}, {"Node Type": "Sort", "Parent Relationship": "Inner", "Startup Cost": 5181465.97, "Total Cost": 5181614.42, "Plan Rows": 59380, "Plan Width": 16, "Actual Startup Time": 16084.45, "Actual Total Time": 16084.45, "Actual Rows": 1, "Actual Loops": 1, "Sort Key": ["revenue0.supplier_no"], "Sort Method": "quicksort", "Sort Space Used": 25, "Sort Space Type": "Memory", "Plans": [{"Node Type": "Subquery Scan", "Parent Relationship": "Outer", "Alias": "revenue0", "Startup Cost": 5175421.77, "Total Cost": 5176757.82, "Plan Rows": 59380, "Plan Width": 16, "Actual Startup Time": 16058.286, "Actual Total Time": 16084.202, "Actual Rows": 1, "Actual Loops": 1, "Plans": [{"Node Type": "Aggregate", "Strategy": "Hashed", "Parent Relationship": "Subquery", "Startup Cost": 5175421.77, "Total Cost": 5176164.02, "Plan Rows": 59380, "Plan Width": 40, "Actual Startup Time": 16058.282, "Actual Total Time": 16084.197, "Actual Rows": 1, "Actual Loops": 1, "Group By Key": ["public.lineitem.l_suppkey"], "Filter": "(sum((public.lineitem.l_extendedprice * (1::double precision - public.lineitem.l_discount))) = $0), (LLVM Optimized, Jit Execute)", "Rows Removed by Filter": 99999, "Plans": [{"Node Type": "Index Scan", "Parent Relationship": "Outer", "Scan Direction": "Forward", "Index Name": "idx_lineitem_shipdate", "Relation Name": "lineitem", "Alias": "lineitem", "Startup Cost": 0.0, "Total Cost": 5135750.66, "Plan Rows": 2266921, "Plan Width": 24, "Actual Startup Time": 0.05, "Actual Total Time": 5910.693, "Actual Rows": 2293944, "Actual Loops": 1, "Index Cond": "((l_shipdate >= '1997-07-01 00:00:00'::timestamp(0) without time zone) AND (l_shipdate < '1997-10-01 00:00:00'::timestamp without time zone)), (LLVM Optimized, Jit Execute)", "Rows Removed by Index Recheck": 0}]}]}]}]}, "Triggers": [], "Planner Runtime": 0.866, "Total Runtime": 16126.144, "Unique SQL Id": 3712096918}}, "(64, '26')": {"explain_plan": {"Plan": {"Node Type": "Merge Join", "Join Type": "Inner", "Startup Cost": 4711409.4, "Total Cost": 4712800.1, "Plan Rows": 59380, "Plan Width": 83, "Inner Unique": true, "Merge Cond": "(supplier.s_suppkey = revenue0.supplier_no)", "Plans": [{"Node Type": "Aggregate", "Strategy": "Plain", "Parent Relationship": "exec_init_plan", "Subplan Name": "InitPlan 1 (returns $0)", "Startup Cost": 2339055.76, "Total Cost": 2339055.77, "Plan Rows": 1, "Plan Width": 16, "Plans": [{"Node Type": "Aggregate", "Strategy": "Hashed", "Parent Relationship": "Outer", "Startup Cost": 2337719.71, "Total Cost": 2338313.51, "Plan Rows": 59380, "Plan Width": 32, "Group By Key": ["public.lineitem.l_suppkey"], "Plans": [{"Node Type": "Seq Scan", "Parent Relationship": "Outer", "Relation Name": "lineitem", "Alias": "lineitem", "Startup Cost": 25.32, "Total Cost": 2315050.5, "Plan Rows": 2266921, "Plan Width": 24, "Filter": "((l_shipdate >= '1997-07-01 00:00:00'::timestamp(0) without time zone) AND (l_shipdate < '1997-10-01 00:00:00'::timestamp without time zone)), (LLVM Optimized)"}]}]}, {"Node Type": "Sort", "Parent Relationship": "Outer", "Startup Cost": 11587.82, "Total Cost": 11837.82, "Plan Rows": 100000, "Plan Width": 75, "Sort Key": ["supplier.s_suppkey"], "Plans": [{"Node Type": "Seq Scan", "Parent Relationship": "Outer", "Relation Name": "supplier", "Alias": "supplier", "Startup Cost": 0.0, "Total Cost": 3283.0, "Plan Rows": 100000, "Plan Width": 75}]}, {"Node Type": "Sort", "Parent Relationship": "Inner", "Startup Cost": 2360765.81, "Total Cost": 2360914.26, "Plan Rows": 59380, "Plan Width": 16, "Sort Key": ["revenue0.supplier_no"], "Plans": [{"Node Type": "Subquery Scan", "Parent Relationship": "Outer", "Alias": "revenue0", "Startup Cost": 2354721.61, "Total Cost": 2356057.66, "Plan Rows": 59380, "Plan Width": 16, "Plans": [{"Node Type": "Aggregate", "Strategy": "Hashed", "Parent Relationship": "Subquery", "Startup Cost": 2354721.61, "Total Cost": 2355463.86, "Plan Rows": 59380, "Plan Width": 40, "Group By Key": ["public.lineitem.l_suppkey"], "Filter": "(sum((public.lineitem.l_extendedprice * (1::double precision - public.lineitem.l_discount))) = $0), (LLVM Optimized)", "Plans": [{"Node Type": "Seq Scan", "Parent Relationship": "Outer", "Relation Name": "lineitem", "Alias": "lineitem", "Startup Cost": 25.32, "Total Cost": 2315050.5, "Plan Rows": 2266921, "Plan Width": 24, "Filter": "((l_shipdate >= '1997-07-01 00:00:00'::timestamp(0) without time zone) AND (l_shipdate < '1997-10-01 00:00:00'::timestamp without time zone)), (LLVM Optimized)"}]}]}]}]}, "Unique SQL Id": 3712096918, "Planner Runtime": 0}, "explain_analyze_plan": null}, "(64, '27')": {"explain_plan": {"Plan": {"Node Type": "Merge Join", "Join Type": "Inner", "Startup Cost": 2010463079819.59, "Total Cost": 3000463614414.67, "Plan Rows": 59380, "Plan Width": 83, "Inner Unique": true, "Merge Cond": "(supplier.s_suppkey = revenue0.supplier_no)", "Plans": [{"Node Type": "Aggregate", "Strategy": "Plain", "Parent Relationship": "exec_init_plan", "Subplan Name": "InitPlan 1 (returns $0)", "Startup Cost": 1000231529054.76, "Total Cost": 1000231529054.77, "Plan Rows": 1, "Plan Width": 16, "Plans": [{"Node Type": "Aggregate", "Strategy": "Hashed", "Parent Relationship": "Outer", "Startup Cost": 1000231527718.71, "Total Cost": 1000231528312.51, "Plan Rows": 59380, "Plan Width": 32, "Group By Key": ["public.lineitem.l_suppkey"], "Plans": [{"Node Type": "Seq Scan", "Parent Relationship": "Outer", "Relation Name": "lineitem", "Alias": "lineitem", "Startup Cost": 10000000025.02, "Total Cost": 1000231505049.5, "Plan Rows": 2266921, "Plan Width": 24, "Filter": "((l_shipdate >= '1997-07-01 00:00:00'::timestamp(0) without time zone) AND (l_shipdate < '1997-10-01 00:00:00'::timestamp without time zone)), (LLVM Optimized)"}]}]}, {"Node Type": "Index Scan", "Parent Relationship": "Outer", "Scan Direction": "Forward", "Index Name": "supplier_pkey", "Relation Name": "supplier", "Alias": "supplier", "Startup Cost": 10000000000.0, "Total Cost": 1000000533454.38, "Plan Rows": 100000, "Plan Width": 75}, {"Node Type": "Sort", "Parent Relationship": "Inner", "Startup Cost": 1000231550764.82, "Total Cost": 1000231550913.27, "Plan Rows": 59380, "Plan Width": 16, "Sort Key": ["revenue0.supplier_no"], "Plans": [{"Node Type": "Subquery Scan", "Parent Relationship": "Outer", "Alias": "revenue0", "Startup Cost": 1000231544720.62, "Total Cost": 1000231546056.67, "Plan Rows": 59380, "Plan Width": 16, "Plans": [{"Node Type": "Aggregate", "Strategy": "Hashed", "Parent Relationship": "Subquery", "Startup Cost": 1000231544720.62, "Total Cost": 1000231545462.87, "Plan Rows": 59380, "Plan Width": 40, "Group By Key": ["public.lineitem.l_suppkey"], "Filter": "(sum((public.lineitem.l_extendedprice * (1::double precision - public.lineitem.l_discount))) = $0), (LLVM Optimized)", "Plans": [{"Node Type": "Seq Scan", "Parent Relationship": "Outer", "Relation Name": "lineitem", "Alias": "lineitem", "Startup Cost": 10000000025.02, "Total Cost": 1000231505049.5, "Plan Rows": 2266921, "Plan Width": 24, "Filter": "((l_shipdate >= '1997-07-01 00:00:00'::timestamp(0) without time zone) AND (l_shipdate < '1997-10-01 00:00:00'::timestamp without time zone)), (LLVM Optimized)"}]}]}]}]}, "Unique SQL Id": 3712096918, "Planner Runtime": 0}, "explain_analyze_plan": null}, "(64, '28')": {"explain_plan": {"Plan": {"Node Type": "Merge Join", "Join Type": "Inner", "Startup Cost": 4699821.58, "Total Cost": 4706296.82, "Plan Rows": 59380, "Plan Width": 83, "Inner Unique": true, "Merge Cond": "(supplier.s_suppkey = revenue0.supplier_no)", "Plans": [{"Node Type": "Aggregate", "Strategy": "Plain", "Parent Relationship": "exec_init_plan", "Subplan Name": "InitPlan 1 (returns $0)", "Startup Cost": 2339055.76, "Total Cost": 2339055.77, "Plan Rows": 1, "Plan Width": 16, "Plans": [{"Node Type": "Aggregate", "Strategy": "Hashed", "Parent Relationship": "Outer", "Startup Cost": 2337719.71, "Total Cost": 2338313.51, "Plan Rows": 59380, "Plan Width": 32, "Group By Key": ["public.lineitem.l_suppkey"], "Plans": [{"Node Type": "Seq Scan", "Parent Relationship": "Outer", "Relation Name": "lineitem", "Alias": "lineitem", "Startup Cost": 25.32, "Total Cost": 2315050.5, "Plan Rows": 2266921, "Plan Width": 24, "Filter": "((l_shipdate >= '1997-07-01 00:00:00'::timestamp(0) without time zone) AND (l_shipdate < '1997-10-01 00:00:00'::timestamp without time zone)), (LLVM Optimized)"}]}]}, {"Node Type": "Index Scan", "Parent Relationship": "Outer", "Scan Direction": "Forward", "Index Name": "supplier_pkey", "Relation Name": "supplier", "Alias": "supplier", "Startup Cost": 0.0, "Total Cost": 5334.54, "Plan Rows": 100000, "Plan Width": 75}, {"Node Type": "Sort", "Parent Relationship": "Inner", "Startup Cost": 2360765.81, "Total Cost": 2360914.26, "Plan Rows": 59380, "Plan Width": 16, "Sort Key": ["revenue0.supplier_no"], "Plans": [{"Node Type": "Subquery Scan", "Parent Relationship": "Outer", "Alias": "revenue0", "Startup Cost": 2354721.61, "Total Cost": 2356057.66, "Plan Rows": 59380, "Plan Width": 16, "Plans": [{"Node Type": "Aggregate", "Strategy": "Hashed", "Parent Relationship": "Subquery", "Startup Cost": 2354721.61, "Total Cost": 2355463.86, "Plan Rows": 59380, "Plan Width": 40, "Group By Key": ["public.lineitem.l_suppkey"], "Filter": "(sum((public.lineitem.l_extendedprice * (1::double precision - public.lineitem.l_discount))) = $0), (LLVM Optimized)", "Plans": [{"Node Type": "Seq Scan", "Parent Relationship": "Outer", "Relation Name": "lineitem", "Alias": "lineitem", "Startup Cost": 25.32, "Total Cost": 2315050.5, "Plan Rows": 2266921, "Plan Width": 24, "Filter": "((l_shipdate >= '1997-07-01 00:00:00'::timestamp(0) without time zone) AND (l_shipdate < '1997-10-01 00:00:00'::timestamp without time zone)), (LLVM Optimized)"}]}]}]}]}, "Unique SQL Id": 3712096918, "Planner Runtime": 0}, "explain_analyze_plan": null}, "(64, '29')": {"explain_plan": {"Plan": {"Node Type": "Merge Join", "Join Type": "Inner", "Startup Cost": 10341221.9, "Total Cost": 10347697.14, "Plan Rows": 59380, "Plan Width": 83, "Inner Unique": true, "Merge Cond": "(supplier.s_suppkey = revenue0.supplier_no)", "Plans": [{"Node Type": "Aggregate", "Strategy": "Plain", "Parent Relationship": "exec_init_plan", "Subplan Name": "InitPlan 1 (returns $0)", "Startup Cost": 5159755.92, "Total Cost": 5159755.93, "Plan Rows": 1, "Plan Width": 16, "Plans": [{"Node Type": "Aggregate", "Strategy": "Hashed", "Parent Relationship": "Outer", "Startup Cost": 5158419.87, "Total Cost": 5159013.67, "Plan Rows": 59380, "Plan Width": 32, "Group By Key": ["public.lineitem.l_suppkey"], "Plans": [{"Node Type": "Index Scan", "Parent Relationship": "Outer", "Scan Direction": "Forward", "Index Name": "idx_lineitem_shipdate", "Relation Name": "lineitem", "Alias": "lineitem", "Startup Cost": 0.0, "Total Cost": 5135750.66, "Plan Rows": 2266921, "Plan Width": 24, "Index Cond": "((l_shipdate >= '1997-07-01 00:00:00'::timestamp(0) without time zone) AND (l_shipdate < '1997-10-01 00:00:00'::timestamp without time zone)), (LLVM Optimized)"}]}]}, {"Node Type": "Index Scan", "Parent Relationship": "Outer", "Scan Direction": "Forward", "Index Name": "supplier_pkey", "Relation Name": "supplier", "Alias": "supplier", "Startup Cost": 0.0, "Total Cost": 5334.54, "Plan Rows": 100000, "Plan Width": 75}, {"Node Type": "Sort", "Parent Relationship": "Inner", "Startup Cost": 5181465.97, "Total Cost": 5181614.42, "Plan Rows": 59380, "Plan Width": 16, "Sort Key": ["revenue0.supplier_no"], "Plans": [{"Node Type": "Subquery Scan", "Parent Relationship": "Outer", "Alias": "revenue0", "Startup Cost": 5175421.77, "Total Cost": 5176757.82, "Plan Rows": 59380, "Plan Width": 16, "Plans": [{"Node Type": "Aggregate", "Strategy": "Hashed", "Parent Relationship": "Subquery", "Startup Cost": 5175421.77, "Total Cost": 5176164.02, "Plan Rows": 59380, "Plan Width": 40, "Group By Key": ["public.lineitem.l_suppkey"], "Filter": "(sum((public.lineitem.l_extendedprice * (1::double precision - public.lineitem.l_discount))) = $0), (LLVM Optimized)", "Plans": [{"Node Type": "Index Scan", "Parent Relationship": "Outer", "Scan Direction": "Forward", "Index Name": "idx_lineitem_shipdate", "Relation Name": "lineitem", "Alias": "lineitem", "Startup Cost": 0.0, "Total Cost": 5135750.66, "Plan Rows": 2266921, "Plan Width": 24, "Index Cond": "((l_shipdate >= '1997-07-01 00:00:00'::timestamp(0) without time zone) AND (l_shipdate < '1997-10-01 00:00:00'::timestamp without time zone)), (LLVM Optimized)"}]}]}]}]}, "Unique SQL Id": 3712096918, "Planner Runtime": 0}, "explain_analyze_plan": {"Plan": {"Node Type": "Merge Join", "Join Type": "Inner", "Startup Cost": 10341221.9, "Total Cost": 10347697.14, "Plan Rows": 59380, "Plan Width": 83, "Actual Startup Time": 16114.708, "Actual Total Time": 16114.715, "Actual Rows": 1, "Actual Loops": 1, "Inner Unique": true, "Merge Cond": "(supplier.s_suppkey = revenue0.supplier_no)", "Plans": [{"Node Type": "Aggregate", "Strategy": "Plain", "Parent Relationship": "exec_init_plan", "Subplan Name": "InitPlan 1 (returns $0)", "Startup Cost": 5159755.92, "Total Cost": 5159755.93, "Plan Rows": 1, "Plan Width": 16, "Actual Startup Time": 8097.417, "Actual Total Time": 8097.418, "Actual Rows": 1, "Actual Loops": 1, "Plans": [{"Node Type": "Aggregate", "Strategy": "Hashed", "Parent Relationship": "Outer", "Startup Cost": 5158419.87, "Total Cost": 5159013.67, "Plan Rows": 59380, "Plan Width": 32, "Actual Startup Time": 8045.42, "Actual Total Time": 8082.553, "Actual Rows": 100000, "Actual Loops": 1, "Group By Key": ["public.lineitem.l_suppkey"], "Plans": [{"Node Type": "Index Scan", "Parent Relationship": "Outer", "Scan Direction": "Forward", "Index Name": "idx_lineitem_shipdate", "Relation Name": "lineitem", "Alias": "lineitem", "Startup Cost": 0.0, "Total Cost": 5135750.66, "Plan Rows": 2266921, "Plan Width": 24, "Actual Startup Time": 0.065, "Actual Total Time": 5981.726, "Actual Rows": 2293944, "Actual Loops": 1, "Index Cond": "((l_shipdate >= '1997-07-01 00:00:00'::timestamp(0) without time zone) AND (l_shipdate < '1997-10-01 00:00:00'::timestamp without time zone)), (LLVM Optimized, Jit Execute)", "Rows Removed by Index Recheck": 0}]}]}, {"Node Type": "Index Scan", "Parent Relationship": "Outer", "Scan Direction": "Forward", "Index Name": "supplier_pkey", "Relation Name": "supplier", "Alias": "supplier", "Startup Cost": 0.0, "Total Cost": 5334.54, "Plan Rows": 100000, "Plan Width": 75, "Actual Startup Time": 0.043, "Actual Total Time": 25.19, "Actual Rows": 35977, "Actual Loops": 1}, {"Node Type": "Sort", "Parent Relationship": "Inner", "Startup Cost": 5181465.97, "Total Cost": 5181614.42, "Plan Rows": 59380, "Plan Width": 16, "Actual Startup Time": 16084.45, "Actual Total Time": 16084.45, "Actual Rows": 1, "Actual Loops": 1, "Sort Key": ["revenue0.supplier_no"], "Sort Method": "quicksort", "Sort Space Used": 25, "Sort Space Type": "Memory", "Plans": [{"Node Type": "Subquery Scan", "Parent Relationship": "Outer", "Alias": "revenue0", "Startup Cost": 5175421.77, "Total Cost": 5176757.82, "Plan Rows": 59380, "Plan Width": 16, "Actual Startup Time": 16058.286, "Actual Total Time": 16084.202, "Actual Rows": 1, "Actual Loops": 1, "Plans": [{"Node Type": "Aggregate", "Strategy": "Hashed", "Parent Relationship": "Subquery", "Startup Cost": 5175421.77, "Total Cost": 5176164.02, "Plan Rows": 59380, "Plan Width": 40, "Actual Startup Time": 16058.282, "Actual Total Time": 16084.197, "Actual Rows": 1, "Actual Loops": 1, "Group By Key": ["public.lineitem.l_suppkey"], "Filter": "(sum((public.lineitem.l_extendedprice * (1::double precision - public.lineitem.l_discount))) = $0), (LLVM Optimized, Jit Execute)", "Rows Removed by Filter": 99999, "Plans": [{"Node Type": "Index Scan", "Parent Relationship": "Outer", "Scan Direction": "Forward", "Index Name": "idx_lineitem_shipdate", "Relation Name": "lineitem", "Alias": "lineitem", "Startup Cost": 0.0, "Total Cost": 5135750.66, "Plan Rows": 2266921, "Plan Width": 24, "Actual Startup Time": 0.05, "Actual Total Time": 5910.693, "Actual Rows": 2293944, "Actual Loops": 1, "Index Cond": "((l_shipdate >= '1997-07-01 00:00:00'::timestamp(0) without time zone) AND (l_shipdate < '1997-10-01 00:00:00'::timestamp without time zone)), (LLVM Optimized, Jit Execute)", "Rows Removed by Index Recheck": 0}]}]}]}]}, "Triggers": [], "Planner Runtime": 0.866, "Total Runtime": 16126.144, "Unique SQL Id": 3712096918}}, "(64, '30')": {"explain_plan": {"Plan": {"Node Type": "Merge Join", "Join Type": "Inner", "Startup Cost": 4711409.4, "Total Cost": 4712800.1, "Plan Rows": 59380, "Plan Width": 83, "Inner Unique": true, "Merge Cond": "(supplier.s_suppkey = revenue0.supplier_no)", "Plans": [{"Node Type": "Aggregate", "Strategy": "Plain", "Parent Relationship": "exec_init_plan", "Subplan Name": "InitPlan 1 (returns $0)", "Startup Cost": 2339055.76, "Total Cost": 2339055.77, "Plan Rows": 1, "Plan Width": 16, "Plans": [{"Node Type": "Aggregate", "Strategy": "Hashed", "Parent Relationship": "Outer", "Startup Cost": 2337719.71, "Total Cost": 2338313.51, "Plan Rows": 59380, "Plan Width": 32, "Group By Key": ["public.lineitem.l_suppkey"], "Plans": [{"Node Type": "Seq Scan", "Parent Relationship": "Outer", "Relation Name": "lineitem", "Alias": "lineitem", "Startup Cost": 25.32, "Total Cost": 2315050.5, "Plan Rows": 2266921, "Plan Width": 24, "Filter": "((l_shipdate >= '1997-07-01 00:00:00'::timestamp(0) without time zone) AND (l_shipdate < '1997-10-01 00:00:00'::timestamp without time zone)), (LLVM Optimized)"}]}]}, {"Node Type": "Sort", "Parent Relationship": "Outer", "Startup Cost": 11587.82, "Total Cost": 11837.82, "Plan Rows": 100000, "Plan Width": 75, "Sort Key": ["supplier.s_suppkey"], "Plans": [{"Node Type": "Seq Scan", "Parent Relationship": "Outer", "Relation Name": "supplier", "Alias": "supplier", "Startup Cost": 0.0, "Total Cost": 3283.0, "Plan Rows": 100000, "Plan Width": 75}]}, {"Node Type": "Sort", "Parent Relationship": "Inner", "Startup Cost": 2360765.81, "Total Cost": 2360914.26, "Plan Rows": 59380, "Plan Width": 16, "Sort Key": ["revenue0.supplier_no"], "Plans": [{"Node Type": "Subquery Scan", "Parent Relationship": "Outer", "Alias": "revenue0", "Startup Cost": 2354721.61, "Total Cost": 2356057.66, "Plan Rows": 59380, "Plan Width": 16, "Plans": [{"Node Type": "Aggregate", "Strategy": "Hashed", "Parent Relationship": "Subquery", "Startup Cost": 2354721.61, "Total Cost": 2355463.86, "Plan Rows": 59380, "Plan Width": 40, "Group By Key": ["public.lineitem.l_suppkey"], "Filter": "(sum((public.lineitem.l_extendedprice * (1::double precision - public.lineitem.l_discount))) = $0), (LLVM Optimized)", "Plans": [{"Node Type": "Seq Scan", "Parent Relationship": "Outer", "Relation Name": "lineitem", "Alias": "lineitem", "Startup Cost": 25.32, "Total Cost": 2315050.5, "Plan Rows": 2266921, "Plan Width": 24, "Filter": "((l_shipdate >= '1997-07-01 00:00:00'::timestamp(0) without time zone) AND (l_shipdate < '1997-10-01 00:00:00'::timestamp without time zone)), (LLVM Optimized)"}]}]}]}]}, "Unique SQL Id": 3712096918, "Planner Runtime": 0}, "explain_analyze_plan": null}, "(64, '31')": {"explain_plan": {"Plan": {"Node Type": "Merge Join", "Join Type": "Inner", "Startup Cost": 2010463079819.59, "Total Cost": 3000463614414.67, "Plan Rows": 59380, "Plan Width": 83, "Inner Unique": true, "Merge Cond": "(supplier.s_suppkey = revenue0.supplier_no)", "Plans": [{"Node Type": "Aggregate", "Strategy": "Plain", "Parent Relationship": "exec_init_plan", "Subplan Name": "InitPlan 1 (returns $0)", "Startup Cost": 1000231529054.76, "Total Cost": 1000231529054.77, "Plan Rows": 1, "Plan Width": 16, "Plans": [{"Node Type": "Aggregate", "Strategy": "Hashed", "Parent Relationship": "Outer", "Startup Cost": 1000231527718.71, "Total Cost": 1000231528312.51, "Plan Rows": 59380, "Plan Width": 32, "Group By Key": ["public.lineitem.l_suppkey"], "Plans": [{"Node Type": "Seq Scan", "Parent Relationship": "Outer", "Relation Name": "lineitem", "Alias": "lineitem", "Startup Cost": 10000000025.02, "Total Cost": 1000231505049.5, "Plan Rows": 2266921, "Plan Width": 24, "Filter": "((l_shipdate >= '1997-07-01 00:00:00'::timestamp(0) without time zone) AND (l_shipdate < '1997-10-01 00:00:00'::timestamp without time zone)), (LLVM Optimized)"}]}]}, {"Node Type": "Index Scan", "Parent Relationship": "Outer", "Scan Direction": "Forward", "Index Name": "supplier_pkey", "Relation Name": "supplier", "Alias": "supplier", "Startup Cost": 10000000000.0, "Total Cost": 1000000533454.38, "Plan Rows": 100000, "Plan Width": 75}, {"Node Type": "Sort", "Parent Relationship": "Inner", "Startup Cost": 1000231550764.82, "Total Cost": 1000231550913.27, "Plan Rows": 59380, "Plan Width": 16, "Sort Key": ["revenue0.supplier_no"], "Plans": [{"Node Type": "Subquery Scan", "Parent Relationship": "Outer", "Alias": "revenue0", "Startup Cost": 1000231544720.62, "Total Cost": 1000231546056.67, "Plan Rows": 59380, "Plan Width": 16, "Plans": [{"Node Type": "Aggregate", "Strategy": "Hashed", "Parent Relationship": "Subquery", "Startup Cost": 1000231544720.62, "Total Cost": 1000231545462.87, "Plan Rows": 59380, "Plan Width": 40, "Group By Key": ["public.lineitem.l_suppkey"], "Filter": "(sum((public.lineitem.l_extendedprice * (1::double precision - public.lineitem.l_discount))) = $0), (LLVM Optimized)", "Plans": [{"Node Type": "Seq Scan", "Parent Relationship": "Outer", "Relation Name": "lineitem", "Alias": "lineitem", "Startup Cost": 10000000025.02, "Total Cost": 1000231505049.5, "Plan Rows": 2266921, "Plan Width": 24, "Filter": "((l_shipdate >= '1997-07-01 00:00:00'::timestamp(0) without time zone) AND (l_shipdate < '1997-10-01 00:00:00'::timestamp without time zone)), (LLVM Optimized)"}]}]}]}]}, "Unique SQL Id": 3712096918, "Planner Runtime": 0}, "explain_analyze_plan": null}, "(64, '32')": {"explain_plan": {"Plan": {"Node Type": "Sort", "Startup Cost": 3247453.25, "Total Cost": 3247601.7, "Plan Rows": 59380, "Plan Width": 83, "Sort Key": ["supplier.s_suppkey"], "Plans": [{"Node Type": "Aggregate", "Strategy": "Plain", "Parent Relationship": "exec_init_plan", "Subplan Name": "InitPlan 1 (returns $0)", "Startup Cost": 1610196.85, "Total Cost": 1610196.86, "Plan Rows": 1, "Plan Width": 16, "Plans": [{"Node Type": "Aggregate", "Strategy": "Hashed", "Parent Relationship": "Outer", "Startup Cost": 1608860.8, "Total Cost": 1609454.6, "Plan Rows": 59380, "Plan Width": 32, "Group By Key": ["public.lineitem.l_suppkey"], "Plans": [{"Node Type": "Bitmap Heap Scan", "Parent Relationship": "Outer", "Relation Name": "lineitem", "Alias": "lineitem", "Startup Cost": 78544.19, "Total Cost": 1586191.59, "Plan Rows": 2266921, "Plan Width": 24, "Recheck Cond": "((l_shipdate >= '1997-07-01 00:00:00'::timestamp(0) without time zone) AND (l_shipdate < '1997-10-01 00:00:00'::timestamp without time zone)), (LLVM Optimized)", "Plans": [{"Node Type": "Bitmap Index Scan", "Parent Relationship": "Outer", "Index Name": "idx_lineitem_shipdate", "Startup Cost": 0.0, "Total Cost": 77977.46, "Plan Rows": 2266921, "Plan Width": 0, "Index Cond": "((l_shipdate >= '1997-07-01 00:00:00'::timestamp(0) without time zone) AND (l_shipdate < '1997-10-01 00:00:00'::timestamp without time zone))"}]}]}]}, {"Node Type": "Hash Join", "Parent Relationship": "Outer", "Join Type": "Inner", "Startup Cost": 1630395.71, "Total Cost": 1632548.24, "Plan Rows": 59380, "Plan Width": 83, "Inner Unique": true, "Hash Cond": "(public.lineitem.l_suppkey = supplier.s_suppkey)", "Plans": [{"Node Type": "Aggregate", "Strategy": "Hashed", "Parent Relationship": "Outer", "Startup Cost": 1625862.71, "Total Cost": 1626604.96, "Plan Rows": 59380, "Plan Width": 40, "Group By Key": ["public.lineitem.l_suppkey"], "Filter": "(sum((public.lineitem.l_extendedprice * (1::double precision - public.lineitem.l_discount))) = $0), (LLVM Optimized)", "Plans": [{"Node Type": "Bitmap Heap Scan", "Parent Relationship": "Outer", "Relation Name": "lineitem", "Alias": "lineitem", "Startup Cost": 78544.19, "Total Cost": 1586191.59, "Plan Rows": 2266921, "Plan Width": 24, "Recheck Cond": "((l_shipdate >= '1997-07-01 00:00:00'::timestamp(0) without time zone) AND (l_shipdate < '1997-10-01 00:00:00'::timestamp without time zone)), (LLVM Optimized)", "Plans": [{"Node Type": "Bitmap Index Scan", "Parent Relationship": "Outer", "Index Name": "idx_lineitem_shipdate", "Startup Cost": 0.0, "Total Cost": 77977.46, "Plan Rows": 2266921, "Plan Width": 0, "Index Cond": "((l_shipdate >= '1997-07-01 00:00:00'::timestamp(0) without time zone) AND (l_shipdate < '1997-10-01 00:00:00'::timestamp without time zone))"}]}]}, {"Node Type": "Hash", "Parent Relationship": "Inner", "Startup Cost": 3283.0, "Total Cost": 3283.0, "Plan Rows": 100000, "Plan Width": 75, "Plans": [{"Node Type": "Seq Scan", "Parent Relationship": "Outer", "Relation Name": "supplier", "Alias": "supplier", "Startup Cost": 0.0, "Total Cost": 3283.0, "Plan Rows": 100000, "Plan Width": 75}]}]}]}, "Unique SQL Id": 3712096918, "Planner Runtime": 0}, "explain_analyze_plan": {"Plan": {"Node Type": "Sort", "Startup Cost": 3247453.25, "Total Cost": 3247601.7, "Plan Rows": 59380, "Plan Width": 83, "Actual Startup Time": 11613.345, "Actual Total Time": 11613.346, "Actual Rows": 1, "Actual Loops": 1, "Sort Key": ["supplier.s_suppkey"], "Sort Method": "quicksort", "Sort Space Used": 25, "Sort Space Type": "Memory", "Plans": [{"Node Type": "Aggregate", "Strategy": "Plain", "Parent Relationship": "exec_init_plan", "Subplan Name": "InitPlan 1 (returns $0)", "Startup Cost": 1610196.85, "Total Cost": 1610196.86, "Plan Rows": 1, "Plan Width": 16, "Actual Startup Time": 5787.024, "Actual Total Time": 5787.024, "Actual Rows": 1, "Actual Loops": 1, "Plans": [{"Node Type": "Aggregate", "Strategy": "Hashed", "Parent Relationship": "Outer", "Startup Cost": 1608860.8, "Total Cost": 1609454.6, "Plan Rows": 59380, "Plan Width": 32, "Actual Startup Time": 5739.256, "Actual Total Time": 5771.891, "Actual Rows": 100000, "Actual Loops": 1, "Group By Key": ["public.lineitem.l_suppkey"], "Plans": [{"Node Type": "Bitmap Heap Scan", "Parent Relationship": "Outer", "Relation Name": "lineitem", "Alias": "lineitem", "Startup Cost": 78544.19, "Total Cost": 1586191.59, "Plan Rows": 2266921, "Plan Width": 24, "Actual Startup Time": 1210.319, "Actual Total Time": 4026.272, "Actual Rows": 2293944, "Actual Loops": 1, "Recheck Cond": "((l_shipdate >= '1997-07-01 00:00:00'::timestamp(0) without time zone) AND (l_shipdate < '1997-10-01 00:00:00'::timestamp without time zone)), (LLVM Optimized, Jit Execute)", "Rows Removed by Index Recheck": 0, "Exact Heap Blocks": 732487, "Lossy Heap Blocks": 732487, "Plans": [{"Node Type": "Bitmap Index Scan", "Parent Relationship": "Outer", "Index Name": "idx_lineitem_shipdate", "Startup Cost": 0.0, "Total Cost": 77977.46, "Plan Rows": 2266921, "Plan Width": 0, "Actual Startup Time": 919.464, "Actual Total Time": 919.464, "Actual Rows": 2293944, "Actual Loops": 1, "Index Cond": "((l_shipdate >= '1997-07-01 00:00:00'::timestamp(0) without time zone) AND (l_shipdate < '1997-10-01 00:00:00'::timestamp without time zone))"}]}]}]}, {"Node Type": "Hash Join", "Parent Relationship": "Outer", "Join Type": "Inner", "Startup Cost": 1630395.71, "Total Cost": 1632548.24, "Plan Rows": 59380, "Plan Width": 83, "Actual Startup Time": 11591.969, "Actual Total Time": 11612.914, "Actual Rows": 1, "Actual Loops": 1, "Inner Unique": true, "Hash Cond": "(public.lineitem.l_suppkey = supplier.s_suppkey)", "Plans": [{"Node Type": "Aggregate", "Strategy": "Hashed", "Parent Relationship": "Outer", "Startup Cost": 1625862.71, "Total Cost": 1626604.96, "Plan Rows": 59380, "Plan Width": 40, "Actual Startup Time": 11522.406, "Actual Total Time": 11543.11, "Actual Rows": 1, "Actual Loops": 1, "Group By Key": ["public.lineitem.l_suppkey"], "Filter": "(sum((public.lineitem.l_extendedprice * (1::double precision - public.lineitem.l_discount))) = $0), (LLVM Optimized, Jit Execute)", "Rows Removed by Filter": 99999, "Plans": [{"Node Type": "Bitmap Heap Scan", "Parent Relationship": "Outer", "Relation Name": "lineitem", "Alias": "lineitem", "Startup Cost": 78544.19, "Total Cost": 1586191.59, "Plan Rows": 2266921, "Plan Width": 24, "Actual Startup Time": 1113.498, "Actual Total Time": 3982.235, "Actual Rows": 2293944, "Actual Loops": 1, "Recheck Cond": "((l_shipdate >= '1997-07-01 00:00:00'::timestamp(0) without time zone) AND (l_shipdate < '1997-10-01 00:00:00'::timestamp without time zone)), (LLVM Optimized, Jit Execute)", "Rows Removed by Index Recheck": 0, "Exact Heap Blocks": 732487, "Lossy Heap Blocks": 732487, "Plans": [{"Node Type": "Bitmap Index Scan", "Parent Relationship": "Outer", "Index Name": "idx_lineitem_shipdate", "Startup Cost": 0.0, "Total Cost": 77977.46, "Plan Rows": 2266921, "Plan Width": 0, "Actual Startup Time": 809.559, "Actual Total Time": 809.559, "Actual Rows": 2293944, "Actual Loops": 1, "Index Cond": "((l_shipdate >= '1997-07-01 00:00:00'::timestamp(0) without time zone) AND (l_shipdate < '1997-10-01 00:00:00'::timestamp without time zone))"}]}]}, {"Node Type": "Hash", "Parent Relationship": "Inner", "Startup Cost": 3283.0, "Total Cost": 3283.0, "Plan Rows": 100000, "Plan Width": 75, "Actual Startup Time": 69.39, "Actual Total Time": 69.39, "Actual Rows": 100000, "Actual Loops": 1, "Hash Buckets": 131072, "Hash Batches": 1, "Original Hash Batches": 1, "Peak Memory Usage": 10544, "Plans": [{"Node Type": "Seq Scan", "Parent Relationship": "Outer", "Relation Name": "supplier", "Alias": "supplier", "Startup Cost": 0.0, "Total Cost": 3283.0, "Plan Rows": 100000, "Plan Width": 75, "Actual Startup Time": 0.025, "Actual Total Time": 35.975, "Actual Rows": 100000, "Actual Loops": 1}]}]}]}, "Triggers": [], "Planner Runtime": 0.86, "Total Runtime": 11626.189, "Unique SQL Id": 3712096918}}, "(64, '33')": {"explain_plan": {"Plan": {"Node Type": "Sort", "Startup Cost": 3249504.79, "Total Cost": 3249653.24, "Plan Rows": 59380, "Plan Width": 83, "Sort Key": ["supplier.s_suppkey"], "Plans": [{"Node Type": "Aggregate", "Strategy": "Plain", "Parent Relationship": "exec_init_plan", "Subplan Name": "InitPlan 1 (returns $0)", "Startup Cost": 1610196.85, "Total Cost": 1610196.86, "Plan Rows": 1, "Plan Width": 16, "Plans": [{"Node Type": "Aggregate", "Strategy": "Hashed", "Parent Relationship": "Outer", "Startup Cost": 1608860.8, "Total Cost": 1609454.6, "Plan Rows": 59380, "Plan Width": 32, "Group By Key": ["public.lineitem.l_suppkey"], "Plans": [{"Node Type": "Bitmap Heap Scan", "Parent Relationship": "Outer", "Relation Name": "lineitem", "Alias": "lineitem", "Startup Cost": 78544.19, "Total Cost": 1586191.59, "Plan Rows": 2266921, "Plan Width": 24, "Recheck Cond": "((l_shipdate >= '1997-07-01 00:00:00'::timestamp(0) without time zone) AND (l_shipdate < '1997-10-01 00:00:00'::timestamp without time zone)), (LLVM Optimized)", "Plans": [{"Node Type": "Bitmap Index Scan", "Parent Relationship": "Outer", "Index Name": "idx_lineitem_shipdate", "Startup Cost": 0.0, "Total Cost": 77977.46, "Plan Rows": 2266921, "Plan Width": 0, "Index Cond": "((l_shipdate >= '1997-07-01 00:00:00'::timestamp(0) without time zone) AND (l_shipdate < '1997-10-01 00:00:00'::timestamp without time zone))"}]}]}]}, {"Node Type": "Hash Join", "Parent Relationship": "Outer", "Join Type": "Inner", "Startup Cost": 1632447.26, "Total Cost": 1634599.78, "Plan Rows": 59380, "Plan Width": 83, "Inner Unique": true, "Hash Cond": "(public.lineitem.l_suppkey = supplier.s_suppkey)", "Plans": [{"Node Type": "Aggregate", "Strategy": "Hashed", "Parent Relationship": "Outer", "Startup Cost": 1625862.71, "Total Cost": 1626604.96, "Plan Rows": 59380, "Plan Width": 40, "Group By Key": ["public.lineitem.l_suppkey"], "Filter": "(sum((public.lineitem.l_extendedprice * (1::double precision - public.lineitem.l_discount))) = $0), (LLVM Optimized)", "Plans": [{"Node Type": "Bitmap Heap Scan", "Parent Relationship": "Outer", "Relation Name": "lineitem", "Alias": "lineitem", "Startup Cost": 78544.19, "Total Cost": 1586191.59, "Plan Rows": 2266921, "Plan Width": 24, "Recheck Cond": "((l_shipdate >= '1997-07-01 00:00:00'::timestamp(0) without time zone) AND (l_shipdate < '1997-10-01 00:00:00'::timestamp without time zone)), (LLVM Optimized)", "Plans": [{"Node Type": "Bitmap Index Scan", "Parent Relationship": "Outer", "Index Name": "idx_lineitem_shipdate", "Startup Cost": 0.0, "Total Cost": 77977.46, "Plan Rows": 2266921, "Plan Width": 0, "Index Cond": "((l_shipdate >= '1997-07-01 00:00:00'::timestamp(0) without time zone) AND (l_shipdate < '1997-10-01 00:00:00'::timestamp without time zone))"}]}]}, {"Node Type": "Hash", "Parent Relationship": "Inner", "Startup Cost": 5334.54, "Total Cost": 5334.54, "Plan Rows": 100000, "Plan Width": 75, "Plans": [{"Node Type": "Index Scan", "Parent Relationship": "Outer", "Scan Direction": "Forward", "Index Name": "supplier_pkey", "Relation Name": "supplier", "Alias": "supplier", "Startup Cost": 0.0, "Total Cost": 5334.54, "Plan Rows": 100000, "Plan Width": 75}]}]}]}, "Unique SQL Id": 3712096918, "Planner Runtime": 1}, "explain_analyze_plan": {"Plan": {"Node Type": "Sort", "Startup Cost": 3249504.79, "Total Cost": 3249653.24, "Plan Rows": 59380, "Plan Width": 83, "Actual Startup Time": 11921.563, "Actual Total Time": 11921.563, "Actual Rows": 1, "Actual Loops": 1, "Sort Key": ["supplier.s_suppkey"], "Sort Method": "quicksort", "Sort Space Used": 25, "Sort Space Type": "Memory", "Plans": [{"Node Type": "Aggregate", "Strategy": "Plain", "Parent Relationship": "exec_init_plan", "Subplan Name": "InitPlan 1 (returns $0)", "Startup Cost": 1610196.85, "Total Cost": 1610196.86, "Plan Rows": 1, "Plan Width": 16, "Actual Startup Time": 5890.32, "Actual Total Time": 5890.32, "Actual Rows": 1, "Actual Loops": 1, "Plans": [{"Node Type": "Aggregate", "Strategy": "Hashed", "Parent Relationship": "Outer", "Startup Cost": 1608860.8, "Total Cost": 1609454.6, "Plan Rows": 59380, "Plan Width": 32, "Actual Startup Time": 5842.989, "Actual Total Time": 5875.14, "Actual Rows": 100000, "Actual Loops": 1, "Group By Key": ["public.lineitem.l_suppkey"], "Plans": [{"Node Type": "Bitmap Heap Scan", "Parent Relationship": "Outer", "Relation Name": "lineitem", "Alias": "lineitem", "Startup Cost": 78544.19, "Total Cost": 1586191.59, "Plan Rows": 2266921, "Plan Width": 24, "Actual Startup Time": 1340.433, "Actual Total Time": 4177.606, "Actual Rows": 2293944, "Actual Loops": 1, "Recheck Cond": "((l_shipdate >= '1997-07-01 00:00:00'::timestamp(0) without time zone) AND (l_shipdate < '1997-10-01 00:00:00'::timestamp without time zone)), (LLVM Optimized, Jit Execute)", "Rows Removed by Index Recheck": 0, "Exact Heap Blocks": 732487, "Lossy Heap Blocks": 732487, "Plans": [{"Node Type": "Bitmap Index Scan", "Parent Relationship": "Outer", "Index Name": "idx_lineitem_shipdate", "Startup Cost": 0.0, "Total Cost": 77977.46, "Plan Rows": 2266921, "Plan Width": 0, "Actual Startup Time": 988.703, "Actual Total Time": 988.703, "Actual Rows": 2293944, "Actual Loops": 1, "Index Cond": "((l_shipdate >= '1997-07-01 00:00:00'::timestamp(0) without time zone) AND (l_shipdate < '1997-10-01 00:00:00'::timestamp without time zone))"}]}]}]}, {"Node Type": "Hash Join", "Parent Relationship": "Outer", "Join Type": "Inner", "Startup Cost": 1632447.26, "Total Cost": 1634599.78, "Plan Rows": 59380, "Plan Width": 83, "Actual Startup Time": 11898.084, "Actual Total Time": 11919.37, "Actual Rows": 1, "Actual Loops": 1, "Inner Unique": true, "Hash Cond": "(public.lineitem.l_suppkey = supplier.s_suppkey)", "Plans": [{"Node Type": "Aggregate", "Strategy": "Hashed", "Parent Relationship": "Outer", "Startup Cost": 1625862.71, "Total Cost": 1626604.96, "Plan Rows": 59380, "Plan Width": 40, "Actual Startup Time": 11786.41, "Actual Total Time": 11807.476, "Actual Rows": 1, "Actual Loops": 1, "Group By Key": ["public.lineitem.l_suppkey"], "Filter": "(sum((public.lineitem.l_extendedprice * (1::double precision - public.lineitem.l_discount))) = $0), (LLVM Optimized, Jit Execute)", "Rows Removed by Filter": 99999, "Plans": [{"Node Type": "Bitmap Heap Scan", "Parent Relationship": "Outer", "Relation Name": "lineitem", "Alias": "lineitem", "Startup Cost": 78544.19, "Total Cost": 1586191.59, "Plan Rows": 2266921, "Plan Width": 24, "Actual Startup Time": 1354.201, "Actual Total Time": 4175.715, "Actual Rows": 2293944, "Actual Loops": 1, "Recheck Cond": "((l_shipdate >= '1997-07-01 00:00:00'::timestamp(0) without time zone) AND (l_shipdate < '1997-10-01 00:00:00'::timestamp without time zone)), (LLVM Optimized, Jit Execute)", "Rows Removed by Index Recheck": 0, "Exact Heap Blocks": 732487, "Lossy Heap Blocks": 732487, "Plans": [{"Node Type": "Bitmap Index Scan", "Parent Relationship": "Outer", "Index Name": "idx_lineitem_shipdate", "Startup Cost": 0.0, "Total Cost": 77977.46, "Plan Rows": 2266921, "Plan Width": 0, "Actual Startup Time": 1002.213, "Actual Total Time": 1002.213, "Actual Rows": 2293944, "Actual Loops": 1, "Index Cond": "((l_shipdate >= '1997-07-01 00:00:00'::timestamp(0) without time zone) AND (l_shipdate < '1997-10-01 00:00:00'::timestamp without time zone))"}]}]}, {"Node Type": "Hash", "Parent Relationship": "Inner", "Startup Cost": 5334.54, "Total Cost": 5334.54, "Plan Rows": 100000, "Plan Width": 75, "Actual Startup Time": 111.402, "Actual Total Time": 111.402, "Actual Rows": 100000, "Actual Loops": 1, "Hash Buckets": 131072, "Hash Batches": 1, "Original Hash Batches": 1, "Peak Memory Usage": 10544, "Plans": [{"Node Type": "Index Scan", "Parent Relationship": "Outer", "Scan Direction": "Forward", "Index Name": "supplier_pkey", "Relation Name": "supplier", "Alias": "supplier", "Startup Cost": 0.0, "Total Cost": 5334.54, "Plan Rows": 100000, "Plan Width": 75, "Actual Startup Time": 0.044, "Actual Total Time": 74.596, "Actual Rows": 100000, "Actual Loops": 1}]}]}]}, "Triggers": [], "Planner Runtime": 0.863, "Total Runtime": 11934.472, "Unique SQL Id": 3712096918}}, "(64, '34')": {"explain_plan": {"Plan": {"Node Type": "Sort", "Startup Cost": 3247453.25, "Total Cost": 3247601.7, "Plan Rows": 59380, "Plan Width": 83, "Sort Key": ["supplier.s_suppkey"], "Plans": [{"Node Type": "Aggregate", "Strategy": "Plain", "Parent Relationship": "exec_init_plan", "Subplan Name": "InitPlan 1 (returns $0)", "Startup Cost": 1610196.85, "Total Cost": 1610196.86, "Plan Rows": 1, "Plan Width": 16, "Plans": [{"Node Type": "Aggregate", "Strategy": "Hashed", "Parent Relationship": "Outer", "Startup Cost": 1608860.8, "Total Cost": 1609454.6, "Plan Rows": 59380, "Plan Width": 32, "Group By Key": ["public.lineitem.l_suppkey"], "Plans": [{"Node Type": "Bitmap Heap Scan", "Parent Relationship": "Outer", "Relation Name": "lineitem", "Alias": "lineitem", "Startup Cost": 78544.19, "Total Cost": 1586191.59, "Plan Rows": 2266921, "Plan Width": 24, "Recheck Cond": "((l_shipdate >= '1997-07-01 00:00:00'::timestamp(0) without time zone) AND (l_shipdate < '1997-10-01 00:00:00'::timestamp without time zone)), (LLVM Optimized)", "Plans": [{"Node Type": "Bitmap Index Scan", "Parent Relationship": "Outer", "Index Name": "idx_lineitem_shipdate", "Startup Cost": 0.0, "Total Cost": 77977.46, "Plan Rows": 2266921, "Plan Width": 0, "Index Cond": "((l_shipdate >= '1997-07-01 00:00:00'::timestamp(0) without time zone) AND (l_shipdate < '1997-10-01 00:00:00'::timestamp without time zone))"}]}]}]}, {"Node Type": "Hash Join", "Parent Relationship": "Outer", "Join Type": "Inner", "Startup Cost": 1630395.71, "Total Cost": 1632548.24, "Plan Rows": 59380, "Plan Width": 83, "Inner Unique": true, "Hash Cond": "(public.lineitem.l_suppkey = supplier.s_suppkey)", "Plans": [{"Node Type": "Aggregate", "Strategy": "Hashed", "Parent Relationship": "Outer", "Startup Cost": 1625862.71, "Total Cost": 1626604.96, "Plan Rows": 59380, "Plan Width": 40, "Group By Key": ["public.lineitem.l_suppkey"], "Filter": "(sum((public.lineitem.l_extendedprice * (1::double precision - public.lineitem.l_discount))) = $0), (LLVM Optimized)", "Plans": [{"Node Type": "Bitmap Heap Scan", "Parent Relationship": "Outer", "Relation Name": "lineitem", "Alias": "lineitem", "Startup Cost": 78544.19, "Total Cost": 1586191.59, "Plan Rows": 2266921, "Plan Width": 24, "Recheck Cond": "((l_shipdate >= '1997-07-01 00:00:00'::timestamp(0) without time zone) AND (l_shipdate < '1997-10-01 00:00:00'::timestamp without time zone)), (LLVM Optimized)", "Plans": [{"Node Type": "Bitmap Index Scan", "Parent Relationship": "Outer", "Index Name": "idx_lineitem_shipdate", "Startup Cost": 0.0, "Total Cost": 77977.46, "Plan Rows": 2266921, "Plan Width": 0, "Index Cond": "((l_shipdate >= '1997-07-01 00:00:00'::timestamp(0) without time zone) AND (l_shipdate < '1997-10-01 00:00:00'::timestamp without time zone))"}]}]}, {"Node Type": "Hash", "Parent Relationship": "Inner", "Startup Cost": 3283.0, "Total Cost": 3283.0, "Plan Rows": 100000, "Plan Width": 75, "Plans": [{"Node Type": "Seq Scan", "Parent Relationship": "Outer", "Relation Name": "supplier", "Alias": "supplier", "Startup Cost": 0.0, "Total Cost": 3283.0, "Plan Rows": 100000, "Plan Width": 75}]}]}]}, "Unique SQL Id": 3712096918, "Planner Runtime": 1}, "explain_analyze_plan": {"Plan": {"Node Type": "Sort", "Startup Cost": 3247453.25, "Total Cost": 3247601.7, "Plan Rows": 59380, "Plan Width": 83, "Actual Startup Time": 11613.345, "Actual Total Time": 11613.346, "Actual Rows": 1, "Actual Loops": 1, "Sort Key": ["supplier.s_suppkey"], "Sort Method": "quicksort", "Sort Space Used": 25, "Sort Space Type": "Memory", "Plans": [{"Node Type": "Aggregate", "Strategy": "Plain", "Parent Relationship": "exec_init_plan", "Subplan Name": "InitPlan 1 (returns $0)", "Startup Cost": 1610196.85, "Total Cost": 1610196.86, "Plan Rows": 1, "Plan Width": 16, "Actual Startup Time": 5787.024, "Actual Total Time": 5787.024, "Actual Rows": 1, "Actual Loops": 1, "Plans": [{"Node Type": "Aggregate", "Strategy": "Hashed", "Parent Relationship": "Outer", "Startup Cost": 1608860.8, "Total Cost": 1609454.6, "Plan Rows": 59380, "Plan Width": 32, "Actual Startup Time": 5739.256, "Actual Total Time": 5771.891, "Actual Rows": 100000, "Actual Loops": 1, "Group By Key": ["public.lineitem.l_suppkey"], "Plans": [{"Node Type": "Bitmap Heap Scan", "Parent Relationship": "Outer", "Relation Name": "lineitem", "Alias": "lineitem", "Startup Cost": 78544.19, "Total Cost": 1586191.59, "Plan Rows": 2266921, "Plan Width": 24, "Actual Startup Time": 1210.319, "Actual Total Time": 4026.272, "Actual Rows": 2293944, "Actual Loops": 1, "Recheck Cond": "((l_shipdate >= '1997-07-01 00:00:00'::timestamp(0) without time zone) AND (l_shipdate < '1997-10-01 00:00:00'::timestamp without time zone)), (LLVM Optimized, Jit Execute)", "Rows Removed by Index Recheck": 0, "Exact Heap Blocks": 732487, "Lossy Heap Blocks": 732487, "Plans": [{"Node Type": "Bitmap Index Scan", "Parent Relationship": "Outer", "Index Name": "idx_lineitem_shipdate", "Startup Cost": 0.0, "Total Cost": 77977.46, "Plan Rows": 2266921, "Plan Width": 0, "Actual Startup Time": 919.464, "Actual Total Time": 919.464, "Actual Rows": 2293944, "Actual Loops": 1, "Index Cond": "((l_shipdate >= '1997-07-01 00:00:00'::timestamp(0) without time zone) AND (l_shipdate < '1997-10-01 00:00:00'::timestamp without time zone))"}]}]}]}, {"Node Type": "Hash Join", "Parent Relationship": "Outer", "Join Type": "Inner", "Startup Cost": 1630395.71, "Total Cost": 1632548.24, "Plan Rows": 59380, "Plan Width": 83, "Actual Startup Time": 11591.969, "Actual Total Time": 11612.914, "Actual Rows": 1, "Actual Loops": 1, "Inner Unique": true, "Hash Cond": "(public.lineitem.l_suppkey = supplier.s_suppkey)", "Plans": [{"Node Type": "Aggregate", "Strategy": "Hashed", "Parent Relationship": "Outer", "Startup Cost": 1625862.71, "Total Cost": 1626604.96, "Plan Rows": 59380, "Plan Width": 40, "Actual Startup Time": 11522.406, "Actual Total Time": 11543.11, "Actual Rows": 1, "Actual Loops": 1, "Group By Key": ["public.lineitem.l_suppkey"], "Filter": "(sum((public.lineitem.l_extendedprice * (1::double precision - public.lineitem.l_discount))) = $0), (LLVM Optimized, Jit Execute)", "Rows Removed by Filter": 99999, "Plans": [{"Node Type": "Bitmap Heap Scan", "Parent Relationship": "Outer", "Relation Name": "lineitem", "Alias": "lineitem", "Startup Cost": 78544.19, "Total Cost": 1586191.59, "Plan Rows": 2266921, "Plan Width": 24, "Actual Startup Time": 1113.498, "Actual Total Time": 3982.235, "Actual Rows": 2293944, "Actual Loops": 1, "Recheck Cond": "((l_shipdate >= '1997-07-01 00:00:00'::timestamp(0) without time zone) AND (l_shipdate < '1997-10-01 00:00:00'::timestamp without time zone)), (LLVM Optimized, Jit Execute)", "Rows Removed by Index Recheck": 0, "Exact Heap Blocks": 732487, "Lossy Heap Blocks": 732487, "Plans": [{"Node Type": "Bitmap Index Scan", "Parent Relationship": "Outer", "Index Name": "idx_lineitem_shipdate", "Startup Cost": 0.0, "Total Cost": 77977.46, "Plan Rows": 2266921, "Plan Width": 0, "Actual Startup Time": 809.559, "Actual Total Time": 809.559, "Actual Rows": 2293944, "Actual Loops": 1, "Index Cond": "((l_shipdate >= '1997-07-01 00:00:00'::timestamp(0) without time zone) AND (l_shipdate < '1997-10-01 00:00:00'::timestamp without time zone))"}]}]}, {"Node Type": "Hash", "Parent Relationship": "Inner", "Startup Cost": 3283.0, "Total Cost": 3283.0, "Plan Rows": 100000, "Plan Width": 75, "Actual Startup Time": 69.39, "Actual Total Time": 69.39, "Actual Rows": 100000, "Actual Loops": 1, "Hash Buckets": 131072, "Hash Batches": 1, "Original Hash Batches": 1, "Peak Memory Usage": 10544, "Plans": [{"Node Type": "Seq Scan", "Parent Relationship": "Outer", "Relation Name": "supplier", "Alias": "supplier", "Startup Cost": 0.0, "Total Cost": 3283.0, "Plan Rows": 100000, "Plan Width": 75, "Actual Startup Time": 0.025, "Actual Total Time": 35.975, "Actual Rows": 100000, "Actual Loops": 1}]}]}]}, "Triggers": [], "Planner Runtime": 0.86, "Total Runtime": 11626.189, "Unique SQL Id": 3712096918}}, "(64, '35')": {"explain_plan": {"Plan": {"Node Type": "Sort", "Startup Cost": 3497813.02, "Total Cost": 3497961.47, "Plan Rows": 59380, "Plan Width": 83, "Sort Key": ["supplier.s_suppkey"], "Plans": [{"Node Type": "Aggregate", "Strategy": "Plain", "Parent Relationship": "exec_init_plan", "Subplan Name": "InitPlan 1 (returns $0)", "Startup Cost": 1610196.85, "Total Cost": 1610196.86, "Plan Rows": 1, "Plan Width": 16, "Plans": [{"Node Type": "Aggregate", "Strategy": "Hashed", "Parent Relationship": "Outer", "Startup Cost": 1608860.8, "Total Cost": 1609454.6, "Plan Rows": 59380, "Plan Width": 32, "Group By Key": ["public.lineitem.l_suppkey"], "Plans": [{"Node Type": "Bitmap Heap Scan", "Parent Relationship": "Outer", "Relation Name": "lineitem", "Alias": "lineitem", "Startup Cost": 78544.19, "Total Cost": 1586191.59, "Plan Rows": 2266921, "Plan Width": 24, "Recheck Cond": "((l_shipdate >= '1997-07-01 00:00:00'::timestamp(0) without time zone) AND (l_shipdate < '1997-10-01 00:00:00'::timestamp without time zone)), (LLVM Optimized)", "Plans": [{"Node Type": "Bitmap Index Scan", "Parent Relationship": "Outer", "Index Name": "idx_lineitem_shipdate", "Startup Cost": 0.0, "Total Cost": 77977.46, "Plan Rows": 2266921, "Plan Width": 0, "Index Cond": "((l_shipdate >= '1997-07-01 00:00:00'::timestamp(0) without time zone) AND (l_shipdate < '1997-10-01 00:00:00'::timestamp without time zone))"}]}]}]}, {"Node Type": "Nested Loop", "Parent Relationship": "Outer", "Join Type": "Inner", "Startup Cost": 1625863.0, "Total Cost": 1882908.01, "Plan Rows": 59380, "Plan Width": 83, "Inner Unique": true, "Plans": [{"Node Type": "Aggregate", "Strategy": "Hashed", "Parent Relationship": "Outer", "Startup Cost": 1625862.71, "Total Cost": 1626604.96, "Plan Rows": 59380, "Plan Width": 40, "Group By Key": ["public.lineitem.l_suppkey"], "Filter": "(sum((public.lineitem.l_extendedprice * (1::double precision - public.lineitem.l_discount))) = $0), (LLVM Optimized)", "Plans": [{"Node Type": "Bitmap Heap Scan", "Parent Relationship": "Outer", "Relation Name": "lineitem", "Alias": "lineitem", "Startup Cost": 78544.19, "Total Cost": 1586191.59, "Plan Rows": 2266921, "Plan Width": 24, "Recheck Cond": "((l_shipdate >= '1997-07-01 00:00:00'::timestamp(0) without time zone) AND (l_shipdate < '1997-10-01 00:00:00'::timestamp without time zone)), (LLVM Optimized)", "Plans": [{"Node Type": "Bitmap Index Scan", "Parent Relationship": "Outer", "Index Name": "idx_lineitem_shipdate", "Startup Cost": 0.0, "Total Cost": 77977.46, "Plan Rows": 2266921, "Plan Width": 0, "Index Cond": "((l_shipdate >= '1997-07-01 00:00:00'::timestamp(0) without time zone) AND (l_shipdate < '1997-10-01 00:00:00'::timestamp without time zone))"}]}]}, {"Node Type": "Bitmap Heap Scan", "Parent Relationship": "Inner", "Relation Name": "supplier", "Alias": "supplier", "Startup Cost": 0.28, "Total Cost": 4.3, "Plan Rows": 1, "Plan Width": 75, "Recheck Cond": "(s_suppkey = public.lineitem.l_suppkey)", "Plans": [{"Node Type": "Bitmap Index Scan", "Parent Relationship": "Outer", "Index Name": "supplier_pkey", "Startup Cost": 0.0, "Total Cost": 0.28, "Plan Rows": 1, "Plan Width": 0, "Index Cond": "(s_suppkey = public.lineitem.l_suppkey)"}]}]}]}, "Unique SQL Id": 3712096918, "Planner Runtime": 0}, "explain_analyze_plan": {"Plan": {"Node Type": "Sort", "Startup Cost": 3497813.02, "Total Cost": 3497961.47, "Plan Rows": 59380, "Plan Width": 83, "Actual Startup Time": 11573.67, "Actual Total Time": 11573.671, "Actual Rows": 1, "Actual Loops": 1, "Sort Key": ["supplier.s_suppkey"], "Sort Method": "quicksort", "Sort Space Used": 25, "Sort Space Type": "Memory", "Plans": [{"Node Type": "Aggregate", "Strategy": "Plain", "Parent Relationship": "exec_init_plan", "Subplan Name": "InitPlan 1 (returns $0)", "Startup Cost": 1610196.85, "Total Cost": 1610196.86, "Plan Rows": 1, "Plan Width": 16, "Actual Startup Time": 5810.994, "Actual Total Time": 5810.994, "Actual Rows": 1, "Actual Loops": 1, "Plans": [{"Node Type": "Aggregate", "Strategy": "Hashed", "Parent Relationship": "Outer", "Startup Cost": 1608860.8, "Total Cost": 1609454.6, "Plan Rows": 59380, "Plan Width": 32, "Actual Startup Time": 5762.308, "Actual Total Time": 5795.992, "Actual Rows": 100000, "Actual Loops": 1, "Group By Key": ["public.lineitem.l_suppkey"], "Plans": [{"Node Type": "Bitmap Heap Scan", "Parent Relationship": "Outer", "Relation Name": "lineitem", "Alias": "lineitem", "Startup Cost": 78544.19, "Total Cost": 1586191.59, "Plan Rows": 2266921, "Plan Width": 24, "Actual Startup Time": 1233.691, "Actual Total Time": 4071.08, "Actual Rows": 2293944, "Actual Loops": 1, "Recheck Cond": "((l_shipdate >= '1997-07-01 00:00:00'::timestamp(0) without time zone) AND (l_shipdate < '1997-10-01 00:00:00'::timestamp without time zone)), (LLVM Optimized, Jit Execute)", "Rows Removed by Index Recheck": 0, "Exact Heap Blocks": 732487, "Lossy Heap Blocks": 732487, "Plans": [{"Node Type": "Bitmap Index Scan", "Parent Relationship": "Outer", "Index Name": "idx_lineitem_shipdate", "Startup Cost": 0.0, "Total Cost": 77977.46, "Plan Rows": 2266921, "Plan Width": 0, "Actual Startup Time": 943.405, "Actual Total Time": 943.405, "Actual Rows": 2293944, "Actual Loops": 1, "Index Cond": "((l_shipdate >= '1997-07-01 00:00:00'::timestamp(0) without time zone) AND (l_shipdate < '1997-10-01 00:00:00'::timestamp without time zone))"}]}]}]}, {"Node Type": "Nested Loop", "Parent Relationship": "Outer", "Join Type": "Inner", "Startup Cost": 1625863.0, "Total Cost": 1882908.01, "Plan Rows": 59380, "Plan Width": 83, "Actual Startup Time": 11554.935, "Actual Total Time": 11573.643, "Actual Rows": 1, "Actual Loops": 1, "Inner Unique": true, "Plans": [{"Node Type": "Aggregate", "Strategy": "Hashed", "Parent Relationship": "Outer", "Startup Cost": 1625862.71, "Total Cost": 1626604.96, "Plan Rows": 59380, "Plan Width": 40, "Actual Startup Time": 11554.824, "Actual Total Time": 11573.326, "Actual Rows": 1, "Actual Loops": 1, "Group By Key": ["public.lineitem.l_suppkey"], "Filter": "(sum((public.lineitem.l_extendedprice * (1::double precision - public.lineitem.l_discount))) = $0), (LLVM Optimized, Jit Execute)", "Rows Removed by Filter": 99999, "Plans": [{"Node Type": "Bitmap Heap Scan", "Parent Relationship": "Outer", "Relation Name": "lineitem", "Alias": "lineitem", "Startup Cost": 78544.19, "Total Cost": 1586191.59, "Plan Rows": 2266921, "Plan Width": 24, "Actual Startup Time": 1251.575, "Actual Total Time": 4123.103, "Actual Rows": 2293944, "Actual Loops": 1, "Recheck Cond": "((l_shipdate >= '1997-07-01 00:00:00'::timestamp(0) without time zone) AND (l_shipdate < '1997-10-01 00:00:00'::timestamp without time zone)), (LLVM Optimized, Jit Execute)", "Rows Removed by Index Recheck": 0, "Exact Heap Blocks": 732487, "Lossy Heap Blocks": 732487, "Plans": [{"Node Type": "Bitmap Index Scan", "Parent Relationship": "Outer", "Index Name": "idx_lineitem_shipdate", "Startup Cost": 0.0, "Total Cost": 77977.46, "Plan Rows": 2266921, "Plan Width": 0, "Actual Startup Time": 951.166, "Actual Total Time": 951.166, "Actual Rows": 2293944, "Actual Loops": 1, "Index Cond": "((l_shipdate >= '1997-07-01 00:00:00'::timestamp(0) without time zone) AND (l_shipdate < '1997-10-01 00:00:00'::timestamp without time zone))"}]}]}, {"Node Type": "Bitmap Heap Scan", "Parent Relationship": "Inner", "Relation Name": "supplier", "Alias": "supplier", "Startup Cost": 0.28, "Total Cost": 4.3, "Plan Rows": 1, "Plan Width": 75, "Actual Startup Time": 0.082, "Actual Total Time": 0.082, "Actual Rows": 1, "Actual Loops": 1, "Recheck Cond": "(s_suppkey = public.lineitem.l_suppkey)", "Rows Removed by Index Recheck": 0, "Exact Heap Blocks": 1, "Lossy Heap Blocks": 1, "Plans": [{"Node Type": "Bitmap Index Scan", "Parent Relationship": "Outer", "Index Name": "supplier_pkey", "Startup Cost": 0.0, "Total Cost": 0.28, "Plan Rows": 1, "Plan Width": 0, "Actual Startup Time": 0.037, "Actual Total Time": 0.037, "Actual Rows": 1, "Actual Loops": 1, "Index Cond": "(s_suppkey = public.lineitem.l_suppkey)"}]}]}]}, "Triggers": [], "Planner Runtime": 0.887, "Total Runtime": 11586.661, "Unique SQL Id": 3712096918}}, "(64, '36')": {"explain_plan": {"Plan": {"Node Type": "Sort", "Startup Cost": 3247453.25, "Total Cost": 3247601.7, "Plan Rows": 59380, "Plan Width": 83, "Sort Key": ["supplier.s_suppkey"], "Plans": [{"Node Type": "Aggregate", "Strategy": "Plain", "Parent Relationship": "exec_init_plan", "Subplan Name": "InitPlan 1 (returns $0)", "Startup Cost": 1610196.85, "Total Cost": 1610196.86, "Plan Rows": 1, "Plan Width": 16, "Plans": [{"Node Type": "Aggregate", "Strategy": "Hashed", "Parent Relationship": "Outer", "Startup Cost": 1608860.8, "Total Cost": 1609454.6, "Plan Rows": 59380, "Plan Width": 32, "Group By Key": ["public.lineitem.l_suppkey"], "Plans": [{"Node Type": "Bitmap Heap Scan", "Parent Relationship": "Outer", "Relation Name": "lineitem", "Alias": "lineitem", "Startup Cost": 78544.19, "Total Cost": 1586191.59, "Plan Rows": 2266921, "Plan Width": 24, "Recheck Cond": "((l_shipdate >= '1997-07-01 00:00:00'::timestamp(0) without time zone) AND (l_shipdate < '1997-10-01 00:00:00'::timestamp without time zone)), (LLVM Optimized)", "Plans": [{"Node Type": "Bitmap Index Scan", "Parent Relationship": "Outer", "Index Name": "idx_lineitem_shipdate", "Startup Cost": 0.0, "Total Cost": 77977.46, "Plan Rows": 2266921, "Plan Width": 0, "Index Cond": "((l_shipdate >= '1997-07-01 00:00:00'::timestamp(0) without time zone) AND (l_shipdate < '1997-10-01 00:00:00'::timestamp without time zone))"}]}]}]}, {"Node Type": "Hash Join", "Parent Relationship": "Outer", "Join Type": "Inner", "Startup Cost": 1630395.71, "Total Cost": 1632548.24, "Plan Rows": 59380, "Plan Width": 83, "Inner Unique": true, "Hash Cond": "(public.lineitem.l_suppkey = supplier.s_suppkey)", "Plans": [{"Node Type": "Aggregate", "Strategy": "Hashed", "Parent Relationship": "Outer", "Startup Cost": 1625862.71, "Total Cost": 1626604.96, "Plan Rows": 59380, "Plan Width": 40, "Group By Key": ["public.lineitem.l_suppkey"], "Filter": "(sum((public.lineitem.l_extendedprice * (1::double precision - public.lineitem.l_discount))) = $0), (LLVM Optimized)", "Plans": [{"Node Type": "Bitmap Heap Scan", "Parent Relationship": "Outer", "Relation Name": "lineitem", "Alias": "lineitem", "Startup Cost": 78544.19, "Total Cost": 1586191.59, "Plan Rows": 2266921, "Plan Width": 24, "Recheck Cond": "((l_shipdate >= '1997-07-01 00:00:00'::timestamp(0) without time zone) AND (l_shipdate < '1997-10-01 00:00:00'::timestamp without time zone)), (LLVM Optimized)", "Plans": [{"Node Type": "Bitmap Index Scan", "Parent Relationship": "Outer", "Index Name": "idx_lineitem_shipdate", "Startup Cost": 0.0, "Total Cost": 77977.46, "Plan Rows": 2266921, "Plan Width": 0, "Index Cond": "((l_shipdate >= '1997-07-01 00:00:00'::timestamp(0) without time zone) AND (l_shipdate < '1997-10-01 00:00:00'::timestamp without time zone))"}]}]}, {"Node Type": "Hash", "Parent Relationship": "Inner", "Startup Cost": 3283.0, "Total Cost": 3283.0, "Plan Rows": 100000, "Plan Width": 75, "Plans": [{"Node Type": "Seq Scan", "Parent Relationship": "Outer", "Relation Name": "supplier", "Alias": "supplier", "Startup Cost": 0.0, "Total Cost": 3283.0, "Plan Rows": 100000, "Plan Width": 75}]}]}]}, "Unique SQL Id": 3712096918, "Planner Runtime": 0}, "explain_analyze_plan": {"Plan": {"Node Type": "Sort", "Startup Cost": 3247453.25, "Total Cost": 3247601.7, "Plan Rows": 59380, "Plan Width": 83, "Actual Startup Time": 11613.345, "Actual Total Time": 11613.346, "Actual Rows": 1, "Actual Loops": 1, "Sort Key": ["supplier.s_suppkey"], "Sort Method": "quicksort", "Sort Space Used": 25, "Sort Space Type": "Memory", "Plans": [{"Node Type": "Aggregate", "Strategy": "Plain", "Parent Relationship": "exec_init_plan", "Subplan Name": "InitPlan 1 (returns $0)", "Startup Cost": 1610196.85, "Total Cost": 1610196.86, "Plan Rows": 1, "Plan Width": 16, "Actual Startup Time": 5787.024, "Actual Total Time": 5787.024, "Actual Rows": 1, "Actual Loops": 1, "Plans": [{"Node Type": "Aggregate", "Strategy": "Hashed", "Parent Relationship": "Outer", "Startup Cost": 1608860.8, "Total Cost": 1609454.6, "Plan Rows": 59380, "Plan Width": 32, "Actual Startup Time": 5739.256, "Actual Total Time": 5771.891, "Actual Rows": 100000, "Actual Loops": 1, "Group By Key": ["public.lineitem.l_suppkey"], "Plans": [{"Node Type": "Bitmap Heap Scan", "Parent Relationship": "Outer", "Relation Name": "lineitem", "Alias": "lineitem", "Startup Cost": 78544.19, "Total Cost": 1586191.59, "Plan Rows": 2266921, "Plan Width": 24, "Actual Startup Time": 1210.319, "Actual Total Time": 4026.272, "Actual Rows": 2293944, "Actual Loops": 1, "Recheck Cond": "((l_shipdate >= '1997-07-01 00:00:00'::timestamp(0) without time zone) AND (l_shipdate < '1997-10-01 00:00:00'::timestamp without time zone)), (LLVM Optimized, Jit Execute)", "Rows Removed by Index Recheck": 0, "Exact Heap Blocks": 732487, "Lossy Heap Blocks": 732487, "Plans": [{"Node Type": "Bitmap Index Scan", "Parent Relationship": "Outer", "Index Name": "idx_lineitem_shipdate", "Startup Cost": 0.0, "Total Cost": 77977.46, "Plan Rows": 2266921, "Plan Width": 0, "Actual Startup Time": 919.464, "Actual Total Time": 919.464, "Actual Rows": 2293944, "Actual Loops": 1, "Index Cond": "((l_shipdate >= '1997-07-01 00:00:00'::timestamp(0) without time zone) AND (l_shipdate < '1997-10-01 00:00:00'::timestamp without time zone))"}]}]}]}, {"Node Type": "Hash Join", "Parent Relationship": "Outer", "Join Type": "Inner", "Startup Cost": 1630395.71, "Total Cost": 1632548.24, "Plan Rows": 59380, "Plan Width": 83, "Actual Startup Time": 11591.969, "Actual Total Time": 11612.914, "Actual Rows": 1, "Actual Loops": 1, "Inner Unique": true, "Hash Cond": "(public.lineitem.l_suppkey = supplier.s_suppkey)", "Plans": [{"Node Type": "Aggregate", "Strategy": "Hashed", "Parent Relationship": "Outer", "Startup Cost": 1625862.71, "Total Cost": 1626604.96, "Plan Rows": 59380, "Plan Width": 40, "Actual Startup Time": 11522.406, "Actual Total Time": 11543.11, "Actual Rows": 1, "Actual Loops": 1, "Group By Key": ["public.lineitem.l_suppkey"], "Filter": "(sum((public.lineitem.l_extendedprice * (1::double precision - public.lineitem.l_discount))) = $0), (LLVM Optimized, Jit Execute)", "Rows Removed by Filter": 99999, "Plans": [{"Node Type": "Bitmap Heap Scan", "Parent Relationship": "Outer", "Relation Name": "lineitem", "Alias": "lineitem", "Startup Cost": 78544.19, "Total Cost": 1586191.59, "Plan Rows": 2266921, "Plan Width": 24, "Actual Startup Time": 1113.498, "Actual Total Time": 3982.235, "Actual Rows": 2293944, "Actual Loops": 1, "Recheck Cond": "((l_shipdate >= '1997-07-01 00:00:00'::timestamp(0) without time zone) AND (l_shipdate < '1997-10-01 00:00:00'::timestamp without time zone)), (LLVM Optimized, Jit Execute)", "Rows Removed by Index Recheck": 0, "Exact Heap Blocks": 732487, "Lossy Heap Blocks": 732487, "Plans": [{"Node Type": "Bitmap Index Scan", "Parent Relationship": "Outer", "Index Name": "idx_lineitem_shipdate", "Startup Cost": 0.0, "Total Cost": 77977.46, "Plan Rows": 2266921, "Plan Width": 0, "Actual Startup Time": 809.559, "Actual Total Time": 809.559, "Actual Rows": 2293944, "Actual Loops": 1, "Index Cond": "((l_shipdate >= '1997-07-01 00:00:00'::timestamp(0) without time zone) AND (l_shipdate < '1997-10-01 00:00:00'::timestamp without time zone))"}]}]}, {"Node Type": "Hash", "Parent Relationship": "Inner", "Startup Cost": 3283.0, "Total Cost": 3283.0, "Plan Rows": 100000, "Plan Width": 75, "Actual Startup Time": 69.39, "Actual Total Time": 69.39, "Actual Rows": 100000, "Actual Loops": 1, "Hash Buckets": 131072, "Hash Batches": 1, "Original Hash Batches": 1, "Peak Memory Usage": 10544, "Plans": [{"Node Type": "Seq Scan", "Parent Relationship": "Outer", "Relation Name": "supplier", "Alias": "supplier", "Startup Cost": 0.0, "Total Cost": 3283.0, "Plan Rows": 100000, "Plan Width": 75, "Actual Startup Time": 0.025, "Actual Total Time": 35.975, "Actual Rows": 100000, "Actual Loops": 1}]}]}]}, "Triggers": [], "Planner Runtime": 0.86, "Total Runtime": 11626.189, "Unique SQL Id": 3712096918}}, "(64, '37')": {"explain_plan": {"Plan": {"Node Type": "Sort", "Startup Cost": 3249504.79, "Total Cost": 3249653.24, "Plan Rows": 59380, "Plan Width": 83, "Sort Key": ["supplier.s_suppkey"], "Plans": [{"Node Type": "Aggregate", "Strategy": "Plain", "Parent Relationship": "exec_init_plan", "Subplan Name": "InitPlan 1 (returns $0)", "Startup Cost": 1610196.85, "Total Cost": 1610196.86, "Plan Rows": 1, "Plan Width": 16, "Plans": [{"Node Type": "Aggregate", "Strategy": "Hashed", "Parent Relationship": "Outer", "Startup Cost": 1608860.8, "Total Cost": 1609454.6, "Plan Rows": 59380, "Plan Width": 32, "Group By Key": ["public.lineitem.l_suppkey"], "Plans": [{"Node Type": "Bitmap Heap Scan", "Parent Relationship": "Outer", "Relation Name": "lineitem", "Alias": "lineitem", "Startup Cost": 78544.19, "Total Cost": 1586191.59, "Plan Rows": 2266921, "Plan Width": 24, "Recheck Cond": "((l_shipdate >= '1997-07-01 00:00:00'::timestamp(0) without time zone) AND (l_shipdate < '1997-10-01 00:00:00'::timestamp without time zone)), (LLVM Optimized)", "Plans": [{"Node Type": "Bitmap Index Scan", "Parent Relationship": "Outer", "Index Name": "idx_lineitem_shipdate", "Startup Cost": 0.0, "Total Cost": 77977.46, "Plan Rows": 2266921, "Plan Width": 0, "Index Cond": "((l_shipdate >= '1997-07-01 00:00:00'::timestamp(0) without time zone) AND (l_shipdate < '1997-10-01 00:00:00'::timestamp without time zone))"}]}]}]}, {"Node Type": "Hash Join", "Parent Relationship": "Outer", "Join Type": "Inner", "Startup Cost": 1632447.26, "Total Cost": 1634599.78, "Plan Rows": 59380, "Plan Width": 83, "Inner Unique": true, "Hash Cond": "(public.lineitem.l_suppkey = supplier.s_suppkey)", "Plans": [{"Node Type": "Aggregate", "Strategy": "Hashed", "Parent Relationship": "Outer", "Startup Cost": 1625862.71, "Total Cost": 1626604.96, "Plan Rows": 59380, "Plan Width": 40, "Group By Key": ["public.lineitem.l_suppkey"], "Filter": "(sum((public.lineitem.l_extendedprice * (1::double precision - public.lineitem.l_discount))) = $0), (LLVM Optimized)", "Plans": [{"Node Type": "Bitmap Heap Scan", "Parent Relationship": "Outer", "Relation Name": "lineitem", "Alias": "lineitem", "Startup Cost": 78544.19, "Total Cost": 1586191.59, "Plan Rows": 2266921, "Plan Width": 24, "Recheck Cond": "((l_shipdate >= '1997-07-01 00:00:00'::timestamp(0) without time zone) AND (l_shipdate < '1997-10-01 00:00:00'::timestamp without time zone)), (LLVM Optimized)", "Plans": [{"Node Type": "Bitmap Index Scan", "Parent Relationship": "Outer", "Index Name": "idx_lineitem_shipdate", "Startup Cost": 0.0, "Total Cost": 77977.46, "Plan Rows": 2266921, "Plan Width": 0, "Index Cond": "((l_shipdate >= '1997-07-01 00:00:00'::timestamp(0) without time zone) AND (l_shipdate < '1997-10-01 00:00:00'::timestamp without time zone))"}]}]}, {"Node Type": "Hash", "Parent Relationship": "Inner", "Startup Cost": 5334.54, "Total Cost": 5334.54, "Plan Rows": 100000, "Plan Width": 75, "Plans": [{"Node Type": "Index Scan", "Parent Relationship": "Outer", "Scan Direction": "Forward", "Index Name": "supplier_pkey", "Relation Name": "supplier", "Alias": "supplier", "Startup Cost": 0.0, "Total Cost": 5334.54, "Plan Rows": 100000, "Plan Width": 75}]}]}]}, "Unique SQL Id": 3712096918, "Planner Runtime": 0}, "explain_analyze_plan": {"Plan": {"Node Type": "Sort", "Startup Cost": 3249504.79, "Total Cost": 3249653.24, "Plan Rows": 59380, "Plan Width": 83, "Actual Startup Time": 11921.563, "Actual Total Time": 11921.563, "Actual Rows": 1, "Actual Loops": 1, "Sort Key": ["supplier.s_suppkey"], "Sort Method": "quicksort", "Sort Space Used": 25, "Sort Space Type": "Memory", "Plans": [{"Node Type": "Aggregate", "Strategy": "Plain", "Parent Relationship": "exec_init_plan", "Subplan Name": "InitPlan 1 (returns $0)", "Startup Cost": 1610196.85, "Total Cost": 1610196.86, "Plan Rows": 1, "Plan Width": 16, "Actual Startup Time": 5890.32, "Actual Total Time": 5890.32, "Actual Rows": 1, "Actual Loops": 1, "Plans": [{"Node Type": "Aggregate", "Strategy": "Hashed", "Parent Relationship": "Outer", "Startup Cost": 1608860.8, "Total Cost": 1609454.6, "Plan Rows": 59380, "Plan Width": 32, "Actual Startup Time": 5842.989, "Actual Total Time": 5875.14, "Actual Rows": 100000, "Actual Loops": 1, "Group By Key": ["public.lineitem.l_suppkey"], "Plans": [{"Node Type": "Bitmap Heap Scan", "Parent Relationship": "Outer", "Relation Name": "lineitem", "Alias": "lineitem", "Startup Cost": 78544.19, "Total Cost": 1586191.59, "Plan Rows": 2266921, "Plan Width": 24, "Actual Startup Time": 1340.433, "Actual Total Time": 4177.606, "Actual Rows": 2293944, "Actual Loops": 1, "Recheck Cond": "((l_shipdate >= '1997-07-01 00:00:00'::timestamp(0) without time zone) AND (l_shipdate < '1997-10-01 00:00:00'::timestamp without time zone)), (LLVM Optimized, Jit Execute)", "Rows Removed by Index Recheck": 0, "Exact Heap Blocks": 732487, "Lossy Heap Blocks": 732487, "Plans": [{"Node Type": "Bitmap Index Scan", "Parent Relationship": "Outer", "Index Name": "idx_lineitem_shipdate", "Startup Cost": 0.0, "Total Cost": 77977.46, "Plan Rows": 2266921, "Plan Width": 0, "Actual Startup Time": 988.703, "Actual Total Time": 988.703, "Actual Rows": 2293944, "Actual Loops": 1, "Index Cond": "((l_shipdate >= '1997-07-01 00:00:00'::timestamp(0) without time zone) AND (l_shipdate < '1997-10-01 00:00:00'::timestamp without time zone))"}]}]}]}, {"Node Type": "Hash Join", "Parent Relationship": "Outer", "Join Type": "Inner", "Startup Cost": 1632447.26, "Total Cost": 1634599.78, "Plan Rows": 59380, "Plan Width": 83, "Actual Startup Time": 11898.084, "Actual Total Time": 11919.37, "Actual Rows": 1, "Actual Loops": 1, "Inner Unique": true, "Hash Cond": "(public.lineitem.l_suppkey = supplier.s_suppkey)", "Plans": [{"Node Type": "Aggregate", "Strategy": "Hashed", "Parent Relationship": "Outer", "Startup Cost": 1625862.71, "Total Cost": 1626604.96, "Plan Rows": 59380, "Plan Width": 40, "Actual Startup Time": 11786.41, "Actual Total Time": 11807.476, "Actual Rows": 1, "Actual Loops": 1, "Group By Key": ["public.lineitem.l_suppkey"], "Filter": "(sum((public.lineitem.l_extendedprice * (1::double precision - public.lineitem.l_discount))) = $0), (LLVM Optimized, Jit Execute)", "Rows Removed by Filter": 99999, "Plans": [{"Node Type": "Bitmap Heap Scan", "Parent Relationship": "Outer", "Relation Name": "lineitem", "Alias": "lineitem", "Startup Cost": 78544.19, "Total Cost": 1586191.59, "Plan Rows": 2266921, "Plan Width": 24, "Actual Startup Time": 1354.201, "Actual Total Time": 4175.715, "Actual Rows": 2293944, "Actual Loops": 1, "Recheck Cond": "((l_shipdate >= '1997-07-01 00:00:00'::timestamp(0) without time zone) AND (l_shipdate < '1997-10-01 00:00:00'::timestamp without time zone)), (LLVM Optimized, Jit Execute)", "Rows Removed by Index Recheck": 0, "Exact Heap Blocks": 732487, "Lossy Heap Blocks": 732487, "Plans": [{"Node Type": "Bitmap Index Scan", "Parent Relationship": "Outer", "Index Name": "idx_lineitem_shipdate", "Startup Cost": 0.0, "Total Cost": 77977.46, "Plan Rows": 2266921, "Plan Width": 0, "Actual Startup Time": 1002.213, "Actual Total Time": 1002.213, "Actual Rows": 2293944, "Actual Loops": 1, "Index Cond": "((l_shipdate >= '1997-07-01 00:00:00'::timestamp(0) without time zone) AND (l_shipdate < '1997-10-01 00:00:00'::timestamp without time zone))"}]}]}, {"Node Type": "Hash", "Parent Relationship": "Inner", "Startup Cost": 5334.54, "Total Cost": 5334.54, "Plan Rows": 100000, "Plan Width": 75, "Actual Startup Time": 111.402, "Actual Total Time": 111.402, "Actual Rows": 100000, "Actual Loops": 1, "Hash Buckets": 131072, "Hash Batches": 1, "Original Hash Batches": 1, "Peak Memory Usage": 10544, "Plans": [{"Node Type": "Index Scan", "Parent Relationship": "Outer", "Scan Direction": "Forward", "Index Name": "supplier_pkey", "Relation Name": "supplier", "Alias": "supplier", "Startup Cost": 0.0, "Total Cost": 5334.54, "Plan Rows": 100000, "Plan Width": 75, "Actual Startup Time": 0.044, "Actual Total Time": 74.596, "Actual Rows": 100000, "Actual Loops": 1}]}]}]}, "Triggers": [], "Planner Runtime": 0.863, "Total Runtime": 11934.472, "Unique SQL Id": 3712096918}}, "(64, '38')": {"explain_plan": {"Plan": {"Node Type": "Sort", "Startup Cost": 3247453.25, "Total Cost": 3247601.7, "Plan Rows": 59380, "Plan Width": 83, "Sort Key": ["supplier.s_suppkey"], "Plans": [{"Node Type": "Aggregate", "Strategy": "Plain", "Parent Relationship": "exec_init_plan", "Subplan Name": "InitPlan 1 (returns $0)", "Startup Cost": 1610196.85, "Total Cost": 1610196.86, "Plan Rows": 1, "Plan Width": 16, "Plans": [{"Node Type": "Aggregate", "Strategy": "Hashed", "Parent Relationship": "Outer", "Startup Cost": 1608860.8, "Total Cost": 1609454.6, "Plan Rows": 59380, "Plan Width": 32, "Group By Key": ["public.lineitem.l_suppkey"], "Plans": [{"Node Type": "Bitmap Heap Scan", "Parent Relationship": "Outer", "Relation Name": "lineitem", "Alias": "lineitem", "Startup Cost": 78544.19, "Total Cost": 1586191.59, "Plan Rows": 2266921, "Plan Width": 24, "Recheck Cond": "((l_shipdate >= '1997-07-01 00:00:00'::timestamp(0) without time zone) AND (l_shipdate < '1997-10-01 00:00:00'::timestamp without time zone)), (LLVM Optimized)", "Plans": [{"Node Type": "Bitmap Index Scan", "Parent Relationship": "Outer", "Index Name": "idx_lineitem_shipdate", "Startup Cost": 0.0, "Total Cost": 77977.46, "Plan Rows": 2266921, "Plan Width": 0, "Index Cond": "((l_shipdate >= '1997-07-01 00:00:00'::timestamp(0) without time zone) AND (l_shipdate < '1997-10-01 00:00:00'::timestamp without time zone))"}]}]}]}, {"Node Type": "Hash Join", "Parent Relationship": "Outer", "Join Type": "Inner", "Startup Cost": 1630395.71, "Total Cost": 1632548.24, "Plan Rows": 59380, "Plan Width": 83, "Inner Unique": true, "Hash Cond": "(public.lineitem.l_suppkey = supplier.s_suppkey)", "Plans": [{"Node Type": "Aggregate", "Strategy": "Hashed", "Parent Relationship": "Outer", "Startup Cost": 1625862.71, "Total Cost": 1626604.96, "Plan Rows": 59380, "Plan Width": 40, "Group By Key": ["public.lineitem.l_suppkey"], "Filter": "(sum((public.lineitem.l_extendedprice * (1::double precision - public.lineitem.l_discount))) = $0), (LLVM Optimized)", "Plans": [{"Node Type": "Bitmap Heap Scan", "Parent Relationship": "Outer", "Relation Name": "lineitem", "Alias": "lineitem", "Startup Cost": 78544.19, "Total Cost": 1586191.59, "Plan Rows": 2266921, "Plan Width": 24, "Recheck Cond": "((l_shipdate >= '1997-07-01 00:00:00'::timestamp(0) without time zone) AND (l_shipdate < '1997-10-01 00:00:00'::timestamp without time zone)), (LLVM Optimized)", "Plans": [{"Node Type": "Bitmap Index Scan", "Parent Relationship": "Outer", "Index Name": "idx_lineitem_shipdate", "Startup Cost": 0.0, "Total Cost": 77977.46, "Plan Rows": 2266921, "Plan Width": 0, "Index Cond": "((l_shipdate >= '1997-07-01 00:00:00'::timestamp(0) without time zone) AND (l_shipdate < '1997-10-01 00:00:00'::timestamp without time zone))"}]}]}, {"Node Type": "Hash", "Parent Relationship": "Inner", "Startup Cost": 3283.0, "Total Cost": 3283.0, "Plan Rows": 100000, "Plan Width": 75, "Plans": [{"Node Type": "Seq Scan", "Parent Relationship": "Outer", "Relation Name": "supplier", "Alias": "supplier", "Startup Cost": 0.0, "Total Cost": 3283.0, "Plan Rows": 100000, "Plan Width": 75}]}]}]}, "Unique SQL Id": 3712096918, "Planner Runtime": 0}, "explain_analyze_plan": {"Plan": {"Node Type": "Sort", "Startup Cost": 3247453.25, "Total Cost": 3247601.7, "Plan Rows": 59380, "Plan Width": 83, "Actual Startup Time": 11613.345, "Actual Total Time": 11613.346, "Actual Rows": 1, "Actual Loops": 1, "Sort Key": ["supplier.s_suppkey"], "Sort Method": "quicksort", "Sort Space Used": 25, "Sort Space Type": "Memory", "Plans": [{"Node Type": "Aggregate", "Strategy": "Plain", "Parent Relationship": "exec_init_plan", "Subplan Name": "InitPlan 1 (returns $0)", "Startup Cost": 1610196.85, "Total Cost": 1610196.86, "Plan Rows": 1, "Plan Width": 16, "Actual Startup Time": 5787.024, "Actual Total Time": 5787.024, "Actual Rows": 1, "Actual Loops": 1, "Plans": [{"Node Type": "Aggregate", "Strategy": "Hashed", "Parent Relationship": "Outer", "Startup Cost": 1608860.8, "Total Cost": 1609454.6, "Plan Rows": 59380, "Plan Width": 32, "Actual Startup Time": 5739.256, "Actual Total Time": 5771.891, "Actual Rows": 100000, "Actual Loops": 1, "Group By Key": ["public.lineitem.l_suppkey"], "Plans": [{"Node Type": "Bitmap Heap Scan", "Parent Relationship": "Outer", "Relation Name": "lineitem", "Alias": "lineitem", "Startup Cost": 78544.19, "Total Cost": 1586191.59, "Plan Rows": 2266921, "Plan Width": 24, "Actual Startup Time": 1210.319, "Actual Total Time": 4026.272, "Actual Rows": 2293944, "Actual Loops": 1, "Recheck Cond": "((l_shipdate >= '1997-07-01 00:00:00'::timestamp(0) without time zone) AND (l_shipdate < '1997-10-01 00:00:00'::timestamp without time zone)), (LLVM Optimized, Jit Execute)", "Rows Removed by Index Recheck": 0, "Exact Heap Blocks": 732487, "Lossy Heap Blocks": 732487, "Plans": [{"Node Type": "Bitmap Index Scan", "Parent Relationship": "Outer", "Index Name": "idx_lineitem_shipdate", "Startup Cost": 0.0, "Total Cost": 77977.46, "Plan Rows": 2266921, "Plan Width": 0, "Actual Startup Time": 919.464, "Actual Total Time": 919.464, "Actual Rows": 2293944, "Actual Loops": 1, "Index Cond": "((l_shipdate >= '1997-07-01 00:00:00'::timestamp(0) without time zone) AND (l_shipdate < '1997-10-01 00:00:00'::timestamp without time zone))"}]}]}]}, {"Node Type": "Hash Join", "Parent Relationship": "Outer", "Join Type": "Inner", "Startup Cost": 1630395.71, "Total Cost": 1632548.24, "Plan Rows": 59380, "Plan Width": 83, "Actual Startup Time": 11591.969, "Actual Total Time": 11612.914, "Actual Rows": 1, "Actual Loops": 1, "Inner Unique": true, "Hash Cond": "(public.lineitem.l_suppkey = supplier.s_suppkey)", "Plans": [{"Node Type": "Aggregate", "Strategy": "Hashed", "Parent Relationship": "Outer", "Startup Cost": 1625862.71, "Total Cost": 1626604.96, "Plan Rows": 59380, "Plan Width": 40, "Actual Startup Time": 11522.406, "Actual Total Time": 11543.11, "Actual Rows": 1, "Actual Loops": 1, "Group By Key": ["public.lineitem.l_suppkey"], "Filter": "(sum((public.lineitem.l_extendedprice * (1::double precision - public.lineitem.l_discount))) = $0), (LLVM Optimized, Jit Execute)", "Rows Removed by Filter": 99999, "Plans": [{"Node Type": "Bitmap Heap Scan", "Parent Relationship": "Outer", "Relation Name": "lineitem", "Alias": "lineitem", "Startup Cost": 78544.19, "Total Cost": 1586191.59, "Plan Rows": 2266921, "Plan Width": 24, "Actual Startup Time": 1113.498, "Actual Total Time": 3982.235, "Actual Rows": 2293944, "Actual Loops": 1, "Recheck Cond": "((l_shipdate >= '1997-07-01 00:00:00'::timestamp(0) without time zone) AND (l_shipdate < '1997-10-01 00:00:00'::timestamp without time zone)), (LLVM Optimized, Jit Execute)", "Rows Removed by Index Recheck": 0, "Exact Heap Blocks": 732487, "Lossy Heap Blocks": 732487, "Plans": [{"Node Type": "Bitmap Index Scan", "Parent Relationship": "Outer", "Index Name": "idx_lineitem_shipdate", "Startup Cost": 0.0, "Total Cost": 77977.46, "Plan Rows": 2266921, "Plan Width": 0, "Actual Startup Time": 809.559, "Actual Total Time": 809.559, "Actual Rows": 2293944, "Actual Loops": 1, "Index Cond": "((l_shipdate >= '1997-07-01 00:00:00'::timestamp(0) without time zone) AND (l_shipdate < '1997-10-01 00:00:00'::timestamp without time zone))"}]}]}, {"Node Type": "Hash", "Parent Relationship": "Inner", "Startup Cost": 3283.0, "Total Cost": 3283.0, "Plan Rows": 100000, "Plan Width": 75, "Actual Startup Time": 69.39, "Actual Total Time": 69.39, "Actual Rows": 100000, "Actual Loops": 1, "Hash Buckets": 131072, "Hash Batches": 1, "Original Hash Batches": 1, "Peak Memory Usage": 10544, "Plans": [{"Node Type": "Seq Scan", "Parent Relationship": "Outer", "Relation Name": "supplier", "Alias": "supplier", "Startup Cost": 0.0, "Total Cost": 3283.0, "Plan Rows": 100000, "Plan Width": 75, "Actual Startup Time": 0.025, "Actual Total Time": 35.975, "Actual Rows": 100000, "Actual Loops": 1}]}]}]}, "Triggers": [], "Planner Runtime": 0.86, "Total Runtime": 11626.189, "Unique SQL Id": 3712096918}}, "(64, '39')": {"explain_plan": {"Plan": {"Node Type": "Sort", "Startup Cost": 3497813.02, "Total Cost": 3497961.47, "Plan Rows": 59380, "Plan Width": 83, "Sort Key": ["supplier.s_suppkey"], "Plans": [{"Node Type": "Aggregate", "Strategy": "Plain", "Parent Relationship": "exec_init_plan", "Subplan Name": "InitPlan 1 (returns $0)", "Startup Cost": 1610196.85, "Total Cost": 1610196.86, "Plan Rows": 1, "Plan Width": 16, "Plans": [{"Node Type": "Aggregate", "Strategy": "Hashed", "Parent Relationship": "Outer", "Startup Cost": 1608860.8, "Total Cost": 1609454.6, "Plan Rows": 59380, "Plan Width": 32, "Group By Key": ["public.lineitem.l_suppkey"], "Plans": [{"Node Type": "Bitmap Heap Scan", "Parent Relationship": "Outer", "Relation Name": "lineitem", "Alias": "lineitem", "Startup Cost": 78544.19, "Total Cost": 1586191.59, "Plan Rows": 2266921, "Plan Width": 24, "Recheck Cond": "((l_shipdate >= '1997-07-01 00:00:00'::timestamp(0) without time zone) AND (l_shipdate < '1997-10-01 00:00:00'::timestamp without time zone)), (LLVM Optimized)", "Plans": [{"Node Type": "Bitmap Index Scan", "Parent Relationship": "Outer", "Index Name": "idx_lineitem_shipdate", "Startup Cost": 0.0, "Total Cost": 77977.46, "Plan Rows": 2266921, "Plan Width": 0, "Index Cond": "((l_shipdate >= '1997-07-01 00:00:00'::timestamp(0) without time zone) AND (l_shipdate < '1997-10-01 00:00:00'::timestamp without time zone))"}]}]}]}, {"Node Type": "Nested Loop", "Parent Relationship": "Outer", "Join Type": "Inner", "Startup Cost": 1625863.0, "Total Cost": 1882908.01, "Plan Rows": 59380, "Plan Width": 83, "Inner Unique": true, "Plans": [{"Node Type": "Aggregate", "Strategy": "Hashed", "Parent Relationship": "Outer", "Startup Cost": 1625862.71, "Total Cost": 1626604.96, "Plan Rows": 59380, "Plan Width": 40, "Group By Key": ["public.lineitem.l_suppkey"], "Filter": "(sum((public.lineitem.l_extendedprice * (1::double precision - public.lineitem.l_discount))) = $0), (LLVM Optimized)", "Plans": [{"Node Type": "Bitmap Heap Scan", "Parent Relationship": "Outer", "Relation Name": "lineitem", "Alias": "lineitem", "Startup Cost": 78544.19, "Total Cost": 1586191.59, "Plan Rows": 2266921, "Plan Width": 24, "Recheck Cond": "((l_shipdate >= '1997-07-01 00:00:00'::timestamp(0) without time zone) AND (l_shipdate < '1997-10-01 00:00:00'::timestamp without time zone)), (LLVM Optimized)", "Plans": [{"Node Type": "Bitmap Index Scan", "Parent Relationship": "Outer", "Index Name": "idx_lineitem_shipdate", "Startup Cost": 0.0, "Total Cost": 77977.46, "Plan Rows": 2266921, "Plan Width": 0, "Index Cond": "((l_shipdate >= '1997-07-01 00:00:00'::timestamp(0) without time zone) AND (l_shipdate < '1997-10-01 00:00:00'::timestamp without time zone))"}]}]}, {"Node Type": "Bitmap Heap Scan", "Parent Relationship": "Inner", "Relation Name": "supplier", "Alias": "supplier", "Startup Cost": 0.28, "Total Cost": 4.3, "Plan Rows": 1, "Plan Width": 75, "Recheck Cond": "(s_suppkey = public.lineitem.l_suppkey)", "Plans": [{"Node Type": "Bitmap Index Scan", "Parent Relationship": "Outer", "Index Name": "supplier_pkey", "Startup Cost": 0.0, "Total Cost": 0.28, "Plan Rows": 1, "Plan Width": 0, "Index Cond": "(s_suppkey = public.lineitem.l_suppkey)"}]}]}]}, "Unique SQL Id": 3712096918, "Planner Runtime": 0}, "explain_analyze_plan": {"Plan": {"Node Type": "Sort", "Startup Cost": 3497813.02, "Total Cost": 3497961.47, "Plan Rows": 59380, "Plan Width": 83, "Actual Startup Time": 11573.67, "Actual Total Time": 11573.671, "Actual Rows": 1, "Actual Loops": 1, "Sort Key": ["supplier.s_suppkey"], "Sort Method": "quicksort", "Sort Space Used": 25, "Sort Space Type": "Memory", "Plans": [{"Node Type": "Aggregate", "Strategy": "Plain", "Parent Relationship": "exec_init_plan", "Subplan Name": "InitPlan 1 (returns $0)", "Startup Cost": 1610196.85, "Total Cost": 1610196.86, "Plan Rows": 1, "Plan Width": 16, "Actual Startup Time": 5810.994, "Actual Total Time": 5810.994, "Actual Rows": 1, "Actual Loops": 1, "Plans": [{"Node Type": "Aggregate", "Strategy": "Hashed", "Parent Relationship": "Outer", "Startup Cost": 1608860.8, "Total Cost": 1609454.6, "Plan Rows": 59380, "Plan Width": 32, "Actual Startup Time": 5762.308, "Actual Total Time": 5795.992, "Actual Rows": 100000, "Actual Loops": 1, "Group By Key": ["public.lineitem.l_suppkey"], "Plans": [{"Node Type": "Bitmap Heap Scan", "Parent Relationship": "Outer", "Relation Name": "lineitem", "Alias": "lineitem", "Startup Cost": 78544.19, "Total Cost": 1586191.59, "Plan Rows": 2266921, "Plan Width": 24, "Actual Startup Time": 1233.691, "Actual Total Time": 4071.08, "Actual Rows": 2293944, "Actual Loops": 1, "Recheck Cond": "((l_shipdate >= '1997-07-01 00:00:00'::timestamp(0) without time zone) AND (l_shipdate < '1997-10-01 00:00:00'::timestamp without time zone)), (LLVM Optimized, Jit Execute)", "Rows Removed by Index Recheck": 0, "Exact Heap Blocks": 732487, "Lossy Heap Blocks": 732487, "Plans": [{"Node Type": "Bitmap Index Scan", "Parent Relationship": "Outer", "Index Name": "idx_lineitem_shipdate", "Startup Cost": 0.0, "Total Cost": 77977.46, "Plan Rows": 2266921, "Plan Width": 0, "Actual Startup Time": 943.405, "Actual Total Time": 943.405, "Actual Rows": 2293944, "Actual Loops": 1, "Index Cond": "((l_shipdate >= '1997-07-01 00:00:00'::timestamp(0) without time zone) AND (l_shipdate < '1997-10-01 00:00:00'::timestamp without time zone))"}]}]}]}, {"Node Type": "Nested Loop", "Parent Relationship": "Outer", "Join Type": "Inner", "Startup Cost": 1625863.0, "Total Cost": 1882908.01, "Plan Rows": 59380, "Plan Width": 83, "Actual Startup Time": 11554.935, "Actual Total Time": 11573.643, "Actual Rows": 1, "Actual Loops": 1, "Inner Unique": true, "Plans": [{"Node Type": "Aggregate", "Strategy": "Hashed", "Parent Relationship": "Outer", "Startup Cost": 1625862.71, "Total Cost": 1626604.96, "Plan Rows": 59380, "Plan Width": 40, "Actual Startup Time": 11554.824, "Actual Total Time": 11573.326, "Actual Rows": 1, "Actual Loops": 1, "Group By Key": ["public.lineitem.l_suppkey"], "Filter": "(sum((public.lineitem.l_extendedprice * (1::double precision - public.lineitem.l_discount))) = $0), (LLVM Optimized, Jit Execute)", "Rows Removed by Filter": 99999, "Plans": [{"Node Type": "Bitmap Heap Scan", "Parent Relationship": "Outer", "Relation Name": "lineitem", "Alias": "lineitem", "Startup Cost": 78544.19, "Total Cost": 1586191.59, "Plan Rows": 2266921, "Plan Width": 24, "Actual Startup Time": 1251.575, "Actual Total Time": 4123.103, "Actual Rows": 2293944, "Actual Loops": 1, "Recheck Cond": "((l_shipdate >= '1997-07-01 00:00:00'::timestamp(0) without time zone) AND (l_shipdate < '1997-10-01 00:00:00'::timestamp without time zone)), (LLVM Optimized, Jit Execute)", "Rows Removed by Index Recheck": 0, "Exact Heap Blocks": 732487, "Lossy Heap Blocks": 732487, "Plans": [{"Node Type": "Bitmap Index Scan", "Parent Relationship": "Outer", "Index Name": "idx_lineitem_shipdate", "Startup Cost": 0.0, "Total Cost": 77977.46, "Plan Rows": 2266921, "Plan Width": 0, "Actual Startup Time": 951.166, "Actual Total Time": 951.166, "Actual Rows": 2293944, "Actual Loops": 1, "Index Cond": "((l_shipdate >= '1997-07-01 00:00:00'::timestamp(0) without time zone) AND (l_shipdate < '1997-10-01 00:00:00'::timestamp without time zone))"}]}]}, {"Node Type": "Bitmap Heap Scan", "Parent Relationship": "Inner", "Relation Name": "supplier", "Alias": "supplier", "Startup Cost": 0.28, "Total Cost": 4.3, "Plan Rows": 1, "Plan Width": 75, "Actual Startup Time": 0.082, "Actual Total Time": 0.082, "Actual Rows": 1, "Actual Loops": 1, "Recheck Cond": "(s_suppkey = public.lineitem.l_suppkey)", "Rows Removed by Index Recheck": 0, "Exact Heap Blocks": 1, "Lossy Heap Blocks": 1, "Plans": [{"Node Type": "Bitmap Index Scan", "Parent Relationship": "Outer", "Index Name": "supplier_pkey", "Startup Cost": 0.0, "Total Cost": 0.28, "Plan Rows": 1, "Plan Width": 0, "Actual Startup Time": 0.037, "Actual Total Time": 0.037, "Actual Rows": 1, "Actual Loops": 1, "Index Cond": "(s_suppkey = public.lineitem.l_suppkey)"}]}]}]}, "Triggers": [], "Planner Runtime": 0.887, "Total Runtime": 11586.661, "Unique SQL Id": 3712096918}}, "(64, '40')": {"explain_plan": {"Plan": {"Node Type": "Sort", "Startup Cost": 4727127.98, "Total Cost": 4727276.43, "Plan Rows": 59380, "Plan Width": 83, "Sort Key": ["supplier.s_suppkey"], "Plans": [{"Node Type": "Aggregate", "Strategy": "Plain", "Parent Relationship": "exec_init_plan", "Subplan Name": "InitPlan 1 (returns $0)", "Startup Cost": 2339055.76, "Total Cost": 2339055.77, "Plan Rows": 1, "Plan Width": 16, "Plans": [{"Node Type": "Aggregate", "Strategy": "Hashed", "Parent Relationship": "Outer", "Startup Cost": 2337719.71, "Total Cost": 2338313.51, "Plan Rows": 59380, "Plan Width": 32, "Group By Key": ["public.lineitem.l_suppkey"], "Plans": [{"Node Type": "Seq Scan", "Parent Relationship": "Outer", "Relation Name": "lineitem", "Alias": "lineitem", "Startup Cost": 25.32, "Total Cost": 2315050.5, "Plan Rows": 2266921, "Plan Width": 24, "Filter": "((l_shipdate >= '1997-07-01 00:00:00'::timestamp(0) without time zone) AND (l_shipdate < '1997-10-01 00:00:00'::timestamp without time zone)), (LLVM Optimized)"}]}]}, {"Node Type": "Nested Loop", "Parent Relationship": "Outer", "Join Type": "Inner", "Startup Cost": 2354721.61, "Total Cost": 2383364.06, "Plan Rows": 59380, "Plan Width": 83, "Inner Unique": true, "Plans": [{"Node Type": "Aggregate", "Strategy": "Hashed", "Parent Relationship": "Outer", "Startup Cost": 2354721.61, "Total Cost": 2355463.86, "Plan Rows": 59380, "Plan Width": 40, "Group By Key": ["public.lineitem.l_suppkey"], "Filter": "(sum((public.lineitem.l_extendedprice * (1::double precision - public.lineitem.l_discount))) = $0), (LLVM Optimized)", "Plans": [{"Node Type": "Seq Scan", "Parent Relationship": "Outer", "Relation Name": "lineitem", "Alias": "lineitem", "Startup Cost": 25.32, "Total Cost": 2315050.5, "Plan Rows": 2266921, "Plan Width": 24, "Filter": "((l_shipdate >= '1997-07-01 00:00:00'::timestamp(0) without time zone) AND (l_shipdate < '1997-10-01 00:00:00'::timestamp without time zone)), (LLVM Optimized)"}]}, {"Node Type": "Index Scan", "Parent Relationship": "Inner", "Scan Direction": "Forward", "Index Name": "supplier_pkey", "Relation Name": "supplier", "Alias": "supplier", "Startup Cost": 0.0, "Total Cost": 0.45, "Plan Rows": 1, "Plan Width": 75, "Index Cond": "(s_suppkey = public.lineitem.l_suppkey)"}]}]}, "Unique SQL Id": 3712096918, "Planner Runtime": 0}, "explain_analyze_plan": null}, "(64, '41')": {"explain_plan": {"Plan": {"Node Type": "Sort", "Startup Cost": 10368528.3, "Total Cost": 10368676.75, "Plan Rows": 59380, "Plan Width": 83, "Sort Key": ["supplier.s_suppkey"], "Plans": [{"Node Type": "Aggregate", "Strategy": "Plain", "Parent Relationship": "exec_init_plan", "Subplan Name": "InitPlan 1 (returns $0)", "Startup Cost": 5159755.92, "Total Cost": 5159755.93, "Plan Rows": 1, "Plan Width": 16, "Plans": [{"Node Type": "Aggregate", "Strategy": "Hashed", "Parent Relationship": "Outer", "Startup Cost": 5158419.87, "Total Cost": 5159013.67, "Plan Rows": 59380, "Plan Width": 32, "Group By Key": ["public.lineitem.l_suppkey"], "Plans": [{"Node Type": "Index Scan", "Parent Relationship": "Outer", "Scan Direction": "Forward", "Index Name": "idx_lineitem_shipdate", "Relation Name": "lineitem", "Alias": "lineitem", "Startup Cost": 0.0, "Total Cost": 5135750.66, "Plan Rows": 2266921, "Plan Width": 24, "Index Cond": "((l_shipdate >= '1997-07-01 00:00:00'::timestamp(0) without time zone) AND (l_shipdate < '1997-10-01 00:00:00'::timestamp without time zone)), (LLVM Optimized)"}]}]}, {"Node Type": "Nested Loop", "Parent Relationship": "Outer", "Join Type": "Inner", "Startup Cost": 5175421.77, "Total Cost": 5204064.22, "Plan Rows": 59380, "Plan Width": 83, "Inner Unique": true, "Plans": [{"Node Type": "Aggregate", "Strategy": "Hashed", "Parent Relationship": "Outer", "Startup Cost": 5175421.77, "Total Cost": 5176164.02, "Plan Rows": 59380, "Plan Width": 40, "Group By Key": ["public.lineitem.l_suppkey"], "Filter": "(sum((public.lineitem.l_extendedprice * (1::double precision - public.lineitem.l_discount))) = $0), (LLVM Optimized)", "Plans": [{"Node Type": "Index Scan", "Parent Relationship": "Outer", "Scan Direction": "Forward", "Index Name": "idx_lineitem_shipdate", "Relation Name": "lineitem", "Alias": "lineitem", "Startup Cost": 0.0, "Total Cost": 5135750.66, "Plan Rows": 2266921, "Plan Width": 24, "Index Cond": "((l_shipdate >= '1997-07-01 00:00:00'::timestamp(0) without time zone) AND (l_shipdate < '1997-10-01 00:00:00'::timestamp without time zone)), (LLVM Optimized)"}]}, {"Node Type": "Index Scan", "Parent Relationship": "Inner", "Scan Direction": "Forward", "Index Name": "supplier_pkey", "Relation Name": "supplier", "Alias": "supplier", "Startup Cost": 0.0, "Total Cost": 0.45, "Plan Rows": 1, "Plan Width": 75, "Index Cond": "(s_suppkey = public.lineitem.l_suppkey)"}]}]}, "Unique SQL Id": 3712096918, "Planner Runtime": 1}, "explain_analyze_plan": {"Plan": {"Node Type": "Sort", "Startup Cost": 10368528.3, "Total Cost": 10368676.75, "Plan Rows": 59380, "Plan Width": 83, "Actual Startup Time": 15872.593, "Actual Total Time": 15872.595, "Actual Rows": 1, "Actual Loops": 1, "Sort Key": ["supplier.s_suppkey"], "Sort Method": "quicksort", "Sort Space Used": 25, "Sort Space Type": "Memory", "Plans": [{"Node Type": "Aggregate", "Strategy": "Plain", "Parent Relationship": "exec_init_plan", "Subplan Name": "InitPlan 1 (returns $0)", "Startup Cost": 5159755.92, "Total Cost": 5159755.93, "Plan Rows": 1, "Plan Width": 16, "Actual Startup Time": 7911.817, "Actual Total Time": 7911.817, "Actual Rows": 1, "Actual Loops": 1, "Plans": [{"Node Type": "Aggregate", "Strategy": "Hashed", "Parent Relationship": "Outer", "Startup Cost": 5158419.87, "Total Cost": 5159013.67, "Plan Rows": 59380, "Plan Width": 32, "Actual Startup Time": 7867.048, "Actual Total Time": 7896.699, "Actual Rows": 100000, "Actual Loops": 1, "Group By Key": ["public.lineitem.l_suppkey"], "Plans": [{"Node Type": "Index Scan", "Parent Relationship": "Outer", "Scan Direction": "Forward", "Index Name": "idx_lineitem_shipdate", "Relation Name": "lineitem", "Alias": "lineitem", "Startup Cost": 0.0, "Total Cost": 5135750.66, "Plan Rows": 2266921, "Plan Width": 24, "Actual Startup Time": 0.062, "Actual Total Time": 5871.631, "Actual Rows": 2293944, "Actual Loops": 1, "Index Cond": "((l_shipdate >= '1997-07-01 00:00:00'::timestamp(0) without time zone) AND (l_shipdate < '1997-10-01 00:00:00'::timestamp without time zone)), (LLVM Optimized, Jit Execute)", "Rows Removed by Index Recheck": 0}]}]}, {"Node Type": "Nested Loop", "Parent Relationship": "Outer", "Join Type": "Inner", "Startup Cost": 5175421.77, "Total Cost": 5204064.22, "Plan Rows": 59380, "Plan Width": 83, "Actual Startup Time": 15853.79, "Actual Total Time": 15872.562, "Actual Rows": 1, "Actual Loops": 1, "Inner Unique": true, "Plans": [{"Node Type": "Aggregate", "Strategy": "Hashed", "Parent Relationship": "Outer", "Startup Cost": 5175421.77, "Total Cost": 5176164.02, "Plan Rows": 59380, "Plan Width": 40, "Actual Startup Time": 15853.725, "Actual Total Time": 15872.285, "Actual Rows": 1, "Actual Loops": 1, "Group By Key": ["public.lineitem.l_suppkey"], "Filter": "(sum((public.lineitem.l_extendedprice * (1::double precision - public.lineitem.l_discount))) = $0), (LLVM Optimized, Jit Execute)", "Rows Removed by Filter": 99999, "Plans": [{"Node Type": "Index Scan", "Parent Relationship": "Outer", "Scan Direction": "Forward", "Index Name": "idx_lineitem_shipdate", "Relation Name": "lineitem", "Alias": "lineitem", "Startup Cost": 0.0, "Total Cost": 5135750.66, "Plan Rows": 2266921, "Plan Width": 24, "Actual Startup Time": 0.067, "Actual Total Time": 5918.777, "Actual Rows": 2293944, "Actual Loops": 1, "Index Cond": "((l_shipdate >= '1997-07-01 00:00:00'::timestamp(0) without time zone) AND (l_shipdate < '1997-10-01 00:00:00'::timestamp without time zone)), (LLVM Optimized, Jit Execute)", "Rows Removed by Index Recheck": 0}]}, {"Node Type": "Index Scan", "Parent Relationship": "Inner", "Scan Direction": "Forward", "Index Name": "supplier_pkey", "Relation Name": "supplier", "Alias": "supplier", "Startup Cost": 0.0, "Total Cost": 0.45, "Plan Rows": 1, "Plan Width": 75, "Actual Startup Time": 0.043, "Actual Total Time": 0.043, "Actual Rows": 1, "Actual Loops": 1, "Index Cond": "(s_suppkey = public.lineitem.l_suppkey)", "Rows Removed by Index Recheck": 0}]}]}, "Triggers": [], "Planner Runtime": 0.856, "Total Runtime": 15883.863, "Unique SQL Id": 3712096918}}, "(64, '42')": {"explain_plan": {"Plan": {"Node Type": "Sort", "Startup Cost": 4705171.05, "Total Cost": 4705319.5, "Plan Rows": 59380, "Plan Width": 83, "Sort Key": ["supplier.s_suppkey"], "Plans": [{"Node Type": "Aggregate", "Strategy": "Plain", "Parent Relationship": "exec_init_plan", "Subplan Name": "InitPlan 1 (returns $0)", "Startup Cost": 2339055.76, "Total Cost": 2339055.77, "Plan Rows": 1, "Plan Width": 16, "Plans": [{"Node Type": "Aggregate", "Strategy": "Hashed", "Parent Relationship": "Outer", "Startup Cost": 2337719.71, "Total Cost": 2338313.51, "Plan Rows": 59380, "Plan Width": 32, "Group By Key": ["public.lineitem.l_suppkey"], "Plans": [{"Node Type": "Seq Scan", "Parent Relationship": "Outer", "Relation Name": "lineitem", "Alias": "lineitem", "Startup Cost": 25.32, "Total Cost": 2315050.5, "Plan Rows": 2266921, "Plan Width": 24, "Filter": "((l_shipdate >= '1997-07-01 00:00:00'::timestamp(0) without time zone) AND (l_shipdate < '1997-10-01 00:00:00'::timestamp without time zone)), (LLVM Optimized)"}]}]}, {"Node Type": "Hash Join", "Parent Relationship": "Outer", "Join Type": "Inner", "Startup Cost": 2359254.61, "Total Cost": 2361407.14, "Plan Rows": 59380, "Plan Width": 83, "Inner Unique": true, "Hash Cond": "(public.lineitem.l_suppkey = supplier.s_suppkey)", "Plans": [{"Node Type": "Aggregate", "Strategy": "Hashed", "Parent Relationship": "Outer", "Startup Cost": 2354721.61, "Total Cost": 2355463.86, "Plan Rows": 59380, "Plan Width": 40, "Group By Key": ["public.lineitem.l_suppkey"], "Filter": "(sum((public.lineitem.l_extendedprice * (1::double precision - public.lineitem.l_discount))) = $0), (LLVM Optimized)", "Plans": [{"Node Type": "Seq Scan", "Parent Relationship": "Outer", "Relation Name": "lineitem", "Alias": "lineitem", "Startup Cost": 25.32, "Total Cost": 2315050.5, "Plan Rows": 2266921, "Plan Width": 24, "Filter": "((l_shipdate >= '1997-07-01 00:00:00'::timestamp(0) without time zone) AND (l_shipdate < '1997-10-01 00:00:00'::timestamp without time zone)), (LLVM Optimized)"}]}, {"Node Type": "Hash", "Parent Relationship": "Inner", "Startup Cost": 3283.0, "Total Cost": 3283.0, "Plan Rows": 100000, "Plan Width": 75, "Plans": [{"Node Type": "Seq Scan", "Parent Relationship": "Outer", "Relation Name": "supplier", "Alias": "supplier", "Startup Cost": 0.0, "Total Cost": 3283.0, "Plan Rows": 100000, "Plan Width": 75}]}]}]}, "Unique SQL Id": 3712096918, "Planner Runtime": 1}, "explain_analyze_plan": null}, "(64, '43')": {"explain_plan": {"Plan": {"Node Type": "Nested Loop", "Join Type": "Inner", "Startup Cost": 2010463073775.39, "Total Cost": 3000552678714.27, "Plan Rows": 59380, "Plan Width": 83, "Inner Unique": true, "Join Filter": "(supplier.s_suppkey = revenue0.supplier_no)", "Plans": [{"Node Type": "Aggregate", "Strategy": "Plain", "Parent Relationship": "exec_init_plan", "Subplan Name": "InitPlan 1 (returns $0)", "Startup Cost": 1000231529054.76, "Total Cost": 1000231529054.77, "Plan Rows": 1, "Plan Width": 16, "Plans": [{"Node Type": "Aggregate", "Strategy": "Hashed", "Parent Relationship": "Outer", "Startup Cost": 1000231527718.71, "Total Cost": 1000231528312.51, "Plan Rows": 59380, "Plan Width": 32, "Group By Key": ["public.lineitem.l_suppkey"], "Plans": [{"Node Type": "Seq Scan", "Parent Relationship": "Outer", "Relation Name": "lineitem", "Alias": "lineitem", "Startup Cost": 10000000025.02, "Total Cost": 1000231505049.5, "Plan Rows": 2266921, "Plan Width": 24, "Filter": "((l_shipdate >= '1997-07-01 00:00:00'::timestamp(0) without time zone) AND (l_shipdate < '1997-10-01 00:00:00'::timestamp without time zone)), (LLVM Optimized)"}]}]}, {"Node Type": "Index Scan", "Parent Relationship": "Outer", "Scan Direction": "Forward", "Index Name": "supplier_pkey", "Relation Name": "supplier", "Alias": "supplier", "Startup Cost": 10000000000.0, "Total Cost": 1000000533454.38, "Plan Rows": 100000, "Plan Width": 75}, {"Node Type": "Materialize", "Parent Relationship": "Inner", "Startup Cost": 1000231544720.62, "Total Cost": 1000231546353.57, "Plan Rows": 59380, "Plan Width": 16, "Plans": [{"Node Type": "Subquery Scan", "Parent Relationship": "Outer", "Alias": "revenue0", "Startup Cost": 1000231544720.62, "Total Cost": 1000231546056.67, "Plan Rows": 59380, "Plan Width": 16, "Plans": [{"Node Type": "Aggregate", "Strategy": "Hashed", "Parent Relationship": "Subquery", "Startup Cost": 1000231544720.62, "Total Cost": 1000231545462.87, "Plan Rows": 59380, "Plan Width": 40, "Group By Key": ["public.lineitem.l_suppkey"], "Filter": "(sum((public.lineitem.l_extendedprice * (1::double precision - public.lineitem.l_discount))) = $0), (LLVM Optimized)", "Plans": [{"Node Type": "Seq Scan", "Parent Relationship": "Outer", "Relation Name": "lineitem", "Alias": "lineitem", "Startup Cost": 10000000025.02, "Total Cost": 1000231505049.5, "Plan Rows": 2266921, "Plan Width": 24, "Filter": "((l_shipdate >= '1997-07-01 00:00:00'::timestamp(0) without time zone) AND (l_shipdate < '1997-10-01 00:00:00'::timestamp without time zone)), (LLVM Optimized)"}]}]}]}]}, "Unique SQL Id": 3712096918, "Planner Runtime": 1}, "explain_analyze_plan": null}, "(64, '44')": {"explain_plan": {"Plan": {"Node Type": "Sort", "Startup Cost": 4727127.98, "Total Cost": 4727276.43, "Plan Rows": 59380, "Plan Width": 83, "Sort Key": ["supplier.s_suppkey"], "Plans": [{"Node Type": "Aggregate", "Strategy": "Plain", "Parent Relationship": "exec_init_plan", "Subplan Name": "InitPlan 1 (returns $0)", "Startup Cost": 2339055.76, "Total Cost": 2339055.77, "Plan Rows": 1, "Plan Width": 16, "Plans": [{"Node Type": "Aggregate", "Strategy": "Hashed", "Parent Relationship": "Outer", "Startup Cost": 2337719.71, "Total Cost": 2338313.51, "Plan Rows": 59380, "Plan Width": 32, "Group By Key": ["public.lineitem.l_suppkey"], "Plans": [{"Node Type": "Seq Scan", "Parent Relationship": "Outer", "Relation Name": "lineitem", "Alias": "lineitem", "Startup Cost": 25.32, "Total Cost": 2315050.5, "Plan Rows": 2266921, "Plan Width": 24, "Filter": "((l_shipdate >= '1997-07-01 00:00:00'::timestamp(0) without time zone) AND (l_shipdate < '1997-10-01 00:00:00'::timestamp without time zone)), (LLVM Optimized)"}]}]}, {"Node Type": "Nested Loop", "Parent Relationship": "Outer", "Join Type": "Inner", "Startup Cost": 2354721.61, "Total Cost": 2383364.06, "Plan Rows": 59380, "Plan Width": 83, "Inner Unique": true, "Plans": [{"Node Type": "Aggregate", "Strategy": "Hashed", "Parent Relationship": "Outer", "Startup Cost": 2354721.61, "Total Cost": 2355463.86, "Plan Rows": 59380, "Plan Width": 40, "Group By Key": ["public.lineitem.l_suppkey"], "Filter": "(sum((public.lineitem.l_extendedprice * (1::double precision - public.lineitem.l_discount))) = $0), (LLVM Optimized)", "Plans": [{"Node Type": "Seq Scan", "Parent Relationship": "Outer", "Relation Name": "lineitem", "Alias": "lineitem", "Startup Cost": 25.32, "Total Cost": 2315050.5, "Plan Rows": 2266921, "Plan Width": 24, "Filter": "((l_shipdate >= '1997-07-01 00:00:00'::timestamp(0) without time zone) AND (l_shipdate < '1997-10-01 00:00:00'::timestamp without time zone)), (LLVM Optimized)"}]}, {"Node Type": "Index Scan", "Parent Relationship": "Inner", "Scan Direction": "Forward", "Index Name": "supplier_pkey", "Relation Name": "supplier", "Alias": "supplier", "Startup Cost": 0.0, "Total Cost": 0.45, "Plan Rows": 1, "Plan Width": 75, "Index Cond": "(s_suppkey = public.lineitem.l_suppkey)"}]}]}, "Unique SQL Id": 3712096918, "Planner Runtime": 1}, "explain_analyze_plan": null}, "(64, '45')": {"explain_plan": {"Plan": {"Node Type": "Sort", "Startup Cost": 10368528.3, "Total Cost": 10368676.75, "Plan Rows": 59380, "Plan Width": 83, "Sort Key": ["supplier.s_suppkey"], "Plans": [{"Node Type": "Aggregate", "Strategy": "Plain", "Parent Relationship": "exec_init_plan", "Subplan Name": "InitPlan 1 (returns $0)", "Startup Cost": 5159755.92, "Total Cost": 5159755.93, "Plan Rows": 1, "Plan Width": 16, "Plans": [{"Node Type": "Aggregate", "Strategy": "Hashed", "Parent Relationship": "Outer", "Startup Cost": 5158419.87, "Total Cost": 5159013.67, "Plan Rows": 59380, "Plan Width": 32, "Group By Key": ["public.lineitem.l_suppkey"], "Plans": [{"Node Type": "Index Scan", "Parent Relationship": "Outer", "Scan Direction": "Forward", "Index Name": "idx_lineitem_shipdate", "Relation Name": "lineitem", "Alias": "lineitem", "Startup Cost": 0.0, "Total Cost": 5135750.66, "Plan Rows": 2266921, "Plan Width": 24, "Index Cond": "((l_shipdate >= '1997-07-01 00:00:00'::timestamp(0) without time zone) AND (l_shipdate < '1997-10-01 00:00:00'::timestamp without time zone)), (LLVM Optimized)"}]}]}, {"Node Type": "Nested Loop", "Parent Relationship": "Outer", "Join Type": "Inner", "Startup Cost": 5175421.77, "Total Cost": 5204064.22, "Plan Rows": 59380, "Plan Width": 83, "Inner Unique": true, "Plans": [{"Node Type": "Aggregate", "Strategy": "Hashed", "Parent Relationship": "Outer", "Startup Cost": 5175421.77, "Total Cost": 5176164.02, "Plan Rows": 59380, "Plan Width": 40, "Group By Key": ["public.lineitem.l_suppkey"], "Filter": "(sum((public.lineitem.l_extendedprice * (1::double precision - public.lineitem.l_discount))) = $0), (LLVM Optimized)", "Plans": [{"Node Type": "Index Scan", "Parent Relationship": "Outer", "Scan Direction": "Forward", "Index Name": "idx_lineitem_shipdate", "Relation Name": "lineitem", "Alias": "lineitem", "Startup Cost": 0.0, "Total Cost": 5135750.66, "Plan Rows": 2266921, "Plan Width": 24, "Index Cond": "((l_shipdate >= '1997-07-01 00:00:00'::timestamp(0) without time zone) AND (l_shipdate < '1997-10-01 00:00:00'::timestamp without time zone)), (LLVM Optimized)"}]}, {"Node Type": "Index Scan", "Parent Relationship": "Inner", "Scan Direction": "Forward", "Index Name": "supplier_pkey", "Relation Name": "supplier", "Alias": "supplier", "Startup Cost": 0.0, "Total Cost": 0.45, "Plan Rows": 1, "Plan Width": 75, "Index Cond": "(s_suppkey = public.lineitem.l_suppkey)"}]}]}, "Unique SQL Id": 3712096918, "Planner Runtime": 0}, "explain_analyze_plan": {"Plan": {"Node Type": "Sort", "Startup Cost": 10368528.3, "Total Cost": 10368676.75, "Plan Rows": 59380, "Plan Width": 83, "Actual Startup Time": 15872.593, "Actual Total Time": 15872.595, "Actual Rows": 1, "Actual Loops": 1, "Sort Key": ["supplier.s_suppkey"], "Sort Method": "quicksort", "Sort Space Used": 25, "Sort Space Type": "Memory", "Plans": [{"Node Type": "Aggregate", "Strategy": "Plain", "Parent Relationship": "exec_init_plan", "Subplan Name": "InitPlan 1 (returns $0)", "Startup Cost": 5159755.92, "Total Cost": 5159755.93, "Plan Rows": 1, "Plan Width": 16, "Actual Startup Time": 7911.817, "Actual Total Time": 7911.817, "Actual Rows": 1, "Actual Loops": 1, "Plans": [{"Node Type": "Aggregate", "Strategy": "Hashed", "Parent Relationship": "Outer", "Startup Cost": 5158419.87, "Total Cost": 5159013.67, "Plan Rows": 59380, "Plan Width": 32, "Actual Startup Time": 7867.048, "Actual Total Time": 7896.699, "Actual Rows": 100000, "Actual Loops": 1, "Group By Key": ["public.lineitem.l_suppkey"], "Plans": [{"Node Type": "Index Scan", "Parent Relationship": "Outer", "Scan Direction": "Forward", "Index Name": "idx_lineitem_shipdate", "Relation Name": "lineitem", "Alias": "lineitem", "Startup Cost": 0.0, "Total Cost": 5135750.66, "Plan Rows": 2266921, "Plan Width": 24, "Actual Startup Time": 0.062, "Actual Total Time": 5871.631, "Actual Rows": 2293944, "Actual Loops": 1, "Index Cond": "((l_shipdate >= '1997-07-01 00:00:00'::timestamp(0) without time zone) AND (l_shipdate < '1997-10-01 00:00:00'::timestamp without time zone)), (LLVM Optimized, Jit Execute)", "Rows Removed by Index Recheck": 0}]}]}, {"Node Type": "Nested Loop", "Parent Relationship": "Outer", "Join Type": "Inner", "Startup Cost": 5175421.77, "Total Cost": 5204064.22, "Plan Rows": 59380, "Plan Width": 83, "Actual Startup Time": 15853.79, "Actual Total Time": 15872.562, "Actual Rows": 1, "Actual Loops": 1, "Inner Unique": true, "Plans": [{"Node Type": "Aggregate", "Strategy": "Hashed", "Parent Relationship": "Outer", "Startup Cost": 5175421.77, "Total Cost": 5176164.02, "Plan Rows": 59380, "Plan Width": 40, "Actual Startup Time": 15853.725, "Actual Total Time": 15872.285, "Actual Rows": 1, "Actual Loops": 1, "Group By Key": ["public.lineitem.l_suppkey"], "Filter": "(sum((public.lineitem.l_extendedprice * (1::double precision - public.lineitem.l_discount))) = $0), (LLVM Optimized, Jit Execute)", "Rows Removed by Filter": 99999, "Plans": [{"Node Type": "Index Scan", "Parent Relationship": "Outer", "Scan Direction": "Forward", "Index Name": "idx_lineitem_shipdate", "Relation Name": "lineitem", "Alias": "lineitem", "Startup Cost": 0.0, "Total Cost": 5135750.66, "Plan Rows": 2266921, "Plan Width": 24, "Actual Startup Time": 0.067, "Actual Total Time": 5918.777, "Actual Rows": 2293944, "Actual Loops": 1, "Index Cond": "((l_shipdate >= '1997-07-01 00:00:00'::timestamp(0) without time zone) AND (l_shipdate < '1997-10-01 00:00:00'::timestamp without time zone)), (LLVM Optimized, Jit Execute)", "Rows Removed by Index Recheck": 0}]}, {"Node Type": "Index Scan", "Parent Relationship": "Inner", "Scan Direction": "Forward", "Index Name": "supplier_pkey", "Relation Name": "supplier", "Alias": "supplier", "Startup Cost": 0.0, "Total Cost": 0.45, "Plan Rows": 1, "Plan Width": 75, "Actual Startup Time": 0.043, "Actual Total Time": 0.043, "Actual Rows": 1, "Actual Loops": 1, "Index Cond": "(s_suppkey = public.lineitem.l_suppkey)", "Rows Removed by Index Recheck": 0}]}]}, "Triggers": [], "Planner Runtime": 0.856, "Total Runtime": 15883.863, "Unique SQL Id": 3712096918}}, "(64, '46')": {"explain_plan": {"Plan": {"Node Type": "Sort", "Startup Cost": 4705171.05, "Total Cost": 4705319.5, "Plan Rows": 59380, "Plan Width": 83, "Sort Key": ["supplier.s_suppkey"], "Plans": [{"Node Type": "Aggregate", "Strategy": "Plain", "Parent Relationship": "exec_init_plan", "Subplan Name": "InitPlan 1 (returns $0)", "Startup Cost": 2339055.76, "Total Cost": 2339055.77, "Plan Rows": 1, "Plan Width": 16, "Plans": [{"Node Type": "Aggregate", "Strategy": "Hashed", "Parent Relationship": "Outer", "Startup Cost": 2337719.71, "Total Cost": 2338313.51, "Plan Rows": 59380, "Plan Width": 32, "Group By Key": ["public.lineitem.l_suppkey"], "Plans": [{"Node Type": "Seq Scan", "Parent Relationship": "Outer", "Relation Name": "lineitem", "Alias": "lineitem", "Startup Cost": 25.32, "Total Cost": 2315050.5, "Plan Rows": 2266921, "Plan Width": 24, "Filter": "((l_shipdate >= '1997-07-01 00:00:00'::timestamp(0) without time zone) AND (l_shipdate < '1997-10-01 00:00:00'::timestamp without time zone)), (LLVM Optimized)"}]}]}, {"Node Type": "Hash Join", "Parent Relationship": "Outer", "Join Type": "Inner", "Startup Cost": 2359254.61, "Total Cost": 2361407.14, "Plan Rows": 59380, "Plan Width": 83, "Inner Unique": true, "Hash Cond": "(public.lineitem.l_suppkey = supplier.s_suppkey)", "Plans": [{"Node Type": "Aggregate", "Strategy": "Hashed", "Parent Relationship": "Outer", "Startup Cost": 2354721.61, "Total Cost": 2355463.86, "Plan Rows": 59380, "Plan Width": 40, "Group By Key": ["public.lineitem.l_suppkey"], "Filter": "(sum((public.lineitem.l_extendedprice * (1::double precision - public.lineitem.l_discount))) = $0), (LLVM Optimized)", "Plans": [{"Node Type": "Seq Scan", "Parent Relationship": "Outer", "Relation Name": "lineitem", "Alias": "lineitem", "Startup Cost": 25.32, "Total Cost": 2315050.5, "Plan Rows": 2266921, "Plan Width": 24, "Filter": "((l_shipdate >= '1997-07-01 00:00:00'::timestamp(0) without time zone) AND (l_shipdate < '1997-10-01 00:00:00'::timestamp without time zone)), (LLVM Optimized)"}]}, {"Node Type": "Hash", "Parent Relationship": "Inner", "Startup Cost": 3283.0, "Total Cost": 3283.0, "Plan Rows": 100000, "Plan Width": 75, "Plans": [{"Node Type": "Seq Scan", "Parent Relationship": "Outer", "Relation Name": "supplier", "Alias": "supplier", "Startup Cost": 0.0, "Total Cost": 3283.0, "Plan Rows": 100000, "Plan Width": 75}]}]}]}, "Unique SQL Id": 3712096918, "Planner Runtime": 0}, "explain_analyze_plan": null}, "(64, '47')": {"explain_plan": {"Plan": {"Node Type": "Nested Loop", "Join Type": "Inner", "Startup Cost": 2010463073775.39, "Total Cost": 3000552678714.27, "Plan Rows": 59380, "Plan Width": 83, "Inner Unique": true, "Join Filter": "(supplier.s_suppkey = revenue0.supplier_no)", "Plans": [{"Node Type": "Aggregate", "Strategy": "Plain", "Parent Relationship": "exec_init_plan", "Subplan Name": "InitPlan 1 (returns $0)", "Startup Cost": 1000231529054.76, "Total Cost": 1000231529054.77, "Plan Rows": 1, "Plan Width": 16, "Plans": [{"Node Type": "Aggregate", "Strategy": "Hashed", "Parent Relationship": "Outer", "Startup Cost": 1000231527718.71, "Total Cost": 1000231528312.51, "Plan Rows": 59380, "Plan Width": 32, "Group By Key": ["public.lineitem.l_suppkey"], "Plans": [{"Node Type": "Seq Scan", "Parent Relationship": "Outer", "Relation Name": "lineitem", "Alias": "lineitem", "Startup Cost": 10000000025.02, "Total Cost": 1000231505049.5, "Plan Rows": 2266921, "Plan Width": 24, "Filter": "((l_shipdate >= '1997-07-01 00:00:00'::timestamp(0) without time zone) AND (l_shipdate < '1997-10-01 00:00:00'::timestamp without time zone)), (LLVM Optimized)"}]}]}, {"Node Type": "Index Scan", "Parent Relationship": "Outer", "Scan Direction": "Forward", "Index Name": "supplier_pkey", "Relation Name": "supplier", "Alias": "supplier", "Startup Cost": 10000000000.0, "Total Cost": 1000000533454.38, "Plan Rows": 100000, "Plan Width": 75}, {"Node Type": "Materialize", "Parent Relationship": "Inner", "Startup Cost": 1000231544720.62, "Total Cost": 1000231546353.57, "Plan Rows": 59380, "Plan Width": 16, "Plans": [{"Node Type": "Subquery Scan", "Parent Relationship": "Outer", "Alias": "revenue0", "Startup Cost": 1000231544720.62, "Total Cost": 1000231546056.67, "Plan Rows": 59380, "Plan Width": 16, "Plans": [{"Node Type": "Aggregate", "Strategy": "Hashed", "Parent Relationship": "Subquery", "Startup Cost": 1000231544720.62, "Total Cost": 1000231545462.87, "Plan Rows": 59380, "Plan Width": 40, "Group By Key": ["public.lineitem.l_suppkey"], "Filter": "(sum((public.lineitem.l_extendedprice * (1::double precision - public.lineitem.l_discount))) = $0), (LLVM Optimized)", "Plans": [{"Node Type": "Seq Scan", "Parent Relationship": "Outer", "Relation Name": "lineitem", "Alias": "lineitem", "Startup Cost": 10000000025.02, "Total Cost": 1000231505049.5, "Plan Rows": 2266921, "Plan Width": 24, "Filter": "((l_shipdate >= '1997-07-01 00:00:00'::timestamp(0) without time zone) AND (l_shipdate < '1997-10-01 00:00:00'::timestamp without time zone)), (LLVM Optimized)"}]}]}]}]}, "Unique SQL Id": 3712096918, "Planner Runtime": 0}, "explain_analyze_plan": null}, "(64, '48')": {"explain_plan": {"Plan": {"Node Type": "Sort", "Startup Cost": 3269410.17, "Total Cost": 3269558.62, "Plan Rows": 59380, "Plan Width": 83, "Sort Key": ["supplier.s_suppkey"], "Plans": [{"Node Type": "Aggregate", "Strategy": "Plain", "Parent Relationship": "exec_init_plan", "Subplan Name": "InitPlan 1 (returns $0)", "Startup Cost": 1610196.85, "Total Cost": 1610196.86, "Plan Rows": 1, "Plan Width": 16, "Plans": [{"Node Type": "Aggregate", "Strategy": "Hashed", "Parent Relationship": "Outer", "Startup Cost": 1608860.8, "Total Cost": 1609454.6, "Plan Rows": 59380, "Plan Width": 32, "Group By Key": ["public.lineitem.l_suppkey"], "Plans": [{"Node Type": "Bitmap Heap Scan", "Parent Relationship": "Outer", "Relation Name": "lineitem", "Alias": "lineitem", "Startup Cost": 78544.19, "Total Cost": 1586191.59, "Plan Rows": 2266921, "Plan Width": 24, "Recheck Cond": "((l_shipdate >= '1997-07-01 00:00:00'::timestamp(0) without time zone) AND (l_shipdate < '1997-10-01 00:00:00'::timestamp without time zone)), (LLVM Optimized)", "Plans": [{"Node Type": "Bitmap Index Scan", "Parent Relationship": "Outer", "Index Name": "idx_lineitem_shipdate", "Startup Cost": 0.0, "Total Cost": 77977.46, "Plan Rows": 2266921, "Plan Width": 0, "Index Cond": "((l_shipdate >= '1997-07-01 00:00:00'::timestamp(0) without time zone) AND (l_shipdate < '1997-10-01 00:00:00'::timestamp without time zone))"}]}]}]}, {"Node Type": "Nested Loop", "Parent Relationship": "Outer", "Join Type": "Inner", "Startup Cost": 1625862.71, "Total Cost": 1654505.16, "Plan Rows": 59380, "Plan Width": 83, "Inner Unique": true, "Plans": [{"Node Type": "Aggregate", "Strategy": "Hashed", "Parent Relationship": "Outer", "Startup Cost": 1625862.71, "Total Cost": 1626604.96, "Plan Rows": 59380, "Plan Width": 40, "Group By Key": ["public.lineitem.l_suppkey"], "Filter": "(sum((public.lineitem.l_extendedprice * (1::double precision - public.lineitem.l_discount))) = $0), (LLVM Optimized)", "Plans": [{"Node Type": "Bitmap Heap Scan", "Parent Relationship": "Outer", "Relation Name": "lineitem", "Alias": "lineitem", "Startup Cost": 78544.19, "Total Cost": 1586191.59, "Plan Rows": 2266921, "Plan Width": 24, "Recheck Cond": "((l_shipdate >= '1997-07-01 00:00:00'::timestamp(0) without time zone) AND (l_shipdate < '1997-10-01 00:00:00'::timestamp without time zone)), (LLVM Optimized)", "Plans": [{"Node Type": "Bitmap Index Scan", "Parent Relationship": "Outer", "Index Name": "idx_lineitem_shipdate", "Startup Cost": 0.0, "Total Cost": 77977.46, "Plan Rows": 2266921, "Plan Width": 0, "Index Cond": "((l_shipdate >= '1997-07-01 00:00:00'::timestamp(0) without time zone) AND (l_shipdate < '1997-10-01 00:00:00'::timestamp without time zone))"}]}]}, {"Node Type": "Index Scan", "Parent Relationship": "Inner", "Scan Direction": "Forward", "Index Name": "supplier_pkey", "Relation Name": "supplier", "Alias": "supplier", "Startup Cost": 0.0, "Total Cost": 0.45, "Plan Rows": 1, "Plan Width": 75, "Index Cond": "(s_suppkey = public.lineitem.l_suppkey)"}]}]}, "Unique SQL Id": 3712096918, "Planner Runtime": 0}, "explain_analyze_plan": {"Plan": {"Node Type": "Sort", "Startup Cost": 3269410.17, "Total Cost": 3269558.62, "Plan Rows": 59380, "Plan Width": 83, "Actual Startup Time": 11620.533, "Actual Total Time": 11620.534, "Actual Rows": 1, "Actual Loops": 1, "Sort Key": ["supplier.s_suppkey"], "Sort Method": "quicksort", "Sort Space Used": 25, "Sort Space Type": "Memory", "Plans": [{"Node Type": "Aggregate", "Strategy": "Plain", "Parent Relationship": "exec_init_plan", "Subplan Name": "InitPlan 1 (returns $0)", "Startup Cost": 1610196.85, "Total Cost": 1610196.86, "Plan Rows": 1, "Plan Width": 16, "Actual Startup Time": 5828.121, "Actual Total Time": 5828.121, "Actual Rows": 1, "Actual Loops": 1, "Plans": [{"Node Type": "Aggregate", "Strategy": "Hashed", "Parent Relationship": "Outer", "Startup Cost": 1608860.8, "Total Cost": 1609454.6, "Plan Rows": 59380, "Plan Width": 32, "Actual Startup Time": 5777.284, "Actual Total Time": 5813.225, "Actual Rows": 100000, "Actual Loops": 1, "Group By Key": ["public.lineitem.l_suppkey"], "Plans": [{"Node Type": "Bitmap Heap Scan", "Parent Relationship": "Outer", "Relation Name": "lineitem", "Alias": "lineitem", "Startup Cost": 78544.19, "Total Cost": 1586191.59, "Plan Rows": 2266921, "Plan Width": 24, "Actual Startup Time": 1238.034, "Actual Total Time": 4082.923, "Actual Rows": 2293944, "Actual Loops": 1, "Recheck Cond": "((l_shipdate >= '1997-07-01 00:00:00'::timestamp(0) without time zone) AND (l_shipdate < '1997-10-01 00:00:00'::timestamp without time zone)), (LLVM Optimized, Jit Execute)", "Rows Removed by Index Recheck": 0, "Exact Heap Blocks": 732487, "Lossy Heap Blocks": 732487, "Plans": [{"Node Type": "Bitmap Index Scan", "Parent Relationship": "Outer", "Index Name": "idx_lineitem_shipdate", "Startup Cost": 0.0, "Total Cost": 77977.46, "Plan Rows": 2266921, "Plan Width": 0, "Actual Startup Time": 954.492, "Actual Total Time": 954.492, "Actual Rows": 2293944, "Actual Loops": 1, "Index Cond": "((l_shipdate >= '1997-07-01 00:00:00'::timestamp(0) without time zone) AND (l_shipdate < '1997-10-01 00:00:00'::timestamp without time zone))"}]}]}]}, {"Node Type": "Nested Loop", "Parent Relationship": "Outer", "Join Type": "Inner", "Startup Cost": 1625862.71, "Total Cost": 1654505.16, "Plan Rows": 59380, "Plan Width": 83, "Actual Startup Time": 11601.572, "Actual Total Time": 11620.502, "Actual Rows": 1, "Actual Loops": 1, "Inner Unique": true, "Plans": [{"Node Type": "Aggregate", "Strategy": "Hashed", "Parent Relationship": "Outer", "Startup Cost": 1625862.71, "Total Cost": 1626604.96, "Plan Rows": 59380, "Plan Width": 40, "Actual Startup Time": 11601.51, "Actual Total Time": 11620.218, "Actual Rows": 1, "Actual Loops": 1, "Group By Key": ["public.lineitem.l_suppkey"], "Filter": "(sum((public.lineitem.l_extendedprice * (1::double precision - public.lineitem.l_discount))) = $0), (LLVM Optimized, Jit Execute)", "Rows Removed by Filter": 99999, "Plans": [{"Node Type": "Bitmap Heap Scan", "Parent Relationship": "Outer", "Relation Name": "lineitem", "Alias": "lineitem", "Startup Cost": 78544.19, "Total Cost": 1586191.59, "Plan Rows": 2266921, "Plan Width": 24, "Actual Startup Time": 1223.615, "Actual Total Time": 4093.263, "Actual Rows": 2293944, "Actual Loops": 1, "Recheck Cond": "((l_shipdate >= '1997-07-01 00:00:00'::timestamp(0) without time zone) AND (l_shipdate < '1997-10-01 00:00:00'::timestamp without time zone)), (LLVM Optimized, Jit Execute)", "Rows Removed by Index Recheck": 0, "Exact Heap Blocks": 732487, "Lossy Heap Blocks": 732487, "Plans": [{"Node Type": "Bitmap Index Scan", "Parent Relationship": "Outer", "Index Name": "idx_lineitem_shipdate", "Startup Cost": 0.0, "Total Cost": 77977.46, "Plan Rows": 2266921, "Plan Width": 0, "Actual Startup Time": 936.838, "Actual Total Time": 936.838, "Actual Rows": 2293944, "Actual Loops": 1, "Index Cond": "((l_shipdate >= '1997-07-01 00:00:00'::timestamp(0) without time zone) AND (l_shipdate < '1997-10-01 00:00:00'::timestamp without time zone))"}]}]}, {"Node Type": "Index Scan", "Parent Relationship": "Inner", "Scan Direction": "Forward", "Index Name": "supplier_pkey", "Relation Name": "supplier", "Alias": "supplier", "Startup Cost": 0.0, "Total Cost": 0.45, "Plan Rows": 1, "Plan Width": 75, "Actual Startup Time": 0.043, "Actual Total Time": 0.043, "Actual Rows": 1, "Actual Loops": 1, "Index Cond": "(s_suppkey = public.lineitem.l_suppkey)", "Rows Removed by Index Recheck": 0}]}]}, "Triggers": [], "Planner Runtime": 0.886, "Total Runtime": 11633.508, "Unique SQL Id": 3712096918}}, "(64, '49')": {"explain_plan": {"Plan": {"Node Type": "Sort", "Startup Cost": 3269410.17, "Total Cost": 3269558.62, "Plan Rows": 59380, "Plan Width": 83, "Sort Key": ["supplier.s_suppkey"], "Plans": [{"Node Type": "Aggregate", "Strategy": "Plain", "Parent Relationship": "exec_init_plan", "Subplan Name": "InitPlan 1 (returns $0)", "Startup Cost": 1610196.85, "Total Cost": 1610196.86, "Plan Rows": 1, "Plan Width": 16, "Plans": [{"Node Type": "Aggregate", "Strategy": "Hashed", "Parent Relationship": "Outer", "Startup Cost": 1608860.8, "Total Cost": 1609454.6, "Plan Rows": 59380, "Plan Width": 32, "Group By Key": ["public.lineitem.l_suppkey"], "Plans": [{"Node Type": "Bitmap Heap Scan", "Parent Relationship": "Outer", "Relation Name": "lineitem", "Alias": "lineitem", "Startup Cost": 78544.19, "Total Cost": 1586191.59, "Plan Rows": 2266921, "Plan Width": 24, "Recheck Cond": "((l_shipdate >= '1997-07-01 00:00:00'::timestamp(0) without time zone) AND (l_shipdate < '1997-10-01 00:00:00'::timestamp without time zone)), (LLVM Optimized)", "Plans": [{"Node Type": "Bitmap Index Scan", "Parent Relationship": "Outer", "Index Name": "idx_lineitem_shipdate", "Startup Cost": 0.0, "Total Cost": 77977.46, "Plan Rows": 2266921, "Plan Width": 0, "Index Cond": "((l_shipdate >= '1997-07-01 00:00:00'::timestamp(0) without time zone) AND (l_shipdate < '1997-10-01 00:00:00'::timestamp without time zone))"}]}]}]}, {"Node Type": "Nested Loop", "Parent Relationship": "Outer", "Join Type": "Inner", "Startup Cost": 1625862.71, "Total Cost": 1654505.16, "Plan Rows": 59380, "Plan Width": 83, "Inner Unique": true, "Plans": [{"Node Type": "Aggregate", "Strategy": "Hashed", "Parent Relationship": "Outer", "Startup Cost": 1625862.71, "Total Cost": 1626604.96, "Plan Rows": 59380, "Plan Width": 40, "Group By Key": ["public.lineitem.l_suppkey"], "Filter": "(sum((public.lineitem.l_extendedprice * (1::double precision - public.lineitem.l_discount))) = $0), (LLVM Optimized)", "Plans": [{"Node Type": "Bitmap Heap Scan", "Parent Relationship": "Outer", "Relation Name": "lineitem", "Alias": "lineitem", "Startup Cost": 78544.19, "Total Cost": 1586191.59, "Plan Rows": 2266921, "Plan Width": 24, "Recheck Cond": "((l_shipdate >= '1997-07-01 00:00:00'::timestamp(0) without time zone) AND (l_shipdate < '1997-10-01 00:00:00'::timestamp without time zone)), (LLVM Optimized)", "Plans": [{"Node Type": "Bitmap Index Scan", "Parent Relationship": "Outer", "Index Name": "idx_lineitem_shipdate", "Startup Cost": 0.0, "Total Cost": 77977.46, "Plan Rows": 2266921, "Plan Width": 0, "Index Cond": "((l_shipdate >= '1997-07-01 00:00:00'::timestamp(0) without time zone) AND (l_shipdate < '1997-10-01 00:00:00'::timestamp without time zone))"}]}]}, {"Node Type": "Index Scan", "Parent Relationship": "Inner", "Scan Direction": "Forward", "Index Name": "supplier_pkey", "Relation Name": "supplier", "Alias": "supplier", "Startup Cost": 0.0, "Total Cost": 0.45, "Plan Rows": 1, "Plan Width": 75, "Index Cond": "(s_suppkey = public.lineitem.l_suppkey)"}]}]}, "Unique SQL Id": 3712096918, "Planner Runtime": 1}, "explain_analyze_plan": {"Plan": {"Node Type": "Sort", "Startup Cost": 3269410.17, "Total Cost": 3269558.62, "Plan Rows": 59380, "Plan Width": 83, "Actual Startup Time": 11620.533, "Actual Total Time": 11620.534, "Actual Rows": 1, "Actual Loops": 1, "Sort Key": ["supplier.s_suppkey"], "Sort Method": "quicksort", "Sort Space Used": 25, "Sort Space Type": "Memory", "Plans": [{"Node Type": "Aggregate", "Strategy": "Plain", "Parent Relationship": "exec_init_plan", "Subplan Name": "InitPlan 1 (returns $0)", "Startup Cost": 1610196.85, "Total Cost": 1610196.86, "Plan Rows": 1, "Plan Width": 16, "Actual Startup Time": 5828.121, "Actual Total Time": 5828.121, "Actual Rows": 1, "Actual Loops": 1, "Plans": [{"Node Type": "Aggregate", "Strategy": "Hashed", "Parent Relationship": "Outer", "Startup Cost": 1608860.8, "Total Cost": 1609454.6, "Plan Rows": 59380, "Plan Width": 32, "Actual Startup Time": 5777.284, "Actual Total Time": 5813.225, "Actual Rows": 100000, "Actual Loops": 1, "Group By Key": ["public.lineitem.l_suppkey"], "Plans": [{"Node Type": "Bitmap Heap Scan", "Parent Relationship": "Outer", "Relation Name": "lineitem", "Alias": "lineitem", "Startup Cost": 78544.19, "Total Cost": 1586191.59, "Plan Rows": 2266921, "Plan Width": 24, "Actual Startup Time": 1238.034, "Actual Total Time": 4082.923, "Actual Rows": 2293944, "Actual Loops": 1, "Recheck Cond": "((l_shipdate >= '1997-07-01 00:00:00'::timestamp(0) without time zone) AND (l_shipdate < '1997-10-01 00:00:00'::timestamp without time zone)), (LLVM Optimized, Jit Execute)", "Rows Removed by Index Recheck": 0, "Exact Heap Blocks": 732487, "Lossy Heap Blocks": 732487, "Plans": [{"Node Type": "Bitmap Index Scan", "Parent Relationship": "Outer", "Index Name": "idx_lineitem_shipdate", "Startup Cost": 0.0, "Total Cost": 77977.46, "Plan Rows": 2266921, "Plan Width": 0, "Actual Startup Time": 954.492, "Actual Total Time": 954.492, "Actual Rows": 2293944, "Actual Loops": 1, "Index Cond": "((l_shipdate >= '1997-07-01 00:00:00'::timestamp(0) without time zone) AND (l_shipdate < '1997-10-01 00:00:00'::timestamp without time zone))"}]}]}]}, {"Node Type": "Nested Loop", "Parent Relationship": "Outer", "Join Type": "Inner", "Startup Cost": 1625862.71, "Total Cost": 1654505.16, "Plan Rows": 59380, "Plan Width": 83, "Actual Startup Time": 11601.572, "Actual Total Time": 11620.502, "Actual Rows": 1, "Actual Loops": 1, "Inner Unique": true, "Plans": [{"Node Type": "Aggregate", "Strategy": "Hashed", "Parent Relationship": "Outer", "Startup Cost": 1625862.71, "Total Cost": 1626604.96, "Plan Rows": 59380, "Plan Width": 40, "Actual Startup Time": 11601.51, "Actual Total Time": 11620.218, "Actual Rows": 1, "Actual Loops": 1, "Group By Key": ["public.lineitem.l_suppkey"], "Filter": "(sum((public.lineitem.l_extendedprice * (1::double precision - public.lineitem.l_discount))) = $0), (LLVM Optimized, Jit Execute)", "Rows Removed by Filter": 99999, "Plans": [{"Node Type": "Bitmap Heap Scan", "Parent Relationship": "Outer", "Relation Name": "lineitem", "Alias": "lineitem", "Startup Cost": 78544.19, "Total Cost": 1586191.59, "Plan Rows": 2266921, "Plan Width": 24, "Actual Startup Time": 1223.615, "Actual Total Time": 4093.263, "Actual Rows": 2293944, "Actual Loops": 1, "Recheck Cond": "((l_shipdate >= '1997-07-01 00:00:00'::timestamp(0) without time zone) AND (l_shipdate < '1997-10-01 00:00:00'::timestamp without time zone)), (LLVM Optimized, Jit Execute)", "Rows Removed by Index Recheck": 0, "Exact Heap Blocks": 732487, "Lossy Heap Blocks": 732487, "Plans": [{"Node Type": "Bitmap Index Scan", "Parent Relationship": "Outer", "Index Name": "idx_lineitem_shipdate", "Startup Cost": 0.0, "Total Cost": 77977.46, "Plan Rows": 2266921, "Plan Width": 0, "Actual Startup Time": 936.838, "Actual Total Time": 936.838, "Actual Rows": 2293944, "Actual Loops": 1, "Index Cond": "((l_shipdate >= '1997-07-01 00:00:00'::timestamp(0) without time zone) AND (l_shipdate < '1997-10-01 00:00:00'::timestamp without time zone))"}]}]}, {"Node Type": "Index Scan", "Parent Relationship": "Inner", "Scan Direction": "Forward", "Index Name": "supplier_pkey", "Relation Name": "supplier", "Alias": "supplier", "Startup Cost": 0.0, "Total Cost": 0.45, "Plan Rows": 1, "Plan Width": 75, "Actual Startup Time": 0.043, "Actual Total Time": 0.043, "Actual Rows": 1, "Actual Loops": 1, "Index Cond": "(s_suppkey = public.lineitem.l_suppkey)", "Rows Removed by Index Recheck": 0}]}]}, "Triggers": [], "Planner Runtime": 0.886, "Total Runtime": 11633.508, "Unique SQL Id": 3712096918}}, "(64, '50')": {"explain_plan": {"Plan": {"Node Type": "Sort", "Startup Cost": 3497813.02, "Total Cost": 3497961.47, "Plan Rows": 59380, "Plan Width": 83, "Sort Key": ["supplier.s_suppkey"], "Plans": [{"Node Type": "Aggregate", "Strategy": "Plain", "Parent Relationship": "exec_init_plan", "Subplan Name": "InitPlan 1 (returns $0)", "Startup Cost": 1610196.85, "Total Cost": 1610196.86, "Plan Rows": 1, "Plan Width": 16, "Plans": [{"Node Type": "Aggregate", "Strategy": "Hashed", "Parent Relationship": "Outer", "Startup Cost": 1608860.8, "Total Cost": 1609454.6, "Plan Rows": 59380, "Plan Width": 32, "Group By Key": ["public.lineitem.l_suppkey"], "Plans": [{"Node Type": "Bitmap Heap Scan", "Parent Relationship": "Outer", "Relation Name": "lineitem", "Alias": "lineitem", "Startup Cost": 78544.19, "Total Cost": 1586191.59, "Plan Rows": 2266921, "Plan Width": 24, "Recheck Cond": "((l_shipdate >= '1997-07-01 00:00:00'::timestamp(0) without time zone) AND (l_shipdate < '1997-10-01 00:00:00'::timestamp without time zone)), (LLVM Optimized)", "Plans": [{"Node Type": "Bitmap Index Scan", "Parent Relationship": "Outer", "Index Name": "idx_lineitem_shipdate", "Startup Cost": 0.0, "Total Cost": 77977.46, "Plan Rows": 2266921, "Plan Width": 0, "Index Cond": "((l_shipdate >= '1997-07-01 00:00:00'::timestamp(0) without time zone) AND (l_shipdate < '1997-10-01 00:00:00'::timestamp without time zone))"}]}]}]}, {"Node Type": "Nested Loop", "Parent Relationship": "Outer", "Join Type": "Inner", "Startup Cost": 1625863.0, "Total Cost": 1882908.01, "Plan Rows": 59380, "Plan Width": 83, "Inner Unique": true, "Plans": [{"Node Type": "Aggregate", "Strategy": "Hashed", "Parent Relationship": "Outer", "Startup Cost": 1625862.71, "Total Cost": 1626604.96, "Plan Rows": 59380, "Plan Width": 40, "Group By Key": ["public.lineitem.l_suppkey"], "Filter": "(sum((public.lineitem.l_extendedprice * (1::double precision - public.lineitem.l_discount))) = $0), (LLVM Optimized)", "Plans": [{"Node Type": "Bitmap Heap Scan", "Parent Relationship": "Outer", "Relation Name": "lineitem", "Alias": "lineitem", "Startup Cost": 78544.19, "Total Cost": 1586191.59, "Plan Rows": 2266921, "Plan Width": 24, "Recheck Cond": "((l_shipdate >= '1997-07-01 00:00:00'::timestamp(0) without time zone) AND (l_shipdate < '1997-10-01 00:00:00'::timestamp without time zone)), (LLVM Optimized)", "Plans": [{"Node Type": "Bitmap Index Scan", "Parent Relationship": "Outer", "Index Name": "idx_lineitem_shipdate", "Startup Cost": 0.0, "Total Cost": 77977.46, "Plan Rows": 2266921, "Plan Width": 0, "Index Cond": "((l_shipdate >= '1997-07-01 00:00:00'::timestamp(0) without time zone) AND (l_shipdate < '1997-10-01 00:00:00'::timestamp without time zone))"}]}]}, {"Node Type": "Bitmap Heap Scan", "Parent Relationship": "Inner", "Relation Name": "supplier", "Alias": "supplier", "Startup Cost": 0.28, "Total Cost": 4.3, "Plan Rows": 1, "Plan Width": 75, "Recheck Cond": "(s_suppkey = public.lineitem.l_suppkey)", "Plans": [{"Node Type": "Bitmap Index Scan", "Parent Relationship": "Outer", "Index Name": "supplier_pkey", "Startup Cost": 0.0, "Total Cost": 0.28, "Plan Rows": 1, "Plan Width": 0, "Index Cond": "(s_suppkey = public.lineitem.l_suppkey)"}]}]}]}, "Unique SQL Id": 3712096918, "Planner Runtime": 0}, "explain_analyze_plan": {"Plan": {"Node Type": "Sort", "Startup Cost": 3497813.02, "Total Cost": 3497961.47, "Plan Rows": 59380, "Plan Width": 83, "Actual Startup Time": 11573.67, "Actual Total Time": 11573.671, "Actual Rows": 1, "Actual Loops": 1, "Sort Key": ["supplier.s_suppkey"], "Sort Method": "quicksort", "Sort Space Used": 25, "Sort Space Type": "Memory", "Plans": [{"Node Type": "Aggregate", "Strategy": "Plain", "Parent Relationship": "exec_init_plan", "Subplan Name": "InitPlan 1 (returns $0)", "Startup Cost": 1610196.85, "Total Cost": 1610196.86, "Plan Rows": 1, "Plan Width": 16, "Actual Startup Time": 5810.994, "Actual Total Time": 5810.994, "Actual Rows": 1, "Actual Loops": 1, "Plans": [{"Node Type": "Aggregate", "Strategy": "Hashed", "Parent Relationship": "Outer", "Startup Cost": 1608860.8, "Total Cost": 1609454.6, "Plan Rows": 59380, "Plan Width": 32, "Actual Startup Time": 5762.308, "Actual Total Time": 5795.992, "Actual Rows": 100000, "Actual Loops": 1, "Group By Key": ["public.lineitem.l_suppkey"], "Plans": [{"Node Type": "Bitmap Heap Scan", "Parent Relationship": "Outer", "Relation Name": "lineitem", "Alias": "lineitem", "Startup Cost": 78544.19, "Total Cost": 1586191.59, "Plan Rows": 2266921, "Plan Width": 24, "Actual Startup Time": 1233.691, "Actual Total Time": 4071.08, "Actual Rows": 2293944, "Actual Loops": 1, "Recheck Cond": "((l_shipdate >= '1997-07-01 00:00:00'::timestamp(0) without time zone) AND (l_shipdate < '1997-10-01 00:00:00'::timestamp without time zone)), (LLVM Optimized, Jit Execute)", "Rows Removed by Index Recheck": 0, "Exact Heap Blocks": 732487, "Lossy Heap Blocks": 732487, "Plans": [{"Node Type": "Bitmap Index Scan", "Parent Relationship": "Outer", "Index Name": "idx_lineitem_shipdate", "Startup Cost": 0.0, "Total Cost": 77977.46, "Plan Rows": 2266921, "Plan Width": 0, "Actual Startup Time": 943.405, "Actual Total Time": 943.405, "Actual Rows": 2293944, "Actual Loops": 1, "Index Cond": "((l_shipdate >= '1997-07-01 00:00:00'::timestamp(0) without time zone) AND (l_shipdate < '1997-10-01 00:00:00'::timestamp without time zone))"}]}]}]}, {"Node Type": "Nested Loop", "Parent Relationship": "Outer", "Join Type": "Inner", "Startup Cost": 1625863.0, "Total Cost": 1882908.01, "Plan Rows": 59380, "Plan Width": 83, "Actual Startup Time": 11554.935, "Actual Total Time": 11573.643, "Actual Rows": 1, "Actual Loops": 1, "Inner Unique": true, "Plans": [{"Node Type": "Aggregate", "Strategy": "Hashed", "Parent Relationship": "Outer", "Startup Cost": 1625862.71, "Total Cost": 1626604.96, "Plan Rows": 59380, "Plan Width": 40, "Actual Startup Time": 11554.824, "Actual Total Time": 11573.326, "Actual Rows": 1, "Actual Loops": 1, "Group By Key": ["public.lineitem.l_suppkey"], "Filter": "(sum((public.lineitem.l_extendedprice * (1::double precision - public.lineitem.l_discount))) = $0), (LLVM Optimized, Jit Execute)", "Rows Removed by Filter": 99999, "Plans": [{"Node Type": "Bitmap Heap Scan", "Parent Relationship": "Outer", "Relation Name": "lineitem", "Alias": "lineitem", "Startup Cost": 78544.19, "Total Cost": 1586191.59, "Plan Rows": 2266921, "Plan Width": 24, "Actual Startup Time": 1251.575, "Actual Total Time": 4123.103, "Actual Rows": 2293944, "Actual Loops": 1, "Recheck Cond": "((l_shipdate >= '1997-07-01 00:00:00'::timestamp(0) without time zone) AND (l_shipdate < '1997-10-01 00:00:00'::timestamp without time zone)), (LLVM Optimized, Jit Execute)", "Rows Removed by Index Recheck": 0, "Exact Heap Blocks": 732487, "Lossy Heap Blocks": 732487, "Plans": [{"Node Type": "Bitmap Index Scan", "Parent Relationship": "Outer", "Index Name": "idx_lineitem_shipdate", "Startup Cost": 0.0, "Total Cost": 77977.46, "Plan Rows": 2266921, "Plan Width": 0, "Actual Startup Time": 951.166, "Actual Total Time": 951.166, "Actual Rows": 2293944, "Actual Loops": 1, "Index Cond": "((l_shipdate >= '1997-07-01 00:00:00'::timestamp(0) without time zone) AND (l_shipdate < '1997-10-01 00:00:00'::timestamp without time zone))"}]}]}, {"Node Type": "Bitmap Heap Scan", "Parent Relationship": "Inner", "Relation Name": "supplier", "Alias": "supplier", "Startup Cost": 0.28, "Total Cost": 4.3, "Plan Rows": 1, "Plan Width": 75, "Actual Startup Time": 0.082, "Actual Total Time": 0.082, "Actual Rows": 1, "Actual Loops": 1, "Recheck Cond": "(s_suppkey = public.lineitem.l_suppkey)", "Rows Removed by Index Recheck": 0, "Exact Heap Blocks": 1, "Lossy Heap Blocks": 1, "Plans": [{"Node Type": "Bitmap Index Scan", "Parent Relationship": "Outer", "Index Name": "supplier_pkey", "Startup Cost": 0.0, "Total Cost": 0.28, "Plan Rows": 1, "Plan Width": 0, "Actual Startup Time": 0.037, "Actual Total Time": 0.037, "Actual Rows": 1, "Actual Loops": 1, "Index Cond": "(s_suppkey = public.lineitem.l_suppkey)"}]}]}]}, "Triggers": [], "Planner Runtime": 0.887, "Total Runtime": 11586.661, "Unique SQL Id": 3712096918}}, "(64, '51')": {"explain_plan": {"Plan": {"Node Type": "Sort", "Startup Cost": 3497813.02, "Total Cost": 3497961.47, "Plan Rows": 59380, "Plan Width": 83, "Sort Key": ["supplier.s_suppkey"], "Plans": [{"Node Type": "Aggregate", "Strategy": "Plain", "Parent Relationship": "exec_init_plan", "Subplan Name": "InitPlan 1 (returns $0)", "Startup Cost": 1610196.85, "Total Cost": 1610196.86, "Plan Rows": 1, "Plan Width": 16, "Plans": [{"Node Type": "Aggregate", "Strategy": "Hashed", "Parent Relationship": "Outer", "Startup Cost": 1608860.8, "Total Cost": 1609454.6, "Plan Rows": 59380, "Plan Width": 32, "Group By Key": ["public.lineitem.l_suppkey"], "Plans": [{"Node Type": "Bitmap Heap Scan", "Parent Relationship": "Outer", "Relation Name": "lineitem", "Alias": "lineitem", "Startup Cost": 78544.19, "Total Cost": 1586191.59, "Plan Rows": 2266921, "Plan Width": 24, "Recheck Cond": "((l_shipdate >= '1997-07-01 00:00:00'::timestamp(0) without time zone) AND (l_shipdate < '1997-10-01 00:00:00'::timestamp without time zone)), (LLVM Optimized)", "Plans": [{"Node Type": "Bitmap Index Scan", "Parent Relationship": "Outer", "Index Name": "idx_lineitem_shipdate", "Startup Cost": 0.0, "Total Cost": 77977.46, "Plan Rows": 2266921, "Plan Width": 0, "Index Cond": "((l_shipdate >= '1997-07-01 00:00:00'::timestamp(0) without time zone) AND (l_shipdate < '1997-10-01 00:00:00'::timestamp without time zone))"}]}]}]}, {"Node Type": "Nested Loop", "Parent Relationship": "Outer", "Join Type": "Inner", "Startup Cost": 1625863.0, "Total Cost": 1882908.01, "Plan Rows": 59380, "Plan Width": 83, "Inner Unique": true, "Plans": [{"Node Type": "Aggregate", "Strategy": "Hashed", "Parent Relationship": "Outer", "Startup Cost": 1625862.71, "Total Cost": 1626604.96, "Plan Rows": 59380, "Plan Width": 40, "Group By Key": ["public.lineitem.l_suppkey"], "Filter": "(sum((public.lineitem.l_extendedprice * (1::double precision - public.lineitem.l_discount))) = $0), (LLVM Optimized)", "Plans": [{"Node Type": "Bitmap Heap Scan", "Parent Relationship": "Outer", "Relation Name": "lineitem", "Alias": "lineitem", "Startup Cost": 78544.19, "Total Cost": 1586191.59, "Plan Rows": 2266921, "Plan Width": 24, "Recheck Cond": "((l_shipdate >= '1997-07-01 00:00:00'::timestamp(0) without time zone) AND (l_shipdate < '1997-10-01 00:00:00'::timestamp without time zone)), (LLVM Optimized)", "Plans": [{"Node Type": "Bitmap Index Scan", "Parent Relationship": "Outer", "Index Name": "idx_lineitem_shipdate", "Startup Cost": 0.0, "Total Cost": 77977.46, "Plan Rows": 2266921, "Plan Width": 0, "Index Cond": "((l_shipdate >= '1997-07-01 00:00:00'::timestamp(0) without time zone) AND (l_shipdate < '1997-10-01 00:00:00'::timestamp without time zone))"}]}]}, {"Node Type": "Bitmap Heap Scan", "Parent Relationship": "Inner", "Relation Name": "supplier", "Alias": "supplier", "Startup Cost": 0.28, "Total Cost": 4.3, "Plan Rows": 1, "Plan Width": 75, "Recheck Cond": "(s_suppkey = public.lineitem.l_suppkey)", "Plans": [{"Node Type": "Bitmap Index Scan", "Parent Relationship": "Outer", "Index Name": "supplier_pkey", "Startup Cost": 0.0, "Total Cost": 0.28, "Plan Rows": 1, "Plan Width": 0, "Index Cond": "(s_suppkey = public.lineitem.l_suppkey)"}]}]}]}, "Unique SQL Id": 3712096918, "Planner Runtime": 0}, "explain_analyze_plan": {"Plan": {"Node Type": "Sort", "Startup Cost": 3497813.02, "Total Cost": 3497961.47, "Plan Rows": 59380, "Plan Width": 83, "Actual Startup Time": 11573.67, "Actual Total Time": 11573.671, "Actual Rows": 1, "Actual Loops": 1, "Sort Key": ["supplier.s_suppkey"], "Sort Method": "quicksort", "Sort Space Used": 25, "Sort Space Type": "Memory", "Plans": [{"Node Type": "Aggregate", "Strategy": "Plain", "Parent Relationship": "exec_init_plan", "Subplan Name": "InitPlan 1 (returns $0)", "Startup Cost": 1610196.85, "Total Cost": 1610196.86, "Plan Rows": 1, "Plan Width": 16, "Actual Startup Time": 5810.994, "Actual Total Time": 5810.994, "Actual Rows": 1, "Actual Loops": 1, "Plans": [{"Node Type": "Aggregate", "Strategy": "Hashed", "Parent Relationship": "Outer", "Startup Cost": 1608860.8, "Total Cost": 1609454.6, "Plan Rows": 59380, "Plan Width": 32, "Actual Startup Time": 5762.308, "Actual Total Time": 5795.992, "Actual Rows": 100000, "Actual Loops": 1, "Group By Key": ["public.lineitem.l_suppkey"], "Plans": [{"Node Type": "Bitmap Heap Scan", "Parent Relationship": "Outer", "Relation Name": "lineitem", "Alias": "lineitem", "Startup Cost": 78544.19, "Total Cost": 1586191.59, "Plan Rows": 2266921, "Plan Width": 24, "Actual Startup Time": 1233.691, "Actual Total Time": 4071.08, "Actual Rows": 2293944, "Actual Loops": 1, "Recheck Cond": "((l_shipdate >= '1997-07-01 00:00:00'::timestamp(0) without time zone) AND (l_shipdate < '1997-10-01 00:00:00'::timestamp without time zone)), (LLVM Optimized, Jit Execute)", "Rows Removed by Index Recheck": 0, "Exact Heap Blocks": 732487, "Lossy Heap Blocks": 732487, "Plans": [{"Node Type": "Bitmap Index Scan", "Parent Relationship": "Outer", "Index Name": "idx_lineitem_shipdate", "Startup Cost": 0.0, "Total Cost": 77977.46, "Plan Rows": 2266921, "Plan Width": 0, "Actual Startup Time": 943.405, "Actual Total Time": 943.405, "Actual Rows": 2293944, "Actual Loops": 1, "Index Cond": "((l_shipdate >= '1997-07-01 00:00:00'::timestamp(0) without time zone) AND (l_shipdate < '1997-10-01 00:00:00'::timestamp without time zone))"}]}]}]}, {"Node Type": "Nested Loop", "Parent Relationship": "Outer", "Join Type": "Inner", "Startup Cost": 1625863.0, "Total Cost": 1882908.01, "Plan Rows": 59380, "Plan Width": 83, "Actual Startup Time": 11554.935, "Actual Total Time": 11573.643, "Actual Rows": 1, "Actual Loops": 1, "Inner Unique": true, "Plans": [{"Node Type": "Aggregate", "Strategy": "Hashed", "Parent Relationship": "Outer", "Startup Cost": 1625862.71, "Total Cost": 1626604.96, "Plan Rows": 59380, "Plan Width": 40, "Actual Startup Time": 11554.824, "Actual Total Time": 11573.326, "Actual Rows": 1, "Actual Loops": 1, "Group By Key": ["public.lineitem.l_suppkey"], "Filter": "(sum((public.lineitem.l_extendedprice * (1::double precision - public.lineitem.l_discount))) = $0), (LLVM Optimized, Jit Execute)", "Rows Removed by Filter": 99999, "Plans": [{"Node Type": "Bitmap Heap Scan", "Parent Relationship": "Outer", "Relation Name": "lineitem", "Alias": "lineitem", "Startup Cost": 78544.19, "Total Cost": 1586191.59, "Plan Rows": 2266921, "Plan Width": 24, "Actual Startup Time": 1251.575, "Actual Total Time": 4123.103, "Actual Rows": 2293944, "Actual Loops": 1, "Recheck Cond": "((l_shipdate >= '1997-07-01 00:00:00'::timestamp(0) without time zone) AND (l_shipdate < '1997-10-01 00:00:00'::timestamp without time zone)), (LLVM Optimized, Jit Execute)", "Rows Removed by Index Recheck": 0, "Exact Heap Blocks": 732487, "Lossy Heap Blocks": 732487, "Plans": [{"Node Type": "Bitmap Index Scan", "Parent Relationship": "Outer", "Index Name": "idx_lineitem_shipdate", "Startup Cost": 0.0, "Total Cost": 77977.46, "Plan Rows": 2266921, "Plan Width": 0, "Actual Startup Time": 951.166, "Actual Total Time": 951.166, "Actual Rows": 2293944, "Actual Loops": 1, "Index Cond": "((l_shipdate >= '1997-07-01 00:00:00'::timestamp(0) without time zone) AND (l_shipdate < '1997-10-01 00:00:00'::timestamp without time zone))"}]}]}, {"Node Type": "Bitmap Heap Scan", "Parent Relationship": "Inner", "Relation Name": "supplier", "Alias": "supplier", "Startup Cost": 0.28, "Total Cost": 4.3, "Plan Rows": 1, "Plan Width": 75, "Actual Startup Time": 0.082, "Actual Total Time": 0.082, "Actual Rows": 1, "Actual Loops": 1, "Recheck Cond": "(s_suppkey = public.lineitem.l_suppkey)", "Rows Removed by Index Recheck": 0, "Exact Heap Blocks": 1, "Lossy Heap Blocks": 1, "Plans": [{"Node Type": "Bitmap Index Scan", "Parent Relationship": "Outer", "Index Name": "supplier_pkey", "Startup Cost": 0.0, "Total Cost": 0.28, "Plan Rows": 1, "Plan Width": 0, "Actual Startup Time": 0.037, "Actual Total Time": 0.037, "Actual Rows": 1, "Actual Loops": 1, "Index Cond": "(s_suppkey = public.lineitem.l_suppkey)"}]}]}]}, "Triggers": [], "Planner Runtime": 0.887, "Total Runtime": 11586.661, "Unique SQL Id": 3712096918}}, "(64, '52')": {"explain_plan": {"Plan": {"Node Type": "Sort", "Startup Cost": 3269410.17, "Total Cost": 3269558.62, "Plan Rows": 59380, "Plan Width": 83, "Sort Key": ["supplier.s_suppkey"], "Plans": [{"Node Type": "Aggregate", "Strategy": "Plain", "Parent Relationship": "exec_init_plan", "Subplan Name": "InitPlan 1 (returns $0)", "Startup Cost": 1610196.85, "Total Cost": 1610196.86, "Plan Rows": 1, "Plan Width": 16, "Plans": [{"Node Type": "Aggregate", "Strategy": "Hashed", "Parent Relationship": "Outer", "Startup Cost": 1608860.8, "Total Cost": 1609454.6, "Plan Rows": 59380, "Plan Width": 32, "Group By Key": ["public.lineitem.l_suppkey"], "Plans": [{"Node Type": "Bitmap Heap Scan", "Parent Relationship": "Outer", "Relation Name": "lineitem", "Alias": "lineitem", "Startup Cost": 78544.19, "Total Cost": 1586191.59, "Plan Rows": 2266921, "Plan Width": 24, "Recheck Cond": "((l_shipdate >= '1997-07-01 00:00:00'::timestamp(0) without time zone) AND (l_shipdate < '1997-10-01 00:00:00'::timestamp without time zone)), (LLVM Optimized)", "Plans": [{"Node Type": "Bitmap Index Scan", "Parent Relationship": "Outer", "Index Name": "idx_lineitem_shipdate", "Startup Cost": 0.0, "Total Cost": 77977.46, "Plan Rows": 2266921, "Plan Width": 0, "Index Cond": "((l_shipdate >= '1997-07-01 00:00:00'::timestamp(0) without time zone) AND (l_shipdate < '1997-10-01 00:00:00'::timestamp without time zone))"}]}]}]}, {"Node Type": "Nested Loop", "Parent Relationship": "Outer", "Join Type": "Inner", "Startup Cost": 1625862.71, "Total Cost": 1654505.16, "Plan Rows": 59380, "Plan Width": 83, "Inner Unique": true, "Plans": [{"Node Type": "Aggregate", "Strategy": "Hashed", "Parent Relationship": "Outer", "Startup Cost": 1625862.71, "Total Cost": 1626604.96, "Plan Rows": 59380, "Plan Width": 40, "Group By Key": ["public.lineitem.l_suppkey"], "Filter": "(sum((public.lineitem.l_extendedprice * (1::double precision - public.lineitem.l_discount))) = $0), (LLVM Optimized)", "Plans": [{"Node Type": "Bitmap Heap Scan", "Parent Relationship": "Outer", "Relation Name": "lineitem", "Alias": "lineitem", "Startup Cost": 78544.19, "Total Cost": 1586191.59, "Plan Rows": 2266921, "Plan Width": 24, "Recheck Cond": "((l_shipdate >= '1997-07-01 00:00:00'::timestamp(0) without time zone) AND (l_shipdate < '1997-10-01 00:00:00'::timestamp without time zone)), (LLVM Optimized)", "Plans": [{"Node Type": "Bitmap Index Scan", "Parent Relationship": "Outer", "Index Name": "idx_lineitem_shipdate", "Startup Cost": 0.0, "Total Cost": 77977.46, "Plan Rows": 2266921, "Plan Width": 0, "Index Cond": "((l_shipdate >= '1997-07-01 00:00:00'::timestamp(0) without time zone) AND (l_shipdate < '1997-10-01 00:00:00'::timestamp without time zone))"}]}]}, {"Node Type": "Index Scan", "Parent Relationship": "Inner", "Scan Direction": "Forward", "Index Name": "supplier_pkey", "Relation Name": "supplier", "Alias": "supplier", "Startup Cost": 0.0, "Total Cost": 0.45, "Plan Rows": 1, "Plan Width": 75, "Index Cond": "(s_suppkey = public.lineitem.l_suppkey)"}]}]}, "Unique SQL Id": 3712096918, "Planner Runtime": 0}, "explain_analyze_plan": {"Plan": {"Node Type": "Sort", "Startup Cost": 3269410.17, "Total Cost": 3269558.62, "Plan Rows": 59380, "Plan Width": 83, "Actual Startup Time": 11620.533, "Actual Total Time": 11620.534, "Actual Rows": 1, "Actual Loops": 1, "Sort Key": ["supplier.s_suppkey"], "Sort Method": "quicksort", "Sort Space Used": 25, "Sort Space Type": "Memory", "Plans": [{"Node Type": "Aggregate", "Strategy": "Plain", "Parent Relationship": "exec_init_plan", "Subplan Name": "InitPlan 1 (returns $0)", "Startup Cost": 1610196.85, "Total Cost": 1610196.86, "Plan Rows": 1, "Plan Width": 16, "Actual Startup Time": 5828.121, "Actual Total Time": 5828.121, "Actual Rows": 1, "Actual Loops": 1, "Plans": [{"Node Type": "Aggregate", "Strategy": "Hashed", "Parent Relationship": "Outer", "Startup Cost": 1608860.8, "Total Cost": 1609454.6, "Plan Rows": 59380, "Plan Width": 32, "Actual Startup Time": 5777.284, "Actual Total Time": 5813.225, "Actual Rows": 100000, "Actual Loops": 1, "Group By Key": ["public.lineitem.l_suppkey"], "Plans": [{"Node Type": "Bitmap Heap Scan", "Parent Relationship": "Outer", "Relation Name": "lineitem", "Alias": "lineitem", "Startup Cost": 78544.19, "Total Cost": 1586191.59, "Plan Rows": 2266921, "Plan Width": 24, "Actual Startup Time": 1238.034, "Actual Total Time": 4082.923, "Actual Rows": 2293944, "Actual Loops": 1, "Recheck Cond": "((l_shipdate >= '1997-07-01 00:00:00'::timestamp(0) without time zone) AND (l_shipdate < '1997-10-01 00:00:00'::timestamp without time zone)), (LLVM Optimized, Jit Execute)", "Rows Removed by Index Recheck": 0, "Exact Heap Blocks": 732487, "Lossy Heap Blocks": 732487, "Plans": [{"Node Type": "Bitmap Index Scan", "Parent Relationship": "Outer", "Index Name": "idx_lineitem_shipdate", "Startup Cost": 0.0, "Total Cost": 77977.46, "Plan Rows": 2266921, "Plan Width": 0, "Actual Startup Time": 954.492, "Actual Total Time": 954.492, "Actual Rows": 2293944, "Actual Loops": 1, "Index Cond": "((l_shipdate >= '1997-07-01 00:00:00'::timestamp(0) without time zone) AND (l_shipdate < '1997-10-01 00:00:00'::timestamp without time zone))"}]}]}]}, {"Node Type": "Nested Loop", "Parent Relationship": "Outer", "Join Type": "Inner", "Startup Cost": 1625862.71, "Total Cost": 1654505.16, "Plan Rows": 59380, "Plan Width": 83, "Actual Startup Time": 11601.572, "Actual Total Time": 11620.502, "Actual Rows": 1, "Actual Loops": 1, "Inner Unique": true, "Plans": [{"Node Type": "Aggregate", "Strategy": "Hashed", "Parent Relationship": "Outer", "Startup Cost": 1625862.71, "Total Cost": 1626604.96, "Plan Rows": 59380, "Plan Width": 40, "Actual Startup Time": 11601.51, "Actual Total Time": 11620.218, "Actual Rows": 1, "Actual Loops": 1, "Group By Key": ["public.lineitem.l_suppkey"], "Filter": "(sum((public.lineitem.l_extendedprice * (1::double precision - public.lineitem.l_discount))) = $0), (LLVM Optimized, Jit Execute)", "Rows Removed by Filter": 99999, "Plans": [{"Node Type": "Bitmap Heap Scan", "Parent Relationship": "Outer", "Relation Name": "lineitem", "Alias": "lineitem", "Startup Cost": 78544.19, "Total Cost": 1586191.59, "Plan Rows": 2266921, "Plan Width": 24, "Actual Startup Time": 1223.615, "Actual Total Time": 4093.263, "Actual Rows": 2293944, "Actual Loops": 1, "Recheck Cond": "((l_shipdate >= '1997-07-01 00:00:00'::timestamp(0) without time zone) AND (l_shipdate < '1997-10-01 00:00:00'::timestamp without time zone)), (LLVM Optimized, Jit Execute)", "Rows Removed by Index Recheck": 0, "Exact Heap Blocks": 732487, "Lossy Heap Blocks": 732487, "Plans": [{"Node Type": "Bitmap Index Scan", "Parent Relationship": "Outer", "Index Name": "idx_lineitem_shipdate", "Startup Cost": 0.0, "Total Cost": 77977.46, "Plan Rows": 2266921, "Plan Width": 0, "Actual Startup Time": 936.838, "Actual Total Time": 936.838, "Actual Rows": 2293944, "Actual Loops": 1, "Index Cond": "((l_shipdate >= '1997-07-01 00:00:00'::timestamp(0) without time zone) AND (l_shipdate < '1997-10-01 00:00:00'::timestamp without time zone))"}]}]}, {"Node Type": "Index Scan", "Parent Relationship": "Inner", "Scan Direction": "Forward", "Index Name": "supplier_pkey", "Relation Name": "supplier", "Alias": "supplier", "Startup Cost": 0.0, "Total Cost": 0.45, "Plan Rows": 1, "Plan Width": 75, "Actual Startup Time": 0.043, "Actual Total Time": 0.043, "Actual Rows": 1, "Actual Loops": 1, "Index Cond": "(s_suppkey = public.lineitem.l_suppkey)", "Rows Removed by Index Recheck": 0}]}]}, "Triggers": [], "Planner Runtime": 0.886, "Total Runtime": 11633.508, "Unique SQL Id": 3712096918}}, "(64, '53')": {"explain_plan": {"Plan": {"Node Type": "Sort", "Startup Cost": 3269410.17, "Total Cost": 3269558.62, "Plan Rows": 59380, "Plan Width": 83, "Sort Key": ["supplier.s_suppkey"], "Plans": [{"Node Type": "Aggregate", "Strategy": "Plain", "Parent Relationship": "exec_init_plan", "Subplan Name": "InitPlan 1 (returns $0)", "Startup Cost": 1610196.85, "Total Cost": 1610196.86, "Plan Rows": 1, "Plan Width": 16, "Plans": [{"Node Type": "Aggregate", "Strategy": "Hashed", "Parent Relationship": "Outer", "Startup Cost": 1608860.8, "Total Cost": 1609454.6, "Plan Rows": 59380, "Plan Width": 32, "Group By Key": ["public.lineitem.l_suppkey"], "Plans": [{"Node Type": "Bitmap Heap Scan", "Parent Relationship": "Outer", "Relation Name": "lineitem", "Alias": "lineitem", "Startup Cost": 78544.19, "Total Cost": 1586191.59, "Plan Rows": 2266921, "Plan Width": 24, "Recheck Cond": "((l_shipdate >= '1997-07-01 00:00:00'::timestamp(0) without time zone) AND (l_shipdate < '1997-10-01 00:00:00'::timestamp without time zone)), (LLVM Optimized)", "Plans": [{"Node Type": "Bitmap Index Scan", "Parent Relationship": "Outer", "Index Name": "idx_lineitem_shipdate", "Startup Cost": 0.0, "Total Cost": 77977.46, "Plan Rows": 2266921, "Plan Width": 0, "Index Cond": "((l_shipdate >= '1997-07-01 00:00:00'::timestamp(0) without time zone) AND (l_shipdate < '1997-10-01 00:00:00'::timestamp without time zone))"}]}]}]}, {"Node Type": "Nested Loop", "Parent Relationship": "Outer", "Join Type": "Inner", "Startup Cost": 1625862.71, "Total Cost": 1654505.16, "Plan Rows": 59380, "Plan Width": 83, "Inner Unique": true, "Plans": [{"Node Type": "Aggregate", "Strategy": "Hashed", "Parent Relationship": "Outer", "Startup Cost": 1625862.71, "Total Cost": 1626604.96, "Plan Rows": 59380, "Plan Width": 40, "Group By Key": ["public.lineitem.l_suppkey"], "Filter": "(sum((public.lineitem.l_extendedprice * (1::double precision - public.lineitem.l_discount))) = $0), (LLVM Optimized)", "Plans": [{"Node Type": "Bitmap Heap Scan", "Parent Relationship": "Outer", "Relation Name": "lineitem", "Alias": "lineitem", "Startup Cost": 78544.19, "Total Cost": 1586191.59, "Plan Rows": 2266921, "Plan Width": 24, "Recheck Cond": "((l_shipdate >= '1997-07-01 00:00:00'::timestamp(0) without time zone) AND (l_shipdate < '1997-10-01 00:00:00'::timestamp without time zone)), (LLVM Optimized)", "Plans": [{"Node Type": "Bitmap Index Scan", "Parent Relationship": "Outer", "Index Name": "idx_lineitem_shipdate", "Startup Cost": 0.0, "Total Cost": 77977.46, "Plan Rows": 2266921, "Plan Width": 0, "Index Cond": "((l_shipdate >= '1997-07-01 00:00:00'::timestamp(0) without time zone) AND (l_shipdate < '1997-10-01 00:00:00'::timestamp without time zone))"}]}]}, {"Node Type": "Index Scan", "Parent Relationship": "Inner", "Scan Direction": "Forward", "Index Name": "supplier_pkey", "Relation Name": "supplier", "Alias": "supplier", "Startup Cost": 0.0, "Total Cost": 0.45, "Plan Rows": 1, "Plan Width": 75, "Index Cond": "(s_suppkey = public.lineitem.l_suppkey)"}]}]}, "Unique SQL Id": 3712096918, "Planner Runtime": 0}, "explain_analyze_plan": {"Plan": {"Node Type": "Sort", "Startup Cost": 3269410.17, "Total Cost": 3269558.62, "Plan Rows": 59380, "Plan Width": 83, "Actual Startup Time": 11620.533, "Actual Total Time": 11620.534, "Actual Rows": 1, "Actual Loops": 1, "Sort Key": ["supplier.s_suppkey"], "Sort Method": "quicksort", "Sort Space Used": 25, "Sort Space Type": "Memory", "Plans": [{"Node Type": "Aggregate", "Strategy": "Plain", "Parent Relationship": "exec_init_plan", "Subplan Name": "InitPlan 1 (returns $0)", "Startup Cost": 1610196.85, "Total Cost": 1610196.86, "Plan Rows": 1, "Plan Width": 16, "Actual Startup Time": 5828.121, "Actual Total Time": 5828.121, "Actual Rows": 1, "Actual Loops": 1, "Plans": [{"Node Type": "Aggregate", "Strategy": "Hashed", "Parent Relationship": "Outer", "Startup Cost": 1608860.8, "Total Cost": 1609454.6, "Plan Rows": 59380, "Plan Width": 32, "Actual Startup Time": 5777.284, "Actual Total Time": 5813.225, "Actual Rows": 100000, "Actual Loops": 1, "Group By Key": ["public.lineitem.l_suppkey"], "Plans": [{"Node Type": "Bitmap Heap Scan", "Parent Relationship": "Outer", "Relation Name": "lineitem", "Alias": "lineitem", "Startup Cost": 78544.19, "Total Cost": 1586191.59, "Plan Rows": 2266921, "Plan Width": 24, "Actual Startup Time": 1238.034, "Actual Total Time": 4082.923, "Actual Rows": 2293944, "Actual Loops": 1, "Recheck Cond": "((l_shipdate >= '1997-07-01 00:00:00'::timestamp(0) without time zone) AND (l_shipdate < '1997-10-01 00:00:00'::timestamp without time zone)), (LLVM Optimized, Jit Execute)", "Rows Removed by Index Recheck": 0, "Exact Heap Blocks": 732487, "Lossy Heap Blocks": 732487, "Plans": [{"Node Type": "Bitmap Index Scan", "Parent Relationship": "Outer", "Index Name": "idx_lineitem_shipdate", "Startup Cost": 0.0, "Total Cost": 77977.46, "Plan Rows": 2266921, "Plan Width": 0, "Actual Startup Time": 954.492, "Actual Total Time": 954.492, "Actual Rows": 2293944, "Actual Loops": 1, "Index Cond": "((l_shipdate >= '1997-07-01 00:00:00'::timestamp(0) without time zone) AND (l_shipdate < '1997-10-01 00:00:00'::timestamp without time zone))"}]}]}]}, {"Node Type": "Nested Loop", "Parent Relationship": "Outer", "Join Type": "Inner", "Startup Cost": 1625862.71, "Total Cost": 1654505.16, "Plan Rows": 59380, "Plan Width": 83, "Actual Startup Time": 11601.572, "Actual Total Time": 11620.502, "Actual Rows": 1, "Actual Loops": 1, "Inner Unique": true, "Plans": [{"Node Type": "Aggregate", "Strategy": "Hashed", "Parent Relationship": "Outer", "Startup Cost": 1625862.71, "Total Cost": 1626604.96, "Plan Rows": 59380, "Plan Width": 40, "Actual Startup Time": 11601.51, "Actual Total Time": 11620.218, "Actual Rows": 1, "Actual Loops": 1, "Group By Key": ["public.lineitem.l_suppkey"], "Filter": "(sum((public.lineitem.l_extendedprice * (1::double precision - public.lineitem.l_discount))) = $0), (LLVM Optimized, Jit Execute)", "Rows Removed by Filter": 99999, "Plans": [{"Node Type": "Bitmap Heap Scan", "Parent Relationship": "Outer", "Relation Name": "lineitem", "Alias": "lineitem", "Startup Cost": 78544.19, "Total Cost": 1586191.59, "Plan Rows": 2266921, "Plan Width": 24, "Actual Startup Time": 1223.615, "Actual Total Time": 4093.263, "Actual Rows": 2293944, "Actual Loops": 1, "Recheck Cond": "((l_shipdate >= '1997-07-01 00:00:00'::timestamp(0) without time zone) AND (l_shipdate < '1997-10-01 00:00:00'::timestamp without time zone)), (LLVM Optimized, Jit Execute)", "Rows Removed by Index Recheck": 0, "Exact Heap Blocks": 732487, "Lossy Heap Blocks": 732487, "Plans": [{"Node Type": "Bitmap Index Scan", "Parent Relationship": "Outer", "Index Name": "idx_lineitem_shipdate", "Startup Cost": 0.0, "Total Cost": 77977.46, "Plan Rows": 2266921, "Plan Width": 0, "Actual Startup Time": 936.838, "Actual Total Time": 936.838, "Actual Rows": 2293944, "Actual Loops": 1, "Index Cond": "((l_shipdate >= '1997-07-01 00:00:00'::timestamp(0) without time zone) AND (l_shipdate < '1997-10-01 00:00:00'::timestamp without time zone))"}]}]}, {"Node Type": "Index Scan", "Parent Relationship": "Inner", "Scan Direction": "Forward", "Index Name": "supplier_pkey", "Relation Name": "supplier", "Alias": "supplier", "Startup Cost": 0.0, "Total Cost": 0.45, "Plan Rows": 1, "Plan Width": 75, "Actual Startup Time": 0.043, "Actual Total Time": 0.043, "Actual Rows": 1, "Actual Loops": 1, "Index Cond": "(s_suppkey = public.lineitem.l_suppkey)", "Rows Removed by Index Recheck": 0}]}]}, "Triggers": [], "Planner Runtime": 0.886, "Total Runtime": 11633.508, "Unique SQL Id": 3712096918}}, "(64, '54')": {"explain_plan": {"Plan": {"Node Type": "Sort", "Startup Cost": 3497813.02, "Total Cost": 3497961.47, "Plan Rows": 59380, "Plan Width": 83, "Sort Key": ["supplier.s_suppkey"], "Plans": [{"Node Type": "Aggregate", "Strategy": "Plain", "Parent Relationship": "exec_init_plan", "Subplan Name": "InitPlan 1 (returns $0)", "Startup Cost": 1610196.85, "Total Cost": 1610196.86, "Plan Rows": 1, "Plan Width": 16, "Plans": [{"Node Type": "Aggregate", "Strategy": "Hashed", "Parent Relationship": "Outer", "Startup Cost": 1608860.8, "Total Cost": 1609454.6, "Plan Rows": 59380, "Plan Width": 32, "Group By Key": ["public.lineitem.l_suppkey"], "Plans": [{"Node Type": "Bitmap Heap Scan", "Parent Relationship": "Outer", "Relation Name": "lineitem", "Alias": "lineitem", "Startup Cost": 78544.19, "Total Cost": 1586191.59, "Plan Rows": 2266921, "Plan Width": 24, "Recheck Cond": "((l_shipdate >= '1997-07-01 00:00:00'::timestamp(0) without time zone) AND (l_shipdate < '1997-10-01 00:00:00'::timestamp without time zone)), (LLVM Optimized)", "Plans": [{"Node Type": "Bitmap Index Scan", "Parent Relationship": "Outer", "Index Name": "idx_lineitem_shipdate", "Startup Cost": 0.0, "Total Cost": 77977.46, "Plan Rows": 2266921, "Plan Width": 0, "Index Cond": "((l_shipdate >= '1997-07-01 00:00:00'::timestamp(0) without time zone) AND (l_shipdate < '1997-10-01 00:00:00'::timestamp without time zone))"}]}]}]}, {"Node Type": "Nested Loop", "Parent Relationship": "Outer", "Join Type": "Inner", "Startup Cost": 1625863.0, "Total Cost": 1882908.01, "Plan Rows": 59380, "Plan Width": 83, "Inner Unique": true, "Plans": [{"Node Type": "Aggregate", "Strategy": "Hashed", "Parent Relationship": "Outer", "Startup Cost": 1625862.71, "Total Cost": 1626604.96, "Plan Rows": 59380, "Plan Width": 40, "Group By Key": ["public.lineitem.l_suppkey"], "Filter": "(sum((public.lineitem.l_extendedprice * (1::double precision - public.lineitem.l_discount))) = $0), (LLVM Optimized)", "Plans": [{"Node Type": "Bitmap Heap Scan", "Parent Relationship": "Outer", "Relation Name": "lineitem", "Alias": "lineitem", "Startup Cost": 78544.19, "Total Cost": 1586191.59, "Plan Rows": 2266921, "Plan Width": 24, "Recheck Cond": "((l_shipdate >= '1997-07-01 00:00:00'::timestamp(0) without time zone) AND (l_shipdate < '1997-10-01 00:00:00'::timestamp without time zone)), (LLVM Optimized)", "Plans": [{"Node Type": "Bitmap Index Scan", "Parent Relationship": "Outer", "Index Name": "idx_lineitem_shipdate", "Startup Cost": 0.0, "Total Cost": 77977.46, "Plan Rows": 2266921, "Plan Width": 0, "Index Cond": "((l_shipdate >= '1997-07-01 00:00:00'::timestamp(0) without time zone) AND (l_shipdate < '1997-10-01 00:00:00'::timestamp without time zone))"}]}]}, {"Node Type": "Bitmap Heap Scan", "Parent Relationship": "Inner", "Relation Name": "supplier", "Alias": "supplier", "Startup Cost": 0.28, "Total Cost": 4.3, "Plan Rows": 1, "Plan Width": 75, "Recheck Cond": "(s_suppkey = public.lineitem.l_suppkey)", "Plans": [{"Node Type": "Bitmap Index Scan", "Parent Relationship": "Outer", "Index Name": "supplier_pkey", "Startup Cost": 0.0, "Total Cost": 0.28, "Plan Rows": 1, "Plan Width": 0, "Index Cond": "(s_suppkey = public.lineitem.l_suppkey)"}]}]}]}, "Unique SQL Id": 3712096918, "Planner Runtime": 0}, "explain_analyze_plan": {"Plan": {"Node Type": "Sort", "Startup Cost": 3497813.02, "Total Cost": 3497961.47, "Plan Rows": 59380, "Plan Width": 83, "Actual Startup Time": 11573.67, "Actual Total Time": 11573.671, "Actual Rows": 1, "Actual Loops": 1, "Sort Key": ["supplier.s_suppkey"], "Sort Method": "quicksort", "Sort Space Used": 25, "Sort Space Type": "Memory", "Plans": [{"Node Type": "Aggregate", "Strategy": "Plain", "Parent Relationship": "exec_init_plan", "Subplan Name": "InitPlan 1 (returns $0)", "Startup Cost": 1610196.85, "Total Cost": 1610196.86, "Plan Rows": 1, "Plan Width": 16, "Actual Startup Time": 5810.994, "Actual Total Time": 5810.994, "Actual Rows": 1, "Actual Loops": 1, "Plans": [{"Node Type": "Aggregate", "Strategy": "Hashed", "Parent Relationship": "Outer", "Startup Cost": 1608860.8, "Total Cost": 1609454.6, "Plan Rows": 59380, "Plan Width": 32, "Actual Startup Time": 5762.308, "Actual Total Time": 5795.992, "Actual Rows": 100000, "Actual Loops": 1, "Group By Key": ["public.lineitem.l_suppkey"], "Plans": [{"Node Type": "Bitmap Heap Scan", "Parent Relationship": "Outer", "Relation Name": "lineitem", "Alias": "lineitem", "Startup Cost": 78544.19, "Total Cost": 1586191.59, "Plan Rows": 2266921, "Plan Width": 24, "Actual Startup Time": 1233.691, "Actual Total Time": 4071.08, "Actual Rows": 2293944, "Actual Loops": 1, "Recheck Cond": "((l_shipdate >= '1997-07-01 00:00:00'::timestamp(0) without time zone) AND (l_shipdate < '1997-10-01 00:00:00'::timestamp without time zone)), (LLVM Optimized, Jit Execute)", "Rows Removed by Index Recheck": 0, "Exact Heap Blocks": 732487, "Lossy Heap Blocks": 732487, "Plans": [{"Node Type": "Bitmap Index Scan", "Parent Relationship": "Outer", "Index Name": "idx_lineitem_shipdate", "Startup Cost": 0.0, "Total Cost": 77977.46, "Plan Rows": 2266921, "Plan Width": 0, "Actual Startup Time": 943.405, "Actual Total Time": 943.405, "Actual Rows": 2293944, "Actual Loops": 1, "Index Cond": "((l_shipdate >= '1997-07-01 00:00:00'::timestamp(0) without time zone) AND (l_shipdate < '1997-10-01 00:00:00'::timestamp without time zone))"}]}]}]}, {"Node Type": "Nested Loop", "Parent Relationship": "Outer", "Join Type": "Inner", "Startup Cost": 1625863.0, "Total Cost": 1882908.01, "Plan Rows": 59380, "Plan Width": 83, "Actual Startup Time": 11554.935, "Actual Total Time": 11573.643, "Actual Rows": 1, "Actual Loops": 1, "Inner Unique": true, "Plans": [{"Node Type": "Aggregate", "Strategy": "Hashed", "Parent Relationship": "Outer", "Startup Cost": 1625862.71, "Total Cost": 1626604.96, "Plan Rows": 59380, "Plan Width": 40, "Actual Startup Time": 11554.824, "Actual Total Time": 11573.326, "Actual Rows": 1, "Actual Loops": 1, "Group By Key": ["public.lineitem.l_suppkey"], "Filter": "(sum((public.lineitem.l_extendedprice * (1::double precision - public.lineitem.l_discount))) = $0), (LLVM Optimized, Jit Execute)", "Rows Removed by Filter": 99999, "Plans": [{"Node Type": "Bitmap Heap Scan", "Parent Relationship": "Outer", "Relation Name": "lineitem", "Alias": "lineitem", "Startup Cost": 78544.19, "Total Cost": 1586191.59, "Plan Rows": 2266921, "Plan Width": 24, "Actual Startup Time": 1251.575, "Actual Total Time": 4123.103, "Actual Rows": 2293944, "Actual Loops": 1, "Recheck Cond": "((l_shipdate >= '1997-07-01 00:00:00'::timestamp(0) without time zone) AND (l_shipdate < '1997-10-01 00:00:00'::timestamp without time zone)), (LLVM Optimized, Jit Execute)", "Rows Removed by Index Recheck": 0, "Exact Heap Blocks": 732487, "Lossy Heap Blocks": 732487, "Plans": [{"Node Type": "Bitmap Index Scan", "Parent Relationship": "Outer", "Index Name": "idx_lineitem_shipdate", "Startup Cost": 0.0, "Total Cost": 77977.46, "Plan Rows": 2266921, "Plan Width": 0, "Actual Startup Time": 951.166, "Actual Total Time": 951.166, "Actual Rows": 2293944, "Actual Loops": 1, "Index Cond": "((l_shipdate >= '1997-07-01 00:00:00'::timestamp(0) without time zone) AND (l_shipdate < '1997-10-01 00:00:00'::timestamp without time zone))"}]}]}, {"Node Type": "Bitmap Heap Scan", "Parent Relationship": "Inner", "Relation Name": "supplier", "Alias": "supplier", "Startup Cost": 0.28, "Total Cost": 4.3, "Plan Rows": 1, "Plan Width": 75, "Actual Startup Time": 0.082, "Actual Total Time": 0.082, "Actual Rows": 1, "Actual Loops": 1, "Recheck Cond": "(s_suppkey = public.lineitem.l_suppkey)", "Rows Removed by Index Recheck": 0, "Exact Heap Blocks": 1, "Lossy Heap Blocks": 1, "Plans": [{"Node Type": "Bitmap Index Scan", "Parent Relationship": "Outer", "Index Name": "supplier_pkey", "Startup Cost": 0.0, "Total Cost": 0.28, "Plan Rows": 1, "Plan Width": 0, "Actual Startup Time": 0.037, "Actual Total Time": 0.037, "Actual Rows": 1, "Actual Loops": 1, "Index Cond": "(s_suppkey = public.lineitem.l_suppkey)"}]}]}]}, "Triggers": [], "Planner Runtime": 0.887, "Total Runtime": 11586.661, "Unique SQL Id": 3712096918}}, "(64, '55')": {"explain_plan": {"Plan": {"Node Type": "Sort", "Startup Cost": 3497813.02, "Total Cost": 3497961.47, "Plan Rows": 59380, "Plan Width": 83, "Sort Key": ["supplier.s_suppkey"], "Plans": [{"Node Type": "Aggregate", "Strategy": "Plain", "Parent Relationship": "exec_init_plan", "Subplan Name": "InitPlan 1 (returns $0)", "Startup Cost": 1610196.85, "Total Cost": 1610196.86, "Plan Rows": 1, "Plan Width": 16, "Plans": [{"Node Type": "Aggregate", "Strategy": "Hashed", "Parent Relationship": "Outer", "Startup Cost": 1608860.8, "Total Cost": 1609454.6, "Plan Rows": 59380, "Plan Width": 32, "Group By Key": ["public.lineitem.l_suppkey"], "Plans": [{"Node Type": "Bitmap Heap Scan", "Parent Relationship": "Outer", "Relation Name": "lineitem", "Alias": "lineitem", "Startup Cost": 78544.19, "Total Cost": 1586191.59, "Plan Rows": 2266921, "Plan Width": 24, "Recheck Cond": "((l_shipdate >= '1997-07-01 00:00:00'::timestamp(0) without time zone) AND (l_shipdate < '1997-10-01 00:00:00'::timestamp without time zone)), (LLVM Optimized)", "Plans": [{"Node Type": "Bitmap Index Scan", "Parent Relationship": "Outer", "Index Name": "idx_lineitem_shipdate", "Startup Cost": 0.0, "Total Cost": 77977.46, "Plan Rows": 2266921, "Plan Width": 0, "Index Cond": "((l_shipdate >= '1997-07-01 00:00:00'::timestamp(0) without time zone) AND (l_shipdate < '1997-10-01 00:00:00'::timestamp without time zone))"}]}]}]}, {"Node Type": "Nested Loop", "Parent Relationship": "Outer", "Join Type": "Inner", "Startup Cost": 1625863.0, "Total Cost": 1882908.01, "Plan Rows": 59380, "Plan Width": 83, "Inner Unique": true, "Plans": [{"Node Type": "Aggregate", "Strategy": "Hashed", "Parent Relationship": "Outer", "Startup Cost": 1625862.71, "Total Cost": 1626604.96, "Plan Rows": 59380, "Plan Width": 40, "Group By Key": ["public.lineitem.l_suppkey"], "Filter": "(sum((public.lineitem.l_extendedprice * (1::double precision - public.lineitem.l_discount))) = $0), (LLVM Optimized)", "Plans": [{"Node Type": "Bitmap Heap Scan", "Parent Relationship": "Outer", "Relation Name": "lineitem", "Alias": "lineitem", "Startup Cost": 78544.19, "Total Cost": 1586191.59, "Plan Rows": 2266921, "Plan Width": 24, "Recheck Cond": "((l_shipdate >= '1997-07-01 00:00:00'::timestamp(0) without time zone) AND (l_shipdate < '1997-10-01 00:00:00'::timestamp without time zone)), (LLVM Optimized)", "Plans": [{"Node Type": "Bitmap Index Scan", "Parent Relationship": "Outer", "Index Name": "idx_lineitem_shipdate", "Startup Cost": 0.0, "Total Cost": 77977.46, "Plan Rows": 2266921, "Plan Width": 0, "Index Cond": "((l_shipdate >= '1997-07-01 00:00:00'::timestamp(0) without time zone) AND (l_shipdate < '1997-10-01 00:00:00'::timestamp without time zone))"}]}]}, {"Node Type": "Bitmap Heap Scan", "Parent Relationship": "Inner", "Relation Name": "supplier", "Alias": "supplier", "Startup Cost": 0.28, "Total Cost": 4.3, "Plan Rows": 1, "Plan Width": 75, "Recheck Cond": "(s_suppkey = public.lineitem.l_suppkey)", "Plans": [{"Node Type": "Bitmap Index Scan", "Parent Relationship": "Outer", "Index Name": "supplier_pkey", "Startup Cost": 0.0, "Total Cost": 0.28, "Plan Rows": 1, "Plan Width": 0, "Index Cond": "(s_suppkey = public.lineitem.l_suppkey)"}]}]}]}, "Unique SQL Id": 3712096918, "Planner Runtime": 0}, "explain_analyze_plan": {"Plan": {"Node Type": "Sort", "Startup Cost": 3497813.02, "Total Cost": 3497961.47, "Plan Rows": 59380, "Plan Width": 83, "Actual Startup Time": 11573.67, "Actual Total Time": 11573.671, "Actual Rows": 1, "Actual Loops": 1, "Sort Key": ["supplier.s_suppkey"], "Sort Method": "quicksort", "Sort Space Used": 25, "Sort Space Type": "Memory", "Plans": [{"Node Type": "Aggregate", "Strategy": "Plain", "Parent Relationship": "exec_init_plan", "Subplan Name": "InitPlan 1 (returns $0)", "Startup Cost": 1610196.85, "Total Cost": 1610196.86, "Plan Rows": 1, "Plan Width": 16, "Actual Startup Time": 5810.994, "Actual Total Time": 5810.994, "Actual Rows": 1, "Actual Loops": 1, "Plans": [{"Node Type": "Aggregate", "Strategy": "Hashed", "Parent Relationship": "Outer", "Startup Cost": 1608860.8, "Total Cost": 1609454.6, "Plan Rows": 59380, "Plan Width": 32, "Actual Startup Time": 5762.308, "Actual Total Time": 5795.992, "Actual Rows": 100000, "Actual Loops": 1, "Group By Key": ["public.lineitem.l_suppkey"], "Plans": [{"Node Type": "Bitmap Heap Scan", "Parent Relationship": "Outer", "Relation Name": "lineitem", "Alias": "lineitem", "Startup Cost": 78544.19, "Total Cost": 1586191.59, "Plan Rows": 2266921, "Plan Width": 24, "Actual Startup Time": 1233.691, "Actual Total Time": 4071.08, "Actual Rows": 2293944, "Actual Loops": 1, "Recheck Cond": "((l_shipdate >= '1997-07-01 00:00:00'::timestamp(0) without time zone) AND (l_shipdate < '1997-10-01 00:00:00'::timestamp without time zone)), (LLVM Optimized, Jit Execute)", "Rows Removed by Index Recheck": 0, "Exact Heap Blocks": 732487, "Lossy Heap Blocks": 732487, "Plans": [{"Node Type": "Bitmap Index Scan", "Parent Relationship": "Outer", "Index Name": "idx_lineitem_shipdate", "Startup Cost": 0.0, "Total Cost": 77977.46, "Plan Rows": 2266921, "Plan Width": 0, "Actual Startup Time": 943.405, "Actual Total Time": 943.405, "Actual Rows": 2293944, "Actual Loops": 1, "Index Cond": "((l_shipdate >= '1997-07-01 00:00:00'::timestamp(0) without time zone) AND (l_shipdate < '1997-10-01 00:00:00'::timestamp without time zone))"}]}]}]}, {"Node Type": "Nested Loop", "Parent Relationship": "Outer", "Join Type": "Inner", "Startup Cost": 1625863.0, "Total Cost": 1882908.01, "Plan Rows": 59380, "Plan Width": 83, "Actual Startup Time": 11554.935, "Actual Total Time": 11573.643, "Actual Rows": 1, "Actual Loops": 1, "Inner Unique": true, "Plans": [{"Node Type": "Aggregate", "Strategy": "Hashed", "Parent Relationship": "Outer", "Startup Cost": 1625862.71, "Total Cost": 1626604.96, "Plan Rows": 59380, "Plan Width": 40, "Actual Startup Time": 11554.824, "Actual Total Time": 11573.326, "Actual Rows": 1, "Actual Loops": 1, "Group By Key": ["public.lineitem.l_suppkey"], "Filter": "(sum((public.lineitem.l_extendedprice * (1::double precision - public.lineitem.l_discount))) = $0), (LLVM Optimized, Jit Execute)", "Rows Removed by Filter": 99999, "Plans": [{"Node Type": "Bitmap Heap Scan", "Parent Relationship": "Outer", "Relation Name": "lineitem", "Alias": "lineitem", "Startup Cost": 78544.19, "Total Cost": 1586191.59, "Plan Rows": 2266921, "Plan Width": 24, "Actual Startup Time": 1251.575, "Actual Total Time": 4123.103, "Actual Rows": 2293944, "Actual Loops": 1, "Recheck Cond": "((l_shipdate >= '1997-07-01 00:00:00'::timestamp(0) without time zone) AND (l_shipdate < '1997-10-01 00:00:00'::timestamp without time zone)), (LLVM Optimized, Jit Execute)", "Rows Removed by Index Recheck": 0, "Exact Heap Blocks": 732487, "Lossy Heap Blocks": 732487, "Plans": [{"Node Type": "Bitmap Index Scan", "Parent Relationship": "Outer", "Index Name": "idx_lineitem_shipdate", "Startup Cost": 0.0, "Total Cost": 77977.46, "Plan Rows": 2266921, "Plan Width": 0, "Actual Startup Time": 951.166, "Actual Total Time": 951.166, "Actual Rows": 2293944, "Actual Loops": 1, "Index Cond": "((l_shipdate >= '1997-07-01 00:00:00'::timestamp(0) without time zone) AND (l_shipdate < '1997-10-01 00:00:00'::timestamp without time zone))"}]}]}, {"Node Type": "Bitmap Heap Scan", "Parent Relationship": "Inner", "Relation Name": "supplier", "Alias": "supplier", "Startup Cost": 0.28, "Total Cost": 4.3, "Plan Rows": 1, "Plan Width": 75, "Actual Startup Time": 0.082, "Actual Total Time": 0.082, "Actual Rows": 1, "Actual Loops": 1, "Recheck Cond": "(s_suppkey = public.lineitem.l_suppkey)", "Rows Removed by Index Recheck": 0, "Exact Heap Blocks": 1, "Lossy Heap Blocks": 1, "Plans": [{"Node Type": "Bitmap Index Scan", "Parent Relationship": "Outer", "Index Name": "supplier_pkey", "Startup Cost": 0.0, "Total Cost": 0.28, "Plan Rows": 1, "Plan Width": 0, "Actual Startup Time": 0.037, "Actual Total Time": 0.037, "Actual Rows": 1, "Actual Loops": 1, "Index Cond": "(s_suppkey = public.lineitem.l_suppkey)"}]}]}]}, "Triggers": [], "Planner Runtime": 0.887, "Total Runtime": 11586.661, "Unique SQL Id": 3712096918}}, "(64, '56')": {"explain_plan": {"Plan": {"Node Type": "Sort", "Startup Cost": 4727127.98, "Total Cost": 4727276.43, "Plan Rows": 59380, "Plan Width": 83, "Sort Key": ["supplier.s_suppkey"], "Plans": [{"Node Type": "Aggregate", "Strategy": "Plain", "Parent Relationship": "exec_init_plan", "Subplan Name": "InitPlan 1 (returns $0)", "Startup Cost": 2339055.76, "Total Cost": 2339055.77, "Plan Rows": 1, "Plan Width": 16, "Plans": [{"Node Type": "Aggregate", "Strategy": "Hashed", "Parent Relationship": "Outer", "Startup Cost": 2337719.71, "Total Cost": 2338313.51, "Plan Rows": 59380, "Plan Width": 32, "Group By Key": ["public.lineitem.l_suppkey"], "Plans": [{"Node Type": "Seq Scan", "Parent Relationship": "Outer", "Relation Name": "lineitem", "Alias": "lineitem", "Startup Cost": 25.32, "Total Cost": 2315050.5, "Plan Rows": 2266921, "Plan Width": 24, "Filter": "((l_shipdate >= '1997-07-01 00:00:00'::timestamp(0) without time zone) AND (l_shipdate < '1997-10-01 00:00:00'::timestamp without time zone)), (LLVM Optimized)"}]}]}, {"Node Type": "Nested Loop", "Parent Relationship": "Outer", "Join Type": "Inner", "Startup Cost": 2354721.61, "Total Cost": 2383364.06, "Plan Rows": 59380, "Plan Width": 83, "Inner Unique": true, "Plans": [{"Node Type": "Aggregate", "Strategy": "Hashed", "Parent Relationship": "Outer", "Startup Cost": 2354721.61, "Total Cost": 2355463.86, "Plan Rows": 59380, "Plan Width": 40, "Group By Key": ["public.lineitem.l_suppkey"], "Filter": "(sum((public.lineitem.l_extendedprice * (1::double precision - public.lineitem.l_discount))) = $0), (LLVM Optimized)", "Plans": [{"Node Type": "Seq Scan", "Parent Relationship": "Outer", "Relation Name": "lineitem", "Alias": "lineitem", "Startup Cost": 25.32, "Total Cost": 2315050.5, "Plan Rows": 2266921, "Plan Width": 24, "Filter": "((l_shipdate >= '1997-07-01 00:00:00'::timestamp(0) without time zone) AND (l_shipdate < '1997-10-01 00:00:00'::timestamp without time zone)), (LLVM Optimized)"}]}, {"Node Type": "Index Scan", "Parent Relationship": "Inner", "Scan Direction": "Forward", "Index Name": "supplier_pkey", "Relation Name": "supplier", "Alias": "supplier", "Startup Cost": 0.0, "Total Cost": 0.45, "Plan Rows": 1, "Plan Width": 75, "Index Cond": "(s_suppkey = public.lineitem.l_suppkey)"}]}]}, "Unique SQL Id": 3712096918, "Planner Runtime": 0}, "explain_analyze_plan": null}, "(64, '57')": {"explain_plan": {"Plan": {"Node Type": "Sort", "Startup Cost": 10368528.3, "Total Cost": 10368676.75, "Plan Rows": 59380, "Plan Width": 83, "Sort Key": ["supplier.s_suppkey"], "Plans": [{"Node Type": "Aggregate", "Strategy": "Plain", "Parent Relationship": "exec_init_plan", "Subplan Name": "InitPlan 1 (returns $0)", "Startup Cost": 5159755.92, "Total Cost": 5159755.93, "Plan Rows": 1, "Plan Width": 16, "Plans": [{"Node Type": "Aggregate", "Strategy": "Hashed", "Parent Relationship": "Outer", "Startup Cost": 5158419.87, "Total Cost": 5159013.67, "Plan Rows": 59380, "Plan Width": 32, "Group By Key": ["public.lineitem.l_suppkey"], "Plans": [{"Node Type": "Index Scan", "Parent Relationship": "Outer", "Scan Direction": "Forward", "Index Name": "idx_lineitem_shipdate", "Relation Name": "lineitem", "Alias": "lineitem", "Startup Cost": 0.0, "Total Cost": 5135750.66, "Plan Rows": 2266921, "Plan Width": 24, "Index Cond": "((l_shipdate >= '1997-07-01 00:00:00'::timestamp(0) without time zone) AND (l_shipdate < '1997-10-01 00:00:00'::timestamp without time zone)), (LLVM Optimized)"}]}]}, {"Node Type": "Nested Loop", "Parent Relationship": "Outer", "Join Type": "Inner", "Startup Cost": 5175421.77, "Total Cost": 5204064.22, "Plan Rows": 59380, "Plan Width": 83, "Inner Unique": true, "Plans": [{"Node Type": "Aggregate", "Strategy": "Hashed", "Parent Relationship": "Outer", "Startup Cost": 5175421.77, "Total Cost": 5176164.02, "Plan Rows": 59380, "Plan Width": 40, "Group By Key": ["public.lineitem.l_suppkey"], "Filter": "(sum((public.lineitem.l_extendedprice * (1::double precision - public.lineitem.l_discount))) = $0), (LLVM Optimized)", "Plans": [{"Node Type": "Index Scan", "Parent Relationship": "Outer", "Scan Direction": "Forward", "Index Name": "idx_lineitem_shipdate", "Relation Name": "lineitem", "Alias": "lineitem", "Startup Cost": 0.0, "Total Cost": 5135750.66, "Plan Rows": 2266921, "Plan Width": 24, "Index Cond": "((l_shipdate >= '1997-07-01 00:00:00'::timestamp(0) without time zone) AND (l_shipdate < '1997-10-01 00:00:00'::timestamp without time zone)), (LLVM Optimized)"}]}, {"Node Type": "Index Scan", "Parent Relationship": "Inner", "Scan Direction": "Forward", "Index Name": "supplier_pkey", "Relation Name": "supplier", "Alias": "supplier", "Startup Cost": 0.0, "Total Cost": 0.45, "Plan Rows": 1, "Plan Width": 75, "Index Cond": "(s_suppkey = public.lineitem.l_suppkey)"}]}]}, "Unique SQL Id": 3712096918, "Planner Runtime": 0}, "explain_analyze_plan": {"Plan": {"Node Type": "Sort", "Startup Cost": 10368528.3, "Total Cost": 10368676.75, "Plan Rows": 59380, "Plan Width": 83, "Actual Startup Time": 15872.593, "Actual Total Time": 15872.595, "Actual Rows": 1, "Actual Loops": 1, "Sort Key": ["supplier.s_suppkey"], "Sort Method": "quicksort", "Sort Space Used": 25, "Sort Space Type": "Memory", "Plans": [{"Node Type": "Aggregate", "Strategy": "Plain", "Parent Relationship": "exec_init_plan", "Subplan Name": "InitPlan 1 (returns $0)", "Startup Cost": 5159755.92, "Total Cost": 5159755.93, "Plan Rows": 1, "Plan Width": 16, "Actual Startup Time": 7911.817, "Actual Total Time": 7911.817, "Actual Rows": 1, "Actual Loops": 1, "Plans": [{"Node Type": "Aggregate", "Strategy": "Hashed", "Parent Relationship": "Outer", "Startup Cost": 5158419.87, "Total Cost": 5159013.67, "Plan Rows": 59380, "Plan Width": 32, "Actual Startup Time": 7867.048, "Actual Total Time": 7896.699, "Actual Rows": 100000, "Actual Loops": 1, "Group By Key": ["public.lineitem.l_suppkey"], "Plans": [{"Node Type": "Index Scan", "Parent Relationship": "Outer", "Scan Direction": "Forward", "Index Name": "idx_lineitem_shipdate", "Relation Name": "lineitem", "Alias": "lineitem", "Startup Cost": 0.0, "Total Cost": 5135750.66, "Plan Rows": 2266921, "Plan Width": 24, "Actual Startup Time": 0.062, "Actual Total Time": 5871.631, "Actual Rows": 2293944, "Actual Loops": 1, "Index Cond": "((l_shipdate >= '1997-07-01 00:00:00'::timestamp(0) without time zone) AND (l_shipdate < '1997-10-01 00:00:00'::timestamp without time zone)), (LLVM Optimized, Jit Execute)", "Rows Removed by Index Recheck": 0}]}]}, {"Node Type": "Nested Loop", "Parent Relationship": "Outer", "Join Type": "Inner", "Startup Cost": 5175421.77, "Total Cost": 5204064.22, "Plan Rows": 59380, "Plan Width": 83, "Actual Startup Time": 15853.79, "Actual Total Time": 15872.562, "Actual Rows": 1, "Actual Loops": 1, "Inner Unique": true, "Plans": [{"Node Type": "Aggregate", "Strategy": "Hashed", "Parent Relationship": "Outer", "Startup Cost": 5175421.77, "Total Cost": 5176164.02, "Plan Rows": 59380, "Plan Width": 40, "Actual Startup Time": 15853.725, "Actual Total Time": 15872.285, "Actual Rows": 1, "Actual Loops": 1, "Group By Key": ["public.lineitem.l_suppkey"], "Filter": "(sum((public.lineitem.l_extendedprice * (1::double precision - public.lineitem.l_discount))) = $0), (LLVM Optimized, Jit Execute)", "Rows Removed by Filter": 99999, "Plans": [{"Node Type": "Index Scan", "Parent Relationship": "Outer", "Scan Direction": "Forward", "Index Name": "idx_lineitem_shipdate", "Relation Name": "lineitem", "Alias": "lineitem", "Startup Cost": 0.0, "Total Cost": 5135750.66, "Plan Rows": 2266921, "Plan Width": 24, "Actual Startup Time": 0.067, "Actual Total Time": 5918.777, "Actual Rows": 2293944, "Actual Loops": 1, "Index Cond": "((l_shipdate >= '1997-07-01 00:00:00'::timestamp(0) without time zone) AND (l_shipdate < '1997-10-01 00:00:00'::timestamp without time zone)), (LLVM Optimized, Jit Execute)", "Rows Removed by Index Recheck": 0}]}, {"Node Type": "Index Scan", "Parent Relationship": "Inner", "Scan Direction": "Forward", "Index Name": "supplier_pkey", "Relation Name": "supplier", "Alias": "supplier", "Startup Cost": 0.0, "Total Cost": 0.45, "Plan Rows": 1, "Plan Width": 75, "Actual Startup Time": 0.043, "Actual Total Time": 0.043, "Actual Rows": 1, "Actual Loops": 1, "Index Cond": "(s_suppkey = public.lineitem.l_suppkey)", "Rows Removed by Index Recheck": 0}]}]}, "Triggers": [], "Planner Runtime": 0.856, "Total Runtime": 15883.863, "Unique SQL Id": 3712096918}}, "(64, '58')": {"explain_plan": {"Plan": {"Node Type": "Sort", "Startup Cost": 93773253.03, "Total Cost": 93773401.48, "Plan Rows": 59380, "Plan Width": 83, "Sort Key": ["supplier.s_suppkey"], "Plans": [{"Node Type": "Aggregate", "Strategy": "Plain", "Parent Relationship": "exec_init_plan", "Subplan Name": "InitPlan 1 (returns $0)", "Startup Cost": 2339055.76, "Total Cost": 2339055.77, "Plan Rows": 1, "Plan Width": 16, "Plans": [{"Node Type": "Aggregate", "Strategy": "Hashed", "Parent Relationship": "Outer", "Startup Cost": 2337719.71, "Total Cost": 2338313.51, "Plan Rows": 59380, "Plan Width": 32, "Group By Key": ["public.lineitem.l_suppkey"], "Plans": [{"Node Type": "Seq Scan", "Parent Relationship": "Outer", "Relation Name": "lineitem", "Alias": "lineitem", "Startup Cost": 25.32, "Total Cost": 2315050.5, "Plan Rows": 2266921, "Plan Width": 24, "Filter": "((l_shipdate >= '1997-07-01 00:00:00'::timestamp(0) without time zone) AND (l_shipdate < '1997-10-01 00:00:00'::timestamp without time zone)), (LLVM Optimized)"}]}]}, {"Node Type": "Nested Loop", "Parent Relationship": "Outer", "Join Type": "Inner", "Startup Cost": 2354721.61, "Total Cost": 91429489.11, "Plan Rows": 59380, "Plan Width": 83, "Inner Unique": true, "Join Filter": "(supplier.s_suppkey = revenue0.supplier_no)", "Plans": [{"Node Type": "Seq Scan", "Parent Relationship": "Outer", "Relation Name": "supplier", "Alias": "supplier", "Startup Cost": 0.0, "Total Cost": 3283.0, "Plan Rows": 100000, "Plan Width": 75}, {"Node Type": "Materialize", "Parent Relationship": "Inner", "Startup Cost": 2354721.61, "Total Cost": 2356354.56, "Plan Rows": 59380, "Plan Width": 16, "Plans": [{"Node Type": "Subquery Scan", "Parent Relationship": "Outer", "Alias": "revenue0", "Startup Cost": 2354721.61, "Total Cost": 2356057.66, "Plan Rows": 59380, "Plan Width": 16, "Plans": [{"Node Type": "Aggregate", "Strategy": "Hashed", "Parent Relationship": "Subquery", "Startup Cost": 2354721.61, "Total Cost": 2355463.86, "Plan Rows": 59380, "Plan Width": 40, "Group By Key": ["public.lineitem.l_suppkey"], "Filter": "(sum((public.lineitem.l_extendedprice * (1::double precision - public.lineitem.l_discount))) = $0), (LLVM Optimized)", "Plans": [{"Node Type": "Seq Scan", "Parent Relationship": "Outer", "Relation Name": "lineitem", "Alias": "lineitem", "Startup Cost": 25.32, "Total Cost": 2315050.5, "Plan Rows": 2266921, "Plan Width": 24, "Filter": "((l_shipdate >= '1997-07-01 00:00:00'::timestamp(0) without time zone) AND (l_shipdate < '1997-10-01 00:00:00'::timestamp without time zone)), (LLVM Optimized)"}]}]}]}]}]}, "Unique SQL Id": 3712096918, "Planner Runtime": 0}, "explain_analyze_plan": null}, "(64, '59')": {"explain_plan": {"Plan": {"Node Type": "Nested Loop", "Join Type": "Inner", "Startup Cost": 2010463073775.39, "Total Cost": 3000552678714.27, "Plan Rows": 59380, "Plan Width": 83, "Inner Unique": true, "Join Filter": "(supplier.s_suppkey = revenue0.supplier_no)", "Plans": [{"Node Type": "Aggregate", "Strategy": "Plain", "Parent Relationship": "exec_init_plan", "Subplan Name": "InitPlan 1 (returns $0)", "Startup Cost": 1000231529054.76, "Total Cost": 1000231529054.77, "Plan Rows": 1, "Plan Width": 16, "Plans": [{"Node Type": "Aggregate", "Strategy": "Hashed", "Parent Relationship": "Outer", "Startup Cost": 1000231527718.71, "Total Cost": 1000231528312.51, "Plan Rows": 59380, "Plan Width": 32, "Group By Key": ["public.lineitem.l_suppkey"], "Plans": [{"Node Type": "Seq Scan", "Parent Relationship": "Outer", "Relation Name": "lineitem", "Alias": "lineitem", "Startup Cost": 10000000025.02, "Total Cost": 1000231505049.5, "Plan Rows": 2266921, "Plan Width": 24, "Filter": "((l_shipdate >= '1997-07-01 00:00:00'::timestamp(0) without time zone) AND (l_shipdate < '1997-10-01 00:00:00'::timestamp without time zone)), (LLVM Optimized)"}]}]}, {"Node Type": "Index Scan", "Parent Relationship": "Outer", "Scan Direction": "Forward", "Index Name": "supplier_pkey", "Relation Name": "supplier", "Alias": "supplier", "Startup Cost": 10000000000.0, "Total Cost": 1000000533454.38, "Plan Rows": 100000, "Plan Width": 75}, {"Node Type": "Materialize", "Parent Relationship": "Inner", "Startup Cost": 1000231544720.62, "Total Cost": 1000231546353.57, "Plan Rows": 59380, "Plan Width": 16, "Plans": [{"Node Type": "Subquery Scan", "Parent Relationship": "Outer", "Alias": "revenue0", "Startup Cost": 1000231544720.62, "Total Cost": 1000231546056.67, "Plan Rows": 59380, "Plan Width": 16, "Plans": [{"Node Type": "Aggregate", "Strategy": "Hashed", "Parent Relationship": "Subquery", "Startup Cost": 1000231544720.62, "Total Cost": 1000231545462.87, "Plan Rows": 59380, "Plan Width": 40, "Group By Key": ["public.lineitem.l_suppkey"], "Filter": "(sum((public.lineitem.l_extendedprice * (1::double precision - public.lineitem.l_discount))) = $0), (LLVM Optimized)", "Plans": [{"Node Type": "Seq Scan", "Parent Relationship": "Outer", "Relation Name": "lineitem", "Alias": "lineitem", "Startup Cost": 10000000025.02, "Total Cost": 1000231505049.5, "Plan Rows": 2266921, "Plan Width": 24, "Filter": "((l_shipdate >= '1997-07-01 00:00:00'::timestamp(0) without time zone) AND (l_shipdate < '1997-10-01 00:00:00'::timestamp without time zone)), (LLVM Optimized)"}]}]}]}]}, "Unique SQL Id": 3712096918, "Planner Runtime": 1}, "explain_analyze_plan": null}, "(64, '60')": {"explain_plan": {"Plan": {"Node Type": "Sort", "Startup Cost": 4727127.98, "Total Cost": 4727276.43, "Plan Rows": 59380, "Plan Width": 83, "Sort Key": ["supplier.s_suppkey"], "Plans": [{"Node Type": "Aggregate", "Strategy": "Plain", "Parent Relationship": "exec_init_plan", "Subplan Name": "InitPlan 1 (returns $0)", "Startup Cost": 2339055.76, "Total Cost": 2339055.77, "Plan Rows": 1, "Plan Width": 16, "Plans": [{"Node Type": "Aggregate", "Strategy": "Hashed", "Parent Relationship": "Outer", "Startup Cost": 2337719.71, "Total Cost": 2338313.51, "Plan Rows": 59380, "Plan Width": 32, "Group By Key": ["public.lineitem.l_suppkey"], "Plans": [{"Node Type": "Seq Scan", "Parent Relationship": "Outer", "Relation Name": "lineitem", "Alias": "lineitem", "Startup Cost": 25.32, "Total Cost": 2315050.5, "Plan Rows": 2266921, "Plan Width": 24, "Filter": "((l_shipdate >= '1997-07-01 00:00:00'::timestamp(0) without time zone) AND (l_shipdate < '1997-10-01 00:00:00'::timestamp without time zone)), (LLVM Optimized)"}]}]}, {"Node Type": "Nested Loop", "Parent Relationship": "Outer", "Join Type": "Inner", "Startup Cost": 2354721.61, "Total Cost": 2383364.06, "Plan Rows": 59380, "Plan Width": 83, "Inner Unique": true, "Plans": [{"Node Type": "Aggregate", "Strategy": "Hashed", "Parent Relationship": "Outer", "Startup Cost": 2354721.61, "Total Cost": 2355463.86, "Plan Rows": 59380, "Plan Width": 40, "Group By Key": ["public.lineitem.l_suppkey"], "Filter": "(sum((public.lineitem.l_extendedprice * (1::double precision - public.lineitem.l_discount))) = $0), (LLVM Optimized)", "Plans": [{"Node Type": "Seq Scan", "Parent Relationship": "Outer", "Relation Name": "lineitem", "Alias": "lineitem", "Startup Cost": 25.32, "Total Cost": 2315050.5, "Plan Rows": 2266921, "Plan Width": 24, "Filter": "((l_shipdate >= '1997-07-01 00:00:00'::timestamp(0) without time zone) AND (l_shipdate < '1997-10-01 00:00:00'::timestamp without time zone)), (LLVM Optimized)"}]}, {"Node Type": "Index Scan", "Parent Relationship": "Inner", "Scan Direction": "Forward", "Index Name": "supplier_pkey", "Relation Name": "supplier", "Alias": "supplier", "Startup Cost": 0.0, "Total Cost": 0.45, "Plan Rows": 1, "Plan Width": 75, "Index Cond": "(s_suppkey = public.lineitem.l_suppkey)"}]}]}, "Unique SQL Id": 3712096918, "Planner Runtime": 0}, "explain_analyze_plan": null}, "(64, '61')": {"explain_plan": {"Plan": {"Node Type": "Sort", "Startup Cost": 10368528.3, "Total Cost": 10368676.75, "Plan Rows": 59380, "Plan Width": 83, "Sort Key": ["supplier.s_suppkey"], "Plans": [{"Node Type": "Aggregate", "Strategy": "Plain", "Parent Relationship": "exec_init_plan", "Subplan Name": "InitPlan 1 (returns $0)", "Startup Cost": 5159755.92, "Total Cost": 5159755.93, "Plan Rows": 1, "Plan Width": 16, "Plans": [{"Node Type": "Aggregate", "Strategy": "Hashed", "Parent Relationship": "Outer", "Startup Cost": 5158419.87, "Total Cost": 5159013.67, "Plan Rows": 59380, "Plan Width": 32, "Group By Key": ["public.lineitem.l_suppkey"], "Plans": [{"Node Type": "Index Scan", "Parent Relationship": "Outer", "Scan Direction": "Forward", "Index Name": "idx_lineitem_shipdate", "Relation Name": "lineitem", "Alias": "lineitem", "Startup Cost": 0.0, "Total Cost": 5135750.66, "Plan Rows": 2266921, "Plan Width": 24, "Index Cond": "((l_shipdate >= '1997-07-01 00:00:00'::timestamp(0) without time zone) AND (l_shipdate < '1997-10-01 00:00:00'::timestamp without time zone)), (LLVM Optimized)"}]}]}, {"Node Type": "Nested Loop", "Parent Relationship": "Outer", "Join Type": "Inner", "Startup Cost": 5175421.77, "Total Cost": 5204064.22, "Plan Rows": 59380, "Plan Width": 83, "Inner Unique": true, "Plans": [{"Node Type": "Aggregate", "Strategy": "Hashed", "Parent Relationship": "Outer", "Startup Cost": 5175421.77, "Total Cost": 5176164.02, "Plan Rows": 59380, "Plan Width": 40, "Group By Key": ["public.lineitem.l_suppkey"], "Filter": "(sum((public.lineitem.l_extendedprice * (1::double precision - public.lineitem.l_discount))) = $0), (LLVM Optimized)", "Plans": [{"Node Type": "Index Scan", "Parent Relationship": "Outer", "Scan Direction": "Forward", "Index Name": "idx_lineitem_shipdate", "Relation Name": "lineitem", "Alias": "lineitem", "Startup Cost": 0.0, "Total Cost": 5135750.66, "Plan Rows": 2266921, "Plan Width": 24, "Index Cond": "((l_shipdate >= '1997-07-01 00:00:00'::timestamp(0) without time zone) AND (l_shipdate < '1997-10-01 00:00:00'::timestamp without time zone)), (LLVM Optimized)"}]}, {"Node Type": "Index Scan", "Parent Relationship": "Inner", "Scan Direction": "Forward", "Index Name": "supplier_pkey", "Relation Name": "supplier", "Alias": "supplier", "Startup Cost": 0.0, "Total Cost": 0.45, "Plan Rows": 1, "Plan Width": 75, "Index Cond": "(s_suppkey = public.lineitem.l_suppkey)"}]}]}, "Unique SQL Id": 3712096918, "Planner Runtime": 0}, "explain_analyze_plan": {"Plan": {"Node Type": "Sort", "Startup Cost": 10368528.3, "Total Cost": 10368676.75, "Plan Rows": 59380, "Plan Width": 83, "Actual Startup Time": 15872.593, "Actual Total Time": 15872.595, "Actual Rows": 1, "Actual Loops": 1, "Sort Key": ["supplier.s_suppkey"], "Sort Method": "quicksort", "Sort Space Used": 25, "Sort Space Type": "Memory", "Plans": [{"Node Type": "Aggregate", "Strategy": "Plain", "Parent Relationship": "exec_init_plan", "Subplan Name": "InitPlan 1 (returns $0)", "Startup Cost": 5159755.92, "Total Cost": 5159755.93, "Plan Rows": 1, "Plan Width": 16, "Actual Startup Time": 7911.817, "Actual Total Time": 7911.817, "Actual Rows": 1, "Actual Loops": 1, "Plans": [{"Node Type": "Aggregate", "Strategy": "Hashed", "Parent Relationship": "Outer", "Startup Cost": 5158419.87, "Total Cost": 5159013.67, "Plan Rows": 59380, "Plan Width": 32, "Actual Startup Time": 7867.048, "Actual Total Time": 7896.699, "Actual Rows": 100000, "Actual Loops": 1, "Group By Key": ["public.lineitem.l_suppkey"], "Plans": [{"Node Type": "Index Scan", "Parent Relationship": "Outer", "Scan Direction": "Forward", "Index Name": "idx_lineitem_shipdate", "Relation Name": "lineitem", "Alias": "lineitem", "Startup Cost": 0.0, "Total Cost": 5135750.66, "Plan Rows": 2266921, "Plan Width": 24, "Actual Startup Time": 0.062, "Actual Total Time": 5871.631, "Actual Rows": 2293944, "Actual Loops": 1, "Index Cond": "((l_shipdate >= '1997-07-01 00:00:00'::timestamp(0) without time zone) AND (l_shipdate < '1997-10-01 00:00:00'::timestamp without time zone)), (LLVM Optimized, Jit Execute)", "Rows Removed by Index Recheck": 0}]}]}, {"Node Type": "Nested Loop", "Parent Relationship": "Outer", "Join Type": "Inner", "Startup Cost": 5175421.77, "Total Cost": 5204064.22, "Plan Rows": 59380, "Plan Width": 83, "Actual Startup Time": 15853.79, "Actual Total Time": 15872.562, "Actual Rows": 1, "Actual Loops": 1, "Inner Unique": true, "Plans": [{"Node Type": "Aggregate", "Strategy": "Hashed", "Parent Relationship": "Outer", "Startup Cost": 5175421.77, "Total Cost": 5176164.02, "Plan Rows": 59380, "Plan Width": 40, "Actual Startup Time": 15853.725, "Actual Total Time": 15872.285, "Actual Rows": 1, "Actual Loops": 1, "Group By Key": ["public.lineitem.l_suppkey"], "Filter": "(sum((public.lineitem.l_extendedprice * (1::double precision - public.lineitem.l_discount))) = $0), (LLVM Optimized, Jit Execute)", "Rows Removed by Filter": 99999, "Plans": [{"Node Type": "Index Scan", "Parent Relationship": "Outer", "Scan Direction": "Forward", "Index Name": "idx_lineitem_shipdate", "Relation Name": "lineitem", "Alias": "lineitem", "Startup Cost": 0.0, "Total Cost": 5135750.66, "Plan Rows": 2266921, "Plan Width": 24, "Actual Startup Time": 0.067, "Actual Total Time": 5918.777, "Actual Rows": 2293944, "Actual Loops": 1, "Index Cond": "((l_shipdate >= '1997-07-01 00:00:00'::timestamp(0) without time zone) AND (l_shipdate < '1997-10-01 00:00:00'::timestamp without time zone)), (LLVM Optimized, Jit Execute)", "Rows Removed by Index Recheck": 0}]}, {"Node Type": "Index Scan", "Parent Relationship": "Inner", "Scan Direction": "Forward", "Index Name": "supplier_pkey", "Relation Name": "supplier", "Alias": "supplier", "Startup Cost": 0.0, "Total Cost": 0.45, "Plan Rows": 1, "Plan Width": 75, "Actual Startup Time": 0.043, "Actual Total Time": 0.043, "Actual Rows": 1, "Actual Loops": 1, "Index Cond": "(s_suppkey = public.lineitem.l_suppkey)", "Rows Removed by Index Recheck": 0}]}]}, "Triggers": [], "Planner Runtime": 0.856, "Total Runtime": 15883.863, "Unique SQL Id": 3712096918}}, "(64, '62')": {"explain_plan": {"Plan": {"Node Type": "Sort", "Startup Cost": 93773253.03, "Total Cost": 93773401.48, "Plan Rows": 59380, "Plan Width": 83, "Sort Key": ["supplier.s_suppkey"], "Plans": [{"Node Type": "Aggregate", "Strategy": "Plain", "Parent Relationship": "exec_init_plan", "Subplan Name": "InitPlan 1 (returns $0)", "Startup Cost": 2339055.76, "Total Cost": 2339055.77, "Plan Rows": 1, "Plan Width": 16, "Plans": [{"Node Type": "Aggregate", "Strategy": "Hashed", "Parent Relationship": "Outer", "Startup Cost": 2337719.71, "Total Cost": 2338313.51, "Plan Rows": 59380, "Plan Width": 32, "Group By Key": ["public.lineitem.l_suppkey"], "Plans": [{"Node Type": "Seq Scan", "Parent Relationship": "Outer", "Relation Name": "lineitem", "Alias": "lineitem", "Startup Cost": 25.32, "Total Cost": 2315050.5, "Plan Rows": 2266921, "Plan Width": 24, "Filter": "((l_shipdate >= '1997-07-01 00:00:00'::timestamp(0) without time zone) AND (l_shipdate < '1997-10-01 00:00:00'::timestamp without time zone)), (LLVM Optimized)"}]}]}, {"Node Type": "Nested Loop", "Parent Relationship": "Outer", "Join Type": "Inner", "Startup Cost": 2354721.61, "Total Cost": 91429489.11, "Plan Rows": 59380, "Plan Width": 83, "Inner Unique": true, "Join Filter": "(supplier.s_suppkey = revenue0.supplier_no)", "Plans": [{"Node Type": "Seq Scan", "Parent Relationship": "Outer", "Relation Name": "supplier", "Alias": "supplier", "Startup Cost": 0.0, "Total Cost": 3283.0, "Plan Rows": 100000, "Plan Width": 75}, {"Node Type": "Materialize", "Parent Relationship": "Inner", "Startup Cost": 2354721.61, "Total Cost": 2356354.56, "Plan Rows": 59380, "Plan Width": 16, "Plans": [{"Node Type": "Subquery Scan", "Parent Relationship": "Outer", "Alias": "revenue0", "Startup Cost": 2354721.61, "Total Cost": 2356057.66, "Plan Rows": 59380, "Plan Width": 16, "Plans": [{"Node Type": "Aggregate", "Strategy": "Hashed", "Parent Relationship": "Subquery", "Startup Cost": 2354721.61, "Total Cost": 2355463.86, "Plan Rows": 59380, "Plan Width": 40, "Group By Key": ["public.lineitem.l_suppkey"], "Filter": "(sum((public.lineitem.l_extendedprice * (1::double precision - public.lineitem.l_discount))) = $0), (LLVM Optimized)", "Plans": [{"Node Type": "Seq Scan", "Parent Relationship": "Outer", "Relation Name": "lineitem", "Alias": "lineitem", "Startup Cost": 25.32, "Total Cost": 2315050.5, "Plan Rows": 2266921, "Plan Width": 24, "Filter": "((l_shipdate >= '1997-07-01 00:00:00'::timestamp(0) without time zone) AND (l_shipdate < '1997-10-01 00:00:00'::timestamp without time zone)), (LLVM Optimized)"}]}]}]}]}]}, "Unique SQL Id": 3712096918, "Planner Runtime": 0}, "explain_analyze_plan": null}, "(64, '63')": {"explain_plan": {"Plan": {"Node Type": "Nested Loop", "Join Type": "Inner", "Startup Cost": 2010463073775.39, "Total Cost": 3000552678714.27, "Plan Rows": 59380, "Plan Width": 83, "Inner Unique": true, "Join Filter": "(supplier.s_suppkey = revenue0.supplier_no)", "Plans": [{"Node Type": "Aggregate", "Strategy": "Plain", "Parent Relationship": "exec_init_plan", "Subplan Name": "InitPlan 1 (returns $0)", "Startup Cost": 1000231529054.76, "Total Cost": 1000231529054.77, "Plan Rows": 1, "Plan Width": 16, "Plans": [{"Node Type": "Aggregate", "Strategy": "Hashed", "Parent Relationship": "Outer", "Startup Cost": 1000231527718.71, "Total Cost": 1000231528312.51, "Plan Rows": 59380, "Plan Width": 32, "Group By Key": ["public.lineitem.l_suppkey"], "Plans": [{"Node Type": "Seq Scan", "Parent Relationship": "Outer", "Relation Name": "lineitem", "Alias": "lineitem", "Startup Cost": 10000000025.02, "Total Cost": 1000231505049.5, "Plan Rows": 2266921, "Plan Width": 24, "Filter": "((l_shipdate >= '1997-07-01 00:00:00'::timestamp(0) without time zone) AND (l_shipdate < '1997-10-01 00:00:00'::timestamp without time zone)), (LLVM Optimized)"}]}]}, {"Node Type": "Index Scan", "Parent Relationship": "Outer", "Scan Direction": "Forward", "Index Name": "supplier_pkey", "Relation Name": "supplier", "Alias": "supplier", "Startup Cost": 10000000000.0, "Total Cost": 1000000533454.38, "Plan Rows": 100000, "Plan Width": 75}, {"Node Type": "Materialize", "Parent Relationship": "Inner", "Startup Cost": 1000231544720.62, "Total Cost": 1000231546353.57, "Plan Rows": 59380, "Plan Width": 16, "Plans": [{"Node Type": "Subquery Scan", "Parent Relationship": "Outer", "Alias": "revenue0", "Startup Cost": 1000231544720.62, "Total Cost": 1000231546056.67, "Plan Rows": 59380, "Plan Width": 16, "Plans": [{"Node Type": "Aggregate", "Strategy": "Hashed", "Parent Relationship": "Subquery", "Startup Cost": 1000231544720.62, "Total Cost": 1000231545462.87, "Plan Rows": 59380, "Plan Width": 40, "Group By Key": ["public.lineitem.l_suppkey"], "Filter": "(sum((public.lineitem.l_extendedprice * (1::double precision - public.lineitem.l_discount))) = $0), (LLVM Optimized)", "Plans": [{"Node Type": "Seq Scan", "Parent Relationship": "Outer", "Relation Name": "lineitem", "Alias": "lineitem", "Startup Cost": 10000000025.02, "Total Cost": 1000231505049.5, "Plan Rows": 2266921, "Plan Width": 24, "Filter": "((l_shipdate >= '1997-07-01 00:00:00'::timestamp(0) without time zone) AND (l_shipdate < '1997-10-01 00:00:00'::timestamp without time zone)), (LLVM Optimized)"}]}]}]}]}, "Unique SQL Id": 3712096918, "Planner Runtime": 0}, "explain_analyze_plan": null}, "(64, '64')": {"explain_plan": {"Plan": {"Node Type": "Merge Join", "Join Type": "Inner", "Startup Cost": 3242103.77, "Total Cost": 3248579.02, "Plan Rows": 59380, "Plan Width": 83, "Inner Unique": true, "Merge Cond": "(supplier.s_suppkey = revenue0.supplier_no)", "Plans": [{"Node Type": "Aggregate", "Strategy": "Plain", "Parent Relationship": "exec_init_plan", "Subplan Name": "InitPlan 1 (returns $0)", "Startup Cost": 1610196.85, "Total Cost": 1610196.86, "Plan Rows": 1, "Plan Width": 16, "Plans": [{"Node Type": "Aggregate", "Strategy": "Hashed", "Parent Relationship": "Outer", "Startup Cost": 1608860.8, "Total Cost": 1609454.6, "Plan Rows": 59380, "Plan Width": 32, "Group By Key": ["public.lineitem.l_suppkey"], "Plans": [{"Node Type": "Bitmap Heap Scan", "Parent Relationship": "Outer", "Relation Name": "lineitem", "Alias": "lineitem", "Startup Cost": 78544.19, "Total Cost": 1586191.59, "Plan Rows": 2266921, "Plan Width": 24, "Recheck Cond": "((l_shipdate >= '1997-07-01 00:00:00'::timestamp(0) without time zone) AND (l_shipdate < '1997-10-01 00:00:00'::timestamp without time zone)), (LLVM Optimized)", "Plans": [{"Node Type": "Bitmap Index Scan", "Parent Relationship": "Outer", "Index Name": "idx_lineitem_shipdate", "Startup Cost": 0.0, "Total Cost": 77977.46, "Plan Rows": 2266921, "Plan Width": 0, "Index Cond": "((l_shipdate >= '1997-07-01 00:00:00'::timestamp(0) without time zone) AND (l_shipdate < '1997-10-01 00:00:00'::timestamp without time zone))"}]}]}]}, {"Node Type": "Index Scan", "Parent Relationship": "Outer", "Scan Direction": "Forward", "Index Name": "supplier_pkey", "Relation Name": "supplier", "Alias": "supplier", "Startup Cost": 0.0, "Total Cost": 5334.54, "Plan Rows": 100000, "Plan Width": 75}, {"Node Type": "Sort", "Parent Relationship": "Inner", "Startup Cost": 1631906.91, "Total Cost": 1632055.36, "Plan Rows": 59380, "Plan Width": 16, "Sort Key": ["revenue0.supplier_no"], "Plans": [{"Node Type": "Subquery Scan", "Parent Relationship": "Outer", "Alias": "revenue0", "Startup Cost": 1625862.71, "Total Cost": 1627198.76, "Plan Rows": 59380, "Plan Width": 16, "Plans": [{"Node Type": "Aggregate", "Strategy": "Hashed", "Parent Relationship": "Subquery", "Startup Cost": 1625862.71, "Total Cost": 1626604.96, "Plan Rows": 59380, "Plan Width": 40, "Group By Key": ["public.lineitem.l_suppkey"], "Filter": "(sum((public.lineitem.l_extendedprice * (1::double precision - public.lineitem.l_discount))) = $0), (LLVM Optimized)", "Plans": [{"Node Type": "Bitmap Heap Scan", "Parent Relationship": "Outer", "Relation Name": "lineitem", "Alias": "lineitem", "Startup Cost": 78544.19, "Total Cost": 1586191.59, "Plan Rows": 2266921, "Plan Width": 24, "Recheck Cond": "((l_shipdate >= '1997-07-01 00:00:00'::timestamp(0) without time zone) AND (l_shipdate < '1997-10-01 00:00:00'::timestamp without time zone)), (LLVM Optimized)", "Plans": [{"Node Type": "Bitmap Index Scan", "Parent Relationship": "Outer", "Index Name": "idx_lineitem_shipdate", "Startup Cost": 0.0, "Total Cost": 77977.46, "Plan Rows": 2266921, "Plan Width": 0, "Index Cond": "((l_shipdate >= '1997-07-01 00:00:00'::timestamp(0) without time zone) AND (l_shipdate < '1997-10-01 00:00:00'::timestamp without time zone))"}]}]}]}]}]}, "Unique SQL Id": 3712096918, "Planner Runtime": 0}, "explain_analyze_plan": {"Plan": {"Node Type": "Merge Join", "Join Type": "Inner", "Startup Cost": 3242103.77, "Total Cost": 3248579.02, "Plan Rows": 59380, "Plan Width": 83, "Actual Startup Time": 11259.12, "Actual Total Time": 11259.13, "Actual Rows": 1, "Actual Loops": 1, "Inner Unique": true, "Merge Cond": "(supplier.s_suppkey = revenue0.supplier_no)", "Plans": [{"Node Type": "Aggregate", "Strategy": "Plain", "Parent Relationship": "exec_init_plan", "Subplan Name": "InitPlan 1 (returns $0)", "Startup Cost": 1610196.85, "Total Cost": 1610196.86, "Plan Rows": 1, "Plan Width": 16, "Actual Startup Time": 5678.286, "Actual Total Time": 5678.286, "Actual Rows": 1, "Actual Loops": 1, "Plans": [{"Node Type": "Aggregate", "Strategy": "Hashed", "Parent Relationship": "Outer", "Startup Cost": 1608860.8, "Total Cost": 1609454.6, "Plan Rows": 59380, "Plan Width": 32, "Actual Startup Time": 5632.701, "Actual Total Time": 5663.385, "Actual Rows": 100000, "Actual Loops": 1, "Group By Key": ["public.lineitem.l_suppkey"], "Plans": [{"Node Type": "Bitmap Heap Scan", "Parent Relationship": "Outer", "Relation Name": "lineitem", "Alias": "lineitem", "Startup Cost": 78544.19, "Total Cost": 1586191.59, "Plan Rows": 2266921, "Plan Width": 24, "Actual Startup Time": 1092.363, "Actual Total Time": 3924.167, "Actual Rows": 2293944, "Actual Loops": 1, "Recheck Cond": "((l_shipdate >= '1997-07-01 00:00:00'::timestamp(0) without time zone) AND (l_shipdate < '1997-10-01 00:00:00'::timestamp without time zone)), (LLVM Optimized, Jit Execute)", "Rows Removed by Index Recheck": 0, "Exact Heap Blocks": 732487, "Lossy Heap Blocks": 732487, "Plans": [{"Node Type": "Bitmap Index Scan", "Parent Relationship": "Outer", "Index Name": "idx_lineitem_shipdate", "Startup Cost": 0.0, "Total Cost": 77977.46, "Plan Rows": 2266921, "Plan Width": 0, "Actual Startup Time": 806.305, "Actual Total Time": 806.305, "Actual Rows": 2293944, "Actual Loops": 1, "Index Cond": "((l_shipdate >= '1997-07-01 00:00:00'::timestamp(0) without time zone) AND (l_shipdate < '1997-10-01 00:00:00'::timestamp without time zone))"}]}]}]}, {"Node Type": "Index Scan", "Parent Relationship": "Outer", "Scan Direction": "Forward", "Index Name": "supplier_pkey", "Relation Name": "supplier", "Alias": "supplier", "Startup Cost": 0.0, "Total Cost": 5334.54, "Plan Rows": 100000, "Plan Width": 75, "Actual Startup Time": 0.035, "Actual Total Time": 17.69, "Actual Rows": 35977, "Actual Loops": 1}, {"Node Type": "Sort", "Parent Relationship": "Inner", "Startup Cost": 1631906.91, "Total Cost": 1632055.36, "Plan Rows": 59380, "Plan Width": 16, "Actual Startup Time": 11236.384, "Actual Total Time": 11236.386, "Actual Rows": 1, "Actual Loops": 1, "Sort Key": ["revenue0.supplier_no"], "Sort Method": "quicksort", "Sort Space Used": 25, "Sort Space Type": "Memory", "Plans": [{"Node Type": "Subquery Scan", "Parent Relationship": "Outer", "Alias": "revenue0", "Startup Cost": 1625862.71, "Total Cost": 1627198.76, "Plan Rows": 59380, "Plan Width": 16, "Actual Startup Time": 11217.282, "Actual Total Time": 11236.125, "Actual Rows": 1, "Actual Loops": 1, "Plans": [{"Node Type": "Aggregate", "Strategy": "Hashed", "Parent Relationship": "Subquery", "Startup Cost": 1625862.71, "Total Cost": 1626604.96, "Plan Rows": 59380, "Plan Width": 40, "Actual Startup Time": 11217.279, "Actual Total Time": 11236.12, "Actual Rows": 1, "Actual Loops": 1, "Group By Key": ["public.lineitem.l_suppkey"], "Filter": "(sum((public.lineitem.l_extendedprice * (1::double precision - public.lineitem.l_discount))) = $0), (LLVM Optimized, Jit Execute)", "Rows Removed by Filter": 99999, "Plans": [{"Node Type": "Bitmap Heap Scan", "Parent Relationship": "Outer", "Relation Name": "lineitem", "Alias": "lineitem", "Startup Cost": 78544.19, "Total Cost": 1586191.59, "Plan Rows": 2266921, "Plan Width": 24, "Actual Startup Time": 1268.542, "Actual Total Time": 4012.865, "Actual Rows": 2293944, "Actual Loops": 1, "Recheck Cond": "((l_shipdate >= '1997-07-01 00:00:00'::timestamp(0) without time zone) AND (l_shipdate < '1997-10-01 00:00:00'::timestamp without time zone)), (LLVM Optimized, Jit Execute)", "Rows Removed by Index Recheck": 0, "Exact Heap Blocks": 732487, "Lossy Heap Blocks": 732487, "Plans": [{"Node Type": "Bitmap Index Scan", "Parent Relationship": "Outer", "Index Name": "idx_lineitem_shipdate", "Startup Cost": 0.0, "Total Cost": 77977.46, "Plan Rows": 2266921, "Plan Width": 0, "Actual Startup Time": 913.173, "Actual Total Time": 913.173, "Actual Rows": 2293944, "Actual Loops": 1, "Index Cond": "((l_shipdate >= '1997-07-01 00:00:00'::timestamp(0) without time zone) AND (l_shipdate < '1997-10-01 00:00:00'::timestamp without time zone))"}]}]}]}]}]}, "Triggers": [], "Planner Runtime": 0.897, "Total Runtime": 11271.753, "Unique SQL Id": 3712096918}}, "(64, '65')": {"explain_plan": {"Plan": {"Node Type": "Merge Join", "Join Type": "Inner", "Startup Cost": 3242103.77, "Total Cost": 3248579.02, "Plan Rows": 59380, "Plan Width": 83, "Inner Unique": true, "Merge Cond": "(supplier.s_suppkey = revenue0.supplier_no)", "Plans": [{"Node Type": "Aggregate", "Strategy": "Plain", "Parent Relationship": "exec_init_plan", "Subplan Name": "InitPlan 1 (returns $0)", "Startup Cost": 1610196.85, "Total Cost": 1610196.86, "Plan Rows": 1, "Plan Width": 16, "Plans": [{"Node Type": "Aggregate", "Strategy": "Hashed", "Parent Relationship": "Outer", "Startup Cost": 1608860.8, "Total Cost": 1609454.6, "Plan Rows": 59380, "Plan Width": 32, "Group By Key": ["public.lineitem.l_suppkey"], "Plans": [{"Node Type": "Bitmap Heap Scan", "Parent Relationship": "Outer", "Relation Name": "lineitem", "Alias": "lineitem", "Startup Cost": 78544.19, "Total Cost": 1586191.59, "Plan Rows": 2266921, "Plan Width": 24, "Recheck Cond": "((l_shipdate >= '1997-07-01 00:00:00'::timestamp(0) without time zone) AND (l_shipdate < '1997-10-01 00:00:00'::timestamp without time zone)), (LLVM Optimized)", "Plans": [{"Node Type": "Bitmap Index Scan", "Parent Relationship": "Outer", "Index Name": "idx_lineitem_shipdate", "Startup Cost": 0.0, "Total Cost": 77977.46, "Plan Rows": 2266921, "Plan Width": 0, "Index Cond": "((l_shipdate >= '1997-07-01 00:00:00'::timestamp(0) without time zone) AND (l_shipdate < '1997-10-01 00:00:00'::timestamp without time zone))"}]}]}]}, {"Node Type": "Index Scan", "Parent Relationship": "Outer", "Scan Direction": "Forward", "Index Name": "supplier_pkey", "Relation Name": "supplier", "Alias": "supplier", "Startup Cost": 0.0, "Total Cost": 5334.54, "Plan Rows": 100000, "Plan Width": 75}, {"Node Type": "Sort", "Parent Relationship": "Inner", "Startup Cost": 1631906.91, "Total Cost": 1632055.36, "Plan Rows": 59380, "Plan Width": 16, "Sort Key": ["revenue0.supplier_no"], "Plans": [{"Node Type": "Subquery Scan", "Parent Relationship": "Outer", "Alias": "revenue0", "Startup Cost": 1625862.71, "Total Cost": 1627198.76, "Plan Rows": 59380, "Plan Width": 16, "Plans": [{"Node Type": "Aggregate", "Strategy": "Hashed", "Parent Relationship": "Subquery", "Startup Cost": 1625862.71, "Total Cost": 1626604.96, "Plan Rows": 59380, "Plan Width": 40, "Group By Key": ["public.lineitem.l_suppkey"], "Filter": "(sum((public.lineitem.l_extendedprice * (1::double precision - public.lineitem.l_discount))) = $0), (LLVM Optimized)", "Plans": [{"Node Type": "Bitmap Heap Scan", "Parent Relationship": "Outer", "Relation Name": "lineitem", "Alias": "lineitem", "Startup Cost": 78544.19, "Total Cost": 1586191.59, "Plan Rows": 2266921, "Plan Width": 24, "Recheck Cond": "((l_shipdate >= '1997-07-01 00:00:00'::timestamp(0) without time zone) AND (l_shipdate < '1997-10-01 00:00:00'::timestamp without time zone)), (LLVM Optimized)", "Plans": [{"Node Type": "Bitmap Index Scan", "Parent Relationship": "Outer", "Index Name": "idx_lineitem_shipdate", "Startup Cost": 0.0, "Total Cost": 77977.46, "Plan Rows": 2266921, "Plan Width": 0, "Index Cond": "((l_shipdate >= '1997-07-01 00:00:00'::timestamp(0) without time zone) AND (l_shipdate < '1997-10-01 00:00:00'::timestamp without time zone))"}]}]}]}]}]}, "Unique SQL Id": 3712096918, "Planner Runtime": 0}, "explain_analyze_plan": {"Plan": {"Node Type": "Merge Join", "Join Type": "Inner", "Startup Cost": 3242103.77, "Total Cost": 3248579.02, "Plan Rows": 59380, "Plan Width": 83, "Actual Startup Time": 11259.12, "Actual Total Time": 11259.13, "Actual Rows": 1, "Actual Loops": 1, "Inner Unique": true, "Merge Cond": "(supplier.s_suppkey = revenue0.supplier_no)", "Plans": [{"Node Type": "Aggregate", "Strategy": "Plain", "Parent Relationship": "exec_init_plan", "Subplan Name": "InitPlan 1 (returns $0)", "Startup Cost": 1610196.85, "Total Cost": 1610196.86, "Plan Rows": 1, "Plan Width": 16, "Actual Startup Time": 5678.286, "Actual Total Time": 5678.286, "Actual Rows": 1, "Actual Loops": 1, "Plans": [{"Node Type": "Aggregate", "Strategy": "Hashed", "Parent Relationship": "Outer", "Startup Cost": 1608860.8, "Total Cost": 1609454.6, "Plan Rows": 59380, "Plan Width": 32, "Actual Startup Time": 5632.701, "Actual Total Time": 5663.385, "Actual Rows": 100000, "Actual Loops": 1, "Group By Key": ["public.lineitem.l_suppkey"], "Plans": [{"Node Type": "Bitmap Heap Scan", "Parent Relationship": "Outer", "Relation Name": "lineitem", "Alias": "lineitem", "Startup Cost": 78544.19, "Total Cost": 1586191.59, "Plan Rows": 2266921, "Plan Width": 24, "Actual Startup Time": 1092.363, "Actual Total Time": 3924.167, "Actual Rows": 2293944, "Actual Loops": 1, "Recheck Cond": "((l_shipdate >= '1997-07-01 00:00:00'::timestamp(0) without time zone) AND (l_shipdate < '1997-10-01 00:00:00'::timestamp without time zone)), (LLVM Optimized, Jit Execute)", "Rows Removed by Index Recheck": 0, "Exact Heap Blocks": 732487, "Lossy Heap Blocks": 732487, "Plans": [{"Node Type": "Bitmap Index Scan", "Parent Relationship": "Outer", "Index Name": "idx_lineitem_shipdate", "Startup Cost": 0.0, "Total Cost": 77977.46, "Plan Rows": 2266921, "Plan Width": 0, "Actual Startup Time": 806.305, "Actual Total Time": 806.305, "Actual Rows": 2293944, "Actual Loops": 1, "Index Cond": "((l_shipdate >= '1997-07-01 00:00:00'::timestamp(0) without time zone) AND (l_shipdate < '1997-10-01 00:00:00'::timestamp without time zone))"}]}]}]}, {"Node Type": "Index Scan", "Parent Relationship": "Outer", "Scan Direction": "Forward", "Index Name": "supplier_pkey", "Relation Name": "supplier", "Alias": "supplier", "Startup Cost": 0.0, "Total Cost": 5334.54, "Plan Rows": 100000, "Plan Width": 75, "Actual Startup Time": 0.035, "Actual Total Time": 17.69, "Actual Rows": 35977, "Actual Loops": 1}, {"Node Type": "Sort", "Parent Relationship": "Inner", "Startup Cost": 1631906.91, "Total Cost": 1632055.36, "Plan Rows": 59380, "Plan Width": 16, "Actual Startup Time": 11236.384, "Actual Total Time": 11236.386, "Actual Rows": 1, "Actual Loops": 1, "Sort Key": ["revenue0.supplier_no"], "Sort Method": "quicksort", "Sort Space Used": 25, "Sort Space Type": "Memory", "Plans": [{"Node Type": "Subquery Scan", "Parent Relationship": "Outer", "Alias": "revenue0", "Startup Cost": 1625862.71, "Total Cost": 1627198.76, "Plan Rows": 59380, "Plan Width": 16, "Actual Startup Time": 11217.282, "Actual Total Time": 11236.125, "Actual Rows": 1, "Actual Loops": 1, "Plans": [{"Node Type": "Aggregate", "Strategy": "Hashed", "Parent Relationship": "Subquery", "Startup Cost": 1625862.71, "Total Cost": 1626604.96, "Plan Rows": 59380, "Plan Width": 40, "Actual Startup Time": 11217.279, "Actual Total Time": 11236.12, "Actual Rows": 1, "Actual Loops": 1, "Group By Key": ["public.lineitem.l_suppkey"], "Filter": "(sum((public.lineitem.l_extendedprice * (1::double precision - public.lineitem.l_discount))) = $0), (LLVM Optimized, Jit Execute)", "Rows Removed by Filter": 99999, "Plans": [{"Node Type": "Bitmap Heap Scan", "Parent Relationship": "Outer", "Relation Name": "lineitem", "Alias": "lineitem", "Startup Cost": 78544.19, "Total Cost": 1586191.59, "Plan Rows": 2266921, "Plan Width": 24, "Actual Startup Time": 1268.542, "Actual Total Time": 4012.865, "Actual Rows": 2293944, "Actual Loops": 1, "Recheck Cond": "((l_shipdate >= '1997-07-01 00:00:00'::timestamp(0) without time zone) AND (l_shipdate < '1997-10-01 00:00:00'::timestamp without time zone)), (LLVM Optimized, Jit Execute)", "Rows Removed by Index Recheck": 0, "Exact Heap Blocks": 732487, "Lossy Heap Blocks": 732487, "Plans": [{"Node Type": "Bitmap Index Scan", "Parent Relationship": "Outer", "Index Name": "idx_lineitem_shipdate", "Startup Cost": 0.0, "Total Cost": 77977.46, "Plan Rows": 2266921, "Plan Width": 0, "Actual Startup Time": 913.173, "Actual Total Time": 913.173, "Actual Rows": 2293944, "Actual Loops": 1, "Index Cond": "((l_shipdate >= '1997-07-01 00:00:00'::timestamp(0) without time zone) AND (l_shipdate < '1997-10-01 00:00:00'::timestamp without time zone))"}]}]}]}]}]}, "Triggers": [], "Planner Runtime": 0.897, "Total Runtime": 11271.753, "Unique SQL Id": 3712096918}}, "(64, '66')": {"explain_plan": {"Plan": {"Node Type": "Merge Join", "Join Type": "Inner", "Startup Cost": 3253691.59, "Total Cost": 3255082.29, "Plan Rows": 59380, "Plan Width": 83, "Inner Unique": true, "Merge Cond": "(supplier.s_suppkey = revenue0.supplier_no)", "Plans": [{"Node Type": "Aggregate", "Strategy": "Plain", "Parent Relationship": "exec_init_plan", "Subplan Name": "InitPlan 1 (returns $0)", "Startup Cost": 1610196.85, "Total Cost": 1610196.86, "Plan Rows": 1, "Plan Width": 16, "Plans": [{"Node Type": "Aggregate", "Strategy": "Hashed", "Parent Relationship": "Outer", "Startup Cost": 1608860.8, "Total Cost": 1609454.6, "Plan Rows": 59380, "Plan Width": 32, "Group By Key": ["public.lineitem.l_suppkey"], "Plans": [{"Node Type": "Bitmap Heap Scan", "Parent Relationship": "Outer", "Relation Name": "lineitem", "Alias": "lineitem", "Startup Cost": 78544.19, "Total Cost": 1586191.59, "Plan Rows": 2266921, "Plan Width": 24, "Recheck Cond": "((l_shipdate >= '1997-07-01 00:00:00'::timestamp(0) without time zone) AND (l_shipdate < '1997-10-01 00:00:00'::timestamp without time zone)), (LLVM Optimized)", "Plans": [{"Node Type": "Bitmap Index Scan", "Parent Relationship": "Outer", "Index Name": "idx_lineitem_shipdate", "Startup Cost": 0.0, "Total Cost": 77977.46, "Plan Rows": 2266921, "Plan Width": 0, "Index Cond": "((l_shipdate >= '1997-07-01 00:00:00'::timestamp(0) without time zone) AND (l_shipdate < '1997-10-01 00:00:00'::timestamp without time zone))"}]}]}]}, {"Node Type": "Sort", "Parent Relationship": "Outer", "Startup Cost": 11587.82, "Total Cost": 11837.82, "Plan Rows": 100000, "Plan Width": 75, "Sort Key": ["supplier.s_suppkey"], "Plans": [{"Node Type": "Seq Scan", "Parent Relationship": "Outer", "Relation Name": "supplier", "Alias": "supplier", "Startup Cost": 0.0, "Total Cost": 3283.0, "Plan Rows": 100000, "Plan Width": 75}]}, {"Node Type": "Sort", "Parent Relationship": "Inner", "Startup Cost": 1631906.91, "Total Cost": 1632055.36, "Plan Rows": 59380, "Plan Width": 16, "Sort Key": ["revenue0.supplier_no"], "Plans": [{"Node Type": "Subquery Scan", "Parent Relationship": "Outer", "Alias": "revenue0", "Startup Cost": 1625862.71, "Total Cost": 1627198.76, "Plan Rows": 59380, "Plan Width": 16, "Plans": [{"Node Type": "Aggregate", "Strategy": "Hashed", "Parent Relationship": "Subquery", "Startup Cost": 1625862.71, "Total Cost": 1626604.96, "Plan Rows": 59380, "Plan Width": 40, "Group By Key": ["public.lineitem.l_suppkey"], "Filter": "(sum((public.lineitem.l_extendedprice * (1::double precision - public.lineitem.l_discount))) = $0), (LLVM Optimized)", "Plans": [{"Node Type": "Bitmap Heap Scan", "Parent Relationship": "Outer", "Relation Name": "lineitem", "Alias": "lineitem", "Startup Cost": 78544.19, "Total Cost": 1586191.59, "Plan Rows": 2266921, "Plan Width": 24, "Recheck Cond": "((l_shipdate >= '1997-07-01 00:00:00'::timestamp(0) without time zone) AND (l_shipdate < '1997-10-01 00:00:00'::timestamp without time zone)), (LLVM Optimized)", "Plans": [{"Node Type": "Bitmap Index Scan", "Parent Relationship": "Outer", "Index Name": "idx_lineitem_shipdate", "Startup Cost": 0.0, "Total Cost": 77977.46, "Plan Rows": 2266921, "Plan Width": 0, "Index Cond": "((l_shipdate >= '1997-07-01 00:00:00'::timestamp(0) without time zone) AND (l_shipdate < '1997-10-01 00:00:00'::timestamp without time zone))"}]}]}]}]}]}, "Unique SQL Id": 3712096918, "Planner Runtime": 0}, "explain_analyze_plan": {"Plan": {"Node Type": "Merge Join", "Join Type": "Inner", "Startup Cost": 3253691.59, "Total Cost": 3255082.29, "Plan Rows": 59380, "Plan Width": 83, "Actual Startup Time": 11273.839, "Actual Total Time": 11274.042, "Actual Rows": 1, "Actual Loops": 1, "Inner Unique": true, "Merge Cond": "(supplier.s_suppkey = revenue0.supplier_no)", "Plans": [{"Node Type": "Aggregate", "Strategy": "Plain", "Parent Relationship": "exec_init_plan", "Subplan Name": "InitPlan 1 (returns $0)", "Startup Cost": 1610196.85, "Total Cost": 1610196.86, "Plan Rows": 1, "Plan Width": 16, "Actual Startup Time": 5587.42, "Actual Total Time": 5587.42, "Actual Rows": 1, "Actual Loops": 1, "Plans": [{"Node Type": "Aggregate", "Strategy": "Hashed", "Parent Relationship": "Outer", "Startup Cost": 1608860.8, "Total Cost": 1609454.6, "Plan Rows": 59380, "Plan Width": 32, "Actual Startup Time": 5543.433, "Actual Total Time": 5572.471, "Actual Rows": 100000, "Actual Loops": 1, "Group By Key": ["public.lineitem.l_suppkey"], "Plans": [{"Node Type": "Bitmap Heap Scan", "Parent Relationship": "Outer", "Relation Name": "lineitem", "Alias": "lineitem", "Startup Cost": 78544.19, "Total Cost": 1586191.59, "Plan Rows": 2266921, "Plan Width": 24, "Actual Startup Time": 1181.717, "Actual Total Time": 3948.832, "Actual Rows": 2293944, "Actual Loops": 1, "Recheck Cond": "((l_shipdate >= '1997-07-01 00:00:00'::timestamp(0) without time zone) AND (l_shipdate < '1997-10-01 00:00:00'::timestamp without time zone)), (LLVM Optimized, Jit Execute)", "Rows Removed by Index Recheck": 0, "Exact Heap Blocks": 732487, "Lossy Heap Blocks": 732487, "Plans": [{"Node Type": "Bitmap Index Scan", "Parent Relationship": "Outer", "Index Name": "idx_lineitem_shipdate", "Startup Cost": 0.0, "Total Cost": 77977.46, "Plan Rows": 2266921, "Plan Width": 0, "Actual Startup Time": 891.828, "Actual Total Time": 891.828, "Actual Rows": 2293944, "Actual Loops": 1, "Index Cond": "((l_shipdate >= '1997-07-01 00:00:00'::timestamp(0) without time zone) AND (l_shipdate < '1997-10-01 00:00:00'::timestamp without time zone))"}]}]}]}, {"Node Type": "Sort", "Parent Relationship": "Outer", "Startup Cost": 11587.82, "Total Cost": 11837.82, "Plan Rows": 100000, "Plan Width": 75, "Actual Startup Time": 69.893, "Actual Total Time": 74.352, "Actual Rows": 35977, "Actual Loops": 1, "Sort Key": ["supplier.s_suppkey"], "Sort Method": "quicksort", "Sort Space Used": 18698, "Sort Space Type": "Memory", "Plans": [{"Node Type": "Seq Scan", "Parent Relationship": "Outer", "Relation Name": "supplier", "Alias": "supplier", "Startup Cost": 0.0, "Total Cost": 3283.0, "Plan Rows": 100000, "Plan Width": 75, "Actual Startup Time": 0.023, "Actual Total Time": 34.157, "Actual Rows": 100000, "Actual Loops": 1}]}, {"Node Type": "Sort", "Parent Relationship": "Inner", "Startup Cost": 1631906.91, "Total Cost": 1632055.36, "Plan Rows": 59380, "Plan Width": 16, "Actual Startup Time": 11194.298, "Actual Total Time": 11194.298, "Actual Rows": 1, "Actual Loops": 1, "Sort Key": ["revenue0.supplier_no"], "Sort Method": "quicksort", "Sort Space Used": 25, "Sort Space Type": "Memory", "Plans": [{"Node Type": "Subquery Scan", "Parent Relationship": "Outer", "Alias": "revenue0", "Startup Cost": 1625862.71, "Total Cost": 1627198.76, "Plan Rows": 59380, "Plan Width": 16, "Actual Startup Time": 11175.845, "Actual Total Time": 11194.042, "Actual Rows": 1, "Actual Loops": 1, "Plans": [{"Node Type": "Aggregate", "Strategy": "Hashed", "Parent Relationship": "Subquery", "Startup Cost": 1625862.71, "Total Cost": 1626604.96, "Plan Rows": 59380, "Plan Width": 40, "Actual Startup Time": 11175.843, "Actual Total Time": 11194.037, "Actual Rows": 1, "Actual Loops": 1, "Group By Key": ["public.lineitem.l_suppkey"], "Filter": "(sum((public.lineitem.l_extendedprice * (1::double precision - public.lineitem.l_discount))) = $0), (LLVM Optimized, Jit Execute)", "Rows Removed by Filter": 99999, "Plans": [{"Node Type": "Bitmap Heap Scan", "Parent Relationship": "Outer", "Relation Name": "lineitem", "Alias": "lineitem", "Startup Cost": 78544.19, "Total Cost": 1586191.59, "Plan Rows": 2266921, "Plan Width": 24, "Actual Startup Time": 1200.348, "Actual Total Time": 3963.914, "Actual Rows": 2293944, "Actual Loops": 1, "Recheck Cond": "((l_shipdate >= '1997-07-01 00:00:00'::timestamp(0) without time zone) AND (l_shipdate < '1997-10-01 00:00:00'::timestamp without time zone)), (LLVM Optimized, Jit Execute)", "Rows Removed by Index Recheck": 0, "Exact Heap Blocks": 732487, "Lossy Heap Blocks": 732487, "Plans": [{"Node Type": "Bitmap Index Scan", "Parent Relationship": "Outer", "Index Name": "idx_lineitem_shipdate", "Startup Cost": 0.0, "Total Cost": 77977.46, "Plan Rows": 2266921, "Plan Width": 0, "Actual Startup Time": 837.379, "Actual Total Time": 837.379, "Actual Rows": 2293944, "Actual Loops": 1, "Index Cond": "((l_shipdate >= '1997-07-01 00:00:00'::timestamp(0) without time zone) AND (l_shipdate < '1997-10-01 00:00:00'::timestamp without time zone))"}]}]}]}]}]}, "Triggers": [], "Planner Runtime": 0.871, "Total Runtime": 11286.651, "Unique SQL Id": 3712096918}}, "(64, '67')": {"explain_plan": {"Plan": {"Node Type": "Sort", "Startup Cost": 3497813.02, "Total Cost": 3497961.47, "Plan Rows": 59380, "Plan Width": 83, "Sort Key": ["supplier.s_suppkey"], "Plans": [{"Node Type": "Aggregate", "Strategy": "Plain", "Parent Relationship": "exec_init_plan", "Subplan Name": "InitPlan 1 (returns $0)", "Startup Cost": 1610196.85, "Total Cost": 1610196.86, "Plan Rows": 1, "Plan Width": 16, "Plans": [{"Node Type": "Aggregate", "Strategy": "Hashed", "Parent Relationship": "Outer", "Startup Cost": 1608860.8, "Total Cost": 1609454.6, "Plan Rows": 59380, "Plan Width": 32, "Group By Key": ["public.lineitem.l_suppkey"], "Plans": [{"Node Type": "Bitmap Heap Scan", "Parent Relationship": "Outer", "Relation Name": "lineitem", "Alias": "lineitem", "Startup Cost": 78544.19, "Total Cost": 1586191.59, "Plan Rows": 2266921, "Plan Width": 24, "Recheck Cond": "((l_shipdate >= '1997-07-01 00:00:00'::timestamp(0) without time zone) AND (l_shipdate < '1997-10-01 00:00:00'::timestamp without time zone)), (LLVM Optimized)", "Plans": [{"Node Type": "Bitmap Index Scan", "Parent Relationship": "Outer", "Index Name": "idx_lineitem_shipdate", "Startup Cost": 0.0, "Total Cost": 77977.46, "Plan Rows": 2266921, "Plan Width": 0, "Index Cond": "((l_shipdate >= '1997-07-01 00:00:00'::timestamp(0) without time zone) AND (l_shipdate < '1997-10-01 00:00:00'::timestamp without time zone))"}]}]}]}, {"Node Type": "Nested Loop", "Parent Relationship": "Outer", "Join Type": "Inner", "Startup Cost": 1625863.0, "Total Cost": 1882908.01, "Plan Rows": 59380, "Plan Width": 83, "Inner Unique": true, "Plans": [{"Node Type": "Aggregate", "Strategy": "Hashed", "Parent Relationship": "Outer", "Startup Cost": 1625862.71, "Total Cost": 1626604.96, "Plan Rows": 59380, "Plan Width": 40, "Group By Key": ["public.lineitem.l_suppkey"], "Filter": "(sum((public.lineitem.l_extendedprice * (1::double precision - public.lineitem.l_discount))) = $0), (LLVM Optimized)", "Plans": [{"Node Type": "Bitmap Heap Scan", "Parent Relationship": "Outer", "Relation Name": "lineitem", "Alias": "lineitem", "Startup Cost": 78544.19, "Total Cost": 1586191.59, "Plan Rows": 2266921, "Plan Width": 24, "Recheck Cond": "((l_shipdate >= '1997-07-01 00:00:00'::timestamp(0) without time zone) AND (l_shipdate < '1997-10-01 00:00:00'::timestamp without time zone)), (LLVM Optimized)", "Plans": [{"Node Type": "Bitmap Index Scan", "Parent Relationship": "Outer", "Index Name": "idx_lineitem_shipdate", "Startup Cost": 0.0, "Total Cost": 77977.46, "Plan Rows": 2266921, "Plan Width": 0, "Index Cond": "((l_shipdate >= '1997-07-01 00:00:00'::timestamp(0) without time zone) AND (l_shipdate < '1997-10-01 00:00:00'::timestamp without time zone))"}]}]}, {"Node Type": "Bitmap Heap Scan", "Parent Relationship": "Inner", "Relation Name": "supplier", "Alias": "supplier", "Startup Cost": 0.28, "Total Cost": 4.3, "Plan Rows": 1, "Plan Width": 75, "Recheck Cond": "(s_suppkey = public.lineitem.l_suppkey)", "Plans": [{"Node Type": "Bitmap Index Scan", "Parent Relationship": "Outer", "Index Name": "supplier_pkey", "Startup Cost": 0.0, "Total Cost": 0.28, "Plan Rows": 1, "Plan Width": 0, "Index Cond": "(s_suppkey = public.lineitem.l_suppkey)"}]}]}]}, "Unique SQL Id": 3712096918, "Planner Runtime": 0}, "explain_analyze_plan": {"Plan": {"Node Type": "Sort", "Startup Cost": 3497813.02, "Total Cost": 3497961.47, "Plan Rows": 59380, "Plan Width": 83, "Actual Startup Time": 11573.67, "Actual Total Time": 11573.671, "Actual Rows": 1, "Actual Loops": 1, "Sort Key": ["supplier.s_suppkey"], "Sort Method": "quicksort", "Sort Space Used": 25, "Sort Space Type": "Memory", "Plans": [{"Node Type": "Aggregate", "Strategy": "Plain", "Parent Relationship": "exec_init_plan", "Subplan Name": "InitPlan 1 (returns $0)", "Startup Cost": 1610196.85, "Total Cost": 1610196.86, "Plan Rows": 1, "Plan Width": 16, "Actual Startup Time": 5810.994, "Actual Total Time": 5810.994, "Actual Rows": 1, "Actual Loops": 1, "Plans": [{"Node Type": "Aggregate", "Strategy": "Hashed", "Parent Relationship": "Outer", "Startup Cost": 1608860.8, "Total Cost": 1609454.6, "Plan Rows": 59380, "Plan Width": 32, "Actual Startup Time": 5762.308, "Actual Total Time": 5795.992, "Actual Rows": 100000, "Actual Loops": 1, "Group By Key": ["public.lineitem.l_suppkey"], "Plans": [{"Node Type": "Bitmap Heap Scan", "Parent Relationship": "Outer", "Relation Name": "lineitem", "Alias": "lineitem", "Startup Cost": 78544.19, "Total Cost": 1586191.59, "Plan Rows": 2266921, "Plan Width": 24, "Actual Startup Time": 1233.691, "Actual Total Time": 4071.08, "Actual Rows": 2293944, "Actual Loops": 1, "Recheck Cond": "((l_shipdate >= '1997-07-01 00:00:00'::timestamp(0) without time zone) AND (l_shipdate < '1997-10-01 00:00:00'::timestamp without time zone)), (LLVM Optimized, Jit Execute)", "Rows Removed by Index Recheck": 0, "Exact Heap Blocks": 732487, "Lossy Heap Blocks": 732487, "Plans": [{"Node Type": "Bitmap Index Scan", "Parent Relationship": "Outer", "Index Name": "idx_lineitem_shipdate", "Startup Cost": 0.0, "Total Cost": 77977.46, "Plan Rows": 2266921, "Plan Width": 0, "Actual Startup Time": 943.405, "Actual Total Time": 943.405, "Actual Rows": 2293944, "Actual Loops": 1, "Index Cond": "((l_shipdate >= '1997-07-01 00:00:00'::timestamp(0) without time zone) AND (l_shipdate < '1997-10-01 00:00:00'::timestamp without time zone))"}]}]}]}, {"Node Type": "Nested Loop", "Parent Relationship": "Outer", "Join Type": "Inner", "Startup Cost": 1625863.0, "Total Cost": 1882908.01, "Plan Rows": 59380, "Plan Width": 83, "Actual Startup Time": 11554.935, "Actual Total Time": 11573.643, "Actual Rows": 1, "Actual Loops": 1, "Inner Unique": true, "Plans": [{"Node Type": "Aggregate", "Strategy": "Hashed", "Parent Relationship": "Outer", "Startup Cost": 1625862.71, "Total Cost": 1626604.96, "Plan Rows": 59380, "Plan Width": 40, "Actual Startup Time": 11554.824, "Actual Total Time": 11573.326, "Actual Rows": 1, "Actual Loops": 1, "Group By Key": ["public.lineitem.l_suppkey"], "Filter": "(sum((public.lineitem.l_extendedprice * (1::double precision - public.lineitem.l_discount))) = $0), (LLVM Optimized, Jit Execute)", "Rows Removed by Filter": 99999, "Plans": [{"Node Type": "Bitmap Heap Scan", "Parent Relationship": "Outer", "Relation Name": "lineitem", "Alias": "lineitem", "Startup Cost": 78544.19, "Total Cost": 1586191.59, "Plan Rows": 2266921, "Plan Width": 24, "Actual Startup Time": 1251.575, "Actual Total Time": 4123.103, "Actual Rows": 2293944, "Actual Loops": 1, "Recheck Cond": "((l_shipdate >= '1997-07-01 00:00:00'::timestamp(0) without time zone) AND (l_shipdate < '1997-10-01 00:00:00'::timestamp without time zone)), (LLVM Optimized, Jit Execute)", "Rows Removed by Index Recheck": 0, "Exact Heap Blocks": 732487, "Lossy Heap Blocks": 732487, "Plans": [{"Node Type": "Bitmap Index Scan", "Parent Relationship": "Outer", "Index Name": "idx_lineitem_shipdate", "Startup Cost": 0.0, "Total Cost": 77977.46, "Plan Rows": 2266921, "Plan Width": 0, "Actual Startup Time": 951.166, "Actual Total Time": 951.166, "Actual Rows": 2293944, "Actual Loops": 1, "Index Cond": "((l_shipdate >= '1997-07-01 00:00:00'::timestamp(0) without time zone) AND (l_shipdate < '1997-10-01 00:00:00'::timestamp without time zone))"}]}]}, {"Node Type": "Bitmap Heap Scan", "Parent Relationship": "Inner", "Relation Name": "supplier", "Alias": "supplier", "Startup Cost": 0.28, "Total Cost": 4.3, "Plan Rows": 1, "Plan Width": 75, "Actual Startup Time": 0.082, "Actual Total Time": 0.082, "Actual Rows": 1, "Actual Loops": 1, "Recheck Cond": "(s_suppkey = public.lineitem.l_suppkey)", "Rows Removed by Index Recheck": 0, "Exact Heap Blocks": 1, "Lossy Heap Blocks": 1, "Plans": [{"Node Type": "Bitmap Index Scan", "Parent Relationship": "Outer", "Index Name": "supplier_pkey", "Startup Cost": 0.0, "Total Cost": 0.28, "Plan Rows": 1, "Plan Width": 0, "Actual Startup Time": 0.037, "Actual Total Time": 0.037, "Actual Rows": 1, "Actual Loops": 1, "Index Cond": "(s_suppkey = public.lineitem.l_suppkey)"}]}]}]}, "Triggers": [], "Planner Runtime": 0.887, "Total Runtime": 11586.661, "Unique SQL Id": 3712096918}}, "(64, '68')": {"explain_plan": {"Plan": {"Node Type": "Merge Join", "Join Type": "Inner", "Startup Cost": 3242103.77, "Total Cost": 3248579.02, "Plan Rows": 59380, "Plan Width": 83, "Inner Unique": true, "Merge Cond": "(supplier.s_suppkey = revenue0.supplier_no)", "Plans": [{"Node Type": "Aggregate", "Strategy": "Plain", "Parent Relationship": "exec_init_plan", "Subplan Name": "InitPlan 1 (returns $0)", "Startup Cost": 1610196.85, "Total Cost": 1610196.86, "Plan Rows": 1, "Plan Width": 16, "Plans": [{"Node Type": "Aggregate", "Strategy": "Hashed", "Parent Relationship": "Outer", "Startup Cost": 1608860.8, "Total Cost": 1609454.6, "Plan Rows": 59380, "Plan Width": 32, "Group By Key": ["public.lineitem.l_suppkey"], "Plans": [{"Node Type": "Bitmap Heap Scan", "Parent Relationship": "Outer", "Relation Name": "lineitem", "Alias": "lineitem", "Startup Cost": 78544.19, "Total Cost": 1586191.59, "Plan Rows": 2266921, "Plan Width": 24, "Recheck Cond": "((l_shipdate >= '1997-07-01 00:00:00'::timestamp(0) without time zone) AND (l_shipdate < '1997-10-01 00:00:00'::timestamp without time zone)), (LLVM Optimized)", "Plans": [{"Node Type": "Bitmap Index Scan", "Parent Relationship": "Outer", "Index Name": "idx_lineitem_shipdate", "Startup Cost": 0.0, "Total Cost": 77977.46, "Plan Rows": 2266921, "Plan Width": 0, "Index Cond": "((l_shipdate >= '1997-07-01 00:00:00'::timestamp(0) without time zone) AND (l_shipdate < '1997-10-01 00:00:00'::timestamp without time zone))"}]}]}]}, {"Node Type": "Index Scan", "Parent Relationship": "Outer", "Scan Direction": "Forward", "Index Name": "supplier_pkey", "Relation Name": "supplier", "Alias": "supplier", "Startup Cost": 0.0, "Total Cost": 5334.54, "Plan Rows": 100000, "Plan Width": 75}, {"Node Type": "Sort", "Parent Relationship": "Inner", "Startup Cost": 1631906.91, "Total Cost": 1632055.36, "Plan Rows": 59380, "Plan Width": 16, "Sort Key": ["revenue0.supplier_no"], "Plans": [{"Node Type": "Subquery Scan", "Parent Relationship": "Outer", "Alias": "revenue0", "Startup Cost": 1625862.71, "Total Cost": 1627198.76, "Plan Rows": 59380, "Plan Width": 16, "Plans": [{"Node Type": "Aggregate", "Strategy": "Hashed", "Parent Relationship": "Subquery", "Startup Cost": 1625862.71, "Total Cost": 1626604.96, "Plan Rows": 59380, "Plan Width": 40, "Group By Key": ["public.lineitem.l_suppkey"], "Filter": "(sum((public.lineitem.l_extendedprice * (1::double precision - public.lineitem.l_discount))) = $0), (LLVM Optimized)", "Plans": [{"Node Type": "Bitmap Heap Scan", "Parent Relationship": "Outer", "Relation Name": "lineitem", "Alias": "lineitem", "Startup Cost": 78544.19, "Total Cost": 1586191.59, "Plan Rows": 2266921, "Plan Width": 24, "Recheck Cond": "((l_shipdate >= '1997-07-01 00:00:00'::timestamp(0) without time zone) AND (l_shipdate < '1997-10-01 00:00:00'::timestamp without time zone)), (LLVM Optimized)", "Plans": [{"Node Type": "Bitmap Index Scan", "Parent Relationship": "Outer", "Index Name": "idx_lineitem_shipdate", "Startup Cost": 0.0, "Total Cost": 77977.46, "Plan Rows": 2266921, "Plan Width": 0, "Index Cond": "((l_shipdate >= '1997-07-01 00:00:00'::timestamp(0) without time zone) AND (l_shipdate < '1997-10-01 00:00:00'::timestamp without time zone))"}]}]}]}]}]}, "Unique SQL Id": 3712096918, "Planner Runtime": 0}, "explain_analyze_plan": {"Plan": {"Node Type": "Merge Join", "Join Type": "Inner", "Startup Cost": 3242103.77, "Total Cost": 3248579.02, "Plan Rows": 59380, "Plan Width": 83, "Actual Startup Time": 11259.12, "Actual Total Time": 11259.13, "Actual Rows": 1, "Actual Loops": 1, "Inner Unique": true, "Merge Cond": "(supplier.s_suppkey = revenue0.supplier_no)", "Plans": [{"Node Type": "Aggregate", "Strategy": "Plain", "Parent Relationship": "exec_init_plan", "Subplan Name": "InitPlan 1 (returns $0)", "Startup Cost": 1610196.85, "Total Cost": 1610196.86, "Plan Rows": 1, "Plan Width": 16, "Actual Startup Time": 5678.286, "Actual Total Time": 5678.286, "Actual Rows": 1, "Actual Loops": 1, "Plans": [{"Node Type": "Aggregate", "Strategy": "Hashed", "Parent Relationship": "Outer", "Startup Cost": 1608860.8, "Total Cost": 1609454.6, "Plan Rows": 59380, "Plan Width": 32, "Actual Startup Time": 5632.701, "Actual Total Time": 5663.385, "Actual Rows": 100000, "Actual Loops": 1, "Group By Key": ["public.lineitem.l_suppkey"], "Plans": [{"Node Type": "Bitmap Heap Scan", "Parent Relationship": "Outer", "Relation Name": "lineitem", "Alias": "lineitem", "Startup Cost": 78544.19, "Total Cost": 1586191.59, "Plan Rows": 2266921, "Plan Width": 24, "Actual Startup Time": 1092.363, "Actual Total Time": 3924.167, "Actual Rows": 2293944, "Actual Loops": 1, "Recheck Cond": "((l_shipdate >= '1997-07-01 00:00:00'::timestamp(0) without time zone) AND (l_shipdate < '1997-10-01 00:00:00'::timestamp without time zone)), (LLVM Optimized, Jit Execute)", "Rows Removed by Index Recheck": 0, "Exact Heap Blocks": 732487, "Lossy Heap Blocks": 732487, "Plans": [{"Node Type": "Bitmap Index Scan", "Parent Relationship": "Outer", "Index Name": "idx_lineitem_shipdate", "Startup Cost": 0.0, "Total Cost": 77977.46, "Plan Rows": 2266921, "Plan Width": 0, "Actual Startup Time": 806.305, "Actual Total Time": 806.305, "Actual Rows": 2293944, "Actual Loops": 1, "Index Cond": "((l_shipdate >= '1997-07-01 00:00:00'::timestamp(0) without time zone) AND (l_shipdate < '1997-10-01 00:00:00'::timestamp without time zone))"}]}]}]}, {"Node Type": "Index Scan", "Parent Relationship": "Outer", "Scan Direction": "Forward", "Index Name": "supplier_pkey", "Relation Name": "supplier", "Alias": "supplier", "Startup Cost": 0.0, "Total Cost": 5334.54, "Plan Rows": 100000, "Plan Width": 75, "Actual Startup Time": 0.035, "Actual Total Time": 17.69, "Actual Rows": 35977, "Actual Loops": 1}, {"Node Type": "Sort", "Parent Relationship": "Inner", "Startup Cost": 1631906.91, "Total Cost": 1632055.36, "Plan Rows": 59380, "Plan Width": 16, "Actual Startup Time": 11236.384, "Actual Total Time": 11236.386, "Actual Rows": 1, "Actual Loops": 1, "Sort Key": ["revenue0.supplier_no"], "Sort Method": "quicksort", "Sort Space Used": 25, "Sort Space Type": "Memory", "Plans": [{"Node Type": "Subquery Scan", "Parent Relationship": "Outer", "Alias": "revenue0", "Startup Cost": 1625862.71, "Total Cost": 1627198.76, "Plan Rows": 59380, "Plan Width": 16, "Actual Startup Time": 11217.282, "Actual Total Time": 11236.125, "Actual Rows": 1, "Actual Loops": 1, "Plans": [{"Node Type": "Aggregate", "Strategy": "Hashed", "Parent Relationship": "Subquery", "Startup Cost": 1625862.71, "Total Cost": 1626604.96, "Plan Rows": 59380, "Plan Width": 40, "Actual Startup Time": 11217.279, "Actual Total Time": 11236.12, "Actual Rows": 1, "Actual Loops": 1, "Group By Key": ["public.lineitem.l_suppkey"], "Filter": "(sum((public.lineitem.l_extendedprice * (1::double precision - public.lineitem.l_discount))) = $0), (LLVM Optimized, Jit Execute)", "Rows Removed by Filter": 99999, "Plans": [{"Node Type": "Bitmap Heap Scan", "Parent Relationship": "Outer", "Relation Name": "lineitem", "Alias": "lineitem", "Startup Cost": 78544.19, "Total Cost": 1586191.59, "Plan Rows": 2266921, "Plan Width": 24, "Actual Startup Time": 1268.542, "Actual Total Time": 4012.865, "Actual Rows": 2293944, "Actual Loops": 1, "Recheck Cond": "((l_shipdate >= '1997-07-01 00:00:00'::timestamp(0) without time zone) AND (l_shipdate < '1997-10-01 00:00:00'::timestamp without time zone)), (LLVM Optimized, Jit Execute)", "Rows Removed by Index Recheck": 0, "Exact Heap Blocks": 732487, "Lossy Heap Blocks": 732487, "Plans": [{"Node Type": "Bitmap Index Scan", "Parent Relationship": "Outer", "Index Name": "idx_lineitem_shipdate", "Startup Cost": 0.0, "Total Cost": 77977.46, "Plan Rows": 2266921, "Plan Width": 0, "Actual Startup Time": 913.173, "Actual Total Time": 913.173, "Actual Rows": 2293944, "Actual Loops": 1, "Index Cond": "((l_shipdate >= '1997-07-01 00:00:00'::timestamp(0) without time zone) AND (l_shipdate < '1997-10-01 00:00:00'::timestamp without time zone))"}]}]}]}]}]}, "Triggers": [], "Planner Runtime": 0.897, "Total Runtime": 11271.753, "Unique SQL Id": 3712096918}}, "(64, '69')": {"explain_plan": {"Plan": {"Node Type": "Merge Join", "Join Type": "Inner", "Startup Cost": 3242103.77, "Total Cost": 3248579.02, "Plan Rows": 59380, "Plan Width": 83, "Inner Unique": true, "Merge Cond": "(supplier.s_suppkey = revenue0.supplier_no)", "Plans": [{"Node Type": "Aggregate", "Strategy": "Plain", "Parent Relationship": "exec_init_plan", "Subplan Name": "InitPlan 1 (returns $0)", "Startup Cost": 1610196.85, "Total Cost": 1610196.86, "Plan Rows": 1, "Plan Width": 16, "Plans": [{"Node Type": "Aggregate", "Strategy": "Hashed", "Parent Relationship": "Outer", "Startup Cost": 1608860.8, "Total Cost": 1609454.6, "Plan Rows": 59380, "Plan Width": 32, "Group By Key": ["public.lineitem.l_suppkey"], "Plans": [{"Node Type": "Bitmap Heap Scan", "Parent Relationship": "Outer", "Relation Name": "lineitem", "Alias": "lineitem", "Startup Cost": 78544.19, "Total Cost": 1586191.59, "Plan Rows": 2266921, "Plan Width": 24, "Recheck Cond": "((l_shipdate >= '1997-07-01 00:00:00'::timestamp(0) without time zone) AND (l_shipdate < '1997-10-01 00:00:00'::timestamp without time zone)), (LLVM Optimized)", "Plans": [{"Node Type": "Bitmap Index Scan", "Parent Relationship": "Outer", "Index Name": "idx_lineitem_shipdate", "Startup Cost": 0.0, "Total Cost": 77977.46, "Plan Rows": 2266921, "Plan Width": 0, "Index Cond": "((l_shipdate >= '1997-07-01 00:00:00'::timestamp(0) without time zone) AND (l_shipdate < '1997-10-01 00:00:00'::timestamp without time zone))"}]}]}]}, {"Node Type": "Index Scan", "Parent Relationship": "Outer", "Scan Direction": "Forward", "Index Name": "supplier_pkey", "Relation Name": "supplier", "Alias": "supplier", "Startup Cost": 0.0, "Total Cost": 5334.54, "Plan Rows": 100000, "Plan Width": 75}, {"Node Type": "Sort", "Parent Relationship": "Inner", "Startup Cost": 1631906.91, "Total Cost": 1632055.36, "Plan Rows": 59380, "Plan Width": 16, "Sort Key": ["revenue0.supplier_no"], "Plans": [{"Node Type": "Subquery Scan", "Parent Relationship": "Outer", "Alias": "revenue0", "Startup Cost": 1625862.71, "Total Cost": 1627198.76, "Plan Rows": 59380, "Plan Width": 16, "Plans": [{"Node Type": "Aggregate", "Strategy": "Hashed", "Parent Relationship": "Subquery", "Startup Cost": 1625862.71, "Total Cost": 1626604.96, "Plan Rows": 59380, "Plan Width": 40, "Group By Key": ["public.lineitem.l_suppkey"], "Filter": "(sum((public.lineitem.l_extendedprice * (1::double precision - public.lineitem.l_discount))) = $0), (LLVM Optimized)", "Plans": [{"Node Type": "Bitmap Heap Scan", "Parent Relationship": "Outer", "Relation Name": "lineitem", "Alias": "lineitem", "Startup Cost": 78544.19, "Total Cost": 1586191.59, "Plan Rows": 2266921, "Plan Width": 24, "Recheck Cond": "((l_shipdate >= '1997-07-01 00:00:00'::timestamp(0) without time zone) AND (l_shipdate < '1997-10-01 00:00:00'::timestamp without time zone)), (LLVM Optimized)", "Plans": [{"Node Type": "Bitmap Index Scan", "Parent Relationship": "Outer", "Index Name": "idx_lineitem_shipdate", "Startup Cost": 0.0, "Total Cost": 77977.46, "Plan Rows": 2266921, "Plan Width": 0, "Index Cond": "((l_shipdate >= '1997-07-01 00:00:00'::timestamp(0) without time zone) AND (l_shipdate < '1997-10-01 00:00:00'::timestamp without time zone))"}]}]}]}]}]}, "Unique SQL Id": 3712096918, "Planner Runtime": 0}, "explain_analyze_plan": {"Plan": {"Node Type": "Merge Join", "Join Type": "Inner", "Startup Cost": 3242103.77, "Total Cost": 3248579.02, "Plan Rows": 59380, "Plan Width": 83, "Actual Startup Time": 11259.12, "Actual Total Time": 11259.13, "Actual Rows": 1, "Actual Loops": 1, "Inner Unique": true, "Merge Cond": "(supplier.s_suppkey = revenue0.supplier_no)", "Plans": [{"Node Type": "Aggregate", "Strategy": "Plain", "Parent Relationship": "exec_init_plan", "Subplan Name": "InitPlan 1 (returns $0)", "Startup Cost": 1610196.85, "Total Cost": 1610196.86, "Plan Rows": 1, "Plan Width": 16, "Actual Startup Time": 5678.286, "Actual Total Time": 5678.286, "Actual Rows": 1, "Actual Loops": 1, "Plans": [{"Node Type": "Aggregate", "Strategy": "Hashed", "Parent Relationship": "Outer", "Startup Cost": 1608860.8, "Total Cost": 1609454.6, "Plan Rows": 59380, "Plan Width": 32, "Actual Startup Time": 5632.701, "Actual Total Time": 5663.385, "Actual Rows": 100000, "Actual Loops": 1, "Group By Key": ["public.lineitem.l_suppkey"], "Plans": [{"Node Type": "Bitmap Heap Scan", "Parent Relationship": "Outer", "Relation Name": "lineitem", "Alias": "lineitem", "Startup Cost": 78544.19, "Total Cost": 1586191.59, "Plan Rows": 2266921, "Plan Width": 24, "Actual Startup Time": 1092.363, "Actual Total Time": 3924.167, "Actual Rows": 2293944, "Actual Loops": 1, "Recheck Cond": "((l_shipdate >= '1997-07-01 00:00:00'::timestamp(0) without time zone) AND (l_shipdate < '1997-10-01 00:00:00'::timestamp without time zone)), (LLVM Optimized, Jit Execute)", "Rows Removed by Index Recheck": 0, "Exact Heap Blocks": 732487, "Lossy Heap Blocks": 732487, "Plans": [{"Node Type": "Bitmap Index Scan", "Parent Relationship": "Outer", "Index Name": "idx_lineitem_shipdate", "Startup Cost": 0.0, "Total Cost": 77977.46, "Plan Rows": 2266921, "Plan Width": 0, "Actual Startup Time": 806.305, "Actual Total Time": 806.305, "Actual Rows": 2293944, "Actual Loops": 1, "Index Cond": "((l_shipdate >= '1997-07-01 00:00:00'::timestamp(0) without time zone) AND (l_shipdate < '1997-10-01 00:00:00'::timestamp without time zone))"}]}]}]}, {"Node Type": "Index Scan", "Parent Relationship": "Outer", "Scan Direction": "Forward", "Index Name": "supplier_pkey", "Relation Name": "supplier", "Alias": "supplier", "Startup Cost": 0.0, "Total Cost": 5334.54, "Plan Rows": 100000, "Plan Width": 75, "Actual Startup Time": 0.035, "Actual Total Time": 17.69, "Actual Rows": 35977, "Actual Loops": 1}, {"Node Type": "Sort", "Parent Relationship": "Inner", "Startup Cost": 1631906.91, "Total Cost": 1632055.36, "Plan Rows": 59380, "Plan Width": 16, "Actual Startup Time": 11236.384, "Actual Total Time": 11236.386, "Actual Rows": 1, "Actual Loops": 1, "Sort Key": ["revenue0.supplier_no"], "Sort Method": "quicksort", "Sort Space Used": 25, "Sort Space Type": "Memory", "Plans": [{"Node Type": "Subquery Scan", "Parent Relationship": "Outer", "Alias": "revenue0", "Startup Cost": 1625862.71, "Total Cost": 1627198.76, "Plan Rows": 59380, "Plan Width": 16, "Actual Startup Time": 11217.282, "Actual Total Time": 11236.125, "Actual Rows": 1, "Actual Loops": 1, "Plans": [{"Node Type": "Aggregate", "Strategy": "Hashed", "Parent Relationship": "Subquery", "Startup Cost": 1625862.71, "Total Cost": 1626604.96, "Plan Rows": 59380, "Plan Width": 40, "Actual Startup Time": 11217.279, "Actual Total Time": 11236.12, "Actual Rows": 1, "Actual Loops": 1, "Group By Key": ["public.lineitem.l_suppkey"], "Filter": "(sum((public.lineitem.l_extendedprice * (1::double precision - public.lineitem.l_discount))) = $0), (LLVM Optimized, Jit Execute)", "Rows Removed by Filter": 99999, "Plans": [{"Node Type": "Bitmap Heap Scan", "Parent Relationship": "Outer", "Relation Name": "lineitem", "Alias": "lineitem", "Startup Cost": 78544.19, "Total Cost": 1586191.59, "Plan Rows": 2266921, "Plan Width": 24, "Actual Startup Time": 1268.542, "Actual Total Time": 4012.865, "Actual Rows": 2293944, "Actual Loops": 1, "Recheck Cond": "((l_shipdate >= '1997-07-01 00:00:00'::timestamp(0) without time zone) AND (l_shipdate < '1997-10-01 00:00:00'::timestamp without time zone)), (LLVM Optimized, Jit Execute)", "Rows Removed by Index Recheck": 0, "Exact Heap Blocks": 732487, "Lossy Heap Blocks": 732487, "Plans": [{"Node Type": "Bitmap Index Scan", "Parent Relationship": "Outer", "Index Name": "idx_lineitem_shipdate", "Startup Cost": 0.0, "Total Cost": 77977.46, "Plan Rows": 2266921, "Plan Width": 0, "Actual Startup Time": 913.173, "Actual Total Time": 913.173, "Actual Rows": 2293944, "Actual Loops": 1, "Index Cond": "((l_shipdate >= '1997-07-01 00:00:00'::timestamp(0) without time zone) AND (l_shipdate < '1997-10-01 00:00:00'::timestamp without time zone))"}]}]}]}]}]}, "Triggers": [], "Planner Runtime": 0.897, "Total Runtime": 11271.753, "Unique SQL Id": 3712096918}}, "(64, '70')": {"explain_plan": {"Plan": {"Node Type": "Merge Join", "Join Type": "Inner", "Startup Cost": 3253691.59, "Total Cost": 3255082.29, "Plan Rows": 59380, "Plan Width": 83, "Inner Unique": true, "Merge Cond": "(supplier.s_suppkey = revenue0.supplier_no)", "Plans": [{"Node Type": "Aggregate", "Strategy": "Plain", "Parent Relationship": "exec_init_plan", "Subplan Name": "InitPlan 1 (returns $0)", "Startup Cost": 1610196.85, "Total Cost": 1610196.86, "Plan Rows": 1, "Plan Width": 16, "Plans": [{"Node Type": "Aggregate", "Strategy": "Hashed", "Parent Relationship": "Outer", "Startup Cost": 1608860.8, "Total Cost": 1609454.6, "Plan Rows": 59380, "Plan Width": 32, "Group By Key": ["public.lineitem.l_suppkey"], "Plans": [{"Node Type": "Bitmap Heap Scan", "Parent Relationship": "Outer", "Relation Name": "lineitem", "Alias": "lineitem", "Startup Cost": 78544.19, "Total Cost": 1586191.59, "Plan Rows": 2266921, "Plan Width": 24, "Recheck Cond": "((l_shipdate >= '1997-07-01 00:00:00'::timestamp(0) without time zone) AND (l_shipdate < '1997-10-01 00:00:00'::timestamp without time zone)), (LLVM Optimized)", "Plans": [{"Node Type": "Bitmap Index Scan", "Parent Relationship": "Outer", "Index Name": "idx_lineitem_shipdate", "Startup Cost": 0.0, "Total Cost": 77977.46, "Plan Rows": 2266921, "Plan Width": 0, "Index Cond": "((l_shipdate >= '1997-07-01 00:00:00'::timestamp(0) without time zone) AND (l_shipdate < '1997-10-01 00:00:00'::timestamp without time zone))"}]}]}]}, {"Node Type": "Sort", "Parent Relationship": "Outer", "Startup Cost": 11587.82, "Total Cost": 11837.82, "Plan Rows": 100000, "Plan Width": 75, "Sort Key": ["supplier.s_suppkey"], "Plans": [{"Node Type": "Seq Scan", "Parent Relationship": "Outer", "Relation Name": "supplier", "Alias": "supplier", "Startup Cost": 0.0, "Total Cost": 3283.0, "Plan Rows": 100000, "Plan Width": 75}]}, {"Node Type": "Sort", "Parent Relationship": "Inner", "Startup Cost": 1631906.91, "Total Cost": 1632055.36, "Plan Rows": 59380, "Plan Width": 16, "Sort Key": ["revenue0.supplier_no"], "Plans": [{"Node Type": "Subquery Scan", "Parent Relationship": "Outer", "Alias": "revenue0", "Startup Cost": 1625862.71, "Total Cost": 1627198.76, "Plan Rows": 59380, "Plan Width": 16, "Plans": [{"Node Type": "Aggregate", "Strategy": "Hashed", "Parent Relationship": "Subquery", "Startup Cost": 1625862.71, "Total Cost": 1626604.96, "Plan Rows": 59380, "Plan Width": 40, "Group By Key": ["public.lineitem.l_suppkey"], "Filter": "(sum((public.lineitem.l_extendedprice * (1::double precision - public.lineitem.l_discount))) = $0), (LLVM Optimized)", "Plans": [{"Node Type": "Bitmap Heap Scan", "Parent Relationship": "Outer", "Relation Name": "lineitem", "Alias": "lineitem", "Startup Cost": 78544.19, "Total Cost": 1586191.59, "Plan Rows": 2266921, "Plan Width": 24, "Recheck Cond": "((l_shipdate >= '1997-07-01 00:00:00'::timestamp(0) without time zone) AND (l_shipdate < '1997-10-01 00:00:00'::timestamp without time zone)), (LLVM Optimized)", "Plans": [{"Node Type": "Bitmap Index Scan", "Parent Relationship": "Outer", "Index Name": "idx_lineitem_shipdate", "Startup Cost": 0.0, "Total Cost": 77977.46, "Plan Rows": 2266921, "Plan Width": 0, "Index Cond": "((l_shipdate >= '1997-07-01 00:00:00'::timestamp(0) without time zone) AND (l_shipdate < '1997-10-01 00:00:00'::timestamp without time zone))"}]}]}]}]}]}, "Unique SQL Id": 3712096918, "Planner Runtime": 0}, "explain_analyze_plan": {"Plan": {"Node Type": "Merge Join", "Join Type": "Inner", "Startup Cost": 3253691.59, "Total Cost": 3255082.29, "Plan Rows": 59380, "Plan Width": 83, "Actual Startup Time": 11273.839, "Actual Total Time": 11274.042, "Actual Rows": 1, "Actual Loops": 1, "Inner Unique": true, "Merge Cond": "(supplier.s_suppkey = revenue0.supplier_no)", "Plans": [{"Node Type": "Aggregate", "Strategy": "Plain", "Parent Relationship": "exec_init_plan", "Subplan Name": "InitPlan 1 (returns $0)", "Startup Cost": 1610196.85, "Total Cost": 1610196.86, "Plan Rows": 1, "Plan Width": 16, "Actual Startup Time": 5587.42, "Actual Total Time": 5587.42, "Actual Rows": 1, "Actual Loops": 1, "Plans": [{"Node Type": "Aggregate", "Strategy": "Hashed", "Parent Relationship": "Outer", "Startup Cost": 1608860.8, "Total Cost": 1609454.6, "Plan Rows": 59380, "Plan Width": 32, "Actual Startup Time": 5543.433, "Actual Total Time": 5572.471, "Actual Rows": 100000, "Actual Loops": 1, "Group By Key": ["public.lineitem.l_suppkey"], "Plans": [{"Node Type": "Bitmap Heap Scan", "Parent Relationship": "Outer", "Relation Name": "lineitem", "Alias": "lineitem", "Startup Cost": 78544.19, "Total Cost": 1586191.59, "Plan Rows": 2266921, "Plan Width": 24, "Actual Startup Time": 1181.717, "Actual Total Time": 3948.832, "Actual Rows": 2293944, "Actual Loops": 1, "Recheck Cond": "((l_shipdate >= '1997-07-01 00:00:00'::timestamp(0) without time zone) AND (l_shipdate < '1997-10-01 00:00:00'::timestamp without time zone)), (LLVM Optimized, Jit Execute)", "Rows Removed by Index Recheck": 0, "Exact Heap Blocks": 732487, "Lossy Heap Blocks": 732487, "Plans": [{"Node Type": "Bitmap Index Scan", "Parent Relationship": "Outer", "Index Name": "idx_lineitem_shipdate", "Startup Cost": 0.0, "Total Cost": 77977.46, "Plan Rows": 2266921, "Plan Width": 0, "Actual Startup Time": 891.828, "Actual Total Time": 891.828, "Actual Rows": 2293944, "Actual Loops": 1, "Index Cond": "((l_shipdate >= '1997-07-01 00:00:00'::timestamp(0) without time zone) AND (l_shipdate < '1997-10-01 00:00:00'::timestamp without time zone))"}]}]}]}, {"Node Type": "Sort", "Parent Relationship": "Outer", "Startup Cost": 11587.82, "Total Cost": 11837.82, "Plan Rows": 100000, "Plan Width": 75, "Actual Startup Time": 69.893, "Actual Total Time": 74.352, "Actual Rows": 35977, "Actual Loops": 1, "Sort Key": ["supplier.s_suppkey"], "Sort Method": "quicksort", "Sort Space Used": 18698, "Sort Space Type": "Memory", "Plans": [{"Node Type": "Seq Scan", "Parent Relationship": "Outer", "Relation Name": "supplier", "Alias": "supplier", "Startup Cost": 0.0, "Total Cost": 3283.0, "Plan Rows": 100000, "Plan Width": 75, "Actual Startup Time": 0.023, "Actual Total Time": 34.157, "Actual Rows": 100000, "Actual Loops": 1}]}, {"Node Type": "Sort", "Parent Relationship": "Inner", "Startup Cost": 1631906.91, "Total Cost": 1632055.36, "Plan Rows": 59380, "Plan Width": 16, "Actual Startup Time": 11194.298, "Actual Total Time": 11194.298, "Actual Rows": 1, "Actual Loops": 1, "Sort Key": ["revenue0.supplier_no"], "Sort Method": "quicksort", "Sort Space Used": 25, "Sort Space Type": "Memory", "Plans": [{"Node Type": "Subquery Scan", "Parent Relationship": "Outer", "Alias": "revenue0", "Startup Cost": 1625862.71, "Total Cost": 1627198.76, "Plan Rows": 59380, "Plan Width": 16, "Actual Startup Time": 11175.845, "Actual Total Time": 11194.042, "Actual Rows": 1, "Actual Loops": 1, "Plans": [{"Node Type": "Aggregate", "Strategy": "Hashed", "Parent Relationship": "Subquery", "Startup Cost": 1625862.71, "Total Cost": 1626604.96, "Plan Rows": 59380, "Plan Width": 40, "Actual Startup Time": 11175.843, "Actual Total Time": 11194.037, "Actual Rows": 1, "Actual Loops": 1, "Group By Key": ["public.lineitem.l_suppkey"], "Filter": "(sum((public.lineitem.l_extendedprice * (1::double precision - public.lineitem.l_discount))) = $0), (LLVM Optimized, Jit Execute)", "Rows Removed by Filter": 99999, "Plans": [{"Node Type": "Bitmap Heap Scan", "Parent Relationship": "Outer", "Relation Name": "lineitem", "Alias": "lineitem", "Startup Cost": 78544.19, "Total Cost": 1586191.59, "Plan Rows": 2266921, "Plan Width": 24, "Actual Startup Time": 1200.348, "Actual Total Time": 3963.914, "Actual Rows": 2293944, "Actual Loops": 1, "Recheck Cond": "((l_shipdate >= '1997-07-01 00:00:00'::timestamp(0) without time zone) AND (l_shipdate < '1997-10-01 00:00:00'::timestamp without time zone)), (LLVM Optimized, Jit Execute)", "Rows Removed by Index Recheck": 0, "Exact Heap Blocks": 732487, "Lossy Heap Blocks": 732487, "Plans": [{"Node Type": "Bitmap Index Scan", "Parent Relationship": "Outer", "Index Name": "idx_lineitem_shipdate", "Startup Cost": 0.0, "Total Cost": 77977.46, "Plan Rows": 2266921, "Plan Width": 0, "Actual Startup Time": 837.379, "Actual Total Time": 837.379, "Actual Rows": 2293944, "Actual Loops": 1, "Index Cond": "((l_shipdate >= '1997-07-01 00:00:00'::timestamp(0) without time zone) AND (l_shipdate < '1997-10-01 00:00:00'::timestamp without time zone))"}]}]}]}]}]}, "Triggers": [], "Planner Runtime": 0.871, "Total Runtime": 11286.651, "Unique SQL Id": 3712096918}}, "(64, '71')": {"explain_plan": {"Plan": {"Node Type": "Sort", "Startup Cost": 3497813.02, "Total Cost": 3497961.47, "Plan Rows": 59380, "Plan Width": 83, "Sort Key": ["supplier.s_suppkey"], "Plans": [{"Node Type": "Aggregate", "Strategy": "Plain", "Parent Relationship": "exec_init_plan", "Subplan Name": "InitPlan 1 (returns $0)", "Startup Cost": 1610196.85, "Total Cost": 1610196.86, "Plan Rows": 1, "Plan Width": 16, "Plans": [{"Node Type": "Aggregate", "Strategy": "Hashed", "Parent Relationship": "Outer", "Startup Cost": 1608860.8, "Total Cost": 1609454.6, "Plan Rows": 59380, "Plan Width": 32, "Group By Key": ["public.lineitem.l_suppkey"], "Plans": [{"Node Type": "Bitmap Heap Scan", "Parent Relationship": "Outer", "Relation Name": "lineitem", "Alias": "lineitem", "Startup Cost": 78544.19, "Total Cost": 1586191.59, "Plan Rows": 2266921, "Plan Width": 24, "Recheck Cond": "((l_shipdate >= '1997-07-01 00:00:00'::timestamp(0) without time zone) AND (l_shipdate < '1997-10-01 00:00:00'::timestamp without time zone)), (LLVM Optimized)", "Plans": [{"Node Type": "Bitmap Index Scan", "Parent Relationship": "Outer", "Index Name": "idx_lineitem_shipdate", "Startup Cost": 0.0, "Total Cost": 77977.46, "Plan Rows": 2266921, "Plan Width": 0, "Index Cond": "((l_shipdate >= '1997-07-01 00:00:00'::timestamp(0) without time zone) AND (l_shipdate < '1997-10-01 00:00:00'::timestamp without time zone))"}]}]}]}, {"Node Type": "Nested Loop", "Parent Relationship": "Outer", "Join Type": "Inner", "Startup Cost": 1625863.0, "Total Cost": 1882908.01, "Plan Rows": 59380, "Plan Width": 83, "Inner Unique": true, "Plans": [{"Node Type": "Aggregate", "Strategy": "Hashed", "Parent Relationship": "Outer", "Startup Cost": 1625862.71, "Total Cost": 1626604.96, "Plan Rows": 59380, "Plan Width": 40, "Group By Key": ["public.lineitem.l_suppkey"], "Filter": "(sum((public.lineitem.l_extendedprice * (1::double precision - public.lineitem.l_discount))) = $0), (LLVM Optimized)", "Plans": [{"Node Type": "Bitmap Heap Scan", "Parent Relationship": "Outer", "Relation Name": "lineitem", "Alias": "lineitem", "Startup Cost": 78544.19, "Total Cost": 1586191.59, "Plan Rows": 2266921, "Plan Width": 24, "Recheck Cond": "((l_shipdate >= '1997-07-01 00:00:00'::timestamp(0) without time zone) AND (l_shipdate < '1997-10-01 00:00:00'::timestamp without time zone)), (LLVM Optimized)", "Plans": [{"Node Type": "Bitmap Index Scan", "Parent Relationship": "Outer", "Index Name": "idx_lineitem_shipdate", "Startup Cost": 0.0, "Total Cost": 77977.46, "Plan Rows": 2266921, "Plan Width": 0, "Index Cond": "((l_shipdate >= '1997-07-01 00:00:00'::timestamp(0) without time zone) AND (l_shipdate < '1997-10-01 00:00:00'::timestamp without time zone))"}]}]}, {"Node Type": "Bitmap Heap Scan", "Parent Relationship": "Inner", "Relation Name": "supplier", "Alias": "supplier", "Startup Cost": 0.28, "Total Cost": 4.3, "Plan Rows": 1, "Plan Width": 75, "Recheck Cond": "(s_suppkey = public.lineitem.l_suppkey)", "Plans": [{"Node Type": "Bitmap Index Scan", "Parent Relationship": "Outer", "Index Name": "supplier_pkey", "Startup Cost": 0.0, "Total Cost": 0.28, "Plan Rows": 1, "Plan Width": 0, "Index Cond": "(s_suppkey = public.lineitem.l_suppkey)"}]}]}]}, "Unique SQL Id": 3712096918, "Planner Runtime": 0}, "explain_analyze_plan": {"Plan": {"Node Type": "Sort", "Startup Cost": 3497813.02, "Total Cost": 3497961.47, "Plan Rows": 59380, "Plan Width": 83, "Actual Startup Time": 11573.67, "Actual Total Time": 11573.671, "Actual Rows": 1, "Actual Loops": 1, "Sort Key": ["supplier.s_suppkey"], "Sort Method": "quicksort", "Sort Space Used": 25, "Sort Space Type": "Memory", "Plans": [{"Node Type": "Aggregate", "Strategy": "Plain", "Parent Relationship": "exec_init_plan", "Subplan Name": "InitPlan 1 (returns $0)", "Startup Cost": 1610196.85, "Total Cost": 1610196.86, "Plan Rows": 1, "Plan Width": 16, "Actual Startup Time": 5810.994, "Actual Total Time": 5810.994, "Actual Rows": 1, "Actual Loops": 1, "Plans": [{"Node Type": "Aggregate", "Strategy": "Hashed", "Parent Relationship": "Outer", "Startup Cost": 1608860.8, "Total Cost": 1609454.6, "Plan Rows": 59380, "Plan Width": 32, "Actual Startup Time": 5762.308, "Actual Total Time": 5795.992, "Actual Rows": 100000, "Actual Loops": 1, "Group By Key": ["public.lineitem.l_suppkey"], "Plans": [{"Node Type": "Bitmap Heap Scan", "Parent Relationship": "Outer", "Relation Name": "lineitem", "Alias": "lineitem", "Startup Cost": 78544.19, "Total Cost": 1586191.59, "Plan Rows": 2266921, "Plan Width": 24, "Actual Startup Time": 1233.691, "Actual Total Time": 4071.08, "Actual Rows": 2293944, "Actual Loops": 1, "Recheck Cond": "((l_shipdate >= '1997-07-01 00:00:00'::timestamp(0) without time zone) AND (l_shipdate < '1997-10-01 00:00:00'::timestamp without time zone)), (LLVM Optimized, Jit Execute)", "Rows Removed by Index Recheck": 0, "Exact Heap Blocks": 732487, "Lossy Heap Blocks": 732487, "Plans": [{"Node Type": "Bitmap Index Scan", "Parent Relationship": "Outer", "Index Name": "idx_lineitem_shipdate", "Startup Cost": 0.0, "Total Cost": 77977.46, "Plan Rows": 2266921, "Plan Width": 0, "Actual Startup Time": 943.405, "Actual Total Time": 943.405, "Actual Rows": 2293944, "Actual Loops": 1, "Index Cond": "((l_shipdate >= '1997-07-01 00:00:00'::timestamp(0) without time zone) AND (l_shipdate < '1997-10-01 00:00:00'::timestamp without time zone))"}]}]}]}, {"Node Type": "Nested Loop", "Parent Relationship": "Outer", "Join Type": "Inner", "Startup Cost": 1625863.0, "Total Cost": 1882908.01, "Plan Rows": 59380, "Plan Width": 83, "Actual Startup Time": 11554.935, "Actual Total Time": 11573.643, "Actual Rows": 1, "Actual Loops": 1, "Inner Unique": true, "Plans": [{"Node Type": "Aggregate", "Strategy": "Hashed", "Parent Relationship": "Outer", "Startup Cost": 1625862.71, "Total Cost": 1626604.96, "Plan Rows": 59380, "Plan Width": 40, "Actual Startup Time": 11554.824, "Actual Total Time": 11573.326, "Actual Rows": 1, "Actual Loops": 1, "Group By Key": ["public.lineitem.l_suppkey"], "Filter": "(sum((public.lineitem.l_extendedprice * (1::double precision - public.lineitem.l_discount))) = $0), (LLVM Optimized, Jit Execute)", "Rows Removed by Filter": 99999, "Plans": [{"Node Type": "Bitmap Heap Scan", "Parent Relationship": "Outer", "Relation Name": "lineitem", "Alias": "lineitem", "Startup Cost": 78544.19, "Total Cost": 1586191.59, "Plan Rows": 2266921, "Plan Width": 24, "Actual Startup Time": 1251.575, "Actual Total Time": 4123.103, "Actual Rows": 2293944, "Actual Loops": 1, "Recheck Cond": "((l_shipdate >= '1997-07-01 00:00:00'::timestamp(0) without time zone) AND (l_shipdate < '1997-10-01 00:00:00'::timestamp without time zone)), (LLVM Optimized, Jit Execute)", "Rows Removed by Index Recheck": 0, "Exact Heap Blocks": 732487, "Lossy Heap Blocks": 732487, "Plans": [{"Node Type": "Bitmap Index Scan", "Parent Relationship": "Outer", "Index Name": "idx_lineitem_shipdate", "Startup Cost": 0.0, "Total Cost": 77977.46, "Plan Rows": 2266921, "Plan Width": 0, "Actual Startup Time": 951.166, "Actual Total Time": 951.166, "Actual Rows": 2293944, "Actual Loops": 1, "Index Cond": "((l_shipdate >= '1997-07-01 00:00:00'::timestamp(0) without time zone) AND (l_shipdate < '1997-10-01 00:00:00'::timestamp without time zone))"}]}]}, {"Node Type": "Bitmap Heap Scan", "Parent Relationship": "Inner", "Relation Name": "supplier", "Alias": "supplier", "Startup Cost": 0.28, "Total Cost": 4.3, "Plan Rows": 1, "Plan Width": 75, "Actual Startup Time": 0.082, "Actual Total Time": 0.082, "Actual Rows": 1, "Actual Loops": 1, "Recheck Cond": "(s_suppkey = public.lineitem.l_suppkey)", "Rows Removed by Index Recheck": 0, "Exact Heap Blocks": 1, "Lossy Heap Blocks": 1, "Plans": [{"Node Type": "Bitmap Index Scan", "Parent Relationship": "Outer", "Index Name": "supplier_pkey", "Startup Cost": 0.0, "Total Cost": 0.28, "Plan Rows": 1, "Plan Width": 0, "Actual Startup Time": 0.037, "Actual Total Time": 0.037, "Actual Rows": 1, "Actual Loops": 1, "Index Cond": "(s_suppkey = public.lineitem.l_suppkey)"}]}]}]}, "Triggers": [], "Planner Runtime": 0.887, "Total Runtime": 11586.661, "Unique SQL Id": 3712096918}}, "(64, '72')": {"explain_plan": {"Plan": {"Node Type": "Merge Join", "Join Type": "Inner", "Startup Cost": 4699821.58, "Total Cost": 4706296.82, "Plan Rows": 59380, "Plan Width": 83, "Inner Unique": true, "Merge Cond": "(supplier.s_suppkey = revenue0.supplier_no)", "Plans": [{"Node Type": "Aggregate", "Strategy": "Plain", "Parent Relationship": "exec_init_plan", "Subplan Name": "InitPlan 1 (returns $0)", "Startup Cost": 2339055.76, "Total Cost": 2339055.77, "Plan Rows": 1, "Plan Width": 16, "Plans": [{"Node Type": "Aggregate", "Strategy": "Hashed", "Parent Relationship": "Outer", "Startup Cost": 2337719.71, "Total Cost": 2338313.51, "Plan Rows": 59380, "Plan Width": 32, "Group By Key": ["public.lineitem.l_suppkey"], "Plans": [{"Node Type": "Seq Scan", "Parent Relationship": "Outer", "Relation Name": "lineitem", "Alias": "lineitem", "Startup Cost": 25.32, "Total Cost": 2315050.5, "Plan Rows": 2266921, "Plan Width": 24, "Filter": "((l_shipdate >= '1997-07-01 00:00:00'::timestamp(0) without time zone) AND (l_shipdate < '1997-10-01 00:00:00'::timestamp without time zone)), (LLVM Optimized)"}]}]}, {"Node Type": "Index Scan", "Parent Relationship": "Outer", "Scan Direction": "Forward", "Index Name": "supplier_pkey", "Relation Name": "supplier", "Alias": "supplier", "Startup Cost": 0.0, "Total Cost": 5334.54, "Plan Rows": 100000, "Plan Width": 75}, {"Node Type": "Sort", "Parent Relationship": "Inner", "Startup Cost": 2360765.81, "Total Cost": 2360914.26, "Plan Rows": 59380, "Plan Width": 16, "Sort Key": ["revenue0.supplier_no"], "Plans": [{"Node Type": "Subquery Scan", "Parent Relationship": "Outer", "Alias": "revenue0", "Startup Cost": 2354721.61, "Total Cost": 2356057.66, "Plan Rows": 59380, "Plan Width": 16, "Plans": [{"Node Type": "Aggregate", "Strategy": "Hashed", "Parent Relationship": "Subquery", "Startup Cost": 2354721.61, "Total Cost": 2355463.86, "Plan Rows": 59380, "Plan Width": 40, "Group By Key": ["public.lineitem.l_suppkey"], "Filter": "(sum((public.lineitem.l_extendedprice * (1::double precision - public.lineitem.l_discount))) = $0), (LLVM Optimized)", "Plans": [{"Node Type": "Seq Scan", "Parent Relationship": "Outer", "Relation Name": "lineitem", "Alias": "lineitem", "Startup Cost": 25.32, "Total Cost": 2315050.5, "Plan Rows": 2266921, "Plan Width": 24, "Filter": "((l_shipdate >= '1997-07-01 00:00:00'::timestamp(0) without time zone) AND (l_shipdate < '1997-10-01 00:00:00'::timestamp without time zone)), (LLVM Optimized)"}]}]}]}]}, "Unique SQL Id": 3712096918, "Planner Runtime": 0}, "explain_analyze_plan": null}, "(64, '73')": {"explain_plan": {"Plan": {"Node Type": "Merge Join", "Join Type": "Inner", "Startup Cost": 10341221.9, "Total Cost": 10347697.14, "Plan Rows": 59380, "Plan Width": 83, "Inner Unique": true, "Merge Cond": "(supplier.s_suppkey = revenue0.supplier_no)", "Plans": [{"Node Type": "Aggregate", "Strategy": "Plain", "Parent Relationship": "exec_init_plan", "Subplan Name": "InitPlan 1 (returns $0)", "Startup Cost": 5159755.92, "Total Cost": 5159755.93, "Plan Rows": 1, "Plan Width": 16, "Plans": [{"Node Type": "Aggregate", "Strategy": "Hashed", "Parent Relationship": "Outer", "Startup Cost": 5158419.87, "Total Cost": 5159013.67, "Plan Rows": 59380, "Plan Width": 32, "Group By Key": ["public.lineitem.l_suppkey"], "Plans": [{"Node Type": "Index Scan", "Parent Relationship": "Outer", "Scan Direction": "Forward", "Index Name": "idx_lineitem_shipdate", "Relation Name": "lineitem", "Alias": "lineitem", "Startup Cost": 0.0, "Total Cost": 5135750.66, "Plan Rows": 2266921, "Plan Width": 24, "Index Cond": "((l_shipdate >= '1997-07-01 00:00:00'::timestamp(0) without time zone) AND (l_shipdate < '1997-10-01 00:00:00'::timestamp without time zone)), (LLVM Optimized)"}]}]}, {"Node Type": "Index Scan", "Parent Relationship": "Outer", "Scan Direction": "Forward", "Index Name": "supplier_pkey", "Relation Name": "supplier", "Alias": "supplier", "Startup Cost": 0.0, "Total Cost": 5334.54, "Plan Rows": 100000, "Plan Width": 75}, {"Node Type": "Sort", "Parent Relationship": "Inner", "Startup Cost": 5181465.97, "Total Cost": 5181614.42, "Plan Rows": 59380, "Plan Width": 16, "Sort Key": ["revenue0.supplier_no"], "Plans": [{"Node Type": "Subquery Scan", "Parent Relationship": "Outer", "Alias": "revenue0", "Startup Cost": 5175421.77, "Total Cost": 5176757.82, "Plan Rows": 59380, "Plan Width": 16, "Plans": [{"Node Type": "Aggregate", "Strategy": "Hashed", "Parent Relationship": "Subquery", "Startup Cost": 5175421.77, "Total Cost": 5176164.02, "Plan Rows": 59380, "Plan Width": 40, "Group By Key": ["public.lineitem.l_suppkey"], "Filter": "(sum((public.lineitem.l_extendedprice * (1::double precision - public.lineitem.l_discount))) = $0), (LLVM Optimized)", "Plans": [{"Node Type": "Index Scan", "Parent Relationship": "Outer", "Scan Direction": "Forward", "Index Name": "idx_lineitem_shipdate", "Relation Name": "lineitem", "Alias": "lineitem", "Startup Cost": 0.0, "Total Cost": 5135750.66, "Plan Rows": 2266921, "Plan Width": 24, "Index Cond": "((l_shipdate >= '1997-07-01 00:00:00'::timestamp(0) without time zone) AND (l_shipdate < '1997-10-01 00:00:00'::timestamp without time zone)), (LLVM Optimized)"}]}]}]}]}, "Unique SQL Id": 3712096918, "Planner Runtime": 0}, "explain_analyze_plan": {"Plan": {"Node Type": "Merge Join", "Join Type": "Inner", "Startup Cost": 10341221.9, "Total Cost": 10347697.14, "Plan Rows": 59380, "Plan Width": 83, "Actual Startup Time": 16114.708, "Actual Total Time": 16114.715, "Actual Rows": 1, "Actual Loops": 1, "Inner Unique": true, "Merge Cond": "(supplier.s_suppkey = revenue0.supplier_no)", "Plans": [{"Node Type": "Aggregate", "Strategy": "Plain", "Parent Relationship": "exec_init_plan", "Subplan Name": "InitPlan 1 (returns $0)", "Startup Cost": 5159755.92, "Total Cost": 5159755.93, "Plan Rows": 1, "Plan Width": 16, "Actual Startup Time": 8097.417, "Actual Total Time": 8097.418, "Actual Rows": 1, "Actual Loops": 1, "Plans": [{"Node Type": "Aggregate", "Strategy": "Hashed", "Parent Relationship": "Outer", "Startup Cost": 5158419.87, "Total Cost": 5159013.67, "Plan Rows": 59380, "Plan Width": 32, "Actual Startup Time": 8045.42, "Actual Total Time": 8082.553, "Actual Rows": 100000, "Actual Loops": 1, "Group By Key": ["public.lineitem.l_suppkey"], "Plans": [{"Node Type": "Index Scan", "Parent Relationship": "Outer", "Scan Direction": "Forward", "Index Name": "idx_lineitem_shipdate", "Relation Name": "lineitem", "Alias": "lineitem", "Startup Cost": 0.0, "Total Cost": 5135750.66, "Plan Rows": 2266921, "Plan Width": 24, "Actual Startup Time": 0.065, "Actual Total Time": 5981.726, "Actual Rows": 2293944, "Actual Loops": 1, "Index Cond": "((l_shipdate >= '1997-07-01 00:00:00'::timestamp(0) without time zone) AND (l_shipdate < '1997-10-01 00:00:00'::timestamp without time zone)), (LLVM Optimized, Jit Execute)", "Rows Removed by Index Recheck": 0}]}]}, {"Node Type": "Index Scan", "Parent Relationship": "Outer", "Scan Direction": "Forward", "Index Name": "supplier_pkey", "Relation Name": "supplier", "Alias": "supplier", "Startup Cost": 0.0, "Total Cost": 5334.54, "Plan Rows": 100000, "Plan Width": 75, "Actual Startup Time": 0.043, "Actual Total Time": 25.19, "Actual Rows": 35977, "Actual Loops": 1}, {"Node Type": "Sort", "Parent Relationship": "Inner", "Startup Cost": 5181465.97, "Total Cost": 5181614.42, "Plan Rows": 59380, "Plan Width": 16, "Actual Startup Time": 16084.45, "Actual Total Time": 16084.45, "Actual Rows": 1, "Actual Loops": 1, "Sort Key": ["revenue0.supplier_no"], "Sort Method": "quicksort", "Sort Space Used": 25, "Sort Space Type": "Memory", "Plans": [{"Node Type": "Subquery Scan", "Parent Relationship": "Outer", "Alias": "revenue0", "Startup Cost": 5175421.77, "Total Cost": 5176757.82, "Plan Rows": 59380, "Plan Width": 16, "Actual Startup Time": 16058.286, "Actual Total Time": 16084.202, "Actual Rows": 1, "Actual Loops": 1, "Plans": [{"Node Type": "Aggregate", "Strategy": "Hashed", "Parent Relationship": "Subquery", "Startup Cost": 5175421.77, "Total Cost": 5176164.02, "Plan Rows": 59380, "Plan Width": 40, "Actual Startup Time": 16058.282, "Actual Total Time": 16084.197, "Actual Rows": 1, "Actual Loops": 1, "Group By Key": ["public.lineitem.l_suppkey"], "Filter": "(sum((public.lineitem.l_extendedprice * (1::double precision - public.lineitem.l_discount))) = $0), (LLVM Optimized, Jit Execute)", "Rows Removed by Filter": 99999, "Plans": [{"Node Type": "Index Scan", "Parent Relationship": "Outer", "Scan Direction": "Forward", "Index Name": "idx_lineitem_shipdate", "Relation Name": "lineitem", "Alias": "lineitem", "Startup Cost": 0.0, "Total Cost": 5135750.66, "Plan Rows": 2266921, "Plan Width": 24, "Actual Startup Time": 0.05, "Actual Total Time": 5910.693, "Actual Rows": 2293944, "Actual Loops": 1, "Index Cond": "((l_shipdate >= '1997-07-01 00:00:00'::timestamp(0) without time zone) AND (l_shipdate < '1997-10-01 00:00:00'::timestamp without time zone)), (LLVM Optimized, Jit Execute)", "Rows Removed by Index Recheck": 0}]}]}]}]}, "Triggers": [], "Planner Runtime": 0.866, "Total Runtime": 16126.144, "Unique SQL Id": 3712096918}}, "(64, '74')": {"explain_plan": {"Plan": {"Node Type": "Merge Join", "Join Type": "Inner", "Startup Cost": 4711409.4, "Total Cost": 4712800.1, "Plan Rows": 59380, "Plan Width": 83, "Inner Unique": true, "Merge Cond": "(supplier.s_suppkey = revenue0.supplier_no)", "Plans": [{"Node Type": "Aggregate", "Strategy": "Plain", "Parent Relationship": "exec_init_plan", "Subplan Name": "InitPlan 1 (returns $0)", "Startup Cost": 2339055.76, "Total Cost": 2339055.77, "Plan Rows": 1, "Plan Width": 16, "Plans": [{"Node Type": "Aggregate", "Strategy": "Hashed", "Parent Relationship": "Outer", "Startup Cost": 2337719.71, "Total Cost": 2338313.51, "Plan Rows": 59380, "Plan Width": 32, "Group By Key": ["public.lineitem.l_suppkey"], "Plans": [{"Node Type": "Seq Scan", "Parent Relationship": "Outer", "Relation Name": "lineitem", "Alias": "lineitem", "Startup Cost": 25.32, "Total Cost": 2315050.5, "Plan Rows": 2266921, "Plan Width": 24, "Filter": "((l_shipdate >= '1997-07-01 00:00:00'::timestamp(0) without time zone) AND (l_shipdate < '1997-10-01 00:00:00'::timestamp without time zone)), (LLVM Optimized)"}]}]}, {"Node Type": "Sort", "Parent Relationship": "Outer", "Startup Cost": 11587.82, "Total Cost": 11837.82, "Plan Rows": 100000, "Plan Width": 75, "Sort Key": ["supplier.s_suppkey"], "Plans": [{"Node Type": "Seq Scan", "Parent Relationship": "Outer", "Relation Name": "supplier", "Alias": "supplier", "Startup Cost": 0.0, "Total Cost": 3283.0, "Plan Rows": 100000, "Plan Width": 75}]}, {"Node Type": "Sort", "Parent Relationship": "Inner", "Startup Cost": 2360765.81, "Total Cost": 2360914.26, "Plan Rows": 59380, "Plan Width": 16, "Sort Key": ["revenue0.supplier_no"], "Plans": [{"Node Type": "Subquery Scan", "Parent Relationship": "Outer", "Alias": "revenue0", "Startup Cost": 2354721.61, "Total Cost": 2356057.66, "Plan Rows": 59380, "Plan Width": 16, "Plans": [{"Node Type": "Aggregate", "Strategy": "Hashed", "Parent Relationship": "Subquery", "Startup Cost": 2354721.61, "Total Cost": 2355463.86, "Plan Rows": 59380, "Plan Width": 40, "Group By Key": ["public.lineitem.l_suppkey"], "Filter": "(sum((public.lineitem.l_extendedprice * (1::double precision - public.lineitem.l_discount))) = $0), (LLVM Optimized)", "Plans": [{"Node Type": "Seq Scan", "Parent Relationship": "Outer", "Relation Name": "lineitem", "Alias": "lineitem", "Startup Cost": 25.32, "Total Cost": 2315050.5, "Plan Rows": 2266921, "Plan Width": 24, "Filter": "((l_shipdate >= '1997-07-01 00:00:00'::timestamp(0) without time zone) AND (l_shipdate < '1997-10-01 00:00:00'::timestamp without time zone)), (LLVM Optimized)"}]}]}]}]}, "Unique SQL Id": 3712096918, "Planner Runtime": 0}, "explain_analyze_plan": null}, "(64, '75')": {"explain_plan": {"Plan": {"Node Type": "Merge Join", "Join Type": "Inner", "Startup Cost": 2010463079819.59, "Total Cost": 3000463614414.67, "Plan Rows": 59380, "Plan Width": 83, "Inner Unique": true, "Merge Cond": "(supplier.s_suppkey = revenue0.supplier_no)", "Plans": [{"Node Type": "Aggregate", "Strategy": "Plain", "Parent Relationship": "exec_init_plan", "Subplan Name": "InitPlan 1 (returns $0)", "Startup Cost": 1000231529054.76, "Total Cost": 1000231529054.77, "Plan Rows": 1, "Plan Width": 16, "Plans": [{"Node Type": "Aggregate", "Strategy": "Hashed", "Parent Relationship": "Outer", "Startup Cost": 1000231527718.71, "Total Cost": 1000231528312.51, "Plan Rows": 59380, "Plan Width": 32, "Group By Key": ["public.lineitem.l_suppkey"], "Plans": [{"Node Type": "Seq Scan", "Parent Relationship": "Outer", "Relation Name": "lineitem", "Alias": "lineitem", "Startup Cost": 10000000025.02, "Total Cost": 1000231505049.5, "Plan Rows": 2266921, "Plan Width": 24, "Filter": "((l_shipdate >= '1997-07-01 00:00:00'::timestamp(0) without time zone) AND (l_shipdate < '1997-10-01 00:00:00'::timestamp without time zone)), (LLVM Optimized)"}]}]}, {"Node Type": "Index Scan", "Parent Relationship": "Outer", "Scan Direction": "Forward", "Index Name": "supplier_pkey", "Relation Name": "supplier", "Alias": "supplier", "Startup Cost": 10000000000.0, "Total Cost": 1000000533454.38, "Plan Rows": 100000, "Plan Width": 75}, {"Node Type": "Sort", "Parent Relationship": "Inner", "Startup Cost": 1000231550764.82, "Total Cost": 1000231550913.27, "Plan Rows": 59380, "Plan Width": 16, "Sort Key": ["revenue0.supplier_no"], "Plans": [{"Node Type": "Subquery Scan", "Parent Relationship": "Outer", "Alias": "revenue0", "Startup Cost": 1000231544720.62, "Total Cost": 1000231546056.67, "Plan Rows": 59380, "Plan Width": 16, "Plans": [{"Node Type": "Aggregate", "Strategy": "Hashed", "Parent Relationship": "Subquery", "Startup Cost": 1000231544720.62, "Total Cost": 1000231545462.87, "Plan Rows": 59380, "Plan Width": 40, "Group By Key": ["public.lineitem.l_suppkey"], "Filter": "(sum((public.lineitem.l_extendedprice * (1::double precision - public.lineitem.l_discount))) = $0), (LLVM Optimized)", "Plans": [{"Node Type": "Seq Scan", "Parent Relationship": "Outer", "Relation Name": "lineitem", "Alias": "lineitem", "Startup Cost": 10000000025.02, "Total Cost": 1000231505049.5, "Plan Rows": 2266921, "Plan Width": 24, "Filter": "((l_shipdate >= '1997-07-01 00:00:00'::timestamp(0) without time zone) AND (l_shipdate < '1997-10-01 00:00:00'::timestamp without time zone)), (LLVM Optimized)"}]}]}]}]}, "Unique SQL Id": 3712096918, "Planner Runtime": 0}, "explain_analyze_plan": null}, "(64, '76')": {"explain_plan": {"Plan": {"Node Type": "Merge Join", "Join Type": "Inner", "Startup Cost": 4699821.58, "Total Cost": 4706296.82, "Plan Rows": 59380, "Plan Width": 83, "Inner Unique": true, "Merge Cond": "(supplier.s_suppkey = revenue0.supplier_no)", "Plans": [{"Node Type": "Aggregate", "Strategy": "Plain", "Parent Relationship": "exec_init_plan", "Subplan Name": "InitPlan 1 (returns $0)", "Startup Cost": 2339055.76, "Total Cost": 2339055.77, "Plan Rows": 1, "Plan Width": 16, "Plans": [{"Node Type": "Aggregate", "Strategy": "Hashed", "Parent Relationship": "Outer", "Startup Cost": 2337719.71, "Total Cost": 2338313.51, "Plan Rows": 59380, "Plan Width": 32, "Group By Key": ["public.lineitem.l_suppkey"], "Plans": [{"Node Type": "Seq Scan", "Parent Relationship": "Outer", "Relation Name": "lineitem", "Alias": "lineitem", "Startup Cost": 25.32, "Total Cost": 2315050.5, "Plan Rows": 2266921, "Plan Width": 24, "Filter": "((l_shipdate >= '1997-07-01 00:00:00'::timestamp(0) without time zone) AND (l_shipdate < '1997-10-01 00:00:00'::timestamp without time zone)), (LLVM Optimized)"}]}]}, {"Node Type": "Index Scan", "Parent Relationship": "Outer", "Scan Direction": "Forward", "Index Name": "supplier_pkey", "Relation Name": "supplier", "Alias": "supplier", "Startup Cost": 0.0, "Total Cost": 5334.54, "Plan Rows": 100000, "Plan Width": 75}, {"Node Type": "Sort", "Parent Relationship": "Inner", "Startup Cost": 2360765.81, "Total Cost": 2360914.26, "Plan Rows": 59380, "Plan Width": 16, "Sort Key": ["revenue0.supplier_no"], "Plans": [{"Node Type": "Subquery Scan", "Parent Relationship": "Outer", "Alias": "revenue0", "Startup Cost": 2354721.61, "Total Cost": 2356057.66, "Plan Rows": 59380, "Plan Width": 16, "Plans": [{"Node Type": "Aggregate", "Strategy": "Hashed", "Parent Relationship": "Subquery", "Startup Cost": 2354721.61, "Total Cost": 2355463.86, "Plan Rows": 59380, "Plan Width": 40, "Group By Key": ["public.lineitem.l_suppkey"], "Filter": "(sum((public.lineitem.l_extendedprice * (1::double precision - public.lineitem.l_discount))) = $0), (LLVM Optimized)", "Plans": [{"Node Type": "Seq Scan", "Parent Relationship": "Outer", "Relation Name": "lineitem", "Alias": "lineitem", "Startup Cost": 25.32, "Total Cost": 2315050.5, "Plan Rows": 2266921, "Plan Width": 24, "Filter": "((l_shipdate >= '1997-07-01 00:00:00'::timestamp(0) without time zone) AND (l_shipdate < '1997-10-01 00:00:00'::timestamp without time zone)), (LLVM Optimized)"}]}]}]}]}, "Unique SQL Id": 3712096918, "Planner Runtime": 0}, "explain_analyze_plan": null}, "(64, '77')": {"explain_plan": {"Plan": {"Node Type": "Merge Join", "Join Type": "Inner", "Startup Cost": 10341221.9, "Total Cost": 10347697.14, "Plan Rows": 59380, "Plan Width": 83, "Inner Unique": true, "Merge Cond": "(supplier.s_suppkey = revenue0.supplier_no)", "Plans": [{"Node Type": "Aggregate", "Strategy": "Plain", "Parent Relationship": "exec_init_plan", "Subplan Name": "InitPlan 1 (returns $0)", "Startup Cost": 5159755.92, "Total Cost": 5159755.93, "Plan Rows": 1, "Plan Width": 16, "Plans": [{"Node Type": "Aggregate", "Strategy": "Hashed", "Parent Relationship": "Outer", "Startup Cost": 5158419.87, "Total Cost": 5159013.67, "Plan Rows": 59380, "Plan Width": 32, "Group By Key": ["public.lineitem.l_suppkey"], "Plans": [{"Node Type": "Index Scan", "Parent Relationship": "Outer", "Scan Direction": "Forward", "Index Name": "idx_lineitem_shipdate", "Relation Name": "lineitem", "Alias": "lineitem", "Startup Cost": 0.0, "Total Cost": 5135750.66, "Plan Rows": 2266921, "Plan Width": 24, "Index Cond": "((l_shipdate >= '1997-07-01 00:00:00'::timestamp(0) without time zone) AND (l_shipdate < '1997-10-01 00:00:00'::timestamp without time zone)), (LLVM Optimized)"}]}]}, {"Node Type": "Index Scan", "Parent Relationship": "Outer", "Scan Direction": "Forward", "Index Name": "supplier_pkey", "Relation Name": "supplier", "Alias": "supplier", "Startup Cost": 0.0, "Total Cost": 5334.54, "Plan Rows": 100000, "Plan Width": 75}, {"Node Type": "Sort", "Parent Relationship": "Inner", "Startup Cost": 5181465.97, "Total Cost": 5181614.42, "Plan Rows": 59380, "Plan Width": 16, "Sort Key": ["revenue0.supplier_no"], "Plans": [{"Node Type": "Subquery Scan", "Parent Relationship": "Outer", "Alias": "revenue0", "Startup Cost": 5175421.77, "Total Cost": 5176757.82, "Plan Rows": 59380, "Plan Width": 16, "Plans": [{"Node Type": "Aggregate", "Strategy": "Hashed", "Parent Relationship": "Subquery", "Startup Cost": 5175421.77, "Total Cost": 5176164.02, "Plan Rows": 59380, "Plan Width": 40, "Group By Key": ["public.lineitem.l_suppkey"], "Filter": "(sum((public.lineitem.l_extendedprice * (1::double precision - public.lineitem.l_discount))) = $0), (LLVM Optimized)", "Plans": [{"Node Type": "Index Scan", "Parent Relationship": "Outer", "Scan Direction": "Forward", "Index Name": "idx_lineitem_shipdate", "Relation Name": "lineitem", "Alias": "lineitem", "Startup Cost": 0.0, "Total Cost": 5135750.66, "Plan Rows": 2266921, "Plan Width": 24, "Index Cond": "((l_shipdate >= '1997-07-01 00:00:00'::timestamp(0) without time zone) AND (l_shipdate < '1997-10-01 00:00:00'::timestamp without time zone)), (LLVM Optimized)"}]}]}]}]}, "Unique SQL Id": 3712096918, "Planner Runtime": 0}, "explain_analyze_plan": {"Plan": {"Node Type": "Merge Join", "Join Type": "Inner", "Startup Cost": 10341221.9, "Total Cost": 10347697.14, "Plan Rows": 59380, "Plan Width": 83, "Actual Startup Time": 16114.708, "Actual Total Time": 16114.715, "Actual Rows": 1, "Actual Loops": 1, "Inner Unique": true, "Merge Cond": "(supplier.s_suppkey = revenue0.supplier_no)", "Plans": [{"Node Type": "Aggregate", "Strategy": "Plain", "Parent Relationship": "exec_init_plan", "Subplan Name": "InitPlan 1 (returns $0)", "Startup Cost": 5159755.92, "Total Cost": 5159755.93, "Plan Rows": 1, "Plan Width": 16, "Actual Startup Time": 8097.417, "Actual Total Time": 8097.418, "Actual Rows": 1, "Actual Loops": 1, "Plans": [{"Node Type": "Aggregate", "Strategy": "Hashed", "Parent Relationship": "Outer", "Startup Cost": 5158419.87, "Total Cost": 5159013.67, "Plan Rows": 59380, "Plan Width": 32, "Actual Startup Time": 8045.42, "Actual Total Time": 8082.553, "Actual Rows": 100000, "Actual Loops": 1, "Group By Key": ["public.lineitem.l_suppkey"], "Plans": [{"Node Type": "Index Scan", "Parent Relationship": "Outer", "Scan Direction": "Forward", "Index Name": "idx_lineitem_shipdate", "Relation Name": "lineitem", "Alias": "lineitem", "Startup Cost": 0.0, "Total Cost": 5135750.66, "Plan Rows": 2266921, "Plan Width": 24, "Actual Startup Time": 0.065, "Actual Total Time": 5981.726, "Actual Rows": 2293944, "Actual Loops": 1, "Index Cond": "((l_shipdate >= '1997-07-01 00:00:00'::timestamp(0) without time zone) AND (l_shipdate < '1997-10-01 00:00:00'::timestamp without time zone)), (LLVM Optimized, Jit Execute)", "Rows Removed by Index Recheck": 0}]}]}, {"Node Type": "Index Scan", "Parent Relationship": "Outer", "Scan Direction": "Forward", "Index Name": "supplier_pkey", "Relation Name": "supplier", "Alias": "supplier", "Startup Cost": 0.0, "Total Cost": 5334.54, "Plan Rows": 100000, "Plan Width": 75, "Actual Startup Time": 0.043, "Actual Total Time": 25.19, "Actual Rows": 35977, "Actual Loops": 1}, {"Node Type": "Sort", "Parent Relationship": "Inner", "Startup Cost": 5181465.97, "Total Cost": 5181614.42, "Plan Rows": 59380, "Plan Width": 16, "Actual Startup Time": 16084.45, "Actual Total Time": 16084.45, "Actual Rows": 1, "Actual Loops": 1, "Sort Key": ["revenue0.supplier_no"], "Sort Method": "quicksort", "Sort Space Used": 25, "Sort Space Type": "Memory", "Plans": [{"Node Type": "Subquery Scan", "Parent Relationship": "Outer", "Alias": "revenue0", "Startup Cost": 5175421.77, "Total Cost": 5176757.82, "Plan Rows": 59380, "Plan Width": 16, "Actual Startup Time": 16058.286, "Actual Total Time": 16084.202, "Actual Rows": 1, "Actual Loops": 1, "Plans": [{"Node Type": "Aggregate", "Strategy": "Hashed", "Parent Relationship": "Subquery", "Startup Cost": 5175421.77, "Total Cost": 5176164.02, "Plan Rows": 59380, "Plan Width": 40, "Actual Startup Time": 16058.282, "Actual Total Time": 16084.197, "Actual Rows": 1, "Actual Loops": 1, "Group By Key": ["public.lineitem.l_suppkey"], "Filter": "(sum((public.lineitem.l_extendedprice * (1::double precision - public.lineitem.l_discount))) = $0), (LLVM Optimized, Jit Execute)", "Rows Removed by Filter": 99999, "Plans": [{"Node Type": "Index Scan", "Parent Relationship": "Outer", "Scan Direction": "Forward", "Index Name": "idx_lineitem_shipdate", "Relation Name": "lineitem", "Alias": "lineitem", "Startup Cost": 0.0, "Total Cost": 5135750.66, "Plan Rows": 2266921, "Plan Width": 24, "Actual Startup Time": 0.05, "Actual Total Time": 5910.693, "Actual Rows": 2293944, "Actual Loops": 1, "Index Cond": "((l_shipdate >= '1997-07-01 00:00:00'::timestamp(0) without time zone) AND (l_shipdate < '1997-10-01 00:00:00'::timestamp without time zone)), (LLVM Optimized, Jit Execute)", "Rows Removed by Index Recheck": 0}]}]}]}]}, "Triggers": [], "Planner Runtime": 0.866, "Total Runtime": 16126.144, "Unique SQL Id": 3712096918}}, "(64, '78')": {"explain_plan": {"Plan": {"Node Type": "Merge Join", "Join Type": "Inner", "Startup Cost": 4711409.4, "Total Cost": 4712800.1, "Plan Rows": 59380, "Plan Width": 83, "Inner Unique": true, "Merge Cond": "(supplier.s_suppkey = revenue0.supplier_no)", "Plans": [{"Node Type": "Aggregate", "Strategy": "Plain", "Parent Relationship": "exec_init_plan", "Subplan Name": "InitPlan 1 (returns $0)", "Startup Cost": 2339055.76, "Total Cost": 2339055.77, "Plan Rows": 1, "Plan Width": 16, "Plans": [{"Node Type": "Aggregate", "Strategy": "Hashed", "Parent Relationship": "Outer", "Startup Cost": 2337719.71, "Total Cost": 2338313.51, "Plan Rows": 59380, "Plan Width": 32, "Group By Key": ["public.lineitem.l_suppkey"], "Plans": [{"Node Type": "Seq Scan", "Parent Relationship": "Outer", "Relation Name": "lineitem", "Alias": "lineitem", "Startup Cost": 25.32, "Total Cost": 2315050.5, "Plan Rows": 2266921, "Plan Width": 24, "Filter": "((l_shipdate >= '1997-07-01 00:00:00'::timestamp(0) without time zone) AND (l_shipdate < '1997-10-01 00:00:00'::timestamp without time zone)), (LLVM Optimized)"}]}]}, {"Node Type": "Sort", "Parent Relationship": "Outer", "Startup Cost": 11587.82, "Total Cost": 11837.82, "Plan Rows": 100000, "Plan Width": 75, "Sort Key": ["supplier.s_suppkey"], "Plans": [{"Node Type": "Seq Scan", "Parent Relationship": "Outer", "Relation Name": "supplier", "Alias": "supplier", "Startup Cost": 0.0, "Total Cost": 3283.0, "Plan Rows": 100000, "Plan Width": 75}]}, {"Node Type": "Sort", "Parent Relationship": "Inner", "Startup Cost": 2360765.81, "Total Cost": 2360914.26, "Plan Rows": 59380, "Plan Width": 16, "Sort Key": ["revenue0.supplier_no"], "Plans": [{"Node Type": "Subquery Scan", "Parent Relationship": "Outer", "Alias": "revenue0", "Startup Cost": 2354721.61, "Total Cost": 2356057.66, "Plan Rows": 59380, "Plan Width": 16, "Plans": [{"Node Type": "Aggregate", "Strategy": "Hashed", "Parent Relationship": "Subquery", "Startup Cost": 2354721.61, "Total Cost": 2355463.86, "Plan Rows": 59380, "Plan Width": 40, "Group By Key": ["public.lineitem.l_suppkey"], "Filter": "(sum((public.lineitem.l_extendedprice * (1::double precision - public.lineitem.l_discount))) = $0), (LLVM Optimized)", "Plans": [{"Node Type": "Seq Scan", "Parent Relationship": "Outer", "Relation Name": "lineitem", "Alias": "lineitem", "Startup Cost": 25.32, "Total Cost": 2315050.5, "Plan Rows": 2266921, "Plan Width": 24, "Filter": "((l_shipdate >= '1997-07-01 00:00:00'::timestamp(0) without time zone) AND (l_shipdate < '1997-10-01 00:00:00'::timestamp without time zone)), (LLVM Optimized)"}]}]}]}]}, "Unique SQL Id": 3712096918, "Planner Runtime": 0}, "explain_analyze_plan": null}, "(64, '79')": {"explain_plan": {"Plan": {"Node Type": "Merge Join", "Join Type": "Inner", "Startup Cost": 2010463079819.59, "Total Cost": 3000463614414.67, "Plan Rows": 59380, "Plan Width": 83, "Inner Unique": true, "Merge Cond": "(supplier.s_suppkey = revenue0.supplier_no)", "Plans": [{"Node Type": "Aggregate", "Strategy": "Plain", "Parent Relationship": "exec_init_plan", "Subplan Name": "InitPlan 1 (returns $0)", "Startup Cost": 1000231529054.76, "Total Cost": 1000231529054.77, "Plan Rows": 1, "Plan Width": 16, "Plans": [{"Node Type": "Aggregate", "Strategy": "Hashed", "Parent Relationship": "Outer", "Startup Cost": 1000231527718.71, "Total Cost": 1000231528312.51, "Plan Rows": 59380, "Plan Width": 32, "Group By Key": ["public.lineitem.l_suppkey"], "Plans": [{"Node Type": "Seq Scan", "Parent Relationship": "Outer", "Relation Name": "lineitem", "Alias": "lineitem", "Startup Cost": 10000000025.02, "Total Cost": 1000231505049.5, "Plan Rows": 2266921, "Plan Width": 24, "Filter": "((l_shipdate >= '1997-07-01 00:00:00'::timestamp(0) without time zone) AND (l_shipdate < '1997-10-01 00:00:00'::timestamp without time zone)), (LLVM Optimized)"}]}]}, {"Node Type": "Index Scan", "Parent Relationship": "Outer", "Scan Direction": "Forward", "Index Name": "supplier_pkey", "Relation Name": "supplier", "Alias": "supplier", "Startup Cost": 10000000000.0, "Total Cost": 1000000533454.38, "Plan Rows": 100000, "Plan Width": 75}, {"Node Type": "Sort", "Parent Relationship": "Inner", "Startup Cost": 1000231550764.82, "Total Cost": 1000231550913.27, "Plan Rows": 59380, "Plan Width": 16, "Sort Key": ["revenue0.supplier_no"], "Plans": [{"Node Type": "Subquery Scan", "Parent Relationship": "Outer", "Alias": "revenue0", "Startup Cost": 1000231544720.62, "Total Cost": 1000231546056.67, "Plan Rows": 59380, "Plan Width": 16, "Plans": [{"Node Type": "Aggregate", "Strategy": "Hashed", "Parent Relationship": "Subquery", "Startup Cost": 1000231544720.62, "Total Cost": 1000231545462.87, "Plan Rows": 59380, "Plan Width": 40, "Group By Key": ["public.lineitem.l_suppkey"], "Filter": "(sum((public.lineitem.l_extendedprice * (1::double precision - public.lineitem.l_discount))) = $0), (LLVM Optimized)", "Plans": [{"Node Type": "Seq Scan", "Parent Relationship": "Outer", "Relation Name": "lineitem", "Alias": "lineitem", "Startup Cost": 10000000025.02, "Total Cost": 1000231505049.5, "Plan Rows": 2266921, "Plan Width": 24, "Filter": "((l_shipdate >= '1997-07-01 00:00:00'::timestamp(0) without time zone) AND (l_shipdate < '1997-10-01 00:00:00'::timestamp without time zone)), (LLVM Optimized)"}]}]}]}]}, "Unique SQL Id": 3712096918, "Planner Runtime": 0}, "explain_analyze_plan": null}, "(64, '80')": {"explain_plan": {"Plan": {"Node Type": "Merge Join", "Join Type": "Inner", "Startup Cost": 3242103.77, "Total Cost": 3248579.02, "Plan Rows": 59380, "Plan Width": 83, "Inner Unique": true, "Merge Cond": "(supplier.s_suppkey = revenue0.supplier_no)", "Plans": [{"Node Type": "Aggregate", "Strategy": "Plain", "Parent Relationship": "exec_init_plan", "Subplan Name": "InitPlan 1 (returns $0)", "Startup Cost": 1610196.85, "Total Cost": 1610196.86, "Plan Rows": 1, "Plan Width": 16, "Plans": [{"Node Type": "Aggregate", "Strategy": "Hashed", "Parent Relationship": "Outer", "Startup Cost": 1608860.8, "Total Cost": 1609454.6, "Plan Rows": 59380, "Plan Width": 32, "Group By Key": ["public.lineitem.l_suppkey"], "Plans": [{"Node Type": "Bitmap Heap Scan", "Parent Relationship": "Outer", "Relation Name": "lineitem", "Alias": "lineitem", "Startup Cost": 78544.19, "Total Cost": 1586191.59, "Plan Rows": 2266921, "Plan Width": 24, "Recheck Cond": "((l_shipdate >= '1997-07-01 00:00:00'::timestamp(0) without time zone) AND (l_shipdate < '1997-10-01 00:00:00'::timestamp without time zone)), (LLVM Optimized)", "Plans": [{"Node Type": "Bitmap Index Scan", "Parent Relationship": "Outer", "Index Name": "idx_lineitem_shipdate", "Startup Cost": 0.0, "Total Cost": 77977.46, "Plan Rows": 2266921, "Plan Width": 0, "Index Cond": "((l_shipdate >= '1997-07-01 00:00:00'::timestamp(0) without time zone) AND (l_shipdate < '1997-10-01 00:00:00'::timestamp without time zone))"}]}]}]}, {"Node Type": "Index Scan", "Parent Relationship": "Outer", "Scan Direction": "Forward", "Index Name": "supplier_pkey", "Relation Name": "supplier", "Alias": "supplier", "Startup Cost": 0.0, "Total Cost": 5334.54, "Plan Rows": 100000, "Plan Width": 75}, {"Node Type": "Sort", "Parent Relationship": "Inner", "Startup Cost": 1631906.91, "Total Cost": 1632055.36, "Plan Rows": 59380, "Plan Width": 16, "Sort Key": ["revenue0.supplier_no"], "Plans": [{"Node Type": "Subquery Scan", "Parent Relationship": "Outer", "Alias": "revenue0", "Startup Cost": 1625862.71, "Total Cost": 1627198.76, "Plan Rows": 59380, "Plan Width": 16, "Plans": [{"Node Type": "Aggregate", "Strategy": "Hashed", "Parent Relationship": "Subquery", "Startup Cost": 1625862.71, "Total Cost": 1626604.96, "Plan Rows": 59380, "Plan Width": 40, "Group By Key": ["public.lineitem.l_suppkey"], "Filter": "(sum((public.lineitem.l_extendedprice * (1::double precision - public.lineitem.l_discount))) = $0), (LLVM Optimized)", "Plans": [{"Node Type": "Bitmap Heap Scan", "Parent Relationship": "Outer", "Relation Name": "lineitem", "Alias": "lineitem", "Startup Cost": 78544.19, "Total Cost": 1586191.59, "Plan Rows": 2266921, "Plan Width": 24, "Recheck Cond": "((l_shipdate >= '1997-07-01 00:00:00'::timestamp(0) without time zone) AND (l_shipdate < '1997-10-01 00:00:00'::timestamp without time zone)), (LLVM Optimized)", "Plans": [{"Node Type": "Bitmap Index Scan", "Parent Relationship": "Outer", "Index Name": "idx_lineitem_shipdate", "Startup Cost": 0.0, "Total Cost": 77977.46, "Plan Rows": 2266921, "Plan Width": 0, "Index Cond": "((l_shipdate >= '1997-07-01 00:00:00'::timestamp(0) without time zone) AND (l_shipdate < '1997-10-01 00:00:00'::timestamp without time zone))"}]}]}]}]}]}, "Unique SQL Id": 3712096918, "Planner Runtime": 0}, "explain_analyze_plan": {"Plan": {"Node Type": "Merge Join", "Join Type": "Inner", "Startup Cost": 3242103.77, "Total Cost": 3248579.02, "Plan Rows": 59380, "Plan Width": 83, "Actual Startup Time": 11259.12, "Actual Total Time": 11259.13, "Actual Rows": 1, "Actual Loops": 1, "Inner Unique": true, "Merge Cond": "(supplier.s_suppkey = revenue0.supplier_no)", "Plans": [{"Node Type": "Aggregate", "Strategy": "Plain", "Parent Relationship": "exec_init_plan", "Subplan Name": "InitPlan 1 (returns $0)", "Startup Cost": 1610196.85, "Total Cost": 1610196.86, "Plan Rows": 1, "Plan Width": 16, "Actual Startup Time": 5678.286, "Actual Total Time": 5678.286, "Actual Rows": 1, "Actual Loops": 1, "Plans": [{"Node Type": "Aggregate", "Strategy": "Hashed", "Parent Relationship": "Outer", "Startup Cost": 1608860.8, "Total Cost": 1609454.6, "Plan Rows": 59380, "Plan Width": 32, "Actual Startup Time": 5632.701, "Actual Total Time": 5663.385, "Actual Rows": 100000, "Actual Loops": 1, "Group By Key": ["public.lineitem.l_suppkey"], "Plans": [{"Node Type": "Bitmap Heap Scan", "Parent Relationship": "Outer", "Relation Name": "lineitem", "Alias": "lineitem", "Startup Cost": 78544.19, "Total Cost": 1586191.59, "Plan Rows": 2266921, "Plan Width": 24, "Actual Startup Time": 1092.363, "Actual Total Time": 3924.167, "Actual Rows": 2293944, "Actual Loops": 1, "Recheck Cond": "((l_shipdate >= '1997-07-01 00:00:00'::timestamp(0) without time zone) AND (l_shipdate < '1997-10-01 00:00:00'::timestamp without time zone)), (LLVM Optimized, Jit Execute)", "Rows Removed by Index Recheck": 0, "Exact Heap Blocks": 732487, "Lossy Heap Blocks": 732487, "Plans": [{"Node Type": "Bitmap Index Scan", "Parent Relationship": "Outer", "Index Name": "idx_lineitem_shipdate", "Startup Cost": 0.0, "Total Cost": 77977.46, "Plan Rows": 2266921, "Plan Width": 0, "Actual Startup Time": 806.305, "Actual Total Time": 806.305, "Actual Rows": 2293944, "Actual Loops": 1, "Index Cond": "((l_shipdate >= '1997-07-01 00:00:00'::timestamp(0) without time zone) AND (l_shipdate < '1997-10-01 00:00:00'::timestamp without time zone))"}]}]}]}, {"Node Type": "Index Scan", "Parent Relationship": "Outer", "Scan Direction": "Forward", "Index Name": "supplier_pkey", "Relation Name": "supplier", "Alias": "supplier", "Startup Cost": 0.0, "Total Cost": 5334.54, "Plan Rows": 100000, "Plan Width": 75, "Actual Startup Time": 0.035, "Actual Total Time": 17.69, "Actual Rows": 35977, "Actual Loops": 1}, {"Node Type": "Sort", "Parent Relationship": "Inner", "Startup Cost": 1631906.91, "Total Cost": 1632055.36, "Plan Rows": 59380, "Plan Width": 16, "Actual Startup Time": 11236.384, "Actual Total Time": 11236.386, "Actual Rows": 1, "Actual Loops": 1, "Sort Key": ["revenue0.supplier_no"], "Sort Method": "quicksort", "Sort Space Used": 25, "Sort Space Type": "Memory", "Plans": [{"Node Type": "Subquery Scan", "Parent Relationship": "Outer", "Alias": "revenue0", "Startup Cost": 1625862.71, "Total Cost": 1627198.76, "Plan Rows": 59380, "Plan Width": 16, "Actual Startup Time": 11217.282, "Actual Total Time": 11236.125, "Actual Rows": 1, "Actual Loops": 1, "Plans": [{"Node Type": "Aggregate", "Strategy": "Hashed", "Parent Relationship": "Subquery", "Startup Cost": 1625862.71, "Total Cost": 1626604.96, "Plan Rows": 59380, "Plan Width": 40, "Actual Startup Time": 11217.279, "Actual Total Time": 11236.12, "Actual Rows": 1, "Actual Loops": 1, "Group By Key": ["public.lineitem.l_suppkey"], "Filter": "(sum((public.lineitem.l_extendedprice * (1::double precision - public.lineitem.l_discount))) = $0), (LLVM Optimized, Jit Execute)", "Rows Removed by Filter": 99999, "Plans": [{"Node Type": "Bitmap Heap Scan", "Parent Relationship": "Outer", "Relation Name": "lineitem", "Alias": "lineitem", "Startup Cost": 78544.19, "Total Cost": 1586191.59, "Plan Rows": 2266921, "Plan Width": 24, "Actual Startup Time": 1268.542, "Actual Total Time": 4012.865, "Actual Rows": 2293944, "Actual Loops": 1, "Recheck Cond": "((l_shipdate >= '1997-07-01 00:00:00'::timestamp(0) without time zone) AND (l_shipdate < '1997-10-01 00:00:00'::timestamp without time zone)), (LLVM Optimized, Jit Execute)", "Rows Removed by Index Recheck": 0, "Exact Heap Blocks": 732487, "Lossy Heap Blocks": 732487, "Plans": [{"Node Type": "Bitmap Index Scan", "Parent Relationship": "Outer", "Index Name": "idx_lineitem_shipdate", "Startup Cost": 0.0, "Total Cost": 77977.46, "Plan Rows": 2266921, "Plan Width": 0, "Actual Startup Time": 913.173, "Actual Total Time": 913.173, "Actual Rows": 2293944, "Actual Loops": 1, "Index Cond": "((l_shipdate >= '1997-07-01 00:00:00'::timestamp(0) without time zone) AND (l_shipdate < '1997-10-01 00:00:00'::timestamp without time zone))"}]}]}]}]}]}, "Triggers": [], "Planner Runtime": 0.897, "Total Runtime": 11271.753, "Unique SQL Id": 3712096918}}, "(64, '81')": {"explain_plan": {"Plan": {"Node Type": "Merge Join", "Join Type": "Inner", "Startup Cost": 3242103.77, "Total Cost": 3248579.02, "Plan Rows": 59380, "Plan Width": 83, "Inner Unique": true, "Merge Cond": "(supplier.s_suppkey = revenue0.supplier_no)", "Plans": [{"Node Type": "Aggregate", "Strategy": "Plain", "Parent Relationship": "exec_init_plan", "Subplan Name": "InitPlan 1 (returns $0)", "Startup Cost": 1610196.85, "Total Cost": 1610196.86, "Plan Rows": 1, "Plan Width": 16, "Plans": [{"Node Type": "Aggregate", "Strategy": "Hashed", "Parent Relationship": "Outer", "Startup Cost": 1608860.8, "Total Cost": 1609454.6, "Plan Rows": 59380, "Plan Width": 32, "Group By Key": ["public.lineitem.l_suppkey"], "Plans": [{"Node Type": "Bitmap Heap Scan", "Parent Relationship": "Outer", "Relation Name": "lineitem", "Alias": "lineitem", "Startup Cost": 78544.19, "Total Cost": 1586191.59, "Plan Rows": 2266921, "Plan Width": 24, "Recheck Cond": "((l_shipdate >= '1997-07-01 00:00:00'::timestamp(0) without time zone) AND (l_shipdate < '1997-10-01 00:00:00'::timestamp without time zone)), (LLVM Optimized)", "Plans": [{"Node Type": "Bitmap Index Scan", "Parent Relationship": "Outer", "Index Name": "idx_lineitem_shipdate", "Startup Cost": 0.0, "Total Cost": 77977.46, "Plan Rows": 2266921, "Plan Width": 0, "Index Cond": "((l_shipdate >= '1997-07-01 00:00:00'::timestamp(0) without time zone) AND (l_shipdate < '1997-10-01 00:00:00'::timestamp without time zone))"}]}]}]}, {"Node Type": "Index Scan", "Parent Relationship": "Outer", "Scan Direction": "Forward", "Index Name": "supplier_pkey", "Relation Name": "supplier", "Alias": "supplier", "Startup Cost": 0.0, "Total Cost": 5334.54, "Plan Rows": 100000, "Plan Width": 75}, {"Node Type": "Sort", "Parent Relationship": "Inner", "Startup Cost": 1631906.91, "Total Cost": 1632055.36, "Plan Rows": 59380, "Plan Width": 16, "Sort Key": ["revenue0.supplier_no"], "Plans": [{"Node Type": "Subquery Scan", "Parent Relationship": "Outer", "Alias": "revenue0", "Startup Cost": 1625862.71, "Total Cost": 1627198.76, "Plan Rows": 59380, "Plan Width": 16, "Plans": [{"Node Type": "Aggregate", "Strategy": "Hashed", "Parent Relationship": "Subquery", "Startup Cost": 1625862.71, "Total Cost": 1626604.96, "Plan Rows": 59380, "Plan Width": 40, "Group By Key": ["public.lineitem.l_suppkey"], "Filter": "(sum((public.lineitem.l_extendedprice * (1::double precision - public.lineitem.l_discount))) = $0), (LLVM Optimized)", "Plans": [{"Node Type": "Bitmap Heap Scan", "Parent Relationship": "Outer", "Relation Name": "lineitem", "Alias": "lineitem", "Startup Cost": 78544.19, "Total Cost": 1586191.59, "Plan Rows": 2266921, "Plan Width": 24, "Recheck Cond": "((l_shipdate >= '1997-07-01 00:00:00'::timestamp(0) without time zone) AND (l_shipdate < '1997-10-01 00:00:00'::timestamp without time zone)), (LLVM Optimized)", "Plans": [{"Node Type": "Bitmap Index Scan", "Parent Relationship": "Outer", "Index Name": "idx_lineitem_shipdate", "Startup Cost": 0.0, "Total Cost": 77977.46, "Plan Rows": 2266921, "Plan Width": 0, "Index Cond": "((l_shipdate >= '1997-07-01 00:00:00'::timestamp(0) without time zone) AND (l_shipdate < '1997-10-01 00:00:00'::timestamp without time zone))"}]}]}]}]}]}, "Unique SQL Id": 3712096918, "Planner Runtime": 0}, "explain_analyze_plan": {"Plan": {"Node Type": "Merge Join", "Join Type": "Inner", "Startup Cost": 3242103.77, "Total Cost": 3248579.02, "Plan Rows": 59380, "Plan Width": 83, "Actual Startup Time": 11259.12, "Actual Total Time": 11259.13, "Actual Rows": 1, "Actual Loops": 1, "Inner Unique": true, "Merge Cond": "(supplier.s_suppkey = revenue0.supplier_no)", "Plans": [{"Node Type": "Aggregate", "Strategy": "Plain", "Parent Relationship": "exec_init_plan", "Subplan Name": "InitPlan 1 (returns $0)", "Startup Cost": 1610196.85, "Total Cost": 1610196.86, "Plan Rows": 1, "Plan Width": 16, "Actual Startup Time": 5678.286, "Actual Total Time": 5678.286, "Actual Rows": 1, "Actual Loops": 1, "Plans": [{"Node Type": "Aggregate", "Strategy": "Hashed", "Parent Relationship": "Outer", "Startup Cost": 1608860.8, "Total Cost": 1609454.6, "Plan Rows": 59380, "Plan Width": 32, "Actual Startup Time": 5632.701, "Actual Total Time": 5663.385, "Actual Rows": 100000, "Actual Loops": 1, "Group By Key": ["public.lineitem.l_suppkey"], "Plans": [{"Node Type": "Bitmap Heap Scan", "Parent Relationship": "Outer", "Relation Name": "lineitem", "Alias": "lineitem", "Startup Cost": 78544.19, "Total Cost": 1586191.59, "Plan Rows": 2266921, "Plan Width": 24, "Actual Startup Time": 1092.363, "Actual Total Time": 3924.167, "Actual Rows": 2293944, "Actual Loops": 1, "Recheck Cond": "((l_shipdate >= '1997-07-01 00:00:00'::timestamp(0) without time zone) AND (l_shipdate < '1997-10-01 00:00:00'::timestamp without time zone)), (LLVM Optimized, Jit Execute)", "Rows Removed by Index Recheck": 0, "Exact Heap Blocks": 732487, "Lossy Heap Blocks": 732487, "Plans": [{"Node Type": "Bitmap Index Scan", "Parent Relationship": "Outer", "Index Name": "idx_lineitem_shipdate", "Startup Cost": 0.0, "Total Cost": 77977.46, "Plan Rows": 2266921, "Plan Width": 0, "Actual Startup Time": 806.305, "Actual Total Time": 806.305, "Actual Rows": 2293944, "Actual Loops": 1, "Index Cond": "((l_shipdate >= '1997-07-01 00:00:00'::timestamp(0) without time zone) AND (l_shipdate < '1997-10-01 00:00:00'::timestamp without time zone))"}]}]}]}, {"Node Type": "Index Scan", "Parent Relationship": "Outer", "Scan Direction": "Forward", "Index Name": "supplier_pkey", "Relation Name": "supplier", "Alias": "supplier", "Startup Cost": 0.0, "Total Cost": 5334.54, "Plan Rows": 100000, "Plan Width": 75, "Actual Startup Time": 0.035, "Actual Total Time": 17.69, "Actual Rows": 35977, "Actual Loops": 1}, {"Node Type": "Sort", "Parent Relationship": "Inner", "Startup Cost": 1631906.91, "Total Cost": 1632055.36, "Plan Rows": 59380, "Plan Width": 16, "Actual Startup Time": 11236.384, "Actual Total Time": 11236.386, "Actual Rows": 1, "Actual Loops": 1, "Sort Key": ["revenue0.supplier_no"], "Sort Method": "quicksort", "Sort Space Used": 25, "Sort Space Type": "Memory", "Plans": [{"Node Type": "Subquery Scan", "Parent Relationship": "Outer", "Alias": "revenue0", "Startup Cost": 1625862.71, "Total Cost": 1627198.76, "Plan Rows": 59380, "Plan Width": 16, "Actual Startup Time": 11217.282, "Actual Total Time": 11236.125, "Actual Rows": 1, "Actual Loops": 1, "Plans": [{"Node Type": "Aggregate", "Strategy": "Hashed", "Parent Relationship": "Subquery", "Startup Cost": 1625862.71, "Total Cost": 1626604.96, "Plan Rows": 59380, "Plan Width": 40, "Actual Startup Time": 11217.279, "Actual Total Time": 11236.12, "Actual Rows": 1, "Actual Loops": 1, "Group By Key": ["public.lineitem.l_suppkey"], "Filter": "(sum((public.lineitem.l_extendedprice * (1::double precision - public.lineitem.l_discount))) = $0), (LLVM Optimized, Jit Execute)", "Rows Removed by Filter": 99999, "Plans": [{"Node Type": "Bitmap Heap Scan", "Parent Relationship": "Outer", "Relation Name": "lineitem", "Alias": "lineitem", "Startup Cost": 78544.19, "Total Cost": 1586191.59, "Plan Rows": 2266921, "Plan Width": 24, "Actual Startup Time": 1268.542, "Actual Total Time": 4012.865, "Actual Rows": 2293944, "Actual Loops": 1, "Recheck Cond": "((l_shipdate >= '1997-07-01 00:00:00'::timestamp(0) without time zone) AND (l_shipdate < '1997-10-01 00:00:00'::timestamp without time zone)), (LLVM Optimized, Jit Execute)", "Rows Removed by Index Recheck": 0, "Exact Heap Blocks": 732487, "Lossy Heap Blocks": 732487, "Plans": [{"Node Type": "Bitmap Index Scan", "Parent Relationship": "Outer", "Index Name": "idx_lineitem_shipdate", "Startup Cost": 0.0, "Total Cost": 77977.46, "Plan Rows": 2266921, "Plan Width": 0, "Actual Startup Time": 913.173, "Actual Total Time": 913.173, "Actual Rows": 2293944, "Actual Loops": 1, "Index Cond": "((l_shipdate >= '1997-07-01 00:00:00'::timestamp(0) without time zone) AND (l_shipdate < '1997-10-01 00:00:00'::timestamp without time zone))"}]}]}]}]}]}, "Triggers": [], "Planner Runtime": 0.897, "Total Runtime": 11271.753, "Unique SQL Id": 3712096918}}, "(64, '82')": {"explain_plan": {"Plan": {"Node Type": "Merge Join", "Join Type": "Inner", "Startup Cost": 3253691.59, "Total Cost": 3255082.29, "Plan Rows": 59380, "Plan Width": 83, "Inner Unique": true, "Merge Cond": "(supplier.s_suppkey = revenue0.supplier_no)", "Plans": [{"Node Type": "Aggregate", "Strategy": "Plain", "Parent Relationship": "exec_init_plan", "Subplan Name": "InitPlan 1 (returns $0)", "Startup Cost": 1610196.85, "Total Cost": 1610196.86, "Plan Rows": 1, "Plan Width": 16, "Plans": [{"Node Type": "Aggregate", "Strategy": "Hashed", "Parent Relationship": "Outer", "Startup Cost": 1608860.8, "Total Cost": 1609454.6, "Plan Rows": 59380, "Plan Width": 32, "Group By Key": ["public.lineitem.l_suppkey"], "Plans": [{"Node Type": "Bitmap Heap Scan", "Parent Relationship": "Outer", "Relation Name": "lineitem", "Alias": "lineitem", "Startup Cost": 78544.19, "Total Cost": 1586191.59, "Plan Rows": 2266921, "Plan Width": 24, "Recheck Cond": "((l_shipdate >= '1997-07-01 00:00:00'::timestamp(0) without time zone) AND (l_shipdate < '1997-10-01 00:00:00'::timestamp without time zone)), (LLVM Optimized)", "Plans": [{"Node Type": "Bitmap Index Scan", "Parent Relationship": "Outer", "Index Name": "idx_lineitem_shipdate", "Startup Cost": 0.0, "Total Cost": 77977.46, "Plan Rows": 2266921, "Plan Width": 0, "Index Cond": "((l_shipdate >= '1997-07-01 00:00:00'::timestamp(0) without time zone) AND (l_shipdate < '1997-10-01 00:00:00'::timestamp without time zone))"}]}]}]}, {"Node Type": "Sort", "Parent Relationship": "Outer", "Startup Cost": 11587.82, "Total Cost": 11837.82, "Plan Rows": 100000, "Plan Width": 75, "Sort Key": ["supplier.s_suppkey"], "Plans": [{"Node Type": "Seq Scan", "Parent Relationship": "Outer", "Relation Name": "supplier", "Alias": "supplier", "Startup Cost": 0.0, "Total Cost": 3283.0, "Plan Rows": 100000, "Plan Width": 75}]}, {"Node Type": "Sort", "Parent Relationship": "Inner", "Startup Cost": 1631906.91, "Total Cost": 1632055.36, "Plan Rows": 59380, "Plan Width": 16, "Sort Key": ["revenue0.supplier_no"], "Plans": [{"Node Type": "Subquery Scan", "Parent Relationship": "Outer", "Alias": "revenue0", "Startup Cost": 1625862.71, "Total Cost": 1627198.76, "Plan Rows": 59380, "Plan Width": 16, "Plans": [{"Node Type": "Aggregate", "Strategy": "Hashed", "Parent Relationship": "Subquery", "Startup Cost": 1625862.71, "Total Cost": 1626604.96, "Plan Rows": 59380, "Plan Width": 40, "Group By Key": ["public.lineitem.l_suppkey"], "Filter": "(sum((public.lineitem.l_extendedprice * (1::double precision - public.lineitem.l_discount))) = $0), (LLVM Optimized)", "Plans": [{"Node Type": "Bitmap Heap Scan", "Parent Relationship": "Outer", "Relation Name": "lineitem", "Alias": "lineitem", "Startup Cost": 78544.19, "Total Cost": 1586191.59, "Plan Rows": 2266921, "Plan Width": 24, "Recheck Cond": "((l_shipdate >= '1997-07-01 00:00:00'::timestamp(0) without time zone) AND (l_shipdate < '1997-10-01 00:00:00'::timestamp without time zone)), (LLVM Optimized)", "Plans": [{"Node Type": "Bitmap Index Scan", "Parent Relationship": "Outer", "Index Name": "idx_lineitem_shipdate", "Startup Cost": 0.0, "Total Cost": 77977.46, "Plan Rows": 2266921, "Plan Width": 0, "Index Cond": "((l_shipdate >= '1997-07-01 00:00:00'::timestamp(0) without time zone) AND (l_shipdate < '1997-10-01 00:00:00'::timestamp without time zone))"}]}]}]}]}]}, "Unique SQL Id": 3712096918, "Planner Runtime": 0}, "explain_analyze_plan": {"Plan": {"Node Type": "Merge Join", "Join Type": "Inner", "Startup Cost": 3253691.59, "Total Cost": 3255082.29, "Plan Rows": 59380, "Plan Width": 83, "Actual Startup Time": 11273.839, "Actual Total Time": 11274.042, "Actual Rows": 1, "Actual Loops": 1, "Inner Unique": true, "Merge Cond": "(supplier.s_suppkey = revenue0.supplier_no)", "Plans": [{"Node Type": "Aggregate", "Strategy": "Plain", "Parent Relationship": "exec_init_plan", "Subplan Name": "InitPlan 1 (returns $0)", "Startup Cost": 1610196.85, "Total Cost": 1610196.86, "Plan Rows": 1, "Plan Width": 16, "Actual Startup Time": 5587.42, "Actual Total Time": 5587.42, "Actual Rows": 1, "Actual Loops": 1, "Plans": [{"Node Type": "Aggregate", "Strategy": "Hashed", "Parent Relationship": "Outer", "Startup Cost": 1608860.8, "Total Cost": 1609454.6, "Plan Rows": 59380, "Plan Width": 32, "Actual Startup Time": 5543.433, "Actual Total Time": 5572.471, "Actual Rows": 100000, "Actual Loops": 1, "Group By Key": ["public.lineitem.l_suppkey"], "Plans": [{"Node Type": "Bitmap Heap Scan", "Parent Relationship": "Outer", "Relation Name": "lineitem", "Alias": "lineitem", "Startup Cost": 78544.19, "Total Cost": 1586191.59, "Plan Rows": 2266921, "Plan Width": 24, "Actual Startup Time": 1181.717, "Actual Total Time": 3948.832, "Actual Rows": 2293944, "Actual Loops": 1, "Recheck Cond": "((l_shipdate >= '1997-07-01 00:00:00'::timestamp(0) without time zone) AND (l_shipdate < '1997-10-01 00:00:00'::timestamp without time zone)), (LLVM Optimized, Jit Execute)", "Rows Removed by Index Recheck": 0, "Exact Heap Blocks": 732487, "Lossy Heap Blocks": 732487, "Plans": [{"Node Type": "Bitmap Index Scan", "Parent Relationship": "Outer", "Index Name": "idx_lineitem_shipdate", "Startup Cost": 0.0, "Total Cost": 77977.46, "Plan Rows": 2266921, "Plan Width": 0, "Actual Startup Time": 891.828, "Actual Total Time": 891.828, "Actual Rows": 2293944, "Actual Loops": 1, "Index Cond": "((l_shipdate >= '1997-07-01 00:00:00'::timestamp(0) without time zone) AND (l_shipdate < '1997-10-01 00:00:00'::timestamp without time zone))"}]}]}]}, {"Node Type": "Sort", "Parent Relationship": "Outer", "Startup Cost": 11587.82, "Total Cost": 11837.82, "Plan Rows": 100000, "Plan Width": 75, "Actual Startup Time": 69.893, "Actual Total Time": 74.352, "Actual Rows": 35977, "Actual Loops": 1, "Sort Key": ["supplier.s_suppkey"], "Sort Method": "quicksort", "Sort Space Used": 18698, "Sort Space Type": "Memory", "Plans": [{"Node Type": "Seq Scan", "Parent Relationship": "Outer", "Relation Name": "supplier", "Alias": "supplier", "Startup Cost": 0.0, "Total Cost": 3283.0, "Plan Rows": 100000, "Plan Width": 75, "Actual Startup Time": 0.023, "Actual Total Time": 34.157, "Actual Rows": 100000, "Actual Loops": 1}]}, {"Node Type": "Sort", "Parent Relationship": "Inner", "Startup Cost": 1631906.91, "Total Cost": 1632055.36, "Plan Rows": 59380, "Plan Width": 16, "Actual Startup Time": 11194.298, "Actual Total Time": 11194.298, "Actual Rows": 1, "Actual Loops": 1, "Sort Key": ["revenue0.supplier_no"], "Sort Method": "quicksort", "Sort Space Used": 25, "Sort Space Type": "Memory", "Plans": [{"Node Type": "Subquery Scan", "Parent Relationship": "Outer", "Alias": "revenue0", "Startup Cost": 1625862.71, "Total Cost": 1627198.76, "Plan Rows": 59380, "Plan Width": 16, "Actual Startup Time": 11175.845, "Actual Total Time": 11194.042, "Actual Rows": 1, "Actual Loops": 1, "Plans": [{"Node Type": "Aggregate", "Strategy": "Hashed", "Parent Relationship": "Subquery", "Startup Cost": 1625862.71, "Total Cost": 1626604.96, "Plan Rows": 59380, "Plan Width": 40, "Actual Startup Time": 11175.843, "Actual Total Time": 11194.037, "Actual Rows": 1, "Actual Loops": 1, "Group By Key": ["public.lineitem.l_suppkey"], "Filter": "(sum((public.lineitem.l_extendedprice * (1::double precision - public.lineitem.l_discount))) = $0), (LLVM Optimized, Jit Execute)", "Rows Removed by Filter": 99999, "Plans": [{"Node Type": "Bitmap Heap Scan", "Parent Relationship": "Outer", "Relation Name": "lineitem", "Alias": "lineitem", "Startup Cost": 78544.19, "Total Cost": 1586191.59, "Plan Rows": 2266921, "Plan Width": 24, "Actual Startup Time": 1200.348, "Actual Total Time": 3963.914, "Actual Rows": 2293944, "Actual Loops": 1, "Recheck Cond": "((l_shipdate >= '1997-07-01 00:00:00'::timestamp(0) without time zone) AND (l_shipdate < '1997-10-01 00:00:00'::timestamp without time zone)), (LLVM Optimized, Jit Execute)", "Rows Removed by Index Recheck": 0, "Exact Heap Blocks": 732487, "Lossy Heap Blocks": 732487, "Plans": [{"Node Type": "Bitmap Index Scan", "Parent Relationship": "Outer", "Index Name": "idx_lineitem_shipdate", "Startup Cost": 0.0, "Total Cost": 77977.46, "Plan Rows": 2266921, "Plan Width": 0, "Actual Startup Time": 837.379, "Actual Total Time": 837.379, "Actual Rows": 2293944, "Actual Loops": 1, "Index Cond": "((l_shipdate >= '1997-07-01 00:00:00'::timestamp(0) without time zone) AND (l_shipdate < '1997-10-01 00:00:00'::timestamp without time zone))"}]}]}]}]}]}, "Triggers": [], "Planner Runtime": 0.871, "Total Runtime": 11286.651, "Unique SQL Id": 3712096918}}, "(64, '83')": {"explain_plan": {"Plan": {"Node Type": "Sort", "Startup Cost": 3497813.02, "Total Cost": 3497961.47, "Plan Rows": 59380, "Plan Width": 83, "Sort Key": ["supplier.s_suppkey"], "Plans": [{"Node Type": "Aggregate", "Strategy": "Plain", "Parent Relationship": "exec_init_plan", "Subplan Name": "InitPlan 1 (returns $0)", "Startup Cost": 1610196.85, "Total Cost": 1610196.86, "Plan Rows": 1, "Plan Width": 16, "Plans": [{"Node Type": "Aggregate", "Strategy": "Hashed", "Parent Relationship": "Outer", "Startup Cost": 1608860.8, "Total Cost": 1609454.6, "Plan Rows": 59380, "Plan Width": 32, "Group By Key": ["public.lineitem.l_suppkey"], "Plans": [{"Node Type": "Bitmap Heap Scan", "Parent Relationship": "Outer", "Relation Name": "lineitem", "Alias": "lineitem", "Startup Cost": 78544.19, "Total Cost": 1586191.59, "Plan Rows": 2266921, "Plan Width": 24, "Recheck Cond": "((l_shipdate >= '1997-07-01 00:00:00'::timestamp(0) without time zone) AND (l_shipdate < '1997-10-01 00:00:00'::timestamp without time zone)), (LLVM Optimized)", "Plans": [{"Node Type": "Bitmap Index Scan", "Parent Relationship": "Outer", "Index Name": "idx_lineitem_shipdate", "Startup Cost": 0.0, "Total Cost": 77977.46, "Plan Rows": 2266921, "Plan Width": 0, "Index Cond": "((l_shipdate >= '1997-07-01 00:00:00'::timestamp(0) without time zone) AND (l_shipdate < '1997-10-01 00:00:00'::timestamp without time zone))"}]}]}]}, {"Node Type": "Nested Loop", "Parent Relationship": "Outer", "Join Type": "Inner", "Startup Cost": 1625863.0, "Total Cost": 1882908.01, "Plan Rows": 59380, "Plan Width": 83, "Inner Unique": true, "Plans": [{"Node Type": "Aggregate", "Strategy": "Hashed", "Parent Relationship": "Outer", "Startup Cost": 1625862.71, "Total Cost": 1626604.96, "Plan Rows": 59380, "Plan Width": 40, "Group By Key": ["public.lineitem.l_suppkey"], "Filter": "(sum((public.lineitem.l_extendedprice * (1::double precision - public.lineitem.l_discount))) = $0), (LLVM Optimized)", "Plans": [{"Node Type": "Bitmap Heap Scan", "Parent Relationship": "Outer", "Relation Name": "lineitem", "Alias": "lineitem", "Startup Cost": 78544.19, "Total Cost": 1586191.59, "Plan Rows": 2266921, "Plan Width": 24, "Recheck Cond": "((l_shipdate >= '1997-07-01 00:00:00'::timestamp(0) without time zone) AND (l_shipdate < '1997-10-01 00:00:00'::timestamp without time zone)), (LLVM Optimized)", "Plans": [{"Node Type": "Bitmap Index Scan", "Parent Relationship": "Outer", "Index Name": "idx_lineitem_shipdate", "Startup Cost": 0.0, "Total Cost": 77977.46, "Plan Rows": 2266921, "Plan Width": 0, "Index Cond": "((l_shipdate >= '1997-07-01 00:00:00'::timestamp(0) without time zone) AND (l_shipdate < '1997-10-01 00:00:00'::timestamp without time zone))"}]}]}, {"Node Type": "Bitmap Heap Scan", "Parent Relationship": "Inner", "Relation Name": "supplier", "Alias": "supplier", "Startup Cost": 0.28, "Total Cost": 4.3, "Plan Rows": 1, "Plan Width": 75, "Recheck Cond": "(s_suppkey = public.lineitem.l_suppkey)", "Plans": [{"Node Type": "Bitmap Index Scan", "Parent Relationship": "Outer", "Index Name": "supplier_pkey", "Startup Cost": 0.0, "Total Cost": 0.28, "Plan Rows": 1, "Plan Width": 0, "Index Cond": "(s_suppkey = public.lineitem.l_suppkey)"}]}]}]}, "Unique SQL Id": 3712096918, "Planner Runtime": 0}, "explain_analyze_plan": {"Plan": {"Node Type": "Sort", "Startup Cost": 3497813.02, "Total Cost": 3497961.47, "Plan Rows": 59380, "Plan Width": 83, "Actual Startup Time": 11573.67, "Actual Total Time": 11573.671, "Actual Rows": 1, "Actual Loops": 1, "Sort Key": ["supplier.s_suppkey"], "Sort Method": "quicksort", "Sort Space Used": 25, "Sort Space Type": "Memory", "Plans": [{"Node Type": "Aggregate", "Strategy": "Plain", "Parent Relationship": "exec_init_plan", "Subplan Name": "InitPlan 1 (returns $0)", "Startup Cost": 1610196.85, "Total Cost": 1610196.86, "Plan Rows": 1, "Plan Width": 16, "Actual Startup Time": 5810.994, "Actual Total Time": 5810.994, "Actual Rows": 1, "Actual Loops": 1, "Plans": [{"Node Type": "Aggregate", "Strategy": "Hashed", "Parent Relationship": "Outer", "Startup Cost": 1608860.8, "Total Cost": 1609454.6, "Plan Rows": 59380, "Plan Width": 32, "Actual Startup Time": 5762.308, "Actual Total Time": 5795.992, "Actual Rows": 100000, "Actual Loops": 1, "Group By Key": ["public.lineitem.l_suppkey"], "Plans": [{"Node Type": "Bitmap Heap Scan", "Parent Relationship": "Outer", "Relation Name": "lineitem", "Alias": "lineitem", "Startup Cost": 78544.19, "Total Cost": 1586191.59, "Plan Rows": 2266921, "Plan Width": 24, "Actual Startup Time": 1233.691, "Actual Total Time": 4071.08, "Actual Rows": 2293944, "Actual Loops": 1, "Recheck Cond": "((l_shipdate >= '1997-07-01 00:00:00'::timestamp(0) without time zone) AND (l_shipdate < '1997-10-01 00:00:00'::timestamp without time zone)), (LLVM Optimized, Jit Execute)", "Rows Removed by Index Recheck": 0, "Exact Heap Blocks": 732487, "Lossy Heap Blocks": 732487, "Plans": [{"Node Type": "Bitmap Index Scan", "Parent Relationship": "Outer", "Index Name": "idx_lineitem_shipdate", "Startup Cost": 0.0, "Total Cost": 77977.46, "Plan Rows": 2266921, "Plan Width": 0, "Actual Startup Time": 943.405, "Actual Total Time": 943.405, "Actual Rows": 2293944, "Actual Loops": 1, "Index Cond": "((l_shipdate >= '1997-07-01 00:00:00'::timestamp(0) without time zone) AND (l_shipdate < '1997-10-01 00:00:00'::timestamp without time zone))"}]}]}]}, {"Node Type": "Nested Loop", "Parent Relationship": "Outer", "Join Type": "Inner", "Startup Cost": 1625863.0, "Total Cost": 1882908.01, "Plan Rows": 59380, "Plan Width": 83, "Actual Startup Time": 11554.935, "Actual Total Time": 11573.643, "Actual Rows": 1, "Actual Loops": 1, "Inner Unique": true, "Plans": [{"Node Type": "Aggregate", "Strategy": "Hashed", "Parent Relationship": "Outer", "Startup Cost": 1625862.71, "Total Cost": 1626604.96, "Plan Rows": 59380, "Plan Width": 40, "Actual Startup Time": 11554.824, "Actual Total Time": 11573.326, "Actual Rows": 1, "Actual Loops": 1, "Group By Key": ["public.lineitem.l_suppkey"], "Filter": "(sum((public.lineitem.l_extendedprice * (1::double precision - public.lineitem.l_discount))) = $0), (LLVM Optimized, Jit Execute)", "Rows Removed by Filter": 99999, "Plans": [{"Node Type": "Bitmap Heap Scan", "Parent Relationship": "Outer", "Relation Name": "lineitem", "Alias": "lineitem", "Startup Cost": 78544.19, "Total Cost": 1586191.59, "Plan Rows": 2266921, "Plan Width": 24, "Actual Startup Time": 1251.575, "Actual Total Time": 4123.103, "Actual Rows": 2293944, "Actual Loops": 1, "Recheck Cond": "((l_shipdate >= '1997-07-01 00:00:00'::timestamp(0) without time zone) AND (l_shipdate < '1997-10-01 00:00:00'::timestamp without time zone)), (LLVM Optimized, Jit Execute)", "Rows Removed by Index Recheck": 0, "Exact Heap Blocks": 732487, "Lossy Heap Blocks": 732487, "Plans": [{"Node Type": "Bitmap Index Scan", "Parent Relationship": "Outer", "Index Name": "idx_lineitem_shipdate", "Startup Cost": 0.0, "Total Cost": 77977.46, "Plan Rows": 2266921, "Plan Width": 0, "Actual Startup Time": 951.166, "Actual Total Time": 951.166, "Actual Rows": 2293944, "Actual Loops": 1, "Index Cond": "((l_shipdate >= '1997-07-01 00:00:00'::timestamp(0) without time zone) AND (l_shipdate < '1997-10-01 00:00:00'::timestamp without time zone))"}]}]}, {"Node Type": "Bitmap Heap Scan", "Parent Relationship": "Inner", "Relation Name": "supplier", "Alias": "supplier", "Startup Cost": 0.28, "Total Cost": 4.3, "Plan Rows": 1, "Plan Width": 75, "Actual Startup Time": 0.082, "Actual Total Time": 0.082, "Actual Rows": 1, "Actual Loops": 1, "Recheck Cond": "(s_suppkey = public.lineitem.l_suppkey)", "Rows Removed by Index Recheck": 0, "Exact Heap Blocks": 1, "Lossy Heap Blocks": 1, "Plans": [{"Node Type": "Bitmap Index Scan", "Parent Relationship": "Outer", "Index Name": "supplier_pkey", "Startup Cost": 0.0, "Total Cost": 0.28, "Plan Rows": 1, "Plan Width": 0, "Actual Startup Time": 0.037, "Actual Total Time": 0.037, "Actual Rows": 1, "Actual Loops": 1, "Index Cond": "(s_suppkey = public.lineitem.l_suppkey)"}]}]}]}, "Triggers": [], "Planner Runtime": 0.887, "Total Runtime": 11586.661, "Unique SQL Id": 3712096918}}, "(64, '84')": {"explain_plan": {"Plan": {"Node Type": "Merge Join", "Join Type": "Inner", "Startup Cost": 3242103.77, "Total Cost": 3248579.02, "Plan Rows": 59380, "Plan Width": 83, "Inner Unique": true, "Merge Cond": "(supplier.s_suppkey = revenue0.supplier_no)", "Plans": [{"Node Type": "Aggregate", "Strategy": "Plain", "Parent Relationship": "exec_init_plan", "Subplan Name": "InitPlan 1 (returns $0)", "Startup Cost": 1610196.85, "Total Cost": 1610196.86, "Plan Rows": 1, "Plan Width": 16, "Plans": [{"Node Type": "Aggregate", "Strategy": "Hashed", "Parent Relationship": "Outer", "Startup Cost": 1608860.8, "Total Cost": 1609454.6, "Plan Rows": 59380, "Plan Width": 32, "Group By Key": ["public.lineitem.l_suppkey"], "Plans": [{"Node Type": "Bitmap Heap Scan", "Parent Relationship": "Outer", "Relation Name": "lineitem", "Alias": "lineitem", "Startup Cost": 78544.19, "Total Cost": 1586191.59, "Plan Rows": 2266921, "Plan Width": 24, "Recheck Cond": "((l_shipdate >= '1997-07-01 00:00:00'::timestamp(0) without time zone) AND (l_shipdate < '1997-10-01 00:00:00'::timestamp without time zone)), (LLVM Optimized)", "Plans": [{"Node Type": "Bitmap Index Scan", "Parent Relationship": "Outer", "Index Name": "idx_lineitem_shipdate", "Startup Cost": 0.0, "Total Cost": 77977.46, "Plan Rows": 2266921, "Plan Width": 0, "Index Cond": "((l_shipdate >= '1997-07-01 00:00:00'::timestamp(0) without time zone) AND (l_shipdate < '1997-10-01 00:00:00'::timestamp without time zone))"}]}]}]}, {"Node Type": "Index Scan", "Parent Relationship": "Outer", "Scan Direction": "Forward", "Index Name": "supplier_pkey", "Relation Name": "supplier", "Alias": "supplier", "Startup Cost": 0.0, "Total Cost": 5334.54, "Plan Rows": 100000, "Plan Width": 75}, {"Node Type": "Sort", "Parent Relationship": "Inner", "Startup Cost": 1631906.91, "Total Cost": 1632055.36, "Plan Rows": 59380, "Plan Width": 16, "Sort Key": ["revenue0.supplier_no"], "Plans": [{"Node Type": "Subquery Scan", "Parent Relationship": "Outer", "Alias": "revenue0", "Startup Cost": 1625862.71, "Total Cost": 1627198.76, "Plan Rows": 59380, "Plan Width": 16, "Plans": [{"Node Type": "Aggregate", "Strategy": "Hashed", "Parent Relationship": "Subquery", "Startup Cost": 1625862.71, "Total Cost": 1626604.96, "Plan Rows": 59380, "Plan Width": 40, "Group By Key": ["public.lineitem.l_suppkey"], "Filter": "(sum((public.lineitem.l_extendedprice * (1::double precision - public.lineitem.l_discount))) = $0), (LLVM Optimized)", "Plans": [{"Node Type": "Bitmap Heap Scan", "Parent Relationship": "Outer", "Relation Name": "lineitem", "Alias": "lineitem", "Startup Cost": 78544.19, "Total Cost": 1586191.59, "Plan Rows": 2266921, "Plan Width": 24, "Recheck Cond": "((l_shipdate >= '1997-07-01 00:00:00'::timestamp(0) without time zone) AND (l_shipdate < '1997-10-01 00:00:00'::timestamp without time zone)), (LLVM Optimized)", "Plans": [{"Node Type": "Bitmap Index Scan", "Parent Relationship": "Outer", "Index Name": "idx_lineitem_shipdate", "Startup Cost": 0.0, "Total Cost": 77977.46, "Plan Rows": 2266921, "Plan Width": 0, "Index Cond": "((l_shipdate >= '1997-07-01 00:00:00'::timestamp(0) without time zone) AND (l_shipdate < '1997-10-01 00:00:00'::timestamp without time zone))"}]}]}]}]}]}, "Unique SQL Id": 3712096918, "Planner Runtime": 0}, "explain_analyze_plan": {"Plan": {"Node Type": "Merge Join", "Join Type": "Inner", "Startup Cost": 3242103.77, "Total Cost": 3248579.02, "Plan Rows": 59380, "Plan Width": 83, "Actual Startup Time": 11259.12, "Actual Total Time": 11259.13, "Actual Rows": 1, "Actual Loops": 1, "Inner Unique": true, "Merge Cond": "(supplier.s_suppkey = revenue0.supplier_no)", "Plans": [{"Node Type": "Aggregate", "Strategy": "Plain", "Parent Relationship": "exec_init_plan", "Subplan Name": "InitPlan 1 (returns $0)", "Startup Cost": 1610196.85, "Total Cost": 1610196.86, "Plan Rows": 1, "Plan Width": 16, "Actual Startup Time": 5678.286, "Actual Total Time": 5678.286, "Actual Rows": 1, "Actual Loops": 1, "Plans": [{"Node Type": "Aggregate", "Strategy": "Hashed", "Parent Relationship": "Outer", "Startup Cost": 1608860.8, "Total Cost": 1609454.6, "Plan Rows": 59380, "Plan Width": 32, "Actual Startup Time": 5632.701, "Actual Total Time": 5663.385, "Actual Rows": 100000, "Actual Loops": 1, "Group By Key": ["public.lineitem.l_suppkey"], "Plans": [{"Node Type": "Bitmap Heap Scan", "Parent Relationship": "Outer", "Relation Name": "lineitem", "Alias": "lineitem", "Startup Cost": 78544.19, "Total Cost": 1586191.59, "Plan Rows": 2266921, "Plan Width": 24, "Actual Startup Time": 1092.363, "Actual Total Time": 3924.167, "Actual Rows": 2293944, "Actual Loops": 1, "Recheck Cond": "((l_shipdate >= '1997-07-01 00:00:00'::timestamp(0) without time zone) AND (l_shipdate < '1997-10-01 00:00:00'::timestamp without time zone)), (LLVM Optimized, Jit Execute)", "Rows Removed by Index Recheck": 0, "Exact Heap Blocks": 732487, "Lossy Heap Blocks": 732487, "Plans": [{"Node Type": "Bitmap Index Scan", "Parent Relationship": "Outer", "Index Name": "idx_lineitem_shipdate", "Startup Cost": 0.0, "Total Cost": 77977.46, "Plan Rows": 2266921, "Plan Width": 0, "Actual Startup Time": 806.305, "Actual Total Time": 806.305, "Actual Rows": 2293944, "Actual Loops": 1, "Index Cond": "((l_shipdate >= '1997-07-01 00:00:00'::timestamp(0) without time zone) AND (l_shipdate < '1997-10-01 00:00:00'::timestamp without time zone))"}]}]}]}, {"Node Type": "Index Scan", "Parent Relationship": "Outer", "Scan Direction": "Forward", "Index Name": "supplier_pkey", "Relation Name": "supplier", "Alias": "supplier", "Startup Cost": 0.0, "Total Cost": 5334.54, "Plan Rows": 100000, "Plan Width": 75, "Actual Startup Time": 0.035, "Actual Total Time": 17.69, "Actual Rows": 35977, "Actual Loops": 1}, {"Node Type": "Sort", "Parent Relationship": "Inner", "Startup Cost": 1631906.91, "Total Cost": 1632055.36, "Plan Rows": 59380, "Plan Width": 16, "Actual Startup Time": 11236.384, "Actual Total Time": 11236.386, "Actual Rows": 1, "Actual Loops": 1, "Sort Key": ["revenue0.supplier_no"], "Sort Method": "quicksort", "Sort Space Used": 25, "Sort Space Type": "Memory", "Plans": [{"Node Type": "Subquery Scan", "Parent Relationship": "Outer", "Alias": "revenue0", "Startup Cost": 1625862.71, "Total Cost": 1627198.76, "Plan Rows": 59380, "Plan Width": 16, "Actual Startup Time": 11217.282, "Actual Total Time": 11236.125, "Actual Rows": 1, "Actual Loops": 1, "Plans": [{"Node Type": "Aggregate", "Strategy": "Hashed", "Parent Relationship": "Subquery", "Startup Cost": 1625862.71, "Total Cost": 1626604.96, "Plan Rows": 59380, "Plan Width": 40, "Actual Startup Time": 11217.279, "Actual Total Time": 11236.12, "Actual Rows": 1, "Actual Loops": 1, "Group By Key": ["public.lineitem.l_suppkey"], "Filter": "(sum((public.lineitem.l_extendedprice * (1::double precision - public.lineitem.l_discount))) = $0), (LLVM Optimized, Jit Execute)", "Rows Removed by Filter": 99999, "Plans": [{"Node Type": "Bitmap Heap Scan", "Parent Relationship": "Outer", "Relation Name": "lineitem", "Alias": "lineitem", "Startup Cost": 78544.19, "Total Cost": 1586191.59, "Plan Rows": 2266921, "Plan Width": 24, "Actual Startup Time": 1268.542, "Actual Total Time": 4012.865, "Actual Rows": 2293944, "Actual Loops": 1, "Recheck Cond": "((l_shipdate >= '1997-07-01 00:00:00'::timestamp(0) without time zone) AND (l_shipdate < '1997-10-01 00:00:00'::timestamp without time zone)), (LLVM Optimized, Jit Execute)", "Rows Removed by Index Recheck": 0, "Exact Heap Blocks": 732487, "Lossy Heap Blocks": 732487, "Plans": [{"Node Type": "Bitmap Index Scan", "Parent Relationship": "Outer", "Index Name": "idx_lineitem_shipdate", "Startup Cost": 0.0, "Total Cost": 77977.46, "Plan Rows": 2266921, "Plan Width": 0, "Actual Startup Time": 913.173, "Actual Total Time": 913.173, "Actual Rows": 2293944, "Actual Loops": 1, "Index Cond": "((l_shipdate >= '1997-07-01 00:00:00'::timestamp(0) without time zone) AND (l_shipdate < '1997-10-01 00:00:00'::timestamp without time zone))"}]}]}]}]}]}, "Triggers": [], "Planner Runtime": 0.897, "Total Runtime": 11271.753, "Unique SQL Id": 3712096918}}, "(64, '85')": {"explain_plan": {"Plan": {"Node Type": "Merge Join", "Join Type": "Inner", "Startup Cost": 3242103.77, "Total Cost": 3248579.02, "Plan Rows": 59380, "Plan Width": 83, "Inner Unique": true, "Merge Cond": "(supplier.s_suppkey = revenue0.supplier_no)", "Plans": [{"Node Type": "Aggregate", "Strategy": "Plain", "Parent Relationship": "exec_init_plan", "Subplan Name": "InitPlan 1 (returns $0)", "Startup Cost": 1610196.85, "Total Cost": 1610196.86, "Plan Rows": 1, "Plan Width": 16, "Plans": [{"Node Type": "Aggregate", "Strategy": "Hashed", "Parent Relationship": "Outer", "Startup Cost": 1608860.8, "Total Cost": 1609454.6, "Plan Rows": 59380, "Plan Width": 32, "Group By Key": ["public.lineitem.l_suppkey"], "Plans": [{"Node Type": "Bitmap Heap Scan", "Parent Relationship": "Outer", "Relation Name": "lineitem", "Alias": "lineitem", "Startup Cost": 78544.19, "Total Cost": 1586191.59, "Plan Rows": 2266921, "Plan Width": 24, "Recheck Cond": "((l_shipdate >= '1997-07-01 00:00:00'::timestamp(0) without time zone) AND (l_shipdate < '1997-10-01 00:00:00'::timestamp without time zone)), (LLVM Optimized)", "Plans": [{"Node Type": "Bitmap Index Scan", "Parent Relationship": "Outer", "Index Name": "idx_lineitem_shipdate", "Startup Cost": 0.0, "Total Cost": 77977.46, "Plan Rows": 2266921, "Plan Width": 0, "Index Cond": "((l_shipdate >= '1997-07-01 00:00:00'::timestamp(0) without time zone) AND (l_shipdate < '1997-10-01 00:00:00'::timestamp without time zone))"}]}]}]}, {"Node Type": "Index Scan", "Parent Relationship": "Outer", "Scan Direction": "Forward", "Index Name": "supplier_pkey", "Relation Name": "supplier", "Alias": "supplier", "Startup Cost": 0.0, "Total Cost": 5334.54, "Plan Rows": 100000, "Plan Width": 75}, {"Node Type": "Sort", "Parent Relationship": "Inner", "Startup Cost": 1631906.91, "Total Cost": 1632055.36, "Plan Rows": 59380, "Plan Width": 16, "Sort Key": ["revenue0.supplier_no"], "Plans": [{"Node Type": "Subquery Scan", "Parent Relationship": "Outer", "Alias": "revenue0", "Startup Cost": 1625862.71, "Total Cost": 1627198.76, "Plan Rows": 59380, "Plan Width": 16, "Plans": [{"Node Type": "Aggregate", "Strategy": "Hashed", "Parent Relationship": "Subquery", "Startup Cost": 1625862.71, "Total Cost": 1626604.96, "Plan Rows": 59380, "Plan Width": 40, "Group By Key": ["public.lineitem.l_suppkey"], "Filter": "(sum((public.lineitem.l_extendedprice * (1::double precision - public.lineitem.l_discount))) = $0), (LLVM Optimized)", "Plans": [{"Node Type": "Bitmap Heap Scan", "Parent Relationship": "Outer", "Relation Name": "lineitem", "Alias": "lineitem", "Startup Cost": 78544.19, "Total Cost": 1586191.59, "Plan Rows": 2266921, "Plan Width": 24, "Recheck Cond": "((l_shipdate >= '1997-07-01 00:00:00'::timestamp(0) without time zone) AND (l_shipdate < '1997-10-01 00:00:00'::timestamp without time zone)), (LLVM Optimized)", "Plans": [{"Node Type": "Bitmap Index Scan", "Parent Relationship": "Outer", "Index Name": "idx_lineitem_shipdate", "Startup Cost": 0.0, "Total Cost": 77977.46, "Plan Rows": 2266921, "Plan Width": 0, "Index Cond": "((l_shipdate >= '1997-07-01 00:00:00'::timestamp(0) without time zone) AND (l_shipdate < '1997-10-01 00:00:00'::timestamp without time zone))"}]}]}]}]}]}, "Unique SQL Id": 3712096918, "Planner Runtime": 0}, "explain_analyze_plan": {"Plan": {"Node Type": "Merge Join", "Join Type": "Inner", "Startup Cost": 3242103.77, "Total Cost": 3248579.02, "Plan Rows": 59380, "Plan Width": 83, "Actual Startup Time": 11259.12, "Actual Total Time": 11259.13, "Actual Rows": 1, "Actual Loops": 1, "Inner Unique": true, "Merge Cond": "(supplier.s_suppkey = revenue0.supplier_no)", "Plans": [{"Node Type": "Aggregate", "Strategy": "Plain", "Parent Relationship": "exec_init_plan", "Subplan Name": "InitPlan 1 (returns $0)", "Startup Cost": 1610196.85, "Total Cost": 1610196.86, "Plan Rows": 1, "Plan Width": 16, "Actual Startup Time": 5678.286, "Actual Total Time": 5678.286, "Actual Rows": 1, "Actual Loops": 1, "Plans": [{"Node Type": "Aggregate", "Strategy": "Hashed", "Parent Relationship": "Outer", "Startup Cost": 1608860.8, "Total Cost": 1609454.6, "Plan Rows": 59380, "Plan Width": 32, "Actual Startup Time": 5632.701, "Actual Total Time": 5663.385, "Actual Rows": 100000, "Actual Loops": 1, "Group By Key": ["public.lineitem.l_suppkey"], "Plans": [{"Node Type": "Bitmap Heap Scan", "Parent Relationship": "Outer", "Relation Name": "lineitem", "Alias": "lineitem", "Startup Cost": 78544.19, "Total Cost": 1586191.59, "Plan Rows": 2266921, "Plan Width": 24, "Actual Startup Time": 1092.363, "Actual Total Time": 3924.167, "Actual Rows": 2293944, "Actual Loops": 1, "Recheck Cond": "((l_shipdate >= '1997-07-01 00:00:00'::timestamp(0) without time zone) AND (l_shipdate < '1997-10-01 00:00:00'::timestamp without time zone)), (LLVM Optimized, Jit Execute)", "Rows Removed by Index Recheck": 0, "Exact Heap Blocks": 732487, "Lossy Heap Blocks": 732487, "Plans": [{"Node Type": "Bitmap Index Scan", "Parent Relationship": "Outer", "Index Name": "idx_lineitem_shipdate", "Startup Cost": 0.0, "Total Cost": 77977.46, "Plan Rows": 2266921, "Plan Width": 0, "Actual Startup Time": 806.305, "Actual Total Time": 806.305, "Actual Rows": 2293944, "Actual Loops": 1, "Index Cond": "((l_shipdate >= '1997-07-01 00:00:00'::timestamp(0) without time zone) AND (l_shipdate < '1997-10-01 00:00:00'::timestamp without time zone))"}]}]}]}, {"Node Type": "Index Scan", "Parent Relationship": "Outer", "Scan Direction": "Forward", "Index Name": "supplier_pkey", "Relation Name": "supplier", "Alias": "supplier", "Startup Cost": 0.0, "Total Cost": 5334.54, "Plan Rows": 100000, "Plan Width": 75, "Actual Startup Time": 0.035, "Actual Total Time": 17.69, "Actual Rows": 35977, "Actual Loops": 1}, {"Node Type": "Sort", "Parent Relationship": "Inner", "Startup Cost": 1631906.91, "Total Cost": 1632055.36, "Plan Rows": 59380, "Plan Width": 16, "Actual Startup Time": 11236.384, "Actual Total Time": 11236.386, "Actual Rows": 1, "Actual Loops": 1, "Sort Key": ["revenue0.supplier_no"], "Sort Method": "quicksort", "Sort Space Used": 25, "Sort Space Type": "Memory", "Plans": [{"Node Type": "Subquery Scan", "Parent Relationship": "Outer", "Alias": "revenue0", "Startup Cost": 1625862.71, "Total Cost": 1627198.76, "Plan Rows": 59380, "Plan Width": 16, "Actual Startup Time": 11217.282, "Actual Total Time": 11236.125, "Actual Rows": 1, "Actual Loops": 1, "Plans": [{"Node Type": "Aggregate", "Strategy": "Hashed", "Parent Relationship": "Subquery", "Startup Cost": 1625862.71, "Total Cost": 1626604.96, "Plan Rows": 59380, "Plan Width": 40, "Actual Startup Time": 11217.279, "Actual Total Time": 11236.12, "Actual Rows": 1, "Actual Loops": 1, "Group By Key": ["public.lineitem.l_suppkey"], "Filter": "(sum((public.lineitem.l_extendedprice * (1::double precision - public.lineitem.l_discount))) = $0), (LLVM Optimized, Jit Execute)", "Rows Removed by Filter": 99999, "Plans": [{"Node Type": "Bitmap Heap Scan", "Parent Relationship": "Outer", "Relation Name": "lineitem", "Alias": "lineitem", "Startup Cost": 78544.19, "Total Cost": 1586191.59, "Plan Rows": 2266921, "Plan Width": 24, "Actual Startup Time": 1268.542, "Actual Total Time": 4012.865, "Actual Rows": 2293944, "Actual Loops": 1, "Recheck Cond": "((l_shipdate >= '1997-07-01 00:00:00'::timestamp(0) without time zone) AND (l_shipdate < '1997-10-01 00:00:00'::timestamp without time zone)), (LLVM Optimized, Jit Execute)", "Rows Removed by Index Recheck": 0, "Exact Heap Blocks": 732487, "Lossy Heap Blocks": 732487, "Plans": [{"Node Type": "Bitmap Index Scan", "Parent Relationship": "Outer", "Index Name": "idx_lineitem_shipdate", "Startup Cost": 0.0, "Total Cost": 77977.46, "Plan Rows": 2266921, "Plan Width": 0, "Actual Startup Time": 913.173, "Actual Total Time": 913.173, "Actual Rows": 2293944, "Actual Loops": 1, "Index Cond": "((l_shipdate >= '1997-07-01 00:00:00'::timestamp(0) without time zone) AND (l_shipdate < '1997-10-01 00:00:00'::timestamp without time zone))"}]}]}]}]}]}, "Triggers": [], "Planner Runtime": 0.897, "Total Runtime": 11271.753, "Unique SQL Id": 3712096918}}, "(64, '86')": {"explain_plan": {"Plan": {"Node Type": "Merge Join", "Join Type": "Inner", "Startup Cost": 3253691.59, "Total Cost": 3255082.29, "Plan Rows": 59380, "Plan Width": 83, "Inner Unique": true, "Merge Cond": "(supplier.s_suppkey = revenue0.supplier_no)", "Plans": [{"Node Type": "Aggregate", "Strategy": "Plain", "Parent Relationship": "exec_init_plan", "Subplan Name": "InitPlan 1 (returns $0)", "Startup Cost": 1610196.85, "Total Cost": 1610196.86, "Plan Rows": 1, "Plan Width": 16, "Plans": [{"Node Type": "Aggregate", "Strategy": "Hashed", "Parent Relationship": "Outer", "Startup Cost": 1608860.8, "Total Cost": 1609454.6, "Plan Rows": 59380, "Plan Width": 32, "Group By Key": ["public.lineitem.l_suppkey"], "Plans": [{"Node Type": "Bitmap Heap Scan", "Parent Relationship": "Outer", "Relation Name": "lineitem", "Alias": "lineitem", "Startup Cost": 78544.19, "Total Cost": 1586191.59, "Plan Rows": 2266921, "Plan Width": 24, "Recheck Cond": "((l_shipdate >= '1997-07-01 00:00:00'::timestamp(0) without time zone) AND (l_shipdate < '1997-10-01 00:00:00'::timestamp without time zone)), (LLVM Optimized)", "Plans": [{"Node Type": "Bitmap Index Scan", "Parent Relationship": "Outer", "Index Name": "idx_lineitem_shipdate", "Startup Cost": 0.0, "Total Cost": 77977.46, "Plan Rows": 2266921, "Plan Width": 0, "Index Cond": "((l_shipdate >= '1997-07-01 00:00:00'::timestamp(0) without time zone) AND (l_shipdate < '1997-10-01 00:00:00'::timestamp without time zone))"}]}]}]}, {"Node Type": "Sort", "Parent Relationship": "Outer", "Startup Cost": 11587.82, "Total Cost": 11837.82, "Plan Rows": 100000, "Plan Width": 75, "Sort Key": ["supplier.s_suppkey"], "Plans": [{"Node Type": "Seq Scan", "Parent Relationship": "Outer", "Relation Name": "supplier", "Alias": "supplier", "Startup Cost": 0.0, "Total Cost": 3283.0, "Plan Rows": 100000, "Plan Width": 75}]}, {"Node Type": "Sort", "Parent Relationship": "Inner", "Startup Cost": 1631906.91, "Total Cost": 1632055.36, "Plan Rows": 59380, "Plan Width": 16, "Sort Key": ["revenue0.supplier_no"], "Plans": [{"Node Type": "Subquery Scan", "Parent Relationship": "Outer", "Alias": "revenue0", "Startup Cost": 1625862.71, "Total Cost": 1627198.76, "Plan Rows": 59380, "Plan Width": 16, "Plans": [{"Node Type": "Aggregate", "Strategy": "Hashed", "Parent Relationship": "Subquery", "Startup Cost": 1625862.71, "Total Cost": 1626604.96, "Plan Rows": 59380, "Plan Width": 40, "Group By Key": ["public.lineitem.l_suppkey"], "Filter": "(sum((public.lineitem.l_extendedprice * (1::double precision - public.lineitem.l_discount))) = $0), (LLVM Optimized)", "Plans": [{"Node Type": "Bitmap Heap Scan", "Parent Relationship": "Outer", "Relation Name": "lineitem", "Alias": "lineitem", "Startup Cost": 78544.19, "Total Cost": 1586191.59, "Plan Rows": 2266921, "Plan Width": 24, "Recheck Cond": "((l_shipdate >= '1997-07-01 00:00:00'::timestamp(0) without time zone) AND (l_shipdate < '1997-10-01 00:00:00'::timestamp without time zone)), (LLVM Optimized)", "Plans": [{"Node Type": "Bitmap Index Scan", "Parent Relationship": "Outer", "Index Name": "idx_lineitem_shipdate", "Startup Cost": 0.0, "Total Cost": 77977.46, "Plan Rows": 2266921, "Plan Width": 0, "Index Cond": "((l_shipdate >= '1997-07-01 00:00:00'::timestamp(0) without time zone) AND (l_shipdate < '1997-10-01 00:00:00'::timestamp without time zone))"}]}]}]}]}]}, "Unique SQL Id": 3712096918, "Planner Runtime": 0}, "explain_analyze_plan": {"Plan": {"Node Type": "Merge Join", "Join Type": "Inner", "Startup Cost": 3253691.59, "Total Cost": 3255082.29, "Plan Rows": 59380, "Plan Width": 83, "Actual Startup Time": 11273.839, "Actual Total Time": 11274.042, "Actual Rows": 1, "Actual Loops": 1, "Inner Unique": true, "Merge Cond": "(supplier.s_suppkey = revenue0.supplier_no)", "Plans": [{"Node Type": "Aggregate", "Strategy": "Plain", "Parent Relationship": "exec_init_plan", "Subplan Name": "InitPlan 1 (returns $0)", "Startup Cost": 1610196.85, "Total Cost": 1610196.86, "Plan Rows": 1, "Plan Width": 16, "Actual Startup Time": 5587.42, "Actual Total Time": 5587.42, "Actual Rows": 1, "Actual Loops": 1, "Plans": [{"Node Type": "Aggregate", "Strategy": "Hashed", "Parent Relationship": "Outer", "Startup Cost": 1608860.8, "Total Cost": 1609454.6, "Plan Rows": 59380, "Plan Width": 32, "Actual Startup Time": 5543.433, "Actual Total Time": 5572.471, "Actual Rows": 100000, "Actual Loops": 1, "Group By Key": ["public.lineitem.l_suppkey"], "Plans": [{"Node Type": "Bitmap Heap Scan", "Parent Relationship": "Outer", "Relation Name": "lineitem", "Alias": "lineitem", "Startup Cost": 78544.19, "Total Cost": 1586191.59, "Plan Rows": 2266921, "Plan Width": 24, "Actual Startup Time": 1181.717, "Actual Total Time": 3948.832, "Actual Rows": 2293944, "Actual Loops": 1, "Recheck Cond": "((l_shipdate >= '1997-07-01 00:00:00'::timestamp(0) without time zone) AND (l_shipdate < '1997-10-01 00:00:00'::timestamp without time zone)), (LLVM Optimized, Jit Execute)", "Rows Removed by Index Recheck": 0, "Exact Heap Blocks": 732487, "Lossy Heap Blocks": 732487, "Plans": [{"Node Type": "Bitmap Index Scan", "Parent Relationship": "Outer", "Index Name": "idx_lineitem_shipdate", "Startup Cost": 0.0, "Total Cost": 77977.46, "Plan Rows": 2266921, "Plan Width": 0, "Actual Startup Time": 891.828, "Actual Total Time": 891.828, "Actual Rows": 2293944, "Actual Loops": 1, "Index Cond": "((l_shipdate >= '1997-07-01 00:00:00'::timestamp(0) without time zone) AND (l_shipdate < '1997-10-01 00:00:00'::timestamp without time zone))"}]}]}]}, {"Node Type": "Sort", "Parent Relationship": "Outer", "Startup Cost": 11587.82, "Total Cost": 11837.82, "Plan Rows": 100000, "Plan Width": 75, "Actual Startup Time": 69.893, "Actual Total Time": 74.352, "Actual Rows": 35977, "Actual Loops": 1, "Sort Key": ["supplier.s_suppkey"], "Sort Method": "quicksort", "Sort Space Used": 18698, "Sort Space Type": "Memory", "Plans": [{"Node Type": "Seq Scan", "Parent Relationship": "Outer", "Relation Name": "supplier", "Alias": "supplier", "Startup Cost": 0.0, "Total Cost": 3283.0, "Plan Rows": 100000, "Plan Width": 75, "Actual Startup Time": 0.023, "Actual Total Time": 34.157, "Actual Rows": 100000, "Actual Loops": 1}]}, {"Node Type": "Sort", "Parent Relationship": "Inner", "Startup Cost": 1631906.91, "Total Cost": 1632055.36, "Plan Rows": 59380, "Plan Width": 16, "Actual Startup Time": 11194.298, "Actual Total Time": 11194.298, "Actual Rows": 1, "Actual Loops": 1, "Sort Key": ["revenue0.supplier_no"], "Sort Method": "quicksort", "Sort Space Used": 25, "Sort Space Type": "Memory", "Plans": [{"Node Type": "Subquery Scan", "Parent Relationship": "Outer", "Alias": "revenue0", "Startup Cost": 1625862.71, "Total Cost": 1627198.76, "Plan Rows": 59380, "Plan Width": 16, "Actual Startup Time": 11175.845, "Actual Total Time": 11194.042, "Actual Rows": 1, "Actual Loops": 1, "Plans": [{"Node Type": "Aggregate", "Strategy": "Hashed", "Parent Relationship": "Subquery", "Startup Cost": 1625862.71, "Total Cost": 1626604.96, "Plan Rows": 59380, "Plan Width": 40, "Actual Startup Time": 11175.843, "Actual Total Time": 11194.037, "Actual Rows": 1, "Actual Loops": 1, "Group By Key": ["public.lineitem.l_suppkey"], "Filter": "(sum((public.lineitem.l_extendedprice * (1::double precision - public.lineitem.l_discount))) = $0), (LLVM Optimized, Jit Execute)", "Rows Removed by Filter": 99999, "Plans": [{"Node Type": "Bitmap Heap Scan", "Parent Relationship": "Outer", "Relation Name": "lineitem", "Alias": "lineitem", "Startup Cost": 78544.19, "Total Cost": 1586191.59, "Plan Rows": 2266921, "Plan Width": 24, "Actual Startup Time": 1200.348, "Actual Total Time": 3963.914, "Actual Rows": 2293944, "Actual Loops": 1, "Recheck Cond": "((l_shipdate >= '1997-07-01 00:00:00'::timestamp(0) without time zone) AND (l_shipdate < '1997-10-01 00:00:00'::timestamp without time zone)), (LLVM Optimized, Jit Execute)", "Rows Removed by Index Recheck": 0, "Exact Heap Blocks": 732487, "Lossy Heap Blocks": 732487, "Plans": [{"Node Type": "Bitmap Index Scan", "Parent Relationship": "Outer", "Index Name": "idx_lineitem_shipdate", "Startup Cost": 0.0, "Total Cost": 77977.46, "Plan Rows": 2266921, "Plan Width": 0, "Actual Startup Time": 837.379, "Actual Total Time": 837.379, "Actual Rows": 2293944, "Actual Loops": 1, "Index Cond": "((l_shipdate >= '1997-07-01 00:00:00'::timestamp(0) without time zone) AND (l_shipdate < '1997-10-01 00:00:00'::timestamp without time zone))"}]}]}]}]}]}, "Triggers": [], "Planner Runtime": 0.871, "Total Runtime": 11286.651, "Unique SQL Id": 3712096918}}, "(64, '87')": {"explain_plan": {"Plan": {"Node Type": "Sort", "Startup Cost": 3497813.02, "Total Cost": 3497961.47, "Plan Rows": 59380, "Plan Width": 83, "Sort Key": ["supplier.s_suppkey"], "Plans": [{"Node Type": "Aggregate", "Strategy": "Plain", "Parent Relationship": "exec_init_plan", "Subplan Name": "InitPlan 1 (returns $0)", "Startup Cost": 1610196.85, "Total Cost": 1610196.86, "Plan Rows": 1, "Plan Width": 16, "Plans": [{"Node Type": "Aggregate", "Strategy": "Hashed", "Parent Relationship": "Outer", "Startup Cost": 1608860.8, "Total Cost": 1609454.6, "Plan Rows": 59380, "Plan Width": 32, "Group By Key": ["public.lineitem.l_suppkey"], "Plans": [{"Node Type": "Bitmap Heap Scan", "Parent Relationship": "Outer", "Relation Name": "lineitem", "Alias": "lineitem", "Startup Cost": 78544.19, "Total Cost": 1586191.59, "Plan Rows": 2266921, "Plan Width": 24, "Recheck Cond": "((l_shipdate >= '1997-07-01 00:00:00'::timestamp(0) without time zone) AND (l_shipdate < '1997-10-01 00:00:00'::timestamp without time zone)), (LLVM Optimized)", "Plans": [{"Node Type": "Bitmap Index Scan", "Parent Relationship": "Outer", "Index Name": "idx_lineitem_shipdate", "Startup Cost": 0.0, "Total Cost": 77977.46, "Plan Rows": 2266921, "Plan Width": 0, "Index Cond": "((l_shipdate >= '1997-07-01 00:00:00'::timestamp(0) without time zone) AND (l_shipdate < '1997-10-01 00:00:00'::timestamp without time zone))"}]}]}]}, {"Node Type": "Nested Loop", "Parent Relationship": "Outer", "Join Type": "Inner", "Startup Cost": 1625863.0, "Total Cost": 1882908.01, "Plan Rows": 59380, "Plan Width": 83, "Inner Unique": true, "Plans": [{"Node Type": "Aggregate", "Strategy": "Hashed", "Parent Relationship": "Outer", "Startup Cost": 1625862.71, "Total Cost": 1626604.96, "Plan Rows": 59380, "Plan Width": 40, "Group By Key": ["public.lineitem.l_suppkey"], "Filter": "(sum((public.lineitem.l_extendedprice * (1::double precision - public.lineitem.l_discount))) = $0), (LLVM Optimized)", "Plans": [{"Node Type": "Bitmap Heap Scan", "Parent Relationship": "Outer", "Relation Name": "lineitem", "Alias": "lineitem", "Startup Cost": 78544.19, "Total Cost": 1586191.59, "Plan Rows": 2266921, "Plan Width": 24, "Recheck Cond": "((l_shipdate >= '1997-07-01 00:00:00'::timestamp(0) without time zone) AND (l_shipdate < '1997-10-01 00:00:00'::timestamp without time zone)), (LLVM Optimized)", "Plans": [{"Node Type": "Bitmap Index Scan", "Parent Relationship": "Outer", "Index Name": "idx_lineitem_shipdate", "Startup Cost": 0.0, "Total Cost": 77977.46, "Plan Rows": 2266921, "Plan Width": 0, "Index Cond": "((l_shipdate >= '1997-07-01 00:00:00'::timestamp(0) without time zone) AND (l_shipdate < '1997-10-01 00:00:00'::timestamp without time zone))"}]}]}, {"Node Type": "Bitmap Heap Scan", "Parent Relationship": "Inner", "Relation Name": "supplier", "Alias": "supplier", "Startup Cost": 0.28, "Total Cost": 4.3, "Plan Rows": 1, "Plan Width": 75, "Recheck Cond": "(s_suppkey = public.lineitem.l_suppkey)", "Plans": [{"Node Type": "Bitmap Index Scan", "Parent Relationship": "Outer", "Index Name": "supplier_pkey", "Startup Cost": 0.0, "Total Cost": 0.28, "Plan Rows": 1, "Plan Width": 0, "Index Cond": "(s_suppkey = public.lineitem.l_suppkey)"}]}]}]}, "Unique SQL Id": 3712096918, "Planner Runtime": 0}, "explain_analyze_plan": {"Plan": {"Node Type": "Sort", "Startup Cost": 3497813.02, "Total Cost": 3497961.47, "Plan Rows": 59380, "Plan Width": 83, "Actual Startup Time": 11573.67, "Actual Total Time": 11573.671, "Actual Rows": 1, "Actual Loops": 1, "Sort Key": ["supplier.s_suppkey"], "Sort Method": "quicksort", "Sort Space Used": 25, "Sort Space Type": "Memory", "Plans": [{"Node Type": "Aggregate", "Strategy": "Plain", "Parent Relationship": "exec_init_plan", "Subplan Name": "InitPlan 1 (returns $0)", "Startup Cost": 1610196.85, "Total Cost": 1610196.86, "Plan Rows": 1, "Plan Width": 16, "Actual Startup Time": 5810.994, "Actual Total Time": 5810.994, "Actual Rows": 1, "Actual Loops": 1, "Plans": [{"Node Type": "Aggregate", "Strategy": "Hashed", "Parent Relationship": "Outer", "Startup Cost": 1608860.8, "Total Cost": 1609454.6, "Plan Rows": 59380, "Plan Width": 32, "Actual Startup Time": 5762.308, "Actual Total Time": 5795.992, "Actual Rows": 100000, "Actual Loops": 1, "Group By Key": ["public.lineitem.l_suppkey"], "Plans": [{"Node Type": "Bitmap Heap Scan", "Parent Relationship": "Outer", "Relation Name": "lineitem", "Alias": "lineitem", "Startup Cost": 78544.19, "Total Cost": 1586191.59, "Plan Rows": 2266921, "Plan Width": 24, "Actual Startup Time": 1233.691, "Actual Total Time": 4071.08, "Actual Rows": 2293944, "Actual Loops": 1, "Recheck Cond": "((l_shipdate >= '1997-07-01 00:00:00'::timestamp(0) without time zone) AND (l_shipdate < '1997-10-01 00:00:00'::timestamp without time zone)), (LLVM Optimized, Jit Execute)", "Rows Removed by Index Recheck": 0, "Exact Heap Blocks": 732487, "Lossy Heap Blocks": 732487, "Plans": [{"Node Type": "Bitmap Index Scan", "Parent Relationship": "Outer", "Index Name": "idx_lineitem_shipdate", "Startup Cost": 0.0, "Total Cost": 77977.46, "Plan Rows": 2266921, "Plan Width": 0, "Actual Startup Time": 943.405, "Actual Total Time": 943.405, "Actual Rows": 2293944, "Actual Loops": 1, "Index Cond": "((l_shipdate >= '1997-07-01 00:00:00'::timestamp(0) without time zone) AND (l_shipdate < '1997-10-01 00:00:00'::timestamp without time zone))"}]}]}]}, {"Node Type": "Nested Loop", "Parent Relationship": "Outer", "Join Type": "Inner", "Startup Cost": 1625863.0, "Total Cost": 1882908.01, "Plan Rows": 59380, "Plan Width": 83, "Actual Startup Time": 11554.935, "Actual Total Time": 11573.643, "Actual Rows": 1, "Actual Loops": 1, "Inner Unique": true, "Plans": [{"Node Type": "Aggregate", "Strategy": "Hashed", "Parent Relationship": "Outer", "Startup Cost": 1625862.71, "Total Cost": 1626604.96, "Plan Rows": 59380, "Plan Width": 40, "Actual Startup Time": 11554.824, "Actual Total Time": 11573.326, "Actual Rows": 1, "Actual Loops": 1, "Group By Key": ["public.lineitem.l_suppkey"], "Filter": "(sum((public.lineitem.l_extendedprice * (1::double precision - public.lineitem.l_discount))) = $0), (LLVM Optimized, Jit Execute)", "Rows Removed by Filter": 99999, "Plans": [{"Node Type": "Bitmap Heap Scan", "Parent Relationship": "Outer", "Relation Name": "lineitem", "Alias": "lineitem", "Startup Cost": 78544.19, "Total Cost": 1586191.59, "Plan Rows": 2266921, "Plan Width": 24, "Actual Startup Time": 1251.575, "Actual Total Time": 4123.103, "Actual Rows": 2293944, "Actual Loops": 1, "Recheck Cond": "((l_shipdate >= '1997-07-01 00:00:00'::timestamp(0) without time zone) AND (l_shipdate < '1997-10-01 00:00:00'::timestamp without time zone)), (LLVM Optimized, Jit Execute)", "Rows Removed by Index Recheck": 0, "Exact Heap Blocks": 732487, "Lossy Heap Blocks": 732487, "Plans": [{"Node Type": "Bitmap Index Scan", "Parent Relationship": "Outer", "Index Name": "idx_lineitem_shipdate", "Startup Cost": 0.0, "Total Cost": 77977.46, "Plan Rows": 2266921, "Plan Width": 0, "Actual Startup Time": 951.166, "Actual Total Time": 951.166, "Actual Rows": 2293944, "Actual Loops": 1, "Index Cond": "((l_shipdate >= '1997-07-01 00:00:00'::timestamp(0) without time zone) AND (l_shipdate < '1997-10-01 00:00:00'::timestamp without time zone))"}]}]}, {"Node Type": "Bitmap Heap Scan", "Parent Relationship": "Inner", "Relation Name": "supplier", "Alias": "supplier", "Startup Cost": 0.28, "Total Cost": 4.3, "Plan Rows": 1, "Plan Width": 75, "Actual Startup Time": 0.082, "Actual Total Time": 0.082, "Actual Rows": 1, "Actual Loops": 1, "Recheck Cond": "(s_suppkey = public.lineitem.l_suppkey)", "Rows Removed by Index Recheck": 0, "Exact Heap Blocks": 1, "Lossy Heap Blocks": 1, "Plans": [{"Node Type": "Bitmap Index Scan", "Parent Relationship": "Outer", "Index Name": "supplier_pkey", "Startup Cost": 0.0, "Total Cost": 0.28, "Plan Rows": 1, "Plan Width": 0, "Actual Startup Time": 0.037, "Actual Total Time": 0.037, "Actual Rows": 1, "Actual Loops": 1, "Index Cond": "(s_suppkey = public.lineitem.l_suppkey)"}]}]}]}, "Triggers": [], "Planner Runtime": 0.887, "Total Runtime": 11586.661, "Unique SQL Id": 3712096918}}, "(64, '88')": {"explain_plan": {"Plan": {"Node Type": "Merge Join", "Join Type": "Inner", "Startup Cost": 4699821.58, "Total Cost": 4706296.82, "Plan Rows": 59380, "Plan Width": 83, "Inner Unique": true, "Merge Cond": "(supplier.s_suppkey = revenue0.supplier_no)", "Plans": [{"Node Type": "Aggregate", "Strategy": "Plain", "Parent Relationship": "exec_init_plan", "Subplan Name": "InitPlan 1 (returns $0)", "Startup Cost": 2339055.76, "Total Cost": 2339055.77, "Plan Rows": 1, "Plan Width": 16, "Plans": [{"Node Type": "Aggregate", "Strategy": "Hashed", "Parent Relationship": "Outer", "Startup Cost": 2337719.71, "Total Cost": 2338313.51, "Plan Rows": 59380, "Plan Width": 32, "Group By Key": ["public.lineitem.l_suppkey"], "Plans": [{"Node Type": "Seq Scan", "Parent Relationship": "Outer", "Relation Name": "lineitem", "Alias": "lineitem", "Startup Cost": 25.32, "Total Cost": 2315050.5, "Plan Rows": 2266921, "Plan Width": 24, "Filter": "((l_shipdate >= '1997-07-01 00:00:00'::timestamp(0) without time zone) AND (l_shipdate < '1997-10-01 00:00:00'::timestamp without time zone)), (LLVM Optimized)"}]}]}, {"Node Type": "Index Scan", "Parent Relationship": "Outer", "Scan Direction": "Forward", "Index Name": "supplier_pkey", "Relation Name": "supplier", "Alias": "supplier", "Startup Cost": 0.0, "Total Cost": 5334.54, "Plan Rows": 100000, "Plan Width": 75}, {"Node Type": "Sort", "Parent Relationship": "Inner", "Startup Cost": 2360765.81, "Total Cost": 2360914.26, "Plan Rows": 59380, "Plan Width": 16, "Sort Key": ["revenue0.supplier_no"], "Plans": [{"Node Type": "Subquery Scan", "Parent Relationship": "Outer", "Alias": "revenue0", "Startup Cost": 2354721.61, "Total Cost": 2356057.66, "Plan Rows": 59380, "Plan Width": 16, "Plans": [{"Node Type": "Aggregate", "Strategy": "Hashed", "Parent Relationship": "Subquery", "Startup Cost": 2354721.61, "Total Cost": 2355463.86, "Plan Rows": 59380, "Plan Width": 40, "Group By Key": ["public.lineitem.l_suppkey"], "Filter": "(sum((public.lineitem.l_extendedprice * (1::double precision - public.lineitem.l_discount))) = $0), (LLVM Optimized)", "Plans": [{"Node Type": "Seq Scan", "Parent Relationship": "Outer", "Relation Name": "lineitem", "Alias": "lineitem", "Startup Cost": 25.32, "Total Cost": 2315050.5, "Plan Rows": 2266921, "Plan Width": 24, "Filter": "((l_shipdate >= '1997-07-01 00:00:00'::timestamp(0) without time zone) AND (l_shipdate < '1997-10-01 00:00:00'::timestamp without time zone)), (LLVM Optimized)"}]}]}]}]}, "Unique SQL Id": 3712096918, "Planner Runtime": 0}, "explain_analyze_plan": null}, "(64, '89')": {"explain_plan": {"Plan": {"Node Type": "Merge Join", "Join Type": "Inner", "Startup Cost": 10341221.9, "Total Cost": 10347697.14, "Plan Rows": 59380, "Plan Width": 83, "Inner Unique": true, "Merge Cond": "(supplier.s_suppkey = revenue0.supplier_no)", "Plans": [{"Node Type": "Aggregate", "Strategy": "Plain", "Parent Relationship": "exec_init_plan", "Subplan Name": "InitPlan 1 (returns $0)", "Startup Cost": 5159755.92, "Total Cost": 5159755.93, "Plan Rows": 1, "Plan Width": 16, "Plans": [{"Node Type": "Aggregate", "Strategy": "Hashed", "Parent Relationship": "Outer", "Startup Cost": 5158419.87, "Total Cost": 5159013.67, "Plan Rows": 59380, "Plan Width": 32, "Group By Key": ["public.lineitem.l_suppkey"], "Plans": [{"Node Type": "Index Scan", "Parent Relationship": "Outer", "Scan Direction": "Forward", "Index Name": "idx_lineitem_shipdate", "Relation Name": "lineitem", "Alias": "lineitem", "Startup Cost": 0.0, "Total Cost": 5135750.66, "Plan Rows": 2266921, "Plan Width": 24, "Index Cond": "((l_shipdate >= '1997-07-01 00:00:00'::timestamp(0) without time zone) AND (l_shipdate < '1997-10-01 00:00:00'::timestamp without time zone)), (LLVM Optimized)"}]}]}, {"Node Type": "Index Scan", "Parent Relationship": "Outer", "Scan Direction": "Forward", "Index Name": "supplier_pkey", "Relation Name": "supplier", "Alias": "supplier", "Startup Cost": 0.0, "Total Cost": 5334.54, "Plan Rows": 100000, "Plan Width": 75}, {"Node Type": "Sort", "Parent Relationship": "Inner", "Startup Cost": 5181465.97, "Total Cost": 5181614.42, "Plan Rows": 59380, "Plan Width": 16, "Sort Key": ["revenue0.supplier_no"], "Plans": [{"Node Type": "Subquery Scan", "Parent Relationship": "Outer", "Alias": "revenue0", "Startup Cost": 5175421.77, "Total Cost": 5176757.82, "Plan Rows": 59380, "Plan Width": 16, "Plans": [{"Node Type": "Aggregate", "Strategy": "Hashed", "Parent Relationship": "Subquery", "Startup Cost": 5175421.77, "Total Cost": 5176164.02, "Plan Rows": 59380, "Plan Width": 40, "Group By Key": ["public.lineitem.l_suppkey"], "Filter": "(sum((public.lineitem.l_extendedprice * (1::double precision - public.lineitem.l_discount))) = $0), (LLVM Optimized)", "Plans": [{"Node Type": "Index Scan", "Parent Relationship": "Outer", "Scan Direction": "Forward", "Index Name": "idx_lineitem_shipdate", "Relation Name": "lineitem", "Alias": "lineitem", "Startup Cost": 0.0, "Total Cost": 5135750.66, "Plan Rows": 2266921, "Plan Width": 24, "Index Cond": "((l_shipdate >= '1997-07-01 00:00:00'::timestamp(0) without time zone) AND (l_shipdate < '1997-10-01 00:00:00'::timestamp without time zone)), (LLVM Optimized)"}]}]}]}]}, "Unique SQL Id": 3712096918, "Planner Runtime": 0}, "explain_analyze_plan": {"Plan": {"Node Type": "Merge Join", "Join Type": "Inner", "Startup Cost": 10341221.9, "Total Cost": 10347697.14, "Plan Rows": 59380, "Plan Width": 83, "Actual Startup Time": 16114.708, "Actual Total Time": 16114.715, "Actual Rows": 1, "Actual Loops": 1, "Inner Unique": true, "Merge Cond": "(supplier.s_suppkey = revenue0.supplier_no)", "Plans": [{"Node Type": "Aggregate", "Strategy": "Plain", "Parent Relationship": "exec_init_plan", "Subplan Name": "InitPlan 1 (returns $0)", "Startup Cost": 5159755.92, "Total Cost": 5159755.93, "Plan Rows": 1, "Plan Width": 16, "Actual Startup Time": 8097.417, "Actual Total Time": 8097.418, "Actual Rows": 1, "Actual Loops": 1, "Plans": [{"Node Type": "Aggregate", "Strategy": "Hashed", "Parent Relationship": "Outer", "Startup Cost": 5158419.87, "Total Cost": 5159013.67, "Plan Rows": 59380, "Plan Width": 32, "Actual Startup Time": 8045.42, "Actual Total Time": 8082.553, "Actual Rows": 100000, "Actual Loops": 1, "Group By Key": ["public.lineitem.l_suppkey"], "Plans": [{"Node Type": "Index Scan", "Parent Relationship": "Outer", "Scan Direction": "Forward", "Index Name": "idx_lineitem_shipdate", "Relation Name": "lineitem", "Alias": "lineitem", "Startup Cost": 0.0, "Total Cost": 5135750.66, "Plan Rows": 2266921, "Plan Width": 24, "Actual Startup Time": 0.065, "Actual Total Time": 5981.726, "Actual Rows": 2293944, "Actual Loops": 1, "Index Cond": "((l_shipdate >= '1997-07-01 00:00:00'::timestamp(0) without time zone) AND (l_shipdate < '1997-10-01 00:00:00'::timestamp without time zone)), (LLVM Optimized, Jit Execute)", "Rows Removed by Index Recheck": 0}]}]}, {"Node Type": "Index Scan", "Parent Relationship": "Outer", "Scan Direction": "Forward", "Index Name": "supplier_pkey", "Relation Name": "supplier", "Alias": "supplier", "Startup Cost": 0.0, "Total Cost": 5334.54, "Plan Rows": 100000, "Plan Width": 75, "Actual Startup Time": 0.043, "Actual Total Time": 25.19, "Actual Rows": 35977, "Actual Loops": 1}, {"Node Type": "Sort", "Parent Relationship": "Inner", "Startup Cost": 5181465.97, "Total Cost": 5181614.42, "Plan Rows": 59380, "Plan Width": 16, "Actual Startup Time": 16084.45, "Actual Total Time": 16084.45, "Actual Rows": 1, "Actual Loops": 1, "Sort Key": ["revenue0.supplier_no"], "Sort Method": "quicksort", "Sort Space Used": 25, "Sort Space Type": "Memory", "Plans": [{"Node Type": "Subquery Scan", "Parent Relationship": "Outer", "Alias": "revenue0", "Startup Cost": 5175421.77, "Total Cost": 5176757.82, "Plan Rows": 59380, "Plan Width": 16, "Actual Startup Time": 16058.286, "Actual Total Time": 16084.202, "Actual Rows": 1, "Actual Loops": 1, "Plans": [{"Node Type": "Aggregate", "Strategy": "Hashed", "Parent Relationship": "Subquery", "Startup Cost": 5175421.77, "Total Cost": 5176164.02, "Plan Rows": 59380, "Plan Width": 40, "Actual Startup Time": 16058.282, "Actual Total Time": 16084.197, "Actual Rows": 1, "Actual Loops": 1, "Group By Key": ["public.lineitem.l_suppkey"], "Filter": "(sum((public.lineitem.l_extendedprice * (1::double precision - public.lineitem.l_discount))) = $0), (LLVM Optimized, Jit Execute)", "Rows Removed by Filter": 99999, "Plans": [{"Node Type": "Index Scan", "Parent Relationship": "Outer", "Scan Direction": "Forward", "Index Name": "idx_lineitem_shipdate", "Relation Name": "lineitem", "Alias": "lineitem", "Startup Cost": 0.0, "Total Cost": 5135750.66, "Plan Rows": 2266921, "Plan Width": 24, "Actual Startup Time": 0.05, "Actual Total Time": 5910.693, "Actual Rows": 2293944, "Actual Loops": 1, "Index Cond": "((l_shipdate >= '1997-07-01 00:00:00'::timestamp(0) without time zone) AND (l_shipdate < '1997-10-01 00:00:00'::timestamp without time zone)), (LLVM Optimized, Jit Execute)", "Rows Removed by Index Recheck": 0}]}]}]}]}, "Triggers": [], "Planner Runtime": 0.866, "Total Runtime": 16126.144, "Unique SQL Id": 3712096918}}, "(64, '90')": {"explain_plan": {"Plan": {"Node Type": "Merge Join", "Join Type": "Inner", "Startup Cost": 4711409.4, "Total Cost": 4712800.1, "Plan Rows": 59380, "Plan Width": 83, "Inner Unique": true, "Merge Cond": "(supplier.s_suppkey = revenue0.supplier_no)", "Plans": [{"Node Type": "Aggregate", "Strategy": "Plain", "Parent Relationship": "exec_init_plan", "Subplan Name": "InitPlan 1 (returns $0)", "Startup Cost": 2339055.76, "Total Cost": 2339055.77, "Plan Rows": 1, "Plan Width": 16, "Plans": [{"Node Type": "Aggregate", "Strategy": "Hashed", "Parent Relationship": "Outer", "Startup Cost": 2337719.71, "Total Cost": 2338313.51, "Plan Rows": 59380, "Plan Width": 32, "Group By Key": ["public.lineitem.l_suppkey"], "Plans": [{"Node Type": "Seq Scan", "Parent Relationship": "Outer", "Relation Name": "lineitem", "Alias": "lineitem", "Startup Cost": 25.32, "Total Cost": 2315050.5, "Plan Rows": 2266921, "Plan Width": 24, "Filter": "((l_shipdate >= '1997-07-01 00:00:00'::timestamp(0) without time zone) AND (l_shipdate < '1997-10-01 00:00:00'::timestamp without time zone)), (LLVM Optimized)"}]}]}, {"Node Type": "Sort", "Parent Relationship": "Outer", "Startup Cost": 11587.82, "Total Cost": 11837.82, "Plan Rows": 100000, "Plan Width": 75, "Sort Key": ["supplier.s_suppkey"], "Plans": [{"Node Type": "Seq Scan", "Parent Relationship": "Outer", "Relation Name": "supplier", "Alias": "supplier", "Startup Cost": 0.0, "Total Cost": 3283.0, "Plan Rows": 100000, "Plan Width": 75}]}, {"Node Type": "Sort", "Parent Relationship": "Inner", "Startup Cost": 2360765.81, "Total Cost": 2360914.26, "Plan Rows": 59380, "Plan Width": 16, "Sort Key": ["revenue0.supplier_no"], "Plans": [{"Node Type": "Subquery Scan", "Parent Relationship": "Outer", "Alias": "revenue0", "Startup Cost": 2354721.61, "Total Cost": 2356057.66, "Plan Rows": 59380, "Plan Width": 16, "Plans": [{"Node Type": "Aggregate", "Strategy": "Hashed", "Parent Relationship": "Subquery", "Startup Cost": 2354721.61, "Total Cost": 2355463.86, "Plan Rows": 59380, "Plan Width": 40, "Group By Key": ["public.lineitem.l_suppkey"], "Filter": "(sum((public.lineitem.l_extendedprice * (1::double precision - public.lineitem.l_discount))) = $0), (LLVM Optimized)", "Plans": [{"Node Type": "Seq Scan", "Parent Relationship": "Outer", "Relation Name": "lineitem", "Alias": "lineitem", "Startup Cost": 25.32, "Total Cost": 2315050.5, "Plan Rows": 2266921, "Plan Width": 24, "Filter": "((l_shipdate >= '1997-07-01 00:00:00'::timestamp(0) without time zone) AND (l_shipdate < '1997-10-01 00:00:00'::timestamp without time zone)), (LLVM Optimized)"}]}]}]}]}, "Unique SQL Id": 3712096918, "Planner Runtime": 0}, "explain_analyze_plan": null}, "(64, '91')": {"explain_plan": {"Plan": {"Node Type": "Merge Join", "Join Type": "Inner", "Startup Cost": 2010463079819.59, "Total Cost": 3000463614414.67, "Plan Rows": 59380, "Plan Width": 83, "Inner Unique": true, "Merge Cond": "(supplier.s_suppkey = revenue0.supplier_no)", "Plans": [{"Node Type": "Aggregate", "Strategy": "Plain", "Parent Relationship": "exec_init_plan", "Subplan Name": "InitPlan 1 (returns $0)", "Startup Cost": 1000231529054.76, "Total Cost": 1000231529054.77, "Plan Rows": 1, "Plan Width": 16, "Plans": [{"Node Type": "Aggregate", "Strategy": "Hashed", "Parent Relationship": "Outer", "Startup Cost": 1000231527718.71, "Total Cost": 1000231528312.51, "Plan Rows": 59380, "Plan Width": 32, "Group By Key": ["public.lineitem.l_suppkey"], "Plans": [{"Node Type": "Seq Scan", "Parent Relationship": "Outer", "Relation Name": "lineitem", "Alias": "lineitem", "Startup Cost": 10000000025.02, "Total Cost": 1000231505049.5, "Plan Rows": 2266921, "Plan Width": 24, "Filter": "((l_shipdate >= '1997-07-01 00:00:00'::timestamp(0) without time zone) AND (l_shipdate < '1997-10-01 00:00:00'::timestamp without time zone)), (LLVM Optimized)"}]}]}, {"Node Type": "Index Scan", "Parent Relationship": "Outer", "Scan Direction": "Forward", "Index Name": "supplier_pkey", "Relation Name": "supplier", "Alias": "supplier", "Startup Cost": 10000000000.0, "Total Cost": 1000000533454.38, "Plan Rows": 100000, "Plan Width": 75}, {"Node Type": "Sort", "Parent Relationship": "Inner", "Startup Cost": 1000231550764.82, "Total Cost": 1000231550913.27, "Plan Rows": 59380, "Plan Width": 16, "Sort Key": ["revenue0.supplier_no"], "Plans": [{"Node Type": "Subquery Scan", "Parent Relationship": "Outer", "Alias": "revenue0", "Startup Cost": 1000231544720.62, "Total Cost": 1000231546056.67, "Plan Rows": 59380, "Plan Width": 16, "Plans": [{"Node Type": "Aggregate", "Strategy": "Hashed", "Parent Relationship": "Subquery", "Startup Cost": 1000231544720.62, "Total Cost": 1000231545462.87, "Plan Rows": 59380, "Plan Width": 40, "Group By Key": ["public.lineitem.l_suppkey"], "Filter": "(sum((public.lineitem.l_extendedprice * (1::double precision - public.lineitem.l_discount))) = $0), (LLVM Optimized)", "Plans": [{"Node Type": "Seq Scan", "Parent Relationship": "Outer", "Relation Name": "lineitem", "Alias": "lineitem", "Startup Cost": 10000000025.02, "Total Cost": 1000231505049.5, "Plan Rows": 2266921, "Plan Width": 24, "Filter": "((l_shipdate >= '1997-07-01 00:00:00'::timestamp(0) without time zone) AND (l_shipdate < '1997-10-01 00:00:00'::timestamp without time zone)), (LLVM Optimized)"}]}]}]}]}, "Unique SQL Id": 3712096918, "Planner Runtime": 0}, "explain_analyze_plan": null}, "(64, '92')": {"explain_plan": {"Plan": {"Node Type": "Merge Join", "Join Type": "Inner", "Startup Cost": 4699821.58, "Total Cost": 4706296.82, "Plan Rows": 59380, "Plan Width": 83, "Inner Unique": true, "Merge Cond": "(supplier.s_suppkey = revenue0.supplier_no)", "Plans": [{"Node Type": "Aggregate", "Strategy": "Plain", "Parent Relationship": "exec_init_plan", "Subplan Name": "InitPlan 1 (returns $0)", "Startup Cost": 2339055.76, "Total Cost": 2339055.77, "Plan Rows": 1, "Plan Width": 16, "Plans": [{"Node Type": "Aggregate", "Strategy": "Hashed", "Parent Relationship": "Outer", "Startup Cost": 2337719.71, "Total Cost": 2338313.51, "Plan Rows": 59380, "Plan Width": 32, "Group By Key": ["public.lineitem.l_suppkey"], "Plans": [{"Node Type": "Seq Scan", "Parent Relationship": "Outer", "Relation Name": "lineitem", "Alias": "lineitem", "Startup Cost": 25.32, "Total Cost": 2315050.5, "Plan Rows": 2266921, "Plan Width": 24, "Filter": "((l_shipdate >= '1997-07-01 00:00:00'::timestamp(0) without time zone) AND (l_shipdate < '1997-10-01 00:00:00'::timestamp without time zone)), (LLVM Optimized)"}]}]}, {"Node Type": "Index Scan", "Parent Relationship": "Outer", "Scan Direction": "Forward", "Index Name": "supplier_pkey", "Relation Name": "supplier", "Alias": "supplier", "Startup Cost": 0.0, "Total Cost": 5334.54, "Plan Rows": 100000, "Plan Width": 75}, {"Node Type": "Sort", "Parent Relationship": "Inner", "Startup Cost": 2360765.81, "Total Cost": 2360914.26, "Plan Rows": 59380, "Plan Width": 16, "Sort Key": ["revenue0.supplier_no"], "Plans": [{"Node Type": "Subquery Scan", "Parent Relationship": "Outer", "Alias": "revenue0", "Startup Cost": 2354721.61, "Total Cost": 2356057.66, "Plan Rows": 59380, "Plan Width": 16, "Plans": [{"Node Type": "Aggregate", "Strategy": "Hashed", "Parent Relationship": "Subquery", "Startup Cost": 2354721.61, "Total Cost": 2355463.86, "Plan Rows": 59380, "Plan Width": 40, "Group By Key": ["public.lineitem.l_suppkey"], "Filter": "(sum((public.lineitem.l_extendedprice * (1::double precision - public.lineitem.l_discount))) = $0), (LLVM Optimized)", "Plans": [{"Node Type": "Seq Scan", "Parent Relationship": "Outer", "Relation Name": "lineitem", "Alias": "lineitem", "Startup Cost": 25.32, "Total Cost": 2315050.5, "Plan Rows": 2266921, "Plan Width": 24, "Filter": "((l_shipdate >= '1997-07-01 00:00:00'::timestamp(0) without time zone) AND (l_shipdate < '1997-10-01 00:00:00'::timestamp without time zone)), (LLVM Optimized)"}]}]}]}]}, "Unique SQL Id": 3712096918, "Planner Runtime": 0}, "explain_analyze_plan": null}, "(64, '93')": {"explain_plan": {"Plan": {"Node Type": "Merge Join", "Join Type": "Inner", "Startup Cost": 10341221.9, "Total Cost": 10347697.14, "Plan Rows": 59380, "Plan Width": 83, "Inner Unique": true, "Merge Cond": "(supplier.s_suppkey = revenue0.supplier_no)", "Plans": [{"Node Type": "Aggregate", "Strategy": "Plain", "Parent Relationship": "exec_init_plan", "Subplan Name": "InitPlan 1 (returns $0)", "Startup Cost": 5159755.92, "Total Cost": 5159755.93, "Plan Rows": 1, "Plan Width": 16, "Plans": [{"Node Type": "Aggregate", "Strategy": "Hashed", "Parent Relationship": "Outer", "Startup Cost": 5158419.87, "Total Cost": 5159013.67, "Plan Rows": 59380, "Plan Width": 32, "Group By Key": ["public.lineitem.l_suppkey"], "Plans": [{"Node Type": "Index Scan", "Parent Relationship": "Outer", "Scan Direction": "Forward", "Index Name": "idx_lineitem_shipdate", "Relation Name": "lineitem", "Alias": "lineitem", "Startup Cost": 0.0, "Total Cost": 5135750.66, "Plan Rows": 2266921, "Plan Width": 24, "Index Cond": "((l_shipdate >= '1997-07-01 00:00:00'::timestamp(0) without time zone) AND (l_shipdate < '1997-10-01 00:00:00'::timestamp without time zone)), (LLVM Optimized)"}]}]}, {"Node Type": "Index Scan", "Parent Relationship": "Outer", "Scan Direction": "Forward", "Index Name": "supplier_pkey", "Relation Name": "supplier", "Alias": "supplier", "Startup Cost": 0.0, "Total Cost": 5334.54, "Plan Rows": 100000, "Plan Width": 75}, {"Node Type": "Sort", "Parent Relationship": "Inner", "Startup Cost": 5181465.97, "Total Cost": 5181614.42, "Plan Rows": 59380, "Plan Width": 16, "Sort Key": ["revenue0.supplier_no"], "Plans": [{"Node Type": "Subquery Scan", "Parent Relationship": "Outer", "Alias": "revenue0", "Startup Cost": 5175421.77, "Total Cost": 5176757.82, "Plan Rows": 59380, "Plan Width": 16, "Plans": [{"Node Type": "Aggregate", "Strategy": "Hashed", "Parent Relationship": "Subquery", "Startup Cost": 5175421.77, "Total Cost": 5176164.02, "Plan Rows": 59380, "Plan Width": 40, "Group By Key": ["public.lineitem.l_suppkey"], "Filter": "(sum((public.lineitem.l_extendedprice * (1::double precision - public.lineitem.l_discount))) = $0), (LLVM Optimized)", "Plans": [{"Node Type": "Index Scan", "Parent Relationship": "Outer", "Scan Direction": "Forward", "Index Name": "idx_lineitem_shipdate", "Relation Name": "lineitem", "Alias": "lineitem", "Startup Cost": 0.0, "Total Cost": 5135750.66, "Plan Rows": 2266921, "Plan Width": 24, "Index Cond": "((l_shipdate >= '1997-07-01 00:00:00'::timestamp(0) without time zone) AND (l_shipdate < '1997-10-01 00:00:00'::timestamp without time zone)), (LLVM Optimized)"}]}]}]}]}, "Unique SQL Id": 3712096918, "Planner Runtime": 0}, "explain_analyze_plan": {"Plan": {"Node Type": "Merge Join", "Join Type": "Inner", "Startup Cost": 10341221.9, "Total Cost": 10347697.14, "Plan Rows": 59380, "Plan Width": 83, "Actual Startup Time": 16114.708, "Actual Total Time": 16114.715, "Actual Rows": 1, "Actual Loops": 1, "Inner Unique": true, "Merge Cond": "(supplier.s_suppkey = revenue0.supplier_no)", "Plans": [{"Node Type": "Aggregate", "Strategy": "Plain", "Parent Relationship": "exec_init_plan", "Subplan Name": "InitPlan 1 (returns $0)", "Startup Cost": 5159755.92, "Total Cost": 5159755.93, "Plan Rows": 1, "Plan Width": 16, "Actual Startup Time": 8097.417, "Actual Total Time": 8097.418, "Actual Rows": 1, "Actual Loops": 1, "Plans": [{"Node Type": "Aggregate", "Strategy": "Hashed", "Parent Relationship": "Outer", "Startup Cost": 5158419.87, "Total Cost": 5159013.67, "Plan Rows": 59380, "Plan Width": 32, "Actual Startup Time": 8045.42, "Actual Total Time": 8082.553, "Actual Rows": 100000, "Actual Loops": 1, "Group By Key": ["public.lineitem.l_suppkey"], "Plans": [{"Node Type": "Index Scan", "Parent Relationship": "Outer", "Scan Direction": "Forward", "Index Name": "idx_lineitem_shipdate", "Relation Name": "lineitem", "Alias": "lineitem", "Startup Cost": 0.0, "Total Cost": 5135750.66, "Plan Rows": 2266921, "Plan Width": 24, "Actual Startup Time": 0.065, "Actual Total Time": 5981.726, "Actual Rows": 2293944, "Actual Loops": 1, "Index Cond": "((l_shipdate >= '1997-07-01 00:00:00'::timestamp(0) without time zone) AND (l_shipdate < '1997-10-01 00:00:00'::timestamp without time zone)), (LLVM Optimized, Jit Execute)", "Rows Removed by Index Recheck": 0}]}]}, {"Node Type": "Index Scan", "Parent Relationship": "Outer", "Scan Direction": "Forward", "Index Name": "supplier_pkey", "Relation Name": "supplier", "Alias": "supplier", "Startup Cost": 0.0, "Total Cost": 5334.54, "Plan Rows": 100000, "Plan Width": 75, "Actual Startup Time": 0.043, "Actual Total Time": 25.19, "Actual Rows": 35977, "Actual Loops": 1}, {"Node Type": "Sort", "Parent Relationship": "Inner", "Startup Cost": 5181465.97, "Total Cost": 5181614.42, "Plan Rows": 59380, "Plan Width": 16, "Actual Startup Time": 16084.45, "Actual Total Time": 16084.45, "Actual Rows": 1, "Actual Loops": 1, "Sort Key": ["revenue0.supplier_no"], "Sort Method": "quicksort", "Sort Space Used": 25, "Sort Space Type": "Memory", "Plans": [{"Node Type": "Subquery Scan", "Parent Relationship": "Outer", "Alias": "revenue0", "Startup Cost": 5175421.77, "Total Cost": 5176757.82, "Plan Rows": 59380, "Plan Width": 16, "Actual Startup Time": 16058.286, "Actual Total Time": 16084.202, "Actual Rows": 1, "Actual Loops": 1, "Plans": [{"Node Type": "Aggregate", "Strategy": "Hashed", "Parent Relationship": "Subquery", "Startup Cost": 5175421.77, "Total Cost": 5176164.02, "Plan Rows": 59380, "Plan Width": 40, "Actual Startup Time": 16058.282, "Actual Total Time": 16084.197, "Actual Rows": 1, "Actual Loops": 1, "Group By Key": ["public.lineitem.l_suppkey"], "Filter": "(sum((public.lineitem.l_extendedprice * (1::double precision - public.lineitem.l_discount))) = $0), (LLVM Optimized, Jit Execute)", "Rows Removed by Filter": 99999, "Plans": [{"Node Type": "Index Scan", "Parent Relationship": "Outer", "Scan Direction": "Forward", "Index Name": "idx_lineitem_shipdate", "Relation Name": "lineitem", "Alias": "lineitem", "Startup Cost": 0.0, "Total Cost": 5135750.66, "Plan Rows": 2266921, "Plan Width": 24, "Actual Startup Time": 0.05, "Actual Total Time": 5910.693, "Actual Rows": 2293944, "Actual Loops": 1, "Index Cond": "((l_shipdate >= '1997-07-01 00:00:00'::timestamp(0) without time zone) AND (l_shipdate < '1997-10-01 00:00:00'::timestamp without time zone)), (LLVM Optimized, Jit Execute)", "Rows Removed by Index Recheck": 0}]}]}]}]}, "Triggers": [], "Planner Runtime": 0.866, "Total Runtime": 16126.144, "Unique SQL Id": 3712096918}}, "(64, '94')": {"explain_plan": {"Plan": {"Node Type": "Merge Join", "Join Type": "Inner", "Startup Cost": 4711409.4, "Total Cost": 4712800.1, "Plan Rows": 59380, "Plan Width": 83, "Inner Unique": true, "Merge Cond": "(supplier.s_suppkey = revenue0.supplier_no)", "Plans": [{"Node Type": "Aggregate", "Strategy": "Plain", "Parent Relationship": "exec_init_plan", "Subplan Name": "InitPlan 1 (returns $0)", "Startup Cost": 2339055.76, "Total Cost": 2339055.77, "Plan Rows": 1, "Plan Width": 16, "Plans": [{"Node Type": "Aggregate", "Strategy": "Hashed", "Parent Relationship": "Outer", "Startup Cost": 2337719.71, "Total Cost": 2338313.51, "Plan Rows": 59380, "Plan Width": 32, "Group By Key": ["public.lineitem.l_suppkey"], "Plans": [{"Node Type": "Seq Scan", "Parent Relationship": "Outer", "Relation Name": "lineitem", "Alias": "lineitem", "Startup Cost": 25.32, "Total Cost": 2315050.5, "Plan Rows": 2266921, "Plan Width": 24, "Filter": "((l_shipdate >= '1997-07-01 00:00:00'::timestamp(0) without time zone) AND (l_shipdate < '1997-10-01 00:00:00'::timestamp without time zone)), (LLVM Optimized)"}]}]}, {"Node Type": "Sort", "Parent Relationship": "Outer", "Startup Cost": 11587.82, "Total Cost": 11837.82, "Plan Rows": 100000, "Plan Width": 75, "Sort Key": ["supplier.s_suppkey"], "Plans": [{"Node Type": "Seq Scan", "Parent Relationship": "Outer", "Relation Name": "supplier", "Alias": "supplier", "Startup Cost": 0.0, "Total Cost": 3283.0, "Plan Rows": 100000, "Plan Width": 75}]}, {"Node Type": "Sort", "Parent Relationship": "Inner", "Startup Cost": 2360765.81, "Total Cost": 2360914.26, "Plan Rows": 59380, "Plan Width": 16, "Sort Key": ["revenue0.supplier_no"], "Plans": [{"Node Type": "Subquery Scan", "Parent Relationship": "Outer", "Alias": "revenue0", "Startup Cost": 2354721.61, "Total Cost": 2356057.66, "Plan Rows": 59380, "Plan Width": 16, "Plans": [{"Node Type": "Aggregate", "Strategy": "Hashed", "Parent Relationship": "Subquery", "Startup Cost": 2354721.61, "Total Cost": 2355463.86, "Plan Rows": 59380, "Plan Width": 40, "Group By Key": ["public.lineitem.l_suppkey"], "Filter": "(sum((public.lineitem.l_extendedprice * (1::double precision - public.lineitem.l_discount))) = $0), (LLVM Optimized)", "Plans": [{"Node Type": "Seq Scan", "Parent Relationship": "Outer", "Relation Name": "lineitem", "Alias": "lineitem", "Startup Cost": 25.32, "Total Cost": 2315050.5, "Plan Rows": 2266921, "Plan Width": 24, "Filter": "((l_shipdate >= '1997-07-01 00:00:00'::timestamp(0) without time zone) AND (l_shipdate < '1997-10-01 00:00:00'::timestamp without time zone)), (LLVM Optimized)"}]}]}]}]}, "Unique SQL Id": 3712096918, "Planner Runtime": 0}, "explain_analyze_plan": null}, "(64, '95')": {"explain_plan": {"Plan": {"Node Type": "Merge Join", "Join Type": "Inner", "Startup Cost": 2010463079819.59, "Total Cost": 3000463614414.67, "Plan Rows": 59380, "Plan Width": 83, "Inner Unique": true, "Merge Cond": "(supplier.s_suppkey = revenue0.supplier_no)", "Plans": [{"Node Type": "Aggregate", "Strategy": "Plain", "Parent Relationship": "exec_init_plan", "Subplan Name": "InitPlan 1 (returns $0)", "Startup Cost": 1000231529054.76, "Total Cost": 1000231529054.77, "Plan Rows": 1, "Plan Width": 16, "Plans": [{"Node Type": "Aggregate", "Strategy": "Hashed", "Parent Relationship": "Outer", "Startup Cost": 1000231527718.71, "Total Cost": 1000231528312.51, "Plan Rows": 59380, "Plan Width": 32, "Group By Key": ["public.lineitem.l_suppkey"], "Plans": [{"Node Type": "Seq Scan", "Parent Relationship": "Outer", "Relation Name": "lineitem", "Alias": "lineitem", "Startup Cost": 10000000025.02, "Total Cost": 1000231505049.5, "Plan Rows": 2266921, "Plan Width": 24, "Filter": "((l_shipdate >= '1997-07-01 00:00:00'::timestamp(0) without time zone) AND (l_shipdate < '1997-10-01 00:00:00'::timestamp without time zone)), (LLVM Optimized)"}]}]}, {"Node Type": "Index Scan", "Parent Relationship": "Outer", "Scan Direction": "Forward", "Index Name": "supplier_pkey", "Relation Name": "supplier", "Alias": "supplier", "Startup Cost": 10000000000.0, "Total Cost": 1000000533454.38, "Plan Rows": 100000, "Plan Width": 75}, {"Node Type": "Sort", "Parent Relationship": "Inner", "Startup Cost": 1000231550764.82, "Total Cost": 1000231550913.27, "Plan Rows": 59380, "Plan Width": 16, "Sort Key": ["revenue0.supplier_no"], "Plans": [{"Node Type": "Subquery Scan", "Parent Relationship": "Outer", "Alias": "revenue0", "Startup Cost": 1000231544720.62, "Total Cost": 1000231546056.67, "Plan Rows": 59380, "Plan Width": 16, "Plans": [{"Node Type": "Aggregate", "Strategy": "Hashed", "Parent Relationship": "Subquery", "Startup Cost": 1000231544720.62, "Total Cost": 1000231545462.87, "Plan Rows": 59380, "Plan Width": 40, "Group By Key": ["public.lineitem.l_suppkey"], "Filter": "(sum((public.lineitem.l_extendedprice * (1::double precision - public.lineitem.l_discount))) = $0), (LLVM Optimized)", "Plans": [{"Node Type": "Seq Scan", "Parent Relationship": "Outer", "Relation Name": "lineitem", "Alias": "lineitem", "Startup Cost": 10000000025.02, "Total Cost": 1000231505049.5, "Plan Rows": 2266921, "Plan Width": 24, "Filter": "((l_shipdate >= '1997-07-01 00:00:00'::timestamp(0) without time zone) AND (l_shipdate < '1997-10-01 00:00:00'::timestamp without time zone)), (LLVM Optimized)"}]}]}]}]}, "Unique SQL Id": 3712096918, "Planner Runtime": 0}, "explain_analyze_plan": null}, "(64, '96')": {"explain_plan": {"Plan": {"Node Type": "Sort", "Startup Cost": 3247453.25, "Total Cost": 3247601.7, "Plan Rows": 59380, "Plan Width": 83, "Sort Key": ["supplier.s_suppkey"], "Plans": [{"Node Type": "Aggregate", "Strategy": "Plain", "Parent Relationship": "exec_init_plan", "Subplan Name": "InitPlan 1 (returns $0)", "Startup Cost": 1610196.85, "Total Cost": 1610196.86, "Plan Rows": 1, "Plan Width": 16, "Plans": [{"Node Type": "Aggregate", "Strategy": "Hashed", "Parent Relationship": "Outer", "Startup Cost": 1608860.8, "Total Cost": 1609454.6, "Plan Rows": 59380, "Plan Width": 32, "Group By Key": ["public.lineitem.l_suppkey"], "Plans": [{"Node Type": "Bitmap Heap Scan", "Parent Relationship": "Outer", "Relation Name": "lineitem", "Alias": "lineitem", "Startup Cost": 78544.19, "Total Cost": 1586191.59, "Plan Rows": 2266921, "Plan Width": 24, "Recheck Cond": "((l_shipdate >= '1997-07-01 00:00:00'::timestamp(0) without time zone) AND (l_shipdate < '1997-10-01 00:00:00'::timestamp without time zone)), (LLVM Optimized)", "Plans": [{"Node Type": "Bitmap Index Scan", "Parent Relationship": "Outer", "Index Name": "idx_lineitem_shipdate", "Startup Cost": 0.0, "Total Cost": 77977.46, "Plan Rows": 2266921, "Plan Width": 0, "Index Cond": "((l_shipdate >= '1997-07-01 00:00:00'::timestamp(0) without time zone) AND (l_shipdate < '1997-10-01 00:00:00'::timestamp without time zone))"}]}]}]}, {"Node Type": "Hash Join", "Parent Relationship": "Outer", "Join Type": "Inner", "Startup Cost": 1630395.71, "Total Cost": 1632548.24, "Plan Rows": 59380, "Plan Width": 83, "Inner Unique": true, "Hash Cond": "(public.lineitem.l_suppkey = supplier.s_suppkey)", "Plans": [{"Node Type": "Aggregate", "Strategy": "Hashed", "Parent Relationship": "Outer", "Startup Cost": 1625862.71, "Total Cost": 1626604.96, "Plan Rows": 59380, "Plan Width": 40, "Group By Key": ["public.lineitem.l_suppkey"], "Filter": "(sum((public.lineitem.l_extendedprice * (1::double precision - public.lineitem.l_discount))) = $0), (LLVM Optimized)", "Plans": [{"Node Type": "Bitmap Heap Scan", "Parent Relationship": "Outer", "Relation Name": "lineitem", "Alias": "lineitem", "Startup Cost": 78544.19, "Total Cost": 1586191.59, "Plan Rows": 2266921, "Plan Width": 24, "Recheck Cond": "((l_shipdate >= '1997-07-01 00:00:00'::timestamp(0) without time zone) AND (l_shipdate < '1997-10-01 00:00:00'::timestamp without time zone)), (LLVM Optimized)", "Plans": [{"Node Type": "Bitmap Index Scan", "Parent Relationship": "Outer", "Index Name": "idx_lineitem_shipdate", "Startup Cost": 0.0, "Total Cost": 77977.46, "Plan Rows": 2266921, "Plan Width": 0, "Index Cond": "((l_shipdate >= '1997-07-01 00:00:00'::timestamp(0) without time zone) AND (l_shipdate < '1997-10-01 00:00:00'::timestamp without time zone))"}]}]}, {"Node Type": "Hash", "Parent Relationship": "Inner", "Startup Cost": 3283.0, "Total Cost": 3283.0, "Plan Rows": 100000, "Plan Width": 75, "Plans": [{"Node Type": "Seq Scan", "Parent Relationship": "Outer", "Relation Name": "supplier", "Alias": "supplier", "Startup Cost": 0.0, "Total Cost": 3283.0, "Plan Rows": 100000, "Plan Width": 75}]}]}]}, "Unique SQL Id": 3712096918, "Planner Runtime": 0}, "explain_analyze_plan": {"Plan": {"Node Type": "Sort", "Startup Cost": 3247453.25, "Total Cost": 3247601.7, "Plan Rows": 59380, "Plan Width": 83, "Actual Startup Time": 11613.345, "Actual Total Time": 11613.346, "Actual Rows": 1, "Actual Loops": 1, "Sort Key": ["supplier.s_suppkey"], "Sort Method": "quicksort", "Sort Space Used": 25, "Sort Space Type": "Memory", "Plans": [{"Node Type": "Aggregate", "Strategy": "Plain", "Parent Relationship": "exec_init_plan", "Subplan Name": "InitPlan 1 (returns $0)", "Startup Cost": 1610196.85, "Total Cost": 1610196.86, "Plan Rows": 1, "Plan Width": 16, "Actual Startup Time": 5787.024, "Actual Total Time": 5787.024, "Actual Rows": 1, "Actual Loops": 1, "Plans": [{"Node Type": "Aggregate", "Strategy": "Hashed", "Parent Relationship": "Outer", "Startup Cost": 1608860.8, "Total Cost": 1609454.6, "Plan Rows": 59380, "Plan Width": 32, "Actual Startup Time": 5739.256, "Actual Total Time": 5771.891, "Actual Rows": 100000, "Actual Loops": 1, "Group By Key": ["public.lineitem.l_suppkey"], "Plans": [{"Node Type": "Bitmap Heap Scan", "Parent Relationship": "Outer", "Relation Name": "lineitem", "Alias": "lineitem", "Startup Cost": 78544.19, "Total Cost": 1586191.59, "Plan Rows": 2266921, "Plan Width": 24, "Actual Startup Time": 1210.319, "Actual Total Time": 4026.272, "Actual Rows": 2293944, "Actual Loops": 1, "Recheck Cond": "((l_shipdate >= '1997-07-01 00:00:00'::timestamp(0) without time zone) AND (l_shipdate < '1997-10-01 00:00:00'::timestamp without time zone)), (LLVM Optimized, Jit Execute)", "Rows Removed by Index Recheck": 0, "Exact Heap Blocks": 732487, "Lossy Heap Blocks": 732487, "Plans": [{"Node Type": "Bitmap Index Scan", "Parent Relationship": "Outer", "Index Name": "idx_lineitem_shipdate", "Startup Cost": 0.0, "Total Cost": 77977.46, "Plan Rows": 2266921, "Plan Width": 0, "Actual Startup Time": 919.464, "Actual Total Time": 919.464, "Actual Rows": 2293944, "Actual Loops": 1, "Index Cond": "((l_shipdate >= '1997-07-01 00:00:00'::timestamp(0) without time zone) AND (l_shipdate < '1997-10-01 00:00:00'::timestamp without time zone))"}]}]}]}, {"Node Type": "Hash Join", "Parent Relationship": "Outer", "Join Type": "Inner", "Startup Cost": 1630395.71, "Total Cost": 1632548.24, "Plan Rows": 59380, "Plan Width": 83, "Actual Startup Time": 11591.969, "Actual Total Time": 11612.914, "Actual Rows": 1, "Actual Loops": 1, "Inner Unique": true, "Hash Cond": "(public.lineitem.l_suppkey = supplier.s_suppkey)", "Plans": [{"Node Type": "Aggregate", "Strategy": "Hashed", "Parent Relationship": "Outer", "Startup Cost": 1625862.71, "Total Cost": 1626604.96, "Plan Rows": 59380, "Plan Width": 40, "Actual Startup Time": 11522.406, "Actual Total Time": 11543.11, "Actual Rows": 1, "Actual Loops": 1, "Group By Key": ["public.lineitem.l_suppkey"], "Filter": "(sum((public.lineitem.l_extendedprice * (1::double precision - public.lineitem.l_discount))) = $0), (LLVM Optimized, Jit Execute)", "Rows Removed by Filter": 99999, "Plans": [{"Node Type": "Bitmap Heap Scan", "Parent Relationship": "Outer", "Relation Name": "lineitem", "Alias": "lineitem", "Startup Cost": 78544.19, "Total Cost": 1586191.59, "Plan Rows": 2266921, "Plan Width": 24, "Actual Startup Time": 1113.498, "Actual Total Time": 3982.235, "Actual Rows": 2293944, "Actual Loops": 1, "Recheck Cond": "((l_shipdate >= '1997-07-01 00:00:00'::timestamp(0) without time zone) AND (l_shipdate < '1997-10-01 00:00:00'::timestamp without time zone)), (LLVM Optimized, Jit Execute)", "Rows Removed by Index Recheck": 0, "Exact Heap Blocks": 732487, "Lossy Heap Blocks": 732487, "Plans": [{"Node Type": "Bitmap Index Scan", "Parent Relationship": "Outer", "Index Name": "idx_lineitem_shipdate", "Startup Cost": 0.0, "Total Cost": 77977.46, "Plan Rows": 2266921, "Plan Width": 0, "Actual Startup Time": 809.559, "Actual Total Time": 809.559, "Actual Rows": 2293944, "Actual Loops": 1, "Index Cond": "((l_shipdate >= '1997-07-01 00:00:00'::timestamp(0) without time zone) AND (l_shipdate < '1997-10-01 00:00:00'::timestamp without time zone))"}]}]}, {"Node Type": "Hash", "Parent Relationship": "Inner", "Startup Cost": 3283.0, "Total Cost": 3283.0, "Plan Rows": 100000, "Plan Width": 75, "Actual Startup Time": 69.39, "Actual Total Time": 69.39, "Actual Rows": 100000, "Actual Loops": 1, "Hash Buckets": 131072, "Hash Batches": 1, "Original Hash Batches": 1, "Peak Memory Usage": 10544, "Plans": [{"Node Type": "Seq Scan", "Parent Relationship": "Outer", "Relation Name": "supplier", "Alias": "supplier", "Startup Cost": 0.0, "Total Cost": 3283.0, "Plan Rows": 100000, "Plan Width": 75, "Actual Startup Time": 0.025, "Actual Total Time": 35.975, "Actual Rows": 100000, "Actual Loops": 1}]}]}]}, "Triggers": [], "Planner Runtime": 0.86, "Total Runtime": 11626.189, "Unique SQL Id": 3712096918}}, "(64, '97')": {"explain_plan": {"Plan": {"Node Type": "Sort", "Startup Cost": 3249504.79, "Total Cost": 3249653.24, "Plan Rows": 59380, "Plan Width": 83, "Sort Key": ["supplier.s_suppkey"], "Plans": [{"Node Type": "Aggregate", "Strategy": "Plain", "Parent Relationship": "exec_init_plan", "Subplan Name": "InitPlan 1 (returns $0)", "Startup Cost": 1610196.85, "Total Cost": 1610196.86, "Plan Rows": 1, "Plan Width": 16, "Plans": [{"Node Type": "Aggregate", "Strategy": "Hashed", "Parent Relationship": "Outer", "Startup Cost": 1608860.8, "Total Cost": 1609454.6, "Plan Rows": 59380, "Plan Width": 32, "Group By Key": ["public.lineitem.l_suppkey"], "Plans": [{"Node Type": "Bitmap Heap Scan", "Parent Relationship": "Outer", "Relation Name": "lineitem", "Alias": "lineitem", "Startup Cost": 78544.19, "Total Cost": 1586191.59, "Plan Rows": 2266921, "Plan Width": 24, "Recheck Cond": "((l_shipdate >= '1997-07-01 00:00:00'::timestamp(0) without time zone) AND (l_shipdate < '1997-10-01 00:00:00'::timestamp without time zone)), (LLVM Optimized)", "Plans": [{"Node Type": "Bitmap Index Scan", "Parent Relationship": "Outer", "Index Name": "idx_lineitem_shipdate", "Startup Cost": 0.0, "Total Cost": 77977.46, "Plan Rows": 2266921, "Plan Width": 0, "Index Cond": "((l_shipdate >= '1997-07-01 00:00:00'::timestamp(0) without time zone) AND (l_shipdate < '1997-10-01 00:00:00'::timestamp without time zone))"}]}]}]}, {"Node Type": "Hash Join", "Parent Relationship": "Outer", "Join Type": "Inner", "Startup Cost": 1632447.26, "Total Cost": 1634599.78, "Plan Rows": 59380, "Plan Width": 83, "Inner Unique": true, "Hash Cond": "(public.lineitem.l_suppkey = supplier.s_suppkey)", "Plans": [{"Node Type": "Aggregate", "Strategy": "Hashed", "Parent Relationship": "Outer", "Startup Cost": 1625862.71, "Total Cost": 1626604.96, "Plan Rows": 59380, "Plan Width": 40, "Group By Key": ["public.lineitem.l_suppkey"], "Filter": "(sum((public.lineitem.l_extendedprice * (1::double precision - public.lineitem.l_discount))) = $0), (LLVM Optimized)", "Plans": [{"Node Type": "Bitmap Heap Scan", "Parent Relationship": "Outer", "Relation Name": "lineitem", "Alias": "lineitem", "Startup Cost": 78544.19, "Total Cost": 1586191.59, "Plan Rows": 2266921, "Plan Width": 24, "Recheck Cond": "((l_shipdate >= '1997-07-01 00:00:00'::timestamp(0) without time zone) AND (l_shipdate < '1997-10-01 00:00:00'::timestamp without time zone)), (LLVM Optimized)", "Plans": [{"Node Type": "Bitmap Index Scan", "Parent Relationship": "Outer", "Index Name": "idx_lineitem_shipdate", "Startup Cost": 0.0, "Total Cost": 77977.46, "Plan Rows": 2266921, "Plan Width": 0, "Index Cond": "((l_shipdate >= '1997-07-01 00:00:00'::timestamp(0) without time zone) AND (l_shipdate < '1997-10-01 00:00:00'::timestamp without time zone))"}]}]}, {"Node Type": "Hash", "Parent Relationship": "Inner", "Startup Cost": 5334.54, "Total Cost": 5334.54, "Plan Rows": 100000, "Plan Width": 75, "Plans": [{"Node Type": "Index Scan", "Parent Relationship": "Outer", "Scan Direction": "Forward", "Index Name": "supplier_pkey", "Relation Name": "supplier", "Alias": "supplier", "Startup Cost": 0.0, "Total Cost": 5334.54, "Plan Rows": 100000, "Plan Width": 75}]}]}]}, "Unique SQL Id": 3712096918, "Planner Runtime": 0}, "explain_analyze_plan": {"Plan": {"Node Type": "Sort", "Startup Cost": 3249504.79, "Total Cost": 3249653.24, "Plan Rows": 59380, "Plan Width": 83, "Actual Startup Time": 11921.563, "Actual Total Time": 11921.563, "Actual Rows": 1, "Actual Loops": 1, "Sort Key": ["supplier.s_suppkey"], "Sort Method": "quicksort", "Sort Space Used": 25, "Sort Space Type": "Memory", "Plans": [{"Node Type": "Aggregate", "Strategy": "Plain", "Parent Relationship": "exec_init_plan", "Subplan Name": "InitPlan 1 (returns $0)", "Startup Cost": 1610196.85, "Total Cost": 1610196.86, "Plan Rows": 1, "Plan Width": 16, "Actual Startup Time": 5890.32, "Actual Total Time": 5890.32, "Actual Rows": 1, "Actual Loops": 1, "Plans": [{"Node Type": "Aggregate", "Strategy": "Hashed", "Parent Relationship": "Outer", "Startup Cost": 1608860.8, "Total Cost": 1609454.6, "Plan Rows": 59380, "Plan Width": 32, "Actual Startup Time": 5842.989, "Actual Total Time": 5875.14, "Actual Rows": 100000, "Actual Loops": 1, "Group By Key": ["public.lineitem.l_suppkey"], "Plans": [{"Node Type": "Bitmap Heap Scan", "Parent Relationship": "Outer", "Relation Name": "lineitem", "Alias": "lineitem", "Startup Cost": 78544.19, "Total Cost": 1586191.59, "Plan Rows": 2266921, "Plan Width": 24, "Actual Startup Time": 1340.433, "Actual Total Time": 4177.606, "Actual Rows": 2293944, "Actual Loops": 1, "Recheck Cond": "((l_shipdate >= '1997-07-01 00:00:00'::timestamp(0) without time zone) AND (l_shipdate < '1997-10-01 00:00:00'::timestamp without time zone)), (LLVM Optimized, Jit Execute)", "Rows Removed by Index Recheck": 0, "Exact Heap Blocks": 732487, "Lossy Heap Blocks": 732487, "Plans": [{"Node Type": "Bitmap Index Scan", "Parent Relationship": "Outer", "Index Name": "idx_lineitem_shipdate", "Startup Cost": 0.0, "Total Cost": 77977.46, "Plan Rows": 2266921, "Plan Width": 0, "Actual Startup Time": 988.703, "Actual Total Time": 988.703, "Actual Rows": 2293944, "Actual Loops": 1, "Index Cond": "((l_shipdate >= '1997-07-01 00:00:00'::timestamp(0) without time zone) AND (l_shipdate < '1997-10-01 00:00:00'::timestamp without time zone))"}]}]}]}, {"Node Type": "Hash Join", "Parent Relationship": "Outer", "Join Type": "Inner", "Startup Cost": 1632447.26, "Total Cost": 1634599.78, "Plan Rows": 59380, "Plan Width": 83, "Actual Startup Time": 11898.084, "Actual Total Time": 11919.37, "Actual Rows": 1, "Actual Loops": 1, "Inner Unique": true, "Hash Cond": "(public.lineitem.l_suppkey = supplier.s_suppkey)", "Plans": [{"Node Type": "Aggregate", "Strategy": "Hashed", "Parent Relationship": "Outer", "Startup Cost": 1625862.71, "Total Cost": 1626604.96, "Plan Rows": 59380, "Plan Width": 40, "Actual Startup Time": 11786.41, "Actual Total Time": 11807.476, "Actual Rows": 1, "Actual Loops": 1, "Group By Key": ["public.lineitem.l_suppkey"], "Filter": "(sum((public.lineitem.l_extendedprice * (1::double precision - public.lineitem.l_discount))) = $0), (LLVM Optimized, Jit Execute)", "Rows Removed by Filter": 99999, "Plans": [{"Node Type": "Bitmap Heap Scan", "Parent Relationship": "Outer", "Relation Name": "lineitem", "Alias": "lineitem", "Startup Cost": 78544.19, "Total Cost": 1586191.59, "Plan Rows": 2266921, "Plan Width": 24, "Actual Startup Time": 1354.201, "Actual Total Time": 4175.715, "Actual Rows": 2293944, "Actual Loops": 1, "Recheck Cond": "((l_shipdate >= '1997-07-01 00:00:00'::timestamp(0) without time zone) AND (l_shipdate < '1997-10-01 00:00:00'::timestamp without time zone)), (LLVM Optimized, Jit Execute)", "Rows Removed by Index Recheck": 0, "Exact Heap Blocks": 732487, "Lossy Heap Blocks": 732487, "Plans": [{"Node Type": "Bitmap Index Scan", "Parent Relationship": "Outer", "Index Name": "idx_lineitem_shipdate", "Startup Cost": 0.0, "Total Cost": 77977.46, "Plan Rows": 2266921, "Plan Width": 0, "Actual Startup Time": 1002.213, "Actual Total Time": 1002.213, "Actual Rows": 2293944, "Actual Loops": 1, "Index Cond": "((l_shipdate >= '1997-07-01 00:00:00'::timestamp(0) without time zone) AND (l_shipdate < '1997-10-01 00:00:00'::timestamp without time zone))"}]}]}, {"Node Type": "Hash", "Parent Relationship": "Inner", "Startup Cost": 5334.54, "Total Cost": 5334.54, "Plan Rows": 100000, "Plan Width": 75, "Actual Startup Time": 111.402, "Actual Total Time": 111.402, "Actual Rows": 100000, "Actual Loops": 1, "Hash Buckets": 131072, "Hash Batches": 1, "Original Hash Batches": 1, "Peak Memory Usage": 10544, "Plans": [{"Node Type": "Index Scan", "Parent Relationship": "Outer", "Scan Direction": "Forward", "Index Name": "supplier_pkey", "Relation Name": "supplier", "Alias": "supplier", "Startup Cost": 0.0, "Total Cost": 5334.54, "Plan Rows": 100000, "Plan Width": 75, "Actual Startup Time": 0.044, "Actual Total Time": 74.596, "Actual Rows": 100000, "Actual Loops": 1}]}]}]}, "Triggers": [], "Planner Runtime": 0.863, "Total Runtime": 11934.472, "Unique SQL Id": 3712096918}}, "(64, '98')": {"explain_plan": {"Plan": {"Node Type": "Sort", "Startup Cost": 3247453.25, "Total Cost": 3247601.7, "Plan Rows": 59380, "Plan Width": 83, "Sort Key": ["supplier.s_suppkey"], "Plans": [{"Node Type": "Aggregate", "Strategy": "Plain", "Parent Relationship": "exec_init_plan", "Subplan Name": "InitPlan 1 (returns $0)", "Startup Cost": 1610196.85, "Total Cost": 1610196.86, "Plan Rows": 1, "Plan Width": 16, "Plans": [{"Node Type": "Aggregate", "Strategy": "Hashed", "Parent Relationship": "Outer", "Startup Cost": 1608860.8, "Total Cost": 1609454.6, "Plan Rows": 59380, "Plan Width": 32, "Group By Key": ["public.lineitem.l_suppkey"], "Plans": [{"Node Type": "Bitmap Heap Scan", "Parent Relationship": "Outer", "Relation Name": "lineitem", "Alias": "lineitem", "Startup Cost": 78544.19, "Total Cost": 1586191.59, "Plan Rows": 2266921, "Plan Width": 24, "Recheck Cond": "((l_shipdate >= '1997-07-01 00:00:00'::timestamp(0) without time zone) AND (l_shipdate < '1997-10-01 00:00:00'::timestamp without time zone)), (LLVM Optimized)", "Plans": [{"Node Type": "Bitmap Index Scan", "Parent Relationship": "Outer", "Index Name": "idx_lineitem_shipdate", "Startup Cost": 0.0, "Total Cost": 77977.46, "Plan Rows": 2266921, "Plan Width": 0, "Index Cond": "((l_shipdate >= '1997-07-01 00:00:00'::timestamp(0) without time zone) AND (l_shipdate < '1997-10-01 00:00:00'::timestamp without time zone))"}]}]}]}, {"Node Type": "Hash Join", "Parent Relationship": "Outer", "Join Type": "Inner", "Startup Cost": 1630395.71, "Total Cost": 1632548.24, "Plan Rows": 59380, "Plan Width": 83, "Inner Unique": true, "Hash Cond": "(public.lineitem.l_suppkey = supplier.s_suppkey)", "Plans": [{"Node Type": "Aggregate", "Strategy": "Hashed", "Parent Relationship": "Outer", "Startup Cost": 1625862.71, "Total Cost": 1626604.96, "Plan Rows": 59380, "Plan Width": 40, "Group By Key": ["public.lineitem.l_suppkey"], "Filter": "(sum((public.lineitem.l_extendedprice * (1::double precision - public.lineitem.l_discount))) = $0), (LLVM Optimized)", "Plans": [{"Node Type": "Bitmap Heap Scan", "Parent Relationship": "Outer", "Relation Name": "lineitem", "Alias": "lineitem", "Startup Cost": 78544.19, "Total Cost": 1586191.59, "Plan Rows": 2266921, "Plan Width": 24, "Recheck Cond": "((l_shipdate >= '1997-07-01 00:00:00'::timestamp(0) without time zone) AND (l_shipdate < '1997-10-01 00:00:00'::timestamp without time zone)), (LLVM Optimized)", "Plans": [{"Node Type": "Bitmap Index Scan", "Parent Relationship": "Outer", "Index Name": "idx_lineitem_shipdate", "Startup Cost": 0.0, "Total Cost": 77977.46, "Plan Rows": 2266921, "Plan Width": 0, "Index Cond": "((l_shipdate >= '1997-07-01 00:00:00'::timestamp(0) without time zone) AND (l_shipdate < '1997-10-01 00:00:00'::timestamp without time zone))"}]}]}, {"Node Type": "Hash", "Parent Relationship": "Inner", "Startup Cost": 3283.0, "Total Cost": 3283.0, "Plan Rows": 100000, "Plan Width": 75, "Plans": [{"Node Type": "Seq Scan", "Parent Relationship": "Outer", "Relation Name": "supplier", "Alias": "supplier", "Startup Cost": 0.0, "Total Cost": 3283.0, "Plan Rows": 100000, "Plan Width": 75}]}]}]}, "Unique SQL Id": 3712096918, "Planner Runtime": 0}, "explain_analyze_plan": {"Plan": {"Node Type": "Sort", "Startup Cost": 3247453.25, "Total Cost": 3247601.7, "Plan Rows": 59380, "Plan Width": 83, "Actual Startup Time": 11613.345, "Actual Total Time": 11613.346, "Actual Rows": 1, "Actual Loops": 1, "Sort Key": ["supplier.s_suppkey"], "Sort Method": "quicksort", "Sort Space Used": 25, "Sort Space Type": "Memory", "Plans": [{"Node Type": "Aggregate", "Strategy": "Plain", "Parent Relationship": "exec_init_plan", "Subplan Name": "InitPlan 1 (returns $0)", "Startup Cost": 1610196.85, "Total Cost": 1610196.86, "Plan Rows": 1, "Plan Width": 16, "Actual Startup Time": 5787.024, "Actual Total Time": 5787.024, "Actual Rows": 1, "Actual Loops": 1, "Plans": [{"Node Type": "Aggregate", "Strategy": "Hashed", "Parent Relationship": "Outer", "Startup Cost": 1608860.8, "Total Cost": 1609454.6, "Plan Rows": 59380, "Plan Width": 32, "Actual Startup Time": 5739.256, "Actual Total Time": 5771.891, "Actual Rows": 100000, "Actual Loops": 1, "Group By Key": ["public.lineitem.l_suppkey"], "Plans": [{"Node Type": "Bitmap Heap Scan", "Parent Relationship": "Outer", "Relation Name": "lineitem", "Alias": "lineitem", "Startup Cost": 78544.19, "Total Cost": 1586191.59, "Plan Rows": 2266921, "Plan Width": 24, "Actual Startup Time": 1210.319, "Actual Total Time": 4026.272, "Actual Rows": 2293944, "Actual Loops": 1, "Recheck Cond": "((l_shipdate >= '1997-07-01 00:00:00'::timestamp(0) without time zone) AND (l_shipdate < '1997-10-01 00:00:00'::timestamp without time zone)), (LLVM Optimized, Jit Execute)", "Rows Removed by Index Recheck": 0, "Exact Heap Blocks": 732487, "Lossy Heap Blocks": 732487, "Plans": [{"Node Type": "Bitmap Index Scan", "Parent Relationship": "Outer", "Index Name": "idx_lineitem_shipdate", "Startup Cost": 0.0, "Total Cost": 77977.46, "Plan Rows": 2266921, "Plan Width": 0, "Actual Startup Time": 919.464, "Actual Total Time": 919.464, "Actual Rows": 2293944, "Actual Loops": 1, "Index Cond": "((l_shipdate >= '1997-07-01 00:00:00'::timestamp(0) without time zone) AND (l_shipdate < '1997-10-01 00:00:00'::timestamp without time zone))"}]}]}]}, {"Node Type": "Hash Join", "Parent Relationship": "Outer", "Join Type": "Inner", "Startup Cost": 1630395.71, "Total Cost": 1632548.24, "Plan Rows": 59380, "Plan Width": 83, "Actual Startup Time": 11591.969, "Actual Total Time": 11612.914, "Actual Rows": 1, "Actual Loops": 1, "Inner Unique": true, "Hash Cond": "(public.lineitem.l_suppkey = supplier.s_suppkey)", "Plans": [{"Node Type": "Aggregate", "Strategy": "Hashed", "Parent Relationship": "Outer", "Startup Cost": 1625862.71, "Total Cost": 1626604.96, "Plan Rows": 59380, "Plan Width": 40, "Actual Startup Time": 11522.406, "Actual Total Time": 11543.11, "Actual Rows": 1, "Actual Loops": 1, "Group By Key": ["public.lineitem.l_suppkey"], "Filter": "(sum((public.lineitem.l_extendedprice * (1::double precision - public.lineitem.l_discount))) = $0), (LLVM Optimized, Jit Execute)", "Rows Removed by Filter": 99999, "Plans": [{"Node Type": "Bitmap Heap Scan", "Parent Relationship": "Outer", "Relation Name": "lineitem", "Alias": "lineitem", "Startup Cost": 78544.19, "Total Cost": 1586191.59, "Plan Rows": 2266921, "Plan Width": 24, "Actual Startup Time": 1113.498, "Actual Total Time": 3982.235, "Actual Rows": 2293944, "Actual Loops": 1, "Recheck Cond": "((l_shipdate >= '1997-07-01 00:00:00'::timestamp(0) without time zone) AND (l_shipdate < '1997-10-01 00:00:00'::timestamp without time zone)), (LLVM Optimized, Jit Execute)", "Rows Removed by Index Recheck": 0, "Exact Heap Blocks": 732487, "Lossy Heap Blocks": 732487, "Plans": [{"Node Type": "Bitmap Index Scan", "Parent Relationship": "Outer", "Index Name": "idx_lineitem_shipdate", "Startup Cost": 0.0, "Total Cost": 77977.46, "Plan Rows": 2266921, "Plan Width": 0, "Actual Startup Time": 809.559, "Actual Total Time": 809.559, "Actual Rows": 2293944, "Actual Loops": 1, "Index Cond": "((l_shipdate >= '1997-07-01 00:00:00'::timestamp(0) without time zone) AND (l_shipdate < '1997-10-01 00:00:00'::timestamp without time zone))"}]}]}, {"Node Type": "Hash", "Parent Relationship": "Inner", "Startup Cost": 3283.0, "Total Cost": 3283.0, "Plan Rows": 100000, "Plan Width": 75, "Actual Startup Time": 69.39, "Actual Total Time": 69.39, "Actual Rows": 100000, "Actual Loops": 1, "Hash Buckets": 131072, "Hash Batches": 1, "Original Hash Batches": 1, "Peak Memory Usage": 10544, "Plans": [{"Node Type": "Seq Scan", "Parent Relationship": "Outer", "Relation Name": "supplier", "Alias": "supplier", "Startup Cost": 0.0, "Total Cost": 3283.0, "Plan Rows": 100000, "Plan Width": 75, "Actual Startup Time": 0.025, "Actual Total Time": 35.975, "Actual Rows": 100000, "Actual Loops": 1}]}]}]}, "Triggers": [], "Planner Runtime": 0.86, "Total Runtime": 11626.189, "Unique SQL Id": 3712096918}}, "(64, '99')": {"explain_plan": {"Plan": {"Node Type": "Sort", "Startup Cost": 3497813.02, "Total Cost": 3497961.47, "Plan Rows": 59380, "Plan Width": 83, "Sort Key": ["supplier.s_suppkey"], "Plans": [{"Node Type": "Aggregate", "Strategy": "Plain", "Parent Relationship": "exec_init_plan", "Subplan Name": "InitPlan 1 (returns $0)", "Startup Cost": 1610196.85, "Total Cost": 1610196.86, "Plan Rows": 1, "Plan Width": 16, "Plans": [{"Node Type": "Aggregate", "Strategy": "Hashed", "Parent Relationship": "Outer", "Startup Cost": 1608860.8, "Total Cost": 1609454.6, "Plan Rows": 59380, "Plan Width": 32, "Group By Key": ["public.lineitem.l_suppkey"], "Plans": [{"Node Type": "Bitmap Heap Scan", "Parent Relationship": "Outer", "Relation Name": "lineitem", "Alias": "lineitem", "Startup Cost": 78544.19, "Total Cost": 1586191.59, "Plan Rows": 2266921, "Plan Width": 24, "Recheck Cond": "((l_shipdate >= '1997-07-01 00:00:00'::timestamp(0) without time zone) AND (l_shipdate < '1997-10-01 00:00:00'::timestamp without time zone)), (LLVM Optimized)", "Plans": [{"Node Type": "Bitmap Index Scan", "Parent Relationship": "Outer", "Index Name": "idx_lineitem_shipdate", "Startup Cost": 0.0, "Total Cost": 77977.46, "Plan Rows": 2266921, "Plan Width": 0, "Index Cond": "((l_shipdate >= '1997-07-01 00:00:00'::timestamp(0) without time zone) AND (l_shipdate < '1997-10-01 00:00:00'::timestamp without time zone))"}]}]}]}, {"Node Type": "Nested Loop", "Parent Relationship": "Outer", "Join Type": "Inner", "Startup Cost": 1625863.0, "Total Cost": 1882908.01, "Plan Rows": 59380, "Plan Width": 83, "Inner Unique": true, "Plans": [{"Node Type": "Aggregate", "Strategy": "Hashed", "Parent Relationship": "Outer", "Startup Cost": 1625862.71, "Total Cost": 1626604.96, "Plan Rows": 59380, "Plan Width": 40, "Group By Key": ["public.lineitem.l_suppkey"], "Filter": "(sum((public.lineitem.l_extendedprice * (1::double precision - public.lineitem.l_discount))) = $0), (LLVM Optimized)", "Plans": [{"Node Type": "Bitmap Heap Scan", "Parent Relationship": "Outer", "Relation Name": "lineitem", "Alias": "lineitem", "Startup Cost": 78544.19, "Total Cost": 1586191.59, "Plan Rows": 2266921, "Plan Width": 24, "Recheck Cond": "((l_shipdate >= '1997-07-01 00:00:00'::timestamp(0) without time zone) AND (l_shipdate < '1997-10-01 00:00:00'::timestamp without time zone)), (LLVM Optimized)", "Plans": [{"Node Type": "Bitmap Index Scan", "Parent Relationship": "Outer", "Index Name": "idx_lineitem_shipdate", "Startup Cost": 0.0, "Total Cost": 77977.46, "Plan Rows": 2266921, "Plan Width": 0, "Index Cond": "((l_shipdate >= '1997-07-01 00:00:00'::timestamp(0) without time zone) AND (l_shipdate < '1997-10-01 00:00:00'::timestamp without time zone))"}]}]}, {"Node Type": "Bitmap Heap Scan", "Parent Relationship": "Inner", "Relation Name": "supplier", "Alias": "supplier", "Startup Cost": 0.28, "Total Cost": 4.3, "Plan Rows": 1, "Plan Width": 75, "Recheck Cond": "(s_suppkey = public.lineitem.l_suppkey)", "Plans": [{"Node Type": "Bitmap Index Scan", "Parent Relationship": "Outer", "Index Name": "supplier_pkey", "Startup Cost": 0.0, "Total Cost": 0.28, "Plan Rows": 1, "Plan Width": 0, "Index Cond": "(s_suppkey = public.lineitem.l_suppkey)"}]}]}]}, "Unique SQL Id": 3712096918, "Planner Runtime": 0}, "explain_analyze_plan": {"Plan": {"Node Type": "Sort", "Startup Cost": 3497813.02, "Total Cost": 3497961.47, "Plan Rows": 59380, "Plan Width": 83, "Actual Startup Time": 11573.67, "Actual Total Time": 11573.671, "Actual Rows": 1, "Actual Loops": 1, "Sort Key": ["supplier.s_suppkey"], "Sort Method": "quicksort", "Sort Space Used": 25, "Sort Space Type": "Memory", "Plans": [{"Node Type": "Aggregate", "Strategy": "Plain", "Parent Relationship": "exec_init_plan", "Subplan Name": "InitPlan 1 (returns $0)", "Startup Cost": 1610196.85, "Total Cost": 1610196.86, "Plan Rows": 1, "Plan Width": 16, "Actual Startup Time": 5810.994, "Actual Total Time": 5810.994, "Actual Rows": 1, "Actual Loops": 1, "Plans": [{"Node Type": "Aggregate", "Strategy": "Hashed", "Parent Relationship": "Outer", "Startup Cost": 1608860.8, "Total Cost": 1609454.6, "Plan Rows": 59380, "Plan Width": 32, "Actual Startup Time": 5762.308, "Actual Total Time": 5795.992, "Actual Rows": 100000, "Actual Loops": 1, "Group By Key": ["public.lineitem.l_suppkey"], "Plans": [{"Node Type": "Bitmap Heap Scan", "Parent Relationship": "Outer", "Relation Name": "lineitem", "Alias": "lineitem", "Startup Cost": 78544.19, "Total Cost": 1586191.59, "Plan Rows": 2266921, "Plan Width": 24, "Actual Startup Time": 1233.691, "Actual Total Time": 4071.08, "Actual Rows": 2293944, "Actual Loops": 1, "Recheck Cond": "((l_shipdate >= '1997-07-01 00:00:00'::timestamp(0) without time zone) AND (l_shipdate < '1997-10-01 00:00:00'::timestamp without time zone)), (LLVM Optimized, Jit Execute)", "Rows Removed by Index Recheck": 0, "Exact Heap Blocks": 732487, "Lossy Heap Blocks": 732487, "Plans": [{"Node Type": "Bitmap Index Scan", "Parent Relationship": "Outer", "Index Name": "idx_lineitem_shipdate", "Startup Cost": 0.0, "Total Cost": 77977.46, "Plan Rows": 2266921, "Plan Width": 0, "Actual Startup Time": 943.405, "Actual Total Time": 943.405, "Actual Rows": 2293944, "Actual Loops": 1, "Index Cond": "((l_shipdate >= '1997-07-01 00:00:00'::timestamp(0) without time zone) AND (l_shipdate < '1997-10-01 00:00:00'::timestamp without time zone))"}]}]}]}, {"Node Type": "Nested Loop", "Parent Relationship": "Outer", "Join Type": "Inner", "Startup Cost": 1625863.0, "Total Cost": 1882908.01, "Plan Rows": 59380, "Plan Width": 83, "Actual Startup Time": 11554.935, "Actual Total Time": 11573.643, "Actual Rows": 1, "Actual Loops": 1, "Inner Unique": true, "Plans": [{"Node Type": "Aggregate", "Strategy": "Hashed", "Parent Relationship": "Outer", "Startup Cost": 1625862.71, "Total Cost": 1626604.96, "Plan Rows": 59380, "Plan Width": 40, "Actual Startup Time": 11554.824, "Actual Total Time": 11573.326, "Actual Rows": 1, "Actual Loops": 1, "Group By Key": ["public.lineitem.l_suppkey"], "Filter": "(sum((public.lineitem.l_extendedprice * (1::double precision - public.lineitem.l_discount))) = $0), (LLVM Optimized, Jit Execute)", "Rows Removed by Filter": 99999, "Plans": [{"Node Type": "Bitmap Heap Scan", "Parent Relationship": "Outer", "Relation Name": "lineitem", "Alias": "lineitem", "Startup Cost": 78544.19, "Total Cost": 1586191.59, "Plan Rows": 2266921, "Plan Width": 24, "Actual Startup Time": 1251.575, "Actual Total Time": 4123.103, "Actual Rows": 2293944, "Actual Loops": 1, "Recheck Cond": "((l_shipdate >= '1997-07-01 00:00:00'::timestamp(0) without time zone) AND (l_shipdate < '1997-10-01 00:00:00'::timestamp without time zone)), (LLVM Optimized, Jit Execute)", "Rows Removed by Index Recheck": 0, "Exact Heap Blocks": 732487, "Lossy Heap Blocks": 732487, "Plans": [{"Node Type": "Bitmap Index Scan", "Parent Relationship": "Outer", "Index Name": "idx_lineitem_shipdate", "Startup Cost": 0.0, "Total Cost": 77977.46, "Plan Rows": 2266921, "Plan Width": 0, "Actual Startup Time": 951.166, "Actual Total Time": 951.166, "Actual Rows": 2293944, "Actual Loops": 1, "Index Cond": "((l_shipdate >= '1997-07-01 00:00:00'::timestamp(0) without time zone) AND (l_shipdate < '1997-10-01 00:00:00'::timestamp without time zone))"}]}]}, {"Node Type": "Bitmap Heap Scan", "Parent Relationship": "Inner", "Relation Name": "supplier", "Alias": "supplier", "Startup Cost": 0.28, "Total Cost": 4.3, "Plan Rows": 1, "Plan Width": 75, "Actual Startup Time": 0.082, "Actual Total Time": 0.082, "Actual Rows": 1, "Actual Loops": 1, "Recheck Cond": "(s_suppkey = public.lineitem.l_suppkey)", "Rows Removed by Index Recheck": 0, "Exact Heap Blocks": 1, "Lossy Heap Blocks": 1, "Plans": [{"Node Type": "Bitmap Index Scan", "Parent Relationship": "Outer", "Index Name": "supplier_pkey", "Startup Cost": 0.0, "Total Cost": 0.28, "Plan Rows": 1, "Plan Width": 0, "Actual Startup Time": 0.037, "Actual Total Time": 0.037, "Actual Rows": 1, "Actual Loops": 1, "Index Cond": "(s_suppkey = public.lineitem.l_suppkey)"}]}]}]}, "Triggers": [], "Planner Runtime": 0.887, "Total Runtime": 11586.661, "Unique SQL Id": 3712096918}}, "(64, '100')": {"explain_plan": {"Plan": {"Node Type": "Sort", "Startup Cost": 3247453.25, "Total Cost": 3247601.7, "Plan Rows": 59380, "Plan Width": 83, "Sort Key": ["supplier.s_suppkey"], "Plans": [{"Node Type": "Aggregate", "Strategy": "Plain", "Parent Relationship": "exec_init_plan", "Subplan Name": "InitPlan 1 (returns $0)", "Startup Cost": 1610196.85, "Total Cost": 1610196.86, "Plan Rows": 1, "Plan Width": 16, "Plans": [{"Node Type": "Aggregate", "Strategy": "Hashed", "Parent Relationship": "Outer", "Startup Cost": 1608860.8, "Total Cost": 1609454.6, "Plan Rows": 59380, "Plan Width": 32, "Group By Key": ["public.lineitem.l_suppkey"], "Plans": [{"Node Type": "Bitmap Heap Scan", "Parent Relationship": "Outer", "Relation Name": "lineitem", "Alias": "lineitem", "Startup Cost": 78544.19, "Total Cost": 1586191.59, "Plan Rows": 2266921, "Plan Width": 24, "Recheck Cond": "((l_shipdate >= '1997-07-01 00:00:00'::timestamp(0) without time zone) AND (l_shipdate < '1997-10-01 00:00:00'::timestamp without time zone)), (LLVM Optimized)", "Plans": [{"Node Type": "Bitmap Index Scan", "Parent Relationship": "Outer", "Index Name": "idx_lineitem_shipdate", "Startup Cost": 0.0, "Total Cost": 77977.46, "Plan Rows": 2266921, "Plan Width": 0, "Index Cond": "((l_shipdate >= '1997-07-01 00:00:00'::timestamp(0) without time zone) AND (l_shipdate < '1997-10-01 00:00:00'::timestamp without time zone))"}]}]}]}, {"Node Type": "Hash Join", "Parent Relationship": "Outer", "Join Type": "Inner", "Startup Cost": 1630395.71, "Total Cost": 1632548.24, "Plan Rows": 59380, "Plan Width": 83, "Inner Unique": true, "Hash Cond": "(public.lineitem.l_suppkey = supplier.s_suppkey)", "Plans": [{"Node Type": "Aggregate", "Strategy": "Hashed", "Parent Relationship": "Outer", "Startup Cost": 1625862.71, "Total Cost": 1626604.96, "Plan Rows": 59380, "Plan Width": 40, "Group By Key": ["public.lineitem.l_suppkey"], "Filter": "(sum((public.lineitem.l_extendedprice * (1::double precision - public.lineitem.l_discount))) = $0), (LLVM Optimized)", "Plans": [{"Node Type": "Bitmap Heap Scan", "Parent Relationship": "Outer", "Relation Name": "lineitem", "Alias": "lineitem", "Startup Cost": 78544.19, "Total Cost": 1586191.59, "Plan Rows": 2266921, "Plan Width": 24, "Recheck Cond": "((l_shipdate >= '1997-07-01 00:00:00'::timestamp(0) without time zone) AND (l_shipdate < '1997-10-01 00:00:00'::timestamp without time zone)), (LLVM Optimized)", "Plans": [{"Node Type": "Bitmap Index Scan", "Parent Relationship": "Outer", "Index Name": "idx_lineitem_shipdate", "Startup Cost": 0.0, "Total Cost": 77977.46, "Plan Rows": 2266921, "Plan Width": 0, "Index Cond": "((l_shipdate >= '1997-07-01 00:00:00'::timestamp(0) without time zone) AND (l_shipdate < '1997-10-01 00:00:00'::timestamp without time zone))"}]}]}, {"Node Type": "Hash", "Parent Relationship": "Inner", "Startup Cost": 3283.0, "Total Cost": 3283.0, "Plan Rows": 100000, "Plan Width": 75, "Plans": [{"Node Type": "Seq Scan", "Parent Relationship": "Outer", "Relation Name": "supplier", "Alias": "supplier", "Startup Cost": 0.0, "Total Cost": 3283.0, "Plan Rows": 100000, "Plan Width": 75}]}]}]}, "Unique SQL Id": 3712096918, "Planner Runtime": 0}, "explain_analyze_plan": {"Plan": {"Node Type": "Sort", "Startup Cost": 3247453.25, "Total Cost": 3247601.7, "Plan Rows": 59380, "Plan Width": 83, "Actual Startup Time": 11613.345, "Actual Total Time": 11613.346, "Actual Rows": 1, "Actual Loops": 1, "Sort Key": ["supplier.s_suppkey"], "Sort Method": "quicksort", "Sort Space Used": 25, "Sort Space Type": "Memory", "Plans": [{"Node Type": "Aggregate", "Strategy": "Plain", "Parent Relationship": "exec_init_plan", "Subplan Name": "InitPlan 1 (returns $0)", "Startup Cost": 1610196.85, "Total Cost": 1610196.86, "Plan Rows": 1, "Plan Width": 16, "Actual Startup Time": 5787.024, "Actual Total Time": 5787.024, "Actual Rows": 1, "Actual Loops": 1, "Plans": [{"Node Type": "Aggregate", "Strategy": "Hashed", "Parent Relationship": "Outer", "Startup Cost": 1608860.8, "Total Cost": 1609454.6, "Plan Rows": 59380, "Plan Width": 32, "Actual Startup Time": 5739.256, "Actual Total Time": 5771.891, "Actual Rows": 100000, "Actual Loops": 1, "Group By Key": ["public.lineitem.l_suppkey"], "Plans": [{"Node Type": "Bitmap Heap Scan", "Parent Relationship": "Outer", "Relation Name": "lineitem", "Alias": "lineitem", "Startup Cost": 78544.19, "Total Cost": 1586191.59, "Plan Rows": 2266921, "Plan Width": 24, "Actual Startup Time": 1210.319, "Actual Total Time": 4026.272, "Actual Rows": 2293944, "Actual Loops": 1, "Recheck Cond": "((l_shipdate >= '1997-07-01 00:00:00'::timestamp(0) without time zone) AND (l_shipdate < '1997-10-01 00:00:00'::timestamp without time zone)), (LLVM Optimized, Jit Execute)", "Rows Removed by Index Recheck": 0, "Exact Heap Blocks": 732487, "Lossy Heap Blocks": 732487, "Plans": [{"Node Type": "Bitmap Index Scan", "Parent Relationship": "Outer", "Index Name": "idx_lineitem_shipdate", "Startup Cost": 0.0, "Total Cost": 77977.46, "Plan Rows": 2266921, "Plan Width": 0, "Actual Startup Time": 919.464, "Actual Total Time": 919.464, "Actual Rows": 2293944, "Actual Loops": 1, "Index Cond": "((l_shipdate >= '1997-07-01 00:00:00'::timestamp(0) without time zone) AND (l_shipdate < '1997-10-01 00:00:00'::timestamp without time zone))"}]}]}]}, {"Node Type": "Hash Join", "Parent Relationship": "Outer", "Join Type": "Inner", "Startup Cost": 1630395.71, "Total Cost": 1632548.24, "Plan Rows": 59380, "Plan Width": 83, "Actual Startup Time": 11591.969, "Actual Total Time": 11612.914, "Actual Rows": 1, "Actual Loops": 1, "Inner Unique": true, "Hash Cond": "(public.lineitem.l_suppkey = supplier.s_suppkey)", "Plans": [{"Node Type": "Aggregate", "Strategy": "Hashed", "Parent Relationship": "Outer", "Startup Cost": 1625862.71, "Total Cost": 1626604.96, "Plan Rows": 59380, "Plan Width": 40, "Actual Startup Time": 11522.406, "Actual Total Time": 11543.11, "Actual Rows": 1, "Actual Loops": 1, "Group By Key": ["public.lineitem.l_suppkey"], "Filter": "(sum((public.lineitem.l_extendedprice * (1::double precision - public.lineitem.l_discount))) = $0), (LLVM Optimized, Jit Execute)", "Rows Removed by Filter": 99999, "Plans": [{"Node Type": "Bitmap Heap Scan", "Parent Relationship": "Outer", "Relation Name": "lineitem", "Alias": "lineitem", "Startup Cost": 78544.19, "Total Cost": 1586191.59, "Plan Rows": 2266921, "Plan Width": 24, "Actual Startup Time": 1113.498, "Actual Total Time": 3982.235, "Actual Rows": 2293944, "Actual Loops": 1, "Recheck Cond": "((l_shipdate >= '1997-07-01 00:00:00'::timestamp(0) without time zone) AND (l_shipdate < '1997-10-01 00:00:00'::timestamp without time zone)), (LLVM Optimized, Jit Execute)", "Rows Removed by Index Recheck": 0, "Exact Heap Blocks": 732487, "Lossy Heap Blocks": 732487, "Plans": [{"Node Type": "Bitmap Index Scan", "Parent Relationship": "Outer", "Index Name": "idx_lineitem_shipdate", "Startup Cost": 0.0, "Total Cost": 77977.46, "Plan Rows": 2266921, "Plan Width": 0, "Actual Startup Time": 809.559, "Actual Total Time": 809.559, "Actual Rows": 2293944, "Actual Loops": 1, "Index Cond": "((l_shipdate >= '1997-07-01 00:00:00'::timestamp(0) without time zone) AND (l_shipdate < '1997-10-01 00:00:00'::timestamp without time zone))"}]}]}, {"Node Type": "Hash", "Parent Relationship": "Inner", "Startup Cost": 3283.0, "Total Cost": 3283.0, "Plan Rows": 100000, "Plan Width": 75, "Actual Startup Time": 69.39, "Actual Total Time": 69.39, "Actual Rows": 100000, "Actual Loops": 1, "Hash Buckets": 131072, "Hash Batches": 1, "Original Hash Batches": 1, "Peak Memory Usage": 10544, "Plans": [{"Node Type": "Seq Scan", "Parent Relationship": "Outer", "Relation Name": "supplier", "Alias": "supplier", "Startup Cost": 0.0, "Total Cost": 3283.0, "Plan Rows": 100000, "Plan Width": 75, "Actual Startup Time": 0.025, "Actual Total Time": 35.975, "Actual Rows": 100000, "Actual Loops": 1}]}]}]}, "Triggers": [], "Planner Runtime": 0.86, "Total Runtime": 11626.189, "Unique SQL Id": 3712096918}}, "(64, '101')": {"explain_plan": {"Plan": {"Node Type": "Sort", "Startup Cost": 3249504.79, "Total Cost": 3249653.24, "Plan Rows": 59380, "Plan Width": 83, "Sort Key": ["supplier.s_suppkey"], "Plans": [{"Node Type": "Aggregate", "Strategy": "Plain", "Parent Relationship": "exec_init_plan", "Subplan Name": "InitPlan 1 (returns $0)", "Startup Cost": 1610196.85, "Total Cost": 1610196.86, "Plan Rows": 1, "Plan Width": 16, "Plans": [{"Node Type": "Aggregate", "Strategy": "Hashed", "Parent Relationship": "Outer", "Startup Cost": 1608860.8, "Total Cost": 1609454.6, "Plan Rows": 59380, "Plan Width": 32, "Group By Key": ["public.lineitem.l_suppkey"], "Plans": [{"Node Type": "Bitmap Heap Scan", "Parent Relationship": "Outer", "Relation Name": "lineitem", "Alias": "lineitem", "Startup Cost": 78544.19, "Total Cost": 1586191.59, "Plan Rows": 2266921, "Plan Width": 24, "Recheck Cond": "((l_shipdate >= '1997-07-01 00:00:00'::timestamp(0) without time zone) AND (l_shipdate < '1997-10-01 00:00:00'::timestamp without time zone)), (LLVM Optimized)", "Plans": [{"Node Type": "Bitmap Index Scan", "Parent Relationship": "Outer", "Index Name": "idx_lineitem_shipdate", "Startup Cost": 0.0, "Total Cost": 77977.46, "Plan Rows": 2266921, "Plan Width": 0, "Index Cond": "((l_shipdate >= '1997-07-01 00:00:00'::timestamp(0) without time zone) AND (l_shipdate < '1997-10-01 00:00:00'::timestamp without time zone))"}]}]}]}, {"Node Type": "Hash Join", "Parent Relationship": "Outer", "Join Type": "Inner", "Startup Cost": 1632447.26, "Total Cost": 1634599.78, "Plan Rows": 59380, "Plan Width": 83, "Inner Unique": true, "Hash Cond": "(public.lineitem.l_suppkey = supplier.s_suppkey)", "Plans": [{"Node Type": "Aggregate", "Strategy": "Hashed", "Parent Relationship": "Outer", "Startup Cost": 1625862.71, "Total Cost": 1626604.96, "Plan Rows": 59380, "Plan Width": 40, "Group By Key": ["public.lineitem.l_suppkey"], "Filter": "(sum((public.lineitem.l_extendedprice * (1::double precision - public.lineitem.l_discount))) = $0), (LLVM Optimized)", "Plans": [{"Node Type": "Bitmap Heap Scan", "Parent Relationship": "Outer", "Relation Name": "lineitem", "Alias": "lineitem", "Startup Cost": 78544.19, "Total Cost": 1586191.59, "Plan Rows": 2266921, "Plan Width": 24, "Recheck Cond": "((l_shipdate >= '1997-07-01 00:00:00'::timestamp(0) without time zone) AND (l_shipdate < '1997-10-01 00:00:00'::timestamp without time zone)), (LLVM Optimized)", "Plans": [{"Node Type": "Bitmap Index Scan", "Parent Relationship": "Outer", "Index Name": "idx_lineitem_shipdate", "Startup Cost": 0.0, "Total Cost": 77977.46, "Plan Rows": 2266921, "Plan Width": 0, "Index Cond": "((l_shipdate >= '1997-07-01 00:00:00'::timestamp(0) without time zone) AND (l_shipdate < '1997-10-01 00:00:00'::timestamp without time zone))"}]}]}, {"Node Type": "Hash", "Parent Relationship": "Inner", "Startup Cost": 5334.54, "Total Cost": 5334.54, "Plan Rows": 100000, "Plan Width": 75, "Plans": [{"Node Type": "Index Scan", "Parent Relationship": "Outer", "Scan Direction": "Forward", "Index Name": "supplier_pkey", "Relation Name": "supplier", "Alias": "supplier", "Startup Cost": 0.0, "Total Cost": 5334.54, "Plan Rows": 100000, "Plan Width": 75}]}]}]}, "Unique SQL Id": 3712096918, "Planner Runtime": 0}, "explain_analyze_plan": {"Plan": {"Node Type": "Sort", "Startup Cost": 3249504.79, "Total Cost": 3249653.24, "Plan Rows": 59380, "Plan Width": 83, "Actual Startup Time": 11921.563, "Actual Total Time": 11921.563, "Actual Rows": 1, "Actual Loops": 1, "Sort Key": ["supplier.s_suppkey"], "Sort Method": "quicksort", "Sort Space Used": 25, "Sort Space Type": "Memory", "Plans": [{"Node Type": "Aggregate", "Strategy": "Plain", "Parent Relationship": "exec_init_plan", "Subplan Name": "InitPlan 1 (returns $0)", "Startup Cost": 1610196.85, "Total Cost": 1610196.86, "Plan Rows": 1, "Plan Width": 16, "Actual Startup Time": 5890.32, "Actual Total Time": 5890.32, "Actual Rows": 1, "Actual Loops": 1, "Plans": [{"Node Type": "Aggregate", "Strategy": "Hashed", "Parent Relationship": "Outer", "Startup Cost": 1608860.8, "Total Cost": 1609454.6, "Plan Rows": 59380, "Plan Width": 32, "Actual Startup Time": 5842.989, "Actual Total Time": 5875.14, "Actual Rows": 100000, "Actual Loops": 1, "Group By Key": ["public.lineitem.l_suppkey"], "Plans": [{"Node Type": "Bitmap Heap Scan", "Parent Relationship": "Outer", "Relation Name": "lineitem", "Alias": "lineitem", "Startup Cost": 78544.19, "Total Cost": 1586191.59, "Plan Rows": 2266921, "Plan Width": 24, "Actual Startup Time": 1340.433, "Actual Total Time": 4177.606, "Actual Rows": 2293944, "Actual Loops": 1, "Recheck Cond": "((l_shipdate >= '1997-07-01 00:00:00'::timestamp(0) without time zone) AND (l_shipdate < '1997-10-01 00:00:00'::timestamp without time zone)), (LLVM Optimized, Jit Execute)", "Rows Removed by Index Recheck": 0, "Exact Heap Blocks": 732487, "Lossy Heap Blocks": 732487, "Plans": [{"Node Type": "Bitmap Index Scan", "Parent Relationship": "Outer", "Index Name": "idx_lineitem_shipdate", "Startup Cost": 0.0, "Total Cost": 77977.46, "Plan Rows": 2266921, "Plan Width": 0, "Actual Startup Time": 988.703, "Actual Total Time": 988.703, "Actual Rows": 2293944, "Actual Loops": 1, "Index Cond": "((l_shipdate >= '1997-07-01 00:00:00'::timestamp(0) without time zone) AND (l_shipdate < '1997-10-01 00:00:00'::timestamp without time zone))"}]}]}]}, {"Node Type": "Hash Join", "Parent Relationship": "Outer", "Join Type": "Inner", "Startup Cost": 1632447.26, "Total Cost": 1634599.78, "Plan Rows": 59380, "Plan Width": 83, "Actual Startup Time": 11898.084, "Actual Total Time": 11919.37, "Actual Rows": 1, "Actual Loops": 1, "Inner Unique": true, "Hash Cond": "(public.lineitem.l_suppkey = supplier.s_suppkey)", "Plans": [{"Node Type": "Aggregate", "Strategy": "Hashed", "Parent Relationship": "Outer", "Startup Cost": 1625862.71, "Total Cost": 1626604.96, "Plan Rows": 59380, "Plan Width": 40, "Actual Startup Time": 11786.41, "Actual Total Time": 11807.476, "Actual Rows": 1, "Actual Loops": 1, "Group By Key": ["public.lineitem.l_suppkey"], "Filter": "(sum((public.lineitem.l_extendedprice * (1::double precision - public.lineitem.l_discount))) = $0), (LLVM Optimized, Jit Execute)", "Rows Removed by Filter": 99999, "Plans": [{"Node Type": "Bitmap Heap Scan", "Parent Relationship": "Outer", "Relation Name": "lineitem", "Alias": "lineitem", "Startup Cost": 78544.19, "Total Cost": 1586191.59, "Plan Rows": 2266921, "Plan Width": 24, "Actual Startup Time": 1354.201, "Actual Total Time": 4175.715, "Actual Rows": 2293944, "Actual Loops": 1, "Recheck Cond": "((l_shipdate >= '1997-07-01 00:00:00'::timestamp(0) without time zone) AND (l_shipdate < '1997-10-01 00:00:00'::timestamp without time zone)), (LLVM Optimized, Jit Execute)", "Rows Removed by Index Recheck": 0, "Exact Heap Blocks": 732487, "Lossy Heap Blocks": 732487, "Plans": [{"Node Type": "Bitmap Index Scan", "Parent Relationship": "Outer", "Index Name": "idx_lineitem_shipdate", "Startup Cost": 0.0, "Total Cost": 77977.46, "Plan Rows": 2266921, "Plan Width": 0, "Actual Startup Time": 1002.213, "Actual Total Time": 1002.213, "Actual Rows": 2293944, "Actual Loops": 1, "Index Cond": "((l_shipdate >= '1997-07-01 00:00:00'::timestamp(0) without time zone) AND (l_shipdate < '1997-10-01 00:00:00'::timestamp without time zone))"}]}]}, {"Node Type": "Hash", "Parent Relationship": "Inner", "Startup Cost": 5334.54, "Total Cost": 5334.54, "Plan Rows": 100000, "Plan Width": 75, "Actual Startup Time": 111.402, "Actual Total Time": 111.402, "Actual Rows": 100000, "Actual Loops": 1, "Hash Buckets": 131072, "Hash Batches": 1, "Original Hash Batches": 1, "Peak Memory Usage": 10544, "Plans": [{"Node Type": "Index Scan", "Parent Relationship": "Outer", "Scan Direction": "Forward", "Index Name": "supplier_pkey", "Relation Name": "supplier", "Alias": "supplier", "Startup Cost": 0.0, "Total Cost": 5334.54, "Plan Rows": 100000, "Plan Width": 75, "Actual Startup Time": 0.044, "Actual Total Time": 74.596, "Actual Rows": 100000, "Actual Loops": 1}]}]}]}, "Triggers": [], "Planner Runtime": 0.863, "Total Runtime": 11934.472, "Unique SQL Id": 3712096918}}, "(64, '102')": {"explain_plan": {"Plan": {"Node Type": "Sort", "Startup Cost": 3247453.25, "Total Cost": 3247601.7, "Plan Rows": 59380, "Plan Width": 83, "Sort Key": ["supplier.s_suppkey"], "Plans": [{"Node Type": "Aggregate", "Strategy": "Plain", "Parent Relationship": "exec_init_plan", "Subplan Name": "InitPlan 1 (returns $0)", "Startup Cost": 1610196.85, "Total Cost": 1610196.86, "Plan Rows": 1, "Plan Width": 16, "Plans": [{"Node Type": "Aggregate", "Strategy": "Hashed", "Parent Relationship": "Outer", "Startup Cost": 1608860.8, "Total Cost": 1609454.6, "Plan Rows": 59380, "Plan Width": 32, "Group By Key": ["public.lineitem.l_suppkey"], "Plans": [{"Node Type": "Bitmap Heap Scan", "Parent Relationship": "Outer", "Relation Name": "lineitem", "Alias": "lineitem", "Startup Cost": 78544.19, "Total Cost": 1586191.59, "Plan Rows": 2266921, "Plan Width": 24, "Recheck Cond": "((l_shipdate >= '1997-07-01 00:00:00'::timestamp(0) without time zone) AND (l_shipdate < '1997-10-01 00:00:00'::timestamp without time zone)), (LLVM Optimized)", "Plans": [{"Node Type": "Bitmap Index Scan", "Parent Relationship": "Outer", "Index Name": "idx_lineitem_shipdate", "Startup Cost": 0.0, "Total Cost": 77977.46, "Plan Rows": 2266921, "Plan Width": 0, "Index Cond": "((l_shipdate >= '1997-07-01 00:00:00'::timestamp(0) without time zone) AND (l_shipdate < '1997-10-01 00:00:00'::timestamp without time zone))"}]}]}]}, {"Node Type": "Hash Join", "Parent Relationship": "Outer", "Join Type": "Inner", "Startup Cost": 1630395.71, "Total Cost": 1632548.24, "Plan Rows": 59380, "Plan Width": 83, "Inner Unique": true, "Hash Cond": "(public.lineitem.l_suppkey = supplier.s_suppkey)", "Plans": [{"Node Type": "Aggregate", "Strategy": "Hashed", "Parent Relationship": "Outer", "Startup Cost": 1625862.71, "Total Cost": 1626604.96, "Plan Rows": 59380, "Plan Width": 40, "Group By Key": ["public.lineitem.l_suppkey"], "Filter": "(sum((public.lineitem.l_extendedprice * (1::double precision - public.lineitem.l_discount))) = $0), (LLVM Optimized)", "Plans": [{"Node Type": "Bitmap Heap Scan", "Parent Relationship": "Outer", "Relation Name": "lineitem", "Alias": "lineitem", "Startup Cost": 78544.19, "Total Cost": 1586191.59, "Plan Rows": 2266921, "Plan Width": 24, "Recheck Cond": "((l_shipdate >= '1997-07-01 00:00:00'::timestamp(0) without time zone) AND (l_shipdate < '1997-10-01 00:00:00'::timestamp without time zone)), (LLVM Optimized)", "Plans": [{"Node Type": "Bitmap Index Scan", "Parent Relationship": "Outer", "Index Name": "idx_lineitem_shipdate", "Startup Cost": 0.0, "Total Cost": 77977.46, "Plan Rows": 2266921, "Plan Width": 0, "Index Cond": "((l_shipdate >= '1997-07-01 00:00:00'::timestamp(0) without time zone) AND (l_shipdate < '1997-10-01 00:00:00'::timestamp without time zone))"}]}]}, {"Node Type": "Hash", "Parent Relationship": "Inner", "Startup Cost": 3283.0, "Total Cost": 3283.0, "Plan Rows": 100000, "Plan Width": 75, "Plans": [{"Node Type": "Seq Scan", "Parent Relationship": "Outer", "Relation Name": "supplier", "Alias": "supplier", "Startup Cost": 0.0, "Total Cost": 3283.0, "Plan Rows": 100000, "Plan Width": 75}]}]}]}, "Unique SQL Id": 3712096918, "Planner Runtime": 0}, "explain_analyze_plan": {"Plan": {"Node Type": "Sort", "Startup Cost": 3247453.25, "Total Cost": 3247601.7, "Plan Rows": 59380, "Plan Width": 83, "Actual Startup Time": 11613.345, "Actual Total Time": 11613.346, "Actual Rows": 1, "Actual Loops": 1, "Sort Key": ["supplier.s_suppkey"], "Sort Method": "quicksort", "Sort Space Used": 25, "Sort Space Type": "Memory", "Plans": [{"Node Type": "Aggregate", "Strategy": "Plain", "Parent Relationship": "exec_init_plan", "Subplan Name": "InitPlan 1 (returns $0)", "Startup Cost": 1610196.85, "Total Cost": 1610196.86, "Plan Rows": 1, "Plan Width": 16, "Actual Startup Time": 5787.024, "Actual Total Time": 5787.024, "Actual Rows": 1, "Actual Loops": 1, "Plans": [{"Node Type": "Aggregate", "Strategy": "Hashed", "Parent Relationship": "Outer", "Startup Cost": 1608860.8, "Total Cost": 1609454.6, "Plan Rows": 59380, "Plan Width": 32, "Actual Startup Time": 5739.256, "Actual Total Time": 5771.891, "Actual Rows": 100000, "Actual Loops": 1, "Group By Key": ["public.lineitem.l_suppkey"], "Plans": [{"Node Type": "Bitmap Heap Scan", "Parent Relationship": "Outer", "Relation Name": "lineitem", "Alias": "lineitem", "Startup Cost": 78544.19, "Total Cost": 1586191.59, "Plan Rows": 2266921, "Plan Width": 24, "Actual Startup Time": 1210.319, "Actual Total Time": 4026.272, "Actual Rows": 2293944, "Actual Loops": 1, "Recheck Cond": "((l_shipdate >= '1997-07-01 00:00:00'::timestamp(0) without time zone) AND (l_shipdate < '1997-10-01 00:00:00'::timestamp without time zone)), (LLVM Optimized, Jit Execute)", "Rows Removed by Index Recheck": 0, "Exact Heap Blocks": 732487, "Lossy Heap Blocks": 732487, "Plans": [{"Node Type": "Bitmap Index Scan", "Parent Relationship": "Outer", "Index Name": "idx_lineitem_shipdate", "Startup Cost": 0.0, "Total Cost": 77977.46, "Plan Rows": 2266921, "Plan Width": 0, "Actual Startup Time": 919.464, "Actual Total Time": 919.464, "Actual Rows": 2293944, "Actual Loops": 1, "Index Cond": "((l_shipdate >= '1997-07-01 00:00:00'::timestamp(0) without time zone) AND (l_shipdate < '1997-10-01 00:00:00'::timestamp without time zone))"}]}]}]}, {"Node Type": "Hash Join", "Parent Relationship": "Outer", "Join Type": "Inner", "Startup Cost": 1630395.71, "Total Cost": 1632548.24, "Plan Rows": 59380, "Plan Width": 83, "Actual Startup Time": 11591.969, "Actual Total Time": 11612.914, "Actual Rows": 1, "Actual Loops": 1, "Inner Unique": true, "Hash Cond": "(public.lineitem.l_suppkey = supplier.s_suppkey)", "Plans": [{"Node Type": "Aggregate", "Strategy": "Hashed", "Parent Relationship": "Outer", "Startup Cost": 1625862.71, "Total Cost": 1626604.96, "Plan Rows": 59380, "Plan Width": 40, "Actual Startup Time": 11522.406, "Actual Total Time": 11543.11, "Actual Rows": 1, "Actual Loops": 1, "Group By Key": ["public.lineitem.l_suppkey"], "Filter": "(sum((public.lineitem.l_extendedprice * (1::double precision - public.lineitem.l_discount))) = $0), (LLVM Optimized, Jit Execute)", "Rows Removed by Filter": 99999, "Plans": [{"Node Type": "Bitmap Heap Scan", "Parent Relationship": "Outer", "Relation Name": "lineitem", "Alias": "lineitem", "Startup Cost": 78544.19, "Total Cost": 1586191.59, "Plan Rows": 2266921, "Plan Width": 24, "Actual Startup Time": 1113.498, "Actual Total Time": 3982.235, "Actual Rows": 2293944, "Actual Loops": 1, "Recheck Cond": "((l_shipdate >= '1997-07-01 00:00:00'::timestamp(0) without time zone) AND (l_shipdate < '1997-10-01 00:00:00'::timestamp without time zone)), (LLVM Optimized, Jit Execute)", "Rows Removed by Index Recheck": 0, "Exact Heap Blocks": 732487, "Lossy Heap Blocks": 732487, "Plans": [{"Node Type": "Bitmap Index Scan", "Parent Relationship": "Outer", "Index Name": "idx_lineitem_shipdate", "Startup Cost": 0.0, "Total Cost": 77977.46, "Plan Rows": 2266921, "Plan Width": 0, "Actual Startup Time": 809.559, "Actual Total Time": 809.559, "Actual Rows": 2293944, "Actual Loops": 1, "Index Cond": "((l_shipdate >= '1997-07-01 00:00:00'::timestamp(0) without time zone) AND (l_shipdate < '1997-10-01 00:00:00'::timestamp without time zone))"}]}]}, {"Node Type": "Hash", "Parent Relationship": "Inner", "Startup Cost": 3283.0, "Total Cost": 3283.0, "Plan Rows": 100000, "Plan Width": 75, "Actual Startup Time": 69.39, "Actual Total Time": 69.39, "Actual Rows": 100000, "Actual Loops": 1, "Hash Buckets": 131072, "Hash Batches": 1, "Original Hash Batches": 1, "Peak Memory Usage": 10544, "Plans": [{"Node Type": "Seq Scan", "Parent Relationship": "Outer", "Relation Name": "supplier", "Alias": "supplier", "Startup Cost": 0.0, "Total Cost": 3283.0, "Plan Rows": 100000, "Plan Width": 75, "Actual Startup Time": 0.025, "Actual Total Time": 35.975, "Actual Rows": 100000, "Actual Loops": 1}]}]}]}, "Triggers": [], "Planner Runtime": 0.86, "Total Runtime": 11626.189, "Unique SQL Id": 3712096918}}, "(64, '103')": {"explain_plan": {"Plan": {"Node Type": "Sort", "Startup Cost": 3497813.02, "Total Cost": 3497961.47, "Plan Rows": 59380, "Plan Width": 83, "Sort Key": ["supplier.s_suppkey"], "Plans": [{"Node Type": "Aggregate", "Strategy": "Plain", "Parent Relationship": "exec_init_plan", "Subplan Name": "InitPlan 1 (returns $0)", "Startup Cost": 1610196.85, "Total Cost": 1610196.86, "Plan Rows": 1, "Plan Width": 16, "Plans": [{"Node Type": "Aggregate", "Strategy": "Hashed", "Parent Relationship": "Outer", "Startup Cost": 1608860.8, "Total Cost": 1609454.6, "Plan Rows": 59380, "Plan Width": 32, "Group By Key": ["public.lineitem.l_suppkey"], "Plans": [{"Node Type": "Bitmap Heap Scan", "Parent Relationship": "Outer", "Relation Name": "lineitem", "Alias": "lineitem", "Startup Cost": 78544.19, "Total Cost": 1586191.59, "Plan Rows": 2266921, "Plan Width": 24, "Recheck Cond": "((l_shipdate >= '1997-07-01 00:00:00'::timestamp(0) without time zone) AND (l_shipdate < '1997-10-01 00:00:00'::timestamp without time zone)), (LLVM Optimized)", "Plans": [{"Node Type": "Bitmap Index Scan", "Parent Relationship": "Outer", "Index Name": "idx_lineitem_shipdate", "Startup Cost": 0.0, "Total Cost": 77977.46, "Plan Rows": 2266921, "Plan Width": 0, "Index Cond": "((l_shipdate >= '1997-07-01 00:00:00'::timestamp(0) without time zone) AND (l_shipdate < '1997-10-01 00:00:00'::timestamp without time zone))"}]}]}]}, {"Node Type": "Nested Loop", "Parent Relationship": "Outer", "Join Type": "Inner", "Startup Cost": 1625863.0, "Total Cost": 1882908.01, "Plan Rows": 59380, "Plan Width": 83, "Inner Unique": true, "Plans": [{"Node Type": "Aggregate", "Strategy": "Hashed", "Parent Relationship": "Outer", "Startup Cost": 1625862.71, "Total Cost": 1626604.96, "Plan Rows": 59380, "Plan Width": 40, "Group By Key": ["public.lineitem.l_suppkey"], "Filter": "(sum((public.lineitem.l_extendedprice * (1::double precision - public.lineitem.l_discount))) = $0), (LLVM Optimized)", "Plans": [{"Node Type": "Bitmap Heap Scan", "Parent Relationship": "Outer", "Relation Name": "lineitem", "Alias": "lineitem", "Startup Cost": 78544.19, "Total Cost": 1586191.59, "Plan Rows": 2266921, "Plan Width": 24, "Recheck Cond": "((l_shipdate >= '1997-07-01 00:00:00'::timestamp(0) without time zone) AND (l_shipdate < '1997-10-01 00:00:00'::timestamp without time zone)), (LLVM Optimized)", "Plans": [{"Node Type": "Bitmap Index Scan", "Parent Relationship": "Outer", "Index Name": "idx_lineitem_shipdate", "Startup Cost": 0.0, "Total Cost": 77977.46, "Plan Rows": 2266921, "Plan Width": 0, "Index Cond": "((l_shipdate >= '1997-07-01 00:00:00'::timestamp(0) without time zone) AND (l_shipdate < '1997-10-01 00:00:00'::timestamp without time zone))"}]}]}, {"Node Type": "Bitmap Heap Scan", "Parent Relationship": "Inner", "Relation Name": "supplier", "Alias": "supplier", "Startup Cost": 0.28, "Total Cost": 4.3, "Plan Rows": 1, "Plan Width": 75, "Recheck Cond": "(s_suppkey = public.lineitem.l_suppkey)", "Plans": [{"Node Type": "Bitmap Index Scan", "Parent Relationship": "Outer", "Index Name": "supplier_pkey", "Startup Cost": 0.0, "Total Cost": 0.28, "Plan Rows": 1, "Plan Width": 0, "Index Cond": "(s_suppkey = public.lineitem.l_suppkey)"}]}]}]}, "Unique SQL Id": 3712096918, "Planner Runtime": 1}, "explain_analyze_plan": {"Plan": {"Node Type": "Sort", "Startup Cost": 3497813.02, "Total Cost": 3497961.47, "Plan Rows": 59380, "Plan Width": 83, "Actual Startup Time": 11573.67, "Actual Total Time": 11573.671, "Actual Rows": 1, "Actual Loops": 1, "Sort Key": ["supplier.s_suppkey"], "Sort Method": "quicksort", "Sort Space Used": 25, "Sort Space Type": "Memory", "Plans": [{"Node Type": "Aggregate", "Strategy": "Plain", "Parent Relationship": "exec_init_plan", "Subplan Name": "InitPlan 1 (returns $0)", "Startup Cost": 1610196.85, "Total Cost": 1610196.86, "Plan Rows": 1, "Plan Width": 16, "Actual Startup Time": 5810.994, "Actual Total Time": 5810.994, "Actual Rows": 1, "Actual Loops": 1, "Plans": [{"Node Type": "Aggregate", "Strategy": "Hashed", "Parent Relationship": "Outer", "Startup Cost": 1608860.8, "Total Cost": 1609454.6, "Plan Rows": 59380, "Plan Width": 32, "Actual Startup Time": 5762.308, "Actual Total Time": 5795.992, "Actual Rows": 100000, "Actual Loops": 1, "Group By Key": ["public.lineitem.l_suppkey"], "Plans": [{"Node Type": "Bitmap Heap Scan", "Parent Relationship": "Outer", "Relation Name": "lineitem", "Alias": "lineitem", "Startup Cost": 78544.19, "Total Cost": 1586191.59, "Plan Rows": 2266921, "Plan Width": 24, "Actual Startup Time": 1233.691, "Actual Total Time": 4071.08, "Actual Rows": 2293944, "Actual Loops": 1, "Recheck Cond": "((l_shipdate >= '1997-07-01 00:00:00'::timestamp(0) without time zone) AND (l_shipdate < '1997-10-01 00:00:00'::timestamp without time zone)), (LLVM Optimized, Jit Execute)", "Rows Removed by Index Recheck": 0, "Exact Heap Blocks": 732487, "Lossy Heap Blocks": 732487, "Plans": [{"Node Type": "Bitmap Index Scan", "Parent Relationship": "Outer", "Index Name": "idx_lineitem_shipdate", "Startup Cost": 0.0, "Total Cost": 77977.46, "Plan Rows": 2266921, "Plan Width": 0, "Actual Startup Time": 943.405, "Actual Total Time": 943.405, "Actual Rows": 2293944, "Actual Loops": 1, "Index Cond": "((l_shipdate >= '1997-07-01 00:00:00'::timestamp(0) without time zone) AND (l_shipdate < '1997-10-01 00:00:00'::timestamp without time zone))"}]}]}]}, {"Node Type": "Nested Loop", "Parent Relationship": "Outer", "Join Type": "Inner", "Startup Cost": 1625863.0, "Total Cost": 1882908.01, "Plan Rows": 59380, "Plan Width": 83, "Actual Startup Time": 11554.935, "Actual Total Time": 11573.643, "Actual Rows": 1, "Actual Loops": 1, "Inner Unique": true, "Plans": [{"Node Type": "Aggregate", "Strategy": "Hashed", "Parent Relationship": "Outer", "Startup Cost": 1625862.71, "Total Cost": 1626604.96, "Plan Rows": 59380, "Plan Width": 40, "Actual Startup Time": 11554.824, "Actual Total Time": 11573.326, "Actual Rows": 1, "Actual Loops": 1, "Group By Key": ["public.lineitem.l_suppkey"], "Filter": "(sum((public.lineitem.l_extendedprice * (1::double precision - public.lineitem.l_discount))) = $0), (LLVM Optimized, Jit Execute)", "Rows Removed by Filter": 99999, "Plans": [{"Node Type": "Bitmap Heap Scan", "Parent Relationship": "Outer", "Relation Name": "lineitem", "Alias": "lineitem", "Startup Cost": 78544.19, "Total Cost": 1586191.59, "Plan Rows": 2266921, "Plan Width": 24, "Actual Startup Time": 1251.575, "Actual Total Time": 4123.103, "Actual Rows": 2293944, "Actual Loops": 1, "Recheck Cond": "((l_shipdate >= '1997-07-01 00:00:00'::timestamp(0) without time zone) AND (l_shipdate < '1997-10-01 00:00:00'::timestamp without time zone)), (LLVM Optimized, Jit Execute)", "Rows Removed by Index Recheck": 0, "Exact Heap Blocks": 732487, "Lossy Heap Blocks": 732487, "Plans": [{"Node Type": "Bitmap Index Scan", "Parent Relationship": "Outer", "Index Name": "idx_lineitem_shipdate", "Startup Cost": 0.0, "Total Cost": 77977.46, "Plan Rows": 2266921, "Plan Width": 0, "Actual Startup Time": 951.166, "Actual Total Time": 951.166, "Actual Rows": 2293944, "Actual Loops": 1, "Index Cond": "((l_shipdate >= '1997-07-01 00:00:00'::timestamp(0) without time zone) AND (l_shipdate < '1997-10-01 00:00:00'::timestamp without time zone))"}]}]}, {"Node Type": "Bitmap Heap Scan", "Parent Relationship": "Inner", "Relation Name": "supplier", "Alias": "supplier", "Startup Cost": 0.28, "Total Cost": 4.3, "Plan Rows": 1, "Plan Width": 75, "Actual Startup Time": 0.082, "Actual Total Time": 0.082, "Actual Rows": 1, "Actual Loops": 1, "Recheck Cond": "(s_suppkey = public.lineitem.l_suppkey)", "Rows Removed by Index Recheck": 0, "Exact Heap Blocks": 1, "Lossy Heap Blocks": 1, "Plans": [{"Node Type": "Bitmap Index Scan", "Parent Relationship": "Outer", "Index Name": "supplier_pkey", "Startup Cost": 0.0, "Total Cost": 0.28, "Plan Rows": 1, "Plan Width": 0, "Actual Startup Time": 0.037, "Actual Total Time": 0.037, "Actual Rows": 1, "Actual Loops": 1, "Index Cond": "(s_suppkey = public.lineitem.l_suppkey)"}]}]}]}, "Triggers": [], "Planner Runtime": 0.887, "Total Runtime": 11586.661, "Unique SQL Id": 3712096918}}, "(64, '104')": {"explain_plan": {"Plan": {"Node Type": "Sort", "Startup Cost": 4727127.98, "Total Cost": 4727276.43, "Plan Rows": 59380, "Plan Width": 83, "Sort Key": ["supplier.s_suppkey"], "Plans": [{"Node Type": "Aggregate", "Strategy": "Plain", "Parent Relationship": "exec_init_plan", "Subplan Name": "InitPlan 1 (returns $0)", "Startup Cost": 2339055.76, "Total Cost": 2339055.77, "Plan Rows": 1, "Plan Width": 16, "Plans": [{"Node Type": "Aggregate", "Strategy": "Hashed", "Parent Relationship": "Outer", "Startup Cost": 2337719.71, "Total Cost": 2338313.51, "Plan Rows": 59380, "Plan Width": 32, "Group By Key": ["public.lineitem.l_suppkey"], "Plans": [{"Node Type": "Seq Scan", "Parent Relationship": "Outer", "Relation Name": "lineitem", "Alias": "lineitem", "Startup Cost": 25.32, "Total Cost": 2315050.5, "Plan Rows": 2266921, "Plan Width": 24, "Filter": "((l_shipdate >= '1997-07-01 00:00:00'::timestamp(0) without time zone) AND (l_shipdate < '1997-10-01 00:00:00'::timestamp without time zone)), (LLVM Optimized)"}]}]}, {"Node Type": "Nested Loop", "Parent Relationship": "Outer", "Join Type": "Inner", "Startup Cost": 2354721.61, "Total Cost": 2383364.06, "Plan Rows": 59380, "Plan Width": 83, "Inner Unique": true, "Plans": [{"Node Type": "Aggregate", "Strategy": "Hashed", "Parent Relationship": "Outer", "Startup Cost": 2354721.61, "Total Cost": 2355463.86, "Plan Rows": 59380, "Plan Width": 40, "Group By Key": ["public.lineitem.l_suppkey"], "Filter": "(sum((public.lineitem.l_extendedprice * (1::double precision - public.lineitem.l_discount))) = $0), (LLVM Optimized)", "Plans": [{"Node Type": "Seq Scan", "Parent Relationship": "Outer", "Relation Name": "lineitem", "Alias": "lineitem", "Startup Cost": 25.32, "Total Cost": 2315050.5, "Plan Rows": 2266921, "Plan Width": 24, "Filter": "((l_shipdate >= '1997-07-01 00:00:00'::timestamp(0) without time zone) AND (l_shipdate < '1997-10-01 00:00:00'::timestamp without time zone)), (LLVM Optimized)"}]}, {"Node Type": "Index Scan", "Parent Relationship": "Inner", "Scan Direction": "Forward", "Index Name": "supplier_pkey", "Relation Name": "supplier", "Alias": "supplier", "Startup Cost": 0.0, "Total Cost": 0.45, "Plan Rows": 1, "Plan Width": 75, "Index Cond": "(s_suppkey = public.lineitem.l_suppkey)"}]}]}, "Unique SQL Id": 3712096918, "Planner Runtime": 1}, "explain_analyze_plan": null}, "(64, '105')": {"explain_plan": {"Plan": {"Node Type": "Sort", "Startup Cost": 10368528.3, "Total Cost": 10368676.75, "Plan Rows": 59380, "Plan Width": 83, "Sort Key": ["supplier.s_suppkey"], "Plans": [{"Node Type": "Aggregate", "Strategy": "Plain", "Parent Relationship": "exec_init_plan", "Subplan Name": "InitPlan 1 (returns $0)", "Startup Cost": 5159755.92, "Total Cost": 5159755.93, "Plan Rows": 1, "Plan Width": 16, "Plans": [{"Node Type": "Aggregate", "Strategy": "Hashed", "Parent Relationship": "Outer", "Startup Cost": 5158419.87, "Total Cost": 5159013.67, "Plan Rows": 59380, "Plan Width": 32, "Group By Key": ["public.lineitem.l_suppkey"], "Plans": [{"Node Type": "Index Scan", "Parent Relationship": "Outer", "Scan Direction": "Forward", "Index Name": "idx_lineitem_shipdate", "Relation Name": "lineitem", "Alias": "lineitem", "Startup Cost": 0.0, "Total Cost": 5135750.66, "Plan Rows": 2266921, "Plan Width": 24, "Index Cond": "((l_shipdate >= '1997-07-01 00:00:00'::timestamp(0) without time zone) AND (l_shipdate < '1997-10-01 00:00:00'::timestamp without time zone)), (LLVM Optimized)"}]}]}, {"Node Type": "Nested Loop", "Parent Relationship": "Outer", "Join Type": "Inner", "Startup Cost": 5175421.77, "Total Cost": 5204064.22, "Plan Rows": 59380, "Plan Width": 83, "Inner Unique": true, "Plans": [{"Node Type": "Aggregate", "Strategy": "Hashed", "Parent Relationship": "Outer", "Startup Cost": 5175421.77, "Total Cost": 5176164.02, "Plan Rows": 59380, "Plan Width": 40, "Group By Key": ["public.lineitem.l_suppkey"], "Filter": "(sum((public.lineitem.l_extendedprice * (1::double precision - public.lineitem.l_discount))) = $0), (LLVM Optimized)", "Plans": [{"Node Type": "Index Scan", "Parent Relationship": "Outer", "Scan Direction": "Forward", "Index Name": "idx_lineitem_shipdate", "Relation Name": "lineitem", "Alias": "lineitem", "Startup Cost": 0.0, "Total Cost": 5135750.66, "Plan Rows": 2266921, "Plan Width": 24, "Index Cond": "((l_shipdate >= '1997-07-01 00:00:00'::timestamp(0) without time zone) AND (l_shipdate < '1997-10-01 00:00:00'::timestamp without time zone)), (LLVM Optimized)"}]}, {"Node Type": "Index Scan", "Parent Relationship": "Inner", "Scan Direction": "Forward", "Index Name": "supplier_pkey", "Relation Name": "supplier", "Alias": "supplier", "Startup Cost": 0.0, "Total Cost": 0.45, "Plan Rows": 1, "Plan Width": 75, "Index Cond": "(s_suppkey = public.lineitem.l_suppkey)"}]}]}, "Unique SQL Id": 3712096918, "Planner Runtime": 0}, "explain_analyze_plan": {"Plan": {"Node Type": "Sort", "Startup Cost": 10368528.3, "Total Cost": 10368676.75, "Plan Rows": 59380, "Plan Width": 83, "Actual Startup Time": 15872.593, "Actual Total Time": 15872.595, "Actual Rows": 1, "Actual Loops": 1, "Sort Key": ["supplier.s_suppkey"], "Sort Method": "quicksort", "Sort Space Used": 25, "Sort Space Type": "Memory", "Plans": [{"Node Type": "Aggregate", "Strategy": "Plain", "Parent Relationship": "exec_init_plan", "Subplan Name": "InitPlan 1 (returns $0)", "Startup Cost": 5159755.92, "Total Cost": 5159755.93, "Plan Rows": 1, "Plan Width": 16, "Actual Startup Time": 7911.817, "Actual Total Time": 7911.817, "Actual Rows": 1, "Actual Loops": 1, "Plans": [{"Node Type": "Aggregate", "Strategy": "Hashed", "Parent Relationship": "Outer", "Startup Cost": 5158419.87, "Total Cost": 5159013.67, "Plan Rows": 59380, "Plan Width": 32, "Actual Startup Time": 7867.048, "Actual Total Time": 7896.699, "Actual Rows": 100000, "Actual Loops": 1, "Group By Key": ["public.lineitem.l_suppkey"], "Plans": [{"Node Type": "Index Scan", "Parent Relationship": "Outer", "Scan Direction": "Forward", "Index Name": "idx_lineitem_shipdate", "Relation Name": "lineitem", "Alias": "lineitem", "Startup Cost": 0.0, "Total Cost": 5135750.66, "Plan Rows": 2266921, "Plan Width": 24, "Actual Startup Time": 0.062, "Actual Total Time": 5871.631, "Actual Rows": 2293944, "Actual Loops": 1, "Index Cond": "((l_shipdate >= '1997-07-01 00:00:00'::timestamp(0) without time zone) AND (l_shipdate < '1997-10-01 00:00:00'::timestamp without time zone)), (LLVM Optimized, Jit Execute)", "Rows Removed by Index Recheck": 0}]}]}, {"Node Type": "Nested Loop", "Parent Relationship": "Outer", "Join Type": "Inner", "Startup Cost": 5175421.77, "Total Cost": 5204064.22, "Plan Rows": 59380, "Plan Width": 83, "Actual Startup Time": 15853.79, "Actual Total Time": 15872.562, "Actual Rows": 1, "Actual Loops": 1, "Inner Unique": true, "Plans": [{"Node Type": "Aggregate", "Strategy": "Hashed", "Parent Relationship": "Outer", "Startup Cost": 5175421.77, "Total Cost": 5176164.02, "Plan Rows": 59380, "Plan Width": 40, "Actual Startup Time": 15853.725, "Actual Total Time": 15872.285, "Actual Rows": 1, "Actual Loops": 1, "Group By Key": ["public.lineitem.l_suppkey"], "Filter": "(sum((public.lineitem.l_extendedprice * (1::double precision - public.lineitem.l_discount))) = $0), (LLVM Optimized, Jit Execute)", "Rows Removed by Filter": 99999, "Plans": [{"Node Type": "Index Scan", "Parent Relationship": "Outer", "Scan Direction": "Forward", "Index Name": "idx_lineitem_shipdate", "Relation Name": "lineitem", "Alias": "lineitem", "Startup Cost": 0.0, "Total Cost": 5135750.66, "Plan Rows": 2266921, "Plan Width": 24, "Actual Startup Time": 0.067, "Actual Total Time": 5918.777, "Actual Rows": 2293944, "Actual Loops": 1, "Index Cond": "((l_shipdate >= '1997-07-01 00:00:00'::timestamp(0) without time zone) AND (l_shipdate < '1997-10-01 00:00:00'::timestamp without time zone)), (LLVM Optimized, Jit Execute)", "Rows Removed by Index Recheck": 0}]}, {"Node Type": "Index Scan", "Parent Relationship": "Inner", "Scan Direction": "Forward", "Index Name": "supplier_pkey", "Relation Name": "supplier", "Alias": "supplier", "Startup Cost": 0.0, "Total Cost": 0.45, "Plan Rows": 1, "Plan Width": 75, "Actual Startup Time": 0.043, "Actual Total Time": 0.043, "Actual Rows": 1, "Actual Loops": 1, "Index Cond": "(s_suppkey = public.lineitem.l_suppkey)", "Rows Removed by Index Recheck": 0}]}]}, "Triggers": [], "Planner Runtime": 0.856, "Total Runtime": 15883.863, "Unique SQL Id": 3712096918}}, "(64, '106')": {"explain_plan": {"Plan": {"Node Type": "Sort", "Startup Cost": 4705171.05, "Total Cost": 4705319.5, "Plan Rows": 59380, "Plan Width": 83, "Sort Key": ["supplier.s_suppkey"], "Plans": [{"Node Type": "Aggregate", "Strategy": "Plain", "Parent Relationship": "exec_init_plan", "Subplan Name": "InitPlan 1 (returns $0)", "Startup Cost": 2339055.76, "Total Cost": 2339055.77, "Plan Rows": 1, "Plan Width": 16, "Plans": [{"Node Type": "Aggregate", "Strategy": "Hashed", "Parent Relationship": "Outer", "Startup Cost": 2337719.71, "Total Cost": 2338313.51, "Plan Rows": 59380, "Plan Width": 32, "Group By Key": ["public.lineitem.l_suppkey"], "Plans": [{"Node Type": "Seq Scan", "Parent Relationship": "Outer", "Relation Name": "lineitem", "Alias": "lineitem", "Startup Cost": 25.32, "Total Cost": 2315050.5, "Plan Rows": 2266921, "Plan Width": 24, "Filter": "((l_shipdate >= '1997-07-01 00:00:00'::timestamp(0) without time zone) AND (l_shipdate < '1997-10-01 00:00:00'::timestamp without time zone)), (LLVM Optimized)"}]}]}, {"Node Type": "Hash Join", "Parent Relationship": "Outer", "Join Type": "Inner", "Startup Cost": 2359254.61, "Total Cost": 2361407.14, "Plan Rows": 59380, "Plan Width": 83, "Inner Unique": true, "Hash Cond": "(public.lineitem.l_suppkey = supplier.s_suppkey)", "Plans": [{"Node Type": "Aggregate", "Strategy": "Hashed", "Parent Relationship": "Outer", "Startup Cost": 2354721.61, "Total Cost": 2355463.86, "Plan Rows": 59380, "Plan Width": 40, "Group By Key": ["public.lineitem.l_suppkey"], "Filter": "(sum((public.lineitem.l_extendedprice * (1::double precision - public.lineitem.l_discount))) = $0), (LLVM Optimized)", "Plans": [{"Node Type": "Seq Scan", "Parent Relationship": "Outer", "Relation Name": "lineitem", "Alias": "lineitem", "Startup Cost": 25.32, "Total Cost": 2315050.5, "Plan Rows": 2266921, "Plan Width": 24, "Filter": "((l_shipdate >= '1997-07-01 00:00:00'::timestamp(0) without time zone) AND (l_shipdate < '1997-10-01 00:00:00'::timestamp without time zone)), (LLVM Optimized)"}]}, {"Node Type": "Hash", "Parent Relationship": "Inner", "Startup Cost": 3283.0, "Total Cost": 3283.0, "Plan Rows": 100000, "Plan Width": 75, "Plans": [{"Node Type": "Seq Scan", "Parent Relationship": "Outer", "Relation Name": "supplier", "Alias": "supplier", "Startup Cost": 0.0, "Total Cost": 3283.0, "Plan Rows": 100000, "Plan Width": 75}]}]}]}, "Unique SQL Id": 3712096918, "Planner Runtime": 0}, "explain_analyze_plan": null}, "(64, '107')": {"explain_plan": {"Plan": {"Node Type": "Sort", "Startup Cost": 3000463651985.02, "Total Cost": 3000463652133.47, "Plan Rows": 59380, "Plan Width": 83, "Sort Key": ["supplier.s_suppkey"], "Plans": [{"Node Type": "Aggregate", "Strategy": "Plain", "Parent Relationship": "exec_init_plan", "Subplan Name": "InitPlan 1 (returns $0)", "Startup Cost": 1000231529054.76, "Total Cost": 1000231529054.77, "Plan Rows": 1, "Plan Width": 16, "Plans": [{"Node Type": "Aggregate", "Strategy": "Hashed", "Parent Relationship": "Outer", "Startup Cost": 1000231527718.71, "Total Cost": 1000231528312.51, "Plan Rows": 59380, "Plan Width": 32, "Group By Key": ["public.lineitem.l_suppkey"], "Plans": [{"Node Type": "Seq Scan", "Parent Relationship": "Outer", "Relation Name": "lineitem", "Alias": "lineitem", "Startup Cost": 10000000025.02, "Total Cost": 1000231505049.5, "Plan Rows": 2266921, "Plan Width": 24, "Filter": "((l_shipdate >= '1997-07-01 00:00:00'::timestamp(0) without time zone) AND (l_shipdate < '1997-10-01 00:00:00'::timestamp without time zone)), (LLVM Optimized)"}]}]}, {"Node Type": "Hash Join", "Parent Relationship": "Outer", "Join Type": "Inner", "Startup Cost": 1010231546798.92, "Total Cost": 2000232118222.1, "Plan Rows": 59380, "Plan Width": 83, "Inner Unique": true, "Hash Cond": "(supplier.s_suppkey = revenue0.supplier_no)", "Plans": [{"Node Type": "Index Scan", "Parent Relationship": "Outer", "Scan Direction": "Forward", "Index Name": "supplier_pkey", "Relation Name": "supplier", "Alias": "supplier", "Startup Cost": 10000000000.0, "Total Cost": 1000000533454.38, "Plan Rows": 100000, "Plan Width": 75}, {"Node Type": "Hash", "Parent Relationship": "Inner", "Startup Cost": 1000231546056.67, "Total Cost": 1000231546056.67, "Plan Rows": 59380, "Plan Width": 16, "Plans": [{"Node Type": "Subquery Scan", "Parent Relationship": "Outer", "Alias": "revenue0", "Startup Cost": 1000231544720.62, "Total Cost": 1000231546056.67, "Plan Rows": 59380, "Plan Width": 16, "Plans": [{"Node Type": "Aggregate", "Strategy": "Hashed", "Parent Relationship": "Subquery", "Startup Cost": 1000231544720.62, "Total Cost": 1000231545462.87, "Plan Rows": 59380, "Plan Width": 40, "Group By Key": ["public.lineitem.l_suppkey"], "Filter": "(sum((public.lineitem.l_extendedprice * (1::double precision - public.lineitem.l_discount))) = $0), (LLVM Optimized)", "Plans": [{"Node Type": "Seq Scan", "Parent Relationship": "Outer", "Relation Name": "lineitem", "Alias": "lineitem", "Startup Cost": 10000000025.02, "Total Cost": 1000231505049.5, "Plan Rows": 2266921, "Plan Width": 24, "Filter": "((l_shipdate >= '1997-07-01 00:00:00'::timestamp(0) without time zone) AND (l_shipdate < '1997-10-01 00:00:00'::timestamp without time zone)), (LLVM Optimized)"}]}]}]}]}]}, "Unique SQL Id": 3712096918, "Planner Runtime": 0}, "explain_analyze_plan": null}, "(64, '108')": {"explain_plan": {"Plan": {"Node Type": "Sort", "Startup Cost": 4727127.98, "Total Cost": 4727276.43, "Plan Rows": 59380, "Plan Width": 83, "Sort Key": ["supplier.s_suppkey"], "Plans": [{"Node Type": "Aggregate", "Strategy": "Plain", "Parent Relationship": "exec_init_plan", "Subplan Name": "InitPlan 1 (returns $0)", "Startup Cost": 2339055.76, "Total Cost": 2339055.77, "Plan Rows": 1, "Plan Width": 16, "Plans": [{"Node Type": "Aggregate", "Strategy": "Hashed", "Parent Relationship": "Outer", "Startup Cost": 2337719.71, "Total Cost": 2338313.51, "Plan Rows": 59380, "Plan Width": 32, "Group By Key": ["public.lineitem.l_suppkey"], "Plans": [{"Node Type": "Seq Scan", "Parent Relationship": "Outer", "Relation Name": "lineitem", "Alias": "lineitem", "Startup Cost": 25.32, "Total Cost": 2315050.5, "Plan Rows": 2266921, "Plan Width": 24, "Filter": "((l_shipdate >= '1997-07-01 00:00:00'::timestamp(0) without time zone) AND (l_shipdate < '1997-10-01 00:00:00'::timestamp without time zone)), (LLVM Optimized)"}]}]}, {"Node Type": "Nested Loop", "Parent Relationship": "Outer", "Join Type": "Inner", "Startup Cost": 2354721.61, "Total Cost": 2383364.06, "Plan Rows": 59380, "Plan Width": 83, "Inner Unique": true, "Plans": [{"Node Type": "Aggregate", "Strategy": "Hashed", "Parent Relationship": "Outer", "Startup Cost": 2354721.61, "Total Cost": 2355463.86, "Plan Rows": 59380, "Plan Width": 40, "Group By Key": ["public.lineitem.l_suppkey"], "Filter": "(sum((public.lineitem.l_extendedprice * (1::double precision - public.lineitem.l_discount))) = $0), (LLVM Optimized)", "Plans": [{"Node Type": "Seq Scan", "Parent Relationship": "Outer", "Relation Name": "lineitem", "Alias": "lineitem", "Startup Cost": 25.32, "Total Cost": 2315050.5, "Plan Rows": 2266921, "Plan Width": 24, "Filter": "((l_shipdate >= '1997-07-01 00:00:00'::timestamp(0) without time zone) AND (l_shipdate < '1997-10-01 00:00:00'::timestamp without time zone)), (LLVM Optimized)"}]}, {"Node Type": "Index Scan", "Parent Relationship": "Inner", "Scan Direction": "Forward", "Index Name": "supplier_pkey", "Relation Name": "supplier", "Alias": "supplier", "Startup Cost": 0.0, "Total Cost": 0.45, "Plan Rows": 1, "Plan Width": 75, "Index Cond": "(s_suppkey = public.lineitem.l_suppkey)"}]}]}, "Unique SQL Id": 3712096918, "Planner Runtime": 1}, "explain_analyze_plan": null}, "(64, '109')": {"explain_plan": {"Plan": {"Node Type": "Sort", "Startup Cost": 10368528.3, "Total Cost": 10368676.75, "Plan Rows": 59380, "Plan Width": 83, "Sort Key": ["supplier.s_suppkey"], "Plans": [{"Node Type": "Aggregate", "Strategy": "Plain", "Parent Relationship": "exec_init_plan", "Subplan Name": "InitPlan 1 (returns $0)", "Startup Cost": 5159755.92, "Total Cost": 5159755.93, "Plan Rows": 1, "Plan Width": 16, "Plans": [{"Node Type": "Aggregate", "Strategy": "Hashed", "Parent Relationship": "Outer", "Startup Cost": 5158419.87, "Total Cost": 5159013.67, "Plan Rows": 59380, "Plan Width": 32, "Group By Key": ["public.lineitem.l_suppkey"], "Plans": [{"Node Type": "Index Scan", "Parent Relationship": "Outer", "Scan Direction": "Forward", "Index Name": "idx_lineitem_shipdate", "Relation Name": "lineitem", "Alias": "lineitem", "Startup Cost": 0.0, "Total Cost": 5135750.66, "Plan Rows": 2266921, "Plan Width": 24, "Index Cond": "((l_shipdate >= '1997-07-01 00:00:00'::timestamp(0) without time zone) AND (l_shipdate < '1997-10-01 00:00:00'::timestamp without time zone)), (LLVM Optimized)"}]}]}, {"Node Type": "Nested Loop", "Parent Relationship": "Outer", "Join Type": "Inner", "Startup Cost": 5175421.77, "Total Cost": 5204064.22, "Plan Rows": 59380, "Plan Width": 83, "Inner Unique": true, "Plans": [{"Node Type": "Aggregate", "Strategy": "Hashed", "Parent Relationship": "Outer", "Startup Cost": 5175421.77, "Total Cost": 5176164.02, "Plan Rows": 59380, "Plan Width": 40, "Group By Key": ["public.lineitem.l_suppkey"], "Filter": "(sum((public.lineitem.l_extendedprice * (1::double precision - public.lineitem.l_discount))) = $0), (LLVM Optimized)", "Plans": [{"Node Type": "Index Scan", "Parent Relationship": "Outer", "Scan Direction": "Forward", "Index Name": "idx_lineitem_shipdate", "Relation Name": "lineitem", "Alias": "lineitem", "Startup Cost": 0.0, "Total Cost": 5135750.66, "Plan Rows": 2266921, "Plan Width": 24, "Index Cond": "((l_shipdate >= '1997-07-01 00:00:00'::timestamp(0) without time zone) AND (l_shipdate < '1997-10-01 00:00:00'::timestamp without time zone)), (LLVM Optimized)"}]}, {"Node Type": "Index Scan", "Parent Relationship": "Inner", "Scan Direction": "Forward", "Index Name": "supplier_pkey", "Relation Name": "supplier", "Alias": "supplier", "Startup Cost": 0.0, "Total Cost": 0.45, "Plan Rows": 1, "Plan Width": 75, "Index Cond": "(s_suppkey = public.lineitem.l_suppkey)"}]}]}, "Unique SQL Id": 3712096918, "Planner Runtime": 0}, "explain_analyze_plan": {"Plan": {"Node Type": "Sort", "Startup Cost": 10368528.3, "Total Cost": 10368676.75, "Plan Rows": 59380, "Plan Width": 83, "Actual Startup Time": 15872.593, "Actual Total Time": 15872.595, "Actual Rows": 1, "Actual Loops": 1, "Sort Key": ["supplier.s_suppkey"], "Sort Method": "quicksort", "Sort Space Used": 25, "Sort Space Type": "Memory", "Plans": [{"Node Type": "Aggregate", "Strategy": "Plain", "Parent Relationship": "exec_init_plan", "Subplan Name": "InitPlan 1 (returns $0)", "Startup Cost": 5159755.92, "Total Cost": 5159755.93, "Plan Rows": 1, "Plan Width": 16, "Actual Startup Time": 7911.817, "Actual Total Time": 7911.817, "Actual Rows": 1, "Actual Loops": 1, "Plans": [{"Node Type": "Aggregate", "Strategy": "Hashed", "Parent Relationship": "Outer", "Startup Cost": 5158419.87, "Total Cost": 5159013.67, "Plan Rows": 59380, "Plan Width": 32, "Actual Startup Time": 7867.048, "Actual Total Time": 7896.699, "Actual Rows": 100000, "Actual Loops": 1, "Group By Key": ["public.lineitem.l_suppkey"], "Plans": [{"Node Type": "Index Scan", "Parent Relationship": "Outer", "Scan Direction": "Forward", "Index Name": "idx_lineitem_shipdate", "Relation Name": "lineitem", "Alias": "lineitem", "Startup Cost": 0.0, "Total Cost": 5135750.66, "Plan Rows": 2266921, "Plan Width": 24, "Actual Startup Time": 0.062, "Actual Total Time": 5871.631, "Actual Rows": 2293944, "Actual Loops": 1, "Index Cond": "((l_shipdate >= '1997-07-01 00:00:00'::timestamp(0) without time zone) AND (l_shipdate < '1997-10-01 00:00:00'::timestamp without time zone)), (LLVM Optimized, Jit Execute)", "Rows Removed by Index Recheck": 0}]}]}, {"Node Type": "Nested Loop", "Parent Relationship": "Outer", "Join Type": "Inner", "Startup Cost": 5175421.77, "Total Cost": 5204064.22, "Plan Rows": 59380, "Plan Width": 83, "Actual Startup Time": 15853.79, "Actual Total Time": 15872.562, "Actual Rows": 1, "Actual Loops": 1, "Inner Unique": true, "Plans": [{"Node Type": "Aggregate", "Strategy": "Hashed", "Parent Relationship": "Outer", "Startup Cost": 5175421.77, "Total Cost": 5176164.02, "Plan Rows": 59380, "Plan Width": 40, "Actual Startup Time": 15853.725, "Actual Total Time": 15872.285, "Actual Rows": 1, "Actual Loops": 1, "Group By Key": ["public.lineitem.l_suppkey"], "Filter": "(sum((public.lineitem.l_extendedprice * (1::double precision - public.lineitem.l_discount))) = $0), (LLVM Optimized, Jit Execute)", "Rows Removed by Filter": 99999, "Plans": [{"Node Type": "Index Scan", "Parent Relationship": "Outer", "Scan Direction": "Forward", "Index Name": "idx_lineitem_shipdate", "Relation Name": "lineitem", "Alias": "lineitem", "Startup Cost": 0.0, "Total Cost": 5135750.66, "Plan Rows": 2266921, "Plan Width": 24, "Actual Startup Time": 0.067, "Actual Total Time": 5918.777, "Actual Rows": 2293944, "Actual Loops": 1, "Index Cond": "((l_shipdate >= '1997-07-01 00:00:00'::timestamp(0) without time zone) AND (l_shipdate < '1997-10-01 00:00:00'::timestamp without time zone)), (LLVM Optimized, Jit Execute)", "Rows Removed by Index Recheck": 0}]}, {"Node Type": "Index Scan", "Parent Relationship": "Inner", "Scan Direction": "Forward", "Index Name": "supplier_pkey", "Relation Name": "supplier", "Alias": "supplier", "Startup Cost": 0.0, "Total Cost": 0.45, "Plan Rows": 1, "Plan Width": 75, "Actual Startup Time": 0.043, "Actual Total Time": 0.043, "Actual Rows": 1, "Actual Loops": 1, "Index Cond": "(s_suppkey = public.lineitem.l_suppkey)", "Rows Removed by Index Recheck": 0}]}]}, "Triggers": [], "Planner Runtime": 0.856, "Total Runtime": 15883.863, "Unique SQL Id": 3712096918}}, "(64, '110')": {"explain_plan": {"Plan": {"Node Type": "Sort", "Startup Cost": 4705171.05, "Total Cost": 4705319.5, "Plan Rows": 59380, "Plan Width": 83, "Sort Key": ["supplier.s_suppkey"], "Plans": [{"Node Type": "Aggregate", "Strategy": "Plain", "Parent Relationship": "exec_init_plan", "Subplan Name": "InitPlan 1 (returns $0)", "Startup Cost": 2339055.76, "Total Cost": 2339055.77, "Plan Rows": 1, "Plan Width": 16, "Plans": [{"Node Type": "Aggregate", "Strategy": "Hashed", "Parent Relationship": "Outer", "Startup Cost": 2337719.71, "Total Cost": 2338313.51, "Plan Rows": 59380, "Plan Width": 32, "Group By Key": ["public.lineitem.l_suppkey"], "Plans": [{"Node Type": "Seq Scan", "Parent Relationship": "Outer", "Relation Name": "lineitem", "Alias": "lineitem", "Startup Cost": 25.32, "Total Cost": 2315050.5, "Plan Rows": 2266921, "Plan Width": 24, "Filter": "((l_shipdate >= '1997-07-01 00:00:00'::timestamp(0) without time zone) AND (l_shipdate < '1997-10-01 00:00:00'::timestamp without time zone)), (LLVM Optimized)"}]}]}, {"Node Type": "Hash Join", "Parent Relationship": "Outer", "Join Type": "Inner", "Startup Cost": 2359254.61, "Total Cost": 2361407.14, "Plan Rows": 59380, "Plan Width": 83, "Inner Unique": true, "Hash Cond": "(public.lineitem.l_suppkey = supplier.s_suppkey)", "Plans": [{"Node Type": "Aggregate", "Strategy": "Hashed", "Parent Relationship": "Outer", "Startup Cost": 2354721.61, "Total Cost": 2355463.86, "Plan Rows": 59380, "Plan Width": 40, "Group By Key": ["public.lineitem.l_suppkey"], "Filter": "(sum((public.lineitem.l_extendedprice * (1::double precision - public.lineitem.l_discount))) = $0), (LLVM Optimized)", "Plans": [{"Node Type": "Seq Scan", "Parent Relationship": "Outer", "Relation Name": "lineitem", "Alias": "lineitem", "Startup Cost": 25.32, "Total Cost": 2315050.5, "Plan Rows": 2266921, "Plan Width": 24, "Filter": "((l_shipdate >= '1997-07-01 00:00:00'::timestamp(0) without time zone) AND (l_shipdate < '1997-10-01 00:00:00'::timestamp without time zone)), (LLVM Optimized)"}]}, {"Node Type": "Hash", "Parent Relationship": "Inner", "Startup Cost": 3283.0, "Total Cost": 3283.0, "Plan Rows": 100000, "Plan Width": 75, "Plans": [{"Node Type": "Seq Scan", "Parent Relationship": "Outer", "Relation Name": "supplier", "Alias": "supplier", "Startup Cost": 0.0, "Total Cost": 3283.0, "Plan Rows": 100000, "Plan Width": 75}]}]}]}, "Unique SQL Id": 3712096918, "Planner Runtime": 0}, "explain_analyze_plan": null}, "(64, '111')": {"explain_plan": {"Plan": {"Node Type": "Sort", "Startup Cost": 3000463651985.02, "Total Cost": 3000463652133.47, "Plan Rows": 59380, "Plan Width": 83, "Sort Key": ["supplier.s_suppkey"], "Plans": [{"Node Type": "Aggregate", "Strategy": "Plain", "Parent Relationship": "exec_init_plan", "Subplan Name": "InitPlan 1 (returns $0)", "Startup Cost": 1000231529054.76, "Total Cost": 1000231529054.77, "Plan Rows": 1, "Plan Width": 16, "Plans": [{"Node Type": "Aggregate", "Strategy": "Hashed", "Parent Relationship": "Outer", "Startup Cost": 1000231527718.71, "Total Cost": 1000231528312.51, "Plan Rows": 59380, "Plan Width": 32, "Group By Key": ["public.lineitem.l_suppkey"], "Plans": [{"Node Type": "Seq Scan", "Parent Relationship": "Outer", "Relation Name": "lineitem", "Alias": "lineitem", "Startup Cost": 10000000025.02, "Total Cost": 1000231505049.5, "Plan Rows": 2266921, "Plan Width": 24, "Filter": "((l_shipdate >= '1997-07-01 00:00:00'::timestamp(0) without time zone) AND (l_shipdate < '1997-10-01 00:00:00'::timestamp without time zone)), (LLVM Optimized)"}]}]}, {"Node Type": "Hash Join", "Parent Relationship": "Outer", "Join Type": "Inner", "Startup Cost": 1010231546798.92, "Total Cost": 2000232118222.1, "Plan Rows": 59380, "Plan Width": 83, "Inner Unique": true, "Hash Cond": "(supplier.s_suppkey = revenue0.supplier_no)", "Plans": [{"Node Type": "Index Scan", "Parent Relationship": "Outer", "Scan Direction": "Forward", "Index Name": "supplier_pkey", "Relation Name": "supplier", "Alias": "supplier", "Startup Cost": 10000000000.0, "Total Cost": 1000000533454.38, "Plan Rows": 100000, "Plan Width": 75}, {"Node Type": "Hash", "Parent Relationship": "Inner", "Startup Cost": 1000231546056.67, "Total Cost": 1000231546056.67, "Plan Rows": 59380, "Plan Width": 16, "Plans": [{"Node Type": "Subquery Scan", "Parent Relationship": "Outer", "Alias": "revenue0", "Startup Cost": 1000231544720.62, "Total Cost": 1000231546056.67, "Plan Rows": 59380, "Plan Width": 16, "Plans": [{"Node Type": "Aggregate", "Strategy": "Hashed", "Parent Relationship": "Subquery", "Startup Cost": 1000231544720.62, "Total Cost": 1000231545462.87, "Plan Rows": 59380, "Plan Width": 40, "Group By Key": ["public.lineitem.l_suppkey"], "Filter": "(sum((public.lineitem.l_extendedprice * (1::double precision - public.lineitem.l_discount))) = $0), (LLVM Optimized)", "Plans": [{"Node Type": "Seq Scan", "Parent Relationship": "Outer", "Relation Name": "lineitem", "Alias": "lineitem", "Startup Cost": 10000000025.02, "Total Cost": 1000231505049.5, "Plan Rows": 2266921, "Plan Width": 24, "Filter": "((l_shipdate >= '1997-07-01 00:00:00'::timestamp(0) without time zone) AND (l_shipdate < '1997-10-01 00:00:00'::timestamp without time zone)), (LLVM Optimized)"}]}]}]}]}]}, "Unique SQL Id": 3712096918, "Planner Runtime": 0}, "explain_analyze_plan": null}, "(64, '112')": {"explain_plan": {"Plan": {"Node Type": "Sort", "Startup Cost": 3269410.17, "Total Cost": 3269558.62, "Plan Rows": 59380, "Plan Width": 83, "Sort Key": ["supplier.s_suppkey"], "Plans": [{"Node Type": "Aggregate", "Strategy": "Plain", "Parent Relationship": "exec_init_plan", "Subplan Name": "InitPlan 1 (returns $0)", "Startup Cost": 1610196.85, "Total Cost": 1610196.86, "Plan Rows": 1, "Plan Width": 16, "Plans": [{"Node Type": "Aggregate", "Strategy": "Hashed", "Parent Relationship": "Outer", "Startup Cost": 1608860.8, "Total Cost": 1609454.6, "Plan Rows": 59380, "Plan Width": 32, "Group By Key": ["public.lineitem.l_suppkey"], "Plans": [{"Node Type": "Bitmap Heap Scan", "Parent Relationship": "Outer", "Relation Name": "lineitem", "Alias": "lineitem", "Startup Cost": 78544.19, "Total Cost": 1586191.59, "Plan Rows": 2266921, "Plan Width": 24, "Recheck Cond": "((l_shipdate >= '1997-07-01 00:00:00'::timestamp(0) without time zone) AND (l_shipdate < '1997-10-01 00:00:00'::timestamp without time zone)), (LLVM Optimized)", "Plans": [{"Node Type": "Bitmap Index Scan", "Parent Relationship": "Outer", "Index Name": "idx_lineitem_shipdate", "Startup Cost": 0.0, "Total Cost": 77977.46, "Plan Rows": 2266921, "Plan Width": 0, "Index Cond": "((l_shipdate >= '1997-07-01 00:00:00'::timestamp(0) without time zone) AND (l_shipdate < '1997-10-01 00:00:00'::timestamp without time zone))"}]}]}]}, {"Node Type": "Nested Loop", "Parent Relationship": "Outer", "Join Type": "Inner", "Startup Cost": 1625862.71, "Total Cost": 1654505.16, "Plan Rows": 59380, "Plan Width": 83, "Inner Unique": true, "Plans": [{"Node Type": "Aggregate", "Strategy": "Hashed", "Parent Relationship": "Outer", "Startup Cost": 1625862.71, "Total Cost": 1626604.96, "Plan Rows": 59380, "Plan Width": 40, "Group By Key": ["public.lineitem.l_suppkey"], "Filter": "(sum((public.lineitem.l_extendedprice * (1::double precision - public.lineitem.l_discount))) = $0), (LLVM Optimized)", "Plans": [{"Node Type": "Bitmap Heap Scan", "Parent Relationship": "Outer", "Relation Name": "lineitem", "Alias": "lineitem", "Startup Cost": 78544.19, "Total Cost": 1586191.59, "Plan Rows": 2266921, "Plan Width": 24, "Recheck Cond": "((l_shipdate >= '1997-07-01 00:00:00'::timestamp(0) without time zone) AND (l_shipdate < '1997-10-01 00:00:00'::timestamp without time zone)), (LLVM Optimized)", "Plans": [{"Node Type": "Bitmap Index Scan", "Parent Relationship": "Outer", "Index Name": "idx_lineitem_shipdate", "Startup Cost": 0.0, "Total Cost": 77977.46, "Plan Rows": 2266921, "Plan Width": 0, "Index Cond": "((l_shipdate >= '1997-07-01 00:00:00'::timestamp(0) without time zone) AND (l_shipdate < '1997-10-01 00:00:00'::timestamp without time zone))"}]}]}, {"Node Type": "Index Scan", "Parent Relationship": "Inner", "Scan Direction": "Forward", "Index Name": "supplier_pkey", "Relation Name": "supplier", "Alias": "supplier", "Startup Cost": 0.0, "Total Cost": 0.45, "Plan Rows": 1, "Plan Width": 75, "Index Cond": "(s_suppkey = public.lineitem.l_suppkey)"}]}]}, "Unique SQL Id": 3712096918, "Planner Runtime": 0}, "explain_analyze_plan": {"Plan": {"Node Type": "Sort", "Startup Cost": 3269410.17, "Total Cost": 3269558.62, "Plan Rows": 59380, "Plan Width": 83, "Actual Startup Time": 11620.533, "Actual Total Time": 11620.534, "Actual Rows": 1, "Actual Loops": 1, "Sort Key": ["supplier.s_suppkey"], "Sort Method": "quicksort", "Sort Space Used": 25, "Sort Space Type": "Memory", "Plans": [{"Node Type": "Aggregate", "Strategy": "Plain", "Parent Relationship": "exec_init_plan", "Subplan Name": "InitPlan 1 (returns $0)", "Startup Cost": 1610196.85, "Total Cost": 1610196.86, "Plan Rows": 1, "Plan Width": 16, "Actual Startup Time": 5828.121, "Actual Total Time": 5828.121, "Actual Rows": 1, "Actual Loops": 1, "Plans": [{"Node Type": "Aggregate", "Strategy": "Hashed", "Parent Relationship": "Outer", "Startup Cost": 1608860.8, "Total Cost": 1609454.6, "Plan Rows": 59380, "Plan Width": 32, "Actual Startup Time": 5777.284, "Actual Total Time": 5813.225, "Actual Rows": 100000, "Actual Loops": 1, "Group By Key": ["public.lineitem.l_suppkey"], "Plans": [{"Node Type": "Bitmap Heap Scan", "Parent Relationship": "Outer", "Relation Name": "lineitem", "Alias": "lineitem", "Startup Cost": 78544.19, "Total Cost": 1586191.59, "Plan Rows": 2266921, "Plan Width": 24, "Actual Startup Time": 1238.034, "Actual Total Time": 4082.923, "Actual Rows": 2293944, "Actual Loops": 1, "Recheck Cond": "((l_shipdate >= '1997-07-01 00:00:00'::timestamp(0) without time zone) AND (l_shipdate < '1997-10-01 00:00:00'::timestamp without time zone)), (LLVM Optimized, Jit Execute)", "Rows Removed by Index Recheck": 0, "Exact Heap Blocks": 732487, "Lossy Heap Blocks": 732487, "Plans": [{"Node Type": "Bitmap Index Scan", "Parent Relationship": "Outer", "Index Name": "idx_lineitem_shipdate", "Startup Cost": 0.0, "Total Cost": 77977.46, "Plan Rows": 2266921, "Plan Width": 0, "Actual Startup Time": 954.492, "Actual Total Time": 954.492, "Actual Rows": 2293944, "Actual Loops": 1, "Index Cond": "((l_shipdate >= '1997-07-01 00:00:00'::timestamp(0) without time zone) AND (l_shipdate < '1997-10-01 00:00:00'::timestamp without time zone))"}]}]}]}, {"Node Type": "Nested Loop", "Parent Relationship": "Outer", "Join Type": "Inner", "Startup Cost": 1625862.71, "Total Cost": 1654505.16, "Plan Rows": 59380, "Plan Width": 83, "Actual Startup Time": 11601.572, "Actual Total Time": 11620.502, "Actual Rows": 1, "Actual Loops": 1, "Inner Unique": true, "Plans": [{"Node Type": "Aggregate", "Strategy": "Hashed", "Parent Relationship": "Outer", "Startup Cost": 1625862.71, "Total Cost": 1626604.96, "Plan Rows": 59380, "Plan Width": 40, "Actual Startup Time": 11601.51, "Actual Total Time": 11620.218, "Actual Rows": 1, "Actual Loops": 1, "Group By Key": ["public.lineitem.l_suppkey"], "Filter": "(sum((public.lineitem.l_extendedprice * (1::double precision - public.lineitem.l_discount))) = $0), (LLVM Optimized, Jit Execute)", "Rows Removed by Filter": 99999, "Plans": [{"Node Type": "Bitmap Heap Scan", "Parent Relationship": "Outer", "Relation Name": "lineitem", "Alias": "lineitem", "Startup Cost": 78544.19, "Total Cost": 1586191.59, "Plan Rows": 2266921, "Plan Width": 24, "Actual Startup Time": 1223.615, "Actual Total Time": 4093.263, "Actual Rows": 2293944, "Actual Loops": 1, "Recheck Cond": "((l_shipdate >= '1997-07-01 00:00:00'::timestamp(0) without time zone) AND (l_shipdate < '1997-10-01 00:00:00'::timestamp without time zone)), (LLVM Optimized, Jit Execute)", "Rows Removed by Index Recheck": 0, "Exact Heap Blocks": 732487, "Lossy Heap Blocks": 732487, "Plans": [{"Node Type": "Bitmap Index Scan", "Parent Relationship": "Outer", "Index Name": "idx_lineitem_shipdate", "Startup Cost": 0.0, "Total Cost": 77977.46, "Plan Rows": 2266921, "Plan Width": 0, "Actual Startup Time": 936.838, "Actual Total Time": 936.838, "Actual Rows": 2293944, "Actual Loops": 1, "Index Cond": "((l_shipdate >= '1997-07-01 00:00:00'::timestamp(0) without time zone) AND (l_shipdate < '1997-10-01 00:00:00'::timestamp without time zone))"}]}]}, {"Node Type": "Index Scan", "Parent Relationship": "Inner", "Scan Direction": "Forward", "Index Name": "supplier_pkey", "Relation Name": "supplier", "Alias": "supplier", "Startup Cost": 0.0, "Total Cost": 0.45, "Plan Rows": 1, "Plan Width": 75, "Actual Startup Time": 0.043, "Actual Total Time": 0.043, "Actual Rows": 1, "Actual Loops": 1, "Index Cond": "(s_suppkey = public.lineitem.l_suppkey)", "Rows Removed by Index Recheck": 0}]}]}, "Triggers": [], "Planner Runtime": 0.886, "Total Runtime": 11633.508, "Unique SQL Id": 3712096918}}, "(64, '113')": {"explain_plan": {"Plan": {"Node Type": "Sort", "Startup Cost": 3269410.17, "Total Cost": 3269558.62, "Plan Rows": 59380, "Plan Width": 83, "Sort Key": ["supplier.s_suppkey"], "Plans": [{"Node Type": "Aggregate", "Strategy": "Plain", "Parent Relationship": "exec_init_plan", "Subplan Name": "InitPlan 1 (returns $0)", "Startup Cost": 1610196.85, "Total Cost": 1610196.86, "Plan Rows": 1, "Plan Width": 16, "Plans": [{"Node Type": "Aggregate", "Strategy": "Hashed", "Parent Relationship": "Outer", "Startup Cost": 1608860.8, "Total Cost": 1609454.6, "Plan Rows": 59380, "Plan Width": 32, "Group By Key": ["public.lineitem.l_suppkey"], "Plans": [{"Node Type": "Bitmap Heap Scan", "Parent Relationship": "Outer", "Relation Name": "lineitem", "Alias": "lineitem", "Startup Cost": 78544.19, "Total Cost": 1586191.59, "Plan Rows": 2266921, "Plan Width": 24, "Recheck Cond": "((l_shipdate >= '1997-07-01 00:00:00'::timestamp(0) without time zone) AND (l_shipdate < '1997-10-01 00:00:00'::timestamp without time zone)), (LLVM Optimized)", "Plans": [{"Node Type": "Bitmap Index Scan", "Parent Relationship": "Outer", "Index Name": "idx_lineitem_shipdate", "Startup Cost": 0.0, "Total Cost": 77977.46, "Plan Rows": 2266921, "Plan Width": 0, "Index Cond": "((l_shipdate >= '1997-07-01 00:00:00'::timestamp(0) without time zone) AND (l_shipdate < '1997-10-01 00:00:00'::timestamp without time zone))"}]}]}]}, {"Node Type": "Nested Loop", "Parent Relationship": "Outer", "Join Type": "Inner", "Startup Cost": 1625862.71, "Total Cost": 1654505.16, "Plan Rows": 59380, "Plan Width": 83, "Inner Unique": true, "Plans": [{"Node Type": "Aggregate", "Strategy": "Hashed", "Parent Relationship": "Outer", "Startup Cost": 1625862.71, "Total Cost": 1626604.96, "Plan Rows": 59380, "Plan Width": 40, "Group By Key": ["public.lineitem.l_suppkey"], "Filter": "(sum((public.lineitem.l_extendedprice * (1::double precision - public.lineitem.l_discount))) = $0), (LLVM Optimized)", "Plans": [{"Node Type": "Bitmap Heap Scan", "Parent Relationship": "Outer", "Relation Name": "lineitem", "Alias": "lineitem", "Startup Cost": 78544.19, "Total Cost": 1586191.59, "Plan Rows": 2266921, "Plan Width": 24, "Recheck Cond": "((l_shipdate >= '1997-07-01 00:00:00'::timestamp(0) without time zone) AND (l_shipdate < '1997-10-01 00:00:00'::timestamp without time zone)), (LLVM Optimized)", "Plans": [{"Node Type": "Bitmap Index Scan", "Parent Relationship": "Outer", "Index Name": "idx_lineitem_shipdate", "Startup Cost": 0.0, "Total Cost": 77977.46, "Plan Rows": 2266921, "Plan Width": 0, "Index Cond": "((l_shipdate >= '1997-07-01 00:00:00'::timestamp(0) without time zone) AND (l_shipdate < '1997-10-01 00:00:00'::timestamp without time zone))"}]}]}, {"Node Type": "Index Scan", "Parent Relationship": "Inner", "Scan Direction": "Forward", "Index Name": "supplier_pkey", "Relation Name": "supplier", "Alias": "supplier", "Startup Cost": 0.0, "Total Cost": 0.45, "Plan Rows": 1, "Plan Width": 75, "Index Cond": "(s_suppkey = public.lineitem.l_suppkey)"}]}]}, "Unique SQL Id": 3712096918, "Planner Runtime": 0}, "explain_analyze_plan": {"Plan": {"Node Type": "Sort", "Startup Cost": 3269410.17, "Total Cost": 3269558.62, "Plan Rows": 59380, "Plan Width": 83, "Actual Startup Time": 11620.533, "Actual Total Time": 11620.534, "Actual Rows": 1, "Actual Loops": 1, "Sort Key": ["supplier.s_suppkey"], "Sort Method": "quicksort", "Sort Space Used": 25, "Sort Space Type": "Memory", "Plans": [{"Node Type": "Aggregate", "Strategy": "Plain", "Parent Relationship": "exec_init_plan", "Subplan Name": "InitPlan 1 (returns $0)", "Startup Cost": 1610196.85, "Total Cost": 1610196.86, "Plan Rows": 1, "Plan Width": 16, "Actual Startup Time": 5828.121, "Actual Total Time": 5828.121, "Actual Rows": 1, "Actual Loops": 1, "Plans": [{"Node Type": "Aggregate", "Strategy": "Hashed", "Parent Relationship": "Outer", "Startup Cost": 1608860.8, "Total Cost": 1609454.6, "Plan Rows": 59380, "Plan Width": 32, "Actual Startup Time": 5777.284, "Actual Total Time": 5813.225, "Actual Rows": 100000, "Actual Loops": 1, "Group By Key": ["public.lineitem.l_suppkey"], "Plans": [{"Node Type": "Bitmap Heap Scan", "Parent Relationship": "Outer", "Relation Name": "lineitem", "Alias": "lineitem", "Startup Cost": 78544.19, "Total Cost": 1586191.59, "Plan Rows": 2266921, "Plan Width": 24, "Actual Startup Time": 1238.034, "Actual Total Time": 4082.923, "Actual Rows": 2293944, "Actual Loops": 1, "Recheck Cond": "((l_shipdate >= '1997-07-01 00:00:00'::timestamp(0) without time zone) AND (l_shipdate < '1997-10-01 00:00:00'::timestamp without time zone)), (LLVM Optimized, Jit Execute)", "Rows Removed by Index Recheck": 0, "Exact Heap Blocks": 732487, "Lossy Heap Blocks": 732487, "Plans": [{"Node Type": "Bitmap Index Scan", "Parent Relationship": "Outer", "Index Name": "idx_lineitem_shipdate", "Startup Cost": 0.0, "Total Cost": 77977.46, "Plan Rows": 2266921, "Plan Width": 0, "Actual Startup Time": 954.492, "Actual Total Time": 954.492, "Actual Rows": 2293944, "Actual Loops": 1, "Index Cond": "((l_shipdate >= '1997-07-01 00:00:00'::timestamp(0) without time zone) AND (l_shipdate < '1997-10-01 00:00:00'::timestamp without time zone))"}]}]}]}, {"Node Type": "Nested Loop", "Parent Relationship": "Outer", "Join Type": "Inner", "Startup Cost": 1625862.71, "Total Cost": 1654505.16, "Plan Rows": 59380, "Plan Width": 83, "Actual Startup Time": 11601.572, "Actual Total Time": 11620.502, "Actual Rows": 1, "Actual Loops": 1, "Inner Unique": true, "Plans": [{"Node Type": "Aggregate", "Strategy": "Hashed", "Parent Relationship": "Outer", "Startup Cost": 1625862.71, "Total Cost": 1626604.96, "Plan Rows": 59380, "Plan Width": 40, "Actual Startup Time": 11601.51, "Actual Total Time": 11620.218, "Actual Rows": 1, "Actual Loops": 1, "Group By Key": ["public.lineitem.l_suppkey"], "Filter": "(sum((public.lineitem.l_extendedprice * (1::double precision - public.lineitem.l_discount))) = $0), (LLVM Optimized, Jit Execute)", "Rows Removed by Filter": 99999, "Plans": [{"Node Type": "Bitmap Heap Scan", "Parent Relationship": "Outer", "Relation Name": "lineitem", "Alias": "lineitem", "Startup Cost": 78544.19, "Total Cost": 1586191.59, "Plan Rows": 2266921, "Plan Width": 24, "Actual Startup Time": 1223.615, "Actual Total Time": 4093.263, "Actual Rows": 2293944, "Actual Loops": 1, "Recheck Cond": "((l_shipdate >= '1997-07-01 00:00:00'::timestamp(0) without time zone) AND (l_shipdate < '1997-10-01 00:00:00'::timestamp without time zone)), (LLVM Optimized, Jit Execute)", "Rows Removed by Index Recheck": 0, "Exact Heap Blocks": 732487, "Lossy Heap Blocks": 732487, "Plans": [{"Node Type": "Bitmap Index Scan", "Parent Relationship": "Outer", "Index Name": "idx_lineitem_shipdate", "Startup Cost": 0.0, "Total Cost": 77977.46, "Plan Rows": 2266921, "Plan Width": 0, "Actual Startup Time": 936.838, "Actual Total Time": 936.838, "Actual Rows": 2293944, "Actual Loops": 1, "Index Cond": "((l_shipdate >= '1997-07-01 00:00:00'::timestamp(0) without time zone) AND (l_shipdate < '1997-10-01 00:00:00'::timestamp without time zone))"}]}]}, {"Node Type": "Index Scan", "Parent Relationship": "Inner", "Scan Direction": "Forward", "Index Name": "supplier_pkey", "Relation Name": "supplier", "Alias": "supplier", "Startup Cost": 0.0, "Total Cost": 0.45, "Plan Rows": 1, "Plan Width": 75, "Actual Startup Time": 0.043, "Actual Total Time": 0.043, "Actual Rows": 1, "Actual Loops": 1, "Index Cond": "(s_suppkey = public.lineitem.l_suppkey)", "Rows Removed by Index Recheck": 0}]}]}, "Triggers": [], "Planner Runtime": 0.886, "Total Runtime": 11633.508, "Unique SQL Id": 3712096918}}, "(64, '114')": {"explain_plan": {"Plan": {"Node Type": "Sort", "Startup Cost": 3497813.02, "Total Cost": 3497961.47, "Plan Rows": 59380, "Plan Width": 83, "Sort Key": ["supplier.s_suppkey"], "Plans": [{"Node Type": "Aggregate", "Strategy": "Plain", "Parent Relationship": "exec_init_plan", "Subplan Name": "InitPlan 1 (returns $0)", "Startup Cost": 1610196.85, "Total Cost": 1610196.86, "Plan Rows": 1, "Plan Width": 16, "Plans": [{"Node Type": "Aggregate", "Strategy": "Hashed", "Parent Relationship": "Outer", "Startup Cost": 1608860.8, "Total Cost": 1609454.6, "Plan Rows": 59380, "Plan Width": 32, "Group By Key": ["public.lineitem.l_suppkey"], "Plans": [{"Node Type": "Bitmap Heap Scan", "Parent Relationship": "Outer", "Relation Name": "lineitem", "Alias": "lineitem", "Startup Cost": 78544.19, "Total Cost": 1586191.59, "Plan Rows": 2266921, "Plan Width": 24, "Recheck Cond": "((l_shipdate >= '1997-07-01 00:00:00'::timestamp(0) without time zone) AND (l_shipdate < '1997-10-01 00:00:00'::timestamp without time zone)), (LLVM Optimized)", "Plans": [{"Node Type": "Bitmap Index Scan", "Parent Relationship": "Outer", "Index Name": "idx_lineitem_shipdate", "Startup Cost": 0.0, "Total Cost": 77977.46, "Plan Rows": 2266921, "Plan Width": 0, "Index Cond": "((l_shipdate >= '1997-07-01 00:00:00'::timestamp(0) without time zone) AND (l_shipdate < '1997-10-01 00:00:00'::timestamp without time zone))"}]}]}]}, {"Node Type": "Nested Loop", "Parent Relationship": "Outer", "Join Type": "Inner", "Startup Cost": 1625863.0, "Total Cost": 1882908.01, "Plan Rows": 59380, "Plan Width": 83, "Inner Unique": true, "Plans": [{"Node Type": "Aggregate", "Strategy": "Hashed", "Parent Relationship": "Outer", "Startup Cost": 1625862.71, "Total Cost": 1626604.96, "Plan Rows": 59380, "Plan Width": 40, "Group By Key": ["public.lineitem.l_suppkey"], "Filter": "(sum((public.lineitem.l_extendedprice * (1::double precision - public.lineitem.l_discount))) = $0), (LLVM Optimized)", "Plans": [{"Node Type": "Bitmap Heap Scan", "Parent Relationship": "Outer", "Relation Name": "lineitem", "Alias": "lineitem", "Startup Cost": 78544.19, "Total Cost": 1586191.59, "Plan Rows": 2266921, "Plan Width": 24, "Recheck Cond": "((l_shipdate >= '1997-07-01 00:00:00'::timestamp(0) without time zone) AND (l_shipdate < '1997-10-01 00:00:00'::timestamp without time zone)), (LLVM Optimized)", "Plans": [{"Node Type": "Bitmap Index Scan", "Parent Relationship": "Outer", "Index Name": "idx_lineitem_shipdate", "Startup Cost": 0.0, "Total Cost": 77977.46, "Plan Rows": 2266921, "Plan Width": 0, "Index Cond": "((l_shipdate >= '1997-07-01 00:00:00'::timestamp(0) without time zone) AND (l_shipdate < '1997-10-01 00:00:00'::timestamp without time zone))"}]}]}, {"Node Type": "Bitmap Heap Scan", "Parent Relationship": "Inner", "Relation Name": "supplier", "Alias": "supplier", "Startup Cost": 0.28, "Total Cost": 4.3, "Plan Rows": 1, "Plan Width": 75, "Recheck Cond": "(s_suppkey = public.lineitem.l_suppkey)", "Plans": [{"Node Type": "Bitmap Index Scan", "Parent Relationship": "Outer", "Index Name": "supplier_pkey", "Startup Cost": 0.0, "Total Cost": 0.28, "Plan Rows": 1, "Plan Width": 0, "Index Cond": "(s_suppkey = public.lineitem.l_suppkey)"}]}]}]}, "Unique SQL Id": 3712096918, "Planner Runtime": 0}, "explain_analyze_plan": {"Plan": {"Node Type": "Sort", "Startup Cost": 3497813.02, "Total Cost": 3497961.47, "Plan Rows": 59380, "Plan Width": 83, "Actual Startup Time": 11573.67, "Actual Total Time": 11573.671, "Actual Rows": 1, "Actual Loops": 1, "Sort Key": ["supplier.s_suppkey"], "Sort Method": "quicksort", "Sort Space Used": 25, "Sort Space Type": "Memory", "Plans": [{"Node Type": "Aggregate", "Strategy": "Plain", "Parent Relationship": "exec_init_plan", "Subplan Name": "InitPlan 1 (returns $0)", "Startup Cost": 1610196.85, "Total Cost": 1610196.86, "Plan Rows": 1, "Plan Width": 16, "Actual Startup Time": 5810.994, "Actual Total Time": 5810.994, "Actual Rows": 1, "Actual Loops": 1, "Plans": [{"Node Type": "Aggregate", "Strategy": "Hashed", "Parent Relationship": "Outer", "Startup Cost": 1608860.8, "Total Cost": 1609454.6, "Plan Rows": 59380, "Plan Width": 32, "Actual Startup Time": 5762.308, "Actual Total Time": 5795.992, "Actual Rows": 100000, "Actual Loops": 1, "Group By Key": ["public.lineitem.l_suppkey"], "Plans": [{"Node Type": "Bitmap Heap Scan", "Parent Relationship": "Outer", "Relation Name": "lineitem", "Alias": "lineitem", "Startup Cost": 78544.19, "Total Cost": 1586191.59, "Plan Rows": 2266921, "Plan Width": 24, "Actual Startup Time": 1233.691, "Actual Total Time": 4071.08, "Actual Rows": 2293944, "Actual Loops": 1, "Recheck Cond": "((l_shipdate >= '1997-07-01 00:00:00'::timestamp(0) without time zone) AND (l_shipdate < '1997-10-01 00:00:00'::timestamp without time zone)), (LLVM Optimized, Jit Execute)", "Rows Removed by Index Recheck": 0, "Exact Heap Blocks": 732487, "Lossy Heap Blocks": 732487, "Plans": [{"Node Type": "Bitmap Index Scan", "Parent Relationship": "Outer", "Index Name": "idx_lineitem_shipdate", "Startup Cost": 0.0, "Total Cost": 77977.46, "Plan Rows": 2266921, "Plan Width": 0, "Actual Startup Time": 943.405, "Actual Total Time": 943.405, "Actual Rows": 2293944, "Actual Loops": 1, "Index Cond": "((l_shipdate >= '1997-07-01 00:00:00'::timestamp(0) without time zone) AND (l_shipdate < '1997-10-01 00:00:00'::timestamp without time zone))"}]}]}]}, {"Node Type": "Nested Loop", "Parent Relationship": "Outer", "Join Type": "Inner", "Startup Cost": 1625863.0, "Total Cost": 1882908.01, "Plan Rows": 59380, "Plan Width": 83, "Actual Startup Time": 11554.935, "Actual Total Time": 11573.643, "Actual Rows": 1, "Actual Loops": 1, "Inner Unique": true, "Plans": [{"Node Type": "Aggregate", "Strategy": "Hashed", "Parent Relationship": "Outer", "Startup Cost": 1625862.71, "Total Cost": 1626604.96, "Plan Rows": 59380, "Plan Width": 40, "Actual Startup Time": 11554.824, "Actual Total Time": 11573.326, "Actual Rows": 1, "Actual Loops": 1, "Group By Key": ["public.lineitem.l_suppkey"], "Filter": "(sum((public.lineitem.l_extendedprice * (1::double precision - public.lineitem.l_discount))) = $0), (LLVM Optimized, Jit Execute)", "Rows Removed by Filter": 99999, "Plans": [{"Node Type": "Bitmap Heap Scan", "Parent Relationship": "Outer", "Relation Name": "lineitem", "Alias": "lineitem", "Startup Cost": 78544.19, "Total Cost": 1586191.59, "Plan Rows": 2266921, "Plan Width": 24, "Actual Startup Time": 1251.575, "Actual Total Time": 4123.103, "Actual Rows": 2293944, "Actual Loops": 1, "Recheck Cond": "((l_shipdate >= '1997-07-01 00:00:00'::timestamp(0) without time zone) AND (l_shipdate < '1997-10-01 00:00:00'::timestamp without time zone)), (LLVM Optimized, Jit Execute)", "Rows Removed by Index Recheck": 0, "Exact Heap Blocks": 732487, "Lossy Heap Blocks": 732487, "Plans": [{"Node Type": "Bitmap Index Scan", "Parent Relationship": "Outer", "Index Name": "idx_lineitem_shipdate", "Startup Cost": 0.0, "Total Cost": 77977.46, "Plan Rows": 2266921, "Plan Width": 0, "Actual Startup Time": 951.166, "Actual Total Time": 951.166, "Actual Rows": 2293944, "Actual Loops": 1, "Index Cond": "((l_shipdate >= '1997-07-01 00:00:00'::timestamp(0) without time zone) AND (l_shipdate < '1997-10-01 00:00:00'::timestamp without time zone))"}]}]}, {"Node Type": "Bitmap Heap Scan", "Parent Relationship": "Inner", "Relation Name": "supplier", "Alias": "supplier", "Startup Cost": 0.28, "Total Cost": 4.3, "Plan Rows": 1, "Plan Width": 75, "Actual Startup Time": 0.082, "Actual Total Time": 0.082, "Actual Rows": 1, "Actual Loops": 1, "Recheck Cond": "(s_suppkey = public.lineitem.l_suppkey)", "Rows Removed by Index Recheck": 0, "Exact Heap Blocks": 1, "Lossy Heap Blocks": 1, "Plans": [{"Node Type": "Bitmap Index Scan", "Parent Relationship": "Outer", "Index Name": "supplier_pkey", "Startup Cost": 0.0, "Total Cost": 0.28, "Plan Rows": 1, "Plan Width": 0, "Actual Startup Time": 0.037, "Actual Total Time": 0.037, "Actual Rows": 1, "Actual Loops": 1, "Index Cond": "(s_suppkey = public.lineitem.l_suppkey)"}]}]}]}, "Triggers": [], "Planner Runtime": 0.887, "Total Runtime": 11586.661, "Unique SQL Id": 3712096918}}, "(64, '115')": {"explain_plan": {"Plan": {"Node Type": "Sort", "Startup Cost": 3497813.02, "Total Cost": 3497961.47, "Plan Rows": 59380, "Plan Width": 83, "Sort Key": ["supplier.s_suppkey"], "Plans": [{"Node Type": "Aggregate", "Strategy": "Plain", "Parent Relationship": "exec_init_plan", "Subplan Name": "InitPlan 1 (returns $0)", "Startup Cost": 1610196.85, "Total Cost": 1610196.86, "Plan Rows": 1, "Plan Width": 16, "Plans": [{"Node Type": "Aggregate", "Strategy": "Hashed", "Parent Relationship": "Outer", "Startup Cost": 1608860.8, "Total Cost": 1609454.6, "Plan Rows": 59380, "Plan Width": 32, "Group By Key": ["public.lineitem.l_suppkey"], "Plans": [{"Node Type": "Bitmap Heap Scan", "Parent Relationship": "Outer", "Relation Name": "lineitem", "Alias": "lineitem", "Startup Cost": 78544.19, "Total Cost": 1586191.59, "Plan Rows": 2266921, "Plan Width": 24, "Recheck Cond": "((l_shipdate >= '1997-07-01 00:00:00'::timestamp(0) without time zone) AND (l_shipdate < '1997-10-01 00:00:00'::timestamp without time zone)), (LLVM Optimized)", "Plans": [{"Node Type": "Bitmap Index Scan", "Parent Relationship": "Outer", "Index Name": "idx_lineitem_shipdate", "Startup Cost": 0.0, "Total Cost": 77977.46, "Plan Rows": 2266921, "Plan Width": 0, "Index Cond": "((l_shipdate >= '1997-07-01 00:00:00'::timestamp(0) without time zone) AND (l_shipdate < '1997-10-01 00:00:00'::timestamp without time zone))"}]}]}]}, {"Node Type": "Nested Loop", "Parent Relationship": "Outer", "Join Type": "Inner", "Startup Cost": 1625863.0, "Total Cost": 1882908.01, "Plan Rows": 59380, "Plan Width": 83, "Inner Unique": true, "Plans": [{"Node Type": "Aggregate", "Strategy": "Hashed", "Parent Relationship": "Outer", "Startup Cost": 1625862.71, "Total Cost": 1626604.96, "Plan Rows": 59380, "Plan Width": 40, "Group By Key": ["public.lineitem.l_suppkey"], "Filter": "(sum((public.lineitem.l_extendedprice * (1::double precision - public.lineitem.l_discount))) = $0), (LLVM Optimized)", "Plans": [{"Node Type": "Bitmap Heap Scan", "Parent Relationship": "Outer", "Relation Name": "lineitem", "Alias": "lineitem", "Startup Cost": 78544.19, "Total Cost": 1586191.59, "Plan Rows": 2266921, "Plan Width": 24, "Recheck Cond": "((l_shipdate >= '1997-07-01 00:00:00'::timestamp(0) without time zone) AND (l_shipdate < '1997-10-01 00:00:00'::timestamp without time zone)), (LLVM Optimized)", "Plans": [{"Node Type": "Bitmap Index Scan", "Parent Relationship": "Outer", "Index Name": "idx_lineitem_shipdate", "Startup Cost": 0.0, "Total Cost": 77977.46, "Plan Rows": 2266921, "Plan Width": 0, "Index Cond": "((l_shipdate >= '1997-07-01 00:00:00'::timestamp(0) without time zone) AND (l_shipdate < '1997-10-01 00:00:00'::timestamp without time zone))"}]}]}, {"Node Type": "Bitmap Heap Scan", "Parent Relationship": "Inner", "Relation Name": "supplier", "Alias": "supplier", "Startup Cost": 0.28, "Total Cost": 4.3, "Plan Rows": 1, "Plan Width": 75, "Recheck Cond": "(s_suppkey = public.lineitem.l_suppkey)", "Plans": [{"Node Type": "Bitmap Index Scan", "Parent Relationship": "Outer", "Index Name": "supplier_pkey", "Startup Cost": 0.0, "Total Cost": 0.28, "Plan Rows": 1, "Plan Width": 0, "Index Cond": "(s_suppkey = public.lineitem.l_suppkey)"}]}]}]}, "Unique SQL Id": 3712096918, "Planner Runtime": 0}, "explain_analyze_plan": {"Plan": {"Node Type": "Sort", "Startup Cost": 3497813.02, "Total Cost": 3497961.47, "Plan Rows": 59380, "Plan Width": 83, "Actual Startup Time": 11573.67, "Actual Total Time": 11573.671, "Actual Rows": 1, "Actual Loops": 1, "Sort Key": ["supplier.s_suppkey"], "Sort Method": "quicksort", "Sort Space Used": 25, "Sort Space Type": "Memory", "Plans": [{"Node Type": "Aggregate", "Strategy": "Plain", "Parent Relationship": "exec_init_plan", "Subplan Name": "InitPlan 1 (returns $0)", "Startup Cost": 1610196.85, "Total Cost": 1610196.86, "Plan Rows": 1, "Plan Width": 16, "Actual Startup Time": 5810.994, "Actual Total Time": 5810.994, "Actual Rows": 1, "Actual Loops": 1, "Plans": [{"Node Type": "Aggregate", "Strategy": "Hashed", "Parent Relationship": "Outer", "Startup Cost": 1608860.8, "Total Cost": 1609454.6, "Plan Rows": 59380, "Plan Width": 32, "Actual Startup Time": 5762.308, "Actual Total Time": 5795.992, "Actual Rows": 100000, "Actual Loops": 1, "Group By Key": ["public.lineitem.l_suppkey"], "Plans": [{"Node Type": "Bitmap Heap Scan", "Parent Relationship": "Outer", "Relation Name": "lineitem", "Alias": "lineitem", "Startup Cost": 78544.19, "Total Cost": 1586191.59, "Plan Rows": 2266921, "Plan Width": 24, "Actual Startup Time": 1233.691, "Actual Total Time": 4071.08, "Actual Rows": 2293944, "Actual Loops": 1, "Recheck Cond": "((l_shipdate >= '1997-07-01 00:00:00'::timestamp(0) without time zone) AND (l_shipdate < '1997-10-01 00:00:00'::timestamp without time zone)), (LLVM Optimized, Jit Execute)", "Rows Removed by Index Recheck": 0, "Exact Heap Blocks": 732487, "Lossy Heap Blocks": 732487, "Plans": [{"Node Type": "Bitmap Index Scan", "Parent Relationship": "Outer", "Index Name": "idx_lineitem_shipdate", "Startup Cost": 0.0, "Total Cost": 77977.46, "Plan Rows": 2266921, "Plan Width": 0, "Actual Startup Time": 943.405, "Actual Total Time": 943.405, "Actual Rows": 2293944, "Actual Loops": 1, "Index Cond": "((l_shipdate >= '1997-07-01 00:00:00'::timestamp(0) without time zone) AND (l_shipdate < '1997-10-01 00:00:00'::timestamp without time zone))"}]}]}]}, {"Node Type": "Nested Loop", "Parent Relationship": "Outer", "Join Type": "Inner", "Startup Cost": 1625863.0, "Total Cost": 1882908.01, "Plan Rows": 59380, "Plan Width": 83, "Actual Startup Time": 11554.935, "Actual Total Time": 11573.643, "Actual Rows": 1, "Actual Loops": 1, "Inner Unique": true, "Plans": [{"Node Type": "Aggregate", "Strategy": "Hashed", "Parent Relationship": "Outer", "Startup Cost": 1625862.71, "Total Cost": 1626604.96, "Plan Rows": 59380, "Plan Width": 40, "Actual Startup Time": 11554.824, "Actual Total Time": 11573.326, "Actual Rows": 1, "Actual Loops": 1, "Group By Key": ["public.lineitem.l_suppkey"], "Filter": "(sum((public.lineitem.l_extendedprice * (1::double precision - public.lineitem.l_discount))) = $0), (LLVM Optimized, Jit Execute)", "Rows Removed by Filter": 99999, "Plans": [{"Node Type": "Bitmap Heap Scan", "Parent Relationship": "Outer", "Relation Name": "lineitem", "Alias": "lineitem", "Startup Cost": 78544.19, "Total Cost": 1586191.59, "Plan Rows": 2266921, "Plan Width": 24, "Actual Startup Time": 1251.575, "Actual Total Time": 4123.103, "Actual Rows": 2293944, "Actual Loops": 1, "Recheck Cond": "((l_shipdate >= '1997-07-01 00:00:00'::timestamp(0) without time zone) AND (l_shipdate < '1997-10-01 00:00:00'::timestamp without time zone)), (LLVM Optimized, Jit Execute)", "Rows Removed by Index Recheck": 0, "Exact Heap Blocks": 732487, "Lossy Heap Blocks": 732487, "Plans": [{"Node Type": "Bitmap Index Scan", "Parent Relationship": "Outer", "Index Name": "idx_lineitem_shipdate", "Startup Cost": 0.0, "Total Cost": 77977.46, "Plan Rows": 2266921, "Plan Width": 0, "Actual Startup Time": 951.166, "Actual Total Time": 951.166, "Actual Rows": 2293944, "Actual Loops": 1, "Index Cond": "((l_shipdate >= '1997-07-01 00:00:00'::timestamp(0) without time zone) AND (l_shipdate < '1997-10-01 00:00:00'::timestamp without time zone))"}]}]}, {"Node Type": "Bitmap Heap Scan", "Parent Relationship": "Inner", "Relation Name": "supplier", "Alias": "supplier", "Startup Cost": 0.28, "Total Cost": 4.3, "Plan Rows": 1, "Plan Width": 75, "Actual Startup Time": 0.082, "Actual Total Time": 0.082, "Actual Rows": 1, "Actual Loops": 1, "Recheck Cond": "(s_suppkey = public.lineitem.l_suppkey)", "Rows Removed by Index Recheck": 0, "Exact Heap Blocks": 1, "Lossy Heap Blocks": 1, "Plans": [{"Node Type": "Bitmap Index Scan", "Parent Relationship": "Outer", "Index Name": "supplier_pkey", "Startup Cost": 0.0, "Total Cost": 0.28, "Plan Rows": 1, "Plan Width": 0, "Actual Startup Time": 0.037, "Actual Total Time": 0.037, "Actual Rows": 1, "Actual Loops": 1, "Index Cond": "(s_suppkey = public.lineitem.l_suppkey)"}]}]}]}, "Triggers": [], "Planner Runtime": 0.887, "Total Runtime": 11586.661, "Unique SQL Id": 3712096918}}, "(64, '116')": {"explain_plan": {"Plan": {"Node Type": "Sort", "Startup Cost": 3269410.17, "Total Cost": 3269558.62, "Plan Rows": 59380, "Plan Width": 83, "Sort Key": ["supplier.s_suppkey"], "Plans": [{"Node Type": "Aggregate", "Strategy": "Plain", "Parent Relationship": "exec_init_plan", "Subplan Name": "InitPlan 1 (returns $0)", "Startup Cost": 1610196.85, "Total Cost": 1610196.86, "Plan Rows": 1, "Plan Width": 16, "Plans": [{"Node Type": "Aggregate", "Strategy": "Hashed", "Parent Relationship": "Outer", "Startup Cost": 1608860.8, "Total Cost": 1609454.6, "Plan Rows": 59380, "Plan Width": 32, "Group By Key": ["public.lineitem.l_suppkey"], "Plans": [{"Node Type": "Bitmap Heap Scan", "Parent Relationship": "Outer", "Relation Name": "lineitem", "Alias": "lineitem", "Startup Cost": 78544.19, "Total Cost": 1586191.59, "Plan Rows": 2266921, "Plan Width": 24, "Recheck Cond": "((l_shipdate >= '1997-07-01 00:00:00'::timestamp(0) without time zone) AND (l_shipdate < '1997-10-01 00:00:00'::timestamp without time zone)), (LLVM Optimized)", "Plans": [{"Node Type": "Bitmap Index Scan", "Parent Relationship": "Outer", "Index Name": "idx_lineitem_shipdate", "Startup Cost": 0.0, "Total Cost": 77977.46, "Plan Rows": 2266921, "Plan Width": 0, "Index Cond": "((l_shipdate >= '1997-07-01 00:00:00'::timestamp(0) without time zone) AND (l_shipdate < '1997-10-01 00:00:00'::timestamp without time zone))"}]}]}]}, {"Node Type": "Nested Loop", "Parent Relationship": "Outer", "Join Type": "Inner", "Startup Cost": 1625862.71, "Total Cost": 1654505.16, "Plan Rows": 59380, "Plan Width": 83, "Inner Unique": true, "Plans": [{"Node Type": "Aggregate", "Strategy": "Hashed", "Parent Relationship": "Outer", "Startup Cost": 1625862.71, "Total Cost": 1626604.96, "Plan Rows": 59380, "Plan Width": 40, "Group By Key": ["public.lineitem.l_suppkey"], "Filter": "(sum((public.lineitem.l_extendedprice * (1::double precision - public.lineitem.l_discount))) = $0), (LLVM Optimized)", "Plans": [{"Node Type": "Bitmap Heap Scan", "Parent Relationship": "Outer", "Relation Name": "lineitem", "Alias": "lineitem", "Startup Cost": 78544.19, "Total Cost": 1586191.59, "Plan Rows": 2266921, "Plan Width": 24, "Recheck Cond": "((l_shipdate >= '1997-07-01 00:00:00'::timestamp(0) without time zone) AND (l_shipdate < '1997-10-01 00:00:00'::timestamp without time zone)), (LLVM Optimized)", "Plans": [{"Node Type": "Bitmap Index Scan", "Parent Relationship": "Outer", "Index Name": "idx_lineitem_shipdate", "Startup Cost": 0.0, "Total Cost": 77977.46, "Plan Rows": 2266921, "Plan Width": 0, "Index Cond": "((l_shipdate >= '1997-07-01 00:00:00'::timestamp(0) without time zone) AND (l_shipdate < '1997-10-01 00:00:00'::timestamp without time zone))"}]}]}, {"Node Type": "Index Scan", "Parent Relationship": "Inner", "Scan Direction": "Forward", "Index Name": "supplier_pkey", "Relation Name": "supplier", "Alias": "supplier", "Startup Cost": 0.0, "Total Cost": 0.45, "Plan Rows": 1, "Plan Width": 75, "Index Cond": "(s_suppkey = public.lineitem.l_suppkey)"}]}]}, "Unique SQL Id": 3712096918, "Planner Runtime": 0}, "explain_analyze_plan": {"Plan": {"Node Type": "Sort", "Startup Cost": 3269410.17, "Total Cost": 3269558.62, "Plan Rows": 59380, "Plan Width": 83, "Actual Startup Time": 11620.533, "Actual Total Time": 11620.534, "Actual Rows": 1, "Actual Loops": 1, "Sort Key": ["supplier.s_suppkey"], "Sort Method": "quicksort", "Sort Space Used": 25, "Sort Space Type": "Memory", "Plans": [{"Node Type": "Aggregate", "Strategy": "Plain", "Parent Relationship": "exec_init_plan", "Subplan Name": "InitPlan 1 (returns $0)", "Startup Cost": 1610196.85, "Total Cost": 1610196.86, "Plan Rows": 1, "Plan Width": 16, "Actual Startup Time": 5828.121, "Actual Total Time": 5828.121, "Actual Rows": 1, "Actual Loops": 1, "Plans": [{"Node Type": "Aggregate", "Strategy": "Hashed", "Parent Relationship": "Outer", "Startup Cost": 1608860.8, "Total Cost": 1609454.6, "Plan Rows": 59380, "Plan Width": 32, "Actual Startup Time": 5777.284, "Actual Total Time": 5813.225, "Actual Rows": 100000, "Actual Loops": 1, "Group By Key": ["public.lineitem.l_suppkey"], "Plans": [{"Node Type": "Bitmap Heap Scan", "Parent Relationship": "Outer", "Relation Name": "lineitem", "Alias": "lineitem", "Startup Cost": 78544.19, "Total Cost": 1586191.59, "Plan Rows": 2266921, "Plan Width": 24, "Actual Startup Time": 1238.034, "Actual Total Time": 4082.923, "Actual Rows": 2293944, "Actual Loops": 1, "Recheck Cond": "((l_shipdate >= '1997-07-01 00:00:00'::timestamp(0) without time zone) AND (l_shipdate < '1997-10-01 00:00:00'::timestamp without time zone)), (LLVM Optimized, Jit Execute)", "Rows Removed by Index Recheck": 0, "Exact Heap Blocks": 732487, "Lossy Heap Blocks": 732487, "Plans": [{"Node Type": "Bitmap Index Scan", "Parent Relationship": "Outer", "Index Name": "idx_lineitem_shipdate", "Startup Cost": 0.0, "Total Cost": 77977.46, "Plan Rows": 2266921, "Plan Width": 0, "Actual Startup Time": 954.492, "Actual Total Time": 954.492, "Actual Rows": 2293944, "Actual Loops": 1, "Index Cond": "((l_shipdate >= '1997-07-01 00:00:00'::timestamp(0) without time zone) AND (l_shipdate < '1997-10-01 00:00:00'::timestamp without time zone))"}]}]}]}, {"Node Type": "Nested Loop", "Parent Relationship": "Outer", "Join Type": "Inner", "Startup Cost": 1625862.71, "Total Cost": 1654505.16, "Plan Rows": 59380, "Plan Width": 83, "Actual Startup Time": 11601.572, "Actual Total Time": 11620.502, "Actual Rows": 1, "Actual Loops": 1, "Inner Unique": true, "Plans": [{"Node Type": "Aggregate", "Strategy": "Hashed", "Parent Relationship": "Outer", "Startup Cost": 1625862.71, "Total Cost": 1626604.96, "Plan Rows": 59380, "Plan Width": 40, "Actual Startup Time": 11601.51, "Actual Total Time": 11620.218, "Actual Rows": 1, "Actual Loops": 1, "Group By Key": ["public.lineitem.l_suppkey"], "Filter": "(sum((public.lineitem.l_extendedprice * (1::double precision - public.lineitem.l_discount))) = $0), (LLVM Optimized, Jit Execute)", "Rows Removed by Filter": 99999, "Plans": [{"Node Type": "Bitmap Heap Scan", "Parent Relationship": "Outer", "Relation Name": "lineitem", "Alias": "lineitem", "Startup Cost": 78544.19, "Total Cost": 1586191.59, "Plan Rows": 2266921, "Plan Width": 24, "Actual Startup Time": 1223.615, "Actual Total Time": 4093.263, "Actual Rows": 2293944, "Actual Loops": 1, "Recheck Cond": "((l_shipdate >= '1997-07-01 00:00:00'::timestamp(0) without time zone) AND (l_shipdate < '1997-10-01 00:00:00'::timestamp without time zone)), (LLVM Optimized, Jit Execute)", "Rows Removed by Index Recheck": 0, "Exact Heap Blocks": 732487, "Lossy Heap Blocks": 732487, "Plans": [{"Node Type": "Bitmap Index Scan", "Parent Relationship": "Outer", "Index Name": "idx_lineitem_shipdate", "Startup Cost": 0.0, "Total Cost": 77977.46, "Plan Rows": 2266921, "Plan Width": 0, "Actual Startup Time": 936.838, "Actual Total Time": 936.838, "Actual Rows": 2293944, "Actual Loops": 1, "Index Cond": "((l_shipdate >= '1997-07-01 00:00:00'::timestamp(0) without time zone) AND (l_shipdate < '1997-10-01 00:00:00'::timestamp without time zone))"}]}]}, {"Node Type": "Index Scan", "Parent Relationship": "Inner", "Scan Direction": "Forward", "Index Name": "supplier_pkey", "Relation Name": "supplier", "Alias": "supplier", "Startup Cost": 0.0, "Total Cost": 0.45, "Plan Rows": 1, "Plan Width": 75, "Actual Startup Time": 0.043, "Actual Total Time": 0.043, "Actual Rows": 1, "Actual Loops": 1, "Index Cond": "(s_suppkey = public.lineitem.l_suppkey)", "Rows Removed by Index Recheck": 0}]}]}, "Triggers": [], "Planner Runtime": 0.886, "Total Runtime": 11633.508, "Unique SQL Id": 3712096918}}, "(64, '117')": {"explain_plan": {"Plan": {"Node Type": "Sort", "Startup Cost": 3269410.17, "Total Cost": 3269558.62, "Plan Rows": 59380, "Plan Width": 83, "Sort Key": ["supplier.s_suppkey"], "Plans": [{"Node Type": "Aggregate", "Strategy": "Plain", "Parent Relationship": "exec_init_plan", "Subplan Name": "InitPlan 1 (returns $0)", "Startup Cost": 1610196.85, "Total Cost": 1610196.86, "Plan Rows": 1, "Plan Width": 16, "Plans": [{"Node Type": "Aggregate", "Strategy": "Hashed", "Parent Relationship": "Outer", "Startup Cost": 1608860.8, "Total Cost": 1609454.6, "Plan Rows": 59380, "Plan Width": 32, "Group By Key": ["public.lineitem.l_suppkey"], "Plans": [{"Node Type": "Bitmap Heap Scan", "Parent Relationship": "Outer", "Relation Name": "lineitem", "Alias": "lineitem", "Startup Cost": 78544.19, "Total Cost": 1586191.59, "Plan Rows": 2266921, "Plan Width": 24, "Recheck Cond": "((l_shipdate >= '1997-07-01 00:00:00'::timestamp(0) without time zone) AND (l_shipdate < '1997-10-01 00:00:00'::timestamp without time zone)), (LLVM Optimized)", "Plans": [{"Node Type": "Bitmap Index Scan", "Parent Relationship": "Outer", "Index Name": "idx_lineitem_shipdate", "Startup Cost": 0.0, "Total Cost": 77977.46, "Plan Rows": 2266921, "Plan Width": 0, "Index Cond": "((l_shipdate >= '1997-07-01 00:00:00'::timestamp(0) without time zone) AND (l_shipdate < '1997-10-01 00:00:00'::timestamp without time zone))"}]}]}]}, {"Node Type": "Nested Loop", "Parent Relationship": "Outer", "Join Type": "Inner", "Startup Cost": 1625862.71, "Total Cost": 1654505.16, "Plan Rows": 59380, "Plan Width": 83, "Inner Unique": true, "Plans": [{"Node Type": "Aggregate", "Strategy": "Hashed", "Parent Relationship": "Outer", "Startup Cost": 1625862.71, "Total Cost": 1626604.96, "Plan Rows": 59380, "Plan Width": 40, "Group By Key": ["public.lineitem.l_suppkey"], "Filter": "(sum((public.lineitem.l_extendedprice * (1::double precision - public.lineitem.l_discount))) = $0), (LLVM Optimized)", "Plans": [{"Node Type": "Bitmap Heap Scan", "Parent Relationship": "Outer", "Relation Name": "lineitem", "Alias": "lineitem", "Startup Cost": 78544.19, "Total Cost": 1586191.59, "Plan Rows": 2266921, "Plan Width": 24, "Recheck Cond": "((l_shipdate >= '1997-07-01 00:00:00'::timestamp(0) without time zone) AND (l_shipdate < '1997-10-01 00:00:00'::timestamp without time zone)), (LLVM Optimized)", "Plans": [{"Node Type": "Bitmap Index Scan", "Parent Relationship": "Outer", "Index Name": "idx_lineitem_shipdate", "Startup Cost": 0.0, "Total Cost": 77977.46, "Plan Rows": 2266921, "Plan Width": 0, "Index Cond": "((l_shipdate >= '1997-07-01 00:00:00'::timestamp(0) without time zone) AND (l_shipdate < '1997-10-01 00:00:00'::timestamp without time zone))"}]}]}, {"Node Type": "Index Scan", "Parent Relationship": "Inner", "Scan Direction": "Forward", "Index Name": "supplier_pkey", "Relation Name": "supplier", "Alias": "supplier", "Startup Cost": 0.0, "Total Cost": 0.45, "Plan Rows": 1, "Plan Width": 75, "Index Cond": "(s_suppkey = public.lineitem.l_suppkey)"}]}]}, "Unique SQL Id": 3712096918, "Planner Runtime": 0}, "explain_analyze_plan": {"Plan": {"Node Type": "Sort", "Startup Cost": 3269410.17, "Total Cost": 3269558.62, "Plan Rows": 59380, "Plan Width": 83, "Actual Startup Time": 11620.533, "Actual Total Time": 11620.534, "Actual Rows": 1, "Actual Loops": 1, "Sort Key": ["supplier.s_suppkey"], "Sort Method": "quicksort", "Sort Space Used": 25, "Sort Space Type": "Memory", "Plans": [{"Node Type": "Aggregate", "Strategy": "Plain", "Parent Relationship": "exec_init_plan", "Subplan Name": "InitPlan 1 (returns $0)", "Startup Cost": 1610196.85, "Total Cost": 1610196.86, "Plan Rows": 1, "Plan Width": 16, "Actual Startup Time": 5828.121, "Actual Total Time": 5828.121, "Actual Rows": 1, "Actual Loops": 1, "Plans": [{"Node Type": "Aggregate", "Strategy": "Hashed", "Parent Relationship": "Outer", "Startup Cost": 1608860.8, "Total Cost": 1609454.6, "Plan Rows": 59380, "Plan Width": 32, "Actual Startup Time": 5777.284, "Actual Total Time": 5813.225, "Actual Rows": 100000, "Actual Loops": 1, "Group By Key": ["public.lineitem.l_suppkey"], "Plans": [{"Node Type": "Bitmap Heap Scan", "Parent Relationship": "Outer", "Relation Name": "lineitem", "Alias": "lineitem", "Startup Cost": 78544.19, "Total Cost": 1586191.59, "Plan Rows": 2266921, "Plan Width": 24, "Actual Startup Time": 1238.034, "Actual Total Time": 4082.923, "Actual Rows": 2293944, "Actual Loops": 1, "Recheck Cond": "((l_shipdate >= '1997-07-01 00:00:00'::timestamp(0) without time zone) AND (l_shipdate < '1997-10-01 00:00:00'::timestamp without time zone)), (LLVM Optimized, Jit Execute)", "Rows Removed by Index Recheck": 0, "Exact Heap Blocks": 732487, "Lossy Heap Blocks": 732487, "Plans": [{"Node Type": "Bitmap Index Scan", "Parent Relationship": "Outer", "Index Name": "idx_lineitem_shipdate", "Startup Cost": 0.0, "Total Cost": 77977.46, "Plan Rows": 2266921, "Plan Width": 0, "Actual Startup Time": 954.492, "Actual Total Time": 954.492, "Actual Rows": 2293944, "Actual Loops": 1, "Index Cond": "((l_shipdate >= '1997-07-01 00:00:00'::timestamp(0) without time zone) AND (l_shipdate < '1997-10-01 00:00:00'::timestamp without time zone))"}]}]}]}, {"Node Type": "Nested Loop", "Parent Relationship": "Outer", "Join Type": "Inner", "Startup Cost": 1625862.71, "Total Cost": 1654505.16, "Plan Rows": 59380, "Plan Width": 83, "Actual Startup Time": 11601.572, "Actual Total Time": 11620.502, "Actual Rows": 1, "Actual Loops": 1, "Inner Unique": true, "Plans": [{"Node Type": "Aggregate", "Strategy": "Hashed", "Parent Relationship": "Outer", "Startup Cost": 1625862.71, "Total Cost": 1626604.96, "Plan Rows": 59380, "Plan Width": 40, "Actual Startup Time": 11601.51, "Actual Total Time": 11620.218, "Actual Rows": 1, "Actual Loops": 1, "Group By Key": ["public.lineitem.l_suppkey"], "Filter": "(sum((public.lineitem.l_extendedprice * (1::double precision - public.lineitem.l_discount))) = $0), (LLVM Optimized, Jit Execute)", "Rows Removed by Filter": 99999, "Plans": [{"Node Type": "Bitmap Heap Scan", "Parent Relationship": "Outer", "Relation Name": "lineitem", "Alias": "lineitem", "Startup Cost": 78544.19, "Total Cost": 1586191.59, "Plan Rows": 2266921, "Plan Width": 24, "Actual Startup Time": 1223.615, "Actual Total Time": 4093.263, "Actual Rows": 2293944, "Actual Loops": 1, "Recheck Cond": "((l_shipdate >= '1997-07-01 00:00:00'::timestamp(0) without time zone) AND (l_shipdate < '1997-10-01 00:00:00'::timestamp without time zone)), (LLVM Optimized, Jit Execute)", "Rows Removed by Index Recheck": 0, "Exact Heap Blocks": 732487, "Lossy Heap Blocks": 732487, "Plans": [{"Node Type": "Bitmap Index Scan", "Parent Relationship": "Outer", "Index Name": "idx_lineitem_shipdate", "Startup Cost": 0.0, "Total Cost": 77977.46, "Plan Rows": 2266921, "Plan Width": 0, "Actual Startup Time": 936.838, "Actual Total Time": 936.838, "Actual Rows": 2293944, "Actual Loops": 1, "Index Cond": "((l_shipdate >= '1997-07-01 00:00:00'::timestamp(0) without time zone) AND (l_shipdate < '1997-10-01 00:00:00'::timestamp without time zone))"}]}]}, {"Node Type": "Index Scan", "Parent Relationship": "Inner", "Scan Direction": "Forward", "Index Name": "supplier_pkey", "Relation Name": "supplier", "Alias": "supplier", "Startup Cost": 0.0, "Total Cost": 0.45, "Plan Rows": 1, "Plan Width": 75, "Actual Startup Time": 0.043, "Actual Total Time": 0.043, "Actual Rows": 1, "Actual Loops": 1, "Index Cond": "(s_suppkey = public.lineitem.l_suppkey)", "Rows Removed by Index Recheck": 0}]}]}, "Triggers": [], "Planner Runtime": 0.886, "Total Runtime": 11633.508, "Unique SQL Id": 3712096918}}, "(64, '118')": {"explain_plan": {"Plan": {"Node Type": "Sort", "Startup Cost": 3497813.02, "Total Cost": 3497961.47, "Plan Rows": 59380, "Plan Width": 83, "Sort Key": ["supplier.s_suppkey"], "Plans": [{"Node Type": "Aggregate", "Strategy": "Plain", "Parent Relationship": "exec_init_plan", "Subplan Name": "InitPlan 1 (returns $0)", "Startup Cost": 1610196.85, "Total Cost": 1610196.86, "Plan Rows": 1, "Plan Width": 16, "Plans": [{"Node Type": "Aggregate", "Strategy": "Hashed", "Parent Relationship": "Outer", "Startup Cost": 1608860.8, "Total Cost": 1609454.6, "Plan Rows": 59380, "Plan Width": 32, "Group By Key": ["public.lineitem.l_suppkey"], "Plans": [{"Node Type": "Bitmap Heap Scan", "Parent Relationship": "Outer", "Relation Name": "lineitem", "Alias": "lineitem", "Startup Cost": 78544.19, "Total Cost": 1586191.59, "Plan Rows": 2266921, "Plan Width": 24, "Recheck Cond": "((l_shipdate >= '1997-07-01 00:00:00'::timestamp(0) without time zone) AND (l_shipdate < '1997-10-01 00:00:00'::timestamp without time zone)), (LLVM Optimized)", "Plans": [{"Node Type": "Bitmap Index Scan", "Parent Relationship": "Outer", "Index Name": "idx_lineitem_shipdate", "Startup Cost": 0.0, "Total Cost": 77977.46, "Plan Rows": 2266921, "Plan Width": 0, "Index Cond": "((l_shipdate >= '1997-07-01 00:00:00'::timestamp(0) without time zone) AND (l_shipdate < '1997-10-01 00:00:00'::timestamp without time zone))"}]}]}]}, {"Node Type": "Nested Loop", "Parent Relationship": "Outer", "Join Type": "Inner", "Startup Cost": 1625863.0, "Total Cost": 1882908.01, "Plan Rows": 59380, "Plan Width": 83, "Inner Unique": true, "Plans": [{"Node Type": "Aggregate", "Strategy": "Hashed", "Parent Relationship": "Outer", "Startup Cost": 1625862.71, "Total Cost": 1626604.96, "Plan Rows": 59380, "Plan Width": 40, "Group By Key": ["public.lineitem.l_suppkey"], "Filter": "(sum((public.lineitem.l_extendedprice * (1::double precision - public.lineitem.l_discount))) = $0), (LLVM Optimized)", "Plans": [{"Node Type": "Bitmap Heap Scan", "Parent Relationship": "Outer", "Relation Name": "lineitem", "Alias": "lineitem", "Startup Cost": 78544.19, "Total Cost": 1586191.59, "Plan Rows": 2266921, "Plan Width": 24, "Recheck Cond": "((l_shipdate >= '1997-07-01 00:00:00'::timestamp(0) without time zone) AND (l_shipdate < '1997-10-01 00:00:00'::timestamp without time zone)), (LLVM Optimized)", "Plans": [{"Node Type": "Bitmap Index Scan", "Parent Relationship": "Outer", "Index Name": "idx_lineitem_shipdate", "Startup Cost": 0.0, "Total Cost": 77977.46, "Plan Rows": 2266921, "Plan Width": 0, "Index Cond": "((l_shipdate >= '1997-07-01 00:00:00'::timestamp(0) without time zone) AND (l_shipdate < '1997-10-01 00:00:00'::timestamp without time zone))"}]}]}, {"Node Type": "Bitmap Heap Scan", "Parent Relationship": "Inner", "Relation Name": "supplier", "Alias": "supplier", "Startup Cost": 0.28, "Total Cost": 4.3, "Plan Rows": 1, "Plan Width": 75, "Recheck Cond": "(s_suppkey = public.lineitem.l_suppkey)", "Plans": [{"Node Type": "Bitmap Index Scan", "Parent Relationship": "Outer", "Index Name": "supplier_pkey", "Startup Cost": 0.0, "Total Cost": 0.28, "Plan Rows": 1, "Plan Width": 0, "Index Cond": "(s_suppkey = public.lineitem.l_suppkey)"}]}]}]}, "Unique SQL Id": 3712096918, "Planner Runtime": 0}, "explain_analyze_plan": {"Plan": {"Node Type": "Sort", "Startup Cost": 3497813.02, "Total Cost": 3497961.47, "Plan Rows": 59380, "Plan Width": 83, "Actual Startup Time": 11573.67, "Actual Total Time": 11573.671, "Actual Rows": 1, "Actual Loops": 1, "Sort Key": ["supplier.s_suppkey"], "Sort Method": "quicksort", "Sort Space Used": 25, "Sort Space Type": "Memory", "Plans": [{"Node Type": "Aggregate", "Strategy": "Plain", "Parent Relationship": "exec_init_plan", "Subplan Name": "InitPlan 1 (returns $0)", "Startup Cost": 1610196.85, "Total Cost": 1610196.86, "Plan Rows": 1, "Plan Width": 16, "Actual Startup Time": 5810.994, "Actual Total Time": 5810.994, "Actual Rows": 1, "Actual Loops": 1, "Plans": [{"Node Type": "Aggregate", "Strategy": "Hashed", "Parent Relationship": "Outer", "Startup Cost": 1608860.8, "Total Cost": 1609454.6, "Plan Rows": 59380, "Plan Width": 32, "Actual Startup Time": 5762.308, "Actual Total Time": 5795.992, "Actual Rows": 100000, "Actual Loops": 1, "Group By Key": ["public.lineitem.l_suppkey"], "Plans": [{"Node Type": "Bitmap Heap Scan", "Parent Relationship": "Outer", "Relation Name": "lineitem", "Alias": "lineitem", "Startup Cost": 78544.19, "Total Cost": 1586191.59, "Plan Rows": 2266921, "Plan Width": 24, "Actual Startup Time": 1233.691, "Actual Total Time": 4071.08, "Actual Rows": 2293944, "Actual Loops": 1, "Recheck Cond": "((l_shipdate >= '1997-07-01 00:00:00'::timestamp(0) without time zone) AND (l_shipdate < '1997-10-01 00:00:00'::timestamp without time zone)), (LLVM Optimized, Jit Execute)", "Rows Removed by Index Recheck": 0, "Exact Heap Blocks": 732487, "Lossy Heap Blocks": 732487, "Plans": [{"Node Type": "Bitmap Index Scan", "Parent Relationship": "Outer", "Index Name": "idx_lineitem_shipdate", "Startup Cost": 0.0, "Total Cost": 77977.46, "Plan Rows": 2266921, "Plan Width": 0, "Actual Startup Time": 943.405, "Actual Total Time": 943.405, "Actual Rows": 2293944, "Actual Loops": 1, "Index Cond": "((l_shipdate >= '1997-07-01 00:00:00'::timestamp(0) without time zone) AND (l_shipdate < '1997-10-01 00:00:00'::timestamp without time zone))"}]}]}]}, {"Node Type": "Nested Loop", "Parent Relationship": "Outer", "Join Type": "Inner", "Startup Cost": 1625863.0, "Total Cost": 1882908.01, "Plan Rows": 59380, "Plan Width": 83, "Actual Startup Time": 11554.935, "Actual Total Time": 11573.643, "Actual Rows": 1, "Actual Loops": 1, "Inner Unique": true, "Plans": [{"Node Type": "Aggregate", "Strategy": "Hashed", "Parent Relationship": "Outer", "Startup Cost": 1625862.71, "Total Cost": 1626604.96, "Plan Rows": 59380, "Plan Width": 40, "Actual Startup Time": 11554.824, "Actual Total Time": 11573.326, "Actual Rows": 1, "Actual Loops": 1, "Group By Key": ["public.lineitem.l_suppkey"], "Filter": "(sum((public.lineitem.l_extendedprice * (1::double precision - public.lineitem.l_discount))) = $0), (LLVM Optimized, Jit Execute)", "Rows Removed by Filter": 99999, "Plans": [{"Node Type": "Bitmap Heap Scan", "Parent Relationship": "Outer", "Relation Name": "lineitem", "Alias": "lineitem", "Startup Cost": 78544.19, "Total Cost": 1586191.59, "Plan Rows": 2266921, "Plan Width": 24, "Actual Startup Time": 1251.575, "Actual Total Time": 4123.103, "Actual Rows": 2293944, "Actual Loops": 1, "Recheck Cond": "((l_shipdate >= '1997-07-01 00:00:00'::timestamp(0) without time zone) AND (l_shipdate < '1997-10-01 00:00:00'::timestamp without time zone)), (LLVM Optimized, Jit Execute)", "Rows Removed by Index Recheck": 0, "Exact Heap Blocks": 732487, "Lossy Heap Blocks": 732487, "Plans": [{"Node Type": "Bitmap Index Scan", "Parent Relationship": "Outer", "Index Name": "idx_lineitem_shipdate", "Startup Cost": 0.0, "Total Cost": 77977.46, "Plan Rows": 2266921, "Plan Width": 0, "Actual Startup Time": 951.166, "Actual Total Time": 951.166, "Actual Rows": 2293944, "Actual Loops": 1, "Index Cond": "((l_shipdate >= '1997-07-01 00:00:00'::timestamp(0) without time zone) AND (l_shipdate < '1997-10-01 00:00:00'::timestamp without time zone))"}]}]}, {"Node Type": "Bitmap Heap Scan", "Parent Relationship": "Inner", "Relation Name": "supplier", "Alias": "supplier", "Startup Cost": 0.28, "Total Cost": 4.3, "Plan Rows": 1, "Plan Width": 75, "Actual Startup Time": 0.082, "Actual Total Time": 0.082, "Actual Rows": 1, "Actual Loops": 1, "Recheck Cond": "(s_suppkey = public.lineitem.l_suppkey)", "Rows Removed by Index Recheck": 0, "Exact Heap Blocks": 1, "Lossy Heap Blocks": 1, "Plans": [{"Node Type": "Bitmap Index Scan", "Parent Relationship": "Outer", "Index Name": "supplier_pkey", "Startup Cost": 0.0, "Total Cost": 0.28, "Plan Rows": 1, "Plan Width": 0, "Actual Startup Time": 0.037, "Actual Total Time": 0.037, "Actual Rows": 1, "Actual Loops": 1, "Index Cond": "(s_suppkey = public.lineitem.l_suppkey)"}]}]}]}, "Triggers": [], "Planner Runtime": 0.887, "Total Runtime": 11586.661, "Unique SQL Id": 3712096918}}, "(64, '119')": {"explain_plan": {"Plan": {"Node Type": "Sort", "Startup Cost": 3497813.02, "Total Cost": 3497961.47, "Plan Rows": 59380, "Plan Width": 83, "Sort Key": ["supplier.s_suppkey"], "Plans": [{"Node Type": "Aggregate", "Strategy": "Plain", "Parent Relationship": "exec_init_plan", "Subplan Name": "InitPlan 1 (returns $0)", "Startup Cost": 1610196.85, "Total Cost": 1610196.86, "Plan Rows": 1, "Plan Width": 16, "Plans": [{"Node Type": "Aggregate", "Strategy": "Hashed", "Parent Relationship": "Outer", "Startup Cost": 1608860.8, "Total Cost": 1609454.6, "Plan Rows": 59380, "Plan Width": 32, "Group By Key": ["public.lineitem.l_suppkey"], "Plans": [{"Node Type": "Bitmap Heap Scan", "Parent Relationship": "Outer", "Relation Name": "lineitem", "Alias": "lineitem", "Startup Cost": 78544.19, "Total Cost": 1586191.59, "Plan Rows": 2266921, "Plan Width": 24, "Recheck Cond": "((l_shipdate >= '1997-07-01 00:00:00'::timestamp(0) without time zone) AND (l_shipdate < '1997-10-01 00:00:00'::timestamp without time zone)), (LLVM Optimized)", "Plans": [{"Node Type": "Bitmap Index Scan", "Parent Relationship": "Outer", "Index Name": "idx_lineitem_shipdate", "Startup Cost": 0.0, "Total Cost": 77977.46, "Plan Rows": 2266921, "Plan Width": 0, "Index Cond": "((l_shipdate >= '1997-07-01 00:00:00'::timestamp(0) without time zone) AND (l_shipdate < '1997-10-01 00:00:00'::timestamp without time zone))"}]}]}]}, {"Node Type": "Nested Loop", "Parent Relationship": "Outer", "Join Type": "Inner", "Startup Cost": 1625863.0, "Total Cost": 1882908.01, "Plan Rows": 59380, "Plan Width": 83, "Inner Unique": true, "Plans": [{"Node Type": "Aggregate", "Strategy": "Hashed", "Parent Relationship": "Outer", "Startup Cost": 1625862.71, "Total Cost": 1626604.96, "Plan Rows": 59380, "Plan Width": 40, "Group By Key": ["public.lineitem.l_suppkey"], "Filter": "(sum((public.lineitem.l_extendedprice * (1::double precision - public.lineitem.l_discount))) = $0), (LLVM Optimized)", "Plans": [{"Node Type": "Bitmap Heap Scan", "Parent Relationship": "Outer", "Relation Name": "lineitem", "Alias": "lineitem", "Startup Cost": 78544.19, "Total Cost": 1586191.59, "Plan Rows": 2266921, "Plan Width": 24, "Recheck Cond": "((l_shipdate >= '1997-07-01 00:00:00'::timestamp(0) without time zone) AND (l_shipdate < '1997-10-01 00:00:00'::timestamp without time zone)), (LLVM Optimized)", "Plans": [{"Node Type": "Bitmap Index Scan", "Parent Relationship": "Outer", "Index Name": "idx_lineitem_shipdate", "Startup Cost": 0.0, "Total Cost": 77977.46, "Plan Rows": 2266921, "Plan Width": 0, "Index Cond": "((l_shipdate >= '1997-07-01 00:00:00'::timestamp(0) without time zone) AND (l_shipdate < '1997-10-01 00:00:00'::timestamp without time zone))"}]}]}, {"Node Type": "Bitmap Heap Scan", "Parent Relationship": "Inner", "Relation Name": "supplier", "Alias": "supplier", "Startup Cost": 0.28, "Total Cost": 4.3, "Plan Rows": 1, "Plan Width": 75, "Recheck Cond": "(s_suppkey = public.lineitem.l_suppkey)", "Plans": [{"Node Type": "Bitmap Index Scan", "Parent Relationship": "Outer", "Index Name": "supplier_pkey", "Startup Cost": 0.0, "Total Cost": 0.28, "Plan Rows": 1, "Plan Width": 0, "Index Cond": "(s_suppkey = public.lineitem.l_suppkey)"}]}]}]}, "Unique SQL Id": 3712096918, "Planner Runtime": 0}, "explain_analyze_plan": {"Plan": {"Node Type": "Sort", "Startup Cost": 3497813.02, "Total Cost": 3497961.47, "Plan Rows": 59380, "Plan Width": 83, "Actual Startup Time": 11573.67, "Actual Total Time": 11573.671, "Actual Rows": 1, "Actual Loops": 1, "Sort Key": ["supplier.s_suppkey"], "Sort Method": "quicksort", "Sort Space Used": 25, "Sort Space Type": "Memory", "Plans": [{"Node Type": "Aggregate", "Strategy": "Plain", "Parent Relationship": "exec_init_plan", "Subplan Name": "InitPlan 1 (returns $0)", "Startup Cost": 1610196.85, "Total Cost": 1610196.86, "Plan Rows": 1, "Plan Width": 16, "Actual Startup Time": 5810.994, "Actual Total Time": 5810.994, "Actual Rows": 1, "Actual Loops": 1, "Plans": [{"Node Type": "Aggregate", "Strategy": "Hashed", "Parent Relationship": "Outer", "Startup Cost": 1608860.8, "Total Cost": 1609454.6, "Plan Rows": 59380, "Plan Width": 32, "Actual Startup Time": 5762.308, "Actual Total Time": 5795.992, "Actual Rows": 100000, "Actual Loops": 1, "Group By Key": ["public.lineitem.l_suppkey"], "Plans": [{"Node Type": "Bitmap Heap Scan", "Parent Relationship": "Outer", "Relation Name": "lineitem", "Alias": "lineitem", "Startup Cost": 78544.19, "Total Cost": 1586191.59, "Plan Rows": 2266921, "Plan Width": 24, "Actual Startup Time": 1233.691, "Actual Total Time": 4071.08, "Actual Rows": 2293944, "Actual Loops": 1, "Recheck Cond": "((l_shipdate >= '1997-07-01 00:00:00'::timestamp(0) without time zone) AND (l_shipdate < '1997-10-01 00:00:00'::timestamp without time zone)), (LLVM Optimized, Jit Execute)", "Rows Removed by Index Recheck": 0, "Exact Heap Blocks": 732487, "Lossy Heap Blocks": 732487, "Plans": [{"Node Type": "Bitmap Index Scan", "Parent Relationship": "Outer", "Index Name": "idx_lineitem_shipdate", "Startup Cost": 0.0, "Total Cost": 77977.46, "Plan Rows": 2266921, "Plan Width": 0, "Actual Startup Time": 943.405, "Actual Total Time": 943.405, "Actual Rows": 2293944, "Actual Loops": 1, "Index Cond": "((l_shipdate >= '1997-07-01 00:00:00'::timestamp(0) without time zone) AND (l_shipdate < '1997-10-01 00:00:00'::timestamp without time zone))"}]}]}]}, {"Node Type": "Nested Loop", "Parent Relationship": "Outer", "Join Type": "Inner", "Startup Cost": 1625863.0, "Total Cost": 1882908.01, "Plan Rows": 59380, "Plan Width": 83, "Actual Startup Time": 11554.935, "Actual Total Time": 11573.643, "Actual Rows": 1, "Actual Loops": 1, "Inner Unique": true, "Plans": [{"Node Type": "Aggregate", "Strategy": "Hashed", "Parent Relationship": "Outer", "Startup Cost": 1625862.71, "Total Cost": 1626604.96, "Plan Rows": 59380, "Plan Width": 40, "Actual Startup Time": 11554.824, "Actual Total Time": 11573.326, "Actual Rows": 1, "Actual Loops": 1, "Group By Key": ["public.lineitem.l_suppkey"], "Filter": "(sum((public.lineitem.l_extendedprice * (1::double precision - public.lineitem.l_discount))) = $0), (LLVM Optimized, Jit Execute)", "Rows Removed by Filter": 99999, "Plans": [{"Node Type": "Bitmap Heap Scan", "Parent Relationship": "Outer", "Relation Name": "lineitem", "Alias": "lineitem", "Startup Cost": 78544.19, "Total Cost": 1586191.59, "Plan Rows": 2266921, "Plan Width": 24, "Actual Startup Time": 1251.575, "Actual Total Time": 4123.103, "Actual Rows": 2293944, "Actual Loops": 1, "Recheck Cond": "((l_shipdate >= '1997-07-01 00:00:00'::timestamp(0) without time zone) AND (l_shipdate < '1997-10-01 00:00:00'::timestamp without time zone)), (LLVM Optimized, Jit Execute)", "Rows Removed by Index Recheck": 0, "Exact Heap Blocks": 732487, "Lossy Heap Blocks": 732487, "Plans": [{"Node Type": "Bitmap Index Scan", "Parent Relationship": "Outer", "Index Name": "idx_lineitem_shipdate", "Startup Cost": 0.0, "Total Cost": 77977.46, "Plan Rows": 2266921, "Plan Width": 0, "Actual Startup Time": 951.166, "Actual Total Time": 951.166, "Actual Rows": 2293944, "Actual Loops": 1, "Index Cond": "((l_shipdate >= '1997-07-01 00:00:00'::timestamp(0) without time zone) AND (l_shipdate < '1997-10-01 00:00:00'::timestamp without time zone))"}]}]}, {"Node Type": "Bitmap Heap Scan", "Parent Relationship": "Inner", "Relation Name": "supplier", "Alias": "supplier", "Startup Cost": 0.28, "Total Cost": 4.3, "Plan Rows": 1, "Plan Width": 75, "Actual Startup Time": 0.082, "Actual Total Time": 0.082, "Actual Rows": 1, "Actual Loops": 1, "Recheck Cond": "(s_suppkey = public.lineitem.l_suppkey)", "Rows Removed by Index Recheck": 0, "Exact Heap Blocks": 1, "Lossy Heap Blocks": 1, "Plans": [{"Node Type": "Bitmap Index Scan", "Parent Relationship": "Outer", "Index Name": "supplier_pkey", "Startup Cost": 0.0, "Total Cost": 0.28, "Plan Rows": 1, "Plan Width": 0, "Actual Startup Time": 0.037, "Actual Total Time": 0.037, "Actual Rows": 1, "Actual Loops": 1, "Index Cond": "(s_suppkey = public.lineitem.l_suppkey)"}]}]}]}, "Triggers": [], "Planner Runtime": 0.887, "Total Runtime": 11586.661, "Unique SQL Id": 3712096918}}, "(64, '120')": {"explain_plan": {"Plan": {"Node Type": "Sort", "Startup Cost": 4727127.98, "Total Cost": 4727276.43, "Plan Rows": 59380, "Plan Width": 83, "Sort Key": ["supplier.s_suppkey"], "Plans": [{"Node Type": "Aggregate", "Strategy": "Plain", "Parent Relationship": "exec_init_plan", "Subplan Name": "InitPlan 1 (returns $0)", "Startup Cost": 2339055.76, "Total Cost": 2339055.77, "Plan Rows": 1, "Plan Width": 16, "Plans": [{"Node Type": "Aggregate", "Strategy": "Hashed", "Parent Relationship": "Outer", "Startup Cost": 2337719.71, "Total Cost": 2338313.51, "Plan Rows": 59380, "Plan Width": 32, "Group By Key": ["public.lineitem.l_suppkey"], "Plans": [{"Node Type": "Seq Scan", "Parent Relationship": "Outer", "Relation Name": "lineitem", "Alias": "lineitem", "Startup Cost": 25.32, "Total Cost": 2315050.5, "Plan Rows": 2266921, "Plan Width": 24, "Filter": "((l_shipdate >= '1997-07-01 00:00:00'::timestamp(0) without time zone) AND (l_shipdate < '1997-10-01 00:00:00'::timestamp without time zone)), (LLVM Optimized)"}]}]}, {"Node Type": "Nested Loop", "Parent Relationship": "Outer", "Join Type": "Inner", "Startup Cost": 2354721.61, "Total Cost": 2383364.06, "Plan Rows": 59380, "Plan Width": 83, "Inner Unique": true, "Plans": [{"Node Type": "Aggregate", "Strategy": "Hashed", "Parent Relationship": "Outer", "Startup Cost": 2354721.61, "Total Cost": 2355463.86, "Plan Rows": 59380, "Plan Width": 40, "Group By Key": ["public.lineitem.l_suppkey"], "Filter": "(sum((public.lineitem.l_extendedprice * (1::double precision - public.lineitem.l_discount))) = $0), (LLVM Optimized)", "Plans": [{"Node Type": "Seq Scan", "Parent Relationship": "Outer", "Relation Name": "lineitem", "Alias": "lineitem", "Startup Cost": 25.32, "Total Cost": 2315050.5, "Plan Rows": 2266921, "Plan Width": 24, "Filter": "((l_shipdate >= '1997-07-01 00:00:00'::timestamp(0) without time zone) AND (l_shipdate < '1997-10-01 00:00:00'::timestamp without time zone)), (LLVM Optimized)"}]}, {"Node Type": "Index Scan", "Parent Relationship": "Inner", "Scan Direction": "Forward", "Index Name": "supplier_pkey", "Relation Name": "supplier", "Alias": "supplier", "Startup Cost": 0.0, "Total Cost": 0.45, "Plan Rows": 1, "Plan Width": 75, "Index Cond": "(s_suppkey = public.lineitem.l_suppkey)"}]}]}, "Unique SQL Id": 3712096918, "Planner Runtime": 0}, "explain_analyze_plan": null}, "(64, '121')": {"explain_plan": {"Plan": {"Node Type": "Sort", "Startup Cost": 10368528.3, "Total Cost": 10368676.75, "Plan Rows": 59380, "Plan Width": 83, "Sort Key": ["supplier.s_suppkey"], "Plans": [{"Node Type": "Aggregate", "Strategy": "Plain", "Parent Relationship": "exec_init_plan", "Subplan Name": "InitPlan 1 (returns $0)", "Startup Cost": 5159755.92, "Total Cost": 5159755.93, "Plan Rows": 1, "Plan Width": 16, "Plans": [{"Node Type": "Aggregate", "Strategy": "Hashed", "Parent Relationship": "Outer", "Startup Cost": 5158419.87, "Total Cost": 5159013.67, "Plan Rows": 59380, "Plan Width": 32, "Group By Key": ["public.lineitem.l_suppkey"], "Plans": [{"Node Type": "Index Scan", "Parent Relationship": "Outer", "Scan Direction": "Forward", "Index Name": "idx_lineitem_shipdate", "Relation Name": "lineitem", "Alias": "lineitem", "Startup Cost": 0.0, "Total Cost": 5135750.66, "Plan Rows": 2266921, "Plan Width": 24, "Index Cond": "((l_shipdate >= '1997-07-01 00:00:00'::timestamp(0) without time zone) AND (l_shipdate < '1997-10-01 00:00:00'::timestamp without time zone)), (LLVM Optimized)"}]}]}, {"Node Type": "Nested Loop", "Parent Relationship": "Outer", "Join Type": "Inner", "Startup Cost": 5175421.77, "Total Cost": 5204064.22, "Plan Rows": 59380, "Plan Width": 83, "Inner Unique": true, "Plans": [{"Node Type": "Aggregate", "Strategy": "Hashed", "Parent Relationship": "Outer", "Startup Cost": 5175421.77, "Total Cost": 5176164.02, "Plan Rows": 59380, "Plan Width": 40, "Group By Key": ["public.lineitem.l_suppkey"], "Filter": "(sum((public.lineitem.l_extendedprice * (1::double precision - public.lineitem.l_discount))) = $0), (LLVM Optimized)", "Plans": [{"Node Type": "Index Scan", "Parent Relationship": "Outer", "Scan Direction": "Forward", "Index Name": "idx_lineitem_shipdate", "Relation Name": "lineitem", "Alias": "lineitem", "Startup Cost": 0.0, "Total Cost": 5135750.66, "Plan Rows": 2266921, "Plan Width": 24, "Index Cond": "((l_shipdate >= '1997-07-01 00:00:00'::timestamp(0) without time zone) AND (l_shipdate < '1997-10-01 00:00:00'::timestamp without time zone)), (LLVM Optimized)"}]}, {"Node Type": "Index Scan", "Parent Relationship": "Inner", "Scan Direction": "Forward", "Index Name": "supplier_pkey", "Relation Name": "supplier", "Alias": "supplier", "Startup Cost": 0.0, "Total Cost": 0.45, "Plan Rows": 1, "Plan Width": 75, "Index Cond": "(s_suppkey = public.lineitem.l_suppkey)"}]}]}, "Unique SQL Id": 3712096918, "Planner Runtime": 0}, "explain_analyze_plan": {"Plan": {"Node Type": "Sort", "Startup Cost": 10368528.3, "Total Cost": 10368676.75, "Plan Rows": 59380, "Plan Width": 83, "Actual Startup Time": 15872.593, "Actual Total Time": 15872.595, "Actual Rows": 1, "Actual Loops": 1, "Sort Key": ["supplier.s_suppkey"], "Sort Method": "quicksort", "Sort Space Used": 25, "Sort Space Type": "Memory", "Plans": [{"Node Type": "Aggregate", "Strategy": "Plain", "Parent Relationship": "exec_init_plan", "Subplan Name": "InitPlan 1 (returns $0)", "Startup Cost": 5159755.92, "Total Cost": 5159755.93, "Plan Rows": 1, "Plan Width": 16, "Actual Startup Time": 7911.817, "Actual Total Time": 7911.817, "Actual Rows": 1, "Actual Loops": 1, "Plans": [{"Node Type": "Aggregate", "Strategy": "Hashed", "Parent Relationship": "Outer", "Startup Cost": 5158419.87, "Total Cost": 5159013.67, "Plan Rows": 59380, "Plan Width": 32, "Actual Startup Time": 7867.048, "Actual Total Time": 7896.699, "Actual Rows": 100000, "Actual Loops": 1, "Group By Key": ["public.lineitem.l_suppkey"], "Plans": [{"Node Type": "Index Scan", "Parent Relationship": "Outer", "Scan Direction": "Forward", "Index Name": "idx_lineitem_shipdate", "Relation Name": "lineitem", "Alias": "lineitem", "Startup Cost": 0.0, "Total Cost": 5135750.66, "Plan Rows": 2266921, "Plan Width": 24, "Actual Startup Time": 0.062, "Actual Total Time": 5871.631, "Actual Rows": 2293944, "Actual Loops": 1, "Index Cond": "((l_shipdate >= '1997-07-01 00:00:00'::timestamp(0) without time zone) AND (l_shipdate < '1997-10-01 00:00:00'::timestamp without time zone)), (LLVM Optimized, Jit Execute)", "Rows Removed by Index Recheck": 0}]}]}, {"Node Type": "Nested Loop", "Parent Relationship": "Outer", "Join Type": "Inner", "Startup Cost": 5175421.77, "Total Cost": 5204064.22, "Plan Rows": 59380, "Plan Width": 83, "Actual Startup Time": 15853.79, "Actual Total Time": 15872.562, "Actual Rows": 1, "Actual Loops": 1, "Inner Unique": true, "Plans": [{"Node Type": "Aggregate", "Strategy": "Hashed", "Parent Relationship": "Outer", "Startup Cost": 5175421.77, "Total Cost": 5176164.02, "Plan Rows": 59380, "Plan Width": 40, "Actual Startup Time": 15853.725, "Actual Total Time": 15872.285, "Actual Rows": 1, "Actual Loops": 1, "Group By Key": ["public.lineitem.l_suppkey"], "Filter": "(sum((public.lineitem.l_extendedprice * (1::double precision - public.lineitem.l_discount))) = $0), (LLVM Optimized, Jit Execute)", "Rows Removed by Filter": 99999, "Plans": [{"Node Type": "Index Scan", "Parent Relationship": "Outer", "Scan Direction": "Forward", "Index Name": "idx_lineitem_shipdate", "Relation Name": "lineitem", "Alias": "lineitem", "Startup Cost": 0.0, "Total Cost": 5135750.66, "Plan Rows": 2266921, "Plan Width": 24, "Actual Startup Time": 0.067, "Actual Total Time": 5918.777, "Actual Rows": 2293944, "Actual Loops": 1, "Index Cond": "((l_shipdate >= '1997-07-01 00:00:00'::timestamp(0) without time zone) AND (l_shipdate < '1997-10-01 00:00:00'::timestamp without time zone)), (LLVM Optimized, Jit Execute)", "Rows Removed by Index Recheck": 0}]}, {"Node Type": "Index Scan", "Parent Relationship": "Inner", "Scan Direction": "Forward", "Index Name": "supplier_pkey", "Relation Name": "supplier", "Alias": "supplier", "Startup Cost": 0.0, "Total Cost": 0.45, "Plan Rows": 1, "Plan Width": 75, "Actual Startup Time": 0.043, "Actual Total Time": 0.043, "Actual Rows": 1, "Actual Loops": 1, "Index Cond": "(s_suppkey = public.lineitem.l_suppkey)", "Rows Removed by Index Recheck": 0}]}]}, "Triggers": [], "Planner Runtime": 0.856, "Total Runtime": 15883.863, "Unique SQL Id": 3712096918}}, "(64, '122')": {"explain_plan": {"Plan": {"Node Type": "Sort", "Startup Cost": 93773253.03, "Total Cost": 93773401.48, "Plan Rows": 59380, "Plan Width": 83, "Sort Key": ["supplier.s_suppkey"], "Plans": [{"Node Type": "Aggregate", "Strategy": "Plain", "Parent Relationship": "exec_init_plan", "Subplan Name": "InitPlan 1 (returns $0)", "Startup Cost": 2339055.76, "Total Cost": 2339055.77, "Plan Rows": 1, "Plan Width": 16, "Plans": [{"Node Type": "Aggregate", "Strategy": "Hashed", "Parent Relationship": "Outer", "Startup Cost": 2337719.71, "Total Cost": 2338313.51, "Plan Rows": 59380, "Plan Width": 32, "Group By Key": ["public.lineitem.l_suppkey"], "Plans": [{"Node Type": "Seq Scan", "Parent Relationship": "Outer", "Relation Name": "lineitem", "Alias": "lineitem", "Startup Cost": 25.32, "Total Cost": 2315050.5, "Plan Rows": 2266921, "Plan Width": 24, "Filter": "((l_shipdate >= '1997-07-01 00:00:00'::timestamp(0) without time zone) AND (l_shipdate < '1997-10-01 00:00:00'::timestamp without time zone)), (LLVM Optimized)"}]}]}, {"Node Type": "Nested Loop", "Parent Relationship": "Outer", "Join Type": "Inner", "Startup Cost": 2354721.61, "Total Cost": 91429489.11, "Plan Rows": 59380, "Plan Width": 83, "Inner Unique": true, "Join Filter": "(supplier.s_suppkey = revenue0.supplier_no)", "Plans": [{"Node Type": "Seq Scan", "Parent Relationship": "Outer", "Relation Name": "supplier", "Alias": "supplier", "Startup Cost": 0.0, "Total Cost": 3283.0, "Plan Rows": 100000, "Plan Width": 75}, {"Node Type": "Materialize", "Parent Relationship": "Inner", "Startup Cost": 2354721.61, "Total Cost": 2356354.56, "Plan Rows": 59380, "Plan Width": 16, "Plans": [{"Node Type": "Subquery Scan", "Parent Relationship": "Outer", "Alias": "revenue0", "Startup Cost": 2354721.61, "Total Cost": 2356057.66, "Plan Rows": 59380, "Plan Width": 16, "Plans": [{"Node Type": "Aggregate", "Strategy": "Hashed", "Parent Relationship": "Subquery", "Startup Cost": 2354721.61, "Total Cost": 2355463.86, "Plan Rows": 59380, "Plan Width": 40, "Group By Key": ["public.lineitem.l_suppkey"], "Filter": "(sum((public.lineitem.l_extendedprice * (1::double precision - public.lineitem.l_discount))) = $0), (LLVM Optimized)", "Plans": [{"Node Type": "Seq Scan", "Parent Relationship": "Outer", "Relation Name": "lineitem", "Alias": "lineitem", "Startup Cost": 25.32, "Total Cost": 2315050.5, "Plan Rows": 2266921, "Plan Width": 24, "Filter": "((l_shipdate >= '1997-07-01 00:00:00'::timestamp(0) without time zone) AND (l_shipdate < '1997-10-01 00:00:00'::timestamp without time zone)), (LLVM Optimized)"}]}]}]}]}]}, "Unique SQL Id": 3712096918, "Planner Runtime": 0}, "explain_analyze_plan": null}, "(64, '123')": {"explain_plan": {"Plan": {"Node Type": "Nested Loop", "Join Type": "Inner", "Startup Cost": 2010463073775.39, "Total Cost": 3000552678714.27, "Plan Rows": 59380, "Plan Width": 83, "Inner Unique": true, "Join Filter": "(supplier.s_suppkey = revenue0.supplier_no)", "Plans": [{"Node Type": "Aggregate", "Strategy": "Plain", "Parent Relationship": "exec_init_plan", "Subplan Name": "InitPlan 1 (returns $0)", "Startup Cost": 1000231529054.76, "Total Cost": 1000231529054.77, "Plan Rows": 1, "Plan Width": 16, "Plans": [{"Node Type": "Aggregate", "Strategy": "Hashed", "Parent Relationship": "Outer", "Startup Cost": 1000231527718.71, "Total Cost": 1000231528312.51, "Plan Rows": 59380, "Plan Width": 32, "Group By Key": ["public.lineitem.l_suppkey"], "Plans": [{"Node Type": "Seq Scan", "Parent Relationship": "Outer", "Relation Name": "lineitem", "Alias": "lineitem", "Startup Cost": 10000000025.02, "Total Cost": 1000231505049.5, "Plan Rows": 2266921, "Plan Width": 24, "Filter": "((l_shipdate >= '1997-07-01 00:00:00'::timestamp(0) without time zone) AND (l_shipdate < '1997-10-01 00:00:00'::timestamp without time zone)), (LLVM Optimized)"}]}]}, {"Node Type": "Index Scan", "Parent Relationship": "Outer", "Scan Direction": "Forward", "Index Name": "supplier_pkey", "Relation Name": "supplier", "Alias": "supplier", "Startup Cost": 10000000000.0, "Total Cost": 1000000533454.38, "Plan Rows": 100000, "Plan Width": 75}, {"Node Type": "Materialize", "Parent Relationship": "Inner", "Startup Cost": 1000231544720.62, "Total Cost": 1000231546353.57, "Plan Rows": 59380, "Plan Width": 16, "Plans": [{"Node Type": "Subquery Scan", "Parent Relationship": "Outer", "Alias": "revenue0", "Startup Cost": 1000231544720.62, "Total Cost": 1000231546056.67, "Plan Rows": 59380, "Plan Width": 16, "Plans": [{"Node Type": "Aggregate", "Strategy": "Hashed", "Parent Relationship": "Subquery", "Startup Cost": 1000231544720.62, "Total Cost": 1000231545462.87, "Plan Rows": 59380, "Plan Width": 40, "Group By Key": ["public.lineitem.l_suppkey"], "Filter": "(sum((public.lineitem.l_extendedprice * (1::double precision - public.lineitem.l_discount))) = $0), (LLVM Optimized)", "Plans": [{"Node Type": "Seq Scan", "Parent Relationship": "Outer", "Relation Name": "lineitem", "Alias": "lineitem", "Startup Cost": 10000000025.02, "Total Cost": 1000231505049.5, "Plan Rows": 2266921, "Plan Width": 24, "Filter": "((l_shipdate >= '1997-07-01 00:00:00'::timestamp(0) without time zone) AND (l_shipdate < '1997-10-01 00:00:00'::timestamp without time zone)), (LLVM Optimized)"}]}]}]}]}, "Unique SQL Id": 3712096918, "Planner Runtime": 0}, "explain_analyze_plan": null}, "(64, '124')": {"explain_plan": {"Plan": {"Node Type": "Sort", "Startup Cost": 4727127.98, "Total Cost": 4727276.43, "Plan Rows": 59380, "Plan Width": 83, "Sort Key": ["supplier.s_suppkey"], "Plans": [{"Node Type": "Aggregate", "Strategy": "Plain", "Parent Relationship": "exec_init_plan", "Subplan Name": "InitPlan 1 (returns $0)", "Startup Cost": 2339055.76, "Total Cost": 2339055.77, "Plan Rows": 1, "Plan Width": 16, "Plans": [{"Node Type": "Aggregate", "Strategy": "Hashed", "Parent Relationship": "Outer", "Startup Cost": 2337719.71, "Total Cost": 2338313.51, "Plan Rows": 59380, "Plan Width": 32, "Group By Key": ["public.lineitem.l_suppkey"], "Plans": [{"Node Type": "Seq Scan", "Parent Relationship": "Outer", "Relation Name": "lineitem", "Alias": "lineitem", "Startup Cost": 25.32, "Total Cost": 2315050.5, "Plan Rows": 2266921, "Plan Width": 24, "Filter": "((l_shipdate >= '1997-07-01 00:00:00'::timestamp(0) without time zone) AND (l_shipdate < '1997-10-01 00:00:00'::timestamp without time zone)), (LLVM Optimized)"}]}]}, {"Node Type": "Nested Loop", "Parent Relationship": "Outer", "Join Type": "Inner", "Startup Cost": 2354721.61, "Total Cost": 2383364.06, "Plan Rows": 59380, "Plan Width": 83, "Inner Unique": true, "Plans": [{"Node Type": "Aggregate", "Strategy": "Hashed", "Parent Relationship": "Outer", "Startup Cost": 2354721.61, "Total Cost": 2355463.86, "Plan Rows": 59380, "Plan Width": 40, "Group By Key": ["public.lineitem.l_suppkey"], "Filter": "(sum((public.lineitem.l_extendedprice * (1::double precision - public.lineitem.l_discount))) = $0), (LLVM Optimized)", "Plans": [{"Node Type": "Seq Scan", "Parent Relationship": "Outer", "Relation Name": "lineitem", "Alias": "lineitem", "Startup Cost": 25.32, "Total Cost": 2315050.5, "Plan Rows": 2266921, "Plan Width": 24, "Filter": "((l_shipdate >= '1997-07-01 00:00:00'::timestamp(0) without time zone) AND (l_shipdate < '1997-10-01 00:00:00'::timestamp without time zone)), (LLVM Optimized)"}]}, {"Node Type": "Index Scan", "Parent Relationship": "Inner", "Scan Direction": "Forward", "Index Name": "supplier_pkey", "Relation Name": "supplier", "Alias": "supplier", "Startup Cost": 0.0, "Total Cost": 0.45, "Plan Rows": 1, "Plan Width": 75, "Index Cond": "(s_suppkey = public.lineitem.l_suppkey)"}]}]}, "Unique SQL Id": 3712096918, "Planner Runtime": 0}, "explain_analyze_plan": null}, "(64, '125')": {"explain_plan": {"Plan": {"Node Type": "Sort", "Startup Cost": 10368528.3, "Total Cost": 10368676.75, "Plan Rows": 59380, "Plan Width": 83, "Sort Key": ["supplier.s_suppkey"], "Plans": [{"Node Type": "Aggregate", "Strategy": "Plain", "Parent Relationship": "exec_init_plan", "Subplan Name": "InitPlan 1 (returns $0)", "Startup Cost": 5159755.92, "Total Cost": 5159755.93, "Plan Rows": 1, "Plan Width": 16, "Plans": [{"Node Type": "Aggregate", "Strategy": "Hashed", "Parent Relationship": "Outer", "Startup Cost": 5158419.87, "Total Cost": 5159013.67, "Plan Rows": 59380, "Plan Width": 32, "Group By Key": ["public.lineitem.l_suppkey"], "Plans": [{"Node Type": "Index Scan", "Parent Relationship": "Outer", "Scan Direction": "Forward", "Index Name": "idx_lineitem_shipdate", "Relation Name": "lineitem", "Alias": "lineitem", "Startup Cost": 0.0, "Total Cost": 5135750.66, "Plan Rows": 2266921, "Plan Width": 24, "Index Cond": "((l_shipdate >= '1997-07-01 00:00:00'::timestamp(0) without time zone) AND (l_shipdate < '1997-10-01 00:00:00'::timestamp without time zone)), (LLVM Optimized)"}]}]}, {"Node Type": "Nested Loop", "Parent Relationship": "Outer", "Join Type": "Inner", "Startup Cost": 5175421.77, "Total Cost": 5204064.22, "Plan Rows": 59380, "Plan Width": 83, "Inner Unique": true, "Plans": [{"Node Type": "Aggregate", "Strategy": "Hashed", "Parent Relationship": "Outer", "Startup Cost": 5175421.77, "Total Cost": 5176164.02, "Plan Rows": 59380, "Plan Width": 40, "Group By Key": ["public.lineitem.l_suppkey"], "Filter": "(sum((public.lineitem.l_extendedprice * (1::double precision - public.lineitem.l_discount))) = $0), (LLVM Optimized)", "Plans": [{"Node Type": "Index Scan", "Parent Relationship": "Outer", "Scan Direction": "Forward", "Index Name": "idx_lineitem_shipdate", "Relation Name": "lineitem", "Alias": "lineitem", "Startup Cost": 0.0, "Total Cost": 5135750.66, "Plan Rows": 2266921, "Plan Width": 24, "Index Cond": "((l_shipdate >= '1997-07-01 00:00:00'::timestamp(0) without time zone) AND (l_shipdate < '1997-10-01 00:00:00'::timestamp without time zone)), (LLVM Optimized)"}]}, {"Node Type": "Index Scan", "Parent Relationship": "Inner", "Scan Direction": "Forward", "Index Name": "supplier_pkey", "Relation Name": "supplier", "Alias": "supplier", "Startup Cost": 0.0, "Total Cost": 0.45, "Plan Rows": 1, "Plan Width": 75, "Index Cond": "(s_suppkey = public.lineitem.l_suppkey)"}]}]}, "Unique SQL Id": 3712096918, "Planner Runtime": 0}, "explain_analyze_plan": {"Plan": {"Node Type": "Sort", "Startup Cost": 10368528.3, "Total Cost": 10368676.75, "Plan Rows": 59380, "Plan Width": 83, "Actual Startup Time": 15872.593, "Actual Total Time": 15872.595, "Actual Rows": 1, "Actual Loops": 1, "Sort Key": ["supplier.s_suppkey"], "Sort Method": "quicksort", "Sort Space Used": 25, "Sort Space Type": "Memory", "Plans": [{"Node Type": "Aggregate", "Strategy": "Plain", "Parent Relationship": "exec_init_plan", "Subplan Name": "InitPlan 1 (returns $0)", "Startup Cost": 5159755.92, "Total Cost": 5159755.93, "Plan Rows": 1, "Plan Width": 16, "Actual Startup Time": 7911.817, "Actual Total Time": 7911.817, "Actual Rows": 1, "Actual Loops": 1, "Plans": [{"Node Type": "Aggregate", "Strategy": "Hashed", "Parent Relationship": "Outer", "Startup Cost": 5158419.87, "Total Cost": 5159013.67, "Plan Rows": 59380, "Plan Width": 32, "Actual Startup Time": 7867.048, "Actual Total Time": 7896.699, "Actual Rows": 100000, "Actual Loops": 1, "Group By Key": ["public.lineitem.l_suppkey"], "Plans": [{"Node Type": "Index Scan", "Parent Relationship": "Outer", "Scan Direction": "Forward", "Index Name": "idx_lineitem_shipdate", "Relation Name": "lineitem", "Alias": "lineitem", "Startup Cost": 0.0, "Total Cost": 5135750.66, "Plan Rows": 2266921, "Plan Width": 24, "Actual Startup Time": 0.062, "Actual Total Time": 5871.631, "Actual Rows": 2293944, "Actual Loops": 1, "Index Cond": "((l_shipdate >= '1997-07-01 00:00:00'::timestamp(0) without time zone) AND (l_shipdate < '1997-10-01 00:00:00'::timestamp without time zone)), (LLVM Optimized, Jit Execute)", "Rows Removed by Index Recheck": 0}]}]}, {"Node Type": "Nested Loop", "Parent Relationship": "Outer", "Join Type": "Inner", "Startup Cost": 5175421.77, "Total Cost": 5204064.22, "Plan Rows": 59380, "Plan Width": 83, "Actual Startup Time": 15853.79, "Actual Total Time": 15872.562, "Actual Rows": 1, "Actual Loops": 1, "Inner Unique": true, "Plans": [{"Node Type": "Aggregate", "Strategy": "Hashed", "Parent Relationship": "Outer", "Startup Cost": 5175421.77, "Total Cost": 5176164.02, "Plan Rows": 59380, "Plan Width": 40, "Actual Startup Time": 15853.725, "Actual Total Time": 15872.285, "Actual Rows": 1, "Actual Loops": 1, "Group By Key": ["public.lineitem.l_suppkey"], "Filter": "(sum((public.lineitem.l_extendedprice * (1::double precision - public.lineitem.l_discount))) = $0), (LLVM Optimized, Jit Execute)", "Rows Removed by Filter": 99999, "Plans": [{"Node Type": "Index Scan", "Parent Relationship": "Outer", "Scan Direction": "Forward", "Index Name": "idx_lineitem_shipdate", "Relation Name": "lineitem", "Alias": "lineitem", "Startup Cost": 0.0, "Total Cost": 5135750.66, "Plan Rows": 2266921, "Plan Width": 24, "Actual Startup Time": 0.067, "Actual Total Time": 5918.777, "Actual Rows": 2293944, "Actual Loops": 1, "Index Cond": "((l_shipdate >= '1997-07-01 00:00:00'::timestamp(0) without time zone) AND (l_shipdate < '1997-10-01 00:00:00'::timestamp without time zone)), (LLVM Optimized, Jit Execute)", "Rows Removed by Index Recheck": 0}]}, {"Node Type": "Index Scan", "Parent Relationship": "Inner", "Scan Direction": "Forward", "Index Name": "supplier_pkey", "Relation Name": "supplier", "Alias": "supplier", "Startup Cost": 0.0, "Total Cost": 0.45, "Plan Rows": 1, "Plan Width": 75, "Actual Startup Time": 0.043, "Actual Total Time": 0.043, "Actual Rows": 1, "Actual Loops": 1, "Index Cond": "(s_suppkey = public.lineitem.l_suppkey)", "Rows Removed by Index Recheck": 0}]}]}, "Triggers": [], "Planner Runtime": 0.856, "Total Runtime": 15883.863, "Unique SQL Id": 3712096918}}, "(64, '126')": {"explain_plan": {"Plan": {"Node Type": "Sort", "Startup Cost": 93773253.03, "Total Cost": 93773401.48, "Plan Rows": 59380, "Plan Width": 83, "Sort Key": ["supplier.s_suppkey"], "Plans": [{"Node Type": "Aggregate", "Strategy": "Plain", "Parent Relationship": "exec_init_plan", "Subplan Name": "InitPlan 1 (returns $0)", "Startup Cost": 2339055.76, "Total Cost": 2339055.77, "Plan Rows": 1, "Plan Width": 16, "Plans": [{"Node Type": "Aggregate", "Strategy": "Hashed", "Parent Relationship": "Outer", "Startup Cost": 2337719.71, "Total Cost": 2338313.51, "Plan Rows": 59380, "Plan Width": 32, "Group By Key": ["public.lineitem.l_suppkey"], "Plans": [{"Node Type": "Seq Scan", "Parent Relationship": "Outer", "Relation Name": "lineitem", "Alias": "lineitem", "Startup Cost": 25.32, "Total Cost": 2315050.5, "Plan Rows": 2266921, "Plan Width": 24, "Filter": "((l_shipdate >= '1997-07-01 00:00:00'::timestamp(0) without time zone) AND (l_shipdate < '1997-10-01 00:00:00'::timestamp without time zone)), (LLVM Optimized)"}]}]}, {"Node Type": "Nested Loop", "Parent Relationship": "Outer", "Join Type": "Inner", "Startup Cost": 2354721.61, "Total Cost": 91429489.11, "Plan Rows": 59380, "Plan Width": 83, "Inner Unique": true, "Join Filter": "(supplier.s_suppkey = revenue0.supplier_no)", "Plans": [{"Node Type": "Seq Scan", "Parent Relationship": "Outer", "Relation Name": "supplier", "Alias": "supplier", "Startup Cost": 0.0, "Total Cost": 3283.0, "Plan Rows": 100000, "Plan Width": 75}, {"Node Type": "Materialize", "Parent Relationship": "Inner", "Startup Cost": 2354721.61, "Total Cost": 2356354.56, "Plan Rows": 59380, "Plan Width": 16, "Plans": [{"Node Type": "Subquery Scan", "Parent Relationship": "Outer", "Alias": "revenue0", "Startup Cost": 2354721.61, "Total Cost": 2356057.66, "Plan Rows": 59380, "Plan Width": 16, "Plans": [{"Node Type": "Aggregate", "Strategy": "Hashed", "Parent Relationship": "Subquery", "Startup Cost": 2354721.61, "Total Cost": 2355463.86, "Plan Rows": 59380, "Plan Width": 40, "Group By Key": ["public.lineitem.l_suppkey"], "Filter": "(sum((public.lineitem.l_extendedprice * (1::double precision - public.lineitem.l_discount))) = $0), (LLVM Optimized)", "Plans": [{"Node Type": "Seq Scan", "Parent Relationship": "Outer", "Relation Name": "lineitem", "Alias": "lineitem", "Startup Cost": 25.32, "Total Cost": 2315050.5, "Plan Rows": 2266921, "Plan Width": 24, "Filter": "((l_shipdate >= '1997-07-01 00:00:00'::timestamp(0) without time zone) AND (l_shipdate < '1997-10-01 00:00:00'::timestamp without time zone)), (LLVM Optimized)"}]}]}]}]}]}, "Unique SQL Id": 3712096918, "Planner Runtime": 0}, "explain_analyze_plan": null}, "(64, '127')": {"explain_plan": {"Plan": {"Node Type": "Nested Loop", "Join Type": "Inner", "Startup Cost": 2010463073775.39, "Total Cost": 3000552678714.27, "Plan Rows": 59380, "Plan Width": 83, "Inner Unique": true, "Join Filter": "(supplier.s_suppkey = revenue0.supplier_no)", "Plans": [{"Node Type": "Aggregate", "Strategy": "Plain", "Parent Relationship": "exec_init_plan", "Subplan Name": "InitPlan 1 (returns $0)", "Startup Cost": 1000231529054.76, "Total Cost": 1000231529054.77, "Plan Rows": 1, "Plan Width": 16, "Plans": [{"Node Type": "Aggregate", "Strategy": "Hashed", "Parent Relationship": "Outer", "Startup Cost": 1000231527718.71, "Total Cost": 1000231528312.51, "Plan Rows": 59380, "Plan Width": 32, "Group By Key": ["public.lineitem.l_suppkey"], "Plans": [{"Node Type": "Seq Scan", "Parent Relationship": "Outer", "Relation Name": "lineitem", "Alias": "lineitem", "Startup Cost": 10000000025.02, "Total Cost": 1000231505049.5, "Plan Rows": 2266921, "Plan Width": 24, "Filter": "((l_shipdate >= '1997-07-01 00:00:00'::timestamp(0) without time zone) AND (l_shipdate < '1997-10-01 00:00:00'::timestamp without time zone)), (LLVM Optimized)"}]}]}, {"Node Type": "Index Scan", "Parent Relationship": "Outer", "Scan Direction": "Forward", "Index Name": "supplier_pkey", "Relation Name": "supplier", "Alias": "supplier", "Startup Cost": 10000000000.0, "Total Cost": 1000000533454.38, "Plan Rows": 100000, "Plan Width": 75}, {"Node Type": "Materialize", "Parent Relationship": "Inner", "Startup Cost": 1000231544720.62, "Total Cost": 1000231546353.57, "Plan Rows": 59380, "Plan Width": 16, "Plans": [{"Node Type": "Subquery Scan", "Parent Relationship": "Outer", "Alias": "revenue0", "Startup Cost": 1000231544720.62, "Total Cost": 1000231546056.67, "Plan Rows": 59380, "Plan Width": 16, "Plans": [{"Node Type": "Aggregate", "Strategy": "Hashed", "Parent Relationship": "Subquery", "Startup Cost": 1000231544720.62, "Total Cost": 1000231545462.87, "Plan Rows": 59380, "Plan Width": 40, "Group By Key": ["public.lineitem.l_suppkey"], "Filter": "(sum((public.lineitem.l_extendedprice * (1::double precision - public.lineitem.l_discount))) = $0), (LLVM Optimized)", "Plans": [{"Node Type": "Seq Scan", "Parent Relationship": "Outer", "Relation Name": "lineitem", "Alias": "lineitem", "Startup Cost": 10000000025.02, "Total Cost": 1000231505049.5, "Plan Rows": 2266921, "Plan Width": 24, "Filter": "((l_shipdate >= '1997-07-01 00:00:00'::timestamp(0) without time zone) AND (l_shipdate < '1997-10-01 00:00:00'::timestamp without time zone)), (LLVM Optimized)"}]}]}]}]}, "Unique SQL Id": 3712096918, "Planner Runtime": 1}, "explain_analyze_plan": null}}