{"(1, '0')": {"explain_plan": {"Plan": {"Node Type": "Limit", "Startup Cost": 2649029.8, "Total Cost": 2649030.05, "Plan Rows": 100, "Plan Width": 59, "Plans": [{"Node Type": "Sort", "Parent Relationship": "Outer", "Startup Cost": 2649029.8, "Total Cost": 2649345.6, "Plan Rows": 100, "Plan Width": 59, "Sort Key": ["orders.o_totalprice DESC", "orders.o_orderdate"], "Plans": [{"Node Type": "Aggregate", "Strategy": "Hashed", "Parent Relationship": "Outer", "Startup Cost": 2642938.69, "Total Cost": 2644201.9, "Plan Rows": 126321, "Plan Width": 59, "Group By Key": ["orders.o_totalprice", "orders.o_orderdate", "customer.c_name", "customer.c_custkey", "orders.o_orderkey"], "Plans": [{"Node Type": "Nested Loop", "Parent Relationship": "Outer", "Join Type": "Inner", "Startup Cost": 2315050.5, "Total Cost": 2641043.88, "Plan Rows": 126321, "Plan Width": 59, "Inner Unique": false, "Plans": [{"Node Type": "Nested Loop", "Parent Relationship": "Outer", "Join Type": "Inner", "Startup Cost": 2315050.5, "Total Cost": 2627700.1, "Plan Rows": 13913, "Plan Width": 59, "Inner Unique": true, "Plans": [{"Node Type": "Nested Loop", "Parent Relationship": "Outer", "Join Type": "Inner", "Startup Cost": 2315050.5, "Total Cost": 2618076.97, "Plan Rows": 33034, "Plan Width": 40, "Inner Unique": true, "Plans": [{"Node Type": "Aggregate", "Strategy": "Hashed", "Parent Relationship": "Outer", "Startup Cost": 2315050.5, "Total Cost": 2381201.11, "Plan Rows": 33034, "Plan Width": 16, "Group By Key": ["public.lineitem.l_orderkey"], "Filter": "(sum(public.lineitem.l_quantity) > 314::double precision), (LLVM Optimized)", "Plans": [{"Node Type": "Seq Scan", "Parent Relationship": "Outer", "Relation Name": "lineitem", "Alias": "lineitem", "Startup Cost": 0.0, "Total Cost": 2015115.33, "Plan Rows": 59987033, "Plan Width": 16}]}, {"Node Type": "Index Scan", "Parent Relationship": "Inner", "Scan Direction": "Forward", "Index Name": "orders_pkey", "Relation Name": "orders", "Alias": "orders", "Startup Cost": 0.0, "Total Cost": 7.15, "Plan Rows": 1, "Plan Width": 32, "Index Cond": "(o_orderkey = public.lineitem.l_orderkey)"}]}, {"Node Type": "Index Scan", "Parent Relationship": "Inner", "Scan Direction": "Forward", "Index Name": "customer_pkey", "Relation Name": "customer", "Alias": "customer", "Startup Cost": 0.0, "Total Cost": 0.28, "Plan Rows": 1, "Plan Width": 27, "Index Cond": "(c_custkey = orders.o_custkey)"}]}, {"Node Type": "Index Scan", "Parent Relationship": "Inner", "Scan Direction": "Forward", "Index Name": "idx_lineitem_orderkey", "Relation Name": "lineitem", "Alias": "lineitem", "Startup Cost": 0.0, "Total Cost": 0.87, "Plan Rows": 9, "Plan Width": 16, "Index Cond": "(l_orderkey = orders.o_orderkey)"}]}]}]}]}, "Unique SQL Id": 1915754155, "Planner Runtime": 2}, "explain_analyze_plan": {"Plan": {"Node Type": "Limit", "Startup Cost": 2649029.8, "Total Cost": 2649030.05, "Plan Rows": 100, "Plan Width": 59, "Actual Startup Time": 51129.008, "Actual Total Time": 51129.027, "Actual Rows": 84, "Actual Loops": 1, "Plans": [{"Node Type": "Sort", "Parent Relationship": "Outer", "Startup Cost": 2649029.8, "Total Cost": 2649345.6, "Plan Rows": 100, "Plan Width": 59, "Actual Startup Time": 51129.006, "Actual Total Time": 51129.015, "Actual Rows": 84, "Actual Loops": 1, "Sort Key": ["orders.o_totalprice DESC", "orders.o_orderdate"], "Sort Method": "quicksort", "Sort Space Used": 38, "Sort Space Type": "Memory", "Plans": [{"Node Type": "Aggregate", "Strategy": "Hashed", "Parent Relationship": "Outer", "Startup Cost": 2642938.69, "Total Cost": 2644201.9, "Plan Rows": 126321, "Plan Width": 59, "Actual Startup Time": 51128.213, "Actual Total Time": 51128.889, "Actual Rows": 84, "Actual Loops": 1, "Group By Key": ["orders.o_totalprice", "orders.o_orderdate", "customer.c_name", "customer.c_custkey", "orders.o_orderkey"], "Plans": [{"Node Type": "Nested Loop", "Parent Relationship": "Outer", "Join Type": "Inner", "Startup Cost": 2315050.5, "Total Cost": 2641043.88, "Plan Rows": 126321, "Plan Width": 59, "Actual Startup Time": 46173.798, "Actual Total Time": 51126.311, "Actual Rows": 588, "Actual Loops": 1, "Inner Unique": false, "Plans": [{"Node Type": "Nested Loop", "Parent Relationship": "Outer", "Join Type": "Inner", "Startup Cost": 2315050.5, "Total Cost": 2627700.1, "Plan Rows": 13913, "Plan Width": 59, "Actual Startup Time": 46173.775, "Actual Total Time": 51124.263, "Actual Rows": 84, "Actual Loops": 1, "Inner Unique": true, "Plans": [{"Node Type": "Nested Loop", "Parent Relationship": "Outer", "Join Type": "Inner", "Startup Cost": 2315050.5, "Total Cost": 2618076.97, "Plan Rows": 33034, "Plan Width": 40, "Actual Startup Time": 46173.751, "Actual Total Time": 51122.995, "Actual Rows": 84, "Actual Loops": 1, "Inner Unique": true, "Plans": [{"Node Type": "Aggregate", "Strategy": "Hashed", "Parent Relationship": "Outer", "Startup Cost": 2315050.5, "Total Cost": 2381201.11, "Plan Rows": 33034, "Plan Width": 16, "Actual Startup Time": 46173.686, "Actual Total Time": 51106.177, "Actual Rows": 84, "Actual Loops": 1, "Group By Key": ["public.lineitem.l_orderkey"], "Filter": "(sum(public.lineitem.l_quantity) > 314::double precision), (LLVM Optimized, Jit Execute)", "Rows Removed by Filter": 14999916, "Plans": [{"Node Type": "Seq Scan", "Parent Relationship": "Outer", "Relation Name": "lineitem", "Alias": "lineitem", "Startup Cost": 0.0, "Total Cost": 2015115.33, "Plan Rows": 59987033, "Plan Width": 16, "Actual Startup Time": 0.043, "Actual Total Time": 19975.008, "Actual Rows": 59986052, "Actual Loops": 1}]}, {"Node Type": "Index Scan", "Parent Relationship": "Inner", "Scan Direction": "Forward", "Index Name": "orders_pkey", "Relation Name": "orders", "Alias": "orders", "Startup Cost": 0.0, "Total Cost": 7.15, "Plan Rows": 1, "Plan Width": 32, "Actual Startup Time": 2.93, "Actual Total Time": 2.93, "Actual Rows": 84, "Actual Loops": 84, "Index Cond": "(o_orderkey = public.lineitem.l_orderkey)", "Rows Removed by Index Recheck": 0}]}, {"Node Type": "Index Scan", "Parent Relationship": "Inner", "Scan Direction": "Forward", "Index Name": "customer_pkey", "Relation Name": "customer", "Alias": "customer", "Startup Cost": 0.0, "Total Cost": 0.28, "Plan Rows": 1, "Plan Width": 27, "Actual Startup Time": 0.906, "Actual Total Time": 0.906, "Actual Rows": 84, "Actual Loops": 84, "Index Cond": "(c_custkey = orders.o_custkey)", "Rows Removed by Index Recheck": 0}]}, {"Node Type": "Index Scan", "Parent Relationship": "Inner", "Scan Direction": "Forward", "Index Name": "idx_lineitem_orderkey", "Relation Name": "lineitem", "Alias": "lineitem", "Startup Cost": 0.0, "Total Cost": 0.87, "Plan Rows": 9, "Plan Width": 16, "Actual Startup Time": 1.165, "Actual Total Time": 1.622, "Actual Rows": 588, "Actual Loops": 84, "Index Cond": "(l_orderkey = orders.o_orderkey)", "Rows Removed by Index Recheck": 0}]}]}]}]}, "Triggers": [], "Planner Runtime": 1.711, "Total Runtime": 51138.586, "Unique SQL Id": 1915754155}}, "(1, '1')": {"explain_plan": {"Plan": {"Node Type": "Limit", "Startup Cost": 3874068.21, "Total Cost": 3874068.46, "Plan Rows": 100, "Plan Width": 59, "Plans": [{"Node Type": "Sort", "Parent Relationship": "Outer", "Startup Cost": 3874068.21, "Total Cost": 3874384.02, "Plan Rows": 100, "Plan Width": 59, "Sort Key": ["orders.o_totalprice DESC", "orders.o_orderdate"], "Plans": [{"Node Type": "Aggregate", "Strategy": "Hashed", "Parent Relationship": "Outer", "Startup Cost": 3867977.11, "Total Cost": 3869240.32, "Plan Rows": 126321, "Plan Width": 59, "Group By Key": ["orders.o_totalprice", "orders.o_orderdate", "customer.c_name", "customer.c_custkey", "orders.o_orderkey"], "Plans": [{"Node Type": "Nested Loop", "Parent Relationship": "Outer", "Join Type": "Inner", "Startup Cost": 0.0, "Total Cost": 3866082.29, "Plan Rows": 126321, "Plan Width": 59, "Inner Unique": false, "Plans": [{"Node Type": "Nested Loop", "Parent Relationship": "Outer", "Join Type": "Inner", "Startup Cost": 0.0, "Total Cost": 3852738.51, "Plan Rows": 13913, "Plan Width": 59, "Inner Unique": true, "Plans": [{"Node Type": "Nested Loop", "Parent Relationship": "Outer", "Join Type": "Inner", "Startup Cost": 0.0, "Total Cost": 3843115.38, "Plan Rows": 33034, "Plan Width": 40, "Inner Unique": true, "Plans": [{"Node Type": "Aggregate", "Strategy": "Sorted", "Parent Relationship": "Outer", "Startup Cost": 0.0, "Total Cost": 3606239.52, "Plan Rows": 33034, "Plan Width": 24, "Group By Key": ["public.lineitem.l_orderkey"], "Filter": "(sum(public.lineitem.l_quantity) > 314::double precision), (LLVM Optimized)", "Plans": [{"Node Type": "Index Scan", "Parent Relationship": "Outer", "Scan Direction": "Forward", "Index Name": "idx_lineitem_orderkey", "Relation Name": "lineitem", "Alias": "lineitem", "Startup Cost": 0.0, "Total Cost": 3240153.75, "Plan Rows": 59987033, "Plan Width": 16}]}, {"Node Type": "Index Scan", "Parent Relationship": "Inner", "Scan Direction": "Forward", "Index Name": "orders_pkey", "Relation Name": "orders", "Alias": "orders", "Startup Cost": 0.0, "Total Cost": 7.15, "Plan Rows": 1, "Plan Width": 32, "Index Cond": "(o_orderkey = public.lineitem.l_orderkey)"}]}, {"Node Type": "Index Scan", "Parent Relationship": "Inner", "Scan Direction": "Forward", "Index Name": "customer_pkey", "Relation Name": "customer", "Alias": "customer", "Startup Cost": 0.0, "Total Cost": 0.28, "Plan Rows": 1, "Plan Width": 27, "Index Cond": "(c_custkey = orders.o_custkey)"}]}, {"Node Type": "Index Scan", "Parent Relationship": "Inner", "Scan Direction": "Forward", "Index Name": "idx_lineitem_orderkey", "Relation Name": "lineitem", "Alias": "lineitem", "Startup Cost": 0.0, "Total Cost": 0.87, "Plan Rows": 9, "Plan Width": 16, "Index Cond": "(l_orderkey = orders.o_orderkey)"}]}]}]}]}, "Unique SQL Id": 1915754155, "Planner Runtime": 2}, "explain_analyze_plan": {"Plan": {"Node Type": "Limit", "Startup Cost": 3874068.21, "Total Cost": 3874068.46, "Plan Rows": 100, "Plan Width": 59, "Actual Startup Time": 50695.002, "Actual Total Time": 50695.017, "Actual Rows": 84, "Actual Loops": 1, "Plans": [{"Node Type": "Sort", "Parent Relationship": "Outer", "Startup Cost": 3874068.21, "Total Cost": 3874384.02, "Plan Rows": 100, "Plan Width": 59, "Actual Startup Time": 50695.0, "Actual Total Time": 50695.004, "Actual Rows": 84, "Actual Loops": 1, "Sort Key": ["orders.o_totalprice DESC", "orders.o_orderdate"], "Sort Method": "quicksort", "Sort Space Used": 38, "Sort Space Type": "Memory", "Plans": [{"Node Type": "Aggregate", "Strategy": "Hashed", "Parent Relationship": "Outer", "Startup Cost": 3867977.11, "Total Cost": 3869240.32, "Plan Rows": 126321, "Plan Width": 59, "Actual Startup Time": 50694.487, "Actual Total Time": 50694.852, "Actual Rows": 84, "Actual Loops": 1, "Group By Key": ["orders.o_totalprice", "orders.o_orderdate", "customer.c_name", "customer.c_custkey", "orders.o_orderkey"], "Plans": [{"Node Type": "Nested Loop", "Parent Relationship": "Outer", "Join Type": "Inner", "Startup Cost": 0.0, "Total Cost": 3866082.29, "Plan Rows": 126321, "Plan Width": 59, "Actual Startup Time": 1159.494, "Actual Total Time": 50691.109, "Actual Rows": 588, "Actual Loops": 1, "Inner Unique": false, "Plans": [{"Node Type": "Nested Loop", "Parent Relationship": "Outer", "Join Type": "Inner", "Startup Cost": 0.0, "Total Cost": 3852738.51, "Plan Rows": 13913, "Plan Width": 59, "Actual Startup Time": 1159.473, "Actual Total Time": 50688.867, "Actual Rows": 84, "Actual Loops": 1, "Inner Unique": true, "Plans": [{"Node Type": "Nested Loop", "Parent Relationship": "Outer", "Join Type": "Inner", "Startup Cost": 0.0, "Total Cost": 3843115.38, "Plan Rows": 33034, "Plan Width": 40, "Actual Startup Time": 1159.448, "Actual Total Time": 50687.006, "Actual Rows": 84, "Actual Loops": 1, "Inner Unique": true, "Plans": [{"Node Type": "Aggregate", "Strategy": "Sorted", "Parent Relationship": "Outer", "Startup Cost": 0.0, "Total Cost": 3606239.52, "Plan Rows": 33034, "Plan Width": 24, "Actual Startup Time": 1159.408, "Actual Total Time": 50684.063, "Actual Rows": 84, "Actual Loops": 1, "Group By Key": ["public.lineitem.l_orderkey"], "Filter": "(sum(public.lineitem.l_quantity) > 314::double precision), (LLVM Optimized, Jit Execute)", "Rows Removed by Filter": 14999916, "Plans": [{"Node Type": "Index Scan", "Parent Relationship": "Outer", "Scan Direction": "Forward", "Index Name": "idx_lineitem_orderkey", "Relation Name": "lineitem", "Alias": "lineitem", "Startup Cost": 0.0, "Total Cost": 3240153.75, "Plan Rows": 59987033, "Plan Width": 16, "Actual Startup Time": 0.029, "Actual Total Time": 30275.076, "Actual Rows": 59986052, "Actual Loops": 1}]}, {"Node Type": "Index Scan", "Parent Relationship": "Inner", "Scan Direction": "Forward", "Index Name": "orders_pkey", "Relation Name": "orders", "Alias": "orders", "Startup Cost": 0.0, "Total Cost": 7.15, "Plan Rows": 1, "Plan Width": 32, "Actual Startup Time": 1.994, "Actual Total Time": 1.994, "Actual Rows": 84, "Actual Loops": 84, "Index Cond": "(o_orderkey = public.lineitem.l_orderkey)", "Rows Removed by Index Recheck": 0}]}, {"Node Type": "Index Scan", "Parent Relationship": "Inner", "Scan Direction": "Forward", "Index Name": "customer_pkey", "Relation Name": "customer", "Alias": "customer", "Startup Cost": 0.0, "Total Cost": 0.28, "Plan Rows": 1, "Plan Width": 27, "Actual Startup Time": 1.278, "Actual Total Time": 1.278, "Actual Rows": 84, "Actual Loops": 84, "Index Cond": "(c_custkey = orders.o_custkey)", "Rows Removed by Index Recheck": 0}]}, {"Node Type": "Index Scan", "Parent Relationship": "Inner", "Scan Direction": "Forward", "Index Name": "idx_lineitem_orderkey", "Relation Name": "lineitem", "Alias": "lineitem", "Startup Cost": 0.0, "Total Cost": 0.87, "Plan Rows": 9, "Plan Width": 16, "Actual Startup Time": 0.938, "Actual Total Time": 1.562, "Actual Rows": 588, "Actual Loops": 84, "Index Cond": "(l_orderkey = orders.o_orderkey)", "Rows Removed by Index Recheck": 0}]}]}]}]}, "Triggers": [], "Planner Runtime": 1.698, "Total Runtime": 50704.506, "Unique SQL Id": 1915754155}}, "(1, '2')": {"explain_plan": {"Plan": {"Node Type": "Limit", "Startup Cost": 2768625.52, "Total Cost": 2768625.77, "Plan Rows": 100, "Plan Width": 59, "Plans": [{"Node Type": "Sort", "Parent Relationship": "Outer", "Startup Cost": 2768625.52, "Total Cost": 2768941.33, "Plan Rows": 100, "Plan Width": 59, "Sort Key": ["orders.o_totalprice DESC", "orders.o_orderdate"], "Plans": [{"Node Type": "Aggregate", "Strategy": "Hashed", "Parent Relationship": "Outer", "Startup Cost": 2762534.42, "Total Cost": 2763797.63, "Plan Rows": 126321, "Plan Width": 59, "Group By Key": ["orders.o_totalprice", "orders.o_orderdate", "customer.c_name", "customer.c_custkey", "orders.o_orderkey"], "Plans": [{"Node Type": "Nested Loop", "Parent Relationship": "Outer", "Join Type": "Inner", "Startup Cost": 2385930.24, "Total Cost": 2760639.6, "Plan Rows": 126321, "Plan Width": 59, "Inner Unique": false, "Plans": [{"Node Type": "Hash Join", "Parent Relationship": "Outer", "Join Type": "Inner", "Startup Cost": 2385929.86, "Total Cost": 2696863.45, "Plan Rows": 13913, "Plan Width": 59, "Inner Unique": true, "Hash Cond": "(orders.o_custkey = customer.c_custkey)", "Plans": [{"Node Type": "Nested Loop", "Parent Relationship": "Outer", "Join Type": "Inner", "Startup Cost": 2315053.86, "Total Cost": 2625533.23, "Plan Rows": 33034, "Plan Width": 40, "Inner Unique": true, "Plans": [{"Node Type": "Aggregate", "Strategy": "Hashed", "Parent Relationship": "Outer", "Startup Cost": 2315050.5, "Total Cost": 2381201.11, "Plan Rows": 33034, "Plan Width": 16, "Group By Key": ["public.lineitem.l_orderkey"], "Filter": "(sum(public.lineitem.l_quantity) > 314::double precision), (LLVM Optimized)", "Plans": [{"Node Type": "Seq Scan", "Parent Relationship": "Outer", "Relation Name": "lineitem", "Alias": "lineitem", "Startup Cost": 0.0, "Total Cost": 2015115.33, "Plan Rows": 59987033, "Plan Width": 16}]}, {"Node Type": "Bitmap Heap Scan", "Parent Relationship": "Inner", "Relation Name": "orders", "Alias": "orders", "Startup Cost": 3.36, "Total Cost": 7.38, "Plan Rows": 1, "Plan Width": 32, "Recheck Cond": "(o_orderkey = public.lineitem.l_orderkey)", "Plans": [{"Node Type": "Bitmap Index Scan", "Parent Relationship": "Outer", "Index Name": "orders_pkey", "Startup Cost": 0.0, "Total Cost": 3.36, "Plan Rows": 1, "Plan Width": 0, "Index Cond": "(o_orderkey = public.lineitem.l_orderkey)"}]}]}, {"Node Type": "Hash", "Parent Relationship": "Inner", "Startup Cost": 52126.0, "Total Cost": 52126.0, "Plan Rows": 1500000, "Plan Width": 27, "Plans": [{"Node Type": "Seq Scan", "Parent Relationship": "Outer", "Relation Name": "customer", "Alias": "customer", "Startup Cost": 0.0, "Total Cost": 52126.0, "Plan Rows": 1500000, "Plan Width": 27}]}]}, {"Node Type": "Bitmap Heap Scan", "Parent Relationship": "Inner", "Relation Name": "lineitem", "Alias": "lineitem", "Startup Cost": 0.38, "Total Cost": 4.49, "Plan Rows": 9, "Plan Width": 16, "Recheck Cond": "(l_orderkey = orders.o_orderkey)", "Plans": [{"Node Type": "Bitmap Index Scan", "Parent Relationship": "Outer", "Index Name": "idx_lineitem_orderkey", "Startup Cost": 0.0, "Total Cost": 0.38, "Plan Rows": 9, "Plan Width": 0, "Index Cond": "(l_orderkey = orders.o_orderkey)"}]}]}]}]}]}, "Unique SQL Id": 1915754155, "Planner Runtime": 2}, "explain_analyze_plan": {"Plan": {"Node Type": "Limit", "Startup Cost": 2768625.52, "Total Cost": 2768625.77, "Plan Rows": 100, "Plan Width": 59, "Actual Startup Time": 59611.881, "Actual Total Time": 59611.895, "Actual Rows": 84, "Actual Loops": 1, "Plans": [{"Node Type": "Sort", "Parent Relationship": "Outer", "Startup Cost": 2768625.52, "Total Cost": 2768941.33, "Plan Rows": 100, "Plan Width": 59, "Actual Startup Time": 59611.878, "Actual Total Time": 59611.879, "Actual Rows": 84, "Actual Loops": 1, "Sort Key": ["orders.o_totalprice DESC", "orders.o_orderdate"], "Sort Method": "quicksort", "Sort Space Used": 38, "Sort Space Type": "Memory", "Plans": [{"Node Type": "Aggregate", "Strategy": "Hashed", "Parent Relationship": "Outer", "Startup Cost": 2762534.42, "Total Cost": 2763797.63, "Plan Rows": 126321, "Plan Width": 59, "Actual Startup Time": 59611.463, "Actual Total Time": 59611.783, "Actual Rows": 84, "Actual Loops": 1, "Group By Key": ["orders.o_totalprice", "orders.o_orderdate", "customer.c_name", "customer.c_custkey", "orders.o_orderkey"], "Plans": [{"Node Type": "Nested Loop", "Parent Relationship": "Outer", "Join Type": "Inner", "Startup Cost": 2385930.24, "Total Cost": 2760639.6, "Plan Rows": 126321, "Plan Width": 59, "Actual Startup Time": 50843.345, "Actual Total Time": 59609.843, "Actual Rows": 588, "Actual Loops": 1, "Inner Unique": false, "Plans": [{"Node Type": "Hash Join", "Parent Relationship": "Outer", "Join Type": "Inner", "Startup Cost": 2385929.86, "Total Cost": 2696863.45, "Plan Rows": 13913, "Plan Width": 59, "Actual Startup Time": 50843.294, "Actual Total Time": 59603.085, "Actual Rows": 84, "Actual Loops": 1, "Inner Unique": true, "Hash Cond": "(orders.o_custkey = customer.c_custkey)", "Plans": [{"Node Type": "Nested Loop", "Parent Relationship": "Outer", "Join Type": "Inner", "Startup Cost": 2315053.86, "Total Cost": 2625533.23, "Plan Rows": 33034, "Plan Width": 40, "Actual Startup Time": 49565.238, "Actual Total Time": 58323.675, "Actual Rows": 84, "Actual Loops": 1, "Inner Unique": true, "Plans": [{"Node Type": "Aggregate", "Strategy": "Hashed", "Parent Relationship": "Outer", "Startup Cost": 2315050.5, "Total Cost": 2381201.11, "Plan Rows": 33034, "Plan Width": 16, "Actual Startup Time": 49565.139, "Actual Total Time": 58306.345, "Actual Rows": 84, "Actual Loops": 1, "Group By Key": ["public.lineitem.l_orderkey"], "Filter": "(sum(public.lineitem.l_quantity) > 314::double precision), (LLVM Optimized, Jit Execute)", "Rows Removed by Filter": 14999916, "Plans": [{"Node Type": "Seq Scan", "Parent Relationship": "Outer", "Relation Name": "lineitem", "Alias": "lineitem", "Startup Cost": 0.0, "Total Cost": 2015115.33, "Plan Rows": 59987033, "Plan Width": 16, "Actual Startup Time": 0.034, "Actual Total Time": 20821.446, "Actual Rows": 59986052, "Actual Loops": 1}]}, {"Node Type": "Bitmap Heap Scan", "Parent Relationship": "Inner", "Relation Name": "orders", "Alias": "orders", "Startup Cost": 3.36, "Total Cost": 7.38, "Plan Rows": 1, "Plan Width": 32, "Actual Startup Time": 3.498, "Actual Total Time": 3.498, "Actual Rows": 84, "Actual Loops": 84, "Recheck Cond": "(o_orderkey = public.lineitem.l_orderkey)", "Rows Removed by Index Recheck": 0, "Exact Heap Blocks": 84, "Lossy Heap Blocks": 84, "Plans": [{"Node Type": "Bitmap Index Scan", "Parent Relationship": "Outer", "Index Name": "orders_pkey", "Startup Cost": 0.0, "Total Cost": 3.36, "Plan Rows": 1, "Plan Width": 0, "Actual Startup Time": 2.397, "Actual Total Time": 2.397, "Actual Rows": 84, "Actual Loops": 84, "Index Cond": "(o_orderkey = public.lineitem.l_orderkey)"}]}]}, {"Node Type": "Hash", "Parent Relationship": "Inner", "Startup Cost": 52126.0, "Total Cost": 52126.0, "Plan Rows": 1500000, "Plan Width": 27, "Actual Startup Time": 1276.444, "Actual Total Time": 1276.444, "Actual Rows": 1500000, "Actual Loops": 1, "Hash Buckets": 2097152, "Hash Batches": 1, "Original Hash Batches": 1, "Peak Memory Usage": 93750, "Plans": [{"Node Type": "Seq Scan", "Parent Relationship": "Outer", "Relation Name": "customer", "Alias": "customer", "Startup Cost": 0.0, "Total Cost": 52126.0, "Plan Rows": 1500000, "Plan Width": 27, "Actual Startup Time": 0.025, "Actual Total Time": 561.62, "Actual Rows": 1500000, "Actual Loops": 1}]}]}, {"Node Type": "Bitmap Heap Scan", "Parent Relationship": "Inner", "Relation Name": "lineitem", "Alias": "lineitem", "Startup Cost": 0.38, "Total Cost": 4.49, "Plan Rows": 9, "Plan Width": 16, "Actual Startup Time": 2.578, "Actual Total Time": 2.729, "Actual Rows": 588, "Actual Loops": 84, "Recheck Cond": "(l_orderkey = orders.o_orderkey)", "Rows Removed by Index Recheck": 0, "Exact Heap Blocks": 96, "Lossy Heap Blocks": 96, "Plans": [{"Node Type": "Bitmap Index Scan", "Parent Relationship": "Outer", "Index Name": "idx_lineitem_orderkey", "Startup Cost": 0.0, "Total Cost": 0.38, "Plan Rows": 9, "Plan Width": 0, "Actual Startup Time": 1.649, "Actual Total Time": 1.649, "Actual Rows": 588, "Actual Loops": 84, "Index Cond": "(l_orderkey = orders.o_orderkey)"}]}]}]}]}]}, "Triggers": [], "Planner Runtime": 1.65, "Total Runtime": 59621.238, "Unique SQL Id": 1915754155}}, "(1, '3')": {"explain_plan": {"Plan": {"Node Type": "Limit", "Startup Cost": 1000324838994.8, "Total Cost": 1000324838995.05, "Plan Rows": 100, "Plan Width": 59, "Plans": [{"Node Type": "Sort", "Parent Relationship": "Outer", "Startup Cost": 1000324838994.8, "Total Cost": 1000324839310.61, "Plan Rows": 100, "Plan Width": 59, "Sort Key": ["orders.o_totalprice DESC", "orders.o_orderdate"], "Plans": [{"Node Type": "Aggregate", "Strategy": "Hashed", "Parent Relationship": "Outer", "Startup Cost": 1000324832903.7, "Total Cost": 1000324834166.91, "Plan Rows": 126321, "Plan Width": 59, "Group By Key": ["orders.o_totalprice", "orders.o_orderdate", "customer.c_name", "customer.c_custkey", "orders.o_orderkey"], "Plans": [{"Node Type": "Nested Loop", "Parent Relationship": "Outer", "Join Type": "Inner", "Startup Cost": 10000000004.0, "Total Cost": 1000324831008.88, "Plan Rows": 126321, "Plan Width": 59, "Inner Unique": false, "Plans": [{"Node Type": "Nested Loop", "Parent Relationship": "Outer", "Join Type": "Inner", "Startup Cost": 10000000003.62, "Total Cost": 1000324767232.73, "Plan Rows": 13913, "Plan Width": 59, "Inner Unique": true, "Plans": [{"Node Type": "Nested Loop", "Parent Relationship": "Outer", "Join Type": "Inner", "Startup Cost": 10000000003.36, "Total Cost": 1000324625792.4, "Plan Rows": 33034, "Plan Width": 40, "Inner Unique": true, "Plans": [{"Node Type": "Aggregate", "Strategy": "Sorted", "Parent Relationship": "Outer", "Startup Cost": 10000000000.0, "Total Cost": 1000324381460.28, "Plan Rows": 33034, "Plan Width": 24, "Group By Key": ["public.lineitem.l_orderkey"], "Filter": "(sum(public.lineitem.l_quantity) > 314::double precision), (LLVM Optimized)", "Plans": [{"Node Type": "Index Scan", "Parent Relationship": "Outer", "Scan Direction": "Forward", "Index Name": "idx_lineitem_orderkey", "Relation Name": "lineitem", "Alias": "lineitem", "Startup Cost": 10000000000.0, "Total Cost": 1000324015374.5, "Plan Rows": 59987033, "Plan Width": 16}]}, {"Node Type": "Bitmap Heap Scan", "Parent Relationship": "Inner", "Relation Name": "orders", "Alias": "orders", "Startup Cost": 3.36, "Total Cost": 7.38, "Plan Rows": 1, "Plan Width": 32, "Recheck Cond": "(o_orderkey = public.lineitem.l_orderkey)", "Plans": [{"Node Type": "Bitmap Index Scan", "Parent Relationship": "Outer", "Index Name": "orders_pkey", "Startup Cost": 0.0, "Total Cost": 3.36, "Plan Rows": 1, "Plan Width": 0, "Index Cond": "(o_orderkey = public.lineitem.l_orderkey)"}]}]}, {"Node Type": "Bitmap Heap Scan", "Parent Relationship": "Inner", "Relation Name": "customer", "Alias": "customer", "Startup Cost": 0.26, "Total Cost": 4.27, "Plan Rows": 1, "Plan Width": 27, "Recheck Cond": "(c_custkey = orders.o_custkey)", "Plans": [{"Node Type": "Bitmap Index Scan", "Parent Relationship": "Outer", "Index Name": "customer_pkey", "Startup Cost": 0.0, "Total Cost": 0.26, "Plan Rows": 1, "Plan Width": 0, "Index Cond": "(c_custkey = orders.o_custkey)"}]}]}, {"Node Type": "Bitmap Heap Scan", "Parent Relationship": "Inner", "Relation Name": "lineitem", "Alias": "lineitem", "Startup Cost": 0.38, "Total Cost": 4.49, "Plan Rows": 9, "Plan Width": 16, "Recheck Cond": "(l_orderkey = orders.o_orderkey)", "Plans": [{"Node Type": "Bitmap Index Scan", "Parent Relationship": "Outer", "Index Name": "idx_lineitem_orderkey", "Startup Cost": 0.0, "Total Cost": 0.38, "Plan Rows": 9, "Plan Width": 0, "Index Cond": "(l_orderkey = orders.o_orderkey)"}]}]}]}]}]}, "Unique SQL Id": 1915754155, "Planner Runtime": 1}, "explain_analyze_plan": {"Plan": {"Node Type": "Limit", "Startup Cost": 1000324838994.8, "Total Cost": 1000324838995.05, "Plan Rows": 100, "Plan Width": 59, "Actual Startup Time": 49544.467, "Actual Total Time": 49544.486, "Actual Rows": 84, "Actual Loops": 1, "Plans": [{"Node Type": "Sort", "Parent Relationship": "Outer", "Startup Cost": 1000324838994.8, "Total Cost": 1000324839310.61, "Plan Rows": 100, "Plan Width": 59, "Actual Startup Time": 49544.465, "Actual Total Time": 49544.474, "Actual Rows": 84, "Actual Loops": 1, "Sort Key": ["orders.o_totalprice DESC", "orders.o_orderdate"], "Sort Method": "quicksort", "Sort Space Used": 38, "Sort Space Type": "Memory", "Plans": [{"Node Type": "Aggregate", "Strategy": "Hashed", "Parent Relationship": "Outer", "Startup Cost": 1000324832903.7, "Total Cost": 1000324834166.91, "Plan Rows": 126321, "Plan Width": 59, "Actual Startup Time": 49543.984, "Actual Total Time": 49544.316, "Actual Rows": 84, "Actual Loops": 1, "Group By Key": ["orders.o_totalprice", "orders.o_orderdate", "customer.c_name", "customer.c_custkey", "orders.o_orderkey"], "Plans": [{"Node Type": "Nested Loop", "Parent Relationship": "Outer", "Join Type": "Inner", "Startup Cost": 10000000004.0, "Total Cost": 1000324831008.88, "Plan Rows": 126321, "Plan Width": 59, "Actual Startup Time": 1023.087, "Actual Total Time": 49541.154, "Actual Rows": 588, "Actual Loops": 1, "Inner Unique": false, "Plans": [{"Node Type": "Nested Loop", "Parent Relationship": "Outer", "Join Type": "Inner", "Startup Cost": 10000000003.62, "Total Cost": 1000324767232.73, "Plan Rows": 13913, "Plan Width": 59, "Actual Startup Time": 1023.067, "Actual Total Time": 49538.65, "Actual Rows": 84, "Actual Loops": 1, "Inner Unique": true, "Plans": [{"Node Type": "Nested Loop", "Parent Relationship": "Outer", "Join Type": "Inner", "Startup Cost": 10000000003.36, "Total Cost": 1000324625792.4, "Plan Rows": 33034, "Plan Width": 40, "Actual Startup Time": 1023.033, "Actual Total Time": 49536.599, "Actual Rows": 84, "Actual Loops": 1, "Inner Unique": true, "Plans": [{"Node Type": "Aggregate", "Strategy": "Sorted", "Parent Relationship": "Outer", "Startup Cost": 10000000000.0, "Total Cost": 1000324381460.28, "Plan Rows": 33034, "Plan Width": 24, "Actual Startup Time": 1022.959, "Actual Total Time": 49531.744, "Actual Rows": 84, "Actual Loops": 1, "Group By Key": ["public.lineitem.l_orderkey"], "Filter": "(sum(public.lineitem.l_quantity) > 314::double precision), (LLVM Optimized, Jit Execute)", "Rows Removed by Filter": 14999916, "Plans": [{"Node Type": "Index Scan", "Parent Relationship": "Outer", "Scan Direction": "Forward", "Index Name": "idx_lineitem_orderkey", "Relation Name": "lineitem", "Alias": "lineitem", "Startup Cost": 10000000000.0, "Total Cost": 1000324015374.5, "Plan Rows": 59987033, "Plan Width": 16, "Actual Startup Time": 0.03, "Actual Total Time": 29176.085, "Actual Rows": 59986052, "Actual Loops": 1}]}, {"Node Type": "Bitmap Heap Scan", "Parent Relationship": "Inner", "Relation Name": "orders", "Alias": "orders", "Startup Cost": 3.36, "Total Cost": 7.38, "Plan Rows": 1, "Plan Width": 32, "Actual Startup Time": 3.264, "Actual Total Time": 3.264, "Actual Rows": 84, "Actual Loops": 84, "Recheck Cond": "(o_orderkey = public.lineitem.l_orderkey)", "Rows Removed by Index Recheck": 0, "Exact Heap Blocks": 84, "Lossy Heap Blocks": 84, "Plans": [{"Node Type": "Bitmap Index Scan", "Parent Relationship": "Outer", "Index Name": "orders_pkey", "Startup Cost": 0.0, "Total Cost": 3.36, "Plan Rows": 1, "Plan Width": 0, "Actual Startup Time": 2.073, "Actual Total Time": 2.073, "Actual Rows": 84, "Actual Loops": 84, "Index Cond": "(o_orderkey = public.lineitem.l_orderkey)"}]}]}, {"Node Type": "Bitmap Heap Scan", "Parent Relationship": "Inner", "Relation Name": "customer", "Alias": "customer", "Startup Cost": 0.26, "Total Cost": 4.27, "Plan Rows": 1, "Plan Width": 27, "Actual Startup Time": 1.378, "Actual Total Time": 1.378, "Actual Rows": 84, "Actual Loops": 84, "Recheck Cond": "(c_custkey = orders.o_custkey)", "Rows Removed by Index Recheck": 0, "Exact Heap Blocks": 84, "Lossy Heap Blocks": 84, "Plans": [{"Node Type": "Bitmap Index Scan", "Parent Relationship": "Outer", "Index Name": "customer_pkey", "Startup Cost": 0.0, "Total Cost": 0.26, "Plan Rows": 1, "Plan Width": 0, "Actual Startup Time": 0.854, "Actual Total Time": 0.854, "Actual Rows": 84, "Actual Loops": 84, "Index Cond": "(c_custkey = orders.o_custkey)"}]}]}, {"Node Type": "Bitmap Heap Scan", "Parent Relationship": "Inner", "Relation Name": "lineitem", "Alias": "lineitem", "Startup Cost": 0.38, "Total Cost": 4.49, "Plan Rows": 9, "Plan Width": 16, "Actual Startup Time": 1.417, "Actual Total Time": 1.651, "Actual Rows": 588, "Actual Loops": 84, "Recheck Cond": "(l_orderkey = orders.o_orderkey)", "Rows Removed by Index Recheck": 0, "Exact Heap Blocks": 96, "Lossy Heap Blocks": 96, "Plans": [{"Node Type": "Bitmap Index Scan", "Parent Relationship": "Outer", "Index Name": "idx_lineitem_orderkey", "Startup Cost": 0.0, "Total Cost": 0.38, "Plan Rows": 9, "Plan Width": 0, "Actual Startup Time": 0.904, "Actual Total Time": 0.904, "Actual Rows": 588, "Actual Loops": 84, "Index Cond": "(l_orderkey = orders.o_orderkey)"}]}]}]}]}]}, "Triggers": [], "Planner Runtime": 1.515, "Total Runtime": 49553.909, "Unique SQL Id": 1915754155}}, "(1, '4')": {"explain_plan": {"Plan": {"Node Type": "Limit", "Startup Cost": 2649029.8, "Total Cost": 2649030.05, "Plan Rows": 100, "Plan Width": 59, "Plans": [{"Node Type": "Sort", "Parent Relationship": "Outer", "Startup Cost": 2649029.8, "Total Cost": 2649345.6, "Plan Rows": 100, "Plan Width": 59, "Sort Key": ["orders.o_totalprice DESC", "orders.o_orderdate"], "Plans": [{"Node Type": "Aggregate", "Strategy": "Hashed", "Parent Relationship": "Outer", "Startup Cost": 2642938.69, "Total Cost": 2644201.9, "Plan Rows": 126321, "Plan Width": 59, "Group By Key": ["orders.o_totalprice", "orders.o_orderdate", "customer.c_name", "customer.c_custkey", "orders.o_orderkey"], "Plans": [{"Node Type": "Nested Loop", "Parent Relationship": "Outer", "Join Type": "Inner", "Startup Cost": 2315050.5, "Total Cost": 2641043.88, "Plan Rows": 126321, "Plan Width": 59, "Inner Unique": false, "Plans": [{"Node Type": "Nested Loop", "Parent Relationship": "Outer", "Join Type": "Inner", "Startup Cost": 2315050.5, "Total Cost": 2627700.1, "Plan Rows": 13913, "Plan Width": 59, "Inner Unique": true, "Plans": [{"Node Type": "Nested Loop", "Parent Relationship": "Outer", "Join Type": "Inner", "Startup Cost": 2315050.5, "Total Cost": 2618076.97, "Plan Rows": 33034, "Plan Width": 40, "Inner Unique": true, "Plans": [{"Node Type": "Aggregate", "Strategy": "Hashed", "Parent Relationship": "Outer", "Startup Cost": 2315050.5, "Total Cost": 2381201.11, "Plan Rows": 33034, "Plan Width": 16, "Group By Key": ["public.lineitem.l_orderkey"], "Filter": "(sum(public.lineitem.l_quantity) > 314::double precision), (LLVM Optimized)", "Plans": [{"Node Type": "Seq Scan", "Parent Relationship": "Outer", "Relation Name": "lineitem", "Alias": "lineitem", "Startup Cost": 0.0, "Total Cost": 2015115.33, "Plan Rows": 59987033, "Plan Width": 16}]}, {"Node Type": "Index Scan", "Parent Relationship": "Inner", "Scan Direction": "Forward", "Index Name": "orders_pkey", "Relation Name": "orders", "Alias": "orders", "Startup Cost": 0.0, "Total Cost": 7.15, "Plan Rows": 1, "Plan Width": 32, "Index Cond": "(o_orderkey = public.lineitem.l_orderkey)"}]}, {"Node Type": "Index Scan", "Parent Relationship": "Inner", "Scan Direction": "Forward", "Index Name": "customer_pkey", "Relation Name": "customer", "Alias": "customer", "Startup Cost": 0.0, "Total Cost": 0.28, "Plan Rows": 1, "Plan Width": 27, "Index Cond": "(c_custkey = orders.o_custkey)"}]}, {"Node Type": "Index Scan", "Parent Relationship": "Inner", "Scan Direction": "Forward", "Index Name": "idx_lineitem_orderkey", "Relation Name": "lineitem", "Alias": "lineitem", "Startup Cost": 0.0, "Total Cost": 0.87, "Plan Rows": 9, "Plan Width": 16, "Index Cond": "(l_orderkey = orders.o_orderkey)"}]}]}]}]}, "Unique SQL Id": 1915754155, "Planner Runtime": 2}, "explain_analyze_plan": {"Plan": {"Node Type": "Limit", "Startup Cost": 2649029.8, "Total Cost": 2649030.05, "Plan Rows": 100, "Plan Width": 59, "Actual Startup Time": 51129.008, "Actual Total Time": 51129.027, "Actual Rows": 84, "Actual Loops": 1, "Plans": [{"Node Type": "Sort", "Parent Relationship": "Outer", "Startup Cost": 2649029.8, "Total Cost": 2649345.6, "Plan Rows": 100, "Plan Width": 59, "Actual Startup Time": 51129.006, "Actual Total Time": 51129.015, "Actual Rows": 84, "Actual Loops": 1, "Sort Key": ["orders.o_totalprice DESC", "orders.o_orderdate"], "Sort Method": "quicksort", "Sort Space Used": 38, "Sort Space Type": "Memory", "Plans": [{"Node Type": "Aggregate", "Strategy": "Hashed", "Parent Relationship": "Outer", "Startup Cost": 2642938.69, "Total Cost": 2644201.9, "Plan Rows": 126321, "Plan Width": 59, "Actual Startup Time": 51128.213, "Actual Total Time": 51128.889, "Actual Rows": 84, "Actual Loops": 1, "Group By Key": ["orders.o_totalprice", "orders.o_orderdate", "customer.c_name", "customer.c_custkey", "orders.o_orderkey"], "Plans": [{"Node Type": "Nested Loop", "Parent Relationship": "Outer", "Join Type": "Inner", "Startup Cost": 2315050.5, "Total Cost": 2641043.88, "Plan Rows": 126321, "Plan Width": 59, "Actual Startup Time": 46173.798, "Actual Total Time": 51126.311, "Actual Rows": 588, "Actual Loops": 1, "Inner Unique": false, "Plans": [{"Node Type": "Nested Loop", "Parent Relationship": "Outer", "Join Type": "Inner", "Startup Cost": 2315050.5, "Total Cost": 2627700.1, "Plan Rows": 13913, "Plan Width": 59, "Actual Startup Time": 46173.775, "Actual Total Time": 51124.263, "Actual Rows": 84, "Actual Loops": 1, "Inner Unique": true, "Plans": [{"Node Type": "Nested Loop", "Parent Relationship": "Outer", "Join Type": "Inner", "Startup Cost": 2315050.5, "Total Cost": 2618076.97, "Plan Rows": 33034, "Plan Width": 40, "Actual Startup Time": 46173.751, "Actual Total Time": 51122.995, "Actual Rows": 84, "Actual Loops": 1, "Inner Unique": true, "Plans": [{"Node Type": "Aggregate", "Strategy": "Hashed", "Parent Relationship": "Outer", "Startup Cost": 2315050.5, "Total Cost": 2381201.11, "Plan Rows": 33034, "Plan Width": 16, "Actual Startup Time": 46173.686, "Actual Total Time": 51106.177, "Actual Rows": 84, "Actual Loops": 1, "Group By Key": ["public.lineitem.l_orderkey"], "Filter": "(sum(public.lineitem.l_quantity) > 314::double precision), (LLVM Optimized, Jit Execute)", "Rows Removed by Filter": 14999916, "Plans": [{"Node Type": "Seq Scan", "Parent Relationship": "Outer", "Relation Name": "lineitem", "Alias": "lineitem", "Startup Cost": 0.0, "Total Cost": 2015115.33, "Plan Rows": 59987033, "Plan Width": 16, "Actual Startup Time": 0.043, "Actual Total Time": 19975.008, "Actual Rows": 59986052, "Actual Loops": 1}]}, {"Node Type": "Index Scan", "Parent Relationship": "Inner", "Scan Direction": "Forward", "Index Name": "orders_pkey", "Relation Name": "orders", "Alias": "orders", "Startup Cost": 0.0, "Total Cost": 7.15, "Plan Rows": 1, "Plan Width": 32, "Actual Startup Time": 2.93, "Actual Total Time": 2.93, "Actual Rows": 84, "Actual Loops": 84, "Index Cond": "(o_orderkey = public.lineitem.l_orderkey)", "Rows Removed by Index Recheck": 0}]}, {"Node Type": "Index Scan", "Parent Relationship": "Inner", "Scan Direction": "Forward", "Index Name": "customer_pkey", "Relation Name": "customer", "Alias": "customer", "Startup Cost": 0.0, "Total Cost": 0.28, "Plan Rows": 1, "Plan Width": 27, "Actual Startup Time": 0.906, "Actual Total Time": 0.906, "Actual Rows": 84, "Actual Loops": 84, "Index Cond": "(c_custkey = orders.o_custkey)", "Rows Removed by Index Recheck": 0}]}, {"Node Type": "Index Scan", "Parent Relationship": "Inner", "Scan Direction": "Forward", "Index Name": "idx_lineitem_orderkey", "Relation Name": "lineitem", "Alias": "lineitem", "Startup Cost": 0.0, "Total Cost": 0.87, "Plan Rows": 9, "Plan Width": 16, "Actual Startup Time": 1.165, "Actual Total Time": 1.622, "Actual Rows": 588, "Actual Loops": 84, "Index Cond": "(l_orderkey = orders.o_orderkey)", "Rows Removed by Index Recheck": 0}]}]}]}]}, "Triggers": [], "Planner Runtime": 1.711, "Total Runtime": 51138.586, "Unique SQL Id": 1915754155}}, "(1, '5')": {"explain_plan": {"Plan": {"Node Type": "Limit", "Startup Cost": 3874068.21, "Total Cost": 3874068.46, "Plan Rows": 100, "Plan Width": 59, "Plans": [{"Node Type": "Sort", "Parent Relationship": "Outer", "Startup Cost": 3874068.21, "Total Cost": 3874384.02, "Plan Rows": 100, "Plan Width": 59, "Sort Key": ["orders.o_totalprice DESC", "orders.o_orderdate"], "Plans": [{"Node Type": "Aggregate", "Strategy": "Hashed", "Parent Relationship": "Outer", "Startup Cost": 3867977.11, "Total Cost": 3869240.32, "Plan Rows": 126321, "Plan Width": 59, "Group By Key": ["orders.o_totalprice", "orders.o_orderdate", "customer.c_name", "customer.c_custkey", "orders.o_orderkey"], "Plans": [{"Node Type": "Nested Loop", "Parent Relationship": "Outer", "Join Type": "Inner", "Startup Cost": 0.0, "Total Cost": 3866082.29, "Plan Rows": 126321, "Plan Width": 59, "Inner Unique": false, "Plans": [{"Node Type": "Nested Loop", "Parent Relationship": "Outer", "Join Type": "Inner", "Startup Cost": 0.0, "Total Cost": 3852738.51, "Plan Rows": 13913, "Plan Width": 59, "Inner Unique": true, "Plans": [{"Node Type": "Nested Loop", "Parent Relationship": "Outer", "Join Type": "Inner", "Startup Cost": 0.0, "Total Cost": 3843115.38, "Plan Rows": 33034, "Plan Width": 40, "Inner Unique": true, "Plans": [{"Node Type": "Aggregate", "Strategy": "Sorted", "Parent Relationship": "Outer", "Startup Cost": 0.0, "Total Cost": 3606239.52, "Plan Rows": 33034, "Plan Width": 24, "Group By Key": ["public.lineitem.l_orderkey"], "Filter": "(sum(public.lineitem.l_quantity) > 314::double precision), (LLVM Optimized)", "Plans": [{"Node Type": "Index Scan", "Parent Relationship": "Outer", "Scan Direction": "Forward", "Index Name": "idx_lineitem_orderkey", "Relation Name": "lineitem", "Alias": "lineitem", "Startup Cost": 0.0, "Total Cost": 3240153.75, "Plan Rows": 59987033, "Plan Width": 16}]}, {"Node Type": "Index Scan", "Parent Relationship": "Inner", "Scan Direction": "Forward", "Index Name": "orders_pkey", "Relation Name": "orders", "Alias": "orders", "Startup Cost": 0.0, "Total Cost": 7.15, "Plan Rows": 1, "Plan Width": 32, "Index Cond": "(o_orderkey = public.lineitem.l_orderkey)"}]}, {"Node Type": "Index Scan", "Parent Relationship": "Inner", "Scan Direction": "Forward", "Index Name": "customer_pkey", "Relation Name": "customer", "Alias": "customer", "Startup Cost": 0.0, "Total Cost": 0.28, "Plan Rows": 1, "Plan Width": 27, "Index Cond": "(c_custkey = orders.o_custkey)"}]}, {"Node Type": "Index Scan", "Parent Relationship": "Inner", "Scan Direction": "Forward", "Index Name": "idx_lineitem_orderkey", "Relation Name": "lineitem", "Alias": "lineitem", "Startup Cost": 0.0, "Total Cost": 0.87, "Plan Rows": 9, "Plan Width": 16, "Index Cond": "(l_orderkey = orders.o_orderkey)"}]}]}]}]}, "Unique SQL Id": 1915754155, "Planner Runtime": 1}, "explain_analyze_plan": {"Plan": {"Node Type": "Limit", "Startup Cost": 3874068.21, "Total Cost": 3874068.46, "Plan Rows": 100, "Plan Width": 59, "Actual Startup Time": 50695.002, "Actual Total Time": 50695.017, "Actual Rows": 84, "Actual Loops": 1, "Plans": [{"Node Type": "Sort", "Parent Relationship": "Outer", "Startup Cost": 3874068.21, "Total Cost": 3874384.02, "Plan Rows": 100, "Plan Width": 59, "Actual Startup Time": 50695.0, "Actual Total Time": 50695.004, "Actual Rows": 84, "Actual Loops": 1, "Sort Key": ["orders.o_totalprice DESC", "orders.o_orderdate"], "Sort Method": "quicksort", "Sort Space Used": 38, "Sort Space Type": "Memory", "Plans": [{"Node Type": "Aggregate", "Strategy": "Hashed", "Parent Relationship": "Outer", "Startup Cost": 3867977.11, "Total Cost": 3869240.32, "Plan Rows": 126321, "Plan Width": 59, "Actual Startup Time": 50694.487, "Actual Total Time": 50694.852, "Actual Rows": 84, "Actual Loops": 1, "Group By Key": ["orders.o_totalprice", "orders.o_orderdate", "customer.c_name", "customer.c_custkey", "orders.o_orderkey"], "Plans": [{"Node Type": "Nested Loop", "Parent Relationship": "Outer", "Join Type": "Inner", "Startup Cost": 0.0, "Total Cost": 3866082.29, "Plan Rows": 126321, "Plan Width": 59, "Actual Startup Time": 1159.494, "Actual Total Time": 50691.109, "Actual Rows": 588, "Actual Loops": 1, "Inner Unique": false, "Plans": [{"Node Type": "Nested Loop", "Parent Relationship": "Outer", "Join Type": "Inner", "Startup Cost": 0.0, "Total Cost": 3852738.51, "Plan Rows": 13913, "Plan Width": 59, "Actual Startup Time": 1159.473, "Actual Total Time": 50688.867, "Actual Rows": 84, "Actual Loops": 1, "Inner Unique": true, "Plans": [{"Node Type": "Nested Loop", "Parent Relationship": "Outer", "Join Type": "Inner", "Startup Cost": 0.0, "Total Cost": 3843115.38, "Plan Rows": 33034, "Plan Width": 40, "Actual Startup Time": 1159.448, "Actual Total Time": 50687.006, "Actual Rows": 84, "Actual Loops": 1, "Inner Unique": true, "Plans": [{"Node Type": "Aggregate", "Strategy": "Sorted", "Parent Relationship": "Outer", "Startup Cost": 0.0, "Total Cost": 3606239.52, "Plan Rows": 33034, "Plan Width": 24, "Actual Startup Time": 1159.408, "Actual Total Time": 50684.063, "Actual Rows": 84, "Actual Loops": 1, "Group By Key": ["public.lineitem.l_orderkey"], "Filter": "(sum(public.lineitem.l_quantity) > 314::double precision), (LLVM Optimized, Jit Execute)", "Rows Removed by Filter": 14999916, "Plans": [{"Node Type": "Index Scan", "Parent Relationship": "Outer", "Scan Direction": "Forward", "Index Name": "idx_lineitem_orderkey", "Relation Name": "lineitem", "Alias": "lineitem", "Startup Cost": 0.0, "Total Cost": 3240153.75, "Plan Rows": 59987033, "Plan Width": 16, "Actual Startup Time": 0.029, "Actual Total Time": 30275.076, "Actual Rows": 59986052, "Actual Loops": 1}]}, {"Node Type": "Index Scan", "Parent Relationship": "Inner", "Scan Direction": "Forward", "Index Name": "orders_pkey", "Relation Name": "orders", "Alias": "orders", "Startup Cost": 0.0, "Total Cost": 7.15, "Plan Rows": 1, "Plan Width": 32, "Actual Startup Time": 1.994, "Actual Total Time": 1.994, "Actual Rows": 84, "Actual Loops": 84, "Index Cond": "(o_orderkey = public.lineitem.l_orderkey)", "Rows Removed by Index Recheck": 0}]}, {"Node Type": "Index Scan", "Parent Relationship": "Inner", "Scan Direction": "Forward", "Index Name": "customer_pkey", "Relation Name": "customer", "Alias": "customer", "Startup Cost": 0.0, "Total Cost": 0.28, "Plan Rows": 1, "Plan Width": 27, "Actual Startup Time": 1.278, "Actual Total Time": 1.278, "Actual Rows": 84, "Actual Loops": 84, "Index Cond": "(c_custkey = orders.o_custkey)", "Rows Removed by Index Recheck": 0}]}, {"Node Type": "Index Scan", "Parent Relationship": "Inner", "Scan Direction": "Forward", "Index Name": "idx_lineitem_orderkey", "Relation Name": "lineitem", "Alias": "lineitem", "Startup Cost": 0.0, "Total Cost": 0.87, "Plan Rows": 9, "Plan Width": 16, "Actual Startup Time": 0.938, "Actual Total Time": 1.562, "Actual Rows": 588, "Actual Loops": 84, "Index Cond": "(l_orderkey = orders.o_orderkey)", "Rows Removed by Index Recheck": 0}]}]}]}]}, "Triggers": [], "Planner Runtime": 1.698, "Total Runtime": 50704.506, "Unique SQL Id": 1915754155}}, "(1, '6')": {"explain_plan": {"Plan": {"Node Type": "Limit", "Startup Cost": 2768625.52, "Total Cost": 2768625.77, "Plan Rows": 100, "Plan Width": 59, "Plans": [{"Node Type": "Sort", "Parent Relationship": "Outer", "Startup Cost": 2768625.52, "Total Cost": 2768941.33, "Plan Rows": 100, "Plan Width": 59, "Sort Key": ["orders.o_totalprice DESC", "orders.o_orderdate"], "Plans": [{"Node Type": "Aggregate", "Strategy": "Hashed", "Parent Relationship": "Outer", "Startup Cost": 2762534.42, "Total Cost": 2763797.63, "Plan Rows": 126321, "Plan Width": 59, "Group By Key": ["orders.o_totalprice", "orders.o_orderdate", "customer.c_name", "customer.c_custkey", "orders.o_orderkey"], "Plans": [{"Node Type": "Nested Loop", "Parent Relationship": "Outer", "Join Type": "Inner", "Startup Cost": 2385930.24, "Total Cost": 2760639.6, "Plan Rows": 126321, "Plan Width": 59, "Inner Unique": false, "Plans": [{"Node Type": "Hash Join", "Parent Relationship": "Outer", "Join Type": "Inner", "Startup Cost": 2385929.86, "Total Cost": 2696863.45, "Plan Rows": 13913, "Plan Width": 59, "Inner Unique": true, "Hash Cond": "(orders.o_custkey = customer.c_custkey)", "Plans": [{"Node Type": "Nested Loop", "Parent Relationship": "Outer", "Join Type": "Inner", "Startup Cost": 2315053.86, "Total Cost": 2625533.23, "Plan Rows": 33034, "Plan Width": 40, "Inner Unique": true, "Plans": [{"Node Type": "Aggregate", "Strategy": "Hashed", "Parent Relationship": "Outer", "Startup Cost": 2315050.5, "Total Cost": 2381201.11, "Plan Rows": 33034, "Plan Width": 16, "Group By Key": ["public.lineitem.l_orderkey"], "Filter": "(sum(public.lineitem.l_quantity) > 314::double precision), (LLVM Optimized)", "Plans": [{"Node Type": "Seq Scan", "Parent Relationship": "Outer", "Relation Name": "lineitem", "Alias": "lineitem", "Startup Cost": 0.0, "Total Cost": 2015115.33, "Plan Rows": 59987033, "Plan Width": 16}]}, {"Node Type": "Bitmap Heap Scan", "Parent Relationship": "Inner", "Relation Name": "orders", "Alias": "orders", "Startup Cost": 3.36, "Total Cost": 7.38, "Plan Rows": 1, "Plan Width": 32, "Recheck Cond": "(o_orderkey = public.lineitem.l_orderkey)", "Plans": [{"Node Type": "Bitmap Index Scan", "Parent Relationship": "Outer", "Index Name": "orders_pkey", "Startup Cost": 0.0, "Total Cost": 3.36, "Plan Rows": 1, "Plan Width": 0, "Index Cond": "(o_orderkey = public.lineitem.l_orderkey)"}]}]}, {"Node Type": "Hash", "Parent Relationship": "Inner", "Startup Cost": 52126.0, "Total Cost": 52126.0, "Plan Rows": 1500000, "Plan Width": 27, "Plans": [{"Node Type": "Seq Scan", "Parent Relationship": "Outer", "Relation Name": "customer", "Alias": "customer", "Startup Cost": 0.0, "Total Cost": 52126.0, "Plan Rows": 1500000, "Plan Width": 27}]}]}, {"Node Type": "Bitmap Heap Scan", "Parent Relationship": "Inner", "Relation Name": "lineitem", "Alias": "lineitem", "Startup Cost": 0.38, "Total Cost": 4.49, "Plan Rows": 9, "Plan Width": 16, "Recheck Cond": "(l_orderkey = orders.o_orderkey)", "Plans": [{"Node Type": "Bitmap Index Scan", "Parent Relationship": "Outer", "Index Name": "idx_lineitem_orderkey", "Startup Cost": 0.0, "Total Cost": 0.38, "Plan Rows": 9, "Plan Width": 0, "Index Cond": "(l_orderkey = orders.o_orderkey)"}]}]}]}]}]}, "Unique SQL Id": 1915754155, "Planner Runtime": 1}, "explain_analyze_plan": {"Plan": {"Node Type": "Limit", "Startup Cost": 2768625.52, "Total Cost": 2768625.77, "Plan Rows": 100, "Plan Width": 59, "Actual Startup Time": 59611.881, "Actual Total Time": 59611.895, "Actual Rows": 84, "Actual Loops": 1, "Plans": [{"Node Type": "Sort", "Parent Relationship": "Outer", "Startup Cost": 2768625.52, "Total Cost": 2768941.33, "Plan Rows": 100, "Plan Width": 59, "Actual Startup Time": 59611.878, "Actual Total Time": 59611.879, "Actual Rows": 84, "Actual Loops": 1, "Sort Key": ["orders.o_totalprice DESC", "orders.o_orderdate"], "Sort Method": "quicksort", "Sort Space Used": 38, "Sort Space Type": "Memory", "Plans": [{"Node Type": "Aggregate", "Strategy": "Hashed", "Parent Relationship": "Outer", "Startup Cost": 2762534.42, "Total Cost": 2763797.63, "Plan Rows": 126321, "Plan Width": 59, "Actual Startup Time": 59611.463, "Actual Total Time": 59611.783, "Actual Rows": 84, "Actual Loops": 1, "Group By Key": ["orders.o_totalprice", "orders.o_orderdate", "customer.c_name", "customer.c_custkey", "orders.o_orderkey"], "Plans": [{"Node Type": "Nested Loop", "Parent Relationship": "Outer", "Join Type": "Inner", "Startup Cost": 2385930.24, "Total Cost": 2760639.6, "Plan Rows": 126321, "Plan Width": 59, "Actual Startup Time": 50843.345, "Actual Total Time": 59609.843, "Actual Rows": 588, "Actual Loops": 1, "Inner Unique": false, "Plans": [{"Node Type": "Hash Join", "Parent Relationship": "Outer", "Join Type": "Inner", "Startup Cost": 2385929.86, "Total Cost": 2696863.45, "Plan Rows": 13913, "Plan Width": 59, "Actual Startup Time": 50843.294, "Actual Total Time": 59603.085, "Actual Rows": 84, "Actual Loops": 1, "Inner Unique": true, "Hash Cond": "(orders.o_custkey = customer.c_custkey)", "Plans": [{"Node Type": "Nested Loop", "Parent Relationship": "Outer", "Join Type": "Inner", "Startup Cost": 2315053.86, "Total Cost": 2625533.23, "Plan Rows": 33034, "Plan Width": 40, "Actual Startup Time": 49565.238, "Actual Total Time": 58323.675, "Actual Rows": 84, "Actual Loops": 1, "Inner Unique": true, "Plans": [{"Node Type": "Aggregate", "Strategy": "Hashed", "Parent Relationship": "Outer", "Startup Cost": 2315050.5, "Total Cost": 2381201.11, "Plan Rows": 33034, "Plan Width": 16, "Actual Startup Time": 49565.139, "Actual Total Time": 58306.345, "Actual Rows": 84, "Actual Loops": 1, "Group By Key": ["public.lineitem.l_orderkey"], "Filter": "(sum(public.lineitem.l_quantity) > 314::double precision), (LLVM Optimized, Jit Execute)", "Rows Removed by Filter": 14999916, "Plans": [{"Node Type": "Seq Scan", "Parent Relationship": "Outer", "Relation Name": "lineitem", "Alias": "lineitem", "Startup Cost": 0.0, "Total Cost": 2015115.33, "Plan Rows": 59987033, "Plan Width": 16, "Actual Startup Time": 0.034, "Actual Total Time": 20821.446, "Actual Rows": 59986052, "Actual Loops": 1}]}, {"Node Type": "Bitmap Heap Scan", "Parent Relationship": "Inner", "Relation Name": "orders", "Alias": "orders", "Startup Cost": 3.36, "Total Cost": 7.38, "Plan Rows": 1, "Plan Width": 32, "Actual Startup Time": 3.498, "Actual Total Time": 3.498, "Actual Rows": 84, "Actual Loops": 84, "Recheck Cond": "(o_orderkey = public.lineitem.l_orderkey)", "Rows Removed by Index Recheck": 0, "Exact Heap Blocks": 84, "Lossy Heap Blocks": 84, "Plans": [{"Node Type": "Bitmap Index Scan", "Parent Relationship": "Outer", "Index Name": "orders_pkey", "Startup Cost": 0.0, "Total Cost": 3.36, "Plan Rows": 1, "Plan Width": 0, "Actual Startup Time": 2.397, "Actual Total Time": 2.397, "Actual Rows": 84, "Actual Loops": 84, "Index Cond": "(o_orderkey = public.lineitem.l_orderkey)"}]}]}, {"Node Type": "Hash", "Parent Relationship": "Inner", "Startup Cost": 52126.0, "Total Cost": 52126.0, "Plan Rows": 1500000, "Plan Width": 27, "Actual Startup Time": 1276.444, "Actual Total Time": 1276.444, "Actual Rows": 1500000, "Actual Loops": 1, "Hash Buckets": 2097152, "Hash Batches": 1, "Original Hash Batches": 1, "Peak Memory Usage": 93750, "Plans": [{"Node Type": "Seq Scan", "Parent Relationship": "Outer", "Relation Name": "customer", "Alias": "customer", "Startup Cost": 0.0, "Total Cost": 52126.0, "Plan Rows": 1500000, "Plan Width": 27, "Actual Startup Time": 0.025, "Actual Total Time": 561.62, "Actual Rows": 1500000, "Actual Loops": 1}]}]}, {"Node Type": "Bitmap Heap Scan", "Parent Relationship": "Inner", "Relation Name": "lineitem", "Alias": "lineitem", "Startup Cost": 0.38, "Total Cost": 4.49, "Plan Rows": 9, "Plan Width": 16, "Actual Startup Time": 2.578, "Actual Total Time": 2.729, "Actual Rows": 588, "Actual Loops": 84, "Recheck Cond": "(l_orderkey = orders.o_orderkey)", "Rows Removed by Index Recheck": 0, "Exact Heap Blocks": 96, "Lossy Heap Blocks": 96, "Plans": [{"Node Type": "Bitmap Index Scan", "Parent Relationship": "Outer", "Index Name": "idx_lineitem_orderkey", "Startup Cost": 0.0, "Total Cost": 0.38, "Plan Rows": 9, "Plan Width": 0, "Actual Startup Time": 1.649, "Actual Total Time": 1.649, "Actual Rows": 588, "Actual Loops": 84, "Index Cond": "(l_orderkey = orders.o_orderkey)"}]}]}]}]}]}, "Triggers": [], "Planner Runtime": 1.65, "Total Runtime": 59621.238, "Unique SQL Id": 1915754155}}, "(1, '7')": {"explain_plan": {"Plan": {"Node Type": "Limit", "Startup Cost": 1000324838994.8, "Total Cost": 1000324838995.05, "Plan Rows": 100, "Plan Width": 59, "Plans": [{"Node Type": "Sort", "Parent Relationship": "Outer", "Startup Cost": 1000324838994.8, "Total Cost": 1000324839310.61, "Plan Rows": 100, "Plan Width": 59, "Sort Key": ["orders.o_totalprice DESC", "orders.o_orderdate"], "Plans": [{"Node Type": "Aggregate", "Strategy": "Hashed", "Parent Relationship": "Outer", "Startup Cost": 1000324832903.7, "Total Cost": 1000324834166.91, "Plan Rows": 126321, "Plan Width": 59, "Group By Key": ["orders.o_totalprice", "orders.o_orderdate", "customer.c_name", "customer.c_custkey", "orders.o_orderkey"], "Plans": [{"Node Type": "Nested Loop", "Parent Relationship": "Outer", "Join Type": "Inner", "Startup Cost": 10000000004.0, "Total Cost": 1000324831008.88, "Plan Rows": 126321, "Plan Width": 59, "Inner Unique": false, "Plans": [{"Node Type": "Nested Loop", "Parent Relationship": "Outer", "Join Type": "Inner", "Startup Cost": 10000000003.62, "Total Cost": 1000324767232.73, "Plan Rows": 13913, "Plan Width": 59, "Inner Unique": true, "Plans": [{"Node Type": "Nested Loop", "Parent Relationship": "Outer", "Join Type": "Inner", "Startup Cost": 10000000003.36, "Total Cost": 1000324625792.4, "Plan Rows": 33034, "Plan Width": 40, "Inner Unique": true, "Plans": [{"Node Type": "Aggregate", "Strategy": "Sorted", "Parent Relationship": "Outer", "Startup Cost": 10000000000.0, "Total Cost": 1000324381460.28, "Plan Rows": 33034, "Plan Width": 24, "Group By Key": ["public.lineitem.l_orderkey"], "Filter": "(sum(public.lineitem.l_quantity) > 314::double precision), (LLVM Optimized)", "Plans": [{"Node Type": "Index Scan", "Parent Relationship": "Outer", "Scan Direction": "Forward", "Index Name": "idx_lineitem_orderkey", "Relation Name": "lineitem", "Alias": "lineitem", "Startup Cost": 10000000000.0, "Total Cost": 1000324015374.5, "Plan Rows": 59987033, "Plan Width": 16}]}, {"Node Type": "Bitmap Heap Scan", "Parent Relationship": "Inner", "Relation Name": "orders", "Alias": "orders", "Startup Cost": 3.36, "Total Cost": 7.38, "Plan Rows": 1, "Plan Width": 32, "Recheck Cond": "(o_orderkey = public.lineitem.l_orderkey)", "Plans": [{"Node Type": "Bitmap Index Scan", "Parent Relationship": "Outer", "Index Name": "orders_pkey", "Startup Cost": 0.0, "Total Cost": 3.36, "Plan Rows": 1, "Plan Width": 0, "Index Cond": "(o_orderkey = public.lineitem.l_orderkey)"}]}]}, {"Node Type": "Bitmap Heap Scan", "Parent Relationship": "Inner", "Relation Name": "customer", "Alias": "customer", "Startup Cost": 0.26, "Total Cost": 4.27, "Plan Rows": 1, "Plan Width": 27, "Recheck Cond": "(c_custkey = orders.o_custkey)", "Plans": [{"Node Type": "Bitmap Index Scan", "Parent Relationship": "Outer", "Index Name": "customer_pkey", "Startup Cost": 0.0, "Total Cost": 0.26, "Plan Rows": 1, "Plan Width": 0, "Index Cond": "(c_custkey = orders.o_custkey)"}]}]}, {"Node Type": "Bitmap Heap Scan", "Parent Relationship": "Inner", "Relation Name": "lineitem", "Alias": "lineitem", "Startup Cost": 0.38, "Total Cost": 4.49, "Plan Rows": 9, "Plan Width": 16, "Recheck Cond": "(l_orderkey = orders.o_orderkey)", "Plans": [{"Node Type": "Bitmap Index Scan", "Parent Relationship": "Outer", "Index Name": "idx_lineitem_orderkey", "Startup Cost": 0.0, "Total Cost": 0.38, "Plan Rows": 9, "Plan Width": 0, "Index Cond": "(l_orderkey = orders.o_orderkey)"}]}]}]}]}]}, "Unique SQL Id": 1915754155, "Planner Runtime": 1}, "explain_analyze_plan": {"Plan": {"Node Type": "Limit", "Startup Cost": 1000324838994.8, "Total Cost": 1000324838995.05, "Plan Rows": 100, "Plan Width": 59, "Actual Startup Time": 49544.467, "Actual Total Time": 49544.486, "Actual Rows": 84, "Actual Loops": 1, "Plans": [{"Node Type": "Sort", "Parent Relationship": "Outer", "Startup Cost": 1000324838994.8, "Total Cost": 1000324839310.61, "Plan Rows": 100, "Plan Width": 59, "Actual Startup Time": 49544.465, "Actual Total Time": 49544.474, "Actual Rows": 84, "Actual Loops": 1, "Sort Key": ["orders.o_totalprice DESC", "orders.o_orderdate"], "Sort Method": "quicksort", "Sort Space Used": 38, "Sort Space Type": "Memory", "Plans": [{"Node Type": "Aggregate", "Strategy": "Hashed", "Parent Relationship": "Outer", "Startup Cost": 1000324832903.7, "Total Cost": 1000324834166.91, "Plan Rows": 126321, "Plan Width": 59, "Actual Startup Time": 49543.984, "Actual Total Time": 49544.316, "Actual Rows": 84, "Actual Loops": 1, "Group By Key": ["orders.o_totalprice", "orders.o_orderdate", "customer.c_name", "customer.c_custkey", "orders.o_orderkey"], "Plans": [{"Node Type": "Nested Loop", "Parent Relationship": "Outer", "Join Type": "Inner", "Startup Cost": 10000000004.0, "Total Cost": 1000324831008.88, "Plan Rows": 126321, "Plan Width": 59, "Actual Startup Time": 1023.087, "Actual Total Time": 49541.154, "Actual Rows": 588, "Actual Loops": 1, "Inner Unique": false, "Plans": [{"Node Type": "Nested Loop", "Parent Relationship": "Outer", "Join Type": "Inner", "Startup Cost": 10000000003.62, "Total Cost": 1000324767232.73, "Plan Rows": 13913, "Plan Width": 59, "Actual Startup Time": 1023.067, "Actual Total Time": 49538.65, "Actual Rows": 84, "Actual Loops": 1, "Inner Unique": true, "Plans": [{"Node Type": "Nested Loop", "Parent Relationship": "Outer", "Join Type": "Inner", "Startup Cost": 10000000003.36, "Total Cost": 1000324625792.4, "Plan Rows": 33034, "Plan Width": 40, "Actual Startup Time": 1023.033, "Actual Total Time": 49536.599, "Actual Rows": 84, "Actual Loops": 1, "Inner Unique": true, "Plans": [{"Node Type": "Aggregate", "Strategy": "Sorted", "Parent Relationship": "Outer", "Startup Cost": 10000000000.0, "Total Cost": 1000324381460.28, "Plan Rows": 33034, "Plan Width": 24, "Actual Startup Time": 1022.959, "Actual Total Time": 49531.744, "Actual Rows": 84, "Actual Loops": 1, "Group By Key": ["public.lineitem.l_orderkey"], "Filter": "(sum(public.lineitem.l_quantity) > 314::double precision), (LLVM Optimized, Jit Execute)", "Rows Removed by Filter": 14999916, "Plans": [{"Node Type": "Index Scan", "Parent Relationship": "Outer", "Scan Direction": "Forward", "Index Name": "idx_lineitem_orderkey", "Relation Name": "lineitem", "Alias": "lineitem", "Startup Cost": 10000000000.0, "Total Cost": 1000324015374.5, "Plan Rows": 59987033, "Plan Width": 16, "Actual Startup Time": 0.03, "Actual Total Time": 29176.085, "Actual Rows": 59986052, "Actual Loops": 1}]}, {"Node Type": "Bitmap Heap Scan", "Parent Relationship": "Inner", "Relation Name": "orders", "Alias": "orders", "Startup Cost": 3.36, "Total Cost": 7.38, "Plan Rows": 1, "Plan Width": 32, "Actual Startup Time": 3.264, "Actual Total Time": 3.264, "Actual Rows": 84, "Actual Loops": 84, "Recheck Cond": "(o_orderkey = public.lineitem.l_orderkey)", "Rows Removed by Index Recheck": 0, "Exact Heap Blocks": 84, "Lossy Heap Blocks": 84, "Plans": [{"Node Type": "Bitmap Index Scan", "Parent Relationship": "Outer", "Index Name": "orders_pkey", "Startup Cost": 0.0, "Total Cost": 3.36, "Plan Rows": 1, "Plan Width": 0, "Actual Startup Time": 2.073, "Actual Total Time": 2.073, "Actual Rows": 84, "Actual Loops": 84, "Index Cond": "(o_orderkey = public.lineitem.l_orderkey)"}]}]}, {"Node Type": "Bitmap Heap Scan", "Parent Relationship": "Inner", "Relation Name": "customer", "Alias": "customer", "Startup Cost": 0.26, "Total Cost": 4.27, "Plan Rows": 1, "Plan Width": 27, "Actual Startup Time": 1.378, "Actual Total Time": 1.378, "Actual Rows": 84, "Actual Loops": 84, "Recheck Cond": "(c_custkey = orders.o_custkey)", "Rows Removed by Index Recheck": 0, "Exact Heap Blocks": 84, "Lossy Heap Blocks": 84, "Plans": [{"Node Type": "Bitmap Index Scan", "Parent Relationship": "Outer", "Index Name": "customer_pkey", "Startup Cost": 0.0, "Total Cost": 0.26, "Plan Rows": 1, "Plan Width": 0, "Actual Startup Time": 0.854, "Actual Total Time": 0.854, "Actual Rows": 84, "Actual Loops": 84, "Index Cond": "(c_custkey = orders.o_custkey)"}]}]}, {"Node Type": "Bitmap Heap Scan", "Parent Relationship": "Inner", "Relation Name": "lineitem", "Alias": "lineitem", "Startup Cost": 0.38, "Total Cost": 4.49, "Plan Rows": 9, "Plan Width": 16, "Actual Startup Time": 1.417, "Actual Total Time": 1.651, "Actual Rows": 588, "Actual Loops": 84, "Recheck Cond": "(l_orderkey = orders.o_orderkey)", "Rows Removed by Index Recheck": 0, "Exact Heap Blocks": 96, "Lossy Heap Blocks": 96, "Plans": [{"Node Type": "Bitmap Index Scan", "Parent Relationship": "Outer", "Index Name": "idx_lineitem_orderkey", "Startup Cost": 0.0, "Total Cost": 0.38, "Plan Rows": 9, "Plan Width": 0, "Actual Startup Time": 0.904, "Actual Total Time": 0.904, "Actual Rows": 588, "Actual Loops": 84, "Index Cond": "(l_orderkey = orders.o_orderkey)"}]}]}]}]}]}, "Triggers": [], "Planner Runtime": 1.515, "Total Runtime": 49553.909, "Unique SQL Id": 1915754155}}, "(1, '8')": {"explain_plan": {"Plan": {"Node Type": "Limit", "Startup Cost": 2649029.8, "Total Cost": 2649030.05, "Plan Rows": 100, "Plan Width": 59, "Plans": [{"Node Type": "Sort", "Parent Relationship": "Outer", "Startup Cost": 2649029.8, "Total Cost": 2649345.6, "Plan Rows": 100, "Plan Width": 59, "Sort Key": ["orders.o_totalprice DESC", "orders.o_orderdate"], "Plans": [{"Node Type": "Aggregate", "Strategy": "Hashed", "Parent Relationship": "Outer", "Startup Cost": 2642938.69, "Total Cost": 2644201.9, "Plan Rows": 126321, "Plan Width": 59, "Group By Key": ["orders.o_totalprice", "orders.o_orderdate", "customer.c_name", "customer.c_custkey", "orders.o_orderkey"], "Plans": [{"Node Type": "Nested Loop", "Parent Relationship": "Outer", "Join Type": "Inner", "Startup Cost": 2315050.5, "Total Cost": 2641043.88, "Plan Rows": 126321, "Plan Width": 59, "Inner Unique": false, "Plans": [{"Node Type": "Nested Loop", "Parent Relationship": "Outer", "Join Type": "Inner", "Startup Cost": 2315050.5, "Total Cost": 2627700.1, "Plan Rows": 13913, "Plan Width": 59, "Inner Unique": true, "Plans": [{"Node Type": "Nested Loop", "Parent Relationship": "Outer", "Join Type": "Inner", "Startup Cost": 2315050.5, "Total Cost": 2618076.97, "Plan Rows": 33034, "Plan Width": 40, "Inner Unique": true, "Plans": [{"Node Type": "Aggregate", "Strategy": "Hashed", "Parent Relationship": "Outer", "Startup Cost": 2315050.5, "Total Cost": 2381201.11, "Plan Rows": 33034, "Plan Width": 16, "Group By Key": ["public.lineitem.l_orderkey"], "Filter": "(sum(public.lineitem.l_quantity) > 314::double precision), (LLVM Optimized)", "Plans": [{"Node Type": "Seq Scan", "Parent Relationship": "Outer", "Relation Name": "lineitem", "Alias": "lineitem", "Startup Cost": 0.0, "Total Cost": 2015115.33, "Plan Rows": 59987033, "Plan Width": 16}]}, {"Node Type": "Index Scan", "Parent Relationship": "Inner", "Scan Direction": "Forward", "Index Name": "orders_pkey", "Relation Name": "orders", "Alias": "orders", "Startup Cost": 0.0, "Total Cost": 7.15, "Plan Rows": 1, "Plan Width": 32, "Index Cond": "(o_orderkey = public.lineitem.l_orderkey)"}]}, {"Node Type": "Index Scan", "Parent Relationship": "Inner", "Scan Direction": "Forward", "Index Name": "customer_pkey", "Relation Name": "customer", "Alias": "customer", "Startup Cost": 0.0, "Total Cost": 0.28, "Plan Rows": 1, "Plan Width": 27, "Index Cond": "(c_custkey = orders.o_custkey)"}]}, {"Node Type": "Index Scan", "Parent Relationship": "Inner", "Scan Direction": "Forward", "Index Name": "idx_lineitem_orderkey", "Relation Name": "lineitem", "Alias": "lineitem", "Startup Cost": 0.0, "Total Cost": 0.87, "Plan Rows": 9, "Plan Width": 16, "Index Cond": "(l_orderkey = orders.o_orderkey)"}]}]}]}]}, "Unique SQL Id": 1915754155, "Planner Runtime": 1}, "explain_analyze_plan": {"Plan": {"Node Type": "Limit", "Startup Cost": 2649029.8, "Total Cost": 2649030.05, "Plan Rows": 100, "Plan Width": 59, "Actual Startup Time": 51129.008, "Actual Total Time": 51129.027, "Actual Rows": 84, "Actual Loops": 1, "Plans": [{"Node Type": "Sort", "Parent Relationship": "Outer", "Startup Cost": 2649029.8, "Total Cost": 2649345.6, "Plan Rows": 100, "Plan Width": 59, "Actual Startup Time": 51129.006, "Actual Total Time": 51129.015, "Actual Rows": 84, "Actual Loops": 1, "Sort Key": ["orders.o_totalprice DESC", "orders.o_orderdate"], "Sort Method": "quicksort", "Sort Space Used": 38, "Sort Space Type": "Memory", "Plans": [{"Node Type": "Aggregate", "Strategy": "Hashed", "Parent Relationship": "Outer", "Startup Cost": 2642938.69, "Total Cost": 2644201.9, "Plan Rows": 126321, "Plan Width": 59, "Actual Startup Time": 51128.213, "Actual Total Time": 51128.889, "Actual Rows": 84, "Actual Loops": 1, "Group By Key": ["orders.o_totalprice", "orders.o_orderdate", "customer.c_name", "customer.c_custkey", "orders.o_orderkey"], "Plans": [{"Node Type": "Nested Loop", "Parent Relationship": "Outer", "Join Type": "Inner", "Startup Cost": 2315050.5, "Total Cost": 2641043.88, "Plan Rows": 126321, "Plan Width": 59, "Actual Startup Time": 46173.798, "Actual Total Time": 51126.311, "Actual Rows": 588, "Actual Loops": 1, "Inner Unique": false, "Plans": [{"Node Type": "Nested Loop", "Parent Relationship": "Outer", "Join Type": "Inner", "Startup Cost": 2315050.5, "Total Cost": 2627700.1, "Plan Rows": 13913, "Plan Width": 59, "Actual Startup Time": 46173.775, "Actual Total Time": 51124.263, "Actual Rows": 84, "Actual Loops": 1, "Inner Unique": true, "Plans": [{"Node Type": "Nested Loop", "Parent Relationship": "Outer", "Join Type": "Inner", "Startup Cost": 2315050.5, "Total Cost": 2618076.97, "Plan Rows": 33034, "Plan Width": 40, "Actual Startup Time": 46173.751, "Actual Total Time": 51122.995, "Actual Rows": 84, "Actual Loops": 1, "Inner Unique": true, "Plans": [{"Node Type": "Aggregate", "Strategy": "Hashed", "Parent Relationship": "Outer", "Startup Cost": 2315050.5, "Total Cost": 2381201.11, "Plan Rows": 33034, "Plan Width": 16, "Actual Startup Time": 46173.686, "Actual Total Time": 51106.177, "Actual Rows": 84, "Actual Loops": 1, "Group By Key": ["public.lineitem.l_orderkey"], "Filter": "(sum(public.lineitem.l_quantity) > 314::double precision), (LLVM Optimized, Jit Execute)", "Rows Removed by Filter": 14999916, "Plans": [{"Node Type": "Seq Scan", "Parent Relationship": "Outer", "Relation Name": "lineitem", "Alias": "lineitem", "Startup Cost": 0.0, "Total Cost": 2015115.33, "Plan Rows": 59987033, "Plan Width": 16, "Actual Startup Time": 0.043, "Actual Total Time": 19975.008, "Actual Rows": 59986052, "Actual Loops": 1}]}, {"Node Type": "Index Scan", "Parent Relationship": "Inner", "Scan Direction": "Forward", "Index Name": "orders_pkey", "Relation Name": "orders", "Alias": "orders", "Startup Cost": 0.0, "Total Cost": 7.15, "Plan Rows": 1, "Plan Width": 32, "Actual Startup Time": 2.93, "Actual Total Time": 2.93, "Actual Rows": 84, "Actual Loops": 84, "Index Cond": "(o_orderkey = public.lineitem.l_orderkey)", "Rows Removed by Index Recheck": 0}]}, {"Node Type": "Index Scan", "Parent Relationship": "Inner", "Scan Direction": "Forward", "Index Name": "customer_pkey", "Relation Name": "customer", "Alias": "customer", "Startup Cost": 0.0, "Total Cost": 0.28, "Plan Rows": 1, "Plan Width": 27, "Actual Startup Time": 0.906, "Actual Total Time": 0.906, "Actual Rows": 84, "Actual Loops": 84, "Index Cond": "(c_custkey = orders.o_custkey)", "Rows Removed by Index Recheck": 0}]}, {"Node Type": "Index Scan", "Parent Relationship": "Inner", "Scan Direction": "Forward", "Index Name": "idx_lineitem_orderkey", "Relation Name": "lineitem", "Alias": "lineitem", "Startup Cost": 0.0, "Total Cost": 0.87, "Plan Rows": 9, "Plan Width": 16, "Actual Startup Time": 1.165, "Actual Total Time": 1.622, "Actual Rows": 588, "Actual Loops": 84, "Index Cond": "(l_orderkey = orders.o_orderkey)", "Rows Removed by Index Recheck": 0}]}]}]}]}, "Triggers": [], "Planner Runtime": 1.711, "Total Runtime": 51138.586, "Unique SQL Id": 1915754155}}, "(1, '9')": {"explain_plan": {"Plan": {"Node Type": "Limit", "Startup Cost": 3874068.21, "Total Cost": 3874068.46, "Plan Rows": 100, "Plan Width": 59, "Plans": [{"Node Type": "Sort", "Parent Relationship": "Outer", "Startup Cost": 3874068.21, "Total Cost": 3874384.02, "Plan Rows": 100, "Plan Width": 59, "Sort Key": ["orders.o_totalprice DESC", "orders.o_orderdate"], "Plans": [{"Node Type": "Aggregate", "Strategy": "Hashed", "Parent Relationship": "Outer", "Startup Cost": 3867977.11, "Total Cost": 3869240.32, "Plan Rows": 126321, "Plan Width": 59, "Group By Key": ["orders.o_totalprice", "orders.o_orderdate", "customer.c_name", "customer.c_custkey", "orders.o_orderkey"], "Plans": [{"Node Type": "Nested Loop", "Parent Relationship": "Outer", "Join Type": "Inner", "Startup Cost": 0.0, "Total Cost": 3866082.29, "Plan Rows": 126321, "Plan Width": 59, "Inner Unique": false, "Plans": [{"Node Type": "Nested Loop", "Parent Relationship": "Outer", "Join Type": "Inner", "Startup Cost": 0.0, "Total Cost": 3852738.51, "Plan Rows": 13913, "Plan Width": 59, "Inner Unique": true, "Plans": [{"Node Type": "Nested Loop", "Parent Relationship": "Outer", "Join Type": "Inner", "Startup Cost": 0.0, "Total Cost": 3843115.38, "Plan Rows": 33034, "Plan Width": 40, "Inner Unique": true, "Plans": [{"Node Type": "Aggregate", "Strategy": "Sorted", "Parent Relationship": "Outer", "Startup Cost": 0.0, "Total Cost": 3606239.52, "Plan Rows": 33034, "Plan Width": 24, "Group By Key": ["public.lineitem.l_orderkey"], "Filter": "(sum(public.lineitem.l_quantity) > 314::double precision), (LLVM Optimized)", "Plans": [{"Node Type": "Index Scan", "Parent Relationship": "Outer", "Scan Direction": "Forward", "Index Name": "idx_lineitem_orderkey", "Relation Name": "lineitem", "Alias": "lineitem", "Startup Cost": 0.0, "Total Cost": 3240153.75, "Plan Rows": 59987033, "Plan Width": 16}]}, {"Node Type": "Index Scan", "Parent Relationship": "Inner", "Scan Direction": "Forward", "Index Name": "orders_pkey", "Relation Name": "orders", "Alias": "orders", "Startup Cost": 0.0, "Total Cost": 7.15, "Plan Rows": 1, "Plan Width": 32, "Index Cond": "(o_orderkey = public.lineitem.l_orderkey)"}]}, {"Node Type": "Index Scan", "Parent Relationship": "Inner", "Scan Direction": "Forward", "Index Name": "customer_pkey", "Relation Name": "customer", "Alias": "customer", "Startup Cost": 0.0, "Total Cost": 0.28, "Plan Rows": 1, "Plan Width": 27, "Index Cond": "(c_custkey = orders.o_custkey)"}]}, {"Node Type": "Index Scan", "Parent Relationship": "Inner", "Scan Direction": "Forward", "Index Name": "idx_lineitem_orderkey", "Relation Name": "lineitem", "Alias": "lineitem", "Startup Cost": 0.0, "Total Cost": 0.87, "Plan Rows": 9, "Plan Width": 16, "Index Cond": "(l_orderkey = orders.o_orderkey)"}]}]}]}]}, "Unique SQL Id": 1915754155, "Planner Runtime": 1}, "explain_analyze_plan": {"Plan": {"Node Type": "Limit", "Startup Cost": 3874068.21, "Total Cost": 3874068.46, "Plan Rows": 100, "Plan Width": 59, "Actual Startup Time": 50695.002, "Actual Total Time": 50695.017, "Actual Rows": 84, "Actual Loops": 1, "Plans": [{"Node Type": "Sort", "Parent Relationship": "Outer", "Startup Cost": 3874068.21, "Total Cost": 3874384.02, "Plan Rows": 100, "Plan Width": 59, "Actual Startup Time": 50695.0, "Actual Total Time": 50695.004, "Actual Rows": 84, "Actual Loops": 1, "Sort Key": ["orders.o_totalprice DESC", "orders.o_orderdate"], "Sort Method": "quicksort", "Sort Space Used": 38, "Sort Space Type": "Memory", "Plans": [{"Node Type": "Aggregate", "Strategy": "Hashed", "Parent Relationship": "Outer", "Startup Cost": 3867977.11, "Total Cost": 3869240.32, "Plan Rows": 126321, "Plan Width": 59, "Actual Startup Time": 50694.487, "Actual Total Time": 50694.852, "Actual Rows": 84, "Actual Loops": 1, "Group By Key": ["orders.o_totalprice", "orders.o_orderdate", "customer.c_name", "customer.c_custkey", "orders.o_orderkey"], "Plans": [{"Node Type": "Nested Loop", "Parent Relationship": "Outer", "Join Type": "Inner", "Startup Cost": 0.0, "Total Cost": 3866082.29, "Plan Rows": 126321, "Plan Width": 59, "Actual Startup Time": 1159.494, "Actual Total Time": 50691.109, "Actual Rows": 588, "Actual Loops": 1, "Inner Unique": false, "Plans": [{"Node Type": "Nested Loop", "Parent Relationship": "Outer", "Join Type": "Inner", "Startup Cost": 0.0, "Total Cost": 3852738.51, "Plan Rows": 13913, "Plan Width": 59, "Actual Startup Time": 1159.473, "Actual Total Time": 50688.867, "Actual Rows": 84, "Actual Loops": 1, "Inner Unique": true, "Plans": [{"Node Type": "Nested Loop", "Parent Relationship": "Outer", "Join Type": "Inner", "Startup Cost": 0.0, "Total Cost": 3843115.38, "Plan Rows": 33034, "Plan Width": 40, "Actual Startup Time": 1159.448, "Actual Total Time": 50687.006, "Actual Rows": 84, "Actual Loops": 1, "Inner Unique": true, "Plans": [{"Node Type": "Aggregate", "Strategy": "Sorted", "Parent Relationship": "Outer", "Startup Cost": 0.0, "Total Cost": 3606239.52, "Plan Rows": 33034, "Plan Width": 24, "Actual Startup Time": 1159.408, "Actual Total Time": 50684.063, "Actual Rows": 84, "Actual Loops": 1, "Group By Key": ["public.lineitem.l_orderkey"], "Filter": "(sum(public.lineitem.l_quantity) > 314::double precision), (LLVM Optimized, Jit Execute)", "Rows Removed by Filter": 14999916, "Plans": [{"Node Type": "Index Scan", "Parent Relationship": "Outer", "Scan Direction": "Forward", "Index Name": "idx_lineitem_orderkey", "Relation Name": "lineitem", "Alias": "lineitem", "Startup Cost": 0.0, "Total Cost": 3240153.75, "Plan Rows": 59987033, "Plan Width": 16, "Actual Startup Time": 0.029, "Actual Total Time": 30275.076, "Actual Rows": 59986052, "Actual Loops": 1}]}, {"Node Type": "Index Scan", "Parent Relationship": "Inner", "Scan Direction": "Forward", "Index Name": "orders_pkey", "Relation Name": "orders", "Alias": "orders", "Startup Cost": 0.0, "Total Cost": 7.15, "Plan Rows": 1, "Plan Width": 32, "Actual Startup Time": 1.994, "Actual Total Time": 1.994, "Actual Rows": 84, "Actual Loops": 84, "Index Cond": "(o_orderkey = public.lineitem.l_orderkey)", "Rows Removed by Index Recheck": 0}]}, {"Node Type": "Index Scan", "Parent Relationship": "Inner", "Scan Direction": "Forward", "Index Name": "customer_pkey", "Relation Name": "customer", "Alias": "customer", "Startup Cost": 0.0, "Total Cost": 0.28, "Plan Rows": 1, "Plan Width": 27, "Actual Startup Time": 1.278, "Actual Total Time": 1.278, "Actual Rows": 84, "Actual Loops": 84, "Index Cond": "(c_custkey = orders.o_custkey)", "Rows Removed by Index Recheck": 0}]}, {"Node Type": "Index Scan", "Parent Relationship": "Inner", "Scan Direction": "Forward", "Index Name": "idx_lineitem_orderkey", "Relation Name": "lineitem", "Alias": "lineitem", "Startup Cost": 0.0, "Total Cost": 0.87, "Plan Rows": 9, "Plan Width": 16, "Actual Startup Time": 0.938, "Actual Total Time": 1.562, "Actual Rows": 588, "Actual Loops": 84, "Index Cond": "(l_orderkey = orders.o_orderkey)", "Rows Removed by Index Recheck": 0}]}]}]}]}, "Triggers": [], "Planner Runtime": 1.698, "Total Runtime": 50704.506, "Unique SQL Id": 1915754155}}, "(1, '10')": {"explain_plan": {"Plan": {"Node Type": "Limit", "Startup Cost": 5166300.38, "Total Cost": 5166300.63, "Plan Rows": 100, "Plan Width": 59, "Plans": [{"Node Type": "Sort", "Parent Relationship": "Outer", "Startup Cost": 5166300.38, "Total Cost": 5166616.18, "Plan Rows": 100, "Plan Width": 59, "Sort Key": ["orders.o_totalprice DESC", "orders.o_orderdate"], "Plans": [{"Node Type": "Aggregate", "Strategy": "Hashed", "Parent Relationship": "Outer", "Startup Cost": 5160209.27, "Total Cost": 5161472.48, "Plan Rows": 126321, "Plan Width": 59, "Group By Key": ["orders.o_totalprice", "orders.o_orderdate", "customer.c_name", "customer.c_custkey", "orders.o_orderkey"], "Plans": [{"Node Type": "Hash Join", "Parent Relationship": "Outer", "Join Type": "Inner", "Startup Cost": 2917691.33, "Total Cost": 5158314.46, "Plan Rows": 126321, "Plan Width": 59, "Inner Unique": false, "Hash Cond": "(public.lineitem.l_orderkey = orders.o_orderkey), (LLVM Optimized)", "Plans": [{"Node Type": "Seq Scan", "Parent Relationship": "Outer", "Relation Name": "lineitem", "Alias": "lineitem", "Startup Cost": 0.0, "Total Cost": 2015115.33, "Plan Rows": 59987033, "Plan Width": 16}, {"Node Type": "Hash", "Parent Relationship": "Inner", "Startup Cost": 2917517.42, "Total Cost": 2917517.42, "Plan Rows": 13913, "Plan Width": 59, "Plans": [{"Node Type": "Hash Join", "Parent Relationship": "Outer", "Join Type": "Inner", "Startup Cost": 2452820.37, "Total Cost": 2917517.42, "Plan Rows": 13913, "Plan Width": 59, "Inner Unique": true, "Hash Cond": "(orders.o_custkey = customer.c_custkey)", "Plans": [{"Node Type": "Hash Join", "Parent Relationship": "Outer", "Join Type": "Inner", "Startup Cost": 2381944.37, "Total Cost": 2846187.2, "Plan Rows": 33034, "Plan Width": 40, "Inner Unique": true, "Hash Cond": "(orders.o_orderkey = public.lineitem.l_orderkey)", "Plans": [{"Node Type": "Seq Scan", "Parent Relationship": "Outer", "Relation Name": "orders", "Alias": "orders", "Startup Cost": 0.0, "Total Cost": 426413.79, "Plan Rows": 14999479, "Plan Width": 32}, {"Node Type": "Hash", "Parent Relationship": "Inner", "Startup Cost": 2381531.45, "Total Cost": 2381531.45, "Plan Rows": 33034, "Plan Width": 8, "Plans": [{"Node Type": "Aggregate", "Strategy": "Hashed", "Parent Relationship": "Outer", "Startup Cost": 2315050.5, "Total Cost": 2381201.11, "Plan Rows": 33034, "Plan Width": 16, "Group By Key": ["public.lineitem.l_orderkey"], "Filter": "(sum(public.lineitem.l_quantity) > 314::double precision), (LLVM Optimized)", "Plans": [{"Node Type": "Seq Scan", "Parent Relationship": "Outer", "Relation Name": "lineitem", "Alias": "lineitem", "Startup Cost": 0.0, "Total Cost": 2015115.33, "Plan Rows": 59987033, "Plan Width": 16}]}]}]}, {"Node Type": "Hash", "Parent Relationship": "Inner", "Startup Cost": 52126.0, "Total Cost": 52126.0, "Plan Rows": 1500000, "Plan Width": 27, "Plans": [{"Node Type": "Seq Scan", "Parent Relationship": "Outer", "Relation Name": "customer", "Alias": "customer", "Startup Cost": 0.0, "Total Cost": 52126.0, "Plan Rows": 1500000, "Plan Width": 27}]}]}]}]}]}]}]}, "Unique SQL Id": 1915754155, "Planner Runtime": 1}, "explain_analyze_plan": {"Plan": {"Node Type": "Limit", "Startup Cost": 5166300.38, "Total Cost": 5166300.63, "Plan Rows": 100, "Plan Width": 59, "Actual Startup Time": 89037.107, "Actual Total Time": 89037.126, "Actual Rows": 84, "Actual Loops": 1, "Plans": [{"Node Type": "Sort", "Parent Relationship": "Outer", "Startup Cost": 5166300.38, "Total Cost": 5166616.18, "Plan Rows": 100, "Plan Width": 59, "Actual Startup Time": 89037.105, "Actual Total Time": 89037.108, "Actual Rows": 84, "Actual Loops": 1, "Sort Key": ["orders.o_totalprice DESC", "orders.o_orderdate"], "Sort Method": "quicksort", "Sort Space Used": 38, "Sort Space Type": "Memory", "Plans": [{"Node Type": "Aggregate", "Strategy": "Hashed", "Parent Relationship": "Outer", "Startup Cost": 5160209.27, "Total Cost": 5161472.48, "Plan Rows": 126321, "Plan Width": 59, "Actual Startup Time": 89036.695, "Actual Total Time": 89036.991, "Actual Rows": 84, "Actual Loops": 1, "Group By Key": ["orders.o_totalprice", "orders.o_orderdate", "customer.c_name", "customer.c_custkey", "orders.o_orderkey"], "Plans": [{"Node Type": "Hash Join", "Parent Relationship": "Outer", "Join Type": "Inner", "Startup Cost": 2917691.33, "Total Cost": 5158314.46, "Plan Rows": 126321, "Plan Width": 59, "Actual Startup Time": 61203.999, "Actual Total Time": 89033.999, "Actual Rows": 588, "Actual Loops": 1, "Inner Unique": false, "Hash Cond": "(public.lineitem.l_orderkey = orders.o_orderkey), (LLVM Optimized, Jit Execute)", "Plans": [{"Node Type": "Seq Scan", "Parent Relationship": "Outer", "Relation Name": "lineitem", "Alias": "lineitem", "Startup Cost": 0.0, "Total Cost": 2015115.33, "Plan Rows": 59987033, "Plan Width": 16, "Actual Startup Time": 0.017, "Actual Total Time": 17301.556, "Actual Rows": 59986052, "Actual Loops": 1}, {"Node Type": "Hash", "Parent Relationship": "Inner", "Startup Cost": 2917517.42, "Total Cost": 2917517.42, "Plan Rows": 13913, "Plan Width": 59, "Actual Startup Time": 60623.935, "Actual Total Time": 60623.935, "Actual Rows": 84, "Actual Loops": 1, "Hash Buckets": 32768, "Hash Batches": 1, "Original Hash Batches": 1, "Peak Memory Usage": 8, "Plans": [{"Node Type": "Hash Join", "Parent Relationship": "Outer", "Join Type": "Inner", "Startup Cost": 2452820.37, "Total Cost": 2917517.42, "Plan Rows": 13913, "Plan Width": 59, "Actual Startup Time": 53663.979, "Actual Total Time": 60623.63, "Actual Rows": 84, "Actual Loops": 1, "Inner Unique": true, "Hash Cond": "(orders.o_custkey = customer.c_custkey)", "Plans": [{"Node Type": "Hash Join", "Parent Relationship": "Outer", "Join Type": "Inner", "Startup Cost": 2381944.37, "Total Cost": 2846187.2, "Plan Rows": 33034, "Plan Width": 40, "Actual Startup Time": 52633.277, "Actual Total Time": 59591.763, "Actual Rows": 84, "Actual Loops": 1, "Inner Unique": true, "Hash Cond": "(orders.o_orderkey = public.lineitem.l_orderkey)", "Plans": [{"Node Type": "Seq Scan", "Parent Relationship": "Outer", "Relation Name": "orders", "Alias": "orders", "Startup Cost": 0.0, "Total Cost": 426413.79, "Plan Rows": 14999479, "Plan Width": 32, "Actual Startup Time": 0.016, "Actual Total Time": 3989.93, "Actual Rows": 15000000, "Actual Loops": 1}, {"Node Type": "Hash", "Parent Relationship": "Inner", "Startup Cost": 2381531.45, "Total Cost": 2381531.45, "Plan Rows": 33034, "Plan Width": 8, "Actual Startup Time": 52471.707, "Actual Total Time": 52471.707, "Actual Rows": 84, "Actual Loops": 1, "Hash Buckets": 65536, "Hash Batches": 1, "Original Hash Batches": 1, "Peak Memory Usage": 4, "Plans": [{"Node Type": "Aggregate", "Strategy": "Hashed", "Parent Relationship": "Outer", "Startup Cost": 2315050.5, "Total Cost": 2381201.11, "Plan Rows": 33034, "Plan Width": 16, "Actual Startup Time": 46371.321, "Actual Total Time": 52471.276, "Actual Rows": 84, "Actual Loops": 1, "Group By Key": ["public.lineitem.l_orderkey"], "Filter": "(sum(public.lineitem.l_quantity) > 314::double precision), (LLVM Optimized, Jit Execute)", "Rows Removed by Filter": 14999916, "Plans": [{"Node Type": "Seq Scan", "Parent Relationship": "Outer", "Relation Name": "lineitem", "Alias": "lineitem", "Startup Cost": 0.0, "Total Cost": 2015115.33, "Plan Rows": 59987033, "Plan Width": 16, "Actual Startup Time": 0.041, "Actual Total Time": 20225.989, "Actual Rows": 59986052, "Actual Loops": 1}]}]}]}, {"Node Type": "Hash", "Parent Relationship": "Inner", "Startup Cost": 52126.0, "Total Cost": 52126.0, "Plan Rows": 1500000, "Plan Width": 27, "Actual Startup Time": 1029.308, "Actual Total Time": 1029.308, "Actual Rows": 1500000, "Actual Loops": 1, "Hash Buckets": 2097152, "Hash Batches": 1, "Original Hash Batches": 1, "Peak Memory Usage": 93750, "Plans": [{"Node Type": "Seq Scan", "Parent Relationship": "Outer", "Relation Name": "customer", "Alias": "customer", "Startup Cost": 0.0, "Total Cost": 52126.0, "Plan Rows": 1500000, "Plan Width": 27, "Actual Startup Time": 0.016, "Actual Total Time": 529.594, "Actual Rows": 1500000, "Actual Loops": 1}]}]}]}]}]}]}]}, "Triggers": [], "Planner Runtime": 1.647, "Total Runtime": 89046.62, "Unique SQL Id": 1915754155}}, "(1, '11')": {"explain_plan": {"Plan": {"Node Type": "Limit", "Startup Cost": 4001456874550.92, "Total Cost": 4001456874551.17, "Plan Rows": 100, "Plan Width": 59, "Plans": [{"Node Type": "Sort", "Parent Relationship": "Outer", "Startup Cost": 4001456874550.92, "Total Cost": 4001456874866.72, "Plan Rows": 100, "Plan Width": 59, "Sort Key": ["orders.o_totalprice DESC", "orders.o_orderdate"], "Plans": [{"Node Type": "Aggregate", "Strategy": "Hashed", "Parent Relationship": "Outer", "Startup Cost": 4001456868459.81, "Total Cost": 4001456869723.02, "Plan Rows": 126321, "Plan Width": 59, "Group By Key": ["orders.o_totalprice", "orders.o_orderdate", "customer.c_name", "customer.c_custkey", "orders.o_orderkey"], "Plans": [{"Node Type": "Merge Join", "Parent Relationship": "Outer", "Join Type": "Inner", "Startup Cost": 40213551991.87, "Total Cost": 4001456866565.0, "Plan Rows": 126321, "Plan Width": 59, "Inner Unique": false, "Merge Cond": "(orders.o_orderkey = public.lineitem.l_orderkey)", "Plans": [{"Node Type": "Nested Loop", "Parent Relationship": "Outer", "Join Type": "Inner", "Startup Cost": 30000000000.0, "Total Cost": 3001148862913.95, "Plan Rows": 13913, "Plan Width": 59, "Inner Unique": true, "Join Filter": "(orders.o_custkey = customer.c_custkey)", "Plans": [{"Node Type": "Merge Join", "Parent Relationship": "Outer", "Join Type": "Semi", "Startup Cost": 20000000000.0, "Total Cost": 2000397517628.33, "Plan Rows": 33034, "Plan Width": 40, "Inner Unique": false, "Merge Cond": "(orders.o_orderkey = public.lineitem.l_orderkey)", "Plans": [{"Node Type": "Index Scan", "Parent Relationship": "Outer", "Scan Direction": "Forward", "Index Name": "orders_pkey", "Relation Name": "orders", "Alias": "orders", "Startup Cost": 10000000000.0, "Total Cost": 1000073097843.5, "Plan Rows": 14999479, "Plan Width": 32}, {"Node Type": "Materialize", "Parent Relationship": "Inner", "Startup Cost": 10000000000.0, "Total Cost": 1000324381873.21, "Plan Rows": 33034, "Plan Width": 8, "Plans": [{"Node Type": "Aggregate", "Strategy": "Sorted", "Parent Relationship": "Outer", "Startup Cost": 10000000000.0, "Total Cost": 1000324381460.28, "Plan Rows": 33034, "Plan Width": 24, "Group By Key": ["public.lineitem.l_orderkey"], "Filter": "(sum(public.lineitem.l_quantity) > 314::double precision), (LLVM Optimized)", "Plans": [{"Node Type": "Index Scan", "Parent Relationship": "Outer", "Scan Direction": "Forward", "Index Name": "idx_lineitem_orderkey", "Relation Name": "lineitem", "Alias": "lineitem", "Startup Cost": 10000000000.0, "Total Cost": 1000324015374.5, "Plan Rows": 59987033, "Plan Width": 16}]}]}]}, {"Node Type": "Materialize", "Parent Relationship": "Inner", "Startup Cost": 10000000000.0, "Total Cost": 1000008084035.62, "Plan Rows": 1500000, "Plan Width": 27, "Plans": [{"Node Type": "Index Scan", "Parent Relationship": "Outer", "Scan Direction": "Forward", "Index Name": "customer_pkey", "Relation Name": "customer", "Alias": "customer", "Startup Cost": 10000000000.0, "Total Cost": 1000008076535.62, "Plan Rows": 1500000, "Plan Width": 27}]}]}, {"Node Type": "Index Scan", "Parent Relationship": "Inner", "Scan Direction": "Forward", "Index Name": "idx_lineitem_orderkey", "Relation Name": "lineitem", "Alias": "lineitem", "Startup Cost": 10000000000.0, "Total Cost": 1000324015374.5, "Plan Rows": 59987033, "Plan Width": 16}]}]}]}]}, "Unique SQL Id": 1915754155, "Planner Runtime": 2}, "explain_analyze_plan": null}, "(1, '12')": {"explain_plan": {"Plan": {"Node Type": "Limit", "Startup Cost": 2649029.8, "Total Cost": 2649030.05, "Plan Rows": 100, "Plan Width": 59, "Plans": [{"Node Type": "Sort", "Parent Relationship": "Outer", "Startup Cost": 2649029.8, "Total Cost": 2649345.6, "Plan Rows": 100, "Plan Width": 59, "Sort Key": ["orders.o_totalprice DESC", "orders.o_orderdate"], "Plans": [{"Node Type": "Aggregate", "Strategy": "Hashed", "Parent Relationship": "Outer", "Startup Cost": 2642938.69, "Total Cost": 2644201.9, "Plan Rows": 126321, "Plan Width": 59, "Group By Key": ["orders.o_totalprice", "orders.o_orderdate", "customer.c_name", "customer.c_custkey", "orders.o_orderkey"], "Plans": [{"Node Type": "Nested Loop", "Parent Relationship": "Outer", "Join Type": "Inner", "Startup Cost": 2315050.5, "Total Cost": 2641043.88, "Plan Rows": 126321, "Plan Width": 59, "Inner Unique": false, "Plans": [{"Node Type": "Nested Loop", "Parent Relationship": "Outer", "Join Type": "Inner", "Startup Cost": 2315050.5, "Total Cost": 2627700.1, "Plan Rows": 13913, "Plan Width": 59, "Inner Unique": true, "Plans": [{"Node Type": "Nested Loop", "Parent Relationship": "Outer", "Join Type": "Inner", "Startup Cost": 2315050.5, "Total Cost": 2618076.97, "Plan Rows": 33034, "Plan Width": 40, "Inner Unique": true, "Plans": [{"Node Type": "Aggregate", "Strategy": "Hashed", "Parent Relationship": "Outer", "Startup Cost": 2315050.5, "Total Cost": 2381201.11, "Plan Rows": 33034, "Plan Width": 16, "Group By Key": ["public.lineitem.l_orderkey"], "Filter": "(sum(public.lineitem.l_quantity) > 314::double precision), (LLVM Optimized)", "Plans": [{"Node Type": "Seq Scan", "Parent Relationship": "Outer", "Relation Name": "lineitem", "Alias": "lineitem", "Startup Cost": 0.0, "Total Cost": 2015115.33, "Plan Rows": 59987033, "Plan Width": 16}]}, {"Node Type": "Index Scan", "Parent Relationship": "Inner", "Scan Direction": "Forward", "Index Name": "orders_pkey", "Relation Name": "orders", "Alias": "orders", "Startup Cost": 0.0, "Total Cost": 7.15, "Plan Rows": 1, "Plan Width": 32, "Index Cond": "(o_orderkey = public.lineitem.l_orderkey)"}]}, {"Node Type": "Index Scan", "Parent Relationship": "Inner", "Scan Direction": "Forward", "Index Name": "customer_pkey", "Relation Name": "customer", "Alias": "customer", "Startup Cost": 0.0, "Total Cost": 0.28, "Plan Rows": 1, "Plan Width": 27, "Index Cond": "(c_custkey = orders.o_custkey)"}]}, {"Node Type": "Index Scan", "Parent Relationship": "Inner", "Scan Direction": "Forward", "Index Name": "idx_lineitem_orderkey", "Relation Name": "lineitem", "Alias": "lineitem", "Startup Cost": 0.0, "Total Cost": 0.87, "Plan Rows": 9, "Plan Width": 16, "Index Cond": "(l_orderkey = orders.o_orderkey)"}]}]}]}]}, "Unique SQL Id": 1915754155, "Planner Runtime": 2}, "explain_analyze_plan": {"Plan": {"Node Type": "Limit", "Startup Cost": 2649029.8, "Total Cost": 2649030.05, "Plan Rows": 100, "Plan Width": 59, "Actual Startup Time": 51129.008, "Actual Total Time": 51129.027, "Actual Rows": 84, "Actual Loops": 1, "Plans": [{"Node Type": "Sort", "Parent Relationship": "Outer", "Startup Cost": 2649029.8, "Total Cost": 2649345.6, "Plan Rows": 100, "Plan Width": 59, "Actual Startup Time": 51129.006, "Actual Total Time": 51129.015, "Actual Rows": 84, "Actual Loops": 1, "Sort Key": ["orders.o_totalprice DESC", "orders.o_orderdate"], "Sort Method": "quicksort", "Sort Space Used": 38, "Sort Space Type": "Memory", "Plans": [{"Node Type": "Aggregate", "Strategy": "Hashed", "Parent Relationship": "Outer", "Startup Cost": 2642938.69, "Total Cost": 2644201.9, "Plan Rows": 126321, "Plan Width": 59, "Actual Startup Time": 51128.213, "Actual Total Time": 51128.889, "Actual Rows": 84, "Actual Loops": 1, "Group By Key": ["orders.o_totalprice", "orders.o_orderdate", "customer.c_name", "customer.c_custkey", "orders.o_orderkey"], "Plans": [{"Node Type": "Nested Loop", "Parent Relationship": "Outer", "Join Type": "Inner", "Startup Cost": 2315050.5, "Total Cost": 2641043.88, "Plan Rows": 126321, "Plan Width": 59, "Actual Startup Time": 46173.798, "Actual Total Time": 51126.311, "Actual Rows": 588, "Actual Loops": 1, "Inner Unique": false, "Plans": [{"Node Type": "Nested Loop", "Parent Relationship": "Outer", "Join Type": "Inner", "Startup Cost": 2315050.5, "Total Cost": 2627700.1, "Plan Rows": 13913, "Plan Width": 59, "Actual Startup Time": 46173.775, "Actual Total Time": 51124.263, "Actual Rows": 84, "Actual Loops": 1, "Inner Unique": true, "Plans": [{"Node Type": "Nested Loop", "Parent Relationship": "Outer", "Join Type": "Inner", "Startup Cost": 2315050.5, "Total Cost": 2618076.97, "Plan Rows": 33034, "Plan Width": 40, "Actual Startup Time": 46173.751, "Actual Total Time": 51122.995, "Actual Rows": 84, "Actual Loops": 1, "Inner Unique": true, "Plans": [{"Node Type": "Aggregate", "Strategy": "Hashed", "Parent Relationship": "Outer", "Startup Cost": 2315050.5, "Total Cost": 2381201.11, "Plan Rows": 33034, "Plan Width": 16, "Actual Startup Time": 46173.686, "Actual Total Time": 51106.177, "Actual Rows": 84, "Actual Loops": 1, "Group By Key": ["public.lineitem.l_orderkey"], "Filter": "(sum(public.lineitem.l_quantity) > 314::double precision), (LLVM Optimized, Jit Execute)", "Rows Removed by Filter": 14999916, "Plans": [{"Node Type": "Seq Scan", "Parent Relationship": "Outer", "Relation Name": "lineitem", "Alias": "lineitem", "Startup Cost": 0.0, "Total Cost": 2015115.33, "Plan Rows": 59987033, "Plan Width": 16, "Actual Startup Time": 0.043, "Actual Total Time": 19975.008, "Actual Rows": 59986052, "Actual Loops": 1}]}, {"Node Type": "Index Scan", "Parent Relationship": "Inner", "Scan Direction": "Forward", "Index Name": "orders_pkey", "Relation Name": "orders", "Alias": "orders", "Startup Cost": 0.0, "Total Cost": 7.15, "Plan Rows": 1, "Plan Width": 32, "Actual Startup Time": 2.93, "Actual Total Time": 2.93, "Actual Rows": 84, "Actual Loops": 84, "Index Cond": "(o_orderkey = public.lineitem.l_orderkey)", "Rows Removed by Index Recheck": 0}]}, {"Node Type": "Index Scan", "Parent Relationship": "Inner", "Scan Direction": "Forward", "Index Name": "customer_pkey", "Relation Name": "customer", "Alias": "customer", "Startup Cost": 0.0, "Total Cost": 0.28, "Plan Rows": 1, "Plan Width": 27, "Actual Startup Time": 0.906, "Actual Total Time": 0.906, "Actual Rows": 84, "Actual Loops": 84, "Index Cond": "(c_custkey = orders.o_custkey)", "Rows Removed by Index Recheck": 0}]}, {"Node Type": "Index Scan", "Parent Relationship": "Inner", "Scan Direction": "Forward", "Index Name": "idx_lineitem_orderkey", "Relation Name": "lineitem", "Alias": "lineitem", "Startup Cost": 0.0, "Total Cost": 0.87, "Plan Rows": 9, "Plan Width": 16, "Actual Startup Time": 1.165, "Actual Total Time": 1.622, "Actual Rows": 588, "Actual Loops": 84, "Index Cond": "(l_orderkey = orders.o_orderkey)", "Rows Removed by Index Recheck": 0}]}]}]}]}, "Triggers": [], "Planner Runtime": 1.711, "Total Runtime": 51138.586, "Unique SQL Id": 1915754155}}, "(1, '13')": {"explain_plan": {"Plan": {"Node Type": "Limit", "Startup Cost": 3874068.21, "Total Cost": 3874068.46, "Plan Rows": 100, "Plan Width": 59, "Plans": [{"Node Type": "Sort", "Parent Relationship": "Outer", "Startup Cost": 3874068.21, "Total Cost": 3874384.02, "Plan Rows": 100, "Plan Width": 59, "Sort Key": ["orders.o_totalprice DESC", "orders.o_orderdate"], "Plans": [{"Node Type": "Aggregate", "Strategy": "Hashed", "Parent Relationship": "Outer", "Startup Cost": 3867977.11, "Total Cost": 3869240.32, "Plan Rows": 126321, "Plan Width": 59, "Group By Key": ["orders.o_totalprice", "orders.o_orderdate", "customer.c_name", "customer.c_custkey", "orders.o_orderkey"], "Plans": [{"Node Type": "Nested Loop", "Parent Relationship": "Outer", "Join Type": "Inner", "Startup Cost": 0.0, "Total Cost": 3866082.29, "Plan Rows": 126321, "Plan Width": 59, "Inner Unique": false, "Plans": [{"Node Type": "Nested Loop", "Parent Relationship": "Outer", "Join Type": "Inner", "Startup Cost": 0.0, "Total Cost": 3852738.51, "Plan Rows": 13913, "Plan Width": 59, "Inner Unique": true, "Plans": [{"Node Type": "Nested Loop", "Parent Relationship": "Outer", "Join Type": "Inner", "Startup Cost": 0.0, "Total Cost": 3843115.38, "Plan Rows": 33034, "Plan Width": 40, "Inner Unique": true, "Plans": [{"Node Type": "Aggregate", "Strategy": "Sorted", "Parent Relationship": "Outer", "Startup Cost": 0.0, "Total Cost": 3606239.52, "Plan Rows": 33034, "Plan Width": 24, "Group By Key": ["public.lineitem.l_orderkey"], "Filter": "(sum(public.lineitem.l_quantity) > 314::double precision), (LLVM Optimized)", "Plans": [{"Node Type": "Index Scan", "Parent Relationship": "Outer", "Scan Direction": "Forward", "Index Name": "idx_lineitem_orderkey", "Relation Name": "lineitem", "Alias": "lineitem", "Startup Cost": 0.0, "Total Cost": 3240153.75, "Plan Rows": 59987033, "Plan Width": 16}]}, {"Node Type": "Index Scan", "Parent Relationship": "Inner", "Scan Direction": "Forward", "Index Name": "orders_pkey", "Relation Name": "orders", "Alias": "orders", "Startup Cost": 0.0, "Total Cost": 7.15, "Plan Rows": 1, "Plan Width": 32, "Index Cond": "(o_orderkey = public.lineitem.l_orderkey)"}]}, {"Node Type": "Index Scan", "Parent Relationship": "Inner", "Scan Direction": "Forward", "Index Name": "customer_pkey", "Relation Name": "customer", "Alias": "customer", "Startup Cost": 0.0, "Total Cost": 0.28, "Plan Rows": 1, "Plan Width": 27, "Index Cond": "(c_custkey = orders.o_custkey)"}]}, {"Node Type": "Index Scan", "Parent Relationship": "Inner", "Scan Direction": "Forward", "Index Name": "idx_lineitem_orderkey", "Relation Name": "lineitem", "Alias": "lineitem", "Startup Cost": 0.0, "Total Cost": 0.87, "Plan Rows": 9, "Plan Width": 16, "Index Cond": "(l_orderkey = orders.o_orderkey)"}]}]}]}]}, "Unique SQL Id": 1915754155, "Planner Runtime": 1}, "explain_analyze_plan": {"Plan": {"Node Type": "Limit", "Startup Cost": 3874068.21, "Total Cost": 3874068.46, "Plan Rows": 100, "Plan Width": 59, "Actual Startup Time": 50695.002, "Actual Total Time": 50695.017, "Actual Rows": 84, "Actual Loops": 1, "Plans": [{"Node Type": "Sort", "Parent Relationship": "Outer", "Startup Cost": 3874068.21, "Total Cost": 3874384.02, "Plan Rows": 100, "Plan Width": 59, "Actual Startup Time": 50695.0, "Actual Total Time": 50695.004, "Actual Rows": 84, "Actual Loops": 1, "Sort Key": ["orders.o_totalprice DESC", "orders.o_orderdate"], "Sort Method": "quicksort", "Sort Space Used": 38, "Sort Space Type": "Memory", "Plans": [{"Node Type": "Aggregate", "Strategy": "Hashed", "Parent Relationship": "Outer", "Startup Cost": 3867977.11, "Total Cost": 3869240.32, "Plan Rows": 126321, "Plan Width": 59, "Actual Startup Time": 50694.487, "Actual Total Time": 50694.852, "Actual Rows": 84, "Actual Loops": 1, "Group By Key": ["orders.o_totalprice", "orders.o_orderdate", "customer.c_name", "customer.c_custkey", "orders.o_orderkey"], "Plans": [{"Node Type": "Nested Loop", "Parent Relationship": "Outer", "Join Type": "Inner", "Startup Cost": 0.0, "Total Cost": 3866082.29, "Plan Rows": 126321, "Plan Width": 59, "Actual Startup Time": 1159.494, "Actual Total Time": 50691.109, "Actual Rows": 588, "Actual Loops": 1, "Inner Unique": false, "Plans": [{"Node Type": "Nested Loop", "Parent Relationship": "Outer", "Join Type": "Inner", "Startup Cost": 0.0, "Total Cost": 3852738.51, "Plan Rows": 13913, "Plan Width": 59, "Actual Startup Time": 1159.473, "Actual Total Time": 50688.867, "Actual Rows": 84, "Actual Loops": 1, "Inner Unique": true, "Plans": [{"Node Type": "Nested Loop", "Parent Relationship": "Outer", "Join Type": "Inner", "Startup Cost": 0.0, "Total Cost": 3843115.38, "Plan Rows": 33034, "Plan Width": 40, "Actual Startup Time": 1159.448, "Actual Total Time": 50687.006, "Actual Rows": 84, "Actual Loops": 1, "Inner Unique": true, "Plans": [{"Node Type": "Aggregate", "Strategy": "Sorted", "Parent Relationship": "Outer", "Startup Cost": 0.0, "Total Cost": 3606239.52, "Plan Rows": 33034, "Plan Width": 24, "Actual Startup Time": 1159.408, "Actual Total Time": 50684.063, "Actual Rows": 84, "Actual Loops": 1, "Group By Key": ["public.lineitem.l_orderkey"], "Filter": "(sum(public.lineitem.l_quantity) > 314::double precision), (LLVM Optimized, Jit Execute)", "Rows Removed by Filter": 14999916, "Plans": [{"Node Type": "Index Scan", "Parent Relationship": "Outer", "Scan Direction": "Forward", "Index Name": "idx_lineitem_orderkey", "Relation Name": "lineitem", "Alias": "lineitem", "Startup Cost": 0.0, "Total Cost": 3240153.75, "Plan Rows": 59987033, "Plan Width": 16, "Actual Startup Time": 0.029, "Actual Total Time": 30275.076, "Actual Rows": 59986052, "Actual Loops": 1}]}, {"Node Type": "Index Scan", "Parent Relationship": "Inner", "Scan Direction": "Forward", "Index Name": "orders_pkey", "Relation Name": "orders", "Alias": "orders", "Startup Cost": 0.0, "Total Cost": 7.15, "Plan Rows": 1, "Plan Width": 32, "Actual Startup Time": 1.994, "Actual Total Time": 1.994, "Actual Rows": 84, "Actual Loops": 84, "Index Cond": "(o_orderkey = public.lineitem.l_orderkey)", "Rows Removed by Index Recheck": 0}]}, {"Node Type": "Index Scan", "Parent Relationship": "Inner", "Scan Direction": "Forward", "Index Name": "customer_pkey", "Relation Name": "customer", "Alias": "customer", "Startup Cost": 0.0, "Total Cost": 0.28, "Plan Rows": 1, "Plan Width": 27, "Actual Startup Time": 1.278, "Actual Total Time": 1.278, "Actual Rows": 84, "Actual Loops": 84, "Index Cond": "(c_custkey = orders.o_custkey)", "Rows Removed by Index Recheck": 0}]}, {"Node Type": "Index Scan", "Parent Relationship": "Inner", "Scan Direction": "Forward", "Index Name": "idx_lineitem_orderkey", "Relation Name": "lineitem", "Alias": "lineitem", "Startup Cost": 0.0, "Total Cost": 0.87, "Plan Rows": 9, "Plan Width": 16, "Actual Startup Time": 0.938, "Actual Total Time": 1.562, "Actual Rows": 588, "Actual Loops": 84, "Index Cond": "(l_orderkey = orders.o_orderkey)", "Rows Removed by Index Recheck": 0}]}]}]}]}, "Triggers": [], "Planner Runtime": 1.698, "Total Runtime": 50704.506, "Unique SQL Id": 1915754155}}, "(1, '14')": {"explain_plan": {"Plan": {"Node Type": "Limit", "Startup Cost": 5166300.38, "Total Cost": 5166300.63, "Plan Rows": 100, "Plan Width": 59, "Plans": [{"Node Type": "Sort", "Parent Relationship": "Outer", "Startup Cost": 5166300.38, "Total Cost": 5166616.18, "Plan Rows": 100, "Plan Width": 59, "Sort Key": ["orders.o_totalprice DESC", "orders.o_orderdate"], "Plans": [{"Node Type": "Aggregate", "Strategy": "Hashed", "Parent Relationship": "Outer", "Startup Cost": 5160209.27, "Total Cost": 5161472.48, "Plan Rows": 126321, "Plan Width": 59, "Group By Key": ["orders.o_totalprice", "orders.o_orderdate", "customer.c_name", "customer.c_custkey", "orders.o_orderkey"], "Plans": [{"Node Type": "Hash Join", "Parent Relationship": "Outer", "Join Type": "Inner", "Startup Cost": 2917691.33, "Total Cost": 5158314.46, "Plan Rows": 126321, "Plan Width": 59, "Inner Unique": false, "Hash Cond": "(public.lineitem.l_orderkey = orders.o_orderkey), (LLVM Optimized)", "Plans": [{"Node Type": "Seq Scan", "Parent Relationship": "Outer", "Relation Name": "lineitem", "Alias": "lineitem", "Startup Cost": 0.0, "Total Cost": 2015115.33, "Plan Rows": 59987033, "Plan Width": 16}, {"Node Type": "Hash", "Parent Relationship": "Inner", "Startup Cost": 2917517.42, "Total Cost": 2917517.42, "Plan Rows": 13913, "Plan Width": 59, "Plans": [{"Node Type": "Hash Join", "Parent Relationship": "Outer", "Join Type": "Inner", "Startup Cost": 2452820.37, "Total Cost": 2917517.42, "Plan Rows": 13913, "Plan Width": 59, "Inner Unique": true, "Hash Cond": "(orders.o_custkey = customer.c_custkey)", "Plans": [{"Node Type": "Hash Join", "Parent Relationship": "Outer", "Join Type": "Inner", "Startup Cost": 2381944.37, "Total Cost": 2846187.2, "Plan Rows": 33034, "Plan Width": 40, "Inner Unique": true, "Hash Cond": "(orders.o_orderkey = public.lineitem.l_orderkey)", "Plans": [{"Node Type": "Seq Scan", "Parent Relationship": "Outer", "Relation Name": "orders", "Alias": "orders", "Startup Cost": 0.0, "Total Cost": 426413.79, "Plan Rows": 14999479, "Plan Width": 32}, {"Node Type": "Hash", "Parent Relationship": "Inner", "Startup Cost": 2381531.45, "Total Cost": 2381531.45, "Plan Rows": 33034, "Plan Width": 8, "Plans": [{"Node Type": "Aggregate", "Strategy": "Hashed", "Parent Relationship": "Outer", "Startup Cost": 2315050.5, "Total Cost": 2381201.11, "Plan Rows": 33034, "Plan Width": 16, "Group By Key": ["public.lineitem.l_orderkey"], "Filter": "(sum(public.lineitem.l_quantity) > 314::double precision), (LLVM Optimized)", "Plans": [{"Node Type": "Seq Scan", "Parent Relationship": "Outer", "Relation Name": "lineitem", "Alias": "lineitem", "Startup Cost": 0.0, "Total Cost": 2015115.33, "Plan Rows": 59987033, "Plan Width": 16}]}]}]}, {"Node Type": "Hash", "Parent Relationship": "Inner", "Startup Cost": 52126.0, "Total Cost": 52126.0, "Plan Rows": 1500000, "Plan Width": 27, "Plans": [{"Node Type": "Seq Scan", "Parent Relationship": "Outer", "Relation Name": "customer", "Alias": "customer", "Startup Cost": 0.0, "Total Cost": 52126.0, "Plan Rows": 1500000, "Plan Width": 27}]}]}]}]}]}]}]}, "Unique SQL Id": 1915754155, "Planner Runtime": 1}, "explain_analyze_plan": {"Plan": {"Node Type": "Limit", "Startup Cost": 5166300.38, "Total Cost": 5166300.63, "Plan Rows": 100, "Plan Width": 59, "Actual Startup Time": 89037.107, "Actual Total Time": 89037.126, "Actual Rows": 84, "Actual Loops": 1, "Plans": [{"Node Type": "Sort", "Parent Relationship": "Outer", "Startup Cost": 5166300.38, "Total Cost": 5166616.18, "Plan Rows": 100, "Plan Width": 59, "Actual Startup Time": 89037.105, "Actual Total Time": 89037.108, "Actual Rows": 84, "Actual Loops": 1, "Sort Key": ["orders.o_totalprice DESC", "orders.o_orderdate"], "Sort Method": "quicksort", "Sort Space Used": 38, "Sort Space Type": "Memory", "Plans": [{"Node Type": "Aggregate", "Strategy": "Hashed", "Parent Relationship": "Outer", "Startup Cost": 5160209.27, "Total Cost": 5161472.48, "Plan Rows": 126321, "Plan Width": 59, "Actual Startup Time": 89036.695, "Actual Total Time": 89036.991, "Actual Rows": 84, "Actual Loops": 1, "Group By Key": ["orders.o_totalprice", "orders.o_orderdate", "customer.c_name", "customer.c_custkey", "orders.o_orderkey"], "Plans": [{"Node Type": "Hash Join", "Parent Relationship": "Outer", "Join Type": "Inner", "Startup Cost": 2917691.33, "Total Cost": 5158314.46, "Plan Rows": 126321, "Plan Width": 59, "Actual Startup Time": 61203.999, "Actual Total Time": 89033.999, "Actual Rows": 588, "Actual Loops": 1, "Inner Unique": false, "Hash Cond": "(public.lineitem.l_orderkey = orders.o_orderkey), (LLVM Optimized, Jit Execute)", "Plans": [{"Node Type": "Seq Scan", "Parent Relationship": "Outer", "Relation Name": "lineitem", "Alias": "lineitem", "Startup Cost": 0.0, "Total Cost": 2015115.33, "Plan Rows": 59987033, "Plan Width": 16, "Actual Startup Time": 0.017, "Actual Total Time": 17301.556, "Actual Rows": 59986052, "Actual Loops": 1}, {"Node Type": "Hash", "Parent Relationship": "Inner", "Startup Cost": 2917517.42, "Total Cost": 2917517.42, "Plan Rows": 13913, "Plan Width": 59, "Actual Startup Time": 60623.935, "Actual Total Time": 60623.935, "Actual Rows": 84, "Actual Loops": 1, "Hash Buckets": 32768, "Hash Batches": 1, "Original Hash Batches": 1, "Peak Memory Usage": 8, "Plans": [{"Node Type": "Hash Join", "Parent Relationship": "Outer", "Join Type": "Inner", "Startup Cost": 2452820.37, "Total Cost": 2917517.42, "Plan Rows": 13913, "Plan Width": 59, "Actual Startup Time": 53663.979, "Actual Total Time": 60623.63, "Actual Rows": 84, "Actual Loops": 1, "Inner Unique": true, "Hash Cond": "(orders.o_custkey = customer.c_custkey)", "Plans": [{"Node Type": "Hash Join", "Parent Relationship": "Outer", "Join Type": "Inner", "Startup Cost": 2381944.37, "Total Cost": 2846187.2, "Plan Rows": 33034, "Plan Width": 40, "Actual Startup Time": 52633.277, "Actual Total Time": 59591.763, "Actual Rows": 84, "Actual Loops": 1, "Inner Unique": true, "Hash Cond": "(orders.o_orderkey = public.lineitem.l_orderkey)", "Plans": [{"Node Type": "Seq Scan", "Parent Relationship": "Outer", "Relation Name": "orders", "Alias": "orders", "Startup Cost": 0.0, "Total Cost": 426413.79, "Plan Rows": 14999479, "Plan Width": 32, "Actual Startup Time": 0.016, "Actual Total Time": 3989.93, "Actual Rows": 15000000, "Actual Loops": 1}, {"Node Type": "Hash", "Parent Relationship": "Inner", "Startup Cost": 2381531.45, "Total Cost": 2381531.45, "Plan Rows": 33034, "Plan Width": 8, "Actual Startup Time": 52471.707, "Actual Total Time": 52471.707, "Actual Rows": 84, "Actual Loops": 1, "Hash Buckets": 65536, "Hash Batches": 1, "Original Hash Batches": 1, "Peak Memory Usage": 4, "Plans": [{"Node Type": "Aggregate", "Strategy": "Hashed", "Parent Relationship": "Outer", "Startup Cost": 2315050.5, "Total Cost": 2381201.11, "Plan Rows": 33034, "Plan Width": 16, "Actual Startup Time": 46371.321, "Actual Total Time": 52471.276, "Actual Rows": 84, "Actual Loops": 1, "Group By Key": ["public.lineitem.l_orderkey"], "Filter": "(sum(public.lineitem.l_quantity) > 314::double precision), (LLVM Optimized, Jit Execute)", "Rows Removed by Filter": 14999916, "Plans": [{"Node Type": "Seq Scan", "Parent Relationship": "Outer", "Relation Name": "lineitem", "Alias": "lineitem", "Startup Cost": 0.0, "Total Cost": 2015115.33, "Plan Rows": 59987033, "Plan Width": 16, "Actual Startup Time": 0.041, "Actual Total Time": 20225.989, "Actual Rows": 59986052, "Actual Loops": 1}]}]}]}, {"Node Type": "Hash", "Parent Relationship": "Inner", "Startup Cost": 52126.0, "Total Cost": 52126.0, "Plan Rows": 1500000, "Plan Width": 27, "Actual Startup Time": 1029.308, "Actual Total Time": 1029.308, "Actual Rows": 1500000, "Actual Loops": 1, "Hash Buckets": 2097152, "Hash Batches": 1, "Original Hash Batches": 1, "Peak Memory Usage": 93750, "Plans": [{"Node Type": "Seq Scan", "Parent Relationship": "Outer", "Relation Name": "customer", "Alias": "customer", "Startup Cost": 0.0, "Total Cost": 52126.0, "Plan Rows": 1500000, "Plan Width": 27, "Actual Startup Time": 0.016, "Actual Total Time": 529.594, "Actual Rows": 1500000, "Actual Loops": 1}]}]}]}]}]}]}]}, "Triggers": [], "Planner Runtime": 1.647, "Total Runtime": 89046.62, "Unique SQL Id": 1915754155}}, "(1, '15')": {"explain_plan": {"Plan": {"Node Type": "Limit", "Startup Cost": 4001456874550.92, "Total Cost": 4001456874551.17, "Plan Rows": 100, "Plan Width": 59, "Plans": [{"Node Type": "Sort", "Parent Relationship": "Outer", "Startup Cost": 4001456874550.92, "Total Cost": 4001456874866.72, "Plan Rows": 100, "Plan Width": 59, "Sort Key": ["orders.o_totalprice DESC", "orders.o_orderdate"], "Plans": [{"Node Type": "Aggregate", "Strategy": "Hashed", "Parent Relationship": "Outer", "Startup Cost": 4001456868459.81, "Total Cost": 4001456869723.02, "Plan Rows": 126321, "Plan Width": 59, "Group By Key": ["orders.o_totalprice", "orders.o_orderdate", "customer.c_name", "customer.c_custkey", "orders.o_orderkey"], "Plans": [{"Node Type": "Merge Join", "Parent Relationship": "Outer", "Join Type": "Inner", "Startup Cost": 40213551991.87, "Total Cost": 4001456866565.0, "Plan Rows": 126321, "Plan Width": 59, "Inner Unique": false, "Merge Cond": "(orders.o_orderkey = public.lineitem.l_orderkey)", "Plans": [{"Node Type": "Nested Loop", "Parent Relationship": "Outer", "Join Type": "Inner", "Startup Cost": 30000000000.0, "Total Cost": 3001148862913.95, "Plan Rows": 13913, "Plan Width": 59, "Inner Unique": true, "Join Filter": "(orders.o_custkey = customer.c_custkey)", "Plans": [{"Node Type": "Merge Join", "Parent Relationship": "Outer", "Join Type": "Semi", "Startup Cost": 20000000000.0, "Total Cost": 2000397517628.33, "Plan Rows": 33034, "Plan Width": 40, "Inner Unique": false, "Merge Cond": "(orders.o_orderkey = public.lineitem.l_orderkey)", "Plans": [{"Node Type": "Index Scan", "Parent Relationship": "Outer", "Scan Direction": "Forward", "Index Name": "orders_pkey", "Relation Name": "orders", "Alias": "orders", "Startup Cost": 10000000000.0, "Total Cost": 1000073097843.5, "Plan Rows": 14999479, "Plan Width": 32}, {"Node Type": "Materialize", "Parent Relationship": "Inner", "Startup Cost": 10000000000.0, "Total Cost": 1000324381873.21, "Plan Rows": 33034, "Plan Width": 8, "Plans": [{"Node Type": "Aggregate", "Strategy": "Sorted", "Parent Relationship": "Outer", "Startup Cost": 10000000000.0, "Total Cost": 1000324381460.28, "Plan Rows": 33034, "Plan Width": 24, "Group By Key": ["public.lineitem.l_orderkey"], "Filter": "(sum(public.lineitem.l_quantity) > 314::double precision), (LLVM Optimized)", "Plans": [{"Node Type": "Index Scan", "Parent Relationship": "Outer", "Scan Direction": "Forward", "Index Name": "idx_lineitem_orderkey", "Relation Name": "lineitem", "Alias": "lineitem", "Startup Cost": 10000000000.0, "Total Cost": 1000324015374.5, "Plan Rows": 59987033, "Plan Width": 16}]}]}]}, {"Node Type": "Materialize", "Parent Relationship": "Inner", "Startup Cost": 10000000000.0, "Total Cost": 1000008084035.62, "Plan Rows": 1500000, "Plan Width": 27, "Plans": [{"Node Type": "Index Scan", "Parent Relationship": "Outer", "Scan Direction": "Forward", "Index Name": "customer_pkey", "Relation Name": "customer", "Alias": "customer", "Startup Cost": 10000000000.0, "Total Cost": 1000008076535.62, "Plan Rows": 1500000, "Plan Width": 27}]}]}, {"Node Type": "Index Scan", "Parent Relationship": "Inner", "Scan Direction": "Forward", "Index Name": "idx_lineitem_orderkey", "Relation Name": "lineitem", "Alias": "lineitem", "Startup Cost": 10000000000.0, "Total Cost": 1000324015374.5, "Plan Rows": 59987033, "Plan Width": 16}]}]}]}]}, "Unique SQL Id": 1915754155, "Planner Runtime": 1}, "explain_analyze_plan": null}, "(1, '16')": {"explain_plan": {"Plan": {"Node Type": "Limit", "Startup Cost": 2649029.8, "Total Cost": 2649030.05, "Plan Rows": 100, "Plan Width": 59, "Plans": [{"Node Type": "Sort", "Parent Relationship": "Outer", "Startup Cost": 2649029.8, "Total Cost": 2649345.6, "Plan Rows": 100, "Plan Width": 59, "Sort Key": ["orders.o_totalprice DESC", "orders.o_orderdate"], "Plans": [{"Node Type": "Aggregate", "Strategy": "Hashed", "Parent Relationship": "Outer", "Startup Cost": 2642938.69, "Total Cost": 2644201.9, "Plan Rows": 126321, "Plan Width": 59, "Group By Key": ["orders.o_totalprice", "orders.o_orderdate", "customer.c_name", "customer.c_custkey", "orders.o_orderkey"], "Plans": [{"Node Type": "Nested Loop", "Parent Relationship": "Outer", "Join Type": "Inner", "Startup Cost": 2315050.5, "Total Cost": 2641043.88, "Plan Rows": 126321, "Plan Width": 59, "Inner Unique": false, "Plans": [{"Node Type": "Nested Loop", "Parent Relationship": "Outer", "Join Type": "Inner", "Startup Cost": 2315050.5, "Total Cost": 2627700.1, "Plan Rows": 13913, "Plan Width": 59, "Inner Unique": true, "Plans": [{"Node Type": "Nested Loop", "Parent Relationship": "Outer", "Join Type": "Inner", "Startup Cost": 2315050.5, "Total Cost": 2618076.97, "Plan Rows": 33034, "Plan Width": 40, "Inner Unique": true, "Plans": [{"Node Type": "Aggregate", "Strategy": "Hashed", "Parent Relationship": "Outer", "Startup Cost": 2315050.5, "Total Cost": 2381201.11, "Plan Rows": 33034, "Plan Width": 16, "Group By Key": ["public.lineitem.l_orderkey"], "Filter": "(sum(public.lineitem.l_quantity) > 314::double precision), (LLVM Optimized)", "Plans": [{"Node Type": "Seq Scan", "Parent Relationship": "Outer", "Relation Name": "lineitem", "Alias": "lineitem", "Startup Cost": 0.0, "Total Cost": 2015115.33, "Plan Rows": 59987033, "Plan Width": 16}]}, {"Node Type": "Index Scan", "Parent Relationship": "Inner", "Scan Direction": "Forward", "Index Name": "orders_pkey", "Relation Name": "orders", "Alias": "orders", "Startup Cost": 0.0, "Total Cost": 7.15, "Plan Rows": 1, "Plan Width": 32, "Index Cond": "(o_orderkey = public.lineitem.l_orderkey)"}]}, {"Node Type": "Index Scan", "Parent Relationship": "Inner", "Scan Direction": "Forward", "Index Name": "customer_pkey", "Relation Name": "customer", "Alias": "customer", "Startup Cost": 0.0, "Total Cost": 0.28, "Plan Rows": 1, "Plan Width": 27, "Index Cond": "(c_custkey = orders.o_custkey)"}]}, {"Node Type": "Index Scan", "Parent Relationship": "Inner", "Scan Direction": "Forward", "Index Name": "idx_lineitem_orderkey", "Relation Name": "lineitem", "Alias": "lineitem", "Startup Cost": 0.0, "Total Cost": 0.87, "Plan Rows": 9, "Plan Width": 16, "Index Cond": "(l_orderkey = orders.o_orderkey)"}]}]}]}]}, "Unique SQL Id": 1915754155, "Planner Runtime": 1}, "explain_analyze_plan": {"Plan": {"Node Type": "Limit", "Startup Cost": 2649029.8, "Total Cost": 2649030.05, "Plan Rows": 100, "Plan Width": 59, "Actual Startup Time": 51129.008, "Actual Total Time": 51129.027, "Actual Rows": 84, "Actual Loops": 1, "Plans": [{"Node Type": "Sort", "Parent Relationship": "Outer", "Startup Cost": 2649029.8, "Total Cost": 2649345.6, "Plan Rows": 100, "Plan Width": 59, "Actual Startup Time": 51129.006, "Actual Total Time": 51129.015, "Actual Rows": 84, "Actual Loops": 1, "Sort Key": ["orders.o_totalprice DESC", "orders.o_orderdate"], "Sort Method": "quicksort", "Sort Space Used": 38, "Sort Space Type": "Memory", "Plans": [{"Node Type": "Aggregate", "Strategy": "Hashed", "Parent Relationship": "Outer", "Startup Cost": 2642938.69, "Total Cost": 2644201.9, "Plan Rows": 126321, "Plan Width": 59, "Actual Startup Time": 51128.213, "Actual Total Time": 51128.889, "Actual Rows": 84, "Actual Loops": 1, "Group By Key": ["orders.o_totalprice", "orders.o_orderdate", "customer.c_name", "customer.c_custkey", "orders.o_orderkey"], "Plans": [{"Node Type": "Nested Loop", "Parent Relationship": "Outer", "Join Type": "Inner", "Startup Cost": 2315050.5, "Total Cost": 2641043.88, "Plan Rows": 126321, "Plan Width": 59, "Actual Startup Time": 46173.798, "Actual Total Time": 51126.311, "Actual Rows": 588, "Actual Loops": 1, "Inner Unique": false, "Plans": [{"Node Type": "Nested Loop", "Parent Relationship": "Outer", "Join Type": "Inner", "Startup Cost": 2315050.5, "Total Cost": 2627700.1, "Plan Rows": 13913, "Plan Width": 59, "Actual Startup Time": 46173.775, "Actual Total Time": 51124.263, "Actual Rows": 84, "Actual Loops": 1, "Inner Unique": true, "Plans": [{"Node Type": "Nested Loop", "Parent Relationship": "Outer", "Join Type": "Inner", "Startup Cost": 2315050.5, "Total Cost": 2618076.97, "Plan Rows": 33034, "Plan Width": 40, "Actual Startup Time": 46173.751, "Actual Total Time": 51122.995, "Actual Rows": 84, "Actual Loops": 1, "Inner Unique": true, "Plans": [{"Node Type": "Aggregate", "Strategy": "Hashed", "Parent Relationship": "Outer", "Startup Cost": 2315050.5, "Total Cost": 2381201.11, "Plan Rows": 33034, "Plan Width": 16, "Actual Startup Time": 46173.686, "Actual Total Time": 51106.177, "Actual Rows": 84, "Actual Loops": 1, "Group By Key": ["public.lineitem.l_orderkey"], "Filter": "(sum(public.lineitem.l_quantity) > 314::double precision), (LLVM Optimized, Jit Execute)", "Rows Removed by Filter": 14999916, "Plans": [{"Node Type": "Seq Scan", "Parent Relationship": "Outer", "Relation Name": "lineitem", "Alias": "lineitem", "Startup Cost": 0.0, "Total Cost": 2015115.33, "Plan Rows": 59987033, "Plan Width": 16, "Actual Startup Time": 0.043, "Actual Total Time": 19975.008, "Actual Rows": 59986052, "Actual Loops": 1}]}, {"Node Type": "Index Scan", "Parent Relationship": "Inner", "Scan Direction": "Forward", "Index Name": "orders_pkey", "Relation Name": "orders", "Alias": "orders", "Startup Cost": 0.0, "Total Cost": 7.15, "Plan Rows": 1, "Plan Width": 32, "Actual Startup Time": 2.93, "Actual Total Time": 2.93, "Actual Rows": 84, "Actual Loops": 84, "Index Cond": "(o_orderkey = public.lineitem.l_orderkey)", "Rows Removed by Index Recheck": 0}]}, {"Node Type": "Index Scan", "Parent Relationship": "Inner", "Scan Direction": "Forward", "Index Name": "customer_pkey", "Relation Name": "customer", "Alias": "customer", "Startup Cost": 0.0, "Total Cost": 0.28, "Plan Rows": 1, "Plan Width": 27, "Actual Startup Time": 0.906, "Actual Total Time": 0.906, "Actual Rows": 84, "Actual Loops": 84, "Index Cond": "(c_custkey = orders.o_custkey)", "Rows Removed by Index Recheck": 0}]}, {"Node Type": "Index Scan", "Parent Relationship": "Inner", "Scan Direction": "Forward", "Index Name": "idx_lineitem_orderkey", "Relation Name": "lineitem", "Alias": "lineitem", "Startup Cost": 0.0, "Total Cost": 0.87, "Plan Rows": 9, "Plan Width": 16, "Actual Startup Time": 1.165, "Actual Total Time": 1.622, "Actual Rows": 588, "Actual Loops": 84, "Index Cond": "(l_orderkey = orders.o_orderkey)", "Rows Removed by Index Recheck": 0}]}]}]}]}, "Triggers": [], "Planner Runtime": 1.711, "Total Runtime": 51138.586, "Unique SQL Id": 1915754155}}, "(1, '17')": {"explain_plan": {"Plan": {"Node Type": "Limit", "Startup Cost": 3874068.21, "Total Cost": 3874068.46, "Plan Rows": 100, "Plan Width": 59, "Plans": [{"Node Type": "Sort", "Parent Relationship": "Outer", "Startup Cost": 3874068.21, "Total Cost": 3874384.02, "Plan Rows": 100, "Plan Width": 59, "Sort Key": ["orders.o_totalprice DESC", "orders.o_orderdate"], "Plans": [{"Node Type": "Aggregate", "Strategy": "Hashed", "Parent Relationship": "Outer", "Startup Cost": 3867977.11, "Total Cost": 3869240.32, "Plan Rows": 126321, "Plan Width": 59, "Group By Key": ["orders.o_totalprice", "orders.o_orderdate", "customer.c_name", "customer.c_custkey", "orders.o_orderkey"], "Plans": [{"Node Type": "Nested Loop", "Parent Relationship": "Outer", "Join Type": "Inner", "Startup Cost": 0.0, "Total Cost": 3866082.29, "Plan Rows": 126321, "Plan Width": 59, "Inner Unique": false, "Plans": [{"Node Type": "Nested Loop", "Parent Relationship": "Outer", "Join Type": "Inner", "Startup Cost": 0.0, "Total Cost": 3852738.51, "Plan Rows": 13913, "Plan Width": 59, "Inner Unique": true, "Plans": [{"Node Type": "Nested Loop", "Parent Relationship": "Outer", "Join Type": "Inner", "Startup Cost": 0.0, "Total Cost": 3843115.38, "Plan Rows": 33034, "Plan Width": 40, "Inner Unique": true, "Plans": [{"Node Type": "Aggregate", "Strategy": "Sorted", "Parent Relationship": "Outer", "Startup Cost": 0.0, "Total Cost": 3606239.52, "Plan Rows": 33034, "Plan Width": 24, "Group By Key": ["public.lineitem.l_orderkey"], "Filter": "(sum(public.lineitem.l_quantity) > 314::double precision), (LLVM Optimized)", "Plans": [{"Node Type": "Index Scan", "Parent Relationship": "Outer", "Scan Direction": "Forward", "Index Name": "idx_lineitem_orderkey", "Relation Name": "lineitem", "Alias": "lineitem", "Startup Cost": 0.0, "Total Cost": 3240153.75, "Plan Rows": 59987033, "Plan Width": 16}]}, {"Node Type": "Index Scan", "Parent Relationship": "Inner", "Scan Direction": "Forward", "Index Name": "orders_pkey", "Relation Name": "orders", "Alias": "orders", "Startup Cost": 0.0, "Total Cost": 7.15, "Plan Rows": 1, "Plan Width": 32, "Index Cond": "(o_orderkey = public.lineitem.l_orderkey)"}]}, {"Node Type": "Index Scan", "Parent Relationship": "Inner", "Scan Direction": "Forward", "Index Name": "customer_pkey", "Relation Name": "customer", "Alias": "customer", "Startup Cost": 0.0, "Total Cost": 0.28, "Plan Rows": 1, "Plan Width": 27, "Index Cond": "(c_custkey = orders.o_custkey)"}]}, {"Node Type": "Index Scan", "Parent Relationship": "Inner", "Scan Direction": "Forward", "Index Name": "idx_lineitem_orderkey", "Relation Name": "lineitem", "Alias": "lineitem", "Startup Cost": 0.0, "Total Cost": 0.87, "Plan Rows": 9, "Plan Width": 16, "Index Cond": "(l_orderkey = orders.o_orderkey)"}]}]}]}]}, "Unique SQL Id": 1915754155, "Planner Runtime": 1}, "explain_analyze_plan": {"Plan": {"Node Type": "Limit", "Startup Cost": 3874068.21, "Total Cost": 3874068.46, "Plan Rows": 100, "Plan Width": 59, "Actual Startup Time": 50695.002, "Actual Total Time": 50695.017, "Actual Rows": 84, "Actual Loops": 1, "Plans": [{"Node Type": "Sort", "Parent Relationship": "Outer", "Startup Cost": 3874068.21, "Total Cost": 3874384.02, "Plan Rows": 100, "Plan Width": 59, "Actual Startup Time": 50695.0, "Actual Total Time": 50695.004, "Actual Rows": 84, "Actual Loops": 1, "Sort Key": ["orders.o_totalprice DESC", "orders.o_orderdate"], "Sort Method": "quicksort", "Sort Space Used": 38, "Sort Space Type": "Memory", "Plans": [{"Node Type": "Aggregate", "Strategy": "Hashed", "Parent Relationship": "Outer", "Startup Cost": 3867977.11, "Total Cost": 3869240.32, "Plan Rows": 126321, "Plan Width": 59, "Actual Startup Time": 50694.487, "Actual Total Time": 50694.852, "Actual Rows": 84, "Actual Loops": 1, "Group By Key": ["orders.o_totalprice", "orders.o_orderdate", "customer.c_name", "customer.c_custkey", "orders.o_orderkey"], "Plans": [{"Node Type": "Nested Loop", "Parent Relationship": "Outer", "Join Type": "Inner", "Startup Cost": 0.0, "Total Cost": 3866082.29, "Plan Rows": 126321, "Plan Width": 59, "Actual Startup Time": 1159.494, "Actual Total Time": 50691.109, "Actual Rows": 588, "Actual Loops": 1, "Inner Unique": false, "Plans": [{"Node Type": "Nested Loop", "Parent Relationship": "Outer", "Join Type": "Inner", "Startup Cost": 0.0, "Total Cost": 3852738.51, "Plan Rows": 13913, "Plan Width": 59, "Actual Startup Time": 1159.473, "Actual Total Time": 50688.867, "Actual Rows": 84, "Actual Loops": 1, "Inner Unique": true, "Plans": [{"Node Type": "Nested Loop", "Parent Relationship": "Outer", "Join Type": "Inner", "Startup Cost": 0.0, "Total Cost": 3843115.38, "Plan Rows": 33034, "Plan Width": 40, "Actual Startup Time": 1159.448, "Actual Total Time": 50687.006, "Actual Rows": 84, "Actual Loops": 1, "Inner Unique": true, "Plans": [{"Node Type": "Aggregate", "Strategy": "Sorted", "Parent Relationship": "Outer", "Startup Cost": 0.0, "Total Cost": 3606239.52, "Plan Rows": 33034, "Plan Width": 24, "Actual Startup Time": 1159.408, "Actual Total Time": 50684.063, "Actual Rows": 84, "Actual Loops": 1, "Group By Key": ["public.lineitem.l_orderkey"], "Filter": "(sum(public.lineitem.l_quantity) > 314::double precision), (LLVM Optimized, Jit Execute)", "Rows Removed by Filter": 14999916, "Plans": [{"Node Type": "Index Scan", "Parent Relationship": "Outer", "Scan Direction": "Forward", "Index Name": "idx_lineitem_orderkey", "Relation Name": "lineitem", "Alias": "lineitem", "Startup Cost": 0.0, "Total Cost": 3240153.75, "Plan Rows": 59987033, "Plan Width": 16, "Actual Startup Time": 0.029, "Actual Total Time": 30275.076, "Actual Rows": 59986052, "Actual Loops": 1}]}, {"Node Type": "Index Scan", "Parent Relationship": "Inner", "Scan Direction": "Forward", "Index Name": "orders_pkey", "Relation Name": "orders", "Alias": "orders", "Startup Cost": 0.0, "Total Cost": 7.15, "Plan Rows": 1, "Plan Width": 32, "Actual Startup Time": 1.994, "Actual Total Time": 1.994, "Actual Rows": 84, "Actual Loops": 84, "Index Cond": "(o_orderkey = public.lineitem.l_orderkey)", "Rows Removed by Index Recheck": 0}]}, {"Node Type": "Index Scan", "Parent Relationship": "Inner", "Scan Direction": "Forward", "Index Name": "customer_pkey", "Relation Name": "customer", "Alias": "customer", "Startup Cost": 0.0, "Total Cost": 0.28, "Plan Rows": 1, "Plan Width": 27, "Actual Startup Time": 1.278, "Actual Total Time": 1.278, "Actual Rows": 84, "Actual Loops": 84, "Index Cond": "(c_custkey = orders.o_custkey)", "Rows Removed by Index Recheck": 0}]}, {"Node Type": "Index Scan", "Parent Relationship": "Inner", "Scan Direction": "Forward", "Index Name": "idx_lineitem_orderkey", "Relation Name": "lineitem", "Alias": "lineitem", "Startup Cost": 0.0, "Total Cost": 0.87, "Plan Rows": 9, "Plan Width": 16, "Actual Startup Time": 0.938, "Actual Total Time": 1.562, "Actual Rows": 588, "Actual Loops": 84, "Index Cond": "(l_orderkey = orders.o_orderkey)", "Rows Removed by Index Recheck": 0}]}]}]}]}, "Triggers": [], "Planner Runtime": 1.698, "Total Runtime": 50704.506, "Unique SQL Id": 1915754155}}, "(1, '18')": {"explain_plan": {"Plan": {"Node Type": "Limit", "Startup Cost": 2838735.63, "Total Cost": 2838735.88, "Plan Rows": 100, "Plan Width": 59, "Plans": [{"Node Type": "Sort", "Parent Relationship": "Outer", "Startup Cost": 2838735.63, "Total Cost": 2839051.44, "Plan Rows": 100, "Plan Width": 59, "Sort Key": ["orders.o_totalprice DESC", "orders.o_orderdate"], "Plans": [{"Node Type": "Aggregate", "Strategy": "Hashed", "Parent Relationship": "Outer", "Startup Cost": 2832644.53, "Total Cost": 2833907.74, "Plan Rows": 126321, "Plan Width": 59, "Group By Key": ["orders.o_totalprice", "orders.o_orderdate", "customer.c_name", "customer.c_custkey", "orders.o_orderkey"], "Plans": [{"Node Type": "Nested Loop", "Parent Relationship": "Outer", "Join Type": "Inner", "Startup Cost": 2315054.5, "Total Cost": 2830749.71, "Plan Rows": 126321, "Plan Width": 59, "Inner Unique": false, "Plans": [{"Node Type": "Nested Loop", "Parent Relationship": "Outer", "Join Type": "Inner", "Startup Cost": 2315054.12, "Total Cost": 2766973.56, "Plan Rows": 13913, "Plan Width": 59, "Inner Unique": true, "Plans": [{"Node Type": "Nested Loop", "Parent Relationship": "Outer", "Join Type": "Inner", "Startup Cost": 2315053.86, "Total Cost": 2625533.23, "Plan Rows": 33034, "Plan Width": 40, "Inner Unique": true, "Plans": [{"Node Type": "Aggregate", "Strategy": "Hashed", "Parent Relationship": "Outer", "Startup Cost": 2315050.5, "Total Cost": 2381201.11, "Plan Rows": 33034, "Plan Width": 16, "Group By Key": ["public.lineitem.l_orderkey"], "Filter": "(sum(public.lineitem.l_quantity) > 314::double precision), (LLVM Optimized)", "Plans": [{"Node Type": "Seq Scan", "Parent Relationship": "Outer", "Relation Name": "lineitem", "Alias": "lineitem", "Startup Cost": 0.0, "Total Cost": 2015115.33, "Plan Rows": 59987033, "Plan Width": 16}]}, {"Node Type": "Bitmap Heap Scan", "Parent Relationship": "Inner", "Relation Name": "orders", "Alias": "orders", "Startup Cost": 3.36, "Total Cost": 7.38, "Plan Rows": 1, "Plan Width": 32, "Recheck Cond": "(o_orderkey = public.lineitem.l_orderkey)", "Plans": [{"Node Type": "Bitmap Index Scan", "Parent Relationship": "Outer", "Index Name": "orders_pkey", "Startup Cost": 0.0, "Total Cost": 3.36, "Plan Rows": 1, "Plan Width": 0, "Index Cond": "(o_orderkey = public.lineitem.l_orderkey)"}]}]}, {"Node Type": "Bitmap Heap Scan", "Parent Relationship": "Inner", "Relation Name": "customer", "Alias": "customer", "Startup Cost": 0.26, "Total Cost": 4.27, "Plan Rows": 1, "Plan Width": 27, "Recheck Cond": "(c_custkey = orders.o_custkey)", "Plans": [{"Node Type": "Bitmap Index Scan", "Parent Relationship": "Outer", "Index Name": "customer_pkey", "Startup Cost": 0.0, "Total Cost": 0.26, "Plan Rows": 1, "Plan Width": 0, "Index Cond": "(c_custkey = orders.o_custkey)"}]}]}, {"Node Type": "Bitmap Heap Scan", "Parent Relationship": "Inner", "Relation Name": "lineitem", "Alias": "lineitem", "Startup Cost": 0.38, "Total Cost": 4.49, "Plan Rows": 9, "Plan Width": 16, "Recheck Cond": "(l_orderkey = orders.o_orderkey)", "Plans": [{"Node Type": "Bitmap Index Scan", "Parent Relationship": "Outer", "Index Name": "idx_lineitem_orderkey", "Startup Cost": 0.0, "Total Cost": 0.38, "Plan Rows": 9, "Plan Width": 0, "Index Cond": "(l_orderkey = orders.o_orderkey)"}]}]}]}]}]}, "Unique SQL Id": 1915754155, "Planner Runtime": 1}, "explain_analyze_plan": {"Plan": {"Node Type": "Limit", "Startup Cost": 2838735.63, "Total Cost": 2838735.88, "Plan Rows": 100, "Plan Width": 59, "Actual Startup Time": 56920.125, "Actual Total Time": 56920.141, "Actual Rows": 84, "Actual Loops": 1, "Plans": [{"Node Type": "Sort", "Parent Relationship": "Outer", "Startup Cost": 2838735.63, "Total Cost": 2839051.44, "Plan Rows": 100, "Plan Width": 59, "Actual Startup Time": 56920.122, "Actual Total Time": 56920.125, "Actual Rows": 84, "Actual Loops": 1, "Sort Key": ["orders.o_totalprice DESC", "orders.o_orderdate"], "Sort Method": "quicksort", "Sort Space Used": 38, "Sort Space Type": "Memory", "Plans": [{"Node Type": "Aggregate", "Strategy": "Hashed", "Parent Relationship": "Outer", "Startup Cost": 2832644.53, "Total Cost": 2833907.74, "Plan Rows": 126321, "Plan Width": 59, "Actual Startup Time": 56919.279, "Actual Total Time": 56920.01, "Actual Rows": 84, "Actual Loops": 1, "Group By Key": ["orders.o_totalprice", "orders.o_orderdate", "customer.c_name", "customer.c_custkey", "orders.o_orderkey"], "Plans": [{"Node Type": "Nested Loop", "Parent Relationship": "Outer", "Join Type": "Inner", "Startup Cost": 2315054.5, "Total Cost": 2830749.71, "Plan Rows": 126321, "Plan Width": 59, "Actual Startup Time": 48330.608, "Actual Total Time": 56917.436, "Actual Rows": 588, "Actual Loops": 1, "Inner Unique": false, "Plans": [{"Node Type": "Nested Loop", "Parent Relationship": "Outer", "Join Type": "Inner", "Startup Cost": 2315054.12, "Total Cost": 2766973.56, "Plan Rows": 13913, "Plan Width": 59, "Actual Startup Time": 48330.561, "Actual Total Time": 56914.137, "Actual Rows": 84, "Actual Loops": 1, "Inner Unique": true, "Plans": [{"Node Type": "Nested Loop", "Parent Relationship": "Outer", "Join Type": "Inner", "Startup Cost": 2315053.86, "Total Cost": 2625533.23, "Plan Rows": 33034, "Plan Width": 40, "Actual Startup Time": 48330.508, "Actual Total Time": 56911.85, "Actual Rows": 84, "Actual Loops": 1, "Inner Unique": true, "Plans": [{"Node Type": "Aggregate", "Strategy": "Hashed", "Parent Relationship": "Outer", "Startup Cost": 2315050.5, "Total Cost": 2381201.11, "Plan Rows": 33034, "Plan Width": 16, "Actual Startup Time": 48330.408, "Actual Total Time": 56891.838, "Actual Rows": 84, "Actual Loops": 1, "Group By Key": ["public.lineitem.l_orderkey"], "Filter": "(sum(public.lineitem.l_quantity) > 314::double precision), (LLVM Optimized, Jit Execute)", "Rows Removed by Filter": 14999916, "Plans": [{"Node Type": "Seq Scan", "Parent Relationship": "Outer", "Relation Name": "lineitem", "Alias": "lineitem", "Startup Cost": 0.0, "Total Cost": 2015115.33, "Plan Rows": 59987033, "Plan Width": 16, "Actual Startup Time": 0.048, "Actual Total Time": 20457.825, "Actual Rows": 59986052, "Actual Loops": 1}]}, {"Node Type": "Bitmap Heap Scan", "Parent Relationship": "Inner", "Relation Name": "orders", "Alias": "orders", "Startup Cost": 3.36, "Total Cost": 7.38, "Plan Rows": 1, "Plan Width": 32, "Actual Startup Time": 3.218, "Actual Total Time": 3.218, "Actual Rows": 84, "Actual Loops": 84, "Recheck Cond": "(o_orderkey = public.lineitem.l_orderkey)", "Rows Removed by Index Recheck": 0, "Exact Heap Blocks": 84, "Lossy Heap Blocks": 84, "Plans": [{"Node Type": "Bitmap Index Scan", "Parent Relationship": "Outer", "Index Name": "orders_pkey", "Startup Cost": 0.0, "Total Cost": 3.36, "Plan Rows": 1, "Plan Width": 0, "Actual Startup Time": 2.15, "Actual Total Time": 2.15, "Actual Rows": 84, "Actual Loops": 84, "Index Cond": "(o_orderkey = public.lineitem.l_orderkey)"}]}]}, {"Node Type": "Bitmap Heap Scan", "Parent Relationship": "Inner", "Relation Name": "customer", "Alias": "customer", "Startup Cost": 0.26, "Total Cost": 4.27, "Plan Rows": 1, "Plan Width": 27, "Actual Startup Time": 1.609, "Actual Total Time": 1.609, "Actual Rows": 84, "Actual Loops": 84, "Recheck Cond": "(c_custkey = orders.o_custkey)", "Rows Removed by Index Recheck": 0, "Exact Heap Blocks": 84, "Lossy Heap Blocks": 84, "Plans": [{"Node Type": "Bitmap Index Scan", "Parent Relationship": "Outer", "Index Name": "customer_pkey", "Startup Cost": 0.0, "Total Cost": 0.26, "Plan Rows": 1, "Plan Width": 0, "Actual Startup Time": 1.008, "Actual Total Time": 1.008, "Actual Rows": 84, "Actual Loops": 84, "Index Cond": "(c_custkey = orders.o_custkey)"}]}]}, {"Node Type": "Bitmap Heap Scan", "Parent Relationship": "Inner", "Relation Name": "lineitem", "Alias": "lineitem", "Startup Cost": 0.38, "Total Cost": 4.49, "Plan Rows": 9, "Plan Width": 16, "Actual Startup Time": 2.263, "Actual Total Time": 2.445, "Actual Rows": 588, "Actual Loops": 84, "Recheck Cond": "(l_orderkey = orders.o_orderkey)", "Rows Removed by Index Recheck": 0, "Exact Heap Blocks": 96, "Lossy Heap Blocks": 96, "Plans": [{"Node Type": "Bitmap Index Scan", "Parent Relationship": "Outer", "Index Name": "idx_lineitem_orderkey", "Startup Cost": 0.0, "Total Cost": 0.38, "Plan Rows": 9, "Plan Width": 0, "Actual Startup Time": 1.423, "Actual Total Time": 1.423, "Actual Rows": 588, "Actual Loops": 84, "Index Cond": "(l_orderkey = orders.o_orderkey)"}]}]}]}]}]}, "Triggers": [], "Planner Runtime": 1.556, "Total Runtime": 56929.516, "Unique SQL Id": 1915754155}}, "(1, '19')": {"explain_plan": {"Plan": {"Node Type": "Limit", "Startup Cost": 1000324838994.8, "Total Cost": 1000324838995.05, "Plan Rows": 100, "Plan Width": 59, "Plans": [{"Node Type": "Sort", "Parent Relationship": "Outer", "Startup Cost": 1000324838994.8, "Total Cost": 1000324839310.61, "Plan Rows": 100, "Plan Width": 59, "Sort Key": ["orders.o_totalprice DESC", "orders.o_orderdate"], "Plans": [{"Node Type": "Aggregate", "Strategy": "Hashed", "Parent Relationship": "Outer", "Startup Cost": 1000324832903.7, "Total Cost": 1000324834166.91, "Plan Rows": 126321, "Plan Width": 59, "Group By Key": ["orders.o_totalprice", "orders.o_orderdate", "customer.c_name", "customer.c_custkey", "orders.o_orderkey"], "Plans": [{"Node Type": "Nested Loop", "Parent Relationship": "Outer", "Join Type": "Inner", "Startup Cost": 10000000004.0, "Total Cost": 1000324831008.88, "Plan Rows": 126321, "Plan Width": 59, "Inner Unique": false, "Plans": [{"Node Type": "Nested Loop", "Parent Relationship": "Outer", "Join Type": "Inner", "Startup Cost": 10000000003.62, "Total Cost": 1000324767232.73, "Plan Rows": 13913, "Plan Width": 59, "Inner Unique": true, "Plans": [{"Node Type": "Nested Loop", "Parent Relationship": "Outer", "Join Type": "Inner", "Startup Cost": 10000000003.36, "Total Cost": 1000324625792.4, "Plan Rows": 33034, "Plan Width": 40, "Inner Unique": true, "Plans": [{"Node Type": "Aggregate", "Strategy": "Sorted", "Parent Relationship": "Outer", "Startup Cost": 10000000000.0, "Total Cost": 1000324381460.28, "Plan Rows": 33034, "Plan Width": 24, "Group By Key": ["public.lineitem.l_orderkey"], "Filter": "(sum(public.lineitem.l_quantity) > 314::double precision), (LLVM Optimized)", "Plans": [{"Node Type": "Index Scan", "Parent Relationship": "Outer", "Scan Direction": "Forward", "Index Name": "idx_lineitem_orderkey", "Relation Name": "lineitem", "Alias": "lineitem", "Startup Cost": 10000000000.0, "Total Cost": 1000324015374.5, "Plan Rows": 59987033, "Plan Width": 16}]}, {"Node Type": "Bitmap Heap Scan", "Parent Relationship": "Inner", "Relation Name": "orders", "Alias": "orders", "Startup Cost": 3.36, "Total Cost": 7.38, "Plan Rows": 1, "Plan Width": 32, "Recheck Cond": "(o_orderkey = public.lineitem.l_orderkey)", "Plans": [{"Node Type": "Bitmap Index Scan", "Parent Relationship": "Outer", "Index Name": "orders_pkey", "Startup Cost": 0.0, "Total Cost": 3.36, "Plan Rows": 1, "Plan Width": 0, "Index Cond": "(o_orderkey = public.lineitem.l_orderkey)"}]}]}, {"Node Type": "Bitmap Heap Scan", "Parent Relationship": "Inner", "Relation Name": "customer", "Alias": "customer", "Startup Cost": 0.26, "Total Cost": 4.27, "Plan Rows": 1, "Plan Width": 27, "Recheck Cond": "(c_custkey = orders.o_custkey)", "Plans": [{"Node Type": "Bitmap Index Scan", "Parent Relationship": "Outer", "Index Name": "customer_pkey", "Startup Cost": 0.0, "Total Cost": 0.26, "Plan Rows": 1, "Plan Width": 0, "Index Cond": "(c_custkey = orders.o_custkey)"}]}]}, {"Node Type": "Bitmap Heap Scan", "Parent Relationship": "Inner", "Relation Name": "lineitem", "Alias": "lineitem", "Startup Cost": 0.38, "Total Cost": 4.49, "Plan Rows": 9, "Plan Width": 16, "Recheck Cond": "(l_orderkey = orders.o_orderkey)", "Plans": [{"Node Type": "Bitmap Index Scan", "Parent Relationship": "Outer", "Index Name": "idx_lineitem_orderkey", "Startup Cost": 0.0, "Total Cost": 0.38, "Plan Rows": 9, "Plan Width": 0, "Index Cond": "(l_orderkey = orders.o_orderkey)"}]}]}]}]}]}, "Unique SQL Id": 1915754155, "Planner Runtime": 1}, "explain_analyze_plan": {"Plan": {"Node Type": "Limit", "Startup Cost": 1000324838994.8, "Total Cost": 1000324838995.05, "Plan Rows": 100, "Plan Width": 59, "Actual Startup Time": 49544.467, "Actual Total Time": 49544.486, "Actual Rows": 84, "Actual Loops": 1, "Plans": [{"Node Type": "Sort", "Parent Relationship": "Outer", "Startup Cost": 1000324838994.8, "Total Cost": 1000324839310.61, "Plan Rows": 100, "Plan Width": 59, "Actual Startup Time": 49544.465, "Actual Total Time": 49544.474, "Actual Rows": 84, "Actual Loops": 1, "Sort Key": ["orders.o_totalprice DESC", "orders.o_orderdate"], "Sort Method": "quicksort", "Sort Space Used": 38, "Sort Space Type": "Memory", "Plans": [{"Node Type": "Aggregate", "Strategy": "Hashed", "Parent Relationship": "Outer", "Startup Cost": 1000324832903.7, "Total Cost": 1000324834166.91, "Plan Rows": 126321, "Plan Width": 59, "Actual Startup Time": 49543.984, "Actual Total Time": 49544.316, "Actual Rows": 84, "Actual Loops": 1, "Group By Key": ["orders.o_totalprice", "orders.o_orderdate", "customer.c_name", "customer.c_custkey", "orders.o_orderkey"], "Plans": [{"Node Type": "Nested Loop", "Parent Relationship": "Outer", "Join Type": "Inner", "Startup Cost": 10000000004.0, "Total Cost": 1000324831008.88, "Plan Rows": 126321, "Plan Width": 59, "Actual Startup Time": 1023.087, "Actual Total Time": 49541.154, "Actual Rows": 588, "Actual Loops": 1, "Inner Unique": false, "Plans": [{"Node Type": "Nested Loop", "Parent Relationship": "Outer", "Join Type": "Inner", "Startup Cost": 10000000003.62, "Total Cost": 1000324767232.73, "Plan Rows": 13913, "Plan Width": 59, "Actual Startup Time": 1023.067, "Actual Total Time": 49538.65, "Actual Rows": 84, "Actual Loops": 1, "Inner Unique": true, "Plans": [{"Node Type": "Nested Loop", "Parent Relationship": "Outer", "Join Type": "Inner", "Startup Cost": 10000000003.36, "Total Cost": 1000324625792.4, "Plan Rows": 33034, "Plan Width": 40, "Actual Startup Time": 1023.033, "Actual Total Time": 49536.599, "Actual Rows": 84, "Actual Loops": 1, "Inner Unique": true, "Plans": [{"Node Type": "Aggregate", "Strategy": "Sorted", "Parent Relationship": "Outer", "Startup Cost": 10000000000.0, "Total Cost": 1000324381460.28, "Plan Rows": 33034, "Plan Width": 24, "Actual Startup Time": 1022.959, "Actual Total Time": 49531.744, "Actual Rows": 84, "Actual Loops": 1, "Group By Key": ["public.lineitem.l_orderkey"], "Filter": "(sum(public.lineitem.l_quantity) > 314::double precision), (LLVM Optimized, Jit Execute)", "Rows Removed by Filter": 14999916, "Plans": [{"Node Type": "Index Scan", "Parent Relationship": "Outer", "Scan Direction": "Forward", "Index Name": "idx_lineitem_orderkey", "Relation Name": "lineitem", "Alias": "lineitem", "Startup Cost": 10000000000.0, "Total Cost": 1000324015374.5, "Plan Rows": 59987033, "Plan Width": 16, "Actual Startup Time": 0.03, "Actual Total Time": 29176.085, "Actual Rows": 59986052, "Actual Loops": 1}]}, {"Node Type": "Bitmap Heap Scan", "Parent Relationship": "Inner", "Relation Name": "orders", "Alias": "orders", "Startup Cost": 3.36, "Total Cost": 7.38, "Plan Rows": 1, "Plan Width": 32, "Actual Startup Time": 3.264, "Actual Total Time": 3.264, "Actual Rows": 84, "Actual Loops": 84, "Recheck Cond": "(o_orderkey = public.lineitem.l_orderkey)", "Rows Removed by Index Recheck": 0, "Exact Heap Blocks": 84, "Lossy Heap Blocks": 84, "Plans": [{"Node Type": "Bitmap Index Scan", "Parent Relationship": "Outer", "Index Name": "orders_pkey", "Startup Cost": 0.0, "Total Cost": 3.36, "Plan Rows": 1, "Plan Width": 0, "Actual Startup Time": 2.073, "Actual Total Time": 2.073, "Actual Rows": 84, "Actual Loops": 84, "Index Cond": "(o_orderkey = public.lineitem.l_orderkey)"}]}]}, {"Node Type": "Bitmap Heap Scan", "Parent Relationship": "Inner", "Relation Name": "customer", "Alias": "customer", "Startup Cost": 0.26, "Total Cost": 4.27, "Plan Rows": 1, "Plan Width": 27, "Actual Startup Time": 1.378, "Actual Total Time": 1.378, "Actual Rows": 84, "Actual Loops": 84, "Recheck Cond": "(c_custkey = orders.o_custkey)", "Rows Removed by Index Recheck": 0, "Exact Heap Blocks": 84, "Lossy Heap Blocks": 84, "Plans": [{"Node Type": "Bitmap Index Scan", "Parent Relationship": "Outer", "Index Name": "customer_pkey", "Startup Cost": 0.0, "Total Cost": 0.26, "Plan Rows": 1, "Plan Width": 0, "Actual Startup Time": 0.854, "Actual Total Time": 0.854, "Actual Rows": 84, "Actual Loops": 84, "Index Cond": "(c_custkey = orders.o_custkey)"}]}]}, {"Node Type": "Bitmap Heap Scan", "Parent Relationship": "Inner", "Relation Name": "lineitem", "Alias": "lineitem", "Startup Cost": 0.38, "Total Cost": 4.49, "Plan Rows": 9, "Plan Width": 16, "Actual Startup Time": 1.417, "Actual Total Time": 1.651, "Actual Rows": 588, "Actual Loops": 84, "Recheck Cond": "(l_orderkey = orders.o_orderkey)", "Rows Removed by Index Recheck": 0, "Exact Heap Blocks": 96, "Lossy Heap Blocks": 96, "Plans": [{"Node Type": "Bitmap Index Scan", "Parent Relationship": "Outer", "Index Name": "idx_lineitem_orderkey", "Startup Cost": 0.0, "Total Cost": 0.38, "Plan Rows": 9, "Plan Width": 0, "Actual Startup Time": 0.904, "Actual Total Time": 0.904, "Actual Rows": 588, "Actual Loops": 84, "Index Cond": "(l_orderkey = orders.o_orderkey)"}]}]}]}]}]}, "Triggers": [], "Planner Runtime": 1.515, "Total Runtime": 49553.909, "Unique SQL Id": 1915754155}}, "(1, '20')": {"explain_plan": {"Plan": {"Node Type": "Limit", "Startup Cost": 2649029.8, "Total Cost": 2649030.05, "Plan Rows": 100, "Plan Width": 59, "Plans": [{"Node Type": "Sort", "Parent Relationship": "Outer", "Startup Cost": 2649029.8, "Total Cost": 2649345.6, "Plan Rows": 100, "Plan Width": 59, "Sort Key": ["orders.o_totalprice DESC", "orders.o_orderdate"], "Plans": [{"Node Type": "Aggregate", "Strategy": "Hashed", "Parent Relationship": "Outer", "Startup Cost": 2642938.69, "Total Cost": 2644201.9, "Plan Rows": 126321, "Plan Width": 59, "Group By Key": ["orders.o_totalprice", "orders.o_orderdate", "customer.c_name", "customer.c_custkey", "orders.o_orderkey"], "Plans": [{"Node Type": "Nested Loop", "Parent Relationship": "Outer", "Join Type": "Inner", "Startup Cost": 2315050.5, "Total Cost": 2641043.88, "Plan Rows": 126321, "Plan Width": 59, "Inner Unique": false, "Plans": [{"Node Type": "Nested Loop", "Parent Relationship": "Outer", "Join Type": "Inner", "Startup Cost": 2315050.5, "Total Cost": 2627700.1, "Plan Rows": 13913, "Plan Width": 59, "Inner Unique": true, "Plans": [{"Node Type": "Nested Loop", "Parent Relationship": "Outer", "Join Type": "Inner", "Startup Cost": 2315050.5, "Total Cost": 2618076.97, "Plan Rows": 33034, "Plan Width": 40, "Inner Unique": true, "Plans": [{"Node Type": "Aggregate", "Strategy": "Hashed", "Parent Relationship": "Outer", "Startup Cost": 2315050.5, "Total Cost": 2381201.11, "Plan Rows": 33034, "Plan Width": 16, "Group By Key": ["public.lineitem.l_orderkey"], "Filter": "(sum(public.lineitem.l_quantity) > 314::double precision), (LLVM Optimized)", "Plans": [{"Node Type": "Seq Scan", "Parent Relationship": "Outer", "Relation Name": "lineitem", "Alias": "lineitem", "Startup Cost": 0.0, "Total Cost": 2015115.33, "Plan Rows": 59987033, "Plan Width": 16}]}, {"Node Type": "Index Scan", "Parent Relationship": "Inner", "Scan Direction": "Forward", "Index Name": "orders_pkey", "Relation Name": "orders", "Alias": "orders", "Startup Cost": 0.0, "Total Cost": 7.15, "Plan Rows": 1, "Plan Width": 32, "Index Cond": "(o_orderkey = public.lineitem.l_orderkey)"}]}, {"Node Type": "Index Scan", "Parent Relationship": "Inner", "Scan Direction": "Forward", "Index Name": "customer_pkey", "Relation Name": "customer", "Alias": "customer", "Startup Cost": 0.0, "Total Cost": 0.28, "Plan Rows": 1, "Plan Width": 27, "Index Cond": "(c_custkey = orders.o_custkey)"}]}, {"Node Type": "Index Scan", "Parent Relationship": "Inner", "Scan Direction": "Forward", "Index Name": "idx_lineitem_orderkey", "Relation Name": "lineitem", "Alias": "lineitem", "Startup Cost": 0.0, "Total Cost": 0.87, "Plan Rows": 9, "Plan Width": 16, "Index Cond": "(l_orderkey = orders.o_orderkey)"}]}]}]}]}, "Unique SQL Id": 1915754155, "Planner Runtime": 1}, "explain_analyze_plan": {"Plan": {"Node Type": "Limit", "Startup Cost": 2649029.8, "Total Cost": 2649030.05, "Plan Rows": 100, "Plan Width": 59, "Actual Startup Time": 51129.008, "Actual Total Time": 51129.027, "Actual Rows": 84, "Actual Loops": 1, "Plans": [{"Node Type": "Sort", "Parent Relationship": "Outer", "Startup Cost": 2649029.8, "Total Cost": 2649345.6, "Plan Rows": 100, "Plan Width": 59, "Actual Startup Time": 51129.006, "Actual Total Time": 51129.015, "Actual Rows": 84, "Actual Loops": 1, "Sort Key": ["orders.o_totalprice DESC", "orders.o_orderdate"], "Sort Method": "quicksort", "Sort Space Used": 38, "Sort Space Type": "Memory", "Plans": [{"Node Type": "Aggregate", "Strategy": "Hashed", "Parent Relationship": "Outer", "Startup Cost": 2642938.69, "Total Cost": 2644201.9, "Plan Rows": 126321, "Plan Width": 59, "Actual Startup Time": 51128.213, "Actual Total Time": 51128.889, "Actual Rows": 84, "Actual Loops": 1, "Group By Key": ["orders.o_totalprice", "orders.o_orderdate", "customer.c_name", "customer.c_custkey", "orders.o_orderkey"], "Plans": [{"Node Type": "Nested Loop", "Parent Relationship": "Outer", "Join Type": "Inner", "Startup Cost": 2315050.5, "Total Cost": 2641043.88, "Plan Rows": 126321, "Plan Width": 59, "Actual Startup Time": 46173.798, "Actual Total Time": 51126.311, "Actual Rows": 588, "Actual Loops": 1, "Inner Unique": false, "Plans": [{"Node Type": "Nested Loop", "Parent Relationship": "Outer", "Join Type": "Inner", "Startup Cost": 2315050.5, "Total Cost": 2627700.1, "Plan Rows": 13913, "Plan Width": 59, "Actual Startup Time": 46173.775, "Actual Total Time": 51124.263, "Actual Rows": 84, "Actual Loops": 1, "Inner Unique": true, "Plans": [{"Node Type": "Nested Loop", "Parent Relationship": "Outer", "Join Type": "Inner", "Startup Cost": 2315050.5, "Total Cost": 2618076.97, "Plan Rows": 33034, "Plan Width": 40, "Actual Startup Time": 46173.751, "Actual Total Time": 51122.995, "Actual Rows": 84, "Actual Loops": 1, "Inner Unique": true, "Plans": [{"Node Type": "Aggregate", "Strategy": "Hashed", "Parent Relationship": "Outer", "Startup Cost": 2315050.5, "Total Cost": 2381201.11, "Plan Rows": 33034, "Plan Width": 16, "Actual Startup Time": 46173.686, "Actual Total Time": 51106.177, "Actual Rows": 84, "Actual Loops": 1, "Group By Key": ["public.lineitem.l_orderkey"], "Filter": "(sum(public.lineitem.l_quantity) > 314::double precision), (LLVM Optimized, Jit Execute)", "Rows Removed by Filter": 14999916, "Plans": [{"Node Type": "Seq Scan", "Parent Relationship": "Outer", "Relation Name": "lineitem", "Alias": "lineitem", "Startup Cost": 0.0, "Total Cost": 2015115.33, "Plan Rows": 59987033, "Plan Width": 16, "Actual Startup Time": 0.043, "Actual Total Time": 19975.008, "Actual Rows": 59986052, "Actual Loops": 1}]}, {"Node Type": "Index Scan", "Parent Relationship": "Inner", "Scan Direction": "Forward", "Index Name": "orders_pkey", "Relation Name": "orders", "Alias": "orders", "Startup Cost": 0.0, "Total Cost": 7.15, "Plan Rows": 1, "Plan Width": 32, "Actual Startup Time": 2.93, "Actual Total Time": 2.93, "Actual Rows": 84, "Actual Loops": 84, "Index Cond": "(o_orderkey = public.lineitem.l_orderkey)", "Rows Removed by Index Recheck": 0}]}, {"Node Type": "Index Scan", "Parent Relationship": "Inner", "Scan Direction": "Forward", "Index Name": "customer_pkey", "Relation Name": "customer", "Alias": "customer", "Startup Cost": 0.0, "Total Cost": 0.28, "Plan Rows": 1, "Plan Width": 27, "Actual Startup Time": 0.906, "Actual Total Time": 0.906, "Actual Rows": 84, "Actual Loops": 84, "Index Cond": "(c_custkey = orders.o_custkey)", "Rows Removed by Index Recheck": 0}]}, {"Node Type": "Index Scan", "Parent Relationship": "Inner", "Scan Direction": "Forward", "Index Name": "idx_lineitem_orderkey", "Relation Name": "lineitem", "Alias": "lineitem", "Startup Cost": 0.0, "Total Cost": 0.87, "Plan Rows": 9, "Plan Width": 16, "Actual Startup Time": 1.165, "Actual Total Time": 1.622, "Actual Rows": 588, "Actual Loops": 84, "Index Cond": "(l_orderkey = orders.o_orderkey)", "Rows Removed by Index Recheck": 0}]}]}]}]}, "Triggers": [], "Planner Runtime": 1.711, "Total Runtime": 51138.586, "Unique SQL Id": 1915754155}}, "(1, '21')": {"explain_plan": {"Plan": {"Node Type": "Limit", "Startup Cost": 3874068.21, "Total Cost": 3874068.46, "Plan Rows": 100, "Plan Width": 59, "Plans": [{"Node Type": "Sort", "Parent Relationship": "Outer", "Startup Cost": 3874068.21, "Total Cost": 3874384.02, "Plan Rows": 100, "Plan Width": 59, "Sort Key": ["orders.o_totalprice DESC", "orders.o_orderdate"], "Plans": [{"Node Type": "Aggregate", "Strategy": "Hashed", "Parent Relationship": "Outer", "Startup Cost": 3867977.11, "Total Cost": 3869240.32, "Plan Rows": 126321, "Plan Width": 59, "Group By Key": ["orders.o_totalprice", "orders.o_orderdate", "customer.c_name", "customer.c_custkey", "orders.o_orderkey"], "Plans": [{"Node Type": "Nested Loop", "Parent Relationship": "Outer", "Join Type": "Inner", "Startup Cost": 0.0, "Total Cost": 3866082.29, "Plan Rows": 126321, "Plan Width": 59, "Inner Unique": false, "Plans": [{"Node Type": "Nested Loop", "Parent Relationship": "Outer", "Join Type": "Inner", "Startup Cost": 0.0, "Total Cost": 3852738.51, "Plan Rows": 13913, "Plan Width": 59, "Inner Unique": true, "Plans": [{"Node Type": "Nested Loop", "Parent Relationship": "Outer", "Join Type": "Inner", "Startup Cost": 0.0, "Total Cost": 3843115.38, "Plan Rows": 33034, "Plan Width": 40, "Inner Unique": true, "Plans": [{"Node Type": "Aggregate", "Strategy": "Sorted", "Parent Relationship": "Outer", "Startup Cost": 0.0, "Total Cost": 3606239.52, "Plan Rows": 33034, "Plan Width": 24, "Group By Key": ["public.lineitem.l_orderkey"], "Filter": "(sum(public.lineitem.l_quantity) > 314::double precision), (LLVM Optimized)", "Plans": [{"Node Type": "Index Scan", "Parent Relationship": "Outer", "Scan Direction": "Forward", "Index Name": "idx_lineitem_orderkey", "Relation Name": "lineitem", "Alias": "lineitem", "Startup Cost": 0.0, "Total Cost": 3240153.75, "Plan Rows": 59987033, "Plan Width": 16}]}, {"Node Type": "Index Scan", "Parent Relationship": "Inner", "Scan Direction": "Forward", "Index Name": "orders_pkey", "Relation Name": "orders", "Alias": "orders", "Startup Cost": 0.0, "Total Cost": 7.15, "Plan Rows": 1, "Plan Width": 32, "Index Cond": "(o_orderkey = public.lineitem.l_orderkey)"}]}, {"Node Type": "Index Scan", "Parent Relationship": "Inner", "Scan Direction": "Forward", "Index Name": "customer_pkey", "Relation Name": "customer", "Alias": "customer", "Startup Cost": 0.0, "Total Cost": 0.28, "Plan Rows": 1, "Plan Width": 27, "Index Cond": "(c_custkey = orders.o_custkey)"}]}, {"Node Type": "Index Scan", "Parent Relationship": "Inner", "Scan Direction": "Forward", "Index Name": "idx_lineitem_orderkey", "Relation Name": "lineitem", "Alias": "lineitem", "Startup Cost": 0.0, "Total Cost": 0.87, "Plan Rows": 9, "Plan Width": 16, "Index Cond": "(l_orderkey = orders.o_orderkey)"}]}]}]}]}, "Unique SQL Id": 1915754155, "Planner Runtime": 1}, "explain_analyze_plan": {"Plan": {"Node Type": "Limit", "Startup Cost": 3874068.21, "Total Cost": 3874068.46, "Plan Rows": 100, "Plan Width": 59, "Actual Startup Time": 50695.002, "Actual Total Time": 50695.017, "Actual Rows": 84, "Actual Loops": 1, "Plans": [{"Node Type": "Sort", "Parent Relationship": "Outer", "Startup Cost": 3874068.21, "Total Cost": 3874384.02, "Plan Rows": 100, "Plan Width": 59, "Actual Startup Time": 50695.0, "Actual Total Time": 50695.004, "Actual Rows": 84, "Actual Loops": 1, "Sort Key": ["orders.o_totalprice DESC", "orders.o_orderdate"], "Sort Method": "quicksort", "Sort Space Used": 38, "Sort Space Type": "Memory", "Plans": [{"Node Type": "Aggregate", "Strategy": "Hashed", "Parent Relationship": "Outer", "Startup Cost": 3867977.11, "Total Cost": 3869240.32, "Plan Rows": 126321, "Plan Width": 59, "Actual Startup Time": 50694.487, "Actual Total Time": 50694.852, "Actual Rows": 84, "Actual Loops": 1, "Group By Key": ["orders.o_totalprice", "orders.o_orderdate", "customer.c_name", "customer.c_custkey", "orders.o_orderkey"], "Plans": [{"Node Type": "Nested Loop", "Parent Relationship": "Outer", "Join Type": "Inner", "Startup Cost": 0.0, "Total Cost": 3866082.29, "Plan Rows": 126321, "Plan Width": 59, "Actual Startup Time": 1159.494, "Actual Total Time": 50691.109, "Actual Rows": 588, "Actual Loops": 1, "Inner Unique": false, "Plans": [{"Node Type": "Nested Loop", "Parent Relationship": "Outer", "Join Type": "Inner", "Startup Cost": 0.0, "Total Cost": 3852738.51, "Plan Rows": 13913, "Plan Width": 59, "Actual Startup Time": 1159.473, "Actual Total Time": 50688.867, "Actual Rows": 84, "Actual Loops": 1, "Inner Unique": true, "Plans": [{"Node Type": "Nested Loop", "Parent Relationship": "Outer", "Join Type": "Inner", "Startup Cost": 0.0, "Total Cost": 3843115.38, "Plan Rows": 33034, "Plan Width": 40, "Actual Startup Time": 1159.448, "Actual Total Time": 50687.006, "Actual Rows": 84, "Actual Loops": 1, "Inner Unique": true, "Plans": [{"Node Type": "Aggregate", "Strategy": "Sorted", "Parent Relationship": "Outer", "Startup Cost": 0.0, "Total Cost": 3606239.52, "Plan Rows": 33034, "Plan Width": 24, "Actual Startup Time": 1159.408, "Actual Total Time": 50684.063, "Actual Rows": 84, "Actual Loops": 1, "Group By Key": ["public.lineitem.l_orderkey"], "Filter": "(sum(public.lineitem.l_quantity) > 314::double precision), (LLVM Optimized, Jit Execute)", "Rows Removed by Filter": 14999916, "Plans": [{"Node Type": "Index Scan", "Parent Relationship": "Outer", "Scan Direction": "Forward", "Index Name": "idx_lineitem_orderkey", "Relation Name": "lineitem", "Alias": "lineitem", "Startup Cost": 0.0, "Total Cost": 3240153.75, "Plan Rows": 59987033, "Plan Width": 16, "Actual Startup Time": 0.029, "Actual Total Time": 30275.076, "Actual Rows": 59986052, "Actual Loops": 1}]}, {"Node Type": "Index Scan", "Parent Relationship": "Inner", "Scan Direction": "Forward", "Index Name": "orders_pkey", "Relation Name": "orders", "Alias": "orders", "Startup Cost": 0.0, "Total Cost": 7.15, "Plan Rows": 1, "Plan Width": 32, "Actual Startup Time": 1.994, "Actual Total Time": 1.994, "Actual Rows": 84, "Actual Loops": 84, "Index Cond": "(o_orderkey = public.lineitem.l_orderkey)", "Rows Removed by Index Recheck": 0}]}, {"Node Type": "Index Scan", "Parent Relationship": "Inner", "Scan Direction": "Forward", "Index Name": "customer_pkey", "Relation Name": "customer", "Alias": "customer", "Startup Cost": 0.0, "Total Cost": 0.28, "Plan Rows": 1, "Plan Width": 27, "Actual Startup Time": 1.278, "Actual Total Time": 1.278, "Actual Rows": 84, "Actual Loops": 84, "Index Cond": "(c_custkey = orders.o_custkey)", "Rows Removed by Index Recheck": 0}]}, {"Node Type": "Index Scan", "Parent Relationship": "Inner", "Scan Direction": "Forward", "Index Name": "idx_lineitem_orderkey", "Relation Name": "lineitem", "Alias": "lineitem", "Startup Cost": 0.0, "Total Cost": 0.87, "Plan Rows": 9, "Plan Width": 16, "Actual Startup Time": 0.938, "Actual Total Time": 1.562, "Actual Rows": 588, "Actual Loops": 84, "Index Cond": "(l_orderkey = orders.o_orderkey)", "Rows Removed by Index Recheck": 0}]}]}]}]}, "Triggers": [], "Planner Runtime": 1.698, "Total Runtime": 50704.506, "Unique SQL Id": 1915754155}}, "(1, '22')": {"explain_plan": {"Plan": {"Node Type": "Limit", "Startup Cost": 2838735.63, "Total Cost": 2838735.88, "Plan Rows": 100, "Plan Width": 59, "Plans": [{"Node Type": "Sort", "Parent Relationship": "Outer", "Startup Cost": 2838735.63, "Total Cost": 2839051.44, "Plan Rows": 100, "Plan Width": 59, "Sort Key": ["orders.o_totalprice DESC", "orders.o_orderdate"], "Plans": [{"Node Type": "Aggregate", "Strategy": "Hashed", "Parent Relationship": "Outer", "Startup Cost": 2832644.53, "Total Cost": 2833907.74, "Plan Rows": 126321, "Plan Width": 59, "Group By Key": ["orders.o_totalprice", "orders.o_orderdate", "customer.c_name", "customer.c_custkey", "orders.o_orderkey"], "Plans": [{"Node Type": "Nested Loop", "Parent Relationship": "Outer", "Join Type": "Inner", "Startup Cost": 2315054.5, "Total Cost": 2830749.71, "Plan Rows": 126321, "Plan Width": 59, "Inner Unique": false, "Plans": [{"Node Type": "Nested Loop", "Parent Relationship": "Outer", "Join Type": "Inner", "Startup Cost": 2315054.12, "Total Cost": 2766973.56, "Plan Rows": 13913, "Plan Width": 59, "Inner Unique": true, "Plans": [{"Node Type": "Nested Loop", "Parent Relationship": "Outer", "Join Type": "Inner", "Startup Cost": 2315053.86, "Total Cost": 2625533.23, "Plan Rows": 33034, "Plan Width": 40, "Inner Unique": true, "Plans": [{"Node Type": "Aggregate", "Strategy": "Hashed", "Parent Relationship": "Outer", "Startup Cost": 2315050.5, "Total Cost": 2381201.11, "Plan Rows": 33034, "Plan Width": 16, "Group By Key": ["public.lineitem.l_orderkey"], "Filter": "(sum(public.lineitem.l_quantity) > 314::double precision), (LLVM Optimized)", "Plans": [{"Node Type": "Seq Scan", "Parent Relationship": "Outer", "Relation Name": "lineitem", "Alias": "lineitem", "Startup Cost": 0.0, "Total Cost": 2015115.33, "Plan Rows": 59987033, "Plan Width": 16}]}, {"Node Type": "Bitmap Heap Scan", "Parent Relationship": "Inner", "Relation Name": "orders", "Alias": "orders", "Startup Cost": 3.36, "Total Cost": 7.38, "Plan Rows": 1, "Plan Width": 32, "Recheck Cond": "(o_orderkey = public.lineitem.l_orderkey)", "Plans": [{"Node Type": "Bitmap Index Scan", "Parent Relationship": "Outer", "Index Name": "orders_pkey", "Startup Cost": 0.0, "Total Cost": 3.36, "Plan Rows": 1, "Plan Width": 0, "Index Cond": "(o_orderkey = public.lineitem.l_orderkey)"}]}]}, {"Node Type": "Bitmap Heap Scan", "Parent Relationship": "Inner", "Relation Name": "customer", "Alias": "customer", "Startup Cost": 0.26, "Total Cost": 4.27, "Plan Rows": 1, "Plan Width": 27, "Recheck Cond": "(c_custkey = orders.o_custkey)", "Plans": [{"Node Type": "Bitmap Index Scan", "Parent Relationship": "Outer", "Index Name": "customer_pkey", "Startup Cost": 0.0, "Total Cost": 0.26, "Plan Rows": 1, "Plan Width": 0, "Index Cond": "(c_custkey = orders.o_custkey)"}]}]}, {"Node Type": "Bitmap Heap Scan", "Parent Relationship": "Inner", "Relation Name": "lineitem", "Alias": "lineitem", "Startup Cost": 0.38, "Total Cost": 4.49, "Plan Rows": 9, "Plan Width": 16, "Recheck Cond": "(l_orderkey = orders.o_orderkey)", "Plans": [{"Node Type": "Bitmap Index Scan", "Parent Relationship": "Outer", "Index Name": "idx_lineitem_orderkey", "Startup Cost": 0.0, "Total Cost": 0.38, "Plan Rows": 9, "Plan Width": 0, "Index Cond": "(l_orderkey = orders.o_orderkey)"}]}]}]}]}]}, "Unique SQL Id": 1915754155, "Planner Runtime": 1}, "explain_analyze_plan": {"Plan": {"Node Type": "Limit", "Startup Cost": 2838735.63, "Total Cost": 2838735.88, "Plan Rows": 100, "Plan Width": 59, "Actual Startup Time": 56920.125, "Actual Total Time": 56920.141, "Actual Rows": 84, "Actual Loops": 1, "Plans": [{"Node Type": "Sort", "Parent Relationship": "Outer", "Startup Cost": 2838735.63, "Total Cost": 2839051.44, "Plan Rows": 100, "Plan Width": 59, "Actual Startup Time": 56920.122, "Actual Total Time": 56920.125, "Actual Rows": 84, "Actual Loops": 1, "Sort Key": ["orders.o_totalprice DESC", "orders.o_orderdate"], "Sort Method": "quicksort", "Sort Space Used": 38, "Sort Space Type": "Memory", "Plans": [{"Node Type": "Aggregate", "Strategy": "Hashed", "Parent Relationship": "Outer", "Startup Cost": 2832644.53, "Total Cost": 2833907.74, "Plan Rows": 126321, "Plan Width": 59, "Actual Startup Time": 56919.279, "Actual Total Time": 56920.01, "Actual Rows": 84, "Actual Loops": 1, "Group By Key": ["orders.o_totalprice", "orders.o_orderdate", "customer.c_name", "customer.c_custkey", "orders.o_orderkey"], "Plans": [{"Node Type": "Nested Loop", "Parent Relationship": "Outer", "Join Type": "Inner", "Startup Cost": 2315054.5, "Total Cost": 2830749.71, "Plan Rows": 126321, "Plan Width": 59, "Actual Startup Time": 48330.608, "Actual Total Time": 56917.436, "Actual Rows": 588, "Actual Loops": 1, "Inner Unique": false, "Plans": [{"Node Type": "Nested Loop", "Parent Relationship": "Outer", "Join Type": "Inner", "Startup Cost": 2315054.12, "Total Cost": 2766973.56, "Plan Rows": 13913, "Plan Width": 59, "Actual Startup Time": 48330.561, "Actual Total Time": 56914.137, "Actual Rows": 84, "Actual Loops": 1, "Inner Unique": true, "Plans": [{"Node Type": "Nested Loop", "Parent Relationship": "Outer", "Join Type": "Inner", "Startup Cost": 2315053.86, "Total Cost": 2625533.23, "Plan Rows": 33034, "Plan Width": 40, "Actual Startup Time": 48330.508, "Actual Total Time": 56911.85, "Actual Rows": 84, "Actual Loops": 1, "Inner Unique": true, "Plans": [{"Node Type": "Aggregate", "Strategy": "Hashed", "Parent Relationship": "Outer", "Startup Cost": 2315050.5, "Total Cost": 2381201.11, "Plan Rows": 33034, "Plan Width": 16, "Actual Startup Time": 48330.408, "Actual Total Time": 56891.838, "Actual Rows": 84, "Actual Loops": 1, "Group By Key": ["public.lineitem.l_orderkey"], "Filter": "(sum(public.lineitem.l_quantity) > 314::double precision), (LLVM Optimized, Jit Execute)", "Rows Removed by Filter": 14999916, "Plans": [{"Node Type": "Seq Scan", "Parent Relationship": "Outer", "Relation Name": "lineitem", "Alias": "lineitem", "Startup Cost": 0.0, "Total Cost": 2015115.33, "Plan Rows": 59987033, "Plan Width": 16, "Actual Startup Time": 0.048, "Actual Total Time": 20457.825, "Actual Rows": 59986052, "Actual Loops": 1}]}, {"Node Type": "Bitmap Heap Scan", "Parent Relationship": "Inner", "Relation Name": "orders", "Alias": "orders", "Startup Cost": 3.36, "Total Cost": 7.38, "Plan Rows": 1, "Plan Width": 32, "Actual Startup Time": 3.218, "Actual Total Time": 3.218, "Actual Rows": 84, "Actual Loops": 84, "Recheck Cond": "(o_orderkey = public.lineitem.l_orderkey)", "Rows Removed by Index Recheck": 0, "Exact Heap Blocks": 84, "Lossy Heap Blocks": 84, "Plans": [{"Node Type": "Bitmap Index Scan", "Parent Relationship": "Outer", "Index Name": "orders_pkey", "Startup Cost": 0.0, "Total Cost": 3.36, "Plan Rows": 1, "Plan Width": 0, "Actual Startup Time": 2.15, "Actual Total Time": 2.15, "Actual Rows": 84, "Actual Loops": 84, "Index Cond": "(o_orderkey = public.lineitem.l_orderkey)"}]}]}, {"Node Type": "Bitmap Heap Scan", "Parent Relationship": "Inner", "Relation Name": "customer", "Alias": "customer", "Startup Cost": 0.26, "Total Cost": 4.27, "Plan Rows": 1, "Plan Width": 27, "Actual Startup Time": 1.609, "Actual Total Time": 1.609, "Actual Rows": 84, "Actual Loops": 84, "Recheck Cond": "(c_custkey = orders.o_custkey)", "Rows Removed by Index Recheck": 0, "Exact Heap Blocks": 84, "Lossy Heap Blocks": 84, "Plans": [{"Node Type": "Bitmap Index Scan", "Parent Relationship": "Outer", "Index Name": "customer_pkey", "Startup Cost": 0.0, "Total Cost": 0.26, "Plan Rows": 1, "Plan Width": 0, "Actual Startup Time": 1.008, "Actual Total Time": 1.008, "Actual Rows": 84, "Actual Loops": 84, "Index Cond": "(c_custkey = orders.o_custkey)"}]}]}, {"Node Type": "Bitmap Heap Scan", "Parent Relationship": "Inner", "Relation Name": "lineitem", "Alias": "lineitem", "Startup Cost": 0.38, "Total Cost": 4.49, "Plan Rows": 9, "Plan Width": 16, "Actual Startup Time": 2.263, "Actual Total Time": 2.445, "Actual Rows": 588, "Actual Loops": 84, "Recheck Cond": "(l_orderkey = orders.o_orderkey)", "Rows Removed by Index Recheck": 0, "Exact Heap Blocks": 96, "Lossy Heap Blocks": 96, "Plans": [{"Node Type": "Bitmap Index Scan", "Parent Relationship": "Outer", "Index Name": "idx_lineitem_orderkey", "Startup Cost": 0.0, "Total Cost": 0.38, "Plan Rows": 9, "Plan Width": 0, "Actual Startup Time": 1.423, "Actual Total Time": 1.423, "Actual Rows": 588, "Actual Loops": 84, "Index Cond": "(l_orderkey = orders.o_orderkey)"}]}]}]}]}]}, "Triggers": [], "Planner Runtime": 1.556, "Total Runtime": 56929.516, "Unique SQL Id": 1915754155}}, "(1, '23')": {"explain_plan": {"Plan": {"Node Type": "Limit", "Startup Cost": 1000324838994.8, "Total Cost": 1000324838995.05, "Plan Rows": 100, "Plan Width": 59, "Plans": [{"Node Type": "Sort", "Parent Relationship": "Outer", "Startup Cost": 1000324838994.8, "Total Cost": 1000324839310.61, "Plan Rows": 100, "Plan Width": 59, "Sort Key": ["orders.o_totalprice DESC", "orders.o_orderdate"], "Plans": [{"Node Type": "Aggregate", "Strategy": "Hashed", "Parent Relationship": "Outer", "Startup Cost": 1000324832903.7, "Total Cost": 1000324834166.91, "Plan Rows": 126321, "Plan Width": 59, "Group By Key": ["orders.o_totalprice", "orders.o_orderdate", "customer.c_name", "customer.c_custkey", "orders.o_orderkey"], "Plans": [{"Node Type": "Nested Loop", "Parent Relationship": "Outer", "Join Type": "Inner", "Startup Cost": 10000000004.0, "Total Cost": 1000324831008.88, "Plan Rows": 126321, "Plan Width": 59, "Inner Unique": false, "Plans": [{"Node Type": "Nested Loop", "Parent Relationship": "Outer", "Join Type": "Inner", "Startup Cost": 10000000003.62, "Total Cost": 1000324767232.73, "Plan Rows": 13913, "Plan Width": 59, "Inner Unique": true, "Plans": [{"Node Type": "Nested Loop", "Parent Relationship": "Outer", "Join Type": "Inner", "Startup Cost": 10000000003.36, "Total Cost": 1000324625792.4, "Plan Rows": 33034, "Plan Width": 40, "Inner Unique": true, "Plans": [{"Node Type": "Aggregate", "Strategy": "Sorted", "Parent Relationship": "Outer", "Startup Cost": 10000000000.0, "Total Cost": 1000324381460.28, "Plan Rows": 33034, "Plan Width": 24, "Group By Key": ["public.lineitem.l_orderkey"], "Filter": "(sum(public.lineitem.l_quantity) > 314::double precision), (LLVM Optimized)", "Plans": [{"Node Type": "Index Scan", "Parent Relationship": "Outer", "Scan Direction": "Forward", "Index Name": "idx_lineitem_orderkey", "Relation Name": "lineitem", "Alias": "lineitem", "Startup Cost": 10000000000.0, "Total Cost": 1000324015374.5, "Plan Rows": 59987033, "Plan Width": 16}]}, {"Node Type": "Bitmap Heap Scan", "Parent Relationship": "Inner", "Relation Name": "orders", "Alias": "orders", "Startup Cost": 3.36, "Total Cost": 7.38, "Plan Rows": 1, "Plan Width": 32, "Recheck Cond": "(o_orderkey = public.lineitem.l_orderkey)", "Plans": [{"Node Type": "Bitmap Index Scan", "Parent Relationship": "Outer", "Index Name": "orders_pkey", "Startup Cost": 0.0, "Total Cost": 3.36, "Plan Rows": 1, "Plan Width": 0, "Index Cond": "(o_orderkey = public.lineitem.l_orderkey)"}]}]}, {"Node Type": "Bitmap Heap Scan", "Parent Relationship": "Inner", "Relation Name": "customer", "Alias": "customer", "Startup Cost": 0.26, "Total Cost": 4.27, "Plan Rows": 1, "Plan Width": 27, "Recheck Cond": "(c_custkey = orders.o_custkey)", "Plans": [{"Node Type": "Bitmap Index Scan", "Parent Relationship": "Outer", "Index Name": "customer_pkey", "Startup Cost": 0.0, "Total Cost": 0.26, "Plan Rows": 1, "Plan Width": 0, "Index Cond": "(c_custkey = orders.o_custkey)"}]}]}, {"Node Type": "Bitmap Heap Scan", "Parent Relationship": "Inner", "Relation Name": "lineitem", "Alias": "lineitem", "Startup Cost": 0.38, "Total Cost": 4.49, "Plan Rows": 9, "Plan Width": 16, "Recheck Cond": "(l_orderkey = orders.o_orderkey)", "Plans": [{"Node Type": "Bitmap Index Scan", "Parent Relationship": "Outer", "Index Name": "idx_lineitem_orderkey", "Startup Cost": 0.0, "Total Cost": 0.38, "Plan Rows": 9, "Plan Width": 0, "Index Cond": "(l_orderkey = orders.o_orderkey)"}]}]}]}]}]}, "Unique SQL Id": 1915754155, "Planner Runtime": 1}, "explain_analyze_plan": {"Plan": {"Node Type": "Limit", "Startup Cost": 1000324838994.8, "Total Cost": 1000324838995.05, "Plan Rows": 100, "Plan Width": 59, "Actual Startup Time": 49544.467, "Actual Total Time": 49544.486, "Actual Rows": 84, "Actual Loops": 1, "Plans": [{"Node Type": "Sort", "Parent Relationship": "Outer", "Startup Cost": 1000324838994.8, "Total Cost": 1000324839310.61, "Plan Rows": 100, "Plan Width": 59, "Actual Startup Time": 49544.465, "Actual Total Time": 49544.474, "Actual Rows": 84, "Actual Loops": 1, "Sort Key": ["orders.o_totalprice DESC", "orders.o_orderdate"], "Sort Method": "quicksort", "Sort Space Used": 38, "Sort Space Type": "Memory", "Plans": [{"Node Type": "Aggregate", "Strategy": "Hashed", "Parent Relationship": "Outer", "Startup Cost": 1000324832903.7, "Total Cost": 1000324834166.91, "Plan Rows": 126321, "Plan Width": 59, "Actual Startup Time": 49543.984, "Actual Total Time": 49544.316, "Actual Rows": 84, "Actual Loops": 1, "Group By Key": ["orders.o_totalprice", "orders.o_orderdate", "customer.c_name", "customer.c_custkey", "orders.o_orderkey"], "Plans": [{"Node Type": "Nested Loop", "Parent Relationship": "Outer", "Join Type": "Inner", "Startup Cost": 10000000004.0, "Total Cost": 1000324831008.88, "Plan Rows": 126321, "Plan Width": 59, "Actual Startup Time": 1023.087, "Actual Total Time": 49541.154, "Actual Rows": 588, "Actual Loops": 1, "Inner Unique": false, "Plans": [{"Node Type": "Nested Loop", "Parent Relationship": "Outer", "Join Type": "Inner", "Startup Cost": 10000000003.62, "Total Cost": 1000324767232.73, "Plan Rows": 13913, "Plan Width": 59, "Actual Startup Time": 1023.067, "Actual Total Time": 49538.65, "Actual Rows": 84, "Actual Loops": 1, "Inner Unique": true, "Plans": [{"Node Type": "Nested Loop", "Parent Relationship": "Outer", "Join Type": "Inner", "Startup Cost": 10000000003.36, "Total Cost": 1000324625792.4, "Plan Rows": 33034, "Plan Width": 40, "Actual Startup Time": 1023.033, "Actual Total Time": 49536.599, "Actual Rows": 84, "Actual Loops": 1, "Inner Unique": true, "Plans": [{"Node Type": "Aggregate", "Strategy": "Sorted", "Parent Relationship": "Outer", "Startup Cost": 10000000000.0, "Total Cost": 1000324381460.28, "Plan Rows": 33034, "Plan Width": 24, "Actual Startup Time": 1022.959, "Actual Total Time": 49531.744, "Actual Rows": 84, "Actual Loops": 1, "Group By Key": ["public.lineitem.l_orderkey"], "Filter": "(sum(public.lineitem.l_quantity) > 314::double precision), (LLVM Optimized, Jit Execute)", "Rows Removed by Filter": 14999916, "Plans": [{"Node Type": "Index Scan", "Parent Relationship": "Outer", "Scan Direction": "Forward", "Index Name": "idx_lineitem_orderkey", "Relation Name": "lineitem", "Alias": "lineitem", "Startup Cost": 10000000000.0, "Total Cost": 1000324015374.5, "Plan Rows": 59987033, "Plan Width": 16, "Actual Startup Time": 0.03, "Actual Total Time": 29176.085, "Actual Rows": 59986052, "Actual Loops": 1}]}, {"Node Type": "Bitmap Heap Scan", "Parent Relationship": "Inner", "Relation Name": "orders", "Alias": "orders", "Startup Cost": 3.36, "Total Cost": 7.38, "Plan Rows": 1, "Plan Width": 32, "Actual Startup Time": 3.264, "Actual Total Time": 3.264, "Actual Rows": 84, "Actual Loops": 84, "Recheck Cond": "(o_orderkey = public.lineitem.l_orderkey)", "Rows Removed by Index Recheck": 0, "Exact Heap Blocks": 84, "Lossy Heap Blocks": 84, "Plans": [{"Node Type": "Bitmap Index Scan", "Parent Relationship": "Outer", "Index Name": "orders_pkey", "Startup Cost": 0.0, "Total Cost": 3.36, "Plan Rows": 1, "Plan Width": 0, "Actual Startup Time": 2.073, "Actual Total Time": 2.073, "Actual Rows": 84, "Actual Loops": 84, "Index Cond": "(o_orderkey = public.lineitem.l_orderkey)"}]}]}, {"Node Type": "Bitmap Heap Scan", "Parent Relationship": "Inner", "Relation Name": "customer", "Alias": "customer", "Startup Cost": 0.26, "Total Cost": 4.27, "Plan Rows": 1, "Plan Width": 27, "Actual Startup Time": 1.378, "Actual Total Time": 1.378, "Actual Rows": 84, "Actual Loops": 84, "Recheck Cond": "(c_custkey = orders.o_custkey)", "Rows Removed by Index Recheck": 0, "Exact Heap Blocks": 84, "Lossy Heap Blocks": 84, "Plans": [{"Node Type": "Bitmap Index Scan", "Parent Relationship": "Outer", "Index Name": "customer_pkey", "Startup Cost": 0.0, "Total Cost": 0.26, "Plan Rows": 1, "Plan Width": 0, "Actual Startup Time": 0.854, "Actual Total Time": 0.854, "Actual Rows": 84, "Actual Loops": 84, "Index Cond": "(c_custkey = orders.o_custkey)"}]}]}, {"Node Type": "Bitmap Heap Scan", "Parent Relationship": "Inner", "Relation Name": "lineitem", "Alias": "lineitem", "Startup Cost": 0.38, "Total Cost": 4.49, "Plan Rows": 9, "Plan Width": 16, "Actual Startup Time": 1.417, "Actual Total Time": 1.651, "Actual Rows": 588, "Actual Loops": 84, "Recheck Cond": "(l_orderkey = orders.o_orderkey)", "Rows Removed by Index Recheck": 0, "Exact Heap Blocks": 96, "Lossy Heap Blocks": 96, "Plans": [{"Node Type": "Bitmap Index Scan", "Parent Relationship": "Outer", "Index Name": "idx_lineitem_orderkey", "Startup Cost": 0.0, "Total Cost": 0.38, "Plan Rows": 9, "Plan Width": 0, "Actual Startup Time": 0.904, "Actual Total Time": 0.904, "Actual Rows": 588, "Actual Loops": 84, "Index Cond": "(l_orderkey = orders.o_orderkey)"}]}]}]}]}]}, "Triggers": [], "Planner Runtime": 1.515, "Total Runtime": 49553.909, "Unique SQL Id": 1915754155}}, "(1, '24')": {"explain_plan": {"Plan": {"Node Type": "Limit", "Startup Cost": 2649029.8, "Total Cost": 2649030.05, "Plan Rows": 100, "Plan Width": 59, "Plans": [{"Node Type": "Sort", "Parent Relationship": "Outer", "Startup Cost": 2649029.8, "Total Cost": 2649345.6, "Plan Rows": 100, "Plan Width": 59, "Sort Key": ["orders.o_totalprice DESC", "orders.o_orderdate"], "Plans": [{"Node Type": "Aggregate", "Strategy": "Hashed", "Parent Relationship": "Outer", "Startup Cost": 2642938.69, "Total Cost": 2644201.9, "Plan Rows": 126321, "Plan Width": 59, "Group By Key": ["orders.o_totalprice", "orders.o_orderdate", "customer.c_name", "customer.c_custkey", "orders.o_orderkey"], "Plans": [{"Node Type": "Nested Loop", "Parent Relationship": "Outer", "Join Type": "Inner", "Startup Cost": 2315050.5, "Total Cost": 2641043.88, "Plan Rows": 126321, "Plan Width": 59, "Inner Unique": false, "Plans": [{"Node Type": "Nested Loop", "Parent Relationship": "Outer", "Join Type": "Inner", "Startup Cost": 2315050.5, "Total Cost": 2627700.1, "Plan Rows": 13913, "Plan Width": 59, "Inner Unique": true, "Plans": [{"Node Type": "Nested Loop", "Parent Relationship": "Outer", "Join Type": "Inner", "Startup Cost": 2315050.5, "Total Cost": 2618076.97, "Plan Rows": 33034, "Plan Width": 40, "Inner Unique": true, "Plans": [{"Node Type": "Aggregate", "Strategy": "Hashed", "Parent Relationship": "Outer", "Startup Cost": 2315050.5, "Total Cost": 2381201.11, "Plan Rows": 33034, "Plan Width": 16, "Group By Key": ["public.lineitem.l_orderkey"], "Filter": "(sum(public.lineitem.l_quantity) > 314::double precision), (LLVM Optimized)", "Plans": [{"Node Type": "Seq Scan", "Parent Relationship": "Outer", "Relation Name": "lineitem", "Alias": "lineitem", "Startup Cost": 0.0, "Total Cost": 2015115.33, "Plan Rows": 59987033, "Plan Width": 16}]}, {"Node Type": "Index Scan", "Parent Relationship": "Inner", "Scan Direction": "Forward", "Index Name": "orders_pkey", "Relation Name": "orders", "Alias": "orders", "Startup Cost": 0.0, "Total Cost": 7.15, "Plan Rows": 1, "Plan Width": 32, "Index Cond": "(o_orderkey = public.lineitem.l_orderkey)"}]}, {"Node Type": "Index Scan", "Parent Relationship": "Inner", "Scan Direction": "Forward", "Index Name": "customer_pkey", "Relation Name": "customer", "Alias": "customer", "Startup Cost": 0.0, "Total Cost": 0.28, "Plan Rows": 1, "Plan Width": 27, "Index Cond": "(c_custkey = orders.o_custkey)"}]}, {"Node Type": "Index Scan", "Parent Relationship": "Inner", "Scan Direction": "Forward", "Index Name": "idx_lineitem_orderkey", "Relation Name": "lineitem", "Alias": "lineitem", "Startup Cost": 0.0, "Total Cost": 0.87, "Plan Rows": 9, "Plan Width": 16, "Index Cond": "(l_orderkey = orders.o_orderkey)"}]}]}]}]}, "Unique SQL Id": 1915754155, "Planner Runtime": 1}, "explain_analyze_plan": {"Plan": {"Node Type": "Limit", "Startup Cost": 2649029.8, "Total Cost": 2649030.05, "Plan Rows": 100, "Plan Width": 59, "Actual Startup Time": 51129.008, "Actual Total Time": 51129.027, "Actual Rows": 84, "Actual Loops": 1, "Plans": [{"Node Type": "Sort", "Parent Relationship": "Outer", "Startup Cost": 2649029.8, "Total Cost": 2649345.6, "Plan Rows": 100, "Plan Width": 59, "Actual Startup Time": 51129.006, "Actual Total Time": 51129.015, "Actual Rows": 84, "Actual Loops": 1, "Sort Key": ["orders.o_totalprice DESC", "orders.o_orderdate"], "Sort Method": "quicksort", "Sort Space Used": 38, "Sort Space Type": "Memory", "Plans": [{"Node Type": "Aggregate", "Strategy": "Hashed", "Parent Relationship": "Outer", "Startup Cost": 2642938.69, "Total Cost": 2644201.9, "Plan Rows": 126321, "Plan Width": 59, "Actual Startup Time": 51128.213, "Actual Total Time": 51128.889, "Actual Rows": 84, "Actual Loops": 1, "Group By Key": ["orders.o_totalprice", "orders.o_orderdate", "customer.c_name", "customer.c_custkey", "orders.o_orderkey"], "Plans": [{"Node Type": "Nested Loop", "Parent Relationship": "Outer", "Join Type": "Inner", "Startup Cost": 2315050.5, "Total Cost": 2641043.88, "Plan Rows": 126321, "Plan Width": 59, "Actual Startup Time": 46173.798, "Actual Total Time": 51126.311, "Actual Rows": 588, "Actual Loops": 1, "Inner Unique": false, "Plans": [{"Node Type": "Nested Loop", "Parent Relationship": "Outer", "Join Type": "Inner", "Startup Cost": 2315050.5, "Total Cost": 2627700.1, "Plan Rows": 13913, "Plan Width": 59, "Actual Startup Time": 46173.775, "Actual Total Time": 51124.263, "Actual Rows": 84, "Actual Loops": 1, "Inner Unique": true, "Plans": [{"Node Type": "Nested Loop", "Parent Relationship": "Outer", "Join Type": "Inner", "Startup Cost": 2315050.5, "Total Cost": 2618076.97, "Plan Rows": 33034, "Plan Width": 40, "Actual Startup Time": 46173.751, "Actual Total Time": 51122.995, "Actual Rows": 84, "Actual Loops": 1, "Inner Unique": true, "Plans": [{"Node Type": "Aggregate", "Strategy": "Hashed", "Parent Relationship": "Outer", "Startup Cost": 2315050.5, "Total Cost": 2381201.11, "Plan Rows": 33034, "Plan Width": 16, "Actual Startup Time": 46173.686, "Actual Total Time": 51106.177, "Actual Rows": 84, "Actual Loops": 1, "Group By Key": ["public.lineitem.l_orderkey"], "Filter": "(sum(public.lineitem.l_quantity) > 314::double precision), (LLVM Optimized, Jit Execute)", "Rows Removed by Filter": 14999916, "Plans": [{"Node Type": "Seq Scan", "Parent Relationship": "Outer", "Relation Name": "lineitem", "Alias": "lineitem", "Startup Cost": 0.0, "Total Cost": 2015115.33, "Plan Rows": 59987033, "Plan Width": 16, "Actual Startup Time": 0.043, "Actual Total Time": 19975.008, "Actual Rows": 59986052, "Actual Loops": 1}]}, {"Node Type": "Index Scan", "Parent Relationship": "Inner", "Scan Direction": "Forward", "Index Name": "orders_pkey", "Relation Name": "orders", "Alias": "orders", "Startup Cost": 0.0, "Total Cost": 7.15, "Plan Rows": 1, "Plan Width": 32, "Actual Startup Time": 2.93, "Actual Total Time": 2.93, "Actual Rows": 84, "Actual Loops": 84, "Index Cond": "(o_orderkey = public.lineitem.l_orderkey)", "Rows Removed by Index Recheck": 0}]}, {"Node Type": "Index Scan", "Parent Relationship": "Inner", "Scan Direction": "Forward", "Index Name": "customer_pkey", "Relation Name": "customer", "Alias": "customer", "Startup Cost": 0.0, "Total Cost": 0.28, "Plan Rows": 1, "Plan Width": 27, "Actual Startup Time": 0.906, "Actual Total Time": 0.906, "Actual Rows": 84, "Actual Loops": 84, "Index Cond": "(c_custkey = orders.o_custkey)", "Rows Removed by Index Recheck": 0}]}, {"Node Type": "Index Scan", "Parent Relationship": "Inner", "Scan Direction": "Forward", "Index Name": "idx_lineitem_orderkey", "Relation Name": "lineitem", "Alias": "lineitem", "Startup Cost": 0.0, "Total Cost": 0.87, "Plan Rows": 9, "Plan Width": 16, "Actual Startup Time": 1.165, "Actual Total Time": 1.622, "Actual Rows": 588, "Actual Loops": 84, "Index Cond": "(l_orderkey = orders.o_orderkey)", "Rows Removed by Index Recheck": 0}]}]}]}]}, "Triggers": [], "Planner Runtime": 1.711, "Total Runtime": 51138.586, "Unique SQL Id": 1915754155}}, "(1, '25')": {"explain_plan": {"Plan": {"Node Type": "Limit", "Startup Cost": 3874068.21, "Total Cost": 3874068.46, "Plan Rows": 100, "Plan Width": 59, "Plans": [{"Node Type": "Sort", "Parent Relationship": "Outer", "Startup Cost": 3874068.21, "Total Cost": 3874384.02, "Plan Rows": 100, "Plan Width": 59, "Sort Key": ["orders.o_totalprice DESC", "orders.o_orderdate"], "Plans": [{"Node Type": "Aggregate", "Strategy": "Hashed", "Parent Relationship": "Outer", "Startup Cost": 3867977.11, "Total Cost": 3869240.32, "Plan Rows": 126321, "Plan Width": 59, "Group By Key": ["orders.o_totalprice", "orders.o_orderdate", "customer.c_name", "customer.c_custkey", "orders.o_orderkey"], "Plans": [{"Node Type": "Nested Loop", "Parent Relationship": "Outer", "Join Type": "Inner", "Startup Cost": 0.0, "Total Cost": 3866082.29, "Plan Rows": 126321, "Plan Width": 59, "Inner Unique": false, "Plans": [{"Node Type": "Nested Loop", "Parent Relationship": "Outer", "Join Type": "Inner", "Startup Cost": 0.0, "Total Cost": 3852738.51, "Plan Rows": 13913, "Plan Width": 59, "Inner Unique": true, "Plans": [{"Node Type": "Nested Loop", "Parent Relationship": "Outer", "Join Type": "Inner", "Startup Cost": 0.0, "Total Cost": 3843115.38, "Plan Rows": 33034, "Plan Width": 40, "Inner Unique": true, "Plans": [{"Node Type": "Aggregate", "Strategy": "Sorted", "Parent Relationship": "Outer", "Startup Cost": 0.0, "Total Cost": 3606239.52, "Plan Rows": 33034, "Plan Width": 24, "Group By Key": ["public.lineitem.l_orderkey"], "Filter": "(sum(public.lineitem.l_quantity) > 314::double precision), (LLVM Optimized)", "Plans": [{"Node Type": "Index Scan", "Parent Relationship": "Outer", "Scan Direction": "Forward", "Index Name": "idx_lineitem_orderkey", "Relation Name": "lineitem", "Alias": "lineitem", "Startup Cost": 0.0, "Total Cost": 3240153.75, "Plan Rows": 59987033, "Plan Width": 16}]}, {"Node Type": "Index Scan", "Parent Relationship": "Inner", "Scan Direction": "Forward", "Index Name": "orders_pkey", "Relation Name": "orders", "Alias": "orders", "Startup Cost": 0.0, "Total Cost": 7.15, "Plan Rows": 1, "Plan Width": 32, "Index Cond": "(o_orderkey = public.lineitem.l_orderkey)"}]}, {"Node Type": "Index Scan", "Parent Relationship": "Inner", "Scan Direction": "Forward", "Index Name": "customer_pkey", "Relation Name": "customer", "Alias": "customer", "Startup Cost": 0.0, "Total Cost": 0.28, "Plan Rows": 1, "Plan Width": 27, "Index Cond": "(c_custkey = orders.o_custkey)"}]}, {"Node Type": "Index Scan", "Parent Relationship": "Inner", "Scan Direction": "Forward", "Index Name": "idx_lineitem_orderkey", "Relation Name": "lineitem", "Alias": "lineitem", "Startup Cost": 0.0, "Total Cost": 0.87, "Plan Rows": 9, "Plan Width": 16, "Index Cond": "(l_orderkey = orders.o_orderkey)"}]}]}]}]}, "Unique SQL Id": 1915754155, "Planner Runtime": 1}, "explain_analyze_plan": {"Plan": {"Node Type": "Limit", "Startup Cost": 3874068.21, "Total Cost": 3874068.46, "Plan Rows": 100, "Plan Width": 59, "Actual Startup Time": 50695.002, "Actual Total Time": 50695.017, "Actual Rows": 84, "Actual Loops": 1, "Plans": [{"Node Type": "Sort", "Parent Relationship": "Outer", "Startup Cost": 3874068.21, "Total Cost": 3874384.02, "Plan Rows": 100, "Plan Width": 59, "Actual Startup Time": 50695.0, "Actual Total Time": 50695.004, "Actual Rows": 84, "Actual Loops": 1, "Sort Key": ["orders.o_totalprice DESC", "orders.o_orderdate"], "Sort Method": "quicksort", "Sort Space Used": 38, "Sort Space Type": "Memory", "Plans": [{"Node Type": "Aggregate", "Strategy": "Hashed", "Parent Relationship": "Outer", "Startup Cost": 3867977.11, "Total Cost": 3869240.32, "Plan Rows": 126321, "Plan Width": 59, "Actual Startup Time": 50694.487, "Actual Total Time": 50694.852, "Actual Rows": 84, "Actual Loops": 1, "Group By Key": ["orders.o_totalprice", "orders.o_orderdate", "customer.c_name", "customer.c_custkey", "orders.o_orderkey"], "Plans": [{"Node Type": "Nested Loop", "Parent Relationship": "Outer", "Join Type": "Inner", "Startup Cost": 0.0, "Total Cost": 3866082.29, "Plan Rows": 126321, "Plan Width": 59, "Actual Startup Time": 1159.494, "Actual Total Time": 50691.109, "Actual Rows": 588, "Actual Loops": 1, "Inner Unique": false, "Plans": [{"Node Type": "Nested Loop", "Parent Relationship": "Outer", "Join Type": "Inner", "Startup Cost": 0.0, "Total Cost": 3852738.51, "Plan Rows": 13913, "Plan Width": 59, "Actual Startup Time": 1159.473, "Actual Total Time": 50688.867, "Actual Rows": 84, "Actual Loops": 1, "Inner Unique": true, "Plans": [{"Node Type": "Nested Loop", "Parent Relationship": "Outer", "Join Type": "Inner", "Startup Cost": 0.0, "Total Cost": 3843115.38, "Plan Rows": 33034, "Plan Width": 40, "Actual Startup Time": 1159.448, "Actual Total Time": 50687.006, "Actual Rows": 84, "Actual Loops": 1, "Inner Unique": true, "Plans": [{"Node Type": "Aggregate", "Strategy": "Sorted", "Parent Relationship": "Outer", "Startup Cost": 0.0, "Total Cost": 3606239.52, "Plan Rows": 33034, "Plan Width": 24, "Actual Startup Time": 1159.408, "Actual Total Time": 50684.063, "Actual Rows": 84, "Actual Loops": 1, "Group By Key": ["public.lineitem.l_orderkey"], "Filter": "(sum(public.lineitem.l_quantity) > 314::double precision), (LLVM Optimized, Jit Execute)", "Rows Removed by Filter": 14999916, "Plans": [{"Node Type": "Index Scan", "Parent Relationship": "Outer", "Scan Direction": "Forward", "Index Name": "idx_lineitem_orderkey", "Relation Name": "lineitem", "Alias": "lineitem", "Startup Cost": 0.0, "Total Cost": 3240153.75, "Plan Rows": 59987033, "Plan Width": 16, "Actual Startup Time": 0.029, "Actual Total Time": 30275.076, "Actual Rows": 59986052, "Actual Loops": 1}]}, {"Node Type": "Index Scan", "Parent Relationship": "Inner", "Scan Direction": "Forward", "Index Name": "orders_pkey", "Relation Name": "orders", "Alias": "orders", "Startup Cost": 0.0, "Total Cost": 7.15, "Plan Rows": 1, "Plan Width": 32, "Actual Startup Time": 1.994, "Actual Total Time": 1.994, "Actual Rows": 84, "Actual Loops": 84, "Index Cond": "(o_orderkey = public.lineitem.l_orderkey)", "Rows Removed by Index Recheck": 0}]}, {"Node Type": "Index Scan", "Parent Relationship": "Inner", "Scan Direction": "Forward", "Index Name": "customer_pkey", "Relation Name": "customer", "Alias": "customer", "Startup Cost": 0.0, "Total Cost": 0.28, "Plan Rows": 1, "Plan Width": 27, "Actual Startup Time": 1.278, "Actual Total Time": 1.278, "Actual Rows": 84, "Actual Loops": 84, "Index Cond": "(c_custkey = orders.o_custkey)", "Rows Removed by Index Recheck": 0}]}, {"Node Type": "Index Scan", "Parent Relationship": "Inner", "Scan Direction": "Forward", "Index Name": "idx_lineitem_orderkey", "Relation Name": "lineitem", "Alias": "lineitem", "Startup Cost": 0.0, "Total Cost": 0.87, "Plan Rows": 9, "Plan Width": 16, "Actual Startup Time": 0.938, "Actual Total Time": 1.562, "Actual Rows": 588, "Actual Loops": 84, "Index Cond": "(l_orderkey = orders.o_orderkey)", "Rows Removed by Index Recheck": 0}]}]}]}]}, "Triggers": [], "Planner Runtime": 1.698, "Total Runtime": 50704.506, "Unique SQL Id": 1915754155}}, "(1, '26')": {"explain_plan": {"Plan": {"Node Type": "Limit", "Startup Cost": 14964595.16, "Total Cost": 14964595.41, "Plan Rows": 100, "Plan Width": 59, "Plans": [{"Node Type": "Sort", "Parent Relationship": "Outer", "Startup Cost": 14964595.16, "Total Cost": 14964910.97, "Plan Rows": 100, "Plan Width": 59, "Sort Key": ["orders.o_totalprice DESC", "orders.o_orderdate"], "Plans": [{"Node Type": "Aggregate", "Strategy": "Hashed", "Parent Relationship": "Outer", "Startup Cost": 14958504.05, "Total Cost": 14959767.26, "Plan Rows": 126321, "Plan Width": 59, "Group By Key": ["orders.o_totalprice", "orders.o_orderdate", "customer.c_name", "customer.c_custkey", "orders.o_orderkey"], "Plans": [{"Node Type": "Merge Join", "Parent Relationship": "Outer", "Join Type": "Inner", "Startup Cost": 14656052.99, "Total Cost": 14956609.24, "Plan Rows": 126321, "Plan Width": 59, "Inner Unique": false, "Merge Cond": "(orders.o_orderkey = public.lineitem.l_orderkey)", "Plans": [{"Node Type": "Sort", "Parent Relationship": "Outer", "Startup Cost": 4891168.67, "Total Cost": 4891203.45, "Plan Rows": 13913, "Plan Width": 59, "Sort Key": ["orders.o_orderkey"], "Plans": [{"Node Type": "Merge Join", "Parent Relationship": "Outer", "Join Type": "Inner", "Startup Cost": 4882215.87, "Total Cost": 4890211.17, "Plan Rows": 13913, "Plan Width": 59, "Inner Unique": true, "Merge Cond": "(orders.o_custkey = customer.c_custkey)", "Plans": [{"Node Type": "Sort", "Parent Relationship": "Outer", "Startup Cost": 4676215.68, "Total Cost": 4676298.26, "Plan Rows": 33034, "Plan Width": 40, "Sort Key": ["orders.o_custkey"], "Plans": [{"Node Type": "Merge Join", "Parent Relationship": "Outer", "Join Type": "Semi", "Startup Cost": 4598243.3, "Total Cost": 4673736.2, "Plan Rows": 33034, "Plan Width": 40, "Inner Unique": false, "Merge Cond": "(orders.o_orderkey = public.lineitem.l_orderkey)", "Plans": [{"Node Type": "Sort", "Parent Relationship": "Outer", "Startup Cost": 2214232.37, "Total Cost": 2251731.07, "Plan Rows": 14999479, "Plan Width": 32, "Sort Key": ["orders.o_orderkey"], "Plans": [{"Node Type": "Seq Scan", "Parent Relationship": "Outer", "Relation Name": "orders", "Alias": "orders", "Startup Cost": 0.0, "Total Cost": 426413.79, "Plan Rows": 14999479, "Plan Width": 32}]}, {"Node Type": "Sort", "Parent Relationship": "Inner", "Startup Cost": 2384010.93, "Total Cost": 2384093.51, "Plan Rows": 33034, "Plan Width": 8, "Sort Key": ["public.lineitem.l_orderkey"], "Plans": [{"Node Type": "Aggregate", "Strategy": "Hashed", "Parent Relationship": "Outer", "Startup Cost": 2315050.5, "Total Cost": 2381201.11, "Plan Rows": 33034, "Plan Width": 16, "Group By Key": ["public.lineitem.l_orderkey"], "Filter": "(sum(public.lineitem.l_quantity) > 314::double precision), (LLVM Optimized)", "Plans": [{"Node Type": "Seq Scan", "Parent Relationship": "Outer", "Relation Name": "lineitem", "Alias": "lineitem", "Startup Cost": 0.0, "Total Cost": 2015115.33, "Plan Rows": 59987033, "Plan Width": 16}]}]}]}]}, {"Node Type": "Sort", "Parent Relationship": "Inner", "Startup Cost": 205999.98, "Total Cost": 209749.98, "Plan Rows": 1500000, "Plan Width": 27, "Sort Key": ["customer.c_custkey"], "Plans": [{"Node Type": "Seq Scan", "Parent Relationship": "Outer", "Relation Name": "customer", "Alias": "customer", "Startup Cost": 0.0, "Total Cost": 52126.0, "Plan Rows": 1500000, "Plan Width": 27}]}]}]}, {"Node Type": "Sort", "Parent Relationship": "Inner", "Startup Cost": 9764884.32, "Total Cost": 9914851.9, "Plan Rows": 59987033, "Plan Width": 16, "Sort Key": ["public.lineitem.l_orderkey"], "Plans": [{"Node Type": "Seq Scan", "Parent Relationship": "Outer", "Relation Name": "lineitem", "Alias": "lineitem", "Startup Cost": 0.0, "Total Cost": 2015115.33, "Plan Rows": 59987033, "Plan Width": 16}]}]}]}]}]}, "Unique SQL Id": 1915754155, "Planner Runtime": 1}, "explain_analyze_plan": null}, "(1, '27')": {"explain_plan": {"Plan": {"Node Type": "Limit", "Startup Cost": 4001456874550.92, "Total Cost": 4001456874551.17, "Plan Rows": 100, "Plan Width": 59, "Plans": [{"Node Type": "Sort", "Parent Relationship": "Outer", "Startup Cost": 4001456874550.92, "Total Cost": 4001456874866.72, "Plan Rows": 100, "Plan Width": 59, "Sort Key": ["orders.o_totalprice DESC", "orders.o_orderdate"], "Plans": [{"Node Type": "Aggregate", "Strategy": "Hashed", "Parent Relationship": "Outer", "Startup Cost": 4001456868459.81, "Total Cost": 4001456869723.02, "Plan Rows": 126321, "Plan Width": 59, "Group By Key": ["orders.o_totalprice", "orders.o_orderdate", "customer.c_name", "customer.c_custkey", "orders.o_orderkey"], "Plans": [{"Node Type": "Merge Join", "Parent Relationship": "Outer", "Join Type": "Inner", "Startup Cost": 40213551991.87, "Total Cost": 4001456866565.0, "Plan Rows": 126321, "Plan Width": 59, "Inner Unique": false, "Merge Cond": "(orders.o_orderkey = public.lineitem.l_orderkey)", "Plans": [{"Node Type": "Nested Loop", "Parent Relationship": "Outer", "Join Type": "Inner", "Startup Cost": 30000000000.0, "Total Cost": 3001148862913.95, "Plan Rows": 13913, "Plan Width": 59, "Inner Unique": true, "Join Filter": "(orders.o_custkey = customer.c_custkey)", "Plans": [{"Node Type": "Merge Join", "Parent Relationship": "Outer", "Join Type": "Semi", "Startup Cost": 20000000000.0, "Total Cost": 2000397517628.33, "Plan Rows": 33034, "Plan Width": 40, "Inner Unique": false, "Merge Cond": "(orders.o_orderkey = public.lineitem.l_orderkey)", "Plans": [{"Node Type": "Index Scan", "Parent Relationship": "Outer", "Scan Direction": "Forward", "Index Name": "orders_pkey", "Relation Name": "orders", "Alias": "orders", "Startup Cost": 10000000000.0, "Total Cost": 1000073097843.5, "Plan Rows": 14999479, "Plan Width": 32}, {"Node Type": "Materialize", "Parent Relationship": "Inner", "Startup Cost": 10000000000.0, "Total Cost": 1000324381873.21, "Plan Rows": 33034, "Plan Width": 8, "Plans": [{"Node Type": "Aggregate", "Strategy": "Sorted", "Parent Relationship": "Outer", "Startup Cost": 10000000000.0, "Total Cost": 1000324381460.28, "Plan Rows": 33034, "Plan Width": 24, "Group By Key": ["public.lineitem.l_orderkey"], "Filter": "(sum(public.lineitem.l_quantity) > 314::double precision), (LLVM Optimized)", "Plans": [{"Node Type": "Index Scan", "Parent Relationship": "Outer", "Scan Direction": "Forward", "Index Name": "idx_lineitem_orderkey", "Relation Name": "lineitem", "Alias": "lineitem", "Startup Cost": 10000000000.0, "Total Cost": 1000324015374.5, "Plan Rows": 59987033, "Plan Width": 16}]}]}]}, {"Node Type": "Materialize", "Parent Relationship": "Inner", "Startup Cost": 10000000000.0, "Total Cost": 1000008084035.62, "Plan Rows": 1500000, "Plan Width": 27, "Plans": [{"Node Type": "Index Scan", "Parent Relationship": "Outer", "Scan Direction": "Forward", "Index Name": "customer_pkey", "Relation Name": "customer", "Alias": "customer", "Startup Cost": 10000000000.0, "Total Cost": 1000008076535.62, "Plan Rows": 1500000, "Plan Width": 27}]}]}, {"Node Type": "Index Scan", "Parent Relationship": "Inner", "Scan Direction": "Forward", "Index Name": "idx_lineitem_orderkey", "Relation Name": "lineitem", "Alias": "lineitem", "Startup Cost": 10000000000.0, "Total Cost": 1000324015374.5, "Plan Rows": 59987033, "Plan Width": 16}]}]}]}]}, "Unique SQL Id": 1915754155, "Planner Runtime": 2}, "explain_analyze_plan": null}, "(1, '28')": {"explain_plan": {"Plan": {"Node Type": "Limit", "Startup Cost": 2649029.8, "Total Cost": 2649030.05, "Plan Rows": 100, "Plan Width": 59, "Plans": [{"Node Type": "Sort", "Parent Relationship": "Outer", "Startup Cost": 2649029.8, "Total Cost": 2649345.6, "Plan Rows": 100, "Plan Width": 59, "Sort Key": ["orders.o_totalprice DESC", "orders.o_orderdate"], "Plans": [{"Node Type": "Aggregate", "Strategy": "Hashed", "Parent Relationship": "Outer", "Startup Cost": 2642938.69, "Total Cost": 2644201.9, "Plan Rows": 126321, "Plan Width": 59, "Group By Key": ["orders.o_totalprice", "orders.o_orderdate", "customer.c_name", "customer.c_custkey", "orders.o_orderkey"], "Plans": [{"Node Type": "Nested Loop", "Parent Relationship": "Outer", "Join Type": "Inner", "Startup Cost": 2315050.5, "Total Cost": 2641043.88, "Plan Rows": 126321, "Plan Width": 59, "Inner Unique": false, "Plans": [{"Node Type": "Nested Loop", "Parent Relationship": "Outer", "Join Type": "Inner", "Startup Cost": 2315050.5, "Total Cost": 2627700.1, "Plan Rows": 13913, "Plan Width": 59, "Inner Unique": true, "Plans": [{"Node Type": "Nested Loop", "Parent Relationship": "Outer", "Join Type": "Inner", "Startup Cost": 2315050.5, "Total Cost": 2618076.97, "Plan Rows": 33034, "Plan Width": 40, "Inner Unique": true, "Plans": [{"Node Type": "Aggregate", "Strategy": "Hashed", "Parent Relationship": "Outer", "Startup Cost": 2315050.5, "Total Cost": 2381201.11, "Plan Rows": 33034, "Plan Width": 16, "Group By Key": ["public.lineitem.l_orderkey"], "Filter": "(sum(public.lineitem.l_quantity) > 314::double precision), (LLVM Optimized)", "Plans": [{"Node Type": "Seq Scan", "Parent Relationship": "Outer", "Relation Name": "lineitem", "Alias": "lineitem", "Startup Cost": 0.0, "Total Cost": 2015115.33, "Plan Rows": 59987033, "Plan Width": 16}]}, {"Node Type": "Index Scan", "Parent Relationship": "Inner", "Scan Direction": "Forward", "Index Name": "orders_pkey", "Relation Name": "orders", "Alias": "orders", "Startup Cost": 0.0, "Total Cost": 7.15, "Plan Rows": 1, "Plan Width": 32, "Index Cond": "(o_orderkey = public.lineitem.l_orderkey)"}]}, {"Node Type": "Index Scan", "Parent Relationship": "Inner", "Scan Direction": "Forward", "Index Name": "customer_pkey", "Relation Name": "customer", "Alias": "customer", "Startup Cost": 0.0, "Total Cost": 0.28, "Plan Rows": 1, "Plan Width": 27, "Index Cond": "(c_custkey = orders.o_custkey)"}]}, {"Node Type": "Index Scan", "Parent Relationship": "Inner", "Scan Direction": "Forward", "Index Name": "idx_lineitem_orderkey", "Relation Name": "lineitem", "Alias": "lineitem", "Startup Cost": 0.0, "Total Cost": 0.87, "Plan Rows": 9, "Plan Width": 16, "Index Cond": "(l_orderkey = orders.o_orderkey)"}]}]}]}]}, "Unique SQL Id": 1915754155, "Planner Runtime": 1}, "explain_analyze_plan": {"Plan": {"Node Type": "Limit", "Startup Cost": 2649029.8, "Total Cost": 2649030.05, "Plan Rows": 100, "Plan Width": 59, "Actual Startup Time": 51129.008, "Actual Total Time": 51129.027, "Actual Rows": 84, "Actual Loops": 1, "Plans": [{"Node Type": "Sort", "Parent Relationship": "Outer", "Startup Cost": 2649029.8, "Total Cost": 2649345.6, "Plan Rows": 100, "Plan Width": 59, "Actual Startup Time": 51129.006, "Actual Total Time": 51129.015, "Actual Rows": 84, "Actual Loops": 1, "Sort Key": ["orders.o_totalprice DESC", "orders.o_orderdate"], "Sort Method": "quicksort", "Sort Space Used": 38, "Sort Space Type": "Memory", "Plans": [{"Node Type": "Aggregate", "Strategy": "Hashed", "Parent Relationship": "Outer", "Startup Cost": 2642938.69, "Total Cost": 2644201.9, "Plan Rows": 126321, "Plan Width": 59, "Actual Startup Time": 51128.213, "Actual Total Time": 51128.889, "Actual Rows": 84, "Actual Loops": 1, "Group By Key": ["orders.o_totalprice", "orders.o_orderdate", "customer.c_name", "customer.c_custkey", "orders.o_orderkey"], "Plans": [{"Node Type": "Nested Loop", "Parent Relationship": "Outer", "Join Type": "Inner", "Startup Cost": 2315050.5, "Total Cost": 2641043.88, "Plan Rows": 126321, "Plan Width": 59, "Actual Startup Time": 46173.798, "Actual Total Time": 51126.311, "Actual Rows": 588, "Actual Loops": 1, "Inner Unique": false, "Plans": [{"Node Type": "Nested Loop", "Parent Relationship": "Outer", "Join Type": "Inner", "Startup Cost": 2315050.5, "Total Cost": 2627700.1, "Plan Rows": 13913, "Plan Width": 59, "Actual Startup Time": 46173.775, "Actual Total Time": 51124.263, "Actual Rows": 84, "Actual Loops": 1, "Inner Unique": true, "Plans": [{"Node Type": "Nested Loop", "Parent Relationship": "Outer", "Join Type": "Inner", "Startup Cost": 2315050.5, "Total Cost": 2618076.97, "Plan Rows": 33034, "Plan Width": 40, "Actual Startup Time": 46173.751, "Actual Total Time": 51122.995, "Actual Rows": 84, "Actual Loops": 1, "Inner Unique": true, "Plans": [{"Node Type": "Aggregate", "Strategy": "Hashed", "Parent Relationship": "Outer", "Startup Cost": 2315050.5, "Total Cost": 2381201.11, "Plan Rows": 33034, "Plan Width": 16, "Actual Startup Time": 46173.686, "Actual Total Time": 51106.177, "Actual Rows": 84, "Actual Loops": 1, "Group By Key": ["public.lineitem.l_orderkey"], "Filter": "(sum(public.lineitem.l_quantity) > 314::double precision), (LLVM Optimized, Jit Execute)", "Rows Removed by Filter": 14999916, "Plans": [{"Node Type": "Seq Scan", "Parent Relationship": "Outer", "Relation Name": "lineitem", "Alias": "lineitem", "Startup Cost": 0.0, "Total Cost": 2015115.33, "Plan Rows": 59987033, "Plan Width": 16, "Actual Startup Time": 0.043, "Actual Total Time": 19975.008, "Actual Rows": 59986052, "Actual Loops": 1}]}, {"Node Type": "Index Scan", "Parent Relationship": "Inner", "Scan Direction": "Forward", "Index Name": "orders_pkey", "Relation Name": "orders", "Alias": "orders", "Startup Cost": 0.0, "Total Cost": 7.15, "Plan Rows": 1, "Plan Width": 32, "Actual Startup Time": 2.93, "Actual Total Time": 2.93, "Actual Rows": 84, "Actual Loops": 84, "Index Cond": "(o_orderkey = public.lineitem.l_orderkey)", "Rows Removed by Index Recheck": 0}]}, {"Node Type": "Index Scan", "Parent Relationship": "Inner", "Scan Direction": "Forward", "Index Name": "customer_pkey", "Relation Name": "customer", "Alias": "customer", "Startup Cost": 0.0, "Total Cost": 0.28, "Plan Rows": 1, "Plan Width": 27, "Actual Startup Time": 0.906, "Actual Total Time": 0.906, "Actual Rows": 84, "Actual Loops": 84, "Index Cond": "(c_custkey = orders.o_custkey)", "Rows Removed by Index Recheck": 0}]}, {"Node Type": "Index Scan", "Parent Relationship": "Inner", "Scan Direction": "Forward", "Index Name": "idx_lineitem_orderkey", "Relation Name": "lineitem", "Alias": "lineitem", "Startup Cost": 0.0, "Total Cost": 0.87, "Plan Rows": 9, "Plan Width": 16, "Actual Startup Time": 1.165, "Actual Total Time": 1.622, "Actual Rows": 588, "Actual Loops": 84, "Index Cond": "(l_orderkey = orders.o_orderkey)", "Rows Removed by Index Recheck": 0}]}]}]}]}, "Triggers": [], "Planner Runtime": 1.711, "Total Runtime": 51138.586, "Unique SQL Id": 1915754155}}, "(1, '29')": {"explain_plan": {"Plan": {"Node Type": "Limit", "Startup Cost": 3874068.21, "Total Cost": 3874068.46, "Plan Rows": 100, "Plan Width": 59, "Plans": [{"Node Type": "Sort", "Parent Relationship": "Outer", "Startup Cost": 3874068.21, "Total Cost": 3874384.02, "Plan Rows": 100, "Plan Width": 59, "Sort Key": ["orders.o_totalprice DESC", "orders.o_orderdate"], "Plans": [{"Node Type": "Aggregate", "Strategy": "Hashed", "Parent Relationship": "Outer", "Startup Cost": 3867977.11, "Total Cost": 3869240.32, "Plan Rows": 126321, "Plan Width": 59, "Group By Key": ["orders.o_totalprice", "orders.o_orderdate", "customer.c_name", "customer.c_custkey", "orders.o_orderkey"], "Plans": [{"Node Type": "Nested Loop", "Parent Relationship": "Outer", "Join Type": "Inner", "Startup Cost": 0.0, "Total Cost": 3866082.29, "Plan Rows": 126321, "Plan Width": 59, "Inner Unique": false, "Plans": [{"Node Type": "Nested Loop", "Parent Relationship": "Outer", "Join Type": "Inner", "Startup Cost": 0.0, "Total Cost": 3852738.51, "Plan Rows": 13913, "Plan Width": 59, "Inner Unique": true, "Plans": [{"Node Type": "Nested Loop", "Parent Relationship": "Outer", "Join Type": "Inner", "Startup Cost": 0.0, "Total Cost": 3843115.38, "Plan Rows": 33034, "Plan Width": 40, "Inner Unique": true, "Plans": [{"Node Type": "Aggregate", "Strategy": "Sorted", "Parent Relationship": "Outer", "Startup Cost": 0.0, "Total Cost": 3606239.52, "Plan Rows": 33034, "Plan Width": 24, "Group By Key": ["public.lineitem.l_orderkey"], "Filter": "(sum(public.lineitem.l_quantity) > 314::double precision), (LLVM Optimized)", "Plans": [{"Node Type": "Index Scan", "Parent Relationship": "Outer", "Scan Direction": "Forward", "Index Name": "idx_lineitem_orderkey", "Relation Name": "lineitem", "Alias": "lineitem", "Startup Cost": 0.0, "Total Cost": 3240153.75, "Plan Rows": 59987033, "Plan Width": 16}]}, {"Node Type": "Index Scan", "Parent Relationship": "Inner", "Scan Direction": "Forward", "Index Name": "orders_pkey", "Relation Name": "orders", "Alias": "orders", "Startup Cost": 0.0, "Total Cost": 7.15, "Plan Rows": 1, "Plan Width": 32, "Index Cond": "(o_orderkey = public.lineitem.l_orderkey)"}]}, {"Node Type": "Index Scan", "Parent Relationship": "Inner", "Scan Direction": "Forward", "Index Name": "customer_pkey", "Relation Name": "customer", "Alias": "customer", "Startup Cost": 0.0, "Total Cost": 0.28, "Plan Rows": 1, "Plan Width": 27, "Index Cond": "(c_custkey = orders.o_custkey)"}]}, {"Node Type": "Index Scan", "Parent Relationship": "Inner", "Scan Direction": "Forward", "Index Name": "idx_lineitem_orderkey", "Relation Name": "lineitem", "Alias": "lineitem", "Startup Cost": 0.0, "Total Cost": 0.87, "Plan Rows": 9, "Plan Width": 16, "Index Cond": "(l_orderkey = orders.o_orderkey)"}]}]}]}]}, "Unique SQL Id": 1915754155, "Planner Runtime": 1}, "explain_analyze_plan": {"Plan": {"Node Type": "Limit", "Startup Cost": 3874068.21, "Total Cost": 3874068.46, "Plan Rows": 100, "Plan Width": 59, "Actual Startup Time": 50695.002, "Actual Total Time": 50695.017, "Actual Rows": 84, "Actual Loops": 1, "Plans": [{"Node Type": "Sort", "Parent Relationship": "Outer", "Startup Cost": 3874068.21, "Total Cost": 3874384.02, "Plan Rows": 100, "Plan Width": 59, "Actual Startup Time": 50695.0, "Actual Total Time": 50695.004, "Actual Rows": 84, "Actual Loops": 1, "Sort Key": ["orders.o_totalprice DESC", "orders.o_orderdate"], "Sort Method": "quicksort", "Sort Space Used": 38, "Sort Space Type": "Memory", "Plans": [{"Node Type": "Aggregate", "Strategy": "Hashed", "Parent Relationship": "Outer", "Startup Cost": 3867977.11, "Total Cost": 3869240.32, "Plan Rows": 126321, "Plan Width": 59, "Actual Startup Time": 50694.487, "Actual Total Time": 50694.852, "Actual Rows": 84, "Actual Loops": 1, "Group By Key": ["orders.o_totalprice", "orders.o_orderdate", "customer.c_name", "customer.c_custkey", "orders.o_orderkey"], "Plans": [{"Node Type": "Nested Loop", "Parent Relationship": "Outer", "Join Type": "Inner", "Startup Cost": 0.0, "Total Cost": 3866082.29, "Plan Rows": 126321, "Plan Width": 59, "Actual Startup Time": 1159.494, "Actual Total Time": 50691.109, "Actual Rows": 588, "Actual Loops": 1, "Inner Unique": false, "Plans": [{"Node Type": "Nested Loop", "Parent Relationship": "Outer", "Join Type": "Inner", "Startup Cost": 0.0, "Total Cost": 3852738.51, "Plan Rows": 13913, "Plan Width": 59, "Actual Startup Time": 1159.473, "Actual Total Time": 50688.867, "Actual Rows": 84, "Actual Loops": 1, "Inner Unique": true, "Plans": [{"Node Type": "Nested Loop", "Parent Relationship": "Outer", "Join Type": "Inner", "Startup Cost": 0.0, "Total Cost": 3843115.38, "Plan Rows": 33034, "Plan Width": 40, "Actual Startup Time": 1159.448, "Actual Total Time": 50687.006, "Actual Rows": 84, "Actual Loops": 1, "Inner Unique": true, "Plans": [{"Node Type": "Aggregate", "Strategy": "Sorted", "Parent Relationship": "Outer", "Startup Cost": 0.0, "Total Cost": 3606239.52, "Plan Rows": 33034, "Plan Width": 24, "Actual Startup Time": 1159.408, "Actual Total Time": 50684.063, "Actual Rows": 84, "Actual Loops": 1, "Group By Key": ["public.lineitem.l_orderkey"], "Filter": "(sum(public.lineitem.l_quantity) > 314::double precision), (LLVM Optimized, Jit Execute)", "Rows Removed by Filter": 14999916, "Plans": [{"Node Type": "Index Scan", "Parent Relationship": "Outer", "Scan Direction": "Forward", "Index Name": "idx_lineitem_orderkey", "Relation Name": "lineitem", "Alias": "lineitem", "Startup Cost": 0.0, "Total Cost": 3240153.75, "Plan Rows": 59987033, "Plan Width": 16, "Actual Startup Time": 0.029, "Actual Total Time": 30275.076, "Actual Rows": 59986052, "Actual Loops": 1}]}, {"Node Type": "Index Scan", "Parent Relationship": "Inner", "Scan Direction": "Forward", "Index Name": "orders_pkey", "Relation Name": "orders", "Alias": "orders", "Startup Cost": 0.0, "Total Cost": 7.15, "Plan Rows": 1, "Plan Width": 32, "Actual Startup Time": 1.994, "Actual Total Time": 1.994, "Actual Rows": 84, "Actual Loops": 84, "Index Cond": "(o_orderkey = public.lineitem.l_orderkey)", "Rows Removed by Index Recheck": 0}]}, {"Node Type": "Index Scan", "Parent Relationship": "Inner", "Scan Direction": "Forward", "Index Name": "customer_pkey", "Relation Name": "customer", "Alias": "customer", "Startup Cost": 0.0, "Total Cost": 0.28, "Plan Rows": 1, "Plan Width": 27, "Actual Startup Time": 1.278, "Actual Total Time": 1.278, "Actual Rows": 84, "Actual Loops": 84, "Index Cond": "(c_custkey = orders.o_custkey)", "Rows Removed by Index Recheck": 0}]}, {"Node Type": "Index Scan", "Parent Relationship": "Inner", "Scan Direction": "Forward", "Index Name": "idx_lineitem_orderkey", "Relation Name": "lineitem", "Alias": "lineitem", "Startup Cost": 0.0, "Total Cost": 0.87, "Plan Rows": 9, "Plan Width": 16, "Actual Startup Time": 0.938, "Actual Total Time": 1.562, "Actual Rows": 588, "Actual Loops": 84, "Index Cond": "(l_orderkey = orders.o_orderkey)", "Rows Removed by Index Recheck": 0}]}]}]}]}, "Triggers": [], "Planner Runtime": 1.698, "Total Runtime": 50704.506, "Unique SQL Id": 1915754155}}, "(1, '30')": {"explain_plan": {"Plan": {"Node Type": "Limit", "Startup Cost": 14964595.16, "Total Cost": 14964595.41, "Plan Rows": 100, "Plan Width": 59, "Plans": [{"Node Type": "Sort", "Parent Relationship": "Outer", "Startup Cost": 14964595.16, "Total Cost": 14964910.97, "Plan Rows": 100, "Plan Width": 59, "Sort Key": ["orders.o_totalprice DESC", "orders.o_orderdate"], "Plans": [{"Node Type": "Aggregate", "Strategy": "Hashed", "Parent Relationship": "Outer", "Startup Cost": 14958504.05, "Total Cost": 14959767.26, "Plan Rows": 126321, "Plan Width": 59, "Group By Key": ["orders.o_totalprice", "orders.o_orderdate", "customer.c_name", "customer.c_custkey", "orders.o_orderkey"], "Plans": [{"Node Type": "Merge Join", "Parent Relationship": "Outer", "Join Type": "Inner", "Startup Cost": 14656052.99, "Total Cost": 14956609.24, "Plan Rows": 126321, "Plan Width": 59, "Inner Unique": false, "Merge Cond": "(orders.o_orderkey = public.lineitem.l_orderkey)", "Plans": [{"Node Type": "Sort", "Parent Relationship": "Outer", "Startup Cost": 4891168.67, "Total Cost": 4891203.45, "Plan Rows": 13913, "Plan Width": 59, "Sort Key": ["orders.o_orderkey"], "Plans": [{"Node Type": "Merge Join", "Parent Relationship": "Outer", "Join Type": "Inner", "Startup Cost": 4882215.87, "Total Cost": 4890211.17, "Plan Rows": 13913, "Plan Width": 59, "Inner Unique": true, "Merge Cond": "(orders.o_custkey = customer.c_custkey)", "Plans": [{"Node Type": "Sort", "Parent Relationship": "Outer", "Startup Cost": 4676215.68, "Total Cost": 4676298.26, "Plan Rows": 33034, "Plan Width": 40, "Sort Key": ["orders.o_custkey"], "Plans": [{"Node Type": "Merge Join", "Parent Relationship": "Outer", "Join Type": "Semi", "Startup Cost": 4598243.3, "Total Cost": 4673736.2, "Plan Rows": 33034, "Plan Width": 40, "Inner Unique": false, "Merge Cond": "(orders.o_orderkey = public.lineitem.l_orderkey)", "Plans": [{"Node Type": "Sort", "Parent Relationship": "Outer", "Startup Cost": 2214232.37, "Total Cost": 2251731.07, "Plan Rows": 14999479, "Plan Width": 32, "Sort Key": ["orders.o_orderkey"], "Plans": [{"Node Type": "Seq Scan", "Parent Relationship": "Outer", "Relation Name": "orders", "Alias": "orders", "Startup Cost": 0.0, "Total Cost": 426413.79, "Plan Rows": 14999479, "Plan Width": 32}]}, {"Node Type": "Sort", "Parent Relationship": "Inner", "Startup Cost": 2384010.93, "Total Cost": 2384093.51, "Plan Rows": 33034, "Plan Width": 8, "Sort Key": ["public.lineitem.l_orderkey"], "Plans": [{"Node Type": "Aggregate", "Strategy": "Hashed", "Parent Relationship": "Outer", "Startup Cost": 2315050.5, "Total Cost": 2381201.11, "Plan Rows": 33034, "Plan Width": 16, "Group By Key": ["public.lineitem.l_orderkey"], "Filter": "(sum(public.lineitem.l_quantity) > 314::double precision), (LLVM Optimized)", "Plans": [{"Node Type": "Seq Scan", "Parent Relationship": "Outer", "Relation Name": "lineitem", "Alias": "lineitem", "Startup Cost": 0.0, "Total Cost": 2015115.33, "Plan Rows": 59987033, "Plan Width": 16}]}]}]}]}, {"Node Type": "Sort", "Parent Relationship": "Inner", "Startup Cost": 205999.98, "Total Cost": 209749.98, "Plan Rows": 1500000, "Plan Width": 27, "Sort Key": ["customer.c_custkey"], "Plans": [{"Node Type": "Seq Scan", "Parent Relationship": "Outer", "Relation Name": "customer", "Alias": "customer", "Startup Cost": 0.0, "Total Cost": 52126.0, "Plan Rows": 1500000, "Plan Width": 27}]}]}]}, {"Node Type": "Sort", "Parent Relationship": "Inner", "Startup Cost": 9764884.32, "Total Cost": 9914851.9, "Plan Rows": 59987033, "Plan Width": 16, "Sort Key": ["public.lineitem.l_orderkey"], "Plans": [{"Node Type": "Seq Scan", "Parent Relationship": "Outer", "Relation Name": "lineitem", "Alias": "lineitem", "Startup Cost": 0.0, "Total Cost": 2015115.33, "Plan Rows": 59987033, "Plan Width": 16}]}]}]}]}]}, "Unique SQL Id": 1915754155, "Planner Runtime": 1}, "explain_analyze_plan": null}, "(1, '31')": {"explain_plan": {"Plan": {"Node Type": "Limit", "Startup Cost": 4001456874550.92, "Total Cost": 4001456874551.17, "Plan Rows": 100, "Plan Width": 59, "Plans": [{"Node Type": "Sort", "Parent Relationship": "Outer", "Startup Cost": 4001456874550.92, "Total Cost": 4001456874866.72, "Plan Rows": 100, "Plan Width": 59, "Sort Key": ["orders.o_totalprice DESC", "orders.o_orderdate"], "Plans": [{"Node Type": "Aggregate", "Strategy": "Hashed", "Parent Relationship": "Outer", "Startup Cost": 4001456868459.81, "Total Cost": 4001456869723.02, "Plan Rows": 126321, "Plan Width": 59, "Group By Key": ["orders.o_totalprice", "orders.o_orderdate", "customer.c_name", "customer.c_custkey", "orders.o_orderkey"], "Plans": [{"Node Type": "Merge Join", "Parent Relationship": "Outer", "Join Type": "Inner", "Startup Cost": 40213551991.87, "Total Cost": 4001456866565.0, "Plan Rows": 126321, "Plan Width": 59, "Inner Unique": false, "Merge Cond": "(orders.o_orderkey = public.lineitem.l_orderkey)", "Plans": [{"Node Type": "Nested Loop", "Parent Relationship": "Outer", "Join Type": "Inner", "Startup Cost": 30000000000.0, "Total Cost": 3001148862913.95, "Plan Rows": 13913, "Plan Width": 59, "Inner Unique": true, "Join Filter": "(orders.o_custkey = customer.c_custkey)", "Plans": [{"Node Type": "Merge Join", "Parent Relationship": "Outer", "Join Type": "Semi", "Startup Cost": 20000000000.0, "Total Cost": 2000397517628.33, "Plan Rows": 33034, "Plan Width": 40, "Inner Unique": false, "Merge Cond": "(orders.o_orderkey = public.lineitem.l_orderkey)", "Plans": [{"Node Type": "Index Scan", "Parent Relationship": "Outer", "Scan Direction": "Forward", "Index Name": "orders_pkey", "Relation Name": "orders", "Alias": "orders", "Startup Cost": 10000000000.0, "Total Cost": 1000073097843.5, "Plan Rows": 14999479, "Plan Width": 32}, {"Node Type": "Materialize", "Parent Relationship": "Inner", "Startup Cost": 10000000000.0, "Total Cost": 1000324381873.21, "Plan Rows": 33034, "Plan Width": 8, "Plans": [{"Node Type": "Aggregate", "Strategy": "Sorted", "Parent Relationship": "Outer", "Startup Cost": 10000000000.0, "Total Cost": 1000324381460.28, "Plan Rows": 33034, "Plan Width": 24, "Group By Key": ["public.lineitem.l_orderkey"], "Filter": "(sum(public.lineitem.l_quantity) > 314::double precision), (LLVM Optimized)", "Plans": [{"Node Type": "Index Scan", "Parent Relationship": "Outer", "Scan Direction": "Forward", "Index Name": "idx_lineitem_orderkey", "Relation Name": "lineitem", "Alias": "lineitem", "Startup Cost": 10000000000.0, "Total Cost": 1000324015374.5, "Plan Rows": 59987033, "Plan Width": 16}]}]}]}, {"Node Type": "Materialize", "Parent Relationship": "Inner", "Startup Cost": 10000000000.0, "Total Cost": 1000008084035.62, "Plan Rows": 1500000, "Plan Width": 27, "Plans": [{"Node Type": "Index Scan", "Parent Relationship": "Outer", "Scan Direction": "Forward", "Index Name": "customer_pkey", "Relation Name": "customer", "Alias": "customer", "Startup Cost": 10000000000.0, "Total Cost": 1000008076535.62, "Plan Rows": 1500000, "Plan Width": 27}]}]}, {"Node Type": "Index Scan", "Parent Relationship": "Inner", "Scan Direction": "Forward", "Index Name": "idx_lineitem_orderkey", "Relation Name": "lineitem", "Alias": "lineitem", "Startup Cost": 10000000000.0, "Total Cost": 1000324015374.5, "Plan Rows": 59987033, "Plan Width": 16}]}]}]}]}, "Unique SQL Id": 1915754155, "Planner Runtime": 1}, "explain_analyze_plan": null}, "(1, '32')": {"explain_plan": {"Plan": {"Node Type": "Limit", "Startup Cost": 2649029.8, "Total Cost": 2649030.05, "Plan Rows": 100, "Plan Width": 59, "Plans": [{"Node Type": "Sort", "Parent Relationship": "Outer", "Startup Cost": 2649029.8, "Total Cost": 2649345.6, "Plan Rows": 100, "Plan Width": 59, "Sort Key": ["orders.o_totalprice DESC", "orders.o_orderdate"], "Plans": [{"Node Type": "Aggregate", "Strategy": "Hashed", "Parent Relationship": "Outer", "Startup Cost": 2642938.69, "Total Cost": 2644201.9, "Plan Rows": 126321, "Plan Width": 59, "Group By Key": ["orders.o_totalprice", "orders.o_orderdate", "customer.c_name", "customer.c_custkey", "orders.o_orderkey"], "Plans": [{"Node Type": "Nested Loop", "Parent Relationship": "Outer", "Join Type": "Inner", "Startup Cost": 2315050.5, "Total Cost": 2641043.88, "Plan Rows": 126321, "Plan Width": 59, "Inner Unique": false, "Plans": [{"Node Type": "Nested Loop", "Parent Relationship": "Outer", "Join Type": "Inner", "Startup Cost": 2315050.5, "Total Cost": 2627700.1, "Plan Rows": 13913, "Plan Width": 59, "Inner Unique": true, "Plans": [{"Node Type": "Nested Loop", "Parent Relationship": "Outer", "Join Type": "Inner", "Startup Cost": 2315050.5, "Total Cost": 2618076.97, "Plan Rows": 33034, "Plan Width": 40, "Inner Unique": true, "Plans": [{"Node Type": "Aggregate", "Strategy": "Hashed", "Parent Relationship": "Outer", "Startup Cost": 2315050.5, "Total Cost": 2381201.11, "Plan Rows": 33034, "Plan Width": 16, "Group By Key": ["public.lineitem.l_orderkey"], "Filter": "(sum(public.lineitem.l_quantity) > 314::double precision), (LLVM Optimized)", "Plans": [{"Node Type": "Seq Scan", "Parent Relationship": "Outer", "Relation Name": "lineitem", "Alias": "lineitem", "Startup Cost": 0.0, "Total Cost": 2015115.33, "Plan Rows": 59987033, "Plan Width": 16}]}, {"Node Type": "Index Scan", "Parent Relationship": "Inner", "Scan Direction": "Forward", "Index Name": "orders_pkey", "Relation Name": "orders", "Alias": "orders", "Startup Cost": 0.0, "Total Cost": 7.15, "Plan Rows": 1, "Plan Width": 32, "Index Cond": "(o_orderkey = public.lineitem.l_orderkey)"}]}, {"Node Type": "Index Scan", "Parent Relationship": "Inner", "Scan Direction": "Forward", "Index Name": "customer_pkey", "Relation Name": "customer", "Alias": "customer", "Startup Cost": 0.0, "Total Cost": 0.28, "Plan Rows": 1, "Plan Width": 27, "Index Cond": "(c_custkey = orders.o_custkey)"}]}, {"Node Type": "Index Scan", "Parent Relationship": "Inner", "Scan Direction": "Forward", "Index Name": "idx_lineitem_orderkey", "Relation Name": "lineitem", "Alias": "lineitem", "Startup Cost": 0.0, "Total Cost": 0.87, "Plan Rows": 9, "Plan Width": 16, "Index Cond": "(l_orderkey = orders.o_orderkey)"}]}]}]}]}, "Unique SQL Id": 1915754155, "Planner Runtime": 0}, "explain_analyze_plan": {"Plan": {"Node Type": "Limit", "Startup Cost": 2649029.8, "Total Cost": 2649030.05, "Plan Rows": 100, "Plan Width": 59, "Actual Startup Time": 51129.008, "Actual Total Time": 51129.027, "Actual Rows": 84, "Actual Loops": 1, "Plans": [{"Node Type": "Sort", "Parent Relationship": "Outer", "Startup Cost": 2649029.8, "Total Cost": 2649345.6, "Plan Rows": 100, "Plan Width": 59, "Actual Startup Time": 51129.006, "Actual Total Time": 51129.015, "Actual Rows": 84, "Actual Loops": 1, "Sort Key": ["orders.o_totalprice DESC", "orders.o_orderdate"], "Sort Method": "quicksort", "Sort Space Used": 38, "Sort Space Type": "Memory", "Plans": [{"Node Type": "Aggregate", "Strategy": "Hashed", "Parent Relationship": "Outer", "Startup Cost": 2642938.69, "Total Cost": 2644201.9, "Plan Rows": 126321, "Plan Width": 59, "Actual Startup Time": 51128.213, "Actual Total Time": 51128.889, "Actual Rows": 84, "Actual Loops": 1, "Group By Key": ["orders.o_totalprice", "orders.o_orderdate", "customer.c_name", "customer.c_custkey", "orders.o_orderkey"], "Plans": [{"Node Type": "Nested Loop", "Parent Relationship": "Outer", "Join Type": "Inner", "Startup Cost": 2315050.5, "Total Cost": 2641043.88, "Plan Rows": 126321, "Plan Width": 59, "Actual Startup Time": 46173.798, "Actual Total Time": 51126.311, "Actual Rows": 588, "Actual Loops": 1, "Inner Unique": false, "Plans": [{"Node Type": "Nested Loop", "Parent Relationship": "Outer", "Join Type": "Inner", "Startup Cost": 2315050.5, "Total Cost": 2627700.1, "Plan Rows": 13913, "Plan Width": 59, "Actual Startup Time": 46173.775, "Actual Total Time": 51124.263, "Actual Rows": 84, "Actual Loops": 1, "Inner Unique": true, "Plans": [{"Node Type": "Nested Loop", "Parent Relationship": "Outer", "Join Type": "Inner", "Startup Cost": 2315050.5, "Total Cost": 2618076.97, "Plan Rows": 33034, "Plan Width": 40, "Actual Startup Time": 46173.751, "Actual Total Time": 51122.995, "Actual Rows": 84, "Actual Loops": 1, "Inner Unique": true, "Plans": [{"Node Type": "Aggregate", "Strategy": "Hashed", "Parent Relationship": "Outer", "Startup Cost": 2315050.5, "Total Cost": 2381201.11, "Plan Rows": 33034, "Plan Width": 16, "Actual Startup Time": 46173.686, "Actual Total Time": 51106.177, "Actual Rows": 84, "Actual Loops": 1, "Group By Key": ["public.lineitem.l_orderkey"], "Filter": "(sum(public.lineitem.l_quantity) > 314::double precision), (LLVM Optimized, Jit Execute)", "Rows Removed by Filter": 14999916, "Plans": [{"Node Type": "Seq Scan", "Parent Relationship": "Outer", "Relation Name": "lineitem", "Alias": "lineitem", "Startup Cost": 0.0, "Total Cost": 2015115.33, "Plan Rows": 59987033, "Plan Width": 16, "Actual Startup Time": 0.043, "Actual Total Time": 19975.008, "Actual Rows": 59986052, "Actual Loops": 1}]}, {"Node Type": "Index Scan", "Parent Relationship": "Inner", "Scan Direction": "Forward", "Index Name": "orders_pkey", "Relation Name": "orders", "Alias": "orders", "Startup Cost": 0.0, "Total Cost": 7.15, "Plan Rows": 1, "Plan Width": 32, "Actual Startup Time": 2.93, "Actual Total Time": 2.93, "Actual Rows": 84, "Actual Loops": 84, "Index Cond": "(o_orderkey = public.lineitem.l_orderkey)", "Rows Removed by Index Recheck": 0}]}, {"Node Type": "Index Scan", "Parent Relationship": "Inner", "Scan Direction": "Forward", "Index Name": "customer_pkey", "Relation Name": "customer", "Alias": "customer", "Startup Cost": 0.0, "Total Cost": 0.28, "Plan Rows": 1, "Plan Width": 27, "Actual Startup Time": 0.906, "Actual Total Time": 0.906, "Actual Rows": 84, "Actual Loops": 84, "Index Cond": "(c_custkey = orders.o_custkey)", "Rows Removed by Index Recheck": 0}]}, {"Node Type": "Index Scan", "Parent Relationship": "Inner", "Scan Direction": "Forward", "Index Name": "idx_lineitem_orderkey", "Relation Name": "lineitem", "Alias": "lineitem", "Startup Cost": 0.0, "Total Cost": 0.87, "Plan Rows": 9, "Plan Width": 16, "Actual Startup Time": 1.165, "Actual Total Time": 1.622, "Actual Rows": 588, "Actual Loops": 84, "Index Cond": "(l_orderkey = orders.o_orderkey)", "Rows Removed by Index Recheck": 0}]}]}]}]}, "Triggers": [], "Planner Runtime": 1.711, "Total Runtime": 51138.586, "Unique SQL Id": 1915754155}}, "(1, '33')": {"explain_plan": {"Plan": {"Node Type": "Limit", "Startup Cost": 3874068.21, "Total Cost": 3874068.46, "Plan Rows": 100, "Plan Width": 59, "Plans": [{"Node Type": "Sort", "Parent Relationship": "Outer", "Startup Cost": 3874068.21, "Total Cost": 3874384.02, "Plan Rows": 100, "Plan Width": 59, "Sort Key": ["orders.o_totalprice DESC", "orders.o_orderdate"], "Plans": [{"Node Type": "Aggregate", "Strategy": "Hashed", "Parent Relationship": "Outer", "Startup Cost": 3867977.11, "Total Cost": 3869240.32, "Plan Rows": 126321, "Plan Width": 59, "Group By Key": ["orders.o_totalprice", "orders.o_orderdate", "customer.c_name", "customer.c_custkey", "orders.o_orderkey"], "Plans": [{"Node Type": "Nested Loop", "Parent Relationship": "Outer", "Join Type": "Inner", "Startup Cost": 0.0, "Total Cost": 3866082.29, "Plan Rows": 126321, "Plan Width": 59, "Inner Unique": false, "Plans": [{"Node Type": "Nested Loop", "Parent Relationship": "Outer", "Join Type": "Inner", "Startup Cost": 0.0, "Total Cost": 3852738.51, "Plan Rows": 13913, "Plan Width": 59, "Inner Unique": true, "Plans": [{"Node Type": "Nested Loop", "Parent Relationship": "Outer", "Join Type": "Inner", "Startup Cost": 0.0, "Total Cost": 3843115.38, "Plan Rows": 33034, "Plan Width": 40, "Inner Unique": true, "Plans": [{"Node Type": "Aggregate", "Strategy": "Sorted", "Parent Relationship": "Outer", "Startup Cost": 0.0, "Total Cost": 3606239.52, "Plan Rows": 33034, "Plan Width": 24, "Group By Key": ["public.lineitem.l_orderkey"], "Filter": "(sum(public.lineitem.l_quantity) > 314::double precision), (LLVM Optimized)", "Plans": [{"Node Type": "Index Scan", "Parent Relationship": "Outer", "Scan Direction": "Forward", "Index Name": "idx_lineitem_orderkey", "Relation Name": "lineitem", "Alias": "lineitem", "Startup Cost": 0.0, "Total Cost": 3240153.75, "Plan Rows": 59987033, "Plan Width": 16}]}, {"Node Type": "Index Scan", "Parent Relationship": "Inner", "Scan Direction": "Forward", "Index Name": "orders_pkey", "Relation Name": "orders", "Alias": "orders", "Startup Cost": 0.0, "Total Cost": 7.15, "Plan Rows": 1, "Plan Width": 32, "Index Cond": "(o_orderkey = public.lineitem.l_orderkey)"}]}, {"Node Type": "Index Scan", "Parent Relationship": "Inner", "Scan Direction": "Forward", "Index Name": "customer_pkey", "Relation Name": "customer", "Alias": "customer", "Startup Cost": 0.0, "Total Cost": 0.28, "Plan Rows": 1, "Plan Width": 27, "Index Cond": "(c_custkey = orders.o_custkey)"}]}, {"Node Type": "Index Scan", "Parent Relationship": "Inner", "Scan Direction": "Forward", "Index Name": "idx_lineitem_orderkey", "Relation Name": "lineitem", "Alias": "lineitem", "Startup Cost": 0.0, "Total Cost": 0.87, "Plan Rows": 9, "Plan Width": 16, "Index Cond": "(l_orderkey = orders.o_orderkey)"}]}]}]}]}, "Unique SQL Id": 1915754155, "Planner Runtime": 0}, "explain_analyze_plan": {"Plan": {"Node Type": "Limit", "Startup Cost": 3874068.21, "Total Cost": 3874068.46, "Plan Rows": 100, "Plan Width": 59, "Actual Startup Time": 50695.002, "Actual Total Time": 50695.017, "Actual Rows": 84, "Actual Loops": 1, "Plans": [{"Node Type": "Sort", "Parent Relationship": "Outer", "Startup Cost": 3874068.21, "Total Cost": 3874384.02, "Plan Rows": 100, "Plan Width": 59, "Actual Startup Time": 50695.0, "Actual Total Time": 50695.004, "Actual Rows": 84, "Actual Loops": 1, "Sort Key": ["orders.o_totalprice DESC", "orders.o_orderdate"], "Sort Method": "quicksort", "Sort Space Used": 38, "Sort Space Type": "Memory", "Plans": [{"Node Type": "Aggregate", "Strategy": "Hashed", "Parent Relationship": "Outer", "Startup Cost": 3867977.11, "Total Cost": 3869240.32, "Plan Rows": 126321, "Plan Width": 59, "Actual Startup Time": 50694.487, "Actual Total Time": 50694.852, "Actual Rows": 84, "Actual Loops": 1, "Group By Key": ["orders.o_totalprice", "orders.o_orderdate", "customer.c_name", "customer.c_custkey", "orders.o_orderkey"], "Plans": [{"Node Type": "Nested Loop", "Parent Relationship": "Outer", "Join Type": "Inner", "Startup Cost": 0.0, "Total Cost": 3866082.29, "Plan Rows": 126321, "Plan Width": 59, "Actual Startup Time": 1159.494, "Actual Total Time": 50691.109, "Actual Rows": 588, "Actual Loops": 1, "Inner Unique": false, "Plans": [{"Node Type": "Nested Loop", "Parent Relationship": "Outer", "Join Type": "Inner", "Startup Cost": 0.0, "Total Cost": 3852738.51, "Plan Rows": 13913, "Plan Width": 59, "Actual Startup Time": 1159.473, "Actual Total Time": 50688.867, "Actual Rows": 84, "Actual Loops": 1, "Inner Unique": true, "Plans": [{"Node Type": "Nested Loop", "Parent Relationship": "Outer", "Join Type": "Inner", "Startup Cost": 0.0, "Total Cost": 3843115.38, "Plan Rows": 33034, "Plan Width": 40, "Actual Startup Time": 1159.448, "Actual Total Time": 50687.006, "Actual Rows": 84, "Actual Loops": 1, "Inner Unique": true, "Plans": [{"Node Type": "Aggregate", "Strategy": "Sorted", "Parent Relationship": "Outer", "Startup Cost": 0.0, "Total Cost": 3606239.52, "Plan Rows": 33034, "Plan Width": 24, "Actual Startup Time": 1159.408, "Actual Total Time": 50684.063, "Actual Rows": 84, "Actual Loops": 1, "Group By Key": ["public.lineitem.l_orderkey"], "Filter": "(sum(public.lineitem.l_quantity) > 314::double precision), (LLVM Optimized, Jit Execute)", "Rows Removed by Filter": 14999916, "Plans": [{"Node Type": "Index Scan", "Parent Relationship": "Outer", "Scan Direction": "Forward", "Index Name": "idx_lineitem_orderkey", "Relation Name": "lineitem", "Alias": "lineitem", "Startup Cost": 0.0, "Total Cost": 3240153.75, "Plan Rows": 59987033, "Plan Width": 16, "Actual Startup Time": 0.029, "Actual Total Time": 30275.076, "Actual Rows": 59986052, "Actual Loops": 1}]}, {"Node Type": "Index Scan", "Parent Relationship": "Inner", "Scan Direction": "Forward", "Index Name": "orders_pkey", "Relation Name": "orders", "Alias": "orders", "Startup Cost": 0.0, "Total Cost": 7.15, "Plan Rows": 1, "Plan Width": 32, "Actual Startup Time": 1.994, "Actual Total Time": 1.994, "Actual Rows": 84, "Actual Loops": 84, "Index Cond": "(o_orderkey = public.lineitem.l_orderkey)", "Rows Removed by Index Recheck": 0}]}, {"Node Type": "Index Scan", "Parent Relationship": "Inner", "Scan Direction": "Forward", "Index Name": "customer_pkey", "Relation Name": "customer", "Alias": "customer", "Startup Cost": 0.0, "Total Cost": 0.28, "Plan Rows": 1, "Plan Width": 27, "Actual Startup Time": 1.278, "Actual Total Time": 1.278, "Actual Rows": 84, "Actual Loops": 84, "Index Cond": "(c_custkey = orders.o_custkey)", "Rows Removed by Index Recheck": 0}]}, {"Node Type": "Index Scan", "Parent Relationship": "Inner", "Scan Direction": "Forward", "Index Name": "idx_lineitem_orderkey", "Relation Name": "lineitem", "Alias": "lineitem", "Startup Cost": 0.0, "Total Cost": 0.87, "Plan Rows": 9, "Plan Width": 16, "Actual Startup Time": 0.938, "Actual Total Time": 1.562, "Actual Rows": 588, "Actual Loops": 84, "Index Cond": "(l_orderkey = orders.o_orderkey)", "Rows Removed by Index Recheck": 0}]}]}]}]}, "Triggers": [], "Planner Runtime": 1.698, "Total Runtime": 50704.506, "Unique SQL Id": 1915754155}}, "(1, '34')": {"explain_plan": {"Plan": {"Node Type": "Limit", "Startup Cost": 2768625.52, "Total Cost": 2768625.77, "Plan Rows": 100, "Plan Width": 59, "Plans": [{"Node Type": "Sort", "Parent Relationship": "Outer", "Startup Cost": 2768625.52, "Total Cost": 2768941.33, "Plan Rows": 100, "Plan Width": 59, "Sort Key": ["orders.o_totalprice DESC", "orders.o_orderdate"], "Plans": [{"Node Type": "Aggregate", "Strategy": "Hashed", "Parent Relationship": "Outer", "Startup Cost": 2762534.42, "Total Cost": 2763797.63, "Plan Rows": 126321, "Plan Width": 59, "Group By Key": ["orders.o_totalprice", "orders.o_orderdate", "customer.c_name", "customer.c_custkey", "orders.o_orderkey"], "Plans": [{"Node Type": "Nested Loop", "Parent Relationship": "Outer", "Join Type": "Inner", "Startup Cost": 2385930.24, "Total Cost": 2760639.6, "Plan Rows": 126321, "Plan Width": 59, "Inner Unique": false, "Plans": [{"Node Type": "Hash Join", "Parent Relationship": "Outer", "Join Type": "Inner", "Startup Cost": 2385929.86, "Total Cost": 2696863.45, "Plan Rows": 13913, "Plan Width": 59, "Inner Unique": true, "Hash Cond": "(orders.o_custkey = customer.c_custkey)", "Plans": [{"Node Type": "Nested Loop", "Parent Relationship": "Outer", "Join Type": "Inner", "Startup Cost": 2315053.86, "Total Cost": 2625533.23, "Plan Rows": 33034, "Plan Width": 40, "Inner Unique": true, "Plans": [{"Node Type": "Aggregate", "Strategy": "Hashed", "Parent Relationship": "Outer", "Startup Cost": 2315050.5, "Total Cost": 2381201.11, "Plan Rows": 33034, "Plan Width": 16, "Group By Key": ["public.lineitem.l_orderkey"], "Filter": "(sum(public.lineitem.l_quantity) > 314::double precision), (LLVM Optimized)", "Plans": [{"Node Type": "Seq Scan", "Parent Relationship": "Outer", "Relation Name": "lineitem", "Alias": "lineitem", "Startup Cost": 0.0, "Total Cost": 2015115.33, "Plan Rows": 59987033, "Plan Width": 16}]}, {"Node Type": "Bitmap Heap Scan", "Parent Relationship": "Inner", "Relation Name": "orders", "Alias": "orders", "Startup Cost": 3.36, "Total Cost": 7.38, "Plan Rows": 1, "Plan Width": 32, "Recheck Cond": "(o_orderkey = public.lineitem.l_orderkey)", "Plans": [{"Node Type": "Bitmap Index Scan", "Parent Relationship": "Outer", "Index Name": "orders_pkey", "Startup Cost": 0.0, "Total Cost": 3.36, "Plan Rows": 1, "Plan Width": 0, "Index Cond": "(o_orderkey = public.lineitem.l_orderkey)"}]}]}, {"Node Type": "Hash", "Parent Relationship": "Inner", "Startup Cost": 52126.0, "Total Cost": 52126.0, "Plan Rows": 1500000, "Plan Width": 27, "Plans": [{"Node Type": "Seq Scan", "Parent Relationship": "Outer", "Relation Name": "customer", "Alias": "customer", "Startup Cost": 0.0, "Total Cost": 52126.0, "Plan Rows": 1500000, "Plan Width": 27}]}]}, {"Node Type": "Bitmap Heap Scan", "Parent Relationship": "Inner", "Relation Name": "lineitem", "Alias": "lineitem", "Startup Cost": 0.38, "Total Cost": 4.49, "Plan Rows": 9, "Plan Width": 16, "Recheck Cond": "(l_orderkey = orders.o_orderkey)", "Plans": [{"Node Type": "Bitmap Index Scan", "Parent Relationship": "Outer", "Index Name": "idx_lineitem_orderkey", "Startup Cost": 0.0, "Total Cost": 0.38, "Plan Rows": 9, "Plan Width": 0, "Index Cond": "(l_orderkey = orders.o_orderkey)"}]}]}]}]}]}, "Unique SQL Id": 1915754155, "Planner Runtime": 0}, "explain_analyze_plan": {"Plan": {"Node Type": "Limit", "Startup Cost": 2768625.52, "Total Cost": 2768625.77, "Plan Rows": 100, "Plan Width": 59, "Actual Startup Time": 59611.881, "Actual Total Time": 59611.895, "Actual Rows": 84, "Actual Loops": 1, "Plans": [{"Node Type": "Sort", "Parent Relationship": "Outer", "Startup Cost": 2768625.52, "Total Cost": 2768941.33, "Plan Rows": 100, "Plan Width": 59, "Actual Startup Time": 59611.878, "Actual Total Time": 59611.879, "Actual Rows": 84, "Actual Loops": 1, "Sort Key": ["orders.o_totalprice DESC", "orders.o_orderdate"], "Sort Method": "quicksort", "Sort Space Used": 38, "Sort Space Type": "Memory", "Plans": [{"Node Type": "Aggregate", "Strategy": "Hashed", "Parent Relationship": "Outer", "Startup Cost": 2762534.42, "Total Cost": 2763797.63, "Plan Rows": 126321, "Plan Width": 59, "Actual Startup Time": 59611.463, "Actual Total Time": 59611.783, "Actual Rows": 84, "Actual Loops": 1, "Group By Key": ["orders.o_totalprice", "orders.o_orderdate", "customer.c_name", "customer.c_custkey", "orders.o_orderkey"], "Plans": [{"Node Type": "Nested Loop", "Parent Relationship": "Outer", "Join Type": "Inner", "Startup Cost": 2385930.24, "Total Cost": 2760639.6, "Plan Rows": 126321, "Plan Width": 59, "Actual Startup Time": 50843.345, "Actual Total Time": 59609.843, "Actual Rows": 588, "Actual Loops": 1, "Inner Unique": false, "Plans": [{"Node Type": "Hash Join", "Parent Relationship": "Outer", "Join Type": "Inner", "Startup Cost": 2385929.86, "Total Cost": 2696863.45, "Plan Rows": 13913, "Plan Width": 59, "Actual Startup Time": 50843.294, "Actual Total Time": 59603.085, "Actual Rows": 84, "Actual Loops": 1, "Inner Unique": true, "Hash Cond": "(orders.o_custkey = customer.c_custkey)", "Plans": [{"Node Type": "Nested Loop", "Parent Relationship": "Outer", "Join Type": "Inner", "Startup Cost": 2315053.86, "Total Cost": 2625533.23, "Plan Rows": 33034, "Plan Width": 40, "Actual Startup Time": 49565.238, "Actual Total Time": 58323.675, "Actual Rows": 84, "Actual Loops": 1, "Inner Unique": true, "Plans": [{"Node Type": "Aggregate", "Strategy": "Hashed", "Parent Relationship": "Outer", "Startup Cost": 2315050.5, "Total Cost": 2381201.11, "Plan Rows": 33034, "Plan Width": 16, "Actual Startup Time": 49565.139, "Actual Total Time": 58306.345, "Actual Rows": 84, "Actual Loops": 1, "Group By Key": ["public.lineitem.l_orderkey"], "Filter": "(sum(public.lineitem.l_quantity) > 314::double precision), (LLVM Optimized, Jit Execute)", "Rows Removed by Filter": 14999916, "Plans": [{"Node Type": "Seq Scan", "Parent Relationship": "Outer", "Relation Name": "lineitem", "Alias": "lineitem", "Startup Cost": 0.0, "Total Cost": 2015115.33, "Plan Rows": 59987033, "Plan Width": 16, "Actual Startup Time": 0.034, "Actual Total Time": 20821.446, "Actual Rows": 59986052, "Actual Loops": 1}]}, {"Node Type": "Bitmap Heap Scan", "Parent Relationship": "Inner", "Relation Name": "orders", "Alias": "orders", "Startup Cost": 3.36, "Total Cost": 7.38, "Plan Rows": 1, "Plan Width": 32, "Actual Startup Time": 3.498, "Actual Total Time": 3.498, "Actual Rows": 84, "Actual Loops": 84, "Recheck Cond": "(o_orderkey = public.lineitem.l_orderkey)", "Rows Removed by Index Recheck": 0, "Exact Heap Blocks": 84, "Lossy Heap Blocks": 84, "Plans": [{"Node Type": "Bitmap Index Scan", "Parent Relationship": "Outer", "Index Name": "orders_pkey", "Startup Cost": 0.0, "Total Cost": 3.36, "Plan Rows": 1, "Plan Width": 0, "Actual Startup Time": 2.397, "Actual Total Time": 2.397, "Actual Rows": 84, "Actual Loops": 84, "Index Cond": "(o_orderkey = public.lineitem.l_orderkey)"}]}]}, {"Node Type": "Hash", "Parent Relationship": "Inner", "Startup Cost": 52126.0, "Total Cost": 52126.0, "Plan Rows": 1500000, "Plan Width": 27, "Actual Startup Time": 1276.444, "Actual Total Time": 1276.444, "Actual Rows": 1500000, "Actual Loops": 1, "Hash Buckets": 2097152, "Hash Batches": 1, "Original Hash Batches": 1, "Peak Memory Usage": 93750, "Plans": [{"Node Type": "Seq Scan", "Parent Relationship": "Outer", "Relation Name": "customer", "Alias": "customer", "Startup Cost": 0.0, "Total Cost": 52126.0, "Plan Rows": 1500000, "Plan Width": 27, "Actual Startup Time": 0.025, "Actual Total Time": 561.62, "Actual Rows": 1500000, "Actual Loops": 1}]}]}, {"Node Type": "Bitmap Heap Scan", "Parent Relationship": "Inner", "Relation Name": "lineitem", "Alias": "lineitem", "Startup Cost": 0.38, "Total Cost": 4.49, "Plan Rows": 9, "Plan Width": 16, "Actual Startup Time": 2.578, "Actual Total Time": 2.729, "Actual Rows": 588, "Actual Loops": 84, "Recheck Cond": "(l_orderkey = orders.o_orderkey)", "Rows Removed by Index Recheck": 0, "Exact Heap Blocks": 96, "Lossy Heap Blocks": 96, "Plans": [{"Node Type": "Bitmap Index Scan", "Parent Relationship": "Outer", "Index Name": "idx_lineitem_orderkey", "Startup Cost": 0.0, "Total Cost": 0.38, "Plan Rows": 9, "Plan Width": 0, "Actual Startup Time": 1.649, "Actual Total Time": 1.649, "Actual Rows": 588, "Actual Loops": 84, "Index Cond": "(l_orderkey = orders.o_orderkey)"}]}]}]}]}]}, "Triggers": [], "Planner Runtime": 1.65, "Total Runtime": 59621.238, "Unique SQL Id": 1915754155}}, "(1, '35')": {"explain_plan": {"Plan": {"Node Type": "Limit", "Startup Cost": 1000324838994.8, "Total Cost": 1000324838995.05, "Plan Rows": 100, "Plan Width": 59, "Plans": [{"Node Type": "Sort", "Parent Relationship": "Outer", "Startup Cost": 1000324838994.8, "Total Cost": 1000324839310.61, "Plan Rows": 100, "Plan Width": 59, "Sort Key": ["orders.o_totalprice DESC", "orders.o_orderdate"], "Plans": [{"Node Type": "Aggregate", "Strategy": "Hashed", "Parent Relationship": "Outer", "Startup Cost": 1000324832903.7, "Total Cost": 1000324834166.91, "Plan Rows": 126321, "Plan Width": 59, "Group By Key": ["orders.o_totalprice", "orders.o_orderdate", "customer.c_name", "customer.c_custkey", "orders.o_orderkey"], "Plans": [{"Node Type": "Nested Loop", "Parent Relationship": "Outer", "Join Type": "Inner", "Startup Cost": 10000000004.0, "Total Cost": 1000324831008.88, "Plan Rows": 126321, "Plan Width": 59, "Inner Unique": false, "Plans": [{"Node Type": "Nested Loop", "Parent Relationship": "Outer", "Join Type": "Inner", "Startup Cost": 10000000003.62, "Total Cost": 1000324767232.73, "Plan Rows": 13913, "Plan Width": 59, "Inner Unique": true, "Plans": [{"Node Type": "Nested Loop", "Parent Relationship": "Outer", "Join Type": "Inner", "Startup Cost": 10000000003.36, "Total Cost": 1000324625792.4, "Plan Rows": 33034, "Plan Width": 40, "Inner Unique": true, "Plans": [{"Node Type": "Aggregate", "Strategy": "Sorted", "Parent Relationship": "Outer", "Startup Cost": 10000000000.0, "Total Cost": 1000324381460.28, "Plan Rows": 33034, "Plan Width": 24, "Group By Key": ["public.lineitem.l_orderkey"], "Filter": "(sum(public.lineitem.l_quantity) > 314::double precision), (LLVM Optimized)", "Plans": [{"Node Type": "Index Scan", "Parent Relationship": "Outer", "Scan Direction": "Forward", "Index Name": "idx_lineitem_orderkey", "Relation Name": "lineitem", "Alias": "lineitem", "Startup Cost": 10000000000.0, "Total Cost": 1000324015374.5, "Plan Rows": 59987033, "Plan Width": 16}]}, {"Node Type": "Bitmap Heap Scan", "Parent Relationship": "Inner", "Relation Name": "orders", "Alias": "orders", "Startup Cost": 3.36, "Total Cost": 7.38, "Plan Rows": 1, "Plan Width": 32, "Recheck Cond": "(o_orderkey = public.lineitem.l_orderkey)", "Plans": [{"Node Type": "Bitmap Index Scan", "Parent Relationship": "Outer", "Index Name": "orders_pkey", "Startup Cost": 0.0, "Total Cost": 3.36, "Plan Rows": 1, "Plan Width": 0, "Index Cond": "(o_orderkey = public.lineitem.l_orderkey)"}]}]}, {"Node Type": "Bitmap Heap Scan", "Parent Relationship": "Inner", "Relation Name": "customer", "Alias": "customer", "Startup Cost": 0.26, "Total Cost": 4.27, "Plan Rows": 1, "Plan Width": 27, "Recheck Cond": "(c_custkey = orders.o_custkey)", "Plans": [{"Node Type": "Bitmap Index Scan", "Parent Relationship": "Outer", "Index Name": "customer_pkey", "Startup Cost": 0.0, "Total Cost": 0.26, "Plan Rows": 1, "Plan Width": 0, "Index Cond": "(c_custkey = orders.o_custkey)"}]}]}, {"Node Type": "Bitmap Heap Scan", "Parent Relationship": "Inner", "Relation Name": "lineitem", "Alias": "lineitem", "Startup Cost": 0.38, "Total Cost": 4.49, "Plan Rows": 9, "Plan Width": 16, "Recheck Cond": "(l_orderkey = orders.o_orderkey)", "Plans": [{"Node Type": "Bitmap Index Scan", "Parent Relationship": "Outer", "Index Name": "idx_lineitem_orderkey", "Startup Cost": 0.0, "Total Cost": 0.38, "Plan Rows": 9, "Plan Width": 0, "Index Cond": "(l_orderkey = orders.o_orderkey)"}]}]}]}]}]}, "Unique SQL Id": 1915754155, "Planner Runtime": 0}, "explain_analyze_plan": {"Plan": {"Node Type": "Limit", "Startup Cost": 1000324838994.8, "Total Cost": 1000324838995.05, "Plan Rows": 100, "Plan Width": 59, "Actual Startup Time": 49544.467, "Actual Total Time": 49544.486, "Actual Rows": 84, "Actual Loops": 1, "Plans": [{"Node Type": "Sort", "Parent Relationship": "Outer", "Startup Cost": 1000324838994.8, "Total Cost": 1000324839310.61, "Plan Rows": 100, "Plan Width": 59, "Actual Startup Time": 49544.465, "Actual Total Time": 49544.474, "Actual Rows": 84, "Actual Loops": 1, "Sort Key": ["orders.o_totalprice DESC", "orders.o_orderdate"], "Sort Method": "quicksort", "Sort Space Used": 38, "Sort Space Type": "Memory", "Plans": [{"Node Type": "Aggregate", "Strategy": "Hashed", "Parent Relationship": "Outer", "Startup Cost": 1000324832903.7, "Total Cost": 1000324834166.91, "Plan Rows": 126321, "Plan Width": 59, "Actual Startup Time": 49543.984, "Actual Total Time": 49544.316, "Actual Rows": 84, "Actual Loops": 1, "Group By Key": ["orders.o_totalprice", "orders.o_orderdate", "customer.c_name", "customer.c_custkey", "orders.o_orderkey"], "Plans": [{"Node Type": "Nested Loop", "Parent Relationship": "Outer", "Join Type": "Inner", "Startup Cost": 10000000004.0, "Total Cost": 1000324831008.88, "Plan Rows": 126321, "Plan Width": 59, "Actual Startup Time": 1023.087, "Actual Total Time": 49541.154, "Actual Rows": 588, "Actual Loops": 1, "Inner Unique": false, "Plans": [{"Node Type": "Nested Loop", "Parent Relationship": "Outer", "Join Type": "Inner", "Startup Cost": 10000000003.62, "Total Cost": 1000324767232.73, "Plan Rows": 13913, "Plan Width": 59, "Actual Startup Time": 1023.067, "Actual Total Time": 49538.65, "Actual Rows": 84, "Actual Loops": 1, "Inner Unique": true, "Plans": [{"Node Type": "Nested Loop", "Parent Relationship": "Outer", "Join Type": "Inner", "Startup Cost": 10000000003.36, "Total Cost": 1000324625792.4, "Plan Rows": 33034, "Plan Width": 40, "Actual Startup Time": 1023.033, "Actual Total Time": 49536.599, "Actual Rows": 84, "Actual Loops": 1, "Inner Unique": true, "Plans": [{"Node Type": "Aggregate", "Strategy": "Sorted", "Parent Relationship": "Outer", "Startup Cost": 10000000000.0, "Total Cost": 1000324381460.28, "Plan Rows": 33034, "Plan Width": 24, "Actual Startup Time": 1022.959, "Actual Total Time": 49531.744, "Actual Rows": 84, "Actual Loops": 1, "Group By Key": ["public.lineitem.l_orderkey"], "Filter": "(sum(public.lineitem.l_quantity) > 314::double precision), (LLVM Optimized, Jit Execute)", "Rows Removed by Filter": 14999916, "Plans": [{"Node Type": "Index Scan", "Parent Relationship": "Outer", "Scan Direction": "Forward", "Index Name": "idx_lineitem_orderkey", "Relation Name": "lineitem", "Alias": "lineitem", "Startup Cost": 10000000000.0, "Total Cost": 1000324015374.5, "Plan Rows": 59987033, "Plan Width": 16, "Actual Startup Time": 0.03, "Actual Total Time": 29176.085, "Actual Rows": 59986052, "Actual Loops": 1}]}, {"Node Type": "Bitmap Heap Scan", "Parent Relationship": "Inner", "Relation Name": "orders", "Alias": "orders", "Startup Cost": 3.36, "Total Cost": 7.38, "Plan Rows": 1, "Plan Width": 32, "Actual Startup Time": 3.264, "Actual Total Time": 3.264, "Actual Rows": 84, "Actual Loops": 84, "Recheck Cond": "(o_orderkey = public.lineitem.l_orderkey)", "Rows Removed by Index Recheck": 0, "Exact Heap Blocks": 84, "Lossy Heap Blocks": 84, "Plans": [{"Node Type": "Bitmap Index Scan", "Parent Relationship": "Outer", "Index Name": "orders_pkey", "Startup Cost": 0.0, "Total Cost": 3.36, "Plan Rows": 1, "Plan Width": 0, "Actual Startup Time": 2.073, "Actual Total Time": 2.073, "Actual Rows": 84, "Actual Loops": 84, "Index Cond": "(o_orderkey = public.lineitem.l_orderkey)"}]}]}, {"Node Type": "Bitmap Heap Scan", "Parent Relationship": "Inner", "Relation Name": "customer", "Alias": "customer", "Startup Cost": 0.26, "Total Cost": 4.27, "Plan Rows": 1, "Plan Width": 27, "Actual Startup Time": 1.378, "Actual Total Time": 1.378, "Actual Rows": 84, "Actual Loops": 84, "Recheck Cond": "(c_custkey = orders.o_custkey)", "Rows Removed by Index Recheck": 0, "Exact Heap Blocks": 84, "Lossy Heap Blocks": 84, "Plans": [{"Node Type": "Bitmap Index Scan", "Parent Relationship": "Outer", "Index Name": "customer_pkey", "Startup Cost": 0.0, "Total Cost": 0.26, "Plan Rows": 1, "Plan Width": 0, "Actual Startup Time": 0.854, "Actual Total Time": 0.854, "Actual Rows": 84, "Actual Loops": 84, "Index Cond": "(c_custkey = orders.o_custkey)"}]}]}, {"Node Type": "Bitmap Heap Scan", "Parent Relationship": "Inner", "Relation Name": "lineitem", "Alias": "lineitem", "Startup Cost": 0.38, "Total Cost": 4.49, "Plan Rows": 9, "Plan Width": 16, "Actual Startup Time": 1.417, "Actual Total Time": 1.651, "Actual Rows": 588, "Actual Loops": 84, "Recheck Cond": "(l_orderkey = orders.o_orderkey)", "Rows Removed by Index Recheck": 0, "Exact Heap Blocks": 96, "Lossy Heap Blocks": 96, "Plans": [{"Node Type": "Bitmap Index Scan", "Parent Relationship": "Outer", "Index Name": "idx_lineitem_orderkey", "Startup Cost": 0.0, "Total Cost": 0.38, "Plan Rows": 9, "Plan Width": 0, "Actual Startup Time": 0.904, "Actual Total Time": 0.904, "Actual Rows": 588, "Actual Loops": 84, "Index Cond": "(l_orderkey = orders.o_orderkey)"}]}]}]}]}]}, "Triggers": [], "Planner Runtime": 1.515, "Total Runtime": 49553.909, "Unique SQL Id": 1915754155}}, "(1, '36')": {"explain_plan": {"Plan": {"Node Type": "Limit", "Startup Cost": 2649029.8, "Total Cost": 2649030.05, "Plan Rows": 100, "Plan Width": 59, "Plans": [{"Node Type": "Sort", "Parent Relationship": "Outer", "Startup Cost": 2649029.8, "Total Cost": 2649345.6, "Plan Rows": 100, "Plan Width": 59, "Sort Key": ["orders.o_totalprice DESC", "orders.o_orderdate"], "Plans": [{"Node Type": "Aggregate", "Strategy": "Hashed", "Parent Relationship": "Outer", "Startup Cost": 2642938.69, "Total Cost": 2644201.9, "Plan Rows": 126321, "Plan Width": 59, "Group By Key": ["orders.o_totalprice", "orders.o_orderdate", "customer.c_name", "customer.c_custkey", "orders.o_orderkey"], "Plans": [{"Node Type": "Nested Loop", "Parent Relationship": "Outer", "Join Type": "Inner", "Startup Cost": 2315050.5, "Total Cost": 2641043.88, "Plan Rows": 126321, "Plan Width": 59, "Inner Unique": false, "Plans": [{"Node Type": "Nested Loop", "Parent Relationship": "Outer", "Join Type": "Inner", "Startup Cost": 2315050.5, "Total Cost": 2627700.1, "Plan Rows": 13913, "Plan Width": 59, "Inner Unique": true, "Plans": [{"Node Type": "Nested Loop", "Parent Relationship": "Outer", "Join Type": "Inner", "Startup Cost": 2315050.5, "Total Cost": 2618076.97, "Plan Rows": 33034, "Plan Width": 40, "Inner Unique": true, "Plans": [{"Node Type": "Aggregate", "Strategy": "Hashed", "Parent Relationship": "Outer", "Startup Cost": 2315050.5, "Total Cost": 2381201.11, "Plan Rows": 33034, "Plan Width": 16, "Group By Key": ["public.lineitem.l_orderkey"], "Filter": "(sum(public.lineitem.l_quantity) > 314::double precision), (LLVM Optimized)", "Plans": [{"Node Type": "Seq Scan", "Parent Relationship": "Outer", "Relation Name": "lineitem", "Alias": "lineitem", "Startup Cost": 0.0, "Total Cost": 2015115.33, "Plan Rows": 59987033, "Plan Width": 16}]}, {"Node Type": "Index Scan", "Parent Relationship": "Inner", "Scan Direction": "Forward", "Index Name": "orders_pkey", "Relation Name": "orders", "Alias": "orders", "Startup Cost": 0.0, "Total Cost": 7.15, "Plan Rows": 1, "Plan Width": 32, "Index Cond": "(o_orderkey = public.lineitem.l_orderkey)"}]}, {"Node Type": "Index Scan", "Parent Relationship": "Inner", "Scan Direction": "Forward", "Index Name": "customer_pkey", "Relation Name": "customer", "Alias": "customer", "Startup Cost": 0.0, "Total Cost": 0.28, "Plan Rows": 1, "Plan Width": 27, "Index Cond": "(c_custkey = orders.o_custkey)"}]}, {"Node Type": "Index Scan", "Parent Relationship": "Inner", "Scan Direction": "Forward", "Index Name": "idx_lineitem_orderkey", "Relation Name": "lineitem", "Alias": "lineitem", "Startup Cost": 0.0, "Total Cost": 0.87, "Plan Rows": 9, "Plan Width": 16, "Index Cond": "(l_orderkey = orders.o_orderkey)"}]}]}]}]}, "Unique SQL Id": 1915754155, "Planner Runtime": 0}, "explain_analyze_plan": {"Plan": {"Node Type": "Limit", "Startup Cost": 2649029.8, "Total Cost": 2649030.05, "Plan Rows": 100, "Plan Width": 59, "Actual Startup Time": 51129.008, "Actual Total Time": 51129.027, "Actual Rows": 84, "Actual Loops": 1, "Plans": [{"Node Type": "Sort", "Parent Relationship": "Outer", "Startup Cost": 2649029.8, "Total Cost": 2649345.6, "Plan Rows": 100, "Plan Width": 59, "Actual Startup Time": 51129.006, "Actual Total Time": 51129.015, "Actual Rows": 84, "Actual Loops": 1, "Sort Key": ["orders.o_totalprice DESC", "orders.o_orderdate"], "Sort Method": "quicksort", "Sort Space Used": 38, "Sort Space Type": "Memory", "Plans": [{"Node Type": "Aggregate", "Strategy": "Hashed", "Parent Relationship": "Outer", "Startup Cost": 2642938.69, "Total Cost": 2644201.9, "Plan Rows": 126321, "Plan Width": 59, "Actual Startup Time": 51128.213, "Actual Total Time": 51128.889, "Actual Rows": 84, "Actual Loops": 1, "Group By Key": ["orders.o_totalprice", "orders.o_orderdate", "customer.c_name", "customer.c_custkey", "orders.o_orderkey"], "Plans": [{"Node Type": "Nested Loop", "Parent Relationship": "Outer", "Join Type": "Inner", "Startup Cost": 2315050.5, "Total Cost": 2641043.88, "Plan Rows": 126321, "Plan Width": 59, "Actual Startup Time": 46173.798, "Actual Total Time": 51126.311, "Actual Rows": 588, "Actual Loops": 1, "Inner Unique": false, "Plans": [{"Node Type": "Nested Loop", "Parent Relationship": "Outer", "Join Type": "Inner", "Startup Cost": 2315050.5, "Total Cost": 2627700.1, "Plan Rows": 13913, "Plan Width": 59, "Actual Startup Time": 46173.775, "Actual Total Time": 51124.263, "Actual Rows": 84, "Actual Loops": 1, "Inner Unique": true, "Plans": [{"Node Type": "Nested Loop", "Parent Relationship": "Outer", "Join Type": "Inner", "Startup Cost": 2315050.5, "Total Cost": 2618076.97, "Plan Rows": 33034, "Plan Width": 40, "Actual Startup Time": 46173.751, "Actual Total Time": 51122.995, "Actual Rows": 84, "Actual Loops": 1, "Inner Unique": true, "Plans": [{"Node Type": "Aggregate", "Strategy": "Hashed", "Parent Relationship": "Outer", "Startup Cost": 2315050.5, "Total Cost": 2381201.11, "Plan Rows": 33034, "Plan Width": 16, "Actual Startup Time": 46173.686, "Actual Total Time": 51106.177, "Actual Rows": 84, "Actual Loops": 1, "Group By Key": ["public.lineitem.l_orderkey"], "Filter": "(sum(public.lineitem.l_quantity) > 314::double precision), (LLVM Optimized, Jit Execute)", "Rows Removed by Filter": 14999916, "Plans": [{"Node Type": "Seq Scan", "Parent Relationship": "Outer", "Relation Name": "lineitem", "Alias": "lineitem", "Startup Cost": 0.0, "Total Cost": 2015115.33, "Plan Rows": 59987033, "Plan Width": 16, "Actual Startup Time": 0.043, "Actual Total Time": 19975.008, "Actual Rows": 59986052, "Actual Loops": 1}]}, {"Node Type": "Index Scan", "Parent Relationship": "Inner", "Scan Direction": "Forward", "Index Name": "orders_pkey", "Relation Name": "orders", "Alias": "orders", "Startup Cost": 0.0, "Total Cost": 7.15, "Plan Rows": 1, "Plan Width": 32, "Actual Startup Time": 2.93, "Actual Total Time": 2.93, "Actual Rows": 84, "Actual Loops": 84, "Index Cond": "(o_orderkey = public.lineitem.l_orderkey)", "Rows Removed by Index Recheck": 0}]}, {"Node Type": "Index Scan", "Parent Relationship": "Inner", "Scan Direction": "Forward", "Index Name": "customer_pkey", "Relation Name": "customer", "Alias": "customer", "Startup Cost": 0.0, "Total Cost": 0.28, "Plan Rows": 1, "Plan Width": 27, "Actual Startup Time": 0.906, "Actual Total Time": 0.906, "Actual Rows": 84, "Actual Loops": 84, "Index Cond": "(c_custkey = orders.o_custkey)", "Rows Removed by Index Recheck": 0}]}, {"Node Type": "Index Scan", "Parent Relationship": "Inner", "Scan Direction": "Forward", "Index Name": "idx_lineitem_orderkey", "Relation Name": "lineitem", "Alias": "lineitem", "Startup Cost": 0.0, "Total Cost": 0.87, "Plan Rows": 9, "Plan Width": 16, "Actual Startup Time": 1.165, "Actual Total Time": 1.622, "Actual Rows": 588, "Actual Loops": 84, "Index Cond": "(l_orderkey = orders.o_orderkey)", "Rows Removed by Index Recheck": 0}]}]}]}]}, "Triggers": [], "Planner Runtime": 1.711, "Total Runtime": 51138.586, "Unique SQL Id": 1915754155}}, "(1, '37')": {"explain_plan": {"Plan": {"Node Type": "Limit", "Startup Cost": 3874068.21, "Total Cost": 3874068.46, "Plan Rows": 100, "Plan Width": 59, "Plans": [{"Node Type": "Sort", "Parent Relationship": "Outer", "Startup Cost": 3874068.21, "Total Cost": 3874384.02, "Plan Rows": 100, "Plan Width": 59, "Sort Key": ["orders.o_totalprice DESC", "orders.o_orderdate"], "Plans": [{"Node Type": "Aggregate", "Strategy": "Hashed", "Parent Relationship": "Outer", "Startup Cost": 3867977.11, "Total Cost": 3869240.32, "Plan Rows": 126321, "Plan Width": 59, "Group By Key": ["orders.o_totalprice", "orders.o_orderdate", "customer.c_name", "customer.c_custkey", "orders.o_orderkey"], "Plans": [{"Node Type": "Nested Loop", "Parent Relationship": "Outer", "Join Type": "Inner", "Startup Cost": 0.0, "Total Cost": 3866082.29, "Plan Rows": 126321, "Plan Width": 59, "Inner Unique": false, "Plans": [{"Node Type": "Nested Loop", "Parent Relationship": "Outer", "Join Type": "Inner", "Startup Cost": 0.0, "Total Cost": 3852738.51, "Plan Rows": 13913, "Plan Width": 59, "Inner Unique": true, "Plans": [{"Node Type": "Nested Loop", "Parent Relationship": "Outer", "Join Type": "Inner", "Startup Cost": 0.0, "Total Cost": 3843115.38, "Plan Rows": 33034, "Plan Width": 40, "Inner Unique": true, "Plans": [{"Node Type": "Aggregate", "Strategy": "Sorted", "Parent Relationship": "Outer", "Startup Cost": 0.0, "Total Cost": 3606239.52, "Plan Rows": 33034, "Plan Width": 24, "Group By Key": ["public.lineitem.l_orderkey"], "Filter": "(sum(public.lineitem.l_quantity) > 314::double precision), (LLVM Optimized)", "Plans": [{"Node Type": "Index Scan", "Parent Relationship": "Outer", "Scan Direction": "Forward", "Index Name": "idx_lineitem_orderkey", "Relation Name": "lineitem", "Alias": "lineitem", "Startup Cost": 0.0, "Total Cost": 3240153.75, "Plan Rows": 59987033, "Plan Width": 16}]}, {"Node Type": "Index Scan", "Parent Relationship": "Inner", "Scan Direction": "Forward", "Index Name": "orders_pkey", "Relation Name": "orders", "Alias": "orders", "Startup Cost": 0.0, "Total Cost": 7.15, "Plan Rows": 1, "Plan Width": 32, "Index Cond": "(o_orderkey = public.lineitem.l_orderkey)"}]}, {"Node Type": "Index Scan", "Parent Relationship": "Inner", "Scan Direction": "Forward", "Index Name": "customer_pkey", "Relation Name": "customer", "Alias": "customer", "Startup Cost": 0.0, "Total Cost": 0.28, "Plan Rows": 1, "Plan Width": 27, "Index Cond": "(c_custkey = orders.o_custkey)"}]}, {"Node Type": "Index Scan", "Parent Relationship": "Inner", "Scan Direction": "Forward", "Index Name": "idx_lineitem_orderkey", "Relation Name": "lineitem", "Alias": "lineitem", "Startup Cost": 0.0, "Total Cost": 0.87, "Plan Rows": 9, "Plan Width": 16, "Index Cond": "(l_orderkey = orders.o_orderkey)"}]}]}]}]}, "Unique SQL Id": 1915754155, "Planner Runtime": 0}, "explain_analyze_plan": {"Plan": {"Node Type": "Limit", "Startup Cost": 3874068.21, "Total Cost": 3874068.46, "Plan Rows": 100, "Plan Width": 59, "Actual Startup Time": 50695.002, "Actual Total Time": 50695.017, "Actual Rows": 84, "Actual Loops": 1, "Plans": [{"Node Type": "Sort", "Parent Relationship": "Outer", "Startup Cost": 3874068.21, "Total Cost": 3874384.02, "Plan Rows": 100, "Plan Width": 59, "Actual Startup Time": 50695.0, "Actual Total Time": 50695.004, "Actual Rows": 84, "Actual Loops": 1, "Sort Key": ["orders.o_totalprice DESC", "orders.o_orderdate"], "Sort Method": "quicksort", "Sort Space Used": 38, "Sort Space Type": "Memory", "Plans": [{"Node Type": "Aggregate", "Strategy": "Hashed", "Parent Relationship": "Outer", "Startup Cost": 3867977.11, "Total Cost": 3869240.32, "Plan Rows": 126321, "Plan Width": 59, "Actual Startup Time": 50694.487, "Actual Total Time": 50694.852, "Actual Rows": 84, "Actual Loops": 1, "Group By Key": ["orders.o_totalprice", "orders.o_orderdate", "customer.c_name", "customer.c_custkey", "orders.o_orderkey"], "Plans": [{"Node Type": "Nested Loop", "Parent Relationship": "Outer", "Join Type": "Inner", "Startup Cost": 0.0, "Total Cost": 3866082.29, "Plan Rows": 126321, "Plan Width": 59, "Actual Startup Time": 1159.494, "Actual Total Time": 50691.109, "Actual Rows": 588, "Actual Loops": 1, "Inner Unique": false, "Plans": [{"Node Type": "Nested Loop", "Parent Relationship": "Outer", "Join Type": "Inner", "Startup Cost": 0.0, "Total Cost": 3852738.51, "Plan Rows": 13913, "Plan Width": 59, "Actual Startup Time": 1159.473, "Actual Total Time": 50688.867, "Actual Rows": 84, "Actual Loops": 1, "Inner Unique": true, "Plans": [{"Node Type": "Nested Loop", "Parent Relationship": "Outer", "Join Type": "Inner", "Startup Cost": 0.0, "Total Cost": 3843115.38, "Plan Rows": 33034, "Plan Width": 40, "Actual Startup Time": 1159.448, "Actual Total Time": 50687.006, "Actual Rows": 84, "Actual Loops": 1, "Inner Unique": true, "Plans": [{"Node Type": "Aggregate", "Strategy": "Sorted", "Parent Relationship": "Outer", "Startup Cost": 0.0, "Total Cost": 3606239.52, "Plan Rows": 33034, "Plan Width": 24, "Actual Startup Time": 1159.408, "Actual Total Time": 50684.063, "Actual Rows": 84, "Actual Loops": 1, "Group By Key": ["public.lineitem.l_orderkey"], "Filter": "(sum(public.lineitem.l_quantity) > 314::double precision), (LLVM Optimized, Jit Execute)", "Rows Removed by Filter": 14999916, "Plans": [{"Node Type": "Index Scan", "Parent Relationship": "Outer", "Scan Direction": "Forward", "Index Name": "idx_lineitem_orderkey", "Relation Name": "lineitem", "Alias": "lineitem", "Startup Cost": 0.0, "Total Cost": 3240153.75, "Plan Rows": 59987033, "Plan Width": 16, "Actual Startup Time": 0.029, "Actual Total Time": 30275.076, "Actual Rows": 59986052, "Actual Loops": 1}]}, {"Node Type": "Index Scan", "Parent Relationship": "Inner", "Scan Direction": "Forward", "Index Name": "orders_pkey", "Relation Name": "orders", "Alias": "orders", "Startup Cost": 0.0, "Total Cost": 7.15, "Plan Rows": 1, "Plan Width": 32, "Actual Startup Time": 1.994, "Actual Total Time": 1.994, "Actual Rows": 84, "Actual Loops": 84, "Index Cond": "(o_orderkey = public.lineitem.l_orderkey)", "Rows Removed by Index Recheck": 0}]}, {"Node Type": "Index Scan", "Parent Relationship": "Inner", "Scan Direction": "Forward", "Index Name": "customer_pkey", "Relation Name": "customer", "Alias": "customer", "Startup Cost": 0.0, "Total Cost": 0.28, "Plan Rows": 1, "Plan Width": 27, "Actual Startup Time": 1.278, "Actual Total Time": 1.278, "Actual Rows": 84, "Actual Loops": 84, "Index Cond": "(c_custkey = orders.o_custkey)", "Rows Removed by Index Recheck": 0}]}, {"Node Type": "Index Scan", "Parent Relationship": "Inner", "Scan Direction": "Forward", "Index Name": "idx_lineitem_orderkey", "Relation Name": "lineitem", "Alias": "lineitem", "Startup Cost": 0.0, "Total Cost": 0.87, "Plan Rows": 9, "Plan Width": 16, "Actual Startup Time": 0.938, "Actual Total Time": 1.562, "Actual Rows": 588, "Actual Loops": 84, "Index Cond": "(l_orderkey = orders.o_orderkey)", "Rows Removed by Index Recheck": 0}]}]}]}]}, "Triggers": [], "Planner Runtime": 1.698, "Total Runtime": 50704.506, "Unique SQL Id": 1915754155}}, "(1, '38')": {"explain_plan": {"Plan": {"Node Type": "Limit", "Startup Cost": 2768625.52, "Total Cost": 2768625.77, "Plan Rows": 100, "Plan Width": 59, "Plans": [{"Node Type": "Sort", "Parent Relationship": "Outer", "Startup Cost": 2768625.52, "Total Cost": 2768941.33, "Plan Rows": 100, "Plan Width": 59, "Sort Key": ["orders.o_totalprice DESC", "orders.o_orderdate"], "Plans": [{"Node Type": "Aggregate", "Strategy": "Hashed", "Parent Relationship": "Outer", "Startup Cost": 2762534.42, "Total Cost": 2763797.63, "Plan Rows": 126321, "Plan Width": 59, "Group By Key": ["orders.o_totalprice", "orders.o_orderdate", "customer.c_name", "customer.c_custkey", "orders.o_orderkey"], "Plans": [{"Node Type": "Nested Loop", "Parent Relationship": "Outer", "Join Type": "Inner", "Startup Cost": 2385930.24, "Total Cost": 2760639.6, "Plan Rows": 126321, "Plan Width": 59, "Inner Unique": false, "Plans": [{"Node Type": "Hash Join", "Parent Relationship": "Outer", "Join Type": "Inner", "Startup Cost": 2385929.86, "Total Cost": 2696863.45, "Plan Rows": 13913, "Plan Width": 59, "Inner Unique": true, "Hash Cond": "(orders.o_custkey = customer.c_custkey)", "Plans": [{"Node Type": "Nested Loop", "Parent Relationship": "Outer", "Join Type": "Inner", "Startup Cost": 2315053.86, "Total Cost": 2625533.23, "Plan Rows": 33034, "Plan Width": 40, "Inner Unique": true, "Plans": [{"Node Type": "Aggregate", "Strategy": "Hashed", "Parent Relationship": "Outer", "Startup Cost": 2315050.5, "Total Cost": 2381201.11, "Plan Rows": 33034, "Plan Width": 16, "Group By Key": ["public.lineitem.l_orderkey"], "Filter": "(sum(public.lineitem.l_quantity) > 314::double precision), (LLVM Optimized)", "Plans": [{"Node Type": "Seq Scan", "Parent Relationship": "Outer", "Relation Name": "lineitem", "Alias": "lineitem", "Startup Cost": 0.0, "Total Cost": 2015115.33, "Plan Rows": 59987033, "Plan Width": 16}]}, {"Node Type": "Bitmap Heap Scan", "Parent Relationship": "Inner", "Relation Name": "orders", "Alias": "orders", "Startup Cost": 3.36, "Total Cost": 7.38, "Plan Rows": 1, "Plan Width": 32, "Recheck Cond": "(o_orderkey = public.lineitem.l_orderkey)", "Plans": [{"Node Type": "Bitmap Index Scan", "Parent Relationship": "Outer", "Index Name": "orders_pkey", "Startup Cost": 0.0, "Total Cost": 3.36, "Plan Rows": 1, "Plan Width": 0, "Index Cond": "(o_orderkey = public.lineitem.l_orderkey)"}]}]}, {"Node Type": "Hash", "Parent Relationship": "Inner", "Startup Cost": 52126.0, "Total Cost": 52126.0, "Plan Rows": 1500000, "Plan Width": 27, "Plans": [{"Node Type": "Seq Scan", "Parent Relationship": "Outer", "Relation Name": "customer", "Alias": "customer", "Startup Cost": 0.0, "Total Cost": 52126.0, "Plan Rows": 1500000, "Plan Width": 27}]}]}, {"Node Type": "Bitmap Heap Scan", "Parent Relationship": "Inner", "Relation Name": "lineitem", "Alias": "lineitem", "Startup Cost": 0.38, "Total Cost": 4.49, "Plan Rows": 9, "Plan Width": 16, "Recheck Cond": "(l_orderkey = orders.o_orderkey)", "Plans": [{"Node Type": "Bitmap Index Scan", "Parent Relationship": "Outer", "Index Name": "idx_lineitem_orderkey", "Startup Cost": 0.0, "Total Cost": 0.38, "Plan Rows": 9, "Plan Width": 0, "Index Cond": "(l_orderkey = orders.o_orderkey)"}]}]}]}]}]}, "Unique SQL Id": 1915754155, "Planner Runtime": 0}, "explain_analyze_plan": {"Plan": {"Node Type": "Limit", "Startup Cost": 2768625.52, "Total Cost": 2768625.77, "Plan Rows": 100, "Plan Width": 59, "Actual Startup Time": 59611.881, "Actual Total Time": 59611.895, "Actual Rows": 84, "Actual Loops": 1, "Plans": [{"Node Type": "Sort", "Parent Relationship": "Outer", "Startup Cost": 2768625.52, "Total Cost": 2768941.33, "Plan Rows": 100, "Plan Width": 59, "Actual Startup Time": 59611.878, "Actual Total Time": 59611.879, "Actual Rows": 84, "Actual Loops": 1, "Sort Key": ["orders.o_totalprice DESC", "orders.o_orderdate"], "Sort Method": "quicksort", "Sort Space Used": 38, "Sort Space Type": "Memory", "Plans": [{"Node Type": "Aggregate", "Strategy": "Hashed", "Parent Relationship": "Outer", "Startup Cost": 2762534.42, "Total Cost": 2763797.63, "Plan Rows": 126321, "Plan Width": 59, "Actual Startup Time": 59611.463, "Actual Total Time": 59611.783, "Actual Rows": 84, "Actual Loops": 1, "Group By Key": ["orders.o_totalprice", "orders.o_orderdate", "customer.c_name", "customer.c_custkey", "orders.o_orderkey"], "Plans": [{"Node Type": "Nested Loop", "Parent Relationship": "Outer", "Join Type": "Inner", "Startup Cost": 2385930.24, "Total Cost": 2760639.6, "Plan Rows": 126321, "Plan Width": 59, "Actual Startup Time": 50843.345, "Actual Total Time": 59609.843, "Actual Rows": 588, "Actual Loops": 1, "Inner Unique": false, "Plans": [{"Node Type": "Hash Join", "Parent Relationship": "Outer", "Join Type": "Inner", "Startup Cost": 2385929.86, "Total Cost": 2696863.45, "Plan Rows": 13913, "Plan Width": 59, "Actual Startup Time": 50843.294, "Actual Total Time": 59603.085, "Actual Rows": 84, "Actual Loops": 1, "Inner Unique": true, "Hash Cond": "(orders.o_custkey = customer.c_custkey)", "Plans": [{"Node Type": "Nested Loop", "Parent Relationship": "Outer", "Join Type": "Inner", "Startup Cost": 2315053.86, "Total Cost": 2625533.23, "Plan Rows": 33034, "Plan Width": 40, "Actual Startup Time": 49565.238, "Actual Total Time": 58323.675, "Actual Rows": 84, "Actual Loops": 1, "Inner Unique": true, "Plans": [{"Node Type": "Aggregate", "Strategy": "Hashed", "Parent Relationship": "Outer", "Startup Cost": 2315050.5, "Total Cost": 2381201.11, "Plan Rows": 33034, "Plan Width": 16, "Actual Startup Time": 49565.139, "Actual Total Time": 58306.345, "Actual Rows": 84, "Actual Loops": 1, "Group By Key": ["public.lineitem.l_orderkey"], "Filter": "(sum(public.lineitem.l_quantity) > 314::double precision), (LLVM Optimized, Jit Execute)", "Rows Removed by Filter": 14999916, "Plans": [{"Node Type": "Seq Scan", "Parent Relationship": "Outer", "Relation Name": "lineitem", "Alias": "lineitem", "Startup Cost": 0.0, "Total Cost": 2015115.33, "Plan Rows": 59987033, "Plan Width": 16, "Actual Startup Time": 0.034, "Actual Total Time": 20821.446, "Actual Rows": 59986052, "Actual Loops": 1}]}, {"Node Type": "Bitmap Heap Scan", "Parent Relationship": "Inner", "Relation Name": "orders", "Alias": "orders", "Startup Cost": 3.36, "Total Cost": 7.38, "Plan Rows": 1, "Plan Width": 32, "Actual Startup Time": 3.498, "Actual Total Time": 3.498, "Actual Rows": 84, "Actual Loops": 84, "Recheck Cond": "(o_orderkey = public.lineitem.l_orderkey)", "Rows Removed by Index Recheck": 0, "Exact Heap Blocks": 84, "Lossy Heap Blocks": 84, "Plans": [{"Node Type": "Bitmap Index Scan", "Parent Relationship": "Outer", "Index Name": "orders_pkey", "Startup Cost": 0.0, "Total Cost": 3.36, "Plan Rows": 1, "Plan Width": 0, "Actual Startup Time": 2.397, "Actual Total Time": 2.397, "Actual Rows": 84, "Actual Loops": 84, "Index Cond": "(o_orderkey = public.lineitem.l_orderkey)"}]}]}, {"Node Type": "Hash", "Parent Relationship": "Inner", "Startup Cost": 52126.0, "Total Cost": 52126.0, "Plan Rows": 1500000, "Plan Width": 27, "Actual Startup Time": 1276.444, "Actual Total Time": 1276.444, "Actual Rows": 1500000, "Actual Loops": 1, "Hash Buckets": 2097152, "Hash Batches": 1, "Original Hash Batches": 1, "Peak Memory Usage": 93750, "Plans": [{"Node Type": "Seq Scan", "Parent Relationship": "Outer", "Relation Name": "customer", "Alias": "customer", "Startup Cost": 0.0, "Total Cost": 52126.0, "Plan Rows": 1500000, "Plan Width": 27, "Actual Startup Time": 0.025, "Actual Total Time": 561.62, "Actual Rows": 1500000, "Actual Loops": 1}]}]}, {"Node Type": "Bitmap Heap Scan", "Parent Relationship": "Inner", "Relation Name": "lineitem", "Alias": "lineitem", "Startup Cost": 0.38, "Total Cost": 4.49, "Plan Rows": 9, "Plan Width": 16, "Actual Startup Time": 2.578, "Actual Total Time": 2.729, "Actual Rows": 588, "Actual Loops": 84, "Recheck Cond": "(l_orderkey = orders.o_orderkey)", "Rows Removed by Index Recheck": 0, "Exact Heap Blocks": 96, "Lossy Heap Blocks": 96, "Plans": [{"Node Type": "Bitmap Index Scan", "Parent Relationship": "Outer", "Index Name": "idx_lineitem_orderkey", "Startup Cost": 0.0, "Total Cost": 0.38, "Plan Rows": 9, "Plan Width": 0, "Actual Startup Time": 1.649, "Actual Total Time": 1.649, "Actual Rows": 588, "Actual Loops": 84, "Index Cond": "(l_orderkey = orders.o_orderkey)"}]}]}]}]}]}, "Triggers": [], "Planner Runtime": 1.65, "Total Runtime": 59621.238, "Unique SQL Id": 1915754155}}, "(1, '39')": {"explain_plan": {"Plan": {"Node Type": "Limit", "Startup Cost": 1000324838994.8, "Total Cost": 1000324838995.05, "Plan Rows": 100, "Plan Width": 59, "Plans": [{"Node Type": "Sort", "Parent Relationship": "Outer", "Startup Cost": 1000324838994.8, "Total Cost": 1000324839310.61, "Plan Rows": 100, "Plan Width": 59, "Sort Key": ["orders.o_totalprice DESC", "orders.o_orderdate"], "Plans": [{"Node Type": "Aggregate", "Strategy": "Hashed", "Parent Relationship": "Outer", "Startup Cost": 1000324832903.7, "Total Cost": 1000324834166.91, "Plan Rows": 126321, "Plan Width": 59, "Group By Key": ["orders.o_totalprice", "orders.o_orderdate", "customer.c_name", "customer.c_custkey", "orders.o_orderkey"], "Plans": [{"Node Type": "Nested Loop", "Parent Relationship": "Outer", "Join Type": "Inner", "Startup Cost": 10000000004.0, "Total Cost": 1000324831008.88, "Plan Rows": 126321, "Plan Width": 59, "Inner Unique": false, "Plans": [{"Node Type": "Nested Loop", "Parent Relationship": "Outer", "Join Type": "Inner", "Startup Cost": 10000000003.62, "Total Cost": 1000324767232.73, "Plan Rows": 13913, "Plan Width": 59, "Inner Unique": true, "Plans": [{"Node Type": "Nested Loop", "Parent Relationship": "Outer", "Join Type": "Inner", "Startup Cost": 10000000003.36, "Total Cost": 1000324625792.4, "Plan Rows": 33034, "Plan Width": 40, "Inner Unique": true, "Plans": [{"Node Type": "Aggregate", "Strategy": "Sorted", "Parent Relationship": "Outer", "Startup Cost": 10000000000.0, "Total Cost": 1000324381460.28, "Plan Rows": 33034, "Plan Width": 24, "Group By Key": ["public.lineitem.l_orderkey"], "Filter": "(sum(public.lineitem.l_quantity) > 314::double precision), (LLVM Optimized)", "Plans": [{"Node Type": "Index Scan", "Parent Relationship": "Outer", "Scan Direction": "Forward", "Index Name": "idx_lineitem_orderkey", "Relation Name": "lineitem", "Alias": "lineitem", "Startup Cost": 10000000000.0, "Total Cost": 1000324015374.5, "Plan Rows": 59987033, "Plan Width": 16}]}, {"Node Type": "Bitmap Heap Scan", "Parent Relationship": "Inner", "Relation Name": "orders", "Alias": "orders", "Startup Cost": 3.36, "Total Cost": 7.38, "Plan Rows": 1, "Plan Width": 32, "Recheck Cond": "(o_orderkey = public.lineitem.l_orderkey)", "Plans": [{"Node Type": "Bitmap Index Scan", "Parent Relationship": "Outer", "Index Name": "orders_pkey", "Startup Cost": 0.0, "Total Cost": 3.36, "Plan Rows": 1, "Plan Width": 0, "Index Cond": "(o_orderkey = public.lineitem.l_orderkey)"}]}]}, {"Node Type": "Bitmap Heap Scan", "Parent Relationship": "Inner", "Relation Name": "customer", "Alias": "customer", "Startup Cost": 0.26, "Total Cost": 4.27, "Plan Rows": 1, "Plan Width": 27, "Recheck Cond": "(c_custkey = orders.o_custkey)", "Plans": [{"Node Type": "Bitmap Index Scan", "Parent Relationship": "Outer", "Index Name": "customer_pkey", "Startup Cost": 0.0, "Total Cost": 0.26, "Plan Rows": 1, "Plan Width": 0, "Index Cond": "(c_custkey = orders.o_custkey)"}]}]}, {"Node Type": "Bitmap Heap Scan", "Parent Relationship": "Inner", "Relation Name": "lineitem", "Alias": "lineitem", "Startup Cost": 0.38, "Total Cost": 4.49, "Plan Rows": 9, "Plan Width": 16, "Recheck Cond": "(l_orderkey = orders.o_orderkey)", "Plans": [{"Node Type": "Bitmap Index Scan", "Parent Relationship": "Outer", "Index Name": "idx_lineitem_orderkey", "Startup Cost": 0.0, "Total Cost": 0.38, "Plan Rows": 9, "Plan Width": 0, "Index Cond": "(l_orderkey = orders.o_orderkey)"}]}]}]}]}]}, "Unique SQL Id": 1915754155, "Planner Runtime": 0}, "explain_analyze_plan": {"Plan": {"Node Type": "Limit", "Startup Cost": 1000324838994.8, "Total Cost": 1000324838995.05, "Plan Rows": 100, "Plan Width": 59, "Actual Startup Time": 49544.467, "Actual Total Time": 49544.486, "Actual Rows": 84, "Actual Loops": 1, "Plans": [{"Node Type": "Sort", "Parent Relationship": "Outer", "Startup Cost": 1000324838994.8, "Total Cost": 1000324839310.61, "Plan Rows": 100, "Plan Width": 59, "Actual Startup Time": 49544.465, "Actual Total Time": 49544.474, "Actual Rows": 84, "Actual Loops": 1, "Sort Key": ["orders.o_totalprice DESC", "orders.o_orderdate"], "Sort Method": "quicksort", "Sort Space Used": 38, "Sort Space Type": "Memory", "Plans": [{"Node Type": "Aggregate", "Strategy": "Hashed", "Parent Relationship": "Outer", "Startup Cost": 1000324832903.7, "Total Cost": 1000324834166.91, "Plan Rows": 126321, "Plan Width": 59, "Actual Startup Time": 49543.984, "Actual Total Time": 49544.316, "Actual Rows": 84, "Actual Loops": 1, "Group By Key": ["orders.o_totalprice", "orders.o_orderdate", "customer.c_name", "customer.c_custkey", "orders.o_orderkey"], "Plans": [{"Node Type": "Nested Loop", "Parent Relationship": "Outer", "Join Type": "Inner", "Startup Cost": 10000000004.0, "Total Cost": 1000324831008.88, "Plan Rows": 126321, "Plan Width": 59, "Actual Startup Time": 1023.087, "Actual Total Time": 49541.154, "Actual Rows": 588, "Actual Loops": 1, "Inner Unique": false, "Plans": [{"Node Type": "Nested Loop", "Parent Relationship": "Outer", "Join Type": "Inner", "Startup Cost": 10000000003.62, "Total Cost": 1000324767232.73, "Plan Rows": 13913, "Plan Width": 59, "Actual Startup Time": 1023.067, "Actual Total Time": 49538.65, "Actual Rows": 84, "Actual Loops": 1, "Inner Unique": true, "Plans": [{"Node Type": "Nested Loop", "Parent Relationship": "Outer", "Join Type": "Inner", "Startup Cost": 10000000003.36, "Total Cost": 1000324625792.4, "Plan Rows": 33034, "Plan Width": 40, "Actual Startup Time": 1023.033, "Actual Total Time": 49536.599, "Actual Rows": 84, "Actual Loops": 1, "Inner Unique": true, "Plans": [{"Node Type": "Aggregate", "Strategy": "Sorted", "Parent Relationship": "Outer", "Startup Cost": 10000000000.0, "Total Cost": 1000324381460.28, "Plan Rows": 33034, "Plan Width": 24, "Actual Startup Time": 1022.959, "Actual Total Time": 49531.744, "Actual Rows": 84, "Actual Loops": 1, "Group By Key": ["public.lineitem.l_orderkey"], "Filter": "(sum(public.lineitem.l_quantity) > 314::double precision), (LLVM Optimized, Jit Execute)", "Rows Removed by Filter": 14999916, "Plans": [{"Node Type": "Index Scan", "Parent Relationship": "Outer", "Scan Direction": "Forward", "Index Name": "idx_lineitem_orderkey", "Relation Name": "lineitem", "Alias": "lineitem", "Startup Cost": 10000000000.0, "Total Cost": 1000324015374.5, "Plan Rows": 59987033, "Plan Width": 16, "Actual Startup Time": 0.03, "Actual Total Time": 29176.085, "Actual Rows": 59986052, "Actual Loops": 1}]}, {"Node Type": "Bitmap Heap Scan", "Parent Relationship": "Inner", "Relation Name": "orders", "Alias": "orders", "Startup Cost": 3.36, "Total Cost": 7.38, "Plan Rows": 1, "Plan Width": 32, "Actual Startup Time": 3.264, "Actual Total Time": 3.264, "Actual Rows": 84, "Actual Loops": 84, "Recheck Cond": "(o_orderkey = public.lineitem.l_orderkey)", "Rows Removed by Index Recheck": 0, "Exact Heap Blocks": 84, "Lossy Heap Blocks": 84, "Plans": [{"Node Type": "Bitmap Index Scan", "Parent Relationship": "Outer", "Index Name": "orders_pkey", "Startup Cost": 0.0, "Total Cost": 3.36, "Plan Rows": 1, "Plan Width": 0, "Actual Startup Time": 2.073, "Actual Total Time": 2.073, "Actual Rows": 84, "Actual Loops": 84, "Index Cond": "(o_orderkey = public.lineitem.l_orderkey)"}]}]}, {"Node Type": "Bitmap Heap Scan", "Parent Relationship": "Inner", "Relation Name": "customer", "Alias": "customer", "Startup Cost": 0.26, "Total Cost": 4.27, "Plan Rows": 1, "Plan Width": 27, "Actual Startup Time": 1.378, "Actual Total Time": 1.378, "Actual Rows": 84, "Actual Loops": 84, "Recheck Cond": "(c_custkey = orders.o_custkey)", "Rows Removed by Index Recheck": 0, "Exact Heap Blocks": 84, "Lossy Heap Blocks": 84, "Plans": [{"Node Type": "Bitmap Index Scan", "Parent Relationship": "Outer", "Index Name": "customer_pkey", "Startup Cost": 0.0, "Total Cost": 0.26, "Plan Rows": 1, "Plan Width": 0, "Actual Startup Time": 0.854, "Actual Total Time": 0.854, "Actual Rows": 84, "Actual Loops": 84, "Index Cond": "(c_custkey = orders.o_custkey)"}]}]}, {"Node Type": "Bitmap Heap Scan", "Parent Relationship": "Inner", "Relation Name": "lineitem", "Alias": "lineitem", "Startup Cost": 0.38, "Total Cost": 4.49, "Plan Rows": 9, "Plan Width": 16, "Actual Startup Time": 1.417, "Actual Total Time": 1.651, "Actual Rows": 588, "Actual Loops": 84, "Recheck Cond": "(l_orderkey = orders.o_orderkey)", "Rows Removed by Index Recheck": 0, "Exact Heap Blocks": 96, "Lossy Heap Blocks": 96, "Plans": [{"Node Type": "Bitmap Index Scan", "Parent Relationship": "Outer", "Index Name": "idx_lineitem_orderkey", "Startup Cost": 0.0, "Total Cost": 0.38, "Plan Rows": 9, "Plan Width": 0, "Actual Startup Time": 0.904, "Actual Total Time": 0.904, "Actual Rows": 588, "Actual Loops": 84, "Index Cond": "(l_orderkey = orders.o_orderkey)"}]}]}]}]}]}, "Triggers": [], "Planner Runtime": 1.515, "Total Runtime": 49553.909, "Unique SQL Id": 1915754155}}, "(1, '40')": {"explain_plan": {"Plan": {"Node Type": "Limit", "Startup Cost": 2649029.8, "Total Cost": 2649030.05, "Plan Rows": 100, "Plan Width": 59, "Plans": [{"Node Type": "Sort", "Parent Relationship": "Outer", "Startup Cost": 2649029.8, "Total Cost": 2649345.6, "Plan Rows": 100, "Plan Width": 59, "Sort Key": ["orders.o_totalprice DESC", "orders.o_orderdate"], "Plans": [{"Node Type": "Aggregate", "Strategy": "Hashed", "Parent Relationship": "Outer", "Startup Cost": 2642938.69, "Total Cost": 2644201.9, "Plan Rows": 126321, "Plan Width": 59, "Group By Key": ["orders.o_totalprice", "orders.o_orderdate", "customer.c_name", "customer.c_custkey", "orders.o_orderkey"], "Plans": [{"Node Type": "Nested Loop", "Parent Relationship": "Outer", "Join Type": "Inner", "Startup Cost": 2315050.5, "Total Cost": 2641043.88, "Plan Rows": 126321, "Plan Width": 59, "Inner Unique": false, "Plans": [{"Node Type": "Nested Loop", "Parent Relationship": "Outer", "Join Type": "Inner", "Startup Cost": 2315050.5, "Total Cost": 2627700.1, "Plan Rows": 13913, "Plan Width": 59, "Inner Unique": true, "Plans": [{"Node Type": "Nested Loop", "Parent Relationship": "Outer", "Join Type": "Inner", "Startup Cost": 2315050.5, "Total Cost": 2618076.97, "Plan Rows": 33034, "Plan Width": 40, "Inner Unique": true, "Plans": [{"Node Type": "Aggregate", "Strategy": "Hashed", "Parent Relationship": "Outer", "Startup Cost": 2315050.5, "Total Cost": 2381201.11, "Plan Rows": 33034, "Plan Width": 16, "Group By Key": ["public.lineitem.l_orderkey"], "Filter": "(sum(public.lineitem.l_quantity) > 314::double precision), (LLVM Optimized)", "Plans": [{"Node Type": "Seq Scan", "Parent Relationship": "Outer", "Relation Name": "lineitem", "Alias": "lineitem", "Startup Cost": 0.0, "Total Cost": 2015115.33, "Plan Rows": 59987033, "Plan Width": 16}]}, {"Node Type": "Index Scan", "Parent Relationship": "Inner", "Scan Direction": "Forward", "Index Name": "orders_pkey", "Relation Name": "orders", "Alias": "orders", "Startup Cost": 0.0, "Total Cost": 7.15, "Plan Rows": 1, "Plan Width": 32, "Index Cond": "(o_orderkey = public.lineitem.l_orderkey)"}]}, {"Node Type": "Index Scan", "Parent Relationship": "Inner", "Scan Direction": "Forward", "Index Name": "customer_pkey", "Relation Name": "customer", "Alias": "customer", "Startup Cost": 0.0, "Total Cost": 0.28, "Plan Rows": 1, "Plan Width": 27, "Index Cond": "(c_custkey = orders.o_custkey)"}]}, {"Node Type": "Index Scan", "Parent Relationship": "Inner", "Scan Direction": "Forward", "Index Name": "idx_lineitem_orderkey", "Relation Name": "lineitem", "Alias": "lineitem", "Startup Cost": 0.0, "Total Cost": 0.87, "Plan Rows": 9, "Plan Width": 16, "Index Cond": "(l_orderkey = orders.o_orderkey)"}]}]}]}]}, "Unique SQL Id": 1915754155, "Planner Runtime": 0}, "explain_analyze_plan": {"Plan": {"Node Type": "Limit", "Startup Cost": 2649029.8, "Total Cost": 2649030.05, "Plan Rows": 100, "Plan Width": 59, "Actual Startup Time": 51129.008, "Actual Total Time": 51129.027, "Actual Rows": 84, "Actual Loops": 1, "Plans": [{"Node Type": "Sort", "Parent Relationship": "Outer", "Startup Cost": 2649029.8, "Total Cost": 2649345.6, "Plan Rows": 100, "Plan Width": 59, "Actual Startup Time": 51129.006, "Actual Total Time": 51129.015, "Actual Rows": 84, "Actual Loops": 1, "Sort Key": ["orders.o_totalprice DESC", "orders.o_orderdate"], "Sort Method": "quicksort", "Sort Space Used": 38, "Sort Space Type": "Memory", "Plans": [{"Node Type": "Aggregate", "Strategy": "Hashed", "Parent Relationship": "Outer", "Startup Cost": 2642938.69, "Total Cost": 2644201.9, "Plan Rows": 126321, "Plan Width": 59, "Actual Startup Time": 51128.213, "Actual Total Time": 51128.889, "Actual Rows": 84, "Actual Loops": 1, "Group By Key": ["orders.o_totalprice", "orders.o_orderdate", "customer.c_name", "customer.c_custkey", "orders.o_orderkey"], "Plans": [{"Node Type": "Nested Loop", "Parent Relationship": "Outer", "Join Type": "Inner", "Startup Cost": 2315050.5, "Total Cost": 2641043.88, "Plan Rows": 126321, "Plan Width": 59, "Actual Startup Time": 46173.798, "Actual Total Time": 51126.311, "Actual Rows": 588, "Actual Loops": 1, "Inner Unique": false, "Plans": [{"Node Type": "Nested Loop", "Parent Relationship": "Outer", "Join Type": "Inner", "Startup Cost": 2315050.5, "Total Cost": 2627700.1, "Plan Rows": 13913, "Plan Width": 59, "Actual Startup Time": 46173.775, "Actual Total Time": 51124.263, "Actual Rows": 84, "Actual Loops": 1, "Inner Unique": true, "Plans": [{"Node Type": "Nested Loop", "Parent Relationship": "Outer", "Join Type": "Inner", "Startup Cost": 2315050.5, "Total Cost": 2618076.97, "Plan Rows": 33034, "Plan Width": 40, "Actual Startup Time": 46173.751, "Actual Total Time": 51122.995, "Actual Rows": 84, "Actual Loops": 1, "Inner Unique": true, "Plans": [{"Node Type": "Aggregate", "Strategy": "Hashed", "Parent Relationship": "Outer", "Startup Cost": 2315050.5, "Total Cost": 2381201.11, "Plan Rows": 33034, "Plan Width": 16, "Actual Startup Time": 46173.686, "Actual Total Time": 51106.177, "Actual Rows": 84, "Actual Loops": 1, "Group By Key": ["public.lineitem.l_orderkey"], "Filter": "(sum(public.lineitem.l_quantity) > 314::double precision), (LLVM Optimized, Jit Execute)", "Rows Removed by Filter": 14999916, "Plans": [{"Node Type": "Seq Scan", "Parent Relationship": "Outer", "Relation Name": "lineitem", "Alias": "lineitem", "Startup Cost": 0.0, "Total Cost": 2015115.33, "Plan Rows": 59987033, "Plan Width": 16, "Actual Startup Time": 0.043, "Actual Total Time": 19975.008, "Actual Rows": 59986052, "Actual Loops": 1}]}, {"Node Type": "Index Scan", "Parent Relationship": "Inner", "Scan Direction": "Forward", "Index Name": "orders_pkey", "Relation Name": "orders", "Alias": "orders", "Startup Cost": 0.0, "Total Cost": 7.15, "Plan Rows": 1, "Plan Width": 32, "Actual Startup Time": 2.93, "Actual Total Time": 2.93, "Actual Rows": 84, "Actual Loops": 84, "Index Cond": "(o_orderkey = public.lineitem.l_orderkey)", "Rows Removed by Index Recheck": 0}]}, {"Node Type": "Index Scan", "Parent Relationship": "Inner", "Scan Direction": "Forward", "Index Name": "customer_pkey", "Relation Name": "customer", "Alias": "customer", "Startup Cost": 0.0, "Total Cost": 0.28, "Plan Rows": 1, "Plan Width": 27, "Actual Startup Time": 0.906, "Actual Total Time": 0.906, "Actual Rows": 84, "Actual Loops": 84, "Index Cond": "(c_custkey = orders.o_custkey)", "Rows Removed by Index Recheck": 0}]}, {"Node Type": "Index Scan", "Parent Relationship": "Inner", "Scan Direction": "Forward", "Index Name": "idx_lineitem_orderkey", "Relation Name": "lineitem", "Alias": "lineitem", "Startup Cost": 0.0, "Total Cost": 0.87, "Plan Rows": 9, "Plan Width": 16, "Actual Startup Time": 1.165, "Actual Total Time": 1.622, "Actual Rows": 588, "Actual Loops": 84, "Index Cond": "(l_orderkey = orders.o_orderkey)", "Rows Removed by Index Recheck": 0}]}]}]}]}, "Triggers": [], "Planner Runtime": 1.711, "Total Runtime": 51138.586, "Unique SQL Id": 1915754155}}, "(1, '41')": {"explain_plan": {"Plan": {"Node Type": "Limit", "Startup Cost": 3874068.21, "Total Cost": 3874068.46, "Plan Rows": 100, "Plan Width": 59, "Plans": [{"Node Type": "Sort", "Parent Relationship": "Outer", "Startup Cost": 3874068.21, "Total Cost": 3874384.02, "Plan Rows": 100, "Plan Width": 59, "Sort Key": ["orders.o_totalprice DESC", "orders.o_orderdate"], "Plans": [{"Node Type": "Aggregate", "Strategy": "Hashed", "Parent Relationship": "Outer", "Startup Cost": 3867977.11, "Total Cost": 3869240.32, "Plan Rows": 126321, "Plan Width": 59, "Group By Key": ["orders.o_totalprice", "orders.o_orderdate", "customer.c_name", "customer.c_custkey", "orders.o_orderkey"], "Plans": [{"Node Type": "Nested Loop", "Parent Relationship": "Outer", "Join Type": "Inner", "Startup Cost": 0.0, "Total Cost": 3866082.29, "Plan Rows": 126321, "Plan Width": 59, "Inner Unique": false, "Plans": [{"Node Type": "Nested Loop", "Parent Relationship": "Outer", "Join Type": "Inner", "Startup Cost": 0.0, "Total Cost": 3852738.51, "Plan Rows": 13913, "Plan Width": 59, "Inner Unique": true, "Plans": [{"Node Type": "Nested Loop", "Parent Relationship": "Outer", "Join Type": "Inner", "Startup Cost": 0.0, "Total Cost": 3843115.38, "Plan Rows": 33034, "Plan Width": 40, "Inner Unique": true, "Plans": [{"Node Type": "Aggregate", "Strategy": "Sorted", "Parent Relationship": "Outer", "Startup Cost": 0.0, "Total Cost": 3606239.52, "Plan Rows": 33034, "Plan Width": 24, "Group By Key": ["public.lineitem.l_orderkey"], "Filter": "(sum(public.lineitem.l_quantity) > 314::double precision), (LLVM Optimized)", "Plans": [{"Node Type": "Index Scan", "Parent Relationship": "Outer", "Scan Direction": "Forward", "Index Name": "idx_lineitem_orderkey", "Relation Name": "lineitem", "Alias": "lineitem", "Startup Cost": 0.0, "Total Cost": 3240153.75, "Plan Rows": 59987033, "Plan Width": 16}]}, {"Node Type": "Index Scan", "Parent Relationship": "Inner", "Scan Direction": "Forward", "Index Name": "orders_pkey", "Relation Name": "orders", "Alias": "orders", "Startup Cost": 0.0, "Total Cost": 7.15, "Plan Rows": 1, "Plan Width": 32, "Index Cond": "(o_orderkey = public.lineitem.l_orderkey)"}]}, {"Node Type": "Index Scan", "Parent Relationship": "Inner", "Scan Direction": "Forward", "Index Name": "customer_pkey", "Relation Name": "customer", "Alias": "customer", "Startup Cost": 0.0, "Total Cost": 0.28, "Plan Rows": 1, "Plan Width": 27, "Index Cond": "(c_custkey = orders.o_custkey)"}]}, {"Node Type": "Index Scan", "Parent Relationship": "Inner", "Scan Direction": "Forward", "Index Name": "idx_lineitem_orderkey", "Relation Name": "lineitem", "Alias": "lineitem", "Startup Cost": 0.0, "Total Cost": 0.87, "Plan Rows": 9, "Plan Width": 16, "Index Cond": "(l_orderkey = orders.o_orderkey)"}]}]}]}]}, "Unique SQL Id": 1915754155, "Planner Runtime": 0}, "explain_analyze_plan": {"Plan": {"Node Type": "Limit", "Startup Cost": 3874068.21, "Total Cost": 3874068.46, "Plan Rows": 100, "Plan Width": 59, "Actual Startup Time": 50695.002, "Actual Total Time": 50695.017, "Actual Rows": 84, "Actual Loops": 1, "Plans": [{"Node Type": "Sort", "Parent Relationship": "Outer", "Startup Cost": 3874068.21, "Total Cost": 3874384.02, "Plan Rows": 100, "Plan Width": 59, "Actual Startup Time": 50695.0, "Actual Total Time": 50695.004, "Actual Rows": 84, "Actual Loops": 1, "Sort Key": ["orders.o_totalprice DESC", "orders.o_orderdate"], "Sort Method": "quicksort", "Sort Space Used": 38, "Sort Space Type": "Memory", "Plans": [{"Node Type": "Aggregate", "Strategy": "Hashed", "Parent Relationship": "Outer", "Startup Cost": 3867977.11, "Total Cost": 3869240.32, "Plan Rows": 126321, "Plan Width": 59, "Actual Startup Time": 50694.487, "Actual Total Time": 50694.852, "Actual Rows": 84, "Actual Loops": 1, "Group By Key": ["orders.o_totalprice", "orders.o_orderdate", "customer.c_name", "customer.c_custkey", "orders.o_orderkey"], "Plans": [{"Node Type": "Nested Loop", "Parent Relationship": "Outer", "Join Type": "Inner", "Startup Cost": 0.0, "Total Cost": 3866082.29, "Plan Rows": 126321, "Plan Width": 59, "Actual Startup Time": 1159.494, "Actual Total Time": 50691.109, "Actual Rows": 588, "Actual Loops": 1, "Inner Unique": false, "Plans": [{"Node Type": "Nested Loop", "Parent Relationship": "Outer", "Join Type": "Inner", "Startup Cost": 0.0, "Total Cost": 3852738.51, "Plan Rows": 13913, "Plan Width": 59, "Actual Startup Time": 1159.473, "Actual Total Time": 50688.867, "Actual Rows": 84, "Actual Loops": 1, "Inner Unique": true, "Plans": [{"Node Type": "Nested Loop", "Parent Relationship": "Outer", "Join Type": "Inner", "Startup Cost": 0.0, "Total Cost": 3843115.38, "Plan Rows": 33034, "Plan Width": 40, "Actual Startup Time": 1159.448, "Actual Total Time": 50687.006, "Actual Rows": 84, "Actual Loops": 1, "Inner Unique": true, "Plans": [{"Node Type": "Aggregate", "Strategy": "Sorted", "Parent Relationship": "Outer", "Startup Cost": 0.0, "Total Cost": 3606239.52, "Plan Rows": 33034, "Plan Width": 24, "Actual Startup Time": 1159.408, "Actual Total Time": 50684.063, "Actual Rows": 84, "Actual Loops": 1, "Group By Key": ["public.lineitem.l_orderkey"], "Filter": "(sum(public.lineitem.l_quantity) > 314::double precision), (LLVM Optimized, Jit Execute)", "Rows Removed by Filter": 14999916, "Plans": [{"Node Type": "Index Scan", "Parent Relationship": "Outer", "Scan Direction": "Forward", "Index Name": "idx_lineitem_orderkey", "Relation Name": "lineitem", "Alias": "lineitem", "Startup Cost": 0.0, "Total Cost": 3240153.75, "Plan Rows": 59987033, "Plan Width": 16, "Actual Startup Time": 0.029, "Actual Total Time": 30275.076, "Actual Rows": 59986052, "Actual Loops": 1}]}, {"Node Type": "Index Scan", "Parent Relationship": "Inner", "Scan Direction": "Forward", "Index Name": "orders_pkey", "Relation Name": "orders", "Alias": "orders", "Startup Cost": 0.0, "Total Cost": 7.15, "Plan Rows": 1, "Plan Width": 32, "Actual Startup Time": 1.994, "Actual Total Time": 1.994, "Actual Rows": 84, "Actual Loops": 84, "Index Cond": "(o_orderkey = public.lineitem.l_orderkey)", "Rows Removed by Index Recheck": 0}]}, {"Node Type": "Index Scan", "Parent Relationship": "Inner", "Scan Direction": "Forward", "Index Name": "customer_pkey", "Relation Name": "customer", "Alias": "customer", "Startup Cost": 0.0, "Total Cost": 0.28, "Plan Rows": 1, "Plan Width": 27, "Actual Startup Time": 1.278, "Actual Total Time": 1.278, "Actual Rows": 84, "Actual Loops": 84, "Index Cond": "(c_custkey = orders.o_custkey)", "Rows Removed by Index Recheck": 0}]}, {"Node Type": "Index Scan", "Parent Relationship": "Inner", "Scan Direction": "Forward", "Index Name": "idx_lineitem_orderkey", "Relation Name": "lineitem", "Alias": "lineitem", "Startup Cost": 0.0, "Total Cost": 0.87, "Plan Rows": 9, "Plan Width": 16, "Actual Startup Time": 0.938, "Actual Total Time": 1.562, "Actual Rows": 588, "Actual Loops": 84, "Index Cond": "(l_orderkey = orders.o_orderkey)", "Rows Removed by Index Recheck": 0}]}]}]}]}, "Triggers": [], "Planner Runtime": 1.698, "Total Runtime": 50704.506, "Unique SQL Id": 1915754155}}, "(1, '42')": {"explain_plan": {"Plan": {"Node Type": "Limit", "Startup Cost": 5166300.38, "Total Cost": 5166300.63, "Plan Rows": 100, "Plan Width": 59, "Plans": [{"Node Type": "Sort", "Parent Relationship": "Outer", "Startup Cost": 5166300.38, "Total Cost": 5166616.18, "Plan Rows": 100, "Plan Width": 59, "Sort Key": ["orders.o_totalprice DESC", "orders.o_orderdate"], "Plans": [{"Node Type": "Aggregate", "Strategy": "Hashed", "Parent Relationship": "Outer", "Startup Cost": 5160209.27, "Total Cost": 5161472.48, "Plan Rows": 126321, "Plan Width": 59, "Group By Key": ["orders.o_totalprice", "orders.o_orderdate", "customer.c_name", "customer.c_custkey", "orders.o_orderkey"], "Plans": [{"Node Type": "Hash Join", "Parent Relationship": "Outer", "Join Type": "Inner", "Startup Cost": 2917691.33, "Total Cost": 5158314.46, "Plan Rows": 126321, "Plan Width": 59, "Inner Unique": false, "Hash Cond": "(public.lineitem.l_orderkey = orders.o_orderkey), (LLVM Optimized)", "Plans": [{"Node Type": "Seq Scan", "Parent Relationship": "Outer", "Relation Name": "lineitem", "Alias": "lineitem", "Startup Cost": 0.0, "Total Cost": 2015115.33, "Plan Rows": 59987033, "Plan Width": 16}, {"Node Type": "Hash", "Parent Relationship": "Inner", "Startup Cost": 2917517.42, "Total Cost": 2917517.42, "Plan Rows": 13913, "Plan Width": 59, "Plans": [{"Node Type": "Hash Join", "Parent Relationship": "Outer", "Join Type": "Inner", "Startup Cost": 2452820.37, "Total Cost": 2917517.42, "Plan Rows": 13913, "Plan Width": 59, "Inner Unique": true, "Hash Cond": "(orders.o_custkey = customer.c_custkey)", "Plans": [{"Node Type": "Hash Join", "Parent Relationship": "Outer", "Join Type": "Inner", "Startup Cost": 2381944.37, "Total Cost": 2846187.2, "Plan Rows": 33034, "Plan Width": 40, "Inner Unique": true, "Hash Cond": "(orders.o_orderkey = public.lineitem.l_orderkey)", "Plans": [{"Node Type": "Seq Scan", "Parent Relationship": "Outer", "Relation Name": "orders", "Alias": "orders", "Startup Cost": 0.0, "Total Cost": 426413.79, "Plan Rows": 14999479, "Plan Width": 32}, {"Node Type": "Hash", "Parent Relationship": "Inner", "Startup Cost": 2381531.45, "Total Cost": 2381531.45, "Plan Rows": 33034, "Plan Width": 8, "Plans": [{"Node Type": "Aggregate", "Strategy": "Hashed", "Parent Relationship": "Outer", "Startup Cost": 2315050.5, "Total Cost": 2381201.11, "Plan Rows": 33034, "Plan Width": 16, "Group By Key": ["public.lineitem.l_orderkey"], "Filter": "(sum(public.lineitem.l_quantity) > 314::double precision), (LLVM Optimized)", "Plans": [{"Node Type": "Seq Scan", "Parent Relationship": "Outer", "Relation Name": "lineitem", "Alias": "lineitem", "Startup Cost": 0.0, "Total Cost": 2015115.33, "Plan Rows": 59987033, "Plan Width": 16}]}]}]}, {"Node Type": "Hash", "Parent Relationship": "Inner", "Startup Cost": 52126.0, "Total Cost": 52126.0, "Plan Rows": 1500000, "Plan Width": 27, "Plans": [{"Node Type": "Seq Scan", "Parent Relationship": "Outer", "Relation Name": "customer", "Alias": "customer", "Startup Cost": 0.0, "Total Cost": 52126.0, "Plan Rows": 1500000, "Plan Width": 27}]}]}]}]}]}]}]}, "Unique SQL Id": 1915754155, "Planner Runtime": 0}, "explain_analyze_plan": {"Plan": {"Node Type": "Limit", "Startup Cost": 5166300.38, "Total Cost": 5166300.63, "Plan Rows": 100, "Plan Width": 59, "Actual Startup Time": 89037.107, "Actual Total Time": 89037.126, "Actual Rows": 84, "Actual Loops": 1, "Plans": [{"Node Type": "Sort", "Parent Relationship": "Outer", "Startup Cost": 5166300.38, "Total Cost": 5166616.18, "Plan Rows": 100, "Plan Width": 59, "Actual Startup Time": 89037.105, "Actual Total Time": 89037.108, "Actual Rows": 84, "Actual Loops": 1, "Sort Key": ["orders.o_totalprice DESC", "orders.o_orderdate"], "Sort Method": "quicksort", "Sort Space Used": 38, "Sort Space Type": "Memory", "Plans": [{"Node Type": "Aggregate", "Strategy": "Hashed", "Parent Relationship": "Outer", "Startup Cost": 5160209.27, "Total Cost": 5161472.48, "Plan Rows": 126321, "Plan Width": 59, "Actual Startup Time": 89036.695, "Actual Total Time": 89036.991, "Actual Rows": 84, "Actual Loops": 1, "Group By Key": ["orders.o_totalprice", "orders.o_orderdate", "customer.c_name", "customer.c_custkey", "orders.o_orderkey"], "Plans": [{"Node Type": "Hash Join", "Parent Relationship": "Outer", "Join Type": "Inner", "Startup Cost": 2917691.33, "Total Cost": 5158314.46, "Plan Rows": 126321, "Plan Width": 59, "Actual Startup Time": 61203.999, "Actual Total Time": 89033.999, "Actual Rows": 588, "Actual Loops": 1, "Inner Unique": false, "Hash Cond": "(public.lineitem.l_orderkey = orders.o_orderkey), (LLVM Optimized, Jit Execute)", "Plans": [{"Node Type": "Seq Scan", "Parent Relationship": "Outer", "Relation Name": "lineitem", "Alias": "lineitem", "Startup Cost": 0.0, "Total Cost": 2015115.33, "Plan Rows": 59987033, "Plan Width": 16, "Actual Startup Time": 0.017, "Actual Total Time": 17301.556, "Actual Rows": 59986052, "Actual Loops": 1}, {"Node Type": "Hash", "Parent Relationship": "Inner", "Startup Cost": 2917517.42, "Total Cost": 2917517.42, "Plan Rows": 13913, "Plan Width": 59, "Actual Startup Time": 60623.935, "Actual Total Time": 60623.935, "Actual Rows": 84, "Actual Loops": 1, "Hash Buckets": 32768, "Hash Batches": 1, "Original Hash Batches": 1, "Peak Memory Usage": 8, "Plans": [{"Node Type": "Hash Join", "Parent Relationship": "Outer", "Join Type": "Inner", "Startup Cost": 2452820.37, "Total Cost": 2917517.42, "Plan Rows": 13913, "Plan Width": 59, "Actual Startup Time": 53663.979, "Actual Total Time": 60623.63, "Actual Rows": 84, "Actual Loops": 1, "Inner Unique": true, "Hash Cond": "(orders.o_custkey = customer.c_custkey)", "Plans": [{"Node Type": "Hash Join", "Parent Relationship": "Outer", "Join Type": "Inner", "Startup Cost": 2381944.37, "Total Cost": 2846187.2, "Plan Rows": 33034, "Plan Width": 40, "Actual Startup Time": 52633.277, "Actual Total Time": 59591.763, "Actual Rows": 84, "Actual Loops": 1, "Inner Unique": true, "Hash Cond": "(orders.o_orderkey = public.lineitem.l_orderkey)", "Plans": [{"Node Type": "Seq Scan", "Parent Relationship": "Outer", "Relation Name": "orders", "Alias": "orders", "Startup Cost": 0.0, "Total Cost": 426413.79, "Plan Rows": 14999479, "Plan Width": 32, "Actual Startup Time": 0.016, "Actual Total Time": 3989.93, "Actual Rows": 15000000, "Actual Loops": 1}, {"Node Type": "Hash", "Parent Relationship": "Inner", "Startup Cost": 2381531.45, "Total Cost": 2381531.45, "Plan Rows": 33034, "Plan Width": 8, "Actual Startup Time": 52471.707, "Actual Total Time": 52471.707, "Actual Rows": 84, "Actual Loops": 1, "Hash Buckets": 65536, "Hash Batches": 1, "Original Hash Batches": 1, "Peak Memory Usage": 4, "Plans": [{"Node Type": "Aggregate", "Strategy": "Hashed", "Parent Relationship": "Outer", "Startup Cost": 2315050.5, "Total Cost": 2381201.11, "Plan Rows": 33034, "Plan Width": 16, "Actual Startup Time": 46371.321, "Actual Total Time": 52471.276, "Actual Rows": 84, "Actual Loops": 1, "Group By Key": ["public.lineitem.l_orderkey"], "Filter": "(sum(public.lineitem.l_quantity) > 314::double precision), (LLVM Optimized, Jit Execute)", "Rows Removed by Filter": 14999916, "Plans": [{"Node Type": "Seq Scan", "Parent Relationship": "Outer", "Relation Name": "lineitem", "Alias": "lineitem", "Startup Cost": 0.0, "Total Cost": 2015115.33, "Plan Rows": 59987033, "Plan Width": 16, "Actual Startup Time": 0.041, "Actual Total Time": 20225.989, "Actual Rows": 59986052, "Actual Loops": 1}]}]}]}, {"Node Type": "Hash", "Parent Relationship": "Inner", "Startup Cost": 52126.0, "Total Cost": 52126.0, "Plan Rows": 1500000, "Plan Width": 27, "Actual Startup Time": 1029.308, "Actual Total Time": 1029.308, "Actual Rows": 1500000, "Actual Loops": 1, "Hash Buckets": 2097152, "Hash Batches": 1, "Original Hash Batches": 1, "Peak Memory Usage": 93750, "Plans": [{"Node Type": "Seq Scan", "Parent Relationship": "Outer", "Relation Name": "customer", "Alias": "customer", "Startup Cost": 0.0, "Total Cost": 52126.0, "Plan Rows": 1500000, "Plan Width": 27, "Actual Startup Time": 0.016, "Actual Total Time": 529.594, "Actual Rows": 1500000, "Actual Loops": 1}]}]}]}]}]}]}]}, "Triggers": [], "Planner Runtime": 1.647, "Total Runtime": 89046.62, "Unique SQL Id": 1915754155}}, "(1, '43')": {"explain_plan": {"Plan": {"Node Type": "Limit", "Startup Cost": 4021424234088.76, "Total Cost": 4021424234089.01, "Plan Rows": 100, "Plan Width": 59, "Plans": [{"Node Type": "Sort", "Parent Relationship": "Outer", "Startup Cost": 4021424234088.76, "Total Cost": 4021424234404.56, "Plan Rows": 100, "Plan Width": 59, "Sort Key": ["orders.o_totalprice DESC", "orders.o_orderdate"], "Plans": [{"Node Type": "Aggregate", "Strategy": "Hashed", "Parent Relationship": "Outer", "Startup Cost": 4021424227997.65, "Total Cost": 4021424229260.86, "Plan Rows": 126321, "Plan Width": 59, "Group By Key": ["orders.o_totalprice", "orders.o_orderdate", "customer.c_name", "customer.c_custkey", "orders.o_orderkey"], "Plans": [{"Node Type": "Nested Loop", "Parent Relationship": "Outer", "Join Type": "Inner", "Startup Cost": 40000000000.0, "Total Cost": 4021424226102.83, "Plan Rows": 126321, "Plan Width": 59, "Inner Unique": false, "Join Filter": "(orders.o_orderkey = public.lineitem.l_orderkey), (LLVM Optimized)", "Plans": [{"Node Type": "Index Scan", "Parent Relationship": "Outer", "Scan Direction": "Forward", "Index Name": "idx_lineitem_orderkey", "Relation Name": "lineitem", "Alias": "lineitem", "Startup Cost": 10000000000.0, "Total Cost": 1000324015374.5, "Plan Rows": 59987033, "Plan Width": 16}, {"Node Type": "Materialize", "Parent Relationship": "Inner", "Startup Cost": 30000000000.0, "Total Cost": 3008581216911.18, "Plan Rows": 13913, "Plan Width": 59, "Plans": [{"Node Type": "Nested Loop", "Parent Relationship": "Outer", "Join Type": "Inner", "Startup Cost": 30000000000.0, "Total Cost": 3008581216841.62, "Plan Rows": 13913, "Plan Width": 59, "Inner Unique": true, "Join Filter": "(orders.o_custkey = customer.c_custkey)", "Plans": [{"Node Type": "Nested Loop", "Parent Relationship": "Outer", "Join Type": "Semi", "Startup Cost": 20000000000.0, "Total Cost": 2007829871555.99, "Plan Rows": 33034, "Plan Width": 40, "Inner Unique": false, "Join Filter": "(orders.o_orderkey = public.lineitem.l_orderkey)", "Plans": [{"Node Type": "Index Scan", "Parent Relationship": "Outer", "Scan Direction": "Forward", "Index Name": "orders_pkey", "Relation Name": "orders", "Alias": "orders", "Startup Cost": 10000000000.0, "Total Cost": 1000073097843.5, "Plan Rows": 14999479, "Plan Width": 32}, {"Node Type": "Materialize", "Parent Relationship": "Inner", "Startup Cost": 10000000000.0, "Total Cost": 1000324381955.79, "Plan Rows": 33034, "Plan Width": 8, "Plans": [{"Node Type": "Aggregate", "Strategy": "Sorted", "Parent Relationship": "Outer", "Startup Cost": 10000000000.0, "Total Cost": 1000324381460.28, "Plan Rows": 33034, "Plan Width": 24, "Group By Key": ["public.lineitem.l_orderkey"], "Filter": "(sum(public.lineitem.l_quantity) > 314::double precision), (LLVM Optimized)", "Plans": [{"Node Type": "Index Scan", "Parent Relationship": "Outer", "Scan Direction": "Forward", "Index Name": "idx_lineitem_orderkey", "Relation Name": "lineitem", "Alias": "lineitem", "Startup Cost": 10000000000.0, "Total Cost": 1000324015374.5, "Plan Rows": 59987033, "Plan Width": 16}]}]}]}, {"Node Type": "Materialize", "Parent Relationship": "Inner", "Startup Cost": 10000000000.0, "Total Cost": 1000008084035.62, "Plan Rows": 1500000, "Plan Width": 27, "Plans": [{"Node Type": "Index Scan", "Parent Relationship": "Outer", "Scan Direction": "Forward", "Index Name": "customer_pkey", "Relation Name": "customer", "Alias": "customer", "Startup Cost": 10000000000.0, "Total Cost": 1000008076535.62, "Plan Rows": 1500000, "Plan Width": 27}]}]}]}]}]}]}]}, "Unique SQL Id": 1915754155, "Planner Runtime": 0}, "explain_analyze_plan": null}, "(1, '44')": {"explain_plan": {"Plan": {"Node Type": "Limit", "Startup Cost": 2649029.8, "Total Cost": 2649030.05, "Plan Rows": 100, "Plan Width": 59, "Plans": [{"Node Type": "Sort", "Parent Relationship": "Outer", "Startup Cost": 2649029.8, "Total Cost": 2649345.6, "Plan Rows": 100, "Plan Width": 59, "Sort Key": ["orders.o_totalprice DESC", "orders.o_orderdate"], "Plans": [{"Node Type": "Aggregate", "Strategy": "Hashed", "Parent Relationship": "Outer", "Startup Cost": 2642938.69, "Total Cost": 2644201.9, "Plan Rows": 126321, "Plan Width": 59, "Group By Key": ["orders.o_totalprice", "orders.o_orderdate", "customer.c_name", "customer.c_custkey", "orders.o_orderkey"], "Plans": [{"Node Type": "Nested Loop", "Parent Relationship": "Outer", "Join Type": "Inner", "Startup Cost": 2315050.5, "Total Cost": 2641043.88, "Plan Rows": 126321, "Plan Width": 59, "Inner Unique": false, "Plans": [{"Node Type": "Nested Loop", "Parent Relationship": "Outer", "Join Type": "Inner", "Startup Cost": 2315050.5, "Total Cost": 2627700.1, "Plan Rows": 13913, "Plan Width": 59, "Inner Unique": true, "Plans": [{"Node Type": "Nested Loop", "Parent Relationship": "Outer", "Join Type": "Inner", "Startup Cost": 2315050.5, "Total Cost": 2618076.97, "Plan Rows": 33034, "Plan Width": 40, "Inner Unique": true, "Plans": [{"Node Type": "Aggregate", "Strategy": "Hashed", "Parent Relationship": "Outer", "Startup Cost": 2315050.5, "Total Cost": 2381201.11, "Plan Rows": 33034, "Plan Width": 16, "Group By Key": ["public.lineitem.l_orderkey"], "Filter": "(sum(public.lineitem.l_quantity) > 314::double precision), (LLVM Optimized)", "Plans": [{"Node Type": "Seq Scan", "Parent Relationship": "Outer", "Relation Name": "lineitem", "Alias": "lineitem", "Startup Cost": 0.0, "Total Cost": 2015115.33, "Plan Rows": 59987033, "Plan Width": 16}]}, {"Node Type": "Index Scan", "Parent Relationship": "Inner", "Scan Direction": "Forward", "Index Name": "orders_pkey", "Relation Name": "orders", "Alias": "orders", "Startup Cost": 0.0, "Total Cost": 7.15, "Plan Rows": 1, "Plan Width": 32, "Index Cond": "(o_orderkey = public.lineitem.l_orderkey)"}]}, {"Node Type": "Index Scan", "Parent Relationship": "Inner", "Scan Direction": "Forward", "Index Name": "customer_pkey", "Relation Name": "customer", "Alias": "customer", "Startup Cost": 0.0, "Total Cost": 0.28, "Plan Rows": 1, "Plan Width": 27, "Index Cond": "(c_custkey = orders.o_custkey)"}]}, {"Node Type": "Index Scan", "Parent Relationship": "Inner", "Scan Direction": "Forward", "Index Name": "idx_lineitem_orderkey", "Relation Name": "lineitem", "Alias": "lineitem", "Startup Cost": 0.0, "Total Cost": 0.87, "Plan Rows": 9, "Plan Width": 16, "Index Cond": "(l_orderkey = orders.o_orderkey)"}]}]}]}]}, "Unique SQL Id": 1915754155, "Planner Runtime": 1}, "explain_analyze_plan": {"Plan": {"Node Type": "Limit", "Startup Cost": 2649029.8, "Total Cost": 2649030.05, "Plan Rows": 100, "Plan Width": 59, "Actual Startup Time": 51129.008, "Actual Total Time": 51129.027, "Actual Rows": 84, "Actual Loops": 1, "Plans": [{"Node Type": "Sort", "Parent Relationship": "Outer", "Startup Cost": 2649029.8, "Total Cost": 2649345.6, "Plan Rows": 100, "Plan Width": 59, "Actual Startup Time": 51129.006, "Actual Total Time": 51129.015, "Actual Rows": 84, "Actual Loops": 1, "Sort Key": ["orders.o_totalprice DESC", "orders.o_orderdate"], "Sort Method": "quicksort", "Sort Space Used": 38, "Sort Space Type": "Memory", "Plans": [{"Node Type": "Aggregate", "Strategy": "Hashed", "Parent Relationship": "Outer", "Startup Cost": 2642938.69, "Total Cost": 2644201.9, "Plan Rows": 126321, "Plan Width": 59, "Actual Startup Time": 51128.213, "Actual Total Time": 51128.889, "Actual Rows": 84, "Actual Loops": 1, "Group By Key": ["orders.o_totalprice", "orders.o_orderdate", "customer.c_name", "customer.c_custkey", "orders.o_orderkey"], "Plans": [{"Node Type": "Nested Loop", "Parent Relationship": "Outer", "Join Type": "Inner", "Startup Cost": 2315050.5, "Total Cost": 2641043.88, "Plan Rows": 126321, "Plan Width": 59, "Actual Startup Time": 46173.798, "Actual Total Time": 51126.311, "Actual Rows": 588, "Actual Loops": 1, "Inner Unique": false, "Plans": [{"Node Type": "Nested Loop", "Parent Relationship": "Outer", "Join Type": "Inner", "Startup Cost": 2315050.5, "Total Cost": 2627700.1, "Plan Rows": 13913, "Plan Width": 59, "Actual Startup Time": 46173.775, "Actual Total Time": 51124.263, "Actual Rows": 84, "Actual Loops": 1, "Inner Unique": true, "Plans": [{"Node Type": "Nested Loop", "Parent Relationship": "Outer", "Join Type": "Inner", "Startup Cost": 2315050.5, "Total Cost": 2618076.97, "Plan Rows": 33034, "Plan Width": 40, "Actual Startup Time": 46173.751, "Actual Total Time": 51122.995, "Actual Rows": 84, "Actual Loops": 1, "Inner Unique": true, "Plans": [{"Node Type": "Aggregate", "Strategy": "Hashed", "Parent Relationship": "Outer", "Startup Cost": 2315050.5, "Total Cost": 2381201.11, "Plan Rows": 33034, "Plan Width": 16, "Actual Startup Time": 46173.686, "Actual Total Time": 51106.177, "Actual Rows": 84, "Actual Loops": 1, "Group By Key": ["public.lineitem.l_orderkey"], "Filter": "(sum(public.lineitem.l_quantity) > 314::double precision), (LLVM Optimized, Jit Execute)", "Rows Removed by Filter": 14999916, "Plans": [{"Node Type": "Seq Scan", "Parent Relationship": "Outer", "Relation Name": "lineitem", "Alias": "lineitem", "Startup Cost": 0.0, "Total Cost": 2015115.33, "Plan Rows": 59987033, "Plan Width": 16, "Actual Startup Time": 0.043, "Actual Total Time": 19975.008, "Actual Rows": 59986052, "Actual Loops": 1}]}, {"Node Type": "Index Scan", "Parent Relationship": "Inner", "Scan Direction": "Forward", "Index Name": "orders_pkey", "Relation Name": "orders", "Alias": "orders", "Startup Cost": 0.0, "Total Cost": 7.15, "Plan Rows": 1, "Plan Width": 32, "Actual Startup Time": 2.93, "Actual Total Time": 2.93, "Actual Rows": 84, "Actual Loops": 84, "Index Cond": "(o_orderkey = public.lineitem.l_orderkey)", "Rows Removed by Index Recheck": 0}]}, {"Node Type": "Index Scan", "Parent Relationship": "Inner", "Scan Direction": "Forward", "Index Name": "customer_pkey", "Relation Name": "customer", "Alias": "customer", "Startup Cost": 0.0, "Total Cost": 0.28, "Plan Rows": 1, "Plan Width": 27, "Actual Startup Time": 0.906, "Actual Total Time": 0.906, "Actual Rows": 84, "Actual Loops": 84, "Index Cond": "(c_custkey = orders.o_custkey)", "Rows Removed by Index Recheck": 0}]}, {"Node Type": "Index Scan", "Parent Relationship": "Inner", "Scan Direction": "Forward", "Index Name": "idx_lineitem_orderkey", "Relation Name": "lineitem", "Alias": "lineitem", "Startup Cost": 0.0, "Total Cost": 0.87, "Plan Rows": 9, "Plan Width": 16, "Actual Startup Time": 1.165, "Actual Total Time": 1.622, "Actual Rows": 588, "Actual Loops": 84, "Index Cond": "(l_orderkey = orders.o_orderkey)", "Rows Removed by Index Recheck": 0}]}]}]}]}, "Triggers": [], "Planner Runtime": 1.711, "Total Runtime": 51138.586, "Unique SQL Id": 1915754155}}, "(1, '45')": {"explain_plan": {"Plan": {"Node Type": "Limit", "Startup Cost": 3874068.21, "Total Cost": 3874068.46, "Plan Rows": 100, "Plan Width": 59, "Plans": [{"Node Type": "Sort", "Parent Relationship": "Outer", "Startup Cost": 3874068.21, "Total Cost": 3874384.02, "Plan Rows": 100, "Plan Width": 59, "Sort Key": ["orders.o_totalprice DESC", "orders.o_orderdate"], "Plans": [{"Node Type": "Aggregate", "Strategy": "Hashed", "Parent Relationship": "Outer", "Startup Cost": 3867977.11, "Total Cost": 3869240.32, "Plan Rows": 126321, "Plan Width": 59, "Group By Key": ["orders.o_totalprice", "orders.o_orderdate", "customer.c_name", "customer.c_custkey", "orders.o_orderkey"], "Plans": [{"Node Type": "Nested Loop", "Parent Relationship": "Outer", "Join Type": "Inner", "Startup Cost": 0.0, "Total Cost": 3866082.29, "Plan Rows": 126321, "Plan Width": 59, "Inner Unique": false, "Plans": [{"Node Type": "Nested Loop", "Parent Relationship": "Outer", "Join Type": "Inner", "Startup Cost": 0.0, "Total Cost": 3852738.51, "Plan Rows": 13913, "Plan Width": 59, "Inner Unique": true, "Plans": [{"Node Type": "Nested Loop", "Parent Relationship": "Outer", "Join Type": "Inner", "Startup Cost": 0.0, "Total Cost": 3843115.38, "Plan Rows": 33034, "Plan Width": 40, "Inner Unique": true, "Plans": [{"Node Type": "Aggregate", "Strategy": "Sorted", "Parent Relationship": "Outer", "Startup Cost": 0.0, "Total Cost": 3606239.52, "Plan Rows": 33034, "Plan Width": 24, "Group By Key": ["public.lineitem.l_orderkey"], "Filter": "(sum(public.lineitem.l_quantity) > 314::double precision), (LLVM Optimized)", "Plans": [{"Node Type": "Index Scan", "Parent Relationship": "Outer", "Scan Direction": "Forward", "Index Name": "idx_lineitem_orderkey", "Relation Name": "lineitem", "Alias": "lineitem", "Startup Cost": 0.0, "Total Cost": 3240153.75, "Plan Rows": 59987033, "Plan Width": 16}]}, {"Node Type": "Index Scan", "Parent Relationship": "Inner", "Scan Direction": "Forward", "Index Name": "orders_pkey", "Relation Name": "orders", "Alias": "orders", "Startup Cost": 0.0, "Total Cost": 7.15, "Plan Rows": 1, "Plan Width": 32, "Index Cond": "(o_orderkey = public.lineitem.l_orderkey)"}]}, {"Node Type": "Index Scan", "Parent Relationship": "Inner", "Scan Direction": "Forward", "Index Name": "customer_pkey", "Relation Name": "customer", "Alias": "customer", "Startup Cost": 0.0, "Total Cost": 0.28, "Plan Rows": 1, "Plan Width": 27, "Index Cond": "(c_custkey = orders.o_custkey)"}]}, {"Node Type": "Index Scan", "Parent Relationship": "Inner", "Scan Direction": "Forward", "Index Name": "idx_lineitem_orderkey", "Relation Name": "lineitem", "Alias": "lineitem", "Startup Cost": 0.0, "Total Cost": 0.87, "Plan Rows": 9, "Plan Width": 16, "Index Cond": "(l_orderkey = orders.o_orderkey)"}]}]}]}]}, "Unique SQL Id": 1915754155, "Planner Runtime": 0}, "explain_analyze_plan": {"Plan": {"Node Type": "Limit", "Startup Cost": 3874068.21, "Total Cost": 3874068.46, "Plan Rows": 100, "Plan Width": 59, "Actual Startup Time": 50695.002, "Actual Total Time": 50695.017, "Actual Rows": 84, "Actual Loops": 1, "Plans": [{"Node Type": "Sort", "Parent Relationship": "Outer", "Startup Cost": 3874068.21, "Total Cost": 3874384.02, "Plan Rows": 100, "Plan Width": 59, "Actual Startup Time": 50695.0, "Actual Total Time": 50695.004, "Actual Rows": 84, "Actual Loops": 1, "Sort Key": ["orders.o_totalprice DESC", "orders.o_orderdate"], "Sort Method": "quicksort", "Sort Space Used": 38, "Sort Space Type": "Memory", "Plans": [{"Node Type": "Aggregate", "Strategy": "Hashed", "Parent Relationship": "Outer", "Startup Cost": 3867977.11, "Total Cost": 3869240.32, "Plan Rows": 126321, "Plan Width": 59, "Actual Startup Time": 50694.487, "Actual Total Time": 50694.852, "Actual Rows": 84, "Actual Loops": 1, "Group By Key": ["orders.o_totalprice", "orders.o_orderdate", "customer.c_name", "customer.c_custkey", "orders.o_orderkey"], "Plans": [{"Node Type": "Nested Loop", "Parent Relationship": "Outer", "Join Type": "Inner", "Startup Cost": 0.0, "Total Cost": 3866082.29, "Plan Rows": 126321, "Plan Width": 59, "Actual Startup Time": 1159.494, "Actual Total Time": 50691.109, "Actual Rows": 588, "Actual Loops": 1, "Inner Unique": false, "Plans": [{"Node Type": "Nested Loop", "Parent Relationship": "Outer", "Join Type": "Inner", "Startup Cost": 0.0, "Total Cost": 3852738.51, "Plan Rows": 13913, "Plan Width": 59, "Actual Startup Time": 1159.473, "Actual Total Time": 50688.867, "Actual Rows": 84, "Actual Loops": 1, "Inner Unique": true, "Plans": [{"Node Type": "Nested Loop", "Parent Relationship": "Outer", "Join Type": "Inner", "Startup Cost": 0.0, "Total Cost": 3843115.38, "Plan Rows": 33034, "Plan Width": 40, "Actual Startup Time": 1159.448, "Actual Total Time": 50687.006, "Actual Rows": 84, "Actual Loops": 1, "Inner Unique": true, "Plans": [{"Node Type": "Aggregate", "Strategy": "Sorted", "Parent Relationship": "Outer", "Startup Cost": 0.0, "Total Cost": 3606239.52, "Plan Rows": 33034, "Plan Width": 24, "Actual Startup Time": 1159.408, "Actual Total Time": 50684.063, "Actual Rows": 84, "Actual Loops": 1, "Group By Key": ["public.lineitem.l_orderkey"], "Filter": "(sum(public.lineitem.l_quantity) > 314::double precision), (LLVM Optimized, Jit Execute)", "Rows Removed by Filter": 14999916, "Plans": [{"Node Type": "Index Scan", "Parent Relationship": "Outer", "Scan Direction": "Forward", "Index Name": "idx_lineitem_orderkey", "Relation Name": "lineitem", "Alias": "lineitem", "Startup Cost": 0.0, "Total Cost": 3240153.75, "Plan Rows": 59987033, "Plan Width": 16, "Actual Startup Time": 0.029, "Actual Total Time": 30275.076, "Actual Rows": 59986052, "Actual Loops": 1}]}, {"Node Type": "Index Scan", "Parent Relationship": "Inner", "Scan Direction": "Forward", "Index Name": "orders_pkey", "Relation Name": "orders", "Alias": "orders", "Startup Cost": 0.0, "Total Cost": 7.15, "Plan Rows": 1, "Plan Width": 32, "Actual Startup Time": 1.994, "Actual Total Time": 1.994, "Actual Rows": 84, "Actual Loops": 84, "Index Cond": "(o_orderkey = public.lineitem.l_orderkey)", "Rows Removed by Index Recheck": 0}]}, {"Node Type": "Index Scan", "Parent Relationship": "Inner", "Scan Direction": "Forward", "Index Name": "customer_pkey", "Relation Name": "customer", "Alias": "customer", "Startup Cost": 0.0, "Total Cost": 0.28, "Plan Rows": 1, "Plan Width": 27, "Actual Startup Time": 1.278, "Actual Total Time": 1.278, "Actual Rows": 84, "Actual Loops": 84, "Index Cond": "(c_custkey = orders.o_custkey)", "Rows Removed by Index Recheck": 0}]}, {"Node Type": "Index Scan", "Parent Relationship": "Inner", "Scan Direction": "Forward", "Index Name": "idx_lineitem_orderkey", "Relation Name": "lineitem", "Alias": "lineitem", "Startup Cost": 0.0, "Total Cost": 0.87, "Plan Rows": 9, "Plan Width": 16, "Actual Startup Time": 0.938, "Actual Total Time": 1.562, "Actual Rows": 588, "Actual Loops": 84, "Index Cond": "(l_orderkey = orders.o_orderkey)", "Rows Removed by Index Recheck": 0}]}]}]}]}, "Triggers": [], "Planner Runtime": 1.698, "Total Runtime": 50704.506, "Unique SQL Id": 1915754155}}, "(1, '46')": {"explain_plan": {"Plan": {"Node Type": "Limit", "Startup Cost": 5166300.38, "Total Cost": 5166300.63, "Plan Rows": 100, "Plan Width": 59, "Plans": [{"Node Type": "Sort", "Parent Relationship": "Outer", "Startup Cost": 5166300.38, "Total Cost": 5166616.18, "Plan Rows": 100, "Plan Width": 59, "Sort Key": ["orders.o_totalprice DESC", "orders.o_orderdate"], "Plans": [{"Node Type": "Aggregate", "Strategy": "Hashed", "Parent Relationship": "Outer", "Startup Cost": 5160209.27, "Total Cost": 5161472.48, "Plan Rows": 126321, "Plan Width": 59, "Group By Key": ["orders.o_totalprice", "orders.o_orderdate", "customer.c_name", "customer.c_custkey", "orders.o_orderkey"], "Plans": [{"Node Type": "Hash Join", "Parent Relationship": "Outer", "Join Type": "Inner", "Startup Cost": 2917691.33, "Total Cost": 5158314.46, "Plan Rows": 126321, "Plan Width": 59, "Inner Unique": false, "Hash Cond": "(public.lineitem.l_orderkey = orders.o_orderkey), (LLVM Optimized)", "Plans": [{"Node Type": "Seq Scan", "Parent Relationship": "Outer", "Relation Name": "lineitem", "Alias": "lineitem", "Startup Cost": 0.0, "Total Cost": 2015115.33, "Plan Rows": 59987033, "Plan Width": 16}, {"Node Type": "Hash", "Parent Relationship": "Inner", "Startup Cost": 2917517.42, "Total Cost": 2917517.42, "Plan Rows": 13913, "Plan Width": 59, "Plans": [{"Node Type": "Hash Join", "Parent Relationship": "Outer", "Join Type": "Inner", "Startup Cost": 2452820.37, "Total Cost": 2917517.42, "Plan Rows": 13913, "Plan Width": 59, "Inner Unique": true, "Hash Cond": "(orders.o_custkey = customer.c_custkey)", "Plans": [{"Node Type": "Hash Join", "Parent Relationship": "Outer", "Join Type": "Inner", "Startup Cost": 2381944.37, "Total Cost": 2846187.2, "Plan Rows": 33034, "Plan Width": 40, "Inner Unique": true, "Hash Cond": "(orders.o_orderkey = public.lineitem.l_orderkey)", "Plans": [{"Node Type": "Seq Scan", "Parent Relationship": "Outer", "Relation Name": "orders", "Alias": "orders", "Startup Cost": 0.0, "Total Cost": 426413.79, "Plan Rows": 14999479, "Plan Width": 32}, {"Node Type": "Hash", "Parent Relationship": "Inner", "Startup Cost": 2381531.45, "Total Cost": 2381531.45, "Plan Rows": 33034, "Plan Width": 8, "Plans": [{"Node Type": "Aggregate", "Strategy": "Hashed", "Parent Relationship": "Outer", "Startup Cost": 2315050.5, "Total Cost": 2381201.11, "Plan Rows": 33034, "Plan Width": 16, "Group By Key": ["public.lineitem.l_orderkey"], "Filter": "(sum(public.lineitem.l_quantity) > 314::double precision), (LLVM Optimized)", "Plans": [{"Node Type": "Seq Scan", "Parent Relationship": "Outer", "Relation Name": "lineitem", "Alias": "lineitem", "Startup Cost": 0.0, "Total Cost": 2015115.33, "Plan Rows": 59987033, "Plan Width": 16}]}]}]}, {"Node Type": "Hash", "Parent Relationship": "Inner", "Startup Cost": 52126.0, "Total Cost": 52126.0, "Plan Rows": 1500000, "Plan Width": 27, "Plans": [{"Node Type": "Seq Scan", "Parent Relationship": "Outer", "Relation Name": "customer", "Alias": "customer", "Startup Cost": 0.0, "Total Cost": 52126.0, "Plan Rows": 1500000, "Plan Width": 27}]}]}]}]}]}]}]}, "Unique SQL Id": 1915754155, "Planner Runtime": 0}, "explain_analyze_plan": {"Plan": {"Node Type": "Limit", "Startup Cost": 5166300.38, "Total Cost": 5166300.63, "Plan Rows": 100, "Plan Width": 59, "Actual Startup Time": 89037.107, "Actual Total Time": 89037.126, "Actual Rows": 84, "Actual Loops": 1, "Plans": [{"Node Type": "Sort", "Parent Relationship": "Outer", "Startup Cost": 5166300.38, "Total Cost": 5166616.18, "Plan Rows": 100, "Plan Width": 59, "Actual Startup Time": 89037.105, "Actual Total Time": 89037.108, "Actual Rows": 84, "Actual Loops": 1, "Sort Key": ["orders.o_totalprice DESC", "orders.o_orderdate"], "Sort Method": "quicksort", "Sort Space Used": 38, "Sort Space Type": "Memory", "Plans": [{"Node Type": "Aggregate", "Strategy": "Hashed", "Parent Relationship": "Outer", "Startup Cost": 5160209.27, "Total Cost": 5161472.48, "Plan Rows": 126321, "Plan Width": 59, "Actual Startup Time": 89036.695, "Actual Total Time": 89036.991, "Actual Rows": 84, "Actual Loops": 1, "Group By Key": ["orders.o_totalprice", "orders.o_orderdate", "customer.c_name", "customer.c_custkey", "orders.o_orderkey"], "Plans": [{"Node Type": "Hash Join", "Parent Relationship": "Outer", "Join Type": "Inner", "Startup Cost": 2917691.33, "Total Cost": 5158314.46, "Plan Rows": 126321, "Plan Width": 59, "Actual Startup Time": 61203.999, "Actual Total Time": 89033.999, "Actual Rows": 588, "Actual Loops": 1, "Inner Unique": false, "Hash Cond": "(public.lineitem.l_orderkey = orders.o_orderkey), (LLVM Optimized, Jit Execute)", "Plans": [{"Node Type": "Seq Scan", "Parent Relationship": "Outer", "Relation Name": "lineitem", "Alias": "lineitem", "Startup Cost": 0.0, "Total Cost": 2015115.33, "Plan Rows": 59987033, "Plan Width": 16, "Actual Startup Time": 0.017, "Actual Total Time": 17301.556, "Actual Rows": 59986052, "Actual Loops": 1}, {"Node Type": "Hash", "Parent Relationship": "Inner", "Startup Cost": 2917517.42, "Total Cost": 2917517.42, "Plan Rows": 13913, "Plan Width": 59, "Actual Startup Time": 60623.935, "Actual Total Time": 60623.935, "Actual Rows": 84, "Actual Loops": 1, "Hash Buckets": 32768, "Hash Batches": 1, "Original Hash Batches": 1, "Peak Memory Usage": 8, "Plans": [{"Node Type": "Hash Join", "Parent Relationship": "Outer", "Join Type": "Inner", "Startup Cost": 2452820.37, "Total Cost": 2917517.42, "Plan Rows": 13913, "Plan Width": 59, "Actual Startup Time": 53663.979, "Actual Total Time": 60623.63, "Actual Rows": 84, "Actual Loops": 1, "Inner Unique": true, "Hash Cond": "(orders.o_custkey = customer.c_custkey)", "Plans": [{"Node Type": "Hash Join", "Parent Relationship": "Outer", "Join Type": "Inner", "Startup Cost": 2381944.37, "Total Cost": 2846187.2, "Plan Rows": 33034, "Plan Width": 40, "Actual Startup Time": 52633.277, "Actual Total Time": 59591.763, "Actual Rows": 84, "Actual Loops": 1, "Inner Unique": true, "Hash Cond": "(orders.o_orderkey = public.lineitem.l_orderkey)", "Plans": [{"Node Type": "Seq Scan", "Parent Relationship": "Outer", "Relation Name": "orders", "Alias": "orders", "Startup Cost": 0.0, "Total Cost": 426413.79, "Plan Rows": 14999479, "Plan Width": 32, "Actual Startup Time": 0.016, "Actual Total Time": 3989.93, "Actual Rows": 15000000, "Actual Loops": 1}, {"Node Type": "Hash", "Parent Relationship": "Inner", "Startup Cost": 2381531.45, "Total Cost": 2381531.45, "Plan Rows": 33034, "Plan Width": 8, "Actual Startup Time": 52471.707, "Actual Total Time": 52471.707, "Actual Rows": 84, "Actual Loops": 1, "Hash Buckets": 65536, "Hash Batches": 1, "Original Hash Batches": 1, "Peak Memory Usage": 4, "Plans": [{"Node Type": "Aggregate", "Strategy": "Hashed", "Parent Relationship": "Outer", "Startup Cost": 2315050.5, "Total Cost": 2381201.11, "Plan Rows": 33034, "Plan Width": 16, "Actual Startup Time": 46371.321, "Actual Total Time": 52471.276, "Actual Rows": 84, "Actual Loops": 1, "Group By Key": ["public.lineitem.l_orderkey"], "Filter": "(sum(public.lineitem.l_quantity) > 314::double precision), (LLVM Optimized, Jit Execute)", "Rows Removed by Filter": 14999916, "Plans": [{"Node Type": "Seq Scan", "Parent Relationship": "Outer", "Relation Name": "lineitem", "Alias": "lineitem", "Startup Cost": 0.0, "Total Cost": 2015115.33, "Plan Rows": 59987033, "Plan Width": 16, "Actual Startup Time": 0.041, "Actual Total Time": 20225.989, "Actual Rows": 59986052, "Actual Loops": 1}]}]}]}, {"Node Type": "Hash", "Parent Relationship": "Inner", "Startup Cost": 52126.0, "Total Cost": 52126.0, "Plan Rows": 1500000, "Plan Width": 27, "Actual Startup Time": 1029.308, "Actual Total Time": 1029.308, "Actual Rows": 1500000, "Actual Loops": 1, "Hash Buckets": 2097152, "Hash Batches": 1, "Original Hash Batches": 1, "Peak Memory Usage": 93750, "Plans": [{"Node Type": "Seq Scan", "Parent Relationship": "Outer", "Relation Name": "customer", "Alias": "customer", "Startup Cost": 0.0, "Total Cost": 52126.0, "Plan Rows": 1500000, "Plan Width": 27, "Actual Startup Time": 0.016, "Actual Total Time": 529.594, "Actual Rows": 1500000, "Actual Loops": 1}]}]}]}]}]}]}]}, "Triggers": [], "Planner Runtime": 1.647, "Total Runtime": 89046.62, "Unique SQL Id": 1915754155}}, "(1, '47')": {"explain_plan": {"Plan": {"Node Type": "Limit", "Startup Cost": 4021424234088.76, "Total Cost": 4021424234089.01, "Plan Rows": 100, "Plan Width": 59, "Plans": [{"Node Type": "Sort", "Parent Relationship": "Outer", "Startup Cost": 4021424234088.76, "Total Cost": 4021424234404.56, "Plan Rows": 100, "Plan Width": 59, "Sort Key": ["orders.o_totalprice DESC", "orders.o_orderdate"], "Plans": [{"Node Type": "Aggregate", "Strategy": "Hashed", "Parent Relationship": "Outer", "Startup Cost": 4021424227997.65, "Total Cost": 4021424229260.86, "Plan Rows": 126321, "Plan Width": 59, "Group By Key": ["orders.o_totalprice", "orders.o_orderdate", "customer.c_name", "customer.c_custkey", "orders.o_orderkey"], "Plans": [{"Node Type": "Nested Loop", "Parent Relationship": "Outer", "Join Type": "Inner", "Startup Cost": 40000000000.0, "Total Cost": 4021424226102.83, "Plan Rows": 126321, "Plan Width": 59, "Inner Unique": false, "Join Filter": "(orders.o_orderkey = public.lineitem.l_orderkey), (LLVM Optimized)", "Plans": [{"Node Type": "Index Scan", "Parent Relationship": "Outer", "Scan Direction": "Forward", "Index Name": "idx_lineitem_orderkey", "Relation Name": "lineitem", "Alias": "lineitem", "Startup Cost": 10000000000.0, "Total Cost": 1000324015374.5, "Plan Rows": 59987033, "Plan Width": 16}, {"Node Type": "Materialize", "Parent Relationship": "Inner", "Startup Cost": 30000000000.0, "Total Cost": 3008581216911.18, "Plan Rows": 13913, "Plan Width": 59, "Plans": [{"Node Type": "Nested Loop", "Parent Relationship": "Outer", "Join Type": "Inner", "Startup Cost": 30000000000.0, "Total Cost": 3008581216841.62, "Plan Rows": 13913, "Plan Width": 59, "Inner Unique": true, "Join Filter": "(orders.o_custkey = customer.c_custkey)", "Plans": [{"Node Type": "Nested Loop", "Parent Relationship": "Outer", "Join Type": "Semi", "Startup Cost": 20000000000.0, "Total Cost": 2007829871555.99, "Plan Rows": 33034, "Plan Width": 40, "Inner Unique": false, "Join Filter": "(orders.o_orderkey = public.lineitem.l_orderkey)", "Plans": [{"Node Type": "Index Scan", "Parent Relationship": "Outer", "Scan Direction": "Forward", "Index Name": "orders_pkey", "Relation Name": "orders", "Alias": "orders", "Startup Cost": 10000000000.0, "Total Cost": 1000073097843.5, "Plan Rows": 14999479, "Plan Width": 32}, {"Node Type": "Materialize", "Parent Relationship": "Inner", "Startup Cost": 10000000000.0, "Total Cost": 1000324381955.79, "Plan Rows": 33034, "Plan Width": 8, "Plans": [{"Node Type": "Aggregate", "Strategy": "Sorted", "Parent Relationship": "Outer", "Startup Cost": 10000000000.0, "Total Cost": 1000324381460.28, "Plan Rows": 33034, "Plan Width": 24, "Group By Key": ["public.lineitem.l_orderkey"], "Filter": "(sum(public.lineitem.l_quantity) > 314::double precision), (LLVM Optimized)", "Plans": [{"Node Type": "Index Scan", "Parent Relationship": "Outer", "Scan Direction": "Forward", "Index Name": "idx_lineitem_orderkey", "Relation Name": "lineitem", "Alias": "lineitem", "Startup Cost": 10000000000.0, "Total Cost": 1000324015374.5, "Plan Rows": 59987033, "Plan Width": 16}]}]}]}, {"Node Type": "Materialize", "Parent Relationship": "Inner", "Startup Cost": 10000000000.0, "Total Cost": 1000008084035.62, "Plan Rows": 1500000, "Plan Width": 27, "Plans": [{"Node Type": "Index Scan", "Parent Relationship": "Outer", "Scan Direction": "Forward", "Index Name": "customer_pkey", "Relation Name": "customer", "Alias": "customer", "Startup Cost": 10000000000.0, "Total Cost": 1000008076535.62, "Plan Rows": 1500000, "Plan Width": 27}]}]}]}]}]}]}]}, "Unique SQL Id": 1915754155, "Planner Runtime": 0}, "explain_analyze_plan": null}, "(1, '48')": {"explain_plan": {"Plan": {"Node Type": "Limit", "Startup Cost": 2649029.8, "Total Cost": 2649030.05, "Plan Rows": 100, "Plan Width": 59, "Plans": [{"Node Type": "Sort", "Parent Relationship": "Outer", "Startup Cost": 2649029.8, "Total Cost": 2649345.6, "Plan Rows": 100, "Plan Width": 59, "Sort Key": ["orders.o_totalprice DESC", "orders.o_orderdate"], "Plans": [{"Node Type": "Aggregate", "Strategy": "Hashed", "Parent Relationship": "Outer", "Startup Cost": 2642938.69, "Total Cost": 2644201.9, "Plan Rows": 126321, "Plan Width": 59, "Group By Key": ["orders.o_totalprice", "orders.o_orderdate", "customer.c_name", "customer.c_custkey", "orders.o_orderkey"], "Plans": [{"Node Type": "Nested Loop", "Parent Relationship": "Outer", "Join Type": "Inner", "Startup Cost": 2315050.5, "Total Cost": 2641043.88, "Plan Rows": 126321, "Plan Width": 59, "Inner Unique": false, "Plans": [{"Node Type": "Nested Loop", "Parent Relationship": "Outer", "Join Type": "Inner", "Startup Cost": 2315050.5, "Total Cost": 2627700.1, "Plan Rows": 13913, "Plan Width": 59, "Inner Unique": true, "Plans": [{"Node Type": "Nested Loop", "Parent Relationship": "Outer", "Join Type": "Inner", "Startup Cost": 2315050.5, "Total Cost": 2618076.97, "Plan Rows": 33034, "Plan Width": 40, "Inner Unique": true, "Plans": [{"Node Type": "Aggregate", "Strategy": "Hashed", "Parent Relationship": "Outer", "Startup Cost": 2315050.5, "Total Cost": 2381201.11, "Plan Rows": 33034, "Plan Width": 16, "Group By Key": ["public.lineitem.l_orderkey"], "Filter": "(sum(public.lineitem.l_quantity) > 314::double precision), (LLVM Optimized)", "Plans": [{"Node Type": "Seq Scan", "Parent Relationship": "Outer", "Relation Name": "lineitem", "Alias": "lineitem", "Startup Cost": 0.0, "Total Cost": 2015115.33, "Plan Rows": 59987033, "Plan Width": 16}]}, {"Node Type": "Index Scan", "Parent Relationship": "Inner", "Scan Direction": "Forward", "Index Name": "orders_pkey", "Relation Name": "orders", "Alias": "orders", "Startup Cost": 0.0, "Total Cost": 7.15, "Plan Rows": 1, "Plan Width": 32, "Index Cond": "(o_orderkey = public.lineitem.l_orderkey)"}]}, {"Node Type": "Index Scan", "Parent Relationship": "Inner", "Scan Direction": "Forward", "Index Name": "customer_pkey", "Relation Name": "customer", "Alias": "customer", "Startup Cost": 0.0, "Total Cost": 0.28, "Plan Rows": 1, "Plan Width": 27, "Index Cond": "(c_custkey = orders.o_custkey)"}]}, {"Node Type": "Index Scan", "Parent Relationship": "Inner", "Scan Direction": "Forward", "Index Name": "idx_lineitem_orderkey", "Relation Name": "lineitem", "Alias": "lineitem", "Startup Cost": 0.0, "Total Cost": 0.87, "Plan Rows": 9, "Plan Width": 16, "Index Cond": "(l_orderkey = orders.o_orderkey)"}]}]}]}]}, "Unique SQL Id": 1915754155, "Planner Runtime": 0}, "explain_analyze_plan": {"Plan": {"Node Type": "Limit", "Startup Cost": 2649029.8, "Total Cost": 2649030.05, "Plan Rows": 100, "Plan Width": 59, "Actual Startup Time": 51129.008, "Actual Total Time": 51129.027, "Actual Rows": 84, "Actual Loops": 1, "Plans": [{"Node Type": "Sort", "Parent Relationship": "Outer", "Startup Cost": 2649029.8, "Total Cost": 2649345.6, "Plan Rows": 100, "Plan Width": 59, "Actual Startup Time": 51129.006, "Actual Total Time": 51129.015, "Actual Rows": 84, "Actual Loops": 1, "Sort Key": ["orders.o_totalprice DESC", "orders.o_orderdate"], "Sort Method": "quicksort", "Sort Space Used": 38, "Sort Space Type": "Memory", "Plans": [{"Node Type": "Aggregate", "Strategy": "Hashed", "Parent Relationship": "Outer", "Startup Cost": 2642938.69, "Total Cost": 2644201.9, "Plan Rows": 126321, "Plan Width": 59, "Actual Startup Time": 51128.213, "Actual Total Time": 51128.889, "Actual Rows": 84, "Actual Loops": 1, "Group By Key": ["orders.o_totalprice", "orders.o_orderdate", "customer.c_name", "customer.c_custkey", "orders.o_orderkey"], "Plans": [{"Node Type": "Nested Loop", "Parent Relationship": "Outer", "Join Type": "Inner", "Startup Cost": 2315050.5, "Total Cost": 2641043.88, "Plan Rows": 126321, "Plan Width": 59, "Actual Startup Time": 46173.798, "Actual Total Time": 51126.311, "Actual Rows": 588, "Actual Loops": 1, "Inner Unique": false, "Plans": [{"Node Type": "Nested Loop", "Parent Relationship": "Outer", "Join Type": "Inner", "Startup Cost": 2315050.5, "Total Cost": 2627700.1, "Plan Rows": 13913, "Plan Width": 59, "Actual Startup Time": 46173.775, "Actual Total Time": 51124.263, "Actual Rows": 84, "Actual Loops": 1, "Inner Unique": true, "Plans": [{"Node Type": "Nested Loop", "Parent Relationship": "Outer", "Join Type": "Inner", "Startup Cost": 2315050.5, "Total Cost": 2618076.97, "Plan Rows": 33034, "Plan Width": 40, "Actual Startup Time": 46173.751, "Actual Total Time": 51122.995, "Actual Rows": 84, "Actual Loops": 1, "Inner Unique": true, "Plans": [{"Node Type": "Aggregate", "Strategy": "Hashed", "Parent Relationship": "Outer", "Startup Cost": 2315050.5, "Total Cost": 2381201.11, "Plan Rows": 33034, "Plan Width": 16, "Actual Startup Time": 46173.686, "Actual Total Time": 51106.177, "Actual Rows": 84, "Actual Loops": 1, "Group By Key": ["public.lineitem.l_orderkey"], "Filter": "(sum(public.lineitem.l_quantity) > 314::double precision), (LLVM Optimized, Jit Execute)", "Rows Removed by Filter": 14999916, "Plans": [{"Node Type": "Seq Scan", "Parent Relationship": "Outer", "Relation Name": "lineitem", "Alias": "lineitem", "Startup Cost": 0.0, "Total Cost": 2015115.33, "Plan Rows": 59987033, "Plan Width": 16, "Actual Startup Time": 0.043, "Actual Total Time": 19975.008, "Actual Rows": 59986052, "Actual Loops": 1}]}, {"Node Type": "Index Scan", "Parent Relationship": "Inner", "Scan Direction": "Forward", "Index Name": "orders_pkey", "Relation Name": "orders", "Alias": "orders", "Startup Cost": 0.0, "Total Cost": 7.15, "Plan Rows": 1, "Plan Width": 32, "Actual Startup Time": 2.93, "Actual Total Time": 2.93, "Actual Rows": 84, "Actual Loops": 84, "Index Cond": "(o_orderkey = public.lineitem.l_orderkey)", "Rows Removed by Index Recheck": 0}]}, {"Node Type": "Index Scan", "Parent Relationship": "Inner", "Scan Direction": "Forward", "Index Name": "customer_pkey", "Relation Name": "customer", "Alias": "customer", "Startup Cost": 0.0, "Total Cost": 0.28, "Plan Rows": 1, "Plan Width": 27, "Actual Startup Time": 0.906, "Actual Total Time": 0.906, "Actual Rows": 84, "Actual Loops": 84, "Index Cond": "(c_custkey = orders.o_custkey)", "Rows Removed by Index Recheck": 0}]}, {"Node Type": "Index Scan", "Parent Relationship": "Inner", "Scan Direction": "Forward", "Index Name": "idx_lineitem_orderkey", "Relation Name": "lineitem", "Alias": "lineitem", "Startup Cost": 0.0, "Total Cost": 0.87, "Plan Rows": 9, "Plan Width": 16, "Actual Startup Time": 1.165, "Actual Total Time": 1.622, "Actual Rows": 588, "Actual Loops": 84, "Index Cond": "(l_orderkey = orders.o_orderkey)", "Rows Removed by Index Recheck": 0}]}]}]}]}, "Triggers": [], "Planner Runtime": 1.711, "Total Runtime": 51138.586, "Unique SQL Id": 1915754155}}, "(1, '49')": {"explain_plan": {"Plan": {"Node Type": "Limit", "Startup Cost": 3874068.21, "Total Cost": 3874068.46, "Plan Rows": 100, "Plan Width": 59, "Plans": [{"Node Type": "Sort", "Parent Relationship": "Outer", "Startup Cost": 3874068.21, "Total Cost": 3874384.02, "Plan Rows": 100, "Plan Width": 59, "Sort Key": ["orders.o_totalprice DESC", "orders.o_orderdate"], "Plans": [{"Node Type": "Aggregate", "Strategy": "Hashed", "Parent Relationship": "Outer", "Startup Cost": 3867977.11, "Total Cost": 3869240.32, "Plan Rows": 126321, "Plan Width": 59, "Group By Key": ["orders.o_totalprice", "orders.o_orderdate", "customer.c_name", "customer.c_custkey", "orders.o_orderkey"], "Plans": [{"Node Type": "Nested Loop", "Parent Relationship": "Outer", "Join Type": "Inner", "Startup Cost": 0.0, "Total Cost": 3866082.29, "Plan Rows": 126321, "Plan Width": 59, "Inner Unique": false, "Plans": [{"Node Type": "Nested Loop", "Parent Relationship": "Outer", "Join Type": "Inner", "Startup Cost": 0.0, "Total Cost": 3852738.51, "Plan Rows": 13913, "Plan Width": 59, "Inner Unique": true, "Plans": [{"Node Type": "Nested Loop", "Parent Relationship": "Outer", "Join Type": "Inner", "Startup Cost": 0.0, "Total Cost": 3843115.38, "Plan Rows": 33034, "Plan Width": 40, "Inner Unique": true, "Plans": [{"Node Type": "Aggregate", "Strategy": "Sorted", "Parent Relationship": "Outer", "Startup Cost": 0.0, "Total Cost": 3606239.52, "Plan Rows": 33034, "Plan Width": 24, "Group By Key": ["public.lineitem.l_orderkey"], "Filter": "(sum(public.lineitem.l_quantity) > 314::double precision), (LLVM Optimized)", "Plans": [{"Node Type": "Index Scan", "Parent Relationship": "Outer", "Scan Direction": "Forward", "Index Name": "idx_lineitem_orderkey", "Relation Name": "lineitem", "Alias": "lineitem", "Startup Cost": 0.0, "Total Cost": 3240153.75, "Plan Rows": 59987033, "Plan Width": 16}]}, {"Node Type": "Index Scan", "Parent Relationship": "Inner", "Scan Direction": "Forward", "Index Name": "orders_pkey", "Relation Name": "orders", "Alias": "orders", "Startup Cost": 0.0, "Total Cost": 7.15, "Plan Rows": 1, "Plan Width": 32, "Index Cond": "(o_orderkey = public.lineitem.l_orderkey)"}]}, {"Node Type": "Index Scan", "Parent Relationship": "Inner", "Scan Direction": "Forward", "Index Name": "customer_pkey", "Relation Name": "customer", "Alias": "customer", "Startup Cost": 0.0, "Total Cost": 0.28, "Plan Rows": 1, "Plan Width": 27, "Index Cond": "(c_custkey = orders.o_custkey)"}]}, {"Node Type": "Index Scan", "Parent Relationship": "Inner", "Scan Direction": "Forward", "Index Name": "idx_lineitem_orderkey", "Relation Name": "lineitem", "Alias": "lineitem", "Startup Cost": 0.0, "Total Cost": 0.87, "Plan Rows": 9, "Plan Width": 16, "Index Cond": "(l_orderkey = orders.o_orderkey)"}]}]}]}]}, "Unique SQL Id": 1915754155, "Planner Runtime": 0}, "explain_analyze_plan": {"Plan": {"Node Type": "Limit", "Startup Cost": 3874068.21, "Total Cost": 3874068.46, "Plan Rows": 100, "Plan Width": 59, "Actual Startup Time": 50695.002, "Actual Total Time": 50695.017, "Actual Rows": 84, "Actual Loops": 1, "Plans": [{"Node Type": "Sort", "Parent Relationship": "Outer", "Startup Cost": 3874068.21, "Total Cost": 3874384.02, "Plan Rows": 100, "Plan Width": 59, "Actual Startup Time": 50695.0, "Actual Total Time": 50695.004, "Actual Rows": 84, "Actual Loops": 1, "Sort Key": ["orders.o_totalprice DESC", "orders.o_orderdate"], "Sort Method": "quicksort", "Sort Space Used": 38, "Sort Space Type": "Memory", "Plans": [{"Node Type": "Aggregate", "Strategy": "Hashed", "Parent Relationship": "Outer", "Startup Cost": 3867977.11, "Total Cost": 3869240.32, "Plan Rows": 126321, "Plan Width": 59, "Actual Startup Time": 50694.487, "Actual Total Time": 50694.852, "Actual Rows": 84, "Actual Loops": 1, "Group By Key": ["orders.o_totalprice", "orders.o_orderdate", "customer.c_name", "customer.c_custkey", "orders.o_orderkey"], "Plans": [{"Node Type": "Nested Loop", "Parent Relationship": "Outer", "Join Type": "Inner", "Startup Cost": 0.0, "Total Cost": 3866082.29, "Plan Rows": 126321, "Plan Width": 59, "Actual Startup Time": 1159.494, "Actual Total Time": 50691.109, "Actual Rows": 588, "Actual Loops": 1, "Inner Unique": false, "Plans": [{"Node Type": "Nested Loop", "Parent Relationship": "Outer", "Join Type": "Inner", "Startup Cost": 0.0, "Total Cost": 3852738.51, "Plan Rows": 13913, "Plan Width": 59, "Actual Startup Time": 1159.473, "Actual Total Time": 50688.867, "Actual Rows": 84, "Actual Loops": 1, "Inner Unique": true, "Plans": [{"Node Type": "Nested Loop", "Parent Relationship": "Outer", "Join Type": "Inner", "Startup Cost": 0.0, "Total Cost": 3843115.38, "Plan Rows": 33034, "Plan Width": 40, "Actual Startup Time": 1159.448, "Actual Total Time": 50687.006, "Actual Rows": 84, "Actual Loops": 1, "Inner Unique": true, "Plans": [{"Node Type": "Aggregate", "Strategy": "Sorted", "Parent Relationship": "Outer", "Startup Cost": 0.0, "Total Cost": 3606239.52, "Plan Rows": 33034, "Plan Width": 24, "Actual Startup Time": 1159.408, "Actual Total Time": 50684.063, "Actual Rows": 84, "Actual Loops": 1, "Group By Key": ["public.lineitem.l_orderkey"], "Filter": "(sum(public.lineitem.l_quantity) > 314::double precision), (LLVM Optimized, Jit Execute)", "Rows Removed by Filter": 14999916, "Plans": [{"Node Type": "Index Scan", "Parent Relationship": "Outer", "Scan Direction": "Forward", "Index Name": "idx_lineitem_orderkey", "Relation Name": "lineitem", "Alias": "lineitem", "Startup Cost": 0.0, "Total Cost": 3240153.75, "Plan Rows": 59987033, "Plan Width": 16, "Actual Startup Time": 0.029, "Actual Total Time": 30275.076, "Actual Rows": 59986052, "Actual Loops": 1}]}, {"Node Type": "Index Scan", "Parent Relationship": "Inner", "Scan Direction": "Forward", "Index Name": "orders_pkey", "Relation Name": "orders", "Alias": "orders", "Startup Cost": 0.0, "Total Cost": 7.15, "Plan Rows": 1, "Plan Width": 32, "Actual Startup Time": 1.994, "Actual Total Time": 1.994, "Actual Rows": 84, "Actual Loops": 84, "Index Cond": "(o_orderkey = public.lineitem.l_orderkey)", "Rows Removed by Index Recheck": 0}]}, {"Node Type": "Index Scan", "Parent Relationship": "Inner", "Scan Direction": "Forward", "Index Name": "customer_pkey", "Relation Name": "customer", "Alias": "customer", "Startup Cost": 0.0, "Total Cost": 0.28, "Plan Rows": 1, "Plan Width": 27, "Actual Startup Time": 1.278, "Actual Total Time": 1.278, "Actual Rows": 84, "Actual Loops": 84, "Index Cond": "(c_custkey = orders.o_custkey)", "Rows Removed by Index Recheck": 0}]}, {"Node Type": "Index Scan", "Parent Relationship": "Inner", "Scan Direction": "Forward", "Index Name": "idx_lineitem_orderkey", "Relation Name": "lineitem", "Alias": "lineitem", "Startup Cost": 0.0, "Total Cost": 0.87, "Plan Rows": 9, "Plan Width": 16, "Actual Startup Time": 0.938, "Actual Total Time": 1.562, "Actual Rows": 588, "Actual Loops": 84, "Index Cond": "(l_orderkey = orders.o_orderkey)", "Rows Removed by Index Recheck": 0}]}]}]}]}, "Triggers": [], "Planner Runtime": 1.698, "Total Runtime": 50704.506, "Unique SQL Id": 1915754155}}, "(1, '50')": {"explain_plan": {"Plan": {"Node Type": "Limit", "Startup Cost": 2838735.63, "Total Cost": 2838735.88, "Plan Rows": 100, "Plan Width": 59, "Plans": [{"Node Type": "Sort", "Parent Relationship": "Outer", "Startup Cost": 2838735.63, "Total Cost": 2839051.44, "Plan Rows": 100, "Plan Width": 59, "Sort Key": ["orders.o_totalprice DESC", "orders.o_orderdate"], "Plans": [{"Node Type": "Aggregate", "Strategy": "Hashed", "Parent Relationship": "Outer", "Startup Cost": 2832644.53, "Total Cost": 2833907.74, "Plan Rows": 126321, "Plan Width": 59, "Group By Key": ["orders.o_totalprice", "orders.o_orderdate", "customer.c_name", "customer.c_custkey", "orders.o_orderkey"], "Plans": [{"Node Type": "Nested Loop", "Parent Relationship": "Outer", "Join Type": "Inner", "Startup Cost": 2315054.5, "Total Cost": 2830749.71, "Plan Rows": 126321, "Plan Width": 59, "Inner Unique": false, "Plans": [{"Node Type": "Nested Loop", "Parent Relationship": "Outer", "Join Type": "Inner", "Startup Cost": 2315054.12, "Total Cost": 2766973.56, "Plan Rows": 13913, "Plan Width": 59, "Inner Unique": true, "Plans": [{"Node Type": "Nested Loop", "Parent Relationship": "Outer", "Join Type": "Inner", "Startup Cost": 2315053.86, "Total Cost": 2625533.23, "Plan Rows": 33034, "Plan Width": 40, "Inner Unique": true, "Plans": [{"Node Type": "Aggregate", "Strategy": "Hashed", "Parent Relationship": "Outer", "Startup Cost": 2315050.5, "Total Cost": 2381201.11, "Plan Rows": 33034, "Plan Width": 16, "Group By Key": ["public.lineitem.l_orderkey"], "Filter": "(sum(public.lineitem.l_quantity) > 314::double precision), (LLVM Optimized)", "Plans": [{"Node Type": "Seq Scan", "Parent Relationship": "Outer", "Relation Name": "lineitem", "Alias": "lineitem", "Startup Cost": 0.0, "Total Cost": 2015115.33, "Plan Rows": 59987033, "Plan Width": 16}]}, {"Node Type": "Bitmap Heap Scan", "Parent Relationship": "Inner", "Relation Name": "orders", "Alias": "orders", "Startup Cost": 3.36, "Total Cost": 7.38, "Plan Rows": 1, "Plan Width": 32, "Recheck Cond": "(o_orderkey = public.lineitem.l_orderkey)", "Plans": [{"Node Type": "Bitmap Index Scan", "Parent Relationship": "Outer", "Index Name": "orders_pkey", "Startup Cost": 0.0, "Total Cost": 3.36, "Plan Rows": 1, "Plan Width": 0, "Index Cond": "(o_orderkey = public.lineitem.l_orderkey)"}]}]}, {"Node Type": "Bitmap Heap Scan", "Parent Relationship": "Inner", "Relation Name": "customer", "Alias": "customer", "Startup Cost": 0.26, "Total Cost": 4.27, "Plan Rows": 1, "Plan Width": 27, "Recheck Cond": "(c_custkey = orders.o_custkey)", "Plans": [{"Node Type": "Bitmap Index Scan", "Parent Relationship": "Outer", "Index Name": "customer_pkey", "Startup Cost": 0.0, "Total Cost": 0.26, "Plan Rows": 1, "Plan Width": 0, "Index Cond": "(c_custkey = orders.o_custkey)"}]}]}, {"Node Type": "Bitmap Heap Scan", "Parent Relationship": "Inner", "Relation Name": "lineitem", "Alias": "lineitem", "Startup Cost": 0.38, "Total Cost": 4.49, "Plan Rows": 9, "Plan Width": 16, "Recheck Cond": "(l_orderkey = orders.o_orderkey)", "Plans": [{"Node Type": "Bitmap Index Scan", "Parent Relationship": "Outer", "Index Name": "idx_lineitem_orderkey", "Startup Cost": 0.0, "Total Cost": 0.38, "Plan Rows": 9, "Plan Width": 0, "Index Cond": "(l_orderkey = orders.o_orderkey)"}]}]}]}]}]}, "Unique SQL Id": 1915754155, "Planner Runtime": 0}, "explain_analyze_plan": {"Plan": {"Node Type": "Limit", "Startup Cost": 2838735.63, "Total Cost": 2838735.88, "Plan Rows": 100, "Plan Width": 59, "Actual Startup Time": 56920.125, "Actual Total Time": 56920.141, "Actual Rows": 84, "Actual Loops": 1, "Plans": [{"Node Type": "Sort", "Parent Relationship": "Outer", "Startup Cost": 2838735.63, "Total Cost": 2839051.44, "Plan Rows": 100, "Plan Width": 59, "Actual Startup Time": 56920.122, "Actual Total Time": 56920.125, "Actual Rows": 84, "Actual Loops": 1, "Sort Key": ["orders.o_totalprice DESC", "orders.o_orderdate"], "Sort Method": "quicksort", "Sort Space Used": 38, "Sort Space Type": "Memory", "Plans": [{"Node Type": "Aggregate", "Strategy": "Hashed", "Parent Relationship": "Outer", "Startup Cost": 2832644.53, "Total Cost": 2833907.74, "Plan Rows": 126321, "Plan Width": 59, "Actual Startup Time": 56919.279, "Actual Total Time": 56920.01, "Actual Rows": 84, "Actual Loops": 1, "Group By Key": ["orders.o_totalprice", "orders.o_orderdate", "customer.c_name", "customer.c_custkey", "orders.o_orderkey"], "Plans": [{"Node Type": "Nested Loop", "Parent Relationship": "Outer", "Join Type": "Inner", "Startup Cost": 2315054.5, "Total Cost": 2830749.71, "Plan Rows": 126321, "Plan Width": 59, "Actual Startup Time": 48330.608, "Actual Total Time": 56917.436, "Actual Rows": 588, "Actual Loops": 1, "Inner Unique": false, "Plans": [{"Node Type": "Nested Loop", "Parent Relationship": "Outer", "Join Type": "Inner", "Startup Cost": 2315054.12, "Total Cost": 2766973.56, "Plan Rows": 13913, "Plan Width": 59, "Actual Startup Time": 48330.561, "Actual Total Time": 56914.137, "Actual Rows": 84, "Actual Loops": 1, "Inner Unique": true, "Plans": [{"Node Type": "Nested Loop", "Parent Relationship": "Outer", "Join Type": "Inner", "Startup Cost": 2315053.86, "Total Cost": 2625533.23, "Plan Rows": 33034, "Plan Width": 40, "Actual Startup Time": 48330.508, "Actual Total Time": 56911.85, "Actual Rows": 84, "Actual Loops": 1, "Inner Unique": true, "Plans": [{"Node Type": "Aggregate", "Strategy": "Hashed", "Parent Relationship": "Outer", "Startup Cost": 2315050.5, "Total Cost": 2381201.11, "Plan Rows": 33034, "Plan Width": 16, "Actual Startup Time": 48330.408, "Actual Total Time": 56891.838, "Actual Rows": 84, "Actual Loops": 1, "Group By Key": ["public.lineitem.l_orderkey"], "Filter": "(sum(public.lineitem.l_quantity) > 314::double precision), (LLVM Optimized, Jit Execute)", "Rows Removed by Filter": 14999916, "Plans": [{"Node Type": "Seq Scan", "Parent Relationship": "Outer", "Relation Name": "lineitem", "Alias": "lineitem", "Startup Cost": 0.0, "Total Cost": 2015115.33, "Plan Rows": 59987033, "Plan Width": 16, "Actual Startup Time": 0.048, "Actual Total Time": 20457.825, "Actual Rows": 59986052, "Actual Loops": 1}]}, {"Node Type": "Bitmap Heap Scan", "Parent Relationship": "Inner", "Relation Name": "orders", "Alias": "orders", "Startup Cost": 3.36, "Total Cost": 7.38, "Plan Rows": 1, "Plan Width": 32, "Actual Startup Time": 3.218, "Actual Total Time": 3.218, "Actual Rows": 84, "Actual Loops": 84, "Recheck Cond": "(o_orderkey = public.lineitem.l_orderkey)", "Rows Removed by Index Recheck": 0, "Exact Heap Blocks": 84, "Lossy Heap Blocks": 84, "Plans": [{"Node Type": "Bitmap Index Scan", "Parent Relationship": "Outer", "Index Name": "orders_pkey", "Startup Cost": 0.0, "Total Cost": 3.36, "Plan Rows": 1, "Plan Width": 0, "Actual Startup Time": 2.15, "Actual Total Time": 2.15, "Actual Rows": 84, "Actual Loops": 84, "Index Cond": "(o_orderkey = public.lineitem.l_orderkey)"}]}]}, {"Node Type": "Bitmap Heap Scan", "Parent Relationship": "Inner", "Relation Name": "customer", "Alias": "customer", "Startup Cost": 0.26, "Total Cost": 4.27, "Plan Rows": 1, "Plan Width": 27, "Actual Startup Time": 1.609, "Actual Total Time": 1.609, "Actual Rows": 84, "Actual Loops": 84, "Recheck Cond": "(c_custkey = orders.o_custkey)", "Rows Removed by Index Recheck": 0, "Exact Heap Blocks": 84, "Lossy Heap Blocks": 84, "Plans": [{"Node Type": "Bitmap Index Scan", "Parent Relationship": "Outer", "Index Name": "customer_pkey", "Startup Cost": 0.0, "Total Cost": 0.26, "Plan Rows": 1, "Plan Width": 0, "Actual Startup Time": 1.008, "Actual Total Time": 1.008, "Actual Rows": 84, "Actual Loops": 84, "Index Cond": "(c_custkey = orders.o_custkey)"}]}]}, {"Node Type": "Bitmap Heap Scan", "Parent Relationship": "Inner", "Relation Name": "lineitem", "Alias": "lineitem", "Startup Cost": 0.38, "Total Cost": 4.49, "Plan Rows": 9, "Plan Width": 16, "Actual Startup Time": 2.263, "Actual Total Time": 2.445, "Actual Rows": 588, "Actual Loops": 84, "Recheck Cond": "(l_orderkey = orders.o_orderkey)", "Rows Removed by Index Recheck": 0, "Exact Heap Blocks": 96, "Lossy Heap Blocks": 96, "Plans": [{"Node Type": "Bitmap Index Scan", "Parent Relationship": "Outer", "Index Name": "idx_lineitem_orderkey", "Startup Cost": 0.0, "Total Cost": 0.38, "Plan Rows": 9, "Plan Width": 0, "Actual Startup Time": 1.423, "Actual Total Time": 1.423, "Actual Rows": 588, "Actual Loops": 84, "Index Cond": "(l_orderkey = orders.o_orderkey)"}]}]}]}]}]}, "Triggers": [], "Planner Runtime": 1.556, "Total Runtime": 56929.516, "Unique SQL Id": 1915754155}}, "(1, '51')": {"explain_plan": {"Plan": {"Node Type": "Limit", "Startup Cost": 1000324838994.8, "Total Cost": 1000324838995.05, "Plan Rows": 100, "Plan Width": 59, "Plans": [{"Node Type": "Sort", "Parent Relationship": "Outer", "Startup Cost": 1000324838994.8, "Total Cost": 1000324839310.61, "Plan Rows": 100, "Plan Width": 59, "Sort Key": ["orders.o_totalprice DESC", "orders.o_orderdate"], "Plans": [{"Node Type": "Aggregate", "Strategy": "Hashed", "Parent Relationship": "Outer", "Startup Cost": 1000324832903.7, "Total Cost": 1000324834166.91, "Plan Rows": 126321, "Plan Width": 59, "Group By Key": ["orders.o_totalprice", "orders.o_orderdate", "customer.c_name", "customer.c_custkey", "orders.o_orderkey"], "Plans": [{"Node Type": "Nested Loop", "Parent Relationship": "Outer", "Join Type": "Inner", "Startup Cost": 10000000004.0, "Total Cost": 1000324831008.88, "Plan Rows": 126321, "Plan Width": 59, "Inner Unique": false, "Plans": [{"Node Type": "Nested Loop", "Parent Relationship": "Outer", "Join Type": "Inner", "Startup Cost": 10000000003.62, "Total Cost": 1000324767232.73, "Plan Rows": 13913, "Plan Width": 59, "Inner Unique": true, "Plans": [{"Node Type": "Nested Loop", "Parent Relationship": "Outer", "Join Type": "Inner", "Startup Cost": 10000000003.36, "Total Cost": 1000324625792.4, "Plan Rows": 33034, "Plan Width": 40, "Inner Unique": true, "Plans": [{"Node Type": "Aggregate", "Strategy": "Sorted", "Parent Relationship": "Outer", "Startup Cost": 10000000000.0, "Total Cost": 1000324381460.28, "Plan Rows": 33034, "Plan Width": 24, "Group By Key": ["public.lineitem.l_orderkey"], "Filter": "(sum(public.lineitem.l_quantity) > 314::double precision), (LLVM Optimized)", "Plans": [{"Node Type": "Index Scan", "Parent Relationship": "Outer", "Scan Direction": "Forward", "Index Name": "idx_lineitem_orderkey", "Relation Name": "lineitem", "Alias": "lineitem", "Startup Cost": 10000000000.0, "Total Cost": 1000324015374.5, "Plan Rows": 59987033, "Plan Width": 16}]}, {"Node Type": "Bitmap Heap Scan", "Parent Relationship": "Inner", "Relation Name": "orders", "Alias": "orders", "Startup Cost": 3.36, "Total Cost": 7.38, "Plan Rows": 1, "Plan Width": 32, "Recheck Cond": "(o_orderkey = public.lineitem.l_orderkey)", "Plans": [{"Node Type": "Bitmap Index Scan", "Parent Relationship": "Outer", "Index Name": "orders_pkey", "Startup Cost": 0.0, "Total Cost": 3.36, "Plan Rows": 1, "Plan Width": 0, "Index Cond": "(o_orderkey = public.lineitem.l_orderkey)"}]}]}, {"Node Type": "Bitmap Heap Scan", "Parent Relationship": "Inner", "Relation Name": "customer", "Alias": "customer", "Startup Cost": 0.26, "Total Cost": 4.27, "Plan Rows": 1, "Plan Width": 27, "Recheck Cond": "(c_custkey = orders.o_custkey)", "Plans": [{"Node Type": "Bitmap Index Scan", "Parent Relationship": "Outer", "Index Name": "customer_pkey", "Startup Cost": 0.0, "Total Cost": 0.26, "Plan Rows": 1, "Plan Width": 0, "Index Cond": "(c_custkey = orders.o_custkey)"}]}]}, {"Node Type": "Bitmap Heap Scan", "Parent Relationship": "Inner", "Relation Name": "lineitem", "Alias": "lineitem", "Startup Cost": 0.38, "Total Cost": 4.49, "Plan Rows": 9, "Plan Width": 16, "Recheck Cond": "(l_orderkey = orders.o_orderkey)", "Plans": [{"Node Type": "Bitmap Index Scan", "Parent Relationship": "Outer", "Index Name": "idx_lineitem_orderkey", "Startup Cost": 0.0, "Total Cost": 0.38, "Plan Rows": 9, "Plan Width": 0, "Index Cond": "(l_orderkey = orders.o_orderkey)"}]}]}]}]}]}, "Unique SQL Id": 1915754155, "Planner Runtime": 0}, "explain_analyze_plan": {"Plan": {"Node Type": "Limit", "Startup Cost": 1000324838994.8, "Total Cost": 1000324838995.05, "Plan Rows": 100, "Plan Width": 59, "Actual Startup Time": 49544.467, "Actual Total Time": 49544.486, "Actual Rows": 84, "Actual Loops": 1, "Plans": [{"Node Type": "Sort", "Parent Relationship": "Outer", "Startup Cost": 1000324838994.8, "Total Cost": 1000324839310.61, "Plan Rows": 100, "Plan Width": 59, "Actual Startup Time": 49544.465, "Actual Total Time": 49544.474, "Actual Rows": 84, "Actual Loops": 1, "Sort Key": ["orders.o_totalprice DESC", "orders.o_orderdate"], "Sort Method": "quicksort", "Sort Space Used": 38, "Sort Space Type": "Memory", "Plans": [{"Node Type": "Aggregate", "Strategy": "Hashed", "Parent Relationship": "Outer", "Startup Cost": 1000324832903.7, "Total Cost": 1000324834166.91, "Plan Rows": 126321, "Plan Width": 59, "Actual Startup Time": 49543.984, "Actual Total Time": 49544.316, "Actual Rows": 84, "Actual Loops": 1, "Group By Key": ["orders.o_totalprice", "orders.o_orderdate", "customer.c_name", "customer.c_custkey", "orders.o_orderkey"], "Plans": [{"Node Type": "Nested Loop", "Parent Relationship": "Outer", "Join Type": "Inner", "Startup Cost": 10000000004.0, "Total Cost": 1000324831008.88, "Plan Rows": 126321, "Plan Width": 59, "Actual Startup Time": 1023.087, "Actual Total Time": 49541.154, "Actual Rows": 588, "Actual Loops": 1, "Inner Unique": false, "Plans": [{"Node Type": "Nested Loop", "Parent Relationship": "Outer", "Join Type": "Inner", "Startup Cost": 10000000003.62, "Total Cost": 1000324767232.73, "Plan Rows": 13913, "Plan Width": 59, "Actual Startup Time": 1023.067, "Actual Total Time": 49538.65, "Actual Rows": 84, "Actual Loops": 1, "Inner Unique": true, "Plans": [{"Node Type": "Nested Loop", "Parent Relationship": "Outer", "Join Type": "Inner", "Startup Cost": 10000000003.36, "Total Cost": 1000324625792.4, "Plan Rows": 33034, "Plan Width": 40, "Actual Startup Time": 1023.033, "Actual Total Time": 49536.599, "Actual Rows": 84, "Actual Loops": 1, "Inner Unique": true, "Plans": [{"Node Type": "Aggregate", "Strategy": "Sorted", "Parent Relationship": "Outer", "Startup Cost": 10000000000.0, "Total Cost": 1000324381460.28, "Plan Rows": 33034, "Plan Width": 24, "Actual Startup Time": 1022.959, "Actual Total Time": 49531.744, "Actual Rows": 84, "Actual Loops": 1, "Group By Key": ["public.lineitem.l_orderkey"], "Filter": "(sum(public.lineitem.l_quantity) > 314::double precision), (LLVM Optimized, Jit Execute)", "Rows Removed by Filter": 14999916, "Plans": [{"Node Type": "Index Scan", "Parent Relationship": "Outer", "Scan Direction": "Forward", "Index Name": "idx_lineitem_orderkey", "Relation Name": "lineitem", "Alias": "lineitem", "Startup Cost": 10000000000.0, "Total Cost": 1000324015374.5, "Plan Rows": 59987033, "Plan Width": 16, "Actual Startup Time": 0.03, "Actual Total Time": 29176.085, "Actual Rows": 59986052, "Actual Loops": 1}]}, {"Node Type": "Bitmap Heap Scan", "Parent Relationship": "Inner", "Relation Name": "orders", "Alias": "orders", "Startup Cost": 3.36, "Total Cost": 7.38, "Plan Rows": 1, "Plan Width": 32, "Actual Startup Time": 3.264, "Actual Total Time": 3.264, "Actual Rows": 84, "Actual Loops": 84, "Recheck Cond": "(o_orderkey = public.lineitem.l_orderkey)", "Rows Removed by Index Recheck": 0, "Exact Heap Blocks": 84, "Lossy Heap Blocks": 84, "Plans": [{"Node Type": "Bitmap Index Scan", "Parent Relationship": "Outer", "Index Name": "orders_pkey", "Startup Cost": 0.0, "Total Cost": 3.36, "Plan Rows": 1, "Plan Width": 0, "Actual Startup Time": 2.073, "Actual Total Time": 2.073, "Actual Rows": 84, "Actual Loops": 84, "Index Cond": "(o_orderkey = public.lineitem.l_orderkey)"}]}]}, {"Node Type": "Bitmap Heap Scan", "Parent Relationship": "Inner", "Relation Name": "customer", "Alias": "customer", "Startup Cost": 0.26, "Total Cost": 4.27, "Plan Rows": 1, "Plan Width": 27, "Actual Startup Time": 1.378, "Actual Total Time": 1.378, "Actual Rows": 84, "Actual Loops": 84, "Recheck Cond": "(c_custkey = orders.o_custkey)", "Rows Removed by Index Recheck": 0, "Exact Heap Blocks": 84, "Lossy Heap Blocks": 84, "Plans": [{"Node Type": "Bitmap Index Scan", "Parent Relationship": "Outer", "Index Name": "customer_pkey", "Startup Cost": 0.0, "Total Cost": 0.26, "Plan Rows": 1, "Plan Width": 0, "Actual Startup Time": 0.854, "Actual Total Time": 0.854, "Actual Rows": 84, "Actual Loops": 84, "Index Cond": "(c_custkey = orders.o_custkey)"}]}]}, {"Node Type": "Bitmap Heap Scan", "Parent Relationship": "Inner", "Relation Name": "lineitem", "Alias": "lineitem", "Startup Cost": 0.38, "Total Cost": 4.49, "Plan Rows": 9, "Plan Width": 16, "Actual Startup Time": 1.417, "Actual Total Time": 1.651, "Actual Rows": 588, "Actual Loops": 84, "Recheck Cond": "(l_orderkey = orders.o_orderkey)", "Rows Removed by Index Recheck": 0, "Exact Heap Blocks": 96, "Lossy Heap Blocks": 96, "Plans": [{"Node Type": "Bitmap Index Scan", "Parent Relationship": "Outer", "Index Name": "idx_lineitem_orderkey", "Startup Cost": 0.0, "Total Cost": 0.38, "Plan Rows": 9, "Plan Width": 0, "Actual Startup Time": 0.904, "Actual Total Time": 0.904, "Actual Rows": 588, "Actual Loops": 84, "Index Cond": "(l_orderkey = orders.o_orderkey)"}]}]}]}]}]}, "Triggers": [], "Planner Runtime": 1.515, "Total Runtime": 49553.909, "Unique SQL Id": 1915754155}}, "(1, '52')": {"explain_plan": {"Plan": {"Node Type": "Limit", "Startup Cost": 2649029.8, "Total Cost": 2649030.05, "Plan Rows": 100, "Plan Width": 59, "Plans": [{"Node Type": "Sort", "Parent Relationship": "Outer", "Startup Cost": 2649029.8, "Total Cost": 2649345.6, "Plan Rows": 100, "Plan Width": 59, "Sort Key": ["orders.o_totalprice DESC", "orders.o_orderdate"], "Plans": [{"Node Type": "Aggregate", "Strategy": "Hashed", "Parent Relationship": "Outer", "Startup Cost": 2642938.69, "Total Cost": 2644201.9, "Plan Rows": 126321, "Plan Width": 59, "Group By Key": ["orders.o_totalprice", "orders.o_orderdate", "customer.c_name", "customer.c_custkey", "orders.o_orderkey"], "Plans": [{"Node Type": "Nested Loop", "Parent Relationship": "Outer", "Join Type": "Inner", "Startup Cost": 2315050.5, "Total Cost": 2641043.88, "Plan Rows": 126321, "Plan Width": 59, "Inner Unique": false, "Plans": [{"Node Type": "Nested Loop", "Parent Relationship": "Outer", "Join Type": "Inner", "Startup Cost": 2315050.5, "Total Cost": 2627700.1, "Plan Rows": 13913, "Plan Width": 59, "Inner Unique": true, "Plans": [{"Node Type": "Nested Loop", "Parent Relationship": "Outer", "Join Type": "Inner", "Startup Cost": 2315050.5, "Total Cost": 2618076.97, "Plan Rows": 33034, "Plan Width": 40, "Inner Unique": true, "Plans": [{"Node Type": "Aggregate", "Strategy": "Hashed", "Parent Relationship": "Outer", "Startup Cost": 2315050.5, "Total Cost": 2381201.11, "Plan Rows": 33034, "Plan Width": 16, "Group By Key": ["public.lineitem.l_orderkey"], "Filter": "(sum(public.lineitem.l_quantity) > 314::double precision), (LLVM Optimized)", "Plans": [{"Node Type": "Seq Scan", "Parent Relationship": "Outer", "Relation Name": "lineitem", "Alias": "lineitem", "Startup Cost": 0.0, "Total Cost": 2015115.33, "Plan Rows": 59987033, "Plan Width": 16}]}, {"Node Type": "Index Scan", "Parent Relationship": "Inner", "Scan Direction": "Forward", "Index Name": "orders_pkey", "Relation Name": "orders", "Alias": "orders", "Startup Cost": 0.0, "Total Cost": 7.15, "Plan Rows": 1, "Plan Width": 32, "Index Cond": "(o_orderkey = public.lineitem.l_orderkey)"}]}, {"Node Type": "Index Scan", "Parent Relationship": "Inner", "Scan Direction": "Forward", "Index Name": "customer_pkey", "Relation Name": "customer", "Alias": "customer", "Startup Cost": 0.0, "Total Cost": 0.28, "Plan Rows": 1, "Plan Width": 27, "Index Cond": "(c_custkey = orders.o_custkey)"}]}, {"Node Type": "Index Scan", "Parent Relationship": "Inner", "Scan Direction": "Forward", "Index Name": "idx_lineitem_orderkey", "Relation Name": "lineitem", "Alias": "lineitem", "Startup Cost": 0.0, "Total Cost": 0.87, "Plan Rows": 9, "Plan Width": 16, "Index Cond": "(l_orderkey = orders.o_orderkey)"}]}]}]}]}, "Unique SQL Id": 1915754155, "Planner Runtime": 0}, "explain_analyze_plan": {"Plan": {"Node Type": "Limit", "Startup Cost": 2649029.8, "Total Cost": 2649030.05, "Plan Rows": 100, "Plan Width": 59, "Actual Startup Time": 51129.008, "Actual Total Time": 51129.027, "Actual Rows": 84, "Actual Loops": 1, "Plans": [{"Node Type": "Sort", "Parent Relationship": "Outer", "Startup Cost": 2649029.8, "Total Cost": 2649345.6, "Plan Rows": 100, "Plan Width": 59, "Actual Startup Time": 51129.006, "Actual Total Time": 51129.015, "Actual Rows": 84, "Actual Loops": 1, "Sort Key": ["orders.o_totalprice DESC", "orders.o_orderdate"], "Sort Method": "quicksort", "Sort Space Used": 38, "Sort Space Type": "Memory", "Plans": [{"Node Type": "Aggregate", "Strategy": "Hashed", "Parent Relationship": "Outer", "Startup Cost": 2642938.69, "Total Cost": 2644201.9, "Plan Rows": 126321, "Plan Width": 59, "Actual Startup Time": 51128.213, "Actual Total Time": 51128.889, "Actual Rows": 84, "Actual Loops": 1, "Group By Key": ["orders.o_totalprice", "orders.o_orderdate", "customer.c_name", "customer.c_custkey", "orders.o_orderkey"], "Plans": [{"Node Type": "Nested Loop", "Parent Relationship": "Outer", "Join Type": "Inner", "Startup Cost": 2315050.5, "Total Cost": 2641043.88, "Plan Rows": 126321, "Plan Width": 59, "Actual Startup Time": 46173.798, "Actual Total Time": 51126.311, "Actual Rows": 588, "Actual Loops": 1, "Inner Unique": false, "Plans": [{"Node Type": "Nested Loop", "Parent Relationship": "Outer", "Join Type": "Inner", "Startup Cost": 2315050.5, "Total Cost": 2627700.1, "Plan Rows": 13913, "Plan Width": 59, "Actual Startup Time": 46173.775, "Actual Total Time": 51124.263, "Actual Rows": 84, "Actual Loops": 1, "Inner Unique": true, "Plans": [{"Node Type": "Nested Loop", "Parent Relationship": "Outer", "Join Type": "Inner", "Startup Cost": 2315050.5, "Total Cost": 2618076.97, "Plan Rows": 33034, "Plan Width": 40, "Actual Startup Time": 46173.751, "Actual Total Time": 51122.995, "Actual Rows": 84, "Actual Loops": 1, "Inner Unique": true, "Plans": [{"Node Type": "Aggregate", "Strategy": "Hashed", "Parent Relationship": "Outer", "Startup Cost": 2315050.5, "Total Cost": 2381201.11, "Plan Rows": 33034, "Plan Width": 16, "Actual Startup Time": 46173.686, "Actual Total Time": 51106.177, "Actual Rows": 84, "Actual Loops": 1, "Group By Key": ["public.lineitem.l_orderkey"], "Filter": "(sum(public.lineitem.l_quantity) > 314::double precision), (LLVM Optimized, Jit Execute)", "Rows Removed by Filter": 14999916, "Plans": [{"Node Type": "Seq Scan", "Parent Relationship": "Outer", "Relation Name": "lineitem", "Alias": "lineitem", "Startup Cost": 0.0, "Total Cost": 2015115.33, "Plan Rows": 59987033, "Plan Width": 16, "Actual Startup Time": 0.043, "Actual Total Time": 19975.008, "Actual Rows": 59986052, "Actual Loops": 1}]}, {"Node Type": "Index Scan", "Parent Relationship": "Inner", "Scan Direction": "Forward", "Index Name": "orders_pkey", "Relation Name": "orders", "Alias": "orders", "Startup Cost": 0.0, "Total Cost": 7.15, "Plan Rows": 1, "Plan Width": 32, "Actual Startup Time": 2.93, "Actual Total Time": 2.93, "Actual Rows": 84, "Actual Loops": 84, "Index Cond": "(o_orderkey = public.lineitem.l_orderkey)", "Rows Removed by Index Recheck": 0}]}, {"Node Type": "Index Scan", "Parent Relationship": "Inner", "Scan Direction": "Forward", "Index Name": "customer_pkey", "Relation Name": "customer", "Alias": "customer", "Startup Cost": 0.0, "Total Cost": 0.28, "Plan Rows": 1, "Plan Width": 27, "Actual Startup Time": 0.906, "Actual Total Time": 0.906, "Actual Rows": 84, "Actual Loops": 84, "Index Cond": "(c_custkey = orders.o_custkey)", "Rows Removed by Index Recheck": 0}]}, {"Node Type": "Index Scan", "Parent Relationship": "Inner", "Scan Direction": "Forward", "Index Name": "idx_lineitem_orderkey", "Relation Name": "lineitem", "Alias": "lineitem", "Startup Cost": 0.0, "Total Cost": 0.87, "Plan Rows": 9, "Plan Width": 16, "Actual Startup Time": 1.165, "Actual Total Time": 1.622, "Actual Rows": 588, "Actual Loops": 84, "Index Cond": "(l_orderkey = orders.o_orderkey)", "Rows Removed by Index Recheck": 0}]}]}]}]}, "Triggers": [], "Planner Runtime": 1.711, "Total Runtime": 51138.586, "Unique SQL Id": 1915754155}}, "(1, '53')": {"explain_plan": {"Plan": {"Node Type": "Limit", "Startup Cost": 3874068.21, "Total Cost": 3874068.46, "Plan Rows": 100, "Plan Width": 59, "Plans": [{"Node Type": "Sort", "Parent Relationship": "Outer", "Startup Cost": 3874068.21, "Total Cost": 3874384.02, "Plan Rows": 100, "Plan Width": 59, "Sort Key": ["orders.o_totalprice DESC", "orders.o_orderdate"], "Plans": [{"Node Type": "Aggregate", "Strategy": "Hashed", "Parent Relationship": "Outer", "Startup Cost": 3867977.11, "Total Cost": 3869240.32, "Plan Rows": 126321, "Plan Width": 59, "Group By Key": ["orders.o_totalprice", "orders.o_orderdate", "customer.c_name", "customer.c_custkey", "orders.o_orderkey"], "Plans": [{"Node Type": "Nested Loop", "Parent Relationship": "Outer", "Join Type": "Inner", "Startup Cost": 0.0, "Total Cost": 3866082.29, "Plan Rows": 126321, "Plan Width": 59, "Inner Unique": false, "Plans": [{"Node Type": "Nested Loop", "Parent Relationship": "Outer", "Join Type": "Inner", "Startup Cost": 0.0, "Total Cost": 3852738.51, "Plan Rows": 13913, "Plan Width": 59, "Inner Unique": true, "Plans": [{"Node Type": "Nested Loop", "Parent Relationship": "Outer", "Join Type": "Inner", "Startup Cost": 0.0, "Total Cost": 3843115.38, "Plan Rows": 33034, "Plan Width": 40, "Inner Unique": true, "Plans": [{"Node Type": "Aggregate", "Strategy": "Sorted", "Parent Relationship": "Outer", "Startup Cost": 0.0, "Total Cost": 3606239.52, "Plan Rows": 33034, "Plan Width": 24, "Group By Key": ["public.lineitem.l_orderkey"], "Filter": "(sum(public.lineitem.l_quantity) > 314::double precision), (LLVM Optimized)", "Plans": [{"Node Type": "Index Scan", "Parent Relationship": "Outer", "Scan Direction": "Forward", "Index Name": "idx_lineitem_orderkey", "Relation Name": "lineitem", "Alias": "lineitem", "Startup Cost": 0.0, "Total Cost": 3240153.75, "Plan Rows": 59987033, "Plan Width": 16}]}, {"Node Type": "Index Scan", "Parent Relationship": "Inner", "Scan Direction": "Forward", "Index Name": "orders_pkey", "Relation Name": "orders", "Alias": "orders", "Startup Cost": 0.0, "Total Cost": 7.15, "Plan Rows": 1, "Plan Width": 32, "Index Cond": "(o_orderkey = public.lineitem.l_orderkey)"}]}, {"Node Type": "Index Scan", "Parent Relationship": "Inner", "Scan Direction": "Forward", "Index Name": "customer_pkey", "Relation Name": "customer", "Alias": "customer", "Startup Cost": 0.0, "Total Cost": 0.28, "Plan Rows": 1, "Plan Width": 27, "Index Cond": "(c_custkey = orders.o_custkey)"}]}, {"Node Type": "Index Scan", "Parent Relationship": "Inner", "Scan Direction": "Forward", "Index Name": "idx_lineitem_orderkey", "Relation Name": "lineitem", "Alias": "lineitem", "Startup Cost": 0.0, "Total Cost": 0.87, "Plan Rows": 9, "Plan Width": 16, "Index Cond": "(l_orderkey = orders.o_orderkey)"}]}]}]}]}, "Unique SQL Id": 1915754155, "Planner Runtime": 0}, "explain_analyze_plan": {"Plan": {"Node Type": "Limit", "Startup Cost": 3874068.21, "Total Cost": 3874068.46, "Plan Rows": 100, "Plan Width": 59, "Actual Startup Time": 50695.002, "Actual Total Time": 50695.017, "Actual Rows": 84, "Actual Loops": 1, "Plans": [{"Node Type": "Sort", "Parent Relationship": "Outer", "Startup Cost": 3874068.21, "Total Cost": 3874384.02, "Plan Rows": 100, "Plan Width": 59, "Actual Startup Time": 50695.0, "Actual Total Time": 50695.004, "Actual Rows": 84, "Actual Loops": 1, "Sort Key": ["orders.o_totalprice DESC", "orders.o_orderdate"], "Sort Method": "quicksort", "Sort Space Used": 38, "Sort Space Type": "Memory", "Plans": [{"Node Type": "Aggregate", "Strategy": "Hashed", "Parent Relationship": "Outer", "Startup Cost": 3867977.11, "Total Cost": 3869240.32, "Plan Rows": 126321, "Plan Width": 59, "Actual Startup Time": 50694.487, "Actual Total Time": 50694.852, "Actual Rows": 84, "Actual Loops": 1, "Group By Key": ["orders.o_totalprice", "orders.o_orderdate", "customer.c_name", "customer.c_custkey", "orders.o_orderkey"], "Plans": [{"Node Type": "Nested Loop", "Parent Relationship": "Outer", "Join Type": "Inner", "Startup Cost": 0.0, "Total Cost": 3866082.29, "Plan Rows": 126321, "Plan Width": 59, "Actual Startup Time": 1159.494, "Actual Total Time": 50691.109, "Actual Rows": 588, "Actual Loops": 1, "Inner Unique": false, "Plans": [{"Node Type": "Nested Loop", "Parent Relationship": "Outer", "Join Type": "Inner", "Startup Cost": 0.0, "Total Cost": 3852738.51, "Plan Rows": 13913, "Plan Width": 59, "Actual Startup Time": 1159.473, "Actual Total Time": 50688.867, "Actual Rows": 84, "Actual Loops": 1, "Inner Unique": true, "Plans": [{"Node Type": "Nested Loop", "Parent Relationship": "Outer", "Join Type": "Inner", "Startup Cost": 0.0, "Total Cost": 3843115.38, "Plan Rows": 33034, "Plan Width": 40, "Actual Startup Time": 1159.448, "Actual Total Time": 50687.006, "Actual Rows": 84, "Actual Loops": 1, "Inner Unique": true, "Plans": [{"Node Type": "Aggregate", "Strategy": "Sorted", "Parent Relationship": "Outer", "Startup Cost": 0.0, "Total Cost": 3606239.52, "Plan Rows": 33034, "Plan Width": 24, "Actual Startup Time": 1159.408, "Actual Total Time": 50684.063, "Actual Rows": 84, "Actual Loops": 1, "Group By Key": ["public.lineitem.l_orderkey"], "Filter": "(sum(public.lineitem.l_quantity) > 314::double precision), (LLVM Optimized, Jit Execute)", "Rows Removed by Filter": 14999916, "Plans": [{"Node Type": "Index Scan", "Parent Relationship": "Outer", "Scan Direction": "Forward", "Index Name": "idx_lineitem_orderkey", "Relation Name": "lineitem", "Alias": "lineitem", "Startup Cost": 0.0, "Total Cost": 3240153.75, "Plan Rows": 59987033, "Plan Width": 16, "Actual Startup Time": 0.029, "Actual Total Time": 30275.076, "Actual Rows": 59986052, "Actual Loops": 1}]}, {"Node Type": "Index Scan", "Parent Relationship": "Inner", "Scan Direction": "Forward", "Index Name": "orders_pkey", "Relation Name": "orders", "Alias": "orders", "Startup Cost": 0.0, "Total Cost": 7.15, "Plan Rows": 1, "Plan Width": 32, "Actual Startup Time": 1.994, "Actual Total Time": 1.994, "Actual Rows": 84, "Actual Loops": 84, "Index Cond": "(o_orderkey = public.lineitem.l_orderkey)", "Rows Removed by Index Recheck": 0}]}, {"Node Type": "Index Scan", "Parent Relationship": "Inner", "Scan Direction": "Forward", "Index Name": "customer_pkey", "Relation Name": "customer", "Alias": "customer", "Startup Cost": 0.0, "Total Cost": 0.28, "Plan Rows": 1, "Plan Width": 27, "Actual Startup Time": 1.278, "Actual Total Time": 1.278, "Actual Rows": 84, "Actual Loops": 84, "Index Cond": "(c_custkey = orders.o_custkey)", "Rows Removed by Index Recheck": 0}]}, {"Node Type": "Index Scan", "Parent Relationship": "Inner", "Scan Direction": "Forward", "Index Name": "idx_lineitem_orderkey", "Relation Name": "lineitem", "Alias": "lineitem", "Startup Cost": 0.0, "Total Cost": 0.87, "Plan Rows": 9, "Plan Width": 16, "Actual Startup Time": 0.938, "Actual Total Time": 1.562, "Actual Rows": 588, "Actual Loops": 84, "Index Cond": "(l_orderkey = orders.o_orderkey)", "Rows Removed by Index Recheck": 0}]}]}]}]}, "Triggers": [], "Planner Runtime": 1.698, "Total Runtime": 50704.506, "Unique SQL Id": 1915754155}}, "(1, '54')": {"explain_plan": {"Plan": {"Node Type": "Limit", "Startup Cost": 2838735.63, "Total Cost": 2838735.88, "Plan Rows": 100, "Plan Width": 59, "Plans": [{"Node Type": "Sort", "Parent Relationship": "Outer", "Startup Cost": 2838735.63, "Total Cost": 2839051.44, "Plan Rows": 100, "Plan Width": 59, "Sort Key": ["orders.o_totalprice DESC", "orders.o_orderdate"], "Plans": [{"Node Type": "Aggregate", "Strategy": "Hashed", "Parent Relationship": "Outer", "Startup Cost": 2832644.53, "Total Cost": 2833907.74, "Plan Rows": 126321, "Plan Width": 59, "Group By Key": ["orders.o_totalprice", "orders.o_orderdate", "customer.c_name", "customer.c_custkey", "orders.o_orderkey"], "Plans": [{"Node Type": "Nested Loop", "Parent Relationship": "Outer", "Join Type": "Inner", "Startup Cost": 2315054.5, "Total Cost": 2830749.71, "Plan Rows": 126321, "Plan Width": 59, "Inner Unique": false, "Plans": [{"Node Type": "Nested Loop", "Parent Relationship": "Outer", "Join Type": "Inner", "Startup Cost": 2315054.12, "Total Cost": 2766973.56, "Plan Rows": 13913, "Plan Width": 59, "Inner Unique": true, "Plans": [{"Node Type": "Nested Loop", "Parent Relationship": "Outer", "Join Type": "Inner", "Startup Cost": 2315053.86, "Total Cost": 2625533.23, "Plan Rows": 33034, "Plan Width": 40, "Inner Unique": true, "Plans": [{"Node Type": "Aggregate", "Strategy": "Hashed", "Parent Relationship": "Outer", "Startup Cost": 2315050.5, "Total Cost": 2381201.11, "Plan Rows": 33034, "Plan Width": 16, "Group By Key": ["public.lineitem.l_orderkey"], "Filter": "(sum(public.lineitem.l_quantity) > 314::double precision), (LLVM Optimized)", "Plans": [{"Node Type": "Seq Scan", "Parent Relationship": "Outer", "Relation Name": "lineitem", "Alias": "lineitem", "Startup Cost": 0.0, "Total Cost": 2015115.33, "Plan Rows": 59987033, "Plan Width": 16}]}, {"Node Type": "Bitmap Heap Scan", "Parent Relationship": "Inner", "Relation Name": "orders", "Alias": "orders", "Startup Cost": 3.36, "Total Cost": 7.38, "Plan Rows": 1, "Plan Width": 32, "Recheck Cond": "(o_orderkey = public.lineitem.l_orderkey)", "Plans": [{"Node Type": "Bitmap Index Scan", "Parent Relationship": "Outer", "Index Name": "orders_pkey", "Startup Cost": 0.0, "Total Cost": 3.36, "Plan Rows": 1, "Plan Width": 0, "Index Cond": "(o_orderkey = public.lineitem.l_orderkey)"}]}]}, {"Node Type": "Bitmap Heap Scan", "Parent Relationship": "Inner", "Relation Name": "customer", "Alias": "customer", "Startup Cost": 0.26, "Total Cost": 4.27, "Plan Rows": 1, "Plan Width": 27, "Recheck Cond": "(c_custkey = orders.o_custkey)", "Plans": [{"Node Type": "Bitmap Index Scan", "Parent Relationship": "Outer", "Index Name": "customer_pkey", "Startup Cost": 0.0, "Total Cost": 0.26, "Plan Rows": 1, "Plan Width": 0, "Index Cond": "(c_custkey = orders.o_custkey)"}]}]}, {"Node Type": "Bitmap Heap Scan", "Parent Relationship": "Inner", "Relation Name": "lineitem", "Alias": "lineitem", "Startup Cost": 0.38, "Total Cost": 4.49, "Plan Rows": 9, "Plan Width": 16, "Recheck Cond": "(l_orderkey = orders.o_orderkey)", "Plans": [{"Node Type": "Bitmap Index Scan", "Parent Relationship": "Outer", "Index Name": "idx_lineitem_orderkey", "Startup Cost": 0.0, "Total Cost": 0.38, "Plan Rows": 9, "Plan Width": 0, "Index Cond": "(l_orderkey = orders.o_orderkey)"}]}]}]}]}]}, "Unique SQL Id": 1915754155, "Planner Runtime": 0}, "explain_analyze_plan": {"Plan": {"Node Type": "Limit", "Startup Cost": 2838735.63, "Total Cost": 2838735.88, "Plan Rows": 100, "Plan Width": 59, "Actual Startup Time": 56920.125, "Actual Total Time": 56920.141, "Actual Rows": 84, "Actual Loops": 1, "Plans": [{"Node Type": "Sort", "Parent Relationship": "Outer", "Startup Cost": 2838735.63, "Total Cost": 2839051.44, "Plan Rows": 100, "Plan Width": 59, "Actual Startup Time": 56920.122, "Actual Total Time": 56920.125, "Actual Rows": 84, "Actual Loops": 1, "Sort Key": ["orders.o_totalprice DESC", "orders.o_orderdate"], "Sort Method": "quicksort", "Sort Space Used": 38, "Sort Space Type": "Memory", "Plans": [{"Node Type": "Aggregate", "Strategy": "Hashed", "Parent Relationship": "Outer", "Startup Cost": 2832644.53, "Total Cost": 2833907.74, "Plan Rows": 126321, "Plan Width": 59, "Actual Startup Time": 56919.279, "Actual Total Time": 56920.01, "Actual Rows": 84, "Actual Loops": 1, "Group By Key": ["orders.o_totalprice", "orders.o_orderdate", "customer.c_name", "customer.c_custkey", "orders.o_orderkey"], "Plans": [{"Node Type": "Nested Loop", "Parent Relationship": "Outer", "Join Type": "Inner", "Startup Cost": 2315054.5, "Total Cost": 2830749.71, "Plan Rows": 126321, "Plan Width": 59, "Actual Startup Time": 48330.608, "Actual Total Time": 56917.436, "Actual Rows": 588, "Actual Loops": 1, "Inner Unique": false, "Plans": [{"Node Type": "Nested Loop", "Parent Relationship": "Outer", "Join Type": "Inner", "Startup Cost": 2315054.12, "Total Cost": 2766973.56, "Plan Rows": 13913, "Plan Width": 59, "Actual Startup Time": 48330.561, "Actual Total Time": 56914.137, "Actual Rows": 84, "Actual Loops": 1, "Inner Unique": true, "Plans": [{"Node Type": "Nested Loop", "Parent Relationship": "Outer", "Join Type": "Inner", "Startup Cost": 2315053.86, "Total Cost": 2625533.23, "Plan Rows": 33034, "Plan Width": 40, "Actual Startup Time": 48330.508, "Actual Total Time": 56911.85, "Actual Rows": 84, "Actual Loops": 1, "Inner Unique": true, "Plans": [{"Node Type": "Aggregate", "Strategy": "Hashed", "Parent Relationship": "Outer", "Startup Cost": 2315050.5, "Total Cost": 2381201.11, "Plan Rows": 33034, "Plan Width": 16, "Actual Startup Time": 48330.408, "Actual Total Time": 56891.838, "Actual Rows": 84, "Actual Loops": 1, "Group By Key": ["public.lineitem.l_orderkey"], "Filter": "(sum(public.lineitem.l_quantity) > 314::double precision), (LLVM Optimized, Jit Execute)", "Rows Removed by Filter": 14999916, "Plans": [{"Node Type": "Seq Scan", "Parent Relationship": "Outer", "Relation Name": "lineitem", "Alias": "lineitem", "Startup Cost": 0.0, "Total Cost": 2015115.33, "Plan Rows": 59987033, "Plan Width": 16, "Actual Startup Time": 0.048, "Actual Total Time": 20457.825, "Actual Rows": 59986052, "Actual Loops": 1}]}, {"Node Type": "Bitmap Heap Scan", "Parent Relationship": "Inner", "Relation Name": "orders", "Alias": "orders", "Startup Cost": 3.36, "Total Cost": 7.38, "Plan Rows": 1, "Plan Width": 32, "Actual Startup Time": 3.218, "Actual Total Time": 3.218, "Actual Rows": 84, "Actual Loops": 84, "Recheck Cond": "(o_orderkey = public.lineitem.l_orderkey)", "Rows Removed by Index Recheck": 0, "Exact Heap Blocks": 84, "Lossy Heap Blocks": 84, "Plans": [{"Node Type": "Bitmap Index Scan", "Parent Relationship": "Outer", "Index Name": "orders_pkey", "Startup Cost": 0.0, "Total Cost": 3.36, "Plan Rows": 1, "Plan Width": 0, "Actual Startup Time": 2.15, "Actual Total Time": 2.15, "Actual Rows": 84, "Actual Loops": 84, "Index Cond": "(o_orderkey = public.lineitem.l_orderkey)"}]}]}, {"Node Type": "Bitmap Heap Scan", "Parent Relationship": "Inner", "Relation Name": "customer", "Alias": "customer", "Startup Cost": 0.26, "Total Cost": 4.27, "Plan Rows": 1, "Plan Width": 27, "Actual Startup Time": 1.609, "Actual Total Time": 1.609, "Actual Rows": 84, "Actual Loops": 84, "Recheck Cond": "(c_custkey = orders.o_custkey)", "Rows Removed by Index Recheck": 0, "Exact Heap Blocks": 84, "Lossy Heap Blocks": 84, "Plans": [{"Node Type": "Bitmap Index Scan", "Parent Relationship": "Outer", "Index Name": "customer_pkey", "Startup Cost": 0.0, "Total Cost": 0.26, "Plan Rows": 1, "Plan Width": 0, "Actual Startup Time": 1.008, "Actual Total Time": 1.008, "Actual Rows": 84, "Actual Loops": 84, "Index Cond": "(c_custkey = orders.o_custkey)"}]}]}, {"Node Type": "Bitmap Heap Scan", "Parent Relationship": "Inner", "Relation Name": "lineitem", "Alias": "lineitem", "Startup Cost": 0.38, "Total Cost": 4.49, "Plan Rows": 9, "Plan Width": 16, "Actual Startup Time": 2.263, "Actual Total Time": 2.445, "Actual Rows": 588, "Actual Loops": 84, "Recheck Cond": "(l_orderkey = orders.o_orderkey)", "Rows Removed by Index Recheck": 0, "Exact Heap Blocks": 96, "Lossy Heap Blocks": 96, "Plans": [{"Node Type": "Bitmap Index Scan", "Parent Relationship": "Outer", "Index Name": "idx_lineitem_orderkey", "Startup Cost": 0.0, "Total Cost": 0.38, "Plan Rows": 9, "Plan Width": 0, "Actual Startup Time": 1.423, "Actual Total Time": 1.423, "Actual Rows": 588, "Actual Loops": 84, "Index Cond": "(l_orderkey = orders.o_orderkey)"}]}]}]}]}]}, "Triggers": [], "Planner Runtime": 1.556, "Total Runtime": 56929.516, "Unique SQL Id": 1915754155}}, "(1, '55')": {"explain_plan": {"Plan": {"Node Type": "Limit", "Startup Cost": 1000324838994.8, "Total Cost": 1000324838995.05, "Plan Rows": 100, "Plan Width": 59, "Plans": [{"Node Type": "Sort", "Parent Relationship": "Outer", "Startup Cost": 1000324838994.8, "Total Cost": 1000324839310.61, "Plan Rows": 100, "Plan Width": 59, "Sort Key": ["orders.o_totalprice DESC", "orders.o_orderdate"], "Plans": [{"Node Type": "Aggregate", "Strategy": "Hashed", "Parent Relationship": "Outer", "Startup Cost": 1000324832903.7, "Total Cost": 1000324834166.91, "Plan Rows": 126321, "Plan Width": 59, "Group By Key": ["orders.o_totalprice", "orders.o_orderdate", "customer.c_name", "customer.c_custkey", "orders.o_orderkey"], "Plans": [{"Node Type": "Nested Loop", "Parent Relationship": "Outer", "Join Type": "Inner", "Startup Cost": 10000000004.0, "Total Cost": 1000324831008.88, "Plan Rows": 126321, "Plan Width": 59, "Inner Unique": false, "Plans": [{"Node Type": "Nested Loop", "Parent Relationship": "Outer", "Join Type": "Inner", "Startup Cost": 10000000003.62, "Total Cost": 1000324767232.73, "Plan Rows": 13913, "Plan Width": 59, "Inner Unique": true, "Plans": [{"Node Type": "Nested Loop", "Parent Relationship": "Outer", "Join Type": "Inner", "Startup Cost": 10000000003.36, "Total Cost": 1000324625792.4, "Plan Rows": 33034, "Plan Width": 40, "Inner Unique": true, "Plans": [{"Node Type": "Aggregate", "Strategy": "Sorted", "Parent Relationship": "Outer", "Startup Cost": 10000000000.0, "Total Cost": 1000324381460.28, "Plan Rows": 33034, "Plan Width": 24, "Group By Key": ["public.lineitem.l_orderkey"], "Filter": "(sum(public.lineitem.l_quantity) > 314::double precision), (LLVM Optimized)", "Plans": [{"Node Type": "Index Scan", "Parent Relationship": "Outer", "Scan Direction": "Forward", "Index Name": "idx_lineitem_orderkey", "Relation Name": "lineitem", "Alias": "lineitem", "Startup Cost": 10000000000.0, "Total Cost": 1000324015374.5, "Plan Rows": 59987033, "Plan Width": 16}]}, {"Node Type": "Bitmap Heap Scan", "Parent Relationship": "Inner", "Relation Name": "orders", "Alias": "orders", "Startup Cost": 3.36, "Total Cost": 7.38, "Plan Rows": 1, "Plan Width": 32, "Recheck Cond": "(o_orderkey = public.lineitem.l_orderkey)", "Plans": [{"Node Type": "Bitmap Index Scan", "Parent Relationship": "Outer", "Index Name": "orders_pkey", "Startup Cost": 0.0, "Total Cost": 3.36, "Plan Rows": 1, "Plan Width": 0, "Index Cond": "(o_orderkey = public.lineitem.l_orderkey)"}]}]}, {"Node Type": "Bitmap Heap Scan", "Parent Relationship": "Inner", "Relation Name": "customer", "Alias": "customer", "Startup Cost": 0.26, "Total Cost": 4.27, "Plan Rows": 1, "Plan Width": 27, "Recheck Cond": "(c_custkey = orders.o_custkey)", "Plans": [{"Node Type": "Bitmap Index Scan", "Parent Relationship": "Outer", "Index Name": "customer_pkey", "Startup Cost": 0.0, "Total Cost": 0.26, "Plan Rows": 1, "Plan Width": 0, "Index Cond": "(c_custkey = orders.o_custkey)"}]}]}, {"Node Type": "Bitmap Heap Scan", "Parent Relationship": "Inner", "Relation Name": "lineitem", "Alias": "lineitem", "Startup Cost": 0.38, "Total Cost": 4.49, "Plan Rows": 9, "Plan Width": 16, "Recheck Cond": "(l_orderkey = orders.o_orderkey)", "Plans": [{"Node Type": "Bitmap Index Scan", "Parent Relationship": "Outer", "Index Name": "idx_lineitem_orderkey", "Startup Cost": 0.0, "Total Cost": 0.38, "Plan Rows": 9, "Plan Width": 0, "Index Cond": "(l_orderkey = orders.o_orderkey)"}]}]}]}]}]}, "Unique SQL Id": 1915754155, "Planner Runtime": 0}, "explain_analyze_plan": {"Plan": {"Node Type": "Limit", "Startup Cost": 1000324838994.8, "Total Cost": 1000324838995.05, "Plan Rows": 100, "Plan Width": 59, "Actual Startup Time": 49544.467, "Actual Total Time": 49544.486, "Actual Rows": 84, "Actual Loops": 1, "Plans": [{"Node Type": "Sort", "Parent Relationship": "Outer", "Startup Cost": 1000324838994.8, "Total Cost": 1000324839310.61, "Plan Rows": 100, "Plan Width": 59, "Actual Startup Time": 49544.465, "Actual Total Time": 49544.474, "Actual Rows": 84, "Actual Loops": 1, "Sort Key": ["orders.o_totalprice DESC", "orders.o_orderdate"], "Sort Method": "quicksort", "Sort Space Used": 38, "Sort Space Type": "Memory", "Plans": [{"Node Type": "Aggregate", "Strategy": "Hashed", "Parent Relationship": "Outer", "Startup Cost": 1000324832903.7, "Total Cost": 1000324834166.91, "Plan Rows": 126321, "Plan Width": 59, "Actual Startup Time": 49543.984, "Actual Total Time": 49544.316, "Actual Rows": 84, "Actual Loops": 1, "Group By Key": ["orders.o_totalprice", "orders.o_orderdate", "customer.c_name", "customer.c_custkey", "orders.o_orderkey"], "Plans": [{"Node Type": "Nested Loop", "Parent Relationship": "Outer", "Join Type": "Inner", "Startup Cost": 10000000004.0, "Total Cost": 1000324831008.88, "Plan Rows": 126321, "Plan Width": 59, "Actual Startup Time": 1023.087, "Actual Total Time": 49541.154, "Actual Rows": 588, "Actual Loops": 1, "Inner Unique": false, "Plans": [{"Node Type": "Nested Loop", "Parent Relationship": "Outer", "Join Type": "Inner", "Startup Cost": 10000000003.62, "Total Cost": 1000324767232.73, "Plan Rows": 13913, "Plan Width": 59, "Actual Startup Time": 1023.067, "Actual Total Time": 49538.65, "Actual Rows": 84, "Actual Loops": 1, "Inner Unique": true, "Plans": [{"Node Type": "Nested Loop", "Parent Relationship": "Outer", "Join Type": "Inner", "Startup Cost": 10000000003.36, "Total Cost": 1000324625792.4, "Plan Rows": 33034, "Plan Width": 40, "Actual Startup Time": 1023.033, "Actual Total Time": 49536.599, "Actual Rows": 84, "Actual Loops": 1, "Inner Unique": true, "Plans": [{"Node Type": "Aggregate", "Strategy": "Sorted", "Parent Relationship": "Outer", "Startup Cost": 10000000000.0, "Total Cost": 1000324381460.28, "Plan Rows": 33034, "Plan Width": 24, "Actual Startup Time": 1022.959, "Actual Total Time": 49531.744, "Actual Rows": 84, "Actual Loops": 1, "Group By Key": ["public.lineitem.l_orderkey"], "Filter": "(sum(public.lineitem.l_quantity) > 314::double precision), (LLVM Optimized, Jit Execute)", "Rows Removed by Filter": 14999916, "Plans": [{"Node Type": "Index Scan", "Parent Relationship": "Outer", "Scan Direction": "Forward", "Index Name": "idx_lineitem_orderkey", "Relation Name": "lineitem", "Alias": "lineitem", "Startup Cost": 10000000000.0, "Total Cost": 1000324015374.5, "Plan Rows": 59987033, "Plan Width": 16, "Actual Startup Time": 0.03, "Actual Total Time": 29176.085, "Actual Rows": 59986052, "Actual Loops": 1}]}, {"Node Type": "Bitmap Heap Scan", "Parent Relationship": "Inner", "Relation Name": "orders", "Alias": "orders", "Startup Cost": 3.36, "Total Cost": 7.38, "Plan Rows": 1, "Plan Width": 32, "Actual Startup Time": 3.264, "Actual Total Time": 3.264, "Actual Rows": 84, "Actual Loops": 84, "Recheck Cond": "(o_orderkey = public.lineitem.l_orderkey)", "Rows Removed by Index Recheck": 0, "Exact Heap Blocks": 84, "Lossy Heap Blocks": 84, "Plans": [{"Node Type": "Bitmap Index Scan", "Parent Relationship": "Outer", "Index Name": "orders_pkey", "Startup Cost": 0.0, "Total Cost": 3.36, "Plan Rows": 1, "Plan Width": 0, "Actual Startup Time": 2.073, "Actual Total Time": 2.073, "Actual Rows": 84, "Actual Loops": 84, "Index Cond": "(o_orderkey = public.lineitem.l_orderkey)"}]}]}, {"Node Type": "Bitmap Heap Scan", "Parent Relationship": "Inner", "Relation Name": "customer", "Alias": "customer", "Startup Cost": 0.26, "Total Cost": 4.27, "Plan Rows": 1, "Plan Width": 27, "Actual Startup Time": 1.378, "Actual Total Time": 1.378, "Actual Rows": 84, "Actual Loops": 84, "Recheck Cond": "(c_custkey = orders.o_custkey)", "Rows Removed by Index Recheck": 0, "Exact Heap Blocks": 84, "Lossy Heap Blocks": 84, "Plans": [{"Node Type": "Bitmap Index Scan", "Parent Relationship": "Outer", "Index Name": "customer_pkey", "Startup Cost": 0.0, "Total Cost": 0.26, "Plan Rows": 1, "Plan Width": 0, "Actual Startup Time": 0.854, "Actual Total Time": 0.854, "Actual Rows": 84, "Actual Loops": 84, "Index Cond": "(c_custkey = orders.o_custkey)"}]}]}, {"Node Type": "Bitmap Heap Scan", "Parent Relationship": "Inner", "Relation Name": "lineitem", "Alias": "lineitem", "Startup Cost": 0.38, "Total Cost": 4.49, "Plan Rows": 9, "Plan Width": 16, "Actual Startup Time": 1.417, "Actual Total Time": 1.651, "Actual Rows": 588, "Actual Loops": 84, "Recheck Cond": "(l_orderkey = orders.o_orderkey)", "Rows Removed by Index Recheck": 0, "Exact Heap Blocks": 96, "Lossy Heap Blocks": 96, "Plans": [{"Node Type": "Bitmap Index Scan", "Parent Relationship": "Outer", "Index Name": "idx_lineitem_orderkey", "Startup Cost": 0.0, "Total Cost": 0.38, "Plan Rows": 9, "Plan Width": 0, "Actual Startup Time": 0.904, "Actual Total Time": 0.904, "Actual Rows": 588, "Actual Loops": 84, "Index Cond": "(l_orderkey = orders.o_orderkey)"}]}]}]}]}]}, "Triggers": [], "Planner Runtime": 1.515, "Total Runtime": 49553.909, "Unique SQL Id": 1915754155}}, "(1, '56')": {"explain_plan": {"Plan": {"Node Type": "Limit", "Startup Cost": 2649029.8, "Total Cost": 2649030.05, "Plan Rows": 100, "Plan Width": 59, "Plans": [{"Node Type": "Sort", "Parent Relationship": "Outer", "Startup Cost": 2649029.8, "Total Cost": 2649345.6, "Plan Rows": 100, "Plan Width": 59, "Sort Key": ["orders.o_totalprice DESC", "orders.o_orderdate"], "Plans": [{"Node Type": "Aggregate", "Strategy": "Hashed", "Parent Relationship": "Outer", "Startup Cost": 2642938.69, "Total Cost": 2644201.9, "Plan Rows": 126321, "Plan Width": 59, "Group By Key": ["orders.o_totalprice", "orders.o_orderdate", "customer.c_name", "customer.c_custkey", "orders.o_orderkey"], "Plans": [{"Node Type": "Nested Loop", "Parent Relationship": "Outer", "Join Type": "Inner", "Startup Cost": 2315050.5, "Total Cost": 2641043.88, "Plan Rows": 126321, "Plan Width": 59, "Inner Unique": false, "Plans": [{"Node Type": "Nested Loop", "Parent Relationship": "Outer", "Join Type": "Inner", "Startup Cost": 2315050.5, "Total Cost": 2627700.1, "Plan Rows": 13913, "Plan Width": 59, "Inner Unique": true, "Plans": [{"Node Type": "Nested Loop", "Parent Relationship": "Outer", "Join Type": "Inner", "Startup Cost": 2315050.5, "Total Cost": 2618076.97, "Plan Rows": 33034, "Plan Width": 40, "Inner Unique": true, "Plans": [{"Node Type": "Aggregate", "Strategy": "Hashed", "Parent Relationship": "Outer", "Startup Cost": 2315050.5, "Total Cost": 2381201.11, "Plan Rows": 33034, "Plan Width": 16, "Group By Key": ["public.lineitem.l_orderkey"], "Filter": "(sum(public.lineitem.l_quantity) > 314::double precision), (LLVM Optimized)", "Plans": [{"Node Type": "Seq Scan", "Parent Relationship": "Outer", "Relation Name": "lineitem", "Alias": "lineitem", "Startup Cost": 0.0, "Total Cost": 2015115.33, "Plan Rows": 59987033, "Plan Width": 16}]}, {"Node Type": "Index Scan", "Parent Relationship": "Inner", "Scan Direction": "Forward", "Index Name": "orders_pkey", "Relation Name": "orders", "Alias": "orders", "Startup Cost": 0.0, "Total Cost": 7.15, "Plan Rows": 1, "Plan Width": 32, "Index Cond": "(o_orderkey = public.lineitem.l_orderkey)"}]}, {"Node Type": "Index Scan", "Parent Relationship": "Inner", "Scan Direction": "Forward", "Index Name": "customer_pkey", "Relation Name": "customer", "Alias": "customer", "Startup Cost": 0.0, "Total Cost": 0.28, "Plan Rows": 1, "Plan Width": 27, "Index Cond": "(c_custkey = orders.o_custkey)"}]}, {"Node Type": "Index Scan", "Parent Relationship": "Inner", "Scan Direction": "Forward", "Index Name": "idx_lineitem_orderkey", "Relation Name": "lineitem", "Alias": "lineitem", "Startup Cost": 0.0, "Total Cost": 0.87, "Plan Rows": 9, "Plan Width": 16, "Index Cond": "(l_orderkey = orders.o_orderkey)"}]}]}]}]}, "Unique SQL Id": 1915754155, "Planner Runtime": 0}, "explain_analyze_plan": {"Plan": {"Node Type": "Limit", "Startup Cost": 2649029.8, "Total Cost": 2649030.05, "Plan Rows": 100, "Plan Width": 59, "Actual Startup Time": 51129.008, "Actual Total Time": 51129.027, "Actual Rows": 84, "Actual Loops": 1, "Plans": [{"Node Type": "Sort", "Parent Relationship": "Outer", "Startup Cost": 2649029.8, "Total Cost": 2649345.6, "Plan Rows": 100, "Plan Width": 59, "Actual Startup Time": 51129.006, "Actual Total Time": 51129.015, "Actual Rows": 84, "Actual Loops": 1, "Sort Key": ["orders.o_totalprice DESC", "orders.o_orderdate"], "Sort Method": "quicksort", "Sort Space Used": 38, "Sort Space Type": "Memory", "Plans": [{"Node Type": "Aggregate", "Strategy": "Hashed", "Parent Relationship": "Outer", "Startup Cost": 2642938.69, "Total Cost": 2644201.9, "Plan Rows": 126321, "Plan Width": 59, "Actual Startup Time": 51128.213, "Actual Total Time": 51128.889, "Actual Rows": 84, "Actual Loops": 1, "Group By Key": ["orders.o_totalprice", "orders.o_orderdate", "customer.c_name", "customer.c_custkey", "orders.o_orderkey"], "Plans": [{"Node Type": "Nested Loop", "Parent Relationship": "Outer", "Join Type": "Inner", "Startup Cost": 2315050.5, "Total Cost": 2641043.88, "Plan Rows": 126321, "Plan Width": 59, "Actual Startup Time": 46173.798, "Actual Total Time": 51126.311, "Actual Rows": 588, "Actual Loops": 1, "Inner Unique": false, "Plans": [{"Node Type": "Nested Loop", "Parent Relationship": "Outer", "Join Type": "Inner", "Startup Cost": 2315050.5, "Total Cost": 2627700.1, "Plan Rows": 13913, "Plan Width": 59, "Actual Startup Time": 46173.775, "Actual Total Time": 51124.263, "Actual Rows": 84, "Actual Loops": 1, "Inner Unique": true, "Plans": [{"Node Type": "Nested Loop", "Parent Relationship": "Outer", "Join Type": "Inner", "Startup Cost": 2315050.5, "Total Cost": 2618076.97, "Plan Rows": 33034, "Plan Width": 40, "Actual Startup Time": 46173.751, "Actual Total Time": 51122.995, "Actual Rows": 84, "Actual Loops": 1, "Inner Unique": true, "Plans": [{"Node Type": "Aggregate", "Strategy": "Hashed", "Parent Relationship": "Outer", "Startup Cost": 2315050.5, "Total Cost": 2381201.11, "Plan Rows": 33034, "Plan Width": 16, "Actual Startup Time": 46173.686, "Actual Total Time": 51106.177, "Actual Rows": 84, "Actual Loops": 1, "Group By Key": ["public.lineitem.l_orderkey"], "Filter": "(sum(public.lineitem.l_quantity) > 314::double precision), (LLVM Optimized, Jit Execute)", "Rows Removed by Filter": 14999916, "Plans": [{"Node Type": "Seq Scan", "Parent Relationship": "Outer", "Relation Name": "lineitem", "Alias": "lineitem", "Startup Cost": 0.0, "Total Cost": 2015115.33, "Plan Rows": 59987033, "Plan Width": 16, "Actual Startup Time": 0.043, "Actual Total Time": 19975.008, "Actual Rows": 59986052, "Actual Loops": 1}]}, {"Node Type": "Index Scan", "Parent Relationship": "Inner", "Scan Direction": "Forward", "Index Name": "orders_pkey", "Relation Name": "orders", "Alias": "orders", "Startup Cost": 0.0, "Total Cost": 7.15, "Plan Rows": 1, "Plan Width": 32, "Actual Startup Time": 2.93, "Actual Total Time": 2.93, "Actual Rows": 84, "Actual Loops": 84, "Index Cond": "(o_orderkey = public.lineitem.l_orderkey)", "Rows Removed by Index Recheck": 0}]}, {"Node Type": "Index Scan", "Parent Relationship": "Inner", "Scan Direction": "Forward", "Index Name": "customer_pkey", "Relation Name": "customer", "Alias": "customer", "Startup Cost": 0.0, "Total Cost": 0.28, "Plan Rows": 1, "Plan Width": 27, "Actual Startup Time": 0.906, "Actual Total Time": 0.906, "Actual Rows": 84, "Actual Loops": 84, "Index Cond": "(c_custkey = orders.o_custkey)", "Rows Removed by Index Recheck": 0}]}, {"Node Type": "Index Scan", "Parent Relationship": "Inner", "Scan Direction": "Forward", "Index Name": "idx_lineitem_orderkey", "Relation Name": "lineitem", "Alias": "lineitem", "Startup Cost": 0.0, "Total Cost": 0.87, "Plan Rows": 9, "Plan Width": 16, "Actual Startup Time": 1.165, "Actual Total Time": 1.622, "Actual Rows": 588, "Actual Loops": 84, "Index Cond": "(l_orderkey = orders.o_orderkey)", "Rows Removed by Index Recheck": 0}]}]}]}]}, "Triggers": [], "Planner Runtime": 1.711, "Total Runtime": 51138.586, "Unique SQL Id": 1915754155}}, "(1, '57')": {"explain_plan": {"Plan": {"Node Type": "Limit", "Startup Cost": 3874068.21, "Total Cost": 3874068.46, "Plan Rows": 100, "Plan Width": 59, "Plans": [{"Node Type": "Sort", "Parent Relationship": "Outer", "Startup Cost": 3874068.21, "Total Cost": 3874384.02, "Plan Rows": 100, "Plan Width": 59, "Sort Key": ["orders.o_totalprice DESC", "orders.o_orderdate"], "Plans": [{"Node Type": "Aggregate", "Strategy": "Hashed", "Parent Relationship": "Outer", "Startup Cost": 3867977.11, "Total Cost": 3869240.32, "Plan Rows": 126321, "Plan Width": 59, "Group By Key": ["orders.o_totalprice", "orders.o_orderdate", "customer.c_name", "customer.c_custkey", "orders.o_orderkey"], "Plans": [{"Node Type": "Nested Loop", "Parent Relationship": "Outer", "Join Type": "Inner", "Startup Cost": 0.0, "Total Cost": 3866082.29, "Plan Rows": 126321, "Plan Width": 59, "Inner Unique": false, "Plans": [{"Node Type": "Nested Loop", "Parent Relationship": "Outer", "Join Type": "Inner", "Startup Cost": 0.0, "Total Cost": 3852738.51, "Plan Rows": 13913, "Plan Width": 59, "Inner Unique": true, "Plans": [{"Node Type": "Nested Loop", "Parent Relationship": "Outer", "Join Type": "Inner", "Startup Cost": 0.0, "Total Cost": 3843115.38, "Plan Rows": 33034, "Plan Width": 40, "Inner Unique": true, "Plans": [{"Node Type": "Aggregate", "Strategy": "Sorted", "Parent Relationship": "Outer", "Startup Cost": 0.0, "Total Cost": 3606239.52, "Plan Rows": 33034, "Plan Width": 24, "Group By Key": ["public.lineitem.l_orderkey"], "Filter": "(sum(public.lineitem.l_quantity) > 314::double precision), (LLVM Optimized)", "Plans": [{"Node Type": "Index Scan", "Parent Relationship": "Outer", "Scan Direction": "Forward", "Index Name": "idx_lineitem_orderkey", "Relation Name": "lineitem", "Alias": "lineitem", "Startup Cost": 0.0, "Total Cost": 3240153.75, "Plan Rows": 59987033, "Plan Width": 16}]}, {"Node Type": "Index Scan", "Parent Relationship": "Inner", "Scan Direction": "Forward", "Index Name": "orders_pkey", "Relation Name": "orders", "Alias": "orders", "Startup Cost": 0.0, "Total Cost": 7.15, "Plan Rows": 1, "Plan Width": 32, "Index Cond": "(o_orderkey = public.lineitem.l_orderkey)"}]}, {"Node Type": "Index Scan", "Parent Relationship": "Inner", "Scan Direction": "Forward", "Index Name": "customer_pkey", "Relation Name": "customer", "Alias": "customer", "Startup Cost": 0.0, "Total Cost": 0.28, "Plan Rows": 1, "Plan Width": 27, "Index Cond": "(c_custkey = orders.o_custkey)"}]}, {"Node Type": "Index Scan", "Parent Relationship": "Inner", "Scan Direction": "Forward", "Index Name": "idx_lineitem_orderkey", "Relation Name": "lineitem", "Alias": "lineitem", "Startup Cost": 0.0, "Total Cost": 0.87, "Plan Rows": 9, "Plan Width": 16, "Index Cond": "(l_orderkey = orders.o_orderkey)"}]}]}]}]}, "Unique SQL Id": 1915754155, "Planner Runtime": 0}, "explain_analyze_plan": {"Plan": {"Node Type": "Limit", "Startup Cost": 3874068.21, "Total Cost": 3874068.46, "Plan Rows": 100, "Plan Width": 59, "Actual Startup Time": 50695.002, "Actual Total Time": 50695.017, "Actual Rows": 84, "Actual Loops": 1, "Plans": [{"Node Type": "Sort", "Parent Relationship": "Outer", "Startup Cost": 3874068.21, "Total Cost": 3874384.02, "Plan Rows": 100, "Plan Width": 59, "Actual Startup Time": 50695.0, "Actual Total Time": 50695.004, "Actual Rows": 84, "Actual Loops": 1, "Sort Key": ["orders.o_totalprice DESC", "orders.o_orderdate"], "Sort Method": "quicksort", "Sort Space Used": 38, "Sort Space Type": "Memory", "Plans": [{"Node Type": "Aggregate", "Strategy": "Hashed", "Parent Relationship": "Outer", "Startup Cost": 3867977.11, "Total Cost": 3869240.32, "Plan Rows": 126321, "Plan Width": 59, "Actual Startup Time": 50694.487, "Actual Total Time": 50694.852, "Actual Rows": 84, "Actual Loops": 1, "Group By Key": ["orders.o_totalprice", "orders.o_orderdate", "customer.c_name", "customer.c_custkey", "orders.o_orderkey"], "Plans": [{"Node Type": "Nested Loop", "Parent Relationship": "Outer", "Join Type": "Inner", "Startup Cost": 0.0, "Total Cost": 3866082.29, "Plan Rows": 126321, "Plan Width": 59, "Actual Startup Time": 1159.494, "Actual Total Time": 50691.109, "Actual Rows": 588, "Actual Loops": 1, "Inner Unique": false, "Plans": [{"Node Type": "Nested Loop", "Parent Relationship": "Outer", "Join Type": "Inner", "Startup Cost": 0.0, "Total Cost": 3852738.51, "Plan Rows": 13913, "Plan Width": 59, "Actual Startup Time": 1159.473, "Actual Total Time": 50688.867, "Actual Rows": 84, "Actual Loops": 1, "Inner Unique": true, "Plans": [{"Node Type": "Nested Loop", "Parent Relationship": "Outer", "Join Type": "Inner", "Startup Cost": 0.0, "Total Cost": 3843115.38, "Plan Rows": 33034, "Plan Width": 40, "Actual Startup Time": 1159.448, "Actual Total Time": 50687.006, "Actual Rows": 84, "Actual Loops": 1, "Inner Unique": true, "Plans": [{"Node Type": "Aggregate", "Strategy": "Sorted", "Parent Relationship": "Outer", "Startup Cost": 0.0, "Total Cost": 3606239.52, "Plan Rows": 33034, "Plan Width": 24, "Actual Startup Time": 1159.408, "Actual Total Time": 50684.063, "Actual Rows": 84, "Actual Loops": 1, "Group By Key": ["public.lineitem.l_orderkey"], "Filter": "(sum(public.lineitem.l_quantity) > 314::double precision), (LLVM Optimized, Jit Execute)", "Rows Removed by Filter": 14999916, "Plans": [{"Node Type": "Index Scan", "Parent Relationship": "Outer", "Scan Direction": "Forward", "Index Name": "idx_lineitem_orderkey", "Relation Name": "lineitem", "Alias": "lineitem", "Startup Cost": 0.0, "Total Cost": 3240153.75, "Plan Rows": 59987033, "Plan Width": 16, "Actual Startup Time": 0.029, "Actual Total Time": 30275.076, "Actual Rows": 59986052, "Actual Loops": 1}]}, {"Node Type": "Index Scan", "Parent Relationship": "Inner", "Scan Direction": "Forward", "Index Name": "orders_pkey", "Relation Name": "orders", "Alias": "orders", "Startup Cost": 0.0, "Total Cost": 7.15, "Plan Rows": 1, "Plan Width": 32, "Actual Startup Time": 1.994, "Actual Total Time": 1.994, "Actual Rows": 84, "Actual Loops": 84, "Index Cond": "(o_orderkey = public.lineitem.l_orderkey)", "Rows Removed by Index Recheck": 0}]}, {"Node Type": "Index Scan", "Parent Relationship": "Inner", "Scan Direction": "Forward", "Index Name": "customer_pkey", "Relation Name": "customer", "Alias": "customer", "Startup Cost": 0.0, "Total Cost": 0.28, "Plan Rows": 1, "Plan Width": 27, "Actual Startup Time": 1.278, "Actual Total Time": 1.278, "Actual Rows": 84, "Actual Loops": 84, "Index Cond": "(c_custkey = orders.o_custkey)", "Rows Removed by Index Recheck": 0}]}, {"Node Type": "Index Scan", "Parent Relationship": "Inner", "Scan Direction": "Forward", "Index Name": "idx_lineitem_orderkey", "Relation Name": "lineitem", "Alias": "lineitem", "Startup Cost": 0.0, "Total Cost": 0.87, "Plan Rows": 9, "Plan Width": 16, "Actual Startup Time": 0.938, "Actual Total Time": 1.562, "Actual Rows": 588, "Actual Loops": 84, "Index Cond": "(l_orderkey = orders.o_orderkey)", "Rows Removed by Index Recheck": 0}]}]}]}]}, "Triggers": [], "Planner Runtime": 1.698, "Total Runtime": 50704.506, "Unique SQL Id": 1915754155}}, "(1, '58')": {"explain_plan": {"Plan": {"Node Type": "Limit", "Startup Cost": 20699534063.67, "Total Cost": 20699534063.92, "Plan Rows": 100, "Plan Width": 59, "Plans": [{"Node Type": "Sort", "Parent Relationship": "Outer", "Startup Cost": 20699534063.67, "Total Cost": 20699534379.47, "Plan Rows": 100, "Plan Width": 59, "Sort Key": ["orders.o_totalprice DESC", "orders.o_orderdate"], "Plans": [{"Node Type": "Aggregate", "Strategy": "Hashed", "Parent Relationship": "Outer", "Startup Cost": 20699527972.56, "Total Cost": 20699529235.77, "Plan Rows": 126321, "Plan Width": 59, "Group By Key": ["orders.o_totalprice", "orders.o_orderdate", "customer.c_name", "customer.c_custkey", "orders.o_orderkey"], "Plans": [{"Node Type": "Nested Loop", "Parent Relationship": "Outer", "Join Type": "Inner", "Startup Cost": 2315050.5, "Total Cost": 20699526077.75, "Plan Rows": 126321, "Plan Width": 59, "Inner Unique": false, "Join Filter": "(orders.o_orderkey = public.lineitem.l_orderkey), (LLVM Optimized)", "Plans": [{"Node Type": "Seq Scan", "Parent Relationship": "Outer", "Relation Name": "lineitem", "Alias": "lineitem", "Startup Cost": 0.0, "Total Cost": 2015115.33, "Plan Rows": 59987033, "Plan Width": 16}, {"Node Type": "Materialize", "Parent Relationship": "Inner", "Startup Cost": 2315050.5, "Total Cost": 8178517145.27, "Plan Rows": 13913, "Plan Width": 59, "Plans": [{"Node Type": "Nested Loop", "Parent Relationship": "Outer", "Join Type": "Inner", "Startup Cost": 2315050.5, "Total Cost": 8178517075.7, "Plan Rows": 13913, "Plan Width": 59, "Inner Unique": false, "Join Filter": "(orders.o_custkey = customer.c_custkey)", "Plans": [{"Node Type": "Seq Scan", "Parent Relationship": "Outer", "Relation Name": "customer", "Alias": "customer", "Startup Cost": 0.0, "Total Cost": 52126.0, "Plan Rows": 1500000, "Plan Width": 27}, {"Node Type": "Materialize", "Parent Relationship": "Inner", "Startup Cost": 2315050.5, "Total Cost": 7435200032.29, "Plan Rows": 33034, "Plan Width": 40, "Plans": [{"Node Type": "Nested Loop", "Parent Relationship": "Outer", "Join Type": "Semi", "Startup Cost": 2315050.5, "Total Cost": 7435199867.12, "Plan Rows": 33034, "Plan Width": 40, "Inner Unique": false, "Join Filter": "(orders.o_orderkey = public.lineitem.l_orderkey)", "Plans": [{"Node Type": "Seq Scan", "Parent Relationship": "Outer", "Relation Name": "orders", "Alias": "orders", "Startup Cost": 0.0, "Total Cost": 426413.79, "Plan Rows": 14999479, "Plan Width": 32}, {"Node Type": "Materialize", "Parent Relationship": "Inner", "Startup Cost": 2315050.5, "Total Cost": 2381696.62, "Plan Rows": 33034, "Plan Width": 8, "Plans": [{"Node Type": "Aggregate", "Strategy": "Hashed", "Parent Relationship": "Outer", "Startup Cost": 2315050.5, "Total Cost": 2381201.11, "Plan Rows": 33034, "Plan Width": 16, "Group By Key": ["public.lineitem.l_orderkey"], "Filter": "(sum(public.lineitem.l_quantity) > 314::double precision), (LLVM Optimized)", "Plans": [{"Node Type": "Seq Scan", "Parent Relationship": "Outer", "Relation Name": "lineitem", "Alias": "lineitem", "Startup Cost": 0.0, "Total Cost": 2015115.33, "Plan Rows": 59987033, "Plan Width": 16}]}]}]}]}]}]}]}]}]}]}, "Unique SQL Id": 1915754155, "Planner Runtime": 0}, "explain_analyze_plan": null}, "(1, '59')": {"explain_plan": {"Plan": {"Node Type": "Limit", "Startup Cost": 4021424234088.76, "Total Cost": 4021424234089.01, "Plan Rows": 100, "Plan Width": 59, "Plans": [{"Node Type": "Sort", "Parent Relationship": "Outer", "Startup Cost": 4021424234088.76, "Total Cost": 4021424234404.56, "Plan Rows": 100, "Plan Width": 59, "Sort Key": ["orders.o_totalprice DESC", "orders.o_orderdate"], "Plans": [{"Node Type": "Aggregate", "Strategy": "Hashed", "Parent Relationship": "Outer", "Startup Cost": 4021424227997.65, "Total Cost": 4021424229260.86, "Plan Rows": 126321, "Plan Width": 59, "Group By Key": ["orders.o_totalprice", "orders.o_orderdate", "customer.c_name", "customer.c_custkey", "orders.o_orderkey"], "Plans": [{"Node Type": "Nested Loop", "Parent Relationship": "Outer", "Join Type": "Inner", "Startup Cost": 40000000000.0, "Total Cost": 4021424226102.83, "Plan Rows": 126321, "Plan Width": 59, "Inner Unique": false, "Join Filter": "(orders.o_orderkey = public.lineitem.l_orderkey), (LLVM Optimized)", "Plans": [{"Node Type": "Index Scan", "Parent Relationship": "Outer", "Scan Direction": "Forward", "Index Name": "idx_lineitem_orderkey", "Relation Name": "lineitem", "Alias": "lineitem", "Startup Cost": 10000000000.0, "Total Cost": 1000324015374.5, "Plan Rows": 59987033, "Plan Width": 16}, {"Node Type": "Materialize", "Parent Relationship": "Inner", "Startup Cost": 30000000000.0, "Total Cost": 3008581216911.18, "Plan Rows": 13913, "Plan Width": 59, "Plans": [{"Node Type": "Nested Loop", "Parent Relationship": "Outer", "Join Type": "Inner", "Startup Cost": 30000000000.0, "Total Cost": 3008581216841.62, "Plan Rows": 13913, "Plan Width": 59, "Inner Unique": true, "Join Filter": "(orders.o_custkey = customer.c_custkey)", "Plans": [{"Node Type": "Nested Loop", "Parent Relationship": "Outer", "Join Type": "Semi", "Startup Cost": 20000000000.0, "Total Cost": 2007829871555.99, "Plan Rows": 33034, "Plan Width": 40, "Inner Unique": false, "Join Filter": "(orders.o_orderkey = public.lineitem.l_orderkey)", "Plans": [{"Node Type": "Index Scan", "Parent Relationship": "Outer", "Scan Direction": "Forward", "Index Name": "orders_pkey", "Relation Name": "orders", "Alias": "orders", "Startup Cost": 10000000000.0, "Total Cost": 1000073097843.5, "Plan Rows": 14999479, "Plan Width": 32}, {"Node Type": "Materialize", "Parent Relationship": "Inner", "Startup Cost": 10000000000.0, "Total Cost": 1000324381955.79, "Plan Rows": 33034, "Plan Width": 8, "Plans": [{"Node Type": "Aggregate", "Strategy": "Sorted", "Parent Relationship": "Outer", "Startup Cost": 10000000000.0, "Total Cost": 1000324381460.28, "Plan Rows": 33034, "Plan Width": 24, "Group By Key": ["public.lineitem.l_orderkey"], "Filter": "(sum(public.lineitem.l_quantity) > 314::double precision), (LLVM Optimized)", "Plans": [{"Node Type": "Index Scan", "Parent Relationship": "Outer", "Scan Direction": "Forward", "Index Name": "idx_lineitem_orderkey", "Relation Name": "lineitem", "Alias": "lineitem", "Startup Cost": 10000000000.0, "Total Cost": 1000324015374.5, "Plan Rows": 59987033, "Plan Width": 16}]}]}]}, {"Node Type": "Materialize", "Parent Relationship": "Inner", "Startup Cost": 10000000000.0, "Total Cost": 1000008084035.62, "Plan Rows": 1500000, "Plan Width": 27, "Plans": [{"Node Type": "Index Scan", "Parent Relationship": "Outer", "Scan Direction": "Forward", "Index Name": "customer_pkey", "Relation Name": "customer", "Alias": "customer", "Startup Cost": 10000000000.0, "Total Cost": 1000008076535.62, "Plan Rows": 1500000, "Plan Width": 27}]}]}]}]}]}]}]}, "Unique SQL Id": 1915754155, "Planner Runtime": 1}, "explain_analyze_plan": null}, "(1, '60')": {"explain_plan": {"Plan": {"Node Type": "Limit", "Startup Cost": 2649029.8, "Total Cost": 2649030.05, "Plan Rows": 100, "Plan Width": 59, "Plans": [{"Node Type": "Sort", "Parent Relationship": "Outer", "Startup Cost": 2649029.8, "Total Cost": 2649345.6, "Plan Rows": 100, "Plan Width": 59, "Sort Key": ["orders.o_totalprice DESC", "orders.o_orderdate"], "Plans": [{"Node Type": "Aggregate", "Strategy": "Hashed", "Parent Relationship": "Outer", "Startup Cost": 2642938.69, "Total Cost": 2644201.9, "Plan Rows": 126321, "Plan Width": 59, "Group By Key": ["orders.o_totalprice", "orders.o_orderdate", "customer.c_name", "customer.c_custkey", "orders.o_orderkey"], "Plans": [{"Node Type": "Nested Loop", "Parent Relationship": "Outer", "Join Type": "Inner", "Startup Cost": 2315050.5, "Total Cost": 2641043.88, "Plan Rows": 126321, "Plan Width": 59, "Inner Unique": false, "Plans": [{"Node Type": "Nested Loop", "Parent Relationship": "Outer", "Join Type": "Inner", "Startup Cost": 2315050.5, "Total Cost": 2627700.1, "Plan Rows": 13913, "Plan Width": 59, "Inner Unique": true, "Plans": [{"Node Type": "Nested Loop", "Parent Relationship": "Outer", "Join Type": "Inner", "Startup Cost": 2315050.5, "Total Cost": 2618076.97, "Plan Rows": 33034, "Plan Width": 40, "Inner Unique": true, "Plans": [{"Node Type": "Aggregate", "Strategy": "Hashed", "Parent Relationship": "Outer", "Startup Cost": 2315050.5, "Total Cost": 2381201.11, "Plan Rows": 33034, "Plan Width": 16, "Group By Key": ["public.lineitem.l_orderkey"], "Filter": "(sum(public.lineitem.l_quantity) > 314::double precision), (LLVM Optimized)", "Plans": [{"Node Type": "Seq Scan", "Parent Relationship": "Outer", "Relation Name": "lineitem", "Alias": "lineitem", "Startup Cost": 0.0, "Total Cost": 2015115.33, "Plan Rows": 59987033, "Plan Width": 16}]}, {"Node Type": "Index Scan", "Parent Relationship": "Inner", "Scan Direction": "Forward", "Index Name": "orders_pkey", "Relation Name": "orders", "Alias": "orders", "Startup Cost": 0.0, "Total Cost": 7.15, "Plan Rows": 1, "Plan Width": 32, "Index Cond": "(o_orderkey = public.lineitem.l_orderkey)"}]}, {"Node Type": "Index Scan", "Parent Relationship": "Inner", "Scan Direction": "Forward", "Index Name": "customer_pkey", "Relation Name": "customer", "Alias": "customer", "Startup Cost": 0.0, "Total Cost": 0.28, "Plan Rows": 1, "Plan Width": 27, "Index Cond": "(c_custkey = orders.o_custkey)"}]}, {"Node Type": "Index Scan", "Parent Relationship": "Inner", "Scan Direction": "Forward", "Index Name": "idx_lineitem_orderkey", "Relation Name": "lineitem", "Alias": "lineitem", "Startup Cost": 0.0, "Total Cost": 0.87, "Plan Rows": 9, "Plan Width": 16, "Index Cond": "(l_orderkey = orders.o_orderkey)"}]}]}]}]}, "Unique SQL Id": 1915754155, "Planner Runtime": 0}, "explain_analyze_plan": {"Plan": {"Node Type": "Limit", "Startup Cost": 2649029.8, "Total Cost": 2649030.05, "Plan Rows": 100, "Plan Width": 59, "Actual Startup Time": 51129.008, "Actual Total Time": 51129.027, "Actual Rows": 84, "Actual Loops": 1, "Plans": [{"Node Type": "Sort", "Parent Relationship": "Outer", "Startup Cost": 2649029.8, "Total Cost": 2649345.6, "Plan Rows": 100, "Plan Width": 59, "Actual Startup Time": 51129.006, "Actual Total Time": 51129.015, "Actual Rows": 84, "Actual Loops": 1, "Sort Key": ["orders.o_totalprice DESC", "orders.o_orderdate"], "Sort Method": "quicksort", "Sort Space Used": 38, "Sort Space Type": "Memory", "Plans": [{"Node Type": "Aggregate", "Strategy": "Hashed", "Parent Relationship": "Outer", "Startup Cost": 2642938.69, "Total Cost": 2644201.9, "Plan Rows": 126321, "Plan Width": 59, "Actual Startup Time": 51128.213, "Actual Total Time": 51128.889, "Actual Rows": 84, "Actual Loops": 1, "Group By Key": ["orders.o_totalprice", "orders.o_orderdate", "customer.c_name", "customer.c_custkey", "orders.o_orderkey"], "Plans": [{"Node Type": "Nested Loop", "Parent Relationship": "Outer", "Join Type": "Inner", "Startup Cost": 2315050.5, "Total Cost": 2641043.88, "Plan Rows": 126321, "Plan Width": 59, "Actual Startup Time": 46173.798, "Actual Total Time": 51126.311, "Actual Rows": 588, "Actual Loops": 1, "Inner Unique": false, "Plans": [{"Node Type": "Nested Loop", "Parent Relationship": "Outer", "Join Type": "Inner", "Startup Cost": 2315050.5, "Total Cost": 2627700.1, "Plan Rows": 13913, "Plan Width": 59, "Actual Startup Time": 46173.775, "Actual Total Time": 51124.263, "Actual Rows": 84, "Actual Loops": 1, "Inner Unique": true, "Plans": [{"Node Type": "Nested Loop", "Parent Relationship": "Outer", "Join Type": "Inner", "Startup Cost": 2315050.5, "Total Cost": 2618076.97, "Plan Rows": 33034, "Plan Width": 40, "Actual Startup Time": 46173.751, "Actual Total Time": 51122.995, "Actual Rows": 84, "Actual Loops": 1, "Inner Unique": true, "Plans": [{"Node Type": "Aggregate", "Strategy": "Hashed", "Parent Relationship": "Outer", "Startup Cost": 2315050.5, "Total Cost": 2381201.11, "Plan Rows": 33034, "Plan Width": 16, "Actual Startup Time": 46173.686, "Actual Total Time": 51106.177, "Actual Rows": 84, "Actual Loops": 1, "Group By Key": ["public.lineitem.l_orderkey"], "Filter": "(sum(public.lineitem.l_quantity) > 314::double precision), (LLVM Optimized, Jit Execute)", "Rows Removed by Filter": 14999916, "Plans": [{"Node Type": "Seq Scan", "Parent Relationship": "Outer", "Relation Name": "lineitem", "Alias": "lineitem", "Startup Cost": 0.0, "Total Cost": 2015115.33, "Plan Rows": 59987033, "Plan Width": 16, "Actual Startup Time": 0.043, "Actual Total Time": 19975.008, "Actual Rows": 59986052, "Actual Loops": 1}]}, {"Node Type": "Index Scan", "Parent Relationship": "Inner", "Scan Direction": "Forward", "Index Name": "orders_pkey", "Relation Name": "orders", "Alias": "orders", "Startup Cost": 0.0, "Total Cost": 7.15, "Plan Rows": 1, "Plan Width": 32, "Actual Startup Time": 2.93, "Actual Total Time": 2.93, "Actual Rows": 84, "Actual Loops": 84, "Index Cond": "(o_orderkey = public.lineitem.l_orderkey)", "Rows Removed by Index Recheck": 0}]}, {"Node Type": "Index Scan", "Parent Relationship": "Inner", "Scan Direction": "Forward", "Index Name": "customer_pkey", "Relation Name": "customer", "Alias": "customer", "Startup Cost": 0.0, "Total Cost": 0.28, "Plan Rows": 1, "Plan Width": 27, "Actual Startup Time": 0.906, "Actual Total Time": 0.906, "Actual Rows": 84, "Actual Loops": 84, "Index Cond": "(c_custkey = orders.o_custkey)", "Rows Removed by Index Recheck": 0}]}, {"Node Type": "Index Scan", "Parent Relationship": "Inner", "Scan Direction": "Forward", "Index Name": "idx_lineitem_orderkey", "Relation Name": "lineitem", "Alias": "lineitem", "Startup Cost": 0.0, "Total Cost": 0.87, "Plan Rows": 9, "Plan Width": 16, "Actual Startup Time": 1.165, "Actual Total Time": 1.622, "Actual Rows": 588, "Actual Loops": 84, "Index Cond": "(l_orderkey = orders.o_orderkey)", "Rows Removed by Index Recheck": 0}]}]}]}]}, "Triggers": [], "Planner Runtime": 1.711, "Total Runtime": 51138.586, "Unique SQL Id": 1915754155}}, "(1, '61')": {"explain_plan": {"Plan": {"Node Type": "Limit", "Startup Cost": 3874068.21, "Total Cost": 3874068.46, "Plan Rows": 100, "Plan Width": 59, "Plans": [{"Node Type": "Sort", "Parent Relationship": "Outer", "Startup Cost": 3874068.21, "Total Cost": 3874384.02, "Plan Rows": 100, "Plan Width": 59, "Sort Key": ["orders.o_totalprice DESC", "orders.o_orderdate"], "Plans": [{"Node Type": "Aggregate", "Strategy": "Hashed", "Parent Relationship": "Outer", "Startup Cost": 3867977.11, "Total Cost": 3869240.32, "Plan Rows": 126321, "Plan Width": 59, "Group By Key": ["orders.o_totalprice", "orders.o_orderdate", "customer.c_name", "customer.c_custkey", "orders.o_orderkey"], "Plans": [{"Node Type": "Nested Loop", "Parent Relationship": "Outer", "Join Type": "Inner", "Startup Cost": 0.0, "Total Cost": 3866082.29, "Plan Rows": 126321, "Plan Width": 59, "Inner Unique": false, "Plans": [{"Node Type": "Nested Loop", "Parent Relationship": "Outer", "Join Type": "Inner", "Startup Cost": 0.0, "Total Cost": 3852738.51, "Plan Rows": 13913, "Plan Width": 59, "Inner Unique": true, "Plans": [{"Node Type": "Nested Loop", "Parent Relationship": "Outer", "Join Type": "Inner", "Startup Cost": 0.0, "Total Cost": 3843115.38, "Plan Rows": 33034, "Plan Width": 40, "Inner Unique": true, "Plans": [{"Node Type": "Aggregate", "Strategy": "Sorted", "Parent Relationship": "Outer", "Startup Cost": 0.0, "Total Cost": 3606239.52, "Plan Rows": 33034, "Plan Width": 24, "Group By Key": ["public.lineitem.l_orderkey"], "Filter": "(sum(public.lineitem.l_quantity) > 314::double precision), (LLVM Optimized)", "Plans": [{"Node Type": "Index Scan", "Parent Relationship": "Outer", "Scan Direction": "Forward", "Index Name": "idx_lineitem_orderkey", "Relation Name": "lineitem", "Alias": "lineitem", "Startup Cost": 0.0, "Total Cost": 3240153.75, "Plan Rows": 59987033, "Plan Width": 16}]}, {"Node Type": "Index Scan", "Parent Relationship": "Inner", "Scan Direction": "Forward", "Index Name": "orders_pkey", "Relation Name": "orders", "Alias": "orders", "Startup Cost": 0.0, "Total Cost": 7.15, "Plan Rows": 1, "Plan Width": 32, "Index Cond": "(o_orderkey = public.lineitem.l_orderkey)"}]}, {"Node Type": "Index Scan", "Parent Relationship": "Inner", "Scan Direction": "Forward", "Index Name": "customer_pkey", "Relation Name": "customer", "Alias": "customer", "Startup Cost": 0.0, "Total Cost": 0.28, "Plan Rows": 1, "Plan Width": 27, "Index Cond": "(c_custkey = orders.o_custkey)"}]}, {"Node Type": "Index Scan", "Parent Relationship": "Inner", "Scan Direction": "Forward", "Index Name": "idx_lineitem_orderkey", "Relation Name": "lineitem", "Alias": "lineitem", "Startup Cost": 0.0, "Total Cost": 0.87, "Plan Rows": 9, "Plan Width": 16, "Index Cond": "(l_orderkey = orders.o_orderkey)"}]}]}]}]}, "Unique SQL Id": 1915754155, "Planner Runtime": 0}, "explain_analyze_plan": {"Plan": {"Node Type": "Limit", "Startup Cost": 3874068.21, "Total Cost": 3874068.46, "Plan Rows": 100, "Plan Width": 59, "Actual Startup Time": 50695.002, "Actual Total Time": 50695.017, "Actual Rows": 84, "Actual Loops": 1, "Plans": [{"Node Type": "Sort", "Parent Relationship": "Outer", "Startup Cost": 3874068.21, "Total Cost": 3874384.02, "Plan Rows": 100, "Plan Width": 59, "Actual Startup Time": 50695.0, "Actual Total Time": 50695.004, "Actual Rows": 84, "Actual Loops": 1, "Sort Key": ["orders.o_totalprice DESC", "orders.o_orderdate"], "Sort Method": "quicksort", "Sort Space Used": 38, "Sort Space Type": "Memory", "Plans": [{"Node Type": "Aggregate", "Strategy": "Hashed", "Parent Relationship": "Outer", "Startup Cost": 3867977.11, "Total Cost": 3869240.32, "Plan Rows": 126321, "Plan Width": 59, "Actual Startup Time": 50694.487, "Actual Total Time": 50694.852, "Actual Rows": 84, "Actual Loops": 1, "Group By Key": ["orders.o_totalprice", "orders.o_orderdate", "customer.c_name", "customer.c_custkey", "orders.o_orderkey"], "Plans": [{"Node Type": "Nested Loop", "Parent Relationship": "Outer", "Join Type": "Inner", "Startup Cost": 0.0, "Total Cost": 3866082.29, "Plan Rows": 126321, "Plan Width": 59, "Actual Startup Time": 1159.494, "Actual Total Time": 50691.109, "Actual Rows": 588, "Actual Loops": 1, "Inner Unique": false, "Plans": [{"Node Type": "Nested Loop", "Parent Relationship": "Outer", "Join Type": "Inner", "Startup Cost": 0.0, "Total Cost": 3852738.51, "Plan Rows": 13913, "Plan Width": 59, "Actual Startup Time": 1159.473, "Actual Total Time": 50688.867, "Actual Rows": 84, "Actual Loops": 1, "Inner Unique": true, "Plans": [{"Node Type": "Nested Loop", "Parent Relationship": "Outer", "Join Type": "Inner", "Startup Cost": 0.0, "Total Cost": 3843115.38, "Plan Rows": 33034, "Plan Width": 40, "Actual Startup Time": 1159.448, "Actual Total Time": 50687.006, "Actual Rows": 84, "Actual Loops": 1, "Inner Unique": true, "Plans": [{"Node Type": "Aggregate", "Strategy": "Sorted", "Parent Relationship": "Outer", "Startup Cost": 0.0, "Total Cost": 3606239.52, "Plan Rows": 33034, "Plan Width": 24, "Actual Startup Time": 1159.408, "Actual Total Time": 50684.063, "Actual Rows": 84, "Actual Loops": 1, "Group By Key": ["public.lineitem.l_orderkey"], "Filter": "(sum(public.lineitem.l_quantity) > 314::double precision), (LLVM Optimized, Jit Execute)", "Rows Removed by Filter": 14999916, "Plans": [{"Node Type": "Index Scan", "Parent Relationship": "Outer", "Scan Direction": "Forward", "Index Name": "idx_lineitem_orderkey", "Relation Name": "lineitem", "Alias": "lineitem", "Startup Cost": 0.0, "Total Cost": 3240153.75, "Plan Rows": 59987033, "Plan Width": 16, "Actual Startup Time": 0.029, "Actual Total Time": 30275.076, "Actual Rows": 59986052, "Actual Loops": 1}]}, {"Node Type": "Index Scan", "Parent Relationship": "Inner", "Scan Direction": "Forward", "Index Name": "orders_pkey", "Relation Name": "orders", "Alias": "orders", "Startup Cost": 0.0, "Total Cost": 7.15, "Plan Rows": 1, "Plan Width": 32, "Actual Startup Time": 1.994, "Actual Total Time": 1.994, "Actual Rows": 84, "Actual Loops": 84, "Index Cond": "(o_orderkey = public.lineitem.l_orderkey)", "Rows Removed by Index Recheck": 0}]}, {"Node Type": "Index Scan", "Parent Relationship": "Inner", "Scan Direction": "Forward", "Index Name": "customer_pkey", "Relation Name": "customer", "Alias": "customer", "Startup Cost": 0.0, "Total Cost": 0.28, "Plan Rows": 1, "Plan Width": 27, "Actual Startup Time": 1.278, "Actual Total Time": 1.278, "Actual Rows": 84, "Actual Loops": 84, "Index Cond": "(c_custkey = orders.o_custkey)", "Rows Removed by Index Recheck": 0}]}, {"Node Type": "Index Scan", "Parent Relationship": "Inner", "Scan Direction": "Forward", "Index Name": "idx_lineitem_orderkey", "Relation Name": "lineitem", "Alias": "lineitem", "Startup Cost": 0.0, "Total Cost": 0.87, "Plan Rows": 9, "Plan Width": 16, "Actual Startup Time": 0.938, "Actual Total Time": 1.562, "Actual Rows": 588, "Actual Loops": 84, "Index Cond": "(l_orderkey = orders.o_orderkey)", "Rows Removed by Index Recheck": 0}]}]}]}]}, "Triggers": [], "Planner Runtime": 1.698, "Total Runtime": 50704.506, "Unique SQL Id": 1915754155}}, "(1, '62')": {"explain_plan": {"Plan": {"Node Type": "Limit", "Startup Cost": 20699534063.67, "Total Cost": 20699534063.92, "Plan Rows": 100, "Plan Width": 59, "Plans": [{"Node Type": "Sort", "Parent Relationship": "Outer", "Startup Cost": 20699534063.67, "Total Cost": 20699534379.47, "Plan Rows": 100, "Plan Width": 59, "Sort Key": ["orders.o_totalprice DESC", "orders.o_orderdate"], "Plans": [{"Node Type": "Aggregate", "Strategy": "Hashed", "Parent Relationship": "Outer", "Startup Cost": 20699527972.56, "Total Cost": 20699529235.77, "Plan Rows": 126321, "Plan Width": 59, "Group By Key": ["orders.o_totalprice", "orders.o_orderdate", "customer.c_name", "customer.c_custkey", "orders.o_orderkey"], "Plans": [{"Node Type": "Nested Loop", "Parent Relationship": "Outer", "Join Type": "Inner", "Startup Cost": 2315050.5, "Total Cost": 20699526077.75, "Plan Rows": 126321, "Plan Width": 59, "Inner Unique": false, "Join Filter": "(orders.o_orderkey = public.lineitem.l_orderkey), (LLVM Optimized)", "Plans": [{"Node Type": "Seq Scan", "Parent Relationship": "Outer", "Relation Name": "lineitem", "Alias": "lineitem", "Startup Cost": 0.0, "Total Cost": 2015115.33, "Plan Rows": 59987033, "Plan Width": 16}, {"Node Type": "Materialize", "Parent Relationship": "Inner", "Startup Cost": 2315050.5, "Total Cost": 8178517145.27, "Plan Rows": 13913, "Plan Width": 59, "Plans": [{"Node Type": "Nested Loop", "Parent Relationship": "Outer", "Join Type": "Inner", "Startup Cost": 2315050.5, "Total Cost": 8178517075.7, "Plan Rows": 13913, "Plan Width": 59, "Inner Unique": false, "Join Filter": "(orders.o_custkey = customer.c_custkey)", "Plans": [{"Node Type": "Seq Scan", "Parent Relationship": "Outer", "Relation Name": "customer", "Alias": "customer", "Startup Cost": 0.0, "Total Cost": 52126.0, "Plan Rows": 1500000, "Plan Width": 27}, {"Node Type": "Materialize", "Parent Relationship": "Inner", "Startup Cost": 2315050.5, "Total Cost": 7435200032.29, "Plan Rows": 33034, "Plan Width": 40, "Plans": [{"Node Type": "Nested Loop", "Parent Relationship": "Outer", "Join Type": "Semi", "Startup Cost": 2315050.5, "Total Cost": 7435199867.12, "Plan Rows": 33034, "Plan Width": 40, "Inner Unique": false, "Join Filter": "(orders.o_orderkey = public.lineitem.l_orderkey)", "Plans": [{"Node Type": "Seq Scan", "Parent Relationship": "Outer", "Relation Name": "orders", "Alias": "orders", "Startup Cost": 0.0, "Total Cost": 426413.79, "Plan Rows": 14999479, "Plan Width": 32}, {"Node Type": "Materialize", "Parent Relationship": "Inner", "Startup Cost": 2315050.5, "Total Cost": 2381696.62, "Plan Rows": 33034, "Plan Width": 8, "Plans": [{"Node Type": "Aggregate", "Strategy": "Hashed", "Parent Relationship": "Outer", "Startup Cost": 2315050.5, "Total Cost": 2381201.11, "Plan Rows": 33034, "Plan Width": 16, "Group By Key": ["public.lineitem.l_orderkey"], "Filter": "(sum(public.lineitem.l_quantity) > 314::double precision), (LLVM Optimized)", "Plans": [{"Node Type": "Seq Scan", "Parent Relationship": "Outer", "Relation Name": "lineitem", "Alias": "lineitem", "Startup Cost": 0.0, "Total Cost": 2015115.33, "Plan Rows": 59987033, "Plan Width": 16}]}]}]}]}]}]}]}]}]}]}, "Unique SQL Id": 1915754155, "Planner Runtime": 0}, "explain_analyze_plan": null}, "(1, '63')": {"explain_plan": {"Plan": {"Node Type": "Limit", "Startup Cost": 4021424234088.76, "Total Cost": 4021424234089.01, "Plan Rows": 100, "Plan Width": 59, "Plans": [{"Node Type": "Sort", "Parent Relationship": "Outer", "Startup Cost": 4021424234088.76, "Total Cost": 4021424234404.56, "Plan Rows": 100, "Plan Width": 59, "Sort Key": ["orders.o_totalprice DESC", "orders.o_orderdate"], "Plans": [{"Node Type": "Aggregate", "Strategy": "Hashed", "Parent Relationship": "Outer", "Startup Cost": 4021424227997.65, "Total Cost": 4021424229260.86, "Plan Rows": 126321, "Plan Width": 59, "Group By Key": ["orders.o_totalprice", "orders.o_orderdate", "customer.c_name", "customer.c_custkey", "orders.o_orderkey"], "Plans": [{"Node Type": "Nested Loop", "Parent Relationship": "Outer", "Join Type": "Inner", "Startup Cost": 40000000000.0, "Total Cost": 4021424226102.83, "Plan Rows": 126321, "Plan Width": 59, "Inner Unique": false, "Join Filter": "(orders.o_orderkey = public.lineitem.l_orderkey), (LLVM Optimized)", "Plans": [{"Node Type": "Index Scan", "Parent Relationship": "Outer", "Scan Direction": "Forward", "Index Name": "idx_lineitem_orderkey", "Relation Name": "lineitem", "Alias": "lineitem", "Startup Cost": 10000000000.0, "Total Cost": 1000324015374.5, "Plan Rows": 59987033, "Plan Width": 16}, {"Node Type": "Materialize", "Parent Relationship": "Inner", "Startup Cost": 30000000000.0, "Total Cost": 3008581216911.18, "Plan Rows": 13913, "Plan Width": 59, "Plans": [{"Node Type": "Nested Loop", "Parent Relationship": "Outer", "Join Type": "Inner", "Startup Cost": 30000000000.0, "Total Cost": 3008581216841.62, "Plan Rows": 13913, "Plan Width": 59, "Inner Unique": true, "Join Filter": "(orders.o_custkey = customer.c_custkey)", "Plans": [{"Node Type": "Nested Loop", "Parent Relationship": "Outer", "Join Type": "Semi", "Startup Cost": 20000000000.0, "Total Cost": 2007829871555.99, "Plan Rows": 33034, "Plan Width": 40, "Inner Unique": false, "Join Filter": "(orders.o_orderkey = public.lineitem.l_orderkey)", "Plans": [{"Node Type": "Index Scan", "Parent Relationship": "Outer", "Scan Direction": "Forward", "Index Name": "orders_pkey", "Relation Name": "orders", "Alias": "orders", "Startup Cost": 10000000000.0, "Total Cost": 1000073097843.5, "Plan Rows": 14999479, "Plan Width": 32}, {"Node Type": "Materialize", "Parent Relationship": "Inner", "Startup Cost": 10000000000.0, "Total Cost": 1000324381955.79, "Plan Rows": 33034, "Plan Width": 8, "Plans": [{"Node Type": "Aggregate", "Strategy": "Sorted", "Parent Relationship": "Outer", "Startup Cost": 10000000000.0, "Total Cost": 1000324381460.28, "Plan Rows": 33034, "Plan Width": 24, "Group By Key": ["public.lineitem.l_orderkey"], "Filter": "(sum(public.lineitem.l_quantity) > 314::double precision), (LLVM Optimized)", "Plans": [{"Node Type": "Index Scan", "Parent Relationship": "Outer", "Scan Direction": "Forward", "Index Name": "idx_lineitem_orderkey", "Relation Name": "lineitem", "Alias": "lineitem", "Startup Cost": 10000000000.0, "Total Cost": 1000324015374.5, "Plan Rows": 59987033, "Plan Width": 16}]}]}]}, {"Node Type": "Materialize", "Parent Relationship": "Inner", "Startup Cost": 10000000000.0, "Total Cost": 1000008084035.62, "Plan Rows": 1500000, "Plan Width": 27, "Plans": [{"Node Type": "Index Scan", "Parent Relationship": "Outer", "Scan Direction": "Forward", "Index Name": "customer_pkey", "Relation Name": "customer", "Alias": "customer", "Startup Cost": 10000000000.0, "Total Cost": 1000008076535.62, "Plan Rows": 1500000, "Plan Width": 27}]}]}]}]}]}]}]}, "Unique SQL Id": 1915754155, "Planner Runtime": 0}, "explain_analyze_plan": null}, "(1, '64')": {"explain_plan": {"Plan": {"Node Type": "Limit", "Startup Cost": 2649029.8, "Total Cost": 2649030.05, "Plan Rows": 100, "Plan Width": 59, "Plans": [{"Node Type": "Sort", "Parent Relationship": "Outer", "Startup Cost": 2649029.8, "Total Cost": 2649345.6, "Plan Rows": 100, "Plan Width": 59, "Sort Key": ["orders.o_totalprice DESC", "orders.o_orderdate"], "Plans": [{"Node Type": "Aggregate", "Strategy": "Hashed", "Parent Relationship": "Outer", "Startup Cost": 2642938.69, "Total Cost": 2644201.9, "Plan Rows": 126321, "Plan Width": 59, "Group By Key": ["orders.o_totalprice", "orders.o_orderdate", "customer.c_name", "customer.c_custkey", "orders.o_orderkey"], "Plans": [{"Node Type": "Nested Loop", "Parent Relationship": "Outer", "Join Type": "Inner", "Startup Cost": 2315050.5, "Total Cost": 2641043.88, "Plan Rows": 126321, "Plan Width": 59, "Inner Unique": false, "Plans": [{"Node Type": "Nested Loop", "Parent Relationship": "Outer", "Join Type": "Inner", "Startup Cost": 2315050.5, "Total Cost": 2627700.1, "Plan Rows": 13913, "Plan Width": 59, "Inner Unique": true, "Plans": [{"Node Type": "Nested Loop", "Parent Relationship": "Outer", "Join Type": "Inner", "Startup Cost": 2315050.5, "Total Cost": 2618076.97, "Plan Rows": 33034, "Plan Width": 40, "Inner Unique": true, "Plans": [{"Node Type": "Aggregate", "Strategy": "Hashed", "Parent Relationship": "Outer", "Startup Cost": 2315050.5, "Total Cost": 2381201.11, "Plan Rows": 33034, "Plan Width": 16, "Group By Key": ["public.lineitem.l_orderkey"], "Filter": "(sum(public.lineitem.l_quantity) > 314::double precision), (LLVM Optimized)", "Plans": [{"Node Type": "Seq Scan", "Parent Relationship": "Outer", "Relation Name": "lineitem", "Alias": "lineitem", "Startup Cost": 0.0, "Total Cost": 2015115.33, "Plan Rows": 59987033, "Plan Width": 16}]}, {"Node Type": "Index Scan", "Parent Relationship": "Inner", "Scan Direction": "Forward", "Index Name": "orders_pkey", "Relation Name": "orders", "Alias": "orders", "Startup Cost": 0.0, "Total Cost": 7.15, "Plan Rows": 1, "Plan Width": 32, "Index Cond": "(o_orderkey = public.lineitem.l_orderkey)"}]}, {"Node Type": "Index Scan", "Parent Relationship": "Inner", "Scan Direction": "Forward", "Index Name": "customer_pkey", "Relation Name": "customer", "Alias": "customer", "Startup Cost": 0.0, "Total Cost": 0.28, "Plan Rows": 1, "Plan Width": 27, "Index Cond": "(c_custkey = orders.o_custkey)"}]}, {"Node Type": "Index Scan", "Parent Relationship": "Inner", "Scan Direction": "Forward", "Index Name": "idx_lineitem_orderkey", "Relation Name": "lineitem", "Alias": "lineitem", "Startup Cost": 0.0, "Total Cost": 0.87, "Plan Rows": 9, "Plan Width": 16, "Index Cond": "(l_orderkey = orders.o_orderkey)"}]}]}]}]}, "Unique SQL Id": 1915754155, "Planner Runtime": 1}, "explain_analyze_plan": {"Plan": {"Node Type": "Limit", "Startup Cost": 2649029.8, "Total Cost": 2649030.05, "Plan Rows": 100, "Plan Width": 59, "Actual Startup Time": 51129.008, "Actual Total Time": 51129.027, "Actual Rows": 84, "Actual Loops": 1, "Plans": [{"Node Type": "Sort", "Parent Relationship": "Outer", "Startup Cost": 2649029.8, "Total Cost": 2649345.6, "Plan Rows": 100, "Plan Width": 59, "Actual Startup Time": 51129.006, "Actual Total Time": 51129.015, "Actual Rows": 84, "Actual Loops": 1, "Sort Key": ["orders.o_totalprice DESC", "orders.o_orderdate"], "Sort Method": "quicksort", "Sort Space Used": 38, "Sort Space Type": "Memory", "Plans": [{"Node Type": "Aggregate", "Strategy": "Hashed", "Parent Relationship": "Outer", "Startup Cost": 2642938.69, "Total Cost": 2644201.9, "Plan Rows": 126321, "Plan Width": 59, "Actual Startup Time": 51128.213, "Actual Total Time": 51128.889, "Actual Rows": 84, "Actual Loops": 1, "Group By Key": ["orders.o_totalprice", "orders.o_orderdate", "customer.c_name", "customer.c_custkey", "orders.o_orderkey"], "Plans": [{"Node Type": "Nested Loop", "Parent Relationship": "Outer", "Join Type": "Inner", "Startup Cost": 2315050.5, "Total Cost": 2641043.88, "Plan Rows": 126321, "Plan Width": 59, "Actual Startup Time": 46173.798, "Actual Total Time": 51126.311, "Actual Rows": 588, "Actual Loops": 1, "Inner Unique": false, "Plans": [{"Node Type": "Nested Loop", "Parent Relationship": "Outer", "Join Type": "Inner", "Startup Cost": 2315050.5, "Total Cost": 2627700.1, "Plan Rows": 13913, "Plan Width": 59, "Actual Startup Time": 46173.775, "Actual Total Time": 51124.263, "Actual Rows": 84, "Actual Loops": 1, "Inner Unique": true, "Plans": [{"Node Type": "Nested Loop", "Parent Relationship": "Outer", "Join Type": "Inner", "Startup Cost": 2315050.5, "Total Cost": 2618076.97, "Plan Rows": 33034, "Plan Width": 40, "Actual Startup Time": 46173.751, "Actual Total Time": 51122.995, "Actual Rows": 84, "Actual Loops": 1, "Inner Unique": true, "Plans": [{"Node Type": "Aggregate", "Strategy": "Hashed", "Parent Relationship": "Outer", "Startup Cost": 2315050.5, "Total Cost": 2381201.11, "Plan Rows": 33034, "Plan Width": 16, "Actual Startup Time": 46173.686, "Actual Total Time": 51106.177, "Actual Rows": 84, "Actual Loops": 1, "Group By Key": ["public.lineitem.l_orderkey"], "Filter": "(sum(public.lineitem.l_quantity) > 314::double precision), (LLVM Optimized, Jit Execute)", "Rows Removed by Filter": 14999916, "Plans": [{"Node Type": "Seq Scan", "Parent Relationship": "Outer", "Relation Name": "lineitem", "Alias": "lineitem", "Startup Cost": 0.0, "Total Cost": 2015115.33, "Plan Rows": 59987033, "Plan Width": 16, "Actual Startup Time": 0.043, "Actual Total Time": 19975.008, "Actual Rows": 59986052, "Actual Loops": 1}]}, {"Node Type": "Index Scan", "Parent Relationship": "Inner", "Scan Direction": "Forward", "Index Name": "orders_pkey", "Relation Name": "orders", "Alias": "orders", "Startup Cost": 0.0, "Total Cost": 7.15, "Plan Rows": 1, "Plan Width": 32, "Actual Startup Time": 2.93, "Actual Total Time": 2.93, "Actual Rows": 84, "Actual Loops": 84, "Index Cond": "(o_orderkey = public.lineitem.l_orderkey)", "Rows Removed by Index Recheck": 0}]}, {"Node Type": "Index Scan", "Parent Relationship": "Inner", "Scan Direction": "Forward", "Index Name": "customer_pkey", "Relation Name": "customer", "Alias": "customer", "Startup Cost": 0.0, "Total Cost": 0.28, "Plan Rows": 1, "Plan Width": 27, "Actual Startup Time": 0.906, "Actual Total Time": 0.906, "Actual Rows": 84, "Actual Loops": 84, "Index Cond": "(c_custkey = orders.o_custkey)", "Rows Removed by Index Recheck": 0}]}, {"Node Type": "Index Scan", "Parent Relationship": "Inner", "Scan Direction": "Forward", "Index Name": "idx_lineitem_orderkey", "Relation Name": "lineitem", "Alias": "lineitem", "Startup Cost": 0.0, "Total Cost": 0.87, "Plan Rows": 9, "Plan Width": 16, "Actual Startup Time": 1.165, "Actual Total Time": 1.622, "Actual Rows": 588, "Actual Loops": 84, "Index Cond": "(l_orderkey = orders.o_orderkey)", "Rows Removed by Index Recheck": 0}]}]}]}]}, "Triggers": [], "Planner Runtime": 1.711, "Total Runtime": 51138.586, "Unique SQL Id": 1915754155}}, "(1, '65')": {"explain_plan": {"Plan": {"Node Type": "Limit", "Startup Cost": 3874068.21, "Total Cost": 3874068.46, "Plan Rows": 100, "Plan Width": 59, "Plans": [{"Node Type": "Sort", "Parent Relationship": "Outer", "Startup Cost": 3874068.21, "Total Cost": 3874384.02, "Plan Rows": 100, "Plan Width": 59, "Sort Key": ["orders.o_totalprice DESC", "orders.o_orderdate"], "Plans": [{"Node Type": "Aggregate", "Strategy": "Hashed", "Parent Relationship": "Outer", "Startup Cost": 3867977.11, "Total Cost": 3869240.32, "Plan Rows": 126321, "Plan Width": 59, "Group By Key": ["orders.o_totalprice", "orders.o_orderdate", "customer.c_name", "customer.c_custkey", "orders.o_orderkey"], "Plans": [{"Node Type": "Nested Loop", "Parent Relationship": "Outer", "Join Type": "Inner", "Startup Cost": 0.0, "Total Cost": 3866082.29, "Plan Rows": 126321, "Plan Width": 59, "Inner Unique": false, "Plans": [{"Node Type": "Nested Loop", "Parent Relationship": "Outer", "Join Type": "Inner", "Startup Cost": 0.0, "Total Cost": 3852738.51, "Plan Rows": 13913, "Plan Width": 59, "Inner Unique": true, "Plans": [{"Node Type": "Nested Loop", "Parent Relationship": "Outer", "Join Type": "Inner", "Startup Cost": 0.0, "Total Cost": 3843115.38, "Plan Rows": 33034, "Plan Width": 40, "Inner Unique": true, "Plans": [{"Node Type": "Aggregate", "Strategy": "Sorted", "Parent Relationship": "Outer", "Startup Cost": 0.0, "Total Cost": 3606239.52, "Plan Rows": 33034, "Plan Width": 24, "Group By Key": ["public.lineitem.l_orderkey"], "Filter": "(sum(public.lineitem.l_quantity) > 314::double precision), (LLVM Optimized)", "Plans": [{"Node Type": "Index Scan", "Parent Relationship": "Outer", "Scan Direction": "Forward", "Index Name": "idx_lineitem_orderkey", "Relation Name": "lineitem", "Alias": "lineitem", "Startup Cost": 0.0, "Total Cost": 3240153.75, "Plan Rows": 59987033, "Plan Width": 16}]}, {"Node Type": "Index Scan", "Parent Relationship": "Inner", "Scan Direction": "Forward", "Index Name": "orders_pkey", "Relation Name": "orders", "Alias": "orders", "Startup Cost": 0.0, "Total Cost": 7.15, "Plan Rows": 1, "Plan Width": 32, "Index Cond": "(o_orderkey = public.lineitem.l_orderkey)"}]}, {"Node Type": "Index Scan", "Parent Relationship": "Inner", "Scan Direction": "Forward", "Index Name": "customer_pkey", "Relation Name": "customer", "Alias": "customer", "Startup Cost": 0.0, "Total Cost": 0.28, "Plan Rows": 1, "Plan Width": 27, "Index Cond": "(c_custkey = orders.o_custkey)"}]}, {"Node Type": "Index Scan", "Parent Relationship": "Inner", "Scan Direction": "Forward", "Index Name": "idx_lineitem_orderkey", "Relation Name": "lineitem", "Alias": "lineitem", "Startup Cost": 0.0, "Total Cost": 0.87, "Plan Rows": 9, "Plan Width": 16, "Index Cond": "(l_orderkey = orders.o_orderkey)"}]}]}]}]}, "Unique SQL Id": 1915754155, "Planner Runtime": 1}, "explain_analyze_plan": {"Plan": {"Node Type": "Limit", "Startup Cost": 3874068.21, "Total Cost": 3874068.46, "Plan Rows": 100, "Plan Width": 59, "Actual Startup Time": 50695.002, "Actual Total Time": 50695.017, "Actual Rows": 84, "Actual Loops": 1, "Plans": [{"Node Type": "Sort", "Parent Relationship": "Outer", "Startup Cost": 3874068.21, "Total Cost": 3874384.02, "Plan Rows": 100, "Plan Width": 59, "Actual Startup Time": 50695.0, "Actual Total Time": 50695.004, "Actual Rows": 84, "Actual Loops": 1, "Sort Key": ["orders.o_totalprice DESC", "orders.o_orderdate"], "Sort Method": "quicksort", "Sort Space Used": 38, "Sort Space Type": "Memory", "Plans": [{"Node Type": "Aggregate", "Strategy": "Hashed", "Parent Relationship": "Outer", "Startup Cost": 3867977.11, "Total Cost": 3869240.32, "Plan Rows": 126321, "Plan Width": 59, "Actual Startup Time": 50694.487, "Actual Total Time": 50694.852, "Actual Rows": 84, "Actual Loops": 1, "Group By Key": ["orders.o_totalprice", "orders.o_orderdate", "customer.c_name", "customer.c_custkey", "orders.o_orderkey"], "Plans": [{"Node Type": "Nested Loop", "Parent Relationship": "Outer", "Join Type": "Inner", "Startup Cost": 0.0, "Total Cost": 3866082.29, "Plan Rows": 126321, "Plan Width": 59, "Actual Startup Time": 1159.494, "Actual Total Time": 50691.109, "Actual Rows": 588, "Actual Loops": 1, "Inner Unique": false, "Plans": [{"Node Type": "Nested Loop", "Parent Relationship": "Outer", "Join Type": "Inner", "Startup Cost": 0.0, "Total Cost": 3852738.51, "Plan Rows": 13913, "Plan Width": 59, "Actual Startup Time": 1159.473, "Actual Total Time": 50688.867, "Actual Rows": 84, "Actual Loops": 1, "Inner Unique": true, "Plans": [{"Node Type": "Nested Loop", "Parent Relationship": "Outer", "Join Type": "Inner", "Startup Cost": 0.0, "Total Cost": 3843115.38, "Plan Rows": 33034, "Plan Width": 40, "Actual Startup Time": 1159.448, "Actual Total Time": 50687.006, "Actual Rows": 84, "Actual Loops": 1, "Inner Unique": true, "Plans": [{"Node Type": "Aggregate", "Strategy": "Sorted", "Parent Relationship": "Outer", "Startup Cost": 0.0, "Total Cost": 3606239.52, "Plan Rows": 33034, "Plan Width": 24, "Actual Startup Time": 1159.408, "Actual Total Time": 50684.063, "Actual Rows": 84, "Actual Loops": 1, "Group By Key": ["public.lineitem.l_orderkey"], "Filter": "(sum(public.lineitem.l_quantity) > 314::double precision), (LLVM Optimized, Jit Execute)", "Rows Removed by Filter": 14999916, "Plans": [{"Node Type": "Index Scan", "Parent Relationship": "Outer", "Scan Direction": "Forward", "Index Name": "idx_lineitem_orderkey", "Relation Name": "lineitem", "Alias": "lineitem", "Startup Cost": 0.0, "Total Cost": 3240153.75, "Plan Rows": 59987033, "Plan Width": 16, "Actual Startup Time": 0.029, "Actual Total Time": 30275.076, "Actual Rows": 59986052, "Actual Loops": 1}]}, {"Node Type": "Index Scan", "Parent Relationship": "Inner", "Scan Direction": "Forward", "Index Name": "orders_pkey", "Relation Name": "orders", "Alias": "orders", "Startup Cost": 0.0, "Total Cost": 7.15, "Plan Rows": 1, "Plan Width": 32, "Actual Startup Time": 1.994, "Actual Total Time": 1.994, "Actual Rows": 84, "Actual Loops": 84, "Index Cond": "(o_orderkey = public.lineitem.l_orderkey)", "Rows Removed by Index Recheck": 0}]}, {"Node Type": "Index Scan", "Parent Relationship": "Inner", "Scan Direction": "Forward", "Index Name": "customer_pkey", "Relation Name": "customer", "Alias": "customer", "Startup Cost": 0.0, "Total Cost": 0.28, "Plan Rows": 1, "Plan Width": 27, "Actual Startup Time": 1.278, "Actual Total Time": 1.278, "Actual Rows": 84, "Actual Loops": 84, "Index Cond": "(c_custkey = orders.o_custkey)", "Rows Removed by Index Recheck": 0}]}, {"Node Type": "Index Scan", "Parent Relationship": "Inner", "Scan Direction": "Forward", "Index Name": "idx_lineitem_orderkey", "Relation Name": "lineitem", "Alias": "lineitem", "Startup Cost": 0.0, "Total Cost": 0.87, "Plan Rows": 9, "Plan Width": 16, "Actual Startup Time": 0.938, "Actual Total Time": 1.562, "Actual Rows": 588, "Actual Loops": 84, "Index Cond": "(l_orderkey = orders.o_orderkey)", "Rows Removed by Index Recheck": 0}]}]}]}]}, "Triggers": [], "Planner Runtime": 1.698, "Total Runtime": 50704.506, "Unique SQL Id": 1915754155}}, "(1, '66')": {"explain_plan": {"Plan": {"Node Type": "Limit", "Startup Cost": 2768625.52, "Total Cost": 2768625.77, "Plan Rows": 100, "Plan Width": 59, "Plans": [{"Node Type": "Sort", "Parent Relationship": "Outer", "Startup Cost": 2768625.52, "Total Cost": 2768941.33, "Plan Rows": 100, "Plan Width": 59, "Sort Key": ["orders.o_totalprice DESC", "orders.o_orderdate"], "Plans": [{"Node Type": "Aggregate", "Strategy": "Hashed", "Parent Relationship": "Outer", "Startup Cost": 2762534.42, "Total Cost": 2763797.63, "Plan Rows": 126321, "Plan Width": 59, "Group By Key": ["orders.o_totalprice", "orders.o_orderdate", "customer.c_name", "customer.c_custkey", "orders.o_orderkey"], "Plans": [{"Node Type": "Nested Loop", "Parent Relationship": "Outer", "Join Type": "Inner", "Startup Cost": 2385930.24, "Total Cost": 2760639.6, "Plan Rows": 126321, "Plan Width": 59, "Inner Unique": false, "Plans": [{"Node Type": "Hash Join", "Parent Relationship": "Outer", "Join Type": "Inner", "Startup Cost": 2385929.86, "Total Cost": 2696863.45, "Plan Rows": 13913, "Plan Width": 59, "Inner Unique": true, "Hash Cond": "(orders.o_custkey = customer.c_custkey)", "Plans": [{"Node Type": "Nested Loop", "Parent Relationship": "Outer", "Join Type": "Inner", "Startup Cost": 2315053.86, "Total Cost": 2625533.23, "Plan Rows": 33034, "Plan Width": 40, "Inner Unique": true, "Plans": [{"Node Type": "Aggregate", "Strategy": "Hashed", "Parent Relationship": "Outer", "Startup Cost": 2315050.5, "Total Cost": 2381201.11, "Plan Rows": 33034, "Plan Width": 16, "Group By Key": ["public.lineitem.l_orderkey"], "Filter": "(sum(public.lineitem.l_quantity) > 314::double precision), (LLVM Optimized)", "Plans": [{"Node Type": "Seq Scan", "Parent Relationship": "Outer", "Relation Name": "lineitem", "Alias": "lineitem", "Startup Cost": 0.0, "Total Cost": 2015115.33, "Plan Rows": 59987033, "Plan Width": 16}]}, {"Node Type": "Bitmap Heap Scan", "Parent Relationship": "Inner", "Relation Name": "orders", "Alias": "orders", "Startup Cost": 3.36, "Total Cost": 7.38, "Plan Rows": 1, "Plan Width": 32, "Recheck Cond": "(o_orderkey = public.lineitem.l_orderkey)", "Plans": [{"Node Type": "Bitmap Index Scan", "Parent Relationship": "Outer", "Index Name": "orders_pkey", "Startup Cost": 0.0, "Total Cost": 3.36, "Plan Rows": 1, "Plan Width": 0, "Index Cond": "(o_orderkey = public.lineitem.l_orderkey)"}]}]}, {"Node Type": "Hash", "Parent Relationship": "Inner", "Startup Cost": 52126.0, "Total Cost": 52126.0, "Plan Rows": 1500000, "Plan Width": 27, "Plans": [{"Node Type": "Seq Scan", "Parent Relationship": "Outer", "Relation Name": "customer", "Alias": "customer", "Startup Cost": 0.0, "Total Cost": 52126.0, "Plan Rows": 1500000, "Plan Width": 27}]}]}, {"Node Type": "Bitmap Heap Scan", "Parent Relationship": "Inner", "Relation Name": "lineitem", "Alias": "lineitem", "Startup Cost": 0.38, "Total Cost": 4.49, "Plan Rows": 9, "Plan Width": 16, "Recheck Cond": "(l_orderkey = orders.o_orderkey)", "Plans": [{"Node Type": "Bitmap Index Scan", "Parent Relationship": "Outer", "Index Name": "idx_lineitem_orderkey", "Startup Cost": 0.0, "Total Cost": 0.38, "Plan Rows": 9, "Plan Width": 0, "Index Cond": "(l_orderkey = orders.o_orderkey)"}]}]}]}]}]}, "Unique SQL Id": 1915754155, "Planner Runtime": 1}, "explain_analyze_plan": {"Plan": {"Node Type": "Limit", "Startup Cost": 2768625.52, "Total Cost": 2768625.77, "Plan Rows": 100, "Plan Width": 59, "Actual Startup Time": 59611.881, "Actual Total Time": 59611.895, "Actual Rows": 84, "Actual Loops": 1, "Plans": [{"Node Type": "Sort", "Parent Relationship": "Outer", "Startup Cost": 2768625.52, "Total Cost": 2768941.33, "Plan Rows": 100, "Plan Width": 59, "Actual Startup Time": 59611.878, "Actual Total Time": 59611.879, "Actual Rows": 84, "Actual Loops": 1, "Sort Key": ["orders.o_totalprice DESC", "orders.o_orderdate"], "Sort Method": "quicksort", "Sort Space Used": 38, "Sort Space Type": "Memory", "Plans": [{"Node Type": "Aggregate", "Strategy": "Hashed", "Parent Relationship": "Outer", "Startup Cost": 2762534.42, "Total Cost": 2763797.63, "Plan Rows": 126321, "Plan Width": 59, "Actual Startup Time": 59611.463, "Actual Total Time": 59611.783, "Actual Rows": 84, "Actual Loops": 1, "Group By Key": ["orders.o_totalprice", "orders.o_orderdate", "customer.c_name", "customer.c_custkey", "orders.o_orderkey"], "Plans": [{"Node Type": "Nested Loop", "Parent Relationship": "Outer", "Join Type": "Inner", "Startup Cost": 2385930.24, "Total Cost": 2760639.6, "Plan Rows": 126321, "Plan Width": 59, "Actual Startup Time": 50843.345, "Actual Total Time": 59609.843, "Actual Rows": 588, "Actual Loops": 1, "Inner Unique": false, "Plans": [{"Node Type": "Hash Join", "Parent Relationship": "Outer", "Join Type": "Inner", "Startup Cost": 2385929.86, "Total Cost": 2696863.45, "Plan Rows": 13913, "Plan Width": 59, "Actual Startup Time": 50843.294, "Actual Total Time": 59603.085, "Actual Rows": 84, "Actual Loops": 1, "Inner Unique": true, "Hash Cond": "(orders.o_custkey = customer.c_custkey)", "Plans": [{"Node Type": "Nested Loop", "Parent Relationship": "Outer", "Join Type": "Inner", "Startup Cost": 2315053.86, "Total Cost": 2625533.23, "Plan Rows": 33034, "Plan Width": 40, "Actual Startup Time": 49565.238, "Actual Total Time": 58323.675, "Actual Rows": 84, "Actual Loops": 1, "Inner Unique": true, "Plans": [{"Node Type": "Aggregate", "Strategy": "Hashed", "Parent Relationship": "Outer", "Startup Cost": 2315050.5, "Total Cost": 2381201.11, "Plan Rows": 33034, "Plan Width": 16, "Actual Startup Time": 49565.139, "Actual Total Time": 58306.345, "Actual Rows": 84, "Actual Loops": 1, "Group By Key": ["public.lineitem.l_orderkey"], "Filter": "(sum(public.lineitem.l_quantity) > 314::double precision), (LLVM Optimized, Jit Execute)", "Rows Removed by Filter": 14999916, "Plans": [{"Node Type": "Seq Scan", "Parent Relationship": "Outer", "Relation Name": "lineitem", "Alias": "lineitem", "Startup Cost": 0.0, "Total Cost": 2015115.33, "Plan Rows": 59987033, "Plan Width": 16, "Actual Startup Time": 0.034, "Actual Total Time": 20821.446, "Actual Rows": 59986052, "Actual Loops": 1}]}, {"Node Type": "Bitmap Heap Scan", "Parent Relationship": "Inner", "Relation Name": "orders", "Alias": "orders", "Startup Cost": 3.36, "Total Cost": 7.38, "Plan Rows": 1, "Plan Width": 32, "Actual Startup Time": 3.498, "Actual Total Time": 3.498, "Actual Rows": 84, "Actual Loops": 84, "Recheck Cond": "(o_orderkey = public.lineitem.l_orderkey)", "Rows Removed by Index Recheck": 0, "Exact Heap Blocks": 84, "Lossy Heap Blocks": 84, "Plans": [{"Node Type": "Bitmap Index Scan", "Parent Relationship": "Outer", "Index Name": "orders_pkey", "Startup Cost": 0.0, "Total Cost": 3.36, "Plan Rows": 1, "Plan Width": 0, "Actual Startup Time": 2.397, "Actual Total Time": 2.397, "Actual Rows": 84, "Actual Loops": 84, "Index Cond": "(o_orderkey = public.lineitem.l_orderkey)"}]}]}, {"Node Type": "Hash", "Parent Relationship": "Inner", "Startup Cost": 52126.0, "Total Cost": 52126.0, "Plan Rows": 1500000, "Plan Width": 27, "Actual Startup Time": 1276.444, "Actual Total Time": 1276.444, "Actual Rows": 1500000, "Actual Loops": 1, "Hash Buckets": 2097152, "Hash Batches": 1, "Original Hash Batches": 1, "Peak Memory Usage": 93750, "Plans": [{"Node Type": "Seq Scan", "Parent Relationship": "Outer", "Relation Name": "customer", "Alias": "customer", "Startup Cost": 0.0, "Total Cost": 52126.0, "Plan Rows": 1500000, "Plan Width": 27, "Actual Startup Time": 0.025, "Actual Total Time": 561.62, "Actual Rows": 1500000, "Actual Loops": 1}]}]}, {"Node Type": "Bitmap Heap Scan", "Parent Relationship": "Inner", "Relation Name": "lineitem", "Alias": "lineitem", "Startup Cost": 0.38, "Total Cost": 4.49, "Plan Rows": 9, "Plan Width": 16, "Actual Startup Time": 2.578, "Actual Total Time": 2.729, "Actual Rows": 588, "Actual Loops": 84, "Recheck Cond": "(l_orderkey = orders.o_orderkey)", "Rows Removed by Index Recheck": 0, "Exact Heap Blocks": 96, "Lossy Heap Blocks": 96, "Plans": [{"Node Type": "Bitmap Index Scan", "Parent Relationship": "Outer", "Index Name": "idx_lineitem_orderkey", "Startup Cost": 0.0, "Total Cost": 0.38, "Plan Rows": 9, "Plan Width": 0, "Actual Startup Time": 1.649, "Actual Total Time": 1.649, "Actual Rows": 588, "Actual Loops": 84, "Index Cond": "(l_orderkey = orders.o_orderkey)"}]}]}]}]}]}, "Triggers": [], "Planner Runtime": 1.65, "Total Runtime": 59621.238, "Unique SQL Id": 1915754155}}, "(1, '67')": {"explain_plan": {"Plan": {"Node Type": "Limit", "Startup Cost": 1000324838994.8, "Total Cost": 1000324838995.05, "Plan Rows": 100, "Plan Width": 59, "Plans": [{"Node Type": "Sort", "Parent Relationship": "Outer", "Startup Cost": 1000324838994.8, "Total Cost": 1000324839310.61, "Plan Rows": 100, "Plan Width": 59, "Sort Key": ["orders.o_totalprice DESC", "orders.o_orderdate"], "Plans": [{"Node Type": "Aggregate", "Strategy": "Hashed", "Parent Relationship": "Outer", "Startup Cost": 1000324832903.7, "Total Cost": 1000324834166.91, "Plan Rows": 126321, "Plan Width": 59, "Group By Key": ["orders.o_totalprice", "orders.o_orderdate", "customer.c_name", "customer.c_custkey", "orders.o_orderkey"], "Plans": [{"Node Type": "Nested Loop", "Parent Relationship": "Outer", "Join Type": "Inner", "Startup Cost": 10000000004.0, "Total Cost": 1000324831008.88, "Plan Rows": 126321, "Plan Width": 59, "Inner Unique": false, "Plans": [{"Node Type": "Nested Loop", "Parent Relationship": "Outer", "Join Type": "Inner", "Startup Cost": 10000000003.62, "Total Cost": 1000324767232.73, "Plan Rows": 13913, "Plan Width": 59, "Inner Unique": true, "Plans": [{"Node Type": "Nested Loop", "Parent Relationship": "Outer", "Join Type": "Inner", "Startup Cost": 10000000003.36, "Total Cost": 1000324625792.4, "Plan Rows": 33034, "Plan Width": 40, "Inner Unique": true, "Plans": [{"Node Type": "Aggregate", "Strategy": "Sorted", "Parent Relationship": "Outer", "Startup Cost": 10000000000.0, "Total Cost": 1000324381460.28, "Plan Rows": 33034, "Plan Width": 24, "Group By Key": ["public.lineitem.l_orderkey"], "Filter": "(sum(public.lineitem.l_quantity) > 314::double precision), (LLVM Optimized)", "Plans": [{"Node Type": "Index Scan", "Parent Relationship": "Outer", "Scan Direction": "Forward", "Index Name": "idx_lineitem_orderkey", "Relation Name": "lineitem", "Alias": "lineitem", "Startup Cost": 10000000000.0, "Total Cost": 1000324015374.5, "Plan Rows": 59987033, "Plan Width": 16}]}, {"Node Type": "Bitmap Heap Scan", "Parent Relationship": "Inner", "Relation Name": "orders", "Alias": "orders", "Startup Cost": 3.36, "Total Cost": 7.38, "Plan Rows": 1, "Plan Width": 32, "Recheck Cond": "(o_orderkey = public.lineitem.l_orderkey)", "Plans": [{"Node Type": "Bitmap Index Scan", "Parent Relationship": "Outer", "Index Name": "orders_pkey", "Startup Cost": 0.0, "Total Cost": 3.36, "Plan Rows": 1, "Plan Width": 0, "Index Cond": "(o_orderkey = public.lineitem.l_orderkey)"}]}]}, {"Node Type": "Bitmap Heap Scan", "Parent Relationship": "Inner", "Relation Name": "customer", "Alias": "customer", "Startup Cost": 0.26, "Total Cost": 4.27, "Plan Rows": 1, "Plan Width": 27, "Recheck Cond": "(c_custkey = orders.o_custkey)", "Plans": [{"Node Type": "Bitmap Index Scan", "Parent Relationship": "Outer", "Index Name": "customer_pkey", "Startup Cost": 0.0, "Total Cost": 0.26, "Plan Rows": 1, "Plan Width": 0, "Index Cond": "(c_custkey = orders.o_custkey)"}]}]}, {"Node Type": "Bitmap Heap Scan", "Parent Relationship": "Inner", "Relation Name": "lineitem", "Alias": "lineitem", "Startup Cost": 0.38, "Total Cost": 4.49, "Plan Rows": 9, "Plan Width": 16, "Recheck Cond": "(l_orderkey = orders.o_orderkey)", "Plans": [{"Node Type": "Bitmap Index Scan", "Parent Relationship": "Outer", "Index Name": "idx_lineitem_orderkey", "Startup Cost": 0.0, "Total Cost": 0.38, "Plan Rows": 9, "Plan Width": 0, "Index Cond": "(l_orderkey = orders.o_orderkey)"}]}]}]}]}]}, "Unique SQL Id": 1915754155, "Planner Runtime": 1}, "explain_analyze_plan": {"Plan": {"Node Type": "Limit", "Startup Cost": 1000324838994.8, "Total Cost": 1000324838995.05, "Plan Rows": 100, "Plan Width": 59, "Actual Startup Time": 49544.467, "Actual Total Time": 49544.486, "Actual Rows": 84, "Actual Loops": 1, "Plans": [{"Node Type": "Sort", "Parent Relationship": "Outer", "Startup Cost": 1000324838994.8, "Total Cost": 1000324839310.61, "Plan Rows": 100, "Plan Width": 59, "Actual Startup Time": 49544.465, "Actual Total Time": 49544.474, "Actual Rows": 84, "Actual Loops": 1, "Sort Key": ["orders.o_totalprice DESC", "orders.o_orderdate"], "Sort Method": "quicksort", "Sort Space Used": 38, "Sort Space Type": "Memory", "Plans": [{"Node Type": "Aggregate", "Strategy": "Hashed", "Parent Relationship": "Outer", "Startup Cost": 1000324832903.7, "Total Cost": 1000324834166.91, "Plan Rows": 126321, "Plan Width": 59, "Actual Startup Time": 49543.984, "Actual Total Time": 49544.316, "Actual Rows": 84, "Actual Loops": 1, "Group By Key": ["orders.o_totalprice", "orders.o_orderdate", "customer.c_name", "customer.c_custkey", "orders.o_orderkey"], "Plans": [{"Node Type": "Nested Loop", "Parent Relationship": "Outer", "Join Type": "Inner", "Startup Cost": 10000000004.0, "Total Cost": 1000324831008.88, "Plan Rows": 126321, "Plan Width": 59, "Actual Startup Time": 1023.087, "Actual Total Time": 49541.154, "Actual Rows": 588, "Actual Loops": 1, "Inner Unique": false, "Plans": [{"Node Type": "Nested Loop", "Parent Relationship": "Outer", "Join Type": "Inner", "Startup Cost": 10000000003.62, "Total Cost": 1000324767232.73, "Plan Rows": 13913, "Plan Width": 59, "Actual Startup Time": 1023.067, "Actual Total Time": 49538.65, "Actual Rows": 84, "Actual Loops": 1, "Inner Unique": true, "Plans": [{"Node Type": "Nested Loop", "Parent Relationship": "Outer", "Join Type": "Inner", "Startup Cost": 10000000003.36, "Total Cost": 1000324625792.4, "Plan Rows": 33034, "Plan Width": 40, "Actual Startup Time": 1023.033, "Actual Total Time": 49536.599, "Actual Rows": 84, "Actual Loops": 1, "Inner Unique": true, "Plans": [{"Node Type": "Aggregate", "Strategy": "Sorted", "Parent Relationship": "Outer", "Startup Cost": 10000000000.0, "Total Cost": 1000324381460.28, "Plan Rows": 33034, "Plan Width": 24, "Actual Startup Time": 1022.959, "Actual Total Time": 49531.744, "Actual Rows": 84, "Actual Loops": 1, "Group By Key": ["public.lineitem.l_orderkey"], "Filter": "(sum(public.lineitem.l_quantity) > 314::double precision), (LLVM Optimized, Jit Execute)", "Rows Removed by Filter": 14999916, "Plans": [{"Node Type": "Index Scan", "Parent Relationship": "Outer", "Scan Direction": "Forward", "Index Name": "idx_lineitem_orderkey", "Relation Name": "lineitem", "Alias": "lineitem", "Startup Cost": 10000000000.0, "Total Cost": 1000324015374.5, "Plan Rows": 59987033, "Plan Width": 16, "Actual Startup Time": 0.03, "Actual Total Time": 29176.085, "Actual Rows": 59986052, "Actual Loops": 1}]}, {"Node Type": "Bitmap Heap Scan", "Parent Relationship": "Inner", "Relation Name": "orders", "Alias": "orders", "Startup Cost": 3.36, "Total Cost": 7.38, "Plan Rows": 1, "Plan Width": 32, "Actual Startup Time": 3.264, "Actual Total Time": 3.264, "Actual Rows": 84, "Actual Loops": 84, "Recheck Cond": "(o_orderkey = public.lineitem.l_orderkey)", "Rows Removed by Index Recheck": 0, "Exact Heap Blocks": 84, "Lossy Heap Blocks": 84, "Plans": [{"Node Type": "Bitmap Index Scan", "Parent Relationship": "Outer", "Index Name": "orders_pkey", "Startup Cost": 0.0, "Total Cost": 3.36, "Plan Rows": 1, "Plan Width": 0, "Actual Startup Time": 2.073, "Actual Total Time": 2.073, "Actual Rows": 84, "Actual Loops": 84, "Index Cond": "(o_orderkey = public.lineitem.l_orderkey)"}]}]}, {"Node Type": "Bitmap Heap Scan", "Parent Relationship": "Inner", "Relation Name": "customer", "Alias": "customer", "Startup Cost": 0.26, "Total Cost": 4.27, "Plan Rows": 1, "Plan Width": 27, "Actual Startup Time": 1.378, "Actual Total Time": 1.378, "Actual Rows": 84, "Actual Loops": 84, "Recheck Cond": "(c_custkey = orders.o_custkey)", "Rows Removed by Index Recheck": 0, "Exact Heap Blocks": 84, "Lossy Heap Blocks": 84, "Plans": [{"Node Type": "Bitmap Index Scan", "Parent Relationship": "Outer", "Index Name": "customer_pkey", "Startup Cost": 0.0, "Total Cost": 0.26, "Plan Rows": 1, "Plan Width": 0, "Actual Startup Time": 0.854, "Actual Total Time": 0.854, "Actual Rows": 84, "Actual Loops": 84, "Index Cond": "(c_custkey = orders.o_custkey)"}]}]}, {"Node Type": "Bitmap Heap Scan", "Parent Relationship": "Inner", "Relation Name": "lineitem", "Alias": "lineitem", "Startup Cost": 0.38, "Total Cost": 4.49, "Plan Rows": 9, "Plan Width": 16, "Actual Startup Time": 1.417, "Actual Total Time": 1.651, "Actual Rows": 588, "Actual Loops": 84, "Recheck Cond": "(l_orderkey = orders.o_orderkey)", "Rows Removed by Index Recheck": 0, "Exact Heap Blocks": 96, "Lossy Heap Blocks": 96, "Plans": [{"Node Type": "Bitmap Index Scan", "Parent Relationship": "Outer", "Index Name": "idx_lineitem_orderkey", "Startup Cost": 0.0, "Total Cost": 0.38, "Plan Rows": 9, "Plan Width": 0, "Actual Startup Time": 0.904, "Actual Total Time": 0.904, "Actual Rows": 588, "Actual Loops": 84, "Index Cond": "(l_orderkey = orders.o_orderkey)"}]}]}]}]}]}, "Triggers": [], "Planner Runtime": 1.515, "Total Runtime": 49553.909, "Unique SQL Id": 1915754155}}, "(1, '68')": {"explain_plan": {"Plan": {"Node Type": "Limit", "Startup Cost": 2649029.8, "Total Cost": 2649030.05, "Plan Rows": 100, "Plan Width": 59, "Plans": [{"Node Type": "Sort", "Parent Relationship": "Outer", "Startup Cost": 2649029.8, "Total Cost": 2649345.6, "Plan Rows": 100, "Plan Width": 59, "Sort Key": ["orders.o_totalprice DESC", "orders.o_orderdate"], "Plans": [{"Node Type": "Aggregate", "Strategy": "Hashed", "Parent Relationship": "Outer", "Startup Cost": 2642938.69, "Total Cost": 2644201.9, "Plan Rows": 126321, "Plan Width": 59, "Group By Key": ["orders.o_totalprice", "orders.o_orderdate", "customer.c_name", "customer.c_custkey", "orders.o_orderkey"], "Plans": [{"Node Type": "Nested Loop", "Parent Relationship": "Outer", "Join Type": "Inner", "Startup Cost": 2315050.5, "Total Cost": 2641043.88, "Plan Rows": 126321, "Plan Width": 59, "Inner Unique": false, "Plans": [{"Node Type": "Nested Loop", "Parent Relationship": "Outer", "Join Type": "Inner", "Startup Cost": 2315050.5, "Total Cost": 2627700.1, "Plan Rows": 13913, "Plan Width": 59, "Inner Unique": true, "Plans": [{"Node Type": "Nested Loop", "Parent Relationship": "Outer", "Join Type": "Inner", "Startup Cost": 2315050.5, "Total Cost": 2618076.97, "Plan Rows": 33034, "Plan Width": 40, "Inner Unique": true, "Plans": [{"Node Type": "Aggregate", "Strategy": "Hashed", "Parent Relationship": "Outer", "Startup Cost": 2315050.5, "Total Cost": 2381201.11, "Plan Rows": 33034, "Plan Width": 16, "Group By Key": ["public.lineitem.l_orderkey"], "Filter": "(sum(public.lineitem.l_quantity) > 314::double precision), (LLVM Optimized)", "Plans": [{"Node Type": "Seq Scan", "Parent Relationship": "Outer", "Relation Name": "lineitem", "Alias": "lineitem", "Startup Cost": 0.0, "Total Cost": 2015115.33, "Plan Rows": 59987033, "Plan Width": 16}]}, {"Node Type": "Index Scan", "Parent Relationship": "Inner", "Scan Direction": "Forward", "Index Name": "orders_pkey", "Relation Name": "orders", "Alias": "orders", "Startup Cost": 0.0, "Total Cost": 7.15, "Plan Rows": 1, "Plan Width": 32, "Index Cond": "(o_orderkey = public.lineitem.l_orderkey)"}]}, {"Node Type": "Index Scan", "Parent Relationship": "Inner", "Scan Direction": "Forward", "Index Name": "customer_pkey", "Relation Name": "customer", "Alias": "customer", "Startup Cost": 0.0, "Total Cost": 0.28, "Plan Rows": 1, "Plan Width": 27, "Index Cond": "(c_custkey = orders.o_custkey)"}]}, {"Node Type": "Index Scan", "Parent Relationship": "Inner", "Scan Direction": "Forward", "Index Name": "idx_lineitem_orderkey", "Relation Name": "lineitem", "Alias": "lineitem", "Startup Cost": 0.0, "Total Cost": 0.87, "Plan Rows": 9, "Plan Width": 16, "Index Cond": "(l_orderkey = orders.o_orderkey)"}]}]}]}]}, "Unique SQL Id": 1915754155, "Planner Runtime": 1}, "explain_analyze_plan": {"Plan": {"Node Type": "Limit", "Startup Cost": 2649029.8, "Total Cost": 2649030.05, "Plan Rows": 100, "Plan Width": 59, "Actual Startup Time": 51129.008, "Actual Total Time": 51129.027, "Actual Rows": 84, "Actual Loops": 1, "Plans": [{"Node Type": "Sort", "Parent Relationship": "Outer", "Startup Cost": 2649029.8, "Total Cost": 2649345.6, "Plan Rows": 100, "Plan Width": 59, "Actual Startup Time": 51129.006, "Actual Total Time": 51129.015, "Actual Rows": 84, "Actual Loops": 1, "Sort Key": ["orders.o_totalprice DESC", "orders.o_orderdate"], "Sort Method": "quicksort", "Sort Space Used": 38, "Sort Space Type": "Memory", "Plans": [{"Node Type": "Aggregate", "Strategy": "Hashed", "Parent Relationship": "Outer", "Startup Cost": 2642938.69, "Total Cost": 2644201.9, "Plan Rows": 126321, "Plan Width": 59, "Actual Startup Time": 51128.213, "Actual Total Time": 51128.889, "Actual Rows": 84, "Actual Loops": 1, "Group By Key": ["orders.o_totalprice", "orders.o_orderdate", "customer.c_name", "customer.c_custkey", "orders.o_orderkey"], "Plans": [{"Node Type": "Nested Loop", "Parent Relationship": "Outer", "Join Type": "Inner", "Startup Cost": 2315050.5, "Total Cost": 2641043.88, "Plan Rows": 126321, "Plan Width": 59, "Actual Startup Time": 46173.798, "Actual Total Time": 51126.311, "Actual Rows": 588, "Actual Loops": 1, "Inner Unique": false, "Plans": [{"Node Type": "Nested Loop", "Parent Relationship": "Outer", "Join Type": "Inner", "Startup Cost": 2315050.5, "Total Cost": 2627700.1, "Plan Rows": 13913, "Plan Width": 59, "Actual Startup Time": 46173.775, "Actual Total Time": 51124.263, "Actual Rows": 84, "Actual Loops": 1, "Inner Unique": true, "Plans": [{"Node Type": "Nested Loop", "Parent Relationship": "Outer", "Join Type": "Inner", "Startup Cost": 2315050.5, "Total Cost": 2618076.97, "Plan Rows": 33034, "Plan Width": 40, "Actual Startup Time": 46173.751, "Actual Total Time": 51122.995, "Actual Rows": 84, "Actual Loops": 1, "Inner Unique": true, "Plans": [{"Node Type": "Aggregate", "Strategy": "Hashed", "Parent Relationship": "Outer", "Startup Cost": 2315050.5, "Total Cost": 2381201.11, "Plan Rows": 33034, "Plan Width": 16, "Actual Startup Time": 46173.686, "Actual Total Time": 51106.177, "Actual Rows": 84, "Actual Loops": 1, "Group By Key": ["public.lineitem.l_orderkey"], "Filter": "(sum(public.lineitem.l_quantity) > 314::double precision), (LLVM Optimized, Jit Execute)", "Rows Removed by Filter": 14999916, "Plans": [{"Node Type": "Seq Scan", "Parent Relationship": "Outer", "Relation Name": "lineitem", "Alias": "lineitem", "Startup Cost": 0.0, "Total Cost": 2015115.33, "Plan Rows": 59987033, "Plan Width": 16, "Actual Startup Time": 0.043, "Actual Total Time": 19975.008, "Actual Rows": 59986052, "Actual Loops": 1}]}, {"Node Type": "Index Scan", "Parent Relationship": "Inner", "Scan Direction": "Forward", "Index Name": "orders_pkey", "Relation Name": "orders", "Alias": "orders", "Startup Cost": 0.0, "Total Cost": 7.15, "Plan Rows": 1, "Plan Width": 32, "Actual Startup Time": 2.93, "Actual Total Time": 2.93, "Actual Rows": 84, "Actual Loops": 84, "Index Cond": "(o_orderkey = public.lineitem.l_orderkey)", "Rows Removed by Index Recheck": 0}]}, {"Node Type": "Index Scan", "Parent Relationship": "Inner", "Scan Direction": "Forward", "Index Name": "customer_pkey", "Relation Name": "customer", "Alias": "customer", "Startup Cost": 0.0, "Total Cost": 0.28, "Plan Rows": 1, "Plan Width": 27, "Actual Startup Time": 0.906, "Actual Total Time": 0.906, "Actual Rows": 84, "Actual Loops": 84, "Index Cond": "(c_custkey = orders.o_custkey)", "Rows Removed by Index Recheck": 0}]}, {"Node Type": "Index Scan", "Parent Relationship": "Inner", "Scan Direction": "Forward", "Index Name": "idx_lineitem_orderkey", "Relation Name": "lineitem", "Alias": "lineitem", "Startup Cost": 0.0, "Total Cost": 0.87, "Plan Rows": 9, "Plan Width": 16, "Actual Startup Time": 1.165, "Actual Total Time": 1.622, "Actual Rows": 588, "Actual Loops": 84, "Index Cond": "(l_orderkey = orders.o_orderkey)", "Rows Removed by Index Recheck": 0}]}]}]}]}, "Triggers": [], "Planner Runtime": 1.711, "Total Runtime": 51138.586, "Unique SQL Id": 1915754155}}, "(1, '69')": {"explain_plan": {"Plan": {"Node Type": "Limit", "Startup Cost": 3874068.21, "Total Cost": 3874068.46, "Plan Rows": 100, "Plan Width": 59, "Plans": [{"Node Type": "Sort", "Parent Relationship": "Outer", "Startup Cost": 3874068.21, "Total Cost": 3874384.02, "Plan Rows": 100, "Plan Width": 59, "Sort Key": ["orders.o_totalprice DESC", "orders.o_orderdate"], "Plans": [{"Node Type": "Aggregate", "Strategy": "Hashed", "Parent Relationship": "Outer", "Startup Cost": 3867977.11, "Total Cost": 3869240.32, "Plan Rows": 126321, "Plan Width": 59, "Group By Key": ["orders.o_totalprice", "orders.o_orderdate", "customer.c_name", "customer.c_custkey", "orders.o_orderkey"], "Plans": [{"Node Type": "Nested Loop", "Parent Relationship": "Outer", "Join Type": "Inner", "Startup Cost": 0.0, "Total Cost": 3866082.29, "Plan Rows": 126321, "Plan Width": 59, "Inner Unique": false, "Plans": [{"Node Type": "Nested Loop", "Parent Relationship": "Outer", "Join Type": "Inner", "Startup Cost": 0.0, "Total Cost": 3852738.51, "Plan Rows": 13913, "Plan Width": 59, "Inner Unique": true, "Plans": [{"Node Type": "Nested Loop", "Parent Relationship": "Outer", "Join Type": "Inner", "Startup Cost": 0.0, "Total Cost": 3843115.38, "Plan Rows": 33034, "Plan Width": 40, "Inner Unique": true, "Plans": [{"Node Type": "Aggregate", "Strategy": "Sorted", "Parent Relationship": "Outer", "Startup Cost": 0.0, "Total Cost": 3606239.52, "Plan Rows": 33034, "Plan Width": 24, "Group By Key": ["public.lineitem.l_orderkey"], "Filter": "(sum(public.lineitem.l_quantity) > 314::double precision), (LLVM Optimized)", "Plans": [{"Node Type": "Index Scan", "Parent Relationship": "Outer", "Scan Direction": "Forward", "Index Name": "idx_lineitem_orderkey", "Relation Name": "lineitem", "Alias": "lineitem", "Startup Cost": 0.0, "Total Cost": 3240153.75, "Plan Rows": 59987033, "Plan Width": 16}]}, {"Node Type": "Index Scan", "Parent Relationship": "Inner", "Scan Direction": "Forward", "Index Name": "orders_pkey", "Relation Name": "orders", "Alias": "orders", "Startup Cost": 0.0, "Total Cost": 7.15, "Plan Rows": 1, "Plan Width": 32, "Index Cond": "(o_orderkey = public.lineitem.l_orderkey)"}]}, {"Node Type": "Index Scan", "Parent Relationship": "Inner", "Scan Direction": "Forward", "Index Name": "customer_pkey", "Relation Name": "customer", "Alias": "customer", "Startup Cost": 0.0, "Total Cost": 0.28, "Plan Rows": 1, "Plan Width": 27, "Index Cond": "(c_custkey = orders.o_custkey)"}]}, {"Node Type": "Index Scan", "Parent Relationship": "Inner", "Scan Direction": "Forward", "Index Name": "idx_lineitem_orderkey", "Relation Name": "lineitem", "Alias": "lineitem", "Startup Cost": 0.0, "Total Cost": 0.87, "Plan Rows": 9, "Plan Width": 16, "Index Cond": "(l_orderkey = orders.o_orderkey)"}]}]}]}]}, "Unique SQL Id": 1915754155, "Planner Runtime": 1}, "explain_analyze_plan": {"Plan": {"Node Type": "Limit", "Startup Cost": 3874068.21, "Total Cost": 3874068.46, "Plan Rows": 100, "Plan Width": 59, "Actual Startup Time": 50695.002, "Actual Total Time": 50695.017, "Actual Rows": 84, "Actual Loops": 1, "Plans": [{"Node Type": "Sort", "Parent Relationship": "Outer", "Startup Cost": 3874068.21, "Total Cost": 3874384.02, "Plan Rows": 100, "Plan Width": 59, "Actual Startup Time": 50695.0, "Actual Total Time": 50695.004, "Actual Rows": 84, "Actual Loops": 1, "Sort Key": ["orders.o_totalprice DESC", "orders.o_orderdate"], "Sort Method": "quicksort", "Sort Space Used": 38, "Sort Space Type": "Memory", "Plans": [{"Node Type": "Aggregate", "Strategy": "Hashed", "Parent Relationship": "Outer", "Startup Cost": 3867977.11, "Total Cost": 3869240.32, "Plan Rows": 126321, "Plan Width": 59, "Actual Startup Time": 50694.487, "Actual Total Time": 50694.852, "Actual Rows": 84, "Actual Loops": 1, "Group By Key": ["orders.o_totalprice", "orders.o_orderdate", "customer.c_name", "customer.c_custkey", "orders.o_orderkey"], "Plans": [{"Node Type": "Nested Loop", "Parent Relationship": "Outer", "Join Type": "Inner", "Startup Cost": 0.0, "Total Cost": 3866082.29, "Plan Rows": 126321, "Plan Width": 59, "Actual Startup Time": 1159.494, "Actual Total Time": 50691.109, "Actual Rows": 588, "Actual Loops": 1, "Inner Unique": false, "Plans": [{"Node Type": "Nested Loop", "Parent Relationship": "Outer", "Join Type": "Inner", "Startup Cost": 0.0, "Total Cost": 3852738.51, "Plan Rows": 13913, "Plan Width": 59, "Actual Startup Time": 1159.473, "Actual Total Time": 50688.867, "Actual Rows": 84, "Actual Loops": 1, "Inner Unique": true, "Plans": [{"Node Type": "Nested Loop", "Parent Relationship": "Outer", "Join Type": "Inner", "Startup Cost": 0.0, "Total Cost": 3843115.38, "Plan Rows": 33034, "Plan Width": 40, "Actual Startup Time": 1159.448, "Actual Total Time": 50687.006, "Actual Rows": 84, "Actual Loops": 1, "Inner Unique": true, "Plans": [{"Node Type": "Aggregate", "Strategy": "Sorted", "Parent Relationship": "Outer", "Startup Cost": 0.0, "Total Cost": 3606239.52, "Plan Rows": 33034, "Plan Width": 24, "Actual Startup Time": 1159.408, "Actual Total Time": 50684.063, "Actual Rows": 84, "Actual Loops": 1, "Group By Key": ["public.lineitem.l_orderkey"], "Filter": "(sum(public.lineitem.l_quantity) > 314::double precision), (LLVM Optimized, Jit Execute)", "Rows Removed by Filter": 14999916, "Plans": [{"Node Type": "Index Scan", "Parent Relationship": "Outer", "Scan Direction": "Forward", "Index Name": "idx_lineitem_orderkey", "Relation Name": "lineitem", "Alias": "lineitem", "Startup Cost": 0.0, "Total Cost": 3240153.75, "Plan Rows": 59987033, "Plan Width": 16, "Actual Startup Time": 0.029, "Actual Total Time": 30275.076, "Actual Rows": 59986052, "Actual Loops": 1}]}, {"Node Type": "Index Scan", "Parent Relationship": "Inner", "Scan Direction": "Forward", "Index Name": "orders_pkey", "Relation Name": "orders", "Alias": "orders", "Startup Cost": 0.0, "Total Cost": 7.15, "Plan Rows": 1, "Plan Width": 32, "Actual Startup Time": 1.994, "Actual Total Time": 1.994, "Actual Rows": 84, "Actual Loops": 84, "Index Cond": "(o_orderkey = public.lineitem.l_orderkey)", "Rows Removed by Index Recheck": 0}]}, {"Node Type": "Index Scan", "Parent Relationship": "Inner", "Scan Direction": "Forward", "Index Name": "customer_pkey", "Relation Name": "customer", "Alias": "customer", "Startup Cost": 0.0, "Total Cost": 0.28, "Plan Rows": 1, "Plan Width": 27, "Actual Startup Time": 1.278, "Actual Total Time": 1.278, "Actual Rows": 84, "Actual Loops": 84, "Index Cond": "(c_custkey = orders.o_custkey)", "Rows Removed by Index Recheck": 0}]}, {"Node Type": "Index Scan", "Parent Relationship": "Inner", "Scan Direction": "Forward", "Index Name": "idx_lineitem_orderkey", "Relation Name": "lineitem", "Alias": "lineitem", "Startup Cost": 0.0, "Total Cost": 0.87, "Plan Rows": 9, "Plan Width": 16, "Actual Startup Time": 0.938, "Actual Total Time": 1.562, "Actual Rows": 588, "Actual Loops": 84, "Index Cond": "(l_orderkey = orders.o_orderkey)", "Rows Removed by Index Recheck": 0}]}]}]}]}, "Triggers": [], "Planner Runtime": 1.698, "Total Runtime": 50704.506, "Unique SQL Id": 1915754155}}, "(1, '70')": {"explain_plan": {"Plan": {"Node Type": "Limit", "Startup Cost": 2768625.52, "Total Cost": 2768625.77, "Plan Rows": 100, "Plan Width": 59, "Plans": [{"Node Type": "Sort", "Parent Relationship": "Outer", "Startup Cost": 2768625.52, "Total Cost": 2768941.33, "Plan Rows": 100, "Plan Width": 59, "Sort Key": ["orders.o_totalprice DESC", "orders.o_orderdate"], "Plans": [{"Node Type": "Aggregate", "Strategy": "Hashed", "Parent Relationship": "Outer", "Startup Cost": 2762534.42, "Total Cost": 2763797.63, "Plan Rows": 126321, "Plan Width": 59, "Group By Key": ["orders.o_totalprice", "orders.o_orderdate", "customer.c_name", "customer.c_custkey", "orders.o_orderkey"], "Plans": [{"Node Type": "Nested Loop", "Parent Relationship": "Outer", "Join Type": "Inner", "Startup Cost": 2385930.24, "Total Cost": 2760639.6, "Plan Rows": 126321, "Plan Width": 59, "Inner Unique": false, "Plans": [{"Node Type": "Hash Join", "Parent Relationship": "Outer", "Join Type": "Inner", "Startup Cost": 2385929.86, "Total Cost": 2696863.45, "Plan Rows": 13913, "Plan Width": 59, "Inner Unique": true, "Hash Cond": "(orders.o_custkey = customer.c_custkey)", "Plans": [{"Node Type": "Nested Loop", "Parent Relationship": "Outer", "Join Type": "Inner", "Startup Cost": 2315053.86, "Total Cost": 2625533.23, "Plan Rows": 33034, "Plan Width": 40, "Inner Unique": true, "Plans": [{"Node Type": "Aggregate", "Strategy": "Hashed", "Parent Relationship": "Outer", "Startup Cost": 2315050.5, "Total Cost": 2381201.11, "Plan Rows": 33034, "Plan Width": 16, "Group By Key": ["public.lineitem.l_orderkey"], "Filter": "(sum(public.lineitem.l_quantity) > 314::double precision), (LLVM Optimized)", "Plans": [{"Node Type": "Seq Scan", "Parent Relationship": "Outer", "Relation Name": "lineitem", "Alias": "lineitem", "Startup Cost": 0.0, "Total Cost": 2015115.33, "Plan Rows": 59987033, "Plan Width": 16}]}, {"Node Type": "Bitmap Heap Scan", "Parent Relationship": "Inner", "Relation Name": "orders", "Alias": "orders", "Startup Cost": 3.36, "Total Cost": 7.38, "Plan Rows": 1, "Plan Width": 32, "Recheck Cond": "(o_orderkey = public.lineitem.l_orderkey)", "Plans": [{"Node Type": "Bitmap Index Scan", "Parent Relationship": "Outer", "Index Name": "orders_pkey", "Startup Cost": 0.0, "Total Cost": 3.36, "Plan Rows": 1, "Plan Width": 0, "Index Cond": "(o_orderkey = public.lineitem.l_orderkey)"}]}]}, {"Node Type": "Hash", "Parent Relationship": "Inner", "Startup Cost": 52126.0, "Total Cost": 52126.0, "Plan Rows": 1500000, "Plan Width": 27, "Plans": [{"Node Type": "Seq Scan", "Parent Relationship": "Outer", "Relation Name": "customer", "Alias": "customer", "Startup Cost": 0.0, "Total Cost": 52126.0, "Plan Rows": 1500000, "Plan Width": 27}]}]}, {"Node Type": "Bitmap Heap Scan", "Parent Relationship": "Inner", "Relation Name": "lineitem", "Alias": "lineitem", "Startup Cost": 0.38, "Total Cost": 4.49, "Plan Rows": 9, "Plan Width": 16, "Recheck Cond": "(l_orderkey = orders.o_orderkey)", "Plans": [{"Node Type": "Bitmap Index Scan", "Parent Relationship": "Outer", "Index Name": "idx_lineitem_orderkey", "Startup Cost": 0.0, "Total Cost": 0.38, "Plan Rows": 9, "Plan Width": 0, "Index Cond": "(l_orderkey = orders.o_orderkey)"}]}]}]}]}]}, "Unique SQL Id": 1915754155, "Planner Runtime": 1}, "explain_analyze_plan": {"Plan": {"Node Type": "Limit", "Startup Cost": 2768625.52, "Total Cost": 2768625.77, "Plan Rows": 100, "Plan Width": 59, "Actual Startup Time": 59611.881, "Actual Total Time": 59611.895, "Actual Rows": 84, "Actual Loops": 1, "Plans": [{"Node Type": "Sort", "Parent Relationship": "Outer", "Startup Cost": 2768625.52, "Total Cost": 2768941.33, "Plan Rows": 100, "Plan Width": 59, "Actual Startup Time": 59611.878, "Actual Total Time": 59611.879, "Actual Rows": 84, "Actual Loops": 1, "Sort Key": ["orders.o_totalprice DESC", "orders.o_orderdate"], "Sort Method": "quicksort", "Sort Space Used": 38, "Sort Space Type": "Memory", "Plans": [{"Node Type": "Aggregate", "Strategy": "Hashed", "Parent Relationship": "Outer", "Startup Cost": 2762534.42, "Total Cost": 2763797.63, "Plan Rows": 126321, "Plan Width": 59, "Actual Startup Time": 59611.463, "Actual Total Time": 59611.783, "Actual Rows": 84, "Actual Loops": 1, "Group By Key": ["orders.o_totalprice", "orders.o_orderdate", "customer.c_name", "customer.c_custkey", "orders.o_orderkey"], "Plans": [{"Node Type": "Nested Loop", "Parent Relationship": "Outer", "Join Type": "Inner", "Startup Cost": 2385930.24, "Total Cost": 2760639.6, "Plan Rows": 126321, "Plan Width": 59, "Actual Startup Time": 50843.345, "Actual Total Time": 59609.843, "Actual Rows": 588, "Actual Loops": 1, "Inner Unique": false, "Plans": [{"Node Type": "Hash Join", "Parent Relationship": "Outer", "Join Type": "Inner", "Startup Cost": 2385929.86, "Total Cost": 2696863.45, "Plan Rows": 13913, "Plan Width": 59, "Actual Startup Time": 50843.294, "Actual Total Time": 59603.085, "Actual Rows": 84, "Actual Loops": 1, "Inner Unique": true, "Hash Cond": "(orders.o_custkey = customer.c_custkey)", "Plans": [{"Node Type": "Nested Loop", "Parent Relationship": "Outer", "Join Type": "Inner", "Startup Cost": 2315053.86, "Total Cost": 2625533.23, "Plan Rows": 33034, "Plan Width": 40, "Actual Startup Time": 49565.238, "Actual Total Time": 58323.675, "Actual Rows": 84, "Actual Loops": 1, "Inner Unique": true, "Plans": [{"Node Type": "Aggregate", "Strategy": "Hashed", "Parent Relationship": "Outer", "Startup Cost": 2315050.5, "Total Cost": 2381201.11, "Plan Rows": 33034, "Plan Width": 16, "Actual Startup Time": 49565.139, "Actual Total Time": 58306.345, "Actual Rows": 84, "Actual Loops": 1, "Group By Key": ["public.lineitem.l_orderkey"], "Filter": "(sum(public.lineitem.l_quantity) > 314::double precision), (LLVM Optimized, Jit Execute)", "Rows Removed by Filter": 14999916, "Plans": [{"Node Type": "Seq Scan", "Parent Relationship": "Outer", "Relation Name": "lineitem", "Alias": "lineitem", "Startup Cost": 0.0, "Total Cost": 2015115.33, "Plan Rows": 59987033, "Plan Width": 16, "Actual Startup Time": 0.034, "Actual Total Time": 20821.446, "Actual Rows": 59986052, "Actual Loops": 1}]}, {"Node Type": "Bitmap Heap Scan", "Parent Relationship": "Inner", "Relation Name": "orders", "Alias": "orders", "Startup Cost": 3.36, "Total Cost": 7.38, "Plan Rows": 1, "Plan Width": 32, "Actual Startup Time": 3.498, "Actual Total Time": 3.498, "Actual Rows": 84, "Actual Loops": 84, "Recheck Cond": "(o_orderkey = public.lineitem.l_orderkey)", "Rows Removed by Index Recheck": 0, "Exact Heap Blocks": 84, "Lossy Heap Blocks": 84, "Plans": [{"Node Type": "Bitmap Index Scan", "Parent Relationship": "Outer", "Index Name": "orders_pkey", "Startup Cost": 0.0, "Total Cost": 3.36, "Plan Rows": 1, "Plan Width": 0, "Actual Startup Time": 2.397, "Actual Total Time": 2.397, "Actual Rows": 84, "Actual Loops": 84, "Index Cond": "(o_orderkey = public.lineitem.l_orderkey)"}]}]}, {"Node Type": "Hash", "Parent Relationship": "Inner", "Startup Cost": 52126.0, "Total Cost": 52126.0, "Plan Rows": 1500000, "Plan Width": 27, "Actual Startup Time": 1276.444, "Actual Total Time": 1276.444, "Actual Rows": 1500000, "Actual Loops": 1, "Hash Buckets": 2097152, "Hash Batches": 1, "Original Hash Batches": 1, "Peak Memory Usage": 93750, "Plans": [{"Node Type": "Seq Scan", "Parent Relationship": "Outer", "Relation Name": "customer", "Alias": "customer", "Startup Cost": 0.0, "Total Cost": 52126.0, "Plan Rows": 1500000, "Plan Width": 27, "Actual Startup Time": 0.025, "Actual Total Time": 561.62, "Actual Rows": 1500000, "Actual Loops": 1}]}]}, {"Node Type": "Bitmap Heap Scan", "Parent Relationship": "Inner", "Relation Name": "lineitem", "Alias": "lineitem", "Startup Cost": 0.38, "Total Cost": 4.49, "Plan Rows": 9, "Plan Width": 16, "Actual Startup Time": 2.578, "Actual Total Time": 2.729, "Actual Rows": 588, "Actual Loops": 84, "Recheck Cond": "(l_orderkey = orders.o_orderkey)", "Rows Removed by Index Recheck": 0, "Exact Heap Blocks": 96, "Lossy Heap Blocks": 96, "Plans": [{"Node Type": "Bitmap Index Scan", "Parent Relationship": "Outer", "Index Name": "idx_lineitem_orderkey", "Startup Cost": 0.0, "Total Cost": 0.38, "Plan Rows": 9, "Plan Width": 0, "Actual Startup Time": 1.649, "Actual Total Time": 1.649, "Actual Rows": 588, "Actual Loops": 84, "Index Cond": "(l_orderkey = orders.o_orderkey)"}]}]}]}]}]}, "Triggers": [], "Planner Runtime": 1.65, "Total Runtime": 59621.238, "Unique SQL Id": 1915754155}}, "(1, '71')": {"explain_plan": {"Plan": {"Node Type": "Limit", "Startup Cost": 1000324838994.8, "Total Cost": 1000324838995.05, "Plan Rows": 100, "Plan Width": 59, "Plans": [{"Node Type": "Sort", "Parent Relationship": "Outer", "Startup Cost": 1000324838994.8, "Total Cost": 1000324839310.61, "Plan Rows": 100, "Plan Width": 59, "Sort Key": ["orders.o_totalprice DESC", "orders.o_orderdate"], "Plans": [{"Node Type": "Aggregate", "Strategy": "Hashed", "Parent Relationship": "Outer", "Startup Cost": 1000324832903.7, "Total Cost": 1000324834166.91, "Plan Rows": 126321, "Plan Width": 59, "Group By Key": ["orders.o_totalprice", "orders.o_orderdate", "customer.c_name", "customer.c_custkey", "orders.o_orderkey"], "Plans": [{"Node Type": "Nested Loop", "Parent Relationship": "Outer", "Join Type": "Inner", "Startup Cost": 10000000004.0, "Total Cost": 1000324831008.88, "Plan Rows": 126321, "Plan Width": 59, "Inner Unique": false, "Plans": [{"Node Type": "Nested Loop", "Parent Relationship": "Outer", "Join Type": "Inner", "Startup Cost": 10000000003.62, "Total Cost": 1000324767232.73, "Plan Rows": 13913, "Plan Width": 59, "Inner Unique": true, "Plans": [{"Node Type": "Nested Loop", "Parent Relationship": "Outer", "Join Type": "Inner", "Startup Cost": 10000000003.36, "Total Cost": 1000324625792.4, "Plan Rows": 33034, "Plan Width": 40, "Inner Unique": true, "Plans": [{"Node Type": "Aggregate", "Strategy": "Sorted", "Parent Relationship": "Outer", "Startup Cost": 10000000000.0, "Total Cost": 1000324381460.28, "Plan Rows": 33034, "Plan Width": 24, "Group By Key": ["public.lineitem.l_orderkey"], "Filter": "(sum(public.lineitem.l_quantity) > 314::double precision), (LLVM Optimized)", "Plans": [{"Node Type": "Index Scan", "Parent Relationship": "Outer", "Scan Direction": "Forward", "Index Name": "idx_lineitem_orderkey", "Relation Name": "lineitem", "Alias": "lineitem", "Startup Cost": 10000000000.0, "Total Cost": 1000324015374.5, "Plan Rows": 59987033, "Plan Width": 16}]}, {"Node Type": "Bitmap Heap Scan", "Parent Relationship": "Inner", "Relation Name": "orders", "Alias": "orders", "Startup Cost": 3.36, "Total Cost": 7.38, "Plan Rows": 1, "Plan Width": 32, "Recheck Cond": "(o_orderkey = public.lineitem.l_orderkey)", "Plans": [{"Node Type": "Bitmap Index Scan", "Parent Relationship": "Outer", "Index Name": "orders_pkey", "Startup Cost": 0.0, "Total Cost": 3.36, "Plan Rows": 1, "Plan Width": 0, "Index Cond": "(o_orderkey = public.lineitem.l_orderkey)"}]}]}, {"Node Type": "Bitmap Heap Scan", "Parent Relationship": "Inner", "Relation Name": "customer", "Alias": "customer", "Startup Cost": 0.26, "Total Cost": 4.27, "Plan Rows": 1, "Plan Width": 27, "Recheck Cond": "(c_custkey = orders.o_custkey)", "Plans": [{"Node Type": "Bitmap Index Scan", "Parent Relationship": "Outer", "Index Name": "customer_pkey", "Startup Cost": 0.0, "Total Cost": 0.26, "Plan Rows": 1, "Plan Width": 0, "Index Cond": "(c_custkey = orders.o_custkey)"}]}]}, {"Node Type": "Bitmap Heap Scan", "Parent Relationship": "Inner", "Relation Name": "lineitem", "Alias": "lineitem", "Startup Cost": 0.38, "Total Cost": 4.49, "Plan Rows": 9, "Plan Width": 16, "Recheck Cond": "(l_orderkey = orders.o_orderkey)", "Plans": [{"Node Type": "Bitmap Index Scan", "Parent Relationship": "Outer", "Index Name": "idx_lineitem_orderkey", "Startup Cost": 0.0, "Total Cost": 0.38, "Plan Rows": 9, "Plan Width": 0, "Index Cond": "(l_orderkey = orders.o_orderkey)"}]}]}]}]}]}, "Unique SQL Id": 1915754155, "Planner Runtime": 1}, "explain_analyze_plan": {"Plan": {"Node Type": "Limit", "Startup Cost": 1000324838994.8, "Total Cost": 1000324838995.05, "Plan Rows": 100, "Plan Width": 59, "Actual Startup Time": 49544.467, "Actual Total Time": 49544.486, "Actual Rows": 84, "Actual Loops": 1, "Plans": [{"Node Type": "Sort", "Parent Relationship": "Outer", "Startup Cost": 1000324838994.8, "Total Cost": 1000324839310.61, "Plan Rows": 100, "Plan Width": 59, "Actual Startup Time": 49544.465, "Actual Total Time": 49544.474, "Actual Rows": 84, "Actual Loops": 1, "Sort Key": ["orders.o_totalprice DESC", "orders.o_orderdate"], "Sort Method": "quicksort", "Sort Space Used": 38, "Sort Space Type": "Memory", "Plans": [{"Node Type": "Aggregate", "Strategy": "Hashed", "Parent Relationship": "Outer", "Startup Cost": 1000324832903.7, "Total Cost": 1000324834166.91, "Plan Rows": 126321, "Plan Width": 59, "Actual Startup Time": 49543.984, "Actual Total Time": 49544.316, "Actual Rows": 84, "Actual Loops": 1, "Group By Key": ["orders.o_totalprice", "orders.o_orderdate", "customer.c_name", "customer.c_custkey", "orders.o_orderkey"], "Plans": [{"Node Type": "Nested Loop", "Parent Relationship": "Outer", "Join Type": "Inner", "Startup Cost": 10000000004.0, "Total Cost": 1000324831008.88, "Plan Rows": 126321, "Plan Width": 59, "Actual Startup Time": 1023.087, "Actual Total Time": 49541.154, "Actual Rows": 588, "Actual Loops": 1, "Inner Unique": false, "Plans": [{"Node Type": "Nested Loop", "Parent Relationship": "Outer", "Join Type": "Inner", "Startup Cost": 10000000003.62, "Total Cost": 1000324767232.73, "Plan Rows": 13913, "Plan Width": 59, "Actual Startup Time": 1023.067, "Actual Total Time": 49538.65, "Actual Rows": 84, "Actual Loops": 1, "Inner Unique": true, "Plans": [{"Node Type": "Nested Loop", "Parent Relationship": "Outer", "Join Type": "Inner", "Startup Cost": 10000000003.36, "Total Cost": 1000324625792.4, "Plan Rows": 33034, "Plan Width": 40, "Actual Startup Time": 1023.033, "Actual Total Time": 49536.599, "Actual Rows": 84, "Actual Loops": 1, "Inner Unique": true, "Plans": [{"Node Type": "Aggregate", "Strategy": "Sorted", "Parent Relationship": "Outer", "Startup Cost": 10000000000.0, "Total Cost": 1000324381460.28, "Plan Rows": 33034, "Plan Width": 24, "Actual Startup Time": 1022.959, "Actual Total Time": 49531.744, "Actual Rows": 84, "Actual Loops": 1, "Group By Key": ["public.lineitem.l_orderkey"], "Filter": "(sum(public.lineitem.l_quantity) > 314::double precision), (LLVM Optimized, Jit Execute)", "Rows Removed by Filter": 14999916, "Plans": [{"Node Type": "Index Scan", "Parent Relationship": "Outer", "Scan Direction": "Forward", "Index Name": "idx_lineitem_orderkey", "Relation Name": "lineitem", "Alias": "lineitem", "Startup Cost": 10000000000.0, "Total Cost": 1000324015374.5, "Plan Rows": 59987033, "Plan Width": 16, "Actual Startup Time": 0.03, "Actual Total Time": 29176.085, "Actual Rows": 59986052, "Actual Loops": 1}]}, {"Node Type": "Bitmap Heap Scan", "Parent Relationship": "Inner", "Relation Name": "orders", "Alias": "orders", "Startup Cost": 3.36, "Total Cost": 7.38, "Plan Rows": 1, "Plan Width": 32, "Actual Startup Time": 3.264, "Actual Total Time": 3.264, "Actual Rows": 84, "Actual Loops": 84, "Recheck Cond": "(o_orderkey = public.lineitem.l_orderkey)", "Rows Removed by Index Recheck": 0, "Exact Heap Blocks": 84, "Lossy Heap Blocks": 84, "Plans": [{"Node Type": "Bitmap Index Scan", "Parent Relationship": "Outer", "Index Name": "orders_pkey", "Startup Cost": 0.0, "Total Cost": 3.36, "Plan Rows": 1, "Plan Width": 0, "Actual Startup Time": 2.073, "Actual Total Time": 2.073, "Actual Rows": 84, "Actual Loops": 84, "Index Cond": "(o_orderkey = public.lineitem.l_orderkey)"}]}]}, {"Node Type": "Bitmap Heap Scan", "Parent Relationship": "Inner", "Relation Name": "customer", "Alias": "customer", "Startup Cost": 0.26, "Total Cost": 4.27, "Plan Rows": 1, "Plan Width": 27, "Actual Startup Time": 1.378, "Actual Total Time": 1.378, "Actual Rows": 84, "Actual Loops": 84, "Recheck Cond": "(c_custkey = orders.o_custkey)", "Rows Removed by Index Recheck": 0, "Exact Heap Blocks": 84, "Lossy Heap Blocks": 84, "Plans": [{"Node Type": "Bitmap Index Scan", "Parent Relationship": "Outer", "Index Name": "customer_pkey", "Startup Cost": 0.0, "Total Cost": 0.26, "Plan Rows": 1, "Plan Width": 0, "Actual Startup Time": 0.854, "Actual Total Time": 0.854, "Actual Rows": 84, "Actual Loops": 84, "Index Cond": "(c_custkey = orders.o_custkey)"}]}]}, {"Node Type": "Bitmap Heap Scan", "Parent Relationship": "Inner", "Relation Name": "lineitem", "Alias": "lineitem", "Startup Cost": 0.38, "Total Cost": 4.49, "Plan Rows": 9, "Plan Width": 16, "Actual Startup Time": 1.417, "Actual Total Time": 1.651, "Actual Rows": 588, "Actual Loops": 84, "Recheck Cond": "(l_orderkey = orders.o_orderkey)", "Rows Removed by Index Recheck": 0, "Exact Heap Blocks": 96, "Lossy Heap Blocks": 96, "Plans": [{"Node Type": "Bitmap Index Scan", "Parent Relationship": "Outer", "Index Name": "idx_lineitem_orderkey", "Startup Cost": 0.0, "Total Cost": 0.38, "Plan Rows": 9, "Plan Width": 0, "Actual Startup Time": 0.904, "Actual Total Time": 0.904, "Actual Rows": 588, "Actual Loops": 84, "Index Cond": "(l_orderkey = orders.o_orderkey)"}]}]}]}]}]}, "Triggers": [], "Planner Runtime": 1.515, "Total Runtime": 49553.909, "Unique SQL Id": 1915754155}}, "(1, '72')": {"explain_plan": {"Plan": {"Node Type": "Limit", "Startup Cost": 2649029.8, "Total Cost": 2649030.05, "Plan Rows": 100, "Plan Width": 59, "Plans": [{"Node Type": "Sort", "Parent Relationship": "Outer", "Startup Cost": 2649029.8, "Total Cost": 2649345.6, "Plan Rows": 100, "Plan Width": 59, "Sort Key": ["orders.o_totalprice DESC", "orders.o_orderdate"], "Plans": [{"Node Type": "Aggregate", "Strategy": "Hashed", "Parent Relationship": "Outer", "Startup Cost": 2642938.69, "Total Cost": 2644201.9, "Plan Rows": 126321, "Plan Width": 59, "Group By Key": ["orders.o_totalprice", "orders.o_orderdate", "customer.c_name", "customer.c_custkey", "orders.o_orderkey"], "Plans": [{"Node Type": "Nested Loop", "Parent Relationship": "Outer", "Join Type": "Inner", "Startup Cost": 2315050.5, "Total Cost": 2641043.88, "Plan Rows": 126321, "Plan Width": 59, "Inner Unique": false, "Plans": [{"Node Type": "Nested Loop", "Parent Relationship": "Outer", "Join Type": "Inner", "Startup Cost": 2315050.5, "Total Cost": 2627700.1, "Plan Rows": 13913, "Plan Width": 59, "Inner Unique": true, "Plans": [{"Node Type": "Nested Loop", "Parent Relationship": "Outer", "Join Type": "Inner", "Startup Cost": 2315050.5, "Total Cost": 2618076.97, "Plan Rows": 33034, "Plan Width": 40, "Inner Unique": true, "Plans": [{"Node Type": "Aggregate", "Strategy": "Hashed", "Parent Relationship": "Outer", "Startup Cost": 2315050.5, "Total Cost": 2381201.11, "Plan Rows": 33034, "Plan Width": 16, "Group By Key": ["public.lineitem.l_orderkey"], "Filter": "(sum(public.lineitem.l_quantity) > 314::double precision), (LLVM Optimized)", "Plans": [{"Node Type": "Seq Scan", "Parent Relationship": "Outer", "Relation Name": "lineitem", "Alias": "lineitem", "Startup Cost": 0.0, "Total Cost": 2015115.33, "Plan Rows": 59987033, "Plan Width": 16}]}, {"Node Type": "Index Scan", "Parent Relationship": "Inner", "Scan Direction": "Forward", "Index Name": "orders_pkey", "Relation Name": "orders", "Alias": "orders", "Startup Cost": 0.0, "Total Cost": 7.15, "Plan Rows": 1, "Plan Width": 32, "Index Cond": "(o_orderkey = public.lineitem.l_orderkey)"}]}, {"Node Type": "Index Scan", "Parent Relationship": "Inner", "Scan Direction": "Forward", "Index Name": "customer_pkey", "Relation Name": "customer", "Alias": "customer", "Startup Cost": 0.0, "Total Cost": 0.28, "Plan Rows": 1, "Plan Width": 27, "Index Cond": "(c_custkey = orders.o_custkey)"}]}, {"Node Type": "Index Scan", "Parent Relationship": "Inner", "Scan Direction": "Forward", "Index Name": "idx_lineitem_orderkey", "Relation Name": "lineitem", "Alias": "lineitem", "Startup Cost": 0.0, "Total Cost": 0.87, "Plan Rows": 9, "Plan Width": 16, "Index Cond": "(l_orderkey = orders.o_orderkey)"}]}]}]}]}, "Unique SQL Id": 1915754155, "Planner Runtime": 1}, "explain_analyze_plan": {"Plan": {"Node Type": "Limit", "Startup Cost": 2649029.8, "Total Cost": 2649030.05, "Plan Rows": 100, "Plan Width": 59, "Actual Startup Time": 51129.008, "Actual Total Time": 51129.027, "Actual Rows": 84, "Actual Loops": 1, "Plans": [{"Node Type": "Sort", "Parent Relationship": "Outer", "Startup Cost": 2649029.8, "Total Cost": 2649345.6, "Plan Rows": 100, "Plan Width": 59, "Actual Startup Time": 51129.006, "Actual Total Time": 51129.015, "Actual Rows": 84, "Actual Loops": 1, "Sort Key": ["orders.o_totalprice DESC", "orders.o_orderdate"], "Sort Method": "quicksort", "Sort Space Used": 38, "Sort Space Type": "Memory", "Plans": [{"Node Type": "Aggregate", "Strategy": "Hashed", "Parent Relationship": "Outer", "Startup Cost": 2642938.69, "Total Cost": 2644201.9, "Plan Rows": 126321, "Plan Width": 59, "Actual Startup Time": 51128.213, "Actual Total Time": 51128.889, "Actual Rows": 84, "Actual Loops": 1, "Group By Key": ["orders.o_totalprice", "orders.o_orderdate", "customer.c_name", "customer.c_custkey", "orders.o_orderkey"], "Plans": [{"Node Type": "Nested Loop", "Parent Relationship": "Outer", "Join Type": "Inner", "Startup Cost": 2315050.5, "Total Cost": 2641043.88, "Plan Rows": 126321, "Plan Width": 59, "Actual Startup Time": 46173.798, "Actual Total Time": 51126.311, "Actual Rows": 588, "Actual Loops": 1, "Inner Unique": false, "Plans": [{"Node Type": "Nested Loop", "Parent Relationship": "Outer", "Join Type": "Inner", "Startup Cost": 2315050.5, "Total Cost": 2627700.1, "Plan Rows": 13913, "Plan Width": 59, "Actual Startup Time": 46173.775, "Actual Total Time": 51124.263, "Actual Rows": 84, "Actual Loops": 1, "Inner Unique": true, "Plans": [{"Node Type": "Nested Loop", "Parent Relationship": "Outer", "Join Type": "Inner", "Startup Cost": 2315050.5, "Total Cost": 2618076.97, "Plan Rows": 33034, "Plan Width": 40, "Actual Startup Time": 46173.751, "Actual Total Time": 51122.995, "Actual Rows": 84, "Actual Loops": 1, "Inner Unique": true, "Plans": [{"Node Type": "Aggregate", "Strategy": "Hashed", "Parent Relationship": "Outer", "Startup Cost": 2315050.5, "Total Cost": 2381201.11, "Plan Rows": 33034, "Plan Width": 16, "Actual Startup Time": 46173.686, "Actual Total Time": 51106.177, "Actual Rows": 84, "Actual Loops": 1, "Group By Key": ["public.lineitem.l_orderkey"], "Filter": "(sum(public.lineitem.l_quantity) > 314::double precision), (LLVM Optimized, Jit Execute)", "Rows Removed by Filter": 14999916, "Plans": [{"Node Type": "Seq Scan", "Parent Relationship": "Outer", "Relation Name": "lineitem", "Alias": "lineitem", "Startup Cost": 0.0, "Total Cost": 2015115.33, "Plan Rows": 59987033, "Plan Width": 16, "Actual Startup Time": 0.043, "Actual Total Time": 19975.008, "Actual Rows": 59986052, "Actual Loops": 1}]}, {"Node Type": "Index Scan", "Parent Relationship": "Inner", "Scan Direction": "Forward", "Index Name": "orders_pkey", "Relation Name": "orders", "Alias": "orders", "Startup Cost": 0.0, "Total Cost": 7.15, "Plan Rows": 1, "Plan Width": 32, "Actual Startup Time": 2.93, "Actual Total Time": 2.93, "Actual Rows": 84, "Actual Loops": 84, "Index Cond": "(o_orderkey = public.lineitem.l_orderkey)", "Rows Removed by Index Recheck": 0}]}, {"Node Type": "Index Scan", "Parent Relationship": "Inner", "Scan Direction": "Forward", "Index Name": "customer_pkey", "Relation Name": "customer", "Alias": "customer", "Startup Cost": 0.0, "Total Cost": 0.28, "Plan Rows": 1, "Plan Width": 27, "Actual Startup Time": 0.906, "Actual Total Time": 0.906, "Actual Rows": 84, "Actual Loops": 84, "Index Cond": "(c_custkey = orders.o_custkey)", "Rows Removed by Index Recheck": 0}]}, {"Node Type": "Index Scan", "Parent Relationship": "Inner", "Scan Direction": "Forward", "Index Name": "idx_lineitem_orderkey", "Relation Name": "lineitem", "Alias": "lineitem", "Startup Cost": 0.0, "Total Cost": 0.87, "Plan Rows": 9, "Plan Width": 16, "Actual Startup Time": 1.165, "Actual Total Time": 1.622, "Actual Rows": 588, "Actual Loops": 84, "Index Cond": "(l_orderkey = orders.o_orderkey)", "Rows Removed by Index Recheck": 0}]}]}]}]}, "Triggers": [], "Planner Runtime": 1.711, "Total Runtime": 51138.586, "Unique SQL Id": 1915754155}}, "(1, '73')": {"explain_plan": {"Plan": {"Node Type": "Limit", "Startup Cost": 3874068.21, "Total Cost": 3874068.46, "Plan Rows": 100, "Plan Width": 59, "Plans": [{"Node Type": "Sort", "Parent Relationship": "Outer", "Startup Cost": 3874068.21, "Total Cost": 3874384.02, "Plan Rows": 100, "Plan Width": 59, "Sort Key": ["orders.o_totalprice DESC", "orders.o_orderdate"], "Plans": [{"Node Type": "Aggregate", "Strategy": "Hashed", "Parent Relationship": "Outer", "Startup Cost": 3867977.11, "Total Cost": 3869240.32, "Plan Rows": 126321, "Plan Width": 59, "Group By Key": ["orders.o_totalprice", "orders.o_orderdate", "customer.c_name", "customer.c_custkey", "orders.o_orderkey"], "Plans": [{"Node Type": "Nested Loop", "Parent Relationship": "Outer", "Join Type": "Inner", "Startup Cost": 0.0, "Total Cost": 3866082.29, "Plan Rows": 126321, "Plan Width": 59, "Inner Unique": false, "Plans": [{"Node Type": "Nested Loop", "Parent Relationship": "Outer", "Join Type": "Inner", "Startup Cost": 0.0, "Total Cost": 3852738.51, "Plan Rows": 13913, "Plan Width": 59, "Inner Unique": true, "Plans": [{"Node Type": "Nested Loop", "Parent Relationship": "Outer", "Join Type": "Inner", "Startup Cost": 0.0, "Total Cost": 3843115.38, "Plan Rows": 33034, "Plan Width": 40, "Inner Unique": true, "Plans": [{"Node Type": "Aggregate", "Strategy": "Sorted", "Parent Relationship": "Outer", "Startup Cost": 0.0, "Total Cost": 3606239.52, "Plan Rows": 33034, "Plan Width": 24, "Group By Key": ["public.lineitem.l_orderkey"], "Filter": "(sum(public.lineitem.l_quantity) > 314::double precision), (LLVM Optimized)", "Plans": [{"Node Type": "Index Scan", "Parent Relationship": "Outer", "Scan Direction": "Forward", "Index Name": "idx_lineitem_orderkey", "Relation Name": "lineitem", "Alias": "lineitem", "Startup Cost": 0.0, "Total Cost": 3240153.75, "Plan Rows": 59987033, "Plan Width": 16}]}, {"Node Type": "Index Scan", "Parent Relationship": "Inner", "Scan Direction": "Forward", "Index Name": "orders_pkey", "Relation Name": "orders", "Alias": "orders", "Startup Cost": 0.0, "Total Cost": 7.15, "Plan Rows": 1, "Plan Width": 32, "Index Cond": "(o_orderkey = public.lineitem.l_orderkey)"}]}, {"Node Type": "Index Scan", "Parent Relationship": "Inner", "Scan Direction": "Forward", "Index Name": "customer_pkey", "Relation Name": "customer", "Alias": "customer", "Startup Cost": 0.0, "Total Cost": 0.28, "Plan Rows": 1, "Plan Width": 27, "Index Cond": "(c_custkey = orders.o_custkey)"}]}, {"Node Type": "Index Scan", "Parent Relationship": "Inner", "Scan Direction": "Forward", "Index Name": "idx_lineitem_orderkey", "Relation Name": "lineitem", "Alias": "lineitem", "Startup Cost": 0.0, "Total Cost": 0.87, "Plan Rows": 9, "Plan Width": 16, "Index Cond": "(l_orderkey = orders.o_orderkey)"}]}]}]}]}, "Unique SQL Id": 1915754155, "Planner Runtime": 1}, "explain_analyze_plan": {"Plan": {"Node Type": "Limit", "Startup Cost": 3874068.21, "Total Cost": 3874068.46, "Plan Rows": 100, "Plan Width": 59, "Actual Startup Time": 50695.002, "Actual Total Time": 50695.017, "Actual Rows": 84, "Actual Loops": 1, "Plans": [{"Node Type": "Sort", "Parent Relationship": "Outer", "Startup Cost": 3874068.21, "Total Cost": 3874384.02, "Plan Rows": 100, "Plan Width": 59, "Actual Startup Time": 50695.0, "Actual Total Time": 50695.004, "Actual Rows": 84, "Actual Loops": 1, "Sort Key": ["orders.o_totalprice DESC", "orders.o_orderdate"], "Sort Method": "quicksort", "Sort Space Used": 38, "Sort Space Type": "Memory", "Plans": [{"Node Type": "Aggregate", "Strategy": "Hashed", "Parent Relationship": "Outer", "Startup Cost": 3867977.11, "Total Cost": 3869240.32, "Plan Rows": 126321, "Plan Width": 59, "Actual Startup Time": 50694.487, "Actual Total Time": 50694.852, "Actual Rows": 84, "Actual Loops": 1, "Group By Key": ["orders.o_totalprice", "orders.o_orderdate", "customer.c_name", "customer.c_custkey", "orders.o_orderkey"], "Plans": [{"Node Type": "Nested Loop", "Parent Relationship": "Outer", "Join Type": "Inner", "Startup Cost": 0.0, "Total Cost": 3866082.29, "Plan Rows": 126321, "Plan Width": 59, "Actual Startup Time": 1159.494, "Actual Total Time": 50691.109, "Actual Rows": 588, "Actual Loops": 1, "Inner Unique": false, "Plans": [{"Node Type": "Nested Loop", "Parent Relationship": "Outer", "Join Type": "Inner", "Startup Cost": 0.0, "Total Cost": 3852738.51, "Plan Rows": 13913, "Plan Width": 59, "Actual Startup Time": 1159.473, "Actual Total Time": 50688.867, "Actual Rows": 84, "Actual Loops": 1, "Inner Unique": true, "Plans": [{"Node Type": "Nested Loop", "Parent Relationship": "Outer", "Join Type": "Inner", "Startup Cost": 0.0, "Total Cost": 3843115.38, "Plan Rows": 33034, "Plan Width": 40, "Actual Startup Time": 1159.448, "Actual Total Time": 50687.006, "Actual Rows": 84, "Actual Loops": 1, "Inner Unique": true, "Plans": [{"Node Type": "Aggregate", "Strategy": "Sorted", "Parent Relationship": "Outer", "Startup Cost": 0.0, "Total Cost": 3606239.52, "Plan Rows": 33034, "Plan Width": 24, "Actual Startup Time": 1159.408, "Actual Total Time": 50684.063, "Actual Rows": 84, "Actual Loops": 1, "Group By Key": ["public.lineitem.l_orderkey"], "Filter": "(sum(public.lineitem.l_quantity) > 314::double precision), (LLVM Optimized, Jit Execute)", "Rows Removed by Filter": 14999916, "Plans": [{"Node Type": "Index Scan", "Parent Relationship": "Outer", "Scan Direction": "Forward", "Index Name": "idx_lineitem_orderkey", "Relation Name": "lineitem", "Alias": "lineitem", "Startup Cost": 0.0, "Total Cost": 3240153.75, "Plan Rows": 59987033, "Plan Width": 16, "Actual Startup Time": 0.029, "Actual Total Time": 30275.076, "Actual Rows": 59986052, "Actual Loops": 1}]}, {"Node Type": "Index Scan", "Parent Relationship": "Inner", "Scan Direction": "Forward", "Index Name": "orders_pkey", "Relation Name": "orders", "Alias": "orders", "Startup Cost": 0.0, "Total Cost": 7.15, "Plan Rows": 1, "Plan Width": 32, "Actual Startup Time": 1.994, "Actual Total Time": 1.994, "Actual Rows": 84, "Actual Loops": 84, "Index Cond": "(o_orderkey = public.lineitem.l_orderkey)", "Rows Removed by Index Recheck": 0}]}, {"Node Type": "Index Scan", "Parent Relationship": "Inner", "Scan Direction": "Forward", "Index Name": "customer_pkey", "Relation Name": "customer", "Alias": "customer", "Startup Cost": 0.0, "Total Cost": 0.28, "Plan Rows": 1, "Plan Width": 27, "Actual Startup Time": 1.278, "Actual Total Time": 1.278, "Actual Rows": 84, "Actual Loops": 84, "Index Cond": "(c_custkey = orders.o_custkey)", "Rows Removed by Index Recheck": 0}]}, {"Node Type": "Index Scan", "Parent Relationship": "Inner", "Scan Direction": "Forward", "Index Name": "idx_lineitem_orderkey", "Relation Name": "lineitem", "Alias": "lineitem", "Startup Cost": 0.0, "Total Cost": 0.87, "Plan Rows": 9, "Plan Width": 16, "Actual Startup Time": 0.938, "Actual Total Time": 1.562, "Actual Rows": 588, "Actual Loops": 84, "Index Cond": "(l_orderkey = orders.o_orderkey)", "Rows Removed by Index Recheck": 0}]}]}]}]}, "Triggers": [], "Planner Runtime": 1.698, "Total Runtime": 50704.506, "Unique SQL Id": 1915754155}}, "(1, '74')": {"explain_plan": {"Plan": {"Node Type": "Limit", "Startup Cost": 5166300.38, "Total Cost": 5166300.63, "Plan Rows": 100, "Plan Width": 59, "Plans": [{"Node Type": "Sort", "Parent Relationship": "Outer", "Startup Cost": 5166300.38, "Total Cost": 5166616.18, "Plan Rows": 100, "Plan Width": 59, "Sort Key": ["orders.o_totalprice DESC", "orders.o_orderdate"], "Plans": [{"Node Type": "Aggregate", "Strategy": "Hashed", "Parent Relationship": "Outer", "Startup Cost": 5160209.27, "Total Cost": 5161472.48, "Plan Rows": 126321, "Plan Width": 59, "Group By Key": ["orders.o_totalprice", "orders.o_orderdate", "customer.c_name", "customer.c_custkey", "orders.o_orderkey"], "Plans": [{"Node Type": "Hash Join", "Parent Relationship": "Outer", "Join Type": "Inner", "Startup Cost": 2917691.33, "Total Cost": 5158314.46, "Plan Rows": 126321, "Plan Width": 59, "Inner Unique": false, "Hash Cond": "(public.lineitem.l_orderkey = orders.o_orderkey), (LLVM Optimized)", "Plans": [{"Node Type": "Seq Scan", "Parent Relationship": "Outer", "Relation Name": "lineitem", "Alias": "lineitem", "Startup Cost": 0.0, "Total Cost": 2015115.33, "Plan Rows": 59987033, "Plan Width": 16}, {"Node Type": "Hash", "Parent Relationship": "Inner", "Startup Cost": 2917517.42, "Total Cost": 2917517.42, "Plan Rows": 13913, "Plan Width": 59, "Plans": [{"Node Type": "Hash Join", "Parent Relationship": "Outer", "Join Type": "Inner", "Startup Cost": 2452820.37, "Total Cost": 2917517.42, "Plan Rows": 13913, "Plan Width": 59, "Inner Unique": true, "Hash Cond": "(orders.o_custkey = customer.c_custkey)", "Plans": [{"Node Type": "Hash Join", "Parent Relationship": "Outer", "Join Type": "Inner", "Startup Cost": 2381944.37, "Total Cost": 2846187.2, "Plan Rows": 33034, "Plan Width": 40, "Inner Unique": true, "Hash Cond": "(orders.o_orderkey = public.lineitem.l_orderkey)", "Plans": [{"Node Type": "Seq Scan", "Parent Relationship": "Outer", "Relation Name": "orders", "Alias": "orders", "Startup Cost": 0.0, "Total Cost": 426413.79, "Plan Rows": 14999479, "Plan Width": 32}, {"Node Type": "Hash", "Parent Relationship": "Inner", "Startup Cost": 2381531.45, "Total Cost": 2381531.45, "Plan Rows": 33034, "Plan Width": 8, "Plans": [{"Node Type": "Aggregate", "Strategy": "Hashed", "Parent Relationship": "Outer", "Startup Cost": 2315050.5, "Total Cost": 2381201.11, "Plan Rows": 33034, "Plan Width": 16, "Group By Key": ["public.lineitem.l_orderkey"], "Filter": "(sum(public.lineitem.l_quantity) > 314::double precision), (LLVM Optimized)", "Plans": [{"Node Type": "Seq Scan", "Parent Relationship": "Outer", "Relation Name": "lineitem", "Alias": "lineitem", "Startup Cost": 0.0, "Total Cost": 2015115.33, "Plan Rows": 59987033, "Plan Width": 16}]}]}]}, {"Node Type": "Hash", "Parent Relationship": "Inner", "Startup Cost": 52126.0, "Total Cost": 52126.0, "Plan Rows": 1500000, "Plan Width": 27, "Plans": [{"Node Type": "Seq Scan", "Parent Relationship": "Outer", "Relation Name": "customer", "Alias": "customer", "Startup Cost": 0.0, "Total Cost": 52126.0, "Plan Rows": 1500000, "Plan Width": 27}]}]}]}]}]}]}]}, "Unique SQL Id": 1915754155, "Planner Runtime": 2}, "explain_analyze_plan": {"Plan": {"Node Type": "Limit", "Startup Cost": 5166300.38, "Total Cost": 5166300.63, "Plan Rows": 100, "Plan Width": 59, "Actual Startup Time": 89037.107, "Actual Total Time": 89037.126, "Actual Rows": 84, "Actual Loops": 1, "Plans": [{"Node Type": "Sort", "Parent Relationship": "Outer", "Startup Cost": 5166300.38, "Total Cost": 5166616.18, "Plan Rows": 100, "Plan Width": 59, "Actual Startup Time": 89037.105, "Actual Total Time": 89037.108, "Actual Rows": 84, "Actual Loops": 1, "Sort Key": ["orders.o_totalprice DESC", "orders.o_orderdate"], "Sort Method": "quicksort", "Sort Space Used": 38, "Sort Space Type": "Memory", "Plans": [{"Node Type": "Aggregate", "Strategy": "Hashed", "Parent Relationship": "Outer", "Startup Cost": 5160209.27, "Total Cost": 5161472.48, "Plan Rows": 126321, "Plan Width": 59, "Actual Startup Time": 89036.695, "Actual Total Time": 89036.991, "Actual Rows": 84, "Actual Loops": 1, "Group By Key": ["orders.o_totalprice", "orders.o_orderdate", "customer.c_name", "customer.c_custkey", "orders.o_orderkey"], "Plans": [{"Node Type": "Hash Join", "Parent Relationship": "Outer", "Join Type": "Inner", "Startup Cost": 2917691.33, "Total Cost": 5158314.46, "Plan Rows": 126321, "Plan Width": 59, "Actual Startup Time": 61203.999, "Actual Total Time": 89033.999, "Actual Rows": 588, "Actual Loops": 1, "Inner Unique": false, "Hash Cond": "(public.lineitem.l_orderkey = orders.o_orderkey), (LLVM Optimized, Jit Execute)", "Plans": [{"Node Type": "Seq Scan", "Parent Relationship": "Outer", "Relation Name": "lineitem", "Alias": "lineitem", "Startup Cost": 0.0, "Total Cost": 2015115.33, "Plan Rows": 59987033, "Plan Width": 16, "Actual Startup Time": 0.017, "Actual Total Time": 17301.556, "Actual Rows": 59986052, "Actual Loops": 1}, {"Node Type": "Hash", "Parent Relationship": "Inner", "Startup Cost": 2917517.42, "Total Cost": 2917517.42, "Plan Rows": 13913, "Plan Width": 59, "Actual Startup Time": 60623.935, "Actual Total Time": 60623.935, "Actual Rows": 84, "Actual Loops": 1, "Hash Buckets": 32768, "Hash Batches": 1, "Original Hash Batches": 1, "Peak Memory Usage": 8, "Plans": [{"Node Type": "Hash Join", "Parent Relationship": "Outer", "Join Type": "Inner", "Startup Cost": 2452820.37, "Total Cost": 2917517.42, "Plan Rows": 13913, "Plan Width": 59, "Actual Startup Time": 53663.979, "Actual Total Time": 60623.63, "Actual Rows": 84, "Actual Loops": 1, "Inner Unique": true, "Hash Cond": "(orders.o_custkey = customer.c_custkey)", "Plans": [{"Node Type": "Hash Join", "Parent Relationship": "Outer", "Join Type": "Inner", "Startup Cost": 2381944.37, "Total Cost": 2846187.2, "Plan Rows": 33034, "Plan Width": 40, "Actual Startup Time": 52633.277, "Actual Total Time": 59591.763, "Actual Rows": 84, "Actual Loops": 1, "Inner Unique": true, "Hash Cond": "(orders.o_orderkey = public.lineitem.l_orderkey)", "Plans": [{"Node Type": "Seq Scan", "Parent Relationship": "Outer", "Relation Name": "orders", "Alias": "orders", "Startup Cost": 0.0, "Total Cost": 426413.79, "Plan Rows": 14999479, "Plan Width": 32, "Actual Startup Time": 0.016, "Actual Total Time": 3989.93, "Actual Rows": 15000000, "Actual Loops": 1}, {"Node Type": "Hash", "Parent Relationship": "Inner", "Startup Cost": 2381531.45, "Total Cost": 2381531.45, "Plan Rows": 33034, "Plan Width": 8, "Actual Startup Time": 52471.707, "Actual Total Time": 52471.707, "Actual Rows": 84, "Actual Loops": 1, "Hash Buckets": 65536, "Hash Batches": 1, "Original Hash Batches": 1, "Peak Memory Usage": 4, "Plans": [{"Node Type": "Aggregate", "Strategy": "Hashed", "Parent Relationship": "Outer", "Startup Cost": 2315050.5, "Total Cost": 2381201.11, "Plan Rows": 33034, "Plan Width": 16, "Actual Startup Time": 46371.321, "Actual Total Time": 52471.276, "Actual Rows": 84, "Actual Loops": 1, "Group By Key": ["public.lineitem.l_orderkey"], "Filter": "(sum(public.lineitem.l_quantity) > 314::double precision), (LLVM Optimized, Jit Execute)", "Rows Removed by Filter": 14999916, "Plans": [{"Node Type": "Seq Scan", "Parent Relationship": "Outer", "Relation Name": "lineitem", "Alias": "lineitem", "Startup Cost": 0.0, "Total Cost": 2015115.33, "Plan Rows": 59987033, "Plan Width": 16, "Actual Startup Time": 0.041, "Actual Total Time": 20225.989, "Actual Rows": 59986052, "Actual Loops": 1}]}]}]}, {"Node Type": "Hash", "Parent Relationship": "Inner", "Startup Cost": 52126.0, "Total Cost": 52126.0, "Plan Rows": 1500000, "Plan Width": 27, "Actual Startup Time": 1029.308, "Actual Total Time": 1029.308, "Actual Rows": 1500000, "Actual Loops": 1, "Hash Buckets": 2097152, "Hash Batches": 1, "Original Hash Batches": 1, "Peak Memory Usage": 93750, "Plans": [{"Node Type": "Seq Scan", "Parent Relationship": "Outer", "Relation Name": "customer", "Alias": "customer", "Startup Cost": 0.0, "Total Cost": 52126.0, "Plan Rows": 1500000, "Plan Width": 27, "Actual Startup Time": 0.016, "Actual Total Time": 529.594, "Actual Rows": 1500000, "Actual Loops": 1}]}]}]}]}]}]}]}, "Triggers": [], "Planner Runtime": 1.647, "Total Runtime": 89046.62, "Unique SQL Id": 1915754155}}, "(1, '75')": {"explain_plan": {"Plan": {"Node Type": "Limit", "Startup Cost": 4000696775769.51, "Total Cost": 4000696775769.76, "Plan Rows": 100, "Plan Width": 59, "Plans": [{"Node Type": "Sort", "Parent Relationship": "Outer", "Startup Cost": 4000696775769.51, "Total Cost": 4000696776085.32, "Plan Rows": 100, "Plan Width": 59, "Sort Key": ["orders.o_totalprice DESC", "orders.o_orderdate"], "Plans": [{"Node Type": "Aggregate", "Strategy": "Hashed", "Parent Relationship": "Outer", "Startup Cost": 4000696769678.4, "Total Cost": 4000696770941.61, "Plan Rows": 126321, "Plan Width": 59, "Group By Key": ["orders.o_totalprice", "orders.o_orderdate", "customer.c_name", "customer.c_custkey", "orders.o_orderkey"], "Plans": [{"Node Type": "Hash Join", "Parent Relationship": "Outer", "Join Type": "Inner", "Startup Cost": 1030044465235.38, "Total Cost": 4000696767783.59, "Plan Rows": 126321, "Plan Width": 59, "Inner Unique": true, "Hash Cond": "(orders.o_custkey = customer.c_custkey), (LLVM Optimized)", "Plans": [{"Node Type": "Merge Join", "Parent Relationship": "Outer", "Join Type": "Inner", "Startup Cost": 30036369949.75, "Total Cost": 3000688671342.95, "Plan Rows": 132112, "Plan Width": 40, "Inner Unique": true, "Merge Cond": "(public.lineitem.l_orderkey = orders.o_orderkey)", "Plans": [{"Node Type": "Merge Join", "Parent Relationship": "Outer", "Join Type": "Inner", "Startup Cost": 20000000000.0, "Total Cost": 2000648550214.64, "Plan Rows": 299935, "Plan Width": 24, "Inner Unique": false, "Merge Cond": "(public.lineitem.l_orderkey = public.lineitem.l_orderkey)", "Plans": [{"Node Type": "Aggregate", "Strategy": "Sorted", "Parent Relationship": "Outer", "Startup Cost": 10000000000.0, "Total Cost": 1000324381460.28, "Plan Rows": 33034, "Plan Width": 24, "Group By Key": ["public.lineitem.l_orderkey"], "Filter": "(sum(public.lineitem.l_quantity) > 314::double precision), (LLVM Optimized)", "Plans": [{"Node Type": "Index Scan", "Parent Relationship": "Outer", "Scan Direction": "Forward", "Index Name": "idx_lineitem_orderkey", "Relation Name": "lineitem", "Alias": "lineitem", "Startup Cost": 10000000000.0, "Total Cost": 1000324015374.5, "Plan Rows": 59987033, "Plan Width": 16}]}, {"Node Type": "Index Scan", "Parent Relationship": "Inner", "Scan Direction": "Forward", "Index Name": "idx_lineitem_orderkey", "Relation Name": "lineitem", "Alias": "lineitem", "Startup Cost": 10000000000.0, "Total Cost": 1000324015374.5, "Plan Rows": 59987033, "Plan Width": 16}]}, {"Node Type": "Index Scan", "Parent Relationship": "Inner", "Scan Direction": "Forward", "Index Name": "orders_pkey", "Relation Name": "orders", "Alias": "orders", "Startup Cost": 10000000000.0, "Total Cost": 1000073097843.5, "Plan Rows": 14999479, "Plan Width": 32}]}, {"Node Type": "Hash", "Parent Relationship": "Inner", "Startup Cost": 1000008076535.62, "Total Cost": 1000008076535.62, "Plan Rows": 1500000, "Plan Width": 27, "Plans": [{"Node Type": "Index Scan", "Parent Relationship": "Outer", "Scan Direction": "Forward", "Index Name": "customer_pkey", "Relation Name": "customer", "Alias": "customer", "Startup Cost": 10000000000.0, "Total Cost": 1000008076535.62, "Plan Rows": 1500000, "Plan Width": 27}]}]}]}]}]}, "Unique SQL Id": 1915754155, "Planner Runtime": 2}, "explain_analyze_plan": null}, "(1, '76')": {"explain_plan": {"Plan": {"Node Type": "Limit", "Startup Cost": 2649029.8, "Total Cost": 2649030.05, "Plan Rows": 100, "Plan Width": 59, "Plans": [{"Node Type": "Sort", "Parent Relationship": "Outer", "Startup Cost": 2649029.8, "Total Cost": 2649345.6, "Plan Rows": 100, "Plan Width": 59, "Sort Key": ["orders.o_totalprice DESC", "orders.o_orderdate"], "Plans": [{"Node Type": "Aggregate", "Strategy": "Hashed", "Parent Relationship": "Outer", "Startup Cost": 2642938.69, "Total Cost": 2644201.9, "Plan Rows": 126321, "Plan Width": 59, "Group By Key": ["orders.o_totalprice", "orders.o_orderdate", "customer.c_name", "customer.c_custkey", "orders.o_orderkey"], "Plans": [{"Node Type": "Nested Loop", "Parent Relationship": "Outer", "Join Type": "Inner", "Startup Cost": 2315050.5, "Total Cost": 2641043.88, "Plan Rows": 126321, "Plan Width": 59, "Inner Unique": false, "Plans": [{"Node Type": "Nested Loop", "Parent Relationship": "Outer", "Join Type": "Inner", "Startup Cost": 2315050.5, "Total Cost": 2627700.1, "Plan Rows": 13913, "Plan Width": 59, "Inner Unique": true, "Plans": [{"Node Type": "Nested Loop", "Parent Relationship": "Outer", "Join Type": "Inner", "Startup Cost": 2315050.5, "Total Cost": 2618076.97, "Plan Rows": 33034, "Plan Width": 40, "Inner Unique": true, "Plans": [{"Node Type": "Aggregate", "Strategy": "Hashed", "Parent Relationship": "Outer", "Startup Cost": 2315050.5, "Total Cost": 2381201.11, "Plan Rows": 33034, "Plan Width": 16, "Group By Key": ["public.lineitem.l_orderkey"], "Filter": "(sum(public.lineitem.l_quantity) > 314::double precision), (LLVM Optimized)", "Plans": [{"Node Type": "Seq Scan", "Parent Relationship": "Outer", "Relation Name": "lineitem", "Alias": "lineitem", "Startup Cost": 0.0, "Total Cost": 2015115.33, "Plan Rows": 59987033, "Plan Width": 16}]}, {"Node Type": "Index Scan", "Parent Relationship": "Inner", "Scan Direction": "Forward", "Index Name": "orders_pkey", "Relation Name": "orders", "Alias": "orders", "Startup Cost": 0.0, "Total Cost": 7.15, "Plan Rows": 1, "Plan Width": 32, "Index Cond": "(o_orderkey = public.lineitem.l_orderkey)"}]}, {"Node Type": "Index Scan", "Parent Relationship": "Inner", "Scan Direction": "Forward", "Index Name": "customer_pkey", "Relation Name": "customer", "Alias": "customer", "Startup Cost": 0.0, "Total Cost": 0.28, "Plan Rows": 1, "Plan Width": 27, "Index Cond": "(c_custkey = orders.o_custkey)"}]}, {"Node Type": "Index Scan", "Parent Relationship": "Inner", "Scan Direction": "Forward", "Index Name": "idx_lineitem_orderkey", "Relation Name": "lineitem", "Alias": "lineitem", "Startup Cost": 0.0, "Total Cost": 0.87, "Plan Rows": 9, "Plan Width": 16, "Index Cond": "(l_orderkey = orders.o_orderkey)"}]}]}]}]}, "Unique SQL Id": 1915754155, "Planner Runtime": 2}, "explain_analyze_plan": {"Plan": {"Node Type": "Limit", "Startup Cost": 2649029.8, "Total Cost": 2649030.05, "Plan Rows": 100, "Plan Width": 59, "Actual Startup Time": 51129.008, "Actual Total Time": 51129.027, "Actual Rows": 84, "Actual Loops": 1, "Plans": [{"Node Type": "Sort", "Parent Relationship": "Outer", "Startup Cost": 2649029.8, "Total Cost": 2649345.6, "Plan Rows": 100, "Plan Width": 59, "Actual Startup Time": 51129.006, "Actual Total Time": 51129.015, "Actual Rows": 84, "Actual Loops": 1, "Sort Key": ["orders.o_totalprice DESC", "orders.o_orderdate"], "Sort Method": "quicksort", "Sort Space Used": 38, "Sort Space Type": "Memory", "Plans": [{"Node Type": "Aggregate", "Strategy": "Hashed", "Parent Relationship": "Outer", "Startup Cost": 2642938.69, "Total Cost": 2644201.9, "Plan Rows": 126321, "Plan Width": 59, "Actual Startup Time": 51128.213, "Actual Total Time": 51128.889, "Actual Rows": 84, "Actual Loops": 1, "Group By Key": ["orders.o_totalprice", "orders.o_orderdate", "customer.c_name", "customer.c_custkey", "orders.o_orderkey"], "Plans": [{"Node Type": "Nested Loop", "Parent Relationship": "Outer", "Join Type": "Inner", "Startup Cost": 2315050.5, "Total Cost": 2641043.88, "Plan Rows": 126321, "Plan Width": 59, "Actual Startup Time": 46173.798, "Actual Total Time": 51126.311, "Actual Rows": 588, "Actual Loops": 1, "Inner Unique": false, "Plans": [{"Node Type": "Nested Loop", "Parent Relationship": "Outer", "Join Type": "Inner", "Startup Cost": 2315050.5, "Total Cost": 2627700.1, "Plan Rows": 13913, "Plan Width": 59, "Actual Startup Time": 46173.775, "Actual Total Time": 51124.263, "Actual Rows": 84, "Actual Loops": 1, "Inner Unique": true, "Plans": [{"Node Type": "Nested Loop", "Parent Relationship": "Outer", "Join Type": "Inner", "Startup Cost": 2315050.5, "Total Cost": 2618076.97, "Plan Rows": 33034, "Plan Width": 40, "Actual Startup Time": 46173.751, "Actual Total Time": 51122.995, "Actual Rows": 84, "Actual Loops": 1, "Inner Unique": true, "Plans": [{"Node Type": "Aggregate", "Strategy": "Hashed", "Parent Relationship": "Outer", "Startup Cost": 2315050.5, "Total Cost": 2381201.11, "Plan Rows": 33034, "Plan Width": 16, "Actual Startup Time": 46173.686, "Actual Total Time": 51106.177, "Actual Rows": 84, "Actual Loops": 1, "Group By Key": ["public.lineitem.l_orderkey"], "Filter": "(sum(public.lineitem.l_quantity) > 314::double precision), (LLVM Optimized, Jit Execute)", "Rows Removed by Filter": 14999916, "Plans": [{"Node Type": "Seq Scan", "Parent Relationship": "Outer", "Relation Name": "lineitem", "Alias": "lineitem", "Startup Cost": 0.0, "Total Cost": 2015115.33, "Plan Rows": 59987033, "Plan Width": 16, "Actual Startup Time": 0.043, "Actual Total Time": 19975.008, "Actual Rows": 59986052, "Actual Loops": 1}]}, {"Node Type": "Index Scan", "Parent Relationship": "Inner", "Scan Direction": "Forward", "Index Name": "orders_pkey", "Relation Name": "orders", "Alias": "orders", "Startup Cost": 0.0, "Total Cost": 7.15, "Plan Rows": 1, "Plan Width": 32, "Actual Startup Time": 2.93, "Actual Total Time": 2.93, "Actual Rows": 84, "Actual Loops": 84, "Index Cond": "(o_orderkey = public.lineitem.l_orderkey)", "Rows Removed by Index Recheck": 0}]}, {"Node Type": "Index Scan", "Parent Relationship": "Inner", "Scan Direction": "Forward", "Index Name": "customer_pkey", "Relation Name": "customer", "Alias": "customer", "Startup Cost": 0.0, "Total Cost": 0.28, "Plan Rows": 1, "Plan Width": 27, "Actual Startup Time": 0.906, "Actual Total Time": 0.906, "Actual Rows": 84, "Actual Loops": 84, "Index Cond": "(c_custkey = orders.o_custkey)", "Rows Removed by Index Recheck": 0}]}, {"Node Type": "Index Scan", "Parent Relationship": "Inner", "Scan Direction": "Forward", "Index Name": "idx_lineitem_orderkey", "Relation Name": "lineitem", "Alias": "lineitem", "Startup Cost": 0.0, "Total Cost": 0.87, "Plan Rows": 9, "Plan Width": 16, "Actual Startup Time": 1.165, "Actual Total Time": 1.622, "Actual Rows": 588, "Actual Loops": 84, "Index Cond": "(l_orderkey = orders.o_orderkey)", "Rows Removed by Index Recheck": 0}]}]}]}]}, "Triggers": [], "Planner Runtime": 1.711, "Total Runtime": 51138.586, "Unique SQL Id": 1915754155}}, "(1, '77')": {"explain_plan": {"Plan": {"Node Type": "Limit", "Startup Cost": 3874068.21, "Total Cost": 3874068.46, "Plan Rows": 100, "Plan Width": 59, "Plans": [{"Node Type": "Sort", "Parent Relationship": "Outer", "Startup Cost": 3874068.21, "Total Cost": 3874384.02, "Plan Rows": 100, "Plan Width": 59, "Sort Key": ["orders.o_totalprice DESC", "orders.o_orderdate"], "Plans": [{"Node Type": "Aggregate", "Strategy": "Hashed", "Parent Relationship": "Outer", "Startup Cost": 3867977.11, "Total Cost": 3869240.32, "Plan Rows": 126321, "Plan Width": 59, "Group By Key": ["orders.o_totalprice", "orders.o_orderdate", "customer.c_name", "customer.c_custkey", "orders.o_orderkey"], "Plans": [{"Node Type": "Nested Loop", "Parent Relationship": "Outer", "Join Type": "Inner", "Startup Cost": 0.0, "Total Cost": 3866082.29, "Plan Rows": 126321, "Plan Width": 59, "Inner Unique": false, "Plans": [{"Node Type": "Nested Loop", "Parent Relationship": "Outer", "Join Type": "Inner", "Startup Cost": 0.0, "Total Cost": 3852738.51, "Plan Rows": 13913, "Plan Width": 59, "Inner Unique": true, "Plans": [{"Node Type": "Nested Loop", "Parent Relationship": "Outer", "Join Type": "Inner", "Startup Cost": 0.0, "Total Cost": 3843115.38, "Plan Rows": 33034, "Plan Width": 40, "Inner Unique": true, "Plans": [{"Node Type": "Aggregate", "Strategy": "Sorted", "Parent Relationship": "Outer", "Startup Cost": 0.0, "Total Cost": 3606239.52, "Plan Rows": 33034, "Plan Width": 24, "Group By Key": ["public.lineitem.l_orderkey"], "Filter": "(sum(public.lineitem.l_quantity) > 314::double precision), (LLVM Optimized)", "Plans": [{"Node Type": "Index Scan", "Parent Relationship": "Outer", "Scan Direction": "Forward", "Index Name": "idx_lineitem_orderkey", "Relation Name": "lineitem", "Alias": "lineitem", "Startup Cost": 0.0, "Total Cost": 3240153.75, "Plan Rows": 59987033, "Plan Width": 16}]}, {"Node Type": "Index Scan", "Parent Relationship": "Inner", "Scan Direction": "Forward", "Index Name": "orders_pkey", "Relation Name": "orders", "Alias": "orders", "Startup Cost": 0.0, "Total Cost": 7.15, "Plan Rows": 1, "Plan Width": 32, "Index Cond": "(o_orderkey = public.lineitem.l_orderkey)"}]}, {"Node Type": "Index Scan", "Parent Relationship": "Inner", "Scan Direction": "Forward", "Index Name": "customer_pkey", "Relation Name": "customer", "Alias": "customer", "Startup Cost": 0.0, "Total Cost": 0.28, "Plan Rows": 1, "Plan Width": 27, "Index Cond": "(c_custkey = orders.o_custkey)"}]}, {"Node Type": "Index Scan", "Parent Relationship": "Inner", "Scan Direction": "Forward", "Index Name": "idx_lineitem_orderkey", "Relation Name": "lineitem", "Alias": "lineitem", "Startup Cost": 0.0, "Total Cost": 0.87, "Plan Rows": 9, "Plan Width": 16, "Index Cond": "(l_orderkey = orders.o_orderkey)"}]}]}]}]}, "Unique SQL Id": 1915754155, "Planner Runtime": 1}, "explain_analyze_plan": {"Plan": {"Node Type": "Limit", "Startup Cost": 3874068.21, "Total Cost": 3874068.46, "Plan Rows": 100, "Plan Width": 59, "Actual Startup Time": 50695.002, "Actual Total Time": 50695.017, "Actual Rows": 84, "Actual Loops": 1, "Plans": [{"Node Type": "Sort", "Parent Relationship": "Outer", "Startup Cost": 3874068.21, "Total Cost": 3874384.02, "Plan Rows": 100, "Plan Width": 59, "Actual Startup Time": 50695.0, "Actual Total Time": 50695.004, "Actual Rows": 84, "Actual Loops": 1, "Sort Key": ["orders.o_totalprice DESC", "orders.o_orderdate"], "Sort Method": "quicksort", "Sort Space Used": 38, "Sort Space Type": "Memory", "Plans": [{"Node Type": "Aggregate", "Strategy": "Hashed", "Parent Relationship": "Outer", "Startup Cost": 3867977.11, "Total Cost": 3869240.32, "Plan Rows": 126321, "Plan Width": 59, "Actual Startup Time": 50694.487, "Actual Total Time": 50694.852, "Actual Rows": 84, "Actual Loops": 1, "Group By Key": ["orders.o_totalprice", "orders.o_orderdate", "customer.c_name", "customer.c_custkey", "orders.o_orderkey"], "Plans": [{"Node Type": "Nested Loop", "Parent Relationship": "Outer", "Join Type": "Inner", "Startup Cost": 0.0, "Total Cost": 3866082.29, "Plan Rows": 126321, "Plan Width": 59, "Actual Startup Time": 1159.494, "Actual Total Time": 50691.109, "Actual Rows": 588, "Actual Loops": 1, "Inner Unique": false, "Plans": [{"Node Type": "Nested Loop", "Parent Relationship": "Outer", "Join Type": "Inner", "Startup Cost": 0.0, "Total Cost": 3852738.51, "Plan Rows": 13913, "Plan Width": 59, "Actual Startup Time": 1159.473, "Actual Total Time": 50688.867, "Actual Rows": 84, "Actual Loops": 1, "Inner Unique": true, "Plans": [{"Node Type": "Nested Loop", "Parent Relationship": "Outer", "Join Type": "Inner", "Startup Cost": 0.0, "Total Cost": 3843115.38, "Plan Rows": 33034, "Plan Width": 40, "Actual Startup Time": 1159.448, "Actual Total Time": 50687.006, "Actual Rows": 84, "Actual Loops": 1, "Inner Unique": true, "Plans": [{"Node Type": "Aggregate", "Strategy": "Sorted", "Parent Relationship": "Outer", "Startup Cost": 0.0, "Total Cost": 3606239.52, "Plan Rows": 33034, "Plan Width": 24, "Actual Startup Time": 1159.408, "Actual Total Time": 50684.063, "Actual Rows": 84, "Actual Loops": 1, "Group By Key": ["public.lineitem.l_orderkey"], "Filter": "(sum(public.lineitem.l_quantity) > 314::double precision), (LLVM Optimized, Jit Execute)", "Rows Removed by Filter": 14999916, "Plans": [{"Node Type": "Index Scan", "Parent Relationship": "Outer", "Scan Direction": "Forward", "Index Name": "idx_lineitem_orderkey", "Relation Name": "lineitem", "Alias": "lineitem", "Startup Cost": 0.0, "Total Cost": 3240153.75, "Plan Rows": 59987033, "Plan Width": 16, "Actual Startup Time": 0.029, "Actual Total Time": 30275.076, "Actual Rows": 59986052, "Actual Loops": 1}]}, {"Node Type": "Index Scan", "Parent Relationship": "Inner", "Scan Direction": "Forward", "Index Name": "orders_pkey", "Relation Name": "orders", "Alias": "orders", "Startup Cost": 0.0, "Total Cost": 7.15, "Plan Rows": 1, "Plan Width": 32, "Actual Startup Time": 1.994, "Actual Total Time": 1.994, "Actual Rows": 84, "Actual Loops": 84, "Index Cond": "(o_orderkey = public.lineitem.l_orderkey)", "Rows Removed by Index Recheck": 0}]}, {"Node Type": "Index Scan", "Parent Relationship": "Inner", "Scan Direction": "Forward", "Index Name": "customer_pkey", "Relation Name": "customer", "Alias": "customer", "Startup Cost": 0.0, "Total Cost": 0.28, "Plan Rows": 1, "Plan Width": 27, "Actual Startup Time": 1.278, "Actual Total Time": 1.278, "Actual Rows": 84, "Actual Loops": 84, "Index Cond": "(c_custkey = orders.o_custkey)", "Rows Removed by Index Recheck": 0}]}, {"Node Type": "Index Scan", "Parent Relationship": "Inner", "Scan Direction": "Forward", "Index Name": "idx_lineitem_orderkey", "Relation Name": "lineitem", "Alias": "lineitem", "Startup Cost": 0.0, "Total Cost": 0.87, "Plan Rows": 9, "Plan Width": 16, "Actual Startup Time": 0.938, "Actual Total Time": 1.562, "Actual Rows": 588, "Actual Loops": 84, "Index Cond": "(l_orderkey = orders.o_orderkey)", "Rows Removed by Index Recheck": 0}]}]}]}]}, "Triggers": [], "Planner Runtime": 1.698, "Total Runtime": 50704.506, "Unique SQL Id": 1915754155}}, "(1, '78')": {"explain_plan": {"Plan": {"Node Type": "Limit", "Startup Cost": 5166300.38, "Total Cost": 5166300.63, "Plan Rows": 100, "Plan Width": 59, "Plans": [{"Node Type": "Sort", "Parent Relationship": "Outer", "Startup Cost": 5166300.38, "Total Cost": 5166616.18, "Plan Rows": 100, "Plan Width": 59, "Sort Key": ["orders.o_totalprice DESC", "orders.o_orderdate"], "Plans": [{"Node Type": "Aggregate", "Strategy": "Hashed", "Parent Relationship": "Outer", "Startup Cost": 5160209.27, "Total Cost": 5161472.48, "Plan Rows": 126321, "Plan Width": 59, "Group By Key": ["orders.o_totalprice", "orders.o_orderdate", "customer.c_name", "customer.c_custkey", "orders.o_orderkey"], "Plans": [{"Node Type": "Hash Join", "Parent Relationship": "Outer", "Join Type": "Inner", "Startup Cost": 2917691.33, "Total Cost": 5158314.46, "Plan Rows": 126321, "Plan Width": 59, "Inner Unique": false, "Hash Cond": "(public.lineitem.l_orderkey = orders.o_orderkey), (LLVM Optimized)", "Plans": [{"Node Type": "Seq Scan", "Parent Relationship": "Outer", "Relation Name": "lineitem", "Alias": "lineitem", "Startup Cost": 0.0, "Total Cost": 2015115.33, "Plan Rows": 59987033, "Plan Width": 16}, {"Node Type": "Hash", "Parent Relationship": "Inner", "Startup Cost": 2917517.42, "Total Cost": 2917517.42, "Plan Rows": 13913, "Plan Width": 59, "Plans": [{"Node Type": "Hash Join", "Parent Relationship": "Outer", "Join Type": "Inner", "Startup Cost": 2452820.37, "Total Cost": 2917517.42, "Plan Rows": 13913, "Plan Width": 59, "Inner Unique": true, "Hash Cond": "(orders.o_custkey = customer.c_custkey)", "Plans": [{"Node Type": "Hash Join", "Parent Relationship": "Outer", "Join Type": "Inner", "Startup Cost": 2381944.37, "Total Cost": 2846187.2, "Plan Rows": 33034, "Plan Width": 40, "Inner Unique": true, "Hash Cond": "(orders.o_orderkey = public.lineitem.l_orderkey)", "Plans": [{"Node Type": "Seq Scan", "Parent Relationship": "Outer", "Relation Name": "orders", "Alias": "orders", "Startup Cost": 0.0, "Total Cost": 426413.79, "Plan Rows": 14999479, "Plan Width": 32}, {"Node Type": "Hash", "Parent Relationship": "Inner", "Startup Cost": 2381531.45, "Total Cost": 2381531.45, "Plan Rows": 33034, "Plan Width": 8, "Plans": [{"Node Type": "Aggregate", "Strategy": "Hashed", "Parent Relationship": "Outer", "Startup Cost": 2315050.5, "Total Cost": 2381201.11, "Plan Rows": 33034, "Plan Width": 16, "Group By Key": ["public.lineitem.l_orderkey"], "Filter": "(sum(public.lineitem.l_quantity) > 314::double precision), (LLVM Optimized)", "Plans": [{"Node Type": "Seq Scan", "Parent Relationship": "Outer", "Relation Name": "lineitem", "Alias": "lineitem", "Startup Cost": 0.0, "Total Cost": 2015115.33, "Plan Rows": 59987033, "Plan Width": 16}]}]}]}, {"Node Type": "Hash", "Parent Relationship": "Inner", "Startup Cost": 52126.0, "Total Cost": 52126.0, "Plan Rows": 1500000, "Plan Width": 27, "Plans": [{"Node Type": "Seq Scan", "Parent Relationship": "Outer", "Relation Name": "customer", "Alias": "customer", "Startup Cost": 0.0, "Total Cost": 52126.0, "Plan Rows": 1500000, "Plan Width": 27}]}]}]}]}]}]}]}, "Unique SQL Id": 1915754155, "Planner Runtime": 1}, "explain_analyze_plan": {"Plan": {"Node Type": "Limit", "Startup Cost": 5166300.38, "Total Cost": 5166300.63, "Plan Rows": 100, "Plan Width": 59, "Actual Startup Time": 89037.107, "Actual Total Time": 89037.126, "Actual Rows": 84, "Actual Loops": 1, "Plans": [{"Node Type": "Sort", "Parent Relationship": "Outer", "Startup Cost": 5166300.38, "Total Cost": 5166616.18, "Plan Rows": 100, "Plan Width": 59, "Actual Startup Time": 89037.105, "Actual Total Time": 89037.108, "Actual Rows": 84, "Actual Loops": 1, "Sort Key": ["orders.o_totalprice DESC", "orders.o_orderdate"], "Sort Method": "quicksort", "Sort Space Used": 38, "Sort Space Type": "Memory", "Plans": [{"Node Type": "Aggregate", "Strategy": "Hashed", "Parent Relationship": "Outer", "Startup Cost": 5160209.27, "Total Cost": 5161472.48, "Plan Rows": 126321, "Plan Width": 59, "Actual Startup Time": 89036.695, "Actual Total Time": 89036.991, "Actual Rows": 84, "Actual Loops": 1, "Group By Key": ["orders.o_totalprice", "orders.o_orderdate", "customer.c_name", "customer.c_custkey", "orders.o_orderkey"], "Plans": [{"Node Type": "Hash Join", "Parent Relationship": "Outer", "Join Type": "Inner", "Startup Cost": 2917691.33, "Total Cost": 5158314.46, "Plan Rows": 126321, "Plan Width": 59, "Actual Startup Time": 61203.999, "Actual Total Time": 89033.999, "Actual Rows": 588, "Actual Loops": 1, "Inner Unique": false, "Hash Cond": "(public.lineitem.l_orderkey = orders.o_orderkey), (LLVM Optimized, Jit Execute)", "Plans": [{"Node Type": "Seq Scan", "Parent Relationship": "Outer", "Relation Name": "lineitem", "Alias": "lineitem", "Startup Cost": 0.0, "Total Cost": 2015115.33, "Plan Rows": 59987033, "Plan Width": 16, "Actual Startup Time": 0.017, "Actual Total Time": 17301.556, "Actual Rows": 59986052, "Actual Loops": 1}, {"Node Type": "Hash", "Parent Relationship": "Inner", "Startup Cost": 2917517.42, "Total Cost": 2917517.42, "Plan Rows": 13913, "Plan Width": 59, "Actual Startup Time": 60623.935, "Actual Total Time": 60623.935, "Actual Rows": 84, "Actual Loops": 1, "Hash Buckets": 32768, "Hash Batches": 1, "Original Hash Batches": 1, "Peak Memory Usage": 8, "Plans": [{"Node Type": "Hash Join", "Parent Relationship": "Outer", "Join Type": "Inner", "Startup Cost": 2452820.37, "Total Cost": 2917517.42, "Plan Rows": 13913, "Plan Width": 59, "Actual Startup Time": 53663.979, "Actual Total Time": 60623.63, "Actual Rows": 84, "Actual Loops": 1, "Inner Unique": true, "Hash Cond": "(orders.o_custkey = customer.c_custkey)", "Plans": [{"Node Type": "Hash Join", "Parent Relationship": "Outer", "Join Type": "Inner", "Startup Cost": 2381944.37, "Total Cost": 2846187.2, "Plan Rows": 33034, "Plan Width": 40, "Actual Startup Time": 52633.277, "Actual Total Time": 59591.763, "Actual Rows": 84, "Actual Loops": 1, "Inner Unique": true, "Hash Cond": "(orders.o_orderkey = public.lineitem.l_orderkey)", "Plans": [{"Node Type": "Seq Scan", "Parent Relationship": "Outer", "Relation Name": "orders", "Alias": "orders", "Startup Cost": 0.0, "Total Cost": 426413.79, "Plan Rows": 14999479, "Plan Width": 32, "Actual Startup Time": 0.016, "Actual Total Time": 3989.93, "Actual Rows": 15000000, "Actual Loops": 1}, {"Node Type": "Hash", "Parent Relationship": "Inner", "Startup Cost": 2381531.45, "Total Cost": 2381531.45, "Plan Rows": 33034, "Plan Width": 8, "Actual Startup Time": 52471.707, "Actual Total Time": 52471.707, "Actual Rows": 84, "Actual Loops": 1, "Hash Buckets": 65536, "Hash Batches": 1, "Original Hash Batches": 1, "Peak Memory Usage": 4, "Plans": [{"Node Type": "Aggregate", "Strategy": "Hashed", "Parent Relationship": "Outer", "Startup Cost": 2315050.5, "Total Cost": 2381201.11, "Plan Rows": 33034, "Plan Width": 16, "Actual Startup Time": 46371.321, "Actual Total Time": 52471.276, "Actual Rows": 84, "Actual Loops": 1, "Group By Key": ["public.lineitem.l_orderkey"], "Filter": "(sum(public.lineitem.l_quantity) > 314::double precision), (LLVM Optimized, Jit Execute)", "Rows Removed by Filter": 14999916, "Plans": [{"Node Type": "Seq Scan", "Parent Relationship": "Outer", "Relation Name": "lineitem", "Alias": "lineitem", "Startup Cost": 0.0, "Total Cost": 2015115.33, "Plan Rows": 59987033, "Plan Width": 16, "Actual Startup Time": 0.041, "Actual Total Time": 20225.989, "Actual Rows": 59986052, "Actual Loops": 1}]}]}]}, {"Node Type": "Hash", "Parent Relationship": "Inner", "Startup Cost": 52126.0, "Total Cost": 52126.0, "Plan Rows": 1500000, "Plan Width": 27, "Actual Startup Time": 1029.308, "Actual Total Time": 1029.308, "Actual Rows": 1500000, "Actual Loops": 1, "Hash Buckets": 2097152, "Hash Batches": 1, "Original Hash Batches": 1, "Peak Memory Usage": 93750, "Plans": [{"Node Type": "Seq Scan", "Parent Relationship": "Outer", "Relation Name": "customer", "Alias": "customer", "Startup Cost": 0.0, "Total Cost": 52126.0, "Plan Rows": 1500000, "Plan Width": 27, "Actual Startup Time": 0.016, "Actual Total Time": 529.594, "Actual Rows": 1500000, "Actual Loops": 1}]}]}]}]}]}]}]}, "Triggers": [], "Planner Runtime": 1.647, "Total Runtime": 89046.62, "Unique SQL Id": 1915754155}}, "(1, '79')": {"explain_plan": {"Plan": {"Node Type": "Limit", "Startup Cost": 4000696775769.51, "Total Cost": 4000696775769.76, "Plan Rows": 100, "Plan Width": 59, "Plans": [{"Node Type": "Sort", "Parent Relationship": "Outer", "Startup Cost": 4000696775769.51, "Total Cost": 4000696776085.32, "Plan Rows": 100, "Plan Width": 59, "Sort Key": ["orders.o_totalprice DESC", "orders.o_orderdate"], "Plans": [{"Node Type": "Aggregate", "Strategy": "Hashed", "Parent Relationship": "Outer", "Startup Cost": 4000696769678.4, "Total Cost": 4000696770941.61, "Plan Rows": 126321, "Plan Width": 59, "Group By Key": ["orders.o_totalprice", "orders.o_orderdate", "customer.c_name", "customer.c_custkey", "orders.o_orderkey"], "Plans": [{"Node Type": "Hash Join", "Parent Relationship": "Outer", "Join Type": "Inner", "Startup Cost": 1030044465235.38, "Total Cost": 4000696767783.59, "Plan Rows": 126321, "Plan Width": 59, "Inner Unique": true, "Hash Cond": "(orders.o_custkey = customer.c_custkey), (LLVM Optimized)", "Plans": [{"Node Type": "Merge Join", "Parent Relationship": "Outer", "Join Type": "Inner", "Startup Cost": 30036369949.75, "Total Cost": 3000688671342.95, "Plan Rows": 132112, "Plan Width": 40, "Inner Unique": true, "Merge Cond": "(public.lineitem.l_orderkey = orders.o_orderkey)", "Plans": [{"Node Type": "Merge Join", "Parent Relationship": "Outer", "Join Type": "Inner", "Startup Cost": 20000000000.0, "Total Cost": 2000648550214.64, "Plan Rows": 299935, "Plan Width": 24, "Inner Unique": false, "Merge Cond": "(public.lineitem.l_orderkey = public.lineitem.l_orderkey)", "Plans": [{"Node Type": "Aggregate", "Strategy": "Sorted", "Parent Relationship": "Outer", "Startup Cost": 10000000000.0, "Total Cost": 1000324381460.28, "Plan Rows": 33034, "Plan Width": 24, "Group By Key": ["public.lineitem.l_orderkey"], "Filter": "(sum(public.lineitem.l_quantity) > 314::double precision), (LLVM Optimized)", "Plans": [{"Node Type": "Index Scan", "Parent Relationship": "Outer", "Scan Direction": "Forward", "Index Name": "idx_lineitem_orderkey", "Relation Name": "lineitem", "Alias": "lineitem", "Startup Cost": 10000000000.0, "Total Cost": 1000324015374.5, "Plan Rows": 59987033, "Plan Width": 16}]}, {"Node Type": "Index Scan", "Parent Relationship": "Inner", "Scan Direction": "Forward", "Index Name": "idx_lineitem_orderkey", "Relation Name": "lineitem", "Alias": "lineitem", "Startup Cost": 10000000000.0, "Total Cost": 1000324015374.5, "Plan Rows": 59987033, "Plan Width": 16}]}, {"Node Type": "Index Scan", "Parent Relationship": "Inner", "Scan Direction": "Forward", "Index Name": "orders_pkey", "Relation Name": "orders", "Alias": "orders", "Startup Cost": 10000000000.0, "Total Cost": 1000073097843.5, "Plan Rows": 14999479, "Plan Width": 32}]}, {"Node Type": "Hash", "Parent Relationship": "Inner", "Startup Cost": 1000008076535.62, "Total Cost": 1000008076535.62, "Plan Rows": 1500000, "Plan Width": 27, "Plans": [{"Node Type": "Index Scan", "Parent Relationship": "Outer", "Scan Direction": "Forward", "Index Name": "customer_pkey", "Relation Name": "customer", "Alias": "customer", "Startup Cost": 10000000000.0, "Total Cost": 1000008076535.62, "Plan Rows": 1500000, "Plan Width": 27}]}]}]}]}]}, "Unique SQL Id": 1915754155, "Planner Runtime": 1}, "explain_analyze_plan": null}, "(1, '80')": {"explain_plan": {"Plan": {"Node Type": "Limit", "Startup Cost": 2649029.8, "Total Cost": 2649030.05, "Plan Rows": 100, "Plan Width": 59, "Plans": [{"Node Type": "Sort", "Parent Relationship": "Outer", "Startup Cost": 2649029.8, "Total Cost": 2649345.6, "Plan Rows": 100, "Plan Width": 59, "Sort Key": ["orders.o_totalprice DESC", "orders.o_orderdate"], "Plans": [{"Node Type": "Aggregate", "Strategy": "Hashed", "Parent Relationship": "Outer", "Startup Cost": 2642938.69, "Total Cost": 2644201.9, "Plan Rows": 126321, "Plan Width": 59, "Group By Key": ["orders.o_totalprice", "orders.o_orderdate", "customer.c_name", "customer.c_custkey", "orders.o_orderkey"], "Plans": [{"Node Type": "Nested Loop", "Parent Relationship": "Outer", "Join Type": "Inner", "Startup Cost": 2315050.5, "Total Cost": 2641043.88, "Plan Rows": 126321, "Plan Width": 59, "Inner Unique": false, "Plans": [{"Node Type": "Nested Loop", "Parent Relationship": "Outer", "Join Type": "Inner", "Startup Cost": 2315050.5, "Total Cost": 2627700.1, "Plan Rows": 13913, "Plan Width": 59, "Inner Unique": true, "Plans": [{"Node Type": "Nested Loop", "Parent Relationship": "Outer", "Join Type": "Inner", "Startup Cost": 2315050.5, "Total Cost": 2618076.97, "Plan Rows": 33034, "Plan Width": 40, "Inner Unique": true, "Plans": [{"Node Type": "Aggregate", "Strategy": "Hashed", "Parent Relationship": "Outer", "Startup Cost": 2315050.5, "Total Cost": 2381201.11, "Plan Rows": 33034, "Plan Width": 16, "Group By Key": ["public.lineitem.l_orderkey"], "Filter": "(sum(public.lineitem.l_quantity) > 314::double precision), (LLVM Optimized)", "Plans": [{"Node Type": "Seq Scan", "Parent Relationship": "Outer", "Relation Name": "lineitem", "Alias": "lineitem", "Startup Cost": 0.0, "Total Cost": 2015115.33, "Plan Rows": 59987033, "Plan Width": 16}]}, {"Node Type": "Index Scan", "Parent Relationship": "Inner", "Scan Direction": "Forward", "Index Name": "orders_pkey", "Relation Name": "orders", "Alias": "orders", "Startup Cost": 0.0, "Total Cost": 7.15, "Plan Rows": 1, "Plan Width": 32, "Index Cond": "(o_orderkey = public.lineitem.l_orderkey)"}]}, {"Node Type": "Index Scan", "Parent Relationship": "Inner", "Scan Direction": "Forward", "Index Name": "customer_pkey", "Relation Name": "customer", "Alias": "customer", "Startup Cost": 0.0, "Total Cost": 0.28, "Plan Rows": 1, "Plan Width": 27, "Index Cond": "(c_custkey = orders.o_custkey)"}]}, {"Node Type": "Index Scan", "Parent Relationship": "Inner", "Scan Direction": "Forward", "Index Name": "idx_lineitem_orderkey", "Relation Name": "lineitem", "Alias": "lineitem", "Startup Cost": 0.0, "Total Cost": 0.87, "Plan Rows": 9, "Plan Width": 16, "Index Cond": "(l_orderkey = orders.o_orderkey)"}]}]}]}]}, "Unique SQL Id": 1915754155, "Planner Runtime": 1}, "explain_analyze_plan": {"Plan": {"Node Type": "Limit", "Startup Cost": 2649029.8, "Total Cost": 2649030.05, "Plan Rows": 100, "Plan Width": 59, "Actual Startup Time": 51129.008, "Actual Total Time": 51129.027, "Actual Rows": 84, "Actual Loops": 1, "Plans": [{"Node Type": "Sort", "Parent Relationship": "Outer", "Startup Cost": 2649029.8, "Total Cost": 2649345.6, "Plan Rows": 100, "Plan Width": 59, "Actual Startup Time": 51129.006, "Actual Total Time": 51129.015, "Actual Rows": 84, "Actual Loops": 1, "Sort Key": ["orders.o_totalprice DESC", "orders.o_orderdate"], "Sort Method": "quicksort", "Sort Space Used": 38, "Sort Space Type": "Memory", "Plans": [{"Node Type": "Aggregate", "Strategy": "Hashed", "Parent Relationship": "Outer", "Startup Cost": 2642938.69, "Total Cost": 2644201.9, "Plan Rows": 126321, "Plan Width": 59, "Actual Startup Time": 51128.213, "Actual Total Time": 51128.889, "Actual Rows": 84, "Actual Loops": 1, "Group By Key": ["orders.o_totalprice", "orders.o_orderdate", "customer.c_name", "customer.c_custkey", "orders.o_orderkey"], "Plans": [{"Node Type": "Nested Loop", "Parent Relationship": "Outer", "Join Type": "Inner", "Startup Cost": 2315050.5, "Total Cost": 2641043.88, "Plan Rows": 126321, "Plan Width": 59, "Actual Startup Time": 46173.798, "Actual Total Time": 51126.311, "Actual Rows": 588, "Actual Loops": 1, "Inner Unique": false, "Plans": [{"Node Type": "Nested Loop", "Parent Relationship": "Outer", "Join Type": "Inner", "Startup Cost": 2315050.5, "Total Cost": 2627700.1, "Plan Rows": 13913, "Plan Width": 59, "Actual Startup Time": 46173.775, "Actual Total Time": 51124.263, "Actual Rows": 84, "Actual Loops": 1, "Inner Unique": true, "Plans": [{"Node Type": "Nested Loop", "Parent Relationship": "Outer", "Join Type": "Inner", "Startup Cost": 2315050.5, "Total Cost": 2618076.97, "Plan Rows": 33034, "Plan Width": 40, "Actual Startup Time": 46173.751, "Actual Total Time": 51122.995, "Actual Rows": 84, "Actual Loops": 1, "Inner Unique": true, "Plans": [{"Node Type": "Aggregate", "Strategy": "Hashed", "Parent Relationship": "Outer", "Startup Cost": 2315050.5, "Total Cost": 2381201.11, "Plan Rows": 33034, "Plan Width": 16, "Actual Startup Time": 46173.686, "Actual Total Time": 51106.177, "Actual Rows": 84, "Actual Loops": 1, "Group By Key": ["public.lineitem.l_orderkey"], "Filter": "(sum(public.lineitem.l_quantity) > 314::double precision), (LLVM Optimized, Jit Execute)", "Rows Removed by Filter": 14999916, "Plans": [{"Node Type": "Seq Scan", "Parent Relationship": "Outer", "Relation Name": "lineitem", "Alias": "lineitem", "Startup Cost": 0.0, "Total Cost": 2015115.33, "Plan Rows": 59987033, "Plan Width": 16, "Actual Startup Time": 0.043, "Actual Total Time": 19975.008, "Actual Rows": 59986052, "Actual Loops": 1}]}, {"Node Type": "Index Scan", "Parent Relationship": "Inner", "Scan Direction": "Forward", "Index Name": "orders_pkey", "Relation Name": "orders", "Alias": "orders", "Startup Cost": 0.0, "Total Cost": 7.15, "Plan Rows": 1, "Plan Width": 32, "Actual Startup Time": 2.93, "Actual Total Time": 2.93, "Actual Rows": 84, "Actual Loops": 84, "Index Cond": "(o_orderkey = public.lineitem.l_orderkey)", "Rows Removed by Index Recheck": 0}]}, {"Node Type": "Index Scan", "Parent Relationship": "Inner", "Scan Direction": "Forward", "Index Name": "customer_pkey", "Relation Name": "customer", "Alias": "customer", "Startup Cost": 0.0, "Total Cost": 0.28, "Plan Rows": 1, "Plan Width": 27, "Actual Startup Time": 0.906, "Actual Total Time": 0.906, "Actual Rows": 84, "Actual Loops": 84, "Index Cond": "(c_custkey = orders.o_custkey)", "Rows Removed by Index Recheck": 0}]}, {"Node Type": "Index Scan", "Parent Relationship": "Inner", "Scan Direction": "Forward", "Index Name": "idx_lineitem_orderkey", "Relation Name": "lineitem", "Alias": "lineitem", "Startup Cost": 0.0, "Total Cost": 0.87, "Plan Rows": 9, "Plan Width": 16, "Actual Startup Time": 1.165, "Actual Total Time": 1.622, "Actual Rows": 588, "Actual Loops": 84, "Index Cond": "(l_orderkey = orders.o_orderkey)", "Rows Removed by Index Recheck": 0}]}]}]}]}, "Triggers": [], "Planner Runtime": 1.711, "Total Runtime": 51138.586, "Unique SQL Id": 1915754155}}, "(1, '81')": {"explain_plan": {"Plan": {"Node Type": "Limit", "Startup Cost": 3874068.21, "Total Cost": 3874068.46, "Plan Rows": 100, "Plan Width": 59, "Plans": [{"Node Type": "Sort", "Parent Relationship": "Outer", "Startup Cost": 3874068.21, "Total Cost": 3874384.02, "Plan Rows": 100, "Plan Width": 59, "Sort Key": ["orders.o_totalprice DESC", "orders.o_orderdate"], "Plans": [{"Node Type": "Aggregate", "Strategy": "Hashed", "Parent Relationship": "Outer", "Startup Cost": 3867977.11, "Total Cost": 3869240.32, "Plan Rows": 126321, "Plan Width": 59, "Group By Key": ["orders.o_totalprice", "orders.o_orderdate", "customer.c_name", "customer.c_custkey", "orders.o_orderkey"], "Plans": [{"Node Type": "Nested Loop", "Parent Relationship": "Outer", "Join Type": "Inner", "Startup Cost": 0.0, "Total Cost": 3866082.29, "Plan Rows": 126321, "Plan Width": 59, "Inner Unique": false, "Plans": [{"Node Type": "Nested Loop", "Parent Relationship": "Outer", "Join Type": "Inner", "Startup Cost": 0.0, "Total Cost": 3852738.51, "Plan Rows": 13913, "Plan Width": 59, "Inner Unique": true, "Plans": [{"Node Type": "Nested Loop", "Parent Relationship": "Outer", "Join Type": "Inner", "Startup Cost": 0.0, "Total Cost": 3843115.38, "Plan Rows": 33034, "Plan Width": 40, "Inner Unique": true, "Plans": [{"Node Type": "Aggregate", "Strategy": "Sorted", "Parent Relationship": "Outer", "Startup Cost": 0.0, "Total Cost": 3606239.52, "Plan Rows": 33034, "Plan Width": 24, "Group By Key": ["public.lineitem.l_orderkey"], "Filter": "(sum(public.lineitem.l_quantity) > 314::double precision), (LLVM Optimized)", "Plans": [{"Node Type": "Index Scan", "Parent Relationship": "Outer", "Scan Direction": "Forward", "Index Name": "idx_lineitem_orderkey", "Relation Name": "lineitem", "Alias": "lineitem", "Startup Cost": 0.0, "Total Cost": 3240153.75, "Plan Rows": 59987033, "Plan Width": 16}]}, {"Node Type": "Index Scan", "Parent Relationship": "Inner", "Scan Direction": "Forward", "Index Name": "orders_pkey", "Relation Name": "orders", "Alias": "orders", "Startup Cost": 0.0, "Total Cost": 7.15, "Plan Rows": 1, "Plan Width": 32, "Index Cond": "(o_orderkey = public.lineitem.l_orderkey)"}]}, {"Node Type": "Index Scan", "Parent Relationship": "Inner", "Scan Direction": "Forward", "Index Name": "customer_pkey", "Relation Name": "customer", "Alias": "customer", "Startup Cost": 0.0, "Total Cost": 0.28, "Plan Rows": 1, "Plan Width": 27, "Index Cond": "(c_custkey = orders.o_custkey)"}]}, {"Node Type": "Index Scan", "Parent Relationship": "Inner", "Scan Direction": "Forward", "Index Name": "idx_lineitem_orderkey", "Relation Name": "lineitem", "Alias": "lineitem", "Startup Cost": 0.0, "Total Cost": 0.87, "Plan Rows": 9, "Plan Width": 16, "Index Cond": "(l_orderkey = orders.o_orderkey)"}]}]}]}]}, "Unique SQL Id": 1915754155, "Planner Runtime": 1}, "explain_analyze_plan": {"Plan": {"Node Type": "Limit", "Startup Cost": 3874068.21, "Total Cost": 3874068.46, "Plan Rows": 100, "Plan Width": 59, "Actual Startup Time": 50695.002, "Actual Total Time": 50695.017, "Actual Rows": 84, "Actual Loops": 1, "Plans": [{"Node Type": "Sort", "Parent Relationship": "Outer", "Startup Cost": 3874068.21, "Total Cost": 3874384.02, "Plan Rows": 100, "Plan Width": 59, "Actual Startup Time": 50695.0, "Actual Total Time": 50695.004, "Actual Rows": 84, "Actual Loops": 1, "Sort Key": ["orders.o_totalprice DESC", "orders.o_orderdate"], "Sort Method": "quicksort", "Sort Space Used": 38, "Sort Space Type": "Memory", "Plans": [{"Node Type": "Aggregate", "Strategy": "Hashed", "Parent Relationship": "Outer", "Startup Cost": 3867977.11, "Total Cost": 3869240.32, "Plan Rows": 126321, "Plan Width": 59, "Actual Startup Time": 50694.487, "Actual Total Time": 50694.852, "Actual Rows": 84, "Actual Loops": 1, "Group By Key": ["orders.o_totalprice", "orders.o_orderdate", "customer.c_name", "customer.c_custkey", "orders.o_orderkey"], "Plans": [{"Node Type": "Nested Loop", "Parent Relationship": "Outer", "Join Type": "Inner", "Startup Cost": 0.0, "Total Cost": 3866082.29, "Plan Rows": 126321, "Plan Width": 59, "Actual Startup Time": 1159.494, "Actual Total Time": 50691.109, "Actual Rows": 588, "Actual Loops": 1, "Inner Unique": false, "Plans": [{"Node Type": "Nested Loop", "Parent Relationship": "Outer", "Join Type": "Inner", "Startup Cost": 0.0, "Total Cost": 3852738.51, "Plan Rows": 13913, "Plan Width": 59, "Actual Startup Time": 1159.473, "Actual Total Time": 50688.867, "Actual Rows": 84, "Actual Loops": 1, "Inner Unique": true, "Plans": [{"Node Type": "Nested Loop", "Parent Relationship": "Outer", "Join Type": "Inner", "Startup Cost": 0.0, "Total Cost": 3843115.38, "Plan Rows": 33034, "Plan Width": 40, "Actual Startup Time": 1159.448, "Actual Total Time": 50687.006, "Actual Rows": 84, "Actual Loops": 1, "Inner Unique": true, "Plans": [{"Node Type": "Aggregate", "Strategy": "Sorted", "Parent Relationship": "Outer", "Startup Cost": 0.0, "Total Cost": 3606239.52, "Plan Rows": 33034, "Plan Width": 24, "Actual Startup Time": 1159.408, "Actual Total Time": 50684.063, "Actual Rows": 84, "Actual Loops": 1, "Group By Key": ["public.lineitem.l_orderkey"], "Filter": "(sum(public.lineitem.l_quantity) > 314::double precision), (LLVM Optimized, Jit Execute)", "Rows Removed by Filter": 14999916, "Plans": [{"Node Type": "Index Scan", "Parent Relationship": "Outer", "Scan Direction": "Forward", "Index Name": "idx_lineitem_orderkey", "Relation Name": "lineitem", "Alias": "lineitem", "Startup Cost": 0.0, "Total Cost": 3240153.75, "Plan Rows": 59987033, "Plan Width": 16, "Actual Startup Time": 0.029, "Actual Total Time": 30275.076, "Actual Rows": 59986052, "Actual Loops": 1}]}, {"Node Type": "Index Scan", "Parent Relationship": "Inner", "Scan Direction": "Forward", "Index Name": "orders_pkey", "Relation Name": "orders", "Alias": "orders", "Startup Cost": 0.0, "Total Cost": 7.15, "Plan Rows": 1, "Plan Width": 32, "Actual Startup Time": 1.994, "Actual Total Time": 1.994, "Actual Rows": 84, "Actual Loops": 84, "Index Cond": "(o_orderkey = public.lineitem.l_orderkey)", "Rows Removed by Index Recheck": 0}]}, {"Node Type": "Index Scan", "Parent Relationship": "Inner", "Scan Direction": "Forward", "Index Name": "customer_pkey", "Relation Name": "customer", "Alias": "customer", "Startup Cost": 0.0, "Total Cost": 0.28, "Plan Rows": 1, "Plan Width": 27, "Actual Startup Time": 1.278, "Actual Total Time": 1.278, "Actual Rows": 84, "Actual Loops": 84, "Index Cond": "(c_custkey = orders.o_custkey)", "Rows Removed by Index Recheck": 0}]}, {"Node Type": "Index Scan", "Parent Relationship": "Inner", "Scan Direction": "Forward", "Index Name": "idx_lineitem_orderkey", "Relation Name": "lineitem", "Alias": "lineitem", "Startup Cost": 0.0, "Total Cost": 0.87, "Plan Rows": 9, "Plan Width": 16, "Actual Startup Time": 0.938, "Actual Total Time": 1.562, "Actual Rows": 588, "Actual Loops": 84, "Index Cond": "(l_orderkey = orders.o_orderkey)", "Rows Removed by Index Recheck": 0}]}]}]}]}, "Triggers": [], "Planner Runtime": 1.698, "Total Runtime": 50704.506, "Unique SQL Id": 1915754155}}, "(1, '82')": {"explain_plan": {"Plan": {"Node Type": "Limit", "Startup Cost": 2838735.63, "Total Cost": 2838735.88, "Plan Rows": 100, "Plan Width": 59, "Plans": [{"Node Type": "Sort", "Parent Relationship": "Outer", "Startup Cost": 2838735.63, "Total Cost": 2839051.44, "Plan Rows": 100, "Plan Width": 59, "Sort Key": ["orders.o_totalprice DESC", "orders.o_orderdate"], "Plans": [{"Node Type": "Aggregate", "Strategy": "Hashed", "Parent Relationship": "Outer", "Startup Cost": 2832644.53, "Total Cost": 2833907.74, "Plan Rows": 126321, "Plan Width": 59, "Group By Key": ["orders.o_totalprice", "orders.o_orderdate", "customer.c_name", "customer.c_custkey", "orders.o_orderkey"], "Plans": [{"Node Type": "Nested Loop", "Parent Relationship": "Outer", "Join Type": "Inner", "Startup Cost": 2315054.5, "Total Cost": 2830749.71, "Plan Rows": 126321, "Plan Width": 59, "Inner Unique": false, "Plans": [{"Node Type": "Nested Loop", "Parent Relationship": "Outer", "Join Type": "Inner", "Startup Cost": 2315054.12, "Total Cost": 2766973.56, "Plan Rows": 13913, "Plan Width": 59, "Inner Unique": true, "Plans": [{"Node Type": "Nested Loop", "Parent Relationship": "Outer", "Join Type": "Inner", "Startup Cost": 2315053.86, "Total Cost": 2625533.23, "Plan Rows": 33034, "Plan Width": 40, "Inner Unique": true, "Plans": [{"Node Type": "Aggregate", "Strategy": "Hashed", "Parent Relationship": "Outer", "Startup Cost": 2315050.5, "Total Cost": 2381201.11, "Plan Rows": 33034, "Plan Width": 16, "Group By Key": ["public.lineitem.l_orderkey"], "Filter": "(sum(public.lineitem.l_quantity) > 314::double precision), (LLVM Optimized)", "Plans": [{"Node Type": "Seq Scan", "Parent Relationship": "Outer", "Relation Name": "lineitem", "Alias": "lineitem", "Startup Cost": 0.0, "Total Cost": 2015115.33, "Plan Rows": 59987033, "Plan Width": 16}]}, {"Node Type": "Bitmap Heap Scan", "Parent Relationship": "Inner", "Relation Name": "orders", "Alias": "orders", "Startup Cost": 3.36, "Total Cost": 7.38, "Plan Rows": 1, "Plan Width": 32, "Recheck Cond": "(o_orderkey = public.lineitem.l_orderkey)", "Plans": [{"Node Type": "Bitmap Index Scan", "Parent Relationship": "Outer", "Index Name": "orders_pkey", "Startup Cost": 0.0, "Total Cost": 3.36, "Plan Rows": 1, "Plan Width": 0, "Index Cond": "(o_orderkey = public.lineitem.l_orderkey)"}]}]}, {"Node Type": "Bitmap Heap Scan", "Parent Relationship": "Inner", "Relation Name": "customer", "Alias": "customer", "Startup Cost": 0.26, "Total Cost": 4.27, "Plan Rows": 1, "Plan Width": 27, "Recheck Cond": "(c_custkey = orders.o_custkey)", "Plans": [{"Node Type": "Bitmap Index Scan", "Parent Relationship": "Outer", "Index Name": "customer_pkey", "Startup Cost": 0.0, "Total Cost": 0.26, "Plan Rows": 1, "Plan Width": 0, "Index Cond": "(c_custkey = orders.o_custkey)"}]}]}, {"Node Type": "Bitmap Heap Scan", "Parent Relationship": "Inner", "Relation Name": "lineitem", "Alias": "lineitem", "Startup Cost": 0.38, "Total Cost": 4.49, "Plan Rows": 9, "Plan Width": 16, "Recheck Cond": "(l_orderkey = orders.o_orderkey)", "Plans": [{"Node Type": "Bitmap Index Scan", "Parent Relationship": "Outer", "Index Name": "idx_lineitem_orderkey", "Startup Cost": 0.0, "Total Cost": 0.38, "Plan Rows": 9, "Plan Width": 0, "Index Cond": "(l_orderkey = orders.o_orderkey)"}]}]}]}]}]}, "Unique SQL Id": 1915754155, "Planner Runtime": 1}, "explain_analyze_plan": {"Plan": {"Node Type": "Limit", "Startup Cost": 2838735.63, "Total Cost": 2838735.88, "Plan Rows": 100, "Plan Width": 59, "Actual Startup Time": 56920.125, "Actual Total Time": 56920.141, "Actual Rows": 84, "Actual Loops": 1, "Plans": [{"Node Type": "Sort", "Parent Relationship": "Outer", "Startup Cost": 2838735.63, "Total Cost": 2839051.44, "Plan Rows": 100, "Plan Width": 59, "Actual Startup Time": 56920.122, "Actual Total Time": 56920.125, "Actual Rows": 84, "Actual Loops": 1, "Sort Key": ["orders.o_totalprice DESC", "orders.o_orderdate"], "Sort Method": "quicksort", "Sort Space Used": 38, "Sort Space Type": "Memory", "Plans": [{"Node Type": "Aggregate", "Strategy": "Hashed", "Parent Relationship": "Outer", "Startup Cost": 2832644.53, "Total Cost": 2833907.74, "Plan Rows": 126321, "Plan Width": 59, "Actual Startup Time": 56919.279, "Actual Total Time": 56920.01, "Actual Rows": 84, "Actual Loops": 1, "Group By Key": ["orders.o_totalprice", "orders.o_orderdate", "customer.c_name", "customer.c_custkey", "orders.o_orderkey"], "Plans": [{"Node Type": "Nested Loop", "Parent Relationship": "Outer", "Join Type": "Inner", "Startup Cost": 2315054.5, "Total Cost": 2830749.71, "Plan Rows": 126321, "Plan Width": 59, "Actual Startup Time": 48330.608, "Actual Total Time": 56917.436, "Actual Rows": 588, "Actual Loops": 1, "Inner Unique": false, "Plans": [{"Node Type": "Nested Loop", "Parent Relationship": "Outer", "Join Type": "Inner", "Startup Cost": 2315054.12, "Total Cost": 2766973.56, "Plan Rows": 13913, "Plan Width": 59, "Actual Startup Time": 48330.561, "Actual Total Time": 56914.137, "Actual Rows": 84, "Actual Loops": 1, "Inner Unique": true, "Plans": [{"Node Type": "Nested Loop", "Parent Relationship": "Outer", "Join Type": "Inner", "Startup Cost": 2315053.86, "Total Cost": 2625533.23, "Plan Rows": 33034, "Plan Width": 40, "Actual Startup Time": 48330.508, "Actual Total Time": 56911.85, "Actual Rows": 84, "Actual Loops": 1, "Inner Unique": true, "Plans": [{"Node Type": "Aggregate", "Strategy": "Hashed", "Parent Relationship": "Outer", "Startup Cost": 2315050.5, "Total Cost": 2381201.11, "Plan Rows": 33034, "Plan Width": 16, "Actual Startup Time": 48330.408, "Actual Total Time": 56891.838, "Actual Rows": 84, "Actual Loops": 1, "Group By Key": ["public.lineitem.l_orderkey"], "Filter": "(sum(public.lineitem.l_quantity) > 314::double precision), (LLVM Optimized, Jit Execute)", "Rows Removed by Filter": 14999916, "Plans": [{"Node Type": "Seq Scan", "Parent Relationship": "Outer", "Relation Name": "lineitem", "Alias": "lineitem", "Startup Cost": 0.0, "Total Cost": 2015115.33, "Plan Rows": 59987033, "Plan Width": 16, "Actual Startup Time": 0.048, "Actual Total Time": 20457.825, "Actual Rows": 59986052, "Actual Loops": 1}]}, {"Node Type": "Bitmap Heap Scan", "Parent Relationship": "Inner", "Relation Name": "orders", "Alias": "orders", "Startup Cost": 3.36, "Total Cost": 7.38, "Plan Rows": 1, "Plan Width": 32, "Actual Startup Time": 3.218, "Actual Total Time": 3.218, "Actual Rows": 84, "Actual Loops": 84, "Recheck Cond": "(o_orderkey = public.lineitem.l_orderkey)", "Rows Removed by Index Recheck": 0, "Exact Heap Blocks": 84, "Lossy Heap Blocks": 84, "Plans": [{"Node Type": "Bitmap Index Scan", "Parent Relationship": "Outer", "Index Name": "orders_pkey", "Startup Cost": 0.0, "Total Cost": 3.36, "Plan Rows": 1, "Plan Width": 0, "Actual Startup Time": 2.15, "Actual Total Time": 2.15, "Actual Rows": 84, "Actual Loops": 84, "Index Cond": "(o_orderkey = public.lineitem.l_orderkey)"}]}]}, {"Node Type": "Bitmap Heap Scan", "Parent Relationship": "Inner", "Relation Name": "customer", "Alias": "customer", "Startup Cost": 0.26, "Total Cost": 4.27, "Plan Rows": 1, "Plan Width": 27, "Actual Startup Time": 1.609, "Actual Total Time": 1.609, "Actual Rows": 84, "Actual Loops": 84, "Recheck Cond": "(c_custkey = orders.o_custkey)", "Rows Removed by Index Recheck": 0, "Exact Heap Blocks": 84, "Lossy Heap Blocks": 84, "Plans": [{"Node Type": "Bitmap Index Scan", "Parent Relationship": "Outer", "Index Name": "customer_pkey", "Startup Cost": 0.0, "Total Cost": 0.26, "Plan Rows": 1, "Plan Width": 0, "Actual Startup Time": 1.008, "Actual Total Time": 1.008, "Actual Rows": 84, "Actual Loops": 84, "Index Cond": "(c_custkey = orders.o_custkey)"}]}]}, {"Node Type": "Bitmap Heap Scan", "Parent Relationship": "Inner", "Relation Name": "lineitem", "Alias": "lineitem", "Startup Cost": 0.38, "Total Cost": 4.49, "Plan Rows": 9, "Plan Width": 16, "Actual Startup Time": 2.263, "Actual Total Time": 2.445, "Actual Rows": 588, "Actual Loops": 84, "Recheck Cond": "(l_orderkey = orders.o_orderkey)", "Rows Removed by Index Recheck": 0, "Exact Heap Blocks": 96, "Lossy Heap Blocks": 96, "Plans": [{"Node Type": "Bitmap Index Scan", "Parent Relationship": "Outer", "Index Name": "idx_lineitem_orderkey", "Startup Cost": 0.0, "Total Cost": 0.38, "Plan Rows": 9, "Plan Width": 0, "Actual Startup Time": 1.423, "Actual Total Time": 1.423, "Actual Rows": 588, "Actual Loops": 84, "Index Cond": "(l_orderkey = orders.o_orderkey)"}]}]}]}]}]}, "Triggers": [], "Planner Runtime": 1.556, "Total Runtime": 56929.516, "Unique SQL Id": 1915754155}}, "(1, '83')": {"explain_plan": {"Plan": {"Node Type": "Limit", "Startup Cost": 1000324838994.8, "Total Cost": 1000324838995.05, "Plan Rows": 100, "Plan Width": 59, "Plans": [{"Node Type": "Sort", "Parent Relationship": "Outer", "Startup Cost": 1000324838994.8, "Total Cost": 1000324839310.61, "Plan Rows": 100, "Plan Width": 59, "Sort Key": ["orders.o_totalprice DESC", "orders.o_orderdate"], "Plans": [{"Node Type": "Aggregate", "Strategy": "Hashed", "Parent Relationship": "Outer", "Startup Cost": 1000324832903.7, "Total Cost": 1000324834166.91, "Plan Rows": 126321, "Plan Width": 59, "Group By Key": ["orders.o_totalprice", "orders.o_orderdate", "customer.c_name", "customer.c_custkey", "orders.o_orderkey"], "Plans": [{"Node Type": "Nested Loop", "Parent Relationship": "Outer", "Join Type": "Inner", "Startup Cost": 10000000004.0, "Total Cost": 1000324831008.88, "Plan Rows": 126321, "Plan Width": 59, "Inner Unique": false, "Plans": [{"Node Type": "Nested Loop", "Parent Relationship": "Outer", "Join Type": "Inner", "Startup Cost": 10000000003.62, "Total Cost": 1000324767232.73, "Plan Rows": 13913, "Plan Width": 59, "Inner Unique": true, "Plans": [{"Node Type": "Nested Loop", "Parent Relationship": "Outer", "Join Type": "Inner", "Startup Cost": 10000000003.36, "Total Cost": 1000324625792.4, "Plan Rows": 33034, "Plan Width": 40, "Inner Unique": true, "Plans": [{"Node Type": "Aggregate", "Strategy": "Sorted", "Parent Relationship": "Outer", "Startup Cost": 10000000000.0, "Total Cost": 1000324381460.28, "Plan Rows": 33034, "Plan Width": 24, "Group By Key": ["public.lineitem.l_orderkey"], "Filter": "(sum(public.lineitem.l_quantity) > 314::double precision), (LLVM Optimized)", "Plans": [{"Node Type": "Index Scan", "Parent Relationship": "Outer", "Scan Direction": "Forward", "Index Name": "idx_lineitem_orderkey", "Relation Name": "lineitem", "Alias": "lineitem", "Startup Cost": 10000000000.0, "Total Cost": 1000324015374.5, "Plan Rows": 59987033, "Plan Width": 16}]}, {"Node Type": "Bitmap Heap Scan", "Parent Relationship": "Inner", "Relation Name": "orders", "Alias": "orders", "Startup Cost": 3.36, "Total Cost": 7.38, "Plan Rows": 1, "Plan Width": 32, "Recheck Cond": "(o_orderkey = public.lineitem.l_orderkey)", "Plans": [{"Node Type": "Bitmap Index Scan", "Parent Relationship": "Outer", "Index Name": "orders_pkey", "Startup Cost": 0.0, "Total Cost": 3.36, "Plan Rows": 1, "Plan Width": 0, "Index Cond": "(o_orderkey = public.lineitem.l_orderkey)"}]}]}, {"Node Type": "Bitmap Heap Scan", "Parent Relationship": "Inner", "Relation Name": "customer", "Alias": "customer", "Startup Cost": 0.26, "Total Cost": 4.27, "Plan Rows": 1, "Plan Width": 27, "Recheck Cond": "(c_custkey = orders.o_custkey)", "Plans": [{"Node Type": "Bitmap Index Scan", "Parent Relationship": "Outer", "Index Name": "customer_pkey", "Startup Cost": 0.0, "Total Cost": 0.26, "Plan Rows": 1, "Plan Width": 0, "Index Cond": "(c_custkey = orders.o_custkey)"}]}]}, {"Node Type": "Bitmap Heap Scan", "Parent Relationship": "Inner", "Relation Name": "lineitem", "Alias": "lineitem", "Startup Cost": 0.38, "Total Cost": 4.49, "Plan Rows": 9, "Plan Width": 16, "Recheck Cond": "(l_orderkey = orders.o_orderkey)", "Plans": [{"Node Type": "Bitmap Index Scan", "Parent Relationship": "Outer", "Index Name": "idx_lineitem_orderkey", "Startup Cost": 0.0, "Total Cost": 0.38, "Plan Rows": 9, "Plan Width": 0, "Index Cond": "(l_orderkey = orders.o_orderkey)"}]}]}]}]}]}, "Unique SQL Id": 1915754155, "Planner Runtime": 1}, "explain_analyze_plan": {"Plan": {"Node Type": "Limit", "Startup Cost": 1000324838994.8, "Total Cost": 1000324838995.05, "Plan Rows": 100, "Plan Width": 59, "Actual Startup Time": 49544.467, "Actual Total Time": 49544.486, "Actual Rows": 84, "Actual Loops": 1, "Plans": [{"Node Type": "Sort", "Parent Relationship": "Outer", "Startup Cost": 1000324838994.8, "Total Cost": 1000324839310.61, "Plan Rows": 100, "Plan Width": 59, "Actual Startup Time": 49544.465, "Actual Total Time": 49544.474, "Actual Rows": 84, "Actual Loops": 1, "Sort Key": ["orders.o_totalprice DESC", "orders.o_orderdate"], "Sort Method": "quicksort", "Sort Space Used": 38, "Sort Space Type": "Memory", "Plans": [{"Node Type": "Aggregate", "Strategy": "Hashed", "Parent Relationship": "Outer", "Startup Cost": 1000324832903.7, "Total Cost": 1000324834166.91, "Plan Rows": 126321, "Plan Width": 59, "Actual Startup Time": 49543.984, "Actual Total Time": 49544.316, "Actual Rows": 84, "Actual Loops": 1, "Group By Key": ["orders.o_totalprice", "orders.o_orderdate", "customer.c_name", "customer.c_custkey", "orders.o_orderkey"], "Plans": [{"Node Type": "Nested Loop", "Parent Relationship": "Outer", "Join Type": "Inner", "Startup Cost": 10000000004.0, "Total Cost": 1000324831008.88, "Plan Rows": 126321, "Plan Width": 59, "Actual Startup Time": 1023.087, "Actual Total Time": 49541.154, "Actual Rows": 588, "Actual Loops": 1, "Inner Unique": false, "Plans": [{"Node Type": "Nested Loop", "Parent Relationship": "Outer", "Join Type": "Inner", "Startup Cost": 10000000003.62, "Total Cost": 1000324767232.73, "Plan Rows": 13913, "Plan Width": 59, "Actual Startup Time": 1023.067, "Actual Total Time": 49538.65, "Actual Rows": 84, "Actual Loops": 1, "Inner Unique": true, "Plans": [{"Node Type": "Nested Loop", "Parent Relationship": "Outer", "Join Type": "Inner", "Startup Cost": 10000000003.36, "Total Cost": 1000324625792.4, "Plan Rows": 33034, "Plan Width": 40, "Actual Startup Time": 1023.033, "Actual Total Time": 49536.599, "Actual Rows": 84, "Actual Loops": 1, "Inner Unique": true, "Plans": [{"Node Type": "Aggregate", "Strategy": "Sorted", "Parent Relationship": "Outer", "Startup Cost": 10000000000.0, "Total Cost": 1000324381460.28, "Plan Rows": 33034, "Plan Width": 24, "Actual Startup Time": 1022.959, "Actual Total Time": 49531.744, "Actual Rows": 84, "Actual Loops": 1, "Group By Key": ["public.lineitem.l_orderkey"], "Filter": "(sum(public.lineitem.l_quantity) > 314::double precision), (LLVM Optimized, Jit Execute)", "Rows Removed by Filter": 14999916, "Plans": [{"Node Type": "Index Scan", "Parent Relationship": "Outer", "Scan Direction": "Forward", "Index Name": "idx_lineitem_orderkey", "Relation Name": "lineitem", "Alias": "lineitem", "Startup Cost": 10000000000.0, "Total Cost": 1000324015374.5, "Plan Rows": 59987033, "Plan Width": 16, "Actual Startup Time": 0.03, "Actual Total Time": 29176.085, "Actual Rows": 59986052, "Actual Loops": 1}]}, {"Node Type": "Bitmap Heap Scan", "Parent Relationship": "Inner", "Relation Name": "orders", "Alias": "orders", "Startup Cost": 3.36, "Total Cost": 7.38, "Plan Rows": 1, "Plan Width": 32, "Actual Startup Time": 3.264, "Actual Total Time": 3.264, "Actual Rows": 84, "Actual Loops": 84, "Recheck Cond": "(o_orderkey = public.lineitem.l_orderkey)", "Rows Removed by Index Recheck": 0, "Exact Heap Blocks": 84, "Lossy Heap Blocks": 84, "Plans": [{"Node Type": "Bitmap Index Scan", "Parent Relationship": "Outer", "Index Name": "orders_pkey", "Startup Cost": 0.0, "Total Cost": 3.36, "Plan Rows": 1, "Plan Width": 0, "Actual Startup Time": 2.073, "Actual Total Time": 2.073, "Actual Rows": 84, "Actual Loops": 84, "Index Cond": "(o_orderkey = public.lineitem.l_orderkey)"}]}]}, {"Node Type": "Bitmap Heap Scan", "Parent Relationship": "Inner", "Relation Name": "customer", "Alias": "customer", "Startup Cost": 0.26, "Total Cost": 4.27, "Plan Rows": 1, "Plan Width": 27, "Actual Startup Time": 1.378, "Actual Total Time": 1.378, "Actual Rows": 84, "Actual Loops": 84, "Recheck Cond": "(c_custkey = orders.o_custkey)", "Rows Removed by Index Recheck": 0, "Exact Heap Blocks": 84, "Lossy Heap Blocks": 84, "Plans": [{"Node Type": "Bitmap Index Scan", "Parent Relationship": "Outer", "Index Name": "customer_pkey", "Startup Cost": 0.0, "Total Cost": 0.26, "Plan Rows": 1, "Plan Width": 0, "Actual Startup Time": 0.854, "Actual Total Time": 0.854, "Actual Rows": 84, "Actual Loops": 84, "Index Cond": "(c_custkey = orders.o_custkey)"}]}]}, {"Node Type": "Bitmap Heap Scan", "Parent Relationship": "Inner", "Relation Name": "lineitem", "Alias": "lineitem", "Startup Cost": 0.38, "Total Cost": 4.49, "Plan Rows": 9, "Plan Width": 16, "Actual Startup Time": 1.417, "Actual Total Time": 1.651, "Actual Rows": 588, "Actual Loops": 84, "Recheck Cond": "(l_orderkey = orders.o_orderkey)", "Rows Removed by Index Recheck": 0, "Exact Heap Blocks": 96, "Lossy Heap Blocks": 96, "Plans": [{"Node Type": "Bitmap Index Scan", "Parent Relationship": "Outer", "Index Name": "idx_lineitem_orderkey", "Startup Cost": 0.0, "Total Cost": 0.38, "Plan Rows": 9, "Plan Width": 0, "Actual Startup Time": 0.904, "Actual Total Time": 0.904, "Actual Rows": 588, "Actual Loops": 84, "Index Cond": "(l_orderkey = orders.o_orderkey)"}]}]}]}]}]}, "Triggers": [], "Planner Runtime": 1.515, "Total Runtime": 49553.909, "Unique SQL Id": 1915754155}}, "(1, '84')": {"explain_plan": {"Plan": {"Node Type": "Limit", "Startup Cost": 2649029.8, "Total Cost": 2649030.05, "Plan Rows": 100, "Plan Width": 59, "Plans": [{"Node Type": "Sort", "Parent Relationship": "Outer", "Startup Cost": 2649029.8, "Total Cost": 2649345.6, "Plan Rows": 100, "Plan Width": 59, "Sort Key": ["orders.o_totalprice DESC", "orders.o_orderdate"], "Plans": [{"Node Type": "Aggregate", "Strategy": "Hashed", "Parent Relationship": "Outer", "Startup Cost": 2642938.69, "Total Cost": 2644201.9, "Plan Rows": 126321, "Plan Width": 59, "Group By Key": ["orders.o_totalprice", "orders.o_orderdate", "customer.c_name", "customer.c_custkey", "orders.o_orderkey"], "Plans": [{"Node Type": "Nested Loop", "Parent Relationship": "Outer", "Join Type": "Inner", "Startup Cost": 2315050.5, "Total Cost": 2641043.88, "Plan Rows": 126321, "Plan Width": 59, "Inner Unique": false, "Plans": [{"Node Type": "Nested Loop", "Parent Relationship": "Outer", "Join Type": "Inner", "Startup Cost": 2315050.5, "Total Cost": 2627700.1, "Plan Rows": 13913, "Plan Width": 59, "Inner Unique": true, "Plans": [{"Node Type": "Nested Loop", "Parent Relationship": "Outer", "Join Type": "Inner", "Startup Cost": 2315050.5, "Total Cost": 2618076.97, "Plan Rows": 33034, "Plan Width": 40, "Inner Unique": true, "Plans": [{"Node Type": "Aggregate", "Strategy": "Hashed", "Parent Relationship": "Outer", "Startup Cost": 2315050.5, "Total Cost": 2381201.11, "Plan Rows": 33034, "Plan Width": 16, "Group By Key": ["public.lineitem.l_orderkey"], "Filter": "(sum(public.lineitem.l_quantity) > 314::double precision), (LLVM Optimized)", "Plans": [{"Node Type": "Seq Scan", "Parent Relationship": "Outer", "Relation Name": "lineitem", "Alias": "lineitem", "Startup Cost": 0.0, "Total Cost": 2015115.33, "Plan Rows": 59987033, "Plan Width": 16}]}, {"Node Type": "Index Scan", "Parent Relationship": "Inner", "Scan Direction": "Forward", "Index Name": "orders_pkey", "Relation Name": "orders", "Alias": "orders", "Startup Cost": 0.0, "Total Cost": 7.15, "Plan Rows": 1, "Plan Width": 32, "Index Cond": "(o_orderkey = public.lineitem.l_orderkey)"}]}, {"Node Type": "Index Scan", "Parent Relationship": "Inner", "Scan Direction": "Forward", "Index Name": "customer_pkey", "Relation Name": "customer", "Alias": "customer", "Startup Cost": 0.0, "Total Cost": 0.28, "Plan Rows": 1, "Plan Width": 27, "Index Cond": "(c_custkey = orders.o_custkey)"}]}, {"Node Type": "Index Scan", "Parent Relationship": "Inner", "Scan Direction": "Forward", "Index Name": "idx_lineitem_orderkey", "Relation Name": "lineitem", "Alias": "lineitem", "Startup Cost": 0.0, "Total Cost": 0.87, "Plan Rows": 9, "Plan Width": 16, "Index Cond": "(l_orderkey = orders.o_orderkey)"}]}]}]}]}, "Unique SQL Id": 1915754155, "Planner Runtime": 1}, "explain_analyze_plan": {"Plan": {"Node Type": "Limit", "Startup Cost": 2649029.8, "Total Cost": 2649030.05, "Plan Rows": 100, "Plan Width": 59, "Actual Startup Time": 51129.008, "Actual Total Time": 51129.027, "Actual Rows": 84, "Actual Loops": 1, "Plans": [{"Node Type": "Sort", "Parent Relationship": "Outer", "Startup Cost": 2649029.8, "Total Cost": 2649345.6, "Plan Rows": 100, "Plan Width": 59, "Actual Startup Time": 51129.006, "Actual Total Time": 51129.015, "Actual Rows": 84, "Actual Loops": 1, "Sort Key": ["orders.o_totalprice DESC", "orders.o_orderdate"], "Sort Method": "quicksort", "Sort Space Used": 38, "Sort Space Type": "Memory", "Plans": [{"Node Type": "Aggregate", "Strategy": "Hashed", "Parent Relationship": "Outer", "Startup Cost": 2642938.69, "Total Cost": 2644201.9, "Plan Rows": 126321, "Plan Width": 59, "Actual Startup Time": 51128.213, "Actual Total Time": 51128.889, "Actual Rows": 84, "Actual Loops": 1, "Group By Key": ["orders.o_totalprice", "orders.o_orderdate", "customer.c_name", "customer.c_custkey", "orders.o_orderkey"], "Plans": [{"Node Type": "Nested Loop", "Parent Relationship": "Outer", "Join Type": "Inner", "Startup Cost": 2315050.5, "Total Cost": 2641043.88, "Plan Rows": 126321, "Plan Width": 59, "Actual Startup Time": 46173.798, "Actual Total Time": 51126.311, "Actual Rows": 588, "Actual Loops": 1, "Inner Unique": false, "Plans": [{"Node Type": "Nested Loop", "Parent Relationship": "Outer", "Join Type": "Inner", "Startup Cost": 2315050.5, "Total Cost": 2627700.1, "Plan Rows": 13913, "Plan Width": 59, "Actual Startup Time": 46173.775, "Actual Total Time": 51124.263, "Actual Rows": 84, "Actual Loops": 1, "Inner Unique": true, "Plans": [{"Node Type": "Nested Loop", "Parent Relationship": "Outer", "Join Type": "Inner", "Startup Cost": 2315050.5, "Total Cost": 2618076.97, "Plan Rows": 33034, "Plan Width": 40, "Actual Startup Time": 46173.751, "Actual Total Time": 51122.995, "Actual Rows": 84, "Actual Loops": 1, "Inner Unique": true, "Plans": [{"Node Type": "Aggregate", "Strategy": "Hashed", "Parent Relationship": "Outer", "Startup Cost": 2315050.5, "Total Cost": 2381201.11, "Plan Rows": 33034, "Plan Width": 16, "Actual Startup Time": 46173.686, "Actual Total Time": 51106.177, "Actual Rows": 84, "Actual Loops": 1, "Group By Key": ["public.lineitem.l_orderkey"], "Filter": "(sum(public.lineitem.l_quantity) > 314::double precision), (LLVM Optimized, Jit Execute)", "Rows Removed by Filter": 14999916, "Plans": [{"Node Type": "Seq Scan", "Parent Relationship": "Outer", "Relation Name": "lineitem", "Alias": "lineitem", "Startup Cost": 0.0, "Total Cost": 2015115.33, "Plan Rows": 59987033, "Plan Width": 16, "Actual Startup Time": 0.043, "Actual Total Time": 19975.008, "Actual Rows": 59986052, "Actual Loops": 1}]}, {"Node Type": "Index Scan", "Parent Relationship": "Inner", "Scan Direction": "Forward", "Index Name": "orders_pkey", "Relation Name": "orders", "Alias": "orders", "Startup Cost": 0.0, "Total Cost": 7.15, "Plan Rows": 1, "Plan Width": 32, "Actual Startup Time": 2.93, "Actual Total Time": 2.93, "Actual Rows": 84, "Actual Loops": 84, "Index Cond": "(o_orderkey = public.lineitem.l_orderkey)", "Rows Removed by Index Recheck": 0}]}, {"Node Type": "Index Scan", "Parent Relationship": "Inner", "Scan Direction": "Forward", "Index Name": "customer_pkey", "Relation Name": "customer", "Alias": "customer", "Startup Cost": 0.0, "Total Cost": 0.28, "Plan Rows": 1, "Plan Width": 27, "Actual Startup Time": 0.906, "Actual Total Time": 0.906, "Actual Rows": 84, "Actual Loops": 84, "Index Cond": "(c_custkey = orders.o_custkey)", "Rows Removed by Index Recheck": 0}]}, {"Node Type": "Index Scan", "Parent Relationship": "Inner", "Scan Direction": "Forward", "Index Name": "idx_lineitem_orderkey", "Relation Name": "lineitem", "Alias": "lineitem", "Startup Cost": 0.0, "Total Cost": 0.87, "Plan Rows": 9, "Plan Width": 16, "Actual Startup Time": 1.165, "Actual Total Time": 1.622, "Actual Rows": 588, "Actual Loops": 84, "Index Cond": "(l_orderkey = orders.o_orderkey)", "Rows Removed by Index Recheck": 0}]}]}]}]}, "Triggers": [], "Planner Runtime": 1.711, "Total Runtime": 51138.586, "Unique SQL Id": 1915754155}}, "(1, '85')": {"explain_plan": {"Plan": {"Node Type": "Limit", "Startup Cost": 3874068.21, "Total Cost": 3874068.46, "Plan Rows": 100, "Plan Width": 59, "Plans": [{"Node Type": "Sort", "Parent Relationship": "Outer", "Startup Cost": 3874068.21, "Total Cost": 3874384.02, "Plan Rows": 100, "Plan Width": 59, "Sort Key": ["orders.o_totalprice DESC", "orders.o_orderdate"], "Plans": [{"Node Type": "Aggregate", "Strategy": "Hashed", "Parent Relationship": "Outer", "Startup Cost": 3867977.11, "Total Cost": 3869240.32, "Plan Rows": 126321, "Plan Width": 59, "Group By Key": ["orders.o_totalprice", "orders.o_orderdate", "customer.c_name", "customer.c_custkey", "orders.o_orderkey"], "Plans": [{"Node Type": "Nested Loop", "Parent Relationship": "Outer", "Join Type": "Inner", "Startup Cost": 0.0, "Total Cost": 3866082.29, "Plan Rows": 126321, "Plan Width": 59, "Inner Unique": false, "Plans": [{"Node Type": "Nested Loop", "Parent Relationship": "Outer", "Join Type": "Inner", "Startup Cost": 0.0, "Total Cost": 3852738.51, "Plan Rows": 13913, "Plan Width": 59, "Inner Unique": true, "Plans": [{"Node Type": "Nested Loop", "Parent Relationship": "Outer", "Join Type": "Inner", "Startup Cost": 0.0, "Total Cost": 3843115.38, "Plan Rows": 33034, "Plan Width": 40, "Inner Unique": true, "Plans": [{"Node Type": "Aggregate", "Strategy": "Sorted", "Parent Relationship": "Outer", "Startup Cost": 0.0, "Total Cost": 3606239.52, "Plan Rows": 33034, "Plan Width": 24, "Group By Key": ["public.lineitem.l_orderkey"], "Filter": "(sum(public.lineitem.l_quantity) > 314::double precision), (LLVM Optimized)", "Plans": [{"Node Type": "Index Scan", "Parent Relationship": "Outer", "Scan Direction": "Forward", "Index Name": "idx_lineitem_orderkey", "Relation Name": "lineitem", "Alias": "lineitem", "Startup Cost": 0.0, "Total Cost": 3240153.75, "Plan Rows": 59987033, "Plan Width": 16}]}, {"Node Type": "Index Scan", "Parent Relationship": "Inner", "Scan Direction": "Forward", "Index Name": "orders_pkey", "Relation Name": "orders", "Alias": "orders", "Startup Cost": 0.0, "Total Cost": 7.15, "Plan Rows": 1, "Plan Width": 32, "Index Cond": "(o_orderkey = public.lineitem.l_orderkey)"}]}, {"Node Type": "Index Scan", "Parent Relationship": "Inner", "Scan Direction": "Forward", "Index Name": "customer_pkey", "Relation Name": "customer", "Alias": "customer", "Startup Cost": 0.0, "Total Cost": 0.28, "Plan Rows": 1, "Plan Width": 27, "Index Cond": "(c_custkey = orders.o_custkey)"}]}, {"Node Type": "Index Scan", "Parent Relationship": "Inner", "Scan Direction": "Forward", "Index Name": "idx_lineitem_orderkey", "Relation Name": "lineitem", "Alias": "lineitem", "Startup Cost": 0.0, "Total Cost": 0.87, "Plan Rows": 9, "Plan Width": 16, "Index Cond": "(l_orderkey = orders.o_orderkey)"}]}]}]}]}, "Unique SQL Id": 1915754155, "Planner Runtime": 1}, "explain_analyze_plan": {"Plan": {"Node Type": "Limit", "Startup Cost": 3874068.21, "Total Cost": 3874068.46, "Plan Rows": 100, "Plan Width": 59, "Actual Startup Time": 50695.002, "Actual Total Time": 50695.017, "Actual Rows": 84, "Actual Loops": 1, "Plans": [{"Node Type": "Sort", "Parent Relationship": "Outer", "Startup Cost": 3874068.21, "Total Cost": 3874384.02, "Plan Rows": 100, "Plan Width": 59, "Actual Startup Time": 50695.0, "Actual Total Time": 50695.004, "Actual Rows": 84, "Actual Loops": 1, "Sort Key": ["orders.o_totalprice DESC", "orders.o_orderdate"], "Sort Method": "quicksort", "Sort Space Used": 38, "Sort Space Type": "Memory", "Plans": [{"Node Type": "Aggregate", "Strategy": "Hashed", "Parent Relationship": "Outer", "Startup Cost": 3867977.11, "Total Cost": 3869240.32, "Plan Rows": 126321, "Plan Width": 59, "Actual Startup Time": 50694.487, "Actual Total Time": 50694.852, "Actual Rows": 84, "Actual Loops": 1, "Group By Key": ["orders.o_totalprice", "orders.o_orderdate", "customer.c_name", "customer.c_custkey", "orders.o_orderkey"], "Plans": [{"Node Type": "Nested Loop", "Parent Relationship": "Outer", "Join Type": "Inner", "Startup Cost": 0.0, "Total Cost": 3866082.29, "Plan Rows": 126321, "Plan Width": 59, "Actual Startup Time": 1159.494, "Actual Total Time": 50691.109, "Actual Rows": 588, "Actual Loops": 1, "Inner Unique": false, "Plans": [{"Node Type": "Nested Loop", "Parent Relationship": "Outer", "Join Type": "Inner", "Startup Cost": 0.0, "Total Cost": 3852738.51, "Plan Rows": 13913, "Plan Width": 59, "Actual Startup Time": 1159.473, "Actual Total Time": 50688.867, "Actual Rows": 84, "Actual Loops": 1, "Inner Unique": true, "Plans": [{"Node Type": "Nested Loop", "Parent Relationship": "Outer", "Join Type": "Inner", "Startup Cost": 0.0, "Total Cost": 3843115.38, "Plan Rows": 33034, "Plan Width": 40, "Actual Startup Time": 1159.448, "Actual Total Time": 50687.006, "Actual Rows": 84, "Actual Loops": 1, "Inner Unique": true, "Plans": [{"Node Type": "Aggregate", "Strategy": "Sorted", "Parent Relationship": "Outer", "Startup Cost": 0.0, "Total Cost": 3606239.52, "Plan Rows": 33034, "Plan Width": 24, "Actual Startup Time": 1159.408, "Actual Total Time": 50684.063, "Actual Rows": 84, "Actual Loops": 1, "Group By Key": ["public.lineitem.l_orderkey"], "Filter": "(sum(public.lineitem.l_quantity) > 314::double precision), (LLVM Optimized, Jit Execute)", "Rows Removed by Filter": 14999916, "Plans": [{"Node Type": "Index Scan", "Parent Relationship": "Outer", "Scan Direction": "Forward", "Index Name": "idx_lineitem_orderkey", "Relation Name": "lineitem", "Alias": "lineitem", "Startup Cost": 0.0, "Total Cost": 3240153.75, "Plan Rows": 59987033, "Plan Width": 16, "Actual Startup Time": 0.029, "Actual Total Time": 30275.076, "Actual Rows": 59986052, "Actual Loops": 1}]}, {"Node Type": "Index Scan", "Parent Relationship": "Inner", "Scan Direction": "Forward", "Index Name": "orders_pkey", "Relation Name": "orders", "Alias": "orders", "Startup Cost": 0.0, "Total Cost": 7.15, "Plan Rows": 1, "Plan Width": 32, "Actual Startup Time": 1.994, "Actual Total Time": 1.994, "Actual Rows": 84, "Actual Loops": 84, "Index Cond": "(o_orderkey = public.lineitem.l_orderkey)", "Rows Removed by Index Recheck": 0}]}, {"Node Type": "Index Scan", "Parent Relationship": "Inner", "Scan Direction": "Forward", "Index Name": "customer_pkey", "Relation Name": "customer", "Alias": "customer", "Startup Cost": 0.0, "Total Cost": 0.28, "Plan Rows": 1, "Plan Width": 27, "Actual Startup Time": 1.278, "Actual Total Time": 1.278, "Actual Rows": 84, "Actual Loops": 84, "Index Cond": "(c_custkey = orders.o_custkey)", "Rows Removed by Index Recheck": 0}]}, {"Node Type": "Index Scan", "Parent Relationship": "Inner", "Scan Direction": "Forward", "Index Name": "idx_lineitem_orderkey", "Relation Name": "lineitem", "Alias": "lineitem", "Startup Cost": 0.0, "Total Cost": 0.87, "Plan Rows": 9, "Plan Width": 16, "Actual Startup Time": 0.938, "Actual Total Time": 1.562, "Actual Rows": 588, "Actual Loops": 84, "Index Cond": "(l_orderkey = orders.o_orderkey)", "Rows Removed by Index Recheck": 0}]}]}]}]}, "Triggers": [], "Planner Runtime": 1.698, "Total Runtime": 50704.506, "Unique SQL Id": 1915754155}}, "(1, '86')": {"explain_plan": {"Plan": {"Node Type": "Limit", "Startup Cost": 2838735.63, "Total Cost": 2838735.88, "Plan Rows": 100, "Plan Width": 59, "Plans": [{"Node Type": "Sort", "Parent Relationship": "Outer", "Startup Cost": 2838735.63, "Total Cost": 2839051.44, "Plan Rows": 100, "Plan Width": 59, "Sort Key": ["orders.o_totalprice DESC", "orders.o_orderdate"], "Plans": [{"Node Type": "Aggregate", "Strategy": "Hashed", "Parent Relationship": "Outer", "Startup Cost": 2832644.53, "Total Cost": 2833907.74, "Plan Rows": 126321, "Plan Width": 59, "Group By Key": ["orders.o_totalprice", "orders.o_orderdate", "customer.c_name", "customer.c_custkey", "orders.o_orderkey"], "Plans": [{"Node Type": "Nested Loop", "Parent Relationship": "Outer", "Join Type": "Inner", "Startup Cost": 2315054.5, "Total Cost": 2830749.71, "Plan Rows": 126321, "Plan Width": 59, "Inner Unique": false, "Plans": [{"Node Type": "Nested Loop", "Parent Relationship": "Outer", "Join Type": "Inner", "Startup Cost": 2315054.12, "Total Cost": 2766973.56, "Plan Rows": 13913, "Plan Width": 59, "Inner Unique": true, "Plans": [{"Node Type": "Nested Loop", "Parent Relationship": "Outer", "Join Type": "Inner", "Startup Cost": 2315053.86, "Total Cost": 2625533.23, "Plan Rows": 33034, "Plan Width": 40, "Inner Unique": true, "Plans": [{"Node Type": "Aggregate", "Strategy": "Hashed", "Parent Relationship": "Outer", "Startup Cost": 2315050.5, "Total Cost": 2381201.11, "Plan Rows": 33034, "Plan Width": 16, "Group By Key": ["public.lineitem.l_orderkey"], "Filter": "(sum(public.lineitem.l_quantity) > 314::double precision), (LLVM Optimized)", "Plans": [{"Node Type": "Seq Scan", "Parent Relationship": "Outer", "Relation Name": "lineitem", "Alias": "lineitem", "Startup Cost": 0.0, "Total Cost": 2015115.33, "Plan Rows": 59987033, "Plan Width": 16}]}, {"Node Type": "Bitmap Heap Scan", "Parent Relationship": "Inner", "Relation Name": "orders", "Alias": "orders", "Startup Cost": 3.36, "Total Cost": 7.38, "Plan Rows": 1, "Plan Width": 32, "Recheck Cond": "(o_orderkey = public.lineitem.l_orderkey)", "Plans": [{"Node Type": "Bitmap Index Scan", "Parent Relationship": "Outer", "Index Name": "orders_pkey", "Startup Cost": 0.0, "Total Cost": 3.36, "Plan Rows": 1, "Plan Width": 0, "Index Cond": "(o_orderkey = public.lineitem.l_orderkey)"}]}]}, {"Node Type": "Bitmap Heap Scan", "Parent Relationship": "Inner", "Relation Name": "customer", "Alias": "customer", "Startup Cost": 0.26, "Total Cost": 4.27, "Plan Rows": 1, "Plan Width": 27, "Recheck Cond": "(c_custkey = orders.o_custkey)", "Plans": [{"Node Type": "Bitmap Index Scan", "Parent Relationship": "Outer", "Index Name": "customer_pkey", "Startup Cost": 0.0, "Total Cost": 0.26, "Plan Rows": 1, "Plan Width": 0, "Index Cond": "(c_custkey = orders.o_custkey)"}]}]}, {"Node Type": "Bitmap Heap Scan", "Parent Relationship": "Inner", "Relation Name": "lineitem", "Alias": "lineitem", "Startup Cost": 0.38, "Total Cost": 4.49, "Plan Rows": 9, "Plan Width": 16, "Recheck Cond": "(l_orderkey = orders.o_orderkey)", "Plans": [{"Node Type": "Bitmap Index Scan", "Parent Relationship": "Outer", "Index Name": "idx_lineitem_orderkey", "Startup Cost": 0.0, "Total Cost": 0.38, "Plan Rows": 9, "Plan Width": 0, "Index Cond": "(l_orderkey = orders.o_orderkey)"}]}]}]}]}]}, "Unique SQL Id": 1915754155, "Planner Runtime": 1}, "explain_analyze_plan": {"Plan": {"Node Type": "Limit", "Startup Cost": 2838735.63, "Total Cost": 2838735.88, "Plan Rows": 100, "Plan Width": 59, "Actual Startup Time": 56920.125, "Actual Total Time": 56920.141, "Actual Rows": 84, "Actual Loops": 1, "Plans": [{"Node Type": "Sort", "Parent Relationship": "Outer", "Startup Cost": 2838735.63, "Total Cost": 2839051.44, "Plan Rows": 100, "Plan Width": 59, "Actual Startup Time": 56920.122, "Actual Total Time": 56920.125, "Actual Rows": 84, "Actual Loops": 1, "Sort Key": ["orders.o_totalprice DESC", "orders.o_orderdate"], "Sort Method": "quicksort", "Sort Space Used": 38, "Sort Space Type": "Memory", "Plans": [{"Node Type": "Aggregate", "Strategy": "Hashed", "Parent Relationship": "Outer", "Startup Cost": 2832644.53, "Total Cost": 2833907.74, "Plan Rows": 126321, "Plan Width": 59, "Actual Startup Time": 56919.279, "Actual Total Time": 56920.01, "Actual Rows": 84, "Actual Loops": 1, "Group By Key": ["orders.o_totalprice", "orders.o_orderdate", "customer.c_name", "customer.c_custkey", "orders.o_orderkey"], "Plans": [{"Node Type": "Nested Loop", "Parent Relationship": "Outer", "Join Type": "Inner", "Startup Cost": 2315054.5, "Total Cost": 2830749.71, "Plan Rows": 126321, "Plan Width": 59, "Actual Startup Time": 48330.608, "Actual Total Time": 56917.436, "Actual Rows": 588, "Actual Loops": 1, "Inner Unique": false, "Plans": [{"Node Type": "Nested Loop", "Parent Relationship": "Outer", "Join Type": "Inner", "Startup Cost": 2315054.12, "Total Cost": 2766973.56, "Plan Rows": 13913, "Plan Width": 59, "Actual Startup Time": 48330.561, "Actual Total Time": 56914.137, "Actual Rows": 84, "Actual Loops": 1, "Inner Unique": true, "Plans": [{"Node Type": "Nested Loop", "Parent Relationship": "Outer", "Join Type": "Inner", "Startup Cost": 2315053.86, "Total Cost": 2625533.23, "Plan Rows": 33034, "Plan Width": 40, "Actual Startup Time": 48330.508, "Actual Total Time": 56911.85, "Actual Rows": 84, "Actual Loops": 1, "Inner Unique": true, "Plans": [{"Node Type": "Aggregate", "Strategy": "Hashed", "Parent Relationship": "Outer", "Startup Cost": 2315050.5, "Total Cost": 2381201.11, "Plan Rows": 33034, "Plan Width": 16, "Actual Startup Time": 48330.408, "Actual Total Time": 56891.838, "Actual Rows": 84, "Actual Loops": 1, "Group By Key": ["public.lineitem.l_orderkey"], "Filter": "(sum(public.lineitem.l_quantity) > 314::double precision), (LLVM Optimized, Jit Execute)", "Rows Removed by Filter": 14999916, "Plans": [{"Node Type": "Seq Scan", "Parent Relationship": "Outer", "Relation Name": "lineitem", "Alias": "lineitem", "Startup Cost": 0.0, "Total Cost": 2015115.33, "Plan Rows": 59987033, "Plan Width": 16, "Actual Startup Time": 0.048, "Actual Total Time": 20457.825, "Actual Rows": 59986052, "Actual Loops": 1}]}, {"Node Type": "Bitmap Heap Scan", "Parent Relationship": "Inner", "Relation Name": "orders", "Alias": "orders", "Startup Cost": 3.36, "Total Cost": 7.38, "Plan Rows": 1, "Plan Width": 32, "Actual Startup Time": 3.218, "Actual Total Time": 3.218, "Actual Rows": 84, "Actual Loops": 84, "Recheck Cond": "(o_orderkey = public.lineitem.l_orderkey)", "Rows Removed by Index Recheck": 0, "Exact Heap Blocks": 84, "Lossy Heap Blocks": 84, "Plans": [{"Node Type": "Bitmap Index Scan", "Parent Relationship": "Outer", "Index Name": "orders_pkey", "Startup Cost": 0.0, "Total Cost": 3.36, "Plan Rows": 1, "Plan Width": 0, "Actual Startup Time": 2.15, "Actual Total Time": 2.15, "Actual Rows": 84, "Actual Loops": 84, "Index Cond": "(o_orderkey = public.lineitem.l_orderkey)"}]}]}, {"Node Type": "Bitmap Heap Scan", "Parent Relationship": "Inner", "Relation Name": "customer", "Alias": "customer", "Startup Cost": 0.26, "Total Cost": 4.27, "Plan Rows": 1, "Plan Width": 27, "Actual Startup Time": 1.609, "Actual Total Time": 1.609, "Actual Rows": 84, "Actual Loops": 84, "Recheck Cond": "(c_custkey = orders.o_custkey)", "Rows Removed by Index Recheck": 0, "Exact Heap Blocks": 84, "Lossy Heap Blocks": 84, "Plans": [{"Node Type": "Bitmap Index Scan", "Parent Relationship": "Outer", "Index Name": "customer_pkey", "Startup Cost": 0.0, "Total Cost": 0.26, "Plan Rows": 1, "Plan Width": 0, "Actual Startup Time": 1.008, "Actual Total Time": 1.008, "Actual Rows": 84, "Actual Loops": 84, "Index Cond": "(c_custkey = orders.o_custkey)"}]}]}, {"Node Type": "Bitmap Heap Scan", "Parent Relationship": "Inner", "Relation Name": "lineitem", "Alias": "lineitem", "Startup Cost": 0.38, "Total Cost": 4.49, "Plan Rows": 9, "Plan Width": 16, "Actual Startup Time": 2.263, "Actual Total Time": 2.445, "Actual Rows": 588, "Actual Loops": 84, "Recheck Cond": "(l_orderkey = orders.o_orderkey)", "Rows Removed by Index Recheck": 0, "Exact Heap Blocks": 96, "Lossy Heap Blocks": 96, "Plans": [{"Node Type": "Bitmap Index Scan", "Parent Relationship": "Outer", "Index Name": "idx_lineitem_orderkey", "Startup Cost": 0.0, "Total Cost": 0.38, "Plan Rows": 9, "Plan Width": 0, "Actual Startup Time": 1.423, "Actual Total Time": 1.423, "Actual Rows": 588, "Actual Loops": 84, "Index Cond": "(l_orderkey = orders.o_orderkey)"}]}]}]}]}]}, "Triggers": [], "Planner Runtime": 1.556, "Total Runtime": 56929.516, "Unique SQL Id": 1915754155}}, "(1, '87')": {"explain_plan": {"Plan": {"Node Type": "Limit", "Startup Cost": 1000324838994.8, "Total Cost": 1000324838995.05, "Plan Rows": 100, "Plan Width": 59, "Plans": [{"Node Type": "Sort", "Parent Relationship": "Outer", "Startup Cost": 1000324838994.8, "Total Cost": 1000324839310.61, "Plan Rows": 100, "Plan Width": 59, "Sort Key": ["orders.o_totalprice DESC", "orders.o_orderdate"], "Plans": [{"Node Type": "Aggregate", "Strategy": "Hashed", "Parent Relationship": "Outer", "Startup Cost": 1000324832903.7, "Total Cost": 1000324834166.91, "Plan Rows": 126321, "Plan Width": 59, "Group By Key": ["orders.o_totalprice", "orders.o_orderdate", "customer.c_name", "customer.c_custkey", "orders.o_orderkey"], "Plans": [{"Node Type": "Nested Loop", "Parent Relationship": "Outer", "Join Type": "Inner", "Startup Cost": 10000000004.0, "Total Cost": 1000324831008.88, "Plan Rows": 126321, "Plan Width": 59, "Inner Unique": false, "Plans": [{"Node Type": "Nested Loop", "Parent Relationship": "Outer", "Join Type": "Inner", "Startup Cost": 10000000003.62, "Total Cost": 1000324767232.73, "Plan Rows": 13913, "Plan Width": 59, "Inner Unique": true, "Plans": [{"Node Type": "Nested Loop", "Parent Relationship": "Outer", "Join Type": "Inner", "Startup Cost": 10000000003.36, "Total Cost": 1000324625792.4, "Plan Rows": 33034, "Plan Width": 40, "Inner Unique": true, "Plans": [{"Node Type": "Aggregate", "Strategy": "Sorted", "Parent Relationship": "Outer", "Startup Cost": 10000000000.0, "Total Cost": 1000324381460.28, "Plan Rows": 33034, "Plan Width": 24, "Group By Key": ["public.lineitem.l_orderkey"], "Filter": "(sum(public.lineitem.l_quantity) > 314::double precision), (LLVM Optimized)", "Plans": [{"Node Type": "Index Scan", "Parent Relationship": "Outer", "Scan Direction": "Forward", "Index Name": "idx_lineitem_orderkey", "Relation Name": "lineitem", "Alias": "lineitem", "Startup Cost": 10000000000.0, "Total Cost": 1000324015374.5, "Plan Rows": 59987033, "Plan Width": 16}]}, {"Node Type": "Bitmap Heap Scan", "Parent Relationship": "Inner", "Relation Name": "orders", "Alias": "orders", "Startup Cost": 3.36, "Total Cost": 7.38, "Plan Rows": 1, "Plan Width": 32, "Recheck Cond": "(o_orderkey = public.lineitem.l_orderkey)", "Plans": [{"Node Type": "Bitmap Index Scan", "Parent Relationship": "Outer", "Index Name": "orders_pkey", "Startup Cost": 0.0, "Total Cost": 3.36, "Plan Rows": 1, "Plan Width": 0, "Index Cond": "(o_orderkey = public.lineitem.l_orderkey)"}]}]}, {"Node Type": "Bitmap Heap Scan", "Parent Relationship": "Inner", "Relation Name": "customer", "Alias": "customer", "Startup Cost": 0.26, "Total Cost": 4.27, "Plan Rows": 1, "Plan Width": 27, "Recheck Cond": "(c_custkey = orders.o_custkey)", "Plans": [{"Node Type": "Bitmap Index Scan", "Parent Relationship": "Outer", "Index Name": "customer_pkey", "Startup Cost": 0.0, "Total Cost": 0.26, "Plan Rows": 1, "Plan Width": 0, "Index Cond": "(c_custkey = orders.o_custkey)"}]}]}, {"Node Type": "Bitmap Heap Scan", "Parent Relationship": "Inner", "Relation Name": "lineitem", "Alias": "lineitem", "Startup Cost": 0.38, "Total Cost": 4.49, "Plan Rows": 9, "Plan Width": 16, "Recheck Cond": "(l_orderkey = orders.o_orderkey)", "Plans": [{"Node Type": "Bitmap Index Scan", "Parent Relationship": "Outer", "Index Name": "idx_lineitem_orderkey", "Startup Cost": 0.0, "Total Cost": 0.38, "Plan Rows": 9, "Plan Width": 0, "Index Cond": "(l_orderkey = orders.o_orderkey)"}]}]}]}]}]}, "Unique SQL Id": 1915754155, "Planner Runtime": 1}, "explain_analyze_plan": {"Plan": {"Node Type": "Limit", "Startup Cost": 1000324838994.8, "Total Cost": 1000324838995.05, "Plan Rows": 100, "Plan Width": 59, "Actual Startup Time": 49544.467, "Actual Total Time": 49544.486, "Actual Rows": 84, "Actual Loops": 1, "Plans": [{"Node Type": "Sort", "Parent Relationship": "Outer", "Startup Cost": 1000324838994.8, "Total Cost": 1000324839310.61, "Plan Rows": 100, "Plan Width": 59, "Actual Startup Time": 49544.465, "Actual Total Time": 49544.474, "Actual Rows": 84, "Actual Loops": 1, "Sort Key": ["orders.o_totalprice DESC", "orders.o_orderdate"], "Sort Method": "quicksort", "Sort Space Used": 38, "Sort Space Type": "Memory", "Plans": [{"Node Type": "Aggregate", "Strategy": "Hashed", "Parent Relationship": "Outer", "Startup Cost": 1000324832903.7, "Total Cost": 1000324834166.91, "Plan Rows": 126321, "Plan Width": 59, "Actual Startup Time": 49543.984, "Actual Total Time": 49544.316, "Actual Rows": 84, "Actual Loops": 1, "Group By Key": ["orders.o_totalprice", "orders.o_orderdate", "customer.c_name", "customer.c_custkey", "orders.o_orderkey"], "Plans": [{"Node Type": "Nested Loop", "Parent Relationship": "Outer", "Join Type": "Inner", "Startup Cost": 10000000004.0, "Total Cost": 1000324831008.88, "Plan Rows": 126321, "Plan Width": 59, "Actual Startup Time": 1023.087, "Actual Total Time": 49541.154, "Actual Rows": 588, "Actual Loops": 1, "Inner Unique": false, "Plans": [{"Node Type": "Nested Loop", "Parent Relationship": "Outer", "Join Type": "Inner", "Startup Cost": 10000000003.62, "Total Cost": 1000324767232.73, "Plan Rows": 13913, "Plan Width": 59, "Actual Startup Time": 1023.067, "Actual Total Time": 49538.65, "Actual Rows": 84, "Actual Loops": 1, "Inner Unique": true, "Plans": [{"Node Type": "Nested Loop", "Parent Relationship": "Outer", "Join Type": "Inner", "Startup Cost": 10000000003.36, "Total Cost": 1000324625792.4, "Plan Rows": 33034, "Plan Width": 40, "Actual Startup Time": 1023.033, "Actual Total Time": 49536.599, "Actual Rows": 84, "Actual Loops": 1, "Inner Unique": true, "Plans": [{"Node Type": "Aggregate", "Strategy": "Sorted", "Parent Relationship": "Outer", "Startup Cost": 10000000000.0, "Total Cost": 1000324381460.28, "Plan Rows": 33034, "Plan Width": 24, "Actual Startup Time": 1022.959, "Actual Total Time": 49531.744, "Actual Rows": 84, "Actual Loops": 1, "Group By Key": ["public.lineitem.l_orderkey"], "Filter": "(sum(public.lineitem.l_quantity) > 314::double precision), (LLVM Optimized, Jit Execute)", "Rows Removed by Filter": 14999916, "Plans": [{"Node Type": "Index Scan", "Parent Relationship": "Outer", "Scan Direction": "Forward", "Index Name": "idx_lineitem_orderkey", "Relation Name": "lineitem", "Alias": "lineitem", "Startup Cost": 10000000000.0, "Total Cost": 1000324015374.5, "Plan Rows": 59987033, "Plan Width": 16, "Actual Startup Time": 0.03, "Actual Total Time": 29176.085, "Actual Rows": 59986052, "Actual Loops": 1}]}, {"Node Type": "Bitmap Heap Scan", "Parent Relationship": "Inner", "Relation Name": "orders", "Alias": "orders", "Startup Cost": 3.36, "Total Cost": 7.38, "Plan Rows": 1, "Plan Width": 32, "Actual Startup Time": 3.264, "Actual Total Time": 3.264, "Actual Rows": 84, "Actual Loops": 84, "Recheck Cond": "(o_orderkey = public.lineitem.l_orderkey)", "Rows Removed by Index Recheck": 0, "Exact Heap Blocks": 84, "Lossy Heap Blocks": 84, "Plans": [{"Node Type": "Bitmap Index Scan", "Parent Relationship": "Outer", "Index Name": "orders_pkey", "Startup Cost": 0.0, "Total Cost": 3.36, "Plan Rows": 1, "Plan Width": 0, "Actual Startup Time": 2.073, "Actual Total Time": 2.073, "Actual Rows": 84, "Actual Loops": 84, "Index Cond": "(o_orderkey = public.lineitem.l_orderkey)"}]}]}, {"Node Type": "Bitmap Heap Scan", "Parent Relationship": "Inner", "Relation Name": "customer", "Alias": "customer", "Startup Cost": 0.26, "Total Cost": 4.27, "Plan Rows": 1, "Plan Width": 27, "Actual Startup Time": 1.378, "Actual Total Time": 1.378, "Actual Rows": 84, "Actual Loops": 84, "Recheck Cond": "(c_custkey = orders.o_custkey)", "Rows Removed by Index Recheck": 0, "Exact Heap Blocks": 84, "Lossy Heap Blocks": 84, "Plans": [{"Node Type": "Bitmap Index Scan", "Parent Relationship": "Outer", "Index Name": "customer_pkey", "Startup Cost": 0.0, "Total Cost": 0.26, "Plan Rows": 1, "Plan Width": 0, "Actual Startup Time": 0.854, "Actual Total Time": 0.854, "Actual Rows": 84, "Actual Loops": 84, "Index Cond": "(c_custkey = orders.o_custkey)"}]}]}, {"Node Type": "Bitmap Heap Scan", "Parent Relationship": "Inner", "Relation Name": "lineitem", "Alias": "lineitem", "Startup Cost": 0.38, "Total Cost": 4.49, "Plan Rows": 9, "Plan Width": 16, "Actual Startup Time": 1.417, "Actual Total Time": 1.651, "Actual Rows": 588, "Actual Loops": 84, "Recheck Cond": "(l_orderkey = orders.o_orderkey)", "Rows Removed by Index Recheck": 0, "Exact Heap Blocks": 96, "Lossy Heap Blocks": 96, "Plans": [{"Node Type": "Bitmap Index Scan", "Parent Relationship": "Outer", "Index Name": "idx_lineitem_orderkey", "Startup Cost": 0.0, "Total Cost": 0.38, "Plan Rows": 9, "Plan Width": 0, "Actual Startup Time": 0.904, "Actual Total Time": 0.904, "Actual Rows": 588, "Actual Loops": 84, "Index Cond": "(l_orderkey = orders.o_orderkey)"}]}]}]}]}]}, "Triggers": [], "Planner Runtime": 1.515, "Total Runtime": 49553.909, "Unique SQL Id": 1915754155}}, "(1, '88')": {"explain_plan": {"Plan": {"Node Type": "Limit", "Startup Cost": 2649029.8, "Total Cost": 2649030.05, "Plan Rows": 100, "Plan Width": 59, "Plans": [{"Node Type": "Sort", "Parent Relationship": "Outer", "Startup Cost": 2649029.8, "Total Cost": 2649345.6, "Plan Rows": 100, "Plan Width": 59, "Sort Key": ["orders.o_totalprice DESC", "orders.o_orderdate"], "Plans": [{"Node Type": "Aggregate", "Strategy": "Hashed", "Parent Relationship": "Outer", "Startup Cost": 2642938.69, "Total Cost": 2644201.9, "Plan Rows": 126321, "Plan Width": 59, "Group By Key": ["orders.o_totalprice", "orders.o_orderdate", "customer.c_name", "customer.c_custkey", "orders.o_orderkey"], "Plans": [{"Node Type": "Nested Loop", "Parent Relationship": "Outer", "Join Type": "Inner", "Startup Cost": 2315050.5, "Total Cost": 2641043.88, "Plan Rows": 126321, "Plan Width": 59, "Inner Unique": false, "Plans": [{"Node Type": "Nested Loop", "Parent Relationship": "Outer", "Join Type": "Inner", "Startup Cost": 2315050.5, "Total Cost": 2627700.1, "Plan Rows": 13913, "Plan Width": 59, "Inner Unique": true, "Plans": [{"Node Type": "Nested Loop", "Parent Relationship": "Outer", "Join Type": "Inner", "Startup Cost": 2315050.5, "Total Cost": 2618076.97, "Plan Rows": 33034, "Plan Width": 40, "Inner Unique": true, "Plans": [{"Node Type": "Aggregate", "Strategy": "Hashed", "Parent Relationship": "Outer", "Startup Cost": 2315050.5, "Total Cost": 2381201.11, "Plan Rows": 33034, "Plan Width": 16, "Group By Key": ["public.lineitem.l_orderkey"], "Filter": "(sum(public.lineitem.l_quantity) > 314::double precision), (LLVM Optimized)", "Plans": [{"Node Type": "Seq Scan", "Parent Relationship": "Outer", "Relation Name": "lineitem", "Alias": "lineitem", "Startup Cost": 0.0, "Total Cost": 2015115.33, "Plan Rows": 59987033, "Plan Width": 16}]}, {"Node Type": "Index Scan", "Parent Relationship": "Inner", "Scan Direction": "Forward", "Index Name": "orders_pkey", "Relation Name": "orders", "Alias": "orders", "Startup Cost": 0.0, "Total Cost": 7.15, "Plan Rows": 1, "Plan Width": 32, "Index Cond": "(o_orderkey = public.lineitem.l_orderkey)"}]}, {"Node Type": "Index Scan", "Parent Relationship": "Inner", "Scan Direction": "Forward", "Index Name": "customer_pkey", "Relation Name": "customer", "Alias": "customer", "Startup Cost": 0.0, "Total Cost": 0.28, "Plan Rows": 1, "Plan Width": 27, "Index Cond": "(c_custkey = orders.o_custkey)"}]}, {"Node Type": "Index Scan", "Parent Relationship": "Inner", "Scan Direction": "Forward", "Index Name": "idx_lineitem_orderkey", "Relation Name": "lineitem", "Alias": "lineitem", "Startup Cost": 0.0, "Total Cost": 0.87, "Plan Rows": 9, "Plan Width": 16, "Index Cond": "(l_orderkey = orders.o_orderkey)"}]}]}]}]}, "Unique SQL Id": 1915754155, "Planner Runtime": 1}, "explain_analyze_plan": {"Plan": {"Node Type": "Limit", "Startup Cost": 2649029.8, "Total Cost": 2649030.05, "Plan Rows": 100, "Plan Width": 59, "Actual Startup Time": 51129.008, "Actual Total Time": 51129.027, "Actual Rows": 84, "Actual Loops": 1, "Plans": [{"Node Type": "Sort", "Parent Relationship": "Outer", "Startup Cost": 2649029.8, "Total Cost": 2649345.6, "Plan Rows": 100, "Plan Width": 59, "Actual Startup Time": 51129.006, "Actual Total Time": 51129.015, "Actual Rows": 84, "Actual Loops": 1, "Sort Key": ["orders.o_totalprice DESC", "orders.o_orderdate"], "Sort Method": "quicksort", "Sort Space Used": 38, "Sort Space Type": "Memory", "Plans": [{"Node Type": "Aggregate", "Strategy": "Hashed", "Parent Relationship": "Outer", "Startup Cost": 2642938.69, "Total Cost": 2644201.9, "Plan Rows": 126321, "Plan Width": 59, "Actual Startup Time": 51128.213, "Actual Total Time": 51128.889, "Actual Rows": 84, "Actual Loops": 1, "Group By Key": ["orders.o_totalprice", "orders.o_orderdate", "customer.c_name", "customer.c_custkey", "orders.o_orderkey"], "Plans": [{"Node Type": "Nested Loop", "Parent Relationship": "Outer", "Join Type": "Inner", "Startup Cost": 2315050.5, "Total Cost": 2641043.88, "Plan Rows": 126321, "Plan Width": 59, "Actual Startup Time": 46173.798, "Actual Total Time": 51126.311, "Actual Rows": 588, "Actual Loops": 1, "Inner Unique": false, "Plans": [{"Node Type": "Nested Loop", "Parent Relationship": "Outer", "Join Type": "Inner", "Startup Cost": 2315050.5, "Total Cost": 2627700.1, "Plan Rows": 13913, "Plan Width": 59, "Actual Startup Time": 46173.775, "Actual Total Time": 51124.263, "Actual Rows": 84, "Actual Loops": 1, "Inner Unique": true, "Plans": [{"Node Type": "Nested Loop", "Parent Relationship": "Outer", "Join Type": "Inner", "Startup Cost": 2315050.5, "Total Cost": 2618076.97, "Plan Rows": 33034, "Plan Width": 40, "Actual Startup Time": 46173.751, "Actual Total Time": 51122.995, "Actual Rows": 84, "Actual Loops": 1, "Inner Unique": true, "Plans": [{"Node Type": "Aggregate", "Strategy": "Hashed", "Parent Relationship": "Outer", "Startup Cost": 2315050.5, "Total Cost": 2381201.11, "Plan Rows": 33034, "Plan Width": 16, "Actual Startup Time": 46173.686, "Actual Total Time": 51106.177, "Actual Rows": 84, "Actual Loops": 1, "Group By Key": ["public.lineitem.l_orderkey"], "Filter": "(sum(public.lineitem.l_quantity) > 314::double precision), (LLVM Optimized, Jit Execute)", "Rows Removed by Filter": 14999916, "Plans": [{"Node Type": "Seq Scan", "Parent Relationship": "Outer", "Relation Name": "lineitem", "Alias": "lineitem", "Startup Cost": 0.0, "Total Cost": 2015115.33, "Plan Rows": 59987033, "Plan Width": 16, "Actual Startup Time": 0.043, "Actual Total Time": 19975.008, "Actual Rows": 59986052, "Actual Loops": 1}]}, {"Node Type": "Index Scan", "Parent Relationship": "Inner", "Scan Direction": "Forward", "Index Name": "orders_pkey", "Relation Name": "orders", "Alias": "orders", "Startup Cost": 0.0, "Total Cost": 7.15, "Plan Rows": 1, "Plan Width": 32, "Actual Startup Time": 2.93, "Actual Total Time": 2.93, "Actual Rows": 84, "Actual Loops": 84, "Index Cond": "(o_orderkey = public.lineitem.l_orderkey)", "Rows Removed by Index Recheck": 0}]}, {"Node Type": "Index Scan", "Parent Relationship": "Inner", "Scan Direction": "Forward", "Index Name": "customer_pkey", "Relation Name": "customer", "Alias": "customer", "Startup Cost": 0.0, "Total Cost": 0.28, "Plan Rows": 1, "Plan Width": 27, "Actual Startup Time": 0.906, "Actual Total Time": 0.906, "Actual Rows": 84, "Actual Loops": 84, "Index Cond": "(c_custkey = orders.o_custkey)", "Rows Removed by Index Recheck": 0}]}, {"Node Type": "Index Scan", "Parent Relationship": "Inner", "Scan Direction": "Forward", "Index Name": "idx_lineitem_orderkey", "Relation Name": "lineitem", "Alias": "lineitem", "Startup Cost": 0.0, "Total Cost": 0.87, "Plan Rows": 9, "Plan Width": 16, "Actual Startup Time": 1.165, "Actual Total Time": 1.622, "Actual Rows": 588, "Actual Loops": 84, "Index Cond": "(l_orderkey = orders.o_orderkey)", "Rows Removed by Index Recheck": 0}]}]}]}]}, "Triggers": [], "Planner Runtime": 1.711, "Total Runtime": 51138.586, "Unique SQL Id": 1915754155}}, "(1, '89')": {"explain_plan": {"Plan": {"Node Type": "Limit", "Startup Cost": 3874068.21, "Total Cost": 3874068.46, "Plan Rows": 100, "Plan Width": 59, "Plans": [{"Node Type": "Sort", "Parent Relationship": "Outer", "Startup Cost": 3874068.21, "Total Cost": 3874384.02, "Plan Rows": 100, "Plan Width": 59, "Sort Key": ["orders.o_totalprice DESC", "orders.o_orderdate"], "Plans": [{"Node Type": "Aggregate", "Strategy": "Hashed", "Parent Relationship": "Outer", "Startup Cost": 3867977.11, "Total Cost": 3869240.32, "Plan Rows": 126321, "Plan Width": 59, "Group By Key": ["orders.o_totalprice", "orders.o_orderdate", "customer.c_name", "customer.c_custkey", "orders.o_orderkey"], "Plans": [{"Node Type": "Nested Loop", "Parent Relationship": "Outer", "Join Type": "Inner", "Startup Cost": 0.0, "Total Cost": 3866082.29, "Plan Rows": 126321, "Plan Width": 59, "Inner Unique": false, "Plans": [{"Node Type": "Nested Loop", "Parent Relationship": "Outer", "Join Type": "Inner", "Startup Cost": 0.0, "Total Cost": 3852738.51, "Plan Rows": 13913, "Plan Width": 59, "Inner Unique": true, "Plans": [{"Node Type": "Nested Loop", "Parent Relationship": "Outer", "Join Type": "Inner", "Startup Cost": 0.0, "Total Cost": 3843115.38, "Plan Rows": 33034, "Plan Width": 40, "Inner Unique": true, "Plans": [{"Node Type": "Aggregate", "Strategy": "Sorted", "Parent Relationship": "Outer", "Startup Cost": 0.0, "Total Cost": 3606239.52, "Plan Rows": 33034, "Plan Width": 24, "Group By Key": ["public.lineitem.l_orderkey"], "Filter": "(sum(public.lineitem.l_quantity) > 314::double precision), (LLVM Optimized)", "Plans": [{"Node Type": "Index Scan", "Parent Relationship": "Outer", "Scan Direction": "Forward", "Index Name": "idx_lineitem_orderkey", "Relation Name": "lineitem", "Alias": "lineitem", "Startup Cost": 0.0, "Total Cost": 3240153.75, "Plan Rows": 59987033, "Plan Width": 16}]}, {"Node Type": "Index Scan", "Parent Relationship": "Inner", "Scan Direction": "Forward", "Index Name": "orders_pkey", "Relation Name": "orders", "Alias": "orders", "Startup Cost": 0.0, "Total Cost": 7.15, "Plan Rows": 1, "Plan Width": 32, "Index Cond": "(o_orderkey = public.lineitem.l_orderkey)"}]}, {"Node Type": "Index Scan", "Parent Relationship": "Inner", "Scan Direction": "Forward", "Index Name": "customer_pkey", "Relation Name": "customer", "Alias": "customer", "Startup Cost": 0.0, "Total Cost": 0.28, "Plan Rows": 1, "Plan Width": 27, "Index Cond": "(c_custkey = orders.o_custkey)"}]}, {"Node Type": "Index Scan", "Parent Relationship": "Inner", "Scan Direction": "Forward", "Index Name": "idx_lineitem_orderkey", "Relation Name": "lineitem", "Alias": "lineitem", "Startup Cost": 0.0, "Total Cost": 0.87, "Plan Rows": 9, "Plan Width": 16, "Index Cond": "(l_orderkey = orders.o_orderkey)"}]}]}]}]}, "Unique SQL Id": 1915754155, "Planner Runtime": 1}, "explain_analyze_plan": {"Plan": {"Node Type": "Limit", "Startup Cost": 3874068.21, "Total Cost": 3874068.46, "Plan Rows": 100, "Plan Width": 59, "Actual Startup Time": 50695.002, "Actual Total Time": 50695.017, "Actual Rows": 84, "Actual Loops": 1, "Plans": [{"Node Type": "Sort", "Parent Relationship": "Outer", "Startup Cost": 3874068.21, "Total Cost": 3874384.02, "Plan Rows": 100, "Plan Width": 59, "Actual Startup Time": 50695.0, "Actual Total Time": 50695.004, "Actual Rows": 84, "Actual Loops": 1, "Sort Key": ["orders.o_totalprice DESC", "orders.o_orderdate"], "Sort Method": "quicksort", "Sort Space Used": 38, "Sort Space Type": "Memory", "Plans": [{"Node Type": "Aggregate", "Strategy": "Hashed", "Parent Relationship": "Outer", "Startup Cost": 3867977.11, "Total Cost": 3869240.32, "Plan Rows": 126321, "Plan Width": 59, "Actual Startup Time": 50694.487, "Actual Total Time": 50694.852, "Actual Rows": 84, "Actual Loops": 1, "Group By Key": ["orders.o_totalprice", "orders.o_orderdate", "customer.c_name", "customer.c_custkey", "orders.o_orderkey"], "Plans": [{"Node Type": "Nested Loop", "Parent Relationship": "Outer", "Join Type": "Inner", "Startup Cost": 0.0, "Total Cost": 3866082.29, "Plan Rows": 126321, "Plan Width": 59, "Actual Startup Time": 1159.494, "Actual Total Time": 50691.109, "Actual Rows": 588, "Actual Loops": 1, "Inner Unique": false, "Plans": [{"Node Type": "Nested Loop", "Parent Relationship": "Outer", "Join Type": "Inner", "Startup Cost": 0.0, "Total Cost": 3852738.51, "Plan Rows": 13913, "Plan Width": 59, "Actual Startup Time": 1159.473, "Actual Total Time": 50688.867, "Actual Rows": 84, "Actual Loops": 1, "Inner Unique": true, "Plans": [{"Node Type": "Nested Loop", "Parent Relationship": "Outer", "Join Type": "Inner", "Startup Cost": 0.0, "Total Cost": 3843115.38, "Plan Rows": 33034, "Plan Width": 40, "Actual Startup Time": 1159.448, "Actual Total Time": 50687.006, "Actual Rows": 84, "Actual Loops": 1, "Inner Unique": true, "Plans": [{"Node Type": "Aggregate", "Strategy": "Sorted", "Parent Relationship": "Outer", "Startup Cost": 0.0, "Total Cost": 3606239.52, "Plan Rows": 33034, "Plan Width": 24, "Actual Startup Time": 1159.408, "Actual Total Time": 50684.063, "Actual Rows": 84, "Actual Loops": 1, "Group By Key": ["public.lineitem.l_orderkey"], "Filter": "(sum(public.lineitem.l_quantity) > 314::double precision), (LLVM Optimized, Jit Execute)", "Rows Removed by Filter": 14999916, "Plans": [{"Node Type": "Index Scan", "Parent Relationship": "Outer", "Scan Direction": "Forward", "Index Name": "idx_lineitem_orderkey", "Relation Name": "lineitem", "Alias": "lineitem", "Startup Cost": 0.0, "Total Cost": 3240153.75, "Plan Rows": 59987033, "Plan Width": 16, "Actual Startup Time": 0.029, "Actual Total Time": 30275.076, "Actual Rows": 59986052, "Actual Loops": 1}]}, {"Node Type": "Index Scan", "Parent Relationship": "Inner", "Scan Direction": "Forward", "Index Name": "orders_pkey", "Relation Name": "orders", "Alias": "orders", "Startup Cost": 0.0, "Total Cost": 7.15, "Plan Rows": 1, "Plan Width": 32, "Actual Startup Time": 1.994, "Actual Total Time": 1.994, "Actual Rows": 84, "Actual Loops": 84, "Index Cond": "(o_orderkey = public.lineitem.l_orderkey)", "Rows Removed by Index Recheck": 0}]}, {"Node Type": "Index Scan", "Parent Relationship": "Inner", "Scan Direction": "Forward", "Index Name": "customer_pkey", "Relation Name": "customer", "Alias": "customer", "Startup Cost": 0.0, "Total Cost": 0.28, "Plan Rows": 1, "Plan Width": 27, "Actual Startup Time": 1.278, "Actual Total Time": 1.278, "Actual Rows": 84, "Actual Loops": 84, "Index Cond": "(c_custkey = orders.o_custkey)", "Rows Removed by Index Recheck": 0}]}, {"Node Type": "Index Scan", "Parent Relationship": "Inner", "Scan Direction": "Forward", "Index Name": "idx_lineitem_orderkey", "Relation Name": "lineitem", "Alias": "lineitem", "Startup Cost": 0.0, "Total Cost": 0.87, "Plan Rows": 9, "Plan Width": 16, "Actual Startup Time": 0.938, "Actual Total Time": 1.562, "Actual Rows": 588, "Actual Loops": 84, "Index Cond": "(l_orderkey = orders.o_orderkey)", "Rows Removed by Index Recheck": 0}]}]}]}]}, "Triggers": [], "Planner Runtime": 1.698, "Total Runtime": 50704.506, "Unique SQL Id": 1915754155}}, "(1, '90')": {"explain_plan": {"Plan": {"Node Type": "Limit", "Startup Cost": 14964595.16, "Total Cost": 14964595.41, "Plan Rows": 100, "Plan Width": 59, "Plans": [{"Node Type": "Sort", "Parent Relationship": "Outer", "Startup Cost": 14964595.16, "Total Cost": 14964910.97, "Plan Rows": 100, "Plan Width": 59, "Sort Key": ["orders.o_totalprice DESC", "orders.o_orderdate"], "Plans": [{"Node Type": "Aggregate", "Strategy": "Hashed", "Parent Relationship": "Outer", "Startup Cost": 14958504.05, "Total Cost": 14959767.26, "Plan Rows": 126321, "Plan Width": 59, "Group By Key": ["orders.o_totalprice", "orders.o_orderdate", "customer.c_name", "customer.c_custkey", "orders.o_orderkey"], "Plans": [{"Node Type": "Merge Join", "Parent Relationship": "Outer", "Join Type": "Inner", "Startup Cost": 14656052.99, "Total Cost": 14956609.24, "Plan Rows": 126321, "Plan Width": 59, "Inner Unique": false, "Merge Cond": "(orders.o_orderkey = public.lineitem.l_orderkey)", "Plans": [{"Node Type": "Sort", "Parent Relationship": "Outer", "Startup Cost": 4891168.67, "Total Cost": 4891203.45, "Plan Rows": 13913, "Plan Width": 59, "Sort Key": ["orders.o_orderkey"], "Plans": [{"Node Type": "Merge Join", "Parent Relationship": "Outer", "Join Type": "Inner", "Startup Cost": 4882215.87, "Total Cost": 4890211.17, "Plan Rows": 13913, "Plan Width": 59, "Inner Unique": true, "Merge Cond": "(orders.o_custkey = customer.c_custkey)", "Plans": [{"Node Type": "Sort", "Parent Relationship": "Outer", "Startup Cost": 4676215.68, "Total Cost": 4676298.26, "Plan Rows": 33034, "Plan Width": 40, "Sort Key": ["orders.o_custkey"], "Plans": [{"Node Type": "Merge Join", "Parent Relationship": "Outer", "Join Type": "Semi", "Startup Cost": 4598243.3, "Total Cost": 4673736.2, "Plan Rows": 33034, "Plan Width": 40, "Inner Unique": false, "Merge Cond": "(orders.o_orderkey = public.lineitem.l_orderkey)", "Plans": [{"Node Type": "Sort", "Parent Relationship": "Outer", "Startup Cost": 2214232.37, "Total Cost": 2251731.07, "Plan Rows": 14999479, "Plan Width": 32, "Sort Key": ["orders.o_orderkey"], "Plans": [{"Node Type": "Seq Scan", "Parent Relationship": "Outer", "Relation Name": "orders", "Alias": "orders", "Startup Cost": 0.0, "Total Cost": 426413.79, "Plan Rows": 14999479, "Plan Width": 32}]}, {"Node Type": "Sort", "Parent Relationship": "Inner", "Startup Cost": 2384010.93, "Total Cost": 2384093.51, "Plan Rows": 33034, "Plan Width": 8, "Sort Key": ["public.lineitem.l_orderkey"], "Plans": [{"Node Type": "Aggregate", "Strategy": "Hashed", "Parent Relationship": "Outer", "Startup Cost": 2315050.5, "Total Cost": 2381201.11, "Plan Rows": 33034, "Plan Width": 16, "Group By Key": ["public.lineitem.l_orderkey"], "Filter": "(sum(public.lineitem.l_quantity) > 314::double precision), (LLVM Optimized)", "Plans": [{"Node Type": "Seq Scan", "Parent Relationship": "Outer", "Relation Name": "lineitem", "Alias": "lineitem", "Startup Cost": 0.0, "Total Cost": 2015115.33, "Plan Rows": 59987033, "Plan Width": 16}]}]}]}]}, {"Node Type": "Sort", "Parent Relationship": "Inner", "Startup Cost": 205999.98, "Total Cost": 209749.98, "Plan Rows": 1500000, "Plan Width": 27, "Sort Key": ["customer.c_custkey"], "Plans": [{"Node Type": "Seq Scan", "Parent Relationship": "Outer", "Relation Name": "customer", "Alias": "customer", "Startup Cost": 0.0, "Total Cost": 52126.0, "Plan Rows": 1500000, "Plan Width": 27}]}]}]}, {"Node Type": "Sort", "Parent Relationship": "Inner", "Startup Cost": 9764884.32, "Total Cost": 9914851.9, "Plan Rows": 59987033, "Plan Width": 16, "Sort Key": ["public.lineitem.l_orderkey"], "Plans": [{"Node Type": "Seq Scan", "Parent Relationship": "Outer", "Relation Name": "lineitem", "Alias": "lineitem", "Startup Cost": 0.0, "Total Cost": 2015115.33, "Plan Rows": 59987033, "Plan Width": 16}]}]}]}]}]}, "Unique SQL Id": 1915754155, "Planner Runtime": 1}, "explain_analyze_plan": null}, "(1, '91')": {"explain_plan": {"Plan": {"Node Type": "Limit", "Startup Cost": 4000748175259.05, "Total Cost": 4000748175259.3, "Plan Rows": 100, "Plan Width": 59, "Plans": [{"Node Type": "Sort", "Parent Relationship": "Outer", "Startup Cost": 4000748175259.05, "Total Cost": 4000748175574.85, "Plan Rows": 100, "Plan Width": 59, "Sort Key": ["orders.o_totalprice DESC", "orders.o_orderdate"], "Plans": [{"Node Type": "Aggregate", "Strategy": "Hashed", "Parent Relationship": "Outer", "Startup Cost": 4000748169167.94, "Total Cost": 4000748170431.15, "Plan Rows": 126321, "Plan Width": 59, "Group By Key": ["orders.o_totalprice", "orders.o_orderdate", "customer.c_name", "customer.c_custkey", "orders.o_orderkey"], "Plans": [{"Node Type": "Merge Join", "Parent Relationship": "Outer", "Join Type": "Inner", "Startup Cost": 2020132599819.0, "Total Cost": 4000748167273.13, "Plan Rows": 126321, "Plan Width": 59, "Inner Unique": false, "Merge Cond": "(public.lineitem.l_orderkey = orders.o_orderkey)", "Plans": [{"Node Type": "Merge Join", "Parent Relationship": "Outer", "Join Type": "Inner", "Startup Cost": 20000000000.0, "Total Cost": 2000648550214.64, "Plan Rows": 299935, "Plan Width": 24, "Inner Unique": false, "Merge Cond": "(public.lineitem.l_orderkey = public.lineitem.l_orderkey)", "Plans": [{"Node Type": "Aggregate", "Strategy": "Sorted", "Parent Relationship": "Outer", "Startup Cost": 10000000000.0, "Total Cost": 1000324381460.28, "Plan Rows": 33034, "Plan Width": 24, "Group By Key": ["public.lineitem.l_orderkey"], "Filter": "(sum(public.lineitem.l_quantity) > 314::double precision), (LLVM Optimized)", "Plans": [{"Node Type": "Index Scan", "Parent Relationship": "Outer", "Scan Direction": "Forward", "Index Name": "idx_lineitem_orderkey", "Relation Name": "lineitem", "Alias": "lineitem", "Startup Cost": 10000000000.0, "Total Cost": 1000324015374.5, "Plan Rows": 59987033, "Plan Width": 16}]}, {"Node Type": "Index Scan", "Parent Relationship": "Inner", "Scan Direction": "Forward", "Index Name": "idx_lineitem_orderkey", "Relation Name": "lineitem", "Alias": "lineitem", "Startup Cost": 10000000000.0, "Total Cost": 1000324015374.5, "Plan Rows": 59987033, "Plan Width": 16}]}, {"Node Type": "Sort", "Parent Relationship": "Inner", "Startup Cost": 2000132599817.84, "Total Cost": 2000132615610.84, "Plan Rows": 6317201, "Plan Width": 51, "Sort Key": ["orders.o_orderkey"], "Plans": [{"Node Type": "Merge Join", "Parent Relationship": "Outer", "Join Type": "Inner", "Startup Cost": 20027060220.86, "Total Cost": 2000131886263.01, "Plan Rows": 6317201, "Plan Width": 51, "Inner Unique": false, "Merge Cond": "(customer.c_custkey = orders.o_custkey)", "Plans": [{"Node Type": "Index Scan", "Parent Relationship": "Outer", "Scan Direction": "Forward", "Index Name": "customer_pkey", "Relation Name": "customer", "Alias": "customer", "Startup Cost": 10000000000.0, "Total Cost": 1000008076535.62, "Plan Rows": 1500000, "Plan Width": 27}, {"Node Type": "Index Scan", "Parent Relationship": "Inner", "Scan Direction": "Forward", "Index Name": "idx_orders_custkey", "Relation Name": "orders", "Alias": "orders", "Startup Cost": 10000000000.0, "Total Cost": 1000156051529.08, "Plan Rows": 14999479, "Plan Width": 32}]}]}]}]}]}]}, "Unique SQL Id": 1915754155, "Planner Runtime": 1}, "explain_analyze_plan": null}, "(1, '92')": {"explain_plan": {"Plan": {"Node Type": "Limit", "Startup Cost": 2649029.8, "Total Cost": 2649030.05, "Plan Rows": 100, "Plan Width": 59, "Plans": [{"Node Type": "Sort", "Parent Relationship": "Outer", "Startup Cost": 2649029.8, "Total Cost": 2649345.6, "Plan Rows": 100, "Plan Width": 59, "Sort Key": ["orders.o_totalprice DESC", "orders.o_orderdate"], "Plans": [{"Node Type": "Aggregate", "Strategy": "Hashed", "Parent Relationship": "Outer", "Startup Cost": 2642938.69, "Total Cost": 2644201.9, "Plan Rows": 126321, "Plan Width": 59, "Group By Key": ["orders.o_totalprice", "orders.o_orderdate", "customer.c_name", "customer.c_custkey", "orders.o_orderkey"], "Plans": [{"Node Type": "Nested Loop", "Parent Relationship": "Outer", "Join Type": "Inner", "Startup Cost": 2315050.5, "Total Cost": 2641043.88, "Plan Rows": 126321, "Plan Width": 59, "Inner Unique": false, "Plans": [{"Node Type": "Nested Loop", "Parent Relationship": "Outer", "Join Type": "Inner", "Startup Cost": 2315050.5, "Total Cost": 2627700.1, "Plan Rows": 13913, "Plan Width": 59, "Inner Unique": true, "Plans": [{"Node Type": "Nested Loop", "Parent Relationship": "Outer", "Join Type": "Inner", "Startup Cost": 2315050.5, "Total Cost": 2618076.97, "Plan Rows": 33034, "Plan Width": 40, "Inner Unique": true, "Plans": [{"Node Type": "Aggregate", "Strategy": "Hashed", "Parent Relationship": "Outer", "Startup Cost": 2315050.5, "Total Cost": 2381201.11, "Plan Rows": 33034, "Plan Width": 16, "Group By Key": ["public.lineitem.l_orderkey"], "Filter": "(sum(public.lineitem.l_quantity) > 314::double precision), (LLVM Optimized)", "Plans": [{"Node Type": "Seq Scan", "Parent Relationship": "Outer", "Relation Name": "lineitem", "Alias": "lineitem", "Startup Cost": 0.0, "Total Cost": 2015115.33, "Plan Rows": 59987033, "Plan Width": 16}]}, {"Node Type": "Index Scan", "Parent Relationship": "Inner", "Scan Direction": "Forward", "Index Name": "orders_pkey", "Relation Name": "orders", "Alias": "orders", "Startup Cost": 0.0, "Total Cost": 7.15, "Plan Rows": 1, "Plan Width": 32, "Index Cond": "(o_orderkey = public.lineitem.l_orderkey)"}]}, {"Node Type": "Index Scan", "Parent Relationship": "Inner", "Scan Direction": "Forward", "Index Name": "customer_pkey", "Relation Name": "customer", "Alias": "customer", "Startup Cost": 0.0, "Total Cost": 0.28, "Plan Rows": 1, "Plan Width": 27, "Index Cond": "(c_custkey = orders.o_custkey)"}]}, {"Node Type": "Index Scan", "Parent Relationship": "Inner", "Scan Direction": "Forward", "Index Name": "idx_lineitem_orderkey", "Relation Name": "lineitem", "Alias": "lineitem", "Startup Cost": 0.0, "Total Cost": 0.87, "Plan Rows": 9, "Plan Width": 16, "Index Cond": "(l_orderkey = orders.o_orderkey)"}]}]}]}]}, "Unique SQL Id": 1915754155, "Planner Runtime": 2}, "explain_analyze_plan": {"Plan": {"Node Type": "Limit", "Startup Cost": 2649029.8, "Total Cost": 2649030.05, "Plan Rows": 100, "Plan Width": 59, "Actual Startup Time": 51129.008, "Actual Total Time": 51129.027, "Actual Rows": 84, "Actual Loops": 1, "Plans": [{"Node Type": "Sort", "Parent Relationship": "Outer", "Startup Cost": 2649029.8, "Total Cost": 2649345.6, "Plan Rows": 100, "Plan Width": 59, "Actual Startup Time": 51129.006, "Actual Total Time": 51129.015, "Actual Rows": 84, "Actual Loops": 1, "Sort Key": ["orders.o_totalprice DESC", "orders.o_orderdate"], "Sort Method": "quicksort", "Sort Space Used": 38, "Sort Space Type": "Memory", "Plans": [{"Node Type": "Aggregate", "Strategy": "Hashed", "Parent Relationship": "Outer", "Startup Cost": 2642938.69, "Total Cost": 2644201.9, "Plan Rows": 126321, "Plan Width": 59, "Actual Startup Time": 51128.213, "Actual Total Time": 51128.889, "Actual Rows": 84, "Actual Loops": 1, "Group By Key": ["orders.o_totalprice", "orders.o_orderdate", "customer.c_name", "customer.c_custkey", "orders.o_orderkey"], "Plans": [{"Node Type": "Nested Loop", "Parent Relationship": "Outer", "Join Type": "Inner", "Startup Cost": 2315050.5, "Total Cost": 2641043.88, "Plan Rows": 126321, "Plan Width": 59, "Actual Startup Time": 46173.798, "Actual Total Time": 51126.311, "Actual Rows": 588, "Actual Loops": 1, "Inner Unique": false, "Plans": [{"Node Type": "Nested Loop", "Parent Relationship": "Outer", "Join Type": "Inner", "Startup Cost": 2315050.5, "Total Cost": 2627700.1, "Plan Rows": 13913, "Plan Width": 59, "Actual Startup Time": 46173.775, "Actual Total Time": 51124.263, "Actual Rows": 84, "Actual Loops": 1, "Inner Unique": true, "Plans": [{"Node Type": "Nested Loop", "Parent Relationship": "Outer", "Join Type": "Inner", "Startup Cost": 2315050.5, "Total Cost": 2618076.97, "Plan Rows": 33034, "Plan Width": 40, "Actual Startup Time": 46173.751, "Actual Total Time": 51122.995, "Actual Rows": 84, "Actual Loops": 1, "Inner Unique": true, "Plans": [{"Node Type": "Aggregate", "Strategy": "Hashed", "Parent Relationship": "Outer", "Startup Cost": 2315050.5, "Total Cost": 2381201.11, "Plan Rows": 33034, "Plan Width": 16, "Actual Startup Time": 46173.686, "Actual Total Time": 51106.177, "Actual Rows": 84, "Actual Loops": 1, "Group By Key": ["public.lineitem.l_orderkey"], "Filter": "(sum(public.lineitem.l_quantity) > 314::double precision), (LLVM Optimized, Jit Execute)", "Rows Removed by Filter": 14999916, "Plans": [{"Node Type": "Seq Scan", "Parent Relationship": "Outer", "Relation Name": "lineitem", "Alias": "lineitem", "Startup Cost": 0.0, "Total Cost": 2015115.33, "Plan Rows": 59987033, "Plan Width": 16, "Actual Startup Time": 0.043, "Actual Total Time": 19975.008, "Actual Rows": 59986052, "Actual Loops": 1}]}, {"Node Type": "Index Scan", "Parent Relationship": "Inner", "Scan Direction": "Forward", "Index Name": "orders_pkey", "Relation Name": "orders", "Alias": "orders", "Startup Cost": 0.0, "Total Cost": 7.15, "Plan Rows": 1, "Plan Width": 32, "Actual Startup Time": 2.93, "Actual Total Time": 2.93, "Actual Rows": 84, "Actual Loops": 84, "Index Cond": "(o_orderkey = public.lineitem.l_orderkey)", "Rows Removed by Index Recheck": 0}]}, {"Node Type": "Index Scan", "Parent Relationship": "Inner", "Scan Direction": "Forward", "Index Name": "customer_pkey", "Relation Name": "customer", "Alias": "customer", "Startup Cost": 0.0, "Total Cost": 0.28, "Plan Rows": 1, "Plan Width": 27, "Actual Startup Time": 0.906, "Actual Total Time": 0.906, "Actual Rows": 84, "Actual Loops": 84, "Index Cond": "(c_custkey = orders.o_custkey)", "Rows Removed by Index Recheck": 0}]}, {"Node Type": "Index Scan", "Parent Relationship": "Inner", "Scan Direction": "Forward", "Index Name": "idx_lineitem_orderkey", "Relation Name": "lineitem", "Alias": "lineitem", "Startup Cost": 0.0, "Total Cost": 0.87, "Plan Rows": 9, "Plan Width": 16, "Actual Startup Time": 1.165, "Actual Total Time": 1.622, "Actual Rows": 588, "Actual Loops": 84, "Index Cond": "(l_orderkey = orders.o_orderkey)", "Rows Removed by Index Recheck": 0}]}]}]}]}, "Triggers": [], "Planner Runtime": 1.711, "Total Runtime": 51138.586, "Unique SQL Id": 1915754155}}, "(1, '93')": {"explain_plan": {"Plan": {"Node Type": "Limit", "Startup Cost": 3874068.21, "Total Cost": 3874068.46, "Plan Rows": 100, "Plan Width": 59, "Plans": [{"Node Type": "Sort", "Parent Relationship": "Outer", "Startup Cost": 3874068.21, "Total Cost": 3874384.02, "Plan Rows": 100, "Plan Width": 59, "Sort Key": ["orders.o_totalprice DESC", "orders.o_orderdate"], "Plans": [{"Node Type": "Aggregate", "Strategy": "Hashed", "Parent Relationship": "Outer", "Startup Cost": 3867977.11, "Total Cost": 3869240.32, "Plan Rows": 126321, "Plan Width": 59, "Group By Key": ["orders.o_totalprice", "orders.o_orderdate", "customer.c_name", "customer.c_custkey", "orders.o_orderkey"], "Plans": [{"Node Type": "Nested Loop", "Parent Relationship": "Outer", "Join Type": "Inner", "Startup Cost": 0.0, "Total Cost": 3866082.29, "Plan Rows": 126321, "Plan Width": 59, "Inner Unique": false, "Plans": [{"Node Type": "Nested Loop", "Parent Relationship": "Outer", "Join Type": "Inner", "Startup Cost": 0.0, "Total Cost": 3852738.51, "Plan Rows": 13913, "Plan Width": 59, "Inner Unique": true, "Plans": [{"Node Type": "Nested Loop", "Parent Relationship": "Outer", "Join Type": "Inner", "Startup Cost": 0.0, "Total Cost": 3843115.38, "Plan Rows": 33034, "Plan Width": 40, "Inner Unique": true, "Plans": [{"Node Type": "Aggregate", "Strategy": "Sorted", "Parent Relationship": "Outer", "Startup Cost": 0.0, "Total Cost": 3606239.52, "Plan Rows": 33034, "Plan Width": 24, "Group By Key": ["public.lineitem.l_orderkey"], "Filter": "(sum(public.lineitem.l_quantity) > 314::double precision), (LLVM Optimized)", "Plans": [{"Node Type": "Index Scan", "Parent Relationship": "Outer", "Scan Direction": "Forward", "Index Name": "idx_lineitem_orderkey", "Relation Name": "lineitem", "Alias": "lineitem", "Startup Cost": 0.0, "Total Cost": 3240153.75, "Plan Rows": 59987033, "Plan Width": 16}]}, {"Node Type": "Index Scan", "Parent Relationship": "Inner", "Scan Direction": "Forward", "Index Name": "orders_pkey", "Relation Name": "orders", "Alias": "orders", "Startup Cost": 0.0, "Total Cost": 7.15, "Plan Rows": 1, "Plan Width": 32, "Index Cond": "(o_orderkey = public.lineitem.l_orderkey)"}]}, {"Node Type": "Index Scan", "Parent Relationship": "Inner", "Scan Direction": "Forward", "Index Name": "customer_pkey", "Relation Name": "customer", "Alias": "customer", "Startup Cost": 0.0, "Total Cost": 0.28, "Plan Rows": 1, "Plan Width": 27, "Index Cond": "(c_custkey = orders.o_custkey)"}]}, {"Node Type": "Index Scan", "Parent Relationship": "Inner", "Scan Direction": "Forward", "Index Name": "idx_lineitem_orderkey", "Relation Name": "lineitem", "Alias": "lineitem", "Startup Cost": 0.0, "Total Cost": 0.87, "Plan Rows": 9, "Plan Width": 16, "Index Cond": "(l_orderkey = orders.o_orderkey)"}]}]}]}]}, "Unique SQL Id": 1915754155, "Planner Runtime": 1}, "explain_analyze_plan": {"Plan": {"Node Type": "Limit", "Startup Cost": 3874068.21, "Total Cost": 3874068.46, "Plan Rows": 100, "Plan Width": 59, "Actual Startup Time": 50695.002, "Actual Total Time": 50695.017, "Actual Rows": 84, "Actual Loops": 1, "Plans": [{"Node Type": "Sort", "Parent Relationship": "Outer", "Startup Cost": 3874068.21, "Total Cost": 3874384.02, "Plan Rows": 100, "Plan Width": 59, "Actual Startup Time": 50695.0, "Actual Total Time": 50695.004, "Actual Rows": 84, "Actual Loops": 1, "Sort Key": ["orders.o_totalprice DESC", "orders.o_orderdate"], "Sort Method": "quicksort", "Sort Space Used": 38, "Sort Space Type": "Memory", "Plans": [{"Node Type": "Aggregate", "Strategy": "Hashed", "Parent Relationship": "Outer", "Startup Cost": 3867977.11, "Total Cost": 3869240.32, "Plan Rows": 126321, "Plan Width": 59, "Actual Startup Time": 50694.487, "Actual Total Time": 50694.852, "Actual Rows": 84, "Actual Loops": 1, "Group By Key": ["orders.o_totalprice", "orders.o_orderdate", "customer.c_name", "customer.c_custkey", "orders.o_orderkey"], "Plans": [{"Node Type": "Nested Loop", "Parent Relationship": "Outer", "Join Type": "Inner", "Startup Cost": 0.0, "Total Cost": 3866082.29, "Plan Rows": 126321, "Plan Width": 59, "Actual Startup Time": 1159.494, "Actual Total Time": 50691.109, "Actual Rows": 588, "Actual Loops": 1, "Inner Unique": false, "Plans": [{"Node Type": "Nested Loop", "Parent Relationship": "Outer", "Join Type": "Inner", "Startup Cost": 0.0, "Total Cost": 3852738.51, "Plan Rows": 13913, "Plan Width": 59, "Actual Startup Time": 1159.473, "Actual Total Time": 50688.867, "Actual Rows": 84, "Actual Loops": 1, "Inner Unique": true, "Plans": [{"Node Type": "Nested Loop", "Parent Relationship": "Outer", "Join Type": "Inner", "Startup Cost": 0.0, "Total Cost": 3843115.38, "Plan Rows": 33034, "Plan Width": 40, "Actual Startup Time": 1159.448, "Actual Total Time": 50687.006, "Actual Rows": 84, "Actual Loops": 1, "Inner Unique": true, "Plans": [{"Node Type": "Aggregate", "Strategy": "Sorted", "Parent Relationship": "Outer", "Startup Cost": 0.0, "Total Cost": 3606239.52, "Plan Rows": 33034, "Plan Width": 24, "Actual Startup Time": 1159.408, "Actual Total Time": 50684.063, "Actual Rows": 84, "Actual Loops": 1, "Group By Key": ["public.lineitem.l_orderkey"], "Filter": "(sum(public.lineitem.l_quantity) > 314::double precision), (LLVM Optimized, Jit Execute)", "Rows Removed by Filter": 14999916, "Plans": [{"Node Type": "Index Scan", "Parent Relationship": "Outer", "Scan Direction": "Forward", "Index Name": "idx_lineitem_orderkey", "Relation Name": "lineitem", "Alias": "lineitem", "Startup Cost": 0.0, "Total Cost": 3240153.75, "Plan Rows": 59987033, "Plan Width": 16, "Actual Startup Time": 0.029, "Actual Total Time": 30275.076, "Actual Rows": 59986052, "Actual Loops": 1}]}, {"Node Type": "Index Scan", "Parent Relationship": "Inner", "Scan Direction": "Forward", "Index Name": "orders_pkey", "Relation Name": "orders", "Alias": "orders", "Startup Cost": 0.0, "Total Cost": 7.15, "Plan Rows": 1, "Plan Width": 32, "Actual Startup Time": 1.994, "Actual Total Time": 1.994, "Actual Rows": 84, "Actual Loops": 84, "Index Cond": "(o_orderkey = public.lineitem.l_orderkey)", "Rows Removed by Index Recheck": 0}]}, {"Node Type": "Index Scan", "Parent Relationship": "Inner", "Scan Direction": "Forward", "Index Name": "customer_pkey", "Relation Name": "customer", "Alias": "customer", "Startup Cost": 0.0, "Total Cost": 0.28, "Plan Rows": 1, "Plan Width": 27, "Actual Startup Time": 1.278, "Actual Total Time": 1.278, "Actual Rows": 84, "Actual Loops": 84, "Index Cond": "(c_custkey = orders.o_custkey)", "Rows Removed by Index Recheck": 0}]}, {"Node Type": "Index Scan", "Parent Relationship": "Inner", "Scan Direction": "Forward", "Index Name": "idx_lineitem_orderkey", "Relation Name": "lineitem", "Alias": "lineitem", "Startup Cost": 0.0, "Total Cost": 0.87, "Plan Rows": 9, "Plan Width": 16, "Actual Startup Time": 0.938, "Actual Total Time": 1.562, "Actual Rows": 588, "Actual Loops": 84, "Index Cond": "(l_orderkey = orders.o_orderkey)", "Rows Removed by Index Recheck": 0}]}]}]}]}, "Triggers": [], "Planner Runtime": 1.698, "Total Runtime": 50704.506, "Unique SQL Id": 1915754155}}, "(1, '94')": {"explain_plan": {"Plan": {"Node Type": "Limit", "Startup Cost": 14964595.16, "Total Cost": 14964595.41, "Plan Rows": 100, "Plan Width": 59, "Plans": [{"Node Type": "Sort", "Parent Relationship": "Outer", "Startup Cost": 14964595.16, "Total Cost": 14964910.97, "Plan Rows": 100, "Plan Width": 59, "Sort Key": ["orders.o_totalprice DESC", "orders.o_orderdate"], "Plans": [{"Node Type": "Aggregate", "Strategy": "Hashed", "Parent Relationship": "Outer", "Startup Cost": 14958504.05, "Total Cost": 14959767.26, "Plan Rows": 126321, "Plan Width": 59, "Group By Key": ["orders.o_totalprice", "orders.o_orderdate", "customer.c_name", "customer.c_custkey", "orders.o_orderkey"], "Plans": [{"Node Type": "Merge Join", "Parent Relationship": "Outer", "Join Type": "Inner", "Startup Cost": 14656052.99, "Total Cost": 14956609.24, "Plan Rows": 126321, "Plan Width": 59, "Inner Unique": false, "Merge Cond": "(orders.o_orderkey = public.lineitem.l_orderkey)", "Plans": [{"Node Type": "Sort", "Parent Relationship": "Outer", "Startup Cost": 4891168.67, "Total Cost": 4891203.45, "Plan Rows": 13913, "Plan Width": 59, "Sort Key": ["orders.o_orderkey"], "Plans": [{"Node Type": "Merge Join", "Parent Relationship": "Outer", "Join Type": "Inner", "Startup Cost": 4882215.87, "Total Cost": 4890211.17, "Plan Rows": 13913, "Plan Width": 59, "Inner Unique": true, "Merge Cond": "(orders.o_custkey = customer.c_custkey)", "Plans": [{"Node Type": "Sort", "Parent Relationship": "Outer", "Startup Cost": 4676215.68, "Total Cost": 4676298.26, "Plan Rows": 33034, "Plan Width": 40, "Sort Key": ["orders.o_custkey"], "Plans": [{"Node Type": "Merge Join", "Parent Relationship": "Outer", "Join Type": "Semi", "Startup Cost": 4598243.3, "Total Cost": 4673736.2, "Plan Rows": 33034, "Plan Width": 40, "Inner Unique": false, "Merge Cond": "(orders.o_orderkey = public.lineitem.l_orderkey)", "Plans": [{"Node Type": "Sort", "Parent Relationship": "Outer", "Startup Cost": 2214232.37, "Total Cost": 2251731.07, "Plan Rows": 14999479, "Plan Width": 32, "Sort Key": ["orders.o_orderkey"], "Plans": [{"Node Type": "Seq Scan", "Parent Relationship": "Outer", "Relation Name": "orders", "Alias": "orders", "Startup Cost": 0.0, "Total Cost": 426413.79, "Plan Rows": 14999479, "Plan Width": 32}]}, {"Node Type": "Sort", "Parent Relationship": "Inner", "Startup Cost": 2384010.93, "Total Cost": 2384093.51, "Plan Rows": 33034, "Plan Width": 8, "Sort Key": ["public.lineitem.l_orderkey"], "Plans": [{"Node Type": "Aggregate", "Strategy": "Hashed", "Parent Relationship": "Outer", "Startup Cost": 2315050.5, "Total Cost": 2381201.11, "Plan Rows": 33034, "Plan Width": 16, "Group By Key": ["public.lineitem.l_orderkey"], "Filter": "(sum(public.lineitem.l_quantity) > 314::double precision), (LLVM Optimized)", "Plans": [{"Node Type": "Seq Scan", "Parent Relationship": "Outer", "Relation Name": "lineitem", "Alias": "lineitem", "Startup Cost": 0.0, "Total Cost": 2015115.33, "Plan Rows": 59987033, "Plan Width": 16}]}]}]}]}, {"Node Type": "Sort", "Parent Relationship": "Inner", "Startup Cost": 205999.98, "Total Cost": 209749.98, "Plan Rows": 1500000, "Plan Width": 27, "Sort Key": ["customer.c_custkey"], "Plans": [{"Node Type": "Seq Scan", "Parent Relationship": "Outer", "Relation Name": "customer", "Alias": "customer", "Startup Cost": 0.0, "Total Cost": 52126.0, "Plan Rows": 1500000, "Plan Width": 27}]}]}]}, {"Node Type": "Sort", "Parent Relationship": "Inner", "Startup Cost": 9764884.32, "Total Cost": 9914851.9, "Plan Rows": 59987033, "Plan Width": 16, "Sort Key": ["public.lineitem.l_orderkey"], "Plans": [{"Node Type": "Seq Scan", "Parent Relationship": "Outer", "Relation Name": "lineitem", "Alias": "lineitem", "Startup Cost": 0.0, "Total Cost": 2015115.33, "Plan Rows": 59987033, "Plan Width": 16}]}]}]}]}]}, "Unique SQL Id": 1915754155, "Planner Runtime": 1}, "explain_analyze_plan": null}, "(1, '95')": {"explain_plan": {"Plan": {"Node Type": "Limit", "Startup Cost": 4000748175259.05, "Total Cost": 4000748175259.3, "Plan Rows": 100, "Plan Width": 59, "Plans": [{"Node Type": "Sort", "Parent Relationship": "Outer", "Startup Cost": 4000748175259.05, "Total Cost": 4000748175574.85, "Plan Rows": 100, "Plan Width": 59, "Sort Key": ["orders.o_totalprice DESC", "orders.o_orderdate"], "Plans": [{"Node Type": "Aggregate", "Strategy": "Hashed", "Parent Relationship": "Outer", "Startup Cost": 4000748169167.94, "Total Cost": 4000748170431.15, "Plan Rows": 126321, "Plan Width": 59, "Group By Key": ["orders.o_totalprice", "orders.o_orderdate", "customer.c_name", "customer.c_custkey", "orders.o_orderkey"], "Plans": [{"Node Type": "Merge Join", "Parent Relationship": "Outer", "Join Type": "Inner", "Startup Cost": 2020132599819.0, "Total Cost": 4000748167273.13, "Plan Rows": 126321, "Plan Width": 59, "Inner Unique": false, "Merge Cond": "(public.lineitem.l_orderkey = orders.o_orderkey)", "Plans": [{"Node Type": "Merge Join", "Parent Relationship": "Outer", "Join Type": "Inner", "Startup Cost": 20000000000.0, "Total Cost": 2000648550214.64, "Plan Rows": 299935, "Plan Width": 24, "Inner Unique": false, "Merge Cond": "(public.lineitem.l_orderkey = public.lineitem.l_orderkey)", "Plans": [{"Node Type": "Aggregate", "Strategy": "Sorted", "Parent Relationship": "Outer", "Startup Cost": 10000000000.0, "Total Cost": 1000324381460.28, "Plan Rows": 33034, "Plan Width": 24, "Group By Key": ["public.lineitem.l_orderkey"], "Filter": "(sum(public.lineitem.l_quantity) > 314::double precision), (LLVM Optimized)", "Plans": [{"Node Type": "Index Scan", "Parent Relationship": "Outer", "Scan Direction": "Forward", "Index Name": "idx_lineitem_orderkey", "Relation Name": "lineitem", "Alias": "lineitem", "Startup Cost": 10000000000.0, "Total Cost": 1000324015374.5, "Plan Rows": 59987033, "Plan Width": 16}]}, {"Node Type": "Index Scan", "Parent Relationship": "Inner", "Scan Direction": "Forward", "Index Name": "idx_lineitem_orderkey", "Relation Name": "lineitem", "Alias": "lineitem", "Startup Cost": 10000000000.0, "Total Cost": 1000324015374.5, "Plan Rows": 59987033, "Plan Width": 16}]}, {"Node Type": "Sort", "Parent Relationship": "Inner", "Startup Cost": 2000132599817.84, "Total Cost": 2000132615610.84, "Plan Rows": 6317201, "Plan Width": 51, "Sort Key": ["orders.o_orderkey"], "Plans": [{"Node Type": "Merge Join", "Parent Relationship": "Outer", "Join Type": "Inner", "Startup Cost": 20027060220.86, "Total Cost": 2000131886263.01, "Plan Rows": 6317201, "Plan Width": 51, "Inner Unique": false, "Merge Cond": "(customer.c_custkey = orders.o_custkey)", "Plans": [{"Node Type": "Index Scan", "Parent Relationship": "Outer", "Scan Direction": "Forward", "Index Name": "customer_pkey", "Relation Name": "customer", "Alias": "customer", "Startup Cost": 10000000000.0, "Total Cost": 1000008076535.62, "Plan Rows": 1500000, "Plan Width": 27}, {"Node Type": "Index Scan", "Parent Relationship": "Inner", "Scan Direction": "Forward", "Index Name": "idx_orders_custkey", "Relation Name": "orders", "Alias": "orders", "Startup Cost": 10000000000.0, "Total Cost": 1000156051529.08, "Plan Rows": 14999479, "Plan Width": 32}]}]}]}]}]}]}, "Unique SQL Id": 1915754155, "Planner Runtime": 1}, "explain_analyze_plan": null}, "(1, '96')": {"explain_plan": {"Plan": {"Node Type": "Limit", "Startup Cost": 2649029.8, "Total Cost": 2649030.05, "Plan Rows": 100, "Plan Width": 59, "Plans": [{"Node Type": "Sort", "Parent Relationship": "Outer", "Startup Cost": 2649029.8, "Total Cost": 2649345.6, "Plan Rows": 100, "Plan Width": 59, "Sort Key": ["orders.o_totalprice DESC", "orders.o_orderdate"], "Plans": [{"Node Type": "Aggregate", "Strategy": "Hashed", "Parent Relationship": "Outer", "Startup Cost": 2642938.69, "Total Cost": 2644201.9, "Plan Rows": 126321, "Plan Width": 59, "Group By Key": ["orders.o_totalprice", "orders.o_orderdate", "customer.c_name", "customer.c_custkey", "orders.o_orderkey"], "Plans": [{"Node Type": "Nested Loop", "Parent Relationship": "Outer", "Join Type": "Inner", "Startup Cost": 2315050.5, "Total Cost": 2641043.88, "Plan Rows": 126321, "Plan Width": 59, "Inner Unique": false, "Plans": [{"Node Type": "Nested Loop", "Parent Relationship": "Outer", "Join Type": "Inner", "Startup Cost": 2315050.5, "Total Cost": 2627700.1, "Plan Rows": 13913, "Plan Width": 59, "Inner Unique": true, "Plans": [{"Node Type": "Nested Loop", "Parent Relationship": "Outer", "Join Type": "Inner", "Startup Cost": 2315050.5, "Total Cost": 2618076.97, "Plan Rows": 33034, "Plan Width": 40, "Inner Unique": true, "Plans": [{"Node Type": "Aggregate", "Strategy": "Hashed", "Parent Relationship": "Outer", "Startup Cost": 2315050.5, "Total Cost": 2381201.11, "Plan Rows": 33034, "Plan Width": 16, "Group By Key": ["public.lineitem.l_orderkey"], "Filter": "(sum(public.lineitem.l_quantity) > 314::double precision), (LLVM Optimized)", "Plans": [{"Node Type": "Seq Scan", "Parent Relationship": "Outer", "Relation Name": "lineitem", "Alias": "lineitem", "Startup Cost": 0.0, "Total Cost": 2015115.33, "Plan Rows": 59987033, "Plan Width": 16}]}, {"Node Type": "Index Scan", "Parent Relationship": "Inner", "Scan Direction": "Forward", "Index Name": "orders_pkey", "Relation Name": "orders", "Alias": "orders", "Startup Cost": 0.0, "Total Cost": 7.15, "Plan Rows": 1, "Plan Width": 32, "Index Cond": "(o_orderkey = public.lineitem.l_orderkey)"}]}, {"Node Type": "Index Scan", "Parent Relationship": "Inner", "Scan Direction": "Forward", "Index Name": "customer_pkey", "Relation Name": "customer", "Alias": "customer", "Startup Cost": 0.0, "Total Cost": 0.28, "Plan Rows": 1, "Plan Width": 27, "Index Cond": "(c_custkey = orders.o_custkey)"}]}, {"Node Type": "Index Scan", "Parent Relationship": "Inner", "Scan Direction": "Forward", "Index Name": "idx_lineitem_orderkey", "Relation Name": "lineitem", "Alias": "lineitem", "Startup Cost": 0.0, "Total Cost": 0.87, "Plan Rows": 9, "Plan Width": 16, "Index Cond": "(l_orderkey = orders.o_orderkey)"}]}]}]}]}, "Unique SQL Id": 1915754155, "Planner Runtime": 0}, "explain_analyze_plan": {"Plan": {"Node Type": "Limit", "Startup Cost": 2649029.8, "Total Cost": 2649030.05, "Plan Rows": 100, "Plan Width": 59, "Actual Startup Time": 51129.008, "Actual Total Time": 51129.027, "Actual Rows": 84, "Actual Loops": 1, "Plans": [{"Node Type": "Sort", "Parent Relationship": "Outer", "Startup Cost": 2649029.8, "Total Cost": 2649345.6, "Plan Rows": 100, "Plan Width": 59, "Actual Startup Time": 51129.006, "Actual Total Time": 51129.015, "Actual Rows": 84, "Actual Loops": 1, "Sort Key": ["orders.o_totalprice DESC", "orders.o_orderdate"], "Sort Method": "quicksort", "Sort Space Used": 38, "Sort Space Type": "Memory", "Plans": [{"Node Type": "Aggregate", "Strategy": "Hashed", "Parent Relationship": "Outer", "Startup Cost": 2642938.69, "Total Cost": 2644201.9, "Plan Rows": 126321, "Plan Width": 59, "Actual Startup Time": 51128.213, "Actual Total Time": 51128.889, "Actual Rows": 84, "Actual Loops": 1, "Group By Key": ["orders.o_totalprice", "orders.o_orderdate", "customer.c_name", "customer.c_custkey", "orders.o_orderkey"], "Plans": [{"Node Type": "Nested Loop", "Parent Relationship": "Outer", "Join Type": "Inner", "Startup Cost": 2315050.5, "Total Cost": 2641043.88, "Plan Rows": 126321, "Plan Width": 59, "Actual Startup Time": 46173.798, "Actual Total Time": 51126.311, "Actual Rows": 588, "Actual Loops": 1, "Inner Unique": false, "Plans": [{"Node Type": "Nested Loop", "Parent Relationship": "Outer", "Join Type": "Inner", "Startup Cost": 2315050.5, "Total Cost": 2627700.1, "Plan Rows": 13913, "Plan Width": 59, "Actual Startup Time": 46173.775, "Actual Total Time": 51124.263, "Actual Rows": 84, "Actual Loops": 1, "Inner Unique": true, "Plans": [{"Node Type": "Nested Loop", "Parent Relationship": "Outer", "Join Type": "Inner", "Startup Cost": 2315050.5, "Total Cost": 2618076.97, "Plan Rows": 33034, "Plan Width": 40, "Actual Startup Time": 46173.751, "Actual Total Time": 51122.995, "Actual Rows": 84, "Actual Loops": 1, "Inner Unique": true, "Plans": [{"Node Type": "Aggregate", "Strategy": "Hashed", "Parent Relationship": "Outer", "Startup Cost": 2315050.5, "Total Cost": 2381201.11, "Plan Rows": 33034, "Plan Width": 16, "Actual Startup Time": 46173.686, "Actual Total Time": 51106.177, "Actual Rows": 84, "Actual Loops": 1, "Group By Key": ["public.lineitem.l_orderkey"], "Filter": "(sum(public.lineitem.l_quantity) > 314::double precision), (LLVM Optimized, Jit Execute)", "Rows Removed by Filter": 14999916, "Plans": [{"Node Type": "Seq Scan", "Parent Relationship": "Outer", "Relation Name": "lineitem", "Alias": "lineitem", "Startup Cost": 0.0, "Total Cost": 2015115.33, "Plan Rows": 59987033, "Plan Width": 16, "Actual Startup Time": 0.043, "Actual Total Time": 19975.008, "Actual Rows": 59986052, "Actual Loops": 1}]}, {"Node Type": "Index Scan", "Parent Relationship": "Inner", "Scan Direction": "Forward", "Index Name": "orders_pkey", "Relation Name": "orders", "Alias": "orders", "Startup Cost": 0.0, "Total Cost": 7.15, "Plan Rows": 1, "Plan Width": 32, "Actual Startup Time": 2.93, "Actual Total Time": 2.93, "Actual Rows": 84, "Actual Loops": 84, "Index Cond": "(o_orderkey = public.lineitem.l_orderkey)", "Rows Removed by Index Recheck": 0}]}, {"Node Type": "Index Scan", "Parent Relationship": "Inner", "Scan Direction": "Forward", "Index Name": "customer_pkey", "Relation Name": "customer", "Alias": "customer", "Startup Cost": 0.0, "Total Cost": 0.28, "Plan Rows": 1, "Plan Width": 27, "Actual Startup Time": 0.906, "Actual Total Time": 0.906, "Actual Rows": 84, "Actual Loops": 84, "Index Cond": "(c_custkey = orders.o_custkey)", "Rows Removed by Index Recheck": 0}]}, {"Node Type": "Index Scan", "Parent Relationship": "Inner", "Scan Direction": "Forward", "Index Name": "idx_lineitem_orderkey", "Relation Name": "lineitem", "Alias": "lineitem", "Startup Cost": 0.0, "Total Cost": 0.87, "Plan Rows": 9, "Plan Width": 16, "Actual Startup Time": 1.165, "Actual Total Time": 1.622, "Actual Rows": 588, "Actual Loops": 84, "Index Cond": "(l_orderkey = orders.o_orderkey)", "Rows Removed by Index Recheck": 0}]}]}]}]}, "Triggers": [], "Planner Runtime": 1.711, "Total Runtime": 51138.586, "Unique SQL Id": 1915754155}}, "(1, '97')": {"explain_plan": {"Plan": {"Node Type": "Limit", "Startup Cost": 3874068.21, "Total Cost": 3874068.46, "Plan Rows": 100, "Plan Width": 59, "Plans": [{"Node Type": "Sort", "Parent Relationship": "Outer", "Startup Cost": 3874068.21, "Total Cost": 3874384.02, "Plan Rows": 100, "Plan Width": 59, "Sort Key": ["orders.o_totalprice DESC", "orders.o_orderdate"], "Plans": [{"Node Type": "Aggregate", "Strategy": "Hashed", "Parent Relationship": "Outer", "Startup Cost": 3867977.11, "Total Cost": 3869240.32, "Plan Rows": 126321, "Plan Width": 59, "Group By Key": ["orders.o_totalprice", "orders.o_orderdate", "customer.c_name", "customer.c_custkey", "orders.o_orderkey"], "Plans": [{"Node Type": "Nested Loop", "Parent Relationship": "Outer", "Join Type": "Inner", "Startup Cost": 0.0, "Total Cost": 3866082.29, "Plan Rows": 126321, "Plan Width": 59, "Inner Unique": false, "Plans": [{"Node Type": "Nested Loop", "Parent Relationship": "Outer", "Join Type": "Inner", "Startup Cost": 0.0, "Total Cost": 3852738.51, "Plan Rows": 13913, "Plan Width": 59, "Inner Unique": true, "Plans": [{"Node Type": "Nested Loop", "Parent Relationship": "Outer", "Join Type": "Inner", "Startup Cost": 0.0, "Total Cost": 3843115.38, "Plan Rows": 33034, "Plan Width": 40, "Inner Unique": true, "Plans": [{"Node Type": "Aggregate", "Strategy": "Sorted", "Parent Relationship": "Outer", "Startup Cost": 0.0, "Total Cost": 3606239.52, "Plan Rows": 33034, "Plan Width": 24, "Group By Key": ["public.lineitem.l_orderkey"], "Filter": "(sum(public.lineitem.l_quantity) > 314::double precision), (LLVM Optimized)", "Plans": [{"Node Type": "Index Scan", "Parent Relationship": "Outer", "Scan Direction": "Forward", "Index Name": "idx_lineitem_orderkey", "Relation Name": "lineitem", "Alias": "lineitem", "Startup Cost": 0.0, "Total Cost": 3240153.75, "Plan Rows": 59987033, "Plan Width": 16}]}, {"Node Type": "Index Scan", "Parent Relationship": "Inner", "Scan Direction": "Forward", "Index Name": "orders_pkey", "Relation Name": "orders", "Alias": "orders", "Startup Cost": 0.0, "Total Cost": 7.15, "Plan Rows": 1, "Plan Width": 32, "Index Cond": "(o_orderkey = public.lineitem.l_orderkey)"}]}, {"Node Type": "Index Scan", "Parent Relationship": "Inner", "Scan Direction": "Forward", "Index Name": "customer_pkey", "Relation Name": "customer", "Alias": "customer", "Startup Cost": 0.0, "Total Cost": 0.28, "Plan Rows": 1, "Plan Width": 27, "Index Cond": "(c_custkey = orders.o_custkey)"}]}, {"Node Type": "Index Scan", "Parent Relationship": "Inner", "Scan Direction": "Forward", "Index Name": "idx_lineitem_orderkey", "Relation Name": "lineitem", "Alias": "lineitem", "Startup Cost": 0.0, "Total Cost": 0.87, "Plan Rows": 9, "Plan Width": 16, "Index Cond": "(l_orderkey = orders.o_orderkey)"}]}]}]}]}, "Unique SQL Id": 1915754155, "Planner Runtime": 0}, "explain_analyze_plan": {"Plan": {"Node Type": "Limit", "Startup Cost": 3874068.21, "Total Cost": 3874068.46, "Plan Rows": 100, "Plan Width": 59, "Actual Startup Time": 50695.002, "Actual Total Time": 50695.017, "Actual Rows": 84, "Actual Loops": 1, "Plans": [{"Node Type": "Sort", "Parent Relationship": "Outer", "Startup Cost": 3874068.21, "Total Cost": 3874384.02, "Plan Rows": 100, "Plan Width": 59, "Actual Startup Time": 50695.0, "Actual Total Time": 50695.004, "Actual Rows": 84, "Actual Loops": 1, "Sort Key": ["orders.o_totalprice DESC", "orders.o_orderdate"], "Sort Method": "quicksort", "Sort Space Used": 38, "Sort Space Type": "Memory", "Plans": [{"Node Type": "Aggregate", "Strategy": "Hashed", "Parent Relationship": "Outer", "Startup Cost": 3867977.11, "Total Cost": 3869240.32, "Plan Rows": 126321, "Plan Width": 59, "Actual Startup Time": 50694.487, "Actual Total Time": 50694.852, "Actual Rows": 84, "Actual Loops": 1, "Group By Key": ["orders.o_totalprice", "orders.o_orderdate", "customer.c_name", "customer.c_custkey", "orders.o_orderkey"], "Plans": [{"Node Type": "Nested Loop", "Parent Relationship": "Outer", "Join Type": "Inner", "Startup Cost": 0.0, "Total Cost": 3866082.29, "Plan Rows": 126321, "Plan Width": 59, "Actual Startup Time": 1159.494, "Actual Total Time": 50691.109, "Actual Rows": 588, "Actual Loops": 1, "Inner Unique": false, "Plans": [{"Node Type": "Nested Loop", "Parent Relationship": "Outer", "Join Type": "Inner", "Startup Cost": 0.0, "Total Cost": 3852738.51, "Plan Rows": 13913, "Plan Width": 59, "Actual Startup Time": 1159.473, "Actual Total Time": 50688.867, "Actual Rows": 84, "Actual Loops": 1, "Inner Unique": true, "Plans": [{"Node Type": "Nested Loop", "Parent Relationship": "Outer", "Join Type": "Inner", "Startup Cost": 0.0, "Total Cost": 3843115.38, "Plan Rows": 33034, "Plan Width": 40, "Actual Startup Time": 1159.448, "Actual Total Time": 50687.006, "Actual Rows": 84, "Actual Loops": 1, "Inner Unique": true, "Plans": [{"Node Type": "Aggregate", "Strategy": "Sorted", "Parent Relationship": "Outer", "Startup Cost": 0.0, "Total Cost": 3606239.52, "Plan Rows": 33034, "Plan Width": 24, "Actual Startup Time": 1159.408, "Actual Total Time": 50684.063, "Actual Rows": 84, "Actual Loops": 1, "Group By Key": ["public.lineitem.l_orderkey"], "Filter": "(sum(public.lineitem.l_quantity) > 314::double precision), (LLVM Optimized, Jit Execute)", "Rows Removed by Filter": 14999916, "Plans": [{"Node Type": "Index Scan", "Parent Relationship": "Outer", "Scan Direction": "Forward", "Index Name": "idx_lineitem_orderkey", "Relation Name": "lineitem", "Alias": "lineitem", "Startup Cost": 0.0, "Total Cost": 3240153.75, "Plan Rows": 59987033, "Plan Width": 16, "Actual Startup Time": 0.029, "Actual Total Time": 30275.076, "Actual Rows": 59986052, "Actual Loops": 1}]}, {"Node Type": "Index Scan", "Parent Relationship": "Inner", "Scan Direction": "Forward", "Index Name": "orders_pkey", "Relation Name": "orders", "Alias": "orders", "Startup Cost": 0.0, "Total Cost": 7.15, "Plan Rows": 1, "Plan Width": 32, "Actual Startup Time": 1.994, "Actual Total Time": 1.994, "Actual Rows": 84, "Actual Loops": 84, "Index Cond": "(o_orderkey = public.lineitem.l_orderkey)", "Rows Removed by Index Recheck": 0}]}, {"Node Type": "Index Scan", "Parent Relationship": "Inner", "Scan Direction": "Forward", "Index Name": "customer_pkey", "Relation Name": "customer", "Alias": "customer", "Startup Cost": 0.0, "Total Cost": 0.28, "Plan Rows": 1, "Plan Width": 27, "Actual Startup Time": 1.278, "Actual Total Time": 1.278, "Actual Rows": 84, "Actual Loops": 84, "Index Cond": "(c_custkey = orders.o_custkey)", "Rows Removed by Index Recheck": 0}]}, {"Node Type": "Index Scan", "Parent Relationship": "Inner", "Scan Direction": "Forward", "Index Name": "idx_lineitem_orderkey", "Relation Name": "lineitem", "Alias": "lineitem", "Startup Cost": 0.0, "Total Cost": 0.87, "Plan Rows": 9, "Plan Width": 16, "Actual Startup Time": 0.938, "Actual Total Time": 1.562, "Actual Rows": 588, "Actual Loops": 84, "Index Cond": "(l_orderkey = orders.o_orderkey)", "Rows Removed by Index Recheck": 0}]}]}]}]}, "Triggers": [], "Planner Runtime": 1.698, "Total Runtime": 50704.506, "Unique SQL Id": 1915754155}}, "(1, '98')": {"explain_plan": {"Plan": {"Node Type": "Limit", "Startup Cost": 2768625.52, "Total Cost": 2768625.77, "Plan Rows": 100, "Plan Width": 59, "Plans": [{"Node Type": "Sort", "Parent Relationship": "Outer", "Startup Cost": 2768625.52, "Total Cost": 2768941.33, "Plan Rows": 100, "Plan Width": 59, "Sort Key": ["orders.o_totalprice DESC", "orders.o_orderdate"], "Plans": [{"Node Type": "Aggregate", "Strategy": "Hashed", "Parent Relationship": "Outer", "Startup Cost": 2762534.42, "Total Cost": 2763797.63, "Plan Rows": 126321, "Plan Width": 59, "Group By Key": ["orders.o_totalprice", "orders.o_orderdate", "customer.c_name", "customer.c_custkey", "orders.o_orderkey"], "Plans": [{"Node Type": "Nested Loop", "Parent Relationship": "Outer", "Join Type": "Inner", "Startup Cost": 2385930.24, "Total Cost": 2760639.6, "Plan Rows": 126321, "Plan Width": 59, "Inner Unique": false, "Plans": [{"Node Type": "Hash Join", "Parent Relationship": "Outer", "Join Type": "Inner", "Startup Cost": 2385929.86, "Total Cost": 2696863.45, "Plan Rows": 13913, "Plan Width": 59, "Inner Unique": true, "Hash Cond": "(orders.o_custkey = customer.c_custkey)", "Plans": [{"Node Type": "Nested Loop", "Parent Relationship": "Outer", "Join Type": "Inner", "Startup Cost": 2315053.86, "Total Cost": 2625533.23, "Plan Rows": 33034, "Plan Width": 40, "Inner Unique": true, "Plans": [{"Node Type": "Aggregate", "Strategy": "Hashed", "Parent Relationship": "Outer", "Startup Cost": 2315050.5, "Total Cost": 2381201.11, "Plan Rows": 33034, "Plan Width": 16, "Group By Key": ["public.lineitem.l_orderkey"], "Filter": "(sum(public.lineitem.l_quantity) > 314::double precision), (LLVM Optimized)", "Plans": [{"Node Type": "Seq Scan", "Parent Relationship": "Outer", "Relation Name": "lineitem", "Alias": "lineitem", "Startup Cost": 0.0, "Total Cost": 2015115.33, "Plan Rows": 59987033, "Plan Width": 16}]}, {"Node Type": "Bitmap Heap Scan", "Parent Relationship": "Inner", "Relation Name": "orders", "Alias": "orders", "Startup Cost": 3.36, "Total Cost": 7.38, "Plan Rows": 1, "Plan Width": 32, "Recheck Cond": "(o_orderkey = public.lineitem.l_orderkey)", "Plans": [{"Node Type": "Bitmap Index Scan", "Parent Relationship": "Outer", "Index Name": "orders_pkey", "Startup Cost": 0.0, "Total Cost": 3.36, "Plan Rows": 1, "Plan Width": 0, "Index Cond": "(o_orderkey = public.lineitem.l_orderkey)"}]}]}, {"Node Type": "Hash", "Parent Relationship": "Inner", "Startup Cost": 52126.0, "Total Cost": 52126.0, "Plan Rows": 1500000, "Plan Width": 27, "Plans": [{"Node Type": "Seq Scan", "Parent Relationship": "Outer", "Relation Name": "customer", "Alias": "customer", "Startup Cost": 0.0, "Total Cost": 52126.0, "Plan Rows": 1500000, "Plan Width": 27}]}]}, {"Node Type": "Bitmap Heap Scan", "Parent Relationship": "Inner", "Relation Name": "lineitem", "Alias": "lineitem", "Startup Cost": 0.38, "Total Cost": 4.49, "Plan Rows": 9, "Plan Width": 16, "Recheck Cond": "(l_orderkey = orders.o_orderkey)", "Plans": [{"Node Type": "Bitmap Index Scan", "Parent Relationship": "Outer", "Index Name": "idx_lineitem_orderkey", "Startup Cost": 0.0, "Total Cost": 0.38, "Plan Rows": 9, "Plan Width": 0, "Index Cond": "(l_orderkey = orders.o_orderkey)"}]}]}]}]}]}, "Unique SQL Id": 1915754155, "Planner Runtime": 0}, "explain_analyze_plan": {"Plan": {"Node Type": "Limit", "Startup Cost": 2768625.52, "Total Cost": 2768625.77, "Plan Rows": 100, "Plan Width": 59, "Actual Startup Time": 59611.881, "Actual Total Time": 59611.895, "Actual Rows": 84, "Actual Loops": 1, "Plans": [{"Node Type": "Sort", "Parent Relationship": "Outer", "Startup Cost": 2768625.52, "Total Cost": 2768941.33, "Plan Rows": 100, "Plan Width": 59, "Actual Startup Time": 59611.878, "Actual Total Time": 59611.879, "Actual Rows": 84, "Actual Loops": 1, "Sort Key": ["orders.o_totalprice DESC", "orders.o_orderdate"], "Sort Method": "quicksort", "Sort Space Used": 38, "Sort Space Type": "Memory", "Plans": [{"Node Type": "Aggregate", "Strategy": "Hashed", "Parent Relationship": "Outer", "Startup Cost": 2762534.42, "Total Cost": 2763797.63, "Plan Rows": 126321, "Plan Width": 59, "Actual Startup Time": 59611.463, "Actual Total Time": 59611.783, "Actual Rows": 84, "Actual Loops": 1, "Group By Key": ["orders.o_totalprice", "orders.o_orderdate", "customer.c_name", "customer.c_custkey", "orders.o_orderkey"], "Plans": [{"Node Type": "Nested Loop", "Parent Relationship": "Outer", "Join Type": "Inner", "Startup Cost": 2385930.24, "Total Cost": 2760639.6, "Plan Rows": 126321, "Plan Width": 59, "Actual Startup Time": 50843.345, "Actual Total Time": 59609.843, "Actual Rows": 588, "Actual Loops": 1, "Inner Unique": false, "Plans": [{"Node Type": "Hash Join", "Parent Relationship": "Outer", "Join Type": "Inner", "Startup Cost": 2385929.86, "Total Cost": 2696863.45, "Plan Rows": 13913, "Plan Width": 59, "Actual Startup Time": 50843.294, "Actual Total Time": 59603.085, "Actual Rows": 84, "Actual Loops": 1, "Inner Unique": true, "Hash Cond": "(orders.o_custkey = customer.c_custkey)", "Plans": [{"Node Type": "Nested Loop", "Parent Relationship": "Outer", "Join Type": "Inner", "Startup Cost": 2315053.86, "Total Cost": 2625533.23, "Plan Rows": 33034, "Plan Width": 40, "Actual Startup Time": 49565.238, "Actual Total Time": 58323.675, "Actual Rows": 84, "Actual Loops": 1, "Inner Unique": true, "Plans": [{"Node Type": "Aggregate", "Strategy": "Hashed", "Parent Relationship": "Outer", "Startup Cost": 2315050.5, "Total Cost": 2381201.11, "Plan Rows": 33034, "Plan Width": 16, "Actual Startup Time": 49565.139, "Actual Total Time": 58306.345, "Actual Rows": 84, "Actual Loops": 1, "Group By Key": ["public.lineitem.l_orderkey"], "Filter": "(sum(public.lineitem.l_quantity) > 314::double precision), (LLVM Optimized, Jit Execute)", "Rows Removed by Filter": 14999916, "Plans": [{"Node Type": "Seq Scan", "Parent Relationship": "Outer", "Relation Name": "lineitem", "Alias": "lineitem", "Startup Cost": 0.0, "Total Cost": 2015115.33, "Plan Rows": 59987033, "Plan Width": 16, "Actual Startup Time": 0.034, "Actual Total Time": 20821.446, "Actual Rows": 59986052, "Actual Loops": 1}]}, {"Node Type": "Bitmap Heap Scan", "Parent Relationship": "Inner", "Relation Name": "orders", "Alias": "orders", "Startup Cost": 3.36, "Total Cost": 7.38, "Plan Rows": 1, "Plan Width": 32, "Actual Startup Time": 3.498, "Actual Total Time": 3.498, "Actual Rows": 84, "Actual Loops": 84, "Recheck Cond": "(o_orderkey = public.lineitem.l_orderkey)", "Rows Removed by Index Recheck": 0, "Exact Heap Blocks": 84, "Lossy Heap Blocks": 84, "Plans": [{"Node Type": "Bitmap Index Scan", "Parent Relationship": "Outer", "Index Name": "orders_pkey", "Startup Cost": 0.0, "Total Cost": 3.36, "Plan Rows": 1, "Plan Width": 0, "Actual Startup Time": 2.397, "Actual Total Time": 2.397, "Actual Rows": 84, "Actual Loops": 84, "Index Cond": "(o_orderkey = public.lineitem.l_orderkey)"}]}]}, {"Node Type": "Hash", "Parent Relationship": "Inner", "Startup Cost": 52126.0, "Total Cost": 52126.0, "Plan Rows": 1500000, "Plan Width": 27, "Actual Startup Time": 1276.444, "Actual Total Time": 1276.444, "Actual Rows": 1500000, "Actual Loops": 1, "Hash Buckets": 2097152, "Hash Batches": 1, "Original Hash Batches": 1, "Peak Memory Usage": 93750, "Plans": [{"Node Type": "Seq Scan", "Parent Relationship": "Outer", "Relation Name": "customer", "Alias": "customer", "Startup Cost": 0.0, "Total Cost": 52126.0, "Plan Rows": 1500000, "Plan Width": 27, "Actual Startup Time": 0.025, "Actual Total Time": 561.62, "Actual Rows": 1500000, "Actual Loops": 1}]}]}, {"Node Type": "Bitmap Heap Scan", "Parent Relationship": "Inner", "Relation Name": "lineitem", "Alias": "lineitem", "Startup Cost": 0.38, "Total Cost": 4.49, "Plan Rows": 9, "Plan Width": 16, "Actual Startup Time": 2.578, "Actual Total Time": 2.729, "Actual Rows": 588, "Actual Loops": 84, "Recheck Cond": "(l_orderkey = orders.o_orderkey)", "Rows Removed by Index Recheck": 0, "Exact Heap Blocks": 96, "Lossy Heap Blocks": 96, "Plans": [{"Node Type": "Bitmap Index Scan", "Parent Relationship": "Outer", "Index Name": "idx_lineitem_orderkey", "Startup Cost": 0.0, "Total Cost": 0.38, "Plan Rows": 9, "Plan Width": 0, "Actual Startup Time": 1.649, "Actual Total Time": 1.649, "Actual Rows": 588, "Actual Loops": 84, "Index Cond": "(l_orderkey = orders.o_orderkey)"}]}]}]}]}]}, "Triggers": [], "Planner Runtime": 1.65, "Total Runtime": 59621.238, "Unique SQL Id": 1915754155}}, "(1, '99')": {"explain_plan": {"Plan": {"Node Type": "Limit", "Startup Cost": 1000324838994.8, "Total Cost": 1000324838995.05, "Plan Rows": 100, "Plan Width": 59, "Plans": [{"Node Type": "Sort", "Parent Relationship": "Outer", "Startup Cost": 1000324838994.8, "Total Cost": 1000324839310.61, "Plan Rows": 100, "Plan Width": 59, "Sort Key": ["orders.o_totalprice DESC", "orders.o_orderdate"], "Plans": [{"Node Type": "Aggregate", "Strategy": "Hashed", "Parent Relationship": "Outer", "Startup Cost": 1000324832903.7, "Total Cost": 1000324834166.91, "Plan Rows": 126321, "Plan Width": 59, "Group By Key": ["orders.o_totalprice", "orders.o_orderdate", "customer.c_name", "customer.c_custkey", "orders.o_orderkey"], "Plans": [{"Node Type": "Nested Loop", "Parent Relationship": "Outer", "Join Type": "Inner", "Startup Cost": 10000000004.0, "Total Cost": 1000324831008.88, "Plan Rows": 126321, "Plan Width": 59, "Inner Unique": false, "Plans": [{"Node Type": "Nested Loop", "Parent Relationship": "Outer", "Join Type": "Inner", "Startup Cost": 10000000003.62, "Total Cost": 1000324767232.73, "Plan Rows": 13913, "Plan Width": 59, "Inner Unique": true, "Plans": [{"Node Type": "Nested Loop", "Parent Relationship": "Outer", "Join Type": "Inner", "Startup Cost": 10000000003.36, "Total Cost": 1000324625792.4, "Plan Rows": 33034, "Plan Width": 40, "Inner Unique": true, "Plans": [{"Node Type": "Aggregate", "Strategy": "Sorted", "Parent Relationship": "Outer", "Startup Cost": 10000000000.0, "Total Cost": 1000324381460.28, "Plan Rows": 33034, "Plan Width": 24, "Group By Key": ["public.lineitem.l_orderkey"], "Filter": "(sum(public.lineitem.l_quantity) > 314::double precision), (LLVM Optimized)", "Plans": [{"Node Type": "Index Scan", "Parent Relationship": "Outer", "Scan Direction": "Forward", "Index Name": "idx_lineitem_orderkey", "Relation Name": "lineitem", "Alias": "lineitem", "Startup Cost": 10000000000.0, "Total Cost": 1000324015374.5, "Plan Rows": 59987033, "Plan Width": 16}]}, {"Node Type": "Bitmap Heap Scan", "Parent Relationship": "Inner", "Relation Name": "orders", "Alias": "orders", "Startup Cost": 3.36, "Total Cost": 7.38, "Plan Rows": 1, "Plan Width": 32, "Recheck Cond": "(o_orderkey = public.lineitem.l_orderkey)", "Plans": [{"Node Type": "Bitmap Index Scan", "Parent Relationship": "Outer", "Index Name": "orders_pkey", "Startup Cost": 0.0, "Total Cost": 3.36, "Plan Rows": 1, "Plan Width": 0, "Index Cond": "(o_orderkey = public.lineitem.l_orderkey)"}]}]}, {"Node Type": "Bitmap Heap Scan", "Parent Relationship": "Inner", "Relation Name": "customer", "Alias": "customer", "Startup Cost": 0.26, "Total Cost": 4.27, "Plan Rows": 1, "Plan Width": 27, "Recheck Cond": "(c_custkey = orders.o_custkey)", "Plans": [{"Node Type": "Bitmap Index Scan", "Parent Relationship": "Outer", "Index Name": "customer_pkey", "Startup Cost": 0.0, "Total Cost": 0.26, "Plan Rows": 1, "Plan Width": 0, "Index Cond": "(c_custkey = orders.o_custkey)"}]}]}, {"Node Type": "Bitmap Heap Scan", "Parent Relationship": "Inner", "Relation Name": "lineitem", "Alias": "lineitem", "Startup Cost": 0.38, "Total Cost": 4.49, "Plan Rows": 9, "Plan Width": 16, "Recheck Cond": "(l_orderkey = orders.o_orderkey)", "Plans": [{"Node Type": "Bitmap Index Scan", "Parent Relationship": "Outer", "Index Name": "idx_lineitem_orderkey", "Startup Cost": 0.0, "Total Cost": 0.38, "Plan Rows": 9, "Plan Width": 0, "Index Cond": "(l_orderkey = orders.o_orderkey)"}]}]}]}]}]}, "Unique SQL Id": 1915754155, "Planner Runtime": 0}, "explain_analyze_plan": {"Plan": {"Node Type": "Limit", "Startup Cost": 1000324838994.8, "Total Cost": 1000324838995.05, "Plan Rows": 100, "Plan Width": 59, "Actual Startup Time": 49544.467, "Actual Total Time": 49544.486, "Actual Rows": 84, "Actual Loops": 1, "Plans": [{"Node Type": "Sort", "Parent Relationship": "Outer", "Startup Cost": 1000324838994.8, "Total Cost": 1000324839310.61, "Plan Rows": 100, "Plan Width": 59, "Actual Startup Time": 49544.465, "Actual Total Time": 49544.474, "Actual Rows": 84, "Actual Loops": 1, "Sort Key": ["orders.o_totalprice DESC", "orders.o_orderdate"], "Sort Method": "quicksort", "Sort Space Used": 38, "Sort Space Type": "Memory", "Plans": [{"Node Type": "Aggregate", "Strategy": "Hashed", "Parent Relationship": "Outer", "Startup Cost": 1000324832903.7, "Total Cost": 1000324834166.91, "Plan Rows": 126321, "Plan Width": 59, "Actual Startup Time": 49543.984, "Actual Total Time": 49544.316, "Actual Rows": 84, "Actual Loops": 1, "Group By Key": ["orders.o_totalprice", "orders.o_orderdate", "customer.c_name", "customer.c_custkey", "orders.o_orderkey"], "Plans": [{"Node Type": "Nested Loop", "Parent Relationship": "Outer", "Join Type": "Inner", "Startup Cost": 10000000004.0, "Total Cost": 1000324831008.88, "Plan Rows": 126321, "Plan Width": 59, "Actual Startup Time": 1023.087, "Actual Total Time": 49541.154, "Actual Rows": 588, "Actual Loops": 1, "Inner Unique": false, "Plans": [{"Node Type": "Nested Loop", "Parent Relationship": "Outer", "Join Type": "Inner", "Startup Cost": 10000000003.62, "Total Cost": 1000324767232.73, "Plan Rows": 13913, "Plan Width": 59, "Actual Startup Time": 1023.067, "Actual Total Time": 49538.65, "Actual Rows": 84, "Actual Loops": 1, "Inner Unique": true, "Plans": [{"Node Type": "Nested Loop", "Parent Relationship": "Outer", "Join Type": "Inner", "Startup Cost": 10000000003.36, "Total Cost": 1000324625792.4, "Plan Rows": 33034, "Plan Width": 40, "Actual Startup Time": 1023.033, "Actual Total Time": 49536.599, "Actual Rows": 84, "Actual Loops": 1, "Inner Unique": true, "Plans": [{"Node Type": "Aggregate", "Strategy": "Sorted", "Parent Relationship": "Outer", "Startup Cost": 10000000000.0, "Total Cost": 1000324381460.28, "Plan Rows": 33034, "Plan Width": 24, "Actual Startup Time": 1022.959, "Actual Total Time": 49531.744, "Actual Rows": 84, "Actual Loops": 1, "Group By Key": ["public.lineitem.l_orderkey"], "Filter": "(sum(public.lineitem.l_quantity) > 314::double precision), (LLVM Optimized, Jit Execute)", "Rows Removed by Filter": 14999916, "Plans": [{"Node Type": "Index Scan", "Parent Relationship": "Outer", "Scan Direction": "Forward", "Index Name": "idx_lineitem_orderkey", "Relation Name": "lineitem", "Alias": "lineitem", "Startup Cost": 10000000000.0, "Total Cost": 1000324015374.5, "Plan Rows": 59987033, "Plan Width": 16, "Actual Startup Time": 0.03, "Actual Total Time": 29176.085, "Actual Rows": 59986052, "Actual Loops": 1}]}, {"Node Type": "Bitmap Heap Scan", "Parent Relationship": "Inner", "Relation Name": "orders", "Alias": "orders", "Startup Cost": 3.36, "Total Cost": 7.38, "Plan Rows": 1, "Plan Width": 32, "Actual Startup Time": 3.264, "Actual Total Time": 3.264, "Actual Rows": 84, "Actual Loops": 84, "Recheck Cond": "(o_orderkey = public.lineitem.l_orderkey)", "Rows Removed by Index Recheck": 0, "Exact Heap Blocks": 84, "Lossy Heap Blocks": 84, "Plans": [{"Node Type": "Bitmap Index Scan", "Parent Relationship": "Outer", "Index Name": "orders_pkey", "Startup Cost": 0.0, "Total Cost": 3.36, "Plan Rows": 1, "Plan Width": 0, "Actual Startup Time": 2.073, "Actual Total Time": 2.073, "Actual Rows": 84, "Actual Loops": 84, "Index Cond": "(o_orderkey = public.lineitem.l_orderkey)"}]}]}, {"Node Type": "Bitmap Heap Scan", "Parent Relationship": "Inner", "Relation Name": "customer", "Alias": "customer", "Startup Cost": 0.26, "Total Cost": 4.27, "Plan Rows": 1, "Plan Width": 27, "Actual Startup Time": 1.378, "Actual Total Time": 1.378, "Actual Rows": 84, "Actual Loops": 84, "Recheck Cond": "(c_custkey = orders.o_custkey)", "Rows Removed by Index Recheck": 0, "Exact Heap Blocks": 84, "Lossy Heap Blocks": 84, "Plans": [{"Node Type": "Bitmap Index Scan", "Parent Relationship": "Outer", "Index Name": "customer_pkey", "Startup Cost": 0.0, "Total Cost": 0.26, "Plan Rows": 1, "Plan Width": 0, "Actual Startup Time": 0.854, "Actual Total Time": 0.854, "Actual Rows": 84, "Actual Loops": 84, "Index Cond": "(c_custkey = orders.o_custkey)"}]}]}, {"Node Type": "Bitmap Heap Scan", "Parent Relationship": "Inner", "Relation Name": "lineitem", "Alias": "lineitem", "Startup Cost": 0.38, "Total Cost": 4.49, "Plan Rows": 9, "Plan Width": 16, "Actual Startup Time": 1.417, "Actual Total Time": 1.651, "Actual Rows": 588, "Actual Loops": 84, "Recheck Cond": "(l_orderkey = orders.o_orderkey)", "Rows Removed by Index Recheck": 0, "Exact Heap Blocks": 96, "Lossy Heap Blocks": 96, "Plans": [{"Node Type": "Bitmap Index Scan", "Parent Relationship": "Outer", "Index Name": "idx_lineitem_orderkey", "Startup Cost": 0.0, "Total Cost": 0.38, "Plan Rows": 9, "Plan Width": 0, "Actual Startup Time": 0.904, "Actual Total Time": 0.904, "Actual Rows": 588, "Actual Loops": 84, "Index Cond": "(l_orderkey = orders.o_orderkey)"}]}]}]}]}]}, "Triggers": [], "Planner Runtime": 1.515, "Total Runtime": 49553.909, "Unique SQL Id": 1915754155}}, "(1, '100')": {"explain_plan": {"Plan": {"Node Type": "Limit", "Startup Cost": 2649029.8, "Total Cost": 2649030.05, "Plan Rows": 100, "Plan Width": 59, "Plans": [{"Node Type": "Sort", "Parent Relationship": "Outer", "Startup Cost": 2649029.8, "Total Cost": 2649345.6, "Plan Rows": 100, "Plan Width": 59, "Sort Key": ["orders.o_totalprice DESC", "orders.o_orderdate"], "Plans": [{"Node Type": "Aggregate", "Strategy": "Hashed", "Parent Relationship": "Outer", "Startup Cost": 2642938.69, "Total Cost": 2644201.9, "Plan Rows": 126321, "Plan Width": 59, "Group By Key": ["orders.o_totalprice", "orders.o_orderdate", "customer.c_name", "customer.c_custkey", "orders.o_orderkey"], "Plans": [{"Node Type": "Nested Loop", "Parent Relationship": "Outer", "Join Type": "Inner", "Startup Cost": 2315050.5, "Total Cost": 2641043.88, "Plan Rows": 126321, "Plan Width": 59, "Inner Unique": false, "Plans": [{"Node Type": "Nested Loop", "Parent Relationship": "Outer", "Join Type": "Inner", "Startup Cost": 2315050.5, "Total Cost": 2627700.1, "Plan Rows": 13913, "Plan Width": 59, "Inner Unique": true, "Plans": [{"Node Type": "Nested Loop", "Parent Relationship": "Outer", "Join Type": "Inner", "Startup Cost": 2315050.5, "Total Cost": 2618076.97, "Plan Rows": 33034, "Plan Width": 40, "Inner Unique": true, "Plans": [{"Node Type": "Aggregate", "Strategy": "Hashed", "Parent Relationship": "Outer", "Startup Cost": 2315050.5, "Total Cost": 2381201.11, "Plan Rows": 33034, "Plan Width": 16, "Group By Key": ["public.lineitem.l_orderkey"], "Filter": "(sum(public.lineitem.l_quantity) > 314::double precision), (LLVM Optimized)", "Plans": [{"Node Type": "Seq Scan", "Parent Relationship": "Outer", "Relation Name": "lineitem", "Alias": "lineitem", "Startup Cost": 0.0, "Total Cost": 2015115.33, "Plan Rows": 59987033, "Plan Width": 16}]}, {"Node Type": "Index Scan", "Parent Relationship": "Inner", "Scan Direction": "Forward", "Index Name": "orders_pkey", "Relation Name": "orders", "Alias": "orders", "Startup Cost": 0.0, "Total Cost": 7.15, "Plan Rows": 1, "Plan Width": 32, "Index Cond": "(o_orderkey = public.lineitem.l_orderkey)"}]}, {"Node Type": "Index Scan", "Parent Relationship": "Inner", "Scan Direction": "Forward", "Index Name": "customer_pkey", "Relation Name": "customer", "Alias": "customer", "Startup Cost": 0.0, "Total Cost": 0.28, "Plan Rows": 1, "Plan Width": 27, "Index Cond": "(c_custkey = orders.o_custkey)"}]}, {"Node Type": "Index Scan", "Parent Relationship": "Inner", "Scan Direction": "Forward", "Index Name": "idx_lineitem_orderkey", "Relation Name": "lineitem", "Alias": "lineitem", "Startup Cost": 0.0, "Total Cost": 0.87, "Plan Rows": 9, "Plan Width": 16, "Index Cond": "(l_orderkey = orders.o_orderkey)"}]}]}]}]}, "Unique SQL Id": 1915754155, "Planner Runtime": 0}, "explain_analyze_plan": {"Plan": {"Node Type": "Limit", "Startup Cost": 2649029.8, "Total Cost": 2649030.05, "Plan Rows": 100, "Plan Width": 59, "Actual Startup Time": 51129.008, "Actual Total Time": 51129.027, "Actual Rows": 84, "Actual Loops": 1, "Plans": [{"Node Type": "Sort", "Parent Relationship": "Outer", "Startup Cost": 2649029.8, "Total Cost": 2649345.6, "Plan Rows": 100, "Plan Width": 59, "Actual Startup Time": 51129.006, "Actual Total Time": 51129.015, "Actual Rows": 84, "Actual Loops": 1, "Sort Key": ["orders.o_totalprice DESC", "orders.o_orderdate"], "Sort Method": "quicksort", "Sort Space Used": 38, "Sort Space Type": "Memory", "Plans": [{"Node Type": "Aggregate", "Strategy": "Hashed", "Parent Relationship": "Outer", "Startup Cost": 2642938.69, "Total Cost": 2644201.9, "Plan Rows": 126321, "Plan Width": 59, "Actual Startup Time": 51128.213, "Actual Total Time": 51128.889, "Actual Rows": 84, "Actual Loops": 1, "Group By Key": ["orders.o_totalprice", "orders.o_orderdate", "customer.c_name", "customer.c_custkey", "orders.o_orderkey"], "Plans": [{"Node Type": "Nested Loop", "Parent Relationship": "Outer", "Join Type": "Inner", "Startup Cost": 2315050.5, "Total Cost": 2641043.88, "Plan Rows": 126321, "Plan Width": 59, "Actual Startup Time": 46173.798, "Actual Total Time": 51126.311, "Actual Rows": 588, "Actual Loops": 1, "Inner Unique": false, "Plans": [{"Node Type": "Nested Loop", "Parent Relationship": "Outer", "Join Type": "Inner", "Startup Cost": 2315050.5, "Total Cost": 2627700.1, "Plan Rows": 13913, "Plan Width": 59, "Actual Startup Time": 46173.775, "Actual Total Time": 51124.263, "Actual Rows": 84, "Actual Loops": 1, "Inner Unique": true, "Plans": [{"Node Type": "Nested Loop", "Parent Relationship": "Outer", "Join Type": "Inner", "Startup Cost": 2315050.5, "Total Cost": 2618076.97, "Plan Rows": 33034, "Plan Width": 40, "Actual Startup Time": 46173.751, "Actual Total Time": 51122.995, "Actual Rows": 84, "Actual Loops": 1, "Inner Unique": true, "Plans": [{"Node Type": "Aggregate", "Strategy": "Hashed", "Parent Relationship": "Outer", "Startup Cost": 2315050.5, "Total Cost": 2381201.11, "Plan Rows": 33034, "Plan Width": 16, "Actual Startup Time": 46173.686, "Actual Total Time": 51106.177, "Actual Rows": 84, "Actual Loops": 1, "Group By Key": ["public.lineitem.l_orderkey"], "Filter": "(sum(public.lineitem.l_quantity) > 314::double precision), (LLVM Optimized, Jit Execute)", "Rows Removed by Filter": 14999916, "Plans": [{"Node Type": "Seq Scan", "Parent Relationship": "Outer", "Relation Name": "lineitem", "Alias": "lineitem", "Startup Cost": 0.0, "Total Cost": 2015115.33, "Plan Rows": 59987033, "Plan Width": 16, "Actual Startup Time": 0.043, "Actual Total Time": 19975.008, "Actual Rows": 59986052, "Actual Loops": 1}]}, {"Node Type": "Index Scan", "Parent Relationship": "Inner", "Scan Direction": "Forward", "Index Name": "orders_pkey", "Relation Name": "orders", "Alias": "orders", "Startup Cost": 0.0, "Total Cost": 7.15, "Plan Rows": 1, "Plan Width": 32, "Actual Startup Time": 2.93, "Actual Total Time": 2.93, "Actual Rows": 84, "Actual Loops": 84, "Index Cond": "(o_orderkey = public.lineitem.l_orderkey)", "Rows Removed by Index Recheck": 0}]}, {"Node Type": "Index Scan", "Parent Relationship": "Inner", "Scan Direction": "Forward", "Index Name": "customer_pkey", "Relation Name": "customer", "Alias": "customer", "Startup Cost": 0.0, "Total Cost": 0.28, "Plan Rows": 1, "Plan Width": 27, "Actual Startup Time": 0.906, "Actual Total Time": 0.906, "Actual Rows": 84, "Actual Loops": 84, "Index Cond": "(c_custkey = orders.o_custkey)", "Rows Removed by Index Recheck": 0}]}, {"Node Type": "Index Scan", "Parent Relationship": "Inner", "Scan Direction": "Forward", "Index Name": "idx_lineitem_orderkey", "Relation Name": "lineitem", "Alias": "lineitem", "Startup Cost": 0.0, "Total Cost": 0.87, "Plan Rows": 9, "Plan Width": 16, "Actual Startup Time": 1.165, "Actual Total Time": 1.622, "Actual Rows": 588, "Actual Loops": 84, "Index Cond": "(l_orderkey = orders.o_orderkey)", "Rows Removed by Index Recheck": 0}]}]}]}]}, "Triggers": [], "Planner Runtime": 1.711, "Total Runtime": 51138.586, "Unique SQL Id": 1915754155}}, "(1, '101')": {"explain_plan": {"Plan": {"Node Type": "Limit", "Startup Cost": 3874068.21, "Total Cost": 3874068.46, "Plan Rows": 100, "Plan Width": 59, "Plans": [{"Node Type": "Sort", "Parent Relationship": "Outer", "Startup Cost": 3874068.21, "Total Cost": 3874384.02, "Plan Rows": 100, "Plan Width": 59, "Sort Key": ["orders.o_totalprice DESC", "orders.o_orderdate"], "Plans": [{"Node Type": "Aggregate", "Strategy": "Hashed", "Parent Relationship": "Outer", "Startup Cost": 3867977.11, "Total Cost": 3869240.32, "Plan Rows": 126321, "Plan Width": 59, "Group By Key": ["orders.o_totalprice", "orders.o_orderdate", "customer.c_name", "customer.c_custkey", "orders.o_orderkey"], "Plans": [{"Node Type": "Nested Loop", "Parent Relationship": "Outer", "Join Type": "Inner", "Startup Cost": 0.0, "Total Cost": 3866082.29, "Plan Rows": 126321, "Plan Width": 59, "Inner Unique": false, "Plans": [{"Node Type": "Nested Loop", "Parent Relationship": "Outer", "Join Type": "Inner", "Startup Cost": 0.0, "Total Cost": 3852738.51, "Plan Rows": 13913, "Plan Width": 59, "Inner Unique": true, "Plans": [{"Node Type": "Nested Loop", "Parent Relationship": "Outer", "Join Type": "Inner", "Startup Cost": 0.0, "Total Cost": 3843115.38, "Plan Rows": 33034, "Plan Width": 40, "Inner Unique": true, "Plans": [{"Node Type": "Aggregate", "Strategy": "Sorted", "Parent Relationship": "Outer", "Startup Cost": 0.0, "Total Cost": 3606239.52, "Plan Rows": 33034, "Plan Width": 24, "Group By Key": ["public.lineitem.l_orderkey"], "Filter": "(sum(public.lineitem.l_quantity) > 314::double precision), (LLVM Optimized)", "Plans": [{"Node Type": "Index Scan", "Parent Relationship": "Outer", "Scan Direction": "Forward", "Index Name": "idx_lineitem_orderkey", "Relation Name": "lineitem", "Alias": "lineitem", "Startup Cost": 0.0, "Total Cost": 3240153.75, "Plan Rows": 59987033, "Plan Width": 16}]}, {"Node Type": "Index Scan", "Parent Relationship": "Inner", "Scan Direction": "Forward", "Index Name": "orders_pkey", "Relation Name": "orders", "Alias": "orders", "Startup Cost": 0.0, "Total Cost": 7.15, "Plan Rows": 1, "Plan Width": 32, "Index Cond": "(o_orderkey = public.lineitem.l_orderkey)"}]}, {"Node Type": "Index Scan", "Parent Relationship": "Inner", "Scan Direction": "Forward", "Index Name": "customer_pkey", "Relation Name": "customer", "Alias": "customer", "Startup Cost": 0.0, "Total Cost": 0.28, "Plan Rows": 1, "Plan Width": 27, "Index Cond": "(c_custkey = orders.o_custkey)"}]}, {"Node Type": "Index Scan", "Parent Relationship": "Inner", "Scan Direction": "Forward", "Index Name": "idx_lineitem_orderkey", "Relation Name": "lineitem", "Alias": "lineitem", "Startup Cost": 0.0, "Total Cost": 0.87, "Plan Rows": 9, "Plan Width": 16, "Index Cond": "(l_orderkey = orders.o_orderkey)"}]}]}]}]}, "Unique SQL Id": 1915754155, "Planner Runtime": 0}, "explain_analyze_plan": {"Plan": {"Node Type": "Limit", "Startup Cost": 3874068.21, "Total Cost": 3874068.46, "Plan Rows": 100, "Plan Width": 59, "Actual Startup Time": 50695.002, "Actual Total Time": 50695.017, "Actual Rows": 84, "Actual Loops": 1, "Plans": [{"Node Type": "Sort", "Parent Relationship": "Outer", "Startup Cost": 3874068.21, "Total Cost": 3874384.02, "Plan Rows": 100, "Plan Width": 59, "Actual Startup Time": 50695.0, "Actual Total Time": 50695.004, "Actual Rows": 84, "Actual Loops": 1, "Sort Key": ["orders.o_totalprice DESC", "orders.o_orderdate"], "Sort Method": "quicksort", "Sort Space Used": 38, "Sort Space Type": "Memory", "Plans": [{"Node Type": "Aggregate", "Strategy": "Hashed", "Parent Relationship": "Outer", "Startup Cost": 3867977.11, "Total Cost": 3869240.32, "Plan Rows": 126321, "Plan Width": 59, "Actual Startup Time": 50694.487, "Actual Total Time": 50694.852, "Actual Rows": 84, "Actual Loops": 1, "Group By Key": ["orders.o_totalprice", "orders.o_orderdate", "customer.c_name", "customer.c_custkey", "orders.o_orderkey"], "Plans": [{"Node Type": "Nested Loop", "Parent Relationship": "Outer", "Join Type": "Inner", "Startup Cost": 0.0, "Total Cost": 3866082.29, "Plan Rows": 126321, "Plan Width": 59, "Actual Startup Time": 1159.494, "Actual Total Time": 50691.109, "Actual Rows": 588, "Actual Loops": 1, "Inner Unique": false, "Plans": [{"Node Type": "Nested Loop", "Parent Relationship": "Outer", "Join Type": "Inner", "Startup Cost": 0.0, "Total Cost": 3852738.51, "Plan Rows": 13913, "Plan Width": 59, "Actual Startup Time": 1159.473, "Actual Total Time": 50688.867, "Actual Rows": 84, "Actual Loops": 1, "Inner Unique": true, "Plans": [{"Node Type": "Nested Loop", "Parent Relationship": "Outer", "Join Type": "Inner", "Startup Cost": 0.0, "Total Cost": 3843115.38, "Plan Rows": 33034, "Plan Width": 40, "Actual Startup Time": 1159.448, "Actual Total Time": 50687.006, "Actual Rows": 84, "Actual Loops": 1, "Inner Unique": true, "Plans": [{"Node Type": "Aggregate", "Strategy": "Sorted", "Parent Relationship": "Outer", "Startup Cost": 0.0, "Total Cost": 3606239.52, "Plan Rows": 33034, "Plan Width": 24, "Actual Startup Time": 1159.408, "Actual Total Time": 50684.063, "Actual Rows": 84, "Actual Loops": 1, "Group By Key": ["public.lineitem.l_orderkey"], "Filter": "(sum(public.lineitem.l_quantity) > 314::double precision), (LLVM Optimized, Jit Execute)", "Rows Removed by Filter": 14999916, "Plans": [{"Node Type": "Index Scan", "Parent Relationship": "Outer", "Scan Direction": "Forward", "Index Name": "idx_lineitem_orderkey", "Relation Name": "lineitem", "Alias": "lineitem", "Startup Cost": 0.0, "Total Cost": 3240153.75, "Plan Rows": 59987033, "Plan Width": 16, "Actual Startup Time": 0.029, "Actual Total Time": 30275.076, "Actual Rows": 59986052, "Actual Loops": 1}]}, {"Node Type": "Index Scan", "Parent Relationship": "Inner", "Scan Direction": "Forward", "Index Name": "orders_pkey", "Relation Name": "orders", "Alias": "orders", "Startup Cost": 0.0, "Total Cost": 7.15, "Plan Rows": 1, "Plan Width": 32, "Actual Startup Time": 1.994, "Actual Total Time": 1.994, "Actual Rows": 84, "Actual Loops": 84, "Index Cond": "(o_orderkey = public.lineitem.l_orderkey)", "Rows Removed by Index Recheck": 0}]}, {"Node Type": "Index Scan", "Parent Relationship": "Inner", "Scan Direction": "Forward", "Index Name": "customer_pkey", "Relation Name": "customer", "Alias": "customer", "Startup Cost": 0.0, "Total Cost": 0.28, "Plan Rows": 1, "Plan Width": 27, "Actual Startup Time": 1.278, "Actual Total Time": 1.278, "Actual Rows": 84, "Actual Loops": 84, "Index Cond": "(c_custkey = orders.o_custkey)", "Rows Removed by Index Recheck": 0}]}, {"Node Type": "Index Scan", "Parent Relationship": "Inner", "Scan Direction": "Forward", "Index Name": "idx_lineitem_orderkey", "Relation Name": "lineitem", "Alias": "lineitem", "Startup Cost": 0.0, "Total Cost": 0.87, "Plan Rows": 9, "Plan Width": 16, "Actual Startup Time": 0.938, "Actual Total Time": 1.562, "Actual Rows": 588, "Actual Loops": 84, "Index Cond": "(l_orderkey = orders.o_orderkey)", "Rows Removed by Index Recheck": 0}]}]}]}]}, "Triggers": [], "Planner Runtime": 1.698, "Total Runtime": 50704.506, "Unique SQL Id": 1915754155}}, "(1, '102')": {"explain_plan": {"Plan": {"Node Type": "Limit", "Startup Cost": 2768625.52, "Total Cost": 2768625.77, "Plan Rows": 100, "Plan Width": 59, "Plans": [{"Node Type": "Sort", "Parent Relationship": "Outer", "Startup Cost": 2768625.52, "Total Cost": 2768941.33, "Plan Rows": 100, "Plan Width": 59, "Sort Key": ["orders.o_totalprice DESC", "orders.o_orderdate"], "Plans": [{"Node Type": "Aggregate", "Strategy": "Hashed", "Parent Relationship": "Outer", "Startup Cost": 2762534.42, "Total Cost": 2763797.63, "Plan Rows": 126321, "Plan Width": 59, "Group By Key": ["orders.o_totalprice", "orders.o_orderdate", "customer.c_name", "customer.c_custkey", "orders.o_orderkey"], "Plans": [{"Node Type": "Nested Loop", "Parent Relationship": "Outer", "Join Type": "Inner", "Startup Cost": 2385930.24, "Total Cost": 2760639.6, "Plan Rows": 126321, "Plan Width": 59, "Inner Unique": false, "Plans": [{"Node Type": "Hash Join", "Parent Relationship": "Outer", "Join Type": "Inner", "Startup Cost": 2385929.86, "Total Cost": 2696863.45, "Plan Rows": 13913, "Plan Width": 59, "Inner Unique": true, "Hash Cond": "(orders.o_custkey = customer.c_custkey)", "Plans": [{"Node Type": "Nested Loop", "Parent Relationship": "Outer", "Join Type": "Inner", "Startup Cost": 2315053.86, "Total Cost": 2625533.23, "Plan Rows": 33034, "Plan Width": 40, "Inner Unique": true, "Plans": [{"Node Type": "Aggregate", "Strategy": "Hashed", "Parent Relationship": "Outer", "Startup Cost": 2315050.5, "Total Cost": 2381201.11, "Plan Rows": 33034, "Plan Width": 16, "Group By Key": ["public.lineitem.l_orderkey"], "Filter": "(sum(public.lineitem.l_quantity) > 314::double precision), (LLVM Optimized)", "Plans": [{"Node Type": "Seq Scan", "Parent Relationship": "Outer", "Relation Name": "lineitem", "Alias": "lineitem", "Startup Cost": 0.0, "Total Cost": 2015115.33, "Plan Rows": 59987033, "Plan Width": 16}]}, {"Node Type": "Bitmap Heap Scan", "Parent Relationship": "Inner", "Relation Name": "orders", "Alias": "orders", "Startup Cost": 3.36, "Total Cost": 7.38, "Plan Rows": 1, "Plan Width": 32, "Recheck Cond": "(o_orderkey = public.lineitem.l_orderkey)", "Plans": [{"Node Type": "Bitmap Index Scan", "Parent Relationship": "Outer", "Index Name": "orders_pkey", "Startup Cost": 0.0, "Total Cost": 3.36, "Plan Rows": 1, "Plan Width": 0, "Index Cond": "(o_orderkey = public.lineitem.l_orderkey)"}]}]}, {"Node Type": "Hash", "Parent Relationship": "Inner", "Startup Cost": 52126.0, "Total Cost": 52126.0, "Plan Rows": 1500000, "Plan Width": 27, "Plans": [{"Node Type": "Seq Scan", "Parent Relationship": "Outer", "Relation Name": "customer", "Alias": "customer", "Startup Cost": 0.0, "Total Cost": 52126.0, "Plan Rows": 1500000, "Plan Width": 27}]}]}, {"Node Type": "Bitmap Heap Scan", "Parent Relationship": "Inner", "Relation Name": "lineitem", "Alias": "lineitem", "Startup Cost": 0.38, "Total Cost": 4.49, "Plan Rows": 9, "Plan Width": 16, "Recheck Cond": "(l_orderkey = orders.o_orderkey)", "Plans": [{"Node Type": "Bitmap Index Scan", "Parent Relationship": "Outer", "Index Name": "idx_lineitem_orderkey", "Startup Cost": 0.0, "Total Cost": 0.38, "Plan Rows": 9, "Plan Width": 0, "Index Cond": "(l_orderkey = orders.o_orderkey)"}]}]}]}]}]}, "Unique SQL Id": 1915754155, "Planner Runtime": 0}, "explain_analyze_plan": {"Plan": {"Node Type": "Limit", "Startup Cost": 2768625.52, "Total Cost": 2768625.77, "Plan Rows": 100, "Plan Width": 59, "Actual Startup Time": 59611.881, "Actual Total Time": 59611.895, "Actual Rows": 84, "Actual Loops": 1, "Plans": [{"Node Type": "Sort", "Parent Relationship": "Outer", "Startup Cost": 2768625.52, "Total Cost": 2768941.33, "Plan Rows": 100, "Plan Width": 59, "Actual Startup Time": 59611.878, "Actual Total Time": 59611.879, "Actual Rows": 84, "Actual Loops": 1, "Sort Key": ["orders.o_totalprice DESC", "orders.o_orderdate"], "Sort Method": "quicksort", "Sort Space Used": 38, "Sort Space Type": "Memory", "Plans": [{"Node Type": "Aggregate", "Strategy": "Hashed", "Parent Relationship": "Outer", "Startup Cost": 2762534.42, "Total Cost": 2763797.63, "Plan Rows": 126321, "Plan Width": 59, "Actual Startup Time": 59611.463, "Actual Total Time": 59611.783, "Actual Rows": 84, "Actual Loops": 1, "Group By Key": ["orders.o_totalprice", "orders.o_orderdate", "customer.c_name", "customer.c_custkey", "orders.o_orderkey"], "Plans": [{"Node Type": "Nested Loop", "Parent Relationship": "Outer", "Join Type": "Inner", "Startup Cost": 2385930.24, "Total Cost": 2760639.6, "Plan Rows": 126321, "Plan Width": 59, "Actual Startup Time": 50843.345, "Actual Total Time": 59609.843, "Actual Rows": 588, "Actual Loops": 1, "Inner Unique": false, "Plans": [{"Node Type": "Hash Join", "Parent Relationship": "Outer", "Join Type": "Inner", "Startup Cost": 2385929.86, "Total Cost": 2696863.45, "Plan Rows": 13913, "Plan Width": 59, "Actual Startup Time": 50843.294, "Actual Total Time": 59603.085, "Actual Rows": 84, "Actual Loops": 1, "Inner Unique": true, "Hash Cond": "(orders.o_custkey = customer.c_custkey)", "Plans": [{"Node Type": "Nested Loop", "Parent Relationship": "Outer", "Join Type": "Inner", "Startup Cost": 2315053.86, "Total Cost": 2625533.23, "Plan Rows": 33034, "Plan Width": 40, "Actual Startup Time": 49565.238, "Actual Total Time": 58323.675, "Actual Rows": 84, "Actual Loops": 1, "Inner Unique": true, "Plans": [{"Node Type": "Aggregate", "Strategy": "Hashed", "Parent Relationship": "Outer", "Startup Cost": 2315050.5, "Total Cost": 2381201.11, "Plan Rows": 33034, "Plan Width": 16, "Actual Startup Time": 49565.139, "Actual Total Time": 58306.345, "Actual Rows": 84, "Actual Loops": 1, "Group By Key": ["public.lineitem.l_orderkey"], "Filter": "(sum(public.lineitem.l_quantity) > 314::double precision), (LLVM Optimized, Jit Execute)", "Rows Removed by Filter": 14999916, "Plans": [{"Node Type": "Seq Scan", "Parent Relationship": "Outer", "Relation Name": "lineitem", "Alias": "lineitem", "Startup Cost": 0.0, "Total Cost": 2015115.33, "Plan Rows": 59987033, "Plan Width": 16, "Actual Startup Time": 0.034, "Actual Total Time": 20821.446, "Actual Rows": 59986052, "Actual Loops": 1}]}, {"Node Type": "Bitmap Heap Scan", "Parent Relationship": "Inner", "Relation Name": "orders", "Alias": "orders", "Startup Cost": 3.36, "Total Cost": 7.38, "Plan Rows": 1, "Plan Width": 32, "Actual Startup Time": 3.498, "Actual Total Time": 3.498, "Actual Rows": 84, "Actual Loops": 84, "Recheck Cond": "(o_orderkey = public.lineitem.l_orderkey)", "Rows Removed by Index Recheck": 0, "Exact Heap Blocks": 84, "Lossy Heap Blocks": 84, "Plans": [{"Node Type": "Bitmap Index Scan", "Parent Relationship": "Outer", "Index Name": "orders_pkey", "Startup Cost": 0.0, "Total Cost": 3.36, "Plan Rows": 1, "Plan Width": 0, "Actual Startup Time": 2.397, "Actual Total Time": 2.397, "Actual Rows": 84, "Actual Loops": 84, "Index Cond": "(o_orderkey = public.lineitem.l_orderkey)"}]}]}, {"Node Type": "Hash", "Parent Relationship": "Inner", "Startup Cost": 52126.0, "Total Cost": 52126.0, "Plan Rows": 1500000, "Plan Width": 27, "Actual Startup Time": 1276.444, "Actual Total Time": 1276.444, "Actual Rows": 1500000, "Actual Loops": 1, "Hash Buckets": 2097152, "Hash Batches": 1, "Original Hash Batches": 1, "Peak Memory Usage": 93750, "Plans": [{"Node Type": "Seq Scan", "Parent Relationship": "Outer", "Relation Name": "customer", "Alias": "customer", "Startup Cost": 0.0, "Total Cost": 52126.0, "Plan Rows": 1500000, "Plan Width": 27, "Actual Startup Time": 0.025, "Actual Total Time": 561.62, "Actual Rows": 1500000, "Actual Loops": 1}]}]}, {"Node Type": "Bitmap Heap Scan", "Parent Relationship": "Inner", "Relation Name": "lineitem", "Alias": "lineitem", "Startup Cost": 0.38, "Total Cost": 4.49, "Plan Rows": 9, "Plan Width": 16, "Actual Startup Time": 2.578, "Actual Total Time": 2.729, "Actual Rows": 588, "Actual Loops": 84, "Recheck Cond": "(l_orderkey = orders.o_orderkey)", "Rows Removed by Index Recheck": 0, "Exact Heap Blocks": 96, "Lossy Heap Blocks": 96, "Plans": [{"Node Type": "Bitmap Index Scan", "Parent Relationship": "Outer", "Index Name": "idx_lineitem_orderkey", "Startup Cost": 0.0, "Total Cost": 0.38, "Plan Rows": 9, "Plan Width": 0, "Actual Startup Time": 1.649, "Actual Total Time": 1.649, "Actual Rows": 588, "Actual Loops": 84, "Index Cond": "(l_orderkey = orders.o_orderkey)"}]}]}]}]}]}, "Triggers": [], "Planner Runtime": 1.65, "Total Runtime": 59621.238, "Unique SQL Id": 1915754155}}, "(1, '103')": {"explain_plan": {"Plan": {"Node Type": "Limit", "Startup Cost": 1000324838994.8, "Total Cost": 1000324838995.05, "Plan Rows": 100, "Plan Width": 59, "Plans": [{"Node Type": "Sort", "Parent Relationship": "Outer", "Startup Cost": 1000324838994.8, "Total Cost": 1000324839310.61, "Plan Rows": 100, "Plan Width": 59, "Sort Key": ["orders.o_totalprice DESC", "orders.o_orderdate"], "Plans": [{"Node Type": "Aggregate", "Strategy": "Hashed", "Parent Relationship": "Outer", "Startup Cost": 1000324832903.7, "Total Cost": 1000324834166.91, "Plan Rows": 126321, "Plan Width": 59, "Group By Key": ["orders.o_totalprice", "orders.o_orderdate", "customer.c_name", "customer.c_custkey", "orders.o_orderkey"], "Plans": [{"Node Type": "Nested Loop", "Parent Relationship": "Outer", "Join Type": "Inner", "Startup Cost": 10000000004.0, "Total Cost": 1000324831008.88, "Plan Rows": 126321, "Plan Width": 59, "Inner Unique": false, "Plans": [{"Node Type": "Nested Loop", "Parent Relationship": "Outer", "Join Type": "Inner", "Startup Cost": 10000000003.62, "Total Cost": 1000324767232.73, "Plan Rows": 13913, "Plan Width": 59, "Inner Unique": true, "Plans": [{"Node Type": "Nested Loop", "Parent Relationship": "Outer", "Join Type": "Inner", "Startup Cost": 10000000003.36, "Total Cost": 1000324625792.4, "Plan Rows": 33034, "Plan Width": 40, "Inner Unique": true, "Plans": [{"Node Type": "Aggregate", "Strategy": "Sorted", "Parent Relationship": "Outer", "Startup Cost": 10000000000.0, "Total Cost": 1000324381460.28, "Plan Rows": 33034, "Plan Width": 24, "Group By Key": ["public.lineitem.l_orderkey"], "Filter": "(sum(public.lineitem.l_quantity) > 314::double precision), (LLVM Optimized)", "Plans": [{"Node Type": "Index Scan", "Parent Relationship": "Outer", "Scan Direction": "Forward", "Index Name": "idx_lineitem_orderkey", "Relation Name": "lineitem", "Alias": "lineitem", "Startup Cost": 10000000000.0, "Total Cost": 1000324015374.5, "Plan Rows": 59987033, "Plan Width": 16}]}, {"Node Type": "Bitmap Heap Scan", "Parent Relationship": "Inner", "Relation Name": "orders", "Alias": "orders", "Startup Cost": 3.36, "Total Cost": 7.38, "Plan Rows": 1, "Plan Width": 32, "Recheck Cond": "(o_orderkey = public.lineitem.l_orderkey)", "Plans": [{"Node Type": "Bitmap Index Scan", "Parent Relationship": "Outer", "Index Name": "orders_pkey", "Startup Cost": 0.0, "Total Cost": 3.36, "Plan Rows": 1, "Plan Width": 0, "Index Cond": "(o_orderkey = public.lineitem.l_orderkey)"}]}]}, {"Node Type": "Bitmap Heap Scan", "Parent Relationship": "Inner", "Relation Name": "customer", "Alias": "customer", "Startup Cost": 0.26, "Total Cost": 4.27, "Plan Rows": 1, "Plan Width": 27, "Recheck Cond": "(c_custkey = orders.o_custkey)", "Plans": [{"Node Type": "Bitmap Index Scan", "Parent Relationship": "Outer", "Index Name": "customer_pkey", "Startup Cost": 0.0, "Total Cost": 0.26, "Plan Rows": 1, "Plan Width": 0, "Index Cond": "(c_custkey = orders.o_custkey)"}]}]}, {"Node Type": "Bitmap Heap Scan", "Parent Relationship": "Inner", "Relation Name": "lineitem", "Alias": "lineitem", "Startup Cost": 0.38, "Total Cost": 4.49, "Plan Rows": 9, "Plan Width": 16, "Recheck Cond": "(l_orderkey = orders.o_orderkey)", "Plans": [{"Node Type": "Bitmap Index Scan", "Parent Relationship": "Outer", "Index Name": "idx_lineitem_orderkey", "Startup Cost": 0.0, "Total Cost": 0.38, "Plan Rows": 9, "Plan Width": 0, "Index Cond": "(l_orderkey = orders.o_orderkey)"}]}]}]}]}]}, "Unique SQL Id": 1915754155, "Planner Runtime": 0}, "explain_analyze_plan": {"Plan": {"Node Type": "Limit", "Startup Cost": 1000324838994.8, "Total Cost": 1000324838995.05, "Plan Rows": 100, "Plan Width": 59, "Actual Startup Time": 49544.467, "Actual Total Time": 49544.486, "Actual Rows": 84, "Actual Loops": 1, "Plans": [{"Node Type": "Sort", "Parent Relationship": "Outer", "Startup Cost": 1000324838994.8, "Total Cost": 1000324839310.61, "Plan Rows": 100, "Plan Width": 59, "Actual Startup Time": 49544.465, "Actual Total Time": 49544.474, "Actual Rows": 84, "Actual Loops": 1, "Sort Key": ["orders.o_totalprice DESC", "orders.o_orderdate"], "Sort Method": "quicksort", "Sort Space Used": 38, "Sort Space Type": "Memory", "Plans": [{"Node Type": "Aggregate", "Strategy": "Hashed", "Parent Relationship": "Outer", "Startup Cost": 1000324832903.7, "Total Cost": 1000324834166.91, "Plan Rows": 126321, "Plan Width": 59, "Actual Startup Time": 49543.984, "Actual Total Time": 49544.316, "Actual Rows": 84, "Actual Loops": 1, "Group By Key": ["orders.o_totalprice", "orders.o_orderdate", "customer.c_name", "customer.c_custkey", "orders.o_orderkey"], "Plans": [{"Node Type": "Nested Loop", "Parent Relationship": "Outer", "Join Type": "Inner", "Startup Cost": 10000000004.0, "Total Cost": 1000324831008.88, "Plan Rows": 126321, "Plan Width": 59, "Actual Startup Time": 1023.087, "Actual Total Time": 49541.154, "Actual Rows": 588, "Actual Loops": 1, "Inner Unique": false, "Plans": [{"Node Type": "Nested Loop", "Parent Relationship": "Outer", "Join Type": "Inner", "Startup Cost": 10000000003.62, "Total Cost": 1000324767232.73, "Plan Rows": 13913, "Plan Width": 59, "Actual Startup Time": 1023.067, "Actual Total Time": 49538.65, "Actual Rows": 84, "Actual Loops": 1, "Inner Unique": true, "Plans": [{"Node Type": "Nested Loop", "Parent Relationship": "Outer", "Join Type": "Inner", "Startup Cost": 10000000003.36, "Total Cost": 1000324625792.4, "Plan Rows": 33034, "Plan Width": 40, "Actual Startup Time": 1023.033, "Actual Total Time": 49536.599, "Actual Rows": 84, "Actual Loops": 1, "Inner Unique": true, "Plans": [{"Node Type": "Aggregate", "Strategy": "Sorted", "Parent Relationship": "Outer", "Startup Cost": 10000000000.0, "Total Cost": 1000324381460.28, "Plan Rows": 33034, "Plan Width": 24, "Actual Startup Time": 1022.959, "Actual Total Time": 49531.744, "Actual Rows": 84, "Actual Loops": 1, "Group By Key": ["public.lineitem.l_orderkey"], "Filter": "(sum(public.lineitem.l_quantity) > 314::double precision), (LLVM Optimized, Jit Execute)", "Rows Removed by Filter": 14999916, "Plans": [{"Node Type": "Index Scan", "Parent Relationship": "Outer", "Scan Direction": "Forward", "Index Name": "idx_lineitem_orderkey", "Relation Name": "lineitem", "Alias": "lineitem", "Startup Cost": 10000000000.0, "Total Cost": 1000324015374.5, "Plan Rows": 59987033, "Plan Width": 16, "Actual Startup Time": 0.03, "Actual Total Time": 29176.085, "Actual Rows": 59986052, "Actual Loops": 1}]}, {"Node Type": "Bitmap Heap Scan", "Parent Relationship": "Inner", "Relation Name": "orders", "Alias": "orders", "Startup Cost": 3.36, "Total Cost": 7.38, "Plan Rows": 1, "Plan Width": 32, "Actual Startup Time": 3.264, "Actual Total Time": 3.264, "Actual Rows": 84, "Actual Loops": 84, "Recheck Cond": "(o_orderkey = public.lineitem.l_orderkey)", "Rows Removed by Index Recheck": 0, "Exact Heap Blocks": 84, "Lossy Heap Blocks": 84, "Plans": [{"Node Type": "Bitmap Index Scan", "Parent Relationship": "Outer", "Index Name": "orders_pkey", "Startup Cost": 0.0, "Total Cost": 3.36, "Plan Rows": 1, "Plan Width": 0, "Actual Startup Time": 2.073, "Actual Total Time": 2.073, "Actual Rows": 84, "Actual Loops": 84, "Index Cond": "(o_orderkey = public.lineitem.l_orderkey)"}]}]}, {"Node Type": "Bitmap Heap Scan", "Parent Relationship": "Inner", "Relation Name": "customer", "Alias": "customer", "Startup Cost": 0.26, "Total Cost": 4.27, "Plan Rows": 1, "Plan Width": 27, "Actual Startup Time": 1.378, "Actual Total Time": 1.378, "Actual Rows": 84, "Actual Loops": 84, "Recheck Cond": "(c_custkey = orders.o_custkey)", "Rows Removed by Index Recheck": 0, "Exact Heap Blocks": 84, "Lossy Heap Blocks": 84, "Plans": [{"Node Type": "Bitmap Index Scan", "Parent Relationship": "Outer", "Index Name": "customer_pkey", "Startup Cost": 0.0, "Total Cost": 0.26, "Plan Rows": 1, "Plan Width": 0, "Actual Startup Time": 0.854, "Actual Total Time": 0.854, "Actual Rows": 84, "Actual Loops": 84, "Index Cond": "(c_custkey = orders.o_custkey)"}]}]}, {"Node Type": "Bitmap Heap Scan", "Parent Relationship": "Inner", "Relation Name": "lineitem", "Alias": "lineitem", "Startup Cost": 0.38, "Total Cost": 4.49, "Plan Rows": 9, "Plan Width": 16, "Actual Startup Time": 1.417, "Actual Total Time": 1.651, "Actual Rows": 588, "Actual Loops": 84, "Recheck Cond": "(l_orderkey = orders.o_orderkey)", "Rows Removed by Index Recheck": 0, "Exact Heap Blocks": 96, "Lossy Heap Blocks": 96, "Plans": [{"Node Type": "Bitmap Index Scan", "Parent Relationship": "Outer", "Index Name": "idx_lineitem_orderkey", "Startup Cost": 0.0, "Total Cost": 0.38, "Plan Rows": 9, "Plan Width": 0, "Actual Startup Time": 0.904, "Actual Total Time": 0.904, "Actual Rows": 588, "Actual Loops": 84, "Index Cond": "(l_orderkey = orders.o_orderkey)"}]}]}]}]}]}, "Triggers": [], "Planner Runtime": 1.515, "Total Runtime": 49553.909, "Unique SQL Id": 1915754155}}, "(1, '104')": {"explain_plan": {"Plan": {"Node Type": "Limit", "Startup Cost": 2649029.8, "Total Cost": 2649030.05, "Plan Rows": 100, "Plan Width": 59, "Plans": [{"Node Type": "Sort", "Parent Relationship": "Outer", "Startup Cost": 2649029.8, "Total Cost": 2649345.6, "Plan Rows": 100, "Plan Width": 59, "Sort Key": ["orders.o_totalprice DESC", "orders.o_orderdate"], "Plans": [{"Node Type": "Aggregate", "Strategy": "Hashed", "Parent Relationship": "Outer", "Startup Cost": 2642938.69, "Total Cost": 2644201.9, "Plan Rows": 126321, "Plan Width": 59, "Group By Key": ["orders.o_totalprice", "orders.o_orderdate", "customer.c_name", "customer.c_custkey", "orders.o_orderkey"], "Plans": [{"Node Type": "Nested Loop", "Parent Relationship": "Outer", "Join Type": "Inner", "Startup Cost": 2315050.5, "Total Cost": 2641043.88, "Plan Rows": 126321, "Plan Width": 59, "Inner Unique": false, "Plans": [{"Node Type": "Nested Loop", "Parent Relationship": "Outer", "Join Type": "Inner", "Startup Cost": 2315050.5, "Total Cost": 2627700.1, "Plan Rows": 13913, "Plan Width": 59, "Inner Unique": true, "Plans": [{"Node Type": "Nested Loop", "Parent Relationship": "Outer", "Join Type": "Inner", "Startup Cost": 2315050.5, "Total Cost": 2618076.97, "Plan Rows": 33034, "Plan Width": 40, "Inner Unique": true, "Plans": [{"Node Type": "Aggregate", "Strategy": "Hashed", "Parent Relationship": "Outer", "Startup Cost": 2315050.5, "Total Cost": 2381201.11, "Plan Rows": 33034, "Plan Width": 16, "Group By Key": ["public.lineitem.l_orderkey"], "Filter": "(sum(public.lineitem.l_quantity) > 314::double precision), (LLVM Optimized)", "Plans": [{"Node Type": "Seq Scan", "Parent Relationship": "Outer", "Relation Name": "lineitem", "Alias": "lineitem", "Startup Cost": 0.0, "Total Cost": 2015115.33, "Plan Rows": 59987033, "Plan Width": 16}]}, {"Node Type": "Index Scan", "Parent Relationship": "Inner", "Scan Direction": "Forward", "Index Name": "orders_pkey", "Relation Name": "orders", "Alias": "orders", "Startup Cost": 0.0, "Total Cost": 7.15, "Plan Rows": 1, "Plan Width": 32, "Index Cond": "(o_orderkey = public.lineitem.l_orderkey)"}]}, {"Node Type": "Index Scan", "Parent Relationship": "Inner", "Scan Direction": "Forward", "Index Name": "customer_pkey", "Relation Name": "customer", "Alias": "customer", "Startup Cost": 0.0, "Total Cost": 0.28, "Plan Rows": 1, "Plan Width": 27, "Index Cond": "(c_custkey = orders.o_custkey)"}]}, {"Node Type": "Index Scan", "Parent Relationship": "Inner", "Scan Direction": "Forward", "Index Name": "idx_lineitem_orderkey", "Relation Name": "lineitem", "Alias": "lineitem", "Startup Cost": 0.0, "Total Cost": 0.87, "Plan Rows": 9, "Plan Width": 16, "Index Cond": "(l_orderkey = orders.o_orderkey)"}]}]}]}]}, "Unique SQL Id": 1915754155, "Planner Runtime": 0}, "explain_analyze_plan": {"Plan": {"Node Type": "Limit", "Startup Cost": 2649029.8, "Total Cost": 2649030.05, "Plan Rows": 100, "Plan Width": 59, "Actual Startup Time": 51129.008, "Actual Total Time": 51129.027, "Actual Rows": 84, "Actual Loops": 1, "Plans": [{"Node Type": "Sort", "Parent Relationship": "Outer", "Startup Cost": 2649029.8, "Total Cost": 2649345.6, "Plan Rows": 100, "Plan Width": 59, "Actual Startup Time": 51129.006, "Actual Total Time": 51129.015, "Actual Rows": 84, "Actual Loops": 1, "Sort Key": ["orders.o_totalprice DESC", "orders.o_orderdate"], "Sort Method": "quicksort", "Sort Space Used": 38, "Sort Space Type": "Memory", "Plans": [{"Node Type": "Aggregate", "Strategy": "Hashed", "Parent Relationship": "Outer", "Startup Cost": 2642938.69, "Total Cost": 2644201.9, "Plan Rows": 126321, "Plan Width": 59, "Actual Startup Time": 51128.213, "Actual Total Time": 51128.889, "Actual Rows": 84, "Actual Loops": 1, "Group By Key": ["orders.o_totalprice", "orders.o_orderdate", "customer.c_name", "customer.c_custkey", "orders.o_orderkey"], "Plans": [{"Node Type": "Nested Loop", "Parent Relationship": "Outer", "Join Type": "Inner", "Startup Cost": 2315050.5, "Total Cost": 2641043.88, "Plan Rows": 126321, "Plan Width": 59, "Actual Startup Time": 46173.798, "Actual Total Time": 51126.311, "Actual Rows": 588, "Actual Loops": 1, "Inner Unique": false, "Plans": [{"Node Type": "Nested Loop", "Parent Relationship": "Outer", "Join Type": "Inner", "Startup Cost": 2315050.5, "Total Cost": 2627700.1, "Plan Rows": 13913, "Plan Width": 59, "Actual Startup Time": 46173.775, "Actual Total Time": 51124.263, "Actual Rows": 84, "Actual Loops": 1, "Inner Unique": true, "Plans": [{"Node Type": "Nested Loop", "Parent Relationship": "Outer", "Join Type": "Inner", "Startup Cost": 2315050.5, "Total Cost": 2618076.97, "Plan Rows": 33034, "Plan Width": 40, "Actual Startup Time": 46173.751, "Actual Total Time": 51122.995, "Actual Rows": 84, "Actual Loops": 1, "Inner Unique": true, "Plans": [{"Node Type": "Aggregate", "Strategy": "Hashed", "Parent Relationship": "Outer", "Startup Cost": 2315050.5, "Total Cost": 2381201.11, "Plan Rows": 33034, "Plan Width": 16, "Actual Startup Time": 46173.686, "Actual Total Time": 51106.177, "Actual Rows": 84, "Actual Loops": 1, "Group By Key": ["public.lineitem.l_orderkey"], "Filter": "(sum(public.lineitem.l_quantity) > 314::double precision), (LLVM Optimized, Jit Execute)", "Rows Removed by Filter": 14999916, "Plans": [{"Node Type": "Seq Scan", "Parent Relationship": "Outer", "Relation Name": "lineitem", "Alias": "lineitem", "Startup Cost": 0.0, "Total Cost": 2015115.33, "Plan Rows": 59987033, "Plan Width": 16, "Actual Startup Time": 0.043, "Actual Total Time": 19975.008, "Actual Rows": 59986052, "Actual Loops": 1}]}, {"Node Type": "Index Scan", "Parent Relationship": "Inner", "Scan Direction": "Forward", "Index Name": "orders_pkey", "Relation Name": "orders", "Alias": "orders", "Startup Cost": 0.0, "Total Cost": 7.15, "Plan Rows": 1, "Plan Width": 32, "Actual Startup Time": 2.93, "Actual Total Time": 2.93, "Actual Rows": 84, "Actual Loops": 84, "Index Cond": "(o_orderkey = public.lineitem.l_orderkey)", "Rows Removed by Index Recheck": 0}]}, {"Node Type": "Index Scan", "Parent Relationship": "Inner", "Scan Direction": "Forward", "Index Name": "customer_pkey", "Relation Name": "customer", "Alias": "customer", "Startup Cost": 0.0, "Total Cost": 0.28, "Plan Rows": 1, "Plan Width": 27, "Actual Startup Time": 0.906, "Actual Total Time": 0.906, "Actual Rows": 84, "Actual Loops": 84, "Index Cond": "(c_custkey = orders.o_custkey)", "Rows Removed by Index Recheck": 0}]}, {"Node Type": "Index Scan", "Parent Relationship": "Inner", "Scan Direction": "Forward", "Index Name": "idx_lineitem_orderkey", "Relation Name": "lineitem", "Alias": "lineitem", "Startup Cost": 0.0, "Total Cost": 0.87, "Plan Rows": 9, "Plan Width": 16, "Actual Startup Time": 1.165, "Actual Total Time": 1.622, "Actual Rows": 588, "Actual Loops": 84, "Index Cond": "(l_orderkey = orders.o_orderkey)", "Rows Removed by Index Recheck": 0}]}]}]}]}, "Triggers": [], "Planner Runtime": 1.711, "Total Runtime": 51138.586, "Unique SQL Id": 1915754155}}, "(1, '105')": {"explain_plan": {"Plan": {"Node Type": "Limit", "Startup Cost": 3874068.21, "Total Cost": 3874068.46, "Plan Rows": 100, "Plan Width": 59, "Plans": [{"Node Type": "Sort", "Parent Relationship": "Outer", "Startup Cost": 3874068.21, "Total Cost": 3874384.02, "Plan Rows": 100, "Plan Width": 59, "Sort Key": ["orders.o_totalprice DESC", "orders.o_orderdate"], "Plans": [{"Node Type": "Aggregate", "Strategy": "Hashed", "Parent Relationship": "Outer", "Startup Cost": 3867977.11, "Total Cost": 3869240.32, "Plan Rows": 126321, "Plan Width": 59, "Group By Key": ["orders.o_totalprice", "orders.o_orderdate", "customer.c_name", "customer.c_custkey", "orders.o_orderkey"], "Plans": [{"Node Type": "Nested Loop", "Parent Relationship": "Outer", "Join Type": "Inner", "Startup Cost": 0.0, "Total Cost": 3866082.29, "Plan Rows": 126321, "Plan Width": 59, "Inner Unique": false, "Plans": [{"Node Type": "Nested Loop", "Parent Relationship": "Outer", "Join Type": "Inner", "Startup Cost": 0.0, "Total Cost": 3852738.51, "Plan Rows": 13913, "Plan Width": 59, "Inner Unique": true, "Plans": [{"Node Type": "Nested Loop", "Parent Relationship": "Outer", "Join Type": "Inner", "Startup Cost": 0.0, "Total Cost": 3843115.38, "Plan Rows": 33034, "Plan Width": 40, "Inner Unique": true, "Plans": [{"Node Type": "Aggregate", "Strategy": "Sorted", "Parent Relationship": "Outer", "Startup Cost": 0.0, "Total Cost": 3606239.52, "Plan Rows": 33034, "Plan Width": 24, "Group By Key": ["public.lineitem.l_orderkey"], "Filter": "(sum(public.lineitem.l_quantity) > 314::double precision), (LLVM Optimized)", "Plans": [{"Node Type": "Index Scan", "Parent Relationship": "Outer", "Scan Direction": "Forward", "Index Name": "idx_lineitem_orderkey", "Relation Name": "lineitem", "Alias": "lineitem", "Startup Cost": 0.0, "Total Cost": 3240153.75, "Plan Rows": 59987033, "Plan Width": 16}]}, {"Node Type": "Index Scan", "Parent Relationship": "Inner", "Scan Direction": "Forward", "Index Name": "orders_pkey", "Relation Name": "orders", "Alias": "orders", "Startup Cost": 0.0, "Total Cost": 7.15, "Plan Rows": 1, "Plan Width": 32, "Index Cond": "(o_orderkey = public.lineitem.l_orderkey)"}]}, {"Node Type": "Index Scan", "Parent Relationship": "Inner", "Scan Direction": "Forward", "Index Name": "customer_pkey", "Relation Name": "customer", "Alias": "customer", "Startup Cost": 0.0, "Total Cost": 0.28, "Plan Rows": 1, "Plan Width": 27, "Index Cond": "(c_custkey = orders.o_custkey)"}]}, {"Node Type": "Index Scan", "Parent Relationship": "Inner", "Scan Direction": "Forward", "Index Name": "idx_lineitem_orderkey", "Relation Name": "lineitem", "Alias": "lineitem", "Startup Cost": 0.0, "Total Cost": 0.87, "Plan Rows": 9, "Plan Width": 16, "Index Cond": "(l_orderkey = orders.o_orderkey)"}]}]}]}]}, "Unique SQL Id": 1915754155, "Planner Runtime": 0}, "explain_analyze_plan": {"Plan": {"Node Type": "Limit", "Startup Cost": 3874068.21, "Total Cost": 3874068.46, "Plan Rows": 100, "Plan Width": 59, "Actual Startup Time": 50695.002, "Actual Total Time": 50695.017, "Actual Rows": 84, "Actual Loops": 1, "Plans": [{"Node Type": "Sort", "Parent Relationship": "Outer", "Startup Cost": 3874068.21, "Total Cost": 3874384.02, "Plan Rows": 100, "Plan Width": 59, "Actual Startup Time": 50695.0, "Actual Total Time": 50695.004, "Actual Rows": 84, "Actual Loops": 1, "Sort Key": ["orders.o_totalprice DESC", "orders.o_orderdate"], "Sort Method": "quicksort", "Sort Space Used": 38, "Sort Space Type": "Memory", "Plans": [{"Node Type": "Aggregate", "Strategy": "Hashed", "Parent Relationship": "Outer", "Startup Cost": 3867977.11, "Total Cost": 3869240.32, "Plan Rows": 126321, "Plan Width": 59, "Actual Startup Time": 50694.487, "Actual Total Time": 50694.852, "Actual Rows": 84, "Actual Loops": 1, "Group By Key": ["orders.o_totalprice", "orders.o_orderdate", "customer.c_name", "customer.c_custkey", "orders.o_orderkey"], "Plans": [{"Node Type": "Nested Loop", "Parent Relationship": "Outer", "Join Type": "Inner", "Startup Cost": 0.0, "Total Cost": 3866082.29, "Plan Rows": 126321, "Plan Width": 59, "Actual Startup Time": 1159.494, "Actual Total Time": 50691.109, "Actual Rows": 588, "Actual Loops": 1, "Inner Unique": false, "Plans": [{"Node Type": "Nested Loop", "Parent Relationship": "Outer", "Join Type": "Inner", "Startup Cost": 0.0, "Total Cost": 3852738.51, "Plan Rows": 13913, "Plan Width": 59, "Actual Startup Time": 1159.473, "Actual Total Time": 50688.867, "Actual Rows": 84, "Actual Loops": 1, "Inner Unique": true, "Plans": [{"Node Type": "Nested Loop", "Parent Relationship": "Outer", "Join Type": "Inner", "Startup Cost": 0.0, "Total Cost": 3843115.38, "Plan Rows": 33034, "Plan Width": 40, "Actual Startup Time": 1159.448, "Actual Total Time": 50687.006, "Actual Rows": 84, "Actual Loops": 1, "Inner Unique": true, "Plans": [{"Node Type": "Aggregate", "Strategy": "Sorted", "Parent Relationship": "Outer", "Startup Cost": 0.0, "Total Cost": 3606239.52, "Plan Rows": 33034, "Plan Width": 24, "Actual Startup Time": 1159.408, "Actual Total Time": 50684.063, "Actual Rows": 84, "Actual Loops": 1, "Group By Key": ["public.lineitem.l_orderkey"], "Filter": "(sum(public.lineitem.l_quantity) > 314::double precision), (LLVM Optimized, Jit Execute)", "Rows Removed by Filter": 14999916, "Plans": [{"Node Type": "Index Scan", "Parent Relationship": "Outer", "Scan Direction": "Forward", "Index Name": "idx_lineitem_orderkey", "Relation Name": "lineitem", "Alias": "lineitem", "Startup Cost": 0.0, "Total Cost": 3240153.75, "Plan Rows": 59987033, "Plan Width": 16, "Actual Startup Time": 0.029, "Actual Total Time": 30275.076, "Actual Rows": 59986052, "Actual Loops": 1}]}, {"Node Type": "Index Scan", "Parent Relationship": "Inner", "Scan Direction": "Forward", "Index Name": "orders_pkey", "Relation Name": "orders", "Alias": "orders", "Startup Cost": 0.0, "Total Cost": 7.15, "Plan Rows": 1, "Plan Width": 32, "Actual Startup Time": 1.994, "Actual Total Time": 1.994, "Actual Rows": 84, "Actual Loops": 84, "Index Cond": "(o_orderkey = public.lineitem.l_orderkey)", "Rows Removed by Index Recheck": 0}]}, {"Node Type": "Index Scan", "Parent Relationship": "Inner", "Scan Direction": "Forward", "Index Name": "customer_pkey", "Relation Name": "customer", "Alias": "customer", "Startup Cost": 0.0, "Total Cost": 0.28, "Plan Rows": 1, "Plan Width": 27, "Actual Startup Time": 1.278, "Actual Total Time": 1.278, "Actual Rows": 84, "Actual Loops": 84, "Index Cond": "(c_custkey = orders.o_custkey)", "Rows Removed by Index Recheck": 0}]}, {"Node Type": "Index Scan", "Parent Relationship": "Inner", "Scan Direction": "Forward", "Index Name": "idx_lineitem_orderkey", "Relation Name": "lineitem", "Alias": "lineitem", "Startup Cost": 0.0, "Total Cost": 0.87, "Plan Rows": 9, "Plan Width": 16, "Actual Startup Time": 0.938, "Actual Total Time": 1.562, "Actual Rows": 588, "Actual Loops": 84, "Index Cond": "(l_orderkey = orders.o_orderkey)", "Rows Removed by Index Recheck": 0}]}]}]}]}, "Triggers": [], "Planner Runtime": 1.698, "Total Runtime": 50704.506, "Unique SQL Id": 1915754155}}, "(1, '106')": {"explain_plan": {"Plan": {"Node Type": "Limit", "Startup Cost": 5166300.38, "Total Cost": 5166300.63, "Plan Rows": 100, "Plan Width": 59, "Plans": [{"Node Type": "Sort", "Parent Relationship": "Outer", "Startup Cost": 5166300.38, "Total Cost": 5166616.18, "Plan Rows": 100, "Plan Width": 59, "Sort Key": ["orders.o_totalprice DESC", "orders.o_orderdate"], "Plans": [{"Node Type": "Aggregate", "Strategy": "Hashed", "Parent Relationship": "Outer", "Startup Cost": 5160209.27, "Total Cost": 5161472.48, "Plan Rows": 126321, "Plan Width": 59, "Group By Key": ["orders.o_totalprice", "orders.o_orderdate", "customer.c_name", "customer.c_custkey", "orders.o_orderkey"], "Plans": [{"Node Type": "Hash Join", "Parent Relationship": "Outer", "Join Type": "Inner", "Startup Cost": 2917691.33, "Total Cost": 5158314.46, "Plan Rows": 126321, "Plan Width": 59, "Inner Unique": false, "Hash Cond": "(public.lineitem.l_orderkey = orders.o_orderkey), (LLVM Optimized)", "Plans": [{"Node Type": "Seq Scan", "Parent Relationship": "Outer", "Relation Name": "lineitem", "Alias": "lineitem", "Startup Cost": 0.0, "Total Cost": 2015115.33, "Plan Rows": 59987033, "Plan Width": 16}, {"Node Type": "Hash", "Parent Relationship": "Inner", "Startup Cost": 2917517.42, "Total Cost": 2917517.42, "Plan Rows": 13913, "Plan Width": 59, "Plans": [{"Node Type": "Hash Join", "Parent Relationship": "Outer", "Join Type": "Inner", "Startup Cost": 2452820.37, "Total Cost": 2917517.42, "Plan Rows": 13913, "Plan Width": 59, "Inner Unique": true, "Hash Cond": "(orders.o_custkey = customer.c_custkey)", "Plans": [{"Node Type": "Hash Join", "Parent Relationship": "Outer", "Join Type": "Inner", "Startup Cost": 2381944.37, "Total Cost": 2846187.2, "Plan Rows": 33034, "Plan Width": 40, "Inner Unique": true, "Hash Cond": "(orders.o_orderkey = public.lineitem.l_orderkey)", "Plans": [{"Node Type": "Seq Scan", "Parent Relationship": "Outer", "Relation Name": "orders", "Alias": "orders", "Startup Cost": 0.0, "Total Cost": 426413.79, "Plan Rows": 14999479, "Plan Width": 32}, {"Node Type": "Hash", "Parent Relationship": "Inner", "Startup Cost": 2381531.45, "Total Cost": 2381531.45, "Plan Rows": 33034, "Plan Width": 8, "Plans": [{"Node Type": "Aggregate", "Strategy": "Hashed", "Parent Relationship": "Outer", "Startup Cost": 2315050.5, "Total Cost": 2381201.11, "Plan Rows": 33034, "Plan Width": 16, "Group By Key": ["public.lineitem.l_orderkey"], "Filter": "(sum(public.lineitem.l_quantity) > 314::double precision), (LLVM Optimized)", "Plans": [{"Node Type": "Seq Scan", "Parent Relationship": "Outer", "Relation Name": "lineitem", "Alias": "lineitem", "Startup Cost": 0.0, "Total Cost": 2015115.33, "Plan Rows": 59987033, "Plan Width": 16}]}]}]}, {"Node Type": "Hash", "Parent Relationship": "Inner", "Startup Cost": 52126.0, "Total Cost": 52126.0, "Plan Rows": 1500000, "Plan Width": 27, "Plans": [{"Node Type": "Seq Scan", "Parent Relationship": "Outer", "Relation Name": "customer", "Alias": "customer", "Startup Cost": 0.0, "Total Cost": 52126.0, "Plan Rows": 1500000, "Plan Width": 27}]}]}]}]}]}]}]}, "Unique SQL Id": 1915754155, "Planner Runtime": 0}, "explain_analyze_plan": {"Plan": {"Node Type": "Limit", "Startup Cost": 5166300.38, "Total Cost": 5166300.63, "Plan Rows": 100, "Plan Width": 59, "Actual Startup Time": 89037.107, "Actual Total Time": 89037.126, "Actual Rows": 84, "Actual Loops": 1, "Plans": [{"Node Type": "Sort", "Parent Relationship": "Outer", "Startup Cost": 5166300.38, "Total Cost": 5166616.18, "Plan Rows": 100, "Plan Width": 59, "Actual Startup Time": 89037.105, "Actual Total Time": 89037.108, "Actual Rows": 84, "Actual Loops": 1, "Sort Key": ["orders.o_totalprice DESC", "orders.o_orderdate"], "Sort Method": "quicksort", "Sort Space Used": 38, "Sort Space Type": "Memory", "Plans": [{"Node Type": "Aggregate", "Strategy": "Hashed", "Parent Relationship": "Outer", "Startup Cost": 5160209.27, "Total Cost": 5161472.48, "Plan Rows": 126321, "Plan Width": 59, "Actual Startup Time": 89036.695, "Actual Total Time": 89036.991, "Actual Rows": 84, "Actual Loops": 1, "Group By Key": ["orders.o_totalprice", "orders.o_orderdate", "customer.c_name", "customer.c_custkey", "orders.o_orderkey"], "Plans": [{"Node Type": "Hash Join", "Parent Relationship": "Outer", "Join Type": "Inner", "Startup Cost": 2917691.33, "Total Cost": 5158314.46, "Plan Rows": 126321, "Plan Width": 59, "Actual Startup Time": 61203.999, "Actual Total Time": 89033.999, "Actual Rows": 588, "Actual Loops": 1, "Inner Unique": false, "Hash Cond": "(public.lineitem.l_orderkey = orders.o_orderkey), (LLVM Optimized, Jit Execute)", "Plans": [{"Node Type": "Seq Scan", "Parent Relationship": "Outer", "Relation Name": "lineitem", "Alias": "lineitem", "Startup Cost": 0.0, "Total Cost": 2015115.33, "Plan Rows": 59987033, "Plan Width": 16, "Actual Startup Time": 0.017, "Actual Total Time": 17301.556, "Actual Rows": 59986052, "Actual Loops": 1}, {"Node Type": "Hash", "Parent Relationship": "Inner", "Startup Cost": 2917517.42, "Total Cost": 2917517.42, "Plan Rows": 13913, "Plan Width": 59, "Actual Startup Time": 60623.935, "Actual Total Time": 60623.935, "Actual Rows": 84, "Actual Loops": 1, "Hash Buckets": 32768, "Hash Batches": 1, "Original Hash Batches": 1, "Peak Memory Usage": 8, "Plans": [{"Node Type": "Hash Join", "Parent Relationship": "Outer", "Join Type": "Inner", "Startup Cost": 2452820.37, "Total Cost": 2917517.42, "Plan Rows": 13913, "Plan Width": 59, "Actual Startup Time": 53663.979, "Actual Total Time": 60623.63, "Actual Rows": 84, "Actual Loops": 1, "Inner Unique": true, "Hash Cond": "(orders.o_custkey = customer.c_custkey)", "Plans": [{"Node Type": "Hash Join", "Parent Relationship": "Outer", "Join Type": "Inner", "Startup Cost": 2381944.37, "Total Cost": 2846187.2, "Plan Rows": 33034, "Plan Width": 40, "Actual Startup Time": 52633.277, "Actual Total Time": 59591.763, "Actual Rows": 84, "Actual Loops": 1, "Inner Unique": true, "Hash Cond": "(orders.o_orderkey = public.lineitem.l_orderkey)", "Plans": [{"Node Type": "Seq Scan", "Parent Relationship": "Outer", "Relation Name": "orders", "Alias": "orders", "Startup Cost": 0.0, "Total Cost": 426413.79, "Plan Rows": 14999479, "Plan Width": 32, "Actual Startup Time": 0.016, "Actual Total Time": 3989.93, "Actual Rows": 15000000, "Actual Loops": 1}, {"Node Type": "Hash", "Parent Relationship": "Inner", "Startup Cost": 2381531.45, "Total Cost": 2381531.45, "Plan Rows": 33034, "Plan Width": 8, "Actual Startup Time": 52471.707, "Actual Total Time": 52471.707, "Actual Rows": 84, "Actual Loops": 1, "Hash Buckets": 65536, "Hash Batches": 1, "Original Hash Batches": 1, "Peak Memory Usage": 4, "Plans": [{"Node Type": "Aggregate", "Strategy": "Hashed", "Parent Relationship": "Outer", "Startup Cost": 2315050.5, "Total Cost": 2381201.11, "Plan Rows": 33034, "Plan Width": 16, "Actual Startup Time": 46371.321, "Actual Total Time": 52471.276, "Actual Rows": 84, "Actual Loops": 1, "Group By Key": ["public.lineitem.l_orderkey"], "Filter": "(sum(public.lineitem.l_quantity) > 314::double precision), (LLVM Optimized, Jit Execute)", "Rows Removed by Filter": 14999916, "Plans": [{"Node Type": "Seq Scan", "Parent Relationship": "Outer", "Relation Name": "lineitem", "Alias": "lineitem", "Startup Cost": 0.0, "Total Cost": 2015115.33, "Plan Rows": 59987033, "Plan Width": 16, "Actual Startup Time": 0.041, "Actual Total Time": 20225.989, "Actual Rows": 59986052, "Actual Loops": 1}]}]}]}, {"Node Type": "Hash", "Parent Relationship": "Inner", "Startup Cost": 52126.0, "Total Cost": 52126.0, "Plan Rows": 1500000, "Plan Width": 27, "Actual Startup Time": 1029.308, "Actual Total Time": 1029.308, "Actual Rows": 1500000, "Actual Loops": 1, "Hash Buckets": 2097152, "Hash Batches": 1, "Original Hash Batches": 1, "Peak Memory Usage": 93750, "Plans": [{"Node Type": "Seq Scan", "Parent Relationship": "Outer", "Relation Name": "customer", "Alias": "customer", "Startup Cost": 0.0, "Total Cost": 52126.0, "Plan Rows": 1500000, "Plan Width": 27, "Actual Startup Time": 0.016, "Actual Total Time": 529.594, "Actual Rows": 1500000, "Actual Loops": 1}]}]}]}]}]}]}]}, "Triggers": [], "Planner Runtime": 1.647, "Total Runtime": 89046.62, "Unique SQL Id": 1915754155}}, "(1, '107')": {"explain_plan": {"Plan": {"Node Type": "Limit", "Startup Cost": 4000729862658.05, "Total Cost": 4000729862658.3, "Plan Rows": 100, "Plan Width": 59, "Plans": [{"Node Type": "Sort", "Parent Relationship": "Outer", "Startup Cost": 4000729862658.05, "Total Cost": 4000729862973.86, "Plan Rows": 100, "Plan Width": 59, "Sort Key": ["orders.o_totalprice DESC", "orders.o_orderdate"], "Plans": [{"Node Type": "Aggregate", "Strategy": "Hashed", "Parent Relationship": "Outer", "Startup Cost": 4000729856566.94, "Total Cost": 4000729857830.15, "Plan Rows": 126321, "Plan Width": 59, "Group By Key": ["orders.o_totalprice", "orders.o_orderdate", "customer.c_name", "customer.c_custkey", "orders.o_orderkey"], "Plans": [{"Node Type": "Hash Join", "Parent Relationship": "Outer", "Join Type": "Inner", "Startup Cost": 3010405613789.84, "Total Cost": 4000729854672.13, "Plan Rows": 126321, "Plan Width": 59, "Inner Unique": false, "Hash Cond": "(public.lineitem.l_orderkey = orders.o_orderkey), (LLVM Optimized)", "Plans": [{"Node Type": "Index Scan", "Parent Relationship": "Outer", "Scan Direction": "Forward", "Index Name": "idx_lineitem_orderkey", "Relation Name": "lineitem", "Alias": "lineitem", "Startup Cost": 10000000000.0, "Total Cost": 1000324015374.5, "Plan Rows": 59987033, "Plan Width": 16}, {"Node Type": "Hash", "Parent Relationship": "Inner", "Startup Cost": 3000405613615.92, "Total Cost": 3000405613615.92, "Plan Rows": 13913, "Plan Width": 59, "Plans": [{"Node Type": "Hash Join", "Parent Relationship": "Outer", "Join Type": "Inner", "Startup Cost": 2010332477489.17, "Total Cost": 3000405613615.92, "Plan Rows": 13913, "Plan Width": 59, "Inner Unique": true, "Hash Cond": "(orders.o_custkey = customer.c_custkey)", "Plans": [{"Node Type": "Hash Join", "Parent Relationship": "Outer", "Join Type": "Inner", "Startup Cost": 1010324382203.55, "Total Cost": 2000397517876.08, "Plan Rows": 33034, "Plan Width": 40, "Inner Unique": true, "Hash Cond": "(orders.o_orderkey = public.lineitem.l_orderkey)", "Plans": [{"Node Type": "Index Scan", "Parent Relationship": "Outer", "Scan Direction": "Forward", "Index Name": "orders_pkey", "Relation Name": "orders", "Alias": "orders", "Startup Cost": 10000000000.0, "Total Cost": 1000073097843.5, "Plan Rows": 14999479, "Plan Width": 32}, {"Node Type": "Hash", "Parent Relationship": "Inner", "Startup Cost": 1000324381790.62, "Total Cost": 1000324381790.62, "Plan Rows": 33034, "Plan Width": 8, "Plans": [{"Node Type": "Aggregate", "Strategy": "Sorted", "Parent Relationship": "Outer", "Startup Cost": 10000000000.0, "Total Cost": 1000324381460.28, "Plan Rows": 33034, "Plan Width": 24, "Group By Key": ["public.lineitem.l_orderkey"], "Filter": "(sum(public.lineitem.l_quantity) > 314::double precision), (LLVM Optimized)", "Plans": [{"Node Type": "Index Scan", "Parent Relationship": "Outer", "Scan Direction": "Forward", "Index Name": "idx_lineitem_orderkey", "Relation Name": "lineitem", "Alias": "lineitem", "Startup Cost": 10000000000.0, "Total Cost": 1000324015374.5, "Plan Rows": 59987033, "Plan Width": 16}]}]}]}, {"Node Type": "Hash", "Parent Relationship": "Inner", "Startup Cost": 1000008076535.62, "Total Cost": 1000008076535.62, "Plan Rows": 1500000, "Plan Width": 27, "Plans": [{"Node Type": "Index Scan", "Parent Relationship": "Outer", "Scan Direction": "Forward", "Index Name": "customer_pkey", "Relation Name": "customer", "Alias": "customer", "Startup Cost": 10000000000.0, "Total Cost": 1000008076535.62, "Plan Rows": 1500000, "Plan Width": 27}]}]}]}]}]}]}]}, "Unique SQL Id": 1915754155, "Planner Runtime": 0}, "explain_analyze_plan": null}, "(1, '108')": {"explain_plan": {"Plan": {"Node Type": "Limit", "Startup Cost": 2649029.8, "Total Cost": 2649030.05, "Plan Rows": 100, "Plan Width": 59, "Plans": [{"Node Type": "Sort", "Parent Relationship": "Outer", "Startup Cost": 2649029.8, "Total Cost": 2649345.6, "Plan Rows": 100, "Plan Width": 59, "Sort Key": ["orders.o_totalprice DESC", "orders.o_orderdate"], "Plans": [{"Node Type": "Aggregate", "Strategy": "Hashed", "Parent Relationship": "Outer", "Startup Cost": 2642938.69, "Total Cost": 2644201.9, "Plan Rows": 126321, "Plan Width": 59, "Group By Key": ["orders.o_totalprice", "orders.o_orderdate", "customer.c_name", "customer.c_custkey", "orders.o_orderkey"], "Plans": [{"Node Type": "Nested Loop", "Parent Relationship": "Outer", "Join Type": "Inner", "Startup Cost": 2315050.5, "Total Cost": 2641043.88, "Plan Rows": 126321, "Plan Width": 59, "Inner Unique": false, "Plans": [{"Node Type": "Nested Loop", "Parent Relationship": "Outer", "Join Type": "Inner", "Startup Cost": 2315050.5, "Total Cost": 2627700.1, "Plan Rows": 13913, "Plan Width": 59, "Inner Unique": true, "Plans": [{"Node Type": "Nested Loop", "Parent Relationship": "Outer", "Join Type": "Inner", "Startup Cost": 2315050.5, "Total Cost": 2618076.97, "Plan Rows": 33034, "Plan Width": 40, "Inner Unique": true, "Plans": [{"Node Type": "Aggregate", "Strategy": "Hashed", "Parent Relationship": "Outer", "Startup Cost": 2315050.5, "Total Cost": 2381201.11, "Plan Rows": 33034, "Plan Width": 16, "Group By Key": ["public.lineitem.l_orderkey"], "Filter": "(sum(public.lineitem.l_quantity) > 314::double precision), (LLVM Optimized)", "Plans": [{"Node Type": "Seq Scan", "Parent Relationship": "Outer", "Relation Name": "lineitem", "Alias": "lineitem", "Startup Cost": 0.0, "Total Cost": 2015115.33, "Plan Rows": 59987033, "Plan Width": 16}]}, {"Node Type": "Index Scan", "Parent Relationship": "Inner", "Scan Direction": "Forward", "Index Name": "orders_pkey", "Relation Name": "orders", "Alias": "orders", "Startup Cost": 0.0, "Total Cost": 7.15, "Plan Rows": 1, "Plan Width": 32, "Index Cond": "(o_orderkey = public.lineitem.l_orderkey)"}]}, {"Node Type": "Index Scan", "Parent Relationship": "Inner", "Scan Direction": "Forward", "Index Name": "customer_pkey", "Relation Name": "customer", "Alias": "customer", "Startup Cost": 0.0, "Total Cost": 0.28, "Plan Rows": 1, "Plan Width": 27, "Index Cond": "(c_custkey = orders.o_custkey)"}]}, {"Node Type": "Index Scan", "Parent Relationship": "Inner", "Scan Direction": "Forward", "Index Name": "idx_lineitem_orderkey", "Relation Name": "lineitem", "Alias": "lineitem", "Startup Cost": 0.0, "Total Cost": 0.87, "Plan Rows": 9, "Plan Width": 16, "Index Cond": "(l_orderkey = orders.o_orderkey)"}]}]}]}]}, "Unique SQL Id": 1915754155, "Planner Runtime": 1}, "explain_analyze_plan": {"Plan": {"Node Type": "Limit", "Startup Cost": 2649029.8, "Total Cost": 2649030.05, "Plan Rows": 100, "Plan Width": 59, "Actual Startup Time": 51129.008, "Actual Total Time": 51129.027, "Actual Rows": 84, "Actual Loops": 1, "Plans": [{"Node Type": "Sort", "Parent Relationship": "Outer", "Startup Cost": 2649029.8, "Total Cost": 2649345.6, "Plan Rows": 100, "Plan Width": 59, "Actual Startup Time": 51129.006, "Actual Total Time": 51129.015, "Actual Rows": 84, "Actual Loops": 1, "Sort Key": ["orders.o_totalprice DESC", "orders.o_orderdate"], "Sort Method": "quicksort", "Sort Space Used": 38, "Sort Space Type": "Memory", "Plans": [{"Node Type": "Aggregate", "Strategy": "Hashed", "Parent Relationship": "Outer", "Startup Cost": 2642938.69, "Total Cost": 2644201.9, "Plan Rows": 126321, "Plan Width": 59, "Actual Startup Time": 51128.213, "Actual Total Time": 51128.889, "Actual Rows": 84, "Actual Loops": 1, "Group By Key": ["orders.o_totalprice", "orders.o_orderdate", "customer.c_name", "customer.c_custkey", "orders.o_orderkey"], "Plans": [{"Node Type": "Nested Loop", "Parent Relationship": "Outer", "Join Type": "Inner", "Startup Cost": 2315050.5, "Total Cost": 2641043.88, "Plan Rows": 126321, "Plan Width": 59, "Actual Startup Time": 46173.798, "Actual Total Time": 51126.311, "Actual Rows": 588, "Actual Loops": 1, "Inner Unique": false, "Plans": [{"Node Type": "Nested Loop", "Parent Relationship": "Outer", "Join Type": "Inner", "Startup Cost": 2315050.5, "Total Cost": 2627700.1, "Plan Rows": 13913, "Plan Width": 59, "Actual Startup Time": 46173.775, "Actual Total Time": 51124.263, "Actual Rows": 84, "Actual Loops": 1, "Inner Unique": true, "Plans": [{"Node Type": "Nested Loop", "Parent Relationship": "Outer", "Join Type": "Inner", "Startup Cost": 2315050.5, "Total Cost": 2618076.97, "Plan Rows": 33034, "Plan Width": 40, "Actual Startup Time": 46173.751, "Actual Total Time": 51122.995, "Actual Rows": 84, "Actual Loops": 1, "Inner Unique": true, "Plans": [{"Node Type": "Aggregate", "Strategy": "Hashed", "Parent Relationship": "Outer", "Startup Cost": 2315050.5, "Total Cost": 2381201.11, "Plan Rows": 33034, "Plan Width": 16, "Actual Startup Time": 46173.686, "Actual Total Time": 51106.177, "Actual Rows": 84, "Actual Loops": 1, "Group By Key": ["public.lineitem.l_orderkey"], "Filter": "(sum(public.lineitem.l_quantity) > 314::double precision), (LLVM Optimized, Jit Execute)", "Rows Removed by Filter": 14999916, "Plans": [{"Node Type": "Seq Scan", "Parent Relationship": "Outer", "Relation Name": "lineitem", "Alias": "lineitem", "Startup Cost": 0.0, "Total Cost": 2015115.33, "Plan Rows": 59987033, "Plan Width": 16, "Actual Startup Time": 0.043, "Actual Total Time": 19975.008, "Actual Rows": 59986052, "Actual Loops": 1}]}, {"Node Type": "Index Scan", "Parent Relationship": "Inner", "Scan Direction": "Forward", "Index Name": "orders_pkey", "Relation Name": "orders", "Alias": "orders", "Startup Cost": 0.0, "Total Cost": 7.15, "Plan Rows": 1, "Plan Width": 32, "Actual Startup Time": 2.93, "Actual Total Time": 2.93, "Actual Rows": 84, "Actual Loops": 84, "Index Cond": "(o_orderkey = public.lineitem.l_orderkey)", "Rows Removed by Index Recheck": 0}]}, {"Node Type": "Index Scan", "Parent Relationship": "Inner", "Scan Direction": "Forward", "Index Name": "customer_pkey", "Relation Name": "customer", "Alias": "customer", "Startup Cost": 0.0, "Total Cost": 0.28, "Plan Rows": 1, "Plan Width": 27, "Actual Startup Time": 0.906, "Actual Total Time": 0.906, "Actual Rows": 84, "Actual Loops": 84, "Index Cond": "(c_custkey = orders.o_custkey)", "Rows Removed by Index Recheck": 0}]}, {"Node Type": "Index Scan", "Parent Relationship": "Inner", "Scan Direction": "Forward", "Index Name": "idx_lineitem_orderkey", "Relation Name": "lineitem", "Alias": "lineitem", "Startup Cost": 0.0, "Total Cost": 0.87, "Plan Rows": 9, "Plan Width": 16, "Actual Startup Time": 1.165, "Actual Total Time": 1.622, "Actual Rows": 588, "Actual Loops": 84, "Index Cond": "(l_orderkey = orders.o_orderkey)", "Rows Removed by Index Recheck": 0}]}]}]}]}, "Triggers": [], "Planner Runtime": 1.711, "Total Runtime": 51138.586, "Unique SQL Id": 1915754155}}, "(1, '109')": {"explain_plan": {"Plan": {"Node Type": "Limit", "Startup Cost": 3874068.21, "Total Cost": 3874068.46, "Plan Rows": 100, "Plan Width": 59, "Plans": [{"Node Type": "Sort", "Parent Relationship": "Outer", "Startup Cost": 3874068.21, "Total Cost": 3874384.02, "Plan Rows": 100, "Plan Width": 59, "Sort Key": ["orders.o_totalprice DESC", "orders.o_orderdate"], "Plans": [{"Node Type": "Aggregate", "Strategy": "Hashed", "Parent Relationship": "Outer", "Startup Cost": 3867977.11, "Total Cost": 3869240.32, "Plan Rows": 126321, "Plan Width": 59, "Group By Key": ["orders.o_totalprice", "orders.o_orderdate", "customer.c_name", "customer.c_custkey", "orders.o_orderkey"], "Plans": [{"Node Type": "Nested Loop", "Parent Relationship": "Outer", "Join Type": "Inner", "Startup Cost": 0.0, "Total Cost": 3866082.29, "Plan Rows": 126321, "Plan Width": 59, "Inner Unique": false, "Plans": [{"Node Type": "Nested Loop", "Parent Relationship": "Outer", "Join Type": "Inner", "Startup Cost": 0.0, "Total Cost": 3852738.51, "Plan Rows": 13913, "Plan Width": 59, "Inner Unique": true, "Plans": [{"Node Type": "Nested Loop", "Parent Relationship": "Outer", "Join Type": "Inner", "Startup Cost": 0.0, "Total Cost": 3843115.38, "Plan Rows": 33034, "Plan Width": 40, "Inner Unique": true, "Plans": [{"Node Type": "Aggregate", "Strategy": "Sorted", "Parent Relationship": "Outer", "Startup Cost": 0.0, "Total Cost": 3606239.52, "Plan Rows": 33034, "Plan Width": 24, "Group By Key": ["public.lineitem.l_orderkey"], "Filter": "(sum(public.lineitem.l_quantity) > 314::double precision), (LLVM Optimized)", "Plans": [{"Node Type": "Index Scan", "Parent Relationship": "Outer", "Scan Direction": "Forward", "Index Name": "idx_lineitem_orderkey", "Relation Name": "lineitem", "Alias": "lineitem", "Startup Cost": 0.0, "Total Cost": 3240153.75, "Plan Rows": 59987033, "Plan Width": 16}]}, {"Node Type": "Index Scan", "Parent Relationship": "Inner", "Scan Direction": "Forward", "Index Name": "orders_pkey", "Relation Name": "orders", "Alias": "orders", "Startup Cost": 0.0, "Total Cost": 7.15, "Plan Rows": 1, "Plan Width": 32, "Index Cond": "(o_orderkey = public.lineitem.l_orderkey)"}]}, {"Node Type": "Index Scan", "Parent Relationship": "Inner", "Scan Direction": "Forward", "Index Name": "customer_pkey", "Relation Name": "customer", "Alias": "customer", "Startup Cost": 0.0, "Total Cost": 0.28, "Plan Rows": 1, "Plan Width": 27, "Index Cond": "(c_custkey = orders.o_custkey)"}]}, {"Node Type": "Index Scan", "Parent Relationship": "Inner", "Scan Direction": "Forward", "Index Name": "idx_lineitem_orderkey", "Relation Name": "lineitem", "Alias": "lineitem", "Startup Cost": 0.0, "Total Cost": 0.87, "Plan Rows": 9, "Plan Width": 16, "Index Cond": "(l_orderkey = orders.o_orderkey)"}]}]}]}]}, "Unique SQL Id": 1915754155, "Planner Runtime": 0}, "explain_analyze_plan": {"Plan": {"Node Type": "Limit", "Startup Cost": 3874068.21, "Total Cost": 3874068.46, "Plan Rows": 100, "Plan Width": 59, "Actual Startup Time": 50695.002, "Actual Total Time": 50695.017, "Actual Rows": 84, "Actual Loops": 1, "Plans": [{"Node Type": "Sort", "Parent Relationship": "Outer", "Startup Cost": 3874068.21, "Total Cost": 3874384.02, "Plan Rows": 100, "Plan Width": 59, "Actual Startup Time": 50695.0, "Actual Total Time": 50695.004, "Actual Rows": 84, "Actual Loops": 1, "Sort Key": ["orders.o_totalprice DESC", "orders.o_orderdate"], "Sort Method": "quicksort", "Sort Space Used": 38, "Sort Space Type": "Memory", "Plans": [{"Node Type": "Aggregate", "Strategy": "Hashed", "Parent Relationship": "Outer", "Startup Cost": 3867977.11, "Total Cost": 3869240.32, "Plan Rows": 126321, "Plan Width": 59, "Actual Startup Time": 50694.487, "Actual Total Time": 50694.852, "Actual Rows": 84, "Actual Loops": 1, "Group By Key": ["orders.o_totalprice", "orders.o_orderdate", "customer.c_name", "customer.c_custkey", "orders.o_orderkey"], "Plans": [{"Node Type": "Nested Loop", "Parent Relationship": "Outer", "Join Type": "Inner", "Startup Cost": 0.0, "Total Cost": 3866082.29, "Plan Rows": 126321, "Plan Width": 59, "Actual Startup Time": 1159.494, "Actual Total Time": 50691.109, "Actual Rows": 588, "Actual Loops": 1, "Inner Unique": false, "Plans": [{"Node Type": "Nested Loop", "Parent Relationship": "Outer", "Join Type": "Inner", "Startup Cost": 0.0, "Total Cost": 3852738.51, "Plan Rows": 13913, "Plan Width": 59, "Actual Startup Time": 1159.473, "Actual Total Time": 50688.867, "Actual Rows": 84, "Actual Loops": 1, "Inner Unique": true, "Plans": [{"Node Type": "Nested Loop", "Parent Relationship": "Outer", "Join Type": "Inner", "Startup Cost": 0.0, "Total Cost": 3843115.38, "Plan Rows": 33034, "Plan Width": 40, "Actual Startup Time": 1159.448, "Actual Total Time": 50687.006, "Actual Rows": 84, "Actual Loops": 1, "Inner Unique": true, "Plans": [{"Node Type": "Aggregate", "Strategy": "Sorted", "Parent Relationship": "Outer", "Startup Cost": 0.0, "Total Cost": 3606239.52, "Plan Rows": 33034, "Plan Width": 24, "Actual Startup Time": 1159.408, "Actual Total Time": 50684.063, "Actual Rows": 84, "Actual Loops": 1, "Group By Key": ["public.lineitem.l_orderkey"], "Filter": "(sum(public.lineitem.l_quantity) > 314::double precision), (LLVM Optimized, Jit Execute)", "Rows Removed by Filter": 14999916, "Plans": [{"Node Type": "Index Scan", "Parent Relationship": "Outer", "Scan Direction": "Forward", "Index Name": "idx_lineitem_orderkey", "Relation Name": "lineitem", "Alias": "lineitem", "Startup Cost": 0.0, "Total Cost": 3240153.75, "Plan Rows": 59987033, "Plan Width": 16, "Actual Startup Time": 0.029, "Actual Total Time": 30275.076, "Actual Rows": 59986052, "Actual Loops": 1}]}, {"Node Type": "Index Scan", "Parent Relationship": "Inner", "Scan Direction": "Forward", "Index Name": "orders_pkey", "Relation Name": "orders", "Alias": "orders", "Startup Cost": 0.0, "Total Cost": 7.15, "Plan Rows": 1, "Plan Width": 32, "Actual Startup Time": 1.994, "Actual Total Time": 1.994, "Actual Rows": 84, "Actual Loops": 84, "Index Cond": "(o_orderkey = public.lineitem.l_orderkey)", "Rows Removed by Index Recheck": 0}]}, {"Node Type": "Index Scan", "Parent Relationship": "Inner", "Scan Direction": "Forward", "Index Name": "customer_pkey", "Relation Name": "customer", "Alias": "customer", "Startup Cost": 0.0, "Total Cost": 0.28, "Plan Rows": 1, "Plan Width": 27, "Actual Startup Time": 1.278, "Actual Total Time": 1.278, "Actual Rows": 84, "Actual Loops": 84, "Index Cond": "(c_custkey = orders.o_custkey)", "Rows Removed by Index Recheck": 0}]}, {"Node Type": "Index Scan", "Parent Relationship": "Inner", "Scan Direction": "Forward", "Index Name": "idx_lineitem_orderkey", "Relation Name": "lineitem", "Alias": "lineitem", "Startup Cost": 0.0, "Total Cost": 0.87, "Plan Rows": 9, "Plan Width": 16, "Actual Startup Time": 0.938, "Actual Total Time": 1.562, "Actual Rows": 588, "Actual Loops": 84, "Index Cond": "(l_orderkey = orders.o_orderkey)", "Rows Removed by Index Recheck": 0}]}]}]}]}, "Triggers": [], "Planner Runtime": 1.698, "Total Runtime": 50704.506, "Unique SQL Id": 1915754155}}, "(1, '110')": {"explain_plan": {"Plan": {"Node Type": "Limit", "Startup Cost": 5166300.38, "Total Cost": 5166300.63, "Plan Rows": 100, "Plan Width": 59, "Plans": [{"Node Type": "Sort", "Parent Relationship": "Outer", "Startup Cost": 5166300.38, "Total Cost": 5166616.18, "Plan Rows": 100, "Plan Width": 59, "Sort Key": ["orders.o_totalprice DESC", "orders.o_orderdate"], "Plans": [{"Node Type": "Aggregate", "Strategy": "Hashed", "Parent Relationship": "Outer", "Startup Cost": 5160209.27, "Total Cost": 5161472.48, "Plan Rows": 126321, "Plan Width": 59, "Group By Key": ["orders.o_totalprice", "orders.o_orderdate", "customer.c_name", "customer.c_custkey", "orders.o_orderkey"], "Plans": [{"Node Type": "Hash Join", "Parent Relationship": "Outer", "Join Type": "Inner", "Startup Cost": 2917691.33, "Total Cost": 5158314.46, "Plan Rows": 126321, "Plan Width": 59, "Inner Unique": false, "Hash Cond": "(public.lineitem.l_orderkey = orders.o_orderkey), (LLVM Optimized)", "Plans": [{"Node Type": "Seq Scan", "Parent Relationship": "Outer", "Relation Name": "lineitem", "Alias": "lineitem", "Startup Cost": 0.0, "Total Cost": 2015115.33, "Plan Rows": 59987033, "Plan Width": 16}, {"Node Type": "Hash", "Parent Relationship": "Inner", "Startup Cost": 2917517.42, "Total Cost": 2917517.42, "Plan Rows": 13913, "Plan Width": 59, "Plans": [{"Node Type": "Hash Join", "Parent Relationship": "Outer", "Join Type": "Inner", "Startup Cost": 2452820.37, "Total Cost": 2917517.42, "Plan Rows": 13913, "Plan Width": 59, "Inner Unique": true, "Hash Cond": "(orders.o_custkey = customer.c_custkey)", "Plans": [{"Node Type": "Hash Join", "Parent Relationship": "Outer", "Join Type": "Inner", "Startup Cost": 2381944.37, "Total Cost": 2846187.2, "Plan Rows": 33034, "Plan Width": 40, "Inner Unique": true, "Hash Cond": "(orders.o_orderkey = public.lineitem.l_orderkey)", "Plans": [{"Node Type": "Seq Scan", "Parent Relationship": "Outer", "Relation Name": "orders", "Alias": "orders", "Startup Cost": 0.0, "Total Cost": 426413.79, "Plan Rows": 14999479, "Plan Width": 32}, {"Node Type": "Hash", "Parent Relationship": "Inner", "Startup Cost": 2381531.45, "Total Cost": 2381531.45, "Plan Rows": 33034, "Plan Width": 8, "Plans": [{"Node Type": "Aggregate", "Strategy": "Hashed", "Parent Relationship": "Outer", "Startup Cost": 2315050.5, "Total Cost": 2381201.11, "Plan Rows": 33034, "Plan Width": 16, "Group By Key": ["public.lineitem.l_orderkey"], "Filter": "(sum(public.lineitem.l_quantity) > 314::double precision), (LLVM Optimized)", "Plans": [{"Node Type": "Seq Scan", "Parent Relationship": "Outer", "Relation Name": "lineitem", "Alias": "lineitem", "Startup Cost": 0.0, "Total Cost": 2015115.33, "Plan Rows": 59987033, "Plan Width": 16}]}]}]}, {"Node Type": "Hash", "Parent Relationship": "Inner", "Startup Cost": 52126.0, "Total Cost": 52126.0, "Plan Rows": 1500000, "Plan Width": 27, "Plans": [{"Node Type": "Seq Scan", "Parent Relationship": "Outer", "Relation Name": "customer", "Alias": "customer", "Startup Cost": 0.0, "Total Cost": 52126.0, "Plan Rows": 1500000, "Plan Width": 27}]}]}]}]}]}]}]}, "Unique SQL Id": 1915754155, "Planner Runtime": 0}, "explain_analyze_plan": {"Plan": {"Node Type": "Limit", "Startup Cost": 5166300.38, "Total Cost": 5166300.63, "Plan Rows": 100, "Plan Width": 59, "Actual Startup Time": 89037.107, "Actual Total Time": 89037.126, "Actual Rows": 84, "Actual Loops": 1, "Plans": [{"Node Type": "Sort", "Parent Relationship": "Outer", "Startup Cost": 5166300.38, "Total Cost": 5166616.18, "Plan Rows": 100, "Plan Width": 59, "Actual Startup Time": 89037.105, "Actual Total Time": 89037.108, "Actual Rows": 84, "Actual Loops": 1, "Sort Key": ["orders.o_totalprice DESC", "orders.o_orderdate"], "Sort Method": "quicksort", "Sort Space Used": 38, "Sort Space Type": "Memory", "Plans": [{"Node Type": "Aggregate", "Strategy": "Hashed", "Parent Relationship": "Outer", "Startup Cost": 5160209.27, "Total Cost": 5161472.48, "Plan Rows": 126321, "Plan Width": 59, "Actual Startup Time": 89036.695, "Actual Total Time": 89036.991, "Actual Rows": 84, "Actual Loops": 1, "Group By Key": ["orders.o_totalprice", "orders.o_orderdate", "customer.c_name", "customer.c_custkey", "orders.o_orderkey"], "Plans": [{"Node Type": "Hash Join", "Parent Relationship": "Outer", "Join Type": "Inner", "Startup Cost": 2917691.33, "Total Cost": 5158314.46, "Plan Rows": 126321, "Plan Width": 59, "Actual Startup Time": 61203.999, "Actual Total Time": 89033.999, "Actual Rows": 588, "Actual Loops": 1, "Inner Unique": false, "Hash Cond": "(public.lineitem.l_orderkey = orders.o_orderkey), (LLVM Optimized, Jit Execute)", "Plans": [{"Node Type": "Seq Scan", "Parent Relationship": "Outer", "Relation Name": "lineitem", "Alias": "lineitem", "Startup Cost": 0.0, "Total Cost": 2015115.33, "Plan Rows": 59987033, "Plan Width": 16, "Actual Startup Time": 0.017, "Actual Total Time": 17301.556, "Actual Rows": 59986052, "Actual Loops": 1}, {"Node Type": "Hash", "Parent Relationship": "Inner", "Startup Cost": 2917517.42, "Total Cost": 2917517.42, "Plan Rows": 13913, "Plan Width": 59, "Actual Startup Time": 60623.935, "Actual Total Time": 60623.935, "Actual Rows": 84, "Actual Loops": 1, "Hash Buckets": 32768, "Hash Batches": 1, "Original Hash Batches": 1, "Peak Memory Usage": 8, "Plans": [{"Node Type": "Hash Join", "Parent Relationship": "Outer", "Join Type": "Inner", "Startup Cost": 2452820.37, "Total Cost": 2917517.42, "Plan Rows": 13913, "Plan Width": 59, "Actual Startup Time": 53663.979, "Actual Total Time": 60623.63, "Actual Rows": 84, "Actual Loops": 1, "Inner Unique": true, "Hash Cond": "(orders.o_custkey = customer.c_custkey)", "Plans": [{"Node Type": "Hash Join", "Parent Relationship": "Outer", "Join Type": "Inner", "Startup Cost": 2381944.37, "Total Cost": 2846187.2, "Plan Rows": 33034, "Plan Width": 40, "Actual Startup Time": 52633.277, "Actual Total Time": 59591.763, "Actual Rows": 84, "Actual Loops": 1, "Inner Unique": true, "Hash Cond": "(orders.o_orderkey = public.lineitem.l_orderkey)", "Plans": [{"Node Type": "Seq Scan", "Parent Relationship": "Outer", "Relation Name": "orders", "Alias": "orders", "Startup Cost": 0.0, "Total Cost": 426413.79, "Plan Rows": 14999479, "Plan Width": 32, "Actual Startup Time": 0.016, "Actual Total Time": 3989.93, "Actual Rows": 15000000, "Actual Loops": 1}, {"Node Type": "Hash", "Parent Relationship": "Inner", "Startup Cost": 2381531.45, "Total Cost": 2381531.45, "Plan Rows": 33034, "Plan Width": 8, "Actual Startup Time": 52471.707, "Actual Total Time": 52471.707, "Actual Rows": 84, "Actual Loops": 1, "Hash Buckets": 65536, "Hash Batches": 1, "Original Hash Batches": 1, "Peak Memory Usage": 4, "Plans": [{"Node Type": "Aggregate", "Strategy": "Hashed", "Parent Relationship": "Outer", "Startup Cost": 2315050.5, "Total Cost": 2381201.11, "Plan Rows": 33034, "Plan Width": 16, "Actual Startup Time": 46371.321, "Actual Total Time": 52471.276, "Actual Rows": 84, "Actual Loops": 1, "Group By Key": ["public.lineitem.l_orderkey"], "Filter": "(sum(public.lineitem.l_quantity) > 314::double precision), (LLVM Optimized, Jit Execute)", "Rows Removed by Filter": 14999916, "Plans": [{"Node Type": "Seq Scan", "Parent Relationship": "Outer", "Relation Name": "lineitem", "Alias": "lineitem", "Startup Cost": 0.0, "Total Cost": 2015115.33, "Plan Rows": 59987033, "Plan Width": 16, "Actual Startup Time": 0.041, "Actual Total Time": 20225.989, "Actual Rows": 59986052, "Actual Loops": 1}]}]}]}, {"Node Type": "Hash", "Parent Relationship": "Inner", "Startup Cost": 52126.0, "Total Cost": 52126.0, "Plan Rows": 1500000, "Plan Width": 27, "Actual Startup Time": 1029.308, "Actual Total Time": 1029.308, "Actual Rows": 1500000, "Actual Loops": 1, "Hash Buckets": 2097152, "Hash Batches": 1, "Original Hash Batches": 1, "Peak Memory Usage": 93750, "Plans": [{"Node Type": "Seq Scan", "Parent Relationship": "Outer", "Relation Name": "customer", "Alias": "customer", "Startup Cost": 0.0, "Total Cost": 52126.0, "Plan Rows": 1500000, "Plan Width": 27, "Actual Startup Time": 0.016, "Actual Total Time": 529.594, "Actual Rows": 1500000, "Actual Loops": 1}]}]}]}]}]}]}]}, "Triggers": [], "Planner Runtime": 1.647, "Total Runtime": 89046.62, "Unique SQL Id": 1915754155}}, "(1, '111')": {"explain_plan": {"Plan": {"Node Type": "Limit", "Startup Cost": 4000729862658.05, "Total Cost": 4000729862658.3, "Plan Rows": 100, "Plan Width": 59, "Plans": [{"Node Type": "Sort", "Parent Relationship": "Outer", "Startup Cost": 4000729862658.05, "Total Cost": 4000729862973.86, "Plan Rows": 100, "Plan Width": 59, "Sort Key": ["orders.o_totalprice DESC", "orders.o_orderdate"], "Plans": [{"Node Type": "Aggregate", "Strategy": "Hashed", "Parent Relationship": "Outer", "Startup Cost": 4000729856566.94, "Total Cost": 4000729857830.15, "Plan Rows": 126321, "Plan Width": 59, "Group By Key": ["orders.o_totalprice", "orders.o_orderdate", "customer.c_name", "customer.c_custkey", "orders.o_orderkey"], "Plans": [{"Node Type": "Hash Join", "Parent Relationship": "Outer", "Join Type": "Inner", "Startup Cost": 3010405613789.84, "Total Cost": 4000729854672.13, "Plan Rows": 126321, "Plan Width": 59, "Inner Unique": false, "Hash Cond": "(public.lineitem.l_orderkey = orders.o_orderkey), (LLVM Optimized)", "Plans": [{"Node Type": "Index Scan", "Parent Relationship": "Outer", "Scan Direction": "Forward", "Index Name": "idx_lineitem_orderkey", "Relation Name": "lineitem", "Alias": "lineitem", "Startup Cost": 10000000000.0, "Total Cost": 1000324015374.5, "Plan Rows": 59987033, "Plan Width": 16}, {"Node Type": "Hash", "Parent Relationship": "Inner", "Startup Cost": 3000405613615.92, "Total Cost": 3000405613615.92, "Plan Rows": 13913, "Plan Width": 59, "Plans": [{"Node Type": "Hash Join", "Parent Relationship": "Outer", "Join Type": "Inner", "Startup Cost": 2010332477489.17, "Total Cost": 3000405613615.92, "Plan Rows": 13913, "Plan Width": 59, "Inner Unique": true, "Hash Cond": "(orders.o_custkey = customer.c_custkey)", "Plans": [{"Node Type": "Hash Join", "Parent Relationship": "Outer", "Join Type": "Inner", "Startup Cost": 1010324382203.55, "Total Cost": 2000397517876.08, "Plan Rows": 33034, "Plan Width": 40, "Inner Unique": true, "Hash Cond": "(orders.o_orderkey = public.lineitem.l_orderkey)", "Plans": [{"Node Type": "Index Scan", "Parent Relationship": "Outer", "Scan Direction": "Forward", "Index Name": "orders_pkey", "Relation Name": "orders", "Alias": "orders", "Startup Cost": 10000000000.0, "Total Cost": 1000073097843.5, "Plan Rows": 14999479, "Plan Width": 32}, {"Node Type": "Hash", "Parent Relationship": "Inner", "Startup Cost": 1000324381790.62, "Total Cost": 1000324381790.62, "Plan Rows": 33034, "Plan Width": 8, "Plans": [{"Node Type": "Aggregate", "Strategy": "Sorted", "Parent Relationship": "Outer", "Startup Cost": 10000000000.0, "Total Cost": 1000324381460.28, "Plan Rows": 33034, "Plan Width": 24, "Group By Key": ["public.lineitem.l_orderkey"], "Filter": "(sum(public.lineitem.l_quantity) > 314::double precision), (LLVM Optimized)", "Plans": [{"Node Type": "Index Scan", "Parent Relationship": "Outer", "Scan Direction": "Forward", "Index Name": "idx_lineitem_orderkey", "Relation Name": "lineitem", "Alias": "lineitem", "Startup Cost": 10000000000.0, "Total Cost": 1000324015374.5, "Plan Rows": 59987033, "Plan Width": 16}]}]}]}, {"Node Type": "Hash", "Parent Relationship": "Inner", "Startup Cost": 1000008076535.62, "Total Cost": 1000008076535.62, "Plan Rows": 1500000, "Plan Width": 27, "Plans": [{"Node Type": "Index Scan", "Parent Relationship": "Outer", "Scan Direction": "Forward", "Index Name": "customer_pkey", "Relation Name": "customer", "Alias": "customer", "Startup Cost": 10000000000.0, "Total Cost": 1000008076535.62, "Plan Rows": 1500000, "Plan Width": 27}]}]}]}]}]}]}]}, "Unique SQL Id": 1915754155, "Planner Runtime": 0}, "explain_analyze_plan": null}, "(1, '112')": {"explain_plan": {"Plan": {"Node Type": "Limit", "Startup Cost": 2649029.8, "Total Cost": 2649030.05, "Plan Rows": 100, "Plan Width": 59, "Plans": [{"Node Type": "Sort", "Parent Relationship": "Outer", "Startup Cost": 2649029.8, "Total Cost": 2649345.6, "Plan Rows": 100, "Plan Width": 59, "Sort Key": ["orders.o_totalprice DESC", "orders.o_orderdate"], "Plans": [{"Node Type": "Aggregate", "Strategy": "Hashed", "Parent Relationship": "Outer", "Startup Cost": 2642938.69, "Total Cost": 2644201.9, "Plan Rows": 126321, "Plan Width": 59, "Group By Key": ["orders.o_totalprice", "orders.o_orderdate", "customer.c_name", "customer.c_custkey", "orders.o_orderkey"], "Plans": [{"Node Type": "Nested Loop", "Parent Relationship": "Outer", "Join Type": "Inner", "Startup Cost": 2315050.5, "Total Cost": 2641043.88, "Plan Rows": 126321, "Plan Width": 59, "Inner Unique": false, "Plans": [{"Node Type": "Nested Loop", "Parent Relationship": "Outer", "Join Type": "Inner", "Startup Cost": 2315050.5, "Total Cost": 2627700.1, "Plan Rows": 13913, "Plan Width": 59, "Inner Unique": true, "Plans": [{"Node Type": "Nested Loop", "Parent Relationship": "Outer", "Join Type": "Inner", "Startup Cost": 2315050.5, "Total Cost": 2618076.97, "Plan Rows": 33034, "Plan Width": 40, "Inner Unique": true, "Plans": [{"Node Type": "Aggregate", "Strategy": "Hashed", "Parent Relationship": "Outer", "Startup Cost": 2315050.5, "Total Cost": 2381201.11, "Plan Rows": 33034, "Plan Width": 16, "Group By Key": ["public.lineitem.l_orderkey"], "Filter": "(sum(public.lineitem.l_quantity) > 314::double precision), (LLVM Optimized)", "Plans": [{"Node Type": "Seq Scan", "Parent Relationship": "Outer", "Relation Name": "lineitem", "Alias": "lineitem", "Startup Cost": 0.0, "Total Cost": 2015115.33, "Plan Rows": 59987033, "Plan Width": 16}]}, {"Node Type": "Index Scan", "Parent Relationship": "Inner", "Scan Direction": "Forward", "Index Name": "orders_pkey", "Relation Name": "orders", "Alias": "orders", "Startup Cost": 0.0, "Total Cost": 7.15, "Plan Rows": 1, "Plan Width": 32, "Index Cond": "(o_orderkey = public.lineitem.l_orderkey)"}]}, {"Node Type": "Index Scan", "Parent Relationship": "Inner", "Scan Direction": "Forward", "Index Name": "customer_pkey", "Relation Name": "customer", "Alias": "customer", "Startup Cost": 0.0, "Total Cost": 0.28, "Plan Rows": 1, "Plan Width": 27, "Index Cond": "(c_custkey = orders.o_custkey)"}]}, {"Node Type": "Index Scan", "Parent Relationship": "Inner", "Scan Direction": "Forward", "Index Name": "idx_lineitem_orderkey", "Relation Name": "lineitem", "Alias": "lineitem", "Startup Cost": 0.0, "Total Cost": 0.87, "Plan Rows": 9, "Plan Width": 16, "Index Cond": "(l_orderkey = orders.o_orderkey)"}]}]}]}]}, "Unique SQL Id": 1915754155, "Planner Runtime": 0}, "explain_analyze_plan": {"Plan": {"Node Type": "Limit", "Startup Cost": 2649029.8, "Total Cost": 2649030.05, "Plan Rows": 100, "Plan Width": 59, "Actual Startup Time": 51129.008, "Actual Total Time": 51129.027, "Actual Rows": 84, "Actual Loops": 1, "Plans": [{"Node Type": "Sort", "Parent Relationship": "Outer", "Startup Cost": 2649029.8, "Total Cost": 2649345.6, "Plan Rows": 100, "Plan Width": 59, "Actual Startup Time": 51129.006, "Actual Total Time": 51129.015, "Actual Rows": 84, "Actual Loops": 1, "Sort Key": ["orders.o_totalprice DESC", "orders.o_orderdate"], "Sort Method": "quicksort", "Sort Space Used": 38, "Sort Space Type": "Memory", "Plans": [{"Node Type": "Aggregate", "Strategy": "Hashed", "Parent Relationship": "Outer", "Startup Cost": 2642938.69, "Total Cost": 2644201.9, "Plan Rows": 126321, "Plan Width": 59, "Actual Startup Time": 51128.213, "Actual Total Time": 51128.889, "Actual Rows": 84, "Actual Loops": 1, "Group By Key": ["orders.o_totalprice", "orders.o_orderdate", "customer.c_name", "customer.c_custkey", "orders.o_orderkey"], "Plans": [{"Node Type": "Nested Loop", "Parent Relationship": "Outer", "Join Type": "Inner", "Startup Cost": 2315050.5, "Total Cost": 2641043.88, "Plan Rows": 126321, "Plan Width": 59, "Actual Startup Time": 46173.798, "Actual Total Time": 51126.311, "Actual Rows": 588, "Actual Loops": 1, "Inner Unique": false, "Plans": [{"Node Type": "Nested Loop", "Parent Relationship": "Outer", "Join Type": "Inner", "Startup Cost": 2315050.5, "Total Cost": 2627700.1, "Plan Rows": 13913, "Plan Width": 59, "Actual Startup Time": 46173.775, "Actual Total Time": 51124.263, "Actual Rows": 84, "Actual Loops": 1, "Inner Unique": true, "Plans": [{"Node Type": "Nested Loop", "Parent Relationship": "Outer", "Join Type": "Inner", "Startup Cost": 2315050.5, "Total Cost": 2618076.97, "Plan Rows": 33034, "Plan Width": 40, "Actual Startup Time": 46173.751, "Actual Total Time": 51122.995, "Actual Rows": 84, "Actual Loops": 1, "Inner Unique": true, "Plans": [{"Node Type": "Aggregate", "Strategy": "Hashed", "Parent Relationship": "Outer", "Startup Cost": 2315050.5, "Total Cost": 2381201.11, "Plan Rows": 33034, "Plan Width": 16, "Actual Startup Time": 46173.686, "Actual Total Time": 51106.177, "Actual Rows": 84, "Actual Loops": 1, "Group By Key": ["public.lineitem.l_orderkey"], "Filter": "(sum(public.lineitem.l_quantity) > 314::double precision), (LLVM Optimized, Jit Execute)", "Rows Removed by Filter": 14999916, "Plans": [{"Node Type": "Seq Scan", "Parent Relationship": "Outer", "Relation Name": "lineitem", "Alias": "lineitem", "Startup Cost": 0.0, "Total Cost": 2015115.33, "Plan Rows": 59987033, "Plan Width": 16, "Actual Startup Time": 0.043, "Actual Total Time": 19975.008, "Actual Rows": 59986052, "Actual Loops": 1}]}, {"Node Type": "Index Scan", "Parent Relationship": "Inner", "Scan Direction": "Forward", "Index Name": "orders_pkey", "Relation Name": "orders", "Alias": "orders", "Startup Cost": 0.0, "Total Cost": 7.15, "Plan Rows": 1, "Plan Width": 32, "Actual Startup Time": 2.93, "Actual Total Time": 2.93, "Actual Rows": 84, "Actual Loops": 84, "Index Cond": "(o_orderkey = public.lineitem.l_orderkey)", "Rows Removed by Index Recheck": 0}]}, {"Node Type": "Index Scan", "Parent Relationship": "Inner", "Scan Direction": "Forward", "Index Name": "customer_pkey", "Relation Name": "customer", "Alias": "customer", "Startup Cost": 0.0, "Total Cost": 0.28, "Plan Rows": 1, "Plan Width": 27, "Actual Startup Time": 0.906, "Actual Total Time": 0.906, "Actual Rows": 84, "Actual Loops": 84, "Index Cond": "(c_custkey = orders.o_custkey)", "Rows Removed by Index Recheck": 0}]}, {"Node Type": "Index Scan", "Parent Relationship": "Inner", "Scan Direction": "Forward", "Index Name": "idx_lineitem_orderkey", "Relation Name": "lineitem", "Alias": "lineitem", "Startup Cost": 0.0, "Total Cost": 0.87, "Plan Rows": 9, "Plan Width": 16, "Actual Startup Time": 1.165, "Actual Total Time": 1.622, "Actual Rows": 588, "Actual Loops": 84, "Index Cond": "(l_orderkey = orders.o_orderkey)", "Rows Removed by Index Recheck": 0}]}]}]}]}, "Triggers": [], "Planner Runtime": 1.711, "Total Runtime": 51138.586, "Unique SQL Id": 1915754155}}, "(1, '113')": {"explain_plan": {"Plan": {"Node Type": "Limit", "Startup Cost": 3874068.21, "Total Cost": 3874068.46, "Plan Rows": 100, "Plan Width": 59, "Plans": [{"Node Type": "Sort", "Parent Relationship": "Outer", "Startup Cost": 3874068.21, "Total Cost": 3874384.02, "Plan Rows": 100, "Plan Width": 59, "Sort Key": ["orders.o_totalprice DESC", "orders.o_orderdate"], "Plans": [{"Node Type": "Aggregate", "Strategy": "Hashed", "Parent Relationship": "Outer", "Startup Cost": 3867977.11, "Total Cost": 3869240.32, "Plan Rows": 126321, "Plan Width": 59, "Group By Key": ["orders.o_totalprice", "orders.o_orderdate", "customer.c_name", "customer.c_custkey", "orders.o_orderkey"], "Plans": [{"Node Type": "Nested Loop", "Parent Relationship": "Outer", "Join Type": "Inner", "Startup Cost": 0.0, "Total Cost": 3866082.29, "Plan Rows": 126321, "Plan Width": 59, "Inner Unique": false, "Plans": [{"Node Type": "Nested Loop", "Parent Relationship": "Outer", "Join Type": "Inner", "Startup Cost": 0.0, "Total Cost": 3852738.51, "Plan Rows": 13913, "Plan Width": 59, "Inner Unique": true, "Plans": [{"Node Type": "Nested Loop", "Parent Relationship": "Outer", "Join Type": "Inner", "Startup Cost": 0.0, "Total Cost": 3843115.38, "Plan Rows": 33034, "Plan Width": 40, "Inner Unique": true, "Plans": [{"Node Type": "Aggregate", "Strategy": "Sorted", "Parent Relationship": "Outer", "Startup Cost": 0.0, "Total Cost": 3606239.52, "Plan Rows": 33034, "Plan Width": 24, "Group By Key": ["public.lineitem.l_orderkey"], "Filter": "(sum(public.lineitem.l_quantity) > 314::double precision), (LLVM Optimized)", "Plans": [{"Node Type": "Index Scan", "Parent Relationship": "Outer", "Scan Direction": "Forward", "Index Name": "idx_lineitem_orderkey", "Relation Name": "lineitem", "Alias": "lineitem", "Startup Cost": 0.0, "Total Cost": 3240153.75, "Plan Rows": 59987033, "Plan Width": 16}]}, {"Node Type": "Index Scan", "Parent Relationship": "Inner", "Scan Direction": "Forward", "Index Name": "orders_pkey", "Relation Name": "orders", "Alias": "orders", "Startup Cost": 0.0, "Total Cost": 7.15, "Plan Rows": 1, "Plan Width": 32, "Index Cond": "(o_orderkey = public.lineitem.l_orderkey)"}]}, {"Node Type": "Index Scan", "Parent Relationship": "Inner", "Scan Direction": "Forward", "Index Name": "customer_pkey", "Relation Name": "customer", "Alias": "customer", "Startup Cost": 0.0, "Total Cost": 0.28, "Plan Rows": 1, "Plan Width": 27, "Index Cond": "(c_custkey = orders.o_custkey)"}]}, {"Node Type": "Index Scan", "Parent Relationship": "Inner", "Scan Direction": "Forward", "Index Name": "idx_lineitem_orderkey", "Relation Name": "lineitem", "Alias": "lineitem", "Startup Cost": 0.0, "Total Cost": 0.87, "Plan Rows": 9, "Plan Width": 16, "Index Cond": "(l_orderkey = orders.o_orderkey)"}]}]}]}]}, "Unique SQL Id": 1915754155, "Planner Runtime": 0}, "explain_analyze_plan": {"Plan": {"Node Type": "Limit", "Startup Cost": 3874068.21, "Total Cost": 3874068.46, "Plan Rows": 100, "Plan Width": 59, "Actual Startup Time": 50695.002, "Actual Total Time": 50695.017, "Actual Rows": 84, "Actual Loops": 1, "Plans": [{"Node Type": "Sort", "Parent Relationship": "Outer", "Startup Cost": 3874068.21, "Total Cost": 3874384.02, "Plan Rows": 100, "Plan Width": 59, "Actual Startup Time": 50695.0, "Actual Total Time": 50695.004, "Actual Rows": 84, "Actual Loops": 1, "Sort Key": ["orders.o_totalprice DESC", "orders.o_orderdate"], "Sort Method": "quicksort", "Sort Space Used": 38, "Sort Space Type": "Memory", "Plans": [{"Node Type": "Aggregate", "Strategy": "Hashed", "Parent Relationship": "Outer", "Startup Cost": 3867977.11, "Total Cost": 3869240.32, "Plan Rows": 126321, "Plan Width": 59, "Actual Startup Time": 50694.487, "Actual Total Time": 50694.852, "Actual Rows": 84, "Actual Loops": 1, "Group By Key": ["orders.o_totalprice", "orders.o_orderdate", "customer.c_name", "customer.c_custkey", "orders.o_orderkey"], "Plans": [{"Node Type": "Nested Loop", "Parent Relationship": "Outer", "Join Type": "Inner", "Startup Cost": 0.0, "Total Cost": 3866082.29, "Plan Rows": 126321, "Plan Width": 59, "Actual Startup Time": 1159.494, "Actual Total Time": 50691.109, "Actual Rows": 588, "Actual Loops": 1, "Inner Unique": false, "Plans": [{"Node Type": "Nested Loop", "Parent Relationship": "Outer", "Join Type": "Inner", "Startup Cost": 0.0, "Total Cost": 3852738.51, "Plan Rows": 13913, "Plan Width": 59, "Actual Startup Time": 1159.473, "Actual Total Time": 50688.867, "Actual Rows": 84, "Actual Loops": 1, "Inner Unique": true, "Plans": [{"Node Type": "Nested Loop", "Parent Relationship": "Outer", "Join Type": "Inner", "Startup Cost": 0.0, "Total Cost": 3843115.38, "Plan Rows": 33034, "Plan Width": 40, "Actual Startup Time": 1159.448, "Actual Total Time": 50687.006, "Actual Rows": 84, "Actual Loops": 1, "Inner Unique": true, "Plans": [{"Node Type": "Aggregate", "Strategy": "Sorted", "Parent Relationship": "Outer", "Startup Cost": 0.0, "Total Cost": 3606239.52, "Plan Rows": 33034, "Plan Width": 24, "Actual Startup Time": 1159.408, "Actual Total Time": 50684.063, "Actual Rows": 84, "Actual Loops": 1, "Group By Key": ["public.lineitem.l_orderkey"], "Filter": "(sum(public.lineitem.l_quantity) > 314::double precision), (LLVM Optimized, Jit Execute)", "Rows Removed by Filter": 14999916, "Plans": [{"Node Type": "Index Scan", "Parent Relationship": "Outer", "Scan Direction": "Forward", "Index Name": "idx_lineitem_orderkey", "Relation Name": "lineitem", "Alias": "lineitem", "Startup Cost": 0.0, "Total Cost": 3240153.75, "Plan Rows": 59987033, "Plan Width": 16, "Actual Startup Time": 0.029, "Actual Total Time": 30275.076, "Actual Rows": 59986052, "Actual Loops": 1}]}, {"Node Type": "Index Scan", "Parent Relationship": "Inner", "Scan Direction": "Forward", "Index Name": "orders_pkey", "Relation Name": "orders", "Alias": "orders", "Startup Cost": 0.0, "Total Cost": 7.15, "Plan Rows": 1, "Plan Width": 32, "Actual Startup Time": 1.994, "Actual Total Time": 1.994, "Actual Rows": 84, "Actual Loops": 84, "Index Cond": "(o_orderkey = public.lineitem.l_orderkey)", "Rows Removed by Index Recheck": 0}]}, {"Node Type": "Index Scan", "Parent Relationship": "Inner", "Scan Direction": "Forward", "Index Name": "customer_pkey", "Relation Name": "customer", "Alias": "customer", "Startup Cost": 0.0, "Total Cost": 0.28, "Plan Rows": 1, "Plan Width": 27, "Actual Startup Time": 1.278, "Actual Total Time": 1.278, "Actual Rows": 84, "Actual Loops": 84, "Index Cond": "(c_custkey = orders.o_custkey)", "Rows Removed by Index Recheck": 0}]}, {"Node Type": "Index Scan", "Parent Relationship": "Inner", "Scan Direction": "Forward", "Index Name": "idx_lineitem_orderkey", "Relation Name": "lineitem", "Alias": "lineitem", "Startup Cost": 0.0, "Total Cost": 0.87, "Plan Rows": 9, "Plan Width": 16, "Actual Startup Time": 0.938, "Actual Total Time": 1.562, "Actual Rows": 588, "Actual Loops": 84, "Index Cond": "(l_orderkey = orders.o_orderkey)", "Rows Removed by Index Recheck": 0}]}]}]}]}, "Triggers": [], "Planner Runtime": 1.698, "Total Runtime": 50704.506, "Unique SQL Id": 1915754155}}, "(1, '114')": {"explain_plan": {"Plan": {"Node Type": "Limit", "Startup Cost": 2838735.63, "Total Cost": 2838735.88, "Plan Rows": 100, "Plan Width": 59, "Plans": [{"Node Type": "Sort", "Parent Relationship": "Outer", "Startup Cost": 2838735.63, "Total Cost": 2839051.44, "Plan Rows": 100, "Plan Width": 59, "Sort Key": ["orders.o_totalprice DESC", "orders.o_orderdate"], "Plans": [{"Node Type": "Aggregate", "Strategy": "Hashed", "Parent Relationship": "Outer", "Startup Cost": 2832644.53, "Total Cost": 2833907.74, "Plan Rows": 126321, "Plan Width": 59, "Group By Key": ["orders.o_totalprice", "orders.o_orderdate", "customer.c_name", "customer.c_custkey", "orders.o_orderkey"], "Plans": [{"Node Type": "Nested Loop", "Parent Relationship": "Outer", "Join Type": "Inner", "Startup Cost": 2315054.5, "Total Cost": 2830749.71, "Plan Rows": 126321, "Plan Width": 59, "Inner Unique": false, "Plans": [{"Node Type": "Nested Loop", "Parent Relationship": "Outer", "Join Type": "Inner", "Startup Cost": 2315054.12, "Total Cost": 2766973.56, "Plan Rows": 13913, "Plan Width": 59, "Inner Unique": true, "Plans": [{"Node Type": "Nested Loop", "Parent Relationship": "Outer", "Join Type": "Inner", "Startup Cost": 2315053.86, "Total Cost": 2625533.23, "Plan Rows": 33034, "Plan Width": 40, "Inner Unique": true, "Plans": [{"Node Type": "Aggregate", "Strategy": "Hashed", "Parent Relationship": "Outer", "Startup Cost": 2315050.5, "Total Cost": 2381201.11, "Plan Rows": 33034, "Plan Width": 16, "Group By Key": ["public.lineitem.l_orderkey"], "Filter": "(sum(public.lineitem.l_quantity) > 314::double precision), (LLVM Optimized)", "Plans": [{"Node Type": "Seq Scan", "Parent Relationship": "Outer", "Relation Name": "lineitem", "Alias": "lineitem", "Startup Cost": 0.0, "Total Cost": 2015115.33, "Plan Rows": 59987033, "Plan Width": 16}]}, {"Node Type": "Bitmap Heap Scan", "Parent Relationship": "Inner", "Relation Name": "orders", "Alias": "orders", "Startup Cost": 3.36, "Total Cost": 7.38, "Plan Rows": 1, "Plan Width": 32, "Recheck Cond": "(o_orderkey = public.lineitem.l_orderkey)", "Plans": [{"Node Type": "Bitmap Index Scan", "Parent Relationship": "Outer", "Index Name": "orders_pkey", "Startup Cost": 0.0, "Total Cost": 3.36, "Plan Rows": 1, "Plan Width": 0, "Index Cond": "(o_orderkey = public.lineitem.l_orderkey)"}]}]}, {"Node Type": "Bitmap Heap Scan", "Parent Relationship": "Inner", "Relation Name": "customer", "Alias": "customer", "Startup Cost": 0.26, "Total Cost": 4.27, "Plan Rows": 1, "Plan Width": 27, "Recheck Cond": "(c_custkey = orders.o_custkey)", "Plans": [{"Node Type": "Bitmap Index Scan", "Parent Relationship": "Outer", "Index Name": "customer_pkey", "Startup Cost": 0.0, "Total Cost": 0.26, "Plan Rows": 1, "Plan Width": 0, "Index Cond": "(c_custkey = orders.o_custkey)"}]}]}, {"Node Type": "Bitmap Heap Scan", "Parent Relationship": "Inner", "Relation Name": "lineitem", "Alias": "lineitem", "Startup Cost": 0.38, "Total Cost": 4.49, "Plan Rows": 9, "Plan Width": 16, "Recheck Cond": "(l_orderkey = orders.o_orderkey)", "Plans": [{"Node Type": "Bitmap Index Scan", "Parent Relationship": "Outer", "Index Name": "idx_lineitem_orderkey", "Startup Cost": 0.0, "Total Cost": 0.38, "Plan Rows": 9, "Plan Width": 0, "Index Cond": "(l_orderkey = orders.o_orderkey)"}]}]}]}]}]}, "Unique SQL Id": 1915754155, "Planner Runtime": 0}, "explain_analyze_plan": {"Plan": {"Node Type": "Limit", "Startup Cost": 2838735.63, "Total Cost": 2838735.88, "Plan Rows": 100, "Plan Width": 59, "Actual Startup Time": 56920.125, "Actual Total Time": 56920.141, "Actual Rows": 84, "Actual Loops": 1, "Plans": [{"Node Type": "Sort", "Parent Relationship": "Outer", "Startup Cost": 2838735.63, "Total Cost": 2839051.44, "Plan Rows": 100, "Plan Width": 59, "Actual Startup Time": 56920.122, "Actual Total Time": 56920.125, "Actual Rows": 84, "Actual Loops": 1, "Sort Key": ["orders.o_totalprice DESC", "orders.o_orderdate"], "Sort Method": "quicksort", "Sort Space Used": 38, "Sort Space Type": "Memory", "Plans": [{"Node Type": "Aggregate", "Strategy": "Hashed", "Parent Relationship": "Outer", "Startup Cost": 2832644.53, "Total Cost": 2833907.74, "Plan Rows": 126321, "Plan Width": 59, "Actual Startup Time": 56919.279, "Actual Total Time": 56920.01, "Actual Rows": 84, "Actual Loops": 1, "Group By Key": ["orders.o_totalprice", "orders.o_orderdate", "customer.c_name", "customer.c_custkey", "orders.o_orderkey"], "Plans": [{"Node Type": "Nested Loop", "Parent Relationship": "Outer", "Join Type": "Inner", "Startup Cost": 2315054.5, "Total Cost": 2830749.71, "Plan Rows": 126321, "Plan Width": 59, "Actual Startup Time": 48330.608, "Actual Total Time": 56917.436, "Actual Rows": 588, "Actual Loops": 1, "Inner Unique": false, "Plans": [{"Node Type": "Nested Loop", "Parent Relationship": "Outer", "Join Type": "Inner", "Startup Cost": 2315054.12, "Total Cost": 2766973.56, "Plan Rows": 13913, "Plan Width": 59, "Actual Startup Time": 48330.561, "Actual Total Time": 56914.137, "Actual Rows": 84, "Actual Loops": 1, "Inner Unique": true, "Plans": [{"Node Type": "Nested Loop", "Parent Relationship": "Outer", "Join Type": "Inner", "Startup Cost": 2315053.86, "Total Cost": 2625533.23, "Plan Rows": 33034, "Plan Width": 40, "Actual Startup Time": 48330.508, "Actual Total Time": 56911.85, "Actual Rows": 84, "Actual Loops": 1, "Inner Unique": true, "Plans": [{"Node Type": "Aggregate", "Strategy": "Hashed", "Parent Relationship": "Outer", "Startup Cost": 2315050.5, "Total Cost": 2381201.11, "Plan Rows": 33034, "Plan Width": 16, "Actual Startup Time": 48330.408, "Actual Total Time": 56891.838, "Actual Rows": 84, "Actual Loops": 1, "Group By Key": ["public.lineitem.l_orderkey"], "Filter": "(sum(public.lineitem.l_quantity) > 314::double precision), (LLVM Optimized, Jit Execute)", "Rows Removed by Filter": 14999916, "Plans": [{"Node Type": "Seq Scan", "Parent Relationship": "Outer", "Relation Name": "lineitem", "Alias": "lineitem", "Startup Cost": 0.0, "Total Cost": 2015115.33, "Plan Rows": 59987033, "Plan Width": 16, "Actual Startup Time": 0.048, "Actual Total Time": 20457.825, "Actual Rows": 59986052, "Actual Loops": 1}]}, {"Node Type": "Bitmap Heap Scan", "Parent Relationship": "Inner", "Relation Name": "orders", "Alias": "orders", "Startup Cost": 3.36, "Total Cost": 7.38, "Plan Rows": 1, "Plan Width": 32, "Actual Startup Time": 3.218, "Actual Total Time": 3.218, "Actual Rows": 84, "Actual Loops": 84, "Recheck Cond": "(o_orderkey = public.lineitem.l_orderkey)", "Rows Removed by Index Recheck": 0, "Exact Heap Blocks": 84, "Lossy Heap Blocks": 84, "Plans": [{"Node Type": "Bitmap Index Scan", "Parent Relationship": "Outer", "Index Name": "orders_pkey", "Startup Cost": 0.0, "Total Cost": 3.36, "Plan Rows": 1, "Plan Width": 0, "Actual Startup Time": 2.15, "Actual Total Time": 2.15, "Actual Rows": 84, "Actual Loops": 84, "Index Cond": "(o_orderkey = public.lineitem.l_orderkey)"}]}]}, {"Node Type": "Bitmap Heap Scan", "Parent Relationship": "Inner", "Relation Name": "customer", "Alias": "customer", "Startup Cost": 0.26, "Total Cost": 4.27, "Plan Rows": 1, "Plan Width": 27, "Actual Startup Time": 1.609, "Actual Total Time": 1.609, "Actual Rows": 84, "Actual Loops": 84, "Recheck Cond": "(c_custkey = orders.o_custkey)", "Rows Removed by Index Recheck": 0, "Exact Heap Blocks": 84, "Lossy Heap Blocks": 84, "Plans": [{"Node Type": "Bitmap Index Scan", "Parent Relationship": "Outer", "Index Name": "customer_pkey", "Startup Cost": 0.0, "Total Cost": 0.26, "Plan Rows": 1, "Plan Width": 0, "Actual Startup Time": 1.008, "Actual Total Time": 1.008, "Actual Rows": 84, "Actual Loops": 84, "Index Cond": "(c_custkey = orders.o_custkey)"}]}]}, {"Node Type": "Bitmap Heap Scan", "Parent Relationship": "Inner", "Relation Name": "lineitem", "Alias": "lineitem", "Startup Cost": 0.38, "Total Cost": 4.49, "Plan Rows": 9, "Plan Width": 16, "Actual Startup Time": 2.263, "Actual Total Time": 2.445, "Actual Rows": 588, "Actual Loops": 84, "Recheck Cond": "(l_orderkey = orders.o_orderkey)", "Rows Removed by Index Recheck": 0, "Exact Heap Blocks": 96, "Lossy Heap Blocks": 96, "Plans": [{"Node Type": "Bitmap Index Scan", "Parent Relationship": "Outer", "Index Name": "idx_lineitem_orderkey", "Startup Cost": 0.0, "Total Cost": 0.38, "Plan Rows": 9, "Plan Width": 0, "Actual Startup Time": 1.423, "Actual Total Time": 1.423, "Actual Rows": 588, "Actual Loops": 84, "Index Cond": "(l_orderkey = orders.o_orderkey)"}]}]}]}]}]}, "Triggers": [], "Planner Runtime": 1.556, "Total Runtime": 56929.516, "Unique SQL Id": 1915754155}}, "(1, '115')": {"explain_plan": {"Plan": {"Node Type": "Limit", "Startup Cost": 1000324838994.8, "Total Cost": 1000324838995.05, "Plan Rows": 100, "Plan Width": 59, "Plans": [{"Node Type": "Sort", "Parent Relationship": "Outer", "Startup Cost": 1000324838994.8, "Total Cost": 1000324839310.61, "Plan Rows": 100, "Plan Width": 59, "Sort Key": ["orders.o_totalprice DESC", "orders.o_orderdate"], "Plans": [{"Node Type": "Aggregate", "Strategy": "Hashed", "Parent Relationship": "Outer", "Startup Cost": 1000324832903.7, "Total Cost": 1000324834166.91, "Plan Rows": 126321, "Plan Width": 59, "Group By Key": ["orders.o_totalprice", "orders.o_orderdate", "customer.c_name", "customer.c_custkey", "orders.o_orderkey"], "Plans": [{"Node Type": "Nested Loop", "Parent Relationship": "Outer", "Join Type": "Inner", "Startup Cost": 10000000004.0, "Total Cost": 1000324831008.88, "Plan Rows": 126321, "Plan Width": 59, "Inner Unique": false, "Plans": [{"Node Type": "Nested Loop", "Parent Relationship": "Outer", "Join Type": "Inner", "Startup Cost": 10000000003.62, "Total Cost": 1000324767232.73, "Plan Rows": 13913, "Plan Width": 59, "Inner Unique": true, "Plans": [{"Node Type": "Nested Loop", "Parent Relationship": "Outer", "Join Type": "Inner", "Startup Cost": 10000000003.36, "Total Cost": 1000324625792.4, "Plan Rows": 33034, "Plan Width": 40, "Inner Unique": true, "Plans": [{"Node Type": "Aggregate", "Strategy": "Sorted", "Parent Relationship": "Outer", "Startup Cost": 10000000000.0, "Total Cost": 1000324381460.28, "Plan Rows": 33034, "Plan Width": 24, "Group By Key": ["public.lineitem.l_orderkey"], "Filter": "(sum(public.lineitem.l_quantity) > 314::double precision), (LLVM Optimized)", "Plans": [{"Node Type": "Index Scan", "Parent Relationship": "Outer", "Scan Direction": "Forward", "Index Name": "idx_lineitem_orderkey", "Relation Name": "lineitem", "Alias": "lineitem", "Startup Cost": 10000000000.0, "Total Cost": 1000324015374.5, "Plan Rows": 59987033, "Plan Width": 16}]}, {"Node Type": "Bitmap Heap Scan", "Parent Relationship": "Inner", "Relation Name": "orders", "Alias": "orders", "Startup Cost": 3.36, "Total Cost": 7.38, "Plan Rows": 1, "Plan Width": 32, "Recheck Cond": "(o_orderkey = public.lineitem.l_orderkey)", "Plans": [{"Node Type": "Bitmap Index Scan", "Parent Relationship": "Outer", "Index Name": "orders_pkey", "Startup Cost": 0.0, "Total Cost": 3.36, "Plan Rows": 1, "Plan Width": 0, "Index Cond": "(o_orderkey = public.lineitem.l_orderkey)"}]}]}, {"Node Type": "Bitmap Heap Scan", "Parent Relationship": "Inner", "Relation Name": "customer", "Alias": "customer", "Startup Cost": 0.26, "Total Cost": 4.27, "Plan Rows": 1, "Plan Width": 27, "Recheck Cond": "(c_custkey = orders.o_custkey)", "Plans": [{"Node Type": "Bitmap Index Scan", "Parent Relationship": "Outer", "Index Name": "customer_pkey", "Startup Cost": 0.0, "Total Cost": 0.26, "Plan Rows": 1, "Plan Width": 0, "Index Cond": "(c_custkey = orders.o_custkey)"}]}]}, {"Node Type": "Bitmap Heap Scan", "Parent Relationship": "Inner", "Relation Name": "lineitem", "Alias": "lineitem", "Startup Cost": 0.38, "Total Cost": 4.49, "Plan Rows": 9, "Plan Width": 16, "Recheck Cond": "(l_orderkey = orders.o_orderkey)", "Plans": [{"Node Type": "Bitmap Index Scan", "Parent Relationship": "Outer", "Index Name": "idx_lineitem_orderkey", "Startup Cost": 0.0, "Total Cost": 0.38, "Plan Rows": 9, "Plan Width": 0, "Index Cond": "(l_orderkey = orders.o_orderkey)"}]}]}]}]}]}, "Unique SQL Id": 1915754155, "Planner Runtime": 0}, "explain_analyze_plan": {"Plan": {"Node Type": "Limit", "Startup Cost": 1000324838994.8, "Total Cost": 1000324838995.05, "Plan Rows": 100, "Plan Width": 59, "Actual Startup Time": 49544.467, "Actual Total Time": 49544.486, "Actual Rows": 84, "Actual Loops": 1, "Plans": [{"Node Type": "Sort", "Parent Relationship": "Outer", "Startup Cost": 1000324838994.8, "Total Cost": 1000324839310.61, "Plan Rows": 100, "Plan Width": 59, "Actual Startup Time": 49544.465, "Actual Total Time": 49544.474, "Actual Rows": 84, "Actual Loops": 1, "Sort Key": ["orders.o_totalprice DESC", "orders.o_orderdate"], "Sort Method": "quicksort", "Sort Space Used": 38, "Sort Space Type": "Memory", "Plans": [{"Node Type": "Aggregate", "Strategy": "Hashed", "Parent Relationship": "Outer", "Startup Cost": 1000324832903.7, "Total Cost": 1000324834166.91, "Plan Rows": 126321, "Plan Width": 59, "Actual Startup Time": 49543.984, "Actual Total Time": 49544.316, "Actual Rows": 84, "Actual Loops": 1, "Group By Key": ["orders.o_totalprice", "orders.o_orderdate", "customer.c_name", "customer.c_custkey", "orders.o_orderkey"], "Plans": [{"Node Type": "Nested Loop", "Parent Relationship": "Outer", "Join Type": "Inner", "Startup Cost": 10000000004.0, "Total Cost": 1000324831008.88, "Plan Rows": 126321, "Plan Width": 59, "Actual Startup Time": 1023.087, "Actual Total Time": 49541.154, "Actual Rows": 588, "Actual Loops": 1, "Inner Unique": false, "Plans": [{"Node Type": "Nested Loop", "Parent Relationship": "Outer", "Join Type": "Inner", "Startup Cost": 10000000003.62, "Total Cost": 1000324767232.73, "Plan Rows": 13913, "Plan Width": 59, "Actual Startup Time": 1023.067, "Actual Total Time": 49538.65, "Actual Rows": 84, "Actual Loops": 1, "Inner Unique": true, "Plans": [{"Node Type": "Nested Loop", "Parent Relationship": "Outer", "Join Type": "Inner", "Startup Cost": 10000000003.36, "Total Cost": 1000324625792.4, "Plan Rows": 33034, "Plan Width": 40, "Actual Startup Time": 1023.033, "Actual Total Time": 49536.599, "Actual Rows": 84, "Actual Loops": 1, "Inner Unique": true, "Plans": [{"Node Type": "Aggregate", "Strategy": "Sorted", "Parent Relationship": "Outer", "Startup Cost": 10000000000.0, "Total Cost": 1000324381460.28, "Plan Rows": 33034, "Plan Width": 24, "Actual Startup Time": 1022.959, "Actual Total Time": 49531.744, "Actual Rows": 84, "Actual Loops": 1, "Group By Key": ["public.lineitem.l_orderkey"], "Filter": "(sum(public.lineitem.l_quantity) > 314::double precision), (LLVM Optimized, Jit Execute)", "Rows Removed by Filter": 14999916, "Plans": [{"Node Type": "Index Scan", "Parent Relationship": "Outer", "Scan Direction": "Forward", "Index Name": "idx_lineitem_orderkey", "Relation Name": "lineitem", "Alias": "lineitem", "Startup Cost": 10000000000.0, "Total Cost": 1000324015374.5, "Plan Rows": 59987033, "Plan Width": 16, "Actual Startup Time": 0.03, "Actual Total Time": 29176.085, "Actual Rows": 59986052, "Actual Loops": 1}]}, {"Node Type": "Bitmap Heap Scan", "Parent Relationship": "Inner", "Relation Name": "orders", "Alias": "orders", "Startup Cost": 3.36, "Total Cost": 7.38, "Plan Rows": 1, "Plan Width": 32, "Actual Startup Time": 3.264, "Actual Total Time": 3.264, "Actual Rows": 84, "Actual Loops": 84, "Recheck Cond": "(o_orderkey = public.lineitem.l_orderkey)", "Rows Removed by Index Recheck": 0, "Exact Heap Blocks": 84, "Lossy Heap Blocks": 84, "Plans": [{"Node Type": "Bitmap Index Scan", "Parent Relationship": "Outer", "Index Name": "orders_pkey", "Startup Cost": 0.0, "Total Cost": 3.36, "Plan Rows": 1, "Plan Width": 0, "Actual Startup Time": 2.073, "Actual Total Time": 2.073, "Actual Rows": 84, "Actual Loops": 84, "Index Cond": "(o_orderkey = public.lineitem.l_orderkey)"}]}]}, {"Node Type": "Bitmap Heap Scan", "Parent Relationship": "Inner", "Relation Name": "customer", "Alias": "customer", "Startup Cost": 0.26, "Total Cost": 4.27, "Plan Rows": 1, "Plan Width": 27, "Actual Startup Time": 1.378, "Actual Total Time": 1.378, "Actual Rows": 84, "Actual Loops": 84, "Recheck Cond": "(c_custkey = orders.o_custkey)", "Rows Removed by Index Recheck": 0, "Exact Heap Blocks": 84, "Lossy Heap Blocks": 84, "Plans": [{"Node Type": "Bitmap Index Scan", "Parent Relationship": "Outer", "Index Name": "customer_pkey", "Startup Cost": 0.0, "Total Cost": 0.26, "Plan Rows": 1, "Plan Width": 0, "Actual Startup Time": 0.854, "Actual Total Time": 0.854, "Actual Rows": 84, "Actual Loops": 84, "Index Cond": "(c_custkey = orders.o_custkey)"}]}]}, {"Node Type": "Bitmap Heap Scan", "Parent Relationship": "Inner", "Relation Name": "lineitem", "Alias": "lineitem", "Startup Cost": 0.38, "Total Cost": 4.49, "Plan Rows": 9, "Plan Width": 16, "Actual Startup Time": 1.417, "Actual Total Time": 1.651, "Actual Rows": 588, "Actual Loops": 84, "Recheck Cond": "(l_orderkey = orders.o_orderkey)", "Rows Removed by Index Recheck": 0, "Exact Heap Blocks": 96, "Lossy Heap Blocks": 96, "Plans": [{"Node Type": "Bitmap Index Scan", "Parent Relationship": "Outer", "Index Name": "idx_lineitem_orderkey", "Startup Cost": 0.0, "Total Cost": 0.38, "Plan Rows": 9, "Plan Width": 0, "Actual Startup Time": 0.904, "Actual Total Time": 0.904, "Actual Rows": 588, "Actual Loops": 84, "Index Cond": "(l_orderkey = orders.o_orderkey)"}]}]}]}]}]}, "Triggers": [], "Planner Runtime": 1.515, "Total Runtime": 49553.909, "Unique SQL Id": 1915754155}}, "(1, '116')": {"explain_plan": {"Plan": {"Node Type": "Limit", "Startup Cost": 2649029.8, "Total Cost": 2649030.05, "Plan Rows": 100, "Plan Width": 59, "Plans": [{"Node Type": "Sort", "Parent Relationship": "Outer", "Startup Cost": 2649029.8, "Total Cost": 2649345.6, "Plan Rows": 100, "Plan Width": 59, "Sort Key": ["orders.o_totalprice DESC", "orders.o_orderdate"], "Plans": [{"Node Type": "Aggregate", "Strategy": "Hashed", "Parent Relationship": "Outer", "Startup Cost": 2642938.69, "Total Cost": 2644201.9, "Plan Rows": 126321, "Plan Width": 59, "Group By Key": ["orders.o_totalprice", "orders.o_orderdate", "customer.c_name", "customer.c_custkey", "orders.o_orderkey"], "Plans": [{"Node Type": "Nested Loop", "Parent Relationship": "Outer", "Join Type": "Inner", "Startup Cost": 2315050.5, "Total Cost": 2641043.88, "Plan Rows": 126321, "Plan Width": 59, "Inner Unique": false, "Plans": [{"Node Type": "Nested Loop", "Parent Relationship": "Outer", "Join Type": "Inner", "Startup Cost": 2315050.5, "Total Cost": 2627700.1, "Plan Rows": 13913, "Plan Width": 59, "Inner Unique": true, "Plans": [{"Node Type": "Nested Loop", "Parent Relationship": "Outer", "Join Type": "Inner", "Startup Cost": 2315050.5, "Total Cost": 2618076.97, "Plan Rows": 33034, "Plan Width": 40, "Inner Unique": true, "Plans": [{"Node Type": "Aggregate", "Strategy": "Hashed", "Parent Relationship": "Outer", "Startup Cost": 2315050.5, "Total Cost": 2381201.11, "Plan Rows": 33034, "Plan Width": 16, "Group By Key": ["public.lineitem.l_orderkey"], "Filter": "(sum(public.lineitem.l_quantity) > 314::double precision), (LLVM Optimized)", "Plans": [{"Node Type": "Seq Scan", "Parent Relationship": "Outer", "Relation Name": "lineitem", "Alias": "lineitem", "Startup Cost": 0.0, "Total Cost": 2015115.33, "Plan Rows": 59987033, "Plan Width": 16}]}, {"Node Type": "Index Scan", "Parent Relationship": "Inner", "Scan Direction": "Forward", "Index Name": "orders_pkey", "Relation Name": "orders", "Alias": "orders", "Startup Cost": 0.0, "Total Cost": 7.15, "Plan Rows": 1, "Plan Width": 32, "Index Cond": "(o_orderkey = public.lineitem.l_orderkey)"}]}, {"Node Type": "Index Scan", "Parent Relationship": "Inner", "Scan Direction": "Forward", "Index Name": "customer_pkey", "Relation Name": "customer", "Alias": "customer", "Startup Cost": 0.0, "Total Cost": 0.28, "Plan Rows": 1, "Plan Width": 27, "Index Cond": "(c_custkey = orders.o_custkey)"}]}, {"Node Type": "Index Scan", "Parent Relationship": "Inner", "Scan Direction": "Forward", "Index Name": "idx_lineitem_orderkey", "Relation Name": "lineitem", "Alias": "lineitem", "Startup Cost": 0.0, "Total Cost": 0.87, "Plan Rows": 9, "Plan Width": 16, "Index Cond": "(l_orderkey = orders.o_orderkey)"}]}]}]}]}, "Unique SQL Id": 1915754155, "Planner Runtime": 0}, "explain_analyze_plan": {"Plan": {"Node Type": "Limit", "Startup Cost": 2649029.8, "Total Cost": 2649030.05, "Plan Rows": 100, "Plan Width": 59, "Actual Startup Time": 51129.008, "Actual Total Time": 51129.027, "Actual Rows": 84, "Actual Loops": 1, "Plans": [{"Node Type": "Sort", "Parent Relationship": "Outer", "Startup Cost": 2649029.8, "Total Cost": 2649345.6, "Plan Rows": 100, "Plan Width": 59, "Actual Startup Time": 51129.006, "Actual Total Time": 51129.015, "Actual Rows": 84, "Actual Loops": 1, "Sort Key": ["orders.o_totalprice DESC", "orders.o_orderdate"], "Sort Method": "quicksort", "Sort Space Used": 38, "Sort Space Type": "Memory", "Plans": [{"Node Type": "Aggregate", "Strategy": "Hashed", "Parent Relationship": "Outer", "Startup Cost": 2642938.69, "Total Cost": 2644201.9, "Plan Rows": 126321, "Plan Width": 59, "Actual Startup Time": 51128.213, "Actual Total Time": 51128.889, "Actual Rows": 84, "Actual Loops": 1, "Group By Key": ["orders.o_totalprice", "orders.o_orderdate", "customer.c_name", "customer.c_custkey", "orders.o_orderkey"], "Plans": [{"Node Type": "Nested Loop", "Parent Relationship": "Outer", "Join Type": "Inner", "Startup Cost": 2315050.5, "Total Cost": 2641043.88, "Plan Rows": 126321, "Plan Width": 59, "Actual Startup Time": 46173.798, "Actual Total Time": 51126.311, "Actual Rows": 588, "Actual Loops": 1, "Inner Unique": false, "Plans": [{"Node Type": "Nested Loop", "Parent Relationship": "Outer", "Join Type": "Inner", "Startup Cost": 2315050.5, "Total Cost": 2627700.1, "Plan Rows": 13913, "Plan Width": 59, "Actual Startup Time": 46173.775, "Actual Total Time": 51124.263, "Actual Rows": 84, "Actual Loops": 1, "Inner Unique": true, "Plans": [{"Node Type": "Nested Loop", "Parent Relationship": "Outer", "Join Type": "Inner", "Startup Cost": 2315050.5, "Total Cost": 2618076.97, "Plan Rows": 33034, "Plan Width": 40, "Actual Startup Time": 46173.751, "Actual Total Time": 51122.995, "Actual Rows": 84, "Actual Loops": 1, "Inner Unique": true, "Plans": [{"Node Type": "Aggregate", "Strategy": "Hashed", "Parent Relationship": "Outer", "Startup Cost": 2315050.5, "Total Cost": 2381201.11, "Plan Rows": 33034, "Plan Width": 16, "Actual Startup Time": 46173.686, "Actual Total Time": 51106.177, "Actual Rows": 84, "Actual Loops": 1, "Group By Key": ["public.lineitem.l_orderkey"], "Filter": "(sum(public.lineitem.l_quantity) > 314::double precision), (LLVM Optimized, Jit Execute)", "Rows Removed by Filter": 14999916, "Plans": [{"Node Type": "Seq Scan", "Parent Relationship": "Outer", "Relation Name": "lineitem", "Alias": "lineitem", "Startup Cost": 0.0, "Total Cost": 2015115.33, "Plan Rows": 59987033, "Plan Width": 16, "Actual Startup Time": 0.043, "Actual Total Time": 19975.008, "Actual Rows": 59986052, "Actual Loops": 1}]}, {"Node Type": "Index Scan", "Parent Relationship": "Inner", "Scan Direction": "Forward", "Index Name": "orders_pkey", "Relation Name": "orders", "Alias": "orders", "Startup Cost": 0.0, "Total Cost": 7.15, "Plan Rows": 1, "Plan Width": 32, "Actual Startup Time": 2.93, "Actual Total Time": 2.93, "Actual Rows": 84, "Actual Loops": 84, "Index Cond": "(o_orderkey = public.lineitem.l_orderkey)", "Rows Removed by Index Recheck": 0}]}, {"Node Type": "Index Scan", "Parent Relationship": "Inner", "Scan Direction": "Forward", "Index Name": "customer_pkey", "Relation Name": "customer", "Alias": "customer", "Startup Cost": 0.0, "Total Cost": 0.28, "Plan Rows": 1, "Plan Width": 27, "Actual Startup Time": 0.906, "Actual Total Time": 0.906, "Actual Rows": 84, "Actual Loops": 84, "Index Cond": "(c_custkey = orders.o_custkey)", "Rows Removed by Index Recheck": 0}]}, {"Node Type": "Index Scan", "Parent Relationship": "Inner", "Scan Direction": "Forward", "Index Name": "idx_lineitem_orderkey", "Relation Name": "lineitem", "Alias": "lineitem", "Startup Cost": 0.0, "Total Cost": 0.87, "Plan Rows": 9, "Plan Width": 16, "Actual Startup Time": 1.165, "Actual Total Time": 1.622, "Actual Rows": 588, "Actual Loops": 84, "Index Cond": "(l_orderkey = orders.o_orderkey)", "Rows Removed by Index Recheck": 0}]}]}]}]}, "Triggers": [], "Planner Runtime": 1.711, "Total Runtime": 51138.586, "Unique SQL Id": 1915754155}}, "(1, '117')": {"explain_plan": {"Plan": {"Node Type": "Limit", "Startup Cost": 3874068.21, "Total Cost": 3874068.46, "Plan Rows": 100, "Plan Width": 59, "Plans": [{"Node Type": "Sort", "Parent Relationship": "Outer", "Startup Cost": 3874068.21, "Total Cost": 3874384.02, "Plan Rows": 100, "Plan Width": 59, "Sort Key": ["orders.o_totalprice DESC", "orders.o_orderdate"], "Plans": [{"Node Type": "Aggregate", "Strategy": "Hashed", "Parent Relationship": "Outer", "Startup Cost": 3867977.11, "Total Cost": 3869240.32, "Plan Rows": 126321, "Plan Width": 59, "Group By Key": ["orders.o_totalprice", "orders.o_orderdate", "customer.c_name", "customer.c_custkey", "orders.o_orderkey"], "Plans": [{"Node Type": "Nested Loop", "Parent Relationship": "Outer", "Join Type": "Inner", "Startup Cost": 0.0, "Total Cost": 3866082.29, "Plan Rows": 126321, "Plan Width": 59, "Inner Unique": false, "Plans": [{"Node Type": "Nested Loop", "Parent Relationship": "Outer", "Join Type": "Inner", "Startup Cost": 0.0, "Total Cost": 3852738.51, "Plan Rows": 13913, "Plan Width": 59, "Inner Unique": true, "Plans": [{"Node Type": "Nested Loop", "Parent Relationship": "Outer", "Join Type": "Inner", "Startup Cost": 0.0, "Total Cost": 3843115.38, "Plan Rows": 33034, "Plan Width": 40, "Inner Unique": true, "Plans": [{"Node Type": "Aggregate", "Strategy": "Sorted", "Parent Relationship": "Outer", "Startup Cost": 0.0, "Total Cost": 3606239.52, "Plan Rows": 33034, "Plan Width": 24, "Group By Key": ["public.lineitem.l_orderkey"], "Filter": "(sum(public.lineitem.l_quantity) > 314::double precision), (LLVM Optimized)", "Plans": [{"Node Type": "Index Scan", "Parent Relationship": "Outer", "Scan Direction": "Forward", "Index Name": "idx_lineitem_orderkey", "Relation Name": "lineitem", "Alias": "lineitem", "Startup Cost": 0.0, "Total Cost": 3240153.75, "Plan Rows": 59987033, "Plan Width": 16}]}, {"Node Type": "Index Scan", "Parent Relationship": "Inner", "Scan Direction": "Forward", "Index Name": "orders_pkey", "Relation Name": "orders", "Alias": "orders", "Startup Cost": 0.0, "Total Cost": 7.15, "Plan Rows": 1, "Plan Width": 32, "Index Cond": "(o_orderkey = public.lineitem.l_orderkey)"}]}, {"Node Type": "Index Scan", "Parent Relationship": "Inner", "Scan Direction": "Forward", "Index Name": "customer_pkey", "Relation Name": "customer", "Alias": "customer", "Startup Cost": 0.0, "Total Cost": 0.28, "Plan Rows": 1, "Plan Width": 27, "Index Cond": "(c_custkey = orders.o_custkey)"}]}, {"Node Type": "Index Scan", "Parent Relationship": "Inner", "Scan Direction": "Forward", "Index Name": "idx_lineitem_orderkey", "Relation Name": "lineitem", "Alias": "lineitem", "Startup Cost": 0.0, "Total Cost": 0.87, "Plan Rows": 9, "Plan Width": 16, "Index Cond": "(l_orderkey = orders.o_orderkey)"}]}]}]}]}, "Unique SQL Id": 1915754155, "Planner Runtime": 0}, "explain_analyze_plan": {"Plan": {"Node Type": "Limit", "Startup Cost": 3874068.21, "Total Cost": 3874068.46, "Plan Rows": 100, "Plan Width": 59, "Actual Startup Time": 50695.002, "Actual Total Time": 50695.017, "Actual Rows": 84, "Actual Loops": 1, "Plans": [{"Node Type": "Sort", "Parent Relationship": "Outer", "Startup Cost": 3874068.21, "Total Cost": 3874384.02, "Plan Rows": 100, "Plan Width": 59, "Actual Startup Time": 50695.0, "Actual Total Time": 50695.004, "Actual Rows": 84, "Actual Loops": 1, "Sort Key": ["orders.o_totalprice DESC", "orders.o_orderdate"], "Sort Method": "quicksort", "Sort Space Used": 38, "Sort Space Type": "Memory", "Plans": [{"Node Type": "Aggregate", "Strategy": "Hashed", "Parent Relationship": "Outer", "Startup Cost": 3867977.11, "Total Cost": 3869240.32, "Plan Rows": 126321, "Plan Width": 59, "Actual Startup Time": 50694.487, "Actual Total Time": 50694.852, "Actual Rows": 84, "Actual Loops": 1, "Group By Key": ["orders.o_totalprice", "orders.o_orderdate", "customer.c_name", "customer.c_custkey", "orders.o_orderkey"], "Plans": [{"Node Type": "Nested Loop", "Parent Relationship": "Outer", "Join Type": "Inner", "Startup Cost": 0.0, "Total Cost": 3866082.29, "Plan Rows": 126321, "Plan Width": 59, "Actual Startup Time": 1159.494, "Actual Total Time": 50691.109, "Actual Rows": 588, "Actual Loops": 1, "Inner Unique": false, "Plans": [{"Node Type": "Nested Loop", "Parent Relationship": "Outer", "Join Type": "Inner", "Startup Cost": 0.0, "Total Cost": 3852738.51, "Plan Rows": 13913, "Plan Width": 59, "Actual Startup Time": 1159.473, "Actual Total Time": 50688.867, "Actual Rows": 84, "Actual Loops": 1, "Inner Unique": true, "Plans": [{"Node Type": "Nested Loop", "Parent Relationship": "Outer", "Join Type": "Inner", "Startup Cost": 0.0, "Total Cost": 3843115.38, "Plan Rows": 33034, "Plan Width": 40, "Actual Startup Time": 1159.448, "Actual Total Time": 50687.006, "Actual Rows": 84, "Actual Loops": 1, "Inner Unique": true, "Plans": [{"Node Type": "Aggregate", "Strategy": "Sorted", "Parent Relationship": "Outer", "Startup Cost": 0.0, "Total Cost": 3606239.52, "Plan Rows": 33034, "Plan Width": 24, "Actual Startup Time": 1159.408, "Actual Total Time": 50684.063, "Actual Rows": 84, "Actual Loops": 1, "Group By Key": ["public.lineitem.l_orderkey"], "Filter": "(sum(public.lineitem.l_quantity) > 314::double precision), (LLVM Optimized, Jit Execute)", "Rows Removed by Filter": 14999916, "Plans": [{"Node Type": "Index Scan", "Parent Relationship": "Outer", "Scan Direction": "Forward", "Index Name": "idx_lineitem_orderkey", "Relation Name": "lineitem", "Alias": "lineitem", "Startup Cost": 0.0, "Total Cost": 3240153.75, "Plan Rows": 59987033, "Plan Width": 16, "Actual Startup Time": 0.029, "Actual Total Time": 30275.076, "Actual Rows": 59986052, "Actual Loops": 1}]}, {"Node Type": "Index Scan", "Parent Relationship": "Inner", "Scan Direction": "Forward", "Index Name": "orders_pkey", "Relation Name": "orders", "Alias": "orders", "Startup Cost": 0.0, "Total Cost": 7.15, "Plan Rows": 1, "Plan Width": 32, "Actual Startup Time": 1.994, "Actual Total Time": 1.994, "Actual Rows": 84, "Actual Loops": 84, "Index Cond": "(o_orderkey = public.lineitem.l_orderkey)", "Rows Removed by Index Recheck": 0}]}, {"Node Type": "Index Scan", "Parent Relationship": "Inner", "Scan Direction": "Forward", "Index Name": "customer_pkey", "Relation Name": "customer", "Alias": "customer", "Startup Cost": 0.0, "Total Cost": 0.28, "Plan Rows": 1, "Plan Width": 27, "Actual Startup Time": 1.278, "Actual Total Time": 1.278, "Actual Rows": 84, "Actual Loops": 84, "Index Cond": "(c_custkey = orders.o_custkey)", "Rows Removed by Index Recheck": 0}]}, {"Node Type": "Index Scan", "Parent Relationship": "Inner", "Scan Direction": "Forward", "Index Name": "idx_lineitem_orderkey", "Relation Name": "lineitem", "Alias": "lineitem", "Startup Cost": 0.0, "Total Cost": 0.87, "Plan Rows": 9, "Plan Width": 16, "Actual Startup Time": 0.938, "Actual Total Time": 1.562, "Actual Rows": 588, "Actual Loops": 84, "Index Cond": "(l_orderkey = orders.o_orderkey)", "Rows Removed by Index Recheck": 0}]}]}]}]}, "Triggers": [], "Planner Runtime": 1.698, "Total Runtime": 50704.506, "Unique SQL Id": 1915754155}}, "(1, '118')": {"explain_plan": {"Plan": {"Node Type": "Limit", "Startup Cost": 2838735.63, "Total Cost": 2838735.88, "Plan Rows": 100, "Plan Width": 59, "Plans": [{"Node Type": "Sort", "Parent Relationship": "Outer", "Startup Cost": 2838735.63, "Total Cost": 2839051.44, "Plan Rows": 100, "Plan Width": 59, "Sort Key": ["orders.o_totalprice DESC", "orders.o_orderdate"], "Plans": [{"Node Type": "Aggregate", "Strategy": "Hashed", "Parent Relationship": "Outer", "Startup Cost": 2832644.53, "Total Cost": 2833907.74, "Plan Rows": 126321, "Plan Width": 59, "Group By Key": ["orders.o_totalprice", "orders.o_orderdate", "customer.c_name", "customer.c_custkey", "orders.o_orderkey"], "Plans": [{"Node Type": "Nested Loop", "Parent Relationship": "Outer", "Join Type": "Inner", "Startup Cost": 2315054.5, "Total Cost": 2830749.71, "Plan Rows": 126321, "Plan Width": 59, "Inner Unique": false, "Plans": [{"Node Type": "Nested Loop", "Parent Relationship": "Outer", "Join Type": "Inner", "Startup Cost": 2315054.12, "Total Cost": 2766973.56, "Plan Rows": 13913, "Plan Width": 59, "Inner Unique": true, "Plans": [{"Node Type": "Nested Loop", "Parent Relationship": "Outer", "Join Type": "Inner", "Startup Cost": 2315053.86, "Total Cost": 2625533.23, "Plan Rows": 33034, "Plan Width": 40, "Inner Unique": true, "Plans": [{"Node Type": "Aggregate", "Strategy": "Hashed", "Parent Relationship": "Outer", "Startup Cost": 2315050.5, "Total Cost": 2381201.11, "Plan Rows": 33034, "Plan Width": 16, "Group By Key": ["public.lineitem.l_orderkey"], "Filter": "(sum(public.lineitem.l_quantity) > 314::double precision), (LLVM Optimized)", "Plans": [{"Node Type": "Seq Scan", "Parent Relationship": "Outer", "Relation Name": "lineitem", "Alias": "lineitem", "Startup Cost": 0.0, "Total Cost": 2015115.33, "Plan Rows": 59987033, "Plan Width": 16}]}, {"Node Type": "Bitmap Heap Scan", "Parent Relationship": "Inner", "Relation Name": "orders", "Alias": "orders", "Startup Cost": 3.36, "Total Cost": 7.38, "Plan Rows": 1, "Plan Width": 32, "Recheck Cond": "(o_orderkey = public.lineitem.l_orderkey)", "Plans": [{"Node Type": "Bitmap Index Scan", "Parent Relationship": "Outer", "Index Name": "orders_pkey", "Startup Cost": 0.0, "Total Cost": 3.36, "Plan Rows": 1, "Plan Width": 0, "Index Cond": "(o_orderkey = public.lineitem.l_orderkey)"}]}]}, {"Node Type": "Bitmap Heap Scan", "Parent Relationship": "Inner", "Relation Name": "customer", "Alias": "customer", "Startup Cost": 0.26, "Total Cost": 4.27, "Plan Rows": 1, "Plan Width": 27, "Recheck Cond": "(c_custkey = orders.o_custkey)", "Plans": [{"Node Type": "Bitmap Index Scan", "Parent Relationship": "Outer", "Index Name": "customer_pkey", "Startup Cost": 0.0, "Total Cost": 0.26, "Plan Rows": 1, "Plan Width": 0, "Index Cond": "(c_custkey = orders.o_custkey)"}]}]}, {"Node Type": "Bitmap Heap Scan", "Parent Relationship": "Inner", "Relation Name": "lineitem", "Alias": "lineitem", "Startup Cost": 0.38, "Total Cost": 4.49, "Plan Rows": 9, "Plan Width": 16, "Recheck Cond": "(l_orderkey = orders.o_orderkey)", "Plans": [{"Node Type": "Bitmap Index Scan", "Parent Relationship": "Outer", "Index Name": "idx_lineitem_orderkey", "Startup Cost": 0.0, "Total Cost": 0.38, "Plan Rows": 9, "Plan Width": 0, "Index Cond": "(l_orderkey = orders.o_orderkey)"}]}]}]}]}]}, "Unique SQL Id": 1915754155, "Planner Runtime": 0}, "explain_analyze_plan": {"Plan": {"Node Type": "Limit", "Startup Cost": 2838735.63, "Total Cost": 2838735.88, "Plan Rows": 100, "Plan Width": 59, "Actual Startup Time": 56920.125, "Actual Total Time": 56920.141, "Actual Rows": 84, "Actual Loops": 1, "Plans": [{"Node Type": "Sort", "Parent Relationship": "Outer", "Startup Cost": 2838735.63, "Total Cost": 2839051.44, "Plan Rows": 100, "Plan Width": 59, "Actual Startup Time": 56920.122, "Actual Total Time": 56920.125, "Actual Rows": 84, "Actual Loops": 1, "Sort Key": ["orders.o_totalprice DESC", "orders.o_orderdate"], "Sort Method": "quicksort", "Sort Space Used": 38, "Sort Space Type": "Memory", "Plans": [{"Node Type": "Aggregate", "Strategy": "Hashed", "Parent Relationship": "Outer", "Startup Cost": 2832644.53, "Total Cost": 2833907.74, "Plan Rows": 126321, "Plan Width": 59, "Actual Startup Time": 56919.279, "Actual Total Time": 56920.01, "Actual Rows": 84, "Actual Loops": 1, "Group By Key": ["orders.o_totalprice", "orders.o_orderdate", "customer.c_name", "customer.c_custkey", "orders.o_orderkey"], "Plans": [{"Node Type": "Nested Loop", "Parent Relationship": "Outer", "Join Type": "Inner", "Startup Cost": 2315054.5, "Total Cost": 2830749.71, "Plan Rows": 126321, "Plan Width": 59, "Actual Startup Time": 48330.608, "Actual Total Time": 56917.436, "Actual Rows": 588, "Actual Loops": 1, "Inner Unique": false, "Plans": [{"Node Type": "Nested Loop", "Parent Relationship": "Outer", "Join Type": "Inner", "Startup Cost": 2315054.12, "Total Cost": 2766973.56, "Plan Rows": 13913, "Plan Width": 59, "Actual Startup Time": 48330.561, "Actual Total Time": 56914.137, "Actual Rows": 84, "Actual Loops": 1, "Inner Unique": true, "Plans": [{"Node Type": "Nested Loop", "Parent Relationship": "Outer", "Join Type": "Inner", "Startup Cost": 2315053.86, "Total Cost": 2625533.23, "Plan Rows": 33034, "Plan Width": 40, "Actual Startup Time": 48330.508, "Actual Total Time": 56911.85, "Actual Rows": 84, "Actual Loops": 1, "Inner Unique": true, "Plans": [{"Node Type": "Aggregate", "Strategy": "Hashed", "Parent Relationship": "Outer", "Startup Cost": 2315050.5, "Total Cost": 2381201.11, "Plan Rows": 33034, "Plan Width": 16, "Actual Startup Time": 48330.408, "Actual Total Time": 56891.838, "Actual Rows": 84, "Actual Loops": 1, "Group By Key": ["public.lineitem.l_orderkey"], "Filter": "(sum(public.lineitem.l_quantity) > 314::double precision), (LLVM Optimized, Jit Execute)", "Rows Removed by Filter": 14999916, "Plans": [{"Node Type": "Seq Scan", "Parent Relationship": "Outer", "Relation Name": "lineitem", "Alias": "lineitem", "Startup Cost": 0.0, "Total Cost": 2015115.33, "Plan Rows": 59987033, "Plan Width": 16, "Actual Startup Time": 0.048, "Actual Total Time": 20457.825, "Actual Rows": 59986052, "Actual Loops": 1}]}, {"Node Type": "Bitmap Heap Scan", "Parent Relationship": "Inner", "Relation Name": "orders", "Alias": "orders", "Startup Cost": 3.36, "Total Cost": 7.38, "Plan Rows": 1, "Plan Width": 32, "Actual Startup Time": 3.218, "Actual Total Time": 3.218, "Actual Rows": 84, "Actual Loops": 84, "Recheck Cond": "(o_orderkey = public.lineitem.l_orderkey)", "Rows Removed by Index Recheck": 0, "Exact Heap Blocks": 84, "Lossy Heap Blocks": 84, "Plans": [{"Node Type": "Bitmap Index Scan", "Parent Relationship": "Outer", "Index Name": "orders_pkey", "Startup Cost": 0.0, "Total Cost": 3.36, "Plan Rows": 1, "Plan Width": 0, "Actual Startup Time": 2.15, "Actual Total Time": 2.15, "Actual Rows": 84, "Actual Loops": 84, "Index Cond": "(o_orderkey = public.lineitem.l_orderkey)"}]}]}, {"Node Type": "Bitmap Heap Scan", "Parent Relationship": "Inner", "Relation Name": "customer", "Alias": "customer", "Startup Cost": 0.26, "Total Cost": 4.27, "Plan Rows": 1, "Plan Width": 27, "Actual Startup Time": 1.609, "Actual Total Time": 1.609, "Actual Rows": 84, "Actual Loops": 84, "Recheck Cond": "(c_custkey = orders.o_custkey)", "Rows Removed by Index Recheck": 0, "Exact Heap Blocks": 84, "Lossy Heap Blocks": 84, "Plans": [{"Node Type": "Bitmap Index Scan", "Parent Relationship": "Outer", "Index Name": "customer_pkey", "Startup Cost": 0.0, "Total Cost": 0.26, "Plan Rows": 1, "Plan Width": 0, "Actual Startup Time": 1.008, "Actual Total Time": 1.008, "Actual Rows": 84, "Actual Loops": 84, "Index Cond": "(c_custkey = orders.o_custkey)"}]}]}, {"Node Type": "Bitmap Heap Scan", "Parent Relationship": "Inner", "Relation Name": "lineitem", "Alias": "lineitem", "Startup Cost": 0.38, "Total Cost": 4.49, "Plan Rows": 9, "Plan Width": 16, "Actual Startup Time": 2.263, "Actual Total Time": 2.445, "Actual Rows": 588, "Actual Loops": 84, "Recheck Cond": "(l_orderkey = orders.o_orderkey)", "Rows Removed by Index Recheck": 0, "Exact Heap Blocks": 96, "Lossy Heap Blocks": 96, "Plans": [{"Node Type": "Bitmap Index Scan", "Parent Relationship": "Outer", "Index Name": "idx_lineitem_orderkey", "Startup Cost": 0.0, "Total Cost": 0.38, "Plan Rows": 9, "Plan Width": 0, "Actual Startup Time": 1.423, "Actual Total Time": 1.423, "Actual Rows": 588, "Actual Loops": 84, "Index Cond": "(l_orderkey = orders.o_orderkey)"}]}]}]}]}]}, "Triggers": [], "Planner Runtime": 1.556, "Total Runtime": 56929.516, "Unique SQL Id": 1915754155}}, "(1, '119')": {"explain_plan": {"Plan": {"Node Type": "Limit", "Startup Cost": 1000324838994.8, "Total Cost": 1000324838995.05, "Plan Rows": 100, "Plan Width": 59, "Plans": [{"Node Type": "Sort", "Parent Relationship": "Outer", "Startup Cost": 1000324838994.8, "Total Cost": 1000324839310.61, "Plan Rows": 100, "Plan Width": 59, "Sort Key": ["orders.o_totalprice DESC", "orders.o_orderdate"], "Plans": [{"Node Type": "Aggregate", "Strategy": "Hashed", "Parent Relationship": "Outer", "Startup Cost": 1000324832903.7, "Total Cost": 1000324834166.91, "Plan Rows": 126321, "Plan Width": 59, "Group By Key": ["orders.o_totalprice", "orders.o_orderdate", "customer.c_name", "customer.c_custkey", "orders.o_orderkey"], "Plans": [{"Node Type": "Nested Loop", "Parent Relationship": "Outer", "Join Type": "Inner", "Startup Cost": 10000000004.0, "Total Cost": 1000324831008.88, "Plan Rows": 126321, "Plan Width": 59, "Inner Unique": false, "Plans": [{"Node Type": "Nested Loop", "Parent Relationship": "Outer", "Join Type": "Inner", "Startup Cost": 10000000003.62, "Total Cost": 1000324767232.73, "Plan Rows": 13913, "Plan Width": 59, "Inner Unique": true, "Plans": [{"Node Type": "Nested Loop", "Parent Relationship": "Outer", "Join Type": "Inner", "Startup Cost": 10000000003.36, "Total Cost": 1000324625792.4, "Plan Rows": 33034, "Plan Width": 40, "Inner Unique": true, "Plans": [{"Node Type": "Aggregate", "Strategy": "Sorted", "Parent Relationship": "Outer", "Startup Cost": 10000000000.0, "Total Cost": 1000324381460.28, "Plan Rows": 33034, "Plan Width": 24, "Group By Key": ["public.lineitem.l_orderkey"], "Filter": "(sum(public.lineitem.l_quantity) > 314::double precision), (LLVM Optimized)", "Plans": [{"Node Type": "Index Scan", "Parent Relationship": "Outer", "Scan Direction": "Forward", "Index Name": "idx_lineitem_orderkey", "Relation Name": "lineitem", "Alias": "lineitem", "Startup Cost": 10000000000.0, "Total Cost": 1000324015374.5, "Plan Rows": 59987033, "Plan Width": 16}]}, {"Node Type": "Bitmap Heap Scan", "Parent Relationship": "Inner", "Relation Name": "orders", "Alias": "orders", "Startup Cost": 3.36, "Total Cost": 7.38, "Plan Rows": 1, "Plan Width": 32, "Recheck Cond": "(o_orderkey = public.lineitem.l_orderkey)", "Plans": [{"Node Type": "Bitmap Index Scan", "Parent Relationship": "Outer", "Index Name": "orders_pkey", "Startup Cost": 0.0, "Total Cost": 3.36, "Plan Rows": 1, "Plan Width": 0, "Index Cond": "(o_orderkey = public.lineitem.l_orderkey)"}]}]}, {"Node Type": "Bitmap Heap Scan", "Parent Relationship": "Inner", "Relation Name": "customer", "Alias": "customer", "Startup Cost": 0.26, "Total Cost": 4.27, "Plan Rows": 1, "Plan Width": 27, "Recheck Cond": "(c_custkey = orders.o_custkey)", "Plans": [{"Node Type": "Bitmap Index Scan", "Parent Relationship": "Outer", "Index Name": "customer_pkey", "Startup Cost": 0.0, "Total Cost": 0.26, "Plan Rows": 1, "Plan Width": 0, "Index Cond": "(c_custkey = orders.o_custkey)"}]}]}, {"Node Type": "Bitmap Heap Scan", "Parent Relationship": "Inner", "Relation Name": "lineitem", "Alias": "lineitem", "Startup Cost": 0.38, "Total Cost": 4.49, "Plan Rows": 9, "Plan Width": 16, "Recheck Cond": "(l_orderkey = orders.o_orderkey)", "Plans": [{"Node Type": "Bitmap Index Scan", "Parent Relationship": "Outer", "Index Name": "idx_lineitem_orderkey", "Startup Cost": 0.0, "Total Cost": 0.38, "Plan Rows": 9, "Plan Width": 0, "Index Cond": "(l_orderkey = orders.o_orderkey)"}]}]}]}]}]}, "Unique SQL Id": 1915754155, "Planner Runtime": 0}, "explain_analyze_plan": {"Plan": {"Node Type": "Limit", "Startup Cost": 1000324838994.8, "Total Cost": 1000324838995.05, "Plan Rows": 100, "Plan Width": 59, "Actual Startup Time": 49544.467, "Actual Total Time": 49544.486, "Actual Rows": 84, "Actual Loops": 1, "Plans": [{"Node Type": "Sort", "Parent Relationship": "Outer", "Startup Cost": 1000324838994.8, "Total Cost": 1000324839310.61, "Plan Rows": 100, "Plan Width": 59, "Actual Startup Time": 49544.465, "Actual Total Time": 49544.474, "Actual Rows": 84, "Actual Loops": 1, "Sort Key": ["orders.o_totalprice DESC", "orders.o_orderdate"], "Sort Method": "quicksort", "Sort Space Used": 38, "Sort Space Type": "Memory", "Plans": [{"Node Type": "Aggregate", "Strategy": "Hashed", "Parent Relationship": "Outer", "Startup Cost": 1000324832903.7, "Total Cost": 1000324834166.91, "Plan Rows": 126321, "Plan Width": 59, "Actual Startup Time": 49543.984, "Actual Total Time": 49544.316, "Actual Rows": 84, "Actual Loops": 1, "Group By Key": ["orders.o_totalprice", "orders.o_orderdate", "customer.c_name", "customer.c_custkey", "orders.o_orderkey"], "Plans": [{"Node Type": "Nested Loop", "Parent Relationship": "Outer", "Join Type": "Inner", "Startup Cost": 10000000004.0, "Total Cost": 1000324831008.88, "Plan Rows": 126321, "Plan Width": 59, "Actual Startup Time": 1023.087, "Actual Total Time": 49541.154, "Actual Rows": 588, "Actual Loops": 1, "Inner Unique": false, "Plans": [{"Node Type": "Nested Loop", "Parent Relationship": "Outer", "Join Type": "Inner", "Startup Cost": 10000000003.62, "Total Cost": 1000324767232.73, "Plan Rows": 13913, "Plan Width": 59, "Actual Startup Time": 1023.067, "Actual Total Time": 49538.65, "Actual Rows": 84, "Actual Loops": 1, "Inner Unique": true, "Plans": [{"Node Type": "Nested Loop", "Parent Relationship": "Outer", "Join Type": "Inner", "Startup Cost": 10000000003.36, "Total Cost": 1000324625792.4, "Plan Rows": 33034, "Plan Width": 40, "Actual Startup Time": 1023.033, "Actual Total Time": 49536.599, "Actual Rows": 84, "Actual Loops": 1, "Inner Unique": true, "Plans": [{"Node Type": "Aggregate", "Strategy": "Sorted", "Parent Relationship": "Outer", "Startup Cost": 10000000000.0, "Total Cost": 1000324381460.28, "Plan Rows": 33034, "Plan Width": 24, "Actual Startup Time": 1022.959, "Actual Total Time": 49531.744, "Actual Rows": 84, "Actual Loops": 1, "Group By Key": ["public.lineitem.l_orderkey"], "Filter": "(sum(public.lineitem.l_quantity) > 314::double precision), (LLVM Optimized, Jit Execute)", "Rows Removed by Filter": 14999916, "Plans": [{"Node Type": "Index Scan", "Parent Relationship": "Outer", "Scan Direction": "Forward", "Index Name": "idx_lineitem_orderkey", "Relation Name": "lineitem", "Alias": "lineitem", "Startup Cost": 10000000000.0, "Total Cost": 1000324015374.5, "Plan Rows": 59987033, "Plan Width": 16, "Actual Startup Time": 0.03, "Actual Total Time": 29176.085, "Actual Rows": 59986052, "Actual Loops": 1}]}, {"Node Type": "Bitmap Heap Scan", "Parent Relationship": "Inner", "Relation Name": "orders", "Alias": "orders", "Startup Cost": 3.36, "Total Cost": 7.38, "Plan Rows": 1, "Plan Width": 32, "Actual Startup Time": 3.264, "Actual Total Time": 3.264, "Actual Rows": 84, "Actual Loops": 84, "Recheck Cond": "(o_orderkey = public.lineitem.l_orderkey)", "Rows Removed by Index Recheck": 0, "Exact Heap Blocks": 84, "Lossy Heap Blocks": 84, "Plans": [{"Node Type": "Bitmap Index Scan", "Parent Relationship": "Outer", "Index Name": "orders_pkey", "Startup Cost": 0.0, "Total Cost": 3.36, "Plan Rows": 1, "Plan Width": 0, "Actual Startup Time": 2.073, "Actual Total Time": 2.073, "Actual Rows": 84, "Actual Loops": 84, "Index Cond": "(o_orderkey = public.lineitem.l_orderkey)"}]}]}, {"Node Type": "Bitmap Heap Scan", "Parent Relationship": "Inner", "Relation Name": "customer", "Alias": "customer", "Startup Cost": 0.26, "Total Cost": 4.27, "Plan Rows": 1, "Plan Width": 27, "Actual Startup Time": 1.378, "Actual Total Time": 1.378, "Actual Rows": 84, "Actual Loops": 84, "Recheck Cond": "(c_custkey = orders.o_custkey)", "Rows Removed by Index Recheck": 0, "Exact Heap Blocks": 84, "Lossy Heap Blocks": 84, "Plans": [{"Node Type": "Bitmap Index Scan", "Parent Relationship": "Outer", "Index Name": "customer_pkey", "Startup Cost": 0.0, "Total Cost": 0.26, "Plan Rows": 1, "Plan Width": 0, "Actual Startup Time": 0.854, "Actual Total Time": 0.854, "Actual Rows": 84, "Actual Loops": 84, "Index Cond": "(c_custkey = orders.o_custkey)"}]}]}, {"Node Type": "Bitmap Heap Scan", "Parent Relationship": "Inner", "Relation Name": "lineitem", "Alias": "lineitem", "Startup Cost": 0.38, "Total Cost": 4.49, "Plan Rows": 9, "Plan Width": 16, "Actual Startup Time": 1.417, "Actual Total Time": 1.651, "Actual Rows": 588, "Actual Loops": 84, "Recheck Cond": "(l_orderkey = orders.o_orderkey)", "Rows Removed by Index Recheck": 0, "Exact Heap Blocks": 96, "Lossy Heap Blocks": 96, "Plans": [{"Node Type": "Bitmap Index Scan", "Parent Relationship": "Outer", "Index Name": "idx_lineitem_orderkey", "Startup Cost": 0.0, "Total Cost": 0.38, "Plan Rows": 9, "Plan Width": 0, "Actual Startup Time": 0.904, "Actual Total Time": 0.904, "Actual Rows": 588, "Actual Loops": 84, "Index Cond": "(l_orderkey = orders.o_orderkey)"}]}]}]}]}]}, "Triggers": [], "Planner Runtime": 1.515, "Total Runtime": 49553.909, "Unique SQL Id": 1915754155}}, "(1, '120')": {"explain_plan": {"Plan": {"Node Type": "Limit", "Startup Cost": 2649029.8, "Total Cost": 2649030.05, "Plan Rows": 100, "Plan Width": 59, "Plans": [{"Node Type": "Sort", "Parent Relationship": "Outer", "Startup Cost": 2649029.8, "Total Cost": 2649345.6, "Plan Rows": 100, "Plan Width": 59, "Sort Key": ["orders.o_totalprice DESC", "orders.o_orderdate"], "Plans": [{"Node Type": "Aggregate", "Strategy": "Hashed", "Parent Relationship": "Outer", "Startup Cost": 2642938.69, "Total Cost": 2644201.9, "Plan Rows": 126321, "Plan Width": 59, "Group By Key": ["orders.o_totalprice", "orders.o_orderdate", "customer.c_name", "customer.c_custkey", "orders.o_orderkey"], "Plans": [{"Node Type": "Nested Loop", "Parent Relationship": "Outer", "Join Type": "Inner", "Startup Cost": 2315050.5, "Total Cost": 2641043.88, "Plan Rows": 126321, "Plan Width": 59, "Inner Unique": false, "Plans": [{"Node Type": "Nested Loop", "Parent Relationship": "Outer", "Join Type": "Inner", "Startup Cost": 2315050.5, "Total Cost": 2627700.1, "Plan Rows": 13913, "Plan Width": 59, "Inner Unique": true, "Plans": [{"Node Type": "Nested Loop", "Parent Relationship": "Outer", "Join Type": "Inner", "Startup Cost": 2315050.5, "Total Cost": 2618076.97, "Plan Rows": 33034, "Plan Width": 40, "Inner Unique": true, "Plans": [{"Node Type": "Aggregate", "Strategy": "Hashed", "Parent Relationship": "Outer", "Startup Cost": 2315050.5, "Total Cost": 2381201.11, "Plan Rows": 33034, "Plan Width": 16, "Group By Key": ["public.lineitem.l_orderkey"], "Filter": "(sum(public.lineitem.l_quantity) > 314::double precision), (LLVM Optimized)", "Plans": [{"Node Type": "Seq Scan", "Parent Relationship": "Outer", "Relation Name": "lineitem", "Alias": "lineitem", "Startup Cost": 0.0, "Total Cost": 2015115.33, "Plan Rows": 59987033, "Plan Width": 16}]}, {"Node Type": "Index Scan", "Parent Relationship": "Inner", "Scan Direction": "Forward", "Index Name": "orders_pkey", "Relation Name": "orders", "Alias": "orders", "Startup Cost": 0.0, "Total Cost": 7.15, "Plan Rows": 1, "Plan Width": 32, "Index Cond": "(o_orderkey = public.lineitem.l_orderkey)"}]}, {"Node Type": "Index Scan", "Parent Relationship": "Inner", "Scan Direction": "Forward", "Index Name": "customer_pkey", "Relation Name": "customer", "Alias": "customer", "Startup Cost": 0.0, "Total Cost": 0.28, "Plan Rows": 1, "Plan Width": 27, "Index Cond": "(c_custkey = orders.o_custkey)"}]}, {"Node Type": "Index Scan", "Parent Relationship": "Inner", "Scan Direction": "Forward", "Index Name": "idx_lineitem_orderkey", "Relation Name": "lineitem", "Alias": "lineitem", "Startup Cost": 0.0, "Total Cost": 0.87, "Plan Rows": 9, "Plan Width": 16, "Index Cond": "(l_orderkey = orders.o_orderkey)"}]}]}]}]}, "Unique SQL Id": 1915754155, "Planner Runtime": 0}, "explain_analyze_plan": {"Plan": {"Node Type": "Limit", "Startup Cost": 2649029.8, "Total Cost": 2649030.05, "Plan Rows": 100, "Plan Width": 59, "Actual Startup Time": 51129.008, "Actual Total Time": 51129.027, "Actual Rows": 84, "Actual Loops": 1, "Plans": [{"Node Type": "Sort", "Parent Relationship": "Outer", "Startup Cost": 2649029.8, "Total Cost": 2649345.6, "Plan Rows": 100, "Plan Width": 59, "Actual Startup Time": 51129.006, "Actual Total Time": 51129.015, "Actual Rows": 84, "Actual Loops": 1, "Sort Key": ["orders.o_totalprice DESC", "orders.o_orderdate"], "Sort Method": "quicksort", "Sort Space Used": 38, "Sort Space Type": "Memory", "Plans": [{"Node Type": "Aggregate", "Strategy": "Hashed", "Parent Relationship": "Outer", "Startup Cost": 2642938.69, "Total Cost": 2644201.9, "Plan Rows": 126321, "Plan Width": 59, "Actual Startup Time": 51128.213, "Actual Total Time": 51128.889, "Actual Rows": 84, "Actual Loops": 1, "Group By Key": ["orders.o_totalprice", "orders.o_orderdate", "customer.c_name", "customer.c_custkey", "orders.o_orderkey"], "Plans": [{"Node Type": "Nested Loop", "Parent Relationship": "Outer", "Join Type": "Inner", "Startup Cost": 2315050.5, "Total Cost": 2641043.88, "Plan Rows": 126321, "Plan Width": 59, "Actual Startup Time": 46173.798, "Actual Total Time": 51126.311, "Actual Rows": 588, "Actual Loops": 1, "Inner Unique": false, "Plans": [{"Node Type": "Nested Loop", "Parent Relationship": "Outer", "Join Type": "Inner", "Startup Cost": 2315050.5, "Total Cost": 2627700.1, "Plan Rows": 13913, "Plan Width": 59, "Actual Startup Time": 46173.775, "Actual Total Time": 51124.263, "Actual Rows": 84, "Actual Loops": 1, "Inner Unique": true, "Plans": [{"Node Type": "Nested Loop", "Parent Relationship": "Outer", "Join Type": "Inner", "Startup Cost": 2315050.5, "Total Cost": 2618076.97, "Plan Rows": 33034, "Plan Width": 40, "Actual Startup Time": 46173.751, "Actual Total Time": 51122.995, "Actual Rows": 84, "Actual Loops": 1, "Inner Unique": true, "Plans": [{"Node Type": "Aggregate", "Strategy": "Hashed", "Parent Relationship": "Outer", "Startup Cost": 2315050.5, "Total Cost": 2381201.11, "Plan Rows": 33034, "Plan Width": 16, "Actual Startup Time": 46173.686, "Actual Total Time": 51106.177, "Actual Rows": 84, "Actual Loops": 1, "Group By Key": ["public.lineitem.l_orderkey"], "Filter": "(sum(public.lineitem.l_quantity) > 314::double precision), (LLVM Optimized, Jit Execute)", "Rows Removed by Filter": 14999916, "Plans": [{"Node Type": "Seq Scan", "Parent Relationship": "Outer", "Relation Name": "lineitem", "Alias": "lineitem", "Startup Cost": 0.0, "Total Cost": 2015115.33, "Plan Rows": 59987033, "Plan Width": 16, "Actual Startup Time": 0.043, "Actual Total Time": 19975.008, "Actual Rows": 59986052, "Actual Loops": 1}]}, {"Node Type": "Index Scan", "Parent Relationship": "Inner", "Scan Direction": "Forward", "Index Name": "orders_pkey", "Relation Name": "orders", "Alias": "orders", "Startup Cost": 0.0, "Total Cost": 7.15, "Plan Rows": 1, "Plan Width": 32, "Actual Startup Time": 2.93, "Actual Total Time": 2.93, "Actual Rows": 84, "Actual Loops": 84, "Index Cond": "(o_orderkey = public.lineitem.l_orderkey)", "Rows Removed by Index Recheck": 0}]}, {"Node Type": "Index Scan", "Parent Relationship": "Inner", "Scan Direction": "Forward", "Index Name": "customer_pkey", "Relation Name": "customer", "Alias": "customer", "Startup Cost": 0.0, "Total Cost": 0.28, "Plan Rows": 1, "Plan Width": 27, "Actual Startup Time": 0.906, "Actual Total Time": 0.906, "Actual Rows": 84, "Actual Loops": 84, "Index Cond": "(c_custkey = orders.o_custkey)", "Rows Removed by Index Recheck": 0}]}, {"Node Type": "Index Scan", "Parent Relationship": "Inner", "Scan Direction": "Forward", "Index Name": "idx_lineitem_orderkey", "Relation Name": "lineitem", "Alias": "lineitem", "Startup Cost": 0.0, "Total Cost": 0.87, "Plan Rows": 9, "Plan Width": 16, "Actual Startup Time": 1.165, "Actual Total Time": 1.622, "Actual Rows": 588, "Actual Loops": 84, "Index Cond": "(l_orderkey = orders.o_orderkey)", "Rows Removed by Index Recheck": 0}]}]}]}]}, "Triggers": [], "Planner Runtime": 1.711, "Total Runtime": 51138.586, "Unique SQL Id": 1915754155}}, "(1, '121')": {"explain_plan": {"Plan": {"Node Type": "Limit", "Startup Cost": 3874068.21, "Total Cost": 3874068.46, "Plan Rows": 100, "Plan Width": 59, "Plans": [{"Node Type": "Sort", "Parent Relationship": "Outer", "Startup Cost": 3874068.21, "Total Cost": 3874384.02, "Plan Rows": 100, "Plan Width": 59, "Sort Key": ["orders.o_totalprice DESC", "orders.o_orderdate"], "Plans": [{"Node Type": "Aggregate", "Strategy": "Hashed", "Parent Relationship": "Outer", "Startup Cost": 3867977.11, "Total Cost": 3869240.32, "Plan Rows": 126321, "Plan Width": 59, "Group By Key": ["orders.o_totalprice", "orders.o_orderdate", "customer.c_name", "customer.c_custkey", "orders.o_orderkey"], "Plans": [{"Node Type": "Nested Loop", "Parent Relationship": "Outer", "Join Type": "Inner", "Startup Cost": 0.0, "Total Cost": 3866082.29, "Plan Rows": 126321, "Plan Width": 59, "Inner Unique": false, "Plans": [{"Node Type": "Nested Loop", "Parent Relationship": "Outer", "Join Type": "Inner", "Startup Cost": 0.0, "Total Cost": 3852738.51, "Plan Rows": 13913, "Plan Width": 59, "Inner Unique": true, "Plans": [{"Node Type": "Nested Loop", "Parent Relationship": "Outer", "Join Type": "Inner", "Startup Cost": 0.0, "Total Cost": 3843115.38, "Plan Rows": 33034, "Plan Width": 40, "Inner Unique": true, "Plans": [{"Node Type": "Aggregate", "Strategy": "Sorted", "Parent Relationship": "Outer", "Startup Cost": 0.0, "Total Cost": 3606239.52, "Plan Rows": 33034, "Plan Width": 24, "Group By Key": ["public.lineitem.l_orderkey"], "Filter": "(sum(public.lineitem.l_quantity) > 314::double precision), (LLVM Optimized)", "Plans": [{"Node Type": "Index Scan", "Parent Relationship": "Outer", "Scan Direction": "Forward", "Index Name": "idx_lineitem_orderkey", "Relation Name": "lineitem", "Alias": "lineitem", "Startup Cost": 0.0, "Total Cost": 3240153.75, "Plan Rows": 59987033, "Plan Width": 16}]}, {"Node Type": "Index Scan", "Parent Relationship": "Inner", "Scan Direction": "Forward", "Index Name": "orders_pkey", "Relation Name": "orders", "Alias": "orders", "Startup Cost": 0.0, "Total Cost": 7.15, "Plan Rows": 1, "Plan Width": 32, "Index Cond": "(o_orderkey = public.lineitem.l_orderkey)"}]}, {"Node Type": "Index Scan", "Parent Relationship": "Inner", "Scan Direction": "Forward", "Index Name": "customer_pkey", "Relation Name": "customer", "Alias": "customer", "Startup Cost": 0.0, "Total Cost": 0.28, "Plan Rows": 1, "Plan Width": 27, "Index Cond": "(c_custkey = orders.o_custkey)"}]}, {"Node Type": "Index Scan", "Parent Relationship": "Inner", "Scan Direction": "Forward", "Index Name": "idx_lineitem_orderkey", "Relation Name": "lineitem", "Alias": "lineitem", "Startup Cost": 0.0, "Total Cost": 0.87, "Plan Rows": 9, "Plan Width": 16, "Index Cond": "(l_orderkey = orders.o_orderkey)"}]}]}]}]}, "Unique SQL Id": 1915754155, "Planner Runtime": 0}, "explain_analyze_plan": {"Plan": {"Node Type": "Limit", "Startup Cost": 3874068.21, "Total Cost": 3874068.46, "Plan Rows": 100, "Plan Width": 59, "Actual Startup Time": 50695.002, "Actual Total Time": 50695.017, "Actual Rows": 84, "Actual Loops": 1, "Plans": [{"Node Type": "Sort", "Parent Relationship": "Outer", "Startup Cost": 3874068.21, "Total Cost": 3874384.02, "Plan Rows": 100, "Plan Width": 59, "Actual Startup Time": 50695.0, "Actual Total Time": 50695.004, "Actual Rows": 84, "Actual Loops": 1, "Sort Key": ["orders.o_totalprice DESC", "orders.o_orderdate"], "Sort Method": "quicksort", "Sort Space Used": 38, "Sort Space Type": "Memory", "Plans": [{"Node Type": "Aggregate", "Strategy": "Hashed", "Parent Relationship": "Outer", "Startup Cost": 3867977.11, "Total Cost": 3869240.32, "Plan Rows": 126321, "Plan Width": 59, "Actual Startup Time": 50694.487, "Actual Total Time": 50694.852, "Actual Rows": 84, "Actual Loops": 1, "Group By Key": ["orders.o_totalprice", "orders.o_orderdate", "customer.c_name", "customer.c_custkey", "orders.o_orderkey"], "Plans": [{"Node Type": "Nested Loop", "Parent Relationship": "Outer", "Join Type": "Inner", "Startup Cost": 0.0, "Total Cost": 3866082.29, "Plan Rows": 126321, "Plan Width": 59, "Actual Startup Time": 1159.494, "Actual Total Time": 50691.109, "Actual Rows": 588, "Actual Loops": 1, "Inner Unique": false, "Plans": [{"Node Type": "Nested Loop", "Parent Relationship": "Outer", "Join Type": "Inner", "Startup Cost": 0.0, "Total Cost": 3852738.51, "Plan Rows": 13913, "Plan Width": 59, "Actual Startup Time": 1159.473, "Actual Total Time": 50688.867, "Actual Rows": 84, "Actual Loops": 1, "Inner Unique": true, "Plans": [{"Node Type": "Nested Loop", "Parent Relationship": "Outer", "Join Type": "Inner", "Startup Cost": 0.0, "Total Cost": 3843115.38, "Plan Rows": 33034, "Plan Width": 40, "Actual Startup Time": 1159.448, "Actual Total Time": 50687.006, "Actual Rows": 84, "Actual Loops": 1, "Inner Unique": true, "Plans": [{"Node Type": "Aggregate", "Strategy": "Sorted", "Parent Relationship": "Outer", "Startup Cost": 0.0, "Total Cost": 3606239.52, "Plan Rows": 33034, "Plan Width": 24, "Actual Startup Time": 1159.408, "Actual Total Time": 50684.063, "Actual Rows": 84, "Actual Loops": 1, "Group By Key": ["public.lineitem.l_orderkey"], "Filter": "(sum(public.lineitem.l_quantity) > 314::double precision), (LLVM Optimized, Jit Execute)", "Rows Removed by Filter": 14999916, "Plans": [{"Node Type": "Index Scan", "Parent Relationship": "Outer", "Scan Direction": "Forward", "Index Name": "idx_lineitem_orderkey", "Relation Name": "lineitem", "Alias": "lineitem", "Startup Cost": 0.0, "Total Cost": 3240153.75, "Plan Rows": 59987033, "Plan Width": 16, "Actual Startup Time": 0.029, "Actual Total Time": 30275.076, "Actual Rows": 59986052, "Actual Loops": 1}]}, {"Node Type": "Index Scan", "Parent Relationship": "Inner", "Scan Direction": "Forward", "Index Name": "orders_pkey", "Relation Name": "orders", "Alias": "orders", "Startup Cost": 0.0, "Total Cost": 7.15, "Plan Rows": 1, "Plan Width": 32, "Actual Startup Time": 1.994, "Actual Total Time": 1.994, "Actual Rows": 84, "Actual Loops": 84, "Index Cond": "(o_orderkey = public.lineitem.l_orderkey)", "Rows Removed by Index Recheck": 0}]}, {"Node Type": "Index Scan", "Parent Relationship": "Inner", "Scan Direction": "Forward", "Index Name": "customer_pkey", "Relation Name": "customer", "Alias": "customer", "Startup Cost": 0.0, "Total Cost": 0.28, "Plan Rows": 1, "Plan Width": 27, "Actual Startup Time": 1.278, "Actual Total Time": 1.278, "Actual Rows": 84, "Actual Loops": 84, "Index Cond": "(c_custkey = orders.o_custkey)", "Rows Removed by Index Recheck": 0}]}, {"Node Type": "Index Scan", "Parent Relationship": "Inner", "Scan Direction": "Forward", "Index Name": "idx_lineitem_orderkey", "Relation Name": "lineitem", "Alias": "lineitem", "Startup Cost": 0.0, "Total Cost": 0.87, "Plan Rows": 9, "Plan Width": 16, "Actual Startup Time": 0.938, "Actual Total Time": 1.562, "Actual Rows": 588, "Actual Loops": 84, "Index Cond": "(l_orderkey = orders.o_orderkey)", "Rows Removed by Index Recheck": 0}]}]}]}]}, "Triggers": [], "Planner Runtime": 1.698, "Total Runtime": 50704.506, "Unique SQL Id": 1915754155}}, "(1, '122')": {"explain_plan": {"Plan": {"Node Type": "Limit", "Startup Cost": 20699534063.67, "Total Cost": 20699534063.92, "Plan Rows": 100, "Plan Width": 59, "Plans": [{"Node Type": "Sort", "Parent Relationship": "Outer", "Startup Cost": 20699534063.67, "Total Cost": 20699534379.47, "Plan Rows": 100, "Plan Width": 59, "Sort Key": ["orders.o_totalprice DESC", "orders.o_orderdate"], "Plans": [{"Node Type": "Aggregate", "Strategy": "Hashed", "Parent Relationship": "Outer", "Startup Cost": 20699527972.56, "Total Cost": 20699529235.77, "Plan Rows": 126321, "Plan Width": 59, "Group By Key": ["orders.o_totalprice", "orders.o_orderdate", "customer.c_name", "customer.c_custkey", "orders.o_orderkey"], "Plans": [{"Node Type": "Nested Loop", "Parent Relationship": "Outer", "Join Type": "Inner", "Startup Cost": 2315050.5, "Total Cost": 20699526077.75, "Plan Rows": 126321, "Plan Width": 59, "Inner Unique": false, "Join Filter": "(orders.o_orderkey = public.lineitem.l_orderkey), (LLVM Optimized)", "Plans": [{"Node Type": "Seq Scan", "Parent Relationship": "Outer", "Relation Name": "lineitem", "Alias": "lineitem", "Startup Cost": 0.0, "Total Cost": 2015115.33, "Plan Rows": 59987033, "Plan Width": 16}, {"Node Type": "Materialize", "Parent Relationship": "Inner", "Startup Cost": 2315050.5, "Total Cost": 8178517145.27, "Plan Rows": 13913, "Plan Width": 59, "Plans": [{"Node Type": "Nested Loop", "Parent Relationship": "Outer", "Join Type": "Inner", "Startup Cost": 2315050.5, "Total Cost": 8178517075.7, "Plan Rows": 13913, "Plan Width": 59, "Inner Unique": false, "Join Filter": "(orders.o_custkey = customer.c_custkey)", "Plans": [{"Node Type": "Seq Scan", "Parent Relationship": "Outer", "Relation Name": "customer", "Alias": "customer", "Startup Cost": 0.0, "Total Cost": 52126.0, "Plan Rows": 1500000, "Plan Width": 27}, {"Node Type": "Materialize", "Parent Relationship": "Inner", "Startup Cost": 2315050.5, "Total Cost": 7435200032.29, "Plan Rows": 33034, "Plan Width": 40, "Plans": [{"Node Type": "Nested Loop", "Parent Relationship": "Outer", "Join Type": "Semi", "Startup Cost": 2315050.5, "Total Cost": 7435199867.12, "Plan Rows": 33034, "Plan Width": 40, "Inner Unique": false, "Join Filter": "(orders.o_orderkey = public.lineitem.l_orderkey)", "Plans": [{"Node Type": "Seq Scan", "Parent Relationship": "Outer", "Relation Name": "orders", "Alias": "orders", "Startup Cost": 0.0, "Total Cost": 426413.79, "Plan Rows": 14999479, "Plan Width": 32}, {"Node Type": "Materialize", "Parent Relationship": "Inner", "Startup Cost": 2315050.5, "Total Cost": 2381696.62, "Plan Rows": 33034, "Plan Width": 8, "Plans": [{"Node Type": "Aggregate", "Strategy": "Hashed", "Parent Relationship": "Outer", "Startup Cost": 2315050.5, "Total Cost": 2381201.11, "Plan Rows": 33034, "Plan Width": 16, "Group By Key": ["public.lineitem.l_orderkey"], "Filter": "(sum(public.lineitem.l_quantity) > 314::double precision), (LLVM Optimized)", "Plans": [{"Node Type": "Seq Scan", "Parent Relationship": "Outer", "Relation Name": "lineitem", "Alias": "lineitem", "Startup Cost": 0.0, "Total Cost": 2015115.33, "Plan Rows": 59987033, "Plan Width": 16}]}]}]}]}]}]}]}]}]}]}, "Unique SQL Id": 1915754155, "Planner Runtime": 0}, "explain_analyze_plan": null}, "(1, '123')": {"explain_plan": {"Plan": {"Node Type": "Limit", "Startup Cost": 4021424234088.76, "Total Cost": 4021424234089.01, "Plan Rows": 100, "Plan Width": 59, "Plans": [{"Node Type": "Sort", "Parent Relationship": "Outer", "Startup Cost": 4021424234088.76, "Total Cost": 4021424234404.56, "Plan Rows": 100, "Plan Width": 59, "Sort Key": ["orders.o_totalprice DESC", "orders.o_orderdate"], "Plans": [{"Node Type": "Aggregate", "Strategy": "Hashed", "Parent Relationship": "Outer", "Startup Cost": 4021424227997.65, "Total Cost": 4021424229260.86, "Plan Rows": 126321, "Plan Width": 59, "Group By Key": ["orders.o_totalprice", "orders.o_orderdate", "customer.c_name", "customer.c_custkey", "orders.o_orderkey"], "Plans": [{"Node Type": "Nested Loop", "Parent Relationship": "Outer", "Join Type": "Inner", "Startup Cost": 40000000000.0, "Total Cost": 4021424226102.83, "Plan Rows": 126321, "Plan Width": 59, "Inner Unique": false, "Join Filter": "(orders.o_orderkey = public.lineitem.l_orderkey), (LLVM Optimized)", "Plans": [{"Node Type": "Index Scan", "Parent Relationship": "Outer", "Scan Direction": "Forward", "Index Name": "idx_lineitem_orderkey", "Relation Name": "lineitem", "Alias": "lineitem", "Startup Cost": 10000000000.0, "Total Cost": 1000324015374.5, "Plan Rows": 59987033, "Plan Width": 16}, {"Node Type": "Materialize", "Parent Relationship": "Inner", "Startup Cost": 30000000000.0, "Total Cost": 3008581216911.18, "Plan Rows": 13913, "Plan Width": 59, "Plans": [{"Node Type": "Nested Loop", "Parent Relationship": "Outer", "Join Type": "Inner", "Startup Cost": 30000000000.0, "Total Cost": 3008581216841.62, "Plan Rows": 13913, "Plan Width": 59, "Inner Unique": true, "Join Filter": "(orders.o_custkey = customer.c_custkey)", "Plans": [{"Node Type": "Nested Loop", "Parent Relationship": "Outer", "Join Type": "Semi", "Startup Cost": 20000000000.0, "Total Cost": 2007829871555.99, "Plan Rows": 33034, "Plan Width": 40, "Inner Unique": false, "Join Filter": "(orders.o_orderkey = public.lineitem.l_orderkey)", "Plans": [{"Node Type": "Index Scan", "Parent Relationship": "Outer", "Scan Direction": "Forward", "Index Name": "orders_pkey", "Relation Name": "orders", "Alias": "orders", "Startup Cost": 10000000000.0, "Total Cost": 1000073097843.5, "Plan Rows": 14999479, "Plan Width": 32}, {"Node Type": "Materialize", "Parent Relationship": "Inner", "Startup Cost": 10000000000.0, "Total Cost": 1000324381955.79, "Plan Rows": 33034, "Plan Width": 8, "Plans": [{"Node Type": "Aggregate", "Strategy": "Sorted", "Parent Relationship": "Outer", "Startup Cost": 10000000000.0, "Total Cost": 1000324381460.28, "Plan Rows": 33034, "Plan Width": 24, "Group By Key": ["public.lineitem.l_orderkey"], "Filter": "(sum(public.lineitem.l_quantity) > 314::double precision), (LLVM Optimized)", "Plans": [{"Node Type": "Index Scan", "Parent Relationship": "Outer", "Scan Direction": "Forward", "Index Name": "idx_lineitem_orderkey", "Relation Name": "lineitem", "Alias": "lineitem", "Startup Cost": 10000000000.0, "Total Cost": 1000324015374.5, "Plan Rows": 59987033, "Plan Width": 16}]}]}]}, {"Node Type": "Materialize", "Parent Relationship": "Inner", "Startup Cost": 10000000000.0, "Total Cost": 1000008084035.62, "Plan Rows": 1500000, "Plan Width": 27, "Plans": [{"Node Type": "Index Scan", "Parent Relationship": "Outer", "Scan Direction": "Forward", "Index Name": "customer_pkey", "Relation Name": "customer", "Alias": "customer", "Startup Cost": 10000000000.0, "Total Cost": 1000008076535.62, "Plan Rows": 1500000, "Plan Width": 27}]}]}]}]}]}]}]}, "Unique SQL Id": 1915754155, "Planner Runtime": 0}, "explain_analyze_plan": null}, "(1, '124')": {"explain_plan": {"Plan": {"Node Type": "Limit", "Startup Cost": 2649029.8, "Total Cost": 2649030.05, "Plan Rows": 100, "Plan Width": 59, "Plans": [{"Node Type": "Sort", "Parent Relationship": "Outer", "Startup Cost": 2649029.8, "Total Cost": 2649345.6, "Plan Rows": 100, "Plan Width": 59, "Sort Key": ["orders.o_totalprice DESC", "orders.o_orderdate"], "Plans": [{"Node Type": "Aggregate", "Strategy": "Hashed", "Parent Relationship": "Outer", "Startup Cost": 2642938.69, "Total Cost": 2644201.9, "Plan Rows": 126321, "Plan Width": 59, "Group By Key": ["orders.o_totalprice", "orders.o_orderdate", "customer.c_name", "customer.c_custkey", "orders.o_orderkey"], "Plans": [{"Node Type": "Nested Loop", "Parent Relationship": "Outer", "Join Type": "Inner", "Startup Cost": 2315050.5, "Total Cost": 2641043.88, "Plan Rows": 126321, "Plan Width": 59, "Inner Unique": false, "Plans": [{"Node Type": "Nested Loop", "Parent Relationship": "Outer", "Join Type": "Inner", "Startup Cost": 2315050.5, "Total Cost": 2627700.1, "Plan Rows": 13913, "Plan Width": 59, "Inner Unique": true, "Plans": [{"Node Type": "Nested Loop", "Parent Relationship": "Outer", "Join Type": "Inner", "Startup Cost": 2315050.5, "Total Cost": 2618076.97, "Plan Rows": 33034, "Plan Width": 40, "Inner Unique": true, "Plans": [{"Node Type": "Aggregate", "Strategy": "Hashed", "Parent Relationship": "Outer", "Startup Cost": 2315050.5, "Total Cost": 2381201.11, "Plan Rows": 33034, "Plan Width": 16, "Group By Key": ["public.lineitem.l_orderkey"], "Filter": "(sum(public.lineitem.l_quantity) > 314::double precision), (LLVM Optimized)", "Plans": [{"Node Type": "Seq Scan", "Parent Relationship": "Outer", "Relation Name": "lineitem", "Alias": "lineitem", "Startup Cost": 0.0, "Total Cost": 2015115.33, "Plan Rows": 59987033, "Plan Width": 16}]}, {"Node Type": "Index Scan", "Parent Relationship": "Inner", "Scan Direction": "Forward", "Index Name": "orders_pkey", "Relation Name": "orders", "Alias": "orders", "Startup Cost": 0.0, "Total Cost": 7.15, "Plan Rows": 1, "Plan Width": 32, "Index Cond": "(o_orderkey = public.lineitem.l_orderkey)"}]}, {"Node Type": "Index Scan", "Parent Relationship": "Inner", "Scan Direction": "Forward", "Index Name": "customer_pkey", "Relation Name": "customer", "Alias": "customer", "Startup Cost": 0.0, "Total Cost": 0.28, "Plan Rows": 1, "Plan Width": 27, "Index Cond": "(c_custkey = orders.o_custkey)"}]}, {"Node Type": "Index Scan", "Parent Relationship": "Inner", "Scan Direction": "Forward", "Index Name": "idx_lineitem_orderkey", "Relation Name": "lineitem", "Alias": "lineitem", "Startup Cost": 0.0, "Total Cost": 0.87, "Plan Rows": 9, "Plan Width": 16, "Index Cond": "(l_orderkey = orders.o_orderkey)"}]}]}]}]}, "Unique SQL Id": 1915754155, "Planner Runtime": 0}, "explain_analyze_plan": {"Plan": {"Node Type": "Limit", "Startup Cost": 2649029.8, "Total Cost": 2649030.05, "Plan Rows": 100, "Plan Width": 59, "Actual Startup Time": 51129.008, "Actual Total Time": 51129.027, "Actual Rows": 84, "Actual Loops": 1, "Plans": [{"Node Type": "Sort", "Parent Relationship": "Outer", "Startup Cost": 2649029.8, "Total Cost": 2649345.6, "Plan Rows": 100, "Plan Width": 59, "Actual Startup Time": 51129.006, "Actual Total Time": 51129.015, "Actual Rows": 84, "Actual Loops": 1, "Sort Key": ["orders.o_totalprice DESC", "orders.o_orderdate"], "Sort Method": "quicksort", "Sort Space Used": 38, "Sort Space Type": "Memory", "Plans": [{"Node Type": "Aggregate", "Strategy": "Hashed", "Parent Relationship": "Outer", "Startup Cost": 2642938.69, "Total Cost": 2644201.9, "Plan Rows": 126321, "Plan Width": 59, "Actual Startup Time": 51128.213, "Actual Total Time": 51128.889, "Actual Rows": 84, "Actual Loops": 1, "Group By Key": ["orders.o_totalprice", "orders.o_orderdate", "customer.c_name", "customer.c_custkey", "orders.o_orderkey"], "Plans": [{"Node Type": "Nested Loop", "Parent Relationship": "Outer", "Join Type": "Inner", "Startup Cost": 2315050.5, "Total Cost": 2641043.88, "Plan Rows": 126321, "Plan Width": 59, "Actual Startup Time": 46173.798, "Actual Total Time": 51126.311, "Actual Rows": 588, "Actual Loops": 1, "Inner Unique": false, "Plans": [{"Node Type": "Nested Loop", "Parent Relationship": "Outer", "Join Type": "Inner", "Startup Cost": 2315050.5, "Total Cost": 2627700.1, "Plan Rows": 13913, "Plan Width": 59, "Actual Startup Time": 46173.775, "Actual Total Time": 51124.263, "Actual Rows": 84, "Actual Loops": 1, "Inner Unique": true, "Plans": [{"Node Type": "Nested Loop", "Parent Relationship": "Outer", "Join Type": "Inner", "Startup Cost": 2315050.5, "Total Cost": 2618076.97, "Plan Rows": 33034, "Plan Width": 40, "Actual Startup Time": 46173.751, "Actual Total Time": 51122.995, "Actual Rows": 84, "Actual Loops": 1, "Inner Unique": true, "Plans": [{"Node Type": "Aggregate", "Strategy": "Hashed", "Parent Relationship": "Outer", "Startup Cost": 2315050.5, "Total Cost": 2381201.11, "Plan Rows": 33034, "Plan Width": 16, "Actual Startup Time": 46173.686, "Actual Total Time": 51106.177, "Actual Rows": 84, "Actual Loops": 1, "Group By Key": ["public.lineitem.l_orderkey"], "Filter": "(sum(public.lineitem.l_quantity) > 314::double precision), (LLVM Optimized, Jit Execute)", "Rows Removed by Filter": 14999916, "Plans": [{"Node Type": "Seq Scan", "Parent Relationship": "Outer", "Relation Name": "lineitem", "Alias": "lineitem", "Startup Cost": 0.0, "Total Cost": 2015115.33, "Plan Rows": 59987033, "Plan Width": 16, "Actual Startup Time": 0.043, "Actual Total Time": 19975.008, "Actual Rows": 59986052, "Actual Loops": 1}]}, {"Node Type": "Index Scan", "Parent Relationship": "Inner", "Scan Direction": "Forward", "Index Name": "orders_pkey", "Relation Name": "orders", "Alias": "orders", "Startup Cost": 0.0, "Total Cost": 7.15, "Plan Rows": 1, "Plan Width": 32, "Actual Startup Time": 2.93, "Actual Total Time": 2.93, "Actual Rows": 84, "Actual Loops": 84, "Index Cond": "(o_orderkey = public.lineitem.l_orderkey)", "Rows Removed by Index Recheck": 0}]}, {"Node Type": "Index Scan", "Parent Relationship": "Inner", "Scan Direction": "Forward", "Index Name": "customer_pkey", "Relation Name": "customer", "Alias": "customer", "Startup Cost": 0.0, "Total Cost": 0.28, "Plan Rows": 1, "Plan Width": 27, "Actual Startup Time": 0.906, "Actual Total Time": 0.906, "Actual Rows": 84, "Actual Loops": 84, "Index Cond": "(c_custkey = orders.o_custkey)", "Rows Removed by Index Recheck": 0}]}, {"Node Type": "Index Scan", "Parent Relationship": "Inner", "Scan Direction": "Forward", "Index Name": "idx_lineitem_orderkey", "Relation Name": "lineitem", "Alias": "lineitem", "Startup Cost": 0.0, "Total Cost": 0.87, "Plan Rows": 9, "Plan Width": 16, "Actual Startup Time": 1.165, "Actual Total Time": 1.622, "Actual Rows": 588, "Actual Loops": 84, "Index Cond": "(l_orderkey = orders.o_orderkey)", "Rows Removed by Index Recheck": 0}]}]}]}]}, "Triggers": [], "Planner Runtime": 1.711, "Total Runtime": 51138.586, "Unique SQL Id": 1915754155}}, "(1, '125')": {"explain_plan": {"Plan": {"Node Type": "Limit", "Startup Cost": 3874068.21, "Total Cost": 3874068.46, "Plan Rows": 100, "Plan Width": 59, "Plans": [{"Node Type": "Sort", "Parent Relationship": "Outer", "Startup Cost": 3874068.21, "Total Cost": 3874384.02, "Plan Rows": 100, "Plan Width": 59, "Sort Key": ["orders.o_totalprice DESC", "orders.o_orderdate"], "Plans": [{"Node Type": "Aggregate", "Strategy": "Hashed", "Parent Relationship": "Outer", "Startup Cost": 3867977.11, "Total Cost": 3869240.32, "Plan Rows": 126321, "Plan Width": 59, "Group By Key": ["orders.o_totalprice", "orders.o_orderdate", "customer.c_name", "customer.c_custkey", "orders.o_orderkey"], "Plans": [{"Node Type": "Nested Loop", "Parent Relationship": "Outer", "Join Type": "Inner", "Startup Cost": 0.0, "Total Cost": 3866082.29, "Plan Rows": 126321, "Plan Width": 59, "Inner Unique": false, "Plans": [{"Node Type": "Nested Loop", "Parent Relationship": "Outer", "Join Type": "Inner", "Startup Cost": 0.0, "Total Cost": 3852738.51, "Plan Rows": 13913, "Plan Width": 59, "Inner Unique": true, "Plans": [{"Node Type": "Nested Loop", "Parent Relationship": "Outer", "Join Type": "Inner", "Startup Cost": 0.0, "Total Cost": 3843115.38, "Plan Rows": 33034, "Plan Width": 40, "Inner Unique": true, "Plans": [{"Node Type": "Aggregate", "Strategy": "Sorted", "Parent Relationship": "Outer", "Startup Cost": 0.0, "Total Cost": 3606239.52, "Plan Rows": 33034, "Plan Width": 24, "Group By Key": ["public.lineitem.l_orderkey"], "Filter": "(sum(public.lineitem.l_quantity) > 314::double precision), (LLVM Optimized)", "Plans": [{"Node Type": "Index Scan", "Parent Relationship": "Outer", "Scan Direction": "Forward", "Index Name": "idx_lineitem_orderkey", "Relation Name": "lineitem", "Alias": "lineitem", "Startup Cost": 0.0, "Total Cost": 3240153.75, "Plan Rows": 59987033, "Plan Width": 16}]}, {"Node Type": "Index Scan", "Parent Relationship": "Inner", "Scan Direction": "Forward", "Index Name": "orders_pkey", "Relation Name": "orders", "Alias": "orders", "Startup Cost": 0.0, "Total Cost": 7.15, "Plan Rows": 1, "Plan Width": 32, "Index Cond": "(o_orderkey = public.lineitem.l_orderkey)"}]}, {"Node Type": "Index Scan", "Parent Relationship": "Inner", "Scan Direction": "Forward", "Index Name": "customer_pkey", "Relation Name": "customer", "Alias": "customer", "Startup Cost": 0.0, "Total Cost": 0.28, "Plan Rows": 1, "Plan Width": 27, "Index Cond": "(c_custkey = orders.o_custkey)"}]}, {"Node Type": "Index Scan", "Parent Relationship": "Inner", "Scan Direction": "Forward", "Index Name": "idx_lineitem_orderkey", "Relation Name": "lineitem", "Alias": "lineitem", "Startup Cost": 0.0, "Total Cost": 0.87, "Plan Rows": 9, "Plan Width": 16, "Index Cond": "(l_orderkey = orders.o_orderkey)"}]}]}]}]}, "Unique SQL Id": 1915754155, "Planner Runtime": 0}, "explain_analyze_plan": {"Plan": {"Node Type": "Limit", "Startup Cost": 3874068.21, "Total Cost": 3874068.46, "Plan Rows": 100, "Plan Width": 59, "Actual Startup Time": 50695.002, "Actual Total Time": 50695.017, "Actual Rows": 84, "Actual Loops": 1, "Plans": [{"Node Type": "Sort", "Parent Relationship": "Outer", "Startup Cost": 3874068.21, "Total Cost": 3874384.02, "Plan Rows": 100, "Plan Width": 59, "Actual Startup Time": 50695.0, "Actual Total Time": 50695.004, "Actual Rows": 84, "Actual Loops": 1, "Sort Key": ["orders.o_totalprice DESC", "orders.o_orderdate"], "Sort Method": "quicksort", "Sort Space Used": 38, "Sort Space Type": "Memory", "Plans": [{"Node Type": "Aggregate", "Strategy": "Hashed", "Parent Relationship": "Outer", "Startup Cost": 3867977.11, "Total Cost": 3869240.32, "Plan Rows": 126321, "Plan Width": 59, "Actual Startup Time": 50694.487, "Actual Total Time": 50694.852, "Actual Rows": 84, "Actual Loops": 1, "Group By Key": ["orders.o_totalprice", "orders.o_orderdate", "customer.c_name", "customer.c_custkey", "orders.o_orderkey"], "Plans": [{"Node Type": "Nested Loop", "Parent Relationship": "Outer", "Join Type": "Inner", "Startup Cost": 0.0, "Total Cost": 3866082.29, "Plan Rows": 126321, "Plan Width": 59, "Actual Startup Time": 1159.494, "Actual Total Time": 50691.109, "Actual Rows": 588, "Actual Loops": 1, "Inner Unique": false, "Plans": [{"Node Type": "Nested Loop", "Parent Relationship": "Outer", "Join Type": "Inner", "Startup Cost": 0.0, "Total Cost": 3852738.51, "Plan Rows": 13913, "Plan Width": 59, "Actual Startup Time": 1159.473, "Actual Total Time": 50688.867, "Actual Rows": 84, "Actual Loops": 1, "Inner Unique": true, "Plans": [{"Node Type": "Nested Loop", "Parent Relationship": "Outer", "Join Type": "Inner", "Startup Cost": 0.0, "Total Cost": 3843115.38, "Plan Rows": 33034, "Plan Width": 40, "Actual Startup Time": 1159.448, "Actual Total Time": 50687.006, "Actual Rows": 84, "Actual Loops": 1, "Inner Unique": true, "Plans": [{"Node Type": "Aggregate", "Strategy": "Sorted", "Parent Relationship": "Outer", "Startup Cost": 0.0, "Total Cost": 3606239.52, "Plan Rows": 33034, "Plan Width": 24, "Actual Startup Time": 1159.408, "Actual Total Time": 50684.063, "Actual Rows": 84, "Actual Loops": 1, "Group By Key": ["public.lineitem.l_orderkey"], "Filter": "(sum(public.lineitem.l_quantity) > 314::double precision), (LLVM Optimized, Jit Execute)", "Rows Removed by Filter": 14999916, "Plans": [{"Node Type": "Index Scan", "Parent Relationship": "Outer", "Scan Direction": "Forward", "Index Name": "idx_lineitem_orderkey", "Relation Name": "lineitem", "Alias": "lineitem", "Startup Cost": 0.0, "Total Cost": 3240153.75, "Plan Rows": 59987033, "Plan Width": 16, "Actual Startup Time": 0.029, "Actual Total Time": 30275.076, "Actual Rows": 59986052, "Actual Loops": 1}]}, {"Node Type": "Index Scan", "Parent Relationship": "Inner", "Scan Direction": "Forward", "Index Name": "orders_pkey", "Relation Name": "orders", "Alias": "orders", "Startup Cost": 0.0, "Total Cost": 7.15, "Plan Rows": 1, "Plan Width": 32, "Actual Startup Time": 1.994, "Actual Total Time": 1.994, "Actual Rows": 84, "Actual Loops": 84, "Index Cond": "(o_orderkey = public.lineitem.l_orderkey)", "Rows Removed by Index Recheck": 0}]}, {"Node Type": "Index Scan", "Parent Relationship": "Inner", "Scan Direction": "Forward", "Index Name": "customer_pkey", "Relation Name": "customer", "Alias": "customer", "Startup Cost": 0.0, "Total Cost": 0.28, "Plan Rows": 1, "Plan Width": 27, "Actual Startup Time": 1.278, "Actual Total Time": 1.278, "Actual Rows": 84, "Actual Loops": 84, "Index Cond": "(c_custkey = orders.o_custkey)", "Rows Removed by Index Recheck": 0}]}, {"Node Type": "Index Scan", "Parent Relationship": "Inner", "Scan Direction": "Forward", "Index Name": "idx_lineitem_orderkey", "Relation Name": "lineitem", "Alias": "lineitem", "Startup Cost": 0.0, "Total Cost": 0.87, "Plan Rows": 9, "Plan Width": 16, "Actual Startup Time": 0.938, "Actual Total Time": 1.562, "Actual Rows": 588, "Actual Loops": 84, "Index Cond": "(l_orderkey = orders.o_orderkey)", "Rows Removed by Index Recheck": 0}]}]}]}]}, "Triggers": [], "Planner Runtime": 1.698, "Total Runtime": 50704.506, "Unique SQL Id": 1915754155}}, "(1, '126')": {"explain_plan": {"Plan": {"Node Type": "Limit", "Startup Cost": 20699534063.67, "Total Cost": 20699534063.92, "Plan Rows": 100, "Plan Width": 59, "Plans": [{"Node Type": "Sort", "Parent Relationship": "Outer", "Startup Cost": 20699534063.67, "Total Cost": 20699534379.47, "Plan Rows": 100, "Plan Width": 59, "Sort Key": ["orders.o_totalprice DESC", "orders.o_orderdate"], "Plans": [{"Node Type": "Aggregate", "Strategy": "Hashed", "Parent Relationship": "Outer", "Startup Cost": 20699527972.56, "Total Cost": 20699529235.77, "Plan Rows": 126321, "Plan Width": 59, "Group By Key": ["orders.o_totalprice", "orders.o_orderdate", "customer.c_name", "customer.c_custkey", "orders.o_orderkey"], "Plans": [{"Node Type": "Nested Loop", "Parent Relationship": "Outer", "Join Type": "Inner", "Startup Cost": 2315050.5, "Total Cost": 20699526077.75, "Plan Rows": 126321, "Plan Width": 59, "Inner Unique": false, "Join Filter": "(orders.o_orderkey = public.lineitem.l_orderkey), (LLVM Optimized)", "Plans": [{"Node Type": "Seq Scan", "Parent Relationship": "Outer", "Relation Name": "lineitem", "Alias": "lineitem", "Startup Cost": 0.0, "Total Cost": 2015115.33, "Plan Rows": 59987033, "Plan Width": 16}, {"Node Type": "Materialize", "Parent Relationship": "Inner", "Startup Cost": 2315050.5, "Total Cost": 8178517145.27, "Plan Rows": 13913, "Plan Width": 59, "Plans": [{"Node Type": "Nested Loop", "Parent Relationship": "Outer", "Join Type": "Inner", "Startup Cost": 2315050.5, "Total Cost": 8178517075.7, "Plan Rows": 13913, "Plan Width": 59, "Inner Unique": false, "Join Filter": "(orders.o_custkey = customer.c_custkey)", "Plans": [{"Node Type": "Seq Scan", "Parent Relationship": "Outer", "Relation Name": "customer", "Alias": "customer", "Startup Cost": 0.0, "Total Cost": 52126.0, "Plan Rows": 1500000, "Plan Width": 27}, {"Node Type": "Materialize", "Parent Relationship": "Inner", "Startup Cost": 2315050.5, "Total Cost": 7435200032.29, "Plan Rows": 33034, "Plan Width": 40, "Plans": [{"Node Type": "Nested Loop", "Parent Relationship": "Outer", "Join Type": "Semi", "Startup Cost": 2315050.5, "Total Cost": 7435199867.12, "Plan Rows": 33034, "Plan Width": 40, "Inner Unique": false, "Join Filter": "(orders.o_orderkey = public.lineitem.l_orderkey)", "Plans": [{"Node Type": "Seq Scan", "Parent Relationship": "Outer", "Relation Name": "orders", "Alias": "orders", "Startup Cost": 0.0, "Total Cost": 426413.79, "Plan Rows": 14999479, "Plan Width": 32}, {"Node Type": "Materialize", "Parent Relationship": "Inner", "Startup Cost": 2315050.5, "Total Cost": 2381696.62, "Plan Rows": 33034, "Plan Width": 8, "Plans": [{"Node Type": "Aggregate", "Strategy": "Hashed", "Parent Relationship": "Outer", "Startup Cost": 2315050.5, "Total Cost": 2381201.11, "Plan Rows": 33034, "Plan Width": 16, "Group By Key": ["public.lineitem.l_orderkey"], "Filter": "(sum(public.lineitem.l_quantity) > 314::double precision), (LLVM Optimized)", "Plans": [{"Node Type": "Seq Scan", "Parent Relationship": "Outer", "Relation Name": "lineitem", "Alias": "lineitem", "Startup Cost": 0.0, "Total Cost": 2015115.33, "Plan Rows": 59987033, "Plan Width": 16}]}]}]}]}]}]}]}]}]}]}, "Unique SQL Id": 1915754155, "Planner Runtime": 0}, "explain_analyze_plan": null}, "(1, '127')": {"explain_plan": {"Plan": {"Node Type": "Limit", "Startup Cost": 4021424234088.76, "Total Cost": 4021424234089.01, "Plan Rows": 100, "Plan Width": 59, "Plans": [{"Node Type": "Sort", "Parent Relationship": "Outer", "Startup Cost": 4021424234088.76, "Total Cost": 4021424234404.56, "Plan Rows": 100, "Plan Width": 59, "Sort Key": ["orders.o_totalprice DESC", "orders.o_orderdate"], "Plans": [{"Node Type": "Aggregate", "Strategy": "Hashed", "Parent Relationship": "Outer", "Startup Cost": 4021424227997.65, "Total Cost": 4021424229260.86, "Plan Rows": 126321, "Plan Width": 59, "Group By Key": ["orders.o_totalprice", "orders.o_orderdate", "customer.c_name", "customer.c_custkey", "orders.o_orderkey"], "Plans": [{"Node Type": "Nested Loop", "Parent Relationship": "Outer", "Join Type": "Inner", "Startup Cost": 40000000000.0, "Total Cost": 4021424226102.83, "Plan Rows": 126321, "Plan Width": 59, "Inner Unique": false, "Join Filter": "(orders.o_orderkey = public.lineitem.l_orderkey), (LLVM Optimized)", "Plans": [{"Node Type": "Index Scan", "Parent Relationship": "Outer", "Scan Direction": "Forward", "Index Name": "idx_lineitem_orderkey", "Relation Name": "lineitem", "Alias": "lineitem", "Startup Cost": 10000000000.0, "Total Cost": 1000324015374.5, "Plan Rows": 59987033, "Plan Width": 16}, {"Node Type": "Materialize", "Parent Relationship": "Inner", "Startup Cost": 30000000000.0, "Total Cost": 3008581216911.18, "Plan Rows": 13913, "Plan Width": 59, "Plans": [{"Node Type": "Nested Loop", "Parent Relationship": "Outer", "Join Type": "Inner", "Startup Cost": 30000000000.0, "Total Cost": 3008581216841.62, "Plan Rows": 13913, "Plan Width": 59, "Inner Unique": true, "Join Filter": "(orders.o_custkey = customer.c_custkey)", "Plans": [{"Node Type": "Nested Loop", "Parent Relationship": "Outer", "Join Type": "Semi", "Startup Cost": 20000000000.0, "Total Cost": 2007829871555.99, "Plan Rows": 33034, "Plan Width": 40, "Inner Unique": false, "Join Filter": "(orders.o_orderkey = public.lineitem.l_orderkey)", "Plans": [{"Node Type": "Index Scan", "Parent Relationship": "Outer", "Scan Direction": "Forward", "Index Name": "orders_pkey", "Relation Name": "orders", "Alias": "orders", "Startup Cost": 10000000000.0, "Total Cost": 1000073097843.5, "Plan Rows": 14999479, "Plan Width": 32}, {"Node Type": "Materialize", "Parent Relationship": "Inner", "Startup Cost": 10000000000.0, "Total Cost": 1000324381955.79, "Plan Rows": 33034, "Plan Width": 8, "Plans": [{"Node Type": "Aggregate", "Strategy": "Sorted", "Parent Relationship": "Outer", "Startup Cost": 10000000000.0, "Total Cost": 1000324381460.28, "Plan Rows": 33034, "Plan Width": 24, "Group By Key": ["public.lineitem.l_orderkey"], "Filter": "(sum(public.lineitem.l_quantity) > 314::double precision), (LLVM Optimized)", "Plans": [{"Node Type": "Index Scan", "Parent Relationship": "Outer", "Scan Direction": "Forward", "Index Name": "idx_lineitem_orderkey", "Relation Name": "lineitem", "Alias": "lineitem", "Startup Cost": 10000000000.0, "Total Cost": 1000324015374.5, "Plan Rows": 59987033, "Plan Width": 16}]}]}]}, {"Node Type": "Materialize", "Parent Relationship": "Inner", "Startup Cost": 10000000000.0, "Total Cost": 1000008084035.62, "Plan Rows": 1500000, "Plan Width": 27, "Plans": [{"Node Type": "Index Scan", "Parent Relationship": "Outer", "Scan Direction": "Forward", "Index Name": "customer_pkey", "Relation Name": "customer", "Alias": "customer", "Startup Cost": 10000000000.0, "Total Cost": 1000008076535.62, "Plan Rows": 1500000, "Plan Width": 27}]}]}]}]}]}]}]}, "Unique SQL Id": 1915754155, "Planner Runtime": 0}, "explain_analyze_plan": null}, "(16, '0')": {"explain_plan": {"Plan": {"Node Type": "Limit", "Startup Cost": 2649029.8, "Total Cost": 2649030.05, "Plan Rows": 100, "Plan Width": 67, "Plans": [{"Node Type": "Sort", "Parent Relationship": "Outer", "Startup Cost": 2649029.8, "Total Cost": 2649345.6, "Plan Rows": 100, "Plan Width": 67, "Sort Key": ["orders.o_totalprice DESC", "orders.o_orderdate"], "Plans": [{"Node Type": "Aggregate", "Strategy": "Hashed", "Parent Relationship": "Outer", "Startup Cost": 2642938.69, "Total Cost": 2644201.9, "Plan Rows": 126321, "Plan Width": 67, "Group By Key": ["orders.o_totalprice", "orders.o_orderdate", "customer.c_name", "customer.c_custkey", "orders.o_orderkey"], "Plans": [{"Node Type": "Nested Loop", "Parent Relationship": "Outer", "Join Type": "Inner", "Startup Cost": 2315050.5, "Total Cost": 2641043.88, "Plan Rows": 126321, "Plan Width": 59, "Inner Unique": false, "Plans": [{"Node Type": "Nested Loop", "Parent Relationship": "Outer", "Join Type": "Inner", "Startup Cost": 2315050.5, "Total Cost": 2627700.1, "Plan Rows": 13913, "Plan Width": 59, "Inner Unique": true, "Plans": [{"Node Type": "Nested Loop", "Parent Relationship": "Outer", "Join Type": "Inner", "Startup Cost": 2315050.5, "Total Cost": 2618076.97, "Plan Rows": 33034, "Plan Width": 40, "Inner Unique": true, "Plans": [{"Node Type": "Aggregate", "Strategy": "Hashed", "Parent Relationship": "Outer", "Startup Cost": 2315050.5, "Total Cost": 2381201.11, "Plan Rows": 33034, "Plan Width": 24, "Group By Key": ["public.lineitem.l_orderkey"], "Filter": "(sum(public.lineitem.l_quantity) > 314::double precision), (LLVM Optimized)", "Plans": [{"Node Type": "Seq Scan", "Parent Relationship": "Outer", "Relation Name": "lineitem", "Alias": "lineitem", "Startup Cost": 0.0, "Total Cost": 2015115.33, "Plan Rows": 59987033, "Plan Width": 16}]}, {"Node Type": "Index Scan", "Parent Relationship": "Inner", "Scan Direction": "Forward", "Index Name": "orders_pkey", "Relation Name": "orders", "Alias": "orders", "Startup Cost": 0.0, "Total Cost": 7.15, "Plan Rows": 1, "Plan Width": 32, "Index Cond": "(o_orderkey = public.lineitem.l_orderkey)"}]}, {"Node Type": "Index Scan", "Parent Relationship": "Inner", "Scan Direction": "Forward", "Index Name": "customer_pkey", "Relation Name": "customer", "Alias": "customer", "Startup Cost": 0.0, "Total Cost": 0.28, "Plan Rows": 1, "Plan Width": 27, "Index Cond": "(c_custkey = orders.o_custkey)"}]}, {"Node Type": "Index Scan", "Parent Relationship": "Inner", "Scan Direction": "Forward", "Index Name": "idx_lineitem_orderkey", "Relation Name": "lineitem", "Alias": "lineitem", "Startup Cost": 0.0, "Total Cost": 0.87, "Plan Rows": 9, "Plan Width": 16, "Index Cond": "(l_orderkey = orders.o_orderkey)"}]}]}]}]}, "Unique SQL Id": 1915754155, "Planner Runtime": 2}, "explain_analyze_plan": {"Plan": {"Node Type": "Limit", "Startup Cost": 2649029.8, "Total Cost": 2649030.05, "Plan Rows": 100, "Plan Width": 67, "Actual Startup Time": 53367.336, "Actual Total Time": 53367.355, "Actual Rows": 84, "Actual Loops": 1, "Plans": [{"Node Type": "Sort", "Parent Relationship": "Outer", "Startup Cost": 2649029.8, "Total Cost": 2649345.6, "Plan Rows": 100, "Plan Width": 67, "Actual Startup Time": 53367.333, "Actual Total Time": 53367.342, "Actual Rows": 84, "Actual Loops": 1, "Sort Key": ["orders.o_totalprice DESC", "orders.o_orderdate"], "Sort Method": "quicksort", "Sort Space Used": 38, "Sort Space Type": "Memory", "Plans": [{"Node Type": "Aggregate", "Strategy": "Hashed", "Parent Relationship": "Outer", "Startup Cost": 2642938.69, "Total Cost": 2644201.9, "Plan Rows": 126321, "Plan Width": 67, "Actual Startup Time": 53366.678, "Actual Total Time": 53367.237, "Actual Rows": 84, "Actual Loops": 1, "Group By Key": ["orders.o_totalprice", "orders.o_orderdate", "customer.c_name", "customer.c_custkey", "orders.o_orderkey"], "Plans": [{"Node Type": "Nested Loop", "Parent Relationship": "Outer", "Join Type": "Inner", "Startup Cost": 2315050.5, "Total Cost": 2641043.88, "Plan Rows": 126321, "Plan Width": 59, "Actual Startup Time": 47583.176, "Actual Total Time": 53364.795, "Actual Rows": 588, "Actual Loops": 1, "Inner Unique": false, "Plans": [{"Node Type": "Nested Loop", "Parent Relationship": "Outer", "Join Type": "Inner", "Startup Cost": 2315050.5, "Total Cost": 2627700.1, "Plan Rows": 13913, "Plan Width": 59, "Actual Startup Time": 47583.15, "Actual Total Time": 53362.449, "Actual Rows": 84, "Actual Loops": 1, "Inner Unique": true, "Plans": [{"Node Type": "Nested Loop", "Parent Relationship": "Outer", "Join Type": "Inner", "Startup Cost": 2315050.5, "Total Cost": 2618076.97, "Plan Rows": 33034, "Plan Width": 40, "Actual Startup Time": 47583.13, "Actual Total Time": 53361.021, "Actual Rows": 84, "Actual Loops": 1, "Inner Unique": true, "Plans": [{"Node Type": "Aggregate", "Strategy": "Hashed", "Parent Relationship": "Outer", "Startup Cost": 2315050.5, "Total Cost": 2381201.11, "Plan Rows": 33034, "Plan Width": 24, "Actual Startup Time": 47583.052, "Actual Total Time": 53340.03, "Actual Rows": 84, "Actual Loops": 1, "Group By Key": ["public.lineitem.l_orderkey"], "Filter": "(sum(public.lineitem.l_quantity) > 314::double precision), (LLVM Optimized, Jit Execute)", "Rows Removed by Filter": 14999916, "Plans": [{"Node Type": "Seq Scan", "Parent Relationship": "Outer", "Relation Name": "lineitem", "Alias": "lineitem", "Startup Cost": 0.0, "Total Cost": 2015115.33, "Plan Rows": 59987033, "Plan Width": 16, "Actual Startup Time": 0.044, "Actual Total Time": 20352.533, "Actual Rows": 59986052, "Actual Loops": 1}]}, {"Node Type": "Index Scan", "Parent Relationship": "Inner", "Scan Direction": "Forward", "Index Name": "orders_pkey", "Relation Name": "orders", "Alias": "orders", "Startup Cost": 0.0, "Total Cost": 7.15, "Plan Rows": 1, "Plan Width": 32, "Actual Startup Time": 2.902, "Actual Total Time": 2.902, "Actual Rows": 84, "Actual Loops": 84, "Index Cond": "(o_orderkey = public.lineitem.l_orderkey)", "Rows Removed by Index Recheck": 0}]}, {"Node Type": "Index Scan", "Parent Relationship": "Inner", "Scan Direction": "Forward", "Index Name": "customer_pkey", "Relation Name": "customer", "Alias": "customer", "Startup Cost": 0.0, "Total Cost": 0.28, "Plan Rows": 1, "Plan Width": 27, "Actual Startup Time": 1.048, "Actual Total Time": 1.048, "Actual Rows": 84, "Actual Loops": 84, "Index Cond": "(c_custkey = orders.o_custkey)", "Rows Removed by Index Recheck": 0}]}, {"Node Type": "Index Scan", "Parent Relationship": "Inner", "Scan Direction": "Forward", "Index Name": "idx_lineitem_orderkey", "Relation Name": "lineitem", "Alias": "lineitem", "Startup Cost": 0.0, "Total Cost": 0.87, "Plan Rows": 9, "Plan Width": 16, "Actual Startup Time": 1.401, "Actual Total Time": 1.898, "Actual Rows": 588, "Actual Loops": 84, "Index Cond": "(l_orderkey = orders.o_orderkey)", "Rows Removed by Index Recheck": 0}]}]}]}]}, "Triggers": [], "Planner Runtime": 2.116, "Total Runtime": 53376.681, "Unique SQL Id": 1915754155}}, "(16, '1')": {"explain_plan": {"Plan": {"Node Type": "Limit", "Startup Cost": 3874068.21, "Total Cost": 3874068.46, "Plan Rows": 100, "Plan Width": 67, "Plans": [{"Node Type": "Sort", "Parent Relationship": "Outer", "Startup Cost": 3874068.21, "Total Cost": 3874384.02, "Plan Rows": 100, "Plan Width": 67, "Sort Key": ["orders.o_totalprice DESC", "orders.o_orderdate"], "Plans": [{"Node Type": "Aggregate", "Strategy": "Hashed", "Parent Relationship": "Outer", "Startup Cost": 3867977.11, "Total Cost": 3869240.32, "Plan Rows": 126321, "Plan Width": 67, "Group By Key": ["orders.o_totalprice", "orders.o_orderdate", "customer.c_name", "customer.c_custkey", "orders.o_orderkey"], "Plans": [{"Node Type": "Nested Loop", "Parent Relationship": "Outer", "Join Type": "Inner", "Startup Cost": 3540088.91, "Total Cost": 3866082.29, "Plan Rows": 126321, "Plan Width": 59, "Inner Unique": false, "Plans": [{"Node Type": "Nested Loop", "Parent Relationship": "Outer", "Join Type": "Inner", "Startup Cost": 3540088.91, "Total Cost": 3852738.51, "Plan Rows": 13913, "Plan Width": 59, "Inner Unique": true, "Plans": [{"Node Type": "Nested Loop", "Parent Relationship": "Outer", "Join Type": "Inner", "Startup Cost": 3540088.91, "Total Cost": 3843115.38, "Plan Rows": 33034, "Plan Width": 40, "Inner Unique": true, "Plans": [{"Node Type": "Aggregate", "Strategy": "Hashed", "Parent Relationship": "Outer", "Startup Cost": 3540088.91, "Total Cost": 3606239.52, "Plan Rows": 33034, "Plan Width": 24, "Group By Key": ["public.lineitem.l_orderkey"], "Filter": "(sum(public.lineitem.l_quantity) > 314::double precision), (LLVM Optimized)", "Plans": [{"Node Type": "Index Scan", "Parent Relationship": "Outer", "Scan Direction": "Forward", "Index Name": "idx_lineitem_orderkey", "Relation Name": "lineitem", "Alias": "lineitem", "Startup Cost": 0.0, "Total Cost": 3240153.75, "Plan Rows": 59987033, "Plan Width": 16}]}, {"Node Type": "Index Scan", "Parent Relationship": "Inner", "Scan Direction": "Forward", "Index Name": "orders_pkey", "Relation Name": "orders", "Alias": "orders", "Startup Cost": 0.0, "Total Cost": 7.15, "Plan Rows": 1, "Plan Width": 32, "Index Cond": "(o_orderkey = public.lineitem.l_orderkey)"}]}, {"Node Type": "Index Scan", "Parent Relationship": "Inner", "Scan Direction": "Forward", "Index Name": "customer_pkey", "Relation Name": "customer", "Alias": "customer", "Startup Cost": 0.0, "Total Cost": 0.28, "Plan Rows": 1, "Plan Width": 27, "Index Cond": "(c_custkey = orders.o_custkey)"}]}, {"Node Type": "Index Scan", "Parent Relationship": "Inner", "Scan Direction": "Forward", "Index Name": "idx_lineitem_orderkey", "Relation Name": "lineitem", "Alias": "lineitem", "Startup Cost": 0.0, "Total Cost": 0.87, "Plan Rows": 9, "Plan Width": 16, "Index Cond": "(l_orderkey = orders.o_orderkey)"}]}]}]}]}, "Unique SQL Id": 1915754155, "Planner Runtime": 2}, "explain_analyze_plan": {"Plan": {"Node Type": "Limit", "Startup Cost": 3874068.21, "Total Cost": 3874068.46, "Plan Rows": 100, "Plan Width": 67, "Actual Startup Time": 80046.048, "Actual Total Time": 80046.063, "Actual Rows": 84, "Actual Loops": 1, "Plans": [{"Node Type": "Sort", "Parent Relationship": "Outer", "Startup Cost": 3874068.21, "Total Cost": 3874384.02, "Plan Rows": 100, "Plan Width": 67, "Actual Startup Time": 80046.046, "Actual Total Time": 80046.051, "Actual Rows": 84, "Actual Loops": 1, "Sort Key": ["orders.o_totalprice DESC", "orders.o_orderdate"], "Sort Method": "quicksort", "Sort Space Used": 38, "Sort Space Type": "Memory", "Plans": [{"Node Type": "Aggregate", "Strategy": "Hashed", "Parent Relationship": "Outer", "Startup Cost": 3867977.11, "Total Cost": 3869240.32, "Plan Rows": 126321, "Plan Width": 67, "Actual Startup Time": 80045.618, "Actual Total Time": 80045.952, "Actual Rows": 84, "Actual Loops": 1, "Group By Key": ["orders.o_totalprice", "orders.o_orderdate", "customer.c_name", "customer.c_custkey", "orders.o_orderkey"], "Plans": [{"Node Type": "Nested Loop", "Parent Relationship": "Outer", "Join Type": "Inner", "Startup Cost": 3540088.91, "Total Cost": 3866082.29, "Plan Rows": 126321, "Plan Width": 59, "Actual Startup Time": 71660.31, "Actual Total Time": 80043.737, "Actual Rows": 588, "Actual Loops": 1, "Inner Unique": false, "Plans": [{"Node Type": "Nested Loop", "Parent Relationship": "Outer", "Join Type": "Inner", "Startup Cost": 3540088.91, "Total Cost": 3852738.51, "Plan Rows": 13913, "Plan Width": 59, "Actual Startup Time": 71660.278, "Actual Total Time": 80041.063, "Actual Rows": 84, "Actual Loops": 1, "Inner Unique": true, "Plans": [{"Node Type": "Nested Loop", "Parent Relationship": "Outer", "Join Type": "Inner", "Startup Cost": 3540088.91, "Total Cost": 3843115.38, "Plan Rows": 33034, "Plan Width": 40, "Actual Startup Time": 71660.251, "Actual Total Time": 80039.183, "Actual Rows": 84, "Actual Loops": 1, "Inner Unique": true, "Plans": [{"Node Type": "Aggregate", "Strategy": "Hashed", "Parent Relationship": "Outer", "Startup Cost": 3540088.91, "Total Cost": 3606239.52, "Plan Rows": 33034, "Plan Width": 24, "Actual Startup Time": 71660.193, "Actual Total Time": 80016.864, "Actual Rows": 84, "Actual Loops": 1, "Group By Key": ["public.lineitem.l_orderkey"], "Filter": "(sum(public.lineitem.l_quantity) > 314::double precision), (LLVM Optimized, Jit Execute)", "Rows Removed by Filter": 14999916, "Plans": [{"Node Type": "Index Scan", "Parent Relationship": "Outer", "Scan Direction": "Forward", "Index Name": "idx_lineitem_orderkey", "Relation Name": "lineitem", "Alias": "lineitem", "Startup Cost": 0.0, "Total Cost": 3240153.75, "Plan Rows": 59987033, "Plan Width": 16, "Actual Startup Time": 0.058, "Actual Total Time": 41400.691, "Actual Rows": 59986052, "Actual Loops": 1}]}, {"Node Type": "Index Scan", "Parent Relationship": "Inner", "Scan Direction": "Forward", "Index Name": "orders_pkey", "Relation Name": "orders", "Alias": "orders", "Startup Cost": 0.0, "Total Cost": 7.15, "Plan Rows": 1, "Plan Width": 32, "Actual Startup Time": 2.944, "Actual Total Time": 2.944, "Actual Rows": 84, "Actual Loops": 84, "Index Cond": "(o_orderkey = public.lineitem.l_orderkey)", "Rows Removed by Index Recheck": 0}]}, {"Node Type": "Index Scan", "Parent Relationship": "Inner", "Scan Direction": "Forward", "Index Name": "customer_pkey", "Relation Name": "customer", "Alias": "customer", "Startup Cost": 0.0, "Total Cost": 0.28, "Plan Rows": 1, "Plan Width": 27, "Actual Startup Time": 1.358, "Actual Total Time": 1.358, "Actual Rows": 84, "Actual Loops": 84, "Index Cond": "(c_custkey = orders.o_custkey)", "Rows Removed by Index Recheck": 0}]}, {"Node Type": "Index Scan", "Parent Relationship": "Inner", "Scan Direction": "Forward", "Index Name": "idx_lineitem_orderkey", "Relation Name": "lineitem", "Alias": "lineitem", "Startup Cost": 0.0, "Total Cost": 0.87, "Plan Rows": 9, "Plan Width": 16, "Actual Startup Time": 1.639, "Actual Total Time": 2.066, "Actual Rows": 588, "Actual Loops": 84, "Index Cond": "(l_orderkey = orders.o_orderkey)", "Rows Removed by Index Recheck": 0}]}]}]}]}, "Triggers": [], "Planner Runtime": 2.569, "Total Runtime": 80056.92, "Unique SQL Id": 1915754155}}, "(16, '2')": {"explain_plan": {"Plan": {"Node Type": "Limit", "Startup Cost": 2768625.52, "Total Cost": 2768625.77, "Plan Rows": 100, "Plan Width": 67, "Plans": [{"Node Type": "Sort", "Parent Relationship": "Outer", "Startup Cost": 2768625.52, "Total Cost": 2768941.33, "Plan Rows": 100, "Plan Width": 67, "Sort Key": ["orders.o_totalprice DESC", "orders.o_orderdate"], "Plans": [{"Node Type": "Aggregate", "Strategy": "Hashed", "Parent Relationship": "Outer", "Startup Cost": 2762534.42, "Total Cost": 2763797.63, "Plan Rows": 126321, "Plan Width": 67, "Group By Key": ["orders.o_totalprice", "orders.o_orderdate", "customer.c_name", "customer.c_custkey", "orders.o_orderkey"], "Plans": [{"Node Type": "Nested Loop", "Parent Relationship": "Outer", "Join Type": "Inner", "Startup Cost": 2385930.24, "Total Cost": 2760639.6, "Plan Rows": 126321, "Plan Width": 59, "Inner Unique": false, "Plans": [{"Node Type": "Hash Join", "Parent Relationship": "Outer", "Join Type": "Inner", "Startup Cost": 2385929.86, "Total Cost": 2696863.45, "Plan Rows": 13913, "Plan Width": 59, "Inner Unique": true, "Hash Cond": "(orders.o_custkey = customer.c_custkey)", "Plans": [{"Node Type": "Nested Loop", "Parent Relationship": "Outer", "Join Type": "Inner", "Startup Cost": 2315053.86, "Total Cost": 2625533.23, "Plan Rows": 33034, "Plan Width": 40, "Inner Unique": true, "Plans": [{"Node Type": "Aggregate", "Strategy": "Hashed", "Parent Relationship": "Outer", "Startup Cost": 2315050.5, "Total Cost": 2381201.11, "Plan Rows": 33034, "Plan Width": 24, "Group By Key": ["public.lineitem.l_orderkey"], "Filter": "(sum(public.lineitem.l_quantity) > 314::double precision), (LLVM Optimized)", "Plans": [{"Node Type": "Seq Scan", "Parent Relationship": "Outer", "Relation Name": "lineitem", "Alias": "lineitem", "Startup Cost": 0.0, "Total Cost": 2015115.33, "Plan Rows": 59987033, "Plan Width": 16}]}, {"Node Type": "Bitmap Heap Scan", "Parent Relationship": "Inner", "Relation Name": "orders", "Alias": "orders", "Startup Cost": 3.36, "Total Cost": 7.38, "Plan Rows": 1, "Plan Width": 32, "Recheck Cond": "(o_orderkey = public.lineitem.l_orderkey)", "Plans": [{"Node Type": "Bitmap Index Scan", "Parent Relationship": "Outer", "Index Name": "orders_pkey", "Startup Cost": 0.0, "Total Cost": 3.36, "Plan Rows": 1, "Plan Width": 0, "Index Cond": "(o_orderkey = public.lineitem.l_orderkey)"}]}]}, {"Node Type": "Hash", "Parent Relationship": "Inner", "Startup Cost": 52126.0, "Total Cost": 52126.0, "Plan Rows": 1500000, "Plan Width": 27, "Plans": [{"Node Type": "Seq Scan", "Parent Relationship": "Outer", "Relation Name": "customer", "Alias": "customer", "Startup Cost": 0.0, "Total Cost": 52126.0, "Plan Rows": 1500000, "Plan Width": 27}]}]}, {"Node Type": "Bitmap Heap Scan", "Parent Relationship": "Inner", "Relation Name": "lineitem", "Alias": "lineitem", "Startup Cost": 0.38, "Total Cost": 4.49, "Plan Rows": 9, "Plan Width": 16, "Recheck Cond": "(l_orderkey = orders.o_orderkey)", "Plans": [{"Node Type": "Bitmap Index Scan", "Parent Relationship": "Outer", "Index Name": "idx_lineitem_orderkey", "Startup Cost": 0.0, "Total Cost": 0.38, "Plan Rows": 9, "Plan Width": 0, "Index Cond": "(l_orderkey = orders.o_orderkey)"}]}]}]}]}]}, "Unique SQL Id": 1915754155, "Planner Runtime": 2}, "explain_analyze_plan": {"Plan": {"Node Type": "Limit", "Startup Cost": 2768625.52, "Total Cost": 2768625.77, "Plan Rows": 100, "Plan Width": 67, "Actual Startup Time": 54408.291, "Actual Total Time": 54408.306, "Actual Rows": 84, "Actual Loops": 1, "Plans": [{"Node Type": "Sort", "Parent Relationship": "Outer", "Startup Cost": 2768625.52, "Total Cost": 2768941.33, "Plan Rows": 100, "Plan Width": 67, "Actual Startup Time": 54408.289, "Actual Total Time": 54408.297, "Actual Rows": 84, "Actual Loops": 1, "Sort Key": ["orders.o_totalprice DESC", "orders.o_orderdate"], "Sort Method": "quicksort", "Sort Space Used": 38, "Sort Space Type": "Memory", "Plans": [{"Node Type": "Aggregate", "Strategy": "Hashed", "Parent Relationship": "Outer", "Startup Cost": 2762534.42, "Total Cost": 2763797.63, "Plan Rows": 126321, "Plan Width": 67, "Actual Startup Time": 54407.79, "Actual Total Time": 54408.184, "Actual Rows": 84, "Actual Loops": 1, "Group By Key": ["orders.o_totalprice", "orders.o_orderdate", "customer.c_name", "customer.c_custkey", "orders.o_orderkey"], "Plans": [{"Node Type": "Nested Loop", "Parent Relationship": "Outer", "Join Type": "Inner", "Startup Cost": 2385930.24, "Total Cost": 2760639.6, "Plan Rows": 126321, "Plan Width": 59, "Actual Startup Time": 47887.873, "Actual Total Time": 54405.571, "Actual Rows": 588, "Actual Loops": 1, "Inner Unique": false, "Plans": [{"Node Type": "Hash Join", "Parent Relationship": "Outer", "Join Type": "Inner", "Startup Cost": 2385929.86, "Total Cost": 2696863.45, "Plan Rows": 13913, "Plan Width": 59, "Actual Startup Time": 47887.826, "Actual Total Time": 54385.711, "Actual Rows": 84, "Actual Loops": 1, "Inner Unique": true, "Hash Cond": "(orders.o_custkey = customer.c_custkey)", "Plans": [{"Node Type": "Nested Loop", "Parent Relationship": "Outer", "Join Type": "Inner", "Startup Cost": 2315053.86, "Total Cost": 2625533.23, "Plan Rows": 33034, "Plan Width": 40, "Actual Startup Time": 46674.088, "Actual Total Time": 53167.993, "Actual Rows": 84, "Actual Loops": 1, "Inner Unique": true, "Plans": [{"Node Type": "Aggregate", "Strategy": "Hashed", "Parent Relationship": "Outer", "Startup Cost": 2315050.5, "Total Cost": 2381201.11, "Plan Rows": 33034, "Plan Width": 24, "Actual Startup Time": 46673.991, "Actual Total Time": 53149.284, "Actual Rows": 84, "Actual Loops": 1, "Group By Key": ["public.lineitem.l_orderkey"], "Filter": "(sum(public.lineitem.l_quantity) > 314::double precision), (LLVM Optimized, Jit Execute)", "Rows Removed by Filter": 14999916, "Plans": [{"Node Type": "Seq Scan", "Parent Relationship": "Outer", "Relation Name": "lineitem", "Alias": "lineitem", "Startup Cost": 0.0, "Total Cost": 2015115.33, "Plan Rows": 59987033, "Plan Width": 16, "Actual Startup Time": 0.042, "Actual Total Time": 20120.77, "Actual Rows": 59986052, "Actual Loops": 1}]}, {"Node Type": "Bitmap Heap Scan", "Parent Relationship": "Inner", "Relation Name": "orders", "Alias": "orders", "Startup Cost": 3.36, "Total Cost": 7.38, "Plan Rows": 1, "Plan Width": 32, "Actual Startup Time": 3.694, "Actual Total Time": 3.694, "Actual Rows": 84, "Actual Loops": 84, "Recheck Cond": "(o_orderkey = public.lineitem.l_orderkey)", "Rows Removed by Index Recheck": 0, "Exact Heap Blocks": 84, "Lossy Heap Blocks": 84, "Plans": [{"Node Type": "Bitmap Index Scan", "Parent Relationship": "Outer", "Index Name": "orders_pkey", "Startup Cost": 0.0, "Total Cost": 3.36, "Plan Rows": 1, "Plan Width": 0, "Actual Startup Time": 2.443, "Actual Total Time": 2.443, "Actual Rows": 84, "Actual Loops": 84, "Index Cond": "(o_orderkey = public.lineitem.l_orderkey)"}]}]}, {"Node Type": "Hash", "Parent Relationship": "Inner", "Startup Cost": 52126.0, "Total Cost": 52126.0, "Plan Rows": 1500000, "Plan Width": 27, "Actual Startup Time": 1212.32, "Actual Total Time": 1212.32, "Actual Rows": 1500000, "Actual Loops": 1, "Hash Buckets": 2097152, "Hash Batches": 1, "Original Hash Batches": 1, "Peak Memory Usage": 93750, "Plans": [{"Node Type": "Seq Scan", "Parent Relationship": "Outer", "Relation Name": "customer", "Alias": "customer", "Startup Cost": 0.0, "Total Cost": 52126.0, "Plan Rows": 1500000, "Plan Width": 27, "Actual Startup Time": 0.024, "Actual Total Time": 537.232, "Actual Rows": 1500000, "Actual Loops": 1}]}]}, {"Node Type": "Bitmap Heap Scan", "Parent Relationship": "Inner", "Relation Name": "lineitem", "Alias": "lineitem", "Startup Cost": 0.38, "Total Cost": 4.49, "Plan Rows": 9, "Plan Width": 16, "Actual Startup Time": 2.302, "Actual Total Time": 2.448, "Actual Rows": 588, "Actual Loops": 84, "Recheck Cond": "(l_orderkey = orders.o_orderkey)", "Rows Removed by Index Recheck": 0, "Exact Heap Blocks": 96, "Lossy Heap Blocks": 96, "Plans": [{"Node Type": "Bitmap Index Scan", "Parent Relationship": "Outer", "Index Name": "idx_lineitem_orderkey", "Startup Cost": 0.0, "Total Cost": 0.38, "Plan Rows": 9, "Plan Width": 0, "Actual Startup Time": 1.463, "Actual Total Time": 1.463, "Actual Rows": 588, "Actual Loops": 84, "Index Cond": "(l_orderkey = orders.o_orderkey)"}]}]}]}]}]}, "Triggers": [], "Planner Runtime": 2.048, "Total Runtime": 54418.458, "Unique SQL Id": 1915754155}}, "(16, '3')": {"explain_plan": {"Plan": {"Node Type": "Limit", "Startup Cost": 1000324838994.8, "Total Cost": 1000324838995.05, "Plan Rows": 100, "Plan Width": 67, "Plans": [{"Node Type": "Sort", "Parent Relationship": "Outer", "Startup Cost": 1000324838994.8, "Total Cost": 1000324839310.61, "Plan Rows": 100, "Plan Width": 67, "Sort Key": ["orders.o_totalprice DESC", "orders.o_orderdate"], "Plans": [{"Node Type": "Aggregate", "Strategy": "Hashed", "Parent Relationship": "Outer", "Startup Cost": 1000324832903.7, "Total Cost": 1000324834166.91, "Plan Rows": 126321, "Plan Width": 67, "Group By Key": ["orders.o_totalprice", "orders.o_orderdate", "customer.c_name", "customer.c_custkey", "orders.o_orderkey"], "Plans": [{"Node Type": "Nested Loop", "Parent Relationship": "Outer", "Join Type": "Inner", "Startup Cost": 1000324315313.67, "Total Cost": 1000324831008.88, "Plan Rows": 126321, "Plan Width": 59, "Inner Unique": false, "Plans": [{"Node Type": "Nested Loop", "Parent Relationship": "Outer", "Join Type": "Inner", "Startup Cost": 1000324315313.29, "Total Cost": 1000324767232.73, "Plan Rows": 13913, "Plan Width": 59, "Inner Unique": true, "Plans": [{"Node Type": "Nested Loop", "Parent Relationship": "Outer", "Join Type": "Inner", "Startup Cost": 1000324315313.03, "Total Cost": 1000324625792.4, "Plan Rows": 33034, "Plan Width": 40, "Inner Unique": true, "Plans": [{"Node Type": "Aggregate", "Strategy": "Hashed", "Parent Relationship": "Outer", "Startup Cost": 1000324315309.67, "Total Cost": 1000324381460.28, "Plan Rows": 33034, "Plan Width": 24, "Group By Key": ["public.lineitem.l_orderkey"], "Filter": "(sum(public.lineitem.l_quantity) > 314::double precision), (LLVM Optimized)", "Plans": [{"Node Type": "Index Scan", "Parent Relationship": "Outer", "Scan Direction": "Forward", "Index Name": "idx_lineitem_orderkey", "Relation Name": "lineitem", "Alias": "lineitem", "Startup Cost": 10000000000.0, "Total Cost": 1000324015374.5, "Plan Rows": 59987033, "Plan Width": 16}]}, {"Node Type": "Bitmap Heap Scan", "Parent Relationship": "Inner", "Relation Name": "orders", "Alias": "orders", "Startup Cost": 3.36, "Total Cost": 7.38, "Plan Rows": 1, "Plan Width": 32, "Recheck Cond": "(o_orderkey = public.lineitem.l_orderkey)", "Plans": [{"Node Type": "Bitmap Index Scan", "Parent Relationship": "Outer", "Index Name": "orders_pkey", "Startup Cost": 0.0, "Total Cost": 3.36, "Plan Rows": 1, "Plan Width": 0, "Index Cond": "(o_orderkey = public.lineitem.l_orderkey)"}]}]}, {"Node Type": "Bitmap Heap Scan", "Parent Relationship": "Inner", "Relation Name": "customer", "Alias": "customer", "Startup Cost": 0.26, "Total Cost": 4.27, "Plan Rows": 1, "Plan Width": 27, "Recheck Cond": "(c_custkey = orders.o_custkey)", "Plans": [{"Node Type": "Bitmap Index Scan", "Parent Relationship": "Outer", "Index Name": "customer_pkey", "Startup Cost": 0.0, "Total Cost": 0.26, "Plan Rows": 1, "Plan Width": 0, "Index Cond": "(c_custkey = orders.o_custkey)"}]}]}, {"Node Type": "Bitmap Heap Scan", "Parent Relationship": "Inner", "Relation Name": "lineitem", "Alias": "lineitem", "Startup Cost": 0.38, "Total Cost": 4.49, "Plan Rows": 9, "Plan Width": 16, "Recheck Cond": "(l_orderkey = orders.o_orderkey)", "Plans": [{"Node Type": "Bitmap Index Scan", "Parent Relationship": "Outer", "Index Name": "idx_lineitem_orderkey", "Startup Cost": 0.0, "Total Cost": 0.38, "Plan Rows": 9, "Plan Width": 0, "Index Cond": "(l_orderkey = orders.o_orderkey)"}]}]}]}]}]}, "Unique SQL Id": 1915754155, "Planner Runtime": 2}, "explain_analyze_plan": {"Plan": {"Node Type": "Limit", "Startup Cost": 1000324838994.8, "Total Cost": 1000324838995.05, "Plan Rows": 100, "Plan Width": 67, "Actual Startup Time": 80385.074, "Actual Total Time": 80385.092, "Actual Rows": 84, "Actual Loops": 1, "Plans": [{"Node Type": "Sort", "Parent Relationship": "Outer", "Startup Cost": 1000324838994.8, "Total Cost": 1000324839310.61, "Plan Rows": 100, "Plan Width": 67, "Actual Startup Time": 80385.071, "Actual Total Time": 80385.08, "Actual Rows": 84, "Actual Loops": 1, "Sort Key": ["orders.o_totalprice DESC", "orders.o_orderdate"], "Sort Method": "quicksort", "Sort Space Used": 38, "Sort Space Type": "Memory", "Plans": [{"Node Type": "Aggregate", "Strategy": "Hashed", "Parent Relationship": "Outer", "Startup Cost": 1000324832903.7, "Total Cost": 1000324834166.91, "Plan Rows": 126321, "Plan Width": 67, "Actual Startup Time": 80384.393, "Actual Total Time": 80384.969, "Actual Rows": 84, "Actual Loops": 1, "Group By Key": ["orders.o_totalprice", "orders.o_orderdate", "customer.c_name", "customer.c_custkey", "orders.o_orderkey"], "Plans": [{"Node Type": "Nested Loop", "Parent Relationship": "Outer", "Join Type": "Inner", "Startup Cost": 1000324315313.67, "Total Cost": 1000324831008.88, "Plan Rows": 126321, "Plan Width": 59, "Actual Startup Time": 72233.603, "Actual Total Time": 80382.462, "Actual Rows": 588, "Actual Loops": 1, "Inner Unique": false, "Plans": [{"Node Type": "Nested Loop", "Parent Relationship": "Outer", "Join Type": "Inner", "Startup Cost": 1000324315313.29, "Total Cost": 1000324767232.73, "Plan Rows": 13913, "Plan Width": 59, "Actual Startup Time": 72233.569, "Actual Total Time": 80379.219, "Actual Rows": 84, "Actual Loops": 1, "Inner Unique": true, "Plans": [{"Node Type": "Nested Loop", "Parent Relationship": "Outer", "Join Type": "Inner", "Startup Cost": 1000324315313.03, "Total Cost": 1000324625792.4, "Plan Rows": 33034, "Plan Width": 40, "Actual Startup Time": 72233.51, "Actual Total Time": 80376.925, "Actual Rows": 84, "Actual Loops": 1, "Inner Unique": true, "Plans": [{"Node Type": "Aggregate", "Strategy": "Hashed", "Parent Relationship": "Outer", "Startup Cost": 1000324315309.67, "Total Cost": 1000324381460.28, "Plan Rows": 33034, "Plan Width": 24, "Actual Startup Time": 72233.393, "Actual Total Time": 80354.823, "Actual Rows": 84, "Actual Loops": 1, "Group By Key": ["public.lineitem.l_orderkey"], "Filter": "(sum(public.lineitem.l_quantity) > 314::double precision), (LLVM Optimized, Jit Execute)", "Rows Removed by Filter": 14999916, "Plans": [{"Node Type": "Index Scan", "Parent Relationship": "Outer", "Scan Direction": "Forward", "Index Name": "idx_lineitem_orderkey", "Relation Name": "lineitem", "Alias": "lineitem", "Startup Cost": 10000000000.0, "Total Cost": 1000324015374.5, "Plan Rows": 59987033, "Plan Width": 16, "Actual Startup Time": 0.063, "Actual Total Time": 42277.738, "Actual Rows": 59986052, "Actual Loops": 1}]}, {"Node Type": "Bitmap Heap Scan", "Parent Relationship": "Inner", "Relation Name": "orders", "Alias": "orders", "Startup Cost": 3.36, "Total Cost": 7.38, "Plan Rows": 1, "Plan Width": 32, "Actual Startup Time": 3.479, "Actual Total Time": 3.479, "Actual Rows": 84, "Actual Loops": 84, "Recheck Cond": "(o_orderkey = public.lineitem.l_orderkey)", "Rows Removed by Index Recheck": 0, "Exact Heap Blocks": 84, "Lossy Heap Blocks": 84, "Plans": [{"Node Type": "Bitmap Index Scan", "Parent Relationship": "Outer", "Index Name": "orders_pkey", "Startup Cost": 0.0, "Total Cost": 3.36, "Plan Rows": 1, "Plan Width": 0, "Actual Startup Time": 2.316, "Actual Total Time": 2.316, "Actual Rows": 84, "Actual Loops": 84, "Index Cond": "(o_orderkey = public.lineitem.l_orderkey)"}]}]}, {"Node Type": "Bitmap Heap Scan", "Parent Relationship": "Inner", "Relation Name": "customer", "Alias": "customer", "Startup Cost": 0.26, "Total Cost": 4.27, "Plan Rows": 1, "Plan Width": 27, "Actual Startup Time": 1.615, "Actual Total Time": 1.615, "Actual Rows": 84, "Actual Loops": 84, "Recheck Cond": "(c_custkey = orders.o_custkey)", "Rows Removed by Index Recheck": 0, "Exact Heap Blocks": 84, "Lossy Heap Blocks": 84, "Plans": [{"Node Type": "Bitmap Index Scan", "Parent Relationship": "Outer", "Index Name": "customer_pkey", "Startup Cost": 0.0, "Total Cost": 0.26, "Plan Rows": 1, "Plan Width": 0, "Actual Startup Time": 0.975, "Actual Total Time": 0.975, "Actual Rows": 84, "Actual Loops": 84, "Index Cond": "(c_custkey = orders.o_custkey)"}]}]}, {"Node Type": "Bitmap Heap Scan", "Parent Relationship": "Inner", "Relation Name": "lineitem", "Alias": "lineitem", "Startup Cost": 0.38, "Total Cost": 4.49, "Plan Rows": 9, "Plan Width": 16, "Actual Startup Time": 2.193, "Actual Total Time": 2.369, "Actual Rows": 588, "Actual Loops": 84, "Recheck Cond": "(l_orderkey = orders.o_orderkey)", "Rows Removed by Index Recheck": 0, "Exact Heap Blocks": 96, "Lossy Heap Blocks": 96, "Plans": [{"Node Type": "Bitmap Index Scan", "Parent Relationship": "Outer", "Index Name": "idx_lineitem_orderkey", "Startup Cost": 0.0, "Total Cost": 0.38, "Plan Rows": 9, "Plan Width": 0, "Actual Startup Time": 1.36, "Actual Total Time": 1.36, "Actual Rows": 588, "Actual Loops": 84, "Index Cond": "(l_orderkey = orders.o_orderkey)"}]}]}]}]}]}, "Triggers": [], "Planner Runtime": 2.016, "Total Runtime": 80394.686, "Unique SQL Id": 1915754155}}, "(16, '4')": {"explain_plan": {"Plan": {"Node Type": "Limit", "Startup Cost": 2649029.8, "Total Cost": 2649030.05, "Plan Rows": 100, "Plan Width": 67, "Plans": [{"Node Type": "Sort", "Parent Relationship": "Outer", "Startup Cost": 2649029.8, "Total Cost": 2649345.6, "Plan Rows": 100, "Plan Width": 67, "Sort Key": ["orders.o_totalprice DESC", "orders.o_orderdate"], "Plans": [{"Node Type": "Aggregate", "Strategy": "Hashed", "Parent Relationship": "Outer", "Startup Cost": 2642938.69, "Total Cost": 2644201.9, "Plan Rows": 126321, "Plan Width": 67, "Group By Key": ["orders.o_totalprice", "orders.o_orderdate", "customer.c_name", "customer.c_custkey", "orders.o_orderkey"], "Plans": [{"Node Type": "Nested Loop", "Parent Relationship": "Outer", "Join Type": "Inner", "Startup Cost": 2315050.5, "Total Cost": 2641043.88, "Plan Rows": 126321, "Plan Width": 59, "Inner Unique": false, "Plans": [{"Node Type": "Nested Loop", "Parent Relationship": "Outer", "Join Type": "Inner", "Startup Cost": 2315050.5, "Total Cost": 2627700.1, "Plan Rows": 13913, "Plan Width": 59, "Inner Unique": true, "Plans": [{"Node Type": "Nested Loop", "Parent Relationship": "Outer", "Join Type": "Inner", "Startup Cost": 2315050.5, "Total Cost": 2618076.97, "Plan Rows": 33034, "Plan Width": 40, "Inner Unique": true, "Plans": [{"Node Type": "Aggregate", "Strategy": "Hashed", "Parent Relationship": "Outer", "Startup Cost": 2315050.5, "Total Cost": 2381201.11, "Plan Rows": 33034, "Plan Width": 24, "Group By Key": ["public.lineitem.l_orderkey"], "Filter": "(sum(public.lineitem.l_quantity) > 314::double precision), (LLVM Optimized)", "Plans": [{"Node Type": "Seq Scan", "Parent Relationship": "Outer", "Relation Name": "lineitem", "Alias": "lineitem", "Startup Cost": 0.0, "Total Cost": 2015115.33, "Plan Rows": 59987033, "Plan Width": 16}]}, {"Node Type": "Index Scan", "Parent Relationship": "Inner", "Scan Direction": "Forward", "Index Name": "orders_pkey", "Relation Name": "orders", "Alias": "orders", "Startup Cost": 0.0, "Total Cost": 7.15, "Plan Rows": 1, "Plan Width": 32, "Index Cond": "(o_orderkey = public.lineitem.l_orderkey)"}]}, {"Node Type": "Index Scan", "Parent Relationship": "Inner", "Scan Direction": "Forward", "Index Name": "customer_pkey", "Relation Name": "customer", "Alias": "customer", "Startup Cost": 0.0, "Total Cost": 0.28, "Plan Rows": 1, "Plan Width": 27, "Index Cond": "(c_custkey = orders.o_custkey)"}]}, {"Node Type": "Index Scan", "Parent Relationship": "Inner", "Scan Direction": "Forward", "Index Name": "idx_lineitem_orderkey", "Relation Name": "lineitem", "Alias": "lineitem", "Startup Cost": 0.0, "Total Cost": 0.87, "Plan Rows": 9, "Plan Width": 16, "Index Cond": "(l_orderkey = orders.o_orderkey)"}]}]}]}]}, "Unique SQL Id": 1915754155, "Planner Runtime": 2}, "explain_analyze_plan": {"Plan": {"Node Type": "Limit", "Startup Cost": 2649029.8, "Total Cost": 2649030.05, "Plan Rows": 100, "Plan Width": 67, "Actual Startup Time": 53367.336, "Actual Total Time": 53367.355, "Actual Rows": 84, "Actual Loops": 1, "Plans": [{"Node Type": "Sort", "Parent Relationship": "Outer", "Startup Cost": 2649029.8, "Total Cost": 2649345.6, "Plan Rows": 100, "Plan Width": 67, "Actual Startup Time": 53367.333, "Actual Total Time": 53367.342, "Actual Rows": 84, "Actual Loops": 1, "Sort Key": ["orders.o_totalprice DESC", "orders.o_orderdate"], "Sort Method": "quicksort", "Sort Space Used": 38, "Sort Space Type": "Memory", "Plans": [{"Node Type": "Aggregate", "Strategy": "Hashed", "Parent Relationship": "Outer", "Startup Cost": 2642938.69, "Total Cost": 2644201.9, "Plan Rows": 126321, "Plan Width": 67, "Actual Startup Time": 53366.678, "Actual Total Time": 53367.237, "Actual Rows": 84, "Actual Loops": 1, "Group By Key": ["orders.o_totalprice", "orders.o_orderdate", "customer.c_name", "customer.c_custkey", "orders.o_orderkey"], "Plans": [{"Node Type": "Nested Loop", "Parent Relationship": "Outer", "Join Type": "Inner", "Startup Cost": 2315050.5, "Total Cost": 2641043.88, "Plan Rows": 126321, "Plan Width": 59, "Actual Startup Time": 47583.176, "Actual Total Time": 53364.795, "Actual Rows": 588, "Actual Loops": 1, "Inner Unique": false, "Plans": [{"Node Type": "Nested Loop", "Parent Relationship": "Outer", "Join Type": "Inner", "Startup Cost": 2315050.5, "Total Cost": 2627700.1, "Plan Rows": 13913, "Plan Width": 59, "Actual Startup Time": 47583.15, "Actual Total Time": 53362.449, "Actual Rows": 84, "Actual Loops": 1, "Inner Unique": true, "Plans": [{"Node Type": "Nested Loop", "Parent Relationship": "Outer", "Join Type": "Inner", "Startup Cost": 2315050.5, "Total Cost": 2618076.97, "Plan Rows": 33034, "Plan Width": 40, "Actual Startup Time": 47583.13, "Actual Total Time": 53361.021, "Actual Rows": 84, "Actual Loops": 1, "Inner Unique": true, "Plans": [{"Node Type": "Aggregate", "Strategy": "Hashed", "Parent Relationship": "Outer", "Startup Cost": 2315050.5, "Total Cost": 2381201.11, "Plan Rows": 33034, "Plan Width": 24, "Actual Startup Time": 47583.052, "Actual Total Time": 53340.03, "Actual Rows": 84, "Actual Loops": 1, "Group By Key": ["public.lineitem.l_orderkey"], "Filter": "(sum(public.lineitem.l_quantity) > 314::double precision), (LLVM Optimized, Jit Execute)", "Rows Removed by Filter": 14999916, "Plans": [{"Node Type": "Seq Scan", "Parent Relationship": "Outer", "Relation Name": "lineitem", "Alias": "lineitem", "Startup Cost": 0.0, "Total Cost": 2015115.33, "Plan Rows": 59987033, "Plan Width": 16, "Actual Startup Time": 0.044, "Actual Total Time": 20352.533, "Actual Rows": 59986052, "Actual Loops": 1}]}, {"Node Type": "Index Scan", "Parent Relationship": "Inner", "Scan Direction": "Forward", "Index Name": "orders_pkey", "Relation Name": "orders", "Alias": "orders", "Startup Cost": 0.0, "Total Cost": 7.15, "Plan Rows": 1, "Plan Width": 32, "Actual Startup Time": 2.902, "Actual Total Time": 2.902, "Actual Rows": 84, "Actual Loops": 84, "Index Cond": "(o_orderkey = public.lineitem.l_orderkey)", "Rows Removed by Index Recheck": 0}]}, {"Node Type": "Index Scan", "Parent Relationship": "Inner", "Scan Direction": "Forward", "Index Name": "customer_pkey", "Relation Name": "customer", "Alias": "customer", "Startup Cost": 0.0, "Total Cost": 0.28, "Plan Rows": 1, "Plan Width": 27, "Actual Startup Time": 1.048, "Actual Total Time": 1.048, "Actual Rows": 84, "Actual Loops": 84, "Index Cond": "(c_custkey = orders.o_custkey)", "Rows Removed by Index Recheck": 0}]}, {"Node Type": "Index Scan", "Parent Relationship": "Inner", "Scan Direction": "Forward", "Index Name": "idx_lineitem_orderkey", "Relation Name": "lineitem", "Alias": "lineitem", "Startup Cost": 0.0, "Total Cost": 0.87, "Plan Rows": 9, "Plan Width": 16, "Actual Startup Time": 1.401, "Actual Total Time": 1.898, "Actual Rows": 588, "Actual Loops": 84, "Index Cond": "(l_orderkey = orders.o_orderkey)", "Rows Removed by Index Recheck": 0}]}]}]}]}, "Triggers": [], "Planner Runtime": 2.116, "Total Runtime": 53376.681, "Unique SQL Id": 1915754155}}, "(16, '5')": {"explain_plan": {"Plan": {"Node Type": "Limit", "Startup Cost": 3874068.21, "Total Cost": 3874068.46, "Plan Rows": 100, "Plan Width": 67, "Plans": [{"Node Type": "Sort", "Parent Relationship": "Outer", "Startup Cost": 3874068.21, "Total Cost": 3874384.02, "Plan Rows": 100, "Plan Width": 67, "Sort Key": ["orders.o_totalprice DESC", "orders.o_orderdate"], "Plans": [{"Node Type": "Aggregate", "Strategy": "Hashed", "Parent Relationship": "Outer", "Startup Cost": 3867977.11, "Total Cost": 3869240.32, "Plan Rows": 126321, "Plan Width": 67, "Group By Key": ["orders.o_totalprice", "orders.o_orderdate", "customer.c_name", "customer.c_custkey", "orders.o_orderkey"], "Plans": [{"Node Type": "Nested Loop", "Parent Relationship": "Outer", "Join Type": "Inner", "Startup Cost": 3540088.91, "Total Cost": 3866082.29, "Plan Rows": 126321, "Plan Width": 59, "Inner Unique": false, "Plans": [{"Node Type": "Nested Loop", "Parent Relationship": "Outer", "Join Type": "Inner", "Startup Cost": 3540088.91, "Total Cost": 3852738.51, "Plan Rows": 13913, "Plan Width": 59, "Inner Unique": true, "Plans": [{"Node Type": "Nested Loop", "Parent Relationship": "Outer", "Join Type": "Inner", "Startup Cost": 3540088.91, "Total Cost": 3843115.38, "Plan Rows": 33034, "Plan Width": 40, "Inner Unique": true, "Plans": [{"Node Type": "Aggregate", "Strategy": "Hashed", "Parent Relationship": "Outer", "Startup Cost": 3540088.91, "Total Cost": 3606239.52, "Plan Rows": 33034, "Plan Width": 24, "Group By Key": ["public.lineitem.l_orderkey"], "Filter": "(sum(public.lineitem.l_quantity) > 314::double precision), (LLVM Optimized)", "Plans": [{"Node Type": "Index Scan", "Parent Relationship": "Outer", "Scan Direction": "Forward", "Index Name": "idx_lineitem_orderkey", "Relation Name": "lineitem", "Alias": "lineitem", "Startup Cost": 0.0, "Total Cost": 3240153.75, "Plan Rows": 59987033, "Plan Width": 16}]}, {"Node Type": "Index Scan", "Parent Relationship": "Inner", "Scan Direction": "Forward", "Index Name": "orders_pkey", "Relation Name": "orders", "Alias": "orders", "Startup Cost": 0.0, "Total Cost": 7.15, "Plan Rows": 1, "Plan Width": 32, "Index Cond": "(o_orderkey = public.lineitem.l_orderkey)"}]}, {"Node Type": "Index Scan", "Parent Relationship": "Inner", "Scan Direction": "Forward", "Index Name": "customer_pkey", "Relation Name": "customer", "Alias": "customer", "Startup Cost": 0.0, "Total Cost": 0.28, "Plan Rows": 1, "Plan Width": 27, "Index Cond": "(c_custkey = orders.o_custkey)"}]}, {"Node Type": "Index Scan", "Parent Relationship": "Inner", "Scan Direction": "Forward", "Index Name": "idx_lineitem_orderkey", "Relation Name": "lineitem", "Alias": "lineitem", "Startup Cost": 0.0, "Total Cost": 0.87, "Plan Rows": 9, "Plan Width": 16, "Index Cond": "(l_orderkey = orders.o_orderkey)"}]}]}]}]}, "Unique SQL Id": 1915754155, "Planner Runtime": 2}, "explain_analyze_plan": {"Plan": {"Node Type": "Limit", "Startup Cost": 3874068.21, "Total Cost": 3874068.46, "Plan Rows": 100, "Plan Width": 67, "Actual Startup Time": 80046.048, "Actual Total Time": 80046.063, "Actual Rows": 84, "Actual Loops": 1, "Plans": [{"Node Type": "Sort", "Parent Relationship": "Outer", "Startup Cost": 3874068.21, "Total Cost": 3874384.02, "Plan Rows": 100, "Plan Width": 67, "Actual Startup Time": 80046.046, "Actual Total Time": 80046.051, "Actual Rows": 84, "Actual Loops": 1, "Sort Key": ["orders.o_totalprice DESC", "orders.o_orderdate"], "Sort Method": "quicksort", "Sort Space Used": 38, "Sort Space Type": "Memory", "Plans": [{"Node Type": "Aggregate", "Strategy": "Hashed", "Parent Relationship": "Outer", "Startup Cost": 3867977.11, "Total Cost": 3869240.32, "Plan Rows": 126321, "Plan Width": 67, "Actual Startup Time": 80045.618, "Actual Total Time": 80045.952, "Actual Rows": 84, "Actual Loops": 1, "Group By Key": ["orders.o_totalprice", "orders.o_orderdate", "customer.c_name", "customer.c_custkey", "orders.o_orderkey"], "Plans": [{"Node Type": "Nested Loop", "Parent Relationship": "Outer", "Join Type": "Inner", "Startup Cost": 3540088.91, "Total Cost": 3866082.29, "Plan Rows": 126321, "Plan Width": 59, "Actual Startup Time": 71660.31, "Actual Total Time": 80043.737, "Actual Rows": 588, "Actual Loops": 1, "Inner Unique": false, "Plans": [{"Node Type": "Nested Loop", "Parent Relationship": "Outer", "Join Type": "Inner", "Startup Cost": 3540088.91, "Total Cost": 3852738.51, "Plan Rows": 13913, "Plan Width": 59, "Actual Startup Time": 71660.278, "Actual Total Time": 80041.063, "Actual Rows": 84, "Actual Loops": 1, "Inner Unique": true, "Plans": [{"Node Type": "Nested Loop", "Parent Relationship": "Outer", "Join Type": "Inner", "Startup Cost": 3540088.91, "Total Cost": 3843115.38, "Plan Rows": 33034, "Plan Width": 40, "Actual Startup Time": 71660.251, "Actual Total Time": 80039.183, "Actual Rows": 84, "Actual Loops": 1, "Inner Unique": true, "Plans": [{"Node Type": "Aggregate", "Strategy": "Hashed", "Parent Relationship": "Outer", "Startup Cost": 3540088.91, "Total Cost": 3606239.52, "Plan Rows": 33034, "Plan Width": 24, "Actual Startup Time": 71660.193, "Actual Total Time": 80016.864, "Actual Rows": 84, "Actual Loops": 1, "Group By Key": ["public.lineitem.l_orderkey"], "Filter": "(sum(public.lineitem.l_quantity) > 314::double precision), (LLVM Optimized, Jit Execute)", "Rows Removed by Filter": 14999916, "Plans": [{"Node Type": "Index Scan", "Parent Relationship": "Outer", "Scan Direction": "Forward", "Index Name": "idx_lineitem_orderkey", "Relation Name": "lineitem", "Alias": "lineitem", "Startup Cost": 0.0, "Total Cost": 3240153.75, "Plan Rows": 59987033, "Plan Width": 16, "Actual Startup Time": 0.058, "Actual Total Time": 41400.691, "Actual Rows": 59986052, "Actual Loops": 1}]}, {"Node Type": "Index Scan", "Parent Relationship": "Inner", "Scan Direction": "Forward", "Index Name": "orders_pkey", "Relation Name": "orders", "Alias": "orders", "Startup Cost": 0.0, "Total Cost": 7.15, "Plan Rows": 1, "Plan Width": 32, "Actual Startup Time": 2.944, "Actual Total Time": 2.944, "Actual Rows": 84, "Actual Loops": 84, "Index Cond": "(o_orderkey = public.lineitem.l_orderkey)", "Rows Removed by Index Recheck": 0}]}, {"Node Type": "Index Scan", "Parent Relationship": "Inner", "Scan Direction": "Forward", "Index Name": "customer_pkey", "Relation Name": "customer", "Alias": "customer", "Startup Cost": 0.0, "Total Cost": 0.28, "Plan Rows": 1, "Plan Width": 27, "Actual Startup Time": 1.358, "Actual Total Time": 1.358, "Actual Rows": 84, "Actual Loops": 84, "Index Cond": "(c_custkey = orders.o_custkey)", "Rows Removed by Index Recheck": 0}]}, {"Node Type": "Index Scan", "Parent Relationship": "Inner", "Scan Direction": "Forward", "Index Name": "idx_lineitem_orderkey", "Relation Name": "lineitem", "Alias": "lineitem", "Startup Cost": 0.0, "Total Cost": 0.87, "Plan Rows": 9, "Plan Width": 16, "Actual Startup Time": 1.639, "Actual Total Time": 2.066, "Actual Rows": 588, "Actual Loops": 84, "Index Cond": "(l_orderkey = orders.o_orderkey)", "Rows Removed by Index Recheck": 0}]}]}]}]}, "Triggers": [], "Planner Runtime": 2.569, "Total Runtime": 80056.92, "Unique SQL Id": 1915754155}}, "(16, '6')": {"explain_plan": {"Plan": {"Node Type": "Limit", "Startup Cost": 2768625.52, "Total Cost": 2768625.77, "Plan Rows": 100, "Plan Width": 67, "Plans": [{"Node Type": "Sort", "Parent Relationship": "Outer", "Startup Cost": 2768625.52, "Total Cost": 2768941.33, "Plan Rows": 100, "Plan Width": 67, "Sort Key": ["orders.o_totalprice DESC", "orders.o_orderdate"], "Plans": [{"Node Type": "Aggregate", "Strategy": "Hashed", "Parent Relationship": "Outer", "Startup Cost": 2762534.42, "Total Cost": 2763797.63, "Plan Rows": 126321, "Plan Width": 67, "Group By Key": ["orders.o_totalprice", "orders.o_orderdate", "customer.c_name", "customer.c_custkey", "orders.o_orderkey"], "Plans": [{"Node Type": "Nested Loop", "Parent Relationship": "Outer", "Join Type": "Inner", "Startup Cost": 2385930.24, "Total Cost": 2760639.6, "Plan Rows": 126321, "Plan Width": 59, "Inner Unique": false, "Plans": [{"Node Type": "Hash Join", "Parent Relationship": "Outer", "Join Type": "Inner", "Startup Cost": 2385929.86, "Total Cost": 2696863.45, "Plan Rows": 13913, "Plan Width": 59, "Inner Unique": true, "Hash Cond": "(orders.o_custkey = customer.c_custkey)", "Plans": [{"Node Type": "Nested Loop", "Parent Relationship": "Outer", "Join Type": "Inner", "Startup Cost": 2315053.86, "Total Cost": 2625533.23, "Plan Rows": 33034, "Plan Width": 40, "Inner Unique": true, "Plans": [{"Node Type": "Aggregate", "Strategy": "Hashed", "Parent Relationship": "Outer", "Startup Cost": 2315050.5, "Total Cost": 2381201.11, "Plan Rows": 33034, "Plan Width": 24, "Group By Key": ["public.lineitem.l_orderkey"], "Filter": "(sum(public.lineitem.l_quantity) > 314::double precision), (LLVM Optimized)", "Plans": [{"Node Type": "Seq Scan", "Parent Relationship": "Outer", "Relation Name": "lineitem", "Alias": "lineitem", "Startup Cost": 0.0, "Total Cost": 2015115.33, "Plan Rows": 59987033, "Plan Width": 16}]}, {"Node Type": "Bitmap Heap Scan", "Parent Relationship": "Inner", "Relation Name": "orders", "Alias": "orders", "Startup Cost": 3.36, "Total Cost": 7.38, "Plan Rows": 1, "Plan Width": 32, "Recheck Cond": "(o_orderkey = public.lineitem.l_orderkey)", "Plans": [{"Node Type": "Bitmap Index Scan", "Parent Relationship": "Outer", "Index Name": "orders_pkey", "Startup Cost": 0.0, "Total Cost": 3.36, "Plan Rows": 1, "Plan Width": 0, "Index Cond": "(o_orderkey = public.lineitem.l_orderkey)"}]}]}, {"Node Type": "Hash", "Parent Relationship": "Inner", "Startup Cost": 52126.0, "Total Cost": 52126.0, "Plan Rows": 1500000, "Plan Width": 27, "Plans": [{"Node Type": "Seq Scan", "Parent Relationship": "Outer", "Relation Name": "customer", "Alias": "customer", "Startup Cost": 0.0, "Total Cost": 52126.0, "Plan Rows": 1500000, "Plan Width": 27}]}]}, {"Node Type": "Bitmap Heap Scan", "Parent Relationship": "Inner", "Relation Name": "lineitem", "Alias": "lineitem", "Startup Cost": 0.38, "Total Cost": 4.49, "Plan Rows": 9, "Plan Width": 16, "Recheck Cond": "(l_orderkey = orders.o_orderkey)", "Plans": [{"Node Type": "Bitmap Index Scan", "Parent Relationship": "Outer", "Index Name": "idx_lineitem_orderkey", "Startup Cost": 0.0, "Total Cost": 0.38, "Plan Rows": 9, "Plan Width": 0, "Index Cond": "(l_orderkey = orders.o_orderkey)"}]}]}]}]}]}, "Unique SQL Id": 1915754155, "Planner Runtime": 2}, "explain_analyze_plan": {"Plan": {"Node Type": "Limit", "Startup Cost": 2768625.52, "Total Cost": 2768625.77, "Plan Rows": 100, "Plan Width": 67, "Actual Startup Time": 54408.291, "Actual Total Time": 54408.306, "Actual Rows": 84, "Actual Loops": 1, "Plans": [{"Node Type": "Sort", "Parent Relationship": "Outer", "Startup Cost": 2768625.52, "Total Cost": 2768941.33, "Plan Rows": 100, "Plan Width": 67, "Actual Startup Time": 54408.289, "Actual Total Time": 54408.297, "Actual Rows": 84, "Actual Loops": 1, "Sort Key": ["orders.o_totalprice DESC", "orders.o_orderdate"], "Sort Method": "quicksort", "Sort Space Used": 38, "Sort Space Type": "Memory", "Plans": [{"Node Type": "Aggregate", "Strategy": "Hashed", "Parent Relationship": "Outer", "Startup Cost": 2762534.42, "Total Cost": 2763797.63, "Plan Rows": 126321, "Plan Width": 67, "Actual Startup Time": 54407.79, "Actual Total Time": 54408.184, "Actual Rows": 84, "Actual Loops": 1, "Group By Key": ["orders.o_totalprice", "orders.o_orderdate", "customer.c_name", "customer.c_custkey", "orders.o_orderkey"], "Plans": [{"Node Type": "Nested Loop", "Parent Relationship": "Outer", "Join Type": "Inner", "Startup Cost": 2385930.24, "Total Cost": 2760639.6, "Plan Rows": 126321, "Plan Width": 59, "Actual Startup Time": 47887.873, "Actual Total Time": 54405.571, "Actual Rows": 588, "Actual Loops": 1, "Inner Unique": false, "Plans": [{"Node Type": "Hash Join", "Parent Relationship": "Outer", "Join Type": "Inner", "Startup Cost": 2385929.86, "Total Cost": 2696863.45, "Plan Rows": 13913, "Plan Width": 59, "Actual Startup Time": 47887.826, "Actual Total Time": 54385.711, "Actual Rows": 84, "Actual Loops": 1, "Inner Unique": true, "Hash Cond": "(orders.o_custkey = customer.c_custkey)", "Plans": [{"Node Type": "Nested Loop", "Parent Relationship": "Outer", "Join Type": "Inner", "Startup Cost": 2315053.86, "Total Cost": 2625533.23, "Plan Rows": 33034, "Plan Width": 40, "Actual Startup Time": 46674.088, "Actual Total Time": 53167.993, "Actual Rows": 84, "Actual Loops": 1, "Inner Unique": true, "Plans": [{"Node Type": "Aggregate", "Strategy": "Hashed", "Parent Relationship": "Outer", "Startup Cost": 2315050.5, "Total Cost": 2381201.11, "Plan Rows": 33034, "Plan Width": 24, "Actual Startup Time": 46673.991, "Actual Total Time": 53149.284, "Actual Rows": 84, "Actual Loops": 1, "Group By Key": ["public.lineitem.l_orderkey"], "Filter": "(sum(public.lineitem.l_quantity) > 314::double precision), (LLVM Optimized, Jit Execute)", "Rows Removed by Filter": 14999916, "Plans": [{"Node Type": "Seq Scan", "Parent Relationship": "Outer", "Relation Name": "lineitem", "Alias": "lineitem", "Startup Cost": 0.0, "Total Cost": 2015115.33, "Plan Rows": 59987033, "Plan Width": 16, "Actual Startup Time": 0.042, "Actual Total Time": 20120.77, "Actual Rows": 59986052, "Actual Loops": 1}]}, {"Node Type": "Bitmap Heap Scan", "Parent Relationship": "Inner", "Relation Name": "orders", "Alias": "orders", "Startup Cost": 3.36, "Total Cost": 7.38, "Plan Rows": 1, "Plan Width": 32, "Actual Startup Time": 3.694, "Actual Total Time": 3.694, "Actual Rows": 84, "Actual Loops": 84, "Recheck Cond": "(o_orderkey = public.lineitem.l_orderkey)", "Rows Removed by Index Recheck": 0, "Exact Heap Blocks": 84, "Lossy Heap Blocks": 84, "Plans": [{"Node Type": "Bitmap Index Scan", "Parent Relationship": "Outer", "Index Name": "orders_pkey", "Startup Cost": 0.0, "Total Cost": 3.36, "Plan Rows": 1, "Plan Width": 0, "Actual Startup Time": 2.443, "Actual Total Time": 2.443, "Actual Rows": 84, "Actual Loops": 84, "Index Cond": "(o_orderkey = public.lineitem.l_orderkey)"}]}]}, {"Node Type": "Hash", "Parent Relationship": "Inner", "Startup Cost": 52126.0, "Total Cost": 52126.0, "Plan Rows": 1500000, "Plan Width": 27, "Actual Startup Time": 1212.32, "Actual Total Time": 1212.32, "Actual Rows": 1500000, "Actual Loops": 1, "Hash Buckets": 2097152, "Hash Batches": 1, "Original Hash Batches": 1, "Peak Memory Usage": 93750, "Plans": [{"Node Type": "Seq Scan", "Parent Relationship": "Outer", "Relation Name": "customer", "Alias": "customer", "Startup Cost": 0.0, "Total Cost": 52126.0, "Plan Rows": 1500000, "Plan Width": 27, "Actual Startup Time": 0.024, "Actual Total Time": 537.232, "Actual Rows": 1500000, "Actual Loops": 1}]}]}, {"Node Type": "Bitmap Heap Scan", "Parent Relationship": "Inner", "Relation Name": "lineitem", "Alias": "lineitem", "Startup Cost": 0.38, "Total Cost": 4.49, "Plan Rows": 9, "Plan Width": 16, "Actual Startup Time": 2.302, "Actual Total Time": 2.448, "Actual Rows": 588, "Actual Loops": 84, "Recheck Cond": "(l_orderkey = orders.o_orderkey)", "Rows Removed by Index Recheck": 0, "Exact Heap Blocks": 96, "Lossy Heap Blocks": 96, "Plans": [{"Node Type": "Bitmap Index Scan", "Parent Relationship": "Outer", "Index Name": "idx_lineitem_orderkey", "Startup Cost": 0.0, "Total Cost": 0.38, "Plan Rows": 9, "Plan Width": 0, "Actual Startup Time": 1.463, "Actual Total Time": 1.463, "Actual Rows": 588, "Actual Loops": 84, "Index Cond": "(l_orderkey = orders.o_orderkey)"}]}]}]}]}]}, "Triggers": [], "Planner Runtime": 2.048, "Total Runtime": 54418.458, "Unique SQL Id": 1915754155}}, "(16, '7')": {"explain_plan": {"Plan": {"Node Type": "Limit", "Startup Cost": 1000324838994.8, "Total Cost": 1000324838995.05, "Plan Rows": 100, "Plan Width": 67, "Plans": [{"Node Type": "Sort", "Parent Relationship": "Outer", "Startup Cost": 1000324838994.8, "Total Cost": 1000324839310.61, "Plan Rows": 100, "Plan Width": 67, "Sort Key": ["orders.o_totalprice DESC", "orders.o_orderdate"], "Plans": [{"Node Type": "Aggregate", "Strategy": "Hashed", "Parent Relationship": "Outer", "Startup Cost": 1000324832903.7, "Total Cost": 1000324834166.91, "Plan Rows": 126321, "Plan Width": 67, "Group By Key": ["orders.o_totalprice", "orders.o_orderdate", "customer.c_name", "customer.c_custkey", "orders.o_orderkey"], "Plans": [{"Node Type": "Nested Loop", "Parent Relationship": "Outer", "Join Type": "Inner", "Startup Cost": 1000324315313.67, "Total Cost": 1000324831008.88, "Plan Rows": 126321, "Plan Width": 59, "Inner Unique": false, "Plans": [{"Node Type": "Nested Loop", "Parent Relationship": "Outer", "Join Type": "Inner", "Startup Cost": 1000324315313.29, "Total Cost": 1000324767232.73, "Plan Rows": 13913, "Plan Width": 59, "Inner Unique": true, "Plans": [{"Node Type": "Nested Loop", "Parent Relationship": "Outer", "Join Type": "Inner", "Startup Cost": 1000324315313.03, "Total Cost": 1000324625792.4, "Plan Rows": 33034, "Plan Width": 40, "Inner Unique": true, "Plans": [{"Node Type": "Aggregate", "Strategy": "Hashed", "Parent Relationship": "Outer", "Startup Cost": 1000324315309.67, "Total Cost": 1000324381460.28, "Plan Rows": 33034, "Plan Width": 24, "Group By Key": ["public.lineitem.l_orderkey"], "Filter": "(sum(public.lineitem.l_quantity) > 314::double precision), (LLVM Optimized)", "Plans": [{"Node Type": "Index Scan", "Parent Relationship": "Outer", "Scan Direction": "Forward", "Index Name": "idx_lineitem_orderkey", "Relation Name": "lineitem", "Alias": "lineitem", "Startup Cost": 10000000000.0, "Total Cost": 1000324015374.5, "Plan Rows": 59987033, "Plan Width": 16}]}, {"Node Type": "Bitmap Heap Scan", "Parent Relationship": "Inner", "Relation Name": "orders", "Alias": "orders", "Startup Cost": 3.36, "Total Cost": 7.38, "Plan Rows": 1, "Plan Width": 32, "Recheck Cond": "(o_orderkey = public.lineitem.l_orderkey)", "Plans": [{"Node Type": "Bitmap Index Scan", "Parent Relationship": "Outer", "Index Name": "orders_pkey", "Startup Cost": 0.0, "Total Cost": 3.36, "Plan Rows": 1, "Plan Width": 0, "Index Cond": "(o_orderkey = public.lineitem.l_orderkey)"}]}]}, {"Node Type": "Bitmap Heap Scan", "Parent Relationship": "Inner", "Relation Name": "customer", "Alias": "customer", "Startup Cost": 0.26, "Total Cost": 4.27, "Plan Rows": 1, "Plan Width": 27, "Recheck Cond": "(c_custkey = orders.o_custkey)", "Plans": [{"Node Type": "Bitmap Index Scan", "Parent Relationship": "Outer", "Index Name": "customer_pkey", "Startup Cost": 0.0, "Total Cost": 0.26, "Plan Rows": 1, "Plan Width": 0, "Index Cond": "(c_custkey = orders.o_custkey)"}]}]}, {"Node Type": "Bitmap Heap Scan", "Parent Relationship": "Inner", "Relation Name": "lineitem", "Alias": "lineitem", "Startup Cost": 0.38, "Total Cost": 4.49, "Plan Rows": 9, "Plan Width": 16, "Recheck Cond": "(l_orderkey = orders.o_orderkey)", "Plans": [{"Node Type": "Bitmap Index Scan", "Parent Relationship": "Outer", "Index Name": "idx_lineitem_orderkey", "Startup Cost": 0.0, "Total Cost": 0.38, "Plan Rows": 9, "Plan Width": 0, "Index Cond": "(l_orderkey = orders.o_orderkey)"}]}]}]}]}]}, "Unique SQL Id": 1915754155, "Planner Runtime": 1}, "explain_analyze_plan": {"Plan": {"Node Type": "Limit", "Startup Cost": 1000324838994.8, "Total Cost": 1000324838995.05, "Plan Rows": 100, "Plan Width": 67, "Actual Startup Time": 80385.074, "Actual Total Time": 80385.092, "Actual Rows": 84, "Actual Loops": 1, "Plans": [{"Node Type": "Sort", "Parent Relationship": "Outer", "Startup Cost": 1000324838994.8, "Total Cost": 1000324839310.61, "Plan Rows": 100, "Plan Width": 67, "Actual Startup Time": 80385.071, "Actual Total Time": 80385.08, "Actual Rows": 84, "Actual Loops": 1, "Sort Key": ["orders.o_totalprice DESC", "orders.o_orderdate"], "Sort Method": "quicksort", "Sort Space Used": 38, "Sort Space Type": "Memory", "Plans": [{"Node Type": "Aggregate", "Strategy": "Hashed", "Parent Relationship": "Outer", "Startup Cost": 1000324832903.7, "Total Cost": 1000324834166.91, "Plan Rows": 126321, "Plan Width": 67, "Actual Startup Time": 80384.393, "Actual Total Time": 80384.969, "Actual Rows": 84, "Actual Loops": 1, "Group By Key": ["orders.o_totalprice", "orders.o_orderdate", "customer.c_name", "customer.c_custkey", "orders.o_orderkey"], "Plans": [{"Node Type": "Nested Loop", "Parent Relationship": "Outer", "Join Type": "Inner", "Startup Cost": 1000324315313.67, "Total Cost": 1000324831008.88, "Plan Rows": 126321, "Plan Width": 59, "Actual Startup Time": 72233.603, "Actual Total Time": 80382.462, "Actual Rows": 588, "Actual Loops": 1, "Inner Unique": false, "Plans": [{"Node Type": "Nested Loop", "Parent Relationship": "Outer", "Join Type": "Inner", "Startup Cost": 1000324315313.29, "Total Cost": 1000324767232.73, "Plan Rows": 13913, "Plan Width": 59, "Actual Startup Time": 72233.569, "Actual Total Time": 80379.219, "Actual Rows": 84, "Actual Loops": 1, "Inner Unique": true, "Plans": [{"Node Type": "Nested Loop", "Parent Relationship": "Outer", "Join Type": "Inner", "Startup Cost": 1000324315313.03, "Total Cost": 1000324625792.4, "Plan Rows": 33034, "Plan Width": 40, "Actual Startup Time": 72233.51, "Actual Total Time": 80376.925, "Actual Rows": 84, "Actual Loops": 1, "Inner Unique": true, "Plans": [{"Node Type": "Aggregate", "Strategy": "Hashed", "Parent Relationship": "Outer", "Startup Cost": 1000324315309.67, "Total Cost": 1000324381460.28, "Plan Rows": 33034, "Plan Width": 24, "Actual Startup Time": 72233.393, "Actual Total Time": 80354.823, "Actual Rows": 84, "Actual Loops": 1, "Group By Key": ["public.lineitem.l_orderkey"], "Filter": "(sum(public.lineitem.l_quantity) > 314::double precision), (LLVM Optimized, Jit Execute)", "Rows Removed by Filter": 14999916, "Plans": [{"Node Type": "Index Scan", "Parent Relationship": "Outer", "Scan Direction": "Forward", "Index Name": "idx_lineitem_orderkey", "Relation Name": "lineitem", "Alias": "lineitem", "Startup Cost": 10000000000.0, "Total Cost": 1000324015374.5, "Plan Rows": 59987033, "Plan Width": 16, "Actual Startup Time": 0.063, "Actual Total Time": 42277.738, "Actual Rows": 59986052, "Actual Loops": 1}]}, {"Node Type": "Bitmap Heap Scan", "Parent Relationship": "Inner", "Relation Name": "orders", "Alias": "orders", "Startup Cost": 3.36, "Total Cost": 7.38, "Plan Rows": 1, "Plan Width": 32, "Actual Startup Time": 3.479, "Actual Total Time": 3.479, "Actual Rows": 84, "Actual Loops": 84, "Recheck Cond": "(o_orderkey = public.lineitem.l_orderkey)", "Rows Removed by Index Recheck": 0, "Exact Heap Blocks": 84, "Lossy Heap Blocks": 84, "Plans": [{"Node Type": "Bitmap Index Scan", "Parent Relationship": "Outer", "Index Name": "orders_pkey", "Startup Cost": 0.0, "Total Cost": 3.36, "Plan Rows": 1, "Plan Width": 0, "Actual Startup Time": 2.316, "Actual Total Time": 2.316, "Actual Rows": 84, "Actual Loops": 84, "Index Cond": "(o_orderkey = public.lineitem.l_orderkey)"}]}]}, {"Node Type": "Bitmap Heap Scan", "Parent Relationship": "Inner", "Relation Name": "customer", "Alias": "customer", "Startup Cost": 0.26, "Total Cost": 4.27, "Plan Rows": 1, "Plan Width": 27, "Actual Startup Time": 1.615, "Actual Total Time": 1.615, "Actual Rows": 84, "Actual Loops": 84, "Recheck Cond": "(c_custkey = orders.o_custkey)", "Rows Removed by Index Recheck": 0, "Exact Heap Blocks": 84, "Lossy Heap Blocks": 84, "Plans": [{"Node Type": "Bitmap Index Scan", "Parent Relationship": "Outer", "Index Name": "customer_pkey", "Startup Cost": 0.0, "Total Cost": 0.26, "Plan Rows": 1, "Plan Width": 0, "Actual Startup Time": 0.975, "Actual Total Time": 0.975, "Actual Rows": 84, "Actual Loops": 84, "Index Cond": "(c_custkey = orders.o_custkey)"}]}]}, {"Node Type": "Bitmap Heap Scan", "Parent Relationship": "Inner", "Relation Name": "lineitem", "Alias": "lineitem", "Startup Cost": 0.38, "Total Cost": 4.49, "Plan Rows": 9, "Plan Width": 16, "Actual Startup Time": 2.193, "Actual Total Time": 2.369, "Actual Rows": 588, "Actual Loops": 84, "Recheck Cond": "(l_orderkey = orders.o_orderkey)", "Rows Removed by Index Recheck": 0, "Exact Heap Blocks": 96, "Lossy Heap Blocks": 96, "Plans": [{"Node Type": "Bitmap Index Scan", "Parent Relationship": "Outer", "Index Name": "idx_lineitem_orderkey", "Startup Cost": 0.0, "Total Cost": 0.38, "Plan Rows": 9, "Plan Width": 0, "Actual Startup Time": 1.36, "Actual Total Time": 1.36, "Actual Rows": 588, "Actual Loops": 84, "Index Cond": "(l_orderkey = orders.o_orderkey)"}]}]}]}]}]}, "Triggers": [], "Planner Runtime": 2.016, "Total Runtime": 80394.686, "Unique SQL Id": 1915754155}}, "(16, '8')": {"explain_plan": {"Plan": {"Node Type": "Limit", "Startup Cost": 2649029.8, "Total Cost": 2649030.05, "Plan Rows": 100, "Plan Width": 67, "Plans": [{"Node Type": "Sort", "Parent Relationship": "Outer", "Startup Cost": 2649029.8, "Total Cost": 2649345.6, "Plan Rows": 100, "Plan Width": 67, "Sort Key": ["orders.o_totalprice DESC", "orders.o_orderdate"], "Plans": [{"Node Type": "Aggregate", "Strategy": "Hashed", "Parent Relationship": "Outer", "Startup Cost": 2642938.69, "Total Cost": 2644201.9, "Plan Rows": 126321, "Plan Width": 67, "Group By Key": ["orders.o_totalprice", "orders.o_orderdate", "customer.c_name", "customer.c_custkey", "orders.o_orderkey"], "Plans": [{"Node Type": "Nested Loop", "Parent Relationship": "Outer", "Join Type": "Inner", "Startup Cost": 2315050.5, "Total Cost": 2641043.88, "Plan Rows": 126321, "Plan Width": 59, "Inner Unique": false, "Plans": [{"Node Type": "Nested Loop", "Parent Relationship": "Outer", "Join Type": "Inner", "Startup Cost": 2315050.5, "Total Cost": 2627700.1, "Plan Rows": 13913, "Plan Width": 59, "Inner Unique": true, "Plans": [{"Node Type": "Nested Loop", "Parent Relationship": "Outer", "Join Type": "Inner", "Startup Cost": 2315050.5, "Total Cost": 2618076.97, "Plan Rows": 33034, "Plan Width": 40, "Inner Unique": true, "Plans": [{"Node Type": "Aggregate", "Strategy": "Hashed", "Parent Relationship": "Outer", "Startup Cost": 2315050.5, "Total Cost": 2381201.11, "Plan Rows": 33034, "Plan Width": 24, "Group By Key": ["public.lineitem.l_orderkey"], "Filter": "(sum(public.lineitem.l_quantity) > 314::double precision), (LLVM Optimized)", "Plans": [{"Node Type": "Seq Scan", "Parent Relationship": "Outer", "Relation Name": "lineitem", "Alias": "lineitem", "Startup Cost": 0.0, "Total Cost": 2015115.33, "Plan Rows": 59987033, "Plan Width": 16}]}, {"Node Type": "Index Scan", "Parent Relationship": "Inner", "Scan Direction": "Forward", "Index Name": "orders_pkey", "Relation Name": "orders", "Alias": "orders", "Startup Cost": 0.0, "Total Cost": 7.15, "Plan Rows": 1, "Plan Width": 32, "Index Cond": "(o_orderkey = public.lineitem.l_orderkey)"}]}, {"Node Type": "Index Scan", "Parent Relationship": "Inner", "Scan Direction": "Forward", "Index Name": "customer_pkey", "Relation Name": "customer", "Alias": "customer", "Startup Cost": 0.0, "Total Cost": 0.28, "Plan Rows": 1, "Plan Width": 27, "Index Cond": "(c_custkey = orders.o_custkey)"}]}, {"Node Type": "Index Scan", "Parent Relationship": "Inner", "Scan Direction": "Forward", "Index Name": "idx_lineitem_orderkey", "Relation Name": "lineitem", "Alias": "lineitem", "Startup Cost": 0.0, "Total Cost": 0.87, "Plan Rows": 9, "Plan Width": 16, "Index Cond": "(l_orderkey = orders.o_orderkey)"}]}]}]}]}, "Unique SQL Id": 1915754155, "Planner Runtime": 2}, "explain_analyze_plan": {"Plan": {"Node Type": "Limit", "Startup Cost": 2649029.8, "Total Cost": 2649030.05, "Plan Rows": 100, "Plan Width": 67, "Actual Startup Time": 53367.336, "Actual Total Time": 53367.355, "Actual Rows": 84, "Actual Loops": 1, "Plans": [{"Node Type": "Sort", "Parent Relationship": "Outer", "Startup Cost": 2649029.8, "Total Cost": 2649345.6, "Plan Rows": 100, "Plan Width": 67, "Actual Startup Time": 53367.333, "Actual Total Time": 53367.342, "Actual Rows": 84, "Actual Loops": 1, "Sort Key": ["orders.o_totalprice DESC", "orders.o_orderdate"], "Sort Method": "quicksort", "Sort Space Used": 38, "Sort Space Type": "Memory", "Plans": [{"Node Type": "Aggregate", "Strategy": "Hashed", "Parent Relationship": "Outer", "Startup Cost": 2642938.69, "Total Cost": 2644201.9, "Plan Rows": 126321, "Plan Width": 67, "Actual Startup Time": 53366.678, "Actual Total Time": 53367.237, "Actual Rows": 84, "Actual Loops": 1, "Group By Key": ["orders.o_totalprice", "orders.o_orderdate", "customer.c_name", "customer.c_custkey", "orders.o_orderkey"], "Plans": [{"Node Type": "Nested Loop", "Parent Relationship": "Outer", "Join Type": "Inner", "Startup Cost": 2315050.5, "Total Cost": 2641043.88, "Plan Rows": 126321, "Plan Width": 59, "Actual Startup Time": 47583.176, "Actual Total Time": 53364.795, "Actual Rows": 588, "Actual Loops": 1, "Inner Unique": false, "Plans": [{"Node Type": "Nested Loop", "Parent Relationship": "Outer", "Join Type": "Inner", "Startup Cost": 2315050.5, "Total Cost": 2627700.1, "Plan Rows": 13913, "Plan Width": 59, "Actual Startup Time": 47583.15, "Actual Total Time": 53362.449, "Actual Rows": 84, "Actual Loops": 1, "Inner Unique": true, "Plans": [{"Node Type": "Nested Loop", "Parent Relationship": "Outer", "Join Type": "Inner", "Startup Cost": 2315050.5, "Total Cost": 2618076.97, "Plan Rows": 33034, "Plan Width": 40, "Actual Startup Time": 47583.13, "Actual Total Time": 53361.021, "Actual Rows": 84, "Actual Loops": 1, "Inner Unique": true, "Plans": [{"Node Type": "Aggregate", "Strategy": "Hashed", "Parent Relationship": "Outer", "Startup Cost": 2315050.5, "Total Cost": 2381201.11, "Plan Rows": 33034, "Plan Width": 24, "Actual Startup Time": 47583.052, "Actual Total Time": 53340.03, "Actual Rows": 84, "Actual Loops": 1, "Group By Key": ["public.lineitem.l_orderkey"], "Filter": "(sum(public.lineitem.l_quantity) > 314::double precision), (LLVM Optimized, Jit Execute)", "Rows Removed by Filter": 14999916, "Plans": [{"Node Type": "Seq Scan", "Parent Relationship": "Outer", "Relation Name": "lineitem", "Alias": "lineitem", "Startup Cost": 0.0, "Total Cost": 2015115.33, "Plan Rows": 59987033, "Plan Width": 16, "Actual Startup Time": 0.044, "Actual Total Time": 20352.533, "Actual Rows": 59986052, "Actual Loops": 1}]}, {"Node Type": "Index Scan", "Parent Relationship": "Inner", "Scan Direction": "Forward", "Index Name": "orders_pkey", "Relation Name": "orders", "Alias": "orders", "Startup Cost": 0.0, "Total Cost": 7.15, "Plan Rows": 1, "Plan Width": 32, "Actual Startup Time": 2.902, "Actual Total Time": 2.902, "Actual Rows": 84, "Actual Loops": 84, "Index Cond": "(o_orderkey = public.lineitem.l_orderkey)", "Rows Removed by Index Recheck": 0}]}, {"Node Type": "Index Scan", "Parent Relationship": "Inner", "Scan Direction": "Forward", "Index Name": "customer_pkey", "Relation Name": "customer", "Alias": "customer", "Startup Cost": 0.0, "Total Cost": 0.28, "Plan Rows": 1, "Plan Width": 27, "Actual Startup Time": 1.048, "Actual Total Time": 1.048, "Actual Rows": 84, "Actual Loops": 84, "Index Cond": "(c_custkey = orders.o_custkey)", "Rows Removed by Index Recheck": 0}]}, {"Node Type": "Index Scan", "Parent Relationship": "Inner", "Scan Direction": "Forward", "Index Name": "idx_lineitem_orderkey", "Relation Name": "lineitem", "Alias": "lineitem", "Startup Cost": 0.0, "Total Cost": 0.87, "Plan Rows": 9, "Plan Width": 16, "Actual Startup Time": 1.401, "Actual Total Time": 1.898, "Actual Rows": 588, "Actual Loops": 84, "Index Cond": "(l_orderkey = orders.o_orderkey)", "Rows Removed by Index Recheck": 0}]}]}]}]}, "Triggers": [], "Planner Runtime": 2.116, "Total Runtime": 53376.681, "Unique SQL Id": 1915754155}}, "(16, '9')": {"explain_plan": {"Plan": {"Node Type": "Limit", "Startup Cost": 3874068.21, "Total Cost": 3874068.46, "Plan Rows": 100, "Plan Width": 67, "Plans": [{"Node Type": "Sort", "Parent Relationship": "Outer", "Startup Cost": 3874068.21, "Total Cost": 3874384.02, "Plan Rows": 100, "Plan Width": 67, "Sort Key": ["orders.o_totalprice DESC", "orders.o_orderdate"], "Plans": [{"Node Type": "Aggregate", "Strategy": "Hashed", "Parent Relationship": "Outer", "Startup Cost": 3867977.11, "Total Cost": 3869240.32, "Plan Rows": 126321, "Plan Width": 67, "Group By Key": ["orders.o_totalprice", "orders.o_orderdate", "customer.c_name", "customer.c_custkey", "orders.o_orderkey"], "Plans": [{"Node Type": "Nested Loop", "Parent Relationship": "Outer", "Join Type": "Inner", "Startup Cost": 3540088.91, "Total Cost": 3866082.29, "Plan Rows": 126321, "Plan Width": 59, "Inner Unique": false, "Plans": [{"Node Type": "Nested Loop", "Parent Relationship": "Outer", "Join Type": "Inner", "Startup Cost": 3540088.91, "Total Cost": 3852738.51, "Plan Rows": 13913, "Plan Width": 59, "Inner Unique": true, "Plans": [{"Node Type": "Nested Loop", "Parent Relationship": "Outer", "Join Type": "Inner", "Startup Cost": 3540088.91, "Total Cost": 3843115.38, "Plan Rows": 33034, "Plan Width": 40, "Inner Unique": true, "Plans": [{"Node Type": "Aggregate", "Strategy": "Hashed", "Parent Relationship": "Outer", "Startup Cost": 3540088.91, "Total Cost": 3606239.52, "Plan Rows": 33034, "Plan Width": 24, "Group By Key": ["public.lineitem.l_orderkey"], "Filter": "(sum(public.lineitem.l_quantity) > 314::double precision), (LLVM Optimized)", "Plans": [{"Node Type": "Index Scan", "Parent Relationship": "Outer", "Scan Direction": "Forward", "Index Name": "idx_lineitem_orderkey", "Relation Name": "lineitem", "Alias": "lineitem", "Startup Cost": 0.0, "Total Cost": 3240153.75, "Plan Rows": 59987033, "Plan Width": 16}]}, {"Node Type": "Index Scan", "Parent Relationship": "Inner", "Scan Direction": "Forward", "Index Name": "orders_pkey", "Relation Name": "orders", "Alias": "orders", "Startup Cost": 0.0, "Total Cost": 7.15, "Plan Rows": 1, "Plan Width": 32, "Index Cond": "(o_orderkey = public.lineitem.l_orderkey)"}]}, {"Node Type": "Index Scan", "Parent Relationship": "Inner", "Scan Direction": "Forward", "Index Name": "customer_pkey", "Relation Name": "customer", "Alias": "customer", "Startup Cost": 0.0, "Total Cost": 0.28, "Plan Rows": 1, "Plan Width": 27, "Index Cond": "(c_custkey = orders.o_custkey)"}]}, {"Node Type": "Index Scan", "Parent Relationship": "Inner", "Scan Direction": "Forward", "Index Name": "idx_lineitem_orderkey", "Relation Name": "lineitem", "Alias": "lineitem", "Startup Cost": 0.0, "Total Cost": 0.87, "Plan Rows": 9, "Plan Width": 16, "Index Cond": "(l_orderkey = orders.o_orderkey)"}]}]}]}]}, "Unique SQL Id": 1915754155, "Planner Runtime": 2}, "explain_analyze_plan": {"Plan": {"Node Type": "Limit", "Startup Cost": 3874068.21, "Total Cost": 3874068.46, "Plan Rows": 100, "Plan Width": 67, "Actual Startup Time": 80046.048, "Actual Total Time": 80046.063, "Actual Rows": 84, "Actual Loops": 1, "Plans": [{"Node Type": "Sort", "Parent Relationship": "Outer", "Startup Cost": 3874068.21, "Total Cost": 3874384.02, "Plan Rows": 100, "Plan Width": 67, "Actual Startup Time": 80046.046, "Actual Total Time": 80046.051, "Actual Rows": 84, "Actual Loops": 1, "Sort Key": ["orders.o_totalprice DESC", "orders.o_orderdate"], "Sort Method": "quicksort", "Sort Space Used": 38, "Sort Space Type": "Memory", "Plans": [{"Node Type": "Aggregate", "Strategy": "Hashed", "Parent Relationship": "Outer", "Startup Cost": 3867977.11, "Total Cost": 3869240.32, "Plan Rows": 126321, "Plan Width": 67, "Actual Startup Time": 80045.618, "Actual Total Time": 80045.952, "Actual Rows": 84, "Actual Loops": 1, "Group By Key": ["orders.o_totalprice", "orders.o_orderdate", "customer.c_name", "customer.c_custkey", "orders.o_orderkey"], "Plans": [{"Node Type": "Nested Loop", "Parent Relationship": "Outer", "Join Type": "Inner", "Startup Cost": 3540088.91, "Total Cost": 3866082.29, "Plan Rows": 126321, "Plan Width": 59, "Actual Startup Time": 71660.31, "Actual Total Time": 80043.737, "Actual Rows": 588, "Actual Loops": 1, "Inner Unique": false, "Plans": [{"Node Type": "Nested Loop", "Parent Relationship": "Outer", "Join Type": "Inner", "Startup Cost": 3540088.91, "Total Cost": 3852738.51, "Plan Rows": 13913, "Plan Width": 59, "Actual Startup Time": 71660.278, "Actual Total Time": 80041.063, "Actual Rows": 84, "Actual Loops": 1, "Inner Unique": true, "Plans": [{"Node Type": "Nested Loop", "Parent Relationship": "Outer", "Join Type": "Inner", "Startup Cost": 3540088.91, "Total Cost": 3843115.38, "Plan Rows": 33034, "Plan Width": 40, "Actual Startup Time": 71660.251, "Actual Total Time": 80039.183, "Actual Rows": 84, "Actual Loops": 1, "Inner Unique": true, "Plans": [{"Node Type": "Aggregate", "Strategy": "Hashed", "Parent Relationship": "Outer", "Startup Cost": 3540088.91, "Total Cost": 3606239.52, "Plan Rows": 33034, "Plan Width": 24, "Actual Startup Time": 71660.193, "Actual Total Time": 80016.864, "Actual Rows": 84, "Actual Loops": 1, "Group By Key": ["public.lineitem.l_orderkey"], "Filter": "(sum(public.lineitem.l_quantity) > 314::double precision), (LLVM Optimized, Jit Execute)", "Rows Removed by Filter": 14999916, "Plans": [{"Node Type": "Index Scan", "Parent Relationship": "Outer", "Scan Direction": "Forward", "Index Name": "idx_lineitem_orderkey", "Relation Name": "lineitem", "Alias": "lineitem", "Startup Cost": 0.0, "Total Cost": 3240153.75, "Plan Rows": 59987033, "Plan Width": 16, "Actual Startup Time": 0.058, "Actual Total Time": 41400.691, "Actual Rows": 59986052, "Actual Loops": 1}]}, {"Node Type": "Index Scan", "Parent Relationship": "Inner", "Scan Direction": "Forward", "Index Name": "orders_pkey", "Relation Name": "orders", "Alias": "orders", "Startup Cost": 0.0, "Total Cost": 7.15, "Plan Rows": 1, "Plan Width": 32, "Actual Startup Time": 2.944, "Actual Total Time": 2.944, "Actual Rows": 84, "Actual Loops": 84, "Index Cond": "(o_orderkey = public.lineitem.l_orderkey)", "Rows Removed by Index Recheck": 0}]}, {"Node Type": "Index Scan", "Parent Relationship": "Inner", "Scan Direction": "Forward", "Index Name": "customer_pkey", "Relation Name": "customer", "Alias": "customer", "Startup Cost": 0.0, "Total Cost": 0.28, "Plan Rows": 1, "Plan Width": 27, "Actual Startup Time": 1.358, "Actual Total Time": 1.358, "Actual Rows": 84, "Actual Loops": 84, "Index Cond": "(c_custkey = orders.o_custkey)", "Rows Removed by Index Recheck": 0}]}, {"Node Type": "Index Scan", "Parent Relationship": "Inner", "Scan Direction": "Forward", "Index Name": "idx_lineitem_orderkey", "Relation Name": "lineitem", "Alias": "lineitem", "Startup Cost": 0.0, "Total Cost": 0.87, "Plan Rows": 9, "Plan Width": 16, "Actual Startup Time": 1.639, "Actual Total Time": 2.066, "Actual Rows": 588, "Actual Loops": 84, "Index Cond": "(l_orderkey = orders.o_orderkey)", "Rows Removed by Index Recheck": 0}]}]}]}]}, "Triggers": [], "Planner Runtime": 2.569, "Total Runtime": 80056.92, "Unique SQL Id": 1915754155}}, "(16, '10')": {"explain_plan": {"Plan": {"Node Type": "Limit", "Startup Cost": 5166300.38, "Total Cost": 5166300.63, "Plan Rows": 100, "Plan Width": 67, "Plans": [{"Node Type": "Sort", "Parent Relationship": "Outer", "Startup Cost": 5166300.38, "Total Cost": 5166616.18, "Plan Rows": 100, "Plan Width": 67, "Sort Key": ["orders.o_totalprice DESC", "orders.o_orderdate"], "Plans": [{"Node Type": "Aggregate", "Strategy": "Hashed", "Parent Relationship": "Outer", "Startup Cost": 5160209.27, "Total Cost": 5161472.48, "Plan Rows": 126321, "Plan Width": 67, "Group By Key": ["orders.o_totalprice", "orders.o_orderdate", "customer.c_name", "customer.c_custkey", "orders.o_orderkey"], "Plans": [{"Node Type": "Hash Join", "Parent Relationship": "Outer", "Join Type": "Inner", "Startup Cost": 2917691.33, "Total Cost": 5158314.46, "Plan Rows": 126321, "Plan Width": 59, "Inner Unique": false, "Hash Cond": "(public.lineitem.l_orderkey = orders.o_orderkey), (LLVM Optimized)", "Plans": [{"Node Type": "Seq Scan", "Parent Relationship": "Outer", "Relation Name": "lineitem", "Alias": "lineitem", "Startup Cost": 0.0, "Total Cost": 2015115.33, "Plan Rows": 59987033, "Plan Width": 16}, {"Node Type": "Hash", "Parent Relationship": "Inner", "Startup Cost": 2917517.42, "Total Cost": 2917517.42, "Plan Rows": 13913, "Plan Width": 59, "Plans": [{"Node Type": "Hash Join", "Parent Relationship": "Outer", "Join Type": "Inner", "Startup Cost": 2452820.37, "Total Cost": 2917517.42, "Plan Rows": 13913, "Plan Width": 59, "Inner Unique": true, "Hash Cond": "(orders.o_custkey = customer.c_custkey)", "Plans": [{"Node Type": "Hash Join", "Parent Relationship": "Outer", "Join Type": "Inner", "Startup Cost": 2381944.37, "Total Cost": 2846187.2, "Plan Rows": 33034, "Plan Width": 40, "Inner Unique": true, "Hash Cond": "(orders.o_orderkey = public.lineitem.l_orderkey)", "Plans": [{"Node Type": "Seq Scan", "Parent Relationship": "Outer", "Relation Name": "orders", "Alias": "orders", "Startup Cost": 0.0, "Total Cost": 426413.79, "Plan Rows": 14999479, "Plan Width": 32}, {"Node Type": "Hash", "Parent Relationship": "Inner", "Startup Cost": 2381531.45, "Total Cost": 2381531.45, "Plan Rows": 33034, "Plan Width": 8, "Plans": [{"Node Type": "Aggregate", "Strategy": "Hashed", "Parent Relationship": "Outer", "Startup Cost": 2315050.5, "Total Cost": 2381201.11, "Plan Rows": 33034, "Plan Width": 24, "Group By Key": ["public.lineitem.l_orderkey"], "Filter": "(sum(public.lineitem.l_quantity) > 314::double precision), (LLVM Optimized)", "Plans": [{"Node Type": "Seq Scan", "Parent Relationship": "Outer", "Relation Name": "lineitem", "Alias": "lineitem", "Startup Cost": 0.0, "Total Cost": 2015115.33, "Plan Rows": 59987033, "Plan Width": 16}]}]}]}, {"Node Type": "Hash", "Parent Relationship": "Inner", "Startup Cost": 52126.0, "Total Cost": 52126.0, "Plan Rows": 1500000, "Plan Width": 27, "Plans": [{"Node Type": "Seq Scan", "Parent Relationship": "Outer", "Relation Name": "customer", "Alias": "customer", "Startup Cost": 0.0, "Total Cost": 52126.0, "Plan Rows": 1500000, "Plan Width": 27}]}]}]}]}]}]}]}, "Unique SQL Id": 1915754155, "Planner Runtime": 2}, "explain_analyze_plan": {"Plan": {"Node Type": "Limit", "Startup Cost": 5166300.38, "Total Cost": 5166300.63, "Plan Rows": 100, "Plan Width": 67, "Actual Startup Time": 92717.725, "Actual Total Time": 92717.74, "Actual Rows": 84, "Actual Loops": 1, "Plans": [{"Node Type": "Sort", "Parent Relationship": "Outer", "Startup Cost": 5166300.38, "Total Cost": 5166616.18, "Plan Rows": 100, "Plan Width": 67, "Actual Startup Time": 92717.723, "Actual Total Time": 92717.732, "Actual Rows": 84, "Actual Loops": 1, "Sort Key": ["orders.o_totalprice DESC", "orders.o_orderdate"], "Sort Method": "quicksort", "Sort Space Used": 38, "Sort Space Type": "Memory", "Plans": [{"Node Type": "Aggregate", "Strategy": "Hashed", "Parent Relationship": "Outer", "Startup Cost": 5160209.27, "Total Cost": 5161472.48, "Plan Rows": 126321, "Plan Width": 67, "Actual Startup Time": 92717.281, "Actual Total Time": 92717.615, "Actual Rows": 84, "Actual Loops": 1, "Group By Key": ["orders.o_totalprice", "orders.o_orderdate", "customer.c_name", "customer.c_custkey", "orders.o_orderkey"], "Plans": [{"Node Type": "Hash Join", "Parent Relationship": "Outer", "Join Type": "Inner", "Startup Cost": 2917691.33, "Total Cost": 5158314.46, "Plan Rows": 126321, "Plan Width": 59, "Actual Startup Time": 65406.334, "Actual Total Time": 92713.632, "Actual Rows": 588, "Actual Loops": 1, "Inner Unique": false, "Hash Cond": "(public.lineitem.l_orderkey = orders.o_orderkey), (LLVM Optimized, Jit Execute)", "Plans": [{"Node Type": "Seq Scan", "Parent Relationship": "Outer", "Relation Name": "lineitem", "Alias": "lineitem", "Startup Cost": 0.0, "Total Cost": 2015115.33, "Plan Rows": 59987033, "Plan Width": 16, "Actual Startup Time": 0.014, "Actual Total Time": 16815.371, "Actual Rows": 59986052, "Actual Loops": 1}, {"Node Type": "Hash", "Parent Relationship": "Inner", "Startup Cost": 2917517.42, "Total Cost": 2917517.42, "Plan Rows": 13913, "Plan Width": 59, "Actual Startup Time": 64799.879, "Actual Total Time": 64799.879, "Actual Rows": 84, "Actual Loops": 1, "Hash Buckets": 32768, "Hash Batches": 1, "Original Hash Batches": 1, "Peak Memory Usage": 8, "Plans": [{"Node Type": "Hash Join", "Parent Relationship": "Outer", "Join Type": "Inner", "Startup Cost": 2452820.37, "Total Cost": 2917517.42, "Plan Rows": 13913, "Plan Width": 59, "Actual Startup Time": 57763.523, "Actual Total Time": 64799.467, "Actual Rows": 84, "Actual Loops": 1, "Inner Unique": true, "Hash Cond": "(orders.o_custkey = customer.c_custkey)", "Plans": [{"Node Type": "Hash Join", "Parent Relationship": "Outer", "Join Type": "Inner", "Startup Cost": 2381944.37, "Total Cost": 2846187.2, "Plan Rows": 33034, "Plan Width": 40, "Actual Startup Time": 56634.242, "Actual Total Time": 63668.509, "Actual Rows": 84, "Actual Loops": 1, "Inner Unique": true, "Hash Cond": "(orders.o_orderkey = public.lineitem.l_orderkey)", "Plans": [{"Node Type": "Seq Scan", "Parent Relationship": "Outer", "Relation Name": "orders", "Alias": "orders", "Startup Cost": 0.0, "Total Cost": 426413.79, "Plan Rows": 14999479, "Plan Width": 32, "Actual Startup Time": 0.037, "Actual Total Time": 4114.338, "Actual Rows": 15000000, "Actual Loops": 1}, {"Node Type": "Hash", "Parent Relationship": "Inner", "Startup Cost": 2381531.45, "Total Cost": 2381531.45, "Plan Rows": 33034, "Plan Width": 8, "Actual Startup Time": 56468.65, "Actual Total Time": 56468.65, "Actual Rows": 84, "Actual Loops": 1, "Hash Buckets": 65536, "Hash Batches": 1, "Original Hash Batches": 1, "Peak Memory Usage": 4, "Plans": [{"Node Type": "Aggregate", "Strategy": "Hashed", "Parent Relationship": "Outer", "Startup Cost": 2315050.5, "Total Cost": 2381201.11, "Plan Rows": 33034, "Plan Width": 24, "Actual Startup Time": 49085.307, "Actual Total Time": 56468.144, "Actual Rows": 84, "Actual Loops": 1, "Group By Key": ["public.lineitem.l_orderkey"], "Filter": "(sum(public.lineitem.l_quantity) > 314::double precision), (LLVM Optimized, Jit Execute)", "Rows Removed by Filter": 14999916, "Plans": [{"Node Type": "Seq Scan", "Parent Relationship": "Outer", "Relation Name": "lineitem", "Alias": "lineitem", "Startup Cost": 0.0, "Total Cost": 2015115.33, "Plan Rows": 59987033, "Plan Width": 16, "Actual Startup Time": 0.052, "Actual Total Time": 20383.299, "Actual Rows": 59986052, "Actual Loops": 1}]}]}]}, {"Node Type": "Hash", "Parent Relationship": "Inner", "Startup Cost": 52126.0, "Total Cost": 52126.0, "Plan Rows": 1500000, "Plan Width": 27, "Actual Startup Time": 1127.687, "Actual Total Time": 1127.687, "Actual Rows": 1500000, "Actual Loops": 1, "Hash Buckets": 2097152, "Hash Batches": 1, "Original Hash Batches": 1, "Peak Memory Usage": 93750, "Plans": [{"Node Type": "Seq Scan", "Parent Relationship": "Outer", "Relation Name": "customer", "Alias": "customer", "Startup Cost": 0.0, "Total Cost": 52126.0, "Plan Rows": 1500000, "Plan Width": 27, "Actual Startup Time": 0.017, "Actual Total Time": 539.952, "Actual Rows": 1500000, "Actual Loops": 1}]}]}]}]}]}]}]}, "Triggers": [], "Planner Runtime": 2.006, "Total Runtime": 92727.428, "Unique SQL Id": 1915754155}}, "(16, '11')": {"explain_plan": {"Plan": {"Node Type": "Limit", "Startup Cost": 4001456877030.4, "Total Cost": 4001456877030.65, "Plan Rows": 100, "Plan Width": 67, "Plans": [{"Node Type": "Sort", "Parent Relationship": "Outer", "Startup Cost": 4001456877030.4, "Total Cost": 4001456877346.2, "Plan Rows": 100, "Plan Width": 67, "Sort Key": ["orders.o_totalprice DESC", "orders.o_orderdate"], "Plans": [{"Node Type": "Aggregate", "Strategy": "Hashed", "Parent Relationship": "Outer", "Startup Cost": 4001456870939.29, "Total Cost": 4001456872202.5, "Plan Rows": 126321, "Plan Width": 67, "Group By Key": ["orders.o_totalprice", "orders.o_orderdate", "customer.c_name", "customer.c_custkey", "orders.o_orderkey"], "Plans": [{"Node Type": "Merge Join", "Parent Relationship": "Outer", "Join Type": "Inner", "Startup Cost": 1030466756474.59, "Total Cost": 4001456869044.47, "Plan Rows": 126321, "Plan Width": 59, "Inner Unique": false, "Merge Cond": "(orders.o_orderkey = public.lineitem.l_orderkey)", "Plans": [{"Node Type": "Nested Loop", "Parent Relationship": "Outer", "Join Type": "Inner", "Startup Cost": 1020324384270.1, "Total Cost": 3001148865393.43, "Plan Rows": 13913, "Plan Width": 59, "Inner Unique": true, "Join Filter": "(orders.o_custkey = customer.c_custkey)", "Plans": [{"Node Type": "Merge Join", "Parent Relationship": "Outer", "Join Type": "Semi", "Startup Cost": 1010324384270.1, "Total Cost": 2000397520107.8, "Plan Rows": 33034, "Plan Width": 40, "Inner Unique": false, "Merge Cond": "(orders.o_orderkey = public.lineitem.l_orderkey)", "Plans": [{"Node Type": "Index Scan", "Parent Relationship": "Outer", "Scan Direction": "Forward", "Index Name": "orders_pkey", "Relation Name": "orders", "Alias": "orders", "Startup Cost": 10000000000.0, "Total Cost": 1000073097843.5, "Plan Rows": 14999479, "Plan Width": 32}, {"Node Type": "Sort", "Parent Relationship": "Inner", "Startup Cost": 1000324384270.1, "Total Cost": 1000324384352.68, "Plan Rows": 33034, "Plan Width": 8, "Sort Key": ["public.lineitem.l_orderkey"], "Plans": [{"Node Type": "Aggregate", "Strategy": "Hashed", "Parent Relationship": "Outer", "Startup Cost": 1000324315309.67, "Total Cost": 1000324381460.28, "Plan Rows": 33034, "Plan Width": 24, "Group By Key": ["public.lineitem.l_orderkey"], "Filter": "(sum(public.lineitem.l_quantity) > 314::double precision), (LLVM Optimized)", "Plans": [{"Node Type": "Index Scan", "Parent Relationship": "Outer", "Scan Direction": "Forward", "Index Name": "idx_lineitem_orderkey", "Relation Name": "lineitem", "Alias": "lineitem", "Startup Cost": 10000000000.0, "Total Cost": 1000324015374.5, "Plan Rows": 59987033, "Plan Width": 16}]}]}]}, {"Node Type": "Materialize", "Parent Relationship": "Inner", "Startup Cost": 10000000000.0, "Total Cost": 1000008084035.62, "Plan Rows": 1500000, "Plan Width": 27, "Plans": [{"Node Type": "Index Scan", "Parent Relationship": "Outer", "Scan Direction": "Forward", "Index Name": "customer_pkey", "Relation Name": "customer", "Alias": "customer", "Startup Cost": 10000000000.0, "Total Cost": 1000008076535.62, "Plan Rows": 1500000, "Plan Width": 27}]}]}, {"Node Type": "Index Scan", "Parent Relationship": "Inner", "Scan Direction": "Forward", "Index Name": "idx_lineitem_orderkey", "Relation Name": "lineitem", "Alias": "lineitem", "Startup Cost": 10000000000.0, "Total Cost": 1000324015374.5, "Plan Rows": 59987033, "Plan Width": 16}]}]}]}]}, "Unique SQL Id": 1915754155, "Planner Runtime": 2}, "explain_analyze_plan": null}, "(16, '12')": {"explain_plan": {"Plan": {"Node Type": "Limit", "Startup Cost": 2649029.8, "Total Cost": 2649030.05, "Plan Rows": 100, "Plan Width": 67, "Plans": [{"Node Type": "Sort", "Parent Relationship": "Outer", "Startup Cost": 2649029.8, "Total Cost": 2649345.6, "Plan Rows": 100, "Plan Width": 67, "Sort Key": ["orders.o_totalprice DESC", "orders.o_orderdate"], "Plans": [{"Node Type": "Aggregate", "Strategy": "Hashed", "Parent Relationship": "Outer", "Startup Cost": 2642938.69, "Total Cost": 2644201.9, "Plan Rows": 126321, "Plan Width": 67, "Group By Key": ["orders.o_totalprice", "orders.o_orderdate", "customer.c_name", "customer.c_custkey", "orders.o_orderkey"], "Plans": [{"Node Type": "Nested Loop", "Parent Relationship": "Outer", "Join Type": "Inner", "Startup Cost": 2315050.5, "Total Cost": 2641043.88, "Plan Rows": 126321, "Plan Width": 59, "Inner Unique": false, "Plans": [{"Node Type": "Nested Loop", "Parent Relationship": "Outer", "Join Type": "Inner", "Startup Cost": 2315050.5, "Total Cost": 2627700.1, "Plan Rows": 13913, "Plan Width": 59, "Inner Unique": true, "Plans": [{"Node Type": "Nested Loop", "Parent Relationship": "Outer", "Join Type": "Inner", "Startup Cost": 2315050.5, "Total Cost": 2618076.97, "Plan Rows": 33034, "Plan Width": 40, "Inner Unique": true, "Plans": [{"Node Type": "Aggregate", "Strategy": "Hashed", "Parent Relationship": "Outer", "Startup Cost": 2315050.5, "Total Cost": 2381201.11, "Plan Rows": 33034, "Plan Width": 24, "Group By Key": ["public.lineitem.l_orderkey"], "Filter": "(sum(public.lineitem.l_quantity) > 314::double precision), (LLVM Optimized)", "Plans": [{"Node Type": "Seq Scan", "Parent Relationship": "Outer", "Relation Name": "lineitem", "Alias": "lineitem", "Startup Cost": 0.0, "Total Cost": 2015115.33, "Plan Rows": 59987033, "Plan Width": 16}]}, {"Node Type": "Index Scan", "Parent Relationship": "Inner", "Scan Direction": "Forward", "Index Name": "orders_pkey", "Relation Name": "orders", "Alias": "orders", "Startup Cost": 0.0, "Total Cost": 7.15, "Plan Rows": 1, "Plan Width": 32, "Index Cond": "(o_orderkey = public.lineitem.l_orderkey)"}]}, {"Node Type": "Index Scan", "Parent Relationship": "Inner", "Scan Direction": "Forward", "Index Name": "customer_pkey", "Relation Name": "customer", "Alias": "customer", "Startup Cost": 0.0, "Total Cost": 0.28, "Plan Rows": 1, "Plan Width": 27, "Index Cond": "(c_custkey = orders.o_custkey)"}]}, {"Node Type": "Index Scan", "Parent Relationship": "Inner", "Scan Direction": "Forward", "Index Name": "idx_lineitem_orderkey", "Relation Name": "lineitem", "Alias": "lineitem", "Startup Cost": 0.0, "Total Cost": 0.87, "Plan Rows": 9, "Plan Width": 16, "Index Cond": "(l_orderkey = orders.o_orderkey)"}]}]}]}]}, "Unique SQL Id": 1915754155, "Planner Runtime": 2}, "explain_analyze_plan": {"Plan": {"Node Type": "Limit", "Startup Cost": 2649029.8, "Total Cost": 2649030.05, "Plan Rows": 100, "Plan Width": 67, "Actual Startup Time": 53367.336, "Actual Total Time": 53367.355, "Actual Rows": 84, "Actual Loops": 1, "Plans": [{"Node Type": "Sort", "Parent Relationship": "Outer", "Startup Cost": 2649029.8, "Total Cost": 2649345.6, "Plan Rows": 100, "Plan Width": 67, "Actual Startup Time": 53367.333, "Actual Total Time": 53367.342, "Actual Rows": 84, "Actual Loops": 1, "Sort Key": ["orders.o_totalprice DESC", "orders.o_orderdate"], "Sort Method": "quicksort", "Sort Space Used": 38, "Sort Space Type": "Memory", "Plans": [{"Node Type": "Aggregate", "Strategy": "Hashed", "Parent Relationship": "Outer", "Startup Cost": 2642938.69, "Total Cost": 2644201.9, "Plan Rows": 126321, "Plan Width": 67, "Actual Startup Time": 53366.678, "Actual Total Time": 53367.237, "Actual Rows": 84, "Actual Loops": 1, "Group By Key": ["orders.o_totalprice", "orders.o_orderdate", "customer.c_name", "customer.c_custkey", "orders.o_orderkey"], "Plans": [{"Node Type": "Nested Loop", "Parent Relationship": "Outer", "Join Type": "Inner", "Startup Cost": 2315050.5, "Total Cost": 2641043.88, "Plan Rows": 126321, "Plan Width": 59, "Actual Startup Time": 47583.176, "Actual Total Time": 53364.795, "Actual Rows": 588, "Actual Loops": 1, "Inner Unique": false, "Plans": [{"Node Type": "Nested Loop", "Parent Relationship": "Outer", "Join Type": "Inner", "Startup Cost": 2315050.5, "Total Cost": 2627700.1, "Plan Rows": 13913, "Plan Width": 59, "Actual Startup Time": 47583.15, "Actual Total Time": 53362.449, "Actual Rows": 84, "Actual Loops": 1, "Inner Unique": true, "Plans": [{"Node Type": "Nested Loop", "Parent Relationship": "Outer", "Join Type": "Inner", "Startup Cost": 2315050.5, "Total Cost": 2618076.97, "Plan Rows": 33034, "Plan Width": 40, "Actual Startup Time": 47583.13, "Actual Total Time": 53361.021, "Actual Rows": 84, "Actual Loops": 1, "Inner Unique": true, "Plans": [{"Node Type": "Aggregate", "Strategy": "Hashed", "Parent Relationship": "Outer", "Startup Cost": 2315050.5, "Total Cost": 2381201.11, "Plan Rows": 33034, "Plan Width": 24, "Actual Startup Time": 47583.052, "Actual Total Time": 53340.03, "Actual Rows": 84, "Actual Loops": 1, "Group By Key": ["public.lineitem.l_orderkey"], "Filter": "(sum(public.lineitem.l_quantity) > 314::double precision), (LLVM Optimized, Jit Execute)", "Rows Removed by Filter": 14999916, "Plans": [{"Node Type": "Seq Scan", "Parent Relationship": "Outer", "Relation Name": "lineitem", "Alias": "lineitem", "Startup Cost": 0.0, "Total Cost": 2015115.33, "Plan Rows": 59987033, "Plan Width": 16, "Actual Startup Time": 0.044, "Actual Total Time": 20352.533, "Actual Rows": 59986052, "Actual Loops": 1}]}, {"Node Type": "Index Scan", "Parent Relationship": "Inner", "Scan Direction": "Forward", "Index Name": "orders_pkey", "Relation Name": "orders", "Alias": "orders", "Startup Cost": 0.0, "Total Cost": 7.15, "Plan Rows": 1, "Plan Width": 32, "Actual Startup Time": 2.902, "Actual Total Time": 2.902, "Actual Rows": 84, "Actual Loops": 84, "Index Cond": "(o_orderkey = public.lineitem.l_orderkey)", "Rows Removed by Index Recheck": 0}]}, {"Node Type": "Index Scan", "Parent Relationship": "Inner", "Scan Direction": "Forward", "Index Name": "customer_pkey", "Relation Name": "customer", "Alias": "customer", "Startup Cost": 0.0, "Total Cost": 0.28, "Plan Rows": 1, "Plan Width": 27, "Actual Startup Time": 1.048, "Actual Total Time": 1.048, "Actual Rows": 84, "Actual Loops": 84, "Index Cond": "(c_custkey = orders.o_custkey)", "Rows Removed by Index Recheck": 0}]}, {"Node Type": "Index Scan", "Parent Relationship": "Inner", "Scan Direction": "Forward", "Index Name": "idx_lineitem_orderkey", "Relation Name": "lineitem", "Alias": "lineitem", "Startup Cost": 0.0, "Total Cost": 0.87, "Plan Rows": 9, "Plan Width": 16, "Actual Startup Time": 1.401, "Actual Total Time": 1.898, "Actual Rows": 588, "Actual Loops": 84, "Index Cond": "(l_orderkey = orders.o_orderkey)", "Rows Removed by Index Recheck": 0}]}]}]}]}, "Triggers": [], "Planner Runtime": 2.116, "Total Runtime": 53376.681, "Unique SQL Id": 1915754155}}, "(16, '13')": {"explain_plan": {"Plan": {"Node Type": "Limit", "Startup Cost": 3874068.21, "Total Cost": 3874068.46, "Plan Rows": 100, "Plan Width": 67, "Plans": [{"Node Type": "Sort", "Parent Relationship": "Outer", "Startup Cost": 3874068.21, "Total Cost": 3874384.02, "Plan Rows": 100, "Plan Width": 67, "Sort Key": ["orders.o_totalprice DESC", "orders.o_orderdate"], "Plans": [{"Node Type": "Aggregate", "Strategy": "Hashed", "Parent Relationship": "Outer", "Startup Cost": 3867977.11, "Total Cost": 3869240.32, "Plan Rows": 126321, "Plan Width": 67, "Group By Key": ["orders.o_totalprice", "orders.o_orderdate", "customer.c_name", "customer.c_custkey", "orders.o_orderkey"], "Plans": [{"Node Type": "Nested Loop", "Parent Relationship": "Outer", "Join Type": "Inner", "Startup Cost": 3540088.91, "Total Cost": 3866082.29, "Plan Rows": 126321, "Plan Width": 59, "Inner Unique": false, "Plans": [{"Node Type": "Nested Loop", "Parent Relationship": "Outer", "Join Type": "Inner", "Startup Cost": 3540088.91, "Total Cost": 3852738.51, "Plan Rows": 13913, "Plan Width": 59, "Inner Unique": true, "Plans": [{"Node Type": "Nested Loop", "Parent Relationship": "Outer", "Join Type": "Inner", "Startup Cost": 3540088.91, "Total Cost": 3843115.38, "Plan Rows": 33034, "Plan Width": 40, "Inner Unique": true, "Plans": [{"Node Type": "Aggregate", "Strategy": "Hashed", "Parent Relationship": "Outer", "Startup Cost": 3540088.91, "Total Cost": 3606239.52, "Plan Rows": 33034, "Plan Width": 24, "Group By Key": ["public.lineitem.l_orderkey"], "Filter": "(sum(public.lineitem.l_quantity) > 314::double precision), (LLVM Optimized)", "Plans": [{"Node Type": "Index Scan", "Parent Relationship": "Outer", "Scan Direction": "Forward", "Index Name": "idx_lineitem_orderkey", "Relation Name": "lineitem", "Alias": "lineitem", "Startup Cost": 0.0, "Total Cost": 3240153.75, "Plan Rows": 59987033, "Plan Width": 16}]}, {"Node Type": "Index Scan", "Parent Relationship": "Inner", "Scan Direction": "Forward", "Index Name": "orders_pkey", "Relation Name": "orders", "Alias": "orders", "Startup Cost": 0.0, "Total Cost": 7.15, "Plan Rows": 1, "Plan Width": 32, "Index Cond": "(o_orderkey = public.lineitem.l_orderkey)"}]}, {"Node Type": "Index Scan", "Parent Relationship": "Inner", "Scan Direction": "Forward", "Index Name": "customer_pkey", "Relation Name": "customer", "Alias": "customer", "Startup Cost": 0.0, "Total Cost": 0.28, "Plan Rows": 1, "Plan Width": 27, "Index Cond": "(c_custkey = orders.o_custkey)"}]}, {"Node Type": "Index Scan", "Parent Relationship": "Inner", "Scan Direction": "Forward", "Index Name": "idx_lineitem_orderkey", "Relation Name": "lineitem", "Alias": "lineitem", "Startup Cost": 0.0, "Total Cost": 0.87, "Plan Rows": 9, "Plan Width": 16, "Index Cond": "(l_orderkey = orders.o_orderkey)"}]}]}]}]}, "Unique SQL Id": 1915754155, "Planner Runtime": 2}, "explain_analyze_plan": {"Plan": {"Node Type": "Limit", "Startup Cost": 3874068.21, "Total Cost": 3874068.46, "Plan Rows": 100, "Plan Width": 67, "Actual Startup Time": 80046.048, "Actual Total Time": 80046.063, "Actual Rows": 84, "Actual Loops": 1, "Plans": [{"Node Type": "Sort", "Parent Relationship": "Outer", "Startup Cost": 3874068.21, "Total Cost": 3874384.02, "Plan Rows": 100, "Plan Width": 67, "Actual Startup Time": 80046.046, "Actual Total Time": 80046.051, "Actual Rows": 84, "Actual Loops": 1, "Sort Key": ["orders.o_totalprice DESC", "orders.o_orderdate"], "Sort Method": "quicksort", "Sort Space Used": 38, "Sort Space Type": "Memory", "Plans": [{"Node Type": "Aggregate", "Strategy": "Hashed", "Parent Relationship": "Outer", "Startup Cost": 3867977.11, "Total Cost": 3869240.32, "Plan Rows": 126321, "Plan Width": 67, "Actual Startup Time": 80045.618, "Actual Total Time": 80045.952, "Actual Rows": 84, "Actual Loops": 1, "Group By Key": ["orders.o_totalprice", "orders.o_orderdate", "customer.c_name", "customer.c_custkey", "orders.o_orderkey"], "Plans": [{"Node Type": "Nested Loop", "Parent Relationship": "Outer", "Join Type": "Inner", "Startup Cost": 3540088.91, "Total Cost": 3866082.29, "Plan Rows": 126321, "Plan Width": 59, "Actual Startup Time": 71660.31, "Actual Total Time": 80043.737, "Actual Rows": 588, "Actual Loops": 1, "Inner Unique": false, "Plans": [{"Node Type": "Nested Loop", "Parent Relationship": "Outer", "Join Type": "Inner", "Startup Cost": 3540088.91, "Total Cost": 3852738.51, "Plan Rows": 13913, "Plan Width": 59, "Actual Startup Time": 71660.278, "Actual Total Time": 80041.063, "Actual Rows": 84, "Actual Loops": 1, "Inner Unique": true, "Plans": [{"Node Type": "Nested Loop", "Parent Relationship": "Outer", "Join Type": "Inner", "Startup Cost": 3540088.91, "Total Cost": 3843115.38, "Plan Rows": 33034, "Plan Width": 40, "Actual Startup Time": 71660.251, "Actual Total Time": 80039.183, "Actual Rows": 84, "Actual Loops": 1, "Inner Unique": true, "Plans": [{"Node Type": "Aggregate", "Strategy": "Hashed", "Parent Relationship": "Outer", "Startup Cost": 3540088.91, "Total Cost": 3606239.52, "Plan Rows": 33034, "Plan Width": 24, "Actual Startup Time": 71660.193, "Actual Total Time": 80016.864, "Actual Rows": 84, "Actual Loops": 1, "Group By Key": ["public.lineitem.l_orderkey"], "Filter": "(sum(public.lineitem.l_quantity) > 314::double precision), (LLVM Optimized, Jit Execute)", "Rows Removed by Filter": 14999916, "Plans": [{"Node Type": "Index Scan", "Parent Relationship": "Outer", "Scan Direction": "Forward", "Index Name": "idx_lineitem_orderkey", "Relation Name": "lineitem", "Alias": "lineitem", "Startup Cost": 0.0, "Total Cost": 3240153.75, "Plan Rows": 59987033, "Plan Width": 16, "Actual Startup Time": 0.058, "Actual Total Time": 41400.691, "Actual Rows": 59986052, "Actual Loops": 1}]}, {"Node Type": "Index Scan", "Parent Relationship": "Inner", "Scan Direction": "Forward", "Index Name": "orders_pkey", "Relation Name": "orders", "Alias": "orders", "Startup Cost": 0.0, "Total Cost": 7.15, "Plan Rows": 1, "Plan Width": 32, "Actual Startup Time": 2.944, "Actual Total Time": 2.944, "Actual Rows": 84, "Actual Loops": 84, "Index Cond": "(o_orderkey = public.lineitem.l_orderkey)", "Rows Removed by Index Recheck": 0}]}, {"Node Type": "Index Scan", "Parent Relationship": "Inner", "Scan Direction": "Forward", "Index Name": "customer_pkey", "Relation Name": "customer", "Alias": "customer", "Startup Cost": 0.0, "Total Cost": 0.28, "Plan Rows": 1, "Plan Width": 27, "Actual Startup Time": 1.358, "Actual Total Time": 1.358, "Actual Rows": 84, "Actual Loops": 84, "Index Cond": "(c_custkey = orders.o_custkey)", "Rows Removed by Index Recheck": 0}]}, {"Node Type": "Index Scan", "Parent Relationship": "Inner", "Scan Direction": "Forward", "Index Name": "idx_lineitem_orderkey", "Relation Name": "lineitem", "Alias": "lineitem", "Startup Cost": 0.0, "Total Cost": 0.87, "Plan Rows": 9, "Plan Width": 16, "Actual Startup Time": 1.639, "Actual Total Time": 2.066, "Actual Rows": 588, "Actual Loops": 84, "Index Cond": "(l_orderkey = orders.o_orderkey)", "Rows Removed by Index Recheck": 0}]}]}]}]}, "Triggers": [], "Planner Runtime": 2.569, "Total Runtime": 80056.92, "Unique SQL Id": 1915754155}}, "(16, '14')": {"explain_plan": {"Plan": {"Node Type": "Limit", "Startup Cost": 5166300.38, "Total Cost": 5166300.63, "Plan Rows": 100, "Plan Width": 67, "Plans": [{"Node Type": "Sort", "Parent Relationship": "Outer", "Startup Cost": 5166300.38, "Total Cost": 5166616.18, "Plan Rows": 100, "Plan Width": 67, "Sort Key": ["orders.o_totalprice DESC", "orders.o_orderdate"], "Plans": [{"Node Type": "Aggregate", "Strategy": "Hashed", "Parent Relationship": "Outer", "Startup Cost": 5160209.27, "Total Cost": 5161472.48, "Plan Rows": 126321, "Plan Width": 67, "Group By Key": ["orders.o_totalprice", "orders.o_orderdate", "customer.c_name", "customer.c_custkey", "orders.o_orderkey"], "Plans": [{"Node Type": "Hash Join", "Parent Relationship": "Outer", "Join Type": "Inner", "Startup Cost": 2917691.33, "Total Cost": 5158314.46, "Plan Rows": 126321, "Plan Width": 59, "Inner Unique": false, "Hash Cond": "(public.lineitem.l_orderkey = orders.o_orderkey), (LLVM Optimized)", "Plans": [{"Node Type": "Seq Scan", "Parent Relationship": "Outer", "Relation Name": "lineitem", "Alias": "lineitem", "Startup Cost": 0.0, "Total Cost": 2015115.33, "Plan Rows": 59987033, "Plan Width": 16}, {"Node Type": "Hash", "Parent Relationship": "Inner", "Startup Cost": 2917517.42, "Total Cost": 2917517.42, "Plan Rows": 13913, "Plan Width": 59, "Plans": [{"Node Type": "Hash Join", "Parent Relationship": "Outer", "Join Type": "Inner", "Startup Cost": 2452820.37, "Total Cost": 2917517.42, "Plan Rows": 13913, "Plan Width": 59, "Inner Unique": true, "Hash Cond": "(orders.o_custkey = customer.c_custkey)", "Plans": [{"Node Type": "Hash Join", "Parent Relationship": "Outer", "Join Type": "Inner", "Startup Cost": 2381944.37, "Total Cost": 2846187.2, "Plan Rows": 33034, "Plan Width": 40, "Inner Unique": true, "Hash Cond": "(orders.o_orderkey = public.lineitem.l_orderkey)", "Plans": [{"Node Type": "Seq Scan", "Parent Relationship": "Outer", "Relation Name": "orders", "Alias": "orders", "Startup Cost": 0.0, "Total Cost": 426413.79, "Plan Rows": 14999479, "Plan Width": 32}, {"Node Type": "Hash", "Parent Relationship": "Inner", "Startup Cost": 2381531.45, "Total Cost": 2381531.45, "Plan Rows": 33034, "Plan Width": 8, "Plans": [{"Node Type": "Aggregate", "Strategy": "Hashed", "Parent Relationship": "Outer", "Startup Cost": 2315050.5, "Total Cost": 2381201.11, "Plan Rows": 33034, "Plan Width": 24, "Group By Key": ["public.lineitem.l_orderkey"], "Filter": "(sum(public.lineitem.l_quantity) > 314::double precision), (LLVM Optimized)", "Plans": [{"Node Type": "Seq Scan", "Parent Relationship": "Outer", "Relation Name": "lineitem", "Alias": "lineitem", "Startup Cost": 0.0, "Total Cost": 2015115.33, "Plan Rows": 59987033, "Plan Width": 16}]}]}]}, {"Node Type": "Hash", "Parent Relationship": "Inner", "Startup Cost": 52126.0, "Total Cost": 52126.0, "Plan Rows": 1500000, "Plan Width": 27, "Plans": [{"Node Type": "Seq Scan", "Parent Relationship": "Outer", "Relation Name": "customer", "Alias": "customer", "Startup Cost": 0.0, "Total Cost": 52126.0, "Plan Rows": 1500000, "Plan Width": 27}]}]}]}]}]}]}]}, "Unique SQL Id": 1915754155, "Planner Runtime": 2}, "explain_analyze_plan": {"Plan": {"Node Type": "Limit", "Startup Cost": 5166300.38, "Total Cost": 5166300.63, "Plan Rows": 100, "Plan Width": 67, "Actual Startup Time": 92717.725, "Actual Total Time": 92717.74, "Actual Rows": 84, "Actual Loops": 1, "Plans": [{"Node Type": "Sort", "Parent Relationship": "Outer", "Startup Cost": 5166300.38, "Total Cost": 5166616.18, "Plan Rows": 100, "Plan Width": 67, "Actual Startup Time": 92717.723, "Actual Total Time": 92717.732, "Actual Rows": 84, "Actual Loops": 1, "Sort Key": ["orders.o_totalprice DESC", "orders.o_orderdate"], "Sort Method": "quicksort", "Sort Space Used": 38, "Sort Space Type": "Memory", "Plans": [{"Node Type": "Aggregate", "Strategy": "Hashed", "Parent Relationship": "Outer", "Startup Cost": 5160209.27, "Total Cost": 5161472.48, "Plan Rows": 126321, "Plan Width": 67, "Actual Startup Time": 92717.281, "Actual Total Time": 92717.615, "Actual Rows": 84, "Actual Loops": 1, "Group By Key": ["orders.o_totalprice", "orders.o_orderdate", "customer.c_name", "customer.c_custkey", "orders.o_orderkey"], "Plans": [{"Node Type": "Hash Join", "Parent Relationship": "Outer", "Join Type": "Inner", "Startup Cost": 2917691.33, "Total Cost": 5158314.46, "Plan Rows": 126321, "Plan Width": 59, "Actual Startup Time": 65406.334, "Actual Total Time": 92713.632, "Actual Rows": 588, "Actual Loops": 1, "Inner Unique": false, "Hash Cond": "(public.lineitem.l_orderkey = orders.o_orderkey), (LLVM Optimized, Jit Execute)", "Plans": [{"Node Type": "Seq Scan", "Parent Relationship": "Outer", "Relation Name": "lineitem", "Alias": "lineitem", "Startup Cost": 0.0, "Total Cost": 2015115.33, "Plan Rows": 59987033, "Plan Width": 16, "Actual Startup Time": 0.014, "Actual Total Time": 16815.371, "Actual Rows": 59986052, "Actual Loops": 1}, {"Node Type": "Hash", "Parent Relationship": "Inner", "Startup Cost": 2917517.42, "Total Cost": 2917517.42, "Plan Rows": 13913, "Plan Width": 59, "Actual Startup Time": 64799.879, "Actual Total Time": 64799.879, "Actual Rows": 84, "Actual Loops": 1, "Hash Buckets": 32768, "Hash Batches": 1, "Original Hash Batches": 1, "Peak Memory Usage": 8, "Plans": [{"Node Type": "Hash Join", "Parent Relationship": "Outer", "Join Type": "Inner", "Startup Cost": 2452820.37, "Total Cost": 2917517.42, "Plan Rows": 13913, "Plan Width": 59, "Actual Startup Time": 57763.523, "Actual Total Time": 64799.467, "Actual Rows": 84, "Actual Loops": 1, "Inner Unique": true, "Hash Cond": "(orders.o_custkey = customer.c_custkey)", "Plans": [{"Node Type": "Hash Join", "Parent Relationship": "Outer", "Join Type": "Inner", "Startup Cost": 2381944.37, "Total Cost": 2846187.2, "Plan Rows": 33034, "Plan Width": 40, "Actual Startup Time": 56634.242, "Actual Total Time": 63668.509, "Actual Rows": 84, "Actual Loops": 1, "Inner Unique": true, "Hash Cond": "(orders.o_orderkey = public.lineitem.l_orderkey)", "Plans": [{"Node Type": "Seq Scan", "Parent Relationship": "Outer", "Relation Name": "orders", "Alias": "orders", "Startup Cost": 0.0, "Total Cost": 426413.79, "Plan Rows": 14999479, "Plan Width": 32, "Actual Startup Time": 0.037, "Actual Total Time": 4114.338, "Actual Rows": 15000000, "Actual Loops": 1}, {"Node Type": "Hash", "Parent Relationship": "Inner", "Startup Cost": 2381531.45, "Total Cost": 2381531.45, "Plan Rows": 33034, "Plan Width": 8, "Actual Startup Time": 56468.65, "Actual Total Time": 56468.65, "Actual Rows": 84, "Actual Loops": 1, "Hash Buckets": 65536, "Hash Batches": 1, "Original Hash Batches": 1, "Peak Memory Usage": 4, "Plans": [{"Node Type": "Aggregate", "Strategy": "Hashed", "Parent Relationship": "Outer", "Startup Cost": 2315050.5, "Total Cost": 2381201.11, "Plan Rows": 33034, "Plan Width": 24, "Actual Startup Time": 49085.307, "Actual Total Time": 56468.144, "Actual Rows": 84, "Actual Loops": 1, "Group By Key": ["public.lineitem.l_orderkey"], "Filter": "(sum(public.lineitem.l_quantity) > 314::double precision), (LLVM Optimized, Jit Execute)", "Rows Removed by Filter": 14999916, "Plans": [{"Node Type": "Seq Scan", "Parent Relationship": "Outer", "Relation Name": "lineitem", "Alias": "lineitem", "Startup Cost": 0.0, "Total Cost": 2015115.33, "Plan Rows": 59987033, "Plan Width": 16, "Actual Startup Time": 0.052, "Actual Total Time": 20383.299, "Actual Rows": 59986052, "Actual Loops": 1}]}]}]}, {"Node Type": "Hash", "Parent Relationship": "Inner", "Startup Cost": 52126.0, "Total Cost": 52126.0, "Plan Rows": 1500000, "Plan Width": 27, "Actual Startup Time": 1127.687, "Actual Total Time": 1127.687, "Actual Rows": 1500000, "Actual Loops": 1, "Hash Buckets": 2097152, "Hash Batches": 1, "Original Hash Batches": 1, "Peak Memory Usage": 93750, "Plans": [{"Node Type": "Seq Scan", "Parent Relationship": "Outer", "Relation Name": "customer", "Alias": "customer", "Startup Cost": 0.0, "Total Cost": 52126.0, "Plan Rows": 1500000, "Plan Width": 27, "Actual Startup Time": 0.017, "Actual Total Time": 539.952, "Actual Rows": 1500000, "Actual Loops": 1}]}]}]}]}]}]}]}, "Triggers": [], "Planner Runtime": 2.006, "Total Runtime": 92727.428, "Unique SQL Id": 1915754155}}, "(16, '15')": {"explain_plan": {"Plan": {"Node Type": "Limit", "Startup Cost": 4001456877030.4, "Total Cost": 4001456877030.65, "Plan Rows": 100, "Plan Width": 67, "Plans": [{"Node Type": "Sort", "Parent Relationship": "Outer", "Startup Cost": 4001456877030.4, "Total Cost": 4001456877346.2, "Plan Rows": 100, "Plan Width": 67, "Sort Key": ["orders.o_totalprice DESC", "orders.o_orderdate"], "Plans": [{"Node Type": "Aggregate", "Strategy": "Hashed", "Parent Relationship": "Outer", "Startup Cost": 4001456870939.29, "Total Cost": 4001456872202.5, "Plan Rows": 126321, "Plan Width": 67, "Group By Key": ["orders.o_totalprice", "orders.o_orderdate", "customer.c_name", "customer.c_custkey", "orders.o_orderkey"], "Plans": [{"Node Type": "Merge Join", "Parent Relationship": "Outer", "Join Type": "Inner", "Startup Cost": 1030466756474.59, "Total Cost": 4001456869044.47, "Plan Rows": 126321, "Plan Width": 59, "Inner Unique": false, "Merge Cond": "(orders.o_orderkey = public.lineitem.l_orderkey)", "Plans": [{"Node Type": "Nested Loop", "Parent Relationship": "Outer", "Join Type": "Inner", "Startup Cost": 1020324384270.1, "Total Cost": 3001148865393.43, "Plan Rows": 13913, "Plan Width": 59, "Inner Unique": true, "Join Filter": "(orders.o_custkey = customer.c_custkey)", "Plans": [{"Node Type": "Merge Join", "Parent Relationship": "Outer", "Join Type": "Semi", "Startup Cost": 1010324384270.1, "Total Cost": 2000397520107.8, "Plan Rows": 33034, "Plan Width": 40, "Inner Unique": false, "Merge Cond": "(orders.o_orderkey = public.lineitem.l_orderkey)", "Plans": [{"Node Type": "Index Scan", "Parent Relationship": "Outer", "Scan Direction": "Forward", "Index Name": "orders_pkey", "Relation Name": "orders", "Alias": "orders", "Startup Cost": 10000000000.0, "Total Cost": 1000073097843.5, "Plan Rows": 14999479, "Plan Width": 32}, {"Node Type": "Sort", "Parent Relationship": "Inner", "Startup Cost": 1000324384270.1, "Total Cost": 1000324384352.68, "Plan Rows": 33034, "Plan Width": 8, "Sort Key": ["public.lineitem.l_orderkey"], "Plans": [{"Node Type": "Aggregate", "Strategy": "Hashed", "Parent Relationship": "Outer", "Startup Cost": 1000324315309.67, "Total Cost": 1000324381460.28, "Plan Rows": 33034, "Plan Width": 24, "Group By Key": ["public.lineitem.l_orderkey"], "Filter": "(sum(public.lineitem.l_quantity) > 314::double precision), (LLVM Optimized)", "Plans": [{"Node Type": "Index Scan", "Parent Relationship": "Outer", "Scan Direction": "Forward", "Index Name": "idx_lineitem_orderkey", "Relation Name": "lineitem", "Alias": "lineitem", "Startup Cost": 10000000000.0, "Total Cost": 1000324015374.5, "Plan Rows": 59987033, "Plan Width": 16}]}]}]}, {"Node Type": "Materialize", "Parent Relationship": "Inner", "Startup Cost": 10000000000.0, "Total Cost": 1000008084035.62, "Plan Rows": 1500000, "Plan Width": 27, "Plans": [{"Node Type": "Index Scan", "Parent Relationship": "Outer", "Scan Direction": "Forward", "Index Name": "customer_pkey", "Relation Name": "customer", "Alias": "customer", "Startup Cost": 10000000000.0, "Total Cost": 1000008076535.62, "Plan Rows": 1500000, "Plan Width": 27}]}]}, {"Node Type": "Index Scan", "Parent Relationship": "Inner", "Scan Direction": "Forward", "Index Name": "idx_lineitem_orderkey", "Relation Name": "lineitem", "Alias": "lineitem", "Startup Cost": 10000000000.0, "Total Cost": 1000324015374.5, "Plan Rows": 59987033, "Plan Width": 16}]}]}]}]}, "Unique SQL Id": 1915754155, "Planner Runtime": 2}, "explain_analyze_plan": null}, "(16, '16')": {"explain_plan": {"Plan": {"Node Type": "Limit", "Startup Cost": 2649029.8, "Total Cost": 2649030.05, "Plan Rows": 100, "Plan Width": 67, "Plans": [{"Node Type": "Sort", "Parent Relationship": "Outer", "Startup Cost": 2649029.8, "Total Cost": 2649345.6, "Plan Rows": 100, "Plan Width": 67, "Sort Key": ["orders.o_totalprice DESC", "orders.o_orderdate"], "Plans": [{"Node Type": "Aggregate", "Strategy": "Hashed", "Parent Relationship": "Outer", "Startup Cost": 2642938.69, "Total Cost": 2644201.9, "Plan Rows": 126321, "Plan Width": 67, "Group By Key": ["orders.o_totalprice", "orders.o_orderdate", "customer.c_name", "customer.c_custkey", "orders.o_orderkey"], "Plans": [{"Node Type": "Nested Loop", "Parent Relationship": "Outer", "Join Type": "Inner", "Startup Cost": 2315050.5, "Total Cost": 2641043.88, "Plan Rows": 126321, "Plan Width": 59, "Inner Unique": false, "Plans": [{"Node Type": "Nested Loop", "Parent Relationship": "Outer", "Join Type": "Inner", "Startup Cost": 2315050.5, "Total Cost": 2627700.1, "Plan Rows": 13913, "Plan Width": 59, "Inner Unique": true, "Plans": [{"Node Type": "Nested Loop", "Parent Relationship": "Outer", "Join Type": "Inner", "Startup Cost": 2315050.5, "Total Cost": 2618076.97, "Plan Rows": 33034, "Plan Width": 40, "Inner Unique": true, "Plans": [{"Node Type": "Aggregate", "Strategy": "Hashed", "Parent Relationship": "Outer", "Startup Cost": 2315050.5, "Total Cost": 2381201.11, "Plan Rows": 33034, "Plan Width": 24, "Group By Key": ["public.lineitem.l_orderkey"], "Filter": "(sum(public.lineitem.l_quantity) > 314::double precision), (LLVM Optimized)", "Plans": [{"Node Type": "Seq Scan", "Parent Relationship": "Outer", "Relation Name": "lineitem", "Alias": "lineitem", "Startup Cost": 0.0, "Total Cost": 2015115.33, "Plan Rows": 59987033, "Plan Width": 16}]}, {"Node Type": "Index Scan", "Parent Relationship": "Inner", "Scan Direction": "Forward", "Index Name": "orders_pkey", "Relation Name": "orders", "Alias": "orders", "Startup Cost": 0.0, "Total Cost": 7.15, "Plan Rows": 1, "Plan Width": 32, "Index Cond": "(o_orderkey = public.lineitem.l_orderkey)"}]}, {"Node Type": "Index Scan", "Parent Relationship": "Inner", "Scan Direction": "Forward", "Index Name": "customer_pkey", "Relation Name": "customer", "Alias": "customer", "Startup Cost": 0.0, "Total Cost": 0.28, "Plan Rows": 1, "Plan Width": 27, "Index Cond": "(c_custkey = orders.o_custkey)"}]}, {"Node Type": "Index Scan", "Parent Relationship": "Inner", "Scan Direction": "Forward", "Index Name": "idx_lineitem_orderkey", "Relation Name": "lineitem", "Alias": "lineitem", "Startup Cost": 0.0, "Total Cost": 0.87, "Plan Rows": 9, "Plan Width": 16, "Index Cond": "(l_orderkey = orders.o_orderkey)"}]}]}]}]}, "Unique SQL Id": 1915754155, "Planner Runtime": 1}, "explain_analyze_plan": {"Plan": {"Node Type": "Limit", "Startup Cost": 2649029.8, "Total Cost": 2649030.05, "Plan Rows": 100, "Plan Width": 67, "Actual Startup Time": 53367.336, "Actual Total Time": 53367.355, "Actual Rows": 84, "Actual Loops": 1, "Plans": [{"Node Type": "Sort", "Parent Relationship": "Outer", "Startup Cost": 2649029.8, "Total Cost": 2649345.6, "Plan Rows": 100, "Plan Width": 67, "Actual Startup Time": 53367.333, "Actual Total Time": 53367.342, "Actual Rows": 84, "Actual Loops": 1, "Sort Key": ["orders.o_totalprice DESC", "orders.o_orderdate"], "Sort Method": "quicksort", "Sort Space Used": 38, "Sort Space Type": "Memory", "Plans": [{"Node Type": "Aggregate", "Strategy": "Hashed", "Parent Relationship": "Outer", "Startup Cost": 2642938.69, "Total Cost": 2644201.9, "Plan Rows": 126321, "Plan Width": 67, "Actual Startup Time": 53366.678, "Actual Total Time": 53367.237, "Actual Rows": 84, "Actual Loops": 1, "Group By Key": ["orders.o_totalprice", "orders.o_orderdate", "customer.c_name", "customer.c_custkey", "orders.o_orderkey"], "Plans": [{"Node Type": "Nested Loop", "Parent Relationship": "Outer", "Join Type": "Inner", "Startup Cost": 2315050.5, "Total Cost": 2641043.88, "Plan Rows": 126321, "Plan Width": 59, "Actual Startup Time": 47583.176, "Actual Total Time": 53364.795, "Actual Rows": 588, "Actual Loops": 1, "Inner Unique": false, "Plans": [{"Node Type": "Nested Loop", "Parent Relationship": "Outer", "Join Type": "Inner", "Startup Cost": 2315050.5, "Total Cost": 2627700.1, "Plan Rows": 13913, "Plan Width": 59, "Actual Startup Time": 47583.15, "Actual Total Time": 53362.449, "Actual Rows": 84, "Actual Loops": 1, "Inner Unique": true, "Plans": [{"Node Type": "Nested Loop", "Parent Relationship": "Outer", "Join Type": "Inner", "Startup Cost": 2315050.5, "Total Cost": 2618076.97, "Plan Rows": 33034, "Plan Width": 40, "Actual Startup Time": 47583.13, "Actual Total Time": 53361.021, "Actual Rows": 84, "Actual Loops": 1, "Inner Unique": true, "Plans": [{"Node Type": "Aggregate", "Strategy": "Hashed", "Parent Relationship": "Outer", "Startup Cost": 2315050.5, "Total Cost": 2381201.11, "Plan Rows": 33034, "Plan Width": 24, "Actual Startup Time": 47583.052, "Actual Total Time": 53340.03, "Actual Rows": 84, "Actual Loops": 1, "Group By Key": ["public.lineitem.l_orderkey"], "Filter": "(sum(public.lineitem.l_quantity) > 314::double precision), (LLVM Optimized, Jit Execute)", "Rows Removed by Filter": 14999916, "Plans": [{"Node Type": "Seq Scan", "Parent Relationship": "Outer", "Relation Name": "lineitem", "Alias": "lineitem", "Startup Cost": 0.0, "Total Cost": 2015115.33, "Plan Rows": 59987033, "Plan Width": 16, "Actual Startup Time": 0.044, "Actual Total Time": 20352.533, "Actual Rows": 59986052, "Actual Loops": 1}]}, {"Node Type": "Index Scan", "Parent Relationship": "Inner", "Scan Direction": "Forward", "Index Name": "orders_pkey", "Relation Name": "orders", "Alias": "orders", "Startup Cost": 0.0, "Total Cost": 7.15, "Plan Rows": 1, "Plan Width": 32, "Actual Startup Time": 2.902, "Actual Total Time": 2.902, "Actual Rows": 84, "Actual Loops": 84, "Index Cond": "(o_orderkey = public.lineitem.l_orderkey)", "Rows Removed by Index Recheck": 0}]}, {"Node Type": "Index Scan", "Parent Relationship": "Inner", "Scan Direction": "Forward", "Index Name": "customer_pkey", "Relation Name": "customer", "Alias": "customer", "Startup Cost": 0.0, "Total Cost": 0.28, "Plan Rows": 1, "Plan Width": 27, "Actual Startup Time": 1.048, "Actual Total Time": 1.048, "Actual Rows": 84, "Actual Loops": 84, "Index Cond": "(c_custkey = orders.o_custkey)", "Rows Removed by Index Recheck": 0}]}, {"Node Type": "Index Scan", "Parent Relationship": "Inner", "Scan Direction": "Forward", "Index Name": "idx_lineitem_orderkey", "Relation Name": "lineitem", "Alias": "lineitem", "Startup Cost": 0.0, "Total Cost": 0.87, "Plan Rows": 9, "Plan Width": 16, "Actual Startup Time": 1.401, "Actual Total Time": 1.898, "Actual Rows": 588, "Actual Loops": 84, "Index Cond": "(l_orderkey = orders.o_orderkey)", "Rows Removed by Index Recheck": 0}]}]}]}]}, "Triggers": [], "Planner Runtime": 2.116, "Total Runtime": 53376.681, "Unique SQL Id": 1915754155}}, "(16, '17')": {"explain_plan": {"Plan": {"Node Type": "Limit", "Startup Cost": 3874068.21, "Total Cost": 3874068.46, "Plan Rows": 100, "Plan Width": 67, "Plans": [{"Node Type": "Sort", "Parent Relationship": "Outer", "Startup Cost": 3874068.21, "Total Cost": 3874384.02, "Plan Rows": 100, "Plan Width": 67, "Sort Key": ["orders.o_totalprice DESC", "orders.o_orderdate"], "Plans": [{"Node Type": "Aggregate", "Strategy": "Hashed", "Parent Relationship": "Outer", "Startup Cost": 3867977.11, "Total Cost": 3869240.32, "Plan Rows": 126321, "Plan Width": 67, "Group By Key": ["orders.o_totalprice", "orders.o_orderdate", "customer.c_name", "customer.c_custkey", "orders.o_orderkey"], "Plans": [{"Node Type": "Nested Loop", "Parent Relationship": "Outer", "Join Type": "Inner", "Startup Cost": 3540088.91, "Total Cost": 3866082.29, "Plan Rows": 126321, "Plan Width": 59, "Inner Unique": false, "Plans": [{"Node Type": "Nested Loop", "Parent Relationship": "Outer", "Join Type": "Inner", "Startup Cost": 3540088.91, "Total Cost": 3852738.51, "Plan Rows": 13913, "Plan Width": 59, "Inner Unique": true, "Plans": [{"Node Type": "Nested Loop", "Parent Relationship": "Outer", "Join Type": "Inner", "Startup Cost": 3540088.91, "Total Cost": 3843115.38, "Plan Rows": 33034, "Plan Width": 40, "Inner Unique": true, "Plans": [{"Node Type": "Aggregate", "Strategy": "Hashed", "Parent Relationship": "Outer", "Startup Cost": 3540088.91, "Total Cost": 3606239.52, "Plan Rows": 33034, "Plan Width": 24, "Group By Key": ["public.lineitem.l_orderkey"], "Filter": "(sum(public.lineitem.l_quantity) > 314::double precision), (LLVM Optimized)", "Plans": [{"Node Type": "Index Scan", "Parent Relationship": "Outer", "Scan Direction": "Forward", "Index Name": "idx_lineitem_orderkey", "Relation Name": "lineitem", "Alias": "lineitem", "Startup Cost": 0.0, "Total Cost": 3240153.75, "Plan Rows": 59987033, "Plan Width": 16}]}, {"Node Type": "Index Scan", "Parent Relationship": "Inner", "Scan Direction": "Forward", "Index Name": "orders_pkey", "Relation Name": "orders", "Alias": "orders", "Startup Cost": 0.0, "Total Cost": 7.15, "Plan Rows": 1, "Plan Width": 32, "Index Cond": "(o_orderkey = public.lineitem.l_orderkey)"}]}, {"Node Type": "Index Scan", "Parent Relationship": "Inner", "Scan Direction": "Forward", "Index Name": "customer_pkey", "Relation Name": "customer", "Alias": "customer", "Startup Cost": 0.0, "Total Cost": 0.28, "Plan Rows": 1, "Plan Width": 27, "Index Cond": "(c_custkey = orders.o_custkey)"}]}, {"Node Type": "Index Scan", "Parent Relationship": "Inner", "Scan Direction": "Forward", "Index Name": "idx_lineitem_orderkey", "Relation Name": "lineitem", "Alias": "lineitem", "Startup Cost": 0.0, "Total Cost": 0.87, "Plan Rows": 9, "Plan Width": 16, "Index Cond": "(l_orderkey = orders.o_orderkey)"}]}]}]}]}, "Unique SQL Id": 1915754155, "Planner Runtime": 1}, "explain_analyze_plan": {"Plan": {"Node Type": "Limit", "Startup Cost": 3874068.21, "Total Cost": 3874068.46, "Plan Rows": 100, "Plan Width": 67, "Actual Startup Time": 80046.048, "Actual Total Time": 80046.063, "Actual Rows": 84, "Actual Loops": 1, "Plans": [{"Node Type": "Sort", "Parent Relationship": "Outer", "Startup Cost": 3874068.21, "Total Cost": 3874384.02, "Plan Rows": 100, "Plan Width": 67, "Actual Startup Time": 80046.046, "Actual Total Time": 80046.051, "Actual Rows": 84, "Actual Loops": 1, "Sort Key": ["orders.o_totalprice DESC", "orders.o_orderdate"], "Sort Method": "quicksort", "Sort Space Used": 38, "Sort Space Type": "Memory", "Plans": [{"Node Type": "Aggregate", "Strategy": "Hashed", "Parent Relationship": "Outer", "Startup Cost": 3867977.11, "Total Cost": 3869240.32, "Plan Rows": 126321, "Plan Width": 67, "Actual Startup Time": 80045.618, "Actual Total Time": 80045.952, "Actual Rows": 84, "Actual Loops": 1, "Group By Key": ["orders.o_totalprice", "orders.o_orderdate", "customer.c_name", "customer.c_custkey", "orders.o_orderkey"], "Plans": [{"Node Type": "Nested Loop", "Parent Relationship": "Outer", "Join Type": "Inner", "Startup Cost": 3540088.91, "Total Cost": 3866082.29, "Plan Rows": 126321, "Plan Width": 59, "Actual Startup Time": 71660.31, "Actual Total Time": 80043.737, "Actual Rows": 588, "Actual Loops": 1, "Inner Unique": false, "Plans": [{"Node Type": "Nested Loop", "Parent Relationship": "Outer", "Join Type": "Inner", "Startup Cost": 3540088.91, "Total Cost": 3852738.51, "Plan Rows": 13913, "Plan Width": 59, "Actual Startup Time": 71660.278, "Actual Total Time": 80041.063, "Actual Rows": 84, "Actual Loops": 1, "Inner Unique": true, "Plans": [{"Node Type": "Nested Loop", "Parent Relationship": "Outer", "Join Type": "Inner", "Startup Cost": 3540088.91, "Total Cost": 3843115.38, "Plan Rows": 33034, "Plan Width": 40, "Actual Startup Time": 71660.251, "Actual Total Time": 80039.183, "Actual Rows": 84, "Actual Loops": 1, "Inner Unique": true, "Plans": [{"Node Type": "Aggregate", "Strategy": "Hashed", "Parent Relationship": "Outer", "Startup Cost": 3540088.91, "Total Cost": 3606239.52, "Plan Rows": 33034, "Plan Width": 24, "Actual Startup Time": 71660.193, "Actual Total Time": 80016.864, "Actual Rows": 84, "Actual Loops": 1, "Group By Key": ["public.lineitem.l_orderkey"], "Filter": "(sum(public.lineitem.l_quantity) > 314::double precision), (LLVM Optimized, Jit Execute)", "Rows Removed by Filter": 14999916, "Plans": [{"Node Type": "Index Scan", "Parent Relationship": "Outer", "Scan Direction": "Forward", "Index Name": "idx_lineitem_orderkey", "Relation Name": "lineitem", "Alias": "lineitem", "Startup Cost": 0.0, "Total Cost": 3240153.75, "Plan Rows": 59987033, "Plan Width": 16, "Actual Startup Time": 0.058, "Actual Total Time": 41400.691, "Actual Rows": 59986052, "Actual Loops": 1}]}, {"Node Type": "Index Scan", "Parent Relationship": "Inner", "Scan Direction": "Forward", "Index Name": "orders_pkey", "Relation Name": "orders", "Alias": "orders", "Startup Cost": 0.0, "Total Cost": 7.15, "Plan Rows": 1, "Plan Width": 32, "Actual Startup Time": 2.944, "Actual Total Time": 2.944, "Actual Rows": 84, "Actual Loops": 84, "Index Cond": "(o_orderkey = public.lineitem.l_orderkey)", "Rows Removed by Index Recheck": 0}]}, {"Node Type": "Index Scan", "Parent Relationship": "Inner", "Scan Direction": "Forward", "Index Name": "customer_pkey", "Relation Name": "customer", "Alias": "customer", "Startup Cost": 0.0, "Total Cost": 0.28, "Plan Rows": 1, "Plan Width": 27, "Actual Startup Time": 1.358, "Actual Total Time": 1.358, "Actual Rows": 84, "Actual Loops": 84, "Index Cond": "(c_custkey = orders.o_custkey)", "Rows Removed by Index Recheck": 0}]}, {"Node Type": "Index Scan", "Parent Relationship": "Inner", "Scan Direction": "Forward", "Index Name": "idx_lineitem_orderkey", "Relation Name": "lineitem", "Alias": "lineitem", "Startup Cost": 0.0, "Total Cost": 0.87, "Plan Rows": 9, "Plan Width": 16, "Actual Startup Time": 1.639, "Actual Total Time": 2.066, "Actual Rows": 588, "Actual Loops": 84, "Index Cond": "(l_orderkey = orders.o_orderkey)", "Rows Removed by Index Recheck": 0}]}]}]}]}, "Triggers": [], "Planner Runtime": 2.569, "Total Runtime": 80056.92, "Unique SQL Id": 1915754155}}, "(16, '18')": {"explain_plan": {"Plan": {"Node Type": "Limit", "Startup Cost": 2838735.63, "Total Cost": 2838735.88, "Plan Rows": 100, "Plan Width": 67, "Plans": [{"Node Type": "Sort", "Parent Relationship": "Outer", "Startup Cost": 2838735.63, "Total Cost": 2839051.44, "Plan Rows": 100, "Plan Width": 67, "Sort Key": ["orders.o_totalprice DESC", "orders.o_orderdate"], "Plans": [{"Node Type": "Aggregate", "Strategy": "Hashed", "Parent Relationship": "Outer", "Startup Cost": 2832644.53, "Total Cost": 2833907.74, "Plan Rows": 126321, "Plan Width": 67, "Group By Key": ["orders.o_totalprice", "orders.o_orderdate", "customer.c_name", "customer.c_custkey", "orders.o_orderkey"], "Plans": [{"Node Type": "Nested Loop", "Parent Relationship": "Outer", "Join Type": "Inner", "Startup Cost": 2315054.5, "Total Cost": 2830749.71, "Plan Rows": 126321, "Plan Width": 59, "Inner Unique": false, "Plans": [{"Node Type": "Nested Loop", "Parent Relationship": "Outer", "Join Type": "Inner", "Startup Cost": 2315054.12, "Total Cost": 2766973.56, "Plan Rows": 13913, "Plan Width": 59, "Inner Unique": true, "Plans": [{"Node Type": "Nested Loop", "Parent Relationship": "Outer", "Join Type": "Inner", "Startup Cost": 2315053.86, "Total Cost": 2625533.23, "Plan Rows": 33034, "Plan Width": 40, "Inner Unique": true, "Plans": [{"Node Type": "Aggregate", "Strategy": "Hashed", "Parent Relationship": "Outer", "Startup Cost": 2315050.5, "Total Cost": 2381201.11, "Plan Rows": 33034, "Plan Width": 24, "Group By Key": ["public.lineitem.l_orderkey"], "Filter": "(sum(public.lineitem.l_quantity) > 314::double precision), (LLVM Optimized)", "Plans": [{"Node Type": "Seq Scan", "Parent Relationship": "Outer", "Relation Name": "lineitem", "Alias": "lineitem", "Startup Cost": 0.0, "Total Cost": 2015115.33, "Plan Rows": 59987033, "Plan Width": 16}]}, {"Node Type": "Bitmap Heap Scan", "Parent Relationship": "Inner", "Relation Name": "orders", "Alias": "orders", "Startup Cost": 3.36, "Total Cost": 7.38, "Plan Rows": 1, "Plan Width": 32, "Recheck Cond": "(o_orderkey = public.lineitem.l_orderkey)", "Plans": [{"Node Type": "Bitmap Index Scan", "Parent Relationship": "Outer", "Index Name": "orders_pkey", "Startup Cost": 0.0, "Total Cost": 3.36, "Plan Rows": 1, "Plan Width": 0, "Index Cond": "(o_orderkey = public.lineitem.l_orderkey)"}]}]}, {"Node Type": "Bitmap Heap Scan", "Parent Relationship": "Inner", "Relation Name": "customer", "Alias": "customer", "Startup Cost": 0.26, "Total Cost": 4.27, "Plan Rows": 1, "Plan Width": 27, "Recheck Cond": "(c_custkey = orders.o_custkey)", "Plans": [{"Node Type": "Bitmap Index Scan", "Parent Relationship": "Outer", "Index Name": "customer_pkey", "Startup Cost": 0.0, "Total Cost": 0.26, "Plan Rows": 1, "Plan Width": 0, "Index Cond": "(c_custkey = orders.o_custkey)"}]}]}, {"Node Type": "Bitmap Heap Scan", "Parent Relationship": "Inner", "Relation Name": "lineitem", "Alias": "lineitem", "Startup Cost": 0.38, "Total Cost": 4.49, "Plan Rows": 9, "Plan Width": 16, "Recheck Cond": "(l_orderkey = orders.o_orderkey)", "Plans": [{"Node Type": "Bitmap Index Scan", "Parent Relationship": "Outer", "Index Name": "idx_lineitem_orderkey", "Startup Cost": 0.0, "Total Cost": 0.38, "Plan Rows": 9, "Plan Width": 0, "Index Cond": "(l_orderkey = orders.o_orderkey)"}]}]}]}]}]}, "Unique SQL Id": 1915754155, "Planner Runtime": 1}, "explain_analyze_plan": {"Plan": {"Node Type": "Limit", "Startup Cost": 2838735.63, "Total Cost": 2838735.88, "Plan Rows": 100, "Plan Width": 67, "Actual Startup Time": 56816.861, "Actual Total Time": 56816.878, "Actual Rows": 84, "Actual Loops": 1, "Plans": [{"Node Type": "Sort", "Parent Relationship": "Outer", "Startup Cost": 2838735.63, "Total Cost": 2839051.44, "Plan Rows": 100, "Plan Width": 67, "Actual Startup Time": 56816.858, "Actual Total Time": 56816.864, "Actual Rows": 84, "Actual Loops": 1, "Sort Key": ["orders.o_totalprice DESC", "orders.o_orderdate"], "Sort Method": "quicksort", "Sort Space Used": 38, "Sort Space Type": "Memory", "Plans": [{"Node Type": "Aggregate", "Strategy": "Hashed", "Parent Relationship": "Outer", "Startup Cost": 2832644.53, "Total Cost": 2833907.74, "Plan Rows": 126321, "Plan Width": 67, "Actual Startup Time": 56816.186, "Actual Total Time": 56816.761, "Actual Rows": 84, "Actual Loops": 1, "Group By Key": ["orders.o_totalprice", "orders.o_orderdate", "customer.c_name", "customer.c_custkey", "orders.o_orderkey"], "Plans": [{"Node Type": "Nested Loop", "Parent Relationship": "Outer", "Join Type": "Inner", "Startup Cost": 2315054.5, "Total Cost": 2830749.71, "Plan Rows": 126321, "Plan Width": 59, "Actual Startup Time": 48198.766, "Actual Total Time": 56814.109, "Actual Rows": 588, "Actual Loops": 1, "Inner Unique": false, "Plans": [{"Node Type": "Nested Loop", "Parent Relationship": "Outer", "Join Type": "Inner", "Startup Cost": 2315054.12, "Total Cost": 2766973.56, "Plan Rows": 13913, "Plan Width": 59, "Actual Startup Time": 48198.721, "Actual Total Time": 56810.721, "Actual Rows": 84, "Actual Loops": 1, "Inner Unique": true, "Plans": [{"Node Type": "Nested Loop", "Parent Relationship": "Outer", "Join Type": "Inner", "Startup Cost": 2315053.86, "Total Cost": 2625533.23, "Plan Rows": 33034, "Plan Width": 40, "Actual Startup Time": 48198.687, "Actual Total Time": 56808.366, "Actual Rows": 84, "Actual Loops": 1, "Inner Unique": true, "Plans": [{"Node Type": "Aggregate", "Strategy": "Hashed", "Parent Relationship": "Outer", "Startup Cost": 2315050.5, "Total Cost": 2381201.11, "Plan Rows": 33034, "Plan Width": 24, "Actual Startup Time": 48198.557, "Actual Total Time": 56784.379, "Actual Rows": 84, "Actual Loops": 1, "Group By Key": ["public.lineitem.l_orderkey"], "Filter": "(sum(public.lineitem.l_quantity) > 314::double precision), (LLVM Optimized, Jit Execute)", "Rows Removed by Filter": 14999916, "Plans": [{"Node Type": "Seq Scan", "Parent Relationship": "Outer", "Relation Name": "lineitem", "Alias": "lineitem", "Startup Cost": 0.0, "Total Cost": 2015115.33, "Plan Rows": 59987033, "Plan Width": 16, "Actual Startup Time": 0.061, "Actual Total Time": 20248.535, "Actual Rows": 59986052, "Actual Loops": 1}]}, {"Node Type": "Bitmap Heap Scan", "Parent Relationship": "Inner", "Relation Name": "orders", "Alias": "orders", "Startup Cost": 3.36, "Total Cost": 7.38, "Plan Rows": 1, "Plan Width": 32, "Actual Startup Time": 3.477, "Actual Total Time": 3.477, "Actual Rows": 84, "Actual Loops": 84, "Recheck Cond": "(o_orderkey = public.lineitem.l_orderkey)", "Rows Removed by Index Recheck": 0, "Exact Heap Blocks": 84, "Lossy Heap Blocks": 84, "Plans": [{"Node Type": "Bitmap Index Scan", "Parent Relationship": "Outer", "Index Name": "orders_pkey", "Startup Cost": 0.0, "Total Cost": 3.36, "Plan Rows": 1, "Plan Width": 0, "Actual Startup Time": 2.267, "Actual Total Time": 2.267, "Actual Rows": 84, "Actual Loops": 84, "Index Cond": "(o_orderkey = public.lineitem.l_orderkey)"}]}]}, {"Node Type": "Bitmap Heap Scan", "Parent Relationship": "Inner", "Relation Name": "customer", "Alias": "customer", "Startup Cost": 0.26, "Total Cost": 4.27, "Plan Rows": 1, "Plan Width": 27, "Actual Startup Time": 1.662, "Actual Total Time": 1.662, "Actual Rows": 84, "Actual Loops": 84, "Recheck Cond": "(c_custkey = orders.o_custkey)", "Rows Removed by Index Recheck": 0, "Exact Heap Blocks": 84, "Lossy Heap Blocks": 84, "Plans": [{"Node Type": "Bitmap Index Scan", "Parent Relationship": "Outer", "Index Name": "customer_pkey", "Startup Cost": 0.0, "Total Cost": 0.26, "Plan Rows": 1, "Plan Width": 0, "Actual Startup Time": 1.033, "Actual Total Time": 1.033, "Actual Rows": 84, "Actual Loops": 84, "Index Cond": "(c_custkey = orders.o_custkey)"}]}]}, {"Node Type": "Bitmap Heap Scan", "Parent Relationship": "Inner", "Relation Name": "lineitem", "Alias": "lineitem", "Startup Cost": 0.38, "Total Cost": 4.49, "Plan Rows": 9, "Plan Width": 16, "Actual Startup Time": 2.278, "Actual Total Time": 2.466, "Actual Rows": 588, "Actual Loops": 84, "Recheck Cond": "(l_orderkey = orders.o_orderkey)", "Rows Removed by Index Recheck": 0, "Exact Heap Blocks": 96, "Lossy Heap Blocks": 96, "Plans": [{"Node Type": "Bitmap Index Scan", "Parent Relationship": "Outer", "Index Name": "idx_lineitem_orderkey", "Startup Cost": 0.0, "Total Cost": 0.38, "Plan Rows": 9, "Plan Width": 0, "Actual Startup Time": 1.397, "Actual Total Time": 1.397, "Actual Rows": 588, "Actual Loops": 84, "Index Cond": "(l_orderkey = orders.o_orderkey)"}]}]}]}]}]}, "Triggers": [], "Planner Runtime": 1.909, "Total Runtime": 56826.202, "Unique SQL Id": 1915754155}}, "(16, '19')": {"explain_plan": {"Plan": {"Node Type": "Limit", "Startup Cost": 1000324838994.8, "Total Cost": 1000324838995.05, "Plan Rows": 100, "Plan Width": 67, "Plans": [{"Node Type": "Sort", "Parent Relationship": "Outer", "Startup Cost": 1000324838994.8, "Total Cost": 1000324839310.61, "Plan Rows": 100, "Plan Width": 67, "Sort Key": ["orders.o_totalprice DESC", "orders.o_orderdate"], "Plans": [{"Node Type": "Aggregate", "Strategy": "Hashed", "Parent Relationship": "Outer", "Startup Cost": 1000324832903.7, "Total Cost": 1000324834166.91, "Plan Rows": 126321, "Plan Width": 67, "Group By Key": ["orders.o_totalprice", "orders.o_orderdate", "customer.c_name", "customer.c_custkey", "orders.o_orderkey"], "Plans": [{"Node Type": "Nested Loop", "Parent Relationship": "Outer", "Join Type": "Inner", "Startup Cost": 1000324315313.67, "Total Cost": 1000324831008.88, "Plan Rows": 126321, "Plan Width": 59, "Inner Unique": false, "Plans": [{"Node Type": "Nested Loop", "Parent Relationship": "Outer", "Join Type": "Inner", "Startup Cost": 1000324315313.29, "Total Cost": 1000324767232.73, "Plan Rows": 13913, "Plan Width": 59, "Inner Unique": true, "Plans": [{"Node Type": "Nested Loop", "Parent Relationship": "Outer", "Join Type": "Inner", "Startup Cost": 1000324315313.03, "Total Cost": 1000324625792.4, "Plan Rows": 33034, "Plan Width": 40, "Inner Unique": true, "Plans": [{"Node Type": "Aggregate", "Strategy": "Hashed", "Parent Relationship": "Outer", "Startup Cost": 1000324315309.67, "Total Cost": 1000324381460.28, "Plan Rows": 33034, "Plan Width": 24, "Group By Key": ["public.lineitem.l_orderkey"], "Filter": "(sum(public.lineitem.l_quantity) > 314::double precision), (LLVM Optimized)", "Plans": [{"Node Type": "Index Scan", "Parent Relationship": "Outer", "Scan Direction": "Forward", "Index Name": "idx_lineitem_orderkey", "Relation Name": "lineitem", "Alias": "lineitem", "Startup Cost": 10000000000.0, "Total Cost": 1000324015374.5, "Plan Rows": 59987033, "Plan Width": 16}]}, {"Node Type": "Bitmap Heap Scan", "Parent Relationship": "Inner", "Relation Name": "orders", "Alias": "orders", "Startup Cost": 3.36, "Total Cost": 7.38, "Plan Rows": 1, "Plan Width": 32, "Recheck Cond": "(o_orderkey = public.lineitem.l_orderkey)", "Plans": [{"Node Type": "Bitmap Index Scan", "Parent Relationship": "Outer", "Index Name": "orders_pkey", "Startup Cost": 0.0, "Total Cost": 3.36, "Plan Rows": 1, "Plan Width": 0, "Index Cond": "(o_orderkey = public.lineitem.l_orderkey)"}]}]}, {"Node Type": "Bitmap Heap Scan", "Parent Relationship": "Inner", "Relation Name": "customer", "Alias": "customer", "Startup Cost": 0.26, "Total Cost": 4.27, "Plan Rows": 1, "Plan Width": 27, "Recheck Cond": "(c_custkey = orders.o_custkey)", "Plans": [{"Node Type": "Bitmap Index Scan", "Parent Relationship": "Outer", "Index Name": "customer_pkey", "Startup Cost": 0.0, "Total Cost": 0.26, "Plan Rows": 1, "Plan Width": 0, "Index Cond": "(c_custkey = orders.o_custkey)"}]}]}, {"Node Type": "Bitmap Heap Scan", "Parent Relationship": "Inner", "Relation Name": "lineitem", "Alias": "lineitem", "Startup Cost": 0.38, "Total Cost": 4.49, "Plan Rows": 9, "Plan Width": 16, "Recheck Cond": "(l_orderkey = orders.o_orderkey)", "Plans": [{"Node Type": "Bitmap Index Scan", "Parent Relationship": "Outer", "Index Name": "idx_lineitem_orderkey", "Startup Cost": 0.0, "Total Cost": 0.38, "Plan Rows": 9, "Plan Width": 0, "Index Cond": "(l_orderkey = orders.o_orderkey)"}]}]}]}]}]}, "Unique SQL Id": 1915754155, "Planner Runtime": 2}, "explain_analyze_plan": {"Plan": {"Node Type": "Limit", "Startup Cost": 1000324838994.8, "Total Cost": 1000324838995.05, "Plan Rows": 100, "Plan Width": 67, "Actual Startup Time": 80385.074, "Actual Total Time": 80385.092, "Actual Rows": 84, "Actual Loops": 1, "Plans": [{"Node Type": "Sort", "Parent Relationship": "Outer", "Startup Cost": 1000324838994.8, "Total Cost": 1000324839310.61, "Plan Rows": 100, "Plan Width": 67, "Actual Startup Time": 80385.071, "Actual Total Time": 80385.08, "Actual Rows": 84, "Actual Loops": 1, "Sort Key": ["orders.o_totalprice DESC", "orders.o_orderdate"], "Sort Method": "quicksort", "Sort Space Used": 38, "Sort Space Type": "Memory", "Plans": [{"Node Type": "Aggregate", "Strategy": "Hashed", "Parent Relationship": "Outer", "Startup Cost": 1000324832903.7, "Total Cost": 1000324834166.91, "Plan Rows": 126321, "Plan Width": 67, "Actual Startup Time": 80384.393, "Actual Total Time": 80384.969, "Actual Rows": 84, "Actual Loops": 1, "Group By Key": ["orders.o_totalprice", "orders.o_orderdate", "customer.c_name", "customer.c_custkey", "orders.o_orderkey"], "Plans": [{"Node Type": "Nested Loop", "Parent Relationship": "Outer", "Join Type": "Inner", "Startup Cost": 1000324315313.67, "Total Cost": 1000324831008.88, "Plan Rows": 126321, "Plan Width": 59, "Actual Startup Time": 72233.603, "Actual Total Time": 80382.462, "Actual Rows": 588, "Actual Loops": 1, "Inner Unique": false, "Plans": [{"Node Type": "Nested Loop", "Parent Relationship": "Outer", "Join Type": "Inner", "Startup Cost": 1000324315313.29, "Total Cost": 1000324767232.73, "Plan Rows": 13913, "Plan Width": 59, "Actual Startup Time": 72233.569, "Actual Total Time": 80379.219, "Actual Rows": 84, "Actual Loops": 1, "Inner Unique": true, "Plans": [{"Node Type": "Nested Loop", "Parent Relationship": "Outer", "Join Type": "Inner", "Startup Cost": 1000324315313.03, "Total Cost": 1000324625792.4, "Plan Rows": 33034, "Plan Width": 40, "Actual Startup Time": 72233.51, "Actual Total Time": 80376.925, "Actual Rows": 84, "Actual Loops": 1, "Inner Unique": true, "Plans": [{"Node Type": "Aggregate", "Strategy": "Hashed", "Parent Relationship": "Outer", "Startup Cost": 1000324315309.67, "Total Cost": 1000324381460.28, "Plan Rows": 33034, "Plan Width": 24, "Actual Startup Time": 72233.393, "Actual Total Time": 80354.823, "Actual Rows": 84, "Actual Loops": 1, "Group By Key": ["public.lineitem.l_orderkey"], "Filter": "(sum(public.lineitem.l_quantity) > 314::double precision), (LLVM Optimized, Jit Execute)", "Rows Removed by Filter": 14999916, "Plans": [{"Node Type": "Index Scan", "Parent Relationship": "Outer", "Scan Direction": "Forward", "Index Name": "idx_lineitem_orderkey", "Relation Name": "lineitem", "Alias": "lineitem", "Startup Cost": 10000000000.0, "Total Cost": 1000324015374.5, "Plan Rows": 59987033, "Plan Width": 16, "Actual Startup Time": 0.063, "Actual Total Time": 42277.738, "Actual Rows": 59986052, "Actual Loops": 1}]}, {"Node Type": "Bitmap Heap Scan", "Parent Relationship": "Inner", "Relation Name": "orders", "Alias": "orders", "Startup Cost": 3.36, "Total Cost": 7.38, "Plan Rows": 1, "Plan Width": 32, "Actual Startup Time": 3.479, "Actual Total Time": 3.479, "Actual Rows": 84, "Actual Loops": 84, "Recheck Cond": "(o_orderkey = public.lineitem.l_orderkey)", "Rows Removed by Index Recheck": 0, "Exact Heap Blocks": 84, "Lossy Heap Blocks": 84, "Plans": [{"Node Type": "Bitmap Index Scan", "Parent Relationship": "Outer", "Index Name": "orders_pkey", "Startup Cost": 0.0, "Total Cost": 3.36, "Plan Rows": 1, "Plan Width": 0, "Actual Startup Time": 2.316, "Actual Total Time": 2.316, "Actual Rows": 84, "Actual Loops": 84, "Index Cond": "(o_orderkey = public.lineitem.l_orderkey)"}]}]}, {"Node Type": "Bitmap Heap Scan", "Parent Relationship": "Inner", "Relation Name": "customer", "Alias": "customer", "Startup Cost": 0.26, "Total Cost": 4.27, "Plan Rows": 1, "Plan Width": 27, "Actual Startup Time": 1.615, "Actual Total Time": 1.615, "Actual Rows": 84, "Actual Loops": 84, "Recheck Cond": "(c_custkey = orders.o_custkey)", "Rows Removed by Index Recheck": 0, "Exact Heap Blocks": 84, "Lossy Heap Blocks": 84, "Plans": [{"Node Type": "Bitmap Index Scan", "Parent Relationship": "Outer", "Index Name": "customer_pkey", "Startup Cost": 0.0, "Total Cost": 0.26, "Plan Rows": 1, "Plan Width": 0, "Actual Startup Time": 0.975, "Actual Total Time": 0.975, "Actual Rows": 84, "Actual Loops": 84, "Index Cond": "(c_custkey = orders.o_custkey)"}]}]}, {"Node Type": "Bitmap Heap Scan", "Parent Relationship": "Inner", "Relation Name": "lineitem", "Alias": "lineitem", "Startup Cost": 0.38, "Total Cost": 4.49, "Plan Rows": 9, "Plan Width": 16, "Actual Startup Time": 2.193, "Actual Total Time": 2.369, "Actual Rows": 588, "Actual Loops": 84, "Recheck Cond": "(l_orderkey = orders.o_orderkey)", "Rows Removed by Index Recheck": 0, "Exact Heap Blocks": 96, "Lossy Heap Blocks": 96, "Plans": [{"Node Type": "Bitmap Index Scan", "Parent Relationship": "Outer", "Index Name": "idx_lineitem_orderkey", "Startup Cost": 0.0, "Total Cost": 0.38, "Plan Rows": 9, "Plan Width": 0, "Actual Startup Time": 1.36, "Actual Total Time": 1.36, "Actual Rows": 588, "Actual Loops": 84, "Index Cond": "(l_orderkey = orders.o_orderkey)"}]}]}]}]}]}, "Triggers": [], "Planner Runtime": 2.016, "Total Runtime": 80394.686, "Unique SQL Id": 1915754155}}, "(16, '20')": {"explain_plan": {"Plan": {"Node Type": "Limit", "Startup Cost": 2649029.8, "Total Cost": 2649030.05, "Plan Rows": 100, "Plan Width": 67, "Plans": [{"Node Type": "Sort", "Parent Relationship": "Outer", "Startup Cost": 2649029.8, "Total Cost": 2649345.6, "Plan Rows": 100, "Plan Width": 67, "Sort Key": ["orders.o_totalprice DESC", "orders.o_orderdate"], "Plans": [{"Node Type": "Aggregate", "Strategy": "Hashed", "Parent Relationship": "Outer", "Startup Cost": 2642938.69, "Total Cost": 2644201.9, "Plan Rows": 126321, "Plan Width": 67, "Group By Key": ["orders.o_totalprice", "orders.o_orderdate", "customer.c_name", "customer.c_custkey", "orders.o_orderkey"], "Plans": [{"Node Type": "Nested Loop", "Parent Relationship": "Outer", "Join Type": "Inner", "Startup Cost": 2315050.5, "Total Cost": 2641043.88, "Plan Rows": 126321, "Plan Width": 59, "Inner Unique": false, "Plans": [{"Node Type": "Nested Loop", "Parent Relationship": "Outer", "Join Type": "Inner", "Startup Cost": 2315050.5, "Total Cost": 2627700.1, "Plan Rows": 13913, "Plan Width": 59, "Inner Unique": true, "Plans": [{"Node Type": "Nested Loop", "Parent Relationship": "Outer", "Join Type": "Inner", "Startup Cost": 2315050.5, "Total Cost": 2618076.97, "Plan Rows": 33034, "Plan Width": 40, "Inner Unique": true, "Plans": [{"Node Type": "Aggregate", "Strategy": "Hashed", "Parent Relationship": "Outer", "Startup Cost": 2315050.5, "Total Cost": 2381201.11, "Plan Rows": 33034, "Plan Width": 24, "Group By Key": ["public.lineitem.l_orderkey"], "Filter": "(sum(public.lineitem.l_quantity) > 314::double precision), (LLVM Optimized)", "Plans": [{"Node Type": "Seq Scan", "Parent Relationship": "Outer", "Relation Name": "lineitem", "Alias": "lineitem", "Startup Cost": 0.0, "Total Cost": 2015115.33, "Plan Rows": 59987033, "Plan Width": 16}]}, {"Node Type": "Index Scan", "Parent Relationship": "Inner", "Scan Direction": "Forward", "Index Name": "orders_pkey", "Relation Name": "orders", "Alias": "orders", "Startup Cost": 0.0, "Total Cost": 7.15, "Plan Rows": 1, "Plan Width": 32, "Index Cond": "(o_orderkey = public.lineitem.l_orderkey)"}]}, {"Node Type": "Index Scan", "Parent Relationship": "Inner", "Scan Direction": "Forward", "Index Name": "customer_pkey", "Relation Name": "customer", "Alias": "customer", "Startup Cost": 0.0, "Total Cost": 0.28, "Plan Rows": 1, "Plan Width": 27, "Index Cond": "(c_custkey = orders.o_custkey)"}]}, {"Node Type": "Index Scan", "Parent Relationship": "Inner", "Scan Direction": "Forward", "Index Name": "idx_lineitem_orderkey", "Relation Name": "lineitem", "Alias": "lineitem", "Startup Cost": 0.0, "Total Cost": 0.87, "Plan Rows": 9, "Plan Width": 16, "Index Cond": "(l_orderkey = orders.o_orderkey)"}]}]}]}]}, "Unique SQL Id": 1915754155, "Planner Runtime": 1}, "explain_analyze_plan": {"Plan": {"Node Type": "Limit", "Startup Cost": 2649029.8, "Total Cost": 2649030.05, "Plan Rows": 100, "Plan Width": 67, "Actual Startup Time": 53367.336, "Actual Total Time": 53367.355, "Actual Rows": 84, "Actual Loops": 1, "Plans": [{"Node Type": "Sort", "Parent Relationship": "Outer", "Startup Cost": 2649029.8, "Total Cost": 2649345.6, "Plan Rows": 100, "Plan Width": 67, "Actual Startup Time": 53367.333, "Actual Total Time": 53367.342, "Actual Rows": 84, "Actual Loops": 1, "Sort Key": ["orders.o_totalprice DESC", "orders.o_orderdate"], "Sort Method": "quicksort", "Sort Space Used": 38, "Sort Space Type": "Memory", "Plans": [{"Node Type": "Aggregate", "Strategy": "Hashed", "Parent Relationship": "Outer", "Startup Cost": 2642938.69, "Total Cost": 2644201.9, "Plan Rows": 126321, "Plan Width": 67, "Actual Startup Time": 53366.678, "Actual Total Time": 53367.237, "Actual Rows": 84, "Actual Loops": 1, "Group By Key": ["orders.o_totalprice", "orders.o_orderdate", "customer.c_name", "customer.c_custkey", "orders.o_orderkey"], "Plans": [{"Node Type": "Nested Loop", "Parent Relationship": "Outer", "Join Type": "Inner", "Startup Cost": 2315050.5, "Total Cost": 2641043.88, "Plan Rows": 126321, "Plan Width": 59, "Actual Startup Time": 47583.176, "Actual Total Time": 53364.795, "Actual Rows": 588, "Actual Loops": 1, "Inner Unique": false, "Plans": [{"Node Type": "Nested Loop", "Parent Relationship": "Outer", "Join Type": "Inner", "Startup Cost": 2315050.5, "Total Cost": 2627700.1, "Plan Rows": 13913, "Plan Width": 59, "Actual Startup Time": 47583.15, "Actual Total Time": 53362.449, "Actual Rows": 84, "Actual Loops": 1, "Inner Unique": true, "Plans": [{"Node Type": "Nested Loop", "Parent Relationship": "Outer", "Join Type": "Inner", "Startup Cost": 2315050.5, "Total Cost": 2618076.97, "Plan Rows": 33034, "Plan Width": 40, "Actual Startup Time": 47583.13, "Actual Total Time": 53361.021, "Actual Rows": 84, "Actual Loops": 1, "Inner Unique": true, "Plans": [{"Node Type": "Aggregate", "Strategy": "Hashed", "Parent Relationship": "Outer", "Startup Cost": 2315050.5, "Total Cost": 2381201.11, "Plan Rows": 33034, "Plan Width": 24, "Actual Startup Time": 47583.052, "Actual Total Time": 53340.03, "Actual Rows": 84, "Actual Loops": 1, "Group By Key": ["public.lineitem.l_orderkey"], "Filter": "(sum(public.lineitem.l_quantity) > 314::double precision), (LLVM Optimized, Jit Execute)", "Rows Removed by Filter": 14999916, "Plans": [{"Node Type": "Seq Scan", "Parent Relationship": "Outer", "Relation Name": "lineitem", "Alias": "lineitem", "Startup Cost": 0.0, "Total Cost": 2015115.33, "Plan Rows": 59987033, "Plan Width": 16, "Actual Startup Time": 0.044, "Actual Total Time": 20352.533, "Actual Rows": 59986052, "Actual Loops": 1}]}, {"Node Type": "Index Scan", "Parent Relationship": "Inner", "Scan Direction": "Forward", "Index Name": "orders_pkey", "Relation Name": "orders", "Alias": "orders", "Startup Cost": 0.0, "Total Cost": 7.15, "Plan Rows": 1, "Plan Width": 32, "Actual Startup Time": 2.902, "Actual Total Time": 2.902, "Actual Rows": 84, "Actual Loops": 84, "Index Cond": "(o_orderkey = public.lineitem.l_orderkey)", "Rows Removed by Index Recheck": 0}]}, {"Node Type": "Index Scan", "Parent Relationship": "Inner", "Scan Direction": "Forward", "Index Name": "customer_pkey", "Relation Name": "customer", "Alias": "customer", "Startup Cost": 0.0, "Total Cost": 0.28, "Plan Rows": 1, "Plan Width": 27, "Actual Startup Time": 1.048, "Actual Total Time": 1.048, "Actual Rows": 84, "Actual Loops": 84, "Index Cond": "(c_custkey = orders.o_custkey)", "Rows Removed by Index Recheck": 0}]}, {"Node Type": "Index Scan", "Parent Relationship": "Inner", "Scan Direction": "Forward", "Index Name": "idx_lineitem_orderkey", "Relation Name": "lineitem", "Alias": "lineitem", "Startup Cost": 0.0, "Total Cost": 0.87, "Plan Rows": 9, "Plan Width": 16, "Actual Startup Time": 1.401, "Actual Total Time": 1.898, "Actual Rows": 588, "Actual Loops": 84, "Index Cond": "(l_orderkey = orders.o_orderkey)", "Rows Removed by Index Recheck": 0}]}]}]}]}, "Triggers": [], "Planner Runtime": 2.116, "Total Runtime": 53376.681, "Unique SQL Id": 1915754155}}, "(16, '21')": {"explain_plan": {"Plan": {"Node Type": "Limit", "Startup Cost": 3874068.21, "Total Cost": 3874068.46, "Plan Rows": 100, "Plan Width": 67, "Plans": [{"Node Type": "Sort", "Parent Relationship": "Outer", "Startup Cost": 3874068.21, "Total Cost": 3874384.02, "Plan Rows": 100, "Plan Width": 67, "Sort Key": ["orders.o_totalprice DESC", "orders.o_orderdate"], "Plans": [{"Node Type": "Aggregate", "Strategy": "Hashed", "Parent Relationship": "Outer", "Startup Cost": 3867977.11, "Total Cost": 3869240.32, "Plan Rows": 126321, "Plan Width": 67, "Group By Key": ["orders.o_totalprice", "orders.o_orderdate", "customer.c_name", "customer.c_custkey", "orders.o_orderkey"], "Plans": [{"Node Type": "Nested Loop", "Parent Relationship": "Outer", "Join Type": "Inner", "Startup Cost": 3540088.91, "Total Cost": 3866082.29, "Plan Rows": 126321, "Plan Width": 59, "Inner Unique": false, "Plans": [{"Node Type": "Nested Loop", "Parent Relationship": "Outer", "Join Type": "Inner", "Startup Cost": 3540088.91, "Total Cost": 3852738.51, "Plan Rows": 13913, "Plan Width": 59, "Inner Unique": true, "Plans": [{"Node Type": "Nested Loop", "Parent Relationship": "Outer", "Join Type": "Inner", "Startup Cost": 3540088.91, "Total Cost": 3843115.38, "Plan Rows": 33034, "Plan Width": 40, "Inner Unique": true, "Plans": [{"Node Type": "Aggregate", "Strategy": "Hashed", "Parent Relationship": "Outer", "Startup Cost": 3540088.91, "Total Cost": 3606239.52, "Plan Rows": 33034, "Plan Width": 24, "Group By Key": ["public.lineitem.l_orderkey"], "Filter": "(sum(public.lineitem.l_quantity) > 314::double precision), (LLVM Optimized)", "Plans": [{"Node Type": "Index Scan", "Parent Relationship": "Outer", "Scan Direction": "Forward", "Index Name": "idx_lineitem_orderkey", "Relation Name": "lineitem", "Alias": "lineitem", "Startup Cost": 0.0, "Total Cost": 3240153.75, "Plan Rows": 59987033, "Plan Width": 16}]}, {"Node Type": "Index Scan", "Parent Relationship": "Inner", "Scan Direction": "Forward", "Index Name": "orders_pkey", "Relation Name": "orders", "Alias": "orders", "Startup Cost": 0.0, "Total Cost": 7.15, "Plan Rows": 1, "Plan Width": 32, "Index Cond": "(o_orderkey = public.lineitem.l_orderkey)"}]}, {"Node Type": "Index Scan", "Parent Relationship": "Inner", "Scan Direction": "Forward", "Index Name": "customer_pkey", "Relation Name": "customer", "Alias": "customer", "Startup Cost": 0.0, "Total Cost": 0.28, "Plan Rows": 1, "Plan Width": 27, "Index Cond": "(c_custkey = orders.o_custkey)"}]}, {"Node Type": "Index Scan", "Parent Relationship": "Inner", "Scan Direction": "Forward", "Index Name": "idx_lineitem_orderkey", "Relation Name": "lineitem", "Alias": "lineitem", "Startup Cost": 0.0, "Total Cost": 0.87, "Plan Rows": 9, "Plan Width": 16, "Index Cond": "(l_orderkey = orders.o_orderkey)"}]}]}]}]}, "Unique SQL Id": 1915754155, "Planner Runtime": 1}, "explain_analyze_plan": {"Plan": {"Node Type": "Limit", "Startup Cost": 3874068.21, "Total Cost": 3874068.46, "Plan Rows": 100, "Plan Width": 67, "Actual Startup Time": 80046.048, "Actual Total Time": 80046.063, "Actual Rows": 84, "Actual Loops": 1, "Plans": [{"Node Type": "Sort", "Parent Relationship": "Outer", "Startup Cost": 3874068.21, "Total Cost": 3874384.02, "Plan Rows": 100, "Plan Width": 67, "Actual Startup Time": 80046.046, "Actual Total Time": 80046.051, "Actual Rows": 84, "Actual Loops": 1, "Sort Key": ["orders.o_totalprice DESC", "orders.o_orderdate"], "Sort Method": "quicksort", "Sort Space Used": 38, "Sort Space Type": "Memory", "Plans": [{"Node Type": "Aggregate", "Strategy": "Hashed", "Parent Relationship": "Outer", "Startup Cost": 3867977.11, "Total Cost": 3869240.32, "Plan Rows": 126321, "Plan Width": 67, "Actual Startup Time": 80045.618, "Actual Total Time": 80045.952, "Actual Rows": 84, "Actual Loops": 1, "Group By Key": ["orders.o_totalprice", "orders.o_orderdate", "customer.c_name", "customer.c_custkey", "orders.o_orderkey"], "Plans": [{"Node Type": "Nested Loop", "Parent Relationship": "Outer", "Join Type": "Inner", "Startup Cost": 3540088.91, "Total Cost": 3866082.29, "Plan Rows": 126321, "Plan Width": 59, "Actual Startup Time": 71660.31, "Actual Total Time": 80043.737, "Actual Rows": 588, "Actual Loops": 1, "Inner Unique": false, "Plans": [{"Node Type": "Nested Loop", "Parent Relationship": "Outer", "Join Type": "Inner", "Startup Cost": 3540088.91, "Total Cost": 3852738.51, "Plan Rows": 13913, "Plan Width": 59, "Actual Startup Time": 71660.278, "Actual Total Time": 80041.063, "Actual Rows": 84, "Actual Loops": 1, "Inner Unique": true, "Plans": [{"Node Type": "Nested Loop", "Parent Relationship": "Outer", "Join Type": "Inner", "Startup Cost": 3540088.91, "Total Cost": 3843115.38, "Plan Rows": 33034, "Plan Width": 40, "Actual Startup Time": 71660.251, "Actual Total Time": 80039.183, "Actual Rows": 84, "Actual Loops": 1, "Inner Unique": true, "Plans": [{"Node Type": "Aggregate", "Strategy": "Hashed", "Parent Relationship": "Outer", "Startup Cost": 3540088.91, "Total Cost": 3606239.52, "Plan Rows": 33034, "Plan Width": 24, "Actual Startup Time": 71660.193, "Actual Total Time": 80016.864, "Actual Rows": 84, "Actual Loops": 1, "Group By Key": ["public.lineitem.l_orderkey"], "Filter": "(sum(public.lineitem.l_quantity) > 314::double precision), (LLVM Optimized, Jit Execute)", "Rows Removed by Filter": 14999916, "Plans": [{"Node Type": "Index Scan", "Parent Relationship": "Outer", "Scan Direction": "Forward", "Index Name": "idx_lineitem_orderkey", "Relation Name": "lineitem", "Alias": "lineitem", "Startup Cost": 0.0, "Total Cost": 3240153.75, "Plan Rows": 59987033, "Plan Width": 16, "Actual Startup Time": 0.058, "Actual Total Time": 41400.691, "Actual Rows": 59986052, "Actual Loops": 1}]}, {"Node Type": "Index Scan", "Parent Relationship": "Inner", "Scan Direction": "Forward", "Index Name": "orders_pkey", "Relation Name": "orders", "Alias": "orders", "Startup Cost": 0.0, "Total Cost": 7.15, "Plan Rows": 1, "Plan Width": 32, "Actual Startup Time": 2.944, "Actual Total Time": 2.944, "Actual Rows": 84, "Actual Loops": 84, "Index Cond": "(o_orderkey = public.lineitem.l_orderkey)", "Rows Removed by Index Recheck": 0}]}, {"Node Type": "Index Scan", "Parent Relationship": "Inner", "Scan Direction": "Forward", "Index Name": "customer_pkey", "Relation Name": "customer", "Alias": "customer", "Startup Cost": 0.0, "Total Cost": 0.28, "Plan Rows": 1, "Plan Width": 27, "Actual Startup Time": 1.358, "Actual Total Time": 1.358, "Actual Rows": 84, "Actual Loops": 84, "Index Cond": "(c_custkey = orders.o_custkey)", "Rows Removed by Index Recheck": 0}]}, {"Node Type": "Index Scan", "Parent Relationship": "Inner", "Scan Direction": "Forward", "Index Name": "idx_lineitem_orderkey", "Relation Name": "lineitem", "Alias": "lineitem", "Startup Cost": 0.0, "Total Cost": 0.87, "Plan Rows": 9, "Plan Width": 16, "Actual Startup Time": 1.639, "Actual Total Time": 2.066, "Actual Rows": 588, "Actual Loops": 84, "Index Cond": "(l_orderkey = orders.o_orderkey)", "Rows Removed by Index Recheck": 0}]}]}]}]}, "Triggers": [], "Planner Runtime": 2.569, "Total Runtime": 80056.92, "Unique SQL Id": 1915754155}}, "(16, '22')": {"explain_plan": {"Plan": {"Node Type": "Limit", "Startup Cost": 2838735.63, "Total Cost": 2838735.88, "Plan Rows": 100, "Plan Width": 67, "Plans": [{"Node Type": "Sort", "Parent Relationship": "Outer", "Startup Cost": 2838735.63, "Total Cost": 2839051.44, "Plan Rows": 100, "Plan Width": 67, "Sort Key": ["orders.o_totalprice DESC", "orders.o_orderdate"], "Plans": [{"Node Type": "Aggregate", "Strategy": "Hashed", "Parent Relationship": "Outer", "Startup Cost": 2832644.53, "Total Cost": 2833907.74, "Plan Rows": 126321, "Plan Width": 67, "Group By Key": ["orders.o_totalprice", "orders.o_orderdate", "customer.c_name", "customer.c_custkey", "orders.o_orderkey"], "Plans": [{"Node Type": "Nested Loop", "Parent Relationship": "Outer", "Join Type": "Inner", "Startup Cost": 2315054.5, "Total Cost": 2830749.71, "Plan Rows": 126321, "Plan Width": 59, "Inner Unique": false, "Plans": [{"Node Type": "Nested Loop", "Parent Relationship": "Outer", "Join Type": "Inner", "Startup Cost": 2315054.12, "Total Cost": 2766973.56, "Plan Rows": 13913, "Plan Width": 59, "Inner Unique": true, "Plans": [{"Node Type": "Nested Loop", "Parent Relationship": "Outer", "Join Type": "Inner", "Startup Cost": 2315053.86, "Total Cost": 2625533.23, "Plan Rows": 33034, "Plan Width": 40, "Inner Unique": true, "Plans": [{"Node Type": "Aggregate", "Strategy": "Hashed", "Parent Relationship": "Outer", "Startup Cost": 2315050.5, "Total Cost": 2381201.11, "Plan Rows": 33034, "Plan Width": 24, "Group By Key": ["public.lineitem.l_orderkey"], "Filter": "(sum(public.lineitem.l_quantity) > 314::double precision), (LLVM Optimized)", "Plans": [{"Node Type": "Seq Scan", "Parent Relationship": "Outer", "Relation Name": "lineitem", "Alias": "lineitem", "Startup Cost": 0.0, "Total Cost": 2015115.33, "Plan Rows": 59987033, "Plan Width": 16}]}, {"Node Type": "Bitmap Heap Scan", "Parent Relationship": "Inner", "Relation Name": "orders", "Alias": "orders", "Startup Cost": 3.36, "Total Cost": 7.38, "Plan Rows": 1, "Plan Width": 32, "Recheck Cond": "(o_orderkey = public.lineitem.l_orderkey)", "Plans": [{"Node Type": "Bitmap Index Scan", "Parent Relationship": "Outer", "Index Name": "orders_pkey", "Startup Cost": 0.0, "Total Cost": 3.36, "Plan Rows": 1, "Plan Width": 0, "Index Cond": "(o_orderkey = public.lineitem.l_orderkey)"}]}]}, {"Node Type": "Bitmap Heap Scan", "Parent Relationship": "Inner", "Relation Name": "customer", "Alias": "customer", "Startup Cost": 0.26, "Total Cost": 4.27, "Plan Rows": 1, "Plan Width": 27, "Recheck Cond": "(c_custkey = orders.o_custkey)", "Plans": [{"Node Type": "Bitmap Index Scan", "Parent Relationship": "Outer", "Index Name": "customer_pkey", "Startup Cost": 0.0, "Total Cost": 0.26, "Plan Rows": 1, "Plan Width": 0, "Index Cond": "(c_custkey = orders.o_custkey)"}]}]}, {"Node Type": "Bitmap Heap Scan", "Parent Relationship": "Inner", "Relation Name": "lineitem", "Alias": "lineitem", "Startup Cost": 0.38, "Total Cost": 4.49, "Plan Rows": 9, "Plan Width": 16, "Recheck Cond": "(l_orderkey = orders.o_orderkey)", "Plans": [{"Node Type": "Bitmap Index Scan", "Parent Relationship": "Outer", "Index Name": "idx_lineitem_orderkey", "Startup Cost": 0.0, "Total Cost": 0.38, "Plan Rows": 9, "Plan Width": 0, "Index Cond": "(l_orderkey = orders.o_orderkey)"}]}]}]}]}]}, "Unique SQL Id": 1915754155, "Planner Runtime": 1}, "explain_analyze_plan": {"Plan": {"Node Type": "Limit", "Startup Cost": 2838735.63, "Total Cost": 2838735.88, "Plan Rows": 100, "Plan Width": 67, "Actual Startup Time": 56816.861, "Actual Total Time": 56816.878, "Actual Rows": 84, "Actual Loops": 1, "Plans": [{"Node Type": "Sort", "Parent Relationship": "Outer", "Startup Cost": 2838735.63, "Total Cost": 2839051.44, "Plan Rows": 100, "Plan Width": 67, "Actual Startup Time": 56816.858, "Actual Total Time": 56816.864, "Actual Rows": 84, "Actual Loops": 1, "Sort Key": ["orders.o_totalprice DESC", "orders.o_orderdate"], "Sort Method": "quicksort", "Sort Space Used": 38, "Sort Space Type": "Memory", "Plans": [{"Node Type": "Aggregate", "Strategy": "Hashed", "Parent Relationship": "Outer", "Startup Cost": 2832644.53, "Total Cost": 2833907.74, "Plan Rows": 126321, "Plan Width": 67, "Actual Startup Time": 56816.186, "Actual Total Time": 56816.761, "Actual Rows": 84, "Actual Loops": 1, "Group By Key": ["orders.o_totalprice", "orders.o_orderdate", "customer.c_name", "customer.c_custkey", "orders.o_orderkey"], "Plans": [{"Node Type": "Nested Loop", "Parent Relationship": "Outer", "Join Type": "Inner", "Startup Cost": 2315054.5, "Total Cost": 2830749.71, "Plan Rows": 126321, "Plan Width": 59, "Actual Startup Time": 48198.766, "Actual Total Time": 56814.109, "Actual Rows": 588, "Actual Loops": 1, "Inner Unique": false, "Plans": [{"Node Type": "Nested Loop", "Parent Relationship": "Outer", "Join Type": "Inner", "Startup Cost": 2315054.12, "Total Cost": 2766973.56, "Plan Rows": 13913, "Plan Width": 59, "Actual Startup Time": 48198.721, "Actual Total Time": 56810.721, "Actual Rows": 84, "Actual Loops": 1, "Inner Unique": true, "Plans": [{"Node Type": "Nested Loop", "Parent Relationship": "Outer", "Join Type": "Inner", "Startup Cost": 2315053.86, "Total Cost": 2625533.23, "Plan Rows": 33034, "Plan Width": 40, "Actual Startup Time": 48198.687, "Actual Total Time": 56808.366, "Actual Rows": 84, "Actual Loops": 1, "Inner Unique": true, "Plans": [{"Node Type": "Aggregate", "Strategy": "Hashed", "Parent Relationship": "Outer", "Startup Cost": 2315050.5, "Total Cost": 2381201.11, "Plan Rows": 33034, "Plan Width": 24, "Actual Startup Time": 48198.557, "Actual Total Time": 56784.379, "Actual Rows": 84, "Actual Loops": 1, "Group By Key": ["public.lineitem.l_orderkey"], "Filter": "(sum(public.lineitem.l_quantity) > 314::double precision), (LLVM Optimized, Jit Execute)", "Rows Removed by Filter": 14999916, "Plans": [{"Node Type": "Seq Scan", "Parent Relationship": "Outer", "Relation Name": "lineitem", "Alias": "lineitem", "Startup Cost": 0.0, "Total Cost": 2015115.33, "Plan Rows": 59987033, "Plan Width": 16, "Actual Startup Time": 0.061, "Actual Total Time": 20248.535, "Actual Rows": 59986052, "Actual Loops": 1}]}, {"Node Type": "Bitmap Heap Scan", "Parent Relationship": "Inner", "Relation Name": "orders", "Alias": "orders", "Startup Cost": 3.36, "Total Cost": 7.38, "Plan Rows": 1, "Plan Width": 32, "Actual Startup Time": 3.477, "Actual Total Time": 3.477, "Actual Rows": 84, "Actual Loops": 84, "Recheck Cond": "(o_orderkey = public.lineitem.l_orderkey)", "Rows Removed by Index Recheck": 0, "Exact Heap Blocks": 84, "Lossy Heap Blocks": 84, "Plans": [{"Node Type": "Bitmap Index Scan", "Parent Relationship": "Outer", "Index Name": "orders_pkey", "Startup Cost": 0.0, "Total Cost": 3.36, "Plan Rows": 1, "Plan Width": 0, "Actual Startup Time": 2.267, "Actual Total Time": 2.267, "Actual Rows": 84, "Actual Loops": 84, "Index Cond": "(o_orderkey = public.lineitem.l_orderkey)"}]}]}, {"Node Type": "Bitmap Heap Scan", "Parent Relationship": "Inner", "Relation Name": "customer", "Alias": "customer", "Startup Cost": 0.26, "Total Cost": 4.27, "Plan Rows": 1, "Plan Width": 27, "Actual Startup Time": 1.662, "Actual Total Time": 1.662, "Actual Rows": 84, "Actual Loops": 84, "Recheck Cond": "(c_custkey = orders.o_custkey)", "Rows Removed by Index Recheck": 0, "Exact Heap Blocks": 84, "Lossy Heap Blocks": 84, "Plans": [{"Node Type": "Bitmap Index Scan", "Parent Relationship": "Outer", "Index Name": "customer_pkey", "Startup Cost": 0.0, "Total Cost": 0.26, "Plan Rows": 1, "Plan Width": 0, "Actual Startup Time": 1.033, "Actual Total Time": 1.033, "Actual Rows": 84, "Actual Loops": 84, "Index Cond": "(c_custkey = orders.o_custkey)"}]}]}, {"Node Type": "Bitmap Heap Scan", "Parent Relationship": "Inner", "Relation Name": "lineitem", "Alias": "lineitem", "Startup Cost": 0.38, "Total Cost": 4.49, "Plan Rows": 9, "Plan Width": 16, "Actual Startup Time": 2.278, "Actual Total Time": 2.466, "Actual Rows": 588, "Actual Loops": 84, "Recheck Cond": "(l_orderkey = orders.o_orderkey)", "Rows Removed by Index Recheck": 0, "Exact Heap Blocks": 96, "Lossy Heap Blocks": 96, "Plans": [{"Node Type": "Bitmap Index Scan", "Parent Relationship": "Outer", "Index Name": "idx_lineitem_orderkey", "Startup Cost": 0.0, "Total Cost": 0.38, "Plan Rows": 9, "Plan Width": 0, "Actual Startup Time": 1.397, "Actual Total Time": 1.397, "Actual Rows": 588, "Actual Loops": 84, "Index Cond": "(l_orderkey = orders.o_orderkey)"}]}]}]}]}]}, "Triggers": [], "Planner Runtime": 1.909, "Total Runtime": 56826.202, "Unique SQL Id": 1915754155}}, "(16, '23')": {"explain_plan": {"Plan": {"Node Type": "Limit", "Startup Cost": 1000324838994.8, "Total Cost": 1000324838995.05, "Plan Rows": 100, "Plan Width": 67, "Plans": [{"Node Type": "Sort", "Parent Relationship": "Outer", "Startup Cost": 1000324838994.8, "Total Cost": 1000324839310.61, "Plan Rows": 100, "Plan Width": 67, "Sort Key": ["orders.o_totalprice DESC", "orders.o_orderdate"], "Plans": [{"Node Type": "Aggregate", "Strategy": "Hashed", "Parent Relationship": "Outer", "Startup Cost": 1000324832903.7, "Total Cost": 1000324834166.91, "Plan Rows": 126321, "Plan Width": 67, "Group By Key": ["orders.o_totalprice", "orders.o_orderdate", "customer.c_name", "customer.c_custkey", "orders.o_orderkey"], "Plans": [{"Node Type": "Nested Loop", "Parent Relationship": "Outer", "Join Type": "Inner", "Startup Cost": 1000324315313.67, "Total Cost": 1000324831008.88, "Plan Rows": 126321, "Plan Width": 59, "Inner Unique": false, "Plans": [{"Node Type": "Nested Loop", "Parent Relationship": "Outer", "Join Type": "Inner", "Startup Cost": 1000324315313.29, "Total Cost": 1000324767232.73, "Plan Rows": 13913, "Plan Width": 59, "Inner Unique": true, "Plans": [{"Node Type": "Nested Loop", "Parent Relationship": "Outer", "Join Type": "Inner", "Startup Cost": 1000324315313.03, "Total Cost": 1000324625792.4, "Plan Rows": 33034, "Plan Width": 40, "Inner Unique": true, "Plans": [{"Node Type": "Aggregate", "Strategy": "Hashed", "Parent Relationship": "Outer", "Startup Cost": 1000324315309.67, "Total Cost": 1000324381460.28, "Plan Rows": 33034, "Plan Width": 24, "Group By Key": ["public.lineitem.l_orderkey"], "Filter": "(sum(public.lineitem.l_quantity) > 314::double precision), (LLVM Optimized)", "Plans": [{"Node Type": "Index Scan", "Parent Relationship": "Outer", "Scan Direction": "Forward", "Index Name": "idx_lineitem_orderkey", "Relation Name": "lineitem", "Alias": "lineitem", "Startup Cost": 10000000000.0, "Total Cost": 1000324015374.5, "Plan Rows": 59987033, "Plan Width": 16}]}, {"Node Type": "Bitmap Heap Scan", "Parent Relationship": "Inner", "Relation Name": "orders", "Alias": "orders", "Startup Cost": 3.36, "Total Cost": 7.38, "Plan Rows": 1, "Plan Width": 32, "Recheck Cond": "(o_orderkey = public.lineitem.l_orderkey)", "Plans": [{"Node Type": "Bitmap Index Scan", "Parent Relationship": "Outer", "Index Name": "orders_pkey", "Startup Cost": 0.0, "Total Cost": 3.36, "Plan Rows": 1, "Plan Width": 0, "Index Cond": "(o_orderkey = public.lineitem.l_orderkey)"}]}]}, {"Node Type": "Bitmap Heap Scan", "Parent Relationship": "Inner", "Relation Name": "customer", "Alias": "customer", "Startup Cost": 0.26, "Total Cost": 4.27, "Plan Rows": 1, "Plan Width": 27, "Recheck Cond": "(c_custkey = orders.o_custkey)", "Plans": [{"Node Type": "Bitmap Index Scan", "Parent Relationship": "Outer", "Index Name": "customer_pkey", "Startup Cost": 0.0, "Total Cost": 0.26, "Plan Rows": 1, "Plan Width": 0, "Index Cond": "(c_custkey = orders.o_custkey)"}]}]}, {"Node Type": "Bitmap Heap Scan", "Parent Relationship": "Inner", "Relation Name": "lineitem", "Alias": "lineitem", "Startup Cost": 0.38, "Total Cost": 4.49, "Plan Rows": 9, "Plan Width": 16, "Recheck Cond": "(l_orderkey = orders.o_orderkey)", "Plans": [{"Node Type": "Bitmap Index Scan", "Parent Relationship": "Outer", "Index Name": "idx_lineitem_orderkey", "Startup Cost": 0.0, "Total Cost": 0.38, "Plan Rows": 9, "Plan Width": 0, "Index Cond": "(l_orderkey = orders.o_orderkey)"}]}]}]}]}]}, "Unique SQL Id": 1915754155, "Planner Runtime": 1}, "explain_analyze_plan": {"Plan": {"Node Type": "Limit", "Startup Cost": 1000324838994.8, "Total Cost": 1000324838995.05, "Plan Rows": 100, "Plan Width": 67, "Actual Startup Time": 80385.074, "Actual Total Time": 80385.092, "Actual Rows": 84, "Actual Loops": 1, "Plans": [{"Node Type": "Sort", "Parent Relationship": "Outer", "Startup Cost": 1000324838994.8, "Total Cost": 1000324839310.61, "Plan Rows": 100, "Plan Width": 67, "Actual Startup Time": 80385.071, "Actual Total Time": 80385.08, "Actual Rows": 84, "Actual Loops": 1, "Sort Key": ["orders.o_totalprice DESC", "orders.o_orderdate"], "Sort Method": "quicksort", "Sort Space Used": 38, "Sort Space Type": "Memory", "Plans": [{"Node Type": "Aggregate", "Strategy": "Hashed", "Parent Relationship": "Outer", "Startup Cost": 1000324832903.7, "Total Cost": 1000324834166.91, "Plan Rows": 126321, "Plan Width": 67, "Actual Startup Time": 80384.393, "Actual Total Time": 80384.969, "Actual Rows": 84, "Actual Loops": 1, "Group By Key": ["orders.o_totalprice", "orders.o_orderdate", "customer.c_name", "customer.c_custkey", "orders.o_orderkey"], "Plans": [{"Node Type": "Nested Loop", "Parent Relationship": "Outer", "Join Type": "Inner", "Startup Cost": 1000324315313.67, "Total Cost": 1000324831008.88, "Plan Rows": 126321, "Plan Width": 59, "Actual Startup Time": 72233.603, "Actual Total Time": 80382.462, "Actual Rows": 588, "Actual Loops": 1, "Inner Unique": false, "Plans": [{"Node Type": "Nested Loop", "Parent Relationship": "Outer", "Join Type": "Inner", "Startup Cost": 1000324315313.29, "Total Cost": 1000324767232.73, "Plan Rows": 13913, "Plan Width": 59, "Actual Startup Time": 72233.569, "Actual Total Time": 80379.219, "Actual Rows": 84, "Actual Loops": 1, "Inner Unique": true, "Plans": [{"Node Type": "Nested Loop", "Parent Relationship": "Outer", "Join Type": "Inner", "Startup Cost": 1000324315313.03, "Total Cost": 1000324625792.4, "Plan Rows": 33034, "Plan Width": 40, "Actual Startup Time": 72233.51, "Actual Total Time": 80376.925, "Actual Rows": 84, "Actual Loops": 1, "Inner Unique": true, "Plans": [{"Node Type": "Aggregate", "Strategy": "Hashed", "Parent Relationship": "Outer", "Startup Cost": 1000324315309.67, "Total Cost": 1000324381460.28, "Plan Rows": 33034, "Plan Width": 24, "Actual Startup Time": 72233.393, "Actual Total Time": 80354.823, "Actual Rows": 84, "Actual Loops": 1, "Group By Key": ["public.lineitem.l_orderkey"], "Filter": "(sum(public.lineitem.l_quantity) > 314::double precision), (LLVM Optimized, Jit Execute)", "Rows Removed by Filter": 14999916, "Plans": [{"Node Type": "Index Scan", "Parent Relationship": "Outer", "Scan Direction": "Forward", "Index Name": "idx_lineitem_orderkey", "Relation Name": "lineitem", "Alias": "lineitem", "Startup Cost": 10000000000.0, "Total Cost": 1000324015374.5, "Plan Rows": 59987033, "Plan Width": 16, "Actual Startup Time": 0.063, "Actual Total Time": 42277.738, "Actual Rows": 59986052, "Actual Loops": 1}]}, {"Node Type": "Bitmap Heap Scan", "Parent Relationship": "Inner", "Relation Name": "orders", "Alias": "orders", "Startup Cost": 3.36, "Total Cost": 7.38, "Plan Rows": 1, "Plan Width": 32, "Actual Startup Time": 3.479, "Actual Total Time": 3.479, "Actual Rows": 84, "Actual Loops": 84, "Recheck Cond": "(o_orderkey = public.lineitem.l_orderkey)", "Rows Removed by Index Recheck": 0, "Exact Heap Blocks": 84, "Lossy Heap Blocks": 84, "Plans": [{"Node Type": "Bitmap Index Scan", "Parent Relationship": "Outer", "Index Name": "orders_pkey", "Startup Cost": 0.0, "Total Cost": 3.36, "Plan Rows": 1, "Plan Width": 0, "Actual Startup Time": 2.316, "Actual Total Time": 2.316, "Actual Rows": 84, "Actual Loops": 84, "Index Cond": "(o_orderkey = public.lineitem.l_orderkey)"}]}]}, {"Node Type": "Bitmap Heap Scan", "Parent Relationship": "Inner", "Relation Name": "customer", "Alias": "customer", "Startup Cost": 0.26, "Total Cost": 4.27, "Plan Rows": 1, "Plan Width": 27, "Actual Startup Time": 1.615, "Actual Total Time": 1.615, "Actual Rows": 84, "Actual Loops": 84, "Recheck Cond": "(c_custkey = orders.o_custkey)", "Rows Removed by Index Recheck": 0, "Exact Heap Blocks": 84, "Lossy Heap Blocks": 84, "Plans": [{"Node Type": "Bitmap Index Scan", "Parent Relationship": "Outer", "Index Name": "customer_pkey", "Startup Cost": 0.0, "Total Cost": 0.26, "Plan Rows": 1, "Plan Width": 0, "Actual Startup Time": 0.975, "Actual Total Time": 0.975, "Actual Rows": 84, "Actual Loops": 84, "Index Cond": "(c_custkey = orders.o_custkey)"}]}]}, {"Node Type": "Bitmap Heap Scan", "Parent Relationship": "Inner", "Relation Name": "lineitem", "Alias": "lineitem", "Startup Cost": 0.38, "Total Cost": 4.49, "Plan Rows": 9, "Plan Width": 16, "Actual Startup Time": 2.193, "Actual Total Time": 2.369, "Actual Rows": 588, "Actual Loops": 84, "Recheck Cond": "(l_orderkey = orders.o_orderkey)", "Rows Removed by Index Recheck": 0, "Exact Heap Blocks": 96, "Lossy Heap Blocks": 96, "Plans": [{"Node Type": "Bitmap Index Scan", "Parent Relationship": "Outer", "Index Name": "idx_lineitem_orderkey", "Startup Cost": 0.0, "Total Cost": 0.38, "Plan Rows": 9, "Plan Width": 0, "Actual Startup Time": 1.36, "Actual Total Time": 1.36, "Actual Rows": 588, "Actual Loops": 84, "Index Cond": "(l_orderkey = orders.o_orderkey)"}]}]}]}]}]}, "Triggers": [], "Planner Runtime": 2.016, "Total Runtime": 80394.686, "Unique SQL Id": 1915754155}}, "(16, '24')": {"explain_plan": {"Plan": {"Node Type": "Limit", "Startup Cost": 2649029.8, "Total Cost": 2649030.05, "Plan Rows": 100, "Plan Width": 67, "Plans": [{"Node Type": "Sort", "Parent Relationship": "Outer", "Startup Cost": 2649029.8, "Total Cost": 2649345.6, "Plan Rows": 100, "Plan Width": 67, "Sort Key": ["orders.o_totalprice DESC", "orders.o_orderdate"], "Plans": [{"Node Type": "Aggregate", "Strategy": "Hashed", "Parent Relationship": "Outer", "Startup Cost": 2642938.69, "Total Cost": 2644201.9, "Plan Rows": 126321, "Plan Width": 67, "Group By Key": ["orders.o_totalprice", "orders.o_orderdate", "customer.c_name", "customer.c_custkey", "orders.o_orderkey"], "Plans": [{"Node Type": "Nested Loop", "Parent Relationship": "Outer", "Join Type": "Inner", "Startup Cost": 2315050.5, "Total Cost": 2641043.88, "Plan Rows": 126321, "Plan Width": 59, "Inner Unique": false, "Plans": [{"Node Type": "Nested Loop", "Parent Relationship": "Outer", "Join Type": "Inner", "Startup Cost": 2315050.5, "Total Cost": 2627700.1, "Plan Rows": 13913, "Plan Width": 59, "Inner Unique": true, "Plans": [{"Node Type": "Nested Loop", "Parent Relationship": "Outer", "Join Type": "Inner", "Startup Cost": 2315050.5, "Total Cost": 2618076.97, "Plan Rows": 33034, "Plan Width": 40, "Inner Unique": true, "Plans": [{"Node Type": "Aggregate", "Strategy": "Hashed", "Parent Relationship": "Outer", "Startup Cost": 2315050.5, "Total Cost": 2381201.11, "Plan Rows": 33034, "Plan Width": 24, "Group By Key": ["public.lineitem.l_orderkey"], "Filter": "(sum(public.lineitem.l_quantity) > 314::double precision), (LLVM Optimized)", "Plans": [{"Node Type": "Seq Scan", "Parent Relationship": "Outer", "Relation Name": "lineitem", "Alias": "lineitem", "Startup Cost": 0.0, "Total Cost": 2015115.33, "Plan Rows": 59987033, "Plan Width": 16}]}, {"Node Type": "Index Scan", "Parent Relationship": "Inner", "Scan Direction": "Forward", "Index Name": "orders_pkey", "Relation Name": "orders", "Alias": "orders", "Startup Cost": 0.0, "Total Cost": 7.15, "Plan Rows": 1, "Plan Width": 32, "Index Cond": "(o_orderkey = public.lineitem.l_orderkey)"}]}, {"Node Type": "Index Scan", "Parent Relationship": "Inner", "Scan Direction": "Forward", "Index Name": "customer_pkey", "Relation Name": "customer", "Alias": "customer", "Startup Cost": 0.0, "Total Cost": 0.28, "Plan Rows": 1, "Plan Width": 27, "Index Cond": "(c_custkey = orders.o_custkey)"}]}, {"Node Type": "Index Scan", "Parent Relationship": "Inner", "Scan Direction": "Forward", "Index Name": "idx_lineitem_orderkey", "Relation Name": "lineitem", "Alias": "lineitem", "Startup Cost": 0.0, "Total Cost": 0.87, "Plan Rows": 9, "Plan Width": 16, "Index Cond": "(l_orderkey = orders.o_orderkey)"}]}]}]}]}, "Unique SQL Id": 1915754155, "Planner Runtime": 1}, "explain_analyze_plan": {"Plan": {"Node Type": "Limit", "Startup Cost": 2649029.8, "Total Cost": 2649030.05, "Plan Rows": 100, "Plan Width": 67, "Actual Startup Time": 53367.336, "Actual Total Time": 53367.355, "Actual Rows": 84, "Actual Loops": 1, "Plans": [{"Node Type": "Sort", "Parent Relationship": "Outer", "Startup Cost": 2649029.8, "Total Cost": 2649345.6, "Plan Rows": 100, "Plan Width": 67, "Actual Startup Time": 53367.333, "Actual Total Time": 53367.342, "Actual Rows": 84, "Actual Loops": 1, "Sort Key": ["orders.o_totalprice DESC", "orders.o_orderdate"], "Sort Method": "quicksort", "Sort Space Used": 38, "Sort Space Type": "Memory", "Plans": [{"Node Type": "Aggregate", "Strategy": "Hashed", "Parent Relationship": "Outer", "Startup Cost": 2642938.69, "Total Cost": 2644201.9, "Plan Rows": 126321, "Plan Width": 67, "Actual Startup Time": 53366.678, "Actual Total Time": 53367.237, "Actual Rows": 84, "Actual Loops": 1, "Group By Key": ["orders.o_totalprice", "orders.o_orderdate", "customer.c_name", "customer.c_custkey", "orders.o_orderkey"], "Plans": [{"Node Type": "Nested Loop", "Parent Relationship": "Outer", "Join Type": "Inner", "Startup Cost": 2315050.5, "Total Cost": 2641043.88, "Plan Rows": 126321, "Plan Width": 59, "Actual Startup Time": 47583.176, "Actual Total Time": 53364.795, "Actual Rows": 588, "Actual Loops": 1, "Inner Unique": false, "Plans": [{"Node Type": "Nested Loop", "Parent Relationship": "Outer", "Join Type": "Inner", "Startup Cost": 2315050.5, "Total Cost": 2627700.1, "Plan Rows": 13913, "Plan Width": 59, "Actual Startup Time": 47583.15, "Actual Total Time": 53362.449, "Actual Rows": 84, "Actual Loops": 1, "Inner Unique": true, "Plans": [{"Node Type": "Nested Loop", "Parent Relationship": "Outer", "Join Type": "Inner", "Startup Cost": 2315050.5, "Total Cost": 2618076.97, "Plan Rows": 33034, "Plan Width": 40, "Actual Startup Time": 47583.13, "Actual Total Time": 53361.021, "Actual Rows": 84, "Actual Loops": 1, "Inner Unique": true, "Plans": [{"Node Type": "Aggregate", "Strategy": "Hashed", "Parent Relationship": "Outer", "Startup Cost": 2315050.5, "Total Cost": 2381201.11, "Plan Rows": 33034, "Plan Width": 24, "Actual Startup Time": 47583.052, "Actual Total Time": 53340.03, "Actual Rows": 84, "Actual Loops": 1, "Group By Key": ["public.lineitem.l_orderkey"], "Filter": "(sum(public.lineitem.l_quantity) > 314::double precision), (LLVM Optimized, Jit Execute)", "Rows Removed by Filter": 14999916, "Plans": [{"Node Type": "Seq Scan", "Parent Relationship": "Outer", "Relation Name": "lineitem", "Alias": "lineitem", "Startup Cost": 0.0, "Total Cost": 2015115.33, "Plan Rows": 59987033, "Plan Width": 16, "Actual Startup Time": 0.044, "Actual Total Time": 20352.533, "Actual Rows": 59986052, "Actual Loops": 1}]}, {"Node Type": "Index Scan", "Parent Relationship": "Inner", "Scan Direction": "Forward", "Index Name": "orders_pkey", "Relation Name": "orders", "Alias": "orders", "Startup Cost": 0.0, "Total Cost": 7.15, "Plan Rows": 1, "Plan Width": 32, "Actual Startup Time": 2.902, "Actual Total Time": 2.902, "Actual Rows": 84, "Actual Loops": 84, "Index Cond": "(o_orderkey = public.lineitem.l_orderkey)", "Rows Removed by Index Recheck": 0}]}, {"Node Type": "Index Scan", "Parent Relationship": "Inner", "Scan Direction": "Forward", "Index Name": "customer_pkey", "Relation Name": "customer", "Alias": "customer", "Startup Cost": 0.0, "Total Cost": 0.28, "Plan Rows": 1, "Plan Width": 27, "Actual Startup Time": 1.048, "Actual Total Time": 1.048, "Actual Rows": 84, "Actual Loops": 84, "Index Cond": "(c_custkey = orders.o_custkey)", "Rows Removed by Index Recheck": 0}]}, {"Node Type": "Index Scan", "Parent Relationship": "Inner", "Scan Direction": "Forward", "Index Name": "idx_lineitem_orderkey", "Relation Name": "lineitem", "Alias": "lineitem", "Startup Cost": 0.0, "Total Cost": 0.87, "Plan Rows": 9, "Plan Width": 16, "Actual Startup Time": 1.401, "Actual Total Time": 1.898, "Actual Rows": 588, "Actual Loops": 84, "Index Cond": "(l_orderkey = orders.o_orderkey)", "Rows Removed by Index Recheck": 0}]}]}]}]}, "Triggers": [], "Planner Runtime": 2.116, "Total Runtime": 53376.681, "Unique SQL Id": 1915754155}}, "(16, '25')": {"explain_plan": {"Plan": {"Node Type": "Limit", "Startup Cost": 3874068.21, "Total Cost": 3874068.46, "Plan Rows": 100, "Plan Width": 67, "Plans": [{"Node Type": "Sort", "Parent Relationship": "Outer", "Startup Cost": 3874068.21, "Total Cost": 3874384.02, "Plan Rows": 100, "Plan Width": 67, "Sort Key": ["orders.o_totalprice DESC", "orders.o_orderdate"], "Plans": [{"Node Type": "Aggregate", "Strategy": "Hashed", "Parent Relationship": "Outer", "Startup Cost": 3867977.11, "Total Cost": 3869240.32, "Plan Rows": 126321, "Plan Width": 67, "Group By Key": ["orders.o_totalprice", "orders.o_orderdate", "customer.c_name", "customer.c_custkey", "orders.o_orderkey"], "Plans": [{"Node Type": "Nested Loop", "Parent Relationship": "Outer", "Join Type": "Inner", "Startup Cost": 3540088.91, "Total Cost": 3866082.29, "Plan Rows": 126321, "Plan Width": 59, "Inner Unique": false, "Plans": [{"Node Type": "Nested Loop", "Parent Relationship": "Outer", "Join Type": "Inner", "Startup Cost": 3540088.91, "Total Cost": 3852738.51, "Plan Rows": 13913, "Plan Width": 59, "Inner Unique": true, "Plans": [{"Node Type": "Nested Loop", "Parent Relationship": "Outer", "Join Type": "Inner", "Startup Cost": 3540088.91, "Total Cost": 3843115.38, "Plan Rows": 33034, "Plan Width": 40, "Inner Unique": true, "Plans": [{"Node Type": "Aggregate", "Strategy": "Hashed", "Parent Relationship": "Outer", "Startup Cost": 3540088.91, "Total Cost": 3606239.52, "Plan Rows": 33034, "Plan Width": 24, "Group By Key": ["public.lineitem.l_orderkey"], "Filter": "(sum(public.lineitem.l_quantity) > 314::double precision), (LLVM Optimized)", "Plans": [{"Node Type": "Index Scan", "Parent Relationship": "Outer", "Scan Direction": "Forward", "Index Name": "idx_lineitem_orderkey", "Relation Name": "lineitem", "Alias": "lineitem", "Startup Cost": 0.0, "Total Cost": 3240153.75, "Plan Rows": 59987033, "Plan Width": 16}]}, {"Node Type": "Index Scan", "Parent Relationship": "Inner", "Scan Direction": "Forward", "Index Name": "orders_pkey", "Relation Name": "orders", "Alias": "orders", "Startup Cost": 0.0, "Total Cost": 7.15, "Plan Rows": 1, "Plan Width": 32, "Index Cond": "(o_orderkey = public.lineitem.l_orderkey)"}]}, {"Node Type": "Index Scan", "Parent Relationship": "Inner", "Scan Direction": "Forward", "Index Name": "customer_pkey", "Relation Name": "customer", "Alias": "customer", "Startup Cost": 0.0, "Total Cost": 0.28, "Plan Rows": 1, "Plan Width": 27, "Index Cond": "(c_custkey = orders.o_custkey)"}]}, {"Node Type": "Index Scan", "Parent Relationship": "Inner", "Scan Direction": "Forward", "Index Name": "idx_lineitem_orderkey", "Relation Name": "lineitem", "Alias": "lineitem", "Startup Cost": 0.0, "Total Cost": 0.87, "Plan Rows": 9, "Plan Width": 16, "Index Cond": "(l_orderkey = orders.o_orderkey)"}]}]}]}]}, "Unique SQL Id": 1915754155, "Planner Runtime": 1}, "explain_analyze_plan": {"Plan": {"Node Type": "Limit", "Startup Cost": 3874068.21, "Total Cost": 3874068.46, "Plan Rows": 100, "Plan Width": 67, "Actual Startup Time": 80046.048, "Actual Total Time": 80046.063, "Actual Rows": 84, "Actual Loops": 1, "Plans": [{"Node Type": "Sort", "Parent Relationship": "Outer", "Startup Cost": 3874068.21, "Total Cost": 3874384.02, "Plan Rows": 100, "Plan Width": 67, "Actual Startup Time": 80046.046, "Actual Total Time": 80046.051, "Actual Rows": 84, "Actual Loops": 1, "Sort Key": ["orders.o_totalprice DESC", "orders.o_orderdate"], "Sort Method": "quicksort", "Sort Space Used": 38, "Sort Space Type": "Memory", "Plans": [{"Node Type": "Aggregate", "Strategy": "Hashed", "Parent Relationship": "Outer", "Startup Cost": 3867977.11, "Total Cost": 3869240.32, "Plan Rows": 126321, "Plan Width": 67, "Actual Startup Time": 80045.618, "Actual Total Time": 80045.952, "Actual Rows": 84, "Actual Loops": 1, "Group By Key": ["orders.o_totalprice", "orders.o_orderdate", "customer.c_name", "customer.c_custkey", "orders.o_orderkey"], "Plans": [{"Node Type": "Nested Loop", "Parent Relationship": "Outer", "Join Type": "Inner", "Startup Cost": 3540088.91, "Total Cost": 3866082.29, "Plan Rows": 126321, "Plan Width": 59, "Actual Startup Time": 71660.31, "Actual Total Time": 80043.737, "Actual Rows": 588, "Actual Loops": 1, "Inner Unique": false, "Plans": [{"Node Type": "Nested Loop", "Parent Relationship": "Outer", "Join Type": "Inner", "Startup Cost": 3540088.91, "Total Cost": 3852738.51, "Plan Rows": 13913, "Plan Width": 59, "Actual Startup Time": 71660.278, "Actual Total Time": 80041.063, "Actual Rows": 84, "Actual Loops": 1, "Inner Unique": true, "Plans": [{"Node Type": "Nested Loop", "Parent Relationship": "Outer", "Join Type": "Inner", "Startup Cost": 3540088.91, "Total Cost": 3843115.38, "Plan Rows": 33034, "Plan Width": 40, "Actual Startup Time": 71660.251, "Actual Total Time": 80039.183, "Actual Rows": 84, "Actual Loops": 1, "Inner Unique": true, "Plans": [{"Node Type": "Aggregate", "Strategy": "Hashed", "Parent Relationship": "Outer", "Startup Cost": 3540088.91, "Total Cost": 3606239.52, "Plan Rows": 33034, "Plan Width": 24, "Actual Startup Time": 71660.193, "Actual Total Time": 80016.864, "Actual Rows": 84, "Actual Loops": 1, "Group By Key": ["public.lineitem.l_orderkey"], "Filter": "(sum(public.lineitem.l_quantity) > 314::double precision), (LLVM Optimized, Jit Execute)", "Rows Removed by Filter": 14999916, "Plans": [{"Node Type": "Index Scan", "Parent Relationship": "Outer", "Scan Direction": "Forward", "Index Name": "idx_lineitem_orderkey", "Relation Name": "lineitem", "Alias": "lineitem", "Startup Cost": 0.0, "Total Cost": 3240153.75, "Plan Rows": 59987033, "Plan Width": 16, "Actual Startup Time": 0.058, "Actual Total Time": 41400.691, "Actual Rows": 59986052, "Actual Loops": 1}]}, {"Node Type": "Index Scan", "Parent Relationship": "Inner", "Scan Direction": "Forward", "Index Name": "orders_pkey", "Relation Name": "orders", "Alias": "orders", "Startup Cost": 0.0, "Total Cost": 7.15, "Plan Rows": 1, "Plan Width": 32, "Actual Startup Time": 2.944, "Actual Total Time": 2.944, "Actual Rows": 84, "Actual Loops": 84, "Index Cond": "(o_orderkey = public.lineitem.l_orderkey)", "Rows Removed by Index Recheck": 0}]}, {"Node Type": "Index Scan", "Parent Relationship": "Inner", "Scan Direction": "Forward", "Index Name": "customer_pkey", "Relation Name": "customer", "Alias": "customer", "Startup Cost": 0.0, "Total Cost": 0.28, "Plan Rows": 1, "Plan Width": 27, "Actual Startup Time": 1.358, "Actual Total Time": 1.358, "Actual Rows": 84, "Actual Loops": 84, "Index Cond": "(c_custkey = orders.o_custkey)", "Rows Removed by Index Recheck": 0}]}, {"Node Type": "Index Scan", "Parent Relationship": "Inner", "Scan Direction": "Forward", "Index Name": "idx_lineitem_orderkey", "Relation Name": "lineitem", "Alias": "lineitem", "Startup Cost": 0.0, "Total Cost": 0.87, "Plan Rows": 9, "Plan Width": 16, "Actual Startup Time": 1.639, "Actual Total Time": 2.066, "Actual Rows": 588, "Actual Loops": 84, "Index Cond": "(l_orderkey = orders.o_orderkey)", "Rows Removed by Index Recheck": 0}]}]}]}]}, "Triggers": [], "Planner Runtime": 2.569, "Total Runtime": 80056.92, "Unique SQL Id": 1915754155}}, "(16, '26')": {"explain_plan": {"Plan": {"Node Type": "Limit", "Startup Cost": 14964595.16, "Total Cost": 14964595.41, "Plan Rows": 100, "Plan Width": 67, "Plans": [{"Node Type": "Sort", "Parent Relationship": "Outer", "Startup Cost": 14964595.16, "Total Cost": 14964910.97, "Plan Rows": 100, "Plan Width": 67, "Sort Key": ["orders.o_totalprice DESC", "orders.o_orderdate"], "Plans": [{"Node Type": "Aggregate", "Strategy": "Hashed", "Parent Relationship": "Outer", "Startup Cost": 14958504.05, "Total Cost": 14959767.26, "Plan Rows": 126321, "Plan Width": 67, "Group By Key": ["orders.o_totalprice", "orders.o_orderdate", "customer.c_name", "customer.c_custkey", "orders.o_orderkey"], "Plans": [{"Node Type": "Merge Join", "Parent Relationship": "Outer", "Join Type": "Inner", "Startup Cost": 14656052.99, "Total Cost": 14956609.24, "Plan Rows": 126321, "Plan Width": 59, "Inner Unique": false, "Merge Cond": "(orders.o_orderkey = public.lineitem.l_orderkey)", "Plans": [{"Node Type": "Sort", "Parent Relationship": "Outer", "Startup Cost": 4891168.67, "Total Cost": 4891203.45, "Plan Rows": 13913, "Plan Width": 59, "Sort Key": ["orders.o_orderkey"], "Plans": [{"Node Type": "Merge Join", "Parent Relationship": "Outer", "Join Type": "Inner", "Startup Cost": 4882215.87, "Total Cost": 4890211.17, "Plan Rows": 13913, "Plan Width": 59, "Inner Unique": true, "Merge Cond": "(orders.o_custkey = customer.c_custkey)", "Plans": [{"Node Type": "Sort", "Parent Relationship": "Outer", "Startup Cost": 4676215.68, "Total Cost": 4676298.26, "Plan Rows": 33034, "Plan Width": 40, "Sort Key": ["orders.o_custkey"], "Plans": [{"Node Type": "Merge Join", "Parent Relationship": "Outer", "Join Type": "Semi", "Startup Cost": 4598243.3, "Total Cost": 4673736.2, "Plan Rows": 33034, "Plan Width": 40, "Inner Unique": false, "Merge Cond": "(orders.o_orderkey = public.lineitem.l_orderkey)", "Plans": [{"Node Type": "Sort", "Parent Relationship": "Outer", "Startup Cost": 2214232.37, "Total Cost": 2251731.07, "Plan Rows": 14999479, "Plan Width": 32, "Sort Key": ["orders.o_orderkey"], "Plans": [{"Node Type": "Seq Scan", "Parent Relationship": "Outer", "Relation Name": "orders", "Alias": "orders", "Startup Cost": 0.0, "Total Cost": 426413.79, "Plan Rows": 14999479, "Plan Width": 32}]}, {"Node Type": "Sort", "Parent Relationship": "Inner", "Startup Cost": 2384010.93, "Total Cost": 2384093.51, "Plan Rows": 33034, "Plan Width": 8, "Sort Key": ["public.lineitem.l_orderkey"], "Plans": [{"Node Type": "Aggregate", "Strategy": "Hashed", "Parent Relationship": "Outer", "Startup Cost": 2315050.5, "Total Cost": 2381201.11, "Plan Rows": 33034, "Plan Width": 24, "Group By Key": ["public.lineitem.l_orderkey"], "Filter": "(sum(public.lineitem.l_quantity) > 314::double precision), (LLVM Optimized)", "Plans": [{"Node Type": "Seq Scan", "Parent Relationship": "Outer", "Relation Name": "lineitem", "Alias": "lineitem", "Startup Cost": 0.0, "Total Cost": 2015115.33, "Plan Rows": 59987033, "Plan Width": 16}]}]}]}]}, {"Node Type": "Sort", "Parent Relationship": "Inner", "Startup Cost": 205999.98, "Total Cost": 209749.98, "Plan Rows": 1500000, "Plan Width": 27, "Sort Key": ["customer.c_custkey"], "Plans": [{"Node Type": "Seq Scan", "Parent Relationship": "Outer", "Relation Name": "customer", "Alias": "customer", "Startup Cost": 0.0, "Total Cost": 52126.0, "Plan Rows": 1500000, "Plan Width": 27}]}]}]}, {"Node Type": "Sort", "Parent Relationship": "Inner", "Startup Cost": 9764884.32, "Total Cost": 9914851.9, "Plan Rows": 59987033, "Plan Width": 16, "Sort Key": ["public.lineitem.l_orderkey"], "Plans": [{"Node Type": "Seq Scan", "Parent Relationship": "Outer", "Relation Name": "lineitem", "Alias": "lineitem", "Startup Cost": 0.0, "Total Cost": 2015115.33, "Plan Rows": 59987033, "Plan Width": 16}]}]}]}]}]}, "Unique SQL Id": 1915754155, "Planner Runtime": 1}, "explain_analyze_plan": null}, "(16, '27')": {"explain_plan": {"Plan": {"Node Type": "Limit", "Startup Cost": 4001456877030.4, "Total Cost": 4001456877030.65, "Plan Rows": 100, "Plan Width": 67, "Plans": [{"Node Type": "Sort", "Parent Relationship": "Outer", "Startup Cost": 4001456877030.4, "Total Cost": 4001456877346.2, "Plan Rows": 100, "Plan Width": 67, "Sort Key": ["orders.o_totalprice DESC", "orders.o_orderdate"], "Plans": [{"Node Type": "Aggregate", "Strategy": "Hashed", "Parent Relationship": "Outer", "Startup Cost": 4001456870939.29, "Total Cost": 4001456872202.5, "Plan Rows": 126321, "Plan Width": 67, "Group By Key": ["orders.o_totalprice", "orders.o_orderdate", "customer.c_name", "customer.c_custkey", "orders.o_orderkey"], "Plans": [{"Node Type": "Merge Join", "Parent Relationship": "Outer", "Join Type": "Inner", "Startup Cost": 1030466756474.59, "Total Cost": 4001456869044.47, "Plan Rows": 126321, "Plan Width": 59, "Inner Unique": false, "Merge Cond": "(orders.o_orderkey = public.lineitem.l_orderkey)", "Plans": [{"Node Type": "Nested Loop", "Parent Relationship": "Outer", "Join Type": "Inner", "Startup Cost": 1020324384270.1, "Total Cost": 3001148865393.43, "Plan Rows": 13913, "Plan Width": 59, "Inner Unique": true, "Join Filter": "(orders.o_custkey = customer.c_custkey)", "Plans": [{"Node Type": "Merge Join", "Parent Relationship": "Outer", "Join Type": "Semi", "Startup Cost": 1010324384270.1, "Total Cost": 2000397520107.8, "Plan Rows": 33034, "Plan Width": 40, "Inner Unique": false, "Merge Cond": "(orders.o_orderkey = public.lineitem.l_orderkey)", "Plans": [{"Node Type": "Index Scan", "Parent Relationship": "Outer", "Scan Direction": "Forward", "Index Name": "orders_pkey", "Relation Name": "orders", "Alias": "orders", "Startup Cost": 10000000000.0, "Total Cost": 1000073097843.5, "Plan Rows": 14999479, "Plan Width": 32}, {"Node Type": "Sort", "Parent Relationship": "Inner", "Startup Cost": 1000324384270.1, "Total Cost": 1000324384352.68, "Plan Rows": 33034, "Plan Width": 8, "Sort Key": ["public.lineitem.l_orderkey"], "Plans": [{"Node Type": "Aggregate", "Strategy": "Hashed", "Parent Relationship": "Outer", "Startup Cost": 1000324315309.67, "Total Cost": 1000324381460.28, "Plan Rows": 33034, "Plan Width": 24, "Group By Key": ["public.lineitem.l_orderkey"], "Filter": "(sum(public.lineitem.l_quantity) > 314::double precision), (LLVM Optimized)", "Plans": [{"Node Type": "Index Scan", "Parent Relationship": "Outer", "Scan Direction": "Forward", "Index Name": "idx_lineitem_orderkey", "Relation Name": "lineitem", "Alias": "lineitem", "Startup Cost": 10000000000.0, "Total Cost": 1000324015374.5, "Plan Rows": 59987033, "Plan Width": 16}]}]}]}, {"Node Type": "Materialize", "Parent Relationship": "Inner", "Startup Cost": 10000000000.0, "Total Cost": 1000008084035.62, "Plan Rows": 1500000, "Plan Width": 27, "Plans": [{"Node Type": "Index Scan", "Parent Relationship": "Outer", "Scan Direction": "Forward", "Index Name": "customer_pkey", "Relation Name": "customer", "Alias": "customer", "Startup Cost": 10000000000.0, "Total Cost": 1000008076535.62, "Plan Rows": 1500000, "Plan Width": 27}]}]}, {"Node Type": "Index Scan", "Parent Relationship": "Inner", "Scan Direction": "Forward", "Index Name": "idx_lineitem_orderkey", "Relation Name": "lineitem", "Alias": "lineitem", "Startup Cost": 10000000000.0, "Total Cost": 1000324015374.5, "Plan Rows": 59987033, "Plan Width": 16}]}]}]}]}, "Unique SQL Id": 1915754155, "Planner Runtime": 2}, "explain_analyze_plan": null}, "(16, '28')": {"explain_plan": {"Plan": {"Node Type": "Limit", "Startup Cost": 2649029.8, "Total Cost": 2649030.05, "Plan Rows": 100, "Plan Width": 67, "Plans": [{"Node Type": "Sort", "Parent Relationship": "Outer", "Startup Cost": 2649029.8, "Total Cost": 2649345.6, "Plan Rows": 100, "Plan Width": 67, "Sort Key": ["orders.o_totalprice DESC", "orders.o_orderdate"], "Plans": [{"Node Type": "Aggregate", "Strategy": "Hashed", "Parent Relationship": "Outer", "Startup Cost": 2642938.69, "Total Cost": 2644201.9, "Plan Rows": 126321, "Plan Width": 67, "Group By Key": ["orders.o_totalprice", "orders.o_orderdate", "customer.c_name", "customer.c_custkey", "orders.o_orderkey"], "Plans": [{"Node Type": "Nested Loop", "Parent Relationship": "Outer", "Join Type": "Inner", "Startup Cost": 2315050.5, "Total Cost": 2641043.88, "Plan Rows": 126321, "Plan Width": 59, "Inner Unique": false, "Plans": [{"Node Type": "Nested Loop", "Parent Relationship": "Outer", "Join Type": "Inner", "Startup Cost": 2315050.5, "Total Cost": 2627700.1, "Plan Rows": 13913, "Plan Width": 59, "Inner Unique": true, "Plans": [{"Node Type": "Nested Loop", "Parent Relationship": "Outer", "Join Type": "Inner", "Startup Cost": 2315050.5, "Total Cost": 2618076.97, "Plan Rows": 33034, "Plan Width": 40, "Inner Unique": true, "Plans": [{"Node Type": "Aggregate", "Strategy": "Hashed", "Parent Relationship": "Outer", "Startup Cost": 2315050.5, "Total Cost": 2381201.11, "Plan Rows": 33034, "Plan Width": 24, "Group By Key": ["public.lineitem.l_orderkey"], "Filter": "(sum(public.lineitem.l_quantity) > 314::double precision), (LLVM Optimized)", "Plans": [{"Node Type": "Seq Scan", "Parent Relationship": "Outer", "Relation Name": "lineitem", "Alias": "lineitem", "Startup Cost": 0.0, "Total Cost": 2015115.33, "Plan Rows": 59987033, "Plan Width": 16}]}, {"Node Type": "Index Scan", "Parent Relationship": "Inner", "Scan Direction": "Forward", "Index Name": "orders_pkey", "Relation Name": "orders", "Alias": "orders", "Startup Cost": 0.0, "Total Cost": 7.15, "Plan Rows": 1, "Plan Width": 32, "Index Cond": "(o_orderkey = public.lineitem.l_orderkey)"}]}, {"Node Type": "Index Scan", "Parent Relationship": "Inner", "Scan Direction": "Forward", "Index Name": "customer_pkey", "Relation Name": "customer", "Alias": "customer", "Startup Cost": 0.0, "Total Cost": 0.28, "Plan Rows": 1, "Plan Width": 27, "Index Cond": "(c_custkey = orders.o_custkey)"}]}, {"Node Type": "Index Scan", "Parent Relationship": "Inner", "Scan Direction": "Forward", "Index Name": "idx_lineitem_orderkey", "Relation Name": "lineitem", "Alias": "lineitem", "Startup Cost": 0.0, "Total Cost": 0.87, "Plan Rows": 9, "Plan Width": 16, "Index Cond": "(l_orderkey = orders.o_orderkey)"}]}]}]}]}, "Unique SQL Id": 1915754155, "Planner Runtime": 1}, "explain_analyze_plan": {"Plan": {"Node Type": "Limit", "Startup Cost": 2649029.8, "Total Cost": 2649030.05, "Plan Rows": 100, "Plan Width": 67, "Actual Startup Time": 53367.336, "Actual Total Time": 53367.355, "Actual Rows": 84, "Actual Loops": 1, "Plans": [{"Node Type": "Sort", "Parent Relationship": "Outer", "Startup Cost": 2649029.8, "Total Cost": 2649345.6, "Plan Rows": 100, "Plan Width": 67, "Actual Startup Time": 53367.333, "Actual Total Time": 53367.342, "Actual Rows": 84, "Actual Loops": 1, "Sort Key": ["orders.o_totalprice DESC", "orders.o_orderdate"], "Sort Method": "quicksort", "Sort Space Used": 38, "Sort Space Type": "Memory", "Plans": [{"Node Type": "Aggregate", "Strategy": "Hashed", "Parent Relationship": "Outer", "Startup Cost": 2642938.69, "Total Cost": 2644201.9, "Plan Rows": 126321, "Plan Width": 67, "Actual Startup Time": 53366.678, "Actual Total Time": 53367.237, "Actual Rows": 84, "Actual Loops": 1, "Group By Key": ["orders.o_totalprice", "orders.o_orderdate", "customer.c_name", "customer.c_custkey", "orders.o_orderkey"], "Plans": [{"Node Type": "Nested Loop", "Parent Relationship": "Outer", "Join Type": "Inner", "Startup Cost": 2315050.5, "Total Cost": 2641043.88, "Plan Rows": 126321, "Plan Width": 59, "Actual Startup Time": 47583.176, "Actual Total Time": 53364.795, "Actual Rows": 588, "Actual Loops": 1, "Inner Unique": false, "Plans": [{"Node Type": "Nested Loop", "Parent Relationship": "Outer", "Join Type": "Inner", "Startup Cost": 2315050.5, "Total Cost": 2627700.1, "Plan Rows": 13913, "Plan Width": 59, "Actual Startup Time": 47583.15, "Actual Total Time": 53362.449, "Actual Rows": 84, "Actual Loops": 1, "Inner Unique": true, "Plans": [{"Node Type": "Nested Loop", "Parent Relationship": "Outer", "Join Type": "Inner", "Startup Cost": 2315050.5, "Total Cost": 2618076.97, "Plan Rows": 33034, "Plan Width": 40, "Actual Startup Time": 47583.13, "Actual Total Time": 53361.021, "Actual Rows": 84, "Actual Loops": 1, "Inner Unique": true, "Plans": [{"Node Type": "Aggregate", "Strategy": "Hashed", "Parent Relationship": "Outer", "Startup Cost": 2315050.5, "Total Cost": 2381201.11, "Plan Rows": 33034, "Plan Width": 24, "Actual Startup Time": 47583.052, "Actual Total Time": 53340.03, "Actual Rows": 84, "Actual Loops": 1, "Group By Key": ["public.lineitem.l_orderkey"], "Filter": "(sum(public.lineitem.l_quantity) > 314::double precision), (LLVM Optimized, Jit Execute)", "Rows Removed by Filter": 14999916, "Plans": [{"Node Type": "Seq Scan", "Parent Relationship": "Outer", "Relation Name": "lineitem", "Alias": "lineitem", "Startup Cost": 0.0, "Total Cost": 2015115.33, "Plan Rows": 59987033, "Plan Width": 16, "Actual Startup Time": 0.044, "Actual Total Time": 20352.533, "Actual Rows": 59986052, "Actual Loops": 1}]}, {"Node Type": "Index Scan", "Parent Relationship": "Inner", "Scan Direction": "Forward", "Index Name": "orders_pkey", "Relation Name": "orders", "Alias": "orders", "Startup Cost": 0.0, "Total Cost": 7.15, "Plan Rows": 1, "Plan Width": 32, "Actual Startup Time": 2.902, "Actual Total Time": 2.902, "Actual Rows": 84, "Actual Loops": 84, "Index Cond": "(o_orderkey = public.lineitem.l_orderkey)", "Rows Removed by Index Recheck": 0}]}, {"Node Type": "Index Scan", "Parent Relationship": "Inner", "Scan Direction": "Forward", "Index Name": "customer_pkey", "Relation Name": "customer", "Alias": "customer", "Startup Cost": 0.0, "Total Cost": 0.28, "Plan Rows": 1, "Plan Width": 27, "Actual Startup Time": 1.048, "Actual Total Time": 1.048, "Actual Rows": 84, "Actual Loops": 84, "Index Cond": "(c_custkey = orders.o_custkey)", "Rows Removed by Index Recheck": 0}]}, {"Node Type": "Index Scan", "Parent Relationship": "Inner", "Scan Direction": "Forward", "Index Name": "idx_lineitem_orderkey", "Relation Name": "lineitem", "Alias": "lineitem", "Startup Cost": 0.0, "Total Cost": 0.87, "Plan Rows": 9, "Plan Width": 16, "Actual Startup Time": 1.401, "Actual Total Time": 1.898, "Actual Rows": 588, "Actual Loops": 84, "Index Cond": "(l_orderkey = orders.o_orderkey)", "Rows Removed by Index Recheck": 0}]}]}]}]}, "Triggers": [], "Planner Runtime": 2.116, "Total Runtime": 53376.681, "Unique SQL Id": 1915754155}}, "(16, '29')": {"explain_plan": {"Plan": {"Node Type": "Limit", "Startup Cost": 3874068.21, "Total Cost": 3874068.46, "Plan Rows": 100, "Plan Width": 67, "Plans": [{"Node Type": "Sort", "Parent Relationship": "Outer", "Startup Cost": 3874068.21, "Total Cost": 3874384.02, "Plan Rows": 100, "Plan Width": 67, "Sort Key": ["orders.o_totalprice DESC", "orders.o_orderdate"], "Plans": [{"Node Type": "Aggregate", "Strategy": "Hashed", "Parent Relationship": "Outer", "Startup Cost": 3867977.11, "Total Cost": 3869240.32, "Plan Rows": 126321, "Plan Width": 67, "Group By Key": ["orders.o_totalprice", "orders.o_orderdate", "customer.c_name", "customer.c_custkey", "orders.o_orderkey"], "Plans": [{"Node Type": "Nested Loop", "Parent Relationship": "Outer", "Join Type": "Inner", "Startup Cost": 3540088.91, "Total Cost": 3866082.29, "Plan Rows": 126321, "Plan Width": 59, "Inner Unique": false, "Plans": [{"Node Type": "Nested Loop", "Parent Relationship": "Outer", "Join Type": "Inner", "Startup Cost": 3540088.91, "Total Cost": 3852738.51, "Plan Rows": 13913, "Plan Width": 59, "Inner Unique": true, "Plans": [{"Node Type": "Nested Loop", "Parent Relationship": "Outer", "Join Type": "Inner", "Startup Cost": 3540088.91, "Total Cost": 3843115.38, "Plan Rows": 33034, "Plan Width": 40, "Inner Unique": true, "Plans": [{"Node Type": "Aggregate", "Strategy": "Hashed", "Parent Relationship": "Outer", "Startup Cost": 3540088.91, "Total Cost": 3606239.52, "Plan Rows": 33034, "Plan Width": 24, "Group By Key": ["public.lineitem.l_orderkey"], "Filter": "(sum(public.lineitem.l_quantity) > 314::double precision), (LLVM Optimized)", "Plans": [{"Node Type": "Index Scan", "Parent Relationship": "Outer", "Scan Direction": "Forward", "Index Name": "idx_lineitem_orderkey", "Relation Name": "lineitem", "Alias": "lineitem", "Startup Cost": 0.0, "Total Cost": 3240153.75, "Plan Rows": 59987033, "Plan Width": 16}]}, {"Node Type": "Index Scan", "Parent Relationship": "Inner", "Scan Direction": "Forward", "Index Name": "orders_pkey", "Relation Name": "orders", "Alias": "orders", "Startup Cost": 0.0, "Total Cost": 7.15, "Plan Rows": 1, "Plan Width": 32, "Index Cond": "(o_orderkey = public.lineitem.l_orderkey)"}]}, {"Node Type": "Index Scan", "Parent Relationship": "Inner", "Scan Direction": "Forward", "Index Name": "customer_pkey", "Relation Name": "customer", "Alias": "customer", "Startup Cost": 0.0, "Total Cost": 0.28, "Plan Rows": 1, "Plan Width": 27, "Index Cond": "(c_custkey = orders.o_custkey)"}]}, {"Node Type": "Index Scan", "Parent Relationship": "Inner", "Scan Direction": "Forward", "Index Name": "idx_lineitem_orderkey", "Relation Name": "lineitem", "Alias": "lineitem", "Startup Cost": 0.0, "Total Cost": 0.87, "Plan Rows": 9, "Plan Width": 16, "Index Cond": "(l_orderkey = orders.o_orderkey)"}]}]}]}]}, "Unique SQL Id": 1915754155, "Planner Runtime": 1}, "explain_analyze_plan": {"Plan": {"Node Type": "Limit", "Startup Cost": 3874068.21, "Total Cost": 3874068.46, "Plan Rows": 100, "Plan Width": 67, "Actual Startup Time": 80046.048, "Actual Total Time": 80046.063, "Actual Rows": 84, "Actual Loops": 1, "Plans": [{"Node Type": "Sort", "Parent Relationship": "Outer", "Startup Cost": 3874068.21, "Total Cost": 3874384.02, "Plan Rows": 100, "Plan Width": 67, "Actual Startup Time": 80046.046, "Actual Total Time": 80046.051, "Actual Rows": 84, "Actual Loops": 1, "Sort Key": ["orders.o_totalprice DESC", "orders.o_orderdate"], "Sort Method": "quicksort", "Sort Space Used": 38, "Sort Space Type": "Memory", "Plans": [{"Node Type": "Aggregate", "Strategy": "Hashed", "Parent Relationship": "Outer", "Startup Cost": 3867977.11, "Total Cost": 3869240.32, "Plan Rows": 126321, "Plan Width": 67, "Actual Startup Time": 80045.618, "Actual Total Time": 80045.952, "Actual Rows": 84, "Actual Loops": 1, "Group By Key": ["orders.o_totalprice", "orders.o_orderdate", "customer.c_name", "customer.c_custkey", "orders.o_orderkey"], "Plans": [{"Node Type": "Nested Loop", "Parent Relationship": "Outer", "Join Type": "Inner", "Startup Cost": 3540088.91, "Total Cost": 3866082.29, "Plan Rows": 126321, "Plan Width": 59, "Actual Startup Time": 71660.31, "Actual Total Time": 80043.737, "Actual Rows": 588, "Actual Loops": 1, "Inner Unique": false, "Plans": [{"Node Type": "Nested Loop", "Parent Relationship": "Outer", "Join Type": "Inner", "Startup Cost": 3540088.91, "Total Cost": 3852738.51, "Plan Rows": 13913, "Plan Width": 59, "Actual Startup Time": 71660.278, "Actual Total Time": 80041.063, "Actual Rows": 84, "Actual Loops": 1, "Inner Unique": true, "Plans": [{"Node Type": "Nested Loop", "Parent Relationship": "Outer", "Join Type": "Inner", "Startup Cost": 3540088.91, "Total Cost": 3843115.38, "Plan Rows": 33034, "Plan Width": 40, "Actual Startup Time": 71660.251, "Actual Total Time": 80039.183, "Actual Rows": 84, "Actual Loops": 1, "Inner Unique": true, "Plans": [{"Node Type": "Aggregate", "Strategy": "Hashed", "Parent Relationship": "Outer", "Startup Cost": 3540088.91, "Total Cost": 3606239.52, "Plan Rows": 33034, "Plan Width": 24, "Actual Startup Time": 71660.193, "Actual Total Time": 80016.864, "Actual Rows": 84, "Actual Loops": 1, "Group By Key": ["public.lineitem.l_orderkey"], "Filter": "(sum(public.lineitem.l_quantity) > 314::double precision), (LLVM Optimized, Jit Execute)", "Rows Removed by Filter": 14999916, "Plans": [{"Node Type": "Index Scan", "Parent Relationship": "Outer", "Scan Direction": "Forward", "Index Name": "idx_lineitem_orderkey", "Relation Name": "lineitem", "Alias": "lineitem", "Startup Cost": 0.0, "Total Cost": 3240153.75, "Plan Rows": 59987033, "Plan Width": 16, "Actual Startup Time": 0.058, "Actual Total Time": 41400.691, "Actual Rows": 59986052, "Actual Loops": 1}]}, {"Node Type": "Index Scan", "Parent Relationship": "Inner", "Scan Direction": "Forward", "Index Name": "orders_pkey", "Relation Name": "orders", "Alias": "orders", "Startup Cost": 0.0, "Total Cost": 7.15, "Plan Rows": 1, "Plan Width": 32, "Actual Startup Time": 2.944, "Actual Total Time": 2.944, "Actual Rows": 84, "Actual Loops": 84, "Index Cond": "(o_orderkey = public.lineitem.l_orderkey)", "Rows Removed by Index Recheck": 0}]}, {"Node Type": "Index Scan", "Parent Relationship": "Inner", "Scan Direction": "Forward", "Index Name": "customer_pkey", "Relation Name": "customer", "Alias": "customer", "Startup Cost": 0.0, "Total Cost": 0.28, "Plan Rows": 1, "Plan Width": 27, "Actual Startup Time": 1.358, "Actual Total Time": 1.358, "Actual Rows": 84, "Actual Loops": 84, "Index Cond": "(c_custkey = orders.o_custkey)", "Rows Removed by Index Recheck": 0}]}, {"Node Type": "Index Scan", "Parent Relationship": "Inner", "Scan Direction": "Forward", "Index Name": "idx_lineitem_orderkey", "Relation Name": "lineitem", "Alias": "lineitem", "Startup Cost": 0.0, "Total Cost": 0.87, "Plan Rows": 9, "Plan Width": 16, "Actual Startup Time": 1.639, "Actual Total Time": 2.066, "Actual Rows": 588, "Actual Loops": 84, "Index Cond": "(l_orderkey = orders.o_orderkey)", "Rows Removed by Index Recheck": 0}]}]}]}]}, "Triggers": [], "Planner Runtime": 2.569, "Total Runtime": 80056.92, "Unique SQL Id": 1915754155}}, "(16, '30')": {"explain_plan": {"Plan": {"Node Type": "Limit", "Startup Cost": 14964595.16, "Total Cost": 14964595.41, "Plan Rows": 100, "Plan Width": 67, "Plans": [{"Node Type": "Sort", "Parent Relationship": "Outer", "Startup Cost": 14964595.16, "Total Cost": 14964910.97, "Plan Rows": 100, "Plan Width": 67, "Sort Key": ["orders.o_totalprice DESC", "orders.o_orderdate"], "Plans": [{"Node Type": "Aggregate", "Strategy": "Hashed", "Parent Relationship": "Outer", "Startup Cost": 14958504.05, "Total Cost": 14959767.26, "Plan Rows": 126321, "Plan Width": 67, "Group By Key": ["orders.o_totalprice", "orders.o_orderdate", "customer.c_name", "customer.c_custkey", "orders.o_orderkey"], "Plans": [{"Node Type": "Merge Join", "Parent Relationship": "Outer", "Join Type": "Inner", "Startup Cost": 14656052.99, "Total Cost": 14956609.24, "Plan Rows": 126321, "Plan Width": 59, "Inner Unique": false, "Merge Cond": "(orders.o_orderkey = public.lineitem.l_orderkey)", "Plans": [{"Node Type": "Sort", "Parent Relationship": "Outer", "Startup Cost": 4891168.67, "Total Cost": 4891203.45, "Plan Rows": 13913, "Plan Width": 59, "Sort Key": ["orders.o_orderkey"], "Plans": [{"Node Type": "Merge Join", "Parent Relationship": "Outer", "Join Type": "Inner", "Startup Cost": 4882215.87, "Total Cost": 4890211.17, "Plan Rows": 13913, "Plan Width": 59, "Inner Unique": true, "Merge Cond": "(orders.o_custkey = customer.c_custkey)", "Plans": [{"Node Type": "Sort", "Parent Relationship": "Outer", "Startup Cost": 4676215.68, "Total Cost": 4676298.26, "Plan Rows": 33034, "Plan Width": 40, "Sort Key": ["orders.o_custkey"], "Plans": [{"Node Type": "Merge Join", "Parent Relationship": "Outer", "Join Type": "Semi", "Startup Cost": 4598243.3, "Total Cost": 4673736.2, "Plan Rows": 33034, "Plan Width": 40, "Inner Unique": false, "Merge Cond": "(orders.o_orderkey = public.lineitem.l_orderkey)", "Plans": [{"Node Type": "Sort", "Parent Relationship": "Outer", "Startup Cost": 2214232.37, "Total Cost": 2251731.07, "Plan Rows": 14999479, "Plan Width": 32, "Sort Key": ["orders.o_orderkey"], "Plans": [{"Node Type": "Seq Scan", "Parent Relationship": "Outer", "Relation Name": "orders", "Alias": "orders", "Startup Cost": 0.0, "Total Cost": 426413.79, "Plan Rows": 14999479, "Plan Width": 32}]}, {"Node Type": "Sort", "Parent Relationship": "Inner", "Startup Cost": 2384010.93, "Total Cost": 2384093.51, "Plan Rows": 33034, "Plan Width": 8, "Sort Key": ["public.lineitem.l_orderkey"], "Plans": [{"Node Type": "Aggregate", "Strategy": "Hashed", "Parent Relationship": "Outer", "Startup Cost": 2315050.5, "Total Cost": 2381201.11, "Plan Rows": 33034, "Plan Width": 24, "Group By Key": ["public.lineitem.l_orderkey"], "Filter": "(sum(public.lineitem.l_quantity) > 314::double precision), (LLVM Optimized)", "Plans": [{"Node Type": "Seq Scan", "Parent Relationship": "Outer", "Relation Name": "lineitem", "Alias": "lineitem", "Startup Cost": 0.0, "Total Cost": 2015115.33, "Plan Rows": 59987033, "Plan Width": 16}]}]}]}]}, {"Node Type": "Sort", "Parent Relationship": "Inner", "Startup Cost": 205999.98, "Total Cost": 209749.98, "Plan Rows": 1500000, "Plan Width": 27, "Sort Key": ["customer.c_custkey"], "Plans": [{"Node Type": "Seq Scan", "Parent Relationship": "Outer", "Relation Name": "customer", "Alias": "customer", "Startup Cost": 0.0, "Total Cost": 52126.0, "Plan Rows": 1500000, "Plan Width": 27}]}]}]}, {"Node Type": "Sort", "Parent Relationship": "Inner", "Startup Cost": 9764884.32, "Total Cost": 9914851.9, "Plan Rows": 59987033, "Plan Width": 16, "Sort Key": ["public.lineitem.l_orderkey"], "Plans": [{"Node Type": "Seq Scan", "Parent Relationship": "Outer", "Relation Name": "lineitem", "Alias": "lineitem", "Startup Cost": 0.0, "Total Cost": 2015115.33, "Plan Rows": 59987033, "Plan Width": 16}]}]}]}]}]}, "Unique SQL Id": 1915754155, "Planner Runtime": 1}, "explain_analyze_plan": null}, "(16, '31')": {"explain_plan": {"Plan": {"Node Type": "Limit", "Startup Cost": 4001456877030.4, "Total Cost": 4001456877030.65, "Plan Rows": 100, "Plan Width": 67, "Plans": [{"Node Type": "Sort", "Parent Relationship": "Outer", "Startup Cost": 4001456877030.4, "Total Cost": 4001456877346.2, "Plan Rows": 100, "Plan Width": 67, "Sort Key": ["orders.o_totalprice DESC", "orders.o_orderdate"], "Plans": [{"Node Type": "Aggregate", "Strategy": "Hashed", "Parent Relationship": "Outer", "Startup Cost": 4001456870939.29, "Total Cost": 4001456872202.5, "Plan Rows": 126321, "Plan Width": 67, "Group By Key": ["orders.o_totalprice", "orders.o_orderdate", "customer.c_name", "customer.c_custkey", "orders.o_orderkey"], "Plans": [{"Node Type": "Merge Join", "Parent Relationship": "Outer", "Join Type": "Inner", "Startup Cost": 1030466756474.59, "Total Cost": 4001456869044.47, "Plan Rows": 126321, "Plan Width": 59, "Inner Unique": false, "Merge Cond": "(orders.o_orderkey = public.lineitem.l_orderkey)", "Plans": [{"Node Type": "Nested Loop", "Parent Relationship": "Outer", "Join Type": "Inner", "Startup Cost": 1020324384270.1, "Total Cost": 3001148865393.43, "Plan Rows": 13913, "Plan Width": 59, "Inner Unique": true, "Join Filter": "(orders.o_custkey = customer.c_custkey)", "Plans": [{"Node Type": "Merge Join", "Parent Relationship": "Outer", "Join Type": "Semi", "Startup Cost": 1010324384270.1, "Total Cost": 2000397520107.8, "Plan Rows": 33034, "Plan Width": 40, "Inner Unique": false, "Merge Cond": "(orders.o_orderkey = public.lineitem.l_orderkey)", "Plans": [{"Node Type": "Index Scan", "Parent Relationship": "Outer", "Scan Direction": "Forward", "Index Name": "orders_pkey", "Relation Name": "orders", "Alias": "orders", "Startup Cost": 10000000000.0, "Total Cost": 1000073097843.5, "Plan Rows": 14999479, "Plan Width": 32}, {"Node Type": "Sort", "Parent Relationship": "Inner", "Startup Cost": 1000324384270.1, "Total Cost": 1000324384352.68, "Plan Rows": 33034, "Plan Width": 8, "Sort Key": ["public.lineitem.l_orderkey"], "Plans": [{"Node Type": "Aggregate", "Strategy": "Hashed", "Parent Relationship": "Outer", "Startup Cost": 1000324315309.67, "Total Cost": 1000324381460.28, "Plan Rows": 33034, "Plan Width": 24, "Group By Key": ["public.lineitem.l_orderkey"], "Filter": "(sum(public.lineitem.l_quantity) > 314::double precision), (LLVM Optimized)", "Plans": [{"Node Type": "Index Scan", "Parent Relationship": "Outer", "Scan Direction": "Forward", "Index Name": "idx_lineitem_orderkey", "Relation Name": "lineitem", "Alias": "lineitem", "Startup Cost": 10000000000.0, "Total Cost": 1000324015374.5, "Plan Rows": 59987033, "Plan Width": 16}]}]}]}, {"Node Type": "Materialize", "Parent Relationship": "Inner", "Startup Cost": 10000000000.0, "Total Cost": 1000008084035.62, "Plan Rows": 1500000, "Plan Width": 27, "Plans": [{"Node Type": "Index Scan", "Parent Relationship": "Outer", "Scan Direction": "Forward", "Index Name": "customer_pkey", "Relation Name": "customer", "Alias": "customer", "Startup Cost": 10000000000.0, "Total Cost": 1000008076535.62, "Plan Rows": 1500000, "Plan Width": 27}]}]}, {"Node Type": "Index Scan", "Parent Relationship": "Inner", "Scan Direction": "Forward", "Index Name": "idx_lineitem_orderkey", "Relation Name": "lineitem", "Alias": "lineitem", "Startup Cost": 10000000000.0, "Total Cost": 1000324015374.5, "Plan Rows": 59987033, "Plan Width": 16}]}]}]}]}, "Unique SQL Id": 1915754155, "Planner Runtime": 2}, "explain_analyze_plan": null}, "(16, '32')": {"explain_plan": {"Plan": {"Node Type": "Limit", "Startup Cost": 2649029.8, "Total Cost": 2649030.05, "Plan Rows": 100, "Plan Width": 67, "Plans": [{"Node Type": "Sort", "Parent Relationship": "Outer", "Startup Cost": 2649029.8, "Total Cost": 2649345.6, "Plan Rows": 100, "Plan Width": 67, "Sort Key": ["orders.o_totalprice DESC", "orders.o_orderdate"], "Plans": [{"Node Type": "Aggregate", "Strategy": "Hashed", "Parent Relationship": "Outer", "Startup Cost": 2642938.69, "Total Cost": 2644201.9, "Plan Rows": 126321, "Plan Width": 67, "Group By Key": ["orders.o_totalprice", "orders.o_orderdate", "customer.c_name", "customer.c_custkey", "orders.o_orderkey"], "Plans": [{"Node Type": "Nested Loop", "Parent Relationship": "Outer", "Join Type": "Inner", "Startup Cost": 2315050.5, "Total Cost": 2641043.88, "Plan Rows": 126321, "Plan Width": 59, "Inner Unique": false, "Plans": [{"Node Type": "Nested Loop", "Parent Relationship": "Outer", "Join Type": "Inner", "Startup Cost": 2315050.5, "Total Cost": 2627700.1, "Plan Rows": 13913, "Plan Width": 59, "Inner Unique": true, "Plans": [{"Node Type": "Nested Loop", "Parent Relationship": "Outer", "Join Type": "Inner", "Startup Cost": 2315050.5, "Total Cost": 2618076.97, "Plan Rows": 33034, "Plan Width": 40, "Inner Unique": true, "Plans": [{"Node Type": "Aggregate", "Strategy": "Hashed", "Parent Relationship": "Outer", "Startup Cost": 2315050.5, "Total Cost": 2381201.11, "Plan Rows": 33034, "Plan Width": 24, "Group By Key": ["public.lineitem.l_orderkey"], "Filter": "(sum(public.lineitem.l_quantity) > 314::double precision), (LLVM Optimized)", "Plans": [{"Node Type": "Seq Scan", "Parent Relationship": "Outer", "Relation Name": "lineitem", "Alias": "lineitem", "Startup Cost": 0.0, "Total Cost": 2015115.33, "Plan Rows": 59987033, "Plan Width": 16}]}, {"Node Type": "Index Scan", "Parent Relationship": "Inner", "Scan Direction": "Forward", "Index Name": "orders_pkey", "Relation Name": "orders", "Alias": "orders", "Startup Cost": 0.0, "Total Cost": 7.15, "Plan Rows": 1, "Plan Width": 32, "Index Cond": "(o_orderkey = public.lineitem.l_orderkey)"}]}, {"Node Type": "Index Scan", "Parent Relationship": "Inner", "Scan Direction": "Forward", "Index Name": "customer_pkey", "Relation Name": "customer", "Alias": "customer", "Startup Cost": 0.0, "Total Cost": 0.28, "Plan Rows": 1, "Plan Width": 27, "Index Cond": "(c_custkey = orders.o_custkey)"}]}, {"Node Type": "Index Scan", "Parent Relationship": "Inner", "Scan Direction": "Forward", "Index Name": "idx_lineitem_orderkey", "Relation Name": "lineitem", "Alias": "lineitem", "Startup Cost": 0.0, "Total Cost": 0.87, "Plan Rows": 9, "Plan Width": 16, "Index Cond": "(l_orderkey = orders.o_orderkey)"}]}]}]}]}, "Unique SQL Id": 1915754155, "Planner Runtime": 1}, "explain_analyze_plan": {"Plan": {"Node Type": "Limit", "Startup Cost": 2649029.8, "Total Cost": 2649030.05, "Plan Rows": 100, "Plan Width": 67, "Actual Startup Time": 53367.336, "Actual Total Time": 53367.355, "Actual Rows": 84, "Actual Loops": 1, "Plans": [{"Node Type": "Sort", "Parent Relationship": "Outer", "Startup Cost": 2649029.8, "Total Cost": 2649345.6, "Plan Rows": 100, "Plan Width": 67, "Actual Startup Time": 53367.333, "Actual Total Time": 53367.342, "Actual Rows": 84, "Actual Loops": 1, "Sort Key": ["orders.o_totalprice DESC", "orders.o_orderdate"], "Sort Method": "quicksort", "Sort Space Used": 38, "Sort Space Type": "Memory", "Plans": [{"Node Type": "Aggregate", "Strategy": "Hashed", "Parent Relationship": "Outer", "Startup Cost": 2642938.69, "Total Cost": 2644201.9, "Plan Rows": 126321, "Plan Width": 67, "Actual Startup Time": 53366.678, "Actual Total Time": 53367.237, "Actual Rows": 84, "Actual Loops": 1, "Group By Key": ["orders.o_totalprice", "orders.o_orderdate", "customer.c_name", "customer.c_custkey", "orders.o_orderkey"], "Plans": [{"Node Type": "Nested Loop", "Parent Relationship": "Outer", "Join Type": "Inner", "Startup Cost": 2315050.5, "Total Cost": 2641043.88, "Plan Rows": 126321, "Plan Width": 59, "Actual Startup Time": 47583.176, "Actual Total Time": 53364.795, "Actual Rows": 588, "Actual Loops": 1, "Inner Unique": false, "Plans": [{"Node Type": "Nested Loop", "Parent Relationship": "Outer", "Join Type": "Inner", "Startup Cost": 2315050.5, "Total Cost": 2627700.1, "Plan Rows": 13913, "Plan Width": 59, "Actual Startup Time": 47583.15, "Actual Total Time": 53362.449, "Actual Rows": 84, "Actual Loops": 1, "Inner Unique": true, "Plans": [{"Node Type": "Nested Loop", "Parent Relationship": "Outer", "Join Type": "Inner", "Startup Cost": 2315050.5, "Total Cost": 2618076.97, "Plan Rows": 33034, "Plan Width": 40, "Actual Startup Time": 47583.13, "Actual Total Time": 53361.021, "Actual Rows": 84, "Actual Loops": 1, "Inner Unique": true, "Plans": [{"Node Type": "Aggregate", "Strategy": "Hashed", "Parent Relationship": "Outer", "Startup Cost": 2315050.5, "Total Cost": 2381201.11, "Plan Rows": 33034, "Plan Width": 24, "Actual Startup Time": 47583.052, "Actual Total Time": 53340.03, "Actual Rows": 84, "Actual Loops": 1, "Group By Key": ["public.lineitem.l_orderkey"], "Filter": "(sum(public.lineitem.l_quantity) > 314::double precision), (LLVM Optimized, Jit Execute)", "Rows Removed by Filter": 14999916, "Plans": [{"Node Type": "Seq Scan", "Parent Relationship": "Outer", "Relation Name": "lineitem", "Alias": "lineitem", "Startup Cost": 0.0, "Total Cost": 2015115.33, "Plan Rows": 59987033, "Plan Width": 16, "Actual Startup Time": 0.044, "Actual Total Time": 20352.533, "Actual Rows": 59986052, "Actual Loops": 1}]}, {"Node Type": "Index Scan", "Parent Relationship": "Inner", "Scan Direction": "Forward", "Index Name": "orders_pkey", "Relation Name": "orders", "Alias": "orders", "Startup Cost": 0.0, "Total Cost": 7.15, "Plan Rows": 1, "Plan Width": 32, "Actual Startup Time": 2.902, "Actual Total Time": 2.902, "Actual Rows": 84, "Actual Loops": 84, "Index Cond": "(o_orderkey = public.lineitem.l_orderkey)", "Rows Removed by Index Recheck": 0}]}, {"Node Type": "Index Scan", "Parent Relationship": "Inner", "Scan Direction": "Forward", "Index Name": "customer_pkey", "Relation Name": "customer", "Alias": "customer", "Startup Cost": 0.0, "Total Cost": 0.28, "Plan Rows": 1, "Plan Width": 27, "Actual Startup Time": 1.048, "Actual Total Time": 1.048, "Actual Rows": 84, "Actual Loops": 84, "Index Cond": "(c_custkey = orders.o_custkey)", "Rows Removed by Index Recheck": 0}]}, {"Node Type": "Index Scan", "Parent Relationship": "Inner", "Scan Direction": "Forward", "Index Name": "idx_lineitem_orderkey", "Relation Name": "lineitem", "Alias": "lineitem", "Startup Cost": 0.0, "Total Cost": 0.87, "Plan Rows": 9, "Plan Width": 16, "Actual Startup Time": 1.401, "Actual Total Time": 1.898, "Actual Rows": 588, "Actual Loops": 84, "Index Cond": "(l_orderkey = orders.o_orderkey)", "Rows Removed by Index Recheck": 0}]}]}]}]}, "Triggers": [], "Planner Runtime": 2.116, "Total Runtime": 53376.681, "Unique SQL Id": 1915754155}}, "(16, '33')": {"explain_plan": {"Plan": {"Node Type": "Limit", "Startup Cost": 3874068.21, "Total Cost": 3874068.46, "Plan Rows": 100, "Plan Width": 67, "Plans": [{"Node Type": "Sort", "Parent Relationship": "Outer", "Startup Cost": 3874068.21, "Total Cost": 3874384.02, "Plan Rows": 100, "Plan Width": 67, "Sort Key": ["orders.o_totalprice DESC", "orders.o_orderdate"], "Plans": [{"Node Type": "Aggregate", "Strategy": "Hashed", "Parent Relationship": "Outer", "Startup Cost": 3867977.11, "Total Cost": 3869240.32, "Plan Rows": 126321, "Plan Width": 67, "Group By Key": ["orders.o_totalprice", "orders.o_orderdate", "customer.c_name", "customer.c_custkey", "orders.o_orderkey"], "Plans": [{"Node Type": "Nested Loop", "Parent Relationship": "Outer", "Join Type": "Inner", "Startup Cost": 3540088.91, "Total Cost": 3866082.29, "Plan Rows": 126321, "Plan Width": 59, "Inner Unique": false, "Plans": [{"Node Type": "Nested Loop", "Parent Relationship": "Outer", "Join Type": "Inner", "Startup Cost": 3540088.91, "Total Cost": 3852738.51, "Plan Rows": 13913, "Plan Width": 59, "Inner Unique": true, "Plans": [{"Node Type": "Nested Loop", "Parent Relationship": "Outer", "Join Type": "Inner", "Startup Cost": 3540088.91, "Total Cost": 3843115.38, "Plan Rows": 33034, "Plan Width": 40, "Inner Unique": true, "Plans": [{"Node Type": "Aggregate", "Strategy": "Hashed", "Parent Relationship": "Outer", "Startup Cost": 3540088.91, "Total Cost": 3606239.52, "Plan Rows": 33034, "Plan Width": 24, "Group By Key": ["public.lineitem.l_orderkey"], "Filter": "(sum(public.lineitem.l_quantity) > 314::double precision), (LLVM Optimized)", "Plans": [{"Node Type": "Index Scan", "Parent Relationship": "Outer", "Scan Direction": "Forward", "Index Name": "idx_lineitem_orderkey", "Relation Name": "lineitem", "Alias": "lineitem", "Startup Cost": 0.0, "Total Cost": 3240153.75, "Plan Rows": 59987033, "Plan Width": 16}]}, {"Node Type": "Index Scan", "Parent Relationship": "Inner", "Scan Direction": "Forward", "Index Name": "orders_pkey", "Relation Name": "orders", "Alias": "orders", "Startup Cost": 0.0, "Total Cost": 7.15, "Plan Rows": 1, "Plan Width": 32, "Index Cond": "(o_orderkey = public.lineitem.l_orderkey)"}]}, {"Node Type": "Index Scan", "Parent Relationship": "Inner", "Scan Direction": "Forward", "Index Name": "customer_pkey", "Relation Name": "customer", "Alias": "customer", "Startup Cost": 0.0, "Total Cost": 0.28, "Plan Rows": 1, "Plan Width": 27, "Index Cond": "(c_custkey = orders.o_custkey)"}]}, {"Node Type": "Index Scan", "Parent Relationship": "Inner", "Scan Direction": "Forward", "Index Name": "idx_lineitem_orderkey", "Relation Name": "lineitem", "Alias": "lineitem", "Startup Cost": 0.0, "Total Cost": 0.87, "Plan Rows": 9, "Plan Width": 16, "Index Cond": "(l_orderkey = orders.o_orderkey)"}]}]}]}]}, "Unique SQL Id": 1915754155, "Planner Runtime": 1}, "explain_analyze_plan": {"Plan": {"Node Type": "Limit", "Startup Cost": 3874068.21, "Total Cost": 3874068.46, "Plan Rows": 100, "Plan Width": 67, "Actual Startup Time": 80046.048, "Actual Total Time": 80046.063, "Actual Rows": 84, "Actual Loops": 1, "Plans": [{"Node Type": "Sort", "Parent Relationship": "Outer", "Startup Cost": 3874068.21, "Total Cost": 3874384.02, "Plan Rows": 100, "Plan Width": 67, "Actual Startup Time": 80046.046, "Actual Total Time": 80046.051, "Actual Rows": 84, "Actual Loops": 1, "Sort Key": ["orders.o_totalprice DESC", "orders.o_orderdate"], "Sort Method": "quicksort", "Sort Space Used": 38, "Sort Space Type": "Memory", "Plans": [{"Node Type": "Aggregate", "Strategy": "Hashed", "Parent Relationship": "Outer", "Startup Cost": 3867977.11, "Total Cost": 3869240.32, "Plan Rows": 126321, "Plan Width": 67, "Actual Startup Time": 80045.618, "Actual Total Time": 80045.952, "Actual Rows": 84, "Actual Loops": 1, "Group By Key": ["orders.o_totalprice", "orders.o_orderdate", "customer.c_name", "customer.c_custkey", "orders.o_orderkey"], "Plans": [{"Node Type": "Nested Loop", "Parent Relationship": "Outer", "Join Type": "Inner", "Startup Cost": 3540088.91, "Total Cost": 3866082.29, "Plan Rows": 126321, "Plan Width": 59, "Actual Startup Time": 71660.31, "Actual Total Time": 80043.737, "Actual Rows": 588, "Actual Loops": 1, "Inner Unique": false, "Plans": [{"Node Type": "Nested Loop", "Parent Relationship": "Outer", "Join Type": "Inner", "Startup Cost": 3540088.91, "Total Cost": 3852738.51, "Plan Rows": 13913, "Plan Width": 59, "Actual Startup Time": 71660.278, "Actual Total Time": 80041.063, "Actual Rows": 84, "Actual Loops": 1, "Inner Unique": true, "Plans": [{"Node Type": "Nested Loop", "Parent Relationship": "Outer", "Join Type": "Inner", "Startup Cost": 3540088.91, "Total Cost": 3843115.38, "Plan Rows": 33034, "Plan Width": 40, "Actual Startup Time": 71660.251, "Actual Total Time": 80039.183, "Actual Rows": 84, "Actual Loops": 1, "Inner Unique": true, "Plans": [{"Node Type": "Aggregate", "Strategy": "Hashed", "Parent Relationship": "Outer", "Startup Cost": 3540088.91, "Total Cost": 3606239.52, "Plan Rows": 33034, "Plan Width": 24, "Actual Startup Time": 71660.193, "Actual Total Time": 80016.864, "Actual Rows": 84, "Actual Loops": 1, "Group By Key": ["public.lineitem.l_orderkey"], "Filter": "(sum(public.lineitem.l_quantity) > 314::double precision), (LLVM Optimized, Jit Execute)", "Rows Removed by Filter": 14999916, "Plans": [{"Node Type": "Index Scan", "Parent Relationship": "Outer", "Scan Direction": "Forward", "Index Name": "idx_lineitem_orderkey", "Relation Name": "lineitem", "Alias": "lineitem", "Startup Cost": 0.0, "Total Cost": 3240153.75, "Plan Rows": 59987033, "Plan Width": 16, "Actual Startup Time": 0.058, "Actual Total Time": 41400.691, "Actual Rows": 59986052, "Actual Loops": 1}]}, {"Node Type": "Index Scan", "Parent Relationship": "Inner", "Scan Direction": "Forward", "Index Name": "orders_pkey", "Relation Name": "orders", "Alias": "orders", "Startup Cost": 0.0, "Total Cost": 7.15, "Plan Rows": 1, "Plan Width": 32, "Actual Startup Time": 2.944, "Actual Total Time": 2.944, "Actual Rows": 84, "Actual Loops": 84, "Index Cond": "(o_orderkey = public.lineitem.l_orderkey)", "Rows Removed by Index Recheck": 0}]}, {"Node Type": "Index Scan", "Parent Relationship": "Inner", "Scan Direction": "Forward", "Index Name": "customer_pkey", "Relation Name": "customer", "Alias": "customer", "Startup Cost": 0.0, "Total Cost": 0.28, "Plan Rows": 1, "Plan Width": 27, "Actual Startup Time": 1.358, "Actual Total Time": 1.358, "Actual Rows": 84, "Actual Loops": 84, "Index Cond": "(c_custkey = orders.o_custkey)", "Rows Removed by Index Recheck": 0}]}, {"Node Type": "Index Scan", "Parent Relationship": "Inner", "Scan Direction": "Forward", "Index Name": "idx_lineitem_orderkey", "Relation Name": "lineitem", "Alias": "lineitem", "Startup Cost": 0.0, "Total Cost": 0.87, "Plan Rows": 9, "Plan Width": 16, "Actual Startup Time": 1.639, "Actual Total Time": 2.066, "Actual Rows": 588, "Actual Loops": 84, "Index Cond": "(l_orderkey = orders.o_orderkey)", "Rows Removed by Index Recheck": 0}]}]}]}]}, "Triggers": [], "Planner Runtime": 2.569, "Total Runtime": 80056.92, "Unique SQL Id": 1915754155}}, "(16, '34')": {"explain_plan": {"Plan": {"Node Type": "Limit", "Startup Cost": 2768625.52, "Total Cost": 2768625.77, "Plan Rows": 100, "Plan Width": 67, "Plans": [{"Node Type": "Sort", "Parent Relationship": "Outer", "Startup Cost": 2768625.52, "Total Cost": 2768941.33, "Plan Rows": 100, "Plan Width": 67, "Sort Key": ["orders.o_totalprice DESC", "orders.o_orderdate"], "Plans": [{"Node Type": "Aggregate", "Strategy": "Hashed", "Parent Relationship": "Outer", "Startup Cost": 2762534.42, "Total Cost": 2763797.63, "Plan Rows": 126321, "Plan Width": 67, "Group By Key": ["orders.o_totalprice", "orders.o_orderdate", "customer.c_name", "customer.c_custkey", "orders.o_orderkey"], "Plans": [{"Node Type": "Nested Loop", "Parent Relationship": "Outer", "Join Type": "Inner", "Startup Cost": 2385930.24, "Total Cost": 2760639.6, "Plan Rows": 126321, "Plan Width": 59, "Inner Unique": false, "Plans": [{"Node Type": "Hash Join", "Parent Relationship": "Outer", "Join Type": "Inner", "Startup Cost": 2385929.86, "Total Cost": 2696863.45, "Plan Rows": 13913, "Plan Width": 59, "Inner Unique": true, "Hash Cond": "(orders.o_custkey = customer.c_custkey)", "Plans": [{"Node Type": "Nested Loop", "Parent Relationship": "Outer", "Join Type": "Inner", "Startup Cost": 2315053.86, "Total Cost": 2625533.23, "Plan Rows": 33034, "Plan Width": 40, "Inner Unique": true, "Plans": [{"Node Type": "Aggregate", "Strategy": "Hashed", "Parent Relationship": "Outer", "Startup Cost": 2315050.5, "Total Cost": 2381201.11, "Plan Rows": 33034, "Plan Width": 24, "Group By Key": ["public.lineitem.l_orderkey"], "Filter": "(sum(public.lineitem.l_quantity) > 314::double precision), (LLVM Optimized)", "Plans": [{"Node Type": "Seq Scan", "Parent Relationship": "Outer", "Relation Name": "lineitem", "Alias": "lineitem", "Startup Cost": 0.0, "Total Cost": 2015115.33, "Plan Rows": 59987033, "Plan Width": 16}]}, {"Node Type": "Bitmap Heap Scan", "Parent Relationship": "Inner", "Relation Name": "orders", "Alias": "orders", "Startup Cost": 3.36, "Total Cost": 7.38, "Plan Rows": 1, "Plan Width": 32, "Recheck Cond": "(o_orderkey = public.lineitem.l_orderkey)", "Plans": [{"Node Type": "Bitmap Index Scan", "Parent Relationship": "Outer", "Index Name": "orders_pkey", "Startup Cost": 0.0, "Total Cost": 3.36, "Plan Rows": 1, "Plan Width": 0, "Index Cond": "(o_orderkey = public.lineitem.l_orderkey)"}]}]}, {"Node Type": "Hash", "Parent Relationship": "Inner", "Startup Cost": 52126.0, "Total Cost": 52126.0, "Plan Rows": 1500000, "Plan Width": 27, "Plans": [{"Node Type": "Seq Scan", "Parent Relationship": "Outer", "Relation Name": "customer", "Alias": "customer", "Startup Cost": 0.0, "Total Cost": 52126.0, "Plan Rows": 1500000, "Plan Width": 27}]}]}, {"Node Type": "Bitmap Heap Scan", "Parent Relationship": "Inner", "Relation Name": "lineitem", "Alias": "lineitem", "Startup Cost": 0.38, "Total Cost": 4.49, "Plan Rows": 9, "Plan Width": 16, "Recheck Cond": "(l_orderkey = orders.o_orderkey)", "Plans": [{"Node Type": "Bitmap Index Scan", "Parent Relationship": "Outer", "Index Name": "idx_lineitem_orderkey", "Startup Cost": 0.0, "Total Cost": 0.38, "Plan Rows": 9, "Plan Width": 0, "Index Cond": "(l_orderkey = orders.o_orderkey)"}]}]}]}]}]}, "Unique SQL Id": 1915754155, "Planner Runtime": 1}, "explain_analyze_plan": {"Plan": {"Node Type": "Limit", "Startup Cost": 2768625.52, "Total Cost": 2768625.77, "Plan Rows": 100, "Plan Width": 67, "Actual Startup Time": 54408.291, "Actual Total Time": 54408.306, "Actual Rows": 84, "Actual Loops": 1, "Plans": [{"Node Type": "Sort", "Parent Relationship": "Outer", "Startup Cost": 2768625.52, "Total Cost": 2768941.33, "Plan Rows": 100, "Plan Width": 67, "Actual Startup Time": 54408.289, "Actual Total Time": 54408.297, "Actual Rows": 84, "Actual Loops": 1, "Sort Key": ["orders.o_totalprice DESC", "orders.o_orderdate"], "Sort Method": "quicksort", "Sort Space Used": 38, "Sort Space Type": "Memory", "Plans": [{"Node Type": "Aggregate", "Strategy": "Hashed", "Parent Relationship": "Outer", "Startup Cost": 2762534.42, "Total Cost": 2763797.63, "Plan Rows": 126321, "Plan Width": 67, "Actual Startup Time": 54407.79, "Actual Total Time": 54408.184, "Actual Rows": 84, "Actual Loops": 1, "Group By Key": ["orders.o_totalprice", "orders.o_orderdate", "customer.c_name", "customer.c_custkey", "orders.o_orderkey"], "Plans": [{"Node Type": "Nested Loop", "Parent Relationship": "Outer", "Join Type": "Inner", "Startup Cost": 2385930.24, "Total Cost": 2760639.6, "Plan Rows": 126321, "Plan Width": 59, "Actual Startup Time": 47887.873, "Actual Total Time": 54405.571, "Actual Rows": 588, "Actual Loops": 1, "Inner Unique": false, "Plans": [{"Node Type": "Hash Join", "Parent Relationship": "Outer", "Join Type": "Inner", "Startup Cost": 2385929.86, "Total Cost": 2696863.45, "Plan Rows": 13913, "Plan Width": 59, "Actual Startup Time": 47887.826, "Actual Total Time": 54385.711, "Actual Rows": 84, "Actual Loops": 1, "Inner Unique": true, "Hash Cond": "(orders.o_custkey = customer.c_custkey)", "Plans": [{"Node Type": "Nested Loop", "Parent Relationship": "Outer", "Join Type": "Inner", "Startup Cost": 2315053.86, "Total Cost": 2625533.23, "Plan Rows": 33034, "Plan Width": 40, "Actual Startup Time": 46674.088, "Actual Total Time": 53167.993, "Actual Rows": 84, "Actual Loops": 1, "Inner Unique": true, "Plans": [{"Node Type": "Aggregate", "Strategy": "Hashed", "Parent Relationship": "Outer", "Startup Cost": 2315050.5, "Total Cost": 2381201.11, "Plan Rows": 33034, "Plan Width": 24, "Actual Startup Time": 46673.991, "Actual Total Time": 53149.284, "Actual Rows": 84, "Actual Loops": 1, "Group By Key": ["public.lineitem.l_orderkey"], "Filter": "(sum(public.lineitem.l_quantity) > 314::double precision), (LLVM Optimized, Jit Execute)", "Rows Removed by Filter": 14999916, "Plans": [{"Node Type": "Seq Scan", "Parent Relationship": "Outer", "Relation Name": "lineitem", "Alias": "lineitem", "Startup Cost": 0.0, "Total Cost": 2015115.33, "Plan Rows": 59987033, "Plan Width": 16, "Actual Startup Time": 0.042, "Actual Total Time": 20120.77, "Actual Rows": 59986052, "Actual Loops": 1}]}, {"Node Type": "Bitmap Heap Scan", "Parent Relationship": "Inner", "Relation Name": "orders", "Alias": "orders", "Startup Cost": 3.36, "Total Cost": 7.38, "Plan Rows": 1, "Plan Width": 32, "Actual Startup Time": 3.694, "Actual Total Time": 3.694, "Actual Rows": 84, "Actual Loops": 84, "Recheck Cond": "(o_orderkey = public.lineitem.l_orderkey)", "Rows Removed by Index Recheck": 0, "Exact Heap Blocks": 84, "Lossy Heap Blocks": 84, "Plans": [{"Node Type": "Bitmap Index Scan", "Parent Relationship": "Outer", "Index Name": "orders_pkey", "Startup Cost": 0.0, "Total Cost": 3.36, "Plan Rows": 1, "Plan Width": 0, "Actual Startup Time": 2.443, "Actual Total Time": 2.443, "Actual Rows": 84, "Actual Loops": 84, "Index Cond": "(o_orderkey = public.lineitem.l_orderkey)"}]}]}, {"Node Type": "Hash", "Parent Relationship": "Inner", "Startup Cost": 52126.0, "Total Cost": 52126.0, "Plan Rows": 1500000, "Plan Width": 27, "Actual Startup Time": 1212.32, "Actual Total Time": 1212.32, "Actual Rows": 1500000, "Actual Loops": 1, "Hash Buckets": 2097152, "Hash Batches": 1, "Original Hash Batches": 1, "Peak Memory Usage": 93750, "Plans": [{"Node Type": "Seq Scan", "Parent Relationship": "Outer", "Relation Name": "customer", "Alias": "customer", "Startup Cost": 0.0, "Total Cost": 52126.0, "Plan Rows": 1500000, "Plan Width": 27, "Actual Startup Time": 0.024, "Actual Total Time": 537.232, "Actual Rows": 1500000, "Actual Loops": 1}]}]}, {"Node Type": "Bitmap Heap Scan", "Parent Relationship": "Inner", "Relation Name": "lineitem", "Alias": "lineitem", "Startup Cost": 0.38, "Total Cost": 4.49, "Plan Rows": 9, "Plan Width": 16, "Actual Startup Time": 2.302, "Actual Total Time": 2.448, "Actual Rows": 588, "Actual Loops": 84, "Recheck Cond": "(l_orderkey = orders.o_orderkey)", "Rows Removed by Index Recheck": 0, "Exact Heap Blocks": 96, "Lossy Heap Blocks": 96, "Plans": [{"Node Type": "Bitmap Index Scan", "Parent Relationship": "Outer", "Index Name": "idx_lineitem_orderkey", "Startup Cost": 0.0, "Total Cost": 0.38, "Plan Rows": 9, "Plan Width": 0, "Actual Startup Time": 1.463, "Actual Total Time": 1.463, "Actual Rows": 588, "Actual Loops": 84, "Index Cond": "(l_orderkey = orders.o_orderkey)"}]}]}]}]}]}, "Triggers": [], "Planner Runtime": 2.048, "Total Runtime": 54418.458, "Unique SQL Id": 1915754155}}, "(16, '35')": {"explain_plan": {"Plan": {"Node Type": "Limit", "Startup Cost": 1000324838994.8, "Total Cost": 1000324838995.05, "Plan Rows": 100, "Plan Width": 67, "Plans": [{"Node Type": "Sort", "Parent Relationship": "Outer", "Startup Cost": 1000324838994.8, "Total Cost": 1000324839310.61, "Plan Rows": 100, "Plan Width": 67, "Sort Key": ["orders.o_totalprice DESC", "orders.o_orderdate"], "Plans": [{"Node Type": "Aggregate", "Strategy": "Hashed", "Parent Relationship": "Outer", "Startup Cost": 1000324832903.7, "Total Cost": 1000324834166.91, "Plan Rows": 126321, "Plan Width": 67, "Group By Key": ["orders.o_totalprice", "orders.o_orderdate", "customer.c_name", "customer.c_custkey", "orders.o_orderkey"], "Plans": [{"Node Type": "Nested Loop", "Parent Relationship": "Outer", "Join Type": "Inner", "Startup Cost": 1000324315313.67, "Total Cost": 1000324831008.88, "Plan Rows": 126321, "Plan Width": 59, "Inner Unique": false, "Plans": [{"Node Type": "Nested Loop", "Parent Relationship": "Outer", "Join Type": "Inner", "Startup Cost": 1000324315313.29, "Total Cost": 1000324767232.73, "Plan Rows": 13913, "Plan Width": 59, "Inner Unique": true, "Plans": [{"Node Type": "Nested Loop", "Parent Relationship": "Outer", "Join Type": "Inner", "Startup Cost": 1000324315313.03, "Total Cost": 1000324625792.4, "Plan Rows": 33034, "Plan Width": 40, "Inner Unique": true, "Plans": [{"Node Type": "Aggregate", "Strategy": "Hashed", "Parent Relationship": "Outer", "Startup Cost": 1000324315309.67, "Total Cost": 1000324381460.28, "Plan Rows": 33034, "Plan Width": 24, "Group By Key": ["public.lineitem.l_orderkey"], "Filter": "(sum(public.lineitem.l_quantity) > 314::double precision), (LLVM Optimized)", "Plans": [{"Node Type": "Index Scan", "Parent Relationship": "Outer", "Scan Direction": "Forward", "Index Name": "idx_lineitem_orderkey", "Relation Name": "lineitem", "Alias": "lineitem", "Startup Cost": 10000000000.0, "Total Cost": 1000324015374.5, "Plan Rows": 59987033, "Plan Width": 16}]}, {"Node Type": "Bitmap Heap Scan", "Parent Relationship": "Inner", "Relation Name": "orders", "Alias": "orders", "Startup Cost": 3.36, "Total Cost": 7.38, "Plan Rows": 1, "Plan Width": 32, "Recheck Cond": "(o_orderkey = public.lineitem.l_orderkey)", "Plans": [{"Node Type": "Bitmap Index Scan", "Parent Relationship": "Outer", "Index Name": "orders_pkey", "Startup Cost": 0.0, "Total Cost": 3.36, "Plan Rows": 1, "Plan Width": 0, "Index Cond": "(o_orderkey = public.lineitem.l_orderkey)"}]}]}, {"Node Type": "Bitmap Heap Scan", "Parent Relationship": "Inner", "Relation Name": "customer", "Alias": "customer", "Startup Cost": 0.26, "Total Cost": 4.27, "Plan Rows": 1, "Plan Width": 27, "Recheck Cond": "(c_custkey = orders.o_custkey)", "Plans": [{"Node Type": "Bitmap Index Scan", "Parent Relationship": "Outer", "Index Name": "customer_pkey", "Startup Cost": 0.0, "Total Cost": 0.26, "Plan Rows": 1, "Plan Width": 0, "Index Cond": "(c_custkey = orders.o_custkey)"}]}]}, {"Node Type": "Bitmap Heap Scan", "Parent Relationship": "Inner", "Relation Name": "lineitem", "Alias": "lineitem", "Startup Cost": 0.38, "Total Cost": 4.49, "Plan Rows": 9, "Plan Width": 16, "Recheck Cond": "(l_orderkey = orders.o_orderkey)", "Plans": [{"Node Type": "Bitmap Index Scan", "Parent Relationship": "Outer", "Index Name": "idx_lineitem_orderkey", "Startup Cost": 0.0, "Total Cost": 0.38, "Plan Rows": 9, "Plan Width": 0, "Index Cond": "(l_orderkey = orders.o_orderkey)"}]}]}]}]}]}, "Unique SQL Id": 1915754155, "Planner Runtime": 1}, "explain_analyze_plan": {"Plan": {"Node Type": "Limit", "Startup Cost": 1000324838994.8, "Total Cost": 1000324838995.05, "Plan Rows": 100, "Plan Width": 67, "Actual Startup Time": 80385.074, "Actual Total Time": 80385.092, "Actual Rows": 84, "Actual Loops": 1, "Plans": [{"Node Type": "Sort", "Parent Relationship": "Outer", "Startup Cost": 1000324838994.8, "Total Cost": 1000324839310.61, "Plan Rows": 100, "Plan Width": 67, "Actual Startup Time": 80385.071, "Actual Total Time": 80385.08, "Actual Rows": 84, "Actual Loops": 1, "Sort Key": ["orders.o_totalprice DESC", "orders.o_orderdate"], "Sort Method": "quicksort", "Sort Space Used": 38, "Sort Space Type": "Memory", "Plans": [{"Node Type": "Aggregate", "Strategy": "Hashed", "Parent Relationship": "Outer", "Startup Cost": 1000324832903.7, "Total Cost": 1000324834166.91, "Plan Rows": 126321, "Plan Width": 67, "Actual Startup Time": 80384.393, "Actual Total Time": 80384.969, "Actual Rows": 84, "Actual Loops": 1, "Group By Key": ["orders.o_totalprice", "orders.o_orderdate", "customer.c_name", "customer.c_custkey", "orders.o_orderkey"], "Plans": [{"Node Type": "Nested Loop", "Parent Relationship": "Outer", "Join Type": "Inner", "Startup Cost": 1000324315313.67, "Total Cost": 1000324831008.88, "Plan Rows": 126321, "Plan Width": 59, "Actual Startup Time": 72233.603, "Actual Total Time": 80382.462, "Actual Rows": 588, "Actual Loops": 1, "Inner Unique": false, "Plans": [{"Node Type": "Nested Loop", "Parent Relationship": "Outer", "Join Type": "Inner", "Startup Cost": 1000324315313.29, "Total Cost": 1000324767232.73, "Plan Rows": 13913, "Plan Width": 59, "Actual Startup Time": 72233.569, "Actual Total Time": 80379.219, "Actual Rows": 84, "Actual Loops": 1, "Inner Unique": true, "Plans": [{"Node Type": "Nested Loop", "Parent Relationship": "Outer", "Join Type": "Inner", "Startup Cost": 1000324315313.03, "Total Cost": 1000324625792.4, "Plan Rows": 33034, "Plan Width": 40, "Actual Startup Time": 72233.51, "Actual Total Time": 80376.925, "Actual Rows": 84, "Actual Loops": 1, "Inner Unique": true, "Plans": [{"Node Type": "Aggregate", "Strategy": "Hashed", "Parent Relationship": "Outer", "Startup Cost": 1000324315309.67, "Total Cost": 1000324381460.28, "Plan Rows": 33034, "Plan Width": 24, "Actual Startup Time": 72233.393, "Actual Total Time": 80354.823, "Actual Rows": 84, "Actual Loops": 1, "Group By Key": ["public.lineitem.l_orderkey"], "Filter": "(sum(public.lineitem.l_quantity) > 314::double precision), (LLVM Optimized, Jit Execute)", "Rows Removed by Filter": 14999916, "Plans": [{"Node Type": "Index Scan", "Parent Relationship": "Outer", "Scan Direction": "Forward", "Index Name": "idx_lineitem_orderkey", "Relation Name": "lineitem", "Alias": "lineitem", "Startup Cost": 10000000000.0, "Total Cost": 1000324015374.5, "Plan Rows": 59987033, "Plan Width": 16, "Actual Startup Time": 0.063, "Actual Total Time": 42277.738, "Actual Rows": 59986052, "Actual Loops": 1}]}, {"Node Type": "Bitmap Heap Scan", "Parent Relationship": "Inner", "Relation Name": "orders", "Alias": "orders", "Startup Cost": 3.36, "Total Cost": 7.38, "Plan Rows": 1, "Plan Width": 32, "Actual Startup Time": 3.479, "Actual Total Time": 3.479, "Actual Rows": 84, "Actual Loops": 84, "Recheck Cond": "(o_orderkey = public.lineitem.l_orderkey)", "Rows Removed by Index Recheck": 0, "Exact Heap Blocks": 84, "Lossy Heap Blocks": 84, "Plans": [{"Node Type": "Bitmap Index Scan", "Parent Relationship": "Outer", "Index Name": "orders_pkey", "Startup Cost": 0.0, "Total Cost": 3.36, "Plan Rows": 1, "Plan Width": 0, "Actual Startup Time": 2.316, "Actual Total Time": 2.316, "Actual Rows": 84, "Actual Loops": 84, "Index Cond": "(o_orderkey = public.lineitem.l_orderkey)"}]}]}, {"Node Type": "Bitmap Heap Scan", "Parent Relationship": "Inner", "Relation Name": "customer", "Alias": "customer", "Startup Cost": 0.26, "Total Cost": 4.27, "Plan Rows": 1, "Plan Width": 27, "Actual Startup Time": 1.615, "Actual Total Time": 1.615, "Actual Rows": 84, "Actual Loops": 84, "Recheck Cond": "(c_custkey = orders.o_custkey)", "Rows Removed by Index Recheck": 0, "Exact Heap Blocks": 84, "Lossy Heap Blocks": 84, "Plans": [{"Node Type": "Bitmap Index Scan", "Parent Relationship": "Outer", "Index Name": "customer_pkey", "Startup Cost": 0.0, "Total Cost": 0.26, "Plan Rows": 1, "Plan Width": 0, "Actual Startup Time": 0.975, "Actual Total Time": 0.975, "Actual Rows": 84, "Actual Loops": 84, "Index Cond": "(c_custkey = orders.o_custkey)"}]}]}, {"Node Type": "Bitmap Heap Scan", "Parent Relationship": "Inner", "Relation Name": "lineitem", "Alias": "lineitem", "Startup Cost": 0.38, "Total Cost": 4.49, "Plan Rows": 9, "Plan Width": 16, "Actual Startup Time": 2.193, "Actual Total Time": 2.369, "Actual Rows": 588, "Actual Loops": 84, "Recheck Cond": "(l_orderkey = orders.o_orderkey)", "Rows Removed by Index Recheck": 0, "Exact Heap Blocks": 96, "Lossy Heap Blocks": 96, "Plans": [{"Node Type": "Bitmap Index Scan", "Parent Relationship": "Outer", "Index Name": "idx_lineitem_orderkey", "Startup Cost": 0.0, "Total Cost": 0.38, "Plan Rows": 9, "Plan Width": 0, "Actual Startup Time": 1.36, "Actual Total Time": 1.36, "Actual Rows": 588, "Actual Loops": 84, "Index Cond": "(l_orderkey = orders.o_orderkey)"}]}]}]}]}]}, "Triggers": [], "Planner Runtime": 2.016, "Total Runtime": 80394.686, "Unique SQL Id": 1915754155}}, "(16, '36')": {"explain_plan": {"Plan": {"Node Type": "Limit", "Startup Cost": 2649029.8, "Total Cost": 2649030.05, "Plan Rows": 100, "Plan Width": 67, "Plans": [{"Node Type": "Sort", "Parent Relationship": "Outer", "Startup Cost": 2649029.8, "Total Cost": 2649345.6, "Plan Rows": 100, "Plan Width": 67, "Sort Key": ["orders.o_totalprice DESC", "orders.o_orderdate"], "Plans": [{"Node Type": "Aggregate", "Strategy": "Hashed", "Parent Relationship": "Outer", "Startup Cost": 2642938.69, "Total Cost": 2644201.9, "Plan Rows": 126321, "Plan Width": 67, "Group By Key": ["orders.o_totalprice", "orders.o_orderdate", "customer.c_name", "customer.c_custkey", "orders.o_orderkey"], "Plans": [{"Node Type": "Nested Loop", "Parent Relationship": "Outer", "Join Type": "Inner", "Startup Cost": 2315050.5, "Total Cost": 2641043.88, "Plan Rows": 126321, "Plan Width": 59, "Inner Unique": false, "Plans": [{"Node Type": "Nested Loop", "Parent Relationship": "Outer", "Join Type": "Inner", "Startup Cost": 2315050.5, "Total Cost": 2627700.1, "Plan Rows": 13913, "Plan Width": 59, "Inner Unique": true, "Plans": [{"Node Type": "Nested Loop", "Parent Relationship": "Outer", "Join Type": "Inner", "Startup Cost": 2315050.5, "Total Cost": 2618076.97, "Plan Rows": 33034, "Plan Width": 40, "Inner Unique": true, "Plans": [{"Node Type": "Aggregate", "Strategy": "Hashed", "Parent Relationship": "Outer", "Startup Cost": 2315050.5, "Total Cost": 2381201.11, "Plan Rows": 33034, "Plan Width": 24, "Group By Key": ["public.lineitem.l_orderkey"], "Filter": "(sum(public.lineitem.l_quantity) > 314::double precision), (LLVM Optimized)", "Plans": [{"Node Type": "Seq Scan", "Parent Relationship": "Outer", "Relation Name": "lineitem", "Alias": "lineitem", "Startup Cost": 0.0, "Total Cost": 2015115.33, "Plan Rows": 59987033, "Plan Width": 16}]}, {"Node Type": "Index Scan", "Parent Relationship": "Inner", "Scan Direction": "Forward", "Index Name": "orders_pkey", "Relation Name": "orders", "Alias": "orders", "Startup Cost": 0.0, "Total Cost": 7.15, "Plan Rows": 1, "Plan Width": 32, "Index Cond": "(o_orderkey = public.lineitem.l_orderkey)"}]}, {"Node Type": "Index Scan", "Parent Relationship": "Inner", "Scan Direction": "Forward", "Index Name": "customer_pkey", "Relation Name": "customer", "Alias": "customer", "Startup Cost": 0.0, "Total Cost": 0.28, "Plan Rows": 1, "Plan Width": 27, "Index Cond": "(c_custkey = orders.o_custkey)"}]}, {"Node Type": "Index Scan", "Parent Relationship": "Inner", "Scan Direction": "Forward", "Index Name": "idx_lineitem_orderkey", "Relation Name": "lineitem", "Alias": "lineitem", "Startup Cost": 0.0, "Total Cost": 0.87, "Plan Rows": 9, "Plan Width": 16, "Index Cond": "(l_orderkey = orders.o_orderkey)"}]}]}]}]}, "Unique SQL Id": 1915754155, "Planner Runtime": 1}, "explain_analyze_plan": {"Plan": {"Node Type": "Limit", "Startup Cost": 2649029.8, "Total Cost": 2649030.05, "Plan Rows": 100, "Plan Width": 67, "Actual Startup Time": 53367.336, "Actual Total Time": 53367.355, "Actual Rows": 84, "Actual Loops": 1, "Plans": [{"Node Type": "Sort", "Parent Relationship": "Outer", "Startup Cost": 2649029.8, "Total Cost": 2649345.6, "Plan Rows": 100, "Plan Width": 67, "Actual Startup Time": 53367.333, "Actual Total Time": 53367.342, "Actual Rows": 84, "Actual Loops": 1, "Sort Key": ["orders.o_totalprice DESC", "orders.o_orderdate"], "Sort Method": "quicksort", "Sort Space Used": 38, "Sort Space Type": "Memory", "Plans": [{"Node Type": "Aggregate", "Strategy": "Hashed", "Parent Relationship": "Outer", "Startup Cost": 2642938.69, "Total Cost": 2644201.9, "Plan Rows": 126321, "Plan Width": 67, "Actual Startup Time": 53366.678, "Actual Total Time": 53367.237, "Actual Rows": 84, "Actual Loops": 1, "Group By Key": ["orders.o_totalprice", "orders.o_orderdate", "customer.c_name", "customer.c_custkey", "orders.o_orderkey"], "Plans": [{"Node Type": "Nested Loop", "Parent Relationship": "Outer", "Join Type": "Inner", "Startup Cost": 2315050.5, "Total Cost": 2641043.88, "Plan Rows": 126321, "Plan Width": 59, "Actual Startup Time": 47583.176, "Actual Total Time": 53364.795, "Actual Rows": 588, "Actual Loops": 1, "Inner Unique": false, "Plans": [{"Node Type": "Nested Loop", "Parent Relationship": "Outer", "Join Type": "Inner", "Startup Cost": 2315050.5, "Total Cost": 2627700.1, "Plan Rows": 13913, "Plan Width": 59, "Actual Startup Time": 47583.15, "Actual Total Time": 53362.449, "Actual Rows": 84, "Actual Loops": 1, "Inner Unique": true, "Plans": [{"Node Type": "Nested Loop", "Parent Relationship": "Outer", "Join Type": "Inner", "Startup Cost": 2315050.5, "Total Cost": 2618076.97, "Plan Rows": 33034, "Plan Width": 40, "Actual Startup Time": 47583.13, "Actual Total Time": 53361.021, "Actual Rows": 84, "Actual Loops": 1, "Inner Unique": true, "Plans": [{"Node Type": "Aggregate", "Strategy": "Hashed", "Parent Relationship": "Outer", "Startup Cost": 2315050.5, "Total Cost": 2381201.11, "Plan Rows": 33034, "Plan Width": 24, "Actual Startup Time": 47583.052, "Actual Total Time": 53340.03, "Actual Rows": 84, "Actual Loops": 1, "Group By Key": ["public.lineitem.l_orderkey"], "Filter": "(sum(public.lineitem.l_quantity) > 314::double precision), (LLVM Optimized, Jit Execute)", "Rows Removed by Filter": 14999916, "Plans": [{"Node Type": "Seq Scan", "Parent Relationship": "Outer", "Relation Name": "lineitem", "Alias": "lineitem", "Startup Cost": 0.0, "Total Cost": 2015115.33, "Plan Rows": 59987033, "Plan Width": 16, "Actual Startup Time": 0.044, "Actual Total Time": 20352.533, "Actual Rows": 59986052, "Actual Loops": 1}]}, {"Node Type": "Index Scan", "Parent Relationship": "Inner", "Scan Direction": "Forward", "Index Name": "orders_pkey", "Relation Name": "orders", "Alias": "orders", "Startup Cost": 0.0, "Total Cost": 7.15, "Plan Rows": 1, "Plan Width": 32, "Actual Startup Time": 2.902, "Actual Total Time": 2.902, "Actual Rows": 84, "Actual Loops": 84, "Index Cond": "(o_orderkey = public.lineitem.l_orderkey)", "Rows Removed by Index Recheck": 0}]}, {"Node Type": "Index Scan", "Parent Relationship": "Inner", "Scan Direction": "Forward", "Index Name": "customer_pkey", "Relation Name": "customer", "Alias": "customer", "Startup Cost": 0.0, "Total Cost": 0.28, "Plan Rows": 1, "Plan Width": 27, "Actual Startup Time": 1.048, "Actual Total Time": 1.048, "Actual Rows": 84, "Actual Loops": 84, "Index Cond": "(c_custkey = orders.o_custkey)", "Rows Removed by Index Recheck": 0}]}, {"Node Type": "Index Scan", "Parent Relationship": "Inner", "Scan Direction": "Forward", "Index Name": "idx_lineitem_orderkey", "Relation Name": "lineitem", "Alias": "lineitem", "Startup Cost": 0.0, "Total Cost": 0.87, "Plan Rows": 9, "Plan Width": 16, "Actual Startup Time": 1.401, "Actual Total Time": 1.898, "Actual Rows": 588, "Actual Loops": 84, "Index Cond": "(l_orderkey = orders.o_orderkey)", "Rows Removed by Index Recheck": 0}]}]}]}]}, "Triggers": [], "Planner Runtime": 2.116, "Total Runtime": 53376.681, "Unique SQL Id": 1915754155}}, "(16, '37')": {"explain_plan": {"Plan": {"Node Type": "Limit", "Startup Cost": 3874068.21, "Total Cost": 3874068.46, "Plan Rows": 100, "Plan Width": 67, "Plans": [{"Node Type": "Sort", "Parent Relationship": "Outer", "Startup Cost": 3874068.21, "Total Cost": 3874384.02, "Plan Rows": 100, "Plan Width": 67, "Sort Key": ["orders.o_totalprice DESC", "orders.o_orderdate"], "Plans": [{"Node Type": "Aggregate", "Strategy": "Hashed", "Parent Relationship": "Outer", "Startup Cost": 3867977.11, "Total Cost": 3869240.32, "Plan Rows": 126321, "Plan Width": 67, "Group By Key": ["orders.o_totalprice", "orders.o_orderdate", "customer.c_name", "customer.c_custkey", "orders.o_orderkey"], "Plans": [{"Node Type": "Nested Loop", "Parent Relationship": "Outer", "Join Type": "Inner", "Startup Cost": 3540088.91, "Total Cost": 3866082.29, "Plan Rows": 126321, "Plan Width": 59, "Inner Unique": false, "Plans": [{"Node Type": "Nested Loop", "Parent Relationship": "Outer", "Join Type": "Inner", "Startup Cost": 3540088.91, "Total Cost": 3852738.51, "Plan Rows": 13913, "Plan Width": 59, "Inner Unique": true, "Plans": [{"Node Type": "Nested Loop", "Parent Relationship": "Outer", "Join Type": "Inner", "Startup Cost": 3540088.91, "Total Cost": 3843115.38, "Plan Rows": 33034, "Plan Width": 40, "Inner Unique": true, "Plans": [{"Node Type": "Aggregate", "Strategy": "Hashed", "Parent Relationship": "Outer", "Startup Cost": 3540088.91, "Total Cost": 3606239.52, "Plan Rows": 33034, "Plan Width": 24, "Group By Key": ["public.lineitem.l_orderkey"], "Filter": "(sum(public.lineitem.l_quantity) > 314::double precision), (LLVM Optimized)", "Plans": [{"Node Type": "Index Scan", "Parent Relationship": "Outer", "Scan Direction": "Forward", "Index Name": "idx_lineitem_orderkey", "Relation Name": "lineitem", "Alias": "lineitem", "Startup Cost": 0.0, "Total Cost": 3240153.75, "Plan Rows": 59987033, "Plan Width": 16}]}, {"Node Type": "Index Scan", "Parent Relationship": "Inner", "Scan Direction": "Forward", "Index Name": "orders_pkey", "Relation Name": "orders", "Alias": "orders", "Startup Cost": 0.0, "Total Cost": 7.15, "Plan Rows": 1, "Plan Width": 32, "Index Cond": "(o_orderkey = public.lineitem.l_orderkey)"}]}, {"Node Type": "Index Scan", "Parent Relationship": "Inner", "Scan Direction": "Forward", "Index Name": "customer_pkey", "Relation Name": "customer", "Alias": "customer", "Startup Cost": 0.0, "Total Cost": 0.28, "Plan Rows": 1, "Plan Width": 27, "Index Cond": "(c_custkey = orders.o_custkey)"}]}, {"Node Type": "Index Scan", "Parent Relationship": "Inner", "Scan Direction": "Forward", "Index Name": "idx_lineitem_orderkey", "Relation Name": "lineitem", "Alias": "lineitem", "Startup Cost": 0.0, "Total Cost": 0.87, "Plan Rows": 9, "Plan Width": 16, "Index Cond": "(l_orderkey = orders.o_orderkey)"}]}]}]}]}, "Unique SQL Id": 1915754155, "Planner Runtime": 1}, "explain_analyze_plan": {"Plan": {"Node Type": "Limit", "Startup Cost": 3874068.21, "Total Cost": 3874068.46, "Plan Rows": 100, "Plan Width": 67, "Actual Startup Time": 80046.048, "Actual Total Time": 80046.063, "Actual Rows": 84, "Actual Loops": 1, "Plans": [{"Node Type": "Sort", "Parent Relationship": "Outer", "Startup Cost": 3874068.21, "Total Cost": 3874384.02, "Plan Rows": 100, "Plan Width": 67, "Actual Startup Time": 80046.046, "Actual Total Time": 80046.051, "Actual Rows": 84, "Actual Loops": 1, "Sort Key": ["orders.o_totalprice DESC", "orders.o_orderdate"], "Sort Method": "quicksort", "Sort Space Used": 38, "Sort Space Type": "Memory", "Plans": [{"Node Type": "Aggregate", "Strategy": "Hashed", "Parent Relationship": "Outer", "Startup Cost": 3867977.11, "Total Cost": 3869240.32, "Plan Rows": 126321, "Plan Width": 67, "Actual Startup Time": 80045.618, "Actual Total Time": 80045.952, "Actual Rows": 84, "Actual Loops": 1, "Group By Key": ["orders.o_totalprice", "orders.o_orderdate", "customer.c_name", "customer.c_custkey", "orders.o_orderkey"], "Plans": [{"Node Type": "Nested Loop", "Parent Relationship": "Outer", "Join Type": "Inner", "Startup Cost": 3540088.91, "Total Cost": 3866082.29, "Plan Rows": 126321, "Plan Width": 59, "Actual Startup Time": 71660.31, "Actual Total Time": 80043.737, "Actual Rows": 588, "Actual Loops": 1, "Inner Unique": false, "Plans": [{"Node Type": "Nested Loop", "Parent Relationship": "Outer", "Join Type": "Inner", "Startup Cost": 3540088.91, "Total Cost": 3852738.51, "Plan Rows": 13913, "Plan Width": 59, "Actual Startup Time": 71660.278, "Actual Total Time": 80041.063, "Actual Rows": 84, "Actual Loops": 1, "Inner Unique": true, "Plans": [{"Node Type": "Nested Loop", "Parent Relationship": "Outer", "Join Type": "Inner", "Startup Cost": 3540088.91, "Total Cost": 3843115.38, "Plan Rows": 33034, "Plan Width": 40, "Actual Startup Time": 71660.251, "Actual Total Time": 80039.183, "Actual Rows": 84, "Actual Loops": 1, "Inner Unique": true, "Plans": [{"Node Type": "Aggregate", "Strategy": "Hashed", "Parent Relationship": "Outer", "Startup Cost": 3540088.91, "Total Cost": 3606239.52, "Plan Rows": 33034, "Plan Width": 24, "Actual Startup Time": 71660.193, "Actual Total Time": 80016.864, "Actual Rows": 84, "Actual Loops": 1, "Group By Key": ["public.lineitem.l_orderkey"], "Filter": "(sum(public.lineitem.l_quantity) > 314::double precision), (LLVM Optimized, Jit Execute)", "Rows Removed by Filter": 14999916, "Plans": [{"Node Type": "Index Scan", "Parent Relationship": "Outer", "Scan Direction": "Forward", "Index Name": "idx_lineitem_orderkey", "Relation Name": "lineitem", "Alias": "lineitem", "Startup Cost": 0.0, "Total Cost": 3240153.75, "Plan Rows": 59987033, "Plan Width": 16, "Actual Startup Time": 0.058, "Actual Total Time": 41400.691, "Actual Rows": 59986052, "Actual Loops": 1}]}, {"Node Type": "Index Scan", "Parent Relationship": "Inner", "Scan Direction": "Forward", "Index Name": "orders_pkey", "Relation Name": "orders", "Alias": "orders", "Startup Cost": 0.0, "Total Cost": 7.15, "Plan Rows": 1, "Plan Width": 32, "Actual Startup Time": 2.944, "Actual Total Time": 2.944, "Actual Rows": 84, "Actual Loops": 84, "Index Cond": "(o_orderkey = public.lineitem.l_orderkey)", "Rows Removed by Index Recheck": 0}]}, {"Node Type": "Index Scan", "Parent Relationship": "Inner", "Scan Direction": "Forward", "Index Name": "customer_pkey", "Relation Name": "customer", "Alias": "customer", "Startup Cost": 0.0, "Total Cost": 0.28, "Plan Rows": 1, "Plan Width": 27, "Actual Startup Time": 1.358, "Actual Total Time": 1.358, "Actual Rows": 84, "Actual Loops": 84, "Index Cond": "(c_custkey = orders.o_custkey)", "Rows Removed by Index Recheck": 0}]}, {"Node Type": "Index Scan", "Parent Relationship": "Inner", "Scan Direction": "Forward", "Index Name": "idx_lineitem_orderkey", "Relation Name": "lineitem", "Alias": "lineitem", "Startup Cost": 0.0, "Total Cost": 0.87, "Plan Rows": 9, "Plan Width": 16, "Actual Startup Time": 1.639, "Actual Total Time": 2.066, "Actual Rows": 588, "Actual Loops": 84, "Index Cond": "(l_orderkey = orders.o_orderkey)", "Rows Removed by Index Recheck": 0}]}]}]}]}, "Triggers": [], "Planner Runtime": 2.569, "Total Runtime": 80056.92, "Unique SQL Id": 1915754155}}, "(16, '38')": {"explain_plan": {"Plan": {"Node Type": "Limit", "Startup Cost": 2768625.52, "Total Cost": 2768625.77, "Plan Rows": 100, "Plan Width": 67, "Plans": [{"Node Type": "Sort", "Parent Relationship": "Outer", "Startup Cost": 2768625.52, "Total Cost": 2768941.33, "Plan Rows": 100, "Plan Width": 67, "Sort Key": ["orders.o_totalprice DESC", "orders.o_orderdate"], "Plans": [{"Node Type": "Aggregate", "Strategy": "Hashed", "Parent Relationship": "Outer", "Startup Cost": 2762534.42, "Total Cost": 2763797.63, "Plan Rows": 126321, "Plan Width": 67, "Group By Key": ["orders.o_totalprice", "orders.o_orderdate", "customer.c_name", "customer.c_custkey", "orders.o_orderkey"], "Plans": [{"Node Type": "Nested Loop", "Parent Relationship": "Outer", "Join Type": "Inner", "Startup Cost": 2385930.24, "Total Cost": 2760639.6, "Plan Rows": 126321, "Plan Width": 59, "Inner Unique": false, "Plans": [{"Node Type": "Hash Join", "Parent Relationship": "Outer", "Join Type": "Inner", "Startup Cost": 2385929.86, "Total Cost": 2696863.45, "Plan Rows": 13913, "Plan Width": 59, "Inner Unique": true, "Hash Cond": "(orders.o_custkey = customer.c_custkey)", "Plans": [{"Node Type": "Nested Loop", "Parent Relationship": "Outer", "Join Type": "Inner", "Startup Cost": 2315053.86, "Total Cost": 2625533.23, "Plan Rows": 33034, "Plan Width": 40, "Inner Unique": true, "Plans": [{"Node Type": "Aggregate", "Strategy": "Hashed", "Parent Relationship": "Outer", "Startup Cost": 2315050.5, "Total Cost": 2381201.11, "Plan Rows": 33034, "Plan Width": 24, "Group By Key": ["public.lineitem.l_orderkey"], "Filter": "(sum(public.lineitem.l_quantity) > 314::double precision), (LLVM Optimized)", "Plans": [{"Node Type": "Seq Scan", "Parent Relationship": "Outer", "Relation Name": "lineitem", "Alias": "lineitem", "Startup Cost": 0.0, "Total Cost": 2015115.33, "Plan Rows": 59987033, "Plan Width": 16}]}, {"Node Type": "Bitmap Heap Scan", "Parent Relationship": "Inner", "Relation Name": "orders", "Alias": "orders", "Startup Cost": 3.36, "Total Cost": 7.38, "Plan Rows": 1, "Plan Width": 32, "Recheck Cond": "(o_orderkey = public.lineitem.l_orderkey)", "Plans": [{"Node Type": "Bitmap Index Scan", "Parent Relationship": "Outer", "Index Name": "orders_pkey", "Startup Cost": 0.0, "Total Cost": 3.36, "Plan Rows": 1, "Plan Width": 0, "Index Cond": "(o_orderkey = public.lineitem.l_orderkey)"}]}]}, {"Node Type": "Hash", "Parent Relationship": "Inner", "Startup Cost": 52126.0, "Total Cost": 52126.0, "Plan Rows": 1500000, "Plan Width": 27, "Plans": [{"Node Type": "Seq Scan", "Parent Relationship": "Outer", "Relation Name": "customer", "Alias": "customer", "Startup Cost": 0.0, "Total Cost": 52126.0, "Plan Rows": 1500000, "Plan Width": 27}]}]}, {"Node Type": "Bitmap Heap Scan", "Parent Relationship": "Inner", "Relation Name": "lineitem", "Alias": "lineitem", "Startup Cost": 0.38, "Total Cost": 4.49, "Plan Rows": 9, "Plan Width": 16, "Recheck Cond": "(l_orderkey = orders.o_orderkey)", "Plans": [{"Node Type": "Bitmap Index Scan", "Parent Relationship": "Outer", "Index Name": "idx_lineitem_orderkey", "Startup Cost": 0.0, "Total Cost": 0.38, "Plan Rows": 9, "Plan Width": 0, "Index Cond": "(l_orderkey = orders.o_orderkey)"}]}]}]}]}]}, "Unique SQL Id": 1915754155, "Planner Runtime": 1}, "explain_analyze_plan": {"Plan": {"Node Type": "Limit", "Startup Cost": 2768625.52, "Total Cost": 2768625.77, "Plan Rows": 100, "Plan Width": 67, "Actual Startup Time": 54408.291, "Actual Total Time": 54408.306, "Actual Rows": 84, "Actual Loops": 1, "Plans": [{"Node Type": "Sort", "Parent Relationship": "Outer", "Startup Cost": 2768625.52, "Total Cost": 2768941.33, "Plan Rows": 100, "Plan Width": 67, "Actual Startup Time": 54408.289, "Actual Total Time": 54408.297, "Actual Rows": 84, "Actual Loops": 1, "Sort Key": ["orders.o_totalprice DESC", "orders.o_orderdate"], "Sort Method": "quicksort", "Sort Space Used": 38, "Sort Space Type": "Memory", "Plans": [{"Node Type": "Aggregate", "Strategy": "Hashed", "Parent Relationship": "Outer", "Startup Cost": 2762534.42, "Total Cost": 2763797.63, "Plan Rows": 126321, "Plan Width": 67, "Actual Startup Time": 54407.79, "Actual Total Time": 54408.184, "Actual Rows": 84, "Actual Loops": 1, "Group By Key": ["orders.o_totalprice", "orders.o_orderdate", "customer.c_name", "customer.c_custkey", "orders.o_orderkey"], "Plans": [{"Node Type": "Nested Loop", "Parent Relationship": "Outer", "Join Type": "Inner", "Startup Cost": 2385930.24, "Total Cost": 2760639.6, "Plan Rows": 126321, "Plan Width": 59, "Actual Startup Time": 47887.873, "Actual Total Time": 54405.571, "Actual Rows": 588, "Actual Loops": 1, "Inner Unique": false, "Plans": [{"Node Type": "Hash Join", "Parent Relationship": "Outer", "Join Type": "Inner", "Startup Cost": 2385929.86, "Total Cost": 2696863.45, "Plan Rows": 13913, "Plan Width": 59, "Actual Startup Time": 47887.826, "Actual Total Time": 54385.711, "Actual Rows": 84, "Actual Loops": 1, "Inner Unique": true, "Hash Cond": "(orders.o_custkey = customer.c_custkey)", "Plans": [{"Node Type": "Nested Loop", "Parent Relationship": "Outer", "Join Type": "Inner", "Startup Cost": 2315053.86, "Total Cost": 2625533.23, "Plan Rows": 33034, "Plan Width": 40, "Actual Startup Time": 46674.088, "Actual Total Time": 53167.993, "Actual Rows": 84, "Actual Loops": 1, "Inner Unique": true, "Plans": [{"Node Type": "Aggregate", "Strategy": "Hashed", "Parent Relationship": "Outer", "Startup Cost": 2315050.5, "Total Cost": 2381201.11, "Plan Rows": 33034, "Plan Width": 24, "Actual Startup Time": 46673.991, "Actual Total Time": 53149.284, "Actual Rows": 84, "Actual Loops": 1, "Group By Key": ["public.lineitem.l_orderkey"], "Filter": "(sum(public.lineitem.l_quantity) > 314::double precision), (LLVM Optimized, Jit Execute)", "Rows Removed by Filter": 14999916, "Plans": [{"Node Type": "Seq Scan", "Parent Relationship": "Outer", "Relation Name": "lineitem", "Alias": "lineitem", "Startup Cost": 0.0, "Total Cost": 2015115.33, "Plan Rows": 59987033, "Plan Width": 16, "Actual Startup Time": 0.042, "Actual Total Time": 20120.77, "Actual Rows": 59986052, "Actual Loops": 1}]}, {"Node Type": "Bitmap Heap Scan", "Parent Relationship": "Inner", "Relation Name": "orders", "Alias": "orders", "Startup Cost": 3.36, "Total Cost": 7.38, "Plan Rows": 1, "Plan Width": 32, "Actual Startup Time": 3.694, "Actual Total Time": 3.694, "Actual Rows": 84, "Actual Loops": 84, "Recheck Cond": "(o_orderkey = public.lineitem.l_orderkey)", "Rows Removed by Index Recheck": 0, "Exact Heap Blocks": 84, "Lossy Heap Blocks": 84, "Plans": [{"Node Type": "Bitmap Index Scan", "Parent Relationship": "Outer", "Index Name": "orders_pkey", "Startup Cost": 0.0, "Total Cost": 3.36, "Plan Rows": 1, "Plan Width": 0, "Actual Startup Time": 2.443, "Actual Total Time": 2.443, "Actual Rows": 84, "Actual Loops": 84, "Index Cond": "(o_orderkey = public.lineitem.l_orderkey)"}]}]}, {"Node Type": "Hash", "Parent Relationship": "Inner", "Startup Cost": 52126.0, "Total Cost": 52126.0, "Plan Rows": 1500000, "Plan Width": 27, "Actual Startup Time": 1212.32, "Actual Total Time": 1212.32, "Actual Rows": 1500000, "Actual Loops": 1, "Hash Buckets": 2097152, "Hash Batches": 1, "Original Hash Batches": 1, "Peak Memory Usage": 93750, "Plans": [{"Node Type": "Seq Scan", "Parent Relationship": "Outer", "Relation Name": "customer", "Alias": "customer", "Startup Cost": 0.0, "Total Cost": 52126.0, "Plan Rows": 1500000, "Plan Width": 27, "Actual Startup Time": 0.024, "Actual Total Time": 537.232, "Actual Rows": 1500000, "Actual Loops": 1}]}]}, {"Node Type": "Bitmap Heap Scan", "Parent Relationship": "Inner", "Relation Name": "lineitem", "Alias": "lineitem", "Startup Cost": 0.38, "Total Cost": 4.49, "Plan Rows": 9, "Plan Width": 16, "Actual Startup Time": 2.302, "Actual Total Time": 2.448, "Actual Rows": 588, "Actual Loops": 84, "Recheck Cond": "(l_orderkey = orders.o_orderkey)", "Rows Removed by Index Recheck": 0, "Exact Heap Blocks": 96, "Lossy Heap Blocks": 96, "Plans": [{"Node Type": "Bitmap Index Scan", "Parent Relationship": "Outer", "Index Name": "idx_lineitem_orderkey", "Startup Cost": 0.0, "Total Cost": 0.38, "Plan Rows": 9, "Plan Width": 0, "Actual Startup Time": 1.463, "Actual Total Time": 1.463, "Actual Rows": 588, "Actual Loops": 84, "Index Cond": "(l_orderkey = orders.o_orderkey)"}]}]}]}]}]}, "Triggers": [], "Planner Runtime": 2.048, "Total Runtime": 54418.458, "Unique SQL Id": 1915754155}}, "(16, '39')": {"explain_plan": {"Plan": {"Node Type": "Limit", "Startup Cost": 1000324838994.8, "Total Cost": 1000324838995.05, "Plan Rows": 100, "Plan Width": 67, "Plans": [{"Node Type": "Sort", "Parent Relationship": "Outer", "Startup Cost": 1000324838994.8, "Total Cost": 1000324839310.61, "Plan Rows": 100, "Plan Width": 67, "Sort Key": ["orders.o_totalprice DESC", "orders.o_orderdate"], "Plans": [{"Node Type": "Aggregate", "Strategy": "Hashed", "Parent Relationship": "Outer", "Startup Cost": 1000324832903.7, "Total Cost": 1000324834166.91, "Plan Rows": 126321, "Plan Width": 67, "Group By Key": ["orders.o_totalprice", "orders.o_orderdate", "customer.c_name", "customer.c_custkey", "orders.o_orderkey"], "Plans": [{"Node Type": "Nested Loop", "Parent Relationship": "Outer", "Join Type": "Inner", "Startup Cost": 1000324315313.67, "Total Cost": 1000324831008.88, "Plan Rows": 126321, "Plan Width": 59, "Inner Unique": false, "Plans": [{"Node Type": "Nested Loop", "Parent Relationship": "Outer", "Join Type": "Inner", "Startup Cost": 1000324315313.29, "Total Cost": 1000324767232.73, "Plan Rows": 13913, "Plan Width": 59, "Inner Unique": true, "Plans": [{"Node Type": "Nested Loop", "Parent Relationship": "Outer", "Join Type": "Inner", "Startup Cost": 1000324315313.03, "Total Cost": 1000324625792.4, "Plan Rows": 33034, "Plan Width": 40, "Inner Unique": true, "Plans": [{"Node Type": "Aggregate", "Strategy": "Hashed", "Parent Relationship": "Outer", "Startup Cost": 1000324315309.67, "Total Cost": 1000324381460.28, "Plan Rows": 33034, "Plan Width": 24, "Group By Key": ["public.lineitem.l_orderkey"], "Filter": "(sum(public.lineitem.l_quantity) > 314::double precision), (LLVM Optimized)", "Plans": [{"Node Type": "Index Scan", "Parent Relationship": "Outer", "Scan Direction": "Forward", "Index Name": "idx_lineitem_orderkey", "Relation Name": "lineitem", "Alias": "lineitem", "Startup Cost": 10000000000.0, "Total Cost": 1000324015374.5, "Plan Rows": 59987033, "Plan Width": 16}]}, {"Node Type": "Bitmap Heap Scan", "Parent Relationship": "Inner", "Relation Name": "orders", "Alias": "orders", "Startup Cost": 3.36, "Total Cost": 7.38, "Plan Rows": 1, "Plan Width": 32, "Recheck Cond": "(o_orderkey = public.lineitem.l_orderkey)", "Plans": [{"Node Type": "Bitmap Index Scan", "Parent Relationship": "Outer", "Index Name": "orders_pkey", "Startup Cost": 0.0, "Total Cost": 3.36, "Plan Rows": 1, "Plan Width": 0, "Index Cond": "(o_orderkey = public.lineitem.l_orderkey)"}]}]}, {"Node Type": "Bitmap Heap Scan", "Parent Relationship": "Inner", "Relation Name": "customer", "Alias": "customer", "Startup Cost": 0.26, "Total Cost": 4.27, "Plan Rows": 1, "Plan Width": 27, "Recheck Cond": "(c_custkey = orders.o_custkey)", "Plans": [{"Node Type": "Bitmap Index Scan", "Parent Relationship": "Outer", "Index Name": "customer_pkey", "Startup Cost": 0.0, "Total Cost": 0.26, "Plan Rows": 1, "Plan Width": 0, "Index Cond": "(c_custkey = orders.o_custkey)"}]}]}, {"Node Type": "Bitmap Heap Scan", "Parent Relationship": "Inner", "Relation Name": "lineitem", "Alias": "lineitem", "Startup Cost": 0.38, "Total Cost": 4.49, "Plan Rows": 9, "Plan Width": 16, "Recheck Cond": "(l_orderkey = orders.o_orderkey)", "Plans": [{"Node Type": "Bitmap Index Scan", "Parent Relationship": "Outer", "Index Name": "idx_lineitem_orderkey", "Startup Cost": 0.0, "Total Cost": 0.38, "Plan Rows": 9, "Plan Width": 0, "Index Cond": "(l_orderkey = orders.o_orderkey)"}]}]}]}]}]}, "Unique SQL Id": 1915754155, "Planner Runtime": 1}, "explain_analyze_plan": {"Plan": {"Node Type": "Limit", "Startup Cost": 1000324838994.8, "Total Cost": 1000324838995.05, "Plan Rows": 100, "Plan Width": 67, "Actual Startup Time": 80385.074, "Actual Total Time": 80385.092, "Actual Rows": 84, "Actual Loops": 1, "Plans": [{"Node Type": "Sort", "Parent Relationship": "Outer", "Startup Cost": 1000324838994.8, "Total Cost": 1000324839310.61, "Plan Rows": 100, "Plan Width": 67, "Actual Startup Time": 80385.071, "Actual Total Time": 80385.08, "Actual Rows": 84, "Actual Loops": 1, "Sort Key": ["orders.o_totalprice DESC", "orders.o_orderdate"], "Sort Method": "quicksort", "Sort Space Used": 38, "Sort Space Type": "Memory", "Plans": [{"Node Type": "Aggregate", "Strategy": "Hashed", "Parent Relationship": "Outer", "Startup Cost": 1000324832903.7, "Total Cost": 1000324834166.91, "Plan Rows": 126321, "Plan Width": 67, "Actual Startup Time": 80384.393, "Actual Total Time": 80384.969, "Actual Rows": 84, "Actual Loops": 1, "Group By Key": ["orders.o_totalprice", "orders.o_orderdate", "customer.c_name", "customer.c_custkey", "orders.o_orderkey"], "Plans": [{"Node Type": "Nested Loop", "Parent Relationship": "Outer", "Join Type": "Inner", "Startup Cost": 1000324315313.67, "Total Cost": 1000324831008.88, "Plan Rows": 126321, "Plan Width": 59, "Actual Startup Time": 72233.603, "Actual Total Time": 80382.462, "Actual Rows": 588, "Actual Loops": 1, "Inner Unique": false, "Plans": [{"Node Type": "Nested Loop", "Parent Relationship": "Outer", "Join Type": "Inner", "Startup Cost": 1000324315313.29, "Total Cost": 1000324767232.73, "Plan Rows": 13913, "Plan Width": 59, "Actual Startup Time": 72233.569, "Actual Total Time": 80379.219, "Actual Rows": 84, "Actual Loops": 1, "Inner Unique": true, "Plans": [{"Node Type": "Nested Loop", "Parent Relationship": "Outer", "Join Type": "Inner", "Startup Cost": 1000324315313.03, "Total Cost": 1000324625792.4, "Plan Rows": 33034, "Plan Width": 40, "Actual Startup Time": 72233.51, "Actual Total Time": 80376.925, "Actual Rows": 84, "Actual Loops": 1, "Inner Unique": true, "Plans": [{"Node Type": "Aggregate", "Strategy": "Hashed", "Parent Relationship": "Outer", "Startup Cost": 1000324315309.67, "Total Cost": 1000324381460.28, "Plan Rows": 33034, "Plan Width": 24, "Actual Startup Time": 72233.393, "Actual Total Time": 80354.823, "Actual Rows": 84, "Actual Loops": 1, "Group By Key": ["public.lineitem.l_orderkey"], "Filter": "(sum(public.lineitem.l_quantity) > 314::double precision), (LLVM Optimized, Jit Execute)", "Rows Removed by Filter": 14999916, "Plans": [{"Node Type": "Index Scan", "Parent Relationship": "Outer", "Scan Direction": "Forward", "Index Name": "idx_lineitem_orderkey", "Relation Name": "lineitem", "Alias": "lineitem", "Startup Cost": 10000000000.0, "Total Cost": 1000324015374.5, "Plan Rows": 59987033, "Plan Width": 16, "Actual Startup Time": 0.063, "Actual Total Time": 42277.738, "Actual Rows": 59986052, "Actual Loops": 1}]}, {"Node Type": "Bitmap Heap Scan", "Parent Relationship": "Inner", "Relation Name": "orders", "Alias": "orders", "Startup Cost": 3.36, "Total Cost": 7.38, "Plan Rows": 1, "Plan Width": 32, "Actual Startup Time": 3.479, "Actual Total Time": 3.479, "Actual Rows": 84, "Actual Loops": 84, "Recheck Cond": "(o_orderkey = public.lineitem.l_orderkey)", "Rows Removed by Index Recheck": 0, "Exact Heap Blocks": 84, "Lossy Heap Blocks": 84, "Plans": [{"Node Type": "Bitmap Index Scan", "Parent Relationship": "Outer", "Index Name": "orders_pkey", "Startup Cost": 0.0, "Total Cost": 3.36, "Plan Rows": 1, "Plan Width": 0, "Actual Startup Time": 2.316, "Actual Total Time": 2.316, "Actual Rows": 84, "Actual Loops": 84, "Index Cond": "(o_orderkey = public.lineitem.l_orderkey)"}]}]}, {"Node Type": "Bitmap Heap Scan", "Parent Relationship": "Inner", "Relation Name": "customer", "Alias": "customer", "Startup Cost": 0.26, "Total Cost": 4.27, "Plan Rows": 1, "Plan Width": 27, "Actual Startup Time": 1.615, "Actual Total Time": 1.615, "Actual Rows": 84, "Actual Loops": 84, "Recheck Cond": "(c_custkey = orders.o_custkey)", "Rows Removed by Index Recheck": 0, "Exact Heap Blocks": 84, "Lossy Heap Blocks": 84, "Plans": [{"Node Type": "Bitmap Index Scan", "Parent Relationship": "Outer", "Index Name": "customer_pkey", "Startup Cost": 0.0, "Total Cost": 0.26, "Plan Rows": 1, "Plan Width": 0, "Actual Startup Time": 0.975, "Actual Total Time": 0.975, "Actual Rows": 84, "Actual Loops": 84, "Index Cond": "(c_custkey = orders.o_custkey)"}]}]}, {"Node Type": "Bitmap Heap Scan", "Parent Relationship": "Inner", "Relation Name": "lineitem", "Alias": "lineitem", "Startup Cost": 0.38, "Total Cost": 4.49, "Plan Rows": 9, "Plan Width": 16, "Actual Startup Time": 2.193, "Actual Total Time": 2.369, "Actual Rows": 588, "Actual Loops": 84, "Recheck Cond": "(l_orderkey = orders.o_orderkey)", "Rows Removed by Index Recheck": 0, "Exact Heap Blocks": 96, "Lossy Heap Blocks": 96, "Plans": [{"Node Type": "Bitmap Index Scan", "Parent Relationship": "Outer", "Index Name": "idx_lineitem_orderkey", "Startup Cost": 0.0, "Total Cost": 0.38, "Plan Rows": 9, "Plan Width": 0, "Actual Startup Time": 1.36, "Actual Total Time": 1.36, "Actual Rows": 588, "Actual Loops": 84, "Index Cond": "(l_orderkey = orders.o_orderkey)"}]}]}]}]}]}, "Triggers": [], "Planner Runtime": 2.016, "Total Runtime": 80394.686, "Unique SQL Id": 1915754155}}, "(16, '40')": {"explain_plan": {"Plan": {"Node Type": "Limit", "Startup Cost": 2649029.8, "Total Cost": 2649030.05, "Plan Rows": 100, "Plan Width": 67, "Plans": [{"Node Type": "Sort", "Parent Relationship": "Outer", "Startup Cost": 2649029.8, "Total Cost": 2649345.6, "Plan Rows": 100, "Plan Width": 67, "Sort Key": ["orders.o_totalprice DESC", "orders.o_orderdate"], "Plans": [{"Node Type": "Aggregate", "Strategy": "Hashed", "Parent Relationship": "Outer", "Startup Cost": 2642938.69, "Total Cost": 2644201.9, "Plan Rows": 126321, "Plan Width": 67, "Group By Key": ["orders.o_totalprice", "orders.o_orderdate", "customer.c_name", "customer.c_custkey", "orders.o_orderkey"], "Plans": [{"Node Type": "Nested Loop", "Parent Relationship": "Outer", "Join Type": "Inner", "Startup Cost": 2315050.5, "Total Cost": 2641043.88, "Plan Rows": 126321, "Plan Width": 59, "Inner Unique": false, "Plans": [{"Node Type": "Nested Loop", "Parent Relationship": "Outer", "Join Type": "Inner", "Startup Cost": 2315050.5, "Total Cost": 2627700.1, "Plan Rows": 13913, "Plan Width": 59, "Inner Unique": true, "Plans": [{"Node Type": "Nested Loop", "Parent Relationship": "Outer", "Join Type": "Inner", "Startup Cost": 2315050.5, "Total Cost": 2618076.97, "Plan Rows": 33034, "Plan Width": 40, "Inner Unique": true, "Plans": [{"Node Type": "Aggregate", "Strategy": "Hashed", "Parent Relationship": "Outer", "Startup Cost": 2315050.5, "Total Cost": 2381201.11, "Plan Rows": 33034, "Plan Width": 24, "Group By Key": ["public.lineitem.l_orderkey"], "Filter": "(sum(public.lineitem.l_quantity) > 314::double precision), (LLVM Optimized)", "Plans": [{"Node Type": "Seq Scan", "Parent Relationship": "Outer", "Relation Name": "lineitem", "Alias": "lineitem", "Startup Cost": 0.0, "Total Cost": 2015115.33, "Plan Rows": 59987033, "Plan Width": 16}]}, {"Node Type": "Index Scan", "Parent Relationship": "Inner", "Scan Direction": "Forward", "Index Name": "orders_pkey", "Relation Name": "orders", "Alias": "orders", "Startup Cost": 0.0, "Total Cost": 7.15, "Plan Rows": 1, "Plan Width": 32, "Index Cond": "(o_orderkey = public.lineitem.l_orderkey)"}]}, {"Node Type": "Index Scan", "Parent Relationship": "Inner", "Scan Direction": "Forward", "Index Name": "customer_pkey", "Relation Name": "customer", "Alias": "customer", "Startup Cost": 0.0, "Total Cost": 0.28, "Plan Rows": 1, "Plan Width": 27, "Index Cond": "(c_custkey = orders.o_custkey)"}]}, {"Node Type": "Index Scan", "Parent Relationship": "Inner", "Scan Direction": "Forward", "Index Name": "idx_lineitem_orderkey", "Relation Name": "lineitem", "Alias": "lineitem", "Startup Cost": 0.0, "Total Cost": 0.87, "Plan Rows": 9, "Plan Width": 16, "Index Cond": "(l_orderkey = orders.o_orderkey)"}]}]}]}]}, "Unique SQL Id": 1915754155, "Planner Runtime": 1}, "explain_analyze_plan": {"Plan": {"Node Type": "Limit", "Startup Cost": 2649029.8, "Total Cost": 2649030.05, "Plan Rows": 100, "Plan Width": 67, "Actual Startup Time": 53367.336, "Actual Total Time": 53367.355, "Actual Rows": 84, "Actual Loops": 1, "Plans": [{"Node Type": "Sort", "Parent Relationship": "Outer", "Startup Cost": 2649029.8, "Total Cost": 2649345.6, "Plan Rows": 100, "Plan Width": 67, "Actual Startup Time": 53367.333, "Actual Total Time": 53367.342, "Actual Rows": 84, "Actual Loops": 1, "Sort Key": ["orders.o_totalprice DESC", "orders.o_orderdate"], "Sort Method": "quicksort", "Sort Space Used": 38, "Sort Space Type": "Memory", "Plans": [{"Node Type": "Aggregate", "Strategy": "Hashed", "Parent Relationship": "Outer", "Startup Cost": 2642938.69, "Total Cost": 2644201.9, "Plan Rows": 126321, "Plan Width": 67, "Actual Startup Time": 53366.678, "Actual Total Time": 53367.237, "Actual Rows": 84, "Actual Loops": 1, "Group By Key": ["orders.o_totalprice", "orders.o_orderdate", "customer.c_name", "customer.c_custkey", "orders.o_orderkey"], "Plans": [{"Node Type": "Nested Loop", "Parent Relationship": "Outer", "Join Type": "Inner", "Startup Cost": 2315050.5, "Total Cost": 2641043.88, "Plan Rows": 126321, "Plan Width": 59, "Actual Startup Time": 47583.176, "Actual Total Time": 53364.795, "Actual Rows": 588, "Actual Loops": 1, "Inner Unique": false, "Plans": [{"Node Type": "Nested Loop", "Parent Relationship": "Outer", "Join Type": "Inner", "Startup Cost": 2315050.5, "Total Cost": 2627700.1, "Plan Rows": 13913, "Plan Width": 59, "Actual Startup Time": 47583.15, "Actual Total Time": 53362.449, "Actual Rows": 84, "Actual Loops": 1, "Inner Unique": true, "Plans": [{"Node Type": "Nested Loop", "Parent Relationship": "Outer", "Join Type": "Inner", "Startup Cost": 2315050.5, "Total Cost": 2618076.97, "Plan Rows": 33034, "Plan Width": 40, "Actual Startup Time": 47583.13, "Actual Total Time": 53361.021, "Actual Rows": 84, "Actual Loops": 1, "Inner Unique": true, "Plans": [{"Node Type": "Aggregate", "Strategy": "Hashed", "Parent Relationship": "Outer", "Startup Cost": 2315050.5, "Total Cost": 2381201.11, "Plan Rows": 33034, "Plan Width": 24, "Actual Startup Time": 47583.052, "Actual Total Time": 53340.03, "Actual Rows": 84, "Actual Loops": 1, "Group By Key": ["public.lineitem.l_orderkey"], "Filter": "(sum(public.lineitem.l_quantity) > 314::double precision), (LLVM Optimized, Jit Execute)", "Rows Removed by Filter": 14999916, "Plans": [{"Node Type": "Seq Scan", "Parent Relationship": "Outer", "Relation Name": "lineitem", "Alias": "lineitem", "Startup Cost": 0.0, "Total Cost": 2015115.33, "Plan Rows": 59987033, "Plan Width": 16, "Actual Startup Time": 0.044, "Actual Total Time": 20352.533, "Actual Rows": 59986052, "Actual Loops": 1}]}, {"Node Type": "Index Scan", "Parent Relationship": "Inner", "Scan Direction": "Forward", "Index Name": "orders_pkey", "Relation Name": "orders", "Alias": "orders", "Startup Cost": 0.0, "Total Cost": 7.15, "Plan Rows": 1, "Plan Width": 32, "Actual Startup Time": 2.902, "Actual Total Time": 2.902, "Actual Rows": 84, "Actual Loops": 84, "Index Cond": "(o_orderkey = public.lineitem.l_orderkey)", "Rows Removed by Index Recheck": 0}]}, {"Node Type": "Index Scan", "Parent Relationship": "Inner", "Scan Direction": "Forward", "Index Name": "customer_pkey", "Relation Name": "customer", "Alias": "customer", "Startup Cost": 0.0, "Total Cost": 0.28, "Plan Rows": 1, "Plan Width": 27, "Actual Startup Time": 1.048, "Actual Total Time": 1.048, "Actual Rows": 84, "Actual Loops": 84, "Index Cond": "(c_custkey = orders.o_custkey)", "Rows Removed by Index Recheck": 0}]}, {"Node Type": "Index Scan", "Parent Relationship": "Inner", "Scan Direction": "Forward", "Index Name": "idx_lineitem_orderkey", "Relation Name": "lineitem", "Alias": "lineitem", "Startup Cost": 0.0, "Total Cost": 0.87, "Plan Rows": 9, "Plan Width": 16, "Actual Startup Time": 1.401, "Actual Total Time": 1.898, "Actual Rows": 588, "Actual Loops": 84, "Index Cond": "(l_orderkey = orders.o_orderkey)", "Rows Removed by Index Recheck": 0}]}]}]}]}, "Triggers": [], "Planner Runtime": 2.116, "Total Runtime": 53376.681, "Unique SQL Id": 1915754155}}, "(16, '41')": {"explain_plan": {"Plan": {"Node Type": "Limit", "Startup Cost": 3874068.21, "Total Cost": 3874068.46, "Plan Rows": 100, "Plan Width": 67, "Plans": [{"Node Type": "Sort", "Parent Relationship": "Outer", "Startup Cost": 3874068.21, "Total Cost": 3874384.02, "Plan Rows": 100, "Plan Width": 67, "Sort Key": ["orders.o_totalprice DESC", "orders.o_orderdate"], "Plans": [{"Node Type": "Aggregate", "Strategy": "Hashed", "Parent Relationship": "Outer", "Startup Cost": 3867977.11, "Total Cost": 3869240.32, "Plan Rows": 126321, "Plan Width": 67, "Group By Key": ["orders.o_totalprice", "orders.o_orderdate", "customer.c_name", "customer.c_custkey", "orders.o_orderkey"], "Plans": [{"Node Type": "Nested Loop", "Parent Relationship": "Outer", "Join Type": "Inner", "Startup Cost": 3540088.91, "Total Cost": 3866082.29, "Plan Rows": 126321, "Plan Width": 59, "Inner Unique": false, "Plans": [{"Node Type": "Nested Loop", "Parent Relationship": "Outer", "Join Type": "Inner", "Startup Cost": 3540088.91, "Total Cost": 3852738.51, "Plan Rows": 13913, "Plan Width": 59, "Inner Unique": true, "Plans": [{"Node Type": "Nested Loop", "Parent Relationship": "Outer", "Join Type": "Inner", "Startup Cost": 3540088.91, "Total Cost": 3843115.38, "Plan Rows": 33034, "Plan Width": 40, "Inner Unique": true, "Plans": [{"Node Type": "Aggregate", "Strategy": "Hashed", "Parent Relationship": "Outer", "Startup Cost": 3540088.91, "Total Cost": 3606239.52, "Plan Rows": 33034, "Plan Width": 24, "Group By Key": ["public.lineitem.l_orderkey"], "Filter": "(sum(public.lineitem.l_quantity) > 314::double precision), (LLVM Optimized)", "Plans": [{"Node Type": "Index Scan", "Parent Relationship": "Outer", "Scan Direction": "Forward", "Index Name": "idx_lineitem_orderkey", "Relation Name": "lineitem", "Alias": "lineitem", "Startup Cost": 0.0, "Total Cost": 3240153.75, "Plan Rows": 59987033, "Plan Width": 16}]}, {"Node Type": "Index Scan", "Parent Relationship": "Inner", "Scan Direction": "Forward", "Index Name": "orders_pkey", "Relation Name": "orders", "Alias": "orders", "Startup Cost": 0.0, "Total Cost": 7.15, "Plan Rows": 1, "Plan Width": 32, "Index Cond": "(o_orderkey = public.lineitem.l_orderkey)"}]}, {"Node Type": "Index Scan", "Parent Relationship": "Inner", "Scan Direction": "Forward", "Index Name": "customer_pkey", "Relation Name": "customer", "Alias": "customer", "Startup Cost": 0.0, "Total Cost": 0.28, "Plan Rows": 1, "Plan Width": 27, "Index Cond": "(c_custkey = orders.o_custkey)"}]}, {"Node Type": "Index Scan", "Parent Relationship": "Inner", "Scan Direction": "Forward", "Index Name": "idx_lineitem_orderkey", "Relation Name": "lineitem", "Alias": "lineitem", "Startup Cost": 0.0, "Total Cost": 0.87, "Plan Rows": 9, "Plan Width": 16, "Index Cond": "(l_orderkey = orders.o_orderkey)"}]}]}]}]}, "Unique SQL Id": 1915754155, "Planner Runtime": 1}, "explain_analyze_plan": {"Plan": {"Node Type": "Limit", "Startup Cost": 3874068.21, "Total Cost": 3874068.46, "Plan Rows": 100, "Plan Width": 67, "Actual Startup Time": 80046.048, "Actual Total Time": 80046.063, "Actual Rows": 84, "Actual Loops": 1, "Plans": [{"Node Type": "Sort", "Parent Relationship": "Outer", "Startup Cost": 3874068.21, "Total Cost": 3874384.02, "Plan Rows": 100, "Plan Width": 67, "Actual Startup Time": 80046.046, "Actual Total Time": 80046.051, "Actual Rows": 84, "Actual Loops": 1, "Sort Key": ["orders.o_totalprice DESC", "orders.o_orderdate"], "Sort Method": "quicksort", "Sort Space Used": 38, "Sort Space Type": "Memory", "Plans": [{"Node Type": "Aggregate", "Strategy": "Hashed", "Parent Relationship": "Outer", "Startup Cost": 3867977.11, "Total Cost": 3869240.32, "Plan Rows": 126321, "Plan Width": 67, "Actual Startup Time": 80045.618, "Actual Total Time": 80045.952, "Actual Rows": 84, "Actual Loops": 1, "Group By Key": ["orders.o_totalprice", "orders.o_orderdate", "customer.c_name", "customer.c_custkey", "orders.o_orderkey"], "Plans": [{"Node Type": "Nested Loop", "Parent Relationship": "Outer", "Join Type": "Inner", "Startup Cost": 3540088.91, "Total Cost": 3866082.29, "Plan Rows": 126321, "Plan Width": 59, "Actual Startup Time": 71660.31, "Actual Total Time": 80043.737, "Actual Rows": 588, "Actual Loops": 1, "Inner Unique": false, "Plans": [{"Node Type": "Nested Loop", "Parent Relationship": "Outer", "Join Type": "Inner", "Startup Cost": 3540088.91, "Total Cost": 3852738.51, "Plan Rows": 13913, "Plan Width": 59, "Actual Startup Time": 71660.278, "Actual Total Time": 80041.063, "Actual Rows": 84, "Actual Loops": 1, "Inner Unique": true, "Plans": [{"Node Type": "Nested Loop", "Parent Relationship": "Outer", "Join Type": "Inner", "Startup Cost": 3540088.91, "Total Cost": 3843115.38, "Plan Rows": 33034, "Plan Width": 40, "Actual Startup Time": 71660.251, "Actual Total Time": 80039.183, "Actual Rows": 84, "Actual Loops": 1, "Inner Unique": true, "Plans": [{"Node Type": "Aggregate", "Strategy": "Hashed", "Parent Relationship": "Outer", "Startup Cost": 3540088.91, "Total Cost": 3606239.52, "Plan Rows": 33034, "Plan Width": 24, "Actual Startup Time": 71660.193, "Actual Total Time": 80016.864, "Actual Rows": 84, "Actual Loops": 1, "Group By Key": ["public.lineitem.l_orderkey"], "Filter": "(sum(public.lineitem.l_quantity) > 314::double precision), (LLVM Optimized, Jit Execute)", "Rows Removed by Filter": 14999916, "Plans": [{"Node Type": "Index Scan", "Parent Relationship": "Outer", "Scan Direction": "Forward", "Index Name": "idx_lineitem_orderkey", "Relation Name": "lineitem", "Alias": "lineitem", "Startup Cost": 0.0, "Total Cost": 3240153.75, "Plan Rows": 59987033, "Plan Width": 16, "Actual Startup Time": 0.058, "Actual Total Time": 41400.691, "Actual Rows": 59986052, "Actual Loops": 1}]}, {"Node Type": "Index Scan", "Parent Relationship": "Inner", "Scan Direction": "Forward", "Index Name": "orders_pkey", "Relation Name": "orders", "Alias": "orders", "Startup Cost": 0.0, "Total Cost": 7.15, "Plan Rows": 1, "Plan Width": 32, "Actual Startup Time": 2.944, "Actual Total Time": 2.944, "Actual Rows": 84, "Actual Loops": 84, "Index Cond": "(o_orderkey = public.lineitem.l_orderkey)", "Rows Removed by Index Recheck": 0}]}, {"Node Type": "Index Scan", "Parent Relationship": "Inner", "Scan Direction": "Forward", "Index Name": "customer_pkey", "Relation Name": "customer", "Alias": "customer", "Startup Cost": 0.0, "Total Cost": 0.28, "Plan Rows": 1, "Plan Width": 27, "Actual Startup Time": 1.358, "Actual Total Time": 1.358, "Actual Rows": 84, "Actual Loops": 84, "Index Cond": "(c_custkey = orders.o_custkey)", "Rows Removed by Index Recheck": 0}]}, {"Node Type": "Index Scan", "Parent Relationship": "Inner", "Scan Direction": "Forward", "Index Name": "idx_lineitem_orderkey", "Relation Name": "lineitem", "Alias": "lineitem", "Startup Cost": 0.0, "Total Cost": 0.87, "Plan Rows": 9, "Plan Width": 16, "Actual Startup Time": 1.639, "Actual Total Time": 2.066, "Actual Rows": 588, "Actual Loops": 84, "Index Cond": "(l_orderkey = orders.o_orderkey)", "Rows Removed by Index Recheck": 0}]}]}]}]}, "Triggers": [], "Planner Runtime": 2.569, "Total Runtime": 80056.92, "Unique SQL Id": 1915754155}}, "(16, '42')": {"explain_plan": {"Plan": {"Node Type": "Limit", "Startup Cost": 5166300.38, "Total Cost": 5166300.63, "Plan Rows": 100, "Plan Width": 67, "Plans": [{"Node Type": "Sort", "Parent Relationship": "Outer", "Startup Cost": 5166300.38, "Total Cost": 5166616.18, "Plan Rows": 100, "Plan Width": 67, "Sort Key": ["orders.o_totalprice DESC", "orders.o_orderdate"], "Plans": [{"Node Type": "Aggregate", "Strategy": "Hashed", "Parent Relationship": "Outer", "Startup Cost": 5160209.27, "Total Cost": 5161472.48, "Plan Rows": 126321, "Plan Width": 67, "Group By Key": ["orders.o_totalprice", "orders.o_orderdate", "customer.c_name", "customer.c_custkey", "orders.o_orderkey"], "Plans": [{"Node Type": "Hash Join", "Parent Relationship": "Outer", "Join Type": "Inner", "Startup Cost": 2917691.33, "Total Cost": 5158314.46, "Plan Rows": 126321, "Plan Width": 59, "Inner Unique": false, "Hash Cond": "(public.lineitem.l_orderkey = orders.o_orderkey), (LLVM Optimized)", "Plans": [{"Node Type": "Seq Scan", "Parent Relationship": "Outer", "Relation Name": "lineitem", "Alias": "lineitem", "Startup Cost": 0.0, "Total Cost": 2015115.33, "Plan Rows": 59987033, "Plan Width": 16}, {"Node Type": "Hash", "Parent Relationship": "Inner", "Startup Cost": 2917517.42, "Total Cost": 2917517.42, "Plan Rows": 13913, "Plan Width": 59, "Plans": [{"Node Type": "Hash Join", "Parent Relationship": "Outer", "Join Type": "Inner", "Startup Cost": 2452820.37, "Total Cost": 2917517.42, "Plan Rows": 13913, "Plan Width": 59, "Inner Unique": true, "Hash Cond": "(orders.o_custkey = customer.c_custkey)", "Plans": [{"Node Type": "Hash Join", "Parent Relationship": "Outer", "Join Type": "Inner", "Startup Cost": 2381944.37, "Total Cost": 2846187.2, "Plan Rows": 33034, "Plan Width": 40, "Inner Unique": true, "Hash Cond": "(orders.o_orderkey = public.lineitem.l_orderkey)", "Plans": [{"Node Type": "Seq Scan", "Parent Relationship": "Outer", "Relation Name": "orders", "Alias": "orders", "Startup Cost": 0.0, "Total Cost": 426413.79, "Plan Rows": 14999479, "Plan Width": 32}, {"Node Type": "Hash", "Parent Relationship": "Inner", "Startup Cost": 2381531.45, "Total Cost": 2381531.45, "Plan Rows": 33034, "Plan Width": 8, "Plans": [{"Node Type": "Aggregate", "Strategy": "Hashed", "Parent Relationship": "Outer", "Startup Cost": 2315050.5, "Total Cost": 2381201.11, "Plan Rows": 33034, "Plan Width": 24, "Group By Key": ["public.lineitem.l_orderkey"], "Filter": "(sum(public.lineitem.l_quantity) > 314::double precision), (LLVM Optimized)", "Plans": [{"Node Type": "Seq Scan", "Parent Relationship": "Outer", "Relation Name": "lineitem", "Alias": "lineitem", "Startup Cost": 0.0, "Total Cost": 2015115.33, "Plan Rows": 59987033, "Plan Width": 16}]}]}]}, {"Node Type": "Hash", "Parent Relationship": "Inner", "Startup Cost": 52126.0, "Total Cost": 52126.0, "Plan Rows": 1500000, "Plan Width": 27, "Plans": [{"Node Type": "Seq Scan", "Parent Relationship": "Outer", "Relation Name": "customer", "Alias": "customer", "Startup Cost": 0.0, "Total Cost": 52126.0, "Plan Rows": 1500000, "Plan Width": 27}]}]}]}]}]}]}]}, "Unique SQL Id": 1915754155, "Planner Runtime": 1}, "explain_analyze_plan": {"Plan": {"Node Type": "Limit", "Startup Cost": 5166300.38, "Total Cost": 5166300.63, "Plan Rows": 100, "Plan Width": 67, "Actual Startup Time": 92717.725, "Actual Total Time": 92717.74, "Actual Rows": 84, "Actual Loops": 1, "Plans": [{"Node Type": "Sort", "Parent Relationship": "Outer", "Startup Cost": 5166300.38, "Total Cost": 5166616.18, "Plan Rows": 100, "Plan Width": 67, "Actual Startup Time": 92717.723, "Actual Total Time": 92717.732, "Actual Rows": 84, "Actual Loops": 1, "Sort Key": ["orders.o_totalprice DESC", "orders.o_orderdate"], "Sort Method": "quicksort", "Sort Space Used": 38, "Sort Space Type": "Memory", "Plans": [{"Node Type": "Aggregate", "Strategy": "Hashed", "Parent Relationship": "Outer", "Startup Cost": 5160209.27, "Total Cost": 5161472.48, "Plan Rows": 126321, "Plan Width": 67, "Actual Startup Time": 92717.281, "Actual Total Time": 92717.615, "Actual Rows": 84, "Actual Loops": 1, "Group By Key": ["orders.o_totalprice", "orders.o_orderdate", "customer.c_name", "customer.c_custkey", "orders.o_orderkey"], "Plans": [{"Node Type": "Hash Join", "Parent Relationship": "Outer", "Join Type": "Inner", "Startup Cost": 2917691.33, "Total Cost": 5158314.46, "Plan Rows": 126321, "Plan Width": 59, "Actual Startup Time": 65406.334, "Actual Total Time": 92713.632, "Actual Rows": 588, "Actual Loops": 1, "Inner Unique": false, "Hash Cond": "(public.lineitem.l_orderkey = orders.o_orderkey), (LLVM Optimized, Jit Execute)", "Plans": [{"Node Type": "Seq Scan", "Parent Relationship": "Outer", "Relation Name": "lineitem", "Alias": "lineitem", "Startup Cost": 0.0, "Total Cost": 2015115.33, "Plan Rows": 59987033, "Plan Width": 16, "Actual Startup Time": 0.014, "Actual Total Time": 16815.371, "Actual Rows": 59986052, "Actual Loops": 1}, {"Node Type": "Hash", "Parent Relationship": "Inner", "Startup Cost": 2917517.42, "Total Cost": 2917517.42, "Plan Rows": 13913, "Plan Width": 59, "Actual Startup Time": 64799.879, "Actual Total Time": 64799.879, "Actual Rows": 84, "Actual Loops": 1, "Hash Buckets": 32768, "Hash Batches": 1, "Original Hash Batches": 1, "Peak Memory Usage": 8, "Plans": [{"Node Type": "Hash Join", "Parent Relationship": "Outer", "Join Type": "Inner", "Startup Cost": 2452820.37, "Total Cost": 2917517.42, "Plan Rows": 13913, "Plan Width": 59, "Actual Startup Time": 57763.523, "Actual Total Time": 64799.467, "Actual Rows": 84, "Actual Loops": 1, "Inner Unique": true, "Hash Cond": "(orders.o_custkey = customer.c_custkey)", "Plans": [{"Node Type": "Hash Join", "Parent Relationship": "Outer", "Join Type": "Inner", "Startup Cost": 2381944.37, "Total Cost": 2846187.2, "Plan Rows": 33034, "Plan Width": 40, "Actual Startup Time": 56634.242, "Actual Total Time": 63668.509, "Actual Rows": 84, "Actual Loops": 1, "Inner Unique": true, "Hash Cond": "(orders.o_orderkey = public.lineitem.l_orderkey)", "Plans": [{"Node Type": "Seq Scan", "Parent Relationship": "Outer", "Relation Name": "orders", "Alias": "orders", "Startup Cost": 0.0, "Total Cost": 426413.79, "Plan Rows": 14999479, "Plan Width": 32, "Actual Startup Time": 0.037, "Actual Total Time": 4114.338, "Actual Rows": 15000000, "Actual Loops": 1}, {"Node Type": "Hash", "Parent Relationship": "Inner", "Startup Cost": 2381531.45, "Total Cost": 2381531.45, "Plan Rows": 33034, "Plan Width": 8, "Actual Startup Time": 56468.65, "Actual Total Time": 56468.65, "Actual Rows": 84, "Actual Loops": 1, "Hash Buckets": 65536, "Hash Batches": 1, "Original Hash Batches": 1, "Peak Memory Usage": 4, "Plans": [{"Node Type": "Aggregate", "Strategy": "Hashed", "Parent Relationship": "Outer", "Startup Cost": 2315050.5, "Total Cost": 2381201.11, "Plan Rows": 33034, "Plan Width": 24, "Actual Startup Time": 49085.307, "Actual Total Time": 56468.144, "Actual Rows": 84, "Actual Loops": 1, "Group By Key": ["public.lineitem.l_orderkey"], "Filter": "(sum(public.lineitem.l_quantity) > 314::double precision), (LLVM Optimized, Jit Execute)", "Rows Removed by Filter": 14999916, "Plans": [{"Node Type": "Seq Scan", "Parent Relationship": "Outer", "Relation Name": "lineitem", "Alias": "lineitem", "Startup Cost": 0.0, "Total Cost": 2015115.33, "Plan Rows": 59987033, "Plan Width": 16, "Actual Startup Time": 0.052, "Actual Total Time": 20383.299, "Actual Rows": 59986052, "Actual Loops": 1}]}]}]}, {"Node Type": "Hash", "Parent Relationship": "Inner", "Startup Cost": 52126.0, "Total Cost": 52126.0, "Plan Rows": 1500000, "Plan Width": 27, "Actual Startup Time": 1127.687, "Actual Total Time": 1127.687, "Actual Rows": 1500000, "Actual Loops": 1, "Hash Buckets": 2097152, "Hash Batches": 1, "Original Hash Batches": 1, "Peak Memory Usage": 93750, "Plans": [{"Node Type": "Seq Scan", "Parent Relationship": "Outer", "Relation Name": "customer", "Alias": "customer", "Startup Cost": 0.0, "Total Cost": 52126.0, "Plan Rows": 1500000, "Plan Width": 27, "Actual Startup Time": 0.017, "Actual Total Time": 539.952, "Actual Rows": 1500000, "Actual Loops": 1}]}]}]}]}]}]}]}, "Triggers": [], "Planner Runtime": 2.006, "Total Runtime": 92727.428, "Unique SQL Id": 1915754155}}, "(16, '43')": {"explain_plan": {"Plan": {"Node Type": "Limit", "Startup Cost": 4021424234088.76, "Total Cost": 4021424234089.01, "Plan Rows": 100, "Plan Width": 67, "Plans": [{"Node Type": "Sort", "Parent Relationship": "Outer", "Startup Cost": 4021424234088.76, "Total Cost": 4021424234404.56, "Plan Rows": 100, "Plan Width": 67, "Sort Key": ["orders.o_totalprice DESC", "orders.o_orderdate"], "Plans": [{"Node Type": "Aggregate", "Strategy": "Hashed", "Parent Relationship": "Outer", "Startup Cost": 4021424227997.65, "Total Cost": 4021424229260.86, "Plan Rows": 126321, "Plan Width": 67, "Group By Key": ["orders.o_totalprice", "orders.o_orderdate", "customer.c_name", "customer.c_custkey", "orders.o_orderkey"], "Plans": [{"Node Type": "Nested Loop", "Parent Relationship": "Outer", "Join Type": "Inner", "Startup Cost": 1030324315309.67, "Total Cost": 4021424226102.83, "Plan Rows": 126321, "Plan Width": 59, "Inner Unique": false, "Join Filter": "(orders.o_orderkey = public.lineitem.l_orderkey), (LLVM Optimized)", "Plans": [{"Node Type": "Index Scan", "Parent Relationship": "Outer", "Scan Direction": "Forward", "Index Name": "idx_lineitem_orderkey", "Relation Name": "lineitem", "Alias": "lineitem", "Startup Cost": 10000000000.0, "Total Cost": 1000324015374.5, "Plan Rows": 59987033, "Plan Width": 16}, {"Node Type": "Materialize", "Parent Relationship": "Inner", "Startup Cost": 1020324315309.67, "Total Cost": 3008581216911.18, "Plan Rows": 13913, "Plan Width": 59, "Plans": [{"Node Type": "Nested Loop", "Parent Relationship": "Outer", "Join Type": "Inner", "Startup Cost": 1020324315309.67, "Total Cost": 3008581216841.62, "Plan Rows": 13913, "Plan Width": 59, "Inner Unique": true, "Join Filter": "(orders.o_custkey = customer.c_custkey)", "Plans": [{"Node Type": "Nested Loop", "Parent Relationship": "Outer", "Join Type": "Semi", "Startup Cost": 1010324315309.67, "Total Cost": 2007829871556.0, "Plan Rows": 33034, "Plan Width": 40, "Inner Unique": false, "Join Filter": "(orders.o_orderkey = public.lineitem.l_orderkey)", "Plans": [{"Node Type": "Index Scan", "Parent Relationship": "Outer", "Scan Direction": "Forward", "Index Name": "orders_pkey", "Relation Name": "orders", "Alias": "orders", "Startup Cost": 10000000000.0, "Total Cost": 1000073097843.5, "Plan Rows": 14999479, "Plan Width": 32}, {"Node Type": "Materialize", "Parent Relationship": "Inner", "Startup Cost": 1000324315309.67, "Total Cost": 1000324381955.79, "Plan Rows": 33034, "Plan Width": 8, "Plans": [{"Node Type": "Aggregate", "Strategy": "Hashed", "Parent Relationship": "Outer", "Startup Cost": 1000324315309.67, "Total Cost": 1000324381460.28, "Plan Rows": 33034, "Plan Width": 24, "Group By Key": ["public.lineitem.l_orderkey"], "Filter": "(sum(public.lineitem.l_quantity) > 314::double precision), (LLVM Optimized)", "Plans": [{"Node Type": "Index Scan", "Parent Relationship": "Outer", "Scan Direction": "Forward", "Index Name": "idx_lineitem_orderkey", "Relation Name": "lineitem", "Alias": "lineitem", "Startup Cost": 10000000000.0, "Total Cost": 1000324015374.5, "Plan Rows": 59987033, "Plan Width": 16}]}]}]}, {"Node Type": "Materialize", "Parent Relationship": "Inner", "Startup Cost": 10000000000.0, "Total Cost": 1000008084035.62, "Plan Rows": 1500000, "Plan Width": 27, "Plans": [{"Node Type": "Index Scan", "Parent Relationship": "Outer", "Scan Direction": "Forward", "Index Name": "customer_pkey", "Relation Name": "customer", "Alias": "customer", "Startup Cost": 10000000000.0, "Total Cost": 1000008076535.62, "Plan Rows": 1500000, "Plan Width": 27}]}]}]}]}]}]}]}, "Unique SQL Id": 1915754155, "Planner Runtime": 1}, "explain_analyze_plan": null}, "(16, '44')": {"explain_plan": {"Plan": {"Node Type": "Limit", "Startup Cost": 2649029.8, "Total Cost": 2649030.05, "Plan Rows": 100, "Plan Width": 67, "Plans": [{"Node Type": "Sort", "Parent Relationship": "Outer", "Startup Cost": 2649029.8, "Total Cost": 2649345.6, "Plan Rows": 100, "Plan Width": 67, "Sort Key": ["orders.o_totalprice DESC", "orders.o_orderdate"], "Plans": [{"Node Type": "Aggregate", "Strategy": "Hashed", "Parent Relationship": "Outer", "Startup Cost": 2642938.69, "Total Cost": 2644201.9, "Plan Rows": 126321, "Plan Width": 67, "Group By Key": ["orders.o_totalprice", "orders.o_orderdate", "customer.c_name", "customer.c_custkey", "orders.o_orderkey"], "Plans": [{"Node Type": "Nested Loop", "Parent Relationship": "Outer", "Join Type": "Inner", "Startup Cost": 2315050.5, "Total Cost": 2641043.88, "Plan Rows": 126321, "Plan Width": 59, "Inner Unique": false, "Plans": [{"Node Type": "Nested Loop", "Parent Relationship": "Outer", "Join Type": "Inner", "Startup Cost": 2315050.5, "Total Cost": 2627700.1, "Plan Rows": 13913, "Plan Width": 59, "Inner Unique": true, "Plans": [{"Node Type": "Nested Loop", "Parent Relationship": "Outer", "Join Type": "Inner", "Startup Cost": 2315050.5, "Total Cost": 2618076.97, "Plan Rows": 33034, "Plan Width": 40, "Inner Unique": true, "Plans": [{"Node Type": "Aggregate", "Strategy": "Hashed", "Parent Relationship": "Outer", "Startup Cost": 2315050.5, "Total Cost": 2381201.11, "Plan Rows": 33034, "Plan Width": 24, "Group By Key": ["public.lineitem.l_orderkey"], "Filter": "(sum(public.lineitem.l_quantity) > 314::double precision), (LLVM Optimized)", "Plans": [{"Node Type": "Seq Scan", "Parent Relationship": "Outer", "Relation Name": "lineitem", "Alias": "lineitem", "Startup Cost": 0.0, "Total Cost": 2015115.33, "Plan Rows": 59987033, "Plan Width": 16}]}, {"Node Type": "Index Scan", "Parent Relationship": "Inner", "Scan Direction": "Forward", "Index Name": "orders_pkey", "Relation Name": "orders", "Alias": "orders", "Startup Cost": 0.0, "Total Cost": 7.15, "Plan Rows": 1, "Plan Width": 32, "Index Cond": "(o_orderkey = public.lineitem.l_orderkey)"}]}, {"Node Type": "Index Scan", "Parent Relationship": "Inner", "Scan Direction": "Forward", "Index Name": "customer_pkey", "Relation Name": "customer", "Alias": "customer", "Startup Cost": 0.0, "Total Cost": 0.28, "Plan Rows": 1, "Plan Width": 27, "Index Cond": "(c_custkey = orders.o_custkey)"}]}, {"Node Type": "Index Scan", "Parent Relationship": "Inner", "Scan Direction": "Forward", "Index Name": "idx_lineitem_orderkey", "Relation Name": "lineitem", "Alias": "lineitem", "Startup Cost": 0.0, "Total Cost": 0.87, "Plan Rows": 9, "Plan Width": 16, "Index Cond": "(l_orderkey = orders.o_orderkey)"}]}]}]}]}, "Unique SQL Id": 1915754155, "Planner Runtime": 1}, "explain_analyze_plan": {"Plan": {"Node Type": "Limit", "Startup Cost": 2649029.8, "Total Cost": 2649030.05, "Plan Rows": 100, "Plan Width": 67, "Actual Startup Time": 53367.336, "Actual Total Time": 53367.355, "Actual Rows": 84, "Actual Loops": 1, "Plans": [{"Node Type": "Sort", "Parent Relationship": "Outer", "Startup Cost": 2649029.8, "Total Cost": 2649345.6, "Plan Rows": 100, "Plan Width": 67, "Actual Startup Time": 53367.333, "Actual Total Time": 53367.342, "Actual Rows": 84, "Actual Loops": 1, "Sort Key": ["orders.o_totalprice DESC", "orders.o_orderdate"], "Sort Method": "quicksort", "Sort Space Used": 38, "Sort Space Type": "Memory", "Plans": [{"Node Type": "Aggregate", "Strategy": "Hashed", "Parent Relationship": "Outer", "Startup Cost": 2642938.69, "Total Cost": 2644201.9, "Plan Rows": 126321, "Plan Width": 67, "Actual Startup Time": 53366.678, "Actual Total Time": 53367.237, "Actual Rows": 84, "Actual Loops": 1, "Group By Key": ["orders.o_totalprice", "orders.o_orderdate", "customer.c_name", "customer.c_custkey", "orders.o_orderkey"], "Plans": [{"Node Type": "Nested Loop", "Parent Relationship": "Outer", "Join Type": "Inner", "Startup Cost": 2315050.5, "Total Cost": 2641043.88, "Plan Rows": 126321, "Plan Width": 59, "Actual Startup Time": 47583.176, "Actual Total Time": 53364.795, "Actual Rows": 588, "Actual Loops": 1, "Inner Unique": false, "Plans": [{"Node Type": "Nested Loop", "Parent Relationship": "Outer", "Join Type": "Inner", "Startup Cost": 2315050.5, "Total Cost": 2627700.1, "Plan Rows": 13913, "Plan Width": 59, "Actual Startup Time": 47583.15, "Actual Total Time": 53362.449, "Actual Rows": 84, "Actual Loops": 1, "Inner Unique": true, "Plans": [{"Node Type": "Nested Loop", "Parent Relationship": "Outer", "Join Type": "Inner", "Startup Cost": 2315050.5, "Total Cost": 2618076.97, "Plan Rows": 33034, "Plan Width": 40, "Actual Startup Time": 47583.13, "Actual Total Time": 53361.021, "Actual Rows": 84, "Actual Loops": 1, "Inner Unique": true, "Plans": [{"Node Type": "Aggregate", "Strategy": "Hashed", "Parent Relationship": "Outer", "Startup Cost": 2315050.5, "Total Cost": 2381201.11, "Plan Rows": 33034, "Plan Width": 24, "Actual Startup Time": 47583.052, "Actual Total Time": 53340.03, "Actual Rows": 84, "Actual Loops": 1, "Group By Key": ["public.lineitem.l_orderkey"], "Filter": "(sum(public.lineitem.l_quantity) > 314::double precision), (LLVM Optimized, Jit Execute)", "Rows Removed by Filter": 14999916, "Plans": [{"Node Type": "Seq Scan", "Parent Relationship": "Outer", "Relation Name": "lineitem", "Alias": "lineitem", "Startup Cost": 0.0, "Total Cost": 2015115.33, "Plan Rows": 59987033, "Plan Width": 16, "Actual Startup Time": 0.044, "Actual Total Time": 20352.533, "Actual Rows": 59986052, "Actual Loops": 1}]}, {"Node Type": "Index Scan", "Parent Relationship": "Inner", "Scan Direction": "Forward", "Index Name": "orders_pkey", "Relation Name": "orders", "Alias": "orders", "Startup Cost": 0.0, "Total Cost": 7.15, "Plan Rows": 1, "Plan Width": 32, "Actual Startup Time": 2.902, "Actual Total Time": 2.902, "Actual Rows": 84, "Actual Loops": 84, "Index Cond": "(o_orderkey = public.lineitem.l_orderkey)", "Rows Removed by Index Recheck": 0}]}, {"Node Type": "Index Scan", "Parent Relationship": "Inner", "Scan Direction": "Forward", "Index Name": "customer_pkey", "Relation Name": "customer", "Alias": "customer", "Startup Cost": 0.0, "Total Cost": 0.28, "Plan Rows": 1, "Plan Width": 27, "Actual Startup Time": 1.048, "Actual Total Time": 1.048, "Actual Rows": 84, "Actual Loops": 84, "Index Cond": "(c_custkey = orders.o_custkey)", "Rows Removed by Index Recheck": 0}]}, {"Node Type": "Index Scan", "Parent Relationship": "Inner", "Scan Direction": "Forward", "Index Name": "idx_lineitem_orderkey", "Relation Name": "lineitem", "Alias": "lineitem", "Startup Cost": 0.0, "Total Cost": 0.87, "Plan Rows": 9, "Plan Width": 16, "Actual Startup Time": 1.401, "Actual Total Time": 1.898, "Actual Rows": 588, "Actual Loops": 84, "Index Cond": "(l_orderkey = orders.o_orderkey)", "Rows Removed by Index Recheck": 0}]}]}]}]}, "Triggers": [], "Planner Runtime": 2.116, "Total Runtime": 53376.681, "Unique SQL Id": 1915754155}}, "(16, '45')": {"explain_plan": {"Plan": {"Node Type": "Limit", "Startup Cost": 3874068.21, "Total Cost": 3874068.46, "Plan Rows": 100, "Plan Width": 67, "Plans": [{"Node Type": "Sort", "Parent Relationship": "Outer", "Startup Cost": 3874068.21, "Total Cost": 3874384.02, "Plan Rows": 100, "Plan Width": 67, "Sort Key": ["orders.o_totalprice DESC", "orders.o_orderdate"], "Plans": [{"Node Type": "Aggregate", "Strategy": "Hashed", "Parent Relationship": "Outer", "Startup Cost": 3867977.11, "Total Cost": 3869240.32, "Plan Rows": 126321, "Plan Width": 67, "Group By Key": ["orders.o_totalprice", "orders.o_orderdate", "customer.c_name", "customer.c_custkey", "orders.o_orderkey"], "Plans": [{"Node Type": "Nested Loop", "Parent Relationship": "Outer", "Join Type": "Inner", "Startup Cost": 3540088.91, "Total Cost": 3866082.29, "Plan Rows": 126321, "Plan Width": 59, "Inner Unique": false, "Plans": [{"Node Type": "Nested Loop", "Parent Relationship": "Outer", "Join Type": "Inner", "Startup Cost": 3540088.91, "Total Cost": 3852738.51, "Plan Rows": 13913, "Plan Width": 59, "Inner Unique": true, "Plans": [{"Node Type": "Nested Loop", "Parent Relationship": "Outer", "Join Type": "Inner", "Startup Cost": 3540088.91, "Total Cost": 3843115.38, "Plan Rows": 33034, "Plan Width": 40, "Inner Unique": true, "Plans": [{"Node Type": "Aggregate", "Strategy": "Hashed", "Parent Relationship": "Outer", "Startup Cost": 3540088.91, "Total Cost": 3606239.52, "Plan Rows": 33034, "Plan Width": 24, "Group By Key": ["public.lineitem.l_orderkey"], "Filter": "(sum(public.lineitem.l_quantity) > 314::double precision), (LLVM Optimized)", "Plans": [{"Node Type": "Index Scan", "Parent Relationship": "Outer", "Scan Direction": "Forward", "Index Name": "idx_lineitem_orderkey", "Relation Name": "lineitem", "Alias": "lineitem", "Startup Cost": 0.0, "Total Cost": 3240153.75, "Plan Rows": 59987033, "Plan Width": 16}]}, {"Node Type": "Index Scan", "Parent Relationship": "Inner", "Scan Direction": "Forward", "Index Name": "orders_pkey", "Relation Name": "orders", "Alias": "orders", "Startup Cost": 0.0, "Total Cost": 7.15, "Plan Rows": 1, "Plan Width": 32, "Index Cond": "(o_orderkey = public.lineitem.l_orderkey)"}]}, {"Node Type": "Index Scan", "Parent Relationship": "Inner", "Scan Direction": "Forward", "Index Name": "customer_pkey", "Relation Name": "customer", "Alias": "customer", "Startup Cost": 0.0, "Total Cost": 0.28, "Plan Rows": 1, "Plan Width": 27, "Index Cond": "(c_custkey = orders.o_custkey)"}]}, {"Node Type": "Index Scan", "Parent Relationship": "Inner", "Scan Direction": "Forward", "Index Name": "idx_lineitem_orderkey", "Relation Name": "lineitem", "Alias": "lineitem", "Startup Cost": 0.0, "Total Cost": 0.87, "Plan Rows": 9, "Plan Width": 16, "Index Cond": "(l_orderkey = orders.o_orderkey)"}]}]}]}]}, "Unique SQL Id": 1915754155, "Planner Runtime": 1}, "explain_analyze_plan": {"Plan": {"Node Type": "Limit", "Startup Cost": 3874068.21, "Total Cost": 3874068.46, "Plan Rows": 100, "Plan Width": 67, "Actual Startup Time": 80046.048, "Actual Total Time": 80046.063, "Actual Rows": 84, "Actual Loops": 1, "Plans": [{"Node Type": "Sort", "Parent Relationship": "Outer", "Startup Cost": 3874068.21, "Total Cost": 3874384.02, "Plan Rows": 100, "Plan Width": 67, "Actual Startup Time": 80046.046, "Actual Total Time": 80046.051, "Actual Rows": 84, "Actual Loops": 1, "Sort Key": ["orders.o_totalprice DESC", "orders.o_orderdate"], "Sort Method": "quicksort", "Sort Space Used": 38, "Sort Space Type": "Memory", "Plans": [{"Node Type": "Aggregate", "Strategy": "Hashed", "Parent Relationship": "Outer", "Startup Cost": 3867977.11, "Total Cost": 3869240.32, "Plan Rows": 126321, "Plan Width": 67, "Actual Startup Time": 80045.618, "Actual Total Time": 80045.952, "Actual Rows": 84, "Actual Loops": 1, "Group By Key": ["orders.o_totalprice", "orders.o_orderdate", "customer.c_name", "customer.c_custkey", "orders.o_orderkey"], "Plans": [{"Node Type": "Nested Loop", "Parent Relationship": "Outer", "Join Type": "Inner", "Startup Cost": 3540088.91, "Total Cost": 3866082.29, "Plan Rows": 126321, "Plan Width": 59, "Actual Startup Time": 71660.31, "Actual Total Time": 80043.737, "Actual Rows": 588, "Actual Loops": 1, "Inner Unique": false, "Plans": [{"Node Type": "Nested Loop", "Parent Relationship": "Outer", "Join Type": "Inner", "Startup Cost": 3540088.91, "Total Cost": 3852738.51, "Plan Rows": 13913, "Plan Width": 59, "Actual Startup Time": 71660.278, "Actual Total Time": 80041.063, "Actual Rows": 84, "Actual Loops": 1, "Inner Unique": true, "Plans": [{"Node Type": "Nested Loop", "Parent Relationship": "Outer", "Join Type": "Inner", "Startup Cost": 3540088.91, "Total Cost": 3843115.38, "Plan Rows": 33034, "Plan Width": 40, "Actual Startup Time": 71660.251, "Actual Total Time": 80039.183, "Actual Rows": 84, "Actual Loops": 1, "Inner Unique": true, "Plans": [{"Node Type": "Aggregate", "Strategy": "Hashed", "Parent Relationship": "Outer", "Startup Cost": 3540088.91, "Total Cost": 3606239.52, "Plan Rows": 33034, "Plan Width": 24, "Actual Startup Time": 71660.193, "Actual Total Time": 80016.864, "Actual Rows": 84, "Actual Loops": 1, "Group By Key": ["public.lineitem.l_orderkey"], "Filter": "(sum(public.lineitem.l_quantity) > 314::double precision), (LLVM Optimized, Jit Execute)", "Rows Removed by Filter": 14999916, "Plans": [{"Node Type": "Index Scan", "Parent Relationship": "Outer", "Scan Direction": "Forward", "Index Name": "idx_lineitem_orderkey", "Relation Name": "lineitem", "Alias": "lineitem", "Startup Cost": 0.0, "Total Cost": 3240153.75, "Plan Rows": 59987033, "Plan Width": 16, "Actual Startup Time": 0.058, "Actual Total Time": 41400.691, "Actual Rows": 59986052, "Actual Loops": 1}]}, {"Node Type": "Index Scan", "Parent Relationship": "Inner", "Scan Direction": "Forward", "Index Name": "orders_pkey", "Relation Name": "orders", "Alias": "orders", "Startup Cost": 0.0, "Total Cost": 7.15, "Plan Rows": 1, "Plan Width": 32, "Actual Startup Time": 2.944, "Actual Total Time": 2.944, "Actual Rows": 84, "Actual Loops": 84, "Index Cond": "(o_orderkey = public.lineitem.l_orderkey)", "Rows Removed by Index Recheck": 0}]}, {"Node Type": "Index Scan", "Parent Relationship": "Inner", "Scan Direction": "Forward", "Index Name": "customer_pkey", "Relation Name": "customer", "Alias": "customer", "Startup Cost": 0.0, "Total Cost": 0.28, "Plan Rows": 1, "Plan Width": 27, "Actual Startup Time": 1.358, "Actual Total Time": 1.358, "Actual Rows": 84, "Actual Loops": 84, "Index Cond": "(c_custkey = orders.o_custkey)", "Rows Removed by Index Recheck": 0}]}, {"Node Type": "Index Scan", "Parent Relationship": "Inner", "Scan Direction": "Forward", "Index Name": "idx_lineitem_orderkey", "Relation Name": "lineitem", "Alias": "lineitem", "Startup Cost": 0.0, "Total Cost": 0.87, "Plan Rows": 9, "Plan Width": 16, "Actual Startup Time": 1.639, "Actual Total Time": 2.066, "Actual Rows": 588, "Actual Loops": 84, "Index Cond": "(l_orderkey = orders.o_orderkey)", "Rows Removed by Index Recheck": 0}]}]}]}]}, "Triggers": [], "Planner Runtime": 2.569, "Total Runtime": 80056.92, "Unique SQL Id": 1915754155}}, "(16, '46')": {"explain_plan": {"Plan": {"Node Type": "Limit", "Startup Cost": 5166300.38, "Total Cost": 5166300.63, "Plan Rows": 100, "Plan Width": 67, "Plans": [{"Node Type": "Sort", "Parent Relationship": "Outer", "Startup Cost": 5166300.38, "Total Cost": 5166616.18, "Plan Rows": 100, "Plan Width": 67, "Sort Key": ["orders.o_totalprice DESC", "orders.o_orderdate"], "Plans": [{"Node Type": "Aggregate", "Strategy": "Hashed", "Parent Relationship": "Outer", "Startup Cost": 5160209.27, "Total Cost": 5161472.48, "Plan Rows": 126321, "Plan Width": 67, "Group By Key": ["orders.o_totalprice", "orders.o_orderdate", "customer.c_name", "customer.c_custkey", "orders.o_orderkey"], "Plans": [{"Node Type": "Hash Join", "Parent Relationship": "Outer", "Join Type": "Inner", "Startup Cost": 2917691.33, "Total Cost": 5158314.46, "Plan Rows": 126321, "Plan Width": 59, "Inner Unique": false, "Hash Cond": "(public.lineitem.l_orderkey = orders.o_orderkey), (LLVM Optimized)", "Plans": [{"Node Type": "Seq Scan", "Parent Relationship": "Outer", "Relation Name": "lineitem", "Alias": "lineitem", "Startup Cost": 0.0, "Total Cost": 2015115.33, "Plan Rows": 59987033, "Plan Width": 16}, {"Node Type": "Hash", "Parent Relationship": "Inner", "Startup Cost": 2917517.42, "Total Cost": 2917517.42, "Plan Rows": 13913, "Plan Width": 59, "Plans": [{"Node Type": "Hash Join", "Parent Relationship": "Outer", "Join Type": "Inner", "Startup Cost": 2452820.37, "Total Cost": 2917517.42, "Plan Rows": 13913, "Plan Width": 59, "Inner Unique": true, "Hash Cond": "(orders.o_custkey = customer.c_custkey)", "Plans": [{"Node Type": "Hash Join", "Parent Relationship": "Outer", "Join Type": "Inner", "Startup Cost": 2381944.37, "Total Cost": 2846187.2, "Plan Rows": 33034, "Plan Width": 40, "Inner Unique": true, "Hash Cond": "(orders.o_orderkey = public.lineitem.l_orderkey)", "Plans": [{"Node Type": "Seq Scan", "Parent Relationship": "Outer", "Relation Name": "orders", "Alias": "orders", "Startup Cost": 0.0, "Total Cost": 426413.79, "Plan Rows": 14999479, "Plan Width": 32}, {"Node Type": "Hash", "Parent Relationship": "Inner", "Startup Cost": 2381531.45, "Total Cost": 2381531.45, "Plan Rows": 33034, "Plan Width": 8, "Plans": [{"Node Type": "Aggregate", "Strategy": "Hashed", "Parent Relationship": "Outer", "Startup Cost": 2315050.5, "Total Cost": 2381201.11, "Plan Rows": 33034, "Plan Width": 24, "Group By Key": ["public.lineitem.l_orderkey"], "Filter": "(sum(public.lineitem.l_quantity) > 314::double precision), (LLVM Optimized)", "Plans": [{"Node Type": "Seq Scan", "Parent Relationship": "Outer", "Relation Name": "lineitem", "Alias": "lineitem", "Startup Cost": 0.0, "Total Cost": 2015115.33, "Plan Rows": 59987033, "Plan Width": 16}]}]}]}, {"Node Type": "Hash", "Parent Relationship": "Inner", "Startup Cost": 52126.0, "Total Cost": 52126.0, "Plan Rows": 1500000, "Plan Width": 27, "Plans": [{"Node Type": "Seq Scan", "Parent Relationship": "Outer", "Relation Name": "customer", "Alias": "customer", "Startup Cost": 0.0, "Total Cost": 52126.0, "Plan Rows": 1500000, "Plan Width": 27}]}]}]}]}]}]}]}, "Unique SQL Id": 1915754155, "Planner Runtime": 1}, "explain_analyze_plan": {"Plan": {"Node Type": "Limit", "Startup Cost": 5166300.38, "Total Cost": 5166300.63, "Plan Rows": 100, "Plan Width": 67, "Actual Startup Time": 92717.725, "Actual Total Time": 92717.74, "Actual Rows": 84, "Actual Loops": 1, "Plans": [{"Node Type": "Sort", "Parent Relationship": "Outer", "Startup Cost": 5166300.38, "Total Cost": 5166616.18, "Plan Rows": 100, "Plan Width": 67, "Actual Startup Time": 92717.723, "Actual Total Time": 92717.732, "Actual Rows": 84, "Actual Loops": 1, "Sort Key": ["orders.o_totalprice DESC", "orders.o_orderdate"], "Sort Method": "quicksort", "Sort Space Used": 38, "Sort Space Type": "Memory", "Plans": [{"Node Type": "Aggregate", "Strategy": "Hashed", "Parent Relationship": "Outer", "Startup Cost": 5160209.27, "Total Cost": 5161472.48, "Plan Rows": 126321, "Plan Width": 67, "Actual Startup Time": 92717.281, "Actual Total Time": 92717.615, "Actual Rows": 84, "Actual Loops": 1, "Group By Key": ["orders.o_totalprice", "orders.o_orderdate", "customer.c_name", "customer.c_custkey", "orders.o_orderkey"], "Plans": [{"Node Type": "Hash Join", "Parent Relationship": "Outer", "Join Type": "Inner", "Startup Cost": 2917691.33, "Total Cost": 5158314.46, "Plan Rows": 126321, "Plan Width": 59, "Actual Startup Time": 65406.334, "Actual Total Time": 92713.632, "Actual Rows": 588, "Actual Loops": 1, "Inner Unique": false, "Hash Cond": "(public.lineitem.l_orderkey = orders.o_orderkey), (LLVM Optimized, Jit Execute)", "Plans": [{"Node Type": "Seq Scan", "Parent Relationship": "Outer", "Relation Name": "lineitem", "Alias": "lineitem", "Startup Cost": 0.0, "Total Cost": 2015115.33, "Plan Rows": 59987033, "Plan Width": 16, "Actual Startup Time": 0.014, "Actual Total Time": 16815.371, "Actual Rows": 59986052, "Actual Loops": 1}, {"Node Type": "Hash", "Parent Relationship": "Inner", "Startup Cost": 2917517.42, "Total Cost": 2917517.42, "Plan Rows": 13913, "Plan Width": 59, "Actual Startup Time": 64799.879, "Actual Total Time": 64799.879, "Actual Rows": 84, "Actual Loops": 1, "Hash Buckets": 32768, "Hash Batches": 1, "Original Hash Batches": 1, "Peak Memory Usage": 8, "Plans": [{"Node Type": "Hash Join", "Parent Relationship": "Outer", "Join Type": "Inner", "Startup Cost": 2452820.37, "Total Cost": 2917517.42, "Plan Rows": 13913, "Plan Width": 59, "Actual Startup Time": 57763.523, "Actual Total Time": 64799.467, "Actual Rows": 84, "Actual Loops": 1, "Inner Unique": true, "Hash Cond": "(orders.o_custkey = customer.c_custkey)", "Plans": [{"Node Type": "Hash Join", "Parent Relationship": "Outer", "Join Type": "Inner", "Startup Cost": 2381944.37, "Total Cost": 2846187.2, "Plan Rows": 33034, "Plan Width": 40, "Actual Startup Time": 56634.242, "Actual Total Time": 63668.509, "Actual Rows": 84, "Actual Loops": 1, "Inner Unique": true, "Hash Cond": "(orders.o_orderkey = public.lineitem.l_orderkey)", "Plans": [{"Node Type": "Seq Scan", "Parent Relationship": "Outer", "Relation Name": "orders", "Alias": "orders", "Startup Cost": 0.0, "Total Cost": 426413.79, "Plan Rows": 14999479, "Plan Width": 32, "Actual Startup Time": 0.037, "Actual Total Time": 4114.338, "Actual Rows": 15000000, "Actual Loops": 1}, {"Node Type": "Hash", "Parent Relationship": "Inner", "Startup Cost": 2381531.45, "Total Cost": 2381531.45, "Plan Rows": 33034, "Plan Width": 8, "Actual Startup Time": 56468.65, "Actual Total Time": 56468.65, "Actual Rows": 84, "Actual Loops": 1, "Hash Buckets": 65536, "Hash Batches": 1, "Original Hash Batches": 1, "Peak Memory Usage": 4, "Plans": [{"Node Type": "Aggregate", "Strategy": "Hashed", "Parent Relationship": "Outer", "Startup Cost": 2315050.5, "Total Cost": 2381201.11, "Plan Rows": 33034, "Plan Width": 24, "Actual Startup Time": 49085.307, "Actual Total Time": 56468.144, "Actual Rows": 84, "Actual Loops": 1, "Group By Key": ["public.lineitem.l_orderkey"], "Filter": "(sum(public.lineitem.l_quantity) > 314::double precision), (LLVM Optimized, Jit Execute)", "Rows Removed by Filter": 14999916, "Plans": [{"Node Type": "Seq Scan", "Parent Relationship": "Outer", "Relation Name": "lineitem", "Alias": "lineitem", "Startup Cost": 0.0, "Total Cost": 2015115.33, "Plan Rows": 59987033, "Plan Width": 16, "Actual Startup Time": 0.052, "Actual Total Time": 20383.299, "Actual Rows": 59986052, "Actual Loops": 1}]}]}]}, {"Node Type": "Hash", "Parent Relationship": "Inner", "Startup Cost": 52126.0, "Total Cost": 52126.0, "Plan Rows": 1500000, "Plan Width": 27, "Actual Startup Time": 1127.687, "Actual Total Time": 1127.687, "Actual Rows": 1500000, "Actual Loops": 1, "Hash Buckets": 2097152, "Hash Batches": 1, "Original Hash Batches": 1, "Peak Memory Usage": 93750, "Plans": [{"Node Type": "Seq Scan", "Parent Relationship": "Outer", "Relation Name": "customer", "Alias": "customer", "Startup Cost": 0.0, "Total Cost": 52126.0, "Plan Rows": 1500000, "Plan Width": 27, "Actual Startup Time": 0.017, "Actual Total Time": 539.952, "Actual Rows": 1500000, "Actual Loops": 1}]}]}]}]}]}]}]}, "Triggers": [], "Planner Runtime": 2.006, "Total Runtime": 92727.428, "Unique SQL Id": 1915754155}}, "(16, '47')": {"explain_plan": {"Plan": {"Node Type": "Limit", "Startup Cost": 4021424234088.76, "Total Cost": 4021424234089.01, "Plan Rows": 100, "Plan Width": 67, "Plans": [{"Node Type": "Sort", "Parent Relationship": "Outer", "Startup Cost": 4021424234088.76, "Total Cost": 4021424234404.56, "Plan Rows": 100, "Plan Width": 67, "Sort Key": ["orders.o_totalprice DESC", "orders.o_orderdate"], "Plans": [{"Node Type": "Aggregate", "Strategy": "Hashed", "Parent Relationship": "Outer", "Startup Cost": 4021424227997.65, "Total Cost": 4021424229260.86, "Plan Rows": 126321, "Plan Width": 67, "Group By Key": ["orders.o_totalprice", "orders.o_orderdate", "customer.c_name", "customer.c_custkey", "orders.o_orderkey"], "Plans": [{"Node Type": "Nested Loop", "Parent Relationship": "Outer", "Join Type": "Inner", "Startup Cost": 1030324315309.67, "Total Cost": 4021424226102.83, "Plan Rows": 126321, "Plan Width": 59, "Inner Unique": false, "Join Filter": "(orders.o_orderkey = public.lineitem.l_orderkey), (LLVM Optimized)", "Plans": [{"Node Type": "Index Scan", "Parent Relationship": "Outer", "Scan Direction": "Forward", "Index Name": "idx_lineitem_orderkey", "Relation Name": "lineitem", "Alias": "lineitem", "Startup Cost": 10000000000.0, "Total Cost": 1000324015374.5, "Plan Rows": 59987033, "Plan Width": 16}, {"Node Type": "Materialize", "Parent Relationship": "Inner", "Startup Cost": 1020324315309.67, "Total Cost": 3008581216911.18, "Plan Rows": 13913, "Plan Width": 59, "Plans": [{"Node Type": "Nested Loop", "Parent Relationship": "Outer", "Join Type": "Inner", "Startup Cost": 1020324315309.67, "Total Cost": 3008581216841.62, "Plan Rows": 13913, "Plan Width": 59, "Inner Unique": true, "Join Filter": "(orders.o_custkey = customer.c_custkey)", "Plans": [{"Node Type": "Nested Loop", "Parent Relationship": "Outer", "Join Type": "Semi", "Startup Cost": 1010324315309.67, "Total Cost": 2007829871556.0, "Plan Rows": 33034, "Plan Width": 40, "Inner Unique": false, "Join Filter": "(orders.o_orderkey = public.lineitem.l_orderkey)", "Plans": [{"Node Type": "Index Scan", "Parent Relationship": "Outer", "Scan Direction": "Forward", "Index Name": "orders_pkey", "Relation Name": "orders", "Alias": "orders", "Startup Cost": 10000000000.0, "Total Cost": 1000073097843.5, "Plan Rows": 14999479, "Plan Width": 32}, {"Node Type": "Materialize", "Parent Relationship": "Inner", "Startup Cost": 1000324315309.67, "Total Cost": 1000324381955.79, "Plan Rows": 33034, "Plan Width": 8, "Plans": [{"Node Type": "Aggregate", "Strategy": "Hashed", "Parent Relationship": "Outer", "Startup Cost": 1000324315309.67, "Total Cost": 1000324381460.28, "Plan Rows": 33034, "Plan Width": 24, "Group By Key": ["public.lineitem.l_orderkey"], "Filter": "(sum(public.lineitem.l_quantity) > 314::double precision), (LLVM Optimized)", "Plans": [{"Node Type": "Index Scan", "Parent Relationship": "Outer", "Scan Direction": "Forward", "Index Name": "idx_lineitem_orderkey", "Relation Name": "lineitem", "Alias": "lineitem", "Startup Cost": 10000000000.0, "Total Cost": 1000324015374.5, "Plan Rows": 59987033, "Plan Width": 16}]}]}]}, {"Node Type": "Materialize", "Parent Relationship": "Inner", "Startup Cost": 10000000000.0, "Total Cost": 1000008084035.62, "Plan Rows": 1500000, "Plan Width": 27, "Plans": [{"Node Type": "Index Scan", "Parent Relationship": "Outer", "Scan Direction": "Forward", "Index Name": "customer_pkey", "Relation Name": "customer", "Alias": "customer", "Startup Cost": 10000000000.0, "Total Cost": 1000008076535.62, "Plan Rows": 1500000, "Plan Width": 27}]}]}]}]}]}]}]}, "Unique SQL Id": 1915754155, "Planner Runtime": 1}, "explain_analyze_plan": null}, "(16, '48')": {"explain_plan": {"Plan": {"Node Type": "Limit", "Startup Cost": 2649029.8, "Total Cost": 2649030.05, "Plan Rows": 100, "Plan Width": 67, "Plans": [{"Node Type": "Sort", "Parent Relationship": "Outer", "Startup Cost": 2649029.8, "Total Cost": 2649345.6, "Plan Rows": 100, "Plan Width": 67, "Sort Key": ["orders.o_totalprice DESC", "orders.o_orderdate"], "Plans": [{"Node Type": "Aggregate", "Strategy": "Hashed", "Parent Relationship": "Outer", "Startup Cost": 2642938.69, "Total Cost": 2644201.9, "Plan Rows": 126321, "Plan Width": 67, "Group By Key": ["orders.o_totalprice", "orders.o_orderdate", "customer.c_name", "customer.c_custkey", "orders.o_orderkey"], "Plans": [{"Node Type": "Nested Loop", "Parent Relationship": "Outer", "Join Type": "Inner", "Startup Cost": 2315050.5, "Total Cost": 2641043.88, "Plan Rows": 126321, "Plan Width": 59, "Inner Unique": false, "Plans": [{"Node Type": "Nested Loop", "Parent Relationship": "Outer", "Join Type": "Inner", "Startup Cost": 2315050.5, "Total Cost": 2627700.1, "Plan Rows": 13913, "Plan Width": 59, "Inner Unique": true, "Plans": [{"Node Type": "Nested Loop", "Parent Relationship": "Outer", "Join Type": "Inner", "Startup Cost": 2315050.5, "Total Cost": 2618076.97, "Plan Rows": 33034, "Plan Width": 40, "Inner Unique": true, "Plans": [{"Node Type": "Aggregate", "Strategy": "Hashed", "Parent Relationship": "Outer", "Startup Cost": 2315050.5, "Total Cost": 2381201.11, "Plan Rows": 33034, "Plan Width": 24, "Group By Key": ["public.lineitem.l_orderkey"], "Filter": "(sum(public.lineitem.l_quantity) > 314::double precision), (LLVM Optimized)", "Plans": [{"Node Type": "Seq Scan", "Parent Relationship": "Outer", "Relation Name": "lineitem", "Alias": "lineitem", "Startup Cost": 0.0, "Total Cost": 2015115.33, "Plan Rows": 59987033, "Plan Width": 16}]}, {"Node Type": "Index Scan", "Parent Relationship": "Inner", "Scan Direction": "Forward", "Index Name": "orders_pkey", "Relation Name": "orders", "Alias": "orders", "Startup Cost": 0.0, "Total Cost": 7.15, "Plan Rows": 1, "Plan Width": 32, "Index Cond": "(o_orderkey = public.lineitem.l_orderkey)"}]}, {"Node Type": "Index Scan", "Parent Relationship": "Inner", "Scan Direction": "Forward", "Index Name": "customer_pkey", "Relation Name": "customer", "Alias": "customer", "Startup Cost": 0.0, "Total Cost": 0.28, "Plan Rows": 1, "Plan Width": 27, "Index Cond": "(c_custkey = orders.o_custkey)"}]}, {"Node Type": "Index Scan", "Parent Relationship": "Inner", "Scan Direction": "Forward", "Index Name": "idx_lineitem_orderkey", "Relation Name": "lineitem", "Alias": "lineitem", "Startup Cost": 0.0, "Total Cost": 0.87, "Plan Rows": 9, "Plan Width": 16, "Index Cond": "(l_orderkey = orders.o_orderkey)"}]}]}]}]}, "Unique SQL Id": 1915754155, "Planner Runtime": 0}, "explain_analyze_plan": {"Plan": {"Node Type": "Limit", "Startup Cost": 2649029.8, "Total Cost": 2649030.05, "Plan Rows": 100, "Plan Width": 67, "Actual Startup Time": 53367.336, "Actual Total Time": 53367.355, "Actual Rows": 84, "Actual Loops": 1, "Plans": [{"Node Type": "Sort", "Parent Relationship": "Outer", "Startup Cost": 2649029.8, "Total Cost": 2649345.6, "Plan Rows": 100, "Plan Width": 67, "Actual Startup Time": 53367.333, "Actual Total Time": 53367.342, "Actual Rows": 84, "Actual Loops": 1, "Sort Key": ["orders.o_totalprice DESC", "orders.o_orderdate"], "Sort Method": "quicksort", "Sort Space Used": 38, "Sort Space Type": "Memory", "Plans": [{"Node Type": "Aggregate", "Strategy": "Hashed", "Parent Relationship": "Outer", "Startup Cost": 2642938.69, "Total Cost": 2644201.9, "Plan Rows": 126321, "Plan Width": 67, "Actual Startup Time": 53366.678, "Actual Total Time": 53367.237, "Actual Rows": 84, "Actual Loops": 1, "Group By Key": ["orders.o_totalprice", "orders.o_orderdate", "customer.c_name", "customer.c_custkey", "orders.o_orderkey"], "Plans": [{"Node Type": "Nested Loop", "Parent Relationship": "Outer", "Join Type": "Inner", "Startup Cost": 2315050.5, "Total Cost": 2641043.88, "Plan Rows": 126321, "Plan Width": 59, "Actual Startup Time": 47583.176, "Actual Total Time": 53364.795, "Actual Rows": 588, "Actual Loops": 1, "Inner Unique": false, "Plans": [{"Node Type": "Nested Loop", "Parent Relationship": "Outer", "Join Type": "Inner", "Startup Cost": 2315050.5, "Total Cost": 2627700.1, "Plan Rows": 13913, "Plan Width": 59, "Actual Startup Time": 47583.15, "Actual Total Time": 53362.449, "Actual Rows": 84, "Actual Loops": 1, "Inner Unique": true, "Plans": [{"Node Type": "Nested Loop", "Parent Relationship": "Outer", "Join Type": "Inner", "Startup Cost": 2315050.5, "Total Cost": 2618076.97, "Plan Rows": 33034, "Plan Width": 40, "Actual Startup Time": 47583.13, "Actual Total Time": 53361.021, "Actual Rows": 84, "Actual Loops": 1, "Inner Unique": true, "Plans": [{"Node Type": "Aggregate", "Strategy": "Hashed", "Parent Relationship": "Outer", "Startup Cost": 2315050.5, "Total Cost": 2381201.11, "Plan Rows": 33034, "Plan Width": 24, "Actual Startup Time": 47583.052, "Actual Total Time": 53340.03, "Actual Rows": 84, "Actual Loops": 1, "Group By Key": ["public.lineitem.l_orderkey"], "Filter": "(sum(public.lineitem.l_quantity) > 314::double precision), (LLVM Optimized, Jit Execute)", "Rows Removed by Filter": 14999916, "Plans": [{"Node Type": "Seq Scan", "Parent Relationship": "Outer", "Relation Name": "lineitem", "Alias": "lineitem", "Startup Cost": 0.0, "Total Cost": 2015115.33, "Plan Rows": 59987033, "Plan Width": 16, "Actual Startup Time": 0.044, "Actual Total Time": 20352.533, "Actual Rows": 59986052, "Actual Loops": 1}]}, {"Node Type": "Index Scan", "Parent Relationship": "Inner", "Scan Direction": "Forward", "Index Name": "orders_pkey", "Relation Name": "orders", "Alias": "orders", "Startup Cost": 0.0, "Total Cost": 7.15, "Plan Rows": 1, "Plan Width": 32, "Actual Startup Time": 2.902, "Actual Total Time": 2.902, "Actual Rows": 84, "Actual Loops": 84, "Index Cond": "(o_orderkey = public.lineitem.l_orderkey)", "Rows Removed by Index Recheck": 0}]}, {"Node Type": "Index Scan", "Parent Relationship": "Inner", "Scan Direction": "Forward", "Index Name": "customer_pkey", "Relation Name": "customer", "Alias": "customer", "Startup Cost": 0.0, "Total Cost": 0.28, "Plan Rows": 1, "Plan Width": 27, "Actual Startup Time": 1.048, "Actual Total Time": 1.048, "Actual Rows": 84, "Actual Loops": 84, "Index Cond": "(c_custkey = orders.o_custkey)", "Rows Removed by Index Recheck": 0}]}, {"Node Type": "Index Scan", "Parent Relationship": "Inner", "Scan Direction": "Forward", "Index Name": "idx_lineitem_orderkey", "Relation Name": "lineitem", "Alias": "lineitem", "Startup Cost": 0.0, "Total Cost": 0.87, "Plan Rows": 9, "Plan Width": 16, "Actual Startup Time": 1.401, "Actual Total Time": 1.898, "Actual Rows": 588, "Actual Loops": 84, "Index Cond": "(l_orderkey = orders.o_orderkey)", "Rows Removed by Index Recheck": 0}]}]}]}]}, "Triggers": [], "Planner Runtime": 2.116, "Total Runtime": 53376.681, "Unique SQL Id": 1915754155}}, "(16, '49')": {"explain_plan": {"Plan": {"Node Type": "Limit", "Startup Cost": 3874068.21, "Total Cost": 3874068.46, "Plan Rows": 100, "Plan Width": 67, "Plans": [{"Node Type": "Sort", "Parent Relationship": "Outer", "Startup Cost": 3874068.21, "Total Cost": 3874384.02, "Plan Rows": 100, "Plan Width": 67, "Sort Key": ["orders.o_totalprice DESC", "orders.o_orderdate"], "Plans": [{"Node Type": "Aggregate", "Strategy": "Hashed", "Parent Relationship": "Outer", "Startup Cost": 3867977.11, "Total Cost": 3869240.32, "Plan Rows": 126321, "Plan Width": 67, "Group By Key": ["orders.o_totalprice", "orders.o_orderdate", "customer.c_name", "customer.c_custkey", "orders.o_orderkey"], "Plans": [{"Node Type": "Nested Loop", "Parent Relationship": "Outer", "Join Type": "Inner", "Startup Cost": 3540088.91, "Total Cost": 3866082.29, "Plan Rows": 126321, "Plan Width": 59, "Inner Unique": false, "Plans": [{"Node Type": "Nested Loop", "Parent Relationship": "Outer", "Join Type": "Inner", "Startup Cost": 3540088.91, "Total Cost": 3852738.51, "Plan Rows": 13913, "Plan Width": 59, "Inner Unique": true, "Plans": [{"Node Type": "Nested Loop", "Parent Relationship": "Outer", "Join Type": "Inner", "Startup Cost": 3540088.91, "Total Cost": 3843115.38, "Plan Rows": 33034, "Plan Width": 40, "Inner Unique": true, "Plans": [{"Node Type": "Aggregate", "Strategy": "Hashed", "Parent Relationship": "Outer", "Startup Cost": 3540088.91, "Total Cost": 3606239.52, "Plan Rows": 33034, "Plan Width": 24, "Group By Key": ["public.lineitem.l_orderkey"], "Filter": "(sum(public.lineitem.l_quantity) > 314::double precision), (LLVM Optimized)", "Plans": [{"Node Type": "Index Scan", "Parent Relationship": "Outer", "Scan Direction": "Forward", "Index Name": "idx_lineitem_orderkey", "Relation Name": "lineitem", "Alias": "lineitem", "Startup Cost": 0.0, "Total Cost": 3240153.75, "Plan Rows": 59987033, "Plan Width": 16}]}, {"Node Type": "Index Scan", "Parent Relationship": "Inner", "Scan Direction": "Forward", "Index Name": "orders_pkey", "Relation Name": "orders", "Alias": "orders", "Startup Cost": 0.0, "Total Cost": 7.15, "Plan Rows": 1, "Plan Width": 32, "Index Cond": "(o_orderkey = public.lineitem.l_orderkey)"}]}, {"Node Type": "Index Scan", "Parent Relationship": "Inner", "Scan Direction": "Forward", "Index Name": "customer_pkey", "Relation Name": "customer", "Alias": "customer", "Startup Cost": 0.0, "Total Cost": 0.28, "Plan Rows": 1, "Plan Width": 27, "Index Cond": "(c_custkey = orders.o_custkey)"}]}, {"Node Type": "Index Scan", "Parent Relationship": "Inner", "Scan Direction": "Forward", "Index Name": "idx_lineitem_orderkey", "Relation Name": "lineitem", "Alias": "lineitem", "Startup Cost": 0.0, "Total Cost": 0.87, "Plan Rows": 9, "Plan Width": 16, "Index Cond": "(l_orderkey = orders.o_orderkey)"}]}]}]}]}, "Unique SQL Id": 1915754155, "Planner Runtime": 0}, "explain_analyze_plan": {"Plan": {"Node Type": "Limit", "Startup Cost": 3874068.21, "Total Cost": 3874068.46, "Plan Rows": 100, "Plan Width": 67, "Actual Startup Time": 80046.048, "Actual Total Time": 80046.063, "Actual Rows": 84, "Actual Loops": 1, "Plans": [{"Node Type": "Sort", "Parent Relationship": "Outer", "Startup Cost": 3874068.21, "Total Cost": 3874384.02, "Plan Rows": 100, "Plan Width": 67, "Actual Startup Time": 80046.046, "Actual Total Time": 80046.051, "Actual Rows": 84, "Actual Loops": 1, "Sort Key": ["orders.o_totalprice DESC", "orders.o_orderdate"], "Sort Method": "quicksort", "Sort Space Used": 38, "Sort Space Type": "Memory", "Plans": [{"Node Type": "Aggregate", "Strategy": "Hashed", "Parent Relationship": "Outer", "Startup Cost": 3867977.11, "Total Cost": 3869240.32, "Plan Rows": 126321, "Plan Width": 67, "Actual Startup Time": 80045.618, "Actual Total Time": 80045.952, "Actual Rows": 84, "Actual Loops": 1, "Group By Key": ["orders.o_totalprice", "orders.o_orderdate", "customer.c_name", "customer.c_custkey", "orders.o_orderkey"], "Plans": [{"Node Type": "Nested Loop", "Parent Relationship": "Outer", "Join Type": "Inner", "Startup Cost": 3540088.91, "Total Cost": 3866082.29, "Plan Rows": 126321, "Plan Width": 59, "Actual Startup Time": 71660.31, "Actual Total Time": 80043.737, "Actual Rows": 588, "Actual Loops": 1, "Inner Unique": false, "Plans": [{"Node Type": "Nested Loop", "Parent Relationship": "Outer", "Join Type": "Inner", "Startup Cost": 3540088.91, "Total Cost": 3852738.51, "Plan Rows": 13913, "Plan Width": 59, "Actual Startup Time": 71660.278, "Actual Total Time": 80041.063, "Actual Rows": 84, "Actual Loops": 1, "Inner Unique": true, "Plans": [{"Node Type": "Nested Loop", "Parent Relationship": "Outer", "Join Type": "Inner", "Startup Cost": 3540088.91, "Total Cost": 3843115.38, "Plan Rows": 33034, "Plan Width": 40, "Actual Startup Time": 71660.251, "Actual Total Time": 80039.183, "Actual Rows": 84, "Actual Loops": 1, "Inner Unique": true, "Plans": [{"Node Type": "Aggregate", "Strategy": "Hashed", "Parent Relationship": "Outer", "Startup Cost": 3540088.91, "Total Cost": 3606239.52, "Plan Rows": 33034, "Plan Width": 24, "Actual Startup Time": 71660.193, "Actual Total Time": 80016.864, "Actual Rows": 84, "Actual Loops": 1, "Group By Key": ["public.lineitem.l_orderkey"], "Filter": "(sum(public.lineitem.l_quantity) > 314::double precision), (LLVM Optimized, Jit Execute)", "Rows Removed by Filter": 14999916, "Plans": [{"Node Type": "Index Scan", "Parent Relationship": "Outer", "Scan Direction": "Forward", "Index Name": "idx_lineitem_orderkey", "Relation Name": "lineitem", "Alias": "lineitem", "Startup Cost": 0.0, "Total Cost": 3240153.75, "Plan Rows": 59987033, "Plan Width": 16, "Actual Startup Time": 0.058, "Actual Total Time": 41400.691, "Actual Rows": 59986052, "Actual Loops": 1}]}, {"Node Type": "Index Scan", "Parent Relationship": "Inner", "Scan Direction": "Forward", "Index Name": "orders_pkey", "Relation Name": "orders", "Alias": "orders", "Startup Cost": 0.0, "Total Cost": 7.15, "Plan Rows": 1, "Plan Width": 32, "Actual Startup Time": 2.944, "Actual Total Time": 2.944, "Actual Rows": 84, "Actual Loops": 84, "Index Cond": "(o_orderkey = public.lineitem.l_orderkey)", "Rows Removed by Index Recheck": 0}]}, {"Node Type": "Index Scan", "Parent Relationship": "Inner", "Scan Direction": "Forward", "Index Name": "customer_pkey", "Relation Name": "customer", "Alias": "customer", "Startup Cost": 0.0, "Total Cost": 0.28, "Plan Rows": 1, "Plan Width": 27, "Actual Startup Time": 1.358, "Actual Total Time": 1.358, "Actual Rows": 84, "Actual Loops": 84, "Index Cond": "(c_custkey = orders.o_custkey)", "Rows Removed by Index Recheck": 0}]}, {"Node Type": "Index Scan", "Parent Relationship": "Inner", "Scan Direction": "Forward", "Index Name": "idx_lineitem_orderkey", "Relation Name": "lineitem", "Alias": "lineitem", "Startup Cost": 0.0, "Total Cost": 0.87, "Plan Rows": 9, "Plan Width": 16, "Actual Startup Time": 1.639, "Actual Total Time": 2.066, "Actual Rows": 588, "Actual Loops": 84, "Index Cond": "(l_orderkey = orders.o_orderkey)", "Rows Removed by Index Recheck": 0}]}]}]}]}, "Triggers": [], "Planner Runtime": 2.569, "Total Runtime": 80056.92, "Unique SQL Id": 1915754155}}, "(16, '50')": {"explain_plan": {"Plan": {"Node Type": "Limit", "Startup Cost": 2838735.63, "Total Cost": 2838735.88, "Plan Rows": 100, "Plan Width": 67, "Plans": [{"Node Type": "Sort", "Parent Relationship": "Outer", "Startup Cost": 2838735.63, "Total Cost": 2839051.44, "Plan Rows": 100, "Plan Width": 67, "Sort Key": ["orders.o_totalprice DESC", "orders.o_orderdate"], "Plans": [{"Node Type": "Aggregate", "Strategy": "Hashed", "Parent Relationship": "Outer", "Startup Cost": 2832644.53, "Total Cost": 2833907.74, "Plan Rows": 126321, "Plan Width": 67, "Group By Key": ["orders.o_totalprice", "orders.o_orderdate", "customer.c_name", "customer.c_custkey", "orders.o_orderkey"], "Plans": [{"Node Type": "Nested Loop", "Parent Relationship": "Outer", "Join Type": "Inner", "Startup Cost": 2315054.5, "Total Cost": 2830749.71, "Plan Rows": 126321, "Plan Width": 59, "Inner Unique": false, "Plans": [{"Node Type": "Nested Loop", "Parent Relationship": "Outer", "Join Type": "Inner", "Startup Cost": 2315054.12, "Total Cost": 2766973.56, "Plan Rows": 13913, "Plan Width": 59, "Inner Unique": true, "Plans": [{"Node Type": "Nested Loop", "Parent Relationship": "Outer", "Join Type": "Inner", "Startup Cost": 2315053.86, "Total Cost": 2625533.23, "Plan Rows": 33034, "Plan Width": 40, "Inner Unique": true, "Plans": [{"Node Type": "Aggregate", "Strategy": "Hashed", "Parent Relationship": "Outer", "Startup Cost": 2315050.5, "Total Cost": 2381201.11, "Plan Rows": 33034, "Plan Width": 24, "Group By Key": ["public.lineitem.l_orderkey"], "Filter": "(sum(public.lineitem.l_quantity) > 314::double precision), (LLVM Optimized)", "Plans": [{"Node Type": "Seq Scan", "Parent Relationship": "Outer", "Relation Name": "lineitem", "Alias": "lineitem", "Startup Cost": 0.0, "Total Cost": 2015115.33, "Plan Rows": 59987033, "Plan Width": 16}]}, {"Node Type": "Bitmap Heap Scan", "Parent Relationship": "Inner", "Relation Name": "orders", "Alias": "orders", "Startup Cost": 3.36, "Total Cost": 7.38, "Plan Rows": 1, "Plan Width": 32, "Recheck Cond": "(o_orderkey = public.lineitem.l_orderkey)", "Plans": [{"Node Type": "Bitmap Index Scan", "Parent Relationship": "Outer", "Index Name": "orders_pkey", "Startup Cost": 0.0, "Total Cost": 3.36, "Plan Rows": 1, "Plan Width": 0, "Index Cond": "(o_orderkey = public.lineitem.l_orderkey)"}]}]}, {"Node Type": "Bitmap Heap Scan", "Parent Relationship": "Inner", "Relation Name": "customer", "Alias": "customer", "Startup Cost": 0.26, "Total Cost": 4.27, "Plan Rows": 1, "Plan Width": 27, "Recheck Cond": "(c_custkey = orders.o_custkey)", "Plans": [{"Node Type": "Bitmap Index Scan", "Parent Relationship": "Outer", "Index Name": "customer_pkey", "Startup Cost": 0.0, "Total Cost": 0.26, "Plan Rows": 1, "Plan Width": 0, "Index Cond": "(c_custkey = orders.o_custkey)"}]}]}, {"Node Type": "Bitmap Heap Scan", "Parent Relationship": "Inner", "Relation Name": "lineitem", "Alias": "lineitem", "Startup Cost": 0.38, "Total Cost": 4.49, "Plan Rows": 9, "Plan Width": 16, "Recheck Cond": "(l_orderkey = orders.o_orderkey)", "Plans": [{"Node Type": "Bitmap Index Scan", "Parent Relationship": "Outer", "Index Name": "idx_lineitem_orderkey", "Startup Cost": 0.0, "Total Cost": 0.38, "Plan Rows": 9, "Plan Width": 0, "Index Cond": "(l_orderkey = orders.o_orderkey)"}]}]}]}]}]}, "Unique SQL Id": 1915754155, "Planner Runtime": 1}, "explain_analyze_plan": {"Plan": {"Node Type": "Limit", "Startup Cost": 2838735.63, "Total Cost": 2838735.88, "Plan Rows": 100, "Plan Width": 67, "Actual Startup Time": 56816.861, "Actual Total Time": 56816.878, "Actual Rows": 84, "Actual Loops": 1, "Plans": [{"Node Type": "Sort", "Parent Relationship": "Outer", "Startup Cost": 2838735.63, "Total Cost": 2839051.44, "Plan Rows": 100, "Plan Width": 67, "Actual Startup Time": 56816.858, "Actual Total Time": 56816.864, "Actual Rows": 84, "Actual Loops": 1, "Sort Key": ["orders.o_totalprice DESC", "orders.o_orderdate"], "Sort Method": "quicksort", "Sort Space Used": 38, "Sort Space Type": "Memory", "Plans": [{"Node Type": "Aggregate", "Strategy": "Hashed", "Parent Relationship": "Outer", "Startup Cost": 2832644.53, "Total Cost": 2833907.74, "Plan Rows": 126321, "Plan Width": 67, "Actual Startup Time": 56816.186, "Actual Total Time": 56816.761, "Actual Rows": 84, "Actual Loops": 1, "Group By Key": ["orders.o_totalprice", "orders.o_orderdate", "customer.c_name", "customer.c_custkey", "orders.o_orderkey"], "Plans": [{"Node Type": "Nested Loop", "Parent Relationship": "Outer", "Join Type": "Inner", "Startup Cost": 2315054.5, "Total Cost": 2830749.71, "Plan Rows": 126321, "Plan Width": 59, "Actual Startup Time": 48198.766, "Actual Total Time": 56814.109, "Actual Rows": 588, "Actual Loops": 1, "Inner Unique": false, "Plans": [{"Node Type": "Nested Loop", "Parent Relationship": "Outer", "Join Type": "Inner", "Startup Cost": 2315054.12, "Total Cost": 2766973.56, "Plan Rows": 13913, "Plan Width": 59, "Actual Startup Time": 48198.721, "Actual Total Time": 56810.721, "Actual Rows": 84, "Actual Loops": 1, "Inner Unique": true, "Plans": [{"Node Type": "Nested Loop", "Parent Relationship": "Outer", "Join Type": "Inner", "Startup Cost": 2315053.86, "Total Cost": 2625533.23, "Plan Rows": 33034, "Plan Width": 40, "Actual Startup Time": 48198.687, "Actual Total Time": 56808.366, "Actual Rows": 84, "Actual Loops": 1, "Inner Unique": true, "Plans": [{"Node Type": "Aggregate", "Strategy": "Hashed", "Parent Relationship": "Outer", "Startup Cost": 2315050.5, "Total Cost": 2381201.11, "Plan Rows": 33034, "Plan Width": 24, "Actual Startup Time": 48198.557, "Actual Total Time": 56784.379, "Actual Rows": 84, "Actual Loops": 1, "Group By Key": ["public.lineitem.l_orderkey"], "Filter": "(sum(public.lineitem.l_quantity) > 314::double precision), (LLVM Optimized, Jit Execute)", "Rows Removed by Filter": 14999916, "Plans": [{"Node Type": "Seq Scan", "Parent Relationship": "Outer", "Relation Name": "lineitem", "Alias": "lineitem", "Startup Cost": 0.0, "Total Cost": 2015115.33, "Plan Rows": 59987033, "Plan Width": 16, "Actual Startup Time": 0.061, "Actual Total Time": 20248.535, "Actual Rows": 59986052, "Actual Loops": 1}]}, {"Node Type": "Bitmap Heap Scan", "Parent Relationship": "Inner", "Relation Name": "orders", "Alias": "orders", "Startup Cost": 3.36, "Total Cost": 7.38, "Plan Rows": 1, "Plan Width": 32, "Actual Startup Time": 3.477, "Actual Total Time": 3.477, "Actual Rows": 84, "Actual Loops": 84, "Recheck Cond": "(o_orderkey = public.lineitem.l_orderkey)", "Rows Removed by Index Recheck": 0, "Exact Heap Blocks": 84, "Lossy Heap Blocks": 84, "Plans": [{"Node Type": "Bitmap Index Scan", "Parent Relationship": "Outer", "Index Name": "orders_pkey", "Startup Cost": 0.0, "Total Cost": 3.36, "Plan Rows": 1, "Plan Width": 0, "Actual Startup Time": 2.267, "Actual Total Time": 2.267, "Actual Rows": 84, "Actual Loops": 84, "Index Cond": "(o_orderkey = public.lineitem.l_orderkey)"}]}]}, {"Node Type": "Bitmap Heap Scan", "Parent Relationship": "Inner", "Relation Name": "customer", "Alias": "customer", "Startup Cost": 0.26, "Total Cost": 4.27, "Plan Rows": 1, "Plan Width": 27, "Actual Startup Time": 1.662, "Actual Total Time": 1.662, "Actual Rows": 84, "Actual Loops": 84, "Recheck Cond": "(c_custkey = orders.o_custkey)", "Rows Removed by Index Recheck": 0, "Exact Heap Blocks": 84, "Lossy Heap Blocks": 84, "Plans": [{"Node Type": "Bitmap Index Scan", "Parent Relationship": "Outer", "Index Name": "customer_pkey", "Startup Cost": 0.0, "Total Cost": 0.26, "Plan Rows": 1, "Plan Width": 0, "Actual Startup Time": 1.033, "Actual Total Time": 1.033, "Actual Rows": 84, "Actual Loops": 84, "Index Cond": "(c_custkey = orders.o_custkey)"}]}]}, {"Node Type": "Bitmap Heap Scan", "Parent Relationship": "Inner", "Relation Name": "lineitem", "Alias": "lineitem", "Startup Cost": 0.38, "Total Cost": 4.49, "Plan Rows": 9, "Plan Width": 16, "Actual Startup Time": 2.278, "Actual Total Time": 2.466, "Actual Rows": 588, "Actual Loops": 84, "Recheck Cond": "(l_orderkey = orders.o_orderkey)", "Rows Removed by Index Recheck": 0, "Exact Heap Blocks": 96, "Lossy Heap Blocks": 96, "Plans": [{"Node Type": "Bitmap Index Scan", "Parent Relationship": "Outer", "Index Name": "idx_lineitem_orderkey", "Startup Cost": 0.0, "Total Cost": 0.38, "Plan Rows": 9, "Plan Width": 0, "Actual Startup Time": 1.397, "Actual Total Time": 1.397, "Actual Rows": 588, "Actual Loops": 84, "Index Cond": "(l_orderkey = orders.o_orderkey)"}]}]}]}]}]}, "Triggers": [], "Planner Runtime": 1.909, "Total Runtime": 56826.202, "Unique SQL Id": 1915754155}}, "(16, '51')": {"explain_plan": {"Plan": {"Node Type": "Limit", "Startup Cost": 1000324838994.8, "Total Cost": 1000324838995.05, "Plan Rows": 100, "Plan Width": 67, "Plans": [{"Node Type": "Sort", "Parent Relationship": "Outer", "Startup Cost": 1000324838994.8, "Total Cost": 1000324839310.61, "Plan Rows": 100, "Plan Width": 67, "Sort Key": ["orders.o_totalprice DESC", "orders.o_orderdate"], "Plans": [{"Node Type": "Aggregate", "Strategy": "Hashed", "Parent Relationship": "Outer", "Startup Cost": 1000324832903.7, "Total Cost": 1000324834166.91, "Plan Rows": 126321, "Plan Width": 67, "Group By Key": ["orders.o_totalprice", "orders.o_orderdate", "customer.c_name", "customer.c_custkey", "orders.o_orderkey"], "Plans": [{"Node Type": "Nested Loop", "Parent Relationship": "Outer", "Join Type": "Inner", "Startup Cost": 1000324315313.67, "Total Cost": 1000324831008.88, "Plan Rows": 126321, "Plan Width": 59, "Inner Unique": false, "Plans": [{"Node Type": "Nested Loop", "Parent Relationship": "Outer", "Join Type": "Inner", "Startup Cost": 1000324315313.29, "Total Cost": 1000324767232.73, "Plan Rows": 13913, "Plan Width": 59, "Inner Unique": true, "Plans": [{"Node Type": "Nested Loop", "Parent Relationship": "Outer", "Join Type": "Inner", "Startup Cost": 1000324315313.03, "Total Cost": 1000324625792.4, "Plan Rows": 33034, "Plan Width": 40, "Inner Unique": true, "Plans": [{"Node Type": "Aggregate", "Strategy": "Hashed", "Parent Relationship": "Outer", "Startup Cost": 1000324315309.67, "Total Cost": 1000324381460.28, "Plan Rows": 33034, "Plan Width": 24, "Group By Key": ["public.lineitem.l_orderkey"], "Filter": "(sum(public.lineitem.l_quantity) > 314::double precision), (LLVM Optimized)", "Plans": [{"Node Type": "Index Scan", "Parent Relationship": "Outer", "Scan Direction": "Forward", "Index Name": "idx_lineitem_orderkey", "Relation Name": "lineitem", "Alias": "lineitem", "Startup Cost": 10000000000.0, "Total Cost": 1000324015374.5, "Plan Rows": 59987033, "Plan Width": 16}]}, {"Node Type": "Bitmap Heap Scan", "Parent Relationship": "Inner", "Relation Name": "orders", "Alias": "orders", "Startup Cost": 3.36, "Total Cost": 7.38, "Plan Rows": 1, "Plan Width": 32, "Recheck Cond": "(o_orderkey = public.lineitem.l_orderkey)", "Plans": [{"Node Type": "Bitmap Index Scan", "Parent Relationship": "Outer", "Index Name": "orders_pkey", "Startup Cost": 0.0, "Total Cost": 3.36, "Plan Rows": 1, "Plan Width": 0, "Index Cond": "(o_orderkey = public.lineitem.l_orderkey)"}]}]}, {"Node Type": "Bitmap Heap Scan", "Parent Relationship": "Inner", "Relation Name": "customer", "Alias": "customer", "Startup Cost": 0.26, "Total Cost": 4.27, "Plan Rows": 1, "Plan Width": 27, "Recheck Cond": "(c_custkey = orders.o_custkey)", "Plans": [{"Node Type": "Bitmap Index Scan", "Parent Relationship": "Outer", "Index Name": "customer_pkey", "Startup Cost": 0.0, "Total Cost": 0.26, "Plan Rows": 1, "Plan Width": 0, "Index Cond": "(c_custkey = orders.o_custkey)"}]}]}, {"Node Type": "Bitmap Heap Scan", "Parent Relationship": "Inner", "Relation Name": "lineitem", "Alias": "lineitem", "Startup Cost": 0.38, "Total Cost": 4.49, "Plan Rows": 9, "Plan Width": 16, "Recheck Cond": "(l_orderkey = orders.o_orderkey)", "Plans": [{"Node Type": "Bitmap Index Scan", "Parent Relationship": "Outer", "Index Name": "idx_lineitem_orderkey", "Startup Cost": 0.0, "Total Cost": 0.38, "Plan Rows": 9, "Plan Width": 0, "Index Cond": "(l_orderkey = orders.o_orderkey)"}]}]}]}]}]}, "Unique SQL Id": 1915754155, "Planner Runtime": 0}, "explain_analyze_plan": {"Plan": {"Node Type": "Limit", "Startup Cost": 1000324838994.8, "Total Cost": 1000324838995.05, "Plan Rows": 100, "Plan Width": 67, "Actual Startup Time": 80385.074, "Actual Total Time": 80385.092, "Actual Rows": 84, "Actual Loops": 1, "Plans": [{"Node Type": "Sort", "Parent Relationship": "Outer", "Startup Cost": 1000324838994.8, "Total Cost": 1000324839310.61, "Plan Rows": 100, "Plan Width": 67, "Actual Startup Time": 80385.071, "Actual Total Time": 80385.08, "Actual Rows": 84, "Actual Loops": 1, "Sort Key": ["orders.o_totalprice DESC", "orders.o_orderdate"], "Sort Method": "quicksort", "Sort Space Used": 38, "Sort Space Type": "Memory", "Plans": [{"Node Type": "Aggregate", "Strategy": "Hashed", "Parent Relationship": "Outer", "Startup Cost": 1000324832903.7, "Total Cost": 1000324834166.91, "Plan Rows": 126321, "Plan Width": 67, "Actual Startup Time": 80384.393, "Actual Total Time": 80384.969, "Actual Rows": 84, "Actual Loops": 1, "Group By Key": ["orders.o_totalprice", "orders.o_orderdate", "customer.c_name", "customer.c_custkey", "orders.o_orderkey"], "Plans": [{"Node Type": "Nested Loop", "Parent Relationship": "Outer", "Join Type": "Inner", "Startup Cost": 1000324315313.67, "Total Cost": 1000324831008.88, "Plan Rows": 126321, "Plan Width": 59, "Actual Startup Time": 72233.603, "Actual Total Time": 80382.462, "Actual Rows": 588, "Actual Loops": 1, "Inner Unique": false, "Plans": [{"Node Type": "Nested Loop", "Parent Relationship": "Outer", "Join Type": "Inner", "Startup Cost": 1000324315313.29, "Total Cost": 1000324767232.73, "Plan Rows": 13913, "Plan Width": 59, "Actual Startup Time": 72233.569, "Actual Total Time": 80379.219, "Actual Rows": 84, "Actual Loops": 1, "Inner Unique": true, "Plans": [{"Node Type": "Nested Loop", "Parent Relationship": "Outer", "Join Type": "Inner", "Startup Cost": 1000324315313.03, "Total Cost": 1000324625792.4, "Plan Rows": 33034, "Plan Width": 40, "Actual Startup Time": 72233.51, "Actual Total Time": 80376.925, "Actual Rows": 84, "Actual Loops": 1, "Inner Unique": true, "Plans": [{"Node Type": "Aggregate", "Strategy": "Hashed", "Parent Relationship": "Outer", "Startup Cost": 1000324315309.67, "Total Cost": 1000324381460.28, "Plan Rows": 33034, "Plan Width": 24, "Actual Startup Time": 72233.393, "Actual Total Time": 80354.823, "Actual Rows": 84, "Actual Loops": 1, "Group By Key": ["public.lineitem.l_orderkey"], "Filter": "(sum(public.lineitem.l_quantity) > 314::double precision), (LLVM Optimized, Jit Execute)", "Rows Removed by Filter": 14999916, "Plans": [{"Node Type": "Index Scan", "Parent Relationship": "Outer", "Scan Direction": "Forward", "Index Name": "idx_lineitem_orderkey", "Relation Name": "lineitem", "Alias": "lineitem", "Startup Cost": 10000000000.0, "Total Cost": 1000324015374.5, "Plan Rows": 59987033, "Plan Width": 16, "Actual Startup Time": 0.063, "Actual Total Time": 42277.738, "Actual Rows": 59986052, "Actual Loops": 1}]}, {"Node Type": "Bitmap Heap Scan", "Parent Relationship": "Inner", "Relation Name": "orders", "Alias": "orders", "Startup Cost": 3.36, "Total Cost": 7.38, "Plan Rows": 1, "Plan Width": 32, "Actual Startup Time": 3.479, "Actual Total Time": 3.479, "Actual Rows": 84, "Actual Loops": 84, "Recheck Cond": "(o_orderkey = public.lineitem.l_orderkey)", "Rows Removed by Index Recheck": 0, "Exact Heap Blocks": 84, "Lossy Heap Blocks": 84, "Plans": [{"Node Type": "Bitmap Index Scan", "Parent Relationship": "Outer", "Index Name": "orders_pkey", "Startup Cost": 0.0, "Total Cost": 3.36, "Plan Rows": 1, "Plan Width": 0, "Actual Startup Time": 2.316, "Actual Total Time": 2.316, "Actual Rows": 84, "Actual Loops": 84, "Index Cond": "(o_orderkey = public.lineitem.l_orderkey)"}]}]}, {"Node Type": "Bitmap Heap Scan", "Parent Relationship": "Inner", "Relation Name": "customer", "Alias": "customer", "Startup Cost": 0.26, "Total Cost": 4.27, "Plan Rows": 1, "Plan Width": 27, "Actual Startup Time": 1.615, "Actual Total Time": 1.615, "Actual Rows": 84, "Actual Loops": 84, "Recheck Cond": "(c_custkey = orders.o_custkey)", "Rows Removed by Index Recheck": 0, "Exact Heap Blocks": 84, "Lossy Heap Blocks": 84, "Plans": [{"Node Type": "Bitmap Index Scan", "Parent Relationship": "Outer", "Index Name": "customer_pkey", "Startup Cost": 0.0, "Total Cost": 0.26, "Plan Rows": 1, "Plan Width": 0, "Actual Startup Time": 0.975, "Actual Total Time": 0.975, "Actual Rows": 84, "Actual Loops": 84, "Index Cond": "(c_custkey = orders.o_custkey)"}]}]}, {"Node Type": "Bitmap Heap Scan", "Parent Relationship": "Inner", "Relation Name": "lineitem", "Alias": "lineitem", "Startup Cost": 0.38, "Total Cost": 4.49, "Plan Rows": 9, "Plan Width": 16, "Actual Startup Time": 2.193, "Actual Total Time": 2.369, "Actual Rows": 588, "Actual Loops": 84, "Recheck Cond": "(l_orderkey = orders.o_orderkey)", "Rows Removed by Index Recheck": 0, "Exact Heap Blocks": 96, "Lossy Heap Blocks": 96, "Plans": [{"Node Type": "Bitmap Index Scan", "Parent Relationship": "Outer", "Index Name": "idx_lineitem_orderkey", "Startup Cost": 0.0, "Total Cost": 0.38, "Plan Rows": 9, "Plan Width": 0, "Actual Startup Time": 1.36, "Actual Total Time": 1.36, "Actual Rows": 588, "Actual Loops": 84, "Index Cond": "(l_orderkey = orders.o_orderkey)"}]}]}]}]}]}, "Triggers": [], "Planner Runtime": 2.016, "Total Runtime": 80394.686, "Unique SQL Id": 1915754155}}, "(16, '52')": {"explain_plan": {"Plan": {"Node Type": "Limit", "Startup Cost": 2649029.8, "Total Cost": 2649030.05, "Plan Rows": 100, "Plan Width": 67, "Plans": [{"Node Type": "Sort", "Parent Relationship": "Outer", "Startup Cost": 2649029.8, "Total Cost": 2649345.6, "Plan Rows": 100, "Plan Width": 67, "Sort Key": ["orders.o_totalprice DESC", "orders.o_orderdate"], "Plans": [{"Node Type": "Aggregate", "Strategy": "Hashed", "Parent Relationship": "Outer", "Startup Cost": 2642938.69, "Total Cost": 2644201.9, "Plan Rows": 126321, "Plan Width": 67, "Group By Key": ["orders.o_totalprice", "orders.o_orderdate", "customer.c_name", "customer.c_custkey", "orders.o_orderkey"], "Plans": [{"Node Type": "Nested Loop", "Parent Relationship": "Outer", "Join Type": "Inner", "Startup Cost": 2315050.5, "Total Cost": 2641043.88, "Plan Rows": 126321, "Plan Width": 59, "Inner Unique": false, "Plans": [{"Node Type": "Nested Loop", "Parent Relationship": "Outer", "Join Type": "Inner", "Startup Cost": 2315050.5, "Total Cost": 2627700.1, "Plan Rows": 13913, "Plan Width": 59, "Inner Unique": true, "Plans": [{"Node Type": "Nested Loop", "Parent Relationship": "Outer", "Join Type": "Inner", "Startup Cost": 2315050.5, "Total Cost": 2618076.97, "Plan Rows": 33034, "Plan Width": 40, "Inner Unique": true, "Plans": [{"Node Type": "Aggregate", "Strategy": "Hashed", "Parent Relationship": "Outer", "Startup Cost": 2315050.5, "Total Cost": 2381201.11, "Plan Rows": 33034, "Plan Width": 24, "Group By Key": ["public.lineitem.l_orderkey"], "Filter": "(sum(public.lineitem.l_quantity) > 314::double precision), (LLVM Optimized)", "Plans": [{"Node Type": "Seq Scan", "Parent Relationship": "Outer", "Relation Name": "lineitem", "Alias": "lineitem", "Startup Cost": 0.0, "Total Cost": 2015115.33, "Plan Rows": 59987033, "Plan Width": 16}]}, {"Node Type": "Index Scan", "Parent Relationship": "Inner", "Scan Direction": "Forward", "Index Name": "orders_pkey", "Relation Name": "orders", "Alias": "orders", "Startup Cost": 0.0, "Total Cost": 7.15, "Plan Rows": 1, "Plan Width": 32, "Index Cond": "(o_orderkey = public.lineitem.l_orderkey)"}]}, {"Node Type": "Index Scan", "Parent Relationship": "Inner", "Scan Direction": "Forward", "Index Name": "customer_pkey", "Relation Name": "customer", "Alias": "customer", "Startup Cost": 0.0, "Total Cost": 0.28, "Plan Rows": 1, "Plan Width": 27, "Index Cond": "(c_custkey = orders.o_custkey)"}]}, {"Node Type": "Index Scan", "Parent Relationship": "Inner", "Scan Direction": "Forward", "Index Name": "idx_lineitem_orderkey", "Relation Name": "lineitem", "Alias": "lineitem", "Startup Cost": 0.0, "Total Cost": 0.87, "Plan Rows": 9, "Plan Width": 16, "Index Cond": "(l_orderkey = orders.o_orderkey)"}]}]}]}]}, "Unique SQL Id": 1915754155, "Planner Runtime": 0}, "explain_analyze_plan": {"Plan": {"Node Type": "Limit", "Startup Cost": 2649029.8, "Total Cost": 2649030.05, "Plan Rows": 100, "Plan Width": 67, "Actual Startup Time": 53367.336, "Actual Total Time": 53367.355, "Actual Rows": 84, "Actual Loops": 1, "Plans": [{"Node Type": "Sort", "Parent Relationship": "Outer", "Startup Cost": 2649029.8, "Total Cost": 2649345.6, "Plan Rows": 100, "Plan Width": 67, "Actual Startup Time": 53367.333, "Actual Total Time": 53367.342, "Actual Rows": 84, "Actual Loops": 1, "Sort Key": ["orders.o_totalprice DESC", "orders.o_orderdate"], "Sort Method": "quicksort", "Sort Space Used": 38, "Sort Space Type": "Memory", "Plans": [{"Node Type": "Aggregate", "Strategy": "Hashed", "Parent Relationship": "Outer", "Startup Cost": 2642938.69, "Total Cost": 2644201.9, "Plan Rows": 126321, "Plan Width": 67, "Actual Startup Time": 53366.678, "Actual Total Time": 53367.237, "Actual Rows": 84, "Actual Loops": 1, "Group By Key": ["orders.o_totalprice", "orders.o_orderdate", "customer.c_name", "customer.c_custkey", "orders.o_orderkey"], "Plans": [{"Node Type": "Nested Loop", "Parent Relationship": "Outer", "Join Type": "Inner", "Startup Cost": 2315050.5, "Total Cost": 2641043.88, "Plan Rows": 126321, "Plan Width": 59, "Actual Startup Time": 47583.176, "Actual Total Time": 53364.795, "Actual Rows": 588, "Actual Loops": 1, "Inner Unique": false, "Plans": [{"Node Type": "Nested Loop", "Parent Relationship": "Outer", "Join Type": "Inner", "Startup Cost": 2315050.5, "Total Cost": 2627700.1, "Plan Rows": 13913, "Plan Width": 59, "Actual Startup Time": 47583.15, "Actual Total Time": 53362.449, "Actual Rows": 84, "Actual Loops": 1, "Inner Unique": true, "Plans": [{"Node Type": "Nested Loop", "Parent Relationship": "Outer", "Join Type": "Inner", "Startup Cost": 2315050.5, "Total Cost": 2618076.97, "Plan Rows": 33034, "Plan Width": 40, "Actual Startup Time": 47583.13, "Actual Total Time": 53361.021, "Actual Rows": 84, "Actual Loops": 1, "Inner Unique": true, "Plans": [{"Node Type": "Aggregate", "Strategy": "Hashed", "Parent Relationship": "Outer", "Startup Cost": 2315050.5, "Total Cost": 2381201.11, "Plan Rows": 33034, "Plan Width": 24, "Actual Startup Time": 47583.052, "Actual Total Time": 53340.03, "Actual Rows": 84, "Actual Loops": 1, "Group By Key": ["public.lineitem.l_orderkey"], "Filter": "(sum(public.lineitem.l_quantity) > 314::double precision), (LLVM Optimized, Jit Execute)", "Rows Removed by Filter": 14999916, "Plans": [{"Node Type": "Seq Scan", "Parent Relationship": "Outer", "Relation Name": "lineitem", "Alias": "lineitem", "Startup Cost": 0.0, "Total Cost": 2015115.33, "Plan Rows": 59987033, "Plan Width": 16, "Actual Startup Time": 0.044, "Actual Total Time": 20352.533, "Actual Rows": 59986052, "Actual Loops": 1}]}, {"Node Type": "Index Scan", "Parent Relationship": "Inner", "Scan Direction": "Forward", "Index Name": "orders_pkey", "Relation Name": "orders", "Alias": "orders", "Startup Cost": 0.0, "Total Cost": 7.15, "Plan Rows": 1, "Plan Width": 32, "Actual Startup Time": 2.902, "Actual Total Time": 2.902, "Actual Rows": 84, "Actual Loops": 84, "Index Cond": "(o_orderkey = public.lineitem.l_orderkey)", "Rows Removed by Index Recheck": 0}]}, {"Node Type": "Index Scan", "Parent Relationship": "Inner", "Scan Direction": "Forward", "Index Name": "customer_pkey", "Relation Name": "customer", "Alias": "customer", "Startup Cost": 0.0, "Total Cost": 0.28, "Plan Rows": 1, "Plan Width": 27, "Actual Startup Time": 1.048, "Actual Total Time": 1.048, "Actual Rows": 84, "Actual Loops": 84, "Index Cond": "(c_custkey = orders.o_custkey)", "Rows Removed by Index Recheck": 0}]}, {"Node Type": "Index Scan", "Parent Relationship": "Inner", "Scan Direction": "Forward", "Index Name": "idx_lineitem_orderkey", "Relation Name": "lineitem", "Alias": "lineitem", "Startup Cost": 0.0, "Total Cost": 0.87, "Plan Rows": 9, "Plan Width": 16, "Actual Startup Time": 1.401, "Actual Total Time": 1.898, "Actual Rows": 588, "Actual Loops": 84, "Index Cond": "(l_orderkey = orders.o_orderkey)", "Rows Removed by Index Recheck": 0}]}]}]}]}, "Triggers": [], "Planner Runtime": 2.116, "Total Runtime": 53376.681, "Unique SQL Id": 1915754155}}, "(16, '53')": {"explain_plan": {"Plan": {"Node Type": "Limit", "Startup Cost": 3874068.21, "Total Cost": 3874068.46, "Plan Rows": 100, "Plan Width": 67, "Plans": [{"Node Type": "Sort", "Parent Relationship": "Outer", "Startup Cost": 3874068.21, "Total Cost": 3874384.02, "Plan Rows": 100, "Plan Width": 67, "Sort Key": ["orders.o_totalprice DESC", "orders.o_orderdate"], "Plans": [{"Node Type": "Aggregate", "Strategy": "Hashed", "Parent Relationship": "Outer", "Startup Cost": 3867977.11, "Total Cost": 3869240.32, "Plan Rows": 126321, "Plan Width": 67, "Group By Key": ["orders.o_totalprice", "orders.o_orderdate", "customer.c_name", "customer.c_custkey", "orders.o_orderkey"], "Plans": [{"Node Type": "Nested Loop", "Parent Relationship": "Outer", "Join Type": "Inner", "Startup Cost": 3540088.91, "Total Cost": 3866082.29, "Plan Rows": 126321, "Plan Width": 59, "Inner Unique": false, "Plans": [{"Node Type": "Nested Loop", "Parent Relationship": "Outer", "Join Type": "Inner", "Startup Cost": 3540088.91, "Total Cost": 3852738.51, "Plan Rows": 13913, "Plan Width": 59, "Inner Unique": true, "Plans": [{"Node Type": "Nested Loop", "Parent Relationship": "Outer", "Join Type": "Inner", "Startup Cost": 3540088.91, "Total Cost": 3843115.38, "Plan Rows": 33034, "Plan Width": 40, "Inner Unique": true, "Plans": [{"Node Type": "Aggregate", "Strategy": "Hashed", "Parent Relationship": "Outer", "Startup Cost": 3540088.91, "Total Cost": 3606239.52, "Plan Rows": 33034, "Plan Width": 24, "Group By Key": ["public.lineitem.l_orderkey"], "Filter": "(sum(public.lineitem.l_quantity) > 314::double precision), (LLVM Optimized)", "Plans": [{"Node Type": "Index Scan", "Parent Relationship": "Outer", "Scan Direction": "Forward", "Index Name": "idx_lineitem_orderkey", "Relation Name": "lineitem", "Alias": "lineitem", "Startup Cost": 0.0, "Total Cost": 3240153.75, "Plan Rows": 59987033, "Plan Width": 16}]}, {"Node Type": "Index Scan", "Parent Relationship": "Inner", "Scan Direction": "Forward", "Index Name": "orders_pkey", "Relation Name": "orders", "Alias": "orders", "Startup Cost": 0.0, "Total Cost": 7.15, "Plan Rows": 1, "Plan Width": 32, "Index Cond": "(o_orderkey = public.lineitem.l_orderkey)"}]}, {"Node Type": "Index Scan", "Parent Relationship": "Inner", "Scan Direction": "Forward", "Index Name": "customer_pkey", "Relation Name": "customer", "Alias": "customer", "Startup Cost": 0.0, "Total Cost": 0.28, "Plan Rows": 1, "Plan Width": 27, "Index Cond": "(c_custkey = orders.o_custkey)"}]}, {"Node Type": "Index Scan", "Parent Relationship": "Inner", "Scan Direction": "Forward", "Index Name": "idx_lineitem_orderkey", "Relation Name": "lineitem", "Alias": "lineitem", "Startup Cost": 0.0, "Total Cost": 0.87, "Plan Rows": 9, "Plan Width": 16, "Index Cond": "(l_orderkey = orders.o_orderkey)"}]}]}]}]}, "Unique SQL Id": 1915754155, "Planner Runtime": 0}, "explain_analyze_plan": {"Plan": {"Node Type": "Limit", "Startup Cost": 3874068.21, "Total Cost": 3874068.46, "Plan Rows": 100, "Plan Width": 67, "Actual Startup Time": 80046.048, "Actual Total Time": 80046.063, "Actual Rows": 84, "Actual Loops": 1, "Plans": [{"Node Type": "Sort", "Parent Relationship": "Outer", "Startup Cost": 3874068.21, "Total Cost": 3874384.02, "Plan Rows": 100, "Plan Width": 67, "Actual Startup Time": 80046.046, "Actual Total Time": 80046.051, "Actual Rows": 84, "Actual Loops": 1, "Sort Key": ["orders.o_totalprice DESC", "orders.o_orderdate"], "Sort Method": "quicksort", "Sort Space Used": 38, "Sort Space Type": "Memory", "Plans": [{"Node Type": "Aggregate", "Strategy": "Hashed", "Parent Relationship": "Outer", "Startup Cost": 3867977.11, "Total Cost": 3869240.32, "Plan Rows": 126321, "Plan Width": 67, "Actual Startup Time": 80045.618, "Actual Total Time": 80045.952, "Actual Rows": 84, "Actual Loops": 1, "Group By Key": ["orders.o_totalprice", "orders.o_orderdate", "customer.c_name", "customer.c_custkey", "orders.o_orderkey"], "Plans": [{"Node Type": "Nested Loop", "Parent Relationship": "Outer", "Join Type": "Inner", "Startup Cost": 3540088.91, "Total Cost": 3866082.29, "Plan Rows": 126321, "Plan Width": 59, "Actual Startup Time": 71660.31, "Actual Total Time": 80043.737, "Actual Rows": 588, "Actual Loops": 1, "Inner Unique": false, "Plans": [{"Node Type": "Nested Loop", "Parent Relationship": "Outer", "Join Type": "Inner", "Startup Cost": 3540088.91, "Total Cost": 3852738.51, "Plan Rows": 13913, "Plan Width": 59, "Actual Startup Time": 71660.278, "Actual Total Time": 80041.063, "Actual Rows": 84, "Actual Loops": 1, "Inner Unique": true, "Plans": [{"Node Type": "Nested Loop", "Parent Relationship": "Outer", "Join Type": "Inner", "Startup Cost": 3540088.91, "Total Cost": 3843115.38, "Plan Rows": 33034, "Plan Width": 40, "Actual Startup Time": 71660.251, "Actual Total Time": 80039.183, "Actual Rows": 84, "Actual Loops": 1, "Inner Unique": true, "Plans": [{"Node Type": "Aggregate", "Strategy": "Hashed", "Parent Relationship": "Outer", "Startup Cost": 3540088.91, "Total Cost": 3606239.52, "Plan Rows": 33034, "Plan Width": 24, "Actual Startup Time": 71660.193, "Actual Total Time": 80016.864, "Actual Rows": 84, "Actual Loops": 1, "Group By Key": ["public.lineitem.l_orderkey"], "Filter": "(sum(public.lineitem.l_quantity) > 314::double precision), (LLVM Optimized, Jit Execute)", "Rows Removed by Filter": 14999916, "Plans": [{"Node Type": "Index Scan", "Parent Relationship": "Outer", "Scan Direction": "Forward", "Index Name": "idx_lineitem_orderkey", "Relation Name": "lineitem", "Alias": "lineitem", "Startup Cost": 0.0, "Total Cost": 3240153.75, "Plan Rows": 59987033, "Plan Width": 16, "Actual Startup Time": 0.058, "Actual Total Time": 41400.691, "Actual Rows": 59986052, "Actual Loops": 1}]}, {"Node Type": "Index Scan", "Parent Relationship": "Inner", "Scan Direction": "Forward", "Index Name": "orders_pkey", "Relation Name": "orders", "Alias": "orders", "Startup Cost": 0.0, "Total Cost": 7.15, "Plan Rows": 1, "Plan Width": 32, "Actual Startup Time": 2.944, "Actual Total Time": 2.944, "Actual Rows": 84, "Actual Loops": 84, "Index Cond": "(o_orderkey = public.lineitem.l_orderkey)", "Rows Removed by Index Recheck": 0}]}, {"Node Type": "Index Scan", "Parent Relationship": "Inner", "Scan Direction": "Forward", "Index Name": "customer_pkey", "Relation Name": "customer", "Alias": "customer", "Startup Cost": 0.0, "Total Cost": 0.28, "Plan Rows": 1, "Plan Width": 27, "Actual Startup Time": 1.358, "Actual Total Time": 1.358, "Actual Rows": 84, "Actual Loops": 84, "Index Cond": "(c_custkey = orders.o_custkey)", "Rows Removed by Index Recheck": 0}]}, {"Node Type": "Index Scan", "Parent Relationship": "Inner", "Scan Direction": "Forward", "Index Name": "idx_lineitem_orderkey", "Relation Name": "lineitem", "Alias": "lineitem", "Startup Cost": 0.0, "Total Cost": 0.87, "Plan Rows": 9, "Plan Width": 16, "Actual Startup Time": 1.639, "Actual Total Time": 2.066, "Actual Rows": 588, "Actual Loops": 84, "Index Cond": "(l_orderkey = orders.o_orderkey)", "Rows Removed by Index Recheck": 0}]}]}]}]}, "Triggers": [], "Planner Runtime": 2.569, "Total Runtime": 80056.92, "Unique SQL Id": 1915754155}}, "(16, '54')": {"explain_plan": {"Plan": {"Node Type": "Limit", "Startup Cost": 2838735.63, "Total Cost": 2838735.88, "Plan Rows": 100, "Plan Width": 67, "Plans": [{"Node Type": "Sort", "Parent Relationship": "Outer", "Startup Cost": 2838735.63, "Total Cost": 2839051.44, "Plan Rows": 100, "Plan Width": 67, "Sort Key": ["orders.o_totalprice DESC", "orders.o_orderdate"], "Plans": [{"Node Type": "Aggregate", "Strategy": "Hashed", "Parent Relationship": "Outer", "Startup Cost": 2832644.53, "Total Cost": 2833907.74, "Plan Rows": 126321, "Plan Width": 67, "Group By Key": ["orders.o_totalprice", "orders.o_orderdate", "customer.c_name", "customer.c_custkey", "orders.o_orderkey"], "Plans": [{"Node Type": "Nested Loop", "Parent Relationship": "Outer", "Join Type": "Inner", "Startup Cost": 2315054.5, "Total Cost": 2830749.71, "Plan Rows": 126321, "Plan Width": 59, "Inner Unique": false, "Plans": [{"Node Type": "Nested Loop", "Parent Relationship": "Outer", "Join Type": "Inner", "Startup Cost": 2315054.12, "Total Cost": 2766973.56, "Plan Rows": 13913, "Plan Width": 59, "Inner Unique": true, "Plans": [{"Node Type": "Nested Loop", "Parent Relationship": "Outer", "Join Type": "Inner", "Startup Cost": 2315053.86, "Total Cost": 2625533.23, "Plan Rows": 33034, "Plan Width": 40, "Inner Unique": true, "Plans": [{"Node Type": "Aggregate", "Strategy": "Hashed", "Parent Relationship": "Outer", "Startup Cost": 2315050.5, "Total Cost": 2381201.11, "Plan Rows": 33034, "Plan Width": 24, "Group By Key": ["public.lineitem.l_orderkey"], "Filter": "(sum(public.lineitem.l_quantity) > 314::double precision), (LLVM Optimized)", "Plans": [{"Node Type": "Seq Scan", "Parent Relationship": "Outer", "Relation Name": "lineitem", "Alias": "lineitem", "Startup Cost": 0.0, "Total Cost": 2015115.33, "Plan Rows": 59987033, "Plan Width": 16}]}, {"Node Type": "Bitmap Heap Scan", "Parent Relationship": "Inner", "Relation Name": "orders", "Alias": "orders", "Startup Cost": 3.36, "Total Cost": 7.38, "Plan Rows": 1, "Plan Width": 32, "Recheck Cond": "(o_orderkey = public.lineitem.l_orderkey)", "Plans": [{"Node Type": "Bitmap Index Scan", "Parent Relationship": "Outer", "Index Name": "orders_pkey", "Startup Cost": 0.0, "Total Cost": 3.36, "Plan Rows": 1, "Plan Width": 0, "Index Cond": "(o_orderkey = public.lineitem.l_orderkey)"}]}]}, {"Node Type": "Bitmap Heap Scan", "Parent Relationship": "Inner", "Relation Name": "customer", "Alias": "customer", "Startup Cost": 0.26, "Total Cost": 4.27, "Plan Rows": 1, "Plan Width": 27, "Recheck Cond": "(c_custkey = orders.o_custkey)", "Plans": [{"Node Type": "Bitmap Index Scan", "Parent Relationship": "Outer", "Index Name": "customer_pkey", "Startup Cost": 0.0, "Total Cost": 0.26, "Plan Rows": 1, "Plan Width": 0, "Index Cond": "(c_custkey = orders.o_custkey)"}]}]}, {"Node Type": "Bitmap Heap Scan", "Parent Relationship": "Inner", "Relation Name": "lineitem", "Alias": "lineitem", "Startup Cost": 0.38, "Total Cost": 4.49, "Plan Rows": 9, "Plan Width": 16, "Recheck Cond": "(l_orderkey = orders.o_orderkey)", "Plans": [{"Node Type": "Bitmap Index Scan", "Parent Relationship": "Outer", "Index Name": "idx_lineitem_orderkey", "Startup Cost": 0.0, "Total Cost": 0.38, "Plan Rows": 9, "Plan Width": 0, "Index Cond": "(l_orderkey = orders.o_orderkey)"}]}]}]}]}]}, "Unique SQL Id": 1915754155, "Planner Runtime": 1}, "explain_analyze_plan": {"Plan": {"Node Type": "Limit", "Startup Cost": 2838735.63, "Total Cost": 2838735.88, "Plan Rows": 100, "Plan Width": 67, "Actual Startup Time": 56816.861, "Actual Total Time": 56816.878, "Actual Rows": 84, "Actual Loops": 1, "Plans": [{"Node Type": "Sort", "Parent Relationship": "Outer", "Startup Cost": 2838735.63, "Total Cost": 2839051.44, "Plan Rows": 100, "Plan Width": 67, "Actual Startup Time": 56816.858, "Actual Total Time": 56816.864, "Actual Rows": 84, "Actual Loops": 1, "Sort Key": ["orders.o_totalprice DESC", "orders.o_orderdate"], "Sort Method": "quicksort", "Sort Space Used": 38, "Sort Space Type": "Memory", "Plans": [{"Node Type": "Aggregate", "Strategy": "Hashed", "Parent Relationship": "Outer", "Startup Cost": 2832644.53, "Total Cost": 2833907.74, "Plan Rows": 126321, "Plan Width": 67, "Actual Startup Time": 56816.186, "Actual Total Time": 56816.761, "Actual Rows": 84, "Actual Loops": 1, "Group By Key": ["orders.o_totalprice", "orders.o_orderdate", "customer.c_name", "customer.c_custkey", "orders.o_orderkey"], "Plans": [{"Node Type": "Nested Loop", "Parent Relationship": "Outer", "Join Type": "Inner", "Startup Cost": 2315054.5, "Total Cost": 2830749.71, "Plan Rows": 126321, "Plan Width": 59, "Actual Startup Time": 48198.766, "Actual Total Time": 56814.109, "Actual Rows": 588, "Actual Loops": 1, "Inner Unique": false, "Plans": [{"Node Type": "Nested Loop", "Parent Relationship": "Outer", "Join Type": "Inner", "Startup Cost": 2315054.12, "Total Cost": 2766973.56, "Plan Rows": 13913, "Plan Width": 59, "Actual Startup Time": 48198.721, "Actual Total Time": 56810.721, "Actual Rows": 84, "Actual Loops": 1, "Inner Unique": true, "Plans": [{"Node Type": "Nested Loop", "Parent Relationship": "Outer", "Join Type": "Inner", "Startup Cost": 2315053.86, "Total Cost": 2625533.23, "Plan Rows": 33034, "Plan Width": 40, "Actual Startup Time": 48198.687, "Actual Total Time": 56808.366, "Actual Rows": 84, "Actual Loops": 1, "Inner Unique": true, "Plans": [{"Node Type": "Aggregate", "Strategy": "Hashed", "Parent Relationship": "Outer", "Startup Cost": 2315050.5, "Total Cost": 2381201.11, "Plan Rows": 33034, "Plan Width": 24, "Actual Startup Time": 48198.557, "Actual Total Time": 56784.379, "Actual Rows": 84, "Actual Loops": 1, "Group By Key": ["public.lineitem.l_orderkey"], "Filter": "(sum(public.lineitem.l_quantity) > 314::double precision), (LLVM Optimized, Jit Execute)", "Rows Removed by Filter": 14999916, "Plans": [{"Node Type": "Seq Scan", "Parent Relationship": "Outer", "Relation Name": "lineitem", "Alias": "lineitem", "Startup Cost": 0.0, "Total Cost": 2015115.33, "Plan Rows": 59987033, "Plan Width": 16, "Actual Startup Time": 0.061, "Actual Total Time": 20248.535, "Actual Rows": 59986052, "Actual Loops": 1}]}, {"Node Type": "Bitmap Heap Scan", "Parent Relationship": "Inner", "Relation Name": "orders", "Alias": "orders", "Startup Cost": 3.36, "Total Cost": 7.38, "Plan Rows": 1, "Plan Width": 32, "Actual Startup Time": 3.477, "Actual Total Time": 3.477, "Actual Rows": 84, "Actual Loops": 84, "Recheck Cond": "(o_orderkey = public.lineitem.l_orderkey)", "Rows Removed by Index Recheck": 0, "Exact Heap Blocks": 84, "Lossy Heap Blocks": 84, "Plans": [{"Node Type": "Bitmap Index Scan", "Parent Relationship": "Outer", "Index Name": "orders_pkey", "Startup Cost": 0.0, "Total Cost": 3.36, "Plan Rows": 1, "Plan Width": 0, "Actual Startup Time": 2.267, "Actual Total Time": 2.267, "Actual Rows": 84, "Actual Loops": 84, "Index Cond": "(o_orderkey = public.lineitem.l_orderkey)"}]}]}, {"Node Type": "Bitmap Heap Scan", "Parent Relationship": "Inner", "Relation Name": "customer", "Alias": "customer", "Startup Cost": 0.26, "Total Cost": 4.27, "Plan Rows": 1, "Plan Width": 27, "Actual Startup Time": 1.662, "Actual Total Time": 1.662, "Actual Rows": 84, "Actual Loops": 84, "Recheck Cond": "(c_custkey = orders.o_custkey)", "Rows Removed by Index Recheck": 0, "Exact Heap Blocks": 84, "Lossy Heap Blocks": 84, "Plans": [{"Node Type": "Bitmap Index Scan", "Parent Relationship": "Outer", "Index Name": "customer_pkey", "Startup Cost": 0.0, "Total Cost": 0.26, "Plan Rows": 1, "Plan Width": 0, "Actual Startup Time": 1.033, "Actual Total Time": 1.033, "Actual Rows": 84, "Actual Loops": 84, "Index Cond": "(c_custkey = orders.o_custkey)"}]}]}, {"Node Type": "Bitmap Heap Scan", "Parent Relationship": "Inner", "Relation Name": "lineitem", "Alias": "lineitem", "Startup Cost": 0.38, "Total Cost": 4.49, "Plan Rows": 9, "Plan Width": 16, "Actual Startup Time": 2.278, "Actual Total Time": 2.466, "Actual Rows": 588, "Actual Loops": 84, "Recheck Cond": "(l_orderkey = orders.o_orderkey)", "Rows Removed by Index Recheck": 0, "Exact Heap Blocks": 96, "Lossy Heap Blocks": 96, "Plans": [{"Node Type": "Bitmap Index Scan", "Parent Relationship": "Outer", "Index Name": "idx_lineitem_orderkey", "Startup Cost": 0.0, "Total Cost": 0.38, "Plan Rows": 9, "Plan Width": 0, "Actual Startup Time": 1.397, "Actual Total Time": 1.397, "Actual Rows": 588, "Actual Loops": 84, "Index Cond": "(l_orderkey = orders.o_orderkey)"}]}]}]}]}]}, "Triggers": [], "Planner Runtime": 1.909, "Total Runtime": 56826.202, "Unique SQL Id": 1915754155}}, "(16, '55')": {"explain_plan": {"Plan": {"Node Type": "Limit", "Startup Cost": 1000324838994.8, "Total Cost": 1000324838995.05, "Plan Rows": 100, "Plan Width": 67, "Plans": [{"Node Type": "Sort", "Parent Relationship": "Outer", "Startup Cost": 1000324838994.8, "Total Cost": 1000324839310.61, "Plan Rows": 100, "Plan Width": 67, "Sort Key": ["orders.o_totalprice DESC", "orders.o_orderdate"], "Plans": [{"Node Type": "Aggregate", "Strategy": "Hashed", "Parent Relationship": "Outer", "Startup Cost": 1000324832903.7, "Total Cost": 1000324834166.91, "Plan Rows": 126321, "Plan Width": 67, "Group By Key": ["orders.o_totalprice", "orders.o_orderdate", "customer.c_name", "customer.c_custkey", "orders.o_orderkey"], "Plans": [{"Node Type": "Nested Loop", "Parent Relationship": "Outer", "Join Type": "Inner", "Startup Cost": 1000324315313.67, "Total Cost": 1000324831008.88, "Plan Rows": 126321, "Plan Width": 59, "Inner Unique": false, "Plans": [{"Node Type": "Nested Loop", "Parent Relationship": "Outer", "Join Type": "Inner", "Startup Cost": 1000324315313.29, "Total Cost": 1000324767232.73, "Plan Rows": 13913, "Plan Width": 59, "Inner Unique": true, "Plans": [{"Node Type": "Nested Loop", "Parent Relationship": "Outer", "Join Type": "Inner", "Startup Cost": 1000324315313.03, "Total Cost": 1000324625792.4, "Plan Rows": 33034, "Plan Width": 40, "Inner Unique": true, "Plans": [{"Node Type": "Aggregate", "Strategy": "Hashed", "Parent Relationship": "Outer", "Startup Cost": 1000324315309.67, "Total Cost": 1000324381460.28, "Plan Rows": 33034, "Plan Width": 24, "Group By Key": ["public.lineitem.l_orderkey"], "Filter": "(sum(public.lineitem.l_quantity) > 314::double precision), (LLVM Optimized)", "Plans": [{"Node Type": "Index Scan", "Parent Relationship": "Outer", "Scan Direction": "Forward", "Index Name": "idx_lineitem_orderkey", "Relation Name": "lineitem", "Alias": "lineitem", "Startup Cost": 10000000000.0, "Total Cost": 1000324015374.5, "Plan Rows": 59987033, "Plan Width": 16}]}, {"Node Type": "Bitmap Heap Scan", "Parent Relationship": "Inner", "Relation Name": "orders", "Alias": "orders", "Startup Cost": 3.36, "Total Cost": 7.38, "Plan Rows": 1, "Plan Width": 32, "Recheck Cond": "(o_orderkey = public.lineitem.l_orderkey)", "Plans": [{"Node Type": "Bitmap Index Scan", "Parent Relationship": "Outer", "Index Name": "orders_pkey", "Startup Cost": 0.0, "Total Cost": 3.36, "Plan Rows": 1, "Plan Width": 0, "Index Cond": "(o_orderkey = public.lineitem.l_orderkey)"}]}]}, {"Node Type": "Bitmap Heap Scan", "Parent Relationship": "Inner", "Relation Name": "customer", "Alias": "customer", "Startup Cost": 0.26, "Total Cost": 4.27, "Plan Rows": 1, "Plan Width": 27, "Recheck Cond": "(c_custkey = orders.o_custkey)", "Plans": [{"Node Type": "Bitmap Index Scan", "Parent Relationship": "Outer", "Index Name": "customer_pkey", "Startup Cost": 0.0, "Total Cost": 0.26, "Plan Rows": 1, "Plan Width": 0, "Index Cond": "(c_custkey = orders.o_custkey)"}]}]}, {"Node Type": "Bitmap Heap Scan", "Parent Relationship": "Inner", "Relation Name": "lineitem", "Alias": "lineitem", "Startup Cost": 0.38, "Total Cost": 4.49, "Plan Rows": 9, "Plan Width": 16, "Recheck Cond": "(l_orderkey = orders.o_orderkey)", "Plans": [{"Node Type": "Bitmap Index Scan", "Parent Relationship": "Outer", "Index Name": "idx_lineitem_orderkey", "Startup Cost": 0.0, "Total Cost": 0.38, "Plan Rows": 9, "Plan Width": 0, "Index Cond": "(l_orderkey = orders.o_orderkey)"}]}]}]}]}]}, "Unique SQL Id": 1915754155, "Planner Runtime": 0}, "explain_analyze_plan": {"Plan": {"Node Type": "Limit", "Startup Cost": 1000324838994.8, "Total Cost": 1000324838995.05, "Plan Rows": 100, "Plan Width": 67, "Actual Startup Time": 80385.074, "Actual Total Time": 80385.092, "Actual Rows": 84, "Actual Loops": 1, "Plans": [{"Node Type": "Sort", "Parent Relationship": "Outer", "Startup Cost": 1000324838994.8, "Total Cost": 1000324839310.61, "Plan Rows": 100, "Plan Width": 67, "Actual Startup Time": 80385.071, "Actual Total Time": 80385.08, "Actual Rows": 84, "Actual Loops": 1, "Sort Key": ["orders.o_totalprice DESC", "orders.o_orderdate"], "Sort Method": "quicksort", "Sort Space Used": 38, "Sort Space Type": "Memory", "Plans": [{"Node Type": "Aggregate", "Strategy": "Hashed", "Parent Relationship": "Outer", "Startup Cost": 1000324832903.7, "Total Cost": 1000324834166.91, "Plan Rows": 126321, "Plan Width": 67, "Actual Startup Time": 80384.393, "Actual Total Time": 80384.969, "Actual Rows": 84, "Actual Loops": 1, "Group By Key": ["orders.o_totalprice", "orders.o_orderdate", "customer.c_name", "customer.c_custkey", "orders.o_orderkey"], "Plans": [{"Node Type": "Nested Loop", "Parent Relationship": "Outer", "Join Type": "Inner", "Startup Cost": 1000324315313.67, "Total Cost": 1000324831008.88, "Plan Rows": 126321, "Plan Width": 59, "Actual Startup Time": 72233.603, "Actual Total Time": 80382.462, "Actual Rows": 588, "Actual Loops": 1, "Inner Unique": false, "Plans": [{"Node Type": "Nested Loop", "Parent Relationship": "Outer", "Join Type": "Inner", "Startup Cost": 1000324315313.29, "Total Cost": 1000324767232.73, "Plan Rows": 13913, "Plan Width": 59, "Actual Startup Time": 72233.569, "Actual Total Time": 80379.219, "Actual Rows": 84, "Actual Loops": 1, "Inner Unique": true, "Plans": [{"Node Type": "Nested Loop", "Parent Relationship": "Outer", "Join Type": "Inner", "Startup Cost": 1000324315313.03, "Total Cost": 1000324625792.4, "Plan Rows": 33034, "Plan Width": 40, "Actual Startup Time": 72233.51, "Actual Total Time": 80376.925, "Actual Rows": 84, "Actual Loops": 1, "Inner Unique": true, "Plans": [{"Node Type": "Aggregate", "Strategy": "Hashed", "Parent Relationship": "Outer", "Startup Cost": 1000324315309.67, "Total Cost": 1000324381460.28, "Plan Rows": 33034, "Plan Width": 24, "Actual Startup Time": 72233.393, "Actual Total Time": 80354.823, "Actual Rows": 84, "Actual Loops": 1, "Group By Key": ["public.lineitem.l_orderkey"], "Filter": "(sum(public.lineitem.l_quantity) > 314::double precision), (LLVM Optimized, Jit Execute)", "Rows Removed by Filter": 14999916, "Plans": [{"Node Type": "Index Scan", "Parent Relationship": "Outer", "Scan Direction": "Forward", "Index Name": "idx_lineitem_orderkey", "Relation Name": "lineitem", "Alias": "lineitem", "Startup Cost": 10000000000.0, "Total Cost": 1000324015374.5, "Plan Rows": 59987033, "Plan Width": 16, "Actual Startup Time": 0.063, "Actual Total Time": 42277.738, "Actual Rows": 59986052, "Actual Loops": 1}]}, {"Node Type": "Bitmap Heap Scan", "Parent Relationship": "Inner", "Relation Name": "orders", "Alias": "orders", "Startup Cost": 3.36, "Total Cost": 7.38, "Plan Rows": 1, "Plan Width": 32, "Actual Startup Time": 3.479, "Actual Total Time": 3.479, "Actual Rows": 84, "Actual Loops": 84, "Recheck Cond": "(o_orderkey = public.lineitem.l_orderkey)", "Rows Removed by Index Recheck": 0, "Exact Heap Blocks": 84, "Lossy Heap Blocks": 84, "Plans": [{"Node Type": "Bitmap Index Scan", "Parent Relationship": "Outer", "Index Name": "orders_pkey", "Startup Cost": 0.0, "Total Cost": 3.36, "Plan Rows": 1, "Plan Width": 0, "Actual Startup Time": 2.316, "Actual Total Time": 2.316, "Actual Rows": 84, "Actual Loops": 84, "Index Cond": "(o_orderkey = public.lineitem.l_orderkey)"}]}]}, {"Node Type": "Bitmap Heap Scan", "Parent Relationship": "Inner", "Relation Name": "customer", "Alias": "customer", "Startup Cost": 0.26, "Total Cost": 4.27, "Plan Rows": 1, "Plan Width": 27, "Actual Startup Time": 1.615, "Actual Total Time": 1.615, "Actual Rows": 84, "Actual Loops": 84, "Recheck Cond": "(c_custkey = orders.o_custkey)", "Rows Removed by Index Recheck": 0, "Exact Heap Blocks": 84, "Lossy Heap Blocks": 84, "Plans": [{"Node Type": "Bitmap Index Scan", "Parent Relationship": "Outer", "Index Name": "customer_pkey", "Startup Cost": 0.0, "Total Cost": 0.26, "Plan Rows": 1, "Plan Width": 0, "Actual Startup Time": 0.975, "Actual Total Time": 0.975, "Actual Rows": 84, "Actual Loops": 84, "Index Cond": "(c_custkey = orders.o_custkey)"}]}]}, {"Node Type": "Bitmap Heap Scan", "Parent Relationship": "Inner", "Relation Name": "lineitem", "Alias": "lineitem", "Startup Cost": 0.38, "Total Cost": 4.49, "Plan Rows": 9, "Plan Width": 16, "Actual Startup Time": 2.193, "Actual Total Time": 2.369, "Actual Rows": 588, "Actual Loops": 84, "Recheck Cond": "(l_orderkey = orders.o_orderkey)", "Rows Removed by Index Recheck": 0, "Exact Heap Blocks": 96, "Lossy Heap Blocks": 96, "Plans": [{"Node Type": "Bitmap Index Scan", "Parent Relationship": "Outer", "Index Name": "idx_lineitem_orderkey", "Startup Cost": 0.0, "Total Cost": 0.38, "Plan Rows": 9, "Plan Width": 0, "Actual Startup Time": 1.36, "Actual Total Time": 1.36, "Actual Rows": 588, "Actual Loops": 84, "Index Cond": "(l_orderkey = orders.o_orderkey)"}]}]}]}]}]}, "Triggers": [], "Planner Runtime": 2.016, "Total Runtime": 80394.686, "Unique SQL Id": 1915754155}}, "(16, '56')": {"explain_plan": {"Plan": {"Node Type": "Limit", "Startup Cost": 2649029.8, "Total Cost": 2649030.05, "Plan Rows": 100, "Plan Width": 67, "Plans": [{"Node Type": "Sort", "Parent Relationship": "Outer", "Startup Cost": 2649029.8, "Total Cost": 2649345.6, "Plan Rows": 100, "Plan Width": 67, "Sort Key": ["orders.o_totalprice DESC", "orders.o_orderdate"], "Plans": [{"Node Type": "Aggregate", "Strategy": "Hashed", "Parent Relationship": "Outer", "Startup Cost": 2642938.69, "Total Cost": 2644201.9, "Plan Rows": 126321, "Plan Width": 67, "Group By Key": ["orders.o_totalprice", "orders.o_orderdate", "customer.c_name", "customer.c_custkey", "orders.o_orderkey"], "Plans": [{"Node Type": "Nested Loop", "Parent Relationship": "Outer", "Join Type": "Inner", "Startup Cost": 2315050.5, "Total Cost": 2641043.88, "Plan Rows": 126321, "Plan Width": 59, "Inner Unique": false, "Plans": [{"Node Type": "Nested Loop", "Parent Relationship": "Outer", "Join Type": "Inner", "Startup Cost": 2315050.5, "Total Cost": 2627700.1, "Plan Rows": 13913, "Plan Width": 59, "Inner Unique": true, "Plans": [{"Node Type": "Nested Loop", "Parent Relationship": "Outer", "Join Type": "Inner", "Startup Cost": 2315050.5, "Total Cost": 2618076.97, "Plan Rows": 33034, "Plan Width": 40, "Inner Unique": true, "Plans": [{"Node Type": "Aggregate", "Strategy": "Hashed", "Parent Relationship": "Outer", "Startup Cost": 2315050.5, "Total Cost": 2381201.11, "Plan Rows": 33034, "Plan Width": 24, "Group By Key": ["public.lineitem.l_orderkey"], "Filter": "(sum(public.lineitem.l_quantity) > 314::double precision), (LLVM Optimized)", "Plans": [{"Node Type": "Seq Scan", "Parent Relationship": "Outer", "Relation Name": "lineitem", "Alias": "lineitem", "Startup Cost": 0.0, "Total Cost": 2015115.33, "Plan Rows": 59987033, "Plan Width": 16}]}, {"Node Type": "Index Scan", "Parent Relationship": "Inner", "Scan Direction": "Forward", "Index Name": "orders_pkey", "Relation Name": "orders", "Alias": "orders", "Startup Cost": 0.0, "Total Cost": 7.15, "Plan Rows": 1, "Plan Width": 32, "Index Cond": "(o_orderkey = public.lineitem.l_orderkey)"}]}, {"Node Type": "Index Scan", "Parent Relationship": "Inner", "Scan Direction": "Forward", "Index Name": "customer_pkey", "Relation Name": "customer", "Alias": "customer", "Startup Cost": 0.0, "Total Cost": 0.28, "Plan Rows": 1, "Plan Width": 27, "Index Cond": "(c_custkey = orders.o_custkey)"}]}, {"Node Type": "Index Scan", "Parent Relationship": "Inner", "Scan Direction": "Forward", "Index Name": "idx_lineitem_orderkey", "Relation Name": "lineitem", "Alias": "lineitem", "Startup Cost": 0.0, "Total Cost": 0.87, "Plan Rows": 9, "Plan Width": 16, "Index Cond": "(l_orderkey = orders.o_orderkey)"}]}]}]}]}, "Unique SQL Id": 1915754155, "Planner Runtime": 0}, "explain_analyze_plan": {"Plan": {"Node Type": "Limit", "Startup Cost": 2649029.8, "Total Cost": 2649030.05, "Plan Rows": 100, "Plan Width": 67, "Actual Startup Time": 53367.336, "Actual Total Time": 53367.355, "Actual Rows": 84, "Actual Loops": 1, "Plans": [{"Node Type": "Sort", "Parent Relationship": "Outer", "Startup Cost": 2649029.8, "Total Cost": 2649345.6, "Plan Rows": 100, "Plan Width": 67, "Actual Startup Time": 53367.333, "Actual Total Time": 53367.342, "Actual Rows": 84, "Actual Loops": 1, "Sort Key": ["orders.o_totalprice DESC", "orders.o_orderdate"], "Sort Method": "quicksort", "Sort Space Used": 38, "Sort Space Type": "Memory", "Plans": [{"Node Type": "Aggregate", "Strategy": "Hashed", "Parent Relationship": "Outer", "Startup Cost": 2642938.69, "Total Cost": 2644201.9, "Plan Rows": 126321, "Plan Width": 67, "Actual Startup Time": 53366.678, "Actual Total Time": 53367.237, "Actual Rows": 84, "Actual Loops": 1, "Group By Key": ["orders.o_totalprice", "orders.o_orderdate", "customer.c_name", "customer.c_custkey", "orders.o_orderkey"], "Plans": [{"Node Type": "Nested Loop", "Parent Relationship": "Outer", "Join Type": "Inner", "Startup Cost": 2315050.5, "Total Cost": 2641043.88, "Plan Rows": 126321, "Plan Width": 59, "Actual Startup Time": 47583.176, "Actual Total Time": 53364.795, "Actual Rows": 588, "Actual Loops": 1, "Inner Unique": false, "Plans": [{"Node Type": "Nested Loop", "Parent Relationship": "Outer", "Join Type": "Inner", "Startup Cost": 2315050.5, "Total Cost": 2627700.1, "Plan Rows": 13913, "Plan Width": 59, "Actual Startup Time": 47583.15, "Actual Total Time": 53362.449, "Actual Rows": 84, "Actual Loops": 1, "Inner Unique": true, "Plans": [{"Node Type": "Nested Loop", "Parent Relationship": "Outer", "Join Type": "Inner", "Startup Cost": 2315050.5, "Total Cost": 2618076.97, "Plan Rows": 33034, "Plan Width": 40, "Actual Startup Time": 47583.13, "Actual Total Time": 53361.021, "Actual Rows": 84, "Actual Loops": 1, "Inner Unique": true, "Plans": [{"Node Type": "Aggregate", "Strategy": "Hashed", "Parent Relationship": "Outer", "Startup Cost": 2315050.5, "Total Cost": 2381201.11, "Plan Rows": 33034, "Plan Width": 24, "Actual Startup Time": 47583.052, "Actual Total Time": 53340.03, "Actual Rows": 84, "Actual Loops": 1, "Group By Key": ["public.lineitem.l_orderkey"], "Filter": "(sum(public.lineitem.l_quantity) > 314::double precision), (LLVM Optimized, Jit Execute)", "Rows Removed by Filter": 14999916, "Plans": [{"Node Type": "Seq Scan", "Parent Relationship": "Outer", "Relation Name": "lineitem", "Alias": "lineitem", "Startup Cost": 0.0, "Total Cost": 2015115.33, "Plan Rows": 59987033, "Plan Width": 16, "Actual Startup Time": 0.044, "Actual Total Time": 20352.533, "Actual Rows": 59986052, "Actual Loops": 1}]}, {"Node Type": "Index Scan", "Parent Relationship": "Inner", "Scan Direction": "Forward", "Index Name": "orders_pkey", "Relation Name": "orders", "Alias": "orders", "Startup Cost": 0.0, "Total Cost": 7.15, "Plan Rows": 1, "Plan Width": 32, "Actual Startup Time": 2.902, "Actual Total Time": 2.902, "Actual Rows": 84, "Actual Loops": 84, "Index Cond": "(o_orderkey = public.lineitem.l_orderkey)", "Rows Removed by Index Recheck": 0}]}, {"Node Type": "Index Scan", "Parent Relationship": "Inner", "Scan Direction": "Forward", "Index Name": "customer_pkey", "Relation Name": "customer", "Alias": "customer", "Startup Cost": 0.0, "Total Cost": 0.28, "Plan Rows": 1, "Plan Width": 27, "Actual Startup Time": 1.048, "Actual Total Time": 1.048, "Actual Rows": 84, "Actual Loops": 84, "Index Cond": "(c_custkey = orders.o_custkey)", "Rows Removed by Index Recheck": 0}]}, {"Node Type": "Index Scan", "Parent Relationship": "Inner", "Scan Direction": "Forward", "Index Name": "idx_lineitem_orderkey", "Relation Name": "lineitem", "Alias": "lineitem", "Startup Cost": 0.0, "Total Cost": 0.87, "Plan Rows": 9, "Plan Width": 16, "Actual Startup Time": 1.401, "Actual Total Time": 1.898, "Actual Rows": 588, "Actual Loops": 84, "Index Cond": "(l_orderkey = orders.o_orderkey)", "Rows Removed by Index Recheck": 0}]}]}]}]}, "Triggers": [], "Planner Runtime": 2.116, "Total Runtime": 53376.681, "Unique SQL Id": 1915754155}}, "(16, '57')": {"explain_plan": {"Plan": {"Node Type": "Limit", "Startup Cost": 3874068.21, "Total Cost": 3874068.46, "Plan Rows": 100, "Plan Width": 67, "Plans": [{"Node Type": "Sort", "Parent Relationship": "Outer", "Startup Cost": 3874068.21, "Total Cost": 3874384.02, "Plan Rows": 100, "Plan Width": 67, "Sort Key": ["orders.o_totalprice DESC", "orders.o_orderdate"], "Plans": [{"Node Type": "Aggregate", "Strategy": "Hashed", "Parent Relationship": "Outer", "Startup Cost": 3867977.11, "Total Cost": 3869240.32, "Plan Rows": 126321, "Plan Width": 67, "Group By Key": ["orders.o_totalprice", "orders.o_orderdate", "customer.c_name", "customer.c_custkey", "orders.o_orderkey"], "Plans": [{"Node Type": "Nested Loop", "Parent Relationship": "Outer", "Join Type": "Inner", "Startup Cost": 3540088.91, "Total Cost": 3866082.29, "Plan Rows": 126321, "Plan Width": 59, "Inner Unique": false, "Plans": [{"Node Type": "Nested Loop", "Parent Relationship": "Outer", "Join Type": "Inner", "Startup Cost": 3540088.91, "Total Cost": 3852738.51, "Plan Rows": 13913, "Plan Width": 59, "Inner Unique": true, "Plans": [{"Node Type": "Nested Loop", "Parent Relationship": "Outer", "Join Type": "Inner", "Startup Cost": 3540088.91, "Total Cost": 3843115.38, "Plan Rows": 33034, "Plan Width": 40, "Inner Unique": true, "Plans": [{"Node Type": "Aggregate", "Strategy": "Hashed", "Parent Relationship": "Outer", "Startup Cost": 3540088.91, "Total Cost": 3606239.52, "Plan Rows": 33034, "Plan Width": 24, "Group By Key": ["public.lineitem.l_orderkey"], "Filter": "(sum(public.lineitem.l_quantity) > 314::double precision), (LLVM Optimized)", "Plans": [{"Node Type": "Index Scan", "Parent Relationship": "Outer", "Scan Direction": "Forward", "Index Name": "idx_lineitem_orderkey", "Relation Name": "lineitem", "Alias": "lineitem", "Startup Cost": 0.0, "Total Cost": 3240153.75, "Plan Rows": 59987033, "Plan Width": 16}]}, {"Node Type": "Index Scan", "Parent Relationship": "Inner", "Scan Direction": "Forward", "Index Name": "orders_pkey", "Relation Name": "orders", "Alias": "orders", "Startup Cost": 0.0, "Total Cost": 7.15, "Plan Rows": 1, "Plan Width": 32, "Index Cond": "(o_orderkey = public.lineitem.l_orderkey)"}]}, {"Node Type": "Index Scan", "Parent Relationship": "Inner", "Scan Direction": "Forward", "Index Name": "customer_pkey", "Relation Name": "customer", "Alias": "customer", "Startup Cost": 0.0, "Total Cost": 0.28, "Plan Rows": 1, "Plan Width": 27, "Index Cond": "(c_custkey = orders.o_custkey)"}]}, {"Node Type": "Index Scan", "Parent Relationship": "Inner", "Scan Direction": "Forward", "Index Name": "idx_lineitem_orderkey", "Relation Name": "lineitem", "Alias": "lineitem", "Startup Cost": 0.0, "Total Cost": 0.87, "Plan Rows": 9, "Plan Width": 16, "Index Cond": "(l_orderkey = orders.o_orderkey)"}]}]}]}]}, "Unique SQL Id": 1915754155, "Planner Runtime": 0}, "explain_analyze_plan": {"Plan": {"Node Type": "Limit", "Startup Cost": 3874068.21, "Total Cost": 3874068.46, "Plan Rows": 100, "Plan Width": 67, "Actual Startup Time": 80046.048, "Actual Total Time": 80046.063, "Actual Rows": 84, "Actual Loops": 1, "Plans": [{"Node Type": "Sort", "Parent Relationship": "Outer", "Startup Cost": 3874068.21, "Total Cost": 3874384.02, "Plan Rows": 100, "Plan Width": 67, "Actual Startup Time": 80046.046, "Actual Total Time": 80046.051, "Actual Rows": 84, "Actual Loops": 1, "Sort Key": ["orders.o_totalprice DESC", "orders.o_orderdate"], "Sort Method": "quicksort", "Sort Space Used": 38, "Sort Space Type": "Memory", "Plans": [{"Node Type": "Aggregate", "Strategy": "Hashed", "Parent Relationship": "Outer", "Startup Cost": 3867977.11, "Total Cost": 3869240.32, "Plan Rows": 126321, "Plan Width": 67, "Actual Startup Time": 80045.618, "Actual Total Time": 80045.952, "Actual Rows": 84, "Actual Loops": 1, "Group By Key": ["orders.o_totalprice", "orders.o_orderdate", "customer.c_name", "customer.c_custkey", "orders.o_orderkey"], "Plans": [{"Node Type": "Nested Loop", "Parent Relationship": "Outer", "Join Type": "Inner", "Startup Cost": 3540088.91, "Total Cost": 3866082.29, "Plan Rows": 126321, "Plan Width": 59, "Actual Startup Time": 71660.31, "Actual Total Time": 80043.737, "Actual Rows": 588, "Actual Loops": 1, "Inner Unique": false, "Plans": [{"Node Type": "Nested Loop", "Parent Relationship": "Outer", "Join Type": "Inner", "Startup Cost": 3540088.91, "Total Cost": 3852738.51, "Plan Rows": 13913, "Plan Width": 59, "Actual Startup Time": 71660.278, "Actual Total Time": 80041.063, "Actual Rows": 84, "Actual Loops": 1, "Inner Unique": true, "Plans": [{"Node Type": "Nested Loop", "Parent Relationship": "Outer", "Join Type": "Inner", "Startup Cost": 3540088.91, "Total Cost": 3843115.38, "Plan Rows": 33034, "Plan Width": 40, "Actual Startup Time": 71660.251, "Actual Total Time": 80039.183, "Actual Rows": 84, "Actual Loops": 1, "Inner Unique": true, "Plans": [{"Node Type": "Aggregate", "Strategy": "Hashed", "Parent Relationship": "Outer", "Startup Cost": 3540088.91, "Total Cost": 3606239.52, "Plan Rows": 33034, "Plan Width": 24, "Actual Startup Time": 71660.193, "Actual Total Time": 80016.864, "Actual Rows": 84, "Actual Loops": 1, "Group By Key": ["public.lineitem.l_orderkey"], "Filter": "(sum(public.lineitem.l_quantity) > 314::double precision), (LLVM Optimized, Jit Execute)", "Rows Removed by Filter": 14999916, "Plans": [{"Node Type": "Index Scan", "Parent Relationship": "Outer", "Scan Direction": "Forward", "Index Name": "idx_lineitem_orderkey", "Relation Name": "lineitem", "Alias": "lineitem", "Startup Cost": 0.0, "Total Cost": 3240153.75, "Plan Rows": 59987033, "Plan Width": 16, "Actual Startup Time": 0.058, "Actual Total Time": 41400.691, "Actual Rows": 59986052, "Actual Loops": 1}]}, {"Node Type": "Index Scan", "Parent Relationship": "Inner", "Scan Direction": "Forward", "Index Name": "orders_pkey", "Relation Name": "orders", "Alias": "orders", "Startup Cost": 0.0, "Total Cost": 7.15, "Plan Rows": 1, "Plan Width": 32, "Actual Startup Time": 2.944, "Actual Total Time": 2.944, "Actual Rows": 84, "Actual Loops": 84, "Index Cond": "(o_orderkey = public.lineitem.l_orderkey)", "Rows Removed by Index Recheck": 0}]}, {"Node Type": "Index Scan", "Parent Relationship": "Inner", "Scan Direction": "Forward", "Index Name": "customer_pkey", "Relation Name": "customer", "Alias": "customer", "Startup Cost": 0.0, "Total Cost": 0.28, "Plan Rows": 1, "Plan Width": 27, "Actual Startup Time": 1.358, "Actual Total Time": 1.358, "Actual Rows": 84, "Actual Loops": 84, "Index Cond": "(c_custkey = orders.o_custkey)", "Rows Removed by Index Recheck": 0}]}, {"Node Type": "Index Scan", "Parent Relationship": "Inner", "Scan Direction": "Forward", "Index Name": "idx_lineitem_orderkey", "Relation Name": "lineitem", "Alias": "lineitem", "Startup Cost": 0.0, "Total Cost": 0.87, "Plan Rows": 9, "Plan Width": 16, "Actual Startup Time": 1.639, "Actual Total Time": 2.066, "Actual Rows": 588, "Actual Loops": 84, "Index Cond": "(l_orderkey = orders.o_orderkey)", "Rows Removed by Index Recheck": 0}]}]}]}]}, "Triggers": [], "Planner Runtime": 2.569, "Total Runtime": 80056.92, "Unique SQL Id": 1915754155}}, "(16, '58')": {"explain_plan": {"Plan": {"Node Type": "Limit", "Startup Cost": 20699534063.67, "Total Cost": 20699534063.92, "Plan Rows": 100, "Plan Width": 67, "Plans": [{"Node Type": "Sort", "Parent Relationship": "Outer", "Startup Cost": 20699534063.67, "Total Cost": 20699534379.47, "Plan Rows": 100, "Plan Width": 67, "Sort Key": ["orders.o_totalprice DESC", "orders.o_orderdate"], "Plans": [{"Node Type": "Aggregate", "Strategy": "Hashed", "Parent Relationship": "Outer", "Startup Cost": 20699527972.56, "Total Cost": 20699529235.77, "Plan Rows": 126321, "Plan Width": 67, "Group By Key": ["orders.o_totalprice", "orders.o_orderdate", "customer.c_name", "customer.c_custkey", "orders.o_orderkey"], "Plans": [{"Node Type": "Nested Loop", "Parent Relationship": "Outer", "Join Type": "Inner", "Startup Cost": 2315050.5, "Total Cost": 20699526077.75, "Plan Rows": 126321, "Plan Width": 59, "Inner Unique": false, "Join Filter": "(orders.o_orderkey = public.lineitem.l_orderkey), (LLVM Optimized)", "Plans": [{"Node Type": "Seq Scan", "Parent Relationship": "Outer", "Relation Name": "lineitem", "Alias": "lineitem", "Startup Cost": 0.0, "Total Cost": 2015115.33, "Plan Rows": 59987033, "Plan Width": 16}, {"Node Type": "Materialize", "Parent Relationship": "Inner", "Startup Cost": 2315050.5, "Total Cost": 8178517145.27, "Plan Rows": 13913, "Plan Width": 59, "Plans": [{"Node Type": "Nested Loop", "Parent Relationship": "Outer", "Join Type": "Inner", "Startup Cost": 2315050.5, "Total Cost": 8178517075.7, "Plan Rows": 13913, "Plan Width": 59, "Inner Unique": false, "Join Filter": "(orders.o_custkey = customer.c_custkey)", "Plans": [{"Node Type": "Seq Scan", "Parent Relationship": "Outer", "Relation Name": "customer", "Alias": "customer", "Startup Cost": 0.0, "Total Cost": 52126.0, "Plan Rows": 1500000, "Plan Width": 27}, {"Node Type": "Materialize", "Parent Relationship": "Inner", "Startup Cost": 2315050.5, "Total Cost": 7435200032.29, "Plan Rows": 33034, "Plan Width": 40, "Plans": [{"Node Type": "Nested Loop", "Parent Relationship": "Outer", "Join Type": "Semi", "Startup Cost": 2315050.5, "Total Cost": 7435199867.12, "Plan Rows": 33034, "Plan Width": 40, "Inner Unique": false, "Join Filter": "(orders.o_orderkey = public.lineitem.l_orderkey)", "Plans": [{"Node Type": "Seq Scan", "Parent Relationship": "Outer", "Relation Name": "orders", "Alias": "orders", "Startup Cost": 0.0, "Total Cost": 426413.79, "Plan Rows": 14999479, "Plan Width": 32}, {"Node Type": "Materialize", "Parent Relationship": "Inner", "Startup Cost": 2315050.5, "Total Cost": 2381696.62, "Plan Rows": 33034, "Plan Width": 8, "Plans": [{"Node Type": "Aggregate", "Strategy": "Hashed", "Parent Relationship": "Outer", "Startup Cost": 2315050.5, "Total Cost": 2381201.11, "Plan Rows": 33034, "Plan Width": 24, "Group By Key": ["public.lineitem.l_orderkey"], "Filter": "(sum(public.lineitem.l_quantity) > 314::double precision), (LLVM Optimized)", "Plans": [{"Node Type": "Seq Scan", "Parent Relationship": "Outer", "Relation Name": "lineitem", "Alias": "lineitem", "Startup Cost": 0.0, "Total Cost": 2015115.33, "Plan Rows": 59987033, "Plan Width": 16}]}]}]}]}]}]}]}]}]}]}, "Unique SQL Id": 1915754155, "Planner Runtime": 0}, "explain_analyze_plan": null}, "(16, '59')": {"explain_plan": {"Plan": {"Node Type": "Limit", "Startup Cost": 4021424234088.76, "Total Cost": 4021424234089.01, "Plan Rows": 100, "Plan Width": 67, "Plans": [{"Node Type": "Sort", "Parent Relationship": "Outer", "Startup Cost": 4021424234088.76, "Total Cost": 4021424234404.56, "Plan Rows": 100, "Plan Width": 67, "Sort Key": ["orders.o_totalprice DESC", "orders.o_orderdate"], "Plans": [{"Node Type": "Aggregate", "Strategy": "Hashed", "Parent Relationship": "Outer", "Startup Cost": 4021424227997.65, "Total Cost": 4021424229260.86, "Plan Rows": 126321, "Plan Width": 67, "Group By Key": ["orders.o_totalprice", "orders.o_orderdate", "customer.c_name", "customer.c_custkey", "orders.o_orderkey"], "Plans": [{"Node Type": "Nested Loop", "Parent Relationship": "Outer", "Join Type": "Inner", "Startup Cost": 1030324315309.67, "Total Cost": 4021424226102.83, "Plan Rows": 126321, "Plan Width": 59, "Inner Unique": false, "Join Filter": "(orders.o_orderkey = public.lineitem.l_orderkey), (LLVM Optimized)", "Plans": [{"Node Type": "Index Scan", "Parent Relationship": "Outer", "Scan Direction": "Forward", "Index Name": "idx_lineitem_orderkey", "Relation Name": "lineitem", "Alias": "lineitem", "Startup Cost": 10000000000.0, "Total Cost": 1000324015374.5, "Plan Rows": 59987033, "Plan Width": 16}, {"Node Type": "Materialize", "Parent Relationship": "Inner", "Startup Cost": 1020324315309.67, "Total Cost": 3008581216911.18, "Plan Rows": 13913, "Plan Width": 59, "Plans": [{"Node Type": "Nested Loop", "Parent Relationship": "Outer", "Join Type": "Inner", "Startup Cost": 1020324315309.67, "Total Cost": 3008581216841.62, "Plan Rows": 13913, "Plan Width": 59, "Inner Unique": true, "Join Filter": "(orders.o_custkey = customer.c_custkey)", "Plans": [{"Node Type": "Nested Loop", "Parent Relationship": "Outer", "Join Type": "Semi", "Startup Cost": 1010324315309.67, "Total Cost": 2007829871556.0, "Plan Rows": 33034, "Plan Width": 40, "Inner Unique": false, "Join Filter": "(orders.o_orderkey = public.lineitem.l_orderkey)", "Plans": [{"Node Type": "Index Scan", "Parent Relationship": "Outer", "Scan Direction": "Forward", "Index Name": "orders_pkey", "Relation Name": "orders", "Alias": "orders", "Startup Cost": 10000000000.0, "Total Cost": 1000073097843.5, "Plan Rows": 14999479, "Plan Width": 32}, {"Node Type": "Materialize", "Parent Relationship": "Inner", "Startup Cost": 1000324315309.67, "Total Cost": 1000324381955.79, "Plan Rows": 33034, "Plan Width": 8, "Plans": [{"Node Type": "Aggregate", "Strategy": "Hashed", "Parent Relationship": "Outer", "Startup Cost": 1000324315309.67, "Total Cost": 1000324381460.28, "Plan Rows": 33034, "Plan Width": 24, "Group By Key": ["public.lineitem.l_orderkey"], "Filter": "(sum(public.lineitem.l_quantity) > 314::double precision), (LLVM Optimized)", "Plans": [{"Node Type": "Index Scan", "Parent Relationship": "Outer", "Scan Direction": "Forward", "Index Name": "idx_lineitem_orderkey", "Relation Name": "lineitem", "Alias": "lineitem", "Startup Cost": 10000000000.0, "Total Cost": 1000324015374.5, "Plan Rows": 59987033, "Plan Width": 16}]}]}]}, {"Node Type": "Materialize", "Parent Relationship": "Inner", "Startup Cost": 10000000000.0, "Total Cost": 1000008084035.62, "Plan Rows": 1500000, "Plan Width": 27, "Plans": [{"Node Type": "Index Scan", "Parent Relationship": "Outer", "Scan Direction": "Forward", "Index Name": "customer_pkey", "Relation Name": "customer", "Alias": "customer", "Startup Cost": 10000000000.0, "Total Cost": 1000008076535.62, "Plan Rows": 1500000, "Plan Width": 27}]}]}]}]}]}]}]}, "Unique SQL Id": 1915754155, "Planner Runtime": 1}, "explain_analyze_plan": null}, "(16, '60')": {"explain_plan": {"Plan": {"Node Type": "Limit", "Startup Cost": 2649029.8, "Total Cost": 2649030.05, "Plan Rows": 100, "Plan Width": 67, "Plans": [{"Node Type": "Sort", "Parent Relationship": "Outer", "Startup Cost": 2649029.8, "Total Cost": 2649345.6, "Plan Rows": 100, "Plan Width": 67, "Sort Key": ["orders.o_totalprice DESC", "orders.o_orderdate"], "Plans": [{"Node Type": "Aggregate", "Strategy": "Hashed", "Parent Relationship": "Outer", "Startup Cost": 2642938.69, "Total Cost": 2644201.9, "Plan Rows": 126321, "Plan Width": 67, "Group By Key": ["orders.o_totalprice", "orders.o_orderdate", "customer.c_name", "customer.c_custkey", "orders.o_orderkey"], "Plans": [{"Node Type": "Nested Loop", "Parent Relationship": "Outer", "Join Type": "Inner", "Startup Cost": 2315050.5, "Total Cost": 2641043.88, "Plan Rows": 126321, "Plan Width": 59, "Inner Unique": false, "Plans": [{"Node Type": "Nested Loop", "Parent Relationship": "Outer", "Join Type": "Inner", "Startup Cost": 2315050.5, "Total Cost": 2627700.1, "Plan Rows": 13913, "Plan Width": 59, "Inner Unique": true, "Plans": [{"Node Type": "Nested Loop", "Parent Relationship": "Outer", "Join Type": "Inner", "Startup Cost": 2315050.5, "Total Cost": 2618076.97, "Plan Rows": 33034, "Plan Width": 40, "Inner Unique": true, "Plans": [{"Node Type": "Aggregate", "Strategy": "Hashed", "Parent Relationship": "Outer", "Startup Cost": 2315050.5, "Total Cost": 2381201.11, "Plan Rows": 33034, "Plan Width": 24, "Group By Key": ["public.lineitem.l_orderkey"], "Filter": "(sum(public.lineitem.l_quantity) > 314::double precision), (LLVM Optimized)", "Plans": [{"Node Type": "Seq Scan", "Parent Relationship": "Outer", "Relation Name": "lineitem", "Alias": "lineitem", "Startup Cost": 0.0, "Total Cost": 2015115.33, "Plan Rows": 59987033, "Plan Width": 16}]}, {"Node Type": "Index Scan", "Parent Relationship": "Inner", "Scan Direction": "Forward", "Index Name": "orders_pkey", "Relation Name": "orders", "Alias": "orders", "Startup Cost": 0.0, "Total Cost": 7.15, "Plan Rows": 1, "Plan Width": 32, "Index Cond": "(o_orderkey = public.lineitem.l_orderkey)"}]}, {"Node Type": "Index Scan", "Parent Relationship": "Inner", "Scan Direction": "Forward", "Index Name": "customer_pkey", "Relation Name": "customer", "Alias": "customer", "Startup Cost": 0.0, "Total Cost": 0.28, "Plan Rows": 1, "Plan Width": 27, "Index Cond": "(c_custkey = orders.o_custkey)"}]}, {"Node Type": "Index Scan", "Parent Relationship": "Inner", "Scan Direction": "Forward", "Index Name": "idx_lineitem_orderkey", "Relation Name": "lineitem", "Alias": "lineitem", "Startup Cost": 0.0, "Total Cost": 0.87, "Plan Rows": 9, "Plan Width": 16, "Index Cond": "(l_orderkey = orders.o_orderkey)"}]}]}]}]}, "Unique SQL Id": 1915754155, "Planner Runtime": 0}, "explain_analyze_plan": {"Plan": {"Node Type": "Limit", "Startup Cost": 2649029.8, "Total Cost": 2649030.05, "Plan Rows": 100, "Plan Width": 67, "Actual Startup Time": 53367.336, "Actual Total Time": 53367.355, "Actual Rows": 84, "Actual Loops": 1, "Plans": [{"Node Type": "Sort", "Parent Relationship": "Outer", "Startup Cost": 2649029.8, "Total Cost": 2649345.6, "Plan Rows": 100, "Plan Width": 67, "Actual Startup Time": 53367.333, "Actual Total Time": 53367.342, "Actual Rows": 84, "Actual Loops": 1, "Sort Key": ["orders.o_totalprice DESC", "orders.o_orderdate"], "Sort Method": "quicksort", "Sort Space Used": 38, "Sort Space Type": "Memory", "Plans": [{"Node Type": "Aggregate", "Strategy": "Hashed", "Parent Relationship": "Outer", "Startup Cost": 2642938.69, "Total Cost": 2644201.9, "Plan Rows": 126321, "Plan Width": 67, "Actual Startup Time": 53366.678, "Actual Total Time": 53367.237, "Actual Rows": 84, "Actual Loops": 1, "Group By Key": ["orders.o_totalprice", "orders.o_orderdate", "customer.c_name", "customer.c_custkey", "orders.o_orderkey"], "Plans": [{"Node Type": "Nested Loop", "Parent Relationship": "Outer", "Join Type": "Inner", "Startup Cost": 2315050.5, "Total Cost": 2641043.88, "Plan Rows": 126321, "Plan Width": 59, "Actual Startup Time": 47583.176, "Actual Total Time": 53364.795, "Actual Rows": 588, "Actual Loops": 1, "Inner Unique": false, "Plans": [{"Node Type": "Nested Loop", "Parent Relationship": "Outer", "Join Type": "Inner", "Startup Cost": 2315050.5, "Total Cost": 2627700.1, "Plan Rows": 13913, "Plan Width": 59, "Actual Startup Time": 47583.15, "Actual Total Time": 53362.449, "Actual Rows": 84, "Actual Loops": 1, "Inner Unique": true, "Plans": [{"Node Type": "Nested Loop", "Parent Relationship": "Outer", "Join Type": "Inner", "Startup Cost": 2315050.5, "Total Cost": 2618076.97, "Plan Rows": 33034, "Plan Width": 40, "Actual Startup Time": 47583.13, "Actual Total Time": 53361.021, "Actual Rows": 84, "Actual Loops": 1, "Inner Unique": true, "Plans": [{"Node Type": "Aggregate", "Strategy": "Hashed", "Parent Relationship": "Outer", "Startup Cost": 2315050.5, "Total Cost": 2381201.11, "Plan Rows": 33034, "Plan Width": 24, "Actual Startup Time": 47583.052, "Actual Total Time": 53340.03, "Actual Rows": 84, "Actual Loops": 1, "Group By Key": ["public.lineitem.l_orderkey"], "Filter": "(sum(public.lineitem.l_quantity) > 314::double precision), (LLVM Optimized, Jit Execute)", "Rows Removed by Filter": 14999916, "Plans": [{"Node Type": "Seq Scan", "Parent Relationship": "Outer", "Relation Name": "lineitem", "Alias": "lineitem", "Startup Cost": 0.0, "Total Cost": 2015115.33, "Plan Rows": 59987033, "Plan Width": 16, "Actual Startup Time": 0.044, "Actual Total Time": 20352.533, "Actual Rows": 59986052, "Actual Loops": 1}]}, {"Node Type": "Index Scan", "Parent Relationship": "Inner", "Scan Direction": "Forward", "Index Name": "orders_pkey", "Relation Name": "orders", "Alias": "orders", "Startup Cost": 0.0, "Total Cost": 7.15, "Plan Rows": 1, "Plan Width": 32, "Actual Startup Time": 2.902, "Actual Total Time": 2.902, "Actual Rows": 84, "Actual Loops": 84, "Index Cond": "(o_orderkey = public.lineitem.l_orderkey)", "Rows Removed by Index Recheck": 0}]}, {"Node Type": "Index Scan", "Parent Relationship": "Inner", "Scan Direction": "Forward", "Index Name": "customer_pkey", "Relation Name": "customer", "Alias": "customer", "Startup Cost": 0.0, "Total Cost": 0.28, "Plan Rows": 1, "Plan Width": 27, "Actual Startup Time": 1.048, "Actual Total Time": 1.048, "Actual Rows": 84, "Actual Loops": 84, "Index Cond": "(c_custkey = orders.o_custkey)", "Rows Removed by Index Recheck": 0}]}, {"Node Type": "Index Scan", "Parent Relationship": "Inner", "Scan Direction": "Forward", "Index Name": "idx_lineitem_orderkey", "Relation Name": "lineitem", "Alias": "lineitem", "Startup Cost": 0.0, "Total Cost": 0.87, "Plan Rows": 9, "Plan Width": 16, "Actual Startup Time": 1.401, "Actual Total Time": 1.898, "Actual Rows": 588, "Actual Loops": 84, "Index Cond": "(l_orderkey = orders.o_orderkey)", "Rows Removed by Index Recheck": 0}]}]}]}]}, "Triggers": [], "Planner Runtime": 2.116, "Total Runtime": 53376.681, "Unique SQL Id": 1915754155}}, "(16, '61')": {"explain_plan": {"Plan": {"Node Type": "Limit", "Startup Cost": 3874068.21, "Total Cost": 3874068.46, "Plan Rows": 100, "Plan Width": 67, "Plans": [{"Node Type": "Sort", "Parent Relationship": "Outer", "Startup Cost": 3874068.21, "Total Cost": 3874384.02, "Plan Rows": 100, "Plan Width": 67, "Sort Key": ["orders.o_totalprice DESC", "orders.o_orderdate"], "Plans": [{"Node Type": "Aggregate", "Strategy": "Hashed", "Parent Relationship": "Outer", "Startup Cost": 3867977.11, "Total Cost": 3869240.32, "Plan Rows": 126321, "Plan Width": 67, "Group By Key": ["orders.o_totalprice", "orders.o_orderdate", "customer.c_name", "customer.c_custkey", "orders.o_orderkey"], "Plans": [{"Node Type": "Nested Loop", "Parent Relationship": "Outer", "Join Type": "Inner", "Startup Cost": 3540088.91, "Total Cost": 3866082.29, "Plan Rows": 126321, "Plan Width": 59, "Inner Unique": false, "Plans": [{"Node Type": "Nested Loop", "Parent Relationship": "Outer", "Join Type": "Inner", "Startup Cost": 3540088.91, "Total Cost": 3852738.51, "Plan Rows": 13913, "Plan Width": 59, "Inner Unique": true, "Plans": [{"Node Type": "Nested Loop", "Parent Relationship": "Outer", "Join Type": "Inner", "Startup Cost": 3540088.91, "Total Cost": 3843115.38, "Plan Rows": 33034, "Plan Width": 40, "Inner Unique": true, "Plans": [{"Node Type": "Aggregate", "Strategy": "Hashed", "Parent Relationship": "Outer", "Startup Cost": 3540088.91, "Total Cost": 3606239.52, "Plan Rows": 33034, "Plan Width": 24, "Group By Key": ["public.lineitem.l_orderkey"], "Filter": "(sum(public.lineitem.l_quantity) > 314::double precision), (LLVM Optimized)", "Plans": [{"Node Type": "Index Scan", "Parent Relationship": "Outer", "Scan Direction": "Forward", "Index Name": "idx_lineitem_orderkey", "Relation Name": "lineitem", "Alias": "lineitem", "Startup Cost": 0.0, "Total Cost": 3240153.75, "Plan Rows": 59987033, "Plan Width": 16}]}, {"Node Type": "Index Scan", "Parent Relationship": "Inner", "Scan Direction": "Forward", "Index Name": "orders_pkey", "Relation Name": "orders", "Alias": "orders", "Startup Cost": 0.0, "Total Cost": 7.15, "Plan Rows": 1, "Plan Width": 32, "Index Cond": "(o_orderkey = public.lineitem.l_orderkey)"}]}, {"Node Type": "Index Scan", "Parent Relationship": "Inner", "Scan Direction": "Forward", "Index Name": "customer_pkey", "Relation Name": "customer", "Alias": "customer", "Startup Cost": 0.0, "Total Cost": 0.28, "Plan Rows": 1, "Plan Width": 27, "Index Cond": "(c_custkey = orders.o_custkey)"}]}, {"Node Type": "Index Scan", "Parent Relationship": "Inner", "Scan Direction": "Forward", "Index Name": "idx_lineitem_orderkey", "Relation Name": "lineitem", "Alias": "lineitem", "Startup Cost": 0.0, "Total Cost": 0.87, "Plan Rows": 9, "Plan Width": 16, "Index Cond": "(l_orderkey = orders.o_orderkey)"}]}]}]}]}, "Unique SQL Id": 1915754155, "Planner Runtime": 0}, "explain_analyze_plan": {"Plan": {"Node Type": "Limit", "Startup Cost": 3874068.21, "Total Cost": 3874068.46, "Plan Rows": 100, "Plan Width": 67, "Actual Startup Time": 80046.048, "Actual Total Time": 80046.063, "Actual Rows": 84, "Actual Loops": 1, "Plans": [{"Node Type": "Sort", "Parent Relationship": "Outer", "Startup Cost": 3874068.21, "Total Cost": 3874384.02, "Plan Rows": 100, "Plan Width": 67, "Actual Startup Time": 80046.046, "Actual Total Time": 80046.051, "Actual Rows": 84, "Actual Loops": 1, "Sort Key": ["orders.o_totalprice DESC", "orders.o_orderdate"], "Sort Method": "quicksort", "Sort Space Used": 38, "Sort Space Type": "Memory", "Plans": [{"Node Type": "Aggregate", "Strategy": "Hashed", "Parent Relationship": "Outer", "Startup Cost": 3867977.11, "Total Cost": 3869240.32, "Plan Rows": 126321, "Plan Width": 67, "Actual Startup Time": 80045.618, "Actual Total Time": 80045.952, "Actual Rows": 84, "Actual Loops": 1, "Group By Key": ["orders.o_totalprice", "orders.o_orderdate", "customer.c_name", "customer.c_custkey", "orders.o_orderkey"], "Plans": [{"Node Type": "Nested Loop", "Parent Relationship": "Outer", "Join Type": "Inner", "Startup Cost": 3540088.91, "Total Cost": 3866082.29, "Plan Rows": 126321, "Plan Width": 59, "Actual Startup Time": 71660.31, "Actual Total Time": 80043.737, "Actual Rows": 588, "Actual Loops": 1, "Inner Unique": false, "Plans": [{"Node Type": "Nested Loop", "Parent Relationship": "Outer", "Join Type": "Inner", "Startup Cost": 3540088.91, "Total Cost": 3852738.51, "Plan Rows": 13913, "Plan Width": 59, "Actual Startup Time": 71660.278, "Actual Total Time": 80041.063, "Actual Rows": 84, "Actual Loops": 1, "Inner Unique": true, "Plans": [{"Node Type": "Nested Loop", "Parent Relationship": "Outer", "Join Type": "Inner", "Startup Cost": 3540088.91, "Total Cost": 3843115.38, "Plan Rows": 33034, "Plan Width": 40, "Actual Startup Time": 71660.251, "Actual Total Time": 80039.183, "Actual Rows": 84, "Actual Loops": 1, "Inner Unique": true, "Plans": [{"Node Type": "Aggregate", "Strategy": "Hashed", "Parent Relationship": "Outer", "Startup Cost": 3540088.91, "Total Cost": 3606239.52, "Plan Rows": 33034, "Plan Width": 24, "Actual Startup Time": 71660.193, "Actual Total Time": 80016.864, "Actual Rows": 84, "Actual Loops": 1, "Group By Key": ["public.lineitem.l_orderkey"], "Filter": "(sum(public.lineitem.l_quantity) > 314::double precision), (LLVM Optimized, Jit Execute)", "Rows Removed by Filter": 14999916, "Plans": [{"Node Type": "Index Scan", "Parent Relationship": "Outer", "Scan Direction": "Forward", "Index Name": "idx_lineitem_orderkey", "Relation Name": "lineitem", "Alias": "lineitem", "Startup Cost": 0.0, "Total Cost": 3240153.75, "Plan Rows": 59987033, "Plan Width": 16, "Actual Startup Time": 0.058, "Actual Total Time": 41400.691, "Actual Rows": 59986052, "Actual Loops": 1}]}, {"Node Type": "Index Scan", "Parent Relationship": "Inner", "Scan Direction": "Forward", "Index Name": "orders_pkey", "Relation Name": "orders", "Alias": "orders", "Startup Cost": 0.0, "Total Cost": 7.15, "Plan Rows": 1, "Plan Width": 32, "Actual Startup Time": 2.944, "Actual Total Time": 2.944, "Actual Rows": 84, "Actual Loops": 84, "Index Cond": "(o_orderkey = public.lineitem.l_orderkey)", "Rows Removed by Index Recheck": 0}]}, {"Node Type": "Index Scan", "Parent Relationship": "Inner", "Scan Direction": "Forward", "Index Name": "customer_pkey", "Relation Name": "customer", "Alias": "customer", "Startup Cost": 0.0, "Total Cost": 0.28, "Plan Rows": 1, "Plan Width": 27, "Actual Startup Time": 1.358, "Actual Total Time": 1.358, "Actual Rows": 84, "Actual Loops": 84, "Index Cond": "(c_custkey = orders.o_custkey)", "Rows Removed by Index Recheck": 0}]}, {"Node Type": "Index Scan", "Parent Relationship": "Inner", "Scan Direction": "Forward", "Index Name": "idx_lineitem_orderkey", "Relation Name": "lineitem", "Alias": "lineitem", "Startup Cost": 0.0, "Total Cost": 0.87, "Plan Rows": 9, "Plan Width": 16, "Actual Startup Time": 1.639, "Actual Total Time": 2.066, "Actual Rows": 588, "Actual Loops": 84, "Index Cond": "(l_orderkey = orders.o_orderkey)", "Rows Removed by Index Recheck": 0}]}]}]}]}, "Triggers": [], "Planner Runtime": 2.569, "Total Runtime": 80056.92, "Unique SQL Id": 1915754155}}, "(16, '62')": {"explain_plan": {"Plan": {"Node Type": "Limit", "Startup Cost": 20699534063.67, "Total Cost": 20699534063.92, "Plan Rows": 100, "Plan Width": 67, "Plans": [{"Node Type": "Sort", "Parent Relationship": "Outer", "Startup Cost": 20699534063.67, "Total Cost": 20699534379.47, "Plan Rows": 100, "Plan Width": 67, "Sort Key": ["orders.o_totalprice DESC", "orders.o_orderdate"], "Plans": [{"Node Type": "Aggregate", "Strategy": "Hashed", "Parent Relationship": "Outer", "Startup Cost": 20699527972.56, "Total Cost": 20699529235.77, "Plan Rows": 126321, "Plan Width": 67, "Group By Key": ["orders.o_totalprice", "orders.o_orderdate", "customer.c_name", "customer.c_custkey", "orders.o_orderkey"], "Plans": [{"Node Type": "Nested Loop", "Parent Relationship": "Outer", "Join Type": "Inner", "Startup Cost": 2315050.5, "Total Cost": 20699526077.75, "Plan Rows": 126321, "Plan Width": 59, "Inner Unique": false, "Join Filter": "(orders.o_orderkey = public.lineitem.l_orderkey), (LLVM Optimized)", "Plans": [{"Node Type": "Seq Scan", "Parent Relationship": "Outer", "Relation Name": "lineitem", "Alias": "lineitem", "Startup Cost": 0.0, "Total Cost": 2015115.33, "Plan Rows": 59987033, "Plan Width": 16}, {"Node Type": "Materialize", "Parent Relationship": "Inner", "Startup Cost": 2315050.5, "Total Cost": 8178517145.27, "Plan Rows": 13913, "Plan Width": 59, "Plans": [{"Node Type": "Nested Loop", "Parent Relationship": "Outer", "Join Type": "Inner", "Startup Cost": 2315050.5, "Total Cost": 8178517075.7, "Plan Rows": 13913, "Plan Width": 59, "Inner Unique": false, "Join Filter": "(orders.o_custkey = customer.c_custkey)", "Plans": [{"Node Type": "Seq Scan", "Parent Relationship": "Outer", "Relation Name": "customer", "Alias": "customer", "Startup Cost": 0.0, "Total Cost": 52126.0, "Plan Rows": 1500000, "Plan Width": 27}, {"Node Type": "Materialize", "Parent Relationship": "Inner", "Startup Cost": 2315050.5, "Total Cost": 7435200032.29, "Plan Rows": 33034, "Plan Width": 40, "Plans": [{"Node Type": "Nested Loop", "Parent Relationship": "Outer", "Join Type": "Semi", "Startup Cost": 2315050.5, "Total Cost": 7435199867.12, "Plan Rows": 33034, "Plan Width": 40, "Inner Unique": false, "Join Filter": "(orders.o_orderkey = public.lineitem.l_orderkey)", "Plans": [{"Node Type": "Seq Scan", "Parent Relationship": "Outer", "Relation Name": "orders", "Alias": "orders", "Startup Cost": 0.0, "Total Cost": 426413.79, "Plan Rows": 14999479, "Plan Width": 32}, {"Node Type": "Materialize", "Parent Relationship": "Inner", "Startup Cost": 2315050.5, "Total Cost": 2381696.62, "Plan Rows": 33034, "Plan Width": 8, "Plans": [{"Node Type": "Aggregate", "Strategy": "Hashed", "Parent Relationship": "Outer", "Startup Cost": 2315050.5, "Total Cost": 2381201.11, "Plan Rows": 33034, "Plan Width": 24, "Group By Key": ["public.lineitem.l_orderkey"], "Filter": "(sum(public.lineitem.l_quantity) > 314::double precision), (LLVM Optimized)", "Plans": [{"Node Type": "Seq Scan", "Parent Relationship": "Outer", "Relation Name": "lineitem", "Alias": "lineitem", "Startup Cost": 0.0, "Total Cost": 2015115.33, "Plan Rows": 59987033, "Plan Width": 16}]}]}]}]}]}]}]}]}]}]}, "Unique SQL Id": 1915754155, "Planner Runtime": 0}, "explain_analyze_plan": null}, "(16, '63')": {"explain_plan": {"Plan": {"Node Type": "Limit", "Startup Cost": 4021424234088.76, "Total Cost": 4021424234089.01, "Plan Rows": 100, "Plan Width": 67, "Plans": [{"Node Type": "Sort", "Parent Relationship": "Outer", "Startup Cost": 4021424234088.76, "Total Cost": 4021424234404.56, "Plan Rows": 100, "Plan Width": 67, "Sort Key": ["orders.o_totalprice DESC", "orders.o_orderdate"], "Plans": [{"Node Type": "Aggregate", "Strategy": "Hashed", "Parent Relationship": "Outer", "Startup Cost": 4021424227997.65, "Total Cost": 4021424229260.86, "Plan Rows": 126321, "Plan Width": 67, "Group By Key": ["orders.o_totalprice", "orders.o_orderdate", "customer.c_name", "customer.c_custkey", "orders.o_orderkey"], "Plans": [{"Node Type": "Nested Loop", "Parent Relationship": "Outer", "Join Type": "Inner", "Startup Cost": 1030324315309.67, "Total Cost": 4021424226102.83, "Plan Rows": 126321, "Plan Width": 59, "Inner Unique": false, "Join Filter": "(orders.o_orderkey = public.lineitem.l_orderkey), (LLVM Optimized)", "Plans": [{"Node Type": "Index Scan", "Parent Relationship": "Outer", "Scan Direction": "Forward", "Index Name": "idx_lineitem_orderkey", "Relation Name": "lineitem", "Alias": "lineitem", "Startup Cost": 10000000000.0, "Total Cost": 1000324015374.5, "Plan Rows": 59987033, "Plan Width": 16}, {"Node Type": "Materialize", "Parent Relationship": "Inner", "Startup Cost": 1020324315309.67, "Total Cost": 3008581216911.18, "Plan Rows": 13913, "Plan Width": 59, "Plans": [{"Node Type": "Nested Loop", "Parent Relationship": "Outer", "Join Type": "Inner", "Startup Cost": 1020324315309.67, "Total Cost": 3008581216841.62, "Plan Rows": 13913, "Plan Width": 59, "Inner Unique": true, "Join Filter": "(orders.o_custkey = customer.c_custkey)", "Plans": [{"Node Type": "Nested Loop", "Parent Relationship": "Outer", "Join Type": "Semi", "Startup Cost": 1010324315309.67, "Total Cost": 2007829871556.0, "Plan Rows": 33034, "Plan Width": 40, "Inner Unique": false, "Join Filter": "(orders.o_orderkey = public.lineitem.l_orderkey)", "Plans": [{"Node Type": "Index Scan", "Parent Relationship": "Outer", "Scan Direction": "Forward", "Index Name": "orders_pkey", "Relation Name": "orders", "Alias": "orders", "Startup Cost": 10000000000.0, "Total Cost": 1000073097843.5, "Plan Rows": 14999479, "Plan Width": 32}, {"Node Type": "Materialize", "Parent Relationship": "Inner", "Startup Cost": 1000324315309.67, "Total Cost": 1000324381955.79, "Plan Rows": 33034, "Plan Width": 8, "Plans": [{"Node Type": "Aggregate", "Strategy": "Hashed", "Parent Relationship": "Outer", "Startup Cost": 1000324315309.67, "Total Cost": 1000324381460.28, "Plan Rows": 33034, "Plan Width": 24, "Group By Key": ["public.lineitem.l_orderkey"], "Filter": "(sum(public.lineitem.l_quantity) > 314::double precision), (LLVM Optimized)", "Plans": [{"Node Type": "Index Scan", "Parent Relationship": "Outer", "Scan Direction": "Forward", "Index Name": "idx_lineitem_orderkey", "Relation Name": "lineitem", "Alias": "lineitem", "Startup Cost": 10000000000.0, "Total Cost": 1000324015374.5, "Plan Rows": 59987033, "Plan Width": 16}]}]}]}, {"Node Type": "Materialize", "Parent Relationship": "Inner", "Startup Cost": 10000000000.0, "Total Cost": 1000008084035.62, "Plan Rows": 1500000, "Plan Width": 27, "Plans": [{"Node Type": "Index Scan", "Parent Relationship": "Outer", "Scan Direction": "Forward", "Index Name": "customer_pkey", "Relation Name": "customer", "Alias": "customer", "Startup Cost": 10000000000.0, "Total Cost": 1000008076535.62, "Plan Rows": 1500000, "Plan Width": 27}]}]}]}]}]}]}]}, "Unique SQL Id": 1915754155, "Planner Runtime": 0}, "explain_analyze_plan": null}, "(16, '64')": {"explain_plan": {"Plan": {"Node Type": "Limit", "Startup Cost": 2649029.8, "Total Cost": 2649030.05, "Plan Rows": 100, "Plan Width": 67, "Plans": [{"Node Type": "Sort", "Parent Relationship": "Outer", "Startup Cost": 2649029.8, "Total Cost": 2649345.6, "Plan Rows": 100, "Plan Width": 67, "Sort Key": ["orders.o_totalprice DESC", "orders.o_orderdate"], "Plans": [{"Node Type": "Aggregate", "Strategy": "Hashed", "Parent Relationship": "Outer", "Startup Cost": 2642938.69, "Total Cost": 2644201.9, "Plan Rows": 126321, "Plan Width": 67, "Group By Key": ["orders.o_totalprice", "orders.o_orderdate", "customer.c_name", "customer.c_custkey", "orders.o_orderkey"], "Plans": [{"Node Type": "Nested Loop", "Parent Relationship": "Outer", "Join Type": "Inner", "Startup Cost": 2315050.5, "Total Cost": 2641043.88, "Plan Rows": 126321, "Plan Width": 59, "Inner Unique": false, "Plans": [{"Node Type": "Nested Loop", "Parent Relationship": "Outer", "Join Type": "Inner", "Startup Cost": 2315050.5, "Total Cost": 2627700.1, "Plan Rows": 13913, "Plan Width": 59, "Inner Unique": true, "Plans": [{"Node Type": "Nested Loop", "Parent Relationship": "Outer", "Join Type": "Inner", "Startup Cost": 2315050.5, "Total Cost": 2618076.97, "Plan Rows": 33034, "Plan Width": 40, "Inner Unique": true, "Plans": [{"Node Type": "Aggregate", "Strategy": "Hashed", "Parent Relationship": "Outer", "Startup Cost": 2315050.5, "Total Cost": 2381201.11, "Plan Rows": 33034, "Plan Width": 24, "Group By Key": ["public.lineitem.l_orderkey"], "Filter": "(sum(public.lineitem.l_quantity) > 314::double precision), (LLVM Optimized)", "Plans": [{"Node Type": "Seq Scan", "Parent Relationship": "Outer", "Relation Name": "lineitem", "Alias": "lineitem", "Startup Cost": 0.0, "Total Cost": 2015115.33, "Plan Rows": 59987033, "Plan Width": 16}]}, {"Node Type": "Index Scan", "Parent Relationship": "Inner", "Scan Direction": "Forward", "Index Name": "orders_pkey", "Relation Name": "orders", "Alias": "orders", "Startup Cost": 0.0, "Total Cost": 7.15, "Plan Rows": 1, "Plan Width": 32, "Index Cond": "(o_orderkey = public.lineitem.l_orderkey)"}]}, {"Node Type": "Index Scan", "Parent Relationship": "Inner", "Scan Direction": "Forward", "Index Name": "customer_pkey", "Relation Name": "customer", "Alias": "customer", "Startup Cost": 0.0, "Total Cost": 0.28, "Plan Rows": 1, "Plan Width": 27, "Index Cond": "(c_custkey = orders.o_custkey)"}]}, {"Node Type": "Index Scan", "Parent Relationship": "Inner", "Scan Direction": "Forward", "Index Name": "idx_lineitem_orderkey", "Relation Name": "lineitem", "Alias": "lineitem", "Startup Cost": 0.0, "Total Cost": 0.87, "Plan Rows": 9, "Plan Width": 16, "Index Cond": "(l_orderkey = orders.o_orderkey)"}]}]}]}]}, "Unique SQL Id": 1915754155, "Planner Runtime": 2}, "explain_analyze_plan": {"Plan": {"Node Type": "Limit", "Startup Cost": 2649029.8, "Total Cost": 2649030.05, "Plan Rows": 100, "Plan Width": 67, "Actual Startup Time": 53367.336, "Actual Total Time": 53367.355, "Actual Rows": 84, "Actual Loops": 1, "Plans": [{"Node Type": "Sort", "Parent Relationship": "Outer", "Startup Cost": 2649029.8, "Total Cost": 2649345.6, "Plan Rows": 100, "Plan Width": 67, "Actual Startup Time": 53367.333, "Actual Total Time": 53367.342, "Actual Rows": 84, "Actual Loops": 1, "Sort Key": ["orders.o_totalprice DESC", "orders.o_orderdate"], "Sort Method": "quicksort", "Sort Space Used": 38, "Sort Space Type": "Memory", "Plans": [{"Node Type": "Aggregate", "Strategy": "Hashed", "Parent Relationship": "Outer", "Startup Cost": 2642938.69, "Total Cost": 2644201.9, "Plan Rows": 126321, "Plan Width": 67, "Actual Startup Time": 53366.678, "Actual Total Time": 53367.237, "Actual Rows": 84, "Actual Loops": 1, "Group By Key": ["orders.o_totalprice", "orders.o_orderdate", "customer.c_name", "customer.c_custkey", "orders.o_orderkey"], "Plans": [{"Node Type": "Nested Loop", "Parent Relationship": "Outer", "Join Type": "Inner", "Startup Cost": 2315050.5, "Total Cost": 2641043.88, "Plan Rows": 126321, "Plan Width": 59, "Actual Startup Time": 47583.176, "Actual Total Time": 53364.795, "Actual Rows": 588, "Actual Loops": 1, "Inner Unique": false, "Plans": [{"Node Type": "Nested Loop", "Parent Relationship": "Outer", "Join Type": "Inner", "Startup Cost": 2315050.5, "Total Cost": 2627700.1, "Plan Rows": 13913, "Plan Width": 59, "Actual Startup Time": 47583.15, "Actual Total Time": 53362.449, "Actual Rows": 84, "Actual Loops": 1, "Inner Unique": true, "Plans": [{"Node Type": "Nested Loop", "Parent Relationship": "Outer", "Join Type": "Inner", "Startup Cost": 2315050.5, "Total Cost": 2618076.97, "Plan Rows": 33034, "Plan Width": 40, "Actual Startup Time": 47583.13, "Actual Total Time": 53361.021, "Actual Rows": 84, "Actual Loops": 1, "Inner Unique": true, "Plans": [{"Node Type": "Aggregate", "Strategy": "Hashed", "Parent Relationship": "Outer", "Startup Cost": 2315050.5, "Total Cost": 2381201.11, "Plan Rows": 33034, "Plan Width": 24, "Actual Startup Time": 47583.052, "Actual Total Time": 53340.03, "Actual Rows": 84, "Actual Loops": 1, "Group By Key": ["public.lineitem.l_orderkey"], "Filter": "(sum(public.lineitem.l_quantity) > 314::double precision), (LLVM Optimized, Jit Execute)", "Rows Removed by Filter": 14999916, "Plans": [{"Node Type": "Seq Scan", "Parent Relationship": "Outer", "Relation Name": "lineitem", "Alias": "lineitem", "Startup Cost": 0.0, "Total Cost": 2015115.33, "Plan Rows": 59987033, "Plan Width": 16, "Actual Startup Time": 0.044, "Actual Total Time": 20352.533, "Actual Rows": 59986052, "Actual Loops": 1}]}, {"Node Type": "Index Scan", "Parent Relationship": "Inner", "Scan Direction": "Forward", "Index Name": "orders_pkey", "Relation Name": "orders", "Alias": "orders", "Startup Cost": 0.0, "Total Cost": 7.15, "Plan Rows": 1, "Plan Width": 32, "Actual Startup Time": 2.902, "Actual Total Time": 2.902, "Actual Rows": 84, "Actual Loops": 84, "Index Cond": "(o_orderkey = public.lineitem.l_orderkey)", "Rows Removed by Index Recheck": 0}]}, {"Node Type": "Index Scan", "Parent Relationship": "Inner", "Scan Direction": "Forward", "Index Name": "customer_pkey", "Relation Name": "customer", "Alias": "customer", "Startup Cost": 0.0, "Total Cost": 0.28, "Plan Rows": 1, "Plan Width": 27, "Actual Startup Time": 1.048, "Actual Total Time": 1.048, "Actual Rows": 84, "Actual Loops": 84, "Index Cond": "(c_custkey = orders.o_custkey)", "Rows Removed by Index Recheck": 0}]}, {"Node Type": "Index Scan", "Parent Relationship": "Inner", "Scan Direction": "Forward", "Index Name": "idx_lineitem_orderkey", "Relation Name": "lineitem", "Alias": "lineitem", "Startup Cost": 0.0, "Total Cost": 0.87, "Plan Rows": 9, "Plan Width": 16, "Actual Startup Time": 1.401, "Actual Total Time": 1.898, "Actual Rows": 588, "Actual Loops": 84, "Index Cond": "(l_orderkey = orders.o_orderkey)", "Rows Removed by Index Recheck": 0}]}]}]}]}, "Triggers": [], "Planner Runtime": 2.116, "Total Runtime": 53376.681, "Unique SQL Id": 1915754155}}, "(16, '65')": {"explain_plan": {"Plan": {"Node Type": "Limit", "Startup Cost": 3874068.21, "Total Cost": 3874068.46, "Plan Rows": 100, "Plan Width": 67, "Plans": [{"Node Type": "Sort", "Parent Relationship": "Outer", "Startup Cost": 3874068.21, "Total Cost": 3874384.02, "Plan Rows": 100, "Plan Width": 67, "Sort Key": ["orders.o_totalprice DESC", "orders.o_orderdate"], "Plans": [{"Node Type": "Aggregate", "Strategy": "Hashed", "Parent Relationship": "Outer", "Startup Cost": 3867977.11, "Total Cost": 3869240.32, "Plan Rows": 126321, "Plan Width": 67, "Group By Key": ["orders.o_totalprice", "orders.o_orderdate", "customer.c_name", "customer.c_custkey", "orders.o_orderkey"], "Plans": [{"Node Type": "Nested Loop", "Parent Relationship": "Outer", "Join Type": "Inner", "Startup Cost": 3540088.91, "Total Cost": 3866082.29, "Plan Rows": 126321, "Plan Width": 59, "Inner Unique": false, "Plans": [{"Node Type": "Nested Loop", "Parent Relationship": "Outer", "Join Type": "Inner", "Startup Cost": 3540088.91, "Total Cost": 3852738.51, "Plan Rows": 13913, "Plan Width": 59, "Inner Unique": true, "Plans": [{"Node Type": "Nested Loop", "Parent Relationship": "Outer", "Join Type": "Inner", "Startup Cost": 3540088.91, "Total Cost": 3843115.38, "Plan Rows": 33034, "Plan Width": 40, "Inner Unique": true, "Plans": [{"Node Type": "Aggregate", "Strategy": "Hashed", "Parent Relationship": "Outer", "Startup Cost": 3540088.91, "Total Cost": 3606239.52, "Plan Rows": 33034, "Plan Width": 24, "Group By Key": ["public.lineitem.l_orderkey"], "Filter": "(sum(public.lineitem.l_quantity) > 314::double precision), (LLVM Optimized)", "Plans": [{"Node Type": "Index Scan", "Parent Relationship": "Outer", "Scan Direction": "Forward", "Index Name": "idx_lineitem_orderkey", "Relation Name": "lineitem", "Alias": "lineitem", "Startup Cost": 0.0, "Total Cost": 3240153.75, "Plan Rows": 59987033, "Plan Width": 16}]}, {"Node Type": "Index Scan", "Parent Relationship": "Inner", "Scan Direction": "Forward", "Index Name": "orders_pkey", "Relation Name": "orders", "Alias": "orders", "Startup Cost": 0.0, "Total Cost": 7.15, "Plan Rows": 1, "Plan Width": 32, "Index Cond": "(o_orderkey = public.lineitem.l_orderkey)"}]}, {"Node Type": "Index Scan", "Parent Relationship": "Inner", "Scan Direction": "Forward", "Index Name": "customer_pkey", "Relation Name": "customer", "Alias": "customer", "Startup Cost": 0.0, "Total Cost": 0.28, "Plan Rows": 1, "Plan Width": 27, "Index Cond": "(c_custkey = orders.o_custkey)"}]}, {"Node Type": "Index Scan", "Parent Relationship": "Inner", "Scan Direction": "Forward", "Index Name": "idx_lineitem_orderkey", "Relation Name": "lineitem", "Alias": "lineitem", "Startup Cost": 0.0, "Total Cost": 0.87, "Plan Rows": 9, "Plan Width": 16, "Index Cond": "(l_orderkey = orders.o_orderkey)"}]}]}]}]}, "Unique SQL Id": 1915754155, "Planner Runtime": 2}, "explain_analyze_plan": {"Plan": {"Node Type": "Limit", "Startup Cost": 3874068.21, "Total Cost": 3874068.46, "Plan Rows": 100, "Plan Width": 67, "Actual Startup Time": 80046.048, "Actual Total Time": 80046.063, "Actual Rows": 84, "Actual Loops": 1, "Plans": [{"Node Type": "Sort", "Parent Relationship": "Outer", "Startup Cost": 3874068.21, "Total Cost": 3874384.02, "Plan Rows": 100, "Plan Width": 67, "Actual Startup Time": 80046.046, "Actual Total Time": 80046.051, "Actual Rows": 84, "Actual Loops": 1, "Sort Key": ["orders.o_totalprice DESC", "orders.o_orderdate"], "Sort Method": "quicksort", "Sort Space Used": 38, "Sort Space Type": "Memory", "Plans": [{"Node Type": "Aggregate", "Strategy": "Hashed", "Parent Relationship": "Outer", "Startup Cost": 3867977.11, "Total Cost": 3869240.32, "Plan Rows": 126321, "Plan Width": 67, "Actual Startup Time": 80045.618, "Actual Total Time": 80045.952, "Actual Rows": 84, "Actual Loops": 1, "Group By Key": ["orders.o_totalprice", "orders.o_orderdate", "customer.c_name", "customer.c_custkey", "orders.o_orderkey"], "Plans": [{"Node Type": "Nested Loop", "Parent Relationship": "Outer", "Join Type": "Inner", "Startup Cost": 3540088.91, "Total Cost": 3866082.29, "Plan Rows": 126321, "Plan Width": 59, "Actual Startup Time": 71660.31, "Actual Total Time": 80043.737, "Actual Rows": 588, "Actual Loops": 1, "Inner Unique": false, "Plans": [{"Node Type": "Nested Loop", "Parent Relationship": "Outer", "Join Type": "Inner", "Startup Cost": 3540088.91, "Total Cost": 3852738.51, "Plan Rows": 13913, "Plan Width": 59, "Actual Startup Time": 71660.278, "Actual Total Time": 80041.063, "Actual Rows": 84, "Actual Loops": 1, "Inner Unique": true, "Plans": [{"Node Type": "Nested Loop", "Parent Relationship": "Outer", "Join Type": "Inner", "Startup Cost": 3540088.91, "Total Cost": 3843115.38, "Plan Rows": 33034, "Plan Width": 40, "Actual Startup Time": 71660.251, "Actual Total Time": 80039.183, "Actual Rows": 84, "Actual Loops": 1, "Inner Unique": true, "Plans": [{"Node Type": "Aggregate", "Strategy": "Hashed", "Parent Relationship": "Outer", "Startup Cost": 3540088.91, "Total Cost": 3606239.52, "Plan Rows": 33034, "Plan Width": 24, "Actual Startup Time": 71660.193, "Actual Total Time": 80016.864, "Actual Rows": 84, "Actual Loops": 1, "Group By Key": ["public.lineitem.l_orderkey"], "Filter": "(sum(public.lineitem.l_quantity) > 314::double precision), (LLVM Optimized, Jit Execute)", "Rows Removed by Filter": 14999916, "Plans": [{"Node Type": "Index Scan", "Parent Relationship": "Outer", "Scan Direction": "Forward", "Index Name": "idx_lineitem_orderkey", "Relation Name": "lineitem", "Alias": "lineitem", "Startup Cost": 0.0, "Total Cost": 3240153.75, "Plan Rows": 59987033, "Plan Width": 16, "Actual Startup Time": 0.058, "Actual Total Time": 41400.691, "Actual Rows": 59986052, "Actual Loops": 1}]}, {"Node Type": "Index Scan", "Parent Relationship": "Inner", "Scan Direction": "Forward", "Index Name": "orders_pkey", "Relation Name": "orders", "Alias": "orders", "Startup Cost": 0.0, "Total Cost": 7.15, "Plan Rows": 1, "Plan Width": 32, "Actual Startup Time": 2.944, "Actual Total Time": 2.944, "Actual Rows": 84, "Actual Loops": 84, "Index Cond": "(o_orderkey = public.lineitem.l_orderkey)", "Rows Removed by Index Recheck": 0}]}, {"Node Type": "Index Scan", "Parent Relationship": "Inner", "Scan Direction": "Forward", "Index Name": "customer_pkey", "Relation Name": "customer", "Alias": "customer", "Startup Cost": 0.0, "Total Cost": 0.28, "Plan Rows": 1, "Plan Width": 27, "Actual Startup Time": 1.358, "Actual Total Time": 1.358, "Actual Rows": 84, "Actual Loops": 84, "Index Cond": "(c_custkey = orders.o_custkey)", "Rows Removed by Index Recheck": 0}]}, {"Node Type": "Index Scan", "Parent Relationship": "Inner", "Scan Direction": "Forward", "Index Name": "idx_lineitem_orderkey", "Relation Name": "lineitem", "Alias": "lineitem", "Startup Cost": 0.0, "Total Cost": 0.87, "Plan Rows": 9, "Plan Width": 16, "Actual Startup Time": 1.639, "Actual Total Time": 2.066, "Actual Rows": 588, "Actual Loops": 84, "Index Cond": "(l_orderkey = orders.o_orderkey)", "Rows Removed by Index Recheck": 0}]}]}]}]}, "Triggers": [], "Planner Runtime": 2.569, "Total Runtime": 80056.92, "Unique SQL Id": 1915754155}}, "(16, '66')": {"explain_plan": {"Plan": {"Node Type": "Limit", "Startup Cost": 2768625.52, "Total Cost": 2768625.77, "Plan Rows": 100, "Plan Width": 67, "Plans": [{"Node Type": "Sort", "Parent Relationship": "Outer", "Startup Cost": 2768625.52, "Total Cost": 2768941.33, "Plan Rows": 100, "Plan Width": 67, "Sort Key": ["orders.o_totalprice DESC", "orders.o_orderdate"], "Plans": [{"Node Type": "Aggregate", "Strategy": "Hashed", "Parent Relationship": "Outer", "Startup Cost": 2762534.42, "Total Cost": 2763797.63, "Plan Rows": 126321, "Plan Width": 67, "Group By Key": ["orders.o_totalprice", "orders.o_orderdate", "customer.c_name", "customer.c_custkey", "orders.o_orderkey"], "Plans": [{"Node Type": "Nested Loop", "Parent Relationship": "Outer", "Join Type": "Inner", "Startup Cost": 2385930.24, "Total Cost": 2760639.6, "Plan Rows": 126321, "Plan Width": 59, "Inner Unique": false, "Plans": [{"Node Type": "Hash Join", "Parent Relationship": "Outer", "Join Type": "Inner", "Startup Cost": 2385929.86, "Total Cost": 2696863.45, "Plan Rows": 13913, "Plan Width": 59, "Inner Unique": true, "Hash Cond": "(orders.o_custkey = customer.c_custkey)", "Plans": [{"Node Type": "Nested Loop", "Parent Relationship": "Outer", "Join Type": "Inner", "Startup Cost": 2315053.86, "Total Cost": 2625533.23, "Plan Rows": 33034, "Plan Width": 40, "Inner Unique": true, "Plans": [{"Node Type": "Aggregate", "Strategy": "Hashed", "Parent Relationship": "Outer", "Startup Cost": 2315050.5, "Total Cost": 2381201.11, "Plan Rows": 33034, "Plan Width": 24, "Group By Key": ["public.lineitem.l_orderkey"], "Filter": "(sum(public.lineitem.l_quantity) > 314::double precision), (LLVM Optimized)", "Plans": [{"Node Type": "Seq Scan", "Parent Relationship": "Outer", "Relation Name": "lineitem", "Alias": "lineitem", "Startup Cost": 0.0, "Total Cost": 2015115.33, "Plan Rows": 59987033, "Plan Width": 16}]}, {"Node Type": "Bitmap Heap Scan", "Parent Relationship": "Inner", "Relation Name": "orders", "Alias": "orders", "Startup Cost": 3.36, "Total Cost": 7.38, "Plan Rows": 1, "Plan Width": 32, "Recheck Cond": "(o_orderkey = public.lineitem.l_orderkey)", "Plans": [{"Node Type": "Bitmap Index Scan", "Parent Relationship": "Outer", "Index Name": "orders_pkey", "Startup Cost": 0.0, "Total Cost": 3.36, "Plan Rows": 1, "Plan Width": 0, "Index Cond": "(o_orderkey = public.lineitem.l_orderkey)"}]}]}, {"Node Type": "Hash", "Parent Relationship": "Inner", "Startup Cost": 52126.0, "Total Cost": 52126.0, "Plan Rows": 1500000, "Plan Width": 27, "Plans": [{"Node Type": "Seq Scan", "Parent Relationship": "Outer", "Relation Name": "customer", "Alias": "customer", "Startup Cost": 0.0, "Total Cost": 52126.0, "Plan Rows": 1500000, "Plan Width": 27}]}]}, {"Node Type": "Bitmap Heap Scan", "Parent Relationship": "Inner", "Relation Name": "lineitem", "Alias": "lineitem", "Startup Cost": 0.38, "Total Cost": 4.49, "Plan Rows": 9, "Plan Width": 16, "Recheck Cond": "(l_orderkey = orders.o_orderkey)", "Plans": [{"Node Type": "Bitmap Index Scan", "Parent Relationship": "Outer", "Index Name": "idx_lineitem_orderkey", "Startup Cost": 0.0, "Total Cost": 0.38, "Plan Rows": 9, "Plan Width": 0, "Index Cond": "(l_orderkey = orders.o_orderkey)"}]}]}]}]}]}, "Unique SQL Id": 1915754155, "Planner Runtime": 2}, "explain_analyze_plan": {"Plan": {"Node Type": "Limit", "Startup Cost": 2768625.52, "Total Cost": 2768625.77, "Plan Rows": 100, "Plan Width": 67, "Actual Startup Time": 54408.291, "Actual Total Time": 54408.306, "Actual Rows": 84, "Actual Loops": 1, "Plans": [{"Node Type": "Sort", "Parent Relationship": "Outer", "Startup Cost": 2768625.52, "Total Cost": 2768941.33, "Plan Rows": 100, "Plan Width": 67, "Actual Startup Time": 54408.289, "Actual Total Time": 54408.297, "Actual Rows": 84, "Actual Loops": 1, "Sort Key": ["orders.o_totalprice DESC", "orders.o_orderdate"], "Sort Method": "quicksort", "Sort Space Used": 38, "Sort Space Type": "Memory", "Plans": [{"Node Type": "Aggregate", "Strategy": "Hashed", "Parent Relationship": "Outer", "Startup Cost": 2762534.42, "Total Cost": 2763797.63, "Plan Rows": 126321, "Plan Width": 67, "Actual Startup Time": 54407.79, "Actual Total Time": 54408.184, "Actual Rows": 84, "Actual Loops": 1, "Group By Key": ["orders.o_totalprice", "orders.o_orderdate", "customer.c_name", "customer.c_custkey", "orders.o_orderkey"], "Plans": [{"Node Type": "Nested Loop", "Parent Relationship": "Outer", "Join Type": "Inner", "Startup Cost": 2385930.24, "Total Cost": 2760639.6, "Plan Rows": 126321, "Plan Width": 59, "Actual Startup Time": 47887.873, "Actual Total Time": 54405.571, "Actual Rows": 588, "Actual Loops": 1, "Inner Unique": false, "Plans": [{"Node Type": "Hash Join", "Parent Relationship": "Outer", "Join Type": "Inner", "Startup Cost": 2385929.86, "Total Cost": 2696863.45, "Plan Rows": 13913, "Plan Width": 59, "Actual Startup Time": 47887.826, "Actual Total Time": 54385.711, "Actual Rows": 84, "Actual Loops": 1, "Inner Unique": true, "Hash Cond": "(orders.o_custkey = customer.c_custkey)", "Plans": [{"Node Type": "Nested Loop", "Parent Relationship": "Outer", "Join Type": "Inner", "Startup Cost": 2315053.86, "Total Cost": 2625533.23, "Plan Rows": 33034, "Plan Width": 40, "Actual Startup Time": 46674.088, "Actual Total Time": 53167.993, "Actual Rows": 84, "Actual Loops": 1, "Inner Unique": true, "Plans": [{"Node Type": "Aggregate", "Strategy": "Hashed", "Parent Relationship": "Outer", "Startup Cost": 2315050.5, "Total Cost": 2381201.11, "Plan Rows": 33034, "Plan Width": 24, "Actual Startup Time": 46673.991, "Actual Total Time": 53149.284, "Actual Rows": 84, "Actual Loops": 1, "Group By Key": ["public.lineitem.l_orderkey"], "Filter": "(sum(public.lineitem.l_quantity) > 314::double precision), (LLVM Optimized, Jit Execute)", "Rows Removed by Filter": 14999916, "Plans": [{"Node Type": "Seq Scan", "Parent Relationship": "Outer", "Relation Name": "lineitem", "Alias": "lineitem", "Startup Cost": 0.0, "Total Cost": 2015115.33, "Plan Rows": 59987033, "Plan Width": 16, "Actual Startup Time": 0.042, "Actual Total Time": 20120.77, "Actual Rows": 59986052, "Actual Loops": 1}]}, {"Node Type": "Bitmap Heap Scan", "Parent Relationship": "Inner", "Relation Name": "orders", "Alias": "orders", "Startup Cost": 3.36, "Total Cost": 7.38, "Plan Rows": 1, "Plan Width": 32, "Actual Startup Time": 3.694, "Actual Total Time": 3.694, "Actual Rows": 84, "Actual Loops": 84, "Recheck Cond": "(o_orderkey = public.lineitem.l_orderkey)", "Rows Removed by Index Recheck": 0, "Exact Heap Blocks": 84, "Lossy Heap Blocks": 84, "Plans": [{"Node Type": "Bitmap Index Scan", "Parent Relationship": "Outer", "Index Name": "orders_pkey", "Startup Cost": 0.0, "Total Cost": 3.36, "Plan Rows": 1, "Plan Width": 0, "Actual Startup Time": 2.443, "Actual Total Time": 2.443, "Actual Rows": 84, "Actual Loops": 84, "Index Cond": "(o_orderkey = public.lineitem.l_orderkey)"}]}]}, {"Node Type": "Hash", "Parent Relationship": "Inner", "Startup Cost": 52126.0, "Total Cost": 52126.0, "Plan Rows": 1500000, "Plan Width": 27, "Actual Startup Time": 1212.32, "Actual Total Time": 1212.32, "Actual Rows": 1500000, "Actual Loops": 1, "Hash Buckets": 2097152, "Hash Batches": 1, "Original Hash Batches": 1, "Peak Memory Usage": 93750, "Plans": [{"Node Type": "Seq Scan", "Parent Relationship": "Outer", "Relation Name": "customer", "Alias": "customer", "Startup Cost": 0.0, "Total Cost": 52126.0, "Plan Rows": 1500000, "Plan Width": 27, "Actual Startup Time": 0.024, "Actual Total Time": 537.232, "Actual Rows": 1500000, "Actual Loops": 1}]}]}, {"Node Type": "Bitmap Heap Scan", "Parent Relationship": "Inner", "Relation Name": "lineitem", "Alias": "lineitem", "Startup Cost": 0.38, "Total Cost": 4.49, "Plan Rows": 9, "Plan Width": 16, "Actual Startup Time": 2.302, "Actual Total Time": 2.448, "Actual Rows": 588, "Actual Loops": 84, "Recheck Cond": "(l_orderkey = orders.o_orderkey)", "Rows Removed by Index Recheck": 0, "Exact Heap Blocks": 96, "Lossy Heap Blocks": 96, "Plans": [{"Node Type": "Bitmap Index Scan", "Parent Relationship": "Outer", "Index Name": "idx_lineitem_orderkey", "Startup Cost": 0.0, "Total Cost": 0.38, "Plan Rows": 9, "Plan Width": 0, "Actual Startup Time": 1.463, "Actual Total Time": 1.463, "Actual Rows": 588, "Actual Loops": 84, "Index Cond": "(l_orderkey = orders.o_orderkey)"}]}]}]}]}]}, "Triggers": [], "Planner Runtime": 2.048, "Total Runtime": 54418.458, "Unique SQL Id": 1915754155}}, "(16, '67')": {"explain_plan": {"Plan": {"Node Type": "Limit", "Startup Cost": 1000324838994.8, "Total Cost": 1000324838995.05, "Plan Rows": 100, "Plan Width": 67, "Plans": [{"Node Type": "Sort", "Parent Relationship": "Outer", "Startup Cost": 1000324838994.8, "Total Cost": 1000324839310.61, "Plan Rows": 100, "Plan Width": 67, "Sort Key": ["orders.o_totalprice DESC", "orders.o_orderdate"], "Plans": [{"Node Type": "Aggregate", "Strategy": "Hashed", "Parent Relationship": "Outer", "Startup Cost": 1000324832903.7, "Total Cost": 1000324834166.91, "Plan Rows": 126321, "Plan Width": 67, "Group By Key": ["orders.o_totalprice", "orders.o_orderdate", "customer.c_name", "customer.c_custkey", "orders.o_orderkey"], "Plans": [{"Node Type": "Nested Loop", "Parent Relationship": "Outer", "Join Type": "Inner", "Startup Cost": 1000324315313.67, "Total Cost": 1000324831008.88, "Plan Rows": 126321, "Plan Width": 59, "Inner Unique": false, "Plans": [{"Node Type": "Nested Loop", "Parent Relationship": "Outer", "Join Type": "Inner", "Startup Cost": 1000324315313.29, "Total Cost": 1000324767232.73, "Plan Rows": 13913, "Plan Width": 59, "Inner Unique": true, "Plans": [{"Node Type": "Nested Loop", "Parent Relationship": "Outer", "Join Type": "Inner", "Startup Cost": 1000324315313.03, "Total Cost": 1000324625792.4, "Plan Rows": 33034, "Plan Width": 40, "Inner Unique": true, "Plans": [{"Node Type": "Aggregate", "Strategy": "Hashed", "Parent Relationship": "Outer", "Startup Cost": 1000324315309.67, "Total Cost": 1000324381460.28, "Plan Rows": 33034, "Plan Width": 24, "Group By Key": ["public.lineitem.l_orderkey"], "Filter": "(sum(public.lineitem.l_quantity) > 314::double precision), (LLVM Optimized)", "Plans": [{"Node Type": "Index Scan", "Parent Relationship": "Outer", "Scan Direction": "Forward", "Index Name": "idx_lineitem_orderkey", "Relation Name": "lineitem", "Alias": "lineitem", "Startup Cost": 10000000000.0, "Total Cost": 1000324015374.5, "Plan Rows": 59987033, "Plan Width": 16}]}, {"Node Type": "Bitmap Heap Scan", "Parent Relationship": "Inner", "Relation Name": "orders", "Alias": "orders", "Startup Cost": 3.36, "Total Cost": 7.38, "Plan Rows": 1, "Plan Width": 32, "Recheck Cond": "(o_orderkey = public.lineitem.l_orderkey)", "Plans": [{"Node Type": "Bitmap Index Scan", "Parent Relationship": "Outer", "Index Name": "orders_pkey", "Startup Cost": 0.0, "Total Cost": 3.36, "Plan Rows": 1, "Plan Width": 0, "Index Cond": "(o_orderkey = public.lineitem.l_orderkey)"}]}]}, {"Node Type": "Bitmap Heap Scan", "Parent Relationship": "Inner", "Relation Name": "customer", "Alias": "customer", "Startup Cost": 0.26, "Total Cost": 4.27, "Plan Rows": 1, "Plan Width": 27, "Recheck Cond": "(c_custkey = orders.o_custkey)", "Plans": [{"Node Type": "Bitmap Index Scan", "Parent Relationship": "Outer", "Index Name": "customer_pkey", "Startup Cost": 0.0, "Total Cost": 0.26, "Plan Rows": 1, "Plan Width": 0, "Index Cond": "(c_custkey = orders.o_custkey)"}]}]}, {"Node Type": "Bitmap Heap Scan", "Parent Relationship": "Inner", "Relation Name": "lineitem", "Alias": "lineitem", "Startup Cost": 0.38, "Total Cost": 4.49, "Plan Rows": 9, "Plan Width": 16, "Recheck Cond": "(l_orderkey = orders.o_orderkey)", "Plans": [{"Node Type": "Bitmap Index Scan", "Parent Relationship": "Outer", "Index Name": "idx_lineitem_orderkey", "Startup Cost": 0.0, "Total Cost": 0.38, "Plan Rows": 9, "Plan Width": 0, "Index Cond": "(l_orderkey = orders.o_orderkey)"}]}]}]}]}]}, "Unique SQL Id": 1915754155, "Planner Runtime": 1}, "explain_analyze_plan": {"Plan": {"Node Type": "Limit", "Startup Cost": 1000324838994.8, "Total Cost": 1000324838995.05, "Plan Rows": 100, "Plan Width": 67, "Actual Startup Time": 80385.074, "Actual Total Time": 80385.092, "Actual Rows": 84, "Actual Loops": 1, "Plans": [{"Node Type": "Sort", "Parent Relationship": "Outer", "Startup Cost": 1000324838994.8, "Total Cost": 1000324839310.61, "Plan Rows": 100, "Plan Width": 67, "Actual Startup Time": 80385.071, "Actual Total Time": 80385.08, "Actual Rows": 84, "Actual Loops": 1, "Sort Key": ["orders.o_totalprice DESC", "orders.o_orderdate"], "Sort Method": "quicksort", "Sort Space Used": 38, "Sort Space Type": "Memory", "Plans": [{"Node Type": "Aggregate", "Strategy": "Hashed", "Parent Relationship": "Outer", "Startup Cost": 1000324832903.7, "Total Cost": 1000324834166.91, "Plan Rows": 126321, "Plan Width": 67, "Actual Startup Time": 80384.393, "Actual Total Time": 80384.969, "Actual Rows": 84, "Actual Loops": 1, "Group By Key": ["orders.o_totalprice", "orders.o_orderdate", "customer.c_name", "customer.c_custkey", "orders.o_orderkey"], "Plans": [{"Node Type": "Nested Loop", "Parent Relationship": "Outer", "Join Type": "Inner", "Startup Cost": 1000324315313.67, "Total Cost": 1000324831008.88, "Plan Rows": 126321, "Plan Width": 59, "Actual Startup Time": 72233.603, "Actual Total Time": 80382.462, "Actual Rows": 588, "Actual Loops": 1, "Inner Unique": false, "Plans": [{"Node Type": "Nested Loop", "Parent Relationship": "Outer", "Join Type": "Inner", "Startup Cost": 1000324315313.29, "Total Cost": 1000324767232.73, "Plan Rows": 13913, "Plan Width": 59, "Actual Startup Time": 72233.569, "Actual Total Time": 80379.219, "Actual Rows": 84, "Actual Loops": 1, "Inner Unique": true, "Plans": [{"Node Type": "Nested Loop", "Parent Relationship": "Outer", "Join Type": "Inner", "Startup Cost": 1000324315313.03, "Total Cost": 1000324625792.4, "Plan Rows": 33034, "Plan Width": 40, "Actual Startup Time": 72233.51, "Actual Total Time": 80376.925, "Actual Rows": 84, "Actual Loops": 1, "Inner Unique": true, "Plans": [{"Node Type": "Aggregate", "Strategy": "Hashed", "Parent Relationship": "Outer", "Startup Cost": 1000324315309.67, "Total Cost": 1000324381460.28, "Plan Rows": 33034, "Plan Width": 24, "Actual Startup Time": 72233.393, "Actual Total Time": 80354.823, "Actual Rows": 84, "Actual Loops": 1, "Group By Key": ["public.lineitem.l_orderkey"], "Filter": "(sum(public.lineitem.l_quantity) > 314::double precision), (LLVM Optimized, Jit Execute)", "Rows Removed by Filter": 14999916, "Plans": [{"Node Type": "Index Scan", "Parent Relationship": "Outer", "Scan Direction": "Forward", "Index Name": "idx_lineitem_orderkey", "Relation Name": "lineitem", "Alias": "lineitem", "Startup Cost": 10000000000.0, "Total Cost": 1000324015374.5, "Plan Rows": 59987033, "Plan Width": 16, "Actual Startup Time": 0.063, "Actual Total Time": 42277.738, "Actual Rows": 59986052, "Actual Loops": 1}]}, {"Node Type": "Bitmap Heap Scan", "Parent Relationship": "Inner", "Relation Name": "orders", "Alias": "orders", "Startup Cost": 3.36, "Total Cost": 7.38, "Plan Rows": 1, "Plan Width": 32, "Actual Startup Time": 3.479, "Actual Total Time": 3.479, "Actual Rows": 84, "Actual Loops": 84, "Recheck Cond": "(o_orderkey = public.lineitem.l_orderkey)", "Rows Removed by Index Recheck": 0, "Exact Heap Blocks": 84, "Lossy Heap Blocks": 84, "Plans": [{"Node Type": "Bitmap Index Scan", "Parent Relationship": "Outer", "Index Name": "orders_pkey", "Startup Cost": 0.0, "Total Cost": 3.36, "Plan Rows": 1, "Plan Width": 0, "Actual Startup Time": 2.316, "Actual Total Time": 2.316, "Actual Rows": 84, "Actual Loops": 84, "Index Cond": "(o_orderkey = public.lineitem.l_orderkey)"}]}]}, {"Node Type": "Bitmap Heap Scan", "Parent Relationship": "Inner", "Relation Name": "customer", "Alias": "customer", "Startup Cost": 0.26, "Total Cost": 4.27, "Plan Rows": 1, "Plan Width": 27, "Actual Startup Time": 1.615, "Actual Total Time": 1.615, "Actual Rows": 84, "Actual Loops": 84, "Recheck Cond": "(c_custkey = orders.o_custkey)", "Rows Removed by Index Recheck": 0, "Exact Heap Blocks": 84, "Lossy Heap Blocks": 84, "Plans": [{"Node Type": "Bitmap Index Scan", "Parent Relationship": "Outer", "Index Name": "customer_pkey", "Startup Cost": 0.0, "Total Cost": 0.26, "Plan Rows": 1, "Plan Width": 0, "Actual Startup Time": 0.975, "Actual Total Time": 0.975, "Actual Rows": 84, "Actual Loops": 84, "Index Cond": "(c_custkey = orders.o_custkey)"}]}]}, {"Node Type": "Bitmap Heap Scan", "Parent Relationship": "Inner", "Relation Name": "lineitem", "Alias": "lineitem", "Startup Cost": 0.38, "Total Cost": 4.49, "Plan Rows": 9, "Plan Width": 16, "Actual Startup Time": 2.193, "Actual Total Time": 2.369, "Actual Rows": 588, "Actual Loops": 84, "Recheck Cond": "(l_orderkey = orders.o_orderkey)", "Rows Removed by Index Recheck": 0, "Exact Heap Blocks": 96, "Lossy Heap Blocks": 96, "Plans": [{"Node Type": "Bitmap Index Scan", "Parent Relationship": "Outer", "Index Name": "idx_lineitem_orderkey", "Startup Cost": 0.0, "Total Cost": 0.38, "Plan Rows": 9, "Plan Width": 0, "Actual Startup Time": 1.36, "Actual Total Time": 1.36, "Actual Rows": 588, "Actual Loops": 84, "Index Cond": "(l_orderkey = orders.o_orderkey)"}]}]}]}]}]}, "Triggers": [], "Planner Runtime": 2.016, "Total Runtime": 80394.686, "Unique SQL Id": 1915754155}}, "(16, '68')": {"explain_plan": {"Plan": {"Node Type": "Limit", "Startup Cost": 2649029.8, "Total Cost": 2649030.05, "Plan Rows": 100, "Plan Width": 67, "Plans": [{"Node Type": "Sort", "Parent Relationship": "Outer", "Startup Cost": 2649029.8, "Total Cost": 2649345.6, "Plan Rows": 100, "Plan Width": 67, "Sort Key": ["orders.o_totalprice DESC", "orders.o_orderdate"], "Plans": [{"Node Type": "Aggregate", "Strategy": "Hashed", "Parent Relationship": "Outer", "Startup Cost": 2642938.69, "Total Cost": 2644201.9, "Plan Rows": 126321, "Plan Width": 67, "Group By Key": ["orders.o_totalprice", "orders.o_orderdate", "customer.c_name", "customer.c_custkey", "orders.o_orderkey"], "Plans": [{"Node Type": "Nested Loop", "Parent Relationship": "Outer", "Join Type": "Inner", "Startup Cost": 2315050.5, "Total Cost": 2641043.88, "Plan Rows": 126321, "Plan Width": 59, "Inner Unique": false, "Plans": [{"Node Type": "Nested Loop", "Parent Relationship": "Outer", "Join Type": "Inner", "Startup Cost": 2315050.5, "Total Cost": 2627700.1, "Plan Rows": 13913, "Plan Width": 59, "Inner Unique": true, "Plans": [{"Node Type": "Nested Loop", "Parent Relationship": "Outer", "Join Type": "Inner", "Startup Cost": 2315050.5, "Total Cost": 2618076.97, "Plan Rows": 33034, "Plan Width": 40, "Inner Unique": true, "Plans": [{"Node Type": "Aggregate", "Strategy": "Hashed", "Parent Relationship": "Outer", "Startup Cost": 2315050.5, "Total Cost": 2381201.11, "Plan Rows": 33034, "Plan Width": 24, "Group By Key": ["public.lineitem.l_orderkey"], "Filter": "(sum(public.lineitem.l_quantity) > 314::double precision), (LLVM Optimized)", "Plans": [{"Node Type": "Seq Scan", "Parent Relationship": "Outer", "Relation Name": "lineitem", "Alias": "lineitem", "Startup Cost": 0.0, "Total Cost": 2015115.33, "Plan Rows": 59987033, "Plan Width": 16}]}, {"Node Type": "Index Scan", "Parent Relationship": "Inner", "Scan Direction": "Forward", "Index Name": "orders_pkey", "Relation Name": "orders", "Alias": "orders", "Startup Cost": 0.0, "Total Cost": 7.15, "Plan Rows": 1, "Plan Width": 32, "Index Cond": "(o_orderkey = public.lineitem.l_orderkey)"}]}, {"Node Type": "Index Scan", "Parent Relationship": "Inner", "Scan Direction": "Forward", "Index Name": "customer_pkey", "Relation Name": "customer", "Alias": "customer", "Startup Cost": 0.0, "Total Cost": 0.28, "Plan Rows": 1, "Plan Width": 27, "Index Cond": "(c_custkey = orders.o_custkey)"}]}, {"Node Type": "Index Scan", "Parent Relationship": "Inner", "Scan Direction": "Forward", "Index Name": "idx_lineitem_orderkey", "Relation Name": "lineitem", "Alias": "lineitem", "Startup Cost": 0.0, "Total Cost": 0.87, "Plan Rows": 9, "Plan Width": 16, "Index Cond": "(l_orderkey = orders.o_orderkey)"}]}]}]}]}, "Unique SQL Id": 1915754155, "Planner Runtime": 2}, "explain_analyze_plan": {"Plan": {"Node Type": "Limit", "Startup Cost": 2649029.8, "Total Cost": 2649030.05, "Plan Rows": 100, "Plan Width": 67, "Actual Startup Time": 53367.336, "Actual Total Time": 53367.355, "Actual Rows": 84, "Actual Loops": 1, "Plans": [{"Node Type": "Sort", "Parent Relationship": "Outer", "Startup Cost": 2649029.8, "Total Cost": 2649345.6, "Plan Rows": 100, "Plan Width": 67, "Actual Startup Time": 53367.333, "Actual Total Time": 53367.342, "Actual Rows": 84, "Actual Loops": 1, "Sort Key": ["orders.o_totalprice DESC", "orders.o_orderdate"], "Sort Method": "quicksort", "Sort Space Used": 38, "Sort Space Type": "Memory", "Plans": [{"Node Type": "Aggregate", "Strategy": "Hashed", "Parent Relationship": "Outer", "Startup Cost": 2642938.69, "Total Cost": 2644201.9, "Plan Rows": 126321, "Plan Width": 67, "Actual Startup Time": 53366.678, "Actual Total Time": 53367.237, "Actual Rows": 84, "Actual Loops": 1, "Group By Key": ["orders.o_totalprice", "orders.o_orderdate", "customer.c_name", "customer.c_custkey", "orders.o_orderkey"], "Plans": [{"Node Type": "Nested Loop", "Parent Relationship": "Outer", "Join Type": "Inner", "Startup Cost": 2315050.5, "Total Cost": 2641043.88, "Plan Rows": 126321, "Plan Width": 59, "Actual Startup Time": 47583.176, "Actual Total Time": 53364.795, "Actual Rows": 588, "Actual Loops": 1, "Inner Unique": false, "Plans": [{"Node Type": "Nested Loop", "Parent Relationship": "Outer", "Join Type": "Inner", "Startup Cost": 2315050.5, "Total Cost": 2627700.1, "Plan Rows": 13913, "Plan Width": 59, "Actual Startup Time": 47583.15, "Actual Total Time": 53362.449, "Actual Rows": 84, "Actual Loops": 1, "Inner Unique": true, "Plans": [{"Node Type": "Nested Loop", "Parent Relationship": "Outer", "Join Type": "Inner", "Startup Cost": 2315050.5, "Total Cost": 2618076.97, "Plan Rows": 33034, "Plan Width": 40, "Actual Startup Time": 47583.13, "Actual Total Time": 53361.021, "Actual Rows": 84, "Actual Loops": 1, "Inner Unique": true, "Plans": [{"Node Type": "Aggregate", "Strategy": "Hashed", "Parent Relationship": "Outer", "Startup Cost": 2315050.5, "Total Cost": 2381201.11, "Plan Rows": 33034, "Plan Width": 24, "Actual Startup Time": 47583.052, "Actual Total Time": 53340.03, "Actual Rows": 84, "Actual Loops": 1, "Group By Key": ["public.lineitem.l_orderkey"], "Filter": "(sum(public.lineitem.l_quantity) > 314::double precision), (LLVM Optimized, Jit Execute)", "Rows Removed by Filter": 14999916, "Plans": [{"Node Type": "Seq Scan", "Parent Relationship": "Outer", "Relation Name": "lineitem", "Alias": "lineitem", "Startup Cost": 0.0, "Total Cost": 2015115.33, "Plan Rows": 59987033, "Plan Width": 16, "Actual Startup Time": 0.044, "Actual Total Time": 20352.533, "Actual Rows": 59986052, "Actual Loops": 1}]}, {"Node Type": "Index Scan", "Parent Relationship": "Inner", "Scan Direction": "Forward", "Index Name": "orders_pkey", "Relation Name": "orders", "Alias": "orders", "Startup Cost": 0.0, "Total Cost": 7.15, "Plan Rows": 1, "Plan Width": 32, "Actual Startup Time": 2.902, "Actual Total Time": 2.902, "Actual Rows": 84, "Actual Loops": 84, "Index Cond": "(o_orderkey = public.lineitem.l_orderkey)", "Rows Removed by Index Recheck": 0}]}, {"Node Type": "Index Scan", "Parent Relationship": "Inner", "Scan Direction": "Forward", "Index Name": "customer_pkey", "Relation Name": "customer", "Alias": "customer", "Startup Cost": 0.0, "Total Cost": 0.28, "Plan Rows": 1, "Plan Width": 27, "Actual Startup Time": 1.048, "Actual Total Time": 1.048, "Actual Rows": 84, "Actual Loops": 84, "Index Cond": "(c_custkey = orders.o_custkey)", "Rows Removed by Index Recheck": 0}]}, {"Node Type": "Index Scan", "Parent Relationship": "Inner", "Scan Direction": "Forward", "Index Name": "idx_lineitem_orderkey", "Relation Name": "lineitem", "Alias": "lineitem", "Startup Cost": 0.0, "Total Cost": 0.87, "Plan Rows": 9, "Plan Width": 16, "Actual Startup Time": 1.401, "Actual Total Time": 1.898, "Actual Rows": 588, "Actual Loops": 84, "Index Cond": "(l_orderkey = orders.o_orderkey)", "Rows Removed by Index Recheck": 0}]}]}]}]}, "Triggers": [], "Planner Runtime": 2.116, "Total Runtime": 53376.681, "Unique SQL Id": 1915754155}}, "(16, '69')": {"explain_plan": {"Plan": {"Node Type": "Limit", "Startup Cost": 3874068.21, "Total Cost": 3874068.46, "Plan Rows": 100, "Plan Width": 67, "Plans": [{"Node Type": "Sort", "Parent Relationship": "Outer", "Startup Cost": 3874068.21, "Total Cost": 3874384.02, "Plan Rows": 100, "Plan Width": 67, "Sort Key": ["orders.o_totalprice DESC", "orders.o_orderdate"], "Plans": [{"Node Type": "Aggregate", "Strategy": "Hashed", "Parent Relationship": "Outer", "Startup Cost": 3867977.11, "Total Cost": 3869240.32, "Plan Rows": 126321, "Plan Width": 67, "Group By Key": ["orders.o_totalprice", "orders.o_orderdate", "customer.c_name", "customer.c_custkey", "orders.o_orderkey"], "Plans": [{"Node Type": "Nested Loop", "Parent Relationship": "Outer", "Join Type": "Inner", "Startup Cost": 3540088.91, "Total Cost": 3866082.29, "Plan Rows": 126321, "Plan Width": 59, "Inner Unique": false, "Plans": [{"Node Type": "Nested Loop", "Parent Relationship": "Outer", "Join Type": "Inner", "Startup Cost": 3540088.91, "Total Cost": 3852738.51, "Plan Rows": 13913, "Plan Width": 59, "Inner Unique": true, "Plans": [{"Node Type": "Nested Loop", "Parent Relationship": "Outer", "Join Type": "Inner", "Startup Cost": 3540088.91, "Total Cost": 3843115.38, "Plan Rows": 33034, "Plan Width": 40, "Inner Unique": true, "Plans": [{"Node Type": "Aggregate", "Strategy": "Hashed", "Parent Relationship": "Outer", "Startup Cost": 3540088.91, "Total Cost": 3606239.52, "Plan Rows": 33034, "Plan Width": 24, "Group By Key": ["public.lineitem.l_orderkey"], "Filter": "(sum(public.lineitem.l_quantity) > 314::double precision), (LLVM Optimized)", "Plans": [{"Node Type": "Index Scan", "Parent Relationship": "Outer", "Scan Direction": "Forward", "Index Name": "idx_lineitem_orderkey", "Relation Name": "lineitem", "Alias": "lineitem", "Startup Cost": 0.0, "Total Cost": 3240153.75, "Plan Rows": 59987033, "Plan Width": 16}]}, {"Node Type": "Index Scan", "Parent Relationship": "Inner", "Scan Direction": "Forward", "Index Name": "orders_pkey", "Relation Name": "orders", "Alias": "orders", "Startup Cost": 0.0, "Total Cost": 7.15, "Plan Rows": 1, "Plan Width": 32, "Index Cond": "(o_orderkey = public.lineitem.l_orderkey)"}]}, {"Node Type": "Index Scan", "Parent Relationship": "Inner", "Scan Direction": "Forward", "Index Name": "customer_pkey", "Relation Name": "customer", "Alias": "customer", "Startup Cost": 0.0, "Total Cost": 0.28, "Plan Rows": 1, "Plan Width": 27, "Index Cond": "(c_custkey = orders.o_custkey)"}]}, {"Node Type": "Index Scan", "Parent Relationship": "Inner", "Scan Direction": "Forward", "Index Name": "idx_lineitem_orderkey", "Relation Name": "lineitem", "Alias": "lineitem", "Startup Cost": 0.0, "Total Cost": 0.87, "Plan Rows": 9, "Plan Width": 16, "Index Cond": "(l_orderkey = orders.o_orderkey)"}]}]}]}]}, "Unique SQL Id": 1915754155, "Planner Runtime": 2}, "explain_analyze_plan": {"Plan": {"Node Type": "Limit", "Startup Cost": 3874068.21, "Total Cost": 3874068.46, "Plan Rows": 100, "Plan Width": 67, "Actual Startup Time": 80046.048, "Actual Total Time": 80046.063, "Actual Rows": 84, "Actual Loops": 1, "Plans": [{"Node Type": "Sort", "Parent Relationship": "Outer", "Startup Cost": 3874068.21, "Total Cost": 3874384.02, "Plan Rows": 100, "Plan Width": 67, "Actual Startup Time": 80046.046, "Actual Total Time": 80046.051, "Actual Rows": 84, "Actual Loops": 1, "Sort Key": ["orders.o_totalprice DESC", "orders.o_orderdate"], "Sort Method": "quicksort", "Sort Space Used": 38, "Sort Space Type": "Memory", "Plans": [{"Node Type": "Aggregate", "Strategy": "Hashed", "Parent Relationship": "Outer", "Startup Cost": 3867977.11, "Total Cost": 3869240.32, "Plan Rows": 126321, "Plan Width": 67, "Actual Startup Time": 80045.618, "Actual Total Time": 80045.952, "Actual Rows": 84, "Actual Loops": 1, "Group By Key": ["orders.o_totalprice", "orders.o_orderdate", "customer.c_name", "customer.c_custkey", "orders.o_orderkey"], "Plans": [{"Node Type": "Nested Loop", "Parent Relationship": "Outer", "Join Type": "Inner", "Startup Cost": 3540088.91, "Total Cost": 3866082.29, "Plan Rows": 126321, "Plan Width": 59, "Actual Startup Time": 71660.31, "Actual Total Time": 80043.737, "Actual Rows": 588, "Actual Loops": 1, "Inner Unique": false, "Plans": [{"Node Type": "Nested Loop", "Parent Relationship": "Outer", "Join Type": "Inner", "Startup Cost": 3540088.91, "Total Cost": 3852738.51, "Plan Rows": 13913, "Plan Width": 59, "Actual Startup Time": 71660.278, "Actual Total Time": 80041.063, "Actual Rows": 84, "Actual Loops": 1, "Inner Unique": true, "Plans": [{"Node Type": "Nested Loop", "Parent Relationship": "Outer", "Join Type": "Inner", "Startup Cost": 3540088.91, "Total Cost": 3843115.38, "Plan Rows": 33034, "Plan Width": 40, "Actual Startup Time": 71660.251, "Actual Total Time": 80039.183, "Actual Rows": 84, "Actual Loops": 1, "Inner Unique": true, "Plans": [{"Node Type": "Aggregate", "Strategy": "Hashed", "Parent Relationship": "Outer", "Startup Cost": 3540088.91, "Total Cost": 3606239.52, "Plan Rows": 33034, "Plan Width": 24, "Actual Startup Time": 71660.193, "Actual Total Time": 80016.864, "Actual Rows": 84, "Actual Loops": 1, "Group By Key": ["public.lineitem.l_orderkey"], "Filter": "(sum(public.lineitem.l_quantity) > 314::double precision), (LLVM Optimized, Jit Execute)", "Rows Removed by Filter": 14999916, "Plans": [{"Node Type": "Index Scan", "Parent Relationship": "Outer", "Scan Direction": "Forward", "Index Name": "idx_lineitem_orderkey", "Relation Name": "lineitem", "Alias": "lineitem", "Startup Cost": 0.0, "Total Cost": 3240153.75, "Plan Rows": 59987033, "Plan Width": 16, "Actual Startup Time": 0.058, "Actual Total Time": 41400.691, "Actual Rows": 59986052, "Actual Loops": 1}]}, {"Node Type": "Index Scan", "Parent Relationship": "Inner", "Scan Direction": "Forward", "Index Name": "orders_pkey", "Relation Name": "orders", "Alias": "orders", "Startup Cost": 0.0, "Total Cost": 7.15, "Plan Rows": 1, "Plan Width": 32, "Actual Startup Time": 2.944, "Actual Total Time": 2.944, "Actual Rows": 84, "Actual Loops": 84, "Index Cond": "(o_orderkey = public.lineitem.l_orderkey)", "Rows Removed by Index Recheck": 0}]}, {"Node Type": "Index Scan", "Parent Relationship": "Inner", "Scan Direction": "Forward", "Index Name": "customer_pkey", "Relation Name": "customer", "Alias": "customer", "Startup Cost": 0.0, "Total Cost": 0.28, "Plan Rows": 1, "Plan Width": 27, "Actual Startup Time": 1.358, "Actual Total Time": 1.358, "Actual Rows": 84, "Actual Loops": 84, "Index Cond": "(c_custkey = orders.o_custkey)", "Rows Removed by Index Recheck": 0}]}, {"Node Type": "Index Scan", "Parent Relationship": "Inner", "Scan Direction": "Forward", "Index Name": "idx_lineitem_orderkey", "Relation Name": "lineitem", "Alias": "lineitem", "Startup Cost": 0.0, "Total Cost": 0.87, "Plan Rows": 9, "Plan Width": 16, "Actual Startup Time": 1.639, "Actual Total Time": 2.066, "Actual Rows": 588, "Actual Loops": 84, "Index Cond": "(l_orderkey = orders.o_orderkey)", "Rows Removed by Index Recheck": 0}]}]}]}]}, "Triggers": [], "Planner Runtime": 2.569, "Total Runtime": 80056.92, "Unique SQL Id": 1915754155}}, "(16, '70')": {"explain_plan": {"Plan": {"Node Type": "Limit", "Startup Cost": 2768625.52, "Total Cost": 2768625.77, "Plan Rows": 100, "Plan Width": 67, "Plans": [{"Node Type": "Sort", "Parent Relationship": "Outer", "Startup Cost": 2768625.52, "Total Cost": 2768941.33, "Plan Rows": 100, "Plan Width": 67, "Sort Key": ["orders.o_totalprice DESC", "orders.o_orderdate"], "Plans": [{"Node Type": "Aggregate", "Strategy": "Hashed", "Parent Relationship": "Outer", "Startup Cost": 2762534.42, "Total Cost": 2763797.63, "Plan Rows": 126321, "Plan Width": 67, "Group By Key": ["orders.o_totalprice", "orders.o_orderdate", "customer.c_name", "customer.c_custkey", "orders.o_orderkey"], "Plans": [{"Node Type": "Nested Loop", "Parent Relationship": "Outer", "Join Type": "Inner", "Startup Cost": 2385930.24, "Total Cost": 2760639.6, "Plan Rows": 126321, "Plan Width": 59, "Inner Unique": false, "Plans": [{"Node Type": "Hash Join", "Parent Relationship": "Outer", "Join Type": "Inner", "Startup Cost": 2385929.86, "Total Cost": 2696863.45, "Plan Rows": 13913, "Plan Width": 59, "Inner Unique": true, "Hash Cond": "(orders.o_custkey = customer.c_custkey)", "Plans": [{"Node Type": "Nested Loop", "Parent Relationship": "Outer", "Join Type": "Inner", "Startup Cost": 2315053.86, "Total Cost": 2625533.23, "Plan Rows": 33034, "Plan Width": 40, "Inner Unique": true, "Plans": [{"Node Type": "Aggregate", "Strategy": "Hashed", "Parent Relationship": "Outer", "Startup Cost": 2315050.5, "Total Cost": 2381201.11, "Plan Rows": 33034, "Plan Width": 24, "Group By Key": ["public.lineitem.l_orderkey"], "Filter": "(sum(public.lineitem.l_quantity) > 314::double precision), (LLVM Optimized)", "Plans": [{"Node Type": "Seq Scan", "Parent Relationship": "Outer", "Relation Name": "lineitem", "Alias": "lineitem", "Startup Cost": 0.0, "Total Cost": 2015115.33, "Plan Rows": 59987033, "Plan Width": 16}]}, {"Node Type": "Bitmap Heap Scan", "Parent Relationship": "Inner", "Relation Name": "orders", "Alias": "orders", "Startup Cost": 3.36, "Total Cost": 7.38, "Plan Rows": 1, "Plan Width": 32, "Recheck Cond": "(o_orderkey = public.lineitem.l_orderkey)", "Plans": [{"Node Type": "Bitmap Index Scan", "Parent Relationship": "Outer", "Index Name": "orders_pkey", "Startup Cost": 0.0, "Total Cost": 3.36, "Plan Rows": 1, "Plan Width": 0, "Index Cond": "(o_orderkey = public.lineitem.l_orderkey)"}]}]}, {"Node Type": "Hash", "Parent Relationship": "Inner", "Startup Cost": 52126.0, "Total Cost": 52126.0, "Plan Rows": 1500000, "Plan Width": 27, "Plans": [{"Node Type": "Seq Scan", "Parent Relationship": "Outer", "Relation Name": "customer", "Alias": "customer", "Startup Cost": 0.0, "Total Cost": 52126.0, "Plan Rows": 1500000, "Plan Width": 27}]}]}, {"Node Type": "Bitmap Heap Scan", "Parent Relationship": "Inner", "Relation Name": "lineitem", "Alias": "lineitem", "Startup Cost": 0.38, "Total Cost": 4.49, "Plan Rows": 9, "Plan Width": 16, "Recheck Cond": "(l_orderkey = orders.o_orderkey)", "Plans": [{"Node Type": "Bitmap Index Scan", "Parent Relationship": "Outer", "Index Name": "idx_lineitem_orderkey", "Startup Cost": 0.0, "Total Cost": 0.38, "Plan Rows": 9, "Plan Width": 0, "Index Cond": "(l_orderkey = orders.o_orderkey)"}]}]}]}]}]}, "Unique SQL Id": 1915754155, "Planner Runtime": 2}, "explain_analyze_plan": {"Plan": {"Node Type": "Limit", "Startup Cost": 2768625.52, "Total Cost": 2768625.77, "Plan Rows": 100, "Plan Width": 67, "Actual Startup Time": 54408.291, "Actual Total Time": 54408.306, "Actual Rows": 84, "Actual Loops": 1, "Plans": [{"Node Type": "Sort", "Parent Relationship": "Outer", "Startup Cost": 2768625.52, "Total Cost": 2768941.33, "Plan Rows": 100, "Plan Width": 67, "Actual Startup Time": 54408.289, "Actual Total Time": 54408.297, "Actual Rows": 84, "Actual Loops": 1, "Sort Key": ["orders.o_totalprice DESC", "orders.o_orderdate"], "Sort Method": "quicksort", "Sort Space Used": 38, "Sort Space Type": "Memory", "Plans": [{"Node Type": "Aggregate", "Strategy": "Hashed", "Parent Relationship": "Outer", "Startup Cost": 2762534.42, "Total Cost": 2763797.63, "Plan Rows": 126321, "Plan Width": 67, "Actual Startup Time": 54407.79, "Actual Total Time": 54408.184, "Actual Rows": 84, "Actual Loops": 1, "Group By Key": ["orders.o_totalprice", "orders.o_orderdate", "customer.c_name", "customer.c_custkey", "orders.o_orderkey"], "Plans": [{"Node Type": "Nested Loop", "Parent Relationship": "Outer", "Join Type": "Inner", "Startup Cost": 2385930.24, "Total Cost": 2760639.6, "Plan Rows": 126321, "Plan Width": 59, "Actual Startup Time": 47887.873, "Actual Total Time": 54405.571, "Actual Rows": 588, "Actual Loops": 1, "Inner Unique": false, "Plans": [{"Node Type": "Hash Join", "Parent Relationship": "Outer", "Join Type": "Inner", "Startup Cost": 2385929.86, "Total Cost": 2696863.45, "Plan Rows": 13913, "Plan Width": 59, "Actual Startup Time": 47887.826, "Actual Total Time": 54385.711, "Actual Rows": 84, "Actual Loops": 1, "Inner Unique": true, "Hash Cond": "(orders.o_custkey = customer.c_custkey)", "Plans": [{"Node Type": "Nested Loop", "Parent Relationship": "Outer", "Join Type": "Inner", "Startup Cost": 2315053.86, "Total Cost": 2625533.23, "Plan Rows": 33034, "Plan Width": 40, "Actual Startup Time": 46674.088, "Actual Total Time": 53167.993, "Actual Rows": 84, "Actual Loops": 1, "Inner Unique": true, "Plans": [{"Node Type": "Aggregate", "Strategy": "Hashed", "Parent Relationship": "Outer", "Startup Cost": 2315050.5, "Total Cost": 2381201.11, "Plan Rows": 33034, "Plan Width": 24, "Actual Startup Time": 46673.991, "Actual Total Time": 53149.284, "Actual Rows": 84, "Actual Loops": 1, "Group By Key": ["public.lineitem.l_orderkey"], "Filter": "(sum(public.lineitem.l_quantity) > 314::double precision), (LLVM Optimized, Jit Execute)", "Rows Removed by Filter": 14999916, "Plans": [{"Node Type": "Seq Scan", "Parent Relationship": "Outer", "Relation Name": "lineitem", "Alias": "lineitem", "Startup Cost": 0.0, "Total Cost": 2015115.33, "Plan Rows": 59987033, "Plan Width": 16, "Actual Startup Time": 0.042, "Actual Total Time": 20120.77, "Actual Rows": 59986052, "Actual Loops": 1}]}, {"Node Type": "Bitmap Heap Scan", "Parent Relationship": "Inner", "Relation Name": "orders", "Alias": "orders", "Startup Cost": 3.36, "Total Cost": 7.38, "Plan Rows": 1, "Plan Width": 32, "Actual Startup Time": 3.694, "Actual Total Time": 3.694, "Actual Rows": 84, "Actual Loops": 84, "Recheck Cond": "(o_orderkey = public.lineitem.l_orderkey)", "Rows Removed by Index Recheck": 0, "Exact Heap Blocks": 84, "Lossy Heap Blocks": 84, "Plans": [{"Node Type": "Bitmap Index Scan", "Parent Relationship": "Outer", "Index Name": "orders_pkey", "Startup Cost": 0.0, "Total Cost": 3.36, "Plan Rows": 1, "Plan Width": 0, "Actual Startup Time": 2.443, "Actual Total Time": 2.443, "Actual Rows": 84, "Actual Loops": 84, "Index Cond": "(o_orderkey = public.lineitem.l_orderkey)"}]}]}, {"Node Type": "Hash", "Parent Relationship": "Inner", "Startup Cost": 52126.0, "Total Cost": 52126.0, "Plan Rows": 1500000, "Plan Width": 27, "Actual Startup Time": 1212.32, "Actual Total Time": 1212.32, "Actual Rows": 1500000, "Actual Loops": 1, "Hash Buckets": 2097152, "Hash Batches": 1, "Original Hash Batches": 1, "Peak Memory Usage": 93750, "Plans": [{"Node Type": "Seq Scan", "Parent Relationship": "Outer", "Relation Name": "customer", "Alias": "customer", "Startup Cost": 0.0, "Total Cost": 52126.0, "Plan Rows": 1500000, "Plan Width": 27, "Actual Startup Time": 0.024, "Actual Total Time": 537.232, "Actual Rows": 1500000, "Actual Loops": 1}]}]}, {"Node Type": "Bitmap Heap Scan", "Parent Relationship": "Inner", "Relation Name": "lineitem", "Alias": "lineitem", "Startup Cost": 0.38, "Total Cost": 4.49, "Plan Rows": 9, "Plan Width": 16, "Actual Startup Time": 2.302, "Actual Total Time": 2.448, "Actual Rows": 588, "Actual Loops": 84, "Recheck Cond": "(l_orderkey = orders.o_orderkey)", "Rows Removed by Index Recheck": 0, "Exact Heap Blocks": 96, "Lossy Heap Blocks": 96, "Plans": [{"Node Type": "Bitmap Index Scan", "Parent Relationship": "Outer", "Index Name": "idx_lineitem_orderkey", "Startup Cost": 0.0, "Total Cost": 0.38, "Plan Rows": 9, "Plan Width": 0, "Actual Startup Time": 1.463, "Actual Total Time": 1.463, "Actual Rows": 588, "Actual Loops": 84, "Index Cond": "(l_orderkey = orders.o_orderkey)"}]}]}]}]}]}, "Triggers": [], "Planner Runtime": 2.048, "Total Runtime": 54418.458, "Unique SQL Id": 1915754155}}, "(16, '71')": {"explain_plan": {"Plan": {"Node Type": "Limit", "Startup Cost": 1000324838994.8, "Total Cost": 1000324838995.05, "Plan Rows": 100, "Plan Width": 67, "Plans": [{"Node Type": "Sort", "Parent Relationship": "Outer", "Startup Cost": 1000324838994.8, "Total Cost": 1000324839310.61, "Plan Rows": 100, "Plan Width": 67, "Sort Key": ["orders.o_totalprice DESC", "orders.o_orderdate"], "Plans": [{"Node Type": "Aggregate", "Strategy": "Hashed", "Parent Relationship": "Outer", "Startup Cost": 1000324832903.7, "Total Cost": 1000324834166.91, "Plan Rows": 126321, "Plan Width": 67, "Group By Key": ["orders.o_totalprice", "orders.o_orderdate", "customer.c_name", "customer.c_custkey", "orders.o_orderkey"], "Plans": [{"Node Type": "Nested Loop", "Parent Relationship": "Outer", "Join Type": "Inner", "Startup Cost": 1000324315313.67, "Total Cost": 1000324831008.88, "Plan Rows": 126321, "Plan Width": 59, "Inner Unique": false, "Plans": [{"Node Type": "Nested Loop", "Parent Relationship": "Outer", "Join Type": "Inner", "Startup Cost": 1000324315313.29, "Total Cost": 1000324767232.73, "Plan Rows": 13913, "Plan Width": 59, "Inner Unique": true, "Plans": [{"Node Type": "Nested Loop", "Parent Relationship": "Outer", "Join Type": "Inner", "Startup Cost": 1000324315313.03, "Total Cost": 1000324625792.4, "Plan Rows": 33034, "Plan Width": 40, "Inner Unique": true, "Plans": [{"Node Type": "Aggregate", "Strategy": "Hashed", "Parent Relationship": "Outer", "Startup Cost": 1000324315309.67, "Total Cost": 1000324381460.28, "Plan Rows": 33034, "Plan Width": 24, "Group By Key": ["public.lineitem.l_orderkey"], "Filter": "(sum(public.lineitem.l_quantity) > 314::double precision), (LLVM Optimized)", "Plans": [{"Node Type": "Index Scan", "Parent Relationship": "Outer", "Scan Direction": "Forward", "Index Name": "idx_lineitem_orderkey", "Relation Name": "lineitem", "Alias": "lineitem", "Startup Cost": 10000000000.0, "Total Cost": 1000324015374.5, "Plan Rows": 59987033, "Plan Width": 16}]}, {"Node Type": "Bitmap Heap Scan", "Parent Relationship": "Inner", "Relation Name": "orders", "Alias": "orders", "Startup Cost": 3.36, "Total Cost": 7.38, "Plan Rows": 1, "Plan Width": 32, "Recheck Cond": "(o_orderkey = public.lineitem.l_orderkey)", "Plans": [{"Node Type": "Bitmap Index Scan", "Parent Relationship": "Outer", "Index Name": "orders_pkey", "Startup Cost": 0.0, "Total Cost": 3.36, "Plan Rows": 1, "Plan Width": 0, "Index Cond": "(o_orderkey = public.lineitem.l_orderkey)"}]}]}, {"Node Type": "Bitmap Heap Scan", "Parent Relationship": "Inner", "Relation Name": "customer", "Alias": "customer", "Startup Cost": 0.26, "Total Cost": 4.27, "Plan Rows": 1, "Plan Width": 27, "Recheck Cond": "(c_custkey = orders.o_custkey)", "Plans": [{"Node Type": "Bitmap Index Scan", "Parent Relationship": "Outer", "Index Name": "customer_pkey", "Startup Cost": 0.0, "Total Cost": 0.26, "Plan Rows": 1, "Plan Width": 0, "Index Cond": "(c_custkey = orders.o_custkey)"}]}]}, {"Node Type": "Bitmap Heap Scan", "Parent Relationship": "Inner", "Relation Name": "lineitem", "Alias": "lineitem", "Startup Cost": 0.38, "Total Cost": 4.49, "Plan Rows": 9, "Plan Width": 16, "Recheck Cond": "(l_orderkey = orders.o_orderkey)", "Plans": [{"Node Type": "Bitmap Index Scan", "Parent Relationship": "Outer", "Index Name": "idx_lineitem_orderkey", "Startup Cost": 0.0, "Total Cost": 0.38, "Plan Rows": 9, "Plan Width": 0, "Index Cond": "(l_orderkey = orders.o_orderkey)"}]}]}]}]}]}, "Unique SQL Id": 1915754155, "Planner Runtime": 1}, "explain_analyze_plan": {"Plan": {"Node Type": "Limit", "Startup Cost": 1000324838994.8, "Total Cost": 1000324838995.05, "Plan Rows": 100, "Plan Width": 67, "Actual Startup Time": 80385.074, "Actual Total Time": 80385.092, "Actual Rows": 84, "Actual Loops": 1, "Plans": [{"Node Type": "Sort", "Parent Relationship": "Outer", "Startup Cost": 1000324838994.8, "Total Cost": 1000324839310.61, "Plan Rows": 100, "Plan Width": 67, "Actual Startup Time": 80385.071, "Actual Total Time": 80385.08, "Actual Rows": 84, "Actual Loops": 1, "Sort Key": ["orders.o_totalprice DESC", "orders.o_orderdate"], "Sort Method": "quicksort", "Sort Space Used": 38, "Sort Space Type": "Memory", "Plans": [{"Node Type": "Aggregate", "Strategy": "Hashed", "Parent Relationship": "Outer", "Startup Cost": 1000324832903.7, "Total Cost": 1000324834166.91, "Plan Rows": 126321, "Plan Width": 67, "Actual Startup Time": 80384.393, "Actual Total Time": 80384.969, "Actual Rows": 84, "Actual Loops": 1, "Group By Key": ["orders.o_totalprice", "orders.o_orderdate", "customer.c_name", "customer.c_custkey", "orders.o_orderkey"], "Plans": [{"Node Type": "Nested Loop", "Parent Relationship": "Outer", "Join Type": "Inner", "Startup Cost": 1000324315313.67, "Total Cost": 1000324831008.88, "Plan Rows": 126321, "Plan Width": 59, "Actual Startup Time": 72233.603, "Actual Total Time": 80382.462, "Actual Rows": 588, "Actual Loops": 1, "Inner Unique": false, "Plans": [{"Node Type": "Nested Loop", "Parent Relationship": "Outer", "Join Type": "Inner", "Startup Cost": 1000324315313.29, "Total Cost": 1000324767232.73, "Plan Rows": 13913, "Plan Width": 59, "Actual Startup Time": 72233.569, "Actual Total Time": 80379.219, "Actual Rows": 84, "Actual Loops": 1, "Inner Unique": true, "Plans": [{"Node Type": "Nested Loop", "Parent Relationship": "Outer", "Join Type": "Inner", "Startup Cost": 1000324315313.03, "Total Cost": 1000324625792.4, "Plan Rows": 33034, "Plan Width": 40, "Actual Startup Time": 72233.51, "Actual Total Time": 80376.925, "Actual Rows": 84, "Actual Loops": 1, "Inner Unique": true, "Plans": [{"Node Type": "Aggregate", "Strategy": "Hashed", "Parent Relationship": "Outer", "Startup Cost": 1000324315309.67, "Total Cost": 1000324381460.28, "Plan Rows": 33034, "Plan Width": 24, "Actual Startup Time": 72233.393, "Actual Total Time": 80354.823, "Actual Rows": 84, "Actual Loops": 1, "Group By Key": ["public.lineitem.l_orderkey"], "Filter": "(sum(public.lineitem.l_quantity) > 314::double precision), (LLVM Optimized, Jit Execute)", "Rows Removed by Filter": 14999916, "Plans": [{"Node Type": "Index Scan", "Parent Relationship": "Outer", "Scan Direction": "Forward", "Index Name": "idx_lineitem_orderkey", "Relation Name": "lineitem", "Alias": "lineitem", "Startup Cost": 10000000000.0, "Total Cost": 1000324015374.5, "Plan Rows": 59987033, "Plan Width": 16, "Actual Startup Time": 0.063, "Actual Total Time": 42277.738, "Actual Rows": 59986052, "Actual Loops": 1}]}, {"Node Type": "Bitmap Heap Scan", "Parent Relationship": "Inner", "Relation Name": "orders", "Alias": "orders", "Startup Cost": 3.36, "Total Cost": 7.38, "Plan Rows": 1, "Plan Width": 32, "Actual Startup Time": 3.479, "Actual Total Time": 3.479, "Actual Rows": 84, "Actual Loops": 84, "Recheck Cond": "(o_orderkey = public.lineitem.l_orderkey)", "Rows Removed by Index Recheck": 0, "Exact Heap Blocks": 84, "Lossy Heap Blocks": 84, "Plans": [{"Node Type": "Bitmap Index Scan", "Parent Relationship": "Outer", "Index Name": "orders_pkey", "Startup Cost": 0.0, "Total Cost": 3.36, "Plan Rows": 1, "Plan Width": 0, "Actual Startup Time": 2.316, "Actual Total Time": 2.316, "Actual Rows": 84, "Actual Loops": 84, "Index Cond": "(o_orderkey = public.lineitem.l_orderkey)"}]}]}, {"Node Type": "Bitmap Heap Scan", "Parent Relationship": "Inner", "Relation Name": "customer", "Alias": "customer", "Startup Cost": 0.26, "Total Cost": 4.27, "Plan Rows": 1, "Plan Width": 27, "Actual Startup Time": 1.615, "Actual Total Time": 1.615, "Actual Rows": 84, "Actual Loops": 84, "Recheck Cond": "(c_custkey = orders.o_custkey)", "Rows Removed by Index Recheck": 0, "Exact Heap Blocks": 84, "Lossy Heap Blocks": 84, "Plans": [{"Node Type": "Bitmap Index Scan", "Parent Relationship": "Outer", "Index Name": "customer_pkey", "Startup Cost": 0.0, "Total Cost": 0.26, "Plan Rows": 1, "Plan Width": 0, "Actual Startup Time": 0.975, "Actual Total Time": 0.975, "Actual Rows": 84, "Actual Loops": 84, "Index Cond": "(c_custkey = orders.o_custkey)"}]}]}, {"Node Type": "Bitmap Heap Scan", "Parent Relationship": "Inner", "Relation Name": "lineitem", "Alias": "lineitem", "Startup Cost": 0.38, "Total Cost": 4.49, "Plan Rows": 9, "Plan Width": 16, "Actual Startup Time": 2.193, "Actual Total Time": 2.369, "Actual Rows": 588, "Actual Loops": 84, "Recheck Cond": "(l_orderkey = orders.o_orderkey)", "Rows Removed by Index Recheck": 0, "Exact Heap Blocks": 96, "Lossy Heap Blocks": 96, "Plans": [{"Node Type": "Bitmap Index Scan", "Parent Relationship": "Outer", "Index Name": "idx_lineitem_orderkey", "Startup Cost": 0.0, "Total Cost": 0.38, "Plan Rows": 9, "Plan Width": 0, "Actual Startup Time": 1.36, "Actual Total Time": 1.36, "Actual Rows": 588, "Actual Loops": 84, "Index Cond": "(l_orderkey = orders.o_orderkey)"}]}]}]}]}]}, "Triggers": [], "Planner Runtime": 2.016, "Total Runtime": 80394.686, "Unique SQL Id": 1915754155}}, "(16, '72')": {"explain_plan": {"Plan": {"Node Type": "Limit", "Startup Cost": 2649029.8, "Total Cost": 2649030.05, "Plan Rows": 100, "Plan Width": 67, "Plans": [{"Node Type": "Sort", "Parent Relationship": "Outer", "Startup Cost": 2649029.8, "Total Cost": 2649345.6, "Plan Rows": 100, "Plan Width": 67, "Sort Key": ["orders.o_totalprice DESC", "orders.o_orderdate"], "Plans": [{"Node Type": "Aggregate", "Strategy": "Hashed", "Parent Relationship": "Outer", "Startup Cost": 2642938.69, "Total Cost": 2644201.9, "Plan Rows": 126321, "Plan Width": 67, "Group By Key": ["orders.o_totalprice", "orders.o_orderdate", "customer.c_name", "customer.c_custkey", "orders.o_orderkey"], "Plans": [{"Node Type": "Nested Loop", "Parent Relationship": "Outer", "Join Type": "Inner", "Startup Cost": 2315050.5, "Total Cost": 2641043.88, "Plan Rows": 126321, "Plan Width": 59, "Inner Unique": false, "Plans": [{"Node Type": "Nested Loop", "Parent Relationship": "Outer", "Join Type": "Inner", "Startup Cost": 2315050.5, "Total Cost": 2627700.1, "Plan Rows": 13913, "Plan Width": 59, "Inner Unique": true, "Plans": [{"Node Type": "Nested Loop", "Parent Relationship": "Outer", "Join Type": "Inner", "Startup Cost": 2315050.5, "Total Cost": 2618076.97, "Plan Rows": 33034, "Plan Width": 40, "Inner Unique": true, "Plans": [{"Node Type": "Aggregate", "Strategy": "Hashed", "Parent Relationship": "Outer", "Startup Cost": 2315050.5, "Total Cost": 2381201.11, "Plan Rows": 33034, "Plan Width": 24, "Group By Key": ["public.lineitem.l_orderkey"], "Filter": "(sum(public.lineitem.l_quantity) > 314::double precision), (LLVM Optimized)", "Plans": [{"Node Type": "Seq Scan", "Parent Relationship": "Outer", "Relation Name": "lineitem", "Alias": "lineitem", "Startup Cost": 0.0, "Total Cost": 2015115.33, "Plan Rows": 59987033, "Plan Width": 16}]}, {"Node Type": "Index Scan", "Parent Relationship": "Inner", "Scan Direction": "Forward", "Index Name": "orders_pkey", "Relation Name": "orders", "Alias": "orders", "Startup Cost": 0.0, "Total Cost": 7.15, "Plan Rows": 1, "Plan Width": 32, "Index Cond": "(o_orderkey = public.lineitem.l_orderkey)"}]}, {"Node Type": "Index Scan", "Parent Relationship": "Inner", "Scan Direction": "Forward", "Index Name": "customer_pkey", "Relation Name": "customer", "Alias": "customer", "Startup Cost": 0.0, "Total Cost": 0.28, "Plan Rows": 1, "Plan Width": 27, "Index Cond": "(c_custkey = orders.o_custkey)"}]}, {"Node Type": "Index Scan", "Parent Relationship": "Inner", "Scan Direction": "Forward", "Index Name": "idx_lineitem_orderkey", "Relation Name": "lineitem", "Alias": "lineitem", "Startup Cost": 0.0, "Total Cost": 0.87, "Plan Rows": 9, "Plan Width": 16, "Index Cond": "(l_orderkey = orders.o_orderkey)"}]}]}]}]}, "Unique SQL Id": 1915754155, "Planner Runtime": 2}, "explain_analyze_plan": {"Plan": {"Node Type": "Limit", "Startup Cost": 2649029.8, "Total Cost": 2649030.05, "Plan Rows": 100, "Plan Width": 67, "Actual Startup Time": 53367.336, "Actual Total Time": 53367.355, "Actual Rows": 84, "Actual Loops": 1, "Plans": [{"Node Type": "Sort", "Parent Relationship": "Outer", "Startup Cost": 2649029.8, "Total Cost": 2649345.6, "Plan Rows": 100, "Plan Width": 67, "Actual Startup Time": 53367.333, "Actual Total Time": 53367.342, "Actual Rows": 84, "Actual Loops": 1, "Sort Key": ["orders.o_totalprice DESC", "orders.o_orderdate"], "Sort Method": "quicksort", "Sort Space Used": 38, "Sort Space Type": "Memory", "Plans": [{"Node Type": "Aggregate", "Strategy": "Hashed", "Parent Relationship": "Outer", "Startup Cost": 2642938.69, "Total Cost": 2644201.9, "Plan Rows": 126321, "Plan Width": 67, "Actual Startup Time": 53366.678, "Actual Total Time": 53367.237, "Actual Rows": 84, "Actual Loops": 1, "Group By Key": ["orders.o_totalprice", "orders.o_orderdate", "customer.c_name", "customer.c_custkey", "orders.o_orderkey"], "Plans": [{"Node Type": "Nested Loop", "Parent Relationship": "Outer", "Join Type": "Inner", "Startup Cost": 2315050.5, "Total Cost": 2641043.88, "Plan Rows": 126321, "Plan Width": 59, "Actual Startup Time": 47583.176, "Actual Total Time": 53364.795, "Actual Rows": 588, "Actual Loops": 1, "Inner Unique": false, "Plans": [{"Node Type": "Nested Loop", "Parent Relationship": "Outer", "Join Type": "Inner", "Startup Cost": 2315050.5, "Total Cost": 2627700.1, "Plan Rows": 13913, "Plan Width": 59, "Actual Startup Time": 47583.15, "Actual Total Time": 53362.449, "Actual Rows": 84, "Actual Loops": 1, "Inner Unique": true, "Plans": [{"Node Type": "Nested Loop", "Parent Relationship": "Outer", "Join Type": "Inner", "Startup Cost": 2315050.5, "Total Cost": 2618076.97, "Plan Rows": 33034, "Plan Width": 40, "Actual Startup Time": 47583.13, "Actual Total Time": 53361.021, "Actual Rows": 84, "Actual Loops": 1, "Inner Unique": true, "Plans": [{"Node Type": "Aggregate", "Strategy": "Hashed", "Parent Relationship": "Outer", "Startup Cost": 2315050.5, "Total Cost": 2381201.11, "Plan Rows": 33034, "Plan Width": 24, "Actual Startup Time": 47583.052, "Actual Total Time": 53340.03, "Actual Rows": 84, "Actual Loops": 1, "Group By Key": ["public.lineitem.l_orderkey"], "Filter": "(sum(public.lineitem.l_quantity) > 314::double precision), (LLVM Optimized, Jit Execute)", "Rows Removed by Filter": 14999916, "Plans": [{"Node Type": "Seq Scan", "Parent Relationship": "Outer", "Relation Name": "lineitem", "Alias": "lineitem", "Startup Cost": 0.0, "Total Cost": 2015115.33, "Plan Rows": 59987033, "Plan Width": 16, "Actual Startup Time": 0.044, "Actual Total Time": 20352.533, "Actual Rows": 59986052, "Actual Loops": 1}]}, {"Node Type": "Index Scan", "Parent Relationship": "Inner", "Scan Direction": "Forward", "Index Name": "orders_pkey", "Relation Name": "orders", "Alias": "orders", "Startup Cost": 0.0, "Total Cost": 7.15, "Plan Rows": 1, "Plan Width": 32, "Actual Startup Time": 2.902, "Actual Total Time": 2.902, "Actual Rows": 84, "Actual Loops": 84, "Index Cond": "(o_orderkey = public.lineitem.l_orderkey)", "Rows Removed by Index Recheck": 0}]}, {"Node Type": "Index Scan", "Parent Relationship": "Inner", "Scan Direction": "Forward", "Index Name": "customer_pkey", "Relation Name": "customer", "Alias": "customer", "Startup Cost": 0.0, "Total Cost": 0.28, "Plan Rows": 1, "Plan Width": 27, "Actual Startup Time": 1.048, "Actual Total Time": 1.048, "Actual Rows": 84, "Actual Loops": 84, "Index Cond": "(c_custkey = orders.o_custkey)", "Rows Removed by Index Recheck": 0}]}, {"Node Type": "Index Scan", "Parent Relationship": "Inner", "Scan Direction": "Forward", "Index Name": "idx_lineitem_orderkey", "Relation Name": "lineitem", "Alias": "lineitem", "Startup Cost": 0.0, "Total Cost": 0.87, "Plan Rows": 9, "Plan Width": 16, "Actual Startup Time": 1.401, "Actual Total Time": 1.898, "Actual Rows": 588, "Actual Loops": 84, "Index Cond": "(l_orderkey = orders.o_orderkey)", "Rows Removed by Index Recheck": 0}]}]}]}]}, "Triggers": [], "Planner Runtime": 2.116, "Total Runtime": 53376.681, "Unique SQL Id": 1915754155}}, "(16, '73')": {"explain_plan": {"Plan": {"Node Type": "Limit", "Startup Cost": 3874068.21, "Total Cost": 3874068.46, "Plan Rows": 100, "Plan Width": 67, "Plans": [{"Node Type": "Sort", "Parent Relationship": "Outer", "Startup Cost": 3874068.21, "Total Cost": 3874384.02, "Plan Rows": 100, "Plan Width": 67, "Sort Key": ["orders.o_totalprice DESC", "orders.o_orderdate"], "Plans": [{"Node Type": "Aggregate", "Strategy": "Hashed", "Parent Relationship": "Outer", "Startup Cost": 3867977.11, "Total Cost": 3869240.32, "Plan Rows": 126321, "Plan Width": 67, "Group By Key": ["orders.o_totalprice", "orders.o_orderdate", "customer.c_name", "customer.c_custkey", "orders.o_orderkey"], "Plans": [{"Node Type": "Nested Loop", "Parent Relationship": "Outer", "Join Type": "Inner", "Startup Cost": 3540088.91, "Total Cost": 3866082.29, "Plan Rows": 126321, "Plan Width": 59, "Inner Unique": false, "Plans": [{"Node Type": "Nested Loop", "Parent Relationship": "Outer", "Join Type": "Inner", "Startup Cost": 3540088.91, "Total Cost": 3852738.51, "Plan Rows": 13913, "Plan Width": 59, "Inner Unique": true, "Plans": [{"Node Type": "Nested Loop", "Parent Relationship": "Outer", "Join Type": "Inner", "Startup Cost": 3540088.91, "Total Cost": 3843115.38, "Plan Rows": 33034, "Plan Width": 40, "Inner Unique": true, "Plans": [{"Node Type": "Aggregate", "Strategy": "Hashed", "Parent Relationship": "Outer", "Startup Cost": 3540088.91, "Total Cost": 3606239.52, "Plan Rows": 33034, "Plan Width": 24, "Group By Key": ["public.lineitem.l_orderkey"], "Filter": "(sum(public.lineitem.l_quantity) > 314::double precision), (LLVM Optimized)", "Plans": [{"Node Type": "Index Scan", "Parent Relationship": "Outer", "Scan Direction": "Forward", "Index Name": "idx_lineitem_orderkey", "Relation Name": "lineitem", "Alias": "lineitem", "Startup Cost": 0.0, "Total Cost": 3240153.75, "Plan Rows": 59987033, "Plan Width": 16}]}, {"Node Type": "Index Scan", "Parent Relationship": "Inner", "Scan Direction": "Forward", "Index Name": "orders_pkey", "Relation Name": "orders", "Alias": "orders", "Startup Cost": 0.0, "Total Cost": 7.15, "Plan Rows": 1, "Plan Width": 32, "Index Cond": "(o_orderkey = public.lineitem.l_orderkey)"}]}, {"Node Type": "Index Scan", "Parent Relationship": "Inner", "Scan Direction": "Forward", "Index Name": "customer_pkey", "Relation Name": "customer", "Alias": "customer", "Startup Cost": 0.0, "Total Cost": 0.28, "Plan Rows": 1, "Plan Width": 27, "Index Cond": "(c_custkey = orders.o_custkey)"}]}, {"Node Type": "Index Scan", "Parent Relationship": "Inner", "Scan Direction": "Forward", "Index Name": "idx_lineitem_orderkey", "Relation Name": "lineitem", "Alias": "lineitem", "Startup Cost": 0.0, "Total Cost": 0.87, "Plan Rows": 9, "Plan Width": 16, "Index Cond": "(l_orderkey = orders.o_orderkey)"}]}]}]}]}, "Unique SQL Id": 1915754155, "Planner Runtime": 2}, "explain_analyze_plan": {"Plan": {"Node Type": "Limit", "Startup Cost": 3874068.21, "Total Cost": 3874068.46, "Plan Rows": 100, "Plan Width": 67, "Actual Startup Time": 80046.048, "Actual Total Time": 80046.063, "Actual Rows": 84, "Actual Loops": 1, "Plans": [{"Node Type": "Sort", "Parent Relationship": "Outer", "Startup Cost": 3874068.21, "Total Cost": 3874384.02, "Plan Rows": 100, "Plan Width": 67, "Actual Startup Time": 80046.046, "Actual Total Time": 80046.051, "Actual Rows": 84, "Actual Loops": 1, "Sort Key": ["orders.o_totalprice DESC", "orders.o_orderdate"], "Sort Method": "quicksort", "Sort Space Used": 38, "Sort Space Type": "Memory", "Plans": [{"Node Type": "Aggregate", "Strategy": "Hashed", "Parent Relationship": "Outer", "Startup Cost": 3867977.11, "Total Cost": 3869240.32, "Plan Rows": 126321, "Plan Width": 67, "Actual Startup Time": 80045.618, "Actual Total Time": 80045.952, "Actual Rows": 84, "Actual Loops": 1, "Group By Key": ["orders.o_totalprice", "orders.o_orderdate", "customer.c_name", "customer.c_custkey", "orders.o_orderkey"], "Plans": [{"Node Type": "Nested Loop", "Parent Relationship": "Outer", "Join Type": "Inner", "Startup Cost": 3540088.91, "Total Cost": 3866082.29, "Plan Rows": 126321, "Plan Width": 59, "Actual Startup Time": 71660.31, "Actual Total Time": 80043.737, "Actual Rows": 588, "Actual Loops": 1, "Inner Unique": false, "Plans": [{"Node Type": "Nested Loop", "Parent Relationship": "Outer", "Join Type": "Inner", "Startup Cost": 3540088.91, "Total Cost": 3852738.51, "Plan Rows": 13913, "Plan Width": 59, "Actual Startup Time": 71660.278, "Actual Total Time": 80041.063, "Actual Rows": 84, "Actual Loops": 1, "Inner Unique": true, "Plans": [{"Node Type": "Nested Loop", "Parent Relationship": "Outer", "Join Type": "Inner", "Startup Cost": 3540088.91, "Total Cost": 3843115.38, "Plan Rows": 33034, "Plan Width": 40, "Actual Startup Time": 71660.251, "Actual Total Time": 80039.183, "Actual Rows": 84, "Actual Loops": 1, "Inner Unique": true, "Plans": [{"Node Type": "Aggregate", "Strategy": "Hashed", "Parent Relationship": "Outer", "Startup Cost": 3540088.91, "Total Cost": 3606239.52, "Plan Rows": 33034, "Plan Width": 24, "Actual Startup Time": 71660.193, "Actual Total Time": 80016.864, "Actual Rows": 84, "Actual Loops": 1, "Group By Key": ["public.lineitem.l_orderkey"], "Filter": "(sum(public.lineitem.l_quantity) > 314::double precision), (LLVM Optimized, Jit Execute)", "Rows Removed by Filter": 14999916, "Plans": [{"Node Type": "Index Scan", "Parent Relationship": "Outer", "Scan Direction": "Forward", "Index Name": "idx_lineitem_orderkey", "Relation Name": "lineitem", "Alias": "lineitem", "Startup Cost": 0.0, "Total Cost": 3240153.75, "Plan Rows": 59987033, "Plan Width": 16, "Actual Startup Time": 0.058, "Actual Total Time": 41400.691, "Actual Rows": 59986052, "Actual Loops": 1}]}, {"Node Type": "Index Scan", "Parent Relationship": "Inner", "Scan Direction": "Forward", "Index Name": "orders_pkey", "Relation Name": "orders", "Alias": "orders", "Startup Cost": 0.0, "Total Cost": 7.15, "Plan Rows": 1, "Plan Width": 32, "Actual Startup Time": 2.944, "Actual Total Time": 2.944, "Actual Rows": 84, "Actual Loops": 84, "Index Cond": "(o_orderkey = public.lineitem.l_orderkey)", "Rows Removed by Index Recheck": 0}]}, {"Node Type": "Index Scan", "Parent Relationship": "Inner", "Scan Direction": "Forward", "Index Name": "customer_pkey", "Relation Name": "customer", "Alias": "customer", "Startup Cost": 0.0, "Total Cost": 0.28, "Plan Rows": 1, "Plan Width": 27, "Actual Startup Time": 1.358, "Actual Total Time": 1.358, "Actual Rows": 84, "Actual Loops": 84, "Index Cond": "(c_custkey = orders.o_custkey)", "Rows Removed by Index Recheck": 0}]}, {"Node Type": "Index Scan", "Parent Relationship": "Inner", "Scan Direction": "Forward", "Index Name": "idx_lineitem_orderkey", "Relation Name": "lineitem", "Alias": "lineitem", "Startup Cost": 0.0, "Total Cost": 0.87, "Plan Rows": 9, "Plan Width": 16, "Actual Startup Time": 1.639, "Actual Total Time": 2.066, "Actual Rows": 588, "Actual Loops": 84, "Index Cond": "(l_orderkey = orders.o_orderkey)", "Rows Removed by Index Recheck": 0}]}]}]}]}, "Triggers": [], "Planner Runtime": 2.569, "Total Runtime": 80056.92, "Unique SQL Id": 1915754155}}, "(16, '74')": {"explain_plan": {"Plan": {"Node Type": "Limit", "Startup Cost": 5166300.38, "Total Cost": 5166300.63, "Plan Rows": 100, "Plan Width": 67, "Plans": [{"Node Type": "Sort", "Parent Relationship": "Outer", "Startup Cost": 5166300.38, "Total Cost": 5166616.18, "Plan Rows": 100, "Plan Width": 67, "Sort Key": ["orders.o_totalprice DESC", "orders.o_orderdate"], "Plans": [{"Node Type": "Aggregate", "Strategy": "Hashed", "Parent Relationship": "Outer", "Startup Cost": 5160209.27, "Total Cost": 5161472.48, "Plan Rows": 126321, "Plan Width": 67, "Group By Key": ["orders.o_totalprice", "orders.o_orderdate", "customer.c_name", "customer.c_custkey", "orders.o_orderkey"], "Plans": [{"Node Type": "Hash Join", "Parent Relationship": "Outer", "Join Type": "Inner", "Startup Cost": 2917691.33, "Total Cost": 5158314.46, "Plan Rows": 126321, "Plan Width": 59, "Inner Unique": false, "Hash Cond": "(public.lineitem.l_orderkey = orders.o_orderkey), (LLVM Optimized)", "Plans": [{"Node Type": "Seq Scan", "Parent Relationship": "Outer", "Relation Name": "lineitem", "Alias": "lineitem", "Startup Cost": 0.0, "Total Cost": 2015115.33, "Plan Rows": 59987033, "Plan Width": 16}, {"Node Type": "Hash", "Parent Relationship": "Inner", "Startup Cost": 2917517.42, "Total Cost": 2917517.42, "Plan Rows": 13913, "Plan Width": 59, "Plans": [{"Node Type": "Hash Join", "Parent Relationship": "Outer", "Join Type": "Inner", "Startup Cost": 2452820.37, "Total Cost": 2917517.42, "Plan Rows": 13913, "Plan Width": 59, "Inner Unique": true, "Hash Cond": "(orders.o_custkey = customer.c_custkey)", "Plans": [{"Node Type": "Hash Join", "Parent Relationship": "Outer", "Join Type": "Inner", "Startup Cost": 2381944.37, "Total Cost": 2846187.2, "Plan Rows": 33034, "Plan Width": 40, "Inner Unique": true, "Hash Cond": "(orders.o_orderkey = public.lineitem.l_orderkey)", "Plans": [{"Node Type": "Seq Scan", "Parent Relationship": "Outer", "Relation Name": "orders", "Alias": "orders", "Startup Cost": 0.0, "Total Cost": 426413.79, "Plan Rows": 14999479, "Plan Width": 32}, {"Node Type": "Hash", "Parent Relationship": "Inner", "Startup Cost": 2381531.45, "Total Cost": 2381531.45, "Plan Rows": 33034, "Plan Width": 8, "Plans": [{"Node Type": "Aggregate", "Strategy": "Hashed", "Parent Relationship": "Outer", "Startup Cost": 2315050.5, "Total Cost": 2381201.11, "Plan Rows": 33034, "Plan Width": 24, "Group By Key": ["public.lineitem.l_orderkey"], "Filter": "(sum(public.lineitem.l_quantity) > 314::double precision), (LLVM Optimized)", "Plans": [{"Node Type": "Seq Scan", "Parent Relationship": "Outer", "Relation Name": "lineitem", "Alias": "lineitem", "Startup Cost": 0.0, "Total Cost": 2015115.33, "Plan Rows": 59987033, "Plan Width": 16}]}]}]}, {"Node Type": "Hash", "Parent Relationship": "Inner", "Startup Cost": 52126.0, "Total Cost": 52126.0, "Plan Rows": 1500000, "Plan Width": 27, "Plans": [{"Node Type": "Seq Scan", "Parent Relationship": "Outer", "Relation Name": "customer", "Alias": "customer", "Startup Cost": 0.0, "Total Cost": 52126.0, "Plan Rows": 1500000, "Plan Width": 27}]}]}]}]}]}]}]}, "Unique SQL Id": 1915754155, "Planner Runtime": 1}, "explain_analyze_plan": {"Plan": {"Node Type": "Limit", "Startup Cost": 5166300.38, "Total Cost": 5166300.63, "Plan Rows": 100, "Plan Width": 67, "Actual Startup Time": 92717.725, "Actual Total Time": 92717.74, "Actual Rows": 84, "Actual Loops": 1, "Plans": [{"Node Type": "Sort", "Parent Relationship": "Outer", "Startup Cost": 5166300.38, "Total Cost": 5166616.18, "Plan Rows": 100, "Plan Width": 67, "Actual Startup Time": 92717.723, "Actual Total Time": 92717.732, "Actual Rows": 84, "Actual Loops": 1, "Sort Key": ["orders.o_totalprice DESC", "orders.o_orderdate"], "Sort Method": "quicksort", "Sort Space Used": 38, "Sort Space Type": "Memory", "Plans": [{"Node Type": "Aggregate", "Strategy": "Hashed", "Parent Relationship": "Outer", "Startup Cost": 5160209.27, "Total Cost": 5161472.48, "Plan Rows": 126321, "Plan Width": 67, "Actual Startup Time": 92717.281, "Actual Total Time": 92717.615, "Actual Rows": 84, "Actual Loops": 1, "Group By Key": ["orders.o_totalprice", "orders.o_orderdate", "customer.c_name", "customer.c_custkey", "orders.o_orderkey"], "Plans": [{"Node Type": "Hash Join", "Parent Relationship": "Outer", "Join Type": "Inner", "Startup Cost": 2917691.33, "Total Cost": 5158314.46, "Plan Rows": 126321, "Plan Width": 59, "Actual Startup Time": 65406.334, "Actual Total Time": 92713.632, "Actual Rows": 588, "Actual Loops": 1, "Inner Unique": false, "Hash Cond": "(public.lineitem.l_orderkey = orders.o_orderkey), (LLVM Optimized, Jit Execute)", "Plans": [{"Node Type": "Seq Scan", "Parent Relationship": "Outer", "Relation Name": "lineitem", "Alias": "lineitem", "Startup Cost": 0.0, "Total Cost": 2015115.33, "Plan Rows": 59987033, "Plan Width": 16, "Actual Startup Time": 0.014, "Actual Total Time": 16815.371, "Actual Rows": 59986052, "Actual Loops": 1}, {"Node Type": "Hash", "Parent Relationship": "Inner", "Startup Cost": 2917517.42, "Total Cost": 2917517.42, "Plan Rows": 13913, "Plan Width": 59, "Actual Startup Time": 64799.879, "Actual Total Time": 64799.879, "Actual Rows": 84, "Actual Loops": 1, "Hash Buckets": 32768, "Hash Batches": 1, "Original Hash Batches": 1, "Peak Memory Usage": 8, "Plans": [{"Node Type": "Hash Join", "Parent Relationship": "Outer", "Join Type": "Inner", "Startup Cost": 2452820.37, "Total Cost": 2917517.42, "Plan Rows": 13913, "Plan Width": 59, "Actual Startup Time": 57763.523, "Actual Total Time": 64799.467, "Actual Rows": 84, "Actual Loops": 1, "Inner Unique": true, "Hash Cond": "(orders.o_custkey = customer.c_custkey)", "Plans": [{"Node Type": "Hash Join", "Parent Relationship": "Outer", "Join Type": "Inner", "Startup Cost": 2381944.37, "Total Cost": 2846187.2, "Plan Rows": 33034, "Plan Width": 40, "Actual Startup Time": 56634.242, "Actual Total Time": 63668.509, "Actual Rows": 84, "Actual Loops": 1, "Inner Unique": true, "Hash Cond": "(orders.o_orderkey = public.lineitem.l_orderkey)", "Plans": [{"Node Type": "Seq Scan", "Parent Relationship": "Outer", "Relation Name": "orders", "Alias": "orders", "Startup Cost": 0.0, "Total Cost": 426413.79, "Plan Rows": 14999479, "Plan Width": 32, "Actual Startup Time": 0.037, "Actual Total Time": 4114.338, "Actual Rows": 15000000, "Actual Loops": 1}, {"Node Type": "Hash", "Parent Relationship": "Inner", "Startup Cost": 2381531.45, "Total Cost": 2381531.45, "Plan Rows": 33034, "Plan Width": 8, "Actual Startup Time": 56468.65, "Actual Total Time": 56468.65, "Actual Rows": 84, "Actual Loops": 1, "Hash Buckets": 65536, "Hash Batches": 1, "Original Hash Batches": 1, "Peak Memory Usage": 4, "Plans": [{"Node Type": "Aggregate", "Strategy": "Hashed", "Parent Relationship": "Outer", "Startup Cost": 2315050.5, "Total Cost": 2381201.11, "Plan Rows": 33034, "Plan Width": 24, "Actual Startup Time": 49085.307, "Actual Total Time": 56468.144, "Actual Rows": 84, "Actual Loops": 1, "Group By Key": ["public.lineitem.l_orderkey"], "Filter": "(sum(public.lineitem.l_quantity) > 314::double precision), (LLVM Optimized, Jit Execute)", "Rows Removed by Filter": 14999916, "Plans": [{"Node Type": "Seq Scan", "Parent Relationship": "Outer", "Relation Name": "lineitem", "Alias": "lineitem", "Startup Cost": 0.0, "Total Cost": 2015115.33, "Plan Rows": 59987033, "Plan Width": 16, "Actual Startup Time": 0.052, "Actual Total Time": 20383.299, "Actual Rows": 59986052, "Actual Loops": 1}]}]}]}, {"Node Type": "Hash", "Parent Relationship": "Inner", "Startup Cost": 52126.0, "Total Cost": 52126.0, "Plan Rows": 1500000, "Plan Width": 27, "Actual Startup Time": 1127.687, "Actual Total Time": 1127.687, "Actual Rows": 1500000, "Actual Loops": 1, "Hash Buckets": 2097152, "Hash Batches": 1, "Original Hash Batches": 1, "Peak Memory Usage": 93750, "Plans": [{"Node Type": "Seq Scan", "Parent Relationship": "Outer", "Relation Name": "customer", "Alias": "customer", "Startup Cost": 0.0, "Total Cost": 52126.0, "Plan Rows": 1500000, "Plan Width": 27, "Actual Startup Time": 0.017, "Actual Total Time": 539.952, "Actual Rows": 1500000, "Actual Loops": 1}]}]}]}]}]}]}]}, "Triggers": [], "Planner Runtime": 2.006, "Total Runtime": 92727.428, "Unique SQL Id": 1915754155}}, "(16, '75')": {"explain_plan": {"Plan": {"Node Type": "Limit", "Startup Cost": 4000713630676.15, "Total Cost": 4000713630676.4, "Plan Rows": 100, "Plan Width": 67, "Plans": [{"Node Type": "Sort", "Parent Relationship": "Outer", "Startup Cost": 4000713630676.15, "Total Cost": 4000713630991.95, "Plan Rows": 100, "Plan Width": 67, "Sort Key": ["orders.o_totalprice DESC", "orders.o_orderdate"], "Plans": [{"Node Type": "Aggregate", "Strategy": "Hashed", "Parent Relationship": "Outer", "Startup Cost": 4000713624585.04, "Total Cost": 4000713625848.25, "Plan Rows": 126321, "Plan Width": 67, "Group By Key": ["orders.o_totalprice", "orders.o_orderdate", "customer.c_name", "customer.c_custkey", "orders.o_orderkey"], "Plans": [{"Node Type": "Hash Join", "Parent Relationship": "Outer", "Join Type": "Inner", "Startup Cost": 2020362450892.4, "Total Cost": 4000713622690.23, "Plan Rows": 126321, "Plan Width": 59, "Inner Unique": true, "Hash Cond": "(orders.o_custkey = customer.c_custkey), (LLVM Optimized)", "Plans": [{"Node Type": "Merge Join", "Parent Relationship": "Outer", "Join Type": "Inner", "Startup Cost": 1020354355606.78, "Total Cost": 3000705526249.59, "Plan Rows": 132112, "Plan Width": 40, "Inner Unique": false, "Merge Cond": "(orders.o_orderkey = public.lineitem.l_orderkey)", "Plans": [{"Node Type": "Merge Join", "Parent Relationship": "Outer", "Join Type": "Semi", "Startup Cost": 1010324384270.1, "Total Cost": 2000397520107.8, "Plan Rows": 33034, "Plan Width": 40, "Inner Unique": false, "Merge Cond": "(orders.o_orderkey = public.lineitem.l_orderkey)", "Plans": [{"Node Type": "Index Scan", "Parent Relationship": "Outer", "Scan Direction": "Forward", "Index Name": "orders_pkey", "Relation Name": "orders", "Alias": "orders", "Startup Cost": 10000000000.0, "Total Cost": 1000073097843.5, "Plan Rows": 14999479, "Plan Width": 32}, {"Node Type": "Sort", "Parent Relationship": "Inner", "Startup Cost": 1000324384270.1, "Total Cost": 1000324384352.68, "Plan Rows": 33034, "Plan Width": 8, "Sort Key": ["public.lineitem.l_orderkey"], "Plans": [{"Node Type": "Aggregate", "Strategy": "Hashed", "Parent Relationship": "Outer", "Startup Cost": 1000324315309.67, "Total Cost": 1000324381460.28, "Plan Rows": 33034, "Plan Width": 24, "Group By Key": ["public.lineitem.l_orderkey"], "Filter": "(sum(public.lineitem.l_quantity) > 314::double precision), (LLVM Optimized)", "Plans": [{"Node Type": "Index Scan", "Parent Relationship": "Outer", "Scan Direction": "Forward", "Index Name": "idx_lineitem_orderkey", "Relation Name": "lineitem", "Alias": "lineitem", "Startup Cost": 10000000000.0, "Total Cost": 1000324015374.5, "Plan Rows": 59987033, "Plan Width": 16}]}]}]}, {"Node Type": "Index Scan", "Parent Relationship": "Inner", "Scan Direction": "Forward", "Index Name": "idx_lineitem_orderkey", "Relation Name": "lineitem", "Alias": "lineitem", "Startup Cost": 10000000000.0, "Total Cost": 1000324015374.5, "Plan Rows": 59987033, "Plan Width": 16}]}, {"Node Type": "Hash", "Parent Relationship": "Inner", "Startup Cost": 1000008076535.62, "Total Cost": 1000008076535.62, "Plan Rows": 1500000, "Plan Width": 27, "Plans": [{"Node Type": "Index Scan", "Parent Relationship": "Outer", "Scan Direction": "Forward", "Index Name": "customer_pkey", "Relation Name": "customer", "Alias": "customer", "Startup Cost": 10000000000.0, "Total Cost": 1000008076535.62, "Plan Rows": 1500000, "Plan Width": 27}]}]}]}]}]}, "Unique SQL Id": 1915754155, "Planner Runtime": 2}, "explain_analyze_plan": null}, "(16, '76')": {"explain_plan": {"Plan": {"Node Type": "Limit", "Startup Cost": 2649029.8, "Total Cost": 2649030.05, "Plan Rows": 100, "Plan Width": 67, "Plans": [{"Node Type": "Sort", "Parent Relationship": "Outer", "Startup Cost": 2649029.8, "Total Cost": 2649345.6, "Plan Rows": 100, "Plan Width": 67, "Sort Key": ["orders.o_totalprice DESC", "orders.o_orderdate"], "Plans": [{"Node Type": "Aggregate", "Strategy": "Hashed", "Parent Relationship": "Outer", "Startup Cost": 2642938.69, "Total Cost": 2644201.9, "Plan Rows": 126321, "Plan Width": 67, "Group By Key": ["orders.o_totalprice", "orders.o_orderdate", "customer.c_name", "customer.c_custkey", "orders.o_orderkey"], "Plans": [{"Node Type": "Nested Loop", "Parent Relationship": "Outer", "Join Type": "Inner", "Startup Cost": 2315050.5, "Total Cost": 2641043.88, "Plan Rows": 126321, "Plan Width": 59, "Inner Unique": false, "Plans": [{"Node Type": "Nested Loop", "Parent Relationship": "Outer", "Join Type": "Inner", "Startup Cost": 2315050.5, "Total Cost": 2627700.1, "Plan Rows": 13913, "Plan Width": 59, "Inner Unique": true, "Plans": [{"Node Type": "Nested Loop", "Parent Relationship": "Outer", "Join Type": "Inner", "Startup Cost": 2315050.5, "Total Cost": 2618076.97, "Plan Rows": 33034, "Plan Width": 40, "Inner Unique": true, "Plans": [{"Node Type": "Aggregate", "Strategy": "Hashed", "Parent Relationship": "Outer", "Startup Cost": 2315050.5, "Total Cost": 2381201.11, "Plan Rows": 33034, "Plan Width": 24, "Group By Key": ["public.lineitem.l_orderkey"], "Filter": "(sum(public.lineitem.l_quantity) > 314::double precision), (LLVM Optimized)", "Plans": [{"Node Type": "Seq Scan", "Parent Relationship": "Outer", "Relation Name": "lineitem", "Alias": "lineitem", "Startup Cost": 0.0, "Total Cost": 2015115.33, "Plan Rows": 59987033, "Plan Width": 16}]}, {"Node Type": "Index Scan", "Parent Relationship": "Inner", "Scan Direction": "Forward", "Index Name": "orders_pkey", "Relation Name": "orders", "Alias": "orders", "Startup Cost": 0.0, "Total Cost": 7.15, "Plan Rows": 1, "Plan Width": 32, "Index Cond": "(o_orderkey = public.lineitem.l_orderkey)"}]}, {"Node Type": "Index Scan", "Parent Relationship": "Inner", "Scan Direction": "Forward", "Index Name": "customer_pkey", "Relation Name": "customer", "Alias": "customer", "Startup Cost": 0.0, "Total Cost": 0.28, "Plan Rows": 1, "Plan Width": 27, "Index Cond": "(c_custkey = orders.o_custkey)"}]}, {"Node Type": "Index Scan", "Parent Relationship": "Inner", "Scan Direction": "Forward", "Index Name": "idx_lineitem_orderkey", "Relation Name": "lineitem", "Alias": "lineitem", "Startup Cost": 0.0, "Total Cost": 0.87, "Plan Rows": 9, "Plan Width": 16, "Index Cond": "(l_orderkey = orders.o_orderkey)"}]}]}]}]}, "Unique SQL Id": 1915754155, "Planner Runtime": 2}, "explain_analyze_plan": {"Plan": {"Node Type": "Limit", "Startup Cost": 2649029.8, "Total Cost": 2649030.05, "Plan Rows": 100, "Plan Width": 67, "Actual Startup Time": 53367.336, "Actual Total Time": 53367.355, "Actual Rows": 84, "Actual Loops": 1, "Plans": [{"Node Type": "Sort", "Parent Relationship": "Outer", "Startup Cost": 2649029.8, "Total Cost": 2649345.6, "Plan Rows": 100, "Plan Width": 67, "Actual Startup Time": 53367.333, "Actual Total Time": 53367.342, "Actual Rows": 84, "Actual Loops": 1, "Sort Key": ["orders.o_totalprice DESC", "orders.o_orderdate"], "Sort Method": "quicksort", "Sort Space Used": 38, "Sort Space Type": "Memory", "Plans": [{"Node Type": "Aggregate", "Strategy": "Hashed", "Parent Relationship": "Outer", "Startup Cost": 2642938.69, "Total Cost": 2644201.9, "Plan Rows": 126321, "Plan Width": 67, "Actual Startup Time": 53366.678, "Actual Total Time": 53367.237, "Actual Rows": 84, "Actual Loops": 1, "Group By Key": ["orders.o_totalprice", "orders.o_orderdate", "customer.c_name", "customer.c_custkey", "orders.o_orderkey"], "Plans": [{"Node Type": "Nested Loop", "Parent Relationship": "Outer", "Join Type": "Inner", "Startup Cost": 2315050.5, "Total Cost": 2641043.88, "Plan Rows": 126321, "Plan Width": 59, "Actual Startup Time": 47583.176, "Actual Total Time": 53364.795, "Actual Rows": 588, "Actual Loops": 1, "Inner Unique": false, "Plans": [{"Node Type": "Nested Loop", "Parent Relationship": "Outer", "Join Type": "Inner", "Startup Cost": 2315050.5, "Total Cost": 2627700.1, "Plan Rows": 13913, "Plan Width": 59, "Actual Startup Time": 47583.15, "Actual Total Time": 53362.449, "Actual Rows": 84, "Actual Loops": 1, "Inner Unique": true, "Plans": [{"Node Type": "Nested Loop", "Parent Relationship": "Outer", "Join Type": "Inner", "Startup Cost": 2315050.5, "Total Cost": 2618076.97, "Plan Rows": 33034, "Plan Width": 40, "Actual Startup Time": 47583.13, "Actual Total Time": 53361.021, "Actual Rows": 84, "Actual Loops": 1, "Inner Unique": true, "Plans": [{"Node Type": "Aggregate", "Strategy": "Hashed", "Parent Relationship": "Outer", "Startup Cost": 2315050.5, "Total Cost": 2381201.11, "Plan Rows": 33034, "Plan Width": 24, "Actual Startup Time": 47583.052, "Actual Total Time": 53340.03, "Actual Rows": 84, "Actual Loops": 1, "Group By Key": ["public.lineitem.l_orderkey"], "Filter": "(sum(public.lineitem.l_quantity) > 314::double precision), (LLVM Optimized, Jit Execute)", "Rows Removed by Filter": 14999916, "Plans": [{"Node Type": "Seq Scan", "Parent Relationship": "Outer", "Relation Name": "lineitem", "Alias": "lineitem", "Startup Cost": 0.0, "Total Cost": 2015115.33, "Plan Rows": 59987033, "Plan Width": 16, "Actual Startup Time": 0.044, "Actual Total Time": 20352.533, "Actual Rows": 59986052, "Actual Loops": 1}]}, {"Node Type": "Index Scan", "Parent Relationship": "Inner", "Scan Direction": "Forward", "Index Name": "orders_pkey", "Relation Name": "orders", "Alias": "orders", "Startup Cost": 0.0, "Total Cost": 7.15, "Plan Rows": 1, "Plan Width": 32, "Actual Startup Time": 2.902, "Actual Total Time": 2.902, "Actual Rows": 84, "Actual Loops": 84, "Index Cond": "(o_orderkey = public.lineitem.l_orderkey)", "Rows Removed by Index Recheck": 0}]}, {"Node Type": "Index Scan", "Parent Relationship": "Inner", "Scan Direction": "Forward", "Index Name": "customer_pkey", "Relation Name": "customer", "Alias": "customer", "Startup Cost": 0.0, "Total Cost": 0.28, "Plan Rows": 1, "Plan Width": 27, "Actual Startup Time": 1.048, "Actual Total Time": 1.048, "Actual Rows": 84, "Actual Loops": 84, "Index Cond": "(c_custkey = orders.o_custkey)", "Rows Removed by Index Recheck": 0}]}, {"Node Type": "Index Scan", "Parent Relationship": "Inner", "Scan Direction": "Forward", "Index Name": "idx_lineitem_orderkey", "Relation Name": "lineitem", "Alias": "lineitem", "Startup Cost": 0.0, "Total Cost": 0.87, "Plan Rows": 9, "Plan Width": 16, "Actual Startup Time": 1.401, "Actual Total Time": 1.898, "Actual Rows": 588, "Actual Loops": 84, "Index Cond": "(l_orderkey = orders.o_orderkey)", "Rows Removed by Index Recheck": 0}]}]}]}]}, "Triggers": [], "Planner Runtime": 2.116, "Total Runtime": 53376.681, "Unique SQL Id": 1915754155}}, "(16, '77')": {"explain_plan": {"Plan": {"Node Type": "Limit", "Startup Cost": 3874068.21, "Total Cost": 3874068.46, "Plan Rows": 100, "Plan Width": 67, "Plans": [{"Node Type": "Sort", "Parent Relationship": "Outer", "Startup Cost": 3874068.21, "Total Cost": 3874384.02, "Plan Rows": 100, "Plan Width": 67, "Sort Key": ["orders.o_totalprice DESC", "orders.o_orderdate"], "Plans": [{"Node Type": "Aggregate", "Strategy": "Hashed", "Parent Relationship": "Outer", "Startup Cost": 3867977.11, "Total Cost": 3869240.32, "Plan Rows": 126321, "Plan Width": 67, "Group By Key": ["orders.o_totalprice", "orders.o_orderdate", "customer.c_name", "customer.c_custkey", "orders.o_orderkey"], "Plans": [{"Node Type": "Nested Loop", "Parent Relationship": "Outer", "Join Type": "Inner", "Startup Cost": 3540088.91, "Total Cost": 3866082.29, "Plan Rows": 126321, "Plan Width": 59, "Inner Unique": false, "Plans": [{"Node Type": "Nested Loop", "Parent Relationship": "Outer", "Join Type": "Inner", "Startup Cost": 3540088.91, "Total Cost": 3852738.51, "Plan Rows": 13913, "Plan Width": 59, "Inner Unique": true, "Plans": [{"Node Type": "Nested Loop", "Parent Relationship": "Outer", "Join Type": "Inner", "Startup Cost": 3540088.91, "Total Cost": 3843115.38, "Plan Rows": 33034, "Plan Width": 40, "Inner Unique": true, "Plans": [{"Node Type": "Aggregate", "Strategy": "Hashed", "Parent Relationship": "Outer", "Startup Cost": 3540088.91, "Total Cost": 3606239.52, "Plan Rows": 33034, "Plan Width": 24, "Group By Key": ["public.lineitem.l_orderkey"], "Filter": "(sum(public.lineitem.l_quantity) > 314::double precision), (LLVM Optimized)", "Plans": [{"Node Type": "Index Scan", "Parent Relationship": "Outer", "Scan Direction": "Forward", "Index Name": "idx_lineitem_orderkey", "Relation Name": "lineitem", "Alias": "lineitem", "Startup Cost": 0.0, "Total Cost": 3240153.75, "Plan Rows": 59987033, "Plan Width": 16}]}, {"Node Type": "Index Scan", "Parent Relationship": "Inner", "Scan Direction": "Forward", "Index Name": "orders_pkey", "Relation Name": "orders", "Alias": "orders", "Startup Cost": 0.0, "Total Cost": 7.15, "Plan Rows": 1, "Plan Width": 32, "Index Cond": "(o_orderkey = public.lineitem.l_orderkey)"}]}, {"Node Type": "Index Scan", "Parent Relationship": "Inner", "Scan Direction": "Forward", "Index Name": "customer_pkey", "Relation Name": "customer", "Alias": "customer", "Startup Cost": 0.0, "Total Cost": 0.28, "Plan Rows": 1, "Plan Width": 27, "Index Cond": "(c_custkey = orders.o_custkey)"}]}, {"Node Type": "Index Scan", "Parent Relationship": "Inner", "Scan Direction": "Forward", "Index Name": "idx_lineitem_orderkey", "Relation Name": "lineitem", "Alias": "lineitem", "Startup Cost": 0.0, "Total Cost": 0.87, "Plan Rows": 9, "Plan Width": 16, "Index Cond": "(l_orderkey = orders.o_orderkey)"}]}]}]}]}, "Unique SQL Id": 1915754155, "Planner Runtime": 2}, "explain_analyze_plan": {"Plan": {"Node Type": "Limit", "Startup Cost": 3874068.21, "Total Cost": 3874068.46, "Plan Rows": 100, "Plan Width": 67, "Actual Startup Time": 80046.048, "Actual Total Time": 80046.063, "Actual Rows": 84, "Actual Loops": 1, "Plans": [{"Node Type": "Sort", "Parent Relationship": "Outer", "Startup Cost": 3874068.21, "Total Cost": 3874384.02, "Plan Rows": 100, "Plan Width": 67, "Actual Startup Time": 80046.046, "Actual Total Time": 80046.051, "Actual Rows": 84, "Actual Loops": 1, "Sort Key": ["orders.o_totalprice DESC", "orders.o_orderdate"], "Sort Method": "quicksort", "Sort Space Used": 38, "Sort Space Type": "Memory", "Plans": [{"Node Type": "Aggregate", "Strategy": "Hashed", "Parent Relationship": "Outer", "Startup Cost": 3867977.11, "Total Cost": 3869240.32, "Plan Rows": 126321, "Plan Width": 67, "Actual Startup Time": 80045.618, "Actual Total Time": 80045.952, "Actual Rows": 84, "Actual Loops": 1, "Group By Key": ["orders.o_totalprice", "orders.o_orderdate", "customer.c_name", "customer.c_custkey", "orders.o_orderkey"], "Plans": [{"Node Type": "Nested Loop", "Parent Relationship": "Outer", "Join Type": "Inner", "Startup Cost": 3540088.91, "Total Cost": 3866082.29, "Plan Rows": 126321, "Plan Width": 59, "Actual Startup Time": 71660.31, "Actual Total Time": 80043.737, "Actual Rows": 588, "Actual Loops": 1, "Inner Unique": false, "Plans": [{"Node Type": "Nested Loop", "Parent Relationship": "Outer", "Join Type": "Inner", "Startup Cost": 3540088.91, "Total Cost": 3852738.51, "Plan Rows": 13913, "Plan Width": 59, "Actual Startup Time": 71660.278, "Actual Total Time": 80041.063, "Actual Rows": 84, "Actual Loops": 1, "Inner Unique": true, "Plans": [{"Node Type": "Nested Loop", "Parent Relationship": "Outer", "Join Type": "Inner", "Startup Cost": 3540088.91, "Total Cost": 3843115.38, "Plan Rows": 33034, "Plan Width": 40, "Actual Startup Time": 71660.251, "Actual Total Time": 80039.183, "Actual Rows": 84, "Actual Loops": 1, "Inner Unique": true, "Plans": [{"Node Type": "Aggregate", "Strategy": "Hashed", "Parent Relationship": "Outer", "Startup Cost": 3540088.91, "Total Cost": 3606239.52, "Plan Rows": 33034, "Plan Width": 24, "Actual Startup Time": 71660.193, "Actual Total Time": 80016.864, "Actual Rows": 84, "Actual Loops": 1, "Group By Key": ["public.lineitem.l_orderkey"], "Filter": "(sum(public.lineitem.l_quantity) > 314::double precision), (LLVM Optimized, Jit Execute)", "Rows Removed by Filter": 14999916, "Plans": [{"Node Type": "Index Scan", "Parent Relationship": "Outer", "Scan Direction": "Forward", "Index Name": "idx_lineitem_orderkey", "Relation Name": "lineitem", "Alias": "lineitem", "Startup Cost": 0.0, "Total Cost": 3240153.75, "Plan Rows": 59987033, "Plan Width": 16, "Actual Startup Time": 0.058, "Actual Total Time": 41400.691, "Actual Rows": 59986052, "Actual Loops": 1}]}, {"Node Type": "Index Scan", "Parent Relationship": "Inner", "Scan Direction": "Forward", "Index Name": "orders_pkey", "Relation Name": "orders", "Alias": "orders", "Startup Cost": 0.0, "Total Cost": 7.15, "Plan Rows": 1, "Plan Width": 32, "Actual Startup Time": 2.944, "Actual Total Time": 2.944, "Actual Rows": 84, "Actual Loops": 84, "Index Cond": "(o_orderkey = public.lineitem.l_orderkey)", "Rows Removed by Index Recheck": 0}]}, {"Node Type": "Index Scan", "Parent Relationship": "Inner", "Scan Direction": "Forward", "Index Name": "customer_pkey", "Relation Name": "customer", "Alias": "customer", "Startup Cost": 0.0, "Total Cost": 0.28, "Plan Rows": 1, "Plan Width": 27, "Actual Startup Time": 1.358, "Actual Total Time": 1.358, "Actual Rows": 84, "Actual Loops": 84, "Index Cond": "(c_custkey = orders.o_custkey)", "Rows Removed by Index Recheck": 0}]}, {"Node Type": "Index Scan", "Parent Relationship": "Inner", "Scan Direction": "Forward", "Index Name": "idx_lineitem_orderkey", "Relation Name": "lineitem", "Alias": "lineitem", "Startup Cost": 0.0, "Total Cost": 0.87, "Plan Rows": 9, "Plan Width": 16, "Actual Startup Time": 1.639, "Actual Total Time": 2.066, "Actual Rows": 588, "Actual Loops": 84, "Index Cond": "(l_orderkey = orders.o_orderkey)", "Rows Removed by Index Recheck": 0}]}]}]}]}, "Triggers": [], "Planner Runtime": 2.569, "Total Runtime": 80056.92, "Unique SQL Id": 1915754155}}, "(16, '78')": {"explain_plan": {"Plan": {"Node Type": "Limit", "Startup Cost": 5166300.38, "Total Cost": 5166300.63, "Plan Rows": 100, "Plan Width": 67, "Plans": [{"Node Type": "Sort", "Parent Relationship": "Outer", "Startup Cost": 5166300.38, "Total Cost": 5166616.18, "Plan Rows": 100, "Plan Width": 67, "Sort Key": ["orders.o_totalprice DESC", "orders.o_orderdate"], "Plans": [{"Node Type": "Aggregate", "Strategy": "Hashed", "Parent Relationship": "Outer", "Startup Cost": 5160209.27, "Total Cost": 5161472.48, "Plan Rows": 126321, "Plan Width": 67, "Group By Key": ["orders.o_totalprice", "orders.o_orderdate", "customer.c_name", "customer.c_custkey", "orders.o_orderkey"], "Plans": [{"Node Type": "Hash Join", "Parent Relationship": "Outer", "Join Type": "Inner", "Startup Cost": 2917691.33, "Total Cost": 5158314.46, "Plan Rows": 126321, "Plan Width": 59, "Inner Unique": false, "Hash Cond": "(public.lineitem.l_orderkey = orders.o_orderkey), (LLVM Optimized)", "Plans": [{"Node Type": "Seq Scan", "Parent Relationship": "Outer", "Relation Name": "lineitem", "Alias": "lineitem", "Startup Cost": 0.0, "Total Cost": 2015115.33, "Plan Rows": 59987033, "Plan Width": 16}, {"Node Type": "Hash", "Parent Relationship": "Inner", "Startup Cost": 2917517.42, "Total Cost": 2917517.42, "Plan Rows": 13913, "Plan Width": 59, "Plans": [{"Node Type": "Hash Join", "Parent Relationship": "Outer", "Join Type": "Inner", "Startup Cost": 2452820.37, "Total Cost": 2917517.42, "Plan Rows": 13913, "Plan Width": 59, "Inner Unique": true, "Hash Cond": "(orders.o_custkey = customer.c_custkey)", "Plans": [{"Node Type": "Hash Join", "Parent Relationship": "Outer", "Join Type": "Inner", "Startup Cost": 2381944.37, "Total Cost": 2846187.2, "Plan Rows": 33034, "Plan Width": 40, "Inner Unique": true, "Hash Cond": "(orders.o_orderkey = public.lineitem.l_orderkey)", "Plans": [{"Node Type": "Seq Scan", "Parent Relationship": "Outer", "Relation Name": "orders", "Alias": "orders", "Startup Cost": 0.0, "Total Cost": 426413.79, "Plan Rows": 14999479, "Plan Width": 32}, {"Node Type": "Hash", "Parent Relationship": "Inner", "Startup Cost": 2381531.45, "Total Cost": 2381531.45, "Plan Rows": 33034, "Plan Width": 8, "Plans": [{"Node Type": "Aggregate", "Strategy": "Hashed", "Parent Relationship": "Outer", "Startup Cost": 2315050.5, "Total Cost": 2381201.11, "Plan Rows": 33034, "Plan Width": 24, "Group By Key": ["public.lineitem.l_orderkey"], "Filter": "(sum(public.lineitem.l_quantity) > 314::double precision), (LLVM Optimized)", "Plans": [{"Node Type": "Seq Scan", "Parent Relationship": "Outer", "Relation Name": "lineitem", "Alias": "lineitem", "Startup Cost": 0.0, "Total Cost": 2015115.33, "Plan Rows": 59987033, "Plan Width": 16}]}]}]}, {"Node Type": "Hash", "Parent Relationship": "Inner", "Startup Cost": 52126.0, "Total Cost": 52126.0, "Plan Rows": 1500000, "Plan Width": 27, "Plans": [{"Node Type": "Seq Scan", "Parent Relationship": "Outer", "Relation Name": "customer", "Alias": "customer", "Startup Cost": 0.0, "Total Cost": 52126.0, "Plan Rows": 1500000, "Plan Width": 27}]}]}]}]}]}]}]}, "Unique SQL Id": 1915754155, "Planner Runtime": 1}, "explain_analyze_plan": {"Plan": {"Node Type": "Limit", "Startup Cost": 5166300.38, "Total Cost": 5166300.63, "Plan Rows": 100, "Plan Width": 67, "Actual Startup Time": 92717.725, "Actual Total Time": 92717.74, "Actual Rows": 84, "Actual Loops": 1, "Plans": [{"Node Type": "Sort", "Parent Relationship": "Outer", "Startup Cost": 5166300.38, "Total Cost": 5166616.18, "Plan Rows": 100, "Plan Width": 67, "Actual Startup Time": 92717.723, "Actual Total Time": 92717.732, "Actual Rows": 84, "Actual Loops": 1, "Sort Key": ["orders.o_totalprice DESC", "orders.o_orderdate"], "Sort Method": "quicksort", "Sort Space Used": 38, "Sort Space Type": "Memory", "Plans": [{"Node Type": "Aggregate", "Strategy": "Hashed", "Parent Relationship": "Outer", "Startup Cost": 5160209.27, "Total Cost": 5161472.48, "Plan Rows": 126321, "Plan Width": 67, "Actual Startup Time": 92717.281, "Actual Total Time": 92717.615, "Actual Rows": 84, "Actual Loops": 1, "Group By Key": ["orders.o_totalprice", "orders.o_orderdate", "customer.c_name", "customer.c_custkey", "orders.o_orderkey"], "Plans": [{"Node Type": "Hash Join", "Parent Relationship": "Outer", "Join Type": "Inner", "Startup Cost": 2917691.33, "Total Cost": 5158314.46, "Plan Rows": 126321, "Plan Width": 59, "Actual Startup Time": 65406.334, "Actual Total Time": 92713.632, "Actual Rows": 588, "Actual Loops": 1, "Inner Unique": false, "Hash Cond": "(public.lineitem.l_orderkey = orders.o_orderkey), (LLVM Optimized, Jit Execute)", "Plans": [{"Node Type": "Seq Scan", "Parent Relationship": "Outer", "Relation Name": "lineitem", "Alias": "lineitem", "Startup Cost": 0.0, "Total Cost": 2015115.33, "Plan Rows": 59987033, "Plan Width": 16, "Actual Startup Time": 0.014, "Actual Total Time": 16815.371, "Actual Rows": 59986052, "Actual Loops": 1}, {"Node Type": "Hash", "Parent Relationship": "Inner", "Startup Cost": 2917517.42, "Total Cost": 2917517.42, "Plan Rows": 13913, "Plan Width": 59, "Actual Startup Time": 64799.879, "Actual Total Time": 64799.879, "Actual Rows": 84, "Actual Loops": 1, "Hash Buckets": 32768, "Hash Batches": 1, "Original Hash Batches": 1, "Peak Memory Usage": 8, "Plans": [{"Node Type": "Hash Join", "Parent Relationship": "Outer", "Join Type": "Inner", "Startup Cost": 2452820.37, "Total Cost": 2917517.42, "Plan Rows": 13913, "Plan Width": 59, "Actual Startup Time": 57763.523, "Actual Total Time": 64799.467, "Actual Rows": 84, "Actual Loops": 1, "Inner Unique": true, "Hash Cond": "(orders.o_custkey = customer.c_custkey)", "Plans": [{"Node Type": "Hash Join", "Parent Relationship": "Outer", "Join Type": "Inner", "Startup Cost": 2381944.37, "Total Cost": 2846187.2, "Plan Rows": 33034, "Plan Width": 40, "Actual Startup Time": 56634.242, "Actual Total Time": 63668.509, "Actual Rows": 84, "Actual Loops": 1, "Inner Unique": true, "Hash Cond": "(orders.o_orderkey = public.lineitem.l_orderkey)", "Plans": [{"Node Type": "Seq Scan", "Parent Relationship": "Outer", "Relation Name": "orders", "Alias": "orders", "Startup Cost": 0.0, "Total Cost": 426413.79, "Plan Rows": 14999479, "Plan Width": 32, "Actual Startup Time": 0.037, "Actual Total Time": 4114.338, "Actual Rows": 15000000, "Actual Loops": 1}, {"Node Type": "Hash", "Parent Relationship": "Inner", "Startup Cost": 2381531.45, "Total Cost": 2381531.45, "Plan Rows": 33034, "Plan Width": 8, "Actual Startup Time": 56468.65, "Actual Total Time": 56468.65, "Actual Rows": 84, "Actual Loops": 1, "Hash Buckets": 65536, "Hash Batches": 1, "Original Hash Batches": 1, "Peak Memory Usage": 4, "Plans": [{"Node Type": "Aggregate", "Strategy": "Hashed", "Parent Relationship": "Outer", "Startup Cost": 2315050.5, "Total Cost": 2381201.11, "Plan Rows": 33034, "Plan Width": 24, "Actual Startup Time": 49085.307, "Actual Total Time": 56468.144, "Actual Rows": 84, "Actual Loops": 1, "Group By Key": ["public.lineitem.l_orderkey"], "Filter": "(sum(public.lineitem.l_quantity) > 314::double precision), (LLVM Optimized, Jit Execute)", "Rows Removed by Filter": 14999916, "Plans": [{"Node Type": "Seq Scan", "Parent Relationship": "Outer", "Relation Name": "lineitem", "Alias": "lineitem", "Startup Cost": 0.0, "Total Cost": 2015115.33, "Plan Rows": 59987033, "Plan Width": 16, "Actual Startup Time": 0.052, "Actual Total Time": 20383.299, "Actual Rows": 59986052, "Actual Loops": 1}]}]}]}, {"Node Type": "Hash", "Parent Relationship": "Inner", "Startup Cost": 52126.0, "Total Cost": 52126.0, "Plan Rows": 1500000, "Plan Width": 27, "Actual Startup Time": 1127.687, "Actual Total Time": 1127.687, "Actual Rows": 1500000, "Actual Loops": 1, "Hash Buckets": 2097152, "Hash Batches": 1, "Original Hash Batches": 1, "Peak Memory Usage": 93750, "Plans": [{"Node Type": "Seq Scan", "Parent Relationship": "Outer", "Relation Name": "customer", "Alias": "customer", "Startup Cost": 0.0, "Total Cost": 52126.0, "Plan Rows": 1500000, "Plan Width": 27, "Actual Startup Time": 0.017, "Actual Total Time": 539.952, "Actual Rows": 1500000, "Actual Loops": 1}]}]}]}]}]}]}]}, "Triggers": [], "Planner Runtime": 2.006, "Total Runtime": 92727.428, "Unique SQL Id": 1915754155}}, "(16, '79')": {"explain_plan": {"Plan": {"Node Type": "Limit", "Startup Cost": 4000713630676.15, "Total Cost": 4000713630676.4, "Plan Rows": 100, "Plan Width": 67, "Plans": [{"Node Type": "Sort", "Parent Relationship": "Outer", "Startup Cost": 4000713630676.15, "Total Cost": 4000713630991.95, "Plan Rows": 100, "Plan Width": 67, "Sort Key": ["orders.o_totalprice DESC", "orders.o_orderdate"], "Plans": [{"Node Type": "Aggregate", "Strategy": "Hashed", "Parent Relationship": "Outer", "Startup Cost": 4000713624585.04, "Total Cost": 4000713625848.25, "Plan Rows": 126321, "Plan Width": 67, "Group By Key": ["orders.o_totalprice", "orders.o_orderdate", "customer.c_name", "customer.c_custkey", "orders.o_orderkey"], "Plans": [{"Node Type": "Hash Join", "Parent Relationship": "Outer", "Join Type": "Inner", "Startup Cost": 2020362450892.4, "Total Cost": 4000713622690.23, "Plan Rows": 126321, "Plan Width": 59, "Inner Unique": true, "Hash Cond": "(orders.o_custkey = customer.c_custkey), (LLVM Optimized)", "Plans": [{"Node Type": "Merge Join", "Parent Relationship": "Outer", "Join Type": "Inner", "Startup Cost": 1020354355606.78, "Total Cost": 3000705526249.59, "Plan Rows": 132112, "Plan Width": 40, "Inner Unique": false, "Merge Cond": "(orders.o_orderkey = public.lineitem.l_orderkey)", "Plans": [{"Node Type": "Merge Join", "Parent Relationship": "Outer", "Join Type": "Semi", "Startup Cost": 1010324384270.1, "Total Cost": 2000397520107.8, "Plan Rows": 33034, "Plan Width": 40, "Inner Unique": false, "Merge Cond": "(orders.o_orderkey = public.lineitem.l_orderkey)", "Plans": [{"Node Type": "Index Scan", "Parent Relationship": "Outer", "Scan Direction": "Forward", "Index Name": "orders_pkey", "Relation Name": "orders", "Alias": "orders", "Startup Cost": 10000000000.0, "Total Cost": 1000073097843.5, "Plan Rows": 14999479, "Plan Width": 32}, {"Node Type": "Sort", "Parent Relationship": "Inner", "Startup Cost": 1000324384270.1, "Total Cost": 1000324384352.68, "Plan Rows": 33034, "Plan Width": 8, "Sort Key": ["public.lineitem.l_orderkey"], "Plans": [{"Node Type": "Aggregate", "Strategy": "Hashed", "Parent Relationship": "Outer", "Startup Cost": 1000324315309.67, "Total Cost": 1000324381460.28, "Plan Rows": 33034, "Plan Width": 24, "Group By Key": ["public.lineitem.l_orderkey"], "Filter": "(sum(public.lineitem.l_quantity) > 314::double precision), (LLVM Optimized)", "Plans": [{"Node Type": "Index Scan", "Parent Relationship": "Outer", "Scan Direction": "Forward", "Index Name": "idx_lineitem_orderkey", "Relation Name": "lineitem", "Alias": "lineitem", "Startup Cost": 10000000000.0, "Total Cost": 1000324015374.5, "Plan Rows": 59987033, "Plan Width": 16}]}]}]}, {"Node Type": "Index Scan", "Parent Relationship": "Inner", "Scan Direction": "Forward", "Index Name": "idx_lineitem_orderkey", "Relation Name": "lineitem", "Alias": "lineitem", "Startup Cost": 10000000000.0, "Total Cost": 1000324015374.5, "Plan Rows": 59987033, "Plan Width": 16}]}, {"Node Type": "Hash", "Parent Relationship": "Inner", "Startup Cost": 1000008076535.62, "Total Cost": 1000008076535.62, "Plan Rows": 1500000, "Plan Width": 27, "Plans": [{"Node Type": "Index Scan", "Parent Relationship": "Outer", "Scan Direction": "Forward", "Index Name": "customer_pkey", "Relation Name": "customer", "Alias": "customer", "Startup Cost": 10000000000.0, "Total Cost": 1000008076535.62, "Plan Rows": 1500000, "Plan Width": 27}]}]}]}]}]}, "Unique SQL Id": 1915754155, "Planner Runtime": 2}, "explain_analyze_plan": null}, "(16, '80')": {"explain_plan": {"Plan": {"Node Type": "Limit", "Startup Cost": 2649029.8, "Total Cost": 2649030.05, "Plan Rows": 100, "Plan Width": 67, "Plans": [{"Node Type": "Sort", "Parent Relationship": "Outer", "Startup Cost": 2649029.8, "Total Cost": 2649345.6, "Plan Rows": 100, "Plan Width": 67, "Sort Key": ["orders.o_totalprice DESC", "orders.o_orderdate"], "Plans": [{"Node Type": "Aggregate", "Strategy": "Hashed", "Parent Relationship": "Outer", "Startup Cost": 2642938.69, "Total Cost": 2644201.9, "Plan Rows": 126321, "Plan Width": 67, "Group By Key": ["orders.o_totalprice", "orders.o_orderdate", "customer.c_name", "customer.c_custkey", "orders.o_orderkey"], "Plans": [{"Node Type": "Nested Loop", "Parent Relationship": "Outer", "Join Type": "Inner", "Startup Cost": 2315050.5, "Total Cost": 2641043.88, "Plan Rows": 126321, "Plan Width": 59, "Inner Unique": false, "Plans": [{"Node Type": "Nested Loop", "Parent Relationship": "Outer", "Join Type": "Inner", "Startup Cost": 2315050.5, "Total Cost": 2627700.1, "Plan Rows": 13913, "Plan Width": 59, "Inner Unique": true, "Plans": [{"Node Type": "Nested Loop", "Parent Relationship": "Outer", "Join Type": "Inner", "Startup Cost": 2315050.5, "Total Cost": 2618076.97, "Plan Rows": 33034, "Plan Width": 40, "Inner Unique": true, "Plans": [{"Node Type": "Aggregate", "Strategy": "Hashed", "Parent Relationship": "Outer", "Startup Cost": 2315050.5, "Total Cost": 2381201.11, "Plan Rows": 33034, "Plan Width": 24, "Group By Key": ["public.lineitem.l_orderkey"], "Filter": "(sum(public.lineitem.l_quantity) > 314::double precision), (LLVM Optimized)", "Plans": [{"Node Type": "Seq Scan", "Parent Relationship": "Outer", "Relation Name": "lineitem", "Alias": "lineitem", "Startup Cost": 0.0, "Total Cost": 2015115.33, "Plan Rows": 59987033, "Plan Width": 16}]}, {"Node Type": "Index Scan", "Parent Relationship": "Inner", "Scan Direction": "Forward", "Index Name": "orders_pkey", "Relation Name": "orders", "Alias": "orders", "Startup Cost": 0.0, "Total Cost": 7.15, "Plan Rows": 1, "Plan Width": 32, "Index Cond": "(o_orderkey = public.lineitem.l_orderkey)"}]}, {"Node Type": "Index Scan", "Parent Relationship": "Inner", "Scan Direction": "Forward", "Index Name": "customer_pkey", "Relation Name": "customer", "Alias": "customer", "Startup Cost": 0.0, "Total Cost": 0.28, "Plan Rows": 1, "Plan Width": 27, "Index Cond": "(c_custkey = orders.o_custkey)"}]}, {"Node Type": "Index Scan", "Parent Relationship": "Inner", "Scan Direction": "Forward", "Index Name": "idx_lineitem_orderkey", "Relation Name": "lineitem", "Alias": "lineitem", "Startup Cost": 0.0, "Total Cost": 0.87, "Plan Rows": 9, "Plan Width": 16, "Index Cond": "(l_orderkey = orders.o_orderkey)"}]}]}]}]}, "Unique SQL Id": 1915754155, "Planner Runtime": 1}, "explain_analyze_plan": {"Plan": {"Node Type": "Limit", "Startup Cost": 2649029.8, "Total Cost": 2649030.05, "Plan Rows": 100, "Plan Width": 67, "Actual Startup Time": 53367.336, "Actual Total Time": 53367.355, "Actual Rows": 84, "Actual Loops": 1, "Plans": [{"Node Type": "Sort", "Parent Relationship": "Outer", "Startup Cost": 2649029.8, "Total Cost": 2649345.6, "Plan Rows": 100, "Plan Width": 67, "Actual Startup Time": 53367.333, "Actual Total Time": 53367.342, "Actual Rows": 84, "Actual Loops": 1, "Sort Key": ["orders.o_totalprice DESC", "orders.o_orderdate"], "Sort Method": "quicksort", "Sort Space Used": 38, "Sort Space Type": "Memory", "Plans": [{"Node Type": "Aggregate", "Strategy": "Hashed", "Parent Relationship": "Outer", "Startup Cost": 2642938.69, "Total Cost": 2644201.9, "Plan Rows": 126321, "Plan Width": 67, "Actual Startup Time": 53366.678, "Actual Total Time": 53367.237, "Actual Rows": 84, "Actual Loops": 1, "Group By Key": ["orders.o_totalprice", "orders.o_orderdate", "customer.c_name", "customer.c_custkey", "orders.o_orderkey"], "Plans": [{"Node Type": "Nested Loop", "Parent Relationship": "Outer", "Join Type": "Inner", "Startup Cost": 2315050.5, "Total Cost": 2641043.88, "Plan Rows": 126321, "Plan Width": 59, "Actual Startup Time": 47583.176, "Actual Total Time": 53364.795, "Actual Rows": 588, "Actual Loops": 1, "Inner Unique": false, "Plans": [{"Node Type": "Nested Loop", "Parent Relationship": "Outer", "Join Type": "Inner", "Startup Cost": 2315050.5, "Total Cost": 2627700.1, "Plan Rows": 13913, "Plan Width": 59, "Actual Startup Time": 47583.15, "Actual Total Time": 53362.449, "Actual Rows": 84, "Actual Loops": 1, "Inner Unique": true, "Plans": [{"Node Type": "Nested Loop", "Parent Relationship": "Outer", "Join Type": "Inner", "Startup Cost": 2315050.5, "Total Cost": 2618076.97, "Plan Rows": 33034, "Plan Width": 40, "Actual Startup Time": 47583.13, "Actual Total Time": 53361.021, "Actual Rows": 84, "Actual Loops": 1, "Inner Unique": true, "Plans": [{"Node Type": "Aggregate", "Strategy": "Hashed", "Parent Relationship": "Outer", "Startup Cost": 2315050.5, "Total Cost": 2381201.11, "Plan Rows": 33034, "Plan Width": 24, "Actual Startup Time": 47583.052, "Actual Total Time": 53340.03, "Actual Rows": 84, "Actual Loops": 1, "Group By Key": ["public.lineitem.l_orderkey"], "Filter": "(sum(public.lineitem.l_quantity) > 314::double precision), (LLVM Optimized, Jit Execute)", "Rows Removed by Filter": 14999916, "Plans": [{"Node Type": "Seq Scan", "Parent Relationship": "Outer", "Relation Name": "lineitem", "Alias": "lineitem", "Startup Cost": 0.0, "Total Cost": 2015115.33, "Plan Rows": 59987033, "Plan Width": 16, "Actual Startup Time": 0.044, "Actual Total Time": 20352.533, "Actual Rows": 59986052, "Actual Loops": 1}]}, {"Node Type": "Index Scan", "Parent Relationship": "Inner", "Scan Direction": "Forward", "Index Name": "orders_pkey", "Relation Name": "orders", "Alias": "orders", "Startup Cost": 0.0, "Total Cost": 7.15, "Plan Rows": 1, "Plan Width": 32, "Actual Startup Time": 2.902, "Actual Total Time": 2.902, "Actual Rows": 84, "Actual Loops": 84, "Index Cond": "(o_orderkey = public.lineitem.l_orderkey)", "Rows Removed by Index Recheck": 0}]}, {"Node Type": "Index Scan", "Parent Relationship": "Inner", "Scan Direction": "Forward", "Index Name": "customer_pkey", "Relation Name": "customer", "Alias": "customer", "Startup Cost": 0.0, "Total Cost": 0.28, "Plan Rows": 1, "Plan Width": 27, "Actual Startup Time": 1.048, "Actual Total Time": 1.048, "Actual Rows": 84, "Actual Loops": 84, "Index Cond": "(c_custkey = orders.o_custkey)", "Rows Removed by Index Recheck": 0}]}, {"Node Type": "Index Scan", "Parent Relationship": "Inner", "Scan Direction": "Forward", "Index Name": "idx_lineitem_orderkey", "Relation Name": "lineitem", "Alias": "lineitem", "Startup Cost": 0.0, "Total Cost": 0.87, "Plan Rows": 9, "Plan Width": 16, "Actual Startup Time": 1.401, "Actual Total Time": 1.898, "Actual Rows": 588, "Actual Loops": 84, "Index Cond": "(l_orderkey = orders.o_orderkey)", "Rows Removed by Index Recheck": 0}]}]}]}]}, "Triggers": [], "Planner Runtime": 2.116, "Total Runtime": 53376.681, "Unique SQL Id": 1915754155}}, "(16, '81')": {"explain_plan": {"Plan": {"Node Type": "Limit", "Startup Cost": 3874068.21, "Total Cost": 3874068.46, "Plan Rows": 100, "Plan Width": 67, "Plans": [{"Node Type": "Sort", "Parent Relationship": "Outer", "Startup Cost": 3874068.21, "Total Cost": 3874384.02, "Plan Rows": 100, "Plan Width": 67, "Sort Key": ["orders.o_totalprice DESC", "orders.o_orderdate"], "Plans": [{"Node Type": "Aggregate", "Strategy": "Hashed", "Parent Relationship": "Outer", "Startup Cost": 3867977.11, "Total Cost": 3869240.32, "Plan Rows": 126321, "Plan Width": 67, "Group By Key": ["orders.o_totalprice", "orders.o_orderdate", "customer.c_name", "customer.c_custkey", "orders.o_orderkey"], "Plans": [{"Node Type": "Nested Loop", "Parent Relationship": "Outer", "Join Type": "Inner", "Startup Cost": 3540088.91, "Total Cost": 3866082.29, "Plan Rows": 126321, "Plan Width": 59, "Inner Unique": false, "Plans": [{"Node Type": "Nested Loop", "Parent Relationship": "Outer", "Join Type": "Inner", "Startup Cost": 3540088.91, "Total Cost": 3852738.51, "Plan Rows": 13913, "Plan Width": 59, "Inner Unique": true, "Plans": [{"Node Type": "Nested Loop", "Parent Relationship": "Outer", "Join Type": "Inner", "Startup Cost": 3540088.91, "Total Cost": 3843115.38, "Plan Rows": 33034, "Plan Width": 40, "Inner Unique": true, "Plans": [{"Node Type": "Aggregate", "Strategy": "Hashed", "Parent Relationship": "Outer", "Startup Cost": 3540088.91, "Total Cost": 3606239.52, "Plan Rows": 33034, "Plan Width": 24, "Group By Key": ["public.lineitem.l_orderkey"], "Filter": "(sum(public.lineitem.l_quantity) > 314::double precision), (LLVM Optimized)", "Plans": [{"Node Type": "Index Scan", "Parent Relationship": "Outer", "Scan Direction": "Forward", "Index Name": "idx_lineitem_orderkey", "Relation Name": "lineitem", "Alias": "lineitem", "Startup Cost": 0.0, "Total Cost": 3240153.75, "Plan Rows": 59987033, "Plan Width": 16}]}, {"Node Type": "Index Scan", "Parent Relationship": "Inner", "Scan Direction": "Forward", "Index Name": "orders_pkey", "Relation Name": "orders", "Alias": "orders", "Startup Cost": 0.0, "Total Cost": 7.15, "Plan Rows": 1, "Plan Width": 32, "Index Cond": "(o_orderkey = public.lineitem.l_orderkey)"}]}, {"Node Type": "Index Scan", "Parent Relationship": "Inner", "Scan Direction": "Forward", "Index Name": "customer_pkey", "Relation Name": "customer", "Alias": "customer", "Startup Cost": 0.0, "Total Cost": 0.28, "Plan Rows": 1, "Plan Width": 27, "Index Cond": "(c_custkey = orders.o_custkey)"}]}, {"Node Type": "Index Scan", "Parent Relationship": "Inner", "Scan Direction": "Forward", "Index Name": "idx_lineitem_orderkey", "Relation Name": "lineitem", "Alias": "lineitem", "Startup Cost": 0.0, "Total Cost": 0.87, "Plan Rows": 9, "Plan Width": 16, "Index Cond": "(l_orderkey = orders.o_orderkey)"}]}]}]}]}, "Unique SQL Id": 1915754155, "Planner Runtime": 1}, "explain_analyze_plan": {"Plan": {"Node Type": "Limit", "Startup Cost": 3874068.21, "Total Cost": 3874068.46, "Plan Rows": 100, "Plan Width": 67, "Actual Startup Time": 80046.048, "Actual Total Time": 80046.063, "Actual Rows": 84, "Actual Loops": 1, "Plans": [{"Node Type": "Sort", "Parent Relationship": "Outer", "Startup Cost": 3874068.21, "Total Cost": 3874384.02, "Plan Rows": 100, "Plan Width": 67, "Actual Startup Time": 80046.046, "Actual Total Time": 80046.051, "Actual Rows": 84, "Actual Loops": 1, "Sort Key": ["orders.o_totalprice DESC", "orders.o_orderdate"], "Sort Method": "quicksort", "Sort Space Used": 38, "Sort Space Type": "Memory", "Plans": [{"Node Type": "Aggregate", "Strategy": "Hashed", "Parent Relationship": "Outer", "Startup Cost": 3867977.11, "Total Cost": 3869240.32, "Plan Rows": 126321, "Plan Width": 67, "Actual Startup Time": 80045.618, "Actual Total Time": 80045.952, "Actual Rows": 84, "Actual Loops": 1, "Group By Key": ["orders.o_totalprice", "orders.o_orderdate", "customer.c_name", "customer.c_custkey", "orders.o_orderkey"], "Plans": [{"Node Type": "Nested Loop", "Parent Relationship": "Outer", "Join Type": "Inner", "Startup Cost": 3540088.91, "Total Cost": 3866082.29, "Plan Rows": 126321, "Plan Width": 59, "Actual Startup Time": 71660.31, "Actual Total Time": 80043.737, "Actual Rows": 588, "Actual Loops": 1, "Inner Unique": false, "Plans": [{"Node Type": "Nested Loop", "Parent Relationship": "Outer", "Join Type": "Inner", "Startup Cost": 3540088.91, "Total Cost": 3852738.51, "Plan Rows": 13913, "Plan Width": 59, "Actual Startup Time": 71660.278, "Actual Total Time": 80041.063, "Actual Rows": 84, "Actual Loops": 1, "Inner Unique": true, "Plans": [{"Node Type": "Nested Loop", "Parent Relationship": "Outer", "Join Type": "Inner", "Startup Cost": 3540088.91, "Total Cost": 3843115.38, "Plan Rows": 33034, "Plan Width": 40, "Actual Startup Time": 71660.251, "Actual Total Time": 80039.183, "Actual Rows": 84, "Actual Loops": 1, "Inner Unique": true, "Plans": [{"Node Type": "Aggregate", "Strategy": "Hashed", "Parent Relationship": "Outer", "Startup Cost": 3540088.91, "Total Cost": 3606239.52, "Plan Rows": 33034, "Plan Width": 24, "Actual Startup Time": 71660.193, "Actual Total Time": 80016.864, "Actual Rows": 84, "Actual Loops": 1, "Group By Key": ["public.lineitem.l_orderkey"], "Filter": "(sum(public.lineitem.l_quantity) > 314::double precision), (LLVM Optimized, Jit Execute)", "Rows Removed by Filter": 14999916, "Plans": [{"Node Type": "Index Scan", "Parent Relationship": "Outer", "Scan Direction": "Forward", "Index Name": "idx_lineitem_orderkey", "Relation Name": "lineitem", "Alias": "lineitem", "Startup Cost": 0.0, "Total Cost": 3240153.75, "Plan Rows": 59987033, "Plan Width": 16, "Actual Startup Time": 0.058, "Actual Total Time": 41400.691, "Actual Rows": 59986052, "Actual Loops": 1}]}, {"Node Type": "Index Scan", "Parent Relationship": "Inner", "Scan Direction": "Forward", "Index Name": "orders_pkey", "Relation Name": "orders", "Alias": "orders", "Startup Cost": 0.0, "Total Cost": 7.15, "Plan Rows": 1, "Plan Width": 32, "Actual Startup Time": 2.944, "Actual Total Time": 2.944, "Actual Rows": 84, "Actual Loops": 84, "Index Cond": "(o_orderkey = public.lineitem.l_orderkey)", "Rows Removed by Index Recheck": 0}]}, {"Node Type": "Index Scan", "Parent Relationship": "Inner", "Scan Direction": "Forward", "Index Name": "customer_pkey", "Relation Name": "customer", "Alias": "customer", "Startup Cost": 0.0, "Total Cost": 0.28, "Plan Rows": 1, "Plan Width": 27, "Actual Startup Time": 1.358, "Actual Total Time": 1.358, "Actual Rows": 84, "Actual Loops": 84, "Index Cond": "(c_custkey = orders.o_custkey)", "Rows Removed by Index Recheck": 0}]}, {"Node Type": "Index Scan", "Parent Relationship": "Inner", "Scan Direction": "Forward", "Index Name": "idx_lineitem_orderkey", "Relation Name": "lineitem", "Alias": "lineitem", "Startup Cost": 0.0, "Total Cost": 0.87, "Plan Rows": 9, "Plan Width": 16, "Actual Startup Time": 1.639, "Actual Total Time": 2.066, "Actual Rows": 588, "Actual Loops": 84, "Index Cond": "(l_orderkey = orders.o_orderkey)", "Rows Removed by Index Recheck": 0}]}]}]}]}, "Triggers": [], "Planner Runtime": 2.569, "Total Runtime": 80056.92, "Unique SQL Id": 1915754155}}, "(16, '82')": {"explain_plan": {"Plan": {"Node Type": "Limit", "Startup Cost": 2838735.63, "Total Cost": 2838735.88, "Plan Rows": 100, "Plan Width": 67, "Plans": [{"Node Type": "Sort", "Parent Relationship": "Outer", "Startup Cost": 2838735.63, "Total Cost": 2839051.44, "Plan Rows": 100, "Plan Width": 67, "Sort Key": ["orders.o_totalprice DESC", "orders.o_orderdate"], "Plans": [{"Node Type": "Aggregate", "Strategy": "Hashed", "Parent Relationship": "Outer", "Startup Cost": 2832644.53, "Total Cost": 2833907.74, "Plan Rows": 126321, "Plan Width": 67, "Group By Key": ["orders.o_totalprice", "orders.o_orderdate", "customer.c_name", "customer.c_custkey", "orders.o_orderkey"], "Plans": [{"Node Type": "Nested Loop", "Parent Relationship": "Outer", "Join Type": "Inner", "Startup Cost": 2315054.5, "Total Cost": 2830749.71, "Plan Rows": 126321, "Plan Width": 59, "Inner Unique": false, "Plans": [{"Node Type": "Nested Loop", "Parent Relationship": "Outer", "Join Type": "Inner", "Startup Cost": 2315054.12, "Total Cost": 2766973.56, "Plan Rows": 13913, "Plan Width": 59, "Inner Unique": true, "Plans": [{"Node Type": "Nested Loop", "Parent Relationship": "Outer", "Join Type": "Inner", "Startup Cost": 2315053.86, "Total Cost": 2625533.23, "Plan Rows": 33034, "Plan Width": 40, "Inner Unique": true, "Plans": [{"Node Type": "Aggregate", "Strategy": "Hashed", "Parent Relationship": "Outer", "Startup Cost": 2315050.5, "Total Cost": 2381201.11, "Plan Rows": 33034, "Plan Width": 24, "Group By Key": ["public.lineitem.l_orderkey"], "Filter": "(sum(public.lineitem.l_quantity) > 314::double precision), (LLVM Optimized)", "Plans": [{"Node Type": "Seq Scan", "Parent Relationship": "Outer", "Relation Name": "lineitem", "Alias": "lineitem", "Startup Cost": 0.0, "Total Cost": 2015115.33, "Plan Rows": 59987033, "Plan Width": 16}]}, {"Node Type": "Bitmap Heap Scan", "Parent Relationship": "Inner", "Relation Name": "orders", "Alias": "orders", "Startup Cost": 3.36, "Total Cost": 7.38, "Plan Rows": 1, "Plan Width": 32, "Recheck Cond": "(o_orderkey = public.lineitem.l_orderkey)", "Plans": [{"Node Type": "Bitmap Index Scan", "Parent Relationship": "Outer", "Index Name": "orders_pkey", "Startup Cost": 0.0, "Total Cost": 3.36, "Plan Rows": 1, "Plan Width": 0, "Index Cond": "(o_orderkey = public.lineitem.l_orderkey)"}]}]}, {"Node Type": "Bitmap Heap Scan", "Parent Relationship": "Inner", "Relation Name": "customer", "Alias": "customer", "Startup Cost": 0.26, "Total Cost": 4.27, "Plan Rows": 1, "Plan Width": 27, "Recheck Cond": "(c_custkey = orders.o_custkey)", "Plans": [{"Node Type": "Bitmap Index Scan", "Parent Relationship": "Outer", "Index Name": "customer_pkey", "Startup Cost": 0.0, "Total Cost": 0.26, "Plan Rows": 1, "Plan Width": 0, "Index Cond": "(c_custkey = orders.o_custkey)"}]}]}, {"Node Type": "Bitmap Heap Scan", "Parent Relationship": "Inner", "Relation Name": "lineitem", "Alias": "lineitem", "Startup Cost": 0.38, "Total Cost": 4.49, "Plan Rows": 9, "Plan Width": 16, "Recheck Cond": "(l_orderkey = orders.o_orderkey)", "Plans": [{"Node Type": "Bitmap Index Scan", "Parent Relationship": "Outer", "Index Name": "idx_lineitem_orderkey", "Startup Cost": 0.0, "Total Cost": 0.38, "Plan Rows": 9, "Plan Width": 0, "Index Cond": "(l_orderkey = orders.o_orderkey)"}]}]}]}]}]}, "Unique SQL Id": 1915754155, "Planner Runtime": 1}, "explain_analyze_plan": {"Plan": {"Node Type": "Limit", "Startup Cost": 2838735.63, "Total Cost": 2838735.88, "Plan Rows": 100, "Plan Width": 67, "Actual Startup Time": 56816.861, "Actual Total Time": 56816.878, "Actual Rows": 84, "Actual Loops": 1, "Plans": [{"Node Type": "Sort", "Parent Relationship": "Outer", "Startup Cost": 2838735.63, "Total Cost": 2839051.44, "Plan Rows": 100, "Plan Width": 67, "Actual Startup Time": 56816.858, "Actual Total Time": 56816.864, "Actual Rows": 84, "Actual Loops": 1, "Sort Key": ["orders.o_totalprice DESC", "orders.o_orderdate"], "Sort Method": "quicksort", "Sort Space Used": 38, "Sort Space Type": "Memory", "Plans": [{"Node Type": "Aggregate", "Strategy": "Hashed", "Parent Relationship": "Outer", "Startup Cost": 2832644.53, "Total Cost": 2833907.74, "Plan Rows": 126321, "Plan Width": 67, "Actual Startup Time": 56816.186, "Actual Total Time": 56816.761, "Actual Rows": 84, "Actual Loops": 1, "Group By Key": ["orders.o_totalprice", "orders.o_orderdate", "customer.c_name", "customer.c_custkey", "orders.o_orderkey"], "Plans": [{"Node Type": "Nested Loop", "Parent Relationship": "Outer", "Join Type": "Inner", "Startup Cost": 2315054.5, "Total Cost": 2830749.71, "Plan Rows": 126321, "Plan Width": 59, "Actual Startup Time": 48198.766, "Actual Total Time": 56814.109, "Actual Rows": 588, "Actual Loops": 1, "Inner Unique": false, "Plans": [{"Node Type": "Nested Loop", "Parent Relationship": "Outer", "Join Type": "Inner", "Startup Cost": 2315054.12, "Total Cost": 2766973.56, "Plan Rows": 13913, "Plan Width": 59, "Actual Startup Time": 48198.721, "Actual Total Time": 56810.721, "Actual Rows": 84, "Actual Loops": 1, "Inner Unique": true, "Plans": [{"Node Type": "Nested Loop", "Parent Relationship": "Outer", "Join Type": "Inner", "Startup Cost": 2315053.86, "Total Cost": 2625533.23, "Plan Rows": 33034, "Plan Width": 40, "Actual Startup Time": 48198.687, "Actual Total Time": 56808.366, "Actual Rows": 84, "Actual Loops": 1, "Inner Unique": true, "Plans": [{"Node Type": "Aggregate", "Strategy": "Hashed", "Parent Relationship": "Outer", "Startup Cost": 2315050.5, "Total Cost": 2381201.11, "Plan Rows": 33034, "Plan Width": 24, "Actual Startup Time": 48198.557, "Actual Total Time": 56784.379, "Actual Rows": 84, "Actual Loops": 1, "Group By Key": ["public.lineitem.l_orderkey"], "Filter": "(sum(public.lineitem.l_quantity) > 314::double precision), (LLVM Optimized, Jit Execute)", "Rows Removed by Filter": 14999916, "Plans": [{"Node Type": "Seq Scan", "Parent Relationship": "Outer", "Relation Name": "lineitem", "Alias": "lineitem", "Startup Cost": 0.0, "Total Cost": 2015115.33, "Plan Rows": 59987033, "Plan Width": 16, "Actual Startup Time": 0.061, "Actual Total Time": 20248.535, "Actual Rows": 59986052, "Actual Loops": 1}]}, {"Node Type": "Bitmap Heap Scan", "Parent Relationship": "Inner", "Relation Name": "orders", "Alias": "orders", "Startup Cost": 3.36, "Total Cost": 7.38, "Plan Rows": 1, "Plan Width": 32, "Actual Startup Time": 3.477, "Actual Total Time": 3.477, "Actual Rows": 84, "Actual Loops": 84, "Recheck Cond": "(o_orderkey = public.lineitem.l_orderkey)", "Rows Removed by Index Recheck": 0, "Exact Heap Blocks": 84, "Lossy Heap Blocks": 84, "Plans": [{"Node Type": "Bitmap Index Scan", "Parent Relationship": "Outer", "Index Name": "orders_pkey", "Startup Cost": 0.0, "Total Cost": 3.36, "Plan Rows": 1, "Plan Width": 0, "Actual Startup Time": 2.267, "Actual Total Time": 2.267, "Actual Rows": 84, "Actual Loops": 84, "Index Cond": "(o_orderkey = public.lineitem.l_orderkey)"}]}]}, {"Node Type": "Bitmap Heap Scan", "Parent Relationship": "Inner", "Relation Name": "customer", "Alias": "customer", "Startup Cost": 0.26, "Total Cost": 4.27, "Plan Rows": 1, "Plan Width": 27, "Actual Startup Time": 1.662, "Actual Total Time": 1.662, "Actual Rows": 84, "Actual Loops": 84, "Recheck Cond": "(c_custkey = orders.o_custkey)", "Rows Removed by Index Recheck": 0, "Exact Heap Blocks": 84, "Lossy Heap Blocks": 84, "Plans": [{"Node Type": "Bitmap Index Scan", "Parent Relationship": "Outer", "Index Name": "customer_pkey", "Startup Cost": 0.0, "Total Cost": 0.26, "Plan Rows": 1, "Plan Width": 0, "Actual Startup Time": 1.033, "Actual Total Time": 1.033, "Actual Rows": 84, "Actual Loops": 84, "Index Cond": "(c_custkey = orders.o_custkey)"}]}]}, {"Node Type": "Bitmap Heap Scan", "Parent Relationship": "Inner", "Relation Name": "lineitem", "Alias": "lineitem", "Startup Cost": 0.38, "Total Cost": 4.49, "Plan Rows": 9, "Plan Width": 16, "Actual Startup Time": 2.278, "Actual Total Time": 2.466, "Actual Rows": 588, "Actual Loops": 84, "Recheck Cond": "(l_orderkey = orders.o_orderkey)", "Rows Removed by Index Recheck": 0, "Exact Heap Blocks": 96, "Lossy Heap Blocks": 96, "Plans": [{"Node Type": "Bitmap Index Scan", "Parent Relationship": "Outer", "Index Name": "idx_lineitem_orderkey", "Startup Cost": 0.0, "Total Cost": 0.38, "Plan Rows": 9, "Plan Width": 0, "Actual Startup Time": 1.397, "Actual Total Time": 1.397, "Actual Rows": 588, "Actual Loops": 84, "Index Cond": "(l_orderkey = orders.o_orderkey)"}]}]}]}]}]}, "Triggers": [], "Planner Runtime": 1.909, "Total Runtime": 56826.202, "Unique SQL Id": 1915754155}}, "(16, '83')": {"explain_plan": {"Plan": {"Node Type": "Limit", "Startup Cost": 1000324838994.8, "Total Cost": 1000324838995.05, "Plan Rows": 100, "Plan Width": 67, "Plans": [{"Node Type": "Sort", "Parent Relationship": "Outer", "Startup Cost": 1000324838994.8, "Total Cost": 1000324839310.61, "Plan Rows": 100, "Plan Width": 67, "Sort Key": ["orders.o_totalprice DESC", "orders.o_orderdate"], "Plans": [{"Node Type": "Aggregate", "Strategy": "Hashed", "Parent Relationship": "Outer", "Startup Cost": 1000324832903.7, "Total Cost": 1000324834166.91, "Plan Rows": 126321, "Plan Width": 67, "Group By Key": ["orders.o_totalprice", "orders.o_orderdate", "customer.c_name", "customer.c_custkey", "orders.o_orderkey"], "Plans": [{"Node Type": "Nested Loop", "Parent Relationship": "Outer", "Join Type": "Inner", "Startup Cost": 1000324315313.67, "Total Cost": 1000324831008.88, "Plan Rows": 126321, "Plan Width": 59, "Inner Unique": false, "Plans": [{"Node Type": "Nested Loop", "Parent Relationship": "Outer", "Join Type": "Inner", "Startup Cost": 1000324315313.29, "Total Cost": 1000324767232.73, "Plan Rows": 13913, "Plan Width": 59, "Inner Unique": true, "Plans": [{"Node Type": "Nested Loop", "Parent Relationship": "Outer", "Join Type": "Inner", "Startup Cost": 1000324315313.03, "Total Cost": 1000324625792.4, "Plan Rows": 33034, "Plan Width": 40, "Inner Unique": true, "Plans": [{"Node Type": "Aggregate", "Strategy": "Hashed", "Parent Relationship": "Outer", "Startup Cost": 1000324315309.67, "Total Cost": 1000324381460.28, "Plan Rows": 33034, "Plan Width": 24, "Group By Key": ["public.lineitem.l_orderkey"], "Filter": "(sum(public.lineitem.l_quantity) > 314::double precision), (LLVM Optimized)", "Plans": [{"Node Type": "Index Scan", "Parent Relationship": "Outer", "Scan Direction": "Forward", "Index Name": "idx_lineitem_orderkey", "Relation Name": "lineitem", "Alias": "lineitem", "Startup Cost": 10000000000.0, "Total Cost": 1000324015374.5, "Plan Rows": 59987033, "Plan Width": 16}]}, {"Node Type": "Bitmap Heap Scan", "Parent Relationship": "Inner", "Relation Name": "orders", "Alias": "orders", "Startup Cost": 3.36, "Total Cost": 7.38, "Plan Rows": 1, "Plan Width": 32, "Recheck Cond": "(o_orderkey = public.lineitem.l_orderkey)", "Plans": [{"Node Type": "Bitmap Index Scan", "Parent Relationship": "Outer", "Index Name": "orders_pkey", "Startup Cost": 0.0, "Total Cost": 3.36, "Plan Rows": 1, "Plan Width": 0, "Index Cond": "(o_orderkey = public.lineitem.l_orderkey)"}]}]}, {"Node Type": "Bitmap Heap Scan", "Parent Relationship": "Inner", "Relation Name": "customer", "Alias": "customer", "Startup Cost": 0.26, "Total Cost": 4.27, "Plan Rows": 1, "Plan Width": 27, "Recheck Cond": "(c_custkey = orders.o_custkey)", "Plans": [{"Node Type": "Bitmap Index Scan", "Parent Relationship": "Outer", "Index Name": "customer_pkey", "Startup Cost": 0.0, "Total Cost": 0.26, "Plan Rows": 1, "Plan Width": 0, "Index Cond": "(c_custkey = orders.o_custkey)"}]}]}, {"Node Type": "Bitmap Heap Scan", "Parent Relationship": "Inner", "Relation Name": "lineitem", "Alias": "lineitem", "Startup Cost": 0.38, "Total Cost": 4.49, "Plan Rows": 9, "Plan Width": 16, "Recheck Cond": "(l_orderkey = orders.o_orderkey)", "Plans": [{"Node Type": "Bitmap Index Scan", "Parent Relationship": "Outer", "Index Name": "idx_lineitem_orderkey", "Startup Cost": 0.0, "Total Cost": 0.38, "Plan Rows": 9, "Plan Width": 0, "Index Cond": "(l_orderkey = orders.o_orderkey)"}]}]}]}]}]}, "Unique SQL Id": 1915754155, "Planner Runtime": 1}, "explain_analyze_plan": {"Plan": {"Node Type": "Limit", "Startup Cost": 1000324838994.8, "Total Cost": 1000324838995.05, "Plan Rows": 100, "Plan Width": 67, "Actual Startup Time": 80385.074, "Actual Total Time": 80385.092, "Actual Rows": 84, "Actual Loops": 1, "Plans": [{"Node Type": "Sort", "Parent Relationship": "Outer", "Startup Cost": 1000324838994.8, "Total Cost": 1000324839310.61, "Plan Rows": 100, "Plan Width": 67, "Actual Startup Time": 80385.071, "Actual Total Time": 80385.08, "Actual Rows": 84, "Actual Loops": 1, "Sort Key": ["orders.o_totalprice DESC", "orders.o_orderdate"], "Sort Method": "quicksort", "Sort Space Used": 38, "Sort Space Type": "Memory", "Plans": [{"Node Type": "Aggregate", "Strategy": "Hashed", "Parent Relationship": "Outer", "Startup Cost": 1000324832903.7, "Total Cost": 1000324834166.91, "Plan Rows": 126321, "Plan Width": 67, "Actual Startup Time": 80384.393, "Actual Total Time": 80384.969, "Actual Rows": 84, "Actual Loops": 1, "Group By Key": ["orders.o_totalprice", "orders.o_orderdate", "customer.c_name", "customer.c_custkey", "orders.o_orderkey"], "Plans": [{"Node Type": "Nested Loop", "Parent Relationship": "Outer", "Join Type": "Inner", "Startup Cost": 1000324315313.67, "Total Cost": 1000324831008.88, "Plan Rows": 126321, "Plan Width": 59, "Actual Startup Time": 72233.603, "Actual Total Time": 80382.462, "Actual Rows": 588, "Actual Loops": 1, "Inner Unique": false, "Plans": [{"Node Type": "Nested Loop", "Parent Relationship": "Outer", "Join Type": "Inner", "Startup Cost": 1000324315313.29, "Total Cost": 1000324767232.73, "Plan Rows": 13913, "Plan Width": 59, "Actual Startup Time": 72233.569, "Actual Total Time": 80379.219, "Actual Rows": 84, "Actual Loops": 1, "Inner Unique": true, "Plans": [{"Node Type": "Nested Loop", "Parent Relationship": "Outer", "Join Type": "Inner", "Startup Cost": 1000324315313.03, "Total Cost": 1000324625792.4, "Plan Rows": 33034, "Plan Width": 40, "Actual Startup Time": 72233.51, "Actual Total Time": 80376.925, "Actual Rows": 84, "Actual Loops": 1, "Inner Unique": true, "Plans": [{"Node Type": "Aggregate", "Strategy": "Hashed", "Parent Relationship": "Outer", "Startup Cost": 1000324315309.67, "Total Cost": 1000324381460.28, "Plan Rows": 33034, "Plan Width": 24, "Actual Startup Time": 72233.393, "Actual Total Time": 80354.823, "Actual Rows": 84, "Actual Loops": 1, "Group By Key": ["public.lineitem.l_orderkey"], "Filter": "(sum(public.lineitem.l_quantity) > 314::double precision), (LLVM Optimized, Jit Execute)", "Rows Removed by Filter": 14999916, "Plans": [{"Node Type": "Index Scan", "Parent Relationship": "Outer", "Scan Direction": "Forward", "Index Name": "idx_lineitem_orderkey", "Relation Name": "lineitem", "Alias": "lineitem", "Startup Cost": 10000000000.0, "Total Cost": 1000324015374.5, "Plan Rows": 59987033, "Plan Width": 16, "Actual Startup Time": 0.063, "Actual Total Time": 42277.738, "Actual Rows": 59986052, "Actual Loops": 1}]}, {"Node Type": "Bitmap Heap Scan", "Parent Relationship": "Inner", "Relation Name": "orders", "Alias": "orders", "Startup Cost": 3.36, "Total Cost": 7.38, "Plan Rows": 1, "Plan Width": 32, "Actual Startup Time": 3.479, "Actual Total Time": 3.479, "Actual Rows": 84, "Actual Loops": 84, "Recheck Cond": "(o_orderkey = public.lineitem.l_orderkey)", "Rows Removed by Index Recheck": 0, "Exact Heap Blocks": 84, "Lossy Heap Blocks": 84, "Plans": [{"Node Type": "Bitmap Index Scan", "Parent Relationship": "Outer", "Index Name": "orders_pkey", "Startup Cost": 0.0, "Total Cost": 3.36, "Plan Rows": 1, "Plan Width": 0, "Actual Startup Time": 2.316, "Actual Total Time": 2.316, "Actual Rows": 84, "Actual Loops": 84, "Index Cond": "(o_orderkey = public.lineitem.l_orderkey)"}]}]}, {"Node Type": "Bitmap Heap Scan", "Parent Relationship": "Inner", "Relation Name": "customer", "Alias": "customer", "Startup Cost": 0.26, "Total Cost": 4.27, "Plan Rows": 1, "Plan Width": 27, "Actual Startup Time": 1.615, "Actual Total Time": 1.615, "Actual Rows": 84, "Actual Loops": 84, "Recheck Cond": "(c_custkey = orders.o_custkey)", "Rows Removed by Index Recheck": 0, "Exact Heap Blocks": 84, "Lossy Heap Blocks": 84, "Plans": [{"Node Type": "Bitmap Index Scan", "Parent Relationship": "Outer", "Index Name": "customer_pkey", "Startup Cost": 0.0, "Total Cost": 0.26, "Plan Rows": 1, "Plan Width": 0, "Actual Startup Time": 0.975, "Actual Total Time": 0.975, "Actual Rows": 84, "Actual Loops": 84, "Index Cond": "(c_custkey = orders.o_custkey)"}]}]}, {"Node Type": "Bitmap Heap Scan", "Parent Relationship": "Inner", "Relation Name": "lineitem", "Alias": "lineitem", "Startup Cost": 0.38, "Total Cost": 4.49, "Plan Rows": 9, "Plan Width": 16, "Actual Startup Time": 2.193, "Actual Total Time": 2.369, "Actual Rows": 588, "Actual Loops": 84, "Recheck Cond": "(l_orderkey = orders.o_orderkey)", "Rows Removed by Index Recheck": 0, "Exact Heap Blocks": 96, "Lossy Heap Blocks": 96, "Plans": [{"Node Type": "Bitmap Index Scan", "Parent Relationship": "Outer", "Index Name": "idx_lineitem_orderkey", "Startup Cost": 0.0, "Total Cost": 0.38, "Plan Rows": 9, "Plan Width": 0, "Actual Startup Time": 1.36, "Actual Total Time": 1.36, "Actual Rows": 588, "Actual Loops": 84, "Index Cond": "(l_orderkey = orders.o_orderkey)"}]}]}]}]}]}, "Triggers": [], "Planner Runtime": 2.016, "Total Runtime": 80394.686, "Unique SQL Id": 1915754155}}, "(16, '84')": {"explain_plan": {"Plan": {"Node Type": "Limit", "Startup Cost": 2649029.8, "Total Cost": 2649030.05, "Plan Rows": 100, "Plan Width": 67, "Plans": [{"Node Type": "Sort", "Parent Relationship": "Outer", "Startup Cost": 2649029.8, "Total Cost": 2649345.6, "Plan Rows": 100, "Plan Width": 67, "Sort Key": ["orders.o_totalprice DESC", "orders.o_orderdate"], "Plans": [{"Node Type": "Aggregate", "Strategy": "Hashed", "Parent Relationship": "Outer", "Startup Cost": 2642938.69, "Total Cost": 2644201.9, "Plan Rows": 126321, "Plan Width": 67, "Group By Key": ["orders.o_totalprice", "orders.o_orderdate", "customer.c_name", "customer.c_custkey", "orders.o_orderkey"], "Plans": [{"Node Type": "Nested Loop", "Parent Relationship": "Outer", "Join Type": "Inner", "Startup Cost": 2315050.5, "Total Cost": 2641043.88, "Plan Rows": 126321, "Plan Width": 59, "Inner Unique": false, "Plans": [{"Node Type": "Nested Loop", "Parent Relationship": "Outer", "Join Type": "Inner", "Startup Cost": 2315050.5, "Total Cost": 2627700.1, "Plan Rows": 13913, "Plan Width": 59, "Inner Unique": true, "Plans": [{"Node Type": "Nested Loop", "Parent Relationship": "Outer", "Join Type": "Inner", "Startup Cost": 2315050.5, "Total Cost": 2618076.97, "Plan Rows": 33034, "Plan Width": 40, "Inner Unique": true, "Plans": [{"Node Type": "Aggregate", "Strategy": "Hashed", "Parent Relationship": "Outer", "Startup Cost": 2315050.5, "Total Cost": 2381201.11, "Plan Rows": 33034, "Plan Width": 24, "Group By Key": ["public.lineitem.l_orderkey"], "Filter": "(sum(public.lineitem.l_quantity) > 314::double precision), (LLVM Optimized)", "Plans": [{"Node Type": "Seq Scan", "Parent Relationship": "Outer", "Relation Name": "lineitem", "Alias": "lineitem", "Startup Cost": 0.0, "Total Cost": 2015115.33, "Plan Rows": 59987033, "Plan Width": 16}]}, {"Node Type": "Index Scan", "Parent Relationship": "Inner", "Scan Direction": "Forward", "Index Name": "orders_pkey", "Relation Name": "orders", "Alias": "orders", "Startup Cost": 0.0, "Total Cost": 7.15, "Plan Rows": 1, "Plan Width": 32, "Index Cond": "(o_orderkey = public.lineitem.l_orderkey)"}]}, {"Node Type": "Index Scan", "Parent Relationship": "Inner", "Scan Direction": "Forward", "Index Name": "customer_pkey", "Relation Name": "customer", "Alias": "customer", "Startup Cost": 0.0, "Total Cost": 0.28, "Plan Rows": 1, "Plan Width": 27, "Index Cond": "(c_custkey = orders.o_custkey)"}]}, {"Node Type": "Index Scan", "Parent Relationship": "Inner", "Scan Direction": "Forward", "Index Name": "idx_lineitem_orderkey", "Relation Name": "lineitem", "Alias": "lineitem", "Startup Cost": 0.0, "Total Cost": 0.87, "Plan Rows": 9, "Plan Width": 16, "Index Cond": "(l_orderkey = orders.o_orderkey)"}]}]}]}]}, "Unique SQL Id": 1915754155, "Planner Runtime": 1}, "explain_analyze_plan": {"Plan": {"Node Type": "Limit", "Startup Cost": 2649029.8, "Total Cost": 2649030.05, "Plan Rows": 100, "Plan Width": 67, "Actual Startup Time": 53367.336, "Actual Total Time": 53367.355, "Actual Rows": 84, "Actual Loops": 1, "Plans": [{"Node Type": "Sort", "Parent Relationship": "Outer", "Startup Cost": 2649029.8, "Total Cost": 2649345.6, "Plan Rows": 100, "Plan Width": 67, "Actual Startup Time": 53367.333, "Actual Total Time": 53367.342, "Actual Rows": 84, "Actual Loops": 1, "Sort Key": ["orders.o_totalprice DESC", "orders.o_orderdate"], "Sort Method": "quicksort", "Sort Space Used": 38, "Sort Space Type": "Memory", "Plans": [{"Node Type": "Aggregate", "Strategy": "Hashed", "Parent Relationship": "Outer", "Startup Cost": 2642938.69, "Total Cost": 2644201.9, "Plan Rows": 126321, "Plan Width": 67, "Actual Startup Time": 53366.678, "Actual Total Time": 53367.237, "Actual Rows": 84, "Actual Loops": 1, "Group By Key": ["orders.o_totalprice", "orders.o_orderdate", "customer.c_name", "customer.c_custkey", "orders.o_orderkey"], "Plans": [{"Node Type": "Nested Loop", "Parent Relationship": "Outer", "Join Type": "Inner", "Startup Cost": 2315050.5, "Total Cost": 2641043.88, "Plan Rows": 126321, "Plan Width": 59, "Actual Startup Time": 47583.176, "Actual Total Time": 53364.795, "Actual Rows": 588, "Actual Loops": 1, "Inner Unique": false, "Plans": [{"Node Type": "Nested Loop", "Parent Relationship": "Outer", "Join Type": "Inner", "Startup Cost": 2315050.5, "Total Cost": 2627700.1, "Plan Rows": 13913, "Plan Width": 59, "Actual Startup Time": 47583.15, "Actual Total Time": 53362.449, "Actual Rows": 84, "Actual Loops": 1, "Inner Unique": true, "Plans": [{"Node Type": "Nested Loop", "Parent Relationship": "Outer", "Join Type": "Inner", "Startup Cost": 2315050.5, "Total Cost": 2618076.97, "Plan Rows": 33034, "Plan Width": 40, "Actual Startup Time": 47583.13, "Actual Total Time": 53361.021, "Actual Rows": 84, "Actual Loops": 1, "Inner Unique": true, "Plans": [{"Node Type": "Aggregate", "Strategy": "Hashed", "Parent Relationship": "Outer", "Startup Cost": 2315050.5, "Total Cost": 2381201.11, "Plan Rows": 33034, "Plan Width": 24, "Actual Startup Time": 47583.052, "Actual Total Time": 53340.03, "Actual Rows": 84, "Actual Loops": 1, "Group By Key": ["public.lineitem.l_orderkey"], "Filter": "(sum(public.lineitem.l_quantity) > 314::double precision), (LLVM Optimized, Jit Execute)", "Rows Removed by Filter": 14999916, "Plans": [{"Node Type": "Seq Scan", "Parent Relationship": "Outer", "Relation Name": "lineitem", "Alias": "lineitem", "Startup Cost": 0.0, "Total Cost": 2015115.33, "Plan Rows": 59987033, "Plan Width": 16, "Actual Startup Time": 0.044, "Actual Total Time": 20352.533, "Actual Rows": 59986052, "Actual Loops": 1}]}, {"Node Type": "Index Scan", "Parent Relationship": "Inner", "Scan Direction": "Forward", "Index Name": "orders_pkey", "Relation Name": "orders", "Alias": "orders", "Startup Cost": 0.0, "Total Cost": 7.15, "Plan Rows": 1, "Plan Width": 32, "Actual Startup Time": 2.902, "Actual Total Time": 2.902, "Actual Rows": 84, "Actual Loops": 84, "Index Cond": "(o_orderkey = public.lineitem.l_orderkey)", "Rows Removed by Index Recheck": 0}]}, {"Node Type": "Index Scan", "Parent Relationship": "Inner", "Scan Direction": "Forward", "Index Name": "customer_pkey", "Relation Name": "customer", "Alias": "customer", "Startup Cost": 0.0, "Total Cost": 0.28, "Plan Rows": 1, "Plan Width": 27, "Actual Startup Time": 1.048, "Actual Total Time": 1.048, "Actual Rows": 84, "Actual Loops": 84, "Index Cond": "(c_custkey = orders.o_custkey)", "Rows Removed by Index Recheck": 0}]}, {"Node Type": "Index Scan", "Parent Relationship": "Inner", "Scan Direction": "Forward", "Index Name": "idx_lineitem_orderkey", "Relation Name": "lineitem", "Alias": "lineitem", "Startup Cost": 0.0, "Total Cost": 0.87, "Plan Rows": 9, "Plan Width": 16, "Actual Startup Time": 1.401, "Actual Total Time": 1.898, "Actual Rows": 588, "Actual Loops": 84, "Index Cond": "(l_orderkey = orders.o_orderkey)", "Rows Removed by Index Recheck": 0}]}]}]}]}, "Triggers": [], "Planner Runtime": 2.116, "Total Runtime": 53376.681, "Unique SQL Id": 1915754155}}, "(16, '85')": {"explain_plan": {"Plan": {"Node Type": "Limit", "Startup Cost": 3874068.21, "Total Cost": 3874068.46, "Plan Rows": 100, "Plan Width": 67, "Plans": [{"Node Type": "Sort", "Parent Relationship": "Outer", "Startup Cost": 3874068.21, "Total Cost": 3874384.02, "Plan Rows": 100, "Plan Width": 67, "Sort Key": ["orders.o_totalprice DESC", "orders.o_orderdate"], "Plans": [{"Node Type": "Aggregate", "Strategy": "Hashed", "Parent Relationship": "Outer", "Startup Cost": 3867977.11, "Total Cost": 3869240.32, "Plan Rows": 126321, "Plan Width": 67, "Group By Key": ["orders.o_totalprice", "orders.o_orderdate", "customer.c_name", "customer.c_custkey", "orders.o_orderkey"], "Plans": [{"Node Type": "Nested Loop", "Parent Relationship": "Outer", "Join Type": "Inner", "Startup Cost": 3540088.91, "Total Cost": 3866082.29, "Plan Rows": 126321, "Plan Width": 59, "Inner Unique": false, "Plans": [{"Node Type": "Nested Loop", "Parent Relationship": "Outer", "Join Type": "Inner", "Startup Cost": 3540088.91, "Total Cost": 3852738.51, "Plan Rows": 13913, "Plan Width": 59, "Inner Unique": true, "Plans": [{"Node Type": "Nested Loop", "Parent Relationship": "Outer", "Join Type": "Inner", "Startup Cost": 3540088.91, "Total Cost": 3843115.38, "Plan Rows": 33034, "Plan Width": 40, "Inner Unique": true, "Plans": [{"Node Type": "Aggregate", "Strategy": "Hashed", "Parent Relationship": "Outer", "Startup Cost": 3540088.91, "Total Cost": 3606239.52, "Plan Rows": 33034, "Plan Width": 24, "Group By Key": ["public.lineitem.l_orderkey"], "Filter": "(sum(public.lineitem.l_quantity) > 314::double precision), (LLVM Optimized)", "Plans": [{"Node Type": "Index Scan", "Parent Relationship": "Outer", "Scan Direction": "Forward", "Index Name": "idx_lineitem_orderkey", "Relation Name": "lineitem", "Alias": "lineitem", "Startup Cost": 0.0, "Total Cost": 3240153.75, "Plan Rows": 59987033, "Plan Width": 16}]}, {"Node Type": "Index Scan", "Parent Relationship": "Inner", "Scan Direction": "Forward", "Index Name": "orders_pkey", "Relation Name": "orders", "Alias": "orders", "Startup Cost": 0.0, "Total Cost": 7.15, "Plan Rows": 1, "Plan Width": 32, "Index Cond": "(o_orderkey = public.lineitem.l_orderkey)"}]}, {"Node Type": "Index Scan", "Parent Relationship": "Inner", "Scan Direction": "Forward", "Index Name": "customer_pkey", "Relation Name": "customer", "Alias": "customer", "Startup Cost": 0.0, "Total Cost": 0.28, "Plan Rows": 1, "Plan Width": 27, "Index Cond": "(c_custkey = orders.o_custkey)"}]}, {"Node Type": "Index Scan", "Parent Relationship": "Inner", "Scan Direction": "Forward", "Index Name": "idx_lineitem_orderkey", "Relation Name": "lineitem", "Alias": "lineitem", "Startup Cost": 0.0, "Total Cost": 0.87, "Plan Rows": 9, "Plan Width": 16, "Index Cond": "(l_orderkey = orders.o_orderkey)"}]}]}]}]}, "Unique SQL Id": 1915754155, "Planner Runtime": 1}, "explain_analyze_plan": {"Plan": {"Node Type": "Limit", "Startup Cost": 3874068.21, "Total Cost": 3874068.46, "Plan Rows": 100, "Plan Width": 67, "Actual Startup Time": 80046.048, "Actual Total Time": 80046.063, "Actual Rows": 84, "Actual Loops": 1, "Plans": [{"Node Type": "Sort", "Parent Relationship": "Outer", "Startup Cost": 3874068.21, "Total Cost": 3874384.02, "Plan Rows": 100, "Plan Width": 67, "Actual Startup Time": 80046.046, "Actual Total Time": 80046.051, "Actual Rows": 84, "Actual Loops": 1, "Sort Key": ["orders.o_totalprice DESC", "orders.o_orderdate"], "Sort Method": "quicksort", "Sort Space Used": 38, "Sort Space Type": "Memory", "Plans": [{"Node Type": "Aggregate", "Strategy": "Hashed", "Parent Relationship": "Outer", "Startup Cost": 3867977.11, "Total Cost": 3869240.32, "Plan Rows": 126321, "Plan Width": 67, "Actual Startup Time": 80045.618, "Actual Total Time": 80045.952, "Actual Rows": 84, "Actual Loops": 1, "Group By Key": ["orders.o_totalprice", "orders.o_orderdate", "customer.c_name", "customer.c_custkey", "orders.o_orderkey"], "Plans": [{"Node Type": "Nested Loop", "Parent Relationship": "Outer", "Join Type": "Inner", "Startup Cost": 3540088.91, "Total Cost": 3866082.29, "Plan Rows": 126321, "Plan Width": 59, "Actual Startup Time": 71660.31, "Actual Total Time": 80043.737, "Actual Rows": 588, "Actual Loops": 1, "Inner Unique": false, "Plans": [{"Node Type": "Nested Loop", "Parent Relationship": "Outer", "Join Type": "Inner", "Startup Cost": 3540088.91, "Total Cost": 3852738.51, "Plan Rows": 13913, "Plan Width": 59, "Actual Startup Time": 71660.278, "Actual Total Time": 80041.063, "Actual Rows": 84, "Actual Loops": 1, "Inner Unique": true, "Plans": [{"Node Type": "Nested Loop", "Parent Relationship": "Outer", "Join Type": "Inner", "Startup Cost": 3540088.91, "Total Cost": 3843115.38, "Plan Rows": 33034, "Plan Width": 40, "Actual Startup Time": 71660.251, "Actual Total Time": 80039.183, "Actual Rows": 84, "Actual Loops": 1, "Inner Unique": true, "Plans": [{"Node Type": "Aggregate", "Strategy": "Hashed", "Parent Relationship": "Outer", "Startup Cost": 3540088.91, "Total Cost": 3606239.52, "Plan Rows": 33034, "Plan Width": 24, "Actual Startup Time": 71660.193, "Actual Total Time": 80016.864, "Actual Rows": 84, "Actual Loops": 1, "Group By Key": ["public.lineitem.l_orderkey"], "Filter": "(sum(public.lineitem.l_quantity) > 314::double precision), (LLVM Optimized, Jit Execute)", "Rows Removed by Filter": 14999916, "Plans": [{"Node Type": "Index Scan", "Parent Relationship": "Outer", "Scan Direction": "Forward", "Index Name": "idx_lineitem_orderkey", "Relation Name": "lineitem", "Alias": "lineitem", "Startup Cost": 0.0, "Total Cost": 3240153.75, "Plan Rows": 59987033, "Plan Width": 16, "Actual Startup Time": 0.058, "Actual Total Time": 41400.691, "Actual Rows": 59986052, "Actual Loops": 1}]}, {"Node Type": "Index Scan", "Parent Relationship": "Inner", "Scan Direction": "Forward", "Index Name": "orders_pkey", "Relation Name": "orders", "Alias": "orders", "Startup Cost": 0.0, "Total Cost": 7.15, "Plan Rows": 1, "Plan Width": 32, "Actual Startup Time": 2.944, "Actual Total Time": 2.944, "Actual Rows": 84, "Actual Loops": 84, "Index Cond": "(o_orderkey = public.lineitem.l_orderkey)", "Rows Removed by Index Recheck": 0}]}, {"Node Type": "Index Scan", "Parent Relationship": "Inner", "Scan Direction": "Forward", "Index Name": "customer_pkey", "Relation Name": "customer", "Alias": "customer", "Startup Cost": 0.0, "Total Cost": 0.28, "Plan Rows": 1, "Plan Width": 27, "Actual Startup Time": 1.358, "Actual Total Time": 1.358, "Actual Rows": 84, "Actual Loops": 84, "Index Cond": "(c_custkey = orders.o_custkey)", "Rows Removed by Index Recheck": 0}]}, {"Node Type": "Index Scan", "Parent Relationship": "Inner", "Scan Direction": "Forward", "Index Name": "idx_lineitem_orderkey", "Relation Name": "lineitem", "Alias": "lineitem", "Startup Cost": 0.0, "Total Cost": 0.87, "Plan Rows": 9, "Plan Width": 16, "Actual Startup Time": 1.639, "Actual Total Time": 2.066, "Actual Rows": 588, "Actual Loops": 84, "Index Cond": "(l_orderkey = orders.o_orderkey)", "Rows Removed by Index Recheck": 0}]}]}]}]}, "Triggers": [], "Planner Runtime": 2.569, "Total Runtime": 80056.92, "Unique SQL Id": 1915754155}}, "(16, '86')": {"explain_plan": {"Plan": {"Node Type": "Limit", "Startup Cost": 2838735.63, "Total Cost": 2838735.88, "Plan Rows": 100, "Plan Width": 67, "Plans": [{"Node Type": "Sort", "Parent Relationship": "Outer", "Startup Cost": 2838735.63, "Total Cost": 2839051.44, "Plan Rows": 100, "Plan Width": 67, "Sort Key": ["orders.o_totalprice DESC", "orders.o_orderdate"], "Plans": [{"Node Type": "Aggregate", "Strategy": "Hashed", "Parent Relationship": "Outer", "Startup Cost": 2832644.53, "Total Cost": 2833907.74, "Plan Rows": 126321, "Plan Width": 67, "Group By Key": ["orders.o_totalprice", "orders.o_orderdate", "customer.c_name", "customer.c_custkey", "orders.o_orderkey"], "Plans": [{"Node Type": "Nested Loop", "Parent Relationship": "Outer", "Join Type": "Inner", "Startup Cost": 2315054.5, "Total Cost": 2830749.71, "Plan Rows": 126321, "Plan Width": 59, "Inner Unique": false, "Plans": [{"Node Type": "Nested Loop", "Parent Relationship": "Outer", "Join Type": "Inner", "Startup Cost": 2315054.12, "Total Cost": 2766973.56, "Plan Rows": 13913, "Plan Width": 59, "Inner Unique": true, "Plans": [{"Node Type": "Nested Loop", "Parent Relationship": "Outer", "Join Type": "Inner", "Startup Cost": 2315053.86, "Total Cost": 2625533.23, "Plan Rows": 33034, "Plan Width": 40, "Inner Unique": true, "Plans": [{"Node Type": "Aggregate", "Strategy": "Hashed", "Parent Relationship": "Outer", "Startup Cost": 2315050.5, "Total Cost": 2381201.11, "Plan Rows": 33034, "Plan Width": 24, "Group By Key": ["public.lineitem.l_orderkey"], "Filter": "(sum(public.lineitem.l_quantity) > 314::double precision), (LLVM Optimized)", "Plans": [{"Node Type": "Seq Scan", "Parent Relationship": "Outer", "Relation Name": "lineitem", "Alias": "lineitem", "Startup Cost": 0.0, "Total Cost": 2015115.33, "Plan Rows": 59987033, "Plan Width": 16}]}, {"Node Type": "Bitmap Heap Scan", "Parent Relationship": "Inner", "Relation Name": "orders", "Alias": "orders", "Startup Cost": 3.36, "Total Cost": 7.38, "Plan Rows": 1, "Plan Width": 32, "Recheck Cond": "(o_orderkey = public.lineitem.l_orderkey)", "Plans": [{"Node Type": "Bitmap Index Scan", "Parent Relationship": "Outer", "Index Name": "orders_pkey", "Startup Cost": 0.0, "Total Cost": 3.36, "Plan Rows": 1, "Plan Width": 0, "Index Cond": "(o_orderkey = public.lineitem.l_orderkey)"}]}]}, {"Node Type": "Bitmap Heap Scan", "Parent Relationship": "Inner", "Relation Name": "customer", "Alias": "customer", "Startup Cost": 0.26, "Total Cost": 4.27, "Plan Rows": 1, "Plan Width": 27, "Recheck Cond": "(c_custkey = orders.o_custkey)", "Plans": [{"Node Type": "Bitmap Index Scan", "Parent Relationship": "Outer", "Index Name": "customer_pkey", "Startup Cost": 0.0, "Total Cost": 0.26, "Plan Rows": 1, "Plan Width": 0, "Index Cond": "(c_custkey = orders.o_custkey)"}]}]}, {"Node Type": "Bitmap Heap Scan", "Parent Relationship": "Inner", "Relation Name": "lineitem", "Alias": "lineitem", "Startup Cost": 0.38, "Total Cost": 4.49, "Plan Rows": 9, "Plan Width": 16, "Recheck Cond": "(l_orderkey = orders.o_orderkey)", "Plans": [{"Node Type": "Bitmap Index Scan", "Parent Relationship": "Outer", "Index Name": "idx_lineitem_orderkey", "Startup Cost": 0.0, "Total Cost": 0.38, "Plan Rows": 9, "Plan Width": 0, "Index Cond": "(l_orderkey = orders.o_orderkey)"}]}]}]}]}]}, "Unique SQL Id": 1915754155, "Planner Runtime": 1}, "explain_analyze_plan": {"Plan": {"Node Type": "Limit", "Startup Cost": 2838735.63, "Total Cost": 2838735.88, "Plan Rows": 100, "Plan Width": 67, "Actual Startup Time": 56816.861, "Actual Total Time": 56816.878, "Actual Rows": 84, "Actual Loops": 1, "Plans": [{"Node Type": "Sort", "Parent Relationship": "Outer", "Startup Cost": 2838735.63, "Total Cost": 2839051.44, "Plan Rows": 100, "Plan Width": 67, "Actual Startup Time": 56816.858, "Actual Total Time": 56816.864, "Actual Rows": 84, "Actual Loops": 1, "Sort Key": ["orders.o_totalprice DESC", "orders.o_orderdate"], "Sort Method": "quicksort", "Sort Space Used": 38, "Sort Space Type": "Memory", "Plans": [{"Node Type": "Aggregate", "Strategy": "Hashed", "Parent Relationship": "Outer", "Startup Cost": 2832644.53, "Total Cost": 2833907.74, "Plan Rows": 126321, "Plan Width": 67, "Actual Startup Time": 56816.186, "Actual Total Time": 56816.761, "Actual Rows": 84, "Actual Loops": 1, "Group By Key": ["orders.o_totalprice", "orders.o_orderdate", "customer.c_name", "customer.c_custkey", "orders.o_orderkey"], "Plans": [{"Node Type": "Nested Loop", "Parent Relationship": "Outer", "Join Type": "Inner", "Startup Cost": 2315054.5, "Total Cost": 2830749.71, "Plan Rows": 126321, "Plan Width": 59, "Actual Startup Time": 48198.766, "Actual Total Time": 56814.109, "Actual Rows": 588, "Actual Loops": 1, "Inner Unique": false, "Plans": [{"Node Type": "Nested Loop", "Parent Relationship": "Outer", "Join Type": "Inner", "Startup Cost": 2315054.12, "Total Cost": 2766973.56, "Plan Rows": 13913, "Plan Width": 59, "Actual Startup Time": 48198.721, "Actual Total Time": 56810.721, "Actual Rows": 84, "Actual Loops": 1, "Inner Unique": true, "Plans": [{"Node Type": "Nested Loop", "Parent Relationship": "Outer", "Join Type": "Inner", "Startup Cost": 2315053.86, "Total Cost": 2625533.23, "Plan Rows": 33034, "Plan Width": 40, "Actual Startup Time": 48198.687, "Actual Total Time": 56808.366, "Actual Rows": 84, "Actual Loops": 1, "Inner Unique": true, "Plans": [{"Node Type": "Aggregate", "Strategy": "Hashed", "Parent Relationship": "Outer", "Startup Cost": 2315050.5, "Total Cost": 2381201.11, "Plan Rows": 33034, "Plan Width": 24, "Actual Startup Time": 48198.557, "Actual Total Time": 56784.379, "Actual Rows": 84, "Actual Loops": 1, "Group By Key": ["public.lineitem.l_orderkey"], "Filter": "(sum(public.lineitem.l_quantity) > 314::double precision), (LLVM Optimized, Jit Execute)", "Rows Removed by Filter": 14999916, "Plans": [{"Node Type": "Seq Scan", "Parent Relationship": "Outer", "Relation Name": "lineitem", "Alias": "lineitem", "Startup Cost": 0.0, "Total Cost": 2015115.33, "Plan Rows": 59987033, "Plan Width": 16, "Actual Startup Time": 0.061, "Actual Total Time": 20248.535, "Actual Rows": 59986052, "Actual Loops": 1}]}, {"Node Type": "Bitmap Heap Scan", "Parent Relationship": "Inner", "Relation Name": "orders", "Alias": "orders", "Startup Cost": 3.36, "Total Cost": 7.38, "Plan Rows": 1, "Plan Width": 32, "Actual Startup Time": 3.477, "Actual Total Time": 3.477, "Actual Rows": 84, "Actual Loops": 84, "Recheck Cond": "(o_orderkey = public.lineitem.l_orderkey)", "Rows Removed by Index Recheck": 0, "Exact Heap Blocks": 84, "Lossy Heap Blocks": 84, "Plans": [{"Node Type": "Bitmap Index Scan", "Parent Relationship": "Outer", "Index Name": "orders_pkey", "Startup Cost": 0.0, "Total Cost": 3.36, "Plan Rows": 1, "Plan Width": 0, "Actual Startup Time": 2.267, "Actual Total Time": 2.267, "Actual Rows": 84, "Actual Loops": 84, "Index Cond": "(o_orderkey = public.lineitem.l_orderkey)"}]}]}, {"Node Type": "Bitmap Heap Scan", "Parent Relationship": "Inner", "Relation Name": "customer", "Alias": "customer", "Startup Cost": 0.26, "Total Cost": 4.27, "Plan Rows": 1, "Plan Width": 27, "Actual Startup Time": 1.662, "Actual Total Time": 1.662, "Actual Rows": 84, "Actual Loops": 84, "Recheck Cond": "(c_custkey = orders.o_custkey)", "Rows Removed by Index Recheck": 0, "Exact Heap Blocks": 84, "Lossy Heap Blocks": 84, "Plans": [{"Node Type": "Bitmap Index Scan", "Parent Relationship": "Outer", "Index Name": "customer_pkey", "Startup Cost": 0.0, "Total Cost": 0.26, "Plan Rows": 1, "Plan Width": 0, "Actual Startup Time": 1.033, "Actual Total Time": 1.033, "Actual Rows": 84, "Actual Loops": 84, "Index Cond": "(c_custkey = orders.o_custkey)"}]}]}, {"Node Type": "Bitmap Heap Scan", "Parent Relationship": "Inner", "Relation Name": "lineitem", "Alias": "lineitem", "Startup Cost": 0.38, "Total Cost": 4.49, "Plan Rows": 9, "Plan Width": 16, "Actual Startup Time": 2.278, "Actual Total Time": 2.466, "Actual Rows": 588, "Actual Loops": 84, "Recheck Cond": "(l_orderkey = orders.o_orderkey)", "Rows Removed by Index Recheck": 0, "Exact Heap Blocks": 96, "Lossy Heap Blocks": 96, "Plans": [{"Node Type": "Bitmap Index Scan", "Parent Relationship": "Outer", "Index Name": "idx_lineitem_orderkey", "Startup Cost": 0.0, "Total Cost": 0.38, "Plan Rows": 9, "Plan Width": 0, "Actual Startup Time": 1.397, "Actual Total Time": 1.397, "Actual Rows": 588, "Actual Loops": 84, "Index Cond": "(l_orderkey = orders.o_orderkey)"}]}]}]}]}]}, "Triggers": [], "Planner Runtime": 1.909, "Total Runtime": 56826.202, "Unique SQL Id": 1915754155}}, "(16, '87')": {"explain_plan": {"Plan": {"Node Type": "Limit", "Startup Cost": 1000324838994.8, "Total Cost": 1000324838995.05, "Plan Rows": 100, "Plan Width": 67, "Plans": [{"Node Type": "Sort", "Parent Relationship": "Outer", "Startup Cost": 1000324838994.8, "Total Cost": 1000324839310.61, "Plan Rows": 100, "Plan Width": 67, "Sort Key": ["orders.o_totalprice DESC", "orders.o_orderdate"], "Plans": [{"Node Type": "Aggregate", "Strategy": "Hashed", "Parent Relationship": "Outer", "Startup Cost": 1000324832903.7, "Total Cost": 1000324834166.91, "Plan Rows": 126321, "Plan Width": 67, "Group By Key": ["orders.o_totalprice", "orders.o_orderdate", "customer.c_name", "customer.c_custkey", "orders.o_orderkey"], "Plans": [{"Node Type": "Nested Loop", "Parent Relationship": "Outer", "Join Type": "Inner", "Startup Cost": 1000324315313.67, "Total Cost": 1000324831008.88, "Plan Rows": 126321, "Plan Width": 59, "Inner Unique": false, "Plans": [{"Node Type": "Nested Loop", "Parent Relationship": "Outer", "Join Type": "Inner", "Startup Cost": 1000324315313.29, "Total Cost": 1000324767232.73, "Plan Rows": 13913, "Plan Width": 59, "Inner Unique": true, "Plans": [{"Node Type": "Nested Loop", "Parent Relationship": "Outer", "Join Type": "Inner", "Startup Cost": 1000324315313.03, "Total Cost": 1000324625792.4, "Plan Rows": 33034, "Plan Width": 40, "Inner Unique": true, "Plans": [{"Node Type": "Aggregate", "Strategy": "Hashed", "Parent Relationship": "Outer", "Startup Cost": 1000324315309.67, "Total Cost": 1000324381460.28, "Plan Rows": 33034, "Plan Width": 24, "Group By Key": ["public.lineitem.l_orderkey"], "Filter": "(sum(public.lineitem.l_quantity) > 314::double precision), (LLVM Optimized)", "Plans": [{"Node Type": "Index Scan", "Parent Relationship": "Outer", "Scan Direction": "Forward", "Index Name": "idx_lineitem_orderkey", "Relation Name": "lineitem", "Alias": "lineitem", "Startup Cost": 10000000000.0, "Total Cost": 1000324015374.5, "Plan Rows": 59987033, "Plan Width": 16}]}, {"Node Type": "Bitmap Heap Scan", "Parent Relationship": "Inner", "Relation Name": "orders", "Alias": "orders", "Startup Cost": 3.36, "Total Cost": 7.38, "Plan Rows": 1, "Plan Width": 32, "Recheck Cond": "(o_orderkey = public.lineitem.l_orderkey)", "Plans": [{"Node Type": "Bitmap Index Scan", "Parent Relationship": "Outer", "Index Name": "orders_pkey", "Startup Cost": 0.0, "Total Cost": 3.36, "Plan Rows": 1, "Plan Width": 0, "Index Cond": "(o_orderkey = public.lineitem.l_orderkey)"}]}]}, {"Node Type": "Bitmap Heap Scan", "Parent Relationship": "Inner", "Relation Name": "customer", "Alias": "customer", "Startup Cost": 0.26, "Total Cost": 4.27, "Plan Rows": 1, "Plan Width": 27, "Recheck Cond": "(c_custkey = orders.o_custkey)", "Plans": [{"Node Type": "Bitmap Index Scan", "Parent Relationship": "Outer", "Index Name": "customer_pkey", "Startup Cost": 0.0, "Total Cost": 0.26, "Plan Rows": 1, "Plan Width": 0, "Index Cond": "(c_custkey = orders.o_custkey)"}]}]}, {"Node Type": "Bitmap Heap Scan", "Parent Relationship": "Inner", "Relation Name": "lineitem", "Alias": "lineitem", "Startup Cost": 0.38, "Total Cost": 4.49, "Plan Rows": 9, "Plan Width": 16, "Recheck Cond": "(l_orderkey = orders.o_orderkey)", "Plans": [{"Node Type": "Bitmap Index Scan", "Parent Relationship": "Outer", "Index Name": "idx_lineitem_orderkey", "Startup Cost": 0.0, "Total Cost": 0.38, "Plan Rows": 9, "Plan Width": 0, "Index Cond": "(l_orderkey = orders.o_orderkey)"}]}]}]}]}]}, "Unique SQL Id": 1915754155, "Planner Runtime": 1}, "explain_analyze_plan": {"Plan": {"Node Type": "Limit", "Startup Cost": 1000324838994.8, "Total Cost": 1000324838995.05, "Plan Rows": 100, "Plan Width": 67, "Actual Startup Time": 80385.074, "Actual Total Time": 80385.092, "Actual Rows": 84, "Actual Loops": 1, "Plans": [{"Node Type": "Sort", "Parent Relationship": "Outer", "Startup Cost": 1000324838994.8, "Total Cost": 1000324839310.61, "Plan Rows": 100, "Plan Width": 67, "Actual Startup Time": 80385.071, "Actual Total Time": 80385.08, "Actual Rows": 84, "Actual Loops": 1, "Sort Key": ["orders.o_totalprice DESC", "orders.o_orderdate"], "Sort Method": "quicksort", "Sort Space Used": 38, "Sort Space Type": "Memory", "Plans": [{"Node Type": "Aggregate", "Strategy": "Hashed", "Parent Relationship": "Outer", "Startup Cost": 1000324832903.7, "Total Cost": 1000324834166.91, "Plan Rows": 126321, "Plan Width": 67, "Actual Startup Time": 80384.393, "Actual Total Time": 80384.969, "Actual Rows": 84, "Actual Loops": 1, "Group By Key": ["orders.o_totalprice", "orders.o_orderdate", "customer.c_name", "customer.c_custkey", "orders.o_orderkey"], "Plans": [{"Node Type": "Nested Loop", "Parent Relationship": "Outer", "Join Type": "Inner", "Startup Cost": 1000324315313.67, "Total Cost": 1000324831008.88, "Plan Rows": 126321, "Plan Width": 59, "Actual Startup Time": 72233.603, "Actual Total Time": 80382.462, "Actual Rows": 588, "Actual Loops": 1, "Inner Unique": false, "Plans": [{"Node Type": "Nested Loop", "Parent Relationship": "Outer", "Join Type": "Inner", "Startup Cost": 1000324315313.29, "Total Cost": 1000324767232.73, "Plan Rows": 13913, "Plan Width": 59, "Actual Startup Time": 72233.569, "Actual Total Time": 80379.219, "Actual Rows": 84, "Actual Loops": 1, "Inner Unique": true, "Plans": [{"Node Type": "Nested Loop", "Parent Relationship": "Outer", "Join Type": "Inner", "Startup Cost": 1000324315313.03, "Total Cost": 1000324625792.4, "Plan Rows": 33034, "Plan Width": 40, "Actual Startup Time": 72233.51, "Actual Total Time": 80376.925, "Actual Rows": 84, "Actual Loops": 1, "Inner Unique": true, "Plans": [{"Node Type": "Aggregate", "Strategy": "Hashed", "Parent Relationship": "Outer", "Startup Cost": 1000324315309.67, "Total Cost": 1000324381460.28, "Plan Rows": 33034, "Plan Width": 24, "Actual Startup Time": 72233.393, "Actual Total Time": 80354.823, "Actual Rows": 84, "Actual Loops": 1, "Group By Key": ["public.lineitem.l_orderkey"], "Filter": "(sum(public.lineitem.l_quantity) > 314::double precision), (LLVM Optimized, Jit Execute)", "Rows Removed by Filter": 14999916, "Plans": [{"Node Type": "Index Scan", "Parent Relationship": "Outer", "Scan Direction": "Forward", "Index Name": "idx_lineitem_orderkey", "Relation Name": "lineitem", "Alias": "lineitem", "Startup Cost": 10000000000.0, "Total Cost": 1000324015374.5, "Plan Rows": 59987033, "Plan Width": 16, "Actual Startup Time": 0.063, "Actual Total Time": 42277.738, "Actual Rows": 59986052, "Actual Loops": 1}]}, {"Node Type": "Bitmap Heap Scan", "Parent Relationship": "Inner", "Relation Name": "orders", "Alias": "orders", "Startup Cost": 3.36, "Total Cost": 7.38, "Plan Rows": 1, "Plan Width": 32, "Actual Startup Time": 3.479, "Actual Total Time": 3.479, "Actual Rows": 84, "Actual Loops": 84, "Recheck Cond": "(o_orderkey = public.lineitem.l_orderkey)", "Rows Removed by Index Recheck": 0, "Exact Heap Blocks": 84, "Lossy Heap Blocks": 84, "Plans": [{"Node Type": "Bitmap Index Scan", "Parent Relationship": "Outer", "Index Name": "orders_pkey", "Startup Cost": 0.0, "Total Cost": 3.36, "Plan Rows": 1, "Plan Width": 0, "Actual Startup Time": 2.316, "Actual Total Time": 2.316, "Actual Rows": 84, "Actual Loops": 84, "Index Cond": "(o_orderkey = public.lineitem.l_orderkey)"}]}]}, {"Node Type": "Bitmap Heap Scan", "Parent Relationship": "Inner", "Relation Name": "customer", "Alias": "customer", "Startup Cost": 0.26, "Total Cost": 4.27, "Plan Rows": 1, "Plan Width": 27, "Actual Startup Time": 1.615, "Actual Total Time": 1.615, "Actual Rows": 84, "Actual Loops": 84, "Recheck Cond": "(c_custkey = orders.o_custkey)", "Rows Removed by Index Recheck": 0, "Exact Heap Blocks": 84, "Lossy Heap Blocks": 84, "Plans": [{"Node Type": "Bitmap Index Scan", "Parent Relationship": "Outer", "Index Name": "customer_pkey", "Startup Cost": 0.0, "Total Cost": 0.26, "Plan Rows": 1, "Plan Width": 0, "Actual Startup Time": 0.975, "Actual Total Time": 0.975, "Actual Rows": 84, "Actual Loops": 84, "Index Cond": "(c_custkey = orders.o_custkey)"}]}]}, {"Node Type": "Bitmap Heap Scan", "Parent Relationship": "Inner", "Relation Name": "lineitem", "Alias": "lineitem", "Startup Cost": 0.38, "Total Cost": 4.49, "Plan Rows": 9, "Plan Width": 16, "Actual Startup Time": 2.193, "Actual Total Time": 2.369, "Actual Rows": 588, "Actual Loops": 84, "Recheck Cond": "(l_orderkey = orders.o_orderkey)", "Rows Removed by Index Recheck": 0, "Exact Heap Blocks": 96, "Lossy Heap Blocks": 96, "Plans": [{"Node Type": "Bitmap Index Scan", "Parent Relationship": "Outer", "Index Name": "idx_lineitem_orderkey", "Startup Cost": 0.0, "Total Cost": 0.38, "Plan Rows": 9, "Plan Width": 0, "Actual Startup Time": 1.36, "Actual Total Time": 1.36, "Actual Rows": 588, "Actual Loops": 84, "Index Cond": "(l_orderkey = orders.o_orderkey)"}]}]}]}]}]}, "Triggers": [], "Planner Runtime": 2.016, "Total Runtime": 80394.686, "Unique SQL Id": 1915754155}}, "(16, '88')": {"explain_plan": {"Plan": {"Node Type": "Limit", "Startup Cost": 2649029.8, "Total Cost": 2649030.05, "Plan Rows": 100, "Plan Width": 67, "Plans": [{"Node Type": "Sort", "Parent Relationship": "Outer", "Startup Cost": 2649029.8, "Total Cost": 2649345.6, "Plan Rows": 100, "Plan Width": 67, "Sort Key": ["orders.o_totalprice DESC", "orders.o_orderdate"], "Plans": [{"Node Type": "Aggregate", "Strategy": "Hashed", "Parent Relationship": "Outer", "Startup Cost": 2642938.69, "Total Cost": 2644201.9, "Plan Rows": 126321, "Plan Width": 67, "Group By Key": ["orders.o_totalprice", "orders.o_orderdate", "customer.c_name", "customer.c_custkey", "orders.o_orderkey"], "Plans": [{"Node Type": "Nested Loop", "Parent Relationship": "Outer", "Join Type": "Inner", "Startup Cost": 2315050.5, "Total Cost": 2641043.88, "Plan Rows": 126321, "Plan Width": 59, "Inner Unique": false, "Plans": [{"Node Type": "Nested Loop", "Parent Relationship": "Outer", "Join Type": "Inner", "Startup Cost": 2315050.5, "Total Cost": 2627700.1, "Plan Rows": 13913, "Plan Width": 59, "Inner Unique": true, "Plans": [{"Node Type": "Nested Loop", "Parent Relationship": "Outer", "Join Type": "Inner", "Startup Cost": 2315050.5, "Total Cost": 2618076.97, "Plan Rows": 33034, "Plan Width": 40, "Inner Unique": true, "Plans": [{"Node Type": "Aggregate", "Strategy": "Hashed", "Parent Relationship": "Outer", "Startup Cost": 2315050.5, "Total Cost": 2381201.11, "Plan Rows": 33034, "Plan Width": 24, "Group By Key": ["public.lineitem.l_orderkey"], "Filter": "(sum(public.lineitem.l_quantity) > 314::double precision), (LLVM Optimized)", "Plans": [{"Node Type": "Seq Scan", "Parent Relationship": "Outer", "Relation Name": "lineitem", "Alias": "lineitem", "Startup Cost": 0.0, "Total Cost": 2015115.33, "Plan Rows": 59987033, "Plan Width": 16}]}, {"Node Type": "Index Scan", "Parent Relationship": "Inner", "Scan Direction": "Forward", "Index Name": "orders_pkey", "Relation Name": "orders", "Alias": "orders", "Startup Cost": 0.0, "Total Cost": 7.15, "Plan Rows": 1, "Plan Width": 32, "Index Cond": "(o_orderkey = public.lineitem.l_orderkey)"}]}, {"Node Type": "Index Scan", "Parent Relationship": "Inner", "Scan Direction": "Forward", "Index Name": "customer_pkey", "Relation Name": "customer", "Alias": "customer", "Startup Cost": 0.0, "Total Cost": 0.28, "Plan Rows": 1, "Plan Width": 27, "Index Cond": "(c_custkey = orders.o_custkey)"}]}, {"Node Type": "Index Scan", "Parent Relationship": "Inner", "Scan Direction": "Forward", "Index Name": "idx_lineitem_orderkey", "Relation Name": "lineitem", "Alias": "lineitem", "Startup Cost": 0.0, "Total Cost": 0.87, "Plan Rows": 9, "Plan Width": 16, "Index Cond": "(l_orderkey = orders.o_orderkey)"}]}]}]}]}, "Unique SQL Id": 1915754155, "Planner Runtime": 1}, "explain_analyze_plan": {"Plan": {"Node Type": "Limit", "Startup Cost": 2649029.8, "Total Cost": 2649030.05, "Plan Rows": 100, "Plan Width": 67, "Actual Startup Time": 53367.336, "Actual Total Time": 53367.355, "Actual Rows": 84, "Actual Loops": 1, "Plans": [{"Node Type": "Sort", "Parent Relationship": "Outer", "Startup Cost": 2649029.8, "Total Cost": 2649345.6, "Plan Rows": 100, "Plan Width": 67, "Actual Startup Time": 53367.333, "Actual Total Time": 53367.342, "Actual Rows": 84, "Actual Loops": 1, "Sort Key": ["orders.o_totalprice DESC", "orders.o_orderdate"], "Sort Method": "quicksort", "Sort Space Used": 38, "Sort Space Type": "Memory", "Plans": [{"Node Type": "Aggregate", "Strategy": "Hashed", "Parent Relationship": "Outer", "Startup Cost": 2642938.69, "Total Cost": 2644201.9, "Plan Rows": 126321, "Plan Width": 67, "Actual Startup Time": 53366.678, "Actual Total Time": 53367.237, "Actual Rows": 84, "Actual Loops": 1, "Group By Key": ["orders.o_totalprice", "orders.o_orderdate", "customer.c_name", "customer.c_custkey", "orders.o_orderkey"], "Plans": [{"Node Type": "Nested Loop", "Parent Relationship": "Outer", "Join Type": "Inner", "Startup Cost": 2315050.5, "Total Cost": 2641043.88, "Plan Rows": 126321, "Plan Width": 59, "Actual Startup Time": 47583.176, "Actual Total Time": 53364.795, "Actual Rows": 588, "Actual Loops": 1, "Inner Unique": false, "Plans": [{"Node Type": "Nested Loop", "Parent Relationship": "Outer", "Join Type": "Inner", "Startup Cost": 2315050.5, "Total Cost": 2627700.1, "Plan Rows": 13913, "Plan Width": 59, "Actual Startup Time": 47583.15, "Actual Total Time": 53362.449, "Actual Rows": 84, "Actual Loops": 1, "Inner Unique": true, "Plans": [{"Node Type": "Nested Loop", "Parent Relationship": "Outer", "Join Type": "Inner", "Startup Cost": 2315050.5, "Total Cost": 2618076.97, "Plan Rows": 33034, "Plan Width": 40, "Actual Startup Time": 47583.13, "Actual Total Time": 53361.021, "Actual Rows": 84, "Actual Loops": 1, "Inner Unique": true, "Plans": [{"Node Type": "Aggregate", "Strategy": "Hashed", "Parent Relationship": "Outer", "Startup Cost": 2315050.5, "Total Cost": 2381201.11, "Plan Rows": 33034, "Plan Width": 24, "Actual Startup Time": 47583.052, "Actual Total Time": 53340.03, "Actual Rows": 84, "Actual Loops": 1, "Group By Key": ["public.lineitem.l_orderkey"], "Filter": "(sum(public.lineitem.l_quantity) > 314::double precision), (LLVM Optimized, Jit Execute)", "Rows Removed by Filter": 14999916, "Plans": [{"Node Type": "Seq Scan", "Parent Relationship": "Outer", "Relation Name": "lineitem", "Alias": "lineitem", "Startup Cost": 0.0, "Total Cost": 2015115.33, "Plan Rows": 59987033, "Plan Width": 16, "Actual Startup Time": 0.044, "Actual Total Time": 20352.533, "Actual Rows": 59986052, "Actual Loops": 1}]}, {"Node Type": "Index Scan", "Parent Relationship": "Inner", "Scan Direction": "Forward", "Index Name": "orders_pkey", "Relation Name": "orders", "Alias": "orders", "Startup Cost": 0.0, "Total Cost": 7.15, "Plan Rows": 1, "Plan Width": 32, "Actual Startup Time": 2.902, "Actual Total Time": 2.902, "Actual Rows": 84, "Actual Loops": 84, "Index Cond": "(o_orderkey = public.lineitem.l_orderkey)", "Rows Removed by Index Recheck": 0}]}, {"Node Type": "Index Scan", "Parent Relationship": "Inner", "Scan Direction": "Forward", "Index Name": "customer_pkey", "Relation Name": "customer", "Alias": "customer", "Startup Cost": 0.0, "Total Cost": 0.28, "Plan Rows": 1, "Plan Width": 27, "Actual Startup Time": 1.048, "Actual Total Time": 1.048, "Actual Rows": 84, "Actual Loops": 84, "Index Cond": "(c_custkey = orders.o_custkey)", "Rows Removed by Index Recheck": 0}]}, {"Node Type": "Index Scan", "Parent Relationship": "Inner", "Scan Direction": "Forward", "Index Name": "idx_lineitem_orderkey", "Relation Name": "lineitem", "Alias": "lineitem", "Startup Cost": 0.0, "Total Cost": 0.87, "Plan Rows": 9, "Plan Width": 16, "Actual Startup Time": 1.401, "Actual Total Time": 1.898, "Actual Rows": 588, "Actual Loops": 84, "Index Cond": "(l_orderkey = orders.o_orderkey)", "Rows Removed by Index Recheck": 0}]}]}]}]}, "Triggers": [], "Planner Runtime": 2.116, "Total Runtime": 53376.681, "Unique SQL Id": 1915754155}}, "(16, '89')": {"explain_plan": {"Plan": {"Node Type": "Limit", "Startup Cost": 3874068.21, "Total Cost": 3874068.46, "Plan Rows": 100, "Plan Width": 67, "Plans": [{"Node Type": "Sort", "Parent Relationship": "Outer", "Startup Cost": 3874068.21, "Total Cost": 3874384.02, "Plan Rows": 100, "Plan Width": 67, "Sort Key": ["orders.o_totalprice DESC", "orders.o_orderdate"], "Plans": [{"Node Type": "Aggregate", "Strategy": "Hashed", "Parent Relationship": "Outer", "Startup Cost": 3867977.11, "Total Cost": 3869240.32, "Plan Rows": 126321, "Plan Width": 67, "Group By Key": ["orders.o_totalprice", "orders.o_orderdate", "customer.c_name", "customer.c_custkey", "orders.o_orderkey"], "Plans": [{"Node Type": "Nested Loop", "Parent Relationship": "Outer", "Join Type": "Inner", "Startup Cost": 3540088.91, "Total Cost": 3866082.29, "Plan Rows": 126321, "Plan Width": 59, "Inner Unique": false, "Plans": [{"Node Type": "Nested Loop", "Parent Relationship": "Outer", "Join Type": "Inner", "Startup Cost": 3540088.91, "Total Cost": 3852738.51, "Plan Rows": 13913, "Plan Width": 59, "Inner Unique": true, "Plans": [{"Node Type": "Nested Loop", "Parent Relationship": "Outer", "Join Type": "Inner", "Startup Cost": 3540088.91, "Total Cost": 3843115.38, "Plan Rows": 33034, "Plan Width": 40, "Inner Unique": true, "Plans": [{"Node Type": "Aggregate", "Strategy": "Hashed", "Parent Relationship": "Outer", "Startup Cost": 3540088.91, "Total Cost": 3606239.52, "Plan Rows": 33034, "Plan Width": 24, "Group By Key": ["public.lineitem.l_orderkey"], "Filter": "(sum(public.lineitem.l_quantity) > 314::double precision), (LLVM Optimized)", "Plans": [{"Node Type": "Index Scan", "Parent Relationship": "Outer", "Scan Direction": "Forward", "Index Name": "idx_lineitem_orderkey", "Relation Name": "lineitem", "Alias": "lineitem", "Startup Cost": 0.0, "Total Cost": 3240153.75, "Plan Rows": 59987033, "Plan Width": 16}]}, {"Node Type": "Index Scan", "Parent Relationship": "Inner", "Scan Direction": "Forward", "Index Name": "orders_pkey", "Relation Name": "orders", "Alias": "orders", "Startup Cost": 0.0, "Total Cost": 7.15, "Plan Rows": 1, "Plan Width": 32, "Index Cond": "(o_orderkey = public.lineitem.l_orderkey)"}]}, {"Node Type": "Index Scan", "Parent Relationship": "Inner", "Scan Direction": "Forward", "Index Name": "customer_pkey", "Relation Name": "customer", "Alias": "customer", "Startup Cost": 0.0, "Total Cost": 0.28, "Plan Rows": 1, "Plan Width": 27, "Index Cond": "(c_custkey = orders.o_custkey)"}]}, {"Node Type": "Index Scan", "Parent Relationship": "Inner", "Scan Direction": "Forward", "Index Name": "idx_lineitem_orderkey", "Relation Name": "lineitem", "Alias": "lineitem", "Startup Cost": 0.0, "Total Cost": 0.87, "Plan Rows": 9, "Plan Width": 16, "Index Cond": "(l_orderkey = orders.o_orderkey)"}]}]}]}]}, "Unique SQL Id": 1915754155, "Planner Runtime": 1}, "explain_analyze_plan": {"Plan": {"Node Type": "Limit", "Startup Cost": 3874068.21, "Total Cost": 3874068.46, "Plan Rows": 100, "Plan Width": 67, "Actual Startup Time": 80046.048, "Actual Total Time": 80046.063, "Actual Rows": 84, "Actual Loops": 1, "Plans": [{"Node Type": "Sort", "Parent Relationship": "Outer", "Startup Cost": 3874068.21, "Total Cost": 3874384.02, "Plan Rows": 100, "Plan Width": 67, "Actual Startup Time": 80046.046, "Actual Total Time": 80046.051, "Actual Rows": 84, "Actual Loops": 1, "Sort Key": ["orders.o_totalprice DESC", "orders.o_orderdate"], "Sort Method": "quicksort", "Sort Space Used": 38, "Sort Space Type": "Memory", "Plans": [{"Node Type": "Aggregate", "Strategy": "Hashed", "Parent Relationship": "Outer", "Startup Cost": 3867977.11, "Total Cost": 3869240.32, "Plan Rows": 126321, "Plan Width": 67, "Actual Startup Time": 80045.618, "Actual Total Time": 80045.952, "Actual Rows": 84, "Actual Loops": 1, "Group By Key": ["orders.o_totalprice", "orders.o_orderdate", "customer.c_name", "customer.c_custkey", "orders.o_orderkey"], "Plans": [{"Node Type": "Nested Loop", "Parent Relationship": "Outer", "Join Type": "Inner", "Startup Cost": 3540088.91, "Total Cost": 3866082.29, "Plan Rows": 126321, "Plan Width": 59, "Actual Startup Time": 71660.31, "Actual Total Time": 80043.737, "Actual Rows": 588, "Actual Loops": 1, "Inner Unique": false, "Plans": [{"Node Type": "Nested Loop", "Parent Relationship": "Outer", "Join Type": "Inner", "Startup Cost": 3540088.91, "Total Cost": 3852738.51, "Plan Rows": 13913, "Plan Width": 59, "Actual Startup Time": 71660.278, "Actual Total Time": 80041.063, "Actual Rows": 84, "Actual Loops": 1, "Inner Unique": true, "Plans": [{"Node Type": "Nested Loop", "Parent Relationship": "Outer", "Join Type": "Inner", "Startup Cost": 3540088.91, "Total Cost": 3843115.38, "Plan Rows": 33034, "Plan Width": 40, "Actual Startup Time": 71660.251, "Actual Total Time": 80039.183, "Actual Rows": 84, "Actual Loops": 1, "Inner Unique": true, "Plans": [{"Node Type": "Aggregate", "Strategy": "Hashed", "Parent Relationship": "Outer", "Startup Cost": 3540088.91, "Total Cost": 3606239.52, "Plan Rows": 33034, "Plan Width": 24, "Actual Startup Time": 71660.193, "Actual Total Time": 80016.864, "Actual Rows": 84, "Actual Loops": 1, "Group By Key": ["public.lineitem.l_orderkey"], "Filter": "(sum(public.lineitem.l_quantity) > 314::double precision), (LLVM Optimized, Jit Execute)", "Rows Removed by Filter": 14999916, "Plans": [{"Node Type": "Index Scan", "Parent Relationship": "Outer", "Scan Direction": "Forward", "Index Name": "idx_lineitem_orderkey", "Relation Name": "lineitem", "Alias": "lineitem", "Startup Cost": 0.0, "Total Cost": 3240153.75, "Plan Rows": 59987033, "Plan Width": 16, "Actual Startup Time": 0.058, "Actual Total Time": 41400.691, "Actual Rows": 59986052, "Actual Loops": 1}]}, {"Node Type": "Index Scan", "Parent Relationship": "Inner", "Scan Direction": "Forward", "Index Name": "orders_pkey", "Relation Name": "orders", "Alias": "orders", "Startup Cost": 0.0, "Total Cost": 7.15, "Plan Rows": 1, "Plan Width": 32, "Actual Startup Time": 2.944, "Actual Total Time": 2.944, "Actual Rows": 84, "Actual Loops": 84, "Index Cond": "(o_orderkey = public.lineitem.l_orderkey)", "Rows Removed by Index Recheck": 0}]}, {"Node Type": "Index Scan", "Parent Relationship": "Inner", "Scan Direction": "Forward", "Index Name": "customer_pkey", "Relation Name": "customer", "Alias": "customer", "Startup Cost": 0.0, "Total Cost": 0.28, "Plan Rows": 1, "Plan Width": 27, "Actual Startup Time": 1.358, "Actual Total Time": 1.358, "Actual Rows": 84, "Actual Loops": 84, "Index Cond": "(c_custkey = orders.o_custkey)", "Rows Removed by Index Recheck": 0}]}, {"Node Type": "Index Scan", "Parent Relationship": "Inner", "Scan Direction": "Forward", "Index Name": "idx_lineitem_orderkey", "Relation Name": "lineitem", "Alias": "lineitem", "Startup Cost": 0.0, "Total Cost": 0.87, "Plan Rows": 9, "Plan Width": 16, "Actual Startup Time": 1.639, "Actual Total Time": 2.066, "Actual Rows": 588, "Actual Loops": 84, "Index Cond": "(l_orderkey = orders.o_orderkey)", "Rows Removed by Index Recheck": 0}]}]}]}]}, "Triggers": [], "Planner Runtime": 2.569, "Total Runtime": 80056.92, "Unique SQL Id": 1915754155}}, "(16, '90')": {"explain_plan": {"Plan": {"Node Type": "Limit", "Startup Cost": 14964595.16, "Total Cost": 14964595.41, "Plan Rows": 100, "Plan Width": 67, "Plans": [{"Node Type": "Sort", "Parent Relationship": "Outer", "Startup Cost": 14964595.16, "Total Cost": 14964910.97, "Plan Rows": 100, "Plan Width": 67, "Sort Key": ["orders.o_totalprice DESC", "orders.o_orderdate"], "Plans": [{"Node Type": "Aggregate", "Strategy": "Hashed", "Parent Relationship": "Outer", "Startup Cost": 14958504.05, "Total Cost": 14959767.26, "Plan Rows": 126321, "Plan Width": 67, "Group By Key": ["orders.o_totalprice", "orders.o_orderdate", "customer.c_name", "customer.c_custkey", "orders.o_orderkey"], "Plans": [{"Node Type": "Merge Join", "Parent Relationship": "Outer", "Join Type": "Inner", "Startup Cost": 14656052.99, "Total Cost": 14956609.24, "Plan Rows": 126321, "Plan Width": 59, "Inner Unique": false, "Merge Cond": "(orders.o_orderkey = public.lineitem.l_orderkey)", "Plans": [{"Node Type": "Sort", "Parent Relationship": "Outer", "Startup Cost": 4891168.67, "Total Cost": 4891203.45, "Plan Rows": 13913, "Plan Width": 59, "Sort Key": ["orders.o_orderkey"], "Plans": [{"Node Type": "Merge Join", "Parent Relationship": "Outer", "Join Type": "Inner", "Startup Cost": 4882215.87, "Total Cost": 4890211.17, "Plan Rows": 13913, "Plan Width": 59, "Inner Unique": true, "Merge Cond": "(orders.o_custkey = customer.c_custkey)", "Plans": [{"Node Type": "Sort", "Parent Relationship": "Outer", "Startup Cost": 4676215.68, "Total Cost": 4676298.26, "Plan Rows": 33034, "Plan Width": 40, "Sort Key": ["orders.o_custkey"], "Plans": [{"Node Type": "Merge Join", "Parent Relationship": "Outer", "Join Type": "Semi", "Startup Cost": 4598243.3, "Total Cost": 4673736.2, "Plan Rows": 33034, "Plan Width": 40, "Inner Unique": false, "Merge Cond": "(orders.o_orderkey = public.lineitem.l_orderkey)", "Plans": [{"Node Type": "Sort", "Parent Relationship": "Outer", "Startup Cost": 2214232.37, "Total Cost": 2251731.07, "Plan Rows": 14999479, "Plan Width": 32, "Sort Key": ["orders.o_orderkey"], "Plans": [{"Node Type": "Seq Scan", "Parent Relationship": "Outer", "Relation Name": "orders", "Alias": "orders", "Startup Cost": 0.0, "Total Cost": 426413.79, "Plan Rows": 14999479, "Plan Width": 32}]}, {"Node Type": "Sort", "Parent Relationship": "Inner", "Startup Cost": 2384010.93, "Total Cost": 2384093.51, "Plan Rows": 33034, "Plan Width": 8, "Sort Key": ["public.lineitem.l_orderkey"], "Plans": [{"Node Type": "Aggregate", "Strategy": "Hashed", "Parent Relationship": "Outer", "Startup Cost": 2315050.5, "Total Cost": 2381201.11, "Plan Rows": 33034, "Plan Width": 24, "Group By Key": ["public.lineitem.l_orderkey"], "Filter": "(sum(public.lineitem.l_quantity) > 314::double precision), (LLVM Optimized)", "Plans": [{"Node Type": "Seq Scan", "Parent Relationship": "Outer", "Relation Name": "lineitem", "Alias": "lineitem", "Startup Cost": 0.0, "Total Cost": 2015115.33, "Plan Rows": 59987033, "Plan Width": 16}]}]}]}]}, {"Node Type": "Sort", "Parent Relationship": "Inner", "Startup Cost": 205999.98, "Total Cost": 209749.98, "Plan Rows": 1500000, "Plan Width": 27, "Sort Key": ["customer.c_custkey"], "Plans": [{"Node Type": "Seq Scan", "Parent Relationship": "Outer", "Relation Name": "customer", "Alias": "customer", "Startup Cost": 0.0, "Total Cost": 52126.0, "Plan Rows": 1500000, "Plan Width": 27}]}]}]}, {"Node Type": "Sort", "Parent Relationship": "Inner", "Startup Cost": 9764884.32, "Total Cost": 9914851.9, "Plan Rows": 59987033, "Plan Width": 16, "Sort Key": ["public.lineitem.l_orderkey"], "Plans": [{"Node Type": "Seq Scan", "Parent Relationship": "Outer", "Relation Name": "lineitem", "Alias": "lineitem", "Startup Cost": 0.0, "Total Cost": 2015115.33, "Plan Rows": 59987033, "Plan Width": 16}]}]}]}]}]}, "Unique SQL Id": 1915754155, "Planner Runtime": 1}, "explain_analyze_plan": null}, "(16, '91')": {"explain_plan": {"Plan": {"Node Type": "Limit", "Startup Cost": 4000713615997.67, "Total Cost": 4000713615997.92, "Plan Rows": 100, "Plan Width": 67, "Plans": [{"Node Type": "Sort", "Parent Relationship": "Outer", "Startup Cost": 4000713615997.67, "Total Cost": 4000713616313.47, "Plan Rows": 100, "Plan Width": 67, "Sort Key": ["orders.o_totalprice DESC", "orders.o_orderdate"], "Plans": [{"Node Type": "Aggregate", "Strategy": "Hashed", "Parent Relationship": "Outer", "Startup Cost": 4000713609906.56, "Total Cost": 4000713611169.77, "Plan Rows": 126321, "Plan Width": 67, "Group By Key": ["orders.o_totalprice", "orders.o_orderdate", "customer.c_name", "customer.c_custkey", "orders.o_orderkey"], "Plans": [{"Node Type": "Merge Join", "Parent Relationship": "Outer", "Join Type": "Inner", "Startup Cost": 3010405604325.92, "Total Cost": 4000713608011.74, "Plan Rows": 126321, "Plan Width": 59, "Inner Unique": false, "Merge Cond": "(orders.o_orderkey = public.lineitem.l_orderkey)", "Plans": [{"Node Type": "Sort", "Parent Relationship": "Outer", "Startup Cost": 3000405604325.91, "Total Cost": 3000405604360.69, "Plan Rows": 13913, "Plan Width": 59, "Sort Key": ["orders.o_orderkey"], "Plans": [{"Node Type": "Merge Join", "Parent Relationship": "Outer", "Join Type": "Inner", "Startup Cost": 2010424582808.14, "Total Cost": 3000405603368.41, "Plan Rows": 13913, "Plan Width": 59, "Inner Unique": true, "Merge Cond": "(orders.o_custkey = customer.c_custkey)", "Plans": [{"Node Type": "Sort", "Parent Relationship": "Outer", "Startup Cost": 2000397522587.28, "Total Cost": 2000397522669.87, "Plan Rows": 33034, "Plan Width": 40, "Sort Key": ["orders.o_custkey"], "Plans": [{"Node Type": "Merge Join", "Parent Relationship": "Outer", "Join Type": "Semi", "Startup Cost": 1010324384270.1, "Total Cost": 2000397520107.8, "Plan Rows": 33034, "Plan Width": 40, "Inner Unique": false, "Merge Cond": "(orders.o_orderkey = public.lineitem.l_orderkey)", "Plans": [{"Node Type": "Index Scan", "Parent Relationship": "Outer", "Scan Direction": "Forward", "Index Name": "orders_pkey", "Relation Name": "orders", "Alias": "orders", "Startup Cost": 10000000000.0, "Total Cost": 1000073097843.5, "Plan Rows": 14999479, "Plan Width": 32}, {"Node Type": "Sort", "Parent Relationship": "Inner", "Startup Cost": 1000324384270.1, "Total Cost": 1000324384352.68, "Plan Rows": 33034, "Plan Width": 8, "Sort Key": ["public.lineitem.l_orderkey"], "Plans": [{"Node Type": "Aggregate", "Strategy": "Hashed", "Parent Relationship": "Outer", "Startup Cost": 1000324315309.67, "Total Cost": 1000324381460.28, "Plan Rows": 33034, "Plan Width": 24, "Group By Key": ["public.lineitem.l_orderkey"], "Filter": "(sum(public.lineitem.l_quantity) > 314::double precision), (LLVM Optimized)", "Plans": [{"Node Type": "Index Scan", "Parent Relationship": "Outer", "Scan Direction": "Forward", "Index Name": "idx_lineitem_orderkey", "Relation Name": "lineitem", "Alias": "lineitem", "Startup Cost": 10000000000.0, "Total Cost": 1000324015374.5, "Plan Rows": 59987033, "Plan Width": 16}]}]}]}]}, {"Node Type": "Index Scan", "Parent Relationship": "Inner", "Scan Direction": "Forward", "Index Name": "customer_pkey", "Relation Name": "customer", "Alias": "customer", "Startup Cost": 10000000000.0, "Total Cost": 1000008076535.62, "Plan Rows": 1500000, "Plan Width": 27}]}]}, {"Node Type": "Index Scan", "Parent Relationship": "Inner", "Scan Direction": "Forward", "Index Name": "idx_lineitem_orderkey", "Relation Name": "lineitem", "Alias": "lineitem", "Startup Cost": 10000000000.0, "Total Cost": 1000324015374.5, "Plan Rows": 59987033, "Plan Width": 16}]}]}]}]}, "Unique SQL Id": 1915754155, "Planner Runtime": 2}, "explain_analyze_plan": null}, "(16, '92')": {"explain_plan": {"Plan": {"Node Type": "Limit", "Startup Cost": 2649029.8, "Total Cost": 2649030.05, "Plan Rows": 100, "Plan Width": 67, "Plans": [{"Node Type": "Sort", "Parent Relationship": "Outer", "Startup Cost": 2649029.8, "Total Cost": 2649345.6, "Plan Rows": 100, "Plan Width": 67, "Sort Key": ["orders.o_totalprice DESC", "orders.o_orderdate"], "Plans": [{"Node Type": "Aggregate", "Strategy": "Hashed", "Parent Relationship": "Outer", "Startup Cost": 2642938.69, "Total Cost": 2644201.9, "Plan Rows": 126321, "Plan Width": 67, "Group By Key": ["orders.o_totalprice", "orders.o_orderdate", "customer.c_name", "customer.c_custkey", "orders.o_orderkey"], "Plans": [{"Node Type": "Nested Loop", "Parent Relationship": "Outer", "Join Type": "Inner", "Startup Cost": 2315050.5, "Total Cost": 2641043.88, "Plan Rows": 126321, "Plan Width": 59, "Inner Unique": false, "Plans": [{"Node Type": "Nested Loop", "Parent Relationship": "Outer", "Join Type": "Inner", "Startup Cost": 2315050.5, "Total Cost": 2627700.1, "Plan Rows": 13913, "Plan Width": 59, "Inner Unique": true, "Plans": [{"Node Type": "Nested Loop", "Parent Relationship": "Outer", "Join Type": "Inner", "Startup Cost": 2315050.5, "Total Cost": 2618076.97, "Plan Rows": 33034, "Plan Width": 40, "Inner Unique": true, "Plans": [{"Node Type": "Aggregate", "Strategy": "Hashed", "Parent Relationship": "Outer", "Startup Cost": 2315050.5, "Total Cost": 2381201.11, "Plan Rows": 33034, "Plan Width": 24, "Group By Key": ["public.lineitem.l_orderkey"], "Filter": "(sum(public.lineitem.l_quantity) > 314::double precision), (LLVM Optimized)", "Plans": [{"Node Type": "Seq Scan", "Parent Relationship": "Outer", "Relation Name": "lineitem", "Alias": "lineitem", "Startup Cost": 0.0, "Total Cost": 2015115.33, "Plan Rows": 59987033, "Plan Width": 16}]}, {"Node Type": "Index Scan", "Parent Relationship": "Inner", "Scan Direction": "Forward", "Index Name": "orders_pkey", "Relation Name": "orders", "Alias": "orders", "Startup Cost": 0.0, "Total Cost": 7.15, "Plan Rows": 1, "Plan Width": 32, "Index Cond": "(o_orderkey = public.lineitem.l_orderkey)"}]}, {"Node Type": "Index Scan", "Parent Relationship": "Inner", "Scan Direction": "Forward", "Index Name": "customer_pkey", "Relation Name": "customer", "Alias": "customer", "Startup Cost": 0.0, "Total Cost": 0.28, "Plan Rows": 1, "Plan Width": 27, "Index Cond": "(c_custkey = orders.o_custkey)"}]}, {"Node Type": "Index Scan", "Parent Relationship": "Inner", "Scan Direction": "Forward", "Index Name": "idx_lineitem_orderkey", "Relation Name": "lineitem", "Alias": "lineitem", "Startup Cost": 0.0, "Total Cost": 0.87, "Plan Rows": 9, "Plan Width": 16, "Index Cond": "(l_orderkey = orders.o_orderkey)"}]}]}]}]}, "Unique SQL Id": 1915754155, "Planner Runtime": 2}, "explain_analyze_plan": {"Plan": {"Node Type": "Limit", "Startup Cost": 2649029.8, "Total Cost": 2649030.05, "Plan Rows": 100, "Plan Width": 67, "Actual Startup Time": 53367.336, "Actual Total Time": 53367.355, "Actual Rows": 84, "Actual Loops": 1, "Plans": [{"Node Type": "Sort", "Parent Relationship": "Outer", "Startup Cost": 2649029.8, "Total Cost": 2649345.6, "Plan Rows": 100, "Plan Width": 67, "Actual Startup Time": 53367.333, "Actual Total Time": 53367.342, "Actual Rows": 84, "Actual Loops": 1, "Sort Key": ["orders.o_totalprice DESC", "orders.o_orderdate"], "Sort Method": "quicksort", "Sort Space Used": 38, "Sort Space Type": "Memory", "Plans": [{"Node Type": "Aggregate", "Strategy": "Hashed", "Parent Relationship": "Outer", "Startup Cost": 2642938.69, "Total Cost": 2644201.9, "Plan Rows": 126321, "Plan Width": 67, "Actual Startup Time": 53366.678, "Actual Total Time": 53367.237, "Actual Rows": 84, "Actual Loops": 1, "Group By Key": ["orders.o_totalprice", "orders.o_orderdate", "customer.c_name", "customer.c_custkey", "orders.o_orderkey"], "Plans": [{"Node Type": "Nested Loop", "Parent Relationship": "Outer", "Join Type": "Inner", "Startup Cost": 2315050.5, "Total Cost": 2641043.88, "Plan Rows": 126321, "Plan Width": 59, "Actual Startup Time": 47583.176, "Actual Total Time": 53364.795, "Actual Rows": 588, "Actual Loops": 1, "Inner Unique": false, "Plans": [{"Node Type": "Nested Loop", "Parent Relationship": "Outer", "Join Type": "Inner", "Startup Cost": 2315050.5, "Total Cost": 2627700.1, "Plan Rows": 13913, "Plan Width": 59, "Actual Startup Time": 47583.15, "Actual Total Time": 53362.449, "Actual Rows": 84, "Actual Loops": 1, "Inner Unique": true, "Plans": [{"Node Type": "Nested Loop", "Parent Relationship": "Outer", "Join Type": "Inner", "Startup Cost": 2315050.5, "Total Cost": 2618076.97, "Plan Rows": 33034, "Plan Width": 40, "Actual Startup Time": 47583.13, "Actual Total Time": 53361.021, "Actual Rows": 84, "Actual Loops": 1, "Inner Unique": true, "Plans": [{"Node Type": "Aggregate", "Strategy": "Hashed", "Parent Relationship": "Outer", "Startup Cost": 2315050.5, "Total Cost": 2381201.11, "Plan Rows": 33034, "Plan Width": 24, "Actual Startup Time": 47583.052, "Actual Total Time": 53340.03, "Actual Rows": 84, "Actual Loops": 1, "Group By Key": ["public.lineitem.l_orderkey"], "Filter": "(sum(public.lineitem.l_quantity) > 314::double precision), (LLVM Optimized, Jit Execute)", "Rows Removed by Filter": 14999916, "Plans": [{"Node Type": "Seq Scan", "Parent Relationship": "Outer", "Relation Name": "lineitem", "Alias": "lineitem", "Startup Cost": 0.0, "Total Cost": 2015115.33, "Plan Rows": 59987033, "Plan Width": 16, "Actual Startup Time": 0.044, "Actual Total Time": 20352.533, "Actual Rows": 59986052, "Actual Loops": 1}]}, {"Node Type": "Index Scan", "Parent Relationship": "Inner", "Scan Direction": "Forward", "Index Name": "orders_pkey", "Relation Name": "orders", "Alias": "orders", "Startup Cost": 0.0, "Total Cost": 7.15, "Plan Rows": 1, "Plan Width": 32, "Actual Startup Time": 2.902, "Actual Total Time": 2.902, "Actual Rows": 84, "Actual Loops": 84, "Index Cond": "(o_orderkey = public.lineitem.l_orderkey)", "Rows Removed by Index Recheck": 0}]}, {"Node Type": "Index Scan", "Parent Relationship": "Inner", "Scan Direction": "Forward", "Index Name": "customer_pkey", "Relation Name": "customer", "Alias": "customer", "Startup Cost": 0.0, "Total Cost": 0.28, "Plan Rows": 1, "Plan Width": 27, "Actual Startup Time": 1.048, "Actual Total Time": 1.048, "Actual Rows": 84, "Actual Loops": 84, "Index Cond": "(c_custkey = orders.o_custkey)", "Rows Removed by Index Recheck": 0}]}, {"Node Type": "Index Scan", "Parent Relationship": "Inner", "Scan Direction": "Forward", "Index Name": "idx_lineitem_orderkey", "Relation Name": "lineitem", "Alias": "lineitem", "Startup Cost": 0.0, "Total Cost": 0.87, "Plan Rows": 9, "Plan Width": 16, "Actual Startup Time": 1.401, "Actual Total Time": 1.898, "Actual Rows": 588, "Actual Loops": 84, "Index Cond": "(l_orderkey = orders.o_orderkey)", "Rows Removed by Index Recheck": 0}]}]}]}]}, "Triggers": [], "Planner Runtime": 2.116, "Total Runtime": 53376.681, "Unique SQL Id": 1915754155}}, "(16, '93')": {"explain_plan": {"Plan": {"Node Type": "Limit", "Startup Cost": 3874068.21, "Total Cost": 3874068.46, "Plan Rows": 100, "Plan Width": 67, "Plans": [{"Node Type": "Sort", "Parent Relationship": "Outer", "Startup Cost": 3874068.21, "Total Cost": 3874384.02, "Plan Rows": 100, "Plan Width": 67, "Sort Key": ["orders.o_totalprice DESC", "orders.o_orderdate"], "Plans": [{"Node Type": "Aggregate", "Strategy": "Hashed", "Parent Relationship": "Outer", "Startup Cost": 3867977.11, "Total Cost": 3869240.32, "Plan Rows": 126321, "Plan Width": 67, "Group By Key": ["orders.o_totalprice", "orders.o_orderdate", "customer.c_name", "customer.c_custkey", "orders.o_orderkey"], "Plans": [{"Node Type": "Nested Loop", "Parent Relationship": "Outer", "Join Type": "Inner", "Startup Cost": 3540088.91, "Total Cost": 3866082.29, "Plan Rows": 126321, "Plan Width": 59, "Inner Unique": false, "Plans": [{"Node Type": "Nested Loop", "Parent Relationship": "Outer", "Join Type": "Inner", "Startup Cost": 3540088.91, "Total Cost": 3852738.51, "Plan Rows": 13913, "Plan Width": 59, "Inner Unique": true, "Plans": [{"Node Type": "Nested Loop", "Parent Relationship": "Outer", "Join Type": "Inner", "Startup Cost": 3540088.91, "Total Cost": 3843115.38, "Plan Rows": 33034, "Plan Width": 40, "Inner Unique": true, "Plans": [{"Node Type": "Aggregate", "Strategy": "Hashed", "Parent Relationship": "Outer", "Startup Cost": 3540088.91, "Total Cost": 3606239.52, "Plan Rows": 33034, "Plan Width": 24, "Group By Key": ["public.lineitem.l_orderkey"], "Filter": "(sum(public.lineitem.l_quantity) > 314::double precision), (LLVM Optimized)", "Plans": [{"Node Type": "Index Scan", "Parent Relationship": "Outer", "Scan Direction": "Forward", "Index Name": "idx_lineitem_orderkey", "Relation Name": "lineitem", "Alias": "lineitem", "Startup Cost": 0.0, "Total Cost": 3240153.75, "Plan Rows": 59987033, "Plan Width": 16}]}, {"Node Type": "Index Scan", "Parent Relationship": "Inner", "Scan Direction": "Forward", "Index Name": "orders_pkey", "Relation Name": "orders", "Alias": "orders", "Startup Cost": 0.0, "Total Cost": 7.15, "Plan Rows": 1, "Plan Width": 32, "Index Cond": "(o_orderkey = public.lineitem.l_orderkey)"}]}, {"Node Type": "Index Scan", "Parent Relationship": "Inner", "Scan Direction": "Forward", "Index Name": "customer_pkey", "Relation Name": "customer", "Alias": "customer", "Startup Cost": 0.0, "Total Cost": 0.28, "Plan Rows": 1, "Plan Width": 27, "Index Cond": "(c_custkey = orders.o_custkey)"}]}, {"Node Type": "Index Scan", "Parent Relationship": "Inner", "Scan Direction": "Forward", "Index Name": "idx_lineitem_orderkey", "Relation Name": "lineitem", "Alias": "lineitem", "Startup Cost": 0.0, "Total Cost": 0.87, "Plan Rows": 9, "Plan Width": 16, "Index Cond": "(l_orderkey = orders.o_orderkey)"}]}]}]}]}, "Unique SQL Id": 1915754155, "Planner Runtime": 1}, "explain_analyze_plan": {"Plan": {"Node Type": "Limit", "Startup Cost": 3874068.21, "Total Cost": 3874068.46, "Plan Rows": 100, "Plan Width": 67, "Actual Startup Time": 80046.048, "Actual Total Time": 80046.063, "Actual Rows": 84, "Actual Loops": 1, "Plans": [{"Node Type": "Sort", "Parent Relationship": "Outer", "Startup Cost": 3874068.21, "Total Cost": 3874384.02, "Plan Rows": 100, "Plan Width": 67, "Actual Startup Time": 80046.046, "Actual Total Time": 80046.051, "Actual Rows": 84, "Actual Loops": 1, "Sort Key": ["orders.o_totalprice DESC", "orders.o_orderdate"], "Sort Method": "quicksort", "Sort Space Used": 38, "Sort Space Type": "Memory", "Plans": [{"Node Type": "Aggregate", "Strategy": "Hashed", "Parent Relationship": "Outer", "Startup Cost": 3867977.11, "Total Cost": 3869240.32, "Plan Rows": 126321, "Plan Width": 67, "Actual Startup Time": 80045.618, "Actual Total Time": 80045.952, "Actual Rows": 84, "Actual Loops": 1, "Group By Key": ["orders.o_totalprice", "orders.o_orderdate", "customer.c_name", "customer.c_custkey", "orders.o_orderkey"], "Plans": [{"Node Type": "Nested Loop", "Parent Relationship": "Outer", "Join Type": "Inner", "Startup Cost": 3540088.91, "Total Cost": 3866082.29, "Plan Rows": 126321, "Plan Width": 59, "Actual Startup Time": 71660.31, "Actual Total Time": 80043.737, "Actual Rows": 588, "Actual Loops": 1, "Inner Unique": false, "Plans": [{"Node Type": "Nested Loop", "Parent Relationship": "Outer", "Join Type": "Inner", "Startup Cost": 3540088.91, "Total Cost": 3852738.51, "Plan Rows": 13913, "Plan Width": 59, "Actual Startup Time": 71660.278, "Actual Total Time": 80041.063, "Actual Rows": 84, "Actual Loops": 1, "Inner Unique": true, "Plans": [{"Node Type": "Nested Loop", "Parent Relationship": "Outer", "Join Type": "Inner", "Startup Cost": 3540088.91, "Total Cost": 3843115.38, "Plan Rows": 33034, "Plan Width": 40, "Actual Startup Time": 71660.251, "Actual Total Time": 80039.183, "Actual Rows": 84, "Actual Loops": 1, "Inner Unique": true, "Plans": [{"Node Type": "Aggregate", "Strategy": "Hashed", "Parent Relationship": "Outer", "Startup Cost": 3540088.91, "Total Cost": 3606239.52, "Plan Rows": 33034, "Plan Width": 24, "Actual Startup Time": 71660.193, "Actual Total Time": 80016.864, "Actual Rows": 84, "Actual Loops": 1, "Group By Key": ["public.lineitem.l_orderkey"], "Filter": "(sum(public.lineitem.l_quantity) > 314::double precision), (LLVM Optimized, Jit Execute)", "Rows Removed by Filter": 14999916, "Plans": [{"Node Type": "Index Scan", "Parent Relationship": "Outer", "Scan Direction": "Forward", "Index Name": "idx_lineitem_orderkey", "Relation Name": "lineitem", "Alias": "lineitem", "Startup Cost": 0.0, "Total Cost": 3240153.75, "Plan Rows": 59987033, "Plan Width": 16, "Actual Startup Time": 0.058, "Actual Total Time": 41400.691, "Actual Rows": 59986052, "Actual Loops": 1}]}, {"Node Type": "Index Scan", "Parent Relationship": "Inner", "Scan Direction": "Forward", "Index Name": "orders_pkey", "Relation Name": "orders", "Alias": "orders", "Startup Cost": 0.0, "Total Cost": 7.15, "Plan Rows": 1, "Plan Width": 32, "Actual Startup Time": 2.944, "Actual Total Time": 2.944, "Actual Rows": 84, "Actual Loops": 84, "Index Cond": "(o_orderkey = public.lineitem.l_orderkey)", "Rows Removed by Index Recheck": 0}]}, {"Node Type": "Index Scan", "Parent Relationship": "Inner", "Scan Direction": "Forward", "Index Name": "customer_pkey", "Relation Name": "customer", "Alias": "customer", "Startup Cost": 0.0, "Total Cost": 0.28, "Plan Rows": 1, "Plan Width": 27, "Actual Startup Time": 1.358, "Actual Total Time": 1.358, "Actual Rows": 84, "Actual Loops": 84, "Index Cond": "(c_custkey = orders.o_custkey)", "Rows Removed by Index Recheck": 0}]}, {"Node Type": "Index Scan", "Parent Relationship": "Inner", "Scan Direction": "Forward", "Index Name": "idx_lineitem_orderkey", "Relation Name": "lineitem", "Alias": "lineitem", "Startup Cost": 0.0, "Total Cost": 0.87, "Plan Rows": 9, "Plan Width": 16, "Actual Startup Time": 1.639, "Actual Total Time": 2.066, "Actual Rows": 588, "Actual Loops": 84, "Index Cond": "(l_orderkey = orders.o_orderkey)", "Rows Removed by Index Recheck": 0}]}]}]}]}, "Triggers": [], "Planner Runtime": 2.569, "Total Runtime": 80056.92, "Unique SQL Id": 1915754155}}, "(16, '94')": {"explain_plan": {"Plan": {"Node Type": "Limit", "Startup Cost": 14964595.16, "Total Cost": 14964595.41, "Plan Rows": 100, "Plan Width": 67, "Plans": [{"Node Type": "Sort", "Parent Relationship": "Outer", "Startup Cost": 14964595.16, "Total Cost": 14964910.97, "Plan Rows": 100, "Plan Width": 67, "Sort Key": ["orders.o_totalprice DESC", "orders.o_orderdate"], "Plans": [{"Node Type": "Aggregate", "Strategy": "Hashed", "Parent Relationship": "Outer", "Startup Cost": 14958504.05, "Total Cost": 14959767.26, "Plan Rows": 126321, "Plan Width": 67, "Group By Key": ["orders.o_totalprice", "orders.o_orderdate", "customer.c_name", "customer.c_custkey", "orders.o_orderkey"], "Plans": [{"Node Type": "Merge Join", "Parent Relationship": "Outer", "Join Type": "Inner", "Startup Cost": 14656052.99, "Total Cost": 14956609.24, "Plan Rows": 126321, "Plan Width": 59, "Inner Unique": false, "Merge Cond": "(orders.o_orderkey = public.lineitem.l_orderkey)", "Plans": [{"Node Type": "Sort", "Parent Relationship": "Outer", "Startup Cost": 4891168.67, "Total Cost": 4891203.45, "Plan Rows": 13913, "Plan Width": 59, "Sort Key": ["orders.o_orderkey"], "Plans": [{"Node Type": "Merge Join", "Parent Relationship": "Outer", "Join Type": "Inner", "Startup Cost": 4882215.87, "Total Cost": 4890211.17, "Plan Rows": 13913, "Plan Width": 59, "Inner Unique": true, "Merge Cond": "(orders.o_custkey = customer.c_custkey)", "Plans": [{"Node Type": "Sort", "Parent Relationship": "Outer", "Startup Cost": 4676215.68, "Total Cost": 4676298.26, "Plan Rows": 33034, "Plan Width": 40, "Sort Key": ["orders.o_custkey"], "Plans": [{"Node Type": "Merge Join", "Parent Relationship": "Outer", "Join Type": "Semi", "Startup Cost": 4598243.3, "Total Cost": 4673736.2, "Plan Rows": 33034, "Plan Width": 40, "Inner Unique": false, "Merge Cond": "(orders.o_orderkey = public.lineitem.l_orderkey)", "Plans": [{"Node Type": "Sort", "Parent Relationship": "Outer", "Startup Cost": 2214232.37, "Total Cost": 2251731.07, "Plan Rows": 14999479, "Plan Width": 32, "Sort Key": ["orders.o_orderkey"], "Plans": [{"Node Type": "Seq Scan", "Parent Relationship": "Outer", "Relation Name": "orders", "Alias": "orders", "Startup Cost": 0.0, "Total Cost": 426413.79, "Plan Rows": 14999479, "Plan Width": 32}]}, {"Node Type": "Sort", "Parent Relationship": "Inner", "Startup Cost": 2384010.93, "Total Cost": 2384093.51, "Plan Rows": 33034, "Plan Width": 8, "Sort Key": ["public.lineitem.l_orderkey"], "Plans": [{"Node Type": "Aggregate", "Strategy": "Hashed", "Parent Relationship": "Outer", "Startup Cost": 2315050.5, "Total Cost": 2381201.11, "Plan Rows": 33034, "Plan Width": 24, "Group By Key": ["public.lineitem.l_orderkey"], "Filter": "(sum(public.lineitem.l_quantity) > 314::double precision), (LLVM Optimized)", "Plans": [{"Node Type": "Seq Scan", "Parent Relationship": "Outer", "Relation Name": "lineitem", "Alias": "lineitem", "Startup Cost": 0.0, "Total Cost": 2015115.33, "Plan Rows": 59987033, "Plan Width": 16}]}]}]}]}, {"Node Type": "Sort", "Parent Relationship": "Inner", "Startup Cost": 205999.98, "Total Cost": 209749.98, "Plan Rows": 1500000, "Plan Width": 27, "Sort Key": ["customer.c_custkey"], "Plans": [{"Node Type": "Seq Scan", "Parent Relationship": "Outer", "Relation Name": "customer", "Alias": "customer", "Startup Cost": 0.0, "Total Cost": 52126.0, "Plan Rows": 1500000, "Plan Width": 27}]}]}]}, {"Node Type": "Sort", "Parent Relationship": "Inner", "Startup Cost": 9764884.32, "Total Cost": 9914851.9, "Plan Rows": 59987033, "Plan Width": 16, "Sort Key": ["public.lineitem.l_orderkey"], "Plans": [{"Node Type": "Seq Scan", "Parent Relationship": "Outer", "Relation Name": "lineitem", "Alias": "lineitem", "Startup Cost": 0.0, "Total Cost": 2015115.33, "Plan Rows": 59987033, "Plan Width": 16}]}]}]}]}]}, "Unique SQL Id": 1915754155, "Planner Runtime": 1}, "explain_analyze_plan": null}, "(16, '95')": {"explain_plan": {"Plan": {"Node Type": "Limit", "Startup Cost": 4000713615997.67, "Total Cost": 4000713615997.92, "Plan Rows": 100, "Plan Width": 67, "Plans": [{"Node Type": "Sort", "Parent Relationship": "Outer", "Startup Cost": 4000713615997.67, "Total Cost": 4000713616313.47, "Plan Rows": 100, "Plan Width": 67, "Sort Key": ["orders.o_totalprice DESC", "orders.o_orderdate"], "Plans": [{"Node Type": "Aggregate", "Strategy": "Hashed", "Parent Relationship": "Outer", "Startup Cost": 4000713609906.56, "Total Cost": 4000713611169.77, "Plan Rows": 126321, "Plan Width": 67, "Group By Key": ["orders.o_totalprice", "orders.o_orderdate", "customer.c_name", "customer.c_custkey", "orders.o_orderkey"], "Plans": [{"Node Type": "Merge Join", "Parent Relationship": "Outer", "Join Type": "Inner", "Startup Cost": 3010405604325.92, "Total Cost": 4000713608011.74, "Plan Rows": 126321, "Plan Width": 59, "Inner Unique": false, "Merge Cond": "(orders.o_orderkey = public.lineitem.l_orderkey)", "Plans": [{"Node Type": "Sort", "Parent Relationship": "Outer", "Startup Cost": 3000405604325.91, "Total Cost": 3000405604360.69, "Plan Rows": 13913, "Plan Width": 59, "Sort Key": ["orders.o_orderkey"], "Plans": [{"Node Type": "Merge Join", "Parent Relationship": "Outer", "Join Type": "Inner", "Startup Cost": 2010424582808.14, "Total Cost": 3000405603368.41, "Plan Rows": 13913, "Plan Width": 59, "Inner Unique": true, "Merge Cond": "(orders.o_custkey = customer.c_custkey)", "Plans": [{"Node Type": "Sort", "Parent Relationship": "Outer", "Startup Cost": 2000397522587.28, "Total Cost": 2000397522669.87, "Plan Rows": 33034, "Plan Width": 40, "Sort Key": ["orders.o_custkey"], "Plans": [{"Node Type": "Merge Join", "Parent Relationship": "Outer", "Join Type": "Semi", "Startup Cost": 1010324384270.1, "Total Cost": 2000397520107.8, "Plan Rows": 33034, "Plan Width": 40, "Inner Unique": false, "Merge Cond": "(orders.o_orderkey = public.lineitem.l_orderkey)", "Plans": [{"Node Type": "Index Scan", "Parent Relationship": "Outer", "Scan Direction": "Forward", "Index Name": "orders_pkey", "Relation Name": "orders", "Alias": "orders", "Startup Cost": 10000000000.0, "Total Cost": 1000073097843.5, "Plan Rows": 14999479, "Plan Width": 32}, {"Node Type": "Sort", "Parent Relationship": "Inner", "Startup Cost": 1000324384270.1, "Total Cost": 1000324384352.68, "Plan Rows": 33034, "Plan Width": 8, "Sort Key": ["public.lineitem.l_orderkey"], "Plans": [{"Node Type": "Aggregate", "Strategy": "Hashed", "Parent Relationship": "Outer", "Startup Cost": 1000324315309.67, "Total Cost": 1000324381460.28, "Plan Rows": 33034, "Plan Width": 24, "Group By Key": ["public.lineitem.l_orderkey"], "Filter": "(sum(public.lineitem.l_quantity) > 314::double precision), (LLVM Optimized)", "Plans": [{"Node Type": "Index Scan", "Parent Relationship": "Outer", "Scan Direction": "Forward", "Index Name": "idx_lineitem_orderkey", "Relation Name": "lineitem", "Alias": "lineitem", "Startup Cost": 10000000000.0, "Total Cost": 1000324015374.5, "Plan Rows": 59987033, "Plan Width": 16}]}]}]}]}, {"Node Type": "Index Scan", "Parent Relationship": "Inner", "Scan Direction": "Forward", "Index Name": "customer_pkey", "Relation Name": "customer", "Alias": "customer", "Startup Cost": 10000000000.0, "Total Cost": 1000008076535.62, "Plan Rows": 1500000, "Plan Width": 27}]}]}, {"Node Type": "Index Scan", "Parent Relationship": "Inner", "Scan Direction": "Forward", "Index Name": "idx_lineitem_orderkey", "Relation Name": "lineitem", "Alias": "lineitem", "Startup Cost": 10000000000.0, "Total Cost": 1000324015374.5, "Plan Rows": 59987033, "Plan Width": 16}]}]}]}]}, "Unique SQL Id": 1915754155, "Planner Runtime": 2}, "explain_analyze_plan": null}, "(16, '96')": {"explain_plan": {"Plan": {"Node Type": "Limit", "Startup Cost": 2649029.8, "Total Cost": 2649030.05, "Plan Rows": 100, "Plan Width": 67, "Plans": [{"Node Type": "Sort", "Parent Relationship": "Outer", "Startup Cost": 2649029.8, "Total Cost": 2649345.6, "Plan Rows": 100, "Plan Width": 67, "Sort Key": ["orders.o_totalprice DESC", "orders.o_orderdate"], "Plans": [{"Node Type": "Aggregate", "Strategy": "Hashed", "Parent Relationship": "Outer", "Startup Cost": 2642938.69, "Total Cost": 2644201.9, "Plan Rows": 126321, "Plan Width": 67, "Group By Key": ["orders.o_totalprice", "orders.o_orderdate", "customer.c_name", "customer.c_custkey", "orders.o_orderkey"], "Plans": [{"Node Type": "Nested Loop", "Parent Relationship": "Outer", "Join Type": "Inner", "Startup Cost": 2315050.5, "Total Cost": 2641043.88, "Plan Rows": 126321, "Plan Width": 59, "Inner Unique": false, "Plans": [{"Node Type": "Nested Loop", "Parent Relationship": "Outer", "Join Type": "Inner", "Startup Cost": 2315050.5, "Total Cost": 2627700.1, "Plan Rows": 13913, "Plan Width": 59, "Inner Unique": true, "Plans": [{"Node Type": "Nested Loop", "Parent Relationship": "Outer", "Join Type": "Inner", "Startup Cost": 2315050.5, "Total Cost": 2618076.97, "Plan Rows": 33034, "Plan Width": 40, "Inner Unique": true, "Plans": [{"Node Type": "Aggregate", "Strategy": "Hashed", "Parent Relationship": "Outer", "Startup Cost": 2315050.5, "Total Cost": 2381201.11, "Plan Rows": 33034, "Plan Width": 24, "Group By Key": ["public.lineitem.l_orderkey"], "Filter": "(sum(public.lineitem.l_quantity) > 314::double precision), (LLVM Optimized)", "Plans": [{"Node Type": "Seq Scan", "Parent Relationship": "Outer", "Relation Name": "lineitem", "Alias": "lineitem", "Startup Cost": 0.0, "Total Cost": 2015115.33, "Plan Rows": 59987033, "Plan Width": 16}]}, {"Node Type": "Index Scan", "Parent Relationship": "Inner", "Scan Direction": "Forward", "Index Name": "orders_pkey", "Relation Name": "orders", "Alias": "orders", "Startup Cost": 0.0, "Total Cost": 7.15, "Plan Rows": 1, "Plan Width": 32, "Index Cond": "(o_orderkey = public.lineitem.l_orderkey)"}]}, {"Node Type": "Index Scan", "Parent Relationship": "Inner", "Scan Direction": "Forward", "Index Name": "customer_pkey", "Relation Name": "customer", "Alias": "customer", "Startup Cost": 0.0, "Total Cost": 0.28, "Plan Rows": 1, "Plan Width": 27, "Index Cond": "(c_custkey = orders.o_custkey)"}]}, {"Node Type": "Index Scan", "Parent Relationship": "Inner", "Scan Direction": "Forward", "Index Name": "idx_lineitem_orderkey", "Relation Name": "lineitem", "Alias": "lineitem", "Startup Cost": 0.0, "Total Cost": 0.87, "Plan Rows": 9, "Plan Width": 16, "Index Cond": "(l_orderkey = orders.o_orderkey)"}]}]}]}]}, "Unique SQL Id": 1915754155, "Planner Runtime": 1}, "explain_analyze_plan": {"Plan": {"Node Type": "Limit", "Startup Cost": 2649029.8, "Total Cost": 2649030.05, "Plan Rows": 100, "Plan Width": 67, "Actual Startup Time": 53367.336, "Actual Total Time": 53367.355, "Actual Rows": 84, "Actual Loops": 1, "Plans": [{"Node Type": "Sort", "Parent Relationship": "Outer", "Startup Cost": 2649029.8, "Total Cost": 2649345.6, "Plan Rows": 100, "Plan Width": 67, "Actual Startup Time": 53367.333, "Actual Total Time": 53367.342, "Actual Rows": 84, "Actual Loops": 1, "Sort Key": ["orders.o_totalprice DESC", "orders.o_orderdate"], "Sort Method": "quicksort", "Sort Space Used": 38, "Sort Space Type": "Memory", "Plans": [{"Node Type": "Aggregate", "Strategy": "Hashed", "Parent Relationship": "Outer", "Startup Cost": 2642938.69, "Total Cost": 2644201.9, "Plan Rows": 126321, "Plan Width": 67, "Actual Startup Time": 53366.678, "Actual Total Time": 53367.237, "Actual Rows": 84, "Actual Loops": 1, "Group By Key": ["orders.o_totalprice", "orders.o_orderdate", "customer.c_name", "customer.c_custkey", "orders.o_orderkey"], "Plans": [{"Node Type": "Nested Loop", "Parent Relationship": "Outer", "Join Type": "Inner", "Startup Cost": 2315050.5, "Total Cost": 2641043.88, "Plan Rows": 126321, "Plan Width": 59, "Actual Startup Time": 47583.176, "Actual Total Time": 53364.795, "Actual Rows": 588, "Actual Loops": 1, "Inner Unique": false, "Plans": [{"Node Type": "Nested Loop", "Parent Relationship": "Outer", "Join Type": "Inner", "Startup Cost": 2315050.5, "Total Cost": 2627700.1, "Plan Rows": 13913, "Plan Width": 59, "Actual Startup Time": 47583.15, "Actual Total Time": 53362.449, "Actual Rows": 84, "Actual Loops": 1, "Inner Unique": true, "Plans": [{"Node Type": "Nested Loop", "Parent Relationship": "Outer", "Join Type": "Inner", "Startup Cost": 2315050.5, "Total Cost": 2618076.97, "Plan Rows": 33034, "Plan Width": 40, "Actual Startup Time": 47583.13, "Actual Total Time": 53361.021, "Actual Rows": 84, "Actual Loops": 1, "Inner Unique": true, "Plans": [{"Node Type": "Aggregate", "Strategy": "Hashed", "Parent Relationship": "Outer", "Startup Cost": 2315050.5, "Total Cost": 2381201.11, "Plan Rows": 33034, "Plan Width": 24, "Actual Startup Time": 47583.052, "Actual Total Time": 53340.03, "Actual Rows": 84, "Actual Loops": 1, "Group By Key": ["public.lineitem.l_orderkey"], "Filter": "(sum(public.lineitem.l_quantity) > 314::double precision), (LLVM Optimized, Jit Execute)", "Rows Removed by Filter": 14999916, "Plans": [{"Node Type": "Seq Scan", "Parent Relationship": "Outer", "Relation Name": "lineitem", "Alias": "lineitem", "Startup Cost": 0.0, "Total Cost": 2015115.33, "Plan Rows": 59987033, "Plan Width": 16, "Actual Startup Time": 0.044, "Actual Total Time": 20352.533, "Actual Rows": 59986052, "Actual Loops": 1}]}, {"Node Type": "Index Scan", "Parent Relationship": "Inner", "Scan Direction": "Forward", "Index Name": "orders_pkey", "Relation Name": "orders", "Alias": "orders", "Startup Cost": 0.0, "Total Cost": 7.15, "Plan Rows": 1, "Plan Width": 32, "Actual Startup Time": 2.902, "Actual Total Time": 2.902, "Actual Rows": 84, "Actual Loops": 84, "Index Cond": "(o_orderkey = public.lineitem.l_orderkey)", "Rows Removed by Index Recheck": 0}]}, {"Node Type": "Index Scan", "Parent Relationship": "Inner", "Scan Direction": "Forward", "Index Name": "customer_pkey", "Relation Name": "customer", "Alias": "customer", "Startup Cost": 0.0, "Total Cost": 0.28, "Plan Rows": 1, "Plan Width": 27, "Actual Startup Time": 1.048, "Actual Total Time": 1.048, "Actual Rows": 84, "Actual Loops": 84, "Index Cond": "(c_custkey = orders.o_custkey)", "Rows Removed by Index Recheck": 0}]}, {"Node Type": "Index Scan", "Parent Relationship": "Inner", "Scan Direction": "Forward", "Index Name": "idx_lineitem_orderkey", "Relation Name": "lineitem", "Alias": "lineitem", "Startup Cost": 0.0, "Total Cost": 0.87, "Plan Rows": 9, "Plan Width": 16, "Actual Startup Time": 1.401, "Actual Total Time": 1.898, "Actual Rows": 588, "Actual Loops": 84, "Index Cond": "(l_orderkey = orders.o_orderkey)", "Rows Removed by Index Recheck": 0}]}]}]}]}, "Triggers": [], "Planner Runtime": 2.116, "Total Runtime": 53376.681, "Unique SQL Id": 1915754155}}, "(16, '97')": {"explain_plan": {"Plan": {"Node Type": "Limit", "Startup Cost": 3874068.21, "Total Cost": 3874068.46, "Plan Rows": 100, "Plan Width": 67, "Plans": [{"Node Type": "Sort", "Parent Relationship": "Outer", "Startup Cost": 3874068.21, "Total Cost": 3874384.02, "Plan Rows": 100, "Plan Width": 67, "Sort Key": ["orders.o_totalprice DESC", "orders.o_orderdate"], "Plans": [{"Node Type": "Aggregate", "Strategy": "Hashed", "Parent Relationship": "Outer", "Startup Cost": 3867977.11, "Total Cost": 3869240.32, "Plan Rows": 126321, "Plan Width": 67, "Group By Key": ["orders.o_totalprice", "orders.o_orderdate", "customer.c_name", "customer.c_custkey", "orders.o_orderkey"], "Plans": [{"Node Type": "Nested Loop", "Parent Relationship": "Outer", "Join Type": "Inner", "Startup Cost": 3540088.91, "Total Cost": 3866082.29, "Plan Rows": 126321, "Plan Width": 59, "Inner Unique": false, "Plans": [{"Node Type": "Nested Loop", "Parent Relationship": "Outer", "Join Type": "Inner", "Startup Cost": 3540088.91, "Total Cost": 3852738.51, "Plan Rows": 13913, "Plan Width": 59, "Inner Unique": true, "Plans": [{"Node Type": "Nested Loop", "Parent Relationship": "Outer", "Join Type": "Inner", "Startup Cost": 3540088.91, "Total Cost": 3843115.38, "Plan Rows": 33034, "Plan Width": 40, "Inner Unique": true, "Plans": [{"Node Type": "Aggregate", "Strategy": "Hashed", "Parent Relationship": "Outer", "Startup Cost": 3540088.91, "Total Cost": 3606239.52, "Plan Rows": 33034, "Plan Width": 24, "Group By Key": ["public.lineitem.l_orderkey"], "Filter": "(sum(public.lineitem.l_quantity) > 314::double precision), (LLVM Optimized)", "Plans": [{"Node Type": "Index Scan", "Parent Relationship": "Outer", "Scan Direction": "Forward", "Index Name": "idx_lineitem_orderkey", "Relation Name": "lineitem", "Alias": "lineitem", "Startup Cost": 0.0, "Total Cost": 3240153.75, "Plan Rows": 59987033, "Plan Width": 16}]}, {"Node Type": "Index Scan", "Parent Relationship": "Inner", "Scan Direction": "Forward", "Index Name": "orders_pkey", "Relation Name": "orders", "Alias": "orders", "Startup Cost": 0.0, "Total Cost": 7.15, "Plan Rows": 1, "Plan Width": 32, "Index Cond": "(o_orderkey = public.lineitem.l_orderkey)"}]}, {"Node Type": "Index Scan", "Parent Relationship": "Inner", "Scan Direction": "Forward", "Index Name": "customer_pkey", "Relation Name": "customer", "Alias": "customer", "Startup Cost": 0.0, "Total Cost": 0.28, "Plan Rows": 1, "Plan Width": 27, "Index Cond": "(c_custkey = orders.o_custkey)"}]}, {"Node Type": "Index Scan", "Parent Relationship": "Inner", "Scan Direction": "Forward", "Index Name": "idx_lineitem_orderkey", "Relation Name": "lineitem", "Alias": "lineitem", "Startup Cost": 0.0, "Total Cost": 0.87, "Plan Rows": 9, "Plan Width": 16, "Index Cond": "(l_orderkey = orders.o_orderkey)"}]}]}]}]}, "Unique SQL Id": 1915754155, "Planner Runtime": 1}, "explain_analyze_plan": {"Plan": {"Node Type": "Limit", "Startup Cost": 3874068.21, "Total Cost": 3874068.46, "Plan Rows": 100, "Plan Width": 67, "Actual Startup Time": 80046.048, "Actual Total Time": 80046.063, "Actual Rows": 84, "Actual Loops": 1, "Plans": [{"Node Type": "Sort", "Parent Relationship": "Outer", "Startup Cost": 3874068.21, "Total Cost": 3874384.02, "Plan Rows": 100, "Plan Width": 67, "Actual Startup Time": 80046.046, "Actual Total Time": 80046.051, "Actual Rows": 84, "Actual Loops": 1, "Sort Key": ["orders.o_totalprice DESC", "orders.o_orderdate"], "Sort Method": "quicksort", "Sort Space Used": 38, "Sort Space Type": "Memory", "Plans": [{"Node Type": "Aggregate", "Strategy": "Hashed", "Parent Relationship": "Outer", "Startup Cost": 3867977.11, "Total Cost": 3869240.32, "Plan Rows": 126321, "Plan Width": 67, "Actual Startup Time": 80045.618, "Actual Total Time": 80045.952, "Actual Rows": 84, "Actual Loops": 1, "Group By Key": ["orders.o_totalprice", "orders.o_orderdate", "customer.c_name", "customer.c_custkey", "orders.o_orderkey"], "Plans": [{"Node Type": "Nested Loop", "Parent Relationship": "Outer", "Join Type": "Inner", "Startup Cost": 3540088.91, "Total Cost": 3866082.29, "Plan Rows": 126321, "Plan Width": 59, "Actual Startup Time": 71660.31, "Actual Total Time": 80043.737, "Actual Rows": 588, "Actual Loops": 1, "Inner Unique": false, "Plans": [{"Node Type": "Nested Loop", "Parent Relationship": "Outer", "Join Type": "Inner", "Startup Cost": 3540088.91, "Total Cost": 3852738.51, "Plan Rows": 13913, "Plan Width": 59, "Actual Startup Time": 71660.278, "Actual Total Time": 80041.063, "Actual Rows": 84, "Actual Loops": 1, "Inner Unique": true, "Plans": [{"Node Type": "Nested Loop", "Parent Relationship": "Outer", "Join Type": "Inner", "Startup Cost": 3540088.91, "Total Cost": 3843115.38, "Plan Rows": 33034, "Plan Width": 40, "Actual Startup Time": 71660.251, "Actual Total Time": 80039.183, "Actual Rows": 84, "Actual Loops": 1, "Inner Unique": true, "Plans": [{"Node Type": "Aggregate", "Strategy": "Hashed", "Parent Relationship": "Outer", "Startup Cost": 3540088.91, "Total Cost": 3606239.52, "Plan Rows": 33034, "Plan Width": 24, "Actual Startup Time": 71660.193, "Actual Total Time": 80016.864, "Actual Rows": 84, "Actual Loops": 1, "Group By Key": ["public.lineitem.l_orderkey"], "Filter": "(sum(public.lineitem.l_quantity) > 314::double precision), (LLVM Optimized, Jit Execute)", "Rows Removed by Filter": 14999916, "Plans": [{"Node Type": "Index Scan", "Parent Relationship": "Outer", "Scan Direction": "Forward", "Index Name": "idx_lineitem_orderkey", "Relation Name": "lineitem", "Alias": "lineitem", "Startup Cost": 0.0, "Total Cost": 3240153.75, "Plan Rows": 59987033, "Plan Width": 16, "Actual Startup Time": 0.058, "Actual Total Time": 41400.691, "Actual Rows": 59986052, "Actual Loops": 1}]}, {"Node Type": "Index Scan", "Parent Relationship": "Inner", "Scan Direction": "Forward", "Index Name": "orders_pkey", "Relation Name": "orders", "Alias": "orders", "Startup Cost": 0.0, "Total Cost": 7.15, "Plan Rows": 1, "Plan Width": 32, "Actual Startup Time": 2.944, "Actual Total Time": 2.944, "Actual Rows": 84, "Actual Loops": 84, "Index Cond": "(o_orderkey = public.lineitem.l_orderkey)", "Rows Removed by Index Recheck": 0}]}, {"Node Type": "Index Scan", "Parent Relationship": "Inner", "Scan Direction": "Forward", "Index Name": "customer_pkey", "Relation Name": "customer", "Alias": "customer", "Startup Cost": 0.0, "Total Cost": 0.28, "Plan Rows": 1, "Plan Width": 27, "Actual Startup Time": 1.358, "Actual Total Time": 1.358, "Actual Rows": 84, "Actual Loops": 84, "Index Cond": "(c_custkey = orders.o_custkey)", "Rows Removed by Index Recheck": 0}]}, {"Node Type": "Index Scan", "Parent Relationship": "Inner", "Scan Direction": "Forward", "Index Name": "idx_lineitem_orderkey", "Relation Name": "lineitem", "Alias": "lineitem", "Startup Cost": 0.0, "Total Cost": 0.87, "Plan Rows": 9, "Plan Width": 16, "Actual Startup Time": 1.639, "Actual Total Time": 2.066, "Actual Rows": 588, "Actual Loops": 84, "Index Cond": "(l_orderkey = orders.o_orderkey)", "Rows Removed by Index Recheck": 0}]}]}]}]}, "Triggers": [], "Planner Runtime": 2.569, "Total Runtime": 80056.92, "Unique SQL Id": 1915754155}}, "(16, '98')": {"explain_plan": {"Plan": {"Node Type": "Limit", "Startup Cost": 2768625.52, "Total Cost": 2768625.77, "Plan Rows": 100, "Plan Width": 67, "Plans": [{"Node Type": "Sort", "Parent Relationship": "Outer", "Startup Cost": 2768625.52, "Total Cost": 2768941.33, "Plan Rows": 100, "Plan Width": 67, "Sort Key": ["orders.o_totalprice DESC", "orders.o_orderdate"], "Plans": [{"Node Type": "Aggregate", "Strategy": "Hashed", "Parent Relationship": "Outer", "Startup Cost": 2762534.42, "Total Cost": 2763797.63, "Plan Rows": 126321, "Plan Width": 67, "Group By Key": ["orders.o_totalprice", "orders.o_orderdate", "customer.c_name", "customer.c_custkey", "orders.o_orderkey"], "Plans": [{"Node Type": "Nested Loop", "Parent Relationship": "Outer", "Join Type": "Inner", "Startup Cost": 2385930.24, "Total Cost": 2760639.6, "Plan Rows": 126321, "Plan Width": 59, "Inner Unique": false, "Plans": [{"Node Type": "Hash Join", "Parent Relationship": "Outer", "Join Type": "Inner", "Startup Cost": 2385929.86, "Total Cost": 2696863.45, "Plan Rows": 13913, "Plan Width": 59, "Inner Unique": true, "Hash Cond": "(orders.o_custkey = customer.c_custkey)", "Plans": [{"Node Type": "Nested Loop", "Parent Relationship": "Outer", "Join Type": "Inner", "Startup Cost": 2315053.86, "Total Cost": 2625533.23, "Plan Rows": 33034, "Plan Width": 40, "Inner Unique": true, "Plans": [{"Node Type": "Aggregate", "Strategy": "Hashed", "Parent Relationship": "Outer", "Startup Cost": 2315050.5, "Total Cost": 2381201.11, "Plan Rows": 33034, "Plan Width": 24, "Group By Key": ["public.lineitem.l_orderkey"], "Filter": "(sum(public.lineitem.l_quantity) > 314::double precision), (LLVM Optimized)", "Plans": [{"Node Type": "Seq Scan", "Parent Relationship": "Outer", "Relation Name": "lineitem", "Alias": "lineitem", "Startup Cost": 0.0, "Total Cost": 2015115.33, "Plan Rows": 59987033, "Plan Width": 16}]}, {"Node Type": "Bitmap Heap Scan", "Parent Relationship": "Inner", "Relation Name": "orders", "Alias": "orders", "Startup Cost": 3.36, "Total Cost": 7.38, "Plan Rows": 1, "Plan Width": 32, "Recheck Cond": "(o_orderkey = public.lineitem.l_orderkey)", "Plans": [{"Node Type": "Bitmap Index Scan", "Parent Relationship": "Outer", "Index Name": "orders_pkey", "Startup Cost": 0.0, "Total Cost": 3.36, "Plan Rows": 1, "Plan Width": 0, "Index Cond": "(o_orderkey = public.lineitem.l_orderkey)"}]}]}, {"Node Type": "Hash", "Parent Relationship": "Inner", "Startup Cost": 52126.0, "Total Cost": 52126.0, "Plan Rows": 1500000, "Plan Width": 27, "Plans": [{"Node Type": "Seq Scan", "Parent Relationship": "Outer", "Relation Name": "customer", "Alias": "customer", "Startup Cost": 0.0, "Total Cost": 52126.0, "Plan Rows": 1500000, "Plan Width": 27}]}]}, {"Node Type": "Bitmap Heap Scan", "Parent Relationship": "Inner", "Relation Name": "lineitem", "Alias": "lineitem", "Startup Cost": 0.38, "Total Cost": 4.49, "Plan Rows": 9, "Plan Width": 16, "Recheck Cond": "(l_orderkey = orders.o_orderkey)", "Plans": [{"Node Type": "Bitmap Index Scan", "Parent Relationship": "Outer", "Index Name": "idx_lineitem_orderkey", "Startup Cost": 0.0, "Total Cost": 0.38, "Plan Rows": 9, "Plan Width": 0, "Index Cond": "(l_orderkey = orders.o_orderkey)"}]}]}]}]}]}, "Unique SQL Id": 1915754155, "Planner Runtime": 1}, "explain_analyze_plan": {"Plan": {"Node Type": "Limit", "Startup Cost": 2768625.52, "Total Cost": 2768625.77, "Plan Rows": 100, "Plan Width": 67, "Actual Startup Time": 54408.291, "Actual Total Time": 54408.306, "Actual Rows": 84, "Actual Loops": 1, "Plans": [{"Node Type": "Sort", "Parent Relationship": "Outer", "Startup Cost": 2768625.52, "Total Cost": 2768941.33, "Plan Rows": 100, "Plan Width": 67, "Actual Startup Time": 54408.289, "Actual Total Time": 54408.297, "Actual Rows": 84, "Actual Loops": 1, "Sort Key": ["orders.o_totalprice DESC", "orders.o_orderdate"], "Sort Method": "quicksort", "Sort Space Used": 38, "Sort Space Type": "Memory", "Plans": [{"Node Type": "Aggregate", "Strategy": "Hashed", "Parent Relationship": "Outer", "Startup Cost": 2762534.42, "Total Cost": 2763797.63, "Plan Rows": 126321, "Plan Width": 67, "Actual Startup Time": 54407.79, "Actual Total Time": 54408.184, "Actual Rows": 84, "Actual Loops": 1, "Group By Key": ["orders.o_totalprice", "orders.o_orderdate", "customer.c_name", "customer.c_custkey", "orders.o_orderkey"], "Plans": [{"Node Type": "Nested Loop", "Parent Relationship": "Outer", "Join Type": "Inner", "Startup Cost": 2385930.24, "Total Cost": 2760639.6, "Plan Rows": 126321, "Plan Width": 59, "Actual Startup Time": 47887.873, "Actual Total Time": 54405.571, "Actual Rows": 588, "Actual Loops": 1, "Inner Unique": false, "Plans": [{"Node Type": "Hash Join", "Parent Relationship": "Outer", "Join Type": "Inner", "Startup Cost": 2385929.86, "Total Cost": 2696863.45, "Plan Rows": 13913, "Plan Width": 59, "Actual Startup Time": 47887.826, "Actual Total Time": 54385.711, "Actual Rows": 84, "Actual Loops": 1, "Inner Unique": true, "Hash Cond": "(orders.o_custkey = customer.c_custkey)", "Plans": [{"Node Type": "Nested Loop", "Parent Relationship": "Outer", "Join Type": "Inner", "Startup Cost": 2315053.86, "Total Cost": 2625533.23, "Plan Rows": 33034, "Plan Width": 40, "Actual Startup Time": 46674.088, "Actual Total Time": 53167.993, "Actual Rows": 84, "Actual Loops": 1, "Inner Unique": true, "Plans": [{"Node Type": "Aggregate", "Strategy": "Hashed", "Parent Relationship": "Outer", "Startup Cost": 2315050.5, "Total Cost": 2381201.11, "Plan Rows": 33034, "Plan Width": 24, "Actual Startup Time": 46673.991, "Actual Total Time": 53149.284, "Actual Rows": 84, "Actual Loops": 1, "Group By Key": ["public.lineitem.l_orderkey"], "Filter": "(sum(public.lineitem.l_quantity) > 314::double precision), (LLVM Optimized, Jit Execute)", "Rows Removed by Filter": 14999916, "Plans": [{"Node Type": "Seq Scan", "Parent Relationship": "Outer", "Relation Name": "lineitem", "Alias": "lineitem", "Startup Cost": 0.0, "Total Cost": 2015115.33, "Plan Rows": 59987033, "Plan Width": 16, "Actual Startup Time": 0.042, "Actual Total Time": 20120.77, "Actual Rows": 59986052, "Actual Loops": 1}]}, {"Node Type": "Bitmap Heap Scan", "Parent Relationship": "Inner", "Relation Name": "orders", "Alias": "orders", "Startup Cost": 3.36, "Total Cost": 7.38, "Plan Rows": 1, "Plan Width": 32, "Actual Startup Time": 3.694, "Actual Total Time": 3.694, "Actual Rows": 84, "Actual Loops": 84, "Recheck Cond": "(o_orderkey = public.lineitem.l_orderkey)", "Rows Removed by Index Recheck": 0, "Exact Heap Blocks": 84, "Lossy Heap Blocks": 84, "Plans": [{"Node Type": "Bitmap Index Scan", "Parent Relationship": "Outer", "Index Name": "orders_pkey", "Startup Cost": 0.0, "Total Cost": 3.36, "Plan Rows": 1, "Plan Width": 0, "Actual Startup Time": 2.443, "Actual Total Time": 2.443, "Actual Rows": 84, "Actual Loops": 84, "Index Cond": "(o_orderkey = public.lineitem.l_orderkey)"}]}]}, {"Node Type": "Hash", "Parent Relationship": "Inner", "Startup Cost": 52126.0, "Total Cost": 52126.0, "Plan Rows": 1500000, "Plan Width": 27, "Actual Startup Time": 1212.32, "Actual Total Time": 1212.32, "Actual Rows": 1500000, "Actual Loops": 1, "Hash Buckets": 2097152, "Hash Batches": 1, "Original Hash Batches": 1, "Peak Memory Usage": 93750, "Plans": [{"Node Type": "Seq Scan", "Parent Relationship": "Outer", "Relation Name": "customer", "Alias": "customer", "Startup Cost": 0.0, "Total Cost": 52126.0, "Plan Rows": 1500000, "Plan Width": 27, "Actual Startup Time": 0.024, "Actual Total Time": 537.232, "Actual Rows": 1500000, "Actual Loops": 1}]}]}, {"Node Type": "Bitmap Heap Scan", "Parent Relationship": "Inner", "Relation Name": "lineitem", "Alias": "lineitem", "Startup Cost": 0.38, "Total Cost": 4.49, "Plan Rows": 9, "Plan Width": 16, "Actual Startup Time": 2.302, "Actual Total Time": 2.448, "Actual Rows": 588, "Actual Loops": 84, "Recheck Cond": "(l_orderkey = orders.o_orderkey)", "Rows Removed by Index Recheck": 0, "Exact Heap Blocks": 96, "Lossy Heap Blocks": 96, "Plans": [{"Node Type": "Bitmap Index Scan", "Parent Relationship": "Outer", "Index Name": "idx_lineitem_orderkey", "Startup Cost": 0.0, "Total Cost": 0.38, "Plan Rows": 9, "Plan Width": 0, "Actual Startup Time": 1.463, "Actual Total Time": 1.463, "Actual Rows": 588, "Actual Loops": 84, "Index Cond": "(l_orderkey = orders.o_orderkey)"}]}]}]}]}]}, "Triggers": [], "Planner Runtime": 2.048, "Total Runtime": 54418.458, "Unique SQL Id": 1915754155}}, "(16, '99')": {"explain_plan": {"Plan": {"Node Type": "Limit", "Startup Cost": 1000324838994.8, "Total Cost": 1000324838995.05, "Plan Rows": 100, "Plan Width": 67, "Plans": [{"Node Type": "Sort", "Parent Relationship": "Outer", "Startup Cost": 1000324838994.8, "Total Cost": 1000324839310.61, "Plan Rows": 100, "Plan Width": 67, "Sort Key": ["orders.o_totalprice DESC", "orders.o_orderdate"], "Plans": [{"Node Type": "Aggregate", "Strategy": "Hashed", "Parent Relationship": "Outer", "Startup Cost": 1000324832903.7, "Total Cost": 1000324834166.91, "Plan Rows": 126321, "Plan Width": 67, "Group By Key": ["orders.o_totalprice", "orders.o_orderdate", "customer.c_name", "customer.c_custkey", "orders.o_orderkey"], "Plans": [{"Node Type": "Nested Loop", "Parent Relationship": "Outer", "Join Type": "Inner", "Startup Cost": 1000324315313.67, "Total Cost": 1000324831008.88, "Plan Rows": 126321, "Plan Width": 59, "Inner Unique": false, "Plans": [{"Node Type": "Nested Loop", "Parent Relationship": "Outer", "Join Type": "Inner", "Startup Cost": 1000324315313.29, "Total Cost": 1000324767232.73, "Plan Rows": 13913, "Plan Width": 59, "Inner Unique": true, "Plans": [{"Node Type": "Nested Loop", "Parent Relationship": "Outer", "Join Type": "Inner", "Startup Cost": 1000324315313.03, "Total Cost": 1000324625792.4, "Plan Rows": 33034, "Plan Width": 40, "Inner Unique": true, "Plans": [{"Node Type": "Aggregate", "Strategy": "Hashed", "Parent Relationship": "Outer", "Startup Cost": 1000324315309.67, "Total Cost": 1000324381460.28, "Plan Rows": 33034, "Plan Width": 24, "Group By Key": ["public.lineitem.l_orderkey"], "Filter": "(sum(public.lineitem.l_quantity) > 314::double precision), (LLVM Optimized)", "Plans": [{"Node Type": "Index Scan", "Parent Relationship": "Outer", "Scan Direction": "Forward", "Index Name": "idx_lineitem_orderkey", "Relation Name": "lineitem", "Alias": "lineitem", "Startup Cost": 10000000000.0, "Total Cost": 1000324015374.5, "Plan Rows": 59987033, "Plan Width": 16}]}, {"Node Type": "Bitmap Heap Scan", "Parent Relationship": "Inner", "Relation Name": "orders", "Alias": "orders", "Startup Cost": 3.36, "Total Cost": 7.38, "Plan Rows": 1, "Plan Width": 32, "Recheck Cond": "(o_orderkey = public.lineitem.l_orderkey)", "Plans": [{"Node Type": "Bitmap Index Scan", "Parent Relationship": "Outer", "Index Name": "orders_pkey", "Startup Cost": 0.0, "Total Cost": 3.36, "Plan Rows": 1, "Plan Width": 0, "Index Cond": "(o_orderkey = public.lineitem.l_orderkey)"}]}]}, {"Node Type": "Bitmap Heap Scan", "Parent Relationship": "Inner", "Relation Name": "customer", "Alias": "customer", "Startup Cost": 0.26, "Total Cost": 4.27, "Plan Rows": 1, "Plan Width": 27, "Recheck Cond": "(c_custkey = orders.o_custkey)", "Plans": [{"Node Type": "Bitmap Index Scan", "Parent Relationship": "Outer", "Index Name": "customer_pkey", "Startup Cost": 0.0, "Total Cost": 0.26, "Plan Rows": 1, "Plan Width": 0, "Index Cond": "(c_custkey = orders.o_custkey)"}]}]}, {"Node Type": "Bitmap Heap Scan", "Parent Relationship": "Inner", "Relation Name": "lineitem", "Alias": "lineitem", "Startup Cost": 0.38, "Total Cost": 4.49, "Plan Rows": 9, "Plan Width": 16, "Recheck Cond": "(l_orderkey = orders.o_orderkey)", "Plans": [{"Node Type": "Bitmap Index Scan", "Parent Relationship": "Outer", "Index Name": "idx_lineitem_orderkey", "Startup Cost": 0.0, "Total Cost": 0.38, "Plan Rows": 9, "Plan Width": 0, "Index Cond": "(l_orderkey = orders.o_orderkey)"}]}]}]}]}]}, "Unique SQL Id": 1915754155, "Planner Runtime": 1}, "explain_analyze_plan": {"Plan": {"Node Type": "Limit", "Startup Cost": 1000324838994.8, "Total Cost": 1000324838995.05, "Plan Rows": 100, "Plan Width": 67, "Actual Startup Time": 80385.074, "Actual Total Time": 80385.092, "Actual Rows": 84, "Actual Loops": 1, "Plans": [{"Node Type": "Sort", "Parent Relationship": "Outer", "Startup Cost": 1000324838994.8, "Total Cost": 1000324839310.61, "Plan Rows": 100, "Plan Width": 67, "Actual Startup Time": 80385.071, "Actual Total Time": 80385.08, "Actual Rows": 84, "Actual Loops": 1, "Sort Key": ["orders.o_totalprice DESC", "orders.o_orderdate"], "Sort Method": "quicksort", "Sort Space Used": 38, "Sort Space Type": "Memory", "Plans": [{"Node Type": "Aggregate", "Strategy": "Hashed", "Parent Relationship": "Outer", "Startup Cost": 1000324832903.7, "Total Cost": 1000324834166.91, "Plan Rows": 126321, "Plan Width": 67, "Actual Startup Time": 80384.393, "Actual Total Time": 80384.969, "Actual Rows": 84, "Actual Loops": 1, "Group By Key": ["orders.o_totalprice", "orders.o_orderdate", "customer.c_name", "customer.c_custkey", "orders.o_orderkey"], "Plans": [{"Node Type": "Nested Loop", "Parent Relationship": "Outer", "Join Type": "Inner", "Startup Cost": 1000324315313.67, "Total Cost": 1000324831008.88, "Plan Rows": 126321, "Plan Width": 59, "Actual Startup Time": 72233.603, "Actual Total Time": 80382.462, "Actual Rows": 588, "Actual Loops": 1, "Inner Unique": false, "Plans": [{"Node Type": "Nested Loop", "Parent Relationship": "Outer", "Join Type": "Inner", "Startup Cost": 1000324315313.29, "Total Cost": 1000324767232.73, "Plan Rows": 13913, "Plan Width": 59, "Actual Startup Time": 72233.569, "Actual Total Time": 80379.219, "Actual Rows": 84, "Actual Loops": 1, "Inner Unique": true, "Plans": [{"Node Type": "Nested Loop", "Parent Relationship": "Outer", "Join Type": "Inner", "Startup Cost": 1000324315313.03, "Total Cost": 1000324625792.4, "Plan Rows": 33034, "Plan Width": 40, "Actual Startup Time": 72233.51, "Actual Total Time": 80376.925, "Actual Rows": 84, "Actual Loops": 1, "Inner Unique": true, "Plans": [{"Node Type": "Aggregate", "Strategy": "Hashed", "Parent Relationship": "Outer", "Startup Cost": 1000324315309.67, "Total Cost": 1000324381460.28, "Plan Rows": 33034, "Plan Width": 24, "Actual Startup Time": 72233.393, "Actual Total Time": 80354.823, "Actual Rows": 84, "Actual Loops": 1, "Group By Key": ["public.lineitem.l_orderkey"], "Filter": "(sum(public.lineitem.l_quantity) > 314::double precision), (LLVM Optimized, Jit Execute)", "Rows Removed by Filter": 14999916, "Plans": [{"Node Type": "Index Scan", "Parent Relationship": "Outer", "Scan Direction": "Forward", "Index Name": "idx_lineitem_orderkey", "Relation Name": "lineitem", "Alias": "lineitem", "Startup Cost": 10000000000.0, "Total Cost": 1000324015374.5, "Plan Rows": 59987033, "Plan Width": 16, "Actual Startup Time": 0.063, "Actual Total Time": 42277.738, "Actual Rows": 59986052, "Actual Loops": 1}]}, {"Node Type": "Bitmap Heap Scan", "Parent Relationship": "Inner", "Relation Name": "orders", "Alias": "orders", "Startup Cost": 3.36, "Total Cost": 7.38, "Plan Rows": 1, "Plan Width": 32, "Actual Startup Time": 3.479, "Actual Total Time": 3.479, "Actual Rows": 84, "Actual Loops": 84, "Recheck Cond": "(o_orderkey = public.lineitem.l_orderkey)", "Rows Removed by Index Recheck": 0, "Exact Heap Blocks": 84, "Lossy Heap Blocks": 84, "Plans": [{"Node Type": "Bitmap Index Scan", "Parent Relationship": "Outer", "Index Name": "orders_pkey", "Startup Cost": 0.0, "Total Cost": 3.36, "Plan Rows": 1, "Plan Width": 0, "Actual Startup Time": 2.316, "Actual Total Time": 2.316, "Actual Rows": 84, "Actual Loops": 84, "Index Cond": "(o_orderkey = public.lineitem.l_orderkey)"}]}]}, {"Node Type": "Bitmap Heap Scan", "Parent Relationship": "Inner", "Relation Name": "customer", "Alias": "customer", "Startup Cost": 0.26, "Total Cost": 4.27, "Plan Rows": 1, "Plan Width": 27, "Actual Startup Time": 1.615, "Actual Total Time": 1.615, "Actual Rows": 84, "Actual Loops": 84, "Recheck Cond": "(c_custkey = orders.o_custkey)", "Rows Removed by Index Recheck": 0, "Exact Heap Blocks": 84, "Lossy Heap Blocks": 84, "Plans": [{"Node Type": "Bitmap Index Scan", "Parent Relationship": "Outer", "Index Name": "customer_pkey", "Startup Cost": 0.0, "Total Cost": 0.26, "Plan Rows": 1, "Plan Width": 0, "Actual Startup Time": 0.975, "Actual Total Time": 0.975, "Actual Rows": 84, "Actual Loops": 84, "Index Cond": "(c_custkey = orders.o_custkey)"}]}]}, {"Node Type": "Bitmap Heap Scan", "Parent Relationship": "Inner", "Relation Name": "lineitem", "Alias": "lineitem", "Startup Cost": 0.38, "Total Cost": 4.49, "Plan Rows": 9, "Plan Width": 16, "Actual Startup Time": 2.193, "Actual Total Time": 2.369, "Actual Rows": 588, "Actual Loops": 84, "Recheck Cond": "(l_orderkey = orders.o_orderkey)", "Rows Removed by Index Recheck": 0, "Exact Heap Blocks": 96, "Lossy Heap Blocks": 96, "Plans": [{"Node Type": "Bitmap Index Scan", "Parent Relationship": "Outer", "Index Name": "idx_lineitem_orderkey", "Startup Cost": 0.0, "Total Cost": 0.38, "Plan Rows": 9, "Plan Width": 0, "Actual Startup Time": 1.36, "Actual Total Time": 1.36, "Actual Rows": 588, "Actual Loops": 84, "Index Cond": "(l_orderkey = orders.o_orderkey)"}]}]}]}]}]}, "Triggers": [], "Planner Runtime": 2.016, "Total Runtime": 80394.686, "Unique SQL Id": 1915754155}}, "(16, '100')": {"explain_plan": {"Plan": {"Node Type": "Limit", "Startup Cost": 2649029.8, "Total Cost": 2649030.05, "Plan Rows": 100, "Plan Width": 67, "Plans": [{"Node Type": "Sort", "Parent Relationship": "Outer", "Startup Cost": 2649029.8, "Total Cost": 2649345.6, "Plan Rows": 100, "Plan Width": 67, "Sort Key": ["orders.o_totalprice DESC", "orders.o_orderdate"], "Plans": [{"Node Type": "Aggregate", "Strategy": "Hashed", "Parent Relationship": "Outer", "Startup Cost": 2642938.69, "Total Cost": 2644201.9, "Plan Rows": 126321, "Plan Width": 67, "Group By Key": ["orders.o_totalprice", "orders.o_orderdate", "customer.c_name", "customer.c_custkey", "orders.o_orderkey"], "Plans": [{"Node Type": "Nested Loop", "Parent Relationship": "Outer", "Join Type": "Inner", "Startup Cost": 2315050.5, "Total Cost": 2641043.88, "Plan Rows": 126321, "Plan Width": 59, "Inner Unique": false, "Plans": [{"Node Type": "Nested Loop", "Parent Relationship": "Outer", "Join Type": "Inner", "Startup Cost": 2315050.5, "Total Cost": 2627700.1, "Plan Rows": 13913, "Plan Width": 59, "Inner Unique": true, "Plans": [{"Node Type": "Nested Loop", "Parent Relationship": "Outer", "Join Type": "Inner", "Startup Cost": 2315050.5, "Total Cost": 2618076.97, "Plan Rows": 33034, "Plan Width": 40, "Inner Unique": true, "Plans": [{"Node Type": "Aggregate", "Strategy": "Hashed", "Parent Relationship": "Outer", "Startup Cost": 2315050.5, "Total Cost": 2381201.11, "Plan Rows": 33034, "Plan Width": 24, "Group By Key": ["public.lineitem.l_orderkey"], "Filter": "(sum(public.lineitem.l_quantity) > 314::double precision), (LLVM Optimized)", "Plans": [{"Node Type": "Seq Scan", "Parent Relationship": "Outer", "Relation Name": "lineitem", "Alias": "lineitem", "Startup Cost": 0.0, "Total Cost": 2015115.33, "Plan Rows": 59987033, "Plan Width": 16}]}, {"Node Type": "Index Scan", "Parent Relationship": "Inner", "Scan Direction": "Forward", "Index Name": "orders_pkey", "Relation Name": "orders", "Alias": "orders", "Startup Cost": 0.0, "Total Cost": 7.15, "Plan Rows": 1, "Plan Width": 32, "Index Cond": "(o_orderkey = public.lineitem.l_orderkey)"}]}, {"Node Type": "Index Scan", "Parent Relationship": "Inner", "Scan Direction": "Forward", "Index Name": "customer_pkey", "Relation Name": "customer", "Alias": "customer", "Startup Cost": 0.0, "Total Cost": 0.28, "Plan Rows": 1, "Plan Width": 27, "Index Cond": "(c_custkey = orders.o_custkey)"}]}, {"Node Type": "Index Scan", "Parent Relationship": "Inner", "Scan Direction": "Forward", "Index Name": "idx_lineitem_orderkey", "Relation Name": "lineitem", "Alias": "lineitem", "Startup Cost": 0.0, "Total Cost": 0.87, "Plan Rows": 9, "Plan Width": 16, "Index Cond": "(l_orderkey = orders.o_orderkey)"}]}]}]}]}, "Unique SQL Id": 1915754155, "Planner Runtime": 1}, "explain_analyze_plan": {"Plan": {"Node Type": "Limit", "Startup Cost": 2649029.8, "Total Cost": 2649030.05, "Plan Rows": 100, "Plan Width": 67, "Actual Startup Time": 53367.336, "Actual Total Time": 53367.355, "Actual Rows": 84, "Actual Loops": 1, "Plans": [{"Node Type": "Sort", "Parent Relationship": "Outer", "Startup Cost": 2649029.8, "Total Cost": 2649345.6, "Plan Rows": 100, "Plan Width": 67, "Actual Startup Time": 53367.333, "Actual Total Time": 53367.342, "Actual Rows": 84, "Actual Loops": 1, "Sort Key": ["orders.o_totalprice DESC", "orders.o_orderdate"], "Sort Method": "quicksort", "Sort Space Used": 38, "Sort Space Type": "Memory", "Plans": [{"Node Type": "Aggregate", "Strategy": "Hashed", "Parent Relationship": "Outer", "Startup Cost": 2642938.69, "Total Cost": 2644201.9, "Plan Rows": 126321, "Plan Width": 67, "Actual Startup Time": 53366.678, "Actual Total Time": 53367.237, "Actual Rows": 84, "Actual Loops": 1, "Group By Key": ["orders.o_totalprice", "orders.o_orderdate", "customer.c_name", "customer.c_custkey", "orders.o_orderkey"], "Plans": [{"Node Type": "Nested Loop", "Parent Relationship": "Outer", "Join Type": "Inner", "Startup Cost": 2315050.5, "Total Cost": 2641043.88, "Plan Rows": 126321, "Plan Width": 59, "Actual Startup Time": 47583.176, "Actual Total Time": 53364.795, "Actual Rows": 588, "Actual Loops": 1, "Inner Unique": false, "Plans": [{"Node Type": "Nested Loop", "Parent Relationship": "Outer", "Join Type": "Inner", "Startup Cost": 2315050.5, "Total Cost": 2627700.1, "Plan Rows": 13913, "Plan Width": 59, "Actual Startup Time": 47583.15, "Actual Total Time": 53362.449, "Actual Rows": 84, "Actual Loops": 1, "Inner Unique": true, "Plans": [{"Node Type": "Nested Loop", "Parent Relationship": "Outer", "Join Type": "Inner", "Startup Cost": 2315050.5, "Total Cost": 2618076.97, "Plan Rows": 33034, "Plan Width": 40, "Actual Startup Time": 47583.13, "Actual Total Time": 53361.021, "Actual Rows": 84, "Actual Loops": 1, "Inner Unique": true, "Plans": [{"Node Type": "Aggregate", "Strategy": "Hashed", "Parent Relationship": "Outer", "Startup Cost": 2315050.5, "Total Cost": 2381201.11, "Plan Rows": 33034, "Plan Width": 24, "Actual Startup Time": 47583.052, "Actual Total Time": 53340.03, "Actual Rows": 84, "Actual Loops": 1, "Group By Key": ["public.lineitem.l_orderkey"], "Filter": "(sum(public.lineitem.l_quantity) > 314::double precision), (LLVM Optimized, Jit Execute)", "Rows Removed by Filter": 14999916, "Plans": [{"Node Type": "Seq Scan", "Parent Relationship": "Outer", "Relation Name": "lineitem", "Alias": "lineitem", "Startup Cost": 0.0, "Total Cost": 2015115.33, "Plan Rows": 59987033, "Plan Width": 16, "Actual Startup Time": 0.044, "Actual Total Time": 20352.533, "Actual Rows": 59986052, "Actual Loops": 1}]}, {"Node Type": "Index Scan", "Parent Relationship": "Inner", "Scan Direction": "Forward", "Index Name": "orders_pkey", "Relation Name": "orders", "Alias": "orders", "Startup Cost": 0.0, "Total Cost": 7.15, "Plan Rows": 1, "Plan Width": 32, "Actual Startup Time": 2.902, "Actual Total Time": 2.902, "Actual Rows": 84, "Actual Loops": 84, "Index Cond": "(o_orderkey = public.lineitem.l_orderkey)", "Rows Removed by Index Recheck": 0}]}, {"Node Type": "Index Scan", "Parent Relationship": "Inner", "Scan Direction": "Forward", "Index Name": "customer_pkey", "Relation Name": "customer", "Alias": "customer", "Startup Cost": 0.0, "Total Cost": 0.28, "Plan Rows": 1, "Plan Width": 27, "Actual Startup Time": 1.048, "Actual Total Time": 1.048, "Actual Rows": 84, "Actual Loops": 84, "Index Cond": "(c_custkey = orders.o_custkey)", "Rows Removed by Index Recheck": 0}]}, {"Node Type": "Index Scan", "Parent Relationship": "Inner", "Scan Direction": "Forward", "Index Name": "idx_lineitem_orderkey", "Relation Name": "lineitem", "Alias": "lineitem", "Startup Cost": 0.0, "Total Cost": 0.87, "Plan Rows": 9, "Plan Width": 16, "Actual Startup Time": 1.401, "Actual Total Time": 1.898, "Actual Rows": 588, "Actual Loops": 84, "Index Cond": "(l_orderkey = orders.o_orderkey)", "Rows Removed by Index Recheck": 0}]}]}]}]}, "Triggers": [], "Planner Runtime": 2.116, "Total Runtime": 53376.681, "Unique SQL Id": 1915754155}}, "(16, '101')": {"explain_plan": {"Plan": {"Node Type": "Limit", "Startup Cost": 3874068.21, "Total Cost": 3874068.46, "Plan Rows": 100, "Plan Width": 67, "Plans": [{"Node Type": "Sort", "Parent Relationship": "Outer", "Startup Cost": 3874068.21, "Total Cost": 3874384.02, "Plan Rows": 100, "Plan Width": 67, "Sort Key": ["orders.o_totalprice DESC", "orders.o_orderdate"], "Plans": [{"Node Type": "Aggregate", "Strategy": "Hashed", "Parent Relationship": "Outer", "Startup Cost": 3867977.11, "Total Cost": 3869240.32, "Plan Rows": 126321, "Plan Width": 67, "Group By Key": ["orders.o_totalprice", "orders.o_orderdate", "customer.c_name", "customer.c_custkey", "orders.o_orderkey"], "Plans": [{"Node Type": "Nested Loop", "Parent Relationship": "Outer", "Join Type": "Inner", "Startup Cost": 3540088.91, "Total Cost": 3866082.29, "Plan Rows": 126321, "Plan Width": 59, "Inner Unique": false, "Plans": [{"Node Type": "Nested Loop", "Parent Relationship": "Outer", "Join Type": "Inner", "Startup Cost": 3540088.91, "Total Cost": 3852738.51, "Plan Rows": 13913, "Plan Width": 59, "Inner Unique": true, "Plans": [{"Node Type": "Nested Loop", "Parent Relationship": "Outer", "Join Type": "Inner", "Startup Cost": 3540088.91, "Total Cost": 3843115.38, "Plan Rows": 33034, "Plan Width": 40, "Inner Unique": true, "Plans": [{"Node Type": "Aggregate", "Strategy": "Hashed", "Parent Relationship": "Outer", "Startup Cost": 3540088.91, "Total Cost": 3606239.52, "Plan Rows": 33034, "Plan Width": 24, "Group By Key": ["public.lineitem.l_orderkey"], "Filter": "(sum(public.lineitem.l_quantity) > 314::double precision), (LLVM Optimized)", "Plans": [{"Node Type": "Index Scan", "Parent Relationship": "Outer", "Scan Direction": "Forward", "Index Name": "idx_lineitem_orderkey", "Relation Name": "lineitem", "Alias": "lineitem", "Startup Cost": 0.0, "Total Cost": 3240153.75, "Plan Rows": 59987033, "Plan Width": 16}]}, {"Node Type": "Index Scan", "Parent Relationship": "Inner", "Scan Direction": "Forward", "Index Name": "orders_pkey", "Relation Name": "orders", "Alias": "orders", "Startup Cost": 0.0, "Total Cost": 7.15, "Plan Rows": 1, "Plan Width": 32, "Index Cond": "(o_orderkey = public.lineitem.l_orderkey)"}]}, {"Node Type": "Index Scan", "Parent Relationship": "Inner", "Scan Direction": "Forward", "Index Name": "customer_pkey", "Relation Name": "customer", "Alias": "customer", "Startup Cost": 0.0, "Total Cost": 0.28, "Plan Rows": 1, "Plan Width": 27, "Index Cond": "(c_custkey = orders.o_custkey)"}]}, {"Node Type": "Index Scan", "Parent Relationship": "Inner", "Scan Direction": "Forward", "Index Name": "idx_lineitem_orderkey", "Relation Name": "lineitem", "Alias": "lineitem", "Startup Cost": 0.0, "Total Cost": 0.87, "Plan Rows": 9, "Plan Width": 16, "Index Cond": "(l_orderkey = orders.o_orderkey)"}]}]}]}]}, "Unique SQL Id": 1915754155, "Planner Runtime": 1}, "explain_analyze_plan": {"Plan": {"Node Type": "Limit", "Startup Cost": 3874068.21, "Total Cost": 3874068.46, "Plan Rows": 100, "Plan Width": 67, "Actual Startup Time": 80046.048, "Actual Total Time": 80046.063, "Actual Rows": 84, "Actual Loops": 1, "Plans": [{"Node Type": "Sort", "Parent Relationship": "Outer", "Startup Cost": 3874068.21, "Total Cost": 3874384.02, "Plan Rows": 100, "Plan Width": 67, "Actual Startup Time": 80046.046, "Actual Total Time": 80046.051, "Actual Rows": 84, "Actual Loops": 1, "Sort Key": ["orders.o_totalprice DESC", "orders.o_orderdate"], "Sort Method": "quicksort", "Sort Space Used": 38, "Sort Space Type": "Memory", "Plans": [{"Node Type": "Aggregate", "Strategy": "Hashed", "Parent Relationship": "Outer", "Startup Cost": 3867977.11, "Total Cost": 3869240.32, "Plan Rows": 126321, "Plan Width": 67, "Actual Startup Time": 80045.618, "Actual Total Time": 80045.952, "Actual Rows": 84, "Actual Loops": 1, "Group By Key": ["orders.o_totalprice", "orders.o_orderdate", "customer.c_name", "customer.c_custkey", "orders.o_orderkey"], "Plans": [{"Node Type": "Nested Loop", "Parent Relationship": "Outer", "Join Type": "Inner", "Startup Cost": 3540088.91, "Total Cost": 3866082.29, "Plan Rows": 126321, "Plan Width": 59, "Actual Startup Time": 71660.31, "Actual Total Time": 80043.737, "Actual Rows": 588, "Actual Loops": 1, "Inner Unique": false, "Plans": [{"Node Type": "Nested Loop", "Parent Relationship": "Outer", "Join Type": "Inner", "Startup Cost": 3540088.91, "Total Cost": 3852738.51, "Plan Rows": 13913, "Plan Width": 59, "Actual Startup Time": 71660.278, "Actual Total Time": 80041.063, "Actual Rows": 84, "Actual Loops": 1, "Inner Unique": true, "Plans": [{"Node Type": "Nested Loop", "Parent Relationship": "Outer", "Join Type": "Inner", "Startup Cost": 3540088.91, "Total Cost": 3843115.38, "Plan Rows": 33034, "Plan Width": 40, "Actual Startup Time": 71660.251, "Actual Total Time": 80039.183, "Actual Rows": 84, "Actual Loops": 1, "Inner Unique": true, "Plans": [{"Node Type": "Aggregate", "Strategy": "Hashed", "Parent Relationship": "Outer", "Startup Cost": 3540088.91, "Total Cost": 3606239.52, "Plan Rows": 33034, "Plan Width": 24, "Actual Startup Time": 71660.193, "Actual Total Time": 80016.864, "Actual Rows": 84, "Actual Loops": 1, "Group By Key": ["public.lineitem.l_orderkey"], "Filter": "(sum(public.lineitem.l_quantity) > 314::double precision), (LLVM Optimized, Jit Execute)", "Rows Removed by Filter": 14999916, "Plans": [{"Node Type": "Index Scan", "Parent Relationship": "Outer", "Scan Direction": "Forward", "Index Name": "idx_lineitem_orderkey", "Relation Name": "lineitem", "Alias": "lineitem", "Startup Cost": 0.0, "Total Cost": 3240153.75, "Plan Rows": 59987033, "Plan Width": 16, "Actual Startup Time": 0.058, "Actual Total Time": 41400.691, "Actual Rows": 59986052, "Actual Loops": 1}]}, {"Node Type": "Index Scan", "Parent Relationship": "Inner", "Scan Direction": "Forward", "Index Name": "orders_pkey", "Relation Name": "orders", "Alias": "orders", "Startup Cost": 0.0, "Total Cost": 7.15, "Plan Rows": 1, "Plan Width": 32, "Actual Startup Time": 2.944, "Actual Total Time": 2.944, "Actual Rows": 84, "Actual Loops": 84, "Index Cond": "(o_orderkey = public.lineitem.l_orderkey)", "Rows Removed by Index Recheck": 0}]}, {"Node Type": "Index Scan", "Parent Relationship": "Inner", "Scan Direction": "Forward", "Index Name": "customer_pkey", "Relation Name": "customer", "Alias": "customer", "Startup Cost": 0.0, "Total Cost": 0.28, "Plan Rows": 1, "Plan Width": 27, "Actual Startup Time": 1.358, "Actual Total Time": 1.358, "Actual Rows": 84, "Actual Loops": 84, "Index Cond": "(c_custkey = orders.o_custkey)", "Rows Removed by Index Recheck": 0}]}, {"Node Type": "Index Scan", "Parent Relationship": "Inner", "Scan Direction": "Forward", "Index Name": "idx_lineitem_orderkey", "Relation Name": "lineitem", "Alias": "lineitem", "Startup Cost": 0.0, "Total Cost": 0.87, "Plan Rows": 9, "Plan Width": 16, "Actual Startup Time": 1.639, "Actual Total Time": 2.066, "Actual Rows": 588, "Actual Loops": 84, "Index Cond": "(l_orderkey = orders.o_orderkey)", "Rows Removed by Index Recheck": 0}]}]}]}]}, "Triggers": [], "Planner Runtime": 2.569, "Total Runtime": 80056.92, "Unique SQL Id": 1915754155}}, "(16, '102')": {"explain_plan": {"Plan": {"Node Type": "Limit", "Startup Cost": 2768625.52, "Total Cost": 2768625.77, "Plan Rows": 100, "Plan Width": 67, "Plans": [{"Node Type": "Sort", "Parent Relationship": "Outer", "Startup Cost": 2768625.52, "Total Cost": 2768941.33, "Plan Rows": 100, "Plan Width": 67, "Sort Key": ["orders.o_totalprice DESC", "orders.o_orderdate"], "Plans": [{"Node Type": "Aggregate", "Strategy": "Hashed", "Parent Relationship": "Outer", "Startup Cost": 2762534.42, "Total Cost": 2763797.63, "Plan Rows": 126321, "Plan Width": 67, "Group By Key": ["orders.o_totalprice", "orders.o_orderdate", "customer.c_name", "customer.c_custkey", "orders.o_orderkey"], "Plans": [{"Node Type": "Nested Loop", "Parent Relationship": "Outer", "Join Type": "Inner", "Startup Cost": 2385930.24, "Total Cost": 2760639.6, "Plan Rows": 126321, "Plan Width": 59, "Inner Unique": false, "Plans": [{"Node Type": "Hash Join", "Parent Relationship": "Outer", "Join Type": "Inner", "Startup Cost": 2385929.86, "Total Cost": 2696863.45, "Plan Rows": 13913, "Plan Width": 59, "Inner Unique": true, "Hash Cond": "(orders.o_custkey = customer.c_custkey)", "Plans": [{"Node Type": "Nested Loop", "Parent Relationship": "Outer", "Join Type": "Inner", "Startup Cost": 2315053.86, "Total Cost": 2625533.23, "Plan Rows": 33034, "Plan Width": 40, "Inner Unique": true, "Plans": [{"Node Type": "Aggregate", "Strategy": "Hashed", "Parent Relationship": "Outer", "Startup Cost": 2315050.5, "Total Cost": 2381201.11, "Plan Rows": 33034, "Plan Width": 24, "Group By Key": ["public.lineitem.l_orderkey"], "Filter": "(sum(public.lineitem.l_quantity) > 314::double precision), (LLVM Optimized)", "Plans": [{"Node Type": "Seq Scan", "Parent Relationship": "Outer", "Relation Name": "lineitem", "Alias": "lineitem", "Startup Cost": 0.0, "Total Cost": 2015115.33, "Plan Rows": 59987033, "Plan Width": 16}]}, {"Node Type": "Bitmap Heap Scan", "Parent Relationship": "Inner", "Relation Name": "orders", "Alias": "orders", "Startup Cost": 3.36, "Total Cost": 7.38, "Plan Rows": 1, "Plan Width": 32, "Recheck Cond": "(o_orderkey = public.lineitem.l_orderkey)", "Plans": [{"Node Type": "Bitmap Index Scan", "Parent Relationship": "Outer", "Index Name": "orders_pkey", "Startup Cost": 0.0, "Total Cost": 3.36, "Plan Rows": 1, "Plan Width": 0, "Index Cond": "(o_orderkey = public.lineitem.l_orderkey)"}]}]}, {"Node Type": "Hash", "Parent Relationship": "Inner", "Startup Cost": 52126.0, "Total Cost": 52126.0, "Plan Rows": 1500000, "Plan Width": 27, "Plans": [{"Node Type": "Seq Scan", "Parent Relationship": "Outer", "Relation Name": "customer", "Alias": "customer", "Startup Cost": 0.0, "Total Cost": 52126.0, "Plan Rows": 1500000, "Plan Width": 27}]}]}, {"Node Type": "Bitmap Heap Scan", "Parent Relationship": "Inner", "Relation Name": "lineitem", "Alias": "lineitem", "Startup Cost": 0.38, "Total Cost": 4.49, "Plan Rows": 9, "Plan Width": 16, "Recheck Cond": "(l_orderkey = orders.o_orderkey)", "Plans": [{"Node Type": "Bitmap Index Scan", "Parent Relationship": "Outer", "Index Name": "idx_lineitem_orderkey", "Startup Cost": 0.0, "Total Cost": 0.38, "Plan Rows": 9, "Plan Width": 0, "Index Cond": "(l_orderkey = orders.o_orderkey)"}]}]}]}]}]}, "Unique SQL Id": 1915754155, "Planner Runtime": 1}, "explain_analyze_plan": {"Plan": {"Node Type": "Limit", "Startup Cost": 2768625.52, "Total Cost": 2768625.77, "Plan Rows": 100, "Plan Width": 67, "Actual Startup Time": 54408.291, "Actual Total Time": 54408.306, "Actual Rows": 84, "Actual Loops": 1, "Plans": [{"Node Type": "Sort", "Parent Relationship": "Outer", "Startup Cost": 2768625.52, "Total Cost": 2768941.33, "Plan Rows": 100, "Plan Width": 67, "Actual Startup Time": 54408.289, "Actual Total Time": 54408.297, "Actual Rows": 84, "Actual Loops": 1, "Sort Key": ["orders.o_totalprice DESC", "orders.o_orderdate"], "Sort Method": "quicksort", "Sort Space Used": 38, "Sort Space Type": "Memory", "Plans": [{"Node Type": "Aggregate", "Strategy": "Hashed", "Parent Relationship": "Outer", "Startup Cost": 2762534.42, "Total Cost": 2763797.63, "Plan Rows": 126321, "Plan Width": 67, "Actual Startup Time": 54407.79, "Actual Total Time": 54408.184, "Actual Rows": 84, "Actual Loops": 1, "Group By Key": ["orders.o_totalprice", "orders.o_orderdate", "customer.c_name", "customer.c_custkey", "orders.o_orderkey"], "Plans": [{"Node Type": "Nested Loop", "Parent Relationship": "Outer", "Join Type": "Inner", "Startup Cost": 2385930.24, "Total Cost": 2760639.6, "Plan Rows": 126321, "Plan Width": 59, "Actual Startup Time": 47887.873, "Actual Total Time": 54405.571, "Actual Rows": 588, "Actual Loops": 1, "Inner Unique": false, "Plans": [{"Node Type": "Hash Join", "Parent Relationship": "Outer", "Join Type": "Inner", "Startup Cost": 2385929.86, "Total Cost": 2696863.45, "Plan Rows": 13913, "Plan Width": 59, "Actual Startup Time": 47887.826, "Actual Total Time": 54385.711, "Actual Rows": 84, "Actual Loops": 1, "Inner Unique": true, "Hash Cond": "(orders.o_custkey = customer.c_custkey)", "Plans": [{"Node Type": "Nested Loop", "Parent Relationship": "Outer", "Join Type": "Inner", "Startup Cost": 2315053.86, "Total Cost": 2625533.23, "Plan Rows": 33034, "Plan Width": 40, "Actual Startup Time": 46674.088, "Actual Total Time": 53167.993, "Actual Rows": 84, "Actual Loops": 1, "Inner Unique": true, "Plans": [{"Node Type": "Aggregate", "Strategy": "Hashed", "Parent Relationship": "Outer", "Startup Cost": 2315050.5, "Total Cost": 2381201.11, "Plan Rows": 33034, "Plan Width": 24, "Actual Startup Time": 46673.991, "Actual Total Time": 53149.284, "Actual Rows": 84, "Actual Loops": 1, "Group By Key": ["public.lineitem.l_orderkey"], "Filter": "(sum(public.lineitem.l_quantity) > 314::double precision), (LLVM Optimized, Jit Execute)", "Rows Removed by Filter": 14999916, "Plans": [{"Node Type": "Seq Scan", "Parent Relationship": "Outer", "Relation Name": "lineitem", "Alias": "lineitem", "Startup Cost": 0.0, "Total Cost": 2015115.33, "Plan Rows": 59987033, "Plan Width": 16, "Actual Startup Time": 0.042, "Actual Total Time": 20120.77, "Actual Rows": 59986052, "Actual Loops": 1}]}, {"Node Type": "Bitmap Heap Scan", "Parent Relationship": "Inner", "Relation Name": "orders", "Alias": "orders", "Startup Cost": 3.36, "Total Cost": 7.38, "Plan Rows": 1, "Plan Width": 32, "Actual Startup Time": 3.694, "Actual Total Time": 3.694, "Actual Rows": 84, "Actual Loops": 84, "Recheck Cond": "(o_orderkey = public.lineitem.l_orderkey)", "Rows Removed by Index Recheck": 0, "Exact Heap Blocks": 84, "Lossy Heap Blocks": 84, "Plans": [{"Node Type": "Bitmap Index Scan", "Parent Relationship": "Outer", "Index Name": "orders_pkey", "Startup Cost": 0.0, "Total Cost": 3.36, "Plan Rows": 1, "Plan Width": 0, "Actual Startup Time": 2.443, "Actual Total Time": 2.443, "Actual Rows": 84, "Actual Loops": 84, "Index Cond": "(o_orderkey = public.lineitem.l_orderkey)"}]}]}, {"Node Type": "Hash", "Parent Relationship": "Inner", "Startup Cost": 52126.0, "Total Cost": 52126.0, "Plan Rows": 1500000, "Plan Width": 27, "Actual Startup Time": 1212.32, "Actual Total Time": 1212.32, "Actual Rows": 1500000, "Actual Loops": 1, "Hash Buckets": 2097152, "Hash Batches": 1, "Original Hash Batches": 1, "Peak Memory Usage": 93750, "Plans": [{"Node Type": "Seq Scan", "Parent Relationship": "Outer", "Relation Name": "customer", "Alias": "customer", "Startup Cost": 0.0, "Total Cost": 52126.0, "Plan Rows": 1500000, "Plan Width": 27, "Actual Startup Time": 0.024, "Actual Total Time": 537.232, "Actual Rows": 1500000, "Actual Loops": 1}]}]}, {"Node Type": "Bitmap Heap Scan", "Parent Relationship": "Inner", "Relation Name": "lineitem", "Alias": "lineitem", "Startup Cost": 0.38, "Total Cost": 4.49, "Plan Rows": 9, "Plan Width": 16, "Actual Startup Time": 2.302, "Actual Total Time": 2.448, "Actual Rows": 588, "Actual Loops": 84, "Recheck Cond": "(l_orderkey = orders.o_orderkey)", "Rows Removed by Index Recheck": 0, "Exact Heap Blocks": 96, "Lossy Heap Blocks": 96, "Plans": [{"Node Type": "Bitmap Index Scan", "Parent Relationship": "Outer", "Index Name": "idx_lineitem_orderkey", "Startup Cost": 0.0, "Total Cost": 0.38, "Plan Rows": 9, "Plan Width": 0, "Actual Startup Time": 1.463, "Actual Total Time": 1.463, "Actual Rows": 588, "Actual Loops": 84, "Index Cond": "(l_orderkey = orders.o_orderkey)"}]}]}]}]}]}, "Triggers": [], "Planner Runtime": 2.048, "Total Runtime": 54418.458, "Unique SQL Id": 1915754155}}, "(16, '103')": {"explain_plan": {"Plan": {"Node Type": "Limit", "Startup Cost": 1000324838994.8, "Total Cost": 1000324838995.05, "Plan Rows": 100, "Plan Width": 67, "Plans": [{"Node Type": "Sort", "Parent Relationship": "Outer", "Startup Cost": 1000324838994.8, "Total Cost": 1000324839310.61, "Plan Rows": 100, "Plan Width": 67, "Sort Key": ["orders.o_totalprice DESC", "orders.o_orderdate"], "Plans": [{"Node Type": "Aggregate", "Strategy": "Hashed", "Parent Relationship": "Outer", "Startup Cost": 1000324832903.7, "Total Cost": 1000324834166.91, "Plan Rows": 126321, "Plan Width": 67, "Group By Key": ["orders.o_totalprice", "orders.o_orderdate", "customer.c_name", "customer.c_custkey", "orders.o_orderkey"], "Plans": [{"Node Type": "Nested Loop", "Parent Relationship": "Outer", "Join Type": "Inner", "Startup Cost": 1000324315313.67, "Total Cost": 1000324831008.88, "Plan Rows": 126321, "Plan Width": 59, "Inner Unique": false, "Plans": [{"Node Type": "Nested Loop", "Parent Relationship": "Outer", "Join Type": "Inner", "Startup Cost": 1000324315313.29, "Total Cost": 1000324767232.73, "Plan Rows": 13913, "Plan Width": 59, "Inner Unique": true, "Plans": [{"Node Type": "Nested Loop", "Parent Relationship": "Outer", "Join Type": "Inner", "Startup Cost": 1000324315313.03, "Total Cost": 1000324625792.4, "Plan Rows": 33034, "Plan Width": 40, "Inner Unique": true, "Plans": [{"Node Type": "Aggregate", "Strategy": "Hashed", "Parent Relationship": "Outer", "Startup Cost": 1000324315309.67, "Total Cost": 1000324381460.28, "Plan Rows": 33034, "Plan Width": 24, "Group By Key": ["public.lineitem.l_orderkey"], "Filter": "(sum(public.lineitem.l_quantity) > 314::double precision), (LLVM Optimized)", "Plans": [{"Node Type": "Index Scan", "Parent Relationship": "Outer", "Scan Direction": "Forward", "Index Name": "idx_lineitem_orderkey", "Relation Name": "lineitem", "Alias": "lineitem", "Startup Cost": 10000000000.0, "Total Cost": 1000324015374.5, "Plan Rows": 59987033, "Plan Width": 16}]}, {"Node Type": "Bitmap Heap Scan", "Parent Relationship": "Inner", "Relation Name": "orders", "Alias": "orders", "Startup Cost": 3.36, "Total Cost": 7.38, "Plan Rows": 1, "Plan Width": 32, "Recheck Cond": "(o_orderkey = public.lineitem.l_orderkey)", "Plans": [{"Node Type": "Bitmap Index Scan", "Parent Relationship": "Outer", "Index Name": "orders_pkey", "Startup Cost": 0.0, "Total Cost": 3.36, "Plan Rows": 1, "Plan Width": 0, "Index Cond": "(o_orderkey = public.lineitem.l_orderkey)"}]}]}, {"Node Type": "Bitmap Heap Scan", "Parent Relationship": "Inner", "Relation Name": "customer", "Alias": "customer", "Startup Cost": 0.26, "Total Cost": 4.27, "Plan Rows": 1, "Plan Width": 27, "Recheck Cond": "(c_custkey = orders.o_custkey)", "Plans": [{"Node Type": "Bitmap Index Scan", "Parent Relationship": "Outer", "Index Name": "customer_pkey", "Startup Cost": 0.0, "Total Cost": 0.26, "Plan Rows": 1, "Plan Width": 0, "Index Cond": "(c_custkey = orders.o_custkey)"}]}]}, {"Node Type": "Bitmap Heap Scan", "Parent Relationship": "Inner", "Relation Name": "lineitem", "Alias": "lineitem", "Startup Cost": 0.38, "Total Cost": 4.49, "Plan Rows": 9, "Plan Width": 16, "Recheck Cond": "(l_orderkey = orders.o_orderkey)", "Plans": [{"Node Type": "Bitmap Index Scan", "Parent Relationship": "Outer", "Index Name": "idx_lineitem_orderkey", "Startup Cost": 0.0, "Total Cost": 0.38, "Plan Rows": 9, "Plan Width": 0, "Index Cond": "(l_orderkey = orders.o_orderkey)"}]}]}]}]}]}, "Unique SQL Id": 1915754155, "Planner Runtime": 1}, "explain_analyze_plan": {"Plan": {"Node Type": "Limit", "Startup Cost": 1000324838994.8, "Total Cost": 1000324838995.05, "Plan Rows": 100, "Plan Width": 67, "Actual Startup Time": 80385.074, "Actual Total Time": 80385.092, "Actual Rows": 84, "Actual Loops": 1, "Plans": [{"Node Type": "Sort", "Parent Relationship": "Outer", "Startup Cost": 1000324838994.8, "Total Cost": 1000324839310.61, "Plan Rows": 100, "Plan Width": 67, "Actual Startup Time": 80385.071, "Actual Total Time": 80385.08, "Actual Rows": 84, "Actual Loops": 1, "Sort Key": ["orders.o_totalprice DESC", "orders.o_orderdate"], "Sort Method": "quicksort", "Sort Space Used": 38, "Sort Space Type": "Memory", "Plans": [{"Node Type": "Aggregate", "Strategy": "Hashed", "Parent Relationship": "Outer", "Startup Cost": 1000324832903.7, "Total Cost": 1000324834166.91, "Plan Rows": 126321, "Plan Width": 67, "Actual Startup Time": 80384.393, "Actual Total Time": 80384.969, "Actual Rows": 84, "Actual Loops": 1, "Group By Key": ["orders.o_totalprice", "orders.o_orderdate", "customer.c_name", "customer.c_custkey", "orders.o_orderkey"], "Plans": [{"Node Type": "Nested Loop", "Parent Relationship": "Outer", "Join Type": "Inner", "Startup Cost": 1000324315313.67, "Total Cost": 1000324831008.88, "Plan Rows": 126321, "Plan Width": 59, "Actual Startup Time": 72233.603, "Actual Total Time": 80382.462, "Actual Rows": 588, "Actual Loops": 1, "Inner Unique": false, "Plans": [{"Node Type": "Nested Loop", "Parent Relationship": "Outer", "Join Type": "Inner", "Startup Cost": 1000324315313.29, "Total Cost": 1000324767232.73, "Plan Rows": 13913, "Plan Width": 59, "Actual Startup Time": 72233.569, "Actual Total Time": 80379.219, "Actual Rows": 84, "Actual Loops": 1, "Inner Unique": true, "Plans": [{"Node Type": "Nested Loop", "Parent Relationship": "Outer", "Join Type": "Inner", "Startup Cost": 1000324315313.03, "Total Cost": 1000324625792.4, "Plan Rows": 33034, "Plan Width": 40, "Actual Startup Time": 72233.51, "Actual Total Time": 80376.925, "Actual Rows": 84, "Actual Loops": 1, "Inner Unique": true, "Plans": [{"Node Type": "Aggregate", "Strategy": "Hashed", "Parent Relationship": "Outer", "Startup Cost": 1000324315309.67, "Total Cost": 1000324381460.28, "Plan Rows": 33034, "Plan Width": 24, "Actual Startup Time": 72233.393, "Actual Total Time": 80354.823, "Actual Rows": 84, "Actual Loops": 1, "Group By Key": ["public.lineitem.l_orderkey"], "Filter": "(sum(public.lineitem.l_quantity) > 314::double precision), (LLVM Optimized, Jit Execute)", "Rows Removed by Filter": 14999916, "Plans": [{"Node Type": "Index Scan", "Parent Relationship": "Outer", "Scan Direction": "Forward", "Index Name": "idx_lineitem_orderkey", "Relation Name": "lineitem", "Alias": "lineitem", "Startup Cost": 10000000000.0, "Total Cost": 1000324015374.5, "Plan Rows": 59987033, "Plan Width": 16, "Actual Startup Time": 0.063, "Actual Total Time": 42277.738, "Actual Rows": 59986052, "Actual Loops": 1}]}, {"Node Type": "Bitmap Heap Scan", "Parent Relationship": "Inner", "Relation Name": "orders", "Alias": "orders", "Startup Cost": 3.36, "Total Cost": 7.38, "Plan Rows": 1, "Plan Width": 32, "Actual Startup Time": 3.479, "Actual Total Time": 3.479, "Actual Rows": 84, "Actual Loops": 84, "Recheck Cond": "(o_orderkey = public.lineitem.l_orderkey)", "Rows Removed by Index Recheck": 0, "Exact Heap Blocks": 84, "Lossy Heap Blocks": 84, "Plans": [{"Node Type": "Bitmap Index Scan", "Parent Relationship": "Outer", "Index Name": "orders_pkey", "Startup Cost": 0.0, "Total Cost": 3.36, "Plan Rows": 1, "Plan Width": 0, "Actual Startup Time": 2.316, "Actual Total Time": 2.316, "Actual Rows": 84, "Actual Loops": 84, "Index Cond": "(o_orderkey = public.lineitem.l_orderkey)"}]}]}, {"Node Type": "Bitmap Heap Scan", "Parent Relationship": "Inner", "Relation Name": "customer", "Alias": "customer", "Startup Cost": 0.26, "Total Cost": 4.27, "Plan Rows": 1, "Plan Width": 27, "Actual Startup Time": 1.615, "Actual Total Time": 1.615, "Actual Rows": 84, "Actual Loops": 84, "Recheck Cond": "(c_custkey = orders.o_custkey)", "Rows Removed by Index Recheck": 0, "Exact Heap Blocks": 84, "Lossy Heap Blocks": 84, "Plans": [{"Node Type": "Bitmap Index Scan", "Parent Relationship": "Outer", "Index Name": "customer_pkey", "Startup Cost": 0.0, "Total Cost": 0.26, "Plan Rows": 1, "Plan Width": 0, "Actual Startup Time": 0.975, "Actual Total Time": 0.975, "Actual Rows": 84, "Actual Loops": 84, "Index Cond": "(c_custkey = orders.o_custkey)"}]}]}, {"Node Type": "Bitmap Heap Scan", "Parent Relationship": "Inner", "Relation Name": "lineitem", "Alias": "lineitem", "Startup Cost": 0.38, "Total Cost": 4.49, "Plan Rows": 9, "Plan Width": 16, "Actual Startup Time": 2.193, "Actual Total Time": 2.369, "Actual Rows": 588, "Actual Loops": 84, "Recheck Cond": "(l_orderkey = orders.o_orderkey)", "Rows Removed by Index Recheck": 0, "Exact Heap Blocks": 96, "Lossy Heap Blocks": 96, "Plans": [{"Node Type": "Bitmap Index Scan", "Parent Relationship": "Outer", "Index Name": "idx_lineitem_orderkey", "Startup Cost": 0.0, "Total Cost": 0.38, "Plan Rows": 9, "Plan Width": 0, "Actual Startup Time": 1.36, "Actual Total Time": 1.36, "Actual Rows": 588, "Actual Loops": 84, "Index Cond": "(l_orderkey = orders.o_orderkey)"}]}]}]}]}]}, "Triggers": [], "Planner Runtime": 2.016, "Total Runtime": 80394.686, "Unique SQL Id": 1915754155}}, "(16, '104')": {"explain_plan": {"Plan": {"Node Type": "Limit", "Startup Cost": 2649029.8, "Total Cost": 2649030.05, "Plan Rows": 100, "Plan Width": 67, "Plans": [{"Node Type": "Sort", "Parent Relationship": "Outer", "Startup Cost": 2649029.8, "Total Cost": 2649345.6, "Plan Rows": 100, "Plan Width": 67, "Sort Key": ["orders.o_totalprice DESC", "orders.o_orderdate"], "Plans": [{"Node Type": "Aggregate", "Strategy": "Hashed", "Parent Relationship": "Outer", "Startup Cost": 2642938.69, "Total Cost": 2644201.9, "Plan Rows": 126321, "Plan Width": 67, "Group By Key": ["orders.o_totalprice", "orders.o_orderdate", "customer.c_name", "customer.c_custkey", "orders.o_orderkey"], "Plans": [{"Node Type": "Nested Loop", "Parent Relationship": "Outer", "Join Type": "Inner", "Startup Cost": 2315050.5, "Total Cost": 2641043.88, "Plan Rows": 126321, "Plan Width": 59, "Inner Unique": false, "Plans": [{"Node Type": "Nested Loop", "Parent Relationship": "Outer", "Join Type": "Inner", "Startup Cost": 2315050.5, "Total Cost": 2627700.1, "Plan Rows": 13913, "Plan Width": 59, "Inner Unique": true, "Plans": [{"Node Type": "Nested Loop", "Parent Relationship": "Outer", "Join Type": "Inner", "Startup Cost": 2315050.5, "Total Cost": 2618076.97, "Plan Rows": 33034, "Plan Width": 40, "Inner Unique": true, "Plans": [{"Node Type": "Aggregate", "Strategy": "Hashed", "Parent Relationship": "Outer", "Startup Cost": 2315050.5, "Total Cost": 2381201.11, "Plan Rows": 33034, "Plan Width": 24, "Group By Key": ["public.lineitem.l_orderkey"], "Filter": "(sum(public.lineitem.l_quantity) > 314::double precision), (LLVM Optimized)", "Plans": [{"Node Type": "Seq Scan", "Parent Relationship": "Outer", "Relation Name": "lineitem", "Alias": "lineitem", "Startup Cost": 0.0, "Total Cost": 2015115.33, "Plan Rows": 59987033, "Plan Width": 16}]}, {"Node Type": "Index Scan", "Parent Relationship": "Inner", "Scan Direction": "Forward", "Index Name": "orders_pkey", "Relation Name": "orders", "Alias": "orders", "Startup Cost": 0.0, "Total Cost": 7.15, "Plan Rows": 1, "Plan Width": 32, "Index Cond": "(o_orderkey = public.lineitem.l_orderkey)"}]}, {"Node Type": "Index Scan", "Parent Relationship": "Inner", "Scan Direction": "Forward", "Index Name": "customer_pkey", "Relation Name": "customer", "Alias": "customer", "Startup Cost": 0.0, "Total Cost": 0.28, "Plan Rows": 1, "Plan Width": 27, "Index Cond": "(c_custkey = orders.o_custkey)"}]}, {"Node Type": "Index Scan", "Parent Relationship": "Inner", "Scan Direction": "Forward", "Index Name": "idx_lineitem_orderkey", "Relation Name": "lineitem", "Alias": "lineitem", "Startup Cost": 0.0, "Total Cost": 0.87, "Plan Rows": 9, "Plan Width": 16, "Index Cond": "(l_orderkey = orders.o_orderkey)"}]}]}]}]}, "Unique SQL Id": 1915754155, "Planner Runtime": 1}, "explain_analyze_plan": {"Plan": {"Node Type": "Limit", "Startup Cost": 2649029.8, "Total Cost": 2649030.05, "Plan Rows": 100, "Plan Width": 67, "Actual Startup Time": 53367.336, "Actual Total Time": 53367.355, "Actual Rows": 84, "Actual Loops": 1, "Plans": [{"Node Type": "Sort", "Parent Relationship": "Outer", "Startup Cost": 2649029.8, "Total Cost": 2649345.6, "Plan Rows": 100, "Plan Width": 67, "Actual Startup Time": 53367.333, "Actual Total Time": 53367.342, "Actual Rows": 84, "Actual Loops": 1, "Sort Key": ["orders.o_totalprice DESC", "orders.o_orderdate"], "Sort Method": "quicksort", "Sort Space Used": 38, "Sort Space Type": "Memory", "Plans": [{"Node Type": "Aggregate", "Strategy": "Hashed", "Parent Relationship": "Outer", "Startup Cost": 2642938.69, "Total Cost": 2644201.9, "Plan Rows": 126321, "Plan Width": 67, "Actual Startup Time": 53366.678, "Actual Total Time": 53367.237, "Actual Rows": 84, "Actual Loops": 1, "Group By Key": ["orders.o_totalprice", "orders.o_orderdate", "customer.c_name", "customer.c_custkey", "orders.o_orderkey"], "Plans": [{"Node Type": "Nested Loop", "Parent Relationship": "Outer", "Join Type": "Inner", "Startup Cost": 2315050.5, "Total Cost": 2641043.88, "Plan Rows": 126321, "Plan Width": 59, "Actual Startup Time": 47583.176, "Actual Total Time": 53364.795, "Actual Rows": 588, "Actual Loops": 1, "Inner Unique": false, "Plans": [{"Node Type": "Nested Loop", "Parent Relationship": "Outer", "Join Type": "Inner", "Startup Cost": 2315050.5, "Total Cost": 2627700.1, "Plan Rows": 13913, "Plan Width": 59, "Actual Startup Time": 47583.15, "Actual Total Time": 53362.449, "Actual Rows": 84, "Actual Loops": 1, "Inner Unique": true, "Plans": [{"Node Type": "Nested Loop", "Parent Relationship": "Outer", "Join Type": "Inner", "Startup Cost": 2315050.5, "Total Cost": 2618076.97, "Plan Rows": 33034, "Plan Width": 40, "Actual Startup Time": 47583.13, "Actual Total Time": 53361.021, "Actual Rows": 84, "Actual Loops": 1, "Inner Unique": true, "Plans": [{"Node Type": "Aggregate", "Strategy": "Hashed", "Parent Relationship": "Outer", "Startup Cost": 2315050.5, "Total Cost": 2381201.11, "Plan Rows": 33034, "Plan Width": 24, "Actual Startup Time": 47583.052, "Actual Total Time": 53340.03, "Actual Rows": 84, "Actual Loops": 1, "Group By Key": ["public.lineitem.l_orderkey"], "Filter": "(sum(public.lineitem.l_quantity) > 314::double precision), (LLVM Optimized, Jit Execute)", "Rows Removed by Filter": 14999916, "Plans": [{"Node Type": "Seq Scan", "Parent Relationship": "Outer", "Relation Name": "lineitem", "Alias": "lineitem", "Startup Cost": 0.0, "Total Cost": 2015115.33, "Plan Rows": 59987033, "Plan Width": 16, "Actual Startup Time": 0.044, "Actual Total Time": 20352.533, "Actual Rows": 59986052, "Actual Loops": 1}]}, {"Node Type": "Index Scan", "Parent Relationship": "Inner", "Scan Direction": "Forward", "Index Name": "orders_pkey", "Relation Name": "orders", "Alias": "orders", "Startup Cost": 0.0, "Total Cost": 7.15, "Plan Rows": 1, "Plan Width": 32, "Actual Startup Time": 2.902, "Actual Total Time": 2.902, "Actual Rows": 84, "Actual Loops": 84, "Index Cond": "(o_orderkey = public.lineitem.l_orderkey)", "Rows Removed by Index Recheck": 0}]}, {"Node Type": "Index Scan", "Parent Relationship": "Inner", "Scan Direction": "Forward", "Index Name": "customer_pkey", "Relation Name": "customer", "Alias": "customer", "Startup Cost": 0.0, "Total Cost": 0.28, "Plan Rows": 1, "Plan Width": 27, "Actual Startup Time": 1.048, "Actual Total Time": 1.048, "Actual Rows": 84, "Actual Loops": 84, "Index Cond": "(c_custkey = orders.o_custkey)", "Rows Removed by Index Recheck": 0}]}, {"Node Type": "Index Scan", "Parent Relationship": "Inner", "Scan Direction": "Forward", "Index Name": "idx_lineitem_orderkey", "Relation Name": "lineitem", "Alias": "lineitem", "Startup Cost": 0.0, "Total Cost": 0.87, "Plan Rows": 9, "Plan Width": 16, "Actual Startup Time": 1.401, "Actual Total Time": 1.898, "Actual Rows": 588, "Actual Loops": 84, "Index Cond": "(l_orderkey = orders.o_orderkey)", "Rows Removed by Index Recheck": 0}]}]}]}]}, "Triggers": [], "Planner Runtime": 2.116, "Total Runtime": 53376.681, "Unique SQL Id": 1915754155}}, "(16, '105')": {"explain_plan": {"Plan": {"Node Type": "Limit", "Startup Cost": 3874068.21, "Total Cost": 3874068.46, "Plan Rows": 100, "Plan Width": 67, "Plans": [{"Node Type": "Sort", "Parent Relationship": "Outer", "Startup Cost": 3874068.21, "Total Cost": 3874384.02, "Plan Rows": 100, "Plan Width": 67, "Sort Key": ["orders.o_totalprice DESC", "orders.o_orderdate"], "Plans": [{"Node Type": "Aggregate", "Strategy": "Hashed", "Parent Relationship": "Outer", "Startup Cost": 3867977.11, "Total Cost": 3869240.32, "Plan Rows": 126321, "Plan Width": 67, "Group By Key": ["orders.o_totalprice", "orders.o_orderdate", "customer.c_name", "customer.c_custkey", "orders.o_orderkey"], "Plans": [{"Node Type": "Nested Loop", "Parent Relationship": "Outer", "Join Type": "Inner", "Startup Cost": 3540088.91, "Total Cost": 3866082.29, "Plan Rows": 126321, "Plan Width": 59, "Inner Unique": false, "Plans": [{"Node Type": "Nested Loop", "Parent Relationship": "Outer", "Join Type": "Inner", "Startup Cost": 3540088.91, "Total Cost": 3852738.51, "Plan Rows": 13913, "Plan Width": 59, "Inner Unique": true, "Plans": [{"Node Type": "Nested Loop", "Parent Relationship": "Outer", "Join Type": "Inner", "Startup Cost": 3540088.91, "Total Cost": 3843115.38, "Plan Rows": 33034, "Plan Width": 40, "Inner Unique": true, "Plans": [{"Node Type": "Aggregate", "Strategy": "Hashed", "Parent Relationship": "Outer", "Startup Cost": 3540088.91, "Total Cost": 3606239.52, "Plan Rows": 33034, "Plan Width": 24, "Group By Key": ["public.lineitem.l_orderkey"], "Filter": "(sum(public.lineitem.l_quantity) > 314::double precision), (LLVM Optimized)", "Plans": [{"Node Type": "Index Scan", "Parent Relationship": "Outer", "Scan Direction": "Forward", "Index Name": "idx_lineitem_orderkey", "Relation Name": "lineitem", "Alias": "lineitem", "Startup Cost": 0.0, "Total Cost": 3240153.75, "Plan Rows": 59987033, "Plan Width": 16}]}, {"Node Type": "Index Scan", "Parent Relationship": "Inner", "Scan Direction": "Forward", "Index Name": "orders_pkey", "Relation Name": "orders", "Alias": "orders", "Startup Cost": 0.0, "Total Cost": 7.15, "Plan Rows": 1, "Plan Width": 32, "Index Cond": "(o_orderkey = public.lineitem.l_orderkey)"}]}, {"Node Type": "Index Scan", "Parent Relationship": "Inner", "Scan Direction": "Forward", "Index Name": "customer_pkey", "Relation Name": "customer", "Alias": "customer", "Startup Cost": 0.0, "Total Cost": 0.28, "Plan Rows": 1, "Plan Width": 27, "Index Cond": "(c_custkey = orders.o_custkey)"}]}, {"Node Type": "Index Scan", "Parent Relationship": "Inner", "Scan Direction": "Forward", "Index Name": "idx_lineitem_orderkey", "Relation Name": "lineitem", "Alias": "lineitem", "Startup Cost": 0.0, "Total Cost": 0.87, "Plan Rows": 9, "Plan Width": 16, "Index Cond": "(l_orderkey = orders.o_orderkey)"}]}]}]}]}, "Unique SQL Id": 1915754155, "Planner Runtime": 1}, "explain_analyze_plan": {"Plan": {"Node Type": "Limit", "Startup Cost": 3874068.21, "Total Cost": 3874068.46, "Plan Rows": 100, "Plan Width": 67, "Actual Startup Time": 80046.048, "Actual Total Time": 80046.063, "Actual Rows": 84, "Actual Loops": 1, "Plans": [{"Node Type": "Sort", "Parent Relationship": "Outer", "Startup Cost": 3874068.21, "Total Cost": 3874384.02, "Plan Rows": 100, "Plan Width": 67, "Actual Startup Time": 80046.046, "Actual Total Time": 80046.051, "Actual Rows": 84, "Actual Loops": 1, "Sort Key": ["orders.o_totalprice DESC", "orders.o_orderdate"], "Sort Method": "quicksort", "Sort Space Used": 38, "Sort Space Type": "Memory", "Plans": [{"Node Type": "Aggregate", "Strategy": "Hashed", "Parent Relationship": "Outer", "Startup Cost": 3867977.11, "Total Cost": 3869240.32, "Plan Rows": 126321, "Plan Width": 67, "Actual Startup Time": 80045.618, "Actual Total Time": 80045.952, "Actual Rows": 84, "Actual Loops": 1, "Group By Key": ["orders.o_totalprice", "orders.o_orderdate", "customer.c_name", "customer.c_custkey", "orders.o_orderkey"], "Plans": [{"Node Type": "Nested Loop", "Parent Relationship": "Outer", "Join Type": "Inner", "Startup Cost": 3540088.91, "Total Cost": 3866082.29, "Plan Rows": 126321, "Plan Width": 59, "Actual Startup Time": 71660.31, "Actual Total Time": 80043.737, "Actual Rows": 588, "Actual Loops": 1, "Inner Unique": false, "Plans": [{"Node Type": "Nested Loop", "Parent Relationship": "Outer", "Join Type": "Inner", "Startup Cost": 3540088.91, "Total Cost": 3852738.51, "Plan Rows": 13913, "Plan Width": 59, "Actual Startup Time": 71660.278, "Actual Total Time": 80041.063, "Actual Rows": 84, "Actual Loops": 1, "Inner Unique": true, "Plans": [{"Node Type": "Nested Loop", "Parent Relationship": "Outer", "Join Type": "Inner", "Startup Cost": 3540088.91, "Total Cost": 3843115.38, "Plan Rows": 33034, "Plan Width": 40, "Actual Startup Time": 71660.251, "Actual Total Time": 80039.183, "Actual Rows": 84, "Actual Loops": 1, "Inner Unique": true, "Plans": [{"Node Type": "Aggregate", "Strategy": "Hashed", "Parent Relationship": "Outer", "Startup Cost": 3540088.91, "Total Cost": 3606239.52, "Plan Rows": 33034, "Plan Width": 24, "Actual Startup Time": 71660.193, "Actual Total Time": 80016.864, "Actual Rows": 84, "Actual Loops": 1, "Group By Key": ["public.lineitem.l_orderkey"], "Filter": "(sum(public.lineitem.l_quantity) > 314::double precision), (LLVM Optimized, Jit Execute)", "Rows Removed by Filter": 14999916, "Plans": [{"Node Type": "Index Scan", "Parent Relationship": "Outer", "Scan Direction": "Forward", "Index Name": "idx_lineitem_orderkey", "Relation Name": "lineitem", "Alias": "lineitem", "Startup Cost": 0.0, "Total Cost": 3240153.75, "Plan Rows": 59987033, "Plan Width": 16, "Actual Startup Time": 0.058, "Actual Total Time": 41400.691, "Actual Rows": 59986052, "Actual Loops": 1}]}, {"Node Type": "Index Scan", "Parent Relationship": "Inner", "Scan Direction": "Forward", "Index Name": "orders_pkey", "Relation Name": "orders", "Alias": "orders", "Startup Cost": 0.0, "Total Cost": 7.15, "Plan Rows": 1, "Plan Width": 32, "Actual Startup Time": 2.944, "Actual Total Time": 2.944, "Actual Rows": 84, "Actual Loops": 84, "Index Cond": "(o_orderkey = public.lineitem.l_orderkey)", "Rows Removed by Index Recheck": 0}]}, {"Node Type": "Index Scan", "Parent Relationship": "Inner", "Scan Direction": "Forward", "Index Name": "customer_pkey", "Relation Name": "customer", "Alias": "customer", "Startup Cost": 0.0, "Total Cost": 0.28, "Plan Rows": 1, "Plan Width": 27, "Actual Startup Time": 1.358, "Actual Total Time": 1.358, "Actual Rows": 84, "Actual Loops": 84, "Index Cond": "(c_custkey = orders.o_custkey)", "Rows Removed by Index Recheck": 0}]}, {"Node Type": "Index Scan", "Parent Relationship": "Inner", "Scan Direction": "Forward", "Index Name": "idx_lineitem_orderkey", "Relation Name": "lineitem", "Alias": "lineitem", "Startup Cost": 0.0, "Total Cost": 0.87, "Plan Rows": 9, "Plan Width": 16, "Actual Startup Time": 1.639, "Actual Total Time": 2.066, "Actual Rows": 588, "Actual Loops": 84, "Index Cond": "(l_orderkey = orders.o_orderkey)", "Rows Removed by Index Recheck": 0}]}]}]}]}, "Triggers": [], "Planner Runtime": 2.569, "Total Runtime": 80056.92, "Unique SQL Id": 1915754155}}, "(16, '106')": {"explain_plan": {"Plan": {"Node Type": "Limit", "Startup Cost": 5166300.38, "Total Cost": 5166300.63, "Plan Rows": 100, "Plan Width": 67, "Plans": [{"Node Type": "Sort", "Parent Relationship": "Outer", "Startup Cost": 5166300.38, "Total Cost": 5166616.18, "Plan Rows": 100, "Plan Width": 67, "Sort Key": ["orders.o_totalprice DESC", "orders.o_orderdate"], "Plans": [{"Node Type": "Aggregate", "Strategy": "Hashed", "Parent Relationship": "Outer", "Startup Cost": 5160209.27, "Total Cost": 5161472.48, "Plan Rows": 126321, "Plan Width": 67, "Group By Key": ["orders.o_totalprice", "orders.o_orderdate", "customer.c_name", "customer.c_custkey", "orders.o_orderkey"], "Plans": [{"Node Type": "Hash Join", "Parent Relationship": "Outer", "Join Type": "Inner", "Startup Cost": 2917691.33, "Total Cost": 5158314.46, "Plan Rows": 126321, "Plan Width": 59, "Inner Unique": false, "Hash Cond": "(public.lineitem.l_orderkey = orders.o_orderkey), (LLVM Optimized)", "Plans": [{"Node Type": "Seq Scan", "Parent Relationship": "Outer", "Relation Name": "lineitem", "Alias": "lineitem", "Startup Cost": 0.0, "Total Cost": 2015115.33, "Plan Rows": 59987033, "Plan Width": 16}, {"Node Type": "Hash", "Parent Relationship": "Inner", "Startup Cost": 2917517.42, "Total Cost": 2917517.42, "Plan Rows": 13913, "Plan Width": 59, "Plans": [{"Node Type": "Hash Join", "Parent Relationship": "Outer", "Join Type": "Inner", "Startup Cost": 2452820.37, "Total Cost": 2917517.42, "Plan Rows": 13913, "Plan Width": 59, "Inner Unique": true, "Hash Cond": "(orders.o_custkey = customer.c_custkey)", "Plans": [{"Node Type": "Hash Join", "Parent Relationship": "Outer", "Join Type": "Inner", "Startup Cost": 2381944.37, "Total Cost": 2846187.2, "Plan Rows": 33034, "Plan Width": 40, "Inner Unique": true, "Hash Cond": "(orders.o_orderkey = public.lineitem.l_orderkey)", "Plans": [{"Node Type": "Seq Scan", "Parent Relationship": "Outer", "Relation Name": "orders", "Alias": "orders", "Startup Cost": 0.0, "Total Cost": 426413.79, "Plan Rows": 14999479, "Plan Width": 32}, {"Node Type": "Hash", "Parent Relationship": "Inner", "Startup Cost": 2381531.45, "Total Cost": 2381531.45, "Plan Rows": 33034, "Plan Width": 8, "Plans": [{"Node Type": "Aggregate", "Strategy": "Hashed", "Parent Relationship": "Outer", "Startup Cost": 2315050.5, "Total Cost": 2381201.11, "Plan Rows": 33034, "Plan Width": 24, "Group By Key": ["public.lineitem.l_orderkey"], "Filter": "(sum(public.lineitem.l_quantity) > 314::double precision), (LLVM Optimized)", "Plans": [{"Node Type": "Seq Scan", "Parent Relationship": "Outer", "Relation Name": "lineitem", "Alias": "lineitem", "Startup Cost": 0.0, "Total Cost": 2015115.33, "Plan Rows": 59987033, "Plan Width": 16}]}]}]}, {"Node Type": "Hash", "Parent Relationship": "Inner", "Startup Cost": 52126.0, "Total Cost": 52126.0, "Plan Rows": 1500000, "Plan Width": 27, "Plans": [{"Node Type": "Seq Scan", "Parent Relationship": "Outer", "Relation Name": "customer", "Alias": "customer", "Startup Cost": 0.0, "Total Cost": 52126.0, "Plan Rows": 1500000, "Plan Width": 27}]}]}]}]}]}]}]}, "Unique SQL Id": 1915754155, "Planner Runtime": 1}, "explain_analyze_plan": {"Plan": {"Node Type": "Limit", "Startup Cost": 5166300.38, "Total Cost": 5166300.63, "Plan Rows": 100, "Plan Width": 67, "Actual Startup Time": 92717.725, "Actual Total Time": 92717.74, "Actual Rows": 84, "Actual Loops": 1, "Plans": [{"Node Type": "Sort", "Parent Relationship": "Outer", "Startup Cost": 5166300.38, "Total Cost": 5166616.18, "Plan Rows": 100, "Plan Width": 67, "Actual Startup Time": 92717.723, "Actual Total Time": 92717.732, "Actual Rows": 84, "Actual Loops": 1, "Sort Key": ["orders.o_totalprice DESC", "orders.o_orderdate"], "Sort Method": "quicksort", "Sort Space Used": 38, "Sort Space Type": "Memory", "Plans": [{"Node Type": "Aggregate", "Strategy": "Hashed", "Parent Relationship": "Outer", "Startup Cost": 5160209.27, "Total Cost": 5161472.48, "Plan Rows": 126321, "Plan Width": 67, "Actual Startup Time": 92717.281, "Actual Total Time": 92717.615, "Actual Rows": 84, "Actual Loops": 1, "Group By Key": ["orders.o_totalprice", "orders.o_orderdate", "customer.c_name", "customer.c_custkey", "orders.o_orderkey"], "Plans": [{"Node Type": "Hash Join", "Parent Relationship": "Outer", "Join Type": "Inner", "Startup Cost": 2917691.33, "Total Cost": 5158314.46, "Plan Rows": 126321, "Plan Width": 59, "Actual Startup Time": 65406.334, "Actual Total Time": 92713.632, "Actual Rows": 588, "Actual Loops": 1, "Inner Unique": false, "Hash Cond": "(public.lineitem.l_orderkey = orders.o_orderkey), (LLVM Optimized, Jit Execute)", "Plans": [{"Node Type": "Seq Scan", "Parent Relationship": "Outer", "Relation Name": "lineitem", "Alias": "lineitem", "Startup Cost": 0.0, "Total Cost": 2015115.33, "Plan Rows": 59987033, "Plan Width": 16, "Actual Startup Time": 0.014, "Actual Total Time": 16815.371, "Actual Rows": 59986052, "Actual Loops": 1}, {"Node Type": "Hash", "Parent Relationship": "Inner", "Startup Cost": 2917517.42, "Total Cost": 2917517.42, "Plan Rows": 13913, "Plan Width": 59, "Actual Startup Time": 64799.879, "Actual Total Time": 64799.879, "Actual Rows": 84, "Actual Loops": 1, "Hash Buckets": 32768, "Hash Batches": 1, "Original Hash Batches": 1, "Peak Memory Usage": 8, "Plans": [{"Node Type": "Hash Join", "Parent Relationship": "Outer", "Join Type": "Inner", "Startup Cost": 2452820.37, "Total Cost": 2917517.42, "Plan Rows": 13913, "Plan Width": 59, "Actual Startup Time": 57763.523, "Actual Total Time": 64799.467, "Actual Rows": 84, "Actual Loops": 1, "Inner Unique": true, "Hash Cond": "(orders.o_custkey = customer.c_custkey)", "Plans": [{"Node Type": "Hash Join", "Parent Relationship": "Outer", "Join Type": "Inner", "Startup Cost": 2381944.37, "Total Cost": 2846187.2, "Plan Rows": 33034, "Plan Width": 40, "Actual Startup Time": 56634.242, "Actual Total Time": 63668.509, "Actual Rows": 84, "Actual Loops": 1, "Inner Unique": true, "Hash Cond": "(orders.o_orderkey = public.lineitem.l_orderkey)", "Plans": [{"Node Type": "Seq Scan", "Parent Relationship": "Outer", "Relation Name": "orders", "Alias": "orders", "Startup Cost": 0.0, "Total Cost": 426413.79, "Plan Rows": 14999479, "Plan Width": 32, "Actual Startup Time": 0.037, "Actual Total Time": 4114.338, "Actual Rows": 15000000, "Actual Loops": 1}, {"Node Type": "Hash", "Parent Relationship": "Inner", "Startup Cost": 2381531.45, "Total Cost": 2381531.45, "Plan Rows": 33034, "Plan Width": 8, "Actual Startup Time": 56468.65, "Actual Total Time": 56468.65, "Actual Rows": 84, "Actual Loops": 1, "Hash Buckets": 65536, "Hash Batches": 1, "Original Hash Batches": 1, "Peak Memory Usage": 4, "Plans": [{"Node Type": "Aggregate", "Strategy": "Hashed", "Parent Relationship": "Outer", "Startup Cost": 2315050.5, "Total Cost": 2381201.11, "Plan Rows": 33034, "Plan Width": 24, "Actual Startup Time": 49085.307, "Actual Total Time": 56468.144, "Actual Rows": 84, "Actual Loops": 1, "Group By Key": ["public.lineitem.l_orderkey"], "Filter": "(sum(public.lineitem.l_quantity) > 314::double precision), (LLVM Optimized, Jit Execute)", "Rows Removed by Filter": 14999916, "Plans": [{"Node Type": "Seq Scan", "Parent Relationship": "Outer", "Relation Name": "lineitem", "Alias": "lineitem", "Startup Cost": 0.0, "Total Cost": 2015115.33, "Plan Rows": 59987033, "Plan Width": 16, "Actual Startup Time": 0.052, "Actual Total Time": 20383.299, "Actual Rows": 59986052, "Actual Loops": 1}]}]}]}, {"Node Type": "Hash", "Parent Relationship": "Inner", "Startup Cost": 52126.0, "Total Cost": 52126.0, "Plan Rows": 1500000, "Plan Width": 27, "Actual Startup Time": 1127.687, "Actual Total Time": 1127.687, "Actual Rows": 1500000, "Actual Loops": 1, "Hash Buckets": 2097152, "Hash Batches": 1, "Original Hash Batches": 1, "Peak Memory Usage": 93750, "Plans": [{"Node Type": "Seq Scan", "Parent Relationship": "Outer", "Relation Name": "customer", "Alias": "customer", "Startup Cost": 0.0, "Total Cost": 52126.0, "Plan Rows": 1500000, "Plan Width": 27, "Actual Startup Time": 0.017, "Actual Total Time": 539.952, "Actual Rows": 1500000, "Actual Loops": 1}]}]}]}]}]}]}]}, "Triggers": [], "Planner Runtime": 2.006, "Total Runtime": 92727.428, "Unique SQL Id": 1915754155}}, "(16, '107')": {"explain_plan": {"Plan": {"Node Type": "Limit", "Startup Cost": 4000729862658.05, "Total Cost": 4000729862658.3, "Plan Rows": 100, "Plan Width": 67, "Plans": [{"Node Type": "Sort", "Parent Relationship": "Outer", "Startup Cost": 4000729862658.05, "Total Cost": 4000729862973.86, "Plan Rows": 100, "Plan Width": 67, "Sort Key": ["orders.o_totalprice DESC", "orders.o_orderdate"], "Plans": [{"Node Type": "Aggregate", "Strategy": "Hashed", "Parent Relationship": "Outer", "Startup Cost": 4000729856566.94, "Total Cost": 4000729857830.15, "Plan Rows": 126321, "Plan Width": 67, "Group By Key": ["orders.o_totalprice", "orders.o_orderdate", "customer.c_name", "customer.c_custkey", "orders.o_orderkey"], "Plans": [{"Node Type": "Hash Join", "Parent Relationship": "Outer", "Join Type": "Inner", "Startup Cost": 3010405613789.84, "Total Cost": 4000729854672.13, "Plan Rows": 126321, "Plan Width": 59, "Inner Unique": false, "Hash Cond": "(public.lineitem.l_orderkey = orders.o_orderkey), (LLVM Optimized)", "Plans": [{"Node Type": "Index Scan", "Parent Relationship": "Outer", "Scan Direction": "Forward", "Index Name": "idx_lineitem_orderkey", "Relation Name": "lineitem", "Alias": "lineitem", "Startup Cost": 10000000000.0, "Total Cost": 1000324015374.5, "Plan Rows": 59987033, "Plan Width": 16}, {"Node Type": "Hash", "Parent Relationship": "Inner", "Startup Cost": 3000405613615.92, "Total Cost": 3000405613615.92, "Plan Rows": 13913, "Plan Width": 59, "Plans": [{"Node Type": "Hash Join", "Parent Relationship": "Outer", "Join Type": "Inner", "Startup Cost": 2010332477489.17, "Total Cost": 3000405613615.92, "Plan Rows": 13913, "Plan Width": 59, "Inner Unique": true, "Hash Cond": "(orders.o_custkey = customer.c_custkey)", "Plans": [{"Node Type": "Hash Join", "Parent Relationship": "Outer", "Join Type": "Inner", "Startup Cost": 1010324382203.55, "Total Cost": 2000397517876.08, "Plan Rows": 33034, "Plan Width": 40, "Inner Unique": true, "Hash Cond": "(orders.o_orderkey = public.lineitem.l_orderkey)", "Plans": [{"Node Type": "Index Scan", "Parent Relationship": "Outer", "Scan Direction": "Forward", "Index Name": "orders_pkey", "Relation Name": "orders", "Alias": "orders", "Startup Cost": 10000000000.0, "Total Cost": 1000073097843.5, "Plan Rows": 14999479, "Plan Width": 32}, {"Node Type": "Hash", "Parent Relationship": "Inner", "Startup Cost": 1000324381790.62, "Total Cost": 1000324381790.62, "Plan Rows": 33034, "Plan Width": 8, "Plans": [{"Node Type": "Aggregate", "Strategy": "Hashed", "Parent Relationship": "Outer", "Startup Cost": 1000324315309.67, "Total Cost": 1000324381460.28, "Plan Rows": 33034, "Plan Width": 24, "Group By Key": ["public.lineitem.l_orderkey"], "Filter": "(sum(public.lineitem.l_quantity) > 314::double precision), (LLVM Optimized)", "Plans": [{"Node Type": "Index Scan", "Parent Relationship": "Outer", "Scan Direction": "Forward", "Index Name": "idx_lineitem_orderkey", "Relation Name": "lineitem", "Alias": "lineitem", "Startup Cost": 10000000000.0, "Total Cost": 1000324015374.5, "Plan Rows": 59987033, "Plan Width": 16}]}]}]}, {"Node Type": "Hash", "Parent Relationship": "Inner", "Startup Cost": 1000008076535.62, "Total Cost": 1000008076535.62, "Plan Rows": 1500000, "Plan Width": 27, "Plans": [{"Node Type": "Index Scan", "Parent Relationship": "Outer", "Scan Direction": "Forward", "Index Name": "customer_pkey", "Relation Name": "customer", "Alias": "customer", "Startup Cost": 10000000000.0, "Total Cost": 1000008076535.62, "Plan Rows": 1500000, "Plan Width": 27}]}]}]}]}]}]}]}, "Unique SQL Id": 1915754155, "Planner Runtime": 1}, "explain_analyze_plan": null}, "(16, '108')": {"explain_plan": {"Plan": {"Node Type": "Limit", "Startup Cost": 2649029.8, "Total Cost": 2649030.05, "Plan Rows": 100, "Plan Width": 67, "Plans": [{"Node Type": "Sort", "Parent Relationship": "Outer", "Startup Cost": 2649029.8, "Total Cost": 2649345.6, "Plan Rows": 100, "Plan Width": 67, "Sort Key": ["orders.o_totalprice DESC", "orders.o_orderdate"], "Plans": [{"Node Type": "Aggregate", "Strategy": "Hashed", "Parent Relationship": "Outer", "Startup Cost": 2642938.69, "Total Cost": 2644201.9, "Plan Rows": 126321, "Plan Width": 67, "Group By Key": ["orders.o_totalprice", "orders.o_orderdate", "customer.c_name", "customer.c_custkey", "orders.o_orderkey"], "Plans": [{"Node Type": "Nested Loop", "Parent Relationship": "Outer", "Join Type": "Inner", "Startup Cost": 2315050.5, "Total Cost": 2641043.88, "Plan Rows": 126321, "Plan Width": 59, "Inner Unique": false, "Plans": [{"Node Type": "Nested Loop", "Parent Relationship": "Outer", "Join Type": "Inner", "Startup Cost": 2315050.5, "Total Cost": 2627700.1, "Plan Rows": 13913, "Plan Width": 59, "Inner Unique": true, "Plans": [{"Node Type": "Nested Loop", "Parent Relationship": "Outer", "Join Type": "Inner", "Startup Cost": 2315050.5, "Total Cost": 2618076.97, "Plan Rows": 33034, "Plan Width": 40, "Inner Unique": true, "Plans": [{"Node Type": "Aggregate", "Strategy": "Hashed", "Parent Relationship": "Outer", "Startup Cost": 2315050.5, "Total Cost": 2381201.11, "Plan Rows": 33034, "Plan Width": 24, "Group By Key": ["public.lineitem.l_orderkey"], "Filter": "(sum(public.lineitem.l_quantity) > 314::double precision), (LLVM Optimized)", "Plans": [{"Node Type": "Seq Scan", "Parent Relationship": "Outer", "Relation Name": "lineitem", "Alias": "lineitem", "Startup Cost": 0.0, "Total Cost": 2015115.33, "Plan Rows": 59987033, "Plan Width": 16}]}, {"Node Type": "Index Scan", "Parent Relationship": "Inner", "Scan Direction": "Forward", "Index Name": "orders_pkey", "Relation Name": "orders", "Alias": "orders", "Startup Cost": 0.0, "Total Cost": 7.15, "Plan Rows": 1, "Plan Width": 32, "Index Cond": "(o_orderkey = public.lineitem.l_orderkey)"}]}, {"Node Type": "Index Scan", "Parent Relationship": "Inner", "Scan Direction": "Forward", "Index Name": "customer_pkey", "Relation Name": "customer", "Alias": "customer", "Startup Cost": 0.0, "Total Cost": 0.28, "Plan Rows": 1, "Plan Width": 27, "Index Cond": "(c_custkey = orders.o_custkey)"}]}, {"Node Type": "Index Scan", "Parent Relationship": "Inner", "Scan Direction": "Forward", "Index Name": "idx_lineitem_orderkey", "Relation Name": "lineitem", "Alias": "lineitem", "Startup Cost": 0.0, "Total Cost": 0.87, "Plan Rows": 9, "Plan Width": 16, "Index Cond": "(l_orderkey = orders.o_orderkey)"}]}]}]}]}, "Unique SQL Id": 1915754155, "Planner Runtime": 1}, "explain_analyze_plan": {"Plan": {"Node Type": "Limit", "Startup Cost": 2649029.8, "Total Cost": 2649030.05, "Plan Rows": 100, "Plan Width": 67, "Actual Startup Time": 53367.336, "Actual Total Time": 53367.355, "Actual Rows": 84, "Actual Loops": 1, "Plans": [{"Node Type": "Sort", "Parent Relationship": "Outer", "Startup Cost": 2649029.8, "Total Cost": 2649345.6, "Plan Rows": 100, "Plan Width": 67, "Actual Startup Time": 53367.333, "Actual Total Time": 53367.342, "Actual Rows": 84, "Actual Loops": 1, "Sort Key": ["orders.o_totalprice DESC", "orders.o_orderdate"], "Sort Method": "quicksort", "Sort Space Used": 38, "Sort Space Type": "Memory", "Plans": [{"Node Type": "Aggregate", "Strategy": "Hashed", "Parent Relationship": "Outer", "Startup Cost": 2642938.69, "Total Cost": 2644201.9, "Plan Rows": 126321, "Plan Width": 67, "Actual Startup Time": 53366.678, "Actual Total Time": 53367.237, "Actual Rows": 84, "Actual Loops": 1, "Group By Key": ["orders.o_totalprice", "orders.o_orderdate", "customer.c_name", "customer.c_custkey", "orders.o_orderkey"], "Plans": [{"Node Type": "Nested Loop", "Parent Relationship": "Outer", "Join Type": "Inner", "Startup Cost": 2315050.5, "Total Cost": 2641043.88, "Plan Rows": 126321, "Plan Width": 59, "Actual Startup Time": 47583.176, "Actual Total Time": 53364.795, "Actual Rows": 588, "Actual Loops": 1, "Inner Unique": false, "Plans": [{"Node Type": "Nested Loop", "Parent Relationship": "Outer", "Join Type": "Inner", "Startup Cost": 2315050.5, "Total Cost": 2627700.1, "Plan Rows": 13913, "Plan Width": 59, "Actual Startup Time": 47583.15, "Actual Total Time": 53362.449, "Actual Rows": 84, "Actual Loops": 1, "Inner Unique": true, "Plans": [{"Node Type": "Nested Loop", "Parent Relationship": "Outer", "Join Type": "Inner", "Startup Cost": 2315050.5, "Total Cost": 2618076.97, "Plan Rows": 33034, "Plan Width": 40, "Actual Startup Time": 47583.13, "Actual Total Time": 53361.021, "Actual Rows": 84, "Actual Loops": 1, "Inner Unique": true, "Plans": [{"Node Type": "Aggregate", "Strategy": "Hashed", "Parent Relationship": "Outer", "Startup Cost": 2315050.5, "Total Cost": 2381201.11, "Plan Rows": 33034, "Plan Width": 24, "Actual Startup Time": 47583.052, "Actual Total Time": 53340.03, "Actual Rows": 84, "Actual Loops": 1, "Group By Key": ["public.lineitem.l_orderkey"], "Filter": "(sum(public.lineitem.l_quantity) > 314::double precision), (LLVM Optimized, Jit Execute)", "Rows Removed by Filter": 14999916, "Plans": [{"Node Type": "Seq Scan", "Parent Relationship": "Outer", "Relation Name": "lineitem", "Alias": "lineitem", "Startup Cost": 0.0, "Total Cost": 2015115.33, "Plan Rows": 59987033, "Plan Width": 16, "Actual Startup Time": 0.044, "Actual Total Time": 20352.533, "Actual Rows": 59986052, "Actual Loops": 1}]}, {"Node Type": "Index Scan", "Parent Relationship": "Inner", "Scan Direction": "Forward", "Index Name": "orders_pkey", "Relation Name": "orders", "Alias": "orders", "Startup Cost": 0.0, "Total Cost": 7.15, "Plan Rows": 1, "Plan Width": 32, "Actual Startup Time": 2.902, "Actual Total Time": 2.902, "Actual Rows": 84, "Actual Loops": 84, "Index Cond": "(o_orderkey = public.lineitem.l_orderkey)", "Rows Removed by Index Recheck": 0}]}, {"Node Type": "Index Scan", "Parent Relationship": "Inner", "Scan Direction": "Forward", "Index Name": "customer_pkey", "Relation Name": "customer", "Alias": "customer", "Startup Cost": 0.0, "Total Cost": 0.28, "Plan Rows": 1, "Plan Width": 27, "Actual Startup Time": 1.048, "Actual Total Time": 1.048, "Actual Rows": 84, "Actual Loops": 84, "Index Cond": "(c_custkey = orders.o_custkey)", "Rows Removed by Index Recheck": 0}]}, {"Node Type": "Index Scan", "Parent Relationship": "Inner", "Scan Direction": "Forward", "Index Name": "idx_lineitem_orderkey", "Relation Name": "lineitem", "Alias": "lineitem", "Startup Cost": 0.0, "Total Cost": 0.87, "Plan Rows": 9, "Plan Width": 16, "Actual Startup Time": 1.401, "Actual Total Time": 1.898, "Actual Rows": 588, "Actual Loops": 84, "Index Cond": "(l_orderkey = orders.o_orderkey)", "Rows Removed by Index Recheck": 0}]}]}]}]}, "Triggers": [], "Planner Runtime": 2.116, "Total Runtime": 53376.681, "Unique SQL Id": 1915754155}}, "(16, '109')": {"explain_plan": {"Plan": {"Node Type": "Limit", "Startup Cost": 3874068.21, "Total Cost": 3874068.46, "Plan Rows": 100, "Plan Width": 67, "Plans": [{"Node Type": "Sort", "Parent Relationship": "Outer", "Startup Cost": 3874068.21, "Total Cost": 3874384.02, "Plan Rows": 100, "Plan Width": 67, "Sort Key": ["orders.o_totalprice DESC", "orders.o_orderdate"], "Plans": [{"Node Type": "Aggregate", "Strategy": "Hashed", "Parent Relationship": "Outer", "Startup Cost": 3867977.11, "Total Cost": 3869240.32, "Plan Rows": 126321, "Plan Width": 67, "Group By Key": ["orders.o_totalprice", "orders.o_orderdate", "customer.c_name", "customer.c_custkey", "orders.o_orderkey"], "Plans": [{"Node Type": "Nested Loop", "Parent Relationship": "Outer", "Join Type": "Inner", "Startup Cost": 3540088.91, "Total Cost": 3866082.29, "Plan Rows": 126321, "Plan Width": 59, "Inner Unique": false, "Plans": [{"Node Type": "Nested Loop", "Parent Relationship": "Outer", "Join Type": "Inner", "Startup Cost": 3540088.91, "Total Cost": 3852738.51, "Plan Rows": 13913, "Plan Width": 59, "Inner Unique": true, "Plans": [{"Node Type": "Nested Loop", "Parent Relationship": "Outer", "Join Type": "Inner", "Startup Cost": 3540088.91, "Total Cost": 3843115.38, "Plan Rows": 33034, "Plan Width": 40, "Inner Unique": true, "Plans": [{"Node Type": "Aggregate", "Strategy": "Hashed", "Parent Relationship": "Outer", "Startup Cost": 3540088.91, "Total Cost": 3606239.52, "Plan Rows": 33034, "Plan Width": 24, "Group By Key": ["public.lineitem.l_orderkey"], "Filter": "(sum(public.lineitem.l_quantity) > 314::double precision), (LLVM Optimized)", "Plans": [{"Node Type": "Index Scan", "Parent Relationship": "Outer", "Scan Direction": "Forward", "Index Name": "idx_lineitem_orderkey", "Relation Name": "lineitem", "Alias": "lineitem", "Startup Cost": 0.0, "Total Cost": 3240153.75, "Plan Rows": 59987033, "Plan Width": 16}]}, {"Node Type": "Index Scan", "Parent Relationship": "Inner", "Scan Direction": "Forward", "Index Name": "orders_pkey", "Relation Name": "orders", "Alias": "orders", "Startup Cost": 0.0, "Total Cost": 7.15, "Plan Rows": 1, "Plan Width": 32, "Index Cond": "(o_orderkey = public.lineitem.l_orderkey)"}]}, {"Node Type": "Index Scan", "Parent Relationship": "Inner", "Scan Direction": "Forward", "Index Name": "customer_pkey", "Relation Name": "customer", "Alias": "customer", "Startup Cost": 0.0, "Total Cost": 0.28, "Plan Rows": 1, "Plan Width": 27, "Index Cond": "(c_custkey = orders.o_custkey)"}]}, {"Node Type": "Index Scan", "Parent Relationship": "Inner", "Scan Direction": "Forward", "Index Name": "idx_lineitem_orderkey", "Relation Name": "lineitem", "Alias": "lineitem", "Startup Cost": 0.0, "Total Cost": 0.87, "Plan Rows": 9, "Plan Width": 16, "Index Cond": "(l_orderkey = orders.o_orderkey)"}]}]}]}]}, "Unique SQL Id": 1915754155, "Planner Runtime": 1}, "explain_analyze_plan": {"Plan": {"Node Type": "Limit", "Startup Cost": 3874068.21, "Total Cost": 3874068.46, "Plan Rows": 100, "Plan Width": 67, "Actual Startup Time": 80046.048, "Actual Total Time": 80046.063, "Actual Rows": 84, "Actual Loops": 1, "Plans": [{"Node Type": "Sort", "Parent Relationship": "Outer", "Startup Cost": 3874068.21, "Total Cost": 3874384.02, "Plan Rows": 100, "Plan Width": 67, "Actual Startup Time": 80046.046, "Actual Total Time": 80046.051, "Actual Rows": 84, "Actual Loops": 1, "Sort Key": ["orders.o_totalprice DESC", "orders.o_orderdate"], "Sort Method": "quicksort", "Sort Space Used": 38, "Sort Space Type": "Memory", "Plans": [{"Node Type": "Aggregate", "Strategy": "Hashed", "Parent Relationship": "Outer", "Startup Cost": 3867977.11, "Total Cost": 3869240.32, "Plan Rows": 126321, "Plan Width": 67, "Actual Startup Time": 80045.618, "Actual Total Time": 80045.952, "Actual Rows": 84, "Actual Loops": 1, "Group By Key": ["orders.o_totalprice", "orders.o_orderdate", "customer.c_name", "customer.c_custkey", "orders.o_orderkey"], "Plans": [{"Node Type": "Nested Loop", "Parent Relationship": "Outer", "Join Type": "Inner", "Startup Cost": 3540088.91, "Total Cost": 3866082.29, "Plan Rows": 126321, "Plan Width": 59, "Actual Startup Time": 71660.31, "Actual Total Time": 80043.737, "Actual Rows": 588, "Actual Loops": 1, "Inner Unique": false, "Plans": [{"Node Type": "Nested Loop", "Parent Relationship": "Outer", "Join Type": "Inner", "Startup Cost": 3540088.91, "Total Cost": 3852738.51, "Plan Rows": 13913, "Plan Width": 59, "Actual Startup Time": 71660.278, "Actual Total Time": 80041.063, "Actual Rows": 84, "Actual Loops": 1, "Inner Unique": true, "Plans": [{"Node Type": "Nested Loop", "Parent Relationship": "Outer", "Join Type": "Inner", "Startup Cost": 3540088.91, "Total Cost": 3843115.38, "Plan Rows": 33034, "Plan Width": 40, "Actual Startup Time": 71660.251, "Actual Total Time": 80039.183, "Actual Rows": 84, "Actual Loops": 1, "Inner Unique": true, "Plans": [{"Node Type": "Aggregate", "Strategy": "Hashed", "Parent Relationship": "Outer", "Startup Cost": 3540088.91, "Total Cost": 3606239.52, "Plan Rows": 33034, "Plan Width": 24, "Actual Startup Time": 71660.193, "Actual Total Time": 80016.864, "Actual Rows": 84, "Actual Loops": 1, "Group By Key": ["public.lineitem.l_orderkey"], "Filter": "(sum(public.lineitem.l_quantity) > 314::double precision), (LLVM Optimized, Jit Execute)", "Rows Removed by Filter": 14999916, "Plans": [{"Node Type": "Index Scan", "Parent Relationship": "Outer", "Scan Direction": "Forward", "Index Name": "idx_lineitem_orderkey", "Relation Name": "lineitem", "Alias": "lineitem", "Startup Cost": 0.0, "Total Cost": 3240153.75, "Plan Rows": 59987033, "Plan Width": 16, "Actual Startup Time": 0.058, "Actual Total Time": 41400.691, "Actual Rows": 59986052, "Actual Loops": 1}]}, {"Node Type": "Index Scan", "Parent Relationship": "Inner", "Scan Direction": "Forward", "Index Name": "orders_pkey", "Relation Name": "orders", "Alias": "orders", "Startup Cost": 0.0, "Total Cost": 7.15, "Plan Rows": 1, "Plan Width": 32, "Actual Startup Time": 2.944, "Actual Total Time": 2.944, "Actual Rows": 84, "Actual Loops": 84, "Index Cond": "(o_orderkey = public.lineitem.l_orderkey)", "Rows Removed by Index Recheck": 0}]}, {"Node Type": "Index Scan", "Parent Relationship": "Inner", "Scan Direction": "Forward", "Index Name": "customer_pkey", "Relation Name": "customer", "Alias": "customer", "Startup Cost": 0.0, "Total Cost": 0.28, "Plan Rows": 1, "Plan Width": 27, "Actual Startup Time": 1.358, "Actual Total Time": 1.358, "Actual Rows": 84, "Actual Loops": 84, "Index Cond": "(c_custkey = orders.o_custkey)", "Rows Removed by Index Recheck": 0}]}, {"Node Type": "Index Scan", "Parent Relationship": "Inner", "Scan Direction": "Forward", "Index Name": "idx_lineitem_orderkey", "Relation Name": "lineitem", "Alias": "lineitem", "Startup Cost": 0.0, "Total Cost": 0.87, "Plan Rows": 9, "Plan Width": 16, "Actual Startup Time": 1.639, "Actual Total Time": 2.066, "Actual Rows": 588, "Actual Loops": 84, "Index Cond": "(l_orderkey = orders.o_orderkey)", "Rows Removed by Index Recheck": 0}]}]}]}]}, "Triggers": [], "Planner Runtime": 2.569, "Total Runtime": 80056.92, "Unique SQL Id": 1915754155}}, "(16, '110')": {"explain_plan": {"Plan": {"Node Type": "Limit", "Startup Cost": 5166300.38, "Total Cost": 5166300.63, "Plan Rows": 100, "Plan Width": 67, "Plans": [{"Node Type": "Sort", "Parent Relationship": "Outer", "Startup Cost": 5166300.38, "Total Cost": 5166616.18, "Plan Rows": 100, "Plan Width": 67, "Sort Key": ["orders.o_totalprice DESC", "orders.o_orderdate"], "Plans": [{"Node Type": "Aggregate", "Strategy": "Hashed", "Parent Relationship": "Outer", "Startup Cost": 5160209.27, "Total Cost": 5161472.48, "Plan Rows": 126321, "Plan Width": 67, "Group By Key": ["orders.o_totalprice", "orders.o_orderdate", "customer.c_name", "customer.c_custkey", "orders.o_orderkey"], "Plans": [{"Node Type": "Hash Join", "Parent Relationship": "Outer", "Join Type": "Inner", "Startup Cost": 2917691.33, "Total Cost": 5158314.46, "Plan Rows": 126321, "Plan Width": 59, "Inner Unique": false, "Hash Cond": "(public.lineitem.l_orderkey = orders.o_orderkey), (LLVM Optimized)", "Plans": [{"Node Type": "Seq Scan", "Parent Relationship": "Outer", "Relation Name": "lineitem", "Alias": "lineitem", "Startup Cost": 0.0, "Total Cost": 2015115.33, "Plan Rows": 59987033, "Plan Width": 16}, {"Node Type": "Hash", "Parent Relationship": "Inner", "Startup Cost": 2917517.42, "Total Cost": 2917517.42, "Plan Rows": 13913, "Plan Width": 59, "Plans": [{"Node Type": "Hash Join", "Parent Relationship": "Outer", "Join Type": "Inner", "Startup Cost": 2452820.37, "Total Cost": 2917517.42, "Plan Rows": 13913, "Plan Width": 59, "Inner Unique": true, "Hash Cond": "(orders.o_custkey = customer.c_custkey)", "Plans": [{"Node Type": "Hash Join", "Parent Relationship": "Outer", "Join Type": "Inner", "Startup Cost": 2381944.37, "Total Cost": 2846187.2, "Plan Rows": 33034, "Plan Width": 40, "Inner Unique": true, "Hash Cond": "(orders.o_orderkey = public.lineitem.l_orderkey)", "Plans": [{"Node Type": "Seq Scan", "Parent Relationship": "Outer", "Relation Name": "orders", "Alias": "orders", "Startup Cost": 0.0, "Total Cost": 426413.79, "Plan Rows": 14999479, "Plan Width": 32}, {"Node Type": "Hash", "Parent Relationship": "Inner", "Startup Cost": 2381531.45, "Total Cost": 2381531.45, "Plan Rows": 33034, "Plan Width": 8, "Plans": [{"Node Type": "Aggregate", "Strategy": "Hashed", "Parent Relationship": "Outer", "Startup Cost": 2315050.5, "Total Cost": 2381201.11, "Plan Rows": 33034, "Plan Width": 24, "Group By Key": ["public.lineitem.l_orderkey"], "Filter": "(sum(public.lineitem.l_quantity) > 314::double precision), (LLVM Optimized)", "Plans": [{"Node Type": "Seq Scan", "Parent Relationship": "Outer", "Relation Name": "lineitem", "Alias": "lineitem", "Startup Cost": 0.0, "Total Cost": 2015115.33, "Plan Rows": 59987033, "Plan Width": 16}]}]}]}, {"Node Type": "Hash", "Parent Relationship": "Inner", "Startup Cost": 52126.0, "Total Cost": 52126.0, "Plan Rows": 1500000, "Plan Width": 27, "Plans": [{"Node Type": "Seq Scan", "Parent Relationship": "Outer", "Relation Name": "customer", "Alias": "customer", "Startup Cost": 0.0, "Total Cost": 52126.0, "Plan Rows": 1500000, "Plan Width": 27}]}]}]}]}]}]}]}, "Unique SQL Id": 1915754155, "Planner Runtime": 1}, "explain_analyze_plan": {"Plan": {"Node Type": "Limit", "Startup Cost": 5166300.38, "Total Cost": 5166300.63, "Plan Rows": 100, "Plan Width": 67, "Actual Startup Time": 92717.725, "Actual Total Time": 92717.74, "Actual Rows": 84, "Actual Loops": 1, "Plans": [{"Node Type": "Sort", "Parent Relationship": "Outer", "Startup Cost": 5166300.38, "Total Cost": 5166616.18, "Plan Rows": 100, "Plan Width": 67, "Actual Startup Time": 92717.723, "Actual Total Time": 92717.732, "Actual Rows": 84, "Actual Loops": 1, "Sort Key": ["orders.o_totalprice DESC", "orders.o_orderdate"], "Sort Method": "quicksort", "Sort Space Used": 38, "Sort Space Type": "Memory", "Plans": [{"Node Type": "Aggregate", "Strategy": "Hashed", "Parent Relationship": "Outer", "Startup Cost": 5160209.27, "Total Cost": 5161472.48, "Plan Rows": 126321, "Plan Width": 67, "Actual Startup Time": 92717.281, "Actual Total Time": 92717.615, "Actual Rows": 84, "Actual Loops": 1, "Group By Key": ["orders.o_totalprice", "orders.o_orderdate", "customer.c_name", "customer.c_custkey", "orders.o_orderkey"], "Plans": [{"Node Type": "Hash Join", "Parent Relationship": "Outer", "Join Type": "Inner", "Startup Cost": 2917691.33, "Total Cost": 5158314.46, "Plan Rows": 126321, "Plan Width": 59, "Actual Startup Time": 65406.334, "Actual Total Time": 92713.632, "Actual Rows": 588, "Actual Loops": 1, "Inner Unique": false, "Hash Cond": "(public.lineitem.l_orderkey = orders.o_orderkey), (LLVM Optimized, Jit Execute)", "Plans": [{"Node Type": "Seq Scan", "Parent Relationship": "Outer", "Relation Name": "lineitem", "Alias": "lineitem", "Startup Cost": 0.0, "Total Cost": 2015115.33, "Plan Rows": 59987033, "Plan Width": 16, "Actual Startup Time": 0.014, "Actual Total Time": 16815.371, "Actual Rows": 59986052, "Actual Loops": 1}, {"Node Type": "Hash", "Parent Relationship": "Inner", "Startup Cost": 2917517.42, "Total Cost": 2917517.42, "Plan Rows": 13913, "Plan Width": 59, "Actual Startup Time": 64799.879, "Actual Total Time": 64799.879, "Actual Rows": 84, "Actual Loops": 1, "Hash Buckets": 32768, "Hash Batches": 1, "Original Hash Batches": 1, "Peak Memory Usage": 8, "Plans": [{"Node Type": "Hash Join", "Parent Relationship": "Outer", "Join Type": "Inner", "Startup Cost": 2452820.37, "Total Cost": 2917517.42, "Plan Rows": 13913, "Plan Width": 59, "Actual Startup Time": 57763.523, "Actual Total Time": 64799.467, "Actual Rows": 84, "Actual Loops": 1, "Inner Unique": true, "Hash Cond": "(orders.o_custkey = customer.c_custkey)", "Plans": [{"Node Type": "Hash Join", "Parent Relationship": "Outer", "Join Type": "Inner", "Startup Cost": 2381944.37, "Total Cost": 2846187.2, "Plan Rows": 33034, "Plan Width": 40, "Actual Startup Time": 56634.242, "Actual Total Time": 63668.509, "Actual Rows": 84, "Actual Loops": 1, "Inner Unique": true, "Hash Cond": "(orders.o_orderkey = public.lineitem.l_orderkey)", "Plans": [{"Node Type": "Seq Scan", "Parent Relationship": "Outer", "Relation Name": "orders", "Alias": "orders", "Startup Cost": 0.0, "Total Cost": 426413.79, "Plan Rows": 14999479, "Plan Width": 32, "Actual Startup Time": 0.037, "Actual Total Time": 4114.338, "Actual Rows": 15000000, "Actual Loops": 1}, {"Node Type": "Hash", "Parent Relationship": "Inner", "Startup Cost": 2381531.45, "Total Cost": 2381531.45, "Plan Rows": 33034, "Plan Width": 8, "Actual Startup Time": 56468.65, "Actual Total Time": 56468.65, "Actual Rows": 84, "Actual Loops": 1, "Hash Buckets": 65536, "Hash Batches": 1, "Original Hash Batches": 1, "Peak Memory Usage": 4, "Plans": [{"Node Type": "Aggregate", "Strategy": "Hashed", "Parent Relationship": "Outer", "Startup Cost": 2315050.5, "Total Cost": 2381201.11, "Plan Rows": 33034, "Plan Width": 24, "Actual Startup Time": 49085.307, "Actual Total Time": 56468.144, "Actual Rows": 84, "Actual Loops": 1, "Group By Key": ["public.lineitem.l_orderkey"], "Filter": "(sum(public.lineitem.l_quantity) > 314::double precision), (LLVM Optimized, Jit Execute)", "Rows Removed by Filter": 14999916, "Plans": [{"Node Type": "Seq Scan", "Parent Relationship": "Outer", "Relation Name": "lineitem", "Alias": "lineitem", "Startup Cost": 0.0, "Total Cost": 2015115.33, "Plan Rows": 59987033, "Plan Width": 16, "Actual Startup Time": 0.052, "Actual Total Time": 20383.299, "Actual Rows": 59986052, "Actual Loops": 1}]}]}]}, {"Node Type": "Hash", "Parent Relationship": "Inner", "Startup Cost": 52126.0, "Total Cost": 52126.0, "Plan Rows": 1500000, "Plan Width": 27, "Actual Startup Time": 1127.687, "Actual Total Time": 1127.687, "Actual Rows": 1500000, "Actual Loops": 1, "Hash Buckets": 2097152, "Hash Batches": 1, "Original Hash Batches": 1, "Peak Memory Usage": 93750, "Plans": [{"Node Type": "Seq Scan", "Parent Relationship": "Outer", "Relation Name": "customer", "Alias": "customer", "Startup Cost": 0.0, "Total Cost": 52126.0, "Plan Rows": 1500000, "Plan Width": 27, "Actual Startup Time": 0.017, "Actual Total Time": 539.952, "Actual Rows": 1500000, "Actual Loops": 1}]}]}]}]}]}]}]}, "Triggers": [], "Planner Runtime": 2.006, "Total Runtime": 92727.428, "Unique SQL Id": 1915754155}}, "(16, '111')": {"explain_plan": {"Plan": {"Node Type": "Limit", "Startup Cost": 4000729862658.05, "Total Cost": 4000729862658.3, "Plan Rows": 100, "Plan Width": 67, "Plans": [{"Node Type": "Sort", "Parent Relationship": "Outer", "Startup Cost": 4000729862658.05, "Total Cost": 4000729862973.86, "Plan Rows": 100, "Plan Width": 67, "Sort Key": ["orders.o_totalprice DESC", "orders.o_orderdate"], "Plans": [{"Node Type": "Aggregate", "Strategy": "Hashed", "Parent Relationship": "Outer", "Startup Cost": 4000729856566.94, "Total Cost": 4000729857830.15, "Plan Rows": 126321, "Plan Width": 67, "Group By Key": ["orders.o_totalprice", "orders.o_orderdate", "customer.c_name", "customer.c_custkey", "orders.o_orderkey"], "Plans": [{"Node Type": "Hash Join", "Parent Relationship": "Outer", "Join Type": "Inner", "Startup Cost": 3010405613789.84, "Total Cost": 4000729854672.13, "Plan Rows": 126321, "Plan Width": 59, "Inner Unique": false, "Hash Cond": "(public.lineitem.l_orderkey = orders.o_orderkey), (LLVM Optimized)", "Plans": [{"Node Type": "Index Scan", "Parent Relationship": "Outer", "Scan Direction": "Forward", "Index Name": "idx_lineitem_orderkey", "Relation Name": "lineitem", "Alias": "lineitem", "Startup Cost": 10000000000.0, "Total Cost": 1000324015374.5, "Plan Rows": 59987033, "Plan Width": 16}, {"Node Type": "Hash", "Parent Relationship": "Inner", "Startup Cost": 3000405613615.92, "Total Cost": 3000405613615.92, "Plan Rows": 13913, "Plan Width": 59, "Plans": [{"Node Type": "Hash Join", "Parent Relationship": "Outer", "Join Type": "Inner", "Startup Cost": 2010332477489.17, "Total Cost": 3000405613615.92, "Plan Rows": 13913, "Plan Width": 59, "Inner Unique": true, "Hash Cond": "(orders.o_custkey = customer.c_custkey)", "Plans": [{"Node Type": "Hash Join", "Parent Relationship": "Outer", "Join Type": "Inner", "Startup Cost": 1010324382203.55, "Total Cost": 2000397517876.08, "Plan Rows": 33034, "Plan Width": 40, "Inner Unique": true, "Hash Cond": "(orders.o_orderkey = public.lineitem.l_orderkey)", "Plans": [{"Node Type": "Index Scan", "Parent Relationship": "Outer", "Scan Direction": "Forward", "Index Name": "orders_pkey", "Relation Name": "orders", "Alias": "orders", "Startup Cost": 10000000000.0, "Total Cost": 1000073097843.5, "Plan Rows": 14999479, "Plan Width": 32}, {"Node Type": "Hash", "Parent Relationship": "Inner", "Startup Cost": 1000324381790.62, "Total Cost": 1000324381790.62, "Plan Rows": 33034, "Plan Width": 8, "Plans": [{"Node Type": "Aggregate", "Strategy": "Hashed", "Parent Relationship": "Outer", "Startup Cost": 1000324315309.67, "Total Cost": 1000324381460.28, "Plan Rows": 33034, "Plan Width": 24, "Group By Key": ["public.lineitem.l_orderkey"], "Filter": "(sum(public.lineitem.l_quantity) > 314::double precision), (LLVM Optimized)", "Plans": [{"Node Type": "Index Scan", "Parent Relationship": "Outer", "Scan Direction": "Forward", "Index Name": "idx_lineitem_orderkey", "Relation Name": "lineitem", "Alias": "lineitem", "Startup Cost": 10000000000.0, "Total Cost": 1000324015374.5, "Plan Rows": 59987033, "Plan Width": 16}]}]}]}, {"Node Type": "Hash", "Parent Relationship": "Inner", "Startup Cost": 1000008076535.62, "Total Cost": 1000008076535.62, "Plan Rows": 1500000, "Plan Width": 27, "Plans": [{"Node Type": "Index Scan", "Parent Relationship": "Outer", "Scan Direction": "Forward", "Index Name": "customer_pkey", "Relation Name": "customer", "Alias": "customer", "Startup Cost": 10000000000.0, "Total Cost": 1000008076535.62, "Plan Rows": 1500000, "Plan Width": 27}]}]}]}]}]}]}]}, "Unique SQL Id": 1915754155, "Planner Runtime": 1}, "explain_analyze_plan": null}, "(16, '112')": {"explain_plan": {"Plan": {"Node Type": "Limit", "Startup Cost": 2649029.8, "Total Cost": 2649030.05, "Plan Rows": 100, "Plan Width": 67, "Plans": [{"Node Type": "Sort", "Parent Relationship": "Outer", "Startup Cost": 2649029.8, "Total Cost": 2649345.6, "Plan Rows": 100, "Plan Width": 67, "Sort Key": ["orders.o_totalprice DESC", "orders.o_orderdate"], "Plans": [{"Node Type": "Aggregate", "Strategy": "Hashed", "Parent Relationship": "Outer", "Startup Cost": 2642938.69, "Total Cost": 2644201.9, "Plan Rows": 126321, "Plan Width": 67, "Group By Key": ["orders.o_totalprice", "orders.o_orderdate", "customer.c_name", "customer.c_custkey", "orders.o_orderkey"], "Plans": [{"Node Type": "Nested Loop", "Parent Relationship": "Outer", "Join Type": "Inner", "Startup Cost": 2315050.5, "Total Cost": 2641043.88, "Plan Rows": 126321, "Plan Width": 59, "Inner Unique": false, "Plans": [{"Node Type": "Nested Loop", "Parent Relationship": "Outer", "Join Type": "Inner", "Startup Cost": 2315050.5, "Total Cost": 2627700.1, "Plan Rows": 13913, "Plan Width": 59, "Inner Unique": true, "Plans": [{"Node Type": "Nested Loop", "Parent Relationship": "Outer", "Join Type": "Inner", "Startup Cost": 2315050.5, "Total Cost": 2618076.97, "Plan Rows": 33034, "Plan Width": 40, "Inner Unique": true, "Plans": [{"Node Type": "Aggregate", "Strategy": "Hashed", "Parent Relationship": "Outer", "Startup Cost": 2315050.5, "Total Cost": 2381201.11, "Plan Rows": 33034, "Plan Width": 24, "Group By Key": ["public.lineitem.l_orderkey"], "Filter": "(sum(public.lineitem.l_quantity) > 314::double precision), (LLVM Optimized)", "Plans": [{"Node Type": "Seq Scan", "Parent Relationship": "Outer", "Relation Name": "lineitem", "Alias": "lineitem", "Startup Cost": 0.0, "Total Cost": 2015115.33, "Plan Rows": 59987033, "Plan Width": 16}]}, {"Node Type": "Index Scan", "Parent Relationship": "Inner", "Scan Direction": "Forward", "Index Name": "orders_pkey", "Relation Name": "orders", "Alias": "orders", "Startup Cost": 0.0, "Total Cost": 7.15, "Plan Rows": 1, "Plan Width": 32, "Index Cond": "(o_orderkey = public.lineitem.l_orderkey)"}]}, {"Node Type": "Index Scan", "Parent Relationship": "Inner", "Scan Direction": "Forward", "Index Name": "customer_pkey", "Relation Name": "customer", "Alias": "customer", "Startup Cost": 0.0, "Total Cost": 0.28, "Plan Rows": 1, "Plan Width": 27, "Index Cond": "(c_custkey = orders.o_custkey)"}]}, {"Node Type": "Index Scan", "Parent Relationship": "Inner", "Scan Direction": "Forward", "Index Name": "idx_lineitem_orderkey", "Relation Name": "lineitem", "Alias": "lineitem", "Startup Cost": 0.0, "Total Cost": 0.87, "Plan Rows": 9, "Plan Width": 16, "Index Cond": "(l_orderkey = orders.o_orderkey)"}]}]}]}]}, "Unique SQL Id": 1915754155, "Planner Runtime": 0}, "explain_analyze_plan": {"Plan": {"Node Type": "Limit", "Startup Cost": 2649029.8, "Total Cost": 2649030.05, "Plan Rows": 100, "Plan Width": 67, "Actual Startup Time": 53367.336, "Actual Total Time": 53367.355, "Actual Rows": 84, "Actual Loops": 1, "Plans": [{"Node Type": "Sort", "Parent Relationship": "Outer", "Startup Cost": 2649029.8, "Total Cost": 2649345.6, "Plan Rows": 100, "Plan Width": 67, "Actual Startup Time": 53367.333, "Actual Total Time": 53367.342, "Actual Rows": 84, "Actual Loops": 1, "Sort Key": ["orders.o_totalprice DESC", "orders.o_orderdate"], "Sort Method": "quicksort", "Sort Space Used": 38, "Sort Space Type": "Memory", "Plans": [{"Node Type": "Aggregate", "Strategy": "Hashed", "Parent Relationship": "Outer", "Startup Cost": 2642938.69, "Total Cost": 2644201.9, "Plan Rows": 126321, "Plan Width": 67, "Actual Startup Time": 53366.678, "Actual Total Time": 53367.237, "Actual Rows": 84, "Actual Loops": 1, "Group By Key": ["orders.o_totalprice", "orders.o_orderdate", "customer.c_name", "customer.c_custkey", "orders.o_orderkey"], "Plans": [{"Node Type": "Nested Loop", "Parent Relationship": "Outer", "Join Type": "Inner", "Startup Cost": 2315050.5, "Total Cost": 2641043.88, "Plan Rows": 126321, "Plan Width": 59, "Actual Startup Time": 47583.176, "Actual Total Time": 53364.795, "Actual Rows": 588, "Actual Loops": 1, "Inner Unique": false, "Plans": [{"Node Type": "Nested Loop", "Parent Relationship": "Outer", "Join Type": "Inner", "Startup Cost": 2315050.5, "Total Cost": 2627700.1, "Plan Rows": 13913, "Plan Width": 59, "Actual Startup Time": 47583.15, "Actual Total Time": 53362.449, "Actual Rows": 84, "Actual Loops": 1, "Inner Unique": true, "Plans": [{"Node Type": "Nested Loop", "Parent Relationship": "Outer", "Join Type": "Inner", "Startup Cost": 2315050.5, "Total Cost": 2618076.97, "Plan Rows": 33034, "Plan Width": 40, "Actual Startup Time": 47583.13, "Actual Total Time": 53361.021, "Actual Rows": 84, "Actual Loops": 1, "Inner Unique": true, "Plans": [{"Node Type": "Aggregate", "Strategy": "Hashed", "Parent Relationship": "Outer", "Startup Cost": 2315050.5, "Total Cost": 2381201.11, "Plan Rows": 33034, "Plan Width": 24, "Actual Startup Time": 47583.052, "Actual Total Time": 53340.03, "Actual Rows": 84, "Actual Loops": 1, "Group By Key": ["public.lineitem.l_orderkey"], "Filter": "(sum(public.lineitem.l_quantity) > 314::double precision), (LLVM Optimized, Jit Execute)", "Rows Removed by Filter": 14999916, "Plans": [{"Node Type": "Seq Scan", "Parent Relationship": "Outer", "Relation Name": "lineitem", "Alias": "lineitem", "Startup Cost": 0.0, "Total Cost": 2015115.33, "Plan Rows": 59987033, "Plan Width": 16, "Actual Startup Time": 0.044, "Actual Total Time": 20352.533, "Actual Rows": 59986052, "Actual Loops": 1}]}, {"Node Type": "Index Scan", "Parent Relationship": "Inner", "Scan Direction": "Forward", "Index Name": "orders_pkey", "Relation Name": "orders", "Alias": "orders", "Startup Cost": 0.0, "Total Cost": 7.15, "Plan Rows": 1, "Plan Width": 32, "Actual Startup Time": 2.902, "Actual Total Time": 2.902, "Actual Rows": 84, "Actual Loops": 84, "Index Cond": "(o_orderkey = public.lineitem.l_orderkey)", "Rows Removed by Index Recheck": 0}]}, {"Node Type": "Index Scan", "Parent Relationship": "Inner", "Scan Direction": "Forward", "Index Name": "customer_pkey", "Relation Name": "customer", "Alias": "customer", "Startup Cost": 0.0, "Total Cost": 0.28, "Plan Rows": 1, "Plan Width": 27, "Actual Startup Time": 1.048, "Actual Total Time": 1.048, "Actual Rows": 84, "Actual Loops": 84, "Index Cond": "(c_custkey = orders.o_custkey)", "Rows Removed by Index Recheck": 0}]}, {"Node Type": "Index Scan", "Parent Relationship": "Inner", "Scan Direction": "Forward", "Index Name": "idx_lineitem_orderkey", "Relation Name": "lineitem", "Alias": "lineitem", "Startup Cost": 0.0, "Total Cost": 0.87, "Plan Rows": 9, "Plan Width": 16, "Actual Startup Time": 1.401, "Actual Total Time": 1.898, "Actual Rows": 588, "Actual Loops": 84, "Index Cond": "(l_orderkey = orders.o_orderkey)", "Rows Removed by Index Recheck": 0}]}]}]}]}, "Triggers": [], "Planner Runtime": 2.116, "Total Runtime": 53376.681, "Unique SQL Id": 1915754155}}, "(16, '113')": {"explain_plan": {"Plan": {"Node Type": "Limit", "Startup Cost": 3874068.21, "Total Cost": 3874068.46, "Plan Rows": 100, "Plan Width": 67, "Plans": [{"Node Type": "Sort", "Parent Relationship": "Outer", "Startup Cost": 3874068.21, "Total Cost": 3874384.02, "Plan Rows": 100, "Plan Width": 67, "Sort Key": ["orders.o_totalprice DESC", "orders.o_orderdate"], "Plans": [{"Node Type": "Aggregate", "Strategy": "Hashed", "Parent Relationship": "Outer", "Startup Cost": 3867977.11, "Total Cost": 3869240.32, "Plan Rows": 126321, "Plan Width": 67, "Group By Key": ["orders.o_totalprice", "orders.o_orderdate", "customer.c_name", "customer.c_custkey", "orders.o_orderkey"], "Plans": [{"Node Type": "Nested Loop", "Parent Relationship": "Outer", "Join Type": "Inner", "Startup Cost": 3540088.91, "Total Cost": 3866082.29, "Plan Rows": 126321, "Plan Width": 59, "Inner Unique": false, "Plans": [{"Node Type": "Nested Loop", "Parent Relationship": "Outer", "Join Type": "Inner", "Startup Cost": 3540088.91, "Total Cost": 3852738.51, "Plan Rows": 13913, "Plan Width": 59, "Inner Unique": true, "Plans": [{"Node Type": "Nested Loop", "Parent Relationship": "Outer", "Join Type": "Inner", "Startup Cost": 3540088.91, "Total Cost": 3843115.38, "Plan Rows": 33034, "Plan Width": 40, "Inner Unique": true, "Plans": [{"Node Type": "Aggregate", "Strategy": "Hashed", "Parent Relationship": "Outer", "Startup Cost": 3540088.91, "Total Cost": 3606239.52, "Plan Rows": 33034, "Plan Width": 24, "Group By Key": ["public.lineitem.l_orderkey"], "Filter": "(sum(public.lineitem.l_quantity) > 314::double precision), (LLVM Optimized)", "Plans": [{"Node Type": "Index Scan", "Parent Relationship": "Outer", "Scan Direction": "Forward", "Index Name": "idx_lineitem_orderkey", "Relation Name": "lineitem", "Alias": "lineitem", "Startup Cost": 0.0, "Total Cost": 3240153.75, "Plan Rows": 59987033, "Plan Width": 16}]}, {"Node Type": "Index Scan", "Parent Relationship": "Inner", "Scan Direction": "Forward", "Index Name": "orders_pkey", "Relation Name": "orders", "Alias": "orders", "Startup Cost": 0.0, "Total Cost": 7.15, "Plan Rows": 1, "Plan Width": 32, "Index Cond": "(o_orderkey = public.lineitem.l_orderkey)"}]}, {"Node Type": "Index Scan", "Parent Relationship": "Inner", "Scan Direction": "Forward", "Index Name": "customer_pkey", "Relation Name": "customer", "Alias": "customer", "Startup Cost": 0.0, "Total Cost": 0.28, "Plan Rows": 1, "Plan Width": 27, "Index Cond": "(c_custkey = orders.o_custkey)"}]}, {"Node Type": "Index Scan", "Parent Relationship": "Inner", "Scan Direction": "Forward", "Index Name": "idx_lineitem_orderkey", "Relation Name": "lineitem", "Alias": "lineitem", "Startup Cost": 0.0, "Total Cost": 0.87, "Plan Rows": 9, "Plan Width": 16, "Index Cond": "(l_orderkey = orders.o_orderkey)"}]}]}]}]}, "Unique SQL Id": 1915754155, "Planner Runtime": 0}, "explain_analyze_plan": {"Plan": {"Node Type": "Limit", "Startup Cost": 3874068.21, "Total Cost": 3874068.46, "Plan Rows": 100, "Plan Width": 67, "Actual Startup Time": 80046.048, "Actual Total Time": 80046.063, "Actual Rows": 84, "Actual Loops": 1, "Plans": [{"Node Type": "Sort", "Parent Relationship": "Outer", "Startup Cost": 3874068.21, "Total Cost": 3874384.02, "Plan Rows": 100, "Plan Width": 67, "Actual Startup Time": 80046.046, "Actual Total Time": 80046.051, "Actual Rows": 84, "Actual Loops": 1, "Sort Key": ["orders.o_totalprice DESC", "orders.o_orderdate"], "Sort Method": "quicksort", "Sort Space Used": 38, "Sort Space Type": "Memory", "Plans": [{"Node Type": "Aggregate", "Strategy": "Hashed", "Parent Relationship": "Outer", "Startup Cost": 3867977.11, "Total Cost": 3869240.32, "Plan Rows": 126321, "Plan Width": 67, "Actual Startup Time": 80045.618, "Actual Total Time": 80045.952, "Actual Rows": 84, "Actual Loops": 1, "Group By Key": ["orders.o_totalprice", "orders.o_orderdate", "customer.c_name", "customer.c_custkey", "orders.o_orderkey"], "Plans": [{"Node Type": "Nested Loop", "Parent Relationship": "Outer", "Join Type": "Inner", "Startup Cost": 3540088.91, "Total Cost": 3866082.29, "Plan Rows": 126321, "Plan Width": 59, "Actual Startup Time": 71660.31, "Actual Total Time": 80043.737, "Actual Rows": 588, "Actual Loops": 1, "Inner Unique": false, "Plans": [{"Node Type": "Nested Loop", "Parent Relationship": "Outer", "Join Type": "Inner", "Startup Cost": 3540088.91, "Total Cost": 3852738.51, "Plan Rows": 13913, "Plan Width": 59, "Actual Startup Time": 71660.278, "Actual Total Time": 80041.063, "Actual Rows": 84, "Actual Loops": 1, "Inner Unique": true, "Plans": [{"Node Type": "Nested Loop", "Parent Relationship": "Outer", "Join Type": "Inner", "Startup Cost": 3540088.91, "Total Cost": 3843115.38, "Plan Rows": 33034, "Plan Width": 40, "Actual Startup Time": 71660.251, "Actual Total Time": 80039.183, "Actual Rows": 84, "Actual Loops": 1, "Inner Unique": true, "Plans": [{"Node Type": "Aggregate", "Strategy": "Hashed", "Parent Relationship": "Outer", "Startup Cost": 3540088.91, "Total Cost": 3606239.52, "Plan Rows": 33034, "Plan Width": 24, "Actual Startup Time": 71660.193, "Actual Total Time": 80016.864, "Actual Rows": 84, "Actual Loops": 1, "Group By Key": ["public.lineitem.l_orderkey"], "Filter": "(sum(public.lineitem.l_quantity) > 314::double precision), (LLVM Optimized, Jit Execute)", "Rows Removed by Filter": 14999916, "Plans": [{"Node Type": "Index Scan", "Parent Relationship": "Outer", "Scan Direction": "Forward", "Index Name": "idx_lineitem_orderkey", "Relation Name": "lineitem", "Alias": "lineitem", "Startup Cost": 0.0, "Total Cost": 3240153.75, "Plan Rows": 59987033, "Plan Width": 16, "Actual Startup Time": 0.058, "Actual Total Time": 41400.691, "Actual Rows": 59986052, "Actual Loops": 1}]}, {"Node Type": "Index Scan", "Parent Relationship": "Inner", "Scan Direction": "Forward", "Index Name": "orders_pkey", "Relation Name": "orders", "Alias": "orders", "Startup Cost": 0.0, "Total Cost": 7.15, "Plan Rows": 1, "Plan Width": 32, "Actual Startup Time": 2.944, "Actual Total Time": 2.944, "Actual Rows": 84, "Actual Loops": 84, "Index Cond": "(o_orderkey = public.lineitem.l_orderkey)", "Rows Removed by Index Recheck": 0}]}, {"Node Type": "Index Scan", "Parent Relationship": "Inner", "Scan Direction": "Forward", "Index Name": "customer_pkey", "Relation Name": "customer", "Alias": "customer", "Startup Cost": 0.0, "Total Cost": 0.28, "Plan Rows": 1, "Plan Width": 27, "Actual Startup Time": 1.358, "Actual Total Time": 1.358, "Actual Rows": 84, "Actual Loops": 84, "Index Cond": "(c_custkey = orders.o_custkey)", "Rows Removed by Index Recheck": 0}]}, {"Node Type": "Index Scan", "Parent Relationship": "Inner", "Scan Direction": "Forward", "Index Name": "idx_lineitem_orderkey", "Relation Name": "lineitem", "Alias": "lineitem", "Startup Cost": 0.0, "Total Cost": 0.87, "Plan Rows": 9, "Plan Width": 16, "Actual Startup Time": 1.639, "Actual Total Time": 2.066, "Actual Rows": 588, "Actual Loops": 84, "Index Cond": "(l_orderkey = orders.o_orderkey)", "Rows Removed by Index Recheck": 0}]}]}]}]}, "Triggers": [], "Planner Runtime": 2.569, "Total Runtime": 80056.92, "Unique SQL Id": 1915754155}}, "(16, '114')": {"explain_plan": {"Plan": {"Node Type": "Limit", "Startup Cost": 2838735.63, "Total Cost": 2838735.88, "Plan Rows": 100, "Plan Width": 67, "Plans": [{"Node Type": "Sort", "Parent Relationship": "Outer", "Startup Cost": 2838735.63, "Total Cost": 2839051.44, "Plan Rows": 100, "Plan Width": 67, "Sort Key": ["orders.o_totalprice DESC", "orders.o_orderdate"], "Plans": [{"Node Type": "Aggregate", "Strategy": "Hashed", "Parent Relationship": "Outer", "Startup Cost": 2832644.53, "Total Cost": 2833907.74, "Plan Rows": 126321, "Plan Width": 67, "Group By Key": ["orders.o_totalprice", "orders.o_orderdate", "customer.c_name", "customer.c_custkey", "orders.o_orderkey"], "Plans": [{"Node Type": "Nested Loop", "Parent Relationship": "Outer", "Join Type": "Inner", "Startup Cost": 2315054.5, "Total Cost": 2830749.71, "Plan Rows": 126321, "Plan Width": 59, "Inner Unique": false, "Plans": [{"Node Type": "Nested Loop", "Parent Relationship": "Outer", "Join Type": "Inner", "Startup Cost": 2315054.12, "Total Cost": 2766973.56, "Plan Rows": 13913, "Plan Width": 59, "Inner Unique": true, "Plans": [{"Node Type": "Nested Loop", "Parent Relationship": "Outer", "Join Type": "Inner", "Startup Cost": 2315053.86, "Total Cost": 2625533.23, "Plan Rows": 33034, "Plan Width": 40, "Inner Unique": true, "Plans": [{"Node Type": "Aggregate", "Strategy": "Hashed", "Parent Relationship": "Outer", "Startup Cost": 2315050.5, "Total Cost": 2381201.11, "Plan Rows": 33034, "Plan Width": 24, "Group By Key": ["public.lineitem.l_orderkey"], "Filter": "(sum(public.lineitem.l_quantity) > 314::double precision), (LLVM Optimized)", "Plans": [{"Node Type": "Seq Scan", "Parent Relationship": "Outer", "Relation Name": "lineitem", "Alias": "lineitem", "Startup Cost": 0.0, "Total Cost": 2015115.33, "Plan Rows": 59987033, "Plan Width": 16}]}, {"Node Type": "Bitmap Heap Scan", "Parent Relationship": "Inner", "Relation Name": "orders", "Alias": "orders", "Startup Cost": 3.36, "Total Cost": 7.38, "Plan Rows": 1, "Plan Width": 32, "Recheck Cond": "(o_orderkey = public.lineitem.l_orderkey)", "Plans": [{"Node Type": "Bitmap Index Scan", "Parent Relationship": "Outer", "Index Name": "orders_pkey", "Startup Cost": 0.0, "Total Cost": 3.36, "Plan Rows": 1, "Plan Width": 0, "Index Cond": "(o_orderkey = public.lineitem.l_orderkey)"}]}]}, {"Node Type": "Bitmap Heap Scan", "Parent Relationship": "Inner", "Relation Name": "customer", "Alias": "customer", "Startup Cost": 0.26, "Total Cost": 4.27, "Plan Rows": 1, "Plan Width": 27, "Recheck Cond": "(c_custkey = orders.o_custkey)", "Plans": [{"Node Type": "Bitmap Index Scan", "Parent Relationship": "Outer", "Index Name": "customer_pkey", "Startup Cost": 0.0, "Total Cost": 0.26, "Plan Rows": 1, "Plan Width": 0, "Index Cond": "(c_custkey = orders.o_custkey)"}]}]}, {"Node Type": "Bitmap Heap Scan", "Parent Relationship": "Inner", "Relation Name": "lineitem", "Alias": "lineitem", "Startup Cost": 0.38, "Total Cost": 4.49, "Plan Rows": 9, "Plan Width": 16, "Recheck Cond": "(l_orderkey = orders.o_orderkey)", "Plans": [{"Node Type": "Bitmap Index Scan", "Parent Relationship": "Outer", "Index Name": "idx_lineitem_orderkey", "Startup Cost": 0.0, "Total Cost": 0.38, "Plan Rows": 9, "Plan Width": 0, "Index Cond": "(l_orderkey = orders.o_orderkey)"}]}]}]}]}]}, "Unique SQL Id": 1915754155, "Planner Runtime": 1}, "explain_analyze_plan": {"Plan": {"Node Type": "Limit", "Startup Cost": 2838735.63, "Total Cost": 2838735.88, "Plan Rows": 100, "Plan Width": 67, "Actual Startup Time": 56816.861, "Actual Total Time": 56816.878, "Actual Rows": 84, "Actual Loops": 1, "Plans": [{"Node Type": "Sort", "Parent Relationship": "Outer", "Startup Cost": 2838735.63, "Total Cost": 2839051.44, "Plan Rows": 100, "Plan Width": 67, "Actual Startup Time": 56816.858, "Actual Total Time": 56816.864, "Actual Rows": 84, "Actual Loops": 1, "Sort Key": ["orders.o_totalprice DESC", "orders.o_orderdate"], "Sort Method": "quicksort", "Sort Space Used": 38, "Sort Space Type": "Memory", "Plans": [{"Node Type": "Aggregate", "Strategy": "Hashed", "Parent Relationship": "Outer", "Startup Cost": 2832644.53, "Total Cost": 2833907.74, "Plan Rows": 126321, "Plan Width": 67, "Actual Startup Time": 56816.186, "Actual Total Time": 56816.761, "Actual Rows": 84, "Actual Loops": 1, "Group By Key": ["orders.o_totalprice", "orders.o_orderdate", "customer.c_name", "customer.c_custkey", "orders.o_orderkey"], "Plans": [{"Node Type": "Nested Loop", "Parent Relationship": "Outer", "Join Type": "Inner", "Startup Cost": 2315054.5, "Total Cost": 2830749.71, "Plan Rows": 126321, "Plan Width": 59, "Actual Startup Time": 48198.766, "Actual Total Time": 56814.109, "Actual Rows": 588, "Actual Loops": 1, "Inner Unique": false, "Plans": [{"Node Type": "Nested Loop", "Parent Relationship": "Outer", "Join Type": "Inner", "Startup Cost": 2315054.12, "Total Cost": 2766973.56, "Plan Rows": 13913, "Plan Width": 59, "Actual Startup Time": 48198.721, "Actual Total Time": 56810.721, "Actual Rows": 84, "Actual Loops": 1, "Inner Unique": true, "Plans": [{"Node Type": "Nested Loop", "Parent Relationship": "Outer", "Join Type": "Inner", "Startup Cost": 2315053.86, "Total Cost": 2625533.23, "Plan Rows": 33034, "Plan Width": 40, "Actual Startup Time": 48198.687, "Actual Total Time": 56808.366, "Actual Rows": 84, "Actual Loops": 1, "Inner Unique": true, "Plans": [{"Node Type": "Aggregate", "Strategy": "Hashed", "Parent Relationship": "Outer", "Startup Cost": 2315050.5, "Total Cost": 2381201.11, "Plan Rows": 33034, "Plan Width": 24, "Actual Startup Time": 48198.557, "Actual Total Time": 56784.379, "Actual Rows": 84, "Actual Loops": 1, "Group By Key": ["public.lineitem.l_orderkey"], "Filter": "(sum(public.lineitem.l_quantity) > 314::double precision), (LLVM Optimized, Jit Execute)", "Rows Removed by Filter": 14999916, "Plans": [{"Node Type": "Seq Scan", "Parent Relationship": "Outer", "Relation Name": "lineitem", "Alias": "lineitem", "Startup Cost": 0.0, "Total Cost": 2015115.33, "Plan Rows": 59987033, "Plan Width": 16, "Actual Startup Time": 0.061, "Actual Total Time": 20248.535, "Actual Rows": 59986052, "Actual Loops": 1}]}, {"Node Type": "Bitmap Heap Scan", "Parent Relationship": "Inner", "Relation Name": "orders", "Alias": "orders", "Startup Cost": 3.36, "Total Cost": 7.38, "Plan Rows": 1, "Plan Width": 32, "Actual Startup Time": 3.477, "Actual Total Time": 3.477, "Actual Rows": 84, "Actual Loops": 84, "Recheck Cond": "(o_orderkey = public.lineitem.l_orderkey)", "Rows Removed by Index Recheck": 0, "Exact Heap Blocks": 84, "Lossy Heap Blocks": 84, "Plans": [{"Node Type": "Bitmap Index Scan", "Parent Relationship": "Outer", "Index Name": "orders_pkey", "Startup Cost": 0.0, "Total Cost": 3.36, "Plan Rows": 1, "Plan Width": 0, "Actual Startup Time": 2.267, "Actual Total Time": 2.267, "Actual Rows": 84, "Actual Loops": 84, "Index Cond": "(o_orderkey = public.lineitem.l_orderkey)"}]}]}, {"Node Type": "Bitmap Heap Scan", "Parent Relationship": "Inner", "Relation Name": "customer", "Alias": "customer", "Startup Cost": 0.26, "Total Cost": 4.27, "Plan Rows": 1, "Plan Width": 27, "Actual Startup Time": 1.662, "Actual Total Time": 1.662, "Actual Rows": 84, "Actual Loops": 84, "Recheck Cond": "(c_custkey = orders.o_custkey)", "Rows Removed by Index Recheck": 0, "Exact Heap Blocks": 84, "Lossy Heap Blocks": 84, "Plans": [{"Node Type": "Bitmap Index Scan", "Parent Relationship": "Outer", "Index Name": "customer_pkey", "Startup Cost": 0.0, "Total Cost": 0.26, "Plan Rows": 1, "Plan Width": 0, "Actual Startup Time": 1.033, "Actual Total Time": 1.033, "Actual Rows": 84, "Actual Loops": 84, "Index Cond": "(c_custkey = orders.o_custkey)"}]}]}, {"Node Type": "Bitmap Heap Scan", "Parent Relationship": "Inner", "Relation Name": "lineitem", "Alias": "lineitem", "Startup Cost": 0.38, "Total Cost": 4.49, "Plan Rows": 9, "Plan Width": 16, "Actual Startup Time": 2.278, "Actual Total Time": 2.466, "Actual Rows": 588, "Actual Loops": 84, "Recheck Cond": "(l_orderkey = orders.o_orderkey)", "Rows Removed by Index Recheck": 0, "Exact Heap Blocks": 96, "Lossy Heap Blocks": 96, "Plans": [{"Node Type": "Bitmap Index Scan", "Parent Relationship": "Outer", "Index Name": "idx_lineitem_orderkey", "Startup Cost": 0.0, "Total Cost": 0.38, "Plan Rows": 9, "Plan Width": 0, "Actual Startup Time": 1.397, "Actual Total Time": 1.397, "Actual Rows": 588, "Actual Loops": 84, "Index Cond": "(l_orderkey = orders.o_orderkey)"}]}]}]}]}]}, "Triggers": [], "Planner Runtime": 1.909, "Total Runtime": 56826.202, "Unique SQL Id": 1915754155}}, "(16, '115')": {"explain_plan": {"Plan": {"Node Type": "Limit", "Startup Cost": 1000324838994.8, "Total Cost": 1000324838995.05, "Plan Rows": 100, "Plan Width": 67, "Plans": [{"Node Type": "Sort", "Parent Relationship": "Outer", "Startup Cost": 1000324838994.8, "Total Cost": 1000324839310.61, "Plan Rows": 100, "Plan Width": 67, "Sort Key": ["orders.o_totalprice DESC", "orders.o_orderdate"], "Plans": [{"Node Type": "Aggregate", "Strategy": "Hashed", "Parent Relationship": "Outer", "Startup Cost": 1000324832903.7, "Total Cost": 1000324834166.91, "Plan Rows": 126321, "Plan Width": 67, "Group By Key": ["orders.o_totalprice", "orders.o_orderdate", "customer.c_name", "customer.c_custkey", "orders.o_orderkey"], "Plans": [{"Node Type": "Nested Loop", "Parent Relationship": "Outer", "Join Type": "Inner", "Startup Cost": 1000324315313.67, "Total Cost": 1000324831008.88, "Plan Rows": 126321, "Plan Width": 59, "Inner Unique": false, "Plans": [{"Node Type": "Nested Loop", "Parent Relationship": "Outer", "Join Type": "Inner", "Startup Cost": 1000324315313.29, "Total Cost": 1000324767232.73, "Plan Rows": 13913, "Plan Width": 59, "Inner Unique": true, "Plans": [{"Node Type": "Nested Loop", "Parent Relationship": "Outer", "Join Type": "Inner", "Startup Cost": 1000324315313.03, "Total Cost": 1000324625792.4, "Plan Rows": 33034, "Plan Width": 40, "Inner Unique": true, "Plans": [{"Node Type": "Aggregate", "Strategy": "Hashed", "Parent Relationship": "Outer", "Startup Cost": 1000324315309.67, "Total Cost": 1000324381460.28, "Plan Rows": 33034, "Plan Width": 24, "Group By Key": ["public.lineitem.l_orderkey"], "Filter": "(sum(public.lineitem.l_quantity) > 314::double precision), (LLVM Optimized)", "Plans": [{"Node Type": "Index Scan", "Parent Relationship": "Outer", "Scan Direction": "Forward", "Index Name": "idx_lineitem_orderkey", "Relation Name": "lineitem", "Alias": "lineitem", "Startup Cost": 10000000000.0, "Total Cost": 1000324015374.5, "Plan Rows": 59987033, "Plan Width": 16}]}, {"Node Type": "Bitmap Heap Scan", "Parent Relationship": "Inner", "Relation Name": "orders", "Alias": "orders", "Startup Cost": 3.36, "Total Cost": 7.38, "Plan Rows": 1, "Plan Width": 32, "Recheck Cond": "(o_orderkey = public.lineitem.l_orderkey)", "Plans": [{"Node Type": "Bitmap Index Scan", "Parent Relationship": "Outer", "Index Name": "orders_pkey", "Startup Cost": 0.0, "Total Cost": 3.36, "Plan Rows": 1, "Plan Width": 0, "Index Cond": "(o_orderkey = public.lineitem.l_orderkey)"}]}]}, {"Node Type": "Bitmap Heap Scan", "Parent Relationship": "Inner", "Relation Name": "customer", "Alias": "customer", "Startup Cost": 0.26, "Total Cost": 4.27, "Plan Rows": 1, "Plan Width": 27, "Recheck Cond": "(c_custkey = orders.o_custkey)", "Plans": [{"Node Type": "Bitmap Index Scan", "Parent Relationship": "Outer", "Index Name": "customer_pkey", "Startup Cost": 0.0, "Total Cost": 0.26, "Plan Rows": 1, "Plan Width": 0, "Index Cond": "(c_custkey = orders.o_custkey)"}]}]}, {"Node Type": "Bitmap Heap Scan", "Parent Relationship": "Inner", "Relation Name": "lineitem", "Alias": "lineitem", "Startup Cost": 0.38, "Total Cost": 4.49, "Plan Rows": 9, "Plan Width": 16, "Recheck Cond": "(l_orderkey = orders.o_orderkey)", "Plans": [{"Node Type": "Bitmap Index Scan", "Parent Relationship": "Outer", "Index Name": "idx_lineitem_orderkey", "Startup Cost": 0.0, "Total Cost": 0.38, "Plan Rows": 9, "Plan Width": 0, "Index Cond": "(l_orderkey = orders.o_orderkey)"}]}]}]}]}]}, "Unique SQL Id": 1915754155, "Planner Runtime": 0}, "explain_analyze_plan": {"Plan": {"Node Type": "Limit", "Startup Cost": 1000324838994.8, "Total Cost": 1000324838995.05, "Plan Rows": 100, "Plan Width": 67, "Actual Startup Time": 80385.074, "Actual Total Time": 80385.092, "Actual Rows": 84, "Actual Loops": 1, "Plans": [{"Node Type": "Sort", "Parent Relationship": "Outer", "Startup Cost": 1000324838994.8, "Total Cost": 1000324839310.61, "Plan Rows": 100, "Plan Width": 67, "Actual Startup Time": 80385.071, "Actual Total Time": 80385.08, "Actual Rows": 84, "Actual Loops": 1, "Sort Key": ["orders.o_totalprice DESC", "orders.o_orderdate"], "Sort Method": "quicksort", "Sort Space Used": 38, "Sort Space Type": "Memory", "Plans": [{"Node Type": "Aggregate", "Strategy": "Hashed", "Parent Relationship": "Outer", "Startup Cost": 1000324832903.7, "Total Cost": 1000324834166.91, "Plan Rows": 126321, "Plan Width": 67, "Actual Startup Time": 80384.393, "Actual Total Time": 80384.969, "Actual Rows": 84, "Actual Loops": 1, "Group By Key": ["orders.o_totalprice", "orders.o_orderdate", "customer.c_name", "customer.c_custkey", "orders.o_orderkey"], "Plans": [{"Node Type": "Nested Loop", "Parent Relationship": "Outer", "Join Type": "Inner", "Startup Cost": 1000324315313.67, "Total Cost": 1000324831008.88, "Plan Rows": 126321, "Plan Width": 59, "Actual Startup Time": 72233.603, "Actual Total Time": 80382.462, "Actual Rows": 588, "Actual Loops": 1, "Inner Unique": false, "Plans": [{"Node Type": "Nested Loop", "Parent Relationship": "Outer", "Join Type": "Inner", "Startup Cost": 1000324315313.29, "Total Cost": 1000324767232.73, "Plan Rows": 13913, "Plan Width": 59, "Actual Startup Time": 72233.569, "Actual Total Time": 80379.219, "Actual Rows": 84, "Actual Loops": 1, "Inner Unique": true, "Plans": [{"Node Type": "Nested Loop", "Parent Relationship": "Outer", "Join Type": "Inner", "Startup Cost": 1000324315313.03, "Total Cost": 1000324625792.4, "Plan Rows": 33034, "Plan Width": 40, "Actual Startup Time": 72233.51, "Actual Total Time": 80376.925, "Actual Rows": 84, "Actual Loops": 1, "Inner Unique": true, "Plans": [{"Node Type": "Aggregate", "Strategy": "Hashed", "Parent Relationship": "Outer", "Startup Cost": 1000324315309.67, "Total Cost": 1000324381460.28, "Plan Rows": 33034, "Plan Width": 24, "Actual Startup Time": 72233.393, "Actual Total Time": 80354.823, "Actual Rows": 84, "Actual Loops": 1, "Group By Key": ["public.lineitem.l_orderkey"], "Filter": "(sum(public.lineitem.l_quantity) > 314::double precision), (LLVM Optimized, Jit Execute)", "Rows Removed by Filter": 14999916, "Plans": [{"Node Type": "Index Scan", "Parent Relationship": "Outer", "Scan Direction": "Forward", "Index Name": "idx_lineitem_orderkey", "Relation Name": "lineitem", "Alias": "lineitem", "Startup Cost": 10000000000.0, "Total Cost": 1000324015374.5, "Plan Rows": 59987033, "Plan Width": 16, "Actual Startup Time": 0.063, "Actual Total Time": 42277.738, "Actual Rows": 59986052, "Actual Loops": 1}]}, {"Node Type": "Bitmap Heap Scan", "Parent Relationship": "Inner", "Relation Name": "orders", "Alias": "orders", "Startup Cost": 3.36, "Total Cost": 7.38, "Plan Rows": 1, "Plan Width": 32, "Actual Startup Time": 3.479, "Actual Total Time": 3.479, "Actual Rows": 84, "Actual Loops": 84, "Recheck Cond": "(o_orderkey = public.lineitem.l_orderkey)", "Rows Removed by Index Recheck": 0, "Exact Heap Blocks": 84, "Lossy Heap Blocks": 84, "Plans": [{"Node Type": "Bitmap Index Scan", "Parent Relationship": "Outer", "Index Name": "orders_pkey", "Startup Cost": 0.0, "Total Cost": 3.36, "Plan Rows": 1, "Plan Width": 0, "Actual Startup Time": 2.316, "Actual Total Time": 2.316, "Actual Rows": 84, "Actual Loops": 84, "Index Cond": "(o_orderkey = public.lineitem.l_orderkey)"}]}]}, {"Node Type": "Bitmap Heap Scan", "Parent Relationship": "Inner", "Relation Name": "customer", "Alias": "customer", "Startup Cost": 0.26, "Total Cost": 4.27, "Plan Rows": 1, "Plan Width": 27, "Actual Startup Time": 1.615, "Actual Total Time": 1.615, "Actual Rows": 84, "Actual Loops": 84, "Recheck Cond": "(c_custkey = orders.o_custkey)", "Rows Removed by Index Recheck": 0, "Exact Heap Blocks": 84, "Lossy Heap Blocks": 84, "Plans": [{"Node Type": "Bitmap Index Scan", "Parent Relationship": "Outer", "Index Name": "customer_pkey", "Startup Cost": 0.0, "Total Cost": 0.26, "Plan Rows": 1, "Plan Width": 0, "Actual Startup Time": 0.975, "Actual Total Time": 0.975, "Actual Rows": 84, "Actual Loops": 84, "Index Cond": "(c_custkey = orders.o_custkey)"}]}]}, {"Node Type": "Bitmap Heap Scan", "Parent Relationship": "Inner", "Relation Name": "lineitem", "Alias": "lineitem", "Startup Cost": 0.38, "Total Cost": 4.49, "Plan Rows": 9, "Plan Width": 16, "Actual Startup Time": 2.193, "Actual Total Time": 2.369, "Actual Rows": 588, "Actual Loops": 84, "Recheck Cond": "(l_orderkey = orders.o_orderkey)", "Rows Removed by Index Recheck": 0, "Exact Heap Blocks": 96, "Lossy Heap Blocks": 96, "Plans": [{"Node Type": "Bitmap Index Scan", "Parent Relationship": "Outer", "Index Name": "idx_lineitem_orderkey", "Startup Cost": 0.0, "Total Cost": 0.38, "Plan Rows": 9, "Plan Width": 0, "Actual Startup Time": 1.36, "Actual Total Time": 1.36, "Actual Rows": 588, "Actual Loops": 84, "Index Cond": "(l_orderkey = orders.o_orderkey)"}]}]}]}]}]}, "Triggers": [], "Planner Runtime": 2.016, "Total Runtime": 80394.686, "Unique SQL Id": 1915754155}}, "(16, '116')": {"explain_plan": {"Plan": {"Node Type": "Limit", "Startup Cost": 2649029.8, "Total Cost": 2649030.05, "Plan Rows": 100, "Plan Width": 67, "Plans": [{"Node Type": "Sort", "Parent Relationship": "Outer", "Startup Cost": 2649029.8, "Total Cost": 2649345.6, "Plan Rows": 100, "Plan Width": 67, "Sort Key": ["orders.o_totalprice DESC", "orders.o_orderdate"], "Plans": [{"Node Type": "Aggregate", "Strategy": "Hashed", "Parent Relationship": "Outer", "Startup Cost": 2642938.69, "Total Cost": 2644201.9, "Plan Rows": 126321, "Plan Width": 67, "Group By Key": ["orders.o_totalprice", "orders.o_orderdate", "customer.c_name", "customer.c_custkey", "orders.o_orderkey"], "Plans": [{"Node Type": "Nested Loop", "Parent Relationship": "Outer", "Join Type": "Inner", "Startup Cost": 2315050.5, "Total Cost": 2641043.88, "Plan Rows": 126321, "Plan Width": 59, "Inner Unique": false, "Plans": [{"Node Type": "Nested Loop", "Parent Relationship": "Outer", "Join Type": "Inner", "Startup Cost": 2315050.5, "Total Cost": 2627700.1, "Plan Rows": 13913, "Plan Width": 59, "Inner Unique": true, "Plans": [{"Node Type": "Nested Loop", "Parent Relationship": "Outer", "Join Type": "Inner", "Startup Cost": 2315050.5, "Total Cost": 2618076.97, "Plan Rows": 33034, "Plan Width": 40, "Inner Unique": true, "Plans": [{"Node Type": "Aggregate", "Strategy": "Hashed", "Parent Relationship": "Outer", "Startup Cost": 2315050.5, "Total Cost": 2381201.11, "Plan Rows": 33034, "Plan Width": 24, "Group By Key": ["public.lineitem.l_orderkey"], "Filter": "(sum(public.lineitem.l_quantity) > 314::double precision), (LLVM Optimized)", "Plans": [{"Node Type": "Seq Scan", "Parent Relationship": "Outer", "Relation Name": "lineitem", "Alias": "lineitem", "Startup Cost": 0.0, "Total Cost": 2015115.33, "Plan Rows": 59987033, "Plan Width": 16}]}, {"Node Type": "Index Scan", "Parent Relationship": "Inner", "Scan Direction": "Forward", "Index Name": "orders_pkey", "Relation Name": "orders", "Alias": "orders", "Startup Cost": 0.0, "Total Cost": 7.15, "Plan Rows": 1, "Plan Width": 32, "Index Cond": "(o_orderkey = public.lineitem.l_orderkey)"}]}, {"Node Type": "Index Scan", "Parent Relationship": "Inner", "Scan Direction": "Forward", "Index Name": "customer_pkey", "Relation Name": "customer", "Alias": "customer", "Startup Cost": 0.0, "Total Cost": 0.28, "Plan Rows": 1, "Plan Width": 27, "Index Cond": "(c_custkey = orders.o_custkey)"}]}, {"Node Type": "Index Scan", "Parent Relationship": "Inner", "Scan Direction": "Forward", "Index Name": "idx_lineitem_orderkey", "Relation Name": "lineitem", "Alias": "lineitem", "Startup Cost": 0.0, "Total Cost": 0.87, "Plan Rows": 9, "Plan Width": 16, "Index Cond": "(l_orderkey = orders.o_orderkey)"}]}]}]}]}, "Unique SQL Id": 1915754155, "Planner Runtime": 0}, "explain_analyze_plan": {"Plan": {"Node Type": "Limit", "Startup Cost": 2649029.8, "Total Cost": 2649030.05, "Plan Rows": 100, "Plan Width": 67, "Actual Startup Time": 53367.336, "Actual Total Time": 53367.355, "Actual Rows": 84, "Actual Loops": 1, "Plans": [{"Node Type": "Sort", "Parent Relationship": "Outer", "Startup Cost": 2649029.8, "Total Cost": 2649345.6, "Plan Rows": 100, "Plan Width": 67, "Actual Startup Time": 53367.333, "Actual Total Time": 53367.342, "Actual Rows": 84, "Actual Loops": 1, "Sort Key": ["orders.o_totalprice DESC", "orders.o_orderdate"], "Sort Method": "quicksort", "Sort Space Used": 38, "Sort Space Type": "Memory", "Plans": [{"Node Type": "Aggregate", "Strategy": "Hashed", "Parent Relationship": "Outer", "Startup Cost": 2642938.69, "Total Cost": 2644201.9, "Plan Rows": 126321, "Plan Width": 67, "Actual Startup Time": 53366.678, "Actual Total Time": 53367.237, "Actual Rows": 84, "Actual Loops": 1, "Group By Key": ["orders.o_totalprice", "orders.o_orderdate", "customer.c_name", "customer.c_custkey", "orders.o_orderkey"], "Plans": [{"Node Type": "Nested Loop", "Parent Relationship": "Outer", "Join Type": "Inner", "Startup Cost": 2315050.5, "Total Cost": 2641043.88, "Plan Rows": 126321, "Plan Width": 59, "Actual Startup Time": 47583.176, "Actual Total Time": 53364.795, "Actual Rows": 588, "Actual Loops": 1, "Inner Unique": false, "Plans": [{"Node Type": "Nested Loop", "Parent Relationship": "Outer", "Join Type": "Inner", "Startup Cost": 2315050.5, "Total Cost": 2627700.1, "Plan Rows": 13913, "Plan Width": 59, "Actual Startup Time": 47583.15, "Actual Total Time": 53362.449, "Actual Rows": 84, "Actual Loops": 1, "Inner Unique": true, "Plans": [{"Node Type": "Nested Loop", "Parent Relationship": "Outer", "Join Type": "Inner", "Startup Cost": 2315050.5, "Total Cost": 2618076.97, "Plan Rows": 33034, "Plan Width": 40, "Actual Startup Time": 47583.13, "Actual Total Time": 53361.021, "Actual Rows": 84, "Actual Loops": 1, "Inner Unique": true, "Plans": [{"Node Type": "Aggregate", "Strategy": "Hashed", "Parent Relationship": "Outer", "Startup Cost": 2315050.5, "Total Cost": 2381201.11, "Plan Rows": 33034, "Plan Width": 24, "Actual Startup Time": 47583.052, "Actual Total Time": 53340.03, "Actual Rows": 84, "Actual Loops": 1, "Group By Key": ["public.lineitem.l_orderkey"], "Filter": "(sum(public.lineitem.l_quantity) > 314::double precision), (LLVM Optimized, Jit Execute)", "Rows Removed by Filter": 14999916, "Plans": [{"Node Type": "Seq Scan", "Parent Relationship": "Outer", "Relation Name": "lineitem", "Alias": "lineitem", "Startup Cost": 0.0, "Total Cost": 2015115.33, "Plan Rows": 59987033, "Plan Width": 16, "Actual Startup Time": 0.044, "Actual Total Time": 20352.533, "Actual Rows": 59986052, "Actual Loops": 1}]}, {"Node Type": "Index Scan", "Parent Relationship": "Inner", "Scan Direction": "Forward", "Index Name": "orders_pkey", "Relation Name": "orders", "Alias": "orders", "Startup Cost": 0.0, "Total Cost": 7.15, "Plan Rows": 1, "Plan Width": 32, "Actual Startup Time": 2.902, "Actual Total Time": 2.902, "Actual Rows": 84, "Actual Loops": 84, "Index Cond": "(o_orderkey = public.lineitem.l_orderkey)", "Rows Removed by Index Recheck": 0}]}, {"Node Type": "Index Scan", "Parent Relationship": "Inner", "Scan Direction": "Forward", "Index Name": "customer_pkey", "Relation Name": "customer", "Alias": "customer", "Startup Cost": 0.0, "Total Cost": 0.28, "Plan Rows": 1, "Plan Width": 27, "Actual Startup Time": 1.048, "Actual Total Time": 1.048, "Actual Rows": 84, "Actual Loops": 84, "Index Cond": "(c_custkey = orders.o_custkey)", "Rows Removed by Index Recheck": 0}]}, {"Node Type": "Index Scan", "Parent Relationship": "Inner", "Scan Direction": "Forward", "Index Name": "idx_lineitem_orderkey", "Relation Name": "lineitem", "Alias": "lineitem", "Startup Cost": 0.0, "Total Cost": 0.87, "Plan Rows": 9, "Plan Width": 16, "Actual Startup Time": 1.401, "Actual Total Time": 1.898, "Actual Rows": 588, "Actual Loops": 84, "Index Cond": "(l_orderkey = orders.o_orderkey)", "Rows Removed by Index Recheck": 0}]}]}]}]}, "Triggers": [], "Planner Runtime": 2.116, "Total Runtime": 53376.681, "Unique SQL Id": 1915754155}}, "(16, '117')": {"explain_plan": {"Plan": {"Node Type": "Limit", "Startup Cost": 3874068.21, "Total Cost": 3874068.46, "Plan Rows": 100, "Plan Width": 67, "Plans": [{"Node Type": "Sort", "Parent Relationship": "Outer", "Startup Cost": 3874068.21, "Total Cost": 3874384.02, "Plan Rows": 100, "Plan Width": 67, "Sort Key": ["orders.o_totalprice DESC", "orders.o_orderdate"], "Plans": [{"Node Type": "Aggregate", "Strategy": "Hashed", "Parent Relationship": "Outer", "Startup Cost": 3867977.11, "Total Cost": 3869240.32, "Plan Rows": 126321, "Plan Width": 67, "Group By Key": ["orders.o_totalprice", "orders.o_orderdate", "customer.c_name", "customer.c_custkey", "orders.o_orderkey"], "Plans": [{"Node Type": "Nested Loop", "Parent Relationship": "Outer", "Join Type": "Inner", "Startup Cost": 3540088.91, "Total Cost": 3866082.29, "Plan Rows": 126321, "Plan Width": 59, "Inner Unique": false, "Plans": [{"Node Type": "Nested Loop", "Parent Relationship": "Outer", "Join Type": "Inner", "Startup Cost": 3540088.91, "Total Cost": 3852738.51, "Plan Rows": 13913, "Plan Width": 59, "Inner Unique": true, "Plans": [{"Node Type": "Nested Loop", "Parent Relationship": "Outer", "Join Type": "Inner", "Startup Cost": 3540088.91, "Total Cost": 3843115.38, "Plan Rows": 33034, "Plan Width": 40, "Inner Unique": true, "Plans": [{"Node Type": "Aggregate", "Strategy": "Hashed", "Parent Relationship": "Outer", "Startup Cost": 3540088.91, "Total Cost": 3606239.52, "Plan Rows": 33034, "Plan Width": 24, "Group By Key": ["public.lineitem.l_orderkey"], "Filter": "(sum(public.lineitem.l_quantity) > 314::double precision), (LLVM Optimized)", "Plans": [{"Node Type": "Index Scan", "Parent Relationship": "Outer", "Scan Direction": "Forward", "Index Name": "idx_lineitem_orderkey", "Relation Name": "lineitem", "Alias": "lineitem", "Startup Cost": 0.0, "Total Cost": 3240153.75, "Plan Rows": 59987033, "Plan Width": 16}]}, {"Node Type": "Index Scan", "Parent Relationship": "Inner", "Scan Direction": "Forward", "Index Name": "orders_pkey", "Relation Name": "orders", "Alias": "orders", "Startup Cost": 0.0, "Total Cost": 7.15, "Plan Rows": 1, "Plan Width": 32, "Index Cond": "(o_orderkey = public.lineitem.l_orderkey)"}]}, {"Node Type": "Index Scan", "Parent Relationship": "Inner", "Scan Direction": "Forward", "Index Name": "customer_pkey", "Relation Name": "customer", "Alias": "customer", "Startup Cost": 0.0, "Total Cost": 0.28, "Plan Rows": 1, "Plan Width": 27, "Index Cond": "(c_custkey = orders.o_custkey)"}]}, {"Node Type": "Index Scan", "Parent Relationship": "Inner", "Scan Direction": "Forward", "Index Name": "idx_lineitem_orderkey", "Relation Name": "lineitem", "Alias": "lineitem", "Startup Cost": 0.0, "Total Cost": 0.87, "Plan Rows": 9, "Plan Width": 16, "Index Cond": "(l_orderkey = orders.o_orderkey)"}]}]}]}]}, "Unique SQL Id": 1915754155, "Planner Runtime": 0}, "explain_analyze_plan": {"Plan": {"Node Type": "Limit", "Startup Cost": 3874068.21, "Total Cost": 3874068.46, "Plan Rows": 100, "Plan Width": 67, "Actual Startup Time": 80046.048, "Actual Total Time": 80046.063, "Actual Rows": 84, "Actual Loops": 1, "Plans": [{"Node Type": "Sort", "Parent Relationship": "Outer", "Startup Cost": 3874068.21, "Total Cost": 3874384.02, "Plan Rows": 100, "Plan Width": 67, "Actual Startup Time": 80046.046, "Actual Total Time": 80046.051, "Actual Rows": 84, "Actual Loops": 1, "Sort Key": ["orders.o_totalprice DESC", "orders.o_orderdate"], "Sort Method": "quicksort", "Sort Space Used": 38, "Sort Space Type": "Memory", "Plans": [{"Node Type": "Aggregate", "Strategy": "Hashed", "Parent Relationship": "Outer", "Startup Cost": 3867977.11, "Total Cost": 3869240.32, "Plan Rows": 126321, "Plan Width": 67, "Actual Startup Time": 80045.618, "Actual Total Time": 80045.952, "Actual Rows": 84, "Actual Loops": 1, "Group By Key": ["orders.o_totalprice", "orders.o_orderdate", "customer.c_name", "customer.c_custkey", "orders.o_orderkey"], "Plans": [{"Node Type": "Nested Loop", "Parent Relationship": "Outer", "Join Type": "Inner", "Startup Cost": 3540088.91, "Total Cost": 3866082.29, "Plan Rows": 126321, "Plan Width": 59, "Actual Startup Time": 71660.31, "Actual Total Time": 80043.737, "Actual Rows": 588, "Actual Loops": 1, "Inner Unique": false, "Plans": [{"Node Type": "Nested Loop", "Parent Relationship": "Outer", "Join Type": "Inner", "Startup Cost": 3540088.91, "Total Cost": 3852738.51, "Plan Rows": 13913, "Plan Width": 59, "Actual Startup Time": 71660.278, "Actual Total Time": 80041.063, "Actual Rows": 84, "Actual Loops": 1, "Inner Unique": true, "Plans": [{"Node Type": "Nested Loop", "Parent Relationship": "Outer", "Join Type": "Inner", "Startup Cost": 3540088.91, "Total Cost": 3843115.38, "Plan Rows": 33034, "Plan Width": 40, "Actual Startup Time": 71660.251, "Actual Total Time": 80039.183, "Actual Rows": 84, "Actual Loops": 1, "Inner Unique": true, "Plans": [{"Node Type": "Aggregate", "Strategy": "Hashed", "Parent Relationship": "Outer", "Startup Cost": 3540088.91, "Total Cost": 3606239.52, "Plan Rows": 33034, "Plan Width": 24, "Actual Startup Time": 71660.193, "Actual Total Time": 80016.864, "Actual Rows": 84, "Actual Loops": 1, "Group By Key": ["public.lineitem.l_orderkey"], "Filter": "(sum(public.lineitem.l_quantity) > 314::double precision), (LLVM Optimized, Jit Execute)", "Rows Removed by Filter": 14999916, "Plans": [{"Node Type": "Index Scan", "Parent Relationship": "Outer", "Scan Direction": "Forward", "Index Name": "idx_lineitem_orderkey", "Relation Name": "lineitem", "Alias": "lineitem", "Startup Cost": 0.0, "Total Cost": 3240153.75, "Plan Rows": 59987033, "Plan Width": 16, "Actual Startup Time": 0.058, "Actual Total Time": 41400.691, "Actual Rows": 59986052, "Actual Loops": 1}]}, {"Node Type": "Index Scan", "Parent Relationship": "Inner", "Scan Direction": "Forward", "Index Name": "orders_pkey", "Relation Name": "orders", "Alias": "orders", "Startup Cost": 0.0, "Total Cost": 7.15, "Plan Rows": 1, "Plan Width": 32, "Actual Startup Time": 2.944, "Actual Total Time": 2.944, "Actual Rows": 84, "Actual Loops": 84, "Index Cond": "(o_orderkey = public.lineitem.l_orderkey)", "Rows Removed by Index Recheck": 0}]}, {"Node Type": "Index Scan", "Parent Relationship": "Inner", "Scan Direction": "Forward", "Index Name": "customer_pkey", "Relation Name": "customer", "Alias": "customer", "Startup Cost": 0.0, "Total Cost": 0.28, "Plan Rows": 1, "Plan Width": 27, "Actual Startup Time": 1.358, "Actual Total Time": 1.358, "Actual Rows": 84, "Actual Loops": 84, "Index Cond": "(c_custkey = orders.o_custkey)", "Rows Removed by Index Recheck": 0}]}, {"Node Type": "Index Scan", "Parent Relationship": "Inner", "Scan Direction": "Forward", "Index Name": "idx_lineitem_orderkey", "Relation Name": "lineitem", "Alias": "lineitem", "Startup Cost": 0.0, "Total Cost": 0.87, "Plan Rows": 9, "Plan Width": 16, "Actual Startup Time": 1.639, "Actual Total Time": 2.066, "Actual Rows": 588, "Actual Loops": 84, "Index Cond": "(l_orderkey = orders.o_orderkey)", "Rows Removed by Index Recheck": 0}]}]}]}]}, "Triggers": [], "Planner Runtime": 2.569, "Total Runtime": 80056.92, "Unique SQL Id": 1915754155}}, "(16, '118')": {"explain_plan": {"Plan": {"Node Type": "Limit", "Startup Cost": 2838735.63, "Total Cost": 2838735.88, "Plan Rows": 100, "Plan Width": 67, "Plans": [{"Node Type": "Sort", "Parent Relationship": "Outer", "Startup Cost": 2838735.63, "Total Cost": 2839051.44, "Plan Rows": 100, "Plan Width": 67, "Sort Key": ["orders.o_totalprice DESC", "orders.o_orderdate"], "Plans": [{"Node Type": "Aggregate", "Strategy": "Hashed", "Parent Relationship": "Outer", "Startup Cost": 2832644.53, "Total Cost": 2833907.74, "Plan Rows": 126321, "Plan Width": 67, "Group By Key": ["orders.o_totalprice", "orders.o_orderdate", "customer.c_name", "customer.c_custkey", "orders.o_orderkey"], "Plans": [{"Node Type": "Nested Loop", "Parent Relationship": "Outer", "Join Type": "Inner", "Startup Cost": 2315054.5, "Total Cost": 2830749.71, "Plan Rows": 126321, "Plan Width": 59, "Inner Unique": false, "Plans": [{"Node Type": "Nested Loop", "Parent Relationship": "Outer", "Join Type": "Inner", "Startup Cost": 2315054.12, "Total Cost": 2766973.56, "Plan Rows": 13913, "Plan Width": 59, "Inner Unique": true, "Plans": [{"Node Type": "Nested Loop", "Parent Relationship": "Outer", "Join Type": "Inner", "Startup Cost": 2315053.86, "Total Cost": 2625533.23, "Plan Rows": 33034, "Plan Width": 40, "Inner Unique": true, "Plans": [{"Node Type": "Aggregate", "Strategy": "Hashed", "Parent Relationship": "Outer", "Startup Cost": 2315050.5, "Total Cost": 2381201.11, "Plan Rows": 33034, "Plan Width": 24, "Group By Key": ["public.lineitem.l_orderkey"], "Filter": "(sum(public.lineitem.l_quantity) > 314::double precision), (LLVM Optimized)", "Plans": [{"Node Type": "Seq Scan", "Parent Relationship": "Outer", "Relation Name": "lineitem", "Alias": "lineitem", "Startup Cost": 0.0, "Total Cost": 2015115.33, "Plan Rows": 59987033, "Plan Width": 16}]}, {"Node Type": "Bitmap Heap Scan", "Parent Relationship": "Inner", "Relation Name": "orders", "Alias": "orders", "Startup Cost": 3.36, "Total Cost": 7.38, "Plan Rows": 1, "Plan Width": 32, "Recheck Cond": "(o_orderkey = public.lineitem.l_orderkey)", "Plans": [{"Node Type": "Bitmap Index Scan", "Parent Relationship": "Outer", "Index Name": "orders_pkey", "Startup Cost": 0.0, "Total Cost": 3.36, "Plan Rows": 1, "Plan Width": 0, "Index Cond": "(o_orderkey = public.lineitem.l_orderkey)"}]}]}, {"Node Type": "Bitmap Heap Scan", "Parent Relationship": "Inner", "Relation Name": "customer", "Alias": "customer", "Startup Cost": 0.26, "Total Cost": 4.27, "Plan Rows": 1, "Plan Width": 27, "Recheck Cond": "(c_custkey = orders.o_custkey)", "Plans": [{"Node Type": "Bitmap Index Scan", "Parent Relationship": "Outer", "Index Name": "customer_pkey", "Startup Cost": 0.0, "Total Cost": 0.26, "Plan Rows": 1, "Plan Width": 0, "Index Cond": "(c_custkey = orders.o_custkey)"}]}]}, {"Node Type": "Bitmap Heap Scan", "Parent Relationship": "Inner", "Relation Name": "lineitem", "Alias": "lineitem", "Startup Cost": 0.38, "Total Cost": 4.49, "Plan Rows": 9, "Plan Width": 16, "Recheck Cond": "(l_orderkey = orders.o_orderkey)", "Plans": [{"Node Type": "Bitmap Index Scan", "Parent Relationship": "Outer", "Index Name": "idx_lineitem_orderkey", "Startup Cost": 0.0, "Total Cost": 0.38, "Plan Rows": 9, "Plan Width": 0, "Index Cond": "(l_orderkey = orders.o_orderkey)"}]}]}]}]}]}, "Unique SQL Id": 1915754155, "Planner Runtime": 1}, "explain_analyze_plan": {"Plan": {"Node Type": "Limit", "Startup Cost": 2838735.63, "Total Cost": 2838735.88, "Plan Rows": 100, "Plan Width": 67, "Actual Startup Time": 56816.861, "Actual Total Time": 56816.878, "Actual Rows": 84, "Actual Loops": 1, "Plans": [{"Node Type": "Sort", "Parent Relationship": "Outer", "Startup Cost": 2838735.63, "Total Cost": 2839051.44, "Plan Rows": 100, "Plan Width": 67, "Actual Startup Time": 56816.858, "Actual Total Time": 56816.864, "Actual Rows": 84, "Actual Loops": 1, "Sort Key": ["orders.o_totalprice DESC", "orders.o_orderdate"], "Sort Method": "quicksort", "Sort Space Used": 38, "Sort Space Type": "Memory", "Plans": [{"Node Type": "Aggregate", "Strategy": "Hashed", "Parent Relationship": "Outer", "Startup Cost": 2832644.53, "Total Cost": 2833907.74, "Plan Rows": 126321, "Plan Width": 67, "Actual Startup Time": 56816.186, "Actual Total Time": 56816.761, "Actual Rows": 84, "Actual Loops": 1, "Group By Key": ["orders.o_totalprice", "orders.o_orderdate", "customer.c_name", "customer.c_custkey", "orders.o_orderkey"], "Plans": [{"Node Type": "Nested Loop", "Parent Relationship": "Outer", "Join Type": "Inner", "Startup Cost": 2315054.5, "Total Cost": 2830749.71, "Plan Rows": 126321, "Plan Width": 59, "Actual Startup Time": 48198.766, "Actual Total Time": 56814.109, "Actual Rows": 588, "Actual Loops": 1, "Inner Unique": false, "Plans": [{"Node Type": "Nested Loop", "Parent Relationship": "Outer", "Join Type": "Inner", "Startup Cost": 2315054.12, "Total Cost": 2766973.56, "Plan Rows": 13913, "Plan Width": 59, "Actual Startup Time": 48198.721, "Actual Total Time": 56810.721, "Actual Rows": 84, "Actual Loops": 1, "Inner Unique": true, "Plans": [{"Node Type": "Nested Loop", "Parent Relationship": "Outer", "Join Type": "Inner", "Startup Cost": 2315053.86, "Total Cost": 2625533.23, "Plan Rows": 33034, "Plan Width": 40, "Actual Startup Time": 48198.687, "Actual Total Time": 56808.366, "Actual Rows": 84, "Actual Loops": 1, "Inner Unique": true, "Plans": [{"Node Type": "Aggregate", "Strategy": "Hashed", "Parent Relationship": "Outer", "Startup Cost": 2315050.5, "Total Cost": 2381201.11, "Plan Rows": 33034, "Plan Width": 24, "Actual Startup Time": 48198.557, "Actual Total Time": 56784.379, "Actual Rows": 84, "Actual Loops": 1, "Group By Key": ["public.lineitem.l_orderkey"], "Filter": "(sum(public.lineitem.l_quantity) > 314::double precision), (LLVM Optimized, Jit Execute)", "Rows Removed by Filter": 14999916, "Plans": [{"Node Type": "Seq Scan", "Parent Relationship": "Outer", "Relation Name": "lineitem", "Alias": "lineitem", "Startup Cost": 0.0, "Total Cost": 2015115.33, "Plan Rows": 59987033, "Plan Width": 16, "Actual Startup Time": 0.061, "Actual Total Time": 20248.535, "Actual Rows": 59986052, "Actual Loops": 1}]}, {"Node Type": "Bitmap Heap Scan", "Parent Relationship": "Inner", "Relation Name": "orders", "Alias": "orders", "Startup Cost": 3.36, "Total Cost": 7.38, "Plan Rows": 1, "Plan Width": 32, "Actual Startup Time": 3.477, "Actual Total Time": 3.477, "Actual Rows": 84, "Actual Loops": 84, "Recheck Cond": "(o_orderkey = public.lineitem.l_orderkey)", "Rows Removed by Index Recheck": 0, "Exact Heap Blocks": 84, "Lossy Heap Blocks": 84, "Plans": [{"Node Type": "Bitmap Index Scan", "Parent Relationship": "Outer", "Index Name": "orders_pkey", "Startup Cost": 0.0, "Total Cost": 3.36, "Plan Rows": 1, "Plan Width": 0, "Actual Startup Time": 2.267, "Actual Total Time": 2.267, "Actual Rows": 84, "Actual Loops": 84, "Index Cond": "(o_orderkey = public.lineitem.l_orderkey)"}]}]}, {"Node Type": "Bitmap Heap Scan", "Parent Relationship": "Inner", "Relation Name": "customer", "Alias": "customer", "Startup Cost": 0.26, "Total Cost": 4.27, "Plan Rows": 1, "Plan Width": 27, "Actual Startup Time": 1.662, "Actual Total Time": 1.662, "Actual Rows": 84, "Actual Loops": 84, "Recheck Cond": "(c_custkey = orders.o_custkey)", "Rows Removed by Index Recheck": 0, "Exact Heap Blocks": 84, "Lossy Heap Blocks": 84, "Plans": [{"Node Type": "Bitmap Index Scan", "Parent Relationship": "Outer", "Index Name": "customer_pkey", "Startup Cost": 0.0, "Total Cost": 0.26, "Plan Rows": 1, "Plan Width": 0, "Actual Startup Time": 1.033, "Actual Total Time": 1.033, "Actual Rows": 84, "Actual Loops": 84, "Index Cond": "(c_custkey = orders.o_custkey)"}]}]}, {"Node Type": "Bitmap Heap Scan", "Parent Relationship": "Inner", "Relation Name": "lineitem", "Alias": "lineitem", "Startup Cost": 0.38, "Total Cost": 4.49, "Plan Rows": 9, "Plan Width": 16, "Actual Startup Time": 2.278, "Actual Total Time": 2.466, "Actual Rows": 588, "Actual Loops": 84, "Recheck Cond": "(l_orderkey = orders.o_orderkey)", "Rows Removed by Index Recheck": 0, "Exact Heap Blocks": 96, "Lossy Heap Blocks": 96, "Plans": [{"Node Type": "Bitmap Index Scan", "Parent Relationship": "Outer", "Index Name": "idx_lineitem_orderkey", "Startup Cost": 0.0, "Total Cost": 0.38, "Plan Rows": 9, "Plan Width": 0, "Actual Startup Time": 1.397, "Actual Total Time": 1.397, "Actual Rows": 588, "Actual Loops": 84, "Index Cond": "(l_orderkey = orders.o_orderkey)"}]}]}]}]}]}, "Triggers": [], "Planner Runtime": 1.909, "Total Runtime": 56826.202, "Unique SQL Id": 1915754155}}, "(16, '119')": {"explain_plan": {"Plan": {"Node Type": "Limit", "Startup Cost": 1000324838994.8, "Total Cost": 1000324838995.05, "Plan Rows": 100, "Plan Width": 67, "Plans": [{"Node Type": "Sort", "Parent Relationship": "Outer", "Startup Cost": 1000324838994.8, "Total Cost": 1000324839310.61, "Plan Rows": 100, "Plan Width": 67, "Sort Key": ["orders.o_totalprice DESC", "orders.o_orderdate"], "Plans": [{"Node Type": "Aggregate", "Strategy": "Hashed", "Parent Relationship": "Outer", "Startup Cost": 1000324832903.7, "Total Cost": 1000324834166.91, "Plan Rows": 126321, "Plan Width": 67, "Group By Key": ["orders.o_totalprice", "orders.o_orderdate", "customer.c_name", "customer.c_custkey", "orders.o_orderkey"], "Plans": [{"Node Type": "Nested Loop", "Parent Relationship": "Outer", "Join Type": "Inner", "Startup Cost": 1000324315313.67, "Total Cost": 1000324831008.88, "Plan Rows": 126321, "Plan Width": 59, "Inner Unique": false, "Plans": [{"Node Type": "Nested Loop", "Parent Relationship": "Outer", "Join Type": "Inner", "Startup Cost": 1000324315313.29, "Total Cost": 1000324767232.73, "Plan Rows": 13913, "Plan Width": 59, "Inner Unique": true, "Plans": [{"Node Type": "Nested Loop", "Parent Relationship": "Outer", "Join Type": "Inner", "Startup Cost": 1000324315313.03, "Total Cost": 1000324625792.4, "Plan Rows": 33034, "Plan Width": 40, "Inner Unique": true, "Plans": [{"Node Type": "Aggregate", "Strategy": "Hashed", "Parent Relationship": "Outer", "Startup Cost": 1000324315309.67, "Total Cost": 1000324381460.28, "Plan Rows": 33034, "Plan Width": 24, "Group By Key": ["public.lineitem.l_orderkey"], "Filter": "(sum(public.lineitem.l_quantity) > 314::double precision), (LLVM Optimized)", "Plans": [{"Node Type": "Index Scan", "Parent Relationship": "Outer", "Scan Direction": "Forward", "Index Name": "idx_lineitem_orderkey", "Relation Name": "lineitem", "Alias": "lineitem", "Startup Cost": 10000000000.0, "Total Cost": 1000324015374.5, "Plan Rows": 59987033, "Plan Width": 16}]}, {"Node Type": "Bitmap Heap Scan", "Parent Relationship": "Inner", "Relation Name": "orders", "Alias": "orders", "Startup Cost": 3.36, "Total Cost": 7.38, "Plan Rows": 1, "Plan Width": 32, "Recheck Cond": "(o_orderkey = public.lineitem.l_orderkey)", "Plans": [{"Node Type": "Bitmap Index Scan", "Parent Relationship": "Outer", "Index Name": "orders_pkey", "Startup Cost": 0.0, "Total Cost": 3.36, "Plan Rows": 1, "Plan Width": 0, "Index Cond": "(o_orderkey = public.lineitem.l_orderkey)"}]}]}, {"Node Type": "Bitmap Heap Scan", "Parent Relationship": "Inner", "Relation Name": "customer", "Alias": "customer", "Startup Cost": 0.26, "Total Cost": 4.27, "Plan Rows": 1, "Plan Width": 27, "Recheck Cond": "(c_custkey = orders.o_custkey)", "Plans": [{"Node Type": "Bitmap Index Scan", "Parent Relationship": "Outer", "Index Name": "customer_pkey", "Startup Cost": 0.0, "Total Cost": 0.26, "Plan Rows": 1, "Plan Width": 0, "Index Cond": "(c_custkey = orders.o_custkey)"}]}]}, {"Node Type": "Bitmap Heap Scan", "Parent Relationship": "Inner", "Relation Name": "lineitem", "Alias": "lineitem", "Startup Cost": 0.38, "Total Cost": 4.49, "Plan Rows": 9, "Plan Width": 16, "Recheck Cond": "(l_orderkey = orders.o_orderkey)", "Plans": [{"Node Type": "Bitmap Index Scan", "Parent Relationship": "Outer", "Index Name": "idx_lineitem_orderkey", "Startup Cost": 0.0, "Total Cost": 0.38, "Plan Rows": 9, "Plan Width": 0, "Index Cond": "(l_orderkey = orders.o_orderkey)"}]}]}]}]}]}, "Unique SQL Id": 1915754155, "Planner Runtime": 0}, "explain_analyze_plan": {"Plan": {"Node Type": "Limit", "Startup Cost": 1000324838994.8, "Total Cost": 1000324838995.05, "Plan Rows": 100, "Plan Width": 67, "Actual Startup Time": 80385.074, "Actual Total Time": 80385.092, "Actual Rows": 84, "Actual Loops": 1, "Plans": [{"Node Type": "Sort", "Parent Relationship": "Outer", "Startup Cost": 1000324838994.8, "Total Cost": 1000324839310.61, "Plan Rows": 100, "Plan Width": 67, "Actual Startup Time": 80385.071, "Actual Total Time": 80385.08, "Actual Rows": 84, "Actual Loops": 1, "Sort Key": ["orders.o_totalprice DESC", "orders.o_orderdate"], "Sort Method": "quicksort", "Sort Space Used": 38, "Sort Space Type": "Memory", "Plans": [{"Node Type": "Aggregate", "Strategy": "Hashed", "Parent Relationship": "Outer", "Startup Cost": 1000324832903.7, "Total Cost": 1000324834166.91, "Plan Rows": 126321, "Plan Width": 67, "Actual Startup Time": 80384.393, "Actual Total Time": 80384.969, "Actual Rows": 84, "Actual Loops": 1, "Group By Key": ["orders.o_totalprice", "orders.o_orderdate", "customer.c_name", "customer.c_custkey", "orders.o_orderkey"], "Plans": [{"Node Type": "Nested Loop", "Parent Relationship": "Outer", "Join Type": "Inner", "Startup Cost": 1000324315313.67, "Total Cost": 1000324831008.88, "Plan Rows": 126321, "Plan Width": 59, "Actual Startup Time": 72233.603, "Actual Total Time": 80382.462, "Actual Rows": 588, "Actual Loops": 1, "Inner Unique": false, "Plans": [{"Node Type": "Nested Loop", "Parent Relationship": "Outer", "Join Type": "Inner", "Startup Cost": 1000324315313.29, "Total Cost": 1000324767232.73, "Plan Rows": 13913, "Plan Width": 59, "Actual Startup Time": 72233.569, "Actual Total Time": 80379.219, "Actual Rows": 84, "Actual Loops": 1, "Inner Unique": true, "Plans": [{"Node Type": "Nested Loop", "Parent Relationship": "Outer", "Join Type": "Inner", "Startup Cost": 1000324315313.03, "Total Cost": 1000324625792.4, "Plan Rows": 33034, "Plan Width": 40, "Actual Startup Time": 72233.51, "Actual Total Time": 80376.925, "Actual Rows": 84, "Actual Loops": 1, "Inner Unique": true, "Plans": [{"Node Type": "Aggregate", "Strategy": "Hashed", "Parent Relationship": "Outer", "Startup Cost": 1000324315309.67, "Total Cost": 1000324381460.28, "Plan Rows": 33034, "Plan Width": 24, "Actual Startup Time": 72233.393, "Actual Total Time": 80354.823, "Actual Rows": 84, "Actual Loops": 1, "Group By Key": ["public.lineitem.l_orderkey"], "Filter": "(sum(public.lineitem.l_quantity) > 314::double precision), (LLVM Optimized, Jit Execute)", "Rows Removed by Filter": 14999916, "Plans": [{"Node Type": "Index Scan", "Parent Relationship": "Outer", "Scan Direction": "Forward", "Index Name": "idx_lineitem_orderkey", "Relation Name": "lineitem", "Alias": "lineitem", "Startup Cost": 10000000000.0, "Total Cost": 1000324015374.5, "Plan Rows": 59987033, "Plan Width": 16, "Actual Startup Time": 0.063, "Actual Total Time": 42277.738, "Actual Rows": 59986052, "Actual Loops": 1}]}, {"Node Type": "Bitmap Heap Scan", "Parent Relationship": "Inner", "Relation Name": "orders", "Alias": "orders", "Startup Cost": 3.36, "Total Cost": 7.38, "Plan Rows": 1, "Plan Width": 32, "Actual Startup Time": 3.479, "Actual Total Time": 3.479, "Actual Rows": 84, "Actual Loops": 84, "Recheck Cond": "(o_orderkey = public.lineitem.l_orderkey)", "Rows Removed by Index Recheck": 0, "Exact Heap Blocks": 84, "Lossy Heap Blocks": 84, "Plans": [{"Node Type": "Bitmap Index Scan", "Parent Relationship": "Outer", "Index Name": "orders_pkey", "Startup Cost": 0.0, "Total Cost": 3.36, "Plan Rows": 1, "Plan Width": 0, "Actual Startup Time": 2.316, "Actual Total Time": 2.316, "Actual Rows": 84, "Actual Loops": 84, "Index Cond": "(o_orderkey = public.lineitem.l_orderkey)"}]}]}, {"Node Type": "Bitmap Heap Scan", "Parent Relationship": "Inner", "Relation Name": "customer", "Alias": "customer", "Startup Cost": 0.26, "Total Cost": 4.27, "Plan Rows": 1, "Plan Width": 27, "Actual Startup Time": 1.615, "Actual Total Time": 1.615, "Actual Rows": 84, "Actual Loops": 84, "Recheck Cond": "(c_custkey = orders.o_custkey)", "Rows Removed by Index Recheck": 0, "Exact Heap Blocks": 84, "Lossy Heap Blocks": 84, "Plans": [{"Node Type": "Bitmap Index Scan", "Parent Relationship": "Outer", "Index Name": "customer_pkey", "Startup Cost": 0.0, "Total Cost": 0.26, "Plan Rows": 1, "Plan Width": 0, "Actual Startup Time": 0.975, "Actual Total Time": 0.975, "Actual Rows": 84, "Actual Loops": 84, "Index Cond": "(c_custkey = orders.o_custkey)"}]}]}, {"Node Type": "Bitmap Heap Scan", "Parent Relationship": "Inner", "Relation Name": "lineitem", "Alias": "lineitem", "Startup Cost": 0.38, "Total Cost": 4.49, "Plan Rows": 9, "Plan Width": 16, "Actual Startup Time": 2.193, "Actual Total Time": 2.369, "Actual Rows": 588, "Actual Loops": 84, "Recheck Cond": "(l_orderkey = orders.o_orderkey)", "Rows Removed by Index Recheck": 0, "Exact Heap Blocks": 96, "Lossy Heap Blocks": 96, "Plans": [{"Node Type": "Bitmap Index Scan", "Parent Relationship": "Outer", "Index Name": "idx_lineitem_orderkey", "Startup Cost": 0.0, "Total Cost": 0.38, "Plan Rows": 9, "Plan Width": 0, "Actual Startup Time": 1.36, "Actual Total Time": 1.36, "Actual Rows": 588, "Actual Loops": 84, "Index Cond": "(l_orderkey = orders.o_orderkey)"}]}]}]}]}]}, "Triggers": [], "Planner Runtime": 2.016, "Total Runtime": 80394.686, "Unique SQL Id": 1915754155}}, "(16, '120')": {"explain_plan": {"Plan": {"Node Type": "Limit", "Startup Cost": 2649029.8, "Total Cost": 2649030.05, "Plan Rows": 100, "Plan Width": 67, "Plans": [{"Node Type": "Sort", "Parent Relationship": "Outer", "Startup Cost": 2649029.8, "Total Cost": 2649345.6, "Plan Rows": 100, "Plan Width": 67, "Sort Key": ["orders.o_totalprice DESC", "orders.o_orderdate"], "Plans": [{"Node Type": "Aggregate", "Strategy": "Hashed", "Parent Relationship": "Outer", "Startup Cost": 2642938.69, "Total Cost": 2644201.9, "Plan Rows": 126321, "Plan Width": 67, "Group By Key": ["orders.o_totalprice", "orders.o_orderdate", "customer.c_name", "customer.c_custkey", "orders.o_orderkey"], "Plans": [{"Node Type": "Nested Loop", "Parent Relationship": "Outer", "Join Type": "Inner", "Startup Cost": 2315050.5, "Total Cost": 2641043.88, "Plan Rows": 126321, "Plan Width": 59, "Inner Unique": false, "Plans": [{"Node Type": "Nested Loop", "Parent Relationship": "Outer", "Join Type": "Inner", "Startup Cost": 2315050.5, "Total Cost": 2627700.1, "Plan Rows": 13913, "Plan Width": 59, "Inner Unique": true, "Plans": [{"Node Type": "Nested Loop", "Parent Relationship": "Outer", "Join Type": "Inner", "Startup Cost": 2315050.5, "Total Cost": 2618076.97, "Plan Rows": 33034, "Plan Width": 40, "Inner Unique": true, "Plans": [{"Node Type": "Aggregate", "Strategy": "Hashed", "Parent Relationship": "Outer", "Startup Cost": 2315050.5, "Total Cost": 2381201.11, "Plan Rows": 33034, "Plan Width": 24, "Group By Key": ["public.lineitem.l_orderkey"], "Filter": "(sum(public.lineitem.l_quantity) > 314::double precision), (LLVM Optimized)", "Plans": [{"Node Type": "Seq Scan", "Parent Relationship": "Outer", "Relation Name": "lineitem", "Alias": "lineitem", "Startup Cost": 0.0, "Total Cost": 2015115.33, "Plan Rows": 59987033, "Plan Width": 16}]}, {"Node Type": "Index Scan", "Parent Relationship": "Inner", "Scan Direction": "Forward", "Index Name": "orders_pkey", "Relation Name": "orders", "Alias": "orders", "Startup Cost": 0.0, "Total Cost": 7.15, "Plan Rows": 1, "Plan Width": 32, "Index Cond": "(o_orderkey = public.lineitem.l_orderkey)"}]}, {"Node Type": "Index Scan", "Parent Relationship": "Inner", "Scan Direction": "Forward", "Index Name": "customer_pkey", "Relation Name": "customer", "Alias": "customer", "Startup Cost": 0.0, "Total Cost": 0.28, "Plan Rows": 1, "Plan Width": 27, "Index Cond": "(c_custkey = orders.o_custkey)"}]}, {"Node Type": "Index Scan", "Parent Relationship": "Inner", "Scan Direction": "Forward", "Index Name": "idx_lineitem_orderkey", "Relation Name": "lineitem", "Alias": "lineitem", "Startup Cost": 0.0, "Total Cost": 0.87, "Plan Rows": 9, "Plan Width": 16, "Index Cond": "(l_orderkey = orders.o_orderkey)"}]}]}]}]}, "Unique SQL Id": 1915754155, "Planner Runtime": 0}, "explain_analyze_plan": {"Plan": {"Node Type": "Limit", "Startup Cost": 2649029.8, "Total Cost": 2649030.05, "Plan Rows": 100, "Plan Width": 67, "Actual Startup Time": 53367.336, "Actual Total Time": 53367.355, "Actual Rows": 84, "Actual Loops": 1, "Plans": [{"Node Type": "Sort", "Parent Relationship": "Outer", "Startup Cost": 2649029.8, "Total Cost": 2649345.6, "Plan Rows": 100, "Plan Width": 67, "Actual Startup Time": 53367.333, "Actual Total Time": 53367.342, "Actual Rows": 84, "Actual Loops": 1, "Sort Key": ["orders.o_totalprice DESC", "orders.o_orderdate"], "Sort Method": "quicksort", "Sort Space Used": 38, "Sort Space Type": "Memory", "Plans": [{"Node Type": "Aggregate", "Strategy": "Hashed", "Parent Relationship": "Outer", "Startup Cost": 2642938.69, "Total Cost": 2644201.9, "Plan Rows": 126321, "Plan Width": 67, "Actual Startup Time": 53366.678, "Actual Total Time": 53367.237, "Actual Rows": 84, "Actual Loops": 1, "Group By Key": ["orders.o_totalprice", "orders.o_orderdate", "customer.c_name", "customer.c_custkey", "orders.o_orderkey"], "Plans": [{"Node Type": "Nested Loop", "Parent Relationship": "Outer", "Join Type": "Inner", "Startup Cost": 2315050.5, "Total Cost": 2641043.88, "Plan Rows": 126321, "Plan Width": 59, "Actual Startup Time": 47583.176, "Actual Total Time": 53364.795, "Actual Rows": 588, "Actual Loops": 1, "Inner Unique": false, "Plans": [{"Node Type": "Nested Loop", "Parent Relationship": "Outer", "Join Type": "Inner", "Startup Cost": 2315050.5, "Total Cost": 2627700.1, "Plan Rows": 13913, "Plan Width": 59, "Actual Startup Time": 47583.15, "Actual Total Time": 53362.449, "Actual Rows": 84, "Actual Loops": 1, "Inner Unique": true, "Plans": [{"Node Type": "Nested Loop", "Parent Relationship": "Outer", "Join Type": "Inner", "Startup Cost": 2315050.5, "Total Cost": 2618076.97, "Plan Rows": 33034, "Plan Width": 40, "Actual Startup Time": 47583.13, "Actual Total Time": 53361.021, "Actual Rows": 84, "Actual Loops": 1, "Inner Unique": true, "Plans": [{"Node Type": "Aggregate", "Strategy": "Hashed", "Parent Relationship": "Outer", "Startup Cost": 2315050.5, "Total Cost": 2381201.11, "Plan Rows": 33034, "Plan Width": 24, "Actual Startup Time": 47583.052, "Actual Total Time": 53340.03, "Actual Rows": 84, "Actual Loops": 1, "Group By Key": ["public.lineitem.l_orderkey"], "Filter": "(sum(public.lineitem.l_quantity) > 314::double precision), (LLVM Optimized, Jit Execute)", "Rows Removed by Filter": 14999916, "Plans": [{"Node Type": "Seq Scan", "Parent Relationship": "Outer", "Relation Name": "lineitem", "Alias": "lineitem", "Startup Cost": 0.0, "Total Cost": 2015115.33, "Plan Rows": 59987033, "Plan Width": 16, "Actual Startup Time": 0.044, "Actual Total Time": 20352.533, "Actual Rows": 59986052, "Actual Loops": 1}]}, {"Node Type": "Index Scan", "Parent Relationship": "Inner", "Scan Direction": "Forward", "Index Name": "orders_pkey", "Relation Name": "orders", "Alias": "orders", "Startup Cost": 0.0, "Total Cost": 7.15, "Plan Rows": 1, "Plan Width": 32, "Actual Startup Time": 2.902, "Actual Total Time": 2.902, "Actual Rows": 84, "Actual Loops": 84, "Index Cond": "(o_orderkey = public.lineitem.l_orderkey)", "Rows Removed by Index Recheck": 0}]}, {"Node Type": "Index Scan", "Parent Relationship": "Inner", "Scan Direction": "Forward", "Index Name": "customer_pkey", "Relation Name": "customer", "Alias": "customer", "Startup Cost": 0.0, "Total Cost": 0.28, "Plan Rows": 1, "Plan Width": 27, "Actual Startup Time": 1.048, "Actual Total Time": 1.048, "Actual Rows": 84, "Actual Loops": 84, "Index Cond": "(c_custkey = orders.o_custkey)", "Rows Removed by Index Recheck": 0}]}, {"Node Type": "Index Scan", "Parent Relationship": "Inner", "Scan Direction": "Forward", "Index Name": "idx_lineitem_orderkey", "Relation Name": "lineitem", "Alias": "lineitem", "Startup Cost": 0.0, "Total Cost": 0.87, "Plan Rows": 9, "Plan Width": 16, "Actual Startup Time": 1.401, "Actual Total Time": 1.898, "Actual Rows": 588, "Actual Loops": 84, "Index Cond": "(l_orderkey = orders.o_orderkey)", "Rows Removed by Index Recheck": 0}]}]}]}]}, "Triggers": [], "Planner Runtime": 2.116, "Total Runtime": 53376.681, "Unique SQL Id": 1915754155}}, "(16, '121')": {"explain_plan": {"Plan": {"Node Type": "Limit", "Startup Cost": 3874068.21, "Total Cost": 3874068.46, "Plan Rows": 100, "Plan Width": 67, "Plans": [{"Node Type": "Sort", "Parent Relationship": "Outer", "Startup Cost": 3874068.21, "Total Cost": 3874384.02, "Plan Rows": 100, "Plan Width": 67, "Sort Key": ["orders.o_totalprice DESC", "orders.o_orderdate"], "Plans": [{"Node Type": "Aggregate", "Strategy": "Hashed", "Parent Relationship": "Outer", "Startup Cost": 3867977.11, "Total Cost": 3869240.32, "Plan Rows": 126321, "Plan Width": 67, "Group By Key": ["orders.o_totalprice", "orders.o_orderdate", "customer.c_name", "customer.c_custkey", "orders.o_orderkey"], "Plans": [{"Node Type": "Nested Loop", "Parent Relationship": "Outer", "Join Type": "Inner", "Startup Cost": 3540088.91, "Total Cost": 3866082.29, "Plan Rows": 126321, "Plan Width": 59, "Inner Unique": false, "Plans": [{"Node Type": "Nested Loop", "Parent Relationship": "Outer", "Join Type": "Inner", "Startup Cost": 3540088.91, "Total Cost": 3852738.51, "Plan Rows": 13913, "Plan Width": 59, "Inner Unique": true, "Plans": [{"Node Type": "Nested Loop", "Parent Relationship": "Outer", "Join Type": "Inner", "Startup Cost": 3540088.91, "Total Cost": 3843115.38, "Plan Rows": 33034, "Plan Width": 40, "Inner Unique": true, "Plans": [{"Node Type": "Aggregate", "Strategy": "Hashed", "Parent Relationship": "Outer", "Startup Cost": 3540088.91, "Total Cost": 3606239.52, "Plan Rows": 33034, "Plan Width": 24, "Group By Key": ["public.lineitem.l_orderkey"], "Filter": "(sum(public.lineitem.l_quantity) > 314::double precision), (LLVM Optimized)", "Plans": [{"Node Type": "Index Scan", "Parent Relationship": "Outer", "Scan Direction": "Forward", "Index Name": "idx_lineitem_orderkey", "Relation Name": "lineitem", "Alias": "lineitem", "Startup Cost": 0.0, "Total Cost": 3240153.75, "Plan Rows": 59987033, "Plan Width": 16}]}, {"Node Type": "Index Scan", "Parent Relationship": "Inner", "Scan Direction": "Forward", "Index Name": "orders_pkey", "Relation Name": "orders", "Alias": "orders", "Startup Cost": 0.0, "Total Cost": 7.15, "Plan Rows": 1, "Plan Width": 32, "Index Cond": "(o_orderkey = public.lineitem.l_orderkey)"}]}, {"Node Type": "Index Scan", "Parent Relationship": "Inner", "Scan Direction": "Forward", "Index Name": "customer_pkey", "Relation Name": "customer", "Alias": "customer", "Startup Cost": 0.0, "Total Cost": 0.28, "Plan Rows": 1, "Plan Width": 27, "Index Cond": "(c_custkey = orders.o_custkey)"}]}, {"Node Type": "Index Scan", "Parent Relationship": "Inner", "Scan Direction": "Forward", "Index Name": "idx_lineitem_orderkey", "Relation Name": "lineitem", "Alias": "lineitem", "Startup Cost": 0.0, "Total Cost": 0.87, "Plan Rows": 9, "Plan Width": 16, "Index Cond": "(l_orderkey = orders.o_orderkey)"}]}]}]}]}, "Unique SQL Id": 1915754155, "Planner Runtime": 0}, "explain_analyze_plan": {"Plan": {"Node Type": "Limit", "Startup Cost": 3874068.21, "Total Cost": 3874068.46, "Plan Rows": 100, "Plan Width": 67, "Actual Startup Time": 80046.048, "Actual Total Time": 80046.063, "Actual Rows": 84, "Actual Loops": 1, "Plans": [{"Node Type": "Sort", "Parent Relationship": "Outer", "Startup Cost": 3874068.21, "Total Cost": 3874384.02, "Plan Rows": 100, "Plan Width": 67, "Actual Startup Time": 80046.046, "Actual Total Time": 80046.051, "Actual Rows": 84, "Actual Loops": 1, "Sort Key": ["orders.o_totalprice DESC", "orders.o_orderdate"], "Sort Method": "quicksort", "Sort Space Used": 38, "Sort Space Type": "Memory", "Plans": [{"Node Type": "Aggregate", "Strategy": "Hashed", "Parent Relationship": "Outer", "Startup Cost": 3867977.11, "Total Cost": 3869240.32, "Plan Rows": 126321, "Plan Width": 67, "Actual Startup Time": 80045.618, "Actual Total Time": 80045.952, "Actual Rows": 84, "Actual Loops": 1, "Group By Key": ["orders.o_totalprice", "orders.o_orderdate", "customer.c_name", "customer.c_custkey", "orders.o_orderkey"], "Plans": [{"Node Type": "Nested Loop", "Parent Relationship": "Outer", "Join Type": "Inner", "Startup Cost": 3540088.91, "Total Cost": 3866082.29, "Plan Rows": 126321, "Plan Width": 59, "Actual Startup Time": 71660.31, "Actual Total Time": 80043.737, "Actual Rows": 588, "Actual Loops": 1, "Inner Unique": false, "Plans": [{"Node Type": "Nested Loop", "Parent Relationship": "Outer", "Join Type": "Inner", "Startup Cost": 3540088.91, "Total Cost": 3852738.51, "Plan Rows": 13913, "Plan Width": 59, "Actual Startup Time": 71660.278, "Actual Total Time": 80041.063, "Actual Rows": 84, "Actual Loops": 1, "Inner Unique": true, "Plans": [{"Node Type": "Nested Loop", "Parent Relationship": "Outer", "Join Type": "Inner", "Startup Cost": 3540088.91, "Total Cost": 3843115.38, "Plan Rows": 33034, "Plan Width": 40, "Actual Startup Time": 71660.251, "Actual Total Time": 80039.183, "Actual Rows": 84, "Actual Loops": 1, "Inner Unique": true, "Plans": [{"Node Type": "Aggregate", "Strategy": "Hashed", "Parent Relationship": "Outer", "Startup Cost": 3540088.91, "Total Cost": 3606239.52, "Plan Rows": 33034, "Plan Width": 24, "Actual Startup Time": 71660.193, "Actual Total Time": 80016.864, "Actual Rows": 84, "Actual Loops": 1, "Group By Key": ["public.lineitem.l_orderkey"], "Filter": "(sum(public.lineitem.l_quantity) > 314::double precision), (LLVM Optimized, Jit Execute)", "Rows Removed by Filter": 14999916, "Plans": [{"Node Type": "Index Scan", "Parent Relationship": "Outer", "Scan Direction": "Forward", "Index Name": "idx_lineitem_orderkey", "Relation Name": "lineitem", "Alias": "lineitem", "Startup Cost": 0.0, "Total Cost": 3240153.75, "Plan Rows": 59987033, "Plan Width": 16, "Actual Startup Time": 0.058, "Actual Total Time": 41400.691, "Actual Rows": 59986052, "Actual Loops": 1}]}, {"Node Type": "Index Scan", "Parent Relationship": "Inner", "Scan Direction": "Forward", "Index Name": "orders_pkey", "Relation Name": "orders", "Alias": "orders", "Startup Cost": 0.0, "Total Cost": 7.15, "Plan Rows": 1, "Plan Width": 32, "Actual Startup Time": 2.944, "Actual Total Time": 2.944, "Actual Rows": 84, "Actual Loops": 84, "Index Cond": "(o_orderkey = public.lineitem.l_orderkey)", "Rows Removed by Index Recheck": 0}]}, {"Node Type": "Index Scan", "Parent Relationship": "Inner", "Scan Direction": "Forward", "Index Name": "customer_pkey", "Relation Name": "customer", "Alias": "customer", "Startup Cost": 0.0, "Total Cost": 0.28, "Plan Rows": 1, "Plan Width": 27, "Actual Startup Time": 1.358, "Actual Total Time": 1.358, "Actual Rows": 84, "Actual Loops": 84, "Index Cond": "(c_custkey = orders.o_custkey)", "Rows Removed by Index Recheck": 0}]}, {"Node Type": "Index Scan", "Parent Relationship": "Inner", "Scan Direction": "Forward", "Index Name": "idx_lineitem_orderkey", "Relation Name": "lineitem", "Alias": "lineitem", "Startup Cost": 0.0, "Total Cost": 0.87, "Plan Rows": 9, "Plan Width": 16, "Actual Startup Time": 1.639, "Actual Total Time": 2.066, "Actual Rows": 588, "Actual Loops": 84, "Index Cond": "(l_orderkey = orders.o_orderkey)", "Rows Removed by Index Recheck": 0}]}]}]}]}, "Triggers": [], "Planner Runtime": 2.569, "Total Runtime": 80056.92, "Unique SQL Id": 1915754155}}, "(16, '122')": {"explain_plan": {"Plan": {"Node Type": "Limit", "Startup Cost": 20699534063.67, "Total Cost": 20699534063.92, "Plan Rows": 100, "Plan Width": 67, "Plans": [{"Node Type": "Sort", "Parent Relationship": "Outer", "Startup Cost": 20699534063.67, "Total Cost": 20699534379.47, "Plan Rows": 100, "Plan Width": 67, "Sort Key": ["orders.o_totalprice DESC", "orders.o_orderdate"], "Plans": [{"Node Type": "Aggregate", "Strategy": "Hashed", "Parent Relationship": "Outer", "Startup Cost": 20699527972.56, "Total Cost": 20699529235.77, "Plan Rows": 126321, "Plan Width": 67, "Group By Key": ["orders.o_totalprice", "orders.o_orderdate", "customer.c_name", "customer.c_custkey", "orders.o_orderkey"], "Plans": [{"Node Type": "Nested Loop", "Parent Relationship": "Outer", "Join Type": "Inner", "Startup Cost": 2315050.5, "Total Cost": 20699526077.75, "Plan Rows": 126321, "Plan Width": 59, "Inner Unique": false, "Join Filter": "(orders.o_orderkey = public.lineitem.l_orderkey), (LLVM Optimized)", "Plans": [{"Node Type": "Seq Scan", "Parent Relationship": "Outer", "Relation Name": "lineitem", "Alias": "lineitem", "Startup Cost": 0.0, "Total Cost": 2015115.33, "Plan Rows": 59987033, "Plan Width": 16}, {"Node Type": "Materialize", "Parent Relationship": "Inner", "Startup Cost": 2315050.5, "Total Cost": 8178517145.27, "Plan Rows": 13913, "Plan Width": 59, "Plans": [{"Node Type": "Nested Loop", "Parent Relationship": "Outer", "Join Type": "Inner", "Startup Cost": 2315050.5, "Total Cost": 8178517075.7, "Plan Rows": 13913, "Plan Width": 59, "Inner Unique": false, "Join Filter": "(orders.o_custkey = customer.c_custkey)", "Plans": [{"Node Type": "Seq Scan", "Parent Relationship": "Outer", "Relation Name": "customer", "Alias": "customer", "Startup Cost": 0.0, "Total Cost": 52126.0, "Plan Rows": 1500000, "Plan Width": 27}, {"Node Type": "Materialize", "Parent Relationship": "Inner", "Startup Cost": 2315050.5, "Total Cost": 7435200032.29, "Plan Rows": 33034, "Plan Width": 40, "Plans": [{"Node Type": "Nested Loop", "Parent Relationship": "Outer", "Join Type": "Semi", "Startup Cost": 2315050.5, "Total Cost": 7435199867.12, "Plan Rows": 33034, "Plan Width": 40, "Inner Unique": false, "Join Filter": "(orders.o_orderkey = public.lineitem.l_orderkey)", "Plans": [{"Node Type": "Seq Scan", "Parent Relationship": "Outer", "Relation Name": "orders", "Alias": "orders", "Startup Cost": 0.0, "Total Cost": 426413.79, "Plan Rows": 14999479, "Plan Width": 32}, {"Node Type": "Materialize", "Parent Relationship": "Inner", "Startup Cost": 2315050.5, "Total Cost": 2381696.62, "Plan Rows": 33034, "Plan Width": 8, "Plans": [{"Node Type": "Aggregate", "Strategy": "Hashed", "Parent Relationship": "Outer", "Startup Cost": 2315050.5, "Total Cost": 2381201.11, "Plan Rows": 33034, "Plan Width": 24, "Group By Key": ["public.lineitem.l_orderkey"], "Filter": "(sum(public.lineitem.l_quantity) > 314::double precision), (LLVM Optimized)", "Plans": [{"Node Type": "Seq Scan", "Parent Relationship": "Outer", "Relation Name": "lineitem", "Alias": "lineitem", "Startup Cost": 0.0, "Total Cost": 2015115.33, "Plan Rows": 59987033, "Plan Width": 16}]}]}]}]}]}]}]}]}]}]}, "Unique SQL Id": 1915754155, "Planner Runtime": 0}, "explain_analyze_plan": null}, "(16, '123')": {"explain_plan": {"Plan": {"Node Type": "Limit", "Startup Cost": 4021424234088.76, "Total Cost": 4021424234089.01, "Plan Rows": 100, "Plan Width": 67, "Plans": [{"Node Type": "Sort", "Parent Relationship": "Outer", "Startup Cost": 4021424234088.76, "Total Cost": 4021424234404.56, "Plan Rows": 100, "Plan Width": 67, "Sort Key": ["orders.o_totalprice DESC", "orders.o_orderdate"], "Plans": [{"Node Type": "Aggregate", "Strategy": "Hashed", "Parent Relationship": "Outer", "Startup Cost": 4021424227997.65, "Total Cost": 4021424229260.86, "Plan Rows": 126321, "Plan Width": 67, "Group By Key": ["orders.o_totalprice", "orders.o_orderdate", "customer.c_name", "customer.c_custkey", "orders.o_orderkey"], "Plans": [{"Node Type": "Nested Loop", "Parent Relationship": "Outer", "Join Type": "Inner", "Startup Cost": 1030324315309.67, "Total Cost": 4021424226102.83, "Plan Rows": 126321, "Plan Width": 59, "Inner Unique": false, "Join Filter": "(orders.o_orderkey = public.lineitem.l_orderkey), (LLVM Optimized)", "Plans": [{"Node Type": "Index Scan", "Parent Relationship": "Outer", "Scan Direction": "Forward", "Index Name": "idx_lineitem_orderkey", "Relation Name": "lineitem", "Alias": "lineitem", "Startup Cost": 10000000000.0, "Total Cost": 1000324015374.5, "Plan Rows": 59987033, "Plan Width": 16}, {"Node Type": "Materialize", "Parent Relationship": "Inner", "Startup Cost": 1020324315309.67, "Total Cost": 3008581216911.18, "Plan Rows": 13913, "Plan Width": 59, "Plans": [{"Node Type": "Nested Loop", "Parent Relationship": "Outer", "Join Type": "Inner", "Startup Cost": 1020324315309.67, "Total Cost": 3008581216841.62, "Plan Rows": 13913, "Plan Width": 59, "Inner Unique": true, "Join Filter": "(orders.o_custkey = customer.c_custkey)", "Plans": [{"Node Type": "Nested Loop", "Parent Relationship": "Outer", "Join Type": "Semi", "Startup Cost": 1010324315309.67, "Total Cost": 2007829871556.0, "Plan Rows": 33034, "Plan Width": 40, "Inner Unique": false, "Join Filter": "(orders.o_orderkey = public.lineitem.l_orderkey)", "Plans": [{"Node Type": "Index Scan", "Parent Relationship": "Outer", "Scan Direction": "Forward", "Index Name": "orders_pkey", "Relation Name": "orders", "Alias": "orders", "Startup Cost": 10000000000.0, "Total Cost": 1000073097843.5, "Plan Rows": 14999479, "Plan Width": 32}, {"Node Type": "Materialize", "Parent Relationship": "Inner", "Startup Cost": 1000324315309.67, "Total Cost": 1000324381955.79, "Plan Rows": 33034, "Plan Width": 8, "Plans": [{"Node Type": "Aggregate", "Strategy": "Hashed", "Parent Relationship": "Outer", "Startup Cost": 1000324315309.67, "Total Cost": 1000324381460.28, "Plan Rows": 33034, "Plan Width": 24, "Group By Key": ["public.lineitem.l_orderkey"], "Filter": "(sum(public.lineitem.l_quantity) > 314::double precision), (LLVM Optimized)", "Plans": [{"Node Type": "Index Scan", "Parent Relationship": "Outer", "Scan Direction": "Forward", "Index Name": "idx_lineitem_orderkey", "Relation Name": "lineitem", "Alias": "lineitem", "Startup Cost": 10000000000.0, "Total Cost": 1000324015374.5, "Plan Rows": 59987033, "Plan Width": 16}]}]}]}, {"Node Type": "Materialize", "Parent Relationship": "Inner", "Startup Cost": 10000000000.0, "Total Cost": 1000008084035.62, "Plan Rows": 1500000, "Plan Width": 27, "Plans": [{"Node Type": "Index Scan", "Parent Relationship": "Outer", "Scan Direction": "Forward", "Index Name": "customer_pkey", "Relation Name": "customer", "Alias": "customer", "Startup Cost": 10000000000.0, "Total Cost": 1000008076535.62, "Plan Rows": 1500000, "Plan Width": 27}]}]}]}]}]}]}]}, "Unique SQL Id": 1915754155, "Planner Runtime": 0}, "explain_analyze_plan": null}, "(16, '124')": {"explain_plan": {"Plan": {"Node Type": "Limit", "Startup Cost": 2649029.8, "Total Cost": 2649030.05, "Plan Rows": 100, "Plan Width": 67, "Plans": [{"Node Type": "Sort", "Parent Relationship": "Outer", "Startup Cost": 2649029.8, "Total Cost": 2649345.6, "Plan Rows": 100, "Plan Width": 67, "Sort Key": ["orders.o_totalprice DESC", "orders.o_orderdate"], "Plans": [{"Node Type": "Aggregate", "Strategy": "Hashed", "Parent Relationship": "Outer", "Startup Cost": 2642938.69, "Total Cost": 2644201.9, "Plan Rows": 126321, "Plan Width": 67, "Group By Key": ["orders.o_totalprice", "orders.o_orderdate", "customer.c_name", "customer.c_custkey", "orders.o_orderkey"], "Plans": [{"Node Type": "Nested Loop", "Parent Relationship": "Outer", "Join Type": "Inner", "Startup Cost": 2315050.5, "Total Cost": 2641043.88, "Plan Rows": 126321, "Plan Width": 59, "Inner Unique": false, "Plans": [{"Node Type": "Nested Loop", "Parent Relationship": "Outer", "Join Type": "Inner", "Startup Cost": 2315050.5, "Total Cost": 2627700.1, "Plan Rows": 13913, "Plan Width": 59, "Inner Unique": true, "Plans": [{"Node Type": "Nested Loop", "Parent Relationship": "Outer", "Join Type": "Inner", "Startup Cost": 2315050.5, "Total Cost": 2618076.97, "Plan Rows": 33034, "Plan Width": 40, "Inner Unique": true, "Plans": [{"Node Type": "Aggregate", "Strategy": "Hashed", "Parent Relationship": "Outer", "Startup Cost": 2315050.5, "Total Cost": 2381201.11, "Plan Rows": 33034, "Plan Width": 24, "Group By Key": ["public.lineitem.l_orderkey"], "Filter": "(sum(public.lineitem.l_quantity) > 314::double precision), (LLVM Optimized)", "Plans": [{"Node Type": "Seq Scan", "Parent Relationship": "Outer", "Relation Name": "lineitem", "Alias": "lineitem", "Startup Cost": 0.0, "Total Cost": 2015115.33, "Plan Rows": 59987033, "Plan Width": 16}]}, {"Node Type": "Index Scan", "Parent Relationship": "Inner", "Scan Direction": "Forward", "Index Name": "orders_pkey", "Relation Name": "orders", "Alias": "orders", "Startup Cost": 0.0, "Total Cost": 7.15, "Plan Rows": 1, "Plan Width": 32, "Index Cond": "(o_orderkey = public.lineitem.l_orderkey)"}]}, {"Node Type": "Index Scan", "Parent Relationship": "Inner", "Scan Direction": "Forward", "Index Name": "customer_pkey", "Relation Name": "customer", "Alias": "customer", "Startup Cost": 0.0, "Total Cost": 0.28, "Plan Rows": 1, "Plan Width": 27, "Index Cond": "(c_custkey = orders.o_custkey)"}]}, {"Node Type": "Index Scan", "Parent Relationship": "Inner", "Scan Direction": "Forward", "Index Name": "idx_lineitem_orderkey", "Relation Name": "lineitem", "Alias": "lineitem", "Startup Cost": 0.0, "Total Cost": 0.87, "Plan Rows": 9, "Plan Width": 16, "Index Cond": "(l_orderkey = orders.o_orderkey)"}]}]}]}]}, "Unique SQL Id": 1915754155, "Planner Runtime": 0}, "explain_analyze_plan": {"Plan": {"Node Type": "Limit", "Startup Cost": 2649029.8, "Total Cost": 2649030.05, "Plan Rows": 100, "Plan Width": 67, "Actual Startup Time": 53367.336, "Actual Total Time": 53367.355, "Actual Rows": 84, "Actual Loops": 1, "Plans": [{"Node Type": "Sort", "Parent Relationship": "Outer", "Startup Cost": 2649029.8, "Total Cost": 2649345.6, "Plan Rows": 100, "Plan Width": 67, "Actual Startup Time": 53367.333, "Actual Total Time": 53367.342, "Actual Rows": 84, "Actual Loops": 1, "Sort Key": ["orders.o_totalprice DESC", "orders.o_orderdate"], "Sort Method": "quicksort", "Sort Space Used": 38, "Sort Space Type": "Memory", "Plans": [{"Node Type": "Aggregate", "Strategy": "Hashed", "Parent Relationship": "Outer", "Startup Cost": 2642938.69, "Total Cost": 2644201.9, "Plan Rows": 126321, "Plan Width": 67, "Actual Startup Time": 53366.678, "Actual Total Time": 53367.237, "Actual Rows": 84, "Actual Loops": 1, "Group By Key": ["orders.o_totalprice", "orders.o_orderdate", "customer.c_name", "customer.c_custkey", "orders.o_orderkey"], "Plans": [{"Node Type": "Nested Loop", "Parent Relationship": "Outer", "Join Type": "Inner", "Startup Cost": 2315050.5, "Total Cost": 2641043.88, "Plan Rows": 126321, "Plan Width": 59, "Actual Startup Time": 47583.176, "Actual Total Time": 53364.795, "Actual Rows": 588, "Actual Loops": 1, "Inner Unique": false, "Plans": [{"Node Type": "Nested Loop", "Parent Relationship": "Outer", "Join Type": "Inner", "Startup Cost": 2315050.5, "Total Cost": 2627700.1, "Plan Rows": 13913, "Plan Width": 59, "Actual Startup Time": 47583.15, "Actual Total Time": 53362.449, "Actual Rows": 84, "Actual Loops": 1, "Inner Unique": true, "Plans": [{"Node Type": "Nested Loop", "Parent Relationship": "Outer", "Join Type": "Inner", "Startup Cost": 2315050.5, "Total Cost": 2618076.97, "Plan Rows": 33034, "Plan Width": 40, "Actual Startup Time": 47583.13, "Actual Total Time": 53361.021, "Actual Rows": 84, "Actual Loops": 1, "Inner Unique": true, "Plans": [{"Node Type": "Aggregate", "Strategy": "Hashed", "Parent Relationship": "Outer", "Startup Cost": 2315050.5, "Total Cost": 2381201.11, "Plan Rows": 33034, "Plan Width": 24, "Actual Startup Time": 47583.052, "Actual Total Time": 53340.03, "Actual Rows": 84, "Actual Loops": 1, "Group By Key": ["public.lineitem.l_orderkey"], "Filter": "(sum(public.lineitem.l_quantity) > 314::double precision), (LLVM Optimized, Jit Execute)", "Rows Removed by Filter": 14999916, "Plans": [{"Node Type": "Seq Scan", "Parent Relationship": "Outer", "Relation Name": "lineitem", "Alias": "lineitem", "Startup Cost": 0.0, "Total Cost": 2015115.33, "Plan Rows": 59987033, "Plan Width": 16, "Actual Startup Time": 0.044, "Actual Total Time": 20352.533, "Actual Rows": 59986052, "Actual Loops": 1}]}, {"Node Type": "Index Scan", "Parent Relationship": "Inner", "Scan Direction": "Forward", "Index Name": "orders_pkey", "Relation Name": "orders", "Alias": "orders", "Startup Cost": 0.0, "Total Cost": 7.15, "Plan Rows": 1, "Plan Width": 32, "Actual Startup Time": 2.902, "Actual Total Time": 2.902, "Actual Rows": 84, "Actual Loops": 84, "Index Cond": "(o_orderkey = public.lineitem.l_orderkey)", "Rows Removed by Index Recheck": 0}]}, {"Node Type": "Index Scan", "Parent Relationship": "Inner", "Scan Direction": "Forward", "Index Name": "customer_pkey", "Relation Name": "customer", "Alias": "customer", "Startup Cost": 0.0, "Total Cost": 0.28, "Plan Rows": 1, "Plan Width": 27, "Actual Startup Time": 1.048, "Actual Total Time": 1.048, "Actual Rows": 84, "Actual Loops": 84, "Index Cond": "(c_custkey = orders.o_custkey)", "Rows Removed by Index Recheck": 0}]}, {"Node Type": "Index Scan", "Parent Relationship": "Inner", "Scan Direction": "Forward", "Index Name": "idx_lineitem_orderkey", "Relation Name": "lineitem", "Alias": "lineitem", "Startup Cost": 0.0, "Total Cost": 0.87, "Plan Rows": 9, "Plan Width": 16, "Actual Startup Time": 1.401, "Actual Total Time": 1.898, "Actual Rows": 588, "Actual Loops": 84, "Index Cond": "(l_orderkey = orders.o_orderkey)", "Rows Removed by Index Recheck": 0}]}]}]}]}, "Triggers": [], "Planner Runtime": 2.116, "Total Runtime": 53376.681, "Unique SQL Id": 1915754155}}, "(16, '125')": {"explain_plan": {"Plan": {"Node Type": "Limit", "Startup Cost": 3874068.21, "Total Cost": 3874068.46, "Plan Rows": 100, "Plan Width": 67, "Plans": [{"Node Type": "Sort", "Parent Relationship": "Outer", "Startup Cost": 3874068.21, "Total Cost": 3874384.02, "Plan Rows": 100, "Plan Width": 67, "Sort Key": ["orders.o_totalprice DESC", "orders.o_orderdate"], "Plans": [{"Node Type": "Aggregate", "Strategy": "Hashed", "Parent Relationship": "Outer", "Startup Cost": 3867977.11, "Total Cost": 3869240.32, "Plan Rows": 126321, "Plan Width": 67, "Group By Key": ["orders.o_totalprice", "orders.o_orderdate", "customer.c_name", "customer.c_custkey", "orders.o_orderkey"], "Plans": [{"Node Type": "Nested Loop", "Parent Relationship": "Outer", "Join Type": "Inner", "Startup Cost": 3540088.91, "Total Cost": 3866082.29, "Plan Rows": 126321, "Plan Width": 59, "Inner Unique": false, "Plans": [{"Node Type": "Nested Loop", "Parent Relationship": "Outer", "Join Type": "Inner", "Startup Cost": 3540088.91, "Total Cost": 3852738.51, "Plan Rows": 13913, "Plan Width": 59, "Inner Unique": true, "Plans": [{"Node Type": "Nested Loop", "Parent Relationship": "Outer", "Join Type": "Inner", "Startup Cost": 3540088.91, "Total Cost": 3843115.38, "Plan Rows": 33034, "Plan Width": 40, "Inner Unique": true, "Plans": [{"Node Type": "Aggregate", "Strategy": "Hashed", "Parent Relationship": "Outer", "Startup Cost": 3540088.91, "Total Cost": 3606239.52, "Plan Rows": 33034, "Plan Width": 24, "Group By Key": ["public.lineitem.l_orderkey"], "Filter": "(sum(public.lineitem.l_quantity) > 314::double precision), (LLVM Optimized)", "Plans": [{"Node Type": "Index Scan", "Parent Relationship": "Outer", "Scan Direction": "Forward", "Index Name": "idx_lineitem_orderkey", "Relation Name": "lineitem", "Alias": "lineitem", "Startup Cost": 0.0, "Total Cost": 3240153.75, "Plan Rows": 59987033, "Plan Width": 16}]}, {"Node Type": "Index Scan", "Parent Relationship": "Inner", "Scan Direction": "Forward", "Index Name": "orders_pkey", "Relation Name": "orders", "Alias": "orders", "Startup Cost": 0.0, "Total Cost": 7.15, "Plan Rows": 1, "Plan Width": 32, "Index Cond": "(o_orderkey = public.lineitem.l_orderkey)"}]}, {"Node Type": "Index Scan", "Parent Relationship": "Inner", "Scan Direction": "Forward", "Index Name": "customer_pkey", "Relation Name": "customer", "Alias": "customer", "Startup Cost": 0.0, "Total Cost": 0.28, "Plan Rows": 1, "Plan Width": 27, "Index Cond": "(c_custkey = orders.o_custkey)"}]}, {"Node Type": "Index Scan", "Parent Relationship": "Inner", "Scan Direction": "Forward", "Index Name": "idx_lineitem_orderkey", "Relation Name": "lineitem", "Alias": "lineitem", "Startup Cost": 0.0, "Total Cost": 0.87, "Plan Rows": 9, "Plan Width": 16, "Index Cond": "(l_orderkey = orders.o_orderkey)"}]}]}]}]}, "Unique SQL Id": 1915754155, "Planner Runtime": 1}, "explain_analyze_plan": {"Plan": {"Node Type": "Limit", "Startup Cost": 3874068.21, "Total Cost": 3874068.46, "Plan Rows": 100, "Plan Width": 67, "Actual Startup Time": 80046.048, "Actual Total Time": 80046.063, "Actual Rows": 84, "Actual Loops": 1, "Plans": [{"Node Type": "Sort", "Parent Relationship": "Outer", "Startup Cost": 3874068.21, "Total Cost": 3874384.02, "Plan Rows": 100, "Plan Width": 67, "Actual Startup Time": 80046.046, "Actual Total Time": 80046.051, "Actual Rows": 84, "Actual Loops": 1, "Sort Key": ["orders.o_totalprice DESC", "orders.o_orderdate"], "Sort Method": "quicksort", "Sort Space Used": 38, "Sort Space Type": "Memory", "Plans": [{"Node Type": "Aggregate", "Strategy": "Hashed", "Parent Relationship": "Outer", "Startup Cost": 3867977.11, "Total Cost": 3869240.32, "Plan Rows": 126321, "Plan Width": 67, "Actual Startup Time": 80045.618, "Actual Total Time": 80045.952, "Actual Rows": 84, "Actual Loops": 1, "Group By Key": ["orders.o_totalprice", "orders.o_orderdate", "customer.c_name", "customer.c_custkey", "orders.o_orderkey"], "Plans": [{"Node Type": "Nested Loop", "Parent Relationship": "Outer", "Join Type": "Inner", "Startup Cost": 3540088.91, "Total Cost": 3866082.29, "Plan Rows": 126321, "Plan Width": 59, "Actual Startup Time": 71660.31, "Actual Total Time": 80043.737, "Actual Rows": 588, "Actual Loops": 1, "Inner Unique": false, "Plans": [{"Node Type": "Nested Loop", "Parent Relationship": "Outer", "Join Type": "Inner", "Startup Cost": 3540088.91, "Total Cost": 3852738.51, "Plan Rows": 13913, "Plan Width": 59, "Actual Startup Time": 71660.278, "Actual Total Time": 80041.063, "Actual Rows": 84, "Actual Loops": 1, "Inner Unique": true, "Plans": [{"Node Type": "Nested Loop", "Parent Relationship": "Outer", "Join Type": "Inner", "Startup Cost": 3540088.91, "Total Cost": 3843115.38, "Plan Rows": 33034, "Plan Width": 40, "Actual Startup Time": 71660.251, "Actual Total Time": 80039.183, "Actual Rows": 84, "Actual Loops": 1, "Inner Unique": true, "Plans": [{"Node Type": "Aggregate", "Strategy": "Hashed", "Parent Relationship": "Outer", "Startup Cost": 3540088.91, "Total Cost": 3606239.52, "Plan Rows": 33034, "Plan Width": 24, "Actual Startup Time": 71660.193, "Actual Total Time": 80016.864, "Actual Rows": 84, "Actual Loops": 1, "Group By Key": ["public.lineitem.l_orderkey"], "Filter": "(sum(public.lineitem.l_quantity) > 314::double precision), (LLVM Optimized, Jit Execute)", "Rows Removed by Filter": 14999916, "Plans": [{"Node Type": "Index Scan", "Parent Relationship": "Outer", "Scan Direction": "Forward", "Index Name": "idx_lineitem_orderkey", "Relation Name": "lineitem", "Alias": "lineitem", "Startup Cost": 0.0, "Total Cost": 3240153.75, "Plan Rows": 59987033, "Plan Width": 16, "Actual Startup Time": 0.058, "Actual Total Time": 41400.691, "Actual Rows": 59986052, "Actual Loops": 1}]}, {"Node Type": "Index Scan", "Parent Relationship": "Inner", "Scan Direction": "Forward", "Index Name": "orders_pkey", "Relation Name": "orders", "Alias": "orders", "Startup Cost": 0.0, "Total Cost": 7.15, "Plan Rows": 1, "Plan Width": 32, "Actual Startup Time": 2.944, "Actual Total Time": 2.944, "Actual Rows": 84, "Actual Loops": 84, "Index Cond": "(o_orderkey = public.lineitem.l_orderkey)", "Rows Removed by Index Recheck": 0}]}, {"Node Type": "Index Scan", "Parent Relationship": "Inner", "Scan Direction": "Forward", "Index Name": "customer_pkey", "Relation Name": "customer", "Alias": "customer", "Startup Cost": 0.0, "Total Cost": 0.28, "Plan Rows": 1, "Plan Width": 27, "Actual Startup Time": 1.358, "Actual Total Time": 1.358, "Actual Rows": 84, "Actual Loops": 84, "Index Cond": "(c_custkey = orders.o_custkey)", "Rows Removed by Index Recheck": 0}]}, {"Node Type": "Index Scan", "Parent Relationship": "Inner", "Scan Direction": "Forward", "Index Name": "idx_lineitem_orderkey", "Relation Name": "lineitem", "Alias": "lineitem", "Startup Cost": 0.0, "Total Cost": 0.87, "Plan Rows": 9, "Plan Width": 16, "Actual Startup Time": 1.639, "Actual Total Time": 2.066, "Actual Rows": 588, "Actual Loops": 84, "Index Cond": "(l_orderkey = orders.o_orderkey)", "Rows Removed by Index Recheck": 0}]}]}]}]}, "Triggers": [], "Planner Runtime": 2.569, "Total Runtime": 80056.92, "Unique SQL Id": 1915754155}}, "(16, '126')": {"explain_plan": {"Plan": {"Node Type": "Limit", "Startup Cost": 20699534063.67, "Total Cost": 20699534063.92, "Plan Rows": 100, "Plan Width": 67, "Plans": [{"Node Type": "Sort", "Parent Relationship": "Outer", "Startup Cost": 20699534063.67, "Total Cost": 20699534379.47, "Plan Rows": 100, "Plan Width": 67, "Sort Key": ["orders.o_totalprice DESC", "orders.o_orderdate"], "Plans": [{"Node Type": "Aggregate", "Strategy": "Hashed", "Parent Relationship": "Outer", "Startup Cost": 20699527972.56, "Total Cost": 20699529235.77, "Plan Rows": 126321, "Plan Width": 67, "Group By Key": ["orders.o_totalprice", "orders.o_orderdate", "customer.c_name", "customer.c_custkey", "orders.o_orderkey"], "Plans": [{"Node Type": "Nested Loop", "Parent Relationship": "Outer", "Join Type": "Inner", "Startup Cost": 2315050.5, "Total Cost": 20699526077.75, "Plan Rows": 126321, "Plan Width": 59, "Inner Unique": false, "Join Filter": "(orders.o_orderkey = public.lineitem.l_orderkey), (LLVM Optimized)", "Plans": [{"Node Type": "Seq Scan", "Parent Relationship": "Outer", "Relation Name": "lineitem", "Alias": "lineitem", "Startup Cost": 0.0, "Total Cost": 2015115.33, "Plan Rows": 59987033, "Plan Width": 16}, {"Node Type": "Materialize", "Parent Relationship": "Inner", "Startup Cost": 2315050.5, "Total Cost": 8178517145.27, "Plan Rows": 13913, "Plan Width": 59, "Plans": [{"Node Type": "Nested Loop", "Parent Relationship": "Outer", "Join Type": "Inner", "Startup Cost": 2315050.5, "Total Cost": 8178517075.7, "Plan Rows": 13913, "Plan Width": 59, "Inner Unique": false, "Join Filter": "(orders.o_custkey = customer.c_custkey)", "Plans": [{"Node Type": "Seq Scan", "Parent Relationship": "Outer", "Relation Name": "customer", "Alias": "customer", "Startup Cost": 0.0, "Total Cost": 52126.0, "Plan Rows": 1500000, "Plan Width": 27}, {"Node Type": "Materialize", "Parent Relationship": "Inner", "Startup Cost": 2315050.5, "Total Cost": 7435200032.29, "Plan Rows": 33034, "Plan Width": 40, "Plans": [{"Node Type": "Nested Loop", "Parent Relationship": "Outer", "Join Type": "Semi", "Startup Cost": 2315050.5, "Total Cost": 7435199867.12, "Plan Rows": 33034, "Plan Width": 40, "Inner Unique": false, "Join Filter": "(orders.o_orderkey = public.lineitem.l_orderkey)", "Plans": [{"Node Type": "Seq Scan", "Parent Relationship": "Outer", "Relation Name": "orders", "Alias": "orders", "Startup Cost": 0.0, "Total Cost": 426413.79, "Plan Rows": 14999479, "Plan Width": 32}, {"Node Type": "Materialize", "Parent Relationship": "Inner", "Startup Cost": 2315050.5, "Total Cost": 2381696.62, "Plan Rows": 33034, "Plan Width": 8, "Plans": [{"Node Type": "Aggregate", "Strategy": "Hashed", "Parent Relationship": "Outer", "Startup Cost": 2315050.5, "Total Cost": 2381201.11, "Plan Rows": 33034, "Plan Width": 24, "Group By Key": ["public.lineitem.l_orderkey"], "Filter": "(sum(public.lineitem.l_quantity) > 314::double precision), (LLVM Optimized)", "Plans": [{"Node Type": "Seq Scan", "Parent Relationship": "Outer", "Relation Name": "lineitem", "Alias": "lineitem", "Startup Cost": 0.0, "Total Cost": 2015115.33, "Plan Rows": 59987033, "Plan Width": 16}]}]}]}]}]}]}]}]}]}]}, "Unique SQL Id": 1915754155, "Planner Runtime": 1}, "explain_analyze_plan": null}, "(16, '127')": {"explain_plan": {"Plan": {"Node Type": "Limit", "Startup Cost": 4021424234088.76, "Total Cost": 4021424234089.01, "Plan Rows": 100, "Plan Width": 67, "Plans": [{"Node Type": "Sort", "Parent Relationship": "Outer", "Startup Cost": 4021424234088.76, "Total Cost": 4021424234404.56, "Plan Rows": 100, "Plan Width": 67, "Sort Key": ["orders.o_totalprice DESC", "orders.o_orderdate"], "Plans": [{"Node Type": "Aggregate", "Strategy": "Hashed", "Parent Relationship": "Outer", "Startup Cost": 4021424227997.65, "Total Cost": 4021424229260.86, "Plan Rows": 126321, "Plan Width": 67, "Group By Key": ["orders.o_totalprice", "orders.o_orderdate", "customer.c_name", "customer.c_custkey", "orders.o_orderkey"], "Plans": [{"Node Type": "Nested Loop", "Parent Relationship": "Outer", "Join Type": "Inner", "Startup Cost": 1030324315309.67, "Total Cost": 4021424226102.83, "Plan Rows": 126321, "Plan Width": 59, "Inner Unique": false, "Join Filter": "(orders.o_orderkey = public.lineitem.l_orderkey), (LLVM Optimized)", "Plans": [{"Node Type": "Index Scan", "Parent Relationship": "Outer", "Scan Direction": "Forward", "Index Name": "idx_lineitem_orderkey", "Relation Name": "lineitem", "Alias": "lineitem", "Startup Cost": 10000000000.0, "Total Cost": 1000324015374.5, "Plan Rows": 59987033, "Plan Width": 16}, {"Node Type": "Materialize", "Parent Relationship": "Inner", "Startup Cost": 1020324315309.67, "Total Cost": 3008581216911.18, "Plan Rows": 13913, "Plan Width": 59, "Plans": [{"Node Type": "Nested Loop", "Parent Relationship": "Outer", "Join Type": "Inner", "Startup Cost": 1020324315309.67, "Total Cost": 3008581216841.62, "Plan Rows": 13913, "Plan Width": 59, "Inner Unique": true, "Join Filter": "(orders.o_custkey = customer.c_custkey)", "Plans": [{"Node Type": "Nested Loop", "Parent Relationship": "Outer", "Join Type": "Semi", "Startup Cost": 1010324315309.67, "Total Cost": 2007829871556.0, "Plan Rows": 33034, "Plan Width": 40, "Inner Unique": false, "Join Filter": "(orders.o_orderkey = public.lineitem.l_orderkey)", "Plans": [{"Node Type": "Index Scan", "Parent Relationship": "Outer", "Scan Direction": "Forward", "Index Name": "orders_pkey", "Relation Name": "orders", "Alias": "orders", "Startup Cost": 10000000000.0, "Total Cost": 1000073097843.5, "Plan Rows": 14999479, "Plan Width": 32}, {"Node Type": "Materialize", "Parent Relationship": "Inner", "Startup Cost": 1000324315309.67, "Total Cost": 1000324381955.79, "Plan Rows": 33034, "Plan Width": 8, "Plans": [{"Node Type": "Aggregate", "Strategy": "Hashed", "Parent Relationship": "Outer", "Startup Cost": 1000324315309.67, "Total Cost": 1000324381460.28, "Plan Rows": 33034, "Plan Width": 24, "Group By Key": ["public.lineitem.l_orderkey"], "Filter": "(sum(public.lineitem.l_quantity) > 314::double precision), (LLVM Optimized)", "Plans": [{"Node Type": "Index Scan", "Parent Relationship": "Outer", "Scan Direction": "Forward", "Index Name": "idx_lineitem_orderkey", "Relation Name": "lineitem", "Alias": "lineitem", "Startup Cost": 10000000000.0, "Total Cost": 1000324015374.5, "Plan Rows": 59987033, "Plan Width": 16}]}]}]}, {"Node Type": "Materialize", "Parent Relationship": "Inner", "Startup Cost": 10000000000.0, "Total Cost": 1000008084035.62, "Plan Rows": 1500000, "Plan Width": 27, "Plans": [{"Node Type": "Index Scan", "Parent Relationship": "Outer", "Scan Direction": "Forward", "Index Name": "customer_pkey", "Relation Name": "customer", "Alias": "customer", "Startup Cost": 10000000000.0, "Total Cost": 1000008076535.62, "Plan Rows": 1500000, "Plan Width": 27}]}]}]}]}]}]}]}, "Unique SQL Id": 1915754155, "Planner Runtime": 0}, "explain_analyze_plan": null}, "(64, '0')": {"explain_plan": {"Plan": {"Node Type": "Limit", "Startup Cost": 2649029.8, "Total Cost": 2649030.05, "Plan Rows": 100, "Plan Width": 67, "Plans": [{"Node Type": "Sort", "Parent Relationship": "Outer", "Startup Cost": 2649029.8, "Total Cost": 2649345.6, "Plan Rows": 100, "Plan Width": 67, "Sort Key": ["orders.o_totalprice DESC", "orders.o_orderdate"], "Plans": [{"Node Type": "Aggregate", "Strategy": "Hashed", "Parent Relationship": "Outer", "Startup Cost": 2642938.69, "Total Cost": 2644201.9, "Plan Rows": 126321, "Plan Width": 67, "Group By Key": ["orders.o_totalprice", "orders.o_orderdate", "customer.c_name", "customer.c_custkey", "orders.o_orderkey"], "Plans": [{"Node Type": "Nested Loop", "Parent Relationship": "Outer", "Join Type": "Inner", "Startup Cost": 2315050.5, "Total Cost": 2641043.88, "Plan Rows": 126321, "Plan Width": 59, "Inner Unique": false, "Plans": [{"Node Type": "Nested Loop", "Parent Relationship": "Outer", "Join Type": "Inner", "Startup Cost": 2315050.5, "Total Cost": 2627700.1, "Plan Rows": 13913, "Plan Width": 59, "Inner Unique": true, "Plans": [{"Node Type": "Nested Loop", "Parent Relationship": "Outer", "Join Type": "Inner", "Startup Cost": 2315050.5, "Total Cost": 2618076.97, "Plan Rows": 33034, "Plan Width": 40, "Inner Unique": true, "Plans": [{"Node Type": "Aggregate", "Strategy": "Hashed", "Parent Relationship": "Outer", "Startup Cost": 2315050.5, "Total Cost": 2381201.11, "Plan Rows": 33034, "Plan Width": 24, "Group By Key": ["public.lineitem.l_orderkey"], "Filter": "(sum(public.lineitem.l_quantity) > 314::double precision), (LLVM Optimized)", "Plans": [{"Node Type": "Seq Scan", "Parent Relationship": "Outer", "Relation Name": "lineitem", "Alias": "lineitem", "Startup Cost": 0.0, "Total Cost": 2015115.33, "Plan Rows": 59987033, "Plan Width": 16}]}, {"Node Type": "Index Scan", "Parent Relationship": "Inner", "Scan Direction": "Forward", "Index Name": "orders_pkey", "Relation Name": "orders", "Alias": "orders", "Startup Cost": 0.0, "Total Cost": 7.15, "Plan Rows": 1, "Plan Width": 32, "Index Cond": "(o_orderkey = public.lineitem.l_orderkey)"}]}, {"Node Type": "Index Scan", "Parent Relationship": "Inner", "Scan Direction": "Forward", "Index Name": "customer_pkey", "Relation Name": "customer", "Alias": "customer", "Startup Cost": 0.0, "Total Cost": 0.28, "Plan Rows": 1, "Plan Width": 27, "Index Cond": "(c_custkey = orders.o_custkey)"}]}, {"Node Type": "Index Scan", "Parent Relationship": "Inner", "Scan Direction": "Forward", "Index Name": "idx_lineitem_orderkey", "Relation Name": "lineitem", "Alias": "lineitem", "Startup Cost": 0.0, "Total Cost": 0.87, "Plan Rows": 9, "Plan Width": 16, "Index Cond": "(l_orderkey = orders.o_orderkey)"}]}]}]}]}, "Unique SQL Id": 1915754155, "Planner Runtime": 2}, "explain_analyze_plan": {"Plan": {"Node Type": "Limit", "Startup Cost": 2649029.8, "Total Cost": 2649030.05, "Plan Rows": 100, "Plan Width": 67, "Actual Startup Time": 54861.493, "Actual Total Time": 54861.508, "Actual Rows": 84, "Actual Loops": 1, "Plans": [{"Node Type": "Sort", "Parent Relationship": "Outer", "Startup Cost": 2649029.8, "Total Cost": 2649345.6, "Plan Rows": 100, "Plan Width": 67, "Actual Startup Time": 54861.49, "Actual Total Time": 54861.494, "Actual Rows": 84, "Actual Loops": 1, "Sort Key": ["orders.o_totalprice DESC", "orders.o_orderdate"], "Sort Method": "quicksort", "Sort Space Used": 38, "Sort Space Type": "Memory", "Plans": [{"Node Type": "Aggregate", "Strategy": "Hashed", "Parent Relationship": "Outer", "Startup Cost": 2642938.69, "Total Cost": 2644201.9, "Plan Rows": 126321, "Plan Width": 67, "Actual Startup Time": 54860.881, "Actual Total Time": 54861.367, "Actual Rows": 84, "Actual Loops": 1, "Group By Key": ["orders.o_totalprice", "orders.o_orderdate", "customer.c_name", "customer.c_custkey", "orders.o_orderkey"], "Plans": [{"Node Type": "Nested Loop", "Parent Relationship": "Outer", "Join Type": "Inner", "Startup Cost": 2315050.5, "Total Cost": 2641043.88, "Plan Rows": 126321, "Plan Width": 59, "Actual Startup Time": 49072.337, "Actual Total Time": 54858.992, "Actual Rows": 588, "Actual Loops": 1, "Inner Unique": false, "Plans": [{"Node Type": "Nested Loop", "Parent Relationship": "Outer", "Join Type": "Inner", "Startup Cost": 2315050.5, "Total Cost": 2627700.1, "Plan Rows": 13913, "Plan Width": 59, "Actual Startup Time": 49072.315, "Actual Total Time": 54856.844, "Actual Rows": 84, "Actual Loops": 1, "Inner Unique": true, "Plans": [{"Node Type": "Nested Loop", "Parent Relationship": "Outer", "Join Type": "Inner", "Startup Cost": 2315050.5, "Total Cost": 2618076.97, "Plan Rows": 33034, "Plan Width": 40, "Actual Startup Time": 49072.296, "Actual Total Time": 54855.643, "Actual Rows": 84, "Actual Loops": 1, "Inner Unique": true, "Plans": [{"Node Type": "Aggregate", "Strategy": "Hashed", "Parent Relationship": "Outer", "Startup Cost": 2315050.5, "Total Cost": 2381201.11, "Plan Rows": 33034, "Plan Width": 24, "Actual Startup Time": 49072.224, "Actual Total Time": 54835.622, "Actual Rows": 84, "Actual Loops": 1, "Group By Key": ["public.lineitem.l_orderkey"], "Filter": "(sum(public.lineitem.l_quantity) > 314::double precision), (LLVM Optimized, Jit Execute)", "Rows Removed by Filter": 14999916, "Plans": [{"Node Type": "Seq Scan", "Parent Relationship": "Outer", "Relation Name": "lineitem", "Alias": "lineitem", "Startup Cost": 0.0, "Total Cost": 2015115.33, "Plan Rows": 59987033, "Plan Width": 16, "Actual Startup Time": 0.051, "Actual Total Time": 20660.278, "Actual Rows": 59986052, "Actual Loops": 1}]}, {"Node Type": "Index Scan", "Parent Relationship": "Inner", "Scan Direction": "Forward", "Index Name": "orders_pkey", "Relation Name": "orders", "Alias": "orders", "Startup Cost": 0.0, "Total Cost": 7.15, "Plan Rows": 1, "Plan Width": 32, "Actual Startup Time": 2.649, "Actual Total Time": 2.649, "Actual Rows": 84, "Actual Loops": 84, "Index Cond": "(o_orderkey = public.lineitem.l_orderkey)", "Rows Removed by Index Recheck": 0}]}, {"Node Type": "Index Scan", "Parent Relationship": "Inner", "Scan Direction": "Forward", "Index Name": "customer_pkey", "Relation Name": "customer", "Alias": "customer", "Startup Cost": 0.0, "Total Cost": 0.28, "Plan Rows": 1, "Plan Width": 27, "Actual Startup Time": 0.851, "Actual Total Time": 0.851, "Actual Rows": 84, "Actual Loops": 84, "Index Cond": "(c_custkey = orders.o_custkey)", "Rows Removed by Index Recheck": 0}]}, {"Node Type": "Index Scan", "Parent Relationship": "Inner", "Scan Direction": "Forward", "Index Name": "idx_lineitem_orderkey", "Relation Name": "lineitem", "Alias": "lineitem", "Startup Cost": 0.0, "Total Cost": 0.87, "Plan Rows": 9, "Plan Width": 16, "Actual Startup Time": 1.215, "Actual Total Time": 1.721, "Actual Rows": 588, "Actual Loops": 84, "Index Cond": "(l_orderkey = orders.o_orderkey)", "Rows Removed by Index Recheck": 0}]}]}]}]}, "Triggers": [], "Planner Runtime": 2.136, "Total Runtime": 54871.674, "Unique SQL Id": 1915754155}}, "(64, '1')": {"explain_plan": {"Plan": {"Node Type": "Limit", "Startup Cost": 3874068.21, "Total Cost": 3874068.46, "Plan Rows": 100, "Plan Width": 67, "Plans": [{"Node Type": "Sort", "Parent Relationship": "Outer", "Startup Cost": 3874068.21, "Total Cost": 3874384.02, "Plan Rows": 100, "Plan Width": 67, "Sort Key": ["orders.o_totalprice DESC", "orders.o_orderdate"], "Plans": [{"Node Type": "Aggregate", "Strategy": "Hashed", "Parent Relationship": "Outer", "Startup Cost": 3867977.11, "Total Cost": 3869240.32, "Plan Rows": 126321, "Plan Width": 67, "Group By Key": ["orders.o_totalprice", "orders.o_orderdate", "customer.c_name", "customer.c_custkey", "orders.o_orderkey"], "Plans": [{"Node Type": "Nested Loop", "Parent Relationship": "Outer", "Join Type": "Inner", "Startup Cost": 3540088.91, "Total Cost": 3866082.29, "Plan Rows": 126321, "Plan Width": 59, "Inner Unique": false, "Plans": [{"Node Type": "Nested Loop", "Parent Relationship": "Outer", "Join Type": "Inner", "Startup Cost": 3540088.91, "Total Cost": 3852738.51, "Plan Rows": 13913, "Plan Width": 59, "Inner Unique": true, "Plans": [{"Node Type": "Nested Loop", "Parent Relationship": "Outer", "Join Type": "Inner", "Startup Cost": 3540088.91, "Total Cost": 3843115.38, "Plan Rows": 33034, "Plan Width": 40, "Inner Unique": true, "Plans": [{"Node Type": "Aggregate", "Strategy": "Hashed", "Parent Relationship": "Outer", "Startup Cost": 3540088.91, "Total Cost": 3606239.52, "Plan Rows": 33034, "Plan Width": 24, "Group By Key": ["public.lineitem.l_orderkey"], "Filter": "(sum(public.lineitem.l_quantity) > 314::double precision), (LLVM Optimized)", "Plans": [{"Node Type": "Index Scan", "Parent Relationship": "Outer", "Scan Direction": "Forward", "Index Name": "idx_lineitem_orderkey", "Relation Name": "lineitem", "Alias": "lineitem", "Startup Cost": 0.0, "Total Cost": 3240153.75, "Plan Rows": 59987033, "Plan Width": 16}]}, {"Node Type": "Index Scan", "Parent Relationship": "Inner", "Scan Direction": "Forward", "Index Name": "orders_pkey", "Relation Name": "orders", "Alias": "orders", "Startup Cost": 0.0, "Total Cost": 7.15, "Plan Rows": 1, "Plan Width": 32, "Index Cond": "(o_orderkey = public.lineitem.l_orderkey)"}]}, {"Node Type": "Index Scan", "Parent Relationship": "Inner", "Scan Direction": "Forward", "Index Name": "customer_pkey", "Relation Name": "customer", "Alias": "customer", "Startup Cost": 0.0, "Total Cost": 0.28, "Plan Rows": 1, "Plan Width": 27, "Index Cond": "(c_custkey = orders.o_custkey)"}]}, {"Node Type": "Index Scan", "Parent Relationship": "Inner", "Scan Direction": "Forward", "Index Name": "idx_lineitem_orderkey", "Relation Name": "lineitem", "Alias": "lineitem", "Startup Cost": 0.0, "Total Cost": 0.87, "Plan Rows": 9, "Plan Width": 16, "Index Cond": "(l_orderkey = orders.o_orderkey)"}]}]}]}]}, "Unique SQL Id": 1915754155, "Planner Runtime": 2}, "explain_analyze_plan": {"Plan": {"Node Type": "Limit", "Startup Cost": 3874068.21, "Total Cost": 3874068.46, "Plan Rows": 100, "Plan Width": 67, "Actual Startup Time": 78667.563, "Actual Total Time": 78667.58, "Actual Rows": 84, "Actual Loops": 1, "Plans": [{"Node Type": "Sort", "Parent Relationship": "Outer", "Startup Cost": 3874068.21, "Total Cost": 3874384.02, "Plan Rows": 100, "Plan Width": 67, "Actual Startup Time": 78667.561, "Actual Total Time": 78667.57, "Actual Rows": 84, "Actual Loops": 1, "Sort Key": ["orders.o_totalprice DESC", "orders.o_orderdate"], "Sort Method": "quicksort", "Sort Space Used": 38, "Sort Space Type": "Memory", "Plans": [{"Node Type": "Aggregate", "Strategy": "Hashed", "Parent Relationship": "Outer", "Startup Cost": 3867977.11, "Total Cost": 3869240.32, "Plan Rows": 126321, "Plan Width": 67, "Actual Startup Time": 78666.912, "Actual Total Time": 78667.456, "Actual Rows": 84, "Actual Loops": 1, "Group By Key": ["orders.o_totalprice", "orders.o_orderdate", "customer.c_name", "customer.c_custkey", "orders.o_orderkey"], "Plans": [{"Node Type": "Nested Loop", "Parent Relationship": "Outer", "Join Type": "Inner", "Startup Cost": 3540088.91, "Total Cost": 3866082.29, "Plan Rows": 126321, "Plan Width": 59, "Actual Startup Time": 71346.529, "Actual Total Time": 78665.231, "Actual Rows": 588, "Actual Loops": 1, "Inner Unique": false, "Plans": [{"Node Type": "Nested Loop", "Parent Relationship": "Outer", "Join Type": "Inner", "Startup Cost": 3540088.91, "Total Cost": 3852738.51, "Plan Rows": 13913, "Plan Width": 59, "Actual Startup Time": 71346.496, "Actual Total Time": 78662.632, "Actual Rows": 84, "Actual Loops": 1, "Inner Unique": true, "Plans": [{"Node Type": "Nested Loop", "Parent Relationship": "Outer", "Join Type": "Inner", "Startup Cost": 3540088.91, "Total Cost": 3843115.38, "Plan Rows": 33034, "Plan Width": 40, "Actual Startup Time": 71346.464, "Actual Total Time": 78660.834, "Actual Rows": 84, "Actual Loops": 1, "Inner Unique": true, "Plans": [{"Node Type": "Aggregate", "Strategy": "Hashed", "Parent Relationship": "Outer", "Startup Cost": 3540088.91, "Total Cost": 3606239.52, "Plan Rows": 33034, "Plan Width": 24, "Actual Startup Time": 71346.402, "Actual Total Time": 78640.855, "Actual Rows": 84, "Actual Loops": 1, "Group By Key": ["public.lineitem.l_orderkey"], "Filter": "(sum(public.lineitem.l_quantity) > 314::double precision), (LLVM Optimized, Jit Execute)", "Rows Removed by Filter": 14999916, "Plans": [{"Node Type": "Index Scan", "Parent Relationship": "Outer", "Scan Direction": "Forward", "Index Name": "idx_lineitem_orderkey", "Relation Name": "lineitem", "Alias": "lineitem", "Startup Cost": 0.0, "Total Cost": 3240153.75, "Plan Rows": 59987033, "Plan Width": 16, "Actual Startup Time": 0.07, "Actual Total Time": 42499.927, "Actual Rows": 59986052, "Actual Loops": 1}]}, {"Node Type": "Index Scan", "Parent Relationship": "Inner", "Scan Direction": "Forward", "Index Name": "orders_pkey", "Relation Name": "orders", "Alias": "orders", "Startup Cost": 0.0, "Total Cost": 7.15, "Plan Rows": 1, "Plan Width": 32, "Actual Startup Time": 2.739, "Actual Total Time": 2.739, "Actual Rows": 84, "Actual Loops": 84, "Index Cond": "(o_orderkey = public.lineitem.l_orderkey)", "Rows Removed by Index Recheck": 0}]}, {"Node Type": "Index Scan", "Parent Relationship": "Inner", "Scan Direction": "Forward", "Index Name": "customer_pkey", "Relation Name": "customer", "Alias": "customer", "Startup Cost": 0.0, "Total Cost": 0.28, "Plan Rows": 1, "Plan Width": 27, "Actual Startup Time": 1.301, "Actual Total Time": 1.301, "Actual Rows": 84, "Actual Loops": 84, "Index Cond": "(c_custkey = orders.o_custkey)", "Rows Removed by Index Recheck": 0}]}, {"Node Type": "Index Scan", "Parent Relationship": "Inner", "Scan Direction": "Forward", "Index Name": "idx_lineitem_orderkey", "Relation Name": "lineitem", "Alias": "lineitem", "Startup Cost": 0.0, "Total Cost": 0.87, "Plan Rows": 9, "Plan Width": 16, "Actual Startup Time": 1.627, "Actual Total Time": 2.06, "Actual Rows": 588, "Actual Loops": 84, "Index Cond": "(l_orderkey = orders.o_orderkey)", "Rows Removed by Index Recheck": 0}]}]}]}]}, "Triggers": [], "Planner Runtime": 2.114, "Total Runtime": 78676.91, "Unique SQL Id": 1915754155}}, "(64, '2')": {"explain_plan": {"Plan": {"Node Type": "Limit", "Startup Cost": 2768625.52, "Total Cost": 2768625.77, "Plan Rows": 100, "Plan Width": 67, "Plans": [{"Node Type": "Sort", "Parent Relationship": "Outer", "Startup Cost": 2768625.52, "Total Cost": 2768941.33, "Plan Rows": 100, "Plan Width": 67, "Sort Key": ["orders.o_totalprice DESC", "orders.o_orderdate"], "Plans": [{"Node Type": "Aggregate", "Strategy": "Hashed", "Parent Relationship": "Outer", "Startup Cost": 2762534.42, "Total Cost": 2763797.63, "Plan Rows": 126321, "Plan Width": 67, "Group By Key": ["orders.o_totalprice", "orders.o_orderdate", "customer.c_name", "customer.c_custkey", "orders.o_orderkey"], "Plans": [{"Node Type": "Nested Loop", "Parent Relationship": "Outer", "Join Type": "Inner", "Startup Cost": 2385930.24, "Total Cost": 2760639.6, "Plan Rows": 126321, "Plan Width": 59, "Inner Unique": false, "Plans": [{"Node Type": "Hash Join", "Parent Relationship": "Outer", "Join Type": "Inner", "Startup Cost": 2385929.86, "Total Cost": 2696863.45, "Plan Rows": 13913, "Plan Width": 59, "Inner Unique": true, "Hash Cond": "(orders.o_custkey = customer.c_custkey)", "Plans": [{"Node Type": "Nested Loop", "Parent Relationship": "Outer", "Join Type": "Inner", "Startup Cost": 2315053.86, "Total Cost": 2625533.23, "Plan Rows": 33034, "Plan Width": 40, "Inner Unique": true, "Plans": [{"Node Type": "Aggregate", "Strategy": "Hashed", "Parent Relationship": "Outer", "Startup Cost": 2315050.5, "Total Cost": 2381201.11, "Plan Rows": 33034, "Plan Width": 24, "Group By Key": ["public.lineitem.l_orderkey"], "Filter": "(sum(public.lineitem.l_quantity) > 314::double precision), (LLVM Optimized)", "Plans": [{"Node Type": "Seq Scan", "Parent Relationship": "Outer", "Relation Name": "lineitem", "Alias": "lineitem", "Startup Cost": 0.0, "Total Cost": 2015115.33, "Plan Rows": 59987033, "Plan Width": 16}]}, {"Node Type": "Bitmap Heap Scan", "Parent Relationship": "Inner", "Relation Name": "orders", "Alias": "orders", "Startup Cost": 3.36, "Total Cost": 7.38, "Plan Rows": 1, "Plan Width": 32, "Recheck Cond": "(o_orderkey = public.lineitem.l_orderkey)", "Plans": [{"Node Type": "Bitmap Index Scan", "Parent Relationship": "Outer", "Index Name": "orders_pkey", "Startup Cost": 0.0, "Total Cost": 3.36, "Plan Rows": 1, "Plan Width": 0, "Index Cond": "(o_orderkey = public.lineitem.l_orderkey)"}]}]}, {"Node Type": "Hash", "Parent Relationship": "Inner", "Startup Cost": 52126.0, "Total Cost": 52126.0, "Plan Rows": 1500000, "Plan Width": 27, "Plans": [{"Node Type": "Seq Scan", "Parent Relationship": "Outer", "Relation Name": "customer", "Alias": "customer", "Startup Cost": 0.0, "Total Cost": 52126.0, "Plan Rows": 1500000, "Plan Width": 27}]}]}, {"Node Type": "Bitmap Heap Scan", "Parent Relationship": "Inner", "Relation Name": "lineitem", "Alias": "lineitem", "Startup Cost": 0.38, "Total Cost": 4.49, "Plan Rows": 9, "Plan Width": 16, "Recheck Cond": "(l_orderkey = orders.o_orderkey)", "Plans": [{"Node Type": "Bitmap Index Scan", "Parent Relationship": "Outer", "Index Name": "idx_lineitem_orderkey", "Startup Cost": 0.0, "Total Cost": 0.38, "Plan Rows": 9, "Plan Width": 0, "Index Cond": "(l_orderkey = orders.o_orderkey)"}]}]}]}]}]}, "Unique SQL Id": 1915754155, "Planner Runtime": 2}, "explain_analyze_plan": {"Plan": {"Node Type": "Limit", "Startup Cost": 2768625.52, "Total Cost": 2768625.77, "Plan Rows": 100, "Plan Width": 67, "Actual Startup Time": 52986.061, "Actual Total Time": 52986.077, "Actual Rows": 84, "Actual Loops": 1, "Plans": [{"Node Type": "Sort", "Parent Relationship": "Outer", "Startup Cost": 2768625.52, "Total Cost": 2768941.33, "Plan Rows": 100, "Plan Width": 67, "Actual Startup Time": 52986.06, "Actual Total Time": 52986.069, "Actual Rows": 84, "Actual Loops": 1, "Sort Key": ["orders.o_totalprice DESC", "orders.o_orderdate"], "Sort Method": "quicksort", "Sort Space Used": 38, "Sort Space Type": "Memory", "Plans": [{"Node Type": "Aggregate", "Strategy": "Hashed", "Parent Relationship": "Outer", "Startup Cost": 2762534.42, "Total Cost": 2763797.63, "Plan Rows": 126321, "Plan Width": 67, "Actual Startup Time": 52985.597, "Actual Total Time": 52985.959, "Actual Rows": 84, "Actual Loops": 1, "Group By Key": ["orders.o_totalprice", "orders.o_orderdate", "customer.c_name", "customer.c_custkey", "orders.o_orderkey"], "Plans": [{"Node Type": "Nested Loop", "Parent Relationship": "Outer", "Join Type": "Inner", "Startup Cost": 2385930.24, "Total Cost": 2760639.6, "Plan Rows": 126321, "Plan Width": 59, "Actual Startup Time": 47937.22, "Actual Total Time": 52983.281, "Actual Rows": 588, "Actual Loops": 1, "Inner Unique": false, "Plans": [{"Node Type": "Hash Join", "Parent Relationship": "Outer", "Join Type": "Inner", "Startup Cost": 2385929.86, "Total Cost": 2696863.45, "Plan Rows": 13913, "Plan Width": 59, "Actual Startup Time": 47937.171, "Actual Total Time": 52960.029, "Actual Rows": 84, "Actual Loops": 1, "Inner Unique": true, "Hash Cond": "(orders.o_custkey = customer.c_custkey)", "Plans": [{"Node Type": "Nested Loop", "Parent Relationship": "Outer", "Join Type": "Inner", "Startup Cost": 2315053.86, "Total Cost": 2625533.23, "Plan Rows": 33034, "Plan Width": 40, "Actual Startup Time": 46843.007, "Actual Total Time": 51861.678, "Actual Rows": 84, "Actual Loops": 1, "Inner Unique": true, "Plans": [{"Node Type": "Aggregate", "Strategy": "Hashed", "Parent Relationship": "Outer", "Startup Cost": 2315050.5, "Total Cost": 2381201.11, "Plan Rows": 33034, "Plan Width": 24, "Actual Startup Time": 46842.884, "Actual Total Time": 51843.325, "Actual Rows": 84, "Actual Loops": 1, "Group By Key": ["public.lineitem.l_orderkey"], "Filter": "(sum(public.lineitem.l_quantity) > 314::double precision), (LLVM Optimized, Jit Execute)", "Rows Removed by Filter": 14999916, "Plans": [{"Node Type": "Seq Scan", "Parent Relationship": "Outer", "Relation Name": "lineitem", "Alias": "lineitem", "Startup Cost": 0.0, "Total Cost": 2015115.33, "Plan Rows": 59987033, "Plan Width": 16, "Actual Startup Time": 0.033, "Actual Total Time": 20311.421, "Actual Rows": 59986052, "Actual Loops": 1}]}, {"Node Type": "Bitmap Heap Scan", "Parent Relationship": "Inner", "Relation Name": "orders", "Alias": "orders", "Startup Cost": 3.36, "Total Cost": 7.38, "Plan Rows": 1, "Plan Width": 32, "Actual Startup Time": 3.61, "Actual Total Time": 3.61, "Actual Rows": 84, "Actual Loops": 84, "Recheck Cond": "(o_orderkey = public.lineitem.l_orderkey)", "Rows Removed by Index Recheck": 0, "Exact Heap Blocks": 84, "Lossy Heap Blocks": 84, "Plans": [{"Node Type": "Bitmap Index Scan", "Parent Relationship": "Outer", "Index Name": "orders_pkey", "Startup Cost": 0.0, "Total Cost": 3.36, "Plan Rows": 1, "Plan Width": 0, "Actual Startup Time": 2.351, "Actual Total Time": 2.351, "Actual Rows": 84, "Actual Loops": 84, "Index Cond": "(o_orderkey = public.lineitem.l_orderkey)"}]}]}, {"Node Type": "Hash", "Parent Relationship": "Inner", "Startup Cost": 52126.0, "Total Cost": 52126.0, "Plan Rows": 1500000, "Plan Width": 27, "Actual Startup Time": 1092.602, "Actual Total Time": 1092.602, "Actual Rows": 1500000, "Actual Loops": 1, "Hash Buckets": 2097152, "Hash Batches": 1, "Original Hash Batches": 1, "Peak Memory Usage": 93750, "Plans": [{"Node Type": "Seq Scan", "Parent Relationship": "Outer", "Relation Name": "customer", "Alias": "customer", "Startup Cost": 0.0, "Total Cost": 52126.0, "Plan Rows": 1500000, "Plan Width": 27, "Actual Startup Time": 0.029, "Actual Total Time": 587.14, "Actual Rows": 1500000, "Actual Loops": 1}]}]}, {"Node Type": "Bitmap Heap Scan", "Parent Relationship": "Inner", "Relation Name": "lineitem", "Alias": "lineitem", "Startup Cost": 0.38, "Total Cost": 4.49, "Plan Rows": 9, "Plan Width": 16, "Actual Startup Time": 1.943, "Actual Total Time": 2.103, "Actual Rows": 588, "Actual Loops": 84, "Recheck Cond": "(l_orderkey = orders.o_orderkey)", "Rows Removed by Index Recheck": 0, "Exact Heap Blocks": 96, "Lossy Heap Blocks": 96, "Plans": [{"Node Type": "Bitmap Index Scan", "Parent Relationship": "Outer", "Index Name": "idx_lineitem_orderkey", "Startup Cost": 0.0, "Total Cost": 0.38, "Plan Rows": 9, "Plan Width": 0, "Actual Startup Time": 1.193, "Actual Total Time": 1.193, "Actual Rows": 588, "Actual Loops": 84, "Index Cond": "(l_orderkey = orders.o_orderkey)"}]}]}]}]}]}, "Triggers": [], "Planner Runtime": 2.066, "Total Runtime": 52995.547, "Unique SQL Id": 1915754155}}, "(64, '3')": {"explain_plan": {"Plan": {"Node Type": "Limit", "Startup Cost": 1000324838994.8, "Total Cost": 1000324838995.05, "Plan Rows": 100, "Plan Width": 67, "Plans": [{"Node Type": "Sort", "Parent Relationship": "Outer", "Startup Cost": 1000324838994.8, "Total Cost": 1000324839310.61, "Plan Rows": 100, "Plan Width": 67, "Sort Key": ["orders.o_totalprice DESC", "orders.o_orderdate"], "Plans": [{"Node Type": "Aggregate", "Strategy": "Hashed", "Parent Relationship": "Outer", "Startup Cost": 1000324832903.7, "Total Cost": 1000324834166.91, "Plan Rows": 126321, "Plan Width": 67, "Group By Key": ["orders.o_totalprice", "orders.o_orderdate", "customer.c_name", "customer.c_custkey", "orders.o_orderkey"], "Plans": [{"Node Type": "Nested Loop", "Parent Relationship": "Outer", "Join Type": "Inner", "Startup Cost": 1000324315313.67, "Total Cost": 1000324831008.88, "Plan Rows": 126321, "Plan Width": 59, "Inner Unique": false, "Plans": [{"Node Type": "Nested Loop", "Parent Relationship": "Outer", "Join Type": "Inner", "Startup Cost": 1000324315313.29, "Total Cost": 1000324767232.73, "Plan Rows": 13913, "Plan Width": 59, "Inner Unique": true, "Plans": [{"Node Type": "Nested Loop", "Parent Relationship": "Outer", "Join Type": "Inner", "Startup Cost": 1000324315313.03, "Total Cost": 1000324625792.4, "Plan Rows": 33034, "Plan Width": 40, "Inner Unique": true, "Plans": [{"Node Type": "Aggregate", "Strategy": "Hashed", "Parent Relationship": "Outer", "Startup Cost": 1000324315309.67, "Total Cost": 1000324381460.28, "Plan Rows": 33034, "Plan Width": 24, "Group By Key": ["public.lineitem.l_orderkey"], "Filter": "(sum(public.lineitem.l_quantity) > 314::double precision), (LLVM Optimized)", "Plans": [{"Node Type": "Index Scan", "Parent Relationship": "Outer", "Scan Direction": "Forward", "Index Name": "idx_lineitem_orderkey", "Relation Name": "lineitem", "Alias": "lineitem", "Startup Cost": 10000000000.0, "Total Cost": 1000324015374.5, "Plan Rows": 59987033, "Plan Width": 16}]}, {"Node Type": "Bitmap Heap Scan", "Parent Relationship": "Inner", "Relation Name": "orders", "Alias": "orders", "Startup Cost": 3.36, "Total Cost": 7.38, "Plan Rows": 1, "Plan Width": 32, "Recheck Cond": "(o_orderkey = public.lineitem.l_orderkey)", "Plans": [{"Node Type": "Bitmap Index Scan", "Parent Relationship": "Outer", "Index Name": "orders_pkey", "Startup Cost": 0.0, "Total Cost": 3.36, "Plan Rows": 1, "Plan Width": 0, "Index Cond": "(o_orderkey = public.lineitem.l_orderkey)"}]}]}, {"Node Type": "Bitmap Heap Scan", "Parent Relationship": "Inner", "Relation Name": "customer", "Alias": "customer", "Startup Cost": 0.26, "Total Cost": 4.27, "Plan Rows": 1, "Plan Width": 27, "Recheck Cond": "(c_custkey = orders.o_custkey)", "Plans": [{"Node Type": "Bitmap Index Scan", "Parent Relationship": "Outer", "Index Name": "customer_pkey", "Startup Cost": 0.0, "Total Cost": 0.26, "Plan Rows": 1, "Plan Width": 0, "Index Cond": "(c_custkey = orders.o_custkey)"}]}]}, {"Node Type": "Bitmap Heap Scan", "Parent Relationship": "Inner", "Relation Name": "lineitem", "Alias": "lineitem", "Startup Cost": 0.38, "Total Cost": 4.49, "Plan Rows": 9, "Plan Width": 16, "Recheck Cond": "(l_orderkey = orders.o_orderkey)", "Plans": [{"Node Type": "Bitmap Index Scan", "Parent Relationship": "Outer", "Index Name": "idx_lineitem_orderkey", "Startup Cost": 0.0, "Total Cost": 0.38, "Plan Rows": 9, "Plan Width": 0, "Index Cond": "(l_orderkey = orders.o_orderkey)"}]}]}]}]}]}, "Unique SQL Id": 1915754155, "Planner Runtime": 2}, "explain_analyze_plan": {"Plan": {"Node Type": "Limit", "Startup Cost": 1000324838994.8, "Total Cost": 1000324838995.05, "Plan Rows": 100, "Plan Width": 67, "Actual Startup Time": 80249.492, "Actual Total Time": 80249.51, "Actual Rows": 84, "Actual Loops": 1, "Plans": [{"Node Type": "Sort", "Parent Relationship": "Outer", "Startup Cost": 1000324838994.8, "Total Cost": 1000324839310.61, "Plan Rows": 100, "Plan Width": 67, "Actual Startup Time": 80249.49, "Actual Total Time": 80249.501, "Actual Rows": 84, "Actual Loops": 1, "Sort Key": ["orders.o_totalprice DESC", "orders.o_orderdate"], "Sort Method": "quicksort", "Sort Space Used": 38, "Sort Space Type": "Memory", "Plans": [{"Node Type": "Aggregate", "Strategy": "Hashed", "Parent Relationship": "Outer", "Startup Cost": 1000324832903.7, "Total Cost": 1000324834166.91, "Plan Rows": 126321, "Plan Width": 67, "Actual Startup Time": 80249.1, "Actual Total Time": 80249.389, "Actual Rows": 84, "Actual Loops": 1, "Group By Key": ["orders.o_totalprice", "orders.o_orderdate", "customer.c_name", "customer.c_custkey", "orders.o_orderkey"], "Plans": [{"Node Type": "Nested Loop", "Parent Relationship": "Outer", "Join Type": "Inner", "Startup Cost": 1000324315313.67, "Total Cost": 1000324831008.88, "Plan Rows": 126321, "Plan Width": 59, "Actual Startup Time": 73111.745, "Actual Total Time": 80247.199, "Actual Rows": 588, "Actual Loops": 1, "Inner Unique": false, "Plans": [{"Node Type": "Nested Loop", "Parent Relationship": "Outer", "Join Type": "Inner", "Startup Cost": 1000324315313.29, "Total Cost": 1000324767232.73, "Plan Rows": 13913, "Plan Width": 59, "Actual Startup Time": 73111.701, "Actual Total Time": 80244.173, "Actual Rows": 84, "Actual Loops": 1, "Inner Unique": true, "Plans": [{"Node Type": "Nested Loop", "Parent Relationship": "Outer", "Join Type": "Inner", "Startup Cost": 1000324315313.03, "Total Cost": 1000324625792.4, "Plan Rows": 33034, "Plan Width": 40, "Actual Startup Time": 73111.642, "Actual Total Time": 80242.091, "Actual Rows": 84, "Actual Loops": 1, "Inner Unique": true, "Plans": [{"Node Type": "Aggregate", "Strategy": "Hashed", "Parent Relationship": "Outer", "Startup Cost": 1000324315309.67, "Total Cost": 1000324381460.28, "Plan Rows": 33034, "Plan Width": 24, "Actual Startup Time": 73111.524, "Actual Total Time": 80223.033, "Actual Rows": 84, "Actual Loops": 1, "Group By Key": ["public.lineitem.l_orderkey"], "Filter": "(sum(public.lineitem.l_quantity) > 314::double precision), (LLVM Optimized, Jit Execute)", "Rows Removed by Filter": 14999916, "Plans": [{"Node Type": "Index Scan", "Parent Relationship": "Outer", "Scan Direction": "Forward", "Index Name": "idx_lineitem_orderkey", "Relation Name": "lineitem", "Alias": "lineitem", "Startup Cost": 10000000000.0, "Total Cost": 1000324015374.5, "Plan Rows": 59987033, "Plan Width": 16, "Actual Startup Time": 0.063, "Actual Total Time": 44361.768, "Actual Rows": 59986052, "Actual Loops": 1}]}, {"Node Type": "Bitmap Heap Scan", "Parent Relationship": "Inner", "Relation Name": "orders", "Alias": "orders", "Startup Cost": 3.36, "Total Cost": 7.38, "Plan Rows": 1, "Plan Width": 32, "Actual Startup Time": 3.64, "Actual Total Time": 3.64, "Actual Rows": 84, "Actual Loops": 84, "Recheck Cond": "(o_orderkey = public.lineitem.l_orderkey)", "Rows Removed by Index Recheck": 0, "Exact Heap Blocks": 84, "Lossy Heap Blocks": 84, "Plans": [{"Node Type": "Bitmap Index Scan", "Parent Relationship": "Outer", "Index Name": "orders_pkey", "Startup Cost": 0.0, "Total Cost": 3.36, "Plan Rows": 1, "Plan Width": 0, "Actual Startup Time": 2.402, "Actual Total Time": 2.402, "Actual Rows": 84, "Actual Loops": 84, "Index Cond": "(o_orderkey = public.lineitem.l_orderkey)"}]}]}, {"Node Type": "Bitmap Heap Scan", "Parent Relationship": "Inner", "Relation Name": "customer", "Alias": "customer", "Startup Cost": 0.26, "Total Cost": 4.27, "Plan Rows": 1, "Plan Width": 27, "Actual Startup Time": 1.455, "Actual Total Time": 1.455, "Actual Rows": 84, "Actual Loops": 84, "Recheck Cond": "(c_custkey = orders.o_custkey)", "Rows Removed by Index Recheck": 0, "Exact Heap Blocks": 84, "Lossy Heap Blocks": 84, "Plans": [{"Node Type": "Bitmap Index Scan", "Parent Relationship": "Outer", "Index Name": "customer_pkey", "Startup Cost": 0.0, "Total Cost": 0.26, "Plan Rows": 1, "Plan Width": 0, "Actual Startup Time": 0.897, "Actual Total Time": 0.897, "Actual Rows": 84, "Actual Loops": 84, "Index Cond": "(c_custkey = orders.o_custkey)"}]}]}, {"Node Type": "Bitmap Heap Scan", "Parent Relationship": "Inner", "Relation Name": "lineitem", "Alias": "lineitem", "Startup Cost": 0.38, "Total Cost": 4.49, "Plan Rows": 9, "Plan Width": 16, "Actual Startup Time": 2.054, "Actual Total Time": 2.216, "Actual Rows": 588, "Actual Loops": 84, "Recheck Cond": "(l_orderkey = orders.o_orderkey)", "Rows Removed by Index Recheck": 0, "Exact Heap Blocks": 96, "Lossy Heap Blocks": 96, "Plans": [{"Node Type": "Bitmap Index Scan", "Parent Relationship": "Outer", "Index Name": "idx_lineitem_orderkey", "Startup Cost": 0.0, "Total Cost": 0.38, "Plan Rows": 9, "Plan Width": 0, "Actual Startup Time": 1.268, "Actual Total Time": 1.268, "Actual Rows": 588, "Actual Loops": 84, "Index Cond": "(l_orderkey = orders.o_orderkey)"}]}]}]}]}]}, "Triggers": [], "Planner Runtime": 1.823, "Total Runtime": 80258.843, "Unique SQL Id": 1915754155}}, "(64, '4')": {"explain_plan": {"Plan": {"Node Type": "Limit", "Startup Cost": 2649029.8, "Total Cost": 2649030.05, "Plan Rows": 100, "Plan Width": 67, "Plans": [{"Node Type": "Sort", "Parent Relationship": "Outer", "Startup Cost": 2649029.8, "Total Cost": 2649345.6, "Plan Rows": 100, "Plan Width": 67, "Sort Key": ["orders.o_totalprice DESC", "orders.o_orderdate"], "Plans": [{"Node Type": "Aggregate", "Strategy": "Hashed", "Parent Relationship": "Outer", "Startup Cost": 2642938.69, "Total Cost": 2644201.9, "Plan Rows": 126321, "Plan Width": 67, "Group By Key": ["orders.o_totalprice", "orders.o_orderdate", "customer.c_name", "customer.c_custkey", "orders.o_orderkey"], "Plans": [{"Node Type": "Nested Loop", "Parent Relationship": "Outer", "Join Type": "Inner", "Startup Cost": 2315050.5, "Total Cost": 2641043.88, "Plan Rows": 126321, "Plan Width": 59, "Inner Unique": false, "Plans": [{"Node Type": "Nested Loop", "Parent Relationship": "Outer", "Join Type": "Inner", "Startup Cost": 2315050.5, "Total Cost": 2627700.1, "Plan Rows": 13913, "Plan Width": 59, "Inner Unique": true, "Plans": [{"Node Type": "Nested Loop", "Parent Relationship": "Outer", "Join Type": "Inner", "Startup Cost": 2315050.5, "Total Cost": 2618076.97, "Plan Rows": 33034, "Plan Width": 40, "Inner Unique": true, "Plans": [{"Node Type": "Aggregate", "Strategy": "Hashed", "Parent Relationship": "Outer", "Startup Cost": 2315050.5, "Total Cost": 2381201.11, "Plan Rows": 33034, "Plan Width": 24, "Group By Key": ["public.lineitem.l_orderkey"], "Filter": "(sum(public.lineitem.l_quantity) > 314::double precision), (LLVM Optimized)", "Plans": [{"Node Type": "Seq Scan", "Parent Relationship": "Outer", "Relation Name": "lineitem", "Alias": "lineitem", "Startup Cost": 0.0, "Total Cost": 2015115.33, "Plan Rows": 59987033, "Plan Width": 16}]}, {"Node Type": "Index Scan", "Parent Relationship": "Inner", "Scan Direction": "Forward", "Index Name": "orders_pkey", "Relation Name": "orders", "Alias": "orders", "Startup Cost": 0.0, "Total Cost": 7.15, "Plan Rows": 1, "Plan Width": 32, "Index Cond": "(o_orderkey = public.lineitem.l_orderkey)"}]}, {"Node Type": "Index Scan", "Parent Relationship": "Inner", "Scan Direction": "Forward", "Index Name": "customer_pkey", "Relation Name": "customer", "Alias": "customer", "Startup Cost": 0.0, "Total Cost": 0.28, "Plan Rows": 1, "Plan Width": 27, "Index Cond": "(c_custkey = orders.o_custkey)"}]}, {"Node Type": "Index Scan", "Parent Relationship": "Inner", "Scan Direction": "Forward", "Index Name": "idx_lineitem_orderkey", "Relation Name": "lineitem", "Alias": "lineitem", "Startup Cost": 0.0, "Total Cost": 0.87, "Plan Rows": 9, "Plan Width": 16, "Index Cond": "(l_orderkey = orders.o_orderkey)"}]}]}]}]}, "Unique SQL Id": 1915754155, "Planner Runtime": 2}, "explain_analyze_plan": {"Plan": {"Node Type": "Limit", "Startup Cost": 2649029.8, "Total Cost": 2649030.05, "Plan Rows": 100, "Plan Width": 67, "Actual Startup Time": 54861.493, "Actual Total Time": 54861.508, "Actual Rows": 84, "Actual Loops": 1, "Plans": [{"Node Type": "Sort", "Parent Relationship": "Outer", "Startup Cost": 2649029.8, "Total Cost": 2649345.6, "Plan Rows": 100, "Plan Width": 67, "Actual Startup Time": 54861.49, "Actual Total Time": 54861.494, "Actual Rows": 84, "Actual Loops": 1, "Sort Key": ["orders.o_totalprice DESC", "orders.o_orderdate"], "Sort Method": "quicksort", "Sort Space Used": 38, "Sort Space Type": "Memory", "Plans": [{"Node Type": "Aggregate", "Strategy": "Hashed", "Parent Relationship": "Outer", "Startup Cost": 2642938.69, "Total Cost": 2644201.9, "Plan Rows": 126321, "Plan Width": 67, "Actual Startup Time": 54860.881, "Actual Total Time": 54861.367, "Actual Rows": 84, "Actual Loops": 1, "Group By Key": ["orders.o_totalprice", "orders.o_orderdate", "customer.c_name", "customer.c_custkey", "orders.o_orderkey"], "Plans": [{"Node Type": "Nested Loop", "Parent Relationship": "Outer", "Join Type": "Inner", "Startup Cost": 2315050.5, "Total Cost": 2641043.88, "Plan Rows": 126321, "Plan Width": 59, "Actual Startup Time": 49072.337, "Actual Total Time": 54858.992, "Actual Rows": 588, "Actual Loops": 1, "Inner Unique": false, "Plans": [{"Node Type": "Nested Loop", "Parent Relationship": "Outer", "Join Type": "Inner", "Startup Cost": 2315050.5, "Total Cost": 2627700.1, "Plan Rows": 13913, "Plan Width": 59, "Actual Startup Time": 49072.315, "Actual Total Time": 54856.844, "Actual Rows": 84, "Actual Loops": 1, "Inner Unique": true, "Plans": [{"Node Type": "Nested Loop", "Parent Relationship": "Outer", "Join Type": "Inner", "Startup Cost": 2315050.5, "Total Cost": 2618076.97, "Plan Rows": 33034, "Plan Width": 40, "Actual Startup Time": 49072.296, "Actual Total Time": 54855.643, "Actual Rows": 84, "Actual Loops": 1, "Inner Unique": true, "Plans": [{"Node Type": "Aggregate", "Strategy": "Hashed", "Parent Relationship": "Outer", "Startup Cost": 2315050.5, "Total Cost": 2381201.11, "Plan Rows": 33034, "Plan Width": 24, "Actual Startup Time": 49072.224, "Actual Total Time": 54835.622, "Actual Rows": 84, "Actual Loops": 1, "Group By Key": ["public.lineitem.l_orderkey"], "Filter": "(sum(public.lineitem.l_quantity) > 314::double precision), (LLVM Optimized, Jit Execute)", "Rows Removed by Filter": 14999916, "Plans": [{"Node Type": "Seq Scan", "Parent Relationship": "Outer", "Relation Name": "lineitem", "Alias": "lineitem", "Startup Cost": 0.0, "Total Cost": 2015115.33, "Plan Rows": 59987033, "Plan Width": 16, "Actual Startup Time": 0.051, "Actual Total Time": 20660.278, "Actual Rows": 59986052, "Actual Loops": 1}]}, {"Node Type": "Index Scan", "Parent Relationship": "Inner", "Scan Direction": "Forward", "Index Name": "orders_pkey", "Relation Name": "orders", "Alias": "orders", "Startup Cost": 0.0, "Total Cost": 7.15, "Plan Rows": 1, "Plan Width": 32, "Actual Startup Time": 2.649, "Actual Total Time": 2.649, "Actual Rows": 84, "Actual Loops": 84, "Index Cond": "(o_orderkey = public.lineitem.l_orderkey)", "Rows Removed by Index Recheck": 0}]}, {"Node Type": "Index Scan", "Parent Relationship": "Inner", "Scan Direction": "Forward", "Index Name": "customer_pkey", "Relation Name": "customer", "Alias": "customer", "Startup Cost": 0.0, "Total Cost": 0.28, "Plan Rows": 1, "Plan Width": 27, "Actual Startup Time": 0.851, "Actual Total Time": 0.851, "Actual Rows": 84, "Actual Loops": 84, "Index Cond": "(c_custkey = orders.o_custkey)", "Rows Removed by Index Recheck": 0}]}, {"Node Type": "Index Scan", "Parent Relationship": "Inner", "Scan Direction": "Forward", "Index Name": "idx_lineitem_orderkey", "Relation Name": "lineitem", "Alias": "lineitem", "Startup Cost": 0.0, "Total Cost": 0.87, "Plan Rows": 9, "Plan Width": 16, "Actual Startup Time": 1.215, "Actual Total Time": 1.721, "Actual Rows": 588, "Actual Loops": 84, "Index Cond": "(l_orderkey = orders.o_orderkey)", "Rows Removed by Index Recheck": 0}]}]}]}]}, "Triggers": [], "Planner Runtime": 2.136, "Total Runtime": 54871.674, "Unique SQL Id": 1915754155}}, "(64, '5')": {"explain_plan": {"Plan": {"Node Type": "Limit", "Startup Cost": 3874068.21, "Total Cost": 3874068.46, "Plan Rows": 100, "Plan Width": 67, "Plans": [{"Node Type": "Sort", "Parent Relationship": "Outer", "Startup Cost": 3874068.21, "Total Cost": 3874384.02, "Plan Rows": 100, "Plan Width": 67, "Sort Key": ["orders.o_totalprice DESC", "orders.o_orderdate"], "Plans": [{"Node Type": "Aggregate", "Strategy": "Hashed", "Parent Relationship": "Outer", "Startup Cost": 3867977.11, "Total Cost": 3869240.32, "Plan Rows": 126321, "Plan Width": 67, "Group By Key": ["orders.o_totalprice", "orders.o_orderdate", "customer.c_name", "customer.c_custkey", "orders.o_orderkey"], "Plans": [{"Node Type": "Nested Loop", "Parent Relationship": "Outer", "Join Type": "Inner", "Startup Cost": 3540088.91, "Total Cost": 3866082.29, "Plan Rows": 126321, "Plan Width": 59, "Inner Unique": false, "Plans": [{"Node Type": "Nested Loop", "Parent Relationship": "Outer", "Join Type": "Inner", "Startup Cost": 3540088.91, "Total Cost": 3852738.51, "Plan Rows": 13913, "Plan Width": 59, "Inner Unique": true, "Plans": [{"Node Type": "Nested Loop", "Parent Relationship": "Outer", "Join Type": "Inner", "Startup Cost": 3540088.91, "Total Cost": 3843115.38, "Plan Rows": 33034, "Plan Width": 40, "Inner Unique": true, "Plans": [{"Node Type": "Aggregate", "Strategy": "Hashed", "Parent Relationship": "Outer", "Startup Cost": 3540088.91, "Total Cost": 3606239.52, "Plan Rows": 33034, "Plan Width": 24, "Group By Key": ["public.lineitem.l_orderkey"], "Filter": "(sum(public.lineitem.l_quantity) > 314::double precision), (LLVM Optimized)", "Plans": [{"Node Type": "Index Scan", "Parent Relationship": "Outer", "Scan Direction": "Forward", "Index Name": "idx_lineitem_orderkey", "Relation Name": "lineitem", "Alias": "lineitem", "Startup Cost": 0.0, "Total Cost": 3240153.75, "Plan Rows": 59987033, "Plan Width": 16}]}, {"Node Type": "Index Scan", "Parent Relationship": "Inner", "Scan Direction": "Forward", "Index Name": "orders_pkey", "Relation Name": "orders", "Alias": "orders", "Startup Cost": 0.0, "Total Cost": 7.15, "Plan Rows": 1, "Plan Width": 32, "Index Cond": "(o_orderkey = public.lineitem.l_orderkey)"}]}, {"Node Type": "Index Scan", "Parent Relationship": "Inner", "Scan Direction": "Forward", "Index Name": "customer_pkey", "Relation Name": "customer", "Alias": "customer", "Startup Cost": 0.0, "Total Cost": 0.28, "Plan Rows": 1, "Plan Width": 27, "Index Cond": "(c_custkey = orders.o_custkey)"}]}, {"Node Type": "Index Scan", "Parent Relationship": "Inner", "Scan Direction": "Forward", "Index Name": "idx_lineitem_orderkey", "Relation Name": "lineitem", "Alias": "lineitem", "Startup Cost": 0.0, "Total Cost": 0.87, "Plan Rows": 9, "Plan Width": 16, "Index Cond": "(l_orderkey = orders.o_orderkey)"}]}]}]}]}, "Unique SQL Id": 1915754155, "Planner Runtime": 2}, "explain_analyze_plan": {"Plan": {"Node Type": "Limit", "Startup Cost": 3874068.21, "Total Cost": 3874068.46, "Plan Rows": 100, "Plan Width": 67, "Actual Startup Time": 78667.563, "Actual Total Time": 78667.58, "Actual Rows": 84, "Actual Loops": 1, "Plans": [{"Node Type": "Sort", "Parent Relationship": "Outer", "Startup Cost": 3874068.21, "Total Cost": 3874384.02, "Plan Rows": 100, "Plan Width": 67, "Actual Startup Time": 78667.561, "Actual Total Time": 78667.57, "Actual Rows": 84, "Actual Loops": 1, "Sort Key": ["orders.o_totalprice DESC", "orders.o_orderdate"], "Sort Method": "quicksort", "Sort Space Used": 38, "Sort Space Type": "Memory", "Plans": [{"Node Type": "Aggregate", "Strategy": "Hashed", "Parent Relationship": "Outer", "Startup Cost": 3867977.11, "Total Cost": 3869240.32, "Plan Rows": 126321, "Plan Width": 67, "Actual Startup Time": 78666.912, "Actual Total Time": 78667.456, "Actual Rows": 84, "Actual Loops": 1, "Group By Key": ["orders.o_totalprice", "orders.o_orderdate", "customer.c_name", "customer.c_custkey", "orders.o_orderkey"], "Plans": [{"Node Type": "Nested Loop", "Parent Relationship": "Outer", "Join Type": "Inner", "Startup Cost": 3540088.91, "Total Cost": 3866082.29, "Plan Rows": 126321, "Plan Width": 59, "Actual Startup Time": 71346.529, "Actual Total Time": 78665.231, "Actual Rows": 588, "Actual Loops": 1, "Inner Unique": false, "Plans": [{"Node Type": "Nested Loop", "Parent Relationship": "Outer", "Join Type": "Inner", "Startup Cost": 3540088.91, "Total Cost": 3852738.51, "Plan Rows": 13913, "Plan Width": 59, "Actual Startup Time": 71346.496, "Actual Total Time": 78662.632, "Actual Rows": 84, "Actual Loops": 1, "Inner Unique": true, "Plans": [{"Node Type": "Nested Loop", "Parent Relationship": "Outer", "Join Type": "Inner", "Startup Cost": 3540088.91, "Total Cost": 3843115.38, "Plan Rows": 33034, "Plan Width": 40, "Actual Startup Time": 71346.464, "Actual Total Time": 78660.834, "Actual Rows": 84, "Actual Loops": 1, "Inner Unique": true, "Plans": [{"Node Type": "Aggregate", "Strategy": "Hashed", "Parent Relationship": "Outer", "Startup Cost": 3540088.91, "Total Cost": 3606239.52, "Plan Rows": 33034, "Plan Width": 24, "Actual Startup Time": 71346.402, "Actual Total Time": 78640.855, "Actual Rows": 84, "Actual Loops": 1, "Group By Key": ["public.lineitem.l_orderkey"], "Filter": "(sum(public.lineitem.l_quantity) > 314::double precision), (LLVM Optimized, Jit Execute)", "Rows Removed by Filter": 14999916, "Plans": [{"Node Type": "Index Scan", "Parent Relationship": "Outer", "Scan Direction": "Forward", "Index Name": "idx_lineitem_orderkey", "Relation Name": "lineitem", "Alias": "lineitem", "Startup Cost": 0.0, "Total Cost": 3240153.75, "Plan Rows": 59987033, "Plan Width": 16, "Actual Startup Time": 0.07, "Actual Total Time": 42499.927, "Actual Rows": 59986052, "Actual Loops": 1}]}, {"Node Type": "Index Scan", "Parent Relationship": "Inner", "Scan Direction": "Forward", "Index Name": "orders_pkey", "Relation Name": "orders", "Alias": "orders", "Startup Cost": 0.0, "Total Cost": 7.15, "Plan Rows": 1, "Plan Width": 32, "Actual Startup Time": 2.739, "Actual Total Time": 2.739, "Actual Rows": 84, "Actual Loops": 84, "Index Cond": "(o_orderkey = public.lineitem.l_orderkey)", "Rows Removed by Index Recheck": 0}]}, {"Node Type": "Index Scan", "Parent Relationship": "Inner", "Scan Direction": "Forward", "Index Name": "customer_pkey", "Relation Name": "customer", "Alias": "customer", "Startup Cost": 0.0, "Total Cost": 0.28, "Plan Rows": 1, "Plan Width": 27, "Actual Startup Time": 1.301, "Actual Total Time": 1.301, "Actual Rows": 84, "Actual Loops": 84, "Index Cond": "(c_custkey = orders.o_custkey)", "Rows Removed by Index Recheck": 0}]}, {"Node Type": "Index Scan", "Parent Relationship": "Inner", "Scan Direction": "Forward", "Index Name": "idx_lineitem_orderkey", "Relation Name": "lineitem", "Alias": "lineitem", "Startup Cost": 0.0, "Total Cost": 0.87, "Plan Rows": 9, "Plan Width": 16, "Actual Startup Time": 1.627, "Actual Total Time": 2.06, "Actual Rows": 588, "Actual Loops": 84, "Index Cond": "(l_orderkey = orders.o_orderkey)", "Rows Removed by Index Recheck": 0}]}]}]}]}, "Triggers": [], "Planner Runtime": 2.114, "Total Runtime": 78676.91, "Unique SQL Id": 1915754155}}, "(64, '6')": {"explain_plan": {"Plan": {"Node Type": "Limit", "Startup Cost": 2768625.52, "Total Cost": 2768625.77, "Plan Rows": 100, "Plan Width": 67, "Plans": [{"Node Type": "Sort", "Parent Relationship": "Outer", "Startup Cost": 2768625.52, "Total Cost": 2768941.33, "Plan Rows": 100, "Plan Width": 67, "Sort Key": ["orders.o_totalprice DESC", "orders.o_orderdate"], "Plans": [{"Node Type": "Aggregate", "Strategy": "Hashed", "Parent Relationship": "Outer", "Startup Cost": 2762534.42, "Total Cost": 2763797.63, "Plan Rows": 126321, "Plan Width": 67, "Group By Key": ["orders.o_totalprice", "orders.o_orderdate", "customer.c_name", "customer.c_custkey", "orders.o_orderkey"], "Plans": [{"Node Type": "Nested Loop", "Parent Relationship": "Outer", "Join Type": "Inner", "Startup Cost": 2385930.24, "Total Cost": 2760639.6, "Plan Rows": 126321, "Plan Width": 59, "Inner Unique": false, "Plans": [{"Node Type": "Hash Join", "Parent Relationship": "Outer", "Join Type": "Inner", "Startup Cost": 2385929.86, "Total Cost": 2696863.45, "Plan Rows": 13913, "Plan Width": 59, "Inner Unique": true, "Hash Cond": "(orders.o_custkey = customer.c_custkey)", "Plans": [{"Node Type": "Nested Loop", "Parent Relationship": "Outer", "Join Type": "Inner", "Startup Cost": 2315053.86, "Total Cost": 2625533.23, "Plan Rows": 33034, "Plan Width": 40, "Inner Unique": true, "Plans": [{"Node Type": "Aggregate", "Strategy": "Hashed", "Parent Relationship": "Outer", "Startup Cost": 2315050.5, "Total Cost": 2381201.11, "Plan Rows": 33034, "Plan Width": 24, "Group By Key": ["public.lineitem.l_orderkey"], "Filter": "(sum(public.lineitem.l_quantity) > 314::double precision), (LLVM Optimized)", "Plans": [{"Node Type": "Seq Scan", "Parent Relationship": "Outer", "Relation Name": "lineitem", "Alias": "lineitem", "Startup Cost": 0.0, "Total Cost": 2015115.33, "Plan Rows": 59987033, "Plan Width": 16}]}, {"Node Type": "Bitmap Heap Scan", "Parent Relationship": "Inner", "Relation Name": "orders", "Alias": "orders", "Startup Cost": 3.36, "Total Cost": 7.38, "Plan Rows": 1, "Plan Width": 32, "Recheck Cond": "(o_orderkey = public.lineitem.l_orderkey)", "Plans": [{"Node Type": "Bitmap Index Scan", "Parent Relationship": "Outer", "Index Name": "orders_pkey", "Startup Cost": 0.0, "Total Cost": 3.36, "Plan Rows": 1, "Plan Width": 0, "Index Cond": "(o_orderkey = public.lineitem.l_orderkey)"}]}]}, {"Node Type": "Hash", "Parent Relationship": "Inner", "Startup Cost": 52126.0, "Total Cost": 52126.0, "Plan Rows": 1500000, "Plan Width": 27, "Plans": [{"Node Type": "Seq Scan", "Parent Relationship": "Outer", "Relation Name": "customer", "Alias": "customer", "Startup Cost": 0.0, "Total Cost": 52126.0, "Plan Rows": 1500000, "Plan Width": 27}]}]}, {"Node Type": "Bitmap Heap Scan", "Parent Relationship": "Inner", "Relation Name": "lineitem", "Alias": "lineitem", "Startup Cost": 0.38, "Total Cost": 4.49, "Plan Rows": 9, "Plan Width": 16, "Recheck Cond": "(l_orderkey = orders.o_orderkey)", "Plans": [{"Node Type": "Bitmap Index Scan", "Parent Relationship": "Outer", "Index Name": "idx_lineitem_orderkey", "Startup Cost": 0.0, "Total Cost": 0.38, "Plan Rows": 9, "Plan Width": 0, "Index Cond": "(l_orderkey = orders.o_orderkey)"}]}]}]}]}]}, "Unique SQL Id": 1915754155, "Planner Runtime": 2}, "explain_analyze_plan": {"Plan": {"Node Type": "Limit", "Startup Cost": 2768625.52, "Total Cost": 2768625.77, "Plan Rows": 100, "Plan Width": 67, "Actual Startup Time": 52986.061, "Actual Total Time": 52986.077, "Actual Rows": 84, "Actual Loops": 1, "Plans": [{"Node Type": "Sort", "Parent Relationship": "Outer", "Startup Cost": 2768625.52, "Total Cost": 2768941.33, "Plan Rows": 100, "Plan Width": 67, "Actual Startup Time": 52986.06, "Actual Total Time": 52986.069, "Actual Rows": 84, "Actual Loops": 1, "Sort Key": ["orders.o_totalprice DESC", "orders.o_orderdate"], "Sort Method": "quicksort", "Sort Space Used": 38, "Sort Space Type": "Memory", "Plans": [{"Node Type": "Aggregate", "Strategy": "Hashed", "Parent Relationship": "Outer", "Startup Cost": 2762534.42, "Total Cost": 2763797.63, "Plan Rows": 126321, "Plan Width": 67, "Actual Startup Time": 52985.597, "Actual Total Time": 52985.959, "Actual Rows": 84, "Actual Loops": 1, "Group By Key": ["orders.o_totalprice", "orders.o_orderdate", "customer.c_name", "customer.c_custkey", "orders.o_orderkey"], "Plans": [{"Node Type": "Nested Loop", "Parent Relationship": "Outer", "Join Type": "Inner", "Startup Cost": 2385930.24, "Total Cost": 2760639.6, "Plan Rows": 126321, "Plan Width": 59, "Actual Startup Time": 47937.22, "Actual Total Time": 52983.281, "Actual Rows": 588, "Actual Loops": 1, "Inner Unique": false, "Plans": [{"Node Type": "Hash Join", "Parent Relationship": "Outer", "Join Type": "Inner", "Startup Cost": 2385929.86, "Total Cost": 2696863.45, "Plan Rows": 13913, "Plan Width": 59, "Actual Startup Time": 47937.171, "Actual Total Time": 52960.029, "Actual Rows": 84, "Actual Loops": 1, "Inner Unique": true, "Hash Cond": "(orders.o_custkey = customer.c_custkey)", "Plans": [{"Node Type": "Nested Loop", "Parent Relationship": "Outer", "Join Type": "Inner", "Startup Cost": 2315053.86, "Total Cost": 2625533.23, "Plan Rows": 33034, "Plan Width": 40, "Actual Startup Time": 46843.007, "Actual Total Time": 51861.678, "Actual Rows": 84, "Actual Loops": 1, "Inner Unique": true, "Plans": [{"Node Type": "Aggregate", "Strategy": "Hashed", "Parent Relationship": "Outer", "Startup Cost": 2315050.5, "Total Cost": 2381201.11, "Plan Rows": 33034, "Plan Width": 24, "Actual Startup Time": 46842.884, "Actual Total Time": 51843.325, "Actual Rows": 84, "Actual Loops": 1, "Group By Key": ["public.lineitem.l_orderkey"], "Filter": "(sum(public.lineitem.l_quantity) > 314::double precision), (LLVM Optimized, Jit Execute)", "Rows Removed by Filter": 14999916, "Plans": [{"Node Type": "Seq Scan", "Parent Relationship": "Outer", "Relation Name": "lineitem", "Alias": "lineitem", "Startup Cost": 0.0, "Total Cost": 2015115.33, "Plan Rows": 59987033, "Plan Width": 16, "Actual Startup Time": 0.033, "Actual Total Time": 20311.421, "Actual Rows": 59986052, "Actual Loops": 1}]}, {"Node Type": "Bitmap Heap Scan", "Parent Relationship": "Inner", "Relation Name": "orders", "Alias": "orders", "Startup Cost": 3.36, "Total Cost": 7.38, "Plan Rows": 1, "Plan Width": 32, "Actual Startup Time": 3.61, "Actual Total Time": 3.61, "Actual Rows": 84, "Actual Loops": 84, "Recheck Cond": "(o_orderkey = public.lineitem.l_orderkey)", "Rows Removed by Index Recheck": 0, "Exact Heap Blocks": 84, "Lossy Heap Blocks": 84, "Plans": [{"Node Type": "Bitmap Index Scan", "Parent Relationship": "Outer", "Index Name": "orders_pkey", "Startup Cost": 0.0, "Total Cost": 3.36, "Plan Rows": 1, "Plan Width": 0, "Actual Startup Time": 2.351, "Actual Total Time": 2.351, "Actual Rows": 84, "Actual Loops": 84, "Index Cond": "(o_orderkey = public.lineitem.l_orderkey)"}]}]}, {"Node Type": "Hash", "Parent Relationship": "Inner", "Startup Cost": 52126.0, "Total Cost": 52126.0, "Plan Rows": 1500000, "Plan Width": 27, "Actual Startup Time": 1092.602, "Actual Total Time": 1092.602, "Actual Rows": 1500000, "Actual Loops": 1, "Hash Buckets": 2097152, "Hash Batches": 1, "Original Hash Batches": 1, "Peak Memory Usage": 93750, "Plans": [{"Node Type": "Seq Scan", "Parent Relationship": "Outer", "Relation Name": "customer", "Alias": "customer", "Startup Cost": 0.0, "Total Cost": 52126.0, "Plan Rows": 1500000, "Plan Width": 27, "Actual Startup Time": 0.029, "Actual Total Time": 587.14, "Actual Rows": 1500000, "Actual Loops": 1}]}]}, {"Node Type": "Bitmap Heap Scan", "Parent Relationship": "Inner", "Relation Name": "lineitem", "Alias": "lineitem", "Startup Cost": 0.38, "Total Cost": 4.49, "Plan Rows": 9, "Plan Width": 16, "Actual Startup Time": 1.943, "Actual Total Time": 2.103, "Actual Rows": 588, "Actual Loops": 84, "Recheck Cond": "(l_orderkey = orders.o_orderkey)", "Rows Removed by Index Recheck": 0, "Exact Heap Blocks": 96, "Lossy Heap Blocks": 96, "Plans": [{"Node Type": "Bitmap Index Scan", "Parent Relationship": "Outer", "Index Name": "idx_lineitem_orderkey", "Startup Cost": 0.0, "Total Cost": 0.38, "Plan Rows": 9, "Plan Width": 0, "Actual Startup Time": 1.193, "Actual Total Time": 1.193, "Actual Rows": 588, "Actual Loops": 84, "Index Cond": "(l_orderkey = orders.o_orderkey)"}]}]}]}]}]}, "Triggers": [], "Planner Runtime": 2.066, "Total Runtime": 52995.547, "Unique SQL Id": 1915754155}}, "(64, '7')": {"explain_plan": {"Plan": {"Node Type": "Limit", "Startup Cost": 1000324838994.8, "Total Cost": 1000324838995.05, "Plan Rows": 100, "Plan Width": 67, "Plans": [{"Node Type": "Sort", "Parent Relationship": "Outer", "Startup Cost": 1000324838994.8, "Total Cost": 1000324839310.61, "Plan Rows": 100, "Plan Width": 67, "Sort Key": ["orders.o_totalprice DESC", "orders.o_orderdate"], "Plans": [{"Node Type": "Aggregate", "Strategy": "Hashed", "Parent Relationship": "Outer", "Startup Cost": 1000324832903.7, "Total Cost": 1000324834166.91, "Plan Rows": 126321, "Plan Width": 67, "Group By Key": ["orders.o_totalprice", "orders.o_orderdate", "customer.c_name", "customer.c_custkey", "orders.o_orderkey"], "Plans": [{"Node Type": "Nested Loop", "Parent Relationship": "Outer", "Join Type": "Inner", "Startup Cost": 1000324315313.67, "Total Cost": 1000324831008.88, "Plan Rows": 126321, "Plan Width": 59, "Inner Unique": false, "Plans": [{"Node Type": "Nested Loop", "Parent Relationship": "Outer", "Join Type": "Inner", "Startup Cost": 1000324315313.29, "Total Cost": 1000324767232.73, "Plan Rows": 13913, "Plan Width": 59, "Inner Unique": true, "Plans": [{"Node Type": "Nested Loop", "Parent Relationship": "Outer", "Join Type": "Inner", "Startup Cost": 1000324315313.03, "Total Cost": 1000324625792.4, "Plan Rows": 33034, "Plan Width": 40, "Inner Unique": true, "Plans": [{"Node Type": "Aggregate", "Strategy": "Hashed", "Parent Relationship": "Outer", "Startup Cost": 1000324315309.67, "Total Cost": 1000324381460.28, "Plan Rows": 33034, "Plan Width": 24, "Group By Key": ["public.lineitem.l_orderkey"], "Filter": "(sum(public.lineitem.l_quantity) > 314::double precision), (LLVM Optimized)", "Plans": [{"Node Type": "Index Scan", "Parent Relationship": "Outer", "Scan Direction": "Forward", "Index Name": "idx_lineitem_orderkey", "Relation Name": "lineitem", "Alias": "lineitem", "Startup Cost": 10000000000.0, "Total Cost": 1000324015374.5, "Plan Rows": 59987033, "Plan Width": 16}]}, {"Node Type": "Bitmap Heap Scan", "Parent Relationship": "Inner", "Relation Name": "orders", "Alias": "orders", "Startup Cost": 3.36, "Total Cost": 7.38, "Plan Rows": 1, "Plan Width": 32, "Recheck Cond": "(o_orderkey = public.lineitem.l_orderkey)", "Plans": [{"Node Type": "Bitmap Index Scan", "Parent Relationship": "Outer", "Index Name": "orders_pkey", "Startup Cost": 0.0, "Total Cost": 3.36, "Plan Rows": 1, "Plan Width": 0, "Index Cond": "(o_orderkey = public.lineitem.l_orderkey)"}]}]}, {"Node Type": "Bitmap Heap Scan", "Parent Relationship": "Inner", "Relation Name": "customer", "Alias": "customer", "Startup Cost": 0.26, "Total Cost": 4.27, "Plan Rows": 1, "Plan Width": 27, "Recheck Cond": "(c_custkey = orders.o_custkey)", "Plans": [{"Node Type": "Bitmap Index Scan", "Parent Relationship": "Outer", "Index Name": "customer_pkey", "Startup Cost": 0.0, "Total Cost": 0.26, "Plan Rows": 1, "Plan Width": 0, "Index Cond": "(c_custkey = orders.o_custkey)"}]}]}, {"Node Type": "Bitmap Heap Scan", "Parent Relationship": "Inner", "Relation Name": "lineitem", "Alias": "lineitem", "Startup Cost": 0.38, "Total Cost": 4.49, "Plan Rows": 9, "Plan Width": 16, "Recheck Cond": "(l_orderkey = orders.o_orderkey)", "Plans": [{"Node Type": "Bitmap Index Scan", "Parent Relationship": "Outer", "Index Name": "idx_lineitem_orderkey", "Startup Cost": 0.0, "Total Cost": 0.38, "Plan Rows": 9, "Plan Width": 0, "Index Cond": "(l_orderkey = orders.o_orderkey)"}]}]}]}]}]}, "Unique SQL Id": 1915754155, "Planner Runtime": 1}, "explain_analyze_plan": {"Plan": {"Node Type": "Limit", "Startup Cost": 1000324838994.8, "Total Cost": 1000324838995.05, "Plan Rows": 100, "Plan Width": 67, "Actual Startup Time": 80249.492, "Actual Total Time": 80249.51, "Actual Rows": 84, "Actual Loops": 1, "Plans": [{"Node Type": "Sort", "Parent Relationship": "Outer", "Startup Cost": 1000324838994.8, "Total Cost": 1000324839310.61, "Plan Rows": 100, "Plan Width": 67, "Actual Startup Time": 80249.49, "Actual Total Time": 80249.501, "Actual Rows": 84, "Actual Loops": 1, "Sort Key": ["orders.o_totalprice DESC", "orders.o_orderdate"], "Sort Method": "quicksort", "Sort Space Used": 38, "Sort Space Type": "Memory", "Plans": [{"Node Type": "Aggregate", "Strategy": "Hashed", "Parent Relationship": "Outer", "Startup Cost": 1000324832903.7, "Total Cost": 1000324834166.91, "Plan Rows": 126321, "Plan Width": 67, "Actual Startup Time": 80249.1, "Actual Total Time": 80249.389, "Actual Rows": 84, "Actual Loops": 1, "Group By Key": ["orders.o_totalprice", "orders.o_orderdate", "customer.c_name", "customer.c_custkey", "orders.o_orderkey"], "Plans": [{"Node Type": "Nested Loop", "Parent Relationship": "Outer", "Join Type": "Inner", "Startup Cost": 1000324315313.67, "Total Cost": 1000324831008.88, "Plan Rows": 126321, "Plan Width": 59, "Actual Startup Time": 73111.745, "Actual Total Time": 80247.199, "Actual Rows": 588, "Actual Loops": 1, "Inner Unique": false, "Plans": [{"Node Type": "Nested Loop", "Parent Relationship": "Outer", "Join Type": "Inner", "Startup Cost": 1000324315313.29, "Total Cost": 1000324767232.73, "Plan Rows": 13913, "Plan Width": 59, "Actual Startup Time": 73111.701, "Actual Total Time": 80244.173, "Actual Rows": 84, "Actual Loops": 1, "Inner Unique": true, "Plans": [{"Node Type": "Nested Loop", "Parent Relationship": "Outer", "Join Type": "Inner", "Startup Cost": 1000324315313.03, "Total Cost": 1000324625792.4, "Plan Rows": 33034, "Plan Width": 40, "Actual Startup Time": 73111.642, "Actual Total Time": 80242.091, "Actual Rows": 84, "Actual Loops": 1, "Inner Unique": true, "Plans": [{"Node Type": "Aggregate", "Strategy": "Hashed", "Parent Relationship": "Outer", "Startup Cost": 1000324315309.67, "Total Cost": 1000324381460.28, "Plan Rows": 33034, "Plan Width": 24, "Actual Startup Time": 73111.524, "Actual Total Time": 80223.033, "Actual Rows": 84, "Actual Loops": 1, "Group By Key": ["public.lineitem.l_orderkey"], "Filter": "(sum(public.lineitem.l_quantity) > 314::double precision), (LLVM Optimized, Jit Execute)", "Rows Removed by Filter": 14999916, "Plans": [{"Node Type": "Index Scan", "Parent Relationship": "Outer", "Scan Direction": "Forward", "Index Name": "idx_lineitem_orderkey", "Relation Name": "lineitem", "Alias": "lineitem", "Startup Cost": 10000000000.0, "Total Cost": 1000324015374.5, "Plan Rows": 59987033, "Plan Width": 16, "Actual Startup Time": 0.063, "Actual Total Time": 44361.768, "Actual Rows": 59986052, "Actual Loops": 1}]}, {"Node Type": "Bitmap Heap Scan", "Parent Relationship": "Inner", "Relation Name": "orders", "Alias": "orders", "Startup Cost": 3.36, "Total Cost": 7.38, "Plan Rows": 1, "Plan Width": 32, "Actual Startup Time": 3.64, "Actual Total Time": 3.64, "Actual Rows": 84, "Actual Loops": 84, "Recheck Cond": "(o_orderkey = public.lineitem.l_orderkey)", "Rows Removed by Index Recheck": 0, "Exact Heap Blocks": 84, "Lossy Heap Blocks": 84, "Plans": [{"Node Type": "Bitmap Index Scan", "Parent Relationship": "Outer", "Index Name": "orders_pkey", "Startup Cost": 0.0, "Total Cost": 3.36, "Plan Rows": 1, "Plan Width": 0, "Actual Startup Time": 2.402, "Actual Total Time": 2.402, "Actual Rows": 84, "Actual Loops": 84, "Index Cond": "(o_orderkey = public.lineitem.l_orderkey)"}]}]}, {"Node Type": "Bitmap Heap Scan", "Parent Relationship": "Inner", "Relation Name": "customer", "Alias": "customer", "Startup Cost": 0.26, "Total Cost": 4.27, "Plan Rows": 1, "Plan Width": 27, "Actual Startup Time": 1.455, "Actual Total Time": 1.455, "Actual Rows": 84, "Actual Loops": 84, "Recheck Cond": "(c_custkey = orders.o_custkey)", "Rows Removed by Index Recheck": 0, "Exact Heap Blocks": 84, "Lossy Heap Blocks": 84, "Plans": [{"Node Type": "Bitmap Index Scan", "Parent Relationship": "Outer", "Index Name": "customer_pkey", "Startup Cost": 0.0, "Total Cost": 0.26, "Plan Rows": 1, "Plan Width": 0, "Actual Startup Time": 0.897, "Actual Total Time": 0.897, "Actual Rows": 84, "Actual Loops": 84, "Index Cond": "(c_custkey = orders.o_custkey)"}]}]}, {"Node Type": "Bitmap Heap Scan", "Parent Relationship": "Inner", "Relation Name": "lineitem", "Alias": "lineitem", "Startup Cost": 0.38, "Total Cost": 4.49, "Plan Rows": 9, "Plan Width": 16, "Actual Startup Time": 2.054, "Actual Total Time": 2.216, "Actual Rows": 588, "Actual Loops": 84, "Recheck Cond": "(l_orderkey = orders.o_orderkey)", "Rows Removed by Index Recheck": 0, "Exact Heap Blocks": 96, "Lossy Heap Blocks": 96, "Plans": [{"Node Type": "Bitmap Index Scan", "Parent Relationship": "Outer", "Index Name": "idx_lineitem_orderkey", "Startup Cost": 0.0, "Total Cost": 0.38, "Plan Rows": 9, "Plan Width": 0, "Actual Startup Time": 1.268, "Actual Total Time": 1.268, "Actual Rows": 588, "Actual Loops": 84, "Index Cond": "(l_orderkey = orders.o_orderkey)"}]}]}]}]}]}, "Triggers": [], "Planner Runtime": 1.823, "Total Runtime": 80258.843, "Unique SQL Id": 1915754155}}, "(64, '8')": {"explain_plan": {"Plan": {"Node Type": "Limit", "Startup Cost": 2649029.8, "Total Cost": 2649030.05, "Plan Rows": 100, "Plan Width": 67, "Plans": [{"Node Type": "Sort", "Parent Relationship": "Outer", "Startup Cost": 2649029.8, "Total Cost": 2649345.6, "Plan Rows": 100, "Plan Width": 67, "Sort Key": ["orders.o_totalprice DESC", "orders.o_orderdate"], "Plans": [{"Node Type": "Aggregate", "Strategy": "Hashed", "Parent Relationship": "Outer", "Startup Cost": 2642938.69, "Total Cost": 2644201.9, "Plan Rows": 126321, "Plan Width": 67, "Group By Key": ["orders.o_totalprice", "orders.o_orderdate", "customer.c_name", "customer.c_custkey", "orders.o_orderkey"], "Plans": [{"Node Type": "Nested Loop", "Parent Relationship": "Outer", "Join Type": "Inner", "Startup Cost": 2315050.5, "Total Cost": 2641043.88, "Plan Rows": 126321, "Plan Width": 59, "Inner Unique": false, "Plans": [{"Node Type": "Nested Loop", "Parent Relationship": "Outer", "Join Type": "Inner", "Startup Cost": 2315050.5, "Total Cost": 2627700.1, "Plan Rows": 13913, "Plan Width": 59, "Inner Unique": true, "Plans": [{"Node Type": "Nested Loop", "Parent Relationship": "Outer", "Join Type": "Inner", "Startup Cost": 2315050.5, "Total Cost": 2618076.97, "Plan Rows": 33034, "Plan Width": 40, "Inner Unique": true, "Plans": [{"Node Type": "Aggregate", "Strategy": "Hashed", "Parent Relationship": "Outer", "Startup Cost": 2315050.5, "Total Cost": 2381201.11, "Plan Rows": 33034, "Plan Width": 24, "Group By Key": ["public.lineitem.l_orderkey"], "Filter": "(sum(public.lineitem.l_quantity) > 314::double precision), (LLVM Optimized)", "Plans": [{"Node Type": "Seq Scan", "Parent Relationship": "Outer", "Relation Name": "lineitem", "Alias": "lineitem", "Startup Cost": 0.0, "Total Cost": 2015115.33, "Plan Rows": 59987033, "Plan Width": 16}]}, {"Node Type": "Index Scan", "Parent Relationship": "Inner", "Scan Direction": "Forward", "Index Name": "orders_pkey", "Relation Name": "orders", "Alias": "orders", "Startup Cost": 0.0, "Total Cost": 7.15, "Plan Rows": 1, "Plan Width": 32, "Index Cond": "(o_orderkey = public.lineitem.l_orderkey)"}]}, {"Node Type": "Index Scan", "Parent Relationship": "Inner", "Scan Direction": "Forward", "Index Name": "customer_pkey", "Relation Name": "customer", "Alias": "customer", "Startup Cost": 0.0, "Total Cost": 0.28, "Plan Rows": 1, "Plan Width": 27, "Index Cond": "(c_custkey = orders.o_custkey)"}]}, {"Node Type": "Index Scan", "Parent Relationship": "Inner", "Scan Direction": "Forward", "Index Name": "idx_lineitem_orderkey", "Relation Name": "lineitem", "Alias": "lineitem", "Startup Cost": 0.0, "Total Cost": 0.87, "Plan Rows": 9, "Plan Width": 16, "Index Cond": "(l_orderkey = orders.o_orderkey)"}]}]}]}]}, "Unique SQL Id": 1915754155, "Planner Runtime": 2}, "explain_analyze_plan": {"Plan": {"Node Type": "Limit", "Startup Cost": 2649029.8, "Total Cost": 2649030.05, "Plan Rows": 100, "Plan Width": 67, "Actual Startup Time": 54861.493, "Actual Total Time": 54861.508, "Actual Rows": 84, "Actual Loops": 1, "Plans": [{"Node Type": "Sort", "Parent Relationship": "Outer", "Startup Cost": 2649029.8, "Total Cost": 2649345.6, "Plan Rows": 100, "Plan Width": 67, "Actual Startup Time": 54861.49, "Actual Total Time": 54861.494, "Actual Rows": 84, "Actual Loops": 1, "Sort Key": ["orders.o_totalprice DESC", "orders.o_orderdate"], "Sort Method": "quicksort", "Sort Space Used": 38, "Sort Space Type": "Memory", "Plans": [{"Node Type": "Aggregate", "Strategy": "Hashed", "Parent Relationship": "Outer", "Startup Cost": 2642938.69, "Total Cost": 2644201.9, "Plan Rows": 126321, "Plan Width": 67, "Actual Startup Time": 54860.881, "Actual Total Time": 54861.367, "Actual Rows": 84, "Actual Loops": 1, "Group By Key": ["orders.o_totalprice", "orders.o_orderdate", "customer.c_name", "customer.c_custkey", "orders.o_orderkey"], "Plans": [{"Node Type": "Nested Loop", "Parent Relationship": "Outer", "Join Type": "Inner", "Startup Cost": 2315050.5, "Total Cost": 2641043.88, "Plan Rows": 126321, "Plan Width": 59, "Actual Startup Time": 49072.337, "Actual Total Time": 54858.992, "Actual Rows": 588, "Actual Loops": 1, "Inner Unique": false, "Plans": [{"Node Type": "Nested Loop", "Parent Relationship": "Outer", "Join Type": "Inner", "Startup Cost": 2315050.5, "Total Cost": 2627700.1, "Plan Rows": 13913, "Plan Width": 59, "Actual Startup Time": 49072.315, "Actual Total Time": 54856.844, "Actual Rows": 84, "Actual Loops": 1, "Inner Unique": true, "Plans": [{"Node Type": "Nested Loop", "Parent Relationship": "Outer", "Join Type": "Inner", "Startup Cost": 2315050.5, "Total Cost": 2618076.97, "Plan Rows": 33034, "Plan Width": 40, "Actual Startup Time": 49072.296, "Actual Total Time": 54855.643, "Actual Rows": 84, "Actual Loops": 1, "Inner Unique": true, "Plans": [{"Node Type": "Aggregate", "Strategy": "Hashed", "Parent Relationship": "Outer", "Startup Cost": 2315050.5, "Total Cost": 2381201.11, "Plan Rows": 33034, "Plan Width": 24, "Actual Startup Time": 49072.224, "Actual Total Time": 54835.622, "Actual Rows": 84, "Actual Loops": 1, "Group By Key": ["public.lineitem.l_orderkey"], "Filter": "(sum(public.lineitem.l_quantity) > 314::double precision), (LLVM Optimized, Jit Execute)", "Rows Removed by Filter": 14999916, "Plans": [{"Node Type": "Seq Scan", "Parent Relationship": "Outer", "Relation Name": "lineitem", "Alias": "lineitem", "Startup Cost": 0.0, "Total Cost": 2015115.33, "Plan Rows": 59987033, "Plan Width": 16, "Actual Startup Time": 0.051, "Actual Total Time": 20660.278, "Actual Rows": 59986052, "Actual Loops": 1}]}, {"Node Type": "Index Scan", "Parent Relationship": "Inner", "Scan Direction": "Forward", "Index Name": "orders_pkey", "Relation Name": "orders", "Alias": "orders", "Startup Cost": 0.0, "Total Cost": 7.15, "Plan Rows": 1, "Plan Width": 32, "Actual Startup Time": 2.649, "Actual Total Time": 2.649, "Actual Rows": 84, "Actual Loops": 84, "Index Cond": "(o_orderkey = public.lineitem.l_orderkey)", "Rows Removed by Index Recheck": 0}]}, {"Node Type": "Index Scan", "Parent Relationship": "Inner", "Scan Direction": "Forward", "Index Name": "customer_pkey", "Relation Name": "customer", "Alias": "customer", "Startup Cost": 0.0, "Total Cost": 0.28, "Plan Rows": 1, "Plan Width": 27, "Actual Startup Time": 0.851, "Actual Total Time": 0.851, "Actual Rows": 84, "Actual Loops": 84, "Index Cond": "(c_custkey = orders.o_custkey)", "Rows Removed by Index Recheck": 0}]}, {"Node Type": "Index Scan", "Parent Relationship": "Inner", "Scan Direction": "Forward", "Index Name": "idx_lineitem_orderkey", "Relation Name": "lineitem", "Alias": "lineitem", "Startup Cost": 0.0, "Total Cost": 0.87, "Plan Rows": 9, "Plan Width": 16, "Actual Startup Time": 1.215, "Actual Total Time": 1.721, "Actual Rows": 588, "Actual Loops": 84, "Index Cond": "(l_orderkey = orders.o_orderkey)", "Rows Removed by Index Recheck": 0}]}]}]}]}, "Triggers": [], "Planner Runtime": 2.136, "Total Runtime": 54871.674, "Unique SQL Id": 1915754155}}, "(64, '9')": {"explain_plan": {"Plan": {"Node Type": "Limit", "Startup Cost": 3874068.21, "Total Cost": 3874068.46, "Plan Rows": 100, "Plan Width": 67, "Plans": [{"Node Type": "Sort", "Parent Relationship": "Outer", "Startup Cost": 3874068.21, "Total Cost": 3874384.02, "Plan Rows": 100, "Plan Width": 67, "Sort Key": ["orders.o_totalprice DESC", "orders.o_orderdate"], "Plans": [{"Node Type": "Aggregate", "Strategy": "Hashed", "Parent Relationship": "Outer", "Startup Cost": 3867977.11, "Total Cost": 3869240.32, "Plan Rows": 126321, "Plan Width": 67, "Group By Key": ["orders.o_totalprice", "orders.o_orderdate", "customer.c_name", "customer.c_custkey", "orders.o_orderkey"], "Plans": [{"Node Type": "Nested Loop", "Parent Relationship": "Outer", "Join Type": "Inner", "Startup Cost": 3540088.91, "Total Cost": 3866082.29, "Plan Rows": 126321, "Plan Width": 59, "Inner Unique": false, "Plans": [{"Node Type": "Nested Loop", "Parent Relationship": "Outer", "Join Type": "Inner", "Startup Cost": 3540088.91, "Total Cost": 3852738.51, "Plan Rows": 13913, "Plan Width": 59, "Inner Unique": true, "Plans": [{"Node Type": "Nested Loop", "Parent Relationship": "Outer", "Join Type": "Inner", "Startup Cost": 3540088.91, "Total Cost": 3843115.38, "Plan Rows": 33034, "Plan Width": 40, "Inner Unique": true, "Plans": [{"Node Type": "Aggregate", "Strategy": "Hashed", "Parent Relationship": "Outer", "Startup Cost": 3540088.91, "Total Cost": 3606239.52, "Plan Rows": 33034, "Plan Width": 24, "Group By Key": ["public.lineitem.l_orderkey"], "Filter": "(sum(public.lineitem.l_quantity) > 314::double precision), (LLVM Optimized)", "Plans": [{"Node Type": "Index Scan", "Parent Relationship": "Outer", "Scan Direction": "Forward", "Index Name": "idx_lineitem_orderkey", "Relation Name": "lineitem", "Alias": "lineitem", "Startup Cost": 0.0, "Total Cost": 3240153.75, "Plan Rows": 59987033, "Plan Width": 16}]}, {"Node Type": "Index Scan", "Parent Relationship": "Inner", "Scan Direction": "Forward", "Index Name": "orders_pkey", "Relation Name": "orders", "Alias": "orders", "Startup Cost": 0.0, "Total Cost": 7.15, "Plan Rows": 1, "Plan Width": 32, "Index Cond": "(o_orderkey = public.lineitem.l_orderkey)"}]}, {"Node Type": "Index Scan", "Parent Relationship": "Inner", "Scan Direction": "Forward", "Index Name": "customer_pkey", "Relation Name": "customer", "Alias": "customer", "Startup Cost": 0.0, "Total Cost": 0.28, "Plan Rows": 1, "Plan Width": 27, "Index Cond": "(c_custkey = orders.o_custkey)"}]}, {"Node Type": "Index Scan", "Parent Relationship": "Inner", "Scan Direction": "Forward", "Index Name": "idx_lineitem_orderkey", "Relation Name": "lineitem", "Alias": "lineitem", "Startup Cost": 0.0, "Total Cost": 0.87, "Plan Rows": 9, "Plan Width": 16, "Index Cond": "(l_orderkey = orders.o_orderkey)"}]}]}]}]}, "Unique SQL Id": 1915754155, "Planner Runtime": 2}, "explain_analyze_plan": {"Plan": {"Node Type": "Limit", "Startup Cost": 3874068.21, "Total Cost": 3874068.46, "Plan Rows": 100, "Plan Width": 67, "Actual Startup Time": 78667.563, "Actual Total Time": 78667.58, "Actual Rows": 84, "Actual Loops": 1, "Plans": [{"Node Type": "Sort", "Parent Relationship": "Outer", "Startup Cost": 3874068.21, "Total Cost": 3874384.02, "Plan Rows": 100, "Plan Width": 67, "Actual Startup Time": 78667.561, "Actual Total Time": 78667.57, "Actual Rows": 84, "Actual Loops": 1, "Sort Key": ["orders.o_totalprice DESC", "orders.o_orderdate"], "Sort Method": "quicksort", "Sort Space Used": 38, "Sort Space Type": "Memory", "Plans": [{"Node Type": "Aggregate", "Strategy": "Hashed", "Parent Relationship": "Outer", "Startup Cost": 3867977.11, "Total Cost": 3869240.32, "Plan Rows": 126321, "Plan Width": 67, "Actual Startup Time": 78666.912, "Actual Total Time": 78667.456, "Actual Rows": 84, "Actual Loops": 1, "Group By Key": ["orders.o_totalprice", "orders.o_orderdate", "customer.c_name", "customer.c_custkey", "orders.o_orderkey"], "Plans": [{"Node Type": "Nested Loop", "Parent Relationship": "Outer", "Join Type": "Inner", "Startup Cost": 3540088.91, "Total Cost": 3866082.29, "Plan Rows": 126321, "Plan Width": 59, "Actual Startup Time": 71346.529, "Actual Total Time": 78665.231, "Actual Rows": 588, "Actual Loops": 1, "Inner Unique": false, "Plans": [{"Node Type": "Nested Loop", "Parent Relationship": "Outer", "Join Type": "Inner", "Startup Cost": 3540088.91, "Total Cost": 3852738.51, "Plan Rows": 13913, "Plan Width": 59, "Actual Startup Time": 71346.496, "Actual Total Time": 78662.632, "Actual Rows": 84, "Actual Loops": 1, "Inner Unique": true, "Plans": [{"Node Type": "Nested Loop", "Parent Relationship": "Outer", "Join Type": "Inner", "Startup Cost": 3540088.91, "Total Cost": 3843115.38, "Plan Rows": 33034, "Plan Width": 40, "Actual Startup Time": 71346.464, "Actual Total Time": 78660.834, "Actual Rows": 84, "Actual Loops": 1, "Inner Unique": true, "Plans": [{"Node Type": "Aggregate", "Strategy": "Hashed", "Parent Relationship": "Outer", "Startup Cost": 3540088.91, "Total Cost": 3606239.52, "Plan Rows": 33034, "Plan Width": 24, "Actual Startup Time": 71346.402, "Actual Total Time": 78640.855, "Actual Rows": 84, "Actual Loops": 1, "Group By Key": ["public.lineitem.l_orderkey"], "Filter": "(sum(public.lineitem.l_quantity) > 314::double precision), (LLVM Optimized, Jit Execute)", "Rows Removed by Filter": 14999916, "Plans": [{"Node Type": "Index Scan", "Parent Relationship": "Outer", "Scan Direction": "Forward", "Index Name": "idx_lineitem_orderkey", "Relation Name": "lineitem", "Alias": "lineitem", "Startup Cost": 0.0, "Total Cost": 3240153.75, "Plan Rows": 59987033, "Plan Width": 16, "Actual Startup Time": 0.07, "Actual Total Time": 42499.927, "Actual Rows": 59986052, "Actual Loops": 1}]}, {"Node Type": "Index Scan", "Parent Relationship": "Inner", "Scan Direction": "Forward", "Index Name": "orders_pkey", "Relation Name": "orders", "Alias": "orders", "Startup Cost": 0.0, "Total Cost": 7.15, "Plan Rows": 1, "Plan Width": 32, "Actual Startup Time": 2.739, "Actual Total Time": 2.739, "Actual Rows": 84, "Actual Loops": 84, "Index Cond": "(o_orderkey = public.lineitem.l_orderkey)", "Rows Removed by Index Recheck": 0}]}, {"Node Type": "Index Scan", "Parent Relationship": "Inner", "Scan Direction": "Forward", "Index Name": "customer_pkey", "Relation Name": "customer", "Alias": "customer", "Startup Cost": 0.0, "Total Cost": 0.28, "Plan Rows": 1, "Plan Width": 27, "Actual Startup Time": 1.301, "Actual Total Time": 1.301, "Actual Rows": 84, "Actual Loops": 84, "Index Cond": "(c_custkey = orders.o_custkey)", "Rows Removed by Index Recheck": 0}]}, {"Node Type": "Index Scan", "Parent Relationship": "Inner", "Scan Direction": "Forward", "Index Name": "idx_lineitem_orderkey", "Relation Name": "lineitem", "Alias": "lineitem", "Startup Cost": 0.0, "Total Cost": 0.87, "Plan Rows": 9, "Plan Width": 16, "Actual Startup Time": 1.627, "Actual Total Time": 2.06, "Actual Rows": 588, "Actual Loops": 84, "Index Cond": "(l_orderkey = orders.o_orderkey)", "Rows Removed by Index Recheck": 0}]}]}]}]}, "Triggers": [], "Planner Runtime": 2.114, "Total Runtime": 78676.91, "Unique SQL Id": 1915754155}}, "(64, '10')": {"explain_plan": {"Plan": {"Node Type": "Limit", "Startup Cost": 5166300.38, "Total Cost": 5166300.63, "Plan Rows": 100, "Plan Width": 67, "Plans": [{"Node Type": "Sort", "Parent Relationship": "Outer", "Startup Cost": 5166300.38, "Total Cost": 5166616.18, "Plan Rows": 100, "Plan Width": 67, "Sort Key": ["orders.o_totalprice DESC", "orders.o_orderdate"], "Plans": [{"Node Type": "Aggregate", "Strategy": "Hashed", "Parent Relationship": "Outer", "Startup Cost": 5160209.27, "Total Cost": 5161472.48, "Plan Rows": 126321, "Plan Width": 67, "Group By Key": ["orders.o_totalprice", "orders.o_orderdate", "customer.c_name", "customer.c_custkey", "orders.o_orderkey"], "Plans": [{"Node Type": "Hash Join", "Parent Relationship": "Outer", "Join Type": "Inner", "Startup Cost": 2917691.33, "Total Cost": 5158314.46, "Plan Rows": 126321, "Plan Width": 59, "Inner Unique": false, "Hash Cond": "(public.lineitem.l_orderkey = orders.o_orderkey), (LLVM Optimized)", "Plans": [{"Node Type": "Seq Scan", "Parent Relationship": "Outer", "Relation Name": "lineitem", "Alias": "lineitem", "Startup Cost": 0.0, "Total Cost": 2015115.33, "Plan Rows": 59987033, "Plan Width": 16}, {"Node Type": "Hash", "Parent Relationship": "Inner", "Startup Cost": 2917517.42, "Total Cost": 2917517.42, "Plan Rows": 13913, "Plan Width": 59, "Plans": [{"Node Type": "Hash Join", "Parent Relationship": "Outer", "Join Type": "Inner", "Startup Cost": 2452820.37, "Total Cost": 2917517.42, "Plan Rows": 13913, "Plan Width": 59, "Inner Unique": true, "Hash Cond": "(orders.o_custkey = customer.c_custkey)", "Plans": [{"Node Type": "Hash Join", "Parent Relationship": "Outer", "Join Type": "Inner", "Startup Cost": 2381944.37, "Total Cost": 2846187.2, "Plan Rows": 33034, "Plan Width": 40, "Inner Unique": true, "Hash Cond": "(orders.o_orderkey = public.lineitem.l_orderkey)", "Plans": [{"Node Type": "Seq Scan", "Parent Relationship": "Outer", "Relation Name": "orders", "Alias": "orders", "Startup Cost": 0.0, "Total Cost": 426413.79, "Plan Rows": 14999479, "Plan Width": 32}, {"Node Type": "Hash", "Parent Relationship": "Inner", "Startup Cost": 2381531.45, "Total Cost": 2381531.45, "Plan Rows": 33034, "Plan Width": 8, "Plans": [{"Node Type": "Aggregate", "Strategy": "Hashed", "Parent Relationship": "Outer", "Startup Cost": 2315050.5, "Total Cost": 2381201.11, "Plan Rows": 33034, "Plan Width": 24, "Group By Key": ["public.lineitem.l_orderkey"], "Filter": "(sum(public.lineitem.l_quantity) > 314::double precision), (LLVM Optimized)", "Plans": [{"Node Type": "Seq Scan", "Parent Relationship": "Outer", "Relation Name": "lineitem", "Alias": "lineitem", "Startup Cost": 0.0, "Total Cost": 2015115.33, "Plan Rows": 59987033, "Plan Width": 16}]}]}]}, {"Node Type": "Hash", "Parent Relationship": "Inner", "Startup Cost": 52126.0, "Total Cost": 52126.0, "Plan Rows": 1500000, "Plan Width": 27, "Plans": [{"Node Type": "Seq Scan", "Parent Relationship": "Outer", "Relation Name": "customer", "Alias": "customer", "Startup Cost": 0.0, "Total Cost": 52126.0, "Plan Rows": 1500000, "Plan Width": 27}]}]}]}]}]}]}]}, "Unique SQL Id": 1915754155, "Planner Runtime": 2}, "explain_analyze_plan": {"Plan": {"Node Type": "Limit", "Startup Cost": 5166300.38, "Total Cost": 5166300.63, "Plan Rows": 100, "Plan Width": 67, "Actual Startup Time": 87758.089, "Actual Total Time": 87758.105, "Actual Rows": 84, "Actual Loops": 1, "Plans": [{"Node Type": "Sort", "Parent Relationship": "Outer", "Startup Cost": 5166300.38, "Total Cost": 5166616.18, "Plan Rows": 100, "Plan Width": 67, "Actual Startup Time": 87758.086, "Actual Total Time": 87758.093, "Actual Rows": 84, "Actual Loops": 1, "Sort Key": ["orders.o_totalprice DESC", "orders.o_orderdate"], "Sort Method": "quicksort", "Sort Space Used": 38, "Sort Space Type": "Memory", "Plans": [{"Node Type": "Aggregate", "Strategy": "Hashed", "Parent Relationship": "Outer", "Startup Cost": 5160209.27, "Total Cost": 5161472.48, "Plan Rows": 126321, "Plan Width": 67, "Actual Startup Time": 87757.697, "Actual Total Time": 87757.964, "Actual Rows": 84, "Actual Loops": 1, "Group By Key": ["orders.o_totalprice", "orders.o_orderdate", "customer.c_name", "customer.c_custkey", "orders.o_orderkey"], "Plans": [{"Node Type": "Hash Join", "Parent Relationship": "Outer", "Join Type": "Inner", "Startup Cost": 2917691.33, "Total Cost": 5158314.46, "Plan Rows": 126321, "Plan Width": 59, "Actual Startup Time": 61442.015, "Actual Total Time": 87754.55, "Actual Rows": 588, "Actual Loops": 1, "Inner Unique": false, "Hash Cond": "(public.lineitem.l_orderkey = orders.o_orderkey), (LLVM Optimized, Jit Execute)", "Plans": [{"Node Type": "Seq Scan", "Parent Relationship": "Outer", "Relation Name": "lineitem", "Alias": "lineitem", "Startup Cost": 0.0, "Total Cost": 2015115.33, "Plan Rows": 59987033, "Plan Width": 16, "Actual Startup Time": 0.026, "Actual Total Time": 16730.65, "Actual Rows": 59986052, "Actual Loops": 1}, {"Node Type": "Hash", "Parent Relationship": "Inner", "Startup Cost": 2917517.42, "Total Cost": 2917517.42, "Plan Rows": 13913, "Plan Width": 59, "Actual Startup Time": 60869.861, "Actual Total Time": 60869.861, "Actual Rows": 84, "Actual Loops": 1, "Hash Buckets": 32768, "Hash Batches": 1, "Original Hash Batches": 1, "Peak Memory Usage": 8, "Plans": [{"Node Type": "Hash Join", "Parent Relationship": "Outer", "Join Type": "Inner", "Startup Cost": 2452820.37, "Total Cost": 2917517.42, "Plan Rows": 13913, "Plan Width": 59, "Actual Startup Time": 54230.749, "Actual Total Time": 60869.52, "Actual Rows": 84, "Actual Loops": 1, "Inner Unique": true, "Hash Cond": "(orders.o_custkey = customer.c_custkey)", "Plans": [{"Node Type": "Hash Join", "Parent Relationship": "Outer", "Join Type": "Inner", "Startup Cost": 2381944.37, "Total Cost": 2846187.2, "Plan Rows": 33034, "Plan Width": 40, "Actual Startup Time": 53234.503, "Actual Total Time": 59871.886, "Actual Rows": 84, "Actual Loops": 1, "Inner Unique": true, "Hash Cond": "(orders.o_orderkey = public.lineitem.l_orderkey)", "Plans": [{"Node Type": "Seq Scan", "Parent Relationship": "Outer", "Relation Name": "orders", "Alias": "orders", "Startup Cost": 0.0, "Total Cost": 426413.79, "Plan Rows": 14999479, "Plan Width": 32, "Actual Startup Time": 0.018, "Actual Total Time": 3849.952, "Actual Rows": 15000000, "Actual Loops": 1}, {"Node Type": "Hash", "Parent Relationship": "Inner", "Startup Cost": 2381531.45, "Total Cost": 2381531.45, "Plan Rows": 33034, "Plan Width": 8, "Actual Startup Time": 53079.015, "Actual Total Time": 53079.015, "Actual Rows": 84, "Actual Loops": 1, "Hash Buckets": 65536, "Hash Batches": 1, "Original Hash Batches": 1, "Peak Memory Usage": 4, "Plans": [{"Node Type": "Aggregate", "Strategy": "Hashed", "Parent Relationship": "Outer", "Startup Cost": 2315050.5, "Total Cost": 2381201.11, "Plan Rows": 33034, "Plan Width": 24, "Actual Startup Time": 47520.717, "Actual Total Time": 53078.557, "Actual Rows": 84, "Actual Loops": 1, "Group By Key": ["public.lineitem.l_orderkey"], "Filter": "(sum(public.lineitem.l_quantity) > 314::double precision), (LLVM Optimized, Jit Execute)", "Rows Removed by Filter": 14999916, "Plans": [{"Node Type": "Seq Scan", "Parent Relationship": "Outer", "Relation Name": "lineitem", "Alias": "lineitem", "Startup Cost": 0.0, "Total Cost": 2015115.33, "Plan Rows": 59987033, "Plan Width": 16, "Actual Startup Time": 0.041, "Actual Total Time": 20439.116, "Actual Rows": 59986052, "Actual Loops": 1}]}]}]}, {"Node Type": "Hash", "Parent Relationship": "Inner", "Startup Cost": 52126.0, "Total Cost": 52126.0, "Plan Rows": 1500000, "Plan Width": 27, "Actual Startup Time": 994.951, "Actual Total Time": 994.951, "Actual Rows": 1500000, "Actual Loops": 1, "Hash Buckets": 2097152, "Hash Batches": 1, "Original Hash Batches": 1, "Peak Memory Usage": 93750, "Plans": [{"Node Type": "Seq Scan", "Parent Relationship": "Outer", "Relation Name": "customer", "Alias": "customer", "Startup Cost": 0.0, "Total Cost": 52126.0, "Plan Rows": 1500000, "Plan Width": 27, "Actual Startup Time": 0.022, "Actual Total Time": 519.702, "Actual Rows": 1500000, "Actual Loops": 1}]}]}]}]}]}]}]}, "Triggers": [], "Planner Runtime": 2.255, "Total Runtime": 87768.282, "Unique SQL Id": 1915754155}}, "(64, '11')": {"explain_plan": {"Plan": {"Node Type": "Limit", "Startup Cost": 4001456877030.4, "Total Cost": 4001456877030.65, "Plan Rows": 100, "Plan Width": 67, "Plans": [{"Node Type": "Sort", "Parent Relationship": "Outer", "Startup Cost": 4001456877030.4, "Total Cost": 4001456877346.2, "Plan Rows": 100, "Plan Width": 67, "Sort Key": ["orders.o_totalprice DESC", "orders.o_orderdate"], "Plans": [{"Node Type": "Aggregate", "Strategy": "Hashed", "Parent Relationship": "Outer", "Startup Cost": 4001456870939.29, "Total Cost": 4001456872202.5, "Plan Rows": 126321, "Plan Width": 67, "Group By Key": ["orders.o_totalprice", "orders.o_orderdate", "customer.c_name", "customer.c_custkey", "orders.o_orderkey"], "Plans": [{"Node Type": "Merge Join", "Parent Relationship": "Outer", "Join Type": "Inner", "Startup Cost": 1030466756474.59, "Total Cost": 4001456869044.47, "Plan Rows": 126321, "Plan Width": 59, "Inner Unique": false, "Merge Cond": "(orders.o_orderkey = public.lineitem.l_orderkey)", "Plans": [{"Node Type": "Nested Loop", "Parent Relationship": "Outer", "Join Type": "Inner", "Startup Cost": 1020324384270.1, "Total Cost": 3001148865393.43, "Plan Rows": 13913, "Plan Width": 59, "Inner Unique": true, "Join Filter": "(orders.o_custkey = customer.c_custkey)", "Plans": [{"Node Type": "Merge Join", "Parent Relationship": "Outer", "Join Type": "Semi", "Startup Cost": 1010324384270.1, "Total Cost": 2000397520107.8, "Plan Rows": 33034, "Plan Width": 40, "Inner Unique": false, "Merge Cond": "(orders.o_orderkey = public.lineitem.l_orderkey)", "Plans": [{"Node Type": "Index Scan", "Parent Relationship": "Outer", "Scan Direction": "Forward", "Index Name": "orders_pkey", "Relation Name": "orders", "Alias": "orders", "Startup Cost": 10000000000.0, "Total Cost": 1000073097843.5, "Plan Rows": 14999479, "Plan Width": 32}, {"Node Type": "Sort", "Parent Relationship": "Inner", "Startup Cost": 1000324384270.1, "Total Cost": 1000324384352.68, "Plan Rows": 33034, "Plan Width": 8, "Sort Key": ["public.lineitem.l_orderkey"], "Plans": [{"Node Type": "Aggregate", "Strategy": "Hashed", "Parent Relationship": "Outer", "Startup Cost": 1000324315309.67, "Total Cost": 1000324381460.28, "Plan Rows": 33034, "Plan Width": 24, "Group By Key": ["public.lineitem.l_orderkey"], "Filter": "(sum(public.lineitem.l_quantity) > 314::double precision), (LLVM Optimized)", "Plans": [{"Node Type": "Index Scan", "Parent Relationship": "Outer", "Scan Direction": "Forward", "Index Name": "idx_lineitem_orderkey", "Relation Name": "lineitem", "Alias": "lineitem", "Startup Cost": 10000000000.0, "Total Cost": 1000324015374.5, "Plan Rows": 59987033, "Plan Width": 16}]}]}]}, {"Node Type": "Materialize", "Parent Relationship": "Inner", "Startup Cost": 10000000000.0, "Total Cost": 1000008084035.62, "Plan Rows": 1500000, "Plan Width": 27, "Plans": [{"Node Type": "Index Scan", "Parent Relationship": "Outer", "Scan Direction": "Forward", "Index Name": "customer_pkey", "Relation Name": "customer", "Alias": "customer", "Startup Cost": 10000000000.0, "Total Cost": 1000008076535.62, "Plan Rows": 1500000, "Plan Width": 27}]}]}, {"Node Type": "Index Scan", "Parent Relationship": "Inner", "Scan Direction": "Forward", "Index Name": "idx_lineitem_orderkey", "Relation Name": "lineitem", "Alias": "lineitem", "Startup Cost": 10000000000.0, "Total Cost": 1000324015374.5, "Plan Rows": 59987033, "Plan Width": 16}]}]}]}]}, "Unique SQL Id": 1915754155, "Planner Runtime": 2}, "explain_analyze_plan": null}, "(64, '12')": {"explain_plan": {"Plan": {"Node Type": "Limit", "Startup Cost": 2649029.8, "Total Cost": 2649030.05, "Plan Rows": 100, "Plan Width": 67, "Plans": [{"Node Type": "Sort", "Parent Relationship": "Outer", "Startup Cost": 2649029.8, "Total Cost": 2649345.6, "Plan Rows": 100, "Plan Width": 67, "Sort Key": ["orders.o_totalprice DESC", "orders.o_orderdate"], "Plans": [{"Node Type": "Aggregate", "Strategy": "Hashed", "Parent Relationship": "Outer", "Startup Cost": 2642938.69, "Total Cost": 2644201.9, "Plan Rows": 126321, "Plan Width": 67, "Group By Key": ["orders.o_totalprice", "orders.o_orderdate", "customer.c_name", "customer.c_custkey", "orders.o_orderkey"], "Plans": [{"Node Type": "Nested Loop", "Parent Relationship": "Outer", "Join Type": "Inner", "Startup Cost": 2315050.5, "Total Cost": 2641043.88, "Plan Rows": 126321, "Plan Width": 59, "Inner Unique": false, "Plans": [{"Node Type": "Nested Loop", "Parent Relationship": "Outer", "Join Type": "Inner", "Startup Cost": 2315050.5, "Total Cost": 2627700.1, "Plan Rows": 13913, "Plan Width": 59, "Inner Unique": true, "Plans": [{"Node Type": "Nested Loop", "Parent Relationship": "Outer", "Join Type": "Inner", "Startup Cost": 2315050.5, "Total Cost": 2618076.97, "Plan Rows": 33034, "Plan Width": 40, "Inner Unique": true, "Plans": [{"Node Type": "Aggregate", "Strategy": "Hashed", "Parent Relationship": "Outer", "Startup Cost": 2315050.5, "Total Cost": 2381201.11, "Plan Rows": 33034, "Plan Width": 24, "Group By Key": ["public.lineitem.l_orderkey"], "Filter": "(sum(public.lineitem.l_quantity) > 314::double precision), (LLVM Optimized)", "Plans": [{"Node Type": "Seq Scan", "Parent Relationship": "Outer", "Relation Name": "lineitem", "Alias": "lineitem", "Startup Cost": 0.0, "Total Cost": 2015115.33, "Plan Rows": 59987033, "Plan Width": 16}]}, {"Node Type": "Index Scan", "Parent Relationship": "Inner", "Scan Direction": "Forward", "Index Name": "orders_pkey", "Relation Name": "orders", "Alias": "orders", "Startup Cost": 0.0, "Total Cost": 7.15, "Plan Rows": 1, "Plan Width": 32, "Index Cond": "(o_orderkey = public.lineitem.l_orderkey)"}]}, {"Node Type": "Index Scan", "Parent Relationship": "Inner", "Scan Direction": "Forward", "Index Name": "customer_pkey", "Relation Name": "customer", "Alias": "customer", "Startup Cost": 0.0, "Total Cost": 0.28, "Plan Rows": 1, "Plan Width": 27, "Index Cond": "(c_custkey = orders.o_custkey)"}]}, {"Node Type": "Index Scan", "Parent Relationship": "Inner", "Scan Direction": "Forward", "Index Name": "idx_lineitem_orderkey", "Relation Name": "lineitem", "Alias": "lineitem", "Startup Cost": 0.0, "Total Cost": 0.87, "Plan Rows": 9, "Plan Width": 16, "Index Cond": "(l_orderkey = orders.o_orderkey)"}]}]}]}]}, "Unique SQL Id": 1915754155, "Planner Runtime": 2}, "explain_analyze_plan": {"Plan": {"Node Type": "Limit", "Startup Cost": 2649029.8, "Total Cost": 2649030.05, "Plan Rows": 100, "Plan Width": 67, "Actual Startup Time": 54861.493, "Actual Total Time": 54861.508, "Actual Rows": 84, "Actual Loops": 1, "Plans": [{"Node Type": "Sort", "Parent Relationship": "Outer", "Startup Cost": 2649029.8, "Total Cost": 2649345.6, "Plan Rows": 100, "Plan Width": 67, "Actual Startup Time": 54861.49, "Actual Total Time": 54861.494, "Actual Rows": 84, "Actual Loops": 1, "Sort Key": ["orders.o_totalprice DESC", "orders.o_orderdate"], "Sort Method": "quicksort", "Sort Space Used": 38, "Sort Space Type": "Memory", "Plans": [{"Node Type": "Aggregate", "Strategy": "Hashed", "Parent Relationship": "Outer", "Startup Cost": 2642938.69, "Total Cost": 2644201.9, "Plan Rows": 126321, "Plan Width": 67, "Actual Startup Time": 54860.881, "Actual Total Time": 54861.367, "Actual Rows": 84, "Actual Loops": 1, "Group By Key": ["orders.o_totalprice", "orders.o_orderdate", "customer.c_name", "customer.c_custkey", "orders.o_orderkey"], "Plans": [{"Node Type": "Nested Loop", "Parent Relationship": "Outer", "Join Type": "Inner", "Startup Cost": 2315050.5, "Total Cost": 2641043.88, "Plan Rows": 126321, "Plan Width": 59, "Actual Startup Time": 49072.337, "Actual Total Time": 54858.992, "Actual Rows": 588, "Actual Loops": 1, "Inner Unique": false, "Plans": [{"Node Type": "Nested Loop", "Parent Relationship": "Outer", "Join Type": "Inner", "Startup Cost": 2315050.5, "Total Cost": 2627700.1, "Plan Rows": 13913, "Plan Width": 59, "Actual Startup Time": 49072.315, "Actual Total Time": 54856.844, "Actual Rows": 84, "Actual Loops": 1, "Inner Unique": true, "Plans": [{"Node Type": "Nested Loop", "Parent Relationship": "Outer", "Join Type": "Inner", "Startup Cost": 2315050.5, "Total Cost": 2618076.97, "Plan Rows": 33034, "Plan Width": 40, "Actual Startup Time": 49072.296, "Actual Total Time": 54855.643, "Actual Rows": 84, "Actual Loops": 1, "Inner Unique": true, "Plans": [{"Node Type": "Aggregate", "Strategy": "Hashed", "Parent Relationship": "Outer", "Startup Cost": 2315050.5, "Total Cost": 2381201.11, "Plan Rows": 33034, "Plan Width": 24, "Actual Startup Time": 49072.224, "Actual Total Time": 54835.622, "Actual Rows": 84, "Actual Loops": 1, "Group By Key": ["public.lineitem.l_orderkey"], "Filter": "(sum(public.lineitem.l_quantity) > 314::double precision), (LLVM Optimized, Jit Execute)", "Rows Removed by Filter": 14999916, "Plans": [{"Node Type": "Seq Scan", "Parent Relationship": "Outer", "Relation Name": "lineitem", "Alias": "lineitem", "Startup Cost": 0.0, "Total Cost": 2015115.33, "Plan Rows": 59987033, "Plan Width": 16, "Actual Startup Time": 0.051, "Actual Total Time": 20660.278, "Actual Rows": 59986052, "Actual Loops": 1}]}, {"Node Type": "Index Scan", "Parent Relationship": "Inner", "Scan Direction": "Forward", "Index Name": "orders_pkey", "Relation Name": "orders", "Alias": "orders", "Startup Cost": 0.0, "Total Cost": 7.15, "Plan Rows": 1, "Plan Width": 32, "Actual Startup Time": 2.649, "Actual Total Time": 2.649, "Actual Rows": 84, "Actual Loops": 84, "Index Cond": "(o_orderkey = public.lineitem.l_orderkey)", "Rows Removed by Index Recheck": 0}]}, {"Node Type": "Index Scan", "Parent Relationship": "Inner", "Scan Direction": "Forward", "Index Name": "customer_pkey", "Relation Name": "customer", "Alias": "customer", "Startup Cost": 0.0, "Total Cost": 0.28, "Plan Rows": 1, "Plan Width": 27, "Actual Startup Time": 0.851, "Actual Total Time": 0.851, "Actual Rows": 84, "Actual Loops": 84, "Index Cond": "(c_custkey = orders.o_custkey)", "Rows Removed by Index Recheck": 0}]}, {"Node Type": "Index Scan", "Parent Relationship": "Inner", "Scan Direction": "Forward", "Index Name": "idx_lineitem_orderkey", "Relation Name": "lineitem", "Alias": "lineitem", "Startup Cost": 0.0, "Total Cost": 0.87, "Plan Rows": 9, "Plan Width": 16, "Actual Startup Time": 1.215, "Actual Total Time": 1.721, "Actual Rows": 588, "Actual Loops": 84, "Index Cond": "(l_orderkey = orders.o_orderkey)", "Rows Removed by Index Recheck": 0}]}]}]}]}, "Triggers": [], "Planner Runtime": 2.136, "Total Runtime": 54871.674, "Unique SQL Id": 1915754155}}, "(64, '13')": {"explain_plan": {"Plan": {"Node Type": "Limit", "Startup Cost": 3874068.21, "Total Cost": 3874068.46, "Plan Rows": 100, "Plan Width": 67, "Plans": [{"Node Type": "Sort", "Parent Relationship": "Outer", "Startup Cost": 3874068.21, "Total Cost": 3874384.02, "Plan Rows": 100, "Plan Width": 67, "Sort Key": ["orders.o_totalprice DESC", "orders.o_orderdate"], "Plans": [{"Node Type": "Aggregate", "Strategy": "Hashed", "Parent Relationship": "Outer", "Startup Cost": 3867977.11, "Total Cost": 3869240.32, "Plan Rows": 126321, "Plan Width": 67, "Group By Key": ["orders.o_totalprice", "orders.o_orderdate", "customer.c_name", "customer.c_custkey", "orders.o_orderkey"], "Plans": [{"Node Type": "Nested Loop", "Parent Relationship": "Outer", "Join Type": "Inner", "Startup Cost": 3540088.91, "Total Cost": 3866082.29, "Plan Rows": 126321, "Plan Width": 59, "Inner Unique": false, "Plans": [{"Node Type": "Nested Loop", "Parent Relationship": "Outer", "Join Type": "Inner", "Startup Cost": 3540088.91, "Total Cost": 3852738.51, "Plan Rows": 13913, "Plan Width": 59, "Inner Unique": true, "Plans": [{"Node Type": "Nested Loop", "Parent Relationship": "Outer", "Join Type": "Inner", "Startup Cost": 3540088.91, "Total Cost": 3843115.38, "Plan Rows": 33034, "Plan Width": 40, "Inner Unique": true, "Plans": [{"Node Type": "Aggregate", "Strategy": "Hashed", "Parent Relationship": "Outer", "Startup Cost": 3540088.91, "Total Cost": 3606239.52, "Plan Rows": 33034, "Plan Width": 24, "Group By Key": ["public.lineitem.l_orderkey"], "Filter": "(sum(public.lineitem.l_quantity) > 314::double precision), (LLVM Optimized)", "Plans": [{"Node Type": "Index Scan", "Parent Relationship": "Outer", "Scan Direction": "Forward", "Index Name": "idx_lineitem_orderkey", "Relation Name": "lineitem", "Alias": "lineitem", "Startup Cost": 0.0, "Total Cost": 3240153.75, "Plan Rows": 59987033, "Plan Width": 16}]}, {"Node Type": "Index Scan", "Parent Relationship": "Inner", "Scan Direction": "Forward", "Index Name": "orders_pkey", "Relation Name": "orders", "Alias": "orders", "Startup Cost": 0.0, "Total Cost": 7.15, "Plan Rows": 1, "Plan Width": 32, "Index Cond": "(o_orderkey = public.lineitem.l_orderkey)"}]}, {"Node Type": "Index Scan", "Parent Relationship": "Inner", "Scan Direction": "Forward", "Index Name": "customer_pkey", "Relation Name": "customer", "Alias": "customer", "Startup Cost": 0.0, "Total Cost": 0.28, "Plan Rows": 1, "Plan Width": 27, "Index Cond": "(c_custkey = orders.o_custkey)"}]}, {"Node Type": "Index Scan", "Parent Relationship": "Inner", "Scan Direction": "Forward", "Index Name": "idx_lineitem_orderkey", "Relation Name": "lineitem", "Alias": "lineitem", "Startup Cost": 0.0, "Total Cost": 0.87, "Plan Rows": 9, "Plan Width": 16, "Index Cond": "(l_orderkey = orders.o_orderkey)"}]}]}]}]}, "Unique SQL Id": 1915754155, "Planner Runtime": 2}, "explain_analyze_plan": {"Plan": {"Node Type": "Limit", "Startup Cost": 3874068.21, "Total Cost": 3874068.46, "Plan Rows": 100, "Plan Width": 67, "Actual Startup Time": 78667.563, "Actual Total Time": 78667.58, "Actual Rows": 84, "Actual Loops": 1, "Plans": [{"Node Type": "Sort", "Parent Relationship": "Outer", "Startup Cost": 3874068.21, "Total Cost": 3874384.02, "Plan Rows": 100, "Plan Width": 67, "Actual Startup Time": 78667.561, "Actual Total Time": 78667.57, "Actual Rows": 84, "Actual Loops": 1, "Sort Key": ["orders.o_totalprice DESC", "orders.o_orderdate"], "Sort Method": "quicksort", "Sort Space Used": 38, "Sort Space Type": "Memory", "Plans": [{"Node Type": "Aggregate", "Strategy": "Hashed", "Parent Relationship": "Outer", "Startup Cost": 3867977.11, "Total Cost": 3869240.32, "Plan Rows": 126321, "Plan Width": 67, "Actual Startup Time": 78666.912, "Actual Total Time": 78667.456, "Actual Rows": 84, "Actual Loops": 1, "Group By Key": ["orders.o_totalprice", "orders.o_orderdate", "customer.c_name", "customer.c_custkey", "orders.o_orderkey"], "Plans": [{"Node Type": "Nested Loop", "Parent Relationship": "Outer", "Join Type": "Inner", "Startup Cost": 3540088.91, "Total Cost": 3866082.29, "Plan Rows": 126321, "Plan Width": 59, "Actual Startup Time": 71346.529, "Actual Total Time": 78665.231, "Actual Rows": 588, "Actual Loops": 1, "Inner Unique": false, "Plans": [{"Node Type": "Nested Loop", "Parent Relationship": "Outer", "Join Type": "Inner", "Startup Cost": 3540088.91, "Total Cost": 3852738.51, "Plan Rows": 13913, "Plan Width": 59, "Actual Startup Time": 71346.496, "Actual Total Time": 78662.632, "Actual Rows": 84, "Actual Loops": 1, "Inner Unique": true, "Plans": [{"Node Type": "Nested Loop", "Parent Relationship": "Outer", "Join Type": "Inner", "Startup Cost": 3540088.91, "Total Cost": 3843115.38, "Plan Rows": 33034, "Plan Width": 40, "Actual Startup Time": 71346.464, "Actual Total Time": 78660.834, "Actual Rows": 84, "Actual Loops": 1, "Inner Unique": true, "Plans": [{"Node Type": "Aggregate", "Strategy": "Hashed", "Parent Relationship": "Outer", "Startup Cost": 3540088.91, "Total Cost": 3606239.52, "Plan Rows": 33034, "Plan Width": 24, "Actual Startup Time": 71346.402, "Actual Total Time": 78640.855, "Actual Rows": 84, "Actual Loops": 1, "Group By Key": ["public.lineitem.l_orderkey"], "Filter": "(sum(public.lineitem.l_quantity) > 314::double precision), (LLVM Optimized, Jit Execute)", "Rows Removed by Filter": 14999916, "Plans": [{"Node Type": "Index Scan", "Parent Relationship": "Outer", "Scan Direction": "Forward", "Index Name": "idx_lineitem_orderkey", "Relation Name": "lineitem", "Alias": "lineitem", "Startup Cost": 0.0, "Total Cost": 3240153.75, "Plan Rows": 59987033, "Plan Width": 16, "Actual Startup Time": 0.07, "Actual Total Time": 42499.927, "Actual Rows": 59986052, "Actual Loops": 1}]}, {"Node Type": "Index Scan", "Parent Relationship": "Inner", "Scan Direction": "Forward", "Index Name": "orders_pkey", "Relation Name": "orders", "Alias": "orders", "Startup Cost": 0.0, "Total Cost": 7.15, "Plan Rows": 1, "Plan Width": 32, "Actual Startup Time": 2.739, "Actual Total Time": 2.739, "Actual Rows": 84, "Actual Loops": 84, "Index Cond": "(o_orderkey = public.lineitem.l_orderkey)", "Rows Removed by Index Recheck": 0}]}, {"Node Type": "Index Scan", "Parent Relationship": "Inner", "Scan Direction": "Forward", "Index Name": "customer_pkey", "Relation Name": "customer", "Alias": "customer", "Startup Cost": 0.0, "Total Cost": 0.28, "Plan Rows": 1, "Plan Width": 27, "Actual Startup Time": 1.301, "Actual Total Time": 1.301, "Actual Rows": 84, "Actual Loops": 84, "Index Cond": "(c_custkey = orders.o_custkey)", "Rows Removed by Index Recheck": 0}]}, {"Node Type": "Index Scan", "Parent Relationship": "Inner", "Scan Direction": "Forward", "Index Name": "idx_lineitem_orderkey", "Relation Name": "lineitem", "Alias": "lineitem", "Startup Cost": 0.0, "Total Cost": 0.87, "Plan Rows": 9, "Plan Width": 16, "Actual Startup Time": 1.627, "Actual Total Time": 2.06, "Actual Rows": 588, "Actual Loops": 84, "Index Cond": "(l_orderkey = orders.o_orderkey)", "Rows Removed by Index Recheck": 0}]}]}]}]}, "Triggers": [], "Planner Runtime": 2.114, "Total Runtime": 78676.91, "Unique SQL Id": 1915754155}}, "(64, '14')": {"explain_plan": {"Plan": {"Node Type": "Limit", "Startup Cost": 5166300.38, "Total Cost": 5166300.63, "Plan Rows": 100, "Plan Width": 67, "Plans": [{"Node Type": "Sort", "Parent Relationship": "Outer", "Startup Cost": 5166300.38, "Total Cost": 5166616.18, "Plan Rows": 100, "Plan Width": 67, "Sort Key": ["orders.o_totalprice DESC", "orders.o_orderdate"], "Plans": [{"Node Type": "Aggregate", "Strategy": "Hashed", "Parent Relationship": "Outer", "Startup Cost": 5160209.27, "Total Cost": 5161472.48, "Plan Rows": 126321, "Plan Width": 67, "Group By Key": ["orders.o_totalprice", "orders.o_orderdate", "customer.c_name", "customer.c_custkey", "orders.o_orderkey"], "Plans": [{"Node Type": "Hash Join", "Parent Relationship": "Outer", "Join Type": "Inner", "Startup Cost": 2917691.33, "Total Cost": 5158314.46, "Plan Rows": 126321, "Plan Width": 59, "Inner Unique": false, "Hash Cond": "(public.lineitem.l_orderkey = orders.o_orderkey), (LLVM Optimized)", "Plans": [{"Node Type": "Seq Scan", "Parent Relationship": "Outer", "Relation Name": "lineitem", "Alias": "lineitem", "Startup Cost": 0.0, "Total Cost": 2015115.33, "Plan Rows": 59987033, "Plan Width": 16}, {"Node Type": "Hash", "Parent Relationship": "Inner", "Startup Cost": 2917517.42, "Total Cost": 2917517.42, "Plan Rows": 13913, "Plan Width": 59, "Plans": [{"Node Type": "Hash Join", "Parent Relationship": "Outer", "Join Type": "Inner", "Startup Cost": 2452820.37, "Total Cost": 2917517.42, "Plan Rows": 13913, "Plan Width": 59, "Inner Unique": true, "Hash Cond": "(orders.o_custkey = customer.c_custkey)", "Plans": [{"Node Type": "Hash Join", "Parent Relationship": "Outer", "Join Type": "Inner", "Startup Cost": 2381944.37, "Total Cost": 2846187.2, "Plan Rows": 33034, "Plan Width": 40, "Inner Unique": true, "Hash Cond": "(orders.o_orderkey = public.lineitem.l_orderkey)", "Plans": [{"Node Type": "Seq Scan", "Parent Relationship": "Outer", "Relation Name": "orders", "Alias": "orders", "Startup Cost": 0.0, "Total Cost": 426413.79, "Plan Rows": 14999479, "Plan Width": 32}, {"Node Type": "Hash", "Parent Relationship": "Inner", "Startup Cost": 2381531.45, "Total Cost": 2381531.45, "Plan Rows": 33034, "Plan Width": 8, "Plans": [{"Node Type": "Aggregate", "Strategy": "Hashed", "Parent Relationship": "Outer", "Startup Cost": 2315050.5, "Total Cost": 2381201.11, "Plan Rows": 33034, "Plan Width": 24, "Group By Key": ["public.lineitem.l_orderkey"], "Filter": "(sum(public.lineitem.l_quantity) > 314::double precision), (LLVM Optimized)", "Plans": [{"Node Type": "Seq Scan", "Parent Relationship": "Outer", "Relation Name": "lineitem", "Alias": "lineitem", "Startup Cost": 0.0, "Total Cost": 2015115.33, "Plan Rows": 59987033, "Plan Width": 16}]}]}]}, {"Node Type": "Hash", "Parent Relationship": "Inner", "Startup Cost": 52126.0, "Total Cost": 52126.0, "Plan Rows": 1500000, "Plan Width": 27, "Plans": [{"Node Type": "Seq Scan", "Parent Relationship": "Outer", "Relation Name": "customer", "Alias": "customer", "Startup Cost": 0.0, "Total Cost": 52126.0, "Plan Rows": 1500000, "Plan Width": 27}]}]}]}]}]}]}]}, "Unique SQL Id": 1915754155, "Planner Runtime": 2}, "explain_analyze_plan": {"Plan": {"Node Type": "Limit", "Startup Cost": 5166300.38, "Total Cost": 5166300.63, "Plan Rows": 100, "Plan Width": 67, "Actual Startup Time": 87758.089, "Actual Total Time": 87758.105, "Actual Rows": 84, "Actual Loops": 1, "Plans": [{"Node Type": "Sort", "Parent Relationship": "Outer", "Startup Cost": 5166300.38, "Total Cost": 5166616.18, "Plan Rows": 100, "Plan Width": 67, "Actual Startup Time": 87758.086, "Actual Total Time": 87758.093, "Actual Rows": 84, "Actual Loops": 1, "Sort Key": ["orders.o_totalprice DESC", "orders.o_orderdate"], "Sort Method": "quicksort", "Sort Space Used": 38, "Sort Space Type": "Memory", "Plans": [{"Node Type": "Aggregate", "Strategy": "Hashed", "Parent Relationship": "Outer", "Startup Cost": 5160209.27, "Total Cost": 5161472.48, "Plan Rows": 126321, "Plan Width": 67, "Actual Startup Time": 87757.697, "Actual Total Time": 87757.964, "Actual Rows": 84, "Actual Loops": 1, "Group By Key": ["orders.o_totalprice", "orders.o_orderdate", "customer.c_name", "customer.c_custkey", "orders.o_orderkey"], "Plans": [{"Node Type": "Hash Join", "Parent Relationship": "Outer", "Join Type": "Inner", "Startup Cost": 2917691.33, "Total Cost": 5158314.46, "Plan Rows": 126321, "Plan Width": 59, "Actual Startup Time": 61442.015, "Actual Total Time": 87754.55, "Actual Rows": 588, "Actual Loops": 1, "Inner Unique": false, "Hash Cond": "(public.lineitem.l_orderkey = orders.o_orderkey), (LLVM Optimized, Jit Execute)", "Plans": [{"Node Type": "Seq Scan", "Parent Relationship": "Outer", "Relation Name": "lineitem", "Alias": "lineitem", "Startup Cost": 0.0, "Total Cost": 2015115.33, "Plan Rows": 59987033, "Plan Width": 16, "Actual Startup Time": 0.026, "Actual Total Time": 16730.65, "Actual Rows": 59986052, "Actual Loops": 1}, {"Node Type": "Hash", "Parent Relationship": "Inner", "Startup Cost": 2917517.42, "Total Cost": 2917517.42, "Plan Rows": 13913, "Plan Width": 59, "Actual Startup Time": 60869.861, "Actual Total Time": 60869.861, "Actual Rows": 84, "Actual Loops": 1, "Hash Buckets": 32768, "Hash Batches": 1, "Original Hash Batches": 1, "Peak Memory Usage": 8, "Plans": [{"Node Type": "Hash Join", "Parent Relationship": "Outer", "Join Type": "Inner", "Startup Cost": 2452820.37, "Total Cost": 2917517.42, "Plan Rows": 13913, "Plan Width": 59, "Actual Startup Time": 54230.749, "Actual Total Time": 60869.52, "Actual Rows": 84, "Actual Loops": 1, "Inner Unique": true, "Hash Cond": "(orders.o_custkey = customer.c_custkey)", "Plans": [{"Node Type": "Hash Join", "Parent Relationship": "Outer", "Join Type": "Inner", "Startup Cost": 2381944.37, "Total Cost": 2846187.2, "Plan Rows": 33034, "Plan Width": 40, "Actual Startup Time": 53234.503, "Actual Total Time": 59871.886, "Actual Rows": 84, "Actual Loops": 1, "Inner Unique": true, "Hash Cond": "(orders.o_orderkey = public.lineitem.l_orderkey)", "Plans": [{"Node Type": "Seq Scan", "Parent Relationship": "Outer", "Relation Name": "orders", "Alias": "orders", "Startup Cost": 0.0, "Total Cost": 426413.79, "Plan Rows": 14999479, "Plan Width": 32, "Actual Startup Time": 0.018, "Actual Total Time": 3849.952, "Actual Rows": 15000000, "Actual Loops": 1}, {"Node Type": "Hash", "Parent Relationship": "Inner", "Startup Cost": 2381531.45, "Total Cost": 2381531.45, "Plan Rows": 33034, "Plan Width": 8, "Actual Startup Time": 53079.015, "Actual Total Time": 53079.015, "Actual Rows": 84, "Actual Loops": 1, "Hash Buckets": 65536, "Hash Batches": 1, "Original Hash Batches": 1, "Peak Memory Usage": 4, "Plans": [{"Node Type": "Aggregate", "Strategy": "Hashed", "Parent Relationship": "Outer", "Startup Cost": 2315050.5, "Total Cost": 2381201.11, "Plan Rows": 33034, "Plan Width": 24, "Actual Startup Time": 47520.717, "Actual Total Time": 53078.557, "Actual Rows": 84, "Actual Loops": 1, "Group By Key": ["public.lineitem.l_orderkey"], "Filter": "(sum(public.lineitem.l_quantity) > 314::double precision), (LLVM Optimized, Jit Execute)", "Rows Removed by Filter": 14999916, "Plans": [{"Node Type": "Seq Scan", "Parent Relationship": "Outer", "Relation Name": "lineitem", "Alias": "lineitem", "Startup Cost": 0.0, "Total Cost": 2015115.33, "Plan Rows": 59987033, "Plan Width": 16, "Actual Startup Time": 0.041, "Actual Total Time": 20439.116, "Actual Rows": 59986052, "Actual Loops": 1}]}]}]}, {"Node Type": "Hash", "Parent Relationship": "Inner", "Startup Cost": 52126.0, "Total Cost": 52126.0, "Plan Rows": 1500000, "Plan Width": 27, "Actual Startup Time": 994.951, "Actual Total Time": 994.951, "Actual Rows": 1500000, "Actual Loops": 1, "Hash Buckets": 2097152, "Hash Batches": 1, "Original Hash Batches": 1, "Peak Memory Usage": 93750, "Plans": [{"Node Type": "Seq Scan", "Parent Relationship": "Outer", "Relation Name": "customer", "Alias": "customer", "Startup Cost": 0.0, "Total Cost": 52126.0, "Plan Rows": 1500000, "Plan Width": 27, "Actual Startup Time": 0.022, "Actual Total Time": 519.702, "Actual Rows": 1500000, "Actual Loops": 1}]}]}]}]}]}]}]}, "Triggers": [], "Planner Runtime": 2.255, "Total Runtime": 87768.282, "Unique SQL Id": 1915754155}}, "(64, '15')": {"explain_plan": {"Plan": {"Node Type": "Limit", "Startup Cost": 4001456877030.4, "Total Cost": 4001456877030.65, "Plan Rows": 100, "Plan Width": 67, "Plans": [{"Node Type": "Sort", "Parent Relationship": "Outer", "Startup Cost": 4001456877030.4, "Total Cost": 4001456877346.2, "Plan Rows": 100, "Plan Width": 67, "Sort Key": ["orders.o_totalprice DESC", "orders.o_orderdate"], "Plans": [{"Node Type": "Aggregate", "Strategy": "Hashed", "Parent Relationship": "Outer", "Startup Cost": 4001456870939.29, "Total Cost": 4001456872202.5, "Plan Rows": 126321, "Plan Width": 67, "Group By Key": ["orders.o_totalprice", "orders.o_orderdate", "customer.c_name", "customer.c_custkey", "orders.o_orderkey"], "Plans": [{"Node Type": "Merge Join", "Parent Relationship": "Outer", "Join Type": "Inner", "Startup Cost": 1030466756474.59, "Total Cost": 4001456869044.47, "Plan Rows": 126321, "Plan Width": 59, "Inner Unique": false, "Merge Cond": "(orders.o_orderkey = public.lineitem.l_orderkey)", "Plans": [{"Node Type": "Nested Loop", "Parent Relationship": "Outer", "Join Type": "Inner", "Startup Cost": 1020324384270.1, "Total Cost": 3001148865393.43, "Plan Rows": 13913, "Plan Width": 59, "Inner Unique": true, "Join Filter": "(orders.o_custkey = customer.c_custkey)", "Plans": [{"Node Type": "Merge Join", "Parent Relationship": "Outer", "Join Type": "Semi", "Startup Cost": 1010324384270.1, "Total Cost": 2000397520107.8, "Plan Rows": 33034, "Plan Width": 40, "Inner Unique": false, "Merge Cond": "(orders.o_orderkey = public.lineitem.l_orderkey)", "Plans": [{"Node Type": "Index Scan", "Parent Relationship": "Outer", "Scan Direction": "Forward", "Index Name": "orders_pkey", "Relation Name": "orders", "Alias": "orders", "Startup Cost": 10000000000.0, "Total Cost": 1000073097843.5, "Plan Rows": 14999479, "Plan Width": 32}, {"Node Type": "Sort", "Parent Relationship": "Inner", "Startup Cost": 1000324384270.1, "Total Cost": 1000324384352.68, "Plan Rows": 33034, "Plan Width": 8, "Sort Key": ["public.lineitem.l_orderkey"], "Plans": [{"Node Type": "Aggregate", "Strategy": "Hashed", "Parent Relationship": "Outer", "Startup Cost": 1000324315309.67, "Total Cost": 1000324381460.28, "Plan Rows": 33034, "Plan Width": 24, "Group By Key": ["public.lineitem.l_orderkey"], "Filter": "(sum(public.lineitem.l_quantity) > 314::double precision), (LLVM Optimized)", "Plans": [{"Node Type": "Index Scan", "Parent Relationship": "Outer", "Scan Direction": "Forward", "Index Name": "idx_lineitem_orderkey", "Relation Name": "lineitem", "Alias": "lineitem", "Startup Cost": 10000000000.0, "Total Cost": 1000324015374.5, "Plan Rows": 59987033, "Plan Width": 16}]}]}]}, {"Node Type": "Materialize", "Parent Relationship": "Inner", "Startup Cost": 10000000000.0, "Total Cost": 1000008084035.62, "Plan Rows": 1500000, "Plan Width": 27, "Plans": [{"Node Type": "Index Scan", "Parent Relationship": "Outer", "Scan Direction": "Forward", "Index Name": "customer_pkey", "Relation Name": "customer", "Alias": "customer", "Startup Cost": 10000000000.0, "Total Cost": 1000008076535.62, "Plan Rows": 1500000, "Plan Width": 27}]}]}, {"Node Type": "Index Scan", "Parent Relationship": "Inner", "Scan Direction": "Forward", "Index Name": "idx_lineitem_orderkey", "Relation Name": "lineitem", "Alias": "lineitem", "Startup Cost": 10000000000.0, "Total Cost": 1000324015374.5, "Plan Rows": 59987033, "Plan Width": 16}]}]}]}]}, "Unique SQL Id": 1915754155, "Planner Runtime": 2}, "explain_analyze_plan": null}, "(64, '16')": {"explain_plan": {"Plan": {"Node Type": "Limit", "Startup Cost": 2649029.8, "Total Cost": 2649030.05, "Plan Rows": 100, "Plan Width": 67, "Plans": [{"Node Type": "Sort", "Parent Relationship": "Outer", "Startup Cost": 2649029.8, "Total Cost": 2649345.6, "Plan Rows": 100, "Plan Width": 67, "Sort Key": ["orders.o_totalprice DESC", "orders.o_orderdate"], "Plans": [{"Node Type": "Aggregate", "Strategy": "Hashed", "Parent Relationship": "Outer", "Startup Cost": 2642938.69, "Total Cost": 2644201.9, "Plan Rows": 126321, "Plan Width": 67, "Group By Key": ["orders.o_totalprice", "orders.o_orderdate", "customer.c_name", "customer.c_custkey", "orders.o_orderkey"], "Plans": [{"Node Type": "Nested Loop", "Parent Relationship": "Outer", "Join Type": "Inner", "Startup Cost": 2315050.5, "Total Cost": 2641043.88, "Plan Rows": 126321, "Plan Width": 59, "Inner Unique": false, "Plans": [{"Node Type": "Nested Loop", "Parent Relationship": "Outer", "Join Type": "Inner", "Startup Cost": 2315050.5, "Total Cost": 2627700.1, "Plan Rows": 13913, "Plan Width": 59, "Inner Unique": true, "Plans": [{"Node Type": "Nested Loop", "Parent Relationship": "Outer", "Join Type": "Inner", "Startup Cost": 2315050.5, "Total Cost": 2618076.97, "Plan Rows": 33034, "Plan Width": 40, "Inner Unique": true, "Plans": [{"Node Type": "Aggregate", "Strategy": "Hashed", "Parent Relationship": "Outer", "Startup Cost": 2315050.5, "Total Cost": 2381201.11, "Plan Rows": 33034, "Plan Width": 24, "Group By Key": ["public.lineitem.l_orderkey"], "Filter": "(sum(public.lineitem.l_quantity) > 314::double precision), (LLVM Optimized)", "Plans": [{"Node Type": "Seq Scan", "Parent Relationship": "Outer", "Relation Name": "lineitem", "Alias": "lineitem", "Startup Cost": 0.0, "Total Cost": 2015115.33, "Plan Rows": 59987033, "Plan Width": 16}]}, {"Node Type": "Index Scan", "Parent Relationship": "Inner", "Scan Direction": "Forward", "Index Name": "orders_pkey", "Relation Name": "orders", "Alias": "orders", "Startup Cost": 0.0, "Total Cost": 7.15, "Plan Rows": 1, "Plan Width": 32, "Index Cond": "(o_orderkey = public.lineitem.l_orderkey)"}]}, {"Node Type": "Index Scan", "Parent Relationship": "Inner", "Scan Direction": "Forward", "Index Name": "customer_pkey", "Relation Name": "customer", "Alias": "customer", "Startup Cost": 0.0, "Total Cost": 0.28, "Plan Rows": 1, "Plan Width": 27, "Index Cond": "(c_custkey = orders.o_custkey)"}]}, {"Node Type": "Index Scan", "Parent Relationship": "Inner", "Scan Direction": "Forward", "Index Name": "idx_lineitem_orderkey", "Relation Name": "lineitem", "Alias": "lineitem", "Startup Cost": 0.0, "Total Cost": 0.87, "Plan Rows": 9, "Plan Width": 16, "Index Cond": "(l_orderkey = orders.o_orderkey)"}]}]}]}]}, "Unique SQL Id": 1915754155, "Planner Runtime": 1}, "explain_analyze_plan": {"Plan": {"Node Type": "Limit", "Startup Cost": 2649029.8, "Total Cost": 2649030.05, "Plan Rows": 100, "Plan Width": 67, "Actual Startup Time": 54861.493, "Actual Total Time": 54861.508, "Actual Rows": 84, "Actual Loops": 1, "Plans": [{"Node Type": "Sort", "Parent Relationship": "Outer", "Startup Cost": 2649029.8, "Total Cost": 2649345.6, "Plan Rows": 100, "Plan Width": 67, "Actual Startup Time": 54861.49, "Actual Total Time": 54861.494, "Actual Rows": 84, "Actual Loops": 1, "Sort Key": ["orders.o_totalprice DESC", "orders.o_orderdate"], "Sort Method": "quicksort", "Sort Space Used": 38, "Sort Space Type": "Memory", "Plans": [{"Node Type": "Aggregate", "Strategy": "Hashed", "Parent Relationship": "Outer", "Startup Cost": 2642938.69, "Total Cost": 2644201.9, "Plan Rows": 126321, "Plan Width": 67, "Actual Startup Time": 54860.881, "Actual Total Time": 54861.367, "Actual Rows": 84, "Actual Loops": 1, "Group By Key": ["orders.o_totalprice", "orders.o_orderdate", "customer.c_name", "customer.c_custkey", "orders.o_orderkey"], "Plans": [{"Node Type": "Nested Loop", "Parent Relationship": "Outer", "Join Type": "Inner", "Startup Cost": 2315050.5, "Total Cost": 2641043.88, "Plan Rows": 126321, "Plan Width": 59, "Actual Startup Time": 49072.337, "Actual Total Time": 54858.992, "Actual Rows": 588, "Actual Loops": 1, "Inner Unique": false, "Plans": [{"Node Type": "Nested Loop", "Parent Relationship": "Outer", "Join Type": "Inner", "Startup Cost": 2315050.5, "Total Cost": 2627700.1, "Plan Rows": 13913, "Plan Width": 59, "Actual Startup Time": 49072.315, "Actual Total Time": 54856.844, "Actual Rows": 84, "Actual Loops": 1, "Inner Unique": true, "Plans": [{"Node Type": "Nested Loop", "Parent Relationship": "Outer", "Join Type": "Inner", "Startup Cost": 2315050.5, "Total Cost": 2618076.97, "Plan Rows": 33034, "Plan Width": 40, "Actual Startup Time": 49072.296, "Actual Total Time": 54855.643, "Actual Rows": 84, "Actual Loops": 1, "Inner Unique": true, "Plans": [{"Node Type": "Aggregate", "Strategy": "Hashed", "Parent Relationship": "Outer", "Startup Cost": 2315050.5, "Total Cost": 2381201.11, "Plan Rows": 33034, "Plan Width": 24, "Actual Startup Time": 49072.224, "Actual Total Time": 54835.622, "Actual Rows": 84, "Actual Loops": 1, "Group By Key": ["public.lineitem.l_orderkey"], "Filter": "(sum(public.lineitem.l_quantity) > 314::double precision), (LLVM Optimized, Jit Execute)", "Rows Removed by Filter": 14999916, "Plans": [{"Node Type": "Seq Scan", "Parent Relationship": "Outer", "Relation Name": "lineitem", "Alias": "lineitem", "Startup Cost": 0.0, "Total Cost": 2015115.33, "Plan Rows": 59987033, "Plan Width": 16, "Actual Startup Time": 0.051, "Actual Total Time": 20660.278, "Actual Rows": 59986052, "Actual Loops": 1}]}, {"Node Type": "Index Scan", "Parent Relationship": "Inner", "Scan Direction": "Forward", "Index Name": "orders_pkey", "Relation Name": "orders", "Alias": "orders", "Startup Cost": 0.0, "Total Cost": 7.15, "Plan Rows": 1, "Plan Width": 32, "Actual Startup Time": 2.649, "Actual Total Time": 2.649, "Actual Rows": 84, "Actual Loops": 84, "Index Cond": "(o_orderkey = public.lineitem.l_orderkey)", "Rows Removed by Index Recheck": 0}]}, {"Node Type": "Index Scan", "Parent Relationship": "Inner", "Scan Direction": "Forward", "Index Name": "customer_pkey", "Relation Name": "customer", "Alias": "customer", "Startup Cost": 0.0, "Total Cost": 0.28, "Plan Rows": 1, "Plan Width": 27, "Actual Startup Time": 0.851, "Actual Total Time": 0.851, "Actual Rows": 84, "Actual Loops": 84, "Index Cond": "(c_custkey = orders.o_custkey)", "Rows Removed by Index Recheck": 0}]}, {"Node Type": "Index Scan", "Parent Relationship": "Inner", "Scan Direction": "Forward", "Index Name": "idx_lineitem_orderkey", "Relation Name": "lineitem", "Alias": "lineitem", "Startup Cost": 0.0, "Total Cost": 0.87, "Plan Rows": 9, "Plan Width": 16, "Actual Startup Time": 1.215, "Actual Total Time": 1.721, "Actual Rows": 588, "Actual Loops": 84, "Index Cond": "(l_orderkey = orders.o_orderkey)", "Rows Removed by Index Recheck": 0}]}]}]}]}, "Triggers": [], "Planner Runtime": 2.136, "Total Runtime": 54871.674, "Unique SQL Id": 1915754155}}, "(64, '17')": {"explain_plan": {"Plan": {"Node Type": "Limit", "Startup Cost": 3874068.21, "Total Cost": 3874068.46, "Plan Rows": 100, "Plan Width": 67, "Plans": [{"Node Type": "Sort", "Parent Relationship": "Outer", "Startup Cost": 3874068.21, "Total Cost": 3874384.02, "Plan Rows": 100, "Plan Width": 67, "Sort Key": ["orders.o_totalprice DESC", "orders.o_orderdate"], "Plans": [{"Node Type": "Aggregate", "Strategy": "Hashed", "Parent Relationship": "Outer", "Startup Cost": 3867977.11, "Total Cost": 3869240.32, "Plan Rows": 126321, "Plan Width": 67, "Group By Key": ["orders.o_totalprice", "orders.o_orderdate", "customer.c_name", "customer.c_custkey", "orders.o_orderkey"], "Plans": [{"Node Type": "Nested Loop", "Parent Relationship": "Outer", "Join Type": "Inner", "Startup Cost": 3540088.91, "Total Cost": 3866082.29, "Plan Rows": 126321, "Plan Width": 59, "Inner Unique": false, "Plans": [{"Node Type": "Nested Loop", "Parent Relationship": "Outer", "Join Type": "Inner", "Startup Cost": 3540088.91, "Total Cost": 3852738.51, "Plan Rows": 13913, "Plan Width": 59, "Inner Unique": true, "Plans": [{"Node Type": "Nested Loop", "Parent Relationship": "Outer", "Join Type": "Inner", "Startup Cost": 3540088.91, "Total Cost": 3843115.38, "Plan Rows": 33034, "Plan Width": 40, "Inner Unique": true, "Plans": [{"Node Type": "Aggregate", "Strategy": "Hashed", "Parent Relationship": "Outer", "Startup Cost": 3540088.91, "Total Cost": 3606239.52, "Plan Rows": 33034, "Plan Width": 24, "Group By Key": ["public.lineitem.l_orderkey"], "Filter": "(sum(public.lineitem.l_quantity) > 314::double precision), (LLVM Optimized)", "Plans": [{"Node Type": "Index Scan", "Parent Relationship": "Outer", "Scan Direction": "Forward", "Index Name": "idx_lineitem_orderkey", "Relation Name": "lineitem", "Alias": "lineitem", "Startup Cost": 0.0, "Total Cost": 3240153.75, "Plan Rows": 59987033, "Plan Width": 16}]}, {"Node Type": "Index Scan", "Parent Relationship": "Inner", "Scan Direction": "Forward", "Index Name": "orders_pkey", "Relation Name": "orders", "Alias": "orders", "Startup Cost": 0.0, "Total Cost": 7.15, "Plan Rows": 1, "Plan Width": 32, "Index Cond": "(o_orderkey = public.lineitem.l_orderkey)"}]}, {"Node Type": "Index Scan", "Parent Relationship": "Inner", "Scan Direction": "Forward", "Index Name": "customer_pkey", "Relation Name": "customer", "Alias": "customer", "Startup Cost": 0.0, "Total Cost": 0.28, "Plan Rows": 1, "Plan Width": 27, "Index Cond": "(c_custkey = orders.o_custkey)"}]}, {"Node Type": "Index Scan", "Parent Relationship": "Inner", "Scan Direction": "Forward", "Index Name": "idx_lineitem_orderkey", "Relation Name": "lineitem", "Alias": "lineitem", "Startup Cost": 0.0, "Total Cost": 0.87, "Plan Rows": 9, "Plan Width": 16, "Index Cond": "(l_orderkey = orders.o_orderkey)"}]}]}]}]}, "Unique SQL Id": 1915754155, "Planner Runtime": 1}, "explain_analyze_plan": {"Plan": {"Node Type": "Limit", "Startup Cost": 3874068.21, "Total Cost": 3874068.46, "Plan Rows": 100, "Plan Width": 67, "Actual Startup Time": 78667.563, "Actual Total Time": 78667.58, "Actual Rows": 84, "Actual Loops": 1, "Plans": [{"Node Type": "Sort", "Parent Relationship": "Outer", "Startup Cost": 3874068.21, "Total Cost": 3874384.02, "Plan Rows": 100, "Plan Width": 67, "Actual Startup Time": 78667.561, "Actual Total Time": 78667.57, "Actual Rows": 84, "Actual Loops": 1, "Sort Key": ["orders.o_totalprice DESC", "orders.o_orderdate"], "Sort Method": "quicksort", "Sort Space Used": 38, "Sort Space Type": "Memory", "Plans": [{"Node Type": "Aggregate", "Strategy": "Hashed", "Parent Relationship": "Outer", "Startup Cost": 3867977.11, "Total Cost": 3869240.32, "Plan Rows": 126321, "Plan Width": 67, "Actual Startup Time": 78666.912, "Actual Total Time": 78667.456, "Actual Rows": 84, "Actual Loops": 1, "Group By Key": ["orders.o_totalprice", "orders.o_orderdate", "customer.c_name", "customer.c_custkey", "orders.o_orderkey"], "Plans": [{"Node Type": "Nested Loop", "Parent Relationship": "Outer", "Join Type": "Inner", "Startup Cost": 3540088.91, "Total Cost": 3866082.29, "Plan Rows": 126321, "Plan Width": 59, "Actual Startup Time": 71346.529, "Actual Total Time": 78665.231, "Actual Rows": 588, "Actual Loops": 1, "Inner Unique": false, "Plans": [{"Node Type": "Nested Loop", "Parent Relationship": "Outer", "Join Type": "Inner", "Startup Cost": 3540088.91, "Total Cost": 3852738.51, "Plan Rows": 13913, "Plan Width": 59, "Actual Startup Time": 71346.496, "Actual Total Time": 78662.632, "Actual Rows": 84, "Actual Loops": 1, "Inner Unique": true, "Plans": [{"Node Type": "Nested Loop", "Parent Relationship": "Outer", "Join Type": "Inner", "Startup Cost": 3540088.91, "Total Cost": 3843115.38, "Plan Rows": 33034, "Plan Width": 40, "Actual Startup Time": 71346.464, "Actual Total Time": 78660.834, "Actual Rows": 84, "Actual Loops": 1, "Inner Unique": true, "Plans": [{"Node Type": "Aggregate", "Strategy": "Hashed", "Parent Relationship": "Outer", "Startup Cost": 3540088.91, "Total Cost": 3606239.52, "Plan Rows": 33034, "Plan Width": 24, "Actual Startup Time": 71346.402, "Actual Total Time": 78640.855, "Actual Rows": 84, "Actual Loops": 1, "Group By Key": ["public.lineitem.l_orderkey"], "Filter": "(sum(public.lineitem.l_quantity) > 314::double precision), (LLVM Optimized, Jit Execute)", "Rows Removed by Filter": 14999916, "Plans": [{"Node Type": "Index Scan", "Parent Relationship": "Outer", "Scan Direction": "Forward", "Index Name": "idx_lineitem_orderkey", "Relation Name": "lineitem", "Alias": "lineitem", "Startup Cost": 0.0, "Total Cost": 3240153.75, "Plan Rows": 59987033, "Plan Width": 16, "Actual Startup Time": 0.07, "Actual Total Time": 42499.927, "Actual Rows": 59986052, "Actual Loops": 1}]}, {"Node Type": "Index Scan", "Parent Relationship": "Inner", "Scan Direction": "Forward", "Index Name": "orders_pkey", "Relation Name": "orders", "Alias": "orders", "Startup Cost": 0.0, "Total Cost": 7.15, "Plan Rows": 1, "Plan Width": 32, "Actual Startup Time": 2.739, "Actual Total Time": 2.739, "Actual Rows": 84, "Actual Loops": 84, "Index Cond": "(o_orderkey = public.lineitem.l_orderkey)", "Rows Removed by Index Recheck": 0}]}, {"Node Type": "Index Scan", "Parent Relationship": "Inner", "Scan Direction": "Forward", "Index Name": "customer_pkey", "Relation Name": "customer", "Alias": "customer", "Startup Cost": 0.0, "Total Cost": 0.28, "Plan Rows": 1, "Plan Width": 27, "Actual Startup Time": 1.301, "Actual Total Time": 1.301, "Actual Rows": 84, "Actual Loops": 84, "Index Cond": "(c_custkey = orders.o_custkey)", "Rows Removed by Index Recheck": 0}]}, {"Node Type": "Index Scan", "Parent Relationship": "Inner", "Scan Direction": "Forward", "Index Name": "idx_lineitem_orderkey", "Relation Name": "lineitem", "Alias": "lineitem", "Startup Cost": 0.0, "Total Cost": 0.87, "Plan Rows": 9, "Plan Width": 16, "Actual Startup Time": 1.627, "Actual Total Time": 2.06, "Actual Rows": 588, "Actual Loops": 84, "Index Cond": "(l_orderkey = orders.o_orderkey)", "Rows Removed by Index Recheck": 0}]}]}]}]}, "Triggers": [], "Planner Runtime": 2.114, "Total Runtime": 78676.91, "Unique SQL Id": 1915754155}}, "(64, '18')": {"explain_plan": {"Plan": {"Node Type": "Limit", "Startup Cost": 2838735.63, "Total Cost": 2838735.88, "Plan Rows": 100, "Plan Width": 67, "Plans": [{"Node Type": "Sort", "Parent Relationship": "Outer", "Startup Cost": 2838735.63, "Total Cost": 2839051.44, "Plan Rows": 100, "Plan Width": 67, "Sort Key": ["orders.o_totalprice DESC", "orders.o_orderdate"], "Plans": [{"Node Type": "Aggregate", "Strategy": "Hashed", "Parent Relationship": "Outer", "Startup Cost": 2832644.53, "Total Cost": 2833907.74, "Plan Rows": 126321, "Plan Width": 67, "Group By Key": ["orders.o_totalprice", "orders.o_orderdate", "customer.c_name", "customer.c_custkey", "orders.o_orderkey"], "Plans": [{"Node Type": "Nested Loop", "Parent Relationship": "Outer", "Join Type": "Inner", "Startup Cost": 2315054.5, "Total Cost": 2830749.71, "Plan Rows": 126321, "Plan Width": 59, "Inner Unique": false, "Plans": [{"Node Type": "Nested Loop", "Parent Relationship": "Outer", "Join Type": "Inner", "Startup Cost": 2315054.12, "Total Cost": 2766973.56, "Plan Rows": 13913, "Plan Width": 59, "Inner Unique": true, "Plans": [{"Node Type": "Nested Loop", "Parent Relationship": "Outer", "Join Type": "Inner", "Startup Cost": 2315053.86, "Total Cost": 2625533.23, "Plan Rows": 33034, "Plan Width": 40, "Inner Unique": true, "Plans": [{"Node Type": "Aggregate", "Strategy": "Hashed", "Parent Relationship": "Outer", "Startup Cost": 2315050.5, "Total Cost": 2381201.11, "Plan Rows": 33034, "Plan Width": 24, "Group By Key": ["public.lineitem.l_orderkey"], "Filter": "(sum(public.lineitem.l_quantity) > 314::double precision), (LLVM Optimized)", "Plans": [{"Node Type": "Seq Scan", "Parent Relationship": "Outer", "Relation Name": "lineitem", "Alias": "lineitem", "Startup Cost": 0.0, "Total Cost": 2015115.33, "Plan Rows": 59987033, "Plan Width": 16}]}, {"Node Type": "Bitmap Heap Scan", "Parent Relationship": "Inner", "Relation Name": "orders", "Alias": "orders", "Startup Cost": 3.36, "Total Cost": 7.38, "Plan Rows": 1, "Plan Width": 32, "Recheck Cond": "(o_orderkey = public.lineitem.l_orderkey)", "Plans": [{"Node Type": "Bitmap Index Scan", "Parent Relationship": "Outer", "Index Name": "orders_pkey", "Startup Cost": 0.0, "Total Cost": 3.36, "Plan Rows": 1, "Plan Width": 0, "Index Cond": "(o_orderkey = public.lineitem.l_orderkey)"}]}]}, {"Node Type": "Bitmap Heap Scan", "Parent Relationship": "Inner", "Relation Name": "customer", "Alias": "customer", "Startup Cost": 0.26, "Total Cost": 4.27, "Plan Rows": 1, "Plan Width": 27, "Recheck Cond": "(c_custkey = orders.o_custkey)", "Plans": [{"Node Type": "Bitmap Index Scan", "Parent Relationship": "Outer", "Index Name": "customer_pkey", "Startup Cost": 0.0, "Total Cost": 0.26, "Plan Rows": 1, "Plan Width": 0, "Index Cond": "(c_custkey = orders.o_custkey)"}]}]}, {"Node Type": "Bitmap Heap Scan", "Parent Relationship": "Inner", "Relation Name": "lineitem", "Alias": "lineitem", "Startup Cost": 0.38, "Total Cost": 4.49, "Plan Rows": 9, "Plan Width": 16, "Recheck Cond": "(l_orderkey = orders.o_orderkey)", "Plans": [{"Node Type": "Bitmap Index Scan", "Parent Relationship": "Outer", "Index Name": "idx_lineitem_orderkey", "Startup Cost": 0.0, "Total Cost": 0.38, "Plan Rows": 9, "Plan Width": 0, "Index Cond": "(l_orderkey = orders.o_orderkey)"}]}]}]}]}]}, "Unique SQL Id": 1915754155, "Planner Runtime": 1}, "explain_analyze_plan": {"Plan": {"Node Type": "Limit", "Startup Cost": 2838735.63, "Total Cost": 2838735.88, "Plan Rows": 100, "Plan Width": 67, "Actual Startup Time": 54754.055, "Actual Total Time": 54754.071, "Actual Rows": 84, "Actual Loops": 1, "Plans": [{"Node Type": "Sort", "Parent Relationship": "Outer", "Startup Cost": 2838735.63, "Total Cost": 2839051.44, "Plan Rows": 100, "Plan Width": 67, "Actual Startup Time": 54754.052, "Actual Total Time": 54754.054, "Actual Rows": 84, "Actual Loops": 1, "Sort Key": ["orders.o_totalprice DESC", "orders.o_orderdate"], "Sort Method": "quicksort", "Sort Space Used": 38, "Sort Space Type": "Memory", "Plans": [{"Node Type": "Aggregate", "Strategy": "Hashed", "Parent Relationship": "Outer", "Startup Cost": 2832644.53, "Total Cost": 2833907.74, "Plan Rows": 126321, "Plan Width": 67, "Actual Startup Time": 54753.66, "Actual Total Time": 54753.955, "Actual Rows": 84, "Actual Loops": 1, "Group By Key": ["orders.o_totalprice", "orders.o_orderdate", "customer.c_name", "customer.c_custkey", "orders.o_orderkey"], "Plans": [{"Node Type": "Nested Loop", "Parent Relationship": "Outer", "Join Type": "Inner", "Startup Cost": 2315054.5, "Total Cost": 2830749.71, "Plan Rows": 126321, "Plan Width": 59, "Actual Startup Time": 48663.634, "Actual Total Time": 54751.757, "Actual Rows": 588, "Actual Loops": 1, "Inner Unique": false, "Plans": [{"Node Type": "Nested Loop", "Parent Relationship": "Outer", "Join Type": "Inner", "Startup Cost": 2315054.12, "Total Cost": 2766973.56, "Plan Rows": 13913, "Plan Width": 59, "Actual Startup Time": 48663.602, "Actual Total Time": 54749.126, "Actual Rows": 84, "Actual Loops": 1, "Inner Unique": true, "Plans": [{"Node Type": "Nested Loop", "Parent Relationship": "Outer", "Join Type": "Inner", "Startup Cost": 2315053.86, "Total Cost": 2625533.23, "Plan Rows": 33034, "Plan Width": 40, "Actual Startup Time": 48663.569, "Actual Total Time": 54747.452, "Actual Rows": 84, "Actual Loops": 1, "Inner Unique": true, "Plans": [{"Node Type": "Aggregate", "Strategy": "Hashed", "Parent Relationship": "Outer", "Startup Cost": 2315050.5, "Total Cost": 2381201.11, "Plan Rows": 33034, "Plan Width": 24, "Actual Startup Time": 48663.443, "Actual Total Time": 54727.462, "Actual Rows": 84, "Actual Loops": 1, "Group By Key": ["public.lineitem.l_orderkey"], "Filter": "(sum(public.lineitem.l_quantity) > 314::double precision), (LLVM Optimized, Jit Execute)", "Rows Removed by Filter": 14999916, "Plans": [{"Node Type": "Seq Scan", "Parent Relationship": "Outer", "Relation Name": "lineitem", "Alias": "lineitem", "Startup Cost": 0.0, "Total Cost": 2015115.33, "Plan Rows": 59987033, "Plan Width": 16, "Actual Startup Time": 0.048, "Actual Total Time": 20601.114, "Actual Rows": 59986052, "Actual Loops": 1}]}, {"Node Type": "Bitmap Heap Scan", "Parent Relationship": "Inner", "Relation Name": "orders", "Alias": "orders", "Startup Cost": 3.36, "Total Cost": 7.38, "Plan Rows": 1, "Plan Width": 32, "Actual Startup Time": 3.658, "Actual Total Time": 3.658, "Actual Rows": 84, "Actual Loops": 84, "Recheck Cond": "(o_orderkey = public.lineitem.l_orderkey)", "Rows Removed by Index Recheck": 0, "Exact Heap Blocks": 84, "Lossy Heap Blocks": 84, "Plans": [{"Node Type": "Bitmap Index Scan", "Parent Relationship": "Outer", "Index Name": "orders_pkey", "Startup Cost": 0.0, "Total Cost": 3.36, "Plan Rows": 1, "Plan Width": 0, "Actual Startup Time": 2.38, "Actual Total Time": 2.38, "Actual Rows": 84, "Actual Loops": 84, "Index Cond": "(o_orderkey = public.lineitem.l_orderkey)"}]}]}, {"Node Type": "Bitmap Heap Scan", "Parent Relationship": "Inner", "Relation Name": "customer", "Alias": "customer", "Startup Cost": 0.26, "Total Cost": 4.27, "Plan Rows": 1, "Plan Width": 27, "Actual Startup Time": 1.153, "Actual Total Time": 1.153, "Actual Rows": 84, "Actual Loops": 84, "Recheck Cond": "(c_custkey = orders.o_custkey)", "Rows Removed by Index Recheck": 0, "Exact Heap Blocks": 84, "Lossy Heap Blocks": 84, "Plans": [{"Node Type": "Bitmap Index Scan", "Parent Relationship": "Outer", "Index Name": "customer_pkey", "Startup Cost": 0.0, "Total Cost": 0.26, "Plan Rows": 1, "Plan Width": 0, "Actual Startup Time": 0.714, "Actual Total Time": 0.714, "Actual Rows": 84, "Actual Loops": 84, "Index Cond": "(c_custkey = orders.o_custkey)"}]}]}, {"Node Type": "Bitmap Heap Scan", "Parent Relationship": "Inner", "Relation Name": "lineitem", "Alias": "lineitem", "Startup Cost": 0.38, "Total Cost": 4.49, "Plan Rows": 9, "Plan Width": 16, "Actual Startup Time": 1.807, "Actual Total Time": 1.975, "Actual Rows": 588, "Actual Loops": 84, "Recheck Cond": "(l_orderkey = orders.o_orderkey)", "Rows Removed by Index Recheck": 0, "Exact Heap Blocks": 96, "Lossy Heap Blocks": 96, "Plans": [{"Node Type": "Bitmap Index Scan", "Parent Relationship": "Outer", "Index Name": "idx_lineitem_orderkey", "Startup Cost": 0.0, "Total Cost": 0.38, "Plan Rows": 9, "Plan Width": 0, "Actual Startup Time": 1.109, "Actual Total Time": 1.109, "Actual Rows": 588, "Actual Loops": 84, "Index Cond": "(l_orderkey = orders.o_orderkey)"}]}]}]}]}]}, "Triggers": [], "Planner Runtime": 1.901, "Total Runtime": 54763.284, "Unique SQL Id": 1915754155}}, "(64, '19')": {"explain_plan": {"Plan": {"Node Type": "Limit", "Startup Cost": 1000324838994.8, "Total Cost": 1000324838995.05, "Plan Rows": 100, "Plan Width": 67, "Plans": [{"Node Type": "Sort", "Parent Relationship": "Outer", "Startup Cost": 1000324838994.8, "Total Cost": 1000324839310.61, "Plan Rows": 100, "Plan Width": 67, "Sort Key": ["orders.o_totalprice DESC", "orders.o_orderdate"], "Plans": [{"Node Type": "Aggregate", "Strategy": "Hashed", "Parent Relationship": "Outer", "Startup Cost": 1000324832903.7, "Total Cost": 1000324834166.91, "Plan Rows": 126321, "Plan Width": 67, "Group By Key": ["orders.o_totalprice", "orders.o_orderdate", "customer.c_name", "customer.c_custkey", "orders.o_orderkey"], "Plans": [{"Node Type": "Nested Loop", "Parent Relationship": "Outer", "Join Type": "Inner", "Startup Cost": 1000324315313.67, "Total Cost": 1000324831008.88, "Plan Rows": 126321, "Plan Width": 59, "Inner Unique": false, "Plans": [{"Node Type": "Nested Loop", "Parent Relationship": "Outer", "Join Type": "Inner", "Startup Cost": 1000324315313.29, "Total Cost": 1000324767232.73, "Plan Rows": 13913, "Plan Width": 59, "Inner Unique": true, "Plans": [{"Node Type": "Nested Loop", "Parent Relationship": "Outer", "Join Type": "Inner", "Startup Cost": 1000324315313.03, "Total Cost": 1000324625792.4, "Plan Rows": 33034, "Plan Width": 40, "Inner Unique": true, "Plans": [{"Node Type": "Aggregate", "Strategy": "Hashed", "Parent Relationship": "Outer", "Startup Cost": 1000324315309.67, "Total Cost": 1000324381460.28, "Plan Rows": 33034, "Plan Width": 24, "Group By Key": ["public.lineitem.l_orderkey"], "Filter": "(sum(public.lineitem.l_quantity) > 314::double precision), (LLVM Optimized)", "Plans": [{"Node Type": "Index Scan", "Parent Relationship": "Outer", "Scan Direction": "Forward", "Index Name": "idx_lineitem_orderkey", "Relation Name": "lineitem", "Alias": "lineitem", "Startup Cost": 10000000000.0, "Total Cost": 1000324015374.5, "Plan Rows": 59987033, "Plan Width": 16}]}, {"Node Type": "Bitmap Heap Scan", "Parent Relationship": "Inner", "Relation Name": "orders", "Alias": "orders", "Startup Cost": 3.36, "Total Cost": 7.38, "Plan Rows": 1, "Plan Width": 32, "Recheck Cond": "(o_orderkey = public.lineitem.l_orderkey)", "Plans": [{"Node Type": "Bitmap Index Scan", "Parent Relationship": "Outer", "Index Name": "orders_pkey", "Startup Cost": 0.0, "Total Cost": 3.36, "Plan Rows": 1, "Plan Width": 0, "Index Cond": "(o_orderkey = public.lineitem.l_orderkey)"}]}]}, {"Node Type": "Bitmap Heap Scan", "Parent Relationship": "Inner", "Relation Name": "customer", "Alias": "customer", "Startup Cost": 0.26, "Total Cost": 4.27, "Plan Rows": 1, "Plan Width": 27, "Recheck Cond": "(c_custkey = orders.o_custkey)", "Plans": [{"Node Type": "Bitmap Index Scan", "Parent Relationship": "Outer", "Index Name": "customer_pkey", "Startup Cost": 0.0, "Total Cost": 0.26, "Plan Rows": 1, "Plan Width": 0, "Index Cond": "(c_custkey = orders.o_custkey)"}]}]}, {"Node Type": "Bitmap Heap Scan", "Parent Relationship": "Inner", "Relation Name": "lineitem", "Alias": "lineitem", "Startup Cost": 0.38, "Total Cost": 4.49, "Plan Rows": 9, "Plan Width": 16, "Recheck Cond": "(l_orderkey = orders.o_orderkey)", "Plans": [{"Node Type": "Bitmap Index Scan", "Parent Relationship": "Outer", "Index Name": "idx_lineitem_orderkey", "Startup Cost": 0.0, "Total Cost": 0.38, "Plan Rows": 9, "Plan Width": 0, "Index Cond": "(l_orderkey = orders.o_orderkey)"}]}]}]}]}]}, "Unique SQL Id": 1915754155, "Planner Runtime": 2}, "explain_analyze_plan": {"Plan": {"Node Type": "Limit", "Startup Cost": 1000324838994.8, "Total Cost": 1000324838995.05, "Plan Rows": 100, "Plan Width": 67, "Actual Startup Time": 80249.492, "Actual Total Time": 80249.51, "Actual Rows": 84, "Actual Loops": 1, "Plans": [{"Node Type": "Sort", "Parent Relationship": "Outer", "Startup Cost": 1000324838994.8, "Total Cost": 1000324839310.61, "Plan Rows": 100, "Plan Width": 67, "Actual Startup Time": 80249.49, "Actual Total Time": 80249.501, "Actual Rows": 84, "Actual Loops": 1, "Sort Key": ["orders.o_totalprice DESC", "orders.o_orderdate"], "Sort Method": "quicksort", "Sort Space Used": 38, "Sort Space Type": "Memory", "Plans": [{"Node Type": "Aggregate", "Strategy": "Hashed", "Parent Relationship": "Outer", "Startup Cost": 1000324832903.7, "Total Cost": 1000324834166.91, "Plan Rows": 126321, "Plan Width": 67, "Actual Startup Time": 80249.1, "Actual Total Time": 80249.389, "Actual Rows": 84, "Actual Loops": 1, "Group By Key": ["orders.o_totalprice", "orders.o_orderdate", "customer.c_name", "customer.c_custkey", "orders.o_orderkey"], "Plans": [{"Node Type": "Nested Loop", "Parent Relationship": "Outer", "Join Type": "Inner", "Startup Cost": 1000324315313.67, "Total Cost": 1000324831008.88, "Plan Rows": 126321, "Plan Width": 59, "Actual Startup Time": 73111.745, "Actual Total Time": 80247.199, "Actual Rows": 588, "Actual Loops": 1, "Inner Unique": false, "Plans": [{"Node Type": "Nested Loop", "Parent Relationship": "Outer", "Join Type": "Inner", "Startup Cost": 1000324315313.29, "Total Cost": 1000324767232.73, "Plan Rows": 13913, "Plan Width": 59, "Actual Startup Time": 73111.701, "Actual Total Time": 80244.173, "Actual Rows": 84, "Actual Loops": 1, "Inner Unique": true, "Plans": [{"Node Type": "Nested Loop", "Parent Relationship": "Outer", "Join Type": "Inner", "Startup Cost": 1000324315313.03, "Total Cost": 1000324625792.4, "Plan Rows": 33034, "Plan Width": 40, "Actual Startup Time": 73111.642, "Actual Total Time": 80242.091, "Actual Rows": 84, "Actual Loops": 1, "Inner Unique": true, "Plans": [{"Node Type": "Aggregate", "Strategy": "Hashed", "Parent Relationship": "Outer", "Startup Cost": 1000324315309.67, "Total Cost": 1000324381460.28, "Plan Rows": 33034, "Plan Width": 24, "Actual Startup Time": 73111.524, "Actual Total Time": 80223.033, "Actual Rows": 84, "Actual Loops": 1, "Group By Key": ["public.lineitem.l_orderkey"], "Filter": "(sum(public.lineitem.l_quantity) > 314::double precision), (LLVM Optimized, Jit Execute)", "Rows Removed by Filter": 14999916, "Plans": [{"Node Type": "Index Scan", "Parent Relationship": "Outer", "Scan Direction": "Forward", "Index Name": "idx_lineitem_orderkey", "Relation Name": "lineitem", "Alias": "lineitem", "Startup Cost": 10000000000.0, "Total Cost": 1000324015374.5, "Plan Rows": 59987033, "Plan Width": 16, "Actual Startup Time": 0.063, "Actual Total Time": 44361.768, "Actual Rows": 59986052, "Actual Loops": 1}]}, {"Node Type": "Bitmap Heap Scan", "Parent Relationship": "Inner", "Relation Name": "orders", "Alias": "orders", "Startup Cost": 3.36, "Total Cost": 7.38, "Plan Rows": 1, "Plan Width": 32, "Actual Startup Time": 3.64, "Actual Total Time": 3.64, "Actual Rows": 84, "Actual Loops": 84, "Recheck Cond": "(o_orderkey = public.lineitem.l_orderkey)", "Rows Removed by Index Recheck": 0, "Exact Heap Blocks": 84, "Lossy Heap Blocks": 84, "Plans": [{"Node Type": "Bitmap Index Scan", "Parent Relationship": "Outer", "Index Name": "orders_pkey", "Startup Cost": 0.0, "Total Cost": 3.36, "Plan Rows": 1, "Plan Width": 0, "Actual Startup Time": 2.402, "Actual Total Time": 2.402, "Actual Rows": 84, "Actual Loops": 84, "Index Cond": "(o_orderkey = public.lineitem.l_orderkey)"}]}]}, {"Node Type": "Bitmap Heap Scan", "Parent Relationship": "Inner", "Relation Name": "customer", "Alias": "customer", "Startup Cost": 0.26, "Total Cost": 4.27, "Plan Rows": 1, "Plan Width": 27, "Actual Startup Time": 1.455, "Actual Total Time": 1.455, "Actual Rows": 84, "Actual Loops": 84, "Recheck Cond": "(c_custkey = orders.o_custkey)", "Rows Removed by Index Recheck": 0, "Exact Heap Blocks": 84, "Lossy Heap Blocks": 84, "Plans": [{"Node Type": "Bitmap Index Scan", "Parent Relationship": "Outer", "Index Name": "customer_pkey", "Startup Cost": 0.0, "Total Cost": 0.26, "Plan Rows": 1, "Plan Width": 0, "Actual Startup Time": 0.897, "Actual Total Time": 0.897, "Actual Rows": 84, "Actual Loops": 84, "Index Cond": "(c_custkey = orders.o_custkey)"}]}]}, {"Node Type": "Bitmap Heap Scan", "Parent Relationship": "Inner", "Relation Name": "lineitem", "Alias": "lineitem", "Startup Cost": 0.38, "Total Cost": 4.49, "Plan Rows": 9, "Plan Width": 16, "Actual Startup Time": 2.054, "Actual Total Time": 2.216, "Actual Rows": 588, "Actual Loops": 84, "Recheck Cond": "(l_orderkey = orders.o_orderkey)", "Rows Removed by Index Recheck": 0, "Exact Heap Blocks": 96, "Lossy Heap Blocks": 96, "Plans": [{"Node Type": "Bitmap Index Scan", "Parent Relationship": "Outer", "Index Name": "idx_lineitem_orderkey", "Startup Cost": 0.0, "Total Cost": 0.38, "Plan Rows": 9, "Plan Width": 0, "Actual Startup Time": 1.268, "Actual Total Time": 1.268, "Actual Rows": 588, "Actual Loops": 84, "Index Cond": "(l_orderkey = orders.o_orderkey)"}]}]}]}]}]}, "Triggers": [], "Planner Runtime": 1.823, "Total Runtime": 80258.843, "Unique SQL Id": 1915754155}}, "(64, '20')": {"explain_plan": {"Plan": {"Node Type": "Limit", "Startup Cost": 2649029.8, "Total Cost": 2649030.05, "Plan Rows": 100, "Plan Width": 67, "Plans": [{"Node Type": "Sort", "Parent Relationship": "Outer", "Startup Cost": 2649029.8, "Total Cost": 2649345.6, "Plan Rows": 100, "Plan Width": 67, "Sort Key": ["orders.o_totalprice DESC", "orders.o_orderdate"], "Plans": [{"Node Type": "Aggregate", "Strategy": "Hashed", "Parent Relationship": "Outer", "Startup Cost": 2642938.69, "Total Cost": 2644201.9, "Plan Rows": 126321, "Plan Width": 67, "Group By Key": ["orders.o_totalprice", "orders.o_orderdate", "customer.c_name", "customer.c_custkey", "orders.o_orderkey"], "Plans": [{"Node Type": "Nested Loop", "Parent Relationship": "Outer", "Join Type": "Inner", "Startup Cost": 2315050.5, "Total Cost": 2641043.88, "Plan Rows": 126321, "Plan Width": 59, "Inner Unique": false, "Plans": [{"Node Type": "Nested Loop", "Parent Relationship": "Outer", "Join Type": "Inner", "Startup Cost": 2315050.5, "Total Cost": 2627700.1, "Plan Rows": 13913, "Plan Width": 59, "Inner Unique": true, "Plans": [{"Node Type": "Nested Loop", "Parent Relationship": "Outer", "Join Type": "Inner", "Startup Cost": 2315050.5, "Total Cost": 2618076.97, "Plan Rows": 33034, "Plan Width": 40, "Inner Unique": true, "Plans": [{"Node Type": "Aggregate", "Strategy": "Hashed", "Parent Relationship": "Outer", "Startup Cost": 2315050.5, "Total Cost": 2381201.11, "Plan Rows": 33034, "Plan Width": 24, "Group By Key": ["public.lineitem.l_orderkey"], "Filter": "(sum(public.lineitem.l_quantity) > 314::double precision), (LLVM Optimized)", "Plans": [{"Node Type": "Seq Scan", "Parent Relationship": "Outer", "Relation Name": "lineitem", "Alias": "lineitem", "Startup Cost": 0.0, "Total Cost": 2015115.33, "Plan Rows": 59987033, "Plan Width": 16}]}, {"Node Type": "Index Scan", "Parent Relationship": "Inner", "Scan Direction": "Forward", "Index Name": "orders_pkey", "Relation Name": "orders", "Alias": "orders", "Startup Cost": 0.0, "Total Cost": 7.15, "Plan Rows": 1, "Plan Width": 32, "Index Cond": "(o_orderkey = public.lineitem.l_orderkey)"}]}, {"Node Type": "Index Scan", "Parent Relationship": "Inner", "Scan Direction": "Forward", "Index Name": "customer_pkey", "Relation Name": "customer", "Alias": "customer", "Startup Cost": 0.0, "Total Cost": 0.28, "Plan Rows": 1, "Plan Width": 27, "Index Cond": "(c_custkey = orders.o_custkey)"}]}, {"Node Type": "Index Scan", "Parent Relationship": "Inner", "Scan Direction": "Forward", "Index Name": "idx_lineitem_orderkey", "Relation Name": "lineitem", "Alias": "lineitem", "Startup Cost": 0.0, "Total Cost": 0.87, "Plan Rows": 9, "Plan Width": 16, "Index Cond": "(l_orderkey = orders.o_orderkey)"}]}]}]}]}, "Unique SQL Id": 1915754155, "Planner Runtime": 1}, "explain_analyze_plan": {"Plan": {"Node Type": "Limit", "Startup Cost": 2649029.8, "Total Cost": 2649030.05, "Plan Rows": 100, "Plan Width": 67, "Actual Startup Time": 54861.493, "Actual Total Time": 54861.508, "Actual Rows": 84, "Actual Loops": 1, "Plans": [{"Node Type": "Sort", "Parent Relationship": "Outer", "Startup Cost": 2649029.8, "Total Cost": 2649345.6, "Plan Rows": 100, "Plan Width": 67, "Actual Startup Time": 54861.49, "Actual Total Time": 54861.494, "Actual Rows": 84, "Actual Loops": 1, "Sort Key": ["orders.o_totalprice DESC", "orders.o_orderdate"], "Sort Method": "quicksort", "Sort Space Used": 38, "Sort Space Type": "Memory", "Plans": [{"Node Type": "Aggregate", "Strategy": "Hashed", "Parent Relationship": "Outer", "Startup Cost": 2642938.69, "Total Cost": 2644201.9, "Plan Rows": 126321, "Plan Width": 67, "Actual Startup Time": 54860.881, "Actual Total Time": 54861.367, "Actual Rows": 84, "Actual Loops": 1, "Group By Key": ["orders.o_totalprice", "orders.o_orderdate", "customer.c_name", "customer.c_custkey", "orders.o_orderkey"], "Plans": [{"Node Type": "Nested Loop", "Parent Relationship": "Outer", "Join Type": "Inner", "Startup Cost": 2315050.5, "Total Cost": 2641043.88, "Plan Rows": 126321, "Plan Width": 59, "Actual Startup Time": 49072.337, "Actual Total Time": 54858.992, "Actual Rows": 588, "Actual Loops": 1, "Inner Unique": false, "Plans": [{"Node Type": "Nested Loop", "Parent Relationship": "Outer", "Join Type": "Inner", "Startup Cost": 2315050.5, "Total Cost": 2627700.1, "Plan Rows": 13913, "Plan Width": 59, "Actual Startup Time": 49072.315, "Actual Total Time": 54856.844, "Actual Rows": 84, "Actual Loops": 1, "Inner Unique": true, "Plans": [{"Node Type": "Nested Loop", "Parent Relationship": "Outer", "Join Type": "Inner", "Startup Cost": 2315050.5, "Total Cost": 2618076.97, "Plan Rows": 33034, "Plan Width": 40, "Actual Startup Time": 49072.296, "Actual Total Time": 54855.643, "Actual Rows": 84, "Actual Loops": 1, "Inner Unique": true, "Plans": [{"Node Type": "Aggregate", "Strategy": "Hashed", "Parent Relationship": "Outer", "Startup Cost": 2315050.5, "Total Cost": 2381201.11, "Plan Rows": 33034, "Plan Width": 24, "Actual Startup Time": 49072.224, "Actual Total Time": 54835.622, "Actual Rows": 84, "Actual Loops": 1, "Group By Key": ["public.lineitem.l_orderkey"], "Filter": "(sum(public.lineitem.l_quantity) > 314::double precision), (LLVM Optimized, Jit Execute)", "Rows Removed by Filter": 14999916, "Plans": [{"Node Type": "Seq Scan", "Parent Relationship": "Outer", "Relation Name": "lineitem", "Alias": "lineitem", "Startup Cost": 0.0, "Total Cost": 2015115.33, "Plan Rows": 59987033, "Plan Width": 16, "Actual Startup Time": 0.051, "Actual Total Time": 20660.278, "Actual Rows": 59986052, "Actual Loops": 1}]}, {"Node Type": "Index Scan", "Parent Relationship": "Inner", "Scan Direction": "Forward", "Index Name": "orders_pkey", "Relation Name": "orders", "Alias": "orders", "Startup Cost": 0.0, "Total Cost": 7.15, "Plan Rows": 1, "Plan Width": 32, "Actual Startup Time": 2.649, "Actual Total Time": 2.649, "Actual Rows": 84, "Actual Loops": 84, "Index Cond": "(o_orderkey = public.lineitem.l_orderkey)", "Rows Removed by Index Recheck": 0}]}, {"Node Type": "Index Scan", "Parent Relationship": "Inner", "Scan Direction": "Forward", "Index Name": "customer_pkey", "Relation Name": "customer", "Alias": "customer", "Startup Cost": 0.0, "Total Cost": 0.28, "Plan Rows": 1, "Plan Width": 27, "Actual Startup Time": 0.851, "Actual Total Time": 0.851, "Actual Rows": 84, "Actual Loops": 84, "Index Cond": "(c_custkey = orders.o_custkey)", "Rows Removed by Index Recheck": 0}]}, {"Node Type": "Index Scan", "Parent Relationship": "Inner", "Scan Direction": "Forward", "Index Name": "idx_lineitem_orderkey", "Relation Name": "lineitem", "Alias": "lineitem", "Startup Cost": 0.0, "Total Cost": 0.87, "Plan Rows": 9, "Plan Width": 16, "Actual Startup Time": 1.215, "Actual Total Time": 1.721, "Actual Rows": 588, "Actual Loops": 84, "Index Cond": "(l_orderkey = orders.o_orderkey)", "Rows Removed by Index Recheck": 0}]}]}]}]}, "Triggers": [], "Planner Runtime": 2.136, "Total Runtime": 54871.674, "Unique SQL Id": 1915754155}}, "(64, '21')": {"explain_plan": {"Plan": {"Node Type": "Limit", "Startup Cost": 3874068.21, "Total Cost": 3874068.46, "Plan Rows": 100, "Plan Width": 67, "Plans": [{"Node Type": "Sort", "Parent Relationship": "Outer", "Startup Cost": 3874068.21, "Total Cost": 3874384.02, "Plan Rows": 100, "Plan Width": 67, "Sort Key": ["orders.o_totalprice DESC", "orders.o_orderdate"], "Plans": [{"Node Type": "Aggregate", "Strategy": "Hashed", "Parent Relationship": "Outer", "Startup Cost": 3867977.11, "Total Cost": 3869240.32, "Plan Rows": 126321, "Plan Width": 67, "Group By Key": ["orders.o_totalprice", "orders.o_orderdate", "customer.c_name", "customer.c_custkey", "orders.o_orderkey"], "Plans": [{"Node Type": "Nested Loop", "Parent Relationship": "Outer", "Join Type": "Inner", "Startup Cost": 3540088.91, "Total Cost": 3866082.29, "Plan Rows": 126321, "Plan Width": 59, "Inner Unique": false, "Plans": [{"Node Type": "Nested Loop", "Parent Relationship": "Outer", "Join Type": "Inner", "Startup Cost": 3540088.91, "Total Cost": 3852738.51, "Plan Rows": 13913, "Plan Width": 59, "Inner Unique": true, "Plans": [{"Node Type": "Nested Loop", "Parent Relationship": "Outer", "Join Type": "Inner", "Startup Cost": 3540088.91, "Total Cost": 3843115.38, "Plan Rows": 33034, "Plan Width": 40, "Inner Unique": true, "Plans": [{"Node Type": "Aggregate", "Strategy": "Hashed", "Parent Relationship": "Outer", "Startup Cost": 3540088.91, "Total Cost": 3606239.52, "Plan Rows": 33034, "Plan Width": 24, "Group By Key": ["public.lineitem.l_orderkey"], "Filter": "(sum(public.lineitem.l_quantity) > 314::double precision), (LLVM Optimized)", "Plans": [{"Node Type": "Index Scan", "Parent Relationship": "Outer", "Scan Direction": "Forward", "Index Name": "idx_lineitem_orderkey", "Relation Name": "lineitem", "Alias": "lineitem", "Startup Cost": 0.0, "Total Cost": 3240153.75, "Plan Rows": 59987033, "Plan Width": 16}]}, {"Node Type": "Index Scan", "Parent Relationship": "Inner", "Scan Direction": "Forward", "Index Name": "orders_pkey", "Relation Name": "orders", "Alias": "orders", "Startup Cost": 0.0, "Total Cost": 7.15, "Plan Rows": 1, "Plan Width": 32, "Index Cond": "(o_orderkey = public.lineitem.l_orderkey)"}]}, {"Node Type": "Index Scan", "Parent Relationship": "Inner", "Scan Direction": "Forward", "Index Name": "customer_pkey", "Relation Name": "customer", "Alias": "customer", "Startup Cost": 0.0, "Total Cost": 0.28, "Plan Rows": 1, "Plan Width": 27, "Index Cond": "(c_custkey = orders.o_custkey)"}]}, {"Node Type": "Index Scan", "Parent Relationship": "Inner", "Scan Direction": "Forward", "Index Name": "idx_lineitem_orderkey", "Relation Name": "lineitem", "Alias": "lineitem", "Startup Cost": 0.0, "Total Cost": 0.87, "Plan Rows": 9, "Plan Width": 16, "Index Cond": "(l_orderkey = orders.o_orderkey)"}]}]}]}]}, "Unique SQL Id": 1915754155, "Planner Runtime": 1}, "explain_analyze_plan": {"Plan": {"Node Type": "Limit", "Startup Cost": 3874068.21, "Total Cost": 3874068.46, "Plan Rows": 100, "Plan Width": 67, "Actual Startup Time": 78667.563, "Actual Total Time": 78667.58, "Actual Rows": 84, "Actual Loops": 1, "Plans": [{"Node Type": "Sort", "Parent Relationship": "Outer", "Startup Cost": 3874068.21, "Total Cost": 3874384.02, "Plan Rows": 100, "Plan Width": 67, "Actual Startup Time": 78667.561, "Actual Total Time": 78667.57, "Actual Rows": 84, "Actual Loops": 1, "Sort Key": ["orders.o_totalprice DESC", "orders.o_orderdate"], "Sort Method": "quicksort", "Sort Space Used": 38, "Sort Space Type": "Memory", "Plans": [{"Node Type": "Aggregate", "Strategy": "Hashed", "Parent Relationship": "Outer", "Startup Cost": 3867977.11, "Total Cost": 3869240.32, "Plan Rows": 126321, "Plan Width": 67, "Actual Startup Time": 78666.912, "Actual Total Time": 78667.456, "Actual Rows": 84, "Actual Loops": 1, "Group By Key": ["orders.o_totalprice", "orders.o_orderdate", "customer.c_name", "customer.c_custkey", "orders.o_orderkey"], "Plans": [{"Node Type": "Nested Loop", "Parent Relationship": "Outer", "Join Type": "Inner", "Startup Cost": 3540088.91, "Total Cost": 3866082.29, "Plan Rows": 126321, "Plan Width": 59, "Actual Startup Time": 71346.529, "Actual Total Time": 78665.231, "Actual Rows": 588, "Actual Loops": 1, "Inner Unique": false, "Plans": [{"Node Type": "Nested Loop", "Parent Relationship": "Outer", "Join Type": "Inner", "Startup Cost": 3540088.91, "Total Cost": 3852738.51, "Plan Rows": 13913, "Plan Width": 59, "Actual Startup Time": 71346.496, "Actual Total Time": 78662.632, "Actual Rows": 84, "Actual Loops": 1, "Inner Unique": true, "Plans": [{"Node Type": "Nested Loop", "Parent Relationship": "Outer", "Join Type": "Inner", "Startup Cost": 3540088.91, "Total Cost": 3843115.38, "Plan Rows": 33034, "Plan Width": 40, "Actual Startup Time": 71346.464, "Actual Total Time": 78660.834, "Actual Rows": 84, "Actual Loops": 1, "Inner Unique": true, "Plans": [{"Node Type": "Aggregate", "Strategy": "Hashed", "Parent Relationship": "Outer", "Startup Cost": 3540088.91, "Total Cost": 3606239.52, "Plan Rows": 33034, "Plan Width": 24, "Actual Startup Time": 71346.402, "Actual Total Time": 78640.855, "Actual Rows": 84, "Actual Loops": 1, "Group By Key": ["public.lineitem.l_orderkey"], "Filter": "(sum(public.lineitem.l_quantity) > 314::double precision), (LLVM Optimized, Jit Execute)", "Rows Removed by Filter": 14999916, "Plans": [{"Node Type": "Index Scan", "Parent Relationship": "Outer", "Scan Direction": "Forward", "Index Name": "idx_lineitem_orderkey", "Relation Name": "lineitem", "Alias": "lineitem", "Startup Cost": 0.0, "Total Cost": 3240153.75, "Plan Rows": 59987033, "Plan Width": 16, "Actual Startup Time": 0.07, "Actual Total Time": 42499.927, "Actual Rows": 59986052, "Actual Loops": 1}]}, {"Node Type": "Index Scan", "Parent Relationship": "Inner", "Scan Direction": "Forward", "Index Name": "orders_pkey", "Relation Name": "orders", "Alias": "orders", "Startup Cost": 0.0, "Total Cost": 7.15, "Plan Rows": 1, "Plan Width": 32, "Actual Startup Time": 2.739, "Actual Total Time": 2.739, "Actual Rows": 84, "Actual Loops": 84, "Index Cond": "(o_orderkey = public.lineitem.l_orderkey)", "Rows Removed by Index Recheck": 0}]}, {"Node Type": "Index Scan", "Parent Relationship": "Inner", "Scan Direction": "Forward", "Index Name": "customer_pkey", "Relation Name": "customer", "Alias": "customer", "Startup Cost": 0.0, "Total Cost": 0.28, "Plan Rows": 1, "Plan Width": 27, "Actual Startup Time": 1.301, "Actual Total Time": 1.301, "Actual Rows": 84, "Actual Loops": 84, "Index Cond": "(c_custkey = orders.o_custkey)", "Rows Removed by Index Recheck": 0}]}, {"Node Type": "Index Scan", "Parent Relationship": "Inner", "Scan Direction": "Forward", "Index Name": "idx_lineitem_orderkey", "Relation Name": "lineitem", "Alias": "lineitem", "Startup Cost": 0.0, "Total Cost": 0.87, "Plan Rows": 9, "Plan Width": 16, "Actual Startup Time": 1.627, "Actual Total Time": 2.06, "Actual Rows": 588, "Actual Loops": 84, "Index Cond": "(l_orderkey = orders.o_orderkey)", "Rows Removed by Index Recheck": 0}]}]}]}]}, "Triggers": [], "Planner Runtime": 2.114, "Total Runtime": 78676.91, "Unique SQL Id": 1915754155}}, "(64, '22')": {"explain_plan": {"Plan": {"Node Type": "Limit", "Startup Cost": 2838735.63, "Total Cost": 2838735.88, "Plan Rows": 100, "Plan Width": 67, "Plans": [{"Node Type": "Sort", "Parent Relationship": "Outer", "Startup Cost": 2838735.63, "Total Cost": 2839051.44, "Plan Rows": 100, "Plan Width": 67, "Sort Key": ["orders.o_totalprice DESC", "orders.o_orderdate"], "Plans": [{"Node Type": "Aggregate", "Strategy": "Hashed", "Parent Relationship": "Outer", "Startup Cost": 2832644.53, "Total Cost": 2833907.74, "Plan Rows": 126321, "Plan Width": 67, "Group By Key": ["orders.o_totalprice", "orders.o_orderdate", "customer.c_name", "customer.c_custkey", "orders.o_orderkey"], "Plans": [{"Node Type": "Nested Loop", "Parent Relationship": "Outer", "Join Type": "Inner", "Startup Cost": 2315054.5, "Total Cost": 2830749.71, "Plan Rows": 126321, "Plan Width": 59, "Inner Unique": false, "Plans": [{"Node Type": "Nested Loop", "Parent Relationship": "Outer", "Join Type": "Inner", "Startup Cost": 2315054.12, "Total Cost": 2766973.56, "Plan Rows": 13913, "Plan Width": 59, "Inner Unique": true, "Plans": [{"Node Type": "Nested Loop", "Parent Relationship": "Outer", "Join Type": "Inner", "Startup Cost": 2315053.86, "Total Cost": 2625533.23, "Plan Rows": 33034, "Plan Width": 40, "Inner Unique": true, "Plans": [{"Node Type": "Aggregate", "Strategy": "Hashed", "Parent Relationship": "Outer", "Startup Cost": 2315050.5, "Total Cost": 2381201.11, "Plan Rows": 33034, "Plan Width": 24, "Group By Key": ["public.lineitem.l_orderkey"], "Filter": "(sum(public.lineitem.l_quantity) > 314::double precision), (LLVM Optimized)", "Plans": [{"Node Type": "Seq Scan", "Parent Relationship": "Outer", "Relation Name": "lineitem", "Alias": "lineitem", "Startup Cost": 0.0, "Total Cost": 2015115.33, "Plan Rows": 59987033, "Plan Width": 16}]}, {"Node Type": "Bitmap Heap Scan", "Parent Relationship": "Inner", "Relation Name": "orders", "Alias": "orders", "Startup Cost": 3.36, "Total Cost": 7.38, "Plan Rows": 1, "Plan Width": 32, "Recheck Cond": "(o_orderkey = public.lineitem.l_orderkey)", "Plans": [{"Node Type": "Bitmap Index Scan", "Parent Relationship": "Outer", "Index Name": "orders_pkey", "Startup Cost": 0.0, "Total Cost": 3.36, "Plan Rows": 1, "Plan Width": 0, "Index Cond": "(o_orderkey = public.lineitem.l_orderkey)"}]}]}, {"Node Type": "Bitmap Heap Scan", "Parent Relationship": "Inner", "Relation Name": "customer", "Alias": "customer", "Startup Cost": 0.26, "Total Cost": 4.27, "Plan Rows": 1, "Plan Width": 27, "Recheck Cond": "(c_custkey = orders.o_custkey)", "Plans": [{"Node Type": "Bitmap Index Scan", "Parent Relationship": "Outer", "Index Name": "customer_pkey", "Startup Cost": 0.0, "Total Cost": 0.26, "Plan Rows": 1, "Plan Width": 0, "Index Cond": "(c_custkey = orders.o_custkey)"}]}]}, {"Node Type": "Bitmap Heap Scan", "Parent Relationship": "Inner", "Relation Name": "lineitem", "Alias": "lineitem", "Startup Cost": 0.38, "Total Cost": 4.49, "Plan Rows": 9, "Plan Width": 16, "Recheck Cond": "(l_orderkey = orders.o_orderkey)", "Plans": [{"Node Type": "Bitmap Index Scan", "Parent Relationship": "Outer", "Index Name": "idx_lineitem_orderkey", "Startup Cost": 0.0, "Total Cost": 0.38, "Plan Rows": 9, "Plan Width": 0, "Index Cond": "(l_orderkey = orders.o_orderkey)"}]}]}]}]}]}, "Unique SQL Id": 1915754155, "Planner Runtime": 2}, "explain_analyze_plan": {"Plan": {"Node Type": "Limit", "Startup Cost": 2838735.63, "Total Cost": 2838735.88, "Plan Rows": 100, "Plan Width": 67, "Actual Startup Time": 54754.055, "Actual Total Time": 54754.071, "Actual Rows": 84, "Actual Loops": 1, "Plans": [{"Node Type": "Sort", "Parent Relationship": "Outer", "Startup Cost": 2838735.63, "Total Cost": 2839051.44, "Plan Rows": 100, "Plan Width": 67, "Actual Startup Time": 54754.052, "Actual Total Time": 54754.054, "Actual Rows": 84, "Actual Loops": 1, "Sort Key": ["orders.o_totalprice DESC", "orders.o_orderdate"], "Sort Method": "quicksort", "Sort Space Used": 38, "Sort Space Type": "Memory", "Plans": [{"Node Type": "Aggregate", "Strategy": "Hashed", "Parent Relationship": "Outer", "Startup Cost": 2832644.53, "Total Cost": 2833907.74, "Plan Rows": 126321, "Plan Width": 67, "Actual Startup Time": 54753.66, "Actual Total Time": 54753.955, "Actual Rows": 84, "Actual Loops": 1, "Group By Key": ["orders.o_totalprice", "orders.o_orderdate", "customer.c_name", "customer.c_custkey", "orders.o_orderkey"], "Plans": [{"Node Type": "Nested Loop", "Parent Relationship": "Outer", "Join Type": "Inner", "Startup Cost": 2315054.5, "Total Cost": 2830749.71, "Plan Rows": 126321, "Plan Width": 59, "Actual Startup Time": 48663.634, "Actual Total Time": 54751.757, "Actual Rows": 588, "Actual Loops": 1, "Inner Unique": false, "Plans": [{"Node Type": "Nested Loop", "Parent Relationship": "Outer", "Join Type": "Inner", "Startup Cost": 2315054.12, "Total Cost": 2766973.56, "Plan Rows": 13913, "Plan Width": 59, "Actual Startup Time": 48663.602, "Actual Total Time": 54749.126, "Actual Rows": 84, "Actual Loops": 1, "Inner Unique": true, "Plans": [{"Node Type": "Nested Loop", "Parent Relationship": "Outer", "Join Type": "Inner", "Startup Cost": 2315053.86, "Total Cost": 2625533.23, "Plan Rows": 33034, "Plan Width": 40, "Actual Startup Time": 48663.569, "Actual Total Time": 54747.452, "Actual Rows": 84, "Actual Loops": 1, "Inner Unique": true, "Plans": [{"Node Type": "Aggregate", "Strategy": "Hashed", "Parent Relationship": "Outer", "Startup Cost": 2315050.5, "Total Cost": 2381201.11, "Plan Rows": 33034, "Plan Width": 24, "Actual Startup Time": 48663.443, "Actual Total Time": 54727.462, "Actual Rows": 84, "Actual Loops": 1, "Group By Key": ["public.lineitem.l_orderkey"], "Filter": "(sum(public.lineitem.l_quantity) > 314::double precision), (LLVM Optimized, Jit Execute)", "Rows Removed by Filter": 14999916, "Plans": [{"Node Type": "Seq Scan", "Parent Relationship": "Outer", "Relation Name": "lineitem", "Alias": "lineitem", "Startup Cost": 0.0, "Total Cost": 2015115.33, "Plan Rows": 59987033, "Plan Width": 16, "Actual Startup Time": 0.048, "Actual Total Time": 20601.114, "Actual Rows": 59986052, "Actual Loops": 1}]}, {"Node Type": "Bitmap Heap Scan", "Parent Relationship": "Inner", "Relation Name": "orders", "Alias": "orders", "Startup Cost": 3.36, "Total Cost": 7.38, "Plan Rows": 1, "Plan Width": 32, "Actual Startup Time": 3.658, "Actual Total Time": 3.658, "Actual Rows": 84, "Actual Loops": 84, "Recheck Cond": "(o_orderkey = public.lineitem.l_orderkey)", "Rows Removed by Index Recheck": 0, "Exact Heap Blocks": 84, "Lossy Heap Blocks": 84, "Plans": [{"Node Type": "Bitmap Index Scan", "Parent Relationship": "Outer", "Index Name": "orders_pkey", "Startup Cost": 0.0, "Total Cost": 3.36, "Plan Rows": 1, "Plan Width": 0, "Actual Startup Time": 2.38, "Actual Total Time": 2.38, "Actual Rows": 84, "Actual Loops": 84, "Index Cond": "(o_orderkey = public.lineitem.l_orderkey)"}]}]}, {"Node Type": "Bitmap Heap Scan", "Parent Relationship": "Inner", "Relation Name": "customer", "Alias": "customer", "Startup Cost": 0.26, "Total Cost": 4.27, "Plan Rows": 1, "Plan Width": 27, "Actual Startup Time": 1.153, "Actual Total Time": 1.153, "Actual Rows": 84, "Actual Loops": 84, "Recheck Cond": "(c_custkey = orders.o_custkey)", "Rows Removed by Index Recheck": 0, "Exact Heap Blocks": 84, "Lossy Heap Blocks": 84, "Plans": [{"Node Type": "Bitmap Index Scan", "Parent Relationship": "Outer", "Index Name": "customer_pkey", "Startup Cost": 0.0, "Total Cost": 0.26, "Plan Rows": 1, "Plan Width": 0, "Actual Startup Time": 0.714, "Actual Total Time": 0.714, "Actual Rows": 84, "Actual Loops": 84, "Index Cond": "(c_custkey = orders.o_custkey)"}]}]}, {"Node Type": "Bitmap Heap Scan", "Parent Relationship": "Inner", "Relation Name": "lineitem", "Alias": "lineitem", "Startup Cost": 0.38, "Total Cost": 4.49, "Plan Rows": 9, "Plan Width": 16, "Actual Startup Time": 1.807, "Actual Total Time": 1.975, "Actual Rows": 588, "Actual Loops": 84, "Recheck Cond": "(l_orderkey = orders.o_orderkey)", "Rows Removed by Index Recheck": 0, "Exact Heap Blocks": 96, "Lossy Heap Blocks": 96, "Plans": [{"Node Type": "Bitmap Index Scan", "Parent Relationship": "Outer", "Index Name": "idx_lineitem_orderkey", "Startup Cost": 0.0, "Total Cost": 0.38, "Plan Rows": 9, "Plan Width": 0, "Actual Startup Time": 1.109, "Actual Total Time": 1.109, "Actual Rows": 588, "Actual Loops": 84, "Index Cond": "(l_orderkey = orders.o_orderkey)"}]}]}]}]}]}, "Triggers": [], "Planner Runtime": 1.901, "Total Runtime": 54763.284, "Unique SQL Id": 1915754155}}, "(64, '23')": {"explain_plan": {"Plan": {"Node Type": "Limit", "Startup Cost": 1000324838994.8, "Total Cost": 1000324838995.05, "Plan Rows": 100, "Plan Width": 67, "Plans": [{"Node Type": "Sort", "Parent Relationship": "Outer", "Startup Cost": 1000324838994.8, "Total Cost": 1000324839310.61, "Plan Rows": 100, "Plan Width": 67, "Sort Key": ["orders.o_totalprice DESC", "orders.o_orderdate"], "Plans": [{"Node Type": "Aggregate", "Strategy": "Hashed", "Parent Relationship": "Outer", "Startup Cost": 1000324832903.7, "Total Cost": 1000324834166.91, "Plan Rows": 126321, "Plan Width": 67, "Group By Key": ["orders.o_totalprice", "orders.o_orderdate", "customer.c_name", "customer.c_custkey", "orders.o_orderkey"], "Plans": [{"Node Type": "Nested Loop", "Parent Relationship": "Outer", "Join Type": "Inner", "Startup Cost": 1000324315313.67, "Total Cost": 1000324831008.88, "Plan Rows": 126321, "Plan Width": 59, "Inner Unique": false, "Plans": [{"Node Type": "Nested Loop", "Parent Relationship": "Outer", "Join Type": "Inner", "Startup Cost": 1000324315313.29, "Total Cost": 1000324767232.73, "Plan Rows": 13913, "Plan Width": 59, "Inner Unique": true, "Plans": [{"Node Type": "Nested Loop", "Parent Relationship": "Outer", "Join Type": "Inner", "Startup Cost": 1000324315313.03, "Total Cost": 1000324625792.4, "Plan Rows": 33034, "Plan Width": 40, "Inner Unique": true, "Plans": [{"Node Type": "Aggregate", "Strategy": "Hashed", "Parent Relationship": "Outer", "Startup Cost": 1000324315309.67, "Total Cost": 1000324381460.28, "Plan Rows": 33034, "Plan Width": 24, "Group By Key": ["public.lineitem.l_orderkey"], "Filter": "(sum(public.lineitem.l_quantity) > 314::double precision), (LLVM Optimized)", "Plans": [{"Node Type": "Index Scan", "Parent Relationship": "Outer", "Scan Direction": "Forward", "Index Name": "idx_lineitem_orderkey", "Relation Name": "lineitem", "Alias": "lineitem", "Startup Cost": 10000000000.0, "Total Cost": 1000324015374.5, "Plan Rows": 59987033, "Plan Width": 16}]}, {"Node Type": "Bitmap Heap Scan", "Parent Relationship": "Inner", "Relation Name": "orders", "Alias": "orders", "Startup Cost": 3.36, "Total Cost": 7.38, "Plan Rows": 1, "Plan Width": 32, "Recheck Cond": "(o_orderkey = public.lineitem.l_orderkey)", "Plans": [{"Node Type": "Bitmap Index Scan", "Parent Relationship": "Outer", "Index Name": "orders_pkey", "Startup Cost": 0.0, "Total Cost": 3.36, "Plan Rows": 1, "Plan Width": 0, "Index Cond": "(o_orderkey = public.lineitem.l_orderkey)"}]}]}, {"Node Type": "Bitmap Heap Scan", "Parent Relationship": "Inner", "Relation Name": "customer", "Alias": "customer", "Startup Cost": 0.26, "Total Cost": 4.27, "Plan Rows": 1, "Plan Width": 27, "Recheck Cond": "(c_custkey = orders.o_custkey)", "Plans": [{"Node Type": "Bitmap Index Scan", "Parent Relationship": "Outer", "Index Name": "customer_pkey", "Startup Cost": 0.0, "Total Cost": 0.26, "Plan Rows": 1, "Plan Width": 0, "Index Cond": "(c_custkey = orders.o_custkey)"}]}]}, {"Node Type": "Bitmap Heap Scan", "Parent Relationship": "Inner", "Relation Name": "lineitem", "Alias": "lineitem", "Startup Cost": 0.38, "Total Cost": 4.49, "Plan Rows": 9, "Plan Width": 16, "Recheck Cond": "(l_orderkey = orders.o_orderkey)", "Plans": [{"Node Type": "Bitmap Index Scan", "Parent Relationship": "Outer", "Index Name": "idx_lineitem_orderkey", "Startup Cost": 0.0, "Total Cost": 0.38, "Plan Rows": 9, "Plan Width": 0, "Index Cond": "(l_orderkey = orders.o_orderkey)"}]}]}]}]}]}, "Unique SQL Id": 1915754155, "Planner Runtime": 1}, "explain_analyze_plan": {"Plan": {"Node Type": "Limit", "Startup Cost": 1000324838994.8, "Total Cost": 1000324838995.05, "Plan Rows": 100, "Plan Width": 67, "Actual Startup Time": 80249.492, "Actual Total Time": 80249.51, "Actual Rows": 84, "Actual Loops": 1, "Plans": [{"Node Type": "Sort", "Parent Relationship": "Outer", "Startup Cost": 1000324838994.8, "Total Cost": 1000324839310.61, "Plan Rows": 100, "Plan Width": 67, "Actual Startup Time": 80249.49, "Actual Total Time": 80249.501, "Actual Rows": 84, "Actual Loops": 1, "Sort Key": ["orders.o_totalprice DESC", "orders.o_orderdate"], "Sort Method": "quicksort", "Sort Space Used": 38, "Sort Space Type": "Memory", "Plans": [{"Node Type": "Aggregate", "Strategy": "Hashed", "Parent Relationship": "Outer", "Startup Cost": 1000324832903.7, "Total Cost": 1000324834166.91, "Plan Rows": 126321, "Plan Width": 67, "Actual Startup Time": 80249.1, "Actual Total Time": 80249.389, "Actual Rows": 84, "Actual Loops": 1, "Group By Key": ["orders.o_totalprice", "orders.o_orderdate", "customer.c_name", "customer.c_custkey", "orders.o_orderkey"], "Plans": [{"Node Type": "Nested Loop", "Parent Relationship": "Outer", "Join Type": "Inner", "Startup Cost": 1000324315313.67, "Total Cost": 1000324831008.88, "Plan Rows": 126321, "Plan Width": 59, "Actual Startup Time": 73111.745, "Actual Total Time": 80247.199, "Actual Rows": 588, "Actual Loops": 1, "Inner Unique": false, "Plans": [{"Node Type": "Nested Loop", "Parent Relationship": "Outer", "Join Type": "Inner", "Startup Cost": 1000324315313.29, "Total Cost": 1000324767232.73, "Plan Rows": 13913, "Plan Width": 59, "Actual Startup Time": 73111.701, "Actual Total Time": 80244.173, "Actual Rows": 84, "Actual Loops": 1, "Inner Unique": true, "Plans": [{"Node Type": "Nested Loop", "Parent Relationship": "Outer", "Join Type": "Inner", "Startup Cost": 1000324315313.03, "Total Cost": 1000324625792.4, "Plan Rows": 33034, "Plan Width": 40, "Actual Startup Time": 73111.642, "Actual Total Time": 80242.091, "Actual Rows": 84, "Actual Loops": 1, "Inner Unique": true, "Plans": [{"Node Type": "Aggregate", "Strategy": "Hashed", "Parent Relationship": "Outer", "Startup Cost": 1000324315309.67, "Total Cost": 1000324381460.28, "Plan Rows": 33034, "Plan Width": 24, "Actual Startup Time": 73111.524, "Actual Total Time": 80223.033, "Actual Rows": 84, "Actual Loops": 1, "Group By Key": ["public.lineitem.l_orderkey"], "Filter": "(sum(public.lineitem.l_quantity) > 314::double precision), (LLVM Optimized, Jit Execute)", "Rows Removed by Filter": 14999916, "Plans": [{"Node Type": "Index Scan", "Parent Relationship": "Outer", "Scan Direction": "Forward", "Index Name": "idx_lineitem_orderkey", "Relation Name": "lineitem", "Alias": "lineitem", "Startup Cost": 10000000000.0, "Total Cost": 1000324015374.5, "Plan Rows": 59987033, "Plan Width": 16, "Actual Startup Time": 0.063, "Actual Total Time": 44361.768, "Actual Rows": 59986052, "Actual Loops": 1}]}, {"Node Type": "Bitmap Heap Scan", "Parent Relationship": "Inner", "Relation Name": "orders", "Alias": "orders", "Startup Cost": 3.36, "Total Cost": 7.38, "Plan Rows": 1, "Plan Width": 32, "Actual Startup Time": 3.64, "Actual Total Time": 3.64, "Actual Rows": 84, "Actual Loops": 84, "Recheck Cond": "(o_orderkey = public.lineitem.l_orderkey)", "Rows Removed by Index Recheck": 0, "Exact Heap Blocks": 84, "Lossy Heap Blocks": 84, "Plans": [{"Node Type": "Bitmap Index Scan", "Parent Relationship": "Outer", "Index Name": "orders_pkey", "Startup Cost": 0.0, "Total Cost": 3.36, "Plan Rows": 1, "Plan Width": 0, "Actual Startup Time": 2.402, "Actual Total Time": 2.402, "Actual Rows": 84, "Actual Loops": 84, "Index Cond": "(o_orderkey = public.lineitem.l_orderkey)"}]}]}, {"Node Type": "Bitmap Heap Scan", "Parent Relationship": "Inner", "Relation Name": "customer", "Alias": "customer", "Startup Cost": 0.26, "Total Cost": 4.27, "Plan Rows": 1, "Plan Width": 27, "Actual Startup Time": 1.455, "Actual Total Time": 1.455, "Actual Rows": 84, "Actual Loops": 84, "Recheck Cond": "(c_custkey = orders.o_custkey)", "Rows Removed by Index Recheck": 0, "Exact Heap Blocks": 84, "Lossy Heap Blocks": 84, "Plans": [{"Node Type": "Bitmap Index Scan", "Parent Relationship": "Outer", "Index Name": "customer_pkey", "Startup Cost": 0.0, "Total Cost": 0.26, "Plan Rows": 1, "Plan Width": 0, "Actual Startup Time": 0.897, "Actual Total Time": 0.897, "Actual Rows": 84, "Actual Loops": 84, "Index Cond": "(c_custkey = orders.o_custkey)"}]}]}, {"Node Type": "Bitmap Heap Scan", "Parent Relationship": "Inner", "Relation Name": "lineitem", "Alias": "lineitem", "Startup Cost": 0.38, "Total Cost": 4.49, "Plan Rows": 9, "Plan Width": 16, "Actual Startup Time": 2.054, "Actual Total Time": 2.216, "Actual Rows": 588, "Actual Loops": 84, "Recheck Cond": "(l_orderkey = orders.o_orderkey)", "Rows Removed by Index Recheck": 0, "Exact Heap Blocks": 96, "Lossy Heap Blocks": 96, "Plans": [{"Node Type": "Bitmap Index Scan", "Parent Relationship": "Outer", "Index Name": "idx_lineitem_orderkey", "Startup Cost": 0.0, "Total Cost": 0.38, "Plan Rows": 9, "Plan Width": 0, "Actual Startup Time": 1.268, "Actual Total Time": 1.268, "Actual Rows": 588, "Actual Loops": 84, "Index Cond": "(l_orderkey = orders.o_orderkey)"}]}]}]}]}]}, "Triggers": [], "Planner Runtime": 1.823, "Total Runtime": 80258.843, "Unique SQL Id": 1915754155}}, "(64, '24')": {"explain_plan": {"Plan": {"Node Type": "Limit", "Startup Cost": 2649029.8, "Total Cost": 2649030.05, "Plan Rows": 100, "Plan Width": 67, "Plans": [{"Node Type": "Sort", "Parent Relationship": "Outer", "Startup Cost": 2649029.8, "Total Cost": 2649345.6, "Plan Rows": 100, "Plan Width": 67, "Sort Key": ["orders.o_totalprice DESC", "orders.o_orderdate"], "Plans": [{"Node Type": "Aggregate", "Strategy": "Hashed", "Parent Relationship": "Outer", "Startup Cost": 2642938.69, "Total Cost": 2644201.9, "Plan Rows": 126321, "Plan Width": 67, "Group By Key": ["orders.o_totalprice", "orders.o_orderdate", "customer.c_name", "customer.c_custkey", "orders.o_orderkey"], "Plans": [{"Node Type": "Nested Loop", "Parent Relationship": "Outer", "Join Type": "Inner", "Startup Cost": 2315050.5, "Total Cost": 2641043.88, "Plan Rows": 126321, "Plan Width": 59, "Inner Unique": false, "Plans": [{"Node Type": "Nested Loop", "Parent Relationship": "Outer", "Join Type": "Inner", "Startup Cost": 2315050.5, "Total Cost": 2627700.1, "Plan Rows": 13913, "Plan Width": 59, "Inner Unique": true, "Plans": [{"Node Type": "Nested Loop", "Parent Relationship": "Outer", "Join Type": "Inner", "Startup Cost": 2315050.5, "Total Cost": 2618076.97, "Plan Rows": 33034, "Plan Width": 40, "Inner Unique": true, "Plans": [{"Node Type": "Aggregate", "Strategy": "Hashed", "Parent Relationship": "Outer", "Startup Cost": 2315050.5, "Total Cost": 2381201.11, "Plan Rows": 33034, "Plan Width": 24, "Group By Key": ["public.lineitem.l_orderkey"], "Filter": "(sum(public.lineitem.l_quantity) > 314::double precision), (LLVM Optimized)", "Plans": [{"Node Type": "Seq Scan", "Parent Relationship": "Outer", "Relation Name": "lineitem", "Alias": "lineitem", "Startup Cost": 0.0, "Total Cost": 2015115.33, "Plan Rows": 59987033, "Plan Width": 16}]}, {"Node Type": "Index Scan", "Parent Relationship": "Inner", "Scan Direction": "Forward", "Index Name": "orders_pkey", "Relation Name": "orders", "Alias": "orders", "Startup Cost": 0.0, "Total Cost": 7.15, "Plan Rows": 1, "Plan Width": 32, "Index Cond": "(o_orderkey = public.lineitem.l_orderkey)"}]}, {"Node Type": "Index Scan", "Parent Relationship": "Inner", "Scan Direction": "Forward", "Index Name": "customer_pkey", "Relation Name": "customer", "Alias": "customer", "Startup Cost": 0.0, "Total Cost": 0.28, "Plan Rows": 1, "Plan Width": 27, "Index Cond": "(c_custkey = orders.o_custkey)"}]}, {"Node Type": "Index Scan", "Parent Relationship": "Inner", "Scan Direction": "Forward", "Index Name": "idx_lineitem_orderkey", "Relation Name": "lineitem", "Alias": "lineitem", "Startup Cost": 0.0, "Total Cost": 0.87, "Plan Rows": 9, "Plan Width": 16, "Index Cond": "(l_orderkey = orders.o_orderkey)"}]}]}]}]}, "Unique SQL Id": 1915754155, "Planner Runtime": 1}, "explain_analyze_plan": {"Plan": {"Node Type": "Limit", "Startup Cost": 2649029.8, "Total Cost": 2649030.05, "Plan Rows": 100, "Plan Width": 67, "Actual Startup Time": 54861.493, "Actual Total Time": 54861.508, "Actual Rows": 84, "Actual Loops": 1, "Plans": [{"Node Type": "Sort", "Parent Relationship": "Outer", "Startup Cost": 2649029.8, "Total Cost": 2649345.6, "Plan Rows": 100, "Plan Width": 67, "Actual Startup Time": 54861.49, "Actual Total Time": 54861.494, "Actual Rows": 84, "Actual Loops": 1, "Sort Key": ["orders.o_totalprice DESC", "orders.o_orderdate"], "Sort Method": "quicksort", "Sort Space Used": 38, "Sort Space Type": "Memory", "Plans": [{"Node Type": "Aggregate", "Strategy": "Hashed", "Parent Relationship": "Outer", "Startup Cost": 2642938.69, "Total Cost": 2644201.9, "Plan Rows": 126321, "Plan Width": 67, "Actual Startup Time": 54860.881, "Actual Total Time": 54861.367, "Actual Rows": 84, "Actual Loops": 1, "Group By Key": ["orders.o_totalprice", "orders.o_orderdate", "customer.c_name", "customer.c_custkey", "orders.o_orderkey"], "Plans": [{"Node Type": "Nested Loop", "Parent Relationship": "Outer", "Join Type": "Inner", "Startup Cost": 2315050.5, "Total Cost": 2641043.88, "Plan Rows": 126321, "Plan Width": 59, "Actual Startup Time": 49072.337, "Actual Total Time": 54858.992, "Actual Rows": 588, "Actual Loops": 1, "Inner Unique": false, "Plans": [{"Node Type": "Nested Loop", "Parent Relationship": "Outer", "Join Type": "Inner", "Startup Cost": 2315050.5, "Total Cost": 2627700.1, "Plan Rows": 13913, "Plan Width": 59, "Actual Startup Time": 49072.315, "Actual Total Time": 54856.844, "Actual Rows": 84, "Actual Loops": 1, "Inner Unique": true, "Plans": [{"Node Type": "Nested Loop", "Parent Relationship": "Outer", "Join Type": "Inner", "Startup Cost": 2315050.5, "Total Cost": 2618076.97, "Plan Rows": 33034, "Plan Width": 40, "Actual Startup Time": 49072.296, "Actual Total Time": 54855.643, "Actual Rows": 84, "Actual Loops": 1, "Inner Unique": true, "Plans": [{"Node Type": "Aggregate", "Strategy": "Hashed", "Parent Relationship": "Outer", "Startup Cost": 2315050.5, "Total Cost": 2381201.11, "Plan Rows": 33034, "Plan Width": 24, "Actual Startup Time": 49072.224, "Actual Total Time": 54835.622, "Actual Rows": 84, "Actual Loops": 1, "Group By Key": ["public.lineitem.l_orderkey"], "Filter": "(sum(public.lineitem.l_quantity) > 314::double precision), (LLVM Optimized, Jit Execute)", "Rows Removed by Filter": 14999916, "Plans": [{"Node Type": "Seq Scan", "Parent Relationship": "Outer", "Relation Name": "lineitem", "Alias": "lineitem", "Startup Cost": 0.0, "Total Cost": 2015115.33, "Plan Rows": 59987033, "Plan Width": 16, "Actual Startup Time": 0.051, "Actual Total Time": 20660.278, "Actual Rows": 59986052, "Actual Loops": 1}]}, {"Node Type": "Index Scan", "Parent Relationship": "Inner", "Scan Direction": "Forward", "Index Name": "orders_pkey", "Relation Name": "orders", "Alias": "orders", "Startup Cost": 0.0, "Total Cost": 7.15, "Plan Rows": 1, "Plan Width": 32, "Actual Startup Time": 2.649, "Actual Total Time": 2.649, "Actual Rows": 84, "Actual Loops": 84, "Index Cond": "(o_orderkey = public.lineitem.l_orderkey)", "Rows Removed by Index Recheck": 0}]}, {"Node Type": "Index Scan", "Parent Relationship": "Inner", "Scan Direction": "Forward", "Index Name": "customer_pkey", "Relation Name": "customer", "Alias": "customer", "Startup Cost": 0.0, "Total Cost": 0.28, "Plan Rows": 1, "Plan Width": 27, "Actual Startup Time": 0.851, "Actual Total Time": 0.851, "Actual Rows": 84, "Actual Loops": 84, "Index Cond": "(c_custkey = orders.o_custkey)", "Rows Removed by Index Recheck": 0}]}, {"Node Type": "Index Scan", "Parent Relationship": "Inner", "Scan Direction": "Forward", "Index Name": "idx_lineitem_orderkey", "Relation Name": "lineitem", "Alias": "lineitem", "Startup Cost": 0.0, "Total Cost": 0.87, "Plan Rows": 9, "Plan Width": 16, "Actual Startup Time": 1.215, "Actual Total Time": 1.721, "Actual Rows": 588, "Actual Loops": 84, "Index Cond": "(l_orderkey = orders.o_orderkey)", "Rows Removed by Index Recheck": 0}]}]}]}]}, "Triggers": [], "Planner Runtime": 2.136, "Total Runtime": 54871.674, "Unique SQL Id": 1915754155}}, "(64, '25')": {"explain_plan": {"Plan": {"Node Type": "Limit", "Startup Cost": 3874068.21, "Total Cost": 3874068.46, "Plan Rows": 100, "Plan Width": 67, "Plans": [{"Node Type": "Sort", "Parent Relationship": "Outer", "Startup Cost": 3874068.21, "Total Cost": 3874384.02, "Plan Rows": 100, "Plan Width": 67, "Sort Key": ["orders.o_totalprice DESC", "orders.o_orderdate"], "Plans": [{"Node Type": "Aggregate", "Strategy": "Hashed", "Parent Relationship": "Outer", "Startup Cost": 3867977.11, "Total Cost": 3869240.32, "Plan Rows": 126321, "Plan Width": 67, "Group By Key": ["orders.o_totalprice", "orders.o_orderdate", "customer.c_name", "customer.c_custkey", "orders.o_orderkey"], "Plans": [{"Node Type": "Nested Loop", "Parent Relationship": "Outer", "Join Type": "Inner", "Startup Cost": 3540088.91, "Total Cost": 3866082.29, "Plan Rows": 126321, "Plan Width": 59, "Inner Unique": false, "Plans": [{"Node Type": "Nested Loop", "Parent Relationship": "Outer", "Join Type": "Inner", "Startup Cost": 3540088.91, "Total Cost": 3852738.51, "Plan Rows": 13913, "Plan Width": 59, "Inner Unique": true, "Plans": [{"Node Type": "Nested Loop", "Parent Relationship": "Outer", "Join Type": "Inner", "Startup Cost": 3540088.91, "Total Cost": 3843115.38, "Plan Rows": 33034, "Plan Width": 40, "Inner Unique": true, "Plans": [{"Node Type": "Aggregate", "Strategy": "Hashed", "Parent Relationship": "Outer", "Startup Cost": 3540088.91, "Total Cost": 3606239.52, "Plan Rows": 33034, "Plan Width": 24, "Group By Key": ["public.lineitem.l_orderkey"], "Filter": "(sum(public.lineitem.l_quantity) > 314::double precision), (LLVM Optimized)", "Plans": [{"Node Type": "Index Scan", "Parent Relationship": "Outer", "Scan Direction": "Forward", "Index Name": "idx_lineitem_orderkey", "Relation Name": "lineitem", "Alias": "lineitem", "Startup Cost": 0.0, "Total Cost": 3240153.75, "Plan Rows": 59987033, "Plan Width": 16}]}, {"Node Type": "Index Scan", "Parent Relationship": "Inner", "Scan Direction": "Forward", "Index Name": "orders_pkey", "Relation Name": "orders", "Alias": "orders", "Startup Cost": 0.0, "Total Cost": 7.15, "Plan Rows": 1, "Plan Width": 32, "Index Cond": "(o_orderkey = public.lineitem.l_orderkey)"}]}, {"Node Type": "Index Scan", "Parent Relationship": "Inner", "Scan Direction": "Forward", "Index Name": "customer_pkey", "Relation Name": "customer", "Alias": "customer", "Startup Cost": 0.0, "Total Cost": 0.28, "Plan Rows": 1, "Plan Width": 27, "Index Cond": "(c_custkey = orders.o_custkey)"}]}, {"Node Type": "Index Scan", "Parent Relationship": "Inner", "Scan Direction": "Forward", "Index Name": "idx_lineitem_orderkey", "Relation Name": "lineitem", "Alias": "lineitem", "Startup Cost": 0.0, "Total Cost": 0.87, "Plan Rows": 9, "Plan Width": 16, "Index Cond": "(l_orderkey = orders.o_orderkey)"}]}]}]}]}, "Unique SQL Id": 1915754155, "Planner Runtime": 1}, "explain_analyze_plan": {"Plan": {"Node Type": "Limit", "Startup Cost": 3874068.21, "Total Cost": 3874068.46, "Plan Rows": 100, "Plan Width": 67, "Actual Startup Time": 78667.563, "Actual Total Time": 78667.58, "Actual Rows": 84, "Actual Loops": 1, "Plans": [{"Node Type": "Sort", "Parent Relationship": "Outer", "Startup Cost": 3874068.21, "Total Cost": 3874384.02, "Plan Rows": 100, "Plan Width": 67, "Actual Startup Time": 78667.561, "Actual Total Time": 78667.57, "Actual Rows": 84, "Actual Loops": 1, "Sort Key": ["orders.o_totalprice DESC", "orders.o_orderdate"], "Sort Method": "quicksort", "Sort Space Used": 38, "Sort Space Type": "Memory", "Plans": [{"Node Type": "Aggregate", "Strategy": "Hashed", "Parent Relationship": "Outer", "Startup Cost": 3867977.11, "Total Cost": 3869240.32, "Plan Rows": 126321, "Plan Width": 67, "Actual Startup Time": 78666.912, "Actual Total Time": 78667.456, "Actual Rows": 84, "Actual Loops": 1, "Group By Key": ["orders.o_totalprice", "orders.o_orderdate", "customer.c_name", "customer.c_custkey", "orders.o_orderkey"], "Plans": [{"Node Type": "Nested Loop", "Parent Relationship": "Outer", "Join Type": "Inner", "Startup Cost": 3540088.91, "Total Cost": 3866082.29, "Plan Rows": 126321, "Plan Width": 59, "Actual Startup Time": 71346.529, "Actual Total Time": 78665.231, "Actual Rows": 588, "Actual Loops": 1, "Inner Unique": false, "Plans": [{"Node Type": "Nested Loop", "Parent Relationship": "Outer", "Join Type": "Inner", "Startup Cost": 3540088.91, "Total Cost": 3852738.51, "Plan Rows": 13913, "Plan Width": 59, "Actual Startup Time": 71346.496, "Actual Total Time": 78662.632, "Actual Rows": 84, "Actual Loops": 1, "Inner Unique": true, "Plans": [{"Node Type": "Nested Loop", "Parent Relationship": "Outer", "Join Type": "Inner", "Startup Cost": 3540088.91, "Total Cost": 3843115.38, "Plan Rows": 33034, "Plan Width": 40, "Actual Startup Time": 71346.464, "Actual Total Time": 78660.834, "Actual Rows": 84, "Actual Loops": 1, "Inner Unique": true, "Plans": [{"Node Type": "Aggregate", "Strategy": "Hashed", "Parent Relationship": "Outer", "Startup Cost": 3540088.91, "Total Cost": 3606239.52, "Plan Rows": 33034, "Plan Width": 24, "Actual Startup Time": 71346.402, "Actual Total Time": 78640.855, "Actual Rows": 84, "Actual Loops": 1, "Group By Key": ["public.lineitem.l_orderkey"], "Filter": "(sum(public.lineitem.l_quantity) > 314::double precision), (LLVM Optimized, Jit Execute)", "Rows Removed by Filter": 14999916, "Plans": [{"Node Type": "Index Scan", "Parent Relationship": "Outer", "Scan Direction": "Forward", "Index Name": "idx_lineitem_orderkey", "Relation Name": "lineitem", "Alias": "lineitem", "Startup Cost": 0.0, "Total Cost": 3240153.75, "Plan Rows": 59987033, "Plan Width": 16, "Actual Startup Time": 0.07, "Actual Total Time": 42499.927, "Actual Rows": 59986052, "Actual Loops": 1}]}, {"Node Type": "Index Scan", "Parent Relationship": "Inner", "Scan Direction": "Forward", "Index Name": "orders_pkey", "Relation Name": "orders", "Alias": "orders", "Startup Cost": 0.0, "Total Cost": 7.15, "Plan Rows": 1, "Plan Width": 32, "Actual Startup Time": 2.739, "Actual Total Time": 2.739, "Actual Rows": 84, "Actual Loops": 84, "Index Cond": "(o_orderkey = public.lineitem.l_orderkey)", "Rows Removed by Index Recheck": 0}]}, {"Node Type": "Index Scan", "Parent Relationship": "Inner", "Scan Direction": "Forward", "Index Name": "customer_pkey", "Relation Name": "customer", "Alias": "customer", "Startup Cost": 0.0, "Total Cost": 0.28, "Plan Rows": 1, "Plan Width": 27, "Actual Startup Time": 1.301, "Actual Total Time": 1.301, "Actual Rows": 84, "Actual Loops": 84, "Index Cond": "(c_custkey = orders.o_custkey)", "Rows Removed by Index Recheck": 0}]}, {"Node Type": "Index Scan", "Parent Relationship": "Inner", "Scan Direction": "Forward", "Index Name": "idx_lineitem_orderkey", "Relation Name": "lineitem", "Alias": "lineitem", "Startup Cost": 0.0, "Total Cost": 0.87, "Plan Rows": 9, "Plan Width": 16, "Actual Startup Time": 1.627, "Actual Total Time": 2.06, "Actual Rows": 588, "Actual Loops": 84, "Index Cond": "(l_orderkey = orders.o_orderkey)", "Rows Removed by Index Recheck": 0}]}]}]}]}, "Triggers": [], "Planner Runtime": 2.114, "Total Runtime": 78676.91, "Unique SQL Id": 1915754155}}, "(64, '26')": {"explain_plan": {"Plan": {"Node Type": "Limit", "Startup Cost": 14964595.16, "Total Cost": 14964595.41, "Plan Rows": 100, "Plan Width": 67, "Plans": [{"Node Type": "Sort", "Parent Relationship": "Outer", "Startup Cost": 14964595.16, "Total Cost": 14964910.97, "Plan Rows": 100, "Plan Width": 67, "Sort Key": ["orders.o_totalprice DESC", "orders.o_orderdate"], "Plans": [{"Node Type": "Aggregate", "Strategy": "Hashed", "Parent Relationship": "Outer", "Startup Cost": 14958504.05, "Total Cost": 14959767.26, "Plan Rows": 126321, "Plan Width": 67, "Group By Key": ["orders.o_totalprice", "orders.o_orderdate", "customer.c_name", "customer.c_custkey", "orders.o_orderkey"], "Plans": [{"Node Type": "Merge Join", "Parent Relationship": "Outer", "Join Type": "Inner", "Startup Cost": 14656052.99, "Total Cost": 14956609.24, "Plan Rows": 126321, "Plan Width": 59, "Inner Unique": false, "Merge Cond": "(orders.o_orderkey = public.lineitem.l_orderkey)", "Plans": [{"Node Type": "Sort", "Parent Relationship": "Outer", "Startup Cost": 4891168.67, "Total Cost": 4891203.45, "Plan Rows": 13913, "Plan Width": 59, "Sort Key": ["orders.o_orderkey"], "Plans": [{"Node Type": "Merge Join", "Parent Relationship": "Outer", "Join Type": "Inner", "Startup Cost": 4882215.87, "Total Cost": 4890211.17, "Plan Rows": 13913, "Plan Width": 59, "Inner Unique": true, "Merge Cond": "(orders.o_custkey = customer.c_custkey)", "Plans": [{"Node Type": "Sort", "Parent Relationship": "Outer", "Startup Cost": 4676215.68, "Total Cost": 4676298.26, "Plan Rows": 33034, "Plan Width": 40, "Sort Key": ["orders.o_custkey"], "Plans": [{"Node Type": "Merge Join", "Parent Relationship": "Outer", "Join Type": "Semi", "Startup Cost": 4598243.3, "Total Cost": 4673736.2, "Plan Rows": 33034, "Plan Width": 40, "Inner Unique": false, "Merge Cond": "(orders.o_orderkey = public.lineitem.l_orderkey)", "Plans": [{"Node Type": "Sort", "Parent Relationship": "Outer", "Startup Cost": 2214232.37, "Total Cost": 2251731.07, "Plan Rows": 14999479, "Plan Width": 32, "Sort Key": ["orders.o_orderkey"], "Plans": [{"Node Type": "Seq Scan", "Parent Relationship": "Outer", "Relation Name": "orders", "Alias": "orders", "Startup Cost": 0.0, "Total Cost": 426413.79, "Plan Rows": 14999479, "Plan Width": 32}]}, {"Node Type": "Sort", "Parent Relationship": "Inner", "Startup Cost": 2384010.93, "Total Cost": 2384093.51, "Plan Rows": 33034, "Plan Width": 8, "Sort Key": ["public.lineitem.l_orderkey"], "Plans": [{"Node Type": "Aggregate", "Strategy": "Hashed", "Parent Relationship": "Outer", "Startup Cost": 2315050.5, "Total Cost": 2381201.11, "Plan Rows": 33034, "Plan Width": 24, "Group By Key": ["public.lineitem.l_orderkey"], "Filter": "(sum(public.lineitem.l_quantity) > 314::double precision), (LLVM Optimized)", "Plans": [{"Node Type": "Seq Scan", "Parent Relationship": "Outer", "Relation Name": "lineitem", "Alias": "lineitem", "Startup Cost": 0.0, "Total Cost": 2015115.33, "Plan Rows": 59987033, "Plan Width": 16}]}]}]}]}, {"Node Type": "Sort", "Parent Relationship": "Inner", "Startup Cost": 205999.98, "Total Cost": 209749.98, "Plan Rows": 1500000, "Plan Width": 27, "Sort Key": ["customer.c_custkey"], "Plans": [{"Node Type": "Seq Scan", "Parent Relationship": "Outer", "Relation Name": "customer", "Alias": "customer", "Startup Cost": 0.0, "Total Cost": 52126.0, "Plan Rows": 1500000, "Plan Width": 27}]}]}]}, {"Node Type": "Sort", "Parent Relationship": "Inner", "Startup Cost": 9764884.32, "Total Cost": 9914851.9, "Plan Rows": 59987033, "Plan Width": 16, "Sort Key": ["public.lineitem.l_orderkey"], "Plans": [{"Node Type": "Seq Scan", "Parent Relationship": "Outer", "Relation Name": "lineitem", "Alias": "lineitem", "Startup Cost": 0.0, "Total Cost": 2015115.33, "Plan Rows": 59987033, "Plan Width": 16}]}]}]}]}]}, "Unique SQL Id": 1915754155, "Planner Runtime": 1}, "explain_analyze_plan": null}, "(64, '27')": {"explain_plan": {"Plan": {"Node Type": "Limit", "Startup Cost": 4001456877030.4, "Total Cost": 4001456877030.65, "Plan Rows": 100, "Plan Width": 67, "Plans": [{"Node Type": "Sort", "Parent Relationship": "Outer", "Startup Cost": 4001456877030.4, "Total Cost": 4001456877346.2, "Plan Rows": 100, "Plan Width": 67, "Sort Key": ["orders.o_totalprice DESC", "orders.o_orderdate"], "Plans": [{"Node Type": "Aggregate", "Strategy": "Hashed", "Parent Relationship": "Outer", "Startup Cost": 4001456870939.29, "Total Cost": 4001456872202.5, "Plan Rows": 126321, "Plan Width": 67, "Group By Key": ["orders.o_totalprice", "orders.o_orderdate", "customer.c_name", "customer.c_custkey", "orders.o_orderkey"], "Plans": [{"Node Type": "Merge Join", "Parent Relationship": "Outer", "Join Type": "Inner", "Startup Cost": 1030466756474.59, "Total Cost": 4001456869044.47, "Plan Rows": 126321, "Plan Width": 59, "Inner Unique": false, "Merge Cond": "(orders.o_orderkey = public.lineitem.l_orderkey)", "Plans": [{"Node Type": "Nested Loop", "Parent Relationship": "Outer", "Join Type": "Inner", "Startup Cost": 1020324384270.1, "Total Cost": 3001148865393.43, "Plan Rows": 13913, "Plan Width": 59, "Inner Unique": true, "Join Filter": "(orders.o_custkey = customer.c_custkey)", "Plans": [{"Node Type": "Merge Join", "Parent Relationship": "Outer", "Join Type": "Semi", "Startup Cost": 1010324384270.1, "Total Cost": 2000397520107.8, "Plan Rows": 33034, "Plan Width": 40, "Inner Unique": false, "Merge Cond": "(orders.o_orderkey = public.lineitem.l_orderkey)", "Plans": [{"Node Type": "Index Scan", "Parent Relationship": "Outer", "Scan Direction": "Forward", "Index Name": "orders_pkey", "Relation Name": "orders", "Alias": "orders", "Startup Cost": 10000000000.0, "Total Cost": 1000073097843.5, "Plan Rows": 14999479, "Plan Width": 32}, {"Node Type": "Sort", "Parent Relationship": "Inner", "Startup Cost": 1000324384270.1, "Total Cost": 1000324384352.68, "Plan Rows": 33034, "Plan Width": 8, "Sort Key": ["public.lineitem.l_orderkey"], "Plans": [{"Node Type": "Aggregate", "Strategy": "Hashed", "Parent Relationship": "Outer", "Startup Cost": 1000324315309.67, "Total Cost": 1000324381460.28, "Plan Rows": 33034, "Plan Width": 24, "Group By Key": ["public.lineitem.l_orderkey"], "Filter": "(sum(public.lineitem.l_quantity) > 314::double precision), (LLVM Optimized)", "Plans": [{"Node Type": "Index Scan", "Parent Relationship": "Outer", "Scan Direction": "Forward", "Index Name": "idx_lineitem_orderkey", "Relation Name": "lineitem", "Alias": "lineitem", "Startup Cost": 10000000000.0, "Total Cost": 1000324015374.5, "Plan Rows": 59987033, "Plan Width": 16}]}]}]}, {"Node Type": "Materialize", "Parent Relationship": "Inner", "Startup Cost": 10000000000.0, "Total Cost": 1000008084035.62, "Plan Rows": 1500000, "Plan Width": 27, "Plans": [{"Node Type": "Index Scan", "Parent Relationship": "Outer", "Scan Direction": "Forward", "Index Name": "customer_pkey", "Relation Name": "customer", "Alias": "customer", "Startup Cost": 10000000000.0, "Total Cost": 1000008076535.62, "Plan Rows": 1500000, "Plan Width": 27}]}]}, {"Node Type": "Index Scan", "Parent Relationship": "Inner", "Scan Direction": "Forward", "Index Name": "idx_lineitem_orderkey", "Relation Name": "lineitem", "Alias": "lineitem", "Startup Cost": 10000000000.0, "Total Cost": 1000324015374.5, "Plan Rows": 59987033, "Plan Width": 16}]}]}]}]}, "Unique SQL Id": 1915754155, "Planner Runtime": 2}, "explain_analyze_plan": null}, "(64, '28')": {"explain_plan": {"Plan": {"Node Type": "Limit", "Startup Cost": 2649029.8, "Total Cost": 2649030.05, "Plan Rows": 100, "Plan Width": 67, "Plans": [{"Node Type": "Sort", "Parent Relationship": "Outer", "Startup Cost": 2649029.8, "Total Cost": 2649345.6, "Plan Rows": 100, "Plan Width": 67, "Sort Key": ["orders.o_totalprice DESC", "orders.o_orderdate"], "Plans": [{"Node Type": "Aggregate", "Strategy": "Hashed", "Parent Relationship": "Outer", "Startup Cost": 2642938.69, "Total Cost": 2644201.9, "Plan Rows": 126321, "Plan Width": 67, "Group By Key": ["orders.o_totalprice", "orders.o_orderdate", "customer.c_name", "customer.c_custkey", "orders.o_orderkey"], "Plans": [{"Node Type": "Nested Loop", "Parent Relationship": "Outer", "Join Type": "Inner", "Startup Cost": 2315050.5, "Total Cost": 2641043.88, "Plan Rows": 126321, "Plan Width": 59, "Inner Unique": false, "Plans": [{"Node Type": "Nested Loop", "Parent Relationship": "Outer", "Join Type": "Inner", "Startup Cost": 2315050.5, "Total Cost": 2627700.1, "Plan Rows": 13913, "Plan Width": 59, "Inner Unique": true, "Plans": [{"Node Type": "Nested Loop", "Parent Relationship": "Outer", "Join Type": "Inner", "Startup Cost": 2315050.5, "Total Cost": 2618076.97, "Plan Rows": 33034, "Plan Width": 40, "Inner Unique": true, "Plans": [{"Node Type": "Aggregate", "Strategy": "Hashed", "Parent Relationship": "Outer", "Startup Cost": 2315050.5, "Total Cost": 2381201.11, "Plan Rows": 33034, "Plan Width": 24, "Group By Key": ["public.lineitem.l_orderkey"], "Filter": "(sum(public.lineitem.l_quantity) > 314::double precision), (LLVM Optimized)", "Plans": [{"Node Type": "Seq Scan", "Parent Relationship": "Outer", "Relation Name": "lineitem", "Alias": "lineitem", "Startup Cost": 0.0, "Total Cost": 2015115.33, "Plan Rows": 59987033, "Plan Width": 16}]}, {"Node Type": "Index Scan", "Parent Relationship": "Inner", "Scan Direction": "Forward", "Index Name": "orders_pkey", "Relation Name": "orders", "Alias": "orders", "Startup Cost": 0.0, "Total Cost": 7.15, "Plan Rows": 1, "Plan Width": 32, "Index Cond": "(o_orderkey = public.lineitem.l_orderkey)"}]}, {"Node Type": "Index Scan", "Parent Relationship": "Inner", "Scan Direction": "Forward", "Index Name": "customer_pkey", "Relation Name": "customer", "Alias": "customer", "Startup Cost": 0.0, "Total Cost": 0.28, "Plan Rows": 1, "Plan Width": 27, "Index Cond": "(c_custkey = orders.o_custkey)"}]}, {"Node Type": "Index Scan", "Parent Relationship": "Inner", "Scan Direction": "Forward", "Index Name": "idx_lineitem_orderkey", "Relation Name": "lineitem", "Alias": "lineitem", "Startup Cost": 0.0, "Total Cost": 0.87, "Plan Rows": 9, "Plan Width": 16, "Index Cond": "(l_orderkey = orders.o_orderkey)"}]}]}]}]}, "Unique SQL Id": 1915754155, "Planner Runtime": 1}, "explain_analyze_plan": {"Plan": {"Node Type": "Limit", "Startup Cost": 2649029.8, "Total Cost": 2649030.05, "Plan Rows": 100, "Plan Width": 67, "Actual Startup Time": 54861.493, "Actual Total Time": 54861.508, "Actual Rows": 84, "Actual Loops": 1, "Plans": [{"Node Type": "Sort", "Parent Relationship": "Outer", "Startup Cost": 2649029.8, "Total Cost": 2649345.6, "Plan Rows": 100, "Plan Width": 67, "Actual Startup Time": 54861.49, "Actual Total Time": 54861.494, "Actual Rows": 84, "Actual Loops": 1, "Sort Key": ["orders.o_totalprice DESC", "orders.o_orderdate"], "Sort Method": "quicksort", "Sort Space Used": 38, "Sort Space Type": "Memory", "Plans": [{"Node Type": "Aggregate", "Strategy": "Hashed", "Parent Relationship": "Outer", "Startup Cost": 2642938.69, "Total Cost": 2644201.9, "Plan Rows": 126321, "Plan Width": 67, "Actual Startup Time": 54860.881, "Actual Total Time": 54861.367, "Actual Rows": 84, "Actual Loops": 1, "Group By Key": ["orders.o_totalprice", "orders.o_orderdate", "customer.c_name", "customer.c_custkey", "orders.o_orderkey"], "Plans": [{"Node Type": "Nested Loop", "Parent Relationship": "Outer", "Join Type": "Inner", "Startup Cost": 2315050.5, "Total Cost": 2641043.88, "Plan Rows": 126321, "Plan Width": 59, "Actual Startup Time": 49072.337, "Actual Total Time": 54858.992, "Actual Rows": 588, "Actual Loops": 1, "Inner Unique": false, "Plans": [{"Node Type": "Nested Loop", "Parent Relationship": "Outer", "Join Type": "Inner", "Startup Cost": 2315050.5, "Total Cost": 2627700.1, "Plan Rows": 13913, "Plan Width": 59, "Actual Startup Time": 49072.315, "Actual Total Time": 54856.844, "Actual Rows": 84, "Actual Loops": 1, "Inner Unique": true, "Plans": [{"Node Type": "Nested Loop", "Parent Relationship": "Outer", "Join Type": "Inner", "Startup Cost": 2315050.5, "Total Cost": 2618076.97, "Plan Rows": 33034, "Plan Width": 40, "Actual Startup Time": 49072.296, "Actual Total Time": 54855.643, "Actual Rows": 84, "Actual Loops": 1, "Inner Unique": true, "Plans": [{"Node Type": "Aggregate", "Strategy": "Hashed", "Parent Relationship": "Outer", "Startup Cost": 2315050.5, "Total Cost": 2381201.11, "Plan Rows": 33034, "Plan Width": 24, "Actual Startup Time": 49072.224, "Actual Total Time": 54835.622, "Actual Rows": 84, "Actual Loops": 1, "Group By Key": ["public.lineitem.l_orderkey"], "Filter": "(sum(public.lineitem.l_quantity) > 314::double precision), (LLVM Optimized, Jit Execute)", "Rows Removed by Filter": 14999916, "Plans": [{"Node Type": "Seq Scan", "Parent Relationship": "Outer", "Relation Name": "lineitem", "Alias": "lineitem", "Startup Cost": 0.0, "Total Cost": 2015115.33, "Plan Rows": 59987033, "Plan Width": 16, "Actual Startup Time": 0.051, "Actual Total Time": 20660.278, "Actual Rows": 59986052, "Actual Loops": 1}]}, {"Node Type": "Index Scan", "Parent Relationship": "Inner", "Scan Direction": "Forward", "Index Name": "orders_pkey", "Relation Name": "orders", "Alias": "orders", "Startup Cost": 0.0, "Total Cost": 7.15, "Plan Rows": 1, "Plan Width": 32, "Actual Startup Time": 2.649, "Actual Total Time": 2.649, "Actual Rows": 84, "Actual Loops": 84, "Index Cond": "(o_orderkey = public.lineitem.l_orderkey)", "Rows Removed by Index Recheck": 0}]}, {"Node Type": "Index Scan", "Parent Relationship": "Inner", "Scan Direction": "Forward", "Index Name": "customer_pkey", "Relation Name": "customer", "Alias": "customer", "Startup Cost": 0.0, "Total Cost": 0.28, "Plan Rows": 1, "Plan Width": 27, "Actual Startup Time": 0.851, "Actual Total Time": 0.851, "Actual Rows": 84, "Actual Loops": 84, "Index Cond": "(c_custkey = orders.o_custkey)", "Rows Removed by Index Recheck": 0}]}, {"Node Type": "Index Scan", "Parent Relationship": "Inner", "Scan Direction": "Forward", "Index Name": "idx_lineitem_orderkey", "Relation Name": "lineitem", "Alias": "lineitem", "Startup Cost": 0.0, "Total Cost": 0.87, "Plan Rows": 9, "Plan Width": 16, "Actual Startup Time": 1.215, "Actual Total Time": 1.721, "Actual Rows": 588, "Actual Loops": 84, "Index Cond": "(l_orderkey = orders.o_orderkey)", "Rows Removed by Index Recheck": 0}]}]}]}]}, "Triggers": [], "Planner Runtime": 2.136, "Total Runtime": 54871.674, "Unique SQL Id": 1915754155}}, "(64, '29')": {"explain_plan": {"Plan": {"Node Type": "Limit", "Startup Cost": 3874068.21, "Total Cost": 3874068.46, "Plan Rows": 100, "Plan Width": 67, "Plans": [{"Node Type": "Sort", "Parent Relationship": "Outer", "Startup Cost": 3874068.21, "Total Cost": 3874384.02, "Plan Rows": 100, "Plan Width": 67, "Sort Key": ["orders.o_totalprice DESC", "orders.o_orderdate"], "Plans": [{"Node Type": "Aggregate", "Strategy": "Hashed", "Parent Relationship": "Outer", "Startup Cost": 3867977.11, "Total Cost": 3869240.32, "Plan Rows": 126321, "Plan Width": 67, "Group By Key": ["orders.o_totalprice", "orders.o_orderdate", "customer.c_name", "customer.c_custkey", "orders.o_orderkey"], "Plans": [{"Node Type": "Nested Loop", "Parent Relationship": "Outer", "Join Type": "Inner", "Startup Cost": 3540088.91, "Total Cost": 3866082.29, "Plan Rows": 126321, "Plan Width": 59, "Inner Unique": false, "Plans": [{"Node Type": "Nested Loop", "Parent Relationship": "Outer", "Join Type": "Inner", "Startup Cost": 3540088.91, "Total Cost": 3852738.51, "Plan Rows": 13913, "Plan Width": 59, "Inner Unique": true, "Plans": [{"Node Type": "Nested Loop", "Parent Relationship": "Outer", "Join Type": "Inner", "Startup Cost": 3540088.91, "Total Cost": 3843115.38, "Plan Rows": 33034, "Plan Width": 40, "Inner Unique": true, "Plans": [{"Node Type": "Aggregate", "Strategy": "Hashed", "Parent Relationship": "Outer", "Startup Cost": 3540088.91, "Total Cost": 3606239.52, "Plan Rows": 33034, "Plan Width": 24, "Group By Key": ["public.lineitem.l_orderkey"], "Filter": "(sum(public.lineitem.l_quantity) > 314::double precision), (LLVM Optimized)", "Plans": [{"Node Type": "Index Scan", "Parent Relationship": "Outer", "Scan Direction": "Forward", "Index Name": "idx_lineitem_orderkey", "Relation Name": "lineitem", "Alias": "lineitem", "Startup Cost": 0.0, "Total Cost": 3240153.75, "Plan Rows": 59987033, "Plan Width": 16}]}, {"Node Type": "Index Scan", "Parent Relationship": "Inner", "Scan Direction": "Forward", "Index Name": "orders_pkey", "Relation Name": "orders", "Alias": "orders", "Startup Cost": 0.0, "Total Cost": 7.15, "Plan Rows": 1, "Plan Width": 32, "Index Cond": "(o_orderkey = public.lineitem.l_orderkey)"}]}, {"Node Type": "Index Scan", "Parent Relationship": "Inner", "Scan Direction": "Forward", "Index Name": "customer_pkey", "Relation Name": "customer", "Alias": "customer", "Startup Cost": 0.0, "Total Cost": 0.28, "Plan Rows": 1, "Plan Width": 27, "Index Cond": "(c_custkey = orders.o_custkey)"}]}, {"Node Type": "Index Scan", "Parent Relationship": "Inner", "Scan Direction": "Forward", "Index Name": "idx_lineitem_orderkey", "Relation Name": "lineitem", "Alias": "lineitem", "Startup Cost": 0.0, "Total Cost": 0.87, "Plan Rows": 9, "Plan Width": 16, "Index Cond": "(l_orderkey = orders.o_orderkey)"}]}]}]}]}, "Unique SQL Id": 1915754155, "Planner Runtime": 1}, "explain_analyze_plan": {"Plan": {"Node Type": "Limit", "Startup Cost": 3874068.21, "Total Cost": 3874068.46, "Plan Rows": 100, "Plan Width": 67, "Actual Startup Time": 78667.563, "Actual Total Time": 78667.58, "Actual Rows": 84, "Actual Loops": 1, "Plans": [{"Node Type": "Sort", "Parent Relationship": "Outer", "Startup Cost": 3874068.21, "Total Cost": 3874384.02, "Plan Rows": 100, "Plan Width": 67, "Actual Startup Time": 78667.561, "Actual Total Time": 78667.57, "Actual Rows": 84, "Actual Loops": 1, "Sort Key": ["orders.o_totalprice DESC", "orders.o_orderdate"], "Sort Method": "quicksort", "Sort Space Used": 38, "Sort Space Type": "Memory", "Plans": [{"Node Type": "Aggregate", "Strategy": "Hashed", "Parent Relationship": "Outer", "Startup Cost": 3867977.11, "Total Cost": 3869240.32, "Plan Rows": 126321, "Plan Width": 67, "Actual Startup Time": 78666.912, "Actual Total Time": 78667.456, "Actual Rows": 84, "Actual Loops": 1, "Group By Key": ["orders.o_totalprice", "orders.o_orderdate", "customer.c_name", "customer.c_custkey", "orders.o_orderkey"], "Plans": [{"Node Type": "Nested Loop", "Parent Relationship": "Outer", "Join Type": "Inner", "Startup Cost": 3540088.91, "Total Cost": 3866082.29, "Plan Rows": 126321, "Plan Width": 59, "Actual Startup Time": 71346.529, "Actual Total Time": 78665.231, "Actual Rows": 588, "Actual Loops": 1, "Inner Unique": false, "Plans": [{"Node Type": "Nested Loop", "Parent Relationship": "Outer", "Join Type": "Inner", "Startup Cost": 3540088.91, "Total Cost": 3852738.51, "Plan Rows": 13913, "Plan Width": 59, "Actual Startup Time": 71346.496, "Actual Total Time": 78662.632, "Actual Rows": 84, "Actual Loops": 1, "Inner Unique": true, "Plans": [{"Node Type": "Nested Loop", "Parent Relationship": "Outer", "Join Type": "Inner", "Startup Cost": 3540088.91, "Total Cost": 3843115.38, "Plan Rows": 33034, "Plan Width": 40, "Actual Startup Time": 71346.464, "Actual Total Time": 78660.834, "Actual Rows": 84, "Actual Loops": 1, "Inner Unique": true, "Plans": [{"Node Type": "Aggregate", "Strategy": "Hashed", "Parent Relationship": "Outer", "Startup Cost": 3540088.91, "Total Cost": 3606239.52, "Plan Rows": 33034, "Plan Width": 24, "Actual Startup Time": 71346.402, "Actual Total Time": 78640.855, "Actual Rows": 84, "Actual Loops": 1, "Group By Key": ["public.lineitem.l_orderkey"], "Filter": "(sum(public.lineitem.l_quantity) > 314::double precision), (LLVM Optimized, Jit Execute)", "Rows Removed by Filter": 14999916, "Plans": [{"Node Type": "Index Scan", "Parent Relationship": "Outer", "Scan Direction": "Forward", "Index Name": "idx_lineitem_orderkey", "Relation Name": "lineitem", "Alias": "lineitem", "Startup Cost": 0.0, "Total Cost": 3240153.75, "Plan Rows": 59987033, "Plan Width": 16, "Actual Startup Time": 0.07, "Actual Total Time": 42499.927, "Actual Rows": 59986052, "Actual Loops": 1}]}, {"Node Type": "Index Scan", "Parent Relationship": "Inner", "Scan Direction": "Forward", "Index Name": "orders_pkey", "Relation Name": "orders", "Alias": "orders", "Startup Cost": 0.0, "Total Cost": 7.15, "Plan Rows": 1, "Plan Width": 32, "Actual Startup Time": 2.739, "Actual Total Time": 2.739, "Actual Rows": 84, "Actual Loops": 84, "Index Cond": "(o_orderkey = public.lineitem.l_orderkey)", "Rows Removed by Index Recheck": 0}]}, {"Node Type": "Index Scan", "Parent Relationship": "Inner", "Scan Direction": "Forward", "Index Name": "customer_pkey", "Relation Name": "customer", "Alias": "customer", "Startup Cost": 0.0, "Total Cost": 0.28, "Plan Rows": 1, "Plan Width": 27, "Actual Startup Time": 1.301, "Actual Total Time": 1.301, "Actual Rows": 84, "Actual Loops": 84, "Index Cond": "(c_custkey = orders.o_custkey)", "Rows Removed by Index Recheck": 0}]}, {"Node Type": "Index Scan", "Parent Relationship": "Inner", "Scan Direction": "Forward", "Index Name": "idx_lineitem_orderkey", "Relation Name": "lineitem", "Alias": "lineitem", "Startup Cost": 0.0, "Total Cost": 0.87, "Plan Rows": 9, "Plan Width": 16, "Actual Startup Time": 1.627, "Actual Total Time": 2.06, "Actual Rows": 588, "Actual Loops": 84, "Index Cond": "(l_orderkey = orders.o_orderkey)", "Rows Removed by Index Recheck": 0}]}]}]}]}, "Triggers": [], "Planner Runtime": 2.114, "Total Runtime": 78676.91, "Unique SQL Id": 1915754155}}, "(64, '30')": {"explain_plan": {"Plan": {"Node Type": "Limit", "Startup Cost": 14964595.16, "Total Cost": 14964595.41, "Plan Rows": 100, "Plan Width": 67, "Plans": [{"Node Type": "Sort", "Parent Relationship": "Outer", "Startup Cost": 14964595.16, "Total Cost": 14964910.97, "Plan Rows": 100, "Plan Width": 67, "Sort Key": ["orders.o_totalprice DESC", "orders.o_orderdate"], "Plans": [{"Node Type": "Aggregate", "Strategy": "Hashed", "Parent Relationship": "Outer", "Startup Cost": 14958504.05, "Total Cost": 14959767.26, "Plan Rows": 126321, "Plan Width": 67, "Group By Key": ["orders.o_totalprice", "orders.o_orderdate", "customer.c_name", "customer.c_custkey", "orders.o_orderkey"], "Plans": [{"Node Type": "Merge Join", "Parent Relationship": "Outer", "Join Type": "Inner", "Startup Cost": 14656052.99, "Total Cost": 14956609.24, "Plan Rows": 126321, "Plan Width": 59, "Inner Unique": false, "Merge Cond": "(orders.o_orderkey = public.lineitem.l_orderkey)", "Plans": [{"Node Type": "Sort", "Parent Relationship": "Outer", "Startup Cost": 4891168.67, "Total Cost": 4891203.45, "Plan Rows": 13913, "Plan Width": 59, "Sort Key": ["orders.o_orderkey"], "Plans": [{"Node Type": "Merge Join", "Parent Relationship": "Outer", "Join Type": "Inner", "Startup Cost": 4882215.87, "Total Cost": 4890211.17, "Plan Rows": 13913, "Plan Width": 59, "Inner Unique": true, "Merge Cond": "(orders.o_custkey = customer.c_custkey)", "Plans": [{"Node Type": "Sort", "Parent Relationship": "Outer", "Startup Cost": 4676215.68, "Total Cost": 4676298.26, "Plan Rows": 33034, "Plan Width": 40, "Sort Key": ["orders.o_custkey"], "Plans": [{"Node Type": "Merge Join", "Parent Relationship": "Outer", "Join Type": "Semi", "Startup Cost": 4598243.3, "Total Cost": 4673736.2, "Plan Rows": 33034, "Plan Width": 40, "Inner Unique": false, "Merge Cond": "(orders.o_orderkey = public.lineitem.l_orderkey)", "Plans": [{"Node Type": "Sort", "Parent Relationship": "Outer", "Startup Cost": 2214232.37, "Total Cost": 2251731.07, "Plan Rows": 14999479, "Plan Width": 32, "Sort Key": ["orders.o_orderkey"], "Plans": [{"Node Type": "Seq Scan", "Parent Relationship": "Outer", "Relation Name": "orders", "Alias": "orders", "Startup Cost": 0.0, "Total Cost": 426413.79, "Plan Rows": 14999479, "Plan Width": 32}]}, {"Node Type": "Sort", "Parent Relationship": "Inner", "Startup Cost": 2384010.93, "Total Cost": 2384093.51, "Plan Rows": 33034, "Plan Width": 8, "Sort Key": ["public.lineitem.l_orderkey"], "Plans": [{"Node Type": "Aggregate", "Strategy": "Hashed", "Parent Relationship": "Outer", "Startup Cost": 2315050.5, "Total Cost": 2381201.11, "Plan Rows": 33034, "Plan Width": 24, "Group By Key": ["public.lineitem.l_orderkey"], "Filter": "(sum(public.lineitem.l_quantity) > 314::double precision), (LLVM Optimized)", "Plans": [{"Node Type": "Seq Scan", "Parent Relationship": "Outer", "Relation Name": "lineitem", "Alias": "lineitem", "Startup Cost": 0.0, "Total Cost": 2015115.33, "Plan Rows": 59987033, "Plan Width": 16}]}]}]}]}, {"Node Type": "Sort", "Parent Relationship": "Inner", "Startup Cost": 205999.98, "Total Cost": 209749.98, "Plan Rows": 1500000, "Plan Width": 27, "Sort Key": ["customer.c_custkey"], "Plans": [{"Node Type": "Seq Scan", "Parent Relationship": "Outer", "Relation Name": "customer", "Alias": "customer", "Startup Cost": 0.0, "Total Cost": 52126.0, "Plan Rows": 1500000, "Plan Width": 27}]}]}]}, {"Node Type": "Sort", "Parent Relationship": "Inner", "Startup Cost": 9764884.32, "Total Cost": 9914851.9, "Plan Rows": 59987033, "Plan Width": 16, "Sort Key": ["public.lineitem.l_orderkey"], "Plans": [{"Node Type": "Seq Scan", "Parent Relationship": "Outer", "Relation Name": "lineitem", "Alias": "lineitem", "Startup Cost": 0.0, "Total Cost": 2015115.33, "Plan Rows": 59987033, "Plan Width": 16}]}]}]}]}]}, "Unique SQL Id": 1915754155, "Planner Runtime": 1}, "explain_analyze_plan": null}, "(64, '31')": {"explain_plan": {"Plan": {"Node Type": "Limit", "Startup Cost": 4001456877030.4, "Total Cost": 4001456877030.65, "Plan Rows": 100, "Plan Width": 67, "Plans": [{"Node Type": "Sort", "Parent Relationship": "Outer", "Startup Cost": 4001456877030.4, "Total Cost": 4001456877346.2, "Plan Rows": 100, "Plan Width": 67, "Sort Key": ["orders.o_totalprice DESC", "orders.o_orderdate"], "Plans": [{"Node Type": "Aggregate", "Strategy": "Hashed", "Parent Relationship": "Outer", "Startup Cost": 4001456870939.29, "Total Cost": 4001456872202.5, "Plan Rows": 126321, "Plan Width": 67, "Group By Key": ["orders.o_totalprice", "orders.o_orderdate", "customer.c_name", "customer.c_custkey", "orders.o_orderkey"], "Plans": [{"Node Type": "Merge Join", "Parent Relationship": "Outer", "Join Type": "Inner", "Startup Cost": 1030466756474.59, "Total Cost": 4001456869044.47, "Plan Rows": 126321, "Plan Width": 59, "Inner Unique": false, "Merge Cond": "(orders.o_orderkey = public.lineitem.l_orderkey)", "Plans": [{"Node Type": "Nested Loop", "Parent Relationship": "Outer", "Join Type": "Inner", "Startup Cost": 1020324384270.1, "Total Cost": 3001148865393.43, "Plan Rows": 13913, "Plan Width": 59, "Inner Unique": true, "Join Filter": "(orders.o_custkey = customer.c_custkey)", "Plans": [{"Node Type": "Merge Join", "Parent Relationship": "Outer", "Join Type": "Semi", "Startup Cost": 1010324384270.1, "Total Cost": 2000397520107.8, "Plan Rows": 33034, "Plan Width": 40, "Inner Unique": false, "Merge Cond": "(orders.o_orderkey = public.lineitem.l_orderkey)", "Plans": [{"Node Type": "Index Scan", "Parent Relationship": "Outer", "Scan Direction": "Forward", "Index Name": "orders_pkey", "Relation Name": "orders", "Alias": "orders", "Startup Cost": 10000000000.0, "Total Cost": 1000073097843.5, "Plan Rows": 14999479, "Plan Width": 32}, {"Node Type": "Sort", "Parent Relationship": "Inner", "Startup Cost": 1000324384270.1, "Total Cost": 1000324384352.68, "Plan Rows": 33034, "Plan Width": 8, "Sort Key": ["public.lineitem.l_orderkey"], "Plans": [{"Node Type": "Aggregate", "Strategy": "Hashed", "Parent Relationship": "Outer", "Startup Cost": 1000324315309.67, "Total Cost": 1000324381460.28, "Plan Rows": 33034, "Plan Width": 24, "Group By Key": ["public.lineitem.l_orderkey"], "Filter": "(sum(public.lineitem.l_quantity) > 314::double precision), (LLVM Optimized)", "Plans": [{"Node Type": "Index Scan", "Parent Relationship": "Outer", "Scan Direction": "Forward", "Index Name": "idx_lineitem_orderkey", "Relation Name": "lineitem", "Alias": "lineitem", "Startup Cost": 10000000000.0, "Total Cost": 1000324015374.5, "Plan Rows": 59987033, "Plan Width": 16}]}]}]}, {"Node Type": "Materialize", "Parent Relationship": "Inner", "Startup Cost": 10000000000.0, "Total Cost": 1000008084035.62, "Plan Rows": 1500000, "Plan Width": 27, "Plans": [{"Node Type": "Index Scan", "Parent Relationship": "Outer", "Scan Direction": "Forward", "Index Name": "customer_pkey", "Relation Name": "customer", "Alias": "customer", "Startup Cost": 10000000000.0, "Total Cost": 1000008076535.62, "Plan Rows": 1500000, "Plan Width": 27}]}]}, {"Node Type": "Index Scan", "Parent Relationship": "Inner", "Scan Direction": "Forward", "Index Name": "idx_lineitem_orderkey", "Relation Name": "lineitem", "Alias": "lineitem", "Startup Cost": 10000000000.0, "Total Cost": 1000324015374.5, "Plan Rows": 59987033, "Plan Width": 16}]}]}]}]}, "Unique SQL Id": 1915754155, "Planner Runtime": 2}, "explain_analyze_plan": null}, "(64, '32')": {"explain_plan": {"Plan": {"Node Type": "Limit", "Startup Cost": 2649029.8, "Total Cost": 2649030.05, "Plan Rows": 100, "Plan Width": 67, "Plans": [{"Node Type": "Sort", "Parent Relationship": "Outer", "Startup Cost": 2649029.8, "Total Cost": 2649345.6, "Plan Rows": 100, "Plan Width": 67, "Sort Key": ["orders.o_totalprice DESC", "orders.o_orderdate"], "Plans": [{"Node Type": "Aggregate", "Strategy": "Hashed", "Parent Relationship": "Outer", "Startup Cost": 2642938.69, "Total Cost": 2644201.9, "Plan Rows": 126321, "Plan Width": 67, "Group By Key": ["orders.o_totalprice", "orders.o_orderdate", "customer.c_name", "customer.c_custkey", "orders.o_orderkey"], "Plans": [{"Node Type": "Nested Loop", "Parent Relationship": "Outer", "Join Type": "Inner", "Startup Cost": 2315050.5, "Total Cost": 2641043.88, "Plan Rows": 126321, "Plan Width": 59, "Inner Unique": false, "Plans": [{"Node Type": "Nested Loop", "Parent Relationship": "Outer", "Join Type": "Inner", "Startup Cost": 2315050.5, "Total Cost": 2627700.1, "Plan Rows": 13913, "Plan Width": 59, "Inner Unique": true, "Plans": [{"Node Type": "Nested Loop", "Parent Relationship": "Outer", "Join Type": "Inner", "Startup Cost": 2315050.5, "Total Cost": 2618076.97, "Plan Rows": 33034, "Plan Width": 40, "Inner Unique": true, "Plans": [{"Node Type": "Aggregate", "Strategy": "Hashed", "Parent Relationship": "Outer", "Startup Cost": 2315050.5, "Total Cost": 2381201.11, "Plan Rows": 33034, "Plan Width": 24, "Group By Key": ["public.lineitem.l_orderkey"], "Filter": "(sum(public.lineitem.l_quantity) > 314::double precision), (LLVM Optimized)", "Plans": [{"Node Type": "Seq Scan", "Parent Relationship": "Outer", "Relation Name": "lineitem", "Alias": "lineitem", "Startup Cost": 0.0, "Total Cost": 2015115.33, "Plan Rows": 59987033, "Plan Width": 16}]}, {"Node Type": "Index Scan", "Parent Relationship": "Inner", "Scan Direction": "Forward", "Index Name": "orders_pkey", "Relation Name": "orders", "Alias": "orders", "Startup Cost": 0.0, "Total Cost": 7.15, "Plan Rows": 1, "Plan Width": 32, "Index Cond": "(o_orderkey = public.lineitem.l_orderkey)"}]}, {"Node Type": "Index Scan", "Parent Relationship": "Inner", "Scan Direction": "Forward", "Index Name": "customer_pkey", "Relation Name": "customer", "Alias": "customer", "Startup Cost": 0.0, "Total Cost": 0.28, "Plan Rows": 1, "Plan Width": 27, "Index Cond": "(c_custkey = orders.o_custkey)"}]}, {"Node Type": "Index Scan", "Parent Relationship": "Inner", "Scan Direction": "Forward", "Index Name": "idx_lineitem_orderkey", "Relation Name": "lineitem", "Alias": "lineitem", "Startup Cost": 0.0, "Total Cost": 0.87, "Plan Rows": 9, "Plan Width": 16, "Index Cond": "(l_orderkey = orders.o_orderkey)"}]}]}]}]}, "Unique SQL Id": 1915754155, "Planner Runtime": 1}, "explain_analyze_plan": {"Plan": {"Node Type": "Limit", "Startup Cost": 2649029.8, "Total Cost": 2649030.05, "Plan Rows": 100, "Plan Width": 67, "Actual Startup Time": 54861.493, "Actual Total Time": 54861.508, "Actual Rows": 84, "Actual Loops": 1, "Plans": [{"Node Type": "Sort", "Parent Relationship": "Outer", "Startup Cost": 2649029.8, "Total Cost": 2649345.6, "Plan Rows": 100, "Plan Width": 67, "Actual Startup Time": 54861.49, "Actual Total Time": 54861.494, "Actual Rows": 84, "Actual Loops": 1, "Sort Key": ["orders.o_totalprice DESC", "orders.o_orderdate"], "Sort Method": "quicksort", "Sort Space Used": 38, "Sort Space Type": "Memory", "Plans": [{"Node Type": "Aggregate", "Strategy": "Hashed", "Parent Relationship": "Outer", "Startup Cost": 2642938.69, "Total Cost": 2644201.9, "Plan Rows": 126321, "Plan Width": 67, "Actual Startup Time": 54860.881, "Actual Total Time": 54861.367, "Actual Rows": 84, "Actual Loops": 1, "Group By Key": ["orders.o_totalprice", "orders.o_orderdate", "customer.c_name", "customer.c_custkey", "orders.o_orderkey"], "Plans": [{"Node Type": "Nested Loop", "Parent Relationship": "Outer", "Join Type": "Inner", "Startup Cost": 2315050.5, "Total Cost": 2641043.88, "Plan Rows": 126321, "Plan Width": 59, "Actual Startup Time": 49072.337, "Actual Total Time": 54858.992, "Actual Rows": 588, "Actual Loops": 1, "Inner Unique": false, "Plans": [{"Node Type": "Nested Loop", "Parent Relationship": "Outer", "Join Type": "Inner", "Startup Cost": 2315050.5, "Total Cost": 2627700.1, "Plan Rows": 13913, "Plan Width": 59, "Actual Startup Time": 49072.315, "Actual Total Time": 54856.844, "Actual Rows": 84, "Actual Loops": 1, "Inner Unique": true, "Plans": [{"Node Type": "Nested Loop", "Parent Relationship": "Outer", "Join Type": "Inner", "Startup Cost": 2315050.5, "Total Cost": 2618076.97, "Plan Rows": 33034, "Plan Width": 40, "Actual Startup Time": 49072.296, "Actual Total Time": 54855.643, "Actual Rows": 84, "Actual Loops": 1, "Inner Unique": true, "Plans": [{"Node Type": "Aggregate", "Strategy": "Hashed", "Parent Relationship": "Outer", "Startup Cost": 2315050.5, "Total Cost": 2381201.11, "Plan Rows": 33034, "Plan Width": 24, "Actual Startup Time": 49072.224, "Actual Total Time": 54835.622, "Actual Rows": 84, "Actual Loops": 1, "Group By Key": ["public.lineitem.l_orderkey"], "Filter": "(sum(public.lineitem.l_quantity) > 314::double precision), (LLVM Optimized, Jit Execute)", "Rows Removed by Filter": 14999916, "Plans": [{"Node Type": "Seq Scan", "Parent Relationship": "Outer", "Relation Name": "lineitem", "Alias": "lineitem", "Startup Cost": 0.0, "Total Cost": 2015115.33, "Plan Rows": 59987033, "Plan Width": 16, "Actual Startup Time": 0.051, "Actual Total Time": 20660.278, "Actual Rows": 59986052, "Actual Loops": 1}]}, {"Node Type": "Index Scan", "Parent Relationship": "Inner", "Scan Direction": "Forward", "Index Name": "orders_pkey", "Relation Name": "orders", "Alias": "orders", "Startup Cost": 0.0, "Total Cost": 7.15, "Plan Rows": 1, "Plan Width": 32, "Actual Startup Time": 2.649, "Actual Total Time": 2.649, "Actual Rows": 84, "Actual Loops": 84, "Index Cond": "(o_orderkey = public.lineitem.l_orderkey)", "Rows Removed by Index Recheck": 0}]}, {"Node Type": "Index Scan", "Parent Relationship": "Inner", "Scan Direction": "Forward", "Index Name": "customer_pkey", "Relation Name": "customer", "Alias": "customer", "Startup Cost": 0.0, "Total Cost": 0.28, "Plan Rows": 1, "Plan Width": 27, "Actual Startup Time": 0.851, "Actual Total Time": 0.851, "Actual Rows": 84, "Actual Loops": 84, "Index Cond": "(c_custkey = orders.o_custkey)", "Rows Removed by Index Recheck": 0}]}, {"Node Type": "Index Scan", "Parent Relationship": "Inner", "Scan Direction": "Forward", "Index Name": "idx_lineitem_orderkey", "Relation Name": "lineitem", "Alias": "lineitem", "Startup Cost": 0.0, "Total Cost": 0.87, "Plan Rows": 9, "Plan Width": 16, "Actual Startup Time": 1.215, "Actual Total Time": 1.721, "Actual Rows": 588, "Actual Loops": 84, "Index Cond": "(l_orderkey = orders.o_orderkey)", "Rows Removed by Index Recheck": 0}]}]}]}]}, "Triggers": [], "Planner Runtime": 2.136, "Total Runtime": 54871.674, "Unique SQL Id": 1915754155}}, "(64, '33')": {"explain_plan": {"Plan": {"Node Type": "Limit", "Startup Cost": 3874068.21, "Total Cost": 3874068.46, "Plan Rows": 100, "Plan Width": 67, "Plans": [{"Node Type": "Sort", "Parent Relationship": "Outer", "Startup Cost": 3874068.21, "Total Cost": 3874384.02, "Plan Rows": 100, "Plan Width": 67, "Sort Key": ["orders.o_totalprice DESC", "orders.o_orderdate"], "Plans": [{"Node Type": "Aggregate", "Strategy": "Hashed", "Parent Relationship": "Outer", "Startup Cost": 3867977.11, "Total Cost": 3869240.32, "Plan Rows": 126321, "Plan Width": 67, "Group By Key": ["orders.o_totalprice", "orders.o_orderdate", "customer.c_name", "customer.c_custkey", "orders.o_orderkey"], "Plans": [{"Node Type": "Nested Loop", "Parent Relationship": "Outer", "Join Type": "Inner", "Startup Cost": 3540088.91, "Total Cost": 3866082.29, "Plan Rows": 126321, "Plan Width": 59, "Inner Unique": false, "Plans": [{"Node Type": "Nested Loop", "Parent Relationship": "Outer", "Join Type": "Inner", "Startup Cost": 3540088.91, "Total Cost": 3852738.51, "Plan Rows": 13913, "Plan Width": 59, "Inner Unique": true, "Plans": [{"Node Type": "Nested Loop", "Parent Relationship": "Outer", "Join Type": "Inner", "Startup Cost": 3540088.91, "Total Cost": 3843115.38, "Plan Rows": 33034, "Plan Width": 40, "Inner Unique": true, "Plans": [{"Node Type": "Aggregate", "Strategy": "Hashed", "Parent Relationship": "Outer", "Startup Cost": 3540088.91, "Total Cost": 3606239.52, "Plan Rows": 33034, "Plan Width": 24, "Group By Key": ["public.lineitem.l_orderkey"], "Filter": "(sum(public.lineitem.l_quantity) > 314::double precision), (LLVM Optimized)", "Plans": [{"Node Type": "Index Scan", "Parent Relationship": "Outer", "Scan Direction": "Forward", "Index Name": "idx_lineitem_orderkey", "Relation Name": "lineitem", "Alias": "lineitem", "Startup Cost": 0.0, "Total Cost": 3240153.75, "Plan Rows": 59987033, "Plan Width": 16}]}, {"Node Type": "Index Scan", "Parent Relationship": "Inner", "Scan Direction": "Forward", "Index Name": "orders_pkey", "Relation Name": "orders", "Alias": "orders", "Startup Cost": 0.0, "Total Cost": 7.15, "Plan Rows": 1, "Plan Width": 32, "Index Cond": "(o_orderkey = public.lineitem.l_orderkey)"}]}, {"Node Type": "Index Scan", "Parent Relationship": "Inner", "Scan Direction": "Forward", "Index Name": "customer_pkey", "Relation Name": "customer", "Alias": "customer", "Startup Cost": 0.0, "Total Cost": 0.28, "Plan Rows": 1, "Plan Width": 27, "Index Cond": "(c_custkey = orders.o_custkey)"}]}, {"Node Type": "Index Scan", "Parent Relationship": "Inner", "Scan Direction": "Forward", "Index Name": "idx_lineitem_orderkey", "Relation Name": "lineitem", "Alias": "lineitem", "Startup Cost": 0.0, "Total Cost": 0.87, "Plan Rows": 9, "Plan Width": 16, "Index Cond": "(l_orderkey = orders.o_orderkey)"}]}]}]}]}, "Unique SQL Id": 1915754155, "Planner Runtime": 1}, "explain_analyze_plan": {"Plan": {"Node Type": "Limit", "Startup Cost": 3874068.21, "Total Cost": 3874068.46, "Plan Rows": 100, "Plan Width": 67, "Actual Startup Time": 78667.563, "Actual Total Time": 78667.58, "Actual Rows": 84, "Actual Loops": 1, "Plans": [{"Node Type": "Sort", "Parent Relationship": "Outer", "Startup Cost": 3874068.21, "Total Cost": 3874384.02, "Plan Rows": 100, "Plan Width": 67, "Actual Startup Time": 78667.561, "Actual Total Time": 78667.57, "Actual Rows": 84, "Actual Loops": 1, "Sort Key": ["orders.o_totalprice DESC", "orders.o_orderdate"], "Sort Method": "quicksort", "Sort Space Used": 38, "Sort Space Type": "Memory", "Plans": [{"Node Type": "Aggregate", "Strategy": "Hashed", "Parent Relationship": "Outer", "Startup Cost": 3867977.11, "Total Cost": 3869240.32, "Plan Rows": 126321, "Plan Width": 67, "Actual Startup Time": 78666.912, "Actual Total Time": 78667.456, "Actual Rows": 84, "Actual Loops": 1, "Group By Key": ["orders.o_totalprice", "orders.o_orderdate", "customer.c_name", "customer.c_custkey", "orders.o_orderkey"], "Plans": [{"Node Type": "Nested Loop", "Parent Relationship": "Outer", "Join Type": "Inner", "Startup Cost": 3540088.91, "Total Cost": 3866082.29, "Plan Rows": 126321, "Plan Width": 59, "Actual Startup Time": 71346.529, "Actual Total Time": 78665.231, "Actual Rows": 588, "Actual Loops": 1, "Inner Unique": false, "Plans": [{"Node Type": "Nested Loop", "Parent Relationship": "Outer", "Join Type": "Inner", "Startup Cost": 3540088.91, "Total Cost": 3852738.51, "Plan Rows": 13913, "Plan Width": 59, "Actual Startup Time": 71346.496, "Actual Total Time": 78662.632, "Actual Rows": 84, "Actual Loops": 1, "Inner Unique": true, "Plans": [{"Node Type": "Nested Loop", "Parent Relationship": "Outer", "Join Type": "Inner", "Startup Cost": 3540088.91, "Total Cost": 3843115.38, "Plan Rows": 33034, "Plan Width": 40, "Actual Startup Time": 71346.464, "Actual Total Time": 78660.834, "Actual Rows": 84, "Actual Loops": 1, "Inner Unique": true, "Plans": [{"Node Type": "Aggregate", "Strategy": "Hashed", "Parent Relationship": "Outer", "Startup Cost": 3540088.91, "Total Cost": 3606239.52, "Plan Rows": 33034, "Plan Width": 24, "Actual Startup Time": 71346.402, "Actual Total Time": 78640.855, "Actual Rows": 84, "Actual Loops": 1, "Group By Key": ["public.lineitem.l_orderkey"], "Filter": "(sum(public.lineitem.l_quantity) > 314::double precision), (LLVM Optimized, Jit Execute)", "Rows Removed by Filter": 14999916, "Plans": [{"Node Type": "Index Scan", "Parent Relationship": "Outer", "Scan Direction": "Forward", "Index Name": "idx_lineitem_orderkey", "Relation Name": "lineitem", "Alias": "lineitem", "Startup Cost": 0.0, "Total Cost": 3240153.75, "Plan Rows": 59987033, "Plan Width": 16, "Actual Startup Time": 0.07, "Actual Total Time": 42499.927, "Actual Rows": 59986052, "Actual Loops": 1}]}, {"Node Type": "Index Scan", "Parent Relationship": "Inner", "Scan Direction": "Forward", "Index Name": "orders_pkey", "Relation Name": "orders", "Alias": "orders", "Startup Cost": 0.0, "Total Cost": 7.15, "Plan Rows": 1, "Plan Width": 32, "Actual Startup Time": 2.739, "Actual Total Time": 2.739, "Actual Rows": 84, "Actual Loops": 84, "Index Cond": "(o_orderkey = public.lineitem.l_orderkey)", "Rows Removed by Index Recheck": 0}]}, {"Node Type": "Index Scan", "Parent Relationship": "Inner", "Scan Direction": "Forward", "Index Name": "customer_pkey", "Relation Name": "customer", "Alias": "customer", "Startup Cost": 0.0, "Total Cost": 0.28, "Plan Rows": 1, "Plan Width": 27, "Actual Startup Time": 1.301, "Actual Total Time": 1.301, "Actual Rows": 84, "Actual Loops": 84, "Index Cond": "(c_custkey = orders.o_custkey)", "Rows Removed by Index Recheck": 0}]}, {"Node Type": "Index Scan", "Parent Relationship": "Inner", "Scan Direction": "Forward", "Index Name": "idx_lineitem_orderkey", "Relation Name": "lineitem", "Alias": "lineitem", "Startup Cost": 0.0, "Total Cost": 0.87, "Plan Rows": 9, "Plan Width": 16, "Actual Startup Time": 1.627, "Actual Total Time": 2.06, "Actual Rows": 588, "Actual Loops": 84, "Index Cond": "(l_orderkey = orders.o_orderkey)", "Rows Removed by Index Recheck": 0}]}]}]}]}, "Triggers": [], "Planner Runtime": 2.114, "Total Runtime": 78676.91, "Unique SQL Id": 1915754155}}, "(64, '34')": {"explain_plan": {"Plan": {"Node Type": "Limit", "Startup Cost": 2768625.52, "Total Cost": 2768625.77, "Plan Rows": 100, "Plan Width": 67, "Plans": [{"Node Type": "Sort", "Parent Relationship": "Outer", "Startup Cost": 2768625.52, "Total Cost": 2768941.33, "Plan Rows": 100, "Plan Width": 67, "Sort Key": ["orders.o_totalprice DESC", "orders.o_orderdate"], "Plans": [{"Node Type": "Aggregate", "Strategy": "Hashed", "Parent Relationship": "Outer", "Startup Cost": 2762534.42, "Total Cost": 2763797.63, "Plan Rows": 126321, "Plan Width": 67, "Group By Key": ["orders.o_totalprice", "orders.o_orderdate", "customer.c_name", "customer.c_custkey", "orders.o_orderkey"], "Plans": [{"Node Type": "Nested Loop", "Parent Relationship": "Outer", "Join Type": "Inner", "Startup Cost": 2385930.24, "Total Cost": 2760639.6, "Plan Rows": 126321, "Plan Width": 59, "Inner Unique": false, "Plans": [{"Node Type": "Hash Join", "Parent Relationship": "Outer", "Join Type": "Inner", "Startup Cost": 2385929.86, "Total Cost": 2696863.45, "Plan Rows": 13913, "Plan Width": 59, "Inner Unique": true, "Hash Cond": "(orders.o_custkey = customer.c_custkey)", "Plans": [{"Node Type": "Nested Loop", "Parent Relationship": "Outer", "Join Type": "Inner", "Startup Cost": 2315053.86, "Total Cost": 2625533.23, "Plan Rows": 33034, "Plan Width": 40, "Inner Unique": true, "Plans": [{"Node Type": "Aggregate", "Strategy": "Hashed", "Parent Relationship": "Outer", "Startup Cost": 2315050.5, "Total Cost": 2381201.11, "Plan Rows": 33034, "Plan Width": 24, "Group By Key": ["public.lineitem.l_orderkey"], "Filter": "(sum(public.lineitem.l_quantity) > 314::double precision), (LLVM Optimized)", "Plans": [{"Node Type": "Seq Scan", "Parent Relationship": "Outer", "Relation Name": "lineitem", "Alias": "lineitem", "Startup Cost": 0.0, "Total Cost": 2015115.33, "Plan Rows": 59987033, "Plan Width": 16}]}, {"Node Type": "Bitmap Heap Scan", "Parent Relationship": "Inner", "Relation Name": "orders", "Alias": "orders", "Startup Cost": 3.36, "Total Cost": 7.38, "Plan Rows": 1, "Plan Width": 32, "Recheck Cond": "(o_orderkey = public.lineitem.l_orderkey)", "Plans": [{"Node Type": "Bitmap Index Scan", "Parent Relationship": "Outer", "Index Name": "orders_pkey", "Startup Cost": 0.0, "Total Cost": 3.36, "Plan Rows": 1, "Plan Width": 0, "Index Cond": "(o_orderkey = public.lineitem.l_orderkey)"}]}]}, {"Node Type": "Hash", "Parent Relationship": "Inner", "Startup Cost": 52126.0, "Total Cost": 52126.0, "Plan Rows": 1500000, "Plan Width": 27, "Plans": [{"Node Type": "Seq Scan", "Parent Relationship": "Outer", "Relation Name": "customer", "Alias": "customer", "Startup Cost": 0.0, "Total Cost": 52126.0, "Plan Rows": 1500000, "Plan Width": 27}]}]}, {"Node Type": "Bitmap Heap Scan", "Parent Relationship": "Inner", "Relation Name": "lineitem", "Alias": "lineitem", "Startup Cost": 0.38, "Total Cost": 4.49, "Plan Rows": 9, "Plan Width": 16, "Recheck Cond": "(l_orderkey = orders.o_orderkey)", "Plans": [{"Node Type": "Bitmap Index Scan", "Parent Relationship": "Outer", "Index Name": "idx_lineitem_orderkey", "Startup Cost": 0.0, "Total Cost": 0.38, "Plan Rows": 9, "Plan Width": 0, "Index Cond": "(l_orderkey = orders.o_orderkey)"}]}]}]}]}]}, "Unique SQL Id": 1915754155, "Planner Runtime": 1}, "explain_analyze_plan": {"Plan": {"Node Type": "Limit", "Startup Cost": 2768625.52, "Total Cost": 2768625.77, "Plan Rows": 100, "Plan Width": 67, "Actual Startup Time": 52986.061, "Actual Total Time": 52986.077, "Actual Rows": 84, "Actual Loops": 1, "Plans": [{"Node Type": "Sort", "Parent Relationship": "Outer", "Startup Cost": 2768625.52, "Total Cost": 2768941.33, "Plan Rows": 100, "Plan Width": 67, "Actual Startup Time": 52986.06, "Actual Total Time": 52986.069, "Actual Rows": 84, "Actual Loops": 1, "Sort Key": ["orders.o_totalprice DESC", "orders.o_orderdate"], "Sort Method": "quicksort", "Sort Space Used": 38, "Sort Space Type": "Memory", "Plans": [{"Node Type": "Aggregate", "Strategy": "Hashed", "Parent Relationship": "Outer", "Startup Cost": 2762534.42, "Total Cost": 2763797.63, "Plan Rows": 126321, "Plan Width": 67, "Actual Startup Time": 52985.597, "Actual Total Time": 52985.959, "Actual Rows": 84, "Actual Loops": 1, "Group By Key": ["orders.o_totalprice", "orders.o_orderdate", "customer.c_name", "customer.c_custkey", "orders.o_orderkey"], "Plans": [{"Node Type": "Nested Loop", "Parent Relationship": "Outer", "Join Type": "Inner", "Startup Cost": 2385930.24, "Total Cost": 2760639.6, "Plan Rows": 126321, "Plan Width": 59, "Actual Startup Time": 47937.22, "Actual Total Time": 52983.281, "Actual Rows": 588, "Actual Loops": 1, "Inner Unique": false, "Plans": [{"Node Type": "Hash Join", "Parent Relationship": "Outer", "Join Type": "Inner", "Startup Cost": 2385929.86, "Total Cost": 2696863.45, "Plan Rows": 13913, "Plan Width": 59, "Actual Startup Time": 47937.171, "Actual Total Time": 52960.029, "Actual Rows": 84, "Actual Loops": 1, "Inner Unique": true, "Hash Cond": "(orders.o_custkey = customer.c_custkey)", "Plans": [{"Node Type": "Nested Loop", "Parent Relationship": "Outer", "Join Type": "Inner", "Startup Cost": 2315053.86, "Total Cost": 2625533.23, "Plan Rows": 33034, "Plan Width": 40, "Actual Startup Time": 46843.007, "Actual Total Time": 51861.678, "Actual Rows": 84, "Actual Loops": 1, "Inner Unique": true, "Plans": [{"Node Type": "Aggregate", "Strategy": "Hashed", "Parent Relationship": "Outer", "Startup Cost": 2315050.5, "Total Cost": 2381201.11, "Plan Rows": 33034, "Plan Width": 24, "Actual Startup Time": 46842.884, "Actual Total Time": 51843.325, "Actual Rows": 84, "Actual Loops": 1, "Group By Key": ["public.lineitem.l_orderkey"], "Filter": "(sum(public.lineitem.l_quantity) > 314::double precision), (LLVM Optimized, Jit Execute)", "Rows Removed by Filter": 14999916, "Plans": [{"Node Type": "Seq Scan", "Parent Relationship": "Outer", "Relation Name": "lineitem", "Alias": "lineitem", "Startup Cost": 0.0, "Total Cost": 2015115.33, "Plan Rows": 59987033, "Plan Width": 16, "Actual Startup Time": 0.033, "Actual Total Time": 20311.421, "Actual Rows": 59986052, "Actual Loops": 1}]}, {"Node Type": "Bitmap Heap Scan", "Parent Relationship": "Inner", "Relation Name": "orders", "Alias": "orders", "Startup Cost": 3.36, "Total Cost": 7.38, "Plan Rows": 1, "Plan Width": 32, "Actual Startup Time": 3.61, "Actual Total Time": 3.61, "Actual Rows": 84, "Actual Loops": 84, "Recheck Cond": "(o_orderkey = public.lineitem.l_orderkey)", "Rows Removed by Index Recheck": 0, "Exact Heap Blocks": 84, "Lossy Heap Blocks": 84, "Plans": [{"Node Type": "Bitmap Index Scan", "Parent Relationship": "Outer", "Index Name": "orders_pkey", "Startup Cost": 0.0, "Total Cost": 3.36, "Plan Rows": 1, "Plan Width": 0, "Actual Startup Time": 2.351, "Actual Total Time": 2.351, "Actual Rows": 84, "Actual Loops": 84, "Index Cond": "(o_orderkey = public.lineitem.l_orderkey)"}]}]}, {"Node Type": "Hash", "Parent Relationship": "Inner", "Startup Cost": 52126.0, "Total Cost": 52126.0, "Plan Rows": 1500000, "Plan Width": 27, "Actual Startup Time": 1092.602, "Actual Total Time": 1092.602, "Actual Rows": 1500000, "Actual Loops": 1, "Hash Buckets": 2097152, "Hash Batches": 1, "Original Hash Batches": 1, "Peak Memory Usage": 93750, "Plans": [{"Node Type": "Seq Scan", "Parent Relationship": "Outer", "Relation Name": "customer", "Alias": "customer", "Startup Cost": 0.0, "Total Cost": 52126.0, "Plan Rows": 1500000, "Plan Width": 27, "Actual Startup Time": 0.029, "Actual Total Time": 587.14, "Actual Rows": 1500000, "Actual Loops": 1}]}]}, {"Node Type": "Bitmap Heap Scan", "Parent Relationship": "Inner", "Relation Name": "lineitem", "Alias": "lineitem", "Startup Cost": 0.38, "Total Cost": 4.49, "Plan Rows": 9, "Plan Width": 16, "Actual Startup Time": 1.943, "Actual Total Time": 2.103, "Actual Rows": 588, "Actual Loops": 84, "Recheck Cond": "(l_orderkey = orders.o_orderkey)", "Rows Removed by Index Recheck": 0, "Exact Heap Blocks": 96, "Lossy Heap Blocks": 96, "Plans": [{"Node Type": "Bitmap Index Scan", "Parent Relationship": "Outer", "Index Name": "idx_lineitem_orderkey", "Startup Cost": 0.0, "Total Cost": 0.38, "Plan Rows": 9, "Plan Width": 0, "Actual Startup Time": 1.193, "Actual Total Time": 1.193, "Actual Rows": 588, "Actual Loops": 84, "Index Cond": "(l_orderkey = orders.o_orderkey)"}]}]}]}]}]}, "Triggers": [], "Planner Runtime": 2.066, "Total Runtime": 52995.547, "Unique SQL Id": 1915754155}}, "(64, '35')": {"explain_plan": {"Plan": {"Node Type": "Limit", "Startup Cost": 1000324838994.8, "Total Cost": 1000324838995.05, "Plan Rows": 100, "Plan Width": 67, "Plans": [{"Node Type": "Sort", "Parent Relationship": "Outer", "Startup Cost": 1000324838994.8, "Total Cost": 1000324839310.61, "Plan Rows": 100, "Plan Width": 67, "Sort Key": ["orders.o_totalprice DESC", "orders.o_orderdate"], "Plans": [{"Node Type": "Aggregate", "Strategy": "Hashed", "Parent Relationship": "Outer", "Startup Cost": 1000324832903.7, "Total Cost": 1000324834166.91, "Plan Rows": 126321, "Plan Width": 67, "Group By Key": ["orders.o_totalprice", "orders.o_orderdate", "customer.c_name", "customer.c_custkey", "orders.o_orderkey"], "Plans": [{"Node Type": "Nested Loop", "Parent Relationship": "Outer", "Join Type": "Inner", "Startup Cost": 1000324315313.67, "Total Cost": 1000324831008.88, "Plan Rows": 126321, "Plan Width": 59, "Inner Unique": false, "Plans": [{"Node Type": "Nested Loop", "Parent Relationship": "Outer", "Join Type": "Inner", "Startup Cost": 1000324315313.29, "Total Cost": 1000324767232.73, "Plan Rows": 13913, "Plan Width": 59, "Inner Unique": true, "Plans": [{"Node Type": "Nested Loop", "Parent Relationship": "Outer", "Join Type": "Inner", "Startup Cost": 1000324315313.03, "Total Cost": 1000324625792.4, "Plan Rows": 33034, "Plan Width": 40, "Inner Unique": true, "Plans": [{"Node Type": "Aggregate", "Strategy": "Hashed", "Parent Relationship": "Outer", "Startup Cost": 1000324315309.67, "Total Cost": 1000324381460.28, "Plan Rows": 33034, "Plan Width": 24, "Group By Key": ["public.lineitem.l_orderkey"], "Filter": "(sum(public.lineitem.l_quantity) > 314::double precision), (LLVM Optimized)", "Plans": [{"Node Type": "Index Scan", "Parent Relationship": "Outer", "Scan Direction": "Forward", "Index Name": "idx_lineitem_orderkey", "Relation Name": "lineitem", "Alias": "lineitem", "Startup Cost": 10000000000.0, "Total Cost": 1000324015374.5, "Plan Rows": 59987033, "Plan Width": 16}]}, {"Node Type": "Bitmap Heap Scan", "Parent Relationship": "Inner", "Relation Name": "orders", "Alias": "orders", "Startup Cost": 3.36, "Total Cost": 7.38, "Plan Rows": 1, "Plan Width": 32, "Recheck Cond": "(o_orderkey = public.lineitem.l_orderkey)", "Plans": [{"Node Type": "Bitmap Index Scan", "Parent Relationship": "Outer", "Index Name": "orders_pkey", "Startup Cost": 0.0, "Total Cost": 3.36, "Plan Rows": 1, "Plan Width": 0, "Index Cond": "(o_orderkey = public.lineitem.l_orderkey)"}]}]}, {"Node Type": "Bitmap Heap Scan", "Parent Relationship": "Inner", "Relation Name": "customer", "Alias": "customer", "Startup Cost": 0.26, "Total Cost": 4.27, "Plan Rows": 1, "Plan Width": 27, "Recheck Cond": "(c_custkey = orders.o_custkey)", "Plans": [{"Node Type": "Bitmap Index Scan", "Parent Relationship": "Outer", "Index Name": "customer_pkey", "Startup Cost": 0.0, "Total Cost": 0.26, "Plan Rows": 1, "Plan Width": 0, "Index Cond": "(c_custkey = orders.o_custkey)"}]}]}, {"Node Type": "Bitmap Heap Scan", "Parent Relationship": "Inner", "Relation Name": "lineitem", "Alias": "lineitem", "Startup Cost": 0.38, "Total Cost": 4.49, "Plan Rows": 9, "Plan Width": 16, "Recheck Cond": "(l_orderkey = orders.o_orderkey)", "Plans": [{"Node Type": "Bitmap Index Scan", "Parent Relationship": "Outer", "Index Name": "idx_lineitem_orderkey", "Startup Cost": 0.0, "Total Cost": 0.38, "Plan Rows": 9, "Plan Width": 0, "Index Cond": "(l_orderkey = orders.o_orderkey)"}]}]}]}]}]}, "Unique SQL Id": 1915754155, "Planner Runtime": 1}, "explain_analyze_plan": {"Plan": {"Node Type": "Limit", "Startup Cost": 1000324838994.8, "Total Cost": 1000324838995.05, "Plan Rows": 100, "Plan Width": 67, "Actual Startup Time": 80249.492, "Actual Total Time": 80249.51, "Actual Rows": 84, "Actual Loops": 1, "Plans": [{"Node Type": "Sort", "Parent Relationship": "Outer", "Startup Cost": 1000324838994.8, "Total Cost": 1000324839310.61, "Plan Rows": 100, "Plan Width": 67, "Actual Startup Time": 80249.49, "Actual Total Time": 80249.501, "Actual Rows": 84, "Actual Loops": 1, "Sort Key": ["orders.o_totalprice DESC", "orders.o_orderdate"], "Sort Method": "quicksort", "Sort Space Used": 38, "Sort Space Type": "Memory", "Plans": [{"Node Type": "Aggregate", "Strategy": "Hashed", "Parent Relationship": "Outer", "Startup Cost": 1000324832903.7, "Total Cost": 1000324834166.91, "Plan Rows": 126321, "Plan Width": 67, "Actual Startup Time": 80249.1, "Actual Total Time": 80249.389, "Actual Rows": 84, "Actual Loops": 1, "Group By Key": ["orders.o_totalprice", "orders.o_orderdate", "customer.c_name", "customer.c_custkey", "orders.o_orderkey"], "Plans": [{"Node Type": "Nested Loop", "Parent Relationship": "Outer", "Join Type": "Inner", "Startup Cost": 1000324315313.67, "Total Cost": 1000324831008.88, "Plan Rows": 126321, "Plan Width": 59, "Actual Startup Time": 73111.745, "Actual Total Time": 80247.199, "Actual Rows": 588, "Actual Loops": 1, "Inner Unique": false, "Plans": [{"Node Type": "Nested Loop", "Parent Relationship": "Outer", "Join Type": "Inner", "Startup Cost": 1000324315313.29, "Total Cost": 1000324767232.73, "Plan Rows": 13913, "Plan Width": 59, "Actual Startup Time": 73111.701, "Actual Total Time": 80244.173, "Actual Rows": 84, "Actual Loops": 1, "Inner Unique": true, "Plans": [{"Node Type": "Nested Loop", "Parent Relationship": "Outer", "Join Type": "Inner", "Startup Cost": 1000324315313.03, "Total Cost": 1000324625792.4, "Plan Rows": 33034, "Plan Width": 40, "Actual Startup Time": 73111.642, "Actual Total Time": 80242.091, "Actual Rows": 84, "Actual Loops": 1, "Inner Unique": true, "Plans": [{"Node Type": "Aggregate", "Strategy": "Hashed", "Parent Relationship": "Outer", "Startup Cost": 1000324315309.67, "Total Cost": 1000324381460.28, "Plan Rows": 33034, "Plan Width": 24, "Actual Startup Time": 73111.524, "Actual Total Time": 80223.033, "Actual Rows": 84, "Actual Loops": 1, "Group By Key": ["public.lineitem.l_orderkey"], "Filter": "(sum(public.lineitem.l_quantity) > 314::double precision), (LLVM Optimized, Jit Execute)", "Rows Removed by Filter": 14999916, "Plans": [{"Node Type": "Index Scan", "Parent Relationship": "Outer", "Scan Direction": "Forward", "Index Name": "idx_lineitem_orderkey", "Relation Name": "lineitem", "Alias": "lineitem", "Startup Cost": 10000000000.0, "Total Cost": 1000324015374.5, "Plan Rows": 59987033, "Plan Width": 16, "Actual Startup Time": 0.063, "Actual Total Time": 44361.768, "Actual Rows": 59986052, "Actual Loops": 1}]}, {"Node Type": "Bitmap Heap Scan", "Parent Relationship": "Inner", "Relation Name": "orders", "Alias": "orders", "Startup Cost": 3.36, "Total Cost": 7.38, "Plan Rows": 1, "Plan Width": 32, "Actual Startup Time": 3.64, "Actual Total Time": 3.64, "Actual Rows": 84, "Actual Loops": 84, "Recheck Cond": "(o_orderkey = public.lineitem.l_orderkey)", "Rows Removed by Index Recheck": 0, "Exact Heap Blocks": 84, "Lossy Heap Blocks": 84, "Plans": [{"Node Type": "Bitmap Index Scan", "Parent Relationship": "Outer", "Index Name": "orders_pkey", "Startup Cost": 0.0, "Total Cost": 3.36, "Plan Rows": 1, "Plan Width": 0, "Actual Startup Time": 2.402, "Actual Total Time": 2.402, "Actual Rows": 84, "Actual Loops": 84, "Index Cond": "(o_orderkey = public.lineitem.l_orderkey)"}]}]}, {"Node Type": "Bitmap Heap Scan", "Parent Relationship": "Inner", "Relation Name": "customer", "Alias": "customer", "Startup Cost": 0.26, "Total Cost": 4.27, "Plan Rows": 1, "Plan Width": 27, "Actual Startup Time": 1.455, "Actual Total Time": 1.455, "Actual Rows": 84, "Actual Loops": 84, "Recheck Cond": "(c_custkey = orders.o_custkey)", "Rows Removed by Index Recheck": 0, "Exact Heap Blocks": 84, "Lossy Heap Blocks": 84, "Plans": [{"Node Type": "Bitmap Index Scan", "Parent Relationship": "Outer", "Index Name": "customer_pkey", "Startup Cost": 0.0, "Total Cost": 0.26, "Plan Rows": 1, "Plan Width": 0, "Actual Startup Time": 0.897, "Actual Total Time": 0.897, "Actual Rows": 84, "Actual Loops": 84, "Index Cond": "(c_custkey = orders.o_custkey)"}]}]}, {"Node Type": "Bitmap Heap Scan", "Parent Relationship": "Inner", "Relation Name": "lineitem", "Alias": "lineitem", "Startup Cost": 0.38, "Total Cost": 4.49, "Plan Rows": 9, "Plan Width": 16, "Actual Startup Time": 2.054, "Actual Total Time": 2.216, "Actual Rows": 588, "Actual Loops": 84, "Recheck Cond": "(l_orderkey = orders.o_orderkey)", "Rows Removed by Index Recheck": 0, "Exact Heap Blocks": 96, "Lossy Heap Blocks": 96, "Plans": [{"Node Type": "Bitmap Index Scan", "Parent Relationship": "Outer", "Index Name": "idx_lineitem_orderkey", "Startup Cost": 0.0, "Total Cost": 0.38, "Plan Rows": 9, "Plan Width": 0, "Actual Startup Time": 1.268, "Actual Total Time": 1.268, "Actual Rows": 588, "Actual Loops": 84, "Index Cond": "(l_orderkey = orders.o_orderkey)"}]}]}]}]}]}, "Triggers": [], "Planner Runtime": 1.823, "Total Runtime": 80258.843, "Unique SQL Id": 1915754155}}, "(64, '36')": {"explain_plan": {"Plan": {"Node Type": "Limit", "Startup Cost": 2649029.8, "Total Cost": 2649030.05, "Plan Rows": 100, "Plan Width": 67, "Plans": [{"Node Type": "Sort", "Parent Relationship": "Outer", "Startup Cost": 2649029.8, "Total Cost": 2649345.6, "Plan Rows": 100, "Plan Width": 67, "Sort Key": ["orders.o_totalprice DESC", "orders.o_orderdate"], "Plans": [{"Node Type": "Aggregate", "Strategy": "Hashed", "Parent Relationship": "Outer", "Startup Cost": 2642938.69, "Total Cost": 2644201.9, "Plan Rows": 126321, "Plan Width": 67, "Group By Key": ["orders.o_totalprice", "orders.o_orderdate", "customer.c_name", "customer.c_custkey", "orders.o_orderkey"], "Plans": [{"Node Type": "Nested Loop", "Parent Relationship": "Outer", "Join Type": "Inner", "Startup Cost": 2315050.5, "Total Cost": 2641043.88, "Plan Rows": 126321, "Plan Width": 59, "Inner Unique": false, "Plans": [{"Node Type": "Nested Loop", "Parent Relationship": "Outer", "Join Type": "Inner", "Startup Cost": 2315050.5, "Total Cost": 2627700.1, "Plan Rows": 13913, "Plan Width": 59, "Inner Unique": true, "Plans": [{"Node Type": "Nested Loop", "Parent Relationship": "Outer", "Join Type": "Inner", "Startup Cost": 2315050.5, "Total Cost": 2618076.97, "Plan Rows": 33034, "Plan Width": 40, "Inner Unique": true, "Plans": [{"Node Type": "Aggregate", "Strategy": "Hashed", "Parent Relationship": "Outer", "Startup Cost": 2315050.5, "Total Cost": 2381201.11, "Plan Rows": 33034, "Plan Width": 24, "Group By Key": ["public.lineitem.l_orderkey"], "Filter": "(sum(public.lineitem.l_quantity) > 314::double precision), (LLVM Optimized)", "Plans": [{"Node Type": "Seq Scan", "Parent Relationship": "Outer", "Relation Name": "lineitem", "Alias": "lineitem", "Startup Cost": 0.0, "Total Cost": 2015115.33, "Plan Rows": 59987033, "Plan Width": 16}]}, {"Node Type": "Index Scan", "Parent Relationship": "Inner", "Scan Direction": "Forward", "Index Name": "orders_pkey", "Relation Name": "orders", "Alias": "orders", "Startup Cost": 0.0, "Total Cost": 7.15, "Plan Rows": 1, "Plan Width": 32, "Index Cond": "(o_orderkey = public.lineitem.l_orderkey)"}]}, {"Node Type": "Index Scan", "Parent Relationship": "Inner", "Scan Direction": "Forward", "Index Name": "customer_pkey", "Relation Name": "customer", "Alias": "customer", "Startup Cost": 0.0, "Total Cost": 0.28, "Plan Rows": 1, "Plan Width": 27, "Index Cond": "(c_custkey = orders.o_custkey)"}]}, {"Node Type": "Index Scan", "Parent Relationship": "Inner", "Scan Direction": "Forward", "Index Name": "idx_lineitem_orderkey", "Relation Name": "lineitem", "Alias": "lineitem", "Startup Cost": 0.0, "Total Cost": 0.87, "Plan Rows": 9, "Plan Width": 16, "Index Cond": "(l_orderkey = orders.o_orderkey)"}]}]}]}]}, "Unique SQL Id": 1915754155, "Planner Runtime": 1}, "explain_analyze_plan": {"Plan": {"Node Type": "Limit", "Startup Cost": 2649029.8, "Total Cost": 2649030.05, "Plan Rows": 100, "Plan Width": 67, "Actual Startup Time": 54861.493, "Actual Total Time": 54861.508, "Actual Rows": 84, "Actual Loops": 1, "Plans": [{"Node Type": "Sort", "Parent Relationship": "Outer", "Startup Cost": 2649029.8, "Total Cost": 2649345.6, "Plan Rows": 100, "Plan Width": 67, "Actual Startup Time": 54861.49, "Actual Total Time": 54861.494, "Actual Rows": 84, "Actual Loops": 1, "Sort Key": ["orders.o_totalprice DESC", "orders.o_orderdate"], "Sort Method": "quicksort", "Sort Space Used": 38, "Sort Space Type": "Memory", "Plans": [{"Node Type": "Aggregate", "Strategy": "Hashed", "Parent Relationship": "Outer", "Startup Cost": 2642938.69, "Total Cost": 2644201.9, "Plan Rows": 126321, "Plan Width": 67, "Actual Startup Time": 54860.881, "Actual Total Time": 54861.367, "Actual Rows": 84, "Actual Loops": 1, "Group By Key": ["orders.o_totalprice", "orders.o_orderdate", "customer.c_name", "customer.c_custkey", "orders.o_orderkey"], "Plans": [{"Node Type": "Nested Loop", "Parent Relationship": "Outer", "Join Type": "Inner", "Startup Cost": 2315050.5, "Total Cost": 2641043.88, "Plan Rows": 126321, "Plan Width": 59, "Actual Startup Time": 49072.337, "Actual Total Time": 54858.992, "Actual Rows": 588, "Actual Loops": 1, "Inner Unique": false, "Plans": [{"Node Type": "Nested Loop", "Parent Relationship": "Outer", "Join Type": "Inner", "Startup Cost": 2315050.5, "Total Cost": 2627700.1, "Plan Rows": 13913, "Plan Width": 59, "Actual Startup Time": 49072.315, "Actual Total Time": 54856.844, "Actual Rows": 84, "Actual Loops": 1, "Inner Unique": true, "Plans": [{"Node Type": "Nested Loop", "Parent Relationship": "Outer", "Join Type": "Inner", "Startup Cost": 2315050.5, "Total Cost": 2618076.97, "Plan Rows": 33034, "Plan Width": 40, "Actual Startup Time": 49072.296, "Actual Total Time": 54855.643, "Actual Rows": 84, "Actual Loops": 1, "Inner Unique": true, "Plans": [{"Node Type": "Aggregate", "Strategy": "Hashed", "Parent Relationship": "Outer", "Startup Cost": 2315050.5, "Total Cost": 2381201.11, "Plan Rows": 33034, "Plan Width": 24, "Actual Startup Time": 49072.224, "Actual Total Time": 54835.622, "Actual Rows": 84, "Actual Loops": 1, "Group By Key": ["public.lineitem.l_orderkey"], "Filter": "(sum(public.lineitem.l_quantity) > 314::double precision), (LLVM Optimized, Jit Execute)", "Rows Removed by Filter": 14999916, "Plans": [{"Node Type": "Seq Scan", "Parent Relationship": "Outer", "Relation Name": "lineitem", "Alias": "lineitem", "Startup Cost": 0.0, "Total Cost": 2015115.33, "Plan Rows": 59987033, "Plan Width": 16, "Actual Startup Time": 0.051, "Actual Total Time": 20660.278, "Actual Rows": 59986052, "Actual Loops": 1}]}, {"Node Type": "Index Scan", "Parent Relationship": "Inner", "Scan Direction": "Forward", "Index Name": "orders_pkey", "Relation Name": "orders", "Alias": "orders", "Startup Cost": 0.0, "Total Cost": 7.15, "Plan Rows": 1, "Plan Width": 32, "Actual Startup Time": 2.649, "Actual Total Time": 2.649, "Actual Rows": 84, "Actual Loops": 84, "Index Cond": "(o_orderkey = public.lineitem.l_orderkey)", "Rows Removed by Index Recheck": 0}]}, {"Node Type": "Index Scan", "Parent Relationship": "Inner", "Scan Direction": "Forward", "Index Name": "customer_pkey", "Relation Name": "customer", "Alias": "customer", "Startup Cost": 0.0, "Total Cost": 0.28, "Plan Rows": 1, "Plan Width": 27, "Actual Startup Time": 0.851, "Actual Total Time": 0.851, "Actual Rows": 84, "Actual Loops": 84, "Index Cond": "(c_custkey = orders.o_custkey)", "Rows Removed by Index Recheck": 0}]}, {"Node Type": "Index Scan", "Parent Relationship": "Inner", "Scan Direction": "Forward", "Index Name": "idx_lineitem_orderkey", "Relation Name": "lineitem", "Alias": "lineitem", "Startup Cost": 0.0, "Total Cost": 0.87, "Plan Rows": 9, "Plan Width": 16, "Actual Startup Time": 1.215, "Actual Total Time": 1.721, "Actual Rows": 588, "Actual Loops": 84, "Index Cond": "(l_orderkey = orders.o_orderkey)", "Rows Removed by Index Recheck": 0}]}]}]}]}, "Triggers": [], "Planner Runtime": 2.136, "Total Runtime": 54871.674, "Unique SQL Id": 1915754155}}, "(64, '37')": {"explain_plan": {"Plan": {"Node Type": "Limit", "Startup Cost": 3874068.21, "Total Cost": 3874068.46, "Plan Rows": 100, "Plan Width": 67, "Plans": [{"Node Type": "Sort", "Parent Relationship": "Outer", "Startup Cost": 3874068.21, "Total Cost": 3874384.02, "Plan Rows": 100, "Plan Width": 67, "Sort Key": ["orders.o_totalprice DESC", "orders.o_orderdate"], "Plans": [{"Node Type": "Aggregate", "Strategy": "Hashed", "Parent Relationship": "Outer", "Startup Cost": 3867977.11, "Total Cost": 3869240.32, "Plan Rows": 126321, "Plan Width": 67, "Group By Key": ["orders.o_totalprice", "orders.o_orderdate", "customer.c_name", "customer.c_custkey", "orders.o_orderkey"], "Plans": [{"Node Type": "Nested Loop", "Parent Relationship": "Outer", "Join Type": "Inner", "Startup Cost": 3540088.91, "Total Cost": 3866082.29, "Plan Rows": 126321, "Plan Width": 59, "Inner Unique": false, "Plans": [{"Node Type": "Nested Loop", "Parent Relationship": "Outer", "Join Type": "Inner", "Startup Cost": 3540088.91, "Total Cost": 3852738.51, "Plan Rows": 13913, "Plan Width": 59, "Inner Unique": true, "Plans": [{"Node Type": "Nested Loop", "Parent Relationship": "Outer", "Join Type": "Inner", "Startup Cost": 3540088.91, "Total Cost": 3843115.38, "Plan Rows": 33034, "Plan Width": 40, "Inner Unique": true, "Plans": [{"Node Type": "Aggregate", "Strategy": "Hashed", "Parent Relationship": "Outer", "Startup Cost": 3540088.91, "Total Cost": 3606239.52, "Plan Rows": 33034, "Plan Width": 24, "Group By Key": ["public.lineitem.l_orderkey"], "Filter": "(sum(public.lineitem.l_quantity) > 314::double precision), (LLVM Optimized)", "Plans": [{"Node Type": "Index Scan", "Parent Relationship": "Outer", "Scan Direction": "Forward", "Index Name": "idx_lineitem_orderkey", "Relation Name": "lineitem", "Alias": "lineitem", "Startup Cost": 0.0, "Total Cost": 3240153.75, "Plan Rows": 59987033, "Plan Width": 16}]}, {"Node Type": "Index Scan", "Parent Relationship": "Inner", "Scan Direction": "Forward", "Index Name": "orders_pkey", "Relation Name": "orders", "Alias": "orders", "Startup Cost": 0.0, "Total Cost": 7.15, "Plan Rows": 1, "Plan Width": 32, "Index Cond": "(o_orderkey = public.lineitem.l_orderkey)"}]}, {"Node Type": "Index Scan", "Parent Relationship": "Inner", "Scan Direction": "Forward", "Index Name": "customer_pkey", "Relation Name": "customer", "Alias": "customer", "Startup Cost": 0.0, "Total Cost": 0.28, "Plan Rows": 1, "Plan Width": 27, "Index Cond": "(c_custkey = orders.o_custkey)"}]}, {"Node Type": "Index Scan", "Parent Relationship": "Inner", "Scan Direction": "Forward", "Index Name": "idx_lineitem_orderkey", "Relation Name": "lineitem", "Alias": "lineitem", "Startup Cost": 0.0, "Total Cost": 0.87, "Plan Rows": 9, "Plan Width": 16, "Index Cond": "(l_orderkey = orders.o_orderkey)"}]}]}]}]}, "Unique SQL Id": 1915754155, "Planner Runtime": 1}, "explain_analyze_plan": {"Plan": {"Node Type": "Limit", "Startup Cost": 3874068.21, "Total Cost": 3874068.46, "Plan Rows": 100, "Plan Width": 67, "Actual Startup Time": 78667.563, "Actual Total Time": 78667.58, "Actual Rows": 84, "Actual Loops": 1, "Plans": [{"Node Type": "Sort", "Parent Relationship": "Outer", "Startup Cost": 3874068.21, "Total Cost": 3874384.02, "Plan Rows": 100, "Plan Width": 67, "Actual Startup Time": 78667.561, "Actual Total Time": 78667.57, "Actual Rows": 84, "Actual Loops": 1, "Sort Key": ["orders.o_totalprice DESC", "orders.o_orderdate"], "Sort Method": "quicksort", "Sort Space Used": 38, "Sort Space Type": "Memory", "Plans": [{"Node Type": "Aggregate", "Strategy": "Hashed", "Parent Relationship": "Outer", "Startup Cost": 3867977.11, "Total Cost": 3869240.32, "Plan Rows": 126321, "Plan Width": 67, "Actual Startup Time": 78666.912, "Actual Total Time": 78667.456, "Actual Rows": 84, "Actual Loops": 1, "Group By Key": ["orders.o_totalprice", "orders.o_orderdate", "customer.c_name", "customer.c_custkey", "orders.o_orderkey"], "Plans": [{"Node Type": "Nested Loop", "Parent Relationship": "Outer", "Join Type": "Inner", "Startup Cost": 3540088.91, "Total Cost": 3866082.29, "Plan Rows": 126321, "Plan Width": 59, "Actual Startup Time": 71346.529, "Actual Total Time": 78665.231, "Actual Rows": 588, "Actual Loops": 1, "Inner Unique": false, "Plans": [{"Node Type": "Nested Loop", "Parent Relationship": "Outer", "Join Type": "Inner", "Startup Cost": 3540088.91, "Total Cost": 3852738.51, "Plan Rows": 13913, "Plan Width": 59, "Actual Startup Time": 71346.496, "Actual Total Time": 78662.632, "Actual Rows": 84, "Actual Loops": 1, "Inner Unique": true, "Plans": [{"Node Type": "Nested Loop", "Parent Relationship": "Outer", "Join Type": "Inner", "Startup Cost": 3540088.91, "Total Cost": 3843115.38, "Plan Rows": 33034, "Plan Width": 40, "Actual Startup Time": 71346.464, "Actual Total Time": 78660.834, "Actual Rows": 84, "Actual Loops": 1, "Inner Unique": true, "Plans": [{"Node Type": "Aggregate", "Strategy": "Hashed", "Parent Relationship": "Outer", "Startup Cost": 3540088.91, "Total Cost": 3606239.52, "Plan Rows": 33034, "Plan Width": 24, "Actual Startup Time": 71346.402, "Actual Total Time": 78640.855, "Actual Rows": 84, "Actual Loops": 1, "Group By Key": ["public.lineitem.l_orderkey"], "Filter": "(sum(public.lineitem.l_quantity) > 314::double precision), (LLVM Optimized, Jit Execute)", "Rows Removed by Filter": 14999916, "Plans": [{"Node Type": "Index Scan", "Parent Relationship": "Outer", "Scan Direction": "Forward", "Index Name": "idx_lineitem_orderkey", "Relation Name": "lineitem", "Alias": "lineitem", "Startup Cost": 0.0, "Total Cost": 3240153.75, "Plan Rows": 59987033, "Plan Width": 16, "Actual Startup Time": 0.07, "Actual Total Time": 42499.927, "Actual Rows": 59986052, "Actual Loops": 1}]}, {"Node Type": "Index Scan", "Parent Relationship": "Inner", "Scan Direction": "Forward", "Index Name": "orders_pkey", "Relation Name": "orders", "Alias": "orders", "Startup Cost": 0.0, "Total Cost": 7.15, "Plan Rows": 1, "Plan Width": 32, "Actual Startup Time": 2.739, "Actual Total Time": 2.739, "Actual Rows": 84, "Actual Loops": 84, "Index Cond": "(o_orderkey = public.lineitem.l_orderkey)", "Rows Removed by Index Recheck": 0}]}, {"Node Type": "Index Scan", "Parent Relationship": "Inner", "Scan Direction": "Forward", "Index Name": "customer_pkey", "Relation Name": "customer", "Alias": "customer", "Startup Cost": 0.0, "Total Cost": 0.28, "Plan Rows": 1, "Plan Width": 27, "Actual Startup Time": 1.301, "Actual Total Time": 1.301, "Actual Rows": 84, "Actual Loops": 84, "Index Cond": "(c_custkey = orders.o_custkey)", "Rows Removed by Index Recheck": 0}]}, {"Node Type": "Index Scan", "Parent Relationship": "Inner", "Scan Direction": "Forward", "Index Name": "idx_lineitem_orderkey", "Relation Name": "lineitem", "Alias": "lineitem", "Startup Cost": 0.0, "Total Cost": 0.87, "Plan Rows": 9, "Plan Width": 16, "Actual Startup Time": 1.627, "Actual Total Time": 2.06, "Actual Rows": 588, "Actual Loops": 84, "Index Cond": "(l_orderkey = orders.o_orderkey)", "Rows Removed by Index Recheck": 0}]}]}]}]}, "Triggers": [], "Planner Runtime": 2.114, "Total Runtime": 78676.91, "Unique SQL Id": 1915754155}}, "(64, '38')": {"explain_plan": {"Plan": {"Node Type": "Limit", "Startup Cost": 2768625.52, "Total Cost": 2768625.77, "Plan Rows": 100, "Plan Width": 67, "Plans": [{"Node Type": "Sort", "Parent Relationship": "Outer", "Startup Cost": 2768625.52, "Total Cost": 2768941.33, "Plan Rows": 100, "Plan Width": 67, "Sort Key": ["orders.o_totalprice DESC", "orders.o_orderdate"], "Plans": [{"Node Type": "Aggregate", "Strategy": "Hashed", "Parent Relationship": "Outer", "Startup Cost": 2762534.42, "Total Cost": 2763797.63, "Plan Rows": 126321, "Plan Width": 67, "Group By Key": ["orders.o_totalprice", "orders.o_orderdate", "customer.c_name", "customer.c_custkey", "orders.o_orderkey"], "Plans": [{"Node Type": "Nested Loop", "Parent Relationship": "Outer", "Join Type": "Inner", "Startup Cost": 2385930.24, "Total Cost": 2760639.6, "Plan Rows": 126321, "Plan Width": 59, "Inner Unique": false, "Plans": [{"Node Type": "Hash Join", "Parent Relationship": "Outer", "Join Type": "Inner", "Startup Cost": 2385929.86, "Total Cost": 2696863.45, "Plan Rows": 13913, "Plan Width": 59, "Inner Unique": true, "Hash Cond": "(orders.o_custkey = customer.c_custkey)", "Plans": [{"Node Type": "Nested Loop", "Parent Relationship": "Outer", "Join Type": "Inner", "Startup Cost": 2315053.86, "Total Cost": 2625533.23, "Plan Rows": 33034, "Plan Width": 40, "Inner Unique": true, "Plans": [{"Node Type": "Aggregate", "Strategy": "Hashed", "Parent Relationship": "Outer", "Startup Cost": 2315050.5, "Total Cost": 2381201.11, "Plan Rows": 33034, "Plan Width": 24, "Group By Key": ["public.lineitem.l_orderkey"], "Filter": "(sum(public.lineitem.l_quantity) > 314::double precision), (LLVM Optimized)", "Plans": [{"Node Type": "Seq Scan", "Parent Relationship": "Outer", "Relation Name": "lineitem", "Alias": "lineitem", "Startup Cost": 0.0, "Total Cost": 2015115.33, "Plan Rows": 59987033, "Plan Width": 16}]}, {"Node Type": "Bitmap Heap Scan", "Parent Relationship": "Inner", "Relation Name": "orders", "Alias": "orders", "Startup Cost": 3.36, "Total Cost": 7.38, "Plan Rows": 1, "Plan Width": 32, "Recheck Cond": "(o_orderkey = public.lineitem.l_orderkey)", "Plans": [{"Node Type": "Bitmap Index Scan", "Parent Relationship": "Outer", "Index Name": "orders_pkey", "Startup Cost": 0.0, "Total Cost": 3.36, "Plan Rows": 1, "Plan Width": 0, "Index Cond": "(o_orderkey = public.lineitem.l_orderkey)"}]}]}, {"Node Type": "Hash", "Parent Relationship": "Inner", "Startup Cost": 52126.0, "Total Cost": 52126.0, "Plan Rows": 1500000, "Plan Width": 27, "Plans": [{"Node Type": "Seq Scan", "Parent Relationship": "Outer", "Relation Name": "customer", "Alias": "customer", "Startup Cost": 0.0, "Total Cost": 52126.0, "Plan Rows": 1500000, "Plan Width": 27}]}]}, {"Node Type": "Bitmap Heap Scan", "Parent Relationship": "Inner", "Relation Name": "lineitem", "Alias": "lineitem", "Startup Cost": 0.38, "Total Cost": 4.49, "Plan Rows": 9, "Plan Width": 16, "Recheck Cond": "(l_orderkey = orders.o_orderkey)", "Plans": [{"Node Type": "Bitmap Index Scan", "Parent Relationship": "Outer", "Index Name": "idx_lineitem_orderkey", "Startup Cost": 0.0, "Total Cost": 0.38, "Plan Rows": 9, "Plan Width": 0, "Index Cond": "(l_orderkey = orders.o_orderkey)"}]}]}]}]}]}, "Unique SQL Id": 1915754155, "Planner Runtime": 1}, "explain_analyze_plan": {"Plan": {"Node Type": "Limit", "Startup Cost": 2768625.52, "Total Cost": 2768625.77, "Plan Rows": 100, "Plan Width": 67, "Actual Startup Time": 52986.061, "Actual Total Time": 52986.077, "Actual Rows": 84, "Actual Loops": 1, "Plans": [{"Node Type": "Sort", "Parent Relationship": "Outer", "Startup Cost": 2768625.52, "Total Cost": 2768941.33, "Plan Rows": 100, "Plan Width": 67, "Actual Startup Time": 52986.06, "Actual Total Time": 52986.069, "Actual Rows": 84, "Actual Loops": 1, "Sort Key": ["orders.o_totalprice DESC", "orders.o_orderdate"], "Sort Method": "quicksort", "Sort Space Used": 38, "Sort Space Type": "Memory", "Plans": [{"Node Type": "Aggregate", "Strategy": "Hashed", "Parent Relationship": "Outer", "Startup Cost": 2762534.42, "Total Cost": 2763797.63, "Plan Rows": 126321, "Plan Width": 67, "Actual Startup Time": 52985.597, "Actual Total Time": 52985.959, "Actual Rows": 84, "Actual Loops": 1, "Group By Key": ["orders.o_totalprice", "orders.o_orderdate", "customer.c_name", "customer.c_custkey", "orders.o_orderkey"], "Plans": [{"Node Type": "Nested Loop", "Parent Relationship": "Outer", "Join Type": "Inner", "Startup Cost": 2385930.24, "Total Cost": 2760639.6, "Plan Rows": 126321, "Plan Width": 59, "Actual Startup Time": 47937.22, "Actual Total Time": 52983.281, "Actual Rows": 588, "Actual Loops": 1, "Inner Unique": false, "Plans": [{"Node Type": "Hash Join", "Parent Relationship": "Outer", "Join Type": "Inner", "Startup Cost": 2385929.86, "Total Cost": 2696863.45, "Plan Rows": 13913, "Plan Width": 59, "Actual Startup Time": 47937.171, "Actual Total Time": 52960.029, "Actual Rows": 84, "Actual Loops": 1, "Inner Unique": true, "Hash Cond": "(orders.o_custkey = customer.c_custkey)", "Plans": [{"Node Type": "Nested Loop", "Parent Relationship": "Outer", "Join Type": "Inner", "Startup Cost": 2315053.86, "Total Cost": 2625533.23, "Plan Rows": 33034, "Plan Width": 40, "Actual Startup Time": 46843.007, "Actual Total Time": 51861.678, "Actual Rows": 84, "Actual Loops": 1, "Inner Unique": true, "Plans": [{"Node Type": "Aggregate", "Strategy": "Hashed", "Parent Relationship": "Outer", "Startup Cost": 2315050.5, "Total Cost": 2381201.11, "Plan Rows": 33034, "Plan Width": 24, "Actual Startup Time": 46842.884, "Actual Total Time": 51843.325, "Actual Rows": 84, "Actual Loops": 1, "Group By Key": ["public.lineitem.l_orderkey"], "Filter": "(sum(public.lineitem.l_quantity) > 314::double precision), (LLVM Optimized, Jit Execute)", "Rows Removed by Filter": 14999916, "Plans": [{"Node Type": "Seq Scan", "Parent Relationship": "Outer", "Relation Name": "lineitem", "Alias": "lineitem", "Startup Cost": 0.0, "Total Cost": 2015115.33, "Plan Rows": 59987033, "Plan Width": 16, "Actual Startup Time": 0.033, "Actual Total Time": 20311.421, "Actual Rows": 59986052, "Actual Loops": 1}]}, {"Node Type": "Bitmap Heap Scan", "Parent Relationship": "Inner", "Relation Name": "orders", "Alias": "orders", "Startup Cost": 3.36, "Total Cost": 7.38, "Plan Rows": 1, "Plan Width": 32, "Actual Startup Time": 3.61, "Actual Total Time": 3.61, "Actual Rows": 84, "Actual Loops": 84, "Recheck Cond": "(o_orderkey = public.lineitem.l_orderkey)", "Rows Removed by Index Recheck": 0, "Exact Heap Blocks": 84, "Lossy Heap Blocks": 84, "Plans": [{"Node Type": "Bitmap Index Scan", "Parent Relationship": "Outer", "Index Name": "orders_pkey", "Startup Cost": 0.0, "Total Cost": 3.36, "Plan Rows": 1, "Plan Width": 0, "Actual Startup Time": 2.351, "Actual Total Time": 2.351, "Actual Rows": 84, "Actual Loops": 84, "Index Cond": "(o_orderkey = public.lineitem.l_orderkey)"}]}]}, {"Node Type": "Hash", "Parent Relationship": "Inner", "Startup Cost": 52126.0, "Total Cost": 52126.0, "Plan Rows": 1500000, "Plan Width": 27, "Actual Startup Time": 1092.602, "Actual Total Time": 1092.602, "Actual Rows": 1500000, "Actual Loops": 1, "Hash Buckets": 2097152, "Hash Batches": 1, "Original Hash Batches": 1, "Peak Memory Usage": 93750, "Plans": [{"Node Type": "Seq Scan", "Parent Relationship": "Outer", "Relation Name": "customer", "Alias": "customer", "Startup Cost": 0.0, "Total Cost": 52126.0, "Plan Rows": 1500000, "Plan Width": 27, "Actual Startup Time": 0.029, "Actual Total Time": 587.14, "Actual Rows": 1500000, "Actual Loops": 1}]}]}, {"Node Type": "Bitmap Heap Scan", "Parent Relationship": "Inner", "Relation Name": "lineitem", "Alias": "lineitem", "Startup Cost": 0.38, "Total Cost": 4.49, "Plan Rows": 9, "Plan Width": 16, "Actual Startup Time": 1.943, "Actual Total Time": 2.103, "Actual Rows": 588, "Actual Loops": 84, "Recheck Cond": "(l_orderkey = orders.o_orderkey)", "Rows Removed by Index Recheck": 0, "Exact Heap Blocks": 96, "Lossy Heap Blocks": 96, "Plans": [{"Node Type": "Bitmap Index Scan", "Parent Relationship": "Outer", "Index Name": "idx_lineitem_orderkey", "Startup Cost": 0.0, "Total Cost": 0.38, "Plan Rows": 9, "Plan Width": 0, "Actual Startup Time": 1.193, "Actual Total Time": 1.193, "Actual Rows": 588, "Actual Loops": 84, "Index Cond": "(l_orderkey = orders.o_orderkey)"}]}]}]}]}]}, "Triggers": [], "Planner Runtime": 2.066, "Total Runtime": 52995.547, "Unique SQL Id": 1915754155}}, "(64, '39')": {"explain_plan": {"Plan": {"Node Type": "Limit", "Startup Cost": 1000324838994.8, "Total Cost": 1000324838995.05, "Plan Rows": 100, "Plan Width": 67, "Plans": [{"Node Type": "Sort", "Parent Relationship": "Outer", "Startup Cost": 1000324838994.8, "Total Cost": 1000324839310.61, "Plan Rows": 100, "Plan Width": 67, "Sort Key": ["orders.o_totalprice DESC", "orders.o_orderdate"], "Plans": [{"Node Type": "Aggregate", "Strategy": "Hashed", "Parent Relationship": "Outer", "Startup Cost": 1000324832903.7, "Total Cost": 1000324834166.91, "Plan Rows": 126321, "Plan Width": 67, "Group By Key": ["orders.o_totalprice", "orders.o_orderdate", "customer.c_name", "customer.c_custkey", "orders.o_orderkey"], "Plans": [{"Node Type": "Nested Loop", "Parent Relationship": "Outer", "Join Type": "Inner", "Startup Cost": 1000324315313.67, "Total Cost": 1000324831008.88, "Plan Rows": 126321, "Plan Width": 59, "Inner Unique": false, "Plans": [{"Node Type": "Nested Loop", "Parent Relationship": "Outer", "Join Type": "Inner", "Startup Cost": 1000324315313.29, "Total Cost": 1000324767232.73, "Plan Rows": 13913, "Plan Width": 59, "Inner Unique": true, "Plans": [{"Node Type": "Nested Loop", "Parent Relationship": "Outer", "Join Type": "Inner", "Startup Cost": 1000324315313.03, "Total Cost": 1000324625792.4, "Plan Rows": 33034, "Plan Width": 40, "Inner Unique": true, "Plans": [{"Node Type": "Aggregate", "Strategy": "Hashed", "Parent Relationship": "Outer", "Startup Cost": 1000324315309.67, "Total Cost": 1000324381460.28, "Plan Rows": 33034, "Plan Width": 24, "Group By Key": ["public.lineitem.l_orderkey"], "Filter": "(sum(public.lineitem.l_quantity) > 314::double precision), (LLVM Optimized)", "Plans": [{"Node Type": "Index Scan", "Parent Relationship": "Outer", "Scan Direction": "Forward", "Index Name": "idx_lineitem_orderkey", "Relation Name": "lineitem", "Alias": "lineitem", "Startup Cost": 10000000000.0, "Total Cost": 1000324015374.5, "Plan Rows": 59987033, "Plan Width": 16}]}, {"Node Type": "Bitmap Heap Scan", "Parent Relationship": "Inner", "Relation Name": "orders", "Alias": "orders", "Startup Cost": 3.36, "Total Cost": 7.38, "Plan Rows": 1, "Plan Width": 32, "Recheck Cond": "(o_orderkey = public.lineitem.l_orderkey)", "Plans": [{"Node Type": "Bitmap Index Scan", "Parent Relationship": "Outer", "Index Name": "orders_pkey", "Startup Cost": 0.0, "Total Cost": 3.36, "Plan Rows": 1, "Plan Width": 0, "Index Cond": "(o_orderkey = public.lineitem.l_orderkey)"}]}]}, {"Node Type": "Bitmap Heap Scan", "Parent Relationship": "Inner", "Relation Name": "customer", "Alias": "customer", "Startup Cost": 0.26, "Total Cost": 4.27, "Plan Rows": 1, "Plan Width": 27, "Recheck Cond": "(c_custkey = orders.o_custkey)", "Plans": [{"Node Type": "Bitmap Index Scan", "Parent Relationship": "Outer", "Index Name": "customer_pkey", "Startup Cost": 0.0, "Total Cost": 0.26, "Plan Rows": 1, "Plan Width": 0, "Index Cond": "(c_custkey = orders.o_custkey)"}]}]}, {"Node Type": "Bitmap Heap Scan", "Parent Relationship": "Inner", "Relation Name": "lineitem", "Alias": "lineitem", "Startup Cost": 0.38, "Total Cost": 4.49, "Plan Rows": 9, "Plan Width": 16, "Recheck Cond": "(l_orderkey = orders.o_orderkey)", "Plans": [{"Node Type": "Bitmap Index Scan", "Parent Relationship": "Outer", "Index Name": "idx_lineitem_orderkey", "Startup Cost": 0.0, "Total Cost": 0.38, "Plan Rows": 9, "Plan Width": 0, "Index Cond": "(l_orderkey = orders.o_orderkey)"}]}]}]}]}]}, "Unique SQL Id": 1915754155, "Planner Runtime": 0}, "explain_analyze_plan": {"Plan": {"Node Type": "Limit", "Startup Cost": 1000324838994.8, "Total Cost": 1000324838995.05, "Plan Rows": 100, "Plan Width": 67, "Actual Startup Time": 80249.492, "Actual Total Time": 80249.51, "Actual Rows": 84, "Actual Loops": 1, "Plans": [{"Node Type": "Sort", "Parent Relationship": "Outer", "Startup Cost": 1000324838994.8, "Total Cost": 1000324839310.61, "Plan Rows": 100, "Plan Width": 67, "Actual Startup Time": 80249.49, "Actual Total Time": 80249.501, "Actual Rows": 84, "Actual Loops": 1, "Sort Key": ["orders.o_totalprice DESC", "orders.o_orderdate"], "Sort Method": "quicksort", "Sort Space Used": 38, "Sort Space Type": "Memory", "Plans": [{"Node Type": "Aggregate", "Strategy": "Hashed", "Parent Relationship": "Outer", "Startup Cost": 1000324832903.7, "Total Cost": 1000324834166.91, "Plan Rows": 126321, "Plan Width": 67, "Actual Startup Time": 80249.1, "Actual Total Time": 80249.389, "Actual Rows": 84, "Actual Loops": 1, "Group By Key": ["orders.o_totalprice", "orders.o_orderdate", "customer.c_name", "customer.c_custkey", "orders.o_orderkey"], "Plans": [{"Node Type": "Nested Loop", "Parent Relationship": "Outer", "Join Type": "Inner", "Startup Cost": 1000324315313.67, "Total Cost": 1000324831008.88, "Plan Rows": 126321, "Plan Width": 59, "Actual Startup Time": 73111.745, "Actual Total Time": 80247.199, "Actual Rows": 588, "Actual Loops": 1, "Inner Unique": false, "Plans": [{"Node Type": "Nested Loop", "Parent Relationship": "Outer", "Join Type": "Inner", "Startup Cost": 1000324315313.29, "Total Cost": 1000324767232.73, "Plan Rows": 13913, "Plan Width": 59, "Actual Startup Time": 73111.701, "Actual Total Time": 80244.173, "Actual Rows": 84, "Actual Loops": 1, "Inner Unique": true, "Plans": [{"Node Type": "Nested Loop", "Parent Relationship": "Outer", "Join Type": "Inner", "Startup Cost": 1000324315313.03, "Total Cost": 1000324625792.4, "Plan Rows": 33034, "Plan Width": 40, "Actual Startup Time": 73111.642, "Actual Total Time": 80242.091, "Actual Rows": 84, "Actual Loops": 1, "Inner Unique": true, "Plans": [{"Node Type": "Aggregate", "Strategy": "Hashed", "Parent Relationship": "Outer", "Startup Cost": 1000324315309.67, "Total Cost": 1000324381460.28, "Plan Rows": 33034, "Plan Width": 24, "Actual Startup Time": 73111.524, "Actual Total Time": 80223.033, "Actual Rows": 84, "Actual Loops": 1, "Group By Key": ["public.lineitem.l_orderkey"], "Filter": "(sum(public.lineitem.l_quantity) > 314::double precision), (LLVM Optimized, Jit Execute)", "Rows Removed by Filter": 14999916, "Plans": [{"Node Type": "Index Scan", "Parent Relationship": "Outer", "Scan Direction": "Forward", "Index Name": "idx_lineitem_orderkey", "Relation Name": "lineitem", "Alias": "lineitem", "Startup Cost": 10000000000.0, "Total Cost": 1000324015374.5, "Plan Rows": 59987033, "Plan Width": 16, "Actual Startup Time": 0.063, "Actual Total Time": 44361.768, "Actual Rows": 59986052, "Actual Loops": 1}]}, {"Node Type": "Bitmap Heap Scan", "Parent Relationship": "Inner", "Relation Name": "orders", "Alias": "orders", "Startup Cost": 3.36, "Total Cost": 7.38, "Plan Rows": 1, "Plan Width": 32, "Actual Startup Time": 3.64, "Actual Total Time": 3.64, "Actual Rows": 84, "Actual Loops": 84, "Recheck Cond": "(o_orderkey = public.lineitem.l_orderkey)", "Rows Removed by Index Recheck": 0, "Exact Heap Blocks": 84, "Lossy Heap Blocks": 84, "Plans": [{"Node Type": "Bitmap Index Scan", "Parent Relationship": "Outer", "Index Name": "orders_pkey", "Startup Cost": 0.0, "Total Cost": 3.36, "Plan Rows": 1, "Plan Width": 0, "Actual Startup Time": 2.402, "Actual Total Time": 2.402, "Actual Rows": 84, "Actual Loops": 84, "Index Cond": "(o_orderkey = public.lineitem.l_orderkey)"}]}]}, {"Node Type": "Bitmap Heap Scan", "Parent Relationship": "Inner", "Relation Name": "customer", "Alias": "customer", "Startup Cost": 0.26, "Total Cost": 4.27, "Plan Rows": 1, "Plan Width": 27, "Actual Startup Time": 1.455, "Actual Total Time": 1.455, "Actual Rows": 84, "Actual Loops": 84, "Recheck Cond": "(c_custkey = orders.o_custkey)", "Rows Removed by Index Recheck": 0, "Exact Heap Blocks": 84, "Lossy Heap Blocks": 84, "Plans": [{"Node Type": "Bitmap Index Scan", "Parent Relationship": "Outer", "Index Name": "customer_pkey", "Startup Cost": 0.0, "Total Cost": 0.26, "Plan Rows": 1, "Plan Width": 0, "Actual Startup Time": 0.897, "Actual Total Time": 0.897, "Actual Rows": 84, "Actual Loops": 84, "Index Cond": "(c_custkey = orders.o_custkey)"}]}]}, {"Node Type": "Bitmap Heap Scan", "Parent Relationship": "Inner", "Relation Name": "lineitem", "Alias": "lineitem", "Startup Cost": 0.38, "Total Cost": 4.49, "Plan Rows": 9, "Plan Width": 16, "Actual Startup Time": 2.054, "Actual Total Time": 2.216, "Actual Rows": 588, "Actual Loops": 84, "Recheck Cond": "(l_orderkey = orders.o_orderkey)", "Rows Removed by Index Recheck": 0, "Exact Heap Blocks": 96, "Lossy Heap Blocks": 96, "Plans": [{"Node Type": "Bitmap Index Scan", "Parent Relationship": "Outer", "Index Name": "idx_lineitem_orderkey", "Startup Cost": 0.0, "Total Cost": 0.38, "Plan Rows": 9, "Plan Width": 0, "Actual Startup Time": 1.268, "Actual Total Time": 1.268, "Actual Rows": 588, "Actual Loops": 84, "Index Cond": "(l_orderkey = orders.o_orderkey)"}]}]}]}]}]}, "Triggers": [], "Planner Runtime": 1.823, "Total Runtime": 80258.843, "Unique SQL Id": 1915754155}}, "(64, '40')": {"explain_plan": {"Plan": {"Node Type": "Limit", "Startup Cost": 2649029.8, "Total Cost": 2649030.05, "Plan Rows": 100, "Plan Width": 67, "Plans": [{"Node Type": "Sort", "Parent Relationship": "Outer", "Startup Cost": 2649029.8, "Total Cost": 2649345.6, "Plan Rows": 100, "Plan Width": 67, "Sort Key": ["orders.o_totalprice DESC", "orders.o_orderdate"], "Plans": [{"Node Type": "Aggregate", "Strategy": "Hashed", "Parent Relationship": "Outer", "Startup Cost": 2642938.69, "Total Cost": 2644201.9, "Plan Rows": 126321, "Plan Width": 67, "Group By Key": ["orders.o_totalprice", "orders.o_orderdate", "customer.c_name", "customer.c_custkey", "orders.o_orderkey"], "Plans": [{"Node Type": "Nested Loop", "Parent Relationship": "Outer", "Join Type": "Inner", "Startup Cost": 2315050.5, "Total Cost": 2641043.88, "Plan Rows": 126321, "Plan Width": 59, "Inner Unique": false, "Plans": [{"Node Type": "Nested Loop", "Parent Relationship": "Outer", "Join Type": "Inner", "Startup Cost": 2315050.5, "Total Cost": 2627700.1, "Plan Rows": 13913, "Plan Width": 59, "Inner Unique": true, "Plans": [{"Node Type": "Nested Loop", "Parent Relationship": "Outer", "Join Type": "Inner", "Startup Cost": 2315050.5, "Total Cost": 2618076.97, "Plan Rows": 33034, "Plan Width": 40, "Inner Unique": true, "Plans": [{"Node Type": "Aggregate", "Strategy": "Hashed", "Parent Relationship": "Outer", "Startup Cost": 2315050.5, "Total Cost": 2381201.11, "Plan Rows": 33034, "Plan Width": 24, "Group By Key": ["public.lineitem.l_orderkey"], "Filter": "(sum(public.lineitem.l_quantity) > 314::double precision), (LLVM Optimized)", "Plans": [{"Node Type": "Seq Scan", "Parent Relationship": "Outer", "Relation Name": "lineitem", "Alias": "lineitem", "Startup Cost": 0.0, "Total Cost": 2015115.33, "Plan Rows": 59987033, "Plan Width": 16}]}, {"Node Type": "Index Scan", "Parent Relationship": "Inner", "Scan Direction": "Forward", "Index Name": "orders_pkey", "Relation Name": "orders", "Alias": "orders", "Startup Cost": 0.0, "Total Cost": 7.15, "Plan Rows": 1, "Plan Width": 32, "Index Cond": "(o_orderkey = public.lineitem.l_orderkey)"}]}, {"Node Type": "Index Scan", "Parent Relationship": "Inner", "Scan Direction": "Forward", "Index Name": "customer_pkey", "Relation Name": "customer", "Alias": "customer", "Startup Cost": 0.0, "Total Cost": 0.28, "Plan Rows": 1, "Plan Width": 27, "Index Cond": "(c_custkey = orders.o_custkey)"}]}, {"Node Type": "Index Scan", "Parent Relationship": "Inner", "Scan Direction": "Forward", "Index Name": "idx_lineitem_orderkey", "Relation Name": "lineitem", "Alias": "lineitem", "Startup Cost": 0.0, "Total Cost": 0.87, "Plan Rows": 9, "Plan Width": 16, "Index Cond": "(l_orderkey = orders.o_orderkey)"}]}]}]}]}, "Unique SQL Id": 1915754155, "Planner Runtime": 1}, "explain_analyze_plan": {"Plan": {"Node Type": "Limit", "Startup Cost": 2649029.8, "Total Cost": 2649030.05, "Plan Rows": 100, "Plan Width": 67, "Actual Startup Time": 54861.493, "Actual Total Time": 54861.508, "Actual Rows": 84, "Actual Loops": 1, "Plans": [{"Node Type": "Sort", "Parent Relationship": "Outer", "Startup Cost": 2649029.8, "Total Cost": 2649345.6, "Plan Rows": 100, "Plan Width": 67, "Actual Startup Time": 54861.49, "Actual Total Time": 54861.494, "Actual Rows": 84, "Actual Loops": 1, "Sort Key": ["orders.o_totalprice DESC", "orders.o_orderdate"], "Sort Method": "quicksort", "Sort Space Used": 38, "Sort Space Type": "Memory", "Plans": [{"Node Type": "Aggregate", "Strategy": "Hashed", "Parent Relationship": "Outer", "Startup Cost": 2642938.69, "Total Cost": 2644201.9, "Plan Rows": 126321, "Plan Width": 67, "Actual Startup Time": 54860.881, "Actual Total Time": 54861.367, "Actual Rows": 84, "Actual Loops": 1, "Group By Key": ["orders.o_totalprice", "orders.o_orderdate", "customer.c_name", "customer.c_custkey", "orders.o_orderkey"], "Plans": [{"Node Type": "Nested Loop", "Parent Relationship": "Outer", "Join Type": "Inner", "Startup Cost": 2315050.5, "Total Cost": 2641043.88, "Plan Rows": 126321, "Plan Width": 59, "Actual Startup Time": 49072.337, "Actual Total Time": 54858.992, "Actual Rows": 588, "Actual Loops": 1, "Inner Unique": false, "Plans": [{"Node Type": "Nested Loop", "Parent Relationship": "Outer", "Join Type": "Inner", "Startup Cost": 2315050.5, "Total Cost": 2627700.1, "Plan Rows": 13913, "Plan Width": 59, "Actual Startup Time": 49072.315, "Actual Total Time": 54856.844, "Actual Rows": 84, "Actual Loops": 1, "Inner Unique": true, "Plans": [{"Node Type": "Nested Loop", "Parent Relationship": "Outer", "Join Type": "Inner", "Startup Cost": 2315050.5, "Total Cost": 2618076.97, "Plan Rows": 33034, "Plan Width": 40, "Actual Startup Time": 49072.296, "Actual Total Time": 54855.643, "Actual Rows": 84, "Actual Loops": 1, "Inner Unique": true, "Plans": [{"Node Type": "Aggregate", "Strategy": "Hashed", "Parent Relationship": "Outer", "Startup Cost": 2315050.5, "Total Cost": 2381201.11, "Plan Rows": 33034, "Plan Width": 24, "Actual Startup Time": 49072.224, "Actual Total Time": 54835.622, "Actual Rows": 84, "Actual Loops": 1, "Group By Key": ["public.lineitem.l_orderkey"], "Filter": "(sum(public.lineitem.l_quantity) > 314::double precision), (LLVM Optimized, Jit Execute)", "Rows Removed by Filter": 14999916, "Plans": [{"Node Type": "Seq Scan", "Parent Relationship": "Outer", "Relation Name": "lineitem", "Alias": "lineitem", "Startup Cost": 0.0, "Total Cost": 2015115.33, "Plan Rows": 59987033, "Plan Width": 16, "Actual Startup Time": 0.051, "Actual Total Time": 20660.278, "Actual Rows": 59986052, "Actual Loops": 1}]}, {"Node Type": "Index Scan", "Parent Relationship": "Inner", "Scan Direction": "Forward", "Index Name": "orders_pkey", "Relation Name": "orders", "Alias": "orders", "Startup Cost": 0.0, "Total Cost": 7.15, "Plan Rows": 1, "Plan Width": 32, "Actual Startup Time": 2.649, "Actual Total Time": 2.649, "Actual Rows": 84, "Actual Loops": 84, "Index Cond": "(o_orderkey = public.lineitem.l_orderkey)", "Rows Removed by Index Recheck": 0}]}, {"Node Type": "Index Scan", "Parent Relationship": "Inner", "Scan Direction": "Forward", "Index Name": "customer_pkey", "Relation Name": "customer", "Alias": "customer", "Startup Cost": 0.0, "Total Cost": 0.28, "Plan Rows": 1, "Plan Width": 27, "Actual Startup Time": 0.851, "Actual Total Time": 0.851, "Actual Rows": 84, "Actual Loops": 84, "Index Cond": "(c_custkey = orders.o_custkey)", "Rows Removed by Index Recheck": 0}]}, {"Node Type": "Index Scan", "Parent Relationship": "Inner", "Scan Direction": "Forward", "Index Name": "idx_lineitem_orderkey", "Relation Name": "lineitem", "Alias": "lineitem", "Startup Cost": 0.0, "Total Cost": 0.87, "Plan Rows": 9, "Plan Width": 16, "Actual Startup Time": 1.215, "Actual Total Time": 1.721, "Actual Rows": 588, "Actual Loops": 84, "Index Cond": "(l_orderkey = orders.o_orderkey)", "Rows Removed by Index Recheck": 0}]}]}]}]}, "Triggers": [], "Planner Runtime": 2.136, "Total Runtime": 54871.674, "Unique SQL Id": 1915754155}}, "(64, '41')": {"explain_plan": {"Plan": {"Node Type": "Limit", "Startup Cost": 3874068.21, "Total Cost": 3874068.46, "Plan Rows": 100, "Plan Width": 67, "Plans": [{"Node Type": "Sort", "Parent Relationship": "Outer", "Startup Cost": 3874068.21, "Total Cost": 3874384.02, "Plan Rows": 100, "Plan Width": 67, "Sort Key": ["orders.o_totalprice DESC", "orders.o_orderdate"], "Plans": [{"Node Type": "Aggregate", "Strategy": "Hashed", "Parent Relationship": "Outer", "Startup Cost": 3867977.11, "Total Cost": 3869240.32, "Plan Rows": 126321, "Plan Width": 67, "Group By Key": ["orders.o_totalprice", "orders.o_orderdate", "customer.c_name", "customer.c_custkey", "orders.o_orderkey"], "Plans": [{"Node Type": "Nested Loop", "Parent Relationship": "Outer", "Join Type": "Inner", "Startup Cost": 3540088.91, "Total Cost": 3866082.29, "Plan Rows": 126321, "Plan Width": 59, "Inner Unique": false, "Plans": [{"Node Type": "Nested Loop", "Parent Relationship": "Outer", "Join Type": "Inner", "Startup Cost": 3540088.91, "Total Cost": 3852738.51, "Plan Rows": 13913, "Plan Width": 59, "Inner Unique": true, "Plans": [{"Node Type": "Nested Loop", "Parent Relationship": "Outer", "Join Type": "Inner", "Startup Cost": 3540088.91, "Total Cost": 3843115.38, "Plan Rows": 33034, "Plan Width": 40, "Inner Unique": true, "Plans": [{"Node Type": "Aggregate", "Strategy": "Hashed", "Parent Relationship": "Outer", "Startup Cost": 3540088.91, "Total Cost": 3606239.52, "Plan Rows": 33034, "Plan Width": 24, "Group By Key": ["public.lineitem.l_orderkey"], "Filter": "(sum(public.lineitem.l_quantity) > 314::double precision), (LLVM Optimized)", "Plans": [{"Node Type": "Index Scan", "Parent Relationship": "Outer", "Scan Direction": "Forward", "Index Name": "idx_lineitem_orderkey", "Relation Name": "lineitem", "Alias": "lineitem", "Startup Cost": 0.0, "Total Cost": 3240153.75, "Plan Rows": 59987033, "Plan Width": 16}]}, {"Node Type": "Index Scan", "Parent Relationship": "Inner", "Scan Direction": "Forward", "Index Name": "orders_pkey", "Relation Name": "orders", "Alias": "orders", "Startup Cost": 0.0, "Total Cost": 7.15, "Plan Rows": 1, "Plan Width": 32, "Index Cond": "(o_orderkey = public.lineitem.l_orderkey)"}]}, {"Node Type": "Index Scan", "Parent Relationship": "Inner", "Scan Direction": "Forward", "Index Name": "customer_pkey", "Relation Name": "customer", "Alias": "customer", "Startup Cost": 0.0, "Total Cost": 0.28, "Plan Rows": 1, "Plan Width": 27, "Index Cond": "(c_custkey = orders.o_custkey)"}]}, {"Node Type": "Index Scan", "Parent Relationship": "Inner", "Scan Direction": "Forward", "Index Name": "idx_lineitem_orderkey", "Relation Name": "lineitem", "Alias": "lineitem", "Startup Cost": 0.0, "Total Cost": 0.87, "Plan Rows": 9, "Plan Width": 16, "Index Cond": "(l_orderkey = orders.o_orderkey)"}]}]}]}]}, "Unique SQL Id": 1915754155, "Planner Runtime": 1}, "explain_analyze_plan": {"Plan": {"Node Type": "Limit", "Startup Cost": 3874068.21, "Total Cost": 3874068.46, "Plan Rows": 100, "Plan Width": 67, "Actual Startup Time": 78667.563, "Actual Total Time": 78667.58, "Actual Rows": 84, "Actual Loops": 1, "Plans": [{"Node Type": "Sort", "Parent Relationship": "Outer", "Startup Cost": 3874068.21, "Total Cost": 3874384.02, "Plan Rows": 100, "Plan Width": 67, "Actual Startup Time": 78667.561, "Actual Total Time": 78667.57, "Actual Rows": 84, "Actual Loops": 1, "Sort Key": ["orders.o_totalprice DESC", "orders.o_orderdate"], "Sort Method": "quicksort", "Sort Space Used": 38, "Sort Space Type": "Memory", "Plans": [{"Node Type": "Aggregate", "Strategy": "Hashed", "Parent Relationship": "Outer", "Startup Cost": 3867977.11, "Total Cost": 3869240.32, "Plan Rows": 126321, "Plan Width": 67, "Actual Startup Time": 78666.912, "Actual Total Time": 78667.456, "Actual Rows": 84, "Actual Loops": 1, "Group By Key": ["orders.o_totalprice", "orders.o_orderdate", "customer.c_name", "customer.c_custkey", "orders.o_orderkey"], "Plans": [{"Node Type": "Nested Loop", "Parent Relationship": "Outer", "Join Type": "Inner", "Startup Cost": 3540088.91, "Total Cost": 3866082.29, "Plan Rows": 126321, "Plan Width": 59, "Actual Startup Time": 71346.529, "Actual Total Time": 78665.231, "Actual Rows": 588, "Actual Loops": 1, "Inner Unique": false, "Plans": [{"Node Type": "Nested Loop", "Parent Relationship": "Outer", "Join Type": "Inner", "Startup Cost": 3540088.91, "Total Cost": 3852738.51, "Plan Rows": 13913, "Plan Width": 59, "Actual Startup Time": 71346.496, "Actual Total Time": 78662.632, "Actual Rows": 84, "Actual Loops": 1, "Inner Unique": true, "Plans": [{"Node Type": "Nested Loop", "Parent Relationship": "Outer", "Join Type": "Inner", "Startup Cost": 3540088.91, "Total Cost": 3843115.38, "Plan Rows": 33034, "Plan Width": 40, "Actual Startup Time": 71346.464, "Actual Total Time": 78660.834, "Actual Rows": 84, "Actual Loops": 1, "Inner Unique": true, "Plans": [{"Node Type": "Aggregate", "Strategy": "Hashed", "Parent Relationship": "Outer", "Startup Cost": 3540088.91, "Total Cost": 3606239.52, "Plan Rows": 33034, "Plan Width": 24, "Actual Startup Time": 71346.402, "Actual Total Time": 78640.855, "Actual Rows": 84, "Actual Loops": 1, "Group By Key": ["public.lineitem.l_orderkey"], "Filter": "(sum(public.lineitem.l_quantity) > 314::double precision), (LLVM Optimized, Jit Execute)", "Rows Removed by Filter": 14999916, "Plans": [{"Node Type": "Index Scan", "Parent Relationship": "Outer", "Scan Direction": "Forward", "Index Name": "idx_lineitem_orderkey", "Relation Name": "lineitem", "Alias": "lineitem", "Startup Cost": 0.0, "Total Cost": 3240153.75, "Plan Rows": 59987033, "Plan Width": 16, "Actual Startup Time": 0.07, "Actual Total Time": 42499.927, "Actual Rows": 59986052, "Actual Loops": 1}]}, {"Node Type": "Index Scan", "Parent Relationship": "Inner", "Scan Direction": "Forward", "Index Name": "orders_pkey", "Relation Name": "orders", "Alias": "orders", "Startup Cost": 0.0, "Total Cost": 7.15, "Plan Rows": 1, "Plan Width": 32, "Actual Startup Time": 2.739, "Actual Total Time": 2.739, "Actual Rows": 84, "Actual Loops": 84, "Index Cond": "(o_orderkey = public.lineitem.l_orderkey)", "Rows Removed by Index Recheck": 0}]}, {"Node Type": "Index Scan", "Parent Relationship": "Inner", "Scan Direction": "Forward", "Index Name": "customer_pkey", "Relation Name": "customer", "Alias": "customer", "Startup Cost": 0.0, "Total Cost": 0.28, "Plan Rows": 1, "Plan Width": 27, "Actual Startup Time": 1.301, "Actual Total Time": 1.301, "Actual Rows": 84, "Actual Loops": 84, "Index Cond": "(c_custkey = orders.o_custkey)", "Rows Removed by Index Recheck": 0}]}, {"Node Type": "Index Scan", "Parent Relationship": "Inner", "Scan Direction": "Forward", "Index Name": "idx_lineitem_orderkey", "Relation Name": "lineitem", "Alias": "lineitem", "Startup Cost": 0.0, "Total Cost": 0.87, "Plan Rows": 9, "Plan Width": 16, "Actual Startup Time": 1.627, "Actual Total Time": 2.06, "Actual Rows": 588, "Actual Loops": 84, "Index Cond": "(l_orderkey = orders.o_orderkey)", "Rows Removed by Index Recheck": 0}]}]}]}]}, "Triggers": [], "Planner Runtime": 2.114, "Total Runtime": 78676.91, "Unique SQL Id": 1915754155}}, "(64, '42')": {"explain_plan": {"Plan": {"Node Type": "Limit", "Startup Cost": 5166300.38, "Total Cost": 5166300.63, "Plan Rows": 100, "Plan Width": 67, "Plans": [{"Node Type": "Sort", "Parent Relationship": "Outer", "Startup Cost": 5166300.38, "Total Cost": 5166616.18, "Plan Rows": 100, "Plan Width": 67, "Sort Key": ["orders.o_totalprice DESC", "orders.o_orderdate"], "Plans": [{"Node Type": "Aggregate", "Strategy": "Hashed", "Parent Relationship": "Outer", "Startup Cost": 5160209.27, "Total Cost": 5161472.48, "Plan Rows": 126321, "Plan Width": 67, "Group By Key": ["orders.o_totalprice", "orders.o_orderdate", "customer.c_name", "customer.c_custkey", "orders.o_orderkey"], "Plans": [{"Node Type": "Hash Join", "Parent Relationship": "Outer", "Join Type": "Inner", "Startup Cost": 2917691.33, "Total Cost": 5158314.46, "Plan Rows": 126321, "Plan Width": 59, "Inner Unique": false, "Hash Cond": "(public.lineitem.l_orderkey = orders.o_orderkey), (LLVM Optimized)", "Plans": [{"Node Type": "Seq Scan", "Parent Relationship": "Outer", "Relation Name": "lineitem", "Alias": "lineitem", "Startup Cost": 0.0, "Total Cost": 2015115.33, "Plan Rows": 59987033, "Plan Width": 16}, {"Node Type": "Hash", "Parent Relationship": "Inner", "Startup Cost": 2917517.42, "Total Cost": 2917517.42, "Plan Rows": 13913, "Plan Width": 59, "Plans": [{"Node Type": "Hash Join", "Parent Relationship": "Outer", "Join Type": "Inner", "Startup Cost": 2452820.37, "Total Cost": 2917517.42, "Plan Rows": 13913, "Plan Width": 59, "Inner Unique": true, "Hash Cond": "(orders.o_custkey = customer.c_custkey)", "Plans": [{"Node Type": "Hash Join", "Parent Relationship": "Outer", "Join Type": "Inner", "Startup Cost": 2381944.37, "Total Cost": 2846187.2, "Plan Rows": 33034, "Plan Width": 40, "Inner Unique": true, "Hash Cond": "(orders.o_orderkey = public.lineitem.l_orderkey)", "Plans": [{"Node Type": "Seq Scan", "Parent Relationship": "Outer", "Relation Name": "orders", "Alias": "orders", "Startup Cost": 0.0, "Total Cost": 426413.79, "Plan Rows": 14999479, "Plan Width": 32}, {"Node Type": "Hash", "Parent Relationship": "Inner", "Startup Cost": 2381531.45, "Total Cost": 2381531.45, "Plan Rows": 33034, "Plan Width": 8, "Plans": [{"Node Type": "Aggregate", "Strategy": "Hashed", "Parent Relationship": "Outer", "Startup Cost": 2315050.5, "Total Cost": 2381201.11, "Plan Rows": 33034, "Plan Width": 24, "Group By Key": ["public.lineitem.l_orderkey"], "Filter": "(sum(public.lineitem.l_quantity) > 314::double precision), (LLVM Optimized)", "Plans": [{"Node Type": "Seq Scan", "Parent Relationship": "Outer", "Relation Name": "lineitem", "Alias": "lineitem", "Startup Cost": 0.0, "Total Cost": 2015115.33, "Plan Rows": 59987033, "Plan Width": 16}]}]}]}, {"Node Type": "Hash", "Parent Relationship": "Inner", "Startup Cost": 52126.0, "Total Cost": 52126.0, "Plan Rows": 1500000, "Plan Width": 27, "Plans": [{"Node Type": "Seq Scan", "Parent Relationship": "Outer", "Relation Name": "customer", "Alias": "customer", "Startup Cost": 0.0, "Total Cost": 52126.0, "Plan Rows": 1500000, "Plan Width": 27}]}]}]}]}]}]}]}, "Unique SQL Id": 1915754155, "Planner Runtime": 1}, "explain_analyze_plan": {"Plan": {"Node Type": "Limit", "Startup Cost": 5166300.38, "Total Cost": 5166300.63, "Plan Rows": 100, "Plan Width": 67, "Actual Startup Time": 87758.089, "Actual Total Time": 87758.105, "Actual Rows": 84, "Actual Loops": 1, "Plans": [{"Node Type": "Sort", "Parent Relationship": "Outer", "Startup Cost": 5166300.38, "Total Cost": 5166616.18, "Plan Rows": 100, "Plan Width": 67, "Actual Startup Time": 87758.086, "Actual Total Time": 87758.093, "Actual Rows": 84, "Actual Loops": 1, "Sort Key": ["orders.o_totalprice DESC", "orders.o_orderdate"], "Sort Method": "quicksort", "Sort Space Used": 38, "Sort Space Type": "Memory", "Plans": [{"Node Type": "Aggregate", "Strategy": "Hashed", "Parent Relationship": "Outer", "Startup Cost": 5160209.27, "Total Cost": 5161472.48, "Plan Rows": 126321, "Plan Width": 67, "Actual Startup Time": 87757.697, "Actual Total Time": 87757.964, "Actual Rows": 84, "Actual Loops": 1, "Group By Key": ["orders.o_totalprice", "orders.o_orderdate", "customer.c_name", "customer.c_custkey", "orders.o_orderkey"], "Plans": [{"Node Type": "Hash Join", "Parent Relationship": "Outer", "Join Type": "Inner", "Startup Cost": 2917691.33, "Total Cost": 5158314.46, "Plan Rows": 126321, "Plan Width": 59, "Actual Startup Time": 61442.015, "Actual Total Time": 87754.55, "Actual Rows": 588, "Actual Loops": 1, "Inner Unique": false, "Hash Cond": "(public.lineitem.l_orderkey = orders.o_orderkey), (LLVM Optimized, Jit Execute)", "Plans": [{"Node Type": "Seq Scan", "Parent Relationship": "Outer", "Relation Name": "lineitem", "Alias": "lineitem", "Startup Cost": 0.0, "Total Cost": 2015115.33, "Plan Rows": 59987033, "Plan Width": 16, "Actual Startup Time": 0.026, "Actual Total Time": 16730.65, "Actual Rows": 59986052, "Actual Loops": 1}, {"Node Type": "Hash", "Parent Relationship": "Inner", "Startup Cost": 2917517.42, "Total Cost": 2917517.42, "Plan Rows": 13913, "Plan Width": 59, "Actual Startup Time": 60869.861, "Actual Total Time": 60869.861, "Actual Rows": 84, "Actual Loops": 1, "Hash Buckets": 32768, "Hash Batches": 1, "Original Hash Batches": 1, "Peak Memory Usage": 8, "Plans": [{"Node Type": "Hash Join", "Parent Relationship": "Outer", "Join Type": "Inner", "Startup Cost": 2452820.37, "Total Cost": 2917517.42, "Plan Rows": 13913, "Plan Width": 59, "Actual Startup Time": 54230.749, "Actual Total Time": 60869.52, "Actual Rows": 84, "Actual Loops": 1, "Inner Unique": true, "Hash Cond": "(orders.o_custkey = customer.c_custkey)", "Plans": [{"Node Type": "Hash Join", "Parent Relationship": "Outer", "Join Type": "Inner", "Startup Cost": 2381944.37, "Total Cost": 2846187.2, "Plan Rows": 33034, "Plan Width": 40, "Actual Startup Time": 53234.503, "Actual Total Time": 59871.886, "Actual Rows": 84, "Actual Loops": 1, "Inner Unique": true, "Hash Cond": "(orders.o_orderkey = public.lineitem.l_orderkey)", "Plans": [{"Node Type": "Seq Scan", "Parent Relationship": "Outer", "Relation Name": "orders", "Alias": "orders", "Startup Cost": 0.0, "Total Cost": 426413.79, "Plan Rows": 14999479, "Plan Width": 32, "Actual Startup Time": 0.018, "Actual Total Time": 3849.952, "Actual Rows": 15000000, "Actual Loops": 1}, {"Node Type": "Hash", "Parent Relationship": "Inner", "Startup Cost": 2381531.45, "Total Cost": 2381531.45, "Plan Rows": 33034, "Plan Width": 8, "Actual Startup Time": 53079.015, "Actual Total Time": 53079.015, "Actual Rows": 84, "Actual Loops": 1, "Hash Buckets": 65536, "Hash Batches": 1, "Original Hash Batches": 1, "Peak Memory Usage": 4, "Plans": [{"Node Type": "Aggregate", "Strategy": "Hashed", "Parent Relationship": "Outer", "Startup Cost": 2315050.5, "Total Cost": 2381201.11, "Plan Rows": 33034, "Plan Width": 24, "Actual Startup Time": 47520.717, "Actual Total Time": 53078.557, "Actual Rows": 84, "Actual Loops": 1, "Group By Key": ["public.lineitem.l_orderkey"], "Filter": "(sum(public.lineitem.l_quantity) > 314::double precision), (LLVM Optimized, Jit Execute)", "Rows Removed by Filter": 14999916, "Plans": [{"Node Type": "Seq Scan", "Parent Relationship": "Outer", "Relation Name": "lineitem", "Alias": "lineitem", "Startup Cost": 0.0, "Total Cost": 2015115.33, "Plan Rows": 59987033, "Plan Width": 16, "Actual Startup Time": 0.041, "Actual Total Time": 20439.116, "Actual Rows": 59986052, "Actual Loops": 1}]}]}]}, {"Node Type": "Hash", "Parent Relationship": "Inner", "Startup Cost": 52126.0, "Total Cost": 52126.0, "Plan Rows": 1500000, "Plan Width": 27, "Actual Startup Time": 994.951, "Actual Total Time": 994.951, "Actual Rows": 1500000, "Actual Loops": 1, "Hash Buckets": 2097152, "Hash Batches": 1, "Original Hash Batches": 1, "Peak Memory Usage": 93750, "Plans": [{"Node Type": "Seq Scan", "Parent Relationship": "Outer", "Relation Name": "customer", "Alias": "customer", "Startup Cost": 0.0, "Total Cost": 52126.0, "Plan Rows": 1500000, "Plan Width": 27, "Actual Startup Time": 0.022, "Actual Total Time": 519.702, "Actual Rows": 1500000, "Actual Loops": 1}]}]}]}]}]}]}]}, "Triggers": [], "Planner Runtime": 2.255, "Total Runtime": 87768.282, "Unique SQL Id": 1915754155}}, "(64, '43')": {"explain_plan": {"Plan": {"Node Type": "Limit", "Startup Cost": 4021424234088.76, "Total Cost": 4021424234089.01, "Plan Rows": 100, "Plan Width": 67, "Plans": [{"Node Type": "Sort", "Parent Relationship": "Outer", "Startup Cost": 4021424234088.76, "Total Cost": 4021424234404.56, "Plan Rows": 100, "Plan Width": 67, "Sort Key": ["orders.o_totalprice DESC", "orders.o_orderdate"], "Plans": [{"Node Type": "Aggregate", "Strategy": "Hashed", "Parent Relationship": "Outer", "Startup Cost": 4021424227997.65, "Total Cost": 4021424229260.86, "Plan Rows": 126321, "Plan Width": 67, "Group By Key": ["orders.o_totalprice", "orders.o_orderdate", "customer.c_name", "customer.c_custkey", "orders.o_orderkey"], "Plans": [{"Node Type": "Nested Loop", "Parent Relationship": "Outer", "Join Type": "Inner", "Startup Cost": 1030324315309.67, "Total Cost": 4021424226102.83, "Plan Rows": 126321, "Plan Width": 59, "Inner Unique": false, "Join Filter": "(orders.o_orderkey = public.lineitem.l_orderkey), (LLVM Optimized)", "Plans": [{"Node Type": "Index Scan", "Parent Relationship": "Outer", "Scan Direction": "Forward", "Index Name": "idx_lineitem_orderkey", "Relation Name": "lineitem", "Alias": "lineitem", "Startup Cost": 10000000000.0, "Total Cost": 1000324015374.5, "Plan Rows": 59987033, "Plan Width": 16}, {"Node Type": "Materialize", "Parent Relationship": "Inner", "Startup Cost": 1020324315309.67, "Total Cost": 3008581216911.18, "Plan Rows": 13913, "Plan Width": 59, "Plans": [{"Node Type": "Nested Loop", "Parent Relationship": "Outer", "Join Type": "Inner", "Startup Cost": 1020324315309.67, "Total Cost": 3008581216841.62, "Plan Rows": 13913, "Plan Width": 59, "Inner Unique": true, "Join Filter": "(orders.o_custkey = customer.c_custkey)", "Plans": [{"Node Type": "Nested Loop", "Parent Relationship": "Outer", "Join Type": "Semi", "Startup Cost": 1010324315309.67, "Total Cost": 2007829871556.0, "Plan Rows": 33034, "Plan Width": 40, "Inner Unique": false, "Join Filter": "(orders.o_orderkey = public.lineitem.l_orderkey)", "Plans": [{"Node Type": "Index Scan", "Parent Relationship": "Outer", "Scan Direction": "Forward", "Index Name": "orders_pkey", "Relation Name": "orders", "Alias": "orders", "Startup Cost": 10000000000.0, "Total Cost": 1000073097843.5, "Plan Rows": 14999479, "Plan Width": 32}, {"Node Type": "Materialize", "Parent Relationship": "Inner", "Startup Cost": 1000324315309.67, "Total Cost": 1000324381955.79, "Plan Rows": 33034, "Plan Width": 8, "Plans": [{"Node Type": "Aggregate", "Strategy": "Hashed", "Parent Relationship": "Outer", "Startup Cost": 1000324315309.67, "Total Cost": 1000324381460.28, "Plan Rows": 33034, "Plan Width": 24, "Group By Key": ["public.lineitem.l_orderkey"], "Filter": "(sum(public.lineitem.l_quantity) > 314::double precision), (LLVM Optimized)", "Plans": [{"Node Type": "Index Scan", "Parent Relationship": "Outer", "Scan Direction": "Forward", "Index Name": "idx_lineitem_orderkey", "Relation Name": "lineitem", "Alias": "lineitem", "Startup Cost": 10000000000.0, "Total Cost": 1000324015374.5, "Plan Rows": 59987033, "Plan Width": 16}]}]}]}, {"Node Type": "Materialize", "Parent Relationship": "Inner", "Startup Cost": 10000000000.0, "Total Cost": 1000008084035.62, "Plan Rows": 1500000, "Plan Width": 27, "Plans": [{"Node Type": "Index Scan", "Parent Relationship": "Outer", "Scan Direction": "Forward", "Index Name": "customer_pkey", "Relation Name": "customer", "Alias": "customer", "Startup Cost": 10000000000.0, "Total Cost": 1000008076535.62, "Plan Rows": 1500000, "Plan Width": 27}]}]}]}]}]}]}]}, "Unique SQL Id": 1915754155, "Planner Runtime": 1}, "explain_analyze_plan": null}, "(64, '44')": {"explain_plan": {"Plan": {"Node Type": "Limit", "Startup Cost": 2649029.8, "Total Cost": 2649030.05, "Plan Rows": 100, "Plan Width": 67, "Plans": [{"Node Type": "Sort", "Parent Relationship": "Outer", "Startup Cost": 2649029.8, "Total Cost": 2649345.6, "Plan Rows": 100, "Plan Width": 67, "Sort Key": ["orders.o_totalprice DESC", "orders.o_orderdate"], "Plans": [{"Node Type": "Aggregate", "Strategy": "Hashed", "Parent Relationship": "Outer", "Startup Cost": 2642938.69, "Total Cost": 2644201.9, "Plan Rows": 126321, "Plan Width": 67, "Group By Key": ["orders.o_totalprice", "orders.o_orderdate", "customer.c_name", "customer.c_custkey", "orders.o_orderkey"], "Plans": [{"Node Type": "Nested Loop", "Parent Relationship": "Outer", "Join Type": "Inner", "Startup Cost": 2315050.5, "Total Cost": 2641043.88, "Plan Rows": 126321, "Plan Width": 59, "Inner Unique": false, "Plans": [{"Node Type": "Nested Loop", "Parent Relationship": "Outer", "Join Type": "Inner", "Startup Cost": 2315050.5, "Total Cost": 2627700.1, "Plan Rows": 13913, "Plan Width": 59, "Inner Unique": true, "Plans": [{"Node Type": "Nested Loop", "Parent Relationship": "Outer", "Join Type": "Inner", "Startup Cost": 2315050.5, "Total Cost": 2618076.97, "Plan Rows": 33034, "Plan Width": 40, "Inner Unique": true, "Plans": [{"Node Type": "Aggregate", "Strategy": "Hashed", "Parent Relationship": "Outer", "Startup Cost": 2315050.5, "Total Cost": 2381201.11, "Plan Rows": 33034, "Plan Width": 24, "Group By Key": ["public.lineitem.l_orderkey"], "Filter": "(sum(public.lineitem.l_quantity) > 314::double precision), (LLVM Optimized)", "Plans": [{"Node Type": "Seq Scan", "Parent Relationship": "Outer", "Relation Name": "lineitem", "Alias": "lineitem", "Startup Cost": 0.0, "Total Cost": 2015115.33, "Plan Rows": 59987033, "Plan Width": 16}]}, {"Node Type": "Index Scan", "Parent Relationship": "Inner", "Scan Direction": "Forward", "Index Name": "orders_pkey", "Relation Name": "orders", "Alias": "orders", "Startup Cost": 0.0, "Total Cost": 7.15, "Plan Rows": 1, "Plan Width": 32, "Index Cond": "(o_orderkey = public.lineitem.l_orderkey)"}]}, {"Node Type": "Index Scan", "Parent Relationship": "Inner", "Scan Direction": "Forward", "Index Name": "customer_pkey", "Relation Name": "customer", "Alias": "customer", "Startup Cost": 0.0, "Total Cost": 0.28, "Plan Rows": 1, "Plan Width": 27, "Index Cond": "(c_custkey = orders.o_custkey)"}]}, {"Node Type": "Index Scan", "Parent Relationship": "Inner", "Scan Direction": "Forward", "Index Name": "idx_lineitem_orderkey", "Relation Name": "lineitem", "Alias": "lineitem", "Startup Cost": 0.0, "Total Cost": 0.87, "Plan Rows": 9, "Plan Width": 16, "Index Cond": "(l_orderkey = orders.o_orderkey)"}]}]}]}]}, "Unique SQL Id": 1915754155, "Planner Runtime": 1}, "explain_analyze_plan": {"Plan": {"Node Type": "Limit", "Startup Cost": 2649029.8, "Total Cost": 2649030.05, "Plan Rows": 100, "Plan Width": 67, "Actual Startup Time": 54861.493, "Actual Total Time": 54861.508, "Actual Rows": 84, "Actual Loops": 1, "Plans": [{"Node Type": "Sort", "Parent Relationship": "Outer", "Startup Cost": 2649029.8, "Total Cost": 2649345.6, "Plan Rows": 100, "Plan Width": 67, "Actual Startup Time": 54861.49, "Actual Total Time": 54861.494, "Actual Rows": 84, "Actual Loops": 1, "Sort Key": ["orders.o_totalprice DESC", "orders.o_orderdate"], "Sort Method": "quicksort", "Sort Space Used": 38, "Sort Space Type": "Memory", "Plans": [{"Node Type": "Aggregate", "Strategy": "Hashed", "Parent Relationship": "Outer", "Startup Cost": 2642938.69, "Total Cost": 2644201.9, "Plan Rows": 126321, "Plan Width": 67, "Actual Startup Time": 54860.881, "Actual Total Time": 54861.367, "Actual Rows": 84, "Actual Loops": 1, "Group By Key": ["orders.o_totalprice", "orders.o_orderdate", "customer.c_name", "customer.c_custkey", "orders.o_orderkey"], "Plans": [{"Node Type": "Nested Loop", "Parent Relationship": "Outer", "Join Type": "Inner", "Startup Cost": 2315050.5, "Total Cost": 2641043.88, "Plan Rows": 126321, "Plan Width": 59, "Actual Startup Time": 49072.337, "Actual Total Time": 54858.992, "Actual Rows": 588, "Actual Loops": 1, "Inner Unique": false, "Plans": [{"Node Type": "Nested Loop", "Parent Relationship": "Outer", "Join Type": "Inner", "Startup Cost": 2315050.5, "Total Cost": 2627700.1, "Plan Rows": 13913, "Plan Width": 59, "Actual Startup Time": 49072.315, "Actual Total Time": 54856.844, "Actual Rows": 84, "Actual Loops": 1, "Inner Unique": true, "Plans": [{"Node Type": "Nested Loop", "Parent Relationship": "Outer", "Join Type": "Inner", "Startup Cost": 2315050.5, "Total Cost": 2618076.97, "Plan Rows": 33034, "Plan Width": 40, "Actual Startup Time": 49072.296, "Actual Total Time": 54855.643, "Actual Rows": 84, "Actual Loops": 1, "Inner Unique": true, "Plans": [{"Node Type": "Aggregate", "Strategy": "Hashed", "Parent Relationship": "Outer", "Startup Cost": 2315050.5, "Total Cost": 2381201.11, "Plan Rows": 33034, "Plan Width": 24, "Actual Startup Time": 49072.224, "Actual Total Time": 54835.622, "Actual Rows": 84, "Actual Loops": 1, "Group By Key": ["public.lineitem.l_orderkey"], "Filter": "(sum(public.lineitem.l_quantity) > 314::double precision), (LLVM Optimized, Jit Execute)", "Rows Removed by Filter": 14999916, "Plans": [{"Node Type": "Seq Scan", "Parent Relationship": "Outer", "Relation Name": "lineitem", "Alias": "lineitem", "Startup Cost": 0.0, "Total Cost": 2015115.33, "Plan Rows": 59987033, "Plan Width": 16, "Actual Startup Time": 0.051, "Actual Total Time": 20660.278, "Actual Rows": 59986052, "Actual Loops": 1}]}, {"Node Type": "Index Scan", "Parent Relationship": "Inner", "Scan Direction": "Forward", "Index Name": "orders_pkey", "Relation Name": "orders", "Alias": "orders", "Startup Cost": 0.0, "Total Cost": 7.15, "Plan Rows": 1, "Plan Width": 32, "Actual Startup Time": 2.649, "Actual Total Time": 2.649, "Actual Rows": 84, "Actual Loops": 84, "Index Cond": "(o_orderkey = public.lineitem.l_orderkey)", "Rows Removed by Index Recheck": 0}]}, {"Node Type": "Index Scan", "Parent Relationship": "Inner", "Scan Direction": "Forward", "Index Name": "customer_pkey", "Relation Name": "customer", "Alias": "customer", "Startup Cost": 0.0, "Total Cost": 0.28, "Plan Rows": 1, "Plan Width": 27, "Actual Startup Time": 0.851, "Actual Total Time": 0.851, "Actual Rows": 84, "Actual Loops": 84, "Index Cond": "(c_custkey = orders.o_custkey)", "Rows Removed by Index Recheck": 0}]}, {"Node Type": "Index Scan", "Parent Relationship": "Inner", "Scan Direction": "Forward", "Index Name": "idx_lineitem_orderkey", "Relation Name": "lineitem", "Alias": "lineitem", "Startup Cost": 0.0, "Total Cost": 0.87, "Plan Rows": 9, "Plan Width": 16, "Actual Startup Time": 1.215, "Actual Total Time": 1.721, "Actual Rows": 588, "Actual Loops": 84, "Index Cond": "(l_orderkey = orders.o_orderkey)", "Rows Removed by Index Recheck": 0}]}]}]}]}, "Triggers": [], "Planner Runtime": 2.136, "Total Runtime": 54871.674, "Unique SQL Id": 1915754155}}, "(64, '45')": {"explain_plan": {"Plan": {"Node Type": "Limit", "Startup Cost": 3874068.21, "Total Cost": 3874068.46, "Plan Rows": 100, "Plan Width": 67, "Plans": [{"Node Type": "Sort", "Parent Relationship": "Outer", "Startup Cost": 3874068.21, "Total Cost": 3874384.02, "Plan Rows": 100, "Plan Width": 67, "Sort Key": ["orders.o_totalprice DESC", "orders.o_orderdate"], "Plans": [{"Node Type": "Aggregate", "Strategy": "Hashed", "Parent Relationship": "Outer", "Startup Cost": 3867977.11, "Total Cost": 3869240.32, "Plan Rows": 126321, "Plan Width": 67, "Group By Key": ["orders.o_totalprice", "orders.o_orderdate", "customer.c_name", "customer.c_custkey", "orders.o_orderkey"], "Plans": [{"Node Type": "Nested Loop", "Parent Relationship": "Outer", "Join Type": "Inner", "Startup Cost": 3540088.91, "Total Cost": 3866082.29, "Plan Rows": 126321, "Plan Width": 59, "Inner Unique": false, "Plans": [{"Node Type": "Nested Loop", "Parent Relationship": "Outer", "Join Type": "Inner", "Startup Cost": 3540088.91, "Total Cost": 3852738.51, "Plan Rows": 13913, "Plan Width": 59, "Inner Unique": true, "Plans": [{"Node Type": "Nested Loop", "Parent Relationship": "Outer", "Join Type": "Inner", "Startup Cost": 3540088.91, "Total Cost": 3843115.38, "Plan Rows": 33034, "Plan Width": 40, "Inner Unique": true, "Plans": [{"Node Type": "Aggregate", "Strategy": "Hashed", "Parent Relationship": "Outer", "Startup Cost": 3540088.91, "Total Cost": 3606239.52, "Plan Rows": 33034, "Plan Width": 24, "Group By Key": ["public.lineitem.l_orderkey"], "Filter": "(sum(public.lineitem.l_quantity) > 314::double precision), (LLVM Optimized)", "Plans": [{"Node Type": "Index Scan", "Parent Relationship": "Outer", "Scan Direction": "Forward", "Index Name": "idx_lineitem_orderkey", "Relation Name": "lineitem", "Alias": "lineitem", "Startup Cost": 0.0, "Total Cost": 3240153.75, "Plan Rows": 59987033, "Plan Width": 16}]}, {"Node Type": "Index Scan", "Parent Relationship": "Inner", "Scan Direction": "Forward", "Index Name": "orders_pkey", "Relation Name": "orders", "Alias": "orders", "Startup Cost": 0.0, "Total Cost": 7.15, "Plan Rows": 1, "Plan Width": 32, "Index Cond": "(o_orderkey = public.lineitem.l_orderkey)"}]}, {"Node Type": "Index Scan", "Parent Relationship": "Inner", "Scan Direction": "Forward", "Index Name": "customer_pkey", "Relation Name": "customer", "Alias": "customer", "Startup Cost": 0.0, "Total Cost": 0.28, "Plan Rows": 1, "Plan Width": 27, "Index Cond": "(c_custkey = orders.o_custkey)"}]}, {"Node Type": "Index Scan", "Parent Relationship": "Inner", "Scan Direction": "Forward", "Index Name": "idx_lineitem_orderkey", "Relation Name": "lineitem", "Alias": "lineitem", "Startup Cost": 0.0, "Total Cost": 0.87, "Plan Rows": 9, "Plan Width": 16, "Index Cond": "(l_orderkey = orders.o_orderkey)"}]}]}]}]}, "Unique SQL Id": 1915754155, "Planner Runtime": 1}, "explain_analyze_plan": {"Plan": {"Node Type": "Limit", "Startup Cost": 3874068.21, "Total Cost": 3874068.46, "Plan Rows": 100, "Plan Width": 67, "Actual Startup Time": 78667.563, "Actual Total Time": 78667.58, "Actual Rows": 84, "Actual Loops": 1, "Plans": [{"Node Type": "Sort", "Parent Relationship": "Outer", "Startup Cost": 3874068.21, "Total Cost": 3874384.02, "Plan Rows": 100, "Plan Width": 67, "Actual Startup Time": 78667.561, "Actual Total Time": 78667.57, "Actual Rows": 84, "Actual Loops": 1, "Sort Key": ["orders.o_totalprice DESC", "orders.o_orderdate"], "Sort Method": "quicksort", "Sort Space Used": 38, "Sort Space Type": "Memory", "Plans": [{"Node Type": "Aggregate", "Strategy": "Hashed", "Parent Relationship": "Outer", "Startup Cost": 3867977.11, "Total Cost": 3869240.32, "Plan Rows": 126321, "Plan Width": 67, "Actual Startup Time": 78666.912, "Actual Total Time": 78667.456, "Actual Rows": 84, "Actual Loops": 1, "Group By Key": ["orders.o_totalprice", "orders.o_orderdate", "customer.c_name", "customer.c_custkey", "orders.o_orderkey"], "Plans": [{"Node Type": "Nested Loop", "Parent Relationship": "Outer", "Join Type": "Inner", "Startup Cost": 3540088.91, "Total Cost": 3866082.29, "Plan Rows": 126321, "Plan Width": 59, "Actual Startup Time": 71346.529, "Actual Total Time": 78665.231, "Actual Rows": 588, "Actual Loops": 1, "Inner Unique": false, "Plans": [{"Node Type": "Nested Loop", "Parent Relationship": "Outer", "Join Type": "Inner", "Startup Cost": 3540088.91, "Total Cost": 3852738.51, "Plan Rows": 13913, "Plan Width": 59, "Actual Startup Time": 71346.496, "Actual Total Time": 78662.632, "Actual Rows": 84, "Actual Loops": 1, "Inner Unique": true, "Plans": [{"Node Type": "Nested Loop", "Parent Relationship": "Outer", "Join Type": "Inner", "Startup Cost": 3540088.91, "Total Cost": 3843115.38, "Plan Rows": 33034, "Plan Width": 40, "Actual Startup Time": 71346.464, "Actual Total Time": 78660.834, "Actual Rows": 84, "Actual Loops": 1, "Inner Unique": true, "Plans": [{"Node Type": "Aggregate", "Strategy": "Hashed", "Parent Relationship": "Outer", "Startup Cost": 3540088.91, "Total Cost": 3606239.52, "Plan Rows": 33034, "Plan Width": 24, "Actual Startup Time": 71346.402, "Actual Total Time": 78640.855, "Actual Rows": 84, "Actual Loops": 1, "Group By Key": ["public.lineitem.l_orderkey"], "Filter": "(sum(public.lineitem.l_quantity) > 314::double precision), (LLVM Optimized, Jit Execute)", "Rows Removed by Filter": 14999916, "Plans": [{"Node Type": "Index Scan", "Parent Relationship": "Outer", "Scan Direction": "Forward", "Index Name": "idx_lineitem_orderkey", "Relation Name": "lineitem", "Alias": "lineitem", "Startup Cost": 0.0, "Total Cost": 3240153.75, "Plan Rows": 59987033, "Plan Width": 16, "Actual Startup Time": 0.07, "Actual Total Time": 42499.927, "Actual Rows": 59986052, "Actual Loops": 1}]}, {"Node Type": "Index Scan", "Parent Relationship": "Inner", "Scan Direction": "Forward", "Index Name": "orders_pkey", "Relation Name": "orders", "Alias": "orders", "Startup Cost": 0.0, "Total Cost": 7.15, "Plan Rows": 1, "Plan Width": 32, "Actual Startup Time": 2.739, "Actual Total Time": 2.739, "Actual Rows": 84, "Actual Loops": 84, "Index Cond": "(o_orderkey = public.lineitem.l_orderkey)", "Rows Removed by Index Recheck": 0}]}, {"Node Type": "Index Scan", "Parent Relationship": "Inner", "Scan Direction": "Forward", "Index Name": "customer_pkey", "Relation Name": "customer", "Alias": "customer", "Startup Cost": 0.0, "Total Cost": 0.28, "Plan Rows": 1, "Plan Width": 27, "Actual Startup Time": 1.301, "Actual Total Time": 1.301, "Actual Rows": 84, "Actual Loops": 84, "Index Cond": "(c_custkey = orders.o_custkey)", "Rows Removed by Index Recheck": 0}]}, {"Node Type": "Index Scan", "Parent Relationship": "Inner", "Scan Direction": "Forward", "Index Name": "idx_lineitem_orderkey", "Relation Name": "lineitem", "Alias": "lineitem", "Startup Cost": 0.0, "Total Cost": 0.87, "Plan Rows": 9, "Plan Width": 16, "Actual Startup Time": 1.627, "Actual Total Time": 2.06, "Actual Rows": 588, "Actual Loops": 84, "Index Cond": "(l_orderkey = orders.o_orderkey)", "Rows Removed by Index Recheck": 0}]}]}]}]}, "Triggers": [], "Planner Runtime": 2.114, "Total Runtime": 78676.91, "Unique SQL Id": 1915754155}}, "(64, '46')": {"explain_plan": {"Plan": {"Node Type": "Limit", "Startup Cost": 5166300.38, "Total Cost": 5166300.63, "Plan Rows": 100, "Plan Width": 67, "Plans": [{"Node Type": "Sort", "Parent Relationship": "Outer", "Startup Cost": 5166300.38, "Total Cost": 5166616.18, "Plan Rows": 100, "Plan Width": 67, "Sort Key": ["orders.o_totalprice DESC", "orders.o_orderdate"], "Plans": [{"Node Type": "Aggregate", "Strategy": "Hashed", "Parent Relationship": "Outer", "Startup Cost": 5160209.27, "Total Cost": 5161472.48, "Plan Rows": 126321, "Plan Width": 67, "Group By Key": ["orders.o_totalprice", "orders.o_orderdate", "customer.c_name", "customer.c_custkey", "orders.o_orderkey"], "Plans": [{"Node Type": "Hash Join", "Parent Relationship": "Outer", "Join Type": "Inner", "Startup Cost": 2917691.33, "Total Cost": 5158314.46, "Plan Rows": 126321, "Plan Width": 59, "Inner Unique": false, "Hash Cond": "(public.lineitem.l_orderkey = orders.o_orderkey), (LLVM Optimized)", "Plans": [{"Node Type": "Seq Scan", "Parent Relationship": "Outer", "Relation Name": "lineitem", "Alias": "lineitem", "Startup Cost": 0.0, "Total Cost": 2015115.33, "Plan Rows": 59987033, "Plan Width": 16}, {"Node Type": "Hash", "Parent Relationship": "Inner", "Startup Cost": 2917517.42, "Total Cost": 2917517.42, "Plan Rows": 13913, "Plan Width": 59, "Plans": [{"Node Type": "Hash Join", "Parent Relationship": "Outer", "Join Type": "Inner", "Startup Cost": 2452820.37, "Total Cost": 2917517.42, "Plan Rows": 13913, "Plan Width": 59, "Inner Unique": true, "Hash Cond": "(orders.o_custkey = customer.c_custkey)", "Plans": [{"Node Type": "Hash Join", "Parent Relationship": "Outer", "Join Type": "Inner", "Startup Cost": 2381944.37, "Total Cost": 2846187.2, "Plan Rows": 33034, "Plan Width": 40, "Inner Unique": true, "Hash Cond": "(orders.o_orderkey = public.lineitem.l_orderkey)", "Plans": [{"Node Type": "Seq Scan", "Parent Relationship": "Outer", "Relation Name": "orders", "Alias": "orders", "Startup Cost": 0.0, "Total Cost": 426413.79, "Plan Rows": 14999479, "Plan Width": 32}, {"Node Type": "Hash", "Parent Relationship": "Inner", "Startup Cost": 2381531.45, "Total Cost": 2381531.45, "Plan Rows": 33034, "Plan Width": 8, "Plans": [{"Node Type": "Aggregate", "Strategy": "Hashed", "Parent Relationship": "Outer", "Startup Cost": 2315050.5, "Total Cost": 2381201.11, "Plan Rows": 33034, "Plan Width": 24, "Group By Key": ["public.lineitem.l_orderkey"], "Filter": "(sum(public.lineitem.l_quantity) > 314::double precision), (LLVM Optimized)", "Plans": [{"Node Type": "Seq Scan", "Parent Relationship": "Outer", "Relation Name": "lineitem", "Alias": "lineitem", "Startup Cost": 0.0, "Total Cost": 2015115.33, "Plan Rows": 59987033, "Plan Width": 16}]}]}]}, {"Node Type": "Hash", "Parent Relationship": "Inner", "Startup Cost": 52126.0, "Total Cost": 52126.0, "Plan Rows": 1500000, "Plan Width": 27, "Plans": [{"Node Type": "Seq Scan", "Parent Relationship": "Outer", "Relation Name": "customer", "Alias": "customer", "Startup Cost": 0.0, "Total Cost": 52126.0, "Plan Rows": 1500000, "Plan Width": 27}]}]}]}]}]}]}]}, "Unique SQL Id": 1915754155, "Planner Runtime": 1}, "explain_analyze_plan": {"Plan": {"Node Type": "Limit", "Startup Cost": 5166300.38, "Total Cost": 5166300.63, "Plan Rows": 100, "Plan Width": 67, "Actual Startup Time": 87758.089, "Actual Total Time": 87758.105, "Actual Rows": 84, "Actual Loops": 1, "Plans": [{"Node Type": "Sort", "Parent Relationship": "Outer", "Startup Cost": 5166300.38, "Total Cost": 5166616.18, "Plan Rows": 100, "Plan Width": 67, "Actual Startup Time": 87758.086, "Actual Total Time": 87758.093, "Actual Rows": 84, "Actual Loops": 1, "Sort Key": ["orders.o_totalprice DESC", "orders.o_orderdate"], "Sort Method": "quicksort", "Sort Space Used": 38, "Sort Space Type": "Memory", "Plans": [{"Node Type": "Aggregate", "Strategy": "Hashed", "Parent Relationship": "Outer", "Startup Cost": 5160209.27, "Total Cost": 5161472.48, "Plan Rows": 126321, "Plan Width": 67, "Actual Startup Time": 87757.697, "Actual Total Time": 87757.964, "Actual Rows": 84, "Actual Loops": 1, "Group By Key": ["orders.o_totalprice", "orders.o_orderdate", "customer.c_name", "customer.c_custkey", "orders.o_orderkey"], "Plans": [{"Node Type": "Hash Join", "Parent Relationship": "Outer", "Join Type": "Inner", "Startup Cost": 2917691.33, "Total Cost": 5158314.46, "Plan Rows": 126321, "Plan Width": 59, "Actual Startup Time": 61442.015, "Actual Total Time": 87754.55, "Actual Rows": 588, "Actual Loops": 1, "Inner Unique": false, "Hash Cond": "(public.lineitem.l_orderkey = orders.o_orderkey), (LLVM Optimized, Jit Execute)", "Plans": [{"Node Type": "Seq Scan", "Parent Relationship": "Outer", "Relation Name": "lineitem", "Alias": "lineitem", "Startup Cost": 0.0, "Total Cost": 2015115.33, "Plan Rows": 59987033, "Plan Width": 16, "Actual Startup Time": 0.026, "Actual Total Time": 16730.65, "Actual Rows": 59986052, "Actual Loops": 1}, {"Node Type": "Hash", "Parent Relationship": "Inner", "Startup Cost": 2917517.42, "Total Cost": 2917517.42, "Plan Rows": 13913, "Plan Width": 59, "Actual Startup Time": 60869.861, "Actual Total Time": 60869.861, "Actual Rows": 84, "Actual Loops": 1, "Hash Buckets": 32768, "Hash Batches": 1, "Original Hash Batches": 1, "Peak Memory Usage": 8, "Plans": [{"Node Type": "Hash Join", "Parent Relationship": "Outer", "Join Type": "Inner", "Startup Cost": 2452820.37, "Total Cost": 2917517.42, "Plan Rows": 13913, "Plan Width": 59, "Actual Startup Time": 54230.749, "Actual Total Time": 60869.52, "Actual Rows": 84, "Actual Loops": 1, "Inner Unique": true, "Hash Cond": "(orders.o_custkey = customer.c_custkey)", "Plans": [{"Node Type": "Hash Join", "Parent Relationship": "Outer", "Join Type": "Inner", "Startup Cost": 2381944.37, "Total Cost": 2846187.2, "Plan Rows": 33034, "Plan Width": 40, "Actual Startup Time": 53234.503, "Actual Total Time": 59871.886, "Actual Rows": 84, "Actual Loops": 1, "Inner Unique": true, "Hash Cond": "(orders.o_orderkey = public.lineitem.l_orderkey)", "Plans": [{"Node Type": "Seq Scan", "Parent Relationship": "Outer", "Relation Name": "orders", "Alias": "orders", "Startup Cost": 0.0, "Total Cost": 426413.79, "Plan Rows": 14999479, "Plan Width": 32, "Actual Startup Time": 0.018, "Actual Total Time": 3849.952, "Actual Rows": 15000000, "Actual Loops": 1}, {"Node Type": "Hash", "Parent Relationship": "Inner", "Startup Cost": 2381531.45, "Total Cost": 2381531.45, "Plan Rows": 33034, "Plan Width": 8, "Actual Startup Time": 53079.015, "Actual Total Time": 53079.015, "Actual Rows": 84, "Actual Loops": 1, "Hash Buckets": 65536, "Hash Batches": 1, "Original Hash Batches": 1, "Peak Memory Usage": 4, "Plans": [{"Node Type": "Aggregate", "Strategy": "Hashed", "Parent Relationship": "Outer", "Startup Cost": 2315050.5, "Total Cost": 2381201.11, "Plan Rows": 33034, "Plan Width": 24, "Actual Startup Time": 47520.717, "Actual Total Time": 53078.557, "Actual Rows": 84, "Actual Loops": 1, "Group By Key": ["public.lineitem.l_orderkey"], "Filter": "(sum(public.lineitem.l_quantity) > 314::double precision), (LLVM Optimized, Jit Execute)", "Rows Removed by Filter": 14999916, "Plans": [{"Node Type": "Seq Scan", "Parent Relationship": "Outer", "Relation Name": "lineitem", "Alias": "lineitem", "Startup Cost": 0.0, "Total Cost": 2015115.33, "Plan Rows": 59987033, "Plan Width": 16, "Actual Startup Time": 0.041, "Actual Total Time": 20439.116, "Actual Rows": 59986052, "Actual Loops": 1}]}]}]}, {"Node Type": "Hash", "Parent Relationship": "Inner", "Startup Cost": 52126.0, "Total Cost": 52126.0, "Plan Rows": 1500000, "Plan Width": 27, "Actual Startup Time": 994.951, "Actual Total Time": 994.951, "Actual Rows": 1500000, "Actual Loops": 1, "Hash Buckets": 2097152, "Hash Batches": 1, "Original Hash Batches": 1, "Peak Memory Usage": 93750, "Plans": [{"Node Type": "Seq Scan", "Parent Relationship": "Outer", "Relation Name": "customer", "Alias": "customer", "Startup Cost": 0.0, "Total Cost": 52126.0, "Plan Rows": 1500000, "Plan Width": 27, "Actual Startup Time": 0.022, "Actual Total Time": 519.702, "Actual Rows": 1500000, "Actual Loops": 1}]}]}]}]}]}]}]}, "Triggers": [], "Planner Runtime": 2.255, "Total Runtime": 87768.282, "Unique SQL Id": 1915754155}}, "(64, '47')": {"explain_plan": {"Plan": {"Node Type": "Limit", "Startup Cost": 4021424234088.76, "Total Cost": 4021424234089.01, "Plan Rows": 100, "Plan Width": 67, "Plans": [{"Node Type": "Sort", "Parent Relationship": "Outer", "Startup Cost": 4021424234088.76, "Total Cost": 4021424234404.56, "Plan Rows": 100, "Plan Width": 67, "Sort Key": ["orders.o_totalprice DESC", "orders.o_orderdate"], "Plans": [{"Node Type": "Aggregate", "Strategy": "Hashed", "Parent Relationship": "Outer", "Startup Cost": 4021424227997.65, "Total Cost": 4021424229260.86, "Plan Rows": 126321, "Plan Width": 67, "Group By Key": ["orders.o_totalprice", "orders.o_orderdate", "customer.c_name", "customer.c_custkey", "orders.o_orderkey"], "Plans": [{"Node Type": "Nested Loop", "Parent Relationship": "Outer", "Join Type": "Inner", "Startup Cost": 1030324315309.67, "Total Cost": 4021424226102.83, "Plan Rows": 126321, "Plan Width": 59, "Inner Unique": false, "Join Filter": "(orders.o_orderkey = public.lineitem.l_orderkey), (LLVM Optimized)", "Plans": [{"Node Type": "Index Scan", "Parent Relationship": "Outer", "Scan Direction": "Forward", "Index Name": "idx_lineitem_orderkey", "Relation Name": "lineitem", "Alias": "lineitem", "Startup Cost": 10000000000.0, "Total Cost": 1000324015374.5, "Plan Rows": 59987033, "Plan Width": 16}, {"Node Type": "Materialize", "Parent Relationship": "Inner", "Startup Cost": 1020324315309.67, "Total Cost": 3008581216911.18, "Plan Rows": 13913, "Plan Width": 59, "Plans": [{"Node Type": "Nested Loop", "Parent Relationship": "Outer", "Join Type": "Inner", "Startup Cost": 1020324315309.67, "Total Cost": 3008581216841.62, "Plan Rows": 13913, "Plan Width": 59, "Inner Unique": true, "Join Filter": "(orders.o_custkey = customer.c_custkey)", "Plans": [{"Node Type": "Nested Loop", "Parent Relationship": "Outer", "Join Type": "Semi", "Startup Cost": 1010324315309.67, "Total Cost": 2007829871556.0, "Plan Rows": 33034, "Plan Width": 40, "Inner Unique": false, "Join Filter": "(orders.o_orderkey = public.lineitem.l_orderkey)", "Plans": [{"Node Type": "Index Scan", "Parent Relationship": "Outer", "Scan Direction": "Forward", "Index Name": "orders_pkey", "Relation Name": "orders", "Alias": "orders", "Startup Cost": 10000000000.0, "Total Cost": 1000073097843.5, "Plan Rows": 14999479, "Plan Width": 32}, {"Node Type": "Materialize", "Parent Relationship": "Inner", "Startup Cost": 1000324315309.67, "Total Cost": 1000324381955.79, "Plan Rows": 33034, "Plan Width": 8, "Plans": [{"Node Type": "Aggregate", "Strategy": "Hashed", "Parent Relationship": "Outer", "Startup Cost": 1000324315309.67, "Total Cost": 1000324381460.28, "Plan Rows": 33034, "Plan Width": 24, "Group By Key": ["public.lineitem.l_orderkey"], "Filter": "(sum(public.lineitem.l_quantity) > 314::double precision), (LLVM Optimized)", "Plans": [{"Node Type": "Index Scan", "Parent Relationship": "Outer", "Scan Direction": "Forward", "Index Name": "idx_lineitem_orderkey", "Relation Name": "lineitem", "Alias": "lineitem", "Startup Cost": 10000000000.0, "Total Cost": 1000324015374.5, "Plan Rows": 59987033, "Plan Width": 16}]}]}]}, {"Node Type": "Materialize", "Parent Relationship": "Inner", "Startup Cost": 10000000000.0, "Total Cost": 1000008084035.62, "Plan Rows": 1500000, "Plan Width": 27, "Plans": [{"Node Type": "Index Scan", "Parent Relationship": "Outer", "Scan Direction": "Forward", "Index Name": "customer_pkey", "Relation Name": "customer", "Alias": "customer", "Startup Cost": 10000000000.0, "Total Cost": 1000008076535.62, "Plan Rows": 1500000, "Plan Width": 27}]}]}]}]}]}]}]}, "Unique SQL Id": 1915754155, "Planner Runtime": 1}, "explain_analyze_plan": null}, "(64, '48')": {"explain_plan": {"Plan": {"Node Type": "Limit", "Startup Cost": 2649029.8, "Total Cost": 2649030.05, "Plan Rows": 100, "Plan Width": 67, "Plans": [{"Node Type": "Sort", "Parent Relationship": "Outer", "Startup Cost": 2649029.8, "Total Cost": 2649345.6, "Plan Rows": 100, "Plan Width": 67, "Sort Key": ["orders.o_totalprice DESC", "orders.o_orderdate"], "Plans": [{"Node Type": "Aggregate", "Strategy": "Hashed", "Parent Relationship": "Outer", "Startup Cost": 2642938.69, "Total Cost": 2644201.9, "Plan Rows": 126321, "Plan Width": 67, "Group By Key": ["orders.o_totalprice", "orders.o_orderdate", "customer.c_name", "customer.c_custkey", "orders.o_orderkey"], "Plans": [{"Node Type": "Nested Loop", "Parent Relationship": "Outer", "Join Type": "Inner", "Startup Cost": 2315050.5, "Total Cost": 2641043.88, "Plan Rows": 126321, "Plan Width": 59, "Inner Unique": false, "Plans": [{"Node Type": "Nested Loop", "Parent Relationship": "Outer", "Join Type": "Inner", "Startup Cost": 2315050.5, "Total Cost": 2627700.1, "Plan Rows": 13913, "Plan Width": 59, "Inner Unique": true, "Plans": [{"Node Type": "Nested Loop", "Parent Relationship": "Outer", "Join Type": "Inner", "Startup Cost": 2315050.5, "Total Cost": 2618076.97, "Plan Rows": 33034, "Plan Width": 40, "Inner Unique": true, "Plans": [{"Node Type": "Aggregate", "Strategy": "Hashed", "Parent Relationship": "Outer", "Startup Cost": 2315050.5, "Total Cost": 2381201.11, "Plan Rows": 33034, "Plan Width": 24, "Group By Key": ["public.lineitem.l_orderkey"], "Filter": "(sum(public.lineitem.l_quantity) > 314::double precision), (LLVM Optimized)", "Plans": [{"Node Type": "Seq Scan", "Parent Relationship": "Outer", "Relation Name": "lineitem", "Alias": "lineitem", "Startup Cost": 0.0, "Total Cost": 2015115.33, "Plan Rows": 59987033, "Plan Width": 16}]}, {"Node Type": "Index Scan", "Parent Relationship": "Inner", "Scan Direction": "Forward", "Index Name": "orders_pkey", "Relation Name": "orders", "Alias": "orders", "Startup Cost": 0.0, "Total Cost": 7.15, "Plan Rows": 1, "Plan Width": 32, "Index Cond": "(o_orderkey = public.lineitem.l_orderkey)"}]}, {"Node Type": "Index Scan", "Parent Relationship": "Inner", "Scan Direction": "Forward", "Index Name": "customer_pkey", "Relation Name": "customer", "Alias": "customer", "Startup Cost": 0.0, "Total Cost": 0.28, "Plan Rows": 1, "Plan Width": 27, "Index Cond": "(c_custkey = orders.o_custkey)"}]}, {"Node Type": "Index Scan", "Parent Relationship": "Inner", "Scan Direction": "Forward", "Index Name": "idx_lineitem_orderkey", "Relation Name": "lineitem", "Alias": "lineitem", "Startup Cost": 0.0, "Total Cost": 0.87, "Plan Rows": 9, "Plan Width": 16, "Index Cond": "(l_orderkey = orders.o_orderkey)"}]}]}]}]}, "Unique SQL Id": 1915754155, "Planner Runtime": 0}, "explain_analyze_plan": {"Plan": {"Node Type": "Limit", "Startup Cost": 2649029.8, "Total Cost": 2649030.05, "Plan Rows": 100, "Plan Width": 67, "Actual Startup Time": 54861.493, "Actual Total Time": 54861.508, "Actual Rows": 84, "Actual Loops": 1, "Plans": [{"Node Type": "Sort", "Parent Relationship": "Outer", "Startup Cost": 2649029.8, "Total Cost": 2649345.6, "Plan Rows": 100, "Plan Width": 67, "Actual Startup Time": 54861.49, "Actual Total Time": 54861.494, "Actual Rows": 84, "Actual Loops": 1, "Sort Key": ["orders.o_totalprice DESC", "orders.o_orderdate"], "Sort Method": "quicksort", "Sort Space Used": 38, "Sort Space Type": "Memory", "Plans": [{"Node Type": "Aggregate", "Strategy": "Hashed", "Parent Relationship": "Outer", "Startup Cost": 2642938.69, "Total Cost": 2644201.9, "Plan Rows": 126321, "Plan Width": 67, "Actual Startup Time": 54860.881, "Actual Total Time": 54861.367, "Actual Rows": 84, "Actual Loops": 1, "Group By Key": ["orders.o_totalprice", "orders.o_orderdate", "customer.c_name", "customer.c_custkey", "orders.o_orderkey"], "Plans": [{"Node Type": "Nested Loop", "Parent Relationship": "Outer", "Join Type": "Inner", "Startup Cost": 2315050.5, "Total Cost": 2641043.88, "Plan Rows": 126321, "Plan Width": 59, "Actual Startup Time": 49072.337, "Actual Total Time": 54858.992, "Actual Rows": 588, "Actual Loops": 1, "Inner Unique": false, "Plans": [{"Node Type": "Nested Loop", "Parent Relationship": "Outer", "Join Type": "Inner", "Startup Cost": 2315050.5, "Total Cost": 2627700.1, "Plan Rows": 13913, "Plan Width": 59, "Actual Startup Time": 49072.315, "Actual Total Time": 54856.844, "Actual Rows": 84, "Actual Loops": 1, "Inner Unique": true, "Plans": [{"Node Type": "Nested Loop", "Parent Relationship": "Outer", "Join Type": "Inner", "Startup Cost": 2315050.5, "Total Cost": 2618076.97, "Plan Rows": 33034, "Plan Width": 40, "Actual Startup Time": 49072.296, "Actual Total Time": 54855.643, "Actual Rows": 84, "Actual Loops": 1, "Inner Unique": true, "Plans": [{"Node Type": "Aggregate", "Strategy": "Hashed", "Parent Relationship": "Outer", "Startup Cost": 2315050.5, "Total Cost": 2381201.11, "Plan Rows": 33034, "Plan Width": 24, "Actual Startup Time": 49072.224, "Actual Total Time": 54835.622, "Actual Rows": 84, "Actual Loops": 1, "Group By Key": ["public.lineitem.l_orderkey"], "Filter": "(sum(public.lineitem.l_quantity) > 314::double precision), (LLVM Optimized, Jit Execute)", "Rows Removed by Filter": 14999916, "Plans": [{"Node Type": "Seq Scan", "Parent Relationship": "Outer", "Relation Name": "lineitem", "Alias": "lineitem", "Startup Cost": 0.0, "Total Cost": 2015115.33, "Plan Rows": 59987033, "Plan Width": 16, "Actual Startup Time": 0.051, "Actual Total Time": 20660.278, "Actual Rows": 59986052, "Actual Loops": 1}]}, {"Node Type": "Index Scan", "Parent Relationship": "Inner", "Scan Direction": "Forward", "Index Name": "orders_pkey", "Relation Name": "orders", "Alias": "orders", "Startup Cost": 0.0, "Total Cost": 7.15, "Plan Rows": 1, "Plan Width": 32, "Actual Startup Time": 2.649, "Actual Total Time": 2.649, "Actual Rows": 84, "Actual Loops": 84, "Index Cond": "(o_orderkey = public.lineitem.l_orderkey)", "Rows Removed by Index Recheck": 0}]}, {"Node Type": "Index Scan", "Parent Relationship": "Inner", "Scan Direction": "Forward", "Index Name": "customer_pkey", "Relation Name": "customer", "Alias": "customer", "Startup Cost": 0.0, "Total Cost": 0.28, "Plan Rows": 1, "Plan Width": 27, "Actual Startup Time": 0.851, "Actual Total Time": 0.851, "Actual Rows": 84, "Actual Loops": 84, "Index Cond": "(c_custkey = orders.o_custkey)", "Rows Removed by Index Recheck": 0}]}, {"Node Type": "Index Scan", "Parent Relationship": "Inner", "Scan Direction": "Forward", "Index Name": "idx_lineitem_orderkey", "Relation Name": "lineitem", "Alias": "lineitem", "Startup Cost": 0.0, "Total Cost": 0.87, "Plan Rows": 9, "Plan Width": 16, "Actual Startup Time": 1.215, "Actual Total Time": 1.721, "Actual Rows": 588, "Actual Loops": 84, "Index Cond": "(l_orderkey = orders.o_orderkey)", "Rows Removed by Index Recheck": 0}]}]}]}]}, "Triggers": [], "Planner Runtime": 2.136, "Total Runtime": 54871.674, "Unique SQL Id": 1915754155}}, "(64, '49')": {"explain_plan": {"Plan": {"Node Type": "Limit", "Startup Cost": 3874068.21, "Total Cost": 3874068.46, "Plan Rows": 100, "Plan Width": 67, "Plans": [{"Node Type": "Sort", "Parent Relationship": "Outer", "Startup Cost": 3874068.21, "Total Cost": 3874384.02, "Plan Rows": 100, "Plan Width": 67, "Sort Key": ["orders.o_totalprice DESC", "orders.o_orderdate"], "Plans": [{"Node Type": "Aggregate", "Strategy": "Hashed", "Parent Relationship": "Outer", "Startup Cost": 3867977.11, "Total Cost": 3869240.32, "Plan Rows": 126321, "Plan Width": 67, "Group By Key": ["orders.o_totalprice", "orders.o_orderdate", "customer.c_name", "customer.c_custkey", "orders.o_orderkey"], "Plans": [{"Node Type": "Nested Loop", "Parent Relationship": "Outer", "Join Type": "Inner", "Startup Cost": 3540088.91, "Total Cost": 3866082.29, "Plan Rows": 126321, "Plan Width": 59, "Inner Unique": false, "Plans": [{"Node Type": "Nested Loop", "Parent Relationship": "Outer", "Join Type": "Inner", "Startup Cost": 3540088.91, "Total Cost": 3852738.51, "Plan Rows": 13913, "Plan Width": 59, "Inner Unique": true, "Plans": [{"Node Type": "Nested Loop", "Parent Relationship": "Outer", "Join Type": "Inner", "Startup Cost": 3540088.91, "Total Cost": 3843115.38, "Plan Rows": 33034, "Plan Width": 40, "Inner Unique": true, "Plans": [{"Node Type": "Aggregate", "Strategy": "Hashed", "Parent Relationship": "Outer", "Startup Cost": 3540088.91, "Total Cost": 3606239.52, "Plan Rows": 33034, "Plan Width": 24, "Group By Key": ["public.lineitem.l_orderkey"], "Filter": "(sum(public.lineitem.l_quantity) > 314::double precision), (LLVM Optimized)", "Plans": [{"Node Type": "Index Scan", "Parent Relationship": "Outer", "Scan Direction": "Forward", "Index Name": "idx_lineitem_orderkey", "Relation Name": "lineitem", "Alias": "lineitem", "Startup Cost": 0.0, "Total Cost": 3240153.75, "Plan Rows": 59987033, "Plan Width": 16}]}, {"Node Type": "Index Scan", "Parent Relationship": "Inner", "Scan Direction": "Forward", "Index Name": "orders_pkey", "Relation Name": "orders", "Alias": "orders", "Startup Cost": 0.0, "Total Cost": 7.15, "Plan Rows": 1, "Plan Width": 32, "Index Cond": "(o_orderkey = public.lineitem.l_orderkey)"}]}, {"Node Type": "Index Scan", "Parent Relationship": "Inner", "Scan Direction": "Forward", "Index Name": "customer_pkey", "Relation Name": "customer", "Alias": "customer", "Startup Cost": 0.0, "Total Cost": 0.28, "Plan Rows": 1, "Plan Width": 27, "Index Cond": "(c_custkey = orders.o_custkey)"}]}, {"Node Type": "Index Scan", "Parent Relationship": "Inner", "Scan Direction": "Forward", "Index Name": "idx_lineitem_orderkey", "Relation Name": "lineitem", "Alias": "lineitem", "Startup Cost": 0.0, "Total Cost": 0.87, "Plan Rows": 9, "Plan Width": 16, "Index Cond": "(l_orderkey = orders.o_orderkey)"}]}]}]}]}, "Unique SQL Id": 1915754155, "Planner Runtime": 0}, "explain_analyze_plan": {"Plan": {"Node Type": "Limit", "Startup Cost": 3874068.21, "Total Cost": 3874068.46, "Plan Rows": 100, "Plan Width": 67, "Actual Startup Time": 78667.563, "Actual Total Time": 78667.58, "Actual Rows": 84, "Actual Loops": 1, "Plans": [{"Node Type": "Sort", "Parent Relationship": "Outer", "Startup Cost": 3874068.21, "Total Cost": 3874384.02, "Plan Rows": 100, "Plan Width": 67, "Actual Startup Time": 78667.561, "Actual Total Time": 78667.57, "Actual Rows": 84, "Actual Loops": 1, "Sort Key": ["orders.o_totalprice DESC", "orders.o_orderdate"], "Sort Method": "quicksort", "Sort Space Used": 38, "Sort Space Type": "Memory", "Plans": [{"Node Type": "Aggregate", "Strategy": "Hashed", "Parent Relationship": "Outer", "Startup Cost": 3867977.11, "Total Cost": 3869240.32, "Plan Rows": 126321, "Plan Width": 67, "Actual Startup Time": 78666.912, "Actual Total Time": 78667.456, "Actual Rows": 84, "Actual Loops": 1, "Group By Key": ["orders.o_totalprice", "orders.o_orderdate", "customer.c_name", "customer.c_custkey", "orders.o_orderkey"], "Plans": [{"Node Type": "Nested Loop", "Parent Relationship": "Outer", "Join Type": "Inner", "Startup Cost": 3540088.91, "Total Cost": 3866082.29, "Plan Rows": 126321, "Plan Width": 59, "Actual Startup Time": 71346.529, "Actual Total Time": 78665.231, "Actual Rows": 588, "Actual Loops": 1, "Inner Unique": false, "Plans": [{"Node Type": "Nested Loop", "Parent Relationship": "Outer", "Join Type": "Inner", "Startup Cost": 3540088.91, "Total Cost": 3852738.51, "Plan Rows": 13913, "Plan Width": 59, "Actual Startup Time": 71346.496, "Actual Total Time": 78662.632, "Actual Rows": 84, "Actual Loops": 1, "Inner Unique": true, "Plans": [{"Node Type": "Nested Loop", "Parent Relationship": "Outer", "Join Type": "Inner", "Startup Cost": 3540088.91, "Total Cost": 3843115.38, "Plan Rows": 33034, "Plan Width": 40, "Actual Startup Time": 71346.464, "Actual Total Time": 78660.834, "Actual Rows": 84, "Actual Loops": 1, "Inner Unique": true, "Plans": [{"Node Type": "Aggregate", "Strategy": "Hashed", "Parent Relationship": "Outer", "Startup Cost": 3540088.91, "Total Cost": 3606239.52, "Plan Rows": 33034, "Plan Width": 24, "Actual Startup Time": 71346.402, "Actual Total Time": 78640.855, "Actual Rows": 84, "Actual Loops": 1, "Group By Key": ["public.lineitem.l_orderkey"], "Filter": "(sum(public.lineitem.l_quantity) > 314::double precision), (LLVM Optimized, Jit Execute)", "Rows Removed by Filter": 14999916, "Plans": [{"Node Type": "Index Scan", "Parent Relationship": "Outer", "Scan Direction": "Forward", "Index Name": "idx_lineitem_orderkey", "Relation Name": "lineitem", "Alias": "lineitem", "Startup Cost": 0.0, "Total Cost": 3240153.75, "Plan Rows": 59987033, "Plan Width": 16, "Actual Startup Time": 0.07, "Actual Total Time": 42499.927, "Actual Rows": 59986052, "Actual Loops": 1}]}, {"Node Type": "Index Scan", "Parent Relationship": "Inner", "Scan Direction": "Forward", "Index Name": "orders_pkey", "Relation Name": "orders", "Alias": "orders", "Startup Cost": 0.0, "Total Cost": 7.15, "Plan Rows": 1, "Plan Width": 32, "Actual Startup Time": 2.739, "Actual Total Time": 2.739, "Actual Rows": 84, "Actual Loops": 84, "Index Cond": "(o_orderkey = public.lineitem.l_orderkey)", "Rows Removed by Index Recheck": 0}]}, {"Node Type": "Index Scan", "Parent Relationship": "Inner", "Scan Direction": "Forward", "Index Name": "customer_pkey", "Relation Name": "customer", "Alias": "customer", "Startup Cost": 0.0, "Total Cost": 0.28, "Plan Rows": 1, "Plan Width": 27, "Actual Startup Time": 1.301, "Actual Total Time": 1.301, "Actual Rows": 84, "Actual Loops": 84, "Index Cond": "(c_custkey = orders.o_custkey)", "Rows Removed by Index Recheck": 0}]}, {"Node Type": "Index Scan", "Parent Relationship": "Inner", "Scan Direction": "Forward", "Index Name": "idx_lineitem_orderkey", "Relation Name": "lineitem", "Alias": "lineitem", "Startup Cost": 0.0, "Total Cost": 0.87, "Plan Rows": 9, "Plan Width": 16, "Actual Startup Time": 1.627, "Actual Total Time": 2.06, "Actual Rows": 588, "Actual Loops": 84, "Index Cond": "(l_orderkey = orders.o_orderkey)", "Rows Removed by Index Recheck": 0}]}]}]}]}, "Triggers": [], "Planner Runtime": 2.114, "Total Runtime": 78676.91, "Unique SQL Id": 1915754155}}, "(64, '50')": {"explain_plan": {"Plan": {"Node Type": "Limit", "Startup Cost": 2838735.63, "Total Cost": 2838735.88, "Plan Rows": 100, "Plan Width": 67, "Plans": [{"Node Type": "Sort", "Parent Relationship": "Outer", "Startup Cost": 2838735.63, "Total Cost": 2839051.44, "Plan Rows": 100, "Plan Width": 67, "Sort Key": ["orders.o_totalprice DESC", "orders.o_orderdate"], "Plans": [{"Node Type": "Aggregate", "Strategy": "Hashed", "Parent Relationship": "Outer", "Startup Cost": 2832644.53, "Total Cost": 2833907.74, "Plan Rows": 126321, "Plan Width": 67, "Group By Key": ["orders.o_totalprice", "orders.o_orderdate", "customer.c_name", "customer.c_custkey", "orders.o_orderkey"], "Plans": [{"Node Type": "Nested Loop", "Parent Relationship": "Outer", "Join Type": "Inner", "Startup Cost": 2315054.5, "Total Cost": 2830749.71, "Plan Rows": 126321, "Plan Width": 59, "Inner Unique": false, "Plans": [{"Node Type": "Nested Loop", "Parent Relationship": "Outer", "Join Type": "Inner", "Startup Cost": 2315054.12, "Total Cost": 2766973.56, "Plan Rows": 13913, "Plan Width": 59, "Inner Unique": true, "Plans": [{"Node Type": "Nested Loop", "Parent Relationship": "Outer", "Join Type": "Inner", "Startup Cost": 2315053.86, "Total Cost": 2625533.23, "Plan Rows": 33034, "Plan Width": 40, "Inner Unique": true, "Plans": [{"Node Type": "Aggregate", "Strategy": "Hashed", "Parent Relationship": "Outer", "Startup Cost": 2315050.5, "Total Cost": 2381201.11, "Plan Rows": 33034, "Plan Width": 24, "Group By Key": ["public.lineitem.l_orderkey"], "Filter": "(sum(public.lineitem.l_quantity) > 314::double precision), (LLVM Optimized)", "Plans": [{"Node Type": "Seq Scan", "Parent Relationship": "Outer", "Relation Name": "lineitem", "Alias": "lineitem", "Startup Cost": 0.0, "Total Cost": 2015115.33, "Plan Rows": 59987033, "Plan Width": 16}]}, {"Node Type": "Bitmap Heap Scan", "Parent Relationship": "Inner", "Relation Name": "orders", "Alias": "orders", "Startup Cost": 3.36, "Total Cost": 7.38, "Plan Rows": 1, "Plan Width": 32, "Recheck Cond": "(o_orderkey = public.lineitem.l_orderkey)", "Plans": [{"Node Type": "Bitmap Index Scan", "Parent Relationship": "Outer", "Index Name": "orders_pkey", "Startup Cost": 0.0, "Total Cost": 3.36, "Plan Rows": 1, "Plan Width": 0, "Index Cond": "(o_orderkey = public.lineitem.l_orderkey)"}]}]}, {"Node Type": "Bitmap Heap Scan", "Parent Relationship": "Inner", "Relation Name": "customer", "Alias": "customer", "Startup Cost": 0.26, "Total Cost": 4.27, "Plan Rows": 1, "Plan Width": 27, "Recheck Cond": "(c_custkey = orders.o_custkey)", "Plans": [{"Node Type": "Bitmap Index Scan", "Parent Relationship": "Outer", "Index Name": "customer_pkey", "Startup Cost": 0.0, "Total Cost": 0.26, "Plan Rows": 1, "Plan Width": 0, "Index Cond": "(c_custkey = orders.o_custkey)"}]}]}, {"Node Type": "Bitmap Heap Scan", "Parent Relationship": "Inner", "Relation Name": "lineitem", "Alias": "lineitem", "Startup Cost": 0.38, "Total Cost": 4.49, "Plan Rows": 9, "Plan Width": 16, "Recheck Cond": "(l_orderkey = orders.o_orderkey)", "Plans": [{"Node Type": "Bitmap Index Scan", "Parent Relationship": "Outer", "Index Name": "idx_lineitem_orderkey", "Startup Cost": 0.0, "Total Cost": 0.38, "Plan Rows": 9, "Plan Width": 0, "Index Cond": "(l_orderkey = orders.o_orderkey)"}]}]}]}]}]}, "Unique SQL Id": 1915754155, "Planner Runtime": 1}, "explain_analyze_plan": {"Plan": {"Node Type": "Limit", "Startup Cost": 2838735.63, "Total Cost": 2838735.88, "Plan Rows": 100, "Plan Width": 67, "Actual Startup Time": 54754.055, "Actual Total Time": 54754.071, "Actual Rows": 84, "Actual Loops": 1, "Plans": [{"Node Type": "Sort", "Parent Relationship": "Outer", "Startup Cost": 2838735.63, "Total Cost": 2839051.44, "Plan Rows": 100, "Plan Width": 67, "Actual Startup Time": 54754.052, "Actual Total Time": 54754.054, "Actual Rows": 84, "Actual Loops": 1, "Sort Key": ["orders.o_totalprice DESC", "orders.o_orderdate"], "Sort Method": "quicksort", "Sort Space Used": 38, "Sort Space Type": "Memory", "Plans": [{"Node Type": "Aggregate", "Strategy": "Hashed", "Parent Relationship": "Outer", "Startup Cost": 2832644.53, "Total Cost": 2833907.74, "Plan Rows": 126321, "Plan Width": 67, "Actual Startup Time": 54753.66, "Actual Total Time": 54753.955, "Actual Rows": 84, "Actual Loops": 1, "Group By Key": ["orders.o_totalprice", "orders.o_orderdate", "customer.c_name", "customer.c_custkey", "orders.o_orderkey"], "Plans": [{"Node Type": "Nested Loop", "Parent Relationship": "Outer", "Join Type": "Inner", "Startup Cost": 2315054.5, "Total Cost": 2830749.71, "Plan Rows": 126321, "Plan Width": 59, "Actual Startup Time": 48663.634, "Actual Total Time": 54751.757, "Actual Rows": 588, "Actual Loops": 1, "Inner Unique": false, "Plans": [{"Node Type": "Nested Loop", "Parent Relationship": "Outer", "Join Type": "Inner", "Startup Cost": 2315054.12, "Total Cost": 2766973.56, "Plan Rows": 13913, "Plan Width": 59, "Actual Startup Time": 48663.602, "Actual Total Time": 54749.126, "Actual Rows": 84, "Actual Loops": 1, "Inner Unique": true, "Plans": [{"Node Type": "Nested Loop", "Parent Relationship": "Outer", "Join Type": "Inner", "Startup Cost": 2315053.86, "Total Cost": 2625533.23, "Plan Rows": 33034, "Plan Width": 40, "Actual Startup Time": 48663.569, "Actual Total Time": 54747.452, "Actual Rows": 84, "Actual Loops": 1, "Inner Unique": true, "Plans": [{"Node Type": "Aggregate", "Strategy": "Hashed", "Parent Relationship": "Outer", "Startup Cost": 2315050.5, "Total Cost": 2381201.11, "Plan Rows": 33034, "Plan Width": 24, "Actual Startup Time": 48663.443, "Actual Total Time": 54727.462, "Actual Rows": 84, "Actual Loops": 1, "Group By Key": ["public.lineitem.l_orderkey"], "Filter": "(sum(public.lineitem.l_quantity) > 314::double precision), (LLVM Optimized, Jit Execute)", "Rows Removed by Filter": 14999916, "Plans": [{"Node Type": "Seq Scan", "Parent Relationship": "Outer", "Relation Name": "lineitem", "Alias": "lineitem", "Startup Cost": 0.0, "Total Cost": 2015115.33, "Plan Rows": 59987033, "Plan Width": 16, "Actual Startup Time": 0.048, "Actual Total Time": 20601.114, "Actual Rows": 59986052, "Actual Loops": 1}]}, {"Node Type": "Bitmap Heap Scan", "Parent Relationship": "Inner", "Relation Name": "orders", "Alias": "orders", "Startup Cost": 3.36, "Total Cost": 7.38, "Plan Rows": 1, "Plan Width": 32, "Actual Startup Time": 3.658, "Actual Total Time": 3.658, "Actual Rows": 84, "Actual Loops": 84, "Recheck Cond": "(o_orderkey = public.lineitem.l_orderkey)", "Rows Removed by Index Recheck": 0, "Exact Heap Blocks": 84, "Lossy Heap Blocks": 84, "Plans": [{"Node Type": "Bitmap Index Scan", "Parent Relationship": "Outer", "Index Name": "orders_pkey", "Startup Cost": 0.0, "Total Cost": 3.36, "Plan Rows": 1, "Plan Width": 0, "Actual Startup Time": 2.38, "Actual Total Time": 2.38, "Actual Rows": 84, "Actual Loops": 84, "Index Cond": "(o_orderkey = public.lineitem.l_orderkey)"}]}]}, {"Node Type": "Bitmap Heap Scan", "Parent Relationship": "Inner", "Relation Name": "customer", "Alias": "customer", "Startup Cost": 0.26, "Total Cost": 4.27, "Plan Rows": 1, "Plan Width": 27, "Actual Startup Time": 1.153, "Actual Total Time": 1.153, "Actual Rows": 84, "Actual Loops": 84, "Recheck Cond": "(c_custkey = orders.o_custkey)", "Rows Removed by Index Recheck": 0, "Exact Heap Blocks": 84, "Lossy Heap Blocks": 84, "Plans": [{"Node Type": "Bitmap Index Scan", "Parent Relationship": "Outer", "Index Name": "customer_pkey", "Startup Cost": 0.0, "Total Cost": 0.26, "Plan Rows": 1, "Plan Width": 0, "Actual Startup Time": 0.714, "Actual Total Time": 0.714, "Actual Rows": 84, "Actual Loops": 84, "Index Cond": "(c_custkey = orders.o_custkey)"}]}]}, {"Node Type": "Bitmap Heap Scan", "Parent Relationship": "Inner", "Relation Name": "lineitem", "Alias": "lineitem", "Startup Cost": 0.38, "Total Cost": 4.49, "Plan Rows": 9, "Plan Width": 16, "Actual Startup Time": 1.807, "Actual Total Time": 1.975, "Actual Rows": 588, "Actual Loops": 84, "Recheck Cond": "(l_orderkey = orders.o_orderkey)", "Rows Removed by Index Recheck": 0, "Exact Heap Blocks": 96, "Lossy Heap Blocks": 96, "Plans": [{"Node Type": "Bitmap Index Scan", "Parent Relationship": "Outer", "Index Name": "idx_lineitem_orderkey", "Startup Cost": 0.0, "Total Cost": 0.38, "Plan Rows": 9, "Plan Width": 0, "Actual Startup Time": 1.109, "Actual Total Time": 1.109, "Actual Rows": 588, "Actual Loops": 84, "Index Cond": "(l_orderkey = orders.o_orderkey)"}]}]}]}]}]}, "Triggers": [], "Planner Runtime": 1.901, "Total Runtime": 54763.284, "Unique SQL Id": 1915754155}}, "(64, '51')": {"explain_plan": {"Plan": {"Node Type": "Limit", "Startup Cost": 1000324838994.8, "Total Cost": 1000324838995.05, "Plan Rows": 100, "Plan Width": 67, "Plans": [{"Node Type": "Sort", "Parent Relationship": "Outer", "Startup Cost": 1000324838994.8, "Total Cost": 1000324839310.61, "Plan Rows": 100, "Plan Width": 67, "Sort Key": ["orders.o_totalprice DESC", "orders.o_orderdate"], "Plans": [{"Node Type": "Aggregate", "Strategy": "Hashed", "Parent Relationship": "Outer", "Startup Cost": 1000324832903.7, "Total Cost": 1000324834166.91, "Plan Rows": 126321, "Plan Width": 67, "Group By Key": ["orders.o_totalprice", "orders.o_orderdate", "customer.c_name", "customer.c_custkey", "orders.o_orderkey"], "Plans": [{"Node Type": "Nested Loop", "Parent Relationship": "Outer", "Join Type": "Inner", "Startup Cost": 1000324315313.67, "Total Cost": 1000324831008.88, "Plan Rows": 126321, "Plan Width": 59, "Inner Unique": false, "Plans": [{"Node Type": "Nested Loop", "Parent Relationship": "Outer", "Join Type": "Inner", "Startup Cost": 1000324315313.29, "Total Cost": 1000324767232.73, "Plan Rows": 13913, "Plan Width": 59, "Inner Unique": true, "Plans": [{"Node Type": "Nested Loop", "Parent Relationship": "Outer", "Join Type": "Inner", "Startup Cost": 1000324315313.03, "Total Cost": 1000324625792.4, "Plan Rows": 33034, "Plan Width": 40, "Inner Unique": true, "Plans": [{"Node Type": "Aggregate", "Strategy": "Hashed", "Parent Relationship": "Outer", "Startup Cost": 1000324315309.67, "Total Cost": 1000324381460.28, "Plan Rows": 33034, "Plan Width": 24, "Group By Key": ["public.lineitem.l_orderkey"], "Filter": "(sum(public.lineitem.l_quantity) > 314::double precision), (LLVM Optimized)", "Plans": [{"Node Type": "Index Scan", "Parent Relationship": "Outer", "Scan Direction": "Forward", "Index Name": "idx_lineitem_orderkey", "Relation Name": "lineitem", "Alias": "lineitem", "Startup Cost": 10000000000.0, "Total Cost": 1000324015374.5, "Plan Rows": 59987033, "Plan Width": 16}]}, {"Node Type": "Bitmap Heap Scan", "Parent Relationship": "Inner", "Relation Name": "orders", "Alias": "orders", "Startup Cost": 3.36, "Total Cost": 7.38, "Plan Rows": 1, "Plan Width": 32, "Recheck Cond": "(o_orderkey = public.lineitem.l_orderkey)", "Plans": [{"Node Type": "Bitmap Index Scan", "Parent Relationship": "Outer", "Index Name": "orders_pkey", "Startup Cost": 0.0, "Total Cost": 3.36, "Plan Rows": 1, "Plan Width": 0, "Index Cond": "(o_orderkey = public.lineitem.l_orderkey)"}]}]}, {"Node Type": "Bitmap Heap Scan", "Parent Relationship": "Inner", "Relation Name": "customer", "Alias": "customer", "Startup Cost": 0.26, "Total Cost": 4.27, "Plan Rows": 1, "Plan Width": 27, "Recheck Cond": "(c_custkey = orders.o_custkey)", "Plans": [{"Node Type": "Bitmap Index Scan", "Parent Relationship": "Outer", "Index Name": "customer_pkey", "Startup Cost": 0.0, "Total Cost": 0.26, "Plan Rows": 1, "Plan Width": 0, "Index Cond": "(c_custkey = orders.o_custkey)"}]}]}, {"Node Type": "Bitmap Heap Scan", "Parent Relationship": "Inner", "Relation Name": "lineitem", "Alias": "lineitem", "Startup Cost": 0.38, "Total Cost": 4.49, "Plan Rows": 9, "Plan Width": 16, "Recheck Cond": "(l_orderkey = orders.o_orderkey)", "Plans": [{"Node Type": "Bitmap Index Scan", "Parent Relationship": "Outer", "Index Name": "idx_lineitem_orderkey", "Startup Cost": 0.0, "Total Cost": 0.38, "Plan Rows": 9, "Plan Width": 0, "Index Cond": "(l_orderkey = orders.o_orderkey)"}]}]}]}]}]}, "Unique SQL Id": 1915754155, "Planner Runtime": 0}, "explain_analyze_plan": {"Plan": {"Node Type": "Limit", "Startup Cost": 1000324838994.8, "Total Cost": 1000324838995.05, "Plan Rows": 100, "Plan Width": 67, "Actual Startup Time": 80249.492, "Actual Total Time": 80249.51, "Actual Rows": 84, "Actual Loops": 1, "Plans": [{"Node Type": "Sort", "Parent Relationship": "Outer", "Startup Cost": 1000324838994.8, "Total Cost": 1000324839310.61, "Plan Rows": 100, "Plan Width": 67, "Actual Startup Time": 80249.49, "Actual Total Time": 80249.501, "Actual Rows": 84, "Actual Loops": 1, "Sort Key": ["orders.o_totalprice DESC", "orders.o_orderdate"], "Sort Method": "quicksort", "Sort Space Used": 38, "Sort Space Type": "Memory", "Plans": [{"Node Type": "Aggregate", "Strategy": "Hashed", "Parent Relationship": "Outer", "Startup Cost": 1000324832903.7, "Total Cost": 1000324834166.91, "Plan Rows": 126321, "Plan Width": 67, "Actual Startup Time": 80249.1, "Actual Total Time": 80249.389, "Actual Rows": 84, "Actual Loops": 1, "Group By Key": ["orders.o_totalprice", "orders.o_orderdate", "customer.c_name", "customer.c_custkey", "orders.o_orderkey"], "Plans": [{"Node Type": "Nested Loop", "Parent Relationship": "Outer", "Join Type": "Inner", "Startup Cost": 1000324315313.67, "Total Cost": 1000324831008.88, "Plan Rows": 126321, "Plan Width": 59, "Actual Startup Time": 73111.745, "Actual Total Time": 80247.199, "Actual Rows": 588, "Actual Loops": 1, "Inner Unique": false, "Plans": [{"Node Type": "Nested Loop", "Parent Relationship": "Outer", "Join Type": "Inner", "Startup Cost": 1000324315313.29, "Total Cost": 1000324767232.73, "Plan Rows": 13913, "Plan Width": 59, "Actual Startup Time": 73111.701, "Actual Total Time": 80244.173, "Actual Rows": 84, "Actual Loops": 1, "Inner Unique": true, "Plans": [{"Node Type": "Nested Loop", "Parent Relationship": "Outer", "Join Type": "Inner", "Startup Cost": 1000324315313.03, "Total Cost": 1000324625792.4, "Plan Rows": 33034, "Plan Width": 40, "Actual Startup Time": 73111.642, "Actual Total Time": 80242.091, "Actual Rows": 84, "Actual Loops": 1, "Inner Unique": true, "Plans": [{"Node Type": "Aggregate", "Strategy": "Hashed", "Parent Relationship": "Outer", "Startup Cost": 1000324315309.67, "Total Cost": 1000324381460.28, "Plan Rows": 33034, "Plan Width": 24, "Actual Startup Time": 73111.524, "Actual Total Time": 80223.033, "Actual Rows": 84, "Actual Loops": 1, "Group By Key": ["public.lineitem.l_orderkey"], "Filter": "(sum(public.lineitem.l_quantity) > 314::double precision), (LLVM Optimized, Jit Execute)", "Rows Removed by Filter": 14999916, "Plans": [{"Node Type": "Index Scan", "Parent Relationship": "Outer", "Scan Direction": "Forward", "Index Name": "idx_lineitem_orderkey", "Relation Name": "lineitem", "Alias": "lineitem", "Startup Cost": 10000000000.0, "Total Cost": 1000324015374.5, "Plan Rows": 59987033, "Plan Width": 16, "Actual Startup Time": 0.063, "Actual Total Time": 44361.768, "Actual Rows": 59986052, "Actual Loops": 1}]}, {"Node Type": "Bitmap Heap Scan", "Parent Relationship": "Inner", "Relation Name": "orders", "Alias": "orders", "Startup Cost": 3.36, "Total Cost": 7.38, "Plan Rows": 1, "Plan Width": 32, "Actual Startup Time": 3.64, "Actual Total Time": 3.64, "Actual Rows": 84, "Actual Loops": 84, "Recheck Cond": "(o_orderkey = public.lineitem.l_orderkey)", "Rows Removed by Index Recheck": 0, "Exact Heap Blocks": 84, "Lossy Heap Blocks": 84, "Plans": [{"Node Type": "Bitmap Index Scan", "Parent Relationship": "Outer", "Index Name": "orders_pkey", "Startup Cost": 0.0, "Total Cost": 3.36, "Plan Rows": 1, "Plan Width": 0, "Actual Startup Time": 2.402, "Actual Total Time": 2.402, "Actual Rows": 84, "Actual Loops": 84, "Index Cond": "(o_orderkey = public.lineitem.l_orderkey)"}]}]}, {"Node Type": "Bitmap Heap Scan", "Parent Relationship": "Inner", "Relation Name": "customer", "Alias": "customer", "Startup Cost": 0.26, "Total Cost": 4.27, "Plan Rows": 1, "Plan Width": 27, "Actual Startup Time": 1.455, "Actual Total Time": 1.455, "Actual Rows": 84, "Actual Loops": 84, "Recheck Cond": "(c_custkey = orders.o_custkey)", "Rows Removed by Index Recheck": 0, "Exact Heap Blocks": 84, "Lossy Heap Blocks": 84, "Plans": [{"Node Type": "Bitmap Index Scan", "Parent Relationship": "Outer", "Index Name": "customer_pkey", "Startup Cost": 0.0, "Total Cost": 0.26, "Plan Rows": 1, "Plan Width": 0, "Actual Startup Time": 0.897, "Actual Total Time": 0.897, "Actual Rows": 84, "Actual Loops": 84, "Index Cond": "(c_custkey = orders.o_custkey)"}]}]}, {"Node Type": "Bitmap Heap Scan", "Parent Relationship": "Inner", "Relation Name": "lineitem", "Alias": "lineitem", "Startup Cost": 0.38, "Total Cost": 4.49, "Plan Rows": 9, "Plan Width": 16, "Actual Startup Time": 2.054, "Actual Total Time": 2.216, "Actual Rows": 588, "Actual Loops": 84, "Recheck Cond": "(l_orderkey = orders.o_orderkey)", "Rows Removed by Index Recheck": 0, "Exact Heap Blocks": 96, "Lossy Heap Blocks": 96, "Plans": [{"Node Type": "Bitmap Index Scan", "Parent Relationship": "Outer", "Index Name": "idx_lineitem_orderkey", "Startup Cost": 0.0, "Total Cost": 0.38, "Plan Rows": 9, "Plan Width": 0, "Actual Startup Time": 1.268, "Actual Total Time": 1.268, "Actual Rows": 588, "Actual Loops": 84, "Index Cond": "(l_orderkey = orders.o_orderkey)"}]}]}]}]}]}, "Triggers": [], "Planner Runtime": 1.823, "Total Runtime": 80258.843, "Unique SQL Id": 1915754155}}, "(64, '52')": {"explain_plan": {"Plan": {"Node Type": "Limit", "Startup Cost": 2649029.8, "Total Cost": 2649030.05, "Plan Rows": 100, "Plan Width": 67, "Plans": [{"Node Type": "Sort", "Parent Relationship": "Outer", "Startup Cost": 2649029.8, "Total Cost": 2649345.6, "Plan Rows": 100, "Plan Width": 67, "Sort Key": ["orders.o_totalprice DESC", "orders.o_orderdate"], "Plans": [{"Node Type": "Aggregate", "Strategy": "Hashed", "Parent Relationship": "Outer", "Startup Cost": 2642938.69, "Total Cost": 2644201.9, "Plan Rows": 126321, "Plan Width": 67, "Group By Key": ["orders.o_totalprice", "orders.o_orderdate", "customer.c_name", "customer.c_custkey", "orders.o_orderkey"], "Plans": [{"Node Type": "Nested Loop", "Parent Relationship": "Outer", "Join Type": "Inner", "Startup Cost": 2315050.5, "Total Cost": 2641043.88, "Plan Rows": 126321, "Plan Width": 59, "Inner Unique": false, "Plans": [{"Node Type": "Nested Loop", "Parent Relationship": "Outer", "Join Type": "Inner", "Startup Cost": 2315050.5, "Total Cost": 2627700.1, "Plan Rows": 13913, "Plan Width": 59, "Inner Unique": true, "Plans": [{"Node Type": "Nested Loop", "Parent Relationship": "Outer", "Join Type": "Inner", "Startup Cost": 2315050.5, "Total Cost": 2618076.97, "Plan Rows": 33034, "Plan Width": 40, "Inner Unique": true, "Plans": [{"Node Type": "Aggregate", "Strategy": "Hashed", "Parent Relationship": "Outer", "Startup Cost": 2315050.5, "Total Cost": 2381201.11, "Plan Rows": 33034, "Plan Width": 24, "Group By Key": ["public.lineitem.l_orderkey"], "Filter": "(sum(public.lineitem.l_quantity) > 314::double precision), (LLVM Optimized)", "Plans": [{"Node Type": "Seq Scan", "Parent Relationship": "Outer", "Relation Name": "lineitem", "Alias": "lineitem", "Startup Cost": 0.0, "Total Cost": 2015115.33, "Plan Rows": 59987033, "Plan Width": 16}]}, {"Node Type": "Index Scan", "Parent Relationship": "Inner", "Scan Direction": "Forward", "Index Name": "orders_pkey", "Relation Name": "orders", "Alias": "orders", "Startup Cost": 0.0, "Total Cost": 7.15, "Plan Rows": 1, "Plan Width": 32, "Index Cond": "(o_orderkey = public.lineitem.l_orderkey)"}]}, {"Node Type": "Index Scan", "Parent Relationship": "Inner", "Scan Direction": "Forward", "Index Name": "customer_pkey", "Relation Name": "customer", "Alias": "customer", "Startup Cost": 0.0, "Total Cost": 0.28, "Plan Rows": 1, "Plan Width": 27, "Index Cond": "(c_custkey = orders.o_custkey)"}]}, {"Node Type": "Index Scan", "Parent Relationship": "Inner", "Scan Direction": "Forward", "Index Name": "idx_lineitem_orderkey", "Relation Name": "lineitem", "Alias": "lineitem", "Startup Cost": 0.0, "Total Cost": 0.87, "Plan Rows": 9, "Plan Width": 16, "Index Cond": "(l_orderkey = orders.o_orderkey)"}]}]}]}]}, "Unique SQL Id": 1915754155, "Planner Runtime": 0}, "explain_analyze_plan": {"Plan": {"Node Type": "Limit", "Startup Cost": 2649029.8, "Total Cost": 2649030.05, "Plan Rows": 100, "Plan Width": 67, "Actual Startup Time": 54861.493, "Actual Total Time": 54861.508, "Actual Rows": 84, "Actual Loops": 1, "Plans": [{"Node Type": "Sort", "Parent Relationship": "Outer", "Startup Cost": 2649029.8, "Total Cost": 2649345.6, "Plan Rows": 100, "Plan Width": 67, "Actual Startup Time": 54861.49, "Actual Total Time": 54861.494, "Actual Rows": 84, "Actual Loops": 1, "Sort Key": ["orders.o_totalprice DESC", "orders.o_orderdate"], "Sort Method": "quicksort", "Sort Space Used": 38, "Sort Space Type": "Memory", "Plans": [{"Node Type": "Aggregate", "Strategy": "Hashed", "Parent Relationship": "Outer", "Startup Cost": 2642938.69, "Total Cost": 2644201.9, "Plan Rows": 126321, "Plan Width": 67, "Actual Startup Time": 54860.881, "Actual Total Time": 54861.367, "Actual Rows": 84, "Actual Loops": 1, "Group By Key": ["orders.o_totalprice", "orders.o_orderdate", "customer.c_name", "customer.c_custkey", "orders.o_orderkey"], "Plans": [{"Node Type": "Nested Loop", "Parent Relationship": "Outer", "Join Type": "Inner", "Startup Cost": 2315050.5, "Total Cost": 2641043.88, "Plan Rows": 126321, "Plan Width": 59, "Actual Startup Time": 49072.337, "Actual Total Time": 54858.992, "Actual Rows": 588, "Actual Loops": 1, "Inner Unique": false, "Plans": [{"Node Type": "Nested Loop", "Parent Relationship": "Outer", "Join Type": "Inner", "Startup Cost": 2315050.5, "Total Cost": 2627700.1, "Plan Rows": 13913, "Plan Width": 59, "Actual Startup Time": 49072.315, "Actual Total Time": 54856.844, "Actual Rows": 84, "Actual Loops": 1, "Inner Unique": true, "Plans": [{"Node Type": "Nested Loop", "Parent Relationship": "Outer", "Join Type": "Inner", "Startup Cost": 2315050.5, "Total Cost": 2618076.97, "Plan Rows": 33034, "Plan Width": 40, "Actual Startup Time": 49072.296, "Actual Total Time": 54855.643, "Actual Rows": 84, "Actual Loops": 1, "Inner Unique": true, "Plans": [{"Node Type": "Aggregate", "Strategy": "Hashed", "Parent Relationship": "Outer", "Startup Cost": 2315050.5, "Total Cost": 2381201.11, "Plan Rows": 33034, "Plan Width": 24, "Actual Startup Time": 49072.224, "Actual Total Time": 54835.622, "Actual Rows": 84, "Actual Loops": 1, "Group By Key": ["public.lineitem.l_orderkey"], "Filter": "(sum(public.lineitem.l_quantity) > 314::double precision), (LLVM Optimized, Jit Execute)", "Rows Removed by Filter": 14999916, "Plans": [{"Node Type": "Seq Scan", "Parent Relationship": "Outer", "Relation Name": "lineitem", "Alias": "lineitem", "Startup Cost": 0.0, "Total Cost": 2015115.33, "Plan Rows": 59987033, "Plan Width": 16, "Actual Startup Time": 0.051, "Actual Total Time": 20660.278, "Actual Rows": 59986052, "Actual Loops": 1}]}, {"Node Type": "Index Scan", "Parent Relationship": "Inner", "Scan Direction": "Forward", "Index Name": "orders_pkey", "Relation Name": "orders", "Alias": "orders", "Startup Cost": 0.0, "Total Cost": 7.15, "Plan Rows": 1, "Plan Width": 32, "Actual Startup Time": 2.649, "Actual Total Time": 2.649, "Actual Rows": 84, "Actual Loops": 84, "Index Cond": "(o_orderkey = public.lineitem.l_orderkey)", "Rows Removed by Index Recheck": 0}]}, {"Node Type": "Index Scan", "Parent Relationship": "Inner", "Scan Direction": "Forward", "Index Name": "customer_pkey", "Relation Name": "customer", "Alias": "customer", "Startup Cost": 0.0, "Total Cost": 0.28, "Plan Rows": 1, "Plan Width": 27, "Actual Startup Time": 0.851, "Actual Total Time": 0.851, "Actual Rows": 84, "Actual Loops": 84, "Index Cond": "(c_custkey = orders.o_custkey)", "Rows Removed by Index Recheck": 0}]}, {"Node Type": "Index Scan", "Parent Relationship": "Inner", "Scan Direction": "Forward", "Index Name": "idx_lineitem_orderkey", "Relation Name": "lineitem", "Alias": "lineitem", "Startup Cost": 0.0, "Total Cost": 0.87, "Plan Rows": 9, "Plan Width": 16, "Actual Startup Time": 1.215, "Actual Total Time": 1.721, "Actual Rows": 588, "Actual Loops": 84, "Index Cond": "(l_orderkey = orders.o_orderkey)", "Rows Removed by Index Recheck": 0}]}]}]}]}, "Triggers": [], "Planner Runtime": 2.136, "Total Runtime": 54871.674, "Unique SQL Id": 1915754155}}, "(64, '53')": {"explain_plan": {"Plan": {"Node Type": "Limit", "Startup Cost": 3874068.21, "Total Cost": 3874068.46, "Plan Rows": 100, "Plan Width": 67, "Plans": [{"Node Type": "Sort", "Parent Relationship": "Outer", "Startup Cost": 3874068.21, "Total Cost": 3874384.02, "Plan Rows": 100, "Plan Width": 67, "Sort Key": ["orders.o_totalprice DESC", "orders.o_orderdate"], "Plans": [{"Node Type": "Aggregate", "Strategy": "Hashed", "Parent Relationship": "Outer", "Startup Cost": 3867977.11, "Total Cost": 3869240.32, "Plan Rows": 126321, "Plan Width": 67, "Group By Key": ["orders.o_totalprice", "orders.o_orderdate", "customer.c_name", "customer.c_custkey", "orders.o_orderkey"], "Plans": [{"Node Type": "Nested Loop", "Parent Relationship": "Outer", "Join Type": "Inner", "Startup Cost": 3540088.91, "Total Cost": 3866082.29, "Plan Rows": 126321, "Plan Width": 59, "Inner Unique": false, "Plans": [{"Node Type": "Nested Loop", "Parent Relationship": "Outer", "Join Type": "Inner", "Startup Cost": 3540088.91, "Total Cost": 3852738.51, "Plan Rows": 13913, "Plan Width": 59, "Inner Unique": true, "Plans": [{"Node Type": "Nested Loop", "Parent Relationship": "Outer", "Join Type": "Inner", "Startup Cost": 3540088.91, "Total Cost": 3843115.38, "Plan Rows": 33034, "Plan Width": 40, "Inner Unique": true, "Plans": [{"Node Type": "Aggregate", "Strategy": "Hashed", "Parent Relationship": "Outer", "Startup Cost": 3540088.91, "Total Cost": 3606239.52, "Plan Rows": 33034, "Plan Width": 24, "Group By Key": ["public.lineitem.l_orderkey"], "Filter": "(sum(public.lineitem.l_quantity) > 314::double precision), (LLVM Optimized)", "Plans": [{"Node Type": "Index Scan", "Parent Relationship": "Outer", "Scan Direction": "Forward", "Index Name": "idx_lineitem_orderkey", "Relation Name": "lineitem", "Alias": "lineitem", "Startup Cost": 0.0, "Total Cost": 3240153.75, "Plan Rows": 59987033, "Plan Width": 16}]}, {"Node Type": "Index Scan", "Parent Relationship": "Inner", "Scan Direction": "Forward", "Index Name": "orders_pkey", "Relation Name": "orders", "Alias": "orders", "Startup Cost": 0.0, "Total Cost": 7.15, "Plan Rows": 1, "Plan Width": 32, "Index Cond": "(o_orderkey = public.lineitem.l_orderkey)"}]}, {"Node Type": "Index Scan", "Parent Relationship": "Inner", "Scan Direction": "Forward", "Index Name": "customer_pkey", "Relation Name": "customer", "Alias": "customer", "Startup Cost": 0.0, "Total Cost": 0.28, "Plan Rows": 1, "Plan Width": 27, "Index Cond": "(c_custkey = orders.o_custkey)"}]}, {"Node Type": "Index Scan", "Parent Relationship": "Inner", "Scan Direction": "Forward", "Index Name": "idx_lineitem_orderkey", "Relation Name": "lineitem", "Alias": "lineitem", "Startup Cost": 0.0, "Total Cost": 0.87, "Plan Rows": 9, "Plan Width": 16, "Index Cond": "(l_orderkey = orders.o_orderkey)"}]}]}]}]}, "Unique SQL Id": 1915754155, "Planner Runtime": 0}, "explain_analyze_plan": {"Plan": {"Node Type": "Limit", "Startup Cost": 3874068.21, "Total Cost": 3874068.46, "Plan Rows": 100, "Plan Width": 67, "Actual Startup Time": 78667.563, "Actual Total Time": 78667.58, "Actual Rows": 84, "Actual Loops": 1, "Plans": [{"Node Type": "Sort", "Parent Relationship": "Outer", "Startup Cost": 3874068.21, "Total Cost": 3874384.02, "Plan Rows": 100, "Plan Width": 67, "Actual Startup Time": 78667.561, "Actual Total Time": 78667.57, "Actual Rows": 84, "Actual Loops": 1, "Sort Key": ["orders.o_totalprice DESC", "orders.o_orderdate"], "Sort Method": "quicksort", "Sort Space Used": 38, "Sort Space Type": "Memory", "Plans": [{"Node Type": "Aggregate", "Strategy": "Hashed", "Parent Relationship": "Outer", "Startup Cost": 3867977.11, "Total Cost": 3869240.32, "Plan Rows": 126321, "Plan Width": 67, "Actual Startup Time": 78666.912, "Actual Total Time": 78667.456, "Actual Rows": 84, "Actual Loops": 1, "Group By Key": ["orders.o_totalprice", "orders.o_orderdate", "customer.c_name", "customer.c_custkey", "orders.o_orderkey"], "Plans": [{"Node Type": "Nested Loop", "Parent Relationship": "Outer", "Join Type": "Inner", "Startup Cost": 3540088.91, "Total Cost": 3866082.29, "Plan Rows": 126321, "Plan Width": 59, "Actual Startup Time": 71346.529, "Actual Total Time": 78665.231, "Actual Rows": 588, "Actual Loops": 1, "Inner Unique": false, "Plans": [{"Node Type": "Nested Loop", "Parent Relationship": "Outer", "Join Type": "Inner", "Startup Cost": 3540088.91, "Total Cost": 3852738.51, "Plan Rows": 13913, "Plan Width": 59, "Actual Startup Time": 71346.496, "Actual Total Time": 78662.632, "Actual Rows": 84, "Actual Loops": 1, "Inner Unique": true, "Plans": [{"Node Type": "Nested Loop", "Parent Relationship": "Outer", "Join Type": "Inner", "Startup Cost": 3540088.91, "Total Cost": 3843115.38, "Plan Rows": 33034, "Plan Width": 40, "Actual Startup Time": 71346.464, "Actual Total Time": 78660.834, "Actual Rows": 84, "Actual Loops": 1, "Inner Unique": true, "Plans": [{"Node Type": "Aggregate", "Strategy": "Hashed", "Parent Relationship": "Outer", "Startup Cost": 3540088.91, "Total Cost": 3606239.52, "Plan Rows": 33034, "Plan Width": 24, "Actual Startup Time": 71346.402, "Actual Total Time": 78640.855, "Actual Rows": 84, "Actual Loops": 1, "Group By Key": ["public.lineitem.l_orderkey"], "Filter": "(sum(public.lineitem.l_quantity) > 314::double precision), (LLVM Optimized, Jit Execute)", "Rows Removed by Filter": 14999916, "Plans": [{"Node Type": "Index Scan", "Parent Relationship": "Outer", "Scan Direction": "Forward", "Index Name": "idx_lineitem_orderkey", "Relation Name": "lineitem", "Alias": "lineitem", "Startup Cost": 0.0, "Total Cost": 3240153.75, "Plan Rows": 59987033, "Plan Width": 16, "Actual Startup Time": 0.07, "Actual Total Time": 42499.927, "Actual Rows": 59986052, "Actual Loops": 1}]}, {"Node Type": "Index Scan", "Parent Relationship": "Inner", "Scan Direction": "Forward", "Index Name": "orders_pkey", "Relation Name": "orders", "Alias": "orders", "Startup Cost": 0.0, "Total Cost": 7.15, "Plan Rows": 1, "Plan Width": 32, "Actual Startup Time": 2.739, "Actual Total Time": 2.739, "Actual Rows": 84, "Actual Loops": 84, "Index Cond": "(o_orderkey = public.lineitem.l_orderkey)", "Rows Removed by Index Recheck": 0}]}, {"Node Type": "Index Scan", "Parent Relationship": "Inner", "Scan Direction": "Forward", "Index Name": "customer_pkey", "Relation Name": "customer", "Alias": "customer", "Startup Cost": 0.0, "Total Cost": 0.28, "Plan Rows": 1, "Plan Width": 27, "Actual Startup Time": 1.301, "Actual Total Time": 1.301, "Actual Rows": 84, "Actual Loops": 84, "Index Cond": "(c_custkey = orders.o_custkey)", "Rows Removed by Index Recheck": 0}]}, {"Node Type": "Index Scan", "Parent Relationship": "Inner", "Scan Direction": "Forward", "Index Name": "idx_lineitem_orderkey", "Relation Name": "lineitem", "Alias": "lineitem", "Startup Cost": 0.0, "Total Cost": 0.87, "Plan Rows": 9, "Plan Width": 16, "Actual Startup Time": 1.627, "Actual Total Time": 2.06, "Actual Rows": 588, "Actual Loops": 84, "Index Cond": "(l_orderkey = orders.o_orderkey)", "Rows Removed by Index Recheck": 0}]}]}]}]}, "Triggers": [], "Planner Runtime": 2.114, "Total Runtime": 78676.91, "Unique SQL Id": 1915754155}}, "(64, '54')": {"explain_plan": {"Plan": {"Node Type": "Limit", "Startup Cost": 2838735.63, "Total Cost": 2838735.88, "Plan Rows": 100, "Plan Width": 67, "Plans": [{"Node Type": "Sort", "Parent Relationship": "Outer", "Startup Cost": 2838735.63, "Total Cost": 2839051.44, "Plan Rows": 100, "Plan Width": 67, "Sort Key": ["orders.o_totalprice DESC", "orders.o_orderdate"], "Plans": [{"Node Type": "Aggregate", "Strategy": "Hashed", "Parent Relationship": "Outer", "Startup Cost": 2832644.53, "Total Cost": 2833907.74, "Plan Rows": 126321, "Plan Width": 67, "Group By Key": ["orders.o_totalprice", "orders.o_orderdate", "customer.c_name", "customer.c_custkey", "orders.o_orderkey"], "Plans": [{"Node Type": "Nested Loop", "Parent Relationship": "Outer", "Join Type": "Inner", "Startup Cost": 2315054.5, "Total Cost": 2830749.71, "Plan Rows": 126321, "Plan Width": 59, "Inner Unique": false, "Plans": [{"Node Type": "Nested Loop", "Parent Relationship": "Outer", "Join Type": "Inner", "Startup Cost": 2315054.12, "Total Cost": 2766973.56, "Plan Rows": 13913, "Plan Width": 59, "Inner Unique": true, "Plans": [{"Node Type": "Nested Loop", "Parent Relationship": "Outer", "Join Type": "Inner", "Startup Cost": 2315053.86, "Total Cost": 2625533.23, "Plan Rows": 33034, "Plan Width": 40, "Inner Unique": true, "Plans": [{"Node Type": "Aggregate", "Strategy": "Hashed", "Parent Relationship": "Outer", "Startup Cost": 2315050.5, "Total Cost": 2381201.11, "Plan Rows": 33034, "Plan Width": 24, "Group By Key": ["public.lineitem.l_orderkey"], "Filter": "(sum(public.lineitem.l_quantity) > 314::double precision), (LLVM Optimized)", "Plans": [{"Node Type": "Seq Scan", "Parent Relationship": "Outer", "Relation Name": "lineitem", "Alias": "lineitem", "Startup Cost": 0.0, "Total Cost": 2015115.33, "Plan Rows": 59987033, "Plan Width": 16}]}, {"Node Type": "Bitmap Heap Scan", "Parent Relationship": "Inner", "Relation Name": "orders", "Alias": "orders", "Startup Cost": 3.36, "Total Cost": 7.38, "Plan Rows": 1, "Plan Width": 32, "Recheck Cond": "(o_orderkey = public.lineitem.l_orderkey)", "Plans": [{"Node Type": "Bitmap Index Scan", "Parent Relationship": "Outer", "Index Name": "orders_pkey", "Startup Cost": 0.0, "Total Cost": 3.36, "Plan Rows": 1, "Plan Width": 0, "Index Cond": "(o_orderkey = public.lineitem.l_orderkey)"}]}]}, {"Node Type": "Bitmap Heap Scan", "Parent Relationship": "Inner", "Relation Name": "customer", "Alias": "customer", "Startup Cost": 0.26, "Total Cost": 4.27, "Plan Rows": 1, "Plan Width": 27, "Recheck Cond": "(c_custkey = orders.o_custkey)", "Plans": [{"Node Type": "Bitmap Index Scan", "Parent Relationship": "Outer", "Index Name": "customer_pkey", "Startup Cost": 0.0, "Total Cost": 0.26, "Plan Rows": 1, "Plan Width": 0, "Index Cond": "(c_custkey = orders.o_custkey)"}]}]}, {"Node Type": "Bitmap Heap Scan", "Parent Relationship": "Inner", "Relation Name": "lineitem", "Alias": "lineitem", "Startup Cost": 0.38, "Total Cost": 4.49, "Plan Rows": 9, "Plan Width": 16, "Recheck Cond": "(l_orderkey = orders.o_orderkey)", "Plans": [{"Node Type": "Bitmap Index Scan", "Parent Relationship": "Outer", "Index Name": "idx_lineitem_orderkey", "Startup Cost": 0.0, "Total Cost": 0.38, "Plan Rows": 9, "Plan Width": 0, "Index Cond": "(l_orderkey = orders.o_orderkey)"}]}]}]}]}]}, "Unique SQL Id": 1915754155, "Planner Runtime": 1}, "explain_analyze_plan": {"Plan": {"Node Type": "Limit", "Startup Cost": 2838735.63, "Total Cost": 2838735.88, "Plan Rows": 100, "Plan Width": 67, "Actual Startup Time": 54754.055, "Actual Total Time": 54754.071, "Actual Rows": 84, "Actual Loops": 1, "Plans": [{"Node Type": "Sort", "Parent Relationship": "Outer", "Startup Cost": 2838735.63, "Total Cost": 2839051.44, "Plan Rows": 100, "Plan Width": 67, "Actual Startup Time": 54754.052, "Actual Total Time": 54754.054, "Actual Rows": 84, "Actual Loops": 1, "Sort Key": ["orders.o_totalprice DESC", "orders.o_orderdate"], "Sort Method": "quicksort", "Sort Space Used": 38, "Sort Space Type": "Memory", "Plans": [{"Node Type": "Aggregate", "Strategy": "Hashed", "Parent Relationship": "Outer", "Startup Cost": 2832644.53, "Total Cost": 2833907.74, "Plan Rows": 126321, "Plan Width": 67, "Actual Startup Time": 54753.66, "Actual Total Time": 54753.955, "Actual Rows": 84, "Actual Loops": 1, "Group By Key": ["orders.o_totalprice", "orders.o_orderdate", "customer.c_name", "customer.c_custkey", "orders.o_orderkey"], "Plans": [{"Node Type": "Nested Loop", "Parent Relationship": "Outer", "Join Type": "Inner", "Startup Cost": 2315054.5, "Total Cost": 2830749.71, "Plan Rows": 126321, "Plan Width": 59, "Actual Startup Time": 48663.634, "Actual Total Time": 54751.757, "Actual Rows": 588, "Actual Loops": 1, "Inner Unique": false, "Plans": [{"Node Type": "Nested Loop", "Parent Relationship": "Outer", "Join Type": "Inner", "Startup Cost": 2315054.12, "Total Cost": 2766973.56, "Plan Rows": 13913, "Plan Width": 59, "Actual Startup Time": 48663.602, "Actual Total Time": 54749.126, "Actual Rows": 84, "Actual Loops": 1, "Inner Unique": true, "Plans": [{"Node Type": "Nested Loop", "Parent Relationship": "Outer", "Join Type": "Inner", "Startup Cost": 2315053.86, "Total Cost": 2625533.23, "Plan Rows": 33034, "Plan Width": 40, "Actual Startup Time": 48663.569, "Actual Total Time": 54747.452, "Actual Rows": 84, "Actual Loops": 1, "Inner Unique": true, "Plans": [{"Node Type": "Aggregate", "Strategy": "Hashed", "Parent Relationship": "Outer", "Startup Cost": 2315050.5, "Total Cost": 2381201.11, "Plan Rows": 33034, "Plan Width": 24, "Actual Startup Time": 48663.443, "Actual Total Time": 54727.462, "Actual Rows": 84, "Actual Loops": 1, "Group By Key": ["public.lineitem.l_orderkey"], "Filter": "(sum(public.lineitem.l_quantity) > 314::double precision), (LLVM Optimized, Jit Execute)", "Rows Removed by Filter": 14999916, "Plans": [{"Node Type": "Seq Scan", "Parent Relationship": "Outer", "Relation Name": "lineitem", "Alias": "lineitem", "Startup Cost": 0.0, "Total Cost": 2015115.33, "Plan Rows": 59987033, "Plan Width": 16, "Actual Startup Time": 0.048, "Actual Total Time": 20601.114, "Actual Rows": 59986052, "Actual Loops": 1}]}, {"Node Type": "Bitmap Heap Scan", "Parent Relationship": "Inner", "Relation Name": "orders", "Alias": "orders", "Startup Cost": 3.36, "Total Cost": 7.38, "Plan Rows": 1, "Plan Width": 32, "Actual Startup Time": 3.658, "Actual Total Time": 3.658, "Actual Rows": 84, "Actual Loops": 84, "Recheck Cond": "(o_orderkey = public.lineitem.l_orderkey)", "Rows Removed by Index Recheck": 0, "Exact Heap Blocks": 84, "Lossy Heap Blocks": 84, "Plans": [{"Node Type": "Bitmap Index Scan", "Parent Relationship": "Outer", "Index Name": "orders_pkey", "Startup Cost": 0.0, "Total Cost": 3.36, "Plan Rows": 1, "Plan Width": 0, "Actual Startup Time": 2.38, "Actual Total Time": 2.38, "Actual Rows": 84, "Actual Loops": 84, "Index Cond": "(o_orderkey = public.lineitem.l_orderkey)"}]}]}, {"Node Type": "Bitmap Heap Scan", "Parent Relationship": "Inner", "Relation Name": "customer", "Alias": "customer", "Startup Cost": 0.26, "Total Cost": 4.27, "Plan Rows": 1, "Plan Width": 27, "Actual Startup Time": 1.153, "Actual Total Time": 1.153, "Actual Rows": 84, "Actual Loops": 84, "Recheck Cond": "(c_custkey = orders.o_custkey)", "Rows Removed by Index Recheck": 0, "Exact Heap Blocks": 84, "Lossy Heap Blocks": 84, "Plans": [{"Node Type": "Bitmap Index Scan", "Parent Relationship": "Outer", "Index Name": "customer_pkey", "Startup Cost": 0.0, "Total Cost": 0.26, "Plan Rows": 1, "Plan Width": 0, "Actual Startup Time": 0.714, "Actual Total Time": 0.714, "Actual Rows": 84, "Actual Loops": 84, "Index Cond": "(c_custkey = orders.o_custkey)"}]}]}, {"Node Type": "Bitmap Heap Scan", "Parent Relationship": "Inner", "Relation Name": "lineitem", "Alias": "lineitem", "Startup Cost": 0.38, "Total Cost": 4.49, "Plan Rows": 9, "Plan Width": 16, "Actual Startup Time": 1.807, "Actual Total Time": 1.975, "Actual Rows": 588, "Actual Loops": 84, "Recheck Cond": "(l_orderkey = orders.o_orderkey)", "Rows Removed by Index Recheck": 0, "Exact Heap Blocks": 96, "Lossy Heap Blocks": 96, "Plans": [{"Node Type": "Bitmap Index Scan", "Parent Relationship": "Outer", "Index Name": "idx_lineitem_orderkey", "Startup Cost": 0.0, "Total Cost": 0.38, "Plan Rows": 9, "Plan Width": 0, "Actual Startup Time": 1.109, "Actual Total Time": 1.109, "Actual Rows": 588, "Actual Loops": 84, "Index Cond": "(l_orderkey = orders.o_orderkey)"}]}]}]}]}]}, "Triggers": [], "Planner Runtime": 1.901, "Total Runtime": 54763.284, "Unique SQL Id": 1915754155}}, "(64, '55')": {"explain_plan": {"Plan": {"Node Type": "Limit", "Startup Cost": 1000324838994.8, "Total Cost": 1000324838995.05, "Plan Rows": 100, "Plan Width": 67, "Plans": [{"Node Type": "Sort", "Parent Relationship": "Outer", "Startup Cost": 1000324838994.8, "Total Cost": 1000324839310.61, "Plan Rows": 100, "Plan Width": 67, "Sort Key": ["orders.o_totalprice DESC", "orders.o_orderdate"], "Plans": [{"Node Type": "Aggregate", "Strategy": "Hashed", "Parent Relationship": "Outer", "Startup Cost": 1000324832903.7, "Total Cost": 1000324834166.91, "Plan Rows": 126321, "Plan Width": 67, "Group By Key": ["orders.o_totalprice", "orders.o_orderdate", "customer.c_name", "customer.c_custkey", "orders.o_orderkey"], "Plans": [{"Node Type": "Nested Loop", "Parent Relationship": "Outer", "Join Type": "Inner", "Startup Cost": 1000324315313.67, "Total Cost": 1000324831008.88, "Plan Rows": 126321, "Plan Width": 59, "Inner Unique": false, "Plans": [{"Node Type": "Nested Loop", "Parent Relationship": "Outer", "Join Type": "Inner", "Startup Cost": 1000324315313.29, "Total Cost": 1000324767232.73, "Plan Rows": 13913, "Plan Width": 59, "Inner Unique": true, "Plans": [{"Node Type": "Nested Loop", "Parent Relationship": "Outer", "Join Type": "Inner", "Startup Cost": 1000324315313.03, "Total Cost": 1000324625792.4, "Plan Rows": 33034, "Plan Width": 40, "Inner Unique": true, "Plans": [{"Node Type": "Aggregate", "Strategy": "Hashed", "Parent Relationship": "Outer", "Startup Cost": 1000324315309.67, "Total Cost": 1000324381460.28, "Plan Rows": 33034, "Plan Width": 24, "Group By Key": ["public.lineitem.l_orderkey"], "Filter": "(sum(public.lineitem.l_quantity) > 314::double precision), (LLVM Optimized)", "Plans": [{"Node Type": "Index Scan", "Parent Relationship": "Outer", "Scan Direction": "Forward", "Index Name": "idx_lineitem_orderkey", "Relation Name": "lineitem", "Alias": "lineitem", "Startup Cost": 10000000000.0, "Total Cost": 1000324015374.5, "Plan Rows": 59987033, "Plan Width": 16}]}, {"Node Type": "Bitmap Heap Scan", "Parent Relationship": "Inner", "Relation Name": "orders", "Alias": "orders", "Startup Cost": 3.36, "Total Cost": 7.38, "Plan Rows": 1, "Plan Width": 32, "Recheck Cond": "(o_orderkey = public.lineitem.l_orderkey)", "Plans": [{"Node Type": "Bitmap Index Scan", "Parent Relationship": "Outer", "Index Name": "orders_pkey", "Startup Cost": 0.0, "Total Cost": 3.36, "Plan Rows": 1, "Plan Width": 0, "Index Cond": "(o_orderkey = public.lineitem.l_orderkey)"}]}]}, {"Node Type": "Bitmap Heap Scan", "Parent Relationship": "Inner", "Relation Name": "customer", "Alias": "customer", "Startup Cost": 0.26, "Total Cost": 4.27, "Plan Rows": 1, "Plan Width": 27, "Recheck Cond": "(c_custkey = orders.o_custkey)", "Plans": [{"Node Type": "Bitmap Index Scan", "Parent Relationship": "Outer", "Index Name": "customer_pkey", "Startup Cost": 0.0, "Total Cost": 0.26, "Plan Rows": 1, "Plan Width": 0, "Index Cond": "(c_custkey = orders.o_custkey)"}]}]}, {"Node Type": "Bitmap Heap Scan", "Parent Relationship": "Inner", "Relation Name": "lineitem", "Alias": "lineitem", "Startup Cost": 0.38, "Total Cost": 4.49, "Plan Rows": 9, "Plan Width": 16, "Recheck Cond": "(l_orderkey = orders.o_orderkey)", "Plans": [{"Node Type": "Bitmap Index Scan", "Parent Relationship": "Outer", "Index Name": "idx_lineitem_orderkey", "Startup Cost": 0.0, "Total Cost": 0.38, "Plan Rows": 9, "Plan Width": 0, "Index Cond": "(l_orderkey = orders.o_orderkey)"}]}]}]}]}]}, "Unique SQL Id": 1915754155, "Planner Runtime": 0}, "explain_analyze_plan": {"Plan": {"Node Type": "Limit", "Startup Cost": 1000324838994.8, "Total Cost": 1000324838995.05, "Plan Rows": 100, "Plan Width": 67, "Actual Startup Time": 80249.492, "Actual Total Time": 80249.51, "Actual Rows": 84, "Actual Loops": 1, "Plans": [{"Node Type": "Sort", "Parent Relationship": "Outer", "Startup Cost": 1000324838994.8, "Total Cost": 1000324839310.61, "Plan Rows": 100, "Plan Width": 67, "Actual Startup Time": 80249.49, "Actual Total Time": 80249.501, "Actual Rows": 84, "Actual Loops": 1, "Sort Key": ["orders.o_totalprice DESC", "orders.o_orderdate"], "Sort Method": "quicksort", "Sort Space Used": 38, "Sort Space Type": "Memory", "Plans": [{"Node Type": "Aggregate", "Strategy": "Hashed", "Parent Relationship": "Outer", "Startup Cost": 1000324832903.7, "Total Cost": 1000324834166.91, "Plan Rows": 126321, "Plan Width": 67, "Actual Startup Time": 80249.1, "Actual Total Time": 80249.389, "Actual Rows": 84, "Actual Loops": 1, "Group By Key": ["orders.o_totalprice", "orders.o_orderdate", "customer.c_name", "customer.c_custkey", "orders.o_orderkey"], "Plans": [{"Node Type": "Nested Loop", "Parent Relationship": "Outer", "Join Type": "Inner", "Startup Cost": 1000324315313.67, "Total Cost": 1000324831008.88, "Plan Rows": 126321, "Plan Width": 59, "Actual Startup Time": 73111.745, "Actual Total Time": 80247.199, "Actual Rows": 588, "Actual Loops": 1, "Inner Unique": false, "Plans": [{"Node Type": "Nested Loop", "Parent Relationship": "Outer", "Join Type": "Inner", "Startup Cost": 1000324315313.29, "Total Cost": 1000324767232.73, "Plan Rows": 13913, "Plan Width": 59, "Actual Startup Time": 73111.701, "Actual Total Time": 80244.173, "Actual Rows": 84, "Actual Loops": 1, "Inner Unique": true, "Plans": [{"Node Type": "Nested Loop", "Parent Relationship": "Outer", "Join Type": "Inner", "Startup Cost": 1000324315313.03, "Total Cost": 1000324625792.4, "Plan Rows": 33034, "Plan Width": 40, "Actual Startup Time": 73111.642, "Actual Total Time": 80242.091, "Actual Rows": 84, "Actual Loops": 1, "Inner Unique": true, "Plans": [{"Node Type": "Aggregate", "Strategy": "Hashed", "Parent Relationship": "Outer", "Startup Cost": 1000324315309.67, "Total Cost": 1000324381460.28, "Plan Rows": 33034, "Plan Width": 24, "Actual Startup Time": 73111.524, "Actual Total Time": 80223.033, "Actual Rows": 84, "Actual Loops": 1, "Group By Key": ["public.lineitem.l_orderkey"], "Filter": "(sum(public.lineitem.l_quantity) > 314::double precision), (LLVM Optimized, Jit Execute)", "Rows Removed by Filter": 14999916, "Plans": [{"Node Type": "Index Scan", "Parent Relationship": "Outer", "Scan Direction": "Forward", "Index Name": "idx_lineitem_orderkey", "Relation Name": "lineitem", "Alias": "lineitem", "Startup Cost": 10000000000.0, "Total Cost": 1000324015374.5, "Plan Rows": 59987033, "Plan Width": 16, "Actual Startup Time": 0.063, "Actual Total Time": 44361.768, "Actual Rows": 59986052, "Actual Loops": 1}]}, {"Node Type": "Bitmap Heap Scan", "Parent Relationship": "Inner", "Relation Name": "orders", "Alias": "orders", "Startup Cost": 3.36, "Total Cost": 7.38, "Plan Rows": 1, "Plan Width": 32, "Actual Startup Time": 3.64, "Actual Total Time": 3.64, "Actual Rows": 84, "Actual Loops": 84, "Recheck Cond": "(o_orderkey = public.lineitem.l_orderkey)", "Rows Removed by Index Recheck": 0, "Exact Heap Blocks": 84, "Lossy Heap Blocks": 84, "Plans": [{"Node Type": "Bitmap Index Scan", "Parent Relationship": "Outer", "Index Name": "orders_pkey", "Startup Cost": 0.0, "Total Cost": 3.36, "Plan Rows": 1, "Plan Width": 0, "Actual Startup Time": 2.402, "Actual Total Time": 2.402, "Actual Rows": 84, "Actual Loops": 84, "Index Cond": "(o_orderkey = public.lineitem.l_orderkey)"}]}]}, {"Node Type": "Bitmap Heap Scan", "Parent Relationship": "Inner", "Relation Name": "customer", "Alias": "customer", "Startup Cost": 0.26, "Total Cost": 4.27, "Plan Rows": 1, "Plan Width": 27, "Actual Startup Time": 1.455, "Actual Total Time": 1.455, "Actual Rows": 84, "Actual Loops": 84, "Recheck Cond": "(c_custkey = orders.o_custkey)", "Rows Removed by Index Recheck": 0, "Exact Heap Blocks": 84, "Lossy Heap Blocks": 84, "Plans": [{"Node Type": "Bitmap Index Scan", "Parent Relationship": "Outer", "Index Name": "customer_pkey", "Startup Cost": 0.0, "Total Cost": 0.26, "Plan Rows": 1, "Plan Width": 0, "Actual Startup Time": 0.897, "Actual Total Time": 0.897, "Actual Rows": 84, "Actual Loops": 84, "Index Cond": "(c_custkey = orders.o_custkey)"}]}]}, {"Node Type": "Bitmap Heap Scan", "Parent Relationship": "Inner", "Relation Name": "lineitem", "Alias": "lineitem", "Startup Cost": 0.38, "Total Cost": 4.49, "Plan Rows": 9, "Plan Width": 16, "Actual Startup Time": 2.054, "Actual Total Time": 2.216, "Actual Rows": 588, "Actual Loops": 84, "Recheck Cond": "(l_orderkey = orders.o_orderkey)", "Rows Removed by Index Recheck": 0, "Exact Heap Blocks": 96, "Lossy Heap Blocks": 96, "Plans": [{"Node Type": "Bitmap Index Scan", "Parent Relationship": "Outer", "Index Name": "idx_lineitem_orderkey", "Startup Cost": 0.0, "Total Cost": 0.38, "Plan Rows": 9, "Plan Width": 0, "Actual Startup Time": 1.268, "Actual Total Time": 1.268, "Actual Rows": 588, "Actual Loops": 84, "Index Cond": "(l_orderkey = orders.o_orderkey)"}]}]}]}]}]}, "Triggers": [], "Planner Runtime": 1.823, "Total Runtime": 80258.843, "Unique SQL Id": 1915754155}}, "(64, '56')": {"explain_plan": {"Plan": {"Node Type": "Limit", "Startup Cost": 2649029.8, "Total Cost": 2649030.05, "Plan Rows": 100, "Plan Width": 67, "Plans": [{"Node Type": "Sort", "Parent Relationship": "Outer", "Startup Cost": 2649029.8, "Total Cost": 2649345.6, "Plan Rows": 100, "Plan Width": 67, "Sort Key": ["orders.o_totalprice DESC", "orders.o_orderdate"], "Plans": [{"Node Type": "Aggregate", "Strategy": "Hashed", "Parent Relationship": "Outer", "Startup Cost": 2642938.69, "Total Cost": 2644201.9, "Plan Rows": 126321, "Plan Width": 67, "Group By Key": ["orders.o_totalprice", "orders.o_orderdate", "customer.c_name", "customer.c_custkey", "orders.o_orderkey"], "Plans": [{"Node Type": "Nested Loop", "Parent Relationship": "Outer", "Join Type": "Inner", "Startup Cost": 2315050.5, "Total Cost": 2641043.88, "Plan Rows": 126321, "Plan Width": 59, "Inner Unique": false, "Plans": [{"Node Type": "Nested Loop", "Parent Relationship": "Outer", "Join Type": "Inner", "Startup Cost": 2315050.5, "Total Cost": 2627700.1, "Plan Rows": 13913, "Plan Width": 59, "Inner Unique": true, "Plans": [{"Node Type": "Nested Loop", "Parent Relationship": "Outer", "Join Type": "Inner", "Startup Cost": 2315050.5, "Total Cost": 2618076.97, "Plan Rows": 33034, "Plan Width": 40, "Inner Unique": true, "Plans": [{"Node Type": "Aggregate", "Strategy": "Hashed", "Parent Relationship": "Outer", "Startup Cost": 2315050.5, "Total Cost": 2381201.11, "Plan Rows": 33034, "Plan Width": 24, "Group By Key": ["public.lineitem.l_orderkey"], "Filter": "(sum(public.lineitem.l_quantity) > 314::double precision), (LLVM Optimized)", "Plans": [{"Node Type": "Seq Scan", "Parent Relationship": "Outer", "Relation Name": "lineitem", "Alias": "lineitem", "Startup Cost": 0.0, "Total Cost": 2015115.33, "Plan Rows": 59987033, "Plan Width": 16}]}, {"Node Type": "Index Scan", "Parent Relationship": "Inner", "Scan Direction": "Forward", "Index Name": "orders_pkey", "Relation Name": "orders", "Alias": "orders", "Startup Cost": 0.0, "Total Cost": 7.15, "Plan Rows": 1, "Plan Width": 32, "Index Cond": "(o_orderkey = public.lineitem.l_orderkey)"}]}, {"Node Type": "Index Scan", "Parent Relationship": "Inner", "Scan Direction": "Forward", "Index Name": "customer_pkey", "Relation Name": "customer", "Alias": "customer", "Startup Cost": 0.0, "Total Cost": 0.28, "Plan Rows": 1, "Plan Width": 27, "Index Cond": "(c_custkey = orders.o_custkey)"}]}, {"Node Type": "Index Scan", "Parent Relationship": "Inner", "Scan Direction": "Forward", "Index Name": "idx_lineitem_orderkey", "Relation Name": "lineitem", "Alias": "lineitem", "Startup Cost": 0.0, "Total Cost": 0.87, "Plan Rows": 9, "Plan Width": 16, "Index Cond": "(l_orderkey = orders.o_orderkey)"}]}]}]}]}, "Unique SQL Id": 1915754155, "Planner Runtime": 0}, "explain_analyze_plan": {"Plan": {"Node Type": "Limit", "Startup Cost": 2649029.8, "Total Cost": 2649030.05, "Plan Rows": 100, "Plan Width": 67, "Actual Startup Time": 54861.493, "Actual Total Time": 54861.508, "Actual Rows": 84, "Actual Loops": 1, "Plans": [{"Node Type": "Sort", "Parent Relationship": "Outer", "Startup Cost": 2649029.8, "Total Cost": 2649345.6, "Plan Rows": 100, "Plan Width": 67, "Actual Startup Time": 54861.49, "Actual Total Time": 54861.494, "Actual Rows": 84, "Actual Loops": 1, "Sort Key": ["orders.o_totalprice DESC", "orders.o_orderdate"], "Sort Method": "quicksort", "Sort Space Used": 38, "Sort Space Type": "Memory", "Plans": [{"Node Type": "Aggregate", "Strategy": "Hashed", "Parent Relationship": "Outer", "Startup Cost": 2642938.69, "Total Cost": 2644201.9, "Plan Rows": 126321, "Plan Width": 67, "Actual Startup Time": 54860.881, "Actual Total Time": 54861.367, "Actual Rows": 84, "Actual Loops": 1, "Group By Key": ["orders.o_totalprice", "orders.o_orderdate", "customer.c_name", "customer.c_custkey", "orders.o_orderkey"], "Plans": [{"Node Type": "Nested Loop", "Parent Relationship": "Outer", "Join Type": "Inner", "Startup Cost": 2315050.5, "Total Cost": 2641043.88, "Plan Rows": 126321, "Plan Width": 59, "Actual Startup Time": 49072.337, "Actual Total Time": 54858.992, "Actual Rows": 588, "Actual Loops": 1, "Inner Unique": false, "Plans": [{"Node Type": "Nested Loop", "Parent Relationship": "Outer", "Join Type": "Inner", "Startup Cost": 2315050.5, "Total Cost": 2627700.1, "Plan Rows": 13913, "Plan Width": 59, "Actual Startup Time": 49072.315, "Actual Total Time": 54856.844, "Actual Rows": 84, "Actual Loops": 1, "Inner Unique": true, "Plans": [{"Node Type": "Nested Loop", "Parent Relationship": "Outer", "Join Type": "Inner", "Startup Cost": 2315050.5, "Total Cost": 2618076.97, "Plan Rows": 33034, "Plan Width": 40, "Actual Startup Time": 49072.296, "Actual Total Time": 54855.643, "Actual Rows": 84, "Actual Loops": 1, "Inner Unique": true, "Plans": [{"Node Type": "Aggregate", "Strategy": "Hashed", "Parent Relationship": "Outer", "Startup Cost": 2315050.5, "Total Cost": 2381201.11, "Plan Rows": 33034, "Plan Width": 24, "Actual Startup Time": 49072.224, "Actual Total Time": 54835.622, "Actual Rows": 84, "Actual Loops": 1, "Group By Key": ["public.lineitem.l_orderkey"], "Filter": "(sum(public.lineitem.l_quantity) > 314::double precision), (LLVM Optimized, Jit Execute)", "Rows Removed by Filter": 14999916, "Plans": [{"Node Type": "Seq Scan", "Parent Relationship": "Outer", "Relation Name": "lineitem", "Alias": "lineitem", "Startup Cost": 0.0, "Total Cost": 2015115.33, "Plan Rows": 59987033, "Plan Width": 16, "Actual Startup Time": 0.051, "Actual Total Time": 20660.278, "Actual Rows": 59986052, "Actual Loops": 1}]}, {"Node Type": "Index Scan", "Parent Relationship": "Inner", "Scan Direction": "Forward", "Index Name": "orders_pkey", "Relation Name": "orders", "Alias": "orders", "Startup Cost": 0.0, "Total Cost": 7.15, "Plan Rows": 1, "Plan Width": 32, "Actual Startup Time": 2.649, "Actual Total Time": 2.649, "Actual Rows": 84, "Actual Loops": 84, "Index Cond": "(o_orderkey = public.lineitem.l_orderkey)", "Rows Removed by Index Recheck": 0}]}, {"Node Type": "Index Scan", "Parent Relationship": "Inner", "Scan Direction": "Forward", "Index Name": "customer_pkey", "Relation Name": "customer", "Alias": "customer", "Startup Cost": 0.0, "Total Cost": 0.28, "Plan Rows": 1, "Plan Width": 27, "Actual Startup Time": 0.851, "Actual Total Time": 0.851, "Actual Rows": 84, "Actual Loops": 84, "Index Cond": "(c_custkey = orders.o_custkey)", "Rows Removed by Index Recheck": 0}]}, {"Node Type": "Index Scan", "Parent Relationship": "Inner", "Scan Direction": "Forward", "Index Name": "idx_lineitem_orderkey", "Relation Name": "lineitem", "Alias": "lineitem", "Startup Cost": 0.0, "Total Cost": 0.87, "Plan Rows": 9, "Plan Width": 16, "Actual Startup Time": 1.215, "Actual Total Time": 1.721, "Actual Rows": 588, "Actual Loops": 84, "Index Cond": "(l_orderkey = orders.o_orderkey)", "Rows Removed by Index Recheck": 0}]}]}]}]}, "Triggers": [], "Planner Runtime": 2.136, "Total Runtime": 54871.674, "Unique SQL Id": 1915754155}}, "(64, '57')": {"explain_plan": {"Plan": {"Node Type": "Limit", "Startup Cost": 3874068.21, "Total Cost": 3874068.46, "Plan Rows": 100, "Plan Width": 67, "Plans": [{"Node Type": "Sort", "Parent Relationship": "Outer", "Startup Cost": 3874068.21, "Total Cost": 3874384.02, "Plan Rows": 100, "Plan Width": 67, "Sort Key": ["orders.o_totalprice DESC", "orders.o_orderdate"], "Plans": [{"Node Type": "Aggregate", "Strategy": "Hashed", "Parent Relationship": "Outer", "Startup Cost": 3867977.11, "Total Cost": 3869240.32, "Plan Rows": 126321, "Plan Width": 67, "Group By Key": ["orders.o_totalprice", "orders.o_orderdate", "customer.c_name", "customer.c_custkey", "orders.o_orderkey"], "Plans": [{"Node Type": "Nested Loop", "Parent Relationship": "Outer", "Join Type": "Inner", "Startup Cost": 3540088.91, "Total Cost": 3866082.29, "Plan Rows": 126321, "Plan Width": 59, "Inner Unique": false, "Plans": [{"Node Type": "Nested Loop", "Parent Relationship": "Outer", "Join Type": "Inner", "Startup Cost": 3540088.91, "Total Cost": 3852738.51, "Plan Rows": 13913, "Plan Width": 59, "Inner Unique": true, "Plans": [{"Node Type": "Nested Loop", "Parent Relationship": "Outer", "Join Type": "Inner", "Startup Cost": 3540088.91, "Total Cost": 3843115.38, "Plan Rows": 33034, "Plan Width": 40, "Inner Unique": true, "Plans": [{"Node Type": "Aggregate", "Strategy": "Hashed", "Parent Relationship": "Outer", "Startup Cost": 3540088.91, "Total Cost": 3606239.52, "Plan Rows": 33034, "Plan Width": 24, "Group By Key": ["public.lineitem.l_orderkey"], "Filter": "(sum(public.lineitem.l_quantity) > 314::double precision), (LLVM Optimized)", "Plans": [{"Node Type": "Index Scan", "Parent Relationship": "Outer", "Scan Direction": "Forward", "Index Name": "idx_lineitem_orderkey", "Relation Name": "lineitem", "Alias": "lineitem", "Startup Cost": 0.0, "Total Cost": 3240153.75, "Plan Rows": 59987033, "Plan Width": 16}]}, {"Node Type": "Index Scan", "Parent Relationship": "Inner", "Scan Direction": "Forward", "Index Name": "orders_pkey", "Relation Name": "orders", "Alias": "orders", "Startup Cost": 0.0, "Total Cost": 7.15, "Plan Rows": 1, "Plan Width": 32, "Index Cond": "(o_orderkey = public.lineitem.l_orderkey)"}]}, {"Node Type": "Index Scan", "Parent Relationship": "Inner", "Scan Direction": "Forward", "Index Name": "customer_pkey", "Relation Name": "customer", "Alias": "customer", "Startup Cost": 0.0, "Total Cost": 0.28, "Plan Rows": 1, "Plan Width": 27, "Index Cond": "(c_custkey = orders.o_custkey)"}]}, {"Node Type": "Index Scan", "Parent Relationship": "Inner", "Scan Direction": "Forward", "Index Name": "idx_lineitem_orderkey", "Relation Name": "lineitem", "Alias": "lineitem", "Startup Cost": 0.0, "Total Cost": 0.87, "Plan Rows": 9, "Plan Width": 16, "Index Cond": "(l_orderkey = orders.o_orderkey)"}]}]}]}]}, "Unique SQL Id": 1915754155, "Planner Runtime": 0}, "explain_analyze_plan": {"Plan": {"Node Type": "Limit", "Startup Cost": 3874068.21, "Total Cost": 3874068.46, "Plan Rows": 100, "Plan Width": 67, "Actual Startup Time": 78667.563, "Actual Total Time": 78667.58, "Actual Rows": 84, "Actual Loops": 1, "Plans": [{"Node Type": "Sort", "Parent Relationship": "Outer", "Startup Cost": 3874068.21, "Total Cost": 3874384.02, "Plan Rows": 100, "Plan Width": 67, "Actual Startup Time": 78667.561, "Actual Total Time": 78667.57, "Actual Rows": 84, "Actual Loops": 1, "Sort Key": ["orders.o_totalprice DESC", "orders.o_orderdate"], "Sort Method": "quicksort", "Sort Space Used": 38, "Sort Space Type": "Memory", "Plans": [{"Node Type": "Aggregate", "Strategy": "Hashed", "Parent Relationship": "Outer", "Startup Cost": 3867977.11, "Total Cost": 3869240.32, "Plan Rows": 126321, "Plan Width": 67, "Actual Startup Time": 78666.912, "Actual Total Time": 78667.456, "Actual Rows": 84, "Actual Loops": 1, "Group By Key": ["orders.o_totalprice", "orders.o_orderdate", "customer.c_name", "customer.c_custkey", "orders.o_orderkey"], "Plans": [{"Node Type": "Nested Loop", "Parent Relationship": "Outer", "Join Type": "Inner", "Startup Cost": 3540088.91, "Total Cost": 3866082.29, "Plan Rows": 126321, "Plan Width": 59, "Actual Startup Time": 71346.529, "Actual Total Time": 78665.231, "Actual Rows": 588, "Actual Loops": 1, "Inner Unique": false, "Plans": [{"Node Type": "Nested Loop", "Parent Relationship": "Outer", "Join Type": "Inner", "Startup Cost": 3540088.91, "Total Cost": 3852738.51, "Plan Rows": 13913, "Plan Width": 59, "Actual Startup Time": 71346.496, "Actual Total Time": 78662.632, "Actual Rows": 84, "Actual Loops": 1, "Inner Unique": true, "Plans": [{"Node Type": "Nested Loop", "Parent Relationship": "Outer", "Join Type": "Inner", "Startup Cost": 3540088.91, "Total Cost": 3843115.38, "Plan Rows": 33034, "Plan Width": 40, "Actual Startup Time": 71346.464, "Actual Total Time": 78660.834, "Actual Rows": 84, "Actual Loops": 1, "Inner Unique": true, "Plans": [{"Node Type": "Aggregate", "Strategy": "Hashed", "Parent Relationship": "Outer", "Startup Cost": 3540088.91, "Total Cost": 3606239.52, "Plan Rows": 33034, "Plan Width": 24, "Actual Startup Time": 71346.402, "Actual Total Time": 78640.855, "Actual Rows": 84, "Actual Loops": 1, "Group By Key": ["public.lineitem.l_orderkey"], "Filter": "(sum(public.lineitem.l_quantity) > 314::double precision), (LLVM Optimized, Jit Execute)", "Rows Removed by Filter": 14999916, "Plans": [{"Node Type": "Index Scan", "Parent Relationship": "Outer", "Scan Direction": "Forward", "Index Name": "idx_lineitem_orderkey", "Relation Name": "lineitem", "Alias": "lineitem", "Startup Cost": 0.0, "Total Cost": 3240153.75, "Plan Rows": 59987033, "Plan Width": 16, "Actual Startup Time": 0.07, "Actual Total Time": 42499.927, "Actual Rows": 59986052, "Actual Loops": 1}]}, {"Node Type": "Index Scan", "Parent Relationship": "Inner", "Scan Direction": "Forward", "Index Name": "orders_pkey", "Relation Name": "orders", "Alias": "orders", "Startup Cost": 0.0, "Total Cost": 7.15, "Plan Rows": 1, "Plan Width": 32, "Actual Startup Time": 2.739, "Actual Total Time": 2.739, "Actual Rows": 84, "Actual Loops": 84, "Index Cond": "(o_orderkey = public.lineitem.l_orderkey)", "Rows Removed by Index Recheck": 0}]}, {"Node Type": "Index Scan", "Parent Relationship": "Inner", "Scan Direction": "Forward", "Index Name": "customer_pkey", "Relation Name": "customer", "Alias": "customer", "Startup Cost": 0.0, "Total Cost": 0.28, "Plan Rows": 1, "Plan Width": 27, "Actual Startup Time": 1.301, "Actual Total Time": 1.301, "Actual Rows": 84, "Actual Loops": 84, "Index Cond": "(c_custkey = orders.o_custkey)", "Rows Removed by Index Recheck": 0}]}, {"Node Type": "Index Scan", "Parent Relationship": "Inner", "Scan Direction": "Forward", "Index Name": "idx_lineitem_orderkey", "Relation Name": "lineitem", "Alias": "lineitem", "Startup Cost": 0.0, "Total Cost": 0.87, "Plan Rows": 9, "Plan Width": 16, "Actual Startup Time": 1.627, "Actual Total Time": 2.06, "Actual Rows": 588, "Actual Loops": 84, "Index Cond": "(l_orderkey = orders.o_orderkey)", "Rows Removed by Index Recheck": 0}]}]}]}]}, "Triggers": [], "Planner Runtime": 2.114, "Total Runtime": 78676.91, "Unique SQL Id": 1915754155}}, "(64, '58')": {"explain_plan": {"Plan": {"Node Type": "Limit", "Startup Cost": 20699534063.67, "Total Cost": 20699534063.92, "Plan Rows": 100, "Plan Width": 67, "Plans": [{"Node Type": "Sort", "Parent Relationship": "Outer", "Startup Cost": 20699534063.67, "Total Cost": 20699534379.47, "Plan Rows": 100, "Plan Width": 67, "Sort Key": ["orders.o_totalprice DESC", "orders.o_orderdate"], "Plans": [{"Node Type": "Aggregate", "Strategy": "Hashed", "Parent Relationship": "Outer", "Startup Cost": 20699527972.56, "Total Cost": 20699529235.77, "Plan Rows": 126321, "Plan Width": 67, "Group By Key": ["orders.o_totalprice", "orders.o_orderdate", "customer.c_name", "customer.c_custkey", "orders.o_orderkey"], "Plans": [{"Node Type": "Nested Loop", "Parent Relationship": "Outer", "Join Type": "Inner", "Startup Cost": 2315050.5, "Total Cost": 20699526077.75, "Plan Rows": 126321, "Plan Width": 59, "Inner Unique": false, "Join Filter": "(orders.o_orderkey = public.lineitem.l_orderkey), (LLVM Optimized)", "Plans": [{"Node Type": "Seq Scan", "Parent Relationship": "Outer", "Relation Name": "lineitem", "Alias": "lineitem", "Startup Cost": 0.0, "Total Cost": 2015115.33, "Plan Rows": 59987033, "Plan Width": 16}, {"Node Type": "Materialize", "Parent Relationship": "Inner", "Startup Cost": 2315050.5, "Total Cost": 8178517145.27, "Plan Rows": 13913, "Plan Width": 59, "Plans": [{"Node Type": "Nested Loop", "Parent Relationship": "Outer", "Join Type": "Inner", "Startup Cost": 2315050.5, "Total Cost": 8178517075.7, "Plan Rows": 13913, "Plan Width": 59, "Inner Unique": false, "Join Filter": "(orders.o_custkey = customer.c_custkey)", "Plans": [{"Node Type": "Seq Scan", "Parent Relationship": "Outer", "Relation Name": "customer", "Alias": "customer", "Startup Cost": 0.0, "Total Cost": 52126.0, "Plan Rows": 1500000, "Plan Width": 27}, {"Node Type": "Materialize", "Parent Relationship": "Inner", "Startup Cost": 2315050.5, "Total Cost": 7435200032.29, "Plan Rows": 33034, "Plan Width": 40, "Plans": [{"Node Type": "Nested Loop", "Parent Relationship": "Outer", "Join Type": "Semi", "Startup Cost": 2315050.5, "Total Cost": 7435199867.12, "Plan Rows": 33034, "Plan Width": 40, "Inner Unique": false, "Join Filter": "(orders.o_orderkey = public.lineitem.l_orderkey)", "Plans": [{"Node Type": "Seq Scan", "Parent Relationship": "Outer", "Relation Name": "orders", "Alias": "orders", "Startup Cost": 0.0, "Total Cost": 426413.79, "Plan Rows": 14999479, "Plan Width": 32}, {"Node Type": "Materialize", "Parent Relationship": "Inner", "Startup Cost": 2315050.5, "Total Cost": 2381696.62, "Plan Rows": 33034, "Plan Width": 8, "Plans": [{"Node Type": "Aggregate", "Strategy": "Hashed", "Parent Relationship": "Outer", "Startup Cost": 2315050.5, "Total Cost": 2381201.11, "Plan Rows": 33034, "Plan Width": 24, "Group By Key": ["public.lineitem.l_orderkey"], "Filter": "(sum(public.lineitem.l_quantity) > 314::double precision), (LLVM Optimized)", "Plans": [{"Node Type": "Seq Scan", "Parent Relationship": "Outer", "Relation Name": "lineitem", "Alias": "lineitem", "Startup Cost": 0.0, "Total Cost": 2015115.33, "Plan Rows": 59987033, "Plan Width": 16}]}]}]}]}]}]}]}]}]}]}, "Unique SQL Id": 1915754155, "Planner Runtime": 0}, "explain_analyze_plan": null}, "(64, '59')": {"explain_plan": {"Plan": {"Node Type": "Limit", "Startup Cost": 4021424234088.76, "Total Cost": 4021424234089.01, "Plan Rows": 100, "Plan Width": 67, "Plans": [{"Node Type": "Sort", "Parent Relationship": "Outer", "Startup Cost": 4021424234088.76, "Total Cost": 4021424234404.56, "Plan Rows": 100, "Plan Width": 67, "Sort Key": ["orders.o_totalprice DESC", "orders.o_orderdate"], "Plans": [{"Node Type": "Aggregate", "Strategy": "Hashed", "Parent Relationship": "Outer", "Startup Cost": 4021424227997.65, "Total Cost": 4021424229260.86, "Plan Rows": 126321, "Plan Width": 67, "Group By Key": ["orders.o_totalprice", "orders.o_orderdate", "customer.c_name", "customer.c_custkey", "orders.o_orderkey"], "Plans": [{"Node Type": "Nested Loop", "Parent Relationship": "Outer", "Join Type": "Inner", "Startup Cost": 1030324315309.67, "Total Cost": 4021424226102.83, "Plan Rows": 126321, "Plan Width": 59, "Inner Unique": false, "Join Filter": "(orders.o_orderkey = public.lineitem.l_orderkey), (LLVM Optimized)", "Plans": [{"Node Type": "Index Scan", "Parent Relationship": "Outer", "Scan Direction": "Forward", "Index Name": "idx_lineitem_orderkey", "Relation Name": "lineitem", "Alias": "lineitem", "Startup Cost": 10000000000.0, "Total Cost": 1000324015374.5, "Plan Rows": 59987033, "Plan Width": 16}, {"Node Type": "Materialize", "Parent Relationship": "Inner", "Startup Cost": 1020324315309.67, "Total Cost": 3008581216911.18, "Plan Rows": 13913, "Plan Width": 59, "Plans": [{"Node Type": "Nested Loop", "Parent Relationship": "Outer", "Join Type": "Inner", "Startup Cost": 1020324315309.67, "Total Cost": 3008581216841.62, "Plan Rows": 13913, "Plan Width": 59, "Inner Unique": true, "Join Filter": "(orders.o_custkey = customer.c_custkey)", "Plans": [{"Node Type": "Nested Loop", "Parent Relationship": "Outer", "Join Type": "Semi", "Startup Cost": 1010324315309.67, "Total Cost": 2007829871556.0, "Plan Rows": 33034, "Plan Width": 40, "Inner Unique": false, "Join Filter": "(orders.o_orderkey = public.lineitem.l_orderkey)", "Plans": [{"Node Type": "Index Scan", "Parent Relationship": "Outer", "Scan Direction": "Forward", "Index Name": "orders_pkey", "Relation Name": "orders", "Alias": "orders", "Startup Cost": 10000000000.0, "Total Cost": 1000073097843.5, "Plan Rows": 14999479, "Plan Width": 32}, {"Node Type": "Materialize", "Parent Relationship": "Inner", "Startup Cost": 1000324315309.67, "Total Cost": 1000324381955.79, "Plan Rows": 33034, "Plan Width": 8, "Plans": [{"Node Type": "Aggregate", "Strategy": "Hashed", "Parent Relationship": "Outer", "Startup Cost": 1000324315309.67, "Total Cost": 1000324381460.28, "Plan Rows": 33034, "Plan Width": 24, "Group By Key": ["public.lineitem.l_orderkey"], "Filter": "(sum(public.lineitem.l_quantity) > 314::double precision), (LLVM Optimized)", "Plans": [{"Node Type": "Index Scan", "Parent Relationship": "Outer", "Scan Direction": "Forward", "Index Name": "idx_lineitem_orderkey", "Relation Name": "lineitem", "Alias": "lineitem", "Startup Cost": 10000000000.0, "Total Cost": 1000324015374.5, "Plan Rows": 59987033, "Plan Width": 16}]}]}]}, {"Node Type": "Materialize", "Parent Relationship": "Inner", "Startup Cost": 10000000000.0, "Total Cost": 1000008084035.62, "Plan Rows": 1500000, "Plan Width": 27, "Plans": [{"Node Type": "Index Scan", "Parent Relationship": "Outer", "Scan Direction": "Forward", "Index Name": "customer_pkey", "Relation Name": "customer", "Alias": "customer", "Startup Cost": 10000000000.0, "Total Cost": 1000008076535.62, "Plan Rows": 1500000, "Plan Width": 27}]}]}]}]}]}]}]}, "Unique SQL Id": 1915754155, "Planner Runtime": 1}, "explain_analyze_plan": null}, "(64, '60')": {"explain_plan": {"Plan": {"Node Type": "Limit", "Startup Cost": 2649029.8, "Total Cost": 2649030.05, "Plan Rows": 100, "Plan Width": 67, "Plans": [{"Node Type": "Sort", "Parent Relationship": "Outer", "Startup Cost": 2649029.8, "Total Cost": 2649345.6, "Plan Rows": 100, "Plan Width": 67, "Sort Key": ["orders.o_totalprice DESC", "orders.o_orderdate"], "Plans": [{"Node Type": "Aggregate", "Strategy": "Hashed", "Parent Relationship": "Outer", "Startup Cost": 2642938.69, "Total Cost": 2644201.9, "Plan Rows": 126321, "Plan Width": 67, "Group By Key": ["orders.o_totalprice", "orders.o_orderdate", "customer.c_name", "customer.c_custkey", "orders.o_orderkey"], "Plans": [{"Node Type": "Nested Loop", "Parent Relationship": "Outer", "Join Type": "Inner", "Startup Cost": 2315050.5, "Total Cost": 2641043.88, "Plan Rows": 126321, "Plan Width": 59, "Inner Unique": false, "Plans": [{"Node Type": "Nested Loop", "Parent Relationship": "Outer", "Join Type": "Inner", "Startup Cost": 2315050.5, "Total Cost": 2627700.1, "Plan Rows": 13913, "Plan Width": 59, "Inner Unique": true, "Plans": [{"Node Type": "Nested Loop", "Parent Relationship": "Outer", "Join Type": "Inner", "Startup Cost": 2315050.5, "Total Cost": 2618076.97, "Plan Rows": 33034, "Plan Width": 40, "Inner Unique": true, "Plans": [{"Node Type": "Aggregate", "Strategy": "Hashed", "Parent Relationship": "Outer", "Startup Cost": 2315050.5, "Total Cost": 2381201.11, "Plan Rows": 33034, "Plan Width": 24, "Group By Key": ["public.lineitem.l_orderkey"], "Filter": "(sum(public.lineitem.l_quantity) > 314::double precision), (LLVM Optimized)", "Plans": [{"Node Type": "Seq Scan", "Parent Relationship": "Outer", "Relation Name": "lineitem", "Alias": "lineitem", "Startup Cost": 0.0, "Total Cost": 2015115.33, "Plan Rows": 59987033, "Plan Width": 16}]}, {"Node Type": "Index Scan", "Parent Relationship": "Inner", "Scan Direction": "Forward", "Index Name": "orders_pkey", "Relation Name": "orders", "Alias": "orders", "Startup Cost": 0.0, "Total Cost": 7.15, "Plan Rows": 1, "Plan Width": 32, "Index Cond": "(o_orderkey = public.lineitem.l_orderkey)"}]}, {"Node Type": "Index Scan", "Parent Relationship": "Inner", "Scan Direction": "Forward", "Index Name": "customer_pkey", "Relation Name": "customer", "Alias": "customer", "Startup Cost": 0.0, "Total Cost": 0.28, "Plan Rows": 1, "Plan Width": 27, "Index Cond": "(c_custkey = orders.o_custkey)"}]}, {"Node Type": "Index Scan", "Parent Relationship": "Inner", "Scan Direction": "Forward", "Index Name": "idx_lineitem_orderkey", "Relation Name": "lineitem", "Alias": "lineitem", "Startup Cost": 0.0, "Total Cost": 0.87, "Plan Rows": 9, "Plan Width": 16, "Index Cond": "(l_orderkey = orders.o_orderkey)"}]}]}]}]}, "Unique SQL Id": 1915754155, "Planner Runtime": 0}, "explain_analyze_plan": {"Plan": {"Node Type": "Limit", "Startup Cost": 2649029.8, "Total Cost": 2649030.05, "Plan Rows": 100, "Plan Width": 67, "Actual Startup Time": 54861.493, "Actual Total Time": 54861.508, "Actual Rows": 84, "Actual Loops": 1, "Plans": [{"Node Type": "Sort", "Parent Relationship": "Outer", "Startup Cost": 2649029.8, "Total Cost": 2649345.6, "Plan Rows": 100, "Plan Width": 67, "Actual Startup Time": 54861.49, "Actual Total Time": 54861.494, "Actual Rows": 84, "Actual Loops": 1, "Sort Key": ["orders.o_totalprice DESC", "orders.o_orderdate"], "Sort Method": "quicksort", "Sort Space Used": 38, "Sort Space Type": "Memory", "Plans": [{"Node Type": "Aggregate", "Strategy": "Hashed", "Parent Relationship": "Outer", "Startup Cost": 2642938.69, "Total Cost": 2644201.9, "Plan Rows": 126321, "Plan Width": 67, "Actual Startup Time": 54860.881, "Actual Total Time": 54861.367, "Actual Rows": 84, "Actual Loops": 1, "Group By Key": ["orders.o_totalprice", "orders.o_orderdate", "customer.c_name", "customer.c_custkey", "orders.o_orderkey"], "Plans": [{"Node Type": "Nested Loop", "Parent Relationship": "Outer", "Join Type": "Inner", "Startup Cost": 2315050.5, "Total Cost": 2641043.88, "Plan Rows": 126321, "Plan Width": 59, "Actual Startup Time": 49072.337, "Actual Total Time": 54858.992, "Actual Rows": 588, "Actual Loops": 1, "Inner Unique": false, "Plans": [{"Node Type": "Nested Loop", "Parent Relationship": "Outer", "Join Type": "Inner", "Startup Cost": 2315050.5, "Total Cost": 2627700.1, "Plan Rows": 13913, "Plan Width": 59, "Actual Startup Time": 49072.315, "Actual Total Time": 54856.844, "Actual Rows": 84, "Actual Loops": 1, "Inner Unique": true, "Plans": [{"Node Type": "Nested Loop", "Parent Relationship": "Outer", "Join Type": "Inner", "Startup Cost": 2315050.5, "Total Cost": 2618076.97, "Plan Rows": 33034, "Plan Width": 40, "Actual Startup Time": 49072.296, "Actual Total Time": 54855.643, "Actual Rows": 84, "Actual Loops": 1, "Inner Unique": true, "Plans": [{"Node Type": "Aggregate", "Strategy": "Hashed", "Parent Relationship": "Outer", "Startup Cost": 2315050.5, "Total Cost": 2381201.11, "Plan Rows": 33034, "Plan Width": 24, "Actual Startup Time": 49072.224, "Actual Total Time": 54835.622, "Actual Rows": 84, "Actual Loops": 1, "Group By Key": ["public.lineitem.l_orderkey"], "Filter": "(sum(public.lineitem.l_quantity) > 314::double precision), (LLVM Optimized, Jit Execute)", "Rows Removed by Filter": 14999916, "Plans": [{"Node Type": "Seq Scan", "Parent Relationship": "Outer", "Relation Name": "lineitem", "Alias": "lineitem", "Startup Cost": 0.0, "Total Cost": 2015115.33, "Plan Rows": 59987033, "Plan Width": 16, "Actual Startup Time": 0.051, "Actual Total Time": 20660.278, "Actual Rows": 59986052, "Actual Loops": 1}]}, {"Node Type": "Index Scan", "Parent Relationship": "Inner", "Scan Direction": "Forward", "Index Name": "orders_pkey", "Relation Name": "orders", "Alias": "orders", "Startup Cost": 0.0, "Total Cost": 7.15, "Plan Rows": 1, "Plan Width": 32, "Actual Startup Time": 2.649, "Actual Total Time": 2.649, "Actual Rows": 84, "Actual Loops": 84, "Index Cond": "(o_orderkey = public.lineitem.l_orderkey)", "Rows Removed by Index Recheck": 0}]}, {"Node Type": "Index Scan", "Parent Relationship": "Inner", "Scan Direction": "Forward", "Index Name": "customer_pkey", "Relation Name": "customer", "Alias": "customer", "Startup Cost": 0.0, "Total Cost": 0.28, "Plan Rows": 1, "Plan Width": 27, "Actual Startup Time": 0.851, "Actual Total Time": 0.851, "Actual Rows": 84, "Actual Loops": 84, "Index Cond": "(c_custkey = orders.o_custkey)", "Rows Removed by Index Recheck": 0}]}, {"Node Type": "Index Scan", "Parent Relationship": "Inner", "Scan Direction": "Forward", "Index Name": "idx_lineitem_orderkey", "Relation Name": "lineitem", "Alias": "lineitem", "Startup Cost": 0.0, "Total Cost": 0.87, "Plan Rows": 9, "Plan Width": 16, "Actual Startup Time": 1.215, "Actual Total Time": 1.721, "Actual Rows": 588, "Actual Loops": 84, "Index Cond": "(l_orderkey = orders.o_orderkey)", "Rows Removed by Index Recheck": 0}]}]}]}]}, "Triggers": [], "Planner Runtime": 2.136, "Total Runtime": 54871.674, "Unique SQL Id": 1915754155}}, "(64, '61')": {"explain_plan": {"Plan": {"Node Type": "Limit", "Startup Cost": 3874068.21, "Total Cost": 3874068.46, "Plan Rows": 100, "Plan Width": 67, "Plans": [{"Node Type": "Sort", "Parent Relationship": "Outer", "Startup Cost": 3874068.21, "Total Cost": 3874384.02, "Plan Rows": 100, "Plan Width": 67, "Sort Key": ["orders.o_totalprice DESC", "orders.o_orderdate"], "Plans": [{"Node Type": "Aggregate", "Strategy": "Hashed", "Parent Relationship": "Outer", "Startup Cost": 3867977.11, "Total Cost": 3869240.32, "Plan Rows": 126321, "Plan Width": 67, "Group By Key": ["orders.o_totalprice", "orders.o_orderdate", "customer.c_name", "customer.c_custkey", "orders.o_orderkey"], "Plans": [{"Node Type": "Nested Loop", "Parent Relationship": "Outer", "Join Type": "Inner", "Startup Cost": 3540088.91, "Total Cost": 3866082.29, "Plan Rows": 126321, "Plan Width": 59, "Inner Unique": false, "Plans": [{"Node Type": "Nested Loop", "Parent Relationship": "Outer", "Join Type": "Inner", "Startup Cost": 3540088.91, "Total Cost": 3852738.51, "Plan Rows": 13913, "Plan Width": 59, "Inner Unique": true, "Plans": [{"Node Type": "Nested Loop", "Parent Relationship": "Outer", "Join Type": "Inner", "Startup Cost": 3540088.91, "Total Cost": 3843115.38, "Plan Rows": 33034, "Plan Width": 40, "Inner Unique": true, "Plans": [{"Node Type": "Aggregate", "Strategy": "Hashed", "Parent Relationship": "Outer", "Startup Cost": 3540088.91, "Total Cost": 3606239.52, "Plan Rows": 33034, "Plan Width": 24, "Group By Key": ["public.lineitem.l_orderkey"], "Filter": "(sum(public.lineitem.l_quantity) > 314::double precision), (LLVM Optimized)", "Plans": [{"Node Type": "Index Scan", "Parent Relationship": "Outer", "Scan Direction": "Forward", "Index Name": "idx_lineitem_orderkey", "Relation Name": "lineitem", "Alias": "lineitem", "Startup Cost": 0.0, "Total Cost": 3240153.75, "Plan Rows": 59987033, "Plan Width": 16}]}, {"Node Type": "Index Scan", "Parent Relationship": "Inner", "Scan Direction": "Forward", "Index Name": "orders_pkey", "Relation Name": "orders", "Alias": "orders", "Startup Cost": 0.0, "Total Cost": 7.15, "Plan Rows": 1, "Plan Width": 32, "Index Cond": "(o_orderkey = public.lineitem.l_orderkey)"}]}, {"Node Type": "Index Scan", "Parent Relationship": "Inner", "Scan Direction": "Forward", "Index Name": "customer_pkey", "Relation Name": "customer", "Alias": "customer", "Startup Cost": 0.0, "Total Cost": 0.28, "Plan Rows": 1, "Plan Width": 27, "Index Cond": "(c_custkey = orders.o_custkey)"}]}, {"Node Type": "Index Scan", "Parent Relationship": "Inner", "Scan Direction": "Forward", "Index Name": "idx_lineitem_orderkey", "Relation Name": "lineitem", "Alias": "lineitem", "Startup Cost": 0.0, "Total Cost": 0.87, "Plan Rows": 9, "Plan Width": 16, "Index Cond": "(l_orderkey = orders.o_orderkey)"}]}]}]}]}, "Unique SQL Id": 1915754155, "Planner Runtime": 0}, "explain_analyze_plan": {"Plan": {"Node Type": "Limit", "Startup Cost": 3874068.21, "Total Cost": 3874068.46, "Plan Rows": 100, "Plan Width": 67, "Actual Startup Time": 78667.563, "Actual Total Time": 78667.58, "Actual Rows": 84, "Actual Loops": 1, "Plans": [{"Node Type": "Sort", "Parent Relationship": "Outer", "Startup Cost": 3874068.21, "Total Cost": 3874384.02, "Plan Rows": 100, "Plan Width": 67, "Actual Startup Time": 78667.561, "Actual Total Time": 78667.57, "Actual Rows": 84, "Actual Loops": 1, "Sort Key": ["orders.o_totalprice DESC", "orders.o_orderdate"], "Sort Method": "quicksort", "Sort Space Used": 38, "Sort Space Type": "Memory", "Plans": [{"Node Type": "Aggregate", "Strategy": "Hashed", "Parent Relationship": "Outer", "Startup Cost": 3867977.11, "Total Cost": 3869240.32, "Plan Rows": 126321, "Plan Width": 67, "Actual Startup Time": 78666.912, "Actual Total Time": 78667.456, "Actual Rows": 84, "Actual Loops": 1, "Group By Key": ["orders.o_totalprice", "orders.o_orderdate", "customer.c_name", "customer.c_custkey", "orders.o_orderkey"], "Plans": [{"Node Type": "Nested Loop", "Parent Relationship": "Outer", "Join Type": "Inner", "Startup Cost": 3540088.91, "Total Cost": 3866082.29, "Plan Rows": 126321, "Plan Width": 59, "Actual Startup Time": 71346.529, "Actual Total Time": 78665.231, "Actual Rows": 588, "Actual Loops": 1, "Inner Unique": false, "Plans": [{"Node Type": "Nested Loop", "Parent Relationship": "Outer", "Join Type": "Inner", "Startup Cost": 3540088.91, "Total Cost": 3852738.51, "Plan Rows": 13913, "Plan Width": 59, "Actual Startup Time": 71346.496, "Actual Total Time": 78662.632, "Actual Rows": 84, "Actual Loops": 1, "Inner Unique": true, "Plans": [{"Node Type": "Nested Loop", "Parent Relationship": "Outer", "Join Type": "Inner", "Startup Cost": 3540088.91, "Total Cost": 3843115.38, "Plan Rows": 33034, "Plan Width": 40, "Actual Startup Time": 71346.464, "Actual Total Time": 78660.834, "Actual Rows": 84, "Actual Loops": 1, "Inner Unique": true, "Plans": [{"Node Type": "Aggregate", "Strategy": "Hashed", "Parent Relationship": "Outer", "Startup Cost": 3540088.91, "Total Cost": 3606239.52, "Plan Rows": 33034, "Plan Width": 24, "Actual Startup Time": 71346.402, "Actual Total Time": 78640.855, "Actual Rows": 84, "Actual Loops": 1, "Group By Key": ["public.lineitem.l_orderkey"], "Filter": "(sum(public.lineitem.l_quantity) > 314::double precision), (LLVM Optimized, Jit Execute)", "Rows Removed by Filter": 14999916, "Plans": [{"Node Type": "Index Scan", "Parent Relationship": "Outer", "Scan Direction": "Forward", "Index Name": "idx_lineitem_orderkey", "Relation Name": "lineitem", "Alias": "lineitem", "Startup Cost": 0.0, "Total Cost": 3240153.75, "Plan Rows": 59987033, "Plan Width": 16, "Actual Startup Time": 0.07, "Actual Total Time": 42499.927, "Actual Rows": 59986052, "Actual Loops": 1}]}, {"Node Type": "Index Scan", "Parent Relationship": "Inner", "Scan Direction": "Forward", "Index Name": "orders_pkey", "Relation Name": "orders", "Alias": "orders", "Startup Cost": 0.0, "Total Cost": 7.15, "Plan Rows": 1, "Plan Width": 32, "Actual Startup Time": 2.739, "Actual Total Time": 2.739, "Actual Rows": 84, "Actual Loops": 84, "Index Cond": "(o_orderkey = public.lineitem.l_orderkey)", "Rows Removed by Index Recheck": 0}]}, {"Node Type": "Index Scan", "Parent Relationship": "Inner", "Scan Direction": "Forward", "Index Name": "customer_pkey", "Relation Name": "customer", "Alias": "customer", "Startup Cost": 0.0, "Total Cost": 0.28, "Plan Rows": 1, "Plan Width": 27, "Actual Startup Time": 1.301, "Actual Total Time": 1.301, "Actual Rows": 84, "Actual Loops": 84, "Index Cond": "(c_custkey = orders.o_custkey)", "Rows Removed by Index Recheck": 0}]}, {"Node Type": "Index Scan", "Parent Relationship": "Inner", "Scan Direction": "Forward", "Index Name": "idx_lineitem_orderkey", "Relation Name": "lineitem", "Alias": "lineitem", "Startup Cost": 0.0, "Total Cost": 0.87, "Plan Rows": 9, "Plan Width": 16, "Actual Startup Time": 1.627, "Actual Total Time": 2.06, "Actual Rows": 588, "Actual Loops": 84, "Index Cond": "(l_orderkey = orders.o_orderkey)", "Rows Removed by Index Recheck": 0}]}]}]}]}, "Triggers": [], "Planner Runtime": 2.114, "Total Runtime": 78676.91, "Unique SQL Id": 1915754155}}, "(64, '62')": {"explain_plan": {"Plan": {"Node Type": "Limit", "Startup Cost": 20699534063.67, "Total Cost": 20699534063.92, "Plan Rows": 100, "Plan Width": 67, "Plans": [{"Node Type": "Sort", "Parent Relationship": "Outer", "Startup Cost": 20699534063.67, "Total Cost": 20699534379.47, "Plan Rows": 100, "Plan Width": 67, "Sort Key": ["orders.o_totalprice DESC", "orders.o_orderdate"], "Plans": [{"Node Type": "Aggregate", "Strategy": "Hashed", "Parent Relationship": "Outer", "Startup Cost": 20699527972.56, "Total Cost": 20699529235.77, "Plan Rows": 126321, "Plan Width": 67, "Group By Key": ["orders.o_totalprice", "orders.o_orderdate", "customer.c_name", "customer.c_custkey", "orders.o_orderkey"], "Plans": [{"Node Type": "Nested Loop", "Parent Relationship": "Outer", "Join Type": "Inner", "Startup Cost": 2315050.5, "Total Cost": 20699526077.75, "Plan Rows": 126321, "Plan Width": 59, "Inner Unique": false, "Join Filter": "(orders.o_orderkey = public.lineitem.l_orderkey), (LLVM Optimized)", "Plans": [{"Node Type": "Seq Scan", "Parent Relationship": "Outer", "Relation Name": "lineitem", "Alias": "lineitem", "Startup Cost": 0.0, "Total Cost": 2015115.33, "Plan Rows": 59987033, "Plan Width": 16}, {"Node Type": "Materialize", "Parent Relationship": "Inner", "Startup Cost": 2315050.5, "Total Cost": 8178517145.27, "Plan Rows": 13913, "Plan Width": 59, "Plans": [{"Node Type": "Nested Loop", "Parent Relationship": "Outer", "Join Type": "Inner", "Startup Cost": 2315050.5, "Total Cost": 8178517075.7, "Plan Rows": 13913, "Plan Width": 59, "Inner Unique": false, "Join Filter": "(orders.o_custkey = customer.c_custkey)", "Plans": [{"Node Type": "Seq Scan", "Parent Relationship": "Outer", "Relation Name": "customer", "Alias": "customer", "Startup Cost": 0.0, "Total Cost": 52126.0, "Plan Rows": 1500000, "Plan Width": 27}, {"Node Type": "Materialize", "Parent Relationship": "Inner", "Startup Cost": 2315050.5, "Total Cost": 7435200032.29, "Plan Rows": 33034, "Plan Width": 40, "Plans": [{"Node Type": "Nested Loop", "Parent Relationship": "Outer", "Join Type": "Semi", "Startup Cost": 2315050.5, "Total Cost": 7435199867.12, "Plan Rows": 33034, "Plan Width": 40, "Inner Unique": false, "Join Filter": "(orders.o_orderkey = public.lineitem.l_orderkey)", "Plans": [{"Node Type": "Seq Scan", "Parent Relationship": "Outer", "Relation Name": "orders", "Alias": "orders", "Startup Cost": 0.0, "Total Cost": 426413.79, "Plan Rows": 14999479, "Plan Width": 32}, {"Node Type": "Materialize", "Parent Relationship": "Inner", "Startup Cost": 2315050.5, "Total Cost": 2381696.62, "Plan Rows": 33034, "Plan Width": 8, "Plans": [{"Node Type": "Aggregate", "Strategy": "Hashed", "Parent Relationship": "Outer", "Startup Cost": 2315050.5, "Total Cost": 2381201.11, "Plan Rows": 33034, "Plan Width": 24, "Group By Key": ["public.lineitem.l_orderkey"], "Filter": "(sum(public.lineitem.l_quantity) > 314::double precision), (LLVM Optimized)", "Plans": [{"Node Type": "Seq Scan", "Parent Relationship": "Outer", "Relation Name": "lineitem", "Alias": "lineitem", "Startup Cost": 0.0, "Total Cost": 2015115.33, "Plan Rows": 59987033, "Plan Width": 16}]}]}]}]}]}]}]}]}]}]}, "Unique SQL Id": 1915754155, "Planner Runtime": 0}, "explain_analyze_plan": null}, "(64, '63')": {"explain_plan": {"Plan": {"Node Type": "Limit", "Startup Cost": 4021424234088.76, "Total Cost": 4021424234089.01, "Plan Rows": 100, "Plan Width": 67, "Plans": [{"Node Type": "Sort", "Parent Relationship": "Outer", "Startup Cost": 4021424234088.76, "Total Cost": 4021424234404.56, "Plan Rows": 100, "Plan Width": 67, "Sort Key": ["orders.o_totalprice DESC", "orders.o_orderdate"], "Plans": [{"Node Type": "Aggregate", "Strategy": "Hashed", "Parent Relationship": "Outer", "Startup Cost": 4021424227997.65, "Total Cost": 4021424229260.86, "Plan Rows": 126321, "Plan Width": 67, "Group By Key": ["orders.o_totalprice", "orders.o_orderdate", "customer.c_name", "customer.c_custkey", "orders.o_orderkey"], "Plans": [{"Node Type": "Nested Loop", "Parent Relationship": "Outer", "Join Type": "Inner", "Startup Cost": 1030324315309.67, "Total Cost": 4021424226102.83, "Plan Rows": 126321, "Plan Width": 59, "Inner Unique": false, "Join Filter": "(orders.o_orderkey = public.lineitem.l_orderkey), (LLVM Optimized)", "Plans": [{"Node Type": "Index Scan", "Parent Relationship": "Outer", "Scan Direction": "Forward", "Index Name": "idx_lineitem_orderkey", "Relation Name": "lineitem", "Alias": "lineitem", "Startup Cost": 10000000000.0, "Total Cost": 1000324015374.5, "Plan Rows": 59987033, "Plan Width": 16}, {"Node Type": "Materialize", "Parent Relationship": "Inner", "Startup Cost": 1020324315309.67, "Total Cost": 3008581216911.18, "Plan Rows": 13913, "Plan Width": 59, "Plans": [{"Node Type": "Nested Loop", "Parent Relationship": "Outer", "Join Type": "Inner", "Startup Cost": 1020324315309.67, "Total Cost": 3008581216841.62, "Plan Rows": 13913, "Plan Width": 59, "Inner Unique": true, "Join Filter": "(orders.o_custkey = customer.c_custkey)", "Plans": [{"Node Type": "Nested Loop", "Parent Relationship": "Outer", "Join Type": "Semi", "Startup Cost": 1010324315309.67, "Total Cost": 2007829871556.0, "Plan Rows": 33034, "Plan Width": 40, "Inner Unique": false, "Join Filter": "(orders.o_orderkey = public.lineitem.l_orderkey)", "Plans": [{"Node Type": "Index Scan", "Parent Relationship": "Outer", "Scan Direction": "Forward", "Index Name": "orders_pkey", "Relation Name": "orders", "Alias": "orders", "Startup Cost": 10000000000.0, "Total Cost": 1000073097843.5, "Plan Rows": 14999479, "Plan Width": 32}, {"Node Type": "Materialize", "Parent Relationship": "Inner", "Startup Cost": 1000324315309.67, "Total Cost": 1000324381955.79, "Plan Rows": 33034, "Plan Width": 8, "Plans": [{"Node Type": "Aggregate", "Strategy": "Hashed", "Parent Relationship": "Outer", "Startup Cost": 1000324315309.67, "Total Cost": 1000324381460.28, "Plan Rows": 33034, "Plan Width": 24, "Group By Key": ["public.lineitem.l_orderkey"], "Filter": "(sum(public.lineitem.l_quantity) > 314::double precision), (LLVM Optimized)", "Plans": [{"Node Type": "Index Scan", "Parent Relationship": "Outer", "Scan Direction": "Forward", "Index Name": "idx_lineitem_orderkey", "Relation Name": "lineitem", "Alias": "lineitem", "Startup Cost": 10000000000.0, "Total Cost": 1000324015374.5, "Plan Rows": 59987033, "Plan Width": 16}]}]}]}, {"Node Type": "Materialize", "Parent Relationship": "Inner", "Startup Cost": 10000000000.0, "Total Cost": 1000008084035.62, "Plan Rows": 1500000, "Plan Width": 27, "Plans": [{"Node Type": "Index Scan", "Parent Relationship": "Outer", "Scan Direction": "Forward", "Index Name": "customer_pkey", "Relation Name": "customer", "Alias": "customer", "Startup Cost": 10000000000.0, "Total Cost": 1000008076535.62, "Plan Rows": 1500000, "Plan Width": 27}]}]}]}]}]}]}]}, "Unique SQL Id": 1915754155, "Planner Runtime": 0}, "explain_analyze_plan": null}, "(64, '64')": {"explain_plan": {"Plan": {"Node Type": "Limit", "Startup Cost": 2649029.8, "Total Cost": 2649030.05, "Plan Rows": 100, "Plan Width": 67, "Plans": [{"Node Type": "Sort", "Parent Relationship": "Outer", "Startup Cost": 2649029.8, "Total Cost": 2649345.6, "Plan Rows": 100, "Plan Width": 67, "Sort Key": ["orders.o_totalprice DESC", "orders.o_orderdate"], "Plans": [{"Node Type": "Aggregate", "Strategy": "Hashed", "Parent Relationship": "Outer", "Startup Cost": 2642938.69, "Total Cost": 2644201.9, "Plan Rows": 126321, "Plan Width": 67, "Group By Key": ["orders.o_totalprice", "orders.o_orderdate", "customer.c_name", "customer.c_custkey", "orders.o_orderkey"], "Plans": [{"Node Type": "Nested Loop", "Parent Relationship": "Outer", "Join Type": "Inner", "Startup Cost": 2315050.5, "Total Cost": 2641043.88, "Plan Rows": 126321, "Plan Width": 59, "Inner Unique": false, "Plans": [{"Node Type": "Nested Loop", "Parent Relationship": "Outer", "Join Type": "Inner", "Startup Cost": 2315050.5, "Total Cost": 2627700.1, "Plan Rows": 13913, "Plan Width": 59, "Inner Unique": true, "Plans": [{"Node Type": "Nested Loop", "Parent Relationship": "Outer", "Join Type": "Inner", "Startup Cost": 2315050.5, "Total Cost": 2618076.97, "Plan Rows": 33034, "Plan Width": 40, "Inner Unique": true, "Plans": [{"Node Type": "Aggregate", "Strategy": "Hashed", "Parent Relationship": "Outer", "Startup Cost": 2315050.5, "Total Cost": 2381201.11, "Plan Rows": 33034, "Plan Width": 24, "Group By Key": ["public.lineitem.l_orderkey"], "Filter": "(sum(public.lineitem.l_quantity) > 314::double precision), (LLVM Optimized)", "Plans": [{"Node Type": "Seq Scan", "Parent Relationship": "Outer", "Relation Name": "lineitem", "Alias": "lineitem", "Startup Cost": 0.0, "Total Cost": 2015115.33, "Plan Rows": 59987033, "Plan Width": 16}]}, {"Node Type": "Index Scan", "Parent Relationship": "Inner", "Scan Direction": "Forward", "Index Name": "orders_pkey", "Relation Name": "orders", "Alias": "orders", "Startup Cost": 0.0, "Total Cost": 7.15, "Plan Rows": 1, "Plan Width": 32, "Index Cond": "(o_orderkey = public.lineitem.l_orderkey)"}]}, {"Node Type": "Index Scan", "Parent Relationship": "Inner", "Scan Direction": "Forward", "Index Name": "customer_pkey", "Relation Name": "customer", "Alias": "customer", "Startup Cost": 0.0, "Total Cost": 0.28, "Plan Rows": 1, "Plan Width": 27, "Index Cond": "(c_custkey = orders.o_custkey)"}]}, {"Node Type": "Index Scan", "Parent Relationship": "Inner", "Scan Direction": "Forward", "Index Name": "idx_lineitem_orderkey", "Relation Name": "lineitem", "Alias": "lineitem", "Startup Cost": 0.0, "Total Cost": 0.87, "Plan Rows": 9, "Plan Width": 16, "Index Cond": "(l_orderkey = orders.o_orderkey)"}]}]}]}]}, "Unique SQL Id": 1915754155, "Planner Runtime": 2}, "explain_analyze_plan": {"Plan": {"Node Type": "Limit", "Startup Cost": 2649029.8, "Total Cost": 2649030.05, "Plan Rows": 100, "Plan Width": 67, "Actual Startup Time": 54861.493, "Actual Total Time": 54861.508, "Actual Rows": 84, "Actual Loops": 1, "Plans": [{"Node Type": "Sort", "Parent Relationship": "Outer", "Startup Cost": 2649029.8, "Total Cost": 2649345.6, "Plan Rows": 100, "Plan Width": 67, "Actual Startup Time": 54861.49, "Actual Total Time": 54861.494, "Actual Rows": 84, "Actual Loops": 1, "Sort Key": ["orders.o_totalprice DESC", "orders.o_orderdate"], "Sort Method": "quicksort", "Sort Space Used": 38, "Sort Space Type": "Memory", "Plans": [{"Node Type": "Aggregate", "Strategy": "Hashed", "Parent Relationship": "Outer", "Startup Cost": 2642938.69, "Total Cost": 2644201.9, "Plan Rows": 126321, "Plan Width": 67, "Actual Startup Time": 54860.881, "Actual Total Time": 54861.367, "Actual Rows": 84, "Actual Loops": 1, "Group By Key": ["orders.o_totalprice", "orders.o_orderdate", "customer.c_name", "customer.c_custkey", "orders.o_orderkey"], "Plans": [{"Node Type": "Nested Loop", "Parent Relationship": "Outer", "Join Type": "Inner", "Startup Cost": 2315050.5, "Total Cost": 2641043.88, "Plan Rows": 126321, "Plan Width": 59, "Actual Startup Time": 49072.337, "Actual Total Time": 54858.992, "Actual Rows": 588, "Actual Loops": 1, "Inner Unique": false, "Plans": [{"Node Type": "Nested Loop", "Parent Relationship": "Outer", "Join Type": "Inner", "Startup Cost": 2315050.5, "Total Cost": 2627700.1, "Plan Rows": 13913, "Plan Width": 59, "Actual Startup Time": 49072.315, "Actual Total Time": 54856.844, "Actual Rows": 84, "Actual Loops": 1, "Inner Unique": true, "Plans": [{"Node Type": "Nested Loop", "Parent Relationship": "Outer", "Join Type": "Inner", "Startup Cost": 2315050.5, "Total Cost": 2618076.97, "Plan Rows": 33034, "Plan Width": 40, "Actual Startup Time": 49072.296, "Actual Total Time": 54855.643, "Actual Rows": 84, "Actual Loops": 1, "Inner Unique": true, "Plans": [{"Node Type": "Aggregate", "Strategy": "Hashed", "Parent Relationship": "Outer", "Startup Cost": 2315050.5, "Total Cost": 2381201.11, "Plan Rows": 33034, "Plan Width": 24, "Actual Startup Time": 49072.224, "Actual Total Time": 54835.622, "Actual Rows": 84, "Actual Loops": 1, "Group By Key": ["public.lineitem.l_orderkey"], "Filter": "(sum(public.lineitem.l_quantity) > 314::double precision), (LLVM Optimized, Jit Execute)", "Rows Removed by Filter": 14999916, "Plans": [{"Node Type": "Seq Scan", "Parent Relationship": "Outer", "Relation Name": "lineitem", "Alias": "lineitem", "Startup Cost": 0.0, "Total Cost": 2015115.33, "Plan Rows": 59987033, "Plan Width": 16, "Actual Startup Time": 0.051, "Actual Total Time": 20660.278, "Actual Rows": 59986052, "Actual Loops": 1}]}, {"Node Type": "Index Scan", "Parent Relationship": "Inner", "Scan Direction": "Forward", "Index Name": "orders_pkey", "Relation Name": "orders", "Alias": "orders", "Startup Cost": 0.0, "Total Cost": 7.15, "Plan Rows": 1, "Plan Width": 32, "Actual Startup Time": 2.649, "Actual Total Time": 2.649, "Actual Rows": 84, "Actual Loops": 84, "Index Cond": "(o_orderkey = public.lineitem.l_orderkey)", "Rows Removed by Index Recheck": 0}]}, {"Node Type": "Index Scan", "Parent Relationship": "Inner", "Scan Direction": "Forward", "Index Name": "customer_pkey", "Relation Name": "customer", "Alias": "customer", "Startup Cost": 0.0, "Total Cost": 0.28, "Plan Rows": 1, "Plan Width": 27, "Actual Startup Time": 0.851, "Actual Total Time": 0.851, "Actual Rows": 84, "Actual Loops": 84, "Index Cond": "(c_custkey = orders.o_custkey)", "Rows Removed by Index Recheck": 0}]}, {"Node Type": "Index Scan", "Parent Relationship": "Inner", "Scan Direction": "Forward", "Index Name": "idx_lineitem_orderkey", "Relation Name": "lineitem", "Alias": "lineitem", "Startup Cost": 0.0, "Total Cost": 0.87, "Plan Rows": 9, "Plan Width": 16, "Actual Startup Time": 1.215, "Actual Total Time": 1.721, "Actual Rows": 588, "Actual Loops": 84, "Index Cond": "(l_orderkey = orders.o_orderkey)", "Rows Removed by Index Recheck": 0}]}]}]}]}, "Triggers": [], "Planner Runtime": 2.136, "Total Runtime": 54871.674, "Unique SQL Id": 1915754155}}, "(64, '65')": {"explain_plan": {"Plan": {"Node Type": "Limit", "Startup Cost": 3874068.21, "Total Cost": 3874068.46, "Plan Rows": 100, "Plan Width": 67, "Plans": [{"Node Type": "Sort", "Parent Relationship": "Outer", "Startup Cost": 3874068.21, "Total Cost": 3874384.02, "Plan Rows": 100, "Plan Width": 67, "Sort Key": ["orders.o_totalprice DESC", "orders.o_orderdate"], "Plans": [{"Node Type": "Aggregate", "Strategy": "Hashed", "Parent Relationship": "Outer", "Startup Cost": 3867977.11, "Total Cost": 3869240.32, "Plan Rows": 126321, "Plan Width": 67, "Group By Key": ["orders.o_totalprice", "orders.o_orderdate", "customer.c_name", "customer.c_custkey", "orders.o_orderkey"], "Plans": [{"Node Type": "Nested Loop", "Parent Relationship": "Outer", "Join Type": "Inner", "Startup Cost": 3540088.91, "Total Cost": 3866082.29, "Plan Rows": 126321, "Plan Width": 59, "Inner Unique": false, "Plans": [{"Node Type": "Nested Loop", "Parent Relationship": "Outer", "Join Type": "Inner", "Startup Cost": 3540088.91, "Total Cost": 3852738.51, "Plan Rows": 13913, "Plan Width": 59, "Inner Unique": true, "Plans": [{"Node Type": "Nested Loop", "Parent Relationship": "Outer", "Join Type": "Inner", "Startup Cost": 3540088.91, "Total Cost": 3843115.38, "Plan Rows": 33034, "Plan Width": 40, "Inner Unique": true, "Plans": [{"Node Type": "Aggregate", "Strategy": "Hashed", "Parent Relationship": "Outer", "Startup Cost": 3540088.91, "Total Cost": 3606239.52, "Plan Rows": 33034, "Plan Width": 24, "Group By Key": ["public.lineitem.l_orderkey"], "Filter": "(sum(public.lineitem.l_quantity) > 314::double precision), (LLVM Optimized)", "Plans": [{"Node Type": "Index Scan", "Parent Relationship": "Outer", "Scan Direction": "Forward", "Index Name": "idx_lineitem_orderkey", "Relation Name": "lineitem", "Alias": "lineitem", "Startup Cost": 0.0, "Total Cost": 3240153.75, "Plan Rows": 59987033, "Plan Width": 16}]}, {"Node Type": "Index Scan", "Parent Relationship": "Inner", "Scan Direction": "Forward", "Index Name": "orders_pkey", "Relation Name": "orders", "Alias": "orders", "Startup Cost": 0.0, "Total Cost": 7.15, "Plan Rows": 1, "Plan Width": 32, "Index Cond": "(o_orderkey = public.lineitem.l_orderkey)"}]}, {"Node Type": "Index Scan", "Parent Relationship": "Inner", "Scan Direction": "Forward", "Index Name": "customer_pkey", "Relation Name": "customer", "Alias": "customer", "Startup Cost": 0.0, "Total Cost": 0.28, "Plan Rows": 1, "Plan Width": 27, "Index Cond": "(c_custkey = orders.o_custkey)"}]}, {"Node Type": "Index Scan", "Parent Relationship": "Inner", "Scan Direction": "Forward", "Index Name": "idx_lineitem_orderkey", "Relation Name": "lineitem", "Alias": "lineitem", "Startup Cost": 0.0, "Total Cost": 0.87, "Plan Rows": 9, "Plan Width": 16, "Index Cond": "(l_orderkey = orders.o_orderkey)"}]}]}]}]}, "Unique SQL Id": 1915754155, "Planner Runtime": 2}, "explain_analyze_plan": {"Plan": {"Node Type": "Limit", "Startup Cost": 3874068.21, "Total Cost": 3874068.46, "Plan Rows": 100, "Plan Width": 67, "Actual Startup Time": 78667.563, "Actual Total Time": 78667.58, "Actual Rows": 84, "Actual Loops": 1, "Plans": [{"Node Type": "Sort", "Parent Relationship": "Outer", "Startup Cost": 3874068.21, "Total Cost": 3874384.02, "Plan Rows": 100, "Plan Width": 67, "Actual Startup Time": 78667.561, "Actual Total Time": 78667.57, "Actual Rows": 84, "Actual Loops": 1, "Sort Key": ["orders.o_totalprice DESC", "orders.o_orderdate"], "Sort Method": "quicksort", "Sort Space Used": 38, "Sort Space Type": "Memory", "Plans": [{"Node Type": "Aggregate", "Strategy": "Hashed", "Parent Relationship": "Outer", "Startup Cost": 3867977.11, "Total Cost": 3869240.32, "Plan Rows": 126321, "Plan Width": 67, "Actual Startup Time": 78666.912, "Actual Total Time": 78667.456, "Actual Rows": 84, "Actual Loops": 1, "Group By Key": ["orders.o_totalprice", "orders.o_orderdate", "customer.c_name", "customer.c_custkey", "orders.o_orderkey"], "Plans": [{"Node Type": "Nested Loop", "Parent Relationship": "Outer", "Join Type": "Inner", "Startup Cost": 3540088.91, "Total Cost": 3866082.29, "Plan Rows": 126321, "Plan Width": 59, "Actual Startup Time": 71346.529, "Actual Total Time": 78665.231, "Actual Rows": 588, "Actual Loops": 1, "Inner Unique": false, "Plans": [{"Node Type": "Nested Loop", "Parent Relationship": "Outer", "Join Type": "Inner", "Startup Cost": 3540088.91, "Total Cost": 3852738.51, "Plan Rows": 13913, "Plan Width": 59, "Actual Startup Time": 71346.496, "Actual Total Time": 78662.632, "Actual Rows": 84, "Actual Loops": 1, "Inner Unique": true, "Plans": [{"Node Type": "Nested Loop", "Parent Relationship": "Outer", "Join Type": "Inner", "Startup Cost": 3540088.91, "Total Cost": 3843115.38, "Plan Rows": 33034, "Plan Width": 40, "Actual Startup Time": 71346.464, "Actual Total Time": 78660.834, "Actual Rows": 84, "Actual Loops": 1, "Inner Unique": true, "Plans": [{"Node Type": "Aggregate", "Strategy": "Hashed", "Parent Relationship": "Outer", "Startup Cost": 3540088.91, "Total Cost": 3606239.52, "Plan Rows": 33034, "Plan Width": 24, "Actual Startup Time": 71346.402, "Actual Total Time": 78640.855, "Actual Rows": 84, "Actual Loops": 1, "Group By Key": ["public.lineitem.l_orderkey"], "Filter": "(sum(public.lineitem.l_quantity) > 314::double precision), (LLVM Optimized, Jit Execute)", "Rows Removed by Filter": 14999916, "Plans": [{"Node Type": "Index Scan", "Parent Relationship": "Outer", "Scan Direction": "Forward", "Index Name": "idx_lineitem_orderkey", "Relation Name": "lineitem", "Alias": "lineitem", "Startup Cost": 0.0, "Total Cost": 3240153.75, "Plan Rows": 59987033, "Plan Width": 16, "Actual Startup Time": 0.07, "Actual Total Time": 42499.927, "Actual Rows": 59986052, "Actual Loops": 1}]}, {"Node Type": "Index Scan", "Parent Relationship": "Inner", "Scan Direction": "Forward", "Index Name": "orders_pkey", "Relation Name": "orders", "Alias": "orders", "Startup Cost": 0.0, "Total Cost": 7.15, "Plan Rows": 1, "Plan Width": 32, "Actual Startup Time": 2.739, "Actual Total Time": 2.739, "Actual Rows": 84, "Actual Loops": 84, "Index Cond": "(o_orderkey = public.lineitem.l_orderkey)", "Rows Removed by Index Recheck": 0}]}, {"Node Type": "Index Scan", "Parent Relationship": "Inner", "Scan Direction": "Forward", "Index Name": "customer_pkey", "Relation Name": "customer", "Alias": "customer", "Startup Cost": 0.0, "Total Cost": 0.28, "Plan Rows": 1, "Plan Width": 27, "Actual Startup Time": 1.301, "Actual Total Time": 1.301, "Actual Rows": 84, "Actual Loops": 84, "Index Cond": "(c_custkey = orders.o_custkey)", "Rows Removed by Index Recheck": 0}]}, {"Node Type": "Index Scan", "Parent Relationship": "Inner", "Scan Direction": "Forward", "Index Name": "idx_lineitem_orderkey", "Relation Name": "lineitem", "Alias": "lineitem", "Startup Cost": 0.0, "Total Cost": 0.87, "Plan Rows": 9, "Plan Width": 16, "Actual Startup Time": 1.627, "Actual Total Time": 2.06, "Actual Rows": 588, "Actual Loops": 84, "Index Cond": "(l_orderkey = orders.o_orderkey)", "Rows Removed by Index Recheck": 0}]}]}]}]}, "Triggers": [], "Planner Runtime": 2.114, "Total Runtime": 78676.91, "Unique SQL Id": 1915754155}}, "(64, '66')": {"explain_plan": {"Plan": {"Node Type": "Limit", "Startup Cost": 2768625.52, "Total Cost": 2768625.77, "Plan Rows": 100, "Plan Width": 67, "Plans": [{"Node Type": "Sort", "Parent Relationship": "Outer", "Startup Cost": 2768625.52, "Total Cost": 2768941.33, "Plan Rows": 100, "Plan Width": 67, "Sort Key": ["orders.o_totalprice DESC", "orders.o_orderdate"], "Plans": [{"Node Type": "Aggregate", "Strategy": "Hashed", "Parent Relationship": "Outer", "Startup Cost": 2762534.42, "Total Cost": 2763797.63, "Plan Rows": 126321, "Plan Width": 67, "Group By Key": ["orders.o_totalprice", "orders.o_orderdate", "customer.c_name", "customer.c_custkey", "orders.o_orderkey"], "Plans": [{"Node Type": "Nested Loop", "Parent Relationship": "Outer", "Join Type": "Inner", "Startup Cost": 2385930.24, "Total Cost": 2760639.6, "Plan Rows": 126321, "Plan Width": 59, "Inner Unique": false, "Plans": [{"Node Type": "Hash Join", "Parent Relationship": "Outer", "Join Type": "Inner", "Startup Cost": 2385929.86, "Total Cost": 2696863.45, "Plan Rows": 13913, "Plan Width": 59, "Inner Unique": true, "Hash Cond": "(orders.o_custkey = customer.c_custkey)", "Plans": [{"Node Type": "Nested Loop", "Parent Relationship": "Outer", "Join Type": "Inner", "Startup Cost": 2315053.86, "Total Cost": 2625533.23, "Plan Rows": 33034, "Plan Width": 40, "Inner Unique": true, "Plans": [{"Node Type": "Aggregate", "Strategy": "Hashed", "Parent Relationship": "Outer", "Startup Cost": 2315050.5, "Total Cost": 2381201.11, "Plan Rows": 33034, "Plan Width": 24, "Group By Key": ["public.lineitem.l_orderkey"], "Filter": "(sum(public.lineitem.l_quantity) > 314::double precision), (LLVM Optimized)", "Plans": [{"Node Type": "Seq Scan", "Parent Relationship": "Outer", "Relation Name": "lineitem", "Alias": "lineitem", "Startup Cost": 0.0, "Total Cost": 2015115.33, "Plan Rows": 59987033, "Plan Width": 16}]}, {"Node Type": "Bitmap Heap Scan", "Parent Relationship": "Inner", "Relation Name": "orders", "Alias": "orders", "Startup Cost": 3.36, "Total Cost": 7.38, "Plan Rows": 1, "Plan Width": 32, "Recheck Cond": "(o_orderkey = public.lineitem.l_orderkey)", "Plans": [{"Node Type": "Bitmap Index Scan", "Parent Relationship": "Outer", "Index Name": "orders_pkey", "Startup Cost": 0.0, "Total Cost": 3.36, "Plan Rows": 1, "Plan Width": 0, "Index Cond": "(o_orderkey = public.lineitem.l_orderkey)"}]}]}, {"Node Type": "Hash", "Parent Relationship": "Inner", "Startup Cost": 52126.0, "Total Cost": 52126.0, "Plan Rows": 1500000, "Plan Width": 27, "Plans": [{"Node Type": "Seq Scan", "Parent Relationship": "Outer", "Relation Name": "customer", "Alias": "customer", "Startup Cost": 0.0, "Total Cost": 52126.0, "Plan Rows": 1500000, "Plan Width": 27}]}]}, {"Node Type": "Bitmap Heap Scan", "Parent Relationship": "Inner", "Relation Name": "lineitem", "Alias": "lineitem", "Startup Cost": 0.38, "Total Cost": 4.49, "Plan Rows": 9, "Plan Width": 16, "Recheck Cond": "(l_orderkey = orders.o_orderkey)", "Plans": [{"Node Type": "Bitmap Index Scan", "Parent Relationship": "Outer", "Index Name": "idx_lineitem_orderkey", "Startup Cost": 0.0, "Total Cost": 0.38, "Plan Rows": 9, "Plan Width": 0, "Index Cond": "(l_orderkey = orders.o_orderkey)"}]}]}]}]}]}, "Unique SQL Id": 1915754155, "Planner Runtime": 2}, "explain_analyze_plan": {"Plan": {"Node Type": "Limit", "Startup Cost": 2768625.52, "Total Cost": 2768625.77, "Plan Rows": 100, "Plan Width": 67, "Actual Startup Time": 52986.061, "Actual Total Time": 52986.077, "Actual Rows": 84, "Actual Loops": 1, "Plans": [{"Node Type": "Sort", "Parent Relationship": "Outer", "Startup Cost": 2768625.52, "Total Cost": 2768941.33, "Plan Rows": 100, "Plan Width": 67, "Actual Startup Time": 52986.06, "Actual Total Time": 52986.069, "Actual Rows": 84, "Actual Loops": 1, "Sort Key": ["orders.o_totalprice DESC", "orders.o_orderdate"], "Sort Method": "quicksort", "Sort Space Used": 38, "Sort Space Type": "Memory", "Plans": [{"Node Type": "Aggregate", "Strategy": "Hashed", "Parent Relationship": "Outer", "Startup Cost": 2762534.42, "Total Cost": 2763797.63, "Plan Rows": 126321, "Plan Width": 67, "Actual Startup Time": 52985.597, "Actual Total Time": 52985.959, "Actual Rows": 84, "Actual Loops": 1, "Group By Key": ["orders.o_totalprice", "orders.o_orderdate", "customer.c_name", "customer.c_custkey", "orders.o_orderkey"], "Plans": [{"Node Type": "Nested Loop", "Parent Relationship": "Outer", "Join Type": "Inner", "Startup Cost": 2385930.24, "Total Cost": 2760639.6, "Plan Rows": 126321, "Plan Width": 59, "Actual Startup Time": 47937.22, "Actual Total Time": 52983.281, "Actual Rows": 588, "Actual Loops": 1, "Inner Unique": false, "Plans": [{"Node Type": "Hash Join", "Parent Relationship": "Outer", "Join Type": "Inner", "Startup Cost": 2385929.86, "Total Cost": 2696863.45, "Plan Rows": 13913, "Plan Width": 59, "Actual Startup Time": 47937.171, "Actual Total Time": 52960.029, "Actual Rows": 84, "Actual Loops": 1, "Inner Unique": true, "Hash Cond": "(orders.o_custkey = customer.c_custkey)", "Plans": [{"Node Type": "Nested Loop", "Parent Relationship": "Outer", "Join Type": "Inner", "Startup Cost": 2315053.86, "Total Cost": 2625533.23, "Plan Rows": 33034, "Plan Width": 40, "Actual Startup Time": 46843.007, "Actual Total Time": 51861.678, "Actual Rows": 84, "Actual Loops": 1, "Inner Unique": true, "Plans": [{"Node Type": "Aggregate", "Strategy": "Hashed", "Parent Relationship": "Outer", "Startup Cost": 2315050.5, "Total Cost": 2381201.11, "Plan Rows": 33034, "Plan Width": 24, "Actual Startup Time": 46842.884, "Actual Total Time": 51843.325, "Actual Rows": 84, "Actual Loops": 1, "Group By Key": ["public.lineitem.l_orderkey"], "Filter": "(sum(public.lineitem.l_quantity) > 314::double precision), (LLVM Optimized, Jit Execute)", "Rows Removed by Filter": 14999916, "Plans": [{"Node Type": "Seq Scan", "Parent Relationship": "Outer", "Relation Name": "lineitem", "Alias": "lineitem", "Startup Cost": 0.0, "Total Cost": 2015115.33, "Plan Rows": 59987033, "Plan Width": 16, "Actual Startup Time": 0.033, "Actual Total Time": 20311.421, "Actual Rows": 59986052, "Actual Loops": 1}]}, {"Node Type": "Bitmap Heap Scan", "Parent Relationship": "Inner", "Relation Name": "orders", "Alias": "orders", "Startup Cost": 3.36, "Total Cost": 7.38, "Plan Rows": 1, "Plan Width": 32, "Actual Startup Time": 3.61, "Actual Total Time": 3.61, "Actual Rows": 84, "Actual Loops": 84, "Recheck Cond": "(o_orderkey = public.lineitem.l_orderkey)", "Rows Removed by Index Recheck": 0, "Exact Heap Blocks": 84, "Lossy Heap Blocks": 84, "Plans": [{"Node Type": "Bitmap Index Scan", "Parent Relationship": "Outer", "Index Name": "orders_pkey", "Startup Cost": 0.0, "Total Cost": 3.36, "Plan Rows": 1, "Plan Width": 0, "Actual Startup Time": 2.351, "Actual Total Time": 2.351, "Actual Rows": 84, "Actual Loops": 84, "Index Cond": "(o_orderkey = public.lineitem.l_orderkey)"}]}]}, {"Node Type": "Hash", "Parent Relationship": "Inner", "Startup Cost": 52126.0, "Total Cost": 52126.0, "Plan Rows": 1500000, "Plan Width": 27, "Actual Startup Time": 1092.602, "Actual Total Time": 1092.602, "Actual Rows": 1500000, "Actual Loops": 1, "Hash Buckets": 2097152, "Hash Batches": 1, "Original Hash Batches": 1, "Peak Memory Usage": 93750, "Plans": [{"Node Type": "Seq Scan", "Parent Relationship": "Outer", "Relation Name": "customer", "Alias": "customer", "Startup Cost": 0.0, "Total Cost": 52126.0, "Plan Rows": 1500000, "Plan Width": 27, "Actual Startup Time": 0.029, "Actual Total Time": 587.14, "Actual Rows": 1500000, "Actual Loops": 1}]}]}, {"Node Type": "Bitmap Heap Scan", "Parent Relationship": "Inner", "Relation Name": "lineitem", "Alias": "lineitem", "Startup Cost": 0.38, "Total Cost": 4.49, "Plan Rows": 9, "Plan Width": 16, "Actual Startup Time": 1.943, "Actual Total Time": 2.103, "Actual Rows": 588, "Actual Loops": 84, "Recheck Cond": "(l_orderkey = orders.o_orderkey)", "Rows Removed by Index Recheck": 0, "Exact Heap Blocks": 96, "Lossy Heap Blocks": 96, "Plans": [{"Node Type": "Bitmap Index Scan", "Parent Relationship": "Outer", "Index Name": "idx_lineitem_orderkey", "Startup Cost": 0.0, "Total Cost": 0.38, "Plan Rows": 9, "Plan Width": 0, "Actual Startup Time": 1.193, "Actual Total Time": 1.193, "Actual Rows": 588, "Actual Loops": 84, "Index Cond": "(l_orderkey = orders.o_orderkey)"}]}]}]}]}]}, "Triggers": [], "Planner Runtime": 2.066, "Total Runtime": 52995.547, "Unique SQL Id": 1915754155}}, "(64, '67')": {"explain_plan": {"Plan": {"Node Type": "Limit", "Startup Cost": 1000324838994.8, "Total Cost": 1000324838995.05, "Plan Rows": 100, "Plan Width": 67, "Plans": [{"Node Type": "Sort", "Parent Relationship": "Outer", "Startup Cost": 1000324838994.8, "Total Cost": 1000324839310.61, "Plan Rows": 100, "Plan Width": 67, "Sort Key": ["orders.o_totalprice DESC", "orders.o_orderdate"], "Plans": [{"Node Type": "Aggregate", "Strategy": "Hashed", "Parent Relationship": "Outer", "Startup Cost": 1000324832903.7, "Total Cost": 1000324834166.91, "Plan Rows": 126321, "Plan Width": 67, "Group By Key": ["orders.o_totalprice", "orders.o_orderdate", "customer.c_name", "customer.c_custkey", "orders.o_orderkey"], "Plans": [{"Node Type": "Nested Loop", "Parent Relationship": "Outer", "Join Type": "Inner", "Startup Cost": 1000324315313.67, "Total Cost": 1000324831008.88, "Plan Rows": 126321, "Plan Width": 59, "Inner Unique": false, "Plans": [{"Node Type": "Nested Loop", "Parent Relationship": "Outer", "Join Type": "Inner", "Startup Cost": 1000324315313.29, "Total Cost": 1000324767232.73, "Plan Rows": 13913, "Plan Width": 59, "Inner Unique": true, "Plans": [{"Node Type": "Nested Loop", "Parent Relationship": "Outer", "Join Type": "Inner", "Startup Cost": 1000324315313.03, "Total Cost": 1000324625792.4, "Plan Rows": 33034, "Plan Width": 40, "Inner Unique": true, "Plans": [{"Node Type": "Aggregate", "Strategy": "Hashed", "Parent Relationship": "Outer", "Startup Cost": 1000324315309.67, "Total Cost": 1000324381460.28, "Plan Rows": 33034, "Plan Width": 24, "Group By Key": ["public.lineitem.l_orderkey"], "Filter": "(sum(public.lineitem.l_quantity) > 314::double precision), (LLVM Optimized)", "Plans": [{"Node Type": "Index Scan", "Parent Relationship": "Outer", "Scan Direction": "Forward", "Index Name": "idx_lineitem_orderkey", "Relation Name": "lineitem", "Alias": "lineitem", "Startup Cost": 10000000000.0, "Total Cost": 1000324015374.5, "Plan Rows": 59987033, "Plan Width": 16}]}, {"Node Type": "Bitmap Heap Scan", "Parent Relationship": "Inner", "Relation Name": "orders", "Alias": "orders", "Startup Cost": 3.36, "Total Cost": 7.38, "Plan Rows": 1, "Plan Width": 32, "Recheck Cond": "(o_orderkey = public.lineitem.l_orderkey)", "Plans": [{"Node Type": "Bitmap Index Scan", "Parent Relationship": "Outer", "Index Name": "orders_pkey", "Startup Cost": 0.0, "Total Cost": 3.36, "Plan Rows": 1, "Plan Width": 0, "Index Cond": "(o_orderkey = public.lineitem.l_orderkey)"}]}]}, {"Node Type": "Bitmap Heap Scan", "Parent Relationship": "Inner", "Relation Name": "customer", "Alias": "customer", "Startup Cost": 0.26, "Total Cost": 4.27, "Plan Rows": 1, "Plan Width": 27, "Recheck Cond": "(c_custkey = orders.o_custkey)", "Plans": [{"Node Type": "Bitmap Index Scan", "Parent Relationship": "Outer", "Index Name": "customer_pkey", "Startup Cost": 0.0, "Total Cost": 0.26, "Plan Rows": 1, "Plan Width": 0, "Index Cond": "(c_custkey = orders.o_custkey)"}]}]}, {"Node Type": "Bitmap Heap Scan", "Parent Relationship": "Inner", "Relation Name": "lineitem", "Alias": "lineitem", "Startup Cost": 0.38, "Total Cost": 4.49, "Plan Rows": 9, "Plan Width": 16, "Recheck Cond": "(l_orderkey = orders.o_orderkey)", "Plans": [{"Node Type": "Bitmap Index Scan", "Parent Relationship": "Outer", "Index Name": "idx_lineitem_orderkey", "Startup Cost": 0.0, "Total Cost": 0.38, "Plan Rows": 9, "Plan Width": 0, "Index Cond": "(l_orderkey = orders.o_orderkey)"}]}]}]}]}]}, "Unique SQL Id": 1915754155, "Planner Runtime": 1}, "explain_analyze_plan": {"Plan": {"Node Type": "Limit", "Startup Cost": 1000324838994.8, "Total Cost": 1000324838995.05, "Plan Rows": 100, "Plan Width": 67, "Actual Startup Time": 80249.492, "Actual Total Time": 80249.51, "Actual Rows": 84, "Actual Loops": 1, "Plans": [{"Node Type": "Sort", "Parent Relationship": "Outer", "Startup Cost": 1000324838994.8, "Total Cost": 1000324839310.61, "Plan Rows": 100, "Plan Width": 67, "Actual Startup Time": 80249.49, "Actual Total Time": 80249.501, "Actual Rows": 84, "Actual Loops": 1, "Sort Key": ["orders.o_totalprice DESC", "orders.o_orderdate"], "Sort Method": "quicksort", "Sort Space Used": 38, "Sort Space Type": "Memory", "Plans": [{"Node Type": "Aggregate", "Strategy": "Hashed", "Parent Relationship": "Outer", "Startup Cost": 1000324832903.7, "Total Cost": 1000324834166.91, "Plan Rows": 126321, "Plan Width": 67, "Actual Startup Time": 80249.1, "Actual Total Time": 80249.389, "Actual Rows": 84, "Actual Loops": 1, "Group By Key": ["orders.o_totalprice", "orders.o_orderdate", "customer.c_name", "customer.c_custkey", "orders.o_orderkey"], "Plans": [{"Node Type": "Nested Loop", "Parent Relationship": "Outer", "Join Type": "Inner", "Startup Cost": 1000324315313.67, "Total Cost": 1000324831008.88, "Plan Rows": 126321, "Plan Width": 59, "Actual Startup Time": 73111.745, "Actual Total Time": 80247.199, "Actual Rows": 588, "Actual Loops": 1, "Inner Unique": false, "Plans": [{"Node Type": "Nested Loop", "Parent Relationship": "Outer", "Join Type": "Inner", "Startup Cost": 1000324315313.29, "Total Cost": 1000324767232.73, "Plan Rows": 13913, "Plan Width": 59, "Actual Startup Time": 73111.701, "Actual Total Time": 80244.173, "Actual Rows": 84, "Actual Loops": 1, "Inner Unique": true, "Plans": [{"Node Type": "Nested Loop", "Parent Relationship": "Outer", "Join Type": "Inner", "Startup Cost": 1000324315313.03, "Total Cost": 1000324625792.4, "Plan Rows": 33034, "Plan Width": 40, "Actual Startup Time": 73111.642, "Actual Total Time": 80242.091, "Actual Rows": 84, "Actual Loops": 1, "Inner Unique": true, "Plans": [{"Node Type": "Aggregate", "Strategy": "Hashed", "Parent Relationship": "Outer", "Startup Cost": 1000324315309.67, "Total Cost": 1000324381460.28, "Plan Rows": 33034, "Plan Width": 24, "Actual Startup Time": 73111.524, "Actual Total Time": 80223.033, "Actual Rows": 84, "Actual Loops": 1, "Group By Key": ["public.lineitem.l_orderkey"], "Filter": "(sum(public.lineitem.l_quantity) > 314::double precision), (LLVM Optimized, Jit Execute)", "Rows Removed by Filter": 14999916, "Plans": [{"Node Type": "Index Scan", "Parent Relationship": "Outer", "Scan Direction": "Forward", "Index Name": "idx_lineitem_orderkey", "Relation Name": "lineitem", "Alias": "lineitem", "Startup Cost": 10000000000.0, "Total Cost": 1000324015374.5, "Plan Rows": 59987033, "Plan Width": 16, "Actual Startup Time": 0.063, "Actual Total Time": 44361.768, "Actual Rows": 59986052, "Actual Loops": 1}]}, {"Node Type": "Bitmap Heap Scan", "Parent Relationship": "Inner", "Relation Name": "orders", "Alias": "orders", "Startup Cost": 3.36, "Total Cost": 7.38, "Plan Rows": 1, "Plan Width": 32, "Actual Startup Time": 3.64, "Actual Total Time": 3.64, "Actual Rows": 84, "Actual Loops": 84, "Recheck Cond": "(o_orderkey = public.lineitem.l_orderkey)", "Rows Removed by Index Recheck": 0, "Exact Heap Blocks": 84, "Lossy Heap Blocks": 84, "Plans": [{"Node Type": "Bitmap Index Scan", "Parent Relationship": "Outer", "Index Name": "orders_pkey", "Startup Cost": 0.0, "Total Cost": 3.36, "Plan Rows": 1, "Plan Width": 0, "Actual Startup Time": 2.402, "Actual Total Time": 2.402, "Actual Rows": 84, "Actual Loops": 84, "Index Cond": "(o_orderkey = public.lineitem.l_orderkey)"}]}]}, {"Node Type": "Bitmap Heap Scan", "Parent Relationship": "Inner", "Relation Name": "customer", "Alias": "customer", "Startup Cost": 0.26, "Total Cost": 4.27, "Plan Rows": 1, "Plan Width": 27, "Actual Startup Time": 1.455, "Actual Total Time": 1.455, "Actual Rows": 84, "Actual Loops": 84, "Recheck Cond": "(c_custkey = orders.o_custkey)", "Rows Removed by Index Recheck": 0, "Exact Heap Blocks": 84, "Lossy Heap Blocks": 84, "Plans": [{"Node Type": "Bitmap Index Scan", "Parent Relationship": "Outer", "Index Name": "customer_pkey", "Startup Cost": 0.0, "Total Cost": 0.26, "Plan Rows": 1, "Plan Width": 0, "Actual Startup Time": 0.897, "Actual Total Time": 0.897, "Actual Rows": 84, "Actual Loops": 84, "Index Cond": "(c_custkey = orders.o_custkey)"}]}]}, {"Node Type": "Bitmap Heap Scan", "Parent Relationship": "Inner", "Relation Name": "lineitem", "Alias": "lineitem", "Startup Cost": 0.38, "Total Cost": 4.49, "Plan Rows": 9, "Plan Width": 16, "Actual Startup Time": 2.054, "Actual Total Time": 2.216, "Actual Rows": 588, "Actual Loops": 84, "Recheck Cond": "(l_orderkey = orders.o_orderkey)", "Rows Removed by Index Recheck": 0, "Exact Heap Blocks": 96, "Lossy Heap Blocks": 96, "Plans": [{"Node Type": "Bitmap Index Scan", "Parent Relationship": "Outer", "Index Name": "idx_lineitem_orderkey", "Startup Cost": 0.0, "Total Cost": 0.38, "Plan Rows": 9, "Plan Width": 0, "Actual Startup Time": 1.268, "Actual Total Time": 1.268, "Actual Rows": 588, "Actual Loops": 84, "Index Cond": "(l_orderkey = orders.o_orderkey)"}]}]}]}]}]}, "Triggers": [], "Planner Runtime": 1.823, "Total Runtime": 80258.843, "Unique SQL Id": 1915754155}}, "(64, '68')": {"explain_plan": {"Plan": {"Node Type": "Limit", "Startup Cost": 2649029.8, "Total Cost": 2649030.05, "Plan Rows": 100, "Plan Width": 67, "Plans": [{"Node Type": "Sort", "Parent Relationship": "Outer", "Startup Cost": 2649029.8, "Total Cost": 2649345.6, "Plan Rows": 100, "Plan Width": 67, "Sort Key": ["orders.o_totalprice DESC", "orders.o_orderdate"], "Plans": [{"Node Type": "Aggregate", "Strategy": "Hashed", "Parent Relationship": "Outer", "Startup Cost": 2642938.69, "Total Cost": 2644201.9, "Plan Rows": 126321, "Plan Width": 67, "Group By Key": ["orders.o_totalprice", "orders.o_orderdate", "customer.c_name", "customer.c_custkey", "orders.o_orderkey"], "Plans": [{"Node Type": "Nested Loop", "Parent Relationship": "Outer", "Join Type": "Inner", "Startup Cost": 2315050.5, "Total Cost": 2641043.88, "Plan Rows": 126321, "Plan Width": 59, "Inner Unique": false, "Plans": [{"Node Type": "Nested Loop", "Parent Relationship": "Outer", "Join Type": "Inner", "Startup Cost": 2315050.5, "Total Cost": 2627700.1, "Plan Rows": 13913, "Plan Width": 59, "Inner Unique": true, "Plans": [{"Node Type": "Nested Loop", "Parent Relationship": "Outer", "Join Type": "Inner", "Startup Cost": 2315050.5, "Total Cost": 2618076.97, "Plan Rows": 33034, "Plan Width": 40, "Inner Unique": true, "Plans": [{"Node Type": "Aggregate", "Strategy": "Hashed", "Parent Relationship": "Outer", "Startup Cost": 2315050.5, "Total Cost": 2381201.11, "Plan Rows": 33034, "Plan Width": 24, "Group By Key": ["public.lineitem.l_orderkey"], "Filter": "(sum(public.lineitem.l_quantity) > 314::double precision), (LLVM Optimized)", "Plans": [{"Node Type": "Seq Scan", "Parent Relationship": "Outer", "Relation Name": "lineitem", "Alias": "lineitem", "Startup Cost": 0.0, "Total Cost": 2015115.33, "Plan Rows": 59987033, "Plan Width": 16}]}, {"Node Type": "Index Scan", "Parent Relationship": "Inner", "Scan Direction": "Forward", "Index Name": "orders_pkey", "Relation Name": "orders", "Alias": "orders", "Startup Cost": 0.0, "Total Cost": 7.15, "Plan Rows": 1, "Plan Width": 32, "Index Cond": "(o_orderkey = public.lineitem.l_orderkey)"}]}, {"Node Type": "Index Scan", "Parent Relationship": "Inner", "Scan Direction": "Forward", "Index Name": "customer_pkey", "Relation Name": "customer", "Alias": "customer", "Startup Cost": 0.0, "Total Cost": 0.28, "Plan Rows": 1, "Plan Width": 27, "Index Cond": "(c_custkey = orders.o_custkey)"}]}, {"Node Type": "Index Scan", "Parent Relationship": "Inner", "Scan Direction": "Forward", "Index Name": "idx_lineitem_orderkey", "Relation Name": "lineitem", "Alias": "lineitem", "Startup Cost": 0.0, "Total Cost": 0.87, "Plan Rows": 9, "Plan Width": 16, "Index Cond": "(l_orderkey = orders.o_orderkey)"}]}]}]}]}, "Unique SQL Id": 1915754155, "Planner Runtime": 2}, "explain_analyze_plan": {"Plan": {"Node Type": "Limit", "Startup Cost": 2649029.8, "Total Cost": 2649030.05, "Plan Rows": 100, "Plan Width": 67, "Actual Startup Time": 54861.493, "Actual Total Time": 54861.508, "Actual Rows": 84, "Actual Loops": 1, "Plans": [{"Node Type": "Sort", "Parent Relationship": "Outer", "Startup Cost": 2649029.8, "Total Cost": 2649345.6, "Plan Rows": 100, "Plan Width": 67, "Actual Startup Time": 54861.49, "Actual Total Time": 54861.494, "Actual Rows": 84, "Actual Loops": 1, "Sort Key": ["orders.o_totalprice DESC", "orders.o_orderdate"], "Sort Method": "quicksort", "Sort Space Used": 38, "Sort Space Type": "Memory", "Plans": [{"Node Type": "Aggregate", "Strategy": "Hashed", "Parent Relationship": "Outer", "Startup Cost": 2642938.69, "Total Cost": 2644201.9, "Plan Rows": 126321, "Plan Width": 67, "Actual Startup Time": 54860.881, "Actual Total Time": 54861.367, "Actual Rows": 84, "Actual Loops": 1, "Group By Key": ["orders.o_totalprice", "orders.o_orderdate", "customer.c_name", "customer.c_custkey", "orders.o_orderkey"], "Plans": [{"Node Type": "Nested Loop", "Parent Relationship": "Outer", "Join Type": "Inner", "Startup Cost": 2315050.5, "Total Cost": 2641043.88, "Plan Rows": 126321, "Plan Width": 59, "Actual Startup Time": 49072.337, "Actual Total Time": 54858.992, "Actual Rows": 588, "Actual Loops": 1, "Inner Unique": false, "Plans": [{"Node Type": "Nested Loop", "Parent Relationship": "Outer", "Join Type": "Inner", "Startup Cost": 2315050.5, "Total Cost": 2627700.1, "Plan Rows": 13913, "Plan Width": 59, "Actual Startup Time": 49072.315, "Actual Total Time": 54856.844, "Actual Rows": 84, "Actual Loops": 1, "Inner Unique": true, "Plans": [{"Node Type": "Nested Loop", "Parent Relationship": "Outer", "Join Type": "Inner", "Startup Cost": 2315050.5, "Total Cost": 2618076.97, "Plan Rows": 33034, "Plan Width": 40, "Actual Startup Time": 49072.296, "Actual Total Time": 54855.643, "Actual Rows": 84, "Actual Loops": 1, "Inner Unique": true, "Plans": [{"Node Type": "Aggregate", "Strategy": "Hashed", "Parent Relationship": "Outer", "Startup Cost": 2315050.5, "Total Cost": 2381201.11, "Plan Rows": 33034, "Plan Width": 24, "Actual Startup Time": 49072.224, "Actual Total Time": 54835.622, "Actual Rows": 84, "Actual Loops": 1, "Group By Key": ["public.lineitem.l_orderkey"], "Filter": "(sum(public.lineitem.l_quantity) > 314::double precision), (LLVM Optimized, Jit Execute)", "Rows Removed by Filter": 14999916, "Plans": [{"Node Type": "Seq Scan", "Parent Relationship": "Outer", "Relation Name": "lineitem", "Alias": "lineitem", "Startup Cost": 0.0, "Total Cost": 2015115.33, "Plan Rows": 59987033, "Plan Width": 16, "Actual Startup Time": 0.051, "Actual Total Time": 20660.278, "Actual Rows": 59986052, "Actual Loops": 1}]}, {"Node Type": "Index Scan", "Parent Relationship": "Inner", "Scan Direction": "Forward", "Index Name": "orders_pkey", "Relation Name": "orders", "Alias": "orders", "Startup Cost": 0.0, "Total Cost": 7.15, "Plan Rows": 1, "Plan Width": 32, "Actual Startup Time": 2.649, "Actual Total Time": 2.649, "Actual Rows": 84, "Actual Loops": 84, "Index Cond": "(o_orderkey = public.lineitem.l_orderkey)", "Rows Removed by Index Recheck": 0}]}, {"Node Type": "Index Scan", "Parent Relationship": "Inner", "Scan Direction": "Forward", "Index Name": "customer_pkey", "Relation Name": "customer", "Alias": "customer", "Startup Cost": 0.0, "Total Cost": 0.28, "Plan Rows": 1, "Plan Width": 27, "Actual Startup Time": 0.851, "Actual Total Time": 0.851, "Actual Rows": 84, "Actual Loops": 84, "Index Cond": "(c_custkey = orders.o_custkey)", "Rows Removed by Index Recheck": 0}]}, {"Node Type": "Index Scan", "Parent Relationship": "Inner", "Scan Direction": "Forward", "Index Name": "idx_lineitem_orderkey", "Relation Name": "lineitem", "Alias": "lineitem", "Startup Cost": 0.0, "Total Cost": 0.87, "Plan Rows": 9, "Plan Width": 16, "Actual Startup Time": 1.215, "Actual Total Time": 1.721, "Actual Rows": 588, "Actual Loops": 84, "Index Cond": "(l_orderkey = orders.o_orderkey)", "Rows Removed by Index Recheck": 0}]}]}]}]}, "Triggers": [], "Planner Runtime": 2.136, "Total Runtime": 54871.674, "Unique SQL Id": 1915754155}}, "(64, '69')": {"explain_plan": {"Plan": {"Node Type": "Limit", "Startup Cost": 3874068.21, "Total Cost": 3874068.46, "Plan Rows": 100, "Plan Width": 67, "Plans": [{"Node Type": "Sort", "Parent Relationship": "Outer", "Startup Cost": 3874068.21, "Total Cost": 3874384.02, "Plan Rows": 100, "Plan Width": 67, "Sort Key": ["orders.o_totalprice DESC", "orders.o_orderdate"], "Plans": [{"Node Type": "Aggregate", "Strategy": "Hashed", "Parent Relationship": "Outer", "Startup Cost": 3867977.11, "Total Cost": 3869240.32, "Plan Rows": 126321, "Plan Width": 67, "Group By Key": ["orders.o_totalprice", "orders.o_orderdate", "customer.c_name", "customer.c_custkey", "orders.o_orderkey"], "Plans": [{"Node Type": "Nested Loop", "Parent Relationship": "Outer", "Join Type": "Inner", "Startup Cost": 3540088.91, "Total Cost": 3866082.29, "Plan Rows": 126321, "Plan Width": 59, "Inner Unique": false, "Plans": [{"Node Type": "Nested Loop", "Parent Relationship": "Outer", "Join Type": "Inner", "Startup Cost": 3540088.91, "Total Cost": 3852738.51, "Plan Rows": 13913, "Plan Width": 59, "Inner Unique": true, "Plans": [{"Node Type": "Nested Loop", "Parent Relationship": "Outer", "Join Type": "Inner", "Startup Cost": 3540088.91, "Total Cost": 3843115.38, "Plan Rows": 33034, "Plan Width": 40, "Inner Unique": true, "Plans": [{"Node Type": "Aggregate", "Strategy": "Hashed", "Parent Relationship": "Outer", "Startup Cost": 3540088.91, "Total Cost": 3606239.52, "Plan Rows": 33034, "Plan Width": 24, "Group By Key": ["public.lineitem.l_orderkey"], "Filter": "(sum(public.lineitem.l_quantity) > 314::double precision), (LLVM Optimized)", "Plans": [{"Node Type": "Index Scan", "Parent Relationship": "Outer", "Scan Direction": "Forward", "Index Name": "idx_lineitem_orderkey", "Relation Name": "lineitem", "Alias": "lineitem", "Startup Cost": 0.0, "Total Cost": 3240153.75, "Plan Rows": 59987033, "Plan Width": 16}]}, {"Node Type": "Index Scan", "Parent Relationship": "Inner", "Scan Direction": "Forward", "Index Name": "orders_pkey", "Relation Name": "orders", "Alias": "orders", "Startup Cost": 0.0, "Total Cost": 7.15, "Plan Rows": 1, "Plan Width": 32, "Index Cond": "(o_orderkey = public.lineitem.l_orderkey)"}]}, {"Node Type": "Index Scan", "Parent Relationship": "Inner", "Scan Direction": "Forward", "Index Name": "customer_pkey", "Relation Name": "customer", "Alias": "customer", "Startup Cost": 0.0, "Total Cost": 0.28, "Plan Rows": 1, "Plan Width": 27, "Index Cond": "(c_custkey = orders.o_custkey)"}]}, {"Node Type": "Index Scan", "Parent Relationship": "Inner", "Scan Direction": "Forward", "Index Name": "idx_lineitem_orderkey", "Relation Name": "lineitem", "Alias": "lineitem", "Startup Cost": 0.0, "Total Cost": 0.87, "Plan Rows": 9, "Plan Width": 16, "Index Cond": "(l_orderkey = orders.o_orderkey)"}]}]}]}]}, "Unique SQL Id": 1915754155, "Planner Runtime": 2}, "explain_analyze_plan": {"Plan": {"Node Type": "Limit", "Startup Cost": 3874068.21, "Total Cost": 3874068.46, "Plan Rows": 100, "Plan Width": 67, "Actual Startup Time": 78667.563, "Actual Total Time": 78667.58, "Actual Rows": 84, "Actual Loops": 1, "Plans": [{"Node Type": "Sort", "Parent Relationship": "Outer", "Startup Cost": 3874068.21, "Total Cost": 3874384.02, "Plan Rows": 100, "Plan Width": 67, "Actual Startup Time": 78667.561, "Actual Total Time": 78667.57, "Actual Rows": 84, "Actual Loops": 1, "Sort Key": ["orders.o_totalprice DESC", "orders.o_orderdate"], "Sort Method": "quicksort", "Sort Space Used": 38, "Sort Space Type": "Memory", "Plans": [{"Node Type": "Aggregate", "Strategy": "Hashed", "Parent Relationship": "Outer", "Startup Cost": 3867977.11, "Total Cost": 3869240.32, "Plan Rows": 126321, "Plan Width": 67, "Actual Startup Time": 78666.912, "Actual Total Time": 78667.456, "Actual Rows": 84, "Actual Loops": 1, "Group By Key": ["orders.o_totalprice", "orders.o_orderdate", "customer.c_name", "customer.c_custkey", "orders.o_orderkey"], "Plans": [{"Node Type": "Nested Loop", "Parent Relationship": "Outer", "Join Type": "Inner", "Startup Cost": 3540088.91, "Total Cost": 3866082.29, "Plan Rows": 126321, "Plan Width": 59, "Actual Startup Time": 71346.529, "Actual Total Time": 78665.231, "Actual Rows": 588, "Actual Loops": 1, "Inner Unique": false, "Plans": [{"Node Type": "Nested Loop", "Parent Relationship": "Outer", "Join Type": "Inner", "Startup Cost": 3540088.91, "Total Cost": 3852738.51, "Plan Rows": 13913, "Plan Width": 59, "Actual Startup Time": 71346.496, "Actual Total Time": 78662.632, "Actual Rows": 84, "Actual Loops": 1, "Inner Unique": true, "Plans": [{"Node Type": "Nested Loop", "Parent Relationship": "Outer", "Join Type": "Inner", "Startup Cost": 3540088.91, "Total Cost": 3843115.38, "Plan Rows": 33034, "Plan Width": 40, "Actual Startup Time": 71346.464, "Actual Total Time": 78660.834, "Actual Rows": 84, "Actual Loops": 1, "Inner Unique": true, "Plans": [{"Node Type": "Aggregate", "Strategy": "Hashed", "Parent Relationship": "Outer", "Startup Cost": 3540088.91, "Total Cost": 3606239.52, "Plan Rows": 33034, "Plan Width": 24, "Actual Startup Time": 71346.402, "Actual Total Time": 78640.855, "Actual Rows": 84, "Actual Loops": 1, "Group By Key": ["public.lineitem.l_orderkey"], "Filter": "(sum(public.lineitem.l_quantity) > 314::double precision), (LLVM Optimized, Jit Execute)", "Rows Removed by Filter": 14999916, "Plans": [{"Node Type": "Index Scan", "Parent Relationship": "Outer", "Scan Direction": "Forward", "Index Name": "idx_lineitem_orderkey", "Relation Name": "lineitem", "Alias": "lineitem", "Startup Cost": 0.0, "Total Cost": 3240153.75, "Plan Rows": 59987033, "Plan Width": 16, "Actual Startup Time": 0.07, "Actual Total Time": 42499.927, "Actual Rows": 59986052, "Actual Loops": 1}]}, {"Node Type": "Index Scan", "Parent Relationship": "Inner", "Scan Direction": "Forward", "Index Name": "orders_pkey", "Relation Name": "orders", "Alias": "orders", "Startup Cost": 0.0, "Total Cost": 7.15, "Plan Rows": 1, "Plan Width": 32, "Actual Startup Time": 2.739, "Actual Total Time": 2.739, "Actual Rows": 84, "Actual Loops": 84, "Index Cond": "(o_orderkey = public.lineitem.l_orderkey)", "Rows Removed by Index Recheck": 0}]}, {"Node Type": "Index Scan", "Parent Relationship": "Inner", "Scan Direction": "Forward", "Index Name": "customer_pkey", "Relation Name": "customer", "Alias": "customer", "Startup Cost": 0.0, "Total Cost": 0.28, "Plan Rows": 1, "Plan Width": 27, "Actual Startup Time": 1.301, "Actual Total Time": 1.301, "Actual Rows": 84, "Actual Loops": 84, "Index Cond": "(c_custkey = orders.o_custkey)", "Rows Removed by Index Recheck": 0}]}, {"Node Type": "Index Scan", "Parent Relationship": "Inner", "Scan Direction": "Forward", "Index Name": "idx_lineitem_orderkey", "Relation Name": "lineitem", "Alias": "lineitem", "Startup Cost": 0.0, "Total Cost": 0.87, "Plan Rows": 9, "Plan Width": 16, "Actual Startup Time": 1.627, "Actual Total Time": 2.06, "Actual Rows": 588, "Actual Loops": 84, "Index Cond": "(l_orderkey = orders.o_orderkey)", "Rows Removed by Index Recheck": 0}]}]}]}]}, "Triggers": [], "Planner Runtime": 2.114, "Total Runtime": 78676.91, "Unique SQL Id": 1915754155}}, "(64, '70')": {"explain_plan": {"Plan": {"Node Type": "Limit", "Startup Cost": 2768625.52, "Total Cost": 2768625.77, "Plan Rows": 100, "Plan Width": 67, "Plans": [{"Node Type": "Sort", "Parent Relationship": "Outer", "Startup Cost": 2768625.52, "Total Cost": 2768941.33, "Plan Rows": 100, "Plan Width": 67, "Sort Key": ["orders.o_totalprice DESC", "orders.o_orderdate"], "Plans": [{"Node Type": "Aggregate", "Strategy": "Hashed", "Parent Relationship": "Outer", "Startup Cost": 2762534.42, "Total Cost": 2763797.63, "Plan Rows": 126321, "Plan Width": 67, "Group By Key": ["orders.o_totalprice", "orders.o_orderdate", "customer.c_name", "customer.c_custkey", "orders.o_orderkey"], "Plans": [{"Node Type": "Nested Loop", "Parent Relationship": "Outer", "Join Type": "Inner", "Startup Cost": 2385930.24, "Total Cost": 2760639.6, "Plan Rows": 126321, "Plan Width": 59, "Inner Unique": false, "Plans": [{"Node Type": "Hash Join", "Parent Relationship": "Outer", "Join Type": "Inner", "Startup Cost": 2385929.86, "Total Cost": 2696863.45, "Plan Rows": 13913, "Plan Width": 59, "Inner Unique": true, "Hash Cond": "(orders.o_custkey = customer.c_custkey)", "Plans": [{"Node Type": "Nested Loop", "Parent Relationship": "Outer", "Join Type": "Inner", "Startup Cost": 2315053.86, "Total Cost": 2625533.23, "Plan Rows": 33034, "Plan Width": 40, "Inner Unique": true, "Plans": [{"Node Type": "Aggregate", "Strategy": "Hashed", "Parent Relationship": "Outer", "Startup Cost": 2315050.5, "Total Cost": 2381201.11, "Plan Rows": 33034, "Plan Width": 24, "Group By Key": ["public.lineitem.l_orderkey"], "Filter": "(sum(public.lineitem.l_quantity) > 314::double precision), (LLVM Optimized)", "Plans": [{"Node Type": "Seq Scan", "Parent Relationship": "Outer", "Relation Name": "lineitem", "Alias": "lineitem", "Startup Cost": 0.0, "Total Cost": 2015115.33, "Plan Rows": 59987033, "Plan Width": 16}]}, {"Node Type": "Bitmap Heap Scan", "Parent Relationship": "Inner", "Relation Name": "orders", "Alias": "orders", "Startup Cost": 3.36, "Total Cost": 7.38, "Plan Rows": 1, "Plan Width": 32, "Recheck Cond": "(o_orderkey = public.lineitem.l_orderkey)", "Plans": [{"Node Type": "Bitmap Index Scan", "Parent Relationship": "Outer", "Index Name": "orders_pkey", "Startup Cost": 0.0, "Total Cost": 3.36, "Plan Rows": 1, "Plan Width": 0, "Index Cond": "(o_orderkey = public.lineitem.l_orderkey)"}]}]}, {"Node Type": "Hash", "Parent Relationship": "Inner", "Startup Cost": 52126.0, "Total Cost": 52126.0, "Plan Rows": 1500000, "Plan Width": 27, "Plans": [{"Node Type": "Seq Scan", "Parent Relationship": "Outer", "Relation Name": "customer", "Alias": "customer", "Startup Cost": 0.0, "Total Cost": 52126.0, "Plan Rows": 1500000, "Plan Width": 27}]}]}, {"Node Type": "Bitmap Heap Scan", "Parent Relationship": "Inner", "Relation Name": "lineitem", "Alias": "lineitem", "Startup Cost": 0.38, "Total Cost": 4.49, "Plan Rows": 9, "Plan Width": 16, "Recheck Cond": "(l_orderkey = orders.o_orderkey)", "Plans": [{"Node Type": "Bitmap Index Scan", "Parent Relationship": "Outer", "Index Name": "idx_lineitem_orderkey", "Startup Cost": 0.0, "Total Cost": 0.38, "Plan Rows": 9, "Plan Width": 0, "Index Cond": "(l_orderkey = orders.o_orderkey)"}]}]}]}]}]}, "Unique SQL Id": 1915754155, "Planner Runtime": 1}, "explain_analyze_plan": {"Plan": {"Node Type": "Limit", "Startup Cost": 2768625.52, "Total Cost": 2768625.77, "Plan Rows": 100, "Plan Width": 67, "Actual Startup Time": 52986.061, "Actual Total Time": 52986.077, "Actual Rows": 84, "Actual Loops": 1, "Plans": [{"Node Type": "Sort", "Parent Relationship": "Outer", "Startup Cost": 2768625.52, "Total Cost": 2768941.33, "Plan Rows": 100, "Plan Width": 67, "Actual Startup Time": 52986.06, "Actual Total Time": 52986.069, "Actual Rows": 84, "Actual Loops": 1, "Sort Key": ["orders.o_totalprice DESC", "orders.o_orderdate"], "Sort Method": "quicksort", "Sort Space Used": 38, "Sort Space Type": "Memory", "Plans": [{"Node Type": "Aggregate", "Strategy": "Hashed", "Parent Relationship": "Outer", "Startup Cost": 2762534.42, "Total Cost": 2763797.63, "Plan Rows": 126321, "Plan Width": 67, "Actual Startup Time": 52985.597, "Actual Total Time": 52985.959, "Actual Rows": 84, "Actual Loops": 1, "Group By Key": ["orders.o_totalprice", "orders.o_orderdate", "customer.c_name", "customer.c_custkey", "orders.o_orderkey"], "Plans": [{"Node Type": "Nested Loop", "Parent Relationship": "Outer", "Join Type": "Inner", "Startup Cost": 2385930.24, "Total Cost": 2760639.6, "Plan Rows": 126321, "Plan Width": 59, "Actual Startup Time": 47937.22, "Actual Total Time": 52983.281, "Actual Rows": 588, "Actual Loops": 1, "Inner Unique": false, "Plans": [{"Node Type": "Hash Join", "Parent Relationship": "Outer", "Join Type": "Inner", "Startup Cost": 2385929.86, "Total Cost": 2696863.45, "Plan Rows": 13913, "Plan Width": 59, "Actual Startup Time": 47937.171, "Actual Total Time": 52960.029, "Actual Rows": 84, "Actual Loops": 1, "Inner Unique": true, "Hash Cond": "(orders.o_custkey = customer.c_custkey)", "Plans": [{"Node Type": "Nested Loop", "Parent Relationship": "Outer", "Join Type": "Inner", "Startup Cost": 2315053.86, "Total Cost": 2625533.23, "Plan Rows": 33034, "Plan Width": 40, "Actual Startup Time": 46843.007, "Actual Total Time": 51861.678, "Actual Rows": 84, "Actual Loops": 1, "Inner Unique": true, "Plans": [{"Node Type": "Aggregate", "Strategy": "Hashed", "Parent Relationship": "Outer", "Startup Cost": 2315050.5, "Total Cost": 2381201.11, "Plan Rows": 33034, "Plan Width": 24, "Actual Startup Time": 46842.884, "Actual Total Time": 51843.325, "Actual Rows": 84, "Actual Loops": 1, "Group By Key": ["public.lineitem.l_orderkey"], "Filter": "(sum(public.lineitem.l_quantity) > 314::double precision), (LLVM Optimized, Jit Execute)", "Rows Removed by Filter": 14999916, "Plans": [{"Node Type": "Seq Scan", "Parent Relationship": "Outer", "Relation Name": "lineitem", "Alias": "lineitem", "Startup Cost": 0.0, "Total Cost": 2015115.33, "Plan Rows": 59987033, "Plan Width": 16, "Actual Startup Time": 0.033, "Actual Total Time": 20311.421, "Actual Rows": 59986052, "Actual Loops": 1}]}, {"Node Type": "Bitmap Heap Scan", "Parent Relationship": "Inner", "Relation Name": "orders", "Alias": "orders", "Startup Cost": 3.36, "Total Cost": 7.38, "Plan Rows": 1, "Plan Width": 32, "Actual Startup Time": 3.61, "Actual Total Time": 3.61, "Actual Rows": 84, "Actual Loops": 84, "Recheck Cond": "(o_orderkey = public.lineitem.l_orderkey)", "Rows Removed by Index Recheck": 0, "Exact Heap Blocks": 84, "Lossy Heap Blocks": 84, "Plans": [{"Node Type": "Bitmap Index Scan", "Parent Relationship": "Outer", "Index Name": "orders_pkey", "Startup Cost": 0.0, "Total Cost": 3.36, "Plan Rows": 1, "Plan Width": 0, "Actual Startup Time": 2.351, "Actual Total Time": 2.351, "Actual Rows": 84, "Actual Loops": 84, "Index Cond": "(o_orderkey = public.lineitem.l_orderkey)"}]}]}, {"Node Type": "Hash", "Parent Relationship": "Inner", "Startup Cost": 52126.0, "Total Cost": 52126.0, "Plan Rows": 1500000, "Plan Width": 27, "Actual Startup Time": 1092.602, "Actual Total Time": 1092.602, "Actual Rows": 1500000, "Actual Loops": 1, "Hash Buckets": 2097152, "Hash Batches": 1, "Original Hash Batches": 1, "Peak Memory Usage": 93750, "Plans": [{"Node Type": "Seq Scan", "Parent Relationship": "Outer", "Relation Name": "customer", "Alias": "customer", "Startup Cost": 0.0, "Total Cost": 52126.0, "Plan Rows": 1500000, "Plan Width": 27, "Actual Startup Time": 0.029, "Actual Total Time": 587.14, "Actual Rows": 1500000, "Actual Loops": 1}]}]}, {"Node Type": "Bitmap Heap Scan", "Parent Relationship": "Inner", "Relation Name": "lineitem", "Alias": "lineitem", "Startup Cost": 0.38, "Total Cost": 4.49, "Plan Rows": 9, "Plan Width": 16, "Actual Startup Time": 1.943, "Actual Total Time": 2.103, "Actual Rows": 588, "Actual Loops": 84, "Recheck Cond": "(l_orderkey = orders.o_orderkey)", "Rows Removed by Index Recheck": 0, "Exact Heap Blocks": 96, "Lossy Heap Blocks": 96, "Plans": [{"Node Type": "Bitmap Index Scan", "Parent Relationship": "Outer", "Index Name": "idx_lineitem_orderkey", "Startup Cost": 0.0, "Total Cost": 0.38, "Plan Rows": 9, "Plan Width": 0, "Actual Startup Time": 1.193, "Actual Total Time": 1.193, "Actual Rows": 588, "Actual Loops": 84, "Index Cond": "(l_orderkey = orders.o_orderkey)"}]}]}]}]}]}, "Triggers": [], "Planner Runtime": 2.066, "Total Runtime": 52995.547, "Unique SQL Id": 1915754155}}, "(64, '71')": {"explain_plan": {"Plan": {"Node Type": "Limit", "Startup Cost": 1000324838994.8, "Total Cost": 1000324838995.05, "Plan Rows": 100, "Plan Width": 67, "Plans": [{"Node Type": "Sort", "Parent Relationship": "Outer", "Startup Cost": 1000324838994.8, "Total Cost": 1000324839310.61, "Plan Rows": 100, "Plan Width": 67, "Sort Key": ["orders.o_totalprice DESC", "orders.o_orderdate"], "Plans": [{"Node Type": "Aggregate", "Strategy": "Hashed", "Parent Relationship": "Outer", "Startup Cost": 1000324832903.7, "Total Cost": 1000324834166.91, "Plan Rows": 126321, "Plan Width": 67, "Group By Key": ["orders.o_totalprice", "orders.o_orderdate", "customer.c_name", "customer.c_custkey", "orders.o_orderkey"], "Plans": [{"Node Type": "Nested Loop", "Parent Relationship": "Outer", "Join Type": "Inner", "Startup Cost": 1000324315313.67, "Total Cost": 1000324831008.88, "Plan Rows": 126321, "Plan Width": 59, "Inner Unique": false, "Plans": [{"Node Type": "Nested Loop", "Parent Relationship": "Outer", "Join Type": "Inner", "Startup Cost": 1000324315313.29, "Total Cost": 1000324767232.73, "Plan Rows": 13913, "Plan Width": 59, "Inner Unique": true, "Plans": [{"Node Type": "Nested Loop", "Parent Relationship": "Outer", "Join Type": "Inner", "Startup Cost": 1000324315313.03, "Total Cost": 1000324625792.4, "Plan Rows": 33034, "Plan Width": 40, "Inner Unique": true, "Plans": [{"Node Type": "Aggregate", "Strategy": "Hashed", "Parent Relationship": "Outer", "Startup Cost": 1000324315309.67, "Total Cost": 1000324381460.28, "Plan Rows": 33034, "Plan Width": 24, "Group By Key": ["public.lineitem.l_orderkey"], "Filter": "(sum(public.lineitem.l_quantity) > 314::double precision), (LLVM Optimized)", "Plans": [{"Node Type": "Index Scan", "Parent Relationship": "Outer", "Scan Direction": "Forward", "Index Name": "idx_lineitem_orderkey", "Relation Name": "lineitem", "Alias": "lineitem", "Startup Cost": 10000000000.0, "Total Cost": 1000324015374.5, "Plan Rows": 59987033, "Plan Width": 16}]}, {"Node Type": "Bitmap Heap Scan", "Parent Relationship": "Inner", "Relation Name": "orders", "Alias": "orders", "Startup Cost": 3.36, "Total Cost": 7.38, "Plan Rows": 1, "Plan Width": 32, "Recheck Cond": "(o_orderkey = public.lineitem.l_orderkey)", "Plans": [{"Node Type": "Bitmap Index Scan", "Parent Relationship": "Outer", "Index Name": "orders_pkey", "Startup Cost": 0.0, "Total Cost": 3.36, "Plan Rows": 1, "Plan Width": 0, "Index Cond": "(o_orderkey = public.lineitem.l_orderkey)"}]}]}, {"Node Type": "Bitmap Heap Scan", "Parent Relationship": "Inner", "Relation Name": "customer", "Alias": "customer", "Startup Cost": 0.26, "Total Cost": 4.27, "Plan Rows": 1, "Plan Width": 27, "Recheck Cond": "(c_custkey = orders.o_custkey)", "Plans": [{"Node Type": "Bitmap Index Scan", "Parent Relationship": "Outer", "Index Name": "customer_pkey", "Startup Cost": 0.0, "Total Cost": 0.26, "Plan Rows": 1, "Plan Width": 0, "Index Cond": "(c_custkey = orders.o_custkey)"}]}]}, {"Node Type": "Bitmap Heap Scan", "Parent Relationship": "Inner", "Relation Name": "lineitem", "Alias": "lineitem", "Startup Cost": 0.38, "Total Cost": 4.49, "Plan Rows": 9, "Plan Width": 16, "Recheck Cond": "(l_orderkey = orders.o_orderkey)", "Plans": [{"Node Type": "Bitmap Index Scan", "Parent Relationship": "Outer", "Index Name": "idx_lineitem_orderkey", "Startup Cost": 0.0, "Total Cost": 0.38, "Plan Rows": 9, "Plan Width": 0, "Index Cond": "(l_orderkey = orders.o_orderkey)"}]}]}]}]}]}, "Unique SQL Id": 1915754155, "Planner Runtime": 1}, "explain_analyze_plan": {"Plan": {"Node Type": "Limit", "Startup Cost": 1000324838994.8, "Total Cost": 1000324838995.05, "Plan Rows": 100, "Plan Width": 67, "Actual Startup Time": 80249.492, "Actual Total Time": 80249.51, "Actual Rows": 84, "Actual Loops": 1, "Plans": [{"Node Type": "Sort", "Parent Relationship": "Outer", "Startup Cost": 1000324838994.8, "Total Cost": 1000324839310.61, "Plan Rows": 100, "Plan Width": 67, "Actual Startup Time": 80249.49, "Actual Total Time": 80249.501, "Actual Rows": 84, "Actual Loops": 1, "Sort Key": ["orders.o_totalprice DESC", "orders.o_orderdate"], "Sort Method": "quicksort", "Sort Space Used": 38, "Sort Space Type": "Memory", "Plans": [{"Node Type": "Aggregate", "Strategy": "Hashed", "Parent Relationship": "Outer", "Startup Cost": 1000324832903.7, "Total Cost": 1000324834166.91, "Plan Rows": 126321, "Plan Width": 67, "Actual Startup Time": 80249.1, "Actual Total Time": 80249.389, "Actual Rows": 84, "Actual Loops": 1, "Group By Key": ["orders.o_totalprice", "orders.o_orderdate", "customer.c_name", "customer.c_custkey", "orders.o_orderkey"], "Plans": [{"Node Type": "Nested Loop", "Parent Relationship": "Outer", "Join Type": "Inner", "Startup Cost": 1000324315313.67, "Total Cost": 1000324831008.88, "Plan Rows": 126321, "Plan Width": 59, "Actual Startup Time": 73111.745, "Actual Total Time": 80247.199, "Actual Rows": 588, "Actual Loops": 1, "Inner Unique": false, "Plans": [{"Node Type": "Nested Loop", "Parent Relationship": "Outer", "Join Type": "Inner", "Startup Cost": 1000324315313.29, "Total Cost": 1000324767232.73, "Plan Rows": 13913, "Plan Width": 59, "Actual Startup Time": 73111.701, "Actual Total Time": 80244.173, "Actual Rows": 84, "Actual Loops": 1, "Inner Unique": true, "Plans": [{"Node Type": "Nested Loop", "Parent Relationship": "Outer", "Join Type": "Inner", "Startup Cost": 1000324315313.03, "Total Cost": 1000324625792.4, "Plan Rows": 33034, "Plan Width": 40, "Actual Startup Time": 73111.642, "Actual Total Time": 80242.091, "Actual Rows": 84, "Actual Loops": 1, "Inner Unique": true, "Plans": [{"Node Type": "Aggregate", "Strategy": "Hashed", "Parent Relationship": "Outer", "Startup Cost": 1000324315309.67, "Total Cost": 1000324381460.28, "Plan Rows": 33034, "Plan Width": 24, "Actual Startup Time": 73111.524, "Actual Total Time": 80223.033, "Actual Rows": 84, "Actual Loops": 1, "Group By Key": ["public.lineitem.l_orderkey"], "Filter": "(sum(public.lineitem.l_quantity) > 314::double precision), (LLVM Optimized, Jit Execute)", "Rows Removed by Filter": 14999916, "Plans": [{"Node Type": "Index Scan", "Parent Relationship": "Outer", "Scan Direction": "Forward", "Index Name": "idx_lineitem_orderkey", "Relation Name": "lineitem", "Alias": "lineitem", "Startup Cost": 10000000000.0, "Total Cost": 1000324015374.5, "Plan Rows": 59987033, "Plan Width": 16, "Actual Startup Time": 0.063, "Actual Total Time": 44361.768, "Actual Rows": 59986052, "Actual Loops": 1}]}, {"Node Type": "Bitmap Heap Scan", "Parent Relationship": "Inner", "Relation Name": "orders", "Alias": "orders", "Startup Cost": 3.36, "Total Cost": 7.38, "Plan Rows": 1, "Plan Width": 32, "Actual Startup Time": 3.64, "Actual Total Time": 3.64, "Actual Rows": 84, "Actual Loops": 84, "Recheck Cond": "(o_orderkey = public.lineitem.l_orderkey)", "Rows Removed by Index Recheck": 0, "Exact Heap Blocks": 84, "Lossy Heap Blocks": 84, "Plans": [{"Node Type": "Bitmap Index Scan", "Parent Relationship": "Outer", "Index Name": "orders_pkey", "Startup Cost": 0.0, "Total Cost": 3.36, "Plan Rows": 1, "Plan Width": 0, "Actual Startup Time": 2.402, "Actual Total Time": 2.402, "Actual Rows": 84, "Actual Loops": 84, "Index Cond": "(o_orderkey = public.lineitem.l_orderkey)"}]}]}, {"Node Type": "Bitmap Heap Scan", "Parent Relationship": "Inner", "Relation Name": "customer", "Alias": "customer", "Startup Cost": 0.26, "Total Cost": 4.27, "Plan Rows": 1, "Plan Width": 27, "Actual Startup Time": 1.455, "Actual Total Time": 1.455, "Actual Rows": 84, "Actual Loops": 84, "Recheck Cond": "(c_custkey = orders.o_custkey)", "Rows Removed by Index Recheck": 0, "Exact Heap Blocks": 84, "Lossy Heap Blocks": 84, "Plans": [{"Node Type": "Bitmap Index Scan", "Parent Relationship": "Outer", "Index Name": "customer_pkey", "Startup Cost": 0.0, "Total Cost": 0.26, "Plan Rows": 1, "Plan Width": 0, "Actual Startup Time": 0.897, "Actual Total Time": 0.897, "Actual Rows": 84, "Actual Loops": 84, "Index Cond": "(c_custkey = orders.o_custkey)"}]}]}, {"Node Type": "Bitmap Heap Scan", "Parent Relationship": "Inner", "Relation Name": "lineitem", "Alias": "lineitem", "Startup Cost": 0.38, "Total Cost": 4.49, "Plan Rows": 9, "Plan Width": 16, "Actual Startup Time": 2.054, "Actual Total Time": 2.216, "Actual Rows": 588, "Actual Loops": 84, "Recheck Cond": "(l_orderkey = orders.o_orderkey)", "Rows Removed by Index Recheck": 0, "Exact Heap Blocks": 96, "Lossy Heap Blocks": 96, "Plans": [{"Node Type": "Bitmap Index Scan", "Parent Relationship": "Outer", "Index Name": "idx_lineitem_orderkey", "Startup Cost": 0.0, "Total Cost": 0.38, "Plan Rows": 9, "Plan Width": 0, "Actual Startup Time": 1.268, "Actual Total Time": 1.268, "Actual Rows": 588, "Actual Loops": 84, "Index Cond": "(l_orderkey = orders.o_orderkey)"}]}]}]}]}]}, "Triggers": [], "Planner Runtime": 1.823, "Total Runtime": 80258.843, "Unique SQL Id": 1915754155}}, "(64, '72')": {"explain_plan": {"Plan": {"Node Type": "Limit", "Startup Cost": 2649029.8, "Total Cost": 2649030.05, "Plan Rows": 100, "Plan Width": 67, "Plans": [{"Node Type": "Sort", "Parent Relationship": "Outer", "Startup Cost": 2649029.8, "Total Cost": 2649345.6, "Plan Rows": 100, "Plan Width": 67, "Sort Key": ["orders.o_totalprice DESC", "orders.o_orderdate"], "Plans": [{"Node Type": "Aggregate", "Strategy": "Hashed", "Parent Relationship": "Outer", "Startup Cost": 2642938.69, "Total Cost": 2644201.9, "Plan Rows": 126321, "Plan Width": 67, "Group By Key": ["orders.o_totalprice", "orders.o_orderdate", "customer.c_name", "customer.c_custkey", "orders.o_orderkey"], "Plans": [{"Node Type": "Nested Loop", "Parent Relationship": "Outer", "Join Type": "Inner", "Startup Cost": 2315050.5, "Total Cost": 2641043.88, "Plan Rows": 126321, "Plan Width": 59, "Inner Unique": false, "Plans": [{"Node Type": "Nested Loop", "Parent Relationship": "Outer", "Join Type": "Inner", "Startup Cost": 2315050.5, "Total Cost": 2627700.1, "Plan Rows": 13913, "Plan Width": 59, "Inner Unique": true, "Plans": [{"Node Type": "Nested Loop", "Parent Relationship": "Outer", "Join Type": "Inner", "Startup Cost": 2315050.5, "Total Cost": 2618076.97, "Plan Rows": 33034, "Plan Width": 40, "Inner Unique": true, "Plans": [{"Node Type": "Aggregate", "Strategy": "Hashed", "Parent Relationship": "Outer", "Startup Cost": 2315050.5, "Total Cost": 2381201.11, "Plan Rows": 33034, "Plan Width": 24, "Group By Key": ["public.lineitem.l_orderkey"], "Filter": "(sum(public.lineitem.l_quantity) > 314::double precision), (LLVM Optimized)", "Plans": [{"Node Type": "Seq Scan", "Parent Relationship": "Outer", "Relation Name": "lineitem", "Alias": "lineitem", "Startup Cost": 0.0, "Total Cost": 2015115.33, "Plan Rows": 59987033, "Plan Width": 16}]}, {"Node Type": "Index Scan", "Parent Relationship": "Inner", "Scan Direction": "Forward", "Index Name": "orders_pkey", "Relation Name": "orders", "Alias": "orders", "Startup Cost": 0.0, "Total Cost": 7.15, "Plan Rows": 1, "Plan Width": 32, "Index Cond": "(o_orderkey = public.lineitem.l_orderkey)"}]}, {"Node Type": "Index Scan", "Parent Relationship": "Inner", "Scan Direction": "Forward", "Index Name": "customer_pkey", "Relation Name": "customer", "Alias": "customer", "Startup Cost": 0.0, "Total Cost": 0.28, "Plan Rows": 1, "Plan Width": 27, "Index Cond": "(c_custkey = orders.o_custkey)"}]}, {"Node Type": "Index Scan", "Parent Relationship": "Inner", "Scan Direction": "Forward", "Index Name": "idx_lineitem_orderkey", "Relation Name": "lineitem", "Alias": "lineitem", "Startup Cost": 0.0, "Total Cost": 0.87, "Plan Rows": 9, "Plan Width": 16, "Index Cond": "(l_orderkey = orders.o_orderkey)"}]}]}]}]}, "Unique SQL Id": 1915754155, "Planner Runtime": 2}, "explain_analyze_plan": {"Plan": {"Node Type": "Limit", "Startup Cost": 2649029.8, "Total Cost": 2649030.05, "Plan Rows": 100, "Plan Width": 67, "Actual Startup Time": 54861.493, "Actual Total Time": 54861.508, "Actual Rows": 84, "Actual Loops": 1, "Plans": [{"Node Type": "Sort", "Parent Relationship": "Outer", "Startup Cost": 2649029.8, "Total Cost": 2649345.6, "Plan Rows": 100, "Plan Width": 67, "Actual Startup Time": 54861.49, "Actual Total Time": 54861.494, "Actual Rows": 84, "Actual Loops": 1, "Sort Key": ["orders.o_totalprice DESC", "orders.o_orderdate"], "Sort Method": "quicksort", "Sort Space Used": 38, "Sort Space Type": "Memory", "Plans": [{"Node Type": "Aggregate", "Strategy": "Hashed", "Parent Relationship": "Outer", "Startup Cost": 2642938.69, "Total Cost": 2644201.9, "Plan Rows": 126321, "Plan Width": 67, "Actual Startup Time": 54860.881, "Actual Total Time": 54861.367, "Actual Rows": 84, "Actual Loops": 1, "Group By Key": ["orders.o_totalprice", "orders.o_orderdate", "customer.c_name", "customer.c_custkey", "orders.o_orderkey"], "Plans": [{"Node Type": "Nested Loop", "Parent Relationship": "Outer", "Join Type": "Inner", "Startup Cost": 2315050.5, "Total Cost": 2641043.88, "Plan Rows": 126321, "Plan Width": 59, "Actual Startup Time": 49072.337, "Actual Total Time": 54858.992, "Actual Rows": 588, "Actual Loops": 1, "Inner Unique": false, "Plans": [{"Node Type": "Nested Loop", "Parent Relationship": "Outer", "Join Type": "Inner", "Startup Cost": 2315050.5, "Total Cost": 2627700.1, "Plan Rows": 13913, "Plan Width": 59, "Actual Startup Time": 49072.315, "Actual Total Time": 54856.844, "Actual Rows": 84, "Actual Loops": 1, "Inner Unique": true, "Plans": [{"Node Type": "Nested Loop", "Parent Relationship": "Outer", "Join Type": "Inner", "Startup Cost": 2315050.5, "Total Cost": 2618076.97, "Plan Rows": 33034, "Plan Width": 40, "Actual Startup Time": 49072.296, "Actual Total Time": 54855.643, "Actual Rows": 84, "Actual Loops": 1, "Inner Unique": true, "Plans": [{"Node Type": "Aggregate", "Strategy": "Hashed", "Parent Relationship": "Outer", "Startup Cost": 2315050.5, "Total Cost": 2381201.11, "Plan Rows": 33034, "Plan Width": 24, "Actual Startup Time": 49072.224, "Actual Total Time": 54835.622, "Actual Rows": 84, "Actual Loops": 1, "Group By Key": ["public.lineitem.l_orderkey"], "Filter": "(sum(public.lineitem.l_quantity) > 314::double precision), (LLVM Optimized, Jit Execute)", "Rows Removed by Filter": 14999916, "Plans": [{"Node Type": "Seq Scan", "Parent Relationship": "Outer", "Relation Name": "lineitem", "Alias": "lineitem", "Startup Cost": 0.0, "Total Cost": 2015115.33, "Plan Rows": 59987033, "Plan Width": 16, "Actual Startup Time": 0.051, "Actual Total Time": 20660.278, "Actual Rows": 59986052, "Actual Loops": 1}]}, {"Node Type": "Index Scan", "Parent Relationship": "Inner", "Scan Direction": "Forward", "Index Name": "orders_pkey", "Relation Name": "orders", "Alias": "orders", "Startup Cost": 0.0, "Total Cost": 7.15, "Plan Rows": 1, "Plan Width": 32, "Actual Startup Time": 2.649, "Actual Total Time": 2.649, "Actual Rows": 84, "Actual Loops": 84, "Index Cond": "(o_orderkey = public.lineitem.l_orderkey)", "Rows Removed by Index Recheck": 0}]}, {"Node Type": "Index Scan", "Parent Relationship": "Inner", "Scan Direction": "Forward", "Index Name": "customer_pkey", "Relation Name": "customer", "Alias": "customer", "Startup Cost": 0.0, "Total Cost": 0.28, "Plan Rows": 1, "Plan Width": 27, "Actual Startup Time": 0.851, "Actual Total Time": 0.851, "Actual Rows": 84, "Actual Loops": 84, "Index Cond": "(c_custkey = orders.o_custkey)", "Rows Removed by Index Recheck": 0}]}, {"Node Type": "Index Scan", "Parent Relationship": "Inner", "Scan Direction": "Forward", "Index Name": "idx_lineitem_orderkey", "Relation Name": "lineitem", "Alias": "lineitem", "Startup Cost": 0.0, "Total Cost": 0.87, "Plan Rows": 9, "Plan Width": 16, "Actual Startup Time": 1.215, "Actual Total Time": 1.721, "Actual Rows": 588, "Actual Loops": 84, "Index Cond": "(l_orderkey = orders.o_orderkey)", "Rows Removed by Index Recheck": 0}]}]}]}]}, "Triggers": [], "Planner Runtime": 2.136, "Total Runtime": 54871.674, "Unique SQL Id": 1915754155}}, "(64, '73')": {"explain_plan": {"Plan": {"Node Type": "Limit", "Startup Cost": 3874068.21, "Total Cost": 3874068.46, "Plan Rows": 100, "Plan Width": 67, "Plans": [{"Node Type": "Sort", "Parent Relationship": "Outer", "Startup Cost": 3874068.21, "Total Cost": 3874384.02, "Plan Rows": 100, "Plan Width": 67, "Sort Key": ["orders.o_totalprice DESC", "orders.o_orderdate"], "Plans": [{"Node Type": "Aggregate", "Strategy": "Hashed", "Parent Relationship": "Outer", "Startup Cost": 3867977.11, "Total Cost": 3869240.32, "Plan Rows": 126321, "Plan Width": 67, "Group By Key": ["orders.o_totalprice", "orders.o_orderdate", "customer.c_name", "customer.c_custkey", "orders.o_orderkey"], "Plans": [{"Node Type": "Nested Loop", "Parent Relationship": "Outer", "Join Type": "Inner", "Startup Cost": 3540088.91, "Total Cost": 3866082.29, "Plan Rows": 126321, "Plan Width": 59, "Inner Unique": false, "Plans": [{"Node Type": "Nested Loop", "Parent Relationship": "Outer", "Join Type": "Inner", "Startup Cost": 3540088.91, "Total Cost": 3852738.51, "Plan Rows": 13913, "Plan Width": 59, "Inner Unique": true, "Plans": [{"Node Type": "Nested Loop", "Parent Relationship": "Outer", "Join Type": "Inner", "Startup Cost": 3540088.91, "Total Cost": 3843115.38, "Plan Rows": 33034, "Plan Width": 40, "Inner Unique": true, "Plans": [{"Node Type": "Aggregate", "Strategy": "Hashed", "Parent Relationship": "Outer", "Startup Cost": 3540088.91, "Total Cost": 3606239.52, "Plan Rows": 33034, "Plan Width": 24, "Group By Key": ["public.lineitem.l_orderkey"], "Filter": "(sum(public.lineitem.l_quantity) > 314::double precision), (LLVM Optimized)", "Plans": [{"Node Type": "Index Scan", "Parent Relationship": "Outer", "Scan Direction": "Forward", "Index Name": "idx_lineitem_orderkey", "Relation Name": "lineitem", "Alias": "lineitem", "Startup Cost": 0.0, "Total Cost": 3240153.75, "Plan Rows": 59987033, "Plan Width": 16}]}, {"Node Type": "Index Scan", "Parent Relationship": "Inner", "Scan Direction": "Forward", "Index Name": "orders_pkey", "Relation Name": "orders", "Alias": "orders", "Startup Cost": 0.0, "Total Cost": 7.15, "Plan Rows": 1, "Plan Width": 32, "Index Cond": "(o_orderkey = public.lineitem.l_orderkey)"}]}, {"Node Type": "Index Scan", "Parent Relationship": "Inner", "Scan Direction": "Forward", "Index Name": "customer_pkey", "Relation Name": "customer", "Alias": "customer", "Startup Cost": 0.0, "Total Cost": 0.28, "Plan Rows": 1, "Plan Width": 27, "Index Cond": "(c_custkey = orders.o_custkey)"}]}, {"Node Type": "Index Scan", "Parent Relationship": "Inner", "Scan Direction": "Forward", "Index Name": "idx_lineitem_orderkey", "Relation Name": "lineitem", "Alias": "lineitem", "Startup Cost": 0.0, "Total Cost": 0.87, "Plan Rows": 9, "Plan Width": 16, "Index Cond": "(l_orderkey = orders.o_orderkey)"}]}]}]}]}, "Unique SQL Id": 1915754155, "Planner Runtime": 2}, "explain_analyze_plan": {"Plan": {"Node Type": "Limit", "Startup Cost": 3874068.21, "Total Cost": 3874068.46, "Plan Rows": 100, "Plan Width": 67, "Actual Startup Time": 78667.563, "Actual Total Time": 78667.58, "Actual Rows": 84, "Actual Loops": 1, "Plans": [{"Node Type": "Sort", "Parent Relationship": "Outer", "Startup Cost": 3874068.21, "Total Cost": 3874384.02, "Plan Rows": 100, "Plan Width": 67, "Actual Startup Time": 78667.561, "Actual Total Time": 78667.57, "Actual Rows": 84, "Actual Loops": 1, "Sort Key": ["orders.o_totalprice DESC", "orders.o_orderdate"], "Sort Method": "quicksort", "Sort Space Used": 38, "Sort Space Type": "Memory", "Plans": [{"Node Type": "Aggregate", "Strategy": "Hashed", "Parent Relationship": "Outer", "Startup Cost": 3867977.11, "Total Cost": 3869240.32, "Plan Rows": 126321, "Plan Width": 67, "Actual Startup Time": 78666.912, "Actual Total Time": 78667.456, "Actual Rows": 84, "Actual Loops": 1, "Group By Key": ["orders.o_totalprice", "orders.o_orderdate", "customer.c_name", "customer.c_custkey", "orders.o_orderkey"], "Plans": [{"Node Type": "Nested Loop", "Parent Relationship": "Outer", "Join Type": "Inner", "Startup Cost": 3540088.91, "Total Cost": 3866082.29, "Plan Rows": 126321, "Plan Width": 59, "Actual Startup Time": 71346.529, "Actual Total Time": 78665.231, "Actual Rows": 588, "Actual Loops": 1, "Inner Unique": false, "Plans": [{"Node Type": "Nested Loop", "Parent Relationship": "Outer", "Join Type": "Inner", "Startup Cost": 3540088.91, "Total Cost": 3852738.51, "Plan Rows": 13913, "Plan Width": 59, "Actual Startup Time": 71346.496, "Actual Total Time": 78662.632, "Actual Rows": 84, "Actual Loops": 1, "Inner Unique": true, "Plans": [{"Node Type": "Nested Loop", "Parent Relationship": "Outer", "Join Type": "Inner", "Startup Cost": 3540088.91, "Total Cost": 3843115.38, "Plan Rows": 33034, "Plan Width": 40, "Actual Startup Time": 71346.464, "Actual Total Time": 78660.834, "Actual Rows": 84, "Actual Loops": 1, "Inner Unique": true, "Plans": [{"Node Type": "Aggregate", "Strategy": "Hashed", "Parent Relationship": "Outer", "Startup Cost": 3540088.91, "Total Cost": 3606239.52, "Plan Rows": 33034, "Plan Width": 24, "Actual Startup Time": 71346.402, "Actual Total Time": 78640.855, "Actual Rows": 84, "Actual Loops": 1, "Group By Key": ["public.lineitem.l_orderkey"], "Filter": "(sum(public.lineitem.l_quantity) > 314::double precision), (LLVM Optimized, Jit Execute)", "Rows Removed by Filter": 14999916, "Plans": [{"Node Type": "Index Scan", "Parent Relationship": "Outer", "Scan Direction": "Forward", "Index Name": "idx_lineitem_orderkey", "Relation Name": "lineitem", "Alias": "lineitem", "Startup Cost": 0.0, "Total Cost": 3240153.75, "Plan Rows": 59987033, "Plan Width": 16, "Actual Startup Time": 0.07, "Actual Total Time": 42499.927, "Actual Rows": 59986052, "Actual Loops": 1}]}, {"Node Type": "Index Scan", "Parent Relationship": "Inner", "Scan Direction": "Forward", "Index Name": "orders_pkey", "Relation Name": "orders", "Alias": "orders", "Startup Cost": 0.0, "Total Cost": 7.15, "Plan Rows": 1, "Plan Width": 32, "Actual Startup Time": 2.739, "Actual Total Time": 2.739, "Actual Rows": 84, "Actual Loops": 84, "Index Cond": "(o_orderkey = public.lineitem.l_orderkey)", "Rows Removed by Index Recheck": 0}]}, {"Node Type": "Index Scan", "Parent Relationship": "Inner", "Scan Direction": "Forward", "Index Name": "customer_pkey", "Relation Name": "customer", "Alias": "customer", "Startup Cost": 0.0, "Total Cost": 0.28, "Plan Rows": 1, "Plan Width": 27, "Actual Startup Time": 1.301, "Actual Total Time": 1.301, "Actual Rows": 84, "Actual Loops": 84, "Index Cond": "(c_custkey = orders.o_custkey)", "Rows Removed by Index Recheck": 0}]}, {"Node Type": "Index Scan", "Parent Relationship": "Inner", "Scan Direction": "Forward", "Index Name": "idx_lineitem_orderkey", "Relation Name": "lineitem", "Alias": "lineitem", "Startup Cost": 0.0, "Total Cost": 0.87, "Plan Rows": 9, "Plan Width": 16, "Actual Startup Time": 1.627, "Actual Total Time": 2.06, "Actual Rows": 588, "Actual Loops": 84, "Index Cond": "(l_orderkey = orders.o_orderkey)", "Rows Removed by Index Recheck": 0}]}]}]}]}, "Triggers": [], "Planner Runtime": 2.114, "Total Runtime": 78676.91, "Unique SQL Id": 1915754155}}, "(64, '74')": {"explain_plan": {"Plan": {"Node Type": "Limit", "Startup Cost": 5166300.38, "Total Cost": 5166300.63, "Plan Rows": 100, "Plan Width": 67, "Plans": [{"Node Type": "Sort", "Parent Relationship": "Outer", "Startup Cost": 5166300.38, "Total Cost": 5166616.18, "Plan Rows": 100, "Plan Width": 67, "Sort Key": ["orders.o_totalprice DESC", "orders.o_orderdate"], "Plans": [{"Node Type": "Aggregate", "Strategy": "Hashed", "Parent Relationship": "Outer", "Startup Cost": 5160209.27, "Total Cost": 5161472.48, "Plan Rows": 126321, "Plan Width": 67, "Group By Key": ["orders.o_totalprice", "orders.o_orderdate", "customer.c_name", "customer.c_custkey", "orders.o_orderkey"], "Plans": [{"Node Type": "Hash Join", "Parent Relationship": "Outer", "Join Type": "Inner", "Startup Cost": 2917691.33, "Total Cost": 5158314.46, "Plan Rows": 126321, "Plan Width": 59, "Inner Unique": false, "Hash Cond": "(public.lineitem.l_orderkey = orders.o_orderkey), (LLVM Optimized)", "Plans": [{"Node Type": "Seq Scan", "Parent Relationship": "Outer", "Relation Name": "lineitem", "Alias": "lineitem", "Startup Cost": 0.0, "Total Cost": 2015115.33, "Plan Rows": 59987033, "Plan Width": 16}, {"Node Type": "Hash", "Parent Relationship": "Inner", "Startup Cost": 2917517.42, "Total Cost": 2917517.42, "Plan Rows": 13913, "Plan Width": 59, "Plans": [{"Node Type": "Hash Join", "Parent Relationship": "Outer", "Join Type": "Inner", "Startup Cost": 2452820.37, "Total Cost": 2917517.42, "Plan Rows": 13913, "Plan Width": 59, "Inner Unique": true, "Hash Cond": "(orders.o_custkey = customer.c_custkey)", "Plans": [{"Node Type": "Hash Join", "Parent Relationship": "Outer", "Join Type": "Inner", "Startup Cost": 2381944.37, "Total Cost": 2846187.2, "Plan Rows": 33034, "Plan Width": 40, "Inner Unique": true, "Hash Cond": "(orders.o_orderkey = public.lineitem.l_orderkey)", "Plans": [{"Node Type": "Seq Scan", "Parent Relationship": "Outer", "Relation Name": "orders", "Alias": "orders", "Startup Cost": 0.0, "Total Cost": 426413.79, "Plan Rows": 14999479, "Plan Width": 32}, {"Node Type": "Hash", "Parent Relationship": "Inner", "Startup Cost": 2381531.45, "Total Cost": 2381531.45, "Plan Rows": 33034, "Plan Width": 8, "Plans": [{"Node Type": "Aggregate", "Strategy": "Hashed", "Parent Relationship": "Outer", "Startup Cost": 2315050.5, "Total Cost": 2381201.11, "Plan Rows": 33034, "Plan Width": 24, "Group By Key": ["public.lineitem.l_orderkey"], "Filter": "(sum(public.lineitem.l_quantity) > 314::double precision), (LLVM Optimized)", "Plans": [{"Node Type": "Seq Scan", "Parent Relationship": "Outer", "Relation Name": "lineitem", "Alias": "lineitem", "Startup Cost": 0.0, "Total Cost": 2015115.33, "Plan Rows": 59987033, "Plan Width": 16}]}]}]}, {"Node Type": "Hash", "Parent Relationship": "Inner", "Startup Cost": 52126.0, "Total Cost": 52126.0, "Plan Rows": 1500000, "Plan Width": 27, "Plans": [{"Node Type": "Seq Scan", "Parent Relationship": "Outer", "Relation Name": "customer", "Alias": "customer", "Startup Cost": 0.0, "Total Cost": 52126.0, "Plan Rows": 1500000, "Plan Width": 27}]}]}]}]}]}]}]}, "Unique SQL Id": 1915754155, "Planner Runtime": 2}, "explain_analyze_plan": {"Plan": {"Node Type": "Limit", "Startup Cost": 5166300.38, "Total Cost": 5166300.63, "Plan Rows": 100, "Plan Width": 67, "Actual Startup Time": 87758.089, "Actual Total Time": 87758.105, "Actual Rows": 84, "Actual Loops": 1, "Plans": [{"Node Type": "Sort", "Parent Relationship": "Outer", "Startup Cost": 5166300.38, "Total Cost": 5166616.18, "Plan Rows": 100, "Plan Width": 67, "Actual Startup Time": 87758.086, "Actual Total Time": 87758.093, "Actual Rows": 84, "Actual Loops": 1, "Sort Key": ["orders.o_totalprice DESC", "orders.o_orderdate"], "Sort Method": "quicksort", "Sort Space Used": 38, "Sort Space Type": "Memory", "Plans": [{"Node Type": "Aggregate", "Strategy": "Hashed", "Parent Relationship": "Outer", "Startup Cost": 5160209.27, "Total Cost": 5161472.48, "Plan Rows": 126321, "Plan Width": 67, "Actual Startup Time": 87757.697, "Actual Total Time": 87757.964, "Actual Rows": 84, "Actual Loops": 1, "Group By Key": ["orders.o_totalprice", "orders.o_orderdate", "customer.c_name", "customer.c_custkey", "orders.o_orderkey"], "Plans": [{"Node Type": "Hash Join", "Parent Relationship": "Outer", "Join Type": "Inner", "Startup Cost": 2917691.33, "Total Cost": 5158314.46, "Plan Rows": 126321, "Plan Width": 59, "Actual Startup Time": 61442.015, "Actual Total Time": 87754.55, "Actual Rows": 588, "Actual Loops": 1, "Inner Unique": false, "Hash Cond": "(public.lineitem.l_orderkey = orders.o_orderkey), (LLVM Optimized, Jit Execute)", "Plans": [{"Node Type": "Seq Scan", "Parent Relationship": "Outer", "Relation Name": "lineitem", "Alias": "lineitem", "Startup Cost": 0.0, "Total Cost": 2015115.33, "Plan Rows": 59987033, "Plan Width": 16, "Actual Startup Time": 0.026, "Actual Total Time": 16730.65, "Actual Rows": 59986052, "Actual Loops": 1}, {"Node Type": "Hash", "Parent Relationship": "Inner", "Startup Cost": 2917517.42, "Total Cost": 2917517.42, "Plan Rows": 13913, "Plan Width": 59, "Actual Startup Time": 60869.861, "Actual Total Time": 60869.861, "Actual Rows": 84, "Actual Loops": 1, "Hash Buckets": 32768, "Hash Batches": 1, "Original Hash Batches": 1, "Peak Memory Usage": 8, "Plans": [{"Node Type": "Hash Join", "Parent Relationship": "Outer", "Join Type": "Inner", "Startup Cost": 2452820.37, "Total Cost": 2917517.42, "Plan Rows": 13913, "Plan Width": 59, "Actual Startup Time": 54230.749, "Actual Total Time": 60869.52, "Actual Rows": 84, "Actual Loops": 1, "Inner Unique": true, "Hash Cond": "(orders.o_custkey = customer.c_custkey)", "Plans": [{"Node Type": "Hash Join", "Parent Relationship": "Outer", "Join Type": "Inner", "Startup Cost": 2381944.37, "Total Cost": 2846187.2, "Plan Rows": 33034, "Plan Width": 40, "Actual Startup Time": 53234.503, "Actual Total Time": 59871.886, "Actual Rows": 84, "Actual Loops": 1, "Inner Unique": true, "Hash Cond": "(orders.o_orderkey = public.lineitem.l_orderkey)", "Plans": [{"Node Type": "Seq Scan", "Parent Relationship": "Outer", "Relation Name": "orders", "Alias": "orders", "Startup Cost": 0.0, "Total Cost": 426413.79, "Plan Rows": 14999479, "Plan Width": 32, "Actual Startup Time": 0.018, "Actual Total Time": 3849.952, "Actual Rows": 15000000, "Actual Loops": 1}, {"Node Type": "Hash", "Parent Relationship": "Inner", "Startup Cost": 2381531.45, "Total Cost": 2381531.45, "Plan Rows": 33034, "Plan Width": 8, "Actual Startup Time": 53079.015, "Actual Total Time": 53079.015, "Actual Rows": 84, "Actual Loops": 1, "Hash Buckets": 65536, "Hash Batches": 1, "Original Hash Batches": 1, "Peak Memory Usage": 4, "Plans": [{"Node Type": "Aggregate", "Strategy": "Hashed", "Parent Relationship": "Outer", "Startup Cost": 2315050.5, "Total Cost": 2381201.11, "Plan Rows": 33034, "Plan Width": 24, "Actual Startup Time": 47520.717, "Actual Total Time": 53078.557, "Actual Rows": 84, "Actual Loops": 1, "Group By Key": ["public.lineitem.l_orderkey"], "Filter": "(sum(public.lineitem.l_quantity) > 314::double precision), (LLVM Optimized, Jit Execute)", "Rows Removed by Filter": 14999916, "Plans": [{"Node Type": "Seq Scan", "Parent Relationship": "Outer", "Relation Name": "lineitem", "Alias": "lineitem", "Startup Cost": 0.0, "Total Cost": 2015115.33, "Plan Rows": 59987033, "Plan Width": 16, "Actual Startup Time": 0.041, "Actual Total Time": 20439.116, "Actual Rows": 59986052, "Actual Loops": 1}]}]}]}, {"Node Type": "Hash", "Parent Relationship": "Inner", "Startup Cost": 52126.0, "Total Cost": 52126.0, "Plan Rows": 1500000, "Plan Width": 27, "Actual Startup Time": 994.951, "Actual Total Time": 994.951, "Actual Rows": 1500000, "Actual Loops": 1, "Hash Buckets": 2097152, "Hash Batches": 1, "Original Hash Batches": 1, "Peak Memory Usage": 93750, "Plans": [{"Node Type": "Seq Scan", "Parent Relationship": "Outer", "Relation Name": "customer", "Alias": "customer", "Startup Cost": 0.0, "Total Cost": 52126.0, "Plan Rows": 1500000, "Plan Width": 27, "Actual Startup Time": 0.022, "Actual Total Time": 519.702, "Actual Rows": 1500000, "Actual Loops": 1}]}]}]}]}]}]}]}, "Triggers": [], "Planner Runtime": 2.255, "Total Runtime": 87768.282, "Unique SQL Id": 1915754155}}, "(64, '75')": {"explain_plan": {"Plan": {"Node Type": "Limit", "Startup Cost": 4000713630676.15, "Total Cost": 4000713630676.4, "Plan Rows": 100, "Plan Width": 67, "Plans": [{"Node Type": "Sort", "Parent Relationship": "Outer", "Startup Cost": 4000713630676.15, "Total Cost": 4000713630991.95, "Plan Rows": 100, "Plan Width": 67, "Sort Key": ["orders.o_totalprice DESC", "orders.o_orderdate"], "Plans": [{"Node Type": "Aggregate", "Strategy": "Hashed", "Parent Relationship": "Outer", "Startup Cost": 4000713624585.04, "Total Cost": 4000713625848.25, "Plan Rows": 126321, "Plan Width": 67, "Group By Key": ["orders.o_totalprice", "orders.o_orderdate", "customer.c_name", "customer.c_custkey", "orders.o_orderkey"], "Plans": [{"Node Type": "Hash Join", "Parent Relationship": "Outer", "Join Type": "Inner", "Startup Cost": 2020362450892.4, "Total Cost": 4000713622690.23, "Plan Rows": 126321, "Plan Width": 59, "Inner Unique": true, "Hash Cond": "(orders.o_custkey = customer.c_custkey), (LLVM Optimized)", "Plans": [{"Node Type": "Merge Join", "Parent Relationship": "Outer", "Join Type": "Inner", "Startup Cost": 1020354355606.78, "Total Cost": 3000705526249.59, "Plan Rows": 132112, "Plan Width": 40, "Inner Unique": false, "Merge Cond": "(orders.o_orderkey = public.lineitem.l_orderkey)", "Plans": [{"Node Type": "Merge Join", "Parent Relationship": "Outer", "Join Type": "Semi", "Startup Cost": 1010324384270.1, "Total Cost": 2000397520107.8, "Plan Rows": 33034, "Plan Width": 40, "Inner Unique": false, "Merge Cond": "(orders.o_orderkey = public.lineitem.l_orderkey)", "Plans": [{"Node Type": "Index Scan", "Parent Relationship": "Outer", "Scan Direction": "Forward", "Index Name": "orders_pkey", "Relation Name": "orders", "Alias": "orders", "Startup Cost": 10000000000.0, "Total Cost": 1000073097843.5, "Plan Rows": 14999479, "Plan Width": 32}, {"Node Type": "Sort", "Parent Relationship": "Inner", "Startup Cost": 1000324384270.1, "Total Cost": 1000324384352.68, "Plan Rows": 33034, "Plan Width": 8, "Sort Key": ["public.lineitem.l_orderkey"], "Plans": [{"Node Type": "Aggregate", "Strategy": "Hashed", "Parent Relationship": "Outer", "Startup Cost": 1000324315309.67, "Total Cost": 1000324381460.28, "Plan Rows": 33034, "Plan Width": 24, "Group By Key": ["public.lineitem.l_orderkey"], "Filter": "(sum(public.lineitem.l_quantity) > 314::double precision), (LLVM Optimized)", "Plans": [{"Node Type": "Index Scan", "Parent Relationship": "Outer", "Scan Direction": "Forward", "Index Name": "idx_lineitem_orderkey", "Relation Name": "lineitem", "Alias": "lineitem", "Startup Cost": 10000000000.0, "Total Cost": 1000324015374.5, "Plan Rows": 59987033, "Plan Width": 16}]}]}]}, {"Node Type": "Index Scan", "Parent Relationship": "Inner", "Scan Direction": "Forward", "Index Name": "idx_lineitem_orderkey", "Relation Name": "lineitem", "Alias": "lineitem", "Startup Cost": 10000000000.0, "Total Cost": 1000324015374.5, "Plan Rows": 59987033, "Plan Width": 16}]}, {"Node Type": "Hash", "Parent Relationship": "Inner", "Startup Cost": 1000008076535.62, "Total Cost": 1000008076535.62, "Plan Rows": 1500000, "Plan Width": 27, "Plans": [{"Node Type": "Index Scan", "Parent Relationship": "Outer", "Scan Direction": "Forward", "Index Name": "customer_pkey", "Relation Name": "customer", "Alias": "customer", "Startup Cost": 10000000000.0, "Total Cost": 1000008076535.62, "Plan Rows": 1500000, "Plan Width": 27}]}]}]}]}]}, "Unique SQL Id": 1915754155, "Planner Runtime": 2}, "explain_analyze_plan": null}, "(64, '76')": {"explain_plan": {"Plan": {"Node Type": "Limit", "Startup Cost": 2649029.8, "Total Cost": 2649030.05, "Plan Rows": 100, "Plan Width": 67, "Plans": [{"Node Type": "Sort", "Parent Relationship": "Outer", "Startup Cost": 2649029.8, "Total Cost": 2649345.6, "Plan Rows": 100, "Plan Width": 67, "Sort Key": ["orders.o_totalprice DESC", "orders.o_orderdate"], "Plans": [{"Node Type": "Aggregate", "Strategy": "Hashed", "Parent Relationship": "Outer", "Startup Cost": 2642938.69, "Total Cost": 2644201.9, "Plan Rows": 126321, "Plan Width": 67, "Group By Key": ["orders.o_totalprice", "orders.o_orderdate", "customer.c_name", "customer.c_custkey", "orders.o_orderkey"], "Plans": [{"Node Type": "Nested Loop", "Parent Relationship": "Outer", "Join Type": "Inner", "Startup Cost": 2315050.5, "Total Cost": 2641043.88, "Plan Rows": 126321, "Plan Width": 59, "Inner Unique": false, "Plans": [{"Node Type": "Nested Loop", "Parent Relationship": "Outer", "Join Type": "Inner", "Startup Cost": 2315050.5, "Total Cost": 2627700.1, "Plan Rows": 13913, "Plan Width": 59, "Inner Unique": true, "Plans": [{"Node Type": "Nested Loop", "Parent Relationship": "Outer", "Join Type": "Inner", "Startup Cost": 2315050.5, "Total Cost": 2618076.97, "Plan Rows": 33034, "Plan Width": 40, "Inner Unique": true, "Plans": [{"Node Type": "Aggregate", "Strategy": "Hashed", "Parent Relationship": "Outer", "Startup Cost": 2315050.5, "Total Cost": 2381201.11, "Plan Rows": 33034, "Plan Width": 24, "Group By Key": ["public.lineitem.l_orderkey"], "Filter": "(sum(public.lineitem.l_quantity) > 314::double precision), (LLVM Optimized)", "Plans": [{"Node Type": "Seq Scan", "Parent Relationship": "Outer", "Relation Name": "lineitem", "Alias": "lineitem", "Startup Cost": 0.0, "Total Cost": 2015115.33, "Plan Rows": 59987033, "Plan Width": 16}]}, {"Node Type": "Index Scan", "Parent Relationship": "Inner", "Scan Direction": "Forward", "Index Name": "orders_pkey", "Relation Name": "orders", "Alias": "orders", "Startup Cost": 0.0, "Total Cost": 7.15, "Plan Rows": 1, "Plan Width": 32, "Index Cond": "(o_orderkey = public.lineitem.l_orderkey)"}]}, {"Node Type": "Index Scan", "Parent Relationship": "Inner", "Scan Direction": "Forward", "Index Name": "customer_pkey", "Relation Name": "customer", "Alias": "customer", "Startup Cost": 0.0, "Total Cost": 0.28, "Plan Rows": 1, "Plan Width": 27, "Index Cond": "(c_custkey = orders.o_custkey)"}]}, {"Node Type": "Index Scan", "Parent Relationship": "Inner", "Scan Direction": "Forward", "Index Name": "idx_lineitem_orderkey", "Relation Name": "lineitem", "Alias": "lineitem", "Startup Cost": 0.0, "Total Cost": 0.87, "Plan Rows": 9, "Plan Width": 16, "Index Cond": "(l_orderkey = orders.o_orderkey)"}]}]}]}]}, "Unique SQL Id": 1915754155, "Planner Runtime": 2}, "explain_analyze_plan": {"Plan": {"Node Type": "Limit", "Startup Cost": 2649029.8, "Total Cost": 2649030.05, "Plan Rows": 100, "Plan Width": 67, "Actual Startup Time": 54861.493, "Actual Total Time": 54861.508, "Actual Rows": 84, "Actual Loops": 1, "Plans": [{"Node Type": "Sort", "Parent Relationship": "Outer", "Startup Cost": 2649029.8, "Total Cost": 2649345.6, "Plan Rows": 100, "Plan Width": 67, "Actual Startup Time": 54861.49, "Actual Total Time": 54861.494, "Actual Rows": 84, "Actual Loops": 1, "Sort Key": ["orders.o_totalprice DESC", "orders.o_orderdate"], "Sort Method": "quicksort", "Sort Space Used": 38, "Sort Space Type": "Memory", "Plans": [{"Node Type": "Aggregate", "Strategy": "Hashed", "Parent Relationship": "Outer", "Startup Cost": 2642938.69, "Total Cost": 2644201.9, "Plan Rows": 126321, "Plan Width": 67, "Actual Startup Time": 54860.881, "Actual Total Time": 54861.367, "Actual Rows": 84, "Actual Loops": 1, "Group By Key": ["orders.o_totalprice", "orders.o_orderdate", "customer.c_name", "customer.c_custkey", "orders.o_orderkey"], "Plans": [{"Node Type": "Nested Loop", "Parent Relationship": "Outer", "Join Type": "Inner", "Startup Cost": 2315050.5, "Total Cost": 2641043.88, "Plan Rows": 126321, "Plan Width": 59, "Actual Startup Time": 49072.337, "Actual Total Time": 54858.992, "Actual Rows": 588, "Actual Loops": 1, "Inner Unique": false, "Plans": [{"Node Type": "Nested Loop", "Parent Relationship": "Outer", "Join Type": "Inner", "Startup Cost": 2315050.5, "Total Cost": 2627700.1, "Plan Rows": 13913, "Plan Width": 59, "Actual Startup Time": 49072.315, "Actual Total Time": 54856.844, "Actual Rows": 84, "Actual Loops": 1, "Inner Unique": true, "Plans": [{"Node Type": "Nested Loop", "Parent Relationship": "Outer", "Join Type": "Inner", "Startup Cost": 2315050.5, "Total Cost": 2618076.97, "Plan Rows": 33034, "Plan Width": 40, "Actual Startup Time": 49072.296, "Actual Total Time": 54855.643, "Actual Rows": 84, "Actual Loops": 1, "Inner Unique": true, "Plans": [{"Node Type": "Aggregate", "Strategy": "Hashed", "Parent Relationship": "Outer", "Startup Cost": 2315050.5, "Total Cost": 2381201.11, "Plan Rows": 33034, "Plan Width": 24, "Actual Startup Time": 49072.224, "Actual Total Time": 54835.622, "Actual Rows": 84, "Actual Loops": 1, "Group By Key": ["public.lineitem.l_orderkey"], "Filter": "(sum(public.lineitem.l_quantity) > 314::double precision), (LLVM Optimized, Jit Execute)", "Rows Removed by Filter": 14999916, "Plans": [{"Node Type": "Seq Scan", "Parent Relationship": "Outer", "Relation Name": "lineitem", "Alias": "lineitem", "Startup Cost": 0.0, "Total Cost": 2015115.33, "Plan Rows": 59987033, "Plan Width": 16, "Actual Startup Time": 0.051, "Actual Total Time": 20660.278, "Actual Rows": 59986052, "Actual Loops": 1}]}, {"Node Type": "Index Scan", "Parent Relationship": "Inner", "Scan Direction": "Forward", "Index Name": "orders_pkey", "Relation Name": "orders", "Alias": "orders", "Startup Cost": 0.0, "Total Cost": 7.15, "Plan Rows": 1, "Plan Width": 32, "Actual Startup Time": 2.649, "Actual Total Time": 2.649, "Actual Rows": 84, "Actual Loops": 84, "Index Cond": "(o_orderkey = public.lineitem.l_orderkey)", "Rows Removed by Index Recheck": 0}]}, {"Node Type": "Index Scan", "Parent Relationship": "Inner", "Scan Direction": "Forward", "Index Name": "customer_pkey", "Relation Name": "customer", "Alias": "customer", "Startup Cost": 0.0, "Total Cost": 0.28, "Plan Rows": 1, "Plan Width": 27, "Actual Startup Time": 0.851, "Actual Total Time": 0.851, "Actual Rows": 84, "Actual Loops": 84, "Index Cond": "(c_custkey = orders.o_custkey)", "Rows Removed by Index Recheck": 0}]}, {"Node Type": "Index Scan", "Parent Relationship": "Inner", "Scan Direction": "Forward", "Index Name": "idx_lineitem_orderkey", "Relation Name": "lineitem", "Alias": "lineitem", "Startup Cost": 0.0, "Total Cost": 0.87, "Plan Rows": 9, "Plan Width": 16, "Actual Startup Time": 1.215, "Actual Total Time": 1.721, "Actual Rows": 588, "Actual Loops": 84, "Index Cond": "(l_orderkey = orders.o_orderkey)", "Rows Removed by Index Recheck": 0}]}]}]}]}, "Triggers": [], "Planner Runtime": 2.136, "Total Runtime": 54871.674, "Unique SQL Id": 1915754155}}, "(64, '77')": {"explain_plan": {"Plan": {"Node Type": "Limit", "Startup Cost": 3874068.21, "Total Cost": 3874068.46, "Plan Rows": 100, "Plan Width": 67, "Plans": [{"Node Type": "Sort", "Parent Relationship": "Outer", "Startup Cost": 3874068.21, "Total Cost": 3874384.02, "Plan Rows": 100, "Plan Width": 67, "Sort Key": ["orders.o_totalprice DESC", "orders.o_orderdate"], "Plans": [{"Node Type": "Aggregate", "Strategy": "Hashed", "Parent Relationship": "Outer", "Startup Cost": 3867977.11, "Total Cost": 3869240.32, "Plan Rows": 126321, "Plan Width": 67, "Group By Key": ["orders.o_totalprice", "orders.o_orderdate", "customer.c_name", "customer.c_custkey", "orders.o_orderkey"], "Plans": [{"Node Type": "Nested Loop", "Parent Relationship": "Outer", "Join Type": "Inner", "Startup Cost": 3540088.91, "Total Cost": 3866082.29, "Plan Rows": 126321, "Plan Width": 59, "Inner Unique": false, "Plans": [{"Node Type": "Nested Loop", "Parent Relationship": "Outer", "Join Type": "Inner", "Startup Cost": 3540088.91, "Total Cost": 3852738.51, "Plan Rows": 13913, "Plan Width": 59, "Inner Unique": true, "Plans": [{"Node Type": "Nested Loop", "Parent Relationship": "Outer", "Join Type": "Inner", "Startup Cost": 3540088.91, "Total Cost": 3843115.38, "Plan Rows": 33034, "Plan Width": 40, "Inner Unique": true, "Plans": [{"Node Type": "Aggregate", "Strategy": "Hashed", "Parent Relationship": "Outer", "Startup Cost": 3540088.91, "Total Cost": 3606239.52, "Plan Rows": 33034, "Plan Width": 24, "Group By Key": ["public.lineitem.l_orderkey"], "Filter": "(sum(public.lineitem.l_quantity) > 314::double precision), (LLVM Optimized)", "Plans": [{"Node Type": "Index Scan", "Parent Relationship": "Outer", "Scan Direction": "Forward", "Index Name": "idx_lineitem_orderkey", "Relation Name": "lineitem", "Alias": "lineitem", "Startup Cost": 0.0, "Total Cost": 3240153.75, "Plan Rows": 59987033, "Plan Width": 16}]}, {"Node Type": "Index Scan", "Parent Relationship": "Inner", "Scan Direction": "Forward", "Index Name": "orders_pkey", "Relation Name": "orders", "Alias": "orders", "Startup Cost": 0.0, "Total Cost": 7.15, "Plan Rows": 1, "Plan Width": 32, "Index Cond": "(o_orderkey = public.lineitem.l_orderkey)"}]}, {"Node Type": "Index Scan", "Parent Relationship": "Inner", "Scan Direction": "Forward", "Index Name": "customer_pkey", "Relation Name": "customer", "Alias": "customer", "Startup Cost": 0.0, "Total Cost": 0.28, "Plan Rows": 1, "Plan Width": 27, "Index Cond": "(c_custkey = orders.o_custkey)"}]}, {"Node Type": "Index Scan", "Parent Relationship": "Inner", "Scan Direction": "Forward", "Index Name": "idx_lineitem_orderkey", "Relation Name": "lineitem", "Alias": "lineitem", "Startup Cost": 0.0, "Total Cost": 0.87, "Plan Rows": 9, "Plan Width": 16, "Index Cond": "(l_orderkey = orders.o_orderkey)"}]}]}]}]}, "Unique SQL Id": 1915754155, "Planner Runtime": 2}, "explain_analyze_plan": {"Plan": {"Node Type": "Limit", "Startup Cost": 3874068.21, "Total Cost": 3874068.46, "Plan Rows": 100, "Plan Width": 67, "Actual Startup Time": 78667.563, "Actual Total Time": 78667.58, "Actual Rows": 84, "Actual Loops": 1, "Plans": [{"Node Type": "Sort", "Parent Relationship": "Outer", "Startup Cost": 3874068.21, "Total Cost": 3874384.02, "Plan Rows": 100, "Plan Width": 67, "Actual Startup Time": 78667.561, "Actual Total Time": 78667.57, "Actual Rows": 84, "Actual Loops": 1, "Sort Key": ["orders.o_totalprice DESC", "orders.o_orderdate"], "Sort Method": "quicksort", "Sort Space Used": 38, "Sort Space Type": "Memory", "Plans": [{"Node Type": "Aggregate", "Strategy": "Hashed", "Parent Relationship": "Outer", "Startup Cost": 3867977.11, "Total Cost": 3869240.32, "Plan Rows": 126321, "Plan Width": 67, "Actual Startup Time": 78666.912, "Actual Total Time": 78667.456, "Actual Rows": 84, "Actual Loops": 1, "Group By Key": ["orders.o_totalprice", "orders.o_orderdate", "customer.c_name", "customer.c_custkey", "orders.o_orderkey"], "Plans": [{"Node Type": "Nested Loop", "Parent Relationship": "Outer", "Join Type": "Inner", "Startup Cost": 3540088.91, "Total Cost": 3866082.29, "Plan Rows": 126321, "Plan Width": 59, "Actual Startup Time": 71346.529, "Actual Total Time": 78665.231, "Actual Rows": 588, "Actual Loops": 1, "Inner Unique": false, "Plans": [{"Node Type": "Nested Loop", "Parent Relationship": "Outer", "Join Type": "Inner", "Startup Cost": 3540088.91, "Total Cost": 3852738.51, "Plan Rows": 13913, "Plan Width": 59, "Actual Startup Time": 71346.496, "Actual Total Time": 78662.632, "Actual Rows": 84, "Actual Loops": 1, "Inner Unique": true, "Plans": [{"Node Type": "Nested Loop", "Parent Relationship": "Outer", "Join Type": "Inner", "Startup Cost": 3540088.91, "Total Cost": 3843115.38, "Plan Rows": 33034, "Plan Width": 40, "Actual Startup Time": 71346.464, "Actual Total Time": 78660.834, "Actual Rows": 84, "Actual Loops": 1, "Inner Unique": true, "Plans": [{"Node Type": "Aggregate", "Strategy": "Hashed", "Parent Relationship": "Outer", "Startup Cost": 3540088.91, "Total Cost": 3606239.52, "Plan Rows": 33034, "Plan Width": 24, "Actual Startup Time": 71346.402, "Actual Total Time": 78640.855, "Actual Rows": 84, "Actual Loops": 1, "Group By Key": ["public.lineitem.l_orderkey"], "Filter": "(sum(public.lineitem.l_quantity) > 314::double precision), (LLVM Optimized, Jit Execute)", "Rows Removed by Filter": 14999916, "Plans": [{"Node Type": "Index Scan", "Parent Relationship": "Outer", "Scan Direction": "Forward", "Index Name": "idx_lineitem_orderkey", "Relation Name": "lineitem", "Alias": "lineitem", "Startup Cost": 0.0, "Total Cost": 3240153.75, "Plan Rows": 59987033, "Plan Width": 16, "Actual Startup Time": 0.07, "Actual Total Time": 42499.927, "Actual Rows": 59986052, "Actual Loops": 1}]}, {"Node Type": "Index Scan", "Parent Relationship": "Inner", "Scan Direction": "Forward", "Index Name": "orders_pkey", "Relation Name": "orders", "Alias": "orders", "Startup Cost": 0.0, "Total Cost": 7.15, "Plan Rows": 1, "Plan Width": 32, "Actual Startup Time": 2.739, "Actual Total Time": 2.739, "Actual Rows": 84, "Actual Loops": 84, "Index Cond": "(o_orderkey = public.lineitem.l_orderkey)", "Rows Removed by Index Recheck": 0}]}, {"Node Type": "Index Scan", "Parent Relationship": "Inner", "Scan Direction": "Forward", "Index Name": "customer_pkey", "Relation Name": "customer", "Alias": "customer", "Startup Cost": 0.0, "Total Cost": 0.28, "Plan Rows": 1, "Plan Width": 27, "Actual Startup Time": 1.301, "Actual Total Time": 1.301, "Actual Rows": 84, "Actual Loops": 84, "Index Cond": "(c_custkey = orders.o_custkey)", "Rows Removed by Index Recheck": 0}]}, {"Node Type": "Index Scan", "Parent Relationship": "Inner", "Scan Direction": "Forward", "Index Name": "idx_lineitem_orderkey", "Relation Name": "lineitem", "Alias": "lineitem", "Startup Cost": 0.0, "Total Cost": 0.87, "Plan Rows": 9, "Plan Width": 16, "Actual Startup Time": 1.627, "Actual Total Time": 2.06, "Actual Rows": 588, "Actual Loops": 84, "Index Cond": "(l_orderkey = orders.o_orderkey)", "Rows Removed by Index Recheck": 0}]}]}]}]}, "Triggers": [], "Planner Runtime": 2.114, "Total Runtime": 78676.91, "Unique SQL Id": 1915754155}}, "(64, '78')": {"explain_plan": {"Plan": {"Node Type": "Limit", "Startup Cost": 5166300.38, "Total Cost": 5166300.63, "Plan Rows": 100, "Plan Width": 67, "Plans": [{"Node Type": "Sort", "Parent Relationship": "Outer", "Startup Cost": 5166300.38, "Total Cost": 5166616.18, "Plan Rows": 100, "Plan Width": 67, "Sort Key": ["orders.o_totalprice DESC", "orders.o_orderdate"], "Plans": [{"Node Type": "Aggregate", "Strategy": "Hashed", "Parent Relationship": "Outer", "Startup Cost": 5160209.27, "Total Cost": 5161472.48, "Plan Rows": 126321, "Plan Width": 67, "Group By Key": ["orders.o_totalprice", "orders.o_orderdate", "customer.c_name", "customer.c_custkey", "orders.o_orderkey"], "Plans": [{"Node Type": "Hash Join", "Parent Relationship": "Outer", "Join Type": "Inner", "Startup Cost": 2917691.33, "Total Cost": 5158314.46, "Plan Rows": 126321, "Plan Width": 59, "Inner Unique": false, "Hash Cond": "(public.lineitem.l_orderkey = orders.o_orderkey), (LLVM Optimized)", "Plans": [{"Node Type": "Seq Scan", "Parent Relationship": "Outer", "Relation Name": "lineitem", "Alias": "lineitem", "Startup Cost": 0.0, "Total Cost": 2015115.33, "Plan Rows": 59987033, "Plan Width": 16}, {"Node Type": "Hash", "Parent Relationship": "Inner", "Startup Cost": 2917517.42, "Total Cost": 2917517.42, "Plan Rows": 13913, "Plan Width": 59, "Plans": [{"Node Type": "Hash Join", "Parent Relationship": "Outer", "Join Type": "Inner", "Startup Cost": 2452820.37, "Total Cost": 2917517.42, "Plan Rows": 13913, "Plan Width": 59, "Inner Unique": true, "Hash Cond": "(orders.o_custkey = customer.c_custkey)", "Plans": [{"Node Type": "Hash Join", "Parent Relationship": "Outer", "Join Type": "Inner", "Startup Cost": 2381944.37, "Total Cost": 2846187.2, "Plan Rows": 33034, "Plan Width": 40, "Inner Unique": true, "Hash Cond": "(orders.o_orderkey = public.lineitem.l_orderkey)", "Plans": [{"Node Type": "Seq Scan", "Parent Relationship": "Outer", "Relation Name": "orders", "Alias": "orders", "Startup Cost": 0.0, "Total Cost": 426413.79, "Plan Rows": 14999479, "Plan Width": 32}, {"Node Type": "Hash", "Parent Relationship": "Inner", "Startup Cost": 2381531.45, "Total Cost": 2381531.45, "Plan Rows": 33034, "Plan Width": 8, "Plans": [{"Node Type": "Aggregate", "Strategy": "Hashed", "Parent Relationship": "Outer", "Startup Cost": 2315050.5, "Total Cost": 2381201.11, "Plan Rows": 33034, "Plan Width": 24, "Group By Key": ["public.lineitem.l_orderkey"], "Filter": "(sum(public.lineitem.l_quantity) > 314::double precision), (LLVM Optimized)", "Plans": [{"Node Type": "Seq Scan", "Parent Relationship": "Outer", "Relation Name": "lineitem", "Alias": "lineitem", "Startup Cost": 0.0, "Total Cost": 2015115.33, "Plan Rows": 59987033, "Plan Width": 16}]}]}]}, {"Node Type": "Hash", "Parent Relationship": "Inner", "Startup Cost": 52126.0, "Total Cost": 52126.0, "Plan Rows": 1500000, "Plan Width": 27, "Plans": [{"Node Type": "Seq Scan", "Parent Relationship": "Outer", "Relation Name": "customer", "Alias": "customer", "Startup Cost": 0.0, "Total Cost": 52126.0, "Plan Rows": 1500000, "Plan Width": 27}]}]}]}]}]}]}]}, "Unique SQL Id": 1915754155, "Planner Runtime": 2}, "explain_analyze_plan": {"Plan": {"Node Type": "Limit", "Startup Cost": 5166300.38, "Total Cost": 5166300.63, "Plan Rows": 100, "Plan Width": 67, "Actual Startup Time": 87758.089, "Actual Total Time": 87758.105, "Actual Rows": 84, "Actual Loops": 1, "Plans": [{"Node Type": "Sort", "Parent Relationship": "Outer", "Startup Cost": 5166300.38, "Total Cost": 5166616.18, "Plan Rows": 100, "Plan Width": 67, "Actual Startup Time": 87758.086, "Actual Total Time": 87758.093, "Actual Rows": 84, "Actual Loops": 1, "Sort Key": ["orders.o_totalprice DESC", "orders.o_orderdate"], "Sort Method": "quicksort", "Sort Space Used": 38, "Sort Space Type": "Memory", "Plans": [{"Node Type": "Aggregate", "Strategy": "Hashed", "Parent Relationship": "Outer", "Startup Cost": 5160209.27, "Total Cost": 5161472.48, "Plan Rows": 126321, "Plan Width": 67, "Actual Startup Time": 87757.697, "Actual Total Time": 87757.964, "Actual Rows": 84, "Actual Loops": 1, "Group By Key": ["orders.o_totalprice", "orders.o_orderdate", "customer.c_name", "customer.c_custkey", "orders.o_orderkey"], "Plans": [{"Node Type": "Hash Join", "Parent Relationship": "Outer", "Join Type": "Inner", "Startup Cost": 2917691.33, "Total Cost": 5158314.46, "Plan Rows": 126321, "Plan Width": 59, "Actual Startup Time": 61442.015, "Actual Total Time": 87754.55, "Actual Rows": 588, "Actual Loops": 1, "Inner Unique": false, "Hash Cond": "(public.lineitem.l_orderkey = orders.o_orderkey), (LLVM Optimized, Jit Execute)", "Plans": [{"Node Type": "Seq Scan", "Parent Relationship": "Outer", "Relation Name": "lineitem", "Alias": "lineitem", "Startup Cost": 0.0, "Total Cost": 2015115.33, "Plan Rows": 59987033, "Plan Width": 16, "Actual Startup Time": 0.026, "Actual Total Time": 16730.65, "Actual Rows": 59986052, "Actual Loops": 1}, {"Node Type": "Hash", "Parent Relationship": "Inner", "Startup Cost": 2917517.42, "Total Cost": 2917517.42, "Plan Rows": 13913, "Plan Width": 59, "Actual Startup Time": 60869.861, "Actual Total Time": 60869.861, "Actual Rows": 84, "Actual Loops": 1, "Hash Buckets": 32768, "Hash Batches": 1, "Original Hash Batches": 1, "Peak Memory Usage": 8, "Plans": [{"Node Type": "Hash Join", "Parent Relationship": "Outer", "Join Type": "Inner", "Startup Cost": 2452820.37, "Total Cost": 2917517.42, "Plan Rows": 13913, "Plan Width": 59, "Actual Startup Time": 54230.749, "Actual Total Time": 60869.52, "Actual Rows": 84, "Actual Loops": 1, "Inner Unique": true, "Hash Cond": "(orders.o_custkey = customer.c_custkey)", "Plans": [{"Node Type": "Hash Join", "Parent Relationship": "Outer", "Join Type": "Inner", "Startup Cost": 2381944.37, "Total Cost": 2846187.2, "Plan Rows": 33034, "Plan Width": 40, "Actual Startup Time": 53234.503, "Actual Total Time": 59871.886, "Actual Rows": 84, "Actual Loops": 1, "Inner Unique": true, "Hash Cond": "(orders.o_orderkey = public.lineitem.l_orderkey)", "Plans": [{"Node Type": "Seq Scan", "Parent Relationship": "Outer", "Relation Name": "orders", "Alias": "orders", "Startup Cost": 0.0, "Total Cost": 426413.79, "Plan Rows": 14999479, "Plan Width": 32, "Actual Startup Time": 0.018, "Actual Total Time": 3849.952, "Actual Rows": 15000000, "Actual Loops": 1}, {"Node Type": "Hash", "Parent Relationship": "Inner", "Startup Cost": 2381531.45, "Total Cost": 2381531.45, "Plan Rows": 33034, "Plan Width": 8, "Actual Startup Time": 53079.015, "Actual Total Time": 53079.015, "Actual Rows": 84, "Actual Loops": 1, "Hash Buckets": 65536, "Hash Batches": 1, "Original Hash Batches": 1, "Peak Memory Usage": 4, "Plans": [{"Node Type": "Aggregate", "Strategy": "Hashed", "Parent Relationship": "Outer", "Startup Cost": 2315050.5, "Total Cost": 2381201.11, "Plan Rows": 33034, "Plan Width": 24, "Actual Startup Time": 47520.717, "Actual Total Time": 53078.557, "Actual Rows": 84, "Actual Loops": 1, "Group By Key": ["public.lineitem.l_orderkey"], "Filter": "(sum(public.lineitem.l_quantity) > 314::double precision), (LLVM Optimized, Jit Execute)", "Rows Removed by Filter": 14999916, "Plans": [{"Node Type": "Seq Scan", "Parent Relationship": "Outer", "Relation Name": "lineitem", "Alias": "lineitem", "Startup Cost": 0.0, "Total Cost": 2015115.33, "Plan Rows": 59987033, "Plan Width": 16, "Actual Startup Time": 0.041, "Actual Total Time": 20439.116, "Actual Rows": 59986052, "Actual Loops": 1}]}]}]}, {"Node Type": "Hash", "Parent Relationship": "Inner", "Startup Cost": 52126.0, "Total Cost": 52126.0, "Plan Rows": 1500000, "Plan Width": 27, "Actual Startup Time": 994.951, "Actual Total Time": 994.951, "Actual Rows": 1500000, "Actual Loops": 1, "Hash Buckets": 2097152, "Hash Batches": 1, "Original Hash Batches": 1, "Peak Memory Usage": 93750, "Plans": [{"Node Type": "Seq Scan", "Parent Relationship": "Outer", "Relation Name": "customer", "Alias": "customer", "Startup Cost": 0.0, "Total Cost": 52126.0, "Plan Rows": 1500000, "Plan Width": 27, "Actual Startup Time": 0.022, "Actual Total Time": 519.702, "Actual Rows": 1500000, "Actual Loops": 1}]}]}]}]}]}]}]}, "Triggers": [], "Planner Runtime": 2.255, "Total Runtime": 87768.282, "Unique SQL Id": 1915754155}}, "(64, '79')": {"explain_plan": {"Plan": {"Node Type": "Limit", "Startup Cost": 4000713630676.15, "Total Cost": 4000713630676.4, "Plan Rows": 100, "Plan Width": 67, "Plans": [{"Node Type": "Sort", "Parent Relationship": "Outer", "Startup Cost": 4000713630676.15, "Total Cost": 4000713630991.95, "Plan Rows": 100, "Plan Width": 67, "Sort Key": ["orders.o_totalprice DESC", "orders.o_orderdate"], "Plans": [{"Node Type": "Aggregate", "Strategy": "Hashed", "Parent Relationship": "Outer", "Startup Cost": 4000713624585.04, "Total Cost": 4000713625848.25, "Plan Rows": 126321, "Plan Width": 67, "Group By Key": ["orders.o_totalprice", "orders.o_orderdate", "customer.c_name", "customer.c_custkey", "orders.o_orderkey"], "Plans": [{"Node Type": "Hash Join", "Parent Relationship": "Outer", "Join Type": "Inner", "Startup Cost": 2020362450892.4, "Total Cost": 4000713622690.23, "Plan Rows": 126321, "Plan Width": 59, "Inner Unique": true, "Hash Cond": "(orders.o_custkey = customer.c_custkey), (LLVM Optimized)", "Plans": [{"Node Type": "Merge Join", "Parent Relationship": "Outer", "Join Type": "Inner", "Startup Cost": 1020354355606.78, "Total Cost": 3000705526249.59, "Plan Rows": 132112, "Plan Width": 40, "Inner Unique": false, "Merge Cond": "(orders.o_orderkey = public.lineitem.l_orderkey)", "Plans": [{"Node Type": "Merge Join", "Parent Relationship": "Outer", "Join Type": "Semi", "Startup Cost": 1010324384270.1, "Total Cost": 2000397520107.8, "Plan Rows": 33034, "Plan Width": 40, "Inner Unique": false, "Merge Cond": "(orders.o_orderkey = public.lineitem.l_orderkey)", "Plans": [{"Node Type": "Index Scan", "Parent Relationship": "Outer", "Scan Direction": "Forward", "Index Name": "orders_pkey", "Relation Name": "orders", "Alias": "orders", "Startup Cost": 10000000000.0, "Total Cost": 1000073097843.5, "Plan Rows": 14999479, "Plan Width": 32}, {"Node Type": "Sort", "Parent Relationship": "Inner", "Startup Cost": 1000324384270.1, "Total Cost": 1000324384352.68, "Plan Rows": 33034, "Plan Width": 8, "Sort Key": ["public.lineitem.l_orderkey"], "Plans": [{"Node Type": "Aggregate", "Strategy": "Hashed", "Parent Relationship": "Outer", "Startup Cost": 1000324315309.67, "Total Cost": 1000324381460.28, "Plan Rows": 33034, "Plan Width": 24, "Group By Key": ["public.lineitem.l_orderkey"], "Filter": "(sum(public.lineitem.l_quantity) > 314::double precision), (LLVM Optimized)", "Plans": [{"Node Type": "Index Scan", "Parent Relationship": "Outer", "Scan Direction": "Forward", "Index Name": "idx_lineitem_orderkey", "Relation Name": "lineitem", "Alias": "lineitem", "Startup Cost": 10000000000.0, "Total Cost": 1000324015374.5, "Plan Rows": 59987033, "Plan Width": 16}]}]}]}, {"Node Type": "Index Scan", "Parent Relationship": "Inner", "Scan Direction": "Forward", "Index Name": "idx_lineitem_orderkey", "Relation Name": "lineitem", "Alias": "lineitem", "Startup Cost": 10000000000.0, "Total Cost": 1000324015374.5, "Plan Rows": 59987033, "Plan Width": 16}]}, {"Node Type": "Hash", "Parent Relationship": "Inner", "Startup Cost": 1000008076535.62, "Total Cost": 1000008076535.62, "Plan Rows": 1500000, "Plan Width": 27, "Plans": [{"Node Type": "Index Scan", "Parent Relationship": "Outer", "Scan Direction": "Forward", "Index Name": "customer_pkey", "Relation Name": "customer", "Alias": "customer", "Startup Cost": 10000000000.0, "Total Cost": 1000008076535.62, "Plan Rows": 1500000, "Plan Width": 27}]}]}]}]}]}, "Unique SQL Id": 1915754155, "Planner Runtime": 2}, "explain_analyze_plan": null}, "(64, '80')": {"explain_plan": {"Plan": {"Node Type": "Limit", "Startup Cost": 2649029.8, "Total Cost": 2649030.05, "Plan Rows": 100, "Plan Width": 67, "Plans": [{"Node Type": "Sort", "Parent Relationship": "Outer", "Startup Cost": 2649029.8, "Total Cost": 2649345.6, "Plan Rows": 100, "Plan Width": 67, "Sort Key": ["orders.o_totalprice DESC", "orders.o_orderdate"], "Plans": [{"Node Type": "Aggregate", "Strategy": "Hashed", "Parent Relationship": "Outer", "Startup Cost": 2642938.69, "Total Cost": 2644201.9, "Plan Rows": 126321, "Plan Width": 67, "Group By Key": ["orders.o_totalprice", "orders.o_orderdate", "customer.c_name", "customer.c_custkey", "orders.o_orderkey"], "Plans": [{"Node Type": "Nested Loop", "Parent Relationship": "Outer", "Join Type": "Inner", "Startup Cost": 2315050.5, "Total Cost": 2641043.88, "Plan Rows": 126321, "Plan Width": 59, "Inner Unique": false, "Plans": [{"Node Type": "Nested Loop", "Parent Relationship": "Outer", "Join Type": "Inner", "Startup Cost": 2315050.5, "Total Cost": 2627700.1, "Plan Rows": 13913, "Plan Width": 59, "Inner Unique": true, "Plans": [{"Node Type": "Nested Loop", "Parent Relationship": "Outer", "Join Type": "Inner", "Startup Cost": 2315050.5, "Total Cost": 2618076.97, "Plan Rows": 33034, "Plan Width": 40, "Inner Unique": true, "Plans": [{"Node Type": "Aggregate", "Strategy": "Hashed", "Parent Relationship": "Outer", "Startup Cost": 2315050.5, "Total Cost": 2381201.11, "Plan Rows": 33034, "Plan Width": 24, "Group By Key": ["public.lineitem.l_orderkey"], "Filter": "(sum(public.lineitem.l_quantity) > 314::double precision), (LLVM Optimized)", "Plans": [{"Node Type": "Seq Scan", "Parent Relationship": "Outer", "Relation Name": "lineitem", "Alias": "lineitem", "Startup Cost": 0.0, "Total Cost": 2015115.33, "Plan Rows": 59987033, "Plan Width": 16}]}, {"Node Type": "Index Scan", "Parent Relationship": "Inner", "Scan Direction": "Forward", "Index Name": "orders_pkey", "Relation Name": "orders", "Alias": "orders", "Startup Cost": 0.0, "Total Cost": 7.15, "Plan Rows": 1, "Plan Width": 32, "Index Cond": "(o_orderkey = public.lineitem.l_orderkey)"}]}, {"Node Type": "Index Scan", "Parent Relationship": "Inner", "Scan Direction": "Forward", "Index Name": "customer_pkey", "Relation Name": "customer", "Alias": "customer", "Startup Cost": 0.0, "Total Cost": 0.28, "Plan Rows": 1, "Plan Width": 27, "Index Cond": "(c_custkey = orders.o_custkey)"}]}, {"Node Type": "Index Scan", "Parent Relationship": "Inner", "Scan Direction": "Forward", "Index Name": "idx_lineitem_orderkey", "Relation Name": "lineitem", "Alias": "lineitem", "Startup Cost": 0.0, "Total Cost": 0.87, "Plan Rows": 9, "Plan Width": 16, "Index Cond": "(l_orderkey = orders.o_orderkey)"}]}]}]}]}, "Unique SQL Id": 1915754155, "Planner Runtime": 1}, "explain_analyze_plan": {"Plan": {"Node Type": "Limit", "Startup Cost": 2649029.8, "Total Cost": 2649030.05, "Plan Rows": 100, "Plan Width": 67, "Actual Startup Time": 54861.493, "Actual Total Time": 54861.508, "Actual Rows": 84, "Actual Loops": 1, "Plans": [{"Node Type": "Sort", "Parent Relationship": "Outer", "Startup Cost": 2649029.8, "Total Cost": 2649345.6, "Plan Rows": 100, "Plan Width": 67, "Actual Startup Time": 54861.49, "Actual Total Time": 54861.494, "Actual Rows": 84, "Actual Loops": 1, "Sort Key": ["orders.o_totalprice DESC", "orders.o_orderdate"], "Sort Method": "quicksort", "Sort Space Used": 38, "Sort Space Type": "Memory", "Plans": [{"Node Type": "Aggregate", "Strategy": "Hashed", "Parent Relationship": "Outer", "Startup Cost": 2642938.69, "Total Cost": 2644201.9, "Plan Rows": 126321, "Plan Width": 67, "Actual Startup Time": 54860.881, "Actual Total Time": 54861.367, "Actual Rows": 84, "Actual Loops": 1, "Group By Key": ["orders.o_totalprice", "orders.o_orderdate", "customer.c_name", "customer.c_custkey", "orders.o_orderkey"], "Plans": [{"Node Type": "Nested Loop", "Parent Relationship": "Outer", "Join Type": "Inner", "Startup Cost": 2315050.5, "Total Cost": 2641043.88, "Plan Rows": 126321, "Plan Width": 59, "Actual Startup Time": 49072.337, "Actual Total Time": 54858.992, "Actual Rows": 588, "Actual Loops": 1, "Inner Unique": false, "Plans": [{"Node Type": "Nested Loop", "Parent Relationship": "Outer", "Join Type": "Inner", "Startup Cost": 2315050.5, "Total Cost": 2627700.1, "Plan Rows": 13913, "Plan Width": 59, "Actual Startup Time": 49072.315, "Actual Total Time": 54856.844, "Actual Rows": 84, "Actual Loops": 1, "Inner Unique": true, "Plans": [{"Node Type": "Nested Loop", "Parent Relationship": "Outer", "Join Type": "Inner", "Startup Cost": 2315050.5, "Total Cost": 2618076.97, "Plan Rows": 33034, "Plan Width": 40, "Actual Startup Time": 49072.296, "Actual Total Time": 54855.643, "Actual Rows": 84, "Actual Loops": 1, "Inner Unique": true, "Plans": [{"Node Type": "Aggregate", "Strategy": "Hashed", "Parent Relationship": "Outer", "Startup Cost": 2315050.5, "Total Cost": 2381201.11, "Plan Rows": 33034, "Plan Width": 24, "Actual Startup Time": 49072.224, "Actual Total Time": 54835.622, "Actual Rows": 84, "Actual Loops": 1, "Group By Key": ["public.lineitem.l_orderkey"], "Filter": "(sum(public.lineitem.l_quantity) > 314::double precision), (LLVM Optimized, Jit Execute)", "Rows Removed by Filter": 14999916, "Plans": [{"Node Type": "Seq Scan", "Parent Relationship": "Outer", "Relation Name": "lineitem", "Alias": "lineitem", "Startup Cost": 0.0, "Total Cost": 2015115.33, "Plan Rows": 59987033, "Plan Width": 16, "Actual Startup Time": 0.051, "Actual Total Time": 20660.278, "Actual Rows": 59986052, "Actual Loops": 1}]}, {"Node Type": "Index Scan", "Parent Relationship": "Inner", "Scan Direction": "Forward", "Index Name": "orders_pkey", "Relation Name": "orders", "Alias": "orders", "Startup Cost": 0.0, "Total Cost": 7.15, "Plan Rows": 1, "Plan Width": 32, "Actual Startup Time": 2.649, "Actual Total Time": 2.649, "Actual Rows": 84, "Actual Loops": 84, "Index Cond": "(o_orderkey = public.lineitem.l_orderkey)", "Rows Removed by Index Recheck": 0}]}, {"Node Type": "Index Scan", "Parent Relationship": "Inner", "Scan Direction": "Forward", "Index Name": "customer_pkey", "Relation Name": "customer", "Alias": "customer", "Startup Cost": 0.0, "Total Cost": 0.28, "Plan Rows": 1, "Plan Width": 27, "Actual Startup Time": 0.851, "Actual Total Time": 0.851, "Actual Rows": 84, "Actual Loops": 84, "Index Cond": "(c_custkey = orders.o_custkey)", "Rows Removed by Index Recheck": 0}]}, {"Node Type": "Index Scan", "Parent Relationship": "Inner", "Scan Direction": "Forward", "Index Name": "idx_lineitem_orderkey", "Relation Name": "lineitem", "Alias": "lineitem", "Startup Cost": 0.0, "Total Cost": 0.87, "Plan Rows": 9, "Plan Width": 16, "Actual Startup Time": 1.215, "Actual Total Time": 1.721, "Actual Rows": 588, "Actual Loops": 84, "Index Cond": "(l_orderkey = orders.o_orderkey)", "Rows Removed by Index Recheck": 0}]}]}]}]}, "Triggers": [], "Planner Runtime": 2.136, "Total Runtime": 54871.674, "Unique SQL Id": 1915754155}}, "(64, '81')": {"explain_plan": {"Plan": {"Node Type": "Limit", "Startup Cost": 3874068.21, "Total Cost": 3874068.46, "Plan Rows": 100, "Plan Width": 67, "Plans": [{"Node Type": "Sort", "Parent Relationship": "Outer", "Startup Cost": 3874068.21, "Total Cost": 3874384.02, "Plan Rows": 100, "Plan Width": 67, "Sort Key": ["orders.o_totalprice DESC", "orders.o_orderdate"], "Plans": [{"Node Type": "Aggregate", "Strategy": "Hashed", "Parent Relationship": "Outer", "Startup Cost": 3867977.11, "Total Cost": 3869240.32, "Plan Rows": 126321, "Plan Width": 67, "Group By Key": ["orders.o_totalprice", "orders.o_orderdate", "customer.c_name", "customer.c_custkey", "orders.o_orderkey"], "Plans": [{"Node Type": "Nested Loop", "Parent Relationship": "Outer", "Join Type": "Inner", "Startup Cost": 3540088.91, "Total Cost": 3866082.29, "Plan Rows": 126321, "Plan Width": 59, "Inner Unique": false, "Plans": [{"Node Type": "Nested Loop", "Parent Relationship": "Outer", "Join Type": "Inner", "Startup Cost": 3540088.91, "Total Cost": 3852738.51, "Plan Rows": 13913, "Plan Width": 59, "Inner Unique": true, "Plans": [{"Node Type": "Nested Loop", "Parent Relationship": "Outer", "Join Type": "Inner", "Startup Cost": 3540088.91, "Total Cost": 3843115.38, "Plan Rows": 33034, "Plan Width": 40, "Inner Unique": true, "Plans": [{"Node Type": "Aggregate", "Strategy": "Hashed", "Parent Relationship": "Outer", "Startup Cost": 3540088.91, "Total Cost": 3606239.52, "Plan Rows": 33034, "Plan Width": 24, "Group By Key": ["public.lineitem.l_orderkey"], "Filter": "(sum(public.lineitem.l_quantity) > 314::double precision), (LLVM Optimized)", "Plans": [{"Node Type": "Index Scan", "Parent Relationship": "Outer", "Scan Direction": "Forward", "Index Name": "idx_lineitem_orderkey", "Relation Name": "lineitem", "Alias": "lineitem", "Startup Cost": 0.0, "Total Cost": 3240153.75, "Plan Rows": 59987033, "Plan Width": 16}]}, {"Node Type": "Index Scan", "Parent Relationship": "Inner", "Scan Direction": "Forward", "Index Name": "orders_pkey", "Relation Name": "orders", "Alias": "orders", "Startup Cost": 0.0, "Total Cost": 7.15, "Plan Rows": 1, "Plan Width": 32, "Index Cond": "(o_orderkey = public.lineitem.l_orderkey)"}]}, {"Node Type": "Index Scan", "Parent Relationship": "Inner", "Scan Direction": "Forward", "Index Name": "customer_pkey", "Relation Name": "customer", "Alias": "customer", "Startup Cost": 0.0, "Total Cost": 0.28, "Plan Rows": 1, "Plan Width": 27, "Index Cond": "(c_custkey = orders.o_custkey)"}]}, {"Node Type": "Index Scan", "Parent Relationship": "Inner", "Scan Direction": "Forward", "Index Name": "idx_lineitem_orderkey", "Relation Name": "lineitem", "Alias": "lineitem", "Startup Cost": 0.0, "Total Cost": 0.87, "Plan Rows": 9, "Plan Width": 16, "Index Cond": "(l_orderkey = orders.o_orderkey)"}]}]}]}]}, "Unique SQL Id": 1915754155, "Planner Runtime": 1}, "explain_analyze_plan": {"Plan": {"Node Type": "Limit", "Startup Cost": 3874068.21, "Total Cost": 3874068.46, "Plan Rows": 100, "Plan Width": 67, "Actual Startup Time": 78667.563, "Actual Total Time": 78667.58, "Actual Rows": 84, "Actual Loops": 1, "Plans": [{"Node Type": "Sort", "Parent Relationship": "Outer", "Startup Cost": 3874068.21, "Total Cost": 3874384.02, "Plan Rows": 100, "Plan Width": 67, "Actual Startup Time": 78667.561, "Actual Total Time": 78667.57, "Actual Rows": 84, "Actual Loops": 1, "Sort Key": ["orders.o_totalprice DESC", "orders.o_orderdate"], "Sort Method": "quicksort", "Sort Space Used": 38, "Sort Space Type": "Memory", "Plans": [{"Node Type": "Aggregate", "Strategy": "Hashed", "Parent Relationship": "Outer", "Startup Cost": 3867977.11, "Total Cost": 3869240.32, "Plan Rows": 126321, "Plan Width": 67, "Actual Startup Time": 78666.912, "Actual Total Time": 78667.456, "Actual Rows": 84, "Actual Loops": 1, "Group By Key": ["orders.o_totalprice", "orders.o_orderdate", "customer.c_name", "customer.c_custkey", "orders.o_orderkey"], "Plans": [{"Node Type": "Nested Loop", "Parent Relationship": "Outer", "Join Type": "Inner", "Startup Cost": 3540088.91, "Total Cost": 3866082.29, "Plan Rows": 126321, "Plan Width": 59, "Actual Startup Time": 71346.529, "Actual Total Time": 78665.231, "Actual Rows": 588, "Actual Loops": 1, "Inner Unique": false, "Plans": [{"Node Type": "Nested Loop", "Parent Relationship": "Outer", "Join Type": "Inner", "Startup Cost": 3540088.91, "Total Cost": 3852738.51, "Plan Rows": 13913, "Plan Width": 59, "Actual Startup Time": 71346.496, "Actual Total Time": 78662.632, "Actual Rows": 84, "Actual Loops": 1, "Inner Unique": true, "Plans": [{"Node Type": "Nested Loop", "Parent Relationship": "Outer", "Join Type": "Inner", "Startup Cost": 3540088.91, "Total Cost": 3843115.38, "Plan Rows": 33034, "Plan Width": 40, "Actual Startup Time": 71346.464, "Actual Total Time": 78660.834, "Actual Rows": 84, "Actual Loops": 1, "Inner Unique": true, "Plans": [{"Node Type": "Aggregate", "Strategy": "Hashed", "Parent Relationship": "Outer", "Startup Cost": 3540088.91, "Total Cost": 3606239.52, "Plan Rows": 33034, "Plan Width": 24, "Actual Startup Time": 71346.402, "Actual Total Time": 78640.855, "Actual Rows": 84, "Actual Loops": 1, "Group By Key": ["public.lineitem.l_orderkey"], "Filter": "(sum(public.lineitem.l_quantity) > 314::double precision), (LLVM Optimized, Jit Execute)", "Rows Removed by Filter": 14999916, "Plans": [{"Node Type": "Index Scan", "Parent Relationship": "Outer", "Scan Direction": "Forward", "Index Name": "idx_lineitem_orderkey", "Relation Name": "lineitem", "Alias": "lineitem", "Startup Cost": 0.0, "Total Cost": 3240153.75, "Plan Rows": 59987033, "Plan Width": 16, "Actual Startup Time": 0.07, "Actual Total Time": 42499.927, "Actual Rows": 59986052, "Actual Loops": 1}]}, {"Node Type": "Index Scan", "Parent Relationship": "Inner", "Scan Direction": "Forward", "Index Name": "orders_pkey", "Relation Name": "orders", "Alias": "orders", "Startup Cost": 0.0, "Total Cost": 7.15, "Plan Rows": 1, "Plan Width": 32, "Actual Startup Time": 2.739, "Actual Total Time": 2.739, "Actual Rows": 84, "Actual Loops": 84, "Index Cond": "(o_orderkey = public.lineitem.l_orderkey)", "Rows Removed by Index Recheck": 0}]}, {"Node Type": "Index Scan", "Parent Relationship": "Inner", "Scan Direction": "Forward", "Index Name": "customer_pkey", "Relation Name": "customer", "Alias": "customer", "Startup Cost": 0.0, "Total Cost": 0.28, "Plan Rows": 1, "Plan Width": 27, "Actual Startup Time": 1.301, "Actual Total Time": 1.301, "Actual Rows": 84, "Actual Loops": 84, "Index Cond": "(c_custkey = orders.o_custkey)", "Rows Removed by Index Recheck": 0}]}, {"Node Type": "Index Scan", "Parent Relationship": "Inner", "Scan Direction": "Forward", "Index Name": "idx_lineitem_orderkey", "Relation Name": "lineitem", "Alias": "lineitem", "Startup Cost": 0.0, "Total Cost": 0.87, "Plan Rows": 9, "Plan Width": 16, "Actual Startup Time": 1.627, "Actual Total Time": 2.06, "Actual Rows": 588, "Actual Loops": 84, "Index Cond": "(l_orderkey = orders.o_orderkey)", "Rows Removed by Index Recheck": 0}]}]}]}]}, "Triggers": [], "Planner Runtime": 2.114, "Total Runtime": 78676.91, "Unique SQL Id": 1915754155}}, "(64, '82')": {"explain_plan": {"Plan": {"Node Type": "Limit", "Startup Cost": 2838735.63, "Total Cost": 2838735.88, "Plan Rows": 100, "Plan Width": 67, "Plans": [{"Node Type": "Sort", "Parent Relationship": "Outer", "Startup Cost": 2838735.63, "Total Cost": 2839051.44, "Plan Rows": 100, "Plan Width": 67, "Sort Key": ["orders.o_totalprice DESC", "orders.o_orderdate"], "Plans": [{"Node Type": "Aggregate", "Strategy": "Hashed", "Parent Relationship": "Outer", "Startup Cost": 2832644.53, "Total Cost": 2833907.74, "Plan Rows": 126321, "Plan Width": 67, "Group By Key": ["orders.o_totalprice", "orders.o_orderdate", "customer.c_name", "customer.c_custkey", "orders.o_orderkey"], "Plans": [{"Node Type": "Nested Loop", "Parent Relationship": "Outer", "Join Type": "Inner", "Startup Cost": 2315054.5, "Total Cost": 2830749.71, "Plan Rows": 126321, "Plan Width": 59, "Inner Unique": false, "Plans": [{"Node Type": "Nested Loop", "Parent Relationship": "Outer", "Join Type": "Inner", "Startup Cost": 2315054.12, "Total Cost": 2766973.56, "Plan Rows": 13913, "Plan Width": 59, "Inner Unique": true, "Plans": [{"Node Type": "Nested Loop", "Parent Relationship": "Outer", "Join Type": "Inner", "Startup Cost": 2315053.86, "Total Cost": 2625533.23, "Plan Rows": 33034, "Plan Width": 40, "Inner Unique": true, "Plans": [{"Node Type": "Aggregate", "Strategy": "Hashed", "Parent Relationship": "Outer", "Startup Cost": 2315050.5, "Total Cost": 2381201.11, "Plan Rows": 33034, "Plan Width": 24, "Group By Key": ["public.lineitem.l_orderkey"], "Filter": "(sum(public.lineitem.l_quantity) > 314::double precision), (LLVM Optimized)", "Plans": [{"Node Type": "Seq Scan", "Parent Relationship": "Outer", "Relation Name": "lineitem", "Alias": "lineitem", "Startup Cost": 0.0, "Total Cost": 2015115.33, "Plan Rows": 59987033, "Plan Width": 16}]}, {"Node Type": "Bitmap Heap Scan", "Parent Relationship": "Inner", "Relation Name": "orders", "Alias": "orders", "Startup Cost": 3.36, "Total Cost": 7.38, "Plan Rows": 1, "Plan Width": 32, "Recheck Cond": "(o_orderkey = public.lineitem.l_orderkey)", "Plans": [{"Node Type": "Bitmap Index Scan", "Parent Relationship": "Outer", "Index Name": "orders_pkey", "Startup Cost": 0.0, "Total Cost": 3.36, "Plan Rows": 1, "Plan Width": 0, "Index Cond": "(o_orderkey = public.lineitem.l_orderkey)"}]}]}, {"Node Type": "Bitmap Heap Scan", "Parent Relationship": "Inner", "Relation Name": "customer", "Alias": "customer", "Startup Cost": 0.26, "Total Cost": 4.27, "Plan Rows": 1, "Plan Width": 27, "Recheck Cond": "(c_custkey = orders.o_custkey)", "Plans": [{"Node Type": "Bitmap Index Scan", "Parent Relationship": "Outer", "Index Name": "customer_pkey", "Startup Cost": 0.0, "Total Cost": 0.26, "Plan Rows": 1, "Plan Width": 0, "Index Cond": "(c_custkey = orders.o_custkey)"}]}]}, {"Node Type": "Bitmap Heap Scan", "Parent Relationship": "Inner", "Relation Name": "lineitem", "Alias": "lineitem", "Startup Cost": 0.38, "Total Cost": 4.49, "Plan Rows": 9, "Plan Width": 16, "Recheck Cond": "(l_orderkey = orders.o_orderkey)", "Plans": [{"Node Type": "Bitmap Index Scan", "Parent Relationship": "Outer", "Index Name": "idx_lineitem_orderkey", "Startup Cost": 0.0, "Total Cost": 0.38, "Plan Rows": 9, "Plan Width": 0, "Index Cond": "(l_orderkey = orders.o_orderkey)"}]}]}]}]}]}, "Unique SQL Id": 1915754155, "Planner Runtime": 1}, "explain_analyze_plan": {"Plan": {"Node Type": "Limit", "Startup Cost": 2838735.63, "Total Cost": 2838735.88, "Plan Rows": 100, "Plan Width": 67, "Actual Startup Time": 54754.055, "Actual Total Time": 54754.071, "Actual Rows": 84, "Actual Loops": 1, "Plans": [{"Node Type": "Sort", "Parent Relationship": "Outer", "Startup Cost": 2838735.63, "Total Cost": 2839051.44, "Plan Rows": 100, "Plan Width": 67, "Actual Startup Time": 54754.052, "Actual Total Time": 54754.054, "Actual Rows": 84, "Actual Loops": 1, "Sort Key": ["orders.o_totalprice DESC", "orders.o_orderdate"], "Sort Method": "quicksort", "Sort Space Used": 38, "Sort Space Type": "Memory", "Plans": [{"Node Type": "Aggregate", "Strategy": "Hashed", "Parent Relationship": "Outer", "Startup Cost": 2832644.53, "Total Cost": 2833907.74, "Plan Rows": 126321, "Plan Width": 67, "Actual Startup Time": 54753.66, "Actual Total Time": 54753.955, "Actual Rows": 84, "Actual Loops": 1, "Group By Key": ["orders.o_totalprice", "orders.o_orderdate", "customer.c_name", "customer.c_custkey", "orders.o_orderkey"], "Plans": [{"Node Type": "Nested Loop", "Parent Relationship": "Outer", "Join Type": "Inner", "Startup Cost": 2315054.5, "Total Cost": 2830749.71, "Plan Rows": 126321, "Plan Width": 59, "Actual Startup Time": 48663.634, "Actual Total Time": 54751.757, "Actual Rows": 588, "Actual Loops": 1, "Inner Unique": false, "Plans": [{"Node Type": "Nested Loop", "Parent Relationship": "Outer", "Join Type": "Inner", "Startup Cost": 2315054.12, "Total Cost": 2766973.56, "Plan Rows": 13913, "Plan Width": 59, "Actual Startup Time": 48663.602, "Actual Total Time": 54749.126, "Actual Rows": 84, "Actual Loops": 1, "Inner Unique": true, "Plans": [{"Node Type": "Nested Loop", "Parent Relationship": "Outer", "Join Type": "Inner", "Startup Cost": 2315053.86, "Total Cost": 2625533.23, "Plan Rows": 33034, "Plan Width": 40, "Actual Startup Time": 48663.569, "Actual Total Time": 54747.452, "Actual Rows": 84, "Actual Loops": 1, "Inner Unique": true, "Plans": [{"Node Type": "Aggregate", "Strategy": "Hashed", "Parent Relationship": "Outer", "Startup Cost": 2315050.5, "Total Cost": 2381201.11, "Plan Rows": 33034, "Plan Width": 24, "Actual Startup Time": 48663.443, "Actual Total Time": 54727.462, "Actual Rows": 84, "Actual Loops": 1, "Group By Key": ["public.lineitem.l_orderkey"], "Filter": "(sum(public.lineitem.l_quantity) > 314::double precision), (LLVM Optimized, Jit Execute)", "Rows Removed by Filter": 14999916, "Plans": [{"Node Type": "Seq Scan", "Parent Relationship": "Outer", "Relation Name": "lineitem", "Alias": "lineitem", "Startup Cost": 0.0, "Total Cost": 2015115.33, "Plan Rows": 59987033, "Plan Width": 16, "Actual Startup Time": 0.048, "Actual Total Time": 20601.114, "Actual Rows": 59986052, "Actual Loops": 1}]}, {"Node Type": "Bitmap Heap Scan", "Parent Relationship": "Inner", "Relation Name": "orders", "Alias": "orders", "Startup Cost": 3.36, "Total Cost": 7.38, "Plan Rows": 1, "Plan Width": 32, "Actual Startup Time": 3.658, "Actual Total Time": 3.658, "Actual Rows": 84, "Actual Loops": 84, "Recheck Cond": "(o_orderkey = public.lineitem.l_orderkey)", "Rows Removed by Index Recheck": 0, "Exact Heap Blocks": 84, "Lossy Heap Blocks": 84, "Plans": [{"Node Type": "Bitmap Index Scan", "Parent Relationship": "Outer", "Index Name": "orders_pkey", "Startup Cost": 0.0, "Total Cost": 3.36, "Plan Rows": 1, "Plan Width": 0, "Actual Startup Time": 2.38, "Actual Total Time": 2.38, "Actual Rows": 84, "Actual Loops": 84, "Index Cond": "(o_orderkey = public.lineitem.l_orderkey)"}]}]}, {"Node Type": "Bitmap Heap Scan", "Parent Relationship": "Inner", "Relation Name": "customer", "Alias": "customer", "Startup Cost": 0.26, "Total Cost": 4.27, "Plan Rows": 1, "Plan Width": 27, "Actual Startup Time": 1.153, "Actual Total Time": 1.153, "Actual Rows": 84, "Actual Loops": 84, "Recheck Cond": "(c_custkey = orders.o_custkey)", "Rows Removed by Index Recheck": 0, "Exact Heap Blocks": 84, "Lossy Heap Blocks": 84, "Plans": [{"Node Type": "Bitmap Index Scan", "Parent Relationship": "Outer", "Index Name": "customer_pkey", "Startup Cost": 0.0, "Total Cost": 0.26, "Plan Rows": 1, "Plan Width": 0, "Actual Startup Time": 0.714, "Actual Total Time": 0.714, "Actual Rows": 84, "Actual Loops": 84, "Index Cond": "(c_custkey = orders.o_custkey)"}]}]}, {"Node Type": "Bitmap Heap Scan", "Parent Relationship": "Inner", "Relation Name": "lineitem", "Alias": "lineitem", "Startup Cost": 0.38, "Total Cost": 4.49, "Plan Rows": 9, "Plan Width": 16, "Actual Startup Time": 1.807, "Actual Total Time": 1.975, "Actual Rows": 588, "Actual Loops": 84, "Recheck Cond": "(l_orderkey = orders.o_orderkey)", "Rows Removed by Index Recheck": 0, "Exact Heap Blocks": 96, "Lossy Heap Blocks": 96, "Plans": [{"Node Type": "Bitmap Index Scan", "Parent Relationship": "Outer", "Index Name": "idx_lineitem_orderkey", "Startup Cost": 0.0, "Total Cost": 0.38, "Plan Rows": 9, "Plan Width": 0, "Actual Startup Time": 1.109, "Actual Total Time": 1.109, "Actual Rows": 588, "Actual Loops": 84, "Index Cond": "(l_orderkey = orders.o_orderkey)"}]}]}]}]}]}, "Triggers": [], "Planner Runtime": 1.901, "Total Runtime": 54763.284, "Unique SQL Id": 1915754155}}, "(64, '83')": {"explain_plan": {"Plan": {"Node Type": "Limit", "Startup Cost": 1000324838994.8, "Total Cost": 1000324838995.05, "Plan Rows": 100, "Plan Width": 67, "Plans": [{"Node Type": "Sort", "Parent Relationship": "Outer", "Startup Cost": 1000324838994.8, "Total Cost": 1000324839310.61, "Plan Rows": 100, "Plan Width": 67, "Sort Key": ["orders.o_totalprice DESC", "orders.o_orderdate"], "Plans": [{"Node Type": "Aggregate", "Strategy": "Hashed", "Parent Relationship": "Outer", "Startup Cost": 1000324832903.7, "Total Cost": 1000324834166.91, "Plan Rows": 126321, "Plan Width": 67, "Group By Key": ["orders.o_totalprice", "orders.o_orderdate", "customer.c_name", "customer.c_custkey", "orders.o_orderkey"], "Plans": [{"Node Type": "Nested Loop", "Parent Relationship": "Outer", "Join Type": "Inner", "Startup Cost": 1000324315313.67, "Total Cost": 1000324831008.88, "Plan Rows": 126321, "Plan Width": 59, "Inner Unique": false, "Plans": [{"Node Type": "Nested Loop", "Parent Relationship": "Outer", "Join Type": "Inner", "Startup Cost": 1000324315313.29, "Total Cost": 1000324767232.73, "Plan Rows": 13913, "Plan Width": 59, "Inner Unique": true, "Plans": [{"Node Type": "Nested Loop", "Parent Relationship": "Outer", "Join Type": "Inner", "Startup Cost": 1000324315313.03, "Total Cost": 1000324625792.4, "Plan Rows": 33034, "Plan Width": 40, "Inner Unique": true, "Plans": [{"Node Type": "Aggregate", "Strategy": "Hashed", "Parent Relationship": "Outer", "Startup Cost": 1000324315309.67, "Total Cost": 1000324381460.28, "Plan Rows": 33034, "Plan Width": 24, "Group By Key": ["public.lineitem.l_orderkey"], "Filter": "(sum(public.lineitem.l_quantity) > 314::double precision), (LLVM Optimized)", "Plans": [{"Node Type": "Index Scan", "Parent Relationship": "Outer", "Scan Direction": "Forward", "Index Name": "idx_lineitem_orderkey", "Relation Name": "lineitem", "Alias": "lineitem", "Startup Cost": 10000000000.0, "Total Cost": 1000324015374.5, "Plan Rows": 59987033, "Plan Width": 16}]}, {"Node Type": "Bitmap Heap Scan", "Parent Relationship": "Inner", "Relation Name": "orders", "Alias": "orders", "Startup Cost": 3.36, "Total Cost": 7.38, "Plan Rows": 1, "Plan Width": 32, "Recheck Cond": "(o_orderkey = public.lineitem.l_orderkey)", "Plans": [{"Node Type": "Bitmap Index Scan", "Parent Relationship": "Outer", "Index Name": "orders_pkey", "Startup Cost": 0.0, "Total Cost": 3.36, "Plan Rows": 1, "Plan Width": 0, "Index Cond": "(o_orderkey = public.lineitem.l_orderkey)"}]}]}, {"Node Type": "Bitmap Heap Scan", "Parent Relationship": "Inner", "Relation Name": "customer", "Alias": "customer", "Startup Cost": 0.26, "Total Cost": 4.27, "Plan Rows": 1, "Plan Width": 27, "Recheck Cond": "(c_custkey = orders.o_custkey)", "Plans": [{"Node Type": "Bitmap Index Scan", "Parent Relationship": "Outer", "Index Name": "customer_pkey", "Startup Cost": 0.0, "Total Cost": 0.26, "Plan Rows": 1, "Plan Width": 0, "Index Cond": "(c_custkey = orders.o_custkey)"}]}]}, {"Node Type": "Bitmap Heap Scan", "Parent Relationship": "Inner", "Relation Name": "lineitem", "Alias": "lineitem", "Startup Cost": 0.38, "Total Cost": 4.49, "Plan Rows": 9, "Plan Width": 16, "Recheck Cond": "(l_orderkey = orders.o_orderkey)", "Plans": [{"Node Type": "Bitmap Index Scan", "Parent Relationship": "Outer", "Index Name": "idx_lineitem_orderkey", "Startup Cost": 0.0, "Total Cost": 0.38, "Plan Rows": 9, "Plan Width": 0, "Index Cond": "(l_orderkey = orders.o_orderkey)"}]}]}]}]}]}, "Unique SQL Id": 1915754155, "Planner Runtime": 1}, "explain_analyze_plan": {"Plan": {"Node Type": "Limit", "Startup Cost": 1000324838994.8, "Total Cost": 1000324838995.05, "Plan Rows": 100, "Plan Width": 67, "Actual Startup Time": 80249.492, "Actual Total Time": 80249.51, "Actual Rows": 84, "Actual Loops": 1, "Plans": [{"Node Type": "Sort", "Parent Relationship": "Outer", "Startup Cost": 1000324838994.8, "Total Cost": 1000324839310.61, "Plan Rows": 100, "Plan Width": 67, "Actual Startup Time": 80249.49, "Actual Total Time": 80249.501, "Actual Rows": 84, "Actual Loops": 1, "Sort Key": ["orders.o_totalprice DESC", "orders.o_orderdate"], "Sort Method": "quicksort", "Sort Space Used": 38, "Sort Space Type": "Memory", "Plans": [{"Node Type": "Aggregate", "Strategy": "Hashed", "Parent Relationship": "Outer", "Startup Cost": 1000324832903.7, "Total Cost": 1000324834166.91, "Plan Rows": 126321, "Plan Width": 67, "Actual Startup Time": 80249.1, "Actual Total Time": 80249.389, "Actual Rows": 84, "Actual Loops": 1, "Group By Key": ["orders.o_totalprice", "orders.o_orderdate", "customer.c_name", "customer.c_custkey", "orders.o_orderkey"], "Plans": [{"Node Type": "Nested Loop", "Parent Relationship": "Outer", "Join Type": "Inner", "Startup Cost": 1000324315313.67, "Total Cost": 1000324831008.88, "Plan Rows": 126321, "Plan Width": 59, "Actual Startup Time": 73111.745, "Actual Total Time": 80247.199, "Actual Rows": 588, "Actual Loops": 1, "Inner Unique": false, "Plans": [{"Node Type": "Nested Loop", "Parent Relationship": "Outer", "Join Type": "Inner", "Startup Cost": 1000324315313.29, "Total Cost": 1000324767232.73, "Plan Rows": 13913, "Plan Width": 59, "Actual Startup Time": 73111.701, "Actual Total Time": 80244.173, "Actual Rows": 84, "Actual Loops": 1, "Inner Unique": true, "Plans": [{"Node Type": "Nested Loop", "Parent Relationship": "Outer", "Join Type": "Inner", "Startup Cost": 1000324315313.03, "Total Cost": 1000324625792.4, "Plan Rows": 33034, "Plan Width": 40, "Actual Startup Time": 73111.642, "Actual Total Time": 80242.091, "Actual Rows": 84, "Actual Loops": 1, "Inner Unique": true, "Plans": [{"Node Type": "Aggregate", "Strategy": "Hashed", "Parent Relationship": "Outer", "Startup Cost": 1000324315309.67, "Total Cost": 1000324381460.28, "Plan Rows": 33034, "Plan Width": 24, "Actual Startup Time": 73111.524, "Actual Total Time": 80223.033, "Actual Rows": 84, "Actual Loops": 1, "Group By Key": ["public.lineitem.l_orderkey"], "Filter": "(sum(public.lineitem.l_quantity) > 314::double precision), (LLVM Optimized, Jit Execute)", "Rows Removed by Filter": 14999916, "Plans": [{"Node Type": "Index Scan", "Parent Relationship": "Outer", "Scan Direction": "Forward", "Index Name": "idx_lineitem_orderkey", "Relation Name": "lineitem", "Alias": "lineitem", "Startup Cost": 10000000000.0, "Total Cost": 1000324015374.5, "Plan Rows": 59987033, "Plan Width": 16, "Actual Startup Time": 0.063, "Actual Total Time": 44361.768, "Actual Rows": 59986052, "Actual Loops": 1}]}, {"Node Type": "Bitmap Heap Scan", "Parent Relationship": "Inner", "Relation Name": "orders", "Alias": "orders", "Startup Cost": 3.36, "Total Cost": 7.38, "Plan Rows": 1, "Plan Width": 32, "Actual Startup Time": 3.64, "Actual Total Time": 3.64, "Actual Rows": 84, "Actual Loops": 84, "Recheck Cond": "(o_orderkey = public.lineitem.l_orderkey)", "Rows Removed by Index Recheck": 0, "Exact Heap Blocks": 84, "Lossy Heap Blocks": 84, "Plans": [{"Node Type": "Bitmap Index Scan", "Parent Relationship": "Outer", "Index Name": "orders_pkey", "Startup Cost": 0.0, "Total Cost": 3.36, "Plan Rows": 1, "Plan Width": 0, "Actual Startup Time": 2.402, "Actual Total Time": 2.402, "Actual Rows": 84, "Actual Loops": 84, "Index Cond": "(o_orderkey = public.lineitem.l_orderkey)"}]}]}, {"Node Type": "Bitmap Heap Scan", "Parent Relationship": "Inner", "Relation Name": "customer", "Alias": "customer", "Startup Cost": 0.26, "Total Cost": 4.27, "Plan Rows": 1, "Plan Width": 27, "Actual Startup Time": 1.455, "Actual Total Time": 1.455, "Actual Rows": 84, "Actual Loops": 84, "Recheck Cond": "(c_custkey = orders.o_custkey)", "Rows Removed by Index Recheck": 0, "Exact Heap Blocks": 84, "Lossy Heap Blocks": 84, "Plans": [{"Node Type": "Bitmap Index Scan", "Parent Relationship": "Outer", "Index Name": "customer_pkey", "Startup Cost": 0.0, "Total Cost": 0.26, "Plan Rows": 1, "Plan Width": 0, "Actual Startup Time": 0.897, "Actual Total Time": 0.897, "Actual Rows": 84, "Actual Loops": 84, "Index Cond": "(c_custkey = orders.o_custkey)"}]}]}, {"Node Type": "Bitmap Heap Scan", "Parent Relationship": "Inner", "Relation Name": "lineitem", "Alias": "lineitem", "Startup Cost": 0.38, "Total Cost": 4.49, "Plan Rows": 9, "Plan Width": 16, "Actual Startup Time": 2.054, "Actual Total Time": 2.216, "Actual Rows": 588, "Actual Loops": 84, "Recheck Cond": "(l_orderkey = orders.o_orderkey)", "Rows Removed by Index Recheck": 0, "Exact Heap Blocks": 96, "Lossy Heap Blocks": 96, "Plans": [{"Node Type": "Bitmap Index Scan", "Parent Relationship": "Outer", "Index Name": "idx_lineitem_orderkey", "Startup Cost": 0.0, "Total Cost": 0.38, "Plan Rows": 9, "Plan Width": 0, "Actual Startup Time": 1.268, "Actual Total Time": 1.268, "Actual Rows": 588, "Actual Loops": 84, "Index Cond": "(l_orderkey = orders.o_orderkey)"}]}]}]}]}]}, "Triggers": [], "Planner Runtime": 1.823, "Total Runtime": 80258.843, "Unique SQL Id": 1915754155}}, "(64, '84')": {"explain_plan": {"Plan": {"Node Type": "Limit", "Startup Cost": 2649029.8, "Total Cost": 2649030.05, "Plan Rows": 100, "Plan Width": 67, "Plans": [{"Node Type": "Sort", "Parent Relationship": "Outer", "Startup Cost": 2649029.8, "Total Cost": 2649345.6, "Plan Rows": 100, "Plan Width": 67, "Sort Key": ["orders.o_totalprice DESC", "orders.o_orderdate"], "Plans": [{"Node Type": "Aggregate", "Strategy": "Hashed", "Parent Relationship": "Outer", "Startup Cost": 2642938.69, "Total Cost": 2644201.9, "Plan Rows": 126321, "Plan Width": 67, "Group By Key": ["orders.o_totalprice", "orders.o_orderdate", "customer.c_name", "customer.c_custkey", "orders.o_orderkey"], "Plans": [{"Node Type": "Nested Loop", "Parent Relationship": "Outer", "Join Type": "Inner", "Startup Cost": 2315050.5, "Total Cost": 2641043.88, "Plan Rows": 126321, "Plan Width": 59, "Inner Unique": false, "Plans": [{"Node Type": "Nested Loop", "Parent Relationship": "Outer", "Join Type": "Inner", "Startup Cost": 2315050.5, "Total Cost": 2627700.1, "Plan Rows": 13913, "Plan Width": 59, "Inner Unique": true, "Plans": [{"Node Type": "Nested Loop", "Parent Relationship": "Outer", "Join Type": "Inner", "Startup Cost": 2315050.5, "Total Cost": 2618076.97, "Plan Rows": 33034, "Plan Width": 40, "Inner Unique": true, "Plans": [{"Node Type": "Aggregate", "Strategy": "Hashed", "Parent Relationship": "Outer", "Startup Cost": 2315050.5, "Total Cost": 2381201.11, "Plan Rows": 33034, "Plan Width": 24, "Group By Key": ["public.lineitem.l_orderkey"], "Filter": "(sum(public.lineitem.l_quantity) > 314::double precision), (LLVM Optimized)", "Plans": [{"Node Type": "Seq Scan", "Parent Relationship": "Outer", "Relation Name": "lineitem", "Alias": "lineitem", "Startup Cost": 0.0, "Total Cost": 2015115.33, "Plan Rows": 59987033, "Plan Width": 16}]}, {"Node Type": "Index Scan", "Parent Relationship": "Inner", "Scan Direction": "Forward", "Index Name": "orders_pkey", "Relation Name": "orders", "Alias": "orders", "Startup Cost": 0.0, "Total Cost": 7.15, "Plan Rows": 1, "Plan Width": 32, "Index Cond": "(o_orderkey = public.lineitem.l_orderkey)"}]}, {"Node Type": "Index Scan", "Parent Relationship": "Inner", "Scan Direction": "Forward", "Index Name": "customer_pkey", "Relation Name": "customer", "Alias": "customer", "Startup Cost": 0.0, "Total Cost": 0.28, "Plan Rows": 1, "Plan Width": 27, "Index Cond": "(c_custkey = orders.o_custkey)"}]}, {"Node Type": "Index Scan", "Parent Relationship": "Inner", "Scan Direction": "Forward", "Index Name": "idx_lineitem_orderkey", "Relation Name": "lineitem", "Alias": "lineitem", "Startup Cost": 0.0, "Total Cost": 0.87, "Plan Rows": 9, "Plan Width": 16, "Index Cond": "(l_orderkey = orders.o_orderkey)"}]}]}]}]}, "Unique SQL Id": 1915754155, "Planner Runtime": 1}, "explain_analyze_plan": {"Plan": {"Node Type": "Limit", "Startup Cost": 2649029.8, "Total Cost": 2649030.05, "Plan Rows": 100, "Plan Width": 67, "Actual Startup Time": 54861.493, "Actual Total Time": 54861.508, "Actual Rows": 84, "Actual Loops": 1, "Plans": [{"Node Type": "Sort", "Parent Relationship": "Outer", "Startup Cost": 2649029.8, "Total Cost": 2649345.6, "Plan Rows": 100, "Plan Width": 67, "Actual Startup Time": 54861.49, "Actual Total Time": 54861.494, "Actual Rows": 84, "Actual Loops": 1, "Sort Key": ["orders.o_totalprice DESC", "orders.o_orderdate"], "Sort Method": "quicksort", "Sort Space Used": 38, "Sort Space Type": "Memory", "Plans": [{"Node Type": "Aggregate", "Strategy": "Hashed", "Parent Relationship": "Outer", "Startup Cost": 2642938.69, "Total Cost": 2644201.9, "Plan Rows": 126321, "Plan Width": 67, "Actual Startup Time": 54860.881, "Actual Total Time": 54861.367, "Actual Rows": 84, "Actual Loops": 1, "Group By Key": ["orders.o_totalprice", "orders.o_orderdate", "customer.c_name", "customer.c_custkey", "orders.o_orderkey"], "Plans": [{"Node Type": "Nested Loop", "Parent Relationship": "Outer", "Join Type": "Inner", "Startup Cost": 2315050.5, "Total Cost": 2641043.88, "Plan Rows": 126321, "Plan Width": 59, "Actual Startup Time": 49072.337, "Actual Total Time": 54858.992, "Actual Rows": 588, "Actual Loops": 1, "Inner Unique": false, "Plans": [{"Node Type": "Nested Loop", "Parent Relationship": "Outer", "Join Type": "Inner", "Startup Cost": 2315050.5, "Total Cost": 2627700.1, "Plan Rows": 13913, "Plan Width": 59, "Actual Startup Time": 49072.315, "Actual Total Time": 54856.844, "Actual Rows": 84, "Actual Loops": 1, "Inner Unique": true, "Plans": [{"Node Type": "Nested Loop", "Parent Relationship": "Outer", "Join Type": "Inner", "Startup Cost": 2315050.5, "Total Cost": 2618076.97, "Plan Rows": 33034, "Plan Width": 40, "Actual Startup Time": 49072.296, "Actual Total Time": 54855.643, "Actual Rows": 84, "Actual Loops": 1, "Inner Unique": true, "Plans": [{"Node Type": "Aggregate", "Strategy": "Hashed", "Parent Relationship": "Outer", "Startup Cost": 2315050.5, "Total Cost": 2381201.11, "Plan Rows": 33034, "Plan Width": 24, "Actual Startup Time": 49072.224, "Actual Total Time": 54835.622, "Actual Rows": 84, "Actual Loops": 1, "Group By Key": ["public.lineitem.l_orderkey"], "Filter": "(sum(public.lineitem.l_quantity) > 314::double precision), (LLVM Optimized, Jit Execute)", "Rows Removed by Filter": 14999916, "Plans": [{"Node Type": "Seq Scan", "Parent Relationship": "Outer", "Relation Name": "lineitem", "Alias": "lineitem", "Startup Cost": 0.0, "Total Cost": 2015115.33, "Plan Rows": 59987033, "Plan Width": 16, "Actual Startup Time": 0.051, "Actual Total Time": 20660.278, "Actual Rows": 59986052, "Actual Loops": 1}]}, {"Node Type": "Index Scan", "Parent Relationship": "Inner", "Scan Direction": "Forward", "Index Name": "orders_pkey", "Relation Name": "orders", "Alias": "orders", "Startup Cost": 0.0, "Total Cost": 7.15, "Plan Rows": 1, "Plan Width": 32, "Actual Startup Time": 2.649, "Actual Total Time": 2.649, "Actual Rows": 84, "Actual Loops": 84, "Index Cond": "(o_orderkey = public.lineitem.l_orderkey)", "Rows Removed by Index Recheck": 0}]}, {"Node Type": "Index Scan", "Parent Relationship": "Inner", "Scan Direction": "Forward", "Index Name": "customer_pkey", "Relation Name": "customer", "Alias": "customer", "Startup Cost": 0.0, "Total Cost": 0.28, "Plan Rows": 1, "Plan Width": 27, "Actual Startup Time": 0.851, "Actual Total Time": 0.851, "Actual Rows": 84, "Actual Loops": 84, "Index Cond": "(c_custkey = orders.o_custkey)", "Rows Removed by Index Recheck": 0}]}, {"Node Type": "Index Scan", "Parent Relationship": "Inner", "Scan Direction": "Forward", "Index Name": "idx_lineitem_orderkey", "Relation Name": "lineitem", "Alias": "lineitem", "Startup Cost": 0.0, "Total Cost": 0.87, "Plan Rows": 9, "Plan Width": 16, "Actual Startup Time": 1.215, "Actual Total Time": 1.721, "Actual Rows": 588, "Actual Loops": 84, "Index Cond": "(l_orderkey = orders.o_orderkey)", "Rows Removed by Index Recheck": 0}]}]}]}]}, "Triggers": [], "Planner Runtime": 2.136, "Total Runtime": 54871.674, "Unique SQL Id": 1915754155}}, "(64, '85')": {"explain_plan": {"Plan": {"Node Type": "Limit", "Startup Cost": 3874068.21, "Total Cost": 3874068.46, "Plan Rows": 100, "Plan Width": 67, "Plans": [{"Node Type": "Sort", "Parent Relationship": "Outer", "Startup Cost": 3874068.21, "Total Cost": 3874384.02, "Plan Rows": 100, "Plan Width": 67, "Sort Key": ["orders.o_totalprice DESC", "orders.o_orderdate"], "Plans": [{"Node Type": "Aggregate", "Strategy": "Hashed", "Parent Relationship": "Outer", "Startup Cost": 3867977.11, "Total Cost": 3869240.32, "Plan Rows": 126321, "Plan Width": 67, "Group By Key": ["orders.o_totalprice", "orders.o_orderdate", "customer.c_name", "customer.c_custkey", "orders.o_orderkey"], "Plans": [{"Node Type": "Nested Loop", "Parent Relationship": "Outer", "Join Type": "Inner", "Startup Cost": 3540088.91, "Total Cost": 3866082.29, "Plan Rows": 126321, "Plan Width": 59, "Inner Unique": false, "Plans": [{"Node Type": "Nested Loop", "Parent Relationship": "Outer", "Join Type": "Inner", "Startup Cost": 3540088.91, "Total Cost": 3852738.51, "Plan Rows": 13913, "Plan Width": 59, "Inner Unique": true, "Plans": [{"Node Type": "Nested Loop", "Parent Relationship": "Outer", "Join Type": "Inner", "Startup Cost": 3540088.91, "Total Cost": 3843115.38, "Plan Rows": 33034, "Plan Width": 40, "Inner Unique": true, "Plans": [{"Node Type": "Aggregate", "Strategy": "Hashed", "Parent Relationship": "Outer", "Startup Cost": 3540088.91, "Total Cost": 3606239.52, "Plan Rows": 33034, "Plan Width": 24, "Group By Key": ["public.lineitem.l_orderkey"], "Filter": "(sum(public.lineitem.l_quantity) > 314::double precision), (LLVM Optimized)", "Plans": [{"Node Type": "Index Scan", "Parent Relationship": "Outer", "Scan Direction": "Forward", "Index Name": "idx_lineitem_orderkey", "Relation Name": "lineitem", "Alias": "lineitem", "Startup Cost": 0.0, "Total Cost": 3240153.75, "Plan Rows": 59987033, "Plan Width": 16}]}, {"Node Type": "Index Scan", "Parent Relationship": "Inner", "Scan Direction": "Forward", "Index Name": "orders_pkey", "Relation Name": "orders", "Alias": "orders", "Startup Cost": 0.0, "Total Cost": 7.15, "Plan Rows": 1, "Plan Width": 32, "Index Cond": "(o_orderkey = public.lineitem.l_orderkey)"}]}, {"Node Type": "Index Scan", "Parent Relationship": "Inner", "Scan Direction": "Forward", "Index Name": "customer_pkey", "Relation Name": "customer", "Alias": "customer", "Startup Cost": 0.0, "Total Cost": 0.28, "Plan Rows": 1, "Plan Width": 27, "Index Cond": "(c_custkey = orders.o_custkey)"}]}, {"Node Type": "Index Scan", "Parent Relationship": "Inner", "Scan Direction": "Forward", "Index Name": "idx_lineitem_orderkey", "Relation Name": "lineitem", "Alias": "lineitem", "Startup Cost": 0.0, "Total Cost": 0.87, "Plan Rows": 9, "Plan Width": 16, "Index Cond": "(l_orderkey = orders.o_orderkey)"}]}]}]}]}, "Unique SQL Id": 1915754155, "Planner Runtime": 1}, "explain_analyze_plan": {"Plan": {"Node Type": "Limit", "Startup Cost": 3874068.21, "Total Cost": 3874068.46, "Plan Rows": 100, "Plan Width": 67, "Actual Startup Time": 78667.563, "Actual Total Time": 78667.58, "Actual Rows": 84, "Actual Loops": 1, "Plans": [{"Node Type": "Sort", "Parent Relationship": "Outer", "Startup Cost": 3874068.21, "Total Cost": 3874384.02, "Plan Rows": 100, "Plan Width": 67, "Actual Startup Time": 78667.561, "Actual Total Time": 78667.57, "Actual Rows": 84, "Actual Loops": 1, "Sort Key": ["orders.o_totalprice DESC", "orders.o_orderdate"], "Sort Method": "quicksort", "Sort Space Used": 38, "Sort Space Type": "Memory", "Plans": [{"Node Type": "Aggregate", "Strategy": "Hashed", "Parent Relationship": "Outer", "Startup Cost": 3867977.11, "Total Cost": 3869240.32, "Plan Rows": 126321, "Plan Width": 67, "Actual Startup Time": 78666.912, "Actual Total Time": 78667.456, "Actual Rows": 84, "Actual Loops": 1, "Group By Key": ["orders.o_totalprice", "orders.o_orderdate", "customer.c_name", "customer.c_custkey", "orders.o_orderkey"], "Plans": [{"Node Type": "Nested Loop", "Parent Relationship": "Outer", "Join Type": "Inner", "Startup Cost": 3540088.91, "Total Cost": 3866082.29, "Plan Rows": 126321, "Plan Width": 59, "Actual Startup Time": 71346.529, "Actual Total Time": 78665.231, "Actual Rows": 588, "Actual Loops": 1, "Inner Unique": false, "Plans": [{"Node Type": "Nested Loop", "Parent Relationship": "Outer", "Join Type": "Inner", "Startup Cost": 3540088.91, "Total Cost": 3852738.51, "Plan Rows": 13913, "Plan Width": 59, "Actual Startup Time": 71346.496, "Actual Total Time": 78662.632, "Actual Rows": 84, "Actual Loops": 1, "Inner Unique": true, "Plans": [{"Node Type": "Nested Loop", "Parent Relationship": "Outer", "Join Type": "Inner", "Startup Cost": 3540088.91, "Total Cost": 3843115.38, "Plan Rows": 33034, "Plan Width": 40, "Actual Startup Time": 71346.464, "Actual Total Time": 78660.834, "Actual Rows": 84, "Actual Loops": 1, "Inner Unique": true, "Plans": [{"Node Type": "Aggregate", "Strategy": "Hashed", "Parent Relationship": "Outer", "Startup Cost": 3540088.91, "Total Cost": 3606239.52, "Plan Rows": 33034, "Plan Width": 24, "Actual Startup Time": 71346.402, "Actual Total Time": 78640.855, "Actual Rows": 84, "Actual Loops": 1, "Group By Key": ["public.lineitem.l_orderkey"], "Filter": "(sum(public.lineitem.l_quantity) > 314::double precision), (LLVM Optimized, Jit Execute)", "Rows Removed by Filter": 14999916, "Plans": [{"Node Type": "Index Scan", "Parent Relationship": "Outer", "Scan Direction": "Forward", "Index Name": "idx_lineitem_orderkey", "Relation Name": "lineitem", "Alias": "lineitem", "Startup Cost": 0.0, "Total Cost": 3240153.75, "Plan Rows": 59987033, "Plan Width": 16, "Actual Startup Time": 0.07, "Actual Total Time": 42499.927, "Actual Rows": 59986052, "Actual Loops": 1}]}, {"Node Type": "Index Scan", "Parent Relationship": "Inner", "Scan Direction": "Forward", "Index Name": "orders_pkey", "Relation Name": "orders", "Alias": "orders", "Startup Cost": 0.0, "Total Cost": 7.15, "Plan Rows": 1, "Plan Width": 32, "Actual Startup Time": 2.739, "Actual Total Time": 2.739, "Actual Rows": 84, "Actual Loops": 84, "Index Cond": "(o_orderkey = public.lineitem.l_orderkey)", "Rows Removed by Index Recheck": 0}]}, {"Node Type": "Index Scan", "Parent Relationship": "Inner", "Scan Direction": "Forward", "Index Name": "customer_pkey", "Relation Name": "customer", "Alias": "customer", "Startup Cost": 0.0, "Total Cost": 0.28, "Plan Rows": 1, "Plan Width": 27, "Actual Startup Time": 1.301, "Actual Total Time": 1.301, "Actual Rows": 84, "Actual Loops": 84, "Index Cond": "(c_custkey = orders.o_custkey)", "Rows Removed by Index Recheck": 0}]}, {"Node Type": "Index Scan", "Parent Relationship": "Inner", "Scan Direction": "Forward", "Index Name": "idx_lineitem_orderkey", "Relation Name": "lineitem", "Alias": "lineitem", "Startup Cost": 0.0, "Total Cost": 0.87, "Plan Rows": 9, "Plan Width": 16, "Actual Startup Time": 1.627, "Actual Total Time": 2.06, "Actual Rows": 588, "Actual Loops": 84, "Index Cond": "(l_orderkey = orders.o_orderkey)", "Rows Removed by Index Recheck": 0}]}]}]}]}, "Triggers": [], "Planner Runtime": 2.114, "Total Runtime": 78676.91, "Unique SQL Id": 1915754155}}, "(64, '86')": {"explain_plan": {"Plan": {"Node Type": "Limit", "Startup Cost": 2838735.63, "Total Cost": 2838735.88, "Plan Rows": 100, "Plan Width": 67, "Plans": [{"Node Type": "Sort", "Parent Relationship": "Outer", "Startup Cost": 2838735.63, "Total Cost": 2839051.44, "Plan Rows": 100, "Plan Width": 67, "Sort Key": ["orders.o_totalprice DESC", "orders.o_orderdate"], "Plans": [{"Node Type": "Aggregate", "Strategy": "Hashed", "Parent Relationship": "Outer", "Startup Cost": 2832644.53, "Total Cost": 2833907.74, "Plan Rows": 126321, "Plan Width": 67, "Group By Key": ["orders.o_totalprice", "orders.o_orderdate", "customer.c_name", "customer.c_custkey", "orders.o_orderkey"], "Plans": [{"Node Type": "Nested Loop", "Parent Relationship": "Outer", "Join Type": "Inner", "Startup Cost": 2315054.5, "Total Cost": 2830749.71, "Plan Rows": 126321, "Plan Width": 59, "Inner Unique": false, "Plans": [{"Node Type": "Nested Loop", "Parent Relationship": "Outer", "Join Type": "Inner", "Startup Cost": 2315054.12, "Total Cost": 2766973.56, "Plan Rows": 13913, "Plan Width": 59, "Inner Unique": true, "Plans": [{"Node Type": "Nested Loop", "Parent Relationship": "Outer", "Join Type": "Inner", "Startup Cost": 2315053.86, "Total Cost": 2625533.23, "Plan Rows": 33034, "Plan Width": 40, "Inner Unique": true, "Plans": [{"Node Type": "Aggregate", "Strategy": "Hashed", "Parent Relationship": "Outer", "Startup Cost": 2315050.5, "Total Cost": 2381201.11, "Plan Rows": 33034, "Plan Width": 24, "Group By Key": ["public.lineitem.l_orderkey"], "Filter": "(sum(public.lineitem.l_quantity) > 314::double precision), (LLVM Optimized)", "Plans": [{"Node Type": "Seq Scan", "Parent Relationship": "Outer", "Relation Name": "lineitem", "Alias": "lineitem", "Startup Cost": 0.0, "Total Cost": 2015115.33, "Plan Rows": 59987033, "Plan Width": 16}]}, {"Node Type": "Bitmap Heap Scan", "Parent Relationship": "Inner", "Relation Name": "orders", "Alias": "orders", "Startup Cost": 3.36, "Total Cost": 7.38, "Plan Rows": 1, "Plan Width": 32, "Recheck Cond": "(o_orderkey = public.lineitem.l_orderkey)", "Plans": [{"Node Type": "Bitmap Index Scan", "Parent Relationship": "Outer", "Index Name": "orders_pkey", "Startup Cost": 0.0, "Total Cost": 3.36, "Plan Rows": 1, "Plan Width": 0, "Index Cond": "(o_orderkey = public.lineitem.l_orderkey)"}]}]}, {"Node Type": "Bitmap Heap Scan", "Parent Relationship": "Inner", "Relation Name": "customer", "Alias": "customer", "Startup Cost": 0.26, "Total Cost": 4.27, "Plan Rows": 1, "Plan Width": 27, "Recheck Cond": "(c_custkey = orders.o_custkey)", "Plans": [{"Node Type": "Bitmap Index Scan", "Parent Relationship": "Outer", "Index Name": "customer_pkey", "Startup Cost": 0.0, "Total Cost": 0.26, "Plan Rows": 1, "Plan Width": 0, "Index Cond": "(c_custkey = orders.o_custkey)"}]}]}, {"Node Type": "Bitmap Heap Scan", "Parent Relationship": "Inner", "Relation Name": "lineitem", "Alias": "lineitem", "Startup Cost": 0.38, "Total Cost": 4.49, "Plan Rows": 9, "Plan Width": 16, "Recheck Cond": "(l_orderkey = orders.o_orderkey)", "Plans": [{"Node Type": "Bitmap Index Scan", "Parent Relationship": "Outer", "Index Name": "idx_lineitem_orderkey", "Startup Cost": 0.0, "Total Cost": 0.38, "Plan Rows": 9, "Plan Width": 0, "Index Cond": "(l_orderkey = orders.o_orderkey)"}]}]}]}]}]}, "Unique SQL Id": 1915754155, "Planner Runtime": 1}, "explain_analyze_plan": {"Plan": {"Node Type": "Limit", "Startup Cost": 2838735.63, "Total Cost": 2838735.88, "Plan Rows": 100, "Plan Width": 67, "Actual Startup Time": 54754.055, "Actual Total Time": 54754.071, "Actual Rows": 84, "Actual Loops": 1, "Plans": [{"Node Type": "Sort", "Parent Relationship": "Outer", "Startup Cost": 2838735.63, "Total Cost": 2839051.44, "Plan Rows": 100, "Plan Width": 67, "Actual Startup Time": 54754.052, "Actual Total Time": 54754.054, "Actual Rows": 84, "Actual Loops": 1, "Sort Key": ["orders.o_totalprice DESC", "orders.o_orderdate"], "Sort Method": "quicksort", "Sort Space Used": 38, "Sort Space Type": "Memory", "Plans": [{"Node Type": "Aggregate", "Strategy": "Hashed", "Parent Relationship": "Outer", "Startup Cost": 2832644.53, "Total Cost": 2833907.74, "Plan Rows": 126321, "Plan Width": 67, "Actual Startup Time": 54753.66, "Actual Total Time": 54753.955, "Actual Rows": 84, "Actual Loops": 1, "Group By Key": ["orders.o_totalprice", "orders.o_orderdate", "customer.c_name", "customer.c_custkey", "orders.o_orderkey"], "Plans": [{"Node Type": "Nested Loop", "Parent Relationship": "Outer", "Join Type": "Inner", "Startup Cost": 2315054.5, "Total Cost": 2830749.71, "Plan Rows": 126321, "Plan Width": 59, "Actual Startup Time": 48663.634, "Actual Total Time": 54751.757, "Actual Rows": 588, "Actual Loops": 1, "Inner Unique": false, "Plans": [{"Node Type": "Nested Loop", "Parent Relationship": "Outer", "Join Type": "Inner", "Startup Cost": 2315054.12, "Total Cost": 2766973.56, "Plan Rows": 13913, "Plan Width": 59, "Actual Startup Time": 48663.602, "Actual Total Time": 54749.126, "Actual Rows": 84, "Actual Loops": 1, "Inner Unique": true, "Plans": [{"Node Type": "Nested Loop", "Parent Relationship": "Outer", "Join Type": "Inner", "Startup Cost": 2315053.86, "Total Cost": 2625533.23, "Plan Rows": 33034, "Plan Width": 40, "Actual Startup Time": 48663.569, "Actual Total Time": 54747.452, "Actual Rows": 84, "Actual Loops": 1, "Inner Unique": true, "Plans": [{"Node Type": "Aggregate", "Strategy": "Hashed", "Parent Relationship": "Outer", "Startup Cost": 2315050.5, "Total Cost": 2381201.11, "Plan Rows": 33034, "Plan Width": 24, "Actual Startup Time": 48663.443, "Actual Total Time": 54727.462, "Actual Rows": 84, "Actual Loops": 1, "Group By Key": ["public.lineitem.l_orderkey"], "Filter": "(sum(public.lineitem.l_quantity) > 314::double precision), (LLVM Optimized, Jit Execute)", "Rows Removed by Filter": 14999916, "Plans": [{"Node Type": "Seq Scan", "Parent Relationship": "Outer", "Relation Name": "lineitem", "Alias": "lineitem", "Startup Cost": 0.0, "Total Cost": 2015115.33, "Plan Rows": 59987033, "Plan Width": 16, "Actual Startup Time": 0.048, "Actual Total Time": 20601.114, "Actual Rows": 59986052, "Actual Loops": 1}]}, {"Node Type": "Bitmap Heap Scan", "Parent Relationship": "Inner", "Relation Name": "orders", "Alias": "orders", "Startup Cost": 3.36, "Total Cost": 7.38, "Plan Rows": 1, "Plan Width": 32, "Actual Startup Time": 3.658, "Actual Total Time": 3.658, "Actual Rows": 84, "Actual Loops": 84, "Recheck Cond": "(o_orderkey = public.lineitem.l_orderkey)", "Rows Removed by Index Recheck": 0, "Exact Heap Blocks": 84, "Lossy Heap Blocks": 84, "Plans": [{"Node Type": "Bitmap Index Scan", "Parent Relationship": "Outer", "Index Name": "orders_pkey", "Startup Cost": 0.0, "Total Cost": 3.36, "Plan Rows": 1, "Plan Width": 0, "Actual Startup Time": 2.38, "Actual Total Time": 2.38, "Actual Rows": 84, "Actual Loops": 84, "Index Cond": "(o_orderkey = public.lineitem.l_orderkey)"}]}]}, {"Node Type": "Bitmap Heap Scan", "Parent Relationship": "Inner", "Relation Name": "customer", "Alias": "customer", "Startup Cost": 0.26, "Total Cost": 4.27, "Plan Rows": 1, "Plan Width": 27, "Actual Startup Time": 1.153, "Actual Total Time": 1.153, "Actual Rows": 84, "Actual Loops": 84, "Recheck Cond": "(c_custkey = orders.o_custkey)", "Rows Removed by Index Recheck": 0, "Exact Heap Blocks": 84, "Lossy Heap Blocks": 84, "Plans": [{"Node Type": "Bitmap Index Scan", "Parent Relationship": "Outer", "Index Name": "customer_pkey", "Startup Cost": 0.0, "Total Cost": 0.26, "Plan Rows": 1, "Plan Width": 0, "Actual Startup Time": 0.714, "Actual Total Time": 0.714, "Actual Rows": 84, "Actual Loops": 84, "Index Cond": "(c_custkey = orders.o_custkey)"}]}]}, {"Node Type": "Bitmap Heap Scan", "Parent Relationship": "Inner", "Relation Name": "lineitem", "Alias": "lineitem", "Startup Cost": 0.38, "Total Cost": 4.49, "Plan Rows": 9, "Plan Width": 16, "Actual Startup Time": 1.807, "Actual Total Time": 1.975, "Actual Rows": 588, "Actual Loops": 84, "Recheck Cond": "(l_orderkey = orders.o_orderkey)", "Rows Removed by Index Recheck": 0, "Exact Heap Blocks": 96, "Lossy Heap Blocks": 96, "Plans": [{"Node Type": "Bitmap Index Scan", "Parent Relationship": "Outer", "Index Name": "idx_lineitem_orderkey", "Startup Cost": 0.0, "Total Cost": 0.38, "Plan Rows": 9, "Plan Width": 0, "Actual Startup Time": 1.109, "Actual Total Time": 1.109, "Actual Rows": 588, "Actual Loops": 84, "Index Cond": "(l_orderkey = orders.o_orderkey)"}]}]}]}]}]}, "Triggers": [], "Planner Runtime": 1.901, "Total Runtime": 54763.284, "Unique SQL Id": 1915754155}}, "(64, '87')": {"explain_plan": {"Plan": {"Node Type": "Limit", "Startup Cost": 1000324838994.8, "Total Cost": 1000324838995.05, "Plan Rows": 100, "Plan Width": 67, "Plans": [{"Node Type": "Sort", "Parent Relationship": "Outer", "Startup Cost": 1000324838994.8, "Total Cost": 1000324839310.61, "Plan Rows": 100, "Plan Width": 67, "Sort Key": ["orders.o_totalprice DESC", "orders.o_orderdate"], "Plans": [{"Node Type": "Aggregate", "Strategy": "Hashed", "Parent Relationship": "Outer", "Startup Cost": 1000324832903.7, "Total Cost": 1000324834166.91, "Plan Rows": 126321, "Plan Width": 67, "Group By Key": ["orders.o_totalprice", "orders.o_orderdate", "customer.c_name", "customer.c_custkey", "orders.o_orderkey"], "Plans": [{"Node Type": "Nested Loop", "Parent Relationship": "Outer", "Join Type": "Inner", "Startup Cost": 1000324315313.67, "Total Cost": 1000324831008.88, "Plan Rows": 126321, "Plan Width": 59, "Inner Unique": false, "Plans": [{"Node Type": "Nested Loop", "Parent Relationship": "Outer", "Join Type": "Inner", "Startup Cost": 1000324315313.29, "Total Cost": 1000324767232.73, "Plan Rows": 13913, "Plan Width": 59, "Inner Unique": true, "Plans": [{"Node Type": "Nested Loop", "Parent Relationship": "Outer", "Join Type": "Inner", "Startup Cost": 1000324315313.03, "Total Cost": 1000324625792.4, "Plan Rows": 33034, "Plan Width": 40, "Inner Unique": true, "Plans": [{"Node Type": "Aggregate", "Strategy": "Hashed", "Parent Relationship": "Outer", "Startup Cost": 1000324315309.67, "Total Cost": 1000324381460.28, "Plan Rows": 33034, "Plan Width": 24, "Group By Key": ["public.lineitem.l_orderkey"], "Filter": "(sum(public.lineitem.l_quantity) > 314::double precision), (LLVM Optimized)", "Plans": [{"Node Type": "Index Scan", "Parent Relationship": "Outer", "Scan Direction": "Forward", "Index Name": "idx_lineitem_orderkey", "Relation Name": "lineitem", "Alias": "lineitem", "Startup Cost": 10000000000.0, "Total Cost": 1000324015374.5, "Plan Rows": 59987033, "Plan Width": 16}]}, {"Node Type": "Bitmap Heap Scan", "Parent Relationship": "Inner", "Relation Name": "orders", "Alias": "orders", "Startup Cost": 3.36, "Total Cost": 7.38, "Plan Rows": 1, "Plan Width": 32, "Recheck Cond": "(o_orderkey = public.lineitem.l_orderkey)", "Plans": [{"Node Type": "Bitmap Index Scan", "Parent Relationship": "Outer", "Index Name": "orders_pkey", "Startup Cost": 0.0, "Total Cost": 3.36, "Plan Rows": 1, "Plan Width": 0, "Index Cond": "(o_orderkey = public.lineitem.l_orderkey)"}]}]}, {"Node Type": "Bitmap Heap Scan", "Parent Relationship": "Inner", "Relation Name": "customer", "Alias": "customer", "Startup Cost": 0.26, "Total Cost": 4.27, "Plan Rows": 1, "Plan Width": 27, "Recheck Cond": "(c_custkey = orders.o_custkey)", "Plans": [{"Node Type": "Bitmap Index Scan", "Parent Relationship": "Outer", "Index Name": "customer_pkey", "Startup Cost": 0.0, "Total Cost": 0.26, "Plan Rows": 1, "Plan Width": 0, "Index Cond": "(c_custkey = orders.o_custkey)"}]}]}, {"Node Type": "Bitmap Heap Scan", "Parent Relationship": "Inner", "Relation Name": "lineitem", "Alias": "lineitem", "Startup Cost": 0.38, "Total Cost": 4.49, "Plan Rows": 9, "Plan Width": 16, "Recheck Cond": "(l_orderkey = orders.o_orderkey)", "Plans": [{"Node Type": "Bitmap Index Scan", "Parent Relationship": "Outer", "Index Name": "idx_lineitem_orderkey", "Startup Cost": 0.0, "Total Cost": 0.38, "Plan Rows": 9, "Plan Width": 0, "Index Cond": "(l_orderkey = orders.o_orderkey)"}]}]}]}]}]}, "Unique SQL Id": 1915754155, "Planner Runtime": 1}, "explain_analyze_plan": {"Plan": {"Node Type": "Limit", "Startup Cost": 1000324838994.8, "Total Cost": 1000324838995.05, "Plan Rows": 100, "Plan Width": 67, "Actual Startup Time": 80249.492, "Actual Total Time": 80249.51, "Actual Rows": 84, "Actual Loops": 1, "Plans": [{"Node Type": "Sort", "Parent Relationship": "Outer", "Startup Cost": 1000324838994.8, "Total Cost": 1000324839310.61, "Plan Rows": 100, "Plan Width": 67, "Actual Startup Time": 80249.49, "Actual Total Time": 80249.501, "Actual Rows": 84, "Actual Loops": 1, "Sort Key": ["orders.o_totalprice DESC", "orders.o_orderdate"], "Sort Method": "quicksort", "Sort Space Used": 38, "Sort Space Type": "Memory", "Plans": [{"Node Type": "Aggregate", "Strategy": "Hashed", "Parent Relationship": "Outer", "Startup Cost": 1000324832903.7, "Total Cost": 1000324834166.91, "Plan Rows": 126321, "Plan Width": 67, "Actual Startup Time": 80249.1, "Actual Total Time": 80249.389, "Actual Rows": 84, "Actual Loops": 1, "Group By Key": ["orders.o_totalprice", "orders.o_orderdate", "customer.c_name", "customer.c_custkey", "orders.o_orderkey"], "Plans": [{"Node Type": "Nested Loop", "Parent Relationship": "Outer", "Join Type": "Inner", "Startup Cost": 1000324315313.67, "Total Cost": 1000324831008.88, "Plan Rows": 126321, "Plan Width": 59, "Actual Startup Time": 73111.745, "Actual Total Time": 80247.199, "Actual Rows": 588, "Actual Loops": 1, "Inner Unique": false, "Plans": [{"Node Type": "Nested Loop", "Parent Relationship": "Outer", "Join Type": "Inner", "Startup Cost": 1000324315313.29, "Total Cost": 1000324767232.73, "Plan Rows": 13913, "Plan Width": 59, "Actual Startup Time": 73111.701, "Actual Total Time": 80244.173, "Actual Rows": 84, "Actual Loops": 1, "Inner Unique": true, "Plans": [{"Node Type": "Nested Loop", "Parent Relationship": "Outer", "Join Type": "Inner", "Startup Cost": 1000324315313.03, "Total Cost": 1000324625792.4, "Plan Rows": 33034, "Plan Width": 40, "Actual Startup Time": 73111.642, "Actual Total Time": 80242.091, "Actual Rows": 84, "Actual Loops": 1, "Inner Unique": true, "Plans": [{"Node Type": "Aggregate", "Strategy": "Hashed", "Parent Relationship": "Outer", "Startup Cost": 1000324315309.67, "Total Cost": 1000324381460.28, "Plan Rows": 33034, "Plan Width": 24, "Actual Startup Time": 73111.524, "Actual Total Time": 80223.033, "Actual Rows": 84, "Actual Loops": 1, "Group By Key": ["public.lineitem.l_orderkey"], "Filter": "(sum(public.lineitem.l_quantity) > 314::double precision), (LLVM Optimized, Jit Execute)", "Rows Removed by Filter": 14999916, "Plans": [{"Node Type": "Index Scan", "Parent Relationship": "Outer", "Scan Direction": "Forward", "Index Name": "idx_lineitem_orderkey", "Relation Name": "lineitem", "Alias": "lineitem", "Startup Cost": 10000000000.0, "Total Cost": 1000324015374.5, "Plan Rows": 59987033, "Plan Width": 16, "Actual Startup Time": 0.063, "Actual Total Time": 44361.768, "Actual Rows": 59986052, "Actual Loops": 1}]}, {"Node Type": "Bitmap Heap Scan", "Parent Relationship": "Inner", "Relation Name": "orders", "Alias": "orders", "Startup Cost": 3.36, "Total Cost": 7.38, "Plan Rows": 1, "Plan Width": 32, "Actual Startup Time": 3.64, "Actual Total Time": 3.64, "Actual Rows": 84, "Actual Loops": 84, "Recheck Cond": "(o_orderkey = public.lineitem.l_orderkey)", "Rows Removed by Index Recheck": 0, "Exact Heap Blocks": 84, "Lossy Heap Blocks": 84, "Plans": [{"Node Type": "Bitmap Index Scan", "Parent Relationship": "Outer", "Index Name": "orders_pkey", "Startup Cost": 0.0, "Total Cost": 3.36, "Plan Rows": 1, "Plan Width": 0, "Actual Startup Time": 2.402, "Actual Total Time": 2.402, "Actual Rows": 84, "Actual Loops": 84, "Index Cond": "(o_orderkey = public.lineitem.l_orderkey)"}]}]}, {"Node Type": "Bitmap Heap Scan", "Parent Relationship": "Inner", "Relation Name": "customer", "Alias": "customer", "Startup Cost": 0.26, "Total Cost": 4.27, "Plan Rows": 1, "Plan Width": 27, "Actual Startup Time": 1.455, "Actual Total Time": 1.455, "Actual Rows": 84, "Actual Loops": 84, "Recheck Cond": "(c_custkey = orders.o_custkey)", "Rows Removed by Index Recheck": 0, "Exact Heap Blocks": 84, "Lossy Heap Blocks": 84, "Plans": [{"Node Type": "Bitmap Index Scan", "Parent Relationship": "Outer", "Index Name": "customer_pkey", "Startup Cost": 0.0, "Total Cost": 0.26, "Plan Rows": 1, "Plan Width": 0, "Actual Startup Time": 0.897, "Actual Total Time": 0.897, "Actual Rows": 84, "Actual Loops": 84, "Index Cond": "(c_custkey = orders.o_custkey)"}]}]}, {"Node Type": "Bitmap Heap Scan", "Parent Relationship": "Inner", "Relation Name": "lineitem", "Alias": "lineitem", "Startup Cost": 0.38, "Total Cost": 4.49, "Plan Rows": 9, "Plan Width": 16, "Actual Startup Time": 2.054, "Actual Total Time": 2.216, "Actual Rows": 588, "Actual Loops": 84, "Recheck Cond": "(l_orderkey = orders.o_orderkey)", "Rows Removed by Index Recheck": 0, "Exact Heap Blocks": 96, "Lossy Heap Blocks": 96, "Plans": [{"Node Type": "Bitmap Index Scan", "Parent Relationship": "Outer", "Index Name": "idx_lineitem_orderkey", "Startup Cost": 0.0, "Total Cost": 0.38, "Plan Rows": 9, "Plan Width": 0, "Actual Startup Time": 1.268, "Actual Total Time": 1.268, "Actual Rows": 588, "Actual Loops": 84, "Index Cond": "(l_orderkey = orders.o_orderkey)"}]}]}]}]}]}, "Triggers": [], "Planner Runtime": 1.823, "Total Runtime": 80258.843, "Unique SQL Id": 1915754155}}, "(64, '88')": {"explain_plan": {"Plan": {"Node Type": "Limit", "Startup Cost": 2649029.8, "Total Cost": 2649030.05, "Plan Rows": 100, "Plan Width": 67, "Plans": [{"Node Type": "Sort", "Parent Relationship": "Outer", "Startup Cost": 2649029.8, "Total Cost": 2649345.6, "Plan Rows": 100, "Plan Width": 67, "Sort Key": ["orders.o_totalprice DESC", "orders.o_orderdate"], "Plans": [{"Node Type": "Aggregate", "Strategy": "Hashed", "Parent Relationship": "Outer", "Startup Cost": 2642938.69, "Total Cost": 2644201.9, "Plan Rows": 126321, "Plan Width": 67, "Group By Key": ["orders.o_totalprice", "orders.o_orderdate", "customer.c_name", "customer.c_custkey", "orders.o_orderkey"], "Plans": [{"Node Type": "Nested Loop", "Parent Relationship": "Outer", "Join Type": "Inner", "Startup Cost": 2315050.5, "Total Cost": 2641043.88, "Plan Rows": 126321, "Plan Width": 59, "Inner Unique": false, "Plans": [{"Node Type": "Nested Loop", "Parent Relationship": "Outer", "Join Type": "Inner", "Startup Cost": 2315050.5, "Total Cost": 2627700.1, "Plan Rows": 13913, "Plan Width": 59, "Inner Unique": true, "Plans": [{"Node Type": "Nested Loop", "Parent Relationship": "Outer", "Join Type": "Inner", "Startup Cost": 2315050.5, "Total Cost": 2618076.97, "Plan Rows": 33034, "Plan Width": 40, "Inner Unique": true, "Plans": [{"Node Type": "Aggregate", "Strategy": "Hashed", "Parent Relationship": "Outer", "Startup Cost": 2315050.5, "Total Cost": 2381201.11, "Plan Rows": 33034, "Plan Width": 24, "Group By Key": ["public.lineitem.l_orderkey"], "Filter": "(sum(public.lineitem.l_quantity) > 314::double precision), (LLVM Optimized)", "Plans": [{"Node Type": "Seq Scan", "Parent Relationship": "Outer", "Relation Name": "lineitem", "Alias": "lineitem", "Startup Cost": 0.0, "Total Cost": 2015115.33, "Plan Rows": 59987033, "Plan Width": 16}]}, {"Node Type": "Index Scan", "Parent Relationship": "Inner", "Scan Direction": "Forward", "Index Name": "orders_pkey", "Relation Name": "orders", "Alias": "orders", "Startup Cost": 0.0, "Total Cost": 7.15, "Plan Rows": 1, "Plan Width": 32, "Index Cond": "(o_orderkey = public.lineitem.l_orderkey)"}]}, {"Node Type": "Index Scan", "Parent Relationship": "Inner", "Scan Direction": "Forward", "Index Name": "customer_pkey", "Relation Name": "customer", "Alias": "customer", "Startup Cost": 0.0, "Total Cost": 0.28, "Plan Rows": 1, "Plan Width": 27, "Index Cond": "(c_custkey = orders.o_custkey)"}]}, {"Node Type": "Index Scan", "Parent Relationship": "Inner", "Scan Direction": "Forward", "Index Name": "idx_lineitem_orderkey", "Relation Name": "lineitem", "Alias": "lineitem", "Startup Cost": 0.0, "Total Cost": 0.87, "Plan Rows": 9, "Plan Width": 16, "Index Cond": "(l_orderkey = orders.o_orderkey)"}]}]}]}]}, "Unique SQL Id": 1915754155, "Planner Runtime": 1}, "explain_analyze_plan": {"Plan": {"Node Type": "Limit", "Startup Cost": 2649029.8, "Total Cost": 2649030.05, "Plan Rows": 100, "Plan Width": 67, "Actual Startup Time": 54861.493, "Actual Total Time": 54861.508, "Actual Rows": 84, "Actual Loops": 1, "Plans": [{"Node Type": "Sort", "Parent Relationship": "Outer", "Startup Cost": 2649029.8, "Total Cost": 2649345.6, "Plan Rows": 100, "Plan Width": 67, "Actual Startup Time": 54861.49, "Actual Total Time": 54861.494, "Actual Rows": 84, "Actual Loops": 1, "Sort Key": ["orders.o_totalprice DESC", "orders.o_orderdate"], "Sort Method": "quicksort", "Sort Space Used": 38, "Sort Space Type": "Memory", "Plans": [{"Node Type": "Aggregate", "Strategy": "Hashed", "Parent Relationship": "Outer", "Startup Cost": 2642938.69, "Total Cost": 2644201.9, "Plan Rows": 126321, "Plan Width": 67, "Actual Startup Time": 54860.881, "Actual Total Time": 54861.367, "Actual Rows": 84, "Actual Loops": 1, "Group By Key": ["orders.o_totalprice", "orders.o_orderdate", "customer.c_name", "customer.c_custkey", "orders.o_orderkey"], "Plans": [{"Node Type": "Nested Loop", "Parent Relationship": "Outer", "Join Type": "Inner", "Startup Cost": 2315050.5, "Total Cost": 2641043.88, "Plan Rows": 126321, "Plan Width": 59, "Actual Startup Time": 49072.337, "Actual Total Time": 54858.992, "Actual Rows": 588, "Actual Loops": 1, "Inner Unique": false, "Plans": [{"Node Type": "Nested Loop", "Parent Relationship": "Outer", "Join Type": "Inner", "Startup Cost": 2315050.5, "Total Cost": 2627700.1, "Plan Rows": 13913, "Plan Width": 59, "Actual Startup Time": 49072.315, "Actual Total Time": 54856.844, "Actual Rows": 84, "Actual Loops": 1, "Inner Unique": true, "Plans": [{"Node Type": "Nested Loop", "Parent Relationship": "Outer", "Join Type": "Inner", "Startup Cost": 2315050.5, "Total Cost": 2618076.97, "Plan Rows": 33034, "Plan Width": 40, "Actual Startup Time": 49072.296, "Actual Total Time": 54855.643, "Actual Rows": 84, "Actual Loops": 1, "Inner Unique": true, "Plans": [{"Node Type": "Aggregate", "Strategy": "Hashed", "Parent Relationship": "Outer", "Startup Cost": 2315050.5, "Total Cost": 2381201.11, "Plan Rows": 33034, "Plan Width": 24, "Actual Startup Time": 49072.224, "Actual Total Time": 54835.622, "Actual Rows": 84, "Actual Loops": 1, "Group By Key": ["public.lineitem.l_orderkey"], "Filter": "(sum(public.lineitem.l_quantity) > 314::double precision), (LLVM Optimized, Jit Execute)", "Rows Removed by Filter": 14999916, "Plans": [{"Node Type": "Seq Scan", "Parent Relationship": "Outer", "Relation Name": "lineitem", "Alias": "lineitem", "Startup Cost": 0.0, "Total Cost": 2015115.33, "Plan Rows": 59987033, "Plan Width": 16, "Actual Startup Time": 0.051, "Actual Total Time": 20660.278, "Actual Rows": 59986052, "Actual Loops": 1}]}, {"Node Type": "Index Scan", "Parent Relationship": "Inner", "Scan Direction": "Forward", "Index Name": "orders_pkey", "Relation Name": "orders", "Alias": "orders", "Startup Cost": 0.0, "Total Cost": 7.15, "Plan Rows": 1, "Plan Width": 32, "Actual Startup Time": 2.649, "Actual Total Time": 2.649, "Actual Rows": 84, "Actual Loops": 84, "Index Cond": "(o_orderkey = public.lineitem.l_orderkey)", "Rows Removed by Index Recheck": 0}]}, {"Node Type": "Index Scan", "Parent Relationship": "Inner", "Scan Direction": "Forward", "Index Name": "customer_pkey", "Relation Name": "customer", "Alias": "customer", "Startup Cost": 0.0, "Total Cost": 0.28, "Plan Rows": 1, "Plan Width": 27, "Actual Startup Time": 0.851, "Actual Total Time": 0.851, "Actual Rows": 84, "Actual Loops": 84, "Index Cond": "(c_custkey = orders.o_custkey)", "Rows Removed by Index Recheck": 0}]}, {"Node Type": "Index Scan", "Parent Relationship": "Inner", "Scan Direction": "Forward", "Index Name": "idx_lineitem_orderkey", "Relation Name": "lineitem", "Alias": "lineitem", "Startup Cost": 0.0, "Total Cost": 0.87, "Plan Rows": 9, "Plan Width": 16, "Actual Startup Time": 1.215, "Actual Total Time": 1.721, "Actual Rows": 588, "Actual Loops": 84, "Index Cond": "(l_orderkey = orders.o_orderkey)", "Rows Removed by Index Recheck": 0}]}]}]}]}, "Triggers": [], "Planner Runtime": 2.136, "Total Runtime": 54871.674, "Unique SQL Id": 1915754155}}, "(64, '89')": {"explain_plan": {"Plan": {"Node Type": "Limit", "Startup Cost": 3874068.21, "Total Cost": 3874068.46, "Plan Rows": 100, "Plan Width": 67, "Plans": [{"Node Type": "Sort", "Parent Relationship": "Outer", "Startup Cost": 3874068.21, "Total Cost": 3874384.02, "Plan Rows": 100, "Plan Width": 67, "Sort Key": ["orders.o_totalprice DESC", "orders.o_orderdate"], "Plans": [{"Node Type": "Aggregate", "Strategy": "Hashed", "Parent Relationship": "Outer", "Startup Cost": 3867977.11, "Total Cost": 3869240.32, "Plan Rows": 126321, "Plan Width": 67, "Group By Key": ["orders.o_totalprice", "orders.o_orderdate", "customer.c_name", "customer.c_custkey", "orders.o_orderkey"], "Plans": [{"Node Type": "Nested Loop", "Parent Relationship": "Outer", "Join Type": "Inner", "Startup Cost": 3540088.91, "Total Cost": 3866082.29, "Plan Rows": 126321, "Plan Width": 59, "Inner Unique": false, "Plans": [{"Node Type": "Nested Loop", "Parent Relationship": "Outer", "Join Type": "Inner", "Startup Cost": 3540088.91, "Total Cost": 3852738.51, "Plan Rows": 13913, "Plan Width": 59, "Inner Unique": true, "Plans": [{"Node Type": "Nested Loop", "Parent Relationship": "Outer", "Join Type": "Inner", "Startup Cost": 3540088.91, "Total Cost": 3843115.38, "Plan Rows": 33034, "Plan Width": 40, "Inner Unique": true, "Plans": [{"Node Type": "Aggregate", "Strategy": "Hashed", "Parent Relationship": "Outer", "Startup Cost": 3540088.91, "Total Cost": 3606239.52, "Plan Rows": 33034, "Plan Width": 24, "Group By Key": ["public.lineitem.l_orderkey"], "Filter": "(sum(public.lineitem.l_quantity) > 314::double precision), (LLVM Optimized)", "Plans": [{"Node Type": "Index Scan", "Parent Relationship": "Outer", "Scan Direction": "Forward", "Index Name": "idx_lineitem_orderkey", "Relation Name": "lineitem", "Alias": "lineitem", "Startup Cost": 0.0, "Total Cost": 3240153.75, "Plan Rows": 59987033, "Plan Width": 16}]}, {"Node Type": "Index Scan", "Parent Relationship": "Inner", "Scan Direction": "Forward", "Index Name": "orders_pkey", "Relation Name": "orders", "Alias": "orders", "Startup Cost": 0.0, "Total Cost": 7.15, "Plan Rows": 1, "Plan Width": 32, "Index Cond": "(o_orderkey = public.lineitem.l_orderkey)"}]}, {"Node Type": "Index Scan", "Parent Relationship": "Inner", "Scan Direction": "Forward", "Index Name": "customer_pkey", "Relation Name": "customer", "Alias": "customer", "Startup Cost": 0.0, "Total Cost": 0.28, "Plan Rows": 1, "Plan Width": 27, "Index Cond": "(c_custkey = orders.o_custkey)"}]}, {"Node Type": "Index Scan", "Parent Relationship": "Inner", "Scan Direction": "Forward", "Index Name": "idx_lineitem_orderkey", "Relation Name": "lineitem", "Alias": "lineitem", "Startup Cost": 0.0, "Total Cost": 0.87, "Plan Rows": 9, "Plan Width": 16, "Index Cond": "(l_orderkey = orders.o_orderkey)"}]}]}]}]}, "Unique SQL Id": 1915754155, "Planner Runtime": 1}, "explain_analyze_plan": {"Plan": {"Node Type": "Limit", "Startup Cost": 3874068.21, "Total Cost": 3874068.46, "Plan Rows": 100, "Plan Width": 67, "Actual Startup Time": 78667.563, "Actual Total Time": 78667.58, "Actual Rows": 84, "Actual Loops": 1, "Plans": [{"Node Type": "Sort", "Parent Relationship": "Outer", "Startup Cost": 3874068.21, "Total Cost": 3874384.02, "Plan Rows": 100, "Plan Width": 67, "Actual Startup Time": 78667.561, "Actual Total Time": 78667.57, "Actual Rows": 84, "Actual Loops": 1, "Sort Key": ["orders.o_totalprice DESC", "orders.o_orderdate"], "Sort Method": "quicksort", "Sort Space Used": 38, "Sort Space Type": "Memory", "Plans": [{"Node Type": "Aggregate", "Strategy": "Hashed", "Parent Relationship": "Outer", "Startup Cost": 3867977.11, "Total Cost": 3869240.32, "Plan Rows": 126321, "Plan Width": 67, "Actual Startup Time": 78666.912, "Actual Total Time": 78667.456, "Actual Rows": 84, "Actual Loops": 1, "Group By Key": ["orders.o_totalprice", "orders.o_orderdate", "customer.c_name", "customer.c_custkey", "orders.o_orderkey"], "Plans": [{"Node Type": "Nested Loop", "Parent Relationship": "Outer", "Join Type": "Inner", "Startup Cost": 3540088.91, "Total Cost": 3866082.29, "Plan Rows": 126321, "Plan Width": 59, "Actual Startup Time": 71346.529, "Actual Total Time": 78665.231, "Actual Rows": 588, "Actual Loops": 1, "Inner Unique": false, "Plans": [{"Node Type": "Nested Loop", "Parent Relationship": "Outer", "Join Type": "Inner", "Startup Cost": 3540088.91, "Total Cost": 3852738.51, "Plan Rows": 13913, "Plan Width": 59, "Actual Startup Time": 71346.496, "Actual Total Time": 78662.632, "Actual Rows": 84, "Actual Loops": 1, "Inner Unique": true, "Plans": [{"Node Type": "Nested Loop", "Parent Relationship": "Outer", "Join Type": "Inner", "Startup Cost": 3540088.91, "Total Cost": 3843115.38, "Plan Rows": 33034, "Plan Width": 40, "Actual Startup Time": 71346.464, "Actual Total Time": 78660.834, "Actual Rows": 84, "Actual Loops": 1, "Inner Unique": true, "Plans": [{"Node Type": "Aggregate", "Strategy": "Hashed", "Parent Relationship": "Outer", "Startup Cost": 3540088.91, "Total Cost": 3606239.52, "Plan Rows": 33034, "Plan Width": 24, "Actual Startup Time": 71346.402, "Actual Total Time": 78640.855, "Actual Rows": 84, "Actual Loops": 1, "Group By Key": ["public.lineitem.l_orderkey"], "Filter": "(sum(public.lineitem.l_quantity) > 314::double precision), (LLVM Optimized, Jit Execute)", "Rows Removed by Filter": 14999916, "Plans": [{"Node Type": "Index Scan", "Parent Relationship": "Outer", "Scan Direction": "Forward", "Index Name": "idx_lineitem_orderkey", "Relation Name": "lineitem", "Alias": "lineitem", "Startup Cost": 0.0, "Total Cost": 3240153.75, "Plan Rows": 59987033, "Plan Width": 16, "Actual Startup Time": 0.07, "Actual Total Time": 42499.927, "Actual Rows": 59986052, "Actual Loops": 1}]}, {"Node Type": "Index Scan", "Parent Relationship": "Inner", "Scan Direction": "Forward", "Index Name": "orders_pkey", "Relation Name": "orders", "Alias": "orders", "Startup Cost": 0.0, "Total Cost": 7.15, "Plan Rows": 1, "Plan Width": 32, "Actual Startup Time": 2.739, "Actual Total Time": 2.739, "Actual Rows": 84, "Actual Loops": 84, "Index Cond": "(o_orderkey = public.lineitem.l_orderkey)", "Rows Removed by Index Recheck": 0}]}, {"Node Type": "Index Scan", "Parent Relationship": "Inner", "Scan Direction": "Forward", "Index Name": "customer_pkey", "Relation Name": "customer", "Alias": "customer", "Startup Cost": 0.0, "Total Cost": 0.28, "Plan Rows": 1, "Plan Width": 27, "Actual Startup Time": 1.301, "Actual Total Time": 1.301, "Actual Rows": 84, "Actual Loops": 84, "Index Cond": "(c_custkey = orders.o_custkey)", "Rows Removed by Index Recheck": 0}]}, {"Node Type": "Index Scan", "Parent Relationship": "Inner", "Scan Direction": "Forward", "Index Name": "idx_lineitem_orderkey", "Relation Name": "lineitem", "Alias": "lineitem", "Startup Cost": 0.0, "Total Cost": 0.87, "Plan Rows": 9, "Plan Width": 16, "Actual Startup Time": 1.627, "Actual Total Time": 2.06, "Actual Rows": 588, "Actual Loops": 84, "Index Cond": "(l_orderkey = orders.o_orderkey)", "Rows Removed by Index Recheck": 0}]}]}]}]}, "Triggers": [], "Planner Runtime": 2.114, "Total Runtime": 78676.91, "Unique SQL Id": 1915754155}}, "(64, '90')": {"explain_plan": {"Plan": {"Node Type": "Limit", "Startup Cost": 14964595.16, "Total Cost": 14964595.41, "Plan Rows": 100, "Plan Width": 67, "Plans": [{"Node Type": "Sort", "Parent Relationship": "Outer", "Startup Cost": 14964595.16, "Total Cost": 14964910.97, "Plan Rows": 100, "Plan Width": 67, "Sort Key": ["orders.o_totalprice DESC", "orders.o_orderdate"], "Plans": [{"Node Type": "Aggregate", "Strategy": "Hashed", "Parent Relationship": "Outer", "Startup Cost": 14958504.05, "Total Cost": 14959767.26, "Plan Rows": 126321, "Plan Width": 67, "Group By Key": ["orders.o_totalprice", "orders.o_orderdate", "customer.c_name", "customer.c_custkey", "orders.o_orderkey"], "Plans": [{"Node Type": "Merge Join", "Parent Relationship": "Outer", "Join Type": "Inner", "Startup Cost": 14656052.99, "Total Cost": 14956609.24, "Plan Rows": 126321, "Plan Width": 59, "Inner Unique": false, "Merge Cond": "(orders.o_orderkey = public.lineitem.l_orderkey)", "Plans": [{"Node Type": "Sort", "Parent Relationship": "Outer", "Startup Cost": 4891168.67, "Total Cost": 4891203.45, "Plan Rows": 13913, "Plan Width": 59, "Sort Key": ["orders.o_orderkey"], "Plans": [{"Node Type": "Merge Join", "Parent Relationship": "Outer", "Join Type": "Inner", "Startup Cost": 4882215.87, "Total Cost": 4890211.17, "Plan Rows": 13913, "Plan Width": 59, "Inner Unique": true, "Merge Cond": "(orders.o_custkey = customer.c_custkey)", "Plans": [{"Node Type": "Sort", "Parent Relationship": "Outer", "Startup Cost": 4676215.68, "Total Cost": 4676298.26, "Plan Rows": 33034, "Plan Width": 40, "Sort Key": ["orders.o_custkey"], "Plans": [{"Node Type": "Merge Join", "Parent Relationship": "Outer", "Join Type": "Semi", "Startup Cost": 4598243.3, "Total Cost": 4673736.2, "Plan Rows": 33034, "Plan Width": 40, "Inner Unique": false, "Merge Cond": "(orders.o_orderkey = public.lineitem.l_orderkey)", "Plans": [{"Node Type": "Sort", "Parent Relationship": "Outer", "Startup Cost": 2214232.37, "Total Cost": 2251731.07, "Plan Rows": 14999479, "Plan Width": 32, "Sort Key": ["orders.o_orderkey"], "Plans": [{"Node Type": "Seq Scan", "Parent Relationship": "Outer", "Relation Name": "orders", "Alias": "orders", "Startup Cost": 0.0, "Total Cost": 426413.79, "Plan Rows": 14999479, "Plan Width": 32}]}, {"Node Type": "Sort", "Parent Relationship": "Inner", "Startup Cost": 2384010.93, "Total Cost": 2384093.51, "Plan Rows": 33034, "Plan Width": 8, "Sort Key": ["public.lineitem.l_orderkey"], "Plans": [{"Node Type": "Aggregate", "Strategy": "Hashed", "Parent Relationship": "Outer", "Startup Cost": 2315050.5, "Total Cost": 2381201.11, "Plan Rows": 33034, "Plan Width": 24, "Group By Key": ["public.lineitem.l_orderkey"], "Filter": "(sum(public.lineitem.l_quantity) > 314::double precision), (LLVM Optimized)", "Plans": [{"Node Type": "Seq Scan", "Parent Relationship": "Outer", "Relation Name": "lineitem", "Alias": "lineitem", "Startup Cost": 0.0, "Total Cost": 2015115.33, "Plan Rows": 59987033, "Plan Width": 16}]}]}]}]}, {"Node Type": "Sort", "Parent Relationship": "Inner", "Startup Cost": 205999.98, "Total Cost": 209749.98, "Plan Rows": 1500000, "Plan Width": 27, "Sort Key": ["customer.c_custkey"], "Plans": [{"Node Type": "Seq Scan", "Parent Relationship": "Outer", "Relation Name": "customer", "Alias": "customer", "Startup Cost": 0.0, "Total Cost": 52126.0, "Plan Rows": 1500000, "Plan Width": 27}]}]}]}, {"Node Type": "Sort", "Parent Relationship": "Inner", "Startup Cost": 9764884.32, "Total Cost": 9914851.9, "Plan Rows": 59987033, "Plan Width": 16, "Sort Key": ["public.lineitem.l_orderkey"], "Plans": [{"Node Type": "Seq Scan", "Parent Relationship": "Outer", "Relation Name": "lineitem", "Alias": "lineitem", "Startup Cost": 0.0, "Total Cost": 2015115.33, "Plan Rows": 59987033, "Plan Width": 16}]}]}]}]}]}, "Unique SQL Id": 1915754155, "Planner Runtime": 1}, "explain_analyze_plan": null}, "(64, '91')": {"explain_plan": {"Plan": {"Node Type": "Limit", "Startup Cost": 4000713615997.67, "Total Cost": 4000713615997.92, "Plan Rows": 100, "Plan Width": 67, "Plans": [{"Node Type": "Sort", "Parent Relationship": "Outer", "Startup Cost": 4000713615997.67, "Total Cost": 4000713616313.47, "Plan Rows": 100, "Plan Width": 67, "Sort Key": ["orders.o_totalprice DESC", "orders.o_orderdate"], "Plans": [{"Node Type": "Aggregate", "Strategy": "Hashed", "Parent Relationship": "Outer", "Startup Cost": 4000713609906.56, "Total Cost": 4000713611169.77, "Plan Rows": 126321, "Plan Width": 67, "Group By Key": ["orders.o_totalprice", "orders.o_orderdate", "customer.c_name", "customer.c_custkey", "orders.o_orderkey"], "Plans": [{"Node Type": "Merge Join", "Parent Relationship": "Outer", "Join Type": "Inner", "Startup Cost": 3010405604325.92, "Total Cost": 4000713608011.74, "Plan Rows": 126321, "Plan Width": 59, "Inner Unique": false, "Merge Cond": "(orders.o_orderkey = public.lineitem.l_orderkey)", "Plans": [{"Node Type": "Sort", "Parent Relationship": "Outer", "Startup Cost": 3000405604325.91, "Total Cost": 3000405604360.69, "Plan Rows": 13913, "Plan Width": 59, "Sort Key": ["orders.o_orderkey"], "Plans": [{"Node Type": "Merge Join", "Parent Relationship": "Outer", "Join Type": "Inner", "Startup Cost": 2010424582808.14, "Total Cost": 3000405603368.41, "Plan Rows": 13913, "Plan Width": 59, "Inner Unique": true, "Merge Cond": "(orders.o_custkey = customer.c_custkey)", "Plans": [{"Node Type": "Sort", "Parent Relationship": "Outer", "Startup Cost": 2000397522587.28, "Total Cost": 2000397522669.87, "Plan Rows": 33034, "Plan Width": 40, "Sort Key": ["orders.o_custkey"], "Plans": [{"Node Type": "Merge Join", "Parent Relationship": "Outer", "Join Type": "Semi", "Startup Cost": 1010324384270.1, "Total Cost": 2000397520107.8, "Plan Rows": 33034, "Plan Width": 40, "Inner Unique": false, "Merge Cond": "(orders.o_orderkey = public.lineitem.l_orderkey)", "Plans": [{"Node Type": "Index Scan", "Parent Relationship": "Outer", "Scan Direction": "Forward", "Index Name": "orders_pkey", "Relation Name": "orders", "Alias": "orders", "Startup Cost": 10000000000.0, "Total Cost": 1000073097843.5, "Plan Rows": 14999479, "Plan Width": 32}, {"Node Type": "Sort", "Parent Relationship": "Inner", "Startup Cost": 1000324384270.1, "Total Cost": 1000324384352.68, "Plan Rows": 33034, "Plan Width": 8, "Sort Key": ["public.lineitem.l_orderkey"], "Plans": [{"Node Type": "Aggregate", "Strategy": "Hashed", "Parent Relationship": "Outer", "Startup Cost": 1000324315309.67, "Total Cost": 1000324381460.28, "Plan Rows": 33034, "Plan Width": 24, "Group By Key": ["public.lineitem.l_orderkey"], "Filter": "(sum(public.lineitem.l_quantity) > 314::double precision), (LLVM Optimized)", "Plans": [{"Node Type": "Index Scan", "Parent Relationship": "Outer", "Scan Direction": "Forward", "Index Name": "idx_lineitem_orderkey", "Relation Name": "lineitem", "Alias": "lineitem", "Startup Cost": 10000000000.0, "Total Cost": 1000324015374.5, "Plan Rows": 59987033, "Plan Width": 16}]}]}]}]}, {"Node Type": "Index Scan", "Parent Relationship": "Inner", "Scan Direction": "Forward", "Index Name": "customer_pkey", "Relation Name": "customer", "Alias": "customer", "Startup Cost": 10000000000.0, "Total Cost": 1000008076535.62, "Plan Rows": 1500000, "Plan Width": 27}]}]}, {"Node Type": "Index Scan", "Parent Relationship": "Inner", "Scan Direction": "Forward", "Index Name": "idx_lineitem_orderkey", "Relation Name": "lineitem", "Alias": "lineitem", "Startup Cost": 10000000000.0, "Total Cost": 1000324015374.5, "Plan Rows": 59987033, "Plan Width": 16}]}]}]}]}, "Unique SQL Id": 1915754155, "Planner Runtime": 2}, "explain_analyze_plan": null}, "(64, '92')": {"explain_plan": {"Plan": {"Node Type": "Limit", "Startup Cost": 2649029.8, "Total Cost": 2649030.05, "Plan Rows": 100, "Plan Width": 67, "Plans": [{"Node Type": "Sort", "Parent Relationship": "Outer", "Startup Cost": 2649029.8, "Total Cost": 2649345.6, "Plan Rows": 100, "Plan Width": 67, "Sort Key": ["orders.o_totalprice DESC", "orders.o_orderdate"], "Plans": [{"Node Type": "Aggregate", "Strategy": "Hashed", "Parent Relationship": "Outer", "Startup Cost": 2642938.69, "Total Cost": 2644201.9, "Plan Rows": 126321, "Plan Width": 67, "Group By Key": ["orders.o_totalprice", "orders.o_orderdate", "customer.c_name", "customer.c_custkey", "orders.o_orderkey"], "Plans": [{"Node Type": "Nested Loop", "Parent Relationship": "Outer", "Join Type": "Inner", "Startup Cost": 2315050.5, "Total Cost": 2641043.88, "Plan Rows": 126321, "Plan Width": 59, "Inner Unique": false, "Plans": [{"Node Type": "Nested Loop", "Parent Relationship": "Outer", "Join Type": "Inner", "Startup Cost": 2315050.5, "Total Cost": 2627700.1, "Plan Rows": 13913, "Plan Width": 59, "Inner Unique": true, "Plans": [{"Node Type": "Nested Loop", "Parent Relationship": "Outer", "Join Type": "Inner", "Startup Cost": 2315050.5, "Total Cost": 2618076.97, "Plan Rows": 33034, "Plan Width": 40, "Inner Unique": true, "Plans": [{"Node Type": "Aggregate", "Strategy": "Hashed", "Parent Relationship": "Outer", "Startup Cost": 2315050.5, "Total Cost": 2381201.11, "Plan Rows": 33034, "Plan Width": 24, "Group By Key": ["public.lineitem.l_orderkey"], "Filter": "(sum(public.lineitem.l_quantity) > 314::double precision), (LLVM Optimized)", "Plans": [{"Node Type": "Seq Scan", "Parent Relationship": "Outer", "Relation Name": "lineitem", "Alias": "lineitem", "Startup Cost": 0.0, "Total Cost": 2015115.33, "Plan Rows": 59987033, "Plan Width": 16}]}, {"Node Type": "Index Scan", "Parent Relationship": "Inner", "Scan Direction": "Forward", "Index Name": "orders_pkey", "Relation Name": "orders", "Alias": "orders", "Startup Cost": 0.0, "Total Cost": 7.15, "Plan Rows": 1, "Plan Width": 32, "Index Cond": "(o_orderkey = public.lineitem.l_orderkey)"}]}, {"Node Type": "Index Scan", "Parent Relationship": "Inner", "Scan Direction": "Forward", "Index Name": "customer_pkey", "Relation Name": "customer", "Alias": "customer", "Startup Cost": 0.0, "Total Cost": 0.28, "Plan Rows": 1, "Plan Width": 27, "Index Cond": "(c_custkey = orders.o_custkey)"}]}, {"Node Type": "Index Scan", "Parent Relationship": "Inner", "Scan Direction": "Forward", "Index Name": "idx_lineitem_orderkey", "Relation Name": "lineitem", "Alias": "lineitem", "Startup Cost": 0.0, "Total Cost": 0.87, "Plan Rows": 9, "Plan Width": 16, "Index Cond": "(l_orderkey = orders.o_orderkey)"}]}]}]}]}, "Unique SQL Id": 1915754155, "Planner Runtime": 2}, "explain_analyze_plan": {"Plan": {"Node Type": "Limit", "Startup Cost": 2649029.8, "Total Cost": 2649030.05, "Plan Rows": 100, "Plan Width": 67, "Actual Startup Time": 54861.493, "Actual Total Time": 54861.508, "Actual Rows": 84, "Actual Loops": 1, "Plans": [{"Node Type": "Sort", "Parent Relationship": "Outer", "Startup Cost": 2649029.8, "Total Cost": 2649345.6, "Plan Rows": 100, "Plan Width": 67, "Actual Startup Time": 54861.49, "Actual Total Time": 54861.494, "Actual Rows": 84, "Actual Loops": 1, "Sort Key": ["orders.o_totalprice DESC", "orders.o_orderdate"], "Sort Method": "quicksort", "Sort Space Used": 38, "Sort Space Type": "Memory", "Plans": [{"Node Type": "Aggregate", "Strategy": "Hashed", "Parent Relationship": "Outer", "Startup Cost": 2642938.69, "Total Cost": 2644201.9, "Plan Rows": 126321, "Plan Width": 67, "Actual Startup Time": 54860.881, "Actual Total Time": 54861.367, "Actual Rows": 84, "Actual Loops": 1, "Group By Key": ["orders.o_totalprice", "orders.o_orderdate", "customer.c_name", "customer.c_custkey", "orders.o_orderkey"], "Plans": [{"Node Type": "Nested Loop", "Parent Relationship": "Outer", "Join Type": "Inner", "Startup Cost": 2315050.5, "Total Cost": 2641043.88, "Plan Rows": 126321, "Plan Width": 59, "Actual Startup Time": 49072.337, "Actual Total Time": 54858.992, "Actual Rows": 588, "Actual Loops": 1, "Inner Unique": false, "Plans": [{"Node Type": "Nested Loop", "Parent Relationship": "Outer", "Join Type": "Inner", "Startup Cost": 2315050.5, "Total Cost": 2627700.1, "Plan Rows": 13913, "Plan Width": 59, "Actual Startup Time": 49072.315, "Actual Total Time": 54856.844, "Actual Rows": 84, "Actual Loops": 1, "Inner Unique": true, "Plans": [{"Node Type": "Nested Loop", "Parent Relationship": "Outer", "Join Type": "Inner", "Startup Cost": 2315050.5, "Total Cost": 2618076.97, "Plan Rows": 33034, "Plan Width": 40, "Actual Startup Time": 49072.296, "Actual Total Time": 54855.643, "Actual Rows": 84, "Actual Loops": 1, "Inner Unique": true, "Plans": [{"Node Type": "Aggregate", "Strategy": "Hashed", "Parent Relationship": "Outer", "Startup Cost": 2315050.5, "Total Cost": 2381201.11, "Plan Rows": 33034, "Plan Width": 24, "Actual Startup Time": 49072.224, "Actual Total Time": 54835.622, "Actual Rows": 84, "Actual Loops": 1, "Group By Key": ["public.lineitem.l_orderkey"], "Filter": "(sum(public.lineitem.l_quantity) > 314::double precision), (LLVM Optimized, Jit Execute)", "Rows Removed by Filter": 14999916, "Plans": [{"Node Type": "Seq Scan", "Parent Relationship": "Outer", "Relation Name": "lineitem", "Alias": "lineitem", "Startup Cost": 0.0, "Total Cost": 2015115.33, "Plan Rows": 59987033, "Plan Width": 16, "Actual Startup Time": 0.051, "Actual Total Time": 20660.278, "Actual Rows": 59986052, "Actual Loops": 1}]}, {"Node Type": "Index Scan", "Parent Relationship": "Inner", "Scan Direction": "Forward", "Index Name": "orders_pkey", "Relation Name": "orders", "Alias": "orders", "Startup Cost": 0.0, "Total Cost": 7.15, "Plan Rows": 1, "Plan Width": 32, "Actual Startup Time": 2.649, "Actual Total Time": 2.649, "Actual Rows": 84, "Actual Loops": 84, "Index Cond": "(o_orderkey = public.lineitem.l_orderkey)", "Rows Removed by Index Recheck": 0}]}, {"Node Type": "Index Scan", "Parent Relationship": "Inner", "Scan Direction": "Forward", "Index Name": "customer_pkey", "Relation Name": "customer", "Alias": "customer", "Startup Cost": 0.0, "Total Cost": 0.28, "Plan Rows": 1, "Plan Width": 27, "Actual Startup Time": 0.851, "Actual Total Time": 0.851, "Actual Rows": 84, "Actual Loops": 84, "Index Cond": "(c_custkey = orders.o_custkey)", "Rows Removed by Index Recheck": 0}]}, {"Node Type": "Index Scan", "Parent Relationship": "Inner", "Scan Direction": "Forward", "Index Name": "idx_lineitem_orderkey", "Relation Name": "lineitem", "Alias": "lineitem", "Startup Cost": 0.0, "Total Cost": 0.87, "Plan Rows": 9, "Plan Width": 16, "Actual Startup Time": 1.215, "Actual Total Time": 1.721, "Actual Rows": 588, "Actual Loops": 84, "Index Cond": "(l_orderkey = orders.o_orderkey)", "Rows Removed by Index Recheck": 0}]}]}]}]}, "Triggers": [], "Planner Runtime": 2.136, "Total Runtime": 54871.674, "Unique SQL Id": 1915754155}}, "(64, '93')": {"explain_plan": {"Plan": {"Node Type": "Limit", "Startup Cost": 3874068.21, "Total Cost": 3874068.46, "Plan Rows": 100, "Plan Width": 67, "Plans": [{"Node Type": "Sort", "Parent Relationship": "Outer", "Startup Cost": 3874068.21, "Total Cost": 3874384.02, "Plan Rows": 100, "Plan Width": 67, "Sort Key": ["orders.o_totalprice DESC", "orders.o_orderdate"], "Plans": [{"Node Type": "Aggregate", "Strategy": "Hashed", "Parent Relationship": "Outer", "Startup Cost": 3867977.11, "Total Cost": 3869240.32, "Plan Rows": 126321, "Plan Width": 67, "Group By Key": ["orders.o_totalprice", "orders.o_orderdate", "customer.c_name", "customer.c_custkey", "orders.o_orderkey"], "Plans": [{"Node Type": "Nested Loop", "Parent Relationship": "Outer", "Join Type": "Inner", "Startup Cost": 3540088.91, "Total Cost": 3866082.29, "Plan Rows": 126321, "Plan Width": 59, "Inner Unique": false, "Plans": [{"Node Type": "Nested Loop", "Parent Relationship": "Outer", "Join Type": "Inner", "Startup Cost": 3540088.91, "Total Cost": 3852738.51, "Plan Rows": 13913, "Plan Width": 59, "Inner Unique": true, "Plans": [{"Node Type": "Nested Loop", "Parent Relationship": "Outer", "Join Type": "Inner", "Startup Cost": 3540088.91, "Total Cost": 3843115.38, "Plan Rows": 33034, "Plan Width": 40, "Inner Unique": true, "Plans": [{"Node Type": "Aggregate", "Strategy": "Hashed", "Parent Relationship": "Outer", "Startup Cost": 3540088.91, "Total Cost": 3606239.52, "Plan Rows": 33034, "Plan Width": 24, "Group By Key": ["public.lineitem.l_orderkey"], "Filter": "(sum(public.lineitem.l_quantity) > 314::double precision), (LLVM Optimized)", "Plans": [{"Node Type": "Index Scan", "Parent Relationship": "Outer", "Scan Direction": "Forward", "Index Name": "idx_lineitem_orderkey", "Relation Name": "lineitem", "Alias": "lineitem", "Startup Cost": 0.0, "Total Cost": 3240153.75, "Plan Rows": 59987033, "Plan Width": 16}]}, {"Node Type": "Index Scan", "Parent Relationship": "Inner", "Scan Direction": "Forward", "Index Name": "orders_pkey", "Relation Name": "orders", "Alias": "orders", "Startup Cost": 0.0, "Total Cost": 7.15, "Plan Rows": 1, "Plan Width": 32, "Index Cond": "(o_orderkey = public.lineitem.l_orderkey)"}]}, {"Node Type": "Index Scan", "Parent Relationship": "Inner", "Scan Direction": "Forward", "Index Name": "customer_pkey", "Relation Name": "customer", "Alias": "customer", "Startup Cost": 0.0, "Total Cost": 0.28, "Plan Rows": 1, "Plan Width": 27, "Index Cond": "(c_custkey = orders.o_custkey)"}]}, {"Node Type": "Index Scan", "Parent Relationship": "Inner", "Scan Direction": "Forward", "Index Name": "idx_lineitem_orderkey", "Relation Name": "lineitem", "Alias": "lineitem", "Startup Cost": 0.0, "Total Cost": 0.87, "Plan Rows": 9, "Plan Width": 16, "Index Cond": "(l_orderkey = orders.o_orderkey)"}]}]}]}]}, "Unique SQL Id": 1915754155, "Planner Runtime": 1}, "explain_analyze_plan": {"Plan": {"Node Type": "Limit", "Startup Cost": 3874068.21, "Total Cost": 3874068.46, "Plan Rows": 100, "Plan Width": 67, "Actual Startup Time": 78667.563, "Actual Total Time": 78667.58, "Actual Rows": 84, "Actual Loops": 1, "Plans": [{"Node Type": "Sort", "Parent Relationship": "Outer", "Startup Cost": 3874068.21, "Total Cost": 3874384.02, "Plan Rows": 100, "Plan Width": 67, "Actual Startup Time": 78667.561, "Actual Total Time": 78667.57, "Actual Rows": 84, "Actual Loops": 1, "Sort Key": ["orders.o_totalprice DESC", "orders.o_orderdate"], "Sort Method": "quicksort", "Sort Space Used": 38, "Sort Space Type": "Memory", "Plans": [{"Node Type": "Aggregate", "Strategy": "Hashed", "Parent Relationship": "Outer", "Startup Cost": 3867977.11, "Total Cost": 3869240.32, "Plan Rows": 126321, "Plan Width": 67, "Actual Startup Time": 78666.912, "Actual Total Time": 78667.456, "Actual Rows": 84, "Actual Loops": 1, "Group By Key": ["orders.o_totalprice", "orders.o_orderdate", "customer.c_name", "customer.c_custkey", "orders.o_orderkey"], "Plans": [{"Node Type": "Nested Loop", "Parent Relationship": "Outer", "Join Type": "Inner", "Startup Cost": 3540088.91, "Total Cost": 3866082.29, "Plan Rows": 126321, "Plan Width": 59, "Actual Startup Time": 71346.529, "Actual Total Time": 78665.231, "Actual Rows": 588, "Actual Loops": 1, "Inner Unique": false, "Plans": [{"Node Type": "Nested Loop", "Parent Relationship": "Outer", "Join Type": "Inner", "Startup Cost": 3540088.91, "Total Cost": 3852738.51, "Plan Rows": 13913, "Plan Width": 59, "Actual Startup Time": 71346.496, "Actual Total Time": 78662.632, "Actual Rows": 84, "Actual Loops": 1, "Inner Unique": true, "Plans": [{"Node Type": "Nested Loop", "Parent Relationship": "Outer", "Join Type": "Inner", "Startup Cost": 3540088.91, "Total Cost": 3843115.38, "Plan Rows": 33034, "Plan Width": 40, "Actual Startup Time": 71346.464, "Actual Total Time": 78660.834, "Actual Rows": 84, "Actual Loops": 1, "Inner Unique": true, "Plans": [{"Node Type": "Aggregate", "Strategy": "Hashed", "Parent Relationship": "Outer", "Startup Cost": 3540088.91, "Total Cost": 3606239.52, "Plan Rows": 33034, "Plan Width": 24, "Actual Startup Time": 71346.402, "Actual Total Time": 78640.855, "Actual Rows": 84, "Actual Loops": 1, "Group By Key": ["public.lineitem.l_orderkey"], "Filter": "(sum(public.lineitem.l_quantity) > 314::double precision), (LLVM Optimized, Jit Execute)", "Rows Removed by Filter": 14999916, "Plans": [{"Node Type": "Index Scan", "Parent Relationship": "Outer", "Scan Direction": "Forward", "Index Name": "idx_lineitem_orderkey", "Relation Name": "lineitem", "Alias": "lineitem", "Startup Cost": 0.0, "Total Cost": 3240153.75, "Plan Rows": 59987033, "Plan Width": 16, "Actual Startup Time": 0.07, "Actual Total Time": 42499.927, "Actual Rows": 59986052, "Actual Loops": 1}]}, {"Node Type": "Index Scan", "Parent Relationship": "Inner", "Scan Direction": "Forward", "Index Name": "orders_pkey", "Relation Name": "orders", "Alias": "orders", "Startup Cost": 0.0, "Total Cost": 7.15, "Plan Rows": 1, "Plan Width": 32, "Actual Startup Time": 2.739, "Actual Total Time": 2.739, "Actual Rows": 84, "Actual Loops": 84, "Index Cond": "(o_orderkey = public.lineitem.l_orderkey)", "Rows Removed by Index Recheck": 0}]}, {"Node Type": "Index Scan", "Parent Relationship": "Inner", "Scan Direction": "Forward", "Index Name": "customer_pkey", "Relation Name": "customer", "Alias": "customer", "Startup Cost": 0.0, "Total Cost": 0.28, "Plan Rows": 1, "Plan Width": 27, "Actual Startup Time": 1.301, "Actual Total Time": 1.301, "Actual Rows": 84, "Actual Loops": 84, "Index Cond": "(c_custkey = orders.o_custkey)", "Rows Removed by Index Recheck": 0}]}, {"Node Type": "Index Scan", "Parent Relationship": "Inner", "Scan Direction": "Forward", "Index Name": "idx_lineitem_orderkey", "Relation Name": "lineitem", "Alias": "lineitem", "Startup Cost": 0.0, "Total Cost": 0.87, "Plan Rows": 9, "Plan Width": 16, "Actual Startup Time": 1.627, "Actual Total Time": 2.06, "Actual Rows": 588, "Actual Loops": 84, "Index Cond": "(l_orderkey = orders.o_orderkey)", "Rows Removed by Index Recheck": 0}]}]}]}]}, "Triggers": [], "Planner Runtime": 2.114, "Total Runtime": 78676.91, "Unique SQL Id": 1915754155}}, "(64, '94')": {"explain_plan": {"Plan": {"Node Type": "Limit", "Startup Cost": 14964595.16, "Total Cost": 14964595.41, "Plan Rows": 100, "Plan Width": 67, "Plans": [{"Node Type": "Sort", "Parent Relationship": "Outer", "Startup Cost": 14964595.16, "Total Cost": 14964910.97, "Plan Rows": 100, "Plan Width": 67, "Sort Key": ["orders.o_totalprice DESC", "orders.o_orderdate"], "Plans": [{"Node Type": "Aggregate", "Strategy": "Hashed", "Parent Relationship": "Outer", "Startup Cost": 14958504.05, "Total Cost": 14959767.26, "Plan Rows": 126321, "Plan Width": 67, "Group By Key": ["orders.o_totalprice", "orders.o_orderdate", "customer.c_name", "customer.c_custkey", "orders.o_orderkey"], "Plans": [{"Node Type": "Merge Join", "Parent Relationship": "Outer", "Join Type": "Inner", "Startup Cost": 14656052.99, "Total Cost": 14956609.24, "Plan Rows": 126321, "Plan Width": 59, "Inner Unique": false, "Merge Cond": "(orders.o_orderkey = public.lineitem.l_orderkey)", "Plans": [{"Node Type": "Sort", "Parent Relationship": "Outer", "Startup Cost": 4891168.67, "Total Cost": 4891203.45, "Plan Rows": 13913, "Plan Width": 59, "Sort Key": ["orders.o_orderkey"], "Plans": [{"Node Type": "Merge Join", "Parent Relationship": "Outer", "Join Type": "Inner", "Startup Cost": 4882215.87, "Total Cost": 4890211.17, "Plan Rows": 13913, "Plan Width": 59, "Inner Unique": true, "Merge Cond": "(orders.o_custkey = customer.c_custkey)", "Plans": [{"Node Type": "Sort", "Parent Relationship": "Outer", "Startup Cost": 4676215.68, "Total Cost": 4676298.26, "Plan Rows": 33034, "Plan Width": 40, "Sort Key": ["orders.o_custkey"], "Plans": [{"Node Type": "Merge Join", "Parent Relationship": "Outer", "Join Type": "Semi", "Startup Cost": 4598243.3, "Total Cost": 4673736.2, "Plan Rows": 33034, "Plan Width": 40, "Inner Unique": false, "Merge Cond": "(orders.o_orderkey = public.lineitem.l_orderkey)", "Plans": [{"Node Type": "Sort", "Parent Relationship": "Outer", "Startup Cost": 2214232.37, "Total Cost": 2251731.07, "Plan Rows": 14999479, "Plan Width": 32, "Sort Key": ["orders.o_orderkey"], "Plans": [{"Node Type": "Seq Scan", "Parent Relationship": "Outer", "Relation Name": "orders", "Alias": "orders", "Startup Cost": 0.0, "Total Cost": 426413.79, "Plan Rows": 14999479, "Plan Width": 32}]}, {"Node Type": "Sort", "Parent Relationship": "Inner", "Startup Cost": 2384010.93, "Total Cost": 2384093.51, "Plan Rows": 33034, "Plan Width": 8, "Sort Key": ["public.lineitem.l_orderkey"], "Plans": [{"Node Type": "Aggregate", "Strategy": "Hashed", "Parent Relationship": "Outer", "Startup Cost": 2315050.5, "Total Cost": 2381201.11, "Plan Rows": 33034, "Plan Width": 24, "Group By Key": ["public.lineitem.l_orderkey"], "Filter": "(sum(public.lineitem.l_quantity) > 314::double precision), (LLVM Optimized)", "Plans": [{"Node Type": "Seq Scan", "Parent Relationship": "Outer", "Relation Name": "lineitem", "Alias": "lineitem", "Startup Cost": 0.0, "Total Cost": 2015115.33, "Plan Rows": 59987033, "Plan Width": 16}]}]}]}]}, {"Node Type": "Sort", "Parent Relationship": "Inner", "Startup Cost": 205999.98, "Total Cost": 209749.98, "Plan Rows": 1500000, "Plan Width": 27, "Sort Key": ["customer.c_custkey"], "Plans": [{"Node Type": "Seq Scan", "Parent Relationship": "Outer", "Relation Name": "customer", "Alias": "customer", "Startup Cost": 0.0, "Total Cost": 52126.0, "Plan Rows": 1500000, "Plan Width": 27}]}]}]}, {"Node Type": "Sort", "Parent Relationship": "Inner", "Startup Cost": 9764884.32, "Total Cost": 9914851.9, "Plan Rows": 59987033, "Plan Width": 16, "Sort Key": ["public.lineitem.l_orderkey"], "Plans": [{"Node Type": "Seq Scan", "Parent Relationship": "Outer", "Relation Name": "lineitem", "Alias": "lineitem", "Startup Cost": 0.0, "Total Cost": 2015115.33, "Plan Rows": 59987033, "Plan Width": 16}]}]}]}]}]}, "Unique SQL Id": 1915754155, "Planner Runtime": 1}, "explain_analyze_plan": null}, "(64, '95')": {"explain_plan": {"Plan": {"Node Type": "Limit", "Startup Cost": 4000713615997.67, "Total Cost": 4000713615997.92, "Plan Rows": 100, "Plan Width": 67, "Plans": [{"Node Type": "Sort", "Parent Relationship": "Outer", "Startup Cost": 4000713615997.67, "Total Cost": 4000713616313.47, "Plan Rows": 100, "Plan Width": 67, "Sort Key": ["orders.o_totalprice DESC", "orders.o_orderdate"], "Plans": [{"Node Type": "Aggregate", "Strategy": "Hashed", "Parent Relationship": "Outer", "Startup Cost": 4000713609906.56, "Total Cost": 4000713611169.77, "Plan Rows": 126321, "Plan Width": 67, "Group By Key": ["orders.o_totalprice", "orders.o_orderdate", "customer.c_name", "customer.c_custkey", "orders.o_orderkey"], "Plans": [{"Node Type": "Merge Join", "Parent Relationship": "Outer", "Join Type": "Inner", "Startup Cost": 3010405604325.92, "Total Cost": 4000713608011.74, "Plan Rows": 126321, "Plan Width": 59, "Inner Unique": false, "Merge Cond": "(orders.o_orderkey = public.lineitem.l_orderkey)", "Plans": [{"Node Type": "Sort", "Parent Relationship": "Outer", "Startup Cost": 3000405604325.91, "Total Cost": 3000405604360.69, "Plan Rows": 13913, "Plan Width": 59, "Sort Key": ["orders.o_orderkey"], "Plans": [{"Node Type": "Merge Join", "Parent Relationship": "Outer", "Join Type": "Inner", "Startup Cost": 2010424582808.14, "Total Cost": 3000405603368.41, "Plan Rows": 13913, "Plan Width": 59, "Inner Unique": true, "Merge Cond": "(orders.o_custkey = customer.c_custkey)", "Plans": [{"Node Type": "Sort", "Parent Relationship": "Outer", "Startup Cost": 2000397522587.28, "Total Cost": 2000397522669.87, "Plan Rows": 33034, "Plan Width": 40, "Sort Key": ["orders.o_custkey"], "Plans": [{"Node Type": "Merge Join", "Parent Relationship": "Outer", "Join Type": "Semi", "Startup Cost": 1010324384270.1, "Total Cost": 2000397520107.8, "Plan Rows": 33034, "Plan Width": 40, "Inner Unique": false, "Merge Cond": "(orders.o_orderkey = public.lineitem.l_orderkey)", "Plans": [{"Node Type": "Index Scan", "Parent Relationship": "Outer", "Scan Direction": "Forward", "Index Name": "orders_pkey", "Relation Name": "orders", "Alias": "orders", "Startup Cost": 10000000000.0, "Total Cost": 1000073097843.5, "Plan Rows": 14999479, "Plan Width": 32}, {"Node Type": "Sort", "Parent Relationship": "Inner", "Startup Cost": 1000324384270.1, "Total Cost": 1000324384352.68, "Plan Rows": 33034, "Plan Width": 8, "Sort Key": ["public.lineitem.l_orderkey"], "Plans": [{"Node Type": "Aggregate", "Strategy": "Hashed", "Parent Relationship": "Outer", "Startup Cost": 1000324315309.67, "Total Cost": 1000324381460.28, "Plan Rows": 33034, "Plan Width": 24, "Group By Key": ["public.lineitem.l_orderkey"], "Filter": "(sum(public.lineitem.l_quantity) > 314::double precision), (LLVM Optimized)", "Plans": [{"Node Type": "Index Scan", "Parent Relationship": "Outer", "Scan Direction": "Forward", "Index Name": "idx_lineitem_orderkey", "Relation Name": "lineitem", "Alias": "lineitem", "Startup Cost": 10000000000.0, "Total Cost": 1000324015374.5, "Plan Rows": 59987033, "Plan Width": 16}]}]}]}]}, {"Node Type": "Index Scan", "Parent Relationship": "Inner", "Scan Direction": "Forward", "Index Name": "customer_pkey", "Relation Name": "customer", "Alias": "customer", "Startup Cost": 10000000000.0, "Total Cost": 1000008076535.62, "Plan Rows": 1500000, "Plan Width": 27}]}]}, {"Node Type": "Index Scan", "Parent Relationship": "Inner", "Scan Direction": "Forward", "Index Name": "idx_lineitem_orderkey", "Relation Name": "lineitem", "Alias": "lineitem", "Startup Cost": 10000000000.0, "Total Cost": 1000324015374.5, "Plan Rows": 59987033, "Plan Width": 16}]}]}]}]}, "Unique SQL Id": 1915754155, "Planner Runtime": 2}, "explain_analyze_plan": null}, "(64, '96')": {"explain_plan": {"Plan": {"Node Type": "Limit", "Startup Cost": 2649029.8, "Total Cost": 2649030.05, "Plan Rows": 100, "Plan Width": 67, "Plans": [{"Node Type": "Sort", "Parent Relationship": "Outer", "Startup Cost": 2649029.8, "Total Cost": 2649345.6, "Plan Rows": 100, "Plan Width": 67, "Sort Key": ["orders.o_totalprice DESC", "orders.o_orderdate"], "Plans": [{"Node Type": "Aggregate", "Strategy": "Hashed", "Parent Relationship": "Outer", "Startup Cost": 2642938.69, "Total Cost": 2644201.9, "Plan Rows": 126321, "Plan Width": 67, "Group By Key": ["orders.o_totalprice", "orders.o_orderdate", "customer.c_name", "customer.c_custkey", "orders.o_orderkey"], "Plans": [{"Node Type": "Nested Loop", "Parent Relationship": "Outer", "Join Type": "Inner", "Startup Cost": 2315050.5, "Total Cost": 2641043.88, "Plan Rows": 126321, "Plan Width": 59, "Inner Unique": false, "Plans": [{"Node Type": "Nested Loop", "Parent Relationship": "Outer", "Join Type": "Inner", "Startup Cost": 2315050.5, "Total Cost": 2627700.1, "Plan Rows": 13913, "Plan Width": 59, "Inner Unique": true, "Plans": [{"Node Type": "Nested Loop", "Parent Relationship": "Outer", "Join Type": "Inner", "Startup Cost": 2315050.5, "Total Cost": 2618076.97, "Plan Rows": 33034, "Plan Width": 40, "Inner Unique": true, "Plans": [{"Node Type": "Aggregate", "Strategy": "Hashed", "Parent Relationship": "Outer", "Startup Cost": 2315050.5, "Total Cost": 2381201.11, "Plan Rows": 33034, "Plan Width": 24, "Group By Key": ["public.lineitem.l_orderkey"], "Filter": "(sum(public.lineitem.l_quantity) > 314::double precision), (LLVM Optimized)", "Plans": [{"Node Type": "Seq Scan", "Parent Relationship": "Outer", "Relation Name": "lineitem", "Alias": "lineitem", "Startup Cost": 0.0, "Total Cost": 2015115.33, "Plan Rows": 59987033, "Plan Width": 16}]}, {"Node Type": "Index Scan", "Parent Relationship": "Inner", "Scan Direction": "Forward", "Index Name": "orders_pkey", "Relation Name": "orders", "Alias": "orders", "Startup Cost": 0.0, "Total Cost": 7.15, "Plan Rows": 1, "Plan Width": 32, "Index Cond": "(o_orderkey = public.lineitem.l_orderkey)"}]}, {"Node Type": "Index Scan", "Parent Relationship": "Inner", "Scan Direction": "Forward", "Index Name": "customer_pkey", "Relation Name": "customer", "Alias": "customer", "Startup Cost": 0.0, "Total Cost": 0.28, "Plan Rows": 1, "Plan Width": 27, "Index Cond": "(c_custkey = orders.o_custkey)"}]}, {"Node Type": "Index Scan", "Parent Relationship": "Inner", "Scan Direction": "Forward", "Index Name": "idx_lineitem_orderkey", "Relation Name": "lineitem", "Alias": "lineitem", "Startup Cost": 0.0, "Total Cost": 0.87, "Plan Rows": 9, "Plan Width": 16, "Index Cond": "(l_orderkey = orders.o_orderkey)"}]}]}]}]}, "Unique SQL Id": 1915754155, "Planner Runtime": 1}, "explain_analyze_plan": {"Plan": {"Node Type": "Limit", "Startup Cost": 2649029.8, "Total Cost": 2649030.05, "Plan Rows": 100, "Plan Width": 67, "Actual Startup Time": 54861.493, "Actual Total Time": 54861.508, "Actual Rows": 84, "Actual Loops": 1, "Plans": [{"Node Type": "Sort", "Parent Relationship": "Outer", "Startup Cost": 2649029.8, "Total Cost": 2649345.6, "Plan Rows": 100, "Plan Width": 67, "Actual Startup Time": 54861.49, "Actual Total Time": 54861.494, "Actual Rows": 84, "Actual Loops": 1, "Sort Key": ["orders.o_totalprice DESC", "orders.o_orderdate"], "Sort Method": "quicksort", "Sort Space Used": 38, "Sort Space Type": "Memory", "Plans": [{"Node Type": "Aggregate", "Strategy": "Hashed", "Parent Relationship": "Outer", "Startup Cost": 2642938.69, "Total Cost": 2644201.9, "Plan Rows": 126321, "Plan Width": 67, "Actual Startup Time": 54860.881, "Actual Total Time": 54861.367, "Actual Rows": 84, "Actual Loops": 1, "Group By Key": ["orders.o_totalprice", "orders.o_orderdate", "customer.c_name", "customer.c_custkey", "orders.o_orderkey"], "Plans": [{"Node Type": "Nested Loop", "Parent Relationship": "Outer", "Join Type": "Inner", "Startup Cost": 2315050.5, "Total Cost": 2641043.88, "Plan Rows": 126321, "Plan Width": 59, "Actual Startup Time": 49072.337, "Actual Total Time": 54858.992, "Actual Rows": 588, "Actual Loops": 1, "Inner Unique": false, "Plans": [{"Node Type": "Nested Loop", "Parent Relationship": "Outer", "Join Type": "Inner", "Startup Cost": 2315050.5, "Total Cost": 2627700.1, "Plan Rows": 13913, "Plan Width": 59, "Actual Startup Time": 49072.315, "Actual Total Time": 54856.844, "Actual Rows": 84, "Actual Loops": 1, "Inner Unique": true, "Plans": [{"Node Type": "Nested Loop", "Parent Relationship": "Outer", "Join Type": "Inner", "Startup Cost": 2315050.5, "Total Cost": 2618076.97, "Plan Rows": 33034, "Plan Width": 40, "Actual Startup Time": 49072.296, "Actual Total Time": 54855.643, "Actual Rows": 84, "Actual Loops": 1, "Inner Unique": true, "Plans": [{"Node Type": "Aggregate", "Strategy": "Hashed", "Parent Relationship": "Outer", "Startup Cost": 2315050.5, "Total Cost": 2381201.11, "Plan Rows": 33034, "Plan Width": 24, "Actual Startup Time": 49072.224, "Actual Total Time": 54835.622, "Actual Rows": 84, "Actual Loops": 1, "Group By Key": ["public.lineitem.l_orderkey"], "Filter": "(sum(public.lineitem.l_quantity) > 314::double precision), (LLVM Optimized, Jit Execute)", "Rows Removed by Filter": 14999916, "Plans": [{"Node Type": "Seq Scan", "Parent Relationship": "Outer", "Relation Name": "lineitem", "Alias": "lineitem", "Startup Cost": 0.0, "Total Cost": 2015115.33, "Plan Rows": 59987033, "Plan Width": 16, "Actual Startup Time": 0.051, "Actual Total Time": 20660.278, "Actual Rows": 59986052, "Actual Loops": 1}]}, {"Node Type": "Index Scan", "Parent Relationship": "Inner", "Scan Direction": "Forward", "Index Name": "orders_pkey", "Relation Name": "orders", "Alias": "orders", "Startup Cost": 0.0, "Total Cost": 7.15, "Plan Rows": 1, "Plan Width": 32, "Actual Startup Time": 2.649, "Actual Total Time": 2.649, "Actual Rows": 84, "Actual Loops": 84, "Index Cond": "(o_orderkey = public.lineitem.l_orderkey)", "Rows Removed by Index Recheck": 0}]}, {"Node Type": "Index Scan", "Parent Relationship": "Inner", "Scan Direction": "Forward", "Index Name": "customer_pkey", "Relation Name": "customer", "Alias": "customer", "Startup Cost": 0.0, "Total Cost": 0.28, "Plan Rows": 1, "Plan Width": 27, "Actual Startup Time": 0.851, "Actual Total Time": 0.851, "Actual Rows": 84, "Actual Loops": 84, "Index Cond": "(c_custkey = orders.o_custkey)", "Rows Removed by Index Recheck": 0}]}, {"Node Type": "Index Scan", "Parent Relationship": "Inner", "Scan Direction": "Forward", "Index Name": "idx_lineitem_orderkey", "Relation Name": "lineitem", "Alias": "lineitem", "Startup Cost": 0.0, "Total Cost": 0.87, "Plan Rows": 9, "Plan Width": 16, "Actual Startup Time": 1.215, "Actual Total Time": 1.721, "Actual Rows": 588, "Actual Loops": 84, "Index Cond": "(l_orderkey = orders.o_orderkey)", "Rows Removed by Index Recheck": 0}]}]}]}]}, "Triggers": [], "Planner Runtime": 2.136, "Total Runtime": 54871.674, "Unique SQL Id": 1915754155}}, "(64, '97')": {"explain_plan": {"Plan": {"Node Type": "Limit", "Startup Cost": 3874068.21, "Total Cost": 3874068.46, "Plan Rows": 100, "Plan Width": 67, "Plans": [{"Node Type": "Sort", "Parent Relationship": "Outer", "Startup Cost": 3874068.21, "Total Cost": 3874384.02, "Plan Rows": 100, "Plan Width": 67, "Sort Key": ["orders.o_totalprice DESC", "orders.o_orderdate"], "Plans": [{"Node Type": "Aggregate", "Strategy": "Hashed", "Parent Relationship": "Outer", "Startup Cost": 3867977.11, "Total Cost": 3869240.32, "Plan Rows": 126321, "Plan Width": 67, "Group By Key": ["orders.o_totalprice", "orders.o_orderdate", "customer.c_name", "customer.c_custkey", "orders.o_orderkey"], "Plans": [{"Node Type": "Nested Loop", "Parent Relationship": "Outer", "Join Type": "Inner", "Startup Cost": 3540088.91, "Total Cost": 3866082.29, "Plan Rows": 126321, "Plan Width": 59, "Inner Unique": false, "Plans": [{"Node Type": "Nested Loop", "Parent Relationship": "Outer", "Join Type": "Inner", "Startup Cost": 3540088.91, "Total Cost": 3852738.51, "Plan Rows": 13913, "Plan Width": 59, "Inner Unique": true, "Plans": [{"Node Type": "Nested Loop", "Parent Relationship": "Outer", "Join Type": "Inner", "Startup Cost": 3540088.91, "Total Cost": 3843115.38, "Plan Rows": 33034, "Plan Width": 40, "Inner Unique": true, "Plans": [{"Node Type": "Aggregate", "Strategy": "Hashed", "Parent Relationship": "Outer", "Startup Cost": 3540088.91, "Total Cost": 3606239.52, "Plan Rows": 33034, "Plan Width": 24, "Group By Key": ["public.lineitem.l_orderkey"], "Filter": "(sum(public.lineitem.l_quantity) > 314::double precision), (LLVM Optimized)", "Plans": [{"Node Type": "Index Scan", "Parent Relationship": "Outer", "Scan Direction": "Forward", "Index Name": "idx_lineitem_orderkey", "Relation Name": "lineitem", "Alias": "lineitem", "Startup Cost": 0.0, "Total Cost": 3240153.75, "Plan Rows": 59987033, "Plan Width": 16}]}, {"Node Type": "Index Scan", "Parent Relationship": "Inner", "Scan Direction": "Forward", "Index Name": "orders_pkey", "Relation Name": "orders", "Alias": "orders", "Startup Cost": 0.0, "Total Cost": 7.15, "Plan Rows": 1, "Plan Width": 32, "Index Cond": "(o_orderkey = public.lineitem.l_orderkey)"}]}, {"Node Type": "Index Scan", "Parent Relationship": "Inner", "Scan Direction": "Forward", "Index Name": "customer_pkey", "Relation Name": "customer", "Alias": "customer", "Startup Cost": 0.0, "Total Cost": 0.28, "Plan Rows": 1, "Plan Width": 27, "Index Cond": "(c_custkey = orders.o_custkey)"}]}, {"Node Type": "Index Scan", "Parent Relationship": "Inner", "Scan Direction": "Forward", "Index Name": "idx_lineitem_orderkey", "Relation Name": "lineitem", "Alias": "lineitem", "Startup Cost": 0.0, "Total Cost": 0.87, "Plan Rows": 9, "Plan Width": 16, "Index Cond": "(l_orderkey = orders.o_orderkey)"}]}]}]}]}, "Unique SQL Id": 1915754155, "Planner Runtime": 1}, "explain_analyze_plan": {"Plan": {"Node Type": "Limit", "Startup Cost": 3874068.21, "Total Cost": 3874068.46, "Plan Rows": 100, "Plan Width": 67, "Actual Startup Time": 78667.563, "Actual Total Time": 78667.58, "Actual Rows": 84, "Actual Loops": 1, "Plans": [{"Node Type": "Sort", "Parent Relationship": "Outer", "Startup Cost": 3874068.21, "Total Cost": 3874384.02, "Plan Rows": 100, "Plan Width": 67, "Actual Startup Time": 78667.561, "Actual Total Time": 78667.57, "Actual Rows": 84, "Actual Loops": 1, "Sort Key": ["orders.o_totalprice DESC", "orders.o_orderdate"], "Sort Method": "quicksort", "Sort Space Used": 38, "Sort Space Type": "Memory", "Plans": [{"Node Type": "Aggregate", "Strategy": "Hashed", "Parent Relationship": "Outer", "Startup Cost": 3867977.11, "Total Cost": 3869240.32, "Plan Rows": 126321, "Plan Width": 67, "Actual Startup Time": 78666.912, "Actual Total Time": 78667.456, "Actual Rows": 84, "Actual Loops": 1, "Group By Key": ["orders.o_totalprice", "orders.o_orderdate", "customer.c_name", "customer.c_custkey", "orders.o_orderkey"], "Plans": [{"Node Type": "Nested Loop", "Parent Relationship": "Outer", "Join Type": "Inner", "Startup Cost": 3540088.91, "Total Cost": 3866082.29, "Plan Rows": 126321, "Plan Width": 59, "Actual Startup Time": 71346.529, "Actual Total Time": 78665.231, "Actual Rows": 588, "Actual Loops": 1, "Inner Unique": false, "Plans": [{"Node Type": "Nested Loop", "Parent Relationship": "Outer", "Join Type": "Inner", "Startup Cost": 3540088.91, "Total Cost": 3852738.51, "Plan Rows": 13913, "Plan Width": 59, "Actual Startup Time": 71346.496, "Actual Total Time": 78662.632, "Actual Rows": 84, "Actual Loops": 1, "Inner Unique": true, "Plans": [{"Node Type": "Nested Loop", "Parent Relationship": "Outer", "Join Type": "Inner", "Startup Cost": 3540088.91, "Total Cost": 3843115.38, "Plan Rows": 33034, "Plan Width": 40, "Actual Startup Time": 71346.464, "Actual Total Time": 78660.834, "Actual Rows": 84, "Actual Loops": 1, "Inner Unique": true, "Plans": [{"Node Type": "Aggregate", "Strategy": "Hashed", "Parent Relationship": "Outer", "Startup Cost": 3540088.91, "Total Cost": 3606239.52, "Plan Rows": 33034, "Plan Width": 24, "Actual Startup Time": 71346.402, "Actual Total Time": 78640.855, "Actual Rows": 84, "Actual Loops": 1, "Group By Key": ["public.lineitem.l_orderkey"], "Filter": "(sum(public.lineitem.l_quantity) > 314::double precision), (LLVM Optimized, Jit Execute)", "Rows Removed by Filter": 14999916, "Plans": [{"Node Type": "Index Scan", "Parent Relationship": "Outer", "Scan Direction": "Forward", "Index Name": "idx_lineitem_orderkey", "Relation Name": "lineitem", "Alias": "lineitem", "Startup Cost": 0.0, "Total Cost": 3240153.75, "Plan Rows": 59987033, "Plan Width": 16, "Actual Startup Time": 0.07, "Actual Total Time": 42499.927, "Actual Rows": 59986052, "Actual Loops": 1}]}, {"Node Type": "Index Scan", "Parent Relationship": "Inner", "Scan Direction": "Forward", "Index Name": "orders_pkey", "Relation Name": "orders", "Alias": "orders", "Startup Cost": 0.0, "Total Cost": 7.15, "Plan Rows": 1, "Plan Width": 32, "Actual Startup Time": 2.739, "Actual Total Time": 2.739, "Actual Rows": 84, "Actual Loops": 84, "Index Cond": "(o_orderkey = public.lineitem.l_orderkey)", "Rows Removed by Index Recheck": 0}]}, {"Node Type": "Index Scan", "Parent Relationship": "Inner", "Scan Direction": "Forward", "Index Name": "customer_pkey", "Relation Name": "customer", "Alias": "customer", "Startup Cost": 0.0, "Total Cost": 0.28, "Plan Rows": 1, "Plan Width": 27, "Actual Startup Time": 1.301, "Actual Total Time": 1.301, "Actual Rows": 84, "Actual Loops": 84, "Index Cond": "(c_custkey = orders.o_custkey)", "Rows Removed by Index Recheck": 0}]}, {"Node Type": "Index Scan", "Parent Relationship": "Inner", "Scan Direction": "Forward", "Index Name": "idx_lineitem_orderkey", "Relation Name": "lineitem", "Alias": "lineitem", "Startup Cost": 0.0, "Total Cost": 0.87, "Plan Rows": 9, "Plan Width": 16, "Actual Startup Time": 1.627, "Actual Total Time": 2.06, "Actual Rows": 588, "Actual Loops": 84, "Index Cond": "(l_orderkey = orders.o_orderkey)", "Rows Removed by Index Recheck": 0}]}]}]}]}, "Triggers": [], "Planner Runtime": 2.114, "Total Runtime": 78676.91, "Unique SQL Id": 1915754155}}, "(64, '98')": {"explain_plan": {"Plan": {"Node Type": "Limit", "Startup Cost": 2768625.52, "Total Cost": 2768625.77, "Plan Rows": 100, "Plan Width": 67, "Plans": [{"Node Type": "Sort", "Parent Relationship": "Outer", "Startup Cost": 2768625.52, "Total Cost": 2768941.33, "Plan Rows": 100, "Plan Width": 67, "Sort Key": ["orders.o_totalprice DESC", "orders.o_orderdate"], "Plans": [{"Node Type": "Aggregate", "Strategy": "Hashed", "Parent Relationship": "Outer", "Startup Cost": 2762534.42, "Total Cost": 2763797.63, "Plan Rows": 126321, "Plan Width": 67, "Group By Key": ["orders.o_totalprice", "orders.o_orderdate", "customer.c_name", "customer.c_custkey", "orders.o_orderkey"], "Plans": [{"Node Type": "Nested Loop", "Parent Relationship": "Outer", "Join Type": "Inner", "Startup Cost": 2385930.24, "Total Cost": 2760639.6, "Plan Rows": 126321, "Plan Width": 59, "Inner Unique": false, "Plans": [{"Node Type": "Hash Join", "Parent Relationship": "Outer", "Join Type": "Inner", "Startup Cost": 2385929.86, "Total Cost": 2696863.45, "Plan Rows": 13913, "Plan Width": 59, "Inner Unique": true, "Hash Cond": "(orders.o_custkey = customer.c_custkey)", "Plans": [{"Node Type": "Nested Loop", "Parent Relationship": "Outer", "Join Type": "Inner", "Startup Cost": 2315053.86, "Total Cost": 2625533.23, "Plan Rows": 33034, "Plan Width": 40, "Inner Unique": true, "Plans": [{"Node Type": "Aggregate", "Strategy": "Hashed", "Parent Relationship": "Outer", "Startup Cost": 2315050.5, "Total Cost": 2381201.11, "Plan Rows": 33034, "Plan Width": 24, "Group By Key": ["public.lineitem.l_orderkey"], "Filter": "(sum(public.lineitem.l_quantity) > 314::double precision), (LLVM Optimized)", "Plans": [{"Node Type": "Seq Scan", "Parent Relationship": "Outer", "Relation Name": "lineitem", "Alias": "lineitem", "Startup Cost": 0.0, "Total Cost": 2015115.33, "Plan Rows": 59987033, "Plan Width": 16}]}, {"Node Type": "Bitmap Heap Scan", "Parent Relationship": "Inner", "Relation Name": "orders", "Alias": "orders", "Startup Cost": 3.36, "Total Cost": 7.38, "Plan Rows": 1, "Plan Width": 32, "Recheck Cond": "(o_orderkey = public.lineitem.l_orderkey)", "Plans": [{"Node Type": "Bitmap Index Scan", "Parent Relationship": "Outer", "Index Name": "orders_pkey", "Startup Cost": 0.0, "Total Cost": 3.36, "Plan Rows": 1, "Plan Width": 0, "Index Cond": "(o_orderkey = public.lineitem.l_orderkey)"}]}]}, {"Node Type": "Hash", "Parent Relationship": "Inner", "Startup Cost": 52126.0, "Total Cost": 52126.0, "Plan Rows": 1500000, "Plan Width": 27, "Plans": [{"Node Type": "Seq Scan", "Parent Relationship": "Outer", "Relation Name": "customer", "Alias": "customer", "Startup Cost": 0.0, "Total Cost": 52126.0, "Plan Rows": 1500000, "Plan Width": 27}]}]}, {"Node Type": "Bitmap Heap Scan", "Parent Relationship": "Inner", "Relation Name": "lineitem", "Alias": "lineitem", "Startup Cost": 0.38, "Total Cost": 4.49, "Plan Rows": 9, "Plan Width": 16, "Recheck Cond": "(l_orderkey = orders.o_orderkey)", "Plans": [{"Node Type": "Bitmap Index Scan", "Parent Relationship": "Outer", "Index Name": "idx_lineitem_orderkey", "Startup Cost": 0.0, "Total Cost": 0.38, "Plan Rows": 9, "Plan Width": 0, "Index Cond": "(l_orderkey = orders.o_orderkey)"}]}]}]}]}]}, "Unique SQL Id": 1915754155, "Planner Runtime": 1}, "explain_analyze_plan": {"Plan": {"Node Type": "Limit", "Startup Cost": 2768625.52, "Total Cost": 2768625.77, "Plan Rows": 100, "Plan Width": 67, "Actual Startup Time": 52986.061, "Actual Total Time": 52986.077, "Actual Rows": 84, "Actual Loops": 1, "Plans": [{"Node Type": "Sort", "Parent Relationship": "Outer", "Startup Cost": 2768625.52, "Total Cost": 2768941.33, "Plan Rows": 100, "Plan Width": 67, "Actual Startup Time": 52986.06, "Actual Total Time": 52986.069, "Actual Rows": 84, "Actual Loops": 1, "Sort Key": ["orders.o_totalprice DESC", "orders.o_orderdate"], "Sort Method": "quicksort", "Sort Space Used": 38, "Sort Space Type": "Memory", "Plans": [{"Node Type": "Aggregate", "Strategy": "Hashed", "Parent Relationship": "Outer", "Startup Cost": 2762534.42, "Total Cost": 2763797.63, "Plan Rows": 126321, "Plan Width": 67, "Actual Startup Time": 52985.597, "Actual Total Time": 52985.959, "Actual Rows": 84, "Actual Loops": 1, "Group By Key": ["orders.o_totalprice", "orders.o_orderdate", "customer.c_name", "customer.c_custkey", "orders.o_orderkey"], "Plans": [{"Node Type": "Nested Loop", "Parent Relationship": "Outer", "Join Type": "Inner", "Startup Cost": 2385930.24, "Total Cost": 2760639.6, "Plan Rows": 126321, "Plan Width": 59, "Actual Startup Time": 47937.22, "Actual Total Time": 52983.281, "Actual Rows": 588, "Actual Loops": 1, "Inner Unique": false, "Plans": [{"Node Type": "Hash Join", "Parent Relationship": "Outer", "Join Type": "Inner", "Startup Cost": 2385929.86, "Total Cost": 2696863.45, "Plan Rows": 13913, "Plan Width": 59, "Actual Startup Time": 47937.171, "Actual Total Time": 52960.029, "Actual Rows": 84, "Actual Loops": 1, "Inner Unique": true, "Hash Cond": "(orders.o_custkey = customer.c_custkey)", "Plans": [{"Node Type": "Nested Loop", "Parent Relationship": "Outer", "Join Type": "Inner", "Startup Cost": 2315053.86, "Total Cost": 2625533.23, "Plan Rows": 33034, "Plan Width": 40, "Actual Startup Time": 46843.007, "Actual Total Time": 51861.678, "Actual Rows": 84, "Actual Loops": 1, "Inner Unique": true, "Plans": [{"Node Type": "Aggregate", "Strategy": "Hashed", "Parent Relationship": "Outer", "Startup Cost": 2315050.5, "Total Cost": 2381201.11, "Plan Rows": 33034, "Plan Width": 24, "Actual Startup Time": 46842.884, "Actual Total Time": 51843.325, "Actual Rows": 84, "Actual Loops": 1, "Group By Key": ["public.lineitem.l_orderkey"], "Filter": "(sum(public.lineitem.l_quantity) > 314::double precision), (LLVM Optimized, Jit Execute)", "Rows Removed by Filter": 14999916, "Plans": [{"Node Type": "Seq Scan", "Parent Relationship": "Outer", "Relation Name": "lineitem", "Alias": "lineitem", "Startup Cost": 0.0, "Total Cost": 2015115.33, "Plan Rows": 59987033, "Plan Width": 16, "Actual Startup Time": 0.033, "Actual Total Time": 20311.421, "Actual Rows": 59986052, "Actual Loops": 1}]}, {"Node Type": "Bitmap Heap Scan", "Parent Relationship": "Inner", "Relation Name": "orders", "Alias": "orders", "Startup Cost": 3.36, "Total Cost": 7.38, "Plan Rows": 1, "Plan Width": 32, "Actual Startup Time": 3.61, "Actual Total Time": 3.61, "Actual Rows": 84, "Actual Loops": 84, "Recheck Cond": "(o_orderkey = public.lineitem.l_orderkey)", "Rows Removed by Index Recheck": 0, "Exact Heap Blocks": 84, "Lossy Heap Blocks": 84, "Plans": [{"Node Type": "Bitmap Index Scan", "Parent Relationship": "Outer", "Index Name": "orders_pkey", "Startup Cost": 0.0, "Total Cost": 3.36, "Plan Rows": 1, "Plan Width": 0, "Actual Startup Time": 2.351, "Actual Total Time": 2.351, "Actual Rows": 84, "Actual Loops": 84, "Index Cond": "(o_orderkey = public.lineitem.l_orderkey)"}]}]}, {"Node Type": "Hash", "Parent Relationship": "Inner", "Startup Cost": 52126.0, "Total Cost": 52126.0, "Plan Rows": 1500000, "Plan Width": 27, "Actual Startup Time": 1092.602, "Actual Total Time": 1092.602, "Actual Rows": 1500000, "Actual Loops": 1, "Hash Buckets": 2097152, "Hash Batches": 1, "Original Hash Batches": 1, "Peak Memory Usage": 93750, "Plans": [{"Node Type": "Seq Scan", "Parent Relationship": "Outer", "Relation Name": "customer", "Alias": "customer", "Startup Cost": 0.0, "Total Cost": 52126.0, "Plan Rows": 1500000, "Plan Width": 27, "Actual Startup Time": 0.029, "Actual Total Time": 587.14, "Actual Rows": 1500000, "Actual Loops": 1}]}]}, {"Node Type": "Bitmap Heap Scan", "Parent Relationship": "Inner", "Relation Name": "lineitem", "Alias": "lineitem", "Startup Cost": 0.38, "Total Cost": 4.49, "Plan Rows": 9, "Plan Width": 16, "Actual Startup Time": 1.943, "Actual Total Time": 2.103, "Actual Rows": 588, "Actual Loops": 84, "Recheck Cond": "(l_orderkey = orders.o_orderkey)", "Rows Removed by Index Recheck": 0, "Exact Heap Blocks": 96, "Lossy Heap Blocks": 96, "Plans": [{"Node Type": "Bitmap Index Scan", "Parent Relationship": "Outer", "Index Name": "idx_lineitem_orderkey", "Startup Cost": 0.0, "Total Cost": 0.38, "Plan Rows": 9, "Plan Width": 0, "Actual Startup Time": 1.193, "Actual Total Time": 1.193, "Actual Rows": 588, "Actual Loops": 84, "Index Cond": "(l_orderkey = orders.o_orderkey)"}]}]}]}]}]}, "Triggers": [], "Planner Runtime": 2.066, "Total Runtime": 52995.547, "Unique SQL Id": 1915754155}}, "(64, '99')": {"explain_plan": {"Plan": {"Node Type": "Limit", "Startup Cost": 1000324838994.8, "Total Cost": 1000324838995.05, "Plan Rows": 100, "Plan Width": 67, "Plans": [{"Node Type": "Sort", "Parent Relationship": "Outer", "Startup Cost": 1000324838994.8, "Total Cost": 1000324839310.61, "Plan Rows": 100, "Plan Width": 67, "Sort Key": ["orders.o_totalprice DESC", "orders.o_orderdate"], "Plans": [{"Node Type": "Aggregate", "Strategy": "Hashed", "Parent Relationship": "Outer", "Startup Cost": 1000324832903.7, "Total Cost": 1000324834166.91, "Plan Rows": 126321, "Plan Width": 67, "Group By Key": ["orders.o_totalprice", "orders.o_orderdate", "customer.c_name", "customer.c_custkey", "orders.o_orderkey"], "Plans": [{"Node Type": "Nested Loop", "Parent Relationship": "Outer", "Join Type": "Inner", "Startup Cost": 1000324315313.67, "Total Cost": 1000324831008.88, "Plan Rows": 126321, "Plan Width": 59, "Inner Unique": false, "Plans": [{"Node Type": "Nested Loop", "Parent Relationship": "Outer", "Join Type": "Inner", "Startup Cost": 1000324315313.29, "Total Cost": 1000324767232.73, "Plan Rows": 13913, "Plan Width": 59, "Inner Unique": true, "Plans": [{"Node Type": "Nested Loop", "Parent Relationship": "Outer", "Join Type": "Inner", "Startup Cost": 1000324315313.03, "Total Cost": 1000324625792.4, "Plan Rows": 33034, "Plan Width": 40, "Inner Unique": true, "Plans": [{"Node Type": "Aggregate", "Strategy": "Hashed", "Parent Relationship": "Outer", "Startup Cost": 1000324315309.67, "Total Cost": 1000324381460.28, "Plan Rows": 33034, "Plan Width": 24, "Group By Key": ["public.lineitem.l_orderkey"], "Filter": "(sum(public.lineitem.l_quantity) > 314::double precision), (LLVM Optimized)", "Plans": [{"Node Type": "Index Scan", "Parent Relationship": "Outer", "Scan Direction": "Forward", "Index Name": "idx_lineitem_orderkey", "Relation Name": "lineitem", "Alias": "lineitem", "Startup Cost": 10000000000.0, "Total Cost": 1000324015374.5, "Plan Rows": 59987033, "Plan Width": 16}]}, {"Node Type": "Bitmap Heap Scan", "Parent Relationship": "Inner", "Relation Name": "orders", "Alias": "orders", "Startup Cost": 3.36, "Total Cost": 7.38, "Plan Rows": 1, "Plan Width": 32, "Recheck Cond": "(o_orderkey = public.lineitem.l_orderkey)", "Plans": [{"Node Type": "Bitmap Index Scan", "Parent Relationship": "Outer", "Index Name": "orders_pkey", "Startup Cost": 0.0, "Total Cost": 3.36, "Plan Rows": 1, "Plan Width": 0, "Index Cond": "(o_orderkey = public.lineitem.l_orderkey)"}]}]}, {"Node Type": "Bitmap Heap Scan", "Parent Relationship": "Inner", "Relation Name": "customer", "Alias": "customer", "Startup Cost": 0.26, "Total Cost": 4.27, "Plan Rows": 1, "Plan Width": 27, "Recheck Cond": "(c_custkey = orders.o_custkey)", "Plans": [{"Node Type": "Bitmap Index Scan", "Parent Relationship": "Outer", "Index Name": "customer_pkey", "Startup Cost": 0.0, "Total Cost": 0.26, "Plan Rows": 1, "Plan Width": 0, "Index Cond": "(c_custkey = orders.o_custkey)"}]}]}, {"Node Type": "Bitmap Heap Scan", "Parent Relationship": "Inner", "Relation Name": "lineitem", "Alias": "lineitem", "Startup Cost": 0.38, "Total Cost": 4.49, "Plan Rows": 9, "Plan Width": 16, "Recheck Cond": "(l_orderkey = orders.o_orderkey)", "Plans": [{"Node Type": "Bitmap Index Scan", "Parent Relationship": "Outer", "Index Name": "idx_lineitem_orderkey", "Startup Cost": 0.0, "Total Cost": 0.38, "Plan Rows": 9, "Plan Width": 0, "Index Cond": "(l_orderkey = orders.o_orderkey)"}]}]}]}]}]}, "Unique SQL Id": 1915754155, "Planner Runtime": 1}, "explain_analyze_plan": {"Plan": {"Node Type": "Limit", "Startup Cost": 1000324838994.8, "Total Cost": 1000324838995.05, "Plan Rows": 100, "Plan Width": 67, "Actual Startup Time": 80249.492, "Actual Total Time": 80249.51, "Actual Rows": 84, "Actual Loops": 1, "Plans": [{"Node Type": "Sort", "Parent Relationship": "Outer", "Startup Cost": 1000324838994.8, "Total Cost": 1000324839310.61, "Plan Rows": 100, "Plan Width": 67, "Actual Startup Time": 80249.49, "Actual Total Time": 80249.501, "Actual Rows": 84, "Actual Loops": 1, "Sort Key": ["orders.o_totalprice DESC", "orders.o_orderdate"], "Sort Method": "quicksort", "Sort Space Used": 38, "Sort Space Type": "Memory", "Plans": [{"Node Type": "Aggregate", "Strategy": "Hashed", "Parent Relationship": "Outer", "Startup Cost": 1000324832903.7, "Total Cost": 1000324834166.91, "Plan Rows": 126321, "Plan Width": 67, "Actual Startup Time": 80249.1, "Actual Total Time": 80249.389, "Actual Rows": 84, "Actual Loops": 1, "Group By Key": ["orders.o_totalprice", "orders.o_orderdate", "customer.c_name", "customer.c_custkey", "orders.o_orderkey"], "Plans": [{"Node Type": "Nested Loop", "Parent Relationship": "Outer", "Join Type": "Inner", "Startup Cost": 1000324315313.67, "Total Cost": 1000324831008.88, "Plan Rows": 126321, "Plan Width": 59, "Actual Startup Time": 73111.745, "Actual Total Time": 80247.199, "Actual Rows": 588, "Actual Loops": 1, "Inner Unique": false, "Plans": [{"Node Type": "Nested Loop", "Parent Relationship": "Outer", "Join Type": "Inner", "Startup Cost": 1000324315313.29, "Total Cost": 1000324767232.73, "Plan Rows": 13913, "Plan Width": 59, "Actual Startup Time": 73111.701, "Actual Total Time": 80244.173, "Actual Rows": 84, "Actual Loops": 1, "Inner Unique": true, "Plans": [{"Node Type": "Nested Loop", "Parent Relationship": "Outer", "Join Type": "Inner", "Startup Cost": 1000324315313.03, "Total Cost": 1000324625792.4, "Plan Rows": 33034, "Plan Width": 40, "Actual Startup Time": 73111.642, "Actual Total Time": 80242.091, "Actual Rows": 84, "Actual Loops": 1, "Inner Unique": true, "Plans": [{"Node Type": "Aggregate", "Strategy": "Hashed", "Parent Relationship": "Outer", "Startup Cost": 1000324315309.67, "Total Cost": 1000324381460.28, "Plan Rows": 33034, "Plan Width": 24, "Actual Startup Time": 73111.524, "Actual Total Time": 80223.033, "Actual Rows": 84, "Actual Loops": 1, "Group By Key": ["public.lineitem.l_orderkey"], "Filter": "(sum(public.lineitem.l_quantity) > 314::double precision), (LLVM Optimized, Jit Execute)", "Rows Removed by Filter": 14999916, "Plans": [{"Node Type": "Index Scan", "Parent Relationship": "Outer", "Scan Direction": "Forward", "Index Name": "idx_lineitem_orderkey", "Relation Name": "lineitem", "Alias": "lineitem", "Startup Cost": 10000000000.0, "Total Cost": 1000324015374.5, "Plan Rows": 59987033, "Plan Width": 16, "Actual Startup Time": 0.063, "Actual Total Time": 44361.768, "Actual Rows": 59986052, "Actual Loops": 1}]}, {"Node Type": "Bitmap Heap Scan", "Parent Relationship": "Inner", "Relation Name": "orders", "Alias": "orders", "Startup Cost": 3.36, "Total Cost": 7.38, "Plan Rows": 1, "Plan Width": 32, "Actual Startup Time": 3.64, "Actual Total Time": 3.64, "Actual Rows": 84, "Actual Loops": 84, "Recheck Cond": "(o_orderkey = public.lineitem.l_orderkey)", "Rows Removed by Index Recheck": 0, "Exact Heap Blocks": 84, "Lossy Heap Blocks": 84, "Plans": [{"Node Type": "Bitmap Index Scan", "Parent Relationship": "Outer", "Index Name": "orders_pkey", "Startup Cost": 0.0, "Total Cost": 3.36, "Plan Rows": 1, "Plan Width": 0, "Actual Startup Time": 2.402, "Actual Total Time": 2.402, "Actual Rows": 84, "Actual Loops": 84, "Index Cond": "(o_orderkey = public.lineitem.l_orderkey)"}]}]}, {"Node Type": "Bitmap Heap Scan", "Parent Relationship": "Inner", "Relation Name": "customer", "Alias": "customer", "Startup Cost": 0.26, "Total Cost": 4.27, "Plan Rows": 1, "Plan Width": 27, "Actual Startup Time": 1.455, "Actual Total Time": 1.455, "Actual Rows": 84, "Actual Loops": 84, "Recheck Cond": "(c_custkey = orders.o_custkey)", "Rows Removed by Index Recheck": 0, "Exact Heap Blocks": 84, "Lossy Heap Blocks": 84, "Plans": [{"Node Type": "Bitmap Index Scan", "Parent Relationship": "Outer", "Index Name": "customer_pkey", "Startup Cost": 0.0, "Total Cost": 0.26, "Plan Rows": 1, "Plan Width": 0, "Actual Startup Time": 0.897, "Actual Total Time": 0.897, "Actual Rows": 84, "Actual Loops": 84, "Index Cond": "(c_custkey = orders.o_custkey)"}]}]}, {"Node Type": "Bitmap Heap Scan", "Parent Relationship": "Inner", "Relation Name": "lineitem", "Alias": "lineitem", "Startup Cost": 0.38, "Total Cost": 4.49, "Plan Rows": 9, "Plan Width": 16, "Actual Startup Time": 2.054, "Actual Total Time": 2.216, "Actual Rows": 588, "Actual Loops": 84, "Recheck Cond": "(l_orderkey = orders.o_orderkey)", "Rows Removed by Index Recheck": 0, "Exact Heap Blocks": 96, "Lossy Heap Blocks": 96, "Plans": [{"Node Type": "Bitmap Index Scan", "Parent Relationship": "Outer", "Index Name": "idx_lineitem_orderkey", "Startup Cost": 0.0, "Total Cost": 0.38, "Plan Rows": 9, "Plan Width": 0, "Actual Startup Time": 1.268, "Actual Total Time": 1.268, "Actual Rows": 588, "Actual Loops": 84, "Index Cond": "(l_orderkey = orders.o_orderkey)"}]}]}]}]}]}, "Triggers": [], "Planner Runtime": 1.823, "Total Runtime": 80258.843, "Unique SQL Id": 1915754155}}, "(64, '100')": {"explain_plan": {"Plan": {"Node Type": "Limit", "Startup Cost": 2649029.8, "Total Cost": 2649030.05, "Plan Rows": 100, "Plan Width": 67, "Plans": [{"Node Type": "Sort", "Parent Relationship": "Outer", "Startup Cost": 2649029.8, "Total Cost": 2649345.6, "Plan Rows": 100, "Plan Width": 67, "Sort Key": ["orders.o_totalprice DESC", "orders.o_orderdate"], "Plans": [{"Node Type": "Aggregate", "Strategy": "Hashed", "Parent Relationship": "Outer", "Startup Cost": 2642938.69, "Total Cost": 2644201.9, "Plan Rows": 126321, "Plan Width": 67, "Group By Key": ["orders.o_totalprice", "orders.o_orderdate", "customer.c_name", "customer.c_custkey", "orders.o_orderkey"], "Plans": [{"Node Type": "Nested Loop", "Parent Relationship": "Outer", "Join Type": "Inner", "Startup Cost": 2315050.5, "Total Cost": 2641043.88, "Plan Rows": 126321, "Plan Width": 59, "Inner Unique": false, "Plans": [{"Node Type": "Nested Loop", "Parent Relationship": "Outer", "Join Type": "Inner", "Startup Cost": 2315050.5, "Total Cost": 2627700.1, "Plan Rows": 13913, "Plan Width": 59, "Inner Unique": true, "Plans": [{"Node Type": "Nested Loop", "Parent Relationship": "Outer", "Join Type": "Inner", "Startup Cost": 2315050.5, "Total Cost": 2618076.97, "Plan Rows": 33034, "Plan Width": 40, "Inner Unique": true, "Plans": [{"Node Type": "Aggregate", "Strategy": "Hashed", "Parent Relationship": "Outer", "Startup Cost": 2315050.5, "Total Cost": 2381201.11, "Plan Rows": 33034, "Plan Width": 24, "Group By Key": ["public.lineitem.l_orderkey"], "Filter": "(sum(public.lineitem.l_quantity) > 314::double precision), (LLVM Optimized)", "Plans": [{"Node Type": "Seq Scan", "Parent Relationship": "Outer", "Relation Name": "lineitem", "Alias": "lineitem", "Startup Cost": 0.0, "Total Cost": 2015115.33, "Plan Rows": 59987033, "Plan Width": 16}]}, {"Node Type": "Index Scan", "Parent Relationship": "Inner", "Scan Direction": "Forward", "Index Name": "orders_pkey", "Relation Name": "orders", "Alias": "orders", "Startup Cost": 0.0, "Total Cost": 7.15, "Plan Rows": 1, "Plan Width": 32, "Index Cond": "(o_orderkey = public.lineitem.l_orderkey)"}]}, {"Node Type": "Index Scan", "Parent Relationship": "Inner", "Scan Direction": "Forward", "Index Name": "customer_pkey", "Relation Name": "customer", "Alias": "customer", "Startup Cost": 0.0, "Total Cost": 0.28, "Plan Rows": 1, "Plan Width": 27, "Index Cond": "(c_custkey = orders.o_custkey)"}]}, {"Node Type": "Index Scan", "Parent Relationship": "Inner", "Scan Direction": "Forward", "Index Name": "idx_lineitem_orderkey", "Relation Name": "lineitem", "Alias": "lineitem", "Startup Cost": 0.0, "Total Cost": 0.87, "Plan Rows": 9, "Plan Width": 16, "Index Cond": "(l_orderkey = orders.o_orderkey)"}]}]}]}]}, "Unique SQL Id": 1915754155, "Planner Runtime": 1}, "explain_analyze_plan": {"Plan": {"Node Type": "Limit", "Startup Cost": 2649029.8, "Total Cost": 2649030.05, "Plan Rows": 100, "Plan Width": 67, "Actual Startup Time": 54861.493, "Actual Total Time": 54861.508, "Actual Rows": 84, "Actual Loops": 1, "Plans": [{"Node Type": "Sort", "Parent Relationship": "Outer", "Startup Cost": 2649029.8, "Total Cost": 2649345.6, "Plan Rows": 100, "Plan Width": 67, "Actual Startup Time": 54861.49, "Actual Total Time": 54861.494, "Actual Rows": 84, "Actual Loops": 1, "Sort Key": ["orders.o_totalprice DESC", "orders.o_orderdate"], "Sort Method": "quicksort", "Sort Space Used": 38, "Sort Space Type": "Memory", "Plans": [{"Node Type": "Aggregate", "Strategy": "Hashed", "Parent Relationship": "Outer", "Startup Cost": 2642938.69, "Total Cost": 2644201.9, "Plan Rows": 126321, "Plan Width": 67, "Actual Startup Time": 54860.881, "Actual Total Time": 54861.367, "Actual Rows": 84, "Actual Loops": 1, "Group By Key": ["orders.o_totalprice", "orders.o_orderdate", "customer.c_name", "customer.c_custkey", "orders.o_orderkey"], "Plans": [{"Node Type": "Nested Loop", "Parent Relationship": "Outer", "Join Type": "Inner", "Startup Cost": 2315050.5, "Total Cost": 2641043.88, "Plan Rows": 126321, "Plan Width": 59, "Actual Startup Time": 49072.337, "Actual Total Time": 54858.992, "Actual Rows": 588, "Actual Loops": 1, "Inner Unique": false, "Plans": [{"Node Type": "Nested Loop", "Parent Relationship": "Outer", "Join Type": "Inner", "Startup Cost": 2315050.5, "Total Cost": 2627700.1, "Plan Rows": 13913, "Plan Width": 59, "Actual Startup Time": 49072.315, "Actual Total Time": 54856.844, "Actual Rows": 84, "Actual Loops": 1, "Inner Unique": true, "Plans": [{"Node Type": "Nested Loop", "Parent Relationship": "Outer", "Join Type": "Inner", "Startup Cost": 2315050.5, "Total Cost": 2618076.97, "Plan Rows": 33034, "Plan Width": 40, "Actual Startup Time": 49072.296, "Actual Total Time": 54855.643, "Actual Rows": 84, "Actual Loops": 1, "Inner Unique": true, "Plans": [{"Node Type": "Aggregate", "Strategy": "Hashed", "Parent Relationship": "Outer", "Startup Cost": 2315050.5, "Total Cost": 2381201.11, "Plan Rows": 33034, "Plan Width": 24, "Actual Startup Time": 49072.224, "Actual Total Time": 54835.622, "Actual Rows": 84, "Actual Loops": 1, "Group By Key": ["public.lineitem.l_orderkey"], "Filter": "(sum(public.lineitem.l_quantity) > 314::double precision), (LLVM Optimized, Jit Execute)", "Rows Removed by Filter": 14999916, "Plans": [{"Node Type": "Seq Scan", "Parent Relationship": "Outer", "Relation Name": "lineitem", "Alias": "lineitem", "Startup Cost": 0.0, "Total Cost": 2015115.33, "Plan Rows": 59987033, "Plan Width": 16, "Actual Startup Time": 0.051, "Actual Total Time": 20660.278, "Actual Rows": 59986052, "Actual Loops": 1}]}, {"Node Type": "Index Scan", "Parent Relationship": "Inner", "Scan Direction": "Forward", "Index Name": "orders_pkey", "Relation Name": "orders", "Alias": "orders", "Startup Cost": 0.0, "Total Cost": 7.15, "Plan Rows": 1, "Plan Width": 32, "Actual Startup Time": 2.649, "Actual Total Time": 2.649, "Actual Rows": 84, "Actual Loops": 84, "Index Cond": "(o_orderkey = public.lineitem.l_orderkey)", "Rows Removed by Index Recheck": 0}]}, {"Node Type": "Index Scan", "Parent Relationship": "Inner", "Scan Direction": "Forward", "Index Name": "customer_pkey", "Relation Name": "customer", "Alias": "customer", "Startup Cost": 0.0, "Total Cost": 0.28, "Plan Rows": 1, "Plan Width": 27, "Actual Startup Time": 0.851, "Actual Total Time": 0.851, "Actual Rows": 84, "Actual Loops": 84, "Index Cond": "(c_custkey = orders.o_custkey)", "Rows Removed by Index Recheck": 0}]}, {"Node Type": "Index Scan", "Parent Relationship": "Inner", "Scan Direction": "Forward", "Index Name": "idx_lineitem_orderkey", "Relation Name": "lineitem", "Alias": "lineitem", "Startup Cost": 0.0, "Total Cost": 0.87, "Plan Rows": 9, "Plan Width": 16, "Actual Startup Time": 1.215, "Actual Total Time": 1.721, "Actual Rows": 588, "Actual Loops": 84, "Index Cond": "(l_orderkey = orders.o_orderkey)", "Rows Removed by Index Recheck": 0}]}]}]}]}, "Triggers": [], "Planner Runtime": 2.136, "Total Runtime": 54871.674, "Unique SQL Id": 1915754155}}, "(64, '101')": {"explain_plan": {"Plan": {"Node Type": "Limit", "Startup Cost": 3874068.21, "Total Cost": 3874068.46, "Plan Rows": 100, "Plan Width": 67, "Plans": [{"Node Type": "Sort", "Parent Relationship": "Outer", "Startup Cost": 3874068.21, "Total Cost": 3874384.02, "Plan Rows": 100, "Plan Width": 67, "Sort Key": ["orders.o_totalprice DESC", "orders.o_orderdate"], "Plans": [{"Node Type": "Aggregate", "Strategy": "Hashed", "Parent Relationship": "Outer", "Startup Cost": 3867977.11, "Total Cost": 3869240.32, "Plan Rows": 126321, "Plan Width": 67, "Group By Key": ["orders.o_totalprice", "orders.o_orderdate", "customer.c_name", "customer.c_custkey", "orders.o_orderkey"], "Plans": [{"Node Type": "Nested Loop", "Parent Relationship": "Outer", "Join Type": "Inner", "Startup Cost": 3540088.91, "Total Cost": 3866082.29, "Plan Rows": 126321, "Plan Width": 59, "Inner Unique": false, "Plans": [{"Node Type": "Nested Loop", "Parent Relationship": "Outer", "Join Type": "Inner", "Startup Cost": 3540088.91, "Total Cost": 3852738.51, "Plan Rows": 13913, "Plan Width": 59, "Inner Unique": true, "Plans": [{"Node Type": "Nested Loop", "Parent Relationship": "Outer", "Join Type": "Inner", "Startup Cost": 3540088.91, "Total Cost": 3843115.38, "Plan Rows": 33034, "Plan Width": 40, "Inner Unique": true, "Plans": [{"Node Type": "Aggregate", "Strategy": "Hashed", "Parent Relationship": "Outer", "Startup Cost": 3540088.91, "Total Cost": 3606239.52, "Plan Rows": 33034, "Plan Width": 24, "Group By Key": ["public.lineitem.l_orderkey"], "Filter": "(sum(public.lineitem.l_quantity) > 314::double precision), (LLVM Optimized)", "Plans": [{"Node Type": "Index Scan", "Parent Relationship": "Outer", "Scan Direction": "Forward", "Index Name": "idx_lineitem_orderkey", "Relation Name": "lineitem", "Alias": "lineitem", "Startup Cost": 0.0, "Total Cost": 3240153.75, "Plan Rows": 59987033, "Plan Width": 16}]}, {"Node Type": "Index Scan", "Parent Relationship": "Inner", "Scan Direction": "Forward", "Index Name": "orders_pkey", "Relation Name": "orders", "Alias": "orders", "Startup Cost": 0.0, "Total Cost": 7.15, "Plan Rows": 1, "Plan Width": 32, "Index Cond": "(o_orderkey = public.lineitem.l_orderkey)"}]}, {"Node Type": "Index Scan", "Parent Relationship": "Inner", "Scan Direction": "Forward", "Index Name": "customer_pkey", "Relation Name": "customer", "Alias": "customer", "Startup Cost": 0.0, "Total Cost": 0.28, "Plan Rows": 1, "Plan Width": 27, "Index Cond": "(c_custkey = orders.o_custkey)"}]}, {"Node Type": "Index Scan", "Parent Relationship": "Inner", "Scan Direction": "Forward", "Index Name": "idx_lineitem_orderkey", "Relation Name": "lineitem", "Alias": "lineitem", "Startup Cost": 0.0, "Total Cost": 0.87, "Plan Rows": 9, "Plan Width": 16, "Index Cond": "(l_orderkey = orders.o_orderkey)"}]}]}]}]}, "Unique SQL Id": 1915754155, "Planner Runtime": 1}, "explain_analyze_plan": {"Plan": {"Node Type": "Limit", "Startup Cost": 3874068.21, "Total Cost": 3874068.46, "Plan Rows": 100, "Plan Width": 67, "Actual Startup Time": 78667.563, "Actual Total Time": 78667.58, "Actual Rows": 84, "Actual Loops": 1, "Plans": [{"Node Type": "Sort", "Parent Relationship": "Outer", "Startup Cost": 3874068.21, "Total Cost": 3874384.02, "Plan Rows": 100, "Plan Width": 67, "Actual Startup Time": 78667.561, "Actual Total Time": 78667.57, "Actual Rows": 84, "Actual Loops": 1, "Sort Key": ["orders.o_totalprice DESC", "orders.o_orderdate"], "Sort Method": "quicksort", "Sort Space Used": 38, "Sort Space Type": "Memory", "Plans": [{"Node Type": "Aggregate", "Strategy": "Hashed", "Parent Relationship": "Outer", "Startup Cost": 3867977.11, "Total Cost": 3869240.32, "Plan Rows": 126321, "Plan Width": 67, "Actual Startup Time": 78666.912, "Actual Total Time": 78667.456, "Actual Rows": 84, "Actual Loops": 1, "Group By Key": ["orders.o_totalprice", "orders.o_orderdate", "customer.c_name", "customer.c_custkey", "orders.o_orderkey"], "Plans": [{"Node Type": "Nested Loop", "Parent Relationship": "Outer", "Join Type": "Inner", "Startup Cost": 3540088.91, "Total Cost": 3866082.29, "Plan Rows": 126321, "Plan Width": 59, "Actual Startup Time": 71346.529, "Actual Total Time": 78665.231, "Actual Rows": 588, "Actual Loops": 1, "Inner Unique": false, "Plans": [{"Node Type": "Nested Loop", "Parent Relationship": "Outer", "Join Type": "Inner", "Startup Cost": 3540088.91, "Total Cost": 3852738.51, "Plan Rows": 13913, "Plan Width": 59, "Actual Startup Time": 71346.496, "Actual Total Time": 78662.632, "Actual Rows": 84, "Actual Loops": 1, "Inner Unique": true, "Plans": [{"Node Type": "Nested Loop", "Parent Relationship": "Outer", "Join Type": "Inner", "Startup Cost": 3540088.91, "Total Cost": 3843115.38, "Plan Rows": 33034, "Plan Width": 40, "Actual Startup Time": 71346.464, "Actual Total Time": 78660.834, "Actual Rows": 84, "Actual Loops": 1, "Inner Unique": true, "Plans": [{"Node Type": "Aggregate", "Strategy": "Hashed", "Parent Relationship": "Outer", "Startup Cost": 3540088.91, "Total Cost": 3606239.52, "Plan Rows": 33034, "Plan Width": 24, "Actual Startup Time": 71346.402, "Actual Total Time": 78640.855, "Actual Rows": 84, "Actual Loops": 1, "Group By Key": ["public.lineitem.l_orderkey"], "Filter": "(sum(public.lineitem.l_quantity) > 314::double precision), (LLVM Optimized, Jit Execute)", "Rows Removed by Filter": 14999916, "Plans": [{"Node Type": "Index Scan", "Parent Relationship": "Outer", "Scan Direction": "Forward", "Index Name": "idx_lineitem_orderkey", "Relation Name": "lineitem", "Alias": "lineitem", "Startup Cost": 0.0, "Total Cost": 3240153.75, "Plan Rows": 59987033, "Plan Width": 16, "Actual Startup Time": 0.07, "Actual Total Time": 42499.927, "Actual Rows": 59986052, "Actual Loops": 1}]}, {"Node Type": "Index Scan", "Parent Relationship": "Inner", "Scan Direction": "Forward", "Index Name": "orders_pkey", "Relation Name": "orders", "Alias": "orders", "Startup Cost": 0.0, "Total Cost": 7.15, "Plan Rows": 1, "Plan Width": 32, "Actual Startup Time": 2.739, "Actual Total Time": 2.739, "Actual Rows": 84, "Actual Loops": 84, "Index Cond": "(o_orderkey = public.lineitem.l_orderkey)", "Rows Removed by Index Recheck": 0}]}, {"Node Type": "Index Scan", "Parent Relationship": "Inner", "Scan Direction": "Forward", "Index Name": "customer_pkey", "Relation Name": "customer", "Alias": "customer", "Startup Cost": 0.0, "Total Cost": 0.28, "Plan Rows": 1, "Plan Width": 27, "Actual Startup Time": 1.301, "Actual Total Time": 1.301, "Actual Rows": 84, "Actual Loops": 84, "Index Cond": "(c_custkey = orders.o_custkey)", "Rows Removed by Index Recheck": 0}]}, {"Node Type": "Index Scan", "Parent Relationship": "Inner", "Scan Direction": "Forward", "Index Name": "idx_lineitem_orderkey", "Relation Name": "lineitem", "Alias": "lineitem", "Startup Cost": 0.0, "Total Cost": 0.87, "Plan Rows": 9, "Plan Width": 16, "Actual Startup Time": 1.627, "Actual Total Time": 2.06, "Actual Rows": 588, "Actual Loops": 84, "Index Cond": "(l_orderkey = orders.o_orderkey)", "Rows Removed by Index Recheck": 0}]}]}]}]}, "Triggers": [], "Planner Runtime": 2.114, "Total Runtime": 78676.91, "Unique SQL Id": 1915754155}}, "(64, '102')": {"explain_plan": {"Plan": {"Node Type": "Limit", "Startup Cost": 2768625.52, "Total Cost": 2768625.77, "Plan Rows": 100, "Plan Width": 67, "Plans": [{"Node Type": "Sort", "Parent Relationship": "Outer", "Startup Cost": 2768625.52, "Total Cost": 2768941.33, "Plan Rows": 100, "Plan Width": 67, "Sort Key": ["orders.o_totalprice DESC", "orders.o_orderdate"], "Plans": [{"Node Type": "Aggregate", "Strategy": "Hashed", "Parent Relationship": "Outer", "Startup Cost": 2762534.42, "Total Cost": 2763797.63, "Plan Rows": 126321, "Plan Width": 67, "Group By Key": ["orders.o_totalprice", "orders.o_orderdate", "customer.c_name", "customer.c_custkey", "orders.o_orderkey"], "Plans": [{"Node Type": "Nested Loop", "Parent Relationship": "Outer", "Join Type": "Inner", "Startup Cost": 2385930.24, "Total Cost": 2760639.6, "Plan Rows": 126321, "Plan Width": 59, "Inner Unique": false, "Plans": [{"Node Type": "Hash Join", "Parent Relationship": "Outer", "Join Type": "Inner", "Startup Cost": 2385929.86, "Total Cost": 2696863.45, "Plan Rows": 13913, "Plan Width": 59, "Inner Unique": true, "Hash Cond": "(orders.o_custkey = customer.c_custkey)", "Plans": [{"Node Type": "Nested Loop", "Parent Relationship": "Outer", "Join Type": "Inner", "Startup Cost": 2315053.86, "Total Cost": 2625533.23, "Plan Rows": 33034, "Plan Width": 40, "Inner Unique": true, "Plans": [{"Node Type": "Aggregate", "Strategy": "Hashed", "Parent Relationship": "Outer", "Startup Cost": 2315050.5, "Total Cost": 2381201.11, "Plan Rows": 33034, "Plan Width": 24, "Group By Key": ["public.lineitem.l_orderkey"], "Filter": "(sum(public.lineitem.l_quantity) > 314::double precision), (LLVM Optimized)", "Plans": [{"Node Type": "Seq Scan", "Parent Relationship": "Outer", "Relation Name": "lineitem", "Alias": "lineitem", "Startup Cost": 0.0, "Total Cost": 2015115.33, "Plan Rows": 59987033, "Plan Width": 16}]}, {"Node Type": "Bitmap Heap Scan", "Parent Relationship": "Inner", "Relation Name": "orders", "Alias": "orders", "Startup Cost": 3.36, "Total Cost": 7.38, "Plan Rows": 1, "Plan Width": 32, "Recheck Cond": "(o_orderkey = public.lineitem.l_orderkey)", "Plans": [{"Node Type": "Bitmap Index Scan", "Parent Relationship": "Outer", "Index Name": "orders_pkey", "Startup Cost": 0.0, "Total Cost": 3.36, "Plan Rows": 1, "Plan Width": 0, "Index Cond": "(o_orderkey = public.lineitem.l_orderkey)"}]}]}, {"Node Type": "Hash", "Parent Relationship": "Inner", "Startup Cost": 52126.0, "Total Cost": 52126.0, "Plan Rows": 1500000, "Plan Width": 27, "Plans": [{"Node Type": "Seq Scan", "Parent Relationship": "Outer", "Relation Name": "customer", "Alias": "customer", "Startup Cost": 0.0, "Total Cost": 52126.0, "Plan Rows": 1500000, "Plan Width": 27}]}]}, {"Node Type": "Bitmap Heap Scan", "Parent Relationship": "Inner", "Relation Name": "lineitem", "Alias": "lineitem", "Startup Cost": 0.38, "Total Cost": 4.49, "Plan Rows": 9, "Plan Width": 16, "Recheck Cond": "(l_orderkey = orders.o_orderkey)", "Plans": [{"Node Type": "Bitmap Index Scan", "Parent Relationship": "Outer", "Index Name": "idx_lineitem_orderkey", "Startup Cost": 0.0, "Total Cost": 0.38, "Plan Rows": 9, "Plan Width": 0, "Index Cond": "(l_orderkey = orders.o_orderkey)"}]}]}]}]}]}, "Unique SQL Id": 1915754155, "Planner Runtime": 1}, "explain_analyze_plan": {"Plan": {"Node Type": "Limit", "Startup Cost": 2768625.52, "Total Cost": 2768625.77, "Plan Rows": 100, "Plan Width": 67, "Actual Startup Time": 52986.061, "Actual Total Time": 52986.077, "Actual Rows": 84, "Actual Loops": 1, "Plans": [{"Node Type": "Sort", "Parent Relationship": "Outer", "Startup Cost": 2768625.52, "Total Cost": 2768941.33, "Plan Rows": 100, "Plan Width": 67, "Actual Startup Time": 52986.06, "Actual Total Time": 52986.069, "Actual Rows": 84, "Actual Loops": 1, "Sort Key": ["orders.o_totalprice DESC", "orders.o_orderdate"], "Sort Method": "quicksort", "Sort Space Used": 38, "Sort Space Type": "Memory", "Plans": [{"Node Type": "Aggregate", "Strategy": "Hashed", "Parent Relationship": "Outer", "Startup Cost": 2762534.42, "Total Cost": 2763797.63, "Plan Rows": 126321, "Plan Width": 67, "Actual Startup Time": 52985.597, "Actual Total Time": 52985.959, "Actual Rows": 84, "Actual Loops": 1, "Group By Key": ["orders.o_totalprice", "orders.o_orderdate", "customer.c_name", "customer.c_custkey", "orders.o_orderkey"], "Plans": [{"Node Type": "Nested Loop", "Parent Relationship": "Outer", "Join Type": "Inner", "Startup Cost": 2385930.24, "Total Cost": 2760639.6, "Plan Rows": 126321, "Plan Width": 59, "Actual Startup Time": 47937.22, "Actual Total Time": 52983.281, "Actual Rows": 588, "Actual Loops": 1, "Inner Unique": false, "Plans": [{"Node Type": "Hash Join", "Parent Relationship": "Outer", "Join Type": "Inner", "Startup Cost": 2385929.86, "Total Cost": 2696863.45, "Plan Rows": 13913, "Plan Width": 59, "Actual Startup Time": 47937.171, "Actual Total Time": 52960.029, "Actual Rows": 84, "Actual Loops": 1, "Inner Unique": true, "Hash Cond": "(orders.o_custkey = customer.c_custkey)", "Plans": [{"Node Type": "Nested Loop", "Parent Relationship": "Outer", "Join Type": "Inner", "Startup Cost": 2315053.86, "Total Cost": 2625533.23, "Plan Rows": 33034, "Plan Width": 40, "Actual Startup Time": 46843.007, "Actual Total Time": 51861.678, "Actual Rows": 84, "Actual Loops": 1, "Inner Unique": true, "Plans": [{"Node Type": "Aggregate", "Strategy": "Hashed", "Parent Relationship": "Outer", "Startup Cost": 2315050.5, "Total Cost": 2381201.11, "Plan Rows": 33034, "Plan Width": 24, "Actual Startup Time": 46842.884, "Actual Total Time": 51843.325, "Actual Rows": 84, "Actual Loops": 1, "Group By Key": ["public.lineitem.l_orderkey"], "Filter": "(sum(public.lineitem.l_quantity) > 314::double precision), (LLVM Optimized, Jit Execute)", "Rows Removed by Filter": 14999916, "Plans": [{"Node Type": "Seq Scan", "Parent Relationship": "Outer", "Relation Name": "lineitem", "Alias": "lineitem", "Startup Cost": 0.0, "Total Cost": 2015115.33, "Plan Rows": 59987033, "Plan Width": 16, "Actual Startup Time": 0.033, "Actual Total Time": 20311.421, "Actual Rows": 59986052, "Actual Loops": 1}]}, {"Node Type": "Bitmap Heap Scan", "Parent Relationship": "Inner", "Relation Name": "orders", "Alias": "orders", "Startup Cost": 3.36, "Total Cost": 7.38, "Plan Rows": 1, "Plan Width": 32, "Actual Startup Time": 3.61, "Actual Total Time": 3.61, "Actual Rows": 84, "Actual Loops": 84, "Recheck Cond": "(o_orderkey = public.lineitem.l_orderkey)", "Rows Removed by Index Recheck": 0, "Exact Heap Blocks": 84, "Lossy Heap Blocks": 84, "Plans": [{"Node Type": "Bitmap Index Scan", "Parent Relationship": "Outer", "Index Name": "orders_pkey", "Startup Cost": 0.0, "Total Cost": 3.36, "Plan Rows": 1, "Plan Width": 0, "Actual Startup Time": 2.351, "Actual Total Time": 2.351, "Actual Rows": 84, "Actual Loops": 84, "Index Cond": "(o_orderkey = public.lineitem.l_orderkey)"}]}]}, {"Node Type": "Hash", "Parent Relationship": "Inner", "Startup Cost": 52126.0, "Total Cost": 52126.0, "Plan Rows": 1500000, "Plan Width": 27, "Actual Startup Time": 1092.602, "Actual Total Time": 1092.602, "Actual Rows": 1500000, "Actual Loops": 1, "Hash Buckets": 2097152, "Hash Batches": 1, "Original Hash Batches": 1, "Peak Memory Usage": 93750, "Plans": [{"Node Type": "Seq Scan", "Parent Relationship": "Outer", "Relation Name": "customer", "Alias": "customer", "Startup Cost": 0.0, "Total Cost": 52126.0, "Plan Rows": 1500000, "Plan Width": 27, "Actual Startup Time": 0.029, "Actual Total Time": 587.14, "Actual Rows": 1500000, "Actual Loops": 1}]}]}, {"Node Type": "Bitmap Heap Scan", "Parent Relationship": "Inner", "Relation Name": "lineitem", "Alias": "lineitem", "Startup Cost": 0.38, "Total Cost": 4.49, "Plan Rows": 9, "Plan Width": 16, "Actual Startup Time": 1.943, "Actual Total Time": 2.103, "Actual Rows": 588, "Actual Loops": 84, "Recheck Cond": "(l_orderkey = orders.o_orderkey)", "Rows Removed by Index Recheck": 0, "Exact Heap Blocks": 96, "Lossy Heap Blocks": 96, "Plans": [{"Node Type": "Bitmap Index Scan", "Parent Relationship": "Outer", "Index Name": "idx_lineitem_orderkey", "Startup Cost": 0.0, "Total Cost": 0.38, "Plan Rows": 9, "Plan Width": 0, "Actual Startup Time": 1.193, "Actual Total Time": 1.193, "Actual Rows": 588, "Actual Loops": 84, "Index Cond": "(l_orderkey = orders.o_orderkey)"}]}]}]}]}]}, "Triggers": [], "Planner Runtime": 2.066, "Total Runtime": 52995.547, "Unique SQL Id": 1915754155}}, "(64, '103')": {"explain_plan": {"Plan": {"Node Type": "Limit", "Startup Cost": 1000324838994.8, "Total Cost": 1000324838995.05, "Plan Rows": 100, "Plan Width": 67, "Plans": [{"Node Type": "Sort", "Parent Relationship": "Outer", "Startup Cost": 1000324838994.8, "Total Cost": 1000324839310.61, "Plan Rows": 100, "Plan Width": 67, "Sort Key": ["orders.o_totalprice DESC", "orders.o_orderdate"], "Plans": [{"Node Type": "Aggregate", "Strategy": "Hashed", "Parent Relationship": "Outer", "Startup Cost": 1000324832903.7, "Total Cost": 1000324834166.91, "Plan Rows": 126321, "Plan Width": 67, "Group By Key": ["orders.o_totalprice", "orders.o_orderdate", "customer.c_name", "customer.c_custkey", "orders.o_orderkey"], "Plans": [{"Node Type": "Nested Loop", "Parent Relationship": "Outer", "Join Type": "Inner", "Startup Cost": 1000324315313.67, "Total Cost": 1000324831008.88, "Plan Rows": 126321, "Plan Width": 59, "Inner Unique": false, "Plans": [{"Node Type": "Nested Loop", "Parent Relationship": "Outer", "Join Type": "Inner", "Startup Cost": 1000324315313.29, "Total Cost": 1000324767232.73, "Plan Rows": 13913, "Plan Width": 59, "Inner Unique": true, "Plans": [{"Node Type": "Nested Loop", "Parent Relationship": "Outer", "Join Type": "Inner", "Startup Cost": 1000324315313.03, "Total Cost": 1000324625792.4, "Plan Rows": 33034, "Plan Width": 40, "Inner Unique": true, "Plans": [{"Node Type": "Aggregate", "Strategy": "Hashed", "Parent Relationship": "Outer", "Startup Cost": 1000324315309.67, "Total Cost": 1000324381460.28, "Plan Rows": 33034, "Plan Width": 24, "Group By Key": ["public.lineitem.l_orderkey"], "Filter": "(sum(public.lineitem.l_quantity) > 314::double precision), (LLVM Optimized)", "Plans": [{"Node Type": "Index Scan", "Parent Relationship": "Outer", "Scan Direction": "Forward", "Index Name": "idx_lineitem_orderkey", "Relation Name": "lineitem", "Alias": "lineitem", "Startup Cost": 10000000000.0, "Total Cost": 1000324015374.5, "Plan Rows": 59987033, "Plan Width": 16}]}, {"Node Type": "Bitmap Heap Scan", "Parent Relationship": "Inner", "Relation Name": "orders", "Alias": "orders", "Startup Cost": 3.36, "Total Cost": 7.38, "Plan Rows": 1, "Plan Width": 32, "Recheck Cond": "(o_orderkey = public.lineitem.l_orderkey)", "Plans": [{"Node Type": "Bitmap Index Scan", "Parent Relationship": "Outer", "Index Name": "orders_pkey", "Startup Cost": 0.0, "Total Cost": 3.36, "Plan Rows": 1, "Plan Width": 0, "Index Cond": "(o_orderkey = public.lineitem.l_orderkey)"}]}]}, {"Node Type": "Bitmap Heap Scan", "Parent Relationship": "Inner", "Relation Name": "customer", "Alias": "customer", "Startup Cost": 0.26, "Total Cost": 4.27, "Plan Rows": 1, "Plan Width": 27, "Recheck Cond": "(c_custkey = orders.o_custkey)", "Plans": [{"Node Type": "Bitmap Index Scan", "Parent Relationship": "Outer", "Index Name": "customer_pkey", "Startup Cost": 0.0, "Total Cost": 0.26, "Plan Rows": 1, "Plan Width": 0, "Index Cond": "(c_custkey = orders.o_custkey)"}]}]}, {"Node Type": "Bitmap Heap Scan", "Parent Relationship": "Inner", "Relation Name": "lineitem", "Alias": "lineitem", "Startup Cost": 0.38, "Total Cost": 4.49, "Plan Rows": 9, "Plan Width": 16, "Recheck Cond": "(l_orderkey = orders.o_orderkey)", "Plans": [{"Node Type": "Bitmap Index Scan", "Parent Relationship": "Outer", "Index Name": "idx_lineitem_orderkey", "Startup Cost": 0.0, "Total Cost": 0.38, "Plan Rows": 9, "Plan Width": 0, "Index Cond": "(l_orderkey = orders.o_orderkey)"}]}]}]}]}]}, "Unique SQL Id": 1915754155, "Planner Runtime": 1}, "explain_analyze_plan": {"Plan": {"Node Type": "Limit", "Startup Cost": 1000324838994.8, "Total Cost": 1000324838995.05, "Plan Rows": 100, "Plan Width": 67, "Actual Startup Time": 80249.492, "Actual Total Time": 80249.51, "Actual Rows": 84, "Actual Loops": 1, "Plans": [{"Node Type": "Sort", "Parent Relationship": "Outer", "Startup Cost": 1000324838994.8, "Total Cost": 1000324839310.61, "Plan Rows": 100, "Plan Width": 67, "Actual Startup Time": 80249.49, "Actual Total Time": 80249.501, "Actual Rows": 84, "Actual Loops": 1, "Sort Key": ["orders.o_totalprice DESC", "orders.o_orderdate"], "Sort Method": "quicksort", "Sort Space Used": 38, "Sort Space Type": "Memory", "Plans": [{"Node Type": "Aggregate", "Strategy": "Hashed", "Parent Relationship": "Outer", "Startup Cost": 1000324832903.7, "Total Cost": 1000324834166.91, "Plan Rows": 126321, "Plan Width": 67, "Actual Startup Time": 80249.1, "Actual Total Time": 80249.389, "Actual Rows": 84, "Actual Loops": 1, "Group By Key": ["orders.o_totalprice", "orders.o_orderdate", "customer.c_name", "customer.c_custkey", "orders.o_orderkey"], "Plans": [{"Node Type": "Nested Loop", "Parent Relationship": "Outer", "Join Type": "Inner", "Startup Cost": 1000324315313.67, "Total Cost": 1000324831008.88, "Plan Rows": 126321, "Plan Width": 59, "Actual Startup Time": 73111.745, "Actual Total Time": 80247.199, "Actual Rows": 588, "Actual Loops": 1, "Inner Unique": false, "Plans": [{"Node Type": "Nested Loop", "Parent Relationship": "Outer", "Join Type": "Inner", "Startup Cost": 1000324315313.29, "Total Cost": 1000324767232.73, "Plan Rows": 13913, "Plan Width": 59, "Actual Startup Time": 73111.701, "Actual Total Time": 80244.173, "Actual Rows": 84, "Actual Loops": 1, "Inner Unique": true, "Plans": [{"Node Type": "Nested Loop", "Parent Relationship": "Outer", "Join Type": "Inner", "Startup Cost": 1000324315313.03, "Total Cost": 1000324625792.4, "Plan Rows": 33034, "Plan Width": 40, "Actual Startup Time": 73111.642, "Actual Total Time": 80242.091, "Actual Rows": 84, "Actual Loops": 1, "Inner Unique": true, "Plans": [{"Node Type": "Aggregate", "Strategy": "Hashed", "Parent Relationship": "Outer", "Startup Cost": 1000324315309.67, "Total Cost": 1000324381460.28, "Plan Rows": 33034, "Plan Width": 24, "Actual Startup Time": 73111.524, "Actual Total Time": 80223.033, "Actual Rows": 84, "Actual Loops": 1, "Group By Key": ["public.lineitem.l_orderkey"], "Filter": "(sum(public.lineitem.l_quantity) > 314::double precision), (LLVM Optimized, Jit Execute)", "Rows Removed by Filter": 14999916, "Plans": [{"Node Type": "Index Scan", "Parent Relationship": "Outer", "Scan Direction": "Forward", "Index Name": "idx_lineitem_orderkey", "Relation Name": "lineitem", "Alias": "lineitem", "Startup Cost": 10000000000.0, "Total Cost": 1000324015374.5, "Plan Rows": 59987033, "Plan Width": 16, "Actual Startup Time": 0.063, "Actual Total Time": 44361.768, "Actual Rows": 59986052, "Actual Loops": 1}]}, {"Node Type": "Bitmap Heap Scan", "Parent Relationship": "Inner", "Relation Name": "orders", "Alias": "orders", "Startup Cost": 3.36, "Total Cost": 7.38, "Plan Rows": 1, "Plan Width": 32, "Actual Startup Time": 3.64, "Actual Total Time": 3.64, "Actual Rows": 84, "Actual Loops": 84, "Recheck Cond": "(o_orderkey = public.lineitem.l_orderkey)", "Rows Removed by Index Recheck": 0, "Exact Heap Blocks": 84, "Lossy Heap Blocks": 84, "Plans": [{"Node Type": "Bitmap Index Scan", "Parent Relationship": "Outer", "Index Name": "orders_pkey", "Startup Cost": 0.0, "Total Cost": 3.36, "Plan Rows": 1, "Plan Width": 0, "Actual Startup Time": 2.402, "Actual Total Time": 2.402, "Actual Rows": 84, "Actual Loops": 84, "Index Cond": "(o_orderkey = public.lineitem.l_orderkey)"}]}]}, {"Node Type": "Bitmap Heap Scan", "Parent Relationship": "Inner", "Relation Name": "customer", "Alias": "customer", "Startup Cost": 0.26, "Total Cost": 4.27, "Plan Rows": 1, "Plan Width": 27, "Actual Startup Time": 1.455, "Actual Total Time": 1.455, "Actual Rows": 84, "Actual Loops": 84, "Recheck Cond": "(c_custkey = orders.o_custkey)", "Rows Removed by Index Recheck": 0, "Exact Heap Blocks": 84, "Lossy Heap Blocks": 84, "Plans": [{"Node Type": "Bitmap Index Scan", "Parent Relationship": "Outer", "Index Name": "customer_pkey", "Startup Cost": 0.0, "Total Cost": 0.26, "Plan Rows": 1, "Plan Width": 0, "Actual Startup Time": 0.897, "Actual Total Time": 0.897, "Actual Rows": 84, "Actual Loops": 84, "Index Cond": "(c_custkey = orders.o_custkey)"}]}]}, {"Node Type": "Bitmap Heap Scan", "Parent Relationship": "Inner", "Relation Name": "lineitem", "Alias": "lineitem", "Startup Cost": 0.38, "Total Cost": 4.49, "Plan Rows": 9, "Plan Width": 16, "Actual Startup Time": 2.054, "Actual Total Time": 2.216, "Actual Rows": 588, "Actual Loops": 84, "Recheck Cond": "(l_orderkey = orders.o_orderkey)", "Rows Removed by Index Recheck": 0, "Exact Heap Blocks": 96, "Lossy Heap Blocks": 96, "Plans": [{"Node Type": "Bitmap Index Scan", "Parent Relationship": "Outer", "Index Name": "idx_lineitem_orderkey", "Startup Cost": 0.0, "Total Cost": 0.38, "Plan Rows": 9, "Plan Width": 0, "Actual Startup Time": 1.268, "Actual Total Time": 1.268, "Actual Rows": 588, "Actual Loops": 84, "Index Cond": "(l_orderkey = orders.o_orderkey)"}]}]}]}]}]}, "Triggers": [], "Planner Runtime": 1.823, "Total Runtime": 80258.843, "Unique SQL Id": 1915754155}}, "(64, '104')": {"explain_plan": {"Plan": {"Node Type": "Limit", "Startup Cost": 2649029.8, "Total Cost": 2649030.05, "Plan Rows": 100, "Plan Width": 67, "Plans": [{"Node Type": "Sort", "Parent Relationship": "Outer", "Startup Cost": 2649029.8, "Total Cost": 2649345.6, "Plan Rows": 100, "Plan Width": 67, "Sort Key": ["orders.o_totalprice DESC", "orders.o_orderdate"], "Plans": [{"Node Type": "Aggregate", "Strategy": "Hashed", "Parent Relationship": "Outer", "Startup Cost": 2642938.69, "Total Cost": 2644201.9, "Plan Rows": 126321, "Plan Width": 67, "Group By Key": ["orders.o_totalprice", "orders.o_orderdate", "customer.c_name", "customer.c_custkey", "orders.o_orderkey"], "Plans": [{"Node Type": "Nested Loop", "Parent Relationship": "Outer", "Join Type": "Inner", "Startup Cost": 2315050.5, "Total Cost": 2641043.88, "Plan Rows": 126321, "Plan Width": 59, "Inner Unique": false, "Plans": [{"Node Type": "Nested Loop", "Parent Relationship": "Outer", "Join Type": "Inner", "Startup Cost": 2315050.5, "Total Cost": 2627700.1, "Plan Rows": 13913, "Plan Width": 59, "Inner Unique": true, "Plans": [{"Node Type": "Nested Loop", "Parent Relationship": "Outer", "Join Type": "Inner", "Startup Cost": 2315050.5, "Total Cost": 2618076.97, "Plan Rows": 33034, "Plan Width": 40, "Inner Unique": true, "Plans": [{"Node Type": "Aggregate", "Strategy": "Hashed", "Parent Relationship": "Outer", "Startup Cost": 2315050.5, "Total Cost": 2381201.11, "Plan Rows": 33034, "Plan Width": 24, "Group By Key": ["public.lineitem.l_orderkey"], "Filter": "(sum(public.lineitem.l_quantity) > 314::double precision), (LLVM Optimized)", "Plans": [{"Node Type": "Seq Scan", "Parent Relationship": "Outer", "Relation Name": "lineitem", "Alias": "lineitem", "Startup Cost": 0.0, "Total Cost": 2015115.33, "Plan Rows": 59987033, "Plan Width": 16}]}, {"Node Type": "Index Scan", "Parent Relationship": "Inner", "Scan Direction": "Forward", "Index Name": "orders_pkey", "Relation Name": "orders", "Alias": "orders", "Startup Cost": 0.0, "Total Cost": 7.15, "Plan Rows": 1, "Plan Width": 32, "Index Cond": "(o_orderkey = public.lineitem.l_orderkey)"}]}, {"Node Type": "Index Scan", "Parent Relationship": "Inner", "Scan Direction": "Forward", "Index Name": "customer_pkey", "Relation Name": "customer", "Alias": "customer", "Startup Cost": 0.0, "Total Cost": 0.28, "Plan Rows": 1, "Plan Width": 27, "Index Cond": "(c_custkey = orders.o_custkey)"}]}, {"Node Type": "Index Scan", "Parent Relationship": "Inner", "Scan Direction": "Forward", "Index Name": "idx_lineitem_orderkey", "Relation Name": "lineitem", "Alias": "lineitem", "Startup Cost": 0.0, "Total Cost": 0.87, "Plan Rows": 9, "Plan Width": 16, "Index Cond": "(l_orderkey = orders.o_orderkey)"}]}]}]}]}, "Unique SQL Id": 1915754155, "Planner Runtime": 1}, "explain_analyze_plan": {"Plan": {"Node Type": "Limit", "Startup Cost": 2649029.8, "Total Cost": 2649030.05, "Plan Rows": 100, "Plan Width": 67, "Actual Startup Time": 54861.493, "Actual Total Time": 54861.508, "Actual Rows": 84, "Actual Loops": 1, "Plans": [{"Node Type": "Sort", "Parent Relationship": "Outer", "Startup Cost": 2649029.8, "Total Cost": 2649345.6, "Plan Rows": 100, "Plan Width": 67, "Actual Startup Time": 54861.49, "Actual Total Time": 54861.494, "Actual Rows": 84, "Actual Loops": 1, "Sort Key": ["orders.o_totalprice DESC", "orders.o_orderdate"], "Sort Method": "quicksort", "Sort Space Used": 38, "Sort Space Type": "Memory", "Plans": [{"Node Type": "Aggregate", "Strategy": "Hashed", "Parent Relationship": "Outer", "Startup Cost": 2642938.69, "Total Cost": 2644201.9, "Plan Rows": 126321, "Plan Width": 67, "Actual Startup Time": 54860.881, "Actual Total Time": 54861.367, "Actual Rows": 84, "Actual Loops": 1, "Group By Key": ["orders.o_totalprice", "orders.o_orderdate", "customer.c_name", "customer.c_custkey", "orders.o_orderkey"], "Plans": [{"Node Type": "Nested Loop", "Parent Relationship": "Outer", "Join Type": "Inner", "Startup Cost": 2315050.5, "Total Cost": 2641043.88, "Plan Rows": 126321, "Plan Width": 59, "Actual Startup Time": 49072.337, "Actual Total Time": 54858.992, "Actual Rows": 588, "Actual Loops": 1, "Inner Unique": false, "Plans": [{"Node Type": "Nested Loop", "Parent Relationship": "Outer", "Join Type": "Inner", "Startup Cost": 2315050.5, "Total Cost": 2627700.1, "Plan Rows": 13913, "Plan Width": 59, "Actual Startup Time": 49072.315, "Actual Total Time": 54856.844, "Actual Rows": 84, "Actual Loops": 1, "Inner Unique": true, "Plans": [{"Node Type": "Nested Loop", "Parent Relationship": "Outer", "Join Type": "Inner", "Startup Cost": 2315050.5, "Total Cost": 2618076.97, "Plan Rows": 33034, "Plan Width": 40, "Actual Startup Time": 49072.296, "Actual Total Time": 54855.643, "Actual Rows": 84, "Actual Loops": 1, "Inner Unique": true, "Plans": [{"Node Type": "Aggregate", "Strategy": "Hashed", "Parent Relationship": "Outer", "Startup Cost": 2315050.5, "Total Cost": 2381201.11, "Plan Rows": 33034, "Plan Width": 24, "Actual Startup Time": 49072.224, "Actual Total Time": 54835.622, "Actual Rows": 84, "Actual Loops": 1, "Group By Key": ["public.lineitem.l_orderkey"], "Filter": "(sum(public.lineitem.l_quantity) > 314::double precision), (LLVM Optimized, Jit Execute)", "Rows Removed by Filter": 14999916, "Plans": [{"Node Type": "Seq Scan", "Parent Relationship": "Outer", "Relation Name": "lineitem", "Alias": "lineitem", "Startup Cost": 0.0, "Total Cost": 2015115.33, "Plan Rows": 59987033, "Plan Width": 16, "Actual Startup Time": 0.051, "Actual Total Time": 20660.278, "Actual Rows": 59986052, "Actual Loops": 1}]}, {"Node Type": "Index Scan", "Parent Relationship": "Inner", "Scan Direction": "Forward", "Index Name": "orders_pkey", "Relation Name": "orders", "Alias": "orders", "Startup Cost": 0.0, "Total Cost": 7.15, "Plan Rows": 1, "Plan Width": 32, "Actual Startup Time": 2.649, "Actual Total Time": 2.649, "Actual Rows": 84, "Actual Loops": 84, "Index Cond": "(o_orderkey = public.lineitem.l_orderkey)", "Rows Removed by Index Recheck": 0}]}, {"Node Type": "Index Scan", "Parent Relationship": "Inner", "Scan Direction": "Forward", "Index Name": "customer_pkey", "Relation Name": "customer", "Alias": "customer", "Startup Cost": 0.0, "Total Cost": 0.28, "Plan Rows": 1, "Plan Width": 27, "Actual Startup Time": 0.851, "Actual Total Time": 0.851, "Actual Rows": 84, "Actual Loops": 84, "Index Cond": "(c_custkey = orders.o_custkey)", "Rows Removed by Index Recheck": 0}]}, {"Node Type": "Index Scan", "Parent Relationship": "Inner", "Scan Direction": "Forward", "Index Name": "idx_lineitem_orderkey", "Relation Name": "lineitem", "Alias": "lineitem", "Startup Cost": 0.0, "Total Cost": 0.87, "Plan Rows": 9, "Plan Width": 16, "Actual Startup Time": 1.215, "Actual Total Time": 1.721, "Actual Rows": 588, "Actual Loops": 84, "Index Cond": "(l_orderkey = orders.o_orderkey)", "Rows Removed by Index Recheck": 0}]}]}]}]}, "Triggers": [], "Planner Runtime": 2.136, "Total Runtime": 54871.674, "Unique SQL Id": 1915754155}}, "(64, '105')": {"explain_plan": {"Plan": {"Node Type": "Limit", "Startup Cost": 3874068.21, "Total Cost": 3874068.46, "Plan Rows": 100, "Plan Width": 67, "Plans": [{"Node Type": "Sort", "Parent Relationship": "Outer", "Startup Cost": 3874068.21, "Total Cost": 3874384.02, "Plan Rows": 100, "Plan Width": 67, "Sort Key": ["orders.o_totalprice DESC", "orders.o_orderdate"], "Plans": [{"Node Type": "Aggregate", "Strategy": "Hashed", "Parent Relationship": "Outer", "Startup Cost": 3867977.11, "Total Cost": 3869240.32, "Plan Rows": 126321, "Plan Width": 67, "Group By Key": ["orders.o_totalprice", "orders.o_orderdate", "customer.c_name", "customer.c_custkey", "orders.o_orderkey"], "Plans": [{"Node Type": "Nested Loop", "Parent Relationship": "Outer", "Join Type": "Inner", "Startup Cost": 3540088.91, "Total Cost": 3866082.29, "Plan Rows": 126321, "Plan Width": 59, "Inner Unique": false, "Plans": [{"Node Type": "Nested Loop", "Parent Relationship": "Outer", "Join Type": "Inner", "Startup Cost": 3540088.91, "Total Cost": 3852738.51, "Plan Rows": 13913, "Plan Width": 59, "Inner Unique": true, "Plans": [{"Node Type": "Nested Loop", "Parent Relationship": "Outer", "Join Type": "Inner", "Startup Cost": 3540088.91, "Total Cost": 3843115.38, "Plan Rows": 33034, "Plan Width": 40, "Inner Unique": true, "Plans": [{"Node Type": "Aggregate", "Strategy": "Hashed", "Parent Relationship": "Outer", "Startup Cost": 3540088.91, "Total Cost": 3606239.52, "Plan Rows": 33034, "Plan Width": 24, "Group By Key": ["public.lineitem.l_orderkey"], "Filter": "(sum(public.lineitem.l_quantity) > 314::double precision), (LLVM Optimized)", "Plans": [{"Node Type": "Index Scan", "Parent Relationship": "Outer", "Scan Direction": "Forward", "Index Name": "idx_lineitem_orderkey", "Relation Name": "lineitem", "Alias": "lineitem", "Startup Cost": 0.0, "Total Cost": 3240153.75, "Plan Rows": 59987033, "Plan Width": 16}]}, {"Node Type": "Index Scan", "Parent Relationship": "Inner", "Scan Direction": "Forward", "Index Name": "orders_pkey", "Relation Name": "orders", "Alias": "orders", "Startup Cost": 0.0, "Total Cost": 7.15, "Plan Rows": 1, "Plan Width": 32, "Index Cond": "(o_orderkey = public.lineitem.l_orderkey)"}]}, {"Node Type": "Index Scan", "Parent Relationship": "Inner", "Scan Direction": "Forward", "Index Name": "customer_pkey", "Relation Name": "customer", "Alias": "customer", "Startup Cost": 0.0, "Total Cost": 0.28, "Plan Rows": 1, "Plan Width": 27, "Index Cond": "(c_custkey = orders.o_custkey)"}]}, {"Node Type": "Index Scan", "Parent Relationship": "Inner", "Scan Direction": "Forward", "Index Name": "idx_lineitem_orderkey", "Relation Name": "lineitem", "Alias": "lineitem", "Startup Cost": 0.0, "Total Cost": 0.87, "Plan Rows": 9, "Plan Width": 16, "Index Cond": "(l_orderkey = orders.o_orderkey)"}]}]}]}]}, "Unique SQL Id": 1915754155, "Planner Runtime": 1}, "explain_analyze_plan": {"Plan": {"Node Type": "Limit", "Startup Cost": 3874068.21, "Total Cost": 3874068.46, "Plan Rows": 100, "Plan Width": 67, "Actual Startup Time": 78667.563, "Actual Total Time": 78667.58, "Actual Rows": 84, "Actual Loops": 1, "Plans": [{"Node Type": "Sort", "Parent Relationship": "Outer", "Startup Cost": 3874068.21, "Total Cost": 3874384.02, "Plan Rows": 100, "Plan Width": 67, "Actual Startup Time": 78667.561, "Actual Total Time": 78667.57, "Actual Rows": 84, "Actual Loops": 1, "Sort Key": ["orders.o_totalprice DESC", "orders.o_orderdate"], "Sort Method": "quicksort", "Sort Space Used": 38, "Sort Space Type": "Memory", "Plans": [{"Node Type": "Aggregate", "Strategy": "Hashed", "Parent Relationship": "Outer", "Startup Cost": 3867977.11, "Total Cost": 3869240.32, "Plan Rows": 126321, "Plan Width": 67, "Actual Startup Time": 78666.912, "Actual Total Time": 78667.456, "Actual Rows": 84, "Actual Loops": 1, "Group By Key": ["orders.o_totalprice", "orders.o_orderdate", "customer.c_name", "customer.c_custkey", "orders.o_orderkey"], "Plans": [{"Node Type": "Nested Loop", "Parent Relationship": "Outer", "Join Type": "Inner", "Startup Cost": 3540088.91, "Total Cost": 3866082.29, "Plan Rows": 126321, "Plan Width": 59, "Actual Startup Time": 71346.529, "Actual Total Time": 78665.231, "Actual Rows": 588, "Actual Loops": 1, "Inner Unique": false, "Plans": [{"Node Type": "Nested Loop", "Parent Relationship": "Outer", "Join Type": "Inner", "Startup Cost": 3540088.91, "Total Cost": 3852738.51, "Plan Rows": 13913, "Plan Width": 59, "Actual Startup Time": 71346.496, "Actual Total Time": 78662.632, "Actual Rows": 84, "Actual Loops": 1, "Inner Unique": true, "Plans": [{"Node Type": "Nested Loop", "Parent Relationship": "Outer", "Join Type": "Inner", "Startup Cost": 3540088.91, "Total Cost": 3843115.38, "Plan Rows": 33034, "Plan Width": 40, "Actual Startup Time": 71346.464, "Actual Total Time": 78660.834, "Actual Rows": 84, "Actual Loops": 1, "Inner Unique": true, "Plans": [{"Node Type": "Aggregate", "Strategy": "Hashed", "Parent Relationship": "Outer", "Startup Cost": 3540088.91, "Total Cost": 3606239.52, "Plan Rows": 33034, "Plan Width": 24, "Actual Startup Time": 71346.402, "Actual Total Time": 78640.855, "Actual Rows": 84, "Actual Loops": 1, "Group By Key": ["public.lineitem.l_orderkey"], "Filter": "(sum(public.lineitem.l_quantity) > 314::double precision), (LLVM Optimized, Jit Execute)", "Rows Removed by Filter": 14999916, "Plans": [{"Node Type": "Index Scan", "Parent Relationship": "Outer", "Scan Direction": "Forward", "Index Name": "idx_lineitem_orderkey", "Relation Name": "lineitem", "Alias": "lineitem", "Startup Cost": 0.0, "Total Cost": 3240153.75, "Plan Rows": 59987033, "Plan Width": 16, "Actual Startup Time": 0.07, "Actual Total Time": 42499.927, "Actual Rows": 59986052, "Actual Loops": 1}]}, {"Node Type": "Index Scan", "Parent Relationship": "Inner", "Scan Direction": "Forward", "Index Name": "orders_pkey", "Relation Name": "orders", "Alias": "orders", "Startup Cost": 0.0, "Total Cost": 7.15, "Plan Rows": 1, "Plan Width": 32, "Actual Startup Time": 2.739, "Actual Total Time": 2.739, "Actual Rows": 84, "Actual Loops": 84, "Index Cond": "(o_orderkey = public.lineitem.l_orderkey)", "Rows Removed by Index Recheck": 0}]}, {"Node Type": "Index Scan", "Parent Relationship": "Inner", "Scan Direction": "Forward", "Index Name": "customer_pkey", "Relation Name": "customer", "Alias": "customer", "Startup Cost": 0.0, "Total Cost": 0.28, "Plan Rows": 1, "Plan Width": 27, "Actual Startup Time": 1.301, "Actual Total Time": 1.301, "Actual Rows": 84, "Actual Loops": 84, "Index Cond": "(c_custkey = orders.o_custkey)", "Rows Removed by Index Recheck": 0}]}, {"Node Type": "Index Scan", "Parent Relationship": "Inner", "Scan Direction": "Forward", "Index Name": "idx_lineitem_orderkey", "Relation Name": "lineitem", "Alias": "lineitem", "Startup Cost": 0.0, "Total Cost": 0.87, "Plan Rows": 9, "Plan Width": 16, "Actual Startup Time": 1.627, "Actual Total Time": 2.06, "Actual Rows": 588, "Actual Loops": 84, "Index Cond": "(l_orderkey = orders.o_orderkey)", "Rows Removed by Index Recheck": 0}]}]}]}]}, "Triggers": [], "Planner Runtime": 2.114, "Total Runtime": 78676.91, "Unique SQL Id": 1915754155}}, "(64, '106')": {"explain_plan": {"Plan": {"Node Type": "Limit", "Startup Cost": 5166300.38, "Total Cost": 5166300.63, "Plan Rows": 100, "Plan Width": 67, "Plans": [{"Node Type": "Sort", "Parent Relationship": "Outer", "Startup Cost": 5166300.38, "Total Cost": 5166616.18, "Plan Rows": 100, "Plan Width": 67, "Sort Key": ["orders.o_totalprice DESC", "orders.o_orderdate"], "Plans": [{"Node Type": "Aggregate", "Strategy": "Hashed", "Parent Relationship": "Outer", "Startup Cost": 5160209.27, "Total Cost": 5161472.48, "Plan Rows": 126321, "Plan Width": 67, "Group By Key": ["orders.o_totalprice", "orders.o_orderdate", "customer.c_name", "customer.c_custkey", "orders.o_orderkey"], "Plans": [{"Node Type": "Hash Join", "Parent Relationship": "Outer", "Join Type": "Inner", "Startup Cost": 2917691.33, "Total Cost": 5158314.46, "Plan Rows": 126321, "Plan Width": 59, "Inner Unique": false, "Hash Cond": "(public.lineitem.l_orderkey = orders.o_orderkey), (LLVM Optimized)", "Plans": [{"Node Type": "Seq Scan", "Parent Relationship": "Outer", "Relation Name": "lineitem", "Alias": "lineitem", "Startup Cost": 0.0, "Total Cost": 2015115.33, "Plan Rows": 59987033, "Plan Width": 16}, {"Node Type": "Hash", "Parent Relationship": "Inner", "Startup Cost": 2917517.42, "Total Cost": 2917517.42, "Plan Rows": 13913, "Plan Width": 59, "Plans": [{"Node Type": "Hash Join", "Parent Relationship": "Outer", "Join Type": "Inner", "Startup Cost": 2452820.37, "Total Cost": 2917517.42, "Plan Rows": 13913, "Plan Width": 59, "Inner Unique": true, "Hash Cond": "(orders.o_custkey = customer.c_custkey)", "Plans": [{"Node Type": "Hash Join", "Parent Relationship": "Outer", "Join Type": "Inner", "Startup Cost": 2381944.37, "Total Cost": 2846187.2, "Plan Rows": 33034, "Plan Width": 40, "Inner Unique": true, "Hash Cond": "(orders.o_orderkey = public.lineitem.l_orderkey)", "Plans": [{"Node Type": "Seq Scan", "Parent Relationship": "Outer", "Relation Name": "orders", "Alias": "orders", "Startup Cost": 0.0, "Total Cost": 426413.79, "Plan Rows": 14999479, "Plan Width": 32}, {"Node Type": "Hash", "Parent Relationship": "Inner", "Startup Cost": 2381531.45, "Total Cost": 2381531.45, "Plan Rows": 33034, "Plan Width": 8, "Plans": [{"Node Type": "Aggregate", "Strategy": "Hashed", "Parent Relationship": "Outer", "Startup Cost": 2315050.5, "Total Cost": 2381201.11, "Plan Rows": 33034, "Plan Width": 24, "Group By Key": ["public.lineitem.l_orderkey"], "Filter": "(sum(public.lineitem.l_quantity) > 314::double precision), (LLVM Optimized)", "Plans": [{"Node Type": "Seq Scan", "Parent Relationship": "Outer", "Relation Name": "lineitem", "Alias": "lineitem", "Startup Cost": 0.0, "Total Cost": 2015115.33, "Plan Rows": 59987033, "Plan Width": 16}]}]}]}, {"Node Type": "Hash", "Parent Relationship": "Inner", "Startup Cost": 52126.0, "Total Cost": 52126.0, "Plan Rows": 1500000, "Plan Width": 27, "Plans": [{"Node Type": "Seq Scan", "Parent Relationship": "Outer", "Relation Name": "customer", "Alias": "customer", "Startup Cost": 0.0, "Total Cost": 52126.0, "Plan Rows": 1500000, "Plan Width": 27}]}]}]}]}]}]}]}, "Unique SQL Id": 1915754155, "Planner Runtime": 1}, "explain_analyze_plan": {"Plan": {"Node Type": "Limit", "Startup Cost": 5166300.38, "Total Cost": 5166300.63, "Plan Rows": 100, "Plan Width": 67, "Actual Startup Time": 87758.089, "Actual Total Time": 87758.105, "Actual Rows": 84, "Actual Loops": 1, "Plans": [{"Node Type": "Sort", "Parent Relationship": "Outer", "Startup Cost": 5166300.38, "Total Cost": 5166616.18, "Plan Rows": 100, "Plan Width": 67, "Actual Startup Time": 87758.086, "Actual Total Time": 87758.093, "Actual Rows": 84, "Actual Loops": 1, "Sort Key": ["orders.o_totalprice DESC", "orders.o_orderdate"], "Sort Method": "quicksort", "Sort Space Used": 38, "Sort Space Type": "Memory", "Plans": [{"Node Type": "Aggregate", "Strategy": "Hashed", "Parent Relationship": "Outer", "Startup Cost": 5160209.27, "Total Cost": 5161472.48, "Plan Rows": 126321, "Plan Width": 67, "Actual Startup Time": 87757.697, "Actual Total Time": 87757.964, "Actual Rows": 84, "Actual Loops": 1, "Group By Key": ["orders.o_totalprice", "orders.o_orderdate", "customer.c_name", "customer.c_custkey", "orders.o_orderkey"], "Plans": [{"Node Type": "Hash Join", "Parent Relationship": "Outer", "Join Type": "Inner", "Startup Cost": 2917691.33, "Total Cost": 5158314.46, "Plan Rows": 126321, "Plan Width": 59, "Actual Startup Time": 61442.015, "Actual Total Time": 87754.55, "Actual Rows": 588, "Actual Loops": 1, "Inner Unique": false, "Hash Cond": "(public.lineitem.l_orderkey = orders.o_orderkey), (LLVM Optimized, Jit Execute)", "Plans": [{"Node Type": "Seq Scan", "Parent Relationship": "Outer", "Relation Name": "lineitem", "Alias": "lineitem", "Startup Cost": 0.0, "Total Cost": 2015115.33, "Plan Rows": 59987033, "Plan Width": 16, "Actual Startup Time": 0.026, "Actual Total Time": 16730.65, "Actual Rows": 59986052, "Actual Loops": 1}, {"Node Type": "Hash", "Parent Relationship": "Inner", "Startup Cost": 2917517.42, "Total Cost": 2917517.42, "Plan Rows": 13913, "Plan Width": 59, "Actual Startup Time": 60869.861, "Actual Total Time": 60869.861, "Actual Rows": 84, "Actual Loops": 1, "Hash Buckets": 32768, "Hash Batches": 1, "Original Hash Batches": 1, "Peak Memory Usage": 8, "Plans": [{"Node Type": "Hash Join", "Parent Relationship": "Outer", "Join Type": "Inner", "Startup Cost": 2452820.37, "Total Cost": 2917517.42, "Plan Rows": 13913, "Plan Width": 59, "Actual Startup Time": 54230.749, "Actual Total Time": 60869.52, "Actual Rows": 84, "Actual Loops": 1, "Inner Unique": true, "Hash Cond": "(orders.o_custkey = customer.c_custkey)", "Plans": [{"Node Type": "Hash Join", "Parent Relationship": "Outer", "Join Type": "Inner", "Startup Cost": 2381944.37, "Total Cost": 2846187.2, "Plan Rows": 33034, "Plan Width": 40, "Actual Startup Time": 53234.503, "Actual Total Time": 59871.886, "Actual Rows": 84, "Actual Loops": 1, "Inner Unique": true, "Hash Cond": "(orders.o_orderkey = public.lineitem.l_orderkey)", "Plans": [{"Node Type": "Seq Scan", "Parent Relationship": "Outer", "Relation Name": "orders", "Alias": "orders", "Startup Cost": 0.0, "Total Cost": 426413.79, "Plan Rows": 14999479, "Plan Width": 32, "Actual Startup Time": 0.018, "Actual Total Time": 3849.952, "Actual Rows": 15000000, "Actual Loops": 1}, {"Node Type": "Hash", "Parent Relationship": "Inner", "Startup Cost": 2381531.45, "Total Cost": 2381531.45, "Plan Rows": 33034, "Plan Width": 8, "Actual Startup Time": 53079.015, "Actual Total Time": 53079.015, "Actual Rows": 84, "Actual Loops": 1, "Hash Buckets": 65536, "Hash Batches": 1, "Original Hash Batches": 1, "Peak Memory Usage": 4, "Plans": [{"Node Type": "Aggregate", "Strategy": "Hashed", "Parent Relationship": "Outer", "Startup Cost": 2315050.5, "Total Cost": 2381201.11, "Plan Rows": 33034, "Plan Width": 24, "Actual Startup Time": 47520.717, "Actual Total Time": 53078.557, "Actual Rows": 84, "Actual Loops": 1, "Group By Key": ["public.lineitem.l_orderkey"], "Filter": "(sum(public.lineitem.l_quantity) > 314::double precision), (LLVM Optimized, Jit Execute)", "Rows Removed by Filter": 14999916, "Plans": [{"Node Type": "Seq Scan", "Parent Relationship": "Outer", "Relation Name": "lineitem", "Alias": "lineitem", "Startup Cost": 0.0, "Total Cost": 2015115.33, "Plan Rows": 59987033, "Plan Width": 16, "Actual Startup Time": 0.041, "Actual Total Time": 20439.116, "Actual Rows": 59986052, "Actual Loops": 1}]}]}]}, {"Node Type": "Hash", "Parent Relationship": "Inner", "Startup Cost": 52126.0, "Total Cost": 52126.0, "Plan Rows": 1500000, "Plan Width": 27, "Actual Startup Time": 994.951, "Actual Total Time": 994.951, "Actual Rows": 1500000, "Actual Loops": 1, "Hash Buckets": 2097152, "Hash Batches": 1, "Original Hash Batches": 1, "Peak Memory Usage": 93750, "Plans": [{"Node Type": "Seq Scan", "Parent Relationship": "Outer", "Relation Name": "customer", "Alias": "customer", "Startup Cost": 0.0, "Total Cost": 52126.0, "Plan Rows": 1500000, "Plan Width": 27, "Actual Startup Time": 0.022, "Actual Total Time": 519.702, "Actual Rows": 1500000, "Actual Loops": 1}]}]}]}]}]}]}]}, "Triggers": [], "Planner Runtime": 2.255, "Total Runtime": 87768.282, "Unique SQL Id": 1915754155}}, "(64, '107')": {"explain_plan": {"Plan": {"Node Type": "Limit", "Startup Cost": 4000729862658.05, "Total Cost": 4000729862658.3, "Plan Rows": 100, "Plan Width": 67, "Plans": [{"Node Type": "Sort", "Parent Relationship": "Outer", "Startup Cost": 4000729862658.05, "Total Cost": 4000729862973.86, "Plan Rows": 100, "Plan Width": 67, "Sort Key": ["orders.o_totalprice DESC", "orders.o_orderdate"], "Plans": [{"Node Type": "Aggregate", "Strategy": "Hashed", "Parent Relationship": "Outer", "Startup Cost": 4000729856566.94, "Total Cost": 4000729857830.15, "Plan Rows": 126321, "Plan Width": 67, "Group By Key": ["orders.o_totalprice", "orders.o_orderdate", "customer.c_name", "customer.c_custkey", "orders.o_orderkey"], "Plans": [{"Node Type": "Hash Join", "Parent Relationship": "Outer", "Join Type": "Inner", "Startup Cost": 3010405613789.84, "Total Cost": 4000729854672.13, "Plan Rows": 126321, "Plan Width": 59, "Inner Unique": false, "Hash Cond": "(public.lineitem.l_orderkey = orders.o_orderkey), (LLVM Optimized)", "Plans": [{"Node Type": "Index Scan", "Parent Relationship": "Outer", "Scan Direction": "Forward", "Index Name": "idx_lineitem_orderkey", "Relation Name": "lineitem", "Alias": "lineitem", "Startup Cost": 10000000000.0, "Total Cost": 1000324015374.5, "Plan Rows": 59987033, "Plan Width": 16}, {"Node Type": "Hash", "Parent Relationship": "Inner", "Startup Cost": 3000405613615.92, "Total Cost": 3000405613615.92, "Plan Rows": 13913, "Plan Width": 59, "Plans": [{"Node Type": "Hash Join", "Parent Relationship": "Outer", "Join Type": "Inner", "Startup Cost": 2010332477489.17, "Total Cost": 3000405613615.92, "Plan Rows": 13913, "Plan Width": 59, "Inner Unique": true, "Hash Cond": "(orders.o_custkey = customer.c_custkey)", "Plans": [{"Node Type": "Hash Join", "Parent Relationship": "Outer", "Join Type": "Inner", "Startup Cost": 1010324382203.55, "Total Cost": 2000397517876.08, "Plan Rows": 33034, "Plan Width": 40, "Inner Unique": true, "Hash Cond": "(orders.o_orderkey = public.lineitem.l_orderkey)", "Plans": [{"Node Type": "Index Scan", "Parent Relationship": "Outer", "Scan Direction": "Forward", "Index Name": "orders_pkey", "Relation Name": "orders", "Alias": "orders", "Startup Cost": 10000000000.0, "Total Cost": 1000073097843.5, "Plan Rows": 14999479, "Plan Width": 32}, {"Node Type": "Hash", "Parent Relationship": "Inner", "Startup Cost": 1000324381790.62, "Total Cost": 1000324381790.62, "Plan Rows": 33034, "Plan Width": 8, "Plans": [{"Node Type": "Aggregate", "Strategy": "Hashed", "Parent Relationship": "Outer", "Startup Cost": 1000324315309.67, "Total Cost": 1000324381460.28, "Plan Rows": 33034, "Plan Width": 24, "Group By Key": ["public.lineitem.l_orderkey"], "Filter": "(sum(public.lineitem.l_quantity) > 314::double precision), (LLVM Optimized)", "Plans": [{"Node Type": "Index Scan", "Parent Relationship": "Outer", "Scan Direction": "Forward", "Index Name": "idx_lineitem_orderkey", "Relation Name": "lineitem", "Alias": "lineitem", "Startup Cost": 10000000000.0, "Total Cost": 1000324015374.5, "Plan Rows": 59987033, "Plan Width": 16}]}]}]}, {"Node Type": "Hash", "Parent Relationship": "Inner", "Startup Cost": 1000008076535.62, "Total Cost": 1000008076535.62, "Plan Rows": 1500000, "Plan Width": 27, "Plans": [{"Node Type": "Index Scan", "Parent Relationship": "Outer", "Scan Direction": "Forward", "Index Name": "customer_pkey", "Relation Name": "customer", "Alias": "customer", "Startup Cost": 10000000000.0, "Total Cost": 1000008076535.62, "Plan Rows": 1500000, "Plan Width": 27}]}]}]}]}]}]}]}, "Unique SQL Id": 1915754155, "Planner Runtime": 1}, "explain_analyze_plan": null}, "(64, '108')": {"explain_plan": {"Plan": {"Node Type": "Limit", "Startup Cost": 2649029.8, "Total Cost": 2649030.05, "Plan Rows": 100, "Plan Width": 67, "Plans": [{"Node Type": "Sort", "Parent Relationship": "Outer", "Startup Cost": 2649029.8, "Total Cost": 2649345.6, "Plan Rows": 100, "Plan Width": 67, "Sort Key": ["orders.o_totalprice DESC", "orders.o_orderdate"], "Plans": [{"Node Type": "Aggregate", "Strategy": "Hashed", "Parent Relationship": "Outer", "Startup Cost": 2642938.69, "Total Cost": 2644201.9, "Plan Rows": 126321, "Plan Width": 67, "Group By Key": ["orders.o_totalprice", "orders.o_orderdate", "customer.c_name", "customer.c_custkey", "orders.o_orderkey"], "Plans": [{"Node Type": "Nested Loop", "Parent Relationship": "Outer", "Join Type": "Inner", "Startup Cost": 2315050.5, "Total Cost": 2641043.88, "Plan Rows": 126321, "Plan Width": 59, "Inner Unique": false, "Plans": [{"Node Type": "Nested Loop", "Parent Relationship": "Outer", "Join Type": "Inner", "Startup Cost": 2315050.5, "Total Cost": 2627700.1, "Plan Rows": 13913, "Plan Width": 59, "Inner Unique": true, "Plans": [{"Node Type": "Nested Loop", "Parent Relationship": "Outer", "Join Type": "Inner", "Startup Cost": 2315050.5, "Total Cost": 2618076.97, "Plan Rows": 33034, "Plan Width": 40, "Inner Unique": true, "Plans": [{"Node Type": "Aggregate", "Strategy": "Hashed", "Parent Relationship": "Outer", "Startup Cost": 2315050.5, "Total Cost": 2381201.11, "Plan Rows": 33034, "Plan Width": 24, "Group By Key": ["public.lineitem.l_orderkey"], "Filter": "(sum(public.lineitem.l_quantity) > 314::double precision), (LLVM Optimized)", "Plans": [{"Node Type": "Seq Scan", "Parent Relationship": "Outer", "Relation Name": "lineitem", "Alias": "lineitem", "Startup Cost": 0.0, "Total Cost": 2015115.33, "Plan Rows": 59987033, "Plan Width": 16}]}, {"Node Type": "Index Scan", "Parent Relationship": "Inner", "Scan Direction": "Forward", "Index Name": "orders_pkey", "Relation Name": "orders", "Alias": "orders", "Startup Cost": 0.0, "Total Cost": 7.15, "Plan Rows": 1, "Plan Width": 32, "Index Cond": "(o_orderkey = public.lineitem.l_orderkey)"}]}, {"Node Type": "Index Scan", "Parent Relationship": "Inner", "Scan Direction": "Forward", "Index Name": "customer_pkey", "Relation Name": "customer", "Alias": "customer", "Startup Cost": 0.0, "Total Cost": 0.28, "Plan Rows": 1, "Plan Width": 27, "Index Cond": "(c_custkey = orders.o_custkey)"}]}, {"Node Type": "Index Scan", "Parent Relationship": "Inner", "Scan Direction": "Forward", "Index Name": "idx_lineitem_orderkey", "Relation Name": "lineitem", "Alias": "lineitem", "Startup Cost": 0.0, "Total Cost": 0.87, "Plan Rows": 9, "Plan Width": 16, "Index Cond": "(l_orderkey = orders.o_orderkey)"}]}]}]}]}, "Unique SQL Id": 1915754155, "Planner Runtime": 1}, "explain_analyze_plan": {"Plan": {"Node Type": "Limit", "Startup Cost": 2649029.8, "Total Cost": 2649030.05, "Plan Rows": 100, "Plan Width": 67, "Actual Startup Time": 54861.493, "Actual Total Time": 54861.508, "Actual Rows": 84, "Actual Loops": 1, "Plans": [{"Node Type": "Sort", "Parent Relationship": "Outer", "Startup Cost": 2649029.8, "Total Cost": 2649345.6, "Plan Rows": 100, "Plan Width": 67, "Actual Startup Time": 54861.49, "Actual Total Time": 54861.494, "Actual Rows": 84, "Actual Loops": 1, "Sort Key": ["orders.o_totalprice DESC", "orders.o_orderdate"], "Sort Method": "quicksort", "Sort Space Used": 38, "Sort Space Type": "Memory", "Plans": [{"Node Type": "Aggregate", "Strategy": "Hashed", "Parent Relationship": "Outer", "Startup Cost": 2642938.69, "Total Cost": 2644201.9, "Plan Rows": 126321, "Plan Width": 67, "Actual Startup Time": 54860.881, "Actual Total Time": 54861.367, "Actual Rows": 84, "Actual Loops": 1, "Group By Key": ["orders.o_totalprice", "orders.o_orderdate", "customer.c_name", "customer.c_custkey", "orders.o_orderkey"], "Plans": [{"Node Type": "Nested Loop", "Parent Relationship": "Outer", "Join Type": "Inner", "Startup Cost": 2315050.5, "Total Cost": 2641043.88, "Plan Rows": 126321, "Plan Width": 59, "Actual Startup Time": 49072.337, "Actual Total Time": 54858.992, "Actual Rows": 588, "Actual Loops": 1, "Inner Unique": false, "Plans": [{"Node Type": "Nested Loop", "Parent Relationship": "Outer", "Join Type": "Inner", "Startup Cost": 2315050.5, "Total Cost": 2627700.1, "Plan Rows": 13913, "Plan Width": 59, "Actual Startup Time": 49072.315, "Actual Total Time": 54856.844, "Actual Rows": 84, "Actual Loops": 1, "Inner Unique": true, "Plans": [{"Node Type": "Nested Loop", "Parent Relationship": "Outer", "Join Type": "Inner", "Startup Cost": 2315050.5, "Total Cost": 2618076.97, "Plan Rows": 33034, "Plan Width": 40, "Actual Startup Time": 49072.296, "Actual Total Time": 54855.643, "Actual Rows": 84, "Actual Loops": 1, "Inner Unique": true, "Plans": [{"Node Type": "Aggregate", "Strategy": "Hashed", "Parent Relationship": "Outer", "Startup Cost": 2315050.5, "Total Cost": 2381201.11, "Plan Rows": 33034, "Plan Width": 24, "Actual Startup Time": 49072.224, "Actual Total Time": 54835.622, "Actual Rows": 84, "Actual Loops": 1, "Group By Key": ["public.lineitem.l_orderkey"], "Filter": "(sum(public.lineitem.l_quantity) > 314::double precision), (LLVM Optimized, Jit Execute)", "Rows Removed by Filter": 14999916, "Plans": [{"Node Type": "Seq Scan", "Parent Relationship": "Outer", "Relation Name": "lineitem", "Alias": "lineitem", "Startup Cost": 0.0, "Total Cost": 2015115.33, "Plan Rows": 59987033, "Plan Width": 16, "Actual Startup Time": 0.051, "Actual Total Time": 20660.278, "Actual Rows": 59986052, "Actual Loops": 1}]}, {"Node Type": "Index Scan", "Parent Relationship": "Inner", "Scan Direction": "Forward", "Index Name": "orders_pkey", "Relation Name": "orders", "Alias": "orders", "Startup Cost": 0.0, "Total Cost": 7.15, "Plan Rows": 1, "Plan Width": 32, "Actual Startup Time": 2.649, "Actual Total Time": 2.649, "Actual Rows": 84, "Actual Loops": 84, "Index Cond": "(o_orderkey = public.lineitem.l_orderkey)", "Rows Removed by Index Recheck": 0}]}, {"Node Type": "Index Scan", "Parent Relationship": "Inner", "Scan Direction": "Forward", "Index Name": "customer_pkey", "Relation Name": "customer", "Alias": "customer", "Startup Cost": 0.0, "Total Cost": 0.28, "Plan Rows": 1, "Plan Width": 27, "Actual Startup Time": 0.851, "Actual Total Time": 0.851, "Actual Rows": 84, "Actual Loops": 84, "Index Cond": "(c_custkey = orders.o_custkey)", "Rows Removed by Index Recheck": 0}]}, {"Node Type": "Index Scan", "Parent Relationship": "Inner", "Scan Direction": "Forward", "Index Name": "idx_lineitem_orderkey", "Relation Name": "lineitem", "Alias": "lineitem", "Startup Cost": 0.0, "Total Cost": 0.87, "Plan Rows": 9, "Plan Width": 16, "Actual Startup Time": 1.215, "Actual Total Time": 1.721, "Actual Rows": 588, "Actual Loops": 84, "Index Cond": "(l_orderkey = orders.o_orderkey)", "Rows Removed by Index Recheck": 0}]}]}]}]}, "Triggers": [], "Planner Runtime": 2.136, "Total Runtime": 54871.674, "Unique SQL Id": 1915754155}}, "(64, '109')": {"explain_plan": {"Plan": {"Node Type": "Limit", "Startup Cost": 3874068.21, "Total Cost": 3874068.46, "Plan Rows": 100, "Plan Width": 67, "Plans": [{"Node Type": "Sort", "Parent Relationship": "Outer", "Startup Cost": 3874068.21, "Total Cost": 3874384.02, "Plan Rows": 100, "Plan Width": 67, "Sort Key": ["orders.o_totalprice DESC", "orders.o_orderdate"], "Plans": [{"Node Type": "Aggregate", "Strategy": "Hashed", "Parent Relationship": "Outer", "Startup Cost": 3867977.11, "Total Cost": 3869240.32, "Plan Rows": 126321, "Plan Width": 67, "Group By Key": ["orders.o_totalprice", "orders.o_orderdate", "customer.c_name", "customer.c_custkey", "orders.o_orderkey"], "Plans": [{"Node Type": "Nested Loop", "Parent Relationship": "Outer", "Join Type": "Inner", "Startup Cost": 3540088.91, "Total Cost": 3866082.29, "Plan Rows": 126321, "Plan Width": 59, "Inner Unique": false, "Plans": [{"Node Type": "Nested Loop", "Parent Relationship": "Outer", "Join Type": "Inner", "Startup Cost": 3540088.91, "Total Cost": 3852738.51, "Plan Rows": 13913, "Plan Width": 59, "Inner Unique": true, "Plans": [{"Node Type": "Nested Loop", "Parent Relationship": "Outer", "Join Type": "Inner", "Startup Cost": 3540088.91, "Total Cost": 3843115.38, "Plan Rows": 33034, "Plan Width": 40, "Inner Unique": true, "Plans": [{"Node Type": "Aggregate", "Strategy": "Hashed", "Parent Relationship": "Outer", "Startup Cost": 3540088.91, "Total Cost": 3606239.52, "Plan Rows": 33034, "Plan Width": 24, "Group By Key": ["public.lineitem.l_orderkey"], "Filter": "(sum(public.lineitem.l_quantity) > 314::double precision), (LLVM Optimized)", "Plans": [{"Node Type": "Index Scan", "Parent Relationship": "Outer", "Scan Direction": "Forward", "Index Name": "idx_lineitem_orderkey", "Relation Name": "lineitem", "Alias": "lineitem", "Startup Cost": 0.0, "Total Cost": 3240153.75, "Plan Rows": 59987033, "Plan Width": 16}]}, {"Node Type": "Index Scan", "Parent Relationship": "Inner", "Scan Direction": "Forward", "Index Name": "orders_pkey", "Relation Name": "orders", "Alias": "orders", "Startup Cost": 0.0, "Total Cost": 7.15, "Plan Rows": 1, "Plan Width": 32, "Index Cond": "(o_orderkey = public.lineitem.l_orderkey)"}]}, {"Node Type": "Index Scan", "Parent Relationship": "Inner", "Scan Direction": "Forward", "Index Name": "customer_pkey", "Relation Name": "customer", "Alias": "customer", "Startup Cost": 0.0, "Total Cost": 0.28, "Plan Rows": 1, "Plan Width": 27, "Index Cond": "(c_custkey = orders.o_custkey)"}]}, {"Node Type": "Index Scan", "Parent Relationship": "Inner", "Scan Direction": "Forward", "Index Name": "idx_lineitem_orderkey", "Relation Name": "lineitem", "Alias": "lineitem", "Startup Cost": 0.0, "Total Cost": 0.87, "Plan Rows": 9, "Plan Width": 16, "Index Cond": "(l_orderkey = orders.o_orderkey)"}]}]}]}]}, "Unique SQL Id": 1915754155, "Planner Runtime": 1}, "explain_analyze_plan": {"Plan": {"Node Type": "Limit", "Startup Cost": 3874068.21, "Total Cost": 3874068.46, "Plan Rows": 100, "Plan Width": 67, "Actual Startup Time": 78667.563, "Actual Total Time": 78667.58, "Actual Rows": 84, "Actual Loops": 1, "Plans": [{"Node Type": "Sort", "Parent Relationship": "Outer", "Startup Cost": 3874068.21, "Total Cost": 3874384.02, "Plan Rows": 100, "Plan Width": 67, "Actual Startup Time": 78667.561, "Actual Total Time": 78667.57, "Actual Rows": 84, "Actual Loops": 1, "Sort Key": ["orders.o_totalprice DESC", "orders.o_orderdate"], "Sort Method": "quicksort", "Sort Space Used": 38, "Sort Space Type": "Memory", "Plans": [{"Node Type": "Aggregate", "Strategy": "Hashed", "Parent Relationship": "Outer", "Startup Cost": 3867977.11, "Total Cost": 3869240.32, "Plan Rows": 126321, "Plan Width": 67, "Actual Startup Time": 78666.912, "Actual Total Time": 78667.456, "Actual Rows": 84, "Actual Loops": 1, "Group By Key": ["orders.o_totalprice", "orders.o_orderdate", "customer.c_name", "customer.c_custkey", "orders.o_orderkey"], "Plans": [{"Node Type": "Nested Loop", "Parent Relationship": "Outer", "Join Type": "Inner", "Startup Cost": 3540088.91, "Total Cost": 3866082.29, "Plan Rows": 126321, "Plan Width": 59, "Actual Startup Time": 71346.529, "Actual Total Time": 78665.231, "Actual Rows": 588, "Actual Loops": 1, "Inner Unique": false, "Plans": [{"Node Type": "Nested Loop", "Parent Relationship": "Outer", "Join Type": "Inner", "Startup Cost": 3540088.91, "Total Cost": 3852738.51, "Plan Rows": 13913, "Plan Width": 59, "Actual Startup Time": 71346.496, "Actual Total Time": 78662.632, "Actual Rows": 84, "Actual Loops": 1, "Inner Unique": true, "Plans": [{"Node Type": "Nested Loop", "Parent Relationship": "Outer", "Join Type": "Inner", "Startup Cost": 3540088.91, "Total Cost": 3843115.38, "Plan Rows": 33034, "Plan Width": 40, "Actual Startup Time": 71346.464, "Actual Total Time": 78660.834, "Actual Rows": 84, "Actual Loops": 1, "Inner Unique": true, "Plans": [{"Node Type": "Aggregate", "Strategy": "Hashed", "Parent Relationship": "Outer", "Startup Cost": 3540088.91, "Total Cost": 3606239.52, "Plan Rows": 33034, "Plan Width": 24, "Actual Startup Time": 71346.402, "Actual Total Time": 78640.855, "Actual Rows": 84, "Actual Loops": 1, "Group By Key": ["public.lineitem.l_orderkey"], "Filter": "(sum(public.lineitem.l_quantity) > 314::double precision), (LLVM Optimized, Jit Execute)", "Rows Removed by Filter": 14999916, "Plans": [{"Node Type": "Index Scan", "Parent Relationship": "Outer", "Scan Direction": "Forward", "Index Name": "idx_lineitem_orderkey", "Relation Name": "lineitem", "Alias": "lineitem", "Startup Cost": 0.0, "Total Cost": 3240153.75, "Plan Rows": 59987033, "Plan Width": 16, "Actual Startup Time": 0.07, "Actual Total Time": 42499.927, "Actual Rows": 59986052, "Actual Loops": 1}]}, {"Node Type": "Index Scan", "Parent Relationship": "Inner", "Scan Direction": "Forward", "Index Name": "orders_pkey", "Relation Name": "orders", "Alias": "orders", "Startup Cost": 0.0, "Total Cost": 7.15, "Plan Rows": 1, "Plan Width": 32, "Actual Startup Time": 2.739, "Actual Total Time": 2.739, "Actual Rows": 84, "Actual Loops": 84, "Index Cond": "(o_orderkey = public.lineitem.l_orderkey)", "Rows Removed by Index Recheck": 0}]}, {"Node Type": "Index Scan", "Parent Relationship": "Inner", "Scan Direction": "Forward", "Index Name": "customer_pkey", "Relation Name": "customer", "Alias": "customer", "Startup Cost": 0.0, "Total Cost": 0.28, "Plan Rows": 1, "Plan Width": 27, "Actual Startup Time": 1.301, "Actual Total Time": 1.301, "Actual Rows": 84, "Actual Loops": 84, "Index Cond": "(c_custkey = orders.o_custkey)", "Rows Removed by Index Recheck": 0}]}, {"Node Type": "Index Scan", "Parent Relationship": "Inner", "Scan Direction": "Forward", "Index Name": "idx_lineitem_orderkey", "Relation Name": "lineitem", "Alias": "lineitem", "Startup Cost": 0.0, "Total Cost": 0.87, "Plan Rows": 9, "Plan Width": 16, "Actual Startup Time": 1.627, "Actual Total Time": 2.06, "Actual Rows": 588, "Actual Loops": 84, "Index Cond": "(l_orderkey = orders.o_orderkey)", "Rows Removed by Index Recheck": 0}]}]}]}]}, "Triggers": [], "Planner Runtime": 2.114, "Total Runtime": 78676.91, "Unique SQL Id": 1915754155}}, "(64, '110')": {"explain_plan": {"Plan": {"Node Type": "Limit", "Startup Cost": 5166300.38, "Total Cost": 5166300.63, "Plan Rows": 100, "Plan Width": 67, "Plans": [{"Node Type": "Sort", "Parent Relationship": "Outer", "Startup Cost": 5166300.38, "Total Cost": 5166616.18, "Plan Rows": 100, "Plan Width": 67, "Sort Key": ["orders.o_totalprice DESC", "orders.o_orderdate"], "Plans": [{"Node Type": "Aggregate", "Strategy": "Hashed", "Parent Relationship": "Outer", "Startup Cost": 5160209.27, "Total Cost": 5161472.48, "Plan Rows": 126321, "Plan Width": 67, "Group By Key": ["orders.o_totalprice", "orders.o_orderdate", "customer.c_name", "customer.c_custkey", "orders.o_orderkey"], "Plans": [{"Node Type": "Hash Join", "Parent Relationship": "Outer", "Join Type": "Inner", "Startup Cost": 2917691.33, "Total Cost": 5158314.46, "Plan Rows": 126321, "Plan Width": 59, "Inner Unique": false, "Hash Cond": "(public.lineitem.l_orderkey = orders.o_orderkey), (LLVM Optimized)", "Plans": [{"Node Type": "Seq Scan", "Parent Relationship": "Outer", "Relation Name": "lineitem", "Alias": "lineitem", "Startup Cost": 0.0, "Total Cost": 2015115.33, "Plan Rows": 59987033, "Plan Width": 16}, {"Node Type": "Hash", "Parent Relationship": "Inner", "Startup Cost": 2917517.42, "Total Cost": 2917517.42, "Plan Rows": 13913, "Plan Width": 59, "Plans": [{"Node Type": "Hash Join", "Parent Relationship": "Outer", "Join Type": "Inner", "Startup Cost": 2452820.37, "Total Cost": 2917517.42, "Plan Rows": 13913, "Plan Width": 59, "Inner Unique": true, "Hash Cond": "(orders.o_custkey = customer.c_custkey)", "Plans": [{"Node Type": "Hash Join", "Parent Relationship": "Outer", "Join Type": "Inner", "Startup Cost": 2381944.37, "Total Cost": 2846187.2, "Plan Rows": 33034, "Plan Width": 40, "Inner Unique": true, "Hash Cond": "(orders.o_orderkey = public.lineitem.l_orderkey)", "Plans": [{"Node Type": "Seq Scan", "Parent Relationship": "Outer", "Relation Name": "orders", "Alias": "orders", "Startup Cost": 0.0, "Total Cost": 426413.79, "Plan Rows": 14999479, "Plan Width": 32}, {"Node Type": "Hash", "Parent Relationship": "Inner", "Startup Cost": 2381531.45, "Total Cost": 2381531.45, "Plan Rows": 33034, "Plan Width": 8, "Plans": [{"Node Type": "Aggregate", "Strategy": "Hashed", "Parent Relationship": "Outer", "Startup Cost": 2315050.5, "Total Cost": 2381201.11, "Plan Rows": 33034, "Plan Width": 24, "Group By Key": ["public.lineitem.l_orderkey"], "Filter": "(sum(public.lineitem.l_quantity) > 314::double precision), (LLVM Optimized)", "Plans": [{"Node Type": "Seq Scan", "Parent Relationship": "Outer", "Relation Name": "lineitem", "Alias": "lineitem", "Startup Cost": 0.0, "Total Cost": 2015115.33, "Plan Rows": 59987033, "Plan Width": 16}]}]}]}, {"Node Type": "Hash", "Parent Relationship": "Inner", "Startup Cost": 52126.0, "Total Cost": 52126.0, "Plan Rows": 1500000, "Plan Width": 27, "Plans": [{"Node Type": "Seq Scan", "Parent Relationship": "Outer", "Relation Name": "customer", "Alias": "customer", "Startup Cost": 0.0, "Total Cost": 52126.0, "Plan Rows": 1500000, "Plan Width": 27}]}]}]}]}]}]}]}, "Unique SQL Id": 1915754155, "Planner Runtime": 1}, "explain_analyze_plan": {"Plan": {"Node Type": "Limit", "Startup Cost": 5166300.38, "Total Cost": 5166300.63, "Plan Rows": 100, "Plan Width": 67, "Actual Startup Time": 87758.089, "Actual Total Time": 87758.105, "Actual Rows": 84, "Actual Loops": 1, "Plans": [{"Node Type": "Sort", "Parent Relationship": "Outer", "Startup Cost": 5166300.38, "Total Cost": 5166616.18, "Plan Rows": 100, "Plan Width": 67, "Actual Startup Time": 87758.086, "Actual Total Time": 87758.093, "Actual Rows": 84, "Actual Loops": 1, "Sort Key": ["orders.o_totalprice DESC", "orders.o_orderdate"], "Sort Method": "quicksort", "Sort Space Used": 38, "Sort Space Type": "Memory", "Plans": [{"Node Type": "Aggregate", "Strategy": "Hashed", "Parent Relationship": "Outer", "Startup Cost": 5160209.27, "Total Cost": 5161472.48, "Plan Rows": 126321, "Plan Width": 67, "Actual Startup Time": 87757.697, "Actual Total Time": 87757.964, "Actual Rows": 84, "Actual Loops": 1, "Group By Key": ["orders.o_totalprice", "orders.o_orderdate", "customer.c_name", "customer.c_custkey", "orders.o_orderkey"], "Plans": [{"Node Type": "Hash Join", "Parent Relationship": "Outer", "Join Type": "Inner", "Startup Cost": 2917691.33, "Total Cost": 5158314.46, "Plan Rows": 126321, "Plan Width": 59, "Actual Startup Time": 61442.015, "Actual Total Time": 87754.55, "Actual Rows": 588, "Actual Loops": 1, "Inner Unique": false, "Hash Cond": "(public.lineitem.l_orderkey = orders.o_orderkey), (LLVM Optimized, Jit Execute)", "Plans": [{"Node Type": "Seq Scan", "Parent Relationship": "Outer", "Relation Name": "lineitem", "Alias": "lineitem", "Startup Cost": 0.0, "Total Cost": 2015115.33, "Plan Rows": 59987033, "Plan Width": 16, "Actual Startup Time": 0.026, "Actual Total Time": 16730.65, "Actual Rows": 59986052, "Actual Loops": 1}, {"Node Type": "Hash", "Parent Relationship": "Inner", "Startup Cost": 2917517.42, "Total Cost": 2917517.42, "Plan Rows": 13913, "Plan Width": 59, "Actual Startup Time": 60869.861, "Actual Total Time": 60869.861, "Actual Rows": 84, "Actual Loops": 1, "Hash Buckets": 32768, "Hash Batches": 1, "Original Hash Batches": 1, "Peak Memory Usage": 8, "Plans": [{"Node Type": "Hash Join", "Parent Relationship": "Outer", "Join Type": "Inner", "Startup Cost": 2452820.37, "Total Cost": 2917517.42, "Plan Rows": 13913, "Plan Width": 59, "Actual Startup Time": 54230.749, "Actual Total Time": 60869.52, "Actual Rows": 84, "Actual Loops": 1, "Inner Unique": true, "Hash Cond": "(orders.o_custkey = customer.c_custkey)", "Plans": [{"Node Type": "Hash Join", "Parent Relationship": "Outer", "Join Type": "Inner", "Startup Cost": 2381944.37, "Total Cost": 2846187.2, "Plan Rows": 33034, "Plan Width": 40, "Actual Startup Time": 53234.503, "Actual Total Time": 59871.886, "Actual Rows": 84, "Actual Loops": 1, "Inner Unique": true, "Hash Cond": "(orders.o_orderkey = public.lineitem.l_orderkey)", "Plans": [{"Node Type": "Seq Scan", "Parent Relationship": "Outer", "Relation Name": "orders", "Alias": "orders", "Startup Cost": 0.0, "Total Cost": 426413.79, "Plan Rows": 14999479, "Plan Width": 32, "Actual Startup Time": 0.018, "Actual Total Time": 3849.952, "Actual Rows": 15000000, "Actual Loops": 1}, {"Node Type": "Hash", "Parent Relationship": "Inner", "Startup Cost": 2381531.45, "Total Cost": 2381531.45, "Plan Rows": 33034, "Plan Width": 8, "Actual Startup Time": 53079.015, "Actual Total Time": 53079.015, "Actual Rows": 84, "Actual Loops": 1, "Hash Buckets": 65536, "Hash Batches": 1, "Original Hash Batches": 1, "Peak Memory Usage": 4, "Plans": [{"Node Type": "Aggregate", "Strategy": "Hashed", "Parent Relationship": "Outer", "Startup Cost": 2315050.5, "Total Cost": 2381201.11, "Plan Rows": 33034, "Plan Width": 24, "Actual Startup Time": 47520.717, "Actual Total Time": 53078.557, "Actual Rows": 84, "Actual Loops": 1, "Group By Key": ["public.lineitem.l_orderkey"], "Filter": "(sum(public.lineitem.l_quantity) > 314::double precision), (LLVM Optimized, Jit Execute)", "Rows Removed by Filter": 14999916, "Plans": [{"Node Type": "Seq Scan", "Parent Relationship": "Outer", "Relation Name": "lineitem", "Alias": "lineitem", "Startup Cost": 0.0, "Total Cost": 2015115.33, "Plan Rows": 59987033, "Plan Width": 16, "Actual Startup Time": 0.041, "Actual Total Time": 20439.116, "Actual Rows": 59986052, "Actual Loops": 1}]}]}]}, {"Node Type": "Hash", "Parent Relationship": "Inner", "Startup Cost": 52126.0, "Total Cost": 52126.0, "Plan Rows": 1500000, "Plan Width": 27, "Actual Startup Time": 994.951, "Actual Total Time": 994.951, "Actual Rows": 1500000, "Actual Loops": 1, "Hash Buckets": 2097152, "Hash Batches": 1, "Original Hash Batches": 1, "Peak Memory Usage": 93750, "Plans": [{"Node Type": "Seq Scan", "Parent Relationship": "Outer", "Relation Name": "customer", "Alias": "customer", "Startup Cost": 0.0, "Total Cost": 52126.0, "Plan Rows": 1500000, "Plan Width": 27, "Actual Startup Time": 0.022, "Actual Total Time": 519.702, "Actual Rows": 1500000, "Actual Loops": 1}]}]}]}]}]}]}]}, "Triggers": [], "Planner Runtime": 2.255, "Total Runtime": 87768.282, "Unique SQL Id": 1915754155}}, "(64, '111')": {"explain_plan": {"Plan": {"Node Type": "Limit", "Startup Cost": 4000729862658.05, "Total Cost": 4000729862658.3, "Plan Rows": 100, "Plan Width": 67, "Plans": [{"Node Type": "Sort", "Parent Relationship": "Outer", "Startup Cost": 4000729862658.05, "Total Cost": 4000729862973.86, "Plan Rows": 100, "Plan Width": 67, "Sort Key": ["orders.o_totalprice DESC", "orders.o_orderdate"], "Plans": [{"Node Type": "Aggregate", "Strategy": "Hashed", "Parent Relationship": "Outer", "Startup Cost": 4000729856566.94, "Total Cost": 4000729857830.15, "Plan Rows": 126321, "Plan Width": 67, "Group By Key": ["orders.o_totalprice", "orders.o_orderdate", "customer.c_name", "customer.c_custkey", "orders.o_orderkey"], "Plans": [{"Node Type": "Hash Join", "Parent Relationship": "Outer", "Join Type": "Inner", "Startup Cost": 3010405613789.84, "Total Cost": 4000729854672.13, "Plan Rows": 126321, "Plan Width": 59, "Inner Unique": false, "Hash Cond": "(public.lineitem.l_orderkey = orders.o_orderkey), (LLVM Optimized)", "Plans": [{"Node Type": "Index Scan", "Parent Relationship": "Outer", "Scan Direction": "Forward", "Index Name": "idx_lineitem_orderkey", "Relation Name": "lineitem", "Alias": "lineitem", "Startup Cost": 10000000000.0, "Total Cost": 1000324015374.5, "Plan Rows": 59987033, "Plan Width": 16}, {"Node Type": "Hash", "Parent Relationship": "Inner", "Startup Cost": 3000405613615.92, "Total Cost": 3000405613615.92, "Plan Rows": 13913, "Plan Width": 59, "Plans": [{"Node Type": "Hash Join", "Parent Relationship": "Outer", "Join Type": "Inner", "Startup Cost": 2010332477489.17, "Total Cost": 3000405613615.92, "Plan Rows": 13913, "Plan Width": 59, "Inner Unique": true, "Hash Cond": "(orders.o_custkey = customer.c_custkey)", "Plans": [{"Node Type": "Hash Join", "Parent Relationship": "Outer", "Join Type": "Inner", "Startup Cost": 1010324382203.55, "Total Cost": 2000397517876.08, "Plan Rows": 33034, "Plan Width": 40, "Inner Unique": true, "Hash Cond": "(orders.o_orderkey = public.lineitem.l_orderkey)", "Plans": [{"Node Type": "Index Scan", "Parent Relationship": "Outer", "Scan Direction": "Forward", "Index Name": "orders_pkey", "Relation Name": "orders", "Alias": "orders", "Startup Cost": 10000000000.0, "Total Cost": 1000073097843.5, "Plan Rows": 14999479, "Plan Width": 32}, {"Node Type": "Hash", "Parent Relationship": "Inner", "Startup Cost": 1000324381790.62, "Total Cost": 1000324381790.62, "Plan Rows": 33034, "Plan Width": 8, "Plans": [{"Node Type": "Aggregate", "Strategy": "Hashed", "Parent Relationship": "Outer", "Startup Cost": 1000324315309.67, "Total Cost": 1000324381460.28, "Plan Rows": 33034, "Plan Width": 24, "Group By Key": ["public.lineitem.l_orderkey"], "Filter": "(sum(public.lineitem.l_quantity) > 314::double precision), (LLVM Optimized)", "Plans": [{"Node Type": "Index Scan", "Parent Relationship": "Outer", "Scan Direction": "Forward", "Index Name": "idx_lineitem_orderkey", "Relation Name": "lineitem", "Alias": "lineitem", "Startup Cost": 10000000000.0, "Total Cost": 1000324015374.5, "Plan Rows": 59987033, "Plan Width": 16}]}]}]}, {"Node Type": "Hash", "Parent Relationship": "Inner", "Startup Cost": 1000008076535.62, "Total Cost": 1000008076535.62, "Plan Rows": 1500000, "Plan Width": 27, "Plans": [{"Node Type": "Index Scan", "Parent Relationship": "Outer", "Scan Direction": "Forward", "Index Name": "customer_pkey", "Relation Name": "customer", "Alias": "customer", "Startup Cost": 10000000000.0, "Total Cost": 1000008076535.62, "Plan Rows": 1500000, "Plan Width": 27}]}]}]}]}]}]}]}, "Unique SQL Id": 1915754155, "Planner Runtime": 1}, "explain_analyze_plan": null}, "(64, '112')": {"explain_plan": {"Plan": {"Node Type": "Limit", "Startup Cost": 2649029.8, "Total Cost": 2649030.05, "Plan Rows": 100, "Plan Width": 67, "Plans": [{"Node Type": "Sort", "Parent Relationship": "Outer", "Startup Cost": 2649029.8, "Total Cost": 2649345.6, "Plan Rows": 100, "Plan Width": 67, "Sort Key": ["orders.o_totalprice DESC", "orders.o_orderdate"], "Plans": [{"Node Type": "Aggregate", "Strategy": "Hashed", "Parent Relationship": "Outer", "Startup Cost": 2642938.69, "Total Cost": 2644201.9, "Plan Rows": 126321, "Plan Width": 67, "Group By Key": ["orders.o_totalprice", "orders.o_orderdate", "customer.c_name", "customer.c_custkey", "orders.o_orderkey"], "Plans": [{"Node Type": "Nested Loop", "Parent Relationship": "Outer", "Join Type": "Inner", "Startup Cost": 2315050.5, "Total Cost": 2641043.88, "Plan Rows": 126321, "Plan Width": 59, "Inner Unique": false, "Plans": [{"Node Type": "Nested Loop", "Parent Relationship": "Outer", "Join Type": "Inner", "Startup Cost": 2315050.5, "Total Cost": 2627700.1, "Plan Rows": 13913, "Plan Width": 59, "Inner Unique": true, "Plans": [{"Node Type": "Nested Loop", "Parent Relationship": "Outer", "Join Type": "Inner", "Startup Cost": 2315050.5, "Total Cost": 2618076.97, "Plan Rows": 33034, "Plan Width": 40, "Inner Unique": true, "Plans": [{"Node Type": "Aggregate", "Strategy": "Hashed", "Parent Relationship": "Outer", "Startup Cost": 2315050.5, "Total Cost": 2381201.11, "Plan Rows": 33034, "Plan Width": 24, "Group By Key": ["public.lineitem.l_orderkey"], "Filter": "(sum(public.lineitem.l_quantity) > 314::double precision), (LLVM Optimized)", "Plans": [{"Node Type": "Seq Scan", "Parent Relationship": "Outer", "Relation Name": "lineitem", "Alias": "lineitem", "Startup Cost": 0.0, "Total Cost": 2015115.33, "Plan Rows": 59987033, "Plan Width": 16}]}, {"Node Type": "Index Scan", "Parent Relationship": "Inner", "Scan Direction": "Forward", "Index Name": "orders_pkey", "Relation Name": "orders", "Alias": "orders", "Startup Cost": 0.0, "Total Cost": 7.15, "Plan Rows": 1, "Plan Width": 32, "Index Cond": "(o_orderkey = public.lineitem.l_orderkey)"}]}, {"Node Type": "Index Scan", "Parent Relationship": "Inner", "Scan Direction": "Forward", "Index Name": "customer_pkey", "Relation Name": "customer", "Alias": "customer", "Startup Cost": 0.0, "Total Cost": 0.28, "Plan Rows": 1, "Plan Width": 27, "Index Cond": "(c_custkey = orders.o_custkey)"}]}, {"Node Type": "Index Scan", "Parent Relationship": "Inner", "Scan Direction": "Forward", "Index Name": "idx_lineitem_orderkey", "Relation Name": "lineitem", "Alias": "lineitem", "Startup Cost": 0.0, "Total Cost": 0.87, "Plan Rows": 9, "Plan Width": 16, "Index Cond": "(l_orderkey = orders.o_orderkey)"}]}]}]}]}, "Unique SQL Id": 1915754155, "Planner Runtime": 0}, "explain_analyze_plan": {"Plan": {"Node Type": "Limit", "Startup Cost": 2649029.8, "Total Cost": 2649030.05, "Plan Rows": 100, "Plan Width": 67, "Actual Startup Time": 54861.493, "Actual Total Time": 54861.508, "Actual Rows": 84, "Actual Loops": 1, "Plans": [{"Node Type": "Sort", "Parent Relationship": "Outer", "Startup Cost": 2649029.8, "Total Cost": 2649345.6, "Plan Rows": 100, "Plan Width": 67, "Actual Startup Time": 54861.49, "Actual Total Time": 54861.494, "Actual Rows": 84, "Actual Loops": 1, "Sort Key": ["orders.o_totalprice DESC", "orders.o_orderdate"], "Sort Method": "quicksort", "Sort Space Used": 38, "Sort Space Type": "Memory", "Plans": [{"Node Type": "Aggregate", "Strategy": "Hashed", "Parent Relationship": "Outer", "Startup Cost": 2642938.69, "Total Cost": 2644201.9, "Plan Rows": 126321, "Plan Width": 67, "Actual Startup Time": 54860.881, "Actual Total Time": 54861.367, "Actual Rows": 84, "Actual Loops": 1, "Group By Key": ["orders.o_totalprice", "orders.o_orderdate", "customer.c_name", "customer.c_custkey", "orders.o_orderkey"], "Plans": [{"Node Type": "Nested Loop", "Parent Relationship": "Outer", "Join Type": "Inner", "Startup Cost": 2315050.5, "Total Cost": 2641043.88, "Plan Rows": 126321, "Plan Width": 59, "Actual Startup Time": 49072.337, "Actual Total Time": 54858.992, "Actual Rows": 588, "Actual Loops": 1, "Inner Unique": false, "Plans": [{"Node Type": "Nested Loop", "Parent Relationship": "Outer", "Join Type": "Inner", "Startup Cost": 2315050.5, "Total Cost": 2627700.1, "Plan Rows": 13913, "Plan Width": 59, "Actual Startup Time": 49072.315, "Actual Total Time": 54856.844, "Actual Rows": 84, "Actual Loops": 1, "Inner Unique": true, "Plans": [{"Node Type": "Nested Loop", "Parent Relationship": "Outer", "Join Type": "Inner", "Startup Cost": 2315050.5, "Total Cost": 2618076.97, "Plan Rows": 33034, "Plan Width": 40, "Actual Startup Time": 49072.296, "Actual Total Time": 54855.643, "Actual Rows": 84, "Actual Loops": 1, "Inner Unique": true, "Plans": [{"Node Type": "Aggregate", "Strategy": "Hashed", "Parent Relationship": "Outer", "Startup Cost": 2315050.5, "Total Cost": 2381201.11, "Plan Rows": 33034, "Plan Width": 24, "Actual Startup Time": 49072.224, "Actual Total Time": 54835.622, "Actual Rows": 84, "Actual Loops": 1, "Group By Key": ["public.lineitem.l_orderkey"], "Filter": "(sum(public.lineitem.l_quantity) > 314::double precision), (LLVM Optimized, Jit Execute)", "Rows Removed by Filter": 14999916, "Plans": [{"Node Type": "Seq Scan", "Parent Relationship": "Outer", "Relation Name": "lineitem", "Alias": "lineitem", "Startup Cost": 0.0, "Total Cost": 2015115.33, "Plan Rows": 59987033, "Plan Width": 16, "Actual Startup Time": 0.051, "Actual Total Time": 20660.278, "Actual Rows": 59986052, "Actual Loops": 1}]}, {"Node Type": "Index Scan", "Parent Relationship": "Inner", "Scan Direction": "Forward", "Index Name": "orders_pkey", "Relation Name": "orders", "Alias": "orders", "Startup Cost": 0.0, "Total Cost": 7.15, "Plan Rows": 1, "Plan Width": 32, "Actual Startup Time": 2.649, "Actual Total Time": 2.649, "Actual Rows": 84, "Actual Loops": 84, "Index Cond": "(o_orderkey = public.lineitem.l_orderkey)", "Rows Removed by Index Recheck": 0}]}, {"Node Type": "Index Scan", "Parent Relationship": "Inner", "Scan Direction": "Forward", "Index Name": "customer_pkey", "Relation Name": "customer", "Alias": "customer", "Startup Cost": 0.0, "Total Cost": 0.28, "Plan Rows": 1, "Plan Width": 27, "Actual Startup Time": 0.851, "Actual Total Time": 0.851, "Actual Rows": 84, "Actual Loops": 84, "Index Cond": "(c_custkey = orders.o_custkey)", "Rows Removed by Index Recheck": 0}]}, {"Node Type": "Index Scan", "Parent Relationship": "Inner", "Scan Direction": "Forward", "Index Name": "idx_lineitem_orderkey", "Relation Name": "lineitem", "Alias": "lineitem", "Startup Cost": 0.0, "Total Cost": 0.87, "Plan Rows": 9, "Plan Width": 16, "Actual Startup Time": 1.215, "Actual Total Time": 1.721, "Actual Rows": 588, "Actual Loops": 84, "Index Cond": "(l_orderkey = orders.o_orderkey)", "Rows Removed by Index Recheck": 0}]}]}]}]}, "Triggers": [], "Planner Runtime": 2.136, "Total Runtime": 54871.674, "Unique SQL Id": 1915754155}}, "(64, '113')": {"explain_plan": {"Plan": {"Node Type": "Limit", "Startup Cost": 3874068.21, "Total Cost": 3874068.46, "Plan Rows": 100, "Plan Width": 67, "Plans": [{"Node Type": "Sort", "Parent Relationship": "Outer", "Startup Cost": 3874068.21, "Total Cost": 3874384.02, "Plan Rows": 100, "Plan Width": 67, "Sort Key": ["orders.o_totalprice DESC", "orders.o_orderdate"], "Plans": [{"Node Type": "Aggregate", "Strategy": "Hashed", "Parent Relationship": "Outer", "Startup Cost": 3867977.11, "Total Cost": 3869240.32, "Plan Rows": 126321, "Plan Width": 67, "Group By Key": ["orders.o_totalprice", "orders.o_orderdate", "customer.c_name", "customer.c_custkey", "orders.o_orderkey"], "Plans": [{"Node Type": "Nested Loop", "Parent Relationship": "Outer", "Join Type": "Inner", "Startup Cost": 3540088.91, "Total Cost": 3866082.29, "Plan Rows": 126321, "Plan Width": 59, "Inner Unique": false, "Plans": [{"Node Type": "Nested Loop", "Parent Relationship": "Outer", "Join Type": "Inner", "Startup Cost": 3540088.91, "Total Cost": 3852738.51, "Plan Rows": 13913, "Plan Width": 59, "Inner Unique": true, "Plans": [{"Node Type": "Nested Loop", "Parent Relationship": "Outer", "Join Type": "Inner", "Startup Cost": 3540088.91, "Total Cost": 3843115.38, "Plan Rows": 33034, "Plan Width": 40, "Inner Unique": true, "Plans": [{"Node Type": "Aggregate", "Strategy": "Hashed", "Parent Relationship": "Outer", "Startup Cost": 3540088.91, "Total Cost": 3606239.52, "Plan Rows": 33034, "Plan Width": 24, "Group By Key": ["public.lineitem.l_orderkey"], "Filter": "(sum(public.lineitem.l_quantity) > 314::double precision), (LLVM Optimized)", "Plans": [{"Node Type": "Index Scan", "Parent Relationship": "Outer", "Scan Direction": "Forward", "Index Name": "idx_lineitem_orderkey", "Relation Name": "lineitem", "Alias": "lineitem", "Startup Cost": 0.0, "Total Cost": 3240153.75, "Plan Rows": 59987033, "Plan Width": 16}]}, {"Node Type": "Index Scan", "Parent Relationship": "Inner", "Scan Direction": "Forward", "Index Name": "orders_pkey", "Relation Name": "orders", "Alias": "orders", "Startup Cost": 0.0, "Total Cost": 7.15, "Plan Rows": 1, "Plan Width": 32, "Index Cond": "(o_orderkey = public.lineitem.l_orderkey)"}]}, {"Node Type": "Index Scan", "Parent Relationship": "Inner", "Scan Direction": "Forward", "Index Name": "customer_pkey", "Relation Name": "customer", "Alias": "customer", "Startup Cost": 0.0, "Total Cost": 0.28, "Plan Rows": 1, "Plan Width": 27, "Index Cond": "(c_custkey = orders.o_custkey)"}]}, {"Node Type": "Index Scan", "Parent Relationship": "Inner", "Scan Direction": "Forward", "Index Name": "idx_lineitem_orderkey", "Relation Name": "lineitem", "Alias": "lineitem", "Startup Cost": 0.0, "Total Cost": 0.87, "Plan Rows": 9, "Plan Width": 16, "Index Cond": "(l_orderkey = orders.o_orderkey)"}]}]}]}]}, "Unique SQL Id": 1915754155, "Planner Runtime": 0}, "explain_analyze_plan": {"Plan": {"Node Type": "Limit", "Startup Cost": 3874068.21, "Total Cost": 3874068.46, "Plan Rows": 100, "Plan Width": 67, "Actual Startup Time": 78667.563, "Actual Total Time": 78667.58, "Actual Rows": 84, "Actual Loops": 1, "Plans": [{"Node Type": "Sort", "Parent Relationship": "Outer", "Startup Cost": 3874068.21, "Total Cost": 3874384.02, "Plan Rows": 100, "Plan Width": 67, "Actual Startup Time": 78667.561, "Actual Total Time": 78667.57, "Actual Rows": 84, "Actual Loops": 1, "Sort Key": ["orders.o_totalprice DESC", "orders.o_orderdate"], "Sort Method": "quicksort", "Sort Space Used": 38, "Sort Space Type": "Memory", "Plans": [{"Node Type": "Aggregate", "Strategy": "Hashed", "Parent Relationship": "Outer", "Startup Cost": 3867977.11, "Total Cost": 3869240.32, "Plan Rows": 126321, "Plan Width": 67, "Actual Startup Time": 78666.912, "Actual Total Time": 78667.456, "Actual Rows": 84, "Actual Loops": 1, "Group By Key": ["orders.o_totalprice", "orders.o_orderdate", "customer.c_name", "customer.c_custkey", "orders.o_orderkey"], "Plans": [{"Node Type": "Nested Loop", "Parent Relationship": "Outer", "Join Type": "Inner", "Startup Cost": 3540088.91, "Total Cost": 3866082.29, "Plan Rows": 126321, "Plan Width": 59, "Actual Startup Time": 71346.529, "Actual Total Time": 78665.231, "Actual Rows": 588, "Actual Loops": 1, "Inner Unique": false, "Plans": [{"Node Type": "Nested Loop", "Parent Relationship": "Outer", "Join Type": "Inner", "Startup Cost": 3540088.91, "Total Cost": 3852738.51, "Plan Rows": 13913, "Plan Width": 59, "Actual Startup Time": 71346.496, "Actual Total Time": 78662.632, "Actual Rows": 84, "Actual Loops": 1, "Inner Unique": true, "Plans": [{"Node Type": "Nested Loop", "Parent Relationship": "Outer", "Join Type": "Inner", "Startup Cost": 3540088.91, "Total Cost": 3843115.38, "Plan Rows": 33034, "Plan Width": 40, "Actual Startup Time": 71346.464, "Actual Total Time": 78660.834, "Actual Rows": 84, "Actual Loops": 1, "Inner Unique": true, "Plans": [{"Node Type": "Aggregate", "Strategy": "Hashed", "Parent Relationship": "Outer", "Startup Cost": 3540088.91, "Total Cost": 3606239.52, "Plan Rows": 33034, "Plan Width": 24, "Actual Startup Time": 71346.402, "Actual Total Time": 78640.855, "Actual Rows": 84, "Actual Loops": 1, "Group By Key": ["public.lineitem.l_orderkey"], "Filter": "(sum(public.lineitem.l_quantity) > 314::double precision), (LLVM Optimized, Jit Execute)", "Rows Removed by Filter": 14999916, "Plans": [{"Node Type": "Index Scan", "Parent Relationship": "Outer", "Scan Direction": "Forward", "Index Name": "idx_lineitem_orderkey", "Relation Name": "lineitem", "Alias": "lineitem", "Startup Cost": 0.0, "Total Cost": 3240153.75, "Plan Rows": 59987033, "Plan Width": 16, "Actual Startup Time": 0.07, "Actual Total Time": 42499.927, "Actual Rows": 59986052, "Actual Loops": 1}]}, {"Node Type": "Index Scan", "Parent Relationship": "Inner", "Scan Direction": "Forward", "Index Name": "orders_pkey", "Relation Name": "orders", "Alias": "orders", "Startup Cost": 0.0, "Total Cost": 7.15, "Plan Rows": 1, "Plan Width": 32, "Actual Startup Time": 2.739, "Actual Total Time": 2.739, "Actual Rows": 84, "Actual Loops": 84, "Index Cond": "(o_orderkey = public.lineitem.l_orderkey)", "Rows Removed by Index Recheck": 0}]}, {"Node Type": "Index Scan", "Parent Relationship": "Inner", "Scan Direction": "Forward", "Index Name": "customer_pkey", "Relation Name": "customer", "Alias": "customer", "Startup Cost": 0.0, "Total Cost": 0.28, "Plan Rows": 1, "Plan Width": 27, "Actual Startup Time": 1.301, "Actual Total Time": 1.301, "Actual Rows": 84, "Actual Loops": 84, "Index Cond": "(c_custkey = orders.o_custkey)", "Rows Removed by Index Recheck": 0}]}, {"Node Type": "Index Scan", "Parent Relationship": "Inner", "Scan Direction": "Forward", "Index Name": "idx_lineitem_orderkey", "Relation Name": "lineitem", "Alias": "lineitem", "Startup Cost": 0.0, "Total Cost": 0.87, "Plan Rows": 9, "Plan Width": 16, "Actual Startup Time": 1.627, "Actual Total Time": 2.06, "Actual Rows": 588, "Actual Loops": 84, "Index Cond": "(l_orderkey = orders.o_orderkey)", "Rows Removed by Index Recheck": 0}]}]}]}]}, "Triggers": [], "Planner Runtime": 2.114, "Total Runtime": 78676.91, "Unique SQL Id": 1915754155}}, "(64, '114')": {"explain_plan": {"Plan": {"Node Type": "Limit", "Startup Cost": 2838735.63, "Total Cost": 2838735.88, "Plan Rows": 100, "Plan Width": 67, "Plans": [{"Node Type": "Sort", "Parent Relationship": "Outer", "Startup Cost": 2838735.63, "Total Cost": 2839051.44, "Plan Rows": 100, "Plan Width": 67, "Sort Key": ["orders.o_totalprice DESC", "orders.o_orderdate"], "Plans": [{"Node Type": "Aggregate", "Strategy": "Hashed", "Parent Relationship": "Outer", "Startup Cost": 2832644.53, "Total Cost": 2833907.74, "Plan Rows": 126321, "Plan Width": 67, "Group By Key": ["orders.o_totalprice", "orders.o_orderdate", "customer.c_name", "customer.c_custkey", "orders.o_orderkey"], "Plans": [{"Node Type": "Nested Loop", "Parent Relationship": "Outer", "Join Type": "Inner", "Startup Cost": 2315054.5, "Total Cost": 2830749.71, "Plan Rows": 126321, "Plan Width": 59, "Inner Unique": false, "Plans": [{"Node Type": "Nested Loop", "Parent Relationship": "Outer", "Join Type": "Inner", "Startup Cost": 2315054.12, "Total Cost": 2766973.56, "Plan Rows": 13913, "Plan Width": 59, "Inner Unique": true, "Plans": [{"Node Type": "Nested Loop", "Parent Relationship": "Outer", "Join Type": "Inner", "Startup Cost": 2315053.86, "Total Cost": 2625533.23, "Plan Rows": 33034, "Plan Width": 40, "Inner Unique": true, "Plans": [{"Node Type": "Aggregate", "Strategy": "Hashed", "Parent Relationship": "Outer", "Startup Cost": 2315050.5, "Total Cost": 2381201.11, "Plan Rows": 33034, "Plan Width": 24, "Group By Key": ["public.lineitem.l_orderkey"], "Filter": "(sum(public.lineitem.l_quantity) > 314::double precision), (LLVM Optimized)", "Plans": [{"Node Type": "Seq Scan", "Parent Relationship": "Outer", "Relation Name": "lineitem", "Alias": "lineitem", "Startup Cost": 0.0, "Total Cost": 2015115.33, "Plan Rows": 59987033, "Plan Width": 16}]}, {"Node Type": "Bitmap Heap Scan", "Parent Relationship": "Inner", "Relation Name": "orders", "Alias": "orders", "Startup Cost": 3.36, "Total Cost": 7.38, "Plan Rows": 1, "Plan Width": 32, "Recheck Cond": "(o_orderkey = public.lineitem.l_orderkey)", "Plans": [{"Node Type": "Bitmap Index Scan", "Parent Relationship": "Outer", "Index Name": "orders_pkey", "Startup Cost": 0.0, "Total Cost": 3.36, "Plan Rows": 1, "Plan Width": 0, "Index Cond": "(o_orderkey = public.lineitem.l_orderkey)"}]}]}, {"Node Type": "Bitmap Heap Scan", "Parent Relationship": "Inner", "Relation Name": "customer", "Alias": "customer", "Startup Cost": 0.26, "Total Cost": 4.27, "Plan Rows": 1, "Plan Width": 27, "Recheck Cond": "(c_custkey = orders.o_custkey)", "Plans": [{"Node Type": "Bitmap Index Scan", "Parent Relationship": "Outer", "Index Name": "customer_pkey", "Startup Cost": 0.0, "Total Cost": 0.26, "Plan Rows": 1, "Plan Width": 0, "Index Cond": "(c_custkey = orders.o_custkey)"}]}]}, {"Node Type": "Bitmap Heap Scan", "Parent Relationship": "Inner", "Relation Name": "lineitem", "Alias": "lineitem", "Startup Cost": 0.38, "Total Cost": 4.49, "Plan Rows": 9, "Plan Width": 16, "Recheck Cond": "(l_orderkey = orders.o_orderkey)", "Plans": [{"Node Type": "Bitmap Index Scan", "Parent Relationship": "Outer", "Index Name": "idx_lineitem_orderkey", "Startup Cost": 0.0, "Total Cost": 0.38, "Plan Rows": 9, "Plan Width": 0, "Index Cond": "(l_orderkey = orders.o_orderkey)"}]}]}]}]}]}, "Unique SQL Id": 1915754155, "Planner Runtime": 1}, "explain_analyze_plan": {"Plan": {"Node Type": "Limit", "Startup Cost": 2838735.63, "Total Cost": 2838735.88, "Plan Rows": 100, "Plan Width": 67, "Actual Startup Time": 54754.055, "Actual Total Time": 54754.071, "Actual Rows": 84, "Actual Loops": 1, "Plans": [{"Node Type": "Sort", "Parent Relationship": "Outer", "Startup Cost": 2838735.63, "Total Cost": 2839051.44, "Plan Rows": 100, "Plan Width": 67, "Actual Startup Time": 54754.052, "Actual Total Time": 54754.054, "Actual Rows": 84, "Actual Loops": 1, "Sort Key": ["orders.o_totalprice DESC", "orders.o_orderdate"], "Sort Method": "quicksort", "Sort Space Used": 38, "Sort Space Type": "Memory", "Plans": [{"Node Type": "Aggregate", "Strategy": "Hashed", "Parent Relationship": "Outer", "Startup Cost": 2832644.53, "Total Cost": 2833907.74, "Plan Rows": 126321, "Plan Width": 67, "Actual Startup Time": 54753.66, "Actual Total Time": 54753.955, "Actual Rows": 84, "Actual Loops": 1, "Group By Key": ["orders.o_totalprice", "orders.o_orderdate", "customer.c_name", "customer.c_custkey", "orders.o_orderkey"], "Plans": [{"Node Type": "Nested Loop", "Parent Relationship": "Outer", "Join Type": "Inner", "Startup Cost": 2315054.5, "Total Cost": 2830749.71, "Plan Rows": 126321, "Plan Width": 59, "Actual Startup Time": 48663.634, "Actual Total Time": 54751.757, "Actual Rows": 588, "Actual Loops": 1, "Inner Unique": false, "Plans": [{"Node Type": "Nested Loop", "Parent Relationship": "Outer", "Join Type": "Inner", "Startup Cost": 2315054.12, "Total Cost": 2766973.56, "Plan Rows": 13913, "Plan Width": 59, "Actual Startup Time": 48663.602, "Actual Total Time": 54749.126, "Actual Rows": 84, "Actual Loops": 1, "Inner Unique": true, "Plans": [{"Node Type": "Nested Loop", "Parent Relationship": "Outer", "Join Type": "Inner", "Startup Cost": 2315053.86, "Total Cost": 2625533.23, "Plan Rows": 33034, "Plan Width": 40, "Actual Startup Time": 48663.569, "Actual Total Time": 54747.452, "Actual Rows": 84, "Actual Loops": 1, "Inner Unique": true, "Plans": [{"Node Type": "Aggregate", "Strategy": "Hashed", "Parent Relationship": "Outer", "Startup Cost": 2315050.5, "Total Cost": 2381201.11, "Plan Rows": 33034, "Plan Width": 24, "Actual Startup Time": 48663.443, "Actual Total Time": 54727.462, "Actual Rows": 84, "Actual Loops": 1, "Group By Key": ["public.lineitem.l_orderkey"], "Filter": "(sum(public.lineitem.l_quantity) > 314::double precision), (LLVM Optimized, Jit Execute)", "Rows Removed by Filter": 14999916, "Plans": [{"Node Type": "Seq Scan", "Parent Relationship": "Outer", "Relation Name": "lineitem", "Alias": "lineitem", "Startup Cost": 0.0, "Total Cost": 2015115.33, "Plan Rows": 59987033, "Plan Width": 16, "Actual Startup Time": 0.048, "Actual Total Time": 20601.114, "Actual Rows": 59986052, "Actual Loops": 1}]}, {"Node Type": "Bitmap Heap Scan", "Parent Relationship": "Inner", "Relation Name": "orders", "Alias": "orders", "Startup Cost": 3.36, "Total Cost": 7.38, "Plan Rows": 1, "Plan Width": 32, "Actual Startup Time": 3.658, "Actual Total Time": 3.658, "Actual Rows": 84, "Actual Loops": 84, "Recheck Cond": "(o_orderkey = public.lineitem.l_orderkey)", "Rows Removed by Index Recheck": 0, "Exact Heap Blocks": 84, "Lossy Heap Blocks": 84, "Plans": [{"Node Type": "Bitmap Index Scan", "Parent Relationship": "Outer", "Index Name": "orders_pkey", "Startup Cost": 0.0, "Total Cost": 3.36, "Plan Rows": 1, "Plan Width": 0, "Actual Startup Time": 2.38, "Actual Total Time": 2.38, "Actual Rows": 84, "Actual Loops": 84, "Index Cond": "(o_orderkey = public.lineitem.l_orderkey)"}]}]}, {"Node Type": "Bitmap Heap Scan", "Parent Relationship": "Inner", "Relation Name": "customer", "Alias": "customer", "Startup Cost": 0.26, "Total Cost": 4.27, "Plan Rows": 1, "Plan Width": 27, "Actual Startup Time": 1.153, "Actual Total Time": 1.153, "Actual Rows": 84, "Actual Loops": 84, "Recheck Cond": "(c_custkey = orders.o_custkey)", "Rows Removed by Index Recheck": 0, "Exact Heap Blocks": 84, "Lossy Heap Blocks": 84, "Plans": [{"Node Type": "Bitmap Index Scan", "Parent Relationship": "Outer", "Index Name": "customer_pkey", "Startup Cost": 0.0, "Total Cost": 0.26, "Plan Rows": 1, "Plan Width": 0, "Actual Startup Time": 0.714, "Actual Total Time": 0.714, "Actual Rows": 84, "Actual Loops": 84, "Index Cond": "(c_custkey = orders.o_custkey)"}]}]}, {"Node Type": "Bitmap Heap Scan", "Parent Relationship": "Inner", "Relation Name": "lineitem", "Alias": "lineitem", "Startup Cost": 0.38, "Total Cost": 4.49, "Plan Rows": 9, "Plan Width": 16, "Actual Startup Time": 1.807, "Actual Total Time": 1.975, "Actual Rows": 588, "Actual Loops": 84, "Recheck Cond": "(l_orderkey = orders.o_orderkey)", "Rows Removed by Index Recheck": 0, "Exact Heap Blocks": 96, "Lossy Heap Blocks": 96, "Plans": [{"Node Type": "Bitmap Index Scan", "Parent Relationship": "Outer", "Index Name": "idx_lineitem_orderkey", "Startup Cost": 0.0, "Total Cost": 0.38, "Plan Rows": 9, "Plan Width": 0, "Actual Startup Time": 1.109, "Actual Total Time": 1.109, "Actual Rows": 588, "Actual Loops": 84, "Index Cond": "(l_orderkey = orders.o_orderkey)"}]}]}]}]}]}, "Triggers": [], "Planner Runtime": 1.901, "Total Runtime": 54763.284, "Unique SQL Id": 1915754155}}, "(64, '115')": {"explain_plan": {"Plan": {"Node Type": "Limit", "Startup Cost": 1000324838994.8, "Total Cost": 1000324838995.05, "Plan Rows": 100, "Plan Width": 67, "Plans": [{"Node Type": "Sort", "Parent Relationship": "Outer", "Startup Cost": 1000324838994.8, "Total Cost": 1000324839310.61, "Plan Rows": 100, "Plan Width": 67, "Sort Key": ["orders.o_totalprice DESC", "orders.o_orderdate"], "Plans": [{"Node Type": "Aggregate", "Strategy": "Hashed", "Parent Relationship": "Outer", "Startup Cost": 1000324832903.7, "Total Cost": 1000324834166.91, "Plan Rows": 126321, "Plan Width": 67, "Group By Key": ["orders.o_totalprice", "orders.o_orderdate", "customer.c_name", "customer.c_custkey", "orders.o_orderkey"], "Plans": [{"Node Type": "Nested Loop", "Parent Relationship": "Outer", "Join Type": "Inner", "Startup Cost": 1000324315313.67, "Total Cost": 1000324831008.88, "Plan Rows": 126321, "Plan Width": 59, "Inner Unique": false, "Plans": [{"Node Type": "Nested Loop", "Parent Relationship": "Outer", "Join Type": "Inner", "Startup Cost": 1000324315313.29, "Total Cost": 1000324767232.73, "Plan Rows": 13913, "Plan Width": 59, "Inner Unique": true, "Plans": [{"Node Type": "Nested Loop", "Parent Relationship": "Outer", "Join Type": "Inner", "Startup Cost": 1000324315313.03, "Total Cost": 1000324625792.4, "Plan Rows": 33034, "Plan Width": 40, "Inner Unique": true, "Plans": [{"Node Type": "Aggregate", "Strategy": "Hashed", "Parent Relationship": "Outer", "Startup Cost": 1000324315309.67, "Total Cost": 1000324381460.28, "Plan Rows": 33034, "Plan Width": 24, "Group By Key": ["public.lineitem.l_orderkey"], "Filter": "(sum(public.lineitem.l_quantity) > 314::double precision), (LLVM Optimized)", "Plans": [{"Node Type": "Index Scan", "Parent Relationship": "Outer", "Scan Direction": "Forward", "Index Name": "idx_lineitem_orderkey", "Relation Name": "lineitem", "Alias": "lineitem", "Startup Cost": 10000000000.0, "Total Cost": 1000324015374.5, "Plan Rows": 59987033, "Plan Width": 16}]}, {"Node Type": "Bitmap Heap Scan", "Parent Relationship": "Inner", "Relation Name": "orders", "Alias": "orders", "Startup Cost": 3.36, "Total Cost": 7.38, "Plan Rows": 1, "Plan Width": 32, "Recheck Cond": "(o_orderkey = public.lineitem.l_orderkey)", "Plans": [{"Node Type": "Bitmap Index Scan", "Parent Relationship": "Outer", "Index Name": "orders_pkey", "Startup Cost": 0.0, "Total Cost": 3.36, "Plan Rows": 1, "Plan Width": 0, "Index Cond": "(o_orderkey = public.lineitem.l_orderkey)"}]}]}, {"Node Type": "Bitmap Heap Scan", "Parent Relationship": "Inner", "Relation Name": "customer", "Alias": "customer", "Startup Cost": 0.26, "Total Cost": 4.27, "Plan Rows": 1, "Plan Width": 27, "Recheck Cond": "(c_custkey = orders.o_custkey)", "Plans": [{"Node Type": "Bitmap Index Scan", "Parent Relationship": "Outer", "Index Name": "customer_pkey", "Startup Cost": 0.0, "Total Cost": 0.26, "Plan Rows": 1, "Plan Width": 0, "Index Cond": "(c_custkey = orders.o_custkey)"}]}]}, {"Node Type": "Bitmap Heap Scan", "Parent Relationship": "Inner", "Relation Name": "lineitem", "Alias": "lineitem", "Startup Cost": 0.38, "Total Cost": 4.49, "Plan Rows": 9, "Plan Width": 16, "Recheck Cond": "(l_orderkey = orders.o_orderkey)", "Plans": [{"Node Type": "Bitmap Index Scan", "Parent Relationship": "Outer", "Index Name": "idx_lineitem_orderkey", "Startup Cost": 0.0, "Total Cost": 0.38, "Plan Rows": 9, "Plan Width": 0, "Index Cond": "(l_orderkey = orders.o_orderkey)"}]}]}]}]}]}, "Unique SQL Id": 1915754155, "Planner Runtime": 0}, "explain_analyze_plan": {"Plan": {"Node Type": "Limit", "Startup Cost": 1000324838994.8, "Total Cost": 1000324838995.05, "Plan Rows": 100, "Plan Width": 67, "Actual Startup Time": 80249.492, "Actual Total Time": 80249.51, "Actual Rows": 84, "Actual Loops": 1, "Plans": [{"Node Type": "Sort", "Parent Relationship": "Outer", "Startup Cost": 1000324838994.8, "Total Cost": 1000324839310.61, "Plan Rows": 100, "Plan Width": 67, "Actual Startup Time": 80249.49, "Actual Total Time": 80249.501, "Actual Rows": 84, "Actual Loops": 1, "Sort Key": ["orders.o_totalprice DESC", "orders.o_orderdate"], "Sort Method": "quicksort", "Sort Space Used": 38, "Sort Space Type": "Memory", "Plans": [{"Node Type": "Aggregate", "Strategy": "Hashed", "Parent Relationship": "Outer", "Startup Cost": 1000324832903.7, "Total Cost": 1000324834166.91, "Plan Rows": 126321, "Plan Width": 67, "Actual Startup Time": 80249.1, "Actual Total Time": 80249.389, "Actual Rows": 84, "Actual Loops": 1, "Group By Key": ["orders.o_totalprice", "orders.o_orderdate", "customer.c_name", "customer.c_custkey", "orders.o_orderkey"], "Plans": [{"Node Type": "Nested Loop", "Parent Relationship": "Outer", "Join Type": "Inner", "Startup Cost": 1000324315313.67, "Total Cost": 1000324831008.88, "Plan Rows": 126321, "Plan Width": 59, "Actual Startup Time": 73111.745, "Actual Total Time": 80247.199, "Actual Rows": 588, "Actual Loops": 1, "Inner Unique": false, "Plans": [{"Node Type": "Nested Loop", "Parent Relationship": "Outer", "Join Type": "Inner", "Startup Cost": 1000324315313.29, "Total Cost": 1000324767232.73, "Plan Rows": 13913, "Plan Width": 59, "Actual Startup Time": 73111.701, "Actual Total Time": 80244.173, "Actual Rows": 84, "Actual Loops": 1, "Inner Unique": true, "Plans": [{"Node Type": "Nested Loop", "Parent Relationship": "Outer", "Join Type": "Inner", "Startup Cost": 1000324315313.03, "Total Cost": 1000324625792.4, "Plan Rows": 33034, "Plan Width": 40, "Actual Startup Time": 73111.642, "Actual Total Time": 80242.091, "Actual Rows": 84, "Actual Loops": 1, "Inner Unique": true, "Plans": [{"Node Type": "Aggregate", "Strategy": "Hashed", "Parent Relationship": "Outer", "Startup Cost": 1000324315309.67, "Total Cost": 1000324381460.28, "Plan Rows": 33034, "Plan Width": 24, "Actual Startup Time": 73111.524, "Actual Total Time": 80223.033, "Actual Rows": 84, "Actual Loops": 1, "Group By Key": ["public.lineitem.l_orderkey"], "Filter": "(sum(public.lineitem.l_quantity) > 314::double precision), (LLVM Optimized, Jit Execute)", "Rows Removed by Filter": 14999916, "Plans": [{"Node Type": "Index Scan", "Parent Relationship": "Outer", "Scan Direction": "Forward", "Index Name": "idx_lineitem_orderkey", "Relation Name": "lineitem", "Alias": "lineitem", "Startup Cost": 10000000000.0, "Total Cost": 1000324015374.5, "Plan Rows": 59987033, "Plan Width": 16, "Actual Startup Time": 0.063, "Actual Total Time": 44361.768, "Actual Rows": 59986052, "Actual Loops": 1}]}, {"Node Type": "Bitmap Heap Scan", "Parent Relationship": "Inner", "Relation Name": "orders", "Alias": "orders", "Startup Cost": 3.36, "Total Cost": 7.38, "Plan Rows": 1, "Plan Width": 32, "Actual Startup Time": 3.64, "Actual Total Time": 3.64, "Actual Rows": 84, "Actual Loops": 84, "Recheck Cond": "(o_orderkey = public.lineitem.l_orderkey)", "Rows Removed by Index Recheck": 0, "Exact Heap Blocks": 84, "Lossy Heap Blocks": 84, "Plans": [{"Node Type": "Bitmap Index Scan", "Parent Relationship": "Outer", "Index Name": "orders_pkey", "Startup Cost": 0.0, "Total Cost": 3.36, "Plan Rows": 1, "Plan Width": 0, "Actual Startup Time": 2.402, "Actual Total Time": 2.402, "Actual Rows": 84, "Actual Loops": 84, "Index Cond": "(o_orderkey = public.lineitem.l_orderkey)"}]}]}, {"Node Type": "Bitmap Heap Scan", "Parent Relationship": "Inner", "Relation Name": "customer", "Alias": "customer", "Startup Cost": 0.26, "Total Cost": 4.27, "Plan Rows": 1, "Plan Width": 27, "Actual Startup Time": 1.455, "Actual Total Time": 1.455, "Actual Rows": 84, "Actual Loops": 84, "Recheck Cond": "(c_custkey = orders.o_custkey)", "Rows Removed by Index Recheck": 0, "Exact Heap Blocks": 84, "Lossy Heap Blocks": 84, "Plans": [{"Node Type": "Bitmap Index Scan", "Parent Relationship": "Outer", "Index Name": "customer_pkey", "Startup Cost": 0.0, "Total Cost": 0.26, "Plan Rows": 1, "Plan Width": 0, "Actual Startup Time": 0.897, "Actual Total Time": 0.897, "Actual Rows": 84, "Actual Loops": 84, "Index Cond": "(c_custkey = orders.o_custkey)"}]}]}, {"Node Type": "Bitmap Heap Scan", "Parent Relationship": "Inner", "Relation Name": "lineitem", "Alias": "lineitem", "Startup Cost": 0.38, "Total Cost": 4.49, "Plan Rows": 9, "Plan Width": 16, "Actual Startup Time": 2.054, "Actual Total Time": 2.216, "Actual Rows": 588, "Actual Loops": 84, "Recheck Cond": "(l_orderkey = orders.o_orderkey)", "Rows Removed by Index Recheck": 0, "Exact Heap Blocks": 96, "Lossy Heap Blocks": 96, "Plans": [{"Node Type": "Bitmap Index Scan", "Parent Relationship": "Outer", "Index Name": "idx_lineitem_orderkey", "Startup Cost": 0.0, "Total Cost": 0.38, "Plan Rows": 9, "Plan Width": 0, "Actual Startup Time": 1.268, "Actual Total Time": 1.268, "Actual Rows": 588, "Actual Loops": 84, "Index Cond": "(l_orderkey = orders.o_orderkey)"}]}]}]}]}]}, "Triggers": [], "Planner Runtime": 1.823, "Total Runtime": 80258.843, "Unique SQL Id": 1915754155}}, "(64, '116')": {"explain_plan": {"Plan": {"Node Type": "Limit", "Startup Cost": 2649029.8, "Total Cost": 2649030.05, "Plan Rows": 100, "Plan Width": 67, "Plans": [{"Node Type": "Sort", "Parent Relationship": "Outer", "Startup Cost": 2649029.8, "Total Cost": 2649345.6, "Plan Rows": 100, "Plan Width": 67, "Sort Key": ["orders.o_totalprice DESC", "orders.o_orderdate"], "Plans": [{"Node Type": "Aggregate", "Strategy": "Hashed", "Parent Relationship": "Outer", "Startup Cost": 2642938.69, "Total Cost": 2644201.9, "Plan Rows": 126321, "Plan Width": 67, "Group By Key": ["orders.o_totalprice", "orders.o_orderdate", "customer.c_name", "customer.c_custkey", "orders.o_orderkey"], "Plans": [{"Node Type": "Nested Loop", "Parent Relationship": "Outer", "Join Type": "Inner", "Startup Cost": 2315050.5, "Total Cost": 2641043.88, "Plan Rows": 126321, "Plan Width": 59, "Inner Unique": false, "Plans": [{"Node Type": "Nested Loop", "Parent Relationship": "Outer", "Join Type": "Inner", "Startup Cost": 2315050.5, "Total Cost": 2627700.1, "Plan Rows": 13913, "Plan Width": 59, "Inner Unique": true, "Plans": [{"Node Type": "Nested Loop", "Parent Relationship": "Outer", "Join Type": "Inner", "Startup Cost": 2315050.5, "Total Cost": 2618076.97, "Plan Rows": 33034, "Plan Width": 40, "Inner Unique": true, "Plans": [{"Node Type": "Aggregate", "Strategy": "Hashed", "Parent Relationship": "Outer", "Startup Cost": 2315050.5, "Total Cost": 2381201.11, "Plan Rows": 33034, "Plan Width": 24, "Group By Key": ["public.lineitem.l_orderkey"], "Filter": "(sum(public.lineitem.l_quantity) > 314::double precision), (LLVM Optimized)", "Plans": [{"Node Type": "Seq Scan", "Parent Relationship": "Outer", "Relation Name": "lineitem", "Alias": "lineitem", "Startup Cost": 0.0, "Total Cost": 2015115.33, "Plan Rows": 59987033, "Plan Width": 16}]}, {"Node Type": "Index Scan", "Parent Relationship": "Inner", "Scan Direction": "Forward", "Index Name": "orders_pkey", "Relation Name": "orders", "Alias": "orders", "Startup Cost": 0.0, "Total Cost": 7.15, "Plan Rows": 1, "Plan Width": 32, "Index Cond": "(o_orderkey = public.lineitem.l_orderkey)"}]}, {"Node Type": "Index Scan", "Parent Relationship": "Inner", "Scan Direction": "Forward", "Index Name": "customer_pkey", "Relation Name": "customer", "Alias": "customer", "Startup Cost": 0.0, "Total Cost": 0.28, "Plan Rows": 1, "Plan Width": 27, "Index Cond": "(c_custkey = orders.o_custkey)"}]}, {"Node Type": "Index Scan", "Parent Relationship": "Inner", "Scan Direction": "Forward", "Index Name": "idx_lineitem_orderkey", "Relation Name": "lineitem", "Alias": "lineitem", "Startup Cost": 0.0, "Total Cost": 0.87, "Plan Rows": 9, "Plan Width": 16, "Index Cond": "(l_orderkey = orders.o_orderkey)"}]}]}]}]}, "Unique SQL Id": 1915754155, "Planner Runtime": 0}, "explain_analyze_plan": {"Plan": {"Node Type": "Limit", "Startup Cost": 2649029.8, "Total Cost": 2649030.05, "Plan Rows": 100, "Plan Width": 67, "Actual Startup Time": 54861.493, "Actual Total Time": 54861.508, "Actual Rows": 84, "Actual Loops": 1, "Plans": [{"Node Type": "Sort", "Parent Relationship": "Outer", "Startup Cost": 2649029.8, "Total Cost": 2649345.6, "Plan Rows": 100, "Plan Width": 67, "Actual Startup Time": 54861.49, "Actual Total Time": 54861.494, "Actual Rows": 84, "Actual Loops": 1, "Sort Key": ["orders.o_totalprice DESC", "orders.o_orderdate"], "Sort Method": "quicksort", "Sort Space Used": 38, "Sort Space Type": "Memory", "Plans": [{"Node Type": "Aggregate", "Strategy": "Hashed", "Parent Relationship": "Outer", "Startup Cost": 2642938.69, "Total Cost": 2644201.9, "Plan Rows": 126321, "Plan Width": 67, "Actual Startup Time": 54860.881, "Actual Total Time": 54861.367, "Actual Rows": 84, "Actual Loops": 1, "Group By Key": ["orders.o_totalprice", "orders.o_orderdate", "customer.c_name", "customer.c_custkey", "orders.o_orderkey"], "Plans": [{"Node Type": "Nested Loop", "Parent Relationship": "Outer", "Join Type": "Inner", "Startup Cost": 2315050.5, "Total Cost": 2641043.88, "Plan Rows": 126321, "Plan Width": 59, "Actual Startup Time": 49072.337, "Actual Total Time": 54858.992, "Actual Rows": 588, "Actual Loops": 1, "Inner Unique": false, "Plans": [{"Node Type": "Nested Loop", "Parent Relationship": "Outer", "Join Type": "Inner", "Startup Cost": 2315050.5, "Total Cost": 2627700.1, "Plan Rows": 13913, "Plan Width": 59, "Actual Startup Time": 49072.315, "Actual Total Time": 54856.844, "Actual Rows": 84, "Actual Loops": 1, "Inner Unique": true, "Plans": [{"Node Type": "Nested Loop", "Parent Relationship": "Outer", "Join Type": "Inner", "Startup Cost": 2315050.5, "Total Cost": 2618076.97, "Plan Rows": 33034, "Plan Width": 40, "Actual Startup Time": 49072.296, "Actual Total Time": 54855.643, "Actual Rows": 84, "Actual Loops": 1, "Inner Unique": true, "Plans": [{"Node Type": "Aggregate", "Strategy": "Hashed", "Parent Relationship": "Outer", "Startup Cost": 2315050.5, "Total Cost": 2381201.11, "Plan Rows": 33034, "Plan Width": 24, "Actual Startup Time": 49072.224, "Actual Total Time": 54835.622, "Actual Rows": 84, "Actual Loops": 1, "Group By Key": ["public.lineitem.l_orderkey"], "Filter": "(sum(public.lineitem.l_quantity) > 314::double precision), (LLVM Optimized, Jit Execute)", "Rows Removed by Filter": 14999916, "Plans": [{"Node Type": "Seq Scan", "Parent Relationship": "Outer", "Relation Name": "lineitem", "Alias": "lineitem", "Startup Cost": 0.0, "Total Cost": 2015115.33, "Plan Rows": 59987033, "Plan Width": 16, "Actual Startup Time": 0.051, "Actual Total Time": 20660.278, "Actual Rows": 59986052, "Actual Loops": 1}]}, {"Node Type": "Index Scan", "Parent Relationship": "Inner", "Scan Direction": "Forward", "Index Name": "orders_pkey", "Relation Name": "orders", "Alias": "orders", "Startup Cost": 0.0, "Total Cost": 7.15, "Plan Rows": 1, "Plan Width": 32, "Actual Startup Time": 2.649, "Actual Total Time": 2.649, "Actual Rows": 84, "Actual Loops": 84, "Index Cond": "(o_orderkey = public.lineitem.l_orderkey)", "Rows Removed by Index Recheck": 0}]}, {"Node Type": "Index Scan", "Parent Relationship": "Inner", "Scan Direction": "Forward", "Index Name": "customer_pkey", "Relation Name": "customer", "Alias": "customer", "Startup Cost": 0.0, "Total Cost": 0.28, "Plan Rows": 1, "Plan Width": 27, "Actual Startup Time": 0.851, "Actual Total Time": 0.851, "Actual Rows": 84, "Actual Loops": 84, "Index Cond": "(c_custkey = orders.o_custkey)", "Rows Removed by Index Recheck": 0}]}, {"Node Type": "Index Scan", "Parent Relationship": "Inner", "Scan Direction": "Forward", "Index Name": "idx_lineitem_orderkey", "Relation Name": "lineitem", "Alias": "lineitem", "Startup Cost": 0.0, "Total Cost": 0.87, "Plan Rows": 9, "Plan Width": 16, "Actual Startup Time": 1.215, "Actual Total Time": 1.721, "Actual Rows": 588, "Actual Loops": 84, "Index Cond": "(l_orderkey = orders.o_orderkey)", "Rows Removed by Index Recheck": 0}]}]}]}]}, "Triggers": [], "Planner Runtime": 2.136, "Total Runtime": 54871.674, "Unique SQL Id": 1915754155}}, "(64, '117')": {"explain_plan": {"Plan": {"Node Type": "Limit", "Startup Cost": 3874068.21, "Total Cost": 3874068.46, "Plan Rows": 100, "Plan Width": 67, "Plans": [{"Node Type": "Sort", "Parent Relationship": "Outer", "Startup Cost": 3874068.21, "Total Cost": 3874384.02, "Plan Rows": 100, "Plan Width": 67, "Sort Key": ["orders.o_totalprice DESC", "orders.o_orderdate"], "Plans": [{"Node Type": "Aggregate", "Strategy": "Hashed", "Parent Relationship": "Outer", "Startup Cost": 3867977.11, "Total Cost": 3869240.32, "Plan Rows": 126321, "Plan Width": 67, "Group By Key": ["orders.o_totalprice", "orders.o_orderdate", "customer.c_name", "customer.c_custkey", "orders.o_orderkey"], "Plans": [{"Node Type": "Nested Loop", "Parent Relationship": "Outer", "Join Type": "Inner", "Startup Cost": 3540088.91, "Total Cost": 3866082.29, "Plan Rows": 126321, "Plan Width": 59, "Inner Unique": false, "Plans": [{"Node Type": "Nested Loop", "Parent Relationship": "Outer", "Join Type": "Inner", "Startup Cost": 3540088.91, "Total Cost": 3852738.51, "Plan Rows": 13913, "Plan Width": 59, "Inner Unique": true, "Plans": [{"Node Type": "Nested Loop", "Parent Relationship": "Outer", "Join Type": "Inner", "Startup Cost": 3540088.91, "Total Cost": 3843115.38, "Plan Rows": 33034, "Plan Width": 40, "Inner Unique": true, "Plans": [{"Node Type": "Aggregate", "Strategy": "Hashed", "Parent Relationship": "Outer", "Startup Cost": 3540088.91, "Total Cost": 3606239.52, "Plan Rows": 33034, "Plan Width": 24, "Group By Key": ["public.lineitem.l_orderkey"], "Filter": "(sum(public.lineitem.l_quantity) > 314::double precision), (LLVM Optimized)", "Plans": [{"Node Type": "Index Scan", "Parent Relationship": "Outer", "Scan Direction": "Forward", "Index Name": "idx_lineitem_orderkey", "Relation Name": "lineitem", "Alias": "lineitem", "Startup Cost": 0.0, "Total Cost": 3240153.75, "Plan Rows": 59987033, "Plan Width": 16}]}, {"Node Type": "Index Scan", "Parent Relationship": "Inner", "Scan Direction": "Forward", "Index Name": "orders_pkey", "Relation Name": "orders", "Alias": "orders", "Startup Cost": 0.0, "Total Cost": 7.15, "Plan Rows": 1, "Plan Width": 32, "Index Cond": "(o_orderkey = public.lineitem.l_orderkey)"}]}, {"Node Type": "Index Scan", "Parent Relationship": "Inner", "Scan Direction": "Forward", "Index Name": "customer_pkey", "Relation Name": "customer", "Alias": "customer", "Startup Cost": 0.0, "Total Cost": 0.28, "Plan Rows": 1, "Plan Width": 27, "Index Cond": "(c_custkey = orders.o_custkey)"}]}, {"Node Type": "Index Scan", "Parent Relationship": "Inner", "Scan Direction": "Forward", "Index Name": "idx_lineitem_orderkey", "Relation Name": "lineitem", "Alias": "lineitem", "Startup Cost": 0.0, "Total Cost": 0.87, "Plan Rows": 9, "Plan Width": 16, "Index Cond": "(l_orderkey = orders.o_orderkey)"}]}]}]}]}, "Unique SQL Id": 1915754155, "Planner Runtime": 0}, "explain_analyze_plan": {"Plan": {"Node Type": "Limit", "Startup Cost": 3874068.21, "Total Cost": 3874068.46, "Plan Rows": 100, "Plan Width": 67, "Actual Startup Time": 78667.563, "Actual Total Time": 78667.58, "Actual Rows": 84, "Actual Loops": 1, "Plans": [{"Node Type": "Sort", "Parent Relationship": "Outer", "Startup Cost": 3874068.21, "Total Cost": 3874384.02, "Plan Rows": 100, "Plan Width": 67, "Actual Startup Time": 78667.561, "Actual Total Time": 78667.57, "Actual Rows": 84, "Actual Loops": 1, "Sort Key": ["orders.o_totalprice DESC", "orders.o_orderdate"], "Sort Method": "quicksort", "Sort Space Used": 38, "Sort Space Type": "Memory", "Plans": [{"Node Type": "Aggregate", "Strategy": "Hashed", "Parent Relationship": "Outer", "Startup Cost": 3867977.11, "Total Cost": 3869240.32, "Plan Rows": 126321, "Plan Width": 67, "Actual Startup Time": 78666.912, "Actual Total Time": 78667.456, "Actual Rows": 84, "Actual Loops": 1, "Group By Key": ["orders.o_totalprice", "orders.o_orderdate", "customer.c_name", "customer.c_custkey", "orders.o_orderkey"], "Plans": [{"Node Type": "Nested Loop", "Parent Relationship": "Outer", "Join Type": "Inner", "Startup Cost": 3540088.91, "Total Cost": 3866082.29, "Plan Rows": 126321, "Plan Width": 59, "Actual Startup Time": 71346.529, "Actual Total Time": 78665.231, "Actual Rows": 588, "Actual Loops": 1, "Inner Unique": false, "Plans": [{"Node Type": "Nested Loop", "Parent Relationship": "Outer", "Join Type": "Inner", "Startup Cost": 3540088.91, "Total Cost": 3852738.51, "Plan Rows": 13913, "Plan Width": 59, "Actual Startup Time": 71346.496, "Actual Total Time": 78662.632, "Actual Rows": 84, "Actual Loops": 1, "Inner Unique": true, "Plans": [{"Node Type": "Nested Loop", "Parent Relationship": "Outer", "Join Type": "Inner", "Startup Cost": 3540088.91, "Total Cost": 3843115.38, "Plan Rows": 33034, "Plan Width": 40, "Actual Startup Time": 71346.464, "Actual Total Time": 78660.834, "Actual Rows": 84, "Actual Loops": 1, "Inner Unique": true, "Plans": [{"Node Type": "Aggregate", "Strategy": "Hashed", "Parent Relationship": "Outer", "Startup Cost": 3540088.91, "Total Cost": 3606239.52, "Plan Rows": 33034, "Plan Width": 24, "Actual Startup Time": 71346.402, "Actual Total Time": 78640.855, "Actual Rows": 84, "Actual Loops": 1, "Group By Key": ["public.lineitem.l_orderkey"], "Filter": "(sum(public.lineitem.l_quantity) > 314::double precision), (LLVM Optimized, Jit Execute)", "Rows Removed by Filter": 14999916, "Plans": [{"Node Type": "Index Scan", "Parent Relationship": "Outer", "Scan Direction": "Forward", "Index Name": "idx_lineitem_orderkey", "Relation Name": "lineitem", "Alias": "lineitem", "Startup Cost": 0.0, "Total Cost": 3240153.75, "Plan Rows": 59987033, "Plan Width": 16, "Actual Startup Time": 0.07, "Actual Total Time": 42499.927, "Actual Rows": 59986052, "Actual Loops": 1}]}, {"Node Type": "Index Scan", "Parent Relationship": "Inner", "Scan Direction": "Forward", "Index Name": "orders_pkey", "Relation Name": "orders", "Alias": "orders", "Startup Cost": 0.0, "Total Cost": 7.15, "Plan Rows": 1, "Plan Width": 32, "Actual Startup Time": 2.739, "Actual Total Time": 2.739, "Actual Rows": 84, "Actual Loops": 84, "Index Cond": "(o_orderkey = public.lineitem.l_orderkey)", "Rows Removed by Index Recheck": 0}]}, {"Node Type": "Index Scan", "Parent Relationship": "Inner", "Scan Direction": "Forward", "Index Name": "customer_pkey", "Relation Name": "customer", "Alias": "customer", "Startup Cost": 0.0, "Total Cost": 0.28, "Plan Rows": 1, "Plan Width": 27, "Actual Startup Time": 1.301, "Actual Total Time": 1.301, "Actual Rows": 84, "Actual Loops": 84, "Index Cond": "(c_custkey = orders.o_custkey)", "Rows Removed by Index Recheck": 0}]}, {"Node Type": "Index Scan", "Parent Relationship": "Inner", "Scan Direction": "Forward", "Index Name": "idx_lineitem_orderkey", "Relation Name": "lineitem", "Alias": "lineitem", "Startup Cost": 0.0, "Total Cost": 0.87, "Plan Rows": 9, "Plan Width": 16, "Actual Startup Time": 1.627, "Actual Total Time": 2.06, "Actual Rows": 588, "Actual Loops": 84, "Index Cond": "(l_orderkey = orders.o_orderkey)", "Rows Removed by Index Recheck": 0}]}]}]}]}, "Triggers": [], "Planner Runtime": 2.114, "Total Runtime": 78676.91, "Unique SQL Id": 1915754155}}, "(64, '118')": {"explain_plan": {"Plan": {"Node Type": "Limit", "Startup Cost": 2838735.63, "Total Cost": 2838735.88, "Plan Rows": 100, "Plan Width": 67, "Plans": [{"Node Type": "Sort", "Parent Relationship": "Outer", "Startup Cost": 2838735.63, "Total Cost": 2839051.44, "Plan Rows": 100, "Plan Width": 67, "Sort Key": ["orders.o_totalprice DESC", "orders.o_orderdate"], "Plans": [{"Node Type": "Aggregate", "Strategy": "Hashed", "Parent Relationship": "Outer", "Startup Cost": 2832644.53, "Total Cost": 2833907.74, "Plan Rows": 126321, "Plan Width": 67, "Group By Key": ["orders.o_totalprice", "orders.o_orderdate", "customer.c_name", "customer.c_custkey", "orders.o_orderkey"], "Plans": [{"Node Type": "Nested Loop", "Parent Relationship": "Outer", "Join Type": "Inner", "Startup Cost": 2315054.5, "Total Cost": 2830749.71, "Plan Rows": 126321, "Plan Width": 59, "Inner Unique": false, "Plans": [{"Node Type": "Nested Loop", "Parent Relationship": "Outer", "Join Type": "Inner", "Startup Cost": 2315054.12, "Total Cost": 2766973.56, "Plan Rows": 13913, "Plan Width": 59, "Inner Unique": true, "Plans": [{"Node Type": "Nested Loop", "Parent Relationship": "Outer", "Join Type": "Inner", "Startup Cost": 2315053.86, "Total Cost": 2625533.23, "Plan Rows": 33034, "Plan Width": 40, "Inner Unique": true, "Plans": [{"Node Type": "Aggregate", "Strategy": "Hashed", "Parent Relationship": "Outer", "Startup Cost": 2315050.5, "Total Cost": 2381201.11, "Plan Rows": 33034, "Plan Width": 24, "Group By Key": ["public.lineitem.l_orderkey"], "Filter": "(sum(public.lineitem.l_quantity) > 314::double precision), (LLVM Optimized)", "Plans": [{"Node Type": "Seq Scan", "Parent Relationship": "Outer", "Relation Name": "lineitem", "Alias": "lineitem", "Startup Cost": 0.0, "Total Cost": 2015115.33, "Plan Rows": 59987033, "Plan Width": 16}]}, {"Node Type": "Bitmap Heap Scan", "Parent Relationship": "Inner", "Relation Name": "orders", "Alias": "orders", "Startup Cost": 3.36, "Total Cost": 7.38, "Plan Rows": 1, "Plan Width": 32, "Recheck Cond": "(o_orderkey = public.lineitem.l_orderkey)", "Plans": [{"Node Type": "Bitmap Index Scan", "Parent Relationship": "Outer", "Index Name": "orders_pkey", "Startup Cost": 0.0, "Total Cost": 3.36, "Plan Rows": 1, "Plan Width": 0, "Index Cond": "(o_orderkey = public.lineitem.l_orderkey)"}]}]}, {"Node Type": "Bitmap Heap Scan", "Parent Relationship": "Inner", "Relation Name": "customer", "Alias": "customer", "Startup Cost": 0.26, "Total Cost": 4.27, "Plan Rows": 1, "Plan Width": 27, "Recheck Cond": "(c_custkey = orders.o_custkey)", "Plans": [{"Node Type": "Bitmap Index Scan", "Parent Relationship": "Outer", "Index Name": "customer_pkey", "Startup Cost": 0.0, "Total Cost": 0.26, "Plan Rows": 1, "Plan Width": 0, "Index Cond": "(c_custkey = orders.o_custkey)"}]}]}, {"Node Type": "Bitmap Heap Scan", "Parent Relationship": "Inner", "Relation Name": "lineitem", "Alias": "lineitem", "Startup Cost": 0.38, "Total Cost": 4.49, "Plan Rows": 9, "Plan Width": 16, "Recheck Cond": "(l_orderkey = orders.o_orderkey)", "Plans": [{"Node Type": "Bitmap Index Scan", "Parent Relationship": "Outer", "Index Name": "idx_lineitem_orderkey", "Startup Cost": 0.0, "Total Cost": 0.38, "Plan Rows": 9, "Plan Width": 0, "Index Cond": "(l_orderkey = orders.o_orderkey)"}]}]}]}]}]}, "Unique SQL Id": 1915754155, "Planner Runtime": 1}, "explain_analyze_plan": {"Plan": {"Node Type": "Limit", "Startup Cost": 2838735.63, "Total Cost": 2838735.88, "Plan Rows": 100, "Plan Width": 67, "Actual Startup Time": 54754.055, "Actual Total Time": 54754.071, "Actual Rows": 84, "Actual Loops": 1, "Plans": [{"Node Type": "Sort", "Parent Relationship": "Outer", "Startup Cost": 2838735.63, "Total Cost": 2839051.44, "Plan Rows": 100, "Plan Width": 67, "Actual Startup Time": 54754.052, "Actual Total Time": 54754.054, "Actual Rows": 84, "Actual Loops": 1, "Sort Key": ["orders.o_totalprice DESC", "orders.o_orderdate"], "Sort Method": "quicksort", "Sort Space Used": 38, "Sort Space Type": "Memory", "Plans": [{"Node Type": "Aggregate", "Strategy": "Hashed", "Parent Relationship": "Outer", "Startup Cost": 2832644.53, "Total Cost": 2833907.74, "Plan Rows": 126321, "Plan Width": 67, "Actual Startup Time": 54753.66, "Actual Total Time": 54753.955, "Actual Rows": 84, "Actual Loops": 1, "Group By Key": ["orders.o_totalprice", "orders.o_orderdate", "customer.c_name", "customer.c_custkey", "orders.o_orderkey"], "Plans": [{"Node Type": "Nested Loop", "Parent Relationship": "Outer", "Join Type": "Inner", "Startup Cost": 2315054.5, "Total Cost": 2830749.71, "Plan Rows": 126321, "Plan Width": 59, "Actual Startup Time": 48663.634, "Actual Total Time": 54751.757, "Actual Rows": 588, "Actual Loops": 1, "Inner Unique": false, "Plans": [{"Node Type": "Nested Loop", "Parent Relationship": "Outer", "Join Type": "Inner", "Startup Cost": 2315054.12, "Total Cost": 2766973.56, "Plan Rows": 13913, "Plan Width": 59, "Actual Startup Time": 48663.602, "Actual Total Time": 54749.126, "Actual Rows": 84, "Actual Loops": 1, "Inner Unique": true, "Plans": [{"Node Type": "Nested Loop", "Parent Relationship": "Outer", "Join Type": "Inner", "Startup Cost": 2315053.86, "Total Cost": 2625533.23, "Plan Rows": 33034, "Plan Width": 40, "Actual Startup Time": 48663.569, "Actual Total Time": 54747.452, "Actual Rows": 84, "Actual Loops": 1, "Inner Unique": true, "Plans": [{"Node Type": "Aggregate", "Strategy": "Hashed", "Parent Relationship": "Outer", "Startup Cost": 2315050.5, "Total Cost": 2381201.11, "Plan Rows": 33034, "Plan Width": 24, "Actual Startup Time": 48663.443, "Actual Total Time": 54727.462, "Actual Rows": 84, "Actual Loops": 1, "Group By Key": ["public.lineitem.l_orderkey"], "Filter": "(sum(public.lineitem.l_quantity) > 314::double precision), (LLVM Optimized, Jit Execute)", "Rows Removed by Filter": 14999916, "Plans": [{"Node Type": "Seq Scan", "Parent Relationship": "Outer", "Relation Name": "lineitem", "Alias": "lineitem", "Startup Cost": 0.0, "Total Cost": 2015115.33, "Plan Rows": 59987033, "Plan Width": 16, "Actual Startup Time": 0.048, "Actual Total Time": 20601.114, "Actual Rows": 59986052, "Actual Loops": 1}]}, {"Node Type": "Bitmap Heap Scan", "Parent Relationship": "Inner", "Relation Name": "orders", "Alias": "orders", "Startup Cost": 3.36, "Total Cost": 7.38, "Plan Rows": 1, "Plan Width": 32, "Actual Startup Time": 3.658, "Actual Total Time": 3.658, "Actual Rows": 84, "Actual Loops": 84, "Recheck Cond": "(o_orderkey = public.lineitem.l_orderkey)", "Rows Removed by Index Recheck": 0, "Exact Heap Blocks": 84, "Lossy Heap Blocks": 84, "Plans": [{"Node Type": "Bitmap Index Scan", "Parent Relationship": "Outer", "Index Name": "orders_pkey", "Startup Cost": 0.0, "Total Cost": 3.36, "Plan Rows": 1, "Plan Width": 0, "Actual Startup Time": 2.38, "Actual Total Time": 2.38, "Actual Rows": 84, "Actual Loops": 84, "Index Cond": "(o_orderkey = public.lineitem.l_orderkey)"}]}]}, {"Node Type": "Bitmap Heap Scan", "Parent Relationship": "Inner", "Relation Name": "customer", "Alias": "customer", "Startup Cost": 0.26, "Total Cost": 4.27, "Plan Rows": 1, "Plan Width": 27, "Actual Startup Time": 1.153, "Actual Total Time": 1.153, "Actual Rows": 84, "Actual Loops": 84, "Recheck Cond": "(c_custkey = orders.o_custkey)", "Rows Removed by Index Recheck": 0, "Exact Heap Blocks": 84, "Lossy Heap Blocks": 84, "Plans": [{"Node Type": "Bitmap Index Scan", "Parent Relationship": "Outer", "Index Name": "customer_pkey", "Startup Cost": 0.0, "Total Cost": 0.26, "Plan Rows": 1, "Plan Width": 0, "Actual Startup Time": 0.714, "Actual Total Time": 0.714, "Actual Rows": 84, "Actual Loops": 84, "Index Cond": "(c_custkey = orders.o_custkey)"}]}]}, {"Node Type": "Bitmap Heap Scan", "Parent Relationship": "Inner", "Relation Name": "lineitem", "Alias": "lineitem", "Startup Cost": 0.38, "Total Cost": 4.49, "Plan Rows": 9, "Plan Width": 16, "Actual Startup Time": 1.807, "Actual Total Time": 1.975, "Actual Rows": 588, "Actual Loops": 84, "Recheck Cond": "(l_orderkey = orders.o_orderkey)", "Rows Removed by Index Recheck": 0, "Exact Heap Blocks": 96, "Lossy Heap Blocks": 96, "Plans": [{"Node Type": "Bitmap Index Scan", "Parent Relationship": "Outer", "Index Name": "idx_lineitem_orderkey", "Startup Cost": 0.0, "Total Cost": 0.38, "Plan Rows": 9, "Plan Width": 0, "Actual Startup Time": 1.109, "Actual Total Time": 1.109, "Actual Rows": 588, "Actual Loops": 84, "Index Cond": "(l_orderkey = orders.o_orderkey)"}]}]}]}]}]}, "Triggers": [], "Planner Runtime": 1.901, "Total Runtime": 54763.284, "Unique SQL Id": 1915754155}}, "(64, '119')": {"explain_plan": {"Plan": {"Node Type": "Limit", "Startup Cost": 1000324838994.8, "Total Cost": 1000324838995.05, "Plan Rows": 100, "Plan Width": 67, "Plans": [{"Node Type": "Sort", "Parent Relationship": "Outer", "Startup Cost": 1000324838994.8, "Total Cost": 1000324839310.61, "Plan Rows": 100, "Plan Width": 67, "Sort Key": ["orders.o_totalprice DESC", "orders.o_orderdate"], "Plans": [{"Node Type": "Aggregate", "Strategy": "Hashed", "Parent Relationship": "Outer", "Startup Cost": 1000324832903.7, "Total Cost": 1000324834166.91, "Plan Rows": 126321, "Plan Width": 67, "Group By Key": ["orders.o_totalprice", "orders.o_orderdate", "customer.c_name", "customer.c_custkey", "orders.o_orderkey"], "Plans": [{"Node Type": "Nested Loop", "Parent Relationship": "Outer", "Join Type": "Inner", "Startup Cost": 1000324315313.67, "Total Cost": 1000324831008.88, "Plan Rows": 126321, "Plan Width": 59, "Inner Unique": false, "Plans": [{"Node Type": "Nested Loop", "Parent Relationship": "Outer", "Join Type": "Inner", "Startup Cost": 1000324315313.29, "Total Cost": 1000324767232.73, "Plan Rows": 13913, "Plan Width": 59, "Inner Unique": true, "Plans": [{"Node Type": "Nested Loop", "Parent Relationship": "Outer", "Join Type": "Inner", "Startup Cost": 1000324315313.03, "Total Cost": 1000324625792.4, "Plan Rows": 33034, "Plan Width": 40, "Inner Unique": true, "Plans": [{"Node Type": "Aggregate", "Strategy": "Hashed", "Parent Relationship": "Outer", "Startup Cost": 1000324315309.67, "Total Cost": 1000324381460.28, "Plan Rows": 33034, "Plan Width": 24, "Group By Key": ["public.lineitem.l_orderkey"], "Filter": "(sum(public.lineitem.l_quantity) > 314::double precision), (LLVM Optimized)", "Plans": [{"Node Type": "Index Scan", "Parent Relationship": "Outer", "Scan Direction": "Forward", "Index Name": "idx_lineitem_orderkey", "Relation Name": "lineitem", "Alias": "lineitem", "Startup Cost": 10000000000.0, "Total Cost": 1000324015374.5, "Plan Rows": 59987033, "Plan Width": 16}]}, {"Node Type": "Bitmap Heap Scan", "Parent Relationship": "Inner", "Relation Name": "orders", "Alias": "orders", "Startup Cost": 3.36, "Total Cost": 7.38, "Plan Rows": 1, "Plan Width": 32, "Recheck Cond": "(o_orderkey = public.lineitem.l_orderkey)", "Plans": [{"Node Type": "Bitmap Index Scan", "Parent Relationship": "Outer", "Index Name": "orders_pkey", "Startup Cost": 0.0, "Total Cost": 3.36, "Plan Rows": 1, "Plan Width": 0, "Index Cond": "(o_orderkey = public.lineitem.l_orderkey)"}]}]}, {"Node Type": "Bitmap Heap Scan", "Parent Relationship": "Inner", "Relation Name": "customer", "Alias": "customer", "Startup Cost": 0.26, "Total Cost": 4.27, "Plan Rows": 1, "Plan Width": 27, "Recheck Cond": "(c_custkey = orders.o_custkey)", "Plans": [{"Node Type": "Bitmap Index Scan", "Parent Relationship": "Outer", "Index Name": "customer_pkey", "Startup Cost": 0.0, "Total Cost": 0.26, "Plan Rows": 1, "Plan Width": 0, "Index Cond": "(c_custkey = orders.o_custkey)"}]}]}, {"Node Type": "Bitmap Heap Scan", "Parent Relationship": "Inner", "Relation Name": "lineitem", "Alias": "lineitem", "Startup Cost": 0.38, "Total Cost": 4.49, "Plan Rows": 9, "Plan Width": 16, "Recheck Cond": "(l_orderkey = orders.o_orderkey)", "Plans": [{"Node Type": "Bitmap Index Scan", "Parent Relationship": "Outer", "Index Name": "idx_lineitem_orderkey", "Startup Cost": 0.0, "Total Cost": 0.38, "Plan Rows": 9, "Plan Width": 0, "Index Cond": "(l_orderkey = orders.o_orderkey)"}]}]}]}]}]}, "Unique SQL Id": 1915754155, "Planner Runtime": 0}, "explain_analyze_plan": {"Plan": {"Node Type": "Limit", "Startup Cost": 1000324838994.8, "Total Cost": 1000324838995.05, "Plan Rows": 100, "Plan Width": 67, "Actual Startup Time": 80249.492, "Actual Total Time": 80249.51, "Actual Rows": 84, "Actual Loops": 1, "Plans": [{"Node Type": "Sort", "Parent Relationship": "Outer", "Startup Cost": 1000324838994.8, "Total Cost": 1000324839310.61, "Plan Rows": 100, "Plan Width": 67, "Actual Startup Time": 80249.49, "Actual Total Time": 80249.501, "Actual Rows": 84, "Actual Loops": 1, "Sort Key": ["orders.o_totalprice DESC", "orders.o_orderdate"], "Sort Method": "quicksort", "Sort Space Used": 38, "Sort Space Type": "Memory", "Plans": [{"Node Type": "Aggregate", "Strategy": "Hashed", "Parent Relationship": "Outer", "Startup Cost": 1000324832903.7, "Total Cost": 1000324834166.91, "Plan Rows": 126321, "Plan Width": 67, "Actual Startup Time": 80249.1, "Actual Total Time": 80249.389, "Actual Rows": 84, "Actual Loops": 1, "Group By Key": ["orders.o_totalprice", "orders.o_orderdate", "customer.c_name", "customer.c_custkey", "orders.o_orderkey"], "Plans": [{"Node Type": "Nested Loop", "Parent Relationship": "Outer", "Join Type": "Inner", "Startup Cost": 1000324315313.67, "Total Cost": 1000324831008.88, "Plan Rows": 126321, "Plan Width": 59, "Actual Startup Time": 73111.745, "Actual Total Time": 80247.199, "Actual Rows": 588, "Actual Loops": 1, "Inner Unique": false, "Plans": [{"Node Type": "Nested Loop", "Parent Relationship": "Outer", "Join Type": "Inner", "Startup Cost": 1000324315313.29, "Total Cost": 1000324767232.73, "Plan Rows": 13913, "Plan Width": 59, "Actual Startup Time": 73111.701, "Actual Total Time": 80244.173, "Actual Rows": 84, "Actual Loops": 1, "Inner Unique": true, "Plans": [{"Node Type": "Nested Loop", "Parent Relationship": "Outer", "Join Type": "Inner", "Startup Cost": 1000324315313.03, "Total Cost": 1000324625792.4, "Plan Rows": 33034, "Plan Width": 40, "Actual Startup Time": 73111.642, "Actual Total Time": 80242.091, "Actual Rows": 84, "Actual Loops": 1, "Inner Unique": true, "Plans": [{"Node Type": "Aggregate", "Strategy": "Hashed", "Parent Relationship": "Outer", "Startup Cost": 1000324315309.67, "Total Cost": 1000324381460.28, "Plan Rows": 33034, "Plan Width": 24, "Actual Startup Time": 73111.524, "Actual Total Time": 80223.033, "Actual Rows": 84, "Actual Loops": 1, "Group By Key": ["public.lineitem.l_orderkey"], "Filter": "(sum(public.lineitem.l_quantity) > 314::double precision), (LLVM Optimized, Jit Execute)", "Rows Removed by Filter": 14999916, "Plans": [{"Node Type": "Index Scan", "Parent Relationship": "Outer", "Scan Direction": "Forward", "Index Name": "idx_lineitem_orderkey", "Relation Name": "lineitem", "Alias": "lineitem", "Startup Cost": 10000000000.0, "Total Cost": 1000324015374.5, "Plan Rows": 59987033, "Plan Width": 16, "Actual Startup Time": 0.063, "Actual Total Time": 44361.768, "Actual Rows": 59986052, "Actual Loops": 1}]}, {"Node Type": "Bitmap Heap Scan", "Parent Relationship": "Inner", "Relation Name": "orders", "Alias": "orders", "Startup Cost": 3.36, "Total Cost": 7.38, "Plan Rows": 1, "Plan Width": 32, "Actual Startup Time": 3.64, "Actual Total Time": 3.64, "Actual Rows": 84, "Actual Loops": 84, "Recheck Cond": "(o_orderkey = public.lineitem.l_orderkey)", "Rows Removed by Index Recheck": 0, "Exact Heap Blocks": 84, "Lossy Heap Blocks": 84, "Plans": [{"Node Type": "Bitmap Index Scan", "Parent Relationship": "Outer", "Index Name": "orders_pkey", "Startup Cost": 0.0, "Total Cost": 3.36, "Plan Rows": 1, "Plan Width": 0, "Actual Startup Time": 2.402, "Actual Total Time": 2.402, "Actual Rows": 84, "Actual Loops": 84, "Index Cond": "(o_orderkey = public.lineitem.l_orderkey)"}]}]}, {"Node Type": "Bitmap Heap Scan", "Parent Relationship": "Inner", "Relation Name": "customer", "Alias": "customer", "Startup Cost": 0.26, "Total Cost": 4.27, "Plan Rows": 1, "Plan Width": 27, "Actual Startup Time": 1.455, "Actual Total Time": 1.455, "Actual Rows": 84, "Actual Loops": 84, "Recheck Cond": "(c_custkey = orders.o_custkey)", "Rows Removed by Index Recheck": 0, "Exact Heap Blocks": 84, "Lossy Heap Blocks": 84, "Plans": [{"Node Type": "Bitmap Index Scan", "Parent Relationship": "Outer", "Index Name": "customer_pkey", "Startup Cost": 0.0, "Total Cost": 0.26, "Plan Rows": 1, "Plan Width": 0, "Actual Startup Time": 0.897, "Actual Total Time": 0.897, "Actual Rows": 84, "Actual Loops": 84, "Index Cond": "(c_custkey = orders.o_custkey)"}]}]}, {"Node Type": "Bitmap Heap Scan", "Parent Relationship": "Inner", "Relation Name": "lineitem", "Alias": "lineitem", "Startup Cost": 0.38, "Total Cost": 4.49, "Plan Rows": 9, "Plan Width": 16, "Actual Startup Time": 2.054, "Actual Total Time": 2.216, "Actual Rows": 588, "Actual Loops": 84, "Recheck Cond": "(l_orderkey = orders.o_orderkey)", "Rows Removed by Index Recheck": 0, "Exact Heap Blocks": 96, "Lossy Heap Blocks": 96, "Plans": [{"Node Type": "Bitmap Index Scan", "Parent Relationship": "Outer", "Index Name": "idx_lineitem_orderkey", "Startup Cost": 0.0, "Total Cost": 0.38, "Plan Rows": 9, "Plan Width": 0, "Actual Startup Time": 1.268, "Actual Total Time": 1.268, "Actual Rows": 588, "Actual Loops": 84, "Index Cond": "(l_orderkey = orders.o_orderkey)"}]}]}]}]}]}, "Triggers": [], "Planner Runtime": 1.823, "Total Runtime": 80258.843, "Unique SQL Id": 1915754155}}, "(64, '120')": {"explain_plan": {"Plan": {"Node Type": "Limit", "Startup Cost": 2649029.8, "Total Cost": 2649030.05, "Plan Rows": 100, "Plan Width": 67, "Plans": [{"Node Type": "Sort", "Parent Relationship": "Outer", "Startup Cost": 2649029.8, "Total Cost": 2649345.6, "Plan Rows": 100, "Plan Width": 67, "Sort Key": ["orders.o_totalprice DESC", "orders.o_orderdate"], "Plans": [{"Node Type": "Aggregate", "Strategy": "Hashed", "Parent Relationship": "Outer", "Startup Cost": 2642938.69, "Total Cost": 2644201.9, "Plan Rows": 126321, "Plan Width": 67, "Group By Key": ["orders.o_totalprice", "orders.o_orderdate", "customer.c_name", "customer.c_custkey", "orders.o_orderkey"], "Plans": [{"Node Type": "Nested Loop", "Parent Relationship": "Outer", "Join Type": "Inner", "Startup Cost": 2315050.5, "Total Cost": 2641043.88, "Plan Rows": 126321, "Plan Width": 59, "Inner Unique": false, "Plans": [{"Node Type": "Nested Loop", "Parent Relationship": "Outer", "Join Type": "Inner", "Startup Cost": 2315050.5, "Total Cost": 2627700.1, "Plan Rows": 13913, "Plan Width": 59, "Inner Unique": true, "Plans": [{"Node Type": "Nested Loop", "Parent Relationship": "Outer", "Join Type": "Inner", "Startup Cost": 2315050.5, "Total Cost": 2618076.97, "Plan Rows": 33034, "Plan Width": 40, "Inner Unique": true, "Plans": [{"Node Type": "Aggregate", "Strategy": "Hashed", "Parent Relationship": "Outer", "Startup Cost": 2315050.5, "Total Cost": 2381201.11, "Plan Rows": 33034, "Plan Width": 24, "Group By Key": ["public.lineitem.l_orderkey"], "Filter": "(sum(public.lineitem.l_quantity) > 314::double precision), (LLVM Optimized)", "Plans": [{"Node Type": "Seq Scan", "Parent Relationship": "Outer", "Relation Name": "lineitem", "Alias": "lineitem", "Startup Cost": 0.0, "Total Cost": 2015115.33, "Plan Rows": 59987033, "Plan Width": 16}]}, {"Node Type": "Index Scan", "Parent Relationship": "Inner", "Scan Direction": "Forward", "Index Name": "orders_pkey", "Relation Name": "orders", "Alias": "orders", "Startup Cost": 0.0, "Total Cost": 7.15, "Plan Rows": 1, "Plan Width": 32, "Index Cond": "(o_orderkey = public.lineitem.l_orderkey)"}]}, {"Node Type": "Index Scan", "Parent Relationship": "Inner", "Scan Direction": "Forward", "Index Name": "customer_pkey", "Relation Name": "customer", "Alias": "customer", "Startup Cost": 0.0, "Total Cost": 0.28, "Plan Rows": 1, "Plan Width": 27, "Index Cond": "(c_custkey = orders.o_custkey)"}]}, {"Node Type": "Index Scan", "Parent Relationship": "Inner", "Scan Direction": "Forward", "Index Name": "idx_lineitem_orderkey", "Relation Name": "lineitem", "Alias": "lineitem", "Startup Cost": 0.0, "Total Cost": 0.87, "Plan Rows": 9, "Plan Width": 16, "Index Cond": "(l_orderkey = orders.o_orderkey)"}]}]}]}]}, "Unique SQL Id": 1915754155, "Planner Runtime": 0}, "explain_analyze_plan": {"Plan": {"Node Type": "Limit", "Startup Cost": 2649029.8, "Total Cost": 2649030.05, "Plan Rows": 100, "Plan Width": 67, "Actual Startup Time": 54861.493, "Actual Total Time": 54861.508, "Actual Rows": 84, "Actual Loops": 1, "Plans": [{"Node Type": "Sort", "Parent Relationship": "Outer", "Startup Cost": 2649029.8, "Total Cost": 2649345.6, "Plan Rows": 100, "Plan Width": 67, "Actual Startup Time": 54861.49, "Actual Total Time": 54861.494, "Actual Rows": 84, "Actual Loops": 1, "Sort Key": ["orders.o_totalprice DESC", "orders.o_orderdate"], "Sort Method": "quicksort", "Sort Space Used": 38, "Sort Space Type": "Memory", "Plans": [{"Node Type": "Aggregate", "Strategy": "Hashed", "Parent Relationship": "Outer", "Startup Cost": 2642938.69, "Total Cost": 2644201.9, "Plan Rows": 126321, "Plan Width": 67, "Actual Startup Time": 54860.881, "Actual Total Time": 54861.367, "Actual Rows": 84, "Actual Loops": 1, "Group By Key": ["orders.o_totalprice", "orders.o_orderdate", "customer.c_name", "customer.c_custkey", "orders.o_orderkey"], "Plans": [{"Node Type": "Nested Loop", "Parent Relationship": "Outer", "Join Type": "Inner", "Startup Cost": 2315050.5, "Total Cost": 2641043.88, "Plan Rows": 126321, "Plan Width": 59, "Actual Startup Time": 49072.337, "Actual Total Time": 54858.992, "Actual Rows": 588, "Actual Loops": 1, "Inner Unique": false, "Plans": [{"Node Type": "Nested Loop", "Parent Relationship": "Outer", "Join Type": "Inner", "Startup Cost": 2315050.5, "Total Cost": 2627700.1, "Plan Rows": 13913, "Plan Width": 59, "Actual Startup Time": 49072.315, "Actual Total Time": 54856.844, "Actual Rows": 84, "Actual Loops": 1, "Inner Unique": true, "Plans": [{"Node Type": "Nested Loop", "Parent Relationship": "Outer", "Join Type": "Inner", "Startup Cost": 2315050.5, "Total Cost": 2618076.97, "Plan Rows": 33034, "Plan Width": 40, "Actual Startup Time": 49072.296, "Actual Total Time": 54855.643, "Actual Rows": 84, "Actual Loops": 1, "Inner Unique": true, "Plans": [{"Node Type": "Aggregate", "Strategy": "Hashed", "Parent Relationship": "Outer", "Startup Cost": 2315050.5, "Total Cost": 2381201.11, "Plan Rows": 33034, "Plan Width": 24, "Actual Startup Time": 49072.224, "Actual Total Time": 54835.622, "Actual Rows": 84, "Actual Loops": 1, "Group By Key": ["public.lineitem.l_orderkey"], "Filter": "(sum(public.lineitem.l_quantity) > 314::double precision), (LLVM Optimized, Jit Execute)", "Rows Removed by Filter": 14999916, "Plans": [{"Node Type": "Seq Scan", "Parent Relationship": "Outer", "Relation Name": "lineitem", "Alias": "lineitem", "Startup Cost": 0.0, "Total Cost": 2015115.33, "Plan Rows": 59987033, "Plan Width": 16, "Actual Startup Time": 0.051, "Actual Total Time": 20660.278, "Actual Rows": 59986052, "Actual Loops": 1}]}, {"Node Type": "Index Scan", "Parent Relationship": "Inner", "Scan Direction": "Forward", "Index Name": "orders_pkey", "Relation Name": "orders", "Alias": "orders", "Startup Cost": 0.0, "Total Cost": 7.15, "Plan Rows": 1, "Plan Width": 32, "Actual Startup Time": 2.649, "Actual Total Time": 2.649, "Actual Rows": 84, "Actual Loops": 84, "Index Cond": "(o_orderkey = public.lineitem.l_orderkey)", "Rows Removed by Index Recheck": 0}]}, {"Node Type": "Index Scan", "Parent Relationship": "Inner", "Scan Direction": "Forward", "Index Name": "customer_pkey", "Relation Name": "customer", "Alias": "customer", "Startup Cost": 0.0, "Total Cost": 0.28, "Plan Rows": 1, "Plan Width": 27, "Actual Startup Time": 0.851, "Actual Total Time": 0.851, "Actual Rows": 84, "Actual Loops": 84, "Index Cond": "(c_custkey = orders.o_custkey)", "Rows Removed by Index Recheck": 0}]}, {"Node Type": "Index Scan", "Parent Relationship": "Inner", "Scan Direction": "Forward", "Index Name": "idx_lineitem_orderkey", "Relation Name": "lineitem", "Alias": "lineitem", "Startup Cost": 0.0, "Total Cost": 0.87, "Plan Rows": 9, "Plan Width": 16, "Actual Startup Time": 1.215, "Actual Total Time": 1.721, "Actual Rows": 588, "Actual Loops": 84, "Index Cond": "(l_orderkey = orders.o_orderkey)", "Rows Removed by Index Recheck": 0}]}]}]}]}, "Triggers": [], "Planner Runtime": 2.136, "Total Runtime": 54871.674, "Unique SQL Id": 1915754155}}, "(64, '121')": {"explain_plan": {"Plan": {"Node Type": "Limit", "Startup Cost": 3874068.21, "Total Cost": 3874068.46, "Plan Rows": 100, "Plan Width": 67, "Plans": [{"Node Type": "Sort", "Parent Relationship": "Outer", "Startup Cost": 3874068.21, "Total Cost": 3874384.02, "Plan Rows": 100, "Plan Width": 67, "Sort Key": ["orders.o_totalprice DESC", "orders.o_orderdate"], "Plans": [{"Node Type": "Aggregate", "Strategy": "Hashed", "Parent Relationship": "Outer", "Startup Cost": 3867977.11, "Total Cost": 3869240.32, "Plan Rows": 126321, "Plan Width": 67, "Group By Key": ["orders.o_totalprice", "orders.o_orderdate", "customer.c_name", "customer.c_custkey", "orders.o_orderkey"], "Plans": [{"Node Type": "Nested Loop", "Parent Relationship": "Outer", "Join Type": "Inner", "Startup Cost": 3540088.91, "Total Cost": 3866082.29, "Plan Rows": 126321, "Plan Width": 59, "Inner Unique": false, "Plans": [{"Node Type": "Nested Loop", "Parent Relationship": "Outer", "Join Type": "Inner", "Startup Cost": 3540088.91, "Total Cost": 3852738.51, "Plan Rows": 13913, "Plan Width": 59, "Inner Unique": true, "Plans": [{"Node Type": "Nested Loop", "Parent Relationship": "Outer", "Join Type": "Inner", "Startup Cost": 3540088.91, "Total Cost": 3843115.38, "Plan Rows": 33034, "Plan Width": 40, "Inner Unique": true, "Plans": [{"Node Type": "Aggregate", "Strategy": "Hashed", "Parent Relationship": "Outer", "Startup Cost": 3540088.91, "Total Cost": 3606239.52, "Plan Rows": 33034, "Plan Width": 24, "Group By Key": ["public.lineitem.l_orderkey"], "Filter": "(sum(public.lineitem.l_quantity) > 314::double precision), (LLVM Optimized)", "Plans": [{"Node Type": "Index Scan", "Parent Relationship": "Outer", "Scan Direction": "Forward", "Index Name": "idx_lineitem_orderkey", "Relation Name": "lineitem", "Alias": "lineitem", "Startup Cost": 0.0, "Total Cost": 3240153.75, "Plan Rows": 59987033, "Plan Width": 16}]}, {"Node Type": "Index Scan", "Parent Relationship": "Inner", "Scan Direction": "Forward", "Index Name": "orders_pkey", "Relation Name": "orders", "Alias": "orders", "Startup Cost": 0.0, "Total Cost": 7.15, "Plan Rows": 1, "Plan Width": 32, "Index Cond": "(o_orderkey = public.lineitem.l_orderkey)"}]}, {"Node Type": "Index Scan", "Parent Relationship": "Inner", "Scan Direction": "Forward", "Index Name": "customer_pkey", "Relation Name": "customer", "Alias": "customer", "Startup Cost": 0.0, "Total Cost": 0.28, "Plan Rows": 1, "Plan Width": 27, "Index Cond": "(c_custkey = orders.o_custkey)"}]}, {"Node Type": "Index Scan", "Parent Relationship": "Inner", "Scan Direction": "Forward", "Index Name": "idx_lineitem_orderkey", "Relation Name": "lineitem", "Alias": "lineitem", "Startup Cost": 0.0, "Total Cost": 0.87, "Plan Rows": 9, "Plan Width": 16, "Index Cond": "(l_orderkey = orders.o_orderkey)"}]}]}]}]}, "Unique SQL Id": 1915754155, "Planner Runtime": 0}, "explain_analyze_plan": {"Plan": {"Node Type": "Limit", "Startup Cost": 3874068.21, "Total Cost": 3874068.46, "Plan Rows": 100, "Plan Width": 67, "Actual Startup Time": 78667.563, "Actual Total Time": 78667.58, "Actual Rows": 84, "Actual Loops": 1, "Plans": [{"Node Type": "Sort", "Parent Relationship": "Outer", "Startup Cost": 3874068.21, "Total Cost": 3874384.02, "Plan Rows": 100, "Plan Width": 67, "Actual Startup Time": 78667.561, "Actual Total Time": 78667.57, "Actual Rows": 84, "Actual Loops": 1, "Sort Key": ["orders.o_totalprice DESC", "orders.o_orderdate"], "Sort Method": "quicksort", "Sort Space Used": 38, "Sort Space Type": "Memory", "Plans": [{"Node Type": "Aggregate", "Strategy": "Hashed", "Parent Relationship": "Outer", "Startup Cost": 3867977.11, "Total Cost": 3869240.32, "Plan Rows": 126321, "Plan Width": 67, "Actual Startup Time": 78666.912, "Actual Total Time": 78667.456, "Actual Rows": 84, "Actual Loops": 1, "Group By Key": ["orders.o_totalprice", "orders.o_orderdate", "customer.c_name", "customer.c_custkey", "orders.o_orderkey"], "Plans": [{"Node Type": "Nested Loop", "Parent Relationship": "Outer", "Join Type": "Inner", "Startup Cost": 3540088.91, "Total Cost": 3866082.29, "Plan Rows": 126321, "Plan Width": 59, "Actual Startup Time": 71346.529, "Actual Total Time": 78665.231, "Actual Rows": 588, "Actual Loops": 1, "Inner Unique": false, "Plans": [{"Node Type": "Nested Loop", "Parent Relationship": "Outer", "Join Type": "Inner", "Startup Cost": 3540088.91, "Total Cost": 3852738.51, "Plan Rows": 13913, "Plan Width": 59, "Actual Startup Time": 71346.496, "Actual Total Time": 78662.632, "Actual Rows": 84, "Actual Loops": 1, "Inner Unique": true, "Plans": [{"Node Type": "Nested Loop", "Parent Relationship": "Outer", "Join Type": "Inner", "Startup Cost": 3540088.91, "Total Cost": 3843115.38, "Plan Rows": 33034, "Plan Width": 40, "Actual Startup Time": 71346.464, "Actual Total Time": 78660.834, "Actual Rows": 84, "Actual Loops": 1, "Inner Unique": true, "Plans": [{"Node Type": "Aggregate", "Strategy": "Hashed", "Parent Relationship": "Outer", "Startup Cost": 3540088.91, "Total Cost": 3606239.52, "Plan Rows": 33034, "Plan Width": 24, "Actual Startup Time": 71346.402, "Actual Total Time": 78640.855, "Actual Rows": 84, "Actual Loops": 1, "Group By Key": ["public.lineitem.l_orderkey"], "Filter": "(sum(public.lineitem.l_quantity) > 314::double precision), (LLVM Optimized, Jit Execute)", "Rows Removed by Filter": 14999916, "Plans": [{"Node Type": "Index Scan", "Parent Relationship": "Outer", "Scan Direction": "Forward", "Index Name": "idx_lineitem_orderkey", "Relation Name": "lineitem", "Alias": "lineitem", "Startup Cost": 0.0, "Total Cost": 3240153.75, "Plan Rows": 59987033, "Plan Width": 16, "Actual Startup Time": 0.07, "Actual Total Time": 42499.927, "Actual Rows": 59986052, "Actual Loops": 1}]}, {"Node Type": "Index Scan", "Parent Relationship": "Inner", "Scan Direction": "Forward", "Index Name": "orders_pkey", "Relation Name": "orders", "Alias": "orders", "Startup Cost": 0.0, "Total Cost": 7.15, "Plan Rows": 1, "Plan Width": 32, "Actual Startup Time": 2.739, "Actual Total Time": 2.739, "Actual Rows": 84, "Actual Loops": 84, "Index Cond": "(o_orderkey = public.lineitem.l_orderkey)", "Rows Removed by Index Recheck": 0}]}, {"Node Type": "Index Scan", "Parent Relationship": "Inner", "Scan Direction": "Forward", "Index Name": "customer_pkey", "Relation Name": "customer", "Alias": "customer", "Startup Cost": 0.0, "Total Cost": 0.28, "Plan Rows": 1, "Plan Width": 27, "Actual Startup Time": 1.301, "Actual Total Time": 1.301, "Actual Rows": 84, "Actual Loops": 84, "Index Cond": "(c_custkey = orders.o_custkey)", "Rows Removed by Index Recheck": 0}]}, {"Node Type": "Index Scan", "Parent Relationship": "Inner", "Scan Direction": "Forward", "Index Name": "idx_lineitem_orderkey", "Relation Name": "lineitem", "Alias": "lineitem", "Startup Cost": 0.0, "Total Cost": 0.87, "Plan Rows": 9, "Plan Width": 16, "Actual Startup Time": 1.627, "Actual Total Time": 2.06, "Actual Rows": 588, "Actual Loops": 84, "Index Cond": "(l_orderkey = orders.o_orderkey)", "Rows Removed by Index Recheck": 0}]}]}]}]}, "Triggers": [], "Planner Runtime": 2.114, "Total Runtime": 78676.91, "Unique SQL Id": 1915754155}}, "(64, '122')": {"explain_plan": {"Plan": {"Node Type": "Limit", "Startup Cost": 20699534063.67, "Total Cost": 20699534063.92, "Plan Rows": 100, "Plan Width": 67, "Plans": [{"Node Type": "Sort", "Parent Relationship": "Outer", "Startup Cost": 20699534063.67, "Total Cost": 20699534379.47, "Plan Rows": 100, "Plan Width": 67, "Sort Key": ["orders.o_totalprice DESC", "orders.o_orderdate"], "Plans": [{"Node Type": "Aggregate", "Strategy": "Hashed", "Parent Relationship": "Outer", "Startup Cost": 20699527972.56, "Total Cost": 20699529235.77, "Plan Rows": 126321, "Plan Width": 67, "Group By Key": ["orders.o_totalprice", "orders.o_orderdate", "customer.c_name", "customer.c_custkey", "orders.o_orderkey"], "Plans": [{"Node Type": "Nested Loop", "Parent Relationship": "Outer", "Join Type": "Inner", "Startup Cost": 2315050.5, "Total Cost": 20699526077.75, "Plan Rows": 126321, "Plan Width": 59, "Inner Unique": false, "Join Filter": "(orders.o_orderkey = public.lineitem.l_orderkey), (LLVM Optimized)", "Plans": [{"Node Type": "Seq Scan", "Parent Relationship": "Outer", "Relation Name": "lineitem", "Alias": "lineitem", "Startup Cost": 0.0, "Total Cost": 2015115.33, "Plan Rows": 59987033, "Plan Width": 16}, {"Node Type": "Materialize", "Parent Relationship": "Inner", "Startup Cost": 2315050.5, "Total Cost": 8178517145.27, "Plan Rows": 13913, "Plan Width": 59, "Plans": [{"Node Type": "Nested Loop", "Parent Relationship": "Outer", "Join Type": "Inner", "Startup Cost": 2315050.5, "Total Cost": 8178517075.7, "Plan Rows": 13913, "Plan Width": 59, "Inner Unique": false, "Join Filter": "(orders.o_custkey = customer.c_custkey)", "Plans": [{"Node Type": "Seq Scan", "Parent Relationship": "Outer", "Relation Name": "customer", "Alias": "customer", "Startup Cost": 0.0, "Total Cost": 52126.0, "Plan Rows": 1500000, "Plan Width": 27}, {"Node Type": "Materialize", "Parent Relationship": "Inner", "Startup Cost": 2315050.5, "Total Cost": 7435200032.29, "Plan Rows": 33034, "Plan Width": 40, "Plans": [{"Node Type": "Nested Loop", "Parent Relationship": "Outer", "Join Type": "Semi", "Startup Cost": 2315050.5, "Total Cost": 7435199867.12, "Plan Rows": 33034, "Plan Width": 40, "Inner Unique": false, "Join Filter": "(orders.o_orderkey = public.lineitem.l_orderkey)", "Plans": [{"Node Type": "Seq Scan", "Parent Relationship": "Outer", "Relation Name": "orders", "Alias": "orders", "Startup Cost": 0.0, "Total Cost": 426413.79, "Plan Rows": 14999479, "Plan Width": 32}, {"Node Type": "Materialize", "Parent Relationship": "Inner", "Startup Cost": 2315050.5, "Total Cost": 2381696.62, "Plan Rows": 33034, "Plan Width": 8, "Plans": [{"Node Type": "Aggregate", "Strategy": "Hashed", "Parent Relationship": "Outer", "Startup Cost": 2315050.5, "Total Cost": 2381201.11, "Plan Rows": 33034, "Plan Width": 24, "Group By Key": ["public.lineitem.l_orderkey"], "Filter": "(sum(public.lineitem.l_quantity) > 314::double precision), (LLVM Optimized)", "Plans": [{"Node Type": "Seq Scan", "Parent Relationship": "Outer", "Relation Name": "lineitem", "Alias": "lineitem", "Startup Cost": 0.0, "Total Cost": 2015115.33, "Plan Rows": 59987033, "Plan Width": 16}]}]}]}]}]}]}]}]}]}]}, "Unique SQL Id": 1915754155, "Planner Runtime": 0}, "explain_analyze_plan": null}, "(64, '123')": {"explain_plan": {"Plan": {"Node Type": "Limit", "Startup Cost": 4021424234088.76, "Total Cost": 4021424234089.01, "Plan Rows": 100, "Plan Width": 67, "Plans": [{"Node Type": "Sort", "Parent Relationship": "Outer", "Startup Cost": 4021424234088.76, "Total Cost": 4021424234404.56, "Plan Rows": 100, "Plan Width": 67, "Sort Key": ["orders.o_totalprice DESC", "orders.o_orderdate"], "Plans": [{"Node Type": "Aggregate", "Strategy": "Hashed", "Parent Relationship": "Outer", "Startup Cost": 4021424227997.65, "Total Cost": 4021424229260.86, "Plan Rows": 126321, "Plan Width": 67, "Group By Key": ["orders.o_totalprice", "orders.o_orderdate", "customer.c_name", "customer.c_custkey", "orders.o_orderkey"], "Plans": [{"Node Type": "Nested Loop", "Parent Relationship": "Outer", "Join Type": "Inner", "Startup Cost": 1030324315309.67, "Total Cost": 4021424226102.83, "Plan Rows": 126321, "Plan Width": 59, "Inner Unique": false, "Join Filter": "(orders.o_orderkey = public.lineitem.l_orderkey), (LLVM Optimized)", "Plans": [{"Node Type": "Index Scan", "Parent Relationship": "Outer", "Scan Direction": "Forward", "Index Name": "idx_lineitem_orderkey", "Relation Name": "lineitem", "Alias": "lineitem", "Startup Cost": 10000000000.0, "Total Cost": 1000324015374.5, "Plan Rows": 59987033, "Plan Width": 16}, {"Node Type": "Materialize", "Parent Relationship": "Inner", "Startup Cost": 1020324315309.67, "Total Cost": 3008581216911.18, "Plan Rows": 13913, "Plan Width": 59, "Plans": [{"Node Type": "Nested Loop", "Parent Relationship": "Outer", "Join Type": "Inner", "Startup Cost": 1020324315309.67, "Total Cost": 3008581216841.62, "Plan Rows": 13913, "Plan Width": 59, "Inner Unique": true, "Join Filter": "(orders.o_custkey = customer.c_custkey)", "Plans": [{"Node Type": "Nested Loop", "Parent Relationship": "Outer", "Join Type": "Semi", "Startup Cost": 1010324315309.67, "Total Cost": 2007829871556.0, "Plan Rows": 33034, "Plan Width": 40, "Inner Unique": false, "Join Filter": "(orders.o_orderkey = public.lineitem.l_orderkey)", "Plans": [{"Node Type": "Index Scan", "Parent Relationship": "Outer", "Scan Direction": "Forward", "Index Name": "orders_pkey", "Relation Name": "orders", "Alias": "orders", "Startup Cost": 10000000000.0, "Total Cost": 1000073097843.5, "Plan Rows": 14999479, "Plan Width": 32}, {"Node Type": "Materialize", "Parent Relationship": "Inner", "Startup Cost": 1000324315309.67, "Total Cost": 1000324381955.79, "Plan Rows": 33034, "Plan Width": 8, "Plans": [{"Node Type": "Aggregate", "Strategy": "Hashed", "Parent Relationship": "Outer", "Startup Cost": 1000324315309.67, "Total Cost": 1000324381460.28, "Plan Rows": 33034, "Plan Width": 24, "Group By Key": ["public.lineitem.l_orderkey"], "Filter": "(sum(public.lineitem.l_quantity) > 314::double precision), (LLVM Optimized)", "Plans": [{"Node Type": "Index Scan", "Parent Relationship": "Outer", "Scan Direction": "Forward", "Index Name": "idx_lineitem_orderkey", "Relation Name": "lineitem", "Alias": "lineitem", "Startup Cost": 10000000000.0, "Total Cost": 1000324015374.5, "Plan Rows": 59987033, "Plan Width": 16}]}]}]}, {"Node Type": "Materialize", "Parent Relationship": "Inner", "Startup Cost": 10000000000.0, "Total Cost": 1000008084035.62, "Plan Rows": 1500000, "Plan Width": 27, "Plans": [{"Node Type": "Index Scan", "Parent Relationship": "Outer", "Scan Direction": "Forward", "Index Name": "customer_pkey", "Relation Name": "customer", "Alias": "customer", "Startup Cost": 10000000000.0, "Total Cost": 1000008076535.62, "Plan Rows": 1500000, "Plan Width": 27}]}]}]}]}]}]}]}, "Unique SQL Id": 1915754155, "Planner Runtime": 0}, "explain_analyze_plan": null}, "(64, '124')": {"explain_plan": {"Plan": {"Node Type": "Limit", "Startup Cost": 2649029.8, "Total Cost": 2649030.05, "Plan Rows": 100, "Plan Width": 67, "Plans": [{"Node Type": "Sort", "Parent Relationship": "Outer", "Startup Cost": 2649029.8, "Total Cost": 2649345.6, "Plan Rows": 100, "Plan Width": 67, "Sort Key": ["orders.o_totalprice DESC", "orders.o_orderdate"], "Plans": [{"Node Type": "Aggregate", "Strategy": "Hashed", "Parent Relationship": "Outer", "Startup Cost": 2642938.69, "Total Cost": 2644201.9, "Plan Rows": 126321, "Plan Width": 67, "Group By Key": ["orders.o_totalprice", "orders.o_orderdate", "customer.c_name", "customer.c_custkey", "orders.o_orderkey"], "Plans": [{"Node Type": "Nested Loop", "Parent Relationship": "Outer", "Join Type": "Inner", "Startup Cost": 2315050.5, "Total Cost": 2641043.88, "Plan Rows": 126321, "Plan Width": 59, "Inner Unique": false, "Plans": [{"Node Type": "Nested Loop", "Parent Relationship": "Outer", "Join Type": "Inner", "Startup Cost": 2315050.5, "Total Cost": 2627700.1, "Plan Rows": 13913, "Plan Width": 59, "Inner Unique": true, "Plans": [{"Node Type": "Nested Loop", "Parent Relationship": "Outer", "Join Type": "Inner", "Startup Cost": 2315050.5, "Total Cost": 2618076.97, "Plan Rows": 33034, "Plan Width": 40, "Inner Unique": true, "Plans": [{"Node Type": "Aggregate", "Strategy": "Hashed", "Parent Relationship": "Outer", "Startup Cost": 2315050.5, "Total Cost": 2381201.11, "Plan Rows": 33034, "Plan Width": 24, "Group By Key": ["public.lineitem.l_orderkey"], "Filter": "(sum(public.lineitem.l_quantity) > 314::double precision), (LLVM Optimized)", "Plans": [{"Node Type": "Seq Scan", "Parent Relationship": "Outer", "Relation Name": "lineitem", "Alias": "lineitem", "Startup Cost": 0.0, "Total Cost": 2015115.33, "Plan Rows": 59987033, "Plan Width": 16}]}, {"Node Type": "Index Scan", "Parent Relationship": "Inner", "Scan Direction": "Forward", "Index Name": "orders_pkey", "Relation Name": "orders", "Alias": "orders", "Startup Cost": 0.0, "Total Cost": 7.15, "Plan Rows": 1, "Plan Width": 32, "Index Cond": "(o_orderkey = public.lineitem.l_orderkey)"}]}, {"Node Type": "Index Scan", "Parent Relationship": "Inner", "Scan Direction": "Forward", "Index Name": "customer_pkey", "Relation Name": "customer", "Alias": "customer", "Startup Cost": 0.0, "Total Cost": 0.28, "Plan Rows": 1, "Plan Width": 27, "Index Cond": "(c_custkey = orders.o_custkey)"}]}, {"Node Type": "Index Scan", "Parent Relationship": "Inner", "Scan Direction": "Forward", "Index Name": "idx_lineitem_orderkey", "Relation Name": "lineitem", "Alias": "lineitem", "Startup Cost": 0.0, "Total Cost": 0.87, "Plan Rows": 9, "Plan Width": 16, "Index Cond": "(l_orderkey = orders.o_orderkey)"}]}]}]}]}, "Unique SQL Id": 1915754155, "Planner Runtime": 0}, "explain_analyze_plan": {"Plan": {"Node Type": "Limit", "Startup Cost": 2649029.8, "Total Cost": 2649030.05, "Plan Rows": 100, "Plan Width": 67, "Actual Startup Time": 54861.493, "Actual Total Time": 54861.508, "Actual Rows": 84, "Actual Loops": 1, "Plans": [{"Node Type": "Sort", "Parent Relationship": "Outer", "Startup Cost": 2649029.8, "Total Cost": 2649345.6, "Plan Rows": 100, "Plan Width": 67, "Actual Startup Time": 54861.49, "Actual Total Time": 54861.494, "Actual Rows": 84, "Actual Loops": 1, "Sort Key": ["orders.o_totalprice DESC", "orders.o_orderdate"], "Sort Method": "quicksort", "Sort Space Used": 38, "Sort Space Type": "Memory", "Plans": [{"Node Type": "Aggregate", "Strategy": "Hashed", "Parent Relationship": "Outer", "Startup Cost": 2642938.69, "Total Cost": 2644201.9, "Plan Rows": 126321, "Plan Width": 67, "Actual Startup Time": 54860.881, "Actual Total Time": 54861.367, "Actual Rows": 84, "Actual Loops": 1, "Group By Key": ["orders.o_totalprice", "orders.o_orderdate", "customer.c_name", "customer.c_custkey", "orders.o_orderkey"], "Plans": [{"Node Type": "Nested Loop", "Parent Relationship": "Outer", "Join Type": "Inner", "Startup Cost": 2315050.5, "Total Cost": 2641043.88, "Plan Rows": 126321, "Plan Width": 59, "Actual Startup Time": 49072.337, "Actual Total Time": 54858.992, "Actual Rows": 588, "Actual Loops": 1, "Inner Unique": false, "Plans": [{"Node Type": "Nested Loop", "Parent Relationship": "Outer", "Join Type": "Inner", "Startup Cost": 2315050.5, "Total Cost": 2627700.1, "Plan Rows": 13913, "Plan Width": 59, "Actual Startup Time": 49072.315, "Actual Total Time": 54856.844, "Actual Rows": 84, "Actual Loops": 1, "Inner Unique": true, "Plans": [{"Node Type": "Nested Loop", "Parent Relationship": "Outer", "Join Type": "Inner", "Startup Cost": 2315050.5, "Total Cost": 2618076.97, "Plan Rows": 33034, "Plan Width": 40, "Actual Startup Time": 49072.296, "Actual Total Time": 54855.643, "Actual Rows": 84, "Actual Loops": 1, "Inner Unique": true, "Plans": [{"Node Type": "Aggregate", "Strategy": "Hashed", "Parent Relationship": "Outer", "Startup Cost": 2315050.5, "Total Cost": 2381201.11, "Plan Rows": 33034, "Plan Width": 24, "Actual Startup Time": 49072.224, "Actual Total Time": 54835.622, "Actual Rows": 84, "Actual Loops": 1, "Group By Key": ["public.lineitem.l_orderkey"], "Filter": "(sum(public.lineitem.l_quantity) > 314::double precision), (LLVM Optimized, Jit Execute)", "Rows Removed by Filter": 14999916, "Plans": [{"Node Type": "Seq Scan", "Parent Relationship": "Outer", "Relation Name": "lineitem", "Alias": "lineitem", "Startup Cost": 0.0, "Total Cost": 2015115.33, "Plan Rows": 59987033, "Plan Width": 16, "Actual Startup Time": 0.051, "Actual Total Time": 20660.278, "Actual Rows": 59986052, "Actual Loops": 1}]}, {"Node Type": "Index Scan", "Parent Relationship": "Inner", "Scan Direction": "Forward", "Index Name": "orders_pkey", "Relation Name": "orders", "Alias": "orders", "Startup Cost": 0.0, "Total Cost": 7.15, "Plan Rows": 1, "Plan Width": 32, "Actual Startup Time": 2.649, "Actual Total Time": 2.649, "Actual Rows": 84, "Actual Loops": 84, "Index Cond": "(o_orderkey = public.lineitem.l_orderkey)", "Rows Removed by Index Recheck": 0}]}, {"Node Type": "Index Scan", "Parent Relationship": "Inner", "Scan Direction": "Forward", "Index Name": "customer_pkey", "Relation Name": "customer", "Alias": "customer", "Startup Cost": 0.0, "Total Cost": 0.28, "Plan Rows": 1, "Plan Width": 27, "Actual Startup Time": 0.851, "Actual Total Time": 0.851, "Actual Rows": 84, "Actual Loops": 84, "Index Cond": "(c_custkey = orders.o_custkey)", "Rows Removed by Index Recheck": 0}]}, {"Node Type": "Index Scan", "Parent Relationship": "Inner", "Scan Direction": "Forward", "Index Name": "idx_lineitem_orderkey", "Relation Name": "lineitem", "Alias": "lineitem", "Startup Cost": 0.0, "Total Cost": 0.87, "Plan Rows": 9, "Plan Width": 16, "Actual Startup Time": 1.215, "Actual Total Time": 1.721, "Actual Rows": 588, "Actual Loops": 84, "Index Cond": "(l_orderkey = orders.o_orderkey)", "Rows Removed by Index Recheck": 0}]}]}]}]}, "Triggers": [], "Planner Runtime": 2.136, "Total Runtime": 54871.674, "Unique SQL Id": 1915754155}}, "(64, '125')": {"explain_plan": {"Plan": {"Node Type": "Limit", "Startup Cost": 3874068.21, "Total Cost": 3874068.46, "Plan Rows": 100, "Plan Width": 67, "Plans": [{"Node Type": "Sort", "Parent Relationship": "Outer", "Startup Cost": 3874068.21, "Total Cost": 3874384.02, "Plan Rows": 100, "Plan Width": 67, "Sort Key": ["orders.o_totalprice DESC", "orders.o_orderdate"], "Plans": [{"Node Type": "Aggregate", "Strategy": "Hashed", "Parent Relationship": "Outer", "Startup Cost": 3867977.11, "Total Cost": 3869240.32, "Plan Rows": 126321, "Plan Width": 67, "Group By Key": ["orders.o_totalprice", "orders.o_orderdate", "customer.c_name", "customer.c_custkey", "orders.o_orderkey"], "Plans": [{"Node Type": "Nested Loop", "Parent Relationship": "Outer", "Join Type": "Inner", "Startup Cost": 3540088.91, "Total Cost": 3866082.29, "Plan Rows": 126321, "Plan Width": 59, "Inner Unique": false, "Plans": [{"Node Type": "Nested Loop", "Parent Relationship": "Outer", "Join Type": "Inner", "Startup Cost": 3540088.91, "Total Cost": 3852738.51, "Plan Rows": 13913, "Plan Width": 59, "Inner Unique": true, "Plans": [{"Node Type": "Nested Loop", "Parent Relationship": "Outer", "Join Type": "Inner", "Startup Cost": 3540088.91, "Total Cost": 3843115.38, "Plan Rows": 33034, "Plan Width": 40, "Inner Unique": true, "Plans": [{"Node Type": "Aggregate", "Strategy": "Hashed", "Parent Relationship": "Outer", "Startup Cost": 3540088.91, "Total Cost": 3606239.52, "Plan Rows": 33034, "Plan Width": 24, "Group By Key": ["public.lineitem.l_orderkey"], "Filter": "(sum(public.lineitem.l_quantity) > 314::double precision), (LLVM Optimized)", "Plans": [{"Node Type": "Index Scan", "Parent Relationship": "Outer", "Scan Direction": "Forward", "Index Name": "idx_lineitem_orderkey", "Relation Name": "lineitem", "Alias": "lineitem", "Startup Cost": 0.0, "Total Cost": 3240153.75, "Plan Rows": 59987033, "Plan Width": 16}]}, {"Node Type": "Index Scan", "Parent Relationship": "Inner", "Scan Direction": "Forward", "Index Name": "orders_pkey", "Relation Name": "orders", "Alias": "orders", "Startup Cost": 0.0, "Total Cost": 7.15, "Plan Rows": 1, "Plan Width": 32, "Index Cond": "(o_orderkey = public.lineitem.l_orderkey)"}]}, {"Node Type": "Index Scan", "Parent Relationship": "Inner", "Scan Direction": "Forward", "Index Name": "customer_pkey", "Relation Name": "customer", "Alias": "customer", "Startup Cost": 0.0, "Total Cost": 0.28, "Plan Rows": 1, "Plan Width": 27, "Index Cond": "(c_custkey = orders.o_custkey)"}]}, {"Node Type": "Index Scan", "Parent Relationship": "Inner", "Scan Direction": "Forward", "Index Name": "idx_lineitem_orderkey", "Relation Name": "lineitem", "Alias": "lineitem", "Startup Cost": 0.0, "Total Cost": 0.87, "Plan Rows": 9, "Plan Width": 16, "Index Cond": "(l_orderkey = orders.o_orderkey)"}]}]}]}]}, "Unique SQL Id": 1915754155, "Planner Runtime": 0}, "explain_analyze_plan": {"Plan": {"Node Type": "Limit", "Startup Cost": 3874068.21, "Total Cost": 3874068.46, "Plan Rows": 100, "Plan Width": 67, "Actual Startup Time": 78667.563, "Actual Total Time": 78667.58, "Actual Rows": 84, "Actual Loops": 1, "Plans": [{"Node Type": "Sort", "Parent Relationship": "Outer", "Startup Cost": 3874068.21, "Total Cost": 3874384.02, "Plan Rows": 100, "Plan Width": 67, "Actual Startup Time": 78667.561, "Actual Total Time": 78667.57, "Actual Rows": 84, "Actual Loops": 1, "Sort Key": ["orders.o_totalprice DESC", "orders.o_orderdate"], "Sort Method": "quicksort", "Sort Space Used": 38, "Sort Space Type": "Memory", "Plans": [{"Node Type": "Aggregate", "Strategy": "Hashed", "Parent Relationship": "Outer", "Startup Cost": 3867977.11, "Total Cost": 3869240.32, "Plan Rows": 126321, "Plan Width": 67, "Actual Startup Time": 78666.912, "Actual Total Time": 78667.456, "Actual Rows": 84, "Actual Loops": 1, "Group By Key": ["orders.o_totalprice", "orders.o_orderdate", "customer.c_name", "customer.c_custkey", "orders.o_orderkey"], "Plans": [{"Node Type": "Nested Loop", "Parent Relationship": "Outer", "Join Type": "Inner", "Startup Cost": 3540088.91, "Total Cost": 3866082.29, "Plan Rows": 126321, "Plan Width": 59, "Actual Startup Time": 71346.529, "Actual Total Time": 78665.231, "Actual Rows": 588, "Actual Loops": 1, "Inner Unique": false, "Plans": [{"Node Type": "Nested Loop", "Parent Relationship": "Outer", "Join Type": "Inner", "Startup Cost": 3540088.91, "Total Cost": 3852738.51, "Plan Rows": 13913, "Plan Width": 59, "Actual Startup Time": 71346.496, "Actual Total Time": 78662.632, "Actual Rows": 84, "Actual Loops": 1, "Inner Unique": true, "Plans": [{"Node Type": "Nested Loop", "Parent Relationship": "Outer", "Join Type": "Inner", "Startup Cost": 3540088.91, "Total Cost": 3843115.38, "Plan Rows": 33034, "Plan Width": 40, "Actual Startup Time": 71346.464, "Actual Total Time": 78660.834, "Actual Rows": 84, "Actual Loops": 1, "Inner Unique": true, "Plans": [{"Node Type": "Aggregate", "Strategy": "Hashed", "Parent Relationship": "Outer", "Startup Cost": 3540088.91, "Total Cost": 3606239.52, "Plan Rows": 33034, "Plan Width": 24, "Actual Startup Time": 71346.402, "Actual Total Time": 78640.855, "Actual Rows": 84, "Actual Loops": 1, "Group By Key": ["public.lineitem.l_orderkey"], "Filter": "(sum(public.lineitem.l_quantity) > 314::double precision), (LLVM Optimized, Jit Execute)", "Rows Removed by Filter": 14999916, "Plans": [{"Node Type": "Index Scan", "Parent Relationship": "Outer", "Scan Direction": "Forward", "Index Name": "idx_lineitem_orderkey", "Relation Name": "lineitem", "Alias": "lineitem", "Startup Cost": 0.0, "Total Cost": 3240153.75, "Plan Rows": 59987033, "Plan Width": 16, "Actual Startup Time": 0.07, "Actual Total Time": 42499.927, "Actual Rows": 59986052, "Actual Loops": 1}]}, {"Node Type": "Index Scan", "Parent Relationship": "Inner", "Scan Direction": "Forward", "Index Name": "orders_pkey", "Relation Name": "orders", "Alias": "orders", "Startup Cost": 0.0, "Total Cost": 7.15, "Plan Rows": 1, "Plan Width": 32, "Actual Startup Time": 2.739, "Actual Total Time": 2.739, "Actual Rows": 84, "Actual Loops": 84, "Index Cond": "(o_orderkey = public.lineitem.l_orderkey)", "Rows Removed by Index Recheck": 0}]}, {"Node Type": "Index Scan", "Parent Relationship": "Inner", "Scan Direction": "Forward", "Index Name": "customer_pkey", "Relation Name": "customer", "Alias": "customer", "Startup Cost": 0.0, "Total Cost": 0.28, "Plan Rows": 1, "Plan Width": 27, "Actual Startup Time": 1.301, "Actual Total Time": 1.301, "Actual Rows": 84, "Actual Loops": 84, "Index Cond": "(c_custkey = orders.o_custkey)", "Rows Removed by Index Recheck": 0}]}, {"Node Type": "Index Scan", "Parent Relationship": "Inner", "Scan Direction": "Forward", "Index Name": "idx_lineitem_orderkey", "Relation Name": "lineitem", "Alias": "lineitem", "Startup Cost": 0.0, "Total Cost": 0.87, "Plan Rows": 9, "Plan Width": 16, "Actual Startup Time": 1.627, "Actual Total Time": 2.06, "Actual Rows": 588, "Actual Loops": 84, "Index Cond": "(l_orderkey = orders.o_orderkey)", "Rows Removed by Index Recheck": 0}]}]}]}]}, "Triggers": [], "Planner Runtime": 2.114, "Total Runtime": 78676.91, "Unique SQL Id": 1915754155}}, "(64, '126')": {"explain_plan": {"Plan": {"Node Type": "Limit", "Startup Cost": 20699534063.67, "Total Cost": 20699534063.92, "Plan Rows": 100, "Plan Width": 67, "Plans": [{"Node Type": "Sort", "Parent Relationship": "Outer", "Startup Cost": 20699534063.67, "Total Cost": 20699534379.47, "Plan Rows": 100, "Plan Width": 67, "Sort Key": ["orders.o_totalprice DESC", "orders.o_orderdate"], "Plans": [{"Node Type": "Aggregate", "Strategy": "Hashed", "Parent Relationship": "Outer", "Startup Cost": 20699527972.56, "Total Cost": 20699529235.77, "Plan Rows": 126321, "Plan Width": 67, "Group By Key": ["orders.o_totalprice", "orders.o_orderdate", "customer.c_name", "customer.c_custkey", "orders.o_orderkey"], "Plans": [{"Node Type": "Nested Loop", "Parent Relationship": "Outer", "Join Type": "Inner", "Startup Cost": 2315050.5, "Total Cost": 20699526077.75, "Plan Rows": 126321, "Plan Width": 59, "Inner Unique": false, "Join Filter": "(orders.o_orderkey = public.lineitem.l_orderkey), (LLVM Optimized)", "Plans": [{"Node Type": "Seq Scan", "Parent Relationship": "Outer", "Relation Name": "lineitem", "Alias": "lineitem", "Startup Cost": 0.0, "Total Cost": 2015115.33, "Plan Rows": 59987033, "Plan Width": 16}, {"Node Type": "Materialize", "Parent Relationship": "Inner", "Startup Cost": 2315050.5, "Total Cost": 8178517145.27, "Plan Rows": 13913, "Plan Width": 59, "Plans": [{"Node Type": "Nested Loop", "Parent Relationship": "Outer", "Join Type": "Inner", "Startup Cost": 2315050.5, "Total Cost": 8178517075.7, "Plan Rows": 13913, "Plan Width": 59, "Inner Unique": false, "Join Filter": "(orders.o_custkey = customer.c_custkey)", "Plans": [{"Node Type": "Seq Scan", "Parent Relationship": "Outer", "Relation Name": "customer", "Alias": "customer", "Startup Cost": 0.0, "Total Cost": 52126.0, "Plan Rows": 1500000, "Plan Width": 27}, {"Node Type": "Materialize", "Parent Relationship": "Inner", "Startup Cost": 2315050.5, "Total Cost": 7435200032.29, "Plan Rows": 33034, "Plan Width": 40, "Plans": [{"Node Type": "Nested Loop", "Parent Relationship": "Outer", "Join Type": "Semi", "Startup Cost": 2315050.5, "Total Cost": 7435199867.12, "Plan Rows": 33034, "Plan Width": 40, "Inner Unique": false, "Join Filter": "(orders.o_orderkey = public.lineitem.l_orderkey)", "Plans": [{"Node Type": "Seq Scan", "Parent Relationship": "Outer", "Relation Name": "orders", "Alias": "orders", "Startup Cost": 0.0, "Total Cost": 426413.79, "Plan Rows": 14999479, "Plan Width": 32}, {"Node Type": "Materialize", "Parent Relationship": "Inner", "Startup Cost": 2315050.5, "Total Cost": 2381696.62, "Plan Rows": 33034, "Plan Width": 8, "Plans": [{"Node Type": "Aggregate", "Strategy": "Hashed", "Parent Relationship": "Outer", "Startup Cost": 2315050.5, "Total Cost": 2381201.11, "Plan Rows": 33034, "Plan Width": 24, "Group By Key": ["public.lineitem.l_orderkey"], "Filter": "(sum(public.lineitem.l_quantity) > 314::double precision), (LLVM Optimized)", "Plans": [{"Node Type": "Seq Scan", "Parent Relationship": "Outer", "Relation Name": "lineitem", "Alias": "lineitem", "Startup Cost": 0.0, "Total Cost": 2015115.33, "Plan Rows": 59987033, "Plan Width": 16}]}]}]}]}]}]}]}]}]}]}, "Unique SQL Id": 1915754155, "Planner Runtime": 0}, "explain_analyze_plan": null}, "(64, '127')": {"explain_plan": {"Plan": {"Node Type": "Limit", "Startup Cost": 4021424234088.76, "Total Cost": 4021424234089.01, "Plan Rows": 100, "Plan Width": 67, "Plans": [{"Node Type": "Sort", "Parent Relationship": "Outer", "Startup Cost": 4021424234088.76, "Total Cost": 4021424234404.56, "Plan Rows": 100, "Plan Width": 67, "Sort Key": ["orders.o_totalprice DESC", "orders.o_orderdate"], "Plans": [{"Node Type": "Aggregate", "Strategy": "Hashed", "Parent Relationship": "Outer", "Startup Cost": 4021424227997.65, "Total Cost": 4021424229260.86, "Plan Rows": 126321, "Plan Width": 67, "Group By Key": ["orders.o_totalprice", "orders.o_orderdate", "customer.c_name", "customer.c_custkey", "orders.o_orderkey"], "Plans": [{"Node Type": "Nested Loop", "Parent Relationship": "Outer", "Join Type": "Inner", "Startup Cost": 1030324315309.67, "Total Cost": 4021424226102.83, "Plan Rows": 126321, "Plan Width": 59, "Inner Unique": false, "Join Filter": "(orders.o_orderkey = public.lineitem.l_orderkey), (LLVM Optimized)", "Plans": [{"Node Type": "Index Scan", "Parent Relationship": "Outer", "Scan Direction": "Forward", "Index Name": "idx_lineitem_orderkey", "Relation Name": "lineitem", "Alias": "lineitem", "Startup Cost": 10000000000.0, "Total Cost": 1000324015374.5, "Plan Rows": 59987033, "Plan Width": 16}, {"Node Type": "Materialize", "Parent Relationship": "Inner", "Startup Cost": 1020324315309.67, "Total Cost": 3008581216911.18, "Plan Rows": 13913, "Plan Width": 59, "Plans": [{"Node Type": "Nested Loop", "Parent Relationship": "Outer", "Join Type": "Inner", "Startup Cost": 1020324315309.67, "Total Cost": 3008581216841.62, "Plan Rows": 13913, "Plan Width": 59, "Inner Unique": true, "Join Filter": "(orders.o_custkey = customer.c_custkey)", "Plans": [{"Node Type": "Nested Loop", "Parent Relationship": "Outer", "Join Type": "Semi", "Startup Cost": 1010324315309.67, "Total Cost": 2007829871556.0, "Plan Rows": 33034, "Plan Width": 40, "Inner Unique": false, "Join Filter": "(orders.o_orderkey = public.lineitem.l_orderkey)", "Plans": [{"Node Type": "Index Scan", "Parent Relationship": "Outer", "Scan Direction": "Forward", "Index Name": "orders_pkey", "Relation Name": "orders", "Alias": "orders", "Startup Cost": 10000000000.0, "Total Cost": 1000073097843.5, "Plan Rows": 14999479, "Plan Width": 32}, {"Node Type": "Materialize", "Parent Relationship": "Inner", "Startup Cost": 1000324315309.67, "Total Cost": 1000324381955.79, "Plan Rows": 33034, "Plan Width": 8, "Plans": [{"Node Type": "Aggregate", "Strategy": "Hashed", "Parent Relationship": "Outer", "Startup Cost": 1000324315309.67, "Total Cost": 1000324381460.28, "Plan Rows": 33034, "Plan Width": 24, "Group By Key": ["public.lineitem.l_orderkey"], "Filter": "(sum(public.lineitem.l_quantity) > 314::double precision), (LLVM Optimized)", "Plans": [{"Node Type": "Index Scan", "Parent Relationship": "Outer", "Scan Direction": "Forward", "Index Name": "idx_lineitem_orderkey", "Relation Name": "lineitem", "Alias": "lineitem", "Startup Cost": 10000000000.0, "Total Cost": 1000324015374.5, "Plan Rows": 59987033, "Plan Width": 16}]}]}]}, {"Node Type": "Materialize", "Parent Relationship": "Inner", "Startup Cost": 10000000000.0, "Total Cost": 1000008084035.62, "Plan Rows": 1500000, "Plan Width": 27, "Plans": [{"Node Type": "Index Scan", "Parent Relationship": "Outer", "Scan Direction": "Forward", "Index Name": "customer_pkey", "Relation Name": "customer", "Alias": "customer", "Startup Cost": 10000000000.0, "Total Cost": 1000008076535.62, "Plan Rows": 1500000, "Plan Width": 27}]}]}]}]}]}]}]}, "Unique SQL Id": 1915754155, "Planner Runtime": 0}, "explain_analyze_plan": null}}